TRXV5
3
4
4
9
string Extension=J
integer IsArchMeasurement=1
integer IsSpherical=1
string Generator=SPM
string GeneratorVersion=1.3.1 Dev
double ArchRadius=0.449999988079071
integer FrequencyAxisIndex=0
integer AzimuthAxisIndex=1
integer ElevationAxisIndex=2
Frequency
5 136 690000000 960000000 LIN
Azimuth
7 8 0 2.74889357189107 LIN
Elevation
7 15 -2.74889357189107 2.74889357189107 LIN
Polar H Real Part
13
Polar H Imaginary Part
14
Polar V Real Part
13
Polar V Imaginary Part
14
Polar H Magnitude (dB)
12 0xC0000002 0 1
Polar H Phase
7 0xC0000003 0 1
Polar V Magnitude (dB)
12 0xC0000002 2 3
Polar V Phase
7 0xC0000003 2 3
-0.0206642150878906 0.0105037689208984 0.0279960632324219 0.0146026611328125
0.000549316406250002 0.0197391510009766 0.00982856750488281 0.00952911376953125
0.00920581817626953 0.00656890869140625 0.00149631500244141 0.0135488510131836
0.00878429412841797 -0.000274658203125 0.0115623474121094 0.0192184448242188
0.00793647766113281 -0.00488567352294922 0.02154541015625 0.0137386322021484
0.00438308715820313 -0.0101690292358398 0.0259475708007813 0.00337982177734375
0.00329685211181641 -0.00932693481445313 0.0233726501464844 8.01086425781244E-05
0.00414419174194336 -0.00833988189697266 0.0179634094238281 0.000881195068359374
0.00828170776367188 -0.00911903381347656 0.00951480865478516 0.00393962860107422
0.0127172470092773 -0.00092315673828125 0.00183463096618652 0.00358986854553223
0.0107784271240234 0.00956153869628906 -0.00370979309082031 -0.00728750228881836
0.00182437896728516 0.0147161483764648 0.00479412078857422 -0.0158071517944336
-0.0114030838012695 0.011326789855957 0.0266342163085938 -0.0135383605957031
-0.0185623168945313 0.00668907165527344 0.0302162170410156 0.000864028930664063
-0.0270042419433594 -0.000656127929687497 0.0109386444091797 0.00423049926757813
-0.0287094116210937 0.00539207458496094 0.0192584991455078 0.0179805755615234
-0.00999832153320313 0.0190448760986328 0.0028839111328125 0.0145645141601563
0.0026092529296875 0.0107765197753906 -0.000812530517578124 0.0194320678710938
0.00587224960327148 0.00726079940795898 0.0106983184814453 0.0238456726074219
0.00910758972167969 0.00190830230712891 0.0207462310791016 0.01690673828125
0.0105781555175781 -0.00444793701171875 0.0254058837890625 0.00700569152832031
0.0104084014892578 -0.00545883178710938 0.0220565795898438 0.0034637451171875
0.009674072265625 -0.00436019897460937 0.0148487091064453 0.00397586822509766
0.0143661499023438 -0.00475215911865234 0.00580549240112305 0.00695466995239258
0.0171794891357422 0.00455856323242188 -0.00320291519165039 0.00519180297851562
0.0116100311279297 0.0158262252807617 -0.00870943069458008 -0.00688076019287109
-3.81469726562499E-05 0.0207080841064453 -0.000762939453124999 -0.0166435241699219
-0.0168981552124023 0.0143232345581055 0.0203781127929688 -0.0159416198730469
-0.0257797241210937 0.00556755065917969 0.0203666687011719 -0.0008392333984375
-0.0336818695068359 -0.00391006469726562 0.000798702239990232 0.0024268627166748
-0.0333805084228516 -0.00144386291503906 0.00751686096191406 0.0186500549316406
-0.0196533203125 0.0147151947021484 -0.00753974914550782 0.0186710357666016
-0.00675392150878906 0.0136241912841797 -0.00568771362304688 0.0253696441650391
0.00108718872070313 0.0144767761230469 0.0082550048828125 0.0282535552978516
0.00928401947021484 0.0104036331176758 0.0183887481689453 0.0196895599365234
0.0150299072265625 0.00293731689453125 0.0229339599609375 0.00981521606445313
0.0159492492675781 -0.000806808471679688 0.0174283981323242 0.00572776794433594
0.0134696960449219 -0.000189781188964844 0.00950717926025391 0.00595760345458984
0.0175933837890625 1.9073486328125E-06 -0.000161170959472655 0.00880908966064453
0.0188350677490234 0.00806999206542969 -0.00866937637329101 0.00633764266967774
0.0118408203125 0.0183639526367188 -0.0146026611328125 -0.00633716583251953
-0.000724792480468751 0.0230522155761719 -0.00650405883789063 -0.0166397094726563
-0.0186386108398438 0.0160064697265625 0.0130596160888672 -0.0166616439819336
-0.0277843475341797 0.005340576171875 0.00970363616943359 -0.000745773315429687
-0.0359840393066406 -0.00629806518554688 -0.0107707977294922 0.00100135803222656
-0.0323162078857422 -0.00853729248046875 -0.00582027435302735 0.0163297653198242
-0.0261192321777344 0.00793075561523438 -0.0197601318359375 0.0189838409423828
-0.0151882171630859 0.0137510299682617 -0.0124664306640625 0.0284843444824219
-0.0050048828125 0.019287109375 0.00398445129394531 0.0304279327392578
0.00661563873291015 0.0168094635009766 0.0143070220947266 0.0205783843994141
0.0165014266967773 0.0101337432861328 0.017974853515625 0.0109767913818359
0.0184650421142578 0.0044708251953125 0.0108852386474609 0.00668716430664063
0.0152626037597656 0.00344276428222656 0.00288629531860352 0.00699090957641602
0.0184879302978516 0.00421333312988281 -0.00640869140625 0.00980281829833984
0.0175619125366211 0.010676383972168 -0.0142173767089844 0.00716495513916015
0.0100440979003906 0.0185813903808594 -0.0187969207763672 -0.00436973571777344
-0.00173187255859375 0.0220489501953125 -0.0110645294189453 -0.0146093368530273
-0.0171051025390625 0.0148754119873047 0.00578117370605469 -0.0145063400268555
-0.0259685516357422 0.00388145446777344 -0.000846743583679201 0.000580906867980957
-0.0331516265869141 -0.00852966308593751 -0.0217819213867188 -0.000961303710937505
-0.0264034271240234 -0.0132637023925781 -0.0179786682128906 0.0103282928466797
-0.0258693695068359 0.00107765197753906 -0.0312709808349609 0.0158939361572266
-0.0200710296630859 0.0100860595703125 -0.0200557708740234 0.0288372039794922
-0.0102462768554688 0.0198726654052734 -0.000667572021484377 0.0295772552490234
0.00342750549316406 0.0190277099609375 0.00923728942871094 0.0179824829101563
0.0143833160400391 0.014979362487793 0.0106086730957031 0.00898170471191407
0.0176162719726563 0.00819778442382813 0.00268745422363281 0.00578880310058594
0.0139780044555664 0.00677967071533203 -0.00469636917114258 0.00708341598510742
0.0162277221679688 0.00760746002197266 -0.0124540328979492 0.010014533996582
0.0147180557250977 0.0122499465942383 -0.0188579559326172 0.00718879699707031
0.00683975219726563 0.0173273086547852 -0.0221576690673828 -0.003662109375
-0.00376510620117188 0.0190677642822266 -0.0128135681152344 -0.0124921798706055
-0.0166254043579102 0.0107421875 0.00113201141357422 -0.0111246109008789
-0.02166748046875 0.000251770019531253 -0.00907707214355469 0.00441455841064453
-0.0274295806884766 -0.0115127563476563 -0.0310344696044922 -0.00211524963378907
-0.0151252746582031 -0.0138158798217773 -0.0246810913085938 0.00443458557128906
-0.01837158203125 -0.00505828857421875 -0.03875732421875 0.0102462768554688
-0.0179481506347656 0.00408363342285156 -0.0249614715576172 0.0249900817871094
-0.0124044418334961 0.0139122009277344 -0.00535964965820313 0.0250740051269531
-0.00109004974365234 0.0164966583251953 0.00442123413085937 0.0137624740600586
0.00884246826171875 0.0155792236328125 0.00369024276733398 0.00600910186767578
0.0130386352539063 0.010899543762207 -0.0046086311340332 0.00369310379028321
0.011042594909668 0.00849151611328125 -0.0113315582275391 0.00578022003173828
0.0123558044433594 0.0094919204711914 -0.017094612121582 0.00815486907958984
0.0104217529296875 0.0133781433105469 -0.021820068359375 0.00485038757324219
0.00277328491210937 0.0163612365722656 -0.0222587585449219 -0.0040740966796875
-0.00675582885742187 0.0160417556762695 -0.0134115219116211 -0.0109567642211914
-0.0162181854248047 0.00574207305908203 -0.00159263610839844 -0.00808477401733399
-0.0170869827270508 -0.00530910491943359 -0.0140304565429688 0.00453948974609375
-0.0182971954345703 -0.0157470703125 -0.0361976623535156 -0.00506591796875001
-0.00160598754882813 -0.0110597610473633 -0.0280532836914063 -0.00143623352050781
-0.00462436676025391 -0.00642824172973633 -0.0401840209960937 0.00483703613281249
-0.00909423828125 -0.00269317626953125 -0.0271377563476563 0.0209674835205078
-0.00968360900878906 0.00455379486083984 -0.00711631774902344 0.0200042724609375
-0.00476884841918945 0.00835037231445313 0.0022282600402832 0.00827217102050781
0.00119590759277344 0.0121116638183594 -0.001922607421875 0.00125777721405029
0.00596237182617188 0.0117635726928711 -0.0107297897338867 0.00106525421142578
0.00532054901123047 0.00996017456054688 -0.0165948867797852 0.0036773681640625
0.00697612762451172 0.0101423263549805 -0.021331787109375 0.00626564025878907
0.00499248504638672 0.0128898620605469 -0.0245227813720703 0.00262832641601563
-0.000726699829101562 0.0142240524291992 -0.0235786437988281 -0.00601387023925781
-0.009307861328125 0.0123882293701172 -0.0126514434814453 -0.011784553527832
-0.0163373947143555 9.53674316406279E-05 -0.00210762023925781 -0.00775623321533203
-0.0109386444091797 -0.0116033554077148 -0.0154695510864258 0.00414276123046875
-0.00889396667480469 -0.0194091796875 -0.0382194519042969 -0.00816726684570313
0.0118122100830078 -0.00697517395019531 -0.02337646484375 -0.00326919555664062
0.00811624526977539 -0.00681066513061523 -0.0357246398925781 0.00215911865234375
0.00157642364501953 -0.0075221061706543 -0.0255584716796875 0.01763916015625
-0.00482606887817383 -0.00601291656494141 -0.00681972503662109 0.0166215896606445
-0.00677871704101562 -0.000880241394042968 0.00152444839477539 0.00562953948974609
-0.00686740875244141 0.00639915466308594 -0.00387692451477051 -0.00183439254760742
-0.00213527679443359 0.0101985931396484 -0.0126533508300781 -0.002227783203125
-0.00065135955810547 0.0090017318725586 -0.0192317962646484 0.000818252563476561
0.00101375579833984 0.00933933258056641 -0.0233535766601562 0.00245857238769532
-0.000319480895996094 0.0108060836791992 -0.0251865386962891 -0.00174331665039062
-0.00396251678466797 0.0105228424072266 -0.0226306915283203 -0.00897216796875
-0.00999355316162109 0.00782489776611328 -0.0122642517089844 -0.0133829116821289
-0.0140485763549805 -0.00468921661376953 -0.00363540649414062 -0.0102243423461914
-0.00530242919921875 -0.0151748657226563 -0.0157794952392578 -0.00198459625244141
0.002288818359375 -0.0205001831054688 -0.0356597900390625 -0.0140151977539062
-0.0205745697021484 0.0149211883544922 0.0318260192871094 0.015625
0.00361442565917969 0.0217170715332031 0.0124397277832031 0.0102729797363281
0.0120077133178711 0.00530529022216797 0.00323677062988281 0.0136880874633789
0.00988674163818359 -0.00243949890136719 0.0128536224365234 0.0198230743408203
0.00729990005493164 -0.00721120834350586 0.0234737396240234 0.0135841369628906
0.00310707092285156 -0.0123138427734375 0.0278797149658203 0.00297927856445312
0.00173759460449219 -0.0108242034912109 0.0262470245361328 -0.000814437866210938
0.00249767303466797 -0.00952053070068359 0.0198879241943359 0.000518798828124999
0.0071258544921875 -0.0113744735717773 0.0119342803955078 0.00466251373291016
0.0137615203857422 -0.00377559661865234 0.0028376579284668 0.00536203384399414
0.0134830474853516 0.00816440582275391 -0.00448465347290039 -0.0058283805847168
0.00498485565185547 0.0155029296875 0.00314998626708984 -0.0163478851318359
-0.0107507705688477 0.0147886276245117 0.0267562866210938 -0.0160446166992188
-0.0204849243164062 0.0107517242431641 0.0331859588623047 -0.000705718994140624
-0.0299148559570313 0.00338554382324219 0.0131320953369141 0.00577640533447266
-0.0294857025146484 0.00925064086914062 0.0225811004638672 0.0208091735839844
-0.00766563415527344 0.0210914611816406 0.00571727752685547 0.0172204971313477
0.00408649444580078 0.0103721618652344 0.00103759765625 0.0200042724609375
0.00699234008789063 0.00612163543701172 0.0125522613525391 0.0247745513916016
0.0094900131225586 0.000512123107910156 0.0233669281005859 0.0176486968994141
0.00977039337158203 -0.00589370727539063 0.0285453796386719 0.0068206787109375
0.00961875915527344 -0.00708866119384766 0.0250091552734375 0.00294113159179687
0.00900840759277344 -0.00539684295654297 0.0178432464599609 0.00407028198242188
0.014561653137207 -0.00689125061035156 0.00864887237548828 0.0081171989440918
0.0186405181884766 0.00247573852539063 -0.00164175033569336 0.00730419158935547
0.0142784118652344 0.0153446197509766 -0.00976943969726562 -0.00452613830566406
0.00231361389160156 0.0227241516113281 -0.0023956298828125 -0.0163679122924805
-0.0174980163574219 0.0176563262939453 0.0197067260742188 -0.0180549621582031
-0.0285053253173828 0.00876808166503906 0.0225410461425781 -0.0009918212890625
-0.0378265380859375 -0.000755310058593758 0.00165510177612304 0.00484466552734375
-0.0353813171386719 0.000232696533203132 0.00949668884277343 0.0226726531982422
-0.0200443267822266 0.0165367126464844 -0.00544357299804688 0.0221118927001953
-0.00624752044677734 0.0141191482543945 -0.00371360778808594 0.0268726348876953
0.00150585174560547 0.0147933959960937 0.0105457305908203 0.0295677185058594
0.00963783264160156 0.00967693328857422 0.0214443206787109 0.0207614898681641
0.0155191421508789 0.0022735595703125 0.0256156921386719 0.00995063781738281
0.0167102813720703 -0.00158977508544922 0.0208625793457031 0.00590896606445313
0.0143527984619141 -0.000870704650878906 0.0125617980957031 0.00668907165527344
0.0188446044921875 -0.00124168395996094 0.00289058685302734 0.0110311508178711
0.0208263397216797 0.00719833374023437 -0.00746631622314453 0.00934696197509766
0.0138568878173828 0.0190849304199219 -0.0155754089355469 -0.00326156616210937
0.000881195068359378 0.0253772735595703 -0.00870990753173828 -0.0150318145751953
-0.0193958282470703 0.0193195343017578 0.0117359161376953 -0.0180778503417969
-0.0315170288085938 0.00772285461425781 0.0104913711547852 -0.000134468078613281
-0.0403175354003906 -0.00420761108398437 -0.0108547210693359 0.00419425964355469
-0.0353012084960938 -0.00857925415039063 -0.00456428527832031 0.0212574005126953
-0.0280437469482422 0.00838470458984374 -0.0187873840332031 0.0233383178710938
-0.0161733627319336 0.0147981643676758 -0.0107192993164062 0.0312404632568359
-0.00531387329101563 0.0206642150878906 0.00587844848632813 0.0324459075927734
0.0073699951171875 0.0172739028930664 0.0167102813720703 0.0215988159179688
0.0180110931396484 0.0104217529296875 0.0208511352539063 0.0114040374755859
0.0204048156738281 0.00392532348632813 0.0135927200317383 0.00719261169433594
0.0168323516845703 0.00364112854003906 0.00511312484741211 0.00818395614624024
0.0204067230224609 0.00373649597167969 -0.00363922119140625 0.0118141174316406
0.0201606750488281 0.01123046875 -0.0125789642333984 0.0100765228271484
0.0114459991455078 0.0197162628173828 -0.0195388793945313 -0.00129890441894531
-0.000692367553710938 0.0247783660888672 -0.0125102996826172 -0.0125465393066406
-0.0187911987304687 0.017578125 0.00440883636474609 -0.0149631500244141
-0.0293960571289062 0.00512504577636719 -0.000469803810119631 0.00218117237091065
-0.0374755859375 -0.00785064697265625 -0.0233898162841797 0.00261688232421875
-0.0299434661865234 -0.0152835845947266 -0.0190315246582031 0.014862060546875
-0.0289726257324219 -3.24249267578116E-05 -0.0317287445068359 0.0209426879882812
-0.0224742889404297 0.0109958648681641 -0.0186061859130859 0.0326900482177734
-0.01153564453125 0.0218276977539062 0.000947952270507812 0.0316829681396484
0.00368690490722656 0.0210800170898438 0.0113353729248047 0.0188980102539063
0.0163669586181641 0.0164365768432617 0.0129280090332031 0.00979995727539063
0.0204925537109375 0.00903129577636719 0.00478839874267578 0.00643253326416016
0.0170392990112305 0.00810337066650391 -0.00322580337524414 0.00807046890258789
0.0186481475830078 0.00837516784667969 -0.0106906890869141 0.0120887756347656
0.0172700881958008 0.0138082504272461 -0.0177822113037109 0.0100784301757813
0.00812530517578125 0.0200138092041016 -0.0223407745361328 -0.00076103210449219
-0.00374031066894531 0.0222263336181641 -0.0147085189819336 -0.0105924606323242
-0.0189743041992188 0.0127830505371094 0.000375747680664062 -0.0107841491699219
-0.025604248046875 -1.71661376953138E-05 -0.00889205932617188 0.006378173828125
-0.0316162109375 -0.0128536224365234 -0.0337314605712891 0.00120162963867187
-0.0170469284057617 -0.0175409317016602 -0.0274162292480469 0.00776100158691406
-0.0215663909912109 -0.00731468200683594 -0.0405044555664062 0.0143775939941406
-0.0206012725830078 0.00396347045898437 -0.0252285003662109 0.02880859375
-0.0147905349731445 0.0161495208740234 -0.00440788269042969 0.0271739959716797
-0.00174522399902344 0.0190219879150391 0.00559902191162109 0.0142059326171875
0.0107822418212891 0.0183467864990234 0.00516796112060547 0.00627803802490234
0.0162982940673828 0.0125322341918945 -0.0042414665222168 0.00450372695922852
0.0138177871704102 0.0105218887329102 -0.0108060836791992 0.00682258605957032
0.0154743194580078 0.0114068984985352 -0.0163888931274414 0.0100669860839844
0.0128812789916992 0.0159006118774414 -0.0214977264404297 0.00732803344726562
0.00365829467773438 0.0189952850341797 -0.0228748321533203 -0.00201034545898438
-0.00793838500976562 0.0191478729248047 -0.0140695571899414 -0.00957107543945312
-0.0194873809814453 0.00672531127929687 -0.00223255157470703 -0.00759029388427734
-0.0209712982177734 -0.00672721862792968 -0.0147438049316406 0.00684738159179687
-0.0220165252685547 -0.0186119079589844 -0.0388946533203125 -0.002593994140625
-0.00158214569091797 -0.0150003433227539 -0.0313472747802734 0.000312805175781243
-0.00637149810791016 -0.0104742050170898 -0.0429000854492188 0.0082244873046875
-0.0119504928588867 -0.00380134582519531 -0.026947021484375 0.0248222351074219
-0.0127830505371094 0.00540542602539063 -0.00629234313964844 0.0218715667724609
-0.00592231750488281 0.0107440948486328 0.0023188591003418 0.00824213027954102
0.00193023681640625 0.0154132843017578 -0.00220060348510742 0.00129342079162598
0.00878143310546875 0.0137777328491211 -0.011357307434082 0.001068115234375
0.00780200958251953 0.01202392578125 -0.0172452926635742 0.00468826293945312
0.00939083099365235 0.0125608444213867 -0.0212364196777344 0.00746536254882812
0.00726413726806641 0.0156774520874023 -0.0241718292236328 0.00397109985351563
-0.000247955322265626 0.0172281265258789 -0.0239772796630859 -0.00445747375488281
-0.00997066497802734 0.0156793594360352 -0.0140972137451172 -0.0107660293579102
-0.0199794769287109 0.00106430053710938 -0.00286245346069336 -0.00751876831054688
-0.0153303146362305 -0.0140237808227539 -0.017003059387207 0.00571537017822265
-0.0120639801025391 -0.0230560302734375 -0.0416946411132812 -0.00697708129882813
0.0131330490112305 -0.0112533569335938 -0.0266361236572266 -0.00269889831542969
0.00816440582275391 -0.0115604400634766 -0.0386199951171875 0.00460052490234375
-0.000397682189941407 -0.0100688934326172 -0.0255031585693359 0.0207080841064453
-0.0079340934753418 -0.00616979598999024 -0.00556755065917969 0.0177936553955078
-0.00876951217651367 0.000975131988525392 0.0022273063659668 0.00471973419189453
-0.00638961791992187 0.00993633270263672 -0.00460243225097656 -0.00247716903686523
-0.000164985656738283 0.0128974914550781 -0.0147523880004883 -0.00217342376708984
0.00149059295654297 0.011260986328125 -0.0211563110351563 0.00135612487792969
0.00317287445068359 0.0116510391235352 -0.0248260498046875 0.00353813171386719
0.00174713134765625 0.0136203765869141 -0.0263938903808594 -0.0014495849609375
-0.00306987762451172 0.0136756896972656 -0.024017333984375 -0.00837135314941407
-0.0112991333007812 0.0108442306518555 -0.0136327743530273 -0.0135431289672852
-0.017491340637207 -0.00329017639160156 -0.00445556640625 -0.0100870132446289
-0.00900077819824219 -0.0176811218261719 -0.0176582336425781 -0.00131607055664062
-0.000120162963867189 -0.0248508453369141 -0.0395278930664063 -0.0142250061035156
-0.0178318023681641 0.0188426971435547 0.0356254577636719 0.0163116455078125
0.00772476196289062 0.0225028991699219 0.0151386260986328 0.0100011825561523
0.0138273239135742 0.00328826904296875 0.00417804718017578 0.0134820938110352
0.0101652145385742 -0.00495433807373047 0.0137825012207031 0.01983642578125
0.00619220733642578 -0.00951194763183594 0.0248031616210938 0.013336181640625
0.000164985656738281 -0.0139341354370117 0.0293674468994141 0.00223731994628906
-0.000486373901367188 -0.0113325119018555 0.0281963348388672 -0.00145912170410156
0.000578880310058594 -0.010345458984375 0.0222759246826172 -0.000436782836914063
0.00491619110107422 -0.013361930847168 0.014887809753418 0.00489425659179687
0.0133981704711914 -0.00675296783447266 0.00481939315795899 0.00660324096679688
0.0158300399780273 0.00626277923583984 -0.0048527717590332 -0.00388860702514648
0.00821685791015625 0.0155372619628906 0.00185298919677735 -0.0151920318603516
-0.00865364074707031 0.0178508758544922 0.0256805419921875 -0.0188026428222656
-0.0203571319580078 0.0155963897705078 0.0352630615234375 -0.00273895263671875
-0.0312709808349609 0.00854873657226563 0.0161275863647461 0.00694179534912109
-0.0292797088623047 0.0122890472412109 0.0269870758056641 0.0229949951171875
-0.00555610656738281 0.0218486785888672 0.00904655456542969 0.0178585052490234
0.00600528717041016 0.00955772399902344 0.00263023376464844 0.0204067230224609
0.00744295120239258 0.00429773330688477 0.0141506195068359 0.0253276824951172
0.00883960723876953 -0.000757217407226563 0.0252285003662109 0.0175933837890625
0.00823783874511719 -0.00710344314575195 0.0303440093994141 0.00613212585449219
0.00866937637329102 -0.00776195526123047 0.0279178619384766 0.00243759155273437
0.00879764556884766 -0.00614643096923828 0.0207595825195313 0.00386810302734375
0.0133857727050781 -0.00821590423583984 0.0118513107299805 0.00898933410644531
0.0188503265380859 0.000566482543945313 0.000856399536132813 0.00947475433349609
0.0164375305175781 0.0139245986938477 -0.00946903228759765 -0.00174808502197266
0.00487709045410157 0.0231418609619141 -0.00384521484375 -0.0143613815307617
-0.0162544250488281 0.0212860107421875 0.018463134765625 -0.0194377899169922
-0.0295486450195313 0.0133991241455078 0.0243663787841797 -0.00207710266113281
-0.0403289794921875 0.00362396240234375 0.00356960296630859 0.00722789764404297
-0.0371551513671875 0.00262451171875 0.0136871337890625 0.0258369445800781
-0.0190258026123047 0.0177497863769531 -0.0020294189453125 0.0240859985351563
-0.00590991973876953 0.0144901275634766 -0.000831604003906253 0.0278396606445313
0.00208854675292969 0.0146923065185547 0.0126781463623047 0.0306911468505859
0.0100126266479492 0.00941753387451172 0.0237903594970703 0.0210018157958984
0.0153541564941406 0.00128746032714844 0.0287456512451172 0.00937271118164063
0.0165624618530273 -0.00272274017333984 0.023681640625 0.00543022155761719
0.0152864456176758 -0.00105094909667969 0.0155973434448242 0.0066070556640625
0.0192356109619141 -0.00237464904785156 0.00635242462158203 0.011805534362793
0.0219745635986328 0.00653648376464844 -0.00462722778320312 0.011662483215332
0.0159492492675781 0.0186920166015625 -0.0148220062255859 0.000282287597656249
0.00297355651855469 0.027130126953125 -0.00968742370605469 -0.0126543045043945
-0.0192413330078125 0.0218963623046875 0.0105762481689453 -0.0182247161865234
-0.0338344573974609 0.01092529296875 0.0120935440063477 0.000205039978027344
-0.0435600280761719 -0.00106048583984376 -0.0100612640380859 0.00753593444824219
-0.037994384765625 -0.00775527954101562 -0.00183486938476563 0.0251693725585938
-0.0294094085693359 0.00953865051269531 -0.0158710479736328 0.0269145965576172
-0.0169315338134766 0.0157470703125 -0.00778579711914063 0.0330047607421875
-0.00509071350097656 0.0222396850585938 0.00829887390136719 0.0336399078369141
0.0083770751953125 0.0183238983154297 0.0193672180175781 0.0221157073974609
0.01904296875 0.0104808807373047 0.0234794616699219 0.0109882354736328
0.0221633911132813 0.00332832336425781 0.0164175033569336 0.00681972503662109
0.0187263488769531 0.00376319885253906 0.00830221176147461 0.00818395614624023
0.0219402313232422 0.00347137451171875 -0.000496864318847654 0.0127696990966797
0.0220279693603516 0.0112342834472656 -0.00982952117919922 0.01220703125
0.0136089324951172 0.0211009979248047 -0.0185050964355469 0.00157546997070313
0.000289916992187501 0.0264453887939453 -0.0135269165039063 -0.0100975036621094
-0.0199317932128906 0.0198135375976562 0.00334453582763672 -0.0144205093383789
-0.0327243804931641 0.00692367553710937 0.000304937362670897 0.00369644165039063
-0.0416908264160156 -0.00628662109375 -0.0228691101074219 0.00646781921386719
-0.0327892303466797 -0.0160026550292969 -0.0178241729736328 0.0196208953857422
-0.0324230194091797 -5.91278076171817E-05 -0.0302810668945312 0.0249271392822266
-0.0244865417480469 0.0124111175537109 -0.0163364410400391 0.0349483489990234
-0.0122165679931641 0.0241622924804688 0.00301551818847656 0.0329570770263672
0.00427818298339844 0.0230274200439453 0.0131587982177734 0.0193805694580078
0.0188255310058594 0.0172767639160156 0.015040397644043 0.00939750671386719
0.0230579376220703 0.00869178771972656 0.00652933120727539 0.00694036483764649
0.0193843841552734 0.00840187072753906 -0.000989913940429687 0.00891208648681641
0.0218467712402344 0.00868034362792969 -0.00816917419433593 0.0130796432495117
0.0199031829833984 0.0148448944091797 -0.0153017044067383 0.0117883682250977
0.00971221923828125 0.0221652984619141 -0.021453857421875 0.00222969055175782
-0.00346565246582031 0.0253982543945313 -0.0146303176879883 -0.0084381103515625
-0.0211524963378906 0.0150814056396484 -7.05718994140632E-05 -0.00973129272460937
-0.0292987823486328 0.000421524047851562 -0.00828599929809571 0.00862503051757813
-0.0363044738769531 -0.0125465393066406 -0.0339279174804688 0.00562286376953125
-0.0200519561767578 -0.0204257965087891 -0.0284194946289063 0.0119304656982422
-0.0250415802001953 -0.00878524780273438 -0.0404586791992188 0.0189895629882813
-0.0238590240478516 0.0047454833984375 -0.0227985382080078 0.031829833984375
-0.0166072845458984 0.0188713073730469 -0.0028533935546875 0.0285491943359375
-0.00181961059570313 0.0219230651855469 0.00681877136230469 0.0144586563110352
0.0135898590087891 0.0202083587646484 0.00616073608398438 0.00624656677246094
0.0200481414794922 0.0131149291992187 -0.00328779220581055 0.00491142272949219
0.0166120529174805 0.0113086700439453 -0.00980472564697265 0.00763607025146485
0.0187664031982422 0.0120182037353516 -0.0149374008178711 0.0111093521118164
0.0161161422729492 0.017298698425293 -0.0196876525878906 0.00880813598632813
0.00544166564941406 0.0219898223876953 -0.0218563079833984 0.000120162963867192
-0.00708770751953125 0.022491455078125 -0.0141820907592773 -0.00782585144042969
-0.0218181610107422 0.00919532775878907 -0.00249814987182617 -0.00619268417358398
-0.0254859924316406 -0.0072174072265625 -0.0141019821166992 0.00960159301757812
-0.0265693664550781 -0.0199680328369141 -0.04052734375 0.00070571899414063
-0.0035247802734375 -0.0189476013183594 -0.0332736968994141 0.0035552978515625
-0.00972270965576172 -0.0140199661254883 -0.0441703796386719 0.011871337890625
-0.0154085159301758 -0.00461959838867188 -0.0257759094238281 0.0272159576416016
-0.0150051116943359 0.00715351104736328 -0.00482940673828125 0.0225734710693359
-0.00702762603759765 0.0140056610107422 0.00293350219726562 0.00797033309936523
0.00443649291992187 0.0183849334716797 -0.00173211097717285 0.00126266479492188
0.0121831893920898 0.0149736404418945 -0.0121612548828125 0.00193309783935547
0.0112371444702148 0.0128211975097656 -0.0174407958984375 0.00609970092773437
0.0131149291992188 0.0140056610107422 -0.0213527679443359 0.0086517333984375
0.01055908203125 0.0176677703857422 -0.0236244201660156 0.00522041320800782
0.00185775756835938 0.0200996398925781 -0.0236434936523438 -0.00344657897949218
-0.00995635986328125 0.0194034576416016 -0.0137243270874023 -0.0100030899047852
-0.0228271484375 0.00327873229980469 -0.0034174919128418 -0.00649118423461914
-0.0202045440673828 -0.0146064758300781 -0.0175561904907227 0.00755882263183593
-0.0164299011230469 -0.0255317687988281 -0.0444068908691406 -0.00497817993164062
0.0132932662963867 -0.0159740447998047 -0.0296783447265625 -0.00146484375
0.00634479522705078 -0.0154190063476563 -0.0403938293457031 0.00698089599609375
-0.00319099426269531 -0.0119609832763672 -0.0243949890136719 0.0228958129882813
-0.0109624862670898 -0.00553989410400391 -0.00467777252197266 0.0174760818481445
-0.0107927322387695 0.00353336334228516 0.0021517276763916 0.00346660614013672
-0.00506114959716797 0.0130577087402344 -0.00555086135864258 -0.00352287292480469
0.0029916763305664 0.0149078369140625 -0.0165166854858398 -0.00216484069824219
0.00451374053955078 0.0123472213745117 -0.0223522186279297 0.00238227844238281
0.00600433349609375 0.0128364562988281 -0.0257320404052734 0.00484466552734375
0.00485897064208984 0.0154600143432617 -0.0270462036132813 -9.72747802734368E-05
-0.00144863128662109 0.0159530639648438 -0.0244693756103516 -0.00749969482421875
-0.0112199783325195 0.0144338607788086 -0.0140714645385742 -0.0126991271972656
-0.0203742980957031 -0.00130081176757812 -0.00497722625732422 -0.00960636138916016
-0.013458251953125 -0.0188713073730469 -0.0192966461181641 0.000139236450195316
-0.00396347045898438 -0.0278186798095703 -0.0427398681640625 -0.0137138366699219
-0.0149803161621094 0.0209751129150391 0.0392341613769531 0.0160713195800781
0.0112667083740234 0.0214271545410156 0.0183429718017578 0.00936317443847656
0.0152683258056641 0.000919342041015625 0.0050048828125 0.0132408142089844
0.0100879669189453 -0.00704383850097656 0.0142307281494141 0.0198879241943359
0.00447559356689453 -0.0105123519897461 0.0255756378173828 0.0134696960449219
-0.00252056121826172 -0.0143527984619141 0.03070068359375 0.00199127197265625
-0.00266933441162109 -0.0113143920898438 0.0297985076904297 -0.00258255004882813
-0.000862121582031249 -0.0102157592773438 0.0245227813720703 -0.00107955932617188
0.00240421295166016 -0.0146369934082031 0.0168781280517578 0.00455093383789062
0.0126104354858398 -0.00888729095458984 0.00763559341430664 0.00737857818603516
0.0166645050048828 0.00364494323730469 -0.00343084335327148 -0.00187492370605469
0.0103883743286133 0.0145339965820313 0.00129318237304688 -0.0139780044555664
-0.00599479675292969 0.0197544097900391 0.0247154235839844 -0.0194263458251953
-0.0192489624023437 0.0194320678710938 0.0368537902832031 -0.00428009033203125
-0.0303325653076172 0.0133438110351562 0.0188064575195312 0.00764846801757813
-0.0275726318359375 0.0144596099853516 0.0312976837158203 0.0237560272216797
-0.00307083129882812 0.0219097137451172 0.012598991394043 0.0174322128295898
0.00638771057128906 0.00811052322387695 0.00452041625976563 0.0201320648193359
0.00745487213134766 0.00314140319824219 0.0150470733642578 0.0258426666259766
0.00732755661010742 -0.00165176391601563 0.0267925262451172 0.0175495147705078
0.0065922737121582 -0.00758218765258789 0.0326786041259766 0.005828857421875
0.0077052116394043 -0.00821208953857422 0.0302581787109375 0.00121879577636719
0.00805091857910156 -0.00634241104125977 0.0236568450927734 0.00290107727050781
0.0119848251342773 -0.00945568084716797 0.0153331756591797 0.00828170776367187
0.019256591796875 -0.0012664794921875 0.00422191619873047 0.0105705261230469
0.0180320739746094 0.0129547119140625 -0.00814342498779297 0.000752449035644532
0.00722503662109375 0.0230350494384766 -0.00439262390136719 -0.0122308731079102
-0.0144405364990234 0.0232658386230469 0.0170726776123047 -0.0196514129638672
-0.0298671722412109 0.0169315338134766 0.0258941650390625 -0.00292205810546875
-0.04107666015625 0.00793457031249999 0.00661659240722656 0.00918102264404297
-0.0371246337890625 0.00410461425781251 0.0174541473388672 0.0278167724609375
-0.0190372467041016 0.0181694030761719 0.00165939331054688 0.0247116088867187
-0.00564861297607422 0.0139255523681641 0.0010833740234375 0.0275592803955078
0.00191974639892578 0.0146360397338867 0.0141754150390625 0.0308456420898437
0.00945758819580078 0.00936508178710938 0.0255813598632813 0.0209674835205078
0.0148849487304687 0.00107383728027344 0.0312385559082031 0.00901603698730469
0.0172433853149414 -0.00329017639160156 0.0267162322998047 0.004302978515625
0.0155916213989258 -0.00115203857421875 0.0188999176025391 0.00564193725585937
0.0196800231933594 -0.00295066833496094 0.0100994110107422 0.0116539001464844
0.0231380462646484 0.00558090209960938 -0.000699043273925779 0.0128183364868164
0.0173454284667969 0.0186653137207031 -0.0130643844604492 0.00286006927490235
0.00501823425292969 0.0275936126708984 -0.00980091094970703 -0.0103702545166016
-0.0187625885009766 0.0241222381591797 0.00943756103515625 -0.0176010131835938
-0.0354080200195312 0.0140304565429688 0.0134172439575195 8.96453857421884E-05
-0.0457725524902344 0.00198745727539062 -0.00754547119140625 0.0103750228881836
-0.0400619506835938 -0.00702285766601562 0.00123977661132812 0.0281944274902344
-0.0309600830078125 0.0105819702148438 -0.0127391815185547 0.0289173126220703
-0.0176296234130859 0.0166225433349609 -0.00554466247558594 0.0329532623291016
-0.0051727294921875 0.0235595703125 0.0102405548095703 0.0342044830322266
0.00861930847167969 0.0191974639892578 0.0214824676513672 0.0221481323242188
0.0206298828125 0.0104217529296875 0.0263748168945313 0.0102691650390625
0.0235671997070313 0.00282669067382813 0.0188045501708984 0.00628471374511719
0.0203876495361328 0.0037994384765625 0.0106897354125977 0.00748729705810547
0.0235233306884766 0.00323677062988281 0.00270748138427734 0.0128116607666016
0.0238552093505859 0.0110721588134766 -0.00653266906738281 0.013514518737793
0.0152492523193359 0.0219554901123047 -0.0163354873657227 0.00387763977050782
0.001617431640625 0.0283432006835938 -0.0125999450683594 -0.00774288177490234
-0.0202922821044922 0.0219802856445313 0.00343227386474609 -0.0133399963378906
-0.0352401733398437 0.00897979736328125 0.00191068649291992 0.00516939163208008
-0.0448760986328125 -0.00442123413085937 -0.0210380554199219 0.00995826721191406
-0.0361442565917969 -0.0171470642089844 -0.0163822174072266 0.0228996276855469
-0.0355453491210938 0.000339508056640618 -0.0280723571777344 0.0275192260742187
-0.0261478424072266 0.0138015747070313 -0.0139045715332031 0.0355072021484375
-0.0123481750488281 0.0269050598144531 0.00473403930664062 0.033477783203125
0.0055999755859375 0.0254364013671875 0.0150032043457031 0.0192489624023438
0.0214653015136719 0.0179901123046875 0.0174684524536133 0.00898551940917969
0.0258312225341797 0.008514404296875 0.00835990905761719 0.00641822814941406
0.0219020843505859 0.00829124450683594 0.00139427185058594 0.00850296020507813
0.0243568420410156 0.00858116149902344 -0.00554656982421875 0.0127077102661133
0.0225067138671875 0.015655517578125 -0.0123481750488281 0.012547492980957
0.0118293762207031 0.0238780975341797 -0.0191249847412109 0.0034942626953125
-0.00213813781738281 0.02783203125 -0.0140476226806641 -0.00636672973632813
-0.0222740173339844 0.0176124572753906 4.81605529785143E-05 -0.00850963592529297
-0.0333538055419922 0.00204277038574218 -0.00640583038330078 0.0103111267089844
-0.0404167175292969 -0.0114936828613281 -0.0330066680908203 0.00884437561035156
-0.0238590240478516 -0.0225391387939453 -0.0281944274902344 0.0154075622558594
-0.0295848846435547 -0.00968551635742188 -0.0394058227539063 0.0222892761230469
-0.0266075134277344 0.00597000122070313 -0.0205669403076172 0.0329074859619141
-0.0175380706787109 0.0215244293212891 -0.00146484375 0.0287303924560547
-0.000520706176757812 0.0247344970703125 0.00777244567871094 0.014124870300293
0.0166149139404297 0.0217323303222656 0.00740861892700195 0.00593709945678711
0.0232582092285156 0.0128517150878906 -0.00266885757446289 0.00515651702880859
0.0198917388916016 0.0115871429443359 -0.00867557525634766 0.00765419006347656
0.0222568511962891 0.0121974945068359 -0.0136470794677734 0.0111322402954102
0.0192089080810547 0.0180778503417969 -0.0177059173583984 0.00927543640136718
0.00762748718261719 0.0239486694335937 -0.0207500457763672 0.00097084045410156
-0.00651168823242188 0.0258293151855469 -0.0133037567138672 -0.00641822814941406
-0.0243053436279297 0.0119247436523438 -0.00185823440551758 -0.0054473876953125
-0.0298480987548828 -0.00610923767089844 -0.0131349563598633 0.0111360549926758
-0.0314350128173828 -0.0201072692871094 -0.0408401489257813 0.00383377075195312
-0.00641441345214844 -0.0231990814208984 -0.0350875854492188 0.00661087036132813
-0.0141534805297852 -0.0162782669067383 -0.0446205139160156 0.0150642395019531
-0.0187397003173828 -0.00439834594726563 -0.0240802764892578 0.0289726257324219
-0.0174903869628906 0.0102710723876953 -0.00373077392578125 0.0224475860595703
-0.00629711151123047 0.0172920227050781 0.00336170196533203 0.00755119323730469
0.00727462768554687 0.0209617614746094 -0.00161099433898926 0.00109124183654785
0.015986442565918 0.0154056549072266 -0.0121755599975586 0.00260162353515625
0.0144948959350586 0.0133304595947266 -0.0177726745605469 0.00672149658203126
0.0166196823120117 0.0142345428466797 -0.0207710266113281 0.00899505615234375
0.0143280029296875 0.0186977386474609 -0.0230598449707031 0.00558090209960937
0.00415992736816406 0.0222606658935547 -0.0230598449707031 -0.00229454040527344
-0.00930213928222656 0.0229949951171875 -0.0134468078613281 -0.00892448425292969
-0.0247383117675781 0.006103515625 -0.00274753570556641 -0.00563430786132813
-0.0251140594482422 -0.0138607025146484 -0.0173358917236328 0.0094146728515625
-0.0209064483642578 -0.026641845703125 -0.0456428527832031 -0.00272369384765626
0.0112705230712891 -0.0202159881591797 -0.0321865081787109 -7.24792480468739E-05
0.00348663330078125 -0.0188407897949219 -0.0416145324707031 0.00963592529296874
-0.00626659393310547 -0.0130443572998047 -0.0229053497314453 0.0240039825439453
-0.0134859085083008 -0.00390911102294922 -0.00392627716064453 0.0169086456298828
-0.010899543762207 0.00628280639648438 0.00157475471496582 0.00223684310913086
-0.00280094146728516 0.0154914855957031 -0.00670719146728516 -0.00391674041748047
0.00637245178222656 0.0154876708984375 -0.0178585052490234 -0.00131988525390625
0.00723838806152344 0.0127849578857422 -0.0236358642578125 0.00344085693359375
0.00928306579589844 0.0133056640625 -0.0268001556396484 0.00570106506347656
0.00785636901855469 0.0161752700805664 -0.0273380279541016 0.000102996826171879
0.0006256103515625 0.0180301666259766 -0.0244998931884766 -0.00709915161132812
-0.0102272033691406 0.0172853469848633 -0.0139198303222656 -0.011993408203125
-0.0219612121582031 0.00126838684082032 -0.00502443313598633 -0.00837469100952148
-0.0173416137695313 -0.0186767578125 -0.0204524993896484 0.00204277038574219
-0.00785446166992188 -0.0298500061035156 -0.0455055236816406 -0.012298583984375
-0.012115478515625 0.0226612091064453 0.0427360534667969 0.0160369873046875
0.0139179229736328 0.0207843780517578 0.0201988220214844 0.00830078125
0.0162429809570313 -0.00116920471191406 0.00531101226806641 0.0126771926879883
0.00908374786376953 -0.00904560089111328 0.0144481658935547 0.0210742950439453
0.00302600860595703 -0.0114936828613281 0.0270824432373047 0.0140495300292969
-0.00480175018310547 -0.0139408111572266 0.0323295593261719 0.002197265625
-0.00477123260498047 -0.010960578918457 0.0323276519775391 -0.00362777709960938
-0.00273799896240234 -0.00990486145019531 0.0267658233642578 -0.00204086303710938
0.000272750854492188 -0.0145177841186523 0.0198802947998047 0.00407218933105469
0.0107240676879883 -0.0106000900268555 0.0100250244140625 0.00782299041748047
0.0174674987792969 0.00147056579589844 -0.0021815299987793 0.000109553337097168
0.0124025344848633 0.0131254196166992 0.00183868408203125 -0.0124197006225586
-0.00361251831054687 0.0212230682373047 0.0241470336914063 -0.0197601318359375
-0.0173377990722656 0.0228176116943359 0.0384063720703125 -0.00565338134765625
-0.0291576385498047 0.0170364379882812 0.0227737426757812 0.00774002075195313
-0.026763916015625 0.0152873992919922 0.0350303649902344 0.0245494842529297
-0.00136184692382812 0.0216274261474609 0.0157241821289062 0.0171356201171875
0.00685262680053711 0.00659513473510742 0.00507164001464844 0.0194625854492188
0.00661420822143555 0.0026702880859375 0.0160617828369141 0.0262336730957031
0.00650596618652344 -0.00191402435302734 0.0285148620605469 0.0184478759765625
0.0052647590637207 -0.00740146636962891 0.0347480773925781 0.00541305541992187
0.00665521621704102 -0.0080413818359375 0.0332355499267578 0.000154495239257812
0.00738811492919922 -0.0063176155090332 0.0264816284179688 0.00130462646484375
0.0111989974975586 -0.00937366485595703 0.018585205078125 0.00802421569824219
0.0182895660400391 -0.00220108032226562 0.00742816925048828 0.0113658905029297
0.0188922882080078 0.0118618011474609 -0.00611162185668945 0.00303459167480469
0.00914955139160156 0.0228271484375 -0.00342273712158203 -0.0105953216552734
-0.0131721496582031 0.0244522094726563 0.0169658660888672 -0.0187168121337891
-0.0300502777099609 0.0202064514160156 0.0274524688720703 -0.00288009643554687
-0.0414962768554688 0.0113677978515625 0.010040283203125 0.0108451843261719
-0.0382614135742187 0.005218505859375 0.0214996337890625 0.0295906066894531
-0.0197429656982422 0.0185260772705078 0.005035400390625 0.0251483917236328
-0.00680637359619141 0.0140504837036133 0.00199699401855468 0.0274848937988281
0.00106716156005859 0.0150852203369141 0.0153827667236328 0.0310783386230469
0.00915813446044922 0.0100107192993164 0.0274028778076172 0.0215110778808594
0.0150470733642578 0.00146293640136719 0.0334568023681641 0.0080413818359375
0.0179176330566406 -0.00299644470214844 0.0297584533691406 0.00328636169433594
0.0164251327514648 -0.00119400024414063 0.0217628479003906 0.00479698181152344
0.0198211669921875 -0.00298690795898438 0.0129938125610352 0.0106840133666992
0.0238208770751953 0.00555229187011719 0.00263023376464844 0.0134954452514648
0.0188179016113281 0.0185451507568359 -0.0103845596313477 0.00455570220947266
0.00640487670898437 0.0286636352539062 -0.00825119018554688 -0.00816631317138672
-0.0185585021972656 0.0264873504638672 0.00935649871826172 -0.0167083740234375
-0.0367393493652344 0.0166511535644531 0.0155134201049805 0.000701904296875001
-0.0482330322265625 0.00502014160156249 -0.00446128845214844 0.0128335952758789
-0.0426483154296875 -0.00700759887695313 0.00432968139648437 0.0305023193359375
-0.0330810546875 0.0113258361816406 -0.00981903076171875 0.0297050476074219
-0.0192356109619141 0.0175895690917969 -0.00421905517578125 0.0332298278808594
-0.00574493408203125 0.0252571105957031 0.0110931396484375 0.0346775054931641
0.00942802429199219 0.0205535888671875 0.0229911804199219 0.0224380493164062
0.0217819213867188 0.0109405517578125 0.0284175872802734 0.00916862487792969
0.0254993438720703 0.00252151489257813 0.0214462280273438 0.00524139404296875
0.0220165252685547 0.0038909912109375 0.0134181976318359 0.00656032562255859
0.0257472991943359 0.00338172912597656 0.00535869598388672 0.0121479034423828
0.0257129669189453 0.0116004943847656 -0.00335884094238281 0.0135231018066406
0.0167694091796875 0.02325439453125 -0.0143318176269531 0.00494670867919922
0.00267219543457031 0.0307254791259766 -0.0114078521728516 -0.00565814971923828
-0.0214347839355469 0.0245189666748047 0.0037078857421875 -0.0127372741699219
-0.0382118225097656 0.011260986328125 0.00406932830810547 0.00577211380004883
-0.0475959777832031 -0.00294113159179687 -0.0187129974365234 0.0124950408935547
-0.0401153564453125 -0.0176010131835938 -0.0139312744140625 0.0263328552246094
-0.0389556884765625 0.000850677490234369 -0.025970458984375 0.0293540954589844
-0.0293865203857422 0.0154132843017578 -0.0120811462402344 0.0357742309570312
-0.0130538940429688 0.0295600891113281 0.00592422485351562 0.0341758728027344
0.005950927734375 0.0273685455322266 0.0160751342773438 0.0191440582275391
0.0238571166992187 0.0188579559326172 0.018951416015625 0.00809097290039063
0.0288333892822266 0.00818061828613281 0.0105571746826172 0.00612449645996094
0.0247783660888672 0.00830078125 0.00282096862792969 0.00776481628417969
0.0274581909179688 0.00844764709472656 -0.00374126434326172 0.0124425888061523
0.0259323120117188 0.0158367156982422 -0.00997161865234375 0.0122566223144531
0.0142803192138672 0.0259456634521484 -0.0173931121826172 0.00416946411132813
-0.00120353698730469 0.0311927795410156 -0.0125732421875 -0.00503158569335937
-0.0240287780761719 0.0200405120849609 0.000977516174316405 -0.00811529159545898
-0.0373077392578125 0.00372314453125 -0.00499534606933594 0.0115299224853516
-0.0442352294921875 -0.0107994079589844 -0.0313396453857422 0.01116943359375
-0.0282306671142578 -0.0241146087646484 -0.0281524658203125 0.0184078216552734
-0.033782958984375 -0.00972175598144531 -0.0384750366210938 0.0243492126464844
-0.0300369262695313 0.00749969482421875 -0.0195236206054688 0.0337238311767578
-0.0188179016113281 0.0248298645019531 -0.000637054443359374 0.0291767120361328
0.000167846679687498 0.0275497436523438 0.00853061676025391 0.0144872665405273
0.0196514129638672 0.0233821868896484 0.00840234756469727 0.00555181503295899
0.0265579223632813 0.0120162963867188 -0.00173568725585937 0.00508499145507813
0.0232696533203125 0.0112514495849609 -0.00830841064453125 0.00779485702514649
0.0260429382324219 0.0121135711669922 -0.0124578475952148 0.0109491348266602
0.0228443145751953 0.0186080932617188 -0.0165081024169922 0.00864505767822266
0.00983810424804687 0.0263252258300781 -0.01953125 0.000860214233398438
-0.00516700744628906 0.0291614532470703 -0.0119724273681641 -0.00619411468505859
-0.0260543823242187 0.0147361755371094 -0.000982284545898439 -0.00522422790527344
-0.0343685150146484 -0.00496292114257813 -0.0122404098510742 0.0126934051513672
-0.0363540649414063 -0.0199127197265625 -0.04052734375 0.00594329833984375
-0.0102272033691406 -0.0253505706787109 -0.0360450744628906 0.00914764404296875
-0.0183639526367188 -0.0176010131835937 -0.0448341369628906 0.0174713134765625
-0.0218753814697266 -0.00358390808105469 -0.0229206085205078 0.0296211242675781
-0.0194110870361328 0.01275634765625 -0.00371551513671875 0.0223712921142578
-0.00592613220214844 0.0207500457763672 0.00302457809448242 0.00699853897094727
0.0107460021972656 0.0225200653076172 -0.00219941139221191 0.000584602355957032
0.0194988250732422 0.0156002044677734 -0.0126552581787109 0.00260353088378906
0.01800537109375 0.0126819610595703 -0.0179557800292969 0.00702857971191406
0.0198841094970703 0.0138931274414063 -0.0210018157958984 0.00901222229003906
0.0177021026611328 0.01873779296875 -0.0224704742431641 0.00533866882324219
0.00636482238769531 0.0244178771972656 -0.0223979949951172 -0.00231742858886719
-0.00799751281738281 0.0258445739746094 -0.0128326416015625 -0.0092926025390625
-0.0263519287109375 0.00914955139160156 -0.00181627273559571 -0.00539875030517578
-0.0293693542480469 -0.01300048828125 -0.0170345306396484 0.0103225708007813
-0.0254726409912109 -0.0273628234863281 -0.0471992492675781 -0.00135421752929688
0.00897216796875 -0.0238914489746094 -0.0348682403564453 0.00145149230957031
-0.000278472900390625 -0.0208759307861328 -0.042938232421875 0.0113449096679688
-0.00956630706787109 -0.0135116577148438 -0.0223808288574219 0.0243453979492188
-0.0155677795410156 -0.00152301788330078 -0.00420093536376953 0.0162153244018555
-0.0107383728027344 0.00918960571289062 0.000505566596984863 0.00158917903900147
-6.67572021484369E-05 0.0175533294677734 -0.00788450241088867 -0.00410270690917969
0.00936126708984375 0.0154685974121094 -0.0195884704589844 -0.000320434570312497
0.00999832153320312 0.0128421783447266 -0.0253162384033203 0.00434112548828125
0.0125102996826172 0.0133695602416992 -0.0283927917480469 0.00585174560546875
0.0110607147216797 0.0165262222290039 -0.0283355712890625 -0.00034713745117187
0.00276947021484375 0.0199165344238281 -0.025146484375 -0.00746917724609375
-0.00871467590332031 0.0198841094970703 -0.0135984420776367 -0.0126228332519531
-0.0234584808349609 0.00414657592773438 -0.00446653366088867 -0.00808906555175781
-0.0215225219726562 -0.0181388854980469 -0.021270751953125 0.0030975341796875
-0.0117607116699219 -0.0308036804199219 -0.0481605529785156 -0.0119705200195313
-0.0104255676269531 0.0235462188720703 0.0469932556152344 0.0156021118164063
0.0165519714355469 0.0194358825683594 0.0226535797119141 0.00696563720703125
0.0161027908325195 -0.00316429138183594 0.00505256652832031 0.0126008987426758
0.00795364379882813 -0.0102729797363281 0.0158500671386719 0.0219841003417969
0.00137901306152344 -0.0115823745727539 0.0290317535400391 0.0151748657226563
-0.0072317123413086 -0.0133113861083984 0.035125732421875 0.001983642578125
-0.00602340698242187 -0.0101127624511719 0.0350532531738281 -0.00518608093261719
-0.00411033630371094 -0.00953292846679688 0.0291519165039062 -0.00380706787109375
-0.00206470489501953 -0.0140542984008789 0.0233402252197266 0.00269126892089844
0.00936603546142578 -0.0120658874511719 0.0127325057983398 0.00757980346679687
0.0177516937255859 -0.000989913940429688 -0.000494539737701415 0.00104027986526489
0.0143527984619141 0.0114984512329102 0.00257396697998047 -0.0114336013793945
-0.00115394592285156 0.0224475860595703 0.0244407653808594 -0.0198612213134766
-0.0156650543212891 0.0258998870849609 0.0410194396972656 -0.00751113891601562
-0.0281467437744141 0.0203762054443359 0.0265941619873047 0.00763320922851563
-0.0264167785644531 0.016632080078125 0.0397300720214844 0.0249595642089844
-0.00102043151855469 0.0215015411376953 0.0179557800292969 0.0159053802490234
0.00590705871582031 0.00595855712890625 0.00541877746582031 0.0193710327148438
0.00534296035766602 0.00163650512695313 0.0172939300537109 0.0275497436523437
0.00571632385253906 -0.00158548355102539 0.0309734344482422 0.0191783905029297
0.00427150726318359 -0.00639915466308594 0.0376510620117188 0.00508880615234375
0.00665664672851563 -0.00729703903198242 0.0366859436035156 -0.0015411376953125
0.00734710693359375 -0.00617551803588867 0.0296363830566406 -0.000791549682617188
0.0103702545166016 -0.00933361053466797 0.0217475891113281 0.00618171691894531
0.0187854766845703 -0.00305366516113281 0.0104522705078125 0.0112447738647461
0.0203037261962891 0.0110759735107422 -0.00378131866455078 0.00402998924255371
0.0107288360595703 0.0231666564941406 -0.00271892547607422 -0.00877523422241211
-0.0117988586425781 0.0272159576416016 0.0172214508056641 -0.0190086364746094
-0.0301399230957031 0.0234756469726563 0.0304355621337891 -0.004150390625
-0.0426139831542969 0.0148735046386719 0.0137739181518555 0.011439323425293
-0.0402717590332031 0.00584793090820312 0.026092529296875 0.0310096740722656
-0.0200881958007813 0.0197486877441406 0.00758171081542969 0.0247249603271484
-0.00756549835205078 0.0144767761230469 0.00275230407714844 0.0274219512939453
0.0012359619140625 0.0163402557373047 0.016815185546875 0.0332527160644531
0.00943565368652344 0.0108461380004883 0.0299739837646484 0.0217704772949219
0.0158224105834961 0.00192546844482422 0.0368232727050781 0.0072021484375
0.018585205078125 -0.00330352783203125 0.0329780578613281 0.00136184692382812
0.017578125 -0.00136375427246094 0.0244598388671875 0.00275802612304687
0.0212535858154297 -0.00261878967285156 0.0165271759033203 0.00924396514892578
0.0251216888427734 0.00518226623535156 0.00561428070068359 0.0130319595336914
0.0203609466552734 0.0197963714599609 -0.00829076766967773 0.00531482696533203
0.00785827636718749 0.0303153991699219 -0.0070199966430664 -0.00679874420166015
-0.018798828125 0.0285072326660156 0.00984477996826172 -0.0164194107055664
-0.0381736755371094 0.0202064514160156 0.0180950164794922 0.000738143920898439
-0.0503768920898438 0.00738906860351563 -0.000873565673828129 0.0141878128051758
-0.0466423034667969 -0.00641632080078125 0.00796890258789062 0.0330543518066406
-0.0359344482421875 0.0121688842773438 -0.00761032104492188 0.0304737091064453
-0.0211925506591797 0.0192813873291016 -0.00341415405273437 0.0336685180664063
-0.00596237182617187 0.0280418395996094 0.0124893188476563 0.036102294921875
0.0098876953125 0.0225830078125 0.0248966217041016 0.0226707458496094
0.0239677429199219 0.0115928649902344 0.0313053131103516 0.00920295715332031
0.0272388458251953 0.00184822082519531 0.0242881774902344 0.0040130615234375
0.0244350433349609 0.00332832336425781 0.015843391418457 0.00496387481689453
0.0282478332519531 0.00282669067382813 0.00795364379882813 0.0108118057250977
0.0286960601806641 0.0118045806884766 -0.000708580017089841 0.0128984451293945
0.0192222595214844 0.0247936248779297 -0.0120582580566406 0.00558948516845703
0.00436592102050781 0.0334072113037109 -0.00984954833984375 -0.00508689880371094
-0.0220298767089844 0.0272884368896484 0.00490570068359375 -0.0117950439453125
-0.0414695739746094 0.0138092041015625 0.00626039505004883 0.00638151168823242
-0.0516204833984375 -0.000354766845703115 -0.0159778594970703 0.0147981643676758
-0.0449562072753906 -0.01776123046875 -0.0125503540039063 0.0291690826416016
-0.0438117980957031 0.00160980224609375 -0.0249881744384766 0.0312824249267578
-0.0317611694335938 0.0175075531005859 -0.01190185546875 0.0363998413085937
-0.0139694213867188 0.0330238342285156 0.00678253173828125 0.0352973937988281
0.00757598876953125 0.0298995971679688 0.0175552368164063 0.0200729370117188
0.026397705078125 0.0196609497070313 0.0211238861083984 0.00740432739257813
0.032012939453125 0.00714302062988281 0.0121831893920898 0.00483226776123047
0.0278968811035156 0.0079803466796875 0.00388526916503906 0.00709724426269531
0.0307064056396484 0.0084991455078125 -0.00208854675292969 0.0113687515258789
0.0296764373779297 0.0165443420410156 -0.00780010223388672 0.0118217468261719
0.0167255401611328 0.0281543731689453 -0.0158224105834961 0.00444316864013672
0.000566482543945313 0.0343914031982422 -0.0111522674560547 -0.004608154296875
-0.0255680084228516 0.0235939025878906 0.00222969055175781 -0.0081338882446289
-0.0414924621582031 0.00637054443359375 -0.00288867950439453 0.012263298034668
-0.0495452880859375 -0.00963211059570313 -0.0306835174560547 0.0129871368408203
-0.0332565307617187 -0.0257587432861328 -0.0284214019775391 0.0214061737060547
-0.0391731262207031 -0.009613037109375 -0.039154052734375 0.0266304016113281
-0.0336456298828125 0.00920486450195313 -0.0188369750976562 0.03472900390625
-0.0201587677001953 0.0290355682373047 -0.000490188598632816 0.0306873321533203
0.00151824951171875 0.0309772491455078 0.0091238021850586 0.0143337249755859
0.0235157012939453 0.0241641998291016 0.00911521911621094 0.00491142272949219
0.0303993225097656 0.0113296508789063 -0.0013437271118164 0.00487613677978516
0.0264854431152344 0.0102291107177734 -0.00819730758666992 0.00753116607666016
0.0300540924072266 0.0117149353027344 -0.0126771926879883 0.010706901550293
0.0266342163085938 0.0192050933837891 -0.0160408020019531 0.00826644897460938
0.0134963989257813 0.0287952423095703 -0.018951416015625 0.00051307678222656
-0.00389671325683594 0.0328483581542969 -0.0116252899169922 -0.00633144378662109
-0.0279483795166016 0.0180778503417969 9.7751617431639E-05 -0.00481033325195312
-0.0394325256347656 -0.00274658203124999 -0.0108070373535156 0.0136814117431641
-0.0411643981933594 -0.0192070007324219 -0.0413055419921875 0.00771331787109374
-0.0144977569580078 -0.0279788970947266 -0.0382003784179688 0.0111961364746094
-0.0238666534423828 -0.0178394317626953 -0.0463829040527344 0.0194053649902344
-0.0257549285888672 -0.00216293334960937 -0.0229701995849609 0.0304851531982422
-0.0213699340820313 0.0167331695556641 -0.0037689208984375 0.0231761932373047
-0.004913330078125 0.0232048034667969 0.0021662712097168 0.00715351104736328
0.0143718719482422 0.0239582061767578 -0.00236082077026367 0.000293970108032228
0.0232906341552734 0.0147323608398438 -0.0134925842285156 0.00349617004394531
0.0210533142089844 0.0122661590576172 -0.019287109375 0.007781982421875
0.0241622924804688 0.0133590698242187 -0.0223388671875 0.00975990295410157
0.021697998046875 0.0192604064941406 -0.0237236022949219 0.00480461120605469
0.00934600830078125 0.0263252258300781 -0.0232295989990234 -0.00334739685058593
-0.00644111633300781 0.028900146484375 -0.0123987197875977 -0.00950813293457031
-0.0283069610595703 0.0121555328369141 -0.000907421112060549 -0.00588512420654297
-0.0340671539306641 -0.0111026763916016 -0.0168743133544922 0.0122308731079102
-0.0309925079345703 -0.0275096893310547 -0.0491714477539063 -0.000442504882812509
0.00631141662597656 -0.0267219543457031 -0.0380859375 0.00266265869140626
-0.00385475158691406 -0.023101806640625 -0.0454826354980469 0.0130043029785156
-0.0123815536499023 -0.0129737854003906 -0.0224552154541016 0.0255031585693359
-0.0177822113037109 0.00050544738769531 -0.00423336029052735 0.0159378051757813
-0.0106143951416016 0.0123205184936523 -0.000779986381530762 0.00101554393768311
0.00353813171386719 0.0187511444091797 -0.00976657867431641 -0.0042572021484375
0.0126714706420898 0.0151157379150391 -0.0222930908203125 0.00041007995605469
0.0125398635864258 0.0120172500610352 -0.0269432067871094 0.0064239501953125
0.0152301788330078 0.0125131607055664 -0.0304584503173828 0.00686264038085938
0.0144376754760742 0.0167083740234375 -0.0302410125732422 -0.000102996826171871
0.00516510009765625 0.0210018157958984 -0.0261497497558594 -0.00843048095703124
-0.00741767883300781 0.0226058959960938 -0.0139017105102539 -0.0131082534790039
-0.0247879028320313 0.00680732727050781 -0.00414323806762695 -0.00824975967407227
-0.0255107879638672 -0.0167560577392578 -0.0223255157470703 0.00468254089355468
-0.0164966583251953 -0.0319004058837891 -0.0517654418945313 -0.0116729736328125
-0.00841140747070313 0.0243911743164063 0.0519447326660156 0.0143013000488281
0.0191001892089844 0.01812744140625 0.0245952606201172 0.00516700744628906
0.0163650512695313 -0.00504875183105469 0.00560474395751953 0.012171745300293
0.00673866271972656 -0.0117263793945313 0.0173091888427734 0.0232563018798828
-0.00066375732421875 -0.0128097534179688 0.0316352844238281 0.0156536102294922
-0.00944805145263672 -0.0126886367797852 0.0382347106933594 0.0011444091796875
-0.00764083862304688 -0.00891494750976562 0.0385017395019531 -0.00765609741210938
-0.005340576171875 -0.0085749626159668 0.0324974060058594 -0.00618362426757813
-0.0037841796875 -0.0144567489624023 0.0261001586914063 0.000469207763671874
0.00761604309082031 -0.0132265090942383 0.0162544250488281 0.00707817077636719
0.0179309844970703 -0.00257110595703125 0.00166308879852295 0.0012887716293335
0.0156259536743164 0.0101346969604492 0.00336551666259766 -0.0113620758056641
0.00180435180664063 0.0233211517333984 0.02471923828125 -0.0211086273193359
-0.0127391815185547 0.0290660858154297 0.0438385009765625 -0.00988388061523437
-0.0269432067871094 0.0241851806640625 0.0315341949462891 0.00672531127929688
-0.0267562866210938 0.0185928344726562 0.0457534790039063 0.024871826171875
0.00010871887207031 0.0217552185058594 0.0206756591796875 0.0149211883544922
0.00589990615844726 0.00530004501342773 0.00636672973632812 0.0195198059082031
0.00492286682128906 0.00198459625244141 0.0191650390625 0.0290813446044922
0.00480175018310547 -0.00144243240356445 0.0342330932617188 0.0194931030273438
0.00313329696655273 -0.00600767135620117 0.0415687561035156 0.00350189208984375
0.00653076171875 -0.00733709335327148 0.0403594970703125 -0.00452423095703125
0.00769424438476563 -0.00604391098022461 0.032806396484375 -0.00359535217285156
0.0102338790893555 -0.009765625 0.0253181457519531 0.00435066223144531
0.0187454223632813 -0.00401496887207031 0.0142688751220703 0.0106410980224609
0.021575927734375 0.0100803375244141 -0.00112724304199219 0.00469541549682617
0.0126972198486328 0.0231285095214844 -0.00100612640380859 -0.00793170928955078
-0.0109100341796875 0.0292854309082031 0.0178718566894531 -0.0197658538818359
-0.0297641754150391 0.0273571014404297 0.0331363677978516 -0.00607681274414062
-0.043243408203125 0.0187721252441406 0.0187129974365234 0.0113430023193359
-0.042694091796875 0.00767135620117187 0.0313949584960938 0.0320510864257813
-0.0212306976318359 0.0212306976318359 0.0103740692138672 0.0244960784912109
-0.00847053527832031 0.0158147811889648 0.00377464294433594 0.0278263092041016
0.0012054443359375 0.0179882049560547 0.0188179016113281 0.0349597930908203
0.00980377197265625 0.0120410919189453 0.0332450866699219 0.0220890045166016
0.0162887573242188 0.00228500366210938 0.0406646728515625 0.00580978393554688
0.0199527740478516 -0.00402259826660156 0.0366058349609375 -0.00138473510742188
0.0191535949707031 -0.00144195556640625 0.0269622802734375 9.91821289062499E-05
0.0227813720703125 -0.00403213500976563 0.0192527770996094 0.00725364685058594
0.0270023345947266 0.0045318603515625 0.00947284698486328 0.0123205184936523
0.0229740142822266 0.0196342468261719 -0.00551939010620117 0.00601959228515625
0.0100650787353516 0.0320091247558594 -0.00545215606689453 -0.00549077987670898
-0.0184001922607422 0.0325717926025391 0.0108127593994141 -0.0168981552124023
-0.0402297973632813 0.024139404296875 0.0206985473632812 -0.000308990478515624
-0.0533638000488281 0.0117378234863281 0.0028839111328125 0.0154342651367187
-0.05133056640625 -0.00504684448242188 0.0121288299560547 0.0348415374755859
-0.0394287109375 0.0151786804199219 -0.0055999755859375 0.0315628051757813
-0.023590087890625 0.0219764709472656 -0.00236129760742188 0.0347385406494141
-0.00581550598144531 0.0309982299804688 0.0145416259765625 0.0379562377929688
0.0116367340087891 0.0247306823730469 0.0285072326660156 0.0229854583740234
0.0261898040771484 0.0121402740478516 0.0342216491699219 0.00712203979492188
0.0305767059326172 0.000699996948242188 0.0272197723388672 0.00152397155761719
0.0277900695800781 0.00227737426757813 0.0177268981933594 0.00288581848144531
0.0313911437988281 0.00211334228515625 0.00993919372558594 0.00905132293701172
0.0319557189941406 0.0114250183105469 0.002044677734375 0.0122404098510742
0.0229129791259766 0.0261116027832031 -0.0100593566894531 0.00565528869628906
0.00688934326171875 0.0362358093261719 -0.00854396820068359 -0.00415706634521484
-0.0231456756591797 0.0316314697265625 0.0054636001586914 -0.0125465393066406
-0.0450325012207031 0.018951416015625 0.00884056091308593 0.00621414184570313
-0.0564956665039063 0.00310516357421874 -0.0139560699462891 0.0164680480957031
-0.0514068603515625 -0.0165901184082031 -0.0103969573974609 0.032012939453125
-0.0488319396972656 0.00512313842773438 -0.024017333984375 0.0332374572753906
-0.0345840454101563 0.0214385986328125 -0.01080322265625 0.0381431579589844
-0.0137176513671875 0.0374870300292969 0.00806427001953125 0.037261962890625
0.0102481842041016 0.0333309173583984 0.0195446014404297 0.0207767486572266
0.0307979583740234 0.0200710296630859 0.0232639312744141 0.00636100769042969
0.0357208251953125 0.00589752197265625 0.013606071472168 0.00376605987548828
0.0318031311035156 0.00624847412109375 0.00520038604736328 0.00601530075073242
0.0348453521728516 0.00665283203125 -0.000992774963378905 0.0107021331787109
0.03375244140625 0.0158138275146484 -0.00658416748046875 0.0110282897949219
0.0208930969238281 0.0299911499023438 -0.0146312713623047 0.00381088256835938
0.00295257568359375 0.0378303527832031 -0.00989151000976563 -0.00423622131347656
-0.0268650054931641 0.0280647277832031 0.00346183776855468 -0.00843191146850586
-0.0459747314453125 0.0106430053710937 -0.000976562500000003 0.0131101608276367
-0.054931640625 -0.00677871704101561 -0.0294685363769531 0.0154361724853516
-0.0399208068847656 -0.0257720947265625 -0.0279941558837891 0.024810791015625
-0.0455551147460938 -0.00743865966796875 -0.0390815734863281 0.0297088623046875
-0.0376663208007813 0.0130233764648438 -0.0186996459960938 0.0360679626464844
-0.0201530456542969 0.0339508056640625 0.000675201416015621 0.0316619873046875
0.00435066223144531 0.0345401763916016 0.00983905792236328 0.0148305892944336
0.0281219482421875 0.0247268676757812 0.00985336303710938 0.00430107116699219
0.0346488952636719 0.00999641418457031 -0.000809669494628904 0.00463294982910156
0.0302677154541016 0.00918197631835937 -0.00788593292236328 0.00774097442626953
0.0341930389404297 0.00997543334960938 -0.0128231048583984 0.0104217529296875
0.0314140319824219 0.0185775756835938 -0.0160884857177734 0.00800132751464844
0.0171413421630859 0.0305004119873047 -0.0189838409423828 0.000291824340820313
-0.00114059448242188 0.0366554260253906 -0.0110549926757813 -0.00688838958740234
-0.0293197631835938 0.0228271484375 0.00160741806030273 -0.00548648834228516
-0.0442924499511719 0.000942230224609373 -0.00974464416503906 0.0152091979980469
-0.0475349426269531 -0.0174789428710937 -0.0418891906738281 0.0101776123046875
-0.0195426940917969 -0.0292568206787109 -0.0402488708496094 0.014739990234375
-0.0293464660644531 -0.0176887512207031 -0.0479888916015625 0.0235443115234375
-0.0298938751220703 0.000112533569335941 -0.0227527618408203 0.0319538116455078
-0.0226325988769531 0.0210857391357422 -0.0042877197265625 0.0240325927734375
-0.00288581848144531 0.0274200439453125 0.00249862670898438 0.00702428817749024
0.0187206268310547 0.0248374938964844 -0.00317716598510742 0.00019192695617676
0.0275421142578125 0.0130500793457031 -0.0148429870605469 0.00473785400390625
0.0247383117675781 0.0109844207763672 -0.0203990936279297 0.00894546508789063
0.0282173156738281 0.0120048522949219 -0.0233840942382813 0.0107841491699219
0.026153564453125 0.0187530517578125 -0.0251502990722656 0.00471115112304688
0.0129337310791016 0.0285816192626953 -0.0239372253417969 -0.00363731384277343
-0.00417709350585937 0.0321865081787109 -0.012761116027832 -0.0101852416992187
-0.0295448303222656 0.0163764953613281 -0.00026226043701172 -0.00655174255371094
-0.0390777587890625 -0.00810623168945313 -0.0166511535644531 0.0141696929931641
-0.0367546081542969 -0.0262718200683594 -0.0516281127929687 0.00222778320312501
0.00281524658203125 -0.0293483734130859 -0.0417900085449219 0.00531005859374999
-0.00844001770019531 -0.0244026184082031 -0.0477485656738281 0.0162696838378906
-0.0161476135253906 -0.0128002166748047 -0.0226726531982422 0.0268058776855469
-0.0195083618164063 0.003662109375 -0.0055694580078125 0.0162734985351563
-0.00986003875732422 0.0148153305053711 -0.00207412242889404 0.0010678768157959
0.00642204284667969 0.0201053619384766 -0.0122079849243164 -0.00385093688964843
0.0160093307495117 0.0141515731811523 -0.0243053436279297 0.00250625610351562
0.0151987075805664 0.0108251571655273 -0.0290946960449219 0.00848007202148437
0.0185985565185547 0.0114517211914063 -0.0324916839599609 0.00894737243652343
0.0175724029541016 0.0158367156982422 -0.0326213836669922 0.000579833984375002
0.00820159912109375 0.0219955444335938 -0.0282974243164062 -0.00872993469238281
-0.005279541015625 0.0252056121826172 -0.0150232315063477 -0.0141315460205078
-0.0261688232421875 0.0100269317626953 -0.00413322448730469 -0.00900554656982422
-0.0295886993408203 -0.0150032043457031 -0.0231285095214844 0.00705909729003907
-0.0210628509521484 -0.0319309234619141 -0.0557746887207031 -0.00987625122070311
-0.00495147705078125 0.0260658264160156 0.0582160949707031 0.0101318359375
0.0217113494873047 0.0154190063476563 0.0263385772705078 0.00230979919433594
0.0156478881835938 -0.00743007659912109 0.00585269927978516 0.0125885009765625
0.00512027740478516 -0.0138082504272461 0.0194282531738281 0.0238857269287109
-0.00306034088134766 -0.0122108459472656 0.0356674194335938 0.0151901245117187
-0.0124483108520508 -0.0105180740356445 0.0423316955566406 -0.00241851806640625
-0.00911712646484375 -0.00765609741210937 0.041656494140625 -0.0111885070800781
-0.00629615783691406 -0.00769281387329101 0.0338211059570313 -0.0105953216552734
-0.00624275207519531 -0.0134944915771484 0.0280818939208984 -0.00325584411621094
0.00559043884277344 -0.0143957138061523 0.0192737579345703 0.004669189453125
0.0170021057128906 -0.00519084930419922 0.0041964054107666 0.00126194953918457
0.017085075378418 0.00863075256347656 0.00510311126708985 -0.011322021484375
0.00551223754882813 0.0232448577880859 0.025238037109375 -0.0225257873535156
-0.0088958740234375 0.0313529968261719 0.0458564758300781 -0.0140914916992187
-0.0241680145263672 0.0280628204345703 0.0363922119140625 0.00353240966796875
-0.0264911651611328 0.021453857421875 0.0518264770507813 0.021728515625
0.00114250183105469 0.0219097137451172 0.0236930847167969 0.0129795074462891
0.00478601455688476 0.00437259674072266 0.0075836181640625 0.0191173553466797
0.00448894500732422 0.00212669372558594 0.0226058959960938 0.0301265716552734
0.00422906875610352 -0.00139594078063965 0.037841796875 0.0187797546386719
0.00222158432006836 -0.005157470703125 0.0453681945800781 0.0001983642578125
0.00574207305908203 -0.0070796012878418 0.04315185546875 -0.00927352905273438
0.00779819488525391 -0.00643539428710938 0.0344924926757813 -0.00811004638671875
0.00990772247314453 -0.0104284286499023 0.0279827117919922 -0.000732421875000001
0.0189361572265625 -0.0054168701171875 0.0178585052490234 0.00778961181640625
0.0230255126953125 0.00834846496582031 0.00188970565795899 0.00461626052856445
0.0150737762451172 0.0227184295654297 0.000855922698974611 -0.00709724426269531
-0.00872802734375 0.0319499969482422 0.0178356170654297 -0.0211753845214844
-0.0278453826904297 0.0319499969482422 0.0354576110839844 -0.00897216796875
-0.0425758361816406 0.0235023498535156 0.0241470336914062 0.00997161865234375
-0.0446510314941406 0.0112419128417969 0.0378303527832031 0.0309410095214844
-0.0216999053955078 0.0240192413330078 0.0139427185058594 0.0238533020019531
-0.0088958740234375 0.0169363021850586 0.00580978393554688 0.0281944274902344
0.001312255859375 0.0200004577636719 0.0223922729492188 0.0361099243164062
0.0121440887451172 0.0127639770507813 0.0369071960449219 0.0207672119140625
0.0175266265869141 0.00216293334960938 0.0445785522460938 0.0023956298828125
0.0216445922851563 -0.00524139404296875 0.0393028259277344 -0.00656890869140625
0.0207271575927734 -0.00346183776855469 0.0293426513671875 -0.0044097900390625
0.0242652893066406 -0.00489044189453125 0.0222854614257812 0.00362777709960937
0.0296688079833984 0.00258827209472656 0.0128307342529297 0.0109853744506836
0.0264644622802734 0.0193290710449219 -0.00266599655151367 0.00577974319458008
0.0137157440185547 0.0333576202392578 -0.00399494171142578 -0.00539445877075195
-0.0167961120605469 0.0361366271972656 0.0106163024902344 -0.0183639526367187
-0.0412254333496094 0.0297927856445313 0.0235881805419922 -0.00268363952636719
-0.0556373596191406 0.0169639587402344 0.0072641372680664 0.0151138305664063
-0.0562705993652344 -0.00042724609375 0.0168685913085937 0.0358390808105469
-0.0415611267089844 0.0196151733398438 -0.00234413146972657 0.0315399169921875
-0.024688720703125 0.0256443023681641 -0.000118255615234373 0.0359001159667969
-0.00340080261230469 0.0343303680419922 0.018341064453125 0.0392265319824219
0.0151214599609375 0.0260219573974609 0.0314788818359375 0.0219573974609375
0.0293731689453125 0.0105953216552734 0.0369911193847656 0.00386810302734375
0.0325775146484375 -0.00171852111816406 0.0294055938720703 -0.00183296203613281
0.0304985046386719 -0.000118255615234375 0.0194835662841797 -0.000429153442382813
0.0343589782714844 -0.00115203857421875 0.0120658874511719 0.00639820098876953
0.0358695983886719 0.00902938842773438 0.00432682037353516 0.0106544494628906
0.0271530151367188 0.0270175933837891 -0.00806999206542969 0.00531435012817383
0.0108833312988281 0.0386238098144531 -0.00718832015991211 -0.00360488891601562
-0.0226898193359375 0.0369110107421875 0.00631999969482422 -0.0134458541870117
-0.0472412109375 0.0249481201171875 0.011265754699707 0.00547885894775391
-0.0605316162109375 0.00847244262695312 -0.0102500915527344 0.01763916015625
-0.0574264526367188 -0.0130195617675781 -0.00606536865234375 0.0348148345947266
-0.0538253784179688 0.0106430053710938 -0.0218429565429688 0.0356178283691406
-0.0367546081542969 0.0262031555175781 -0.00926971435546875 0.0394172668457031
-0.0116157531738281 0.0427970886230469 0.0111122131347656 0.0390472412109375
0.0137519836425781 0.0355491638183594 0.0220489501953125 0.0198802947998047
0.0357704162597656 0.0183982849121094 0.0242958068847656 0.00403404235839844
0.0389671325683594 0.00262451171875 0.0151138305664063 0.00213146209716797
0.035308837890625 0.00372695922851563 0.00587034225463867 0.00445222854614258
0.0393218994140625 0.00306320190429688 0.000393867492675783 0.00986003875732422
0.0382804870605469 0.0139846801757812 -0.00547504425048828 0.0101118087768555
0.0262527465820313 0.0302715301513672 -0.0136022567749023 0.00375938415527344
0.0073699951171875 0.041656494140625 -0.00950717926025391 -0.00494766235351563
-0.0264225006103516 0.0336151123046875 0.00412464141845703 -0.0097665786743164
-0.0502662658691406 0.0170745849609375 0.00163555145263671 0.0124444961547852
-0.0601844787597656 -0.00159072875976563 -0.0274105072021484 0.0186100006103516
-0.0465316772460937 -0.0237655639648437 -0.0271835327148438 0.0289306640625
-0.0510406494140625 -0.00288009643554689 -0.0385284423828125 0.0337104797363281
-0.0403823852539063 0.018096923828125 -0.0172691345214844 0.0380897521972656
-0.0186271667480469 0.0396461486816406 0.00214767456054687 0.0327301025390625
0.00794219970703125 0.0373191833496094 0.0104465484619141 0.0147476196289063
0.0332927703857422 0.0239620208740234 0.00998973846435547 0.00326824188232422
0.0384483337402344 0.00644683837890625 -0.000623226165771482 0.00456380844116211
0.0349102020263672 0.00576210021972656 -0.00812005996704101 0.00798606872558594
0.0384483337402344 0.0070953369140625 -0.0130786895751953 0.0108013153076172
0.0369720458984375 0.0163192749023438 -0.0160789489746094 0.00822830200195313
0.0228271484375 0.0313377380371094 -0.0197315216064453 0.000741958618164066
0.003570556640625 0.0397529602050781 -0.0109825134277344 -0.00688076019287109
-0.0296497344970703 0.0282840728759766 0.00146722793579101 -0.00622367858886718
-0.0490036010742187 0.0068817138671875 -0.00830650329589844 0.0167207717895508
-0.05352783203125 -0.0128669738769531 -0.0418205261230469 0.0135116577148438
-0.0265331268310547 -0.0293903350830078 -0.0419387817382813 0.0194435119628906
-0.0353469848632813 -0.0153732299804688 -0.0490760803222656 0.0279769897460938
-0.0339183807373047 0.00419998168945312 -0.0219764709472656 0.0342369079589844
-0.0218658447265625 0.0258731842041016 -0.00318717956542969 0.0245342254638672
0.000190734863281247 0.0302715301513672 0.00220632553100586 0.00776433944702149
0.0231170654296875 0.0245094299316406 -0.00565195083618164 2.67028808593761E-05
0.0307674407958984 0.0102272033691406 -0.0157375335693359 0.00642299652099609
0.0282096862792969 0.00807571411132813 -0.0213222503662109 0.0108242034912109
0.0325698852539062 0.00915145874023437 -0.02459716796875 0.0122299194335938
0.0306053161621094 0.0165424346923828 -0.0265026092529297 0.00604248046875
0.0179100036621094 0.0285549163818359 -0.0259761810302734 -0.00377273559570312
0.000389099121093749 0.0358505249023438 -0.0130043029785156 -0.0108442306518555
-0.0301475524902344 0.0212421417236328 -0.000504016876220705 -0.00827693939208984
-0.0442657470703125 -0.00376510620117187 -0.0161561965942383 0.0162057876586914
-0.0427780151367188 -0.023468017578125 -0.0530853271484375 0.00569152832031251
-0.00205612182617188 -0.0307693481445313 -0.0440826416015625 0.00954818725585938
-0.0135459899902344 -0.0243206024169922 -0.0493087768554688 0.0208358764648437
-0.0199623107910156 -0.0110321044921875 -0.0218772888183594 0.0287761688232422
-0.02081298828125 0.00796318054199219 -0.00577163696289062 0.017207145690918
-0.00776290893554687 0.0177059173583984 -0.00371527671813965 0.000840902328491213
0.0103912353515625 0.0200290679931641 -0.0139913558959961 -0.00198745727539063
0.0188541412353516 0.0120449066162109 -0.0263290405273438 0.00586509704589844
0.018096923828125 0.00904464721679688 -0.0308799743652344 0.0120391845703125
0.0215110778808594 0.00948524475097656 -0.0346145629882813 0.0121784210205078
0.02099609375 0.0142459869384766 -0.0348472595214844 0.00280952453613282
0.0114116668701172 0.0230350494384766 -0.0307273864746094 -0.00769996643066407
-0.00204849243164063 0.0277538299560547 -0.0169782638549805 -0.014826774597168
-0.0262546539306641 0.0140533447265625 -0.00446796417236329 -0.00936508178710938
-0.0349292755126953 -0.0116519927978516 -0.0235462188720703 0.0098724365234375
-0.0266551971435547 -0.0305385589599609 -0.0602455139160156 -0.00569915771484375
-0.00311088562011718 0.0263347625732422 0.0601119995117188 0.005859375
0.0231552124023438 0.0126724243164063 0.0263328552246094 -0.000934600830078124
0.0150690078735352 -0.00945472717285156 0.0065460205078125 0.0125370025634766
0.00324916839599609 -0.014826774597168 0.0225563049316406 0.0241775512695313
-0.00565147399902344 -0.0119342803955078 0.0379104614257813 0.0125999450683594
-0.0136251449584961 -0.00811290740966797 0.0438766479492188 -0.00489425659179688
-0.00914955139160156 -0.00609970092773438 0.0422172546386719 -0.0174522399902344
-0.00782632827758789 -0.00581502914428711 0.0338764190673828 -0.0155982971191406
-0.006927490234375 -0.0107297897338867 0.0290641784667969 -0.00755882263183594
0.00351333618164062 -0.0144739151000977 0.0213108062744141 0.00110626220703125
0.0160083770751953 -0.00788021087646484 0.00667381286621094 0.00044107437133789
0.0179309844970703 0.00589752197265625 0.00675868988037109 -0.0119829177856445
0.00830078125 0.0234889984130859 0.0239925384521484 -0.0252532958984375
-0.0050048828125 0.0317459106445313 0.0460624694824219 -0.0197219848632813
-0.0205154418945313 0.0302810668945313 0.0396308898925781 -0.00138473510742187
-0.0242271423339844 0.0237808227539062 0.0569343566894531 0.0175323486328125
0.00159454345703125 0.0202865600585937 0.0246067047119141 0.00905418395996094
0.00522375106811523 0.00322771072387695 0.007720947265625 0.0196456909179688
0.00376796722412109 0.00145649909973145 0.0253543853759766 0.0273399353027344
0.00382709503173828 -0.0020291805267334 0.0408363342285156 0.0148544311523438
0.00166416168212891 -0.00523757934570313 0.0465850830078125 -0.00423049926757813
0.00639820098876953 -0.00688076019287109 0.0443077087402344 -0.0147590637207031
0.0072636604309082 -0.00689888000488281 0.0367355346679687 -0.0131607055664062
0.00877094268798828 -0.0103111267089844 0.0297489166259766 -0.00430870056152344
0.0186405181884766 -0.006439208984375 0.0204124450683594 0.00544357299804687
0.0234718322753906 0.00583839416503906 0.00343179702758789 0.00464963912963867
0.0170936584472656 0.0215358734130859 0.00247430801391602 -0.0075998306274414
-0.0048065185546875 0.0322628021240234 0.0170192718505859 -0.0221786499023437
-0.0248336791992188 0.0349597930908203 0.036865234375 -0.0146522521972656
-0.0408897399902344 0.0291481018066406 0.0282917022705078 0.00717544555664063
-0.0467300415039063 0.0179367065429687 0.0419387817382813 0.0277671813964844
-0.0206737518310547 0.0259361267089844 0.0174179077148438 0.0213432312011719
-0.00841331481933594 0.0185718536376953 0.007659912109375 0.0276165008544922
0.00368881225585937 0.0206413269042969 0.0257740020751953 0.0337333679199219
0.0143442153930664 0.0119924545288086 0.0401573181152344 0.0183563232421875
0.0185890197753906 0.00055694580078125 0.0453910827636719 -0.00324249267578125
0.0222415924072266 -0.00655174255371094 0.0403556823730469 -0.0117111206054688
0.0230197906494141 -0.00448989868164063 0.0296230316162109 -0.00820350646972656
0.0240345001220703 -0.00796890258789062 0.0232982635498047 -0.000211715698242188
0.0304908752441406 -0.000551223754882812 0.0148391723632813 0.00680065155029297
0.0297050476074219 0.0166110992431641 -0.00031614303588867 0.00548791885375977
0.0176200866699219 0.0328178405761719 -0.00260353088378906 -0.0039215087890625
-0.0128898620605469 0.0383148193359375 0.0109596252441406 -0.0194358825683594
-0.0390090942382812 0.0356025695800781 0.0246467590332031 -0.00567436218261718
-0.0545883178710938 0.0239982604980469 0.0114564895629883 0.0146579742431641
-0.0599365234375 0.00452423095703124 0.0227928161621094 0.0348358154296875
-0.0430908203125 0.0248451232910156 0.00153732299804687 0.030853271484375
-0.0244693756103516 0.0293083190917969 0.00197410583496094 0.0348892211914062
-0.000137329101562502 0.0377883911132813 0.0217208862304687 0.0378684997558594
0.0189933776855469 0.0258865356445313 0.0341854095458984 0.0194778442382813
0.0318584442138672 0.00879669189453125 0.0391845703125 0.000217437744140626
0.0335197448730469 -0.00593757629394531 0.0306015014648438 -0.00617218017578125
0.0328693389892578 -0.00294113159179688 0.0200996398925781 -0.00306510925292969
0.0365638732910156 -0.00534820556640625 0.0135421752929688 0.00388813018798828
0.0382804870605469 0.00660324096679687 0.00682497024536133 0.0076298713684082
0.0310420989990234 0.0237178802490234 -0.00489187240600586 0.00469493865966797
0.0153045654296875 0.0392532348632813 -0.00610256195068359 -0.00413370132446289
-0.0199012756347656 0.0405998229980469 0.00622463226318359 -0.0149755477905273
-0.0465965270996094 0.0313644409179688 0.0140542984008789 0.00337886810302735
-0.0609321594238281 0.0150260925292969 -0.00603771209716797 0.0173768997192383
-0.0626068115234375 -0.00768661499023438 -0.00240707397460938 0.0352935791015625
-0.0557518005371094 0.0162887573242188 -0.0180397033691406 0.0368232727050781
-0.0369033813476563 0.0325050354003906 -0.00694656372070313 0.0398521423339844
-0.00691604614257813 0.0461654663085937 0.0130882263183594 0.0387496948242188
0.0197715759277344 0.0360870361328125 0.0244884490966797 0.0173206329345703
0.0385818481445313 0.0157318115234375 0.0258255004882813 4.5776367187501E-05
0.040557861328125 -0.000354766845703125 0.0150794982910156 0.000591278076171875
0.0388336181640625 -0.000789642333984375 0.00567436218261719 0.00386810302734375
0.0416755676269531 -0.0015716552734375 0.00116872787475586 0.00867271423339844
0.0415267944335938 0.00920486450195313 -0.00392627716064453 0.00895595550537109
0.0301456451416016 0.0298137664794922 -0.0135231018066406 0.0026998519897461
0.0142707824707031 0.0422248840332031 -0.00841426849365234 -0.00519752502441406
-0.0235023498535156 0.0380477905273437 0.00358486175537109 -0.00966072082519531
-0.0508155822753906 0.0238685607910156 0.00456809997558593 0.0127811431884766
-0.0626945495605469 0.00594711303710937 -0.0247173309326172 0.0206203460693359
-0.0515899658203125 -0.0182685852050781 -0.0245914459228516 0.0320243835449219
-0.0544509887695313 0.00391006469726562 -0.0362434387207031 0.0370826721191406
-0.0408859252929688 0.0232658386230469 -0.0147590637207031 0.0396232604980469
-0.0146484375 0.0437240600585938 0.00496482849121094 0.0342235565185547
0.0133819580078125 0.038909912109375 0.0130167007446289 0.0130081176757813
0.0384140014648438 0.0198211669921875 0.0091094970703125 0.00131511688232422
0.0400390625 0.00144195556640625 -0.00124931335449219 0.0051732063293457
0.0359611511230469 0.00271224975585938 -0.0080103874206543 0.00855302810668945
0.0421485900878906 0.001129150390625 -0.0127782821655273 0.0121345520019531
0.0412788391113281 0.0120429992675781 -0.0162229537963867 0.00797939300537109
0.0283622741699219 0.0292911529541016 -0.019927978515625 0.000940322875976566
0.00844573974609375 0.0420799255371094 -0.0108747482299805 -0.00728607177734375
-0.0275363922119141 0.0340194702148438 0.00158452987670898 -0.00720405578613281
-0.0504188537597656 0.0146560668945312 -0.00591850280761719 0.0160026550292969
-0.0576629638671875 -0.00704956054687501 -0.0409812927246094 0.0172920227050781
-0.0312004089355469 -0.0282325744628906 -0.0392265319824219 0.0245857238769531
-0.0400733947753906 -0.010406494140625 -0.0474357604980469 0.033111572265625
-0.0356216430664063 0.00791168212890625 -0.0188674926757813 0.0367927551269531
-0.0181140899658203 0.0312328338623047 -0.00221824645996094 0.0265007019042969
0.00367164611816406 0.0324878692626953 0.000142574310302734 0.00731182098388672
0.027374267578125 0.0213565826416016 -0.00482940673828125 0.00136041641235352
0.0330085754394531 0.00499725341796875 -0.0154399871826172 0.00751399993896485
0.0301914215087891 0.00559806823730469 -0.0220527648925781 0.0136756896972656
0.0338230133056641 0.00434112548828125 -0.0258808135986328 0.0151214599609375
0.0337886810302734 0.0123386383056641 -0.0276374816894531 0.00773429870605469
0.0231857299804688 0.0273303985595703 -0.0266895294189453 -0.00199699401855469
0.0049591064453125 0.0365982055664063 -0.0153264999389648 -0.011113166809082
-0.0286369323730469 0.0279617309570312 0.000329494476318358 -0.00765657424926758
-0.0468368530273437 0.00362396240234374 -0.0159082412719727 0.0169649124145508
-0.0461654663085938 -0.0178260803222656 -0.0531883239746094 0.0108604431152344
-0.00694847106933594 -0.0313549041748047 -0.0470619201660156 0.0167236328125
-0.01947021484375 -0.0220069885253906 -0.0494728088378906 0.0261955261230469
-0.0229320526123047 -0.00719070434570313 -0.0205249786376953 0.0301990509033203
-0.0199432373046875 0.0120353698730469 -0.00600433349609375 0.0184135437011719
-0.00486946105957031 0.0199794769287109 -0.00498628616333008 0.00178813934326172
0.0143356323242188 0.0190677642822266 -0.0157499313354492 0.000327110290527345
0.0212726593017578 0.00935745239257813 -0.0265274047851563 0.00879478454589844
0.0195503234863281 0.00588035583496094 -0.0309543609619141 0.0158824920654297
0.0238876342773438 0.00564193725585938 -0.0349864959716797 0.0162620544433594
0.024169921875 0.0112228393554688 -0.0368804931640625 0.00530242919921875
0.0150165557861328 0.0214862823486328 -0.0338306427001953 -0.00676155090332032
0.00114059448242187 0.0285682678222656 -0.0185737609863281 -0.0144367218017578
-0.0254344940185547 0.0180492401123047 -0.00541591644287109 -0.0099649429321289
-0.0370445251464844 -0.00685501098632813 -0.0224628448486328 0.0128746032714844
-0.0305118560791016 -0.0270576477050781 -0.0627593994140625 -0.000640869140624988
0.000379562377929687 0.0247707366943359 0.0601539611816406 0.000183105468750002
0.0236396789550781 0.00886726379394531 0.0254154205322266 -0.00468635559082031
0.0125551223754883 -0.0109930038452148 0.00678825378417969 0.0123519897460938
8.392333984375E-05 -0.0145988464355469 0.0229396820068359 0.0215911865234375
-0.00627040863037109 -0.0112123489379883 0.0390586853027344 0.00954437255859375
-0.0137434005737305 -0.00637340545654297 0.0436553955078125 -0.00964736938476563
-0.00914382934570313 -0.00377273559570312 0.0398635864257813 -0.0219879150390625
-0.00750112533569336 -0.00510120391845703 0.0329265594482422 -0.0198574066162109
-0.00911140441894531 -0.0095672607421875 0.0283660888671875 -0.0118370056152344
0.00112342834472656 -0.0137224197387695 0.0224838256835938 -0.00171852111816406
0.0141563415527344 -0.00967597961425781 0.00808858871459961 -0.000872135162353516
0.0175094604492188 0.00309944152832031 0.00639629364013672 -0.0110912322998047
0.0110816955566406 0.0206642150878906 0.0223770141601563 -0.0257339477539063
-2.67028808593737E-05 0.0314235687255859 0.04425048828125 -0.0229721069335938
-0.0152225494384766 0.0315761566162109 0.0407257080078125 -0.00582504272460937
-0.0224323272705078 0.0246772766113281 0.0572395324707031 0.0112266540527344
0.00390815734863281 0.0194759368896484 0.0254173278808594 0.00538253784179688
0.0041191577911377 0.00398135185241699 0.00894737243652344 0.0180263519287109
0.00356531143188477 0.00208902359008789 0.0265483856201172 0.0267143249511719
0.00396108627319336 -0.000480175018310547 0.0428276062011719 0.0118179321289063
0.00173020362854004 -0.00399971008300781 0.0467376708984375 -0.00933456420898438
0.00603818893432617 -0.00734186172485352 0.0427055358886719 -0.0209541320800781
0.00704050064086914 -0.00631904602050781 0.0337619781494141 -0.0177154541015625
0.00871944427490234 -0.0102996826171875 0.02874755859375 -0.00922584533691406
0.0177211761474609 -0.00816726684570313 0.0218429565429688 0.000911712646484374
0.0230293273925781 0.00381278991699219 0.00647211074829102 0.00204181671142578
0.0191974639892578 0.0190410614013672 0.00359344482421875 -0.00819826126098633
-0.00202369689941406 0.0317935943603516 0.0158557891845703 -0.0227317810058594
-0.0209579467773438 0.0367660522460937 0.0354576110839844 -0.0166549682617188
-0.0366058349609375 0.031494140625 0.0297088623046875 0.0029449462890625
-0.0452346801757813 0.0197257995605469 0.045318603515625 0.0225677490234375
-0.0189189910888672 0.0272922515869141 0.0175209045410156 0.0186614990234375
-0.00888633728027344 0.0201473236083984 0.00813674926757813 0.0261669158935547
0.00515556335449219 0.0216751098632812 0.0285015106201172 0.03173828125
0.0145034790039063 0.0132827758789063 0.0418357849121094 0.0145530700683594
0.0189743041992188 0.000646591186523438 0.0453529357910156 -0.00706100463867188
0.0213966369628906 -0.00913619995117187 0.0386238098144531 -0.01629638671875
0.0221633911132812 -0.00716781616210937 0.029083251953125 -0.0136337280273438
0.0247154235839844 -0.0105228424072266 0.0234088897705078 -0.00505256652832031
0.0308284759521484 -0.00252151489257813 0.0165214538574219 0.00366401672363281
0.0306491851806641 0.0146636962890625 0.00139713287353516 0.00291728973388672
0.0206298828125 0.0314655303955078 -0.000688552856445311 -0.00561189651489258
-0.0101280212402344 0.0400161743164063 0.00996017456054688 -0.0197811126708984
-0.0356597900390625 0.0392494201660156 0.0254096984863281 -0.00842857360839844
-0.0523262023925781 0.0284576416015625 0.0153732299804687 0.0115251541137695
-0.0596275329589844 0.0100975036621094 0.0265522003173828 0.0310592651367188
-0.041107177734375 0.028839111328125 0.00329017639160156 0.0295181274414063
-0.0218029022216797 0.0326385498046875 0.00390052795410156 0.0341224670410156
0.00290298461914062 0.0386772155761719 0.0241012573242188 0.0362548828125
0.0210113525390625 0.0252342224121094 0.0355491638183594 0.0162506103515625
0.0332317352294922 0.00572395324707031 0.0381011962890625 -0.00463104248046875
0.0339870452880859 -0.00912094116210937 0.0293827056884766 -0.00969123840332031
0.0323219299316406 -0.00654411315917969 0.0188140869140625 -0.00598335266113281
0.0359840393066406 -0.00849533081054688 0.0130643844604492 0.000537872314453124
0.0398902893066406 0.00141143798828125 0.00781059265136719 0.00573968887329102
0.0344829559326172 0.0223922729492188 -0.00429391860961914 0.0033562183380127
0.0200767517089844 0.038055419921875 -0.00439119338989258 -0.00485563278198242
-0.015838623046875 0.0427818298339844 0.00590801239013672 -0.0149927139282227
-0.0443038940429688 0.0364952087402344 0.0150213241577148 0.00186920166015625
-0.0602302551269531 0.0218276977539063 -0.00254440307617188 0.0175180435180664
-0.06414794921875 -0.0019073486328125 0.00160026550292968 0.0343666076660156
-0.0538787841796875 0.0225982666015625 -0.0149726867675781 0.0373191833496094
-0.0346794128417969 0.035797119140625 -0.00356674194335937 0.0394210815429688
-0.00276947021484375 0.0483474731445312 0.0162925720214844 0.0365486145019531
0.0229511260986328 0.0348415374755859 0.025115966796875 0.0158481597900391
0.0413970947265625 0.0115699768066406 0.0249557495117188 -0.00168800354003906
0.0410194396972656 -0.007080078125 0.0151805877685547 -0.00203514099121094
0.0380439758300781 -0.00512313842773438 0.00670146942138672 0.00140857696533203
0.04254150390625 -0.006195068359375 0.0013570785522461 0.00647449493408203
0.0441513061523437 0.00489425659179687 -0.00395488739013672 0.00775575637817383
0.034393310546875 0.0259685516357422 -0.0122966766357422 0.00310897827148437
0.0179519653320313 0.041351318359375 -0.00853157043457031 -0.00495481491088867
-0.0208015441894531 0.0415687561035156 0.00397014617919922 -0.0117454528808594
-0.0490303039550781 0.0300636291503906 0.0057525634765625 0.0105600357055664
-0.0623092651367187 0.0122222900390625 -0.0209121704101563 0.0205860137939453
-0.05517578125 -0.0135040283203125 -0.0206737518310547 0.0337142944335938
-0.0547637939453125 0.00979995727539062 -0.0319709777832031 0.03863525390625
-0.0399894714355469 0.0283050537109375 -0.0120010375976563 0.0390243530273438
-0.00998306274414062 0.0467948913574219 0.00654411315917968 0.0322799682617188
0.0175628662109375 0.0375137329101563 0.0123491287231445 0.0124149322509766
0.0396614074707031 0.0163078308105469 0.00923538208007813 0.000953674316406251
0.0410118103027344 -0.0030670166015625 -0.00023984909057617 0.00421524047851563
0.037261962890625 -0.00278472900390625 -0.00734233856201172 0.00847911834716797
0.0421791076660156 -0.003265380859375 -0.0118589401245117 0.0119466781616211
0.04217529296875 0.00684738159179687 -0.0159749984741211 0.00826454162597656
0.0321235656738281 0.0271549224853516 -0.0196075439453125 0.000736236572265624
0.0134010314941406 0.0407867431640625 -0.0110530853271484 -0.00671195983886718
-0.0244598388671875 0.0366630554199219 0.00168991088867187 -0.00883674621582031
-0.0505447387695313 0.0199699401855469 -0.00353240966796875 0.0163650512695313
-0.0588226318359375 0.000495910644531238 -0.03759765625 0.0193824768066406
-0.0357742309570313 -0.0235404968261719 -0.0382156372070313 0.0277290344238281
-0.0418663024902344 -0.00541305541992188 -0.0434837341308594 0.0357742309570312
-0.0358810424804687 0.0133895874023438 -0.0177192687988281 0.0352821350097656
-0.0153980255126953 0.0338287353515625 -0.000988006591796878 0.0253868103027344
0.00909042358398438 0.0314769744873047 0.00102901458740234 0.00721406936645508
0.0306110382080078 0.0176639556884766 -0.00609111785888672 0.00206327438354492
0.0340766906738281 0.00133323669433594 -0.0145721435546875 0.00963592529296875
0.0308647155761719 0.00093841552734375 -0.0195808410644531 0.0150928497314453
0.0356979370117188 -0.00046539306640625 -0.0237140655517578 0.0160541534423828
0.035797119140625 0.0078887939453125 -0.027008056640625 0.00823974609375
0.0259475708007813 0.0240631103515625 -0.0275115966796875 -0.001129150390625
0.0101661682128906 0.0354957580566406 -0.0157709121704102 -0.0101585388183594
-0.0253849029541016 0.0294857025146484 -0.000564575195312501 -0.00907611846923828
-0.0462074279785156 0.00905227661132813 -0.0113658905029297 0.0175819396972656
-0.0488128662109375 -0.0121536254882812 -0.0518646240234375 0.0144309997558594
-0.0107898712158203 -0.0297222137451172 -0.045379638671875 0.0200386047363281
-0.0214576721191406 -0.0193672180175781 -0.0467529296875 0.028961181640625
-0.02392578125 -0.00430488586425781 -0.0184059143066406 0.0308284759521484
-0.0183124542236328 0.0149593353271484 -0.00491905212402344 0.0177497863769531
-0.00152015686035156 0.0202751159667969 -0.00620651245117188 0.00235462188720703
0.0166501998901367 0.0159006118774414 -0.0165519714355469 0.00171756744384765
0.0215244293212891 0.00548362731933594 -0.0259246826171875 0.0126705169677734
0.0199432373046875 0.00304031372070313 -0.0293388366699219 0.0195217132568359
0.0241432189941406 0.00259780883789062 -0.0338802337646484 0.0189781188964844
0.0249576568603516 0.00741004943847656 -0.0364341735839844 0.00822830200195313
0.0182819366455078 0.0194854736328125 -0.0339298248291016 -0.00381851196289062
0.0051422119140625 0.0281620025634766 -0.0197906494140625 -0.0139236450195312
-0.0227489471435547 0.0203590393066406 -0.00524520874023438 -0.0098724365234375
-0.0369110107421875 -0.00190734863281251 -0.0202178955078125 0.0145988464355469
-0.0331802368164062 -0.0225772857666016 -0.0611991882324219 0.00438690185546876
0.00189018249511719 0.0229988098144531 0.0589599609375 -0.003631591796875
0.0222682952880859 0.00688934326171875 0.0242137908935547 -0.00656509399414063
0.010563850402832 -0.011631965637207 0.00645923614501953 0.0113439559936523
-0.000931739807128907 -0.0130090713500977 0.0240287780761719 0.0207309722900391
-0.00715351104736328 -0.00988960266113281 0.0402450561523438 0.00696182250976562
-0.0141916275024414 -0.00410079956054688 0.0432701110839844 -0.0117988586425781
-0.00917148590087891 -0.00332546234130859 0.0382270812988281 -0.0241813659667969
-0.00708866119384766 -0.00432968139648438 0.0311203002929688 -0.0216827392578125
-0.00895595550537109 -0.0082540512084961 0.0272808074951172 -0.0139217376708984
-0.000542640686035156 -0.0126276016235352 0.0222530364990234 -0.00433158874511719
0.0121212005615234 -0.0103216171264648 0.00922298431396484 -0.00261974334716797
0.0167722702026367 0.00162506103515625 0.00673866271972656 -0.0114364624023437
0.0120048522949219 0.0183734893798828 0.0211753845214844 -0.0253734588623047
0.00240516662597656 0.0296821594238281 0.0424308776855469 -0.0250701904296875
-0.0124778747558594 0.0306224822998047 0.0405616760253906 -0.00907135009765625
-0.0211009979248047 0.0248947143554688 0.0565299987792969 0.0076446533203125
0.00344657897949219 0.0188732147216797 0.0242462158203125 0.00327873229980469
0.00307917594909668 0.00388550758361816 0.00895595550537109 0.0172815322875977
0.00344300270080566 0.00284337997436523 0.0277233123779297 0.0251407623291016
0.00368952751159668 -0.00024867057800293 0.0427742004394531 0.00905990600585938
0.00239992141723633 -0.00344514846801758 0.0462570190429688 -0.01171875
0.00574445724487305 -0.0073695182800293 0.0402030944824219 -0.0235939025878906
0.0076899528503418 -0.0070958137512207 0.0318565368652344 -0.0207977294921875
0.00794792175292969 -0.0100889205932617 0.0272121429443359 -0.0124111175537109
0.0161333084106445 -0.00839424133300781 0.0223846435546875 -0.00213623046875
0.0226554870605469 0.00249290466308594 0.0079340934753418 -0.000247955322265625
0.0191421508789063 0.0174503326416016 0.00462961196899414 -0.0081181526184082
0.000362396240234373 0.0308742523193359 0.0152511596679688 -0.0226306915283203
-0.0176506042480469 0.0365066528320313 0.0343513488769531 -0.0186386108398437
-0.0333747863769531 0.0319557189941406 0.0311660766601563 -0.000144958496093748
-0.0433998107910156 0.0214118957519531 0.0453758239746094 0.0185890197753906
-0.0184345245361328 0.0284576416015625 0.0177173614501953 0.0154323577880859
-0.00801467895507812 0.0211238861083984 0.0088653564453125 0.0250625610351563
0.005706787109375 0.0209941864013672 0.0288772583007813 0.0299663543701172
0.0149440765380859 0.0120029449462891 0.0415306091308594 0.0119132995605469
0.0191440582275391 -0.000240325927734375 0.0439605712890625 -0.01031494140625
0.0211601257324219 -0.0102157592773438 0.0368118286132812 -0.0190505981445312
0.0220088958740234 -0.0090789794921875 0.0270347595214844 -0.0156574249267578
0.0240345001220703 -0.0113296508789063 0.0220222473144531 -0.00744819641113281
0.0301055908203125 -0.00463485717773438 0.0165233612060547 0.000772476196289062
0.0310630798339844 0.0125141143798828 0.00299978256225586 0.00131964683532715
0.0215835571289063 0.0296134948730469 0.000674724578857423 -0.00625514984130859
-0.00779342651367188 0.0396270751953125 0.00985527038574219 -0.0193157196044922
-0.0320167541503906 0.0403175354003906 0.0244312286376953 -0.0105724334716797
-0.0490570068359375 0.0304222106933594 0.0172815322875977 0.0082387924194336
-0.058685302734375 0.0134811401367187 0.0272331237792969 0.0282382965087891
-0.0389442443847656 0.0312385559082031 0.00469398498535156 0.0267791748046875
-0.0208244323730469 0.0341815948486328 0.004608154296875 0.0325202941894531
0.00519561767578125 0.0380020141601563 0.0249500274658203 0.0342178344726563
0.0229110717773438 0.0240268707275391 0.0353240966796875 0.0140304565429688
0.0331192016601563 0.00347328186035156 0.0362167358398438 -0.0064239501953125
0.0333881378173828 -0.0109443664550781 0.0280246734619141 -0.0120468139648438
0.0323657989501953 -0.00953102111816406 0.0180473327636719 -0.00878143310546875
0.0356903076171875 -0.0114097595214844 0.0126552581787109 -0.00198841094970703
0.0395545959472656 -0.0008392333984375 0.00784063339233399 0.00310564041137695
0.0354270935058594 0.019195556640625 -0.00344753265380859 0.00190448760986328
0.0223770141601562 0.036285400390625 -0.00320005416870117 -0.00517463684082031
-0.0132865905761719 0.0432472229003906 0.00586700439453125 -0.0154848098754883
-0.0415229797363281 0.0393791198730469 0.0153312683105469 -0.000794410705566404
-0.0576057434082031 0.0248985290527344 6.96182250976536E-05 0.0151185989379883
-0.0640487670898438 0.00231552124023437 0.00368499755859375 0.0337543487548828
-0.0525588989257813 0.0263137817382813 -0.0123291015625 0.0354995727539063
-0.0325584411621094 0.0384941101074219 -0.00315475463867188 0.0377769470214844
0.000457763671875002 0.0481643676757812 0.0173511505126953 0.0348300933837891
0.0252761840820312 0.0333824157714844 0.024383544921875 0.0136432647705078
0.041534423828125 0.00832748413085938 0.0232372283935547 -0.00284194946289062
0.0405044555664063 -0.00955963134765625 0.0145263671875 -0.00343132019042969
0.0375595092773438 -0.00836944580078125 0.00551557540893555 0.000400543212890625
0.0413589477539062 -0.00955581665039062 0.000685214996337893 0.00523662567138672
0.0437698364257813 0.00107574462890625 -0.00355958938598633 0.00591659545898438
0.037017822265625 0.0231781005859375 -0.0114040374755859 0.00224876403808594
0.02069091796875 0.0397834777832031 -0.00728654861450195 -0.00584602355957031
-0.0179405212402344 0.0425796508789063 0.00351142883300781 -0.0120153427124023
-0.0465278625488281 0.0338668823242188 0.00722503662109375 0.0091705322265625
-0.0606689453125 0.0162124633789063 -0.0178432464599609 0.0195560455322266
-0.0559120178222656 -0.00976562499999999 -0.0181808471679687 0.034027099609375
-0.0539627075195312 0.0136604309082031 -0.0291824340820313 0.0385856628417969
-0.0379600524902344 0.032012939453125 -0.0108451843261719 0.0382423400878906
-0.00698089599609375 0.0469932556152344 0.00738334655761719 0.0311279296875
0.0210304260253906 0.0360260009765625 0.0112743377685547 0.0117292404174805
0.0409965515136719 0.0128097534179688 0.00870084762573242 0.00034618377685547
0.0403633117675781 -0.006103515625 -0.00012850761413574 0.00380611419677734
0.0367050170898438 -0.00606918334960938 -0.00699043273925781 0.00867223739624023
0.0414772033691406 -0.0074005126953125 -0.0116519927978516 0.0116567611694336
0.0424461364746094 0.00310516357421875 -0.0156736373901367 0.00815105438232422
0.0336170196533203 0.0241565704345703 -0.0192737579345703 0.000568389892578126
0.0169754028320313 0.0387535095214844 -0.0107297897338867 -0.00729560852050781
-0.0212249755859375 0.0384025573730469 0.00135326385498047 -0.00940990447998047
-0.0481529235839844 0.0245285034179688 -0.00180912017822266 0.0152339935302734
-0.0573196411132813 0.00458526611328125 -0.0345077514648438 0.0194454193115234
-0.0377731323242188 -0.0199623107910156 -0.0354652404785156 0.0294456481933594
-0.0417327880859375 -0.00179672241210938 -0.0404777526855469 0.0363616943359375
-0.0342922210693359 0.0161209106445312 -0.0156326293945313 0.0351104736328125
-0.0127792358398437 0.0347328186035156 -0.000185012817382812 0.0242595672607422
0.0116615295410156 0.0310497283935547 0.000214099884033205 0.00727987289428711
0.0318260192871094 0.0144081115722656 -0.00643587112426758 0.00233650207519531
0.0334682464599609 -0.00177192687988281 -0.0139951705932617 0.0103464126586914
0.0306491851806641 -0.00274085998535156 -0.0182838439941406 0.0163516998291016
0.034942626953125 -0.00375175476074219 -0.0230293273925781 0.0171737670898438
0.0356674194335937 0.00450515747070312 -0.0267353057861328 0.00965309143066406
0.0276641845703125 0.0220432281494141 -0.0274467468261719 -0.000495910644531251
0.0123195648193359 0.0347309112548828 -0.0154314041137695 -0.0102548599243164
-0.0229892730712891 0.0310649871826172 -0.00115966796875 -0.00908470153808594
-0.0443000793457031 0.0127944946289063 -0.00963592529296875 0.0179328918457031
-0.0488662719726563 -0.00753402709960938 -0.049560546875 0.0162086486816406
-0.0134658813476563 -0.0277137756347656 -0.0433349609375 0.02203369140625
-0.0227928161621094 -0.0163555145263672 -0.0439949035644531 0.0313720703125
-0.024322509765625 -0.00203132629394531 -0.0172824859619141 0.0302410125732422
-0.0160188674926758 0.0166664123535156 -0.00542831420898438 0.0174331665039063
0.000715255737304687 0.0202617645263672 -0.00705432891845703 0.00338649749755859
0.0179443359375 0.0137233734130859 -0.0167407989501953 0.0033111572265625
0.0215301513671875 0.00295639038085938 -0.0247554779052734 0.0142364501953125
0.0203304290771484 0.00115776062011719 -0.0273017883300781 0.0207176208496094
0.024017333984375 -0.000253677368164063 -0.0323772430419922 0.0204734802246094
0.0250797271728516 0.004669189453125 -0.0361480712890625 0.009796142578125
0.0194854736328125 0.0170707702636719 -0.0339794158935547 -0.00223541259765625
0.00750732421875 0.0264129638671875 -0.0196285247802734 -0.0124225616455078
-0.0202617645263672 0.0211544036865234 -0.00490665435791016 -0.0101842880249023
-0.0359001159667969 0.00178909301757812 -0.0188694000244141 0.0145950317382812
-0.0338764190673828 -0.0183563232421875 -0.0598411560058594 0.00743865966796874
0.00284385681152344 0.0217151641845703 0.0577812194824219 -0.00446319580078125
0.0211086273193359 0.00518417358398437 0.0229225158691406 -0.00701904296875
0.00936317443847656 -0.0115623474121094 0.00632667541503906 0.0112447738647461
-0.00152397155761719 -0.0129480361938477 0.0240955352783203 0.0197677612304688
-0.00795841217041015 -0.00899028778076172 0.0402641296386719 0.00625991821289062
-0.013392448425293 -0.00281715393066406 0.0435333251953125 -0.0130958557128906
-0.00915431976318359 -0.00248432159423828 0.037445068359375 -0.0256156921386719
-0.00687932968139648 -0.00387239456176758 0.030029296875 -0.0236454010009766
-0.00914478302001953 -0.0066680908203125 0.0262985229492188 -0.0157699584960938
-0.000728607177734374 -0.0116844177246094 0.0224819183349609 -0.00635719299316406
0.0108938217163086 -0.0102033615112305 0.01055908203125 -0.00338363647460938
0.0159244537353516 0.000794410705566406 0.00807285308837891 -0.0114307403564453
0.0124645233154297 0.0167121887207031 0.0212078094482422 -0.0246944427490234
0.00344657897949219 0.0280647277832031 0.0417938232421875 -0.0253829956054687
-0.0105743408203125 0.0292720794677734 0.041015625 -0.0109901428222656
-0.0208988189697266 0.0242958068847656 0.0559730529785156 0.0061187744140625
0.00323677062988281 0.0181179046630859 0.0231037139892578 0.00190162658691406
0.00228595733642578 0.00448942184448242 0.00842475891113281 0.0170965194702148
0.00314068794250488 0.00274872779846191 0.0276699066162109 0.024169921875
0.0037839412689209 0.000189304351806641 0.0424308776855469 0.00852203369140625
0.00253939628601074 -0.00227046012878418 0.0458030700683594 -0.01300048828125
0.00627994537353516 -0.00688409805297852 0.0390472412109375 -0.0248298645019531
0.00803279876708984 -0.0075068473815918 0.0300559997558594 -0.0221881866455078
0.00787258148193359 -0.00973415374755859 0.0261859893798828 -0.0139923095703125
0.0157623291015625 -0.00836181640625 0.0222587585449219 -0.00409889221191406
0.0219535827636719 0.0018768310546875 0.00911903381347657 -0.00174140930175781
0.0190811157226563 0.0166282653808594 0.00565433502197266 -0.0085139274597168
0.000808715820312498 0.0303306579589844 0.0159015655517578 -0.022491455078125
-0.0163917541503906 0.0363731384277344 0.0338306427001953 -0.0196533203125
-0.0313625335693359 0.0318794250488281 0.0323829650878906 -0.00204658508300781
-0.042877197265625 0.0222587585449219 0.0455284118652344 0.0170249938964844
-0.0183582305908203 0.02801513671875 0.0168771743774414 0.0137538909912109
-0.00833892822265625 0.0216293334960938 0.00774574279785156 0.0244617462158203
0.00646591186523438 0.0213546752929688 0.0286407470703125 0.0293254852294922
0.0156116485595703 0.0120878219604492 0.0410194396972656 0.0107688903808594
0.0191993713378906 -0.000532150268554688 0.0432929992675781 -0.0109176635742187
0.0212440490722656 -0.0105609893798828 0.0354461669921875 -0.0202560424804688
0.0217781066894531 -0.00967216491699219 0.0257320404052734 -0.0173797607421875
0.0237941741943359 -0.0118141174316406 0.0206851959228516 -0.00926399230957031
0.03033447265625 -0.00543785095214844 0.0165185928344727 -0.00156116485595703
0.0311813354492188 0.0114936828613281 0.00369763374328613 -0.000490427017211913
0.0223617553710938 0.0284938812255859 0.00165033340454102 -0.00735139846801758
-0.00705718994140625 0.0398979187011719 0.0100860595703125 -0.0195026397705078
-0.0311126708984375 0.040863037109375 0.0249881744384766 -0.0114059448242187
-0.0469589233398437 0.030853271484375 0.0184726715087891 0.00630569458007813
-0.0584831237792969 0.0152015686035156 0.0277786254882812 0.0266456604003906
-0.0379905700683594 0.0319786071777344 0.00497627258300781 0.02545166015625
-0.0201644897460938 0.0354652404785156 0.00365638732910156 0.0314540863037109
0.00687026977539062 0.0379447937011719 0.0247383117675781 0.0325717926025391
0.0240440368652344 0.0235328674316406 0.0347881317138672 0.0133438110351563
0.0330982208251953 0.00281906127929687 0.0353927612304688 -0.00761795043945313
0.0334453582763672 -0.0123043060302734 0.0268650054931641 -0.0131626129150391
0.0321903228759766 -0.0108509063720703 0.0166091918945313 -0.00956821441650391
0.0352897644042969 -0.0129165649414063 0.0116291046142578 -0.00323104858398438
0.0396728515625 -0.0028228759765625 0.00740766525268555 0.00161075592041016
0.0365791320800781 0.0179634094238281 -0.00285696983337402 0.000345945358276369
0.0237197875976563 0.0354499816894531 -0.00239086151123047 -0.00642538070678711
-0.0122261047363281 0.0440177917480469 0.00590610504150391 -0.0156955718994141
-0.0400810241699219 0.0409393310546875 0.0154485702514648 -0.00203609466552734
-0.0561866760253906 0.0258255004882813 0.00168800354003906 0.0133152008056641
-0.063812255859375 0.00468826293945314 0.00446891784667968 0.0323505401611328
-0.0515708923339844 0.0277938842773438 -0.0118827819824219 0.0342674255371094
-0.0318679809570313 0.0400428771972656 -0.00350189208984375 0.0364799499511719
0.00214004516601562 0.0487136840820313 0.0172576904296875 0.0338459014892578
0.0266914367675781 0.0324039459228516 0.0236434936523438 0.0133171081542969
0.0416450500488281 0.0071258544921875 0.0222740173339844 -0.003570556640625
0.040069580078125 -0.0112800598144531 0.013916015625 -0.00454998016357422
0.0374717712402344 -0.0102310180664063 0.0053253173828125 -0.000492095947265626
0.0413360595703125 -0.0121612548828125 -0.000251770019531248 0.00465583801269531
0.0442314147949219 -0.00105667114257813 -0.00367927551269531 0.00484275817871094
0.0377655029296875 0.0215682983398438 -0.0114021301269531 0.000716209411621093
0.0223579406738281 0.0386772155761719 -0.00647974014282226 -0.00650453567504883
-0.0167388916015625 0.0433616638183594 0.00382137298583984 -0.0125102996826172
-0.04534912109375 0.0358161926269531 0.00767421722412109 0.00772666931152344
-0.05963134765625 0.0176963806152344 -0.0159339904785156 0.0185756683349609
-0.0565032958984375 -0.00746154785156249 -0.0174026489257813 0.0333518981933594
-0.0535392761230469 0.0157356262207031 -0.0277862548828125 0.0376663208007813
-0.0376205444335938 0.0338211059570313 -0.0110397338867188 0.0367355346679688
-0.00507354736328125 0.0474395751953125 0.00727462768554687 0.0304832458496094
0.02239990234375 0.0352745056152344 0.0106611251831055 0.0114173889160156
0.0411567687988281 0.0109062194824219 0.00765323638916016 0.000247478485107423
0.040435791015625 -0.00838088989257813 -0.000269651412963865 0.00426197052001953
0.0367012023925781 -0.00782394409179688 -0.00687789916992187 0.00883865356445313
0.0410919189453125 -0.00931930541992188 -0.0117549896240234 0.011260986328125
0.0427703857421875 0.000759124755859375 -0.0156431198120117 0.00697803497314453
0.0348243713378906 0.0227165222167969 -0.0194644927978516 -6.48498535156225E-05
0.0187606811523438 0.0381813049316406 -0.0108098983764648 -0.00806617736816406
-0.0204010009765625 0.0392074584960937 0.00121974945068359 -0.00983810424804687
-0.0467948913574219 0.0266265869140625 -0.000997543334960941 0.0143346786499023
-0.0567245483398438 0.00657653808593749 -0.0327930450439453 0.0188255310058594
-0.0383796691894531 -0.0179443359375 -0.03515625 0.0297584533691406
-0.0421333312988281 0.000186920166015632 -0.0396957397460938 0.0362586975097656
-0.0341663360595703 0.0183143615722656 -0.015960693359375 0.0343074798583984
-0.01092529296875 0.0357322692871094 -0.00079345703125 0.0246047973632813
0.0133953094482422 0.0299053192138672 -0.000657081604003905 0.0079655647277832
0.0326404571533203 0.0123748779296875 -0.00696182250976562 0.00299358367919922
0.0331745147705078 -0.0037078857421875 -0.0136327743530273 0.010650634765625
0.0303745269775391 -0.00425529479980469 -0.0179195404052734 0.0165767669677734
0.0346240997314453 -0.00578880310058594 -0.0229530334472656 0.0173797607421875
0.036041259765625 0.00214004516601563 -0.0268287658691406 0.00983238220214844
0.0290184020996094 0.0203876495361328 -0.0273590087890625 -0.000909805297851563
0.0137786865234375 0.0340442657470703 -0.0152902603149414 -0.0104141235351562
-0.0216884613037109 0.0314712524414063 -0.00125312805175781 -0.00986862182617187
-0.0434913635253906 0.0151481628417969 -0.00926971435546876 0.0168657302856445
-0.0481796264648438 -0.00531005859374999 -0.0478553771972656 0.0160713195800781
-0.0146121978759766 -0.0263957977294922 -0.0427474975585938 0.0227508544921875
-0.0234146118164063 -0.014617919921875 -0.0427742004394531 0.0310897827148437
-0.0241451263427734 -0.000181198120117188 -0.0169639587402344 0.0296382904052734
-0.0148372650146484 0.0175819396972656 -0.0060577392578125 0.0177116394042969
0.00228118896484375 0.0197029113769531 -0.0077672004699707 0.00391292572021485
0.0186805725097656 0.0120429992675781 -0.0168619155883789 0.00435638427734375
0.0215778350830078 0.00122642517089844 -0.0239620208740234 0.0157356262207031
0.0199527740478516 -0.000438690185546875 -0.0263214111328125 0.0218353271484375
0.0234394073486328 -0.0019073486328125 -0.0316429138183594 0.0214462280273438
0.0252227783203125 0.00292587280273438 -0.0360374450683594 0.0101127624511719
0.0200958251953125 0.0158042907714844 -0.0337581634521484 -0.00229454040527344
0.00876045227050781 0.0252418518066406 -0.0194625854492188 -0.012786865234375
-0.0194911956787109 0.0218067169189453 -0.00501632690429688 -0.010498046875
-0.0355224609375 0.00339508056640625 -0.0175237655639648 0.0150299072265625
-0.0335826873779297 -0.0168304443359375 -0.05877685546875 0.00764846801757813
0.00276947021484375 0.0214290618896484 0.0587882995605469 -0.00486373901367187
0.0206146240234375 0.00461387634277344 0.0228271484375 -0.00789451599121094
0.0094919204711914 -0.011927604675293 0.00606346130371094 0.0119047164916992
-0.00188159942626953 -0.0126008987426758 0.0247631072998047 0.0206718444824219
-0.00820684432983398 -0.00875663757324219 0.04132080078125 0.0055389404296875
-0.0135202407836914 -0.00225734710693359 0.0445709228515625 -0.0141754150390625
-0.00851058959960938 -0.00185012817382813 0.03790283203125 -0.0269050598144531
-0.00643730163574219 -0.00348043441772461 0.0301799774169922 -0.0249309539794922
-0.00847148895263672 -0.00614595413208008 0.0265274047851563 -0.0172786712646484
-0.00140953063964844 -0.0113019943237305 0.0229740142822266 -0.00784873962402344
0.0104169845581055 -0.0105876922607422 0.0113763809204102 -0.00512599945068359
0.0159797668457031 0.000212669372558594 0.00945377349853516 -0.0119791030883789
0.0124149322509766 0.0162467956542969 0.0221538543701172 -0.0246944427490234
0.00419807434082031 0.0272941589355469 0.0422477722167969 -0.0263137817382813
-0.00957298278808594 0.0288143157958984 0.0427055358886719 -0.0122222900390625
-0.0209312438964844 0.0247020721435547 0.0569915771484375 0.00584793090820313
0.00241661071777344 0.0184135437011719 0.0229873657226563 0.00135612487792969
0.00191259384155273 0.00530052185058594 0.00823211669921875 0.0173473358154297
0.00350689888000488 0.00365090370178223 0.02813720703125 0.0248298645019531
0.00379252433776855 0.000739574432373047 0.0436515808105469 0.00811767578125
0.00277948379516602 -0.00192141532897949 0.0462532043457031 -0.0141868591308594
0.00672531127929687 -0.00693082809448242 0.03900146484375 -0.0266761779785156
0.00875234603881836 -0.00738239288330078 0.0302143096923828 -0.0238914489746094
0.00883865356445313 -0.00979232788085938 0.0259246826171875 -0.0159225463867188
0.0161046981811523 -0.00800418853759766 0.0225944519042969 -0.00644302368164063
0.0218963623046875 0.00166130065917969 0.0094451904296875 -0.00328254699707031
0.0194873809814453 0.0163974761962891 0.00711536407470703 -0.00951099395751953
0.00121116638183594 0.0302486419677734 0.0168476104736328 -0.0221633911132813
-0.0163154602050781 0.0364265441894531 0.0349960327148438 -0.0210170745849609
-0.0309333801269531 0.0319671630859375 0.0342235565185547 -0.00365066528320312
-0.0436897277832031 0.0229988098144531 0.0461807250976563 0.0168037414550781
-0.0188426971435547 0.0289192199707031 0.016998291015625 0.0128183364868164
-0.00898361206054688 0.0231857299804688 0.00724411010742187 0.0245265960693359
0.00711441040039063 0.0226459503173828 0.0289077758789063 0.0293369293212891
0.0163602828979492 0.0125961303710938 0.0416946411132813 0.0104866027832031
0.0203151702880859 -0.00026702880859375 0.0433158874511719 -0.0116920471191406
0.0220699310302734 -0.0115013122558594 0.035736083984375 -0.0219764709472656
0.0224151611328125 -0.0106239318847656 0.0252189636230469 -0.0188617706298828
0.0245742797851563 -0.0127487182617188 0.0206947326660156 -0.0107841491699219
0.0311050415039063 -0.00582695007324219 0.0171670913696289 -0.00378322601318359
0.0320110321044922 0.0112953186035156 0.00459146499633789 -0.00165748596191406
0.0227317810058594 0.0286407470703125 0.00287914276123047 -0.00782346725463867
-0.006927490234375 0.0407066345214844 0.0110359191894531 -0.0199642181396484
-0.0308723449707031 0.04229736328125 0.0254993438720703 -0.0128936767578125
-0.047119140625 0.03155517578125 0.0202999114990234 0.00482559204101563
-0.0599555969238281 0.0162239074707031 0.0283069610595703 0.0265522003173828
-0.039093017578125 0.0334014892578125 0.00477600097656249 0.0247287750244141
-0.0208168029785156 0.0372810363769531 0.00301170349121093 0.0316905975341797
0.00757598876953125 0.0393218994140625 0.0250568389892578 0.03302001953125
0.0252971649169922 0.0241413116455078 0.0351982116699219 0.0133094787597656
0.0348415374755859 0.00244712829589844 0.0354843139648438 -0.00791549682617188
0.0339374542236328 -0.0136013031005859 0.0269947052001953 -0.0146389007568359
0.0331001281738281 -0.0121879577636719 0.0165996551513672 -0.0109701156616211
0.0362396240234375 -0.0136947631835938 0.0112800598144531 -0.00401687622070313
0.0409126281738281 -0.00378036499023438 0.00743961334228516 -0.000484943389892578
0.0378684997558594 0.0171890258789063 -0.00257015228271484 -0.0011744499206543
0.0252494812011719 0.0357666015625 -0.00186347961425781 -0.00736284255981445
-0.0120010375976563 0.0457992553710937 0.00654125213623047 -0.016270637512207
-0.0401611328125 0.0425872802734375 0.0162725448608398 -0.00292110443115234
-0.0565986633300781 0.02740478515625 0.0031290054321289 0.0120811462402344
-0.0656967163085938 0.00596618652343751 0.00502586364746093 0.0324440002441406
-0.0526199340820312 0.0297584533691406 -0.0117664337158203 0.0337371826171875
-0.0326004028320312 0.0426750183105469 -0.00415802001953125 0.0364799499511719
0.00328445434570312 0.0494613647460938 0.0169677734375 0.0342044830322266
0.0284023284912109 0.0329685211181641 0.0235214233398438 0.0135288238525391
0.0429191589355469 0.0064239501953125 0.0220127105712891 -0.00334739685058594
0.0407791137695313 -0.0128059387207031 0.0140151977539063 -0.00500202178955078
0.0384864807128906 -0.0119590759277344 0.00513982772827149 -0.00117015838623047
0.0423583984375 -0.0134963989257812 -0.000402927398681638 0.00363802909851074
0.0451126098632813 -0.00265121459960938 -0.0038449764251709 0.00386977195739746
0.0394630432128906 0.0213165283203125 -0.0113697052001953 -0.000296592712402342
0.0237197875976562 0.039093017578125 -0.00647544860839844 -0.0078582763671875
-0.0167427062988281 0.0457191467285156 0.00375461578369141 -0.0131139755249023
-0.0455169677734375 0.0380058288574219 0.00849390029907226 0.00705814361572266
-0.0601387023925781 0.0196876525878906 -0.0149240493774414 0.0171966552734375
-0.0585861206054687 -0.00587463378906249 -0.0175151824951172 0.0334510803222656
-0.0541343688964844 0.0173225402832031 -0.0280838012695312 0.0374794006347656
-0.0382575988769531 0.0359535217285156 -0.0116119384765625 0.0367355346679687
-0.00381851196289062 0.0485572814941406 0.00690460205078125 0.0310096740722656
0.0243568420410156 0.03582763671875 0.0103206634521484 0.0122871398925781
0.042694091796875 0.0100975036621094 0.00666666030883789 0.000717163085937501
0.0409126281738281 -0.0100631713867187 -0.000233411788940427 0.00402569770812988
0.0374107360839844 -0.00944900512695312 -0.00713968276977539 0.00871515274047852
0.0416603088378906 -0.0113334655761719 -0.0125951766967773 0.0110569000244141
0.0438575744628906 -0.000286102294921875 -0.0162582397460937 0.00696659088134765
0.0367660522460938 0.0220565795898438 -0.0200157165527344 -0.000366210937499996
0.020263671875 0.0383033752441406 -0.0112476348876953 -0.0092620849609375
-0.0200767517089844 0.0409507751464844 0.00125408172607422 -0.0107593536376953
-0.047119140625 0.0291671752929688 -0.000294685363769535 0.0135250091552734
-0.0573234558105469 0.00816345214843749 -0.0323867797851563 0.0182952880859375
-0.0400390625 -0.0169754028320313 -0.0352745056152344 0.0299644470214844
-0.0431365966796875 0.00179672241210937 -0.0401382446289063 0.0361099243164062
-0.0348148345947266 0.0199432373046875 -0.0167503356933594 0.0336875915527344
-0.00965499877929687 0.0367507934570313 -0.00140571594238281 0.0242977142333984
0.0148239135742187 0.0301055908203125 -0.00131893157958984 0.00848722457885742
0.0336494445800781 0.0118083953857422 -0.00780820846557617 0.0035243034362793
0.0337753295898438 -0.00569915771484375 -0.0138015747070312 0.0115165710449219
0.0311641693115234 -0.006072998046875 -0.0179843902587891 0.0172519683837891
0.0351982116699219 -0.00756454467773438 -0.0236301422119141 0.0180854797363281
0.0366287231445313 0.00084686279296875 -0.0274124145507812 0.00996971130371094
0.0309295654296875 0.0198707580566406 -0.0284385681152344 -0.000860214233398441
0.0157070159912109 0.0335903167724609 -0.0155725479125977 -0.0111255645751953
-0.0215473175048828 0.0332298278808594 -0.00155448913574219 -0.0106496810913086
-0.0438423156738281 0.0172958374023438 -0.00833511352539063 0.0168905258178711
-0.0486869812011719 -0.00400543212890625 -0.0479927062988281 0.0153541564941406
-0.016204833984375 -0.0258541107177734 -0.0434837341308594 0.0238189697265625
-0.0244865417480469 -0.0137538909912109 -0.0435791015625 0.0316619873046875
-0.0248470306396484 0.001251220703125 -0.0177555084228516 0.0291996002197266
-0.0138969421386719 0.0184116363525391 -0.00691795349121094 0.0177383422851563
0.00333976745605469 0.0198554992675781 -0.00893115997314453 0.00510311126708984
0.0192394256591797 0.0108776092529297 -0.0175352096557617 0.00551795959472656
0.0214767456054688 -5.53131103515625E-05 -0.0230445861816406 0.0165348052978516
0.0203933715820313 -0.00130462646484375 -0.0262355804443359 0.0226173400878906
0.0236606597900391 -0.00294113159179687 -0.0321445465087891 0.0225124359130859
0.0255393981933594 0.00166893005371094 -0.036834716796875 0.0106544494628906
0.0211868286132813 0.0149192810058594 -0.0346145629882813 -0.00232315063476563
0.00998687744140625 0.0251827239990234 -0.0198287963867188 -0.0134716033935547
-0.019317626953125 0.0223922729492188 -0.00489044189453125 -0.011265754699707
-0.0352020263671875 0.00490951538085938 -0.0175094604492188 0.0151805877685547
-0.03387451171875 -0.0157623291015625 -0.0593109130859375 0.00780868530273439
0.00341224670410156 0.0216789245605469 0.0610122680664063 -0.00531768798828125
0.0206966400146484 0.00436592102050781 0.0226154327392578 -0.00805854797363281
0.00916862487792969 -0.0120697021484375 0.00616359710693359 0.012446403503418
-0.00230693817138672 -0.0122652053833008 0.0262928009033203 0.0212669372558594
-0.00883769989013672 -0.00846481323242188 0.0432472229003906 0.00477218627929687
-0.0136175155639648 -0.00138568878173828 0.0465164184570313 -0.0164604187011719
-0.00886249542236328 -0.00161075592041016 0.0384254455566406 -0.0294418334960937
-0.0064997673034668 -0.00325679779052734 0.0305213928222656 -0.0274906158447266
-0.00879573822021484 -0.00536632537841797 0.0270462036132813 -0.0196037292480469
-0.00166511535644531 -0.0110206604003906 0.0241661071777344 -0.0102386474609375
0.0097198486328125 -0.0108184814453125 0.0129013061523438 -0.00612068176269531
0.0155315399169922 -0.000553131103515625 0.0110569000244141 -0.0130825042724609
0.0136117935180664 0.0159807205200195 0.0234260559082031 -0.0256843566894531
0.00492668151855469 0.0276241302490234 0.0441398620605469 -0.0281257629394531
-0.00916481018066406 0.0295982360839844 0.0455169677734375 -0.0143013000488281
-0.0213546752929688 0.0259323120117187 0.05926513671875 0.00523757934570313
0.00254058837890625 0.0192604064941406 0.0230751037597656 0.000741958618164064
0.00178670883178711 0.00657176971435547 0.00832748413085938 0.0177993774414063
0.00354909896850586 0.00430202484130859 0.0299053192138672 0.0253257751464844
0.00419425964355469 0.000895500183105469 0.0456008911132812 0.00715255737304687
0.00375676155090332 -0.00162816047668457 0.0483551025390625 -0.016082763671875
0.00733375549316406 -0.00779390335083008 0.0397071838378906 -0.0290870666503906
0.00912284851074219 -0.00833415985107422 0.0300693511962891 -0.0263347625732422
0.00910377502441406 -0.0103721618652344 0.0260906219482422 -0.0180797576904297
0.0167350769042969 -0.00864219665527344 0.0233917236328125 -0.00849723815917969
0.02288818359375 0.00147819519042969 0.0107545852661133 -0.00485992431640625
0.0202426910400391 0.0165004730224609 0.00815773010253906 -0.0106983184814453
0.00154304504394531 0.0314121246337891 0.0179386138916016 -0.0232639312744141
-0.01629638671875 0.037994384765625 0.0361366271972656 -0.0224761962890625
-0.0313358306884766 0.0334854125976563 0.0370941162109375 -0.00589752197265625
-0.0452957153320313 0.0255622863769531 0.0486907958984375 0.0160980224609375
-0.0194435119628906 0.0308666229248047 0.0167331695556641 0.0123882293701172
-0.008392333984375 0.0256385803222656 0.00746726989746094 0.0255756378173828
0.00843620300292969 0.02337646484375 0.0303802490234375 0.0301513671875
0.0176906585693359 0.0126419067382813 0.0435829162597656 0.00981521606445313
0.0216312408447266 -0.000675201416015625 0.0448265075683594 -0.0136451721191406
0.0230388641357422 -0.0129661560058594 0.0362396240234375 -0.0244941711425781
0.0233249664306641 -0.0126266479492187 0.0253353118896484 -0.0208454132080078
0.0255279541015625 -0.0142612457275391 0.0205574035644531 -0.0129776000976563
0.0322036743164063 -0.00705528259277344 0.0177631378173828 -0.00583076477050781
0.0338668823242188 0.0109691619873047 0.00503063201904297 -0.00361728668212891
0.0250797271728516 0.0293865203857422 0.00358963012695313 -0.00951671600341797
-0.0059661865234375 0.0427703857421875 0.0113925933837891 -0.0206832885742187
-0.0316886901855469 0.0446624755859375 0.0268001556396484 -0.0143013000488281
-0.0484886169433594 0.0338859558105469 0.0229778289794922 0.00319480895996094
-0.0623283386230469 0.0192718505859375 0.0300865173339844 0.0269279479980469
-0.0402259826660156 0.0361976623535156 0.00495338439941406 0.0248603820800781
-0.0209312438964844 0.0408973693847656 0.00308990478515625 0.0327053070068359
0.00919342041015625 0.0413932800292969 0.0260200500488281 0.0341739654541016
0.0276908874511719 0.024566650390625 0.0362701416015625 0.01324462890625
0.0365028381347656 0.00168991088867187 0.0361824035644531 -0.00874710083007812
0.0352058410644531 -0.0154647827148437 0.0276756286621094 -0.0161972045898438
0.0343685150146484 -0.014434814453125 0.0170555114746094 -0.0127077102661133
0.0376815795898438 -0.0164451599121094 0.0108976364135742 -0.00565719604492188
0.0425872802734375 -0.00578689575195313 0.0075225830078125 -0.00173377990722656
0.0407791137695312 0.0170173645019531 -0.00269246101379394 -0.00238847732543945
0.0276527404785156 0.0369224548339844 -0.00112295150756836 -0.00860309600830078
-0.0113029479980469 0.048675537109375 0.00699901580810547 -0.0173130035400391
-0.0409469604492188 0.0464096069335937 0.0174188613891602 -0.00431537628173828
-0.0585365295410156 0.0301971435546875 0.00482654571533203 0.0112085342407227
-0.069000244140625 0.00856399536132811 0.00595092773437499 0.0332813262939453
-0.0542564392089844 0.0328216552734375 -0.0120849609375 0.0344085693359375
-0.0331497192382813 0.0466461181640625 -0.00412368774414063 0.0373916625976563
0.00541305541992187 0.0520362854003906 0.0175914764404297 0.0350265502929688
0.031494140625 0.0335006713867188 0.0242767333984375 0.0141563415527344
0.0449676513671875 0.00519180297851563 0.0221881866455078 -0.00369071960449219
0.0423622131347656 -0.01519775390625 0.0143337249755859 -0.00591468811035156
0.0401115417480469 -0.0143089294433594 0.00503063201904297 -0.00173568725585938
0.0439109802246094 -0.0167732238769531 -0.0010380744934082 0.00337934494018555
0.0476608276367188 -0.00471115112304687 -0.0044097900390625 0.00316953659057617
0.0426139831542969 0.0204582214355469 -0.012080192565918 -0.00114727020263672
0.0273361206054688 0.0398750305175781 -0.00651264190673828 -0.00913429260253906
-0.0158195495605469 0.0488700866699219 0.00415706634521484 -0.0142288208007812
-0.0462875366210937 0.0418891906738281 0.00910091400146484 0.00645732879638672
-0.0624275207519531 0.0222091674804687 -0.0142288208007813 0.0171546936035156
-0.0615196228027344 -0.00419616699218751 -0.0176105499267578 0.0349311828613281
-0.0563697814941406 0.0204238891601563 -0.0286293029785156 0.0385856628417969
-0.0390968322753906 0.0395965576171875 -0.0120582580566406 0.0380897521972656
-0.00185394287109375 0.0517616271972656 0.00694847106933594 0.0314750671386719
0.0273513793945313 0.03656005859375 0.0102958679199219 0.0131616592407227
0.0449485778808594 0.00846099853515625 0.0065603256225586 0.00116634368896484
0.0422439575195313 -0.0124320983886719 -4.81605529785132E-05 0.00417518615722656
0.0391464233398438 -0.0120010375976562 -0.00686168670654296 0.00887203216552734
0.0430526733398438 -0.0137901306152344 -0.0135164260864258 0.0117082595825195
0.0458335876464844 -0.00316238403320313 -0.0170516967773437 0.00700569152832031
0.039794921875 0.0213088989257812 -0.0211162567138672 -0.000926971435546873
0.0233612060546875 0.0392417907714844 -0.0115346908569336 -0.00982475280761718
-0.0193138122558594 0.0439834594726563 0.00129795074462891 -0.0117206573486328
-0.0483360290527344 0.0326423645019531 0.000471115112304685 0.0134391784667969
-0.0595626831054687 0.0107460021972656 -0.0326347351074219 0.0186901092529297
-0.0431251525878906 -0.0159263610839844 -0.0364952087402344 0.031829833984375
-0.0448837280273438 0.00391387939453124 -0.0409011840820313 0.0377006530761719
-0.0360488891601562 0.023193359375 -0.0169448852539063 0.0353546142578125
-0.0089111328125 0.0394744873046875 -0.0017852783203125 0.0251235961914063
0.0171871185302734 0.03125 -0.00172233581542969 0.00899982452392578
0.0356025695800781 0.0103569030761719 -0.00847482681274414 0.00473976135253907
0.0350055694580078 -0.00733757019042969 -0.0137300491333008 0.0126113891601563
0.0323104858398438 -0.00828170776367188 -0.0181865692138672 0.0180721282958984
0.0364036560058594 -0.00996017456054687 -0.0244331359863281 0.0194244384765625
0.0385971069335937 -0.00107955932617187 -0.0289211273193359 0.0102443695068359
0.0325794219970703 0.0193672180175781 -0.0298213958740234 -0.000833511352539056
0.0175342559814453 0.03436279296875 -0.0167713165283203 -0.0125198364257812
-0.0211334228515625 0.0356597900390625 -0.0016927719116211 -0.0111932754516602
-0.045013427734375 0.0203132629394531 -0.00794887542724609 0.0172061920166016
-0.0503807067871094 -0.00254058837890625 -0.0492897033691406 0.0165672302246094
-0.0179538726806641 -0.0257015228271484 -0.0457267761230469 0.025726318359375
-0.0259113311767578 -0.0126838684082031 -0.0450057983398437 0.0332603454589844
-0.0257225036621094 0.0029296875 -0.0185718536376953 0.0305633544921875
-0.0132293701171875 0.0202865600585938 -0.00728607177734375 0.0184326171875
0.00495147705078125 0.020355224609375 -0.00978851318359375 0.00633811950683594
0.0205268859863281 0.0105533599853516 -0.0182571411132813 0.007415771484375
0.0224781036376953 -0.00126266479492188 -0.0235271453857422 0.0186386108398438
0.0210075378417969 -0.00336074829101562 -0.0263404846191406 0.024749755859375
0.0248126983642578 -0.00478935241699219 -0.0328369140625 0.0241832733154297
0.0266399383544922 0.000295639038085938 -0.0387229919433594 0.0120582580566406
0.0227756500244141 0.0144424438476563 -0.0367889404296875 -0.00208663940429688
0.0114974975585938 0.025665283203125 -0.0214576721191406 -0.0140171051025391
-0.0188541412353516 0.0241622924804688 -0.00541782379150391 -0.0121488571166992
-0.0360374450683594 0.00660324096679688 -0.0168380737304688 0.0156488418579102
-0.0351715087890625 -0.0149078369140625 -0.0613975524902344 0.00910568237304687
0.00441932678222656 0.0222091674804688 0.0636672973632812 -0.0081329345703125
0.0211696624755859 0.00370216369628906 0.0230998992919922 -0.00946235656738281
0.0088968276977539 -0.0129032135009766 0.00668716430664062 0.0133438110351563
-0.00315380096435547 -0.0124044418334961 0.0284137725830078 0.0213260650634766
-0.00965309143066406 -0.0076446533203125 0.0452728271484375 0.00274658203125
-0.0136966705322266 1.52587890625001E-05 0.0478477478027344 -0.0204086303710938
-0.00881099700927734 -0.000571250915527345 0.0389328002929688 -0.0333786010742188
-0.00703334808349609 -0.00320768356323242 0.0299777984619141 -0.0306797027587891
-0.00884628295898438 -0.00493144989013672 0.0268993377685547 -0.0223598480224609
-0.00245571136474609 -0.0108242034912109 0.0243072509765625 -0.0132274627685547
0.00902462005615234 -0.0116300582885742 0.013829231262207 -0.00830650329589844
0.0159683227539063 -0.00134849548339844 0.0120830535888672 -0.0144166946411133
0.0148181915283203 0.0152521133422852 0.0239601135253906 -0.0273609161376953
0.00653266906738281 0.0278892517089844 0.044830322265625 -0.0313873291015625
-0.00772285461425782 0.0304679870605469 0.04840087890625 -0.0181388854980469
-0.0214061737060547 0.0282096862792969 0.0624008178710937 0.00283050537109375
0.00263023376464844 0.0202407836914063 0.0236568450927734 -0.000354766845703124
0.00215435028076172 0.00684070587158203 0.00875663757324219 0.0186367034912109
0.0041196346282959 0.00429654121398926 0.0320262908935547 0.0256080627441406
0.00483417510986328 0.00122690200805664 0.0478630065917969 0.00501251220703125
0.00431966781616211 -0.00156879425048828 0.049560546875 -0.0199203491210938
0.00725889205932617 -0.00863409042358398 0.039337158203125 -0.0329551696777344
0.00884437561035156 -0.00923919677734375 0.0295600891113281 -0.0298385620117187
0.00957202911376953 -0.011322021484375 0.0260467529296875 -0.0211925506591797
0.0170507431030273 -0.00994873046875 0.0239238739013672 -0.0116901397705078
0.0236358642578125 0.000951766967773437 0.0118408203125 -0.00668048858642578
0.0220909118652344 0.0164413452148438 0.00908660888671875 -0.0117502212524414
0.0035400390625 0.0329952239990234 0.0181884765625 -0.0250339508056641
-0.0151939392089844 0.0402107238769531 0.0366706848144531 -0.0252532958984375
-0.0308151245117188 0.0358810424804688 0.0393104553222656 -0.00909805297851562
-0.0463371276855469 0.0290870666503906 0.051361083984375 0.0148429870605469
-0.0189990997314453 0.0335140228271484 0.0178680419921875 0.0114974975585938
-0.00810432434082031 0.0282726287841797 0.00846290588378906 0.0264663696289063
0.0104732513427734 0.0247859954833984 0.0327720642089844 0.0302562713623047
0.0194778442382813 0.0127334594726563 0.0460739135742188 0.00856399536132813
0.02313232421875 -0.001861572265625 0.0461654663085938 -0.0166244506835938
0.0235500335693359 -0.0149383544921875 0.0359954833984375 -0.0276374816894531
0.0240478515625 -0.0149726867675781 0.0249366760253906 -0.0239067077636719
0.0265331268310547 -0.0166721343994141 0.0200214385986328 -0.0153846740722656
0.0334644317626953 -0.00922584533691406 0.0178775787353516 -0.00829505920410156
0.0361862182617187 0.00977706909179687 0.00525951385498047 -0.00545787811279297
0.0280170440673828 0.0295162200927734 0.00425148010253906 -0.0106735229492188
-0.00428390502929688 0.0452728271484375 0.0119152069091797 -0.0219955444335938
-0.0308380126953125 0.0489463806152344 0.0276508331298828 -0.0167751312255859
-0.0493316650390625 0.0379219055175781 0.0254459381103516 0.00118446350097656
-0.0647811889648438 0.0239944458007813 0.0325641632080078 0.0262489318847656
-0.0407600402832031 0.0406875610351563 0.00539779663085937 0.0248451232910156
-0.0205116271972656 0.0448188781738281 0.0037994384765625 0.033660888671875
0.0120773315429688 0.0432777404785156 0.0284633636474609 0.0343303680419922
0.0307655334472656 0.0243282318115234 0.0383720397949219 0.0122413635253906
0.0386772155761719 -0.0002899169921875 0.0368003845214844 -0.0106163024902344
0.0360755920410156 -0.0186843872070313 0.0274085998535156 -0.0186443328857422
0.0349655151367188 -0.0178775787353516 0.0162734985351563 -0.014683723449707
0.0387802124023437 -0.0199089050292969 0.0102472305297852 -0.00695037841796875
0.0449180603027344 -0.00916671752929688 0.00768041610717774 -0.00374698638916016
0.04388427734375 0.0153007507324219 -0.00269055366516113 -0.00386524200439453
0.0313606262207031 0.0368919372558594 -0.00133228302001953 -0.00976276397705078
-0.00891494750976563 0.0521888732910156 0.00691986083984375 -0.0183811187744141
-0.0406036376953125 0.0517082214355469 0.0181465148925781 -0.00594902038574218
-0.0595817565917969 0.034881591796875 0.00673294067382812 0.00998401641845703
-0.0717926025390625 0.0133132934570312 0.00742912292480468 0.0343093872070313
-0.0554580688476562 0.0374298095703125 -0.0113925933837891 0.0351314544677734
-0.0324363708496094 0.051910400390625 -0.00341033935546875 0.0388412475585938
0.00922012329101563 0.0546989440917969 0.0194625854492187 0.0357742309570313
0.0355110168457031 0.0331382751464844 0.0259208679199219 0.0142326354980469
0.0478973388671875 0.00284194946289063 0.0226325988769531 -0.00424003601074219
0.0433311462402344 -0.0188522338867188 0.0141782760620117 -0.00712680816650391
0.0407257080078125 -0.0179939270019531 0.00481033325195313 -0.00220632553100586
0.045135498046875 -0.0208702087402344 -0.00173807144165039 0.00321888923645019
0.0494232177734375 -0.00849533081054688 -0.00480461120605468 0.00216817855834961
0.046478271484375 0.0185470581054688 -0.0128021240234375 -0.00170516967773438
0.0314979553222656 0.0404815673828125 -0.0071115493774414 -0.00998592376708984
-0.0135955810546875 0.0533027648925781 0.00359344482421875 -0.0153541564941406
-0.0462532043457031 0.0478668212890625 0.0099954605102539 0.00505828857421875
-0.0642013549804688 0.0271263122558594 -0.0133018493652344 0.0174102783203125
-0.0652923583984375 3.05175781249971E-05 -0.0170478820800781 0.0373420715332031
-0.0578689575195312 0.025054931640625 -0.0283889770507813 0.0407829284667969
-0.0389251708984375 0.0447769165039062 -0.0113258361816406 0.0398521423339844
0.00118255615234375 0.0544395446777344 0.00780296325683593 0.0326251983642578
0.0312614440917969 0.0362014770507813 0.011103630065918 0.013707160949707
0.0475959777832031 0.00625991821289063 0.00652742385864258 0.00204086303710938
0.0433235168457031 -0.0158729553222656 0.00018882751464844 0.00451374053955078
0.0400505065917969 -0.0154647827148438 -0.00701522827148437 0.00947761535644531
0.0444488525390625 -0.0180625915527344 -0.0139598846435547 0.0129051208496094
0.047821044921875 -0.00666046142578125 -0.0181293487548828 0.00785064697265625
0.04345703125 0.0192985534667969 -0.0225276947021484 -0.000223159790039061
0.027496337890625 0.039642333984375 -0.0125522613525391 -0.01043701171875
-0.0173072814941406 0.0482673645019531 0.000793457031249999 -0.0124282836914062
-0.0484275817871094 0.0380821228027344 0.00146770477294922 0.0131959915161133
-0.0616073608398438 0.0149192810058594 -0.0324745178222656 0.0199794769287109
-0.0462265014648438 -0.0134735107421875 -0.0373764038085938 0.0350265502929687
-0.0469856262207031 0.00732803344726562 -0.0407485961914063 0.0407066345214844
-0.0366134643554688 0.0275650024414062 -0.0168571472167969 0.0367202758789063
-0.0059356689453125 0.0422897338867188 -0.00127220153808594 0.0261707305908203
0.0204792022705078 0.0316143035888672 -0.00206947326660156 0.0107288360595703
0.038177490234375 0.008514404296875 -0.00892829895019531 0.00670146942138672
0.0358238220214844 -0.0101699829101563 -0.0132684707641602 0.0141716003417969
0.0334358215332031 -0.0113468170166016 -0.01776123046875 0.0198974609375
0.0373344421386719 -0.0130424499511719 -0.0246868133544922 0.0216617584228516
0.0401420593261719 -0.00400924682617187 -0.0297069549560547 0.0122451782226563
0.0356826782226563 0.0179977416992188 -0.0316886901855469 -0.000263214111328121
0.0207881927490234 0.0347785949707031 -0.0180644989013672 -0.0126876831054687
-0.0199012756347656 0.03857421875 -0.00225162506103516 -0.0118446350097656
-0.0453414916992188 0.0243339538574219 -0.00732421875 0.0177822113037109
-0.0522232055664062 0.00112152099609374 -0.050079345703125 0.0183906555175781
-0.0203342437744141 -0.0251502990722656 -0.0469131469726563 0.0292854309082031
-0.0277976989746094 -0.0110569000244141 -0.0456466674804688 0.0366630554199219
-0.0270919799804688 0.00539398193359375 -0.0180854797363281 0.0321674346923828
-0.0121021270751953 0.0218791961669922 -0.00797271728515625 0.0199260711669922
0.00710296630859375 0.0206508636474609 -0.0104789733886719 0.0079345703125
0.0223445892333984 0.00890159606933594 -0.0190582275390625 0.00977897644042969
0.0231742858886719 -0.00322532653808594 -0.0228958129882813 0.0210971832275391
0.0218257904052734 -0.00504112243652344 -0.0256843566894531 0.0272579193115234
0.0255184173583984 -0.00717735290527344 -0.0329799652099609 0.0276947021484375
0.0275726318359375 -0.00168991088867188 -0.0399436950683594 0.0148963928222656
0.0247325897216797 0.0133342742919922 -0.0388031005859375 3.81469726562591E-05
0.0136966705322266 0.0258140563964844 -0.0232315063476563 -0.0143413543701172
-0.0181369781494141 0.0264205932617188 -0.0059051513671875 -0.0126113891601562
-0.0370712280273438 0.0096282958984375 -0.0162811279296875 0.0168571472167969
-0.0366477966308594 -0.0129585266113281 -0.0635604858398438 0.0119552612304687
0.00600433349609375 0.0218505859375 0.0652313232421875 -0.0120201110839844
0.0214328765869141 0.00220108032226563 0.0222835540771484 -0.0109577178955078
0.00822162628173828 -0.0131464004516602 0.00705909729003906 0.0135688781738281
-0.00417327880859375 -0.0121440887451172 0.0304775238037109 0.0205345153808594
-0.0107583999633789 -0.00657558441162109 0.0468902587890625 -0.0005340576171875
-0.0134487152099609 0.00154972076416016 0.0476455688476563 -0.0247116088867188
-0.00855541229248047 0.000330448150634765 0.0369873046875 -0.0376968383789063
-0.00710535049438477 -0.00226879119873047 0.0279312133789063 -0.0339794158935547
-0.00893974304199219 -0.00414848327636719 0.02532958984375 -0.0258235931396484
-0.00308513641357422 -0.0106325149536133 0.0235328674316406 -0.0163784027099609
0.00742340087890625 -0.0116939544677734 0.0141420364379883 -0.0101833343505859
0.0157670974731445 -0.00249671936035156 0.012598991394043 -0.0158376693725586
0.0162858963012695 0.0145273208618164 0.0234165191650391 -0.0290069580078125
0.00841903686523438 0.0276813507080078 0.0441398620605469 -0.0349807739257813
-0.00531768798828125 0.0312328338623047 0.0487556457519531 -0.0227317810058594
-0.0203304290771484 0.0305004119873047 0.0644073486328125 -0.000942230224609373
0.00420379638671875 0.0207805633544922 0.0234432220458984 -0.00185012817382812
0.00275468826293945 0.00782585144042969 0.00960159301757813 0.0186100006103516
0.00472259521484375 0.004852294921875 0.0341014862060547 0.02447509765625
0.00526046752929688 0.00147867202758789 0.04864501953125 0.0018310546875
0.00484132766723633 -0.00143623352050781 0.0491485595703125 -0.0243301391601563
0.00738048553466797 -0.00947856903076172 0.0377006530761719 -0.0370025634765625
0.00866889953613281 -0.0105085372924805 0.0272731781005859 -0.0330390930175781
0.00935745239257813 -0.0122442245483398 0.0247421264648438 -0.0240116119384766
0.0169572830200195 -0.0109033584594727 0.0231552124023438 -0.0151844024658203
0.0240287780761719 -0.000833511352539063 0.0118131637573242 -0.00891685485839844
0.0232391357421875 0.0152397155761719 0.00965404510498047 -0.0133895874023437
0.00577735900878906 0.0334091186523438 0.0175914764404297 -0.0266361236572266
-0.0125465393066406 0.0422477722167969 0.0361366271972656 -0.0288505554199219
-0.0294952392578125 0.0384902954101562 0.0410118103027344 -0.0132598876953125
-0.0454673767089844 0.0333023071289062 0.0537834167480469 0.0119171142578125
-0.0176315307617187 0.0364761352539063 0.0179443359375 0.0104846954345703
-0.00613594055175781 0.0302371978759766 0.00937271118164063 0.0262317657470703
0.0126113891601563 0.0247249603271484 0.0350589752197266 0.0288753509521484
0.0213775634765625 0.0113773345947266 0.0467796325683594 0.00579833984375
0.0242443084716797 -0.00318145751953125 0.045654296875 -0.02008056640625
0.0229072570800781 -0.0173454284667969 0.0344886779785156 -0.0311374664306641
0.0230693817138672 -0.0173015594482422 0.0229778289794922 -0.0267353057861328
0.0257759094238281 -0.0192203521728516 0.0186080932617188 -0.0178146362304688
0.0336570739746094 -0.0116558074951172 0.017125129699707 -0.0114583969116211
0.037445068359375 0.007354736328125 0.00566482543945313 -0.00689554214477539
0.0302848815917969 0.0283565521240234 0.00424575805664063 -0.0121622085571289
-0.0011749267578125 0.0474510192871094 0.0109157562255859 -0.0234832763671875
-0.0281944274902344 0.0525588989257813 0.0270767211914063 -0.0194168090820312
-0.0475425720214844 0.0417098999023438 0.0268268585205078 -0.00209426879882812
-0.0647315979003906 0.029937744140625 0.0350761413574219 0.0246391296386719
-0.038818359375 0.044830322265625 0.00658035278320312 0.0243339538574219
-0.0171051025390625 0.048797607421875 0.0050201416015625 0.0342464447021484
0.0162506103515625 0.0434303283691406 0.0304794311523437 0.0335273742675781
0.0337429046630859 0.0224037170410156 0.0395469665527344 0.0103225708007813
0.0400619506835938 -0.00322341918945313 0.0370292663574219 -0.0129776000976562
0.0354881286621094 -0.0222969055175781 0.0267772674560547 -0.0212192535400391
0.0342350006103516 -0.0215206146240234 0.0146036148071289 -0.0165815353393555
0.0382308959960938 -0.0238265991210938 0.00883960723876953 -0.00862407684326172
0.0451011657714844 -0.0131912231445313 0.00694894790649414 -0.00573635101318359
0.0463790893554687 0.012176513671875 -0.00327634811401367 -0.00441408157348633
0.0352668762207031 0.0354080200195313 -0.00155925750732422 -0.0109786987304687
-0.00491714477539062 0.0549774169921875 0.00595855712890625 -0.0194301605224609
-0.0377044677734375 0.05633544921875 0.0180912017822266 -0.00797080993652343
-0.058837890625 0.03997802734375 0.00867033004760742 0.00828313827514649
-0.0733184814453125 0.0195999145507813 0.0099029541015625 0.0346508026123047
-0.0540847778320313 0.0432090759277344 -0.0100173950195313 0.0363845825195313
-0.0292739868164063 0.0569343566894531 -0.00207519531250001 0.0398025512695313
0.0135345458984375 0.0557861328125 0.0211906433105469 0.0348663330078125
0.0391502380371094 0.03106689453125 0.0266284942626953 0.0130672454833984
0.0494461059570313 -0.00092315673828125 0.0225734710693359 -0.00505828857421875
0.0429534912109375 -0.0231094360351562 0.0142450332641602 -0.00833320617675781
0.0400619506835938 -0.0222625732421875 0.00453805923461914 -0.00322628021240235
0.0445289611816406 -0.02545166015625 -0.00216794013977051 0.00310087203979492
0.0501708984375 -0.0132865905761719 -0.00514364242553711 0.0018610954284668
0.0496406555175781 0.01507568359375 -0.0133504867553711 -0.0015420913696289
0.0356483459472656 0.0390625 -0.00784492492675781 -0.0104570388793945
-0.00987625122070313 0.0563087463378906 0.00237178802490234 -0.0160112380981445
-0.0436058044433594 0.0532455444335938 0.0108613967895508 0.00350093841552735
-0.0632400512695312 0.0325927734375 -0.0111608505249023 0.0169916152954102
-0.0673103332519531 0.00564956665039062 -0.0155143737792969 0.0392608642578125
-0.0575141906738281 0.0303192138671875 -0.026947021484375 0.0433082580566406
-0.0367240905761719 0.0499458312988281 -0.0098419189453125 0.040557861328125
0.00600433349609375 0.056610107421875 0.00966835021972657 0.0326366424560547
0.0352439880371094 0.0345344543457031 0.0114650726318359 0.014094352722168
0.0492782592773438 0.00234222412109375 0.00659418106079102 0.00243043899536133
0.0430641174316406 -0.0195846557617188 0.000396728515625003 0.00446844100952148
0.0391998291015625 -0.0199699401855469 -0.00667476654052734 0.009918212890625
0.0439949035644531 -0.0228042602539063 -0.0136613845825195 0.0143394470214844
0.0484809875488281 -0.0114898681640625 -0.018280029296875 0.00855064392089844
0.0462570190429688 0.0159034729003906 -0.0234203338623047 0.000921249389648442
0.03131103515625 0.0382575988769531 -0.0137882232666016 -0.0104961395263672
-0.0140609741210938 0.0515327453613281 0.000169754028320311 -0.0131340026855469
-0.0462684631347656 0.0434646606445313 0.00272941589355468 0.012721061706543
-0.0614662170410156 0.0203208923339844 -0.0311622619628906 0.0217704772949219
-0.0487289428710937 -0.00926971435546876 -0.0361709594726563 0.03839111328125
-0.0476036071777344 0.0113716125488281 -0.0394515991210938 0.0436172485351563
-0.0352363586425781 0.0319595336914063 -0.0152778625488281 0.037933349609375
-0.0028228759765625 0.0439491271972656 -0.000574111938476564 0.0269927978515625
0.0241279602050781 0.0302867889404297 -0.00163173675537109 0.0119733810424805
0.0400009155273437 0.0049896240234375 -0.00870847702026367 0.00852203369140625
0.0355415344238281 -0.01385498046875 -0.0120906829833984 0.0160121917724609
0.0330123901367188 -0.0144290924072266 -0.0164375305175781 0.0215339660644531
0.0371894836425781 -0.0174217224121094 -0.0238742828369141 0.0243988037109375
0.0408134460449219 -0.00780105590820313 -0.0302982330322266 0.0143852233886719
0.0383377075195313 0.0152511596679687 -0.0328178405761719 0.00218963623046875
0.0247783660888672 0.0338134765625 -0.0195827484130859 -0.0115547180175781
-0.0168952941894531 0.0415000915527344 -0.00310611724853516 -0.0122709274291992
-0.0440444946289063 0.0289688110351563 -0.00601387023925782 0.0179386138916016
-0.0531768798828125 0.00533294677734375 -0.0497856140136719 0.0218238830566406
-0.0230674743652344 -0.0234107971191406 -0.0470962524414063 0.0337295532226562
-0.0293769836425781 -0.00877571105957031 -0.0445442199707031 0.0404701232910156
-0.027130126953125 0.00830841064453126 -0.0171241760253906 0.0330543518066406
-0.0100135803222656 0.0235214233398438 -0.00781631469726563 0.0209426879882812
0.0093231201171875 0.0202445983886719 -0.0107479095458984 0.00997257232666016
0.0236244201660156 0.00711822509765625 -0.0186119079589844 0.0123023986816406
0.0231208801269531 -0.00568580627441406 -0.0213489532470703 0.0234375
0.0216007232666016 -0.00747871398925781 -0.0235691070556641 0.0296611785888672
0.0254039764404297 -0.00971221923828125 -0.0319290161132812 0.0313377380371094
0.0277824401855469 -0.00448799133300781 -0.0400009155273438 0.0181808471679687
0.0265827178955078 0.0115547180175781 -0.0399513244628906 0.00244903564453125
0.0164680480957031 0.0251693725585938 -0.0250816345214844 -0.0131950378417969
-0.0164680480957031 0.0284366607666016 -0.00681972503662109 -0.0129060745239258
-0.0364608764648438 0.0130538940429688 -0.0148715972900391 0.0176792144775391
-0.0374298095703125 -0.0102272033691406 -0.0641746520996094 0.0161552429199219
0.00665855407714844 0.0209999084472656 0.063995361328125 -0.0151519775390625
0.0205936431884766 0.00140380859375 0.0215072631835938 -0.0116596221923828
0.00701522827148437 -0.0131950378417969 0.00782012939453125 0.0132656097412109
-0.00493812561035156 -0.0119695663452148 0.0317783355712891 0.0193653106689453
-0.0113029479980469 -0.00509166717529297 0.0461044311523438 -0.00293731689453125
-0.0125465393066406 0.00313091278076172 0.0453987121582031 -0.0282669067382812
-0.00865316390991211 0.00104570388793945 0.0341453552246094 -0.0398597717285156
-0.00734615325927734 -0.0019078254699707 0.0251045227050781 -0.0358390808105469
-0.00908088684082031 -0.00324058532714844 0.0231113433837891 -0.0280704498291016
-0.00374031066894531 -0.00965785980224609 0.0221347808837891 -0.018798828125
0.00658416748046875 -0.0121793746948242 0.0141286849975586 -0.0121631622314453
0.0150384902954102 -0.00321197509765625 0.0121431350708008 -0.0169944763183594
0.0167980194091797 0.0130538940429688 0.0219211578369141 -0.0299510955810547
0.0101451873779297 0.0268363952636719 0.0422744750976563 -0.0372886657714844
-0.00324249267578125 0.0306644439697266 0.0487709045410156 -0.02630615234375
-0.0184345245361328 0.0314826965332031 0.0636825561523438 -0.00428390502929687
0.00470924377441406 0.0207462310791016 0.022552490234375 -0.00294876098632812
0.00305604934692383 0.00814628601074219 0.0102596282958984 0.0185165405273438
0.00545215606689453 0.00489616394042969 0.0350742340087891 0.0226097106933594
0.00537681579589844 0.00138473510742188 0.0485572814941406 -0.000614166259765625
0.00546169281005859 -0.00173330307006836 0.0471343994140625 -0.0270538330078125
0.00648880004882812 -0.00982666015625 0.0347328186035156 -0.0393486022949219
0.00770759582519531 -0.011174201965332 0.0238780975341797 -0.0346851348876953
0.00889396667480469 -0.0132217407226563 0.0221023559570313 -0.0260353088378906
0.0159425735473633 -0.0117177963256836 0.0216827392578125 -0.0178737640380859
0.0235443115234375 -0.00205612182617188 0.0119514465332031 -0.0108718872070313
0.0237045288085938 0.0137271881103516 0.00965690612792969 -0.0144472122192383
0.0074920654296875 0.0328788757324219 0.0164260864257813 -0.0269050598144531
-0.00965118408203125 0.0427284240722656 0.034637451171875 -0.0309867858886719
-0.027099609375 0.03961181640625 0.0412826538085938 -0.0165252685546875
-0.0435676574707031 0.0363082885742187 0.0544242858886719 0.00886154174804688
-0.0158729553222656 0.0377616882324219 0.0180263519287109 0.00908088684082031
-0.00377273559570312 0.0314102172851562 0.0102252960205078 0.0260524749755859
0.0141963958740234 0.0245571136474609 0.0359153747558594 0.0270423889160156
0.0219230651855469 0.0102996826171875 0.0465431213378906 0.00364303588867188
0.0238151550292969 -0.00475502014160156 0.0440330505371094 -0.0227432250976563
0.0216636657714844 -0.0188007354736328 0.0318164825439453 -0.0338020324707031
0.0219516754150391 -0.0188560485839844 0.0200138092041016 -0.0282726287841797
0.0247306823730469 -0.0212268829345703 0.0165195465087891 -0.0196018218994141
0.0329837799072266 -0.0142745971679688 0.0157432556152344 -0.0136833190917969
0.0382957458496094 0.00502777099609375 0.00500917434692383 -0.00870847702026367
0.0323848724365234 0.026611328125 0.0044393539428711 -0.0127401351928711
0.0019989013671875 0.0477867126464844 0.0101776123046875 -0.0238590240478516
-0.0247650146484375 0.0545082092285156 0.0260791778564453 -0.0214309692382812
-0.0448265075683594 0.0441665649414062 0.0276908874511719 -0.00474929809570312
-0.0626640319824219 0.0342903137207031 0.0359458923339844 0.0226020812988281
-0.0361404418945312 0.0475845336914063 0.00748825073242187 0.0233745574951172
-0.0140724182128906 0.0506744384765625 0.00648880004882812 0.0336761474609375
0.0192756652832031 0.0430717468261719 0.0313320159912109 0.0314216613769531
0.0353889465332031 0.0197486877441406 0.0392074584960937 0.0084075927734375
0.0400199890136719 -0.00609970092773438 0.0357208251953125 -0.0150566101074219
0.0337867736816406 -0.0248222351074219 0.0244197845458984 -0.023101806640625
0.0323047637939453 -0.0241546630859375 0.0130214691162109 -0.0176296234130859
0.0365753173828125 -0.0273666381835938 0.00783729553222656 -0.00934696197509766
0.04412841796875 -0.0163421630859375 0.0059041976928711 -0.00731420516967773
0.0475883483886719 0.00872802734375 -0.00363540649414062 -0.00563192367553711
0.0375900268554688 0.0330543518066406 -0.00203323364257812 -0.01153564453125
-0.00151443481445313 0.0560035705566406 0.004974365234375 -0.0201568603515625
-0.0337982177734375 0.0595245361328125 0.0178966522216797 -0.00994491577148437
-0.0561485290527344 0.0434989929199219 0.00996112823486328 0.0063323974609375
-0.0720748901367187 0.0256195068359375 0.0114059448242187 0.0337791442871094
-0.0510520935058594 0.0467796325683594 -0.00863265991210938 0.0360603332519531
-0.0253829956054688 0.0594406127929687 -0.000354766845703127 0.0394134521484375
0.0172576904296875 0.0556182861328125 0.0225849151611328 0.0337982177734375
0.04132080078125 0.028228759765625 0.0268764495849609 0.0118560791015625
0.0496673583984375 -0.00458526611328125 0.0222892761230469 -0.00581550598144531
0.0407905578613281 -0.0266799926757812 0.0134553909301758 -0.00927829742431641
0.0376548767089844 -0.0259284973144531 0.00331711769104004 -0.00380969047546387
0.0424690246582031 -0.0289764404296875 -0.00250077247619629 0.00368595123291015
0.0490455627441406 -0.0168914794921875 -0.00592851638793945 0.00122499465942383
0.0511283874511719 0.011016845703125 -0.0142421722412109 -0.00146961212158203
0.0385093688964844 0.0363121032714844 -0.00816249847412109 -0.0104284286499023
-0.00611877441406249 0.0576629638671875 0.00183486938476562 -0.0162773132324219
-0.0394935607910156 0.0567893981933594 0.0108604431152344 0.00234508514404297
-0.0613479614257813 0.0368766784667969 -0.00975227355957031 0.016484260559082
-0.0669479370117188 0.0108795166015625 -0.0135726928710937 0.0401420593261719
-0.0554161071777344 0.0345458984375 -0.0249977111816406 0.0437431335449219
-0.0332412719726562 0.0533638000488281 -0.00818252563476562 0.0407447814941406
0.009918212890625 0.0558891296386719 0.0102672576904297 0.0317974090576172
0.0374984741210938 0.0317726135253906 0.012049674987793 0.0139846801757813
0.0495414733886719 -0.0014190673828125 0.00666189193725586 0.00298452377319336
0.041290283203125 -0.0235214233398438 0.000872135162353519 0.00469541549682617
0.0375328063964844 -0.0231781005859375 -0.00610065460205078 0.0100393295288086
0.0420951843261719 -0.0266532897949219 -0.0128402709960937 0.0153579711914062
0.0471916198730469 -0.01513671875 -0.0183277130126953 0.00923728942871093
0.0477371215820313 0.0123405456542969 -0.0242080688476562 0.00165939331054688
0.0344924926757813 0.0359039306640625 -0.0141916275024414 -0.00987720489501953
-0.0101585388183594 0.0528182983398437 -0.00103569030761719 -0.0132980346679687
-0.0428543090820312 0.0470428466796875 0.00333690643310547 0.0118122100830078
-0.0598182678222656 0.0241584777832031 -0.0293865203857422 0.0222415924072266
-0.0495033264160156 -0.00576019287109376 -0.034912109375 0.0403823852539062
-0.0470161437988281 0.0149765014648438 -0.0374755859375 0.0453758239746094
-0.0328330993652344 0.0352554321289063 -0.0140342712402344 0.0381278991699219
0.00045013427734375 0.0445327758789063 -6.2942504882814E-05 0.0269737243652344
0.0261268615722656 0.0281753540039063 -0.00140571594238281 0.0128040313720703
0.0401115417480469 0.00220870971679688 -0.00797462463378906 0.00992679595947265
0.0343570709228516 -0.0166969299316406 -0.0112943649291992 0.0167913436889648
0.0311222076416016 -0.0174980163574219 -0.0150394439697266 0.0225276947021484
0.0355644226074219 -0.0204086303710938 -0.0224933624267578 0.0262584686279297
0.0397987365722656 -0.0111961364746094 -0.0296249389648437 0.0161933898925781
0.0394363403320313 0.0121002197265625 -0.0327510833740234 0.00431442260742187
0.0271472930908203 0.0316543579101563 -0.0204925537109375 -0.0104560852050781
-0.0138740539550781 0.0433273315429688 -0.00404644012451172 -0.0120210647583008
-0.0417366027832031 0.0324211120605469 -0.00447463989257813 0.0180339813232422
-0.051910400390625 0.00878143310546876 -0.0481719970703125 0.0239028930664062
-0.0241031646728516 -0.0209140777587891 -0.0453987121582031 0.0369987487792969
-0.0299205780029297 -0.00591850280761719 -0.0425262451171875 0.0423164367675781
-0.0260906219482422 0.01123046875 -0.0160026550292969 0.0331325531005859
-0.00836753845214844 0.0246696472167969 -0.00748443603515625 0.0213871002197266
0.0110416412353516 0.0194034576416016 -0.0104188919067383 0.011439323425293
0.0240249633789062 0.00524330139160156 -0.0172843933105469 0.014653205871582
0.0219917297363281 -0.00741195678710937 -0.0191383361816406 0.0250129699707031
0.0206813812255859 -0.00901222229003906 -0.0212154388427734 0.0312709808349609
0.0244369506835938 -0.0118541717529297 -0.0294952392578125 0.0335903167724609
0.0270805358886719 -0.00670242309570313 -0.0388450622558594 0.0208854675292969
0.0273838043212891 0.00929832458496094 -0.0402755737304688 0.00514221191406251
0.0179500579833984 0.0235462188720703 -0.0259017944335937 -0.0118484497070312
-0.0143470764160156 0.029541015625 -0.00761699676513672 -0.0125961303710937
-0.0350227355957031 0.0154609680175781 -0.0134449005126953 0.0183963775634766
-0.0369110107421875 -0.00711822509765625 -0.0622787475585937 0.0194168090820312
0.00751304626464844 0.0208168029785156 0.0632209777832031 -0.0169029235839844
0.0201396942138672 0.000885009765625 0.0207176208496094 -0.0116710662841797
0.00646877288818359 -0.0133142471313477 0.00777816772460937 0.0134134292602539
-0.00536060333251953 -0.0114507675170898 0.0314788818359375 0.0180034637451172
-0.0110502243041992 -0.00421524047851562 0.045257568359375 -0.00449371337890625
-0.0117006301879883 0.00401115417480469 0.043426513671875 -0.0298080444335938
-0.00826501846313477 0.00174617767333984 0.03143310546875 -0.0409049987792969
-0.00735712051391602 -0.00148725509643555 0.0229034423828125 -0.0360984802246094
-0.00864124298095703 -0.0027165412902832 0.0208740234375 -0.0286388397216797
-0.00397396087646484 -0.00871801376342773 0.0206012725830078 -0.0197830200195312
0.00531291961669922 -0.0114555358886719 0.0139398574829102 -0.013458251953125
0.0143394470214844 -0.00380706787109375 0.0122509002685547 -0.0174322128295898
0.0167083740234375 0.01220703125 0.0215568542480469 -0.0296211242675781
0.0103054046630859 0.0258541107177734 0.0406265258789063 -0.0381050109863281
-0.00287818908691406 0.0299510955810547 0.0477447509765625 -0.028656005859375
-0.0175342559814453 0.0318126678466797 0.0633049011230469 -0.00606536865234375
0.00490760803222656 0.0206718444824219 0.0218105316162109 -0.003204345703125
0.00350427627563476 0.00845575332641602 0.00998306274414063 0.0184440612792969
0.00530147552490234 0.00477266311645508 0.0350265502929688 0.0213699340820313
0.0052032470703125 0.00148820877075195 0.0472946166992187 -0.00239181518554687
0.00573444366455078 -0.00183582305908203 0.0449676513671875 -0.0283241271972656
0.0068511962890625 -0.00977993011474609 0.0323486328125 -0.0403404235839844
0.00736045837402344 -0.0113487243652344 0.0221748352050781 -0.0356941223144531
0.00842189788818359 -0.0130672454833984 0.01971435546875 -0.0272979736328125
0.0157146453857422 -0.0118045806884766 0.0197467803955078 -0.0190658569335938
0.0230026245117188 -0.00279998779296875 0.0112400054931641 -0.0120792388916016
0.0237045288085938 0.0129299163818359 0.00980854034423828 -0.0153045654296875
0.00824165344238282 0.0325355529785156 0.0158748626708984 -0.0266761779785156
-0.0087432861328125 0.0429115295410156 0.0333614349365234 -0.0314483642578125
-0.0259819030761719 0.0396499633789063 0.0407943725585938 -0.0187606811523437
-0.0419769287109375 0.0373764038085938 0.0541343688964844 0.00693511962890625
-0.0142669677734375 0.0382308959960938 0.0170612335205078 0.00864028930664063
-0.0023651123046875 0.0322628021240234 0.00998115539550781 0.02557373046875
0.0150985717773437 0.0242938995361328 0.0355262756347656 0.0260162353515625
0.0226192474365234 0.00944328308105469 0.0455551147460937 0.00193023681640625
0.024261474609375 -0.00578689575195313 0.04217529296875 -0.0234756469726563
0.0202789306640625 -0.0195255279541016 0.0296287536621094 -0.0346221923828125
0.0207633972167969 -0.0196018218994141 0.0176601409912109 -0.0289592742919922
0.0236301422119141 -0.0223979949951172 0.0145912170410156 -0.0201435089111328
0.0318164825439453 -0.0159759521484375 0.0140857696533203 -0.0151643753051758
0.037689208984375 0.00336456298828125 0.00449657440185547 -0.00977611541748047
0.0326137542724609 0.0247783660888672 0.00420284271240235 -0.013758659362793
0.00376129150390625 0.0476531982421875 0.00989341735839844 -0.0238990783691406
-0.0226478576660156 0.0552787780761719 0.0250968933105469 -0.0222759246826172
-0.0430488586425781 0.0453720092773438 0.0277633666992187 -0.00721931457519531
-0.0612106323242188 0.0363426208496094 0.0363311767578125 0.0212936401367188
-0.0339202880859375 0.0488014221191406 0.00741958618164062 0.0224571228027344
-0.0117149353027344 0.0517044067382813 0.00642776489257812 0.0325717926025391
0.0212516784667969 0.0417823791503906 0.0312099456787109 0.0302829742431641
0.0357666015625 0.0184822082519531 0.0387191772460938 0.00722503662109375
0.0396385192871094 -0.00777816772460938 0.0343742370605469 -0.0155525207519531
0.0321693420410156 -0.0261688232421875 0.0228595733642578 -0.0235996246337891
0.030914306640625 -0.0252952575683594 0.0111503601074219 -0.0179576873779297
0.0345916748046875 -0.0288009643554688 0.00660133361816406 -0.00962066650390625
0.0431861877441406 -0.0184822082519531 0.00474119186401367 -0.00836610794067383
0.0477981567382812 0.00668716430664063 -0.00433492660522461 -0.00632810592651367
0.0390167236328125 0.0313301086425781 -0.00222969055175781 -0.0119972229003906
0.000717163085937503 0.0557174682617188 0.00463294982910156 -0.0200042724609375
-0.0309333801269531 0.0606956481933594 0.0173234939575195 -0.0107593536376953
-0.0541038513183594 0.0453872680664063 0.0108051300048828 0.00418663024902344
-0.0705490112304688 0.027984619140625 0.0118274688720703 0.0332565307617188
-0.0487403869628906 0.0484428405761719 -0.00803375244140625 0.0355300903320313
-0.0225868225097656 0.0608444213867188 -0.000263214111328123 0.0384674072265625
0.0197372436523438 0.0543365478515625 0.02227783203125 0.0330486297607422
0.0421981811523438 0.0261344909667969 0.0262222290039063 0.0114974975585938
0.0487899780273438 -0.00674057006835938 0.0214977264404297 -0.0060577392578125
0.0387077331542969 -0.0280647277832031 0.0126113891601563 -0.00970268249511719
0.0358314514160156 -0.0272407531738281 0.00292181968688965 -0.00394272804260254
0.0404396057128906 -0.0307998657226563 -0.00305056571960449 0.00330495834350586
0.0479507446289063 -0.0195083618164063 -0.00665092468261719 0.000697135925292968
0.0508460998535156 0.008819580078125 -0.0140962600708008 -0.00197601318359375
0.0395431518554688 0.03424072265625 -0.00825214385986328 -0.0103092193603516
-0.00323104858398437 0.0577278137207031 0.00166702270507812 -0.0159845352172852
-0.0372886657714844 0.0583610534667969 0.0112466812133789 0.00165367126464844
-0.0592727661132812 0.0385627746582031 -0.00868701934814454 0.0151987075805664
-0.0657539367675781 0.0135154724121094 -0.0125274658203125 0.0403900146484375
-0.0536346435546875 0.0364227294921875 -0.0236930847167969 0.0433692932128906
-0.0304756164550781 0.0551795959472656 -0.0080718994140625 0.0396385192871094
0.012542724609375 0.0554046630859375 0.0100460052490234 0.0314826965332031
0.038726806640625 0.0298614501953125 0.0117378234863281 0.0140914916992188
0.0488357543945313 -0.00358963012695313 0.00696039199829102 0.00373029708862305
0.0394287109375 -0.0248985290527344 0.000715017318725588 0.00438523292541504
0.0357093811035156 -0.0248756408691406 -0.00604629516601562 0.0101156234741211
0.0403861999511719 -0.0287094116210938 -0.0127401351928711 0.0157175064086914
0.0459709167480469 -0.0173759460449219 -0.0181617736816406 0.00934219360351563
0.0478744506835937 0.0100669860839844 -0.0239543914794922 0.00226211547851562
0.0355186462402344 0.033966064453125 -0.0148563385009766 -0.00967979431152344
-0.00818252563476562 0.0533981323242188 -0.00102424621582031 -0.0131168365478516
-0.0403900146484375 0.0486412048339844 0.00400161743164062 0.0110368728637695
-0.0577392578125 0.0266609191894531 -0.0279140472412109 0.0219402313232422
-0.049530029296875 -0.00333404541015625 -0.0333251953125 0.0417022705078125
-0.0456619262695313 0.0170326232910156 -0.0361862182617188 0.0458526611328125
-0.0309677124023438 0.0364837646484375 -0.0136566162109375 0.0373878479003906
0.002349853515625 0.044189453125 -0.000667572021484373 0.0269012451171875
0.0271739959716797 0.0265331268310547 -0.00131607055664062 0.0133323669433594
0.0399208068847656 0.000484466552734375 -0.00680160522460937 0.0110034942626953
0.0329380035400391 -0.0178680419921875 -0.0102300643920898 0.0169439315795898
0.029693603515625 -0.0186061859130859 -0.0137901306152344 0.0228443145751953
0.0337371826171875 -0.0219326019287109 -0.0209140777587891 0.0266704559326172
0.0386276245117188 -0.0131988525390625 -0.02874755859375 0.0168113708496094
0.0397529602050781 0.00986862182617188 -0.0330066680908203 0.00522994995117188
0.0282115936279297 0.0302410125732422 -0.0208587646484375 -0.00994300842285156
-0.0121383666992187 0.0434188842773438 -0.00452613830566406 -0.0120124816894531
-0.039642333984375 0.0344314575195313 -0.00393962860107422 0.0174636840820313
-0.0502281188964844 0.0108871459960938 -0.0463714599609375 0.0243148803710938
-0.0248756408691406 -0.0190849304199219 -0.0446586608886719 0.0383491516113281
-0.0299434661865234 -0.00410079956054687 -0.0409774780273438 0.0428581237792969
-0.0250720977783203 0.0125389099121094 -0.0153388977050781 0.032684326171875
-0.00628089904785156 0.0248012542724609 -0.00755500793457031 0.0216693878173828
0.0116729736328125 0.0182952880859375 -0.01007080078125 0.0124931335449219
0.0237884521484375 0.00327491760253906 -0.0164127349853516 0.0159807205200195
0.0209026336669922 -0.00857925415039063 -0.01776123046875 0.0257110595703125
0.0195274353027344 -0.0105476379394531 -0.0195541381835938 0.031463623046875
0.0228252410888672 -0.0130538940429687 -0.0280265808105469 0.0343685150146484
0.0262718200683594 -0.00793266296386719 -0.0379219055175781 0.0222663879394531
0.0272903442382813 0.00804710388183594 -0.0398292541503906 0.00676727294921875
0.0186862945556641 0.0222320556640625 -0.0263557434082031 -0.0105361938476563
-0.0132179260253906 0.0302085876464844 -0.00791740417480469 -0.0125188827514648
-0.0335350036621094 0.0174102783203125 -0.0122566223144531 0.0180130004882813
-0.036346435546875 -0.00624847412109375 -0.0609397888183594 0.0207862854003906
0.00726318359375 0.0207138061523438 0.0638427734375 -0.0175590515136719
0.0201072692871094 0.000873565673828125 0.0199394226074219 -0.0118980407714844
0.00617885589599609 -0.0131473541259766 0.00765323638916015 0.0138988494873047
-0.00568866729736328 -0.0112581253051758 0.0318088531494141 0.0179595947265625
-0.0109577178955078 -0.00367641448974609 0.0449028015136719 -0.00484848022460937
-0.0112600326538086 0.00434207916259766 0.0424919128417969 -0.0301094055175781
-0.00798320770263672 0.00200128555297852 0.0307121276855469 -0.0415916442871094
-0.00701332092285156 -0.00125837326049805 0.0220870971679688 -0.0368804931640625
-0.0083460807800293 -0.00258874893188477 0.0203018188476562 -0.0296478271484375
-0.00383710861206055 -0.00835800170898438 0.0196380615234375 -0.0210895538330078
0.00496387481689453 -0.0111551284790039 0.0137014389038086 -0.0145254135131836
0.0142345428466797 -0.00383567810058594 0.0134391784667969 -0.0179939270019531
0.0166969299316406 0.0118198394775391 0.0220050811767578 -0.0295448303222656
0.0108642578125 0.0255279541015625 0.0403976440429688 -0.0392494201660156
-0.00257110595703125 0.0297126770019531 0.0483322143554687 -0.0301322937011719
-0.0174846649169922 0.0319995880126953 0.0632514953613281 -0.006500244140625
0.00547409057617188 0.0208568572998047 0.0211563110351562 -0.00351715087890625
0.00399303436279297 0.00891208648681641 0.0100135803222656 0.0184307098388672
0.00565195083618164 0.00514841079711914 0.0351219177246094 0.0216865539550781
0.00561809539794922 0.00180578231811523 0.0471763610839844 -0.00220489501953125
0.00612545013427734 -0.00139093399047852 0.0441703796386719 -0.0289535522460938
0.00627994537353516 -0.0100107192993164 0.0314979553222656 -0.040985107421875
0.00695991516113281 -0.0115194320678711 0.0208244323730469 -0.0358772277832031
0.00839805603027344 -0.0133161544799805 0.0186805725097656 -0.027618408203125
0.0155210494995117 -0.0125799179077148 0.0183696746826172 -0.0204849243164063
0.0230293273925781 -0.002960205078125 0.0113611221313477 -0.0133876800537109
0.0238723754882813 0.0127582550048828 0.0100908279418945 -0.0159444808959961
0.00896835327148438 0.0323829650878906 0.0161514282226562 -0.0268058776855469
-0.00837326049804688 0.0430564880371094 0.0334243774414063 -0.0325355529785156
-0.0259170532226562 0.0401878356933594 0.0415191650390625 -0.0206260681152344
-0.0418472290039063 0.0383110046386719 0.0540199279785156 0.00653076171875
-0.0138511657714844 0.0387153625488281 0.0163660049438477 0.00820636749267578
-0.00180625915527344 0.0329875946044922 0.00941085815429688 0.0252628326416016
0.0157203674316406 0.0239067077636719 0.0351448059082031 0.026214599609375
0.0227279663085938 0.00913238525390625 0.0453033447265625 0.00170516967773438
0.0246620178222656 -0.00631523132324219 0.0416450500488281 -0.0242233276367188
0.0202903747558594 -0.0204391479492187 0.0285415649414062 -0.0351715087890625
0.0199928283691406 -0.0203895568847656 0.0169239044189453 -0.0290317535400391
0.0230751037597656 -0.0230484008789062 0.0136775970458984 -0.0207881927490234
0.0317497253417969 -0.0163612365722656 0.0127887725830078 -0.016383171081543
0.038330078125 0.00276947021484375 0.00429058074951172 -0.0110549926757812
0.0336856842041016 0.0244808197021484 0.00460243225097657 -0.0145072937011719
0.00437545776367187 0.048004150390625 0.009857177734375 -0.0237369537353516
-0.0218963623046875 0.0565147399902344 0.0251598358154297 -0.0231952667236328
-0.0431556701660156 0.0459327697753906 0.0286121368408203 -0.00905609130859374
-0.0610923767089844 0.0379066467285156 0.0363578796386719 0.0214385986328125
-0.0330696105957031 0.0496101379394531 0.00646781921386718 0.0224723815917969
-0.0106353759765625 0.0528411865234375 0.0056915283203125 0.0327129364013672
0.0219917297363281 0.041900634765625 0.0306949615478516 0.0306873321533203
0.0363578796386719 0.0181045532226563 0.0380516052246094 0.00751113891601563
0.0397453308105469 -0.00863265991210938 0.0340652465820313 -0.0156955718994141
0.0317058563232422 -0.0266799926757812 0.0221652984619141 -0.0241546630859375
0.0299510955810547 -0.0262355804443359 0.0102729797363281 -0.0179920196533203
0.0340557098388672 -0.0302505493164063 0.00588512420654297 -0.0100240707397461
0.0424880981445313 -0.0199241638183594 0.00352001190185547 -0.00950431823730469
0.0477714538574219 0.00548553466796875 -0.00504064559936523 -0.00711250305175781
0.0397071838378906 0.0304603576660156 -0.00212574005126953 -0.0126104354858398
0.00197219848632813 0.0566253662109375 0.00467681884765625 -0.0199375152587891
-0.030059814453125 0.062286376953125 0.0175619125366211 -0.0115423202514648
-0.0540771484375 0.0463905334472656 0.0113058090209961 0.00240135192871094
-0.0699691772460938 0.0296058654785156 0.0119647979736328 0.0334262847900391
-0.0484733581542969 0.0497055053710937 -0.00815773010253907 0.0350341796875
-0.021331787109375 0.062042236328125 -0.0010986328125 0.0385551452636719
0.0213127136230469 0.05450439453125 0.0214748382568359 0.0330638885498047
0.0428657531738281 0.0256919860839844 0.0258998870849609 0.0119132995605469
0.0492134094238281 -0.00775527954101563 0.0216140747070313 -0.00539779663085938
0.038177490234375 -0.0294342041015625 0.0122871398925781 -0.0098114013671875
0.0354423522949219 -0.028228759765625 0.00244951248168945 -0.00406789779663086
0.0400009155273437 -0.0326652526855469 -0.00295591354370117 0.00353693962097168
0.0474052429199219 -0.0210113525390625 -0.00724554061889648 5.00679016113282E-05
0.0513839721679688 0.00743865966796875 -0.0148935317993164 -0.00228691101074219
0.0408554077148438 0.0333747863769531 -0.00897693634033203 -0.0108938217163086
-0.00172805786132812 0.0588836669921875 0.00170993804931641 -0.0167398452758789
-0.0361518859863281 0.0601272583007812 0.0111083984375 0.000696182250976566
-0.0590438842773438 0.0398521423339844 -0.00776863098144532 0.0133171081542969
-0.0660057067871094 0.0153350830078125 -0.0127067565917969 0.0411758422851563
-0.0533790588378906 0.0376434326171875 -0.0241317749023438 0.0432777404785156
-0.0292625427246094 0.0568351745605469 -0.00911712646484375 0.0394554138183594
0.0138893127441406 0.0559005737304688 0.00934028625488282 0.0318107604980469
0.0393142700195312 0.0286598205566406 0.0113601684570313 0.0147390365600586
0.0492515563964844 -0.0048065185546875 0.00772714614868164 0.00423955917358399
0.0389785766601563 -0.026092529296875 0.00130033493041992 0.00472164154052734
0.0351905822753906 -0.0257568359375 -0.00604820251464843 0.0104084014892578
0.0392990112304688 -0.0300140380859375 -0.0123310089111328 0.0161275863647461
0.0459251403808594 -0.0191116333007813 -0.0186252593994141 0.0092010498046875
0.0485801696777344 0.00861740112304688 -0.0240497589111328 0.00234413146972656
0.0367889404296875 0.0331153869628906 -0.0150308609008789 -0.00973415374755859
-0.00635528564453125 0.0542449951171875 -0.0016021728515625 -0.0132646560668945
-0.0392990112304687 0.0505714416503906 0.00407886505126953 0.0105361938476563
-0.0577774047851562 0.02734375 -0.0277347564697266 0.0213108062744141
-0.0495796203613281 -0.00161743164062499 -0.033538818359375 0.043212890625
-0.0454864501953125 0.0185966491699219 -0.0367660522460937 0.045623779296875
-0.0304756164550781 0.0381431579589844 -0.0144195556640625 0.0372734069824219
0.00384902954101562 0.0448074340820312 -0.00131034851074219 0.0273265838623047
0.02783203125 0.0258598327636719 -0.00154972076416015 0.0142917633056641
0.0398674011230469 -0.000579833984375 -0.00634098052978515 0.0119533538818359
0.0317916870117188 -0.0187931060791016 -0.0099649429321289 0.0174417495727539
0.0288619995117188 -0.0196685791015625 -0.0132217407226563 0.0230560302734375
0.0334491729736328 -0.0229568481445312 -0.0205268859863281 0.0274124145507813
0.0384025573730469 -0.0146217346191406 -0.0286731719970703 0.0173587799072266
0.0403861999511719 0.00877761840820313 -0.03302001953125 0.00551605224609375
0.0288734436035156 0.0294685363769531 -0.0212268829345703 -0.00971984863281249
-0.0110206604003906 0.0444869995117188 -0.00440406799316406 -0.0122280120849609
-0.0385360717773437 0.0360603332519531 -0.00298786163330078 0.0169506072998047
-0.05010986328125 0.0114707946777344 -0.0460662841796875 0.0238304138183594
-0.0251235961914063 -0.0185031890869141 -0.0450019836425781 0.0398139953613281
-0.0298805236816406 -0.00332069396972656 -0.04150390625 0.0429840087890625
-0.0246315002441406 0.0133819580078125 -0.0161151885986328 0.032440185546875
-0.00558662414550782 0.0254611968994141 -0.00826263427734375 0.0222530364990234
0.0123081207275391 0.0179271697998047 -0.0103168487548828 0.0134344100952148
0.023773193359375 0.00256156921386719 -0.0158262252807617 0.0167865753173828
0.0205612182617188 -0.0090179443359375 -0.0173397064208984 0.0260772705078125
0.0192546844482422 -0.0109176635742188 -0.0187034606933594 0.0317039489746094
0.0225486755371094 -0.0137615203857422 -0.0268707275390625 0.0349140167236328
0.0259628295898438 -0.00844573974609375 -0.0374717712402344 0.0226364135742188
0.0279598236083984 0.0075225830078125 -0.0397148132324219 0.00702667236328124
0.0188674926757813 0.0218181610107422 -0.0264492034912109 -0.0107002258300781
-0.0122852325439453 0.0306358337402344 -0.00776195526123047 -0.0125656127929688
-0.0329017639160156 0.0181751251220703 -0.0120410919189453 0.0179367065429688
-0.0360832214355469 -0.00540924072265625 -0.0609512329101562 0.0207481384277344
0.0079498291015625 0.0210666656494141 0.0656547546386719 -0.0189094543457031
0.0200634002685547 0.00067901611328125 0.0206756591796875 -0.0119724273681641
0.00615978240966797 -0.0131778717041016 0.00760746002197266 0.0144681930541992
-0.00619888305664063 -0.0111770629882812 0.0324954986572266 0.0189857482910156
-0.0112237930297852 -0.00354862213134766 0.0460586547851563 -0.00521087646484375
-0.0112133026123047 0.0045928955078125 0.0431632995605469 -0.0310935974121094
-0.00769901275634766 0.00195455551147461 0.0307960510253906 -0.0431289672851563
-0.00713253021240234 -0.00073719024658203 0.0215988159179688 -0.0379219055175781
-0.00890445709228516 -0.00264167785644531 0.0194530487060547 -0.0302238464355469
-0.004119873046875 -0.0085902214050293 0.0192699432373047 -0.0224514007568359
0.00467872619628906 -0.0113105773925781 0.0142841339111328 -0.0158672332763672
0.0139598846435547 -0.00383186340332031 0.0142021179199219 -0.0194072723388672
0.0174932479858398 0.0113000869750977 0.0232429504394531 -0.0299243927001953
0.0109329223632812 0.0259666442871094 0.0416107177734375 -0.0401344299316406
-0.00234603881835938 0.0304069519042969 0.050506591796875 -0.0319976806640625
-0.0180435180664063 0.0331192016601563 0.0655326843261719 -0.00686264038085937
0.00539207458496094 0.0221328735351563 0.0214691162109375 -0.00381851196289062
0.003936767578125 0.00976085662841797 0.00943183898925781 0.0194835662841797
0.00569772720336914 0.00520658493041992 0.03570556640625 0.0219497680664062
0.00611448287963867 0.00236988067626953 0.0479164123535156 -0.00246047973632813
0.00690984725952148 -0.00184917449951172 0.0450935363769531 -0.0304298400878906
0.00618839263916016 -0.0107517242431641 0.031524658203125 -0.0425148010253906
0.00685405731201172 -0.0120248794555664 0.0202980041503906 -0.0372047424316406
0.00836944580078125 -0.0143222808837891 0.0184001922607422 -0.0288753509521484
0.0152769088745117 -0.0130987167358398 0.0179214477539063 -0.0219306945800781
0.0234565734863281 -0.00276947021484375 0.0111579895019531 -0.0150928497314453
0.0246391296386719 0.0131244659423828 0.0105695724487305 -0.0169715881347656
0.00908851623535156 0.0330810546875 0.0168075561523437 -0.0274085998535156
-0.00825500488281251 0.0443305969238281 0.0343208312988281 -0.0335521697998047
-0.0262870788574219 0.0412979125976562 0.0432205200195313 -0.022857666015625
-0.043121337890625 0.0403480529785156 0.0558395385742188 0.00662612915039063
-0.0140953063964844 0.0398445129394531 0.0169258117675781 0.00829792022705078
-0.001220703125 0.0347232818603516 0.00895500183105469 0.0267181396484375
0.0167064666748047 0.0247726440429688 0.0365104675292969 0.0267906188964844
0.0237941741943359 0.00946617126464844 0.0460586547851563 0.00199127197265625
0.0252056121826172 -0.00741386413574219 0.04248046875 -0.0251922607421875
0.0206928253173828 -0.0208721160888672 0.0285415649414062 -0.0365524291992188
0.0200424194335938 -0.0214672088623047 0.0164146423339844 -0.0300998687744141
0.0233783721923828 -0.0248298645019531 0.0129318237304688 -0.0221366882324219
0.0325355529785156 -0.0173320770263672 0.0120258331298828 -0.0178470611572266
0.0393295288085938 0.001953125 0.00386142730712891 -0.0122470855712891
0.0351676940917969 0.0250434875488281 0.0053558349609375 -0.0150613784790039
0.005340576171875 0.0499382019042969 0.0105228424072266 -0.0248489379882812
-0.021942138671875 0.0586585998535156 0.025848388671875 -0.0241889953613281
-0.044219970703125 0.0472145080566406 0.0300884246826172 -0.0112876892089844
-0.0626411437988281 0.0399208068847656 0.0378150939941406 0.0215034484863281
-0.0337409973144531 0.0519981384277344 0.00665855407714844 0.0229167938232422
-0.0099639892578125 0.0551223754882813 0.00463485717773438 0.0338287353515625
0.0236053466796875 0.0432395935058594 0.0310955047607422 0.0315513610839844
0.037750244140625 0.0178489685058594 0.038848876953125 0.0081329345703125
0.0410270690917969 -0.00945663452148438 0.0353164672851563 -0.0159873962402344
0.0320930480957031 -0.0283718109130859 0.0221691131591797 -0.0253334045410156
0.0304813385009766 -0.0279102325439453 0.0103225708007813 -0.0191421508789063
0.0340137481689453 -0.0318489074707031 0.00563907623291016 -0.0103521347045898
0.0434112548828125 -0.0217666625976563 0.00258255004882813 -0.010380744934082
0.0499076843261719 0.004150390625 -0.00512409210205078 -0.00788354873657226
0.0416908264160156 0.0310859680175781 -0.00197219848632812 -0.0136928558349609
0.00282669067382813 0.0592193603515625 0.00500106811523438 -0.0208263397216797
-0.030029296875 0.0650749206542969 0.0179576873779297 -0.012359619140625
-0.0555152893066406 0.0481758117675781 0.0122013092041016 0.0011129379272461
-0.0723724365234375 0.0311965942382813 0.0127296447753906 0.0344963073730469
-0.0490303039550781 0.0522041320800781 -0.00895309448242188 0.0359077453613281
-0.0208168029785156 0.0650138854980469 -0.00224685668945313 0.0389862060546875
0.0231399536132813 0.0560760498046875 0.0214099884033203 0.0339622497558594
0.0440559387207031 0.0255355834960938 0.0269622802734375 0.0126781463623047
0.0510215759277344 -0.009521484375 0.0223236083984375 -0.00544166564941406
0.0393867492675781 -0.0310554504394531 0.0123281478881836 -0.0106706619262695
0.0358505249023438 -0.0297470092773438 0.00195527076721192 -0.00411677360534668
0.0399017333984375 -0.0345649719238281 -0.00394511222839355 0.00329303741455078
0.0480422973632813 -0.0232963562011719 -0.0082244873046875 -0.000669002532958988
0.0538330078125 0.006134033203125 -0.0156173706054687 -0.00236606597900391
0.0430641174316406 0.0336380004882813 -0.00942230224609375 -0.0113067626953125
-0.000789642333984373 0.0613861083984375 0.00162792205810547 -0.0170164108276367
-0.0357437133789063 0.0632247924804688 0.0116052627563477 0.00051212310791016
-0.0603370666503906 0.0418510437011719 -0.0074605941772461 0.0130348205566406
-0.0676307678222656 0.0167121887207031 -0.0131721496582031 0.0429496765136719
-0.0540657043457031 0.039764404296875 -0.0251846313476563 0.0439224243164063
-0.0289764404296875 0.0590248107910156 -0.0102920532226563 0.0400390625
0.0155868530273438 0.0570755004882812 0.00901412963867188 0.0328388214111328
0.0411567687988281 0.0292778015136719 0.0115852355957031 0.0155696868896484
0.0505447387695313 -0.00601959228515625 0.00807905197143555 0.00510644912719727
0.0390357971191406 -0.0278167724609375 0.00105762481689453 0.00475215911865234
0.0353927612304688 -0.0271453857421875 -0.00619792938232422 0.0105276107788086
0.0395164489746094 -0.0323600769042969 -0.0128307342529297 0.0166139602661133
0.04681396484375 -0.0209388732910156 -0.0195484161376953 0.00909996032714843
0.0505485534667969 0.00762557983398438 -0.0255470275878906 0.00240325927734375
0.0385055541992188 0.0333595275878906 -0.0154743194580078 -0.0100212097167969
-0.00557708740234374 0.0567970275878906 -0.00148582458496094 -0.0137538909912109
-0.0392646789550781 0.0534515380859375 0.00457572937011718 0.0101461410522461
-0.0588874816894531 0.029052734375 -0.0283279418945313 0.0211868286132813
-0.0508766174316406 -0.00059509277343749 -0.035369873046875 0.0448417663574219
-0.046783447265625 0.0193862915039062 -0.0378570556640625 0.0464210510253906
-0.0305442810058594 0.0398750305175781 -0.0156936645507812 0.0373153686523438
0.00545120239257812 0.0463180541992188 -0.00242996215820312 0.0280742645263672
0.0290660858154297 0.0262813568115234 -0.0019989013671875 0.0155763626098633
0.04071044921875 -0.00189208984375 -0.00609016418457031 0.0128879547119141
0.0326271057128906 -0.0203266143798828 -0.0096588134765625 0.0176010131835938
0.0296306610107422 -0.0208644866943359 -0.0136871337890625 0.0238246917724609
0.03314208984375 -0.0250530242919922 -0.0212726593017578 0.0283260345458984
0.0391311645507813 -0.016204833984375 -0.0301914215087891 0.0177936553955078
0.0417556762695313 0.00831222534179688 -0.0343437194824219 0.00603294372558594
0.0299663543701172 0.0298061370849609 -0.0224666595458984 -0.0101547241210938
-0.0100593566894531 0.0464248657226562 -0.00427913665771485 -0.0128135681152344
-0.0390167236328125 0.0376091003417969 -0.00317001342773438 0.0170955657958984
-0.0510787963867187 0.012115478515625 -0.0472564697265625 0.0242424011230469
-0.0262947082519531 -0.0180931091308594 -0.0465507507324219 0.0420494079589844
-0.03082275390625 -0.00313949584960937 -0.0428543090820313 0.0441360473632812
-0.0247097015380859 0.0148372650146484 -0.0176658630371094 0.0331363677978516
-0.00462722778320313 0.0262317657470703 -0.00953483581542969 0.0233840942382813
0.0131492614746094 0.0178775787353516 -0.0107460021972656 0.0145845413208008
0.0238819122314453 0.002044677734375 -0.0151863098144531 0.0185565948486328
0.0208358764648438 -0.00975227355957031 -0.017059326171875 0.0272235870361328
0.0188159942626953 -0.0114078521728516 -0.0186119079589844 0.0327033996582031
0.022430419921875 -0.0148754119873047 -0.0270347595214844 0.0363807678222656
0.0263786315917969 -0.00971412658691406 -0.0386276245117187 0.023590087890625
0.0285167694091797 0.00706863403320313 -0.0410881042480469 0.00750350952148437
0.0200099945068359 0.0221405029296875 -0.027862548828125 -0.0113010406494141
-0.012603759765625 0.0318794250488281 -0.00853157043457031 -0.0126867294311523
-0.0329494476318359 0.0193748474121094 -0.0119838714599609 0.0182037353515625
-0.0363311767578125 -0.00543212890625 -0.0626640319824219 0.0217933654785156
0.00889968872070313 0.0213909149169922 0.0690574645996094 -0.0213890075683594
0.0211524963378906 0.000398635864257813 0.0209274291992188 -0.0131206512451172
0.00537586212158203 -0.0141544342041016 0.0084085464477539 0.0155010223388672
-0.00700283050537109 -0.0117616653442383 0.0346202850341797 0.0191078186035156
-0.0119304656982422 -0.00308704376220703 0.0479621887207031 -0.00564193725585938
-0.0111293792724609 0.0045623779296875 0.0440292358398438 -0.0337905883789063
-0.00760650634765625 0.00241708755493164 0.0305328369140625 -0.0463905334472656
-0.00823974609375 -0.000316143035888673 0.0206146240234375 -0.0405082702636719
-0.00911617279052734 -0.00226497650146484 0.0187568664550781 -0.0330123901367188
-0.00455093383789063 -0.0087428092956543 0.019287109375 -0.02423095703125
0.00447654724121094 -0.0116367340087891 0.0147380828857422 -0.0179100036621094
0.0142650604248047 -0.00436878204345703 0.0150165557861328 -0.0212059020996094
0.0181941986083984 0.0116081237792969 0.0235652923583984 -0.0320281982421875
0.0119094848632812 0.0263099670410156 0.0425453186035156 -0.0433387756347656
-0.00197029113769532 0.0318222045898438 0.0529937744140625 -0.0359458923339844
-0.0175857543945313 0.0349082946777344 0.0692329406738281 -0.0093994140625
0.00653457641601562 0.0232639312744141 0.0225009918212891 -0.004486083984375
0.00446701049804688 0.0103998184204102 0.0104427337646484 0.0202541351318359
0.00628805160522461 0.00504589080810547 0.0380744934082031 0.02252197265625
0.00702857971191406 0.00217294692993164 0.0504493713378906 -0.00316619873046875
0.00752687454223633 -0.00240659713745117 0.0457992553710938 -0.0328216552734375
0.00659751892089844 -0.0110225677490234 0.0311203002929688 -0.0456047058105469
0.00670242309570313 -0.0127134323120117 0.0195579528808594 -0.039337158203125
0.0082845687866211 -0.0152435302734375 0.0171546936035156 -0.0313701629638672
0.0162525177001953 -0.0141468048095703 0.0175666809082031 -0.0239601135253906
0.0239830017089844 -0.00355911254882813 0.0112199783325195 -0.0166788101196289
0.0264244079589844 0.0130290985107422 0.0116901397705078 -0.0186958312988281
0.0107955932617187 0.0343837738037109 0.0175457000732422 -0.0287704467773437
-0.00734329223632813 0.0468215942382813 0.0355148315429688 -0.036712646484375
-0.0268135070800781 0.0440216064453125 0.0458793640136719 -0.0263786315917969
-0.0441207885742188 0.0434417724609375 0.0587005615234375 0.00540542602539063
-0.0136566162109375 0.0431022644042969 0.0177440643310547 0.00885963439941407
1.90734863281219E-05 0.0365333557128906 0.00972366333007812 0.0277271270751953
0.0187797546386719 0.0251655578613281 0.0380821228027344 0.0275840759277344
0.0255050659179688 0.00925254821777344 0.04815673828125 0.00141525268554688
0.0271511077880859 -0.00846481323242187 0.0438041687011719 -0.0271034240722656
0.0209274291992187 -0.0232677459716797 0.0283088684082031 -0.0390205383300781
0.0201778411865234 -0.023040771484375 0.0156345367431641 -0.0318470001220703
0.0233917236328125 -0.0271129608154297 0.0123519897460938 -0.0233573913574219
0.0335845947265625 -0.0200443267822266 0.0111370086669922 -0.0195808410644531
0.0414695739746094 0.001007080078125 0.00327396392822266 -0.0141210556030273
0.0375442504882813 0.0251579284667969 0.00534439086914063 -0.0167903900146484
0.00757980346679688 0.052459716796875 0.0111732482910156 -0.0260028839111328
-0.020538330078125 0.0624656677246094 0.0264568328857422 -0.0266799926757812
-0.045745849609375 0.050872802734375 0.0315818786621094 -0.0138320922851562
-0.0644493103027344 0.0438270568847656 0.0399971008300781 0.0219192504882813
-0.0337486267089844 0.0555915832519531 0.00706291198730469 0.0235061645507813
-0.00797653198242188 0.0585899353027344 0.00506973266601562 0.0352668762207031
0.0266799926757813 0.0449867248535156 0.0326213836669922 0.0329856872558594
0.0407447814941406 0.0174903869628906 0.0408096313476563 0.0079345703125
0.0431327819824219 -0.0120124816894531 0.0362586975097656 -0.0175247192382813
0.0321464538574219 -0.0310840606689453 0.0218238830566406 -0.0268726348876953
0.0302066802978516 -0.0303516387939453 0.0095062255859375 -0.0199489593505859
0.0344810485839844 -0.03533935546875 0.00471401214599609 -0.0116424560546875
0.0447769165039063 -0.024627685546875 0.00144577026367188 -0.0112504959106445
0.0525550842285156 0.00271987915039063 -0.00619888305664062 -0.00888919830322266
0.0451164245605469 0.0313377380371094 -0.00235271453857422 -0.0146417617797852
0.00537490844726562 0.0621109008789063 0.00543594360351563 -0.0219097137451172
-0.0292129516601562 0.069915771484375 0.0183887481689453 -0.0134162902832031
-0.0569038391113281 0.0521011352539063 0.0132102966308594 -0.000610351562499997
-0.0748291015625 0.035919189453125 0.0138282775878906 0.0363082885742187
-0.0495719909667969 0.0564727783203125 -0.00891876220703126 0.0375442504882813
-0.0192146301269531 0.0691986083984375 -0.002166748046875 0.0408706665039063
0.0265998840332031 0.0583915710449219 0.0222549438476562 0.0355911254882813
0.0479202270507813 0.0254478454589844 0.0279598236083984 0.0137081146240234
0.0532455444335937 -0.0121192932128906 0.0234298706054688 -0.00534820556640625
0.0394248962402344 -0.0343666076660156 0.0122604370117188 -0.0108003616333008
0.0354843139648437 -0.0332183837890625 0.0015254020690918 -0.00472736358642578
0.0406646728515625 -0.0382919311523438 -0.00400638580322265 0.00322198867797851
0.0497970581054688 -0.0265693664550781 -0.00982666015625 -0.000794410705566406
0.0565185546875 0.00424575805664063 -0.0172052383422852 -0.00264835357666016
0.0467262268066406 0.0340576171875 -0.00943756103515625 -0.0121221542358398
0.00194931030273438 0.0648384094238281 0.00134468078613281 -0.0180149078369141
-0.0349884033203125 0.0682830810546875 0.0120782852172852 -0.000379562377929683
-0.0627250671386719 0.0452499389648437 -0.00767135620117188 0.0122699737548828
-0.0705642700195313 0.0206451416015625 -0.0128135681152344 0.0456657409667969
-0.0558090209960938 0.0431861877441406 -0.0256767272949219 0.0467376708984375
-0.02783203125 0.0633201599121094 -0.0106201171875 0.0420608520507813
0.0188255310058594 0.0600242614746094 0.00947380065917969 0.0340766906738281
0.0442619323730469 0.0292167663574219 0.0122823715209961 0.016963005065918
0.0529632568359375 -0.00853729248046875 0.008636474609375 0.00516986846923828
0.0395469665527344 -0.0304069519042969 0.000846862792968752 0.00491857528686523
0.0357322692871094 -0.0303573608398438 -0.00637245178222656 0.0108051300048828
0.040069580078125 -0.0354270935058594 -0.0128002166748047 0.0177898406982422
0.0478897094726563 -0.0243339538574219 -0.0207023620605469 0.0102272033691406
0.0535621643066406 0.00559234619140625 -0.0268001556396484 0.00315093994140625
0.0417404174804688 0.0331459045410156 -0.0166873931884766 -0.0101346969604492
-0.00335693359375 0.0600395202636719 -0.00172233581542969 -0.0145883560180664
-0.0388870239257812 0.057403564453125 0.00467491149902344 0.0102224349975586
-0.0608901977539063 0.0322723388671875 -0.0291175842285156 0.0214633941650391
-0.0533676147460938 0.00206756591796876 -0.0364952087402344 0.0485420227050781
-0.0482749938964844 0.022369384765625 -0.0391883850097656 0.0496101379394531
-0.0302352905273438 0.0432891845703125 -0.0165176391601563 0.0395011901855469
0.00776290893554687 0.0477638244628906 -0.00243377685546875 0.0301303863525391
0.0314750671386719 0.0264072418212891 -0.0016641616821289 0.017247200012207
0.043243408203125 -0.00417327880859375 -0.00552845001220703 0.0143604278564453
0.0327033996582031 -0.0225658416748047 -0.00945472717285156 0.0191612243652344
0.0296173095703125 -0.0228080749511719 -0.0132331848144531 0.0247554779052734
0.0336360931396484 -0.0274887084960938 -0.0205192565917969 0.0303516387939453
0.039794921875 -0.0189399719238281 -0.0315265655517578 0.0196094512939453
0.0439224243164063 0.00631332397460938 -0.0357398986816406 0.00739669799804687
0.0327339172363281 0.0298576354980469 -0.0236530303955078 -0.0100440979003906
-0.00876617431640625 0.0495376586914062 -0.00496673583984375 -0.0130834579467773
-0.0388450622558594 0.0415077209472656 -0.00239849090576172 0.0171279907226563
-0.0530204772949219 0.0140609741210937 -0.049041748046875 0.0261344909667969
-0.0277500152587891 -0.0177040100097656 -0.048919677734375 0.0457763671875
-0.0322074890136719 -0.00169181823730469 -0.04486083984375 0.0476913452148437
-0.0253944396972656 0.0162563323974609 -0.0185813903808594 0.0345268249511719
-0.00347137451171875 0.0279445648193359 -0.0105533599853516 0.0252952575683594
0.0142650604248047 0.0180988311767578 -0.0104036331176758 0.0158510208129883
0.0256767272949219 0.000623703002929688 -0.0149631500244141 0.0201053619384766
0.0213890075683594 -0.0110225677490234 -0.0166378021240234 0.0291423797607422
0.0191860198974609 -0.0127773284912109 -0.0182876586914063 0.0348033905029297
0.0228080749511719 -0.0160999298095703 -0.0271949768066406 0.0385894775390625
0.0272884368896484 -0.0117149353027344 -0.0393333435058594 0.0259895324707031
0.0303478240966797 0.00570487976074219 -0.0427932739257813 0.00935363769531249
0.0215435028076172 0.0222511291503906 -0.0295963287353516 -0.0107975006103516
-0.0112380981445313 0.0339069366455078 -0.00873756408691406 -0.013768196105957
-0.0337543487548828 0.0214748382568359 -0.0117835998535156 0.0186500549316406
-0.0380859375 -0.00473022460937499 -0.0648918151855469 0.02398681640625
0.0102272033691406 0.0218162536621094 0.0715560913085938 -0.0260391235351563
0.0220565795898438 -0.0006256103515625 0.0215053558349609 -0.0151634216308594
0.00507640838623047 -0.0151824951171875 0.0093536376953125 0.0154485702514648
-0.00804805755615234 -0.0116386413574219 0.0369987487792969 0.0185050964355469
-0.0121450424194336 -0.00231170654296875 0.0494956970214844 -0.0089569091796875
-0.0110721588134766 0.00540733337402344 0.0439376831054688 -0.0376625061035156
-0.00754404067993164 0.00292301177978516 0.028839111328125 -0.0501441955566406
-0.00834274291992188 4.6730041503908E-05 0.018524169921875 -0.04345703125
-0.00937271118164063 -0.00164508819580078 0.0174751281738281 -0.0357398986816406
-0.00542736053466797 -0.00848627090454102 0.0183734893798828 -0.0266952514648437
0.00369834899902344 -0.0119466781616211 0.0139732360839844 -0.0208396911621094
0.0145273208618164 -0.005889892578125 0.0157871246337891 -0.0237197875976563
0.0194339752197266 0.0107631683349609 0.0240154266357422 -0.0342655181884766
0.0138607025146484 0.0267429351806641 0.042572021484375 -0.0478515625
-0.000532150268554688 0.0334796905517578 0.0540504455566406 -0.0416183471679687
-0.0167770385742188 0.0377693176269531 0.0721359252929688 -0.0133895874023438
0.00765037536621094 0.0236110687255859 0.0229148864746094 -0.00594329833984375
0.00541114807128906 0.0109643936157227 0.0112533569335938 0.0207195281982422
0.00713872909545898 0.00513362884521484 0.0408172607421875 0.0214614868164063
0.00729799270629883 0.00179719924926758 0.0524368286132813 -0.00615310668945313
0.0083165168762207 -0.0032806396484375 0.0461006164550781 -0.036407470703125
0.00656032562255859 -0.0120038986206055 0.0294609069824219 -0.0493850708007813
0.00614643096923828 -0.0139532089233398 0.0178451538085938 -0.0419578552246094
0.00752162933349609 -0.0167179107666016 0.0159378051757813 -0.0340766906738281
0.0163545608520508 -0.0158319473266602 0.0163421630859375 -0.0268764495849609
0.025115966796875 -0.0052947998046875 0.010650634765625 -0.0195198059082031
0.0285587310791016 0.0123805999755859 0.0118904113769531 -0.0214443206787109
0.01336669921875 0.0357589721679688 0.0176639556884766 -0.0308990478515625
-0.00519561767578124 0.0494422912597656 0.035186767578125 -0.0397872924804688
-0.0258598327636719 0.0473556518554688 0.0470314025878906 -0.0315933227539063
-0.0433425903320312 0.0480880737304688 0.0623130798339844 0.00249862670898438
-0.011566162109375 0.0457916259765625 0.0189342498779297 0.00765419006347657
0.00263214111328125 0.0385856628417969 0.0110569000244141 0.0285911560058594
0.0214862823486328 0.0257511138916016 0.040679931640625 0.0273513793945313
0.0273685455322266 0.00794601440429688 0.0499153137207031 -0.000308990478515624
0.0279312133789063 -0.0112361907958984 0.0439605712890625 -0.0302810668945313
0.0204124450683594 -0.0257949829101562 0.0268516540527344 -0.0420722961425781
0.0195121765136719 -0.0255813598632813 0.0138931274414063 -0.0344200134277344
0.0228805541992187 -0.0303306579589844 0.0107173919677734 -0.0250720977783203
0.0337104797363281 -0.0234127044677734 0.00970268249511719 -0.0221138000488281
0.0432968139648438 -0.00227737426757813 0.00262928009033203 -0.0159053802490234
0.0409278869628906 0.0236244201660156 0.00571060180664063 -0.01824951171875
0.0108680725097656 0.0542259216308594 0.0107517242431641 -0.0278816223144531
-0.0176124572753906 0.0666999816894531 0.0264301300048828 -0.0290470123291016
-0.0450286865234375 0.0563812255859375 0.0325527191162109 -0.0176906585693359
-0.0644798278808594 0.0501937866210937 0.0432968139648437 0.0209197998046875
-0.031768798828125 0.0602951049804688 0.00840950012207031 0.0241508483886719
-0.00426483154296876 0.0617103576660156 0.00648880004882813 0.0364990234375
0.0311813354492188 0.0451164245605469 0.0348892211914063 0.0328159332275391
0.0437431335449219 0.0156745910644531 0.0427932739257813 0.00667190551757813
0.0447959899902344 -0.015655517578125 0.0370330810546875 -0.0198249816894531
0.0320224761962891 -0.0346221923828125 0.0212173461914063 -0.0293922424316406
0.0295867919921875 -0.0337810516357422 0.00820541381835938 -0.0214729309082031
0.033233642578125 -0.03924560546875 0.00369453430175782 -0.0125093460083008
0.0447769165039063 -0.0292549133300781 -0.000123977661132809 -0.0130701065063477
0.0550727844238281 -0.001129150390625 -0.00763511657714844 -0.00980663299560547
0.0493621826171875 0.0298957824707031 -0.0023813247680664 -0.0155754089355469
0.0103225708007812 0.0647125244140625 0.00496673583984375 -0.0233860015869141
-0.02545166015625 0.0747756958007813 0.0188980102539062 -0.0161495208740234
-0.0565605163574219 0.0581016540527344 0.0140066146850586 -0.00280094146728515
-0.07562255859375 0.0420913696289063 0.0166511535644531 0.0371437072753906
-0.0486526489257813 0.0620231628417969 -0.00766372680664063 0.0391006469726563
-0.0151519775390625 0.0738677978515625 -0.00124359130859375 0.0427093505859375
0.0321769714355469 0.0592918395996094 0.0245361328125 0.0367012023925781
0.0518455505371094 0.0233497619628906 0.0299530029296875 0.0133419036865234
0.0549812316894531 -0.016143798828125 0.0244426727294922 -0.0069122314453125
0.0387840270996094 -0.0380287170410156 0.0118207931518555 -0.0124130249023438
0.0351104736328125 -0.0372886657714844 0.00127267837524414 -0.0050048828125
0.0392570495605469 -0.0427207946777344 -0.00426530838012695 0.00359869003295898
0.0490989685058594 -0.0315208435058594 -0.0110359191894531 -0.000772476196289065
0.0595245361328125 0.00029754638671875 -0.0185413360595703 -0.002197265625
0.0511703491210938 0.0322799682617188 -0.0107498168945312 -0.0125112533569336
0.00722885131835938 0.0675239562988281 0.00130462646484375 -0.0188922882080078
-0.0314178466796875 0.07373046875 0.0128269195556641 -0.00197029113769531
-0.0623970031738281 0.051605224609375 -0.00729560852050782 0.0119380950927734
-0.0729522705078125 0.0263214111328125 -0.0109367370605469 0.0489540100097656
-0.0550308227539063 0.0492782592773438 -0.0247688293457031 0.0497322082519531
-0.0253257751464844 0.0682487487792969 -0.0101585388183594 0.0443077087402344
0.0235214233398438 0.0616111755371094 0.0103836059570313 0.0364189147949219
0.0481910705566406 0.027679443359375 0.0137786865234375 0.0173788070678711
0.0552825927734375 -0.012847900390625 0.00979900360107422 0.00591468811035156
0.0393943786621094 -0.0348434448242188 0.00141716003417969 0.00512075424194336
0.0352516174316406 -0.033782958984375 -0.0058746337890625 0.0115747451782227
0.0392112731933594 -0.0400810241699219 -0.0123519897460937 0.0190906524658203
0.0479621887207031 -0.0291938781738281 -0.0216121673583984 0.0114898681640625
0.0563545227050781 0.001983642578125 -0.0282115936279297 0.00460243225097656
0.0461654663085938 0.0320320129394531 -0.0177326202392578 -0.00999069213867188
0.000835418701171871 0.0632438659667969 -0.00224590301513672 -0.0157461166381836
-0.0363121032714844 0.0633468627929688 0.00595378875732422 0.00946903228759766
-0.0619735717773438 0.0373001098632813 -0.0290603637695312 0.0231151580810547
-0.0557098388671875 0.00522613525390624 -0.0354804992675781 0.0532798767089844
-0.0492019653320312 0.0266876220703125 -0.03857421875 0.0538177490234375
-0.0284042358398437 0.0470657348632813 -0.0162200927734375 0.0421104431152344
0.0114288330078125 0.0500068664550781 -0.00179672241210937 0.0319137573242188
0.0352058410644531 0.0253868103027344 -0.0010528564453125 0.0183391571044922
0.0446548461914063 -0.00706100463867187 -0.00419330596923828 0.0154151916503906
0.0329265594482422 -0.0259933471679687 -0.00883293151855469 0.0204849243164063
0.0292339324951172 -0.0262069702148438 -0.0123558044433594 0.0265464782714844
0.0329704284667969 -0.0315132141113281 -0.0195541381835937 0.0327816009521484
0.0399932861328125 -0.0227928161621094 -0.0318470001220703 0.0222587585449219
0.0463943481445313 0.00383758544921875 -0.0374069213867187 0.00960540771484375
0.0364646911621094 0.0286140441894531 -0.0249423980712891 -0.00893020629882812
-0.00563430786132813 0.0523910522460938 -0.00552749633789063 -0.0137186050415039
-0.0375785827636719 0.0458641052246094 -0.00181007385253906 0.0173044204711914
-0.0545654296875 0.0177803039550781 -0.0498695373535156 0.0290451049804688
-0.0300769805908203 -0.0163116455078125 -0.0490074157714844 0.0516548156738281
-0.0335235595703125 0.000383377075195313 -0.0445594787597656 0.0519676208496094
-0.0255088806152344 0.0190219879150391 -0.0188674926757813 0.0371894836425781
-0.00158882141113281 0.0290718078613281 -0.0100803375244141 0.0267143249511719
0.0165157318115234 0.0182781219482422 -0.0107212066650391 0.0185489654541016
0.0265884399414063 -0.0011444091796875 -0.0141067504882813 0.0221099853515625
0.0211868286132813 -0.0131511688232422 -0.0154170989990234 0.0309829711914063
0.0189609527587891 -0.0144557952880859 -0.0167388916015625 0.0371437072753906
0.0226726531982422 -0.01885986328125 -0.0260162353515625 0.0417404174804687
0.0275287628173828 -0.0138263702392578 -0.0402374267578125 0.029571533203125
0.0321159362792969 0.00389862060546875 -0.0441627502441406 0.0124282836914062
0.0236110687255859 0.0216274261474609 -0.0312023162841797 -0.00952529907226562
-0.00979995727539063 0.0359725952148438 -0.00951194763183594 -0.0144615173339844
-0.0333404541015625 0.0244102478027344 -0.0106925964355469 0.0195598602294922
-0.0395393371582031 -0.00327682495117188 -0.0666770935058594 0.0283279418945313
0.0119209289550781 0.0211067199707031 0.0706024169921875 -0.03179931640625
0.022796630859375 -0.00258064270019531 0.0210418701171875 -0.0175495147705078
0.00398731231689453 -0.0153865814208984 0.0103654861450195 0.0154590606689453
-0.00937080383300781 -0.010798454284668 0.0389900207519531 0.0163764953613281
-0.0124635696411133 -0.00159358978271484 0.0495758056640625 -0.0120811462402344
-0.0100994110107422 0.00625324249267578 0.0413742065429688 -0.0411834716796875
-0.00687503814697266 0.00329494476318359 0.026153564453125 -0.0531387329101562
-0.00866127014160156 0.000921249389648439 0.0153541564941406 -0.0454788208007813
-0.00948524475097656 -0.000913619995117187 0.014923095703125 -0.0376205444335938
-0.0051121711730957 -0.00794410705566406 0.0161552429199219 -0.0291156768798828
0.00326633453369141 -0.0120964050292969 0.0127487182617187 -0.0232906341552734
0.0142593383789063 -0.00695419311523438 0.0142688751220703 -0.0257110595703125
0.0198230743408203 0.00926589965820312 0.0226707458496094 -0.03680419921875
0.0158348083496094 0.0262489318847656 0.0404891967773438 -0.0510101318359375
0.00206947326660156 0.03399658203125 0.0527839660644531 -0.04815673828125
-0.0147285461425781 0.0400276184082031 0.0729904174804688 -0.01861572265625
0.01025390625 0.0237979888916016 0.0227508544921875 -0.00844764709472656
0.00675773620605469 0.0111961364746094 0.0122241973876953 0.0211372375488281
0.00800609588623047 0.00530147552490234 0.0429039001464844 0.0201072692871094
0.00744152069091797 0.00134944915771484 0.0528564453125 -0.00905990600585937
0.00883769989013672 -0.00484085083007813 0.0442161560058594 -0.0394935607910156
0.0065765380859375 -0.0134401321411133 0.025909423828125 -0.0522918701171875
0.00553035736083984 -0.0150051116943359 0.0143241882324219 -0.0439453125
0.00664710998535156 -0.0177822113037109 0.0132675170898438 -0.0355758666992187
0.0151576995849609 -0.0176010131835938 0.0143814086914063 -0.0289897918701172
0.0253562927246094 -0.00732231140136719 0.0089874267578125 -0.0219402313232422
0.0299301147460938 0.0109424591064453 0.0118274688720703 -0.0232257843017578
0.0164451599121094 0.0348052978515625 0.0168743133544922 -0.0326404571533203
-0.00156021118164063 0.0509033203125 0.0336647033691406 -0.0425338745117187
-0.0229225158691406 0.0506095886230469 0.04632568359375 -0.037322998046875
-0.0414390563964844 0.0522117614746094 0.0648002624511719 -0.00166702270507812
-0.00763320922851563 0.0474815368652344 0.01953125 0.00647926330566407
0.00555419921875 0.0397148132324219 0.0125560760498047 0.0290756225585938
0.0243549346923828 0.0242691040039062 0.0429344177246094 0.0256881713867187
0.0290641784667969 0.00617599487304687 0.0510978698730469 -0.00389480590820312
0.0284080505371094 -0.0143928527832031 0.0424156188964844 -0.0341224670410156
0.01922607421875 -0.0279445648193359 0.0244331359863281 -0.0452346801757812
0.0177555084228516 -0.0277252197265625 0.0110244750976563 -0.0359458923339844
0.0204906463623047 -0.0332508087158203 0.00885200500488282 -0.0267276763916016
0.0317649841308594 -0.0265254974365234 0.0074005126953125 -0.0235099792480469
0.0444259643554688 -0.00513839721679688 0.00124740600585938 -0.0177097320556641
0.0441970825195312 0.0207977294921875 0.00506591796875 -0.0203037261962891
0.0162200927734375 0.0551567077636719 0.0104618072509766 -0.0293960571289062
-0.0122146606445313 0.0695762634277344 0.0257091522216797 -0.0320148468017578
-0.0418281555175781 0.0604324340820313 0.0323657989501953 -0.0213832855224609
-0.0620613098144531 0.0562744140625 0.0466766357421875 0.0181808471679688
-0.026824951171875 0.0634841918945313 0.00960922241210937 0.0234565734863281
0.000308990478515618 0.0636558532714844 0.0078887939453125 0.0373802185058594
0.0354156494140625 0.0430145263671875 0.0372734069824219 0.0315818786621094
0.0461997985839844 0.0128936767578125 0.0441856384277344 0.00458908081054688
0.0446624755859375 -0.0194549560546875 0.0368461608886719 -0.0225448608398438
0.0296974182128906 -0.0380096435546875 0.0190773010253906 -0.0317440032958984
0.0279197692871094 -0.0370864868164063 0.00669479370117188 -0.0225296020507813
0.0303192138671875 -0.04327392578125 0.00299930572509766 -0.0132608413696289
0.042999267578125 -0.0337448120117188 -0.00225830078125 -0.0132560729980469
0.0565299987792969 -0.00598907470703125 -0.00917816162109374 -0.0101900100708008
0.0529594421386719 0.0266838073730469 -0.00257682800292968 -0.0161457061767578
0.0159454345703125 0.0652046203613281 0.00409507751464844 -0.0239810943603516
-0.0194854736328125 0.0784988403320312 0.018096923828125 -0.0182018280029297
-0.0533828735351563 0.0632476806640625 0.0141477584838867 -0.00522518157958984
-0.0740509033203125 0.0486831665039062 0.0196151733398437 0.0362167358398438
-0.0445175170898437 0.0674934387207031 -0.005523681640625 0.0401077270507813
-0.00926971435546875 0.0763168334960938 1.52587890625034E-05 0.0438575744628906
0.0377159118652344 0.0575141906738281 0.0267143249511719 0.0363273620605469
0.0545501708984375 0.0201034545898438 0.0316390991210938 0.0119228363037109
0.0548324584960938 -0.021270751953125 0.0250892639160156 -0.00851821899414063
0.0367317199707031 -0.0422172546386719 0.0117826461791992 -0.013911247253418
0.0326194763183594 -0.0403251647949219 0.000225543975830081 -0.00532960891723633
0.0363082885742188 -0.0475616455078125 -0.0045175552368164 0.00332403182983398
0.0483322143554688 -0.0371856689453125 -0.0124425888061523 -0.000147819519042972
0.0610923767089844 -0.005523681640625 -0.0189990997314453 -0.00174331665039063
0.0558509826660156 0.0282707214355469 -0.0105409622192383 -0.0124731063842773
0.0129203796386719 0.069091796875 0.000644683837890626 -0.0193138122558594
-0.025634765625 0.0782928466796875 0.0129127502441406 -0.00303173065185546
-0.0598182678222656 0.0575027465820312 -0.00650405883789063 0.0120506286621094
-0.0718002319335938 0.032379150390625 -0.00801467895507813 0.0507049560546875
-0.052734375 0.054473876953125 -0.0218582153320313 0.052642822265625
-0.0198211669921875 0.0713653564453125 -0.00828552246093751 0.0460433959960938
0.0297622680664062 0.0605545043945312 0.0125312805175781 0.0363883972167969
0.0516395568847656 0.0240478515625 0.0150432586669922 0.0173883438110352
0.0555343627929688 -0.0178985595703125 0.0107784271240234 0.00516796112060547
0.0375442504882813 -0.0383682250976563 0.00166511535644531 0.00480318069458008
0.0330429077148438 -0.0375289916992188 -0.00487136840820312 0.0121955871582031
0.0364303588867188 -0.0445289611816406 -0.0120887756347656 0.0202007293701172
0.0461921691894531 -0.0339546203613281 -0.0214786529541016 0.0130825042724609
0.0573272705078125 -0.00258636474609375 -0.0283908843994141 0.00641822814941406
0.0504188537597656 0.0291290283203125 -0.0182113647460937 -0.00926017761230469
0.006988525390625 0.0642967224121094 -0.00304889678955078 -0.0161428451538086
-0.0311775207519531 0.0667800903320313 0.00686073303222656 0.00886821746826172
-0.0605125427246094 0.0425910949707031 -0.0277805328369141 0.0246925354003906
-0.0560836791992188 0.00915145874023438 -0.0329666137695312 0.0575714111328125
-0.0473098754882813 0.0311813354492188 -0.0358810424804688 0.0571784973144531
-0.0256423950195313 0.0505409240722656 -0.0146903991699219 0.0432853698730469
0.0158424377441406 0.0497398376464844 -0.000429153442382812 0.0334720611572266
0.0380287170410156 0.0229949951171875 0.000509262084960939 0.0193901062011719
0.0446319580078125 -0.0114631652832031 -0.00266456604003906 0.0169124603271484
0.0314064025878906 -0.0290355682373047 -0.00656509399414062 0.0212001800537109
0.0279369354248047 -0.0292129516601562 -0.0105571746826172 0.0274333953857422
0.0310115814208984 -0.0350894927978516 -0.0178813934326172 0.0340461730957031
0.0386009216308594 -0.0265579223632813 -0.0306949615478516 0.0245399475097656
0.0479240417480469 -0.0005340576171875 -0.0372810363769531 0.0129280090332031
0.0395851135253906 0.0270500183105469 -0.0260524749755859 -0.00734329223632812
-0.000972747802734372 0.0542221069335938 -0.00678539276123047 -0.0142536163330078
-0.0343246459960938 0.0492935180664063 -0.000976562500000004 0.0172309875488281
-0.0540199279785156 0.0219612121582031 -0.0486259460449219 0.0335578918457031
-0.0315933227539063 -0.013824462890625 -0.0467681884765625 0.0565872192382812
-0.0337123870849609 0.00341415405273437 -0.0425949096679688 0.0563201904296875
-0.0242862701416016 0.021514892578125 -0.0171051025390625 0.0389404296875
0.000684738159179687 0.0296497344970703 -0.00912094116210938 0.0287799835205078
0.0186367034912109 0.0166454315185547 -0.00934982299804688 0.0199356079101563
0.02655029296875 -0.00370597839355469 -0.0120754241943359 0.0241794586181641
0.0210151672363281 -0.0157146453857422 -0.0131015777587891 0.0330657958984375
0.0183010101318359 -0.0165901184082031 -0.0144805908203125 0.0385932922363281
0.0209922790527344 -0.0208396911621094 -0.0232963562011719 0.0442008972167969
0.0259418487548828 -0.0167827606201172 -0.038238525390625 0.0330963134765625
0.0331306457519531 0.00149917602539063 -0.0437583923339844 0.0161895751953125
0.0254554748535156 0.0202159881591797 -0.0324440002441406 -0.00766181945800781
-0.00630950927734375 0.0377006530761719 -0.0107851028442383 -0.0139665603637695
-0.0314579010009766 0.0271091461181641 -0.00914192199707032 0.0200691223144531
-0.0405769348144531 -0.000148773193359375 -0.0656890869140625 0.0334892272949219
0.0123443603515625 0.0210971832275391 0.0689773559570313 -0.0367279052734375
0.0222606658935547 -0.00385665893554688 0.0189838409423828 -0.0186882019042969
0.00354766845703125 -0.0157623291015625 0.010441780090332 0.0146188735961914
-0.00937271118164063 -0.00942420959472656 0.0406303405761719 0.0138092041015625
-0.0124835968017578 0.00077629089355469 0.0484466552734375 -0.0142898559570313
-0.0102033615112305 0.00686454772949219 0.0381927490234375 -0.0433425903320313
-0.0062708854675293 0.00307893753051758 0.0220260620117187 -0.0537033081054687
-0.00863456726074219 0.000207901000976564 0.0113945007324219 -0.0457687377929688
-0.00954151153564453 -0.000179290771484376 0.0121574401855469 -0.0385665893554688
-0.00604963302612305 -0.00705432891845703 0.0142459869384766 -0.0301074981689453
0.00240802764892578 -0.0123777389526367 0.0105266571044922 -0.0248336791992188
0.0138626098632813 -0.00772666931152344 0.0131187438964844 -0.0273513793945312
0.0213279724121094 0.00695991516113281 0.0206031799316406 -0.0369453430175781
0.0159473419189453 0.0243930816650391 0.0367584228515625 -0.0535774230957031
0.00362205505371094 0.0332794189453125 0.0505218505859375 -0.0518150329589844
-0.0112800598144531 0.0405845642089844 0.0725479125976562 -0.0235671997070312
0.0113449096679688 0.0223884582519531 0.0230731964111328 -0.00936317443847656
0.00726318359375 0.0111379623413086 0.0131206512451172 0.0200901031494141
0.00835371017456055 0.00422000885009766 0.0434455871582031 0.0177993774414063
0.00720548629760742 0.00174188613891602 0.0506973266601563 -0.0123329162597656
0.00733804702758789 -0.00668621063232422 0.0417747497558594 -0.0437812805175781
0.00590133666992188 -0.0141801834106445 0.0232048034667969 -0.0541152954101563
0.0029754638671875 -0.0139379501342773 0.0121688842773437 -0.0446891784667969
0.00467681884765625 -0.0186176300048828 0.0110054016113281 -0.03692626953125
0.0143833160400391 -0.0195331573486328 0.0108871459960938 -0.0306262969970703
0.0243244171142578 -0.00878143310546875 0.00627899169921875 -0.0237922668457031
0.0312099456787109 0.00819015502929688 0.0111198425292969 -0.0241546630859375
0.0180225372314453 0.0349006652832031 0.0154914855957031 -0.0332527160644531
0.00241470336914062 0.0498733520507813 0.0315704345703125 -0.0440864562988281
-0.0203208923339844 0.050567626953125 0.0439834594726563 -0.0408592224121094
-0.0365829467773437 0.053741455078125 0.0645408630371094 -0.00702285766601562
-0.0054473876953125 0.0485877990722656 0.0201644897460938 0.00452995300292969
0.00857162475585937 0.0401802062988281 0.0125312805175781 0.0289325714111328
0.0254764556884766 0.0230731964111328 0.0435791015625 0.0235862731933594
0.0297355651855469 0.00510025024414063 0.0519332885742188 -0.00591278076171875
0.0271015167236328 -0.0146617889404297 0.0398445129394531 -0.0362510681152344
0.0182819366455078 -0.0290908813476563 0.0209732055664063 -0.0454750061035156
0.0163898468017578 -0.0293102264404297 0.0084381103515625 -0.0352249145507813
0.0184898376464844 -0.0337066650390625 0.00635719299316406 -0.026397705078125
0.029876708984375 -0.0289535522460938 0.00528907775878906 -0.0247058868408203
0.0443992614746094 -0.00940322875976563 -0.00128173828125 -0.0181446075439453
0.0462913513183594 0.0189018249511719 0.00419235229492188 -0.0226192474365234
0.0189399719238281 0.0512733459472656 0.00964927673339844 -0.0288276672363281
-0.00867462158203125 0.0692596435546875 0.0233860015869141 -0.0339698791503906
-0.0380172729492188 0.0625839233398437 0.0304927825927734 -0.0251178741455078
-0.0586700439453125 0.0594291687011719 0.0473709106445313 0.0139427185058594
-0.0229072570800781 0.0651817321777344 0.0117053985595703 0.0231971740722656
0.0052947998046875 0.0625686645507813 0.00921630859375 0.0370559692382813
0.0391426086425781 0.0418281555175781 0.0387077331542969 0.0295867919921875
0.0467987060546875 0.0103645324707031 0.0438079833984375 0.002105712890625
0.0426826477050781 -0.0235176086425781 0.0348606109619141 -0.0242729187011719
0.0266456604003906 -0.0396270751953125 0.0162448883056641 -0.0324306488037109
0.0241050720214844 -0.0388031005859375 0.00530433654785156 -0.0231208801269531
0.0266876220703125 -0.0443801879882812 0.000969886779785157 -0.0137348175048828
0.0398979187011719 -0.0369300842285156 -0.00382232666015625 -0.0125322341918945
0.0556106567382813 -0.00964736938476563 -0.00949382781982422 -0.0105180740356445
0.0545883178710937 0.0217170715332031 -0.00328445434570312 -0.017237663269043
0.0199851989746094 0.0637626647949219 0.00290870666503907 -0.0250720977783203
-0.0134735107421875 0.0789794921875 0.0175552368164063 -0.0184402465820312
-0.0491371154785156 0.0666275024414063 0.0139846801757812 -0.00739479064941406
-0.069793701171875 0.0528793334960938 0.0225982666015625 0.0335140228271484
-0.039581298828125 0.0703506469726563 -0.00418853759765625 0.0397224426269531
-0.00312805175781249 0.0755386352539062 0.00130844116210937 0.0433082580566406
0.041107177734375 0.0551986694335938 0.0275688171386719 0.0346717834472656
0.0566787719726563 0.0152244567871094 0.0310859680175781 0.0103244781494141
0.05303955078125 -0.0251388549804688 0.0239963531494141 -0.00858497619628906
0.0341796875 -0.0448989868164062 0.0102834701538086 -0.0142278671264648
0.0299415588378906 -0.0415916442871094 0.000570297241210939 -0.00582027435302735
0.0316581726074219 -0.0505752563476563 -0.00352382659912109 0.0045633316040039
0.0435676574707031 -0.0396842956542969 -0.0112705230712891 -0.00066661834716797
0.0612602233886719 -0.0105018615722656 -0.0198402404785156 -0.000116348266601567
0.057159423828125 0.0244483947753906 -0.0119571685791016 -0.0112247467041016
0.0190391540527344 0.068145751953125 -0.000753402709960938 -0.0199012756347656
-0.020721435546875 0.078582763671875 0.0118904113769531 -0.00519466400146484
-0.0548896789550781 0.0609664916992187 -0.005096435546875 0.0108261108398438
-0.0696525573730469 0.0373954772949219 -0.00507736206054688 0.0515518188476563
-0.0494422912597656 0.0575523376464844 -0.0190849304199219 0.0537681579589844
-0.0147552490234375 0.072540283203125 -0.00608444213867187 0.0452308654785156
0.0341148376464844 0.0587081909179688 0.0135650634765625 0.0354156494140625
0.0524978637695313 0.0212860107421875 0.0163784027099609 0.0170173645019531
0.0533638000488281 -0.0218467712402344 0.0112771987915039 0.0051126480102539
0.0343360900878906 -0.0409355163574219 0.00277519226074219 0.00441694259643554
0.0301322937011719 -0.0401153564453125 -0.00506401062011719 0.0128488540649414
0.033721923828125 -0.0472030639648438 -0.0101337432861328 0.0209732055664062
0.0434494018554688 -0.0372161865234375 -0.0212535858154297 0.0147686004638672
0.0576820373535156 -0.006561279296875 -0.0271987915039062 0.00715446472167969
0.0515937805175781 0.0251502990722656 -0.0183296203613281 -0.00873184204101562
0.010772705078125 0.0638389587402344 -0.00351428985595703 -0.0167236328125
-0.0258865356445312 0.0693817138671875 0.0078120231628418 0.00721836090087891
-0.0567741394042969 0.0462760925292969 -0.0272064208984375 0.0253620147705078
-0.0524253845214844 0.0159072875976562 -0.029144287109375 0.0600166320800781
-0.0454139709472656 0.0342254638671875 -0.0323715209960938 0.0580711364746094
-0.0216102600097656 0.0516586303710937 -0.0127639770507812 0.0449256896972656
0.020263671875 0.0490303039550781 0.00102806091308594 0.0322895050048828
0.0400962829589844 0.0195541381835938 0.00243568420410156 0.0205631256103516
0.0431747436523438 -0.0151824951171875 -0.000930786132812497 0.016026496887207
0.0274467468261719 -0.0318183898925781 -0.00464630126953125 0.0219802856445312
0.0258769989013672 -0.0317020416259766 -0.00965499877929687 0.0271186828613281
0.0279922485351563 -0.0366935729980469 -0.01361083984375 0.036041259765625
0.0377464294433594 -0.0288619995117188 -0.0291538238525391 0.0279273986816406
0.0477752685546875 -0.00276947021484375 -0.0375175476074219 0.0162277221679687
0.0420188903808594 0.0233497619628906 -0.0259609222412109 -0.00571823120117188
0.00339126586914062 0.0525856018066406 -0.00669479370117188 -0.0144081115722656
-0.0288200378417969 0.0512466430664063 0.000107765197753905 0.0169591903686523
-0.0522308349609375 0.0264816284179687 -0.0454635620117188 0.0351219177246094
-0.0314178466796875 -0.0100116729736328 -0.0427436828613281 0.0606842041015625
-0.0331459045410156 0.00629997253417968 -0.039642333984375 0.0582427978515625
-0.0231590270996094 0.0218296051025391 -0.0156326293945312 0.0401115417480469
0.00327873229980469 0.0301017761230469 -0.00811386108398438 0.0287513732910156
0.0197372436523438 0.0150070190429688 -0.00832366943359375 0.0206680297851563
0.0263538360595703 -0.00651741027832031 -0.009674072265625 0.0244579315185547
0.0192584991455078 -0.0170917510986328 -0.0107860565185547 0.0336513519287109
0.0172920227050781 -0.0178585052490234 -0.0120697021484375 0.0390739440917969
0.0200252532958984 -0.0223026275634766 -0.0201339721679688 0.0452232360839844
0.0256938934326172 -0.0180931091308594 -0.0363998413085938 0.0345954895019531
0.0320625305175781 -0.000860214233398437 -0.0431289672851563 0.0183944702148438
0.0263404846191406 0.0179996490478516 -0.0317611694335937 -0.00502777099609374
-0.00374984741210937 0.0377197265625 -0.0115747451782227 -0.0144462585449219
-0.0290813446044922 0.0284748077392578 -0.00803947448730469 0.0199947357177734
-0.0397148132324219 0.00288772583007812 -0.0641098022460937 0.0373611450195313
0.0131320953369141 0.0187816619873047 0.0655136108398438 -0.0382614135742188
0.0212650299072266 -0.00470542907714844 0.018157958984375 -0.0192623138427734
0.00321292877197266 -0.0143346786499023 0.010711669921875 0.0148591995239258
-0.00982570648193359 -0.00890827178955078 0.0399627685546875 0.0129966735839844
-0.012272834777832 0.000482559204101562 0.0476455688476562 -0.0159111022949219
-0.00880908966064453 0.00663280487060547 0.0368423461914063 -0.0439376831054688
-0.0060272216796875 0.00406551361083984 0.0192947387695312 -0.0544548034667969
-0.00767898559570313 0.00196695327758789 0.0100517272949219 -0.0455856323242188
-0.00946998596191406 0.000128746032714844 0.0096588134765625 -0.0384292602539062
-0.00610160827636719 -0.00672817230224609 0.0124855041503906 -0.0305461883544922
0.00142669677734375 -0.0114908218383789 0.0104084014892578 -0.0250568389892578
0.0128192901611328 -0.00781726837158203 0.012908935546875 -0.0286960601806641
0.0202808380126953 0.00689888000488281 0.0208320617675781 -0.0363082885742188
0.0169658660888672 0.0236625671386719 0.0351333618164063 -0.0537376403808594
0.00480461120605469 0.0323886871337891 0.0480728149414063 -0.0537528991699219
-0.0106735229492188 0.040313720703125 0.0698776245117188 -0.0267448425292969
0.0122623443603516 0.0216522216796875 0.0215053558349609 -0.0108737945556641
0.00829792022705078 0.0107755661010742 0.0134639739990234 0.0204849243164063
0.00824975967407227 0.00488662719726562 0.0439949035644531 0.0159111022949219
0.00829505920410156 0.000685691833496094 0.0507316589355469 -0.0132598876953125
0.00781917572021484 -0.00610923767089844 0.0385360717773438 -0.042572021484375
0.00431632995605469 -0.0136737823486328 0.0196075439453125 -0.0528526306152344
0.00393104553222656 -0.0145072937011719 0.00916290283203125 -0.0438385009765625
0.00394439697265625 -0.0180683135986328 0.00818252563476563 -0.0357208251953125
0.0122585296630859 -0.0181713104248047 0.00975418090820313 -0.0304412841796875
0.0239181518554688 -0.00914573669433594 0.00669479370117188 -0.0231132507324219
0.0305519104003906 0.00744819641113281 0.0100231170654297 -0.0253429412841797
0.0190372467041016 0.0328731536865234 0.0150547027587891 -0.0333805084228516
0.00374221801757813 0.04974365234375 0.0293197631835938 -0.0449600219726563
-0.017913818359375 0.0511245727539063 0.042572021484375 -0.0429878234863281
-0.0343132019042969 0.0550613403320313 0.0628471374511719 -0.00840377807617187
-0.00330352783203125 0.0472679138183594 0.0195140838623047 0.00399971008300782
0.0101776123046875 0.0385551452636719 0.0136890411376953 0.0274715423583984
0.0268306732177734 0.0214672088623047 0.0446090698242188 0.0214424133300781
0.0299873352050781 0.00255012512207031 0.049591064453125 -0.00698471069335937
0.0260639190673828 -0.0178184509277344 0.0383872985839844 -0.0364265441894531
0.0160331726074219 -0.0296611785888672 0.0185127258300781 -0.0456657409667969
0.0143356323242188 -0.028717041015625 0.00636672973632813 -0.0353622436523438
0.0164127349853516 -0.0342559814453125 0.00508308410644531 -0.0267047882080078
0.0277500152587891 -0.0303478240966797 0.00305366516113282 -0.0233707427978516
0.0422706604003906 -0.0101661682128906 -0.00114631652832031 -0.0182075500488281
0.0456008911132813 0.0155525207519531 0.003692626953125 -0.0220470428466797
0.0209693908691406 0.0517311096191406 0.00860214233398437 -0.0291767120361328
-0.0046234130859375 0.0689697265625 0.0228767395019531 -0.0339813232421875
-0.0351791381835938 0.0635490417480469 0.02923583984375 -0.0266532897949219
-0.0550003051757812 0.0607223510742188 0.0469741821289063 0.0126075744628906
-0.0199394226074219 0.0644989013671875 0.0115833282470703 0.0214195251464844
0.00754547119140625 0.0627250671386719 0.00998687744140625 0.0361404418945313
0.0405006408691406 0.0386848449707031 0.0387039184570313 0.0284614562988281
0.0465507507324219 0.00704574584960938 0.0424919128417969 0.00119400024414063
0.0412330627441406 -0.0253524780273438 0.0337772369384766 -0.0250225067138672
0.0250205993652344 -0.0408668518066406 0.0152683258056641 -0.0319671630859375
0.0223808288574219 -0.0387649536132813 0.00273704528808594 -0.0226688385009766
0.0244674682617188 -0.0456275939941406 0.00050163269042969 -0.0128669738769531
0.0371971130371094 -0.0377120971679688 -0.00496196746826172 -0.0133724212646484
0.0544013977050781 -0.0125465393066406 -0.0101528167724609 -0.00929546356201172
0.0552406311035156 0.0190544128417969 -0.00382232666015625 -0.0178451538085937
0.0236930847167969 0.0622291564941406 0.00327110290527344 -0.0243415832519531
-0.0100936889648437 0.0787277221679688 0.0168132781982422 -0.0198268890380859
-0.046112060546875 0.0676765441894531 0.0131607055664062 -0.00917434692382812
-0.0659751892089844 0.0553436279296875 0.0240955352783203 0.0347576141357422
-0.0358390808105469 0.069549560546875 -0.0020904541015625 0.0392227172851563
-0.000839233398437497 0.0760269165039063 0.00339889526367187 0.0429191589355469
0.043975830078125 0.0520820617675781 0.0275917053222656 0.0334129333496094
0.0563392639160156 0.01324462890625 0.0310325622558594 0.00975418090820313
0.0515670776367188 -0.0275611877441406 0.02423095703125 -0.0103607177734375
0.0307693481445313 -0.04486083984375 0.00937652587890625 -0.0141410827636719
0.0269622802734375 -0.0431404113769531 -0.000641822814941405 -0.00605010986328125
0.0290336608886719 -0.0511627197265625 -0.00457906723022461 0.00362586975097656
0.0408935546875 -0.0412521362304688 -0.0126152038574219 0.000988006591796873
0.0588188171386719 -0.0126800537109375 -0.0189361572265625 0.000511169433593747
0.0578880310058594 0.0208549499511719 -0.0110311508178711 -0.0125703811645508
0.0213737487792969 0.0654830932617188 -0.00115203857421875 -0.0194625854492187
-0.0154342651367187 0.0783233642578125 0.0127449035644531 -0.00542449951171874
-0.0528640747070313 0.0617828369140625 -0.00537776947021485 0.00961399078369141
-0.0661087036132813 0.0400276184082031 -0.00206756591796876 0.0512046813964844
-0.0447235107421875 0.0583038330078125 -0.01678466796875 0.05291748046875
-0.01171875 0.0722274780273438 -0.00579071044921875 0.0458793640136719
0.0358924865722656 0.055694580078125 0.0142860412597656 0.0353775024414063
0.0529861450195313 0.0180587768554688 0.0162286758422852 0.016998291015625
0.0519523620605469 -0.0249176025390625 0.012202262878418 0.00473690032958984
0.0318946838378906 -0.0422477722167969 0.00230979919433594 0.00462818145751953
0.0278244018554688 -0.0402412414550781 -0.00471973419189453 0.0124540328979492
0.0297966003417969 -0.0478401184082031 -0.00867843627929687 0.0202083587646484
0.0401763916015625 -0.0387458801269531 -0.0206527709960937 0.0145778656005859
0.056060791015625 -0.01025390625 -0.0271472930908203 0.00932884216308594
0.0529975891113281 0.022064208984375 -0.0182228088378906 -0.00808334350585937
0.0143051147460938 0.0621986389160156 -0.00376987457275391 -0.0158624649047852
-0.0227851867675781 0.0687675476074219 0.00779485702514648 0.00719308853149414
-0.0542984008789063 0.0474357604980469 -0.0249099731445313 0.0255107879638672
-0.0525665283203125 0.0165290832519531 -0.0266914367675781 0.0606689453125
-0.0430374145507813 0.03533935546875 -0.0296859741210937 0.05950927734375
-0.0184669494628906 0.0521926879882812 -0.0118370056152344 0.0434188842773438
0.0216598510742188 0.0464019775390625 0.00106239318847656 0.0336380004882813
0.0395965576171875 0.0182571411132813 0.00224113464355469 0.020538330078125
0.0418357849121094 -0.0171775817871094 -3.81469726562235E-06 0.0165243148803711
0.0268344879150391 -0.0324745178222656 -0.00445175170898438 0.0216159820556641
0.0236053466796875 -0.0313873291015625 -0.00850296020507812 0.0279788970947266
0.0263710021972656 -0.0381813049316406 -0.0140819549560547 0.0350208282470703
0.0338802337646484 -0.0309906005859375 -0.0279998779296875 0.0270709991455078
0.0474777221679688 -0.00678253173828125 -0.0351066589355469 0.0162124633789062
0.0424690246582031 0.0214462280273438 -0.0249118804931641 -0.00561332702636718
0.00579452514648438 0.05267333984375 -0.00774574279785156 -0.0138607025146484
-0.0270195007324219 0.0517387390136719 0.00159645080566406 0.0156421661376953
-0.0505104064941406 0.0272064208984375 -0.0444450378417969 0.0355796813964844
-0.0313816070556641 -0.00921249389648438 -0.0401496887207031 0.0619964599609375
-0.0323410034179688 0.00751304626464843 -0.0365371704101563 0.0593070983886719
-0.0208358764648438 0.0237712860107422 -0.0145797729492188 0.0399856567382813
0.00472259521484375 0.0284023284912109 -0.00734901428222656 0.0300807952880859
0.0200252532958984 0.0144672393798828 -0.00666618347167969 0.0213394165039063
0.0255928039550781 -0.00729560852050781 -0.00826835632324218 0.0249538421630859
0.0176792144775391 -0.0171527862548828 -0.00910758972167968 0.0335292816162109
0.015777587890625 -0.018463134765625 -0.0100746154785156 0.0385894775390625
0.0182075500488281 -0.0232486724853516 -0.0177726745605469 0.0454444885253906
0.0237770080566406 -0.0189380645751953 -0.0347213745117188 0.0360260009765625
0.0331077575683594 -0.00266265869140625 -0.0412368774414063 0.0199165344238281
0.0272045135498047 0.0166950225830078 -0.0322170257568359 -0.00403594970703125
-0.002227783203125 0.0378875732421875 -0.0117950439453125 -0.0136089324951172
-0.0271644592285156 0.0294094085693359 -0.00712013244628907 0.0195140838623047
-0.0393486022949219 0.00358581542968751 -0.0608406066894531 0.0387039184570313
0.0127487182617188 0.0188484191894531 0.0654029846191406 -0.0396080017089844
0.0209770202636719 -0.00490188598632813 0.0174484252929688 -0.0199317932128906
0.00262355804443359 -0.0145111083984375 0.0107126235961914 0.0151071548461914
-0.0100498199462891 -0.00815105438232422 0.0402946472167969 0.0125999450683594
-0.0114955902099609 0.00115299224853516 0.0474624633789063 -0.016632080078125
-0.00870990753173828 0.00690889358520508 0.03564453125 -0.0437088012695313
-0.006317138671875 0.00433111190795899 0.0180931091308594 -0.0538406372070313
-0.0078730583190918 0.00220680236816406 0.00856781005859375 -0.0454521179199219
-0.00871419906616211 0.000597000122070312 0.00899505615234375 -0.0382232666015625
-0.00642538070678711 -0.00636005401611328 0.0109844207763672 -0.0304946899414063
0.00114059448242188 -0.0109968185424805 0.00951194763183594 -0.0260028839111328
0.0124301910400391 -0.00787544250488281 0.0124912261962891 -0.0289459228515625
0.0203361511230469 0.00646400451660156 0.0207443237304688 -0.03692626953125
0.0177021026611328 0.0238857269287109 0.0353507995605469 -0.0542945861816406
0.00548171997070313 0.0325679779052734 0.0481452941894531 -0.0551528930664062
-0.0101737976074219 0.0405540466308594 0.0683441162109375 -0.0274620056152344
0.0116996765136719 0.0217380523681641 0.0211238861083984 -0.0109157562255859
0.00875663757324219 0.0105476379394531 0.0129051208496094 0.0201530456542969
0.00922393798828125 0.00461864471435547 0.0435791015625 0.0160675048828125
0.00883007049560547 0.00043487548828125 0.0498924255371094 -0.0133895874023438
0.00801658630371094 -0.00666427612304688 0.0382308959960938 -0.0430717468261719
0.00440025329589844 -0.0138397216796875 0.0183982849121094 -0.0528717041015625
0.00325965881347656 -0.0142574310302734 0.00796890258789063 -0.0436782836914063
0.00401878356933594 -0.0179328918457031 0.00762557983398437 -0.0361099243164063
0.0120201110839844 -0.0183353424072266 0.0081634521484375 -0.0303096771240234
0.0239715576171875 -0.0100631713867188 0.00576019287109375 -0.0237770080566406
0.0301856994628906 0.00658416748046875 0.00998878479003907 -0.0261592864990234
0.0195350646972656 0.0321884155273438 0.0148963928222656 -0.0334224700927734
0.00452804565429687 0.0500221252441406 0.0290336608886719 -0.0459251403808594
-0.0172233581542969 0.0516891479492188 0.0423088073730469 -0.044219970703125
-0.0338478088378906 0.0558433532714844 0.0626869201660156 -0.0107841491699219
-0.00246047973632813 0.0467529296875 0.0189018249511719 0.00333595275878907
0.0113067626953125 0.0386161804199219 0.0132389068603516 0.0278053283691406
0.0277538299560547 0.0208568572998047 0.0439453125 0.0214042663574219
0.0298652648925781 0.00173568725585937 0.0492668151855469 -0.00748062133789063
0.0251636505126953 -0.0188484191894531 0.0376167297363281 -0.0367507934570313
0.015167236328125 -0.0298233032226563 0.0172309875488281 -0.0457077026367188
0.0137252807617188 -0.0291805267333984 0.00506210327148438 -0.0358047485351563
0.0154228210449219 -0.0343189239501953 0.00462722778320313 -0.0270595550537109
0.0267581939697266 -0.0302143096923828 0.00192642211914062 -0.0240135192871094
0.0424308776855469 -0.0115127563476563 -0.00206184387207031 -0.0180454254150391
0.0455169677734375 0.014862060546875 0.00358963012695313 -0.0231304168701172
0.0217399597167969 0.0512123107910156 0.00848197937011719 -0.0295963287353516
-0.00383377075195312 0.0688934326171875 0.0224361419677734 -0.0338687896728516
-0.0342750549316406 0.0640983581542969 0.0296039581298828 -0.0283870697021484
-0.0536117553710937 0.0618934631347656 0.0473976135253906 0.0114822387695313
-0.018310546875 0.0642585754394531 0.0116291046142578 0.0203838348388672
0.00901031494140626 0.0625572204589844 0.00946426391601562 0.0361518859863281
0.0410385131835938 0.0377311706542969 0.0382728576660156 0.0281295776367188
0.047210693359375 0.00577163696289063 0.0425453186035156 0.00144577026367188
0.0400581359863281 -0.0268478393554687 0.0332469940185547 -0.025543212890625
0.0237884521484375 -0.0412826538085938 0.0142173767089844 -0.0325603485107422
0.0215911865234375 -0.0394172668457031 0.00205039978027344 -0.0225696563720703
0.0232734680175781 -0.0464630126953125 -0.000166893005371092 -0.0129966735839844
0.0357933044433594 -0.0387725830078125 -0.005706787109375 -0.0129909515380859
0.0540809631347656 -0.0138931274414063 -0.0106687545776367 -0.0094146728515625
0.0557518005371094 0.0180816650390625 -0.00355339050292968 -0.0185413360595703
0.0242500305175781 0.0611991882324219 0.00287246704101563 -0.0249462127685547
-0.00847625732421875 0.0785751342773438 0.0167007446289063 -0.0207157135009766
-0.0450325012207031 0.0682144165039063 0.0128240585327148 -0.0103311538696289
-0.0649566650390625 0.0568389892578125 0.0240402221679687 0.0330524444580078
-0.03424072265625 0.0692710876464844 -0.00111770629882812 0.0385360717773438
0.000389099121093751 0.0758743286132813 0.00193023681640625 0.0425987243652344
0.0449943542480469 0.0508499145507813 0.0281620025634766 0.0336856842041016
0.0565338134765625 0.0118637084960938 0.0311012268066406 0.010101318359375
0.0496788024902344 -0.0295677185058594 0.0243053436279297 -0.0106792449951172
0.0293807983398438 -0.0461654663085938 0.00880908966064453 -0.0146360397338867
0.0263023376464844 -0.0437774658203125 -0.00147962570190429 -0.00584697723388672
0.0279579162597656 -0.0518150329589844 -0.0041508674621582 0.00363636016845703
0.0396957397460938 -0.0422630310058594 -0.0135049819946289 0.000844955444335937
0.059173583984375 -0.0143089294433594 -0.0192394256591797 0.000831604003906246
0.0580291748046875 0.0199203491210938 -0.0108966827392578 -0.0131139755249023
0.0223846435546875 0.0646553039550781 -0.00102043151855469 -0.0204372406005859
-0.0137176513671875 0.0781784057617188 0.0127630233764648 -0.00609111785888671
-0.0516166687011719 0.06298828125 -0.00539016723632813 0.00870084762573243
-0.0647926330566406 0.0410842895507813 -0.00154495239257813 0.0508346557617188
-0.0436668395996094 0.0587806701660156 -0.015899658203125 0.0522193908691406
-0.0102157592773438 0.0727462768554688 -0.00608062744140625 0.0456199645996094
0.0377960205078125 0.0545768737792969 0.0138626098632813 0.0357666015625
0.0536231994628906 0.0166969299316406 0.0161495208740234 0.0173349380493164
0.0505218505859375 -0.0262947082519531 0.0124406814575195 0.00465679168701172
0.0307235717773438 -0.0432548522949219 0.00254154205322266 0.00451326370239258
0.0265121459960938 -0.0415611267089844 -0.00502586364746094 0.0120220184326172
0.0286140441894531 -0.0491676330566406 -0.008758544921875 0.0205516815185547
0.0389251708984375 -0.039825439453125 -0.0210685729980469 0.0147438049316406
0.0560493469238281 -0.0123481750488281 -0.0273475646972656 0.009368896484375
0.0536117553710938 0.0203475952148438 -0.0183010101318359 -0.00868797302246094
0.0158462524414062 0.0616302490234375 -0.00389766693115234 -0.0164241790771484
-0.0203666687011719 0.0689811706542969 0.00780344009399414 0.00610399246215821
-0.0533103942871094 0.048248291015625 -0.0246028900146484 0.0250720977783203
-0.0517959594726563 0.0179443359375 -0.0248527526855469 0.0612373352050781
-0.0414047241210938 0.0361061096191406 -0.0292816162109375 0.0593719482421875
-0.01776123046875 0.05303955078125 -0.0124931335449219 0.0442314147949219
0.0228691101074219 0.0462837219238281 0.001068115234375 0.0337810516357422
0.0402412414550781 0.0170745849609375 0.00213050842285157 0.0209312438964844
0.04132080078125 -0.0184211730957031 0.000522613525390629 0.0167045593261719
0.0259552001953125 -0.0332813262939453 -0.0038604736328125 0.0220890045166016
0.0227336883544922 -0.0322189331054688 -0.00763130187988281 0.0274715423583984
0.0247726440429688 -0.0391044616699219 -0.0125923156738281 0.0354080200195313
0.0329093933105469 -0.0314292907714844 -0.0280799865722656 0.0274143218994141
0.0467185974121094 -0.00778579711914063 -0.0345821380615234 0.0163612365722656
0.0423088073730469 0.0198287963867188 -0.0252437591552734 -0.00565528869628906
0.00684356689453125 0.0525283813476562 -0.00741195678710938 -0.0145130157470703
-0.0255889892578125 0.0518913269042969 0.00141239166259765 0.0156373977661133
-0.04937744140625 0.0275230407714844 -0.0434761047363281 0.0362396240234375
-0.0307559967041016 -0.00823783874511719 -0.0395278930664062 0.0632705688476563
-0.0311737060546875 0.008056640625 -0.0361747741699219 0.0594139099121094
-0.0204486846923828 0.0240077972412109 -0.0151939392089844 0.0397682189941406
0.00554466247558594 0.0279350280761719 -0.00751113891601562 0.0307521820068359
0.0201740264892578 0.0133857727050781 -0.00695228576660156 0.022125244140625
0.0246849060058594 -0.00852584838867188 -0.00728607177734375 0.0251750946044922
0.0173492431640625 -0.017608642578125 -0.00810050964355468 0.0333232879638672
0.0153369903564453 -0.0185165405273438 -0.00939559936523438 0.038726806640625
0.0175151824951172 -0.0239601135253906 -0.0166397094726562 0.0458221435546875
0.0227718353271484 -0.0198001861572266 -0.0339431762695313 0.0362129211425781
0.0324192047119141 -0.00383186340332031 -0.0407905578613281 0.0208625793457031
0.027740478515625 0.0161113739013672 -0.0316581726074219 -0.00456428527832031
-0.00131988525390625 0.0376129150390625 -0.0113601684570313 -0.0139751434326172
-0.0263137817382813 0.0292301177978516 -0.00648689270019532 0.0192279815673828
-0.0388679504394531 0.003997802734375 -0.0596771240234375 0.03948974609375
0.0129013061523438 0.0187950134277344 0.0654067993164063 -0.0415802001953125
0.0209083557128906 -0.00500297546386719 0.0165500640869141 -0.0200290679931641
0.00242042541503906 -0.0144128799438477 0.0105743408203125 0.015620231628418
-0.0102167129516602 -0.00803852081298828 0.0411300659179687 0.0121002197265625
-0.0115966796875 0.00140953063964844 0.0480194091796875 -0.0169639587402344
-0.00855875015258789 0.0074162483215332 0.0354957580566406 -0.0449676513671875
-0.0057978630065918 0.00385475158691406 0.0174713134765625 -0.055084228515625
-0.00750446319580078 0.00310230255126953 0.00786209106445313 -0.0460472106933594
-0.00917911529541016 0.00122737884521484 0.00788497924804688 -0.0393028259277344
-0.00626039505004883 -0.00590181350708008 0.0103664398193359 -0.031494140625
0.00108432769775391 -0.0109195709228516 0.00911903381347656 -0.0271968841552734
0.0126256942749023 -0.00793647766113281 0.0129280090332031 -0.0301666259765625
0.0202732086181641 0.00624847412109375 0.021575927734375 -0.0376129150390625
0.0179557800292969 0.0235576629638672 0.03546142578125 -0.0551185607910156
0.00594139099121094 0.0330619812011719 0.0488815307617188 -0.0577964782714844
-0.0102348327636719 0.0411300659179688 0.0694198608398438 -0.0294532775878906
0.0120220184326172 0.0219078063964844 0.0206699371337891 -0.0118007659912109
0.00908946990966797 0.0112266540527344 0.0131320953369141 0.0212821960449219
0.00988388061523438 0.00466251373291016 0.0443534851074219 0.0159568786621094
0.00887012481689453 -2.09808349609375E-05 0.0506629943847656 -0.0136375427246094
0.00781631469726563 -0.0073695182800293 0.0381927490234375 -0.0437889099121094
0.00423049926757812 -0.0146875381469727 0.0173530578613281 -0.0543251037597656
0.00301361083984375 -0.0142850875854492 0.00696945190429688 -0.044342041015625
0.00325584411621094 -0.0182456970214844 0.00685882568359375 -0.0368728637695313
0.0116615295410156 -0.0188789367675781 0.00741004943847656 -0.0306510925292969
0.0238571166992188 -0.0104503631591797 0.00503921508789063 -0.0245304107666016
0.0307064056396484 0.00628852844238281 0.0102367401123047 -0.0278701782226563
0.0199756622314453 0.0327129364013672 0.0159397125244141 -0.0340957641601563
0.00516128540039063 0.0503158569335938 0.0298614501953125 -0.047088623046875
-0.0167465209960938 0.0531997680664063 0.0426368713378906 -0.0468368530273438
-0.033599853515625 0.0576133728027344 0.0633506774902344 -0.0114898681640625
-0.00176239013671875 0.0474395751953125 0.0188426971435547 0.00252342224121094
0.0120315551757813 0.0394210815429688 0.0126266479492188 0.0283584594726563
0.0290279388427734 0.0210208892822266 0.044464111328125 0.0220603942871094
0.0302085876464844 0.00127029418945312 0.0499305725097656 -0.00728607177734375
0.0253791809082031 -0.019927978515625 0.03790283203125 -0.0375480651855469
0.0148181915283203 -0.0315837860107422 0.01678466796875 -0.046356201171875
0.0134315490722656 -0.0300960540771484 0.0042572021484375 -0.0359687805175781
0.0143203735351562 -0.0354576110839844 0.00317573547363281 -0.0275802612304688
0.0262413024902344 -0.0315093994140625 0.000844955444335941 -0.0244960784912109
0.0427780151367187 -0.0125656127929687 -0.00295066833496094 -0.0188426971435547
0.0465736389160156 0.0137252807617187 0.00344276428222656 -0.0243415832519531
0.0227737426757812 0.0520286560058594 0.00884819030761719 -0.0299301147460937
-0.002532958984375 0.0703887939453125 0.02313232421875 -0.0354652404785156
-0.0339622497558594 0.066009521484375 0.0295124053955078 -0.0303802490234375
-0.0536651611328125 0.0638313293457031 0.0481719970703125 0.0107460021972656
-0.0179405212402344 0.0650863647460938 0.0117053985595703 0.0205421447753906
0.0102043151855469 0.0639495849609375 0.00929641723632812 0.0369720458984375
0.0430145263671875 0.0376243591308594 0.0391349792480469 0.0291786193847656
0.0481452941894531 0.00483322143554688 0.0429458618164063 0.00156784057617188
0.0400543212890625 -0.0286521911621094 0.0334987640380859 -0.0256633758544922
0.0237884521484375 -0.0429039001464844 0.01361083984375 -0.0330352783203125
0.0208511352539062 -0.0403900146484375 0.00102996826171875 -0.0228900909423828
0.0222892761230469 -0.0482902526855469 -0.000584602355957031 -0.0131254196166992
0.0349578857421875 -0.0404090881347656 -0.0070648193359375 -0.0132236480712891
0.0546836853027344 -0.0157470703125 -0.0110721588134766 -0.0101032257080078
0.0571670532226563 0.0167694091796875 -0.00400352478027343 -0.0194606781005859
0.0261611938476563 0.0620231628417969 0.0027923583984375 -0.0255870819091797
-0.0071258544921875 0.0797653198242187 0.0167236328125 -0.0214023590087891
-0.04510498046875 0.0701141357421875 0.0128860473632812 -0.011713981628418
-0.0658531188964844 0.0587577819824219 0.0244007110595703 0.0334758758544922
-0.0338516235351562 0.0709915161132813 -0.00103378295898438 0.0386390686035156
0.00157928466796875 0.07708740234375 0.00156021118164062 0.0440711975097656
0.0469779968261719 0.0509223937988281 0.0281276702880859 0.034698486328125
0.0575904846191406 0.0103378295898438 0.0313549041748047 0.0107898712158203
0.0498733520507813 -0.0314521789550781 0.0249519348144531 -0.0105304718017578
0.0288467407226562 -0.0482749938964844 0.00881767272949219 -0.0148916244506836
0.0255508422851562 -0.0451812744140625 -0.00162267684936523 -0.00567770004272461
0.0263557434082031 -0.05340576171875 -0.00434589385986328 0.0035855770111084
0.0387420654296875 -0.0445709228515625 -0.014460563659668 0.00142765045166015
0.0595855712890625 -0.0166130065917969 -0.0199184417724609 0.000427246093749999
0.0596389770507812 0.0180740356445312 -0.0115261077880859 -0.0140256881713867
0.0243415832519531 0.0655746459960938 -0.000587463378906247 -0.0207271575927734
-0.0123443603515625 0.0796661376953125 0.0126008987426758 -0.0064706802368164
-0.0519447326660156 0.064971923828125 -0.00542163848876953 0.00846052169799805
-0.0648994445800781 0.0425071716308594 -0.00085449218750001 0.051666259765625
-0.0430870056152344 0.0598030090332031 -0.0163116455078125 0.0526580810546875
-0.009552001953125 0.0740280151367188 -0.00664520263671875 0.0461997985839844
0.0393333435058594 0.0542793273925781 0.0136070251464844 0.036895751953125
0.0548782348632812 0.0158233642578125 0.0159053802490234 0.0179901123046875
0.0503196716308594 -0.0278091430664062 0.0128898620605469 0.00459766387939453
0.0297622680664063 -0.0449066162109375 0.00277996063232422 0.0046539306640625
0.0258445739746094 -0.0425567626953125 -0.00508499145507812 0.0121402740478516
0.0271034240722656 -0.0507583618164063 -0.00860023498535156 0.0208969116210937
0.0378684997558594 -0.0413742065429688 -0.0216217041015625 0.0153121948242187
0.0570487976074219 -0.013946533203125 -0.0271530151367188 0.00993537902832031
0.0546913146972656 0.0190887451171875 -0.0190391540527344 -0.00909805297851562
0.017547607421875 0.062469482421875 -0.00414466857910156 -0.0170450210571289
-0.0191879272460937 0.0703048706054688 0.00751447677612305 0.00580120086669922
-0.0539321899414063 0.0504074096679687 -0.0250968933105469 0.0251026153564453
-0.0522079467773437 0.0191612243652344 -0.02508544921875 0.06231689453125
-0.0414085388183594 0.0371017456054688 -0.0294952392578125 0.0599899291992188
-0.0172767639160156 0.0542678833007813 -0.012786865234375 0.04498291015625
0.0242500305175781 0.0460586547851563 0.00104331970214844 0.0348091125488281
0.0414466857910156 0.0161285400390625 0.00234413146972656 0.0216293334960938
0.0413780212402344 -0.0200843811035156 0.00113773345947266 0.017242431640625
0.0250492095947266 -0.0343532562255859 -0.00350189208984375 0.0221271514892578
0.0221843719482422 -0.0332546234130859 -0.00753211975097656 0.0280895233154297
0.0243377685546875 -0.0410957336425781 -0.0129051208496094 0.03570556640625
0.0323295593261719 -0.0326862335205078 -0.0280284881591797 0.0286006927490234
0.0475120544433594 -0.0092926025390625 -0.0347919464111328 0.0171413421630859
0.043701171875 0.0194473266601563 -0.0254859924316406 -0.00591659545898438
0.00820159912109375 0.0534172058105469 -0.00735282897949218 -0.0148839950561523
-0.0247421264648437 0.0530357360839844 0.00189685821533203 0.0155067443847656
-0.0500526428222656 0.0287933349609375 -0.0440750122070313 0.0371513366699219
-0.0308418273925781 -0.00789070129394531 -0.0386810302734375 0.0653839111328125
-0.0313568115234375 0.00856590270996094 -0.0361785888671875 0.061187744140625
-0.0200843811035156 0.0246486663818359 -0.0155906677246094 0.0408439636230469
0.00678253173828125 0.0284786224365234 -0.00765037536621094 0.0320301055908203
0.0213737487792969 0.0129489898681641 -0.00677108764648438 0.0231609344482422
0.0248470306396484 -0.00922584533691406 -0.00678443908691406 0.0258140563964844
0.0165348052978516 -0.0187416076660156 -0.00756072998046875 0.0342369079589844
0.0147514343261719 -0.0191268920898438 -0.00916290283203125 0.0396575927734375
0.0168895721435547 -0.0251312255859375 -0.0162010192871094 0.0463676452636719
0.0226249694824219 -0.0207653045654297 -0.0339698791503906 0.0375823974609375
0.0328521728515625 -0.00443077087402344 -0.0410003662109375 0.0214004516601563
0.0289649963378906 0.0157756805419922 -0.0321197509765625 -0.00436782836914063
-0.000251770019531252 0.0379142761230469 -0.0118818283081055 -0.0145492553710938
-0.0261116027832031 0.030303955078125 -0.00643348693847656 0.0195064544677734
-0.0393180847167969 0.00446319580078126 -0.0602798461914063 0.0408782958984375
0.0138206481933594 0.0191745758056641 0.0659370422363281 -0.0445480346679688
0.0213470458984375 -0.0055999755859375 0.0160026550292969 -0.0211658477783203
0.00296974182128906 -0.0146102905273438 0.0111942291259766 0.0170764923095703
-0.010828971862793 -0.00815963745117188 0.042755126953125 0.0123291015625
-0.0117330551147461 0.00163650512695312 0.0493354797363281 -0.0185966491699219
-0.00862932205200195 0.00773191452026367 0.0355453491210937 -0.0470428466796875
-0.00579738616943359 0.00452947616577149 0.0158042907714844 -0.0569839477539063
-0.00755596160888672 0.00377273559570313 0.00651168823242188 -0.0472030639648438
-0.00940513610839844 0.0017242431640625 0.00651168823242188 -0.0405654907226563
-0.00672674179077149 -0.00601863861083984 0.00960540771484375 -0.0326499938964844
0.000792503356933594 -0.0113058090209961 0.00821685791015625 -0.0289192199707031
0.0125179290771484 -0.00832080841064453 0.0129013061523438 -0.0320148468017578
0.020477294921875 0.00621604919433594 0.0223922729492187 -0.0394020080566406
0.0192394256591797 0.0240898132324219 0.0356025695800781 -0.0583114624023437
0.00700759887695312 0.0338039398193359 0.0488166809082031 -0.0622367858886719
-0.0103225708007813 0.043212890625 0.0702095031738281 -0.0318145751953125
0.0133533477783203 0.0220184326171875 0.02044677734375 -0.0125541687011719
0.0100955963134766 0.0115985870361328 0.013336181640625 0.0218067169189453
0.0100860595703125 0.00403404235839844 0.0458030700683594 0.0156974792480469
0.00942707061767578 -0.000308036804199219 0.0522041320800781 -0.0150909423828125
0.0076603889465332 -0.00790262222290039 0.0381431579589844 -0.0458297729492187
0.00386905670166016 -0.015716552734375 0.0164794921875 -0.0564613342285156
0.00292682647705078 -0.0146512985229492 0.00550079345703125 -0.0455093383789063
0.00284957885742188 -0.0190334320068359 0.00484085083007813 -0.0382232666015625
0.0115928649902344 -0.0200309753417969 0.00598335266113281 -0.032318115234375
0.024200439453125 -0.0114307403564453 0.00443649291992187 -0.0260276794433594
0.0319004058837891 0.005615234375 0.00960540771484375 -0.0296497344970703
0.0214080810546875 0.0332775115966797 0.0163173675537109 -0.0350818634033203
0.00658035278320312 0.0522270202636719 0.0299720764160156 -0.0496864318847656
-0.0161056518554688 0.0555915832519531 0.0423851013183594 -0.0508232116699219
-0.0341606140136719 0.0601577758789063 0.0648345947265625 -0.0138092041015625
1.144409179688E-05 0.0484466552734375 0.0188503265380859 0.00189971923828125
0.0144119262695312 0.0403518676757812 0.0129604339599609 0.0298233032226563
0.0305557250976563 0.0200252532958984 0.0456466674804688 0.0217742919921875
0.0314483642578125 0.000253677368164063 0.0509223937988281 -0.0081939697265625
0.0247707366943359 -0.0216636657714844 0.0382347106933594 -0.0393562316894531
0.0138339996337891 -0.0330734252929688 0.0154647827148437 -0.0484886169433594
0.0124053955078125 -0.0313129425048828 0.00258255004882813 -0.0371170043945313
0.0134963989257813 -0.0370941162109375 0.00198936462402344 -0.0286979675292969
0.0251903533935547 -0.0330734252929688 -0.000905990600585938 -0.0250988006591797
0.0438270568847656 -0.0149650573730469 -0.00347137451171875 -0.0195903778076172
0.0480918884277344 0.0126686096191406 0.00271797180175782 -0.0263519287109375
0.0251083374023438 0.0528984069824219 0.00876045227050781 -0.0319480895996094
-0.000198364257812493 0.0723037719726563 0.0228958129882812 -0.0372657775878906
-0.0334205627441406 0.0691261291503906 0.0293388366699219 -0.0330944061279297
-0.0533447265625 0.0675544738769531 0.0498008728027344 0.00969314575195313
-0.0163154602050781 0.067657470703125 0.0121440887451172 0.0201396942138672
0.0122947692871094 0.0660362243652344 0.00909805297851562 0.0384445190429688
0.045166015625 0.0363922119140625 0.0400962829589844 0.0293655395507813
0.0497322082519531 0.0030670166015625 0.0446891784667969 0.00131607055664063
0.0393409729003906 -0.0312080383300781 0.0342254638671875 -0.0274066925048828
0.0220947265625 -0.0453720092773438 0.0131244659423828 -0.0341987609863281
0.0197792053222656 -0.0424842834472656 -0.000226974487304685 -0.0232467651367188
0.0207786560058594 -0.0504417419433594 -0.00148105621337891 -0.0138673782348633
0.0336189270019531 -0.0426139831542969 -0.00832271575927735 -0.0135679244995117
0.0556411743164063 -0.0186119079589844 -0.0120992660522461 -0.0104360580444336
0.0590972900390625 0.0148696899414063 -0.00484275817871093 -0.0209064483642578
0.0290107727050781 0.0636062622070313 0.00303840637207032 -0.0270137786865234
-0.004669189453125 0.0826568603515625 0.0170860290527344 -0.0230045318603516
-0.04473876953125 0.0737457275390625 0.0127267837524414 -0.0132331848144531
-0.0657615661621094 0.0621795654296875 0.0266647338867188 0.0334110260009766
-0.03265380859375 0.0729598999023438 -0.000755310058593749 0.0389556884765625
0.003753662109375 0.080047607421875 0.00198745727539062 0.0455818176269531
0.0499763488769531 0.050140380859375 0.0294380187988281 0.0357589721679688
0.0594406127929688 0.00872039794921875 0.0322513580322266 0.0108547210693359
0.0495834350585937 -0.0346603393554687 0.0253257751464844 -0.0114860534667969
0.0277061462402344 -0.0508842468261719 0.00853633880615235 -0.0153236389160156
0.0240669250488281 -0.0475006103515625 -0.00300693511962891 -0.00533771514892578
0.0249404907226563 -0.0564804077148438 -0.00470733642578125 0.00355863571166992
0.0378074645996094 -0.0470085144042969 -0.0155096054077148 0.00194931030273437
0.0607490539550781 -0.0197525024414063 -0.0203762054443359 0.000677108764648433
0.0622596740722656 0.0163764953613281 -0.0125370025634766 -0.0151681900024414
0.0269241333007813 0.0666694641113281 -0.00160789489746094 -0.0219249725341797
-0.00995635986328126 0.0824966430664063 0.0134077072143555 -0.00784778594970703
-0.052032470703125 0.0683021545410156 -0.00578403472900391 0.00773763656616211
-0.0656471252441406 0.0460319519042969 0.000404357910156251 0.0532760620117188
-0.0426788330078125 0.0625991821289063 -0.0157699584960938 0.0542945861816406
-0.0077362060546875 0.07696533203125 -0.006378173828125 0.0481071472167969
0.0424957275390625 0.0546455383300781 0.0141525268554688 0.0382080078125
0.0568046569824219 0.0141181945800781 0.0166873931884766 0.0194587707519531
0.0500907897949219 -0.0310935974121094 0.0138616561889648 0.00465965270996094
0.0284881591796875 -0.0475921630859375 0.0026998519897461 0.00491094589233398
0.0247764587402344 -0.0449943542480469 -0.00550460815429687 0.012537956237793
0.0255966186523437 -0.0538825988769531 -0.00884056091308594 0.0217552185058594
0.0371513366699219 -0.0441970825195313 -0.0222949981689453 0.0166015625
0.05810546875 -0.0170822143554688 -0.0279273986816406 0.0108051300048828
0.0568771362304688 0.0177497863769531 -0.0195159912109375 -0.00977516174316406
0.0201911926269531 0.0635299682617188 -0.00506782531738281 -0.0181217193603516
-0.016998291015625 0.0728912353515625 0.00852441787719726 0.00555610656738282
-0.0541267395019531 0.0534934997558594 -0.0250186920166016 0.0261573791503906
-0.052886962890625 0.0210914611816406 -0.0235328674316406 0.0653610229492188
-0.0412864685058594 0.0399208068847656 -0.0289955139160156 0.0625381469726563
-0.0163650512695312 0.0564308166503906 -0.013519287109375 0.0467681884765625
0.0267219543457031 0.0462150573730469 0.00138473510742188 0.0364494323730469
0.0431709289550781 0.0150413513183594 0.00263595581054688 0.0231266021728516
0.0412445068359375 -0.0224418640136719 0.002166748046875 0.0181369781494141
0.0243873596191406 -0.0362358093261719 -0.00281524658203125 0.0227813720703125
0.0215339660644531 -0.0352401733398437 -0.00694847106933593 0.0296344757080078
0.0227622985839844 -0.0436058044433594 -0.0120887756347656 0.0372695922851563
0.0315208435058594 -0.0352821350097656 -0.0284404754638672 0.0302715301513672
0.0487022399902344 -0.0121917724609375 -0.0354270935058594 0.018463134765625
0.0455741882324219 0.0178680419921875 -0.0264873504638672 -0.00583457946777344
0.0100173950195312 0.0546150207519531 -0.00877666473388672 -0.0158014297485352
-0.0230522155761719 0.0552406311035156 0.00203704833984375 0.01556396484375
-0.0512542724609375 0.0315208435058594 -0.0441665649414063 0.0388641357421875
-0.0316066741943359 -0.00710678100585937 -0.0384407043457031 0.0690689086914063
-0.0320205688476563 0.00989341735839844 -0.0360908508300781 0.0638389587402344
-0.01959228515625 0.0264530181884766 -0.0156593322753906 0.0425529479980469
0.00803756713867187 0.0282707214355469 -0.00765609741210937 0.0337085723876953
0.0221977233886719 0.0120677947998047 -0.006561279296875 0.0246772766113281
0.0247955322265625 -0.0103511810302734 -0.00609970092773437 0.0267810821533203
0.0163192749023438 -0.0196933746337891 -0.00678634643554687 0.035247802734375
0.0144615173339844 -0.0206451416015625 -0.00799942016601562 0.0409126281738281
0.0164241790771484 -0.0265884399414063 -0.0153427124023437 0.0483551025390625
0.0221538543701172 -0.0223255157470703 -0.0340805053710938 0.0397834777832031
0.0337085723876953 -0.00606346130371094 -0.0412406921386719 0.0232086181640625
0.0298233032226562 0.0155487060546875 -0.033416748046875 -0.00428009033203125
0.00103759765625 0.0387382507324219 -0.0132770538330078 -0.0147552490234375
-0.0253219604492187 0.0314369201660156 -0.00590896606445313 0.0200901031494141
-0.0402336120605469 0.00581359863281251 -0.0602798461914063 0.04376220703125
0.0141429901123047 0.0194206237792969 0.0648689270019531 -0.0485153198242188
0.021453857421875 -0.00694656372070313 0.0152378082275391 -0.0225162506103516
0.00211524963378906 -0.0149974822998047 0.0119819641113281 0.0173501968383789
-0.0110034942626953 -0.0071725845336914 0.0438003540039063 0.0105972290039063
-0.0114192962646484 0.00262165069580078 0.0495185852050781 -0.0208244323730469
-0.00836753845214844 0.00860643386840821 0.0336837768554688 -0.0497589111328125
-0.00606584548950195 0.00465250015258789 0.0129432678222656 -0.0591087341308594
-0.00741052627563477 0.00442361831665039 0.00452804565429687 -0.048858642578125
-0.00955772399902344 0.00264453887939453 0.00419998168945313 -0.0418548583984375
-0.00733232498168945 -0.00526142120361328 0.0080718994140625 -0.0344409942626953
2.19345092773444E-05 -0.0113582611083984 0.00684738159179687 -0.030242919921875
0.0121173858642578 -0.00939464569091797 0.0115222930908203 -0.0339679718017578
0.0214385986328125 0.00517845153808594 0.0217323303222656 -0.0410690307617188
0.0207099914550781 0.0237503051757813 0.0341224670410156 -0.0615882873535156
0.00867271423339844 0.0341415405273438 0.0470123291015625 -0.0666007995605469
-0.0084991455078125 0.0449638366699219 0.0702629089355469 -0.0365562438964844
0.0147018432617187 0.0218486785888672 0.019989013671875 -0.0143470764160156
0.0112886428833008 0.0113668441772461 0.0141487121582031 0.0224647521972656
0.0108556747436523 0.00378513336181641 0.0475044250488281 0.0143203735351563
0.00976371765136719 -0.000889778137207031 0.0526695251464844 -0.0178184509277344
0.00707674026489258 -0.00875139236450195 0.0367889404296875 -0.0487861633300781
0.00249576568603516 -0.016514778137207 0.0140953063964844 -0.0580368041992187
0.00224208831787109 -0.0152301788330078 0.0023193359375 -0.0462722778320313
0.00159454345703125 -0.0192966461181641 0.00277328491210937 -0.039093017578125
0.0100746154785156 -0.0210094451904297 0.00416946411132812 -0.0331249237060547
0.0241336822509766 -0.0129795074462891 0.00269508361816406 -0.0274200439453125
0.0326499938964844 0.00391387939453125 0.00873565673828126 -0.0313472747802734
0.0235557556152344 0.0333728790283203 0.0156402587890625 -0.0370445251464844
0.00959396362304687 0.0531082153320313 0.0286369323730469 -0.052642822265625
-0.0140495300292969 0.0573387145996094 0.041015625 -0.05511474609375
-0.0321502685546875 0.0630874633789063 0.0649642944335938 -0.0172767639160156
0.00195312499999999 0.0495643615722656 0.0189895629882813 0.000432968139648441
0.0167121887207031 0.0410652160644531 0.0140209197998047 0.0308208465576172
0.0322551727294922 0.0189075469970703 0.0479240417480469 0.0210037231445313
0.0321121215820313 -0.00139999389648438 0.0519981384277344 -0.00994491577148438
0.0237770080566406 -0.0236988067626953 0.0372238159179688 -0.0420036315917969
0.0116214752197266 -0.035064697265625 0.0131072998046875 -0.0500717163085938
0.0107364654541016 -0.0323390960693359 0.00079727172851563 -0.0372581481933594
0.0109786987304688 -0.0391616821289063 0.000225067138671875 -0.0295333862304688
0.0237159729003906 -0.0349540710449219 -0.0025177001953125 -0.0256824493408203
0.043365478515625 -0.0176582336425781 -0.00507354736328125 -0.0206317901611328
0.0499229431152344 0.010498046875 0.0015106201171875 -0.0277824401855469
0.0283393859863281 0.0529899597167969 0.00845718383789063 -0.0330562591552734
0.00318145751953125 0.0742721557617188 0.0218124389648438 -0.0399131774902344
-0.0310134887695313 0.0725860595703125 0.0285453796386719 -0.0367431640625
-0.051544189453125 0.0714645385742188 0.0512657165527344 0.00722122192382813
-0.0138587951660156 0.0695571899414063 0.0126838684082031 0.0192012786865234
0.0163116455078125 0.0670127868652344 0.010498046875 0.0395240783691406
0.0482025146484375 0.0348739624023438 0.0421905517578125 0.0290374755859375
0.0506057739257813 0.000873565673828125 0.0453872680664063 0.00020599365234375
0.0385589599609375 -0.0342597961425781 0.0337886810302734 -0.0291976928710937
0.0197334289550781 -0.04803466796875 0.0113868713378906 -0.0354118347167969
0.017578125 -0.0446281433105469 -0.00164794921875 -0.0231208801269531
0.0175323486328125 -0.0528450012207031 -0.00258350372314453 -0.0144309997558594
0.0320053100585938 -0.0454978942871094 -0.00990200042724609 -0.013336181640625
0.055511474609375 -0.022705078125 -0.0131053924560547 -0.0102739334106445
0.0610923767089844 0.0117835998535156 -0.00639724731445312 -0.0222587585449219
0.0326957702636719 0.0636024475097656 0.00212287902832031 -0.0277976989746094
-0.000251770019531246 0.0845108032226563 0.0168437957763672 -0.0253753662109375
-0.0426483154296875 0.0780029296875 0.0123624801635742 -0.0153970718383789
-0.0640144348144531 0.0669441223144531 0.0286350250244141 0.0325393676757813
-0.0296859741210937 0.0764617919921875 0.000694274902343752 0.0392646789550781
0.00842285156249999 0.0817184448242188 0.00276565551757813 0.0464515686035156
0.0536308288574219 0.0481147766113281 0.0308265686035156 0.0355644226074219
0.0611419677734375 0.00551223754882812 0.0337753295898438 0.0110130310058594
0.0478057861328125 -0.0382041931152344 0.0254974365234375 -0.0128059387207031
0.0250091552734375 -0.0535964965820313 0.00756072998046875 -0.0159826278686523
0.0218887329101562 -0.0499382019042969 -0.00396394729614258 -0.00519990921020508
0.0216178894042969 -0.0592536926269531 -0.00512075424194336 0.00396060943603515
0.0357742309570313 -0.0502510070800781 -0.0162153244018555 0.00261497497558593
0.06036376953125 -0.024383544921875 -0.0206851959228516 0.00169181823730469
0.0644950866699219 0.0125579833984375 -0.0140647888183594 -0.0155544281005859
0.0315399169921875 0.0668525695800781 -0.00238990783691406 -0.0228099822998047
-0.00577545166015625 0.0848236083984375 0.0134916305541992 -0.0092325210571289
-0.0504379272460937 0.072662353515625 -0.00587749481201172 0.00719261169433594
-0.0646629333496094 0.0502281188964844 0.00286483764648437 0.0540275573730469
-0.0405960083007813 0.0657463073730469 -0.0139236450195313 0.0555992126464844
-0.003814697265625 0.0796279907226562 -0.0056610107421875 0.0495376586914063
0.0461883544921875 0.0531349182128906 0.0157585144042969 0.0389251708984375
0.0586395263671875 0.0110435485839844 0.0181713104248047 0.0199928283691406
0.0489463806152344 -0.0343780517578125 0.0146703720092773 0.00400924682617187
0.026397705078125 -0.0504722595214844 0.00316190719604492 0.00495243072509765
0.0222969055175781 -0.0474739074707031 -0.00547695159912109 0.0136041641235352
0.0223045349121094 -0.0570297241210938 -0.00801849365234375 0.0222721099853516
0.0346946716308594 -0.0472869873046875 -0.0225505828857422 0.0183391571044922
0.0578880310058594 -0.0214195251464844 -0.0279617309570312 0.0121212005615234
0.0590171813964844 0.0144691467285156 -0.0212078094482422 -0.00929069519042969
0.02398681640625 0.0641288757324219 -0.00625419616699219 -0.0183849334716797
-0.013580322265625 0.0750274658203125 0.00908756256103516 0.00457191467285157
-0.0531272888183594 0.0576133728027344 -0.0238513946533203 0.0271167755126953
-0.05267333984375 0.0240821838378906 -0.021148681640625 0.0680160522460937
-0.040191650390625 0.042144775390625 -0.0272750854492188 0.0651741027832031
-0.0140876770019531 0.0589561462402344 -0.0119476318359375 0.0484771728515625
0.0298843383789063 0.0454330444335938 0.00230789184570313 0.0380287170410156
0.0445480346679688 0.0129776000976563 0.00413894653320313 0.0243473052978516
0.0405197143554687 -0.024810791015625 0.00345802307128907 0.0179290771484375
0.0226860046386719 -0.0381736755371094 -0.00184822082519531 0.0236492156982422
0.0195045471191406 -0.0373802185058594 -0.00625038146972656 0.0304527282714844
0.0201416015625 -0.0460128784179688 -0.0104827880859375 0.0386161804199219
0.0297698974609375 -0.0379600524902344 -0.0277976989746094 0.0323753356933594
0.0488052368164063 -0.0157203674316406 -0.035308837890625 0.0207138061523438
0.0472869873046875 0.0156707763671875 -0.0281295776367188 -0.00522422790527344
0.0136337280273438 0.0549049377441406 -0.0097970962524414 -0.0156497955322266
-0.0207481384277344 0.0575027465820312 0.00284194946289062 0.0156383514404297
-0.0504150390625 0.0344963073730469 -0.0431251525878906 0.0410690307617188
-0.0321941375732422 -0.00570678710937501 -0.036376953125 0.0729293823242188
-0.0320301055908203 0.0112094879150391 -0.0345420837402344 0.0670051574707031
-0.0192852020263672 0.0281944274902344 -0.0149154663085938 0.0442619323730469
0.00992393493652344 0.0285835266113281 -0.00649261474609375 0.0352363586425781
0.0232601165771484 0.0109214782714844 -0.00557327270507812 0.0263614654541016
0.0243568420410156 -0.0119915008544922 -0.00487709045410156 0.0281314849853516
0.0151691436767578 -0.0207614898681641 -0.00474929809570313 0.0370445251464844
0.0134735107421875 -0.021820068359375 -0.00634384155273438 0.0421218872070313
0.0148792266845703 -0.0284404754638672 -0.013153076171875 0.0499305725097656
0.0214862823486328 -0.02392578125 -0.0328865051269531 0.0422744750976563
0.0339431762695313 -0.00849151611328125 -0.0408744812011719 0.0256881713867188
0.0312747955322266 0.0139427185058594 -0.0346794128417969 -0.00262832641601563
0.00277328491210938 0.0395774841308594 -0.0140113830566406 -0.0150461196899414
-0.0244941711425781 0.0332317352294922 -0.00496292114257813 0.0204410552978516
-0.04083251953125 0.00762939453125001 -0.0595626831054688 0.0472221374511719
0.0149860382080078 0.0195446014404297 0.0622406005859375 -0.0525588989257812
0.0203514099121094 -0.00832557678222656 0.0133323669433594 -0.0235996246337891
0.00165843963623047 -0.0153217315673828 0.012904167175293 0.0174589157104492
-0.0109786987304688 -0.00650310516357422 0.04443359375 0.00885009765625
-0.0113258361816406 0.00286674499511719 0.0485954284667969 -0.0238456726074219
-0.00773286819458008 0.00876140594482422 0.0312042236328125 -0.0510635375976563
-0.00588607788085938 0.0043644905090332 0.0101661682128906 -0.0596427917480469
-0.00699186325073242 0.00475358963012695 0.00147628784179687 -0.048736572265625
-0.0091848373413086 0.00323772430419922 0.00131988525390625 -0.0420455932617188
-0.00785493850708008 -0.00491046905517578 0.005615234375 -0.0350055694580078
-0.000410079956054688 -0.0109739303588867 0.00491714477539062 -0.0311203002929688
0.0117940902709961 -0.0095672607421875 0.0100917816162109 -0.0349922180175781
0.0211448669433594 0.00428009033203125 0.0205497741699219 -0.0428466796875
0.0217723846435547 0.0228061676025391 0.0311317443847656 -0.0635490417480469
0.0104484558105469 0.0335636138916016 0.0433731079101562 -0.0703201293945313
-0.00619888305664062 0.0461692810058594 0.0680046081542969 -0.0405960083007812
0.0153923034667969 0.0213642120361328 0.0188083648681641 -0.01568603515625
0.012364387512207 0.0109519958496094 0.0150775909423828 0.0225982666015625
0.0115852355957031 0.00304317474365234 0.048431396484375 0.0126228332519531
0.00990772247314453 -0.0015869140625 0.0519180297851562 -0.0198211669921875
0.00634288787841797 -0.00929546356201172 0.0344467163085938 -0.0505714416503906
0.00150108337402344 -0.0168571472167969 0.0104942321777344 -0.0586318969726563
0.000948905944824219 -0.0151987075805664 -0.000106811523437498 -0.0461463928222656
0.000278472900390625 -0.0194053649902344 0.000190734863281254 -0.0392494201660156
0.0085601806640625 -0.0213127136230469 0.00182151794433594 -0.0334053039550781
0.023101806640625 -0.0146732330322266 0.000841140747070314 -0.0279464721679688
0.0325241088867188 0.00235176086425781 0.00708389282226563 -0.0326805114746094
0.0251502990722656 0.0321598052978516 0.0147361755371094 -0.0385475158691406
0.0122718811035156 0.0525550842285156 0.0263557434082031 -0.0546684265136719
-0.0114173889160156 0.0581169128417969 0.0377655029296875 -0.058197021484375
-0.0291252136230469 0.0656890869140625 0.0643959045410156 -0.0211372375488281
0.00443267822265625 0.0491943359375 0.0185699462890625 -0.000514984130859372
0.019317626953125 0.0404014587402344 0.0150642395019531 0.0307426452636719
0.0335712432861328 0.0167789459228516 0.0482826232910156 0.0189094543457031
0.0321025848388672 -0.00351524353027344 0.0513725280761719 -0.0124740600585938
0.0218887329101562 -0.025299072265625 0.0350227355957031 -0.043487548828125
0.00962448120117188 -0.0360374450683594 0.010345458984375 -0.0506782531738281
0.00895309448242187 -0.0329666137695313 -0.00213241577148438 -0.0367622375488281
0.00850296020507812 -0.0395660400390625 -0.00188446044921875 -0.0293521881103516
0.021575927734375 -0.0363121032714844 -0.00458908081054687 -0.0256233215332031
0.042236328125 -0.0204734802246094 -0.00634193420410156 -0.0207920074462891
0.0509033203125 0.00757217407226563 -0.000385284423828123 -0.0286426544189453
0.0313529968261719 0.0518760681152344 0.00741386413574219 -0.0338134765625
0.00730133056640626 0.0737686157226563 0.020355224609375 -0.0418624877929687
-0.0279769897460938 0.0744094848632813 0.026275634765625 -0.0390968322753906
-0.04852294921875 0.074249267578125 0.0513381958007813 0.00418472290039063
-0.0105018615722656 0.0696945190429688 0.0129508972167969 0.0181217193603516
0.0201797485351562 0.0664825439453125 0.0116958618164062 0.0398368835449219
0.050445556640625 0.0318374633789063 0.0432510375976563 0.0274696350097656
0.0507049560546875 -0.00199508666992188 0.0454826354980469 -0.00143051147460938
0.0358543395996094 -0.0365104675292969 0.0322742462158203 -0.0310001373291016
0.0164375305175781 -0.0495719909667969 0.00915908813476563 -0.0360565185546875
0.015045166015625 -0.0456771850585938 -0.00368309020996094 -0.0223865509033203
0.0142250061035156 -0.0537261962890625 -0.00404262542724609 -0.0141410827636719
0.0287437438964844 -0.0474891662597656 -0.0111608505249023 -0.0125284194946289
0.0536346435546875 -0.0262031555175781 -0.0139799118041992 -0.0103092193603516
0.0613632202148438 0.00873184204101563 -0.00783729553222656 -0.0224933624267578
0.0363273620605469 0.0619621276855469 0.000715255737304687 -0.0286216735839844
0.00440216064453126 0.0846023559570313 0.0159015655517578 -0.0265960693359375
-0.039306640625 0.080322265625 0.0109920501708984 -0.0169267654418945
-0.0611190795898438 0.0702667236328125 0.0298271179199219 0.0305576324462891
-0.0259780883789062 0.077178955078125 0.00186920166015625 0.0385398864746094
0.0127792358398438 0.0815963745117188 0.00441741943359375 0.0470466613769531
0.0562896728515625 0.0450630187988281 0.0318965911865234 0.0347099304199219
0.061187744140625 0.00243377685546875 0.0343551635742188 0.00993156433105469
0.0453071594238281 -0.0407028198242188 0.0253238677978516 -0.0142402648925781
0.0211906433105469 -0.0552978515625 0.00678443908691406 -0.0161333084106445
0.0184745788574219 -0.0512008666992188 -0.00446176528930664 -0.00422477722167969
0.0173606872558594 -0.0608673095703125 -0.00568580627441406 0.00416851043701172
0.0319786071777344 -0.0523300170898438 -0.0165243148803711 0.00346279144287109
0.0586204528808594 -0.028289794921875 -0.0210723876953125 0.00226783752441406
0.0646934509277344 0.00915908813476563 -0.0155229568481445 -0.0153846740722656
0.0352745056152344 0.0653839111328125 -0.003448486328125 -0.0229721069335937
-0.000823974609375002 0.0851974487304688 0.0130977630615234 -0.0104026794433594
-0.0467147827148438 0.0754623413085937 -0.00563240051269532 0.0067286491394043
-0.0623397827148437 0.0535697937011719 0.00524520874023437 0.0540695190429688
-0.0368804931640625 0.0674705505371094 -0.01165771484375 0.0559234619140625
0.000656127929687502 0.0803146362304688 -0.00380325317382813 0.0502357482910156
0.0489997863769531 0.0499916076660156 0.0173072814941406 0.0388641357421875
0.0590972900390625 0.00783538818359375 0.0194568634033203 0.02001953125
0.0462875366210938 -0.0371627807617188 0.0148954391479492 0.00347328186035156
0.02276611328125 -0.0520286560058594 0.00327777862548828 0.00499773025512695
0.0191078186035156 -0.0487518310546875 -0.00502490997314453 0.0144233703613281
0.0182266235351563 -0.0583534240722656 -0.0068206787109375 0.0222644805908203
0.0315475463867188 -0.0496788024902344 -0.0217113494873047 0.0197029113769531
0.0564422607421875 -0.0253486633300781 -0.0276241302490234 0.0132484436035156
0.059478759765625 0.0108985900878906 -0.0219497680664062 -0.00894355773925781
0.0277481079101563 0.0623931884765625 -0.00707244873046875 -0.0183868408203125
-0.008941650390625 0.0756454467773438 0.00921726226806641 0.00343799591064454
-0.0502166748046875 0.0607109069824219 -0.0231342315673828 0.0278224945068359
-0.0514984130859375 0.0266685485839844 -0.0178718566894531 0.0691757202148438
-0.0380744934082031 0.0438804626464844 -0.0243148803710938 0.0664558410644531
-0.0107345581054688 0.0600776672363281 -0.0104217529296875 0.0492172241210938
0.0324211120605469 0.0435447692871094 0.003173828125 0.0385246276855469
0.0452346801757813 0.00996780395507813 0.00517654418945313 0.0246257781982422
0.0381431579589844 -0.0277175903320312 0.00404548645019531 0.0181903839111328
0.0200386047363281 -0.0399665832519531 -0.000581741333007811 0.0240802764892578
0.0172309875488281 -0.0384407043457031 -0.00475502014160156 0.0308189392089844
0.0167274475097656 -0.0472869873046875 -0.00838088989257813 0.0389900207519531
0.0274314880371094 -0.0398178100585938 -0.0263042449951172 0.0340080261230469
0.0477218627929688 -0.0186500549316406 -0.0337390899658203 0.0223217010498047
0.0482025146484375 0.0127296447753906 -0.02911376953125 -0.00417327880859375
0.0162506103515625 0.0537910461425781 -0.0104904174804687 -0.0153598785400391
-0.0171127319335937 0.0579795837402344 0.00419139862060547 0.0150470733642578
-0.0488090515136719 0.0372886657714844 -0.0407981872558594 0.0433998107910156
-0.0322895050048828 -0.00440979003906251 -0.0321578979492188 0.074981689453125
-0.0312042236328125 0.0128707885742188 -0.0313911437988281 0.0688514709472656
-0.0178203582763672 0.0293827056884766 -0.0135841369628906 0.045135498046875
0.0113849639892578 0.0276012420654297 -0.00561141967773437 0.0362701416015625
0.0233154296875 0.00926399230957031 -0.00426673889160156 0.0270900726318359
0.0232105255126953 -0.0135917663574219 -0.0030364990234375 0.0282669067382813
0.0138053894042969 -0.0218296051025391 -0.00259017944335937 0.0370254516601562
0.0117816925048828 -0.0224227905273438 -0.0042572021484375 0.042327880859375
0.01251220703125 -0.0293006896972656 -0.0104522705078125 0.050628662109375
0.0196723937988281 -0.0254592895507812 -0.0305442810058594 0.0438995361328125
0.0332088470458984 -0.0106773376464844 -0.0395965576171875 0.0275459289550781
0.032073974609375 0.0117301940917969 -0.0347995758056641 -0.001495361328125
0.0048065185546875 0.0391273498535156 -0.0148954391479492 -0.0143232345581055
-0.0224227905273438 0.0339374542236328 -0.003936767578125 0.0206794738769531
-0.0405654907226562 0.00979614257812501 -0.0568695068359375 0.0501022338867187
0.0150108337402344 0.0189075469970703 0.059173583984375 -0.0539283752441406
0.0196495056152344 -0.00883865356445313 0.011932373046875 -0.0237178802490234
0.00124168395996094 -0.0153732299804688 0.0132827758789063 0.017390251159668
-0.0108156204223633 -0.00642871856689453 0.0442581176757813 0.00732803344726563
-0.0110025405883789 0.00302982330322265 0.0468673706054688 -0.0247802734375
-0.00739192962646484 0.00879764556884766 0.0294151306152344 -0.0510635375976563
-0.0056462287902832 0.00484466552734375 0.0076446533203125 -0.0589179992675781
-0.0063176155090332 0.00484228134155273 -0.00014114379882812 -0.0476875305175781
-0.00863885879516601 0.00371837615966797 -0.000312805175781247 -0.0415916442871094
-0.00763225555419922 -0.00419235229492188 0.00397682189941406 -0.0350818634033203
-0.00121974945068359 -0.0107669830322266 0.00343704223632813 -0.0316143035888672
0.0114612579345703 -0.00966644287109375 0.0088043212890625 -0.0353202819824219
0.0208473205566406 0.00381851196289063 0.0193290710449219 -0.0430793762207031
0.022247314453125 0.0217666625976563 0.0291786193847656 -0.0638885498046875
0.0114250183105469 0.0326633453369141 0.0403213500976563 -0.0713348388671875
-0.0050048828125 0.0462074279785156 0.0652656555175781 -0.0424690246582031
0.0157833099365234 0.0200653076171875 0.0172519683837891 -0.0164985656738281
0.0126810073852539 0.00999164581298828 0.0154495239257813 0.0225353240966797
0.0114850997924805 0.00238132476806641 0.0475845336914062 0.0111160278320312
0.00963878631591797 -0.00206756591796875 0.0505409240722656 -0.0210456848144531
0.00568962097167969 -0.00959205627441406 0.0323333740234375 -0.0505752563476563
0.000310897827148439 -0.0165128707885742 0.00794601440429688 -0.0581321716308594
0.00067901611328125 -0.0151538848876953 -0.00171661376953125 -0.0453453063964844
-0.000333786010742188 -0.0190544128417969 -0.0014801025390625 -0.0385894775390625
0.00760459899902344 -0.0210361480712891 0.000392913818359373 -0.0333290100097656
0.0219268798828125 -0.0152530670166016 -0.000230789184570311 -0.0280647277832031
0.0324611663818359 0.00117111206054688 0.00564956665039063 -0.0331439971923828
0.0254936218261719 0.0311603546142578 0.013885498046875 -0.0387725830078125
0.0139961242675781 0.0513038635253906 0.0244369506835938 -0.0553131103515625
-0.00917816162109376 0.0579185485839844 0.0353012084960937 -0.0591697692871094
-0.0270538330078125 0.0660362243652344 0.0620002746582031 -0.0233230590820312
0.00544357299804688 0.0478248596191406 0.01727294921875 -0.00215721130371093
0.0206260681152344 0.0391731262207031 0.0157833099365234 0.0303535461425781
0.0339488983154297 0.0151729583740234 0.0481910705566406 0.0178604125976562
0.0315151214599609 -0.00496482849121094 0.0507736206054688 -0.0133628845214844
0.0205535888671875 -0.0256557464599609 0.0333023071289062 -0.0441360473632813
0.00764083862304687 -0.0359611511230469 0.00821685791015624 -0.0503044128417969
0.00794410705566406 -0.0330944061279297 -0.00358963012695312 -0.0360221862792969
0.00694656372070312 -0.0393943786621094 -0.00326919555664062 -0.0285682678222656
0.0193328857421875 -0.0367050170898438 -0.00597381591796875 -0.0251579284667969
0.0402984619140625 -0.0216407775878906 -0.00727653503417968 -0.02081298828125
0.0503692626953125 0.0055389404296875 -0.00110816955566406 -0.0289859771728516
0.0323486328125 0.0508842468261719 0.00679969787597656 -0.0339431762695313
0.00989532470703124 0.0725936889648438 0.0186805725097656 -0.0426368713378906
-0.0253677368164063 0.0742874145507813 0.0243492126464844 -0.0401992797851562
-0.0457611083984375 0.0752029418945313 0.0502853393554688 0.00229263305664063
-0.00863647460937499 0.0683135986328125 0.0128536224365234 0.0168304443359375
0.0225601196289063 0.065093994140625 0.0119209289550781 0.039459228515625
0.050567626953125 0.0296401977539063 0.0426712036132813 0.0261802673339844
0.0498123168945313 -0.00429153442382813 0.0453300476074219 -0.00199508666992188
0.0332794189453125 -0.0371742248535156 0.0308971405029297 -0.03131103515625
0.0137786865234375 -0.049407958984375 0.00803756713867188 -0.03558349609375
0.0128440856933594 -0.0453948974609375 -0.00484848022460937 -0.0212516784667969
0.0112152099609375 -0.0538253784179688 -0.00486183166503906 -0.0139894485473633
0.0258140563964844 -0.04766845703125 -0.0118293762207031 -0.0117702484130859
0.0515365600585938 -0.02813720703125 -0.0145063400268555 -0.00975131988525391
0.0609130859375 0.00578689575195312 -0.00862693786621093 -0.0224361419677734
0.0381393432617188 0.0599441528320313 0.000516891479492187 -0.0283470153808594
0.00759887695312499 0.083221435546875 0.0147495269775391 -0.0276393890380859
-0.0363922119140625 0.080780029296875 0.00983047485351562 -0.0178604125976562
-0.0580902099609375 0.071380615234375 0.0301017761230469 0.0290679931640625
-0.0231475830078125 0.0762939453125 0.00244903564453125 0.0374069213867188
0.0159149169921875 0.0804214477539063 0.00484085083007813 0.0463600158691406
0.0568161010742188 0.0419960021972656 0.0324478149414063 0.0341434478759766
0.059844970703125 7.62939453125E-05 0.0344696044921875 0.00970458984375
0.0421104431152344 -0.0420112609863281 0.0242385864257813 -0.014739990234375
0.0184249877929687 -0.055389404296875 0.00572586059570313 -0.0161838531494141
0.0161285400390625 -0.0509567260742188 -0.00493955612182617 -0.00354576110839844
0.0136795043945313 -0.0605049133300781 -0.00537681579589844 0.00412654876708984
0.0288124084472656 -0.0527229309082031 -0.0165309906005859 0.00432014465332031
0.0561027526855469 -0.0305557250976563 -0.0207691192626953 0.00246047973632813
0.0639457702636719 0.00601577758789062 -0.0157947540283203 -0.0149412155151367
0.0371322631835937 0.0634956359863281 -0.00391387939453125 -0.0229015350341797
0.00214385986328124 0.0833587646484375 0.0127496719360352 -0.0113983154296875
-0.0438003540039063 0.0761337280273438 -0.00565481185913086 0.00602388381958008
-0.0594711303710937 0.0546112060546875 0.00677490234375 0.0525741577148438
-0.0344505310058594 0.0672073364257813 -0.0101966857910156 0.054473876953125
0.00340270996093749 0.079345703125 -0.00319671630859375 0.0498886108398438
0.0500106811523438 0.0472526550292969 0.0174598693847656 0.0381546020507813
0.0584678649902344 0.00581741333007813 0.0198497772216797 0.0195446014404297
0.043487548828125 -0.0386466979980469 0.0152463912963867 0.00311279296875
0.0204277038574219 -0.0521965026855469 0.00314760208129883 0.00490760803222656
0.0170440673828125 -0.0485458374023438 -0.00464916229248047 0.0147981643676758
0.0147895812988281 -0.0583915710449219 -0.00644874572753906 0.0221118927001953
0.0285835266113281 -0.0501708984375 -0.0207023620605469 0.0201339721679688
0.0537528991699219 -0.0276145935058594 -0.0264778137207031 0.0136775970458984
0.0589218139648437 0.00783157348632813 -0.0220375061035156 -0.00826644897460938
0.0298614501953125 0.0608634948730469 -0.00758934020996093 -0.0180015563964844
-0.005950927734375 0.0748519897460938 0.00917911529541016 0.00295066833496094
-0.0476875305175781 0.0617332458496094 -0.02191162109375 0.0275192260742188
-0.0496749877929688 0.0277786254882813 -0.0153121948242188 0.0690345764160156
-0.0362586975097656 0.0444145202636719 -0.0224494934082031 0.0659637451171875
-0.00860977172851562 0.0603866577148437 -0.0100288391113281 0.0486984252929688
0.0330352783203125 0.0411415100097656 0.0040130615234375 0.0382652282714844
0.0445442199707031 0.00839996337890625 0.00580215454101563 0.0249423980712891
0.0361213684082031 -0.0282402038574219 0.00510787963867188 0.0179729461669922
0.0177116394042969 -0.04022216796875 0.000637054443359377 0.0239753723144531
0.0150871276855469 -0.0384750366210938 -0.00383758544921875 0.0309581756591797
0.0138893127441406 -0.047454833984375 -0.00696945190429687 0.038238525390625
0.0248565673828125 -0.0403671264648438 -0.0246238708496094 0.0345115661621094
0.0456199645996094 -0.0207366943359375 -0.0322494506835937 0.0230331420898438
0.0475654602050781 0.0105018615722656 -0.0284595489501953 -0.00302696228027344
0.0183143615722656 0.0526885986328125 -0.0110721588134766 -0.0149946212768555
-0.015350341796875 0.0574417114257812 0.00449848175048828 0.0142202377319336
-0.0467414855957031 0.03839111328125 -0.0389747619628906 0.0434112548828125
-0.0316638946533203 -0.00328445434570312 -0.0291366577148438 0.0753326416015625
-0.0302944183349609 0.0135383605957031 -0.0288810729980469 0.069000244140625
-0.0162925720214844 0.0299224853515625 -0.0124931335449219 0.044830322265625
0.0120697021484375 0.0265083312988281 -0.004791259765625 0.0361213684082031
0.0232810974121094 0.00819587707519531 -0.00338935852050781 0.0275707244873047
0.0222530364990234 -0.0142326354980469 -0.0016937255859375 0.02801513671875
0.0124435424804688 -0.0218544006347656 -0.0006561279296875 0.0370025634765625
0.010589599609375 -0.0228557586669922 -0.00249481201171875 0.0420074462890625
0.0108356475830078 -0.0298042297363281 -0.008514404296875 0.0498313903808594
0.01837158203125 -0.0260982513427734 -0.0284156799316406 0.0443305969238281
0.0321178436279297 -0.0123119354248047 -0.0378227233886719 0.0283775329589844
0.0321083068847656 0.0103912353515625 -0.0344200134277344 -9.1552734375005E-05
0.00591278076171875 0.0381965637207031 -0.0153560638427734 -0.0140838623046875
-0.0207386016845703 0.0339260101318359 -0.00272369384765625 0.0201301574707031
-0.0394630432128906 0.0105476379394531 -0.054107666015625 0.050537109375
0.0151653289794922 0.0191764831542969 0.0575828552246094 -0.0536460876464844
0.0189723968505859 -0.00891876220703125 0.0108051300048828 -0.0239543914794922
0.00146770477294922 -0.0153207778930664 0.013249397277832 0.0175580978393555
-0.0107336044311523 -0.00613021850585938 0.044036865234375 0.00722885131835938
-0.0107383728027344 0.00311279296875 0.0463752746582031 -0.024658203125
-0.00761556625366211 0.00861930847167969 0.0282173156738281 -0.0509910583496094
-0.00544881820678711 0.00498580932617188 0.00662231445312499 -0.0585441589355469
-0.00608253479003906 0.00470447540283203 -0.000854492187500002 -0.0471534729003906
-0.00837373733520508 0.0040278434753418 -0.000900268554687499 -0.0414009094238281
-0.00786304473876953 -0.00412511825561524 0.00355911254882812 -0.0349273681640625
-0.000948905944824219 -0.0103178024291992 0.00305366516113281 -0.0312404632568359
0.0113906860351563 -0.0099639892578125 0.00936126708984375 -0.0358047485351563
0.0209465026855469 0.00351715087890625 0.0197982788085938 -0.0428504943847656
0.02215576171875 0.0212535858154297 0.0287132263183594 -0.0638427734375
0.0112285614013672 0.0322685241699219 0.0397796630859375 -0.07159423828125
-0.00521087646484375 0.0462913513183594 0.0632400512695313 -0.0424156188964844
0.0150699615478516 0.019561767578125 0.0164260864257813 -0.0169134140014648
0.0129966735839844 0.00975704193115234 0.0156841278076172 0.0225276947021484
0.0116071701049805 0.00189208984375 0.0472335815429688 0.0109100341796875
0.00953960418701172 -0.00254631042480469 0.050140380859375 -0.021026611328125
0.00498390197753906 -0.00970458984375 0.0317344665527344 -0.0504074096679688
-0.000120162963867187 -0.0169258117675781 0.00745391845703125 -0.057586669921875
0.000238418579101561 -0.0155115127563477 -0.00230789184570313 -0.0445594787597656
-0.000673294067382811 -0.0190715789794922 -0.0023193359375 -0.038543701171875
0.00691986083984375 -0.0207118988037109 -0.000661849975585939 -0.0328369140625
0.0215377807617188 -0.0154247283935547 -0.00116539001464843 -0.0280647277832031
0.0322933197021484 0.000728607177734375 0.00577735900878907 -0.0335769653320313
0.0257148742675781 0.0312671661376953 0.0141067504882813 -0.0389137268066406
0.0143051147460937 0.0507240295410156 0.0241317749023438 -0.0554275512695313
-0.00952529907226563 0.0572624206542969 0.0340995788574219 -0.0599174499511719
-0.0263595581054688 0.0659446716308594 0.0606193542480469 -0.0235977172851562
0.00528717041015625 0.0470809936523437 0.0162773132324219 -0.00280570983886718
0.0211067199707031 0.0387840270996094 0.0150566101074219 0.0306644439697266
0.0335750579833984 0.0142097473144531 0.0476188659667969 0.0176506042480469
0.0309391021728516 -0.00511932373046875 0.0503196716308594 -0.013092041015625
0.0195331573486328 -0.0259494781494141 0.0324363708496094 -0.0438117980957031
0.00642013549804688 -0.0354232788085938 0.00768661499023437 -0.0497474670410156
0.00732803344726563 -0.0327472686767578 -0.00353622436523438 -0.0348606109619141
0.00581741333007812 -0.0387191772460938 -0.00400161743164063 -0.0282764434814453
0.0181770324707031 -0.0363616943359375 -0.00654411315917969 -0.0242805480957031
0.0393829345703125 -0.0221748352050781 -0.00750923156738281 -0.0206832885742188
0.0497245788574219 0.00477218627929688 -0.00135040283203124 -0.0290431976318359
0.0329856872558594 0.0498733520507812 0.00716209411621094 -0.0342273712158203
0.010589599609375 0.0717315673828125 0.018646240234375 -0.0430526733398437
-0.0251312255859375 0.0738296508789063 0.0230903625488281 -0.0407943725585937
-0.04498291015625 0.0751571655273437 0.0492439270019531 0.00128555297851563
-0.0084381103515625 0.0673637390136719 0.0118570327758789 0.0159807205200195
0.0230674743652344 0.0643692016601563 0.011566162109375 0.0393295288085938
0.0503120422363281 0.0281105041503906 0.0421562194824219 0.0265274047851563
0.049224853515625 -0.00456619262695312 0.0451469421386719 -0.0015716552734375
0.0318603515625 -0.0374603271484375 0.0306644439697266 -0.0312004089355469
0.0127792358398437 -0.0489768981933594 0.0071868896484375 -0.035186767578125
0.0124702453613281 -0.0448112487792969 -0.00485992431640625 -0.02032470703125
0.00979995727539062 -0.0531425476074219 -0.00542449951171875 -0.0140962600708008
0.0245819091796875 -0.0478057861328125 -0.0121793746948242 -0.0114479064941406
0.0503883361816406 -0.0288200378417969 -0.0143728256225586 -0.0099172592163086
0.0601806640625 0.00507736206054688 -0.00921440124511719 -0.0221595764160156
0.0387954711914063 0.0597000122070313 0.000921249389648443 -0.0285778045654297
0.0084228515625 0.0819473266601563 0.0145053863525391 -0.028045654296875
-0.0358352661132813 0.0805511474609375 0.00928688049316406 -0.0183296203613281
-0.0570449829101562 0.071014404296875 0.0297203063964844 0.0281581878662109
-0.0231170654296875 0.0749130249023438 0.00186920166015625 0.0364189147949219
0.0165634155273438 0.0798568725585938 0.00390243530273438 0.0465965270996094
0.0568046569824219 0.0411262512207031 0.0314292907714844 0.0338287353515625
0.0591812133789062 -0.000453948974609375 0.0342617034912109 0.0101203918457031
0.0404891967773438 -0.0420722961425781 0.0246658325195313 -0.0147724151611328
0.0171546936035156 -0.0553359985351563 0.00562191009521484 -0.0158281326293945
0.0151481628417969 -0.0508575439453125 -0.0051889419555664 -0.00305604934692383
0.0120315551757813 -0.0601119995117188 -0.00586748123168945 0.00385236740112304
0.0272979736328125 -0.0525550842285156 -0.0170068740844727 0.00450325012207031
0.0542716979980469 -0.0315895080566406 -0.0210762023925781 0.00229072570800781
0.0633125305175781 0.00484085083007812 -0.0162467956542969 -0.0150394439697266
0.0378494262695313 0.0626487731933594 -0.00374603271484375 -0.0229663848876953
0.00356292724609375 0.0822830200195313 0.0124673843383789 -0.0122528076171875
-0.0429000854492188 0.0760574340820313 -0.00578403472900391 0.00554037094116211
-0.0585746765136719 0.0548210144042969 0.00711822509765624 0.0519142150878906
-0.0341148376464844 0.0665397644042969 -0.0101318359375 0.0536994934082031
0.0039520263671875 0.078887939453125 -0.00390243530273437 0.0495414733886719
0.0498542785644531 0.04571533203125 0.0169563293457031 0.0383453369140625
0.0574226379394531 0.00489044189453125 0.0200023651123047 0.0201930999755859
0.0422248840332031 -0.038787841796875 0.0152759552001953 0.00278568267822265
0.0189743041992188 -0.0518951416015625 0.00334548950195313 0.00484418869018554
0.0163383483886719 -0.0484237670898437 -0.00484466552734375 0.0152158737182617
0.0128517150878906 -0.05816650390625 -0.00631141662597656 0.0219707489013672
0.0268630981445313 -0.05010986328125 -0.0205574035644531 0.0204792022705078
0.0523490905761719 -0.0288848876953125 -0.0262489318847656 0.0134868621826172
0.0582542419433594 0.00699996948242188 -0.0218925476074219 -0.00797843933105469
0.0303497314453125 0.0597114562988281 -0.0077362060546875 -0.0179023742675781
-0.00524902343750001 0.0738983154296875 0.00952529907226562 0.0024404525756836
-0.0467491149902344 0.0614395141601563 -0.0219478607177734 0.0267162322998047
-0.04876708984375 0.0278549194335938 -0.0147895812988281 0.0686378479003906
-0.0358085632324219 0.0439491271972656 -0.0219345092773438 0.0653076171875
-0.00756072998046876 0.0598487854003906 -0.0103492736816406 0.0482559204101563
0.0333709716796875 0.0402755737304688 0.00381851196289063 0.038330078125
0.04412841796875 0.00795364379882813 0.00651359558105469 0.0254478454589844
0.0349750518798828 -0.0288295745849609 0.00542449951171875 0.0176372528076172
0.0170669555664063 -0.0401458740234375 0.000959396362304687 0.0237789154052734
0.0143547058105469 -0.0381278991699219 -0.0034637451171875 0.0307846069335937
0.0125045776367187 -0.046630859375 -0.00673675537109375 0.0379066467285156
0.0236320495605469 -0.0404510498046875 -0.0241184234619141 0.0343742370605469
0.0445976257324219 -0.021881103515625 -0.0318603515625 0.022430419921875
0.0476608276367188 0.0096435546875 -0.0282745361328125 -0.00325775146484375
0.0190811157226563 0.0518646240234375 -0.0109405517578125 -0.0150470733642578
-0.0140876770019531 0.0570144653320313 0.00478267669677734 0.01373291015625
-0.0459938049316406 0.0387115478515625 -0.0380477905273438 0.0427589416503906
-0.0307636260986328 -0.00302696228027344 -0.0285186767578125 0.0750656127929688
-0.0299720764160156 0.0132427215576172 -0.0283355712890625 0.0686149597167969
-0.0156764984130859 0.0300502777099609 -0.0131645202636719 0.0446319580078125
0.0119743347167969 0.0258769989013672 -0.00536727905273437 0.0365638732910156
0.0227985382080078 0.00815391540527344 -0.00281906127929688 0.0280742645263672
0.0215072631835938 -0.0142860412597656 -0.00139999389648438 0.0284748077392578
0.0120506286621094 -0.0218639373779297 -0.000217437744140621 0.0364189147949219
0.0104618072509766 -0.0227775573730469 -0.00225448608398438 0.0416641235351563
0.010162353515625 -0.029571533203125 -0.00762176513671875 0.049407958984375
0.0171470642089844 -0.025848388671875 -0.0278091430664062 0.0438957214355469
0.0317592620849609 -0.0124454498291016 -0.0368881225585938 0.0280113220214844
0.0317935943603516 0.00982284545898438 -0.0344085693359375 -8.58306884765684E-05
0.00650787353515625 0.03790283203125 -0.0150976181030273 -0.013859748840332
-0.0207099914550781 0.0334758758544922 -0.00227737426757813 0.0199413299560547
-0.0390777587890625 0.0107460021972656 -0.0532264709472656 0.0501365661621094
0.0151729583740234 0.0203437805175781 0.0582199096679688 -0.0539016723632813
0.0193214416503906 -0.00892257690429688 0.0106410980224609 -0.0242290496826172
0.00174427032470703 -0.0157155990600586 0.013641357421875 0.0187835693359375
-0.0105133056640625 -0.006317138671875 0.0447311401367187 0.007965087890625
-0.0105438232421875 0.0028848648071289 0.0470733642578125 -0.0247154235839844
-0.00774049758911133 0.00855922698974609 0.0290946960449219 -0.0509567260742188
-0.00597763061523438 0.004730224609375 0.00716781616210937 -0.0593605041503906
-0.00597715377807617 0.00486135482788086 -0.000343322753906254 -0.0481185913085938
-0.00808811187744141 0.00397109985351563 -0.00104904174804687 -0.041717529296875
-0.00772523880004883 -0.00390720367431641 0.00345230102539063 -0.0353469848632813
-0.00102615356445312 -0.0103921890258789 0.00324630737304688 -0.0318832397460938
0.0117530822753906 -0.0099639892578125 0.00968551635742188 -0.0365829467773438
0.0213108062744141 0.00400352478027344 0.0209159851074219 -0.0437355041503906
0.0216522216796875 0.021759033203125 0.0298385620117188 -0.0651016235351563
0.0108680725097656 0.03277587890625 0.0409317016601562 -0.073150634765625
-0.00514602661132813 0.0474357604980469 0.0641288757324219 -0.0427322387695313
0.0151271820068359 0.0200786590576172 0.0158243179321289 -0.0173807144165039
0.0138511657714844 0.0102596282958984 0.0153255462646484 0.0234851837158203
0.0122451782226563 0.00160121917724609 0.0478172302246094 0.0118980407714844
0.00986194610595703 -0.00277900695800781 0.0512809753417969 -0.0210342407226563
0.00498008728027344 -0.00985145568847656 0.0325927734375 -0.0504913330078125
-0.000405311584472655 -0.0168132781982422 0.00787734985351563 -0.0582427978515625
0.000842094421386719 -0.015721321105957 -0.00175094604492187 -0.0443267822265625
-0.000566482543945314 -0.0192070007324219 -0.0023651123046875 -0.0386123657226563
0.00679206848144532 -0.0207958221435547 -0.000556945800781247 -0.0336723327636719
0.0220489501953125 -0.0156917572021484 -0.000860214233398435 -0.0288753509521484
0.0328407287597656 0.00103378295898438 0.00587844848632813 -0.0342864990234375
0.0262241363525391 0.0319538116455078 0.0155525207519531 -0.0398178100585938
0.0142593383789063 0.051361083984375 0.0246772766113281 -0.0563087463378906
-0.0098724365234375 0.0587081909179688 0.0356712341308594 -0.0613136291503906
-0.0274391174316406 0.0672454833984375 0.0613899230957031 -0.0235862731933594
0.00428390502929687 0.0476837158203125 0.0159502029418945 -0.00325298309326172
0.0215530395507812 0.0393905639648437 0.0146007537841797 0.0319747924804688
0.0344867706298828 0.0144519805908203 0.0481071472167969 0.0190391540527344
0.0315093994140625 -0.00512313842773437 0.0513954162597656 -0.0121536254882813
0.0193500518798828 -0.0264225006103516 0.0338401794433594 -0.0439949035644531
0.0060272216796875 -0.036590576171875 0.00789260864257813 -0.0501556396484375
0.00732803344726563 -0.0334892272949219 -0.00333786010742187 -0.0350513458251953
0.00548934936523438 -0.0394973754882812 -0.00428581237792969 -0.0291767120361328
0.01849365234375 -0.0365142822265625 -0.00665664672851562 -0.024932861328125
0.0395736694335937 -0.022796630859375 -0.00795745849609375 -0.0215167999267578
0.0501594543457031 0.00518417358398438 -0.000965118408203123 -0.0299816131591797
0.0335960388183594 0.0508575439453125 0.00806808471679688 -0.0352401733398438
0.010345458984375 0.0726852416992188 0.0194320678710938 -0.0441360473632812
-0.0260772705078125 0.0747222900390625 0.0239105224609375 -0.0418891906738281
-0.0462493896484375 0.07574462890625 0.0495643615722656 0.00160980224609375
-0.00954437255859375 0.0679855346679688 0.0109996795654297 0.0158271789550781
0.02313232421875 0.0657272338867188 0.0105628967285156 0.0404815673828125
0.0510330200195313 0.0289268493652344 0.0422439575195313 0.02789306640625
0.0500450134277344 -0.00431442260742188 0.0460624694824219 -0.00052642822265625
0.032073974609375 -0.0378265380859375 0.0315685272216797 -0.0314540863037109
0.0124549865722656 -0.0499763488769531 0.00750732421875 -0.0351219177246094
0.0128746032714844 -0.0455894470214844 -0.00498771667480468 -0.0205001831054688
0.00930023193359374 -0.0540924072265625 -0.00587558746337891 -0.0139398574829102
0.0244255065917969 -0.0480079650878906 -0.012537956237793 -0.0117225646972656
0.0504379272460937 -0.0295829772949219 -0.0150737762451172 -0.0109214782714844
0.0613937377929688 0.00482177734375 -0.00934028625488281 -0.0233516693115234
0.0392608642578125 0.0606956481933594 0.00149345397949219 -0.0292434692382812
0.00865936279296874 0.0832977294921875 0.0151824951171875 -0.0289287567138672
-0.0368728637695313 0.0815277099609375 0.00948143005371094 -0.0191116333007812
-0.0581893920898438 0.0718460083007813 0.0290546417236328 0.0282669067382813
-0.0242538452148437 0.0756988525390625 0.000762939453125 0.0362319946289063
0.0164947509765625 0.0814208984375 0.00326156616210937 0.0478706359863281
0.0573196411132813 0.0415000915527344 0.0309715270996094 0.0355606079101562
0.0603485107421875 5.7220458984375E-05 0.0354156494140625 0.0112762451171875
0.0408935546875 -0.04248046875 0.0250205993652344 -0.0146636962890625
0.0171852111816406 -0.0561180114746094 0.00578117370605469 -0.0160017013549805
0.0157394409179688 -0.0513191223144531 -0.0053257942199707 -0.00232315063476563
0.0117568969726563 -0.0609092712402344 -0.00634574890136719 0.00401544570922851
0.0272293090820313 -0.0534400939941406 -0.0175056457519531 0.00442790985107421
0.0546073913574219 -0.0320854187011719 -0.0213394165039062 0.00192070007324219
0.0636749267578125 0.00522994995117188 -0.0160388946533203 -0.0154666900634766
0.0383758544921875 0.063568115234375 -0.0032501220703125 -0.0237293243408203
0.0034942626953125 0.0833892822265625 0.0128278732299805 -0.0126523971557617
-0.0441513061523438 0.0770263671875 -0.00602865219116211 0.00501632690429688
-0.0594596862792969 0.0550880432128906 0.00639343261718749 0.0522918701171875
-0.0350532531738281 0.0665626525878906 -0.0112037658691406 0.0541915893554688
0.00442504882812499 0.0804214477539063 -0.0054931640625 0.0504989624023438
0.0501861572265625 0.0466499328613281 0.0161323547363281 0.0400009155273437
0.058502197265625 0.00518798828125 0.0204277038574219 0.0216064453125
0.0425643920898437 -0.038818359375 0.0159263610839844 0.00311088562011719
0.0189857482910156 -0.0525550842285156 0.0036778450012207 0.00463771820068359
0.016357421875 -0.048828125 -0.00487804412841797 0.0153236389160156
0.01275634765625 -0.0583648681640625 -0.00693130493164063 0.0221042633056641
0.0267066955566406 -0.0506057739257813 -0.0210170745849609 0.0202541351318359
0.052642822265625 -0.0293846130371094 -0.0265674591064453 0.0134468078613281
0.0592117309570312 0.00720977783203125 -0.0220355987548828 -0.00853347778320312
0.0309219360351562 0.061187744140625 -0.00738143920898437 -0.0187301635742187
-0.0052490234375 0.07452392578125 0.00971603393554688 0.00174331665039063
-0.048004150390625 0.062408447265625 -0.0224819183349609 0.0264778137207031
-0.049530029296875 0.0278434753417969 -0.0156707763671875 0.0689773559570313
-0.0365180969238281 0.0436782836914063 -0.022918701171875 0.0652923583984375
-0.00774765014648438 0.0610847473144531 -0.0119247436523437 0.0491828918457031
0.0331954956054688 0.0408134460449219 0.00249862670898438 0.0399818420410156
0.0446815490722656 0.00818252563476563 0.00646781921386719 0.0267391204833984
0.0355186462402344 -0.0286178588867188 0.00631332397460938 0.0182056427001953
0.0171318054199219 -0.0408248901367188 0.00120735168457031 0.0245189666748047
0.014434814453125 -0.0388908386230469 -0.0036163330078125 0.0316658020019531
0.0121879577636719 -0.0471839904785156 -0.00701904296875 0.0380859375
0.0237350463867188 -0.0409584045410156 -0.0247020721435547 0.0345134735107422
0.0447578430175781 -0.0221595764160156 -0.0321464538574219 0.0222454071044922
0.0478553771972656 0.0098724365234375 -0.0286998748779297 -0.00377464294433594
0.0187797546386719 0.05303955078125 -0.0110912322998047 -0.0156145095825195
-0.0147132873535156 0.0573692321777344 0.00498867034912109 0.0136508941650391
-0.0467529296875 0.03900146484375 -0.0388336181640625 0.0427742004394531
-0.0310897827148438 -0.00360488891601562 -0.0297698974609375 0.0760040283203125
-0.030426025390625 0.0132770538330078 -0.0289344787597656 0.0691413879394531
-0.0159683227539062 0.0307159423828125 -0.0141944885253906 0.0448799133300781
0.0122833251953125 0.0262260437011719 -0.00614166259765625 0.0375099182128906
0.0229549407958984 0.00821495056152344 -0.00304222106933594 0.0287609100341797
0.0216312408447266 -0.0143680572509766 -0.000816345214843746 0.0287990570068359
0.0125312805175781 -0.02239990234375 -0.000179290771484377 0.0372772216796875
0.0106945037841797 -0.0229988098144531 -0.00226974487304687 0.0424156188964844
0.00965690612792969 -0.029510498046875 -0.00792694091796875 0.0495529174804688
0.0172691345214844 -0.0262699127197266 -0.0282516479492188 0.0442390441894531
0.0318508148193359 -0.0127716064453125 -0.03759765625 0.02789306640625
0.0322284698486328 0.0102519989013672 -0.0348834991455078 -0.000822067260742187
0.00633621215820313 0.0380325317382813 -0.015192985534668 -0.0144739151000977
-0.0212154388427734 0.0337085723876953 -0.00230216979980469 0.0198707580566406
-0.039642333984375 0.0107650756835937 -0.0536689758300781 0.0500106811523437
0.0163593292236328 0.0215415954589844 0.0600433349609375 -0.055816650390625
0.019775390625 -0.008636474609375 0.0102386474609375 -0.0253486633300781
0.00149345397949219 -0.0166616439819336 0.0143890380859375 0.0193939208984375
-0.0107851028442383 -0.0069122314453125 0.0468292236328125 0.0080108642578125
-0.0109090805053711 0.00276279449462891 0.0489959716796875 -0.0255317687988281
-0.00825119018554688 0.00921535491943359 0.0302886962890625 -0.0525856018066406
-0.00630664825439453 0.00517511367797852 0.006988525390625 -0.0614967346191406
-0.00583839416503906 0.00496721267700195 -0.000526428222656254 -0.0496063232421875
-0.00782299041748047 0.00406646728515625 -0.0015716552734375 -0.0434226989746094
-0.00820112228393555 -0.0037240982055664 0.0032958984375 -0.0372085571289063
-0.000940322875976564 -0.0109310150146484 0.00324630737304688 -0.0333614349365234
0.0122804641723633 -0.0109386444091797 0.0104026794433594 -0.0387229919433594
0.0225238800048828 0.00388145446777344 0.0226173400878906 -0.0456199645996094
0.0228958129882813 0.0224323272705078 0.0310516357421875 -0.0679512023925781
0.0112056732177734 0.0345916748046875 0.0425338745117188 -0.0768051147460938
-0.00525283813476563 0.0501594543457031 0.0662460327148438 -0.0446014404296875
0.0151233673095703 0.0211105346679687 0.0152950286865234 -0.0183162689208984
0.0143709182739258 0.0106649398803711 0.0160331726074219 0.0250911712646484
0.0127677917480469 0.00149631500244141 0.0500411987304688 0.0124435424804688
0.0105342864990234 -0.00313091278076172 0.0533065795898438 -0.021575927734375
0.00444889068603516 -0.0103731155395508 0.0338554382324219 -0.0526161193847656
-0.000940322875976563 -0.0179347991943359 0.00745773315429688 -0.060577392578125
0.000697135925292968 -0.0163459777832031 -0.00236129760742188 -0.0463714599609375
-0.0009613037109375 -0.019866943359375 -0.00308609008789062 -0.0405120849609375
0.00714683532714844 -0.021453857421875 -0.00110816955566406 -0.0350112915039063
0.0221443176269531 -0.0162582397460938 -0.0010223388671875 -0.0304889678955078
0.0339870452880859 0.00048828125 0.00645828247070312 -0.0360298156738281
0.0274677276611328 0.0334529876708984 0.0169792175292969 -0.041656494140625
0.0151634216308594 0.0533981323242188 0.0258750915527344 -0.0596237182617188
-0.0106239318847656 0.0613327026367188 0.0372276306152344 -0.0644645690917969
-0.0284957885742188 0.0703048706054687 0.0634078979492188 -0.0248985290527344
0.00445938110351563 0.0494537353515625 0.0158863067626953 -0.00395774841308593
0.0230369567871094 0.0411911010742188 0.0151996612548828 0.0337619781494141
0.0355987548828125 0.0144233703613281 0.0498504638671875 0.0200653076171875
0.0330448150634766 -0.00527191162109375 0.0537872314453125 -0.0124015808105469
0.0191478729248047 -0.0275917053222656 0.0350685119628906 -0.045806884765625
0.00600814819335938 -0.0376625061035156 0.00771713256835938 -0.0519676208496094
0.00741004943847657 -0.0349903106689453 -0.003814697265625 -0.0364494323730469
0.00537872314453125 -0.0411720275878906 -0.00508308410644531 -0.0298080444335938
0.0186042785644531 -0.0380401611328125 -0.00753974914550781 -0.0258274078369141
0.0406646728515625 -0.0235366821289062 -0.00852203369140625 -0.0228214263916016
0.0522994995117188 0.004913330078125 -0.00106239318847656 -0.0319747924804687
0.03546142578125 0.0534782409667969 0.00880050659179688 -0.0372276306152344
0.011566162109375 0.075592041015625 0.0201568603515625 -0.0465087890625
-0.0273818969726563 0.0786056518554688 0.0245475769042969 -0.0439605712890625
-0.048492431640625 0.0797576904296875 0.0510368347167969 0.0014190673828125
-0.01031494140625 0.0707473754882813 0.0106410980224609 0.0155706405639648
0.0248222351074219 0.0685806274414062 0.0101852416992188 0.0426597595214844
0.0536575317382813 0.0293426513671875 0.0438156127929688 0.0295753479003906
0.0521430969238281 -0.00467681884765625 0.0485000610351563 -0.000492095947265625
0.0330848693847656 -0.0394744873046875 0.0328826904296875 -0.0326271057128906
0.0123863220214844 -0.0520057678222656 0.00741195678710937 -0.0365638732910156
0.0128936767578125 -0.0477752685546875 -0.00508499145507813 -0.0205707550048828
0.00916290283203125 -0.0560989379882813 -0.00650501251220703 -0.0142230987548828
0.0245895385742188 -0.0497360229492188 -0.0137109756469727 -0.0119419097900391
0.0517158508300781 -0.031280517578125 -0.0158786773681641 -0.0116996765136719
0.0634574890136719 0.00464248657226563 -0.00911140441894531 -0.0245704650878906
0.0417404174804688 0.0634384155273438 0.00191688537597656 -0.0311965942382812
0.00963592529296875 0.0861129760742188 0.0158138275146484 -0.0307884216308594
-0.0387496948242187 0.0854568481445313 0.00967025756835938 -0.0201206207275391
-0.0607681274414063 0.0751571655273438 0.0301284790039063 0.0291576385498047
-0.0257720947265625 0.0782928466796875 0.000217437744140623 0.0367851257324219
0.0180130004882812 0.0850448608398437 0.00214385986328125 0.050140380859375
0.0595054626464844 0.0428581237792969 0.0319061279296875 0.037994384765625
0.0624771118164062 -0.000118255615234375 0.0370101928710938 0.0124549865722656
0.0418510437011719 -0.0444374084472656 0.0263748168945313 -0.015350341796875
0.0166435241699219 -0.0579605102539063 0.006011962890625 -0.0163726806640625
0.0160140991210937 -0.0536575317382813 -0.00541830062866211 -0.00221776962280274
0.010894775390625 -0.0632705688476563 -0.00722265243530273 0.00407743453979492
0.0272331237792969 -0.0554313659667969 -0.0182952880859375 0.00501060485839843
0.0561141967773438 -0.0339393615722656 -0.0223731994628906 0.00165748596191407
0.0667381286621094 0.00498199462890625 -0.0166234970092773 -0.0170078277587891
0.0411376953125 0.0662918090820313 -0.00295448303222656 -0.0251083374023437
0.00450134277343751 0.0866851806640625 0.013580322265625 -0.0137653350830078
-0.0463180541992188 0.0807266235351563 -0.00627756118774414 0.00495290756225587
-0.0624580383300781 0.0574874877929688 0.0066986083984375 0.0544166564941406
-0.0369606018066406 0.069000244140625 -0.0119781494140625 0.0556182861328125
0.00490570068359375 0.0840072631835938 -0.00658798217773437 0.0529708862304688
0.0522956848144531 0.0481643676757813 0.0163230895996094 0.0424880981445313
0.0609207153320313 0.005645751953125 0.0216941833496094 0.0231971740722656
0.0433082580566406 -0.0407600402832031 0.0169572830200195 0.00295448303222656
0.0188865661621094 -0.0548744201660156 0.00377845764160156 0.00541210174560547
0.0168380737304688 -0.051605224609375 -0.00491428375244141 0.0164566040039062
0.0121231079101563 -0.0608406066894531 -0.00733757019042969 0.0229778289794922
0.026611328125 -0.0527153015136719 -0.0222301483154297 0.0214080810546875
0.0539817810058594 -0.0312004089355469 -0.0275764465332031 0.0135459899902344
0.0615386962890625 0.00688934326171875 -0.0228176116943359 -0.00914955139160157
0.0328750610351562 0.0634269714355469 -0.00717926025390625 -0.0195178985595703
-0.00465393066406249 0.0772476196289063 0.0105094909667969 0.00114536285400391
-0.0498847961425781 0.0653457641601563 -0.0231475830078125 0.0276012420654297
-0.0515937805175781 0.0291481018066406 -0.0164794921875 0.0720291137695313
-0.0380325317382813 0.0454330444335938 -0.0239830017089844 0.0670318603515625
-0.00743865966796875 0.0638008117675781 -0.0134124755859375 0.0512466430664063
0.0348434448242188 0.0424079895019531 0.00233840942382813 0.0424423217773438
0.0465354919433594 0.00870895385742187 0.00713729858398438 0.0284023284912109
0.0363616943359375 -0.0299873352050781 0.00640487670898438 0.0189895629882813
0.0174064636230469 -0.043121337890625 0.00178718566894532 0.024749755859375
0.01519775390625 -0.040863037109375 -0.00359153747558594 0.0333995819091797
0.0118331909179687 -0.0493431091308594 -0.00759124755859375 0.0396575927734375
0.0235366821289063 -0.043060302734375 -0.0257225036621094 0.0361557006835938
0.0462417602539062 -0.0238075256347656 -0.0334281921386719 0.0231914520263672
0.0500450134277344 0.0096435546875 -0.0295925140380859 -0.00376892089843749
0.0200958251953125 0.0549468994140625 -0.0113925933837891 -0.0161256790161133
-0.0146064758300781 0.0594749450683594 0.00569343566894531 0.0139799118041992
-0.0486221313476562 0.040802001953125 -0.0404167175292969 0.0442466735839844
-0.0322151184082031 -0.00415420532226563 -0.0304794311523438 0.079132080078125
-0.0316562652587891 0.0134658813476562 -0.0301055908203125 0.0718154907226563
-0.0159950256347656 0.0321693420410156 -0.0154495239257812 0.0472526550292969
0.0131320953369141 0.0273628234863281 -0.00661087036132812 0.0396881103515625
0.0240535736083984 0.00875473022460938 -0.00276565551757812 0.0307731628417969
0.0224590301513672 -0.0151863098144531 -0.000209808349609374 0.029815673828125
0.0125789642333984 -0.0238857269287109 0.000675201416015622 0.0386466979980469
0.0112953186035156 -0.0240421295166016 -0.00217819213867188 0.0442733764648438
0.00969886779785157 -0.0309295654296875 -0.00838088989257812 0.0514869689941406
0.0175418853759766 -0.0275974273681641 -0.0289421081542969 0.0460929870605469
0.0330238342285156 -0.0136051177978516 -0.0384025573730469 0.028594970703125
0.0332775115966797 0.0102214813232422 -0.0360183715820313 -0.00072860717773437
0.00637054443359375 0.0400047302246094 -0.015660285949707 -0.015040397644043
-0.02191162109375 0.0350246429443359 -0.00147056579589844 0.0203361511230469
-0.0408897399902344 0.01129150390625 -0.0556068420410156 0.0519180297851562
0.0183010101318359 0.0228309631347656 0.0613365173339844 -0.0605010986328125
0.0203323364257812 -0.00982093811035156 0.00872039794921875 -0.0269927978515625
0.00139236450195313 -0.0173301696777344 0.0157890319824219 0.0207080841064453
-0.0111274719238281 -0.00736713409423828 0.0489730834960938 0.0071563720703125
-0.011326789855957 0.0029754638671875 0.050567626953125 -0.0282669067382813
-0.00831127166748047 0.010096549987793 0.0307464599609375 -0.055999755859375
-0.00664758682250976 0.00588178634643555 0.00524139404296874 -0.0648422241210938
-0.00602102279663086 0.0052943229675293 -0.00209426879882813 -0.052215576171875
-0.0081639289855957 0.0045166015625 -0.0031890869140625 -0.0457267761230469
-0.00863504409790039 -0.00348806381225586 0.00225830078125 -0.0389404296875
-0.00149059295654297 -0.0112686157226562 0.002532958984375 -0.0353965759277344
0.0125913619995117 -0.0114250183105469 0.0102500915527344 -0.0418663024902344
0.0239620208740234 0.00327873229980469 0.0233421325683594 -0.0494613647460938
0.0253353118896484 0.0232963562011719 0.03057861328125 -0.0727310180664063
0.0128173828125 0.0365486145019531 0.042938232421875 -0.0829315185546875
-0.0038299560546875 0.0537872314453125 0.0681648254394531 -0.0480461120605469
0.0162506103515625 0.0216960906982422 0.0146427154541016 -0.0198440551757813
0.0160541534423828 0.0104026794433594 0.017578125 0.0264358520507813
0.0134258270263672 0.000720977783203125 0.052886962890625 0.0124549865722656
0.0108823776245117 -0.00366497039794922 0.0555877685546875 -0.0236740112304687
0.00437355041503906 -0.0109319686889648 0.0344161987304688 -0.0559463500976563
-0.00210762023925781 -0.0186214447021484 0.0056915283203125 -0.0640106201171875
2.09808349609384E-05 -0.0170202255249023 -0.00331878662109375 -0.04827880859375
-0.00159835815429688 -0.0207099914550781 -0.004547119140625 -0.0420951843261719
0.00668716430664062 -0.0226306915283203 -0.00228118896484375 -0.0363616943359375
0.0228176116943359 -0.0179634094238281 -0.00221633911132812 -0.0320415496826172
0.0361175537109375 -0.000720977783203125 0.00627899169921875 -0.0388069152832031
0.0305728912353516 0.03411865234375 0.0168418884277344 -0.0452194213867188
0.0174446105957031 0.0551681518554688 0.0253562927246094 -0.0639190673828125
-0.00941848754882812 0.0649986267089844 0.037322998046875 -0.069427490234375
-0.0278778076171875 0.0760421752929688 0.065521240234375 -0.0277862548828125
0.00530624389648437 0.0519905090332031 0.0151777267456055 -0.00497245788574218
0.0257377624511719 0.0428962707519531 0.0163040161132813 0.0355224609375
0.0382728576660156 0.0140113830566406 0.0528373718261719 0.020263671875
0.0349864959716797 -0.00712013244628906 0.0567893981933594 -0.01446533203125
0.0191135406494141 -0.0296573638916016 0.0359878540039062 -0.0492172241210938
0.00429534912109375 -0.03985595703125 0.00676727294921875 -0.0545234680175781
0.00676345825195313 -0.0372238159179688 -0.00482940673828125 -0.0373573303222656
0.00386428833007812 -0.0433158874511719 -0.00619888305664062 -0.0310478210449219
0.0178718566894531 -0.0403480529785156 -0.00893592834472656 -0.0267696380615234
0.0418586730957031 -0.0265464782714844 -0.00961494445800781 -0.0238933563232422
0.0551261901855469 0.00372695922851562 -0.00171089172363281 -0.0342063903808594
0.03973388671875 0.0552406311035156 0.0089263916015625 -0.040008544921875
0.0147247314453125 0.0787429809570313 0.0201034545898438 -0.0503692626953125
-0.0270767211914063 0.0840072631835938 0.0250701904296875 -0.0476188659667969
-0.0485382080078125 0.08599853515625 0.0530014038085937 0.00020980834960938
-0.0092926025390625 0.074798583984375 0.0110082626342773 0.0156173706054688
0.0285415649414063 0.0717315673828125 0.0113792419433594 0.0450592041015625
0.0570220947265625 0.0294151306152344 0.0465278625488281 0.0308303833007813
0.0550346374511719 -0.00640106201171875 0.0518074035644531 -0.0010986328125
0.0329475402832031 -0.0423316955566406 0.0340728759765625 -0.0353660583496094
0.0108566284179688 -0.0551185607910156 0.00659942626953125 -0.0384712219238281
0.0118827819824219 -0.0508918762207031 -0.00566673278808593 -0.0211601257324219
0.00698089599609376 -0.0591545104980469 -0.00723838806152343 -0.0148954391479492
0.0236549377441406 -0.052825927734375 -0.0151033401489258 -0.0123443603515625
0.0530738830566406 -0.03448486328125 -0.0172395706176758 -0.0118656158447266
0.0670280456542969 0.00304794311523437 -0.0102825164794922 -0.0262870788574219
0.0464248657226563 0.0657501220703125 0.00182342529296875 -0.0336017608642578
0.0128936767578125 0.09027099609375 0.0160865783691406 -0.0336666107177734
-0.03863525390625 0.0918045043945313 0.00972747802734375 -0.0222110748291016
-0.0621566772460937 0.0811004638671875 0.0318145751953125 0.0299415588378906
-0.0254440307617187 0.0831527709960938 0.00037002563476562 0.0383872985839844
0.0218963623046875 0.0895767211914063 0.0030059814453125 0.0534591674804688
0.0639114379882812 0.0434188842773438 0.0338935852050781 0.039947509765625
0.0664863586425781 -0.00194931030273438 0.0397529602050781 0.0128211975097656
0.0422782897949219 -0.0477409362792969 0.02789306640625 -0.0171546936035156
0.0154075622558594 -0.0622100830078125 0.00563335418701172 -0.0171661376953125
0.01507568359375 -0.0574378967285156 -0.00554132461547851 -0.00110721588134766
0.00911331176757812 -0.0666923522949219 -0.00762796401977539 0.00482368469238281
0.0264320373535156 -0.0586662292480469 -0.0197429656982422 0.00565338134765624
0.0577659606933594 -0.0378646850585938 -0.0235424041748047 0.00199890136718749
0.0702438354492188 0.00299072265625 -0.0178318023681641 -0.0177135467529297
0.0457344055175781 0.0685043334960938 -0.00361061096191406 -0.0265293121337891
0.00762176513671875 0.090972900390625 0.0138406753540039 -0.0155172348022461
-0.0467376708984375 0.086639404296875 -0.00677204132080078 0.00463199615478516
-0.0640907287597656 0.0625190734863281 0.00788116455078125 0.0571136474609375
-0.0373306274414062 0.073638916015625 -0.0121536254882813 0.0579414367675781
0.00807189941406251 0.0884246826171875 -0.00654220581054687 0.0566444396972656
0.0564193725585937 0.0491485595703125 0.0177001953125 0.0453262329101563
0.0642051696777344 0.00455093383789063 0.0242118835449219 0.0242424011230469
0.0439224243164063 -0.0439224243164063 0.0180797576904297 0.00251007080078125
0.0177574157714844 -0.058837890625 0.00436782836914063 0.00546169281005859
0.0156517028808594 -0.0547714233398438 -0.00437736511230469 0.0182209014892578
0.0100173950195313 -0.0641403198242188 -0.00708389282226562 0.02423095703125
0.0255012512207031 -0.0562019348144531 -0.0231094360351563 0.0229396820068359
0.0553817749023438 -0.0346832275390625 -0.0288944244384766 0.0144481658935547
0.0649642944335938 0.00497055053710937 -0.0243453979492187 -0.00936126708984375
0.0370597839355469 0.065765380859375 -0.00804519653320313 -0.0207748413085937
-0.00247192382812499 0.0812606811523438 0.0112905502319336 0.000647544860839849
-0.0508956909179688 0.0708084106445312 -0.0237655639648438 0.0290985107421875
-0.0534439086914063 0.0324325561523437 -0.0158233642578125 0.0762252807617188
-0.0388946533203125 0.0489768981933594 -0.0239715576171875 0.07110595703125
-0.00560379028320312 0.0677833557128906 -0.0134048461914063 0.0551185607910156
0.0380592346191406 0.04351806640625 0.00345611572265625 0.0453948974609375
0.0497817993164063 0.00778961181640625 0.00863265991210938 0.0304088592529297
0.0368156433105469 -0.0328865051269531 0.00803184509277344 0.0195941925048828
0.0164031982421875 -0.0454063415527344 0.00278282165527344 0.0262241363525391
0.0142288208007813 -0.0435752868652344 -0.00274276733398437 0.0354080200195313
0.00996780395507812 -0.0517845153808594 -0.0067291259765625 0.0419273376464844
0.0228958129882812 -0.0459823608398438 -0.0260734558105469 0.0385208129882813
0.0474853515625 -0.0262298583984375 -0.0342044830322266 0.0245647430419922
0.0526924133300781 0.00861740112304688 -0.0311431884765625 -0.00318145751953125
0.0235099792480469 0.0569114685058594 -0.0122127532958984 -0.0167236328125
-0.0134124755859375 0.0628204345703125 0.00699520111083985 0.0141639709472656
-0.0499725341796875 0.0446624755859375 -0.0405960083007812 0.0473670959472656
-0.0339813232421875 -0.00377655029296875 -0.0304107666015625 0.0845565795898437
-0.0330562591552734 0.0152397155761719 -0.0299072265625 0.0763397216796875
-0.0159854888916016 0.0345935821533203 -0.01593017578125 0.0502090454101562
0.0146694183349609 0.0281448364257813 -0.00606536865234374 0.0432319641113281
0.0257492065429688 0.00860595703125 -0.00128364562988281 0.0327396392822266
0.0229091644287109 -0.0165996551513672 0.000780105590820311 0.0311737060546875
0.0123577117919922 -0.0256061553955078 0.00210189819335938 0.0407600402832031
0.0108871459960938 -0.0258617401123047 -0.00113296508789063 0.046966552734375
0.00933456420898437 -0.0330123901367188 -0.00713729858398437 0.0541038513183594
0.0172805786132813 -0.0295295715332031 -0.0295372009277344 0.0490036010742188
0.0342445373535156 -0.0152378082275391 -0.0394134521484375 0.030975341796875
0.0356826782226563 0.00975418090820313 -0.0376091003417969 0.000251770019531247
0.00841140747070313 0.0418968200683594 -0.0166358947753906 -0.0155839920043945
-0.0219879150390625 0.0371017456054688 -0.000333786010742188 0.021697998046875
-0.0425033569335938 0.0133247375488281 -0.0571403503417969 0.0559959411621094
0.0205879211425781 0.0229930877685547 0.0603561401367188 -0.0656051635742188
0.0205135345458984 -0.0112190246582031 0.00679969787597656 -0.0279445648193359
0.000423431396484373 -0.0186271667480469 0.0176448822021484 0.0208988189697266
-0.0121536254882813 -0.00733852386474609 0.0510597229003906 0.00525665283203125
-0.0121831893920898 0.00311851501464844 0.0512504577636719 -0.0318145751953125
-0.00801944732666015 0.0110368728637695 0.0288543701171875 -0.0600395202636719
-0.00652551651000977 0.00700950622558594 0.00161361694335938 -0.0675697326660156
-0.00589227676391602 0.00589275360107422 -0.00504684448242188 -0.0543479919433594
-0.00757265090942383 0.00525093078613281 -0.006103515625 -0.0475234985351563
-0.00877523422241211 -0.00270605087280274 0.000148773193359371 -0.0408210754394531
-0.00249004364013672 -0.0115137100219727 0.000751495361328124 -0.0373573303222656
0.0125560760498047 -0.0128631591796875 0.00814056396484375 -0.0446701049804688
0.0251312255859375 0.00213813781738281 0.0214042663574219 -0.0530662536621094
0.0270519256591797 0.0226669311523438 0.0276641845703125 -0.0774993896484375
0.0156288146972656 0.0371322631835938 0.0403213500976563 -0.0892333984375
-0.000736236572265621 0.0565948486328125 0.0679512023925781 -0.0539321899414063
0.0179882049560547 0.0215511322021484 0.0132560729980469 -0.0214405059814453
0.0175857543945313 0.00995635986328125 0.0196094512939453 0.0273017883300781
0.0143241882324219 -0.000234603881835938 0.0553512573242188 0.0100936889648438
0.0113105773925781 -0.00512599945068359 0.0565299987792969 -0.0273818969726563
0.00355720520019531 -0.0111160278320313 0.0324554443359375 -0.059783935546875
-0.00361442565917969 -0.0188808441162109 0.00276565551757812 -0.0664901733398438
-0.000715255737304687 -0.0183353424072266 -0.00620651245117188 -0.0501289367675781
-0.00301170349121094 -0.0213737487792969 -0.00727462768554687 -0.0437240600585938
0.00540924072265625 -0.0235061645507812 -0.004638671875 -0.0381050109863281
0.0225486755371094 -0.0196552276611328 -0.003875732421875 -0.0338649749755859
0.0374069213867188 -0.00286483764648438 0.00475311279296875 -0.0414161682128906
0.0340499877929688 0.0337734222412109 0.0160140991210938 -0.0484657287597656
0.02166748046875 0.0567970275878906 0.0229873657226562 -0.0683364868164063
-0.00677490234375 0.0690422058105469 0.0350112915039063 -0.0755081176757813
-0.0245437622070312 0.0811614990234375 0.0662078857421875 -0.0324516296386719
0.00798797607421875 0.0542678833007813 0.014556884765625 -0.00631332397460937
0.0298080444335938 0.0433387756347656 0.0186080932617188 0.0372810363769531
0.0403175354003906 0.0118331909179687 0.0561256408691406 0.0189781188964844
0.0360832214355469 -0.0099639892578125 0.0590438842773438 -0.017913818359375
0.0176048278808594 -0.0314998626708984 0.0344314575195312 -0.0531158447265625
0.00185012817382812 -0.0415840148925781 0.00339889526367187 -0.0569496154785156
0.00481414794921875 -0.0392036437988281 -0.00689697265625 -0.0382499694824219
0.00138092041015625 -0.0448570251464844 -0.00877571105957031 -0.0323257446289063
0.0158195495605469 -0.0426559448242188 -0.0110435485839844 -0.0278644561767578
0.0416679382324219 -0.0299530029296875 -0.0113983154296875 -0.0248508453369141
0.0576057434082031 0.000553131103515625 -0.00327301025390625 -0.0360984802246094
0.0448493957519531 0.0552597045898437 0.0078887939453125 -0.042938232421875
0.0200958251953125 0.080841064453125 0.0181121826171875 -0.054107666015625
-0.023895263671875 0.0897293090820313 0.0235214233398437 -0.0517349243164062
-0.04608154296875 0.0929183959960938 0.0550193786621094 -0.00251007080078124
-0.00666809082031249 0.0786361694335938 0.0108633041381836 0.0150814056396484
0.034393310546875 0.073699951171875 0.0132598876953125 0.0474319458007813
0.0608711242675781 0.0270423889160156 0.0500450134277344 0.0307807922363281
0.0571365356445313 -0.0101165771484375 0.0542678833007813 -0.00334930419921875
0.031158447265625 -0.0458717346191406 0.033355712890625 -0.0386810302734375
0.00734710693359375 -0.0580062866210938 0.00491714477539062 -0.0404624938964844
0.00907135009765625 -0.0538139343261719 -0.00726509094238281 -0.0209102630615234
0.00321197509765625 -0.0616569519042969 -0.009124755859375 -0.0148115158081055
0.0211067199707031 -0.0563240051269531 -0.0165300369262695 -0.0115127563476563
0.0526771545410156 -0.0388984680175781 -0.0187206268310547 -0.0116539001464844
0.0701675415039063 -0.00090789794921875 -0.0118827819824219 -0.0277671813964844
0.0526123046875 0.0656318664550781 0.000293731689453125 -0.0357704162597656
0.018768310546875 0.0929183959960938 0.0145034790039063 -0.0364761352539063
-0.0352401733398437 0.098388671875 0.00867652893066406 -0.0241928100585937
-0.0603561401367188 0.0889129638671875 0.0340614318847656 0.0296993255615234
-0.0226974487304688 0.0882720947265625 0.0017242431640625 0.0394821166992188
0.02838134765625 0.0925750732421875 0.00511169433593751 0.0563163757324219
0.0690231323242188 0.040985107421875 0.0375175476074219 0.041259765625
0.0697288513183594 -0.00565719604492188 0.0427169799804688 0.0114898681640625
0.040557861328125 -0.0517845153808594 0.0275554656982422 -0.0191688537597656
0.0117263793945313 -0.0653457641601563 0.00478935241699219 -0.0178813934326172
0.0119667053222656 -0.0605125427246094 -0.00560760498046875 -0.000472545623779301
0.00442886352539063 -0.0695991516113281 -0.00787353515625 0.00550556182861328
0.023529052734375 -0.0626487731933594 -0.0201091766357422 0.00713729858398437
0.0570182800292969 -0.0430107116699219 -0.0244560241699219 0.00347137451171875
0.0733795166015625 -0.0011444091796875 -0.0197811126708984 -0.0174903869628906
0.0515251159667969 0.0688018798828125 -0.00464057922363281 -0.0282478332519531
0.013275146484375 0.0936355590820313 0.0138015747070313 -0.0176181793212891
-0.0440902709960938 0.0939483642578125 -0.00699949264526368 0.00525808334350586
-0.0628280639648438 0.068603515625 0.0107078552246094 0.0592002868652344
-0.035186767578125 0.0786666870117188 -0.0100746154785156 0.060577392578125
0.0138015747070313 0.0922317504882813 -0.00463485717773438 0.0602874755859375
0.0615272521972656 0.0479660034179688 0.0207405090332031 0.0471954345703125
0.0678367614746094 0.00054168701171875 0.0270709991455078 0.0247287750244141
0.0429229736328125 -0.0483818054199219 0.0190334320068359 0.00127601623535156
0.0141677856445312 -0.0622978210449219 0.00506067276000977 0.00580883026123047
0.0135078430175781 -0.0580711364746094 -0.00357246398925781 0.0197505950927734
0.00594329833984376 -0.0670356750488281 -0.00674819946289063 0.0259647369384766
0.022613525390625 -0.059906005859375 -0.0231781005859375 0.0252895355224609
0.0547981262207031 -0.0395278930664063 -0.0291252136230469 0.0167369842529297
0.0676612854003906 0.0013885498046875 -0.0260047912597656 -0.0084228515625
0.0429496765136719 0.0667724609375 -0.00899124145507812 -0.0212898254394531
0.0023193359375 0.084228515625 0.0123538970947266 -0.000485420227050776
-0.0492401123046875 0.0767364501953125 -0.0227642059326172 0.0313854217529297
-0.0538063049316406 0.0368461608886719 -0.0123748779296875 0.0800857543945313
-0.0381278991699219 0.052581787109375 -0.0211944580078125 0.0750198364257813
-0.00164794921875 0.0711898803710938 -0.0117950439453125 0.0588035583496094
0.0423469543457031 0.0431251525878906 0.00571441650390625 0.0479164123535156
0.0523605346679688 0.00571441650390625 0.0109043121337891 0.0318889617919922
0.0360946655273438 -0.0364646911621094 0.00921058654785156 0.0199260711669922
0.0138320922851563 -0.0487136840820313 0.00437545776367188 0.0270538330078125
0.0124015808105469 -0.0462417602539063 -0.000679016113281252 0.0374526977539063
0.00706100463867187 -0.0546340942382813 -0.0052642822265625 0.044189453125
0.0206794738769531 -0.048980712890625 -0.0250320434570313 0.0414695739746094
0.0473480224609375 -0.030364990234375 -0.0341320037841797 0.0271682739257813
0.0555038452148438 0.0054168701171875 -0.0326004028320313 -0.0015716552734375
0.02734375 0.0585136413574219 -0.0128908157348633 -0.0171070098876953
-0.0102996826171875 0.0656967163085938 0.00831890106201172 0.0137605667114258
-0.0496788024902344 0.0498809814453125 -0.0396232604980469 0.0513458251953125
-0.0352363586425781 -0.00173950195312499 -0.0268707275390625 0.0897903442382813
-0.03338623046875 0.0179615020751953 -0.0272140502929688 0.08087158203125
-0.014556884765625 0.0372123718261719 -0.0139541625976563 0.05377197265625
0.0166702270507813 0.0287342071533203 -0.00395584106445312 0.0457191467285156
0.0274200439453125 0.0076904296875 0.000320434570312502 0.0345458984375
0.0228900909423828 -0.0186805725097656 0.00300025939941407 0.0322971343994141
0.0108184814453125 -0.0276279449462891 0.0048828125 0.042236328125
0.00965690612792969 -0.0279102325439453 0.0018463134765625 0.0489692687988281
0.00727462768554688 -0.0345363616943359 -0.0049591064453125 0.0572700500488281
0.0159130096435547 -0.0317573547363281 -0.0280494689941406 0.0527191162109375
0.0347862243652344 -0.0183563232421875 -0.0393142700195313 0.0339698791503906
0.0377998352050781 0.008148193359375 -0.039520263671875 0.00194549560546876
0.0109138488769531 0.0433692932128906 -0.01776123046875 -0.0153770446777344
-0.020660400390625 0.0400505065917969 0.00153160095214843 0.0220050811767578
-0.0434303283691406 0.0159912109375 -0.0559501647949219 0.0609397888183594
0.0224323272705078 0.0217609405517578 0.0570030212402344 -0.0699729919433594
0.0197734832763672 -0.0121002197265625 0.00365447998046875 -0.0284805297851563
-0.000677108764648438 -0.0187664031982422 0.0190200805664063 0.020416259765625
-0.012822151184082 -0.00676345825195313 0.0521392822265625 0.00242996215820313
-0.0120267868041992 0.00380229949951172 0.0495071411132812 -0.0344619750976563
-0.00716114044189453 0.0117177963256836 0.0259361267089844 -0.0620193481445313
-0.00619935989379883 0.00754690170288086 -0.00284957885742188 -0.0683174133300781
-0.00505352020263672 0.00624895095825195 -0.00851058959960938 -0.0547065734863281
-0.0068354606628418 0.00585508346557617 -0.00933837890625 -0.0471725463867188
-0.00872135162353516 -0.00167942047119141 -0.00238037109375 -0.0417823791503906
-0.00325965881347656 -0.0111331939697266 -0.00137710571289062 -0.0378761291503906
0.0120630264282227 -0.014042854309082 0.00593185424804687 -0.0463829040527344
0.0255317687988281 0.000505447387695313 0.0186195373535156 -0.0554428100585937
0.0286769866943359 0.02142333984375 0.0230026245117187 -0.0797042846679688
0.0180778503417969 0.0372352600097656 0.03509521484375 -0.0935287475585937
0.00320816040039062 0.0573158264160156 0.06500244140625 -0.058746337890625
0.0193881988525391 0.0215873718261719 0.0105915069580078 -0.0221843719482422
0.0184116363525391 0.00904464721679688 0.0212841033935547 0.0267772674560547
0.0143423080444336 -0.00146961212158203 0.0567817687988281 0.00739288330078125
0.0108127593994141 -0.00636768341064453 0.0557823181152344 -0.0308074951171875
0.00242042541503906 -0.0113515853881836 0.029449462890625 -0.0625534057617187
-0.00499916076660156 -0.0185565948486328 -0.00177764892578124 -0.0670814514160156
-0.00202560424804688 -0.0182113647460938 -0.00927352905273438 -0.0500373840332031
-0.00415611267089844 -0.0211467742919922 -0.0102424621582031 -0.0434951782226563
0.00398635864257813 -0.0232868194580078 -0.00719833374023438 -0.0379753112792969
0.0210170745849609 -0.0212612152099609 -0.00596046447753906 -0.0342617034912109
0.0376052856445313 -0.00514602661132813 0.00208282470703126 -0.0430221557617188
0.0368194580078125 0.0319137573242188 0.0129966735839844 -0.0504531860351563
0.0252456665039063 0.0559196472167969 0.0190582275390625 -0.0707244873046875
-0.00232696533203124 0.0705490112304688 0.0312728881835938 -0.0791473388671875
-0.0195388793945313 0.0841751098632813 0.0650634765625 -0.0365676879882813
0.0110816955566406 0.0546531677246094 0.013371467590332 -0.00776386260986328
0.0337944030761719 0.0420188903808594 0.0207328796386719 0.0371246337890625
0.0418891906738281 0.00948333740234375 0.0573997497558594 0.0165481567382813
0.0361213684082031 -0.0124282836914063 0.0586624145507812 -0.0212249755859375
0.0153579711914063 -0.0325698852539062 0.0316619873046875 -0.0557060241699219
-0.0015106201171875 -0.0420951843261719 0.000141143798828125 -0.0578231811523438
0.0024871826171875 -0.0396347045898438 -0.00890350341796875 -0.0378799438476563
-0.0020904541015625 -0.0453605651855469 -0.0113468170166016 -0.0314235687255859
0.0129585266113281 -0.0435256958007812 -0.0128765106201172 -0.0270423889160156
0.0396957397460938 -0.0326423645019531 -0.0132694244384766 -0.0245609283447266
0.0588722229003906 -0.00365066528320313 -0.0057220458984375 -0.0372352600097656
0.0493812561035156 0.0529975891113281 0.00540924072265625 -0.0445137023925781
0.0251693725585938 0.080078125 0.0146408081054688 -0.05609130859375
-0.0181655883789062 0.0928268432617188 0.0205574035644531 -0.0543136596679687
-0.04046630859375 0.0976104736328125 0.0551376342773438 -0.00596237182617187
-0.0022735595703125 0.0798416137695312 0.0108966827392578 0.0143728256225586
0.0401229858398438 0.0723724365234375 0.0160903930664063 0.0484161376953125
0.0634307861328125 0.0231781005859375 0.0520553588867188 0.0288581848144531
0.0575294494628906 -0.0141830444335938 0.0551910400390625 -0.00638198852539063
0.0279312133789063 -0.0480995178222656 0.0311164855957031 -0.0412940979003906
0.0027008056640625 -0.0587844848632812 0.00222015380859375 -0.0405006408691406
0.0058441162109375 -0.0553741455078125 -0.00779914855957031 -0.0201606750488281
-0.000740051269531254 -0.0623855590820313 -0.0102901458740234 -0.0140266418457031
0.0171318054199219 -0.0579261779785156 -0.01763916015625 -0.0109195709228516
0.0500717163085937 -0.04278564453125 -0.0199623107910156 -0.0108489990234375
0.0706710815429688 -0.00559234619140625 -0.0138683319091797 -0.0279121398925781
0.0576667785644531 0.0630836486816406 -0.00133514404296874 -0.0366287231445312
0.0247650146484375 0.0923385620117187 0.0124969482421875 -0.0384559631347656
-0.0297698974609375 0.102622985839844 0.00762557983398438 -0.0258159637451172
-0.0554733276367188 0.0935211181640625 0.0362510681152344 0.0281333923339844
-0.0179595947265625 0.0907440185546875 0.003021240234375 0.0386161804199219
0.03497314453125 0.09210205078125 0.00739288330078125 0.0579109191894531
0.0725860595703125 0.037567138671875 0.0401268005371094 0.040069580078125
0.0703353881835938 -0.0100479125976563 0.0446662902832031 0.00946426391601563
0.0372581481933594 -0.0549468994140625 0.02593994140625 -0.0211029052734375
0.00706863403320312 -0.0667839050292969 0.00387954711914062 -0.0182743072509766
0.0081024169921875 -0.0617179870605469 -0.00511074066162109 0.000656604766845699
-0.000488281250000003 -0.0703582763671875 -0.00770998001098633 0.00653886795043945
0.01837158203125 -0.0643768310546875 -0.0202369689941406 0.00843238830566406
0.0541458129882813 -0.04718017578125 -0.0249538421630859 0.00441551208496094
0.074066162109375 -0.00624847412109375 -0.0205955505371094 -0.0175018310546875
0.057342529296875 0.0660438537597656 -0.00621414184570312 -0.0286693572998047
0.0195236206054687 0.0931396484375 0.0126819610595703 -0.0191020965576172
-0.0390167236328125 0.098388671875 -0.0067129135131836 0.00506782531738282
-0.0591278076171875 0.0739059448242188 0.0143318176269531 0.05889892578125
-0.0308914184570313 0.0817642211914063 -0.00724411010742188 0.0609855651855469
0.0205764770507813 0.0925369262695312 -0.0015411376953125 0.0620307922363281
0.0646438598632813 0.0443305969238281 0.0239410400390625 0.0470924377441406
0.0693397521972656 -0.00362014770507813 0.0293331146240234 0.0235137939453125
0.0396041870117188 -0.0515403747558594 0.0192108154296875 0.000431060791015622
0.00983810424804688 -0.063873291015625 0.00539636611938477 0.00568485260009765
0.00954818725585938 -0.0595779418945313 -0.00174903869628906 0.0207061767578125
0.00106048583984375 -0.0675239562988281 -0.00554656982421875 0.0267677307128906
0.0185012817382813 -0.0616226196289063 -0.0220832824707031 0.0271949768066406
0.0524406433105469 -0.0438995361328125 -0.0284709930419922 0.0184345245361328
0.0686798095703125 -0.003265380859375 -0.0265560150146484 -0.00746726989746093
0.0483055114746094 0.0644493103027344 -0.00986480712890625 -0.0214309692382812
0.00783538818359375 0.0844879150390625 0.0122566223144531 -0.00175857543945312
-0.0449142456054688 0.0815811157226562 -0.0213794708251953 0.0327625274658203
-0.051971435546875 0.0404319763183594 -0.00823211669921875 0.08197021484375
-0.0355339050292969 0.0563125610351562 -0.0178756713867187 0.0763397216796875
0.00291442871093751 0.0724258422851563 -0.00880813598632812 0.0608367919921875
0.0455245971679688 0.0407257080078125 0.00868225097656251 0.0487327575683594
0.0533866882324219 0.00196456909179688 0.0136070251464844 0.0318241119384766
0.033782958984375 -0.0384368896484375 0.0100955963134766 0.0191879272460937
0.00991439819335937 -0.0503807067871094 0.00646400451660156 0.0275726318359375
0.00914764404296876 -0.0479202270507813 0.00201797485351562 0.0383033752441406
0.00307083129882812 -0.0556297302246094 -0.00244140625 0.0449066162109375
0.0171852111816406 -0.0506095886230469 -0.0227546691894531 0.0440597534179688
0.0453071594238281 -0.0340423583984375 -0.0331211090087891 0.0300483703613281
0.0562820434570312 0.00200271606445313 -0.0329990386962891 -0.000225067138671881
0.0318069458007813 0.0573654174804688 -0.0139350891113281 -0.0168848037719727
-0.00635910034179687 0.0666427612304687 0.00983715057373047 0.012913703918457
-0.0471725463867188 0.0533447265625 -0.0370368957519531 0.05364990234375
-0.0356559753417969 0.000370025634765625 -0.0224609375 0.092620849609375
-0.0328407287597656 0.0204143524169922 -0.0229263305664063 0.0831832885742188
-0.01226806640625 0.0390625 -0.0114021301269531 0.0557174682617187
0.0189342498779297 0.0280036926269531 -0.00124359130859375 0.0471534729003906
0.0283603668212891 0.00611686706542969 0.00290298461914063 0.0356025695800781
0.0216865539550781 -0.0201244354248047 0.00484848022460938 0.0329074859619141
0.00890731811523437 -0.028564453125 0.00788497924804688 0.0423736572265625
0.00785064697265625 -0.0289745330810547 0.0052642822265625 0.0498046875
0.00527572631835938 -0.035430908203125 -0.00116348266601562 0.0582618713378906
0.0134544372558594 -0.0331668853759766 -0.0251617431640625 0.0547027587890625
0.0337543487548828 -0.0208396911621094 -0.0376548767089844 0.0363273620605469
0.0386466979980469 0.00598526000976563 -0.0395393371582031 0.00417327880859375
0.0140457153320313 0.0434494018554688 -0.0183792114257813 -0.0149478912353516
-0.0189018249511719 0.0411758422851563 0.00367164611816406 0.0213680267333984
-0.0426177978515625 0.0188560485839844 -0.0524635314941406 0.0650177001953125
0.0236625671386719 0.0209293365478516 0.0532989501953125 -0.072235107421875
0.0190677642822266 -0.0127162933349609 0.00207710266113282 -0.0278530120849609
-0.00141716003417969 -0.0188865661621094 0.0195369720458984 0.0199089050292969
-0.0132207870483398 -0.00700664520263672 0.0515937805175781 0.00101470947265625
-0.0122404098510742 0.00413131713867187 0.0475959777832031 -0.0359764099121094
-0.00665092468261718 0.0124397277832031 0.0233116149902344 -0.0624618530273438
-0.00567436218261719 0.00816535949707031 -0.00572967529296875 -0.0677757263183594
-0.00459146499633789 0.00631475448608398 -0.0110282897949219 -0.0539894104003906
-0.00641107559204102 0.00600576400756836 -0.0112152099609375 -0.0467948913574219
-0.00816631317138672 -0.00115633010864258 -0.00425338745117187 -0.0415191650390625
-0.00395774841308594 -0.0108871459960938 -0.00256729125976563 -0.038299560546875
0.0109081268310547 -0.0147867202758789 0.00411605834960938 -0.0469169616699219
0.0254840850830078 -0.000597000122070313 0.016265869140625 -0.0558738708496094
0.0292453765869141 0.0200767517089844 0.0198822021484375 -0.0803985595703125
0.01971435546875 0.0361824035644531 0.0312118530273438 -0.095062255859375
0.00624465942382812 0.0572357177734375 0.0624351501464844 -0.0614509582519531
0.0198841094970703 0.0207672119140625 0.00840187072753906 -0.0220432281494141
0.0190773010253906 0.00795364379882813 0.0222244262695312 0.0265579223632812
0.0139474868774414 -0.00244998931884766 0.0561447143554688 0.005706787109375
0.0105371475219727 -0.00714969635009766 0.0543861389160156 -0.0324172973632813
0.00162220001220703 -0.011469841003418 0.0270423889160156 -0.0630073547363281
-0.00614833831787109 -0.0175666809082031 -0.00466537475585938 -0.0664901733398438
-0.0026702880859375 -0.0182476043701172 -0.0112953186035156 -0.0491371154785156
-0.00489425659179688 -0.0207462310791016 -0.0123367309570312 -0.0427513122558594
0.00313377380371094 -0.023040771484375 -0.00864410400390625 -0.0376319885253906
0.0198745727539063 -0.0217361450195313 -0.00743865966796875 -0.0340366363525391
0.0373420715332031 -0.0070648193359375 0.000511169433593753 -0.0441856384277344
0.0383720397949219 0.0301551818847656 0.0108985900878906 -0.0509376525878906
0.0274238586425781 0.0541419982910156 0.0152740478515625 -0.071014404296875
0.000938415527343749 0.0704421997070313 0.0277557373046875 -0.08062744140625
-0.0156402587890625 0.085235595703125 0.0628395080566406 -0.0394058227539062
0.0133934020996094 0.0542793273925781 0.0115871429443359 -0.00780487060546875
0.0353240966796875 0.0401496887207031 0.0218086242675781 0.0372047424316406
0.0417709350585938 0.00720596313476563 0.058013916015625 0.0152320861816406
0.0354347229003906 -0.0142898559570313 0.0576629638671875 -0.0229835510253906
0.0135173797607422 -0.0332164764404297 0.0294761657714844 -0.0565032958984375
-0.00406265258789063 -0.04132080078125 -0.0023345947265625 -0.0571861267089844
0.000553131103515621 -0.0397720336914063 -0.0104103088378906 -0.0371322631835938
-0.00450515747070312 -0.0447196960449219 -0.0123233795166016 -0.0309219360351563
0.0107841491699219 -0.0434417724609375 -0.01422119140625 -0.0264091491699219
0.0374679565429688 -0.0342636108398438 -0.0141944885253906 -0.0240058898925781
0.0583381652832031 -0.00605010986328125 -0.00716781616210937 -0.0376472473144531
0.0516700744628906 0.0503883361816406 0.00362396240234376 -0.0450782775878906
0.0280075073242187 0.0782928466796875 0.0119094848632813 -0.0565299987792969
-0.0140914916992188 0.0937271118164063 0.0181884765625 -0.0559349060058594
-0.0361557006835938 0.0991897583007813 0.0543327331542969 -0.00823593139648437
0.000816345214843749 0.0799331665039062 0.0102548599243164 0.0137758255004883
0.0432510375976563 0.070556640625 0.017486572265625 0.0485954284667969
0.0641403198242188 0.0203781127929688 0.0530815124511719 0.0277175903320312
0.0571823120117188 -0.0166511535644531 0.0549545288085938 -0.00832748413085938
0.025390625 -0.0489692687988281 0.0290069580078125 -0.0416374206542969
-4.57763671874975E-05 -0.0582771301269531 0.000572204589843749 -0.0402984619140625
0.00293731689453125 -0.0553665161132813 -0.00834083557128906 -0.0194377899169922
-0.00429153442382813 -0.0617408752441406 -0.0110292434692383 -0.0132818222045899
0.0142173767089844 -0.0575523376464844 -0.0185661315917969 -0.00957870483398438
0.0476837158203125 -0.0448150634765625 -0.0202178955078125 -0.0102558135986328
0.0703887939453125 -0.0087890625 -0.0149555206298828 -0.0283489227294922
0.0607032775878906 0.0600547790527344 -0.00291824340820312 -0.0369873046875
0.028717041015625 0.090240478515625 0.0106964111328125 -0.0392990112304687
-0.02532958984375 0.104141235351563 0.00628662109375 -0.0263004302978516
-0.05133056640625 0.0958480834960938 0.0364570617675781 0.0263824462890625
-0.0147628784179687 0.0909576416015625 0.00320816040039063 0.0379562377929688
0.0392837524414062 0.0901031494140625 0.00956344604492188 0.0584068298339844
0.0733718872070312 0.0339813232421875 0.0417060852050781 0.0391273498535156
0.0696945190429687 -0.013519287109375 0.0451850891113281 0.00794219970703125
0.0341033935546875 -0.0557632446289063 0.0251979827880859 -0.0218639373779297
0.00284957885742188 -0.0662956237792969 0.00298309326171875 -0.0179061889648438
0.00507736206054687 -0.0625 -0.00492095947265625 0.00112581253051757
-0.00382232666015625 -0.0692024230957031 -0.0081491470336914 0.00707435607910156
0.0148735046386719 -0.0643882751464844 -0.0203456878662109 0.00975036621093749
0.0513076782226563 -0.0489654541015625 -0.0242824554443359 0.00548744201660156
0.0731201171875 -0.00933837890625 -0.0212326049804687 -0.0170936584472656
0.0601234436035156 0.06329345703125 -0.00720024108886719 -0.0290966033935547
0.0230865478515625 0.09124755859375 0.0119361877441406 -0.0198764801025391
-0.0344009399414063 0.100112915039063 -0.00625801086425781 0.00467443466186524
-0.05596923828125 0.076385498046875 0.0158042907714844 0.0581779479980469
-0.0278701782226563 0.0825424194335938 -0.0055999755859375 0.0602073669433594
0.0245285034179687 0.0916519165039063 0.000358581542968752 0.0624275207519531
0.0665206909179688 0.0415534973144531 0.0255470275878906 0.0469589233398438
0.0687484741210938 -0.0067138671875 0.0304603576660156 0.0223541259765625
0.0364875793457031 -0.0528297424316406 0.0184345245361328 -0.000513076782226566
0.00613403320312499 -0.063262939453125 0.00587177276611328 0.00564289093017578
0.00615310668945313 -0.0596656799316406 -0.00050544738769531 0.0213623046875
-0.00266647338867188 -0.0668754577636719 -0.00445175170898438 0.0269947052001953
0.0146865844726562 -0.0613975524902344 -0.0206489562988281 0.0283184051513672
0.0497055053710938 -0.0456161499023438 -0.0272312164306641 0.0195236206054687
0.0677528381347656 -0.00623703002929688 -0.0267238616943359 -0.00685501098632813
0.0508270263671875 0.0618400573730469 -0.0109043121337891 -0.0215873718261719
0.0113677978515625 0.0835189819335938 0.0124549865722656 -0.00309753417968749
-0.0410079956054688 0.0835723876953125 -0.0195636749267578 0.0330696105957031
-0.0497322082519531 0.0425682067871094 -0.00531005859374999 0.0819015502929688
-0.0333251953125 0.0570526123046875 -0.0150680541992187 0.07647705078125
0.00648498535156249 0.0721893310546875 -0.00664138793945312 0.0613136291503906
0.0465278625488281 0.0382118225097656 0.0109825134277344 0.0485420227050781
0.0537567138671875 -0.0002288818359375 0.0153846740722656 0.0315494537353516
0.0315399169921875 -0.0396461486816406 0.0109691619873047 0.0188789367675781
0.00682449340820313 -0.0501823425292969 0.00760078430175781 0.0272693634033203
0.00671768188476562 -0.0482711791992188 0.00437545776367188 0.0387306213378906
-0.00017166137695312 -0.0550613403320313 -0.000698089599609371 0.0449295043945313
0.0138587951660156 -0.0506095886230469 -0.0214767456054687 0.0444793701171875
0.0430107116699219 -0.0360031127929688 -0.0312900543212891 0.0305118560791016
0.0559425354003906 -0.000682830810546875 -0.0329856872558594 0.000707626342773439
0.0343780517578125 0.055450439453125 -0.0141897201538086 -0.0166492462158203
-0.00375747680664063 0.0660514831542969 0.0107336044311523 0.0116996765136719
-0.0444107055664062 0.0557403564453125 -0.0341911315917969 0.0545272827148437
-0.0353164672851563 0.00153350830078125 -0.018402099609375 0.0933380126953125
-0.0315895080566406 0.0214653015136719 -0.019378662109375 0.0830535888671875
-0.0101203918457031 0.0394744873046875 -0.0094757080078125 0.0562171936035156
0.0202541351318359 0.02685546875 0.00054168701171875 0.0476341247558594
0.0288143157958984 0.00493240356445313 0.00403976440429688 0.0360221862792969
0.0201244354248047 -0.0206699371337891 0.00596809387207031 0.0322132110595703
0.00705146789550781 -0.0291042327880859 0.0100517272949219 0.0416183471679688
0.00617027282714844 -0.0294361114501953 0.0074920654296875 0.0496063232421875
0.00304794311523438 -0.0353507995605469 0.001068115234375 0.0579338073730469
0.0116119384765625 -0.0331497192382813 -0.0228538513183594 0.0558700561523438
0.0325145721435547 -0.0223045349121094 -0.0360336303710938 0.0375289916992188
0.0384483337402344 0.00413894653320313 -0.0389022827148438 0.00543975830078126
0.0153961181640625 0.0429115295410156 -0.0186538696289063 -0.014617919921875
-0.0168037414550781 0.041748046875 0.00518989562988281 0.0201454162597656
-0.0413742065429687 0.0208358764648438 -0.0489921569824219 0.0663337707519531
0.0240802764892578 0.0202255249023438 0.0515060424804688 -0.072662353515625
0.0187435150146484 -0.0128211975097656 0.000743865966796876 -0.0269012451171875
-0.00183868408203125 -0.0188312530517578 0.0203609466552734 0.0196208953857422
-0.0137844085693359 -0.00658607482910156 0.0514144897460937 0.00025177001953125
-0.0121707916259766 0.00453090667724609 0.0468673706054688 -0.0363082885742188
-0.00655651092529297 0.0126771926879883 0.0225486755371094 -0.0626907348632813
-0.00489521026611328 0.00903224945068359 -0.00707626342773437 -0.0673637390136719
-0.00458526611328125 0.00663185119628906 -0.0113372802734375 -0.0536117553710938
-0.00644254684448242 0.00595998764038086 -0.0122299194335938 -0.0464973449707031
-0.00784158706665039 -0.000589847564697265 -0.00521087646484375 -0.0419158935546875
-0.00406455993652344 -0.0102958679199219 -0.00339508056640625 -0.0389900207519531
0.0104475021362305 -0.0149898529052734 0.0030975341796875 -0.0471878051757813
0.0252532958984375 -0.000982284545898438 0.0153579711914062 -0.0554084777832031
0.0296211242675781 0.0196456909179688 0.018341064453125 -0.0799942016601563
0.0206108093261719 0.0362739562988281 0.0293121337890625 -0.0960235595703125
0.00754928588867187 0.0574302673339844 0.0603599548339844 -0.0620269775390625
0.0203094482421875 0.0207252502441406 0.0070953369140625 -0.0219573974609375
0.0192089080810547 0.00761795043945312 0.0224399566650391 0.0267467498779297
0.0134830474853516 -0.00326824188232422 0.0560035705566406 0.00528717041015625
0.010014533996582 -0.00748348236083984 0.0536003112792969 -0.0329780578613281
0.00135707855224609 -0.0110349655151367 0.0255203247070313 -0.0632057189941406
-0.00648975372314453 -0.0168037414550781 -0.00618362426757813 -0.0660514831542969
-0.00268745422363281 -0.0184116363525391 -0.0116462707519531 -0.0486793518066406
-0.0057220458984375 -0.0205154418945313 -0.0131111145019531 -0.0423393249511719
0.00247573852539063 -0.0227622985839844 -0.0098876953125 -0.0377197265625
0.0192775726318359 -0.021759033203125 -0.00770759582519531 -0.034088134765625
0.0370101928710938 -0.00771713256835938 -0.00019454956054687 -0.0447235107421875
0.0388336181640625 0.0287628173828125 0.0101547241210938 -0.0508918762207031
0.0285835266113281 0.0534477233886719 0.0142440795898438 -0.0714111328125
0.0019378662109375 0.0708236694335938 0.0262985229492187 -0.0817947387695312
-0.0133895874023438 0.0853271484375 0.0616111755371094 -0.0404129028320312
0.0141181945800781 0.0539131164550781 0.0102243423461914 -0.00794124603271484
0.0365524291992188 0.0393447875976563 0.0222625732421875 0.0374221801757813
0.0416908264160156 0.0062408447265625 0.0581130981445313 0.0150833129882812
0.0349998474121094 -0.0155601501464844 0.0572967529296875 -0.0234947204589844
0.0122318267822266 -0.0333805084228516 0.0279884338378906 -0.0564117431640625
-0.00573348999023438 -0.0406761169433594 -0.00337982177734375 -0.0567588806152344
-0.000617980957031253 -0.0400276184082031 -0.0107040405273438 -0.0367050170898438
-0.00528335571289062 -0.0441780090332031 -0.0129547119140625 -0.0300788879394531
0.00995635986328125 -0.0428886413574219 -0.0148906707763672 -0.0258216857910156
0.0362281799316406 -0.0348320007324219 -0.0148143768310547 -0.0240631103515625
0.0579261779785156 -0.00742721557617188 -0.00783920288085938 -0.0382194519042969
0.0528297424316406 0.0491065979003906 0.00275421142578126 -0.0452690124511719
0.0296859741210938 0.0770187377929687 0.0112648010253906 -0.0573081970214844
-0.0123443603515625 0.094512939453125 0.01678466796875 -0.05718994140625
-0.0341796875 0.0998077392578125 0.0536880493164063 -0.00926971435546874
0.00193023681640624 0.0801239013671875 0.00911331176757813 0.0131464004516602
0.0454483032226562 0.0699272155761719 0.0180015563964844 0.0493278503417969
0.0643424987792969 0.0189399719238281 0.0533294677734375 0.0274581909179688
0.0568923950195312 -0.0183563232421875 0.0549964904785156 -0.0087890625
0.0236244201660156 -0.0488662719726563 0.02838134765625 -0.0418663024902344
-0.00246810913085938 -0.0576553344726562 -9.91821289062525E-05 -0.0398025512695313
0.00157546997070313 -0.0554161071777344 -0.00810050964355469 -0.0190029144287109
-0.00586700439453125 -0.0606803894042969 -0.0112733840942383 -0.0132722854614258
0.012420654296875 -0.0572853088378906 -0.0187969207763672 -0.00911903381347656
0.0458106994628906 -0.0456161499023438 -0.0204753875732422 -0.00976943969726563
0.0701065063476563 -0.0103874206542969 -0.0155830383300781 -0.0285873413085938
0.0621261596679687 0.058380126953125 -0.0036773681640625 -0.0375938415527344
0.0301437377929688 0.0889358520507813 0.010009765625 -0.0396537780761719
-0.0233001708984375 0.105056762695313 0.00576591491699219 -0.0272617340087891
-0.0494613647460938 0.0970611572265625 0.0364189147949219 0.025421142578125
-0.0134735107421875 0.091278076171875 0.00267791748046875 0.0375823974609375
0.0415191650390625 0.0896453857421875 0.0103225708007813 0.0588493347167969
0.0739974975585938 0.0322952270507813 0.0419540405273438 0.0390548706054688
0.0695724487304687 -0.0152854919433594 0.0455474853515625 0.00742721557617187
0.0320396423339844 -0.0560226440429687 0.0244483947753906 -0.0222129821777344
0.000370025634765628 -0.0654983520507812 0.00280189514160156 -0.0175971984863281
0.00335311889648438 -0.0626220703125 -0.00413393974304199 0.00174188613891601
-0.0061187744140625 -0.0684890747070313 -0.00828266143798828 0.00742006301879882
0.0128097534179687 -0.06341552734375 -0.0203762054443359 0.0104007720947266
0.0496063232421875 -0.0499954223632813 -0.0243301391601562 0.00559806823730468
0.0728912353515625 -0.0112380981445312 -0.0219497680664062 -0.0173683166503906
0.061553955078125 0.0617523193359375 -0.00790214538574218 -0.02947998046875
0.0244598388671875 0.0899429321289063 0.0115909576416016 -0.0210399627685547
-0.0322723388671875 0.100982666015625 -0.00637865066528321 0.00414466857910157
-0.054290771484375 0.0774307250976562 0.0164070129394531 0.0578422546386719
-0.0266952514648437 0.0830154418945313 -0.00564193725585938 0.0595474243164063
0.0268020629882813 0.0913619995117187 0.00103759765625001 0.0630722045898438
0.0670661926269531 0.040008544921875 0.026458740234375 0.0468177795410156
0.0689849853515625 -0.00812149047851562 0.0311393737792969 0.0223464965820312
0.0349922180175781 -0.0523757934570313 0.0180644989013672 -0.000288009643554691
0.00376510620117187 -0.0630607604980469 0.00605010986328125 0.00593805313110351
0.00447845458984375 -0.0599899291992188 0.000341415405273439 0.0214023590087891
-0.00476074218749999 -0.0663909912109375 -0.00412368774414062 0.0275249481201172
0.0128631591796875 -0.0607681274414062 -0.0202693939208984 0.0287532806396484
0.0478668212890625 -0.0467720031738281 -0.0269756317138672 0.0194568634033203
0.0672683715820312 -0.00780487060546875 -0.0267562866210937 -0.00698661804199218
0.0519142150878906 0.0605392456054687 -0.0113468170166016 -0.022003173828125
0.0124282836914062 0.08203125 0.0122709274291992 -0.00382328033447265
-0.0390625 0.084716796875 -0.0189285278320313 0.032867431640625
-0.0490608215332031 0.0433387756347656 -0.00418853759765625 0.0820693969726562
-0.0325927734375 0.0574150085449219 -0.0147323608398438 0.0758132934570313
0.00820159912109374 0.0723648071289063 -0.00597763061523437 0.0618476867675781
0.04705810546875 0.036956787109375 0.0113487243652344 0.0488166809082031
0.05364990234375 -0.00174713134765625 0.0159397125244141 0.0311279296875
0.0301055908203125 -0.0398521423339844 0.0111160278320313 0.0189495086669922
0.00495529174804688 -0.0500106811523438 0.00864791870117188 0.0268688201904297
0.00506973266601563 -0.04815673828125 0.0053863525390625 0.0385627746582031
-0.00188064575195312 -0.0545310974121094 -0.000205993652343751 0.0454025268554688
0.0124168395996094 -0.0499114990234375 -0.020538330078125 0.0451622009277344
0.0420570373535156 -0.036834716796875 -0.0310535430908203 0.0308303833007812
0.0557022094726563 -0.0016632080078125 -0.0326328277587891 0.00102806091308594
0.0354957580566406 0.0545158386230469 -0.0143194198608398 -0.0171318054199219
-0.00228500366210937 0.0654144287109375 0.0110292434692383 0.0106792449951172
-0.0432090759277344 0.0564651489257812 -0.0328598022460937 0.0546493530273438
-0.03533935546875 0.00249862670898437 -0.0171890258789063 0.0932998657226563
-0.0316982269287109 0.0220317840576172 -0.0182418823242188 0.0829238891601562
-0.00888061523437499 0.0399246215820312 -0.008880615234375 0.05596923828125
0.0204067230224609 0.0261802673339844 0.00135040283203126 0.0478897094726563
0.0293979644775391 0.00431060791015625 0.005126953125 0.0359115600585937
0.0193309783935547 -0.02093505859375 0.00659370422363281 0.0322132110595703
0.00572586059570312 -0.0290260314941406 0.0111198425292969 0.0415878295898437
0.00532341003417969 -0.0296497344970703 0.0091094970703125 0.0495223999023438
0.00188827514648437 -0.0353851318359375 0.00202178955078125 0.05792236328125
0.0107707977294922 -0.0332279205322266 -0.0217704772949219 0.0560798645019531
0.0318107604980469 -0.0233535766601562 -0.0352897644042969 0.0374031066894531
0.0384788513183594 0.00365447998046875 -0.0388603210449219 0.00565338134765625
0.0163002014160156 0.0428619384765625 -0.0192756652832031 -0.0149574279785156
-0.0165214538574219 0.0420150756835938 0.00582313537597656 0.019378662109375
-0.0407295227050781 0.0213890075683594 -0.0476837158203125 0.0663108825683594
0.0250644683837891 0.0204277038574219 0.0516891479492188 -0.0744400024414063
0.0191917419433594 -0.0131587982177734 -4.76837158203096E-05 -0.0266571044921875
-0.00198554992675781 -0.0193843841552734 0.0206642150878906 0.0206699371337891
-0.0141057968139648 -0.00661563873291015 0.0524787902832031 0.00052642822265625
-0.0129852294921875 0.00431251525878907 0.047637939453125 -0.0363922119140625
-0.00616073608398438 0.0128927230834961 0.0226707458496094 -0.0635910034179687
-0.00467872619628906 0.00932121276855469 -0.00793075561523437 -0.0682716369628906
-0.00402355194091797 0.00635337829589844 -0.0121574401855469 -0.0549354553222656
-0.00585508346557617 0.00581502914428711 -0.0130233764648438 -0.0478782653808594
-0.00788164138793945 -0.000399589538574219 -0.00577545166015625 -0.0429153442382813
-0.00406074523925781 -0.0101499557495117 -0.00376129150390625 -0.0404777526855469
0.0106334686279297 -0.0153007507324219 0.00311279296875 -0.0488014221191406
0.0256900787353516 -0.00143241882324219 0.0157432556152344 -0.0566520690917969
0.0301685333251953 0.0199832916259766 0.0183563232421875 -0.0810775756835938
0.0210723876953125 0.0363960266113281 0.0292892456054688 -0.09881591796875
0.00820922851562499 0.0585289001464844 0.0601768493652344 -0.0640716552734375
0.0206966400146484 0.0212917327880859 0.00581932067871094 -0.0219650268554688
0.0199756622314453 0.007537841796875 0.0233860015869141 0.0279159545898438
0.0136117935180664 -0.00338840484619141 0.0577545166015625 0.00553131103515625
0.00981903076171875 -0.00803089141845703 0.0543327331542969 -0.0335617065429688
0.000807762145996093 -0.0113000869750977 0.0254135131835937 -0.063995361328125
-0.00697422027587891 -0.0165777206420898 -0.00670623779296875 -0.0669288635253906
-0.00323867797851563 -0.0184307098388672 -0.01202392578125 -0.0498428344726562
-0.00622177124023438 -0.0212211608886719 -0.0138740539550781 -0.0433845520019531
0.00244903564453125 -0.0228176116943359 -0.00998687744140625 -0.0381813049316406
0.0191860198974609 -0.0215797424316406 -0.00830841064453125 -0.0354804992675781
0.0376434326171875 -0.00835800170898438 -0.000579833984374996 -0.0459709167480469
0.0396499633789063 0.0290946960449219 0.010040283203125 -0.0521812438964844
0.029083251953125 0.0542564392089844 0.0143508911132813 -0.0725860595703125
0.00287628173828125 0.0724639892578125 0.0258331298828125 -0.0843887329101563
-0.012786865234375 0.08746337890625 0.0614547729492188 -0.0420188903808594
0.0142021179199219 0.0554046630859375 0.00897026062011719 -0.00819015502929687
0.03814697265625 0.0400466918945313 0.023040771484375 0.0390090942382813
0.0426483154296875 0.0054931640625 0.0590362548828125 0.015716552734375
0.0353469848632813 -0.0166740417480469 0.0584869384765625 -0.024139404296875
0.0117034912109375 -0.0334453582763672 0.0282630920410156 -0.0574150085449219
-0.006378173828125 -0.0407600402832031 -0.004180908203125 -0.0573768615722656
-0.001007080078125 -0.0404853820800781 -0.0103950500488281 -0.0371971130371094
-0.00649261474609375 -0.0449256896972656 -0.0135517120361328 -0.0307483673095703
0.00900650024414062 -0.043365478515625 -0.0156421661376953 -0.0261764526367188
0.0365447998046875 -0.0353240966796875 -0.0151348114013672 -0.0248241424560547
0.0592498779296875 -0.00787353515625 -0.00830459594726562 -0.0398788452148438
0.053863525390625 0.0495185852050781 0.00290679931640625 -0.0465660095214844
0.0303115844726563 0.0780868530273438 0.010528564453125 -0.05828857421875
-0.0123672485351563 0.0965423583984375 0.0168037414550781 -0.0588226318359375
-0.0337142944335937 0.102279663085938 0.0539474487304688 -0.00995635986328124
0.00205230712890625 0.0822906494140625 0.00784111022949219 0.0131502151489258
0.0477447509765625 0.0708084106445313 0.01885986328125 0.0509681701660156
0.0655403137207031 0.0186004638671875 0.0541877746582031 0.0282020568847656
0.0578117370605469 -0.0195960998535156 0.0562286376953125 -0.00874710083007813
0.0230522155761719 -0.0494728088378906 0.0288581848144531 -0.04254150390625
-0.003936767578125 -0.0580177307128906 -0.000373840332031248 -0.0407257080078125
0.000938415527343744 -0.0564155578613281 -0.0078125 -0.0186729431152344
-0.00712203979492187 -0.0618400573730469 -0.0120458602905273 -0.0129098892211914
0.0117378234863281 -0.0580673217773438 -0.0191478729248047 -0.00908470153808594
0.0462646484375 -0.0463905334472656 -0.0206241607666016 -0.0106201171875
0.0712432861328125 -0.0112991333007812 -0.0161876678466797 -0.0296745300292969
0.063873291015625 0.0588455200195313 -0.00410079956054687 -0.0388069152832031
0.0309371948242187 0.0896835327148438 0.00975036621093751 -0.0409622192382812
-0.023345947265625 0.107315063476563 0.00531578063964844 -0.0282630920410156
-0.0494384765625 0.09979248046875 0.0366172790527344 0.0257148742675781
-0.0136489868164062 0.0936813354492188 0.00163650512695313 0.03778076171875
0.0437393188476563 0.0913238525390625 0.0110397338867188 0.0610427856445313
0.0759429931640625 0.0321884155273438 0.0424690246582031 0.0399322509765625
0.0707626342773438 -0.0167312622070313 0.0467147827148438 0.00769805908203125
0.0318107604980469 -0.0572662353515625 0.0247001647949219 -0.0221691131591797
-0.00084304809570313 -0.0660057067871094 0.00316619873046875 -0.0176925659179688
0.00249481201171875 -0.0639495849609375 -0.00353813171386719 0.00196480751037597
-0.00703048706054687 -0.0692024230957031 -0.00847244262695313 0.00779008865356445
0.01177978515625 -0.064422607421875 -0.0203723907470703 0.0111351013183594
0.04931640625 -0.0511894226074219 -0.0245685577392578 0.0056324005126953
0.0736312866210938 -0.01214599609375 -0.0224418640136719 -0.0184555053710938
0.0633544921875 0.0622596740722656 -0.00847053527832031 -0.0304431915283203
0.025421142578125 0.0913619995117188 0.0113601684570313 -0.0216732025146484
-0.0323104858398438 0.103759765625 -0.0063929557800293 0.00366783142089844
-0.0553359985351563 0.0792770385742187 0.0166397094726563 0.058807373046875
-0.0271759033203125 0.0850143432617187 -0.00690078735351562 0.0602378845214844
0.0286483764648438 0.0930252075195312 0.00124359130859375 0.0645866394042969
0.068450927734375 0.0396003723144531 0.0269927978515625 0.0480575561523438
0.070465087890625 -0.00981903076171875 0.0321674346923828 0.0227890014648437
0.0341911315917969 -0.0532608032226563 0.0181522369384766 5.72204589843424E-06
0.00196456909179688 -0.0634078979492187 0.00603532791137695 0.0058746337890625
0.00377273559570313 -0.0611076354980469 0.00116157531738281 0.0224800109863281
-0.00615692138671875 -0.067047119140625 -0.00413322448730469 0.0282726287841797
0.0118446350097656 -0.0614662170410156 -0.0206489562988281 0.02978515625
0.0475311279296875 -0.0479469299316406 -0.0274600982666016 0.0196895599365234
0.0683937072753906 -0.00868606567382813 -0.0274677276611328 -0.00741386413574219
0.0533447265625 0.0612411499023438 -0.0118980407714844 -0.0230197906494141
0.0131607055664063 0.083343505859375 0.0125141143798828 -0.00449562072753906
-0.0395050048828125 0.086578369140625 -0.0194797515869141 0.0326042175292969
-0.0494499206542969 0.0448493957519531 -0.00405120849609376 0.083648681640625
-0.0325508117675781 0.0588912963867188 -0.0149307250976563 0.0764541625976563
0.009124755859375 0.0735321044921875 -0.00605010986328124 0.0631904602050781
0.0483474731445313 0.0372505187988281 0.01177978515625 0.0506172180175781
0.0549850463867187 -0.00223159790039063 0.0164299011230469 0.0321846008300781
0.030059814453125 -0.0407524108886719 0.0112590789794922 0.0195503234863281
0.00348281860351563 -0.0506477355957031 0.00894927978515625 0.0276870727539063
0.0046539306640625 -0.0493011474609375 0.00622177124023437 0.0393791198730469
-0.00257492065429687 -0.0555267333984375 0.000358581542968751 0.0461807250976563
0.0117530822753906 -0.0506668090820312 -0.0205307006835937 0.0458908081054688
0.0421028137207031 -0.0379486083984375 -0.0311508178710938 0.0311813354492188
0.0568351745605469 -0.002227783203125 -0.0328807830810547 0.000646591186523439
0.0363082885742188 0.055572509765625 -0.015106201171875 -0.0178260803222656
-0.0024871826171875 0.0667304992675781 0.0115756988525391 0.0104207992553711
-0.043212890625 0.0577163696289063 -0.0337295532226563 0.055328369140625
-0.0358123779296875 0.00304794311523437 -0.0172958374023438 0.095855712890625
-0.031707763671875 0.0224990844726562 -0.0181655883789062 0.0839462280273438
-0.00866317749023438 0.0409317016601563 -0.00926589965820312 0.0571327209472656
0.0210762023925781 0.0260124206542969 0.00180816650390625 0.0489654541015625
0.0297298431396484 0.00373458862304688 0.00551986694335937 0.0371131896972656
0.0193634033203125 -0.0213642120361328 0.00667572021484375 0.0330448150634766
0.00482559204101563 -0.0292091369628906 0.0115127563476563 0.0423927307128906
0.0046234130859375 -0.0303668975830078 0.0100250244140625 0.0507316589355469
0.00109100341796875 -0.0362014770507813 0.00260543823242188 0.0594520568847656
0.010345458984375 -0.0335159301757813 -0.022064208984375 0.0573234558105469
0.0315666198730469 -0.0241107940673828 -0.0360984802246094 0.0380020141601563
0.0392608642578125 0.00333404541015625 -0.0392951965332031 0.00547790527343749
0.0171432495117187 0.0436897277832031 -0.0197010040283203 -0.0156059265136719
-0.0166969299316406 0.0427474975585938 0.00621795654296875 0.0188674926757813
-0.0410957336425781 0.0216827392578125 -0.0481376647949219 0.0675544738769531
0.0264720916748047 0.0209217071533203 0.0519180297851562 -0.0782928466796875
0.0199146270751953 -0.0134449005126953 -0.000974655151367189 -0.0268821716308594
-0.00236892700195313 -0.0195598602294922 0.0222129821777344 0.0218753814697266
-0.0155534744262695 -0.00692176818847657 0.0545539855957031 0.0002899169921875
-0.0135107040405273 0.00468254089355469 0.0495529174804688 -0.0388717651367188
-0.00608348846435547 0.0136890411376953 0.0229682922363281 -0.0661354064941406
-0.00403594970703125 0.0102024078369141 -0.00951385498046874 -0.0711822509765625
-0.00443315505981445 0.00657463073730469 -0.013916015625 -0.0572738647460938
-0.00611352920532226 0.00593185424804688 -0.0146141052246094 -0.0495262145996094
-0.00773525238037109 -0.000447273254394533 -0.00679397583007812 -0.0449867248535156
-0.00448703765869141 -0.00992870330810547 -0.00473403930664062 -0.0422401428222656
0.010371208190918 -0.0164222717285156 0.00225067138671875 -0.0512237548828125
0.0269126892089844 -0.00213241577148438 0.0161056518554688 -0.0586013793945313
0.0313796997070313 0.0200023651123047 0.0182571411132813 -0.0843887329101563
0.022705078125 0.0377731323242188 0.02850341796875 -0.10394287109375
0.00974273681640625 0.0612068176269531 0.0610427856445313 -0.0675582885742188
0.0217227935791016 0.0220928192138672 0.00493621826171875 -0.0221195220947266
0.0209865570068359 0.00741195678710937 0.0245952606201172 0.0293388366699219
0.0141439437866211 -0.00352764129638672 0.0600242614746094 0.00558090209960938
0.00964832305908203 -0.00871372222900391 0.0566520690917969 -0.0352668762207031
0.000969886779785156 -0.0112190246582031 0.0263557434082031 -0.0667343139648438
-0.00718498229980469 -0.0167694091796875 -0.00829696655273437 -0.0693168640136719
-0.00374031066894531 -0.0190505981445313 -0.0137405395507812 -0.0517692565917969
-0.00667190551757813 -0.0215816497802734 -0.015167236328125 -0.0456352233886719
0.00215339660644531 -0.0236396789550781 -0.0111236572265625 -0.0404205322265625
0.0194931030273438 -0.0227432250976563 -0.00901031494140625 -0.0373725891113281
0.0391502380371094 -0.00965499877929688 -0.00160598754882813 -0.0484695434570312
0.0418243408203125 0.0294570922851563 0.01007080078125 -0.05462646484375
0.0308723449707031 0.0554618835449219 0.0133590698242188 -0.0758743286132813
0.00415802001953125 0.0755081176757813 0.0250473022460938 -0.0885238647460938
-0.0118484497070313 0.0919342041015625 0.0627555847167969 -0.0446891784667969
0.0157203674316406 0.0580635070800781 0.00828218460083008 -0.00816774368286132
0.0409355163574219 0.0413246154785156 0.0248031616210938 0.0415687561035156
0.0441436767578125 0.00494766235351563 0.0620231628417969 0.0159263610839844
0.0363235473632812 -0.0181121826171875 0.0612106323242188 -0.0258827209472656
0.0114612579345703 -0.0343666076660156 0.0287132263183594 -0.0594902038574219
-0.0075531005859375 -0.041168212890625 -0.00543212890625 -0.0595283508300781
-0.0022430419921875 -0.042388916015625 -0.011322021484375 -0.0386161804199219
-0.00765609741210938 -0.0463218688964844 -0.0148105621337891 -0.0321254730224609
0.00878143310546876 -0.0447425842285156 -0.0164871215820312 -0.0272922515869141
0.0371170043945313 -0.03729248046875 -0.0162620544433594 -0.0259475708007813
0.0611724853515625 -0.00939178466796875 -0.00946044921875 -0.0421714782714844
0.0575485229492188 0.0507965087890625 0.00214385986328125 -0.0483169555664062
0.0325469970703125 0.0804290771484375 0.0101242065429688 -0.0612411499023438
-0.0111083984375 0.101707458496094 0.0164642333984375 -0.0625495910644531
-0.0334396362304687 0.107810974121094 0.0551643371582031 -0.0113906860351562
0.00297546386718751 0.0860748291015625 0.00701808929443359 0.0135555267333984
0.051513671875 0.0732574462890625 0.0207633972167969 0.0540008544921875
0.0687065124511719 0.0179862976074219 0.057098388671875 0.0292320251464844
0.0597190856933594 -0.0223808288574219 0.0591278076171875 -0.00994110107421875
0.0224723815917969 -0.051727294921875 0.0289878845214844 -0.0442733764648438
-0.00555801391601563 -0.0595436096191406 -0.00104904174804688 -0.041748046875
-0.000633239746093754 -0.0586814880371094 -0.00782585144042969 -0.0193157196044922
-0.00910186767578126 -0.0636787414550781 -0.0130901336669922 -0.0132217407226563
0.0110893249511719 -0.0596733093261719 -0.0202693939208984 -0.00892639160156251
0.0463523864746094 -0.0487594604492188 -0.0217456817626953 -0.0109691619873047
0.0737228393554688 -0.0131149291992187 -0.0177345275878906 -0.0314826965332031
0.0678787231445313 0.0602340698242188 -0.00503921508789062 -0.0404014587402344
0.033538818359375 0.0934295654296875 0.00934600830078125 -0.043243408203125
-0.0220108032226563 0.113548278808594 0.00476455688476562 -0.0305366516113281
-0.0499801635742188 0.105033874511719 0.0383262634277344 0.0261688232421875
-0.013275146484375 0.09814453125 0.000820159912109378 0.0393257141113281
0.047515869140625 0.0948333740234375 0.0127410888671875 0.0643119812011719
0.0791244506835938 0.031982421875 0.0452041625976563 0.0414276123046875
0.0739822387695313 -0.0194778442382813 0.0489730834960938 0.00751495361328125
0.0313949584960938 -0.0591087341308594 0.0250778198242188 -0.0231990814208984
-0.00274276733398438 -0.0681266784667969 0.00286102294921875 -0.0184879302978516
0.00100326538085938 -0.0665664672851563 -0.00298547744750977 0.0023205280303955
-0.00948333740234374 -0.0716094970703125 -0.00860452651977539 0.00866937637329101
0.0108299255371094 -0.0664939880371094 -0.0210380554199219 0.0121688842773437
0.0499038696289063 -0.0545196533203125 -0.0253639221191406 0.00552940368652343
0.0767822265625 -0.0139923095703125 -0.0238018035888672 -0.0195884704589844
0.0675239562988281 0.0636863708496094 -0.00981712341308594 -0.0316181182861328
0.0277633666992188 0.0944595336914063 0.0112075805664063 -0.0232906341552734
-0.03179931640625 0.109130859375 -0.00749444961547852 0.00352191925048829
-0.0556106567382813 0.083892822265625 0.0175857543945313 0.0608673095703125
-0.027557373046875 0.088897705078125 -0.00684356689453126 0.0622940063476563
0.0321502685546875 0.09649658203125 0.00236511230468751 0.0679473876953125
0.0717926025390625 0.0400619506835938 0.0286865234375 0.050018310546875
0.0732879638671875 -0.0119476318359375 0.0338115692138672 0.0236434936523438
0.0343360900878906 -0.0560264587402344 0.0190658569335938 0.000173568725585934
0.000194549560546874 -0.0653114318847656 0.00658416748046875 0.0064101219177246
0.00193023681640625 -0.06396484375 0.00273895263671875 0.0234947204589844
-0.00804901123046875 -0.0693321228027344 -0.00398063659667969 0.0301342010498047
0.0106849670410156 -0.063507080078125 -0.0210304260253906 0.0315055847167969
0.0480194091796875 -0.0515708923339844 -0.0281944274902344 0.0203762054443359
0.0710525512695313 -0.0102462768554688 -0.0289669036865234 -0.00832557678222657
0.0568351745605469 0.0624504089355469 -0.0130958557128906 -0.0240402221679687
0.0149612426757812 0.08642578125 0.012751579284668 -0.00555324554443359
-0.039398193359375 0.09136962890625 -0.0198154449462891 0.0341510772705078
-0.0513496398925781 0.0483551025390625 -0.00321960449218751 0.0870513916015625
-0.0332565307617188 0.0618629455566406 -0.015106201171875 0.0796737670898438
0.0116195678710938 0.0764541625976563 -0.00580596923828124 0.0659713745117188
0.0508651733398438 0.0378456115722656 0.0124855041503906 0.0524101257324219
0.0572395324707031 -0.00371551513671875 0.0177707672119141 0.0339145660400391
0.0301399230957031 -0.0422744750976563 0.0116996765136719 0.0203819274902344
0.00243377685546876 -0.0517654418945312 0.010467529296875 0.0284614562988281
0.00320434570312499 -0.0514183044433594 0.00806045532226562 0.0413131713867188
-0.00443267822265625 -0.0573348999023438 0.00108718872070313 0.0487327575683594
0.0105972290039063 -0.0523338317871094 -0.0205459594726563 0.0485458374023438
0.0425262451171875 -0.0408592224121094 -0.0323448181152344 0.0322074890136719
0.0587196350097656 -0.00384902954101563 -0.0345134735107422 0.000553131103515621
0.0395278930664063 0.0570945739746094 -0.0161037445068359 -0.0185050964355469
-0.00156021118164063 0.0694541931152344 0.011993408203125 0.00947761535644532
-0.044036865234375 0.061187744140625 -0.0336990356445313 0.0579643249511719
-0.03717041015625 0.00342559814453125 -0.0162734985351562 0.100173950195313
-0.0327568054199219 0.0238838195800781 -0.018585205078125 0.08709716796875
-0.00757980346679688 0.0425338745117188 -0.00927734374999999 0.0593109130859375
0.0221595764160156 0.0266609191894531 0.00201416015625 0.0509223937988281
0.0314350128173828 0.00329399108886719 0.00639724731445312 0.0386581420898438
0.0197277069091797 -0.0228805541992188 0.00739288330078125 0.0346279144287109
0.00401878356933594 -0.0304622650146484 0.0132293701171875 0.0436477661132813
0.00381278991699219 -0.031768798828125 0.01190185546875 0.0525932312011719
0.000473022460937502 -0.0377006530761719 0.00405502319335937 0.0624313354492188
0.00992012023925781 -0.0348281860351563 -0.0220413208007813 0.0603485107421875
0.0320987701416016 -0.0261764526367188 -0.0367546081542969 0.0396575927734375
0.0409622192382813 0.00235748291015625 -0.0410270690917969 0.00621032714843751
0.0186424255371094 0.0456123352050781 -0.0207958221435547 -0.0165729522705078
-0.0167922973632813 0.0450210571289063 0.00689315795898437 0.0187129974365234
-0.0422744750976563 0.0233612060546875 -0.0483932495117188 0.0705337524414063
0.0291996002197266 0.0209465026855469 0.0499954223632813 -0.083587646484375
0.0201053619384766 -0.0148220062255859 -0.00321769714355469 -0.0273342132568359
-0.00340843200683594 -0.0205097198486328 0.0244464874267578 0.0218524932861328
-0.0161933898925781 -0.00658130645751953 0.0574989318847656 -0.00212478637695313
-0.0143556594848633 0.00607776641845703 0.0499839782714844 -0.0420875549316406
-0.0053253173828125 0.0150842666625977 0.0217247009277344 -0.0700759887695312
-0.00313282012939453 0.0108404159545898 -0.0132369995117188 -0.0736846923828125
-0.00416231155395508 0.00697612762451172 -0.017822265625 -0.0599021911621094
-0.00594568252563477 0.00664854049682617 -0.0181655883789063 -0.0521812438964844
-0.00740957260131836 0.000154018402099609 -0.00951004028320313 -0.046966552734375
-0.00492286682128906 -0.00990962982177734 -0.0070648193359375 -0.0449676513671875
0.0100536346435547 -0.0178298950195313 0.00014114379882812 -0.0543441772460937
0.0279178619384766 -0.00347900390625 0.0147628784179688 -0.06121826171875
0.0340232849121094 0.0193862915039063 0.015228271484375 -0.0889816284179688
0.0252723693847656 0.0386962890625 0.02484130859375 -0.110443115234375
0.0132598876953125 0.0635528564453125 0.0594100952148438 -0.0731353759765625
0.0237464904785156 0.0226364135742188 0.00325393676757813 -0.0228176116943359
0.0234642028808594 0.00715255737304688 0.0278968811035156 0.0301990509033203
0.014042854309082 -0.00468826293945312 0.0632781982421875 0.00380706787109375
0.00898933410644531 -0.0096282958984375 0.0577659606933594 -0.0389060974121094
6.29425048828124E-05 -0.0113210678100586 0.0249099731445313 -0.070953369140625
-0.00806331634521484 -0.0168771743774414 -0.0119705200195313 -0.07232666015625
-0.00466156005859375 -0.0201168060302734 -0.0168037414550781 -0.0544013977050781
-0.00860023498535156 -0.0224571228027344 -0.0182876586914063 -0.0468292236328125
0.00148391723632813 -0.0246467590332031 -0.0136032104492188 -0.0419349670410156
0.0192089080810547 -0.0241851806640625 -0.0111770629882813 -0.0393104553222656
0.0400161743164063 -0.0122528076171875 -0.00387191772460937 -0.0514984130859375
0.0450592041015625 0.0288734436035156 0.00860595703125 -0.0572242736816406
0.0346527099609375 0.0567703247070312 0.0107955932617188 -0.0799407958984375
0.0076141357421875 0.0795516967773438 0.0220108032226563 -0.0948944091796875
-0.00753021240234374 0.0972442626953125 0.0627326965332031 -0.0497856140136719
0.0189323425292969 0.0605659484863281 0.0067143440246582 -0.00856781005859375
0.0456924438476563 0.0411529541015625 0.0283012390136719 0.0433311462402344
0.0462379455566406 0.00324249267578125 0.0659065246582031 0.0142402648925781
0.0367584228515625 -0.0216178894042969 0.0631294250488281 -0.0290946960449219
0.0102348327636719 -0.0360794067382813 0.0280265808105469 -0.0635910034179688
-0.00966644287109375 -0.0424346923828125 -0.0080108642578125 -0.0618972778320313
-0.00460433959960938 -0.0443458557128906 -0.0134010314941406 -0.0405960083007813
-0.0105819702148437 -0.0478897094726563 -0.0175971984863281 -0.0331630706787109
0.00737762451171875 -0.0465507507324219 -0.018646240234375 -0.0276107788085938
0.0370521545410156 -0.04034423828125 -0.0183639526367187 -0.0273704528808594
0.0640182495117188 -0.0128288269042969 -0.0121650695800781 -0.0442657470703125
0.0626068115234375 0.0500679016113281 0.000209808349609375 -0.0508499145507813
0.03765869140625 0.0825653076171875 0.00788497924804688 -0.0644874572753906
-0.00678253173828125 0.10760498046875 0.0134315490722656 -0.0665969848632813
-0.0293350219726562 0.114974975585937 0.0567092895507813 -0.0143280029296875
0.00675201416015626 0.0907211303710938 0.00614261627197266 0.0140247344970703
0.058197021484375 0.074432373046875 0.0247268676757812 0.05609130859375
0.0725860595703125 0.015472412109375 0.0607223510742188 0.0290718078613281
0.0615310668945313 -0.026519775390625 0.0613288879394531 -0.0125007629394531
0.0209541320800781 -0.0544471740722656 0.0286903381347656 -0.0470123291015625
-0.00876998901367187 -0.0611763000488281 -0.00290298461914062 -0.0433502197265625
-0.00349807739257812 -0.0616569519042969 -0.00852203369140625 -0.0203838348388672
-0.0130691528320312 -0.0659103393554688 -0.0143289566040039 -0.0131416320800781
0.00844192504882813 -0.0621986389160156 -0.0218353271484375 -0.00847053527832031
0.0459785461425781 -0.0532951354980469 -0.0233802795410156 -0.0110073089599609
0.0769271850585938 -0.0175323486328125 -0.0199451446533203 -0.0328998565673828
0.0737686157226563 0.05987548828125 -0.00735092163085937 -0.0422515869140625
0.0387496948242187 0.0958328247070313 0.00740432739257813 -0.0457572937011719
-0.0180511474609375 0.120719909667969 0.00295829772949219 -0.0327854156494141
-0.0469970703125 0.11297607421875 0.0400924682617188 0.0255928039550781
-0.00933074951171876 0.103355407714844 0.001190185546875 0.0408515930175781
0.0550155639648437 0.0968551635742188 0.0164108276367188 0.0671463012695313
0.0845260620117188 0.0299758911132813 0.04888916015625 0.0425643920898437
0.0766830444335938 -0.0245361328125 0.051849365234375 0.00628662109375
0.0300788879394531 -0.0629615783691406 0.0254650115966797 -0.0244121551513672
-0.00655364990234375 -0.069854736328125 0.00237274169921875 -0.0188140869140625
-0.00233078002929688 -0.0698661804199219 -0.00242018699645996 0.00259804725646972
-0.01373291015625 -0.0740737915039063 -0.00868415832519531 0.00966548919677734
0.00797271728515625 -0.0687637329101563 -0.0216255187988281 0.0137481689453125
0.0487403869628906 -0.0593185424804688 -0.0265464782714844 0.0067291259765625
0.0798797607421875 -0.018585205078125 -0.0261688232421875 -0.0206184387207031
0.0735015869140625 0.0637130737304688 -0.0114345550537109 -0.0327816009521484
0.0331344604492188 0.0972824096679687 0.0105609893798828 -0.0255413055419922
-0.028564453125 0.11639404296875 -0.008056640625 0.00352716445922852
-0.0543670654296875 0.090789794921875 0.0207023620605469 0.062744140625
-0.0251083374023438 0.094482421875 -0.00610733032226563 0.0654106140136719
0.038665771484375 0.0997314453125 0.00574493408203125 0.0714035034179688
0.0770034790039063 0.0385818481445313 0.0318107604980469 0.0516738891601562
0.0759429931640625 -0.01629638671875 0.0369033813476563 0.0238380432128906
0.0334587097167969 -0.0599365234375 0.0198593139648438 -7.82012939453162E-05
-0.00324249267578126 -0.0675811767578125 0.00759696960449219 0.00661039352416992
-0.00129318237304687 -0.0671348571777344 0.00441741943359375 0.0243587493896484
-0.0121383666992188 -0.0721359252929688 -0.00238990783691406 0.0320835113525391
0.00785064697265625 -0.0661544799804688 -0.0206775665283203 0.0341663360595703
0.0471420288085938 -0.0559349060058594 -0.0285243988037109 0.0220127105712891
0.0738525390625 -0.0147323608398438 -0.0310630798339844 -0.00791740417480469
0.0629348754882813 0.0629844665527344 -0.0153083801269531 -0.0246601104736328
0.0193939208984375 0.089447021484375 0.0130863189697266 -0.00681781768798828
-0.0371322631835938 0.0979080200195313 -0.0197639465332031 0.0361366271972656
-0.0506591796875 0.0524559020996094 0.000427246093749998 0.0914077758789063
-0.0326919555664063 0.066253662109375 -0.0129547119140625 0.0834579467773438
0.0158233642578125 0.0800552368164062 -0.00305557250976563 0.0689926147460938
0.0548934936523437 0.0369682312011719 0.0152778625488281 0.0543632507324219
0.0598335266113281 -0.00684356689453125 0.0201644897460938 0.0351982116699219
0.0293731689453125 -0.0456085205078125 0.0128002166748047 0.0216464996337891
-1.14440917968763E-05 -0.053558349609375 0.0122489929199219 0.0297164916992187
0.000698089599609376 -0.054168701171875 0.0110054016113281 0.0426445007324219
-0.00753402709960937 -0.0593147277832031 0.00350570678710938 0.0515327453613281
0.00852966308593751 -0.0547981262207031 -0.0194282531738281 0.0518646240234375
0.041656494140625 -0.0446205139160156 -0.0316848754882813 0.0347232818603516
0.0616188049316406 -0.00646209716796875 -0.0364494323730469 0.0015106201171875
0.0439796447753906 0.0582847595214844 -0.0183372497558594 -0.0189113616943359
0.000892639160156248 0.0724716186523438 0.0131101608276367 0.00872898101806641
-0.0431098937988281 0.0659065246582031 -0.0326576232910156 0.0618667602539063
-0.0385856628417969 0.00550079345703125 -0.0124282836914063 0.105690002441406
-0.0333232879638672 0.0265312194824219 -0.0158538818359375 0.091461181640625
-0.00600051879882812 0.0451622009277344 -0.00717544555664063 0.0621871948242187
0.0239543914794922 0.0264167785644531 0.00417327880859376 0.05389404296875
0.0331020355224609 0.00160980224609375 0.00839233398437501 0.0407752990722656
0.0195102691650391 -0.0245380401611328 0.00936126708984375 0.0363273620605469
0.00253105163574218 -0.0315036773681641 0.0159568786621094 0.0451507568359375
0.00224494934082032 -0.0334815979003906 0.0155181884765625 0.0549240112304688
-0.00187301635742187 -0.0395698547363281 0.00733566284179688 0.065460205078125
0.008270263671875 -0.0368919372558594 -0.0204200744628906 0.0640640258789062
0.0322914123535156 -0.0293445587158203 -0.0367431640625 0.0428009033203125
0.043060302734375 0.000858306884765625 -0.0426216125488281 0.00802993774414062
0.0218696594238281 0.0469856262207031 -0.022705078125 -0.016571044921875
-0.0162811279296875 0.0473976135253906 0.00822257995605469 0.0183696746826172
-0.0433197021484375 0.0259246826171875 -0.0478134155273438 0.0754547119140625
0.0313129425048828 0.0196628570556641 0.0455169677734375 -0.0891647338867187
0.0197734832763672 -0.0161895751953125 -0.005523681640625 -0.0268821716308594
-0.00468635559082031 -0.0204925537109375 0.0267906188964844 0.0212764739990234
-0.0173559188842773 -0.00536346435546875 0.0589408874511719 -0.00552749633789062
-0.0151557922363281 0.00786399841308594 0.0487747192382813 -0.0459938049316406
-0.00433921813964844 0.0161037445068359 0.0180435180664063 -0.0734786987304688
-0.00185871124267578 0.0109853744506836 -0.018768310546875 -0.0747833251953125
-0.00352334976196289 0.00758886337280274 -0.022735595703125 -0.0604095458984375
-0.00543498992919922 0.00728559494018555 -0.0227890014648438 -0.0528678894042969
-0.00719404220581055 0.000435829162597655 -0.0132255554199219 -0.0483474731445313
-0.00549602508544922 -0.00982856750488281 -0.0103225708007812 -0.0460128784179688
0.00918960571289063 -0.019317626953125 -0.00366592407226563 -0.0561180114746094
0.0285720825195313 -0.00535011291503906 0.0120697021484375 -0.0644874572753906
0.0361137390136719 0.0183601379394531 0.010223388671875 -0.0922012329101563
0.0288619995117188 0.0382804870605469 0.0184249877929688 -0.116043090820312
0.0185089111328125 0.06494140625 0.0558700561523438 -0.078948974609375
0.0259265899658203 0.0220909118652344 0.000871658325195312 -0.0228729248046875
0.0250835418701172 0.00543403625488281 0.0311813354492188 0.0293235778808594
0.0142841339111328 -0.00605201721191406 0.0651168823242188 3.81469726562496E-05
0.00832843780517578 -0.0104360580444336 0.0569915771484375 -0.0439910888671875
-0.000767707824707031 -0.0110435485839844 0.0212249755859375 -0.0740737915039062
-0.00954246520996094 -0.0161705017089844 -0.017364501953125 -0.0730514526367188
-0.0065155029296875 -0.0200939178466797 -0.0211029052734375 -0.0549049377441406
-0.0101146697998047 -0.0219783782958984 -0.0231475830078125 -0.0475540161132813
0.00037956237792969 -0.0250301361083984 -0.0171852111816406 -0.0421905517578125
0.0183925628662109 -0.0262184143066406 -0.0146942138671875 -0.0400047302246094
0.0407676696777344 -0.0150680541992188 -0.00794982910156249 -0.0533981323242187
0.0486221313476563 0.0269699096679688 0.0052337646484375 -0.0593147277832031
0.0388946533203125 0.0563201904296875 0.0058135986328125 -0.0828933715820313
0.0136184692382812 0.0818862915039063 0.0155715942382813 -0.0996170043945312
-0.0012054443359375 0.100921630859375 0.0603370666503906 -0.0551643371582031
0.023681640625 0.0614700317382813 0.00533914566040039 -0.0085453987121582
0.0508346557617188 0.0395088195800781 0.0327796936035156 0.0424728393554687
0.0479965209960938 -0.000217437744140625 0.0685958862304688 0.0112533569335938
0.0359420776367188 -0.0248260498046875 0.0630912780761719 -0.0338859558105469
0.00780868530273438 -0.0372390747070313 0.0246315002441406 -0.0664863586425781
-0.01312255859375 -0.0419731140136719 -0.0126266479492187 -0.0633163452148437
-0.00775527954101562 -0.0454864501953125 -0.0166816711425781 -0.0405616760253906
-0.0147132873535156 -0.0480232238769531 -0.0207767486572266 -0.0330944061279297
0.00449752807617187 -0.0478439331054688 -0.0211811065673828 -0.0273933410644531
0.0350303649902344 -0.0438270568847656 -0.020843505859375 -0.0275363922119141
0.0648460388183594 -0.0180931091308594 -0.01568603515625 -0.0458412170410156
0.0680198669433594 0.04766845703125 -0.00270080566406249 -0.052093505859375
0.0440139770507813 0.0828323364257812 0.0036163330078125 -0.067169189453125
0.000312805175781258 0.11236572265625 0.00886535644531251 -0.0700225830078125
-0.0222320556640625 0.120941162109375 0.056427001953125 -0.0186347961425781
0.0129928588867188 0.0934371948242187 0.0061187744140625 0.0144309997558594
0.0663528442382813 0.0726089477539063 0.0296821594238281 0.0561790466308594
0.075592041015625 0.0106048583984375 0.0645675659179688 0.0263595581054688
0.0610504150390625 -0.0322303771972656 0.0625 -0.0168380737304688
0.0178604125976563 -0.0569267272949219 0.0266380310058594 -0.0495185852050781
-0.0137100219726563 -0.0616264343261719 -0.00601959228515625 -0.0441093444824219
-0.00799179077148438 -0.063385009765625 -0.00994682312011719 -0.0206947326660156
-0.0185165405273438 -0.06646728515625 -0.0158824920654297 -0.0124645233154297
0.00447845458984376 -0.0641021728515625 -0.0230312347412109 -0.00730133056640626
0.043060302734375 -0.0583343505859375 -0.0251369476318359 -0.0102710723876953
0.077972412109375 -0.0236129760742188 -0.0235939025878906 -0.0335578918457031
0.0804290771484375 0.0568161010742187 -0.0101280212402344 -0.0430030822753906
0.046142578125 0.0962600708007813 0.00481414794921876 -0.047821044921875
-0.010589599609375 0.126296997070313 0.00027656555175781 -0.0339775085449219
-0.0405807495117188 0.119964599609375 0.0423164367675781 0.02362060546875
-0.00333404541015626 0.107803344726562 0.00254440307617188 0.042144775390625
0.0643692016601563 0.0962677001953125 0.0218353271484375 0.06793212890625
0.0889816284179688 0.0245513916015625 0.0532875061035156 0.0411491394042969
0.0765457153320313 -0.0312576293945313 0.0541534423828125 0.00365829467773437
0.0264244079589844 -0.0667762756347656 0.0243434906005859 -0.0264129638671875
-0.0116348266601562 -0.07061767578125 0.00118255615234375 -0.0196762084960938
-0.0079498291015625 -0.0713424682617188 -0.0014495849609375 0.002488374710083
-0.0201950073242188 -0.0750503540039063 -0.00839424133300782 0.011052131652832
0.0033721923828125 -0.0710525512695313 -0.0216560363769531 0.0156803131103516
0.045501708984375 -0.064361572265625 -0.02685546875 0.00829887390136719
0.0808334350585938 -0.02484130859375 -0.0287399291992188 -0.0193843841552734
0.0805587768554688 0.0605850219726563 -0.0142116546630859 -0.0333309173583984
0.040435791015625 0.0984649658203125 0.00919914245605469 -0.0274658203125
-0.0207672119140625 0.123199462890625 -0.00851535797119141 0.00418663024902344
-0.0494842529296875 0.0973892211914063 0.0245437622070313 0.0632057189941406
-0.0199813842773438 0.0992965698242188 -0.00315475463867188 0.0675239562988281
0.0471343994140625 0.100105285644531 0.0106353759765625 0.072601318359375
0.081787109375 0.0343246459960938 0.0357322692871094 0.052032470703125
0.0766983032226563 -0.0229568481445313 0.0398368835449219 0.0221443176269531
0.0299339294433594 -0.0635910034179687 0.0203037261962891 -0.000635147094726566
-0.00847244262695313 -0.0680007934570313 0.00840234756469727 0.00640392303466797
-0.00635528564453125 -0.06878662109375 0.00710868835449219 0.0246963500976562
-0.0182418823242188 -0.07275390625 -0.000152587890625003 0.0336341857910156
0.00353622436523437 -0.0681190490722656 -0.0188789367675781 0.0367393493652344
0.043487548828125 -0.0605888366699219 -0.0279331207275391 0.0237903594970703
0.0751113891601563 -0.0201950073242188 -0.0325603485107422 -0.00669288635253906
0.0694694519042969 0.0609130859375 -0.017303466796875 -0.0245513916015625
0.0253524780273437 0.09088134765625 0.0130319595336914 -0.00833129882812499
-0.0316238403320312 0.103591918945313 -0.0177688598632813 0.0386314392089844
-0.0484504699707031 0.057525634765625 0.00580596923828124 0.0939102172851563
-0.0293960571289063 0.0706634521484375 -0.00965881347656251 0.08642578125
0.0227737426757812 0.0809707641601563 0.00119018554687501 0.0711669921875
0.0585060119628906 0.0344467163085938 0.0189895629882812 0.0555686950683594
0.0611686706542969 -0.0119705200195313 0.0234947204589844 0.0348129272460938
0.0269660949707031 -0.0485420227050781 0.0142841339111328 0.0219707489013672
-0.00470352172851562 -0.0544090270996094 0.0146389007568359 0.0299625396728516
-0.00363540649414062 -0.0558052062988281 0.0150909423828125 0.0431480407714844
-0.0123786926269531 -0.0604057312011719 0.00759887695312499 0.0531654357910156
0.0048370361328125 -0.0562629699707031 -0.0167732238769531 0.0546684265136719
0.0393905639648438 -0.0492630004882813 -0.0305252075195312 0.0374336242675781
0.0628623962402344 -0.0114631652832031 -0.0373115539550781 0.00384521484375
0.0499038696289063 0.0575218200683594 -0.0200271606445312 -0.0185127258300781
0.005889892578125 0.0746002197265625 0.0143928527832031 0.00733661651611329
-0.0394668579101563 0.0713119506835938 -0.0296478271484375 0.0656814575195313
-0.0393180847167969 0.0081329345703125 -0.00582885742187501 0.109443664550781
-0.0321063995361328 0.0294742584228516 -0.0108642578125 0.0947036743164062
-0.00270843505859375 0.046722412109375 -0.00418090820312499 0.0638809204101563
0.0262947082519531 0.0255222320556641 0.00753021240234375 0.0552177429199219
0.0339183807373047 -0.000925064086914063 0.0117683410644531 0.0416450500488281
0.0182113647460938 -0.0267448425292969 0.0120506286621094 0.0369186401367188
-0.000316619873046878 -0.0320358276367188 0.0202293395996094 0.045806884765625
-0.000442504882812501 -0.0344066619873047 0.0203475952148437 0.0552215576171875
-0.0048675537109375 -0.0403213500976563 0.0127410888671875 0.0674896240234375
0.00591278076171875 -0.0385398864746094 -0.0167770385742188 0.0676612854003906
0.0305881500244141 -0.0322628021240234 -0.0351791381835938 0.0459403991699219
0.0444068908691406 -0.00226593017578125 -0.0433158874511719 0.0104713439941406
0.0261764526367188 0.0473899841308594 -0.0247974395751953 -0.0156822204589844
-0.0135383605957031 0.0501365661621094 0.00996780395507812 0.0175237655639648
-0.0428085327148438 0.0295372009277344 -0.0438461303710937 0.0806732177734375
0.032470703125 0.0172824859619141 0.0380477905273438 -0.091217041015625
0.0187950134277344 -0.0170612335205078 -0.00753593444824219 -0.025604248046875
-0.00578689575195313 -0.0201263427734375 0.0280895233154297 0.0199241638183594
-0.0179824829101563 -0.00385665893554687 0.0583457946777344 -0.00890350341796875
-0.0147666931152344 0.00893020629882813 0.046112060546875 -0.0484466552734375
-0.00287055969238281 0.0169029235839844 0.013671875 -0.0748443603515625
-0.000430107116699218 0.0112390518188477 -0.0241775512695313 -0.0729904174804688
-0.00266456604003906 0.00748586654663086 -0.0276222229003906 -0.0588226318359375
-0.00472640991210937 0.00776910781860351 -0.0274581909179688 -0.0511054992675781
-0.00716972351074219 0.00111722946166992 -0.0167160034179688 -0.04766845703125
-0.0057973861694336 -0.0089263916015625 -0.0139198303222656 -0.0459938049316406
0.00740623474121093 -0.0199966430664063 -0.007415771484375 -0.0563545227050781
0.0278511047363281 -0.00762367248535156 0.00873184204101562 -0.0647354125976563
0.0374641418457031 0.0160293579101563 0.003936767578125 -0.0923995971679688
0.0314254760742188 0.0367889404296875 0.00960540771484376 -0.116714477539063
0.0232925415039062 0.0632476806640625 0.0493392944335938 -0.0818862915039063
0.02789306640625 0.0207901000976563 -0.0013580322265625 -0.0221118927001953
0.0256919860839844 0.00369071960449219 0.0332527160644531 0.0274085998535156
0.0133571624755859 -0.00670909881591797 0.0649032592773438 -0.00376129150390625
0.00708293914794922 -0.0105104446411133 0.0542564392089844 -0.0472068786621094
-0.00115299224853516 -0.0106601715087891 0.0168380737304688 -0.07489013671875
-0.0100831985473633 -0.0152006149291992 -0.0222549438476563 -0.071807861328125
-0.00779914855957031 -0.0196266174316406 -0.0250816345214844 -0.0533866882324219
-0.0115203857421875 -0.0210132598876953 -0.0270271301269531 -0.0459403991699219
-0.00106430053710937 -0.0247688293457031 -0.020599365234375 -0.0412788391113281
0.0167293548583984 -0.0268955230712891 -0.0173568725585938 -0.0395240783691406
0.0394172668457031 -0.0183563232421875 -0.0118598937988281 -0.0530319213867187
0.0500831604003906 0.0238838195800781 0.00211715698242188 -0.0594863891601562
0.0427207946777344 0.0534095764160156 -5.34057617187543E-05 -0.0832061767578125
0.0193862915039062 0.0813980102539063 0.00801086425781249 -0.1002197265625
0.00656890869140626 0.101104736328125 0.0553512573242187 -0.058746337890625
0.0278816223144531 0.0608062744140625 0.00339078903198242 -0.00804042816162109
0.054168701171875 0.0350265502929688 0.0357170104980469 0.0404014587402344
0.0476799011230469 -0.00387954711914063 0.0692825317382812 0.00722503662109375
0.0333538055419922 -0.0277385711669922 0.0606842041015625 -0.037628173828125
0.00481414794921875 -0.0372161865234375 0.0206413269042969 -0.0674247741699219
-0.0161018371582031 -0.0408401489257813 -0.0169639587402344 -0.0615463256835938
-0.0110359191894531 -0.0447196960449219 -0.0192527770996094 -0.03997802734375
-0.0184173583984375 -0.0464973449707031 -0.0233345031738281 -0.0312900543212891
0.000724792480468749 -0.048065185546875 -0.0235176086425781 -0.0262107849121094
0.0316734313964844 -0.0456428527832031 -0.0226116180419922 -0.0262279510498047
0.0633201599121094 -0.0229835510253906 -0.0194778442382812 -0.0454521179199219
0.0713119506835938 0.0426712036132813 -0.00617980957031249 -0.0519561767578125
0.0492401123046875 0.0798263549804688 -0.00130081176757812 -0.0672454833984375
0.00842285156249999 0.112464904785156 0.0030059814453125 -0.0706634521484375
-0.0131301879882813 0.122482299804688 0.0538749694824219 -0.0223884582519531
0.0192794799804687 0.0931472778320313 0.00598812103271484 0.0145578384399414
0.0719451904296875 0.0673141479492188 0.0336341857910156 0.0540962219238281
0.0763015747070313 0.0052490234375 0.0662269592285156 0.0229454040527344
0.05810546875 -0.0370330810546875 0.0616683959960938 -0.020477294921875
0.0131950378417969 -0.057373046875 0.0236244201660156 -0.0504722595214844
-0.0177078247070313 -0.0594635009765625 -0.00881195068359375 -0.0435523986816406
-0.0130958557128906 -0.0626182556152344 -0.010986328125 -0.0201759338378906
-0.0235939025878906 -0.0643119812011719 -0.0169801712036133 -0.0114517211914063
-0.000686645507812502 -0.0637054443359375 -0.0232048034667969 -0.00541305541992187
0.0384635925292969 -0.0607109069824219 -0.02581787109375 -0.00890159606933594
0.0761566162109375 -0.0295944213867187 -0.0260734558105469 -0.0325164794921875
0.084625244140625 0.0515060424804687 -0.0127182006835937 -0.0417404174804688
0.0526504516601563 0.093048095703125 0.000976562500000001 -0.048095703125
-0.00113677978515626 0.127616882324219 -0.00248146057128906 -0.0341281890869141
-0.0310821533203125 0.122451782226563 0.0426406860351563 0.0207138061523438
0.00373840332031249 0.108390808105469 0.00437164306640625 0.0416069030761719
0.0722579956054688 0.0907135009765625 0.0261344909667969 0.0659255981445313
0.090240478515625 0.0182113647460938 0.0554962158203125 0.0380935668945313
0.0741500854492188 -0.0369644165039063 0.0545997619628906 7.24792480468727E-05
0.0212783813476563 -0.0677642822265625 0.0230560302734375 -0.0271568298339844
-0.0169486999511719 -0.0684280395507813 -0.000278472900390625 -0.0192775726318359
-0.0133438110351563 -0.0708160400390625 -0.000801086425781251 0.00230002403259277
-0.0259780883789062 -0.072509765625 -0.00715351104736328 0.0114755630493164
-0.00170135498046876 -0.0706253051757813 -0.020294189453125 0.0175647735595703
0.0399589538574219 -0.0670928955078125 -0.0264511108398437 0.00908660888671875
0.0785598754882813 -0.0312881469726563 -0.0304126739501953 -0.0186042785644531
0.0853500366210938 0.0548858642578125 -0.0162639617919922 -0.0322113037109375
0.046661376953125 0.0949172973632813 0.00728225708007813 -0.0278549194335937
-0.0119781494140625 0.124382019042969 -0.00835371017456055 0.00431251525878907
-0.0421371459960937 0.100723266601563 0.0282630920410156 0.0609893798828125
-0.013214111328125 0.100746154785156 0.00032806396484375 0.0673065185546875
0.055145263671875 0.0958709716796875 0.0150222778320313 0.0712966918945313
0.0837478637695313 0.0285186767578125 0.0390472412109375 0.0496635437011719
0.0748214721679687 -0.0287399291992187 0.0413932800292969 0.0198135375976563
0.0252227783203125 -0.0648841857910156 0.0200729370117187 -0.00125503540039063
-0.0133705139160156 -0.0664863586425781 0.00920009613037109 0.00595664978027343
-0.0115432739257812 -0.0682220458984375 0.00931358337402344 0.0238285064697266
-0.0236053466796875 -0.0707626342773438 0.00265693664550781 0.0337696075439453
-0.00183486938476563 -0.0675506591796875 -0.0161666870117188 0.0381355285644531
0.0386581420898438 -0.0631141662597656 -0.0263385772705078 0.0255699157714844
0.0736312866210938 -0.026031494140625 -0.0330696105957031 -0.0051250457763672
0.073974609375 0.05615234375 -0.018646240234375 -0.0230903625488281
0.0313568115234375 0.0885848999023438 0.0124902725219727 -0.00993251800537109
-0.0239181518554688 0.106033325195313 -0.0150527954101563 0.0395393371582031
-0.0435371398925781 0.0607566833496094 0.01177978515625 0.0934982299804688
-0.0244522094726563 0.0721359252929688 -0.00433349609374999 0.086212158203125
0.0284042358398437 0.0787429809570313 0.00528717041015625 0.0699501037597656
0.0605125427246094 0.0300445556640625 0.02252197265625 0.0544509887695313
0.0596923828125 -0.0164337158203125 0.0261554718017578 0.033599853515625
0.02313232421875 -0.0503158569335938 0.0161590576171875 0.0214405059814453
-0.00817489624023438 -0.053009033203125 0.0168857574462891 0.0288600921630859
-0.00797271728515626 -0.0550956726074219 0.0188522338867187 0.0416603088378906
-0.0179023742675781 -0.0589790344238281 0.0123519897460938 0.052642822265625
0.000415802001953127 -0.0564689636230469 -0.0127449035644531 0.0562210083007812
0.0348052978515625 -0.051666259765625 -0.0284881591796875 0.0387115478515625
0.0620040893554688 -0.0163497924804688 -0.0369911193847656 0.00601577758789063
0.053924560546875 0.0538711547851562 -0.0211257934570312 -0.0174198150634766
0.010406494140625 0.0741958618164063 0.0147075653076172 0.0057220458984375
-0.0343170166015625 0.0741348266601563 -0.0248603820800781 0.0668487548828125
-0.0381851196289063 0.0105705261230469 0.00136566162109374 0.109489440917969
-0.0303993225097656 0.0310344696044922 -0.00528717041015625 0.0944442749023438
0.000827789306640624 0.0468521118164062 -0.000877380371093748 0.0636329650878906
0.0276699066162109 0.0234165191650391 0.010833740234375 0.0547714233398438
0.0336132049560547 -0.00386428833007813 0.0149917602539063 0.0412559509277344
0.0162334442138672 -0.0279541015625 0.0142745971679687 0.0367240905761719
-0.0023040771484375 -0.0316219329833984 0.0233840942382813 0.0441398620605469
-0.00303077697753906 -0.03466796875 0.0251998901367187 0.053375244140625
-0.00858306884765625 -0.039947509765625 0.0180320739746094 0.0659713745117188
0.00267791748046875 -0.0383872985839844 -0.0117607116699219 0.0690422058105469
0.027801513671875 -0.0345077514648438 -0.0321083068847656 0.0477790832519531
0.0439643859863281 -0.0059051513671875 -0.0426368713378906 0.0129280090332031
0.0298004150390625 0.0451698303222656 -0.0254783630371094 -0.0141239166259766
-0.0105133056640625 0.0512847900390625 0.0115194320678711 0.0158605575561523
-0.040283203125 0.0321578979492188 -0.0375823974609375 0.0829238891601562
0.033050537109375 0.0150718688964844 0.0329971313476563 -0.0901641845703125
0.0177116394042969 -0.0173206329345703 -0.00865554809570312 -0.0239295959472656
-0.00620841979980469 -0.0196189880371094 0.0287609100341797 0.0184574127197266
-0.0179843902587891 -0.00290298461914063 0.0571556091308594 -0.0107803344726563
-0.0138225555419922 0.0105314254760742 0.043304443359375 -0.0491523742675781
-0.0015411376953125 0.0167112350463867 0.01055908203125 -0.0738067626953125
0.000121116638183594 0.0104904174804688 -0.0267524719238281 -0.0702171325683594
-0.00219535827636719 0.00722265243530274 -0.0302505493164063 -0.0561485290527344
-0.00422143936157227 0.00762557983398437 -0.0297012329101563 -0.0486602783203125
-0.00652599334716797 0.00148725509643555 -0.0188331604003906 -0.0461692810058594
-0.00596141815185547 -0.00869989395141602 -0.0157127380371094 -0.0445213317871094
0.00611495971679688 -0.0197963714599609 -0.0101280212402344 -0.0550765991210937
0.0266265869140625 -0.00832748413085938 0.00633621215820312 -0.0635490417480469
0.0372200012207031 0.0141525268554687 -0.000335693359375 -0.0899200439453125
0.0322208404541016 0.0345287322998047 0.00377655029296876 -0.114028930664062
0.0257720947265625 0.061309814453125 0.043731689453125 -0.0819549560546875
0.0282783508300781 0.0197086334228516 -0.00291633605957031 -0.0205669403076172
0.0256786346435547 0.00213623046875 0.0345344543457031 0.0252170562744141
0.012420654296875 -0.00734329223632813 0.0636177062988281 -0.00606918334960938
0.00637054443359375 -0.0104942321777344 0.0511856079101563 -0.0474929809570313
-0.00157356262207031 -0.00960731506347656 0.013763427734375 -0.0745697021484375
-0.00997161865234375 -0.0143260955810547 -0.0252761840820313 -0.0689697265625
-0.00844192504882812 -0.0193958282470703 -0.0275611877441406 -0.05157470703125
-0.012298583984375 -0.0197200775146484 -0.0294227600097656 -0.0434455871582031
-0.00228691101074219 -0.0237388610839844 -0.0221786499023438 -0.0400886535644531
0.0148983001708984 -0.0267562866210938 -0.018890380859375 -0.0380935668945313
0.0376167297363281 -0.0198440551757813 -0.0142059326171875 -0.0517196655273438
0.0502357482910156 0.0208702087402344 -0.000217437744140617 -0.0580787658691406
0.0438575744628906 0.050506591796875 -0.00400543212890625 -0.0806961059570313
0.0226898193359375 0.079254150390625 0.002838134765625 -0.0985946655273437
0.0117263793945313 0.09869384765625 0.0502052307128906 -0.0597953796386719
0.0303153991699219 0.0584030151367188 0.00177812576293946 -0.00746345520019531
0.0550308227539063 0.0312042236328125 0.0371170043945313 0.0371932983398438
0.04644775390625 -0.006011962890625 0.0683097839355469 0.00489044189453125
0.0308475494384766 -0.0287284851074219 0.05816650390625 -0.0386314392089844
0.00311279296875 -0.0360755920410156 0.0172996520996094 -0.0667762756347656
-0.0172920227050781 -0.0386238098144531 -0.019378662109375 -0.0596427917480469
-0.0135307312011719 -0.0435333251953125 -0.0211524963378906 -0.0385971069335938
-0.0202369689941406 -0.0442924499511719 -0.0251712799072266 -0.0296497344970703
-0.00141525268554688 -0.0463027954101563 -0.0244121551513672 -0.0248489379882813
0.0286941528320313 -0.0460472106933594 -0.0236072540283203 -0.0252685546875
0.0608444213867188 -0.0259552001953125 -0.0216789245605469 -0.043670654296875
0.0724716186523438 0.038970947265625 -0.00790405273437499 -0.050811767578125
0.0514755249023438 0.0761642456054688 -0.00441741943359375 -0.0657081604003906
0.0138473510742188 0.110572814941406 -0.000339508056640631 -0.0691871643066406
-0.00678253173828124 0.120498657226563 0.0505180358886719 -0.0237312316894531
0.0234451293945312 0.0905685424804687 0.00479888916015625 0.0142707824707031
0.0744247436523438 0.0621871948242188 0.0353431701660156 0.0510406494140625
0.0749282836914063 0.001373291015625 0.0656051635742188 0.0202484130859375
0.0542373657226563 -0.0391883850097656 0.0594100952148438 -0.0218696594238281
0.0102424621582031 -0.0561180114746094 0.0208854675292969 -0.0499916076660156
-0.0201072692871094 -0.056640625 -0.0107460021972656 -0.0421104431152344
-0.0161399841308594 -0.0609321594238281 -0.0117378234863281 -0.019622802734375
-0.0265998840332031 -0.0611953735351563 -0.017064094543457 -0.0101175308227539
-0.00346374511718749 -0.0615158081054688 -0.0232925415039063 -0.00450515747070313
0.0343437194824219 -0.0603713989257813 -0.0257453918457031 -0.00821495056152344
0.0726776123046875 -0.0329208374023438 -0.0276508331298828 -0.0312747955322266
0.0860519409179688 0.046417236328125 -0.0137825012207031 -0.0403175354003906
0.0556488037109375 0.0886459350585938 -0.00125885009765624 -0.0472183227539063
0.00521087646484375 0.125823974609375 -0.00437164306640625 -0.0332412719726562
-0.0244979858398437 0.121284484863281 0.0421943664550781 0.0183601379394531
0.00847625732421876 0.106536865234375 0.00415802001953125 0.0409812927246094
0.0755386352539063 0.0849990844726563 0.0281791687011719 0.0630264282226563
0.0890350341796875 0.0133132934570313 0.0554695129394531 0.0362510681152344
0.0703353881835938 -0.0400848388671875 0.0541343688964844 -0.0015106201171875
0.0174140930175781 -0.0663604736328125 0.0213756561279297 -0.0266761779785156
-0.0197639465332031 -0.0658111572265625 -0.000926971435546877 -0.0187644958496094
-0.0164070129394531 -0.0690460205078125 -0.000453829765319825 0.00159120559692382
-0.0292510986328125 -0.0691146850585938 -0.00644302368164063 0.0117044448852539
-0.0055694580078125 -0.0681381225585938 -0.0189437866210938 0.0177383422851562
0.0351409912109375 -0.0669937133789063 -0.0256404876708984 0.00985527038574219
0.0754623413085937 -0.0346527099609375 -0.0309352874755859 -0.0170307159423828
0.0868988037109375 0.0498580932617188 -0.0169963836669922 -0.0303745269775391
0.0499191284179687 0.0909042358398438 0.00558853149414063 -0.0281391143798828
-0.00555419921875001 0.123283386230469 -0.00806522369384766 0.0047893524169922
-0.0362396240234375 0.100418090820313 0.0295486450195313 0.0586738586425781
-0.00830078125 0.09967041015625 0.00163650512695313 0.0655555725097656
0.05859375 0.0909576416015625 0.0171585083007813 0.0685958862304688
0.0828704833984375 0.0238876342773438 0.0397148132324219 0.0478134155273438
0.0713882446289063 -0.0315933227539063 0.0413932800292969 0.0181198120117187
0.0215034484863281 -0.063934326171875 0.0198745727539063 -0.000989913940429691
-0.0160446166992187 -0.0637779235839844 0.00951480865478515 0.00552940368652343
-0.0150070190429687 -0.0666313171386719 0.0110206604003906 0.0221118927001953
-0.0275115966796875 -0.0678520202636719 0.0044097900390625 0.0329799652099609
-0.0052337646484375 -0.0653152465820312 -0.0138435363769531 0.0381660461425781
0.0342979431152344 -0.0632438659667969 -0.0248317718505859 0.0251045227050781
0.070404052734375 -0.0295257568359375 -0.0329036712646484 -0.00407981872558594
0.0756759643554688 0.0517044067382812 -0.0189170837402344 -0.0219001770019531
0.034637451171875 0.085662841796875 0.0117387771606445 -0.0107221603393555
-0.0180740356445313 0.105575561523438 -0.0130348205566406 0.0391464233398438
-0.0396385192871094 0.06109619140625 0.0155029296875 0.0908737182617187
-0.02099609375 0.071563720703125 -0.00173950195312499 0.0843048095703125
0.0320587158203125 0.0756301879882813 0.00717163085937499 0.0677833557128906
0.0602264404296875 0.0265617370605469 0.0237045288085938 0.0533218383789063
0.0575065612792969 -0.0192413330078125 0.0269641876220703 0.0323276519775391
0.02008056640625 -0.0497817993164062 0.0169239044189453 0.0210723876953125
-0.0106697082519531 -0.0511093139648438 0.0185585021972656 0.0275382995605469
-0.0107765197753906 -0.0537452697753906 0.0208282470703125 0.03973388671875
-0.0209617614746094 -0.0566291809082031 0.014984130859375 0.0505561828613281
-0.00267791748046875 -0.0550575256347656 -0.00948333740234375 0.0555076599121094
0.0311965942382813 -0.0521430969238281 -0.0257759094238281 0.0385246276855469
0.0597572326660156 -0.019439697265625 -0.0361824035644531 0.00656890869140625
0.0557823181152344 0.0502967834472656 -0.0214309692382813 -0.0157508850097656
0.0135650634765625 0.07220458984375 0.0151567459106445 0.00413990020751954
-0.0298690795898437 0.074676513671875 -0.0209083557128906 0.0660514831542969
-0.036468505859375 0.0117454528808594 0.0057373046875 0.107139587402344
-0.0280914306640625 0.0316486358642578 -0.00180816650390626 0.0922164916992188
0.00323867797851563 0.0457878112792969 0.000442504882812499 0.062164306640625
0.0281867980957031 0.0215682983398438 0.0120582580566406 0.0536346435546875
0.0329093933105469 -0.00545883178710938 0.016571044921875 0.0400428771972656
0.0147209167480469 -0.0278587341308594 0.0153999328613281 0.0360336303710938
-0.00378227233886719 -0.0306606292724609 0.0255203247070313 0.0423507690429688
-0.00494766235351562 -0.0337448120117188 0.0276718139648437 0.05084228515625
-0.0107765197753906 -0.0384292602539063 0.0218276977539063 0.06378173828125
0.000934600830078128 -0.0374603271484375 -0.00802993774414063 0.0678672790527344
0.0247287750244141 -0.0348777770996094 -0.0293045043945312 0.047607421875
0.0428276062011719 -0.00811386108398438 -0.0409698486328125 0.0142745971679687
0.0318832397460938 0.0429496765136719 -0.0255889892578125 -0.0126991271972656
-0.00809478759765625 0.0508270263671875 0.0120840072631836 0.0144548416137695
-0.0379829406738281 0.0337371826171875 -0.0327835083007813 0.082183837890625
0.0325107574462891 0.0143966674804688 0.0302047729492188 -0.0884246826171875
0.0173959732055664 -0.0172433853149414 -0.00893592834472656 -0.0226230621337891
-0.00623321533203125 -0.0192852020263672 0.0281887054443359 0.0175628662109375
-0.0178775787353516 -0.00222396850585938 0.0556869506835938 -0.0113182067871094
-0.0134344100952148 0.0108299255371094 0.0417633056640625 -0.0483207702636719
-0.000530242919921876 0.0162315368652344 0.00965118408203124 -0.0732040405273438
0.000532150268554688 0.0101356506347656 -0.0280303955078125 -0.0684318542480469
-0.00168085098266602 0.00697946548461914 -0.0313911437988281 -0.0546302795410156
-0.00377511978149414 0.00708866119384766 -0.0310134887695313 -0.0471382141113281
-0.00634098052978516 0.00154781341552734 -0.0199851989746094 -0.0451011657714844
-0.00535011291503906 -0.00791025161743164 -0.0163192749023437 -0.0438117980957031
0.00531196594238281 -0.0194911956787109 -0.0107955932617187 -0.0538597106933594
0.0257530212402344 -0.00806999206542969 0.00538253784179687 -0.0626945495605469
0.0371017456054687 0.013458251953125 -0.00185394287109376 -0.087554931640625
0.0328292846679688 0.0334262847900391 0.00109863281250001 -0.112030029296875
0.0264472961425781 0.0592231750488281 0.0409317016601562 -0.08026123046875
0.0285263061523437 0.0191402435302734 -0.00406265258789063 -0.0193691253662109
0.0256309509277344 0.00137710571289063 0.0338459014892578 0.024322509765625
0.0120220184326172 -0.00750541687011719 0.0628204345703125 -0.00623321533203125
0.00529098510742188 -0.00974464416503906 0.0502281188964844 -0.0472183227539063
-0.00121498107910156 -0.00906562805175781 0.0124435424804688 -0.073333740234375
-0.0103588104248047 -0.0139665603637695 -0.02618408203125 -0.0672569274902344
-0.00870513916015625 -0.0187873840332031 -0.0288276672363281 -0.0498924255371094
-0.0124149322509766 -0.0190296173095703 -0.0304031372070313 -0.0420112609863281
-0.00240325927734375 -0.0233345031738281 -0.0231399536132812 -0.0388717651367188
0.0142860412597656 -0.0261039733886719 -0.0193557739257813 -0.0373916625976562
0.0358200073242188 -0.0202217102050781 -0.0153427124023438 -0.0510406494140625
0.049713134765625 0.0198097229003906 -0.000572204589843743 -0.0569267272949219
0.0438880920410156 0.0494499206542969 -0.005157470703125 -0.07867431640625
0.0242462158203125 0.0777206420898438 0.000457763671875 -0.09674072265625
0.013671875 0.09649658203125 0.0475578308105469 -0.0588455200195313
0.0310440063476563 0.0575447082519531 0.00072765350341797 -0.00658798217773437
0.0551490783691406 0.0291252136230469 0.0366477966308594 0.0360374450683594
0.0452308654785156 -0.00659942626953125 0.0670814514160156 0.00438308715820313
0.0296764373779297 -0.0285091400146484 0.0568428039550781 -0.0388641357421875
0.00209999084472656 -0.0344562530517578 0.0164375305175781 -0.0656051635742188
-0.0176582336425781 -0.037078857421875 -0.020416259765625 -0.0578384399414063
-0.0142669677734375 -0.0426025390625 -0.0216636657714844 -0.0377349853515625
-0.0209007263183594 -0.0424842834472656 -0.0256137847900391 -0.0286026000976563
-0.00210189819335937 -0.0449981689453125 -0.0245113372802734 -0.0238380432128906
0.0272369384765625 -0.0456123352050781 -0.0237464904785156 -0.0243873596191406
0.0591163635253906 -0.0266532897949219 -0.0229148864746094 -0.0430679321289063
0.0720748901367188 0.0366744995117188 -0.00812149047851562 -0.04937744140625
0.0517730712890625 0.0737838745117188 -0.00608062744140624 -0.06427001953125
0.0158920288085937 0.108840942382813 -0.00267410278320312 -0.067962646484375
-0.003814697265625 0.118545532226563 0.0481681823730469 -0.0239830017089844
0.0246963500976563 0.0893402099609375 0.00403022766113281 0.0144414901733398
0.0748367309570313 0.0592117309570313 0.0350303649902344 0.0488243103027344
0.073150634765625 -0.00028228759765625 0.0649490356445313 0.0195655822753906
0.0524063110351563 -0.0396461486816406 0.05859375 -0.0226211547851563
0.00899505615234376 -0.0547904968261719 0.0200576782226563 -0.0489959716796875
-0.0211334228515625 -0.0547256469726562 -0.0112342834472656 -0.0407600402832031
-0.0174942016601562 -0.0592498779296875 -0.0117950439453125 -0.0194969177246094
-0.0275993347167969 -0.0585746765136719 -0.017303466796875 -0.00971984863281251
-0.00478363037109376 -0.0601654052734375 -0.0232887268066406 -0.00389289855957031
0.0317726135253906 -0.0597572326660156 -0.0258026123046875 -0.00800895690917969
0.0708236694335938 -0.0340957641601563 -0.0282535552978515 -0.0305633544921875
0.0859298706054688 0.0439300537109375 -0.0138053894042969 -0.0396881103515625
0.0560836791992188 0.0860061645507813 -0.00201034545898437 -0.0466804504394531
0.007720947265625 0.124008178710938 -0.00584220886230469 -0.0326976776123047
-0.0220794677734375 0.119247436523438 0.0402259826660156 0.0175590515136719
0.0107879638671875 0.10504150390625 0.0037078857421875 0.0399169921875
0.076141357421875 0.0819931030273438 0.0276832580566406 0.0605430603027344
0.0875167846679688 0.011474609375 0.0552787780761719 0.0351982116699219
0.0675735473632813 -0.04083251953125 0.0528907775878906 -0.00208282470703125
0.0154342651367188 -0.0652275085449219 0.0207901000976563 -0.0255794525146484
-0.0206489562988281 -0.0634574890136719 -0.00100898742675781 -0.0183067321777344
-0.0183982849121094 -0.0673332214355469 -1.46627426147472E-05 0.00102090835571289
-0.0308837890625 -0.0668373107910156 -0.00587081909179688 0.0118904113769531
-0.00704574584960937 -0.0663185119628906 -0.0184307098388672 0.0177059173583984
0.0326576232910156 -0.0661048889160156 -0.0252246856689453 0.00925636291503906
0.0727386474609375 -0.0359344482421875 -0.0314273834228516 -0.0173606872558594
0.0869293212890625 0.0469818115234375 -0.0166015625 -0.0301456451416016
0.0506057739257813 0.0887451171875 0.00493812561035156 -0.0281982421875
-0.00248718261718749 0.122085571289063 -0.00794124603271484 0.00462484359741212
-0.0329971313476563 0.0985107421875 0.0291252136230469 0.0572280883789063
-0.00682830810546876 0.0980758666992188 0.00164794921874999 0.0643577575683594
0.06005859375 0.0875778198242188 0.0172004699707031 0.0666351318359375
0.0813217163085938 0.0216445922851563 0.0394668579101563 0.0466728210449219
0.069122314453125 -0.0331077575683594 0.0411300659179688 0.0177230834960937
0.0194244384765625 -0.0629920959472656 0.0195884704589844 -0.000566482543945316
-0.01708984375 -0.061798095703125 0.00968551635742188 0.00545406341552734
-0.0163497924804688 -0.0650787353515625 0.0116443634033203 0.0213565826416016
-0.0285797119140625 -0.0648956298828125 0.00593185424804687 0.0316524505615234
-0.00632858276367187 -0.0637931823730469 -0.0126571655273438 0.0375480651855469
0.0315437316894531 -0.0624313354492188 -0.0244121551513672 0.0248394012451172
0.0682334899902344 -0.0304298400878906 -0.0329799652099609 -0.00386619567871094
0.0760574340820313 0.0486984252929687 -0.0186672210693359 -0.02099609375
0.0354080200195313 0.0837249755859375 0.0111856460571289 -0.0114278793334961
-0.0152130126953125 0.104454040527344 -0.0122947692871094 0.0383834838867188
-0.0371246337890625 0.0603866577148438 0.0159225463867187 0.0889663696289063
-0.0193710327148438 0.07061767578125 -0.0012664794921875 0.08258056640625
0.0332260131835938 0.0734329223632813 0.00680923461914063 0.065826416015625
0.0589523315429688 0.0251426696777344 0.023773193359375 0.0522193908691406
0.0554656982421875 -0.0199089050292969 0.0272026062011719 0.0316734313964844
0.018463134765625 -0.0492515563964844 0.0168094635009766 0.0214023590087891
-0.01153564453125 -0.0493354797363281 0.0188674926757813 0.0269851684570312
-0.0120429992675781 -0.0521736145019531 0.0217132568359375 0.0382041931152344
-0.0219192504882812 -0.054718017578125 0.0164260864257813 0.0493812561035156
-0.00407028198242187 -0.0534553527832031 -0.0078887939453125 0.0548439025878906
0.0289955139160156 -0.0516204833984375 -0.0247154235839844 0.0376739501953125
0.0578575134277344 -0.0203819274902344 -0.0357246398925781 0.00655746459960937
0.0565681457519531 0.0482940673828125 -0.0208816528320313 -0.0153713226318359
0.0148239135742187 0.0707015991210937 0.0148839950561523 0.00295734405517579
-0.0274505615234375 0.0740509033203125 -0.0190620422363281 0.0642433166503906
-0.0354537963867188 0.0117034912109375 0.0074615478515625 0.104667663574219
-0.0274925231933594 0.0311298370361328 -0.000907897949218748 0.0905685424804688
0.00420761108398438 0.0444831848144531 0.000587463378906256 0.0608367919921875
0.0274562835693359 0.0210361480712891 0.0127716064453125 0.0527534484863281
0.03173828125 -0.00606155395507813 0.0170249938964844 0.0393028259277344
0.0139122009277344 -0.0278244018554688 0.0161399841308594 0.0357818603515625
-0.00474929809570313 -0.0297832489013672 0.026580810546875 0.0411224365234375
-0.00579071044921875 -0.0328350067138672 0.0289154052734375 0.0485382080078125
-0.0119209289550781 -0.0372962951660156 0.0231361389160156 0.0618057250976562
-4.95910644531211E-05 -0.0370750427246094 -0.0067596435546875 0.0672569274902344
0.0236568450927734 -0.0347824096679688 -0.0285606384277344 0.0467529296875
0.0418434143066406 -0.00914382934570313 -0.0402984619140625 0.0136566162109375
0.0324630737304688 0.0417518615722656 -0.0253257751464844 -0.0123329162597656
-0.00690841674804688 0.0503273010253906 0.0125732421875 0.0128812789916992
-0.0364151000976563 0.033782958984375 -0.0308380126953125 0.0802459716796875
0.0322227478027344 0.0146484375 0.0293807983398437 -0.0877151489257813
0.0179080963134766 -0.0176181793212891 -0.00962638854980468 -0.0223541259765625
-0.00610733032226562 -0.0195713043212891 0.0282459259033203 0.0174198150634766
-0.017852783203125 -0.00255012512207031 0.055816650390625 -0.0106315612792969
-0.0133600234985352 0.0114040374755859 0.0423049926757813 -0.0478172302246094
0.000130653381347656 0.0165042877197266 0.0094757080078125 -0.0730361938476563
0.00069141387939453 0.00999546051025391 -0.0283546447753906 -0.0683403015136719
-0.00214195251464844 0.00699281692504883 -0.0323829650878906 -0.054351806640625
-0.00324487686157227 0.00760221481323242 -0.0325546264648437 -0.0463638305664063
-0.0062870979309082 0.00161314010620117 -0.0209922790527344 -0.0455589294433594
-0.00524663925170898 -0.0079798698425293 -0.0168571472167969 -0.0443916320800781
0.00547027587890625 -0.0192279815673828 -0.0116424560546875 -0.0542106628417969
0.0262451171875 -0.00818824768066406 0.0059051513671875 -0.0626220703125
0.0372428894042969 0.0135116577148437 -0.00151824951171875 -0.0871429443359375
0.0330104827880859 0.0336990356445313 0.000534057617187496 -0.111953735351563
0.0262908935546875 0.0593490600585938 0.0397720336914062 -0.0799484252929688
0.0290470123291016 0.018829345703125 -0.00485801696777344 -0.0189113616943359
0.0262184143066406 0.000797271728515625 0.033447265625 0.0244579315185547
0.0117616653442383 -0.00770854949951172 0.06280517578125 -0.00606536865234375
0.00503158569335938 -0.0100107192993164 0.0505409240722656 -0.0464286804199219
-0.000911712646484374 -0.00890159606933594 0.0127029418945313 -0.0737228393554688
-0.010009765625 -0.0134620666503906 -0.0266990661621094 -0.0674018859863281
-0.00905227661132812 -0.0192127227783203 -0.0294303894042969 -0.0500526428222656
-0.0126628875732422 -0.018707275390625 -0.0310897827148437 -0.041900634765625
-0.00237846374511719 -0.0229320526123047 -0.0235786437988281 -0.0390815734863281
0.0141277313232422 -0.0263996124267578 -0.0198898315429688 -0.0377883911132813
0.0355262756347656 -0.0204010009765625 -0.0156059265136719 -0.0512123107910156
0.0500030517578125 0.0195541381835938 -0.000358581542968742 -0.0566062927246094
0.0442123413085938 0.0492782592773438 -0.00531768798828125 -0.0784988403320313
0.0248184204101562 0.0779190063476563 9.91821289062518E-05 -0.0964508056640625
0.0140533447265625 0.0966720581054687 0.0466423034667969 -0.0580825805664063
0.0315017700195313 0.0579643249511719 -0.000121593475341795 -0.00612449645996093
0.0561256408691406 0.0288467407226563 0.0362167358398438 0.0353813171386719
0.0451164245605469 -0.00719833374023437 0.0674362182617188 0.00494003295898437
0.0287513732910156 -0.0285854339599609 0.0572700500488281 -0.038360595703125
0.00205612182617188 -0.0340595245361328 0.0170364379882812 -0.06573486328125
-0.0175743103027344 -0.0368614196777344 -0.0209884643554688 -0.0579452514648438
-0.0150527954101562 -0.0426979064941406 -0.0224800109863281 -0.0378265380859375
-0.0212669372558594 -0.0421142578125 -0.02630615234375 -0.0284385681152344
-0.00244903564453125 -0.0446891784667969 -0.0250129699707031 -0.0242958068847656
0.0266952514648438 -0.045379638671875 -0.0239944458007813 -0.0252304077148438
0.0584678649902344 -0.0272979736328125 -0.0235023498535156 -0.04364013671875
0.072784423828125 0.0364837646484375 -0.00719833374023437 -0.0496177673339844
0.051971435546875 0.0738143920898438 -0.00634384155273438 -0.0641899108886719
0.0169906616210938 0.109611511230469 -0.00296783447265624 -0.0676612854003906
-0.00379180908203126 0.118186950683594 0.047088623046875 -0.0235176086425781
0.0251998901367187 0.08966064453125 0.00267314910888672 0.0150184631347656
0.0756988525390625 0.0580673217773437 0.0343284606933594 0.0488700866699219
0.0733413696289063 -0.00080108642578125 0.0651321411132813 0.0199775695800781
0.0516471862792969 -0.0400276184082031 0.0593986511230469 -0.0219497680664063
0.00853729248046875 -0.0544090270996094 0.0206832885742188 -0.0488433837890625
-0.0214614868164063 -0.0544891357421875 -0.0115013122558594 -0.0410690307617188
-0.0184097290039063 -0.0598640441894531 -0.0122432708740234 -0.0199012756347656
-0.0281867980957031 -0.0583610534667969 -0.0175800323486328 -0.00970268249511719
-0.00506210327148437 -0.0596466064453125 -0.0235424041748047 -0.004119873046875
0.03155517578125 -0.0600242614746094 -0.0260829925537109 -0.00862503051757813
0.0704193115234375 -0.035064697265625 -0.0291461944580078 -0.0314216613769531
0.0866012573242188 0.0433883666992188 -0.0129928588867187 -0.0399246215820313
0.0560150146484375 0.0865325927734375 -0.00263214111328125 -0.0466804504394531
0.00931549072265624 0.12445068359375 -0.00576019287109375 -0.0329742431640625
-0.0212173461914063 0.119316101074219 0.03961181640625 0.0180931091308594
0.0109481811523437 0.105476379394531 0.00217437744140625 0.0408477783203125
0.0771026611328125 0.0807113647460938 0.0270767211914063 0.0602989196777344
0.0872116088867188 0.0109710693359375 0.0553054809570313 0.0359001159667969
0.0671653747558594 -0.0413169860839844 0.0530738830566406 -0.00161361694335938
0.0154495239257813 -0.064727783203125 0.0216484069824219 -0.0253810882568359
-0.0211906433105469 -0.0631828308105469 -0.00110626220703125 -0.0180721282958984
-0.0193099975585938 -0.067840576171875 -0.000214993953704835 0.000859439373016353
-0.0316390991210937 -0.0660285949707031 -0.00568008422851563 0.011418342590332
-0.00730514526367188 -0.0655708312988281 -0.0183544158935547 0.0178260803222656
0.0321578979492187 -0.0659408569335937 -0.0252666473388672 0.00849342346191405
0.0724029541015625 -0.0366897583007813 -0.0321846008300781 -0.0178775787353516
0.0877761840820313 0.0463180541992188 -0.0160369873046875 -0.0299510955810547
0.0510101318359375 0.0886383056640625 0.00480079650878907 -0.0289649963378906
-0.00124359130859375 0.122932434082031 -0.00855445861816406 0.00417375564575196
-0.0328598022460937 0.098358154296875 0.0283126831054687 0.0572967529296875
-0.006103515625 0.09832763671875 0.000629425048828123 0.0644493103027344
0.0606002807617188 0.0873184204101563 0.0160865783691406 0.066162109375
0.0813446044921875 0.0214614868164063 0.0393028259277344 0.04742431640625
0.0686988830566406 -0.0334854125976563 0.0413780212402344 0.0178604125976562
0.0189361572265625 -0.0628890991210938 0.0204811096191406 -0.000192642211914066
-0.0174217224121094 -0.0615692138671875 0.00981998443603515 0.00549030303955078
-0.0172958374023438 -0.0652351379394531 0.0118598937988281 0.0208892822265625
-0.0295677185058594 -0.0645179748535156 0.00623703002929688 0.0314712524414063
-0.00689697265625 -0.0630569458007813 -0.0126571655273438 0.0378494262695313
0.0308151245117188 -0.0626296997070312 -0.0244121551513672 0.0242080688476562
0.0674667358398438 -0.0313148498535156 -0.0335254669189453 -0.00487327575683594
0.0772857666015625 0.048248291015625 -0.0184650421142578 -0.0215587615966797
0.0357818603515625 0.0836944580078125 0.0114231109619141 -0.0120658874511719
-0.0143280029296875 0.105056762695313 -0.0125350952148438 0.0378189086914063
-0.0371246337890625 0.0602645874023438 0.01556396484375 0.088714599609375
-0.0192413330078125 0.0706787109375 -0.0021514892578125 0.0825653076171875
0.0335464477539063 0.07305908203125 0.00599288940429688 0.0658226013183594
0.0589141845703125 0.0248565673828125 0.0233383178710938 0.0528526306152344
0.0554580688476563 -0.0203132629394531 0.0273342132568359 0.0319385528564453
0.018157958984375 -0.0494308471679688 0.0174903869628906 0.0218601226806641
-0.0119514465332031 -0.0493927001953125 0.0196514129638672 0.02691650390625
-0.0125503540039063 -0.05303955078125 0.02264404296875 0.0373382568359375
-0.0227546691894531 -0.0542144775390625 0.0170059204101563 0.0487480163574219
-0.00420761108398438 -0.0531883239746094 -0.00779342651367187 0.0552215576171875
0.0282974243164063 -0.051513671875 -0.0249900817871094 0.0373878479003906
0.0575599670410156 -0.0209884643554688 -0.0359458923339844 0.00590896606445312
0.0574417114257813 0.0475883483886719 -0.0204372406005859 -0.01568603515625
0.0151138305664063 0.0710601806640625 0.0148372650146484 0.00202274322509766
-0.0265426635742188 0.0741043090820312 -0.0190238952636719 0.0640449523925781
-0.0352630615234375 0.0112152099609375 0.00693511962890625 0.104804992675781
-0.0272808074951172 0.03118896484375 -0.00135040283203126 0.0900955200195313
0.00459671020507812 0.0450096130371094 -0.00053024291992188 0.0610275268554688
0.0276813507080078 0.0208168029785156 0.0122489929199219 0.0535125732421875
0.0318355560302734 -0.00632667541503906 0.0169830322265625 0.0396385192871094
0.0133800506591797 -0.0280437469482422 0.0168190002441406 0.0361442565917969
-0.00490570068359375 -0.0297622680664063 0.0276603698730469 0.0410041809082031
-0.0062713623046875 -0.0331096649169922 0.0298347473144531 0.0484962463378906
-0.012542724609375 -0.0371665954589844 0.0241165161132813 0.0611991882324219
-0.000679016113281252 -0.0365715026855469 -0.00598526000976562 0.067291259765625
0.0227718353271484 -0.0345649719238281 -0.028594970703125 0.0462379455566406
0.0415229797363281 -0.009368896484375 -0.0405349731445313 0.0133781433105469
0.0336036682128906 0.0414047241210938 -0.0252037048339844 -0.0126285552978516
-0.00676727294921875 0.0505561828613281 0.0123348236083984 0.0120859146118164
-0.0360260009765625 0.0333976745605469 -0.030517578125 0.0794754028320313
0.0327587127685547 0.0149822235107422 0.0293350219726562 -0.08978271484375
0.0182590484619141 -0.0180454254150391 -0.0106391906738281 -0.0216732025146484
-0.00615692138671875 -0.0207672119140625 0.0282783508300781 0.0178890228271484
-0.0186710357666016 -0.00175285339355468 0.0572624206542969 -0.0112724304199219
-0.0135040283203125 0.0121212005615234 0.0436630249023438 -0.0489921569824219
0.000420570373535155 0.0162267684936523 0.00913238525390626 -0.0758056640625
0.000766754150390625 0.00957870483398438 -0.0305862426757813 -0.0697174072265625
-0.0021672248840332 0.00705766677856445 -0.0346107482910156 -0.0553092956542969
-0.00378704071044922 0.00788974761962891 -0.0341644287109375 -0.0473747253417969
-0.00605916976928711 0.001678466796875 -0.022216796875 -0.0470619201660156
-0.00505256652832031 -0.00853443145751953 -0.0178108215332031 -0.0459442138671875
0.00459098815917969 -0.0199851989746094 -0.0121574401855469 -0.0555038452148438
0.0265445709228516 -0.00861930847167969 0.00617218017578125 -0.064117431640625
0.0382003784179688 0.0137939453125 -0.00212097167968749 -0.08837890625
0.034393310546875 0.0343952178955078 -0.000183105468749991 -0.114471435546875
0.0277824401855469 0.0607261657714844 0.039581298828125 -0.0811614990234375
0.0302276611328125 0.0191841125488281 -0.00598526000976563 -0.0183639526367188
0.0268211364746094 -1.52587890625E-05 0.0338668823242188 0.0246562957763672
0.0115585327148437 -0.00807380676269531 0.0644340515136719 -0.00623703002929688
0.00485992431640625 -0.00977706909179688 0.0522041320800781 -0.0478706359863281
-0.00050973892211914 -0.00877237319946289 0.0128631591796875 -0.075927734375
-0.0106792449951172 -0.0141916275024414 -0.0281944274902344 -0.0682258605957031
-0.00998878479003906 -0.0195121765136719 -0.0316047668457031 -0.0508384704589844
-0.0133342742919922 -0.0187664031982422 -0.033111572265625 -0.0426368713378906
-0.00234031677246094 -0.0232181549072266 -0.0251388549804687 -0.0401420593261719
0.0143680572509766 -0.0266571044921875 -0.0208473205566406 -0.0394134521484375
0.0361900329589844 -0.0212783813476563 -0.016815185546875 -0.0527267456054688
0.0518455505371094 0.0200614929199219 -3.81469726562448E-05 -0.0582962036132813
0.0454177856445312 0.050262451171875 -0.00621032714843749 -0.079833984375
0.0264968872070312 0.0798492431640625 -0.00114440917968751 -0.0982742309570312
0.0150680541992187 0.098846435546875 0.0464553833007813 -0.0591621398925781
0.0335464477539062 0.0592269897460938 -0.00155496597290039 -0.00527000427246093
0.0583839416503906 0.0281944274902344 0.0364532470703125 0.0363006591796875
0.0458450317382813 -0.00836181640625 0.0691795349121094 0.00512313842773438
0.0288848876953125 -0.0295886993408203 0.0587310791015625 -0.0393409729003906
0.00244522094726563 -0.0352745056152344 0.0173377990722656 -0.0676002502441406
-0.0188255310058594 -0.0369873046875 -0.0225257873535156 -0.0591011047363281
-0.0164146423339844 -0.0435600280761719 -0.02398681640625 -0.0387306213378906
-0.0226325988769531 -0.0421028137207031 -0.0280628204345703 -0.0286159515380859
-0.00252151489257812 -0.0453834533691406 -0.0267086029052734 -0.0247364044189453
0.0268630981445313 -0.0462455749511719 -0.0251541137695312 -0.0263385772705078
0.0592918395996094 -0.02874755859375 -0.0251693725585938 -0.0450592041015625
0.075531005859375 0.0366973876953125 -0.00737762451171874 -0.0509567260742188
0.0540924072265625 0.0753173828125 -0.0066070556640625 -0.0653457641601563
0.0186767578125 0.112472534179688 -0.00414276123046875 -0.0694808959960938
-0.00247955322265626 0.121429443359375 0.0469169616699219 -0.0237236022949219
0.0274276733398437 0.0917587280273438 0.00166606903076172 0.0155887603759766
0.0784988403320313 0.0580825805664063 0.0346107482910156 0.0493392944335938
0.0742568969726563 -0.00202178955078125 0.06707763671875 0.0206871032714844
0.0521888732910156 -0.0417366027832031 0.0609817504882813 -0.0222358703613281
0.00808334350585938 -0.0556831359863281 0.0214004516601563 -0.0504913330078125
-0.0225372314453125 -0.0549468994140625 -0.0124053955078125 -0.0416374206542969
-0.0201301574707031 -0.0616378784179687 -0.0129032135009766 -0.0208091735839844
-0.0299949645996094 -0.0589256286621094 -0.018646240234375 -0.0102176666259766
-0.00583267211914062 -0.0603599548339844 -0.024566650390625 -0.00422668457031251
0.030975341796875 -0.0612220764160156 -0.0271186828613281 -0.0095806121826172
0.0712661743164063 -0.0364761352539063 -0.0314006805419922 -0.0327625274658203
0.0900497436523438 0.0432357788085938 -0.0134124755859375 -0.0413131713867188
0.0584487915039063 0.0879058837890625 -0.0030517578125 -0.0480155944824219
0.0111160278320312 0.128280639648437 -0.00693893432617187 -0.0337104797363281
-0.0203857421875 0.12255859375 0.0394783020019531 0.0184440612792969
0.0126419067382812 0.108314514160156 0.001556396484375 0.0417900085449219
0.080780029296875 0.0816497802734375 0.027099609375 0.0613632202148438
0.089080810546875 0.00989532470703125 0.0561485290527344 0.0368537902832031
0.0678291320800781 -0.0434036254882813 0.055389404296875 -0.001556396484375
0.0150222778320313 -0.0663490295410156 0.0226688385009766 -0.0256729125976563
-0.0222854614257813 -0.0638618469238281 -0.00090599060058594 -0.0184726715087891
-0.021209716796875 -0.0690803527832031 0.000427156686782836 0.000265747308731075
-0.0332565307617188 -0.0668182373046875 -0.00534725189208985 0.0112972259521484
-0.00861358642578125 -0.0668449401855469 -0.0189914703369141 0.0181064605712891
0.0315017700195312 -0.0679893493652344 -0.0264625549316406 0.00850868225097656
0.0733871459960938 -0.0390396118164063 -0.0339431762695313 -0.0188789367675781
0.0912551879882813 0.0462188720703125 -0.0160675048828125 -0.0314846038818359
0.0533065795898438 0.0904312133789062 0.00461578369140626 -0.0293998718261719
0.000701904296875014 0.126274108886719 -0.00901222229003906 0.00429725646972657
-0.032989501953125 0.101203918457031 0.0286331176757812 0.0593032836914063
-0.00547027587890626 0.101219177246094 -0.000453948974609378 0.0662841796875
0.0632858276367188 0.0880661010742187 0.0158195495605469 0.0674629211425781
0.0830078125 0.0211563110351562 0.0403633117675781 0.0490188598632812
0.0697174072265625 -0.0351295471191406 0.0428504943847656 0.0186843872070312
0.0190505981445312 -0.0642929077148438 0.0217399597167969 0.000743865966796871
-0.0185623168945312 -0.0625801086425781 0.0106067657470703 0.00575065612792968
-0.0191459655761719 -0.067352294921875 0.0128192901611328 0.0204868316650391
-0.0314445495605469 -0.0650367736816406 0.00718688964843749 0.0317211151123047
-0.00781631469726563 -0.06427001953125 -0.0124053955078125 0.038665771484375
0.030609130859375 -0.0644340515136719 -0.0252895355224609 0.02447509765625
0.06878662109375 -0.0333175659179688 -0.0350055694580078 -0.00537300109863282
0.0799407958984375 0.0481491088867188 -0.0183200836181641 -0.0223789215087891
0.0373916625976563 0.08551025390625 0.0117053985595703 -0.0128555297851562
-0.012969970703125 0.10791015625 -0.012451171875 0.0385322570800781
-0.037841796875 0.06146240234375 0.0162734985351563 0.091094970703125
-0.0189895629882813 0.0727310180664062 -0.00260925292968751 0.0842056274414063
0.0351638793945312 0.0741348266601563 0.00540542602539063 0.067626953125
0.0602912902832031 0.0249061584472656 0.0241661071777344 0.0545272827148438
0.0563163757324219 -0.0220909118652344 0.0283145904541016 0.0329475402832031
0.0187187194824219 -0.0511360168457031 0.0187397003173828 0.0229377746582031
-0.0126991271972656 -0.0501632690429688 0.0211143493652344 0.0272140502929687
-0.0137100219726562 -0.0546493530273437 0.0242080688476563 0.037261962890625
-0.0240898132324219 -0.0551605224609375 0.0183296203613281 0.0491447448730469
-0.00494766235351563 -0.0538711547851563 -0.00685501098632813 0.0562019348144531
0.0281257629394531 -0.0526351928710938 -0.0261459350585938 0.0377540588378906
0.0579833984375 -0.022216796875 -0.0372772216796875 0.00568008422851562
0.0601654052734375 0.0480613708496094 -0.0205650329589844 -0.016448974609375
0.0160446166992188 0.0725479125976563 0.0151462554931641 0.00147056579589844
-0.0260009765625 0.0759735107421875 -0.0191268920898438 0.0651626586914063
-0.0362548828125 0.011474609375 0.0075531005859375 0.10723876953125
-0.0283946990966797 0.0320167541503906 -0.00108337402343749 0.0918045043945312
0.005096435546875 0.0457382202148438 -0.001190185546875 0.0629005432128906
0.0279712677001953 0.0214347839355469 0.0126266479492188 0.0554466247558594
0.0325698852539063 -0.00700187683105469 0.0178642272949219 0.0410232543945313
0.0136508941650391 -0.0290203094482422 0.0177497863769531 0.0377922058105469
-0.00524711608886719 -0.0304489135742187 0.0291671752929688 0.0415229797363281
-0.00714874267578125 -0.0337467193603516 0.0317764282226563 0.0486106872558594
-0.0137176513671875 -0.0376396179199219 0.0258827209472656 0.0620651245117187
-0.0012359619140625 -0.0377693176269531 -0.00508499145507812 0.0692214965820313
0.0229682922363281 -0.0356597900390625 -0.0296440124511719 0.0472679138183594
0.0423164367675781 -0.0101661682128906 -0.0415802001953125 0.0132904052734375
0.0346641540527344 0.0417594909667969 -0.0253810882568359 -0.0133724212646484
-0.00632476806640626 0.0520401000976563 0.0130376815795898 0.0109539031982422
-0.0362510681152344 0.0341072082519531 -0.030609130859375 0.0806808471679688
0.0338325500488281 0.0149765014648437 0.027313232421875 -0.092559814453125
0.01849365234375 -0.0193309783935547 -0.0123043060302734 -0.0214500427246094
-0.00707817077636719 -0.0212421417236328 0.0292911529541016 0.0183143615722656
-0.0195274353027344 -0.00135421752929688 0.0587272644042969 -0.0126228332519531
-0.0133762359619141 0.0131721496582031 0.0442771911621094 -0.0518302917480469
0.00095653533935547 0.0167703628540039 0.00716400146484375 -0.0788726806640625
0.00102901458740234 0.0101985931396484 -0.03411865234375 -0.0710067749023438
-0.00214099884033203 0.0071406364440918 -0.0384140014648438 -0.0558967590332031
-0.00369977951049805 0.00811529159545898 -0.0377464294433594 -0.0471420288085937
-0.00600099563598633 0.00174236297607422 -0.0246849060058594 -0.0483856201171875
-0.00576305389404297 -0.00860452651977539 -0.0199165344238281 -0.0472221374511719
0.00404548645019531 -0.0209293365478516 -0.0140533447265625 -0.0569076538085937
0.0273075103759766 -0.00934028625488281 0.005462646484375 -0.065887451171875
0.0401191711425781 0.0130462646484375 -0.004180908203125 -0.090606689453125
0.0362701416015625 0.0340957641601563 -0.00337982177734374 -0.117469787597656
0.0305328369140625 0.0625152587890625 0.0379791259765625 -0.0840377807617188
0.0321388244628906 0.0194473266601563 -0.0077667236328125 -0.0179920196533203
0.0279350280761719 -0.00152015686035156 0.0348739624023438 0.0249710083007813
0.0116147994995117 -0.00844383239746094 0.0660667419433594 -0.00751113891601563
0.00488567352294922 -0.0100784301757813 0.053070068359375 -0.0507164001464844
-0.00120162963867188 -0.00938701629638672 0.0108871459960938 -0.0790252685546875
-0.0112237930297852 -0.0139045715332031 -0.0318450927734375 -0.0697975158691406
-0.0112819671630859 -0.0197544097900391 -0.0349540710449219 -0.0515785217285156
-0.0139884948730469 -0.0188922882080078 -0.0363540649414062 -0.0425033569335938
-0.00324821472167969 -0.0241565704345703 -0.0277137756347656 -0.0410957336425781
0.0141277313232422 -0.0280342102050781 -0.0229568481445312 -0.0408859252929688
0.0364952087402344 -0.0229568481445313 -0.0191383361816406 -0.0538482666015625
0.0542449951171875 0.0193634033203125 -0.0010223388671875 -0.0598831176757812
0.0486259460449219 0.0506362915039063 -0.00835418701171875 -0.0816650390625
0.03009033203125 0.0818099975585938 -0.0045013427734375 -0.101531982421875
0.0186767578125 0.101806640625 0.0455589294433594 -0.0613632202148437
0.0366477966308594 0.0601997375488281 -0.00311708450317383 -0.0052189826965332
0.061248779296875 0.0264396667480469 0.0379219055175781 0.0363616943359375
0.0464935302734375 -0.0100975036621094 0.071502685546875 0.0039520263671875
0.028411865234375 -0.0311985015869141 0.0604667663574219 -0.0416488647460938
0.00138092041015625 -0.0361137390136719 0.0164070129394531 -0.0702705383300781
-0.0203933715820313 -0.037506103515625 -0.0248832702636719 -0.0601119995117187
-0.0190010070800781 -0.0447883605957031 -0.0264053344726563 -0.0394630432128906
-0.0244178771972656 -0.0427970886230469 -0.0300006866455078 -0.029052734375
-0.00436782836914062 -0.046295166015625 -0.0287456512451172 -0.0251216888427734
0.0260963439941406 -0.0486869812011719 -0.0274181365966797 -0.0275230407714844
0.0600852966308594 -0.0311088562011719 -0.0282211303710937 -0.046112060546875
0.079315185546875 0.0354080200195313 -0.00847625732421875 -0.0523529052734375
0.0580291748046875 0.0768508911132813 -0.00863265991210937 -0.0669441223144531
0.0230789184570313 0.115669250488281 -0.0070343017578125 -0.0713424682617187
0.00142669677734375 0.125480651855469 0.0472221374511719 -0.0246124267578125
0.0309982299804688 0.0941619873046875 0.00086498260498047 0.016880989074707
0.083648681640625 0.056365966796875 0.0358085632324219 0.0501861572265625
0.0766067504882813 -0.00466156005859375 0.0695724487304688 0.0201416015625
0.0522232055664063 -0.0451889038085937 0.0633964538574219 -0.0242729187011719
0.00690841674804688 -0.0573883056640625 0.0213966369628906 -0.0525741577148438
-0.0252571105957031 -0.0556068420410156 -0.0143508911132813 -0.042327880859375
-0.0239791870117188 -0.0629425048828125 -0.0141563415527344 -0.0212574005126953
-0.0330581665039063 -0.0594253540039063 -0.0196037292480469 -0.0101909637451172
-0.0081787109375 -0.0616645812988281 -0.0256919860839844 -0.00364112854003906
0.0301322937011719 -0.0641860961914063 -0.0288906097412109 -0.00975418090820313
0.0720138549804688 -0.0403213500976563 -0.033660888671875 -0.0330047607421875
0.0947265625 0.0413818359375 -0.0144615173339844 -0.0426559448242188
0.063201904296875 0.0890121459960938 -0.00438690185546875 -0.0492973327636719
0.0161590576171875 0.132644653320313 -0.00854873657226563 -0.0345401763916015
-0.0174942016601562 0.126724243164063 0.0404281616210938 0.0184364318847656
0.0163421630859375 0.111671447753906 0.00140762329101563 0.0436172485351563
0.0865631103515625 0.0805130004882813 0.0279693603515625 0.062652587890625
0.0919418334960938 0.00734710693359375 0.0592689514160156 0.0374908447265625
0.0682868957519531 -0.0471572875976563 0.0576744079589844 -0.0023193359375
0.0134353637695312 -0.0685806274414063 0.0236320495605469 -0.0271778106689453
-0.02508544921875 -0.0648117065429688 -0.00131607055664063 -0.0192985534667969
-0.0253982543945312 -0.0712738037109375 0.000217586755752562 -0.000412762165069584
-0.0368194580078125 -0.067596435546875 -0.0055084228515625 0.0116958618164062
-0.0106964111328125 -0.0680618286132813 -0.0185184478759766 0.0192604064941406
0.0302352905273438 -0.0704269409179688 -0.0276966094970703 0.00866127014160155
0.0742721557617188 -0.04248046875 -0.0367164611816406 -0.0191116333007813
0.0963821411132813 0.044036865234375 -0.0168609619140625 -0.0322341918945313
0.0577239990234375 0.0917739868164063 0.00442886352539063 -0.0310916900634766
0.00554656982421875 0.130645751953125 -0.00924968719482422 0.00456047058105469
-0.0311203002929687 0.104949951171875 0.0302925109863281 0.0604515075683594
-0.00257110595703125 0.104202270507812 0.000541687011718747 0.0684432983398438
0.068328857421875 0.0884246826171875 0.0166473388671875 0.06939697265625
0.0862579345703125 0.0191802978515625 0.0425529479980469 0.0503654479980469
0.0705718994140625 -0.0388946533203125 0.0452232360839844 0.0187644958496094
0.0176277160644531 -0.0668792724609375 0.0231838226318359 0.000413894653320308
-0.0213813781738281 -0.0634498596191406 0.0115861892700195 0.00543117523193359
-0.0227737426757812 -0.0690383911132813 0.0140972137451172 0.0200214385986328
-0.0348739624023438 -0.0663299560546875 0.00861740112304687 0.0317573547363281
-0.01019287109375 -0.0654296875 -0.0114784240722656 0.0402183532714844
0.0291213989257813 -0.0668678283691406 -0.0261116027832031 0.0248622894287109
0.069305419921875 -0.0363922119140625 -0.0371780395507812 -0.00478363037109376
0.084747314453125 0.0467529296875 -0.0187816619873047 -0.0232982635498047
0.0410690307617187 0.0868301391601562 0.0115118026733398 -0.0141849517822266
-0.009185791015625 0.111679077148438 -0.0120429992675781 0.039276123046875
-0.0374641418457031 0.0643234252929688 0.018646240234375 0.0933609008789063
-0.0181884765625 0.0758819580078125 -0.00124359130859374 0.08660888671875
0.0388336181640625 0.0753707885742187 0.00638580322265626 0.0696182250976563
0.0629158020019531 0.0243721008300781 0.0260086059570313 0.0560150146484375
0.0579338073730469 -0.0244216918945312 0.0305957794189453 0.0335712432861328
0.0174522399902344 -0.0530052185058594 0.0211429595947266 0.0240230560302734
-0.014739990234375 -0.0511093139648438 0.0231113433837891 0.0273323059082031
-0.0168800354003906 -0.055908203125 0.026397705078125 0.0369796752929688
-0.0271186828613281 -0.0557060241699219 0.020965576171875 0.0494308471679688
-0.00667572021484376 -0.0550117492675781 -0.00522613525390625 0.0585517883300781
0.0266532897949219 -0.0553092956542969 -0.0263519287109375 0.0391998291015625
0.0591773986816406 -0.0249176025390625 -0.0392494201660156 0.00580978393554687
0.06396484375 0.046722412109375 -0.0216484069824219 -0.0166568756103516
0.0189590454101563 0.07440185546875 0.0158624649047852 1.33514404296921E-05
-0.0244903564453125 0.0789031982421875 -0.0185470581054687 0.06695556640625
-0.0371932983398437 0.0125846862792969 0.0106735229492188 0.110031127929688
-0.0283584594726563 0.0336246490478516 0.00067901611328124 0.0944442749023438
0.00706863403320312 0.0471382141113281 -0.000381469726562501 0.0649261474609375
0.0296840667724609 0.0216350555419922 0.0143203735351563 0.0568656921386719
0.0331535339355469 -0.00832748413085938 0.0195465087890625 0.0421485900878906
0.0125217437744141 -0.0307636260986328 0.0202522277832031 0.0394134521484375
-0.00673866271972656 -0.0310115814208984 0.0324211120605469 0.0414657592773438
-0.008758544921875 -0.0352897644042969 0.0349769592285156 0.0480575561523438
-0.0156326293945312 -0.0389747619628906 0.0290756225585938 0.0624275207519531
-0.00207901000976562 -0.0384140014648438 -0.00254058837890625 0.0710983276367187
0.0223121643066406 -0.0372352600097656 -0.0297012329101563 0.0490303039550781
0.0432090759277344 -0.011749267578125 -0.0427474975585937 0.0141067504882813
0.0375556945800781 0.0418128967285156 -0.0258388519287109 -0.0136737823486328
-0.00482559204101562 0.0539283752441406 0.0139675140380859 0.0100946426391602
-0.0364646911621094 0.035736083984375 -0.029327392578125 0.0835189819335938
0.0354804992675781 0.0142288208007812 0.023529052734375 -0.0948410034179687
0.0178184509277344 -0.0210056304931641 -0.0139636993408203 -0.0203800201416016
-0.00862884521484375 -0.022308349609375 0.0301856994628906 0.0180950164794922
-0.0198211669921875 -0.000141143798828129 0.0593643188476563 -0.0151214599609375
-0.0130672454833984 0.014033317565918 0.043426513671875 -0.0547294616699219
0.00165939331054687 0.0168027877807617 0.0037384033203125 -0.080902099609375
0.00153446197509766 0.00996208190917969 -0.0384292602539063 -0.0704269409179688
-0.00210857391357422 0.0075526237487793 -0.0430412292480469 -0.0545845031738281
-0.00320196151733398 0.00806140899658203 -0.0414543151855469 -0.0459480285644531
-0.00567770004272461 0.0019068717956543 -0.0282440185546875 -0.0484390258789062
-0.00637388229370117 -0.00851917266845703 -0.0231399536132812 -0.0479354858398438
0.00265121459960937 -0.0212745666503906 -0.0167236328125 -0.0577659606933594
0.0276813507080078 -0.0109844207763672 0.00350570678710937 -0.0673828125
0.041839599609375 0.01141357421875 -0.00817108154296875 -0.0917205810546875
0.0391311645507813 0.0332221984863281 -0.00922393798828124 -0.119056701660156
0.0343589782714844 0.0626220703125 0.0343399047851562 -0.086181640625
0.0340423583984375 0.0178394317626953 -0.00929069519042968 -0.0169544219970703
0.0285053253173828 -0.00392913818359375 0.0360374450683594 0.0243682861328125
0.0109663009643555 -0.00920772552490234 0.0671577453613281 -0.0101242065429688
0.00407600402832031 -0.0104484558105469 0.0524101257324219 -0.0538787841796875
-0.00164031982421875 -0.00941276550292969 0.00768280029296875 -0.0812530517578125
-0.0119571685791016 -0.0139341354370117 -0.0365333557128906 -0.0689849853515625
-0.012939453125 -0.0197010040283203 -0.0387001037597656 -0.0507278442382813
-0.0151786804199219 -0.0183029174804687 -0.0400772094726562 -0.0411758422851563
-0.00363731384277344 -0.0240345001220703 -0.0307731628417969 -0.0412139892578125
0.0131359100341797 -0.0297183990478516 -0.0255470275878906 -0.0414314270019531
0.0358734130859375 -0.0252914428710937 -0.0226211547851563 -0.0544624328613281
0.0565681457519531 0.0168075561523438 -0.0029296875 -0.0607872009277344
0.0518455505371094 0.0494194030761719 -0.0123748779296875 -0.0820999145507813
0.0347824096679688 0.0818328857421875 -0.00970458984375001 -0.102714538574219
0.02392578125 0.103195190429688 0.0425910949707031 -0.0638504028320313
0.0403900146484375 0.0595855712890625 -0.00449085235595703 -0.00407314300537109
0.0638809204101563 0.0229110717773438 0.0391464233398438 0.0361175537109375
0.0461006164550781 -0.0123977661132812 0.07318115234375 0.001129150390625
0.0271453857421875 -0.0334129333496094 0.06072998046875 -0.0450057983398438
-0.000595092773437498 -0.036773681640625 0.0134353637695312 -0.0729217529296875
-0.0228996276855469 -0.0368423461914062 -0.0286140441894531 -0.0596885681152344
-0.0223312377929688 -0.0446357727050781 -0.0297050476074219 -0.0386886596679688
-0.027069091796875 -0.042510986328125 -0.0332489013671875 -0.0279617309570313
-0.0062255859375 -0.0467910766601563 -0.0307197570800781 -0.0243816375732422
0.0244293212890625 -0.0504798889160156 -0.0295257568359375 -0.0276775360107422
0.0595283508300781 -0.0352439880371094 -0.0312614440917969 -0.046234130859375
0.0831832885742188 0.0317153930664063 -0.0103340148925781 -0.0537643432617188
0.06298828125 0.0753326416015625 -0.0123367309570312 -0.0672035217285156
0.0298004150390625 0.116783142089844 -0.0106430053710938 -0.0721206665039062
0.00750732421874999 0.127609252929688 0.0457572937011719 -0.0267677307128906
0.0367202758789063 0.09478759765625 -7.62939453124865E-06 0.0180187225341797
0.0884857177734375 0.05230712890625 0.0374717712402344 0.0496940612792969
0.07745361328125 -0.00830841064453125 0.072052001953125 0.0183258056640625
0.0503005981445313 -0.0486412048339844 0.0640029907226563 -0.0274314880371094
0.00367355346679688 -0.0584716796875 0.0197601318359375 -0.0547103881835938
-0.0284233093261719 -0.0554351806640625 -0.0165786743164063 -0.0422706604003906
-0.0284957885742188 -0.0631523132324219 -0.0160179138183594 -0.0214214324951172
-0.036865234375 -0.0584449768066406 -0.0207729339599609 -0.00964546203613281
-0.0106849670410156 -0.061981201171875 -0.0266475677490234 -0.0029296875
0.0274391174316406 -0.0663070678710937 -0.0305900573730469 -0.00938606262207032
0.071258544921875 -0.0446090698242187 -0.0370826721191406 -0.0325546264648438
0.0992889404296875 0.0367355346679688 -0.0158843994140625 -0.043487548828125
0.0687255859375 0.0876312255859375 -0.006805419921875 -0.0498428344726562
0.0240631103515625 0.134506225585937 -0.0108604431152344 -0.0348663330078125
-0.0120391845703125 0.130661010742188 0.0412330627441406 0.017822265625
0.0225677490234375 0.112831115722656 0.001708984375 0.044586181640625
0.0923233032226563 0.077117919921875 0.0298042297363281 0.0623054504394531
0.0937347412109375 0.0030364990234375 0.06201171875 0.0355796813964844
0.0669059753417969 -0.0518455505371094 0.0589561462402344 -0.00481033325195313
0.0100593566894531 -0.0701484680175781 0.0236949920654297 -0.0282421112060547
-0.0288047790527344 -0.0648574829101563 -0.00245857238769531 -0.0190296173095703
-0.0302734375 -0.0714569091796875 -0.000188350677490236 -0.000735223293304448
-0.0414085388183594 -0.0663414001464844 -0.00518035888671875 0.0116062164306641
-0.0143356323242187 -0.0682830810546875 -0.0184574127197266 0.0204830169677734
0.0267257690429688 -0.0730972290039063 -0.0283966064453125 0.00937271118164062
0.0731353759765625 -0.0472793579101563 -0.0389595031738281 -0.0178909301757813
0.10089111328125 0.0394287109375 -0.0183086395263672 -0.0330867767333984
0.0634231567382812 0.0905380249023438 0.00279426574707032 -0.0320224761962891
0.0124435424804688 0.132606506347656 -0.00962638854980469 0.00471878051757813
-0.0268783569335938 0.108329772949219 0.0332870483398437 0.0604705810546875
0.00261688232421876 0.106590270996094 0.00207901000976563 0.0699691772460938
0.0742874145507812 0.086456298828125 0.0187454223632813 0.0700416564941406
0.0885543823242188 0.0159454345703125 0.0456352233886719 0.0495872497558594
0.0701026916503906 -0.0429763793945313 0.0473594665527344 0.0175628662109375
0.0146903991699219 -0.0689811706542969 0.0243434906005859 -0.000434875488281254
-0.0248489379882813 -0.0634117126464844 0.0123796463012695 0.00494384765625
-0.0278663635253906 -0.0695648193359375 0.0157318115234375 0.018798828125
-0.0394439697265625 -0.0650901794433594 0.0103874206542969 0.0310459136962891
-0.0135269165039063 -0.0660324096679688 -0.0099029541015625 0.0413780212402344
0.0258750915527344 -0.0692481994628906 -0.02593994140625 0.0260391235351562
0.068572998046875 -0.0404701232910156 -0.0388069152832031 -0.00421905517578125
0.0892715454101563 0.0425338745117188 -0.0199375152587891 -0.0233592987060547
0.0464706420898438 0.0865554809570313 0.0113563537597656 -0.0158634185791016
-0.0034942626953125 0.113929748535156 -0.0106544494628906 0.0406112670898438
-0.0356216430664063 0.0669479370117187 0.0222854614257813 0.094390869140625
-0.014862060546875 0.0775680541992188 0.00177001953124999 0.0883026123046875
0.0438232421875 0.0746841430664063 0.00807952880859376 0.0704727172851563
0.0649452209472656 0.0219383239746094 0.0288848876953125 0.0565147399902344
0.0572319030761719 -0.0279464721679688 0.0330219268798828 0.0335063934326172
0.0149116516113281 -0.0547103881835937 0.0238304138183594 0.0241775512695312
-0.0176849365234375 -0.050994873046875 0.0253314971923828 0.0267467498779297
-0.0207901000976562 -0.0561676025390625 0.0293388366699219 0.0357551574707031
-0.0311965942382813 -0.055450439453125 0.0245933532714844 0.0484848022460938
-0.00952911376953125 -0.0555648803710937 -0.00201797485351562 0.0592498779296875
0.0245628356933594 -0.0573463439941406 -0.0259971618652344 0.0399398803710937
0.0584487915039063 -0.0284576416015625 -0.03997802734375 0.00728225708007812
0.0675811767578125 0.0442390441894531 -0.02227783203125 -0.0170860290527344
0.0226669311523438 0.0750503540039063 0.0164375305175781 -0.00166797637939453
-0.02069091796875 0.0810165405273438 -0.0159721374511719 0.0683212280273438
-0.0376358032226563 0.0143585205078125 0.0152740478515625 0.111579895019531
-0.0272026062011719 0.0353546142578125 0.00411987304687499 0.0957489013671875
0.00961685180664063 0.0472488403320313 0.0012969970703125 0.0662727355957031
0.0311012268066406 0.0207729339599609 0.0168571472167969 0.0580482482910156
0.0336875915527344 -0.0104007720947266 0.0221290588378906 0.0430641174316406
0.0113487243652344 -0.0320339202880859 0.0234642028808594 0.0398712158203125
-0.00880050659179688 -0.0311222076416016 0.0355796813964844 0.040283203125
-0.0112113952636719 -0.0357208251953125 0.0386428833007813 0.0464248657226563
-0.0186958312988281 -0.0384597778320313 0.0335655212402344 0.0615081787109375
-0.004302978515625 -0.039306640625 0.0013275146484375 0.07257080078125
0.0206947326660156 -0.0391883850097656 -0.0283775329589844 0.0509262084960938
0.0430793762207031 -0.0141563415527344 -0.043212890625 0.0159492492675781
0.0407752990722656 0.0399055480957031 -0.0270233154296875 -0.0137691497802734
-0.00209426879882813 0.0548629760742188 0.0149250030517578 0.0084524154663086
-0.0352935791015625 0.03759765625 -0.0265731811523437 0.085968017578125
0.03656005859375 0.0131874084472656 0.019561767578125 -0.0948104858398438
0.0172061920166016 -0.0219841003417969 -0.0154151916503906 -0.0190143585205078
-0.00950241088867188 -0.0218791961669922 0.0306453704833984 0.0174160003662109
-0.0197200775146484 0.000867843627929691 0.0589065551757813 -0.0169601440429688
-0.0122871398925781 0.0149917602539063 0.0416946411132813 -0.0566978454589844
0.00260829925537109 0.0164508819580078 -9.91821289062425E-05 -0.0812835693359375
0.0020904541015625 0.00953578948974609 -0.0421867370605469 -0.0679512023925781
-0.00157499313354492 0.0075678825378418 -0.0462265014648438 -0.0516319274902344
-0.00268411636352539 0.00831127166748047 -0.0444107055664063 -0.0431900024414063
-0.0053257942199707 0.00212430953979492 -0.0311775207519531 -0.0475006103515625
-0.00635910034179688 -0.00813102722167969 -0.0252799987792969 -0.0476913452148438
0.00150299072265625 -0.0213356018066406 -0.0189933776855469 -0.0565109252929688
0.0277328491210938 -0.0121860504150391 0.00167083740234376 -0.0669326782226563
0.0425605773925781 0.00905990600585938 -0.0115280151367188 -0.089935302734375
0.0404472351074219 0.0314254760742188 -0.0143508911132813 -0.117774963378906
0.0372543334960938 0.0616302490234375 0.030242919921875 -0.0865249633789063
0.0341987609863281 0.0159568786621094 -0.0111207962036133 -0.0155210494995117
0.02850341796875 -0.0055999755859375 0.03619384765625 0.0232429504394531
0.0105810165405273 -0.00921344757080078 0.0668754577636719 -0.0124130249023438
0.00356101989746094 -0.0104837417602539 0.0506744384765625 -0.0565109252929687
-0.0015716552734375 -0.0094757080078125 0.00384521484375 -0.0818939208984375
-0.0131044387817383 -0.013148307800293 -0.0397453308105469 -0.0668716430664063
-0.0145359039306641 -0.0188426971435547 -0.0421409606933594 -0.0482406616210937
-0.0158367156982422 -0.0177421569824219 -0.0428123474121094 -0.0387992858886719
-0.0047149658203125 -0.0241012573242188 -0.0330924987792969 -0.0399742126464844
0.0116443634033203 -0.0297679901123047 -0.0276336669921875 -0.0409507751464844
0.0342502593994141 -0.026947021484375 -0.0250587463378906 -0.0531997680664063
0.0575141906738281 0.0139083862304688 -0.00403213500976562 -0.0607337951660156
0.0545272827148438 0.0471343994140625 -0.0151519775390625 -0.0804977416992188
0.0385208129882813 0.0803985595703125 -0.0141372680664063 -0.101242065429688
0.0288238525390625 0.102294921875 0.0393829345703125 -0.0644683837890625
0.0439109802246094 0.0571975708007813 -0.00575828552246094 -0.00294017791748047
0.0649833679199219 0.0191154479980469 0.0398902893066406 0.0345993041992188
0.0454673767089844 -0.0144729614257812 0.073089599609375 -0.0012969970703125
0.0251674652099609 -0.0345916748046875 0.0593185424804688 -0.0479774475097656
-0.00232696533203125 -0.0362205505371094 0.0106201171875 -0.0734786987304688
-0.0245437622070312 -0.0355224609375 -0.0316352844238281 -0.0579185485839844
-0.0253982543945313 -0.0435829162597656 -0.0320396423339844 -0.0372352600097656
-0.0291366577148437 -0.04052734375 -0.0350990295410156 -0.0262374877929688
-0.00806045532226563 -0.0463218688964844 -0.0326404571533203 -0.0235729217529297
0.0218849182128906 -0.0513801574707031 -0.0311717987060547 -0.0268001556396484
0.0575370788574219 -0.0379257202148438 -0.0338134765625 -0.0445785522460938
0.0850753784179688 0.02734375 -0.011932373046875 -0.0529861450195313
0.066375732421875 0.0723876953125 -0.0145072937011719 -0.0662765502929688
0.0356369018554688 0.115020751953125 -0.0140457153320312 -0.0711669921875
0.0132522583007812 0.127677917480469 0.0440177917480469 -0.0278739929199219
0.0415191650390625 0.0926437377929688 -0.000448226928710934 0.0186977386474609
0.091033935546875 0.047515869140625 0.0382232666015625 0.0487327575683594
0.0765151977539063 -0.0117950439453125 0.07232666015625 0.0156707763671875
0.0474586486816406 -0.0507354736328125 0.0634002685546875 -0.0303382873535156
0.00146484375000001 -0.0584373474121094 0.0179862976074219 -0.0556221008300781
-0.0306053161621094 -0.0536918640136719 -0.0184593200683594 -0.0412445068359375
-0.0322494506835938 -0.0616531372070313 -0.0174465179443359 -0.0209751129150391
-0.0398750305175781 -0.055908203125 -0.0220279693603516 -0.00893211364746094
-0.0138778686523438 -0.0609207153320312 -0.0271053314208984 -0.00152397155761719
0.0241851806640625 -0.0674362182617188 -0.0316734313964844 -0.00896263122558595
0.0685043334960938 -0.0482902526855469 -0.0391921997070312 -0.0310630798339844
0.101112365722656 0.031829833984375 -0.0168113708496094 -0.0433540344238281
0.0727386474609375 0.0843505859375 -0.008941650390625 -0.0497360229492187
0.030364990234375 0.13262939453125 -0.0126113891601562 -0.0342941284179688
-0.00574493408203126 0.130729675292969 0.0413475036621094 0.0168495178222656
0.0282745361328125 0.111480712890625 0.00228500366210938 0.0452423095703125
0.0956344604492187 0.0720062255859375 0.0309600830078125 0.0612411499023438
0.0931015014648438 -0.00125885009765625 0.0631828308105469 0.0339698791503906
0.0638618469238281 -0.0552902221679688 0.0597457885742188 -0.0071563720703125
0.00682830810546875 -0.0705642700195313 0.0229454040527344 -0.0293121337890625
-0.0316390991210938 -0.0626716613769531 -0.00293350219726563 -0.0189876556396484
-0.0347442626953125 -0.0696372985839844 -0.000460863113403322 -0.00119531154632569
-0.0448417663574219 -0.063690185546875 -0.00541114807128906 0.0112104415893555
-0.0176124572753906 -0.06707763671875 -0.0172595977783203 0.020782470703125
0.0235061645507813 -0.07366943359375 -0.0284461975097656 0.00993919372558593
0.0704269409179688 -0.05047607421875 -0.0406265258789063 -0.016571044921875
0.102867126464844 0.0337753295898438 -0.0192089080810547 -0.0333538055419922
0.0678024291992188 0.0872116088867188 0.00161933898925781 -0.0324306488037109
0.0194549560546875 0.130943298339844 -0.00981616973876953 0.00540447235107423
-0.0224380493164063 0.10943603515625 0.0350456237792969 0.0598793029785156
0.00753021240234374 0.106163024902344 0.00354766845703125 0.069610595703125
0.0788726806640625 0.0822372436523438 0.02044677734375 0.0689659118652344
0.08831787109375 0.0118865966796875 0.0474395751953125 0.0481529235839844
0.0672264099121094 -0.0464096069335938 0.0487823486328125 0.0160980224609375
0.0114974975585938 -0.0692291259765625 0.0252742767333984 -0.000999450683593754
-0.0275497436523438 -0.0615997314453125 0.0129365921020508 0.00449752807617187
-0.0317878723144531 -0.0675506591796875 0.0163888931274414 0.0172939300537109
-0.0430335998535156 -0.0629997253417969 0.0112228393554687 0.0299224853515625
-0.0169219970703125 -0.0643959045410156 -0.00767135620117188 0.0412254333496094
0.0221900939941406 -0.0701637268066406 -0.025726318359375 0.0266456604003906
0.0662918090820313 -0.0438346862792969 -0.0397796630859375 -0.00287246704101563
0.09112548828125 0.037261962890625 -0.0203819274902344 -0.0233173370361328
0.0507125854492188 0.08380126953125 0.0103855133056641 -0.0171833038330078
0.00235748291015625 0.113601684570312 -0.00918960571289062 0.0406036376953125
-0.032623291015625 0.0687675476074219 0.025848388671875 0.0936126708984375
-0.0114517211914063 0.07794189453125 0.004638671875 0.0880126953125
0.0474090576171875 0.0719833374023438 0.00995254516601563 0.0702552795410156
0.0655632019042969 0.0192108154296875 0.0306968688964844 0.0554771423339844
0.0555152893066406 -0.0307846069335938 0.0345287322998047 0.03271484375
0.0122146606445313 -0.0553932189941406 0.0256233215332031 0.02362060546875
-0.01983642578125 -0.0499305725097656 0.0274562835693359 0.0248622894287109
-0.0241737365722656 -0.0553817749023438 0.0312728881835938 0.0330982208251953
-0.0341644287109375 -0.0531044006347656 0.026458740234375 0.0466499328613281
-0.0126380920410156 -0.0546493530273437 0.000766754150390624 0.0584602355957031
0.0212974548339844 -0.057586669921875 -0.0242767333984375 0.0409736633300781
0.0571670532226563 -0.0312042236328125 -0.0403289794921875 0.00872039794921876
0.0697860717773438 0.0403480529785156 -0.0224857330322266 -0.0171241760253906
0.0261917114257813 0.0733566284179687 0.0162773132324219 -0.00359630584716796
-0.0167922973632813 0.0812911987304688 -0.0133323669433594 0.0680580139160156
-0.0373802185058594 0.0159263610839844 0.0195999145507812 0.110649108886719
-0.0258369445800781 0.0365142822265625 0.00769805908203126 0.09466552734375
0.0121269226074219 0.0465164184570313 0.00339126586914063 0.0665130615234375
0.0319900512695313 0.0196056365966797 0.0192375183105469 0.0574760437011719
0.0331268310546875 -0.0121421813964844 0.0243644714355469 0.0424957275390625
0.00931549072265625 -0.0329132080078125 0.0262069702148438 0.0392303466796875
-0.0103130340576172 -0.0305747985839844 0.0380821228027344 0.0382118225097656
-0.0132808685302734 -0.0348625183105469 0.0411415100097656 0.043304443359375
-0.0208740234375 -0.0376052856445313 0.0365829467773438 0.0590438842773438
-0.00619888305664062 -0.0387420654296875 0.00492858886718749 0.07147216796875
0.0189170837402344 -0.0396652221679688 -0.0264015197753906 0.0516128540039062
0.0422592163085937 -0.0162544250488281 -0.0430755615234375 0.0169296264648438
0.0424995422363281 0.0377120971679688 -0.0268135070800781 -0.0129375457763672
0.000423431396484374 0.0549430847167969 0.0151653289794922 0.00646495819091797
-0.0335235595703125 0.0388450622558594 -0.0229644775390625 0.0862274169921875
0.0365104675292969 0.0122947692871094 0.0170516967773438 -0.09344482421875
0.0157489776611328 -0.0223045349121094 -0.0160980224609375 -0.0175371170043945
-0.0104408264160156 -0.0217418670654297 0.0307521820068359 0.0174369812011719
-0.0193386077880859 0.00136947631835938 0.0575637817382813 -0.0176315307617188
-0.0119829177856445 0.0157022476196289 0.0403556823730469 -0.0571632385253906
0.00321102142333984 0.0161552429199219 -0.0017547607421875 -0.0808029174804687
0.0022735595703125 0.0094614028930664 -0.0436134338378906 -0.0655288696289063
-0.00169038772583008 0.00768899917602539 -0.0475234985351562 -0.0489616394042969
-0.00213336944580078 0.00780344009399414 -0.04534912109375 -0.0406761169433594
-0.00489568710327148 0.0016779899597168 -0.0327415466308594 -0.0466575622558594
-0.00688838958740234 -0.00794458389282227 -0.0269508361816406 -0.0472450256347656
0.000421524047851563 -0.0210437774658203 -0.0194435119628906 -0.0558204650878906
0.0272045135498047 -0.0123443603515625 0.0012969970703125 -0.0660362243652344
0.0420913696289063 0.00770187377929688 -0.0124893188476562 -0.08782958984375
0.0408592224121094 0.030181884765625 -0.016632080078125 -0.114982604980469
0.0389785766601562 0.0595779418945313 0.0275421142578125 -0.0848922729492188
0.03460693359375 0.0144252777099609 -0.0117921829223633 -0.0137519836425781
0.0277557373046875 -0.00703239440917969 0.0358543395996094 0.0233192443847656
0.0100679397583008 -0.00986003875732422 0.0659523010253906 -0.012908935546875
0.0032196044921875 -0.0104961395263672 0.0496330261230469 -0.0571708679199219
-0.00187873840332031 -0.00900554656982422 0.002349853515625 -0.0809783935546875
-0.0127658843994141 -0.0124177932739258 -0.0411834716796875 -0.0648612976074219
-0.0151233673095703 -0.0180797576904297 -0.0436439514160156 -0.0458106994628906
-0.0160655975341797 -0.0169553756713867 -0.0438613891601563 -0.0364952087402344
-0.0047607421875 -0.0232639312744141 -0.0347366333007812 -0.0389213562011719
0.0111236572265625 -0.0299434661865234 -0.0292587280273437 -0.0405311584472656
0.0322647094726563 -0.0277042388916016 -0.0260734558105469 -0.052001953125
0.0579376220703125 0.0122909545898438 -0.00465011596679687 -0.0597991943359375
0.0545501708984375 0.0449409484863281 -0.0164718627929687 -0.0786514282226562
0.039947509765625 0.0784912109375 -0.0161285400390625 -0.09918212890625
0.0315017700195312 0.100418090820313 0.0369453430175781 -0.0632972717285156
0.044769287109375 0.0553169250488281 -0.00675868988037109 -0.0011606216430664
0.0644645690917969 0.0162353515625 0.0394821166992188 0.0345802307128906
0.0444107055664063 -0.0154991149902344 0.072296142578125 -0.0019073486328125
0.0235996246337891 -0.0347938537597656 0.0584869384765625 -0.0485992431640625
-0.00291061401367188 -0.0355682373046875 0.00901031494140625 -0.0735092163085938
-0.0248813629150391 -0.0340061187744141 -0.0327796936035156 -0.0558624267578125
-0.0266685485839844 -0.0422096252441406 -0.0330963134765625 -0.03564453125
-0.029937744140625 -0.0386772155761719 -0.0358314514160156 -0.0248146057128906
-0.00901412963867188 -0.0454597473144531 -0.0331554412841797 -0.0224037170410156
0.0201034545898438 -0.0514793395996094 -0.0320892333984375 -0.0265789031982422
0.0554771423339844 -0.0391578674316406 -0.0346755981445313 -0.0432701110839844
0.0850448608398438 0.0238113403320313 -0.0120201110839844 -0.0524559020996094
0.0673561096191406 0.0693206787109375 -0.0155830383300781 -0.0649528503417969
0.0385894775390625 0.113182067871094 -0.0158119201660156 -0.0694541931152344
0.0166473388671875 0.125755310058594 0.0422248840332031 -0.02764892578125
0.0439453125 0.0904083251953125 -0.00122833251953125 0.0196475982666016
0.09112548828125 0.0430908203125 0.0376968383789063 0.0478591918945313
0.0751113891601563 -0.0135498046875 0.072174072265625 0.0147933959960938
0.0450553894042969 -0.0518875122070312 0.0624351501464844 -0.031280517578125
-0.000148773193359378 -0.0571365356445313 0.0171852111816406 -0.0556106567382813
-0.0319633483886719 -0.0513381958007812 -0.0192337036132813 -0.0402450561523438
-0.0343360900878906 -0.0592460632324219 -0.0181427001953125 -0.0202884674072266
-0.0412788391113281 -0.053741455078125 -0.0226860046386719 -0.0077495574951172
-0.0149154663085937 -0.0594291687011719 -0.0269374847412109 -0.00156021118164063
0.0220527648925781 -0.0668067932128906 -0.0322322845458984 -0.0087718963623047
0.0659561157226563 -0.0498008728027344 -0.0399398803710937 -0.0300331115722656
0.101005554199219 0.0276412963867188 -0.0171546936035156 -0.0427436828613281
0.0740814208984375 0.0813980102539063 -0.00973510742187499 -0.048797607421875
0.0338287353515625 0.129638671875 -0.0137138366699219 -0.0329723358154297
-0.00219726562500001 0.129203796386719 0.0408515930175781 0.0168914794921875
0.0308837890625 0.109268188476563 0.00225067138671875 0.0451736450195313
0.0965576171875 0.0679855346679688 0.0308799743652344 0.0608291625976563
0.0917816162109375 -0.00366973876953125 0.0630264282226563 0.0324516296386719
0.0618934631347656 -0.056304931640625 0.0600357055664063 -0.00804519653320313
0.00492477416992188 -0.0693702697753906 0.0225563049316406 -0.0296001434326172
-0.0328559875488281 -0.0606651306152344 -0.00303459167480469 -0.0184841156005859
-0.03704833984375 -0.0675926208496094 -0.00031852722167969 -0.00144445896148682
-0.0461883544921875 -0.0608863830566406 -0.00565338134765625 0.0107555389404297
-0.0188522338867188 -0.0647926330566406 -0.0165138244628906 0.0208034515380859
0.0211639404296875 -0.0732345581054688 -0.0286121368408203 0.00964546203613281
0.0680580139160156 -0.0517997741699219 -0.0413818359375 -0.01556396484375
0.102691650390625 0.0294723510742188 -0.0192451477050781 -0.0329437255859375
0.0688552856445313 0.08447265625 0.000856399536132819 -0.0326118469238281
0.0225143432617188 0.128761291503906 -0.0102853775024414 0.00541305541992188
-0.018890380859375 0.108840942382813 0.0356712341308594 0.0584678649902344
0.00969696044921875 0.104362487792969 0.00409317016601562 0.0689811706542969
0.07989501953125 0.0782928466796875 0.0200538635253906 0.0683326721191406
0.0878219604492188 0.00959014892578125 0.0477180480957031 0.0471000671386719
0.0653076171875 -0.0478057861328125 0.0494346618652344 0.01513671875
0.00944137573242187 -0.0686683654785156 0.0259170532226562 -0.00144386291503907
-0.0289306640625 -0.0595321655273438 0.0135231018066406 0.0040597915649414
-0.0341224670410156 -0.0658531188964844 0.0169086456298828 0.0159511566162109
-0.0447654724121094 -0.0600433349609375 0.01220703125 0.0288791656494141
-0.018218994140625 -0.0626449584960938 -0.00635528564453125 0.0405197143554687
0.0202140808105469 -0.0692481994628906 -0.0254421234130859 0.0259895324707031
0.0641746520996094 -0.04473876953125 -0.0401496887207031 -0.00196456909179688
0.0911102294921875 0.033599853515625 -0.0200271606445312 -0.0234088897705078
0.0519638061523438 0.0814285278320312 0.0103778839111328 -0.0178966522216797
0.00541687011718749 0.111366271972656 -0.008697509765625 0.040313720703125
-0.0302581787109375 0.0684928894042969 0.0273895263671875 0.0920333862304688
-0.0092315673828125 0.076934814453125 0.00598907470703126 0.0863876342773438
0.0487709045410156 0.0690879821777344 0.0100936889648437 0.0692520141601563
0.0656547546386719 0.0175437927246094 0.0311698913574219 0.0546226501464844
0.0543708801269531 -0.0320243835449219 0.0356712341308594 0.0318756103515625
0.00996017456054687 -0.0547714233398438 0.0267353057861328 0.0229473114013672
-0.0209197998046875 -0.04827880859375 0.0283832550048828 0.0239963531494141
-0.0262527465820312 -0.0532073974609375 0.0312919616699219 0.0311450958251953
-0.0358085632324219 -0.0512809753417969 0.0273017883300781 0.0444107055664063
-0.0135498046875 -0.0532989501953125 0.00288009643554687 0.0572967529296875
0.0197525024414062 -0.0574111938476562 -0.0237045288085938 0.0406036376953125
0.0555992126464844 -0.0317764282226563 -0.0402565002441406 0.00933837890624999
0.070159912109375 0.0375022888183594 -0.0221633911132813 -0.0168838500976563
0.027923583984375 0.0719375610351563 0.0156431198120117 -0.00466823577880859
-0.0142822265625 0.0799636840820313 -0.0120697021484375 0.0677223205566406
-0.0365180969238281 0.0167465209960937 0.0215835571289063 0.108673095703125
-0.0252189636230469 0.0363922119140625 0.00871276855468751 0.0923614501953125
0.0135269165039062 0.0453376770019531 0.00368499755859375 0.0654258728027344
0.0325393676757813 0.0186042785644531 0.0199356079101563 0.0567817687988281
0.0327301025390625 -0.0126304626464844 0.0250167846679688 0.0421791076660156
0.00823783874511719 -0.0327930450439453 0.02789306640625 0.0385093688964844
-0.0109786987304688 -0.0291595458984375 0.0390090942382813 0.0367584228515625
-0.0148773193359375 -0.0339336395263672 0.041961669921875 0.0410194396972656
-0.02191162109375 -0.0360183715820312 0.0380325317382813 0.0568008422851563
-0.00711822509765625 -0.0381278991699219 0.00711441040039063 0.0700035095214844
0.0175094604492188 -0.03985595703125 -0.0257377624511719 0.0512313842773438
0.0413818359375 -0.0168800354003906 -0.0425987243652344 0.0173301696777344
0.0432624816894531 0.03564453125 -0.0267105102539062 -0.013214111328125
0.00164413452148437 0.0542793273925781 0.0148229598999023 0.00501346588134766
-0.0324058532714844 0.038818359375 -0.02117919921875 0.0850753784179688
0.0371360778808594 0.012298583984375 0.0167388916015625 -0.0925979614257813
0.0160331726074219 -0.0223884582519531 -0.0162744522094727 -0.0163784027099609
-0.0107288360595703 -0.0219993591308594 0.0304718017578125 0.0178394317626953
-0.0194644927978516 0.00149726867675781 0.058074951171875 -0.0174026489257813
-0.0113325119018555 0.0158529281616211 0.0403785705566406 -0.0568809509277344
0.00304508209228516 0.0160417556762695 -0.00186157226562499 -0.0805892944335938
0.00248146057128906 0.00895595550537109 -0.044464111328125 -0.0650901794433594
-0.00150060653686523 0.00775861740112305 -0.0482559204101563 -0.0473899841308594
-0.00164937973022461 0.00808191299438477 -0.0457916259765625 -0.0397987365722656
-0.00475931167602539 0.00144433975219726 -0.0335655212402344 -0.0467147827148438
-0.00686502456665039 -0.00813150405883789 -0.0273246765136719 -0.0475502014160156
-4.38690185546869E-05 -0.0207462310791016 -0.0194740295410156 -0.0559043884277344
0.0271778106689453 -0.013458251953125 0.0021209716796875 -0.0658035278320312
0.0423583984375 0.00735092163085938 -0.0125274658203125 -0.0869903564453125
0.0405044555664063 0.03021240234375 -0.016448974609375 -0.114578247070313
0.0394973754882813 0.0598564147949219 0.02728271484375 -0.0842971801757813
0.0350818634033203 0.0139904022216797 -0.0120925903320313 -0.0125150680541992
0.0276126861572266 -0.00732994079589844 0.0357589721679688 0.0236740112304688
0.0101232528686523 -0.00948524475097656 0.0663719177246094 -0.0125389099121094
0.00251197814941406 -0.0100173950195313 0.0497665405273437 -0.0567588806152344
-0.001922607421875 -0.00885486602783203 0.00199127197265626 -0.0815353393554688
-0.0128068923950195 -0.0122432708740234 -0.0418052673339844 -0.063629150390625
-0.0153560638427734 -0.0180301666259766 -0.0444717407226563 -0.0452308654785156
-0.0160131454467773 -0.016566276550293 -0.0448760986328125 -0.0361900329589844
-0.00495529174804687 -0.0234336853027344 -0.0351333618164062 -0.0388755798339844
0.0110816955566406 -0.0302352905273438 -0.0296440124511719 -0.0412788391113281
0.0322418212890625 -0.0274677276611328 -0.0263252258300781 -0.0523338317871094
0.0578460693359375 0.0110282897949219 -0.00356674194335937 -0.0602378845214844
0.0548477172851563 0.0442695617675781 -0.0160675048828125 -0.0776443481445313
0.04046630859375 0.0781784057617188 -0.016021728515625 -0.0982666015625
0.0320358276367187 0.100151062011719 0.0365447998046875 -0.0627861022949219
0.0457038879394531 0.0548591613769531 -0.00736379623413086 0.000159740447998052
0.0646018981933594 0.0150947570800781 0.0386161804199219 0.0352020263671875
0.0440788269042969 -0.0157318115234375 0.0724029541015625 -0.00150299072265625
0.0228862762451172 -0.0348854064941406 0.0589942932128906 -0.0490150451660156
-0.00310897827148437 -0.0348434448242187 0.00885772705078125 -0.0736923217773437
-0.0248222351074219 -0.0336151123046875 -0.0332107543945313 -0.055267333984375
-0.0275764465332031 -0.0417404174804688 -0.0336456298828125 -0.0350875854492187
-0.0305557250976562 -0.0384407043457031 -0.0365982055664063 -0.0243759155273438
-0.00897598266601562 -0.044921875 -0.0337200164794922 -0.0223522186279297
0.0200729370117188 -0.051666259765625 -0.0328998565673828 -0.0275249481201172
0.05474853515625 -0.0396232604980469 -0.0351066589355469 -0.0434494018554687
0.0850372314453125 0.0231094360351563 -0.0111579895019531 -0.0528717041015625
0.0674400329589844 0.0687103271484375 -0.0154914855957031 -0.0641365051269531
0.0392990112304688 0.112144470214844 -0.0155487060546875 -0.0685272216796875
0.0177764892578125 0.125282287597656 0.0416603088378906 -0.0268325805664062
0.0447769165039062 0.0895233154296875 -0.00220870971679687 0.0205230712890625
0.09136962890625 0.0418243408203125 0.0367317199707031 0.0489768981933594
0.0743331909179687 -0.0139999389648437 0.0716934204101562 0.0146865844726562
0.0447349548339844 -0.0518684387207031 0.0636978149414063 -0.03155517578125
-0.000625610351562501 -0.0567054748535156 0.0172195434570313 -0.0556983947753906
-0.0320358276367187 -0.0506248474121094 -0.0190238952636719 -0.0397377014160156
-0.0354766845703125 -0.0584449768066406 -0.018646240234375 -0.0201187133789063
-0.0418281555175781 -0.0526046752929688 -0.023101806640625 -0.00775337219238282
-0.0148353576660156 -0.0587501525878906 -0.0271892547607422 -0.00161170959472657
0.0215225219726563 -0.0670242309570312 -0.0329647064208984 -0.00965881347656251
0.0654067993164063 -0.0498886108398438 -0.0405311584472656 -0.0299415588378906
0.101226806640625 0.0259246826171875 -0.0164260864257812 -0.0436820983886719
0.074371337890625 0.0804443359375 -0.00941848754882812 -0.048736572265625
0.0349807739257813 0.129371643066406 -0.0138015747070313 -0.0325393676757812
-0.00128936767578125 0.129684448242188 0.0403861999511719 0.0170783996582031
0.03106689453125 0.108421325683594 0.00163650512695312 0.0461006164550781
0.0973129272460938 0.0657196044921875 0.0294914245605469 0.0611305236816406
0.091644287109375 -0.003662109375 0.06268310546875 0.033172607421875
0.060516357421875 -0.0564651489257812 0.0605049133300781 -0.00806808471679688
0.00422286987304687 -0.0689468383789062 0.023529052734375 -0.0295639038085938
-0.03289794921875 -0.0599327087402344 -0.0025177001953125 -0.0183677673339844
-0.03814697265625 -0.0669784545898438 -0.00115633010864258 -0.00222039222717286
-0.0470542907714844 -0.0598335266113281 -0.00599765777587891 0.0108823776245117
-0.0187721252441406 -0.0645332336425781 -0.0163097381591797 0.0203647613525391
0.0203857421875 -0.073211669921875 -0.0299625396728516 0.00899314880371094
0.0674247741699219 -0.0519561767578125 -0.0419158935546875 -0.0153121948242188
0.102775573730469 0.0283432006835938 -0.0186328887939453 -0.0337543487548828
0.0690994262695312 0.0834274291992188 0.00066566467285157 -0.0332794189453125
0.0235366821289063 0.128257751464844 -0.0100030899047852 0.00539016723632813
-0.0181350708007813 0.108894348144531 0.0352706909179688 0.05902099609375
0.010589599609375 0.103530883789062 0.00339126586914063 0.0693473815917969
0.0805892944335938 0.0769500732421875 0.0188827514648438 0.0688552856445312
0.0872268676757813 0.0093994140625 0.04754638671875 0.0475997924804688
0.0647430419921875 -0.0481719970703125 0.0505027770996094 0.0153388977050781
0.00889205932617188 -0.0682640075683594 0.0271186828613281 -0.00142288208007813
-0.0288925170898438 -0.0592460632324219 0.0142011642456055 0.00403785705566406
-0.0352973937988281 -0.0647354125976563 0.0167379379272461 0.0154476165771484
-0.0452384948730469 -0.0587234497070313 0.0116863250732422 0.0286769866943359
-0.0182113647460937 -0.0621452331542969 -0.0056915283203125 0.040069580078125
0.01959228515625 -0.0688743591308594 -0.0259304046630859 0.0256786346435547
0.0631866455078125 -0.0451431274414063 -0.0413055419921875 -0.00210189819335938
0.0910797119140625 0.0323410034179688 -0.019927978515625 -0.0245323181152344
0.0526351928710938 0.0807037353515625 0.0101127624511719 -0.0185737609863281
0.00614166259765626 0.110984802246094 -0.00907897949218751 0.0398902893066406
-0.0300827026367188 0.0686454772949219 0.0272979736328125 0.092010498046875
-0.00908660888671874 0.0763015747070313 0.00479888916015625 0.0856857299804687
0.0496063232421875 0.0681228637695313 0.00890350341796875 0.0693244934082031
0.0656852722167969 0.0173377990722656 0.0306816101074219 0.0550041198730469
0.0536651611328125 -0.03240966796875 0.0365753173828125 0.0326576232910156
0.0098114013671875 -0.0547943115234375 0.0276508331298828 0.0231208801269531
-0.0212669372558594 -0.0480422973632813 0.0289554595947266 0.0232086181640625
-0.0271453857421875 -0.0527992248535156 0.0317878723144531 0.0300159454345703
-0.0366058349609375 -0.0497779846191406 0.0273933410644531 0.0436477661132813
-0.0140228271484375 -0.052703857421875 0.00297927856445313 0.0566520690917969
0.0189361572265625 -0.0570602416992188 -0.0243759155273438 0.0401458740234375
0.0549125671386719 -0.0320205688476563 -0.0407638549804687 0.00896072387695311
0.069976806640625 0.0366096496582031 -0.02197265625 -0.0175285339355469
0.0286788940429687 0.0714187622070313 0.0155620574951172 -0.00605106353759765
-0.014190673828125 0.079864501953125 -0.0120010375976562 0.0670051574707031
-0.036346435546875 0.0169486999511719 0.0215606689453125 0.108283996582031
-0.0244026184082031 0.036224365234375 0.00830078125000001 0.0917510986328125
0.0137710571289063 0.0443840026855469 0.00286483764648438 0.0654830932617188
0.03289794921875 0.0188255310058594 0.0194625854492188 0.0572891235351563
0.0325336456298828 -0.0132770538330078 0.0259056091308594 0.0426712036132813
0.00793266296386719 -0.0325241088867187 0.0290641784667969 0.0385780334472656
-0.010986328125 -0.0289993286132812 0.0399551391601562 0.0356864929199219
-0.0152301788330078 -0.0334091186523438 0.0418891906738281 0.0398902893066406
-0.0223388671875 -0.0352020263671875 0.0380783081054688 0.0553016662597656
-0.00728988647460938 -0.0376815795898438 0.00756454467773438 0.0694465637207031
0.0171852111816406 -0.0396957397460937 -0.0261917114257812 0.0512123107910156
0.0410957336425781 -0.0171546936035156 -0.0429801940917969 0.0169448852539062
0.0432853698730469 0.0353736877441406 -0.0265769958496094 -0.0139579772949219
0.00235366821289062 0.0536117553710938 0.0149745941162109 0.0035247802734375
-0.0323410034179687 0.0385551452636719 -0.0215682983398438 0.0846939086914062
0.0382270812988281 0.0130729675292969 0.0172805786132813 -0.0941925048828125
0.0161209106445313 -0.0229415893554688 -0.0170812606811523 -0.0159931182861328
-0.0111808776855469 -0.0225372314453125 0.0312309265136719 0.0194015502929688
-0.0197238922119141 0.00116348266601563 0.0595207214355469 -0.0167388916015625
-0.011530876159668 0.0165786743164062 0.0423088073730469 -0.0581245422363281
0.00359535217285156 0.0164861679077148 -0.0018463134765625 -0.0828399658203125
0.00242233276367188 0.00909996032714844 -0.0462188720703125 -0.0656967163085938
-0.00169086456298828 0.00780630111694336 -0.0499725341796875 -0.0476150512695313
-0.00191974639892578 0.00791168212890625 -0.04742431640625 -0.0398178100585938
-0.00452136993408203 0.00130033493041992 -0.0352210998535156 -0.0481605529785156
-0.00692558288574219 -0.00831508636474609 -0.0286178588867188 -0.04925537109375
-7.82012939453137E-05 -0.0208072662353516 -0.0190696716308594 -0.0574378967285156
0.0281620025634766 -0.0133647918701172 0.00387954711914062 -0.0676155090332031
0.0426597595214844 0.00689315795898438 -0.0114593505859375 -0.0879745483398438
0.0412521362304687 0.0310592651367187 -0.0155029296875 -0.116065979003906
0.0407600402832031 0.0610084533691406 0.0282440185546875 -0.0851974487304688
0.0359344482421875 0.0143241882324219 -0.0123987197875977 -0.0115013122558594
0.027801513671875 -0.00829887390136719 0.0362701416015625 0.0252609252929687
0.00987625122070313 -0.00979042053222656 0.0680198669433594 -0.0119857788085938
0.00283336639404297 -0.00988101959228516 0.0514640808105469 -0.0582389831542969
-0.00153541564941406 -0.00887012481689453 0.002288818359375 -0.0834808349609375
-0.0132198333740234 -0.0124406814575195 -0.0430145263671875 -0.0648078918457031
-0.0159397125244141 -0.0176906585693359 -0.0459747314453125 -0.0448989868164063
-0.0163278579711914 -0.0173368453979492 -0.0457572937011719 -0.0361328125
-0.00452232360839844 -0.0242481231689453 -0.0366134643554688 -0.0401611328125
0.0108203887939453 -0.0308151245117187 -0.0312156677246094 -0.0429496765136719
0.0325508117675781 -0.0279827117919922 -0.0261268615722656 -0.0536537170410156
0.0592498779296875 0.011383056640625 -0.00215530395507812 -0.0615348815917969
0.055511474609375 0.0445976257324219 -0.0153961181640625 -0.0787277221679688
0.0411529541015625 0.080352783203125 -0.0156707763671875 -0.099639892578125
0.0333175659179687 0.101966857910156 0.0375099182128906 -0.0623893737792969
0.0463409423828125 0.0557136535644531 -0.00788402557373047 0.00140810012817383
0.0657386779785156 0.0148468017578125 0.0387687683105469 0.0373954772949219
0.0449600219726563 -0.0160408020019531 0.0740432739257812 -0.000648498535156251
0.0227622985839844 -0.0349960327148438 0.0608940124511719 -0.0498580932617188
-0.00297164916992187 -0.035430908203125 0.00958251953125 -0.0752487182617188
-0.0253353118896484 -0.0341968536376953 -0.0337753295898438 -0.0564765930175781
-0.0286102294921875 -0.0420150756835938 -0.0351295471191406 -0.0352821350097656
-0.0308914184570313 -0.0386810302734375 -0.0378837585449219 -0.0243644714355469
-0.00862884521484375 -0.0458221435546875 -0.0344600677490234 -0.0232219696044922
0.0203361511230469 -0.0525779724121094 -0.0343132019042969 -0.0287227630615234
0.0556678771972656 -0.0397071838378906 -0.0357704162597656 -0.0441703796386719
0.0870742797851563 0.0230789184570313 -0.00970458984374999 -0.0546875
0.0684852600097656 0.0697021484375 -0.0150909423828125 -0.0650787353515625
0.0400009155273437 0.114463806152344 -0.0157203674316406 -0.0696182250976562
0.018402099609375 0.128173828125 0.0425758361816406 -0.0261306762695312
0.045562744140625 0.0911483764648438 -0.00287055969238281 0.0219326019287109
0.093475341796875 0.0416183471679688 0.0362701416015625 0.0510978698730469
0.076080322265625 -0.014129638671875 0.0735702514648438 0.0167312622070313
0.0447425842285156 -0.0530166625976562 0.0661506652832031 -0.0321426391601563
-0.00037002563476562 -0.0575180053710938 0.0179290771484375 -0.0568962097167969
-0.0323524475097656 -0.0514678955078125 -0.01910400390625 -0.040771484375
-0.0370292663574219 -0.0591583251953125 -0.0195503234863281 -0.0204257965087891
-0.0427207946777344 -0.0535354614257813 -0.0242290496826172 -0.00752639770507812
-0.0149497985839844 -0.0598487854003906 -0.0281219482421875 -0.00196266174316407
0.0219573974609375 -0.0680389404296875 -0.0341587066650391 -0.0103645324707031
0.0663681030273438 -0.0508003234863281 -0.0417327880859375 -0.0308647155761719
0.103424072265625 0.025848388671875 -0.0156517028808594 -0.0449256896972656
0.0756301879882813 0.082000732421875 -0.00939178466796874 -0.0500221252441406
0.0358428955078125 0.1312255859375 -0.0136394500732422 -0.0326576232910156
-0.00133514404296876 0.131690979003906 0.040863037109375 0.0186080932617188
0.0321121215820312 0.11004638671875 9.91821289062493E-05 0.0478057861328125
0.0994186401367188 0.0660781860351563 0.0288200378417969 0.0633468627929688
0.0928878784179688 -0.00353240966796875 0.0636672973632813 0.0352630615234375
0.0611038208007813 -0.0575370788574219 0.0627899169921875 -0.00774383544921875
0.00481414794921876 -0.0702171325683594 0.0246829986572266 -0.0302238464355469
-0.0334129333496094 -0.0609016418457031 -0.00218772888183594 -0.0186996459960938
-0.0398368835449219 -0.0677909851074219 -0.00121760368347168 -0.00204634666442871
-0.048187255859375 -0.0601768493652344 -0.00660324096679688 0.010859489440918
-0.0188560485839844 -0.0652618408203125 -0.0172042846679688 0.0202865600585937
0.0205764770507813 -0.073883056640625 -0.0312442779541016 0.00846290588378906
0.0685768127441406 -0.0529937744140625 -0.04339599609375 -0.015838623046875
0.104820251464844 0.0282058715820312 -0.0183601379394531 -0.0357513427734375
0.0708236694335937 0.0850830078125 0.00101470947265625 -0.0342292785644531
0.0240020751953125 0.130271911621094 -0.0105371475219727 0.00581550598144532
-0.0184249877929688 0.110946655273438 0.0353507995605469 0.0606765747070313
0.0104446411132812 0.105079650878906 0.00203704833984375 0.071075439453125
0.081939697265625 0.077484130859375 0.017730712890625 0.0707931518554688
0.0889816284179688 0.0103073120117188 0.0476875305175781 0.0500755310058594
0.0660057067871094 -0.0493850708007812 0.0522537231445313 0.016082763671875
0.00931167602539062 -0.0693855285644531 0.0284500122070312 -0.00148582458496094
-0.0292320251464844 -0.0601615905761719 0.0150823593139648 0.00351715087890625
-0.0365562438964844 -0.0656890869140625 0.0168046951293945 0.0150413513183594
-0.0463600158691406 -0.05926513671875 0.0113410949707031 0.0284481048583984
-0.0182723999023437 -0.0629119873046875 -0.00590896606445313 0.0401878356933594
0.0198554992675781 -0.0700607299804688 -0.0270671844482422 0.0256080627441406
0.0646705627441406 -0.0454673767089844 -0.0419425964355469 -0.00242233276367188
0.0929183959960938 0.0325393676757813 -0.0193862915039062 -0.0265178680419922
0.0531539916992188 0.0822906494140625 0.0100975036621094 -0.0197868347167969
0.00618743896484376 0.112541198730469 -0.00942230224609375 0.040863037109375
-0.0304222106933594 0.0700149536132813 0.0269088745117187 0.0941009521484375
-0.009521484375 0.0775146484375 0.00376892089843749 0.0877761840820313
0.04998779296875 0.0688972473144531 0.00782012939453125 0.0714492797851563
0.0661392211914063 0.0182991027832031 0.0306167602539063 0.0569038391113281
0.0548896789550781 -0.033111572265625 0.0383033752441406 0.0338401794433594
0.00998687744140625 -0.0559577941894531 0.0294914245605469 0.0240898132324219
-0.0216407775878906 -0.0485725402832031 0.0304985046386719 0.0231781005859375
-0.0285682678222656 -0.0534553527832031 0.0323410034179688 0.0295391082763672
-0.0373573303222656 -0.0503044128417969 0.0278739929199219 0.0442008972167969
-0.0138931274414063 -0.0537071228027344 0.00314331054687501 0.0570945739746094
0.0192718505859375 -0.058074951171875 -0.0258407592773437 0.0408134460449219
0.0562705993652344 -0.0322227478027344 -0.0419921875 0.00901031494140625
0.0716018676757813 0.036834716796875 -0.0220165252685547 -0.0193958282470703
0.0289840698242187 0.0727920532226563 0.0158710479736328 -0.00707912445068359
-0.0145111083984375 0.0810089111328125 -0.013275146484375 0.0684318542480469
-0.037200927734375 0.0171127319335937 0.021148681640625 0.109970092773438
-0.0252456665039063 0.0366477966308594 0.00726318359374999 0.0935134887695313
0.0141181945800781 0.0450935363769531 0.00144195556640626 0.0674705505371094
0.0330276489257813 0.0192775726318359 0.0189018249511719 0.0592842102050781
0.0328693389892578 -0.0136699676513672 0.0271835327148438 0.0441513061523437
0.00797271728515625 -0.0333633422851563 0.0307350158691406 0.0399513244628906
-0.0110244750976562 -0.0297145843505859 0.0413017272949219 0.0358161926269531
-0.0158405303955078 -0.0340747833251953 0.0429801940917969 0.0393829345703125
-0.0233078002929687 -0.0355567932128906 0.0391921997070313 0.0555763244628906
-0.00775146484375 -0.0386085510253906 0.00745391845703125 0.0701065063476563
0.0174827575683594 -0.0403480529785156 -0.0273895263671875 0.0517959594726563
0.0420646667480469 -0.0169754028320313 -0.0438499450683594 0.0167694091796875
0.0443344116210938 0.0357894897460938 -0.0269412994384766 -0.0156002044677734
0.00281906127929687 0.0549201965332031 0.0146799087524414 0.00296115875244141
-0.0334815979003906 0.0390586853027344 -0.0228729248046875 0.0861053466796875
0.04034423828125 0.013214111328125 0.0172195434570313 -0.0976104736328125
0.0163784027099609 -0.0239429473876953 -0.0178737640380859 -0.0153293609619141
-0.0122337341308594 -0.0234642028808594 0.0323333740234375 0.0205974578857422
-0.0205879211425781 0.00122833251953125 0.0623092651367188 -0.0171356201171875
-0.0119056701660156 0.0179958343505859 0.0437812805175781 -0.0611305236816406
0.00431632995605469 0.0170841217041016 -0.00292968749999999 -0.0861358642578125
0.0024871826171875 0.00911331176757813 -0.0490684509277344 -0.0670433044433594
-0.001800537109375 0.00861120223999024 -0.0528144836425781 -0.0477333068847656
-0.00184392929077148 0.00782346725463867 -0.0495033264160156 -0.0406990051269531
-0.00528621673583984 0.000951766967773438 -0.0380516052246094 -0.0496635437011719
-0.00724506378173828 -0.00855016708374023 -0.0306892395019531 -0.0512313842773437
-0.000686645507812502 -0.0216827392578125 -0.0203208923339844 -0.0597381591796875
0.0292301177978516 -0.0145378112792969 0.00522613525390625 -0.0703887939453125
0.0441207885742188 0.00662994384765625 -0.0119247436523437 -0.0901641845703125
0.0433769226074219 0.032012939453125 -0.016571044921875 -0.1202392578125
0.0430374145507813 0.0631065368652344 0.0284500122070312 -0.0881118774414063
0.0372200012207031 0.0145645141601563 -0.0136785507202148 -0.0105476379394531
0.0286121368408203 -0.00987052917480469 0.0380477905273438 0.0272293090820313
0.0106601715087891 -0.0101652145385742 0.0707626342773438 -0.0122909545898438
0.00240039825439453 -0.00974845886230469 0.0537223815917969 -0.061614990234375
-0.00136756896972656 -0.00901985168457031 0.00136566162109376 -0.0873947143554688
-0.0138206481933594 -0.0129451751708984 -0.0455207824707031 -0.066650390625
-0.0175418853759766 -0.0180835723876953 -0.0487747192382813 -0.0454750061035156
-0.0174903869628906 -0.0177383422851562 -0.0489616394042969 -0.0363121032714844
-0.00506401062011719 -0.0250797271728516 -0.0396385192871094 -0.0418968200683594
0.0110149383544922 -0.0318508148193359 -0.0334663391113281 -0.0449028015136719
0.0332355499267578 -0.0291709899902344 -0.0274772644042969 -0.0555839538574219
0.0619087219238281 0.0102081298828125 -0.00129318237304688 -0.0644454956054688
0.0581245422363281 0.045318603515625 -0.015899658203125 -0.0806045532226563
0.0438079833984375 0.0831146240234375 -0.0166244506835938 -0.102790832519531
0.0361175537109375 0.105209350585938 0.0381965637207031 -0.0643959045410156
0.0489120483398438 0.05657958984375 -0.00883674621582031 0.0028371810913086
0.0684051513671875 0.0134315490722656 0.0397186279296875 0.0394554138183594
0.0465126037597656 -0.0171623229980469 0.0773544311523438 -0.000274658203125001
0.0230827331542969 -0.036346435546875 0.0637741088867188 -0.0529861450195312
-0.00299072265625 -0.03631591796875 0.00953674316406251 -0.0787200927734375
-0.0264167785644531 -0.0347938537597656 -0.03594970703125 -0.0578575134277344
-0.0308647155761719 -0.0425834655761719 -0.0374908447265625 -0.0358963012695313
-0.0326461791992188 -0.0391159057617187 -0.0406265258789063 -0.0240058898925781
-0.00931549072265624 -0.0471000671386719 -0.037353515625 -0.0243415832519531
0.0203895568847656 -0.0548591613769531 -0.0372047424316406 -0.0302619934082031
0.0570602416992188 -0.0419807434082031 -0.0376853942871094 -0.0460281372070313
0.0907363891601563 0.0221710205078125 -0.00961685180664062 -0.0575065612792969
0.07177734375 0.07159423828125 -0.0156974792480469 -0.0670127868652344
0.0429000854492187 0.118988037109375 -0.0167694091796875 -0.0717544555664062
0.020965576171875 0.132957458496094 0.043914794921875 -0.0267677307128906
0.0487594604492188 0.0933380126953125 -0.00373077392578125 0.0243129730224609
0.0975723266601563 0.0410537719726563 0.0375595092773438 0.0542030334472656
0.0785751342773438 -0.0156173706054688 0.076385498046875 0.01812744140625
0.0451278686523438 -0.0554237365722656 0.0694160461425781 -0.034423828125
-0.000801086425781248 -0.0592079162597656 0.0186424255371094 -0.0596351623535156
-0.0338821411132813 -0.0525474548339844 -0.0202522277832031 -0.0420341491699219
-0.0397796630859375 -0.060333251953125 -0.0209140777587891 -0.0210418701171875
-0.0454673767089844 -0.0542678833007813 -0.025848388671875 -0.00720977783203126
-0.0158424377441406 -0.0614662170410156 -0.0298595428466797 -0.00231361389160157
0.0217056274414062 -0.07110595703125 -0.0368766784667969 -0.0113945007324219
0.06829833984375 -0.0535850524902344 -0.044189453125 -0.0316925048828125
0.107864379882813 0.0246658325195313 -0.0160064697265625 -0.0480384826660156
0.0793228149414063 0.0844192504882812 -0.00997161865234374 -0.0515708923339844
0.0387649536132812 0.136802673339844 -0.0148277282714844 -0.0337162017822266
0.00084686279296876 0.137062072753906 0.0429801940917969 0.0194015502929688
0.0347137451171875 0.113754272460938 0.000293731689453129 0.0507049560546875
0.103614807128906 0.0663070678710938 0.0291213989257813 0.0670166015625
0.09649658203125 -0.00470733642578125 0.0665817260742188 0.0373115539550781
0.0628814697265625 -0.0609893798828125 0.0660171508789062 -0.00904464721679688
0.00429534912109375 -0.0726547241210938 0.0261096954345703 -0.0319862365722656
-0.0353851318359375 -0.0624771118164063 -0.00200271606445313 -0.0197982788085938
-0.0428657531738281 -0.0686111450195312 -0.00171113014221192 -0.00294804573059082
-0.0513992309570313 -0.0610809326171875 -0.00681400299072266 0.0120058059692383
-0.0202713012695312 -0.0671348571777344 -0.0178146362304687 0.0206279754638672
0.02008056640625 -0.0770263671875 -0.0334091186523438 0.00856590270996094
0.0702629089355469 -0.0562896728515625 -0.0455894470214844 -0.0161628723144531
0.1097412109375 0.027435302734375 -0.0186614990234375 -0.0378532409667969
0.0743484497070313 0.087432861328125 0.000659942626953131 -0.0355796813964844
0.0266799926757812 0.134780883789063 -0.0111236572265625 0.00648021697998048
-0.0175704956054688 0.115669250488281 0.0373687744140625 0.0637245178222657
0.0121078491210938 0.108787536621094 0.00186920166015625 0.0742111206054688
0.0859375 0.0785903930664063 0.017822265625 0.0745391845703125
0.0924758911132813 0.00991058349609375 0.0496978759765625 0.0526237487792969
0.0674057006835938 -0.0523262023925781 0.0554656982421875 0.0164222717285156
0.0088348388671875 -0.0717849731445312 0.0305194854736328 -0.0017852783203125
-0.0310821533203125 -0.0616722106933594 0.0165691375732422 0.00321769714355468
-0.0398330688476563 -0.0670318603515625 0.0174999237060547 0.0151233673095703
-0.0490989685058594 -0.0598068237304688 0.0121574401855469 0.0299263000488281
-0.0198173522949219 -0.0647697448730469 -0.00597000122070313 0.0413284301757813
0.0194091796875 -0.0725860595703125 -0.0289726257324219 0.0265712738037109
0.0664520263671875 -0.0479812622070313 -0.0443344116210937 -0.00176620483398438
0.0972137451171875 0.032379150390625 -0.0200653076171875 -0.0284309387207031
0.0567169189453125 0.0847320556640625 0.0103435516357422 -0.0216655731201172
0.00737762451171875 0.117019653320313 -0.00968551635742187 0.0429458618164063
-0.0305862426757812 0.072998046875 0.028839111328125 0.0979232788085938
-0.009490966796875 0.0803298950195313 0.00375366210937501 0.091339111328125
0.052398681640625 0.0704421997070312 0.0070037841796875 0.074920654296875
0.0692825317382813 0.0182952880859375 0.0321083068847656 0.0602226257324219
0.0565757751464844 -0.0354766845703125 0.04052734375 0.0354576110839844
0.0097198486328125 -0.0578460693359375 0.0321941375732422 0.0242195129394531
-0.0232734680175781 -0.0502738952636719 0.0323295593261719 0.0234622955322266
-0.0304794311523437 -0.0548629760742188 0.0342540740966797 0.0298385620117187
-0.039825439453125 -0.0511665344238281 0.0289726257324219 0.0450401306152344
-0.0147628784179688 -0.0554656982421875 0.00389862060546874 0.0591545104980469
0.0194282531738281 -0.0605697631835937 -0.0272598266601562 0.0424270629882813
0.0579757690429687 -0.0340652465820313 -0.0438575744628906 0.00922775268554687
0.0749588012695313 0.0366439819335938 -0.0231189727783203 -0.021148681640625
0.0311508178710938 0.0749740600585938 0.0158205032348633 -0.00817775726318359
-0.0142288208007813 0.0841827392578125 -0.0133209228515625 0.0716400146484375
-0.0377616882324219 0.0181655883789062 0.0228347778320312 0.114822387695313
-0.0263214111328125 0.0378532409667969 0.00723266601562499 0.0964584350585938
0.0152931213378906 0.0463523864746094 0.000915527343750002 0.070343017578125
0.0348491668701172 0.0197601318359375 0.0198783874511719 0.0622406005859375
0.0341758728027344 -0.0150413513183594 0.0290374755859375 0.0465927124023438
0.00737953186035156 -0.0347080230712891 0.0340347290039063 0.0413932800292969
-0.0119876861572266 -0.0306339263916016 0.0444259643554687 0.036041259765625
-0.0174503326416016 -0.03460693359375 0.0452384948730469 0.0398712158203125
-0.02484130859375 -0.035736083984375 0.0411720275878906 0.0570526123046875
-0.00812911987304688 -0.0400428771972656 0.0089263916015625 0.0725021362304687
0.0179061889648438 -0.0419998168945312 -0.0285148620605469 0.05419921875
0.0439682006835938 -0.0182380676269531 -0.0461387634277344 0.0175514221191406
0.0467185974121094 0.0365066528320313 -0.0280895233154297 -0.0166816711425781
0.0034637451171875 0.0570068359375 0.0150070190429688 0.00156307220458985
-0.0345687866210937 0.0404205322265625 -0.0233993530273438 0.0899200439453125
-0.0108842890357163 -0.0292650915810422 0.0903019283863052 -0.0367799620999493
-0.0288148264852572 0.00248955705744993 0.00661496336658937 -0.0187183290907449
-0.0165667578271522 0.0237463926686919 0.00354793080623371 0.0434314622133124
0.0109419836717204 0.0198831953656113 0.0498610818382705 0.044471809727986
0.0187419724182698 0.00186985734335601 0.0808952642454897 0.00447121698585945
0.00986852463327874 -0.00486471755936783 0.0760097398880412 -0.0429854593101755
0.0101940691403573 -0.0030872832949359 0.0459313270380025 -0.0725246832327247
0.0119214013591279 -0.00133766977543089 0.019658586016452 -0.0764506266387386
0.0107461452723149 0.000925105499791848 0.0166697800251096 -0.0659779687293093
0.00698749507423654 0.00564450455765077 0.0255666944331571 -0.0589720961397377
1.87291205811044E-06 0.0143463291339306 0.03545745913747 -0.0559034294572552
-0.0174889888349693 0.0175449571554607 0.0497276852337867 -0.0469902150941244
-0.0336403835205376 -0.00419951850820835 0.0629206414319315 -0.031005983572142
-0.0209508486874613 -0.0330653856503218 0.0694399481811167 -0.0531598091299182
0.00568151427134173 -0.0450726180844701 0.0806107986524755 -0.0884195357822593
0.0274062027443572 -0.0596502299970877 0.0811257200848093 -0.0250503833392153
-0.011344038014765 -0.0404191027406706 -0.00535187512249999 -0.0139300612266677
-0.0301609946724736 -0.0201703280716072 -0.00826201119744252 0.0598855074468576
-0.0228500522256999 0.000838412144057325 0.049129124120048 0.0649203134671465
-0.0132049512409581 0.0126666984499017 0.0915078882410057 0.0168428830033037
-0.00771132939949588 0.0158076891548938 0.0830365984904196 -0.0381555282617124
-0.0015025935977252 0.0234213224815782 0.0511230462022413 -0.0683294571870494
0.00218434251275919 0.0278010511542905 0.0224832182221726 -0.071698959271296
-0.00251297066914776 0.0292918140093279 0.0167610324190285 -0.0623269890354334
-0.0142547474391827 0.0221758235515869 0.0201354071603662 -0.0532349169789214
-0.0305636093988218 0.0168115164575782 0.0284351939514011 -0.051649811109964
-0.0452317254384102 -0.00745078131373183 0.0379251804385456 -0.0470767306330557
-0.0400046465729136 -0.04557624858327 0.0502089425814336 -0.0328840641902636
0.00104585400642207 -0.0679179754429936 0.0560608490869349 -0.0555880224283062
0.0460065364294239 -0.0722606409442682 0.0664486178796456 -0.0837201877743149
0.0646846852365544 -0.0793058335735078 0.0614628326540723 -0.00733850070195947
0.0160582199331374 -0.0789614604686584 -0.0242643316254206 -0.00622986666591423
-0.0351646354564454 -0.0689287752425656 -0.0290334937162942 0.0754888309874345
-0.0556246605391419 -0.0276846845299344 0.0381454149529096 0.0873044132644567
-0.0499936422390005 0.0165836205886382 0.0926020947291903 0.0354810268121447
-0.0289098275081254 0.0335296756487318 0.0830711203970306 -0.0252408139521403
-0.0150096941506181 0.0466730757017313 0.0504246560352026 -0.0540087493963556
-0.00808300841748381 0.0531313320750495 0.0218938829579222 -0.0559111164794823
-0.0128223901539898 0.0551345682078014 0.011384739793431 -0.0484320907132781
-0.0294898549627059 0.0391698538631994 0.00865082393181191 -0.0406109802155936
-0.0539589323568225 0.0245348560311992 0.013945834161866 -0.0439723075838824
-0.0707892849594725 -0.0210245318120192 0.0220958528133261 -0.0480198931665427
-0.0524567314457429 -0.0741016947147218 0.0364715197186195 -0.0346495365744846
0.0126834895332261 -0.0950729941574702 0.040916795798667 -0.0511907878042683
0.074417480368956 -0.0910644281971178 0.0412050548757216 -0.0686849580288948
0.0947710462134261 -0.0854620136136185 0.0291967024765885 0.014420938378805
0.0461862066445309 -0.104592337092545 -0.0486482184512691 0.00415737506569439
-0.0297076303277148 -0.112118762200983 -0.0545478046794063 0.0843120206538276
-0.0779861477334807 -0.0591549380882587 0.0156816660332124 0.104409329973885
-0.0818380368414809 0.0121529655473366 0.0805988399347798 0.0559335592103552
-0.0494174230256382 0.0444101275923233 0.0730618248150785 -0.00565367310195485
-0.0285374311652979 0.0620062759877296 0.0435944552270664 -0.0313915466927953
-0.0167311664486569 0.0707856190597129 0.0171441968700832 -0.0324072284993985
-0.0192998028438994 0.0733846772022646 0.00377249248955709 -0.0272429138316741
-0.0372974385649654 0.0529949954331339 -0.00465197318756537 -0.0221200556629106
-0.0670951790700239 0.0336549105051079 -0.00259056278497257 -0.0326055369184179
-0.0877071905342916 -0.0248262416209759 0.00459006986382411 -0.0440413894207045
-0.0625153958929886 -0.0881937366868134 0.0236148427907992 -0.0339525781814771
0.0173650759934201 -0.10969788328415 0.0291609453942207 -0.0394390510956832
0.0901428602468403 -0.0985107768594345 0.0128288546659514 -0.0458442693442333
0.108296950498537 -0.0765207706256915 -0.0112365276778389 0.0369200262110776
0.0718545750161669 -0.108284881191948 -0.0730739541857455 0.0153103021895671
-0.0106406261304015 -0.134707359282156 -0.0789792827232439 0.0811348404573892
-0.0801539531294579 -0.0848016464658778 -0.0130719529703201 0.10808119771764
-0.0997144309837895 0.000359993067726215 0.055126176236582 0.0710679888746584
-0.0633531292466843 0.0461745463084193 0.0523539103576789 0.0155552691476101
-0.037714950664831 0.0674915124816467 0.030420897897025 -0.00423842676084877
-0.0219610300623656 0.0778686315510654 0.00975002518048698 -0.00425205905374138
-0.0225753655487554 0.0811663361952989 -0.00488459294796216 -0.00115332127656649
-0.0401080706419476 0.0589310957942358 -0.0183414415521802 -0.000325190992911868
-0.0703083487922187 0.0380633537625347 -0.019707329749186 -0.0186217160749846
-0.0911681337106023 -0.0258621991262757 -0.0110701285087116 -0.0372528893799953
-0.0615772535260023 -0.0919894270894009 0.0130570718874745 -0.0309517569579956
0.0223208128513857 -0.108534316200563 0.0209994538771831 -0.0231102842887551
0.0945413820757703 -0.0898931501974865 -0.0152908757998098 -0.0190958621738744
0.1003272972783 -0.0546800282866011 -0.0486013366298453 0.0567932394550775
0.0816334135065031 -0.0879007127464849 -0.0909143231221455 0.0257496837966944
0.0116896519771281 -0.127549506910082 -0.0928239930056063 0.0678867303877007
-0.0632557907251859 -0.0937149290664876 -0.0393716267116946 0.0970596903324102
-0.0962769719352008 -0.0119284862431224 0.0225108597215329 0.0753392317970493
-0.0657231378659759 0.0393730082538289 0.0264270312025787 0.0343808320413509
-0.0405896082009376 0.0620198586905381 0.0140570066284652 0.0226050014071871
-0.0244634299729261 0.0730590923882517 0.00191090098949404 0.0238606626660847
-0.0234698059688951 0.0768179152274178 -0.014091838482438 0.0251406699519083
-0.0395948763385395 0.0560346948375957 -0.0306944073658243 0.0201064478407662
-0.066623968749677 0.0345150836895294 -0.035296361280009 -0.00615819012305373
-0.0816718253604353 -0.0280604121294575 -0.0239773842564269 -0.0304339286676429
-0.049113837188039 -0.0876869338085072 0.0046009290185925 -0.0282504329970974
0.0309709144230608 -0.0935261129430984 0.0151091593584535 -0.00833731207224713
0.0893592705786093 -0.0672181387657009 -0.0412053179214247 0.00593304249380501
0.0720419640969662 -0.0249962163981402 -0.0769992632652858 0.0709920922657242
0.0714951617330888 -0.0526447824420779 -0.0982711746000741 0.0356567744862846
0.0260605164589283 -0.0944499250723586 -0.0929453406283131 0.0510929993265967
-0.0365278781849832 -0.0803506525641616 -0.0552231983163011 0.0770764825086848
-0.0739270887274956 -0.0188281336066412 -0.00649217740877847 0.0697925441312093
-0.0549763853804087 0.0268022658499943 0.000212432058663453 0.0472313220862085
-0.0354758664250243 0.046888939650208 -0.00195106926194655 0.0448293295987562
-0.0230009697408562 0.0573502169266935 -0.00591365922224533 0.0480760706611523
-0.0222430327027604 0.0618077810387304 -0.0227154878419271 0.0483242715349803
-0.0360808518276175 0.0454247721865454 -0.0428561949790978 0.0364438449388743
-0.0573715931442239 0.0255244384448166 -0.0505060723299931 0.00237336617299787
-0.0639991563782698 -0.0304993108109167 -0.0350213489907301 -0.0272527504250986
-0.0289498900619031 -0.076912173825573 -0.00191172820328083 -0.0285976497998269
0.0386175991597024 -0.0686695661888849 0.00926827592826136 0.00285024134276381
0.0747073476670314 -0.0344720428031565 -0.0635313918862465 0.0234523651536413
0.0309974720553344 0.00867131828639715 -0.0874017598340853 0.0787725249708508
0.046302697825495 -0.0114265881983182 -0.0923600145658587 0.0449283895304687
0.0286657546550419 -0.0471998323751213 -0.0815848370299686 0.0366174311592884
-0.0100651307811731 -0.0510672773919886 -0.058902307481598 0.0575535574656594
-0.0409021024688967 -0.018828370050106 -0.0264515192581961 0.0616177569473385
-0.03511580711102 0.0122174391233448 -0.0173892449755318 0.0544100257745791
-0.0244069243496957 0.0256049799676904 -0.0141754687974886 0.0595763483466738
-0.0176380437024006 0.0336141363345112 -0.0122875220522936 0.0641729702020518
-0.0183042243499612 0.0384824014365202 -0.030789904450389 0.06434668737945
-0.0288047880598732 0.0288826593680232 -0.0545113842520109 0.0468118191384159
-0.0423509188255742 0.0132168616550991 -0.0645561339377661 0.00527627793937532
-0.0404486813389218 -0.0286258784446312 -0.0433167903926473 -0.0287526401644375
-0.00758238409208873 -0.0571885483407353 -0.0067918950921304 -0.0331912871136978
0.0412717372881579 -0.037064847379486 0.00355301676834958 0.00781514714430428
0.0504600898473625 0.00241838502280066 -0.081481908949369 0.0316158012309471
-0.0133884323321332 -0.0301825991128145 0.0906044466242395 -0.041986155171204
-0.0290641552825667 0.00376839151571096 0.00417741405658992 -0.0197671320748887
-0.0156429514826711 0.0255081400561048 0.00508968414077047 0.0448718662240731
0.0125271532233826 0.0197504068850685 0.0529240626165431 0.0438251201543878
0.0193413389799413 0.000456482960981993 0.0834781917731213 0.000991459896034205
0.00925337495064566 -0.00585288325363735 0.0760576068766254 -0.0484093436883258
0.0105862389118115 -0.00379796484958966 0.0423468830036036 -0.0771245615884966
0.0123277447950506 -0.00242005755666006 0.0150518668508256 -0.0787463808293012
0.0110651266910007 0.000636153280072612 0.0135281756331642 -0.0689227117234168
0.00727712752482929 0.00567352798911583 0.0227088853095282 -0.0627942531145851
0.00059726773965895 0.0150169449637402 0.033629401107 -0.0601686264021236
-0.0163860457787765 0.019179029301462 0.0493845801762589 -0.0507360693574104
-0.0353790329615883 -0.00253841172151377 0.0642394720645677 -0.0340777375351202
-0.0229742097687667 -0.0322546804428952 0.0688225863576528 -0.0561829408558602
0.00354749488264143 -0.0468831841942029 0.0789351187711963 -0.0947681910218352
0.0248016901655976 -0.0628378958426547 0.0823067379966184 -0.0293823028327901
-0.0135718011902368 -0.0408901869518327 -0.007213277641036 -0.0136314699673203
-0.0322664854034127 -0.0183273855433828 -0.00618897645870368 0.0625934700362152
-0.0230281717107958 0.00219259851041764 0.0531745547089742 0.064600838050856
-0.0128791575586984 0.0127559537346337 0.0951675658241762 0.0129696189566338
-0.00708099141584932 0.0162795594307199 0.0836712427247134 -0.0439240461513284
-5.46928275699764E-05 0.0242569837341279 0.048263984952156 -0.0727716363580034
0.00435719964323429 0.0279509640486774 0.017921289197082 -0.0746347068323609
-0.000859122661137253 0.0303235718792001 0.0126774111911355 -0.0652833724375224
-0.0133981675114378 0.023477276131345 0.0175328496749733 -0.0567733730381524
-0.0302439041215754 0.0187642373535486 0.0263494806438848 -0.0557269742976209
-0.0463060983629442 -0.00536354814051804 0.0373987425231464 -0.0506817071236267
-0.0442265911991173 -0.0439947848434877 0.0513464538753804 -0.0353754428496347
-0.00210777756019169 -0.0692670223889924 0.0543485296898269 -0.0589759289629444
0.0433045472991665 -0.0766046587630445 0.0643721678234579 -0.0889154324223137
0.0623428227203537 -0.0853166274905956 0.0626044487493203 -0.0103574764562615
0.0124493443647537 -0.0818287077428704 -0.0269137539098787 -0.00523253467114175
-0.0407157225990507 -0.0683621660283911 -0.0270899178280924 0.0795217167983346
-0.0580286071702189 -0.0253625759543912 0.0430321426133874 0.0883266889759185
-0.0498233929163242 0.0192029587401289 0.0975989759930856 0.0318906112547314
-0.0279177858954529 0.0358998589232367 0.0843289843053724 -0.0305916850784534
-0.0128370197884952 0.0485477366707221 0.0491067706620382 -0.058184648038586
-0.00458954125785564 0.055152550824092 0.0184365900415544 -0.0587198331626907
-0.00940464523678012 0.0574410865999785 0.00825704789203586 -0.0508404593054916
-0.0279986014618587 0.0417192021726022 0.00656196980747384 -0.0429638588852701
-0.053791331408953 0.0283544868085015 0.0119430697126806 -0.0477450195860268
-0.073786138246622 -0.0181233178177618 0.02011894206646 -0.050399264582094
-0.0580909405372543 -0.0728092275342763 0.0377811402189651 -0.0375047588055184
0.00838566476499079 -0.0977331167369849 0.0395520864169954 -0.0538195210023269
0.0716276920509765 -0.0977535101929473 0.0390387088423718 -0.0723357539175904
0.0923399952358495 -0.0933189201276974 0.030046293679812 0.0141571539924821
0.0421244251028807 -0.109549123810097 -0.0508881535068834 0.00691980724660926
-0.0365180720156658 -0.112548697834201 -0.0533997623280848 0.0892715029354875
-0.0827973955748916 -0.0567349377631498 0.0207376350693821 0.106945949801317
-0.0830062541441506 0.0168323766984251 0.0865253334583522 0.0535842243987909
-0.048465827967586 0.0478895364376862 0.0754408869954978 -0.00951963709666124
-0.0253290218558256 0.06480864946761 0.0430363771606086 -0.0344936724666942
-0.0121447767557396 0.0737055228400988 0.0153593237231352 -0.0349011172581466
-0.0149038666225789 0.0763651526797308 0.00171182000688377 -0.0284057952682286
-0.0355547366241882 0.0556763240356195 -0.00652146708258552 -0.0232873517901883
-0.0666182919721483 0.0384554715390453 -0.00503401609622279 -0.0353179522469393
-0.0917300943094738 -0.0205086046016257 0.00270228544575091 -0.0456414704597457
-0.0695372444241519 -0.0873720752249958 0.0240082966299276 -0.0359989561387557
0.0122808696626581 -0.113165483853522 0.027801303718606 -0.0418147156906153
0.0875876507223168 -0.106238811147912 0.0107588902951391 -0.0475819038822073
0.107046560685474 -0.0847851230620262 -0.00989710530429315 0.0391948786015078
0.0681854729876128 -0.114179167130135 -0.0754232938227047 0.0189305634906314
-0.018349995828952 -0.13636302851039 -0.0784698131570084 0.0871502127343199
-0.0868226188088979 -0.0835531971608819 -0.00953533909160928 0.112406873530426
-0.101773315770594 0.00650361368061912 0.0608887980151296 0.070169677266736
-0.0628481915502872 0.0505473191037066 0.0550790988448932 0.0136006482906285
-0.0352226782161266 0.0712268588916935 0.0312150683005749 -0.00558718198245585
-0.0178909372036093 0.0810276593680884 0.0100749201571523 -0.00534268761237324
-0.0179812748331708 0.0843827510063922 -0.00542607380420483 -0.00124415671725455
-0.0381353103913157 0.0623789235387507 -0.0186715622035418 -0.000486199103021917
-0.0697153581976226 0.0429378303462115 -0.0213321619858504 -0.0193932856146081
-0.0950225599617976 -0.021373374740491 -0.0134588617926594 -0.0380342125585195
-0.0684692268837231 -0.0904781579014086 0.0133513267410987 -0.0331594450700477
0.0171186483931477 -0.11251732468644 0.0206867356354785 -0.025310410949362
0.0926738408480896 -0.0977928235392531 -0.0170817892560216 -0.0185180588296777
0.0998540773018295 -0.0617609052367203 -0.047643277475712 0.0607796554638063
0.0797267866523676 -0.0937479736871157 -0.0925691261273977 0.0302772214322466
0.00549966866067321 -0.130983157529509 -0.0935971412613216 0.0740038602289931
-0.0697457336090946 -0.0937071944967408 -0.0373115137561615 0.102447759598064
-0.0993177489760647 -0.00705271635879608 0.0279004079710971 0.077173166388411
-0.0655437202627531 0.0434742649244507 0.0295050642185688 0.0347485070905791
-0.0383482885468052 0.0655587032590231 0.0164614256545029 0.0225438091086994
-0.0206475947447682 0.0760806775120378 0.00341135954631537 0.0237463828269527
-0.0194942817507138 0.0803433051671094 -0.0129198890936236 0.0261328636979832
-0.0378916801779447 0.0591767290272287 -0.0304439263645644 0.0216869013289829
-0.0663025900172275 0.0392936370491809 -0.0367006539565074 -0.00566195541103337
-0.085602208477337 -0.0249732422747926 -0.0261293453433745 -0.0306218296023193
-0.0549828669663398 -0.0870165876725246 0.00447204634671066 -0.0302404606985257
0.0266400168364873 -0.0977130893719338 0.0153824562172861 -0.0100538158975188
0.0886808879651585 -0.0738686489692921 -0.0423669067699278 0.00839077941181693
0.0726318211038769 -0.0296066936257465 -0.0758131526745163 0.0767659692574813
0.0711188542964765 -0.0573914039449436 -0.0995481467900913 0.040351455348175
0.0217739080367232 -0.0982278977158852 -0.0942036957222794 0.0564969628063298
-0.0420077046458079 -0.0813634083308051 -0.0542435662504745 0.0826496717462965
-0.0771777516607933 -0.0149927546032915 -0.00262492323399143 0.072876412013835
-0.0550478823057705 0.0304785275721331 0.00370111090326812 0.0494444721577241
-0.0335533187315305 0.0502910575258657 0.00119376402479453 0.0461476644819154
-0.0204862413146285 0.0603545447285512 -0.00253841635778321 0.0487520642920822
-0.0187134890377032 0.0647922569664715 -0.0200399096813091 0.0502263110913193
-0.0344539105456165 0.0487180144074281 -0.0416613321140927 0.0396020830732431
-0.0575829045159234 0.0292966476149407 -0.0520121807803191 0.00434569525489759
-0.0671868816416888 -0.0285409084685529 -0.0372622541085418 -0.0266695771370372
-0.0338038259956004 -0.0769915520929582 -0.00230344114448056 -0.0303805821855834
0.0356610566337711 -0.0725336375032558 0.0101249054072178 0.00121294581069365
0.0749944923573856 -0.0391606816278826 -0.0646354563808302 0.0273586302658171
0.0320257578051245 0.00708960977904231 -0.0863549176181307 0.0849315419982936
0.0476042464816152 -0.013688444396627 -0.0928725027288805 0.0489486933167521
0.0271031107817816 -0.050282577488126 -0.0831112411305881 0.0411388569626736
-0.0125500198478042 -0.0524026571482904 -0.0589680553151301 0.0616909339855449
-0.0433149708859141 -0.0170908970707323 -0.0240211315532961 0.0656455956699728
-0.0353162273782267 0.0145800423722829 -0.0145700312004854 0.0578918251798555
-0.0238406924736257 0.0277225888204708 -0.0100352921086657 0.0622282983463683
-0.016105697134415 0.0357193274745964 -0.0082845618410257 0.0659620549761777
-0.0158624636056075 0.0407276316331936 -0.028074421280994 0.0672141939843226
-0.0282412250662499 0.0317305430875536 -0.0529104991660232 0.0506019568542624
-0.0431228162439923 0.015977413243934 -0.0664441318807968 0.00840033016531228
-0.0431577032958522 -0.0281878638166921 -0.0460130707027466 -0.0282391183390444
-0.0112334625097528 -0.0580057411211153 -0.00759040782449274 -0.0341652533496572
0.0403621722233668 -0.0400617895165997 0.00461831940331587 0.0064510786721077
0.0521636691847778 0.000195454227614695 -0.0830729022702682 0.0366537202060615
-0.0148206393092348 -0.0296510884092363 0.088683603550028 -0.0460864408940447
-0.0294493912751817 0.00527566646816944 0.00260555965265491 -0.0197304223794448
-0.0142979280692143 0.0269060174517835 0.00631934574779096 0.0458094230259787
0.0136686232896294 0.0196750196255735 0.0553375266840341 0.0427820877395459
0.0191952069831072 -0.00124638938977881 0.0845041430396063 -0.00297252214601396
0.00915150741297143 -0.0062841295719973 0.0739427111317279 -0.0527863024588715
0.0103044613042246 -0.00421503258336526 0.0377138679005013 -0.0794428924698389
0.0124706462195506 -0.00326212117090284 0.00970160183327212 -0.0792282970224743
0.0108877690534338 -9.90098760042246E-05 0.00923650838536315 -0.0700258455671562
0.00795436039070778 0.00529073783902481 0.018993597765079 -0.065505550782268
0.00149167454340676 0.0152725505650516 0.0305316304766638 -0.0635361719524475
-0.0156096126006798 0.0199978706502053 0.0480120596442056 -0.0533494719594004
-0.0360697340158144 -7.47053764783723E-05 0.0645654748979733 -0.0367517839209145
-0.0246911191219504 -0.0317090733344925 0.0661574356809205 -0.0580488706884335
0.00119816859480553 -0.0478298197858046 0.075167785282274 -0.0982110496281796
0.0217529252976418 -0.0646627699254299 0.0805940812313149 -0.0333774499218388
-0.015769984973198 -0.0401643281901691 -0.00886652482014499 -0.0130589777934546
-0.0333304177685146 -0.0164575541702059 -0.00425904488508962 0.0641847864991072
-0.0233001327585553 0.00317010667807724 0.0561744481716169 0.0639888142298858
-0.0118131461642318 0.0132546174484062 0.0968332072462978 0.00853473695637265
-0.00628737377763876 0.0164716401951174 0.0823805616497925 -0.0484189409434839
0.00130984276098532 0.023735253123224 0.0438342287057653 -0.0756036027598425
0.00626298595261648 0.0277709025129093 0.0130678094329684 -0.0751562539482927
0.00106365450732227 0.0304695269295956 0.008615204827303 -0.0664568534997611
-0.0125136670179634 0.0241175534426308 0.0142491735600937 -0.0592674870964707
-0.029498944326077 0.0205009248474356 0.0237545258489803 -0.0588939344067852
-0.0468669089272331 -0.00320694871495135 0.0358860468194256 -0.0527116082636042
-0.0466838332667976 -0.0415367246621524 0.0516237818109926 -0.0376931349220655
-0.00476620336624337 -0.0694903051991656 0.0522169224789849 -0.0601887137452037
0.0399448452412498 -0.0796612938025825 0.0607357920702073 -0.0920422168710302
0.0583657765722925 -0.0889742266781372 0.0614124143287805 -0.0129339223192616
0.00823077026795599 -0.0828703042675885 -0.028220723773682 -0.00363382713199328
-0.0443098735331028 -0.0659515963067062 -0.024988622309797 0.0818077558901481
-0.0595932678681334 -0.022858655983435 0.0467287782425082 0.0884689270591566
-0.0487637464044158 0.0217641656490749 0.100285462444319 0.0272742782495224
-0.0262156906065266 0.0370901409318217 0.08324126480366 -0.0349914970940408
-0.0107311106951972 0.0492252263955838 0.0454425290758406 -0.0606660329164067
-0.000975321296420386 0.0554046171983491 0.0143217845616107 -0.0600736833382705
-0.00597839440641062 0.0581086159190782 0.00502123894694277 -0.0518640674538251
-0.0263600035923121 0.0431329043930339 0.0039266666277731 -0.0449339883177626
-0.0526772900449697 0.0311082914012168 0.00927060996676458 -0.0499067076108151
-0.0752301553036075 -0.0143528798260632 0.0184728233392386 -0.051733596142026
-0.0626279712139624 -0.0698188764070755 0.0379165802007339 -0.0393093095599625
0.00418107495763889 -0.0986088549733813 0.0372677150288115 -0.0550709666197318
0.0673633439836907 -0.102313271459353 0.0355167038301498 -0.074085360717928
0.088140365181164 -0.098321305856287 0.030480808045573 0.0128893771665712
0.0368843635839154 -0.111616425613816 -0.0520879717079296 0.00930862223171477
-0.0431282342742326 -0.110843788961757 -0.0508655365616396 0.0926751675550291
-0.0857854975887654 -0.0535504743977226 0.0246944551794514 0.108009403357611
-0.0821986600331676 0.0211944300472145 0.0902099851460435 0.0497166453760892
-0.046500693636087 0.0504834432905928 0.0754602314909703 -0.0134164871903534
-0.0224577389533334 0.066679588535082 0.0415537088169428 -0.0368104814616161
-0.00728718584848299 0.074132774289325 0.0131868044319687 -0.0355657137935306
-0.0104943392497103 0.0771043421620844 -0.000366122341350924 -0.0291179383818991
-0.0330515199723556 0.0576186885273753 -0.00799438122730152 -0.0243876138165969
-0.0646592212058596 0.0419949403885247 -0.00719195592208868 -0.0366524963712262
-0.0931055305189149 -0.0155665344826729 0.000833456614190775 -0.0463999691515857
-0.0743019954986212 -0.0832040328942647 0.0242983512925727 -0.037905909125108
0.00683380001696164 -0.114447132740287 0.0262883376057868 -0.0427522858350899
0.0826673955659623 -0.111385710594412 0.008276175651506 -0.0482266187622884
0.10299966399776 -0.0902939479212109 -0.00833213950410421 0.0396786326136876
0.0628186490384756 -0.1173851255743 -0.0758073200719154 0.0225318828818851
-0.025963415307115 -0.135860810143352 -0.076250411082042 0.0915620440012877
-0.0908147149788617 -0.0805301431949351 -0.00577322699266578 0.114595672200085
-0.101991604625061 0.011899640405162 0.0655080505129838 0.0678116857172349
-0.0607815729307164 0.0538625334390091 0.0567042519206856 0.0114352672339133
-0.0316000029454916 0.0728674358732642 0.0315803500604935 -0.00817812085043349
-0.0128192565305873 0.0825967637010487 0.00976140724887802 -0.00630645370384677
-0.0127831680647161 0.0854490315816382 -0.00600038948185097 -0.00114342049158825
-0.0348425721531943 0.0641842289085097 -0.0191719954119117 -0.000180573094664594
-0.0679249384812358 0.0470128087659185 -0.0231838709359503 -0.0202373908678402
-0.096392876276388 -0.0168945037641891 -0.0146904050664919 -0.0383391128626358
-0.0737466861312465 -0.08720903431219 0.0132685743848807 -0.0349680082500577
0.0118539299256718 -0.113916068176513 0.0197532487289504 -0.0263208373229438
0.0882902913924092 -0.103497508531629 -0.0185169131039646 -0.0172734944060995
0.0970258742362502 -0.0670262859240942 -0.0450327638560869 0.063485133172821
0.0762022240728011 -0.0972768897960849 -0.0927813057782226 0.0339079630819942
-0.0013041894851308 -0.131433545199443 -0.0923889232723691 0.0787600778658751
-0.0741077824823237 -0.0912511834271698 -0.0342087790613203 0.104949883696073
-0.0999898812821921 -0.00211705060192947 0.0325527601194083 0.0767488354050967
-0.0637328470611912 0.0475132855853457 0.0319337130629861 0.033966660778861
-0.0352057216002417 0.0680368844006415 0.0181749966094101 0.0215665411737077
-0.0157700630742832 0.0780114163838649 0.0052020106186807 0.0230176421089412
-0.0147214629733675 0.0815659682508595 -0.0116477946236289 0.0264643023291153
-0.0348727784013861 0.0614544124633099 -0.0295880440107902 0.0224550646177611
-0.0644240221384318 0.042782893785213 -0.0380092392985003 -0.00511249815486258
-0.0874485154028456 -0.0208221840353402 -0.0274161767675813 -0.0304612367628618
-0.0601473122475213 -0.0843553217544923 0.00445480562030717 -0.031812330752214
0.0218815208710609 -0.099259965615718 0.0152263752223523 -0.0116862435400359
0.0854274225662807 -0.0788741599946689 -0.0427977030567903 0.0104909551997345
0.0710515616213851 -0.0334823528467146 -0.072825965576268 0.080094419712818
0.0695727787760398 -0.0600677143491098 -0.0988969443892266 0.0437900052889134
0.0172848149092452 -0.0992230028944038 -0.0942086558793596 0.0602169903714811
-0.0457469983289087 -0.0800125138377927 -0.0519859170544957 0.0855778129378041
-0.078108542497731 -0.011185338210442 0.00111253355428058 0.074137200545782
-0.0536741327295002 0.033981996232166 0.00688623574603484 0.0497840827858755
-0.0311056940520065 0.052557328836701 0.00442496043995541 0.0461651162542311
-0.0161438620850856 0.0618604034097413 0.000410449993448883 0.0485049723207482
-0.0149394467200316 0.066125422630885 -0.0175538919208127 0.0513212569367816
-0.0323298429323779 0.050795847862639 -0.0402164694583074 0.0417858382807328
-0.055883564928388 0.0323224083146656 -0.0531858721508903 0.00599939724608045
-0.0692301247091489 -0.0253817780916228 -0.0387463561002384 -0.0261444794169477
-0.0382085473577822 -0.0755813413606698 -0.0029670175040418 -0.0314356423449779
0.0326621595614141 -0.074466708181711 0.0107390817338617 -6.03676315804052E-06
0.0736572026311963 -0.0434811690670937 -0.0640668258083243 0.031025953063796
0.0322382579079504 0.00561430043458088 -0.0831727237645493 0.0888106768190572
0.0476749277796122 -0.0149995755054493 -0.0913244101737532 0.0520217889146785
0.0243816096317144 -0.0518812301598538 -0.0832752447180816 0.0444306399015804
-0.0153928455356731 -0.0527397711996745 -0.0578800675687936 0.065638237783872
-0.0446884583299412 -0.0146213629900653 -0.0209790029690525 0.0678799849340677
-0.0347456875166488 0.017132348405697 -0.0111446739134793 0.0594701617572796
-0.0216969303085666 0.0293734854352353 -0.00565436519273741 0.0629826436394882
-0.0140431229925774 0.0370494840965098 -0.00430458168035007 0.0662044366134134
-0.0135705840365932 0.0420781071775914 -0.0240430770534611 0.0687331502524055
-0.0266912382855638 0.0333349952893017 -0.0508622236668487 0.0532899982269891
-0.0424183811300384 0.0182557575612604 -0.0671199176739713 0.0109123807885827
-0.0451521782952129 -0.0263760321674138 -0.0473650921419895 -0.0271727490894657
-0.0140009545849383 -0.0579714107521268 -0.00861514055902546 -0.0354782504796725
0.0387313458409916 -0.0422687749704534 0.00527477151753021 0.00556901815615044
0.0526264483521323 -0.00222421975747582 -0.0821782430644476 0.0407691469556857
-0.0251273979306528 -0.0244923198938872 0.0698735709278387 -0.0728069797716505
-0.0266792359356461 0.0155418573499298 -0.00434775447873347 -0.0203790178203186
-0.00353583897764407 0.0306753782179599 0.0193798803938944 0.0408269600818074
0.0205704000831275 0.0132058698321876 0.0655031396799562 0.0233064526874127
0.0182367127182885 -0.00823965296396972 0.0792694918717206 -0.0297068553725214
0.00745680266577335 -0.00975994338599359 0.0518262206002502 -0.0749612354432854
0.00864108084244947 -0.00856368759175882 0.00694262303377509 -0.0866048651388476
0.0105425312104015 -0.0079501031718818 -0.0191735787106365 -0.0758840692410244
0.0103971936260378 -0.003910231770982 -0.0159977628829387 -0.0686979272105219
0.00902991210157683 0.00239031186734126 -0.00480427543023417 -0.0683920637631715
0.00698908362220027 0.0137636598990919 0.00679214511099179 -0.0703455830973054
-0.0080594668980802 0.0240710667155823 0.0288588213503722 -0.0663450430572874
-0.0342810426023139 0.0121824353768637 0.0513167523732264 -0.055118397877924
-0.0343875218153565 -0.0210835616420419 0.0448837798758546 -0.073676064807985
-0.0143244375253542 -0.0452802516571547 0.0392595649357008 -0.114014192941392
-0.00258129808758997 -0.0713945242766042 0.0666958212432448 -0.0555732585904507
-0.0298151153333921 -0.0327547949142118 -0.0112884474860638 -0.00798942150260746
-0.0368534300415553 -0.00274045171028108 0.018168749899216 0.0614725825048761
-0.0197477017216469 0.0115821608839113 0.0751788152614429 0.0414500256061121
-0.00621495865297193 0.0160032907691497 0.0946260147236839 -0.0243870452498663
0.000583660676574484 0.01720840189724 0.0602314881409495 -0.0745109093673129
0.0097408136892969 0.0217995769146598 0.0139676424969945 -0.0866889432697936
0.0152164466843351 0.0226908407039256 -0.015695432747689 -0.0740712438436801
0.0116867908729551 0.0277462116876679 -0.0150460778617627 -0.0652917719680999
-0.00358081835689375 0.0272842050765505 -0.00693580830531146 -0.0618264151501916
-0.020031720418911 0.0290303811367623 0.00196796510477454 -0.064145402912613
-0.0450997308717541 0.0127854632953938 0.0182742820003348 -0.0615433357546
-0.0577750523016708 -0.0230065238647173 0.0387042623875251 -0.0513004779700974
-0.0286464042988329 -0.0636616900778348 0.0294386942096962 -0.0713025955269257
0.0120981941641954 -0.0885503267477302 0.0253995929938199 -0.103870380219544
0.0237534357450639 -0.107386262432882 0.0555613108657754 -0.0278075008037397
-0.0224373435693928 -0.0809701373568349 -0.024971356992404 0.00942534533826826
-0.0645867777995388 -0.0448900265346831 0.00760896270314891 0.0853166208188426
-0.0636101789386267 0.000988652780943203 0.0760146695941619 0.0665188395837264
-0.036944670669096 0.0366655428374758 0.10437251608197 -0.00973906193604402
-0.0114965939807019 0.0426700185563315 0.0656900032391695 -0.0630442574214106
0.0072568461425109 0.0494025101987191 0.0206144597417605 -0.0747525478851011
0.017888291268139 0.0507024492332968 -0.0100049855951714 -0.0612256075908867
0.0142811790719303 0.0556527122041755 -0.0141854926019128 -0.0504052100656733
-0.0104859732592877 0.049146641550251 -0.0119344697695746 -0.0451757278615616
-0.0384415353891446 0.0466937202184941 -0.00890554991536593 -0.0523362294032221
-0.0749663946327239 0.0118848594519488 0.00260119143449112 -0.0552841430478854
-0.0816778207592181 -0.0442143319768403 0.0252158268628252 -0.0480705473839706
-0.0298275901941304 -0.0939178861206065 0.0167592322682721 -0.0619558292808375
0.0309448314665275 -0.118840746285936 0.00655690455839607 -0.0798421393072111
0.0487984005325432 -0.126698680718943 0.0342722300934033 0.00768106562925088
-0.00528242994033349 -0.119111091964662 -0.0430135833045178 0.0313253056497758
-0.0794254529409244 -0.0876225639606761 -0.0112444902829981 0.105433677719266
-0.0993383818334395 -0.0176906630402461 0.0635084456027439 0.0918450680652232
-0.0684480622045678 0.0484234723053837 0.102404113659985 0.0130981797148413
-0.0252366446336152 0.0623767405799198 0.065644070350584 -0.040696648453419
0.00178425891919779 0.0707802239841085 0.0257255463875801 -0.0516864555651735
0.0183978232807015 0.0708934517842275 -0.00239443613635186 -0.0387419779666318
0.0171914830295995 0.0752695520487453 -0.0119381091597919 -0.0274320948794947
-0.0119546416497079 0.0646703817641534 -0.0162574311810447 -0.022239137698939
-0.0457438620590719 0.060675200358685 -0.0194197204356109 -0.0350367828154659
-0.0923195826651382 0.016531956546817 -0.0123241594571635 -0.0448454693734422
-0.0970403599043492 -0.0529378532127959 0.0125535670144225 -0.042807865836845
-0.0321653388187437 -0.109288523625593 0.00962927608335199 -0.0472227322986192
0.0427179889503356 -0.13308579931615 -0.0118237817059059 -0.0468575462469902
0.06657002220889 -0.123754493511625 0.00529084322205592 0.0462575248970901
0.0173988273353137 -0.133606174581532 -0.0619262334506181 0.0526676929177528
-0.0721013980356825 -0.117158118224926 -0.034983388627639 0.113921148269299
-0.114565007792907 -0.0408584056038625 0.038351024332855 0.108568850722219
-0.0898868518447922 0.0466012077469263 0.0856836255547367 0.0380863977282695
-0.0379147208348567 0.0709121487826782 0.0566173236188943 -0.011378516922799
-0.00467381070140677 0.0805944755538141 0.0269581796593651 -0.0215649338985071
0.0162412440500953 0.0802330558158271 0.00457573395781396 -0.0107799343251509
0.0174375583182471 0.0833388373210289 -0.00741993199697352 0.000160379991410349
-0.0116210730358614 0.0718049876616798 -0.0185585654750833 0.00389122717244173
-0.0469809654292097 0.0661322946950774 -0.0290573056637583 -0.0142331188503569
-0.0964198744465102 0.0166088848770953 -0.0241481853348338 -0.0320438701565759
-0.0980160390766335 -0.0566732741842444 0.0028275016157635 -0.0361862395873282
-0.0270862563819088 -0.110323291477609 0.00864354292629601 -0.0306748173668799
0.0504387902253491 -0.12704495650652 -0.0270134557748241 -0.0102397226483584
0.0694489377400778 -0.098576797895134 -0.0223580869285361 0.0795035859944554
0.0377362530569018 -0.118804064851497 -0.075449392369563 0.0686795033816108
-0.0477233628611005 -0.122079609022996 -0.0554219240751876 0.107777691387884
-0.103610120230214 -0.0576112122252479 0.008531173559139 0.1103044466369
-0.0934084947768841 0.0334612137991134 0.0578971033788789 0.0579279275790984
-0.0432988413324907 0.0661110865741621 0.0416135045968241 0.0185922016940643
-0.00971377964909899 0.077132627293581 0.0254658589775095 0.01105385565276
0.0120738072087471 0.0776525066319834 0.010998056868511 0.017861699339114
0.0143674389617073 0.0805698790837582 -0.00310871503865341 0.0278914339191145
-0.0122549950160062 0.0690307795575414 -0.0206647783108666 0.0288272909499592
-0.0455476312956566 0.0611657960015775 -0.0374387398315993 0.00511743847220929
-0.0893168569698929 0.0096615602933937 -0.0338048776692213 -0.0205025418276929
-0.0844606224569706 -0.0589960275270354 -0.00492787555317161 -0.0303062076446249
-0.0131929961085872 -0.100281129733134 0.00903613532699665 -0.0156281855987872
0.0560416422544788 -0.103026060697291 -0.040054819134656 0.0229625080264906
0.0567536051533745 -0.0565128296499122 -0.0433295475999326 0.103130584800488
0.0447610464555928 -0.0809296328810032 -0.079844260079764 0.0780605732218533
-0.0188159695861955 -0.0982821663694056 -0.0652985783308418 0.091140574533981
-0.07279998257689 -0.0581379684476385 -0.0168879316139957 0.0988390522028847
-0.0770192165248389 0.0173189251314218 0.0276898862000026 0.067586486627088
-0.0388380950680026 0.0506261063815324 0.0235245132918607 0.0427227213579333
-0.0121559887830997 0.0612574362519883 0.021700066630152 0.0393497188782056
0.00588943320448375 0.0632640018148878 0.0161346608169533 0.0430663895407352
0.00861812322088041 0.0665486083471264 0.000246927645126372 0.0524361705220396
-0.0129551619072695 0.0586777440705614 -0.02423911720465 0.0498946010697362
-0.0414019658518234 0.0490494868360502 -0.0475227851285448 0.0211254955574247
-0.0739945399041762 -0.000944809481999602 -0.0433006137712034 -0.012638733878689
-0.0607599518986977 -0.0577220032723323 -0.0119933680379785 -0.0281339720166836
0.00556256822985226 -0.0810726013146869 0.00816386325103262 -0.00343634866097503
0.0565534094857742 -0.0654792021174741 -0.052689679683381 0.0484481905110506
0.032899711819068 -0.00466546473134391 -0.0503010551394122 0.112372012136013
0.0403208141150507 -0.0304443672275278 -0.0711365935447673 0.0807902654826496
0.00526897652263935 -0.0567553880053281 -0.0633781825561096 0.071933704767624
-0.0343068090260047 -0.0436653499415766 -0.0310767619565855 0.0827578475373226
-0.0467249252087148 0.00254607291037382 0.00448899181704014 0.0704547248363724
-0.0265047718272437 0.028629587053232 0.0107274606493435 0.0586283126728734
-0.0104554617995806 0.0361590465319875 0.0181055990836852 0.0594669969750909
-0.0001270161455066 0.0396561034445289 0.0189414138456998 0.061335516758105
0.00205156679459087 0.0442118296769292 0.000672120908422699 0.0710319541550736
-0.0129773098228464 0.0409518168018311 -0.0299184143396039 0.0652314701359288
-0.0334086917467378 0.0312312792161385 -0.0591532960902427 0.0311553246409367
-0.0514905431961111 -0.0101243210973992 -0.052334687404526 -0.0108948496729213
-0.0322476556573936 -0.049419102996111 -0.0195387417514821 -0.0303116384802339
0.0220173562331535 -0.052565331182284 0.0055563552852977 0.002535244881686
0.0499477408114818 -0.0193659095419648 -0.065150117432529 0.0625620939870933
-0.0260622176073631 -0.0244588016989469 0.068365198714096 -0.0742636487352914
-0.0266995049042732 0.0161987102271002 -0.00546891591231658 -0.019558659095418
-0.00243616175566246 0.0310646207742678 0.0199386492647027 0.0418723483179328
0.0207341631464823 0.0130708592551061 0.0667902007053066 0.0232109245199001
0.0174833547375885 -0.00918895815484106 0.0798016856587219 -0.0312238804267372
0.007112806208349 -0.00990988425729088 0.0506075774968653 -0.076369368400917
0.00866507914480432 -0.00901502725355179 0.00480505180562938 -0.0867646036469549
0.0103313429218737 -0.00882515306529763 -0.0218042955401218 -0.0748655724335483
0.0103767116265098 -0.00451011452716422 -0.0182670304887633 -0.0686880844960836
0.00904872626823271 0.00202580738242958 -0.0072907476618868 -0.0696889584618155
0.0075827747606004 0.0136579138310675 0.00494270778863893 -0.0718983775324464
-0.00719371852185979 0.0245020489343548 0.028260805899969 -0.0679487379963003
-0.0341716200137362 0.0134194730710819 0.0522264195926741 -0.05655571744704
-0.0349068539678148 -0.020903164617799 0.044970606951702 -0.0738782488657584
-0.0156433572802459 -0.0456016105938827 0.0375048451831574 -0.114972045622525
-0.00473360800817177 -0.0717880026866942 0.065935785730138 -0.0564473890423545
-0.0313203731846547 -0.0319515970553538 -0.0122847551824939 -0.00686104268934406
-0.0366897537395626 -0.00154054612576777 0.0187300092641074 0.0624943235662059
-0.0196441386046097 0.0122795402507465 0.0764086826940874 0.0412915080293944
-0.00592450221707217 0.0159145909432865 0.0948997404335805 -0.0266898379561047
0.00070319180429619 0.0169292705891809 0.0590855698572233 -0.0761898511283255
0.010406647518917 0.0211733544463501 0.0113996326612886 -0.0870991502160381
0.0158986482770374 0.0220626962836032 -0.0180859841851765 -0.0729058538509972
0.0126862855782214 0.0273233106814233 -0.0177148914270263 -0.0654483820582925
-0.00329478189100004 0.0272665768091539 -0.00968569976210764 -0.0624072752696951
-0.0193640153889776 0.029522140339275 0.000151611252619183 -0.0654919144826111
-0.0447249409038145 0.0139173355923126 0.0174024721031971 -0.0626596886697392
-0.0585960918112435 -0.0213402499893749 0.0395383265937523 -0.0526488001161201
-0.029727308243522 -0.0636534451010971 0.0287414785730767 -0.071467231356457
0.00986811283053814 -0.0896745917596905 0.023567206835818 -0.104534064258591
0.0212262359789064 -0.108818972351271 0.0546675907934506 -0.0286247554850079
-0.0242433565136737 -0.0808686109216955 -0.0256194294400363 0.0107479530838812
-0.0658839182638779 -0.0429734434201399 0.00848605609826183 0.0870310817363914
-0.0640611281636171 0.00225400522057641 0.0776001810097997 0.0668785457007837
-0.0364263064861784 0.0379491893909727 0.105057942587432 -0.0119194864019807
-0.0105522570096767 0.0431504893113112 0.0651440171469776 -0.064967050472741
0.00855938367970147 0.0495142844513699 0.0187904574005002 -0.0751856069692353
0.0199072020154375 0.0500109030621751 -0.0122505829601653 -0.0602539586027365
0.0165897750476519 0.0551273984818573 -0.0163081015291678 -0.0503876312353144
-0.00970559160020449 0.0494522031237698 -0.0141221424321059 -0.0457469393620699
-0.0371257103300209 0.0474524526933475 -0.0109689733388936 -0.05356363123486
-0.0751534770773333 0.013754902945177 0.0022967844656295 -0.0566145470123243
-0.0830388474428559 -0.0419762129410568 0.0257064444929595 -0.0494810140309179
-0.0315661268333902 -0.0942327302945385 0.0163400052466726 -0.0615945335836543
0.0281943079320078 -0.120871062270021 0.00469379609074138 -0.0799546006762527
0.0460207813492319 -0.128430071592008 0.0339629633429273 0.00783676180515191
-0.0078056567972617 -0.119289003376332 -0.0434816041988424 0.0327367747934595
-0.0817063891040641 -0.0854203124174219 -0.0106478124313326 0.107399276978508
-0.100643947280462 -0.015862269639437 0.0654955068096945 0.0928632199160071
-0.0677488024596322 0.0501667138982252 0.103841815488646 0.0111131298852619
-0.0243115701704483 0.0634723735370294 0.0655566531535356 -0.042279481263435
0.00366321452480844 0.0709352454874798 0.0245051777296833 -0.0525234911564091
0.0212261200141354 0.0702172203126233 -0.00431955873481133 -0.0383821608804959
0.0199978104558739 0.0744190050895424 -0.0131462491695639 -0.0276814071049896
-0.0106062858367123 0.0653601883687659 -0.0176739729701325 -0.0227760807628899
-0.0443075931726203 0.0622425603979367 -0.0216394839181207 -0.0359007520335076
-0.0926295448192298 0.0190290918116338 -0.0126193912076117 -0.0457752864046762
-0.0994739514885323 -0.0504377085934438 0.0127754763497865 -0.0442061567866788
-0.0346954354607573 -0.109329709019273 0.00930702648155997 -0.0478834255173248
0.0396848758666364 -0.135248192658945 -0.0130253662713259 -0.0466003257244342
0.0635832174622179 -0.125314290553376 0.00592614000089691 0.0463175921304001
0.0154226554965872 -0.134705258358944 -0.0626226538883619 0.0536466345335503
-0.0749985582648859 -0.115411990659417 -0.0346667867401985 0.115638459770704
-0.116383113522433 -0.0392909741955764 0.0399540671383954 0.110011164793639
-0.0893429912733168 0.0491842321361029 0.0877445540732951 0.0366951370659453
-0.0364991785709684 0.0722564739779787 0.0573712321815195 -0.0126172551920694
-0.0028858662746749 0.0809792347578169 0.0267035627309639 -0.0225814780935338
0.01937110777545 0.0799573771353597 0.00393031580897361 -0.0112060765324415
0.0205517599039532 0.0830737397763022 -0.00823471303363706 -0.000164930791467557
-0.00967171132777793 0.0722462696105581 -0.0194668115422377 0.00386897677978822
-0.0451286247101822 0.067360795819774 -0.0308129366017447 -0.015068057746556
-0.0964570343125461 0.0189876789687977 -0.0249519242900723 -0.0327710078592051
-0.0999821678507005 -0.0539556625366044 0.00286937128196899 -0.0382721749396162
-0.0294845714843252 -0.110337998732033 0.00813708117604908 -0.0309355842840387
0.048032593483321 -0.129412947077766 -0.027352588627128 -0.00929611617345723
0.0671728843909262 -0.100077335732145 -0.0214611070405898 0.0804787044577971
0.0363364623307656 -0.120077927270614 -0.0757143919258438 0.0694527925722602
-0.0506312305832517 -0.12069062132272 -0.0550371908007639 0.110000534379803
-0.105501969897178 -0.0563385274459912 0.0095901187540141 0.112427065808486
-0.0929944637547465 0.0361125000695286 0.0599337899833403 0.0568270868190249
-0.0416511402562994 0.0676667090158667 0.0425322526740538 0.0175409030101417
-0.00796680147581153 0.0778972770565914 0.0261519370532251 0.00948891800187664
0.0144687027065496 0.0772794225754191 0.0111402085592107 0.0169033285202287
0.0177549477367623 0.079979271727726 -0.00262620983176585 0.0273206211875223
-0.0105226451062308 0.0697443073385426 -0.0206272980407295 0.0287725906449311
-0.043786188469085 0.0627339854223142 -0.0389761735492283 0.00495729591868235
-0.0896315511637028 0.0117436601556609 -0.0345263639737183 -0.0211358585206335
-0.0862334291575429 -0.0566740556206499 -0.00493536644932779 -0.0318639224974688
-0.0152747610584211 -0.100886861680167 0.00844274456563421 -0.0158165989758683
0.0540034100634777 -0.105328936940113 -0.0403532681450634 0.0243440809903264
0.0553691102208239 -0.0572476921647465 -0.0421550928901558 0.104094264712214
0.0447684672403652 -0.0821365065295595 -0.0800623540320829 0.0787779246234755
-0.0210581602377991 -0.0983325315281785 -0.0656375007037899 0.0932624783946202
-0.0752485400708981 -0.0574767708650387 -0.0159036275089431 0.101582102696316
-0.0770099062748387 0.0191109545844562 0.0298997838065883 0.0678269692125861
-0.0374226825905769 0.052439898257972 0.025383261719675 0.0426289187832805
-0.00986981513887883 0.0619754185894591 0.02338302131723 0.0383409788546082
0.00824956559364542 0.0633385968643548 0.0172740475157535 0.04186244544469
0.0115668669880612 0.0667212387247751 0.00139337063970741 0.051995478278532
-0.0115023720063769 0.0592428061094216 -0.0233021098390301 0.0501870761796289
-0.0402472943880111 0.0501618634427858 -0.0482282083704592 0.021672879392147
-0.0748792288585682 0.000972441411611278 -0.0437208176422338 -0.0128680845939532
-0.0625040027985856 -0.0561183609615515 -0.0127587225302533 -0.0295023965526792
0.00395580694863591 -0.0812355685153869 0.00841503469719595 -0.00448752736106043
0.055510413286383 -0.0672659250577102 -0.0521919340981194 0.0499875017082827
0.0328876906527006 -0.00481935430558316 -0.0491619869877589 0.113602972418733
0.0407751841178785 -0.0314578901439122 -0.0711388682581527 0.0812261861925606
0.00415227309782861 -0.0569420168539473 -0.0639152929890503 0.0732863515286512
-0.0359430235242835 -0.0431859831638793 -0.0304749109408007 0.0850487364604036
-0.047378604366716 0.00406996049242065 0.00612578431536467 0.0712904208234348
-0.0256699301890777 0.0296541512684587 0.0130394742683201 0.0589154688301262
-0.00914725603693287 0.0369901831123476 0.0203957757941533 0.0586105062671853
0.00135395931936362 0.0399440659798029 0.0208169404535834 0.0595857396646845
0.00368216524867745 0.0441794015945465 0.00265983660858395 0.07061450525922
-0.0117996999926653 0.0419314837843349 -0.0282652380652946 0.0660493513027565
-0.0328745740805989 0.0331520651538153 -0.0589058432093653 0.0322594438794173
-0.0527384846810049 -0.00907380686907268 -0.0535477823520285 -0.0110228507693124
-0.0335835010665715 -0.0487564229072521 -0.0198082481553493 -0.0313561796971663
0.0211738217153814 -0.0532504311135459 0.00560022034385124 0.00187237151693699
0.0498967708614543 -0.0207169536677638 -0.0643127628103539 0.0649201849305423
-0.0272368448221896 -0.0245971187556474 0.0685321046042888 -0.0768355698173547
-0.0269983403289547 0.0170430018433602 -0.0066569213350261 -0.019074774950957
-0.00169275005096336 0.0320086233849963 0.0205922002407971 0.0437055886157535
0.0221976097330225 0.0129578358554505 0.0691762902847219 0.0232210332408533
0.017119848209977 -0.00981570406283583 0.0815600173939323 -0.0334555238882454
0.00690665741841995 -0.0106913041975168 0.0499794831124555 -0.0795081207275543
0.00800997681934181 -0.00974397867510872 0.00282265098921269 -0.0876945825899636
0.00970504541779221 -0.00989585623661312 -0.0238227984905981 -0.0742750981987492
0.0106277823904205 -0.00520082472346696 -0.0212238062706267 -0.0694054155787551
0.00935650106808426 0.00197143856700273 -0.0101821227609399 -0.0710495565747351
0.00788630148585334 0.0137458507808968 0.00315031101449984 -0.0739733995202069
-0.00679620394305305 0.0250706630035624 0.0281617053041119 -0.0703107268855551
-0.0343460810070797 0.0148466923189372 0.0540466811424313 -0.059175061624099
-0.0363003203700665 -0.0211173094864759 0.0454152046291529 -0.0746858710310041
-0.017403110012856 -0.0463819771340005 0.036409722961074 -0.11786749815984
-0.00628617864279258 -0.0734831166899069 0.0662593508450394 -0.058462862460893
-0.0322202399865079 -0.0322921700090866 -0.0133657353381032 -0.00615819639033705
-0.0374069373832997 -0.000329716220472234 0.0202096850904993 0.0649872515434664
-0.0196916273174997 0.0129871383017494 0.079224264922967 0.0414640212904862
-0.00557529442604108 0.0162546632204915 0.097183404977291 -0.0295732574234313
0.00102250573589434 0.0168173198291409 0.0588887563009656 -0.0797017931416131
0.0112552504738602 0.021166622800659 0.0095328726773661 -0.0884959223269867
0.0169133898918771 0.0213354485460073 -0.020943024098889 -0.0727048990797956
0.0142421925255043 0.0273799560431696 -0.0205759958726769 -0.0660392954805509
-0.00275883542409624 0.027527067113082 -0.0124646561203066 -0.0641085518733034
-0.0192801924126025 0.0305094018274813 -0.0021525506684867 -0.0679219668884786
-0.0454544938277886 0.0151084153321046 0.0174883811717823 -0.0650408887777368
-0.0605404157642852 -0.020205893158583 0.041440387431062 -0.0551521882461328
-0.032138658663514 -0.0648164377958739 0.0293876301090027 -0.0720131215924498
0.00774228489992171 -0.0919665443595296 0.0224074346755295 -0.106828872896891
0.0185286522540992 -0.111577319671724 0.0553498489725312 -0.0292912181126544
-0.0267951667001314 -0.0823074173810506 -0.026945909046356 0.012270113903689
-0.0682618782615308 -0.0421003378967045 0.0097402443796561 0.0901153496646029
-0.0655774843491066 0.00391458128259577 0.0807971220538973 0.0679933647437905
-0.0365807169082187 0.0393497342606643 0.107874715090116 -0.0150235195969929
-0.00976061726868378 0.0445701589852968 0.0655719497920806 -0.0680346413820105
0.00996117845681434 0.0501349924801263 0.0168832086621568 -0.0771401623445314
0.021906676210089 0.0500540542139921 -0.0146854097278428 -0.0600334461193557
0.0185408995036111 0.0550609307103264 -0.0187869949047034 -0.0510867930822095
-0.00900367837663387 0.0507632661538089 -0.0164807320792112 -0.0472350637049482
-0.0365596687538702 0.04894350653652 -0.0133063262107456 -0.0553828370708387
-0.0765774708929785 0.0157462771538486 0.00122445485602795 -0.0581909343203857
-0.0858767407796039 -0.0403021571747786 0.026906272408894 -0.0520544960167165
-0.0348017579161636 -0.0956303608060598 0.0161648290234898 -0.062315105079125
0.0260474867626626 -0.124515143747033 0.00320335083233572 -0.0810432693478206
0.0434709343735615 -0.132237869079509 0.0343695422406832 0.00783165352571724
-0.0106794101805755 -0.121806522543583 -0.0447025153538701 0.0343810721975869
-0.0851233332820626 -0.0843293133162032 -0.00969596495169682 0.111060940518808
-0.103687211818019 -0.0139118222177084 0.0683954682408385 0.0953226539248103
-0.0674869271324521 0.0531839386947752 0.107075165400375 0.00898681230746884
-0.0232736753767725 0.0651050746141089 0.0664583586018932 -0.0449158011824555
0.0051769513032345 0.0721880146163108 0.0231775807051465 -0.0537298715058876
0.0242874270938117 0.0706419003321949 -0.00624825709267917 -0.0392519950291796
0.0230139068546869 0.0744772958759121 -0.0150234079408827 -0.0277194724556245
-0.00941206845632408 0.0673199108017856 -0.0196537481450332 -0.0232133023530487
-0.0434018733834651 0.0642721687698688 -0.02386113880235 -0.0372199335307445
-0.0942252198132683 0.0214341472776648 -0.0137788367595887 -0.0476278655675092
-0.102666100069605 -0.0484985847920602 0.0133490167005876 -0.0468085507840876
-0.0376436206091342 -0.111471350133872 0.00858298222828702 -0.0481173603661492
0.0369912189773123 -0.139490148289073 -0.0142256073928665 -0.0463737058031691
0.0616394353314355 -0.129536885367151 0.00601381678582206 0.047919191321618
0.0132128911007665 -0.137895686806956 -0.0640424236159958 0.0560272647580829
-0.0786315890692658 -0.115196004242081 -0.0340577336283666 0.119603450862914
-0.120086581048283 -0.0377515302716868 0.0428170882105912 0.113650744556634
-0.0900261605426587 0.0524603484300916 0.0911496554092292 0.0355562158237459
-0.0353635982683588 0.0746412334551556 0.0588202497231784 -0.0140094904809899
-0.00064699230056226 0.0827665871420077 0.026843689319342 -0.0234686453179207
0.0222948623680249 0.0807205633465476 0.00299525486796587 -0.0114743509424406
0.0242255645382563 0.0833766831839501 -0.00887190941048055 -0.00032625665247833
-0.00877796666736465 0.074089955613553 -0.0203675144949134 0.00353003735962771
-0.0440865755102457 0.0694873677146357 -0.0330465637974731 -0.0150635627247471
-0.0982546266990366 0.0218156982711816 -0.0258950113761913 -0.0341180460866788
-0.103420655704922 -0.0518673154331718 0.0029821667597724 -0.0402668658944818
-0.0327460171758291 -0.112357850243018 0.00792177142546244 -0.0316818713078292
0.0453487062759272 -0.133819156840569 -0.0283364183240265 -0.00838845795700551
0.0658157293749042 -0.103361678735623 -0.0208365125460988 0.0826099700474828
0.0349045108940151 -0.12319222465034 -0.0769390660809871 0.071955138950818
-0.0537647291354144 -0.121266018895186 -0.0555765013421517 0.113808105318818
-0.109370084655848 -0.0558298589658932 0.0108492550760122 0.116299002506634
-0.094151860887698 0.0391612274671071 0.0631055469625606 0.0573270606120688
-0.0405350409561336 0.0703913254591173 0.0447636014002616 0.0174653024894152
-0.00587102997272828 0.0794688028086723 0.0267406299047022 0.00919336045079652
0.0177934600813833 0.0784733846899673 0.0116524110997406 0.0162086089262715
0.0207947048896239 0.0809501911576278 -0.00248311684323267 0.0274954423854625
-0.0091070118152634 0.0717835060082698 -0.021055981475452 0.029482699772054
-0.0427025561318175 0.0651056182456892 -0.0404104702130801 0.0053809314176545
-0.0914795706099104 0.014238721935432 -0.0359712132399891 -0.0218413839384732
-0.089712060706921 -0.0551760799600444 -0.00515677371808509 -0.034272251977198
-0.0179358139888384 -0.102141039417114 0.00854817488989245 -0.0166634340112001
0.0522526596055045 -0.10942618969079 -0.0406569717366695 0.0261502416329637
0.054870798052381 -0.0593871795386752 -0.0415944864869673 0.107245586800597
0.0448506558290772 -0.0848359145231998 -0.0815703495088852 0.0809715940911229
-0.0228714813639372 -0.0994503424044913 -0.0663917862082368 0.0967100379830866
-0.0778511901827209 -0.0576227869506228 -0.0147484634585264 0.105283536802146
-0.0780947228277831 0.0221724095264122 0.0323366785755034 0.0687534964141428
-0.0362672836013815 0.0545009400568154 0.0275455544815182 0.0429311092795186
-0.00790655506069545 0.0635303717493492 0.024880085703079 0.0382152417610267
0.010990452655604 0.0644601093761099 0.0185172116580114 0.0412710153395638
0.0139220020684224 0.0673553270198096 0.00260045630272712 0.0522783155431238
-0.00995365395733537 0.0609630627054035 -0.0222089091478038 0.0513676760881563
-0.0394748732136367 0.0525284614073918 -0.0494950221929951 0.0228401256012076
-0.0771059085935008 0.00254336130643651 -0.0455453234584638 -0.013337755872165
-0.0652949575839915 -0.0556919201212597 -0.0133393777221361 -0.0314289587366512
0.00217452388832296 -0.0832622373973515 0.00786723553903942 -0.00505434917634494
0.054987722043537 -0.070391462039966 -0.0521077372368109 0.0527171698061418
0.0329098813823358 -0.0051598411225379 -0.0482669509933876 0.116451080816785
0.0422328244895824 -0.0327638151627253 -0.072589867210213 0.0828123349257872
0.00312636601339587 -0.0584060725887417 -0.0649617146168941 0.0763553143871957
-0.0377933538166093 -0.0438518883024214 -0.0299058953280366 0.0889891276319536
-0.0480294956756036 0.00583538068829314 0.00854335571027135 0.0730422569045097
-0.0248776247940777 0.031150168525031 0.0152349544813495 0.060389137290582
-0.0083691495910783 0.0379251508644165 0.0230184670862963 0.0584336518721109
0.00287707257521919 0.0408454046890509 0.0228449667153225 0.0590687458167458
0.00554706230249188 0.0447474094022328 0.00486257008066774 0.071179682647321
-0.0105439176997519 0.0433043771676826 -0.0273597235534675 0.0673974635092412
-0.0327839483737012 0.03471283154773 -0.0597670554920201 0.0338815177004782
-0.054782414892676 -0.00786977742958499 -0.0554091003223077 -0.0110641032988469
-0.0356832108390306 -0.0491813834862853 -0.0211548567287287 -0.032837352207383
0.0204495191754543 -0.0546617776662189 0.005845377108403 0.00116807554143116
0.0504521349840891 -0.0221533229554383 -0.0640019498184491 0.0677346005340593
-0.0292031333962103 -0.0241585117883922 0.0674278510891582 -0.0816843030277477
-0.0271213994001457 0.01833810619081 -0.00825560889894157 -0.0184607277699895
-0.000422346812450516 0.032485975603201 0.0219780201854282 0.0456007344034215
0.0238920393465107 0.0122241868974792 0.0718169814050301 0.0216862740853581
0.0167006780148709 -0.0112062030210074 0.0827036698808406 -0.037516564672842
0.00643242000245883 -0.0113808178869709 0.0483151622625871 -0.0839529605890658
0.00819269023022166 -0.010550147208166 -0.000632901951193902 -0.0896321443154505
0.0092481018502826 -0.0109980995447665 -0.0275870245710577 -0.0734216074712057
0.0105883111472755 -0.00646212687871195 -0.0258435791479104 -0.069682352231627
0.00973592170612357 0.00188735933504222 -0.0143751148951688 -0.0725460670911874
0.00894672622603556 0.0137644798161231 -0.000499870530810997 -0.076786307356556
-0.00546644232715719 0.0258203439645416 0.0265475760259091 -0.0735004781540781
-0.0346196573127874 0.0168513775232749 0.0552709949697499 -0.0630167740942922
-0.0382565185813509 -0.0201300568253893 0.0451841696341049 -0.0767775139384973
-0.0198649227164067 -0.046569282114917 0.033122919689789 -0.121783376025484
-0.00981220876177431 -0.0753043209947045 0.0656283056020216 -0.0621420440739042
-0.0346668680823604 -0.0315901171046546 -0.0146967576596691 -0.00518180736191175
-0.0380912278566229 0.00132235038758333 0.0224547483632431 0.067053186678378
-0.0193605971240427 0.0138000575529765 0.082736720219142 0.0410306526844686
-0.00534165002892654 0.0165966552570274 0.0991150693303895 -0.0340101483131603
0.00157315675111994 0.016992484815313 0.0579515576446687 -0.0839010549787942
0.0120935262735486 0.0209695607977289 0.00550198314867827 -0.0904769466602114
0.0187099087034063 0.0204832162005578 -0.0246094050855465 -0.0723405678474371
0.0157592407776394 0.0265489331192058 -0.0251141778666209 -0.0664264328028485
-0.00216253212949611 0.0287341361294908 -0.0163424200120485 -0.0654663227816295
-0.0182022909049267 0.0322151558561655 -0.00568788322239032 -0.0705349580344987
-0.0453556320136445 0.017156211108326 0.0151343214664032 -0.0676808779283439
-0.0625708958966358 -0.0176117449219407 0.0419992219521868 -0.0589914696012439
-0.0354842478670337 -0.0649081785868488 0.0285466327988478 -0.0737293504206953
0.00406200030011316 -0.0950620654075166 0.0190424258341113 -0.109908402653392
0.0141654776590791 -0.11588438502371 0.0552182455719335 -0.0316134628535955
-0.0306692340452156 -0.0837105967053905 -0.0284538740428194 0.014488693977606
-0.0712804712976279 -0.0399123687530489 0.0124930917622218 0.0932968934545566
-0.0671144582921065 0.00665789798275109 0.0855882245664263 0.0684712243170746
-0.0354751694616511 0.0418674351830461 0.110451749616474 -0.0196685802885506
-0.00843007798989903 0.0456156777828771 0.0648563931680791 -0.0725957942943805
0.0121372594424079 0.0508843427038207 0.0140510170960168 -0.0790919843858088
0.0251962581821602 0.0497835507858197 -0.0179497876404879 -0.0601528634986823
0.0216381466138175 0.0549929958143416 -0.0225266013733578 -0.0510521328442676
-0.0072029248941816 0.0523102766326463 -0.0200614684734523 -0.0477451815074964
-0.0348636941879182 0.0518588670454908 -0.0168592809508071 -0.0571874478529086
-0.0778033327050367 0.0188597277053811 -0.00104570969825729 -0.0610249763872812
-0.0898585545944232 -0.0370056752638638 0.0269105386817879 -0.0555018133518782
-0.0399048531787042 -0.0967634458260075 0.0152567192087558 -0.0632550610307506
0.0207124261518719 -0.129271743366828 0.000387400768008024 -0.0825871097460973
0.0390153989937968 -0.137208859166591 0.0349300578211676 0.00771224530908703
-0.0152322577199095 -0.124683260161999 -0.0459417542333245 0.0376966619430224
-0.0901236219233505 -0.0825304923360522 -0.0065031523468136 0.115249460942198
-0.106890808414743 -0.0101100086519891 0.0740497306218885 0.0968913701965743
-0.066588732840022 0.057389516752149 0.110632732499488 0.00530791842343101
-0.0213813014935316 0.0678138797578593 0.0670572154824511 -0.0486823037963793
0.00853083078323625 0.0736742033585315 0.0218167564588881 -0.056352487351701
0.0283406818256609 0.0706047192052564 -0.00855175543857645 -0.0391184279485644
0.027464762656126 0.0743976345441003 -0.0177926945895631 -0.0277715571406623
-0.00729942827326415 0.0687490235950252 -0.0221689851605279 -0.0233025785619669
-0.0414382545951625 0.0669181651879767 -0.0275930317822379 -0.037723280081216
-0.0957156632291542 0.0257225475407208 -0.0160305036572735 -0.0494958649740907
-0.107087671877287 -0.0444987642546855 0.0131934407400308 -0.0499384459537928
-0.0435389424843183 -0.112367387700795 0.00789222043427903 -0.0489187789612369
0.0317010323056165 -0.144965155503585 -0.0166069596505334 -0.0466141787046514
0.0576790803516406 -0.135493101737023 0.0077845160234979 0.0494337100335461
0.00863159102733424 -0.141725201596499 -0.0646059898508683 0.0599173121368202
-0.0849908022078605 -0.114362810029033 -0.0318919773973654 0.124965811276343
-0.125065322963741 -0.0341587731887216 0.0479148076951866 0.116886661898491
-0.089547550158111 0.0577426687079745 0.0955527859881281 0.0327336355688597
-0.0331647593433695 0.0782295251415475 0.0606403239341516 -0.0166343777745207
0.00318492991970279 0.0848661065226385 0.0263685404790908 -0.0251456541252368
0.0271313997573944 0.0808573184547329 0.00194373030837503 -0.0119886294212014
0.0294941074201084 0.0836216325349517 -0.00966383665510455 -0.000106618961649359
-0.0059520210055452 0.0762226939519365 -0.0215178541716596 0.00440998549777882
-0.0419448778326979 0.073047147049629 -0.0356996346505322 -0.0149580745048945
-0.09997807949032 0.0265189643000102 -0.028284927823936 -0.0352799784008917
-0.108137012638193 -0.0484625365905903 0.00248403397263973 -0.0434270687704516
-0.0382365030513584 -0.114230852845065 0.00703967763777324 -0.0323279715988341
0.0407371341895058 -0.139551746812689 -0.0291874633811597 -0.00699698489805612
0.0632168286323183 -0.108163697677982 -0.0190173674543426 0.0859331959869814
0.0320378518554795 -0.128122093192913 -0.0780190466926467 0.0760048963458805
-0.0592278712442757 -0.121745138903427 -0.0543200669295557 0.119395328019333
-0.114587377319403 -0.0532175297488424 0.0155740473559353 0.121171740443572
-0.0944290635650693 0.0444262591840025 0.067870649432391 0.0566898939048139
-0.038339844548009 0.0741468773326137 0.0474190322214 0.016517244974574
-0.00244033166944982 0.0822007339217093 0.028218388536953 0.00784704240862735
0.0226897086841788 0.0789699669290603 0.0119981673940933 0.0154863712583993
0.0258370509308839 0.0811698408228217 -0.00178619587973542 0.0277088131521795
-0.00603100737404999 0.0739044979120456 -0.0204288681049708 0.030493100674226
-0.0409030878872134 0.0678549939556095 -0.0427683714074707 0.00656902094829502
-0.093760526317372 0.0184021777479957 -0.0379073620728847 -0.0222872056322532
-0.0943636751364363 -0.0520577152855639 -0.00625544481006284 -0.0366959874046092
-0.0223672447920166 -0.104305808484461 0.00834843601404357 -0.0175135424740935
0.048563606437044 -0.114827070896495 -0.0405963259781005 0.0289746049024908
0.0536017341724644 -0.0625117286965183 -0.0395635788478767 0.111448892387991
0.0434925225222301 -0.0887593868157548 -0.0818491321533499 0.0853663727057981
-0.026599188517811 -0.100882248059801 -0.0665109809493141 0.101758282138747
-0.082568192162606 -0.0567775378849678 -0.0119522311867671 0.110477675757747
-0.0789886270474239 0.0263990647843592 0.0368369190462337 0.0693504293995847
-0.0344050799043237 0.0574285122476044 0.0305799742281595 0.0436617731870123
-0.00566742354630643 0.0657214003022114 0.0276932482034631 0.0378650745557887
0.0145342701727707 0.0651786366876932 0.0203983692946878 0.040616693822854
0.0180149452372494 0.0681625998181762 0.00460079724071492 0.0523595190115771
-0.00766443143953093 0.0632079318901349 -0.0211721907246888 0.0532981815355651
-0.038242781439036 0.0552820025687017 -0.0504285305250635 0.0250299848518893
-0.0793451850516513 0.00585397283661122 -0.047529325210362 -0.0131987614089232
-0.06948568064657 -0.0542273440933702 -0.0150764195172165 -0.0333239017190679
-0.00116251804557654 -0.0852162155188921 0.00800518292451746 -0.00568923399576486
0.0533415105718318 -0.0745083193890865 -0.0513513513823913 0.0564484914596481
0.0337539930070528 -0.00596471370851339 -0.0463399627387559 0.120967582859516
0.0428658301923755 -0.0356078432935302 -0.0734886428020959 0.0870965195679266
0.00124937718290333 -0.0598300636085109 -0.06531548907192 0.0807427667518069
-0.0411156010159543 -0.0439541813865598 -0.0278054518598405 0.0936417887450198
-0.0492935659299037 0.00815198946823642 0.0122731399948093 0.0754193757085944
-0.0237094907121851 0.0331758491284083 0.0191528923230582 0.0617490240168998
-0.00641534703942917 0.0389966393743389 0.0261709189517948 0.0584577676927348
0.00499451966903753 0.041703512736093 0.0259556421505323 0.0581466455922984
0.00804767392082763 0.0458828660279292 0.00776090371014381 0.0715111208764366
-0.0087207665818345 0.0450555107882456 -0.0251757996911108 0.0696901380732631
-0.0320150658346649 0.0370017948740517 -0.060726878144886 0.036857927193698
-0.0573228200146206 -0.00583026661528912 -0.0574719399020373 -0.0103123618493832
-0.0381887957213473 -0.0485229438519118 -0.0230168044125862 -0.0346081694136556
0.019057824630821 -0.0572801120135322 0.00620340201353058 0.000339347636222237
0.0508395073760589 -0.0249451441023141 -0.0633205960305136 0.0726310364754509
-0.0311497817434435 -0.0234879247255746 0.0644209235273787 -0.0856492202788948
-0.0268061861393729 0.0204280505941151 -0.00965685754779159 -0.0172802101930224
0.0014118373403997 0.0333634061568015 0.0252118343437124 0.0466437015433542
0.0248225146878332 0.0108169406269572 0.0745506150243424 0.0189082705829512
0.0159991216994363 -0.0125564820982677 0.082306692659466 -0.0424834593553326
0.00524982468019911 -0.0123400169364206 0.0443943985040454 -0.0882113064107225
0.00763830533905831 -0.0114419275555887 -0.00587356460292602 -0.0900960113085827
0.00839757864833027 -0.0118748456674086 -0.0314626586379405 -0.0716859207065849
0.0102166301902942 -0.00736141817056782 -0.0308373553868547 -0.0688301355105902
0.0100833857035798 0.00101062802528367 -0.0197665086291386 -0.0728862015116929
0.0103635309133728 0.0132458511771424 -0.00522882299025971 -0.0779659796763753
-0.00402626621275242 0.0266257820294725 0.02307950278397 -0.0765822609032332
-0.0340366725500977 0.0196600444801487 0.0544441427148629 -0.0673982450510523
-0.0400889680301723 -0.0179231462802093 0.0435490586030383 -0.0791198739319069
-0.0230684186186903 -0.0462846863275739 0.0275270190371567 -0.124361541540396
-0.0148352188019728 -0.0763060613892835 0.0633375992061533 -0.0657771290913342
-0.0369860812575507 -0.0303566039411978 -0.0153761316371096 -0.00311675760746936
-0.038647161717984 0.00387503845363394 0.0261767559354427 0.0686202019750908
-0.0188732632092776 0.0156188250199876 0.0870557963877191 0.0376484504458927
-0.0047535940792847 0.0166857652316851 0.0988280240036258 -0.0398685927059117
0.00190742400972449 0.0168071611285501 0.053641544509144 -0.0887557022845936
0.014019748729781 0.0204558437709119 0.000757161000024765 -0.0915874563714998
0.0197760258030191 0.0190571045841371 -0.0288407092166107 -0.0704936387324747
0.0172702261790819 0.0251497567314215 -0.0307772413531196 -0.0653953322965659
-0.00078233234833306 0.0289115763890121 -0.0214442323053291 -0.0654379309803523
-0.0158992729308402 0.0333687646658279 -0.0104947823450664 -0.0715479356878414
-0.0449495815951776 0.0198533598886776 0.0120301553596063 -0.0706350719236867
-0.0638461666046312 -0.0136511995111541 0.0409464818616294 -0.0625144703108712
-0.0396696672758336 -0.0635538179585698 0.0267689296721916 -0.0748411319837998
-0.001730246820204 -0.0963694641498698 0.0132626501883938 -0.111600552399236
0.0074777099235025 -0.118369834881255 0.0543082305788899 -0.0341246377928953
-0.0356075234674501 -0.0827160539315629 -0.0285093732411036 0.0164682884360733
-0.074323521914707 -0.0360850944056097 0.017387044886101 0.095418897607559
-0.0676787000358686 0.0103247859632449 0.0910175673422065 0.0661802579684611
-0.0331299097277775 0.0439961823094052 0.111025905588929 -0.0262488423812129
-0.00662694880177923 0.0460777004643977 0.0619848103822979 -0.0775623243129358
0.0152288886481265 0.0506162442427425 0.00954684316077141 -0.0807595597736365
0.0283732589180954 0.0476825318733677 -0.0215553531574208 -0.0586087227683875
0.0253372796067512 0.0528927556111578 -0.0269388097804188 -0.0502188862024966
-0.00457018929793337 0.0531153783455145 -0.0243950046415361 -0.0470647369479338
-0.0321354672424365 0.054360902274773 -0.0209982135550719 -0.0573124884872743
-0.0775310850038134 0.0237576082189947 -0.00389378047959628 -0.0623485966441861
-0.0924620496380442 -0.0319079709754679 0.025850490313512 -0.05913469112855
-0.0452476749210259 -0.095910889773241 0.0132557957621785 -0.0638297461897041
0.0134634778916625 -0.131954522746793 -0.0045282352485166 -0.0830953063225262
0.031113778730364 -0.14145417060847 0.0356455897968374 0.00695929353563045
-0.022031011103581 -0.12549729945173 -0.0452354676715209 0.0409300271566266
-0.0951506777464005 -0.0778423502980731 -0.00176606311141085 0.11842723310767
-0.109252567078231 -0.00479669191308169 0.0801409029676833 0.0961618763087841
-0.0638174073432742 0.0616551658373049 0.112551631176156 -0.00123249998565332
-0.0177322183908989 0.0692332080260227 0.0654716413722463 -0.0531604010535063
0.0129812156958932 0.0741289148635236 0.0185494286671453 -0.0582123350492235
0.0334917502313829 0.0692347911564702 -0.0114664621397477 -0.0380397398393548
0.0322521129508418 0.0723468986901422 -0.0202202265519732 -0.0268480451845643
-0.00334166905132631 0.0699209636821512 -0.0251786209086578 -0.0227001209667198
-0.0376367316908401 0.0695530761830255 -0.0310901725025012 -0.0376387888112351
-0.0956209964624561 0.0317242186572458 -0.0194408806436669 -0.050273799800177
-0.110576809482618 -0.038409699366115 0.0113071739857169 -0.0527253579505669
-0.0505388688976906 -0.111367537715289 0.00656138624843274 -0.0493823670143778
0.0231409816635296 -0.149072668095622 -0.0192361422961288 -0.0456757451476811
0.0498076073782518 -0.139415663373895 0.00989820411853481 0.050563630457274
0.00158801509659618 -0.144655735190638 -0.063727252916758 0.0644133673036951
-0.0912591320070173 -0.110500406307464 -0.027561949589827 0.129103092355881
-0.128791326713008 -0.0282630711086059 0.0545106932850525 0.117732775877183
-0.0869818300823362 0.063306994744739 0.0990030496915174 0.0280094215047951
-0.0288274340743774 0.0809219992861607 0.0613770988188274 -0.0200127098879012
0.0082749293284825 0.0857965716694506 0.0249858083737793 -0.02764752111096
0.0329546299467688 0.0796098800888115 0.000815588514971735 -0.0120558189556726
0.0350831088904791 0.0818527149871848 -0.0105591087376696 0.000310475133227802
-0.00178151078687537 0.077615954375436 -0.0222651814406686 0.00522651004092349
-0.0379123519926645 0.075747720744034 -0.0383303988273373 -0.0136890292740623
-0.100197671170313 0.0322405139525342 -0.031181966765047 -0.0353700164463701
-0.112007347951562 -0.042035302561892 0.000500008855077537 -0.0457034499248896
-0.0450061791034433 -0.113080700511901 0.00587063781236888 -0.0327234481213677
0.0326691656421608 -0.143461447573158 -0.0304807054321451 -0.00493896012368739
0.0575313205511901 -0.112539190057798 -0.0149130140038056 0.0884262131540635
0.0266875151181145 -0.131605805086755 -0.0766417278148769 0.0809689131089685
-0.0658793201648831 -0.119731521894137 -0.050371994769281 0.124329288938414
-0.11992089939946 -0.0484301133960083 0.0216375111455478 0.123908040755519
-0.0927275238014672 0.0504052982115975 0.072365537223406 0.053507257607453
-0.0339176120000121 0.0766090742563207 0.0496189508279747 0.014100460814529
0.0023252017051613 0.0835145315034739 0.0292837059313653 0.00593967667771488
0.0280550225688368 0.0783425777421921 0.0126961919760286 0.0148486873042666
0.0314139657445712 0.0797627485685381 -0.00110901935037179 0.0278664884384766
-0.00183462207975546 0.0750657276581668 -0.0195830393335001 0.0318081938425994
-0.0376041697922141 0.070831092002119 -0.0437969556751492 0.00873467830457503
-0.0941988421836323 0.0243087751305145 -0.0403527257392969 -0.0217605608623811
-0.098285159373343 -0.0470801776836815 -0.00861932117731243 -0.0381536761888344
-0.028499004356872 -0.104443830828758 0.00809235335738014 -0.0180006845303179
0.04213904150638 -0.118716863888381 -0.0395358820325964 0.03227142644437
0.0509734310199174 -0.0656060060911939 -0.0346618283936308 0.114630331293833
0.0404919966403772 -0.0928131900485065 -0.0802140078209187 0.0904461940852651
-0.0321443376583872 -0.100356529661415 -0.0633404547911214 0.106670383551102
-0.0873822241700767 -0.0536141145888479 -0.00685968613185134 0.113923414830632
-0.0784975028308063 0.0312309226198131 0.0415013547582355 0.0690303696951837
-0.0310307635315414 0.059579745486432 0.0346816914104733 0.0428070623698905
-0.00145101446631078 0.0670108317458809 0.0302941369660132 0.0358214827605111
0.0193573199016715 0.0650875263597987 0.0222705634171293 0.0388807590932499
0.0230454716193913 0.0670887345303381 0.00731983853862221 0.0518784163240195
-0.00337438212837031 0.0645198162043889 -0.018491992096718 0.0547795043420433
-0.0351661148557316 0.0580450724891722 -0.0509207065237334 0.0276872630240648
-0.0805772416641122 0.0109099877788032 -0.0496645719380042 -0.0119569838140892
-0.0731141591823106 -0.0499703017638877 -0.0170460243065569 -0.0340569576241044
-0.00603187718212224 -0.0863642449610303 0.00827124144489869 -0.00679136998137309
0.0494893552495442 -0.0785791582613301 -0.0492910755262705 0.0602172368011138
0.0340637260884783 -0.00707407262379402 -0.0412436449188299 0.124529702162701
0.0418500570668599 -0.0390252689491356 -0.0711593741659494 0.0911197228388709
-0.00171923345947575 -0.0607626054418029 -0.0634873482504704 0.0851516082303816
-0.0441827090089317 -0.0426344881848967 -0.0233487151922796 0.0974408454003631
-0.0492881199940488 0.0113502987242726 0.0174006400424833 0.0764147478746771
-0.0211255492492914 0.0348592941821932 0.0235494979374899 0.0620587553253272
-0.00402429139989628 0.0399084654211573 0.0305599903875254 0.0571860574051606
0.00829100146213495 0.0419533099682147 0.0288987681014928 0.0562879947541764
0.0114007613526857 0.0450049961676264 0.0119597475911574 0.070824734249676
-0.00566930295787104 0.0465629615656235 -0.0213483430854586 0.0715064428070472
-0.0299621072945467 0.0398801348865879 -0.0599129612997015 0.0402598313845
-0.0589013589548728 -0.00247020268000869 -0.0595153480545711 -0.00811532239986994
-0.0419900873196497 -0.0464392510911917 -0.025334643802786 -0.0349955045696805
0.016002007866148 -0.058744114014187 0.00651484908470057 -0.00042612264222362
0.0497796189958805 -0.0278239967701176 -0.059602760984989 0.0770252552776056
-0.0346576521696214 -0.0199533168943637 0.0503763717852587 -0.0936091840817695
-0.0227172439774857 0.0246378711453993 -0.0126239705029732 -0.0159011588671488
0.00822298652104224 0.0327070254148616 0.0301228294376126 0.042219723748997
0.0278861105599829 0.00564854412130845 0.0749182823346186 0.00877077097866594
0.0143167949540212 -0.0165018847479973 0.0743709522428629 -0.0538590062822068
0.00264391962313986 -0.0154897034020507 0.0293683549087379 -0.0928669297011528
0.00447281847910651 -0.0142176299372014 -0.0198369347108157 -0.0855558848131738
0.00472083967090943 -0.013598722651454 -0.0405540958127653 -0.0632495587330815
0.0071409359714148 -0.00942245964710237 -0.0407084791928988 -0.0619068999094506
0.00898077862754124 -0.000649521150862933 -0.0303795683879994 -0.0692733108318612
0.0119321047450231 0.0113112670669067 -0.0165236085342225 -0.0765271342421711
-0.000368931275303029 0.0269273125520993 0.0138698980303099 -0.0790542924171128
-0.031532425004193 0.0247140703568306 0.047313940886193 -0.0749084938746424
-0.0426737261716603 -0.0110010498193037 0.034281682464817 -0.0818930015603054
-0.0301710679492831 -0.0425576448344714 0.0114647507624791 -0.123440046601459
-0.0283118647086861 -0.0737160471659029 0.0542743408922855 -0.0716804852358424
-0.0417657549993666 -0.022323652679601 -0.0138184612431009 -0.000949173733094025
-0.0356958204818534 0.0114489310566018 0.0372716290080624 0.0620529250629244
-0.0136416892648144 0.017931075814763 0.0912372206863975 0.0232465154872079
7.14372040370032E-05 0.0146859004907775 0.0897644349615558 -0.0554211193828211
0.00435781221284737 0.0130232373822215 0.0374100725945581 -0.0952661387994818
0.0160372741139796 0.0165004710803697 -0.0145689225692413 -0.0895467239173638
0.020715993862678 0.0149215559119359 -0.0387717880872193 -0.0621896544710293
0.0199202602261441 0.0211344220944256 -0.0400829014714246 -0.0586666767942049
0.00346521233495396 0.0286410403798325 -0.0311083486169345 -0.0621383188364708
-0.0108880870241573 0.0345990193871414 -0.0208788929927224 -0.0700664090131024
-0.0419417002542287 0.0269920712430489 0.00494948794598768 -0.0719751947027884
-0.0654573258892109 -0.00318987060938067 0.0353221182056681 -0.0673549558837017
-0.0491113376670431 -0.0559950618102351 0.0165502583297801 -0.0751478334231495
-0.0164911329928421 -0.0949283343536386 -0.00234199763241681 -0.108321640865227
-0.0136768004782221 -0.117254638148845 0.0516671877172205 -0.0376144354068449
-0.0499797260619109 -0.0729860526499161 -0.0212201463143736 0.0215907604429847
-0.0770512058090416 -0.020204586901686 0.035029057097089 0.0887136821978879
-0.0618078720905481 0.0230784553221976 0.101205590078789 0.0483365321263567
-0.022523068948085 0.0458112379407219 0.103306601357121 -0.0456245286543977
0.000992131246998614 0.0428179657781365 0.0465318116349867 -0.0857445294706495
0.0236204101265201 0.0468232024302041 -0.00478933609285525 -0.0819414606929673
0.0339640125661781 0.0408569452160238 -0.0305116416291967 -0.0521038646136801
0.0328187965610068 0.0470030372607851 -0.0354160680491847 -0.0443165455808908
0.00357120304463037 0.0531845365312886 -0.0318597383256963 -0.0443250403194452
-0.0229036679773802 0.05771455142135 -0.0300060566190618 -0.0552467890714964
-0.0733739044413262 0.0365550769674459 -0.00987852590062394 -0.0631283789052123
-0.0960850271363241 -0.0164056503972352 0.0204664529818808 -0.0612385288036654
-0.0599507447040955 -0.086117932233447 0.00414359951807725 -0.0624770550177336
-0.00704918345105638 -0.131684308805525 -0.0172567533139681 -0.0782733569012937
0.00517378973159418 -0.143265703182243 0.0404181034556914 0.00636673156350156
-0.0445394146077098 -0.116167502607601 -0.0326190826254381 0.0492184889013192
-0.104808158659401 -0.0564109380589581 0.0223210313107587 0.11366985281777
-0.104803210493728 0.0161721024333391 0.0973608917998741 0.0777963666017144
-0.0487355002154992 0.0689198911616474 0.108116214770927 -0.0225761044245278
-0.00536243745123036 0.0675799985556026 0.0533401341529534 -0.06345095529703
0.0260992711341356 0.0702644986814542 0.00731341427801975 -0.0621470389302932
0.0421968654900484 0.0605360462257092 -0.0177972057452259 -0.0340588328849627
0.0432136866012877 0.064660538342851 -0.0255070827853163 -0.0229682239748816
0.00753531034882262 0.0695817339446888 -0.0293428011433335 -0.0201331351884196
-0.0257096181765035 0.0737803729502614 -0.0373646276686758 -0.0342173696069913
-0.0897394487406628 0.0478818810625955 -0.0232883374595051 -0.0492155153017934
-0.114327920760107 -0.0193340177313975 0.00760219183744679 -0.0535590473200472
-0.0665479579726999 -0.10071334708957 -0.00157391267267885 -0.0468404408926406
0.000228840207177666 -0.149531221118942 -0.0278953091335133 -0.0398631612651606
0.0245604351065164 -0.143710420556968 0.0215217828631265 0.0532412637073237
-0.0245938360666012 -0.137979725396262 -0.0462342525172713 0.0759057805602147
-0.106880357027434 -0.0889044036743398 0.000111314156953039 0.129026418446713
-0.128518384287855 -0.00265493088208071 0.0772697421018547 0.103278112957381
-0.0707946263888086 0.0753342520154669 0.0996167770846624 0.00718702035207176
-0.013889383350908 0.0811286041300699 0.0545023332285966 -0.0307524324226807
0.0234618389315482 0.0831296950398083 0.0187672238096223 -0.033925219765393
0.0440196815653377 0.0710586962702712 -0.00306725789033092 -0.010948289508307
0.0480287055229807 0.0732127093181945 -0.0115501322915279 0.00256122333188218
0.0110789975178488 0.0764274499931593 -0.0228157344323141 0.00696982889196935
-0.0249935170569787 0.0793075703125581 -0.0412255003525175 -0.0104858055780105
-0.094228645321369 0.0495901939012099 -0.0334893765403503 -0.0327501276500664
-0.115897097924984 -0.0231489890857146 -0.00307711753168826 -0.0444404343467149
-0.061865078064486 -0.102997007710578 -1.44372557521966E-05 -0.0310217053213913
0.010632031886016 -0.145844307233063 -0.0338844253741117 0.00109030970518959
0.0363962534300045 -0.117709452632576 0.00183248331179344 0.0935843272876362
0.00204076204371662 -0.13023381916207 -0.0575315000943479 0.0952400559699664
-0.0841020803015478 -0.102892993164217 -0.0237015409473598 0.12883611657105
-0.124435841822809 -0.0235838038138015 0.0471153978932597 0.115079542738871
-0.07921779440525 0.0648273409279138 0.0785337182999925 0.03636798190995
-0.0190526565436356 0.0793019796685785 0.0491961692392621 0.00425147893063866
0.018385954577817 0.0819079115998914 0.0282134004126537 -0.00197019142541115
0.0399153175473253 0.0709887608783984 0.0124227031179246 0.0127343241542959
0.0452349700556874 0.0722031918622277 0.00151849566117517 0.0269026304250895
0.0112195923820188 0.0746346820753356 -0.0162524517444629 0.0325801761731156
-0.0244494985726974 0.0749677917484729 -0.0427540963512121 0.0127125354551643
-0.0893776562832357 0.0406032710833301 -0.0407200779444511 -0.0180071065261362
-0.103366382213549 -0.0298905401730509 -0.0115629723227256 -0.0363554274330698
-0.0439246478326763 -0.0973522701921125 0.00350652003759546 -0.0175486229901291
0.0244662848491253 -0.122747807580509 -0.0382091944157154 0.0370609175860684
0.0388735113084699 -0.0702357463696803 -0.0149888011757831 0.12024624001079
0.0230513229179483 -0.0950662670199796 -0.0619779412381174 0.10435807309561
-0.048331480741138 -0.0906947226529413 -0.0410933791668317 0.115625529742986
-0.0947522360712432 -0.0342406787802446 0.0170856170757456 0.11123083906588
-0.0690593942858614 0.0442202465209007 0.0521837921904367 0.0571496291598108
-0.0187607703102351 0.0631659086972973 0.0397865248276297 0.0346521324640092
0.0117609707943637 0.0666150968709915 0.0348456698219716 0.0271058455609765
0.0298747561715452 0.0596589230154811 0.0257844447690763 0.0343369031592779
0.0351828154733597 0.0615034388368551 0.0130787444787926 0.0494753670384613
0.00799074083885352 0.0641026134149467 -0.0119962878950331 0.0549584299952202
-0.0241483475305791 0.0626297382423239 -0.0467554353930704 0.0321708042604856
-0.0783939242790761 0.0250485631743343 -0.0489774074617442 -0.00670985901585658
-0.0795228547863 -0.0368789161642752 -0.0202705151971448 -0.0305396503926083
-0.0193209958340906 -0.0837120436499151 0.00536478496414551 -0.00703215603601172
0.0376463006454911 -0.0837910261945569 -0.0431296616650215 0.0650508059291631
0.0332471107541785 -0.00975408588219195 -0.0216582857901603 0.127978056765601
0.0343277671617168 -0.0429690011015309 -0.0552095068775866 0.102444041070902
-0.0119805016195375 -0.0572829117066765 -0.0472116108227062 0.0945090967696867
-0.0512151477639855 -0.0320378037634528 -0.00433156433351102 0.0994613841574703
-0.0448011215767536 0.0206513478234201 0.0301260605742055 0.0700854800148241
-0.0130076153025287 0.0377250307928905 0.0323528681924744 0.0552203931781475
0.00442908931624705 0.0406974950760746 0.0384640849811016 0.0483956850579942
0.015814949414772 0.039266334560218 0.0352121707101889 0.0495103559513558
0.0200665883165263 0.0424452877128114 0.0208993475163361 0.0670945341027333
0.00317712082729844 0.0468380693457681 -0.011560525096382 0.0723461421021139
-0.0222429443436426 0.0440180518970926 -0.0541145489038748 0.0463247899950757
-0.0588387723699592 0.00849900477567694 -0.0587516105841918 -0.0012783425776176
-0.0485255472725312 -0.0384789418480277 -0.0291108170977739 -0.0302180363314206
0.00655378444757436 -0.0597852668197272 0.00520602753813879 -0.00170321335973706
0.0464593612995503 -0.0343431121535463 -0.0501667926746599 0.0818891396628784
-0.0348179286853176 -0.018471158165214 0.0457171221458444 -0.0922405917638311
-0.0207250095105614 0.0247669696791471 -0.0125877558703109 -0.0144843359819633
0.00926138073782688 0.0311859442813534 0.0313632084947293 0.0412854504631262
0.0274072884959226 0.0040691543191122 0.0734684027082187 0.00739114104386402
0.0129830123264745 -0.0166532755056274 0.0707827059258812 -0.0545510205671369
0.00115855610412636 -0.0150298825327642 0.0251776046517067 -0.0914041219847627
0.00375779643457808 -0.0143643016322925 -0.0218521699344038 -0.0823839123954652
0.00391432093774456 -0.0135783143735379 -0.0407237954052142 -0.0592039700052891
0.00622782412946682 -0.00931971534487361 -0.0418478574434296 -0.057899292879182
0.0085803881659028 -0.00118510675755099 -0.0330741093831918 -0.0658655468561075
0.0118628917443945 0.010178471532686 -0.0195163132161288 -0.0735918507134401
0.000666026222272351 0.0256952102164299 0.0115794370168263 -0.0780619791909512
-0.0292517073064238 0.0253860682862697 0.0453134727894574 -0.075165265700921
-0.0413180002966089 -0.00920181038688443 0.0322084178866533 -0.0799048310869625
-0.0307717198914354 -0.0401051053669428 0.00778957870526364 -0.119602740527942
-0.0302495930145692 -0.0705985130523657 0.0505847780591892 -0.0711136805176718
-0.0415292319565405 -0.0202986683688777 -0.0133175427010014 0.000112575171427945
-0.033991421894358 0.0125732564898525 0.0381006234934593 0.0607195834351497
-0.0123678045654994 0.0179239189076914 0.0900598164542246 0.0208354763514579
0.000130015399932334 0.0140720739945929 0.0852362381661071 -0.0568591516769549
0.00420812236656162 0.0123241794394496 0.0330147168177897 -0.094024258315817
0.0164768613476309 0.0145974150567406 -0.0178696859550816 -0.0859174337651525
0.0204180421741369 0.0130989792436782 -0.0389941729407958 -0.058230907132204
0.0197595044875972 0.0189438842334839 -0.0416138747534328 -0.0544184997861174
0.00371810960229634 0.0272396143995359 -0.0336307326758122 -0.0586505293023927
-0.0090259665445932 0.0336637313929263 -0.0237604844135835 -0.0673896954539605
-0.0396330541831458 0.027609442853366 0.0027541059360174 -0.0708037288988674
-0.0628193338067256 -0.00030711513063468 0.0332655686091325 -0.0677778322989897
-0.0489803993091391 -0.0524522183340121 0.0153171125133109 -0.0727455795229708
-0.0193025767882779 -0.0913264645125147 -0.00522801406987976 -0.104319340353093
-0.0181010386368245 -0.113489378050811 0.0495116571363169 -0.0376913163188109
-0.0510282956396864 -0.0692947465531264 -0.0202002323630228 0.0220330530420283
-0.0751846853223137 -0.0170914005544073 0.0365661377220941 0.0864921852832927
-0.0594444532486514 0.0239263970068539 0.100623678709714 0.0449793455710329
-0.0202639710551767 0.0449109894915066 0.098898524895662 -0.0475034179990558
0.00221723791496488 0.0413775257204903 0.042592008448708 -0.0850827896330959
0.0251295577507624 0.0437617832383403 -0.00829129180246204 -0.0789512438110207
0.0339384273160365 0.0378138981053027 -0.0307204790370158 -0.0484440197394443
0.0334964388954896 0.0436922992228507 -0.0361922748232269 -0.040945827983577
0.00486546482049264 0.0517019727320168 -0.0334141681386883 -0.0416490413618952
-0.0199255469951278 0.0563089226745156 -0.0320810334627326 -0.052996296741071
-0.0700428839877838 0.0379112690055186 -0.0118528249738905 -0.0615721749820786
-0.0928454033745117 -0.012267458751384 0.0189789596089912 -0.0617194352137894
-0.0606404551528726 -0.0815755220029589 0.00310341637209776 -0.0600745094230403
-0.0114224687832681 -0.127536085405953 -0.0188249949433293 -0.0744430200218298
8.81251732462252E-05 -0.138599208831198 0.0397800933681968 0.00568213793755596
-0.0469505405781548 -0.11171189230892 -0.0305091901216706 0.0498463665997846
-0.103117934254995 -0.0519317189005243 0.0245380251125442 0.111561591687721
-0.101733052763192 0.0189972870349701 0.0976714711709728 0.0742764650595648
-0.044902464801691 0.0680135810438361 0.104506231516595 -0.0258560250881621
-0.0031753620862963 0.0656967708804003 0.0502630261392563 -0.0636930022756731
0.0285405008238394 0.0669165998594995 0.00440263771326281 -0.0605827847267696
0.0430118406892176 0.056254795296558 -0.0184326564094321 -0.0317010621672916
0.0444247865461709 0.0600094257197069 -0.0261506981455496 -0.0205551909534596
0.00978406316979465 0.0671990666617735 -0.0298162601904364 -0.0184265909161032
-0.0221137726672699 0.0721532860738056 -0.0386246948080153 -0.0324911076502509
-0.0852390804294186 0.0494686928393714 -0.0250032799524126 -0.0477263648602987
-0.111048772242181 -0.014791830383451 0.00598520113665217 -0.0534256649445944
-0.0682282768928093 -0.0952299233506239 -0.0014877123321488 -0.0449105248148248
-0.00499111167543518 -0.145113456449141 -0.0280751930081754 -0.0368263385777118
0.0188199036805173 -0.139989654728041 0.0230085186613381 0.0520734905189269
-0.0280740948529904 -0.133985322684107 -0.0439367431315256 0.0757202599668974
-0.105913139950483 -0.0833415284043511 0.00296115706253381 0.126964137348487
-0.126057497145651 0.00162283111898596 0.0791873176451959 0.0997987395960851
-0.0659333616664013 0.0751669030995463 0.0967075717539189 0.0035617719378338
-0.0104923061397767 0.0786481938258091 0.052567520476366 -0.0320271037334547
0.0265168296694532 0.0796460151934242 0.0165259585804719 -0.0337392468989875
0.0457074757881278 0.0667413586554517 -0.00327566256200296 -0.00988811671907476
0.0491464196422041 0.0679111529280402 -0.0127129798205708 0.00266354311965956
0.0137047711068869 0.0739956602443125 -0.0226169443374603 0.00725981235475534
-0.0210629997618564 0.0775243337812213 -0.0417864540006634 -0.00884269014418426
-0.0895308780164352 0.0513509782208643 -0.0344267389203388 -0.0318571585670986
-0.113377015641714 -0.0179190561055544 -0.004336687165934 -0.0444704162063029
-0.0631510064435231 -0.0976894958356506 0.000463945883110491 -0.0301627262715572
0.00527588540454121 -0.141491610538787 -0.0326194665755218 0.00294240875309956
0.0318779190601177 -0.114610837744243 0.00494629089404252 0.0912456969723525
-0.00181122697275467 -0.127249765176056 -0.0545235698027258 0.0942480532935849
-0.0840309420390681 -0.0972070936524304 -0.0206410130120877 0.127512395903903
-0.122373569515409 -0.0190838059979143 0.0494907976126713 0.112257918647217
-0.0742872584793558 0.0653396806340461 0.0773724638724355 0.0325429945146143
-0.0158619522398357 0.077154701727316 0.0485261657097083 0.00234017962769686
0.0211765776476642 0.0789200193219402 0.0272299325500704 -0.00358175715214123
0.0414639779234256 0.0667361533295046 0.0120370681004593 0.0122004080266905
0.0464756364542795 0.0668230110749796 0.00169900333823815 0.0264168827635473
0.0137188431468967 0.0718024961889219 -0.0151353809837656 0.0317470835737588
-0.0209122929104632 0.0732330121165092 -0.0426130387439416 0.0133671028621312
-0.0854089227566619 0.0426045416260467 -0.0413214148888865 -0.0171709787448769
-0.101086904870422 -0.0248908198893945 -0.0123704426595049 -0.0358260586165188
-0.046473764886169 -0.0926499716886641 0.00370573885784941 -0.0172952594342521
0.0193368238448179 -0.11974189224282 -0.0357753217719784 0.0380260339627591
0.0359740073375625 -0.068957103345163 -0.0113873030821218 0.117352475760353
0.0199095504598822 -0.0937729309226736 -0.0584040533614264 0.103009678622986
-0.0491622067975764 -0.0868001413847665 -0.0383731835874913 0.114217653818663
-0.0939565496744212 -0.0304890893927184 0.0198583680275584 0.109142568515248
-0.0653094041088219 0.0451607605005568 0.0525193037693759 0.0538415226661115
-0.0160723575504301 0.0611132833229276 0.0408058588721246 0.0324158280451315
0.0141698065666126 0.0642939865649051 0.0343747230893003 0.0246718192796136
0.0316064039242751 0.0562103427622893 0.0255281526502428 0.0316274561475206
0.036731381475184 0.0571365145015721 0.0138496977178567 0.0467922464545388
0.0103850434460288 0.0621667895328166 -0.00981406754865475 0.0532731538379383
-0.0212410143779618 0.0616121729908569 -0.0454406337675458 0.0321908717213642
-0.0751943422942768 0.0270656320590699 -0.0488296717361729 -0.00538954269366746
-0.0781268317961849 -0.0329370543943764 -0.0207106848852431 -0.0302432196696307
-0.0213725282208466 -0.0798249543781363 0.00558028148043742 -0.0075996002678903
0.033817853631944 -0.0822385275836214 -0.0394443862304034 0.064951539214791
0.0324065969319911 -0.00977113496688167 -0.0177827400570872 0.124436456639823
0.0324943686335814 -0.0437578699976004 -0.0522707204614857 0.100854947250336
-0.0133458286864276 -0.0557535787859982 -0.0451690267303827 0.0943208748394476
-0.0514747503999377 -0.0294363480051381 -0.00134212509146134 0.098381293469957
-0.042598638869312 0.0221130469295333 0.0326148853071946 0.0674207994422872
-0.0109867096769981 0.0363319346639374 0.0344027704282813 0.0526936311800954
0.00634244821881058 0.039039908913027 0.0393820018875004 0.044889140229382
0.0170836516026222 0.0371472607718924 0.0346996737473134 0.0460080991756896
0.0214412117374907 0.039823362304104 0.0219470153748906 0.0634115566465969
0.00537104737499803 0.0456565815920589 -0.00869783686123334 0.0697202470038586
-0.0197884228722621 0.0439342268098306 -0.051655654064289 0.0464027778804503
-0.0575690936764526 0.0110648131391738 -0.0581227639401025 0.000119160674988701
-0.0482520561640117 -0.0354856008923733 -0.0295074488902812 -0.0295160503030684
0.00439672324960415 -0.0580474622294717 0.00525491125208719 -0.00255099723165777
0.0436645474791963 -0.0349039107076279 -0.0458134882593132 0.0814511303669707
-0.0341725993591442 -0.0180710016339503 0.0438940103996944 -0.0903695738006238
-0.0205255188114352 0.0242602408734879 -0.0124978216314573 -0.0140763111381343
0.00902608528821349 0.0304380302517759 0.0311102969076136 0.0416658592025588
0.0268922790807214 0.00363251707699939 0.0727408983037268 0.00766495959386984
0.0119444528553415 -0.0167745509843003 0.0689888260211315 -0.0531310817928468
0.000479705511662925 -0.0148649798266997 0.0235256332243701 -0.0896425486989075
0.00300242067749882 -0.0145035485813422 -0.0223869777879633 -0.0792782777168273
0.00314321527947648 -0.0133437073694571 -0.0397619956310798 -0.0569470382333163
0.00524735027853379 -0.0094622317269346 -0.0417856960220891 -0.0549360403845601
0.00827597962970525 -0.00134952161319552 -0.033469167746376 -0.0638772192530991
0.0118725741580745 0.00935728801098367 -0.0203450750962217 -0.0722038170779296
0.001171856982384 0.0246941326782247 0.0119078967054229 -0.0768044693112276
-0.0284545727117458 0.0246526717343366 0.0449716434516683 -0.0745059469549998
-0.0402307184513055 -0.00867965229129442 0.0324326916871089 -0.0775994630000247
-0.0299587786753911 -0.039336878469723 0.00773097367707617 -0.116178059043022
-0.029966006477394 -0.0689326716189825 0.0493869855038098 -0.0694270031847359
-0.0409400504080782 -0.0192854782281226 -0.0133653158256639 0.000306824942463394
-0.0329759654507731 0.0124013855639717 0.0375654808019773 0.0603643201007645
-0.011893070880796 0.0171293629926748 0.0884684426770685 0.0210013715741635
1.22391446510323E-05 0.013099155445362 0.0828722769481813 -0.0556090270570978
0.00343146878952839 0.012009099760173 0.0314258741264422 -0.0926148146115844
0.0161551489724803 0.0137749104580835 -0.0179514152294405 -0.0831877834844965
0.019683382680099 0.0122328359370314 -0.0378525756046028 -0.0562227869495505
0.0190526539492908 0.0180511014614676 -0.0414393262249867 -0.0519017326246483
0.00395559034867304 0.0267164180687772 -0.0341896538630535 -0.0575005339784671
-0.00789322972334418 0.0325611148398464 -0.0242480526275947 -0.0662042395072988
-0.0386332130911221 0.0270640372508603 0.00280605261613227 -0.0696876308464872
-0.0611393701472732 -1.46377312391158E-05 0.0333413716913659 -0.0675971454849615
-0.0477274703605423 -0.0509171268447518 0.016095783482173 -0.0706586659957854
-0.0192835967842631 -0.0892429671818284 -0.00491245844525764 -0.101020589288151
-0.0180733302685602 -0.1104178673403 0.0483814641166306 -0.0363307668955297
-0.0503567375484472 -0.0671906419747993 -0.0200890716925886 0.0221480247232331
-0.0726591513580686 -0.0161348943489587 0.0354711458237687 0.0858659555262117
-0.0579968111470833 0.0235631268394354 0.0995749748982595 0.0449757021169897
-0.0197227291502955 0.0436307407396841 0.0961351705767143 -0.0464069425331245
0.00206357590898148 0.0405801927937478 0.0407676008613359 -0.0842274508004788
0.0252105797558897 0.0418322466473018 -0.00937416983589863 -0.0767239225136289
0.033379925907336 0.0363272291245923 -0.029968943383467 -0.046267054929735
0.0322485537108762 0.0411615160289941 -0.0362871693669131 -0.0384684794474743
0.00484423421398449 0.0499921893188763 -0.034120234980085 -0.0403653487973302
-0.0191015660140503 0.0549418506548463 -0.0329705794228625 -0.0518924335635233
-0.067878406856595 0.0376574111403948 -0.0118302609254373 -0.0610194946232585
-0.0903795103022775 -0.0110886848034016 0.0194042875329584 -0.0615968353854346
-0.0590375483088599 -0.0787440548710616 0.00419550926991101 -0.058487469992589
-0.0117631664848489 -0.124280978460208 -0.0183735197718861 -0.0718229846396215
-0.000238491589033836 -0.134702012358997 0.0395698544890708 0.00584797155752395
-0.0467206545866909 -0.108989219044231 -0.0302739442203061 0.0487959295424069
-0.10033987144126 -0.0499255442116503 0.023322086687935 0.110873377186761
-0.100213720041484 0.0189697394493534 0.0968166880499451 0.0740412956385393
-0.0430857599361935 0.0662842034368998 0.101434806782344 -0.0254904205926843
-0.00327769640996274 0.0640801860216653 0.0490181344910466 -0.0631601950973592
0.0285126848715845 0.0647044618345579 0.00312660613530836 -0.0591482891946304
0.0428984684880137 0.054140922829187 -0.0181946505971784 -0.0301603438432193
0.0433229656875302 0.0569961744512716 -0.0263847570270578 -0.0192208282845342
0.0096660261917167 0.0652950178627843 -0.030317534528422 -0.0177251128759563
-0.0209044421779401 0.0701878628933194 -0.0391882688612054 -0.0316692092480281
-0.08282349644388 0.0489676561447716 -0.024975721123651 -0.0474067240704416
-0.107740331645427 -0.013264609517433 0.00609750605483363 -0.0539594304876571
-0.0666461706761155 -0.0919923951044446 -0.000804700325351006 -0.0437314995341292
-0.00592750703048383 -0.140863277630906 -0.0269700413229744 -0.0347106789985015
0.0177902490118893 -0.135509897743909 0.0230904160884851 0.0508578813405402
-0.0276840736699721 -0.130833958593415 -0.0435529436223499 0.0744366641680041
-0.103588843436835 -0.0807473125408796 0.00187865393783773 0.126103790093526
-0.124166519254668 0.00199401116325984 0.0785103386764475 0.0990863616750261
-0.0635473843676545 0.0732468713125912 0.0946007546247855 0.00312072227620845
-0.00991107535046458 0.0765882435555601 0.0517683767082146 -0.0321607732482653
0.0274370380972626 0.0766462223038988 0.0152027470255552 -0.0334808284574104
0.0456863730429555 0.0644085408943322 -0.00319667302152006 -0.00977606166058409
0.0485037958870413 0.0644512110640379 -0.0128025434892822 0.00349422041817662
0.0139727744121967 0.0712981148514363 -0.022656800559345 0.0069383796203973
-0.0201185963355013 0.0755744373358222 -0.0422372223809333 -0.00859752077665435
-0.0868735062570073 0.051507422055592 -0.0343822595950466 -0.0317607956840402
-0.109631643644997 -0.0165240079351236 -0.00421020350038118 -0.0453200481784705
-0.061888021143176 -0.0947352718395739 0.00111118197901665 -0.0294843435461458
0.00389160137130371 -0.137903453319641 -0.0313225620074351 0.0039230682319156
0.0306455512824802 -0.111025123229086 0.00493037443218473 0.0892493697116714
-0.00191117645281255 -0.124692814168023 -0.053910719994104 0.0924953342141124
-0.0820320522834255 -0.0955680501563624 -0.0219737526437395 0.126259198779033
-0.120472328388013 -0.0179902098671069 0.0496241589037549 0.110888256070313
-0.0718032145497515 0.0640722889536959 0.0759102851047217 0.0316436633424551
-0.0148468899542767 0.0749637976352547 0.0482878476766401 0.00182255588937694
0.0222469715221872 0.0764779371203939 0.026203540595456 -0.00400153522769558
0.0415978380790212 0.0640303491613164 0.0117736531014451 0.011333816859127
0.0458788528452093 0.0636560269669047 0.000889914949866001 0.0257241557970803
0.0143461365061904 0.0695884463002791 -0.0151037994766042 0.0308726263576741
-0.0200812883360854 0.0712937281633605 -0.042796557303267 0.0131757853212044
-0.0835604655872241 0.0429529419738029 -0.0416010595195184 -0.0172408295835278
-0.0980434783421428 -0.0233958980754878 -0.0124849661249126 -0.0366856817269882
-0.0451985932418798 -0.0897057185117335 0.00443748529102863 -0.017055693823653
0.0178825927429244 -0.116273533617515 -0.0341740893934009 0.0380582089231839
0.0354367704422334 -0.0667373680540753 -0.0108005393019782 0.114520959768132
0.0194126964475989 -0.0916899737782637 -0.0576578911279747 0.100754699604922
-0.0479288077861106 -0.0850472849856146 -0.0384465984002293 0.112979338711643
-0.0930068833303182 -0.0298272529700166 0.0199544181016499 0.108532597024988
-0.0634590832938505 0.0448984472797544 0.051963595880144 0.0530010066062871
-0.0146438189386011 0.0592429304914546 0.0407545207283385 0.0313509437870022
0.0150751454679345 0.0627601730741917 0.034026451627121 0.0232828657914918
0.0318517547763475 0.0542631770410379 0.0245624376770508 0.030212466372102
0.0366682738682207 0.055001341326133 0.0132393371190731 0.0450273503271457
0.0109681926475814 0.0599097141319425 -0.00945860579947769 0.0517181305754653
-0.0201332692960406 0.0600333066468076 -0.0453339959820295 0.0314210733148164
-0.0737171976380913 0.0279085085791674 -0.0488775318159291 -0.0057893108678327
-0.0763954185767099 -0.0315353615327349 -0.0204519173288406 -0.0307973132404866
-0.0210204268283547 -0.0774708069935608 0.00597371001855684 -0.00773394646486348
0.0324564171334075 -0.0806289898019394 -0.0382042915881551 0.0640563389287801
0.0320944600009394 -0.00973164066286811 -0.0170506629190669 0.121666115601689
0.0322512732678417 -0.0431532843915309 -0.0519613040370116 0.0981326764249873
-0.0130748228506384 -0.0550440360530165 -0.0454760345510891 0.0928187093323506
-0.0510453578452217 -0.0283861082601731 -0.000953678286071052 0.0967745373781142
-0.0413873890695389 0.0220462332676127 0.0322834668246463 0.0656721966042467
-0.0101432429061063 0.0351038669295605 0.0348840641931757 0.0513701281548466
0.00685759075586443 0.0381020994800418 0.0389957438682502 0.0428378691970088
0.0175970885698235 0.0361966005825327 0.0335626449688451 0.0439708115563216
0.0216864229613294 0.0383292900444785 0.0209003400237313 0.0610147141036891
0.00658815025787897 0.0443548491950378 -0.00822973109435165 0.0672279808308829
-0.0188664320269877 0.0428927033547484 -0.0509654927529163 0.0455532717118587
-0.0563206837547383 0.0115649917967737 -0.0574637060849471 -0.000388162337437276
-0.0473536636734438 -0.0344316978874382 -0.0289816016953725 -0.029485000727753
0.00404213455597989 -0.0562161102720998 0.00571462251945032 -0.00292682413965106
0.0427433378157055 -0.0343378733055113 -0.0442071679145108 0.0797170532227362
-0.0342066376104069 -0.0188043720368797 0.0447683351071491 -0.0890996605454676
-0.0205763649654785 0.024081291599555 -0.0134171130134842 -0.0142112881455361
0.00860024627971775 0.0310094443190702 0.0310417250532196 0.0430983907559779
0.0274810404169965 0.00377883751467846 0.073053499708457 0.00966369548610152
0.011601356477264 -0.0165485250151133 0.0700658534255126 -0.0517086621813689
6.22831308848973E-05 -0.0147869035483454 0.0238093926950991 -0.0893433475581221
0.00252834257913441 -0.0150645135010201 -0.0215666904658083 -0.0789123123072263
0.00292851009931113 -0.0130978418713517 -0.0383510781400184 -0.0569127702701393
0.00501107785592838 -0.00920933849925028 -0.0411926426392973 -0.0546113500370138
0.0079598243546581 -0.00158374646887497 -0.0337860177866943 -0.0639998643235425
0.0123505443812182 0.00907209301751456 -0.0196738191755 -0.0726090592468927
0.00128087929665979 0.0246262715093945 0.0136424437088873 -0.0771988849203077
-0.0280453414506315 0.02481187419033 0.0470608233740435 -0.0750825010416129
-0.0392426042844355 -0.00943718274882826 0.0348355856391728 -0.0766233378073079
-0.0294725860429641 -0.0400436641108933 0.0101982006336631 -0.114801005051056
-0.0296730008466274 -0.0687519657856239 0.0504958871425795 -0.0682723007075556
-0.0405811798604957 -0.0192894782795103 -0.0138338422973292 0.000803868601475106
-0.0329715738020866 0.0123758870344787 0.0368668387935128 0.0621046261831742
-0.0121363025090936 0.0170494646334186 0.0892633335312061 0.0230510447517103
-0.000117262252923314 0.0128494464896157 0.0837748854495761 -0.0542708247434728
0.00256195071377285 0.0117736802135813 0.0313642689795446 -0.0919605898015993
0.0157529857961237 0.0127937840576906 -0.0179424707476191 -0.0824732536506804
0.0196549644056825 0.0120717672694284 -0.0363073907818527 -0.0556296449784956
0.0183353069777986 0.0179966420879201 -0.0414775849863584 -0.0513051227816558
0.00315037027617703 0.0264663407871487 -0.0345751231236762 -0.0575027271561477
-0.00831970792249265 0.0319333609639614 -0.0244902035059163 -0.066845384547187
-0.0384324579222549 0.0262181853599854 0.00411326962636376 -0.0709053637122804
-0.0605399335151483 -0.000380921648963382 0.0356057581369174 -0.0687024816674999
-0.0463939264704582 -0.0512826873768535 0.0183647147923964 -0.0698047405409924
-0.0180660270517661 -0.0895533198858103 -0.00290479220531068 -0.100506585845999
-0.0168561346810687 -0.10974659597241 0.0492369617162991 -0.0356662589548756
-0.049444762196725 -0.067452665340732 -0.0205615601401216 0.022262441019574
-0.0722631310726156 -0.0168505859791405 0.034463466460028 0.0881391800172397
-0.0583650866415134 0.0227660100384108 0.0996360318893667 0.0473549155436238
-0.0200435941219749 0.0428830768571127 0.0967048673337724 -0.0452803401823614
0.00116185110072622 0.0400631548884795 0.0410165044494632 -0.0839878170799178
0.0248681350484636 0.0414128734162203 -0.00899680569455477 -0.076071910218948
0.0330860504988447 0.0358214994127402 -0.0287525977876075 -0.0462790531016701
0.0315787306199221 0.0409036997232962 -0.0364477873892335 -0.037980054640611
0.0043807065840066 0.0497970123853131 -0.0344514484418428 -0.0407677305696844
-0.0193049910695806 0.0537686378763748 -0.0336275302761222 -0.0524568356663466
-0.0678176672455268 0.0368211463326887 -0.0107535548653665 -0.0620807503238726
-0.0893165783161075 -0.0117328153934831 0.0209945049231092 -0.0627983783091991
-0.0572044625286055 -0.0793159879147262 0.00631034695761276 -0.0579582010642743
-0.0103809653535997 -0.124233677775063 -0.0171638513745257 -0.0711448271466437
0.000788287028833502 -0.133660780290338 0.0398149995238491 0.0065773933428157
-0.0451285887966079 -0.108917200062711 -0.0314689342804964 0.0485418085696196
-0.099076715668988 -0.0512942416766878 0.0212833142603228 0.112816725213657
-0.100521800900681 0.0183548301919512 0.0970704520225917 0.0766753523696462
-0.0436688958940991 0.0652480084557842 0.101450392706017 -0.0238493754917414
-0.00420442901925563 0.0637328873472702 0.0496848918915565 -0.0630553969003522
0.0284727756982986 0.0642891582782573 0.00293826394370171 -0.0586370808935461
0.0422850871102917 0.0538474881583064 -0.0172838410180171 -0.0300353169609553
0.0423155862256773 0.0563153218582175 -0.0267254593069342 -0.018291146858471
0.00912050624971809 0.0649379084641817 -0.0309380307330611 -0.0179700930288446
-0.0214065580117191 0.0696037095763028 -0.0408360937293844 -0.0320826582870058
-0.0831576641382132 0.0481360628474485 -0.025052028567849 -0.0484492720549618
-0.10681420945793 -0.0140207335948874 0.00725561622734486 -0.0549172493859502
-0.0649784378713852 -0.0919806797356247 0.00128975918567414 -0.0442289901737357
-0.00422514904729562 -0.14042871207416 -0.0260339497866326 -0.0340869168143869
0.0197295312623755 -0.133908112296447 0.0228441647523089 0.0510046684373503
-0.0263722605273838 -0.131147584148614 -0.0450571350205852 0.0734310360707539
-0.101532393407668 -0.082154381275411 -0.00108709466858945 0.127485313534614
-0.124509011070392 0.000976900455627403 0.0779789083906867 0.101841187281529
-0.0638825866063228 0.0721965686911573 0.094479342491894 0.00438847326769378
-0.0109238494601749 0.0759936997367937 0.0522745071907376 -0.0316408551907241
0.0276515498850597 0.0771557982622315 0.0153324758750154 -0.0334599960731576
0.0452683085956078 0.0638421401833793 -0.00309118276825378 -0.00925721517051016
0.0474474380909024 0.0635136553292843 -0.0137790080206714 0.00401645450148042
0.0131365995061581 0.0713688966558292 -0.0233919471179438 0.00695801252661941
-0.0209659948382143 0.0744407993490436 -0.0432118598346777 -0.00900981441318021
-0.086997592111708 0.0506145801798007 -0.0350060875634505 -0.0332557088665575
-0.108854344988842 -0.0169264926888622 -0.00323275182481356 -0.0462670047642615
-0.0607078891446901 -0.0945306104368625 0.0025786077495331 -0.02995863513548
0.00540545782259941 -0.136868753676841 -0.0311024948330752 0.00456722026744841
0.0329615721092291 -0.109342365402188 0.00425780833037181 0.0889054710664932
8.06730979537621E-05 -0.12433481913898 -0.0557974573427965 0.0917137166532659
-0.0799851358404359 -0.0966539044719173 -0.0250165907854026 0.127082575911268
-0.121096575428879 -0.0186073432440907 0.0487201770082878 0.113245540812788
-0.0717676382529606 0.0630857440106024 0.0754449825908567 0.0326877737500187
-0.0154013820977747 0.0741072718971715 0.0487338821015442 0.00169811182721767
0.0220836192782523 0.075765691353729 0.0256351174565857 -0.00412151085776834
0.0416483276975991 0.063669809528311 0.0109361528945344 0.0117067993323578
0.0451097532555558 0.0628333291780461 -6.09687375278483E-05 0.0258396708900833
0.0143171179579355 0.0694686950580689 -0.015949558398728 0.0299356121051458
-0.0204727999551811 0.0705617937361143 -0.0444104889125594 0.0123863908340282
-0.0833652186780413 0.0422603476130311 -0.0424013124773687 -0.0182687092109553
-0.0972232598485013 -0.0242609792685443 -0.0119616865601553 -0.0381250103934322
-0.043773473393271 -0.0889627335623315 0.00507604022322401 -0.0176583924575365
0.0194387566613063 -0.115674539617057 -0.0343400092573887 0.037917037705421
0.03676785951113 -0.0651968990030589 -0.0124948495879324 0.113774353975385
0.0211582044229184 -0.0919667347658013 -0.0600246786375625 0.0996048461329009
-0.0468273736703282 -0.0863611854267449 -0.0417173249612568 0.113517926097205
-0.0931196668802384 -0.0305158283453854 0.0192395357053545 0.109776023144522
-0.0633421805601872 0.0435773267552787 0.0512523361013206 0.0535580213847179
-0.0155014313017996 0.0584029631977945 0.0413333747503034 0.0311726221783346
0.0152644026782117 0.0618649945913393 0.0332944095216626 0.0227575357532157
0.0317552335751764 0.0541808340038379 0.0236843685321978 0.0305354734071913
0.0358730009812005 0.0538456869329163 0.0117170733294273 0.0451008761011949
0.0110107272914017 0.0599376911203425 -0.0103798126872908 0.0502817213563798
-0.020524449982061 0.0593344007241255 -0.0468070977555323 0.0308048665487812
-0.0741147104715661 0.0277090822829983 -0.0495061099966436 -0.00686641110209243
-0.0758475601028285 -0.032324080422412 -0.0203257524341574 -0.0317675705918471
-0.0200082696586535 -0.076827332927494 0.00673164179699678 -0.0084174248456286
0.0332936682469031 -0.0797518444297097 -0.0385493587871572 0.0638707858780942
0.0330096122383978 -0.00873363718034732 -0.0193096978484718 0.120623757942491
0.0324401406635235 -0.0432209214349504 -0.0547773265328894 0.0969553364623418
-0.012414324448475 -0.0556704154394949 -0.0481112941964526 0.0929554036289229
-0.0517148509975943 -0.0289891556203294 -0.00129954808115393 0.0983741219519175
-0.0412991698747322 0.0222133451899986 0.0320710155002541 0.0658313311266107
-0.0104258923315077 0.0343186663656919 0.0353698859784285 0.0513324428331674
0.00677249263499087 0.0374421350356381 0.0385714659942963 0.042479949120877
0.0175470035050363 0.0359958530969467 0.0322199388621594 0.0438061903285933
0.0219348002272922 0.0377727624314613 0.0195508358547395 0.0603949447655582
0.00629934802774917 0.0442263250421513 -0.00895670056770015 0.0658511116421013
-0.0190348495653703 0.0425465146360756 -0.0519462906003665 0.0446082884230094
-0.0566188888143742 0.0113485018076958 -0.0584744762807389 -0.00164203987656903
-0.0469000580741543 -0.03508757042043 -0.0291215449058515 -0.0310703233717711
0.00472359234542287 -0.0554750032577062 0.00633241691317875 -0.00361856261148875
0.0433718730330271 -0.0334362077211675 -0.0450442294399274 0.0794365780575165
-0.0353043051476042 -0.019900499079003 0.0470616303581348 -0.0907676275115619
-0.0212198802052266 0.0245937206984627 -0.0141735651462268 -0.0142163909430813
0.00875996448624927 0.0322077556658289 0.0315437245171032 0.0456354331391235
0.0283721547467659 0.00361059921479284 0.0753498559435515 0.0113082494879398
0.0120788111021123 -0.0166105570048684 0.0727539274668917 -0.0522172647074317
-0.000277194498776804 -0.0147787731160812 0.0241247278190465 -0.0911969185752671
0.00217085795174423 -0.0150757619606588 -0.0218221191277334 -0.0808564954652602
0.00265564504936131 -0.0138256102582811 -0.0382968244157709 -0.0584204793808132
0.00496972295057968 -0.00924139962519021 -0.0424176769078925 -0.0552587508696824
0.00829562228286957 -0.00139514480092681 -0.0352371075618505 -0.0654718676648396
0.0129550113408025 0.00883358013959785 -0.0205779843210649 -0.0747868266036391
0.00143337824979485 0.0248408011303198 0.0151918715013504 -0.0798582860831055
-0.0286612868714531 0.0256325116900371 0.0498092654736934 -0.0778735497394738
-0.0395116220418088 -0.010865099120463 0.0377618497745279 -0.0766327154015346
-0.0300530352207737 -0.0415121400184692 0.0121925749163973 -0.11741268327525
-0.0299054443785653 -0.0714182515014804 0.0521899331479362 -0.0692696901645202
-0.0411909429105591 -0.0199198193288206 -0.0150581927061638 0.000561969282918159
-0.0337299712298451 0.0126046803049183 0.0376168071385997 0.0651221424308448
-0.0124330391714557 0.0168415508527745 0.0921361451879852 0.0258140010892097
-0.000624672810645161 0.0128037197188432 0.086226306776614 -0.0544279033415272
0.00222455503862535 0.0123266696914122 0.0321190594722477 -0.0946210139986374
0.0155840086724505 0.0132338372024704 -0.0180551944014507 -0.0841176225365227
0.0198273513754219 0.0120278179530179 -0.0366136914623973 -0.0568853399791902
0.0179455735969394 0.0178527441015745 -0.0425628990293529 -0.0518139596771945
0.00320455171159301 0.0270708679419494 -0.0363514258332557 -0.0585787263610364
-0.00845314124387167 0.0317961430899613 -0.0257548646339198 -0.0683976489971841
-0.0393481793219815 0.0265268450159328 0.00513515657215166 -0.0736319783276102
-0.0611974616466767 -0.000598558845991666 0.0379482696264769 -0.0715057060305134
-0.0463425197172546 -0.0533361469896468 0.0206987637744735 -0.0706503975983095
-0.0177872423164711 -0.0923529968486056 -0.00138581907969149 -0.102063763021177
-0.0165303315857786 -0.112739138282769 0.0514163071780583 -0.0357386917479848
-0.0501768161260962 -0.0692448410261618 -0.0220579154752498 0.0226713568111968
-0.0741331319142666 -0.0174626386701489 0.034414702659823 0.0927459777892832
-0.0602747180175642 0.0236314334677186 0.103330199967894 0.0511628656566952
-0.0209472622217748 0.0431815703858124 0.0992666582924324 -0.0450100985869415
0.000749139014453036 0.0412487439701757 0.0423038650479824 -0.0862329914703159
0.0250665579848395 0.041507647359649 -0.00934101417827874 -0.0769170312446784
0.0341954111491215 0.0361697457219613 -0.0296842927066261 -0.0473537466734267
0.0313950347095187 0.041667561187987 -0.0376844090725318 -0.0382074245713964
0.00384413382786418 0.0511438108432922 -0.0363474629902035 -0.041909542515886
-0.0198338794188557 0.0544611053996028 -0.0353842528733238 -0.0541289340706838
-0.0696001641521891 0.0372775655450285 -0.0108720712856032 -0.0643898168971004
-0.0910601096386894 -0.0120215739234931 0.0230206611666865 -0.0662510263180474
-0.0572896668206462 -0.0819116881451279 0.00854431479613039 -0.0590990771749158
-0.00952625806231048 -0.127623526310717 -0.016010876921891 -0.0719611732520076
0.00230412439244991 -0.136462100565563 0.0411660897227384 0.00746006417751381
-0.0447078471922834 -0.111727643777184 -0.0334965087327152 0.0495227388656281
-0.100836991645468 -0.0534499485484686 0.0202317924937244 0.117391619859139
-0.103188512480844 0.0187893481697667 0.100486097348562 0.0810405009789894
-0.0448960165424944 0.0663371677664657 0.104640408250864 -0.0233618432313868
-0.00470333571203353 0.0651599692459041 0.0512714368127289 -0.0642895305122704
0.029169384369334 0.0650689862894175 0.00279616454750125 -0.0595231781942275
0.043567343676873 0.0545671675435325 -0.0170448144545628 -0.0306757121477391
0.0424463925824224 0.0570757710432138 -0.0278296324977307 -0.0184104687951054
0.00891488167763083 0.0667270655291232 -0.0326306999686294 -0.0186553314185248
-0.0222594665821013 0.070053630204596 -0.0427127647401082 -0.0333404195265264
-0.0853601594156326 0.0490858989764515 -0.0260797685347323 -0.0508681925827456
-0.109013744979965 -0.0151123238129987 0.00863602171830859 -0.0585543343114988
-0.0655032691470537 -0.0949229183119387 0.00285401293446537 -0.0452989959882862
-0.00345853877642211 -0.144098813032446 -0.026039185352703 -0.0344684348865764
0.0222509606968455 -0.136842460281477 0.0232150779502428 0.0522071777508172
-0.0250306165695946 -0.134374851267574 -0.0475266881018001 0.0748276056967415
-0.102844307705895 -0.0853109695414715 -0.00334528141433286 0.13243842759658
-0.128327105169792 0.000640084969624062 0.0804513900954731 0.106979228609633
-0.0657034057485528 0.073374635248533 0.0968802387327971 0.00638716142710128
-0.0118674243352732 0.0777991250332109 0.0544924073165112 -0.0326338933500807
0.0279677489524177 0.0780073113637438 0.0148478559434988 -0.0334052120425745
0.046764720521795 0.0648808154896252 -0.0029964791331674 -0.00989536693643237
0.047887324870833 0.0643297034751172 -0.0146477376080664 0.00411163820067121
0.0132563873390356 0.0729507387285605 -0.0249857083365099 0.00617387973587573
-0.0213917118864488 0.0761861358013372 -0.0460042663706626 -0.0102657675674639
-0.0895091480927317 0.0519889757898478 -0.0368869245762182 -0.0345132450198059
-0.110734934314174 -0.0179522767433325 -0.00283905131291852 -0.0493676574062464
-0.0603361008040558 -0.0966261620380058 0.00356406191029629 -0.0310227868778344
0.00640878865739841 -0.140441125612083 -0.0310190709377532 0.00481475729160239
0.0352333698278487 -0.111572230554983 0.00319568516049078 0.090997310304225
0.00180684928051576 -0.127736031946889 -0.0586472148349625 0.092833767550435
-0.0813059471814464 -0.100337937169971 -0.0279897205742666 0.132028201834046
-0.124544925312155 -0.0199129538959227 0.0502449144116521 0.117835062567634
-0.0741851461193034 0.0639383522174625 0.0770109798369807 0.0347801557628572
-0.0166247206305425 0.0754877915675571 0.0510010982898763 0.00175099646445971
0.0226962232546078 0.0774330318908659 0.0259256205675931 -0.00400951640311923
0.0427726625796937 0.0651606712037709 0.0109913304932843 0.0120134081276479
0.0457680925084523 0.0635124718648455 -0.000939148469728913 0.0264636559118889
0.0139755936865478 0.0706254700537167 -0.0169322030230279 0.0300521334403032
-0.0211961943833493 0.0720535105221716 -0.0468325727971061 0.0122122708069186
-0.0860325748546302 0.0433370512947184 -0.0443668972859743 -0.0200773313672019
-0.099039810658722 -0.0254558173202215 -0.0120958605309625 -0.0410095655220316
-0.0432363413282565 -0.0913329086391042 0.00593678056254027 -0.0187545048318941
0.0209522083349847 -0.118029638706385 -0.0348912511499889 0.0393534037387039
0.0390685730585551 -0.0661041135331383 -0.0141480247136156 0.115709021338322
0.0227307152854002 -0.094618945219047 -0.0636986018422371 0.101324616789977
-0.0466838616561368 -0.0892803440507515 -0.0457957563160564 0.116734118801907
-0.0960677463331776 -0.0314627830144595 0.0194720377766625 0.113795252743315
-0.0649474564637427 0.0445981735873668 0.0528307975275797 0.0553314506887387
-0.0164307801293223 0.0594587927422261 0.0430751611869969 0.0320744435251625
0.0157905495146218 0.0627944637615055 0.0337145855746663 0.0230305240342695
0.0331978711957471 0.055148153717068 0.0235080817270461 0.030773416840869
0.0367088862699576 0.0544261753244649 0.0112423039765608 0.0460177301312296
0.0116115351393554 0.0612723253803266 -0.0116195267257174 0.0505795397010224
-0.0210794143844749 0.060780502364234 -0.0494689276202042 0.0307313420615982
-0.0760479632743817 0.0282127074054328 -0.0516302652958234 -0.00846590995725515
-0.0773051779865812 -0.0333983349775064 -0.020566553903766 -0.0341125240334757
-0.0194784290166393 -0.0783425851517527 0.0072757743257377 -0.00912728973982655
0.0349079168920699 -0.0812919532800162 -0.0396299072406477 0.065770109939106
0.0347094386494627 -0.00855969971071528 -0.0217305581687142 0.122883001247244
0.0343928532653054 -0.0445168383689215 -0.0583300691931691 0.0985043207004951
-0.0123111487244815 -0.0575969556543997 -0.0520327591112046 0.0957771445169423
-0.053170149839617 -0.0295696149171508 -0.00187422321233077 0.10148778780453
-0.0423045609033162 0.0226773096977455 0.0329899621571603 0.0677760913288115
-0.0107197452707729 0.0347728448225384 0.0371275227360385 0.0524152035073367
0.00722050681603182 0.038327914872492 0.0390007403219955 0.0428786852476273
0.0186175521214786 0.0371099258243064 0.0321882983079995 0.0441367393171327
0.0222154801239176 0.037973810400902 0.018715591351506 0.0614776543594468
0.00672501614186261 0.0453365393734655 -0.0101040122586187 0.0667975025564393
-0.0191170143895665 0.044149695658548 -0.0549912945035391 0.044526359788857
-0.0587345985551295 0.0119546099529955 -0.0607053511256222 -0.00255301483027119
-0.0480088884922249 -0.0358694213529182 -0.0294667573830741 -0.0333832807188869
0.00574769854378443 -0.0564383212455834 0.00665454542300636 -0.00458690658746282
0.0445634602057062 -0.0339520690737872 -0.0467065093317823 0.0814248995324145
-0.0393578174637433 -0.017908576913499 0.0458343363181064 -0.098709337693309
-0.0193477306553452 0.0271518309533927 -0.0178895621323187 -0.015283618006127
0.0140921429305605 0.0317708576095764 0.0326488334990351 0.0466673248680681
0.0307083881309563 -0.000626283664272456 0.0785538129375574 0.0103470067596264
0.0104763959854514 -0.0196756748077248 0.0730072334959184 -0.0576744514239438
-0.00313038973080926 -0.0159219730000005 0.0191429456450086 -0.0956743331037563
-0.000394391925339031 -0.0166296526458552 -0.027414647162271 -0.0798225855637032
0.000618502423578657 -0.0141543249797422 -0.0431422009642297 -0.0566557854886664
0.00386865452113551 -0.010085714188607 -0.0484447918404037 -0.0543782683242688
0.00855472341941578 -0.00284796101778672 -0.0438727634946045 -0.0663084250695319
0.0154449154727281 0.00714581730500539 -0.0278988136059815 -0.0778552241125157
0.00505529589571485 0.0260647865229654 0.0104959398514987 -0.0884648515577049
-0.0252930118245095 0.0309816043594693 0.0495638223724777 -0.089353377036309
-0.0415272563631844 -0.0076487092818165 0.0385295253937823 -0.0812549410626981
-0.0335120991389106 -0.042239259444271 0.00797695300903131 -0.120313852390279
-0.0389063618341241 -0.0701298459954882 0.056527573683749 -0.075658357068784
-0.0438004933258682 -0.0155884255585967 -0.0147255532426094 -0.000541113544940831
-0.0314181366111428 0.0170420282603522 0.0423631990327356 0.0634838663179575
-0.00874357180961378 0.0182095832189825 0.0972353187489267 0.0200307035217042
0.000791626187518522 0.0110821630925114 0.0853449908680841 -0.0620228844405619
0.00178074738987688 0.0116197034972993 0.0255771089342931 -0.0997304260326276
0.0166437024664436 0.010874849368119 -0.0268438085986777 -0.0844744848729043
0.0203818547268472 0.0104356187324731 -0.0422594422377187 -0.0552205450344403
0.0199129600679335 0.016424637696105 -0.0487581694852619 -0.0506900946379989
0.0061479013427908 0.0276609846316751 -0.0442927332613783 -0.0601259764290653
-0.00458315629047614 0.0327526052448009 -0.0334423262582327 -0.0719550513025558
-0.0366841160314278 0.0315755709822454 0.00218159803694776 -0.0815447386076698
-0.0618636589848635 0.00577929420677035 0.038907450632728 -0.0810419367149453
-0.0515561373135386 -0.0517539761223823 0.020046444522564 -0.0714133188562676
-0.0240550292474211 -0.0967631930732755 -0.00798703747052133 -0.100991047930232
-0.0289044488245344 -0.11315941205864 0.0603549279598908 -0.0397044201462116
-0.0576499329645739 -0.0644615771576968 -0.01806955475466 0.0223070526615261
-0.0757273302496523 -0.00936591455938772 0.0433788480351111 0.0883859092148495
-0.0566006698522101 0.0305368166030002 0.110686918497952 0.0414628687412966
-0.016363375386248 0.0439728300677906 0.0965772335291661 -0.0542697355793236
0.00284195320928361 0.0410193593670411 0.035277737375928 -0.092212500445028
0.0298896148498284 0.0394284219318256 -0.019801458934065 -0.0786512832628447
0.0371362970768222 0.034103997728403 -0.0337656435749267 -0.0459678129903044
0.0357414063321475 0.0385963017237927 -0.0427904309609698 -0.0365551061433445
0.00924626065414182 0.0519510758821552 -0.0432769576584699 -0.0425829004055801
-0.0145920454374497 0.0567136220625368 -0.0433385748296212 -0.0564324479546265
-0.0668008517675006 0.0452956475533274 -0.0148517684302601 -0.0714302288828547
-0.0934968033452752 -0.00374750341485528 0.0248219366233128 -0.0743244301058596
-0.0654304518485868 -0.081176782783391 0.00657514019293484 -0.0570057178372247
-0.01818275768351 -0.134928408044449 -0.0236675949211862 -0.067145896148291
-0.0114194180301349 -0.138415219078359 0.053498632499161 0.00649819614667776
-0.0559266187581176 -0.107883329166908 -0.0256548698575844 0.0506989554405768
-0.106859770296459 -0.0426860619643566 0.0337182634791392 0.113842312520795
-0.100865506094399 0.0312980911324673 0.110756587221481 0.0692605645174543
-0.0383008526945889 0.0697401938284883 0.101897295816574 -0.0333244710202384
-0.000199426842514194 0.065633164214549 0.0450415858306107 -0.0708701097406041
0.0370614433104056 0.0629326313569708 -0.00743314820915557 -0.0628087164608324
0.048161578769796 0.0515740527147637 -0.0206027873074414 -0.0291738157450271
0.0485745463966755 0.0534981733778254 -0.0312292640265307 -0.0164408232766526
0.0156299403346392 0.0674377952192261 -0.0381224892619288 -0.0188594201359615
-0.0158612551731436 0.0728175348476794 -0.0503872193424961 -0.0342810062991206
-0.0816893557549477 0.0592256446006677 -0.0295263932600647 -0.056960311055178
-0.112151784501211 -0.00500636229934825 0.0104432943932208 -0.0654649117427859
-0.0741122865537076 -0.0941349771653913 0.00160959886342829 -0.0412780506685202
-0.0132331597658603 -0.152990071627373 -0.0339010977712293 -0.0260971217536164
0.00941297004087831 -0.140608197987794 0.0366882434875302 0.0559355778556168
-0.0376963524709307 -0.132675259684005 -0.037686842552119 0.078694207442892
-0.112755690071287 -0.075189870087798 0.0131884899507566 0.130833148345572
-0.129154336975521 0.0163417101228851 0.0943040484333579 0.0952818432903689
-0.0587068162224506 0.0793183459807323 0.0958699813447507 -0.00436389902259275
-0.00594086535426135 0.0795102169298978 0.0501978942611178 -0.0389452801091839
0.0378510523317964 0.0765918009484248 0.00672445369930546 -0.0376811971210213
0.0525053999724294 0.0622548392034055 -0.00483323450814046 -0.00838020055208717
0.0544698579985952 0.0608712250608196 -0.0159622257528403 0.0061251949470814
0.020480907768879 0.0732567638616517 -0.0284812336382298 0.00702837337333098
-0.0147163751552961 0.0785716638851901 -0.0522400975882557 -0.00889702990832591
-0.0859750999982626 0.0621206342605762 -0.040534969398324 -0.0389967507877889
-0.115140356109446 -0.00875002044935889 -0.00064150605951639 -0.0546119695460163
-0.0697100365886686 -0.0960145275770272 0.0027574990735824 -0.0267028632721945
-0.00260325889413437 -0.149515763339933 -0.0377321858056661 0.0149202749223307
0.0259596239428363 -0.115555174121315 0.0155307901309246 0.0965439808169424
-0.00906331322147452 -0.12846066290829 -0.0489097567262982 0.100008299506562
-0.0922687140603769 -0.0922862960474076 -0.0115431711812166 0.133304150020575
-0.128044838960525 -0.00469501141037433 0.0646428954731497 0.109552728066636
-0.0676008035601488 0.0715872599241314 0.0780552488118859 0.025421925243271
-0.011136386395301 0.0776364833009539 0.0498355965075676 -0.00317779342055545
0.0326634389783942 0.0772986030610323 0.0204193529795199 -0.00893497150392008
0.0490579969879803 0.0626797325278351 0.0114255663087114 0.0125645139033111
0.0529194060270863 0.0594679693333931 4.89873365947305E-05 0.02767613630283
0.0215371745736518 0.0709188846512755 -0.0181337120273046 0.031174384003311
-0.0151228104832199 0.0746203174851976 -0.0516561205542128 0.0148161549186763
-0.0834143500882499 0.0526208679543361 -0.047793423473893 -0.0216662077490418
-0.103584040335275 -0.0173690281553658 -0.0111243852510044 -0.0435455050383138
-0.0522785970117018 -0.091589686882073 0.00511309267451924 -0.0147573105768897
0.0130896780826661 -0.127381384979004 -0.0399041664570437 0.0496667025655716
0.0348008769027899 -0.0700312678049606 -0.00496452885913943 0.1231482543317
0.015298699090743 -0.0967767765886998 -0.0558280660253374 0.109679445884125
-0.0562393658893489 -0.0849309975925155 -0.0319682990695212 0.121237337693108
-0.10104968461905 -0.0197879053433493 0.0328694901918556 0.110034911559312
-0.0605540143566497 0.0517499674907235 0.0554156371978294 0.0490508263930146
-0.0110108924007322 0.061534666394479 0.0443170617763323 0.0283167633579618
0.0239876605353883 0.0632125847470065 0.0318038314371498 0.0180291634369814
0.0386286994394365 0.0538172153735235 0.0259843033288464 0.0308292485048001
0.0427942211539069 0.0512749006290655 0.01444997477391 0.0473642144031954
0.0176066917296725 0.0613980948375697 -0.0101753120314015 0.0528728758875402
-0.0158105905906281 0.0630925479195935 -0.0525125505486985 0.0350614130687169
-0.0753514679314358 0.0364225148072855 -0.0549392165118882 -0.0082156031069916
-0.0819014177076033 -0.0275694946078821 -0.0208762698494996 -0.0361705404495114
-0.0254435683207684 -0.080186853880091 0.00614529805647598 -0.00682749196163596
0.0305661042879003 -0.0888956744749045 -0.042928519651357 0.0747989858112617
0.03679917105003 -0.0117103024793553 -0.0178404250813967 0.130181624563111
0.0322842013245462 -0.0471826750237505 -0.0534718419425317 0.106600779514355
-0.0182650666102541 -0.0560477629172454 -0.0439866026309526 0.102402223801132
-0.0569153541055369 -0.0224095433842549 0.00826219289828606 0.101682214971775
-0.0393244369197489 0.0277399606505125 0.0375527820288212 0.0649083701915059
-0.00747352015079482 0.0364484861334282 0.0409295025913273 0.0501952792508449
0.0126970296688013 0.0387687354749271 0.0412181974558615 0.0383590860134317
0.022596678436306 0.0362674597593879 0.0356435504375444 0.0434189631551811
0.0268537913524488 0.0365147648909485 0.0236356157090349 0.0631765254547243
0.0113627349990421 0.0452910335405737 -0.00787821379532001 0.0697549895189164
-0.0156272952655358 0.0460928293195958 -0.0561727674084884 0.0501336671297213
-0.0589525261066417 0.0178017950341613 -0.0643729573795269 -0.00069066546499432
-0.0521764521991764 -0.0334697323267852 -0.0310993908863439 -0.0336333631917407
0.00226049944163799 -0.0592823068545623 0.00496958915579833 -0.00359674299132936
0.0440006495029687 -0.040068721612946 -0.0484032548920369 0.0887874661854726
-0.0420923636156786 -0.0169975551479292 0.0430368323167623 -0.103293911785746
-0.018730757353298 0.0290310464287409 -0.0202843814044438 -0.0141086886896421
0.0160913504994804 0.0325290476606505 0.0367159159573799 0.0482022317993592
0.0316695299495005 -0.00233332598553611 0.0823797266039055 0.00807157567603387
0.0092448817780548 -0.0204913144923252 0.0739010352149562 -0.0626223727424883
-0.00397345123479688 -0.0156287458000023 0.0146957609597708 -0.0983996640562439
-0.00194425784460023 -0.0170649036297791 -0.0319157576451773 -0.0808013396423659
-0.000128303152438976 -0.0148778112540776 -0.0471152932746966 -0.0569439286752162
0.00327463341367106 -0.0104240530646969 -0.052408596410651 -0.0534758226477182
0.00867822985856943 -0.00300544027536713 -0.048375777145808 -0.0655975169423085
0.0158954627427998 0.00611404066238747 -0.0323535753571683 -0.0790102044671234
0.00685669970137207 0.0267839655870623 0.00810348144647031 -0.0932465672665646
-0.0243652219934236 0.0333326612876633 0.0480155487745011 -0.0955993731044489
-0.0430710212045641 -0.00694765737941997 0.0382134222090841 -0.0842621654405708
-0.0368291385863659 -0.0422628368375892 0.00454665860868902 -0.12383451945442
-0.0435131844082223 -0.070398050331259 0.0554661799147104 -0.0802102415972
-0.0457104463220956 -0.0143955216572981 -0.0163983185500066 0.000339748572429646
-0.0311965785720624 0.0195113092491293 0.046916140936792 0.0651486287621965
-0.00822740965497372 0.0189696454514053 0.10226682510014 0.0176213169526848
0.000756014696074798 0.011084701298194 0.0854255301958989 -0.0670796179463834
0.00219229895511936 0.0119613125780069 0.0215456940582223 -0.103322586238535
0.0172033390159229 0.0100436913457138 -0.0310315947333832 -0.0848534791612014
0.0210607295315182 0.00943886301218445 -0.0452715659300834 -0.0548927132205114
0.020809582081077 0.0162304515180178 -0.0528173102699212 -0.0494885859552482
0.00747114969515372 0.0281816664374965 -0.0497427066730886 -0.0595040408061865
-0.00323518619580456 0.0331333328268357 -0.0386920584234122 -0.0728372332098335
-0.0364920915358674 0.0337767991318712 -0.000937108036830838 -0.0854328188684209
-0.0626936625444414 0.00923634437362481 0.0374936280340274 -0.0872036123438823
-0.0549000785488219 -0.0522209543287897 0.0193299610613021 -0.0737256387824558
-0.0290511526894803 -0.0990905980781444 -0.0116142593287918 -0.102887512329543
-0.0347296515067925 -0.11485333926355 0.0609455675019317 -0.0434483462128964
-0.0615995789810304 -0.0639485652965165 -0.0186890092222932 0.0236720293039375
-0.0777782042969604 -0.00624528499210422 0.0491258864720368 0.0912285951946356
-0.0574071341189759 0.0341037847477378 0.117152773253799 0.0390719604666268
-0.0152919682616654 0.0454489575334167 0.0976790709624946 -0.0592864879961123
0.0043644934846212 0.0421842415798555 0.0318271701155667 -0.0961608202005255
0.032325267369069 0.0387178326317069 -0.0238340464459775 -0.0793363762498233
0.0395679309529054 0.0327302435175113 -0.0365781959873516 -0.0450991380173993
0.0378011900579258 0.03838231332757 -0.0456747806841662 -0.0345246832695346
0.0117529954010009 0.0531247394767239 -0.0480018053701451 -0.0412646945592129
-0.0129333347228288 0.0583345078766436 -0.0485645289135444 -0.0560328980928829
-0.0664139536186439 0.0497441257570134 -0.0180379484886596 -0.0744902387042424
-0.0956956437710147 0.000133370361697862 0.0231003324503022 -0.0796004397404986
-0.069951757309819 -0.0809512424146524 0.00644998035314644 -0.0587690835014425
-0.0248628571598693 -0.138147132318745 -0.0261836778375203 -0.0671434658120934
-0.0169551226152167 -0.142238097099202 0.0553950347528279 0.00438393628572215
-0.06182862850718 -0.108447648901205 -0.025589598257138 0.0534888729586075
-0.111691652081835 -0.0395109890832098 0.0393993169951441 0.118012914302969
-0.102908886166053 0.0365466074231276 0.11838578683629 0.0677347644308619
-0.0369166959312699 0.0730674691469087 0.103983357589936 -0.0382129844774754
0.00212393578064485 0.0678815747079963 0.0433128636771284 -0.0751844892121318
0.0406926241733239 0.0622795853560784 -0.0105635167986437 -0.0631394825083139
0.0522929121675152 0.0505364820211083 -0.0224219707843514 -0.0291485160563094
0.0521702671335401 0.0524639321977612 -0.0333423227041993 -0.0147410195592079
0.019170995117141 0.0684363916250637 -0.0415063773818215 -0.0178859856112435
-0.0130819361093665 0.0751902359389341 -0.0549231832096637 -0.0326832989141072
-0.0815556210326956 0.0645553333122995 -0.0333750395516416 -0.0583833112415042
-0.115112203374982 1.61168363062673E-05 0.00820193272960459 -0.0701700649191048
-0.079590899137569 -0.094044846206266 0.00129203134584332 -0.0429233650406265
-0.0203983117494275 -0.157310452503076 -0.0345726736690022 -0.0243134283992606
0.00482602021994318 -0.14484270928272 0.0401674423273631 0.0550041176217561
-0.0434391637532305 -0.134820891769981 -0.0364592163674313 0.0825868992513267
-0.11933364677254 -0.0727883132206406 0.0183136320821843 0.136070748684639
-0.131969423702904 0.0233705173766541 0.102303923001747 0.0951338373442843
-0.0569069270359355 0.08394708237705 0.0989397019461608 -0.00808997170833263
-0.00297841926522515 0.082214948515238 0.0505901134818446 -0.0428794587007689
0.042675850294301 0.0762461774783968 0.00499393619905989 -0.0379537812607401
0.0573158926292706 0.0606820376254179 -0.00516331981611767 -0.00867751953925618
0.0585663654495892 0.0590119563973212 -0.0162571176374029 0.00775787578860044
0.0242980172573732 0.0740613119596326 -0.0304062851337535 0.00836088996649122
-0.0115538405112368 0.0809244490444212 -0.0557473671437478 -0.00639931614067897
-0.0855665718401131 0.0679772066900376 -0.0444283889799456 -0.0392831087774062
-0.118474966150246 -0.0034811914084048 -0.00364499758883132 -0.0592744065088195
-0.0753512187168751 -0.0965890679291807 0.00250463408841429 -0.0282242970450072
-0.00961102030215961 -0.153629443579895 -0.0368688484556578 0.0175792074722502
0.0235039305975595 -0.120273975818471 0.0192594222127559 0.0985130341680947
-0.0138492085079607 -0.132535714411048 -0.0475011940974746 0.104636056133186
-0.0983546519439448 -0.0921006121524699 -0.00796375876972502 0.139668005921494
-0.132606846463088 0.000775151420952963 0.0722402063566034 0.11110199054341
-0.066704521976491 0.0760080501794317 0.0818642215936382 0.0233754390154057
-0.00755113250206724 0.0804697104166987 0.0515422208384289 -0.00628025688305985
0.0376175487777942 0.0769909783980272 0.0205456029110458 -0.0100268192961524
0.0540060127139476 0.0615370182671766 0.0117463092401162 0.0118436181996523
0.0566880260878734 0.0585986871607566 0.00114762064365336 0.0290508480188577
0.0250854212722072 0.0719923113459161 -0.0187615096107195 0.032717412104751
-0.0117688881810919 0.0769299784565091 -0.0541912288441838 0.0175377695244496
-0.0837227896698141 0.0589093883873836 -0.0512111987694601 -0.0213646919829264
-0.107400969013606 -0.0132954708722024 -0.0135065466705205 -0.0474012448539672
-0.0565057763892075 -0.0924390126494256 0.00548080540296225 -0.0164254333304836
0.00779587222929757 -0.131295925419677 -0.0379737496890502 0.0533097874998329
0.0345370070121738 -0.0738309726067753 -0.0012469636846173 0.126773014183529
0.0129330709973507 -0.100959532635668 -0.0541404462847561 0.114317126954918
-0.0612040585915749 -0.0859116823877286 -0.0300210075234004 0.128159272767569
-0.105198743520245 -0.0159294964262661 0.0390241469133557 0.112841720377774
-0.059587797171311 0.056213232334358 0.0591328351580567 0.0485932591273134
-0.00915742758179485 0.0638923366178044 0.0479801309286339 0.0264983932999491
0.0279186559789315 0.0633483703243616 0.0335647606385261 0.0171245063477503
0.0427631573706625 0.0531109849104598 0.0271002439843776 0.0302769788878626
0.0464981984208259 0.050532161109422 0.016054363226856 0.0481969882975149
0.0212552981569236 0.0624473887593687 -0.00972746642893449 0.0543677243532917
-0.0134473615170654 0.0654615656683668 -0.0536005246711872 0.0382215225565141
-0.0762373870014142 0.0417051971183159 -0.0580262616198796 -0.00725351662253358
-0.0857385582280594 -0.0246338009194081 -0.0231623316806347 -0.0381667721815617
-0.0287868505686576 -0.0818796102885148 0.00628105096558143 -0.00841192358362878
0.0277355083662109 -0.0932622420743845 -0.0404783998057918 0.0791093303736001
0.0382577495116658 -0.0134305686515588 -0.0140291483858678 0.134205628746921
0.0315148516741743 -0.0505588551172342 -0.0525178954021595 0.111400541823073
-0.0210654331028051 -0.0572475603602137 -0.0424585717255586 0.108418768398308
-0.060678069405461 -0.0207721930933758 0.0135548530660765 0.105303373384679
-0.0387333259272185 0.0305534003005674 0.0415945062916338 0.0650986855686297
-0.00579255360700057 0.0375652029782132 0.0447472523878577 0.0492611295636971
0.0152135716983073 0.0393270228336344 0.0433370234978805 0.0368098518221644
0.0258286805324639 0.0360818339326523 0.0377297490171233 0.0433651760036376
0.0294931097482997 0.0359679625473668 0.0266917640394319 0.0633475175459286
0.0141499975320819 0.0461298568552913 -0.00575757395132595 0.0713880609581847
-0.0135033977446701 0.0479010509939387 -0.0571836077415261 0.0542429298705294
-0.0603760277263523 0.0219648986942643 -0.0672993313593883 0.00157648205500636
-0.0553299468904265 -0.0314570506441782 -0.0337751091388599 -0.0348670775873846
0.000223963652031438 -0.0609776041166087 0.00546546312846923 -0.00492732459618974
0.0438062094032974 -0.043122122568568 -0.0452119421323032 0.0936625273844687
-0.043741056035509 -0.0151172880534984 0.0391007439927535 -0.106296192486312
-0.0172732739458934 0.0296547302175176 -0.0223709228789359 -0.0124037878046292
0.0178398684014791 0.0322421651975341 0.0394284392713547 0.048280906283158
0.0318297219124911 -0.00387548229870177 0.0851055823657294 0.00513444352851934
0.00818440659829537 -0.0211993356401624 0.0721035668073804 -0.0658944261562048
-0.00513046898271046 -0.015108224227474 0.00988362811521191 -0.0990452963647509
-0.00331331856407221 -0.0165559745771706 -0.0351991577223698 -0.0792611842019731
-0.00151582537532028 -0.0149428892553753 -0.0491121469144005 -0.0544666506567985
0.00202651641821903 -0.0106949321273205 -0.0551578712284043 -0.0498446985225217
0.00804717198246734 -0.00354923193352291 -0.0525634475689738 -0.0628650696376368
0.0161906084216034 0.00429783201632776 -0.0370333365439886 -0.0784268053401977
0.00854001912728502 0.0266157812661596 0.00401372241547536 -0.095738363934504
-0.0218174949277463 0.0345792768040769 0.0439305969086882 -0.0997721449560469
-0.0441017980161312 -0.00562902545913091 0.0369229026272952 -0.0857267868274349
-0.0391827419782286 -0.0406808201958434 0.000130514830039104 -0.124084523707812
-0.0475567362202315 -0.0682196748359633 0.0527090964213295 -0.0832305995249491
-0.0462043643332578 -0.0120537136920549 -0.0177740062023622 0.00197719526652965
-0.0300937028197219 0.0211969994782082 0.050991732491072 0.0648360794372378
-0.00720274656585009 0.0195994744490685 0.105073459114877 0.0133260512016477
0.00128042269170058 0.0113288434049831 0.0839470939633928 -0.0707569912457583
0.0024528514343408 0.0130325088970396 0.0159267124416034 -0.104511078028545
0.0170934439038731 0.00905723982360838 -0.0350228846103793 -0.0827556289856554
0.0214130830488376 0.0082933725421059 -0.0473287850473572 -0.0527684641874604
0.0211849683724733 0.0151367674049445 -0.0554133271818075 -0.0459397566553976
0.00815739160307068 0.0281742755911396 -0.0529304444538445 -0.0562381786255184
-0.00195070397014959 0.032660897187953 -0.0427432178173108 -0.071408007201539
-0.0345133989183771 0.0357250788682271 -0.00478078213292234 -0.0877034783105267
-0.061391873831526 0.0120222972393662 0.0337701037718388 -0.0912196688350369
-0.0575173244215404 -0.0505172089254073 0.0183787743818571 -0.0741628980619627
-0.0346167837276538 -0.09777404683941 -0.0145476622560142 -0.102402404167533
-0.040165555052223 -0.113715658253682 0.059643736439292 -0.0465957020662906
-0.064746777996544 -0.060981190993494 -0.0188395379543288 0.025153729437662
-0.0779622954178165 -0.00214630397392733 0.0541069705613342 0.0911245987215416
-0.055501453105568 0.0374250480223195 0.120975306161919 0.0346691151070574
-0.0137376870176943 0.0461933620556372 0.0963590152344326 -0.0633911862836263
0.00632128108479968 0.0426128206688153 0.0272228045773532 -0.0978230112278654
0.0338671729230375 0.0367878909941699 -0.0274243361148691 -0.0775788478504174
0.0409127834538533 0.0297906121146171 -0.0385552398158243 -0.043116548349404
0.0391711176880683 0.0362084681941148 -0.0476714643913822 -0.0318146517476084
0.0139079461200105 0.052738222165454 -0.0513312538788355 -0.0384951956914148
-0.0103739501404307 0.0584301621218923 -0.0521446881244175 -0.0536986264340417
-0.0641245299409755 0.0532590094663594 -0.0216385284518507 -0.0756883911403964
-0.0948408286420634 0.00464288960008473 0.0191883997603305 -0.0834948445890048
-0.0735134852053929 -0.0785348548596865 0.00523568461756342 -0.0592035719827148
-0.0324049631847801 -0.137494810308962 -0.0280128522712168 -0.0651478399636442
-0.023554238948686 -0.141945385786675 0.0563517331068109 0.00178056457829903
-0.0664002601607325 -0.106122068815847 -0.0245369873376714 0.0551958481478343
-0.113993293540672 -0.0340571624754536 0.0453711454291311 0.118861107763362
-0.101612902275981 0.042682688112888 0.124077023516084 0.0631625194758604
-0.0335347161036007 0.0745580850428241 0.103455409755676 -0.0426397061972051
0.00569208643579947 0.068470896942616 0.0398713332473007 -0.0777771179917914
0.0440466885177973 0.0597735100102951 -0.0135946511597694 -0.0619428656426393
0.0549581707150561 0.0471870362818688 -0.023899221148036 -0.0278936306835191
0.0541506075601575 0.0496442614965479 -0.0338745193165004 -0.0122589049015189
0.0222279153759342 0.0675159288186758 -0.0435968333712611 -0.0148928983303891
-0.009841975502074 0.0756260097615669 -0.057704164238468 -0.0301176262015456
-0.078416275800246 0.0690895813693851 -0.0371761208769399 -0.0582427468789171
-0.114949737509892 0.00530333366553096 0.0047066414866669 -0.0731978048072957
-0.0840131545613662 -0.091237408517893 0.00052924063087908 -0.0432253664247957
-0.028245130302711 -0.156383138752993 -0.0342507076351776 -0.0223476255760917
-0.00158036197408142 -0.145252275924453 0.0427767971700357 0.0530982519383656
-0.0490776758384752 -0.133850011040468 -0.034676965913439 0.0848040070353409
-0.122975646939898 -0.0676720660892027 0.0240223423304948 0.138075982339033
-0.131532358130654 0.0301223598128423 0.108508168540561 0.0917505388074806
-0.0528691131781884 0.0868053217248106 0.0997043278824524 -0.0120285506140373
0.00115725057474591 0.08310041429178 0.0486277334412233 -0.0457302741498373
0.0462002340288582 0.0732820000766036 0.00285079435625177 -0.0378957177376672
0.0610168410188091 0.0566863799920762 -0.00621537477792048 -0.0085227495909973
0.0610823126854843 0.0559099114977859 -0.0165313670552838 0.00915369122490714
0.0278217778099091 0.0730209777456479 -0.0318919407265012 0.0103871927641046
-0.00836873556617732 0.0814047976287215 -0.057617408049484 -0.00345485606606731
-0.0827286480337579 0.072924913821464 -0.0470480579333606 -0.0381789489240749
-0.118562608407356 0.00241237806335084 -0.00715254138063775 -0.0616896451394646
-0.0792853339584076 -0.0931724013665403 0.00237304621403972 -0.0290923137333268
-0.017229027923765 -0.153401234964108 -0.0353301261872289 0.0200039047834042
0.0191451255377291 -0.121639423535336 0.0234807550465619 0.0975566466789076
-0.0194947985792522 -0.133263997288591 -0.0444483307706896 0.107018260964814
-0.103181780657024 -0.0882022660606874 -0.00239014645803062 0.142987111273815
-0.132876001385226 0.00755244664417833 0.0788014440970318 0.10894521728702
-0.0629608314472562 0.0794182878549053 0.0837937251403867 0.0200983621230819
-0.00399498609396474 0.0813074211102441 0.0517243024477035 -0.00994050844482576
0.0417410111882832 0.0744197734156663 0.0194381469809313 -0.0107731876645157
0.0577164404575301 0.0583502157899335 0.0119696806556961 0.0117844038185922
0.0593412866226586 0.0553546055975384 0.00190803955553613 0.0292606141654995
0.0292011151311909 0.0702939873242464 -0.0186306207632331 0.0335822918645291
-0.00854590590772169 0.0778436435582476 -0.0548935320940645 0.020788795836771
-0.0809778816115797 0.0636079060220392 -0.0538000831035142 -0.0198468620469412
-0.107778741748201 -0.0079448079107077 -0.016788941835885 -0.0491661439460174
-0.0601286246901849 -0.0900684626080756 0.0051548837676458 -0.0180174016853452
0.00173148731955679 -0.131833622910731 -0.0345231806331436 0.0554737526769541
0.0322318177780869 -0.0761341762743845 0.00320353281230422 0.126600334087126
0.00913462006390195 -0.102721233130431 -0.051473730873018 0.116960253656918
-0.0658662617371651 -0.0836148272473001 -0.0251609476310555 0.131684160774828
-0.106697966715185 -0.0103276286789083 0.0451479519780432 0.111692108544461
-0.0568369108931834 0.0586388996325571 0.0619714513600699 0.0464276962611107
-0.00592166677301599 0.0644323061437322 0.049872868046745 0.0233996266161965
0.0314579932520486 0.0614640385078485 0.0339360413584847 0.0154188295891019
0.0463913596779493 0.0502695949947668 0.0277058682362044 0.0292069526548174
0.0489451746366227 0.0475403378279498 0.0176721877462931 0.0480265176505193
0.0249094837623535 0.0609751585319046 -0.00810130951457796 0.0545532485455326
-0.0100108541062164 0.0665961822407567 -0.0534420810540706 0.0415760428925377
-0.0740539478787267 0.0461370491373106 -0.0596228571861091 -0.00491418135475484
-0.0866777585572801 -0.0202754619400357 -0.0259119988751185 -0.0390837925947224
-0.0323520002615173 -0.0808291338153229 0.00645799535701874 -0.00943578713297687
0.0231660617441833 -0.0946943630526501 -0.0363231520711435 0.081580517651192
0.0382895639247013 -0.0159018660050563 -0.00938531368836337 0.1348261129944
0.0298242342484411 -0.0529832745374284 -0.0494345939455477 0.113827397410513
-0.0233838210502779 -0.0569600920134262 -0.0398152071554609 0.112217183031129
-0.0623700470582223 -0.0173592215142191 0.0188569012123605 0.105241739541501
-0.037294128534914 0.0324457270570519 0.0451328949378595 0.0634060217570354
-0.00430358280457733 0.0377309130699811 0.0482325204564898 0.046859890951943
0.0176571902226598 0.0384822987556725 0.0452273273353119 0.0345603519082705
0.0282326622239912 0.0345186470043089 0.0390472499329098 0.041239038780818
0.0317185593855301 0.034138250361767 0.028634075289916 0.0623117084002662
0.0174644252655705 0.0452528203904652 -0.00360517099116939 0.0713644089724675
-0.010835567180973 0.0490178413943835 -0.0560293231649933 0.0576165937066021
-0.0597769313370065 0.025873945013672 -0.0688361044836306 0.00396878029615363
-0.0571753801696125 -0.0287593811099322 -0.0365256516733253 -0.0352551465705512
-0.00201773600413991 -0.0616918189901802 0.0055203195643929 -0.0063329325522059
0.0417209188968874 -0.0451720135255737 -0.0405640372910505 0.0960273889118508
-0.0444626961710471 -0.0134742004867574 0.0359140150292645 -0.105744755916748
-0.0164689411234414 0.0297597224279237 -0.0230657772350586 -0.0106835027565288
0.018945817873491 0.0314526818854929 0.0414275892926345 0.047732939124401
0.0314485503578546 -0.00537359185286198 0.0854184417530747 0.00308578918262373
0.00749833900781652 -0.0206306302814547 0.0699862349348196 -0.0671844116894392
-0.0058603452780236 -0.0140599215434979 0.00678027295972845 -0.0971782968456787
-0.00478776875392864 -0.0165576864187465 -0.0366874047273769 -0.0767229059740217
-0.00276701215108754 -0.0145068898514221 -0.0489992837498742 -0.0522289531520596
0.00181183989932915 -0.0104322675234663 -0.0553621722282676 -0.0470901037800602
0.00751274218216211 -0.00376785587761076 -0.0541219328254389 -0.05945739538723
0.0162938249127063 0.00328776764480731 -0.0390797681586329 -0.0763900443336816
0.00923028389115564 0.0252530671510729 0.00140717575698783 -0.095853288225253
-0.0194852076832959 0.0345979016356291 0.0412260569898738 -0.100862274889033
-0.0438465869275979 -0.0047382302978326 0.0370929146331298 -0.0845241742149735
-0.0403362056785491 -0.0392804903169712 -0.00130916200469486 -0.122104695715222
-0.0492543456926626 -0.0665306479589002 0.0501078903963452 -0.0835660842840126
-0.0458060672067602 -0.011011290985185 -0.0182051952725899 0.0033696510655395
-0.028660174559004 0.0218678038117472 0.0530343321019648 0.0647832075276345
-0.00619239981105719 0.0195292900512193 0.105199566985934 0.0108308953100837
0.00123042599327927 0.0108844136758886 0.0812576572601437 -0.0715956319267237
0.0024588832809329 0.0129113253521809 0.0128222509182098 -0.10287071968353
0.0167057891473445 0.00837616606036415 -0.0366323577853979 -0.0797266749716865
0.0206279330538784 0.00684647316269168 -0.0480433989479947 -0.0503072796225951
0.0205095551585662 0.0144316606557365 -0.0554184153253699 -0.0420972236326616
0.00897804514463207 0.0270447841721435 -0.0547502159273027 -0.0530724387139174
-0.00110900057455739 0.0313949403854664 -0.045070639820245 -0.0690933744967943
-0.0329467638341368 0.0361676910063875 -0.00721729136138276 -0.0879476325781634
-0.0591849367473241 0.0131228583628205 0.0307228516417787 -0.0921521263394253
-0.0583235735361334 -0.0488342902208891 0.0182084622067607 -0.073039652874562
-0.0373580672374656 -0.0951409286592007 -0.0152395765115242 -0.0994532576943985
-0.0433923932149038 -0.11096534266339 0.0579838120941871 -0.0482258737230561
-0.0650803640273927 -0.0585632997457053 -0.0188968282579086 0.0261965648250734
-0.0768067570809806 0.000117836730524594 0.0565501485481862 0.090628317318424
-0.0530791849807425 0.0389325104929737 0.121944465215091 0.03107983859673
-0.0123246027382445 0.0456027420202384 0.0940881129161079 -0.064889416444388
0.00720988154210247 0.0422968447943056 0.0240806137181559 -0.0972323039317805
0.0335989598152315 0.034363366090802 -0.029165373929163 -0.0743846971828333
0.0411821408286285 0.0277608613170565 -0.0388675369865482 -0.041476459637936
0.0394935066277881 0.0346471432364407 -0.0479782017473097 -0.0288881984959495
0.0148126538586232 0.051567274886784 -0.0524274750059364 -0.035510092265357
-0.00887186352035864 0.0573549308554871 -0.0544767768569455 -0.0518629500646177
-0.0614768908810162 0.054386790663772 -0.0240020190071045 -0.0756936298220687
-0.0923442489357514 0.00690041507195418 0.015999158705167 -0.0850625751871677
-0.0744257233966428 -0.0761051190963132 0.00569786693556079 -0.0580294819140632
-0.0358844434517688 -0.134137835720504 -0.0273671041352105 -0.0628104633251272
-0.0262507401522696 -0.139361346073905 0.0555364082826437 -0.000453723349565975
-0.0677683133934079 -0.103170755747517 -0.0242386537181507 0.0549835398635363
-0.113162463856374 -0.030098620812859 0.0480846920079829 0.117817802543877
-0.0989917688267669 0.0456410239406629 0.125487111933875 0.0596520830332408
-0.0311356699119131 0.0740684322903055 0.102078963690759 -0.0442959130741487
0.00755101746561035 0.0677940766884849 0.0372552647570101 -0.0778476617523037
0.0446803823362606 0.0569122350092582 -0.0147322802396599 -0.0597377335122074
0.0554959266783537 0.0435575623839121 -0.0243535930604571 -0.026455412916564
0.0540813808912489 0.0467843127785212 -0.0342685639838945 -0.0101550642062185
0.0237091963753742 0.0656252213154494 -0.0449726490714429 -0.012579538986114
-0.00769695968101451 0.0741332604443406 -0.0594753201675939 -0.0274685681520007
-0.075005481688444 0.0710293600951208 -0.039271753484346 -0.0581179336157475
-0.112229767765004 0.00807147936711478 0.00170135835914372 -0.0747662267498106
-0.0848305851943225 -0.0875422673574939 0.00118076311246409 -0.0430290955731204
-0.0325443999281084 -0.153096453853285 -0.032921837823187 -0.0204889637432806
-0.00431877872211312 -0.143394724639258 0.0430613744199933 0.0508255126468497
-0.0516999550197866 -0.13145942332554 -0.0337433383663008 0.0845420394422857
-0.122706036109979 -0.0635232429254615 0.0274123601549535 0.137885995201395
-0.12920552633592 0.0343643730450401 0.11132956085121 0.0879561107714903
-0.0501810240637736 0.0865405484498577 0.0988998067405243 -0.0137904056464033
0.00321404288869755 0.0820667789562362 0.0473485397087256 -0.0473196471969594
0.0477632618723635 0.0705659138210627 0.00173263426931669 -0.0367414902787239
0.0620501155534031 0.0534334316625226 -0.00626840212085207 -0.00803306742864004
0.0617567069817253 0.0529860127223924 -0.0158066882742709 0.00977619665094196
0.0292999965009028 0.0710014860544125 -0.0320647513310955 0.0112564499432175
-0.0060214007745546 0.0801013620672578 -0.0582511158769141 -0.00122422765943295
-0.0789697398742742 0.0747815070583089 -0.0487039654940412 -0.0375895378495848
-0.115731554868901 0.00533891196053654 -0.0101786783069169 -0.0628127199223919
-0.0799015775100746 -0.0899768717376785 0.00263425262297279 -0.0299168955318598
-0.0215488985494074 -0.150058139311912 -0.0327868811791956 0.0210600676444766
0.0160829439359653 -0.120679008361425 0.0251601114434368 0.095010154704343
-0.0216196637772156 -0.131031082294725 -0.0428992814572423 0.105758323815207
-0.103991021789772 -0.0847799813757354 0.000816503741393801 0.142634936846941
-0.131403938992741 0.0120661676074603 0.0817512378033341 0.105958365548945
-0.0602562328320042 0.0799734481066764 0.0838721755337049 0.0183104509366849
-0.00156755573805521 0.0803037139145042 0.0510557466208909 -0.0121952292167664
0.0433555965203386 0.071329186587774 0.0191742625025419 -0.0106736357403688
0.0593774331790532 0.0544822359448068 0.0114657926357818 0.0108181237048401
0.0600616957097927 0.0523112371726682 0.00176421938770332 0.0291895014258716
0.0305800334339298 0.0679348272023088 -0.0188627192151901 0.0340311081238988
-0.00577192336491063 0.076702991975561 -0.054829639649204 0.0223617927441383
-0.0776564113308352 0.0658735629515124 -0.0544032227034306 -0.0188580915333412
-0.106191017195188 -0.00420228252790181 -0.018991986261994 -0.0502040146150115
-0.0610699338939129 -0.0873620631511661 0.00538936505495954 -0.0188884246333171
-0.00257222985453423 -0.129453013330648 -0.0312524671680173 0.0557871406436109
0.0307470959239141 -0.076207716447206 0.00535822889125522 0.124445045932176
0.00675297888378003 -0.102290839162509 -0.0497368572363545 0.116524299546213
-0.0668186498735907 -0.0807603680245689 -0.0223916474163725 0.132506728278919
-0.106036751165114 -0.00713875025732913 0.0485379996461473 0.110149865498745
-0.054809751403139 0.0594254353649635 0.0629642408965517 0.0442458212712643
-0.00421785981469732 0.0638281744247839 0.0501374615884195 0.0207936725440025
0.033242721409369 0.058729719983817 0.0337841166425543 0.0143750781547753
0.0477165259505049 0.0472802255050056 0.0272096641735513 0.0276602407253322
0.0500065232289891 0.0451597514599677 0.0181825935043755 0.0462726403599961
0.0265649281474179 0.0587729017965276 -0.00790115969823381 0.0539308222168605
-0.00771371568453063 0.0654600055574701 -0.0525511410862697 0.0428696040988834
-0.071810811292889 0.0485779832575168 -0.0599583700828367 -0.00386205745841657
-0.0861212919452997 -0.017113631359274 -0.0277164019567142 -0.0396069486165348
-0.0334365419282432 -0.0788527737802049 0.00629959186539933 -0.0107531046876449
0.0202236423404732 -0.093373358912015 -0.0327247049157167 0.081346469451079
0.0382092555488179 -0.0174334086729581 -0.00765094018868643 0.132994697763165
0.0285471010743183 -0.0542028913743743 -0.0477404017814708 0.113281999432827
-0.0250100105997817 -0.0559188238430915 -0.0373425016390661 0.113255810777367
-0.0624280781646621 -0.0149323725701104 0.0218875180487451 0.104006634086277
-0.0355708560229886 0.0329969956790232 0.0461232679217509 0.0617122474390679
-0.00308692286480194 0.0368699402624899 0.0490627003435035 0.0438175434427674
0.0185405369904264 0.036757554635886 0.0448882864898472 0.0323110034765751
0.029769447838032 0.0322435272506663 0.0384638543588399 0.0391883113779849
0.0322787527468852 0.032186843158134 0.0293255891277085 0.060028219848869
0.0187215838425726 0.0433983801532715 -0.00221735275026505 0.0701994689040368
-0.00885518891374627 0.0486344582873138 -0.0545975809467798 0.0583026604109052
-0.0581346562895212 0.0282059845290087 -0.0685185456828949 0.00531249576691596
-0.0571634216594703 -0.0260175852228056 -0.037686547913697 -0.0351681782477477
-0.00349249796007935 -0.0607182196373634 0.00543387466036791 -0.0077916090204709
0.0399972720398465 -0.0455281501762781 -0.0370765270001425 0.0955455264800741
-0.0452755493438652 -0.013426889351426 0.0359941205147861 -0.105093911362939
-0.0168282455391253 0.0294191954398189 -0.0232019866455396 -0.00885758249880067
0.0195548533696454 0.0313132912791191 0.042707826512419 0.0481905227984396
0.0311564473536981 -0.00587372619776821 0.0863019065338325 0.00287299512854918
0.0071092555311684 -0.0202052736871986 0.0705404324782101 -0.0664265346207441
-0.00636789066080554 -0.0132298949321074 0.00727301305026276 -0.0958033616558851
-0.00572003403229342 -0.015917669250816 -0.0359954936966569 -0.0753128899808631
-0.00336763240507776 -0.0141335416620332 -0.0486733702407279 -0.0515455367505738
0.00107725203251438 -0.0100425316741077 -0.0549305836186747 -0.0461033558436693
0.00739780855189918 -0.00373547400839295 -0.0543322306301502 -0.0582059015551442
0.0157207874598689 0.00209629870930822 -0.0393839079653244 -0.0757622103285385
0.0097508697620914 0.02498196148124 0.00133254395126353 -0.0970219825130791
-0.018551810225297 0.0340558251949498 0.0407178682721735 -0.101040017033862
-0.0442418245377342 -0.00491157230388072 0.0393967231115064 -0.0836444683670642
-0.0404419004965739 -0.0387494275221441 1.28260615337891E-05 -0.120831734066674
-0.0502834070358074 -0.0654999286206585 0.0500155432225359 -0.083320104902334
-0.0455149658787624 -0.0105589365824077 -0.0186199210437318 0.00429770868100596
-0.0280901255596928 0.0220091571090263 0.0541383010040683 0.0653437772062428
-0.00583496987107608 0.0186939004095607 0.10602559115633 0.0106365963056444
0.000539842575829332 0.011067118253511 0.0822145466574376 -0.0711007244554695
0.0021214153782698 0.012817914496963 0.0125422008261539 -0.10153663834929
0.015788147890469 0.0082737438359686 -0.0357783275942398 -0.0786817981476604
0.0198633064253172 0.00641733628141949 -0.0469159080748454 -0.0500330464597823
0.0201254267519609 0.0141625637975628 -0.0548603393823665 -0.0411267320989353
0.00839285177559426 0.0271111277280214 -0.0552883990409008 -0.0518426391874895
-0.00136866894314406 0.030807319457415 -0.0460388731316366 -0.0684292946923379
-0.0321210217541281 0.0358102263816016 -0.00760483605965223 -0.0890704317531867
-0.057715824838093 0.0130240260055972 0.0305167610014103 -0.0931819470073568
-0.0582633505261916 -0.049214090032097 0.0206721417089831 -0.0720902648542785
-0.0374464548606084 -0.0944164953183747 -0.0139631844811403 -0.0984795430778362
-0.0431005575691323 -0.110427075881126 0.0576901959061537 -0.048246484651025
-0.064330451605496 -0.0580666138741207 -0.0198212725295135 0.027056474917374
-0.0760658411637377 0.000724399750361085 0.0575559524885399 0.09184428353607
-0.0522697321328309 0.0387505600517099 0.122859350070633 0.0311555008455492
-0.0127164425297262 0.0455222736984315 0.0946816090906987 -0.0639117502367892
0.00740363838484627 0.042044991073583 0.0234210833075522 -0.0963440146569941
0.0329824804052357 0.0338110009394731 -0.0281164985601312 -0.0728327671401289
0.0405017369047076 0.0269639191658064 -0.0382467410601703 -0.0408765471669182
0.0390702152464084 0.0336285227890685 -0.04792514536099 -0.0274790374055079
0.014531626545316 0.0511436702050269 -0.0532032257842066 -0.0344272680278199
-0.00887685729009986 0.0564971417195911 -0.0550998409179803 -0.0506851865786676
-0.0609140717159394 0.0543356208854797 -0.024725400364659 -0.076829015128258
-0.0912445393195624 0.00652030988033862 0.0155221865828972 -0.0856860193427208
-0.0738680354318129 -0.0756915777925979 0.00819938496932386 -0.0578156995282102
-0.0361707068923213 -0.132900093306325 -0.025693087416466 -0.0616271346062068
-0.0267442470243657 -0.13830673010457 0.0552715604657503 -0.000646747510375136
-0.0671371914214623 -0.102879464826913 -0.0254417545490592 0.0553381723415088
-0.112158901446314 -0.0299811120926753 0.0490706758352429 0.119376133823854
-0.0974796284295866 0.0456415802215721 0.126587153496444 0.0597962040423916
-0.0309857338161822 0.0734826703593574 0.102669440029611 -0.0437092808168847
0.00752023263663617 0.0674444266933239 0.0365813704057271 -0.077962344763443
0.0436797759834175 0.0554221403712859 -0.014539006678972 -0.0582610927839293
0.0553607440279263 0.0423173092768158 -0.0242988048196174 -0.0267149289660904
0.0533719247620894 0.0461362895545722 -0.034034438904411 -0.0093485242588645
0.0232900336912472 0.0648126612516999 -0.0457691427727287 -0.011927907903283
-0.00772700403527916 0.0733595712679623 -0.0605141055789996 -0.0267382966061
-0.0738595282253342 0.0708048813378963 -0.0398888054167783 -0.0592286048093199
-0.11040005733315 0.00804088192340389 0.000708034532583776 -0.0761323182513321
-0.0837094504254128 -0.0870871953320657 0.00295312811285047 -0.0436339889444648
-0.0325438404428562 -0.151304674694977 -0.0310838809731994 -0.0200963074897895
-0.00390886654638126 -0.142229059826778 0.0429823160976103 0.0498932817140244
-0.050493872299997 -0.131064944849331 -0.0349410175506297 0.0847559854166817
-0.121814621055536 -0.0630511360286812 0.0279705399672392 0.139601130928571
-0.127836668167475 0.0344987529722191 0.112232887091386 0.0880426852446331
-0.0497782366296101 0.086054517001483 0.0995037115506006 -0.013043426630949
0.00378647244447742 0.0814112715921432 0.0469906639617918 -0.0479891783385763
0.0475397246167456 0.0687877189821882 0.00218985627973546 -0.0362601600548403
0.0618238343006019 0.0513554252471532 -0.00677125765850407 -0.00768094953940317
0.061067240354379 0.0515891336590433 -0.0163674883025315 0.0103737320340052
0.0295477659774302 0.0699410051791855 -0.0328454684752466 0.0120255308532132
-0.00609827298643191 0.0793966771409188 -0.0591766362104176 -0.000746408550580243
-0.078146205488865 0.0752004777171039 -0.0497690372996029 -0.0383158088334504
-0.114348949901078 0.00573693054147254 -0.0112373926667055 -0.0642948978746189
-0.0784784609820812 -0.0896931103338782 0.00391965133274559 -0.0304030748407235
-0.0215543386151393 -0.148728221600839 -0.0310573998727226 0.0207265604854786
0.0166446196247763 -0.120697026189873 0.0239893575924221 0.0943145992177665
-0.0212966129773121 -0.131455731774464 -0.0444418528082189 0.105957659719475
-0.10371564589987 -0.0839593272435853 0.000726772816782953 0.144537875201999
-0.131005035125798 0.0123749189941194 0.0824436497959247 0.106048446588819
-0.0596451214531006 0.0792525853297151 0.0842965125131951 0.0182883054789876
-0.00156925067729292 0.0795517688576153 0.0508585768698695 -0.0125650047403439
0.0431623482177897 0.0697000664792028 0.0188360942572659 -0.0103689213080555
0.0595260943491074 0.0528257644490748 0.0104373053473586 0.0108259928399866
0.0597010082552711 0.0510454433953954 0.00166445841293041 0.0292199259143832
0.0306415980499379 0.0670567941558625 -0.0195839439335602 0.0340015409974329
-0.00626882998427099 0.0759098545968317 -0.0556043189099022 0.0230766822772053
-0.0766415798484508 0.0659504018116975 -0.055147743332806 -0.0194887851751828
-0.104844419424725 -0.0037619271159376 -0.0201479545878975 -0.0515092650114427
-0.0601635913163119 -0.0868984333823063 0.00609203086948002 -0.0198611447694184
-0.0026267657272753 -0.127951874806061 -0.0303631382780353 0.0554232552714139
0.0305010397379485 -0.0765587296361511 0.0043793179723482 0.123527837684049
0.0072411470560493 -0.102844991810305 -0.0511866952635878 0.115775001635922
-0.0669457457606661 -0.0808337476677453 -0.0230176779063006 0.133547272318406
-0.105729374324391 -0.00600797702459075 0.0487884415451512 0.109320783212172
-0.0539855476271766 0.0591921525548107 0.0634069225263623 0.0440974295468352
-0.00380854603047353 0.0629786510788995 0.0497615716775927 0.0197451390606609
0.0330953603880791 0.0575229078215787 0.0325766714086589 0.014047688592638
0.0481772507639823 0.0458087975950078 0.0259880340483336 0.0269819847059049
0.0496852560573077 0.0441541863493243 0.0169810310170919 0.0463337668697366
0.0269333968672108 0.0581467296608926 -0.00905059199495379 0.0538759326308815
-0.00712020868128265 0.0648199882742434 -0.0537094862844714 0.0434172892426573
-0.0707663427489219 0.0497177595088785 -0.0613695771236216 -0.00450419095486985
-0.0853563909500181 -0.0168586483898311 -0.0288676265254383 -0.0407785888976205
-0.03297889851173 -0.0782022991800095 0.00678834684228078 -0.0118420800784635
0.0198211641849577 -0.0922776799331144 -0.0318340787226451 0.0806258410450736
0.0381925136986015 -0.0182400238000882 -0.00843688301696042 0.132238140232081
0.0280807089623392 -0.0551046497432973 -0.0494217385943284 0.112825984853175
-0.0253542649487625 -0.0561620270317321 -0.0385638111796094 0.114849614898266
-0.062151318871059 -0.0146041790346138 0.022141338559213 0.103864562290749
-0.034982792128254 0.0327855061801308 0.0463573906650923 0.0615154139411324
-0.0027096702003817 0.0367029864367981 0.0492607068436963 0.0424817008969072
0.0188214858300412 0.0359006512396239 0.0442801058744252 0.0315984101048987
0.030053327422769 0.0312278355131909 0.0373709128783924 0.038865108281725
0.0327064381173859 0.0313080841529495 0.0285983128797315 0.059641436220105
0.0195862103367728 0.0424776364192497 -0.00349056286315993 0.0694198827527642
-0.00850722017387533 0.0484973547708024 -0.0552447807127804 0.0583070097266656
-0.0572000736725954 0.0294327283377748 -0.0690545637161673 0.00474076142587402
-0.05696566076394 -0.0256143792751145 -0.0386420446510005 -0.0364556690623858
-0.00293697806726851 -0.0605491816976162 0.00548955687888436 -0.00889690960632768
0.039706195046902 -0.0451241119271691 -0.0359097468336047 0.0946175669343059
-0.0467142589614054 -0.00500636718641256 0.0160370622754539 -0.118637077869319
-0.0110875769805084 0.0320572134671447 -0.0273766705769864 -0.00354742703309719
0.0258147169973415 0.0264988525465307 0.0526591025560431 0.0451078988505145
0.0300760651907028 -0.0132001715578124 0.0916674684048911 -0.00992190337424011
0.00306647260443689 -0.0223936858531245 0.0624445913697677 -0.0819408315357473
-0.00995996733055964 -0.0116636665218233 -0.00896229761520239 -0.0995048960749622
-0.00983265257869794 -0.0143507048425101 -0.0479565581694009 -0.0703942153225116
-0.00668151459515256 -0.0133752471457963 -0.0578422288426257 -0.0435173323213841
-0.0018095209057769 -0.00997639849999422 -0.0637537733274431 -0.0360234088918158
0.00565857401649538 -0.00556010235510851 -0.0669153552771145 -0.0488046857063386
0.0150415389399436 -0.00214604036693057 -0.0558493896494017 -0.0701367825642897
0.015448440442227 0.0210075038937331 -0.0193743875744759 -0.10134940056755
-0.00995312035490193 0.0353078265980381 0.0212290010394267 -0.113878958512593
-0.0441657965933563 0.00308013005922171 0.0286401358252059 -0.0950621325950447
-0.0472966758410381 -0.0330301244558308 -0.0172618894682993 -0.122890333121718
-0.0598813224646265 -0.0544438923046659 0.0376491618774105 -0.101832937321887
-0.0462815952622663 -0.00169949435372082 -0.0195504964202499 0.00701417103096881
-0.0218324313786953 0.026875757728905 0.0660683716616591 0.0566771405255199
-0.00098089564846604 0.0180397980090923 0.110612866883249 -0.00759050983747559
0.00211744270778843 0.00902114774380362 0.0714603765448864 -0.0870525107178362
0.00325524363392768 0.0126643723938001 -0.00528233389804032 -0.10447099590044
0.0151327642409378 0.00479233468751741 -0.0493489716697141 -0.0711979131269397
0.0197622625509062 0.00271161799489339 -0.056215986051804 -0.0416398213291758
0.0213445240778159 0.010660362653271 -0.063356540204715 -0.0310495593984475
0.0120645991005808 0.0246423939343703 -0.0677165929709004 -0.0421582298222717
0.00272944500928754 0.0280985253407745 -0.0616653482730175 -0.0615486020446324
-0.0240571590730151 0.0392303090886342 -0.0267641795096404 -0.092853233798329
-0.0520666012221087 0.0214433761264825 0.0129129046265275 -0.10549824121708
-0.0662646183025844 -0.0383795115931378 0.0141621226286755 -0.0786878390293295
-0.0548300247611995 -0.0890795372766397 -0.0254940810238281 -0.0949650453519295
-0.0610032569398009 -0.0985642828175476 0.0543947423800188 -0.0676415422536891
-0.0729011446465158 -0.0445917467646161 -0.0157139537962774 0.0280900716792344
-0.0721139640080457 0.0153944362585459 0.0735742915865861 0.0790676915679438
-0.0411360554802716 0.0465675406249052 0.128422281315307 0.00726537407856252
-0.00409525745798939 0.0451414144424131 0.0835595322112074 -0.0815676543025221
0.0138970367634562 0.0401048800778255 0.00487854413729979 -0.100528032662461
0.0369889740697047 0.0259007601522441 -0.0424634753032432 -0.0649247247212952
0.0433519994348649 0.0188118767163449 -0.0463653508967437 -0.0338132167722284
0.0426766838915569 0.0265387045036598 -0.0536725214307704 -0.0194230277987324
0.0222676697523828 0.0471491621481611 -0.0631615134225816 -0.024942959741827
-0.000243122004895526 0.0545521115314282 -0.0685564269381736 -0.0411908457594036
-0.0490933362961166 0.0627261117445815 -0.0419318898098734 -0.0776859846813675
-0.0859637899781689 0.0212602852874488 -0.000702415046265248 -0.0971029662684818
-0.0868348835543995 -0.0618111550609381 0.00470090668342258 -0.0607450171181469
-0.0606727884210392 -0.12715819604452 -0.0297211146272834 -0.0534526534443175
-0.0487466847185943 -0.128479235759192 0.0624263419417115 -0.018561323232451
-0.083778175202521 -0.0875828148426131 -0.0146253117227804 0.0570224227741219
-0.112564863371284 -0.00720838296597479 0.0699365094988403 0.105740350401462
-0.0833238649899135 0.062993471274758 0.135158122457801 0.0323297959083032
-0.0164181127336421 0.0758248869224168 0.0930384108833182 -0.061376526128113
0.0184203144686371 0.0641311930088835 0.020424460117136 -0.0832385335173509
0.0522721811047863 0.0449823760982515 -0.0274331566687936 -0.0509130028157868
0.0608558143649122 0.0317027022755189 -0.0294888747216619 -0.0214614104773348
0.0591852177886429 0.0357640737494519 -0.0371606497508016 -0.00349200528747335
0.0332427872395271 0.0598688345411609 -0.0515134062764969 -0.00341186252371072
0.0033713101882944 0.0714055238541342 -0.069537605522627 -0.0152535774158566
-0.0596054758907306 0.0810542716284782 -0.0547592626288147 -0.0566548713135001
-0.104538837629105 0.0265413208765398 -0.0144206371350703 -0.0851148998577785
-0.0989004342247456 -0.071302359549756 0.0025707114925152 -0.0448133420322331
-0.0611025238831786 -0.145545189901866 -0.0271892026314079 -0.0089375586908735
-0.0281668943894936 -0.137244950217757 0.0593582897837588 0.037751646812766
-0.0726170760530398 -0.1185474389365 -0.0181857370336004 0.0882652541025286
-0.128727396118397 -0.0378649084483058 0.0525262032956211 0.12802242933766
-0.11432223598676 0.0584457736411223 0.125045395441174 0.0615588962892885
-0.0323889520234866 0.0916855901791469 0.0933556194367865 -0.0306469708948747
0.0174115548857922 0.0785653169903214 0.0351827639159068 -0.0545007912624026
0.058609765849575 0.0569639868118414 -0.00827976993771988 -0.0311575581010109
0.0693519731918472 0.0394997899637881 -0.00898797268229493 -0.00645855219980778
0.0678177690029065 0.039854071669475 -0.0157964395639983 0.0135952604064202
0.040588196927786 0.0637357059862192 -0.0345750396186398 0.0185548385268915
0.00624163451367981 0.0773635876222742 -0.0632799336920064 0.0112812321715444
-0.0623829860767223 0.0860125529591181 -0.0610889515106001 -0.0330887253937244
-0.109164018850188 0.0251793757938213 -0.0244042504839587 -0.0703297735483575
-0.0944248991570006 -0.0744273684303215 0.00536601357465735 -0.0316909095074118
-0.0496880158624762 -0.144162357625398 -0.0207876351830876 0.0336590916795497
-0.00430135628693915 -0.119389791945082 0.0480402815296791 0.088931613461231
-0.0442844498188343 -0.124563256943877 -0.0238812883669793 0.113318077162536
-0.114989297845585 -0.0615175557295279 0.0280136997663183 0.138115839319136
-0.122174867681159 0.038539602401891 0.0991576400396101 0.0839903615946376
-0.0432350629786218 0.087399672649917 0.0832040390737348 0.00368254687585798
0.0128195363626194 0.077703858845957 0.04542718860375 -0.020272890333689
0.0552930858451137 0.0584500260369623 0.0125574706735734 -0.00833099985019636
0.0673896626577314 0.0412982502440109 0.0118589282039979 0.00931616621403428
0.0670118398801559 0.0391223367703698 0.00579154961847691 0.0291942271356574
0.0412943624674967 0.0604758498189596 -0.0167328687733604 0.0388001729623395
0.00579103207823598 0.0740981568613012 -0.054826885325038 0.0348576936244087
-0.0633234983919515 0.0777824598759897 -0.0630639310672616 -0.0122448197111908
-0.101792458688476 0.0140375100380116 -0.0310931427526601 -0.055282897216063
-0.0754345374456976 -0.0755733210161144 0.0082894457096429 -0.0206925095334984
-0.0267919566180235 -0.126616367223053 -0.0155929891991318 0.0681147539177558
0.0167548946783371 -0.079265912793288 0.031248353438369 0.125917700579037
-0.0112867192139314 -0.101994622650438 -0.0290429407275977 0.126649593181995
-0.0797393202701753 -0.065632293193637 0.00244902899369332 0.134105973646867
-0.102166279222276 0.0158928631305153 0.0669413386461333 0.0947989065013643
-0.0413936858284944 0.067127863096965 0.0671865833736626 0.0332440599315767
0.00733635196569934 0.0621686138307394 0.0510663506916304 0.0121803220457882
0.0435959806820706 0.0488434337403139 0.0313010772991272 0.0125438948438116
0.0554480640780235 0.0360495370773655 0.0301724896405716 0.0233136214538897
0.05609618326847 0.0340798213623302 0.025008966628806 0.0433627839834941
0.0363844150058744 0.0524800347662731 -0.00171164386613973 0.0565075271148637
0.00326437070839515 0.0642481440238206 -0.0485309317014572 0.0546311221554441
-0.0606335770177581 0.0611167240679523 -0.0652100270530517 0.00426655902592513
-0.0853607403175867 -0.00158316575284652 -0.0374532340357269 -0.0416179492135492
-0.0469492513203945 -0.0720152855885837 0.00859613886784102 -0.0125354871752728
0.00204208218015466 -0.0952597977900996 -0.015292149882611 0.0933520672105153
0.0335354540482058 -0.0242175579228145 0.0166625122830427 0.139910837900794
0.0177145705467888 -0.0591098567716507 -0.0295967364220493 0.125680611712918
-0.0349071078014811 -0.0490512056021805 -0.0164818606109664 0.121311011579521
-0.062297267051494 -0.000502521945077362 0.0403534823776334 0.0973541068025823
-0.0269413010556555 0.0380524638554903 0.0554528514197355 0.0536441612911004
0.00424532924302672 0.0356381452808299 0.0556339113594399 0.0349434589561397
0.0259759659358219 0.0302722178992929 0.046295955752577 0.0262187953724709
0.0358127990026275 0.0255793958809606 0.0435093019140678 0.0329786349329322
0.0379287667442968 0.0249816491622387 0.0388513802753974 0.055010906841976
0.0267246122600329 0.038467956399067 0.00780134492240659 0.0716083409469672
-0.000440546126759458 0.0484768220701464 -0.046716817984606 0.0707586271801565
-0.0511622130681679 0.0391193186861956 -0.0710715199856862 0.0163322238891009
-0.0593228889779132 -0.0152204830817473 -0.0462247798259379 -0.0333914641588668
-0.0141358913036903 -0.0601693245157827 0.00584996387644661 -0.00875905604666192
0.0306461782565019 -0.0515263909876733 -0.0199950821236063 0.106941898358218
-0.0492308763769127 -0.00417404770544285 0.0168222094579694 -0.124593817054255
-0.0115778845465426 0.0337781812424573 -0.0284782343943508 -0.00273086455913246
0.0278315878890762 0.0274955734756156 0.0562806228651159 0.04704636686751
0.0312483618396514 -0.0148866752055767 0.0969065508264993 -0.0108381698486551
0.00269085759190271 -0.0237817378650687 0.0659045516554304 -0.0859612750218395
-0.0101973592554198 -0.0116828375574646 -0.00863708744619472 -0.102977289036453
-0.0110190318866727 -0.0139640222879275 -0.0496839784270049 -0.0732925490504463
-0.00765966229886765 -0.0130571900185579 -0.0599972595747762 -0.0456459549406843
-0.00178085113491567 -0.00981714665806146 -0.066092889236724 -0.0369957071411197
0.00563661328729068 -0.00557370420395317 -0.0702867450705983 -0.0496620382951147
0.0149100571064729 -0.00306391029693206 -0.0594683002285955 -0.0730047217887561
0.0164066907782164 0.0213572523254685 -0.021473895968345 -0.107195055700143
-0.00985910824779371 0.0363879866102415 0.0220378879925866 -0.119640198272227
-0.0470545599777402 0.00342875605534074 0.033025527152612 -0.0995921059463848
-0.0496888522797201 -0.0339525523952929 -0.0170017148441842 -0.128740227636634
-0.0635928236111115 -0.0556389093356252 0.0391526245167039 -0.106846557830743
-0.0484196249908251 -0.00140542683715683 -0.0205713244369339 0.00861620626598544
-0.0215112918824897 0.0281144855513355 0.070515454862483 0.0591231420527624
-0.000589973787857511 0.0180962420895127 0.116644428487071 -0.00831265643845848
0.00216594219279614 0.00961456343454903 0.0755355791463161 -0.0918386171965664
0.00332422561415983 0.013574377606193 -0.00577679973503207 -0.108452403338132
0.0151269592383176 0.0054367350688523 -0.0509547648843258 -0.0735331801890186
0.0196335745982336 0.00307904145830208 -0.0583068270674395 -0.0429953704561611
0.0218342619798991 0.0110837826252649 -0.0655177463421374 -0.0320630514444336
0.0122902219005079 0.0259007826189624 -0.0712810248185125 -0.0425413618768886
0.00214194793347997 0.028907956017098 -0.0657808981196801 -0.0637746228590545
-0.0244813445839601 0.0402585243956952 -0.0294429501035437 -0.0981508612551825
-0.0534410233001036 0.0217368024567846 0.0132347902841049 -0.111145349231216
-0.0693476773160703 -0.039707082329437 0.0173041759896966 -0.0825752319517863
-0.0580486156715322 -0.0922165363111635 -0.0245987651942392 -0.0990628586644645
-0.063948707467449 -0.102080109531275 0.0567922618751092 -0.0714867699175611
-0.0760934978477053 -0.0457583262595056 -0.0165631478694233 0.0301341675731998
-0.0744684807691991 0.0167715142180987 0.0784685484505067 0.0825139984107842
-0.0420793913799062 0.0485173973805946 0.135584872246943 0.00676150818233498
-0.00435489444115269 0.0469649022870431 0.0884627214523064 -0.0857072963655438
0.0141121785810148 0.0417363364046012 0.0047689884344967 -0.104743980266567
0.0381926304595333 0.0266123744576258 -0.0433935239078985 -0.0671426761128408
0.0445552683810102 0.018928722788124 -0.047658195872639 -0.0345612644340162
0.0440189738661421 0.0273922776695059 -0.0554733065232668 -0.0191003266105886
0.02297952484247 0.0497525587943213 -0.066563821362359 -0.0246275290416957
-0.000404330570758926 0.0565617756886855 -0.0726437474255084 -0.0422792687127959
-0.0502120888704784 0.0648809996403744 -0.0460279485842567 -0.0826360952831823
-0.0888107123411106 0.02152379087324 -0.00178846965441686 -0.102755848298296
-0.0909066234746504 -0.0644908282927683 0.00730587963120484 -0.0644525799307548
-0.0641714744117046 -0.131681902825838 -0.0289913200400235 -0.0560435946457203
-0.0517185627108503 -0.133926118662313 0.0652556735030636 -0.0199968048506662
-0.0871795702101304 -0.091537242960572 -0.0159154822525711 0.0605027085606197
-0.117265941381296 -0.00680331116558391 0.0743324723604425 0.110715473918677
-0.0863340193600106 0.0662301678978409 0.142636379898119 0.0331465940765411
-0.0173214425442607 0.079046406691328 0.097927265468702 -0.0653629885054267
0.0196278703409472 0.0670864896422773 0.0206408736104024 -0.0872285620577069
0.0541419310967976 0.0461776575244117 -0.0280611658768945 -0.0528851553169664
0.0626303624063923 0.0319683635777002 -0.0310851618081622 -0.0218683845172673
0.0618488523211891 0.0368722155279268 -0.0381580582338599 -0.00333403631256902
0.0343854268350074 0.0623860273554309 -0.0546734453056579 -0.0022735591399939
0.00340664319800944 0.0739720694062948 -0.0738520939448489 -0.0150094473797498
-0.0609611250893796 0.0846457095621725 -0.0590363130895588 -0.060223155024084
-0.108118067825363 0.0276258856182635 -0.0170527137896719 -0.0905047245205473
-0.102774120013102 -0.0744494976438559 0.00452906323707753 -0.0480696146400573
-0.0643715769354156 -0.151054652585255 -0.0268610149418644 -0.00918490137562459
-0.0293978334550891 -0.14309765240549 0.0621538880773946 0.0386110165121252
-0.0758851349508408 -0.124127430088928 -0.0189593911988105 0.0933851625922441
-0.134214852777568 -0.0388534444195113 0.0568908752063682 0.134620921734957
-0.119094756224765 0.0615314732493561 0.131901465385585 0.0634718313452518
-0.033563473614121 0.0953745250452333 0.0985480727878021 -0.0327809157617066
0.0180651188611427 0.0817338581625936 0.0359750471129872 -0.0576651975590664
0.0608548284038749 0.0584466903571975 -0.00809201316388654 -0.0323470764541699
0.0717982086292173 0.0397263747266281 -0.00949544751192861 -0.00617112621328271
0.0706324676090582 0.0406487053842749 -0.0161963698691482 0.0145194726880906
0.0419314337406602 0.0660147482443081 -0.0368421651255713 0.0206042531047328
0.00676511376195664 0.080314462756924 -0.0675562100946744 0.0130244088336932
-0.06433195558687 0.0903146353073883 -0.0657119515141821 -0.0353226712362706
-0.113525145868142 0.026358722867896 -0.028026551079702 -0.0748248693122576
-0.0982092114259079 -0.0779307124257355 0.0063026217318771 -0.0341079332786581
-0.052181547159156 -0.149606403285112 -0.0202120682971117 0.0348513968319878
-0.0047870549885679 -0.12482982530824 0.0497590497632294 0.0925640239096041
-0.046255474178355 -0.130367965632595 -0.0255850366848773 0.119016678530816
-0.120716487121288 -0.0640029009097701 0.0302032334410828 0.145555309331529
-0.127457283443974 0.040601797537679 0.104524857516712 0.0873493320203266
-0.045045666915326 0.0913705955074951 0.0882329157815725 0.00352658446762208
0.0132150185695276 0.0810427323904314 0.046689879154385 -0.0216634537554472
0.0576695774709677 0.0598392247582799 0.0128053741231458 -0.00878244566984869
0.0699163679450489 0.0414999125293829 0.0119796318988879 0.01047640063547
0.0694164349252739 0.0398147413386461 0.00555875658623712 0.0309004524958297
0.0433269890666997 0.0624887106335081 -0.018150610599814 0.0408418889364947
0.00673748807079362 0.0766990555901898 -0.0585621973259784 0.0372922846306739
-0.0649099914804622 0.0817488800420838 -0.0675800444326905 -0.0127871737099227
-0.105839231022622 0.0151150609226688 -0.0349812159496624 -0.0585572283828402
-0.078578072256022 -0.0785253482204569 0.00904910223614422 -0.0229702282116277
-0.0282183590048401 -0.131851862874665 -0.0152712129730844 0.0709709027770875
0.0174765487960331 -0.0832799636380482 0.032187068891552 0.131391883432667
-0.0121677410018834 -0.107295357142465 -0.0312966320177799 0.133184370976041
-0.0837102487984881 -0.0682986118927387 0.00323212766287675 0.141510787597884
-0.106661224610502 0.0168381428658259 0.0709461400283166 0.0987711575928428
-0.0429994988395628 0.0703272965589794 0.0709489606633142 0.034420765879592
0.0079382912966695 0.0645665327909824 0.0528187728212907 0.0120028905378759
0.0455957043575634 0.0500501803718913 0.0324536525168393 0.0124342196987581
0.0579176616686784 0.0361261374912585 0.0308499565646825 0.0246620932725348
0.0587941112363755 0.0344925986990727 0.0251284624366923 0.0453330638128371
0.0383808957088886 0.0538667359446997 -0.00254893662866102 0.0595450654432625
0.00358305230640466 0.0667663325600557 -0.0515033787772653 0.0583052478978869
-0.0621226286610351 0.0642106787890507 -0.0696692559797155 0.00457406828224343
-0.0884485824977107 -0.000931931826843642 -0.0412963589799097 -0.0443743293034616
-0.0487707790023355 -0.0754374403554564 0.00859520556436589 -0.0142885810488413
0.00162355416045569 -0.0990606445565891 -0.0151898057352085 0.0977095329393215
0.0349535368091747 -0.0258018744557685 0.0161901115463004 0.146318683037866
0.0178122158221889 -0.0623156898053327 -0.0319087248885981 0.131516032961633
-0.0369092214234727 -0.0514567188570634 -0.0174298387868407 0.128213497609648
-0.0653893217392117 0.000177780458623688 0.0422288172495994 0.101757270928662
-0.0279766540782041 0.0401813534801808 0.0585011592199807 0.0557168869051071
0.00451967556743555 0.0369524109126647 0.0579408150766666 0.0353814133191843
0.0269736644481059 0.0311220779624291 0.0480056563143117 0.0272642467216693
0.037912144347573 0.0256799499470042 0.0445481650696365 0.034619024779512
0.0394798649003264 0.0250430221840827 0.0401542884276275 0.0573659773133669
0.0284973133457103 0.0397166359375856 0.0070957027119697 0.0748477517599916
0.000217132697223439 0.0505759446897492 -0.0492636352115598 0.0746083590590501
-0.0523668239871182 0.0416556507772173 -0.0757862475271036 0.0168310355181403
-0.0616826861068154 -0.0151910983893753 -0.0501661920890473 -0.0355921358690445
-0.0147601358358456 -0.0625043385552711 0.00549517883690042 -0.0106624166159493
0.0317728221976207 -0.0540525436713392 -0.0204316271693699 0.112033188613909
-0.0527917557555742 -0.00158612743561222 0.0130814971019609 -0.131423372625617
-0.0111555064201938 0.0356541245849927 -0.0303401169960961 -0.0012035159834859
0.0308767509380875 0.0277357179433055 0.0616620009586302 0.0473721303680267
0.0316777410911951 -0.0171687845036999 0.102512775013663 -0.0147081225976213
0.00180640251577099 -0.0246051993530185 0.067165015961503 -0.0930204842484632
-0.0111594387909404 -0.0115036535736613 -0.0119787416522805 -0.107554910495914
-0.0126437231154381 -0.0129659298265301 -0.0545206297663407 -0.0752881927673734
-0.00942003522963426 -0.0131526097504674 -0.0639865501418704 -0.0452543893081317
-0.0025917778686944 -0.00956693627309715 -0.0700120342624495 -0.0363343315323649
0.00543416755010312 -0.00596865567475135 -0.075805612573821 -0.0490083365299221
0.0146202007574337 -0.00399757017817698 -0.0658737788926175 -0.073777624946302
0.0185955180122188 0.0207731053033254 -0.0286063899736775 -0.112507431641194
-0.00805482070291717 0.0374674681689662 0.0184749776103507 -0.126951011736371
-0.0497303450500586 0.00551397176889133 0.0345402806605495 -0.106585059363555
-0.0539476035186203 -0.0329241163546014 -0.0203690139143417 -0.134544210103225
-0.0689403871864673 -0.0550785026994838 0.0372680056734599 -0.114084119065032
-0.0505117617864912 0.00057909581262379 -0.0217130893067789 0.0103827309158249
-0.0207919817105055 0.0304353470622975 0.0767653881706836 0.0591963162358446
0.00029515411169992 0.0188538545557975 0.123141963125713 -0.0133574401988271
0.00231845559769249 0.00970752517968117 0.0769084416448178 -0.0995845055193182
0.00414854386910674 0.0141283809244431 -0.00963085457278742 -0.1135167450282
0.0154695422582704 0.00563202993479602 -0.0552916446494599 -0.0752342396392092
0.0198597316277009 0.00264555233771759 -0.0621481669252758 -0.0431449804258024
0.0228561007383689 0.0113722980806197 -0.0695535926536503 -0.030546027879344
0.0136455418461888 0.0267977300113369 -0.0765334097281869 -0.0406261107917388
0.0026943705266844 0.0302854648283914 -0.0717425048701729 -0.0640188756097512
-0.0234335464178483 0.0427362450294796 -0.0361916637022087 -0.103349914615283
-0.0547722951582696 0.0237023274409796 0.00936694565995841 -0.118324390106663
-0.0745957388796909 -0.0390665088962024 0.0181767323245713 -0.0883940101181929
-0.0649110419300055 -0.0939702378764197 -0.0275321300510602 -0.103451154427862
-0.0709550986673349 -0.103545871412961 0.0576867886735306 -0.0774883291553033
-0.0812022869790468 -0.0450424559695684 -0.0167642281583818 0.0328080993871009
-0.076675550426051 0.0207022486128781 0.0859451629724086 0.0840222902995898
-0.0423158984044122 0.0521523361760316 0.143600768173173 0.00158448377429423
-0.00314451766710629 0.0487363710440843 0.0905132944232905 -0.0941769761714545
0.0167437234058753 0.043333295964544 0.00115155538004897 -0.109777322253431
0.0400719566953455 0.0268851652059573 -0.047273017227081 -0.0680449830449891
0.0466839669246105 0.0182288402740398 -0.0511404781819908 -0.0349328378250813
0.0467684689065339 0.0270419139753363 -0.058632598412066 -0.0173749164301496
0.0257278706803855 0.0515728964681706 -0.0715240645220679 -0.0222317348043959
0.000252024490884497 0.059089120774187 -0.0791319521230459 -0.0411044091979814
-0.049924285548815 0.0695996464502141 -0.0537763322794835 -0.0860438876092083
-0.0915407477420651 0.025187040712187 -0.00641770728717775 -0.109027860440803
-0.0972973751151752 -0.0648660538760787 0.00756573090986088 -0.0691304672292141
-0.0722368937786842 -0.135256705007133 -0.0308351813488105 -0.0576203993888311
-0.0587223349090549 -0.138103494099377 0.0680690730772896 -0.0240766442512947
-0.0940943441998323 -0.0926027563025371 -0.0146305183974089 0.0647419510167358
-0.122638323522968 -0.00249329353133714 0.0834296089349341 0.113399218819534
-0.0872912386190338 0.0729263526827455 0.151805747214998 0.0290151839352585
-0.0154248739282454 0.0833673689759603 0.101637424103917 -0.0730677388614387
0.0232443468379685 0.069492941373993 0.0183187380750009 -0.0926149318288262
0.0575540753254532 0.0464475203148411 -0.0308062497691836 -0.0540344240444502
0.0661166021530795 0.0302132697884652 -0.0332962215386754 -0.0217853521056889
0.0655148864139519 0.0358295500487414 -0.0401616420673807 -0.00100276738053765
0.0378003133662383 0.0644425025522173 -0.057963515189053 0.000825319056045042
0.00540708622606958 0.0777117931299935 -0.0790816574623438 -0.0121099690899685
-0.0601386255001098 0.0911236876021704 -0.0666491440016764 -0.0618979817944376
-0.112296212978033 0.0320146365020971 -0.0220676650299095 -0.0957837920515457
-0.110854253252007 -0.0744642178384422 0.00457916091699545 -0.0523114953588153
-0.0729867309764682 -0.155075133783441 -0.0264076442273172 -0.00930967228037638
-0.0361247688324303 -0.148760452136562 0.0664663328998846 0.0375492027543799
-0.0839849792709709 -0.127717261517412 -0.0177645864489051 0.0984167400357685
-0.142152789026406 -0.0353201812280766 0.0654199794228793 0.139541886844765
-0.122521221892637 0.0693067648265758 0.141703081428564 0.0615743771397688
-0.031715600076074 0.101332012426413 0.1031679235307 -0.0390268159375239
0.0219041293814919 0.0849955228888984 0.0346535741651669 -0.0623022031008362
0.0652518767143103 0.0589421738918959 -0.00947174039528967 -0.0333020047304981
0.0760790838105337 0.0377927592266526 -0.0105111977764285 -0.00588562540185846
0.0750664173160156 0.0396280123750002 -0.0167393004363717 0.0160637658321806
0.0458263861877026 0.0679244796384809 -0.0385642992462992 0.0239661037381079
0.00927142521361242 0.0837808872486296 -0.0715158174215718 0.0170336671448333
-0.062946311036517 0.0971333422959029 -0.072633640345066 -0.0357546811804797
-0.117133991256409 0.0311359760664384 -0.0338736266357799 -0.0787590821289854
-0.105491801801254 -0.0779918376316992 0.00654673998215121 -0.0381056269296405
-0.0599361840058905 -0.154270024517917 -0.0181843603977434 0.036670390128158
-0.00921567565135775 -0.131033895337431 0.055143535054993 0.0946020120918669
-0.0532617545998861 -0.135833159143407 -0.0230992149022361 0.125911039976905
-0.129065695611955 -0.0625004590866809 0.0376145127744805 0.152714559569076
-0.132012501490428 0.047521869306452 0.11324891835768 0.087450837722513
-0.0439807086067357 0.0976315526842686 0.0930219657320667 -0.000496689085335547
0.0160448368110832 0.0843418358564688 0.0472252585230129 -0.0254248586049792
0.0616047513074555 0.0603085703666534 0.0133795049317238 -0.0095375050592753
0.0747193163593154 0.0396644003243235 0.0121613237706079 0.0107602210694283
0.0738386941401914 0.0386108686065743 0.00688404599132432 0.0325554770490813
0.0476168094379252 0.0641716056285748 -0.018628916804897 0.0446157175688105
0.0092797811874675 0.0799280546181148 -0.0611147702878812 0.0424121213564547
-0.0641808046953843 0.0883598539629994 -0.0740977058957367 -0.0118575539428843
-0.109584048501964 0.0192142972486544 -0.0405773043762815 -0.0613582103642861
-0.0843052322087221 -0.0797659268127522 0.00893691576815522 -0.0263076388833325
-0.0343521249126271 -0.136520725385043 -0.0122743409542608 0.0746523544187459
0.0151293027125622 -0.0883465873330289 0.0372362065532225 0.136067980604578
-0.0175347451881066 -0.112832591968552 -0.0292924723333499 0.140746058340712
-0.0910110910272314 -0.0688323998050843 0.00852272314406671 0.14952677165319
-0.111999171156793 0.0223220712377312 0.0778270259533675 0.101413624929578
-0.0425328830008276 0.0757025071622071 0.0759598029901712 0.0325414399121458
0.0104627028229494 0.0674289097564184 0.0552281424398657 0.00990074560832324
0.0492478315101629 0.0505062620381709 0.0344716367446532 0.0124986182889731
0.0621710565671041 0.0344463498828425 0.0327539861305312 0.0251705726877493
0.0626673293889623 0.0332786479422797 0.0275004460421162 0.0475301325088656
0.0422764568459565 0.0539714321653496 -0.00187947252194042 0.0629104636354086
0.00643897197609001 0.0694558513374239 -0.0526851876593663 0.0637452540287937
-0.0618004807279507 0.0699452384160411 -0.0749602014763975 0.00708237828156955
-0.0923525243088258 0.00224351058164448 -0.0469257819817435 -0.0462373242003916
-0.0533248541005935 -0.0774626073037359 0.00872436742210557 -0.017051270229756
-0.00162686018060548 -0.103469749554476 -0.0116609113423251 0.102919992827589
0.035482664352024 -0.0288658378128734 0.0205988251654546 0.153214344473647
0.0158045130653106 -0.066339435276635 -0.0303424278127427 0.139416568858709
-0.0413067508407995 -0.0524143434517064 -0.0138891183878845 0.136726303704943
-0.0685218994242735 0.0026817346132825 0.0478293426987931 0.105779668753521
-0.028109917873018 0.0434932420152297 0.0635173893654367 0.0559061822515125
0.00566868197661591 0.0385898956086091 0.061377817311617 0.0346983522779014
0.0294562695541662 0.0314299672503855 0.0507758705703025 0.0270988365250518
0.0409362894691645 0.024078166369512 0.0469708608175213 0.0353483182715047
0.0426798671354955 0.0235227771352403 0.0433524589147959 0.0589619877703915
0.0315869060576238 0.0397372409310449 0.00889348013214573 0.0782325476311894
0.00238533789404637 0.0524498754200078 -0.0496721118918484 0.0807413943381559
-0.052770377844368 0.0463225868713001 -0.0805145850397709 0.0207257429493812
-0.0651333036452287 -0.0137015968437544 -0.0554879497219175 -0.0363804480867319
-0.0171914546854648 -0.0656754923439593 0.00469305111611986 -0.0131269921570098
0.0315380211583576 -0.0579219971454082 -0.0166689721741676 0.118120257110974
-0.0545747773551277 0.00279244806211648 0.00518617454031479 -0.135851176551288
-0.00940894446743101 0.0379470265139404 -0.0310941727903419 0.00139356755161064
0.0341631505409936 0.0261148647583636 0.0667641839744056 0.0448084471748924
0.0312293400840156 -0.0199074159358232 0.105550587430413 -0.0215408821054485
0.000215404471755973 -0.0255044934421812 0.0641504572040434 -0.100017412172552
-0.0117759767921617 -0.0102565816925959 -0.0184655258792554 -0.109661761825006
-0.0138018845544527 -0.011617800079448 -0.0602372000845598 -0.0735486566235812
-0.0107474888507583 -0.0119722274799803 -0.0681520276090855 -0.0425889622942567
-0.00362205784536173 -0.00936320545881257 -0.0733215518659975 -0.0326575952544954
0.00487701756281498 -0.00604391320585676 -0.0801804113744495 -0.0445534050066884
0.0140859765914076 -0.00499561060597623 -0.0721731550350424 -0.0711997979995055
0.0204178728737514 0.0192199364563832 -0.0374602930890881 -0.113827441356843
-0.00581498877055327 0.0380019003399965 0.011393722086215 -0.13204689752496
-0.0507297151477689 0.00920335264886261 0.0311774966511938 -0.112102068116517
-0.0576431256441537 -0.0296501160982837 -0.0273194683858087 -0.136938803600916
-0.0741039148584034 -0.0506714250147786 0.0310977530825794 -0.119878698225762
-0.0514646534097709 0.00406897541461162 -0.021692223807843 0.0121227795915763
-0.0185240107397366 0.0322166246450584 0.0834386530573711 0.0560448588444649
0.00114444814698453 0.0188059972430855 0.126721029629551 -0.0217283452929127
0.00265567903311118 0.00959898613228646 0.0730364472050421 -0.107220754477714
0.00519495717151465 0.0148237595171987 -0.0167739414646893 -0.11581130067486
0.0154569621181919 0.00579779134287356 -0.0609533249329521 -0.0736551960135088
0.0200499381285188 0.00149007629033548 -0.0658674572710476 -0.0404707408333852
0.0235241881660927 0.0101642631079646 -0.0721241139770752 -0.0265315956081864
0.0153518869445866 0.0269338661759721 -0.0809352446004731 -0.0363247279801132
0.00347316708289078 0.0302980960482352 -0.0781399421710628 -0.0604855677908885
-0.0211330135710298 0.0446633797461 -0.045623555876749 -0.104483155940971
-0.0541125060934785 0.0266065969362805 0.00230660821080647 -0.122421299665574
-0.0785780310635922 -0.0352956876489387 0.0161900712246143 -0.0928462462850812
-0.0721399080811859 -0.0907313635472937 -0.0321243844173997 -0.104668759924582
-0.0787912982080554 -0.100642232060002 0.0544696260169434 -0.0837010991336825
-0.0852207477131942 -0.0414326219815496 -0.0152936474974038 0.0353627998603746
-0.0759846950494155 0.0261606991550595 0.0942967993277986 0.0805685305882049
-0.0398070071608907 0.0558682179110538 0.148599094503723 -0.00763487960898768
-0.000443494741926739 0.0501504933362398 0.0873073413982047 -0.103027014097999
0.0193430489154496 0.0434967311255091 -0.0056348018389363 -0.112376092898935
0.0417844919095112 0.0256561886319676 -0.0519311876377061 -0.0670797590938057
0.0479467532258591 0.0154292846475222 -0.0544697087540289 -0.0322761509047595
0.0490380191178232 0.0249461195722314 -0.0601608553497079 -0.013928684398359
0.0290299602735924 0.0515049123353598 -0.074273749059926 -0.0170615277567502
0.00341850570463128 0.06051708539925 -0.0840377943755322 -0.0360275391726669
-0.0464331590794676 0.073799064368405 -0.0622903554779081 -0.0856364174053347
-0.0920541451558658 0.030601705178367 -0.0141860618654242 -0.112680477584394
-0.103436754157022 -0.0602685797260251 0.00582156303503814 -0.0729961218027254
-0.0824973998740321 -0.132401740373725 -0.0327619426328971 -0.0580540521908683
-0.0682754913353681 -0.136842942261647 0.0678115523514373 -0.0298882628323515
-0.101857651230684 -0.0892636651406643 -0.011855932819462 0.0676445226770215
-0.124760673771095 0.00545750764946801 0.0929788130813871 0.111578390128421
-0.0848540894253492 0.0793618993974983 0.15859718647424 0.0195919874943153
-0.0103645097630744 0.0859321706645901 0.100070288571502 -0.0824982524046381
0.0273552990415202 0.0696079095723643 0.0124970587679697 -0.0957268262866994
0.0609860410068861 0.0439223146318578 -0.0341690012800711 -0.0533838009752264
0.0687413392406963 0.0262615861107199 -0.0354079428445805 -0.0196507305486062
0.0682294669668997 0.0324738760121378 -0.0407266377023605 0.00183879330345151
0.0427328162670021 0.0639116173569295 -0.0593662345446967 0.00533231987447022
0.00969446979964445 0.078764223988655 -0.0830405906411376 -0.00648032639924504
-0.0553595021211233 0.0965279425875882 -0.0750172224727445 -0.0597528769582895
-0.112282270500854 0.0394525161119046 -0.0301135349490193 -0.0977767571240187
-0.11682091842552 -0.0700318002608588 0.00274636254232369 -0.055722669805114
-0.084460088159296 -0.152837520067308 -0.0257286843741553 -0.00813602402702297
-0.0454816849601857 -0.14946209443512 0.0697613846965082 0.0332818519887735
-0.0927470075261672 -0.125454629071343 -0.0129070197767299 0.101795226299654
-0.147379467425466 -0.0269675467283113 0.0760564472334938 0.139249339438139
-0.12121799724677 0.0785330237695558 0.14953281594107 0.0536859594536813
-0.0265392671271639 0.105454527996032 0.103522408840981 -0.0470515465310879
0.0275369453611211 0.0856589683903148 0.0311570238749042 -0.0662327366014246
0.0696753298560976 0.0559842222680507 -0.0112919196428073 -0.0331450501212348
0.0792437651366997 0.0333028192672381 -0.0117316907754748 -0.00511054649604523
0.0785991035055137 0.0352893644698026 -0.0162778199388602 0.0178744023024167
0.0513748222982246 0.0664169004951178 -0.03842014930555 0.0276488835889755
0.0145496104420213 0.0850435183318999 -0.0734477325591683 0.0229719935553684
-0.057715677881387 0.10313834557425 -0.0798737879875389 -0.0320010301741863
-0.117330202333207 0.0387094284525073 -0.0409541988563323 -0.0799004129087988
-0.112108650145646 -0.0737543718474592 0.00475596330289674 -0.0411981857106551
-0.0707859283791183 -0.153102257826296 -0.0148250784279514 0.0381425552302254
-0.017711390018363 -0.133108434899054 0.0614430521653713 0.0932147318579956
-0.0627187492276039 -0.136236258963987 -0.0171635539826906 0.12994007466497
-0.136142162339965 -0.0557233678006667 0.048025452936712 0.154490520788674
-0.132066978625852 0.0569101357913636 0.121929677336376 0.0826943376288443
-0.0386997441650729 0.102680503407105 0.0953167196460847 -0.00694715444556322
0.0215128467647039 0.0854648462657784 0.0459132679863563 -0.0292466236207393
0.0662231437401034 0.0578925651556261 0.0132733913322117 -0.0101593165443105
0.0780331260097745 0.0348494339163596 0.012931760973521 0.0111188102162814
0.0776485546120407 0.0340119040910935 0.00831924146658775 0.0333526682541526
0.0521498328523397 0.061966306318408 -0.0170892427662663 0.0475876778392028
0.014328908269452 0.0809102720945577 -0.06066773668022 0.0483846114523827
-0.059475289129697 0.0942795389093857 -0.0788317796849234 -0.00777819183019419
-0.110518250448272 0.0265647289926302 -0.0471703955804991 -0.0609859875902336
-0.0911890212275074 -0.0767343391212276 0.0076020767533198 -0.0286665975841228
-0.0436292929081305 -0.136771405304425 -0.00695953568238145 0.0768014763353733
0.00965505176169549 -0.0914318521634183 0.0452725567553498 0.136981941963184
-0.0246841117588411 -0.115069040875276 -0.0227379060991326 0.145534143914087
-0.0976448876804128 -0.0643290552545951 0.0179297138587389 0.153177679938626
-0.113278619076123 0.0299772105160676 0.0862011364106195 0.0992308912039671
-0.0387348275544117 0.0802909005602976 0.079927655788105 0.028856271283028
0.0141331230504441 0.0684357551780335 0.0561737621255482 0.0065548451414226
0.0529216249019685 0.0480882791976173 0.0358150463300038 0.0109259246570726
0.0657168374598866 0.0300988103181698 0.0345572705044374 0.0247116500071684
0.0657776973829868 0.0292600934705812 0.030537901427159 0.0465023284142661
0.0462625975474715 0.0523972720257768 0.000990682621878934 0.065299863911732
0.0108019836031083 0.0704944483317005 -0.0512639656717418 0.0693520892454833
-0.058340325643457 0.0757665446790379 -0.0785930266033757 0.011774832032736
-0.0938366526502299 0.00821923860042165 -0.0526995052285619 -0.044976439435691
-0.0589639346748202 -0.0765978975984033 0.00649895078897204 -0.0192218558873481
-0.00795819678000418 -0.105556571243517 -0.00486512590343763 0.105610696116575
0.0337552024682692 -0.0320621023424461 0.0291477163826645 0.155616255598287
0.0110310066836701 -0.0692392527243687 -0.0243082302897805 0.144623853049099
-0.046487700342027 -0.0506550896295743 -0.00616661370234007 0.141995039063311
-0.0707275684516809 0.00802370465898001 0.055691977282694 0.105449648475191
-0.0255553366205009 0.0461749972366675 0.0685947030600165 0.0534992175841984
0.00810113157397972 0.0389728820638362 0.0645552178333211 0.0315629136034027
0.0319652926394524 0.029597306068674 0.0531630537298182 0.0250788687836667
0.0434791396720261 0.0209936914532618 0.0494564126113621 0.0338157037337224
0.0450580358149719 0.0209600747182973 0.0469756358975524 0.0578759147375895
0.0350518258563393 0.0378587003312671 0.0128341903068774 0.0802406889392025
0.00581488324225043 0.0534609539254753 -0.0463439793057329 0.0863995427170428
-0.0500303627718642 0.0508400547550774 -0.08274819815398 0.0262040033583691
-0.0672080265469026 -0.00977935171920711 -0.0608049255897837 -0.0345953944477657
-0.0215478755161654 -0.0661440769697814 0.00344747142038956 -0.0145532617510056
0.0280691255438779 -0.061156651361916 -0.00930569176454449 0.121901237898484
-0.0536448817412461 0.00730221455706588 -0.00249712272628421 -0.134939232020256
-0.00722106657968393 0.0380788008896096 -0.0308820056649902 0.00379892662985228
0.0359302944350037 0.0230016292887255 0.0685382257565774 0.0407706890426977
0.0293183144444777 -0.0218368568172237 0.103963160085581 -0.0273024028963724
-0.00171920957362946 -0.0253222263718662 0.0584976941935433 -0.102596268558551
-0.0117621696342968 -0.00906320999395868 -0.0237093736358032 -0.107118723583031
-0.0138469184400294 -0.00948198551169189 -0.0631388191622955 -0.0695321242524912
-0.0115805654269072 -0.0107828763033041 -0.0688710728766686 -0.0381787060903195
-0.00427708047933266 -0.00851005513093796 -0.073104131063284 -0.0280678534141715
0.00409194756484262 -0.00609316334479982 -0.081134819088052 -0.0384326339214261
0.0126597111667426 -0.00559695191572686 -0.0754708890263271 -0.0656091098897085
0.0208217529049707 0.0167991608166405 -0.0438988408685961 -0.10987004643671
-0.00322568001836256 0.0368455101938729 0.0043546642758782 -0.131166075754727
-0.0496519363039215 0.0121044282425548 0.0279793274037993 -0.113633035909598
-0.0582843954123986 -0.0251316509054458 -0.0320849568076932 -0.133944399495556
-0.0749820741919017 -0.0447456811725946 0.0245125696964348 -0.12028966626966
-0.0497352634447204 0.00690090247981419 -0.0210046452430465 0.013879900102253
-0.015454230388216 0.0323814665720267 0.0855555893669975 0.0508844070315733
0.00238852151298842 0.0181513236601564 0.124869916976214 -0.0290018865714746
0.00248001241984248 0.00935995641697394 0.0670036964797784 -0.11070405804044
0.00596532888445253 0.014608975629945 -0.0226755014224346 -0.11300625084704
0.0151710748455947 0.0055223830541547 -0.0634575880052303 -0.0691860674728864
0.0187225261126379 0.00064230867193213 -0.0667788047333032 -0.0360734249782335
0.0235638593589598 0.00953599457976779 -0.0713695905623255 -0.0219086801543713
0.0163601063039909 0.0260726604924543 -0.0811873520654249 -0.029978361506119
0.00427323178039856 0.0297189233796313 -0.0808016814273438 -0.0544040548472412
-0.0184693245102643 0.0440896621261066 -0.0526201481250198 -0.100475047391461
-0.0517763895738041 0.0283632906708318 -0.00484452688330532 -0.122166818942005
-0.0794907264938472 -0.0303853565991741 0.0135934122540532 -0.0941844468963788
-0.0754038483840349 -0.0843703357491639 -0.0353521012972144 -0.102330755092211
-0.0826555269693735 -0.0935770673790293 0.0488911654406972 -0.0866337495410471
-0.0857870155083129 -0.0357601365275812 -0.0137380301662446 0.0362719560524463
-0.0720826852668566 0.0298020724140036 0.0975862883640534 0.0743501508053702
-0.0361414772163532 0.0570966524097777 0.146855818379559 -0.0162024925205096
0.00178595463204169 0.0491890748906364 0.081622229847725 -0.107187412750802
0.0212847540696596 0.0421639938952773 -0.0114215975400047 -0.110703929291854
0.0422711905350245 0.0238909223649907 -0.0541038340499765 -0.0634192181805135
0.0470767520356766 0.0122944857225953 -0.054559346715981 -0.0286348548112096
0.048837507139743 0.0219897445506238 -0.0595819289073662 -0.010294739380728
0.0315124096588835 0.0494445158155811 -0.0740879756487778 -0.0118922977569448
0.00603386840953755 0.0593613143339295 -0.0858860234994214 -0.0300977845366643
-0.0415655075132158 0.0742296314023184 -0.0684015210279238 -0.0809501315572328
-0.0883461271763955 0.0342805078863579 -0.0206258310772698 -0.11174394252806
-0.10483096304187 -0.0543342126524029 0.0034261944885929 -0.074605859191623
-0.0880980636752583 -0.124584100470859 -0.0333032793592882 -0.0564869620949112
-0.0744175910463316 -0.13041108555636 0.0654688484562455 -0.0339337908282718
-0.104665350647859 -0.0826014876496659 -0.00865684778135452 0.0671976483690027
-0.121448581971255 0.0121893857457419 0.0985482627658845 0.105023645374694
-0.0787682836283395 0.082813746546413 0.158050343415509 0.0103833739314378
-0.0062585193545455 0.0850203040416982 0.0943183606391427 -0.0874359132311463
0.0308402524969022 0.0673867910791201 0.00634644163799282 -0.0950825374653087
0.0618022847572689 0.0405430490936353 -0.0360293284182303 -0.0507403828428742
0.0677294600585297 0.0216819023546761 -0.0359730551957782 -0.0176573006130965
0.068378348560493 0.0279809901413787 -0.0397825370074638 0.00467833947530844
0.0452489871651124 0.0609400623290164 -0.0586455513295638 0.0101533353595435
0.0134417964645239 0.0771628706138707 -0.0828385762808188 -0.000865559384011778
-0.0488112221380783 0.097272208530962 -0.0799592488979707 -0.0545218777996375
-0.108294750617464 0.0440831501135988 -0.0364103762755292 -0.0960025400546887
-0.118526672537254 -0.0628327594878636 0.000807923343179984 -0.0571562388401149
-0.0906671026555274 -0.144535549442682 -0.0237712041326514 -0.00794158386680287
-0.0527040413852653 -0.144572281794503 0.0702681899918576 0.0281173413563769
-0.0981697195315633 -0.119238389039257 -0.00828064803793775 0.101191843929399
-0.145473722216544 -0.0181133218208609 0.0830800086122316 0.133656244747119
-0.114749703498913 0.0840959242748807 0.151146860600347 0.0448857049728905
-0.0205631142187551 0.10508555919117 0.0999554894406127 -0.0531008441573925
0.0312106272590981 0.0831629501620181 0.0267657445727192 -0.0669317659646031
0.0706025317431418 0.0513235685260953 -0.012148866019903 -0.0316910059612492
0.079084309111516 0.0273456407913255 -0.0115486112646556 -0.00343042429304692
0.0784674588917385 0.0296464337302272 -0.0151035154825825 0.0192291834768985
0.0537647895784659 0.0628899491055455 -0.0366929252238331 0.030898546582708
0.0186168603758495 0.0829537073102948 -0.0718760912856709 0.0279419483238419
-0.0508471295737404 0.104351673119651 -0.0829215530287822 -0.026720853027313
-0.11301887860517 0.0441745905213905 -0.0464309013356132 -0.077455118532479
-0.113738168655202 -0.0667502037578629 0.00318974939718619 -0.0427639716509594
-0.0779839598988051 -0.145740355128162 -0.0111395459319658 0.0375828217500716
-0.0244542478389549 -0.13002242792145 0.0644305953306237 0.087276959448054
-0.0692451340972332 -0.130851149491257 -0.0112222143229928 0.128654281627244
-0.136758329632945 -0.0471421221530637 0.0555358982227 0.150188399349695
-0.127803373418137 0.0635895270591779 0.124914223428619 0.0751390859266791
-0.0328877349879306 0.103300159129402 0.0935704905161592 -0.012681737996467
0.0256233044450945 0.0830482993843392 0.0429534583600047 -0.0309015882251744
0.0679161622483992 0.0530953763859587 0.0125469990848569 -0.0108387145573964
0.0778892611418862 0.0288351097232178 0.0129698047673852 0.0109693174332934
0.0775484277987949 0.0286513130599319 0.00987034707655905 0.032970914602862
0.0542509877031925 0.0579559803639279 -0.0150970674605253 0.0490613370461738
0.0183307767257208 0.0792180863219617 -0.0583778288979497 0.0520403627189824
-0.0524102824922782 0.0959491834878095 -0.080799043781923 -0.00274419092976808
-0.106852260706841 0.0320667169755751 -0.0519663582378682 -0.0586751871814608
-0.0926751893742685 -0.0713615451446567 0.00517850961193834 -0.0304421528296483
-0.0502401488889143 -0.131516399438699 -0.00125244744484673 0.075573009753072
0.00433137971913121 -0.0904446437140044 0.050906397546677 0.132225598232349
-0.0305537635950817 -0.111944270981663 -0.016370001722052 0.143907799326144
-0.0994278497688906 -0.0575069472702412 0.025344143135353 0.15110374346872
-0.111111054092467 0.0365914689711999 0.0900247167854026 0.0931848673234377
-0.0339586096298043 0.0812711800877133 0.0805217971921138 0.0234628837208871
0.0174171247037916 0.0669858094023765 0.05539764716161 0.00333429312067152
0.0545458942086733 0.0437784978296301 0.0353655955790112 0.00883164822330858
0.0653744574461636 0.0250139200372665 0.0348847208738471 0.0232910526310346
0.0656025437186134 0.0244291776044461 0.0322290361312021 0.0451406101119776
0.0481565716415442 0.0487464754036599 0.00383894038687056 0.0649335794796162
0.0143476419075595 0.0685906167050305 -0.0472202627410968 0.0721463041742298
-0.0524234444618649 0.077960268785022 -0.0786440037555368 0.0164650607815728
-0.0915888888068717 0.0131643584441388 -0.0560328093507752 -0.0424077527582367
-0.061878989799857 -0.0722125478873316 0.00498031915118654 -0.0206179470571521
-0.0138116006493849 -0.103034387091905 0.00166196367555472 0.104064979076962
0.0313814480621683 -0.0334706345612766 0.0352621804809581 0.152013283830969
0.0067839134950799 -0.068778928524042 -0.0181223176692688 0.143834032169701
-0.0490846249270832 -0.0468560277650771 0.000830728709270456 0.140961461266601
-0.0698813645908347 0.0124301154990911 0.0604945849098413 0.101314644685922
-0.0226388998047275 0.0471708518711536 0.0704366171928878 0.0488408078387851
0.00995668481299464 0.0379979636603331 0.0647804475562668 0.0276744455646419
0.0335446429446815 0.0270316344292736 0.0531022707642661 0.0222342370138715
0.0437740860358395 0.0171023645315389 0.0505527600901276 0.0317903269077112
0.0451200216378479 0.0171495917053668 0.0484818595754747 0.0546415796531443
0.0366009959863652 0.0344315422676994 0.0162297696713217 0.0786593492620523
0.0088265977274671 0.0523171230921338 -0.0415445784489857 0.0885621679730047
-0.0457245364621133 0.0532072220880386 -0.0822991907347066 0.0303824123090958
-0.066210451672158 -0.00579550189129031 -0.0632868408795542 -0.0314936823114901
-0.024747610810349 -0.064230576159885 0.00185277444043284 -0.0153546477580118
0.0243913089502611 -0.0619367015932904 -0.00191680661441668 0.120500049483972
-0.0510529003389309 0.0128456918347506 -0.0273641079255093 -0.128760567087287
-0.00138898360867717 0.0377909646459013 -0.0303125664996738 0.0109871262191626
0.038119432815234 0.0153198534755029 0.0752003898878494 0.0307527407682849
0.0237525338417289 -0.0274850198348095 0.100691955622666 -0.0428857182715739
-0.00754135615486857 -0.0246646646525142 0.0410542730828997 -0.111756606866199
-0.013530980097477 -0.00645674770472816 -0.0390866403008453 -0.100986098693319
-0.0152179453479314 -0.00549874519947182 -0.0722631945038863 -0.0596707584058977
-0.0128262269770005 -0.00783303247960092 -0.071804137504749 -0.0274254799829834
-0.00560427256436294 -0.00650567142996581 -0.0750750097257861 -0.0164051709418433
0.0025581481196727 -0.00631728557388875 -0.0848086971755381 -0.0237682252298904
0.0100016242127376 -0.00700332682885669 -0.0838350283309531 -0.0505207705146697
0.021516815028086 0.0117290633577778 -0.0612170709658118 -0.0981225003658714
0.00139157570397542 0.0330281815314726 -0.0177301816132823 -0.127622293478551
-0.0448959433033443 0.0171517065179876 0.0107971005662761 -0.116020053188291
-0.0602616936418963 -0.0182913923231692 -0.0476729632832574 -0.125195830342816
-0.0770839243192821 -0.0343199469999273 -0.000571247663998839 -0.122303710740248
-0.0455556390855556 0.0138649377083105 -0.0206412424264787 0.0174036496954523
-0.00786646174322914 0.0306922535743742 0.0897958416819367 0.0370467865381875
0.00472988035167715 0.0135370549342206 0.117250901593345 -0.0465776745902126
0.000896716693747039 0.00653364243139548 0.0477652318002797 -0.117902416134861
0.00627083607585849 0.0142013728704254 -0.0386517178960162 -0.105924971720786
0.0145061309633452 0.00458747341055572 -0.0712507932882622 -0.0584063379490403
0.0172037072750642 -0.000684032995475925 -0.0691774869493936 -0.0252967535262331
0.0230555723152692 0.00681449945314678 -0.0730457858277501 -0.0102782950813974
0.0183772897839714 0.0234780465909489 -0.0841559422252796 -0.0151388440728603
0.00566408187286427 0.0282542217459142 -0.0874212925799549 -0.0387987146221466
-0.0127791711993609 0.0427909254322189 -0.067777806798153 -0.0887041098358223
-0.0456673997740821 0.0307645428424812 -0.0257552676874189 -0.118524298173709
-0.0787624455386463 -0.019961645299707 0.000930961296172152 -0.095114118581029
-0.0837774960865516 -0.0728050351852172 -0.0455270736038702 -0.0940531415044639
-0.0891315598917492 -0.0793485484784479 0.028432981581583 -0.0969258623843569
-0.0845449613704585 -0.0222302276285031 -0.0106449100404095 0.0353879534104465
-0.0609812797716495 0.0357513787542957 0.100735089168922 0.0568688135521917
-0.0245279787300441 0.055116599536355 0.136586162934804 -0.0369138918054719
0.0055971724517678 0.0435388308086874 0.0612253937194469 -0.114503688551306
0.0241979492037949 0.0381439869631722 -0.0272777787508121 -0.103980744342214
0.042328331928637 0.0175189573993517 -0.0608768812474365 -0.0525374157743511
0.0452060534825081 0.00680785088753777 -0.0567957487599092 -0.0194327953103259
0.0491740400127241 0.0154995151558551 -0.0600029044334629 -0.000305168327114138
0.0358498901429404 0.0440945224992726 -0.0749591222489878 0.00219710761039027
0.0102932601069152 0.0564945431545983 -0.0881305223098782 -0.0144173798151999
-0.031100366458134 0.0752852610959811 -0.0805012580659483 -0.0682862204708748
-0.0802760691540507 0.0407093340864693 -0.0401892352250501 -0.106055341124677
-0.10589747016501 -0.0386569648360037 -0.00514105762994072 -0.0753102009366194
-0.100418548984635 -0.109659713026861 -0.0364137942997198 -0.0509698778204372
-0.084568558383587 -0.115009222510791 0.0532016706771763 -0.0510480911321738
-0.108044851048892 -0.0634614023935168 -0.00114851812634417 0.0625815438489714
-0.108906613017314 0.0262745243460369 0.103148364357346 0.0841349936002353
-0.0601187659266934 0.0856010570438548 0.147774712838838 -0.0130834710526191
0.00323914414328668 0.0783901791642042 0.0766299845271962 -0.0949110470876309
0.0360805251534398 0.0607032412570379 -0.00738429227300624 -0.0902851799235334
0.0629076101115124 0.0306255814475799 -0.0402897624440482 -0.0412715791786836
0.0663340073905109 0.0125248827540782 -0.0367907018950254 -0.0105250067351957
0.0685481492955954 0.0184131731459915 -0.0388497344242315 0.0113210761552178
0.0508462856473089 0.0532999268220918 -0.0570485335252361 0.0211003619388716
0.0198904888341063 0.0726024628508743 -0.0809572286119188 0.0139110004172558
-0.035063826308943 0.098712211393043 -0.0874369621567586 -0.0411371980067653
-0.0975361770502541 0.0524583278554897 -0.0538442771918034 -0.0884621796731834
-0.1204448830921 -0.0453883772213589 -0.00526012728977257 -0.0580014246072552
-0.105084850286387 -0.127788779617924 -0.0207709289995553 -0.00586290654782844
-0.0649758753271186 -0.130433620436138 0.0689257902855304 0.00772960685822564
-0.106419022100326 -0.0987934566063214 0.00472934243369554 0.0935932513576515
-0.135401530784574 0.00165571325889149 0.0919569136898974 0.111872005658231
-0.0930799003251443 0.0922653630925975 0.143828064428162 0.0206684135999076
-0.00657337144897128 0.0994017951922731 0.0858136918580161 -0.0612258966452377
0.0392739419024554 0.07556304470964 0.0166692476631157 -0.0650638208709077
0.0731712880109659 0.0395898226047347 -0.0141798913748762 -0.0260304397343493
0.0775803951712231 0.0167194911319382 -0.0117226189402571 -0.000442957644488577
0.078438974618397 0.0183631737874258 -0.0132836016092586 0.0222495212551706
0.0594330579150883 0.0537509732761939 -0.0330672608460856 0.0382233749302635
0.0256792695986118 0.0777149025659492 -0.0659362371192196 0.0398502373102525
-0.0365157814458899 0.106349190720345 -0.0861820918137398 -0.0139953860544472
-0.10198237100372 0.0535861394767736 -0.0608355668777973 -0.0686985057085328
-0.116077423815631 -0.0495855583462825 -0.00145581009338358 -0.0443545038767749
-0.0920597287006188 -0.129960535126177 -0.00233697632027035 0.0360107049817774
-0.0361172534458638 -0.119553094638674 0.0743277578375505 0.0658237672023492
-0.0802662730867447 -0.113769629585687 0.00689868302367748 0.120536123886932
-0.130855605036436 -0.0257437341001008 0.0689304473825165 0.130709659627702
-0.108097019835695 0.0763377950787742 0.123194674670854 0.0521679868072015
-0.0169651303654047 0.0996910842494845 0.0853294750352877 -0.0208877370974088
0.0342075274545747 0.0759078446534545 0.0381466521513184 -0.0328399032450164
0.0710711691130989 0.0414651293277467 0.0124343166292042 -0.00826364139178462
0.0774051028108737 0.0178768400855775 0.0143853156935873 0.0102368488717638
0.0775227498634475 0.0175192983251333 0.013105027931101 0.0318467835140679
0.0598369621808294 0.0490363303826868 -0.00848880169692782 0.0519378624861324
0.0254228589347676 0.0743560070913862 -0.0486600005694393 0.0605081702562166
-0.0388938061467213 0.0986712501651864 -0.0796347910207901 0.00903668161114131
-0.0980198238190774 0.0416031471195822 -0.0630363074548821 -0.0495371473653528
-0.0975459770592359 -0.0563185194999033 0.00193281461895265 -0.032206511339695
-0.0633512567769264 -0.11967388248815 0.011597950772544 0.0711499770943961
-0.00376466587551855 -0.084628923904577 0.0692192912646637 0.113580335240564
-0.0418312551003022 -0.100754720049546 0.00562787370697191 0.137272106497286
-0.0980471808536067 -0.0399552937481492 0.042987637816618 0.136238956264369
-0.0960679121959918 0.0496502299297574 0.0939696254383857 0.0744273137457371
-0.02012848489147 0.0798191318497405 0.0786717511805087 0.0151717231666232
0.0252347834690435 0.0610647026467907 0.054445187033821 -0.00158452150106977
0.0572542094049709 0.0340171018962246 0.0372434358204381 0.00781369521678344
0.0653819740986001 0.0154904392364009 0.0371878283800453 0.0190501672812762
0.066302815641813 0.0140797339756624 0.0366608421431034 0.0404925697707775
0.0528312750670251 0.0403143152505108 0.0120015950718895 0.064387526658211
0.0209889757642487 0.0645758476281425 -0.0345721089023489 0.0781917560552172
-0.04078043054032 0.0821440523950013 -0.0747124316161728 0.0275569120691153
-0.0853943786979523 0.02229230650833 -0.0637374159004187 -0.0329603114436146
-0.0678675978055139 -0.0615757334705483 0.00298935418671473 -0.0216722377566338
-0.0248089130221783 -0.0960217358109905 0.0184680924075777 0.0987320132532957
0.0281527120120625 -0.033387840513202 0.0589566947857605 0.138282044030236
-0.00114670478941907 -0.0643549740579693 0.00459640826621627 0.139215475393533
-0.0498697957683892 -0.0358283720194455 0.0206983279132871 0.13320629432253
-0.0613963924049049 0.0221698891222554 0.0700871453000387 0.0874904060807231
-0.0133073928165499 0.0461247866586686 0.0743195929187932 0.0390553246763717
0.0144412824327875 0.0346015157959012 0.0678351180352572 0.0186080662397518
0.0354361790221842 0.0201175420468283 0.0558369168214122 0.0164365782491016
0.0439188667600617 0.0101268111078051 0.0540954513971923 0.0251045968207839
0.0458205150841583 0.0101791931174987 0.0544199738572296 0.0465998358539688
0.0400753070111953 0.028026263417346 0.0263305837004903 0.0752359158385899
0.0144286834364672 0.0498133420767749 -0.0265208351818175 0.0928912684715183
-0.037427206874713 0.0574864456980001 -0.0748361173477524 0.0419016275768921
-0.0637341009113479 0.00191640224587318 -0.0680010297277622 -0.021175498380403
-0.0325131774118221 -0.0587183095988826 5.43852031846985E-05 -0.0152526437803134
0.0162803644817605 -0.0609250641880312 0.0168220380975744 0.115511092924464
-0.0497889250103734 0.0128142577581028 -0.0250708251725025 -0.127479136526675
-0.0020946957075002 0.037760971072953 -0.0301581907670078 0.0113267574749795
0.037280457822219 0.0150700912920721 0.0739951769236503 0.0320776290638779
0.0233137467056517 -0.0270725213627984 0.100918847038555 -0.0415125186015592
-0.00735204871211755 -0.0241036866921774 0.0430745043774226 -0.109707732226389
-0.0128980892548227 -0.00635743740078804 -0.0366336145584776 -0.100005740834256
-0.0147019098120215 -0.00555185462736532 -0.0697810454062048 -0.0600511538888063
-0.0126913369095859 -0.0071697682228315 -0.0697184736572603 -0.0288530218190262
-0.00552676587018621 -0.00605863787494567 -0.0728054184309538 -0.0173352273227994
0.00190186200774657 -0.00544579845306933 -0.0823345433339316 -0.0245307938649563
0.00933986095530793 -0.00688740022407765 -0.0811646876897021 -0.0510178487822216
0.020370736062759 0.0109758039927816 -0.05846039041389 -0.0973590037544892
0.000738433593839821 0.0320579400483394 -0.0149306440142753 -0.1262268318587
-0.0445057741796278 0.0162188901734135 0.0152438869998666 -0.115364644869228
-0.0584681916530586 -0.018136836818436 -0.0429627370008201 -0.124517860416132
-0.0745259620076773 -0.0337595340149015 0.00133563792281541 -0.121334913078642
-0.0445442160713696 0.0127666649259961 -0.0210152855115046 0.0173832540012418
-0.00786460602121332 0.0291472250635085 0.087402801840939 0.0384611658608983
0.00398632995359613 0.0126809011430346 0.116964143424867 -0.0449578692888936
2.83679559219402E-05 0.00676731820796227 0.0496779872828772 -0.116026736549026
0.00565908824544831 0.0143439250560792 -0.0357700698710447 -0.10463613176961
0.0141892626894523 0.00529698336188645 -0.0689519428766174 -0.0586619730256942
0.0161334719721576 0.000324453351213294 -0.0670293728302411 -0.0265017998610091
0.0218777320044775 0.00742413495263206 -0.0710817064701742 -0.0114939608929219
0.0172229312906577 0.0237003356866553 -0.0819493090067347 -0.0157635886235077
0.004587999236381 0.0276619893911388 -0.0853474204140302 -0.0393137216927642
-0.0140509123375863 0.0407043951252182 -0.0661828129116491 -0.0876013303646562
-0.045267805140626 0.028335715157607 -0.0233158114496271 -0.117940894359732
-0.0764411286403128 -0.0207678284543275 0.00474489286143465 -0.096244814709836
-0.0801609847771938 -0.0719359645305813 -0.0412608627477435 -0.0949395096822702
-0.0853960273709226 -0.0789659436810919 0.0291252145739741 -0.0952508285485499
-0.0823650910084297 -0.0237458630712948 -0.0116748438043287 0.0349783185119076
-0.0597180492084068 0.0335415889965048 0.0985758298906556 0.0576461426099356
-0.0255134621225699 0.0533751613586146 0.136147444324724 -0.0350200412062806
0.00410801640799856 0.0437265332655477 0.0629273973490914 -0.11163629659409
0.0229204756141772 0.0384205789080435 -0.0247797502166396 -0.101958620471661
0.0408816685754476 0.0187851842245131 -0.0580647660097903 -0.0526301409594381
0.0432643032368952 0.00810258806550586 -0.0551945912195258 -0.0197840918082128
0.0468338932133458 0.0164922804785249 -0.0584277578228225 -0.00130935557730633
0.0339828827198676 0.0445507300269181 -0.0732723152860536 0.00140169471903823
0.0083132888017943 0.0556683239634809 -0.0868027804945953 -0.0148345010363101
-0.0321045834897799 0.0722812567611952 -0.0795406225311911 -0.0678305915430672
-0.0792983487190581 0.037852075408114 -0.0387907484987774 -0.106210258682062
-0.102648132282223 -0.0406663317256117 -0.00235577181559814 -0.0761618786002322
-0.0957018439423418 -0.108294461270195 -0.0335479732096636 -0.0523445736062831
-0.0803223912914777 -0.113707360121434 0.0520223738988795 -0.0499246274520525
-0.104789185341887 -0.0647029485311914 -0.00368586067491556 0.0614215032145757
-0.106663360458469 0.0237209125941558 0.0999790599530418 0.0851803195325219
-0.0605958501421617 0.0825183439779828 0.14648348368429 -0.0108159191234708
0.00149235630990131 0.0773870471917001 0.0774464995296519 -0.0925376375219204
0.0344065739760469 0.0606306963402428 -0.0054801083783058 -0.088296390570124
0.0609778684230044 0.0317750424139076 -0.0385581355468997 -0.0411123446480838
0.0638094813046765 0.0135498404469035 -0.0355972945982201 -0.0107893274777684
0.0658611422383064 0.0196626111320006 -0.0381667950200994 0.0110000263280969
0.0487790517874143 0.0536046821783969 -0.0562193425434688 0.0207454257078704
0.0174785599913396 0.0719293088705104 -0.0800298191401016 0.0131865731900304
-0.036551967113597 0.0957607990692116 -0.0867442460797856 -0.0408118642572345
-0.0966164971080172 0.0490456863509095 -0.0528536860196946 -0.089031965314881
-0.116556049671256 -0.0469755374901766 -0.00350081304239846 -0.0596898033825299
-0.0996330372635228 -0.126563690640326 -0.0186671689504194 -0.0076053934139152
-0.0609725551659503 -0.128790127743911 0.0662738588621692 0.00725132298634942
-0.102437788988856 -0.0993924666981469 0.00147843985653064 0.091986195363017
-0.132351451140471 -0.000817758729327924 0.0881696626761126 0.112264260530728
-0.0935156729236232 0.0890325951903469 0.141706415393474 0.0223461138099872
-0.00843043500251368 0.0977958201083906 0.0858362764112238 -0.0589045127083431
0.0367714072048581 0.0751676636641919 0.0171381907770925 -0.0631751633965164
0.071019855898951 0.0399751294915945 -0.0136586537781368 -0.0250605142798388
0.0746484305179275 0.017448461733084 -0.0109479760107923 0.000232756986196666
0.0761032054837104 0.0193795546610789 -0.0129655154986101 0.0221179086070994
0.0569799448268837 0.0543221801350263 -0.0330467525299883 0.0375934074091594
0.0233677244819854 0.0769670996841741 -0.065744462259666 0.0390179069959217
-0.0378771043361041 0.103309161192054 -0.0861357713633098 -0.0138486734813233
-0.100913549999988 0.0506094872138497 -0.0605999504184172 -0.0694391866494146
-0.112735493624024 -0.0515952111764805 -0.000718974091011005 -0.0454621541519067
-0.0874182363042631 -0.128634084214794 -0.00177747350228386 0.0337883512145662
-0.032773997221219 -0.117796196456183 0.0702137354819869 0.0658101701650396
-0.0768358065661261 -0.113618589971612 0.00212109729616098 0.118349056850048
-0.127513766961383 -0.0278970961125074 0.0655116982962917 0.130429073609923
-0.107279815678046 0.0734617555729797 0.120670745604581 0.0538357111220097
-0.0190105219571803 0.0977453858287327 0.0845954699959494 -0.0192927709303648
0.0319874678195339 0.0757131347301629 0.03776435949639 -0.0306089212508543
0.0682693666779444 0.0415410392944357 0.0130343503852491 -0.00711009086436738
0.074734413266868 0.0182327822401686 0.0145119893732527 0.0112728692861123
0.0749943865147851 0.0174853660683604 0.0123458519500633 0.0324780504337394
0.0576788827195601 0.0495168884973026 -0.00987503733215239 0.0517178055532495
0.023139093515407 0.0732367520488162 -0.0490996380484869 0.0603778375929794
-0.0398339983648831 0.0963071897380362 -0.080082613725581 0.0093088550893795
-0.0964103954524015 0.0389228847161773 -0.0630610805301674 -0.0499124835083009
-0.0942385684384894 -0.0576854689818862 0.00223875857610498 -0.0328578041617154
-0.0595199326264552 -0.117578867327458 0.0111770513883868 0.0694840958292469
-0.00205583308177309 -0.0830194220934295 0.0644015323110349 0.112532641134365
-0.0391062000245378 -0.0996801871928698 -1.69206423505377E-05 0.135073986491426
-0.0954802233984726 -0.041055485109719 0.0389628078648658 0.135851015392857
-0.0953971185384482 0.0479066055162033 0.0916404856979586 0.0752156805863129
-0.0211463613417285 0.0780422141398689 0.0774199525173096 0.0161956234222149
0.0236126175001982 0.0611038405078985 0.0539976518594125 -0.000399727807730658
0.0558932508370571 0.0342199131633209 0.0365979216820501 0.00844440602464793
0.0630888334027046 0.0153429458133198 0.0363376963811344 0.0203654342207975
0.063955538224415 0.0144303284627756 0.0351481014409827 0.0409980115538581
0.05120526505691 0.0401730524933777 0.0100648114890501 0.0645389250015036
0.0196013794081793 0.0638109283162367 -0.0357912103914669 0.0773298380049929
-0.0412418507822203 0.0795236931337283 -0.0752489857315336 0.0270018261619448
-0.083873977888679 0.0202948309180245 -0.0642479804708287 -0.0335404096786734
-0.0657073572855047 -0.0619688983636831 0.00273088088466779 -0.0220826551763404
-0.0222473162054464 -0.0943898815280567 0.0167063589694886 0.096687021343819
0.0281829496522758 -0.0320785784809317 0.0538904735406838 0.137379013638333
-1.13048651878452E-05 -0.062858817685169 -0.000572247735674197 0.137405511297635
-0.0484407943357413 -0.035511183146808 0.0176703566128593 0.132453034022949
-0.0603724279469614 0.0217101647052226 0.0673931689494139 0.0875157135308738
-0.01365237453344 0.0456079650690798 0.0720087128459495 0.03977914041825
0.0139859686918574 0.0342991357434088 0.0663484667748997 0.0195718117020169
0.0341086365958944 0.0202489893813628 0.0549327912995397 0.0176685235313969
0.0428102891027753 0.00993934243817858 0.0529966886392392 0.0264798107988456
0.0444348343188808 0.00956404765599451 0.0523516876237082 0.0473556141687418
0.0387283601177376 0.0277044907382397 0.0240501820423963 0.0755508447104477
0.0135572915908357 0.0488071638938717 -0.0280008458306406 0.0916805059264533
-0.0375606573850562 0.0560831409382785 -0.0755465129851255 0.0404090353759505
-0.0621741021636343 0.000815998911322478 -0.0681786279368397 -0.0221200658224335
-0.0313096716315836 -0.0583114753162791 -0.000349450942007185 -0.0157192541581276
0.0163524744365323 -0.0592251434897021 0.0150332463621073 0.11324448234843
-0.05038144019119 0.0128329675500051 -0.0219032464618813 -0.131549437599247
-0.00325744214207872 0.0387337701094891 -0.0317944487743273 0.0111150273392825
0.0374022632926563 0.01574003817367 0.0748518858091754 0.0354383119456552
0.0235923610038047 -0.0268794868238671 0.10525514207672 -0.0397358458381739
-0.00713861447507274 -0.0241080319535349 0.048528681662165 -0.111348197369626
-0.0126150564994533 -0.00622355763899879 -0.0329758722725571 -0.103753896554013
-0.0144616935359298 -0.00551428299981108 -0.0685649843336758 -0.0627632508703493
-0.0130386097636502 -0.00681867220366703 -0.0694844424410398 -0.0323704787469823
-0.00574253096761765 -0.00548485379881616 -0.0732359849573002 -0.0206966986458173
0.0017129020871404 -0.00523538953638047 -0.0824817778610507 -0.0276451756338288
0.0087783634650745 -0.00681522096835131 -0.0805244043644908 -0.0543781794128096
0.0197933305860574 0.0113151080866229 -0.0561962855679976 -0.101386050457474
-0.000885149928632496 0.0317060162663974 -0.0105434101243528 -0.129141717338486
-0.0460917726866568 0.0152457005468464 0.0222311736351005 -0.1190785051914
-0.0584094988481306 -0.019976437265623 -0.0373353488977508 -0.129277608894529
-0.0739457243169167 -0.0360868589054284 0.00498395449977392 -0.12444518081938
-0.0456945870740751 0.0115612357465795 -0.0222399812298644 0.0173686794329088
-0.00880072847885807 0.0286880888264628 0.0881493689220068 0.0426075990794953
0.00301455557394652 0.0129935130448744 0.121738889902828 -0.042646470478425
-0.000794905164577287 0.00790508224437048 0.0555553848381115 -0.117004701420957
0.00502817701107116 0.0153668331598223 -0.0317475729085103 -0.107600344548815
0.0140816614628013 0.00701372228613394 -0.0674194317284623 -0.0620058092719948
0.0159525684785139 0.00147889045473311 -0.0665271376220392 -0.0295268615591696
0.0216387862367903 0.00908741082025431 -0.0712693327295704 -0.0146761233844963
0.016378330506907 0.0254192395581247 -0.0827188633785685 -0.0185437351663227
0.00252391954574337 0.0283862787712336 -0.0855251573834439 -0.0423312253146755
-0.0163436529230099 0.0405043622196993 -0.0646889010894074 -0.0915863948890597
-0.0473428692243302 0.0269115707633967 -0.0197455791679097 -0.12180214546201
-0.0769309600283976 -0.0241691611697021 0.00996531510445711 -0.0993552421522686
-0.0782715974191423 -0.075331264588614 -0.0364932064619735 -0.0992661343712912
-0.083393189292925 -0.0822731919869784 0.0320752901043159 -0.0974985308491611
-0.0824889630056775 -0.0269162134689327 -0.0139989955761932 0.0356185309686188
-0.0612627632805583 0.0314029781619322 0.0992640658078511 0.0626824226420966
-0.0284682687805952 0.0529386060600305 0.140607911522062 -0.0311519921018942
0.0018180428263757 0.0448914498287732 0.0682926416497044 -0.112288198360979
0.0216916324952012 0.0403706980319976 -0.0213755329247479 -0.104258971722504
0.0403600092782609 0.0210230076442868 -0.056876866248453 -0.0557267373357542
0.0425434731226694 0.00983169486435686 -0.0546949568666555 -0.0227011925610025
0.0463480753052673 0.0189595474981694 -0.0586090873190024 -0.00295717012111614
0.0329773662568886 0.0465849794216414 -0.0743903701284199 -9.43554235033207E-05
0.00606526193571212 0.0570892028081528 -0.0878210855317068 -0.0173095460214522
-0.0360243313202552 0.0721596210761803 -0.0794565498362375 -0.0710348345326785
-0.0819941260889122 0.0349428450627015 -0.0368587494983271 -0.11046799303977
-0.102362115079948 -0.0454988279728637 0.0014475397046629 -0.0798161545315687
-0.0927994569783877 -0.112948586664007 -0.0302382811858021 -0.0559563355700623
-0.0770886113541865 -0.117882356955789 0.0537355191307414 -0.0500687066992175
-0.104034803843663 -0.0699621323832292 -0.00746578486897827 0.062623301156428
-0.108588086133061 0.0197024876134072 0.0991980685294819 0.0905116852449253
-0.0653748748040739 0.0819633963123505 0.150694255670761 -0.00639298406672417
-0.00176364573167242 0.0791224840233324 0.0823786282506729 -0.0920242063719225
0.0325803368209888 0.0634604724484377 -0.00208279521750883 -0.08987151092524
0.0607479555564327 0.0344708337119535 -0.0372494485969236 -0.0429482672798128
0.0633544415840198 0.0166720116455088 -0.0350211587461211 -0.0118939126493594
0.0654664200830664 0.0223500040238072 -0.0385178827832507 0.00985520667890795
0.0472756878246581 0.0565150970559805 -0.057641003215112 0.0201399072646833
0.014560643853399 0.0740245067111013 -0.0820706371789909 0.0120261642023579
-0.0409100938791551 0.0952937443802677 -0.0888231089596496 -0.043189838609238
-0.100170882484318 0.0462020233249226 -0.0522201415468666 -0.0928852703837615
-0.11638725169597 -0.052968749019004 -0.00111575705252435 -0.0626982664132965
-0.0962487724699238 -0.131624036598998 -0.0173376079734653 -0.0102217138675939
-0.0570266057809206 -0.132611137634109 0.0660272532679046 0.00917396385143595
-0.100634747331165 -0.105597195292869 -0.00410364860987574 0.0937153463569239
-0.133880483826692 -0.00574911888113271 0.0861983786618846 0.118024458547598
-0.0984970585764482 0.0878211516212565 0.144209055297747 0.0275271029877033
-0.0127072955855295 0.0995145440473328 0.0900638331701004 -0.0574567626468733
0.0347400222232446 0.0784750022265035 0.019884416722275 -0.0631528941591181
0.0698967352732143 0.0435591448517869 -0.0121256157385572 -0.0259376261818611
0.0749233008572187 0.020315815876631 -0.0106167171617871 6.55979952102741E-05
0.075143740108075 0.0224382787463582 -0.0137652256791552 0.022810224764272
0.0557386604555666 0.057425161600076 -0.0350418865728505 0.0381822219506237
0.0205370372652444 0.0791013939687217 -0.0686301902289769 0.0392296049772585
-0.0422288672411157 0.103585342777265 -0.0885602392887606 -0.0153165685901856
-0.104322648159718 0.0472623093413831 -0.0611962080096629 -0.0732430180327307
-0.112702595645434 -0.0576411466798551 0.000682448954518512 -0.0478599517864512
-0.0836891818355768 -0.133062800234568 -0.00196552517581101 0.0332203585981436
-0.0288579002153575 -0.120405018268187 0.0676855100177542 0.0689960715794186
-0.0738597311483648 -0.118559068684802 -0.00440887775473965 0.120795851031213
-0.128142030896227 -0.032575096070792 0.0620724639649087 0.136126526715783
-0.112251540252915 0.0715251240561105 0.121974734248726 0.058381769901793
-0.023075956376113 0.0993907337784806 0.0873007424826337 -0.016719591547731
0.0299283086017335 0.0782303660190814 0.0395720966094558 -0.0300846612484734
0.0677367419451839 0.0450686174703348 0.0138849616228515 -0.00667373692720367
0.0743332163341426 0.020262097208943 0.0142855225619997 0.0121990452060248
0.0746999427147672 0.0205377243300545 0.0115785427771809 0.0341715095384054
0.056367402553839 0.0518780239140405 -0.0124450285669159 0.0535816868995492
0.0211868361104376 0.0754746857607114 -0.052660235161215 0.0610344778297655
-0.0441252440788937 0.0961883176739347 -0.0836050205522759 0.00816795173837858
-0.0993971913395283 0.0359463453939489 -0.0645274357069577 -0.05316093083972
-0.093384837678468 -0.0628127601278785 0.00282437167236547 -0.0346682971426613
-0.0557259264118304 -0.121126281327604 0.00974851783394925 0.0696446755466155
0.000855444584661227 -0.0842419367000613 0.0597272429123265 0.117344435513483
-0.0362007769276948 -0.103118450728299 -0.0073441702094168 0.13827170640437
-0.0950956512833182 -0.0445533847773907 0.0349555100243789 0.14100960921897
-0.0991875766403225 0.0457534263415169 0.0915033370694155 0.0798922640721795
-0.0244622154946848 0.0791505920787273 0.0781390096907302 0.0186001985384892
0.02170329029863 0.0628209830572087 0.0547153517830242 0.00158366545466261
0.054742844264434 0.0366425000669398 0.0370411971719091 0.0105944808585054
0.0636969751610126 0.017084989972288 0.0369175211757127 0.0230728708025194
0.0637030831323319 0.0165242438901797 0.0340883335696146 0.04429128705935
0.0504107216531115 0.0422544304268993 0.00740875656005131 0.0672032543250142
0.0176341777037369 0.0655755143360834 -0.0393472074209311 0.0785234290181819
-0.0446338906746076 0.079617366457323 -0.0788348525333581 0.0263522771156075
-0.0857125094965288 0.0178114441202445 -0.0661046014471407 -0.0364548638070942
-0.0646784739895206 -0.0662050056160413 0.00273473375365815 -0.0232051263506199
-0.019466390105147 -0.0963835850281567 0.0147717569338485 0.0985453808200406
0.0294972389664764 -0.0313162463665018 0.0479495975703908 0.14279037582238
0.00201594783719775 -0.063715421343725 -0.00845794252371602 0.140572128604356
-0.0474487181299453 -0.0374835255892142 0.0129787006804174 0.136747531033105
-0.0626913182801717 0.0214313375980546 0.0661803384136006 0.091780491213861
-0.0152410485466422 0.0457115797944802 0.0726256936096451 0.0424160593610031
0.0125319550165616 0.0353286866164477 0.0671205572032122 0.0223562526677207
0.034087019429525 0.0212533650607531 0.0550492246971009 0.0207513895378263
0.042546445300222 0.0104735237347146 0.0529717587212136 0.0298090197952854
0.0444410993894593 0.0108615797997722 0.0507849004724453 0.0509122764805126
0.0384073774436211 0.0287279944794573 0.0209363466786662 0.0787850425925392
0.0124678391736177 0.0499663883045124 -0.0319111073178379 0.0929952111002074
-0.0395825491136724 0.0557006310096212 -0.0799899094326975 0.0393236556279433
-0.0628105138809845 -0.00124173265487838 -0.0702274221312497 -0.0247929587786846
-0.0294561169668741 -0.060872794866091 -0.00068469962432772 -0.0164705251314035
0.0187991686499731 -0.0591071729301432 0.0121194871845719 0.115426862715366
-0.0525315409283552 0.0132781553530528 -0.0203395027757344 -0.139820918531333
-0.00354386226769932 0.0413304583431315 -0.0340894649192178 0.0119504271731103
0.0394573137129464 0.0165248634500188 0.0786139966448426 0.0400725786367982
0.0254783504146234 -0.0276603184717946 0.112821073466357 -0.0402578774621543
-0.00738983276660641 -0.0249332237305356 0.0547761945686761 -0.117773647953348
-0.0130762074317158 -0.00678326732899415 -0.031326975562919 -0.110654396353153
-0.0152088748481406 -0.00508082467111893 -0.070289516689361 -0.0683096107686748
-0.0141377864656822 -0.00632050201149192 -0.0722739566756987 -0.0368921891653471
-0.00594859036817235 -0.00468583799098678 -0.0766797085575298 -0.0246257486243459
0.00155204970182312 -0.00483195171687654 -0.0858471351250527 -0.030868776216554
0.00832333431212024 -0.00718734189065998 -0.0836505660572683 -0.0593018836479165
0.0202745045378893 0.0118709734250543 -0.0566236808115443 -0.108487980407753
-0.00212816141013691 0.0330192361533461 -0.0071937737487493 -0.137718543364504
-0.0493448481232508 0.0148727935490376 0.0285829553154367 -0.127009159178779
-0.0608603581175319 -0.0219159036572512 -0.0343623713644647 -0.138774294585883
-0.0760152318683838 -0.0383612565742276 0.00709901599466136 -0.132608835197355
-0.0481344135411011 0.0112870364264525 -0.024531688312961 0.0189404668662395
-0.00949120850509445 0.0295313493503444 0.093208323346022 0.0478397706883068
0.00200295585887163 0.013468533102021 0.130373339092573 -0.0426421293802849
-0.00160344467288808 0.00878702387429965 0.062185198116882 -0.123510914981352
0.00510959920012539 0.0167905052151339 -0.030503557262395 -0.114628316863928
0.0144127440582598 0.0079840646046037 -0.0691947394258314 -0.0670010936351983
0.0161490695664989 0.00289867137027498 -0.0695411841762841 -0.0337689211254578
0.0220238921371868 0.0112275782019707 -0.0741584857540566 -0.0170162492587821
0.0160525697741252 0.0276267518678287 -0.0862753510914417 -0.0212208789130804
0.000765386644338768 0.0301010889831566 -0.0889156668280444 -0.0462661386131647
-0.0189492374074334 0.0420869884848383 -0.0664035465758763 -0.0979283276705889
-0.0510046104707479 0.0261707410340721 -0.0183564737610502 -0.129950754757444
-0.0803856682170555 -0.0282157932232623 0.0145339589095383 -0.107130948626882
-0.0801814133674711 -0.0807699242943595 -0.0342709593003554 -0.107468018541454
-0.0847227778895951 -0.0884383913594717 0.0349430615493571 -0.103231686394081
-0.0862009177470458 -0.0308617495309663 -0.01711477385576 0.0374998561205202
-0.0654057700431753 0.0310250768994737 0.103307152944319 0.0696606765075592
-0.0316600944086551 0.0554586497078857 0.150629090074684 -0.030105653017304
0.000146865503408161 0.0477349307929593 0.0757563556248499 -0.117808763440472
0.0217286752211214 0.0438735469414223 -0.0191817457915523 -0.110760497614226
0.0418899010572343 0.0237939629382262 -0.0578368882802034 -0.059827827788427
0.0440924363452955 0.011917952904021 -0.0567835972393839 -0.0257701932579442
0.0479447034297101 0.0217918693944787 -0.0613524562637813 -0.00484292408631424
0.0329195836821319 0.0508543694884953 -0.0782628505313093 -0.00185231181364109
0.00366980457567774 0.0607315138924256 -0.0920623683489031 -0.0198036925462187
-0.0402221295174844 0.0750163531067045 -0.0830436184254157 -0.0766229007769126
-0.0874205578903021 0.0340199076187339 -0.0370071426073306 -0.118522574353666
-0.107094298555439 -0.051251909455128 0.00477514597475175 -0.0865121111989684
-0.0942583563788808 -0.12059282511657 -0.0287881682290061 -0.0612850369500166
-0.0774392321704494 -0.125542282772696 0.0567531000356417 -0.0525281924936047
-0.108215535296907 -0.0769524967316196 -0.0107535212371114 0.0670461771385715
-0.114516935434754 0.0178656898319491 0.103020400803993 0.0987164153953348
-0.0709300607051946 0.085223571221387 0.160604595301371 -0.00368861093952525
-0.00495899881187872 0.083865164066301 0.0901193678408827 -0.0956840716491946
0.032312156640447 0.0684174107909277 0.000139633290271464 -0.0944042959802977
0.0625585465072773 0.0385131668980855 -0.0373156148577912 -0.0463538557373175
0.065555221853747 0.0191917531719072 -0.0360242339467632 -0.0137455005895261
0.0677890523380562 0.026076188303475 -0.0402920843128989 0.00999028422047307
0.0480852048299678 0.0614820846126834 -0.0611370548369115 0.020588336860906
0.0128065808251446 0.0786373152870966 -0.0871989447773457 0.0120529480812447
-0.0462022728984993 0.0997072909182229 -0.0939652960613194 -0.0469098569711936
-0.107069838720287 0.0458883920212296 -0.0546120338156474 -0.100643861611407
-0.121393754266664 -0.0597919684369579 0.000856949014611363 -0.0681732755687051
-0.0968937332442842 -0.140810317834859 -0.0165012525377336 -0.0123807609276028
-0.056241576069115 -0.141059043088714 0.0678269427884422 0.0106705839179608
-0.103470910155907 -0.114670027115819 -0.00904028342062788 0.0995552099904386
-0.140692426152551 -0.0101137536198129 0.0886474194162727 0.12737752478906
-0.106573813868087 0.090682903800396 0.15314102399884 0.0319226777031803
-0.0164604966621571 0.105489297234636 0.0970787896077408 -0.0593114937369226
0.0346286125221953 0.0840273579341934 0.0226969601873919 -0.0656296848843033
0.0726785829047606 0.0482793221511314 -0.0116062517905911 -0.0274620443849654
0.0773142875283492 0.0231820270931084 -0.0108230706320053 0.000397164732327027
0.0775242703178368 0.0259562559764322 -0.0140088445560824 0.0246124767823165
0.0572666838850826 0.0624200849237953 -0.0383345063436017 0.0407138403910106
0.0191478019540446 0.0845386102444741 -0.0735847423467804 0.0412505511307008
-0.0473735761190762 0.107768642931707 -0.0947357470401042 -0.0165933138688497
-0.111159226781185 0.0469019852249397 -0.0653505329706181 -0.0793364359572081
-0.117056731556981 -0.0644883724554814 0.00142089068632341 -0.0522718245672288
-0.0838164736064957 -0.142236084085015 -0.0017639757786079 0.0341388411011982
-0.0266723509115558 -0.127591366793013 0.0676778120378502 0.0746264144174696
-0.0750723675143109 -0.127959992866351 -0.0104855263550474 0.128295274471159
-0.134017381786442 -0.0381394290254469 0.0624150370591191 0.146291597985814
-0.120839497729292 0.0737369820008832 0.127947337877388 0.064353409178345
-0.0272044207636483 0.104289830836166 0.0929763187771891 -0.0162333858126679
0.0294722226571182 0.0844683242902524 0.0429368282444712 -0.0301551517469649
0.0699933437236013 0.0490708224900281 0.0154369457906566 -0.00647671721584235
0.077686923787035 0.0231524818463668 0.0156826373689404 0.0140626375672619
0.0774253610658002 0.0232014793583623 0.0119238605051723 0.0371071924889093
0.0579292028422592 0.056345099983793 -0.0145148900367737 0.0573204259974919
0.0202660200766132 0.0804979171036711 -0.0572823947867484 0.0649130379213151
-0.0494236276857234 0.100574111468485 -0.0897730507404585 0.00835105811436663
-0.105427521039837 0.0351822286057683 -0.0692002000073185 -0.058142568053455
-0.0973019012574577 -0.0697385376455191 0.00351719267719232 -0.0382013910937725
-0.0550351252979708 -0.12879269114474 0.00924524429085191 0.0731807484186772
0.0034327480722258 -0.0885826289025902 0.058401849625726 0.126100335517052
-0.0360892032723926 -0.109860719677631 -0.0145202158239911 0.146982048144501
-0.0993965656456557 -0.0500258381473492 0.0332612465798037 0.151103459312814
-0.105786277935198 0.0476899079579623 0.095007402440891 0.0863195244612974
-0.027780761133386 0.0830728791478456 0.0826387658556075 0.0213548304637256
0.0213564925214916 0.0678327654572397 0.0579529427964972 0.0032848592050181
0.0568070215204772 0.0399138921364229 0.0391987833874756 0.0122942591075954
0.0658616835757706 0.0189843668707227 0.0394680077328275 0.0258940818627057
0.0665803945215086 0.0185131599519801 0.0349371249428669 0.0484354646160955
0.0519124177163204 0.0453477955578373 0.00589326009026793 0.0722795737250948
0.0171656974707559 0.0693800293429018 -0.0440692901636265 0.0834222643355988
-0.0487349638078601 0.0833111251559785 -0.0851498457703104 0.0270405217933664
-0.0906799445530712 0.0163179701133074 -0.0706278868258056 -0.040177705211218
-0.0663576047884092 -0.0719182237218321 0.00295797418729007 -0.0255187132543474
-0.0181485402458442 -0.101946031098371 0.0139215482213063 0.103938925746873
0.031597011363531 -0.0323401559751284 0.0452327473744524 0.153289241468218
0.00357796104701204 -0.0672159640074325 -0.0156765101200199 0.150170400319293
-0.0493416617292753 -0.0407859314109733 0.0103646055001306 0.146034928870973
-0.0666768255109608 0.0225908387528942 0.0679250209024345 0.0987045320303227
-0.0169640181531524 0.0483160414389189 0.0760469542270881 0.0468777476426885
0.0125367993232468 0.0377589089138869 0.0704788222930415 0.0253953604779132
0.0350250297762542 0.0230412764609769 0.0579396359197738 0.0234993815185142
0.0444288239429443 0.0111337710138911 0.0562660601853449 0.0334560918218693
0.0462974920671535 0.0120841114344394 0.0528782057175287 0.0558735091379963
0.0397187951437599 0.0303732868730623 0.0191522102006693 0.0845557177188614
0.0123984139523712 0.0531309153463653 -0.036430302878738 0.0980935642084227
-0.0425472326261441 0.058285972547005 -0.0864156119820193 0.0401775141181238
-0.06631795642586 -0.00299055366834958 -0.0754923457854581 -0.0281905576164618
-0.0299963789691201 -0.0648105890251666 -0.000314066048350077 -0.0184128325547283
0.0209974465630588 -0.0618730360053357 0.0106557027817703 0.122161129367878
-0.0550943053016804 0.0161454107993809 -0.0250929946165805 -0.151312484280301
-0.00293269893979819 0.0447550570371718 -0.0371831960328774 0.0148042921941186
0.042500511895023 0.0164926640388076 0.0865542878938941 0.0427475274314842
0.0261200909062002 -0.0305023420853686 0.122073588226144 -0.0460669557874702
-0.0086476355153302 -0.026531349714944 0.0581683221058307 -0.128446498533632
-0.0143029465130187 -0.00675035978747358 -0.0344473396932331 -0.119715934445037
-0.0163569801981797 -0.00475922359591605 -0.0761334067512439 -0.0726315993342271
-0.0158243952431825 -0.0055851091157517 -0.0785073715864431 -0.039428936491684
-0.00640952668896539 -0.00437154631293773 -0.0824822707618692 -0.0260272260716488
0.00129104946901905 -0.00466936466901778 -0.0925253320805786 -0.032737782041939
0.00791763154715695 -0.00712118809652447 -0.0906811295325503 -0.0632044066314879
0.0216043358586982 0.0122265884714843 -0.0627306948209898 -0.117165312230306
-0.002032427688226 0.035015685899266 -0.00929509015431017 -0.148921225970609
-0.0532962162225036 0.0170631223236728 0.0317789459293101 -0.139852723812795
-0.0654422039618464 -0.0218845634879691 -0.0364129228789376 -0.150540295401015
-0.0814544725526447 -0.0396667060324798 0.004770502256022 -0.143861736245985
-0.0514567980561191 0.0128418145065444 -0.0272166747192748 0.0215605216999111
-0.00933954429407017 0.0305881543974586 0.101879298697366 0.0510046140460765
0.00190077294859001 0.0145940113595154 0.140976167874627 -0.0485191760333571
-0.00231324331019158 0.0100925936703251 0.066035139573912 -0.134750752889439
0.00588505565977091 0.0188941102626033 -0.0335209638839797 -0.123574634456087
0.0153099762208971 0.0094929665558982 -0.0742703600697884 -0.071558638132042
0.0167645163615128 0.00345355483983798 -0.0752250908745857 -0.0360173914433745
0.0236878344674302 0.0134143428451737 -0.0796947640943841 -0.0181137597815412
0.0172781831707219 0.0305296766725989 -0.0927089326666081 -0.0215660991160063
0.000369588952080135 0.0330267339707966 -0.0965393919748551 -0.0491164628811995
-0.0205806237327962 0.0451530044893313 -0.073632263770072 -0.10508582326468
-0.0548605317069976 0.027949662586701 -0.0216007435837118 -0.14104571270066
-0.087493116511701 -0.0295354725014522 0.0169426501395516 -0.118144466108561
-0.086693157666636 -0.0854147961965949 -0.0362949297820609 -0.117201743159562
-0.0914181789752485 -0.0933136129130973 0.0350043193829244 -0.112812396128819
-0.093350266300274 -0.0323690302473242 -0.0190482503448447 0.0417220145281214
-0.0694931563508422 0.0332534724544281 0.113457809925565 0.0743262260740151
-0.0339534144206912 0.0601346996186062 0.162948571993977 -0.0357173107379587
0.000148815073895195 0.0524506771580844 0.0808770615557342 -0.129188844390613
0.0241578409052333 0.0476063423095362 -0.0214194574413328 -0.118922876048376
0.0453358205907607 0.0258884240407321 -0.0624162907477322 -0.0637905097905312
0.0468579850286771 0.0129659123290915 -0.0609357312215365 -0.0269417922944964
0.0514120288847589 0.0237600529849643 -0.0657844499887441 -0.00424136869394775
0.0359551577211258 0.0550604758357127 -0.0843151091710807 5.4978364314311E-06
0.00404402262030081 0.0660363411621293 -0.100100977151469 -0.0196121323297776
-0.0434722237379255 0.080937248853595 -0.0916506336356516 -0.0809610852127033
-0.0946103566330014 0.0370398002440722 -0.0425259989273594 -0.128668782771301
-0.115966362512652 -0.0550327901357686 0.00515090961776869 -0.0957498028237641
-0.10177494016341 -0.128642261357611 -0.0301753153759925 -0.0678323361619558
-0.0838662405578154 -0.134218424993162 0.0584381895649605 -0.0583162371849895
-0.117329298132143 -0.082033202586489 -0.0128342863607456 0.073076734613782
-0.122790190026061 0.0199889215754032 0.113554515272588 0.106100659751164
-0.0762401282486419 0.0932534185153805 0.174651633914551 -0.00695976252610556
-0.00456968453588521 0.0912750538517836 0.0965758634777481 -0.105615728467104
0.0359117057893967 0.0744823906672802 -0.00052935751703356 -0.101807252938361
0.0672971318721162 0.0414730970089872 -0.0399713197095781 -0.0497123984232373
0.0700484869327504 0.0198303775538769 -0.0386754588001887 -0.0146398778207832
0.0724437379969613 0.028016255661898 -0.0422274919281294 0.01147401754447
0.0522325010836789 0.0666572150222334 -0.0655073063078632 0.0240130783398688
0.0141687811079766 0.085194000469684 -0.0940717008906829 0.0149961097868585
-0.0496615047489298 0.107547951882418 -0.103280278113285 -0.0481074820978865
-0.115003935400286 0.0501061276509544 -0.0621307000191246 -0.108726588319965
-0.131498490630086 -0.064434915215358 0.000156626738297646 -0.0756753442201797
-0.105694024491881 -0.150458046386017 -0.0166326363921767 -0.0145685578247494
-0.0610587571058825 -0.150968344590859 0.0714101982934335 0.0107354273572235
-0.112766039133754 -0.122750194607102 -0.0103158228380981 0.108713674653853
-0.15162367789081 -0.00955758750322286 0.0975033288150472 0.137348772035015
-0.114172685958356 0.0996892972345685 0.16674584125055 0.0316985187481903
-0.0172124749169523 0.114850164721362 0.104712257272004 -0.0658156861332733
0.0382962912225892 0.0910599019807409 0.0236421057266385 -0.0715846415962577
0.0783767621558567 0.0511050726889035 -0.0119667319233893 -0.0295923833389786
0.0831003303366636 0.0235636085994224 -0.010515336684191 0.000869882389173734
0.0829688453839005 0.0271046025278882 -0.0145370953786634 0.0272550997750542
0.0623692486111947 0.0669743481029605 -0.0405119485279331 0.0453628158078734
0.0211615366715427 0.0910338041818209 -0.0790841184636069 0.0467940980508
-0.0506598796310845 0.117107958105316 -0.103814205985194 -0.0152521184893176
-0.119645391225078 0.0516307934519408 -0.0739416222797726 -0.0850899944079585
-0.126836683490151 -0.0691214825229506 0.000859616260035932 -0.0578554738129731
-0.0918554149581998 -0.152125263713416 -0.000323666175408284 0.0354989647385116
-0.029613234428399 -0.137027309598305 0.0717727145493857 0.080023140533648
-0.0824412473383144 -0.137971175570096 -0.0120383976674597 0.140545627855955
-0.144956474887517 -0.0402345774902938 0.0691794159099376 0.158041142183679
-0.129802256495335 0.082058516156927 0.139770859052137 0.0670440477820545
-0.0284458852790489 0.113693644251156 0.100446794807653 -0.0191612680493427
0.0327116540234137 0.0913977347062286 0.0459745569144806 -0.0329020283234324
0.0757426440235422 0.0521076544223878 0.0172784784887561 -0.00688938799405357
0.0834594602646577 0.0233458533661313 0.0181278422115817 0.0154389328579933
0.0826813650566067 0.0238349715829332 0.0136662749496851 0.0411751978668847
0.0631069117885798 0.0600580356205036 -0.0151363259116431 0.0640574815870932
0.022316082978904 0.0865606680350395 -0.0611127113033735 0.072052037803687
-0.0521694701664852 0.109766354938804 -0.097462142507037 0.0116892680413167
-0.113064829423451 0.0391763142391044 -0.0774592116050472 -0.061909776020957
-0.10541645549623 -0.0747722680626876 0.00232674679114579 -0.0422718736829263
-0.061050386077611 -0.138446987063502 0.0118578491733115 0.07807775967491
0.00335414520412641 -0.0953531860554944 0.0623969412242073 0.136183515121983
-0.040176878396333 -0.118970834761396 -0.0158907616761543 0.160286736500552
-0.107640397028745 -0.0528892306558618 0.0374289191171633 0.163169749988021
-0.11381633270614 0.0542204466553634 0.103977378334866 0.0915197622809213
-0.0290350501102816 0.0907032363996976 0.0892000654447676 0.0214404662446367
0.0234251844548913 0.0731331560018377 0.0628258458645527 0.00302047659641827
0.0613005082685464 0.0419533285017994 0.0433387833553157 0.0136586336260632
0.0708400086153033 0.0185835951938372 0.0433567134480149 0.0281578295562875
0.0709799568721645 0.0187685185113415 0.0388253352504288 0.052655994325854
0.0562176925957004 0.0477718381245662 0.00657524758456204 0.0794203130285674
0.019362864302585 0.0745674976531072 -0.0465000067347316 0.091968307431154
-0.0517699895995793 0.0909675220979064 -0.0923654403003649 0.0319065762455847
-0.0975344604291021 0.0187661369242406 -0.0791612350515172 -0.0423406696245204
-0.0729878722196764 -0.0771825980843505 0.00252434635753249 -0.0283745014924288
-0.0208605156985038 -0.109291676497523 0.0170939225531915 0.111253221257583
0.0343406647186661 -0.0350284960052217 0.0488873484111657 0.165932280042505
0.00235186475378785 -0.0727542042802927 -0.0170370800772576 0.163937730141606
-0.0536189820496396 -0.0432418892124129 0.0126748171670782 0.159310304834935
-0.0714654250020732 0.0265431505973733 0.0747708199439843 0.105559852459713
-0.0174531786402783 0.0526732738363861 0.0822782927599506 0.0492719708695023
0.01397429601249 0.0406124142743657 0.0756967622870395 0.0265031037160371
0.0379354833673342 0.0239515911108244 0.063620301244861 0.0252353482385969
0.0480279510950282 0.0102618087249215 0.0623017743290084 0.0357561605002107
0.0497572123927249 0.0116545518475238 0.0574656169243753 0.0603930959482391
0.0431853940227843 0.0315627841272488 0.0217133449122201 0.0929029907292701
0.014628649527013 0.0567653704501862 -0.0384980689003185 0.107472195461879
-0.0446764939035626 0.0639052708147368 -0.0936994320562641 0.0459714387768938
-0.0712781393787077 -0.00251917946342586 -0.0839510992889781 -0.0293184208868015
-0.0331012464078934 -0.0701197741975551 -0.00184012516529055 -0.0205668982825819
0.0216450282607409 -0.0662022842853429 0.0138411653952925 0.131140252729752
-0.0618273644697575 0.00516664052568335 -0.00223922877839924 -0.161897615857563
-0.0105074411377024 0.0466816044298443 -0.0419086316731486 0.0124673393948783
0.0420843077696687 0.0234794434729964 0.0871259790488509 0.0617064842854875
0.0314403487270531 -0.0295523324759477 0.140663009886318 -0.029315333972622
-0.00667756222493653 -0.0303781626223937 0.0834215651154381 -0.128870454751328
-0.014934646574062 -0.00989613576262331 -0.015552738299223 -0.133816051925858
-0.0167870324085153 -0.00717438657686834 -0.0686627894367726 -0.0911800337495767
-0.0162571514798796 -0.0079797417699748 -0.0766218053009926 -0.0563235184082647
-0.00581596392820699 -0.00471687857195489 -0.0835115659105114 -0.0424728871405165
0.00128224234128515 -0.00418617359098783 -0.092714959962231 -0.0490715248000672
0.00841821180254171 -0.0067770621858851 -0.0857681153892872 -0.0811566361088016
0.0200330354726941 0.0142123159253312 -0.0472839150639662 -0.134876944157869
-0.00849205707080531 0.0343774813890252 0.0164820668366478 -0.16016438105069
-0.0593608850278226 0.00601028091907488 0.0630484398647949 -0.143491939410952
-0.066972464607688 -0.0385548064656033 -0.00473493475452641 -0.16470027641535
-0.0773395334776746 -0.05788279195832 0.0265855728593381 -0.151623205475274
-0.0545669892308301 0.00429298730607231 -0.034359712347532 0.0198049268325657
-0.0141019253259291 0.0276023153333003 0.0985635077266545 0.0733139688890795
-0.00126160006037784 0.0125156987140005 0.159072469248515 -0.0272513505957153
-0.00683829893660856 0.00850458503224268 0.0931042666676501 -0.131836856210228
0.00108034607883096 0.0207368743608587 -0.0135582474413467 -0.136621625539829
0.0136553830106583 0.0134524557583089 -0.0668742307696077 -0.0883297228496752
0.0152206481442638 0.00878585772289764 -0.0732083637656968 -0.0516617501984875
0.0224183520802088 0.0190071310846546 -0.0821459398828707 -0.0331185572170471
0.0112499627627818 0.0360671935227791 -0.0955120734652528 -0.0380104728000951
-0.00915607461221813 0.034880140754557 -0.0934308440663322 -0.0687152066875757
-0.0307108576966674 0.0407686062775344 -0.0598923064341953 -0.126937380029821
-0.0634408717187654 0.0152487647181874 0.00194485543228587 -0.153351391177046
-0.0856194114932314 -0.0509544544060593 0.0446129397229162 -0.121513084163175
-0.076297715284832 -0.111528512199443 -0.0113229102187236 -0.125670712856529
-0.0767965129714718 -0.115163098820115 0.0521347483412383 -0.116081962569556
-0.0892412435063912 -0.0499925381997338 -0.0312602385296661 0.0408462998094302
-0.0758761575024998 0.019686927330644 0.103109463830872 0.0996940985784536
-0.0451656443251733 0.0530547732764469 0.176607735895536 -0.0077439883434963
-0.0127504652943521 0.0527091933785206 0.108861170472737 -0.120836632874779
0.0145819764972718 0.0542129077008036 -0.0018917514695156 -0.128813537336049
0.0416839061749678 0.035521976963836 -0.0546054095298902 -0.077082932965362
0.0451205945741173 0.0243609449032959 -0.0595482307250618 -0.0401397596264652
0.0489738033291792 0.0357644682929726 -0.0697976751634733 -0.0154998700457427
0.025998772763705 0.0662206041173848 -0.0905408072495006 -0.0136362538374653
-0.0124269304422885 0.0705061410119677 -0.102216159182847 -0.0390091354650505
-0.0624231074342397 0.075366682478203 -0.0824434065167312 -0.106074974662106
-0.107506944923373 0.0163095988398584 -0.0219241785522033 -0.143790593792915
-0.110827976516072 -0.0839239836217165 0.0290298818687765 -0.0987697250812099
-0.0828317262629794 -0.16163420962828 -0.0150369548249592 -0.0699279879812845
-0.0597962036602274 -0.156274579628259 0.0673098288761024 -0.0569833215531543
-0.103950972635086 -0.10599866276925 -0.0309225304416523 0.0735742559360127
-0.127568792054325 -0.00438075109460223 0.093952119886279 0.132187823998696
-0.0937691121668172 0.079301371150727 0.180038498961709 0.0263908161607953
-0.0243864752571469 0.0916932558356378 0.121652986516327 -0.0912843383685421
0.0222889933598569 0.0844672362710672 0.0176727896888288 -0.105786149200282
0.0621448579422796 0.055667686745775 -0.0329461532890645 -0.0572306589771145
0.0682337095159497 0.0364062796314549 -0.0377909191770255 -0.0216072069585109
0.0697647901620143 0.0438636354766239 -0.0480688709075443 0.00583076040777096
0.0417527806968575 0.0811560839383419 -0.0757427156878247 0.0154805028489498
-0.00552586997313575 0.0935432313594175 -0.102304194913167 -0.00173168404150401
-0.0742531118746711 0.103741132229033 -0.101231339526681 -0.0753183527766233
-0.132208321935289 0.0251474344425588 -0.0459796210804735 -0.126089409163902
-0.125377582317976 -0.0968912752305388 0.020338633636122 -0.0778282437442172
-0.0825431022328635 -0.185049904525867 -0.0110883560374749 -0.00999178595560123
-0.0318144474041117 -0.168540576853268 0.0689284324872115 0.0171968498794235
-0.0919071108405938 -0.147073909684924 -0.034328943319031 0.110152073363631
-0.151317375839417 -0.0399606728608547 0.0698338468485839 0.161025971287484
-0.133147427611565 0.0806787650401239 0.162293011661133 0.0653353968424614
-0.0404557092729694 0.113822930010872 0.122443305680047 -0.0460312453353363
0.0219333314375204 0.102754190910382 0.0382892458892554 -0.0685921226681482
0.071516370119261 0.0675269180959332 -0.00641481182388144 -0.0300454220934808
0.0810829768245044 0.0426087039934496 -0.010847843689475 -0.000843207042562151
0.081096586627131 0.0452918804738097 -0.020906562434754 0.0275587850112763
0.0519385355105955 0.0830740391490417 -0.0531529273484109 0.043457484618455
0.000947812268931207 0.101473609267147 -0.0917928193658457 0.0343454251413855
-0.0772738084388278 0.114022195659145 -0.107620241825742 -0.040823515810291
-0.137484858690468 0.0263967506100381 -0.0626694807238148 -0.103181894580354
-0.11986035040476 -0.1010190431935 0.0171261028992726 -0.0582975852963392
-0.0669537504241602 -0.183809131716541 -0.00417549770342366 0.0461937991355846
-0.00100494245100639 -0.147124862725757 0.0584835803305877 0.0907623470224417
-0.0572550563861266 -0.156940425462578 -0.041261703655189 0.142685796231845
-0.138806186327625 -0.0698849116553181 0.0370901985434048 0.176099246611241
-0.145708759576899 0.0608659446247892 0.126718506580206 0.0970706378774235
-0.0511597566678571 0.111047899554195 0.109002882284921 0.00254153273313098
0.0172243727661371 0.101700106559404 0.0547611971067547 -0.0247974908849901
0.0689393467691046 0.0680102350089299 0.0205615894504882 -0.00062501506938757
0.0816581062286759 0.0418020568132276 0.0171688019998282 0.0202487017544033
0.0811084245326021 0.0417938152445981 0.00709804816215222 0.0475981179718802
0.0542870372629483 0.0758500296721391 -0.0289621222118031 0.0671634872070148
0.00411169683069912 0.0973290426638215 -0.0763043339967688 0.0642170124311718
-0.0771742545278673 0.106607708622074 -0.105502396270593 -0.010376949268384
-0.127984115796442 0.014647218477212 -0.0712424654703935 -0.0785282596462824
-0.0962571982583542 -0.102220318081688 0.0141075552101141 -0.0411728172046422
-0.0359869469221107 -0.161792967336534 -0.00151540981426375 0.0923439858045538
0.0257564380046516 -0.0969282909160765 0.0392872860901194 0.149263593989158
-0.0169907142640997 -0.129362552879313 -0.0478140930176225 0.163608199341948
-0.0982402687716672 -0.0746789838381703 0.00521414711518821 0.175703167823396
-0.123592815863163 0.03545389893075 0.0860052750666822 0.115305573424451
-0.0464084479088187 0.0873448213624718 0.0899306279395257 0.0428019979395483
0.0115998197447408 0.0808444650784716 0.0659838294342122 0.0161242027575981
0.0556910286346057 0.0547872836162726 0.0450389548678114 0.0251569485335207
0.0699381835713138 0.033603117976068 0.042471511211675 0.0378078989491504
0.070316649992025 0.0332079730688536 0.03194394141489 0.064420338691509
0.0501340944224076 0.0612978731808682 -0.00823331713041985 0.0870521000206304
0.00395819165865762 0.0838348028447374 -0.0648427662531759 0.0877157497574146
-0.0729118353324308 0.0872699213187008 -0.103233571076861 0.0125521702044556
-0.106893886232837 -0.00285093437890886 -0.0761837787318071 -0.0577828288731765
-0.0610961937391188 -0.0976961805403071 0.00990870580471525 -0.0264348437062365
0.00116973566764335 -0.121172164166865 -0.00396678297389593 0.126520383364274
0.0460231234691684 -0.0276491073377198 0.0217860444619512 0.181207830157294
0.0183784506269108 -0.0735492494159523 -0.0478150962230582 0.169372747857571
-0.0447861962648667 -0.0539376739884566 -0.0173145211008492 0.167584099966734
-0.0751485790283943 0.0152667937117989 0.0557535428092691 0.124984154319489
-0.0264048465105755 0.0502162657386001 0.0777317588566177 0.0694900085412848
0.00791667130311676 0.0448017494988657 0.0762329340429501 0.0421970395396504
0.0354073059732605 0.0311723396754594 0.0637603572168894 0.0399458389987924
0.0482193138348891 0.0201200436752564 0.0603963669921854 0.0493836567486355
0.0498073418963128 0.0214725949518912 0.050408816934533 0.0755525662831353
0.0391531497435897 0.0413092617633617 0.00534213867062477 0.103973624859523
0.00283602747007127 0.0640549235344206 -0.0588151471490591 0.105681385720296
-0.0606734377689163 0.0601102201230811 -0.106954566907863 0.0282912827898349
-0.07504477837584 -0.0194695205393547 -0.0838250810215421 -0.0444428767857204
-0.0217119089711605 -0.0815265891363397 0.0029948494419726 -0.0194162810031034
0.0377517400983941 -0.0654435873250763 -0.0120062988784143 0.143742716859526
-0.0613477113164923 0.0108709273445484 -0.0160939348544251 -0.165878140799618
-0.00689567060123921 0.0487318698283635 -0.0424948602138501 0.0172355751579237
0.04426180526468 0.0198529911186986 0.0952540451870398 0.0574501965447349
0.0290459518728165 -0.0328575705507093 0.142553815406162 -0.0412560179530968
-0.00948869286570746 -0.0297781728339354 0.0765938112636111 -0.13934056420629
-0.0160654352082941 -0.00844777974322262 -0.0258541944466863 -0.136645393511094
-0.0171792470156926 -0.00505026495395495 -0.07722976408718 -0.0880574840801457
-0.0174255632735355 -0.00574033474535612 -0.0826493517766033 -0.0532432034555013
-0.00628313509465324 -0.00368066241641012 -0.0886961694862575 -0.0377229089398399
0.000374881836236177 -0.0036391931096145 -0.0980568770778877 -0.0437952122774469
0.00684719137408514 -0.00723739684199326 -0.0936675046409321 -0.0770479445447874
0.021049135413017 0.012500870611705 -0.0591128568024458 -0.134566414087659
-0.00660065230109763 0.0349873029502537 0.00491438581888239 -0.165890401213921
-0.060323395274845 0.011421463776861 0.0564060764442585 -0.154188634401901
-0.0705107760803085 -0.0333821990223627 -0.015257314714912 -0.17014060470888
-0.0822165190985293 -0.0531319114203699 0.0138862981020218 -0.157853591162369
-0.0552098170441586 0.00839706917319037 -0.0345400075390056 0.0243087885794656
-0.0126533635638385 0.0285791106584314 0.107316719307695 0.0682841802328576
-0.00117549292796513 0.0128907770789939 0.161526763179168 -0.0403310492280624
-0.00752302222022591 0.00981568800910375 0.0862769701156022 -0.143296067426747
0.0027418081867556 0.0218733332812513 -0.0238663382291148 -0.139016789988456
0.0153104283442386 0.0134579963135596 -0.0745904209364727 -0.0856100491093113
0.0161053561779997 0.00858931188024236 -0.0789416157547454 -0.0482855859604647
0.0243874282865859 0.0190005763836509 -0.0864780726913368 -0.0283959178094221
0.0134642211200645 0.0370873464258074 -0.100212740809216 -0.0317220245610679
-0.00791155175026146 0.0366071380214492 -0.101037838228963 -0.0635555549459774
-0.0295160275034272 0.0439354740620485 -0.0717985985461552 -0.125649648179305
-0.0642132950270373 0.019090909854865 -0.00962317641020658 -0.158652674361148
-0.0915001234279176 -0.0457256384319177 0.0388310316877104 -0.130047297474919
-0.0853322957344282 -0.107407063166268 -0.0188406669198797 -0.12958520201772
-0.0853114065323905 -0.111859650088717 0.0429078003680439 -0.123286988655993
-0.0945521212668175 -0.0450507931572015 -0.0297027909377138 0.0456457360217278
-0.0758749988537499 0.0242981682023757 0.113906698882511 0.0952473537849989
-0.0428551464589273 0.0578912121577706 0.180863934137605 -0.0222790218127364
-0.00963259012159286 0.055742585842291 0.102837721115003 -0.132835597086758
0.0193507306116837 0.055164534663519 -0.0109677905169644 -0.131732367330864
0.0451674670908421 0.0343082926137421 -0.0612771562333895 -0.0754997499351299
0.0472181112378384 0.022416135045589 -0.0639173205196476 -0.0367792073005832
0.052309039737037 0.0342178386215361 -0.0727961006404793 -0.0112026633005585
0.030917353074782 0.0663704410506289 -0.09364247600149 -0.00653148647436592
-0.00854416640483999 0.0737500469621892 -0.107681069458774 -0.0321667975380112
-0.0587569853339254 0.0819624832631169 -0.0940166868016584 -0.10275061102081
-0.108821839798562 0.0237116765644561 -0.0344316072998739 -0.146991002220266
-0.120104432446374 -0.0785063792867616 0.0236418812079547 -0.105257025683059
-0.0958328512342274 -0.157978515847093 -0.0183189880810068 -0.0722680766604367
-0.0713339747012797 -0.155324096119587 0.0629036623789379 -0.0633387442109262
-0.114328928516531 -0.101218842400233 -0.0274899178200408 0.0789422360984294
-0.130577199149916 0.00430108427507303 0.106790209714904 0.129153630166573
-0.0903228353190118 0.0893844598437695 0.186489676929649 0.0123920333704095
-0.0182631769180496 0.0966581038734728 0.118004430032642 -0.103474417734088
0.0293229033938746 0.085127783779471 0.0106063007698198 -0.10998427211824
0.0677072295027994 0.0532368426404469 -0.0375495770244349 -0.0563727348978068
0.0715195966864665 0.0322427069314423 -0.0402142923091416 -0.0199220090913977
0.0743405126923672 0.0406297238354213 -0.0484734175818127 0.00942373225990343
0.0481268057240141 0.0808390561318846 -0.0757936693208176 0.0224451329264722
0.000413748209171644 0.0968841888156279 -0.104907547607595 0.00628058557713531
-0.0688432453110394 0.111785671316793 -0.109861110424386 -0.0683338528761076
-0.133234953719143 0.0351353020504312 -0.059010170051605 -0.12632667791631
-0.135580484673253 -0.0913471319686615 0.0153791764320596 -0.0829317573716776
-0.0970328176532238 -0.182309298982954 -0.01059422903786 -0.0112495106380658
-0.0433571060000559 -0.170111164615988 0.0701576336879391 0.0124220007851072
-0.104678903325014 -0.14462516402204 -0.0290180840314842 0.116725757486874
-0.157656947163338 -0.0303038660903811 0.0837165298258683 0.160364076960474
-0.130214535882864 0.0932926937103216 0.171620969017598 0.0539607361039178
-0.0332560695737314 0.119916328413525 0.121962740535299 -0.0570493987467542
0.0303924777603057 0.104297098520613 0.0345513994112982 -0.0729135007468343
0.0781878886207778 0.0647093289034792 -0.00842463620298428 -0.030689225857599
0.0855116465310951 0.0372419250211245 -0.0108486934605446 -3.27666977394924E-05
0.0858293139482119 0.0407647716836299 -0.0188169003824154 0.0299325050991
0.0587797633789383 0.0817753035031143 -0.0510090304771268 0.0498869972025468
0.0082890334829359 0.104407775696604 -0.0915151552292159 0.0435463979838357
-0.0707717151714687 0.123491313961968 -0.114140722989152 -0.0321928112114735
-0.138940654195498 0.0365058729977166 -0.0744329669420675 -0.10070541367245
-0.130192217670292 -0.0958324642279013 0.0121896625467692 -0.062438522993451
-0.0812341975364395 -0.18209871927853 0.000188518078281708 0.0465350070317566
-0.0104621037001237 -0.150635282250679 0.0646568675867153 0.0891656869378012
-0.0700505534180294 -0.1569719867294 -0.0334512794844767 0.150502332820808
-0.146837873015442 -0.0613843793581686 0.0509126738835062 0.177987727865576
-0.144534853050433 0.0740417295833123 0.136273679431462 0.0892852603963358
-0.0441836002905614 0.118311620259395 0.111893921082902 -0.00550179188794562
0.0254001364413201 0.103465651322872 0.0547744673040979 -0.028909015707884
0.075158716870409 0.0648874241737024 0.0215579761806657 -0.00236319976947138
0.0864493702464152 0.0361981135120566 0.019448301859717 0.0195226755491976
0.086010238212484 0.036352182410733 0.0110182527821085 0.0490315676567841
0.0611014627292713 0.0736307669307661 -0.0248884786624056 0.0726329296277217
0.0107402169556026 0.0995588136160156 -0.0736954141974476 0.0728943978138896
-0.0711839683453697 0.115801936943989 -0.110004639036129 -0.001329825101078
-0.129446129570543 0.0240648613794916 -0.0815130626120233 -0.0744069358861199
-0.106387031161593 -0.0985396940843922 0.0107503927800827 -0.0442419257327364
-0.0484903574838107 -0.161919134372586 0.00686357053545013 0.0941029628974794
0.019974705524062 -0.101054182758805 0.0496847159307774 0.151071839327442
-0.0270474306226628 -0.132074847022401 -0.0387513202084798 0.173109649149317
-0.106109007040632 -0.0698961072690763 0.0176169594633254 0.180437429914115
-0.124070462398695 0.0467917684346066 0.0958754030197681 0.112078646478586
-0.040625826948002 0.0933374496249159 0.0948135783820331 0.0375875906897705
0.0182242548181367 0.0825542267057702 0.0691541340737969 0.0119587390260855
0.0614525217190388 0.0515085155291722 0.0482103775778632 0.0226945395537607
0.07399074095783 0.0281157709199434 0.0464687998534812 0.0361733165155065
0.0741323720346995 0.0283095902996212 0.0376478860413107 0.0639808791943676
0.0553276194378451 0.0585424918797699 -0.00249906410688779 0.0924145083734294
0.0105253218223122 0.0859357050126604 -0.0603822358541511 0.0958976723782735
-0.0674480720388621 0.0950874797773875 -0.106428025345983 0.0216076066202902
-0.109223534159239 0.00453143167585153 -0.0848245442302858 -0.0528622124779747
-0.0700675666460578 -0.0958947718836373 0.00753695800191647 -0.0283980796527411
-0.00770991379620419 -0.123592169197011 0.0069827063929734 0.128813708280377
0.0454417201935232 -0.0319656052107683 0.0337328833889807 0.185623504135334
0.0130243921485702 -0.0764987517825522 -0.0386468661780216 0.178784731702094
-0.0499612472926954 -0.0519524152910658 -0.00601482059177033 0.17417658608434
-0.07482553704886 0.0231897993422181 0.0661530961626337 0.12429754175852
-0.0225147940861944 0.0533456040743142 0.0844655678066183 0.0653590331340721
0.0115419283545398 0.0453366987203457 0.0813876625703551 0.0375952427904303
0.0385423389345948 0.0289659348262734 0.0691484784394802 0.0368658896798827
0.050703489889718 0.0154884680070928 0.0664665002683991 0.0462726620025606
0.0523246240676792 0.0175171613406387 0.0572851898568067 0.07438629272032
0.0431523552937082 0.038474996221807 0.0132588682865751 0.107996148257956
0.00839345104819368 0.0653030805164645 -0.053329180071028 0.114058658243205
-0.0563138932355911 0.0663926661891904 -0.109326122479534 0.0377063129726156
-0.0777322490609296 -0.0147959190345247 -0.0911174097023957 -0.0384179329685711
-0.0284709417678738 -0.0818304422412027 0.000553049387331226 -0.0205228475942955
0.0335841262421706 -0.0689462161617771 7.69477578707309E-05 0.147411657261013
-0.0586021278921823 0.0139762661031655 -0.026043240302951 -0.16271939344149
-0.00402620181611206 0.0484381956969624 -0.0408599049469135 0.0211471556331535
0.0445884686874476 0.0163423088100045 0.0982738672603113 0.0522400691497654
0.0263850583945226 -0.0337136569646254 0.139727646693312 -0.0481404340160511
-0.0113398557753541 -0.0289167268033573 0.0688566198307875 -0.142896270716328
-0.0160301505488546 -0.00726105354318662 -0.0322249611701526 -0.134849979976356
-0.016830036682948 -0.0035885509064707 -0.0805105802242953 -0.0834361916330054
-0.0173520807015996 -0.00356532349143607 -0.0850543845665199 -0.048704400343731
-0.00614956173475483 -0.00254886114387372 -0.0903233168174142 -0.0333377847661104
0.000163396360576397 -0.00277566039121434 -0.0987906868958205 -0.0382105684187165
0.00574977516536162 -0.00701538247066987 -0.0967370185944852 -0.0711846198122962
0.0211684166292304 0.0106671691457326 -0.0657576731753252 -0.130953299789773
-0.0052581187420339 0.03436051395605 -0.00270694658425211 -0.165082349313149
-0.0593792755403346 0.0153736695576163 0.0501592265137535 -0.158013183070729
-0.0702727035935369 -0.0282049584013769 -0.0217042627452391 -0.169706951478433
-0.0819505862501348 -0.047789864772908 0.00376532822350152 -0.156353743344078
-0.0532010683147435 0.0110289329575062 -0.0332234213952781 0.0271312499994429
-0.0110979378785591 0.0282147555669736 0.110661970124522 0.0625638557202334
-0.000678674180596808 0.0126852512191243 0.15797419066965 -0.0487593782331328
-0.00705678390208748 0.0110468597921632 0.078708957068087 -0.147534545774342
0.0041019214027557 0.0215908558800116 -0.0303697940224173 -0.136821092796397
0.0160100907250429 0.0131683166898533 -0.0777968877007589 -0.081323209482641
0.0160646758461241 0.00875480507832533 -0.0809213421443087 -0.0443385803091275
0.0253320375972274 0.0180320682612531 -0.0874494438560919 -0.0236352676944993
0.0147903819330803 0.0372226006034629 -0.100508011871131 -0.025686274917007
-0.00683382840568754 0.0370127672229448 -0.103873550020761 -0.0574083505807777
-0.0275456002798739 0.0442281988443679 -0.0780828881382967 -0.120477036347415
-0.0628621021489805 0.0216094282135236 -0.0178304762812846 -0.156679459238753
-0.0929090577631808 -0.0407761993762825 0.033467805379587 -0.132905817151819
-0.0884167822234659 -0.100807436903759 -0.0235994385157176 -0.129319237630615
-0.0887491921368502 -0.106366438052651 0.0343212240595748 -0.124096852091524
-0.0958269154908454 -0.0399097195515835 -0.0278471235861579 0.0483142347396107
-0.0737262212278344 0.0275378242190223 0.11760879517911 0.0888925057207682
-0.039406702888655 0.0598701059126625 0.177710808606313 -0.0321014311371778
-0.00692034730828333 0.0560715060348427 0.0953901715253394 -0.138147528774898
0.021948770214905 0.0541275069328251 -0.017308565348457 -0.129990003038397
0.0465722805387139 0.0321861262422712 -0.064036757121067 -0.0713741984261991
0.0473943581803831 0.0202455287775189 -0.0652583781137327 -0.0330712415716181
0.0540103612975833 0.032125070743169 -0.0720227725013139 -0.00754022294907097
0.0338669864982735 0.0654280468571773 -0.0925489547533426 -0.000891704146748651
-0.00569511420124216 0.0743266485682808 -0.108647030080103 -0.0257258189617143
-0.0548914502805448 0.0835430692289704 -0.0992515792854922 -0.0959261085349787
-0.107099461927359 0.0282949092845229 -0.0425284471101208 -0.143357830981904
-0.122315887688522 -0.0722612904630748 0.0190795517287266 -0.107838602680454
-0.101591697702539 -0.150812673157278 -0.0206328119431223 -0.0723793404586005
-0.0769650847336149 -0.149811096290268 0.0570089499987129 -0.0655616359563102
-0.118095248584596 -0.0948849782595506 -0.024481071307437 0.080753324651432
-0.128705547376866 0.01022503348392 0.112363629736524 0.122848938084451
-0.0840094917460675 0.0934222198367527 0.185131399080645 0.00160602147847752
-0.0136139755419141 0.0972096903727962 0.111657265974975 -0.109040296965846
0.0340034265643326 0.0834577791230211 0.00541912593807224 -0.109414555764398
0.0695535579406696 0.0500104019469198 -0.0395813667586443 -0.0538440948584799
0.0718727211738378 0.0286599141550455 -0.0407674270989252 -0.0174190933815043
0.0756057863413758 0.0367311268934379 -0.0476242496126754 0.0117441695294762
0.0516995526417879 0.0781633105002913 -0.0739933602093913 0.0280312599361848
0.00470154997030699 0.0966212638600652 -0.103581235718858 0.0128928629485605
-0.062863167466931 0.114432446138056 -0.113839153397795 -0.0606544088065448
-0.130578741947985 0.04065421993875 -0.0663614626870709 -0.121845434971435
-0.138841475809189 -0.083944776301254 0.0113162054152258 -0.0846780748033013
-0.104425837348358 -0.174238279613891 -0.0096456099934744 -0.0120349855414465
-0.0502469603293458 -0.166284661158353 0.0683575974124105 0.00872347661280265
-0.110776183965929 -0.137955856814952 -0.0248042526647473 0.11851789463805
-0.15704986648474 -0.0220378374314174 0.0906748222286346 0.154943709755995
-0.123522643928915 0.099938796734727 0.171922196248981 0.0443075413120739
-0.0266416544903732 0.121224252173179 0.117855782621124 -0.0630325242622707
0.0360589623375493 0.101843484601973 0.0303809637161515 -0.0738557828240731
0.0808818752047683 0.0604978091838643 -0.00986576449802097 -0.0296761169437861
0.0857718913791195 0.0321132093417549 -0.0107868313814965 0.000559714228887049
0.0870787573539007 0.0365675853241118 -0.0167418833005016 0.0303103379998135
0.0624468017429774 0.0783611423615107 -0.0477927563516023 0.0535643352392392
0.013021134283802 0.103666215424488 -0.0885874403145687 0.0486118844820709
-0.0637159075356128 0.125725168869601 -0.115727293586869 -0.0240881073516012
-0.134966038112848 0.042005168904933 -0.0812381938557928 -0.0949485097696202
-0.133488968447482 -0.0893106109792164 0.00924783536432444 -0.0638823490080036
-0.0886084620313264 -0.175077738726659 0.00359754973906911 0.0442767331602106
-0.0169257257134103 -0.149090049319238 0.0666867766444924 0.0851459746586237
-0.0777295510609158 -0.152938826269424 -0.0271505781094529 0.152074976005468
-0.148660701948029 -0.0533815943725242 0.0588815860674539 0.174743335992291
-0.138119814643122 0.0820438203862187 0.139264127357155 0.0815292444469231
-0.0373419578326186 0.119817616147084 0.110176163331053 -0.0112121576817302
0.0310678286997746 0.10165265235151 0.0528646844938865 -0.0310752238895536
0.0781203520147354 0.0609652861543601 0.0214543309718501 -0.00279663103521396
0.0866500671035125 0.0302707692734923 0.020502485065803 0.0185703415786083
0.086933129213826 0.0312233325806811 0.01374851728182 0.0476395987946288
0.0642136967547557 0.0696910143970628 -0.0205167931396041 0.0752530096687926
0.0155030678732739 0.0979881184287859 -0.0696908821603262 0.0771410409876238
-0.0639449365278644 0.118901829436002 -0.109895188891496 0.00610419549922606
-0.12665768450447 0.0297508195357946 -0.0867934385319507 -0.0684626105099217
-0.110002833997005 -0.0931806991554848 0.00800290052654363 -0.0449588627184996
-0.0554170896338694 -0.156890843763351 0.012738267349972 0.0915451186181526
0.0153143664685674 -0.100887484907196 0.0552851510497547 0.147719001622655
-0.0338832836012392 -0.129297661067917 -0.0315327415532063 0.174437528907485
-0.108440589043197 -0.0637112673268079 0.0263168941475607 0.178892417274343
-0.119061092179276 0.0542204600801038 0.100508906358608 0.106258725995362
-0.0349864088801527 0.0947395283653577 0.0957021612461207 0.0328003542012872
0.0227490779752119 0.0807051493501587 0.0690112737282976 0.00847375956052342
0.0633535523711171 0.0484830228423333 0.0492068273291955 0.020447493608819
0.0742966751790599 0.0235880822781323 0.0486395425085305 0.0331374468767659
0.0747782549485888 0.023523050063434 0.0411079651610247 0.0616865464490659
0.0576047393327495 0.0546449846096753 0.00299247036756382 0.0932920574374532
0.0143774035890057 0.0843512627987509 -0.0547482433660057 0.0992084133393262
-0.0610275105894312 0.098710928359358 -0.105273950494495 0.0285340618830367
-0.107827596134308 0.00927732695109108 -0.0887625871841022 -0.0466625393551247
-0.074969582895583 -0.0919365208038436 0.00525278148321974 -0.0285428413236386
-0.0134698892556955 -0.120851313915408 0.0144889736007486 0.126615249596277
0.0436754939032856 -0.0340338048790477 0.041441559277426 0.182881643955808
0.00894395036891013 -0.0767247190351527 -0.0313467395924418 0.180621535958173
-0.0517523479550362 -0.0485279143333314 0.00231852115631522 0.174630096437999
-0.0712899432616066 0.0282006024020646 0.0715361418082606 0.120386696352861
-0.019248737060287 0.0539183822326912 0.0867803666193121 0.0613740594383335
0.0143378991911799 0.0439578342626221 0.0825390984852988 0.0335195549942846
0.0396530584397889 0.0263344202976955 0.0703886754736699 0.033340208068656
0.0503610359282897 0.0119355207650891 0.0685010964676156 0.042359926965686
0.0525399482764006 0.0131543605260182 0.0608356724277608 0.0709587013783421
0.0446032400816508 0.0349285351866874 0.0192726907064071 0.107579358315746
0.0120020015909765 0.0636401022419132 -0.0469422980401824 0.116542373731893
-0.0515199175619916 0.0693541779052249 -0.107458089093311 0.0446572771416741
-0.07763476180008 -0.0112621223404683 -0.0937506007443452 -0.0324862795939583
-0.0325589253701944 -0.0787366245919186 -0.00098749331597754 -0.0205840640886507
0.0300780949558334 -0.0689399539286448 0.00830661241321481 0.144852019052672
-0.0560477848452419 0.0146331977300773 -0.0287915337225121 -0.159548154640446
-0.00277575251057929 0.0478158927095602 -0.040285470529895 0.0226708992268549
0.0436721965387386 0.0147013639790048 0.0991129778855559 0.0509162015744381
0.0251024636464674 -0.0337216530658637 0.138134383337927 -0.0496908096906578
-0.0120925435486605 -0.0274901114391294 0.0663352324381548 -0.143364126868535
-0.0156906411362035 -0.00642579688492924 -0.0334589751581231 -0.133430805234875
-0.0161364953216359 -0.00255381893360302 -0.0805216737203473 -0.0808581862801898
-0.017044078604992 -0.00182121173777648 -0.0851360409974036 -0.0475022931560651
-0.00546408109545096 -0.00207154647577303 -0.0903142964139071 -0.0315426620888996
0.00028916400034795 -0.00225199867241916 -0.0975572527355573 -0.0371952139894968
0.00503853099772101 -0.0068049825833151 -0.0967460426563415 -0.0690641662254088
0.0204578133177801 0.00933377997617534 -0.0671374991844094 -0.127969043416604
-0.00501164033807873 0.0336022860767844 -0.00422153480594157 -0.1630827367621
-0.0582330708958646 0.0166489117716645 0.0493553504304092 -0.159112047603053
-0.0681328826632756 -0.026576872903339 -0.0224732261188049 -0.168410835424542
-0.0803312639241511 -0.0461543286758204 1.68284701969055E-05 -0.153739407528523
-0.0521508981856316 0.0113215244763268 -0.0330865145857956 0.028832237875842
-0.0105635501453516 0.0272028618054518 0.111148119472461 0.0607411652637732
-0.000453643782800222 0.0123798635518962 0.15551345616545 -0.0506372299339022
-0.00707652034923817 0.0113657424580319 0.0760235335277925 -0.147048972108495
0.00455501981432559 0.0215818873956508 -0.0317616326552287 -0.135417643965124
0.016235970342142 0.0133336864311722 -0.0781787643609354 -0.0786490277776861
0.0155580209984602 0.00981895401411159 -0.0813959434658603 -0.0427256948636257
0.0255864424856609 0.0179957992611735 -0.087172457071093 -0.0224877253286592
0.0150826497294774 0.0376005312795296 -0.0993349075131847 -0.0242636211691629
-0.00701042204717066 0.0371195820628522 -0.103435114003254 -0.0552257482526987
-0.0270374023227358 0.0440299746980175 -0.0794833875479393 -0.117594724360651
-0.0617509380700968 0.0215126681548507 -0.0198617576758455 -0.155002630343707
-0.0918990933775025 -0.0389882467602977 0.0326922079292841 -0.134063259953472
-0.0866912235676842 -0.0973378616237091 -0.0239843086487564 -0.129172423173931
-0.0874439127140883 -0.103732905260791 0.0303095668644584 -0.122415757847812
-0.0945277354159248 -0.0384142532435879 -0.0274872888780556 0.0490981114161546
-0.0720174319135781 0.0276055880777517 0.118108960826568 0.0868214697659185
-0.0376901396100903 0.059636058750884 0.174640750822973 -0.0343955225674357
-0.00626616949123801 0.0564109563628875 0.0924412608470925 -0.138200907723335
0.0227789472779682 0.0532439290054654 -0.0186132352385907 -0.128250997016157
0.0465467695535078 0.0318044310487363 -0.0640058719212197 -0.069651156248593
0.0467936893267951 0.0201213139377377 -0.0656378277841868 -0.0323504713641817
0.0537830456329879 0.0315140170795675 -0.0717014449064825 -0.00653770481819041
0.0345644367279499 0.0649065473916687 -0.0909090204768243 0.00110225530122567
-0.00525933756410475 0.0741083783379393 -0.108117657199662 -0.0232269750886139
-0.0530976825915388 0.0827952468788983 -0.100511968476031 -0.0925455442789669
-0.104716269709941 0.0282402033715349 -0.0451807921395755 -0.141630635941326
-0.121766060405343 -0.0699304220156266 0.0183579887007467 -0.108632930789103
-0.100246655874391 -0.146037532298405 -0.0199800071655675 -0.0734945493577711
-0.0765001549870328 -0.14700557753556 0.0535718475667858 -0.0651634549253768
-0.117474721356053 -0.0918535298302137 -0.0242021346911751 0.0813283115455757
-0.126521952639197 0.0119120671099703 0.112841403668158 0.120651417149942
-0.0810728913833235 0.0936688605546814 0.18250117958247 -0.00130351747371918
-0.0118863915610576 0.0969603208282965 0.108858826778296 -0.109971897725959
0.0346993755564908 0.0818963868111623 0.00399883067872766 -0.108049128207924
0.0698829784912193 0.048574424532681 -0.0399061327289507 -0.0523971323161545
0.0711632638086983 0.0272648620858561 -0.0407245169032579 -0.0169184126207956
0.0750759084647454 0.0359230180976568 -0.0471435303714682 0.01249040555584
0.0519473817259078 0.0774036863445864 -0.0720713019527556 0.0292990157529496
0.00505506430317494 0.0959759385483 -0.102667761099901 0.015303765052621
-0.0603603065169625 0.114106113492636 -0.113972647828576 -0.0569135810458509
-0.127853178027892 0.0410233009553266 -0.0695127159497657 -0.118991021287203
-0.138089458874946 -0.0822800211977116 0.00999981957103724 -0.0853455132791593
-0.102714067270159 -0.169516453418973 -0.00882569651333751 -0.0140367050971791
-0.0504396448986495 -0.163639560247234 0.0659660191439752 0.00898614946499463
-0.110680865627774 -0.135759346667254 -0.0241406834296287 0.118508986389443
-0.154731156954872 -0.0201256332159665 0.0918055301469598 0.153052142720538
-0.119857929927109 0.100847118332458 0.170043708509107 0.0408436121613103
-0.0242857072507938 0.120351557999472 0.116252760680622 -0.0644744811721935
0.0372170735305897 0.100134923277752 0.0294522283367945 -0.0734645343975307
0.0809404612067205 0.0588157645573048 -0.00987483806890599 -0.0287544295055414
0.0845633567279884 0.0305471209635025 -0.0102171038021069 0.000761326169917933
0.0863489518475782 0.0346109593998813 -0.0167139176449639 0.0305146612877676
0.0625976380695742 0.0768097414343155 -0.0459910355855326 0.0544611860805929
0.0135425826379191 0.102376795005007 -0.0869905541780702 0.050615668058242
-0.0606058292116981 0.125868582669513 -0.115527468696592 -0.0207415052301052
-0.132305283769274 0.0425590993814864 -0.0838829925345077 -0.0917590346125042
-0.133317224132721 -0.0869384746980624 0.00804372653671699 -0.0643292084644668
-0.0877548159268155 -0.170693004630225 0.00502889693645191 0.041693494615316
-0.0176058884753665 -0.146832215917994 0.065666564868636 0.0837166605221369
-0.0782026480499556 -0.15018674713755 -0.0265263263852165 0.15204103795682
-0.14654010295454 -0.0508214740840839 0.0605058448319872 0.172630425414871
-0.134269625010531 0.0832996688608363 0.138752452573438 0.0787104281251052
-0.0350981235973981 0.119414734837362 0.109155493323502 -0.0128388475752186
0.0320019728921315 0.0999432060583751 0.0518403508132106 -0.0313584161783644
0.0783864394615026 0.0588979792293588 0.0213783351650066 -0.0027481971313738
0.0853458546086479 0.0283251983425147 0.0207993314764336 0.0180435256722147
0.0858098939325616 0.0295865504873571 0.0141708645036057 0.047016248611099
0.0640478394880728 0.067796669225186 -0.0186770030546152 0.0759628946499625
0.0169333347730875 0.0968366002999559 -0.0679073358673164 0.0780132005028552
-0.0605792011750903 0.118638492788234 -0.109167202951157 0.00878597699567023
-0.124490607205559 0.0303818723721791 -0.0887276585873915 -0.0651064231403884
-0.11031852159521 -0.0906957710902385 0.00702507349307591 -0.0451677651263642
-0.0560173870541475 -0.152719900276764 0.0145439839885775 0.088732978240559
0.0148007070125445 -0.100763597187488 0.0552275501568147 0.145288555871232
-0.0346947113459797 -0.128193077796222 -0.0304093203077025 0.174617238249828
-0.107448367690126 -0.0610936976618092 0.0286844099840087 0.177365196816632
-0.115840690590198 0.0562065897769834 0.100696841694401 0.103328615239159
-0.0328133228435214 0.0942116361117083 0.0949858306641501 0.0313755584521927
0.0238532259789826 0.0791646875525688 0.0684906779498841 0.0077142323575152
0.0637860557001407 0.0465201173771288 0.0494694229972591 0.0200463482581102
0.0728422054529428 0.0205142879892604 0.0484615737929825 0.0325776927362764
0.0740736272302038 0.0217368410793418 0.0411949869890569 0.0608958100453545
0.0574064154365669 0.0526138205036955 0.00500900847844762 0.0934679361577978
0.0162585517594007 0.0830308030977225 -0.0528504209703207 0.0993751057578651
-0.0576201086529192 0.0989579453575229 -0.104319157377845 0.0309673652555207
-0.106015423755574 0.00999867843308576 -0.0900424576417305 -0.0438162183303882
-0.07544268289363 -0.0896254008383528 0.0045702223539469 -0.0293763764221419
-0.0143344822938673 -0.117694017300811 0.0170324247274796 0.123309085116364
0.0429535045162694 -0.0347106701340742 0.0418689164427479 0.180469465673689
0.00762783609797658 -0.0757285594190179 -0.0290423766152635 0.180578350423505
-0.0520830076809313 -0.046942660407382 0.00535161441981242 0.173026398633375
-0.0684719993277272 0.0296189541646182 0.0724273179549762 0.117594708433155
-0.0180948249349718 0.053567559641859 0.0866750714022647 0.0594799196608063
0.0146469744014741 0.043230899242744 0.0820403209244827 0.0318902520550375
0.0397103182865697 0.0252321916563235 0.0705663422934354 0.032955661219489
0.04927168707703 0.00954636101069317 0.0682656356682927 0.0410231044989593
0.051854517852897 0.0115711667308888 0.0609856618058692 0.069710390027313
0.0438564356079566 0.0329382689103585 0.0208737777533777 0.107303595744891
0.0134365966240292 0.0623365674855656 -0.0452812572277177 0.116429859004698
-0.0483409008745151 0.0693235956769304 -0.106280480758312 0.0470793234125425
-0.0766417107545901 -0.0101109943137642 -0.0943972852446596 -0.0298285955275437
-0.0333292840124524 -0.0772020402752482 -0.001365841754547 -0.0211272428309605
0.0291813524064337 -0.0675971966156888 0.0109920981164244 0.141697679331566
-0.0552700260332599 0.0142108470808491 -0.0287903114737631 -0.160313551517123
-0.00247097014749409 0.0481524546997515 -0.0404981375818553 0.0243179007077318
0.0435267246330246 0.0144136288576614 0.101024211364671 0.0529705394741782
0.025313641559501 -0.0343236461941897 0.139927962238389 -0.0492256001329752
-0.0123000176737304 -0.0274871962766374 0.0694953559727315 -0.145123991821801
-0.0156240178597322 -0.00628874703611787 -0.0320977798459694 -0.136061133954828
-0.016151450046745 -0.00216564736142633 -0.0801531369252128 -0.082384594734739
-0.0166300960245389 -0.000938647631117691 -0.086172994842143 -0.0492860576745006
-0.00525957037462422 -0.00152808102883574 -0.0913572306761467 -0.0335534071101667
-0.00011984469668336 -0.00145386166768775 -0.0988330232500285 -0.0385023148068023
0.00435551918495576 -0.00641321030161743 -0.097548498480749 -0.0704773520006593
0.0201157454328623 0.00874730285737805 -0.0675141036365044 -0.12997154817345
-0.0053357613693431 0.0337117959786932 -0.0025235938785673 -0.165321570642193
-0.0586008070326568 0.0168258447488071 0.0531799705784154 -0.162782735988608
-0.0674673060448142 -0.0272563766196267 -0.0199530296103069 -0.171584855144591
-0.0791675064000079 -0.0474452905741819 0.000108989725762437 -0.154410413982081
-0.0524238324705989 0.0103370456790145 -0.0337095620789181 0.0301694454327684
-0.0109879634804286 0.0263483379490451 0.112287950472672 0.0628516992627507
-0.00084777328463691 0.0126615578115583 0.157784298632367 -0.0492895051088636
-0.00731743577806835 0.0124982789882672 0.0788501367523558 -0.149160025249055
0.00414117726026799 0.0223581574012561 -0.0298221543861616 -0.13735338919685
0.0165898028856994 0.0141841633609002 -0.0775097973507692 -0.0802220882440293
0.0162862307827769 0.0109584130431542 -0.08203951386588 -0.0443600275246853
0.0263090788191421 0.0194557470886482 -0.08835141710392 -0.023966279831248
0.0148857153487541 0.0390864996636475 -0.0999270717190159 -0.0253433595576824
-0.00846596076902085 0.0380746746528375 -0.104141980821659 -0.0566179419029727
-0.0284211436296117 0.0433748550437004 -0.080109713370387 -0.118940493651572
-0.0627126058910927 0.0202724078329401 -0.0188584466666732 -0.157360886646613
-0.0917938468727018 -0.0404251536482991 0.0354985726485702 -0.137774895184343
-0.0848825906971352 -0.0989363784179286 -0.0213890556449311 -0.132485036658184
-0.0859897541751813 -0.105940388925467 0.0305309134135938 -0.122538845341426
-0.0949229079557891 -0.0403238889772254 -0.0295868213476156 0.0507510217620482
-0.0724341813146227 0.0263830225752794 0.118847516616766 0.0894943695869384
-0.0386393165811844 0.0601416125795373 0.17734324765509 -0.032718795078355
-0.00688546556642314 0.0574070253774227 0.0953158363809826 -0.139814432916451
0.0224058044296117 0.0542694124110813 -0.0170976949536012 -0.130223125964757
0.0476351818486296 0.0329809752394284 -0.0639830601353891 -0.0706599714693774
0.0471668809419482 0.0221143938236696 -0.0666073587921536 -0.0328518676120283
0.0546295796303921 0.0326598912152938 -0.0729672294185664 -0.00735706583594082
0.0342060542893303 0.0672284904365423 -0.0917884255975892 0.000466577220502262
-0.00644287152325318 0.0752967098588775 -0.109380259342498 -0.0241824867993519
-0.0555760635018664 0.0830109014294216 -0.101465234320505 -0.0932142611881352
-0.106444649344685 0.0263332255796476 -0.0456196759012271 -0.143585145419438
-0.121895784423279 -0.0727659845783889 0.0206555277490754 -0.112102088114494
-0.0979249669219599 -0.147948630392837 -0.0181076682460835 -0.0761103744005793
-0.0746523306286361 -0.149865691566731 0.0532792915753747 -0.0644533661169947
-0.117363025841766 -0.0947221520647215 -0.0263953428604212 0.0832746023704479
-0.127318341730958 0.00967242757129888 0.113297367754091 0.123676488759951
-0.0822196711793903 0.0939632186289215 0.184528315137315 0.000382338050365297
-0.013175260970171 0.0982656216976733 0.111875785711856 -0.111220631812668
0.0340650378821451 0.083438607506989 0.00490624075869895 -0.109404945974194
0.0707364040540571 0.0502495740452626 -0.0400427375131819 -0.0533001797006227
0.0710768082850118 0.0285673214418798 -0.0409913597408596 -0.0168887393896717
0.0758404678146425 0.0371064807630718 -0.0480263150082099 0.0119310777948012
0.0517760279379004 0.0797737794896205 -0.072933402519966 0.0297668372748367
0.00390653940593797 0.0973463778335497 -0.104564221126809 0.0153607654603296
-0.0620901989278817 0.11441221058549 -0.1159563693601 -0.0571049040702341
-0.129801580243936 0.0386057467240788 -0.0707766582858832 -0.120450975885012
-0.138392292926243 -0.0853348704197122 0.0117281487849546 -0.0878961899592603
-0.100343532208854 -0.171199163406389 -0.0074310632482592 -0.0163017994548243
-0.0481856960337963 -0.166538763204266 0.0644988229590332 0.0101479935842877
-0.110806053608837 -0.13891221222401 -0.0273128105408877 0.121011330344696
-0.15525942065651 -0.0223429082849898 0.0916465600047095 0.15608908127691
-0.12119217615 0.10111365753557 0.171583399200209 0.0431190562995286
-0.0256607002859769 0.121864003339491 0.118635052274079 -0.0647762297920076
0.0361317070281365 0.101914255855049 0.0306658590493642 -0.0741230756179378
0.0815702242212808 0.0605493421421071 -0.00956256452406214 -0.029298042265401
0.0847396438198419 0.0313785310371325 -0.0102917281390888 0.00121280988693047
0.0868223207764365 0.0359925786168935 -0.0170799934910406 0.0314436774622393
0.0626005909519982 0.0789737985463043 -0.0464024247042038 0.0563044220828724
0.0128790586632035 0.104016864914673 -0.0891238268703364 0.0511458857271211
-0.062306314228536 0.127332684378369 -0.117305768692937 -0.0211629179658733
-0.133980430177256 0.0410255487242528 -0.0858666366393913 -0.0927632609718059
-0.133943581214148 -0.090311341874051 0.0084014153341794 -0.0664004067448451
-0.0852865799008524 -0.172426337567613 0.00575739268440206 0.0407444113842624
-0.0154602549522651 -0.149783830282468 0.0638542348349427 0.0862379466384363
-0.0774630875387911 -0.153367771145635 -0.0294217751078332 0.155050441956566
-0.147019908336593 -0.0529326013976493 0.0595634360661606 0.17542563968349
-0.135379308840621 0.0833999106530662 0.139170397909169 0.0808747843620773
-0.0360453384420083 0.120646545248237 0.110725339202762 -0.0121942931916597
0.0313615819704282 0.101305230306053 0.0527121237354479 -0.0310830954534617
0.0789582553449441 0.0602547442604171 0.0218013179236527 -0.00211154950200021
0.0851271878962193 0.0289150396680471 0.0209659148712277 0.0185789794586049
0.0867448441145398 0.0303027092252817 0.013332277268482 0.0484668214639741
0.0638311063440129 0.0693766062300833 -0.0189590096975855 0.0779583838548309
0.0160384508520059 0.0984273400935456 -0.0698502693083874 0.0791366537728791
-0.0613109866858876 0.120109228647412 -0.111291611818868 0.00944952508705743
-0.126344704967812 0.0288632872388489 -0.0906837041955292 -0.0657054079519989
-0.110829086038076 -0.0934139069680778 0.00727094953445134 -0.0468417812444343
-0.0531899608376114 -0.153877657448256 0.0147377962747928 0.0885335689226247
0.0168726423037086 -0.102391919641857 0.0527667034041372 0.148371970841929
-0.0339675441507537 -0.130067093070111 -0.033669376923882 0.177499107696912
-0.107972716984866 -0.0635706111350118 0.0265440132963555 0.180656142029909
-0.115860277161204 0.0559977444458577 0.100013370195619 0.105703502950155
-0.0340656030994859 0.0953847088452541 0.0957464963158039 0.032571492436336
0.0231678768473895 0.0805112233286902 0.069366108835467 0.00850148478888755
0.0640805969157993 0.0473522013511249 0.0504832707693207 0.0213958521893579
0.0727199812520537 0.0208455864538979 0.0487884256661613 0.0334078484190137
0.0743972433100067 0.0220746557753787 0.0409683326794473 0.062347207026338
0.0567124534852438 0.0537164844694616 0.00520498088350175 0.0959303967902354
0.0157641855562895 0.0839925198074389 -0.0550565264123806 0.101063204266488
-0.0580169622748388 0.099552665900942 -0.106359808461072 0.0315857061250158
-0.107637815724227 0.00903296290635008 -0.0921223721856403 -0.044246220985849
-0.0752550420328647 -0.0911895497792485 0.00477221333117273 -0.0299562248407475
-0.0119461151388198 -0.118188129869453 0.0166995095237267 0.123474253783453
0.0438520327529512 -0.0350888224940448 0.0393676890234616 0.183559294786906
0.00797859209754819 -0.0763169026298354 -0.0326168144321157 0.183780873890906
-0.0519546390590191 -0.047801992021169 0.00373702766840738 0.176427527625684
-0.0679802492057669 0.0292640226323674 0.0719879991962006 0.119939464926948
-0.0181220920548921 0.054097606659272 0.0871092973977519 0.0611570185947403
0.0146774312511148 0.0438881619980452 0.0829023081529757 0.0329816828649619
0.0396298382363095 0.0248631088553246 0.0722338673496601 0.0347078104479311
0.0488652389125567 0.00931677113824631 0.0694156343893902 0.0425605780777662
0.0517786573997886 0.0108465754000493 0.061010233099523 0.0716484660655953
0.0434034395526531 0.0335990829284502 0.0208067829196861 0.109352706051058
0.0137086707108569 0.0626008692496006 -0.0475993056116528 0.118119762741858
-0.0483105626587994 0.0699701256749293 -0.108555843419738 0.0472020694715944
-0.0779298993624129 -0.0114163176274482 -0.0964326175540695 -0.0301832234299912
-0.0330799552367798 -0.0776262933754952 -0.00119064305932434 -0.0222593649890489
0.0311071020440759 -0.0671517205512772 0.0105912813051795 0.142330756407736
-0.047514798513112 0.0371801378469236 -0.0965433166127528 -0.13724842043322
0.0181016920908058 0.0458567981974683 -0.0259089627995676 0.0421747592562602
0.0457353863125061 -0.00608024355992248 0.120089546910023 0.0041552865358095
0.00670833899082716 -0.0430705364920499 0.11230014071015 -0.11101294051149
-0.0248921281823459 -0.0194898445125338 -0.000363609841874164 -0.169485829329917
-0.0178881797742288 0.00182435441123414 -0.0910436806294138 -0.115386854674426
-0.0156571008696794 0.00450423112568227 -0.112731661590733 -0.0430301961161216
-0.0155812882835003 0.00733619526809861 -0.104054491434565 -0.00826300381608386
-0.00564093380599273 0.000698975069242949 -0.102309130774583 0.00901168798832961
-0.00034732099456389 -0.000404141399231187 -0.110877154778336 0.00681242075504167
-8.42879677484836E-05 -0.00776824510434497 -0.121614147196795 -0.0236324225471336
0.0201091495863199 -0.00255852017114452 -0.12025102194578 -0.0918921217213969
0.00978977839132011 0.0328413492036774 -0.075112149993236 -0.155270361355818
-0.0467705387201927 0.0403471532807682 -0.0196064955236356 -0.182262135141419
-0.0773399160840024 0.00286462418134711 -0.0889305490701171 -0.161175960301668
-0.0951219483851642 -0.0128073414502288 -0.0692899149911357 -0.144816349141273
-0.0439654920875436 0.0305012578556253 -0.0184335095742835 0.0466177511109408
-0.000903646118567178 0.0269166930260381 0.135496667898517 0.0118784359233873
0.00176367380904755 0.0110284871509816 0.129336830450533 -0.116602638635549
-0.00465377647958563 0.0166002994722074 0.00874205793866583 -0.176718819522241
0.0133119643813877 0.0209654299406162 -0.0883095145198713 -0.117158770753434
0.0224847213120209 0.00639963274332458 -0.108351618535004 -0.0416458129808534
0.0212371848671139 0.00549661271553897 -0.097384184912051 -0.00508201800589827
0.033646900537478 0.00741654448002627 -0.0950114861044621 0.0174233879439205
0.0312663305991743 0.0326847793696909 -0.106559727899483 0.0212971000136522
0.00683419926639609 0.0415170573753333 -0.124915017823003 -0.00685187226873651
-0.0113169682521284 0.0514261865631373 -0.131816149987575 -0.0776046829543858
-0.052156408053787 0.043974096573506 -0.0878547323651857 -0.142032628528743
-0.104741585130223 -0.000410558817679168 -0.0228079114547817 -0.153311846107544
-0.126928718085821 -0.0586755147818621 -0.0695710783873122 -0.12359638003889
-0.125047106625993 -0.0662223091214302 -0.029429770501026 -0.127829626245738
-0.103999031568756 2.32002074096616E-05 -0.00722566366429717 0.0649578618526722
-0.058638892831277 0.0516936080916177 0.151935932449183 0.0371117608667047
-0.0129186821110502 0.0695751592076992 0.15513153805795 -0.105848771338442
0.0144679367115111 0.0580846734643123 0.0304203261302167 -0.174602988569332
0.0436468332868173 0.0436853507078856 -0.071976167261451 -0.115264454038889
0.0592381952566926 0.0119104806982234 -0.0895792059021532 -0.0384052266359969
0.0550641489551507 0.00279076355315905 -0.0773720796720748 -0.0011431846455075
0.0664184343108182 0.00883061652295334 -0.072907545767494 0.0275030865632579
0.0620939908998434 0.0516929728603948 -0.08704677463504 0.0436641401094635
0.0247687174396286 0.0775547672239061 -0.117224552851528 0.0261499578732249
-0.0187474999060549 0.101401804210184 -0.144567119328489 -0.0439175383572712
-0.0926507349146955 0.0681720163764465 -0.107782482067963 -0.118809983224007
-0.148274863518365 -0.0191806365267234 -0.024696150237668 -0.123895092921986
-0.162435636493916 -0.100041446250767 -0.039931627796114 -0.0710421898742582
-0.131494596441824 -0.113660863389674 0.0153655367929879 -0.0833509328463602
-0.147651090564038 -0.0435634635760501 0.00745358746473561 0.0953397642922847
-0.116350467480298 0.0570249016145059 0.15972091455766 0.0743233634150121
-0.039156485476033 0.118766552884652 0.176586222653919 -0.0745565702263732
0.025980557052274 0.0983956930434556 0.0602698856299589 -0.154128813235606
0.0669138414476987 0.0660444331810784 -0.040819636702334 -0.105002964939279
0.0879072841067609 0.0176114994302059 -0.0576263176720567 -0.0322888374729718
0.081283402736163 -0.000754659185777549 -0.0461160452460313 0.00303780135148756
0.0887977942541931 0.00419908524368809 -0.0403236035856562 0.0349155820423497
0.0842196921798188 0.05577823075285 -0.0559240670108338 0.0639822057694468
0.0449195356253988 0.0946877931097214 -0.0961621093670191 0.0620108488550187
-0.0110752877791793 0.134959685861299 -0.144564073767471 -0.00246655075918988
-0.109918386388195 0.0901227003853011 -0.122664098889778 -0.0863945251545944
-0.170248252058493 -0.0236455199001044 -0.0229741616748622 -0.0980712280615717
-0.175540714898671 -0.121563751907185 -0.00277959296932289 -0.0176437920470609
-0.112495803737368 -0.141435346217201 0.0579152709071367 -0.0182278655306073
-0.158348911100406 -0.0881809987544123 0.0220978910579232 0.130739816808395
-0.155033523033958 0.0381984988114431 0.150900654083511 0.115147216691841
-0.071401406440766 0.141319932415204 0.181931585660948 -0.0264925442763873
0.0244214657884872 0.125415609683677 0.0876763342152827 -0.111715988533344
0.0769987902637566 0.0823525833717682 -0.000904784938940877 -0.0827912553248325
0.10244230319415 0.0232082529346965 -0.017574486478754 -0.0226054689799682
0.0950307540468501 -0.00411258525403854 -0.00855225458229807 0.00698456884166175
0.0990232861862442 -0.0019585224971106 -0.00254394730725562 0.0397120727231086
0.0938453852532298 0.0506417346085153 -0.0187887779248984 0.0771354464423759
0.0570195012597257 0.0968889816052161 -0.0657561073940491 0.0890670188651281
-0.0050770956645011 0.146841720832469 -0.130835730459603 0.0329790162949004
-0.114533524934421 0.0945080704541853 -0.124925150347288 -0.053014603555744
-0.167933831949857 -0.0299397343620616 -0.0163891530546391 -0.0747679456097955
-0.161048674319184 -0.128343206027745 0.033851900812813 0.0322580682918536
-0.0734323199452187 -0.139047805839318 0.0902774003798459 0.0538729778713133
-0.132808009388361 -0.115785314729299 0.0340546770468558 0.163411284463658
-0.159112630446661 0.00588018910332653 0.128289491418177 0.146684467587173
-0.0909618035844942 0.130946289243172 0.165975750829147 0.0236347696058342
0.0144199249644813 0.127169842699241 0.103365746270955 -0.0583339933576421
0.0725816245281098 0.0833892107992713 0.0390046081644276 -0.0516217181159571
0.100207459192952 0.0238596917793208 0.0247503874467672 -0.0107503546449701
0.0937892384447329 -0.00798284292806085 0.0295599464219096 0.00996390698007392
0.095893139891049 -0.00725782402894359 0.0350830694768695 0.0420753054780689
0.0911882205788701 0.0401044276567409 0.0173432025381248 0.0854409879537267
0.0578171285363639 0.0894448278281751 -0.0349514196325968 0.107852085086715
-0.00670235382515848 0.140642179254126 -0.111506335905504 0.0584878949386198
-0.111532495539176 0.0801213938905326 -0.11664540231995 -0.0252645821243267
-0.147377098320974 -0.0423560536264034 -0.00928221098979886 -0.0541935180983057
-0.121406589059432 -0.124990232321426 0.0616945027493315 0.0757474681618614
-0.0234939705992526 -0.107190207399982 0.108580471303568 0.117557094296693
-0.0824051605728722 -0.111196169337163 0.0416470586337154 0.185047778036163
-0.125919169934325 -0.0188382516263612 0.0991482988440143 0.16352503541131
-0.0831118363812569 0.0974752704049144 0.140101947062749 0.0627402910149421
0.00703023065395477 0.102343931768765 0.108655457217253 -0.00926417597282083
0.0560851075638487 0.0662493632462433 0.0716384341371663 -0.0213626987398373
0.0803523452665148 0.0174749349896204 0.0614671042398966 -0.00107889820018226
0.0781553859732899 -0.010766954417963 0.0631398752343251 0.011091580920367
0.0800580593501461 -0.010863043781634 0.0677307923562841 0.0429820134633991
0.0777140577085778 0.0276452952190439 0.0477125558281157 0.0915231968151402
0.0513275968252271 0.0749690842769985 -0.0113547885801799 0.121635068978989
-0.0122131286441624 0.119533681025573 -0.0957959714147912 0.0769976991623408
-0.102381912079415 0.0536871491513403 -0.10734551988244 -0.00390322669946362
-0.112274696781046 -0.0553116550120382 -0.00481417562620023 -0.0354514629753362
-0.0643021763863623 -0.109067776823696 0.0760550604393594 0.110614648620451
0.0296139923366017 -0.0541336774470952 0.11389508213963 0.157293665581203
-0.0210315685282028 -0.0772739941476386 0.0468903108292659 0.189942371212278
-0.0666709046294914 -0.0263441922446159 0.0767882181425126 0.166769630736019
-0.0489528688677115 0.0535638164499694 0.120295285079025 0.0857842008633491
0.00530783187954246 0.0568840323873317 0.111526852437835 0.0207894163824484
0.0322128117377511 0.0347641350130318 0.0943196571236312 -0.00463221182706193
0.0473779201285544 0.00646727571385343 0.0865345034918799 0.00128639034730734
0.0497497915450595 -0.0126324663290751 0.0852241594700264 0.0095711064586019
0.0539720502586189 -0.0113577750989203 0.0905217738456587 0.0426142407646794
0.0556922875125713 0.0133540317119877 0.0692053892439393 0.0967331135427265
0.0408069937462964 0.0546749185102143 0.00404404698923384 0.133929120623226
-0.0157425532959929 0.0875193071882552 -0.0889158600095079 0.0928002509587545
-0.0818264637502227 0.0214936361091902 -0.10434240095955 0.0113710923574649
-0.0657230604408996 -0.0603371857822693 -0.00744127896751525 -0.0228726792843777
0.000358056392204603 -0.0785820859316664 0.0742106324383085 0.132737195297833
-0.0486209402141761 0.0395957027495095 -0.105658184254407 -0.142533178480358
0.0204823118174725 0.0481504728245978 -0.0257457481659126 0.0460841374234582
0.0476175009186619 -0.0073813001281103 0.129085492504835 0.00172716674149202
0.00580606520345433 -0.0464380434091861 0.118215631659858 -0.120961154896832
-0.0266087004372022 -0.0196230425469017 -0.00329980508058241 -0.181781900908717
-0.0185858834654519 0.00244387786349362 -0.0990901344176384 -0.122381305796723
-0.0160163594539166 0.00550897393690101 -0.120360573342418 -0.0437890753630379
-0.0150436586915888 0.00897265534767991 -0.111455699306676 -0.00661831470320549
-0.00551997812902739 0.00121436980308866 -0.108778297575337 0.0120669299899098
0.000253938748934078 -7.57983738622937E-05 -0.118268833489401 0.00905611289205696
-0.00101846168078851 -0.00750587569783058 -0.129088962119049 -0.0225224957772531
0.0199523991945663 -0.00306505015414822 -0.129630300486343 -0.094976402248505
0.0107306697801499 0.0339121811237954 -0.0822769312516412 -0.163845142519947
-0.0479907287575866 0.0437004536391839 -0.023758726118666 -0.196599796314379
-0.0805514794083061 0.00420454340329995 -0.0968200481298009 -0.172012208821084
-0.10015570954863 -0.0123318605248261 -0.0768953370350845 -0.151474089741766
-0.0461067409319041 0.0328163766308508 -0.0181384779572769 0.0507995028258897
-0.00120427260933792 0.0284600687173073 0.145040384751297 0.00969211977326531
0.00191117982739378 0.0112366191662023 0.135835803988837 -0.126513056712692
-0.00428199028987023 0.0181636393696503 0.00603510950128102 -0.189607912620641
0.0146759633618314 0.0223670706291372 -0.0967726891728516 -0.123530621158082
0.0243721825819477 0.00657098474742792 -0.115206102918115 -0.0424046864331804
0.0233038037711808 0.00632520514228229 -0.104291313731303 -0.00295173950445474
0.0364562691123111 0.00779021273127866 -0.10097195628892 0.0210540277151331
0.0348643560555603 0.0351481011602861 -0.113091296937377 0.0249849508135025
0.00742077687836077 0.0453250071858054 -0.132961938444047 -0.00503226668736674
-0.01201072370487 0.054801082451182 -0.142013612821841 -0.079563569182095
-0.0551980963515546 0.0467958761833407 -0.0961279100261122 -0.149461242215202
-0.110150681785384 0.00108774232918218 -0.0274032482885378 -0.165410086105957
-0.134104851549114 -0.0606687909641924 -0.0764226782873065 -0.132253802177165
-0.133255732227647 -0.0689220592126281 -0.034639114002704 -0.134170617279708
-0.110756134586575 0.000756551706170905 -0.00630795129910743 0.0706959916677025
-0.0614476816970631 0.0551154190354132 0.162770945273783 0.0361690553690853
-0.0121790529168097 0.0737466594752706 0.163079384754248 -0.116019949636235
0.0172704797949293 0.0621425390431916 0.0285855485696812 -0.188019313233683
0.0475596160959401 0.0463210329491353 -0.0784819568602832 -0.121713015228016
0.0635524100037582 0.0112069248369619 -0.0955737804775211 -0.0392340657793147
0.0590496788907193 0.00229112895255154 -0.0823584685526036 0.000655908672761368
0.0716021370927337 0.00818884364294115 -0.0771901365556835 0.0308574792575166
0.0677082550302642 0.0550611421600362 -0.0917409272710162 0.0485898728433342
0.0274763876627993 0.083067583654763 -0.124543007711981 0.0305230938300593
-0.0188138909079254 0.108553853020017 -0.154557503079994 -0.0427018286289848
-0.0980526773043068 0.0731794619496036 -0.117736704283886 -0.123430116200159
-0.157958321144318 -0.0176373375186297 -0.0294586580748727 -0.134105318682324
-0.172111321152499 -0.10373233000561 -0.0440124861827941 -0.076851673732671
-0.140777352186956 -0.118549093979875 0.0137260213726681 -0.0877001877911304
-0.157372767075175 -0.0440901241390565 0.00987842139965296 0.102627946754733
-0.122207043576184 0.0623334130322973 0.171743676550707 0.0763722461895001
-0.0387403467983307 0.126679507372293 0.186320935737239 -0.0828298123232991
0.0299660990333628 0.10477694996742 0.0607692707294596 -0.16611152237813
0.0729948277568573 0.0701216072634166 -0.0450126030670223 -0.111452548589452
0.0940285600227472 0.0171485828524285 -0.0611015549839198 -0.0331327637730367
0.0862158362765171 -0.00219452655124222 -0.0484830271175231 0.00473970917070017
0.095026786352367 0.00261623076508746 -0.0426722931343465 0.0386264701118559
0.0915434133623482 0.0590033784970631 -0.0577606845603645 0.0692808983306188
0.0495674595740863 0.100609089339573 -0.101485440613225 0.0689103950329985
-0.00942540165014401 0.143863108056041 -0.153743974090299 0.00153209210025815
-0.116647836444939 0.0972765651404497 -0.132901378327298 -0.0879068937240625
-0.181553778284035 -0.0228210820076884 -0.0268848846476534 -0.105662175187989
-0.186370236039752 -0.126195669579981 -0.00321244436337219 -0.0211430860467712
-0.121383609831937 -0.148407545602792 0.0592782844115134 -0.0197034659427766
-0.169935311577604 -0.0918004050362367 0.0258199347649845 0.140068689131847
-0.16402363860808 0.0426024641731445 0.162983852940823 0.119588503498537
-0.071999892008934 0.150745234332117 0.192937922941872 -0.031918930225788
0.0285998318548386 0.133641718215365 0.091021976333338 -0.121975002590954
0.0840034663853859 0.0868257696950932 -0.00240922081759967 -0.0877278146882727
0.109821106575144 0.0226713594103254 -0.0183475347526087 -0.0234072036494439
0.100400830510287 -0.00622475572173823 -0.00857509666783708 0.00800957525537951
0.104950261985841 -0.00484841966918881 -0.00148767058222673 0.0430547032637357
0.101725269462 0.0527241093611434 -0.0175629142199519 0.0832624904753242
0.0621496036155777 0.102443947168782 -0.0689590885421391 0.0976850223149308
-0.00193941770175615 0.156418437079303 -0.13812632414065 0.0390805153801551
-0.120604790597896 0.102550406209733 -0.134488828028059 -0.0522985172473033
-0.179104849308774 -0.0290657391469868 -0.0196234381001674 -0.081367824963797
-0.171090883246102 -0.134297953237995 0.0366854071307175 0.0316325914124114
-0.080140196038243 -0.146805082597797 0.0959253956802882 0.0568497867436175
-0.14368665477538 -0.12135808874231 0.0391948811122366 0.174283460102173
-0.168904105654343 0.00821642703375111 0.139081102588783 0.153465569271923
-0.0926704566421736 0.140372281507847 0.177049833216901 0.0215007551697407
0.0184282536333538 0.135680529224363 0.108924235915512 -0.0650492991225207
0.0793927379573694 0.0880916763328174 0.0404703103280457 -0.0555449138441245
0.106933226107128 0.0235670660742655 0.0272116841642077 -0.0116110897926356
0.0986874541124869 -0.0101005137600217 0.0323601496762425 0.0102543365305339
0.101322097276265 -0.0104113311156135 0.0385189601336383 0.0451439771675674
0.0979023776714173 0.0412944081670068 0.0211598846477835 0.0913249641976274
0.0631179405208739 0.0939971237046153 -0.0355550659141952 0.116900999691402
-0.00303587759407904 0.149335356566626 -0.117434896921301 0.0659559156230423
-0.117819357892143 0.0868138275749871 -0.125402517028092 -0.0226506147071458
-0.157358612906187 -0.0423971522993008 -0.0116676036115991 -0.0585690959257856
-0.129427216867646 -0.131232883283979 0.0666261639473606 0.0775828670503174
-0.0268176260510148 -0.113442302396738 0.116328806482815 0.124087784987386
-0.0901397705447542 -0.117103646122896 0.0475053486242263 0.19704833658852
-0.133713025167138 -0.0180545051390141 0.10818049890089 0.171497962164658
-0.0850503056604412 0.104941264213474 0.149976500885533 0.0641497711325201
0.0100989107950086 0.109081953591466 0.115242066467773 -0.0125184485391148
0.061817821004016 0.0697291396125611 0.0758847497449144 -0.0242539667114186
0.0856270951836371 0.017115240839771 0.0666673106592624 -0.00218178068003017
0.0814171410218677 -0.0130611406019016 0.0675137348192539 0.0106355458864816
0.0841880061415624 -0.0137271856036793 0.0734440309765595 0.0449229517992405
0.0827035048657691 0.0277964364658332 0.0532436041195066 0.09670564383346
0.0561398988329011 0.078389204982418 -0.0100441172645505 0.130672687464854
-0.00959025759870212 0.127186263121322 -0.100087221810877 0.0849057535798527
-0.107915116987721 0.0585167445630434 -0.11499095067098 -0.000875432099587852
-0.120347695654794 -0.0565013662451879 -0.0064559842459951 -0.0385296698719892
-0.0692548339153683 -0.115093689204024 0.0832629666842036 0.114761843809105
0.0299908175684414 -0.0583747151613192 0.123110767615482 0.166248927101781
-0.0241759855216968 -0.081987310370904 0.0528993517101981 0.20194444946441
-0.0713982334514771 -0.0266456927351077 0.0848428632937102 0.176341110631992
-0.0494852612497767 0.057686480883738 0.129491658051299 0.0889035513152151
0.00758004886446549 0.0601477460620188 0.119343819593761 0.0197989630398772
0.0355831321759383 0.0361855749825658 0.100714808934873 -0.00634061646438643
0.0500371883612638 0.0055124063868924 0.0934304642530475 -0.000329382193968819
0.051213422991532 -0.0148913883624279 0.0920488991119409 0.00853535555644256
0.055967712746123 -0.0146807486046939 0.0978089659822239 0.0437702604767531
0.0590131368736072 0.0131675831470147 0.0764049311326711 0.101654575877295
0.0443280403884167 0.0566130902033341 0.00699105562895337 0.143316381830657
-0.0136897342293295 0.0927196908501337 -0.0928540726882618 0.101151733898382
-0.0868544501210093 0.0245987966232445 -0.111163196756045 0.0155793758847606
-0.0700718197208952 -0.0626646176465857 -0.00924565693770787 -0.0248668751839495
-8.77433665625836E-05 -0.0843712534390236 0.0818220326117424 0.138337807353152
-0.0480631711301443 0.0434107952695368 -0.117437448525085 -0.143804346659913
0.0242556858853293 0.0490968808044797 -0.0238329268481741 0.0503616426741017
0.0489997801962448 -0.0104617155327578 0.136792450406396 -0.00466857684690691
0.00294896328406672 -0.0487873664601023 0.119509347356949 -0.13356688464385
-0.0289577024645876 -0.0184221938032555 -0.0138459852859258 -0.192736603875062
-0.0184299949062607 0.00371220204002699 -0.111164859863196 -0.125267221976169
-0.0155585338378836 0.00633109764235756 -0.128278237009854 -0.0408688231714316
-0.0144392422145261 0.0108557079033907 -0.118598843023744 -0.000925996793344325
-0.00527807439744631 0.00164402094409734 -0.114841456751126 0.0184167255262134
0.000748107879282565 0.000702774787865543 -0.124063878085719 0.0154401318313568
-0.00212045304596991 -0.00690727633570493 -0.137248333032643 -0.0174768317464763
0.0192679021222093 -0.00456666573442465 -0.14138961292458 -0.0931824098960963
0.0129549984710626 0.0342880223677738 -0.0942304976037694 -0.168986891174495
-0.0473638939927593 0.0485516650915172 -0.034471075226887 -0.208499389141122
-0.0828898072373687 0.00790482017755088 -0.110110771324995 -0.17781625181518
-0.104562277994453 -0.00879702164338635 -0.0887547521193315 -0.153764585273492
-0.0463993512625223 0.0364384255292648 -0.0159560652376848 0.0555678608650712
-0.000177763645824117 0.029788139884819 0.154110487501523 0.00303599900150589
0.00199894189967519 0.0115282372151452 0.137365091262128 -0.140284407263169
-0.00289174342465663 0.020129552585929 -0.0041530159220668 -0.202385413150672
0.0175345222172188 0.0235673210355109 -0.107626309900185 -0.126673719661583
0.0263509057926365 0.00609450801600277 -0.123243068469205 -0.0392275240949237
0.0257440086915113 0.00609465405376108 -0.110101130769875 0.00255536204069403
0.0393405636133764 0.00679751261408485 -0.105943779947826 0.0275059203462205
0.0395803274910156 0.0358276462863554 -0.117985029300483 0.0322863451201855
0.00903454922731314 0.0486328832687333 -0.140490484863392 0.00177700004521081
-0.0111074920871222 0.0584795200112242 -0.153194373712419 -0.0758690486983727
-0.0561937134618675 0.0508581634134124 -0.108540413697516 -0.152308940094635
-0.115753281315279 0.00591576440935621 -0.0371119822257835 -0.175839589094842
-0.142312649788358 -0.0579272239857443 -0.087005762753984 -0.137116480254691
-0.142362784092628 -0.0662859660692658 -0.0435295080605967 -0.137881465781098
-0.11591200229681 0.00593597831401016 -0.00265356322833175 0.0757323410422862
-0.0620254891485455 0.060482901326368 0.174034261668293 0.0299223881529014
-0.00902694585475849 0.0779866037294788 0.166623528999053 -0.130711552389867
0.0218525460267749 0.0654298247308699 0.0200751499852062 -0.201388807037028
0.0530988517116297 0.047359652250584 -0.0887995871158418 -0.124961543621709
0.0680332903030057 0.00870493264184462 -0.101650909226695 -0.0363995079854388
0.0626048171521785 0.000487415136555668 -0.0867267992259489 0.00487210020223188
0.0762546683693417 0.00531497854089577 -0.0798958617781995 0.0371401884429704
0.0758977560067547 0.0553355553275849 -0.0944472161256354 0.0559357467904369
0.0325025882004129 0.0871466317381995 -0.130154332828409 0.0397153151167242
-0.015475782978734 0.115347361446032 -0.165057628547106 -0.0366540882903068
-0.100602780348558 0.0809984856571929 -0.130941974069489 -0.12301954828339
-0.167413066520906 -0.0119323637645311 -0.0378003772744705 -0.14157036663053
-0.183654557130327 -0.101939169067589 -0.0502274749146478 -0.0814360494119687
-0.15335171126707 -0.118198484525379 0.00931225317349256 -0.0918077902082874
-0.167660541783024 -0.03967082862337 0.0153753453870083 0.108489192027841
-0.125201432954487 0.0712020110893769 0.184565513878116 0.0714325056589193
-0.0341169501384903 0.134596981604814 0.192490424504355 -0.0970781520186184
0.0373768509962868 0.109616779323162 0.055030026595893 -0.180276832933385
0.0811564133817188 0.0709295708150172 -0.053163770415691 -0.115616427579212
0.100467385244681 0.0135065834526675 -0.065294172247809 -0.0316200418016017
0.0905088685956139 -0.00578556925558414 -0.0504344304638911 0.0073692557654211
0.10048300272824 -0.00204265722446861 -0.0424722136500641 0.0440799617329058
0.100849054330359 0.0581075221970959 -0.0570765980246628 0.0761764043415736
0.0568861867819832 0.104417173474766 -0.10336006902582 0.0786001004086609
-0.00266194302407625 0.152231561673913 -0.161758948782666 0.00993101113528688
-0.118875801206909 0.107297144796243 -0.145161385568636 -0.0841759134104882
-0.192283885850044 -0.0162152506030018 -0.0344818976235669 -0.111375854584114
-0.199637407157783 -0.124545809244242 -0.00497432019180858 -0.0245613618184446
-0.134199021312261 -0.150677842334082 0.0608008968667687 -0.0225706614370445
-0.183626334028887 -0.0890019548252326 0.0341056000059417 0.147201435791683
-0.17018959907787 0.0519438416526689 0.177620324888045 0.117818334339712
-0.0677067218749937 0.161831805715031 0.201294054743139 -0.0435127209470955
0.0372652029654315 0.139459837256917 0.0886717079917949 -0.135100463868586
0.0938155125128006 0.088181934846478 -0.00727896825372364 -0.0927474102503817
0.117355258441748 0.0181449455833063 -0.0193971400523919 -0.0233941474512688
0.10478012324921 -0.0112171634856747 -0.00793855731972888 0.00860403494922574
0.110021837075745 -0.0102653207604135 0.00110382535516103 0.0460832612206875
0.110472491851839 0.0511486075072 -0.0136498899555789 0.0891686855319654
0.0704424381073927 0.105719843216762 -0.067720624595125 0.108090034705541
0.0064116093533096 0.165055229789591 -0.143306910894901 0.0493394679986831
-0.122575881189616 0.112936335092822 -0.144450505504135 -0.0459060312663545
-0.190342396012888 -0.022496350049221 -0.0263862296735338 -0.0858285266384214
-0.184942341803829 -0.134085396928444 0.0399428611992349 0.029501942889684
-0.0914138242975922 -0.151074782435653 0.102232642191773 0.0558995564175369
-0.157161115980366 -0.121683840827767 0.0493632208966462 0.182332901028993
-0.177017759651098 0.0163536782191734 0.153503157957091 0.154886695464626
-0.0901774209845712 0.151876186482878 0.187360498501761 0.0136395538935435
0.026822594995838 0.142714330874629 0.11092084609366 -0.0754165232582918
0.0885509245708499 0.0894260766235452 0.0398878552911114 -0.0604345366011257
0.113906983236352 0.0190014644022155 0.0294379235998913 -0.0135441386767036
0.102338698232331 -0.0155807026464709 0.0354235018726189 0.00883601545840593
0.105478003207912 -0.0162530254595075 0.0436858316412734 0.0461345009092244
0.105736423626356 0.0390036366410223 0.0278201763535434 0.095269888668566
0.0708657399201238 0.0962004727228792 -0.0313432516456753 0.126736667823031
0.00503456532134414 0.157046816277034 -0.119914373059924 0.0765701603182878
-0.120660700266942 0.0974252261107048 -0.133286721491975 -0.0155937903304307
-0.167101532980134 -0.0375857065899582 -0.0169598594831406 -0.0618119903900941
-0.141205963931187 -0.132387175585702 0.0746635998665558 0.0763709916877358
-0.0338888669364395 -0.118647490865908 0.126953684832966 0.126083711682157
-0.101235843096432 -0.119291058802725 0.0586780825888362 0.20646308092175
-0.141471508382283 -0.0128150596944951 0.122121529987764 0.175817446419733
-0.0825525283857562 0.114094893885398 0.160801646646008 0.059865384170101
0.0165762542836736 0.114597298562439 0.120326282073629 -0.0196020953456416
0.0692927671720079 0.0708503233722359 0.0791966273871787 -0.0289667187264205
0.090776776303853 0.0133172367474848 0.0713450987583775 -0.00605119467198193
0.0835610634598793 -0.0180374071184716 0.0726774855991008 0.00713751741445246
0.0867395103680773 -0.0192580772200594 0.0807513473092511 0.0438471748065266
0.088474601532613 0.0253771544721678 0.0620796612365264 0.100000771390665
0.0632762055766871 0.0795119888967872 -0.00375944054937792 0.139610205012881
-0.00211438601751473 0.133517299122348 -0.101561268857676 0.0953805127328576
-0.111590986374678 0.0673093125996284 -0.121295494186006 0.00652782169278517
-0.128685070691511 -0.054182191206655 -0.0103796046526413 -0.0408512128763524
-0.0774302547212498 -0.118407436335455 0.0935226105741665 0.114372136974394
0.0287033551653228 -0.0626118914239198 0.136278999602405 0.170218378839165
-0.0297640411406156 -0.0847306796880925 0.0652583118118272 0.211334762862666
-0.0758696803997051 -0.0242991215714091 0.097523418796283 0.181711650626452
-0.0477644451887677 0.0624657775456846 0.139896915563745 0.087041613943849
0.0113480332280303 0.0632972029848211 0.126290836674083 0.0144355370729564
0.0397051598226098 0.0361449485754608 0.105836468635201 -0.011578771681671
0.0524215894684644 0.0033009125661282 0.100014524094535 -0.00561534501200265
0.0514989464743374 -0.0180834893358316 0.0981890095680256 0.00377605578630071
0.0566443499373704 -0.0185891236130559 0.106316352707055 0.0409614665645202
0.0622430914844232 0.0105033247993513 0.0864529062904333 0.103930086384715
0.0500047961909651 0.0565071367293347 0.0142174790971667 0.152505981056672
-0.00862739789307413 0.0980384809591538 -0.0928334569809812 0.111890503741986
-0.0904665329918562 0.0305796178179416 -0.116106713841222 0.0224655727238613
-0.0763604806960762 -0.0619618455348392 -0.0121261485514154 -0.0262559044089614
-0.00469274621939856 -0.0892017803736029 0.0933565069638131 0.140278998330423
-0.0452042189309621 0.0453712057473754 -0.12850079703968 -0.139163555263146
0.0279186256865339 0.0488736750216614 -0.0207990153121424 0.0532406064759712
0.0489802071095026 -0.0134650683504132 0.140914216333866 -0.0130088428004183
-0.00114654973488267 -0.0499633801979246 0.115801014659959 -0.144907067533956
-0.0301361330224755 -0.017019616033382 -0.0262559666918043 -0.198205628118862
-0.018362826721917 0.00465166486274296 -0.122513356994843 -0.122997033770258
-0.0152664897079195 0.00788020996041615 -0.133845551525633 -0.0353863792564798
-0.0129911149093729 0.0122962325483831 -0.122173967462673 0.00626983151220349
-0.00441878179982176 0.00232223120555672 -0.117604360788252 0.0256863334955178
0.0015268941190373 0.000792536080973945 -0.126583544418588 0.0233226931084517
-0.0035450788343929 -0.00595419907353446 -0.140498081549348 -0.0103557050086331
0.0185927815194151 -0.0051897353770427 -0.149982804453577 -0.086640005517007
0.0147115391264864 0.0335203475449043 -0.10563265993799 -0.168043414864321
-0.0450799286458114 0.0520754608439864 -0.0473456959646042 -0.214081225259036
-0.0827418804352403 0.0117657763824961 -0.12318181235327 -0.177628146403977
-0.106351562726393 -0.00401186854045463 -0.0999202274158823 -0.150980091608802
-0.04532281069862 0.0391397265786294 -0.0127158622482927 0.0584194527096351
0.00108211066453592 0.0304347202938535 0.159050213779236 -0.0064379116157644
0.00199727121768012 0.0113083779236556 0.133374360210894 -0.152539231664779
-0.00138976474970153 0.0209316489737278 -0.017231736742618 -0.208521648764543
0.0204792886567849 0.0233464738799631 -0.118930536619857 -0.124297434819639
0.0281243741214364 0.00497531853928178 -0.128153479069924 -0.0334529769711272
0.027759771438287 0.0052459011431705 -0.11363659008273 0.00914475736400511
0.0414982892414874 0.00507998024399323 -0.107071490955128 0.0350167464950577
0.0439602381735214 0.0347423160600496 -0.11889540993987 0.0397625058708663
0.0114458441562037 0.0507277106530985 -0.14318770331045 0.0102503399403531
-0.0089977183316468 0.0612754677246984 -0.161251994011601 -0.0675350863088351
-0.0557131502415861 0.0543345052581181 -0.120126100469106 -0.149429373426971
-0.118093454520977 0.0121463696420316 -0.0482721059714479 -0.180614250238403
-0.146283872485792 -0.0522579416469239 -0.0966583165783294 -0.137475166217804
-0.148336643227865 -0.0604259608345565 -0.0530968386774194 -0.1376779446385
-0.118145621819479 0.0117699687265831 0.00149167999564932 0.0785614199280177
-0.0602167227491196 0.0653635154184134 0.180781919208841 0.0207729606066871
-0.00521996533531946 0.0796450353172586 0.163146784874492 -0.14355454700109
0.0264355680667343 0.0660581008078081 0.00722119381017632 -0.208970121397204
0.0581875026625294 0.0459393960325924 -0.0988364647775915 -0.123652121221435
0.0707994113655141 0.00517728556376296 -0.105690809589466 -0.0319645244338517
0.0647486321428989 -0.00210573372517874 -0.0886076652548826 0.00979531367575424
0.0789572025712683 0.000925516882857647 -0.0795256540708694 0.0433860718117558
0.0820824961337718 0.0532907927276806 -0.0928787037619307 0.0630022352965143
0.0380556700341242 0.0889889794610839 -0.130846043674754 0.0485479872588869
-0.00955503383969816 0.119413743610652 -0.170783991326329 -0.0270638684611202
-0.099497118918721 0.0878739817365479 -0.141068400656178 -0.117813618509231
-0.171599556723119 -0.00379568594806604 -0.0481977713745083 -0.145188570600674
-0.191971480393716 -0.0952548381938972 -0.0563444277522548 -0.0823358542816541
-0.162350146878346 -0.112680996283083 0.00376461845224429 -0.0934216233224082
-0.173781797577756 -0.0321041780724041 0.0218494662327774 0.110893453170036
-0.124402465809591 0.0789041376802098 0.193999103183311 0.0625244468219178
-0.026897207781543 0.139021194674089 0.191313452381899 -0.111211899668539
0.045045138561672 0.110392066853205 0.0437089593572042 -0.189476044955244
0.0883149023471731 0.0688564637671224 -0.0616473249142789 -0.115347526335217
0.104142668323385 0.00856064955808149 -0.0681654474860391 -0.0290367929120642
0.0923494681563422 -0.0104719974642725 -0.0509873115039364 0.010389224621252
0.102651466414055 -0.0076776508449899 -0.0403606525882501 0.0485255299063186
0.108043653575922 0.0542099827749721 -0.0532264427897497 0.0819656623989811
0.0640260790382062 0.105235210468153 -0.101372911775854 0.0884493246908938
0.00538416932047957 0.156554849257467 -0.164868788668497 0.0208739902668256
-0.116528446103379 0.116138535647523 -0.153552505476608 -0.0762536323270692
-0.198123173866601 -0.00694322641551265 -0.0435136265616501 -0.114042885255125
-0.209555264533003 -0.117338032663445 -0.00694056386610987 -0.0268309157377486
-0.145052758730657 -0.146723142805002 0.0600453201662151 -0.0255027257485744
-0.193045908755865 -0.081697834515065 0.0423436493398362 0.149130612624875
-0.171050750249102 0.0618040169927402 0.188513520972818 0.111217478113737
-0.0594885731959051 0.168309375845427 0.203501136015245 -0.0568162262044865
0.0469517514315823 0.141276411763537 0.0815056844007711 -0.1453283554186
0.102213491411815 0.0856489562652301 -0.0127831469929972 -0.0946915642418857
0.12157982796721 0.0120034113370546 -0.0199261159239243 -0.0230248996656876
0.106397341350864 -0.0167436024216109 -0.00685640594587992 0.00888847450907442
0.111885448049836 -0.0169834405161324 0.00421664140112536 0.0480030373206424
0.117598338242254 0.04602285943211 -0.00797085369896417 0.0922298681999727
0.0783741021640249 0.105064142141317 -0.06271460146809 0.116556947437485
0.0164069280387849 0.16868794631132 -0.144129517765029 0.0599897632952514
-0.120148206495597 0.122951935242831 -0.150746938873321 -0.0372611295144262
-0.196311765947989 -0.0133804928235656 -0.0335451984982069 -0.0874256712629704
-0.194551028141948 -0.127413155563866 0.04218762257085 0.025426698535782
-0.101398067813636 -0.149331391396312 0.106468737626504 0.0526603928106844
-0.168404606265166 -0.116240011210551 0.0606180681374607 0.184102086529461
-0.180131331756284 0.0260693006651024 0.165781745292462 0.150334720357199
-0.0821115488980858 0.160178526827795 0.192199298214657 0.00241373599523036
0.0365726104673023 0.145308644374515 0.107791600357058 -0.0851482884533417
0.0969480126177828 0.0874100264956562 0.0372951468655015 -0.0642479970013422
0.118242461849954 0.012914393325528 0.0305720005410817 -0.0159995516700378
0.103400184425755 -0.0213771865498353 0.0376068018411536 0.00641700125089627
0.106032370338288 -0.0230460816719393 0.04827225167482 0.0448806146749177
0.11132159498151 0.0340054519379836 0.0348123342213446 0.0965702304689029
0.0786988092452615 0.0946706329668672 -0.0245396137520314 0.133040617774203
0.0154136235801934 0.160317906034404 -0.118641569837747 0.086252157147545
-0.118506822083176 0.106669807914455 -0.137691850560482 -0.00684970676502028
-0.173409285597445 -0.029784377166141 -0.0221433306268709 -0.0633963566532843
-0.150566867105682 -0.128477284142751 0.0803060508315303 0.0719541458384359
-0.0414298839651437 -0.119525853793031 0.135772273277637 0.123005459829235
-0.110444647453713 -0.117480453840148 0.0714057634622673 0.208392914680835
-0.145837902900293 -0.00555191154725293 0.134547416555109 0.172599945008599
-0.0773573529869415 0.120818854741832 0.167737285085865 0.0511987540023905
0.024551162477793 0.116643372441164 0.121620220515558 -0.0280994260186728
0.0756371140229151 0.0690082161301767 0.0794579159100013 -0.0341265139661422
0.0937576643643662 0.0084613103325944 0.0744985879835549 -0.0110780338841343
0.0834239663782065 -0.022851693812032 0.0761114487026093 0.00287103119966018
0.0864850516806335 -0.0251673345921196 0.0859771003912053 0.0403652126117689
0.0918407915700048 0.0206942976768137 0.0704296189209984 0.0988272430920659
0.0692031277331654 0.0775411980053646 0.00469152607052987 0.14513759509672
0.00650712315271835 0.136772099912644 -0.0986015914229798 0.104497867295192
-0.110513139752356 0.0756854220844327 -0.124230661612961 0.0154355757728394
-0.134983656100322 -0.0482132253959362 -0.0139368032980761 -0.0417895846608999
-0.0852806129330102 -0.117272465183897 0.102151962750431 0.110062179045689
0.0260044844461972 -0.0655755163979412 0.147980675534168 0.167557371487664
-0.0355873932743783 -0.0844917371305079 0.0780917326617492 0.213038680405954
-0.0792066472790063 -0.020648531693194 0.109793596657388 0.18061874703924
-0.0437916248949576 0.0659762050495546 0.148373785277706 0.0812419574410904
0.0163508619753361 0.0642697636504442 0.130237071219878 0.00732402939570615
0.0427827607002007 0.0350024266651346 0.108315748504381 -0.0179189737893804
0.0531279187595007 -2.0168737001103E-05 0.103467616638148 -0.0126236440156919
0.0501343901913505 -0.0212446384611122 0.101231039339362 -0.00237306485672819
0.0552062899730249 -0.0229290191460968 0.112422037113226 0.0361139271156468
0.0635920811261522 0.00702270508701043 0.0951024148933562 0.101696517401484
0.053967808970838 0.0540476518169626 0.023708496997409 0.156623946353412
-0.00215057459568106 0.0996990850876462 -0.088306952503128 0.120944365264424
-0.0906831619427706 0.0373217961270824 -0.118274892222507 0.0306458701995246
-0.0815154294317609 -0.0594250037331889 -0.0147123977890292 -0.0267435309718119
-0.00971794548375819 -0.0911661747961201 0.103761674340392 0.136398847267283
-0.0431700700508481 0.0458383443827378 -0.133162972432947 -0.133542257463396
0.029987060483777 0.0470161741662978 -0.0185377605539315 0.0548548274695348
0.0479315405981162 -0.015429649082214 0.141703459249459 -0.0184859722006118
-0.00453743524297831 -0.0500900419407186 0.111960872062233 -0.150951658187282
-0.0309097974608014 -0.0160176262245973 -0.0355166920314216 -0.199164442218891
-0.0172481326014085 0.00512072774213016 -0.129352360423988 -0.119650371564065
-0.0138981525110179 0.00868571599850865 -0.136137824511494 -0.0308869777013746
-0.011476673838158 0.013194637242442 -0.123322685479153 0.0116272459758999
-0.00361541666079145 0.00311830481571217 -0.117080957291895 0.0307114102842814
0.0016474756811751 0.000888868728212082 -0.126668174425947 0.0280803080329356
-0.00429042581451384 -0.00463014252384463 -0.141097007546806 -0.00552401115901941
0.0170418577857506 -0.0058170379582597 -0.153734786869395 -0.0804588620987229
0.0159816352591323 0.0321739732235151 -0.111355639298075 -0.165181311180965
-0.0420863695770822 0.0540234464951749 -0.0558718547789864 -0.215881496270557
-0.0813635550550391 0.0136248876162623 -0.130591445327607 -0.174724662505161
-0.105448680368601 -0.0010507872423901 -0.10580985234824 -0.146638223379658
-0.0436786272366781 0.0402825830728491 -0.0103652814487624 0.0592005540236933
0.00217825478275048 0.0302123659455131 0.159738718370817 -0.0127026732920546
0.00187376880037959 0.0116053286763829 0.128000213905053 -0.15893808879134
-0.000302707875580818 0.0213564168515075 -0.0273417036258932 -0.209610537680807
0.0225400791206117 0.0226073932068227 -0.125274419550508 -0.120685868159366
0.0293473776564909 0.00398376974638752 -0.129770808308334 -0.0291029564095274
0.0293730470051343 0.00487893647398575 -0.114442798631992 0.0137358812686263
0.0422040160480974 0.00322205047123579 -0.106303079640427 0.0395080432548971
0.0468476521008739 0.0337822181796786 -0.118200046368181 0.0450916167042021
0.0132746186475668 0.0520565912566046 -0.143205060889382 0.0164243769435221
-0.00792613993324209 0.0626261933314851 -0.163839045143836 -0.0613753622128996
-0.054389568591799 0.0553791978671265 -0.125604544483574 -0.145130701120417
-0.117340950392772 0.0157366329347371 -0.0563559925460228 -0.181570120734004
-0.146543950289379 -0.0485791002725508 -0.103009915746544 -0.136320989177289
-0.149641844949831 -0.0554139397572936 -0.0585216421458522 -0.134889403075426
-0.118008349772699 0.0158911945364467 0.00466643908453255 0.0794564103760483
-0.0575709610270084 0.0672146094174618 0.18276792368431 0.0132879719002152
-0.00254854662528699 0.0800163910176206 0.157669410917469 -0.151480530609731
0.0298162124064898 0.0654683646348576 -0.0026948503847438 -0.211057551836602
0.0618791581747882 0.0440620449294834 -0.104569235136185 -0.120777071977118
0.0717702276807952 0.00283806294177915 -0.106877206913683 -0.0282473548782575
0.0656425355965951 -0.00401719612326798 -0.088901318317486 0.0135736925238857
0.0797934756332528 -0.00209325178793191 -0.0780643459540686 0.0473788241822717
0.0859404048936964 0.0502034472762319 -0.0907776933668349 0.0672884064969404
0.0418213466484109 0.0894271127299322 -0.128704526281884 0.0551007468131232
-0.00531390222127854 0.120945729684523 -0.172620973924021 -0.0200000874086965
-0.0972827405766122 0.0914263024569274 -0.145371214607843 -0.111939648144672
-0.171814122961688 0.00207103021448081 -0.0555400590558621 -0.146018479775701
-0.19353870131071 -0.0891767318033312 -0.0604420453541946 -0.0827362691365295
-0.16629512630065 -0.10697741311269 -0.000652432073646645 -0.0928058553586368
-0.17576847409542 -0.0258012844690221 0.0255114036299351 0.111178473187252
-0.120862533003676 0.0837660187119158 0.197005643326147 0.0544467786423361
-0.0215244491618267 0.139959700536062 0.186862649367184 -0.119251935838755
0.0507074610144473 0.109433884673599 0.0347421999553126 -0.193721107057763
0.093222555546433 0.0660681166265893 -0.06689645449565 -0.113447819797043
0.105207970044705 0.0042267856707565 -0.0686393063271129 -0.0266618447009465
0.0929893811253499 -0.0133731867144973 -0.0503193446027385 0.0122256186477077
0.103050388259538 -0.0119403319158483 -0.0378659891186554 0.0502701878221968
0.112248304536629 0.0504072220673452 -0.0501332436605358 0.0846346459354128
0.0685644610171555 0.104154032091722 -0.097404212664758 0.0942809902081964
0.0124386571399886 0.157005010796232 -0.164826152515836 0.0279517706357312
-0.113436376032059 0.121053486119337 -0.156511186834424 -0.0692897169160159
-0.199028649198099 -0.000148976713368345 -0.0498609107245852 -0.114055422674822
-0.21213918392639 -0.111159628783527 -0.00841064391072142 -0.0286853459218948
-0.15009892962509 -0.141429842316954 0.0581821474651196 -0.0271023407247234
-0.197013348352808 -0.0754102899652239 0.047933958525627 0.148153605279022
-0.168885673252725 0.0683268907583767 0.193089430279607 0.103523541287235
-0.0529642159688583 0.170647162804369 0.201047913243213 -0.0654071109151606
0.0539779398009337 0.140493534803561 0.0738848336476896 -0.149932909655274
0.107744743661946 0.0823009827280433 -0.0168858943866712 -0.0946319544228243
0.122579470477511 0.00694955859626408 -0.0199365623114192 -0.0226905337868102
0.105694521773248 -0.0204337401361946 -0.00565346418360703 0.0086151024376259
0.110988156341431 -0.0213935457592341 0.00735777991508977 0.0485932858912003
0.12145919670675 0.0417370829023156 -0.00392460578629229 0.0932381221909813
0.0832848585240717 0.102971124381621 -0.0574642662648314 0.120825588210314
0.0237110884494193 0.168404664210906 -0.142237962349158 0.0667622603641239
-0.116666770678213 0.128088116535959 -0.152491813348837 -0.0298616485770881
-0.197422848647095 -0.00661645390379391 -0.0383342932003732 -0.0875345234562633
-0.198111103326395 -0.122135521437761 0.0426246576532129 0.0218051960137901
-0.106873501112518 -0.146111913406678 0.107586487962623 0.0492715921679016
-0.173930006347596 -0.110769625667852 0.0664033423574782 0.183353910264069
-0.180110106248716 0.0328665763949155 0.171277063055259 0.144047468477878
-0.0760738767697346 0.162620308824702 0.192210232318863 -0.00542353018354688
0.0438956637945934 0.144348211458219 0.102850402010806 -0.0905100929144445
0.102434518490351 0.0840507831765188 0.0345981403501331 -0.0657555360650838
0.11917864405417 0.0085962974613411 0.03116496107129 -0.0178028818603784
0.102204793213889 -0.0249104322622086 0.0391486493843908 0.00415505362903287
0.104714760057709 -0.0278506532049255 0.0514494168725331 0.043292486606574
0.113306998344518 0.0292975395117957 0.0393417845501376 0.0956292194260071
0.0827781069523198 0.0923225628795415 -0.0188190704440392 0.136173438201119
0.0223297911086788 0.159583967295909 -0.116237102603108 0.0923081596724678
-0.115046460118056 0.111968491199277 -0.138115681325274 0.00042781167742292
-0.175651880068317 -0.0232622507205567 -0.0259516740081876 -0.0630145327823041
-0.154493848297612 -0.123494698761976 0.0833135149071907 0.0668386378354224
-0.04552335911349 -0.118013887213865 0.13935743562505 0.119178306425958
-0.115548139813702 -0.113320055434946 0.0783258724106265 0.206941634907721
-0.146300552109224 -7.26598220595238E-05 0.140982972665114 0.168514863596732
-0.0721945927351144 0.123530195380438 0.169432169283 0.0450738078178697
0.0303565655335914 0.11646494991827 0.119692532877263 -0.0336648219251419
0.079565258589442 0.0661089107724319 0.0786748097361683 -0.0371506916328458
0.0943724588878402 0.00441628100432468 0.0756565251950586 -0.0149664559685814
0.081839516750647 -0.0256384084425859 0.0770745656899112 -0.0015259532775146
0.0840316223008635 -0.0287870346988676 0.0892539881658515 0.0373392913415922
0.0930098501913775 0.0169808365115831 0.0751203780169303 0.0966574220078737
0.0724770910736402 0.0747904870651969 0.010870753447693 0.14715964322591
0.0129484838925567 0.136078044346401 -0.0950281790160958 0.110004274368175
-0.107654803374771 0.0807691683761368 -0.123903196272018 0.0215861466481902
-0.137041574450797 -0.0432240912357704 -0.0168586782792796 -0.0416107376895414
-0.0895971257321096 -0.114539337409562 0.106993342666584 0.104944837149514
0.023120180269624 -0.0667647578890532 0.153556003032924 0.163558131373521
-0.0391466979981292 -0.0830379783638449 0.0853822606914536 0.21126449783433
-0.0803868512684452 -0.0173475234666055 0.116728084787069 0.178043608340787
-0.0403207955484923 0.0669403600478759 0.151313664632729 0.075047391876976
0.0198499928019136 0.0638107425116094 0.130639296093274 0.00265231379441558
0.0448329630560241 0.0327378364601911 0.108788527520778 -0.0219803124558276
0.0528295433336289 -0.00216422495273757 0.1049080271376 -0.0178444076728235
0.0481695580307914 -0.0232911002989152 0.102576536693435 -0.00735990675923209
0.0526973975135678 -0.0252601286852201 0.115047692314928 0.0313332736091261
0.0633520831817529 0.00367417333896238 0.100062728031243 0.0985170378777573
0.055973909725722 0.0511981781234476 0.0312518143767678 0.157540675593629
0.00256561302435903 0.0995572771817966 -0.0846113681549748 0.125993161839297
-0.0893516141925268 0.0414957918030438 -0.118014119237431 0.0366078907193449
-0.0836664235801741 -0.056378388800197 -0.0168499862836232 -0.0261993653476664
-0.0129940781435449 -0.0910568675629594 0.109919034325948 0.131094117200797
-0.0469899906724403 0.0444697991401394 -0.126337836297251 -0.137722813537922
0.0284482149330906 0.0484456971468467 -0.0192022231325787 0.0539157768522903
0.0484636262062281 -0.0145335506522313 0.141998870551582 -0.0149978693567569
-0.00485956569258271 -0.0496679375485611 0.117040072223922 -0.148640040621594
-0.0320202335043077 -0.0155440300801546 -0.0312498179553794 -0.199704634833358
-0.0179662712184957 0.00483669816258883 -0.126508603049985 -0.123118837922947
-0.0156604122607656 0.00764304408514827 -0.136206327800028 -0.0352893545927157
-0.0113518717932022 0.0130471039824075 -0.125013819988454 0.00980553880188398
-0.00397725093298689 0.00367132758237497 -0.120410856931928 0.0288675728396043
0.00168071707667918 0.00168562877680453 -0.127916158115693 0.0253919837815634
-0.00599336937606954 -0.0031712059494093 -0.141073737817565 -0.0101728482934126
0.0135615767330897 -0.00573030583699936 -0.149387357455258 -0.084676931644518
0.0125885175649365 0.0291439369022685 -0.103948366505919 -0.168267713394821
-0.0433437567475392 0.0491205890490482 -0.0491792850090026 -0.221426817576581
-0.0835611583044062 0.0101132684029685 -0.12135618992757 -0.184420856533434
-0.108149049426863 -0.00701793521839573 -0.100981505015457 -0.147971825301416
-0.0455960090670458 0.0371927746003725 -0.0115086049132689 0.0612686307126838
-0.000480275246518378 0.0287457331034152 0.161614428550916 -0.00571495074385716
-0.00129035434519451 0.0110478821558287 0.135796422218474 -0.154907075050165
-0.00295961756155277 0.0234507693316006 -0.0214049092801468 -0.209990788149434
0.021787982010603 0.0245114071324803 -0.120434852078457 -0.125325259428897
0.028579967582216 0.00489212154706674 -0.12890067106369 -0.0339269606563259
0.0304778511590537 0.00687667996444256 -0.115221283832666 0.0117260671832464
0.0427484165203138 0.00539195778208358 -0.108535278973457 0.0388745187034128
0.0472534612283532 0.0367377105409818 -0.11985785084027 0.0435343045480681
0.0109490050711872 0.056045886266752 -0.145493070616886 0.0132104491798855
-0.0143164041637025 0.0625924694360129 -0.164162240505687 -0.0643487590573007
-0.0601455608487335 0.0506589733731163 -0.120809401305354 -0.150908096887968
-0.118825912904723 0.0084681190749993 -0.0505765958619668 -0.189593155630352
-0.147635513573768 -0.0535795947884171 -0.0947098221617012 -0.147214759480892
-0.149411587573573 -0.0652111684567126 -0.057306965036963 -0.132628762730686
-0.119435105480895 0.0081215846998805 0.00184814971471049 0.084448989875127
-0.0621148447086293 0.0621955276937606 0.183774557320319 0.0240014547696692
-0.00873166324719987 0.0783196380170939 0.167048684894743 -0.143609537545038
0.0249691979518155 0.0687286673503411 0.00534398274289237 -0.211054788194764
0.0608303580224724 0.0479257384545961 -0.0984547009603121 -0.12448964896446
0.0718162214398975 0.00569171486947028 -0.104980955264608 -0.0333237530201083
0.0684517585060508 -0.000606857595209589 -0.088493041758471 0.0115974889582303
0.0814270543833752 0.0011213191202205 -0.0790599518229803 0.0474348652195473
0.0877184702914589 0.0546942846329375 -0.0929021158460538 0.0677980950858272
0.0393455902688097 0.0956432578367173 -0.132827998819698 0.0551130543572473
-0.0132287530398493 0.12239425310689 -0.176482080227048 -0.0209265130191518
-0.105227674971269 0.0864310185935751 -0.144548499160012 -0.11849097123191
-0.174685830390251 -0.00724536338220473 -0.0512083066832927 -0.15498978840992
-0.193198918302185 -0.0956260814179645 -0.0543551114525842 -0.0934829899134763
-0.162923857646365 -0.119644688936026 -0.00375799560743746 -0.0876612054144106
-0.17556794922624 -0.0386091803405641 0.0198620718419503 0.119155404087229
-0.127397029832861 0.0739398482182278 0.196262639187606 0.0689206356159092
-0.03017605270395 0.136579154445442 0.195876075128032 -0.108261459149493
0.0436035642486314 0.113352105932229 0.0441006400311311 -0.191296240958298
0.0915579041614146 0.0714291995808809 -0.0599832571835258 -0.116364636308204
0.106060287503733 0.00900008654595828 -0.0652940823510962 -0.0315825682249137
0.0964621663633664 -0.00890686720809905 -0.0499261342763256 0.0103483707095721
0.105542165411241 -0.0079738913031893 -0.0379867754458588 0.0514024625944271
0.114767303451317 0.0556069105048063 -0.0512718926899659 0.0866102944468076
0.06700998997646 0.111256047104783 -0.102604156419321 0.0961819380197615
0.00437354795327679 0.159871343889313 -0.170892859364166 0.0293797302343274
-0.123022985057148 0.116403504504893 -0.158492378668054 -0.0753447717852368
-0.201755969768039 -0.00921434072675281 -0.046730062695971 -0.124023177875069
-0.211074464332927 -0.118193986733837 -0.00570758699429173 -0.0378488423685489
-0.144401473157087 -0.154630875252071 0.0507985272128146 -0.0194286095201197
-0.194374462386929 -0.090062826999286 0.0386600495166467 0.157954804674968
-0.174822353288903 0.0556686501928296 0.189205686980016 0.11898990020496
-0.0620259965660175 0.165229994757838 0.207627891077299 -0.0515905378842394
0.0458189417475798 0.14379231628154 0.0833096969572461 -0.146526164776065
0.106196841276512 0.0883076087587101 -0.0104466574963678 -0.0958831207656301
0.124009445967098 0.0128682753735277 -0.0159400006113863 -0.0266153706811193
0.10991099557759 -0.0154277033956837 -0.004189498705647 0.00737214215739004
0.113793784427682 -0.0178889556099725 0.00804337148326729 0.050471930996101
0.123885480229546 0.0467826015252826 -0.00481246093531881 0.096810901928242
0.0821096345934947 0.110568478616575 -0.062948915732371 0.125247430873276
0.0170460981651701 0.172177425916145 -0.149616672021588 0.0696970958249344
-0.125727705682269 0.124675361995016 -0.156112419271252 -0.0356604918050371
-0.200304226274685 -0.0153328032278656 -0.0370401598695408 -0.0953724523445468
-0.196283744604466 -0.127930809027188 0.0431172298181316 0.0155600883832982
-0.0995376579782105 -0.157621052325474 0.0973113314869306 0.0582230024925444
-0.168674256555656 -0.124890599022705 0.0546905197853459 0.192683374581852
-0.183199795941473 0.0194628813960218 0.16420929992911 0.159658051834498
-0.0838335426557216 0.156042829364541 0.19524041916916 0.00952463241125783
0.0357680388443021 0.146453278707116 0.110879218779942 -0.085442634533871
0.1004114319943 0.0888668278260372 0.0404783161114228 -0.0648598100286574
0.120885701807066 0.0137217420583772 0.035698555263781 -0.0200687382983375
0.105361640266879 -0.0200579913766977 0.0411033446903175 0.00388894414563369
0.107470519788787 -0.0241422502305237 0.0528303034283671 0.0460300801974525
0.116365992262484 0.0338300175055939 0.039033902986395 0.0997196679070406
0.0824695795040254 0.0987711847677241 -0.0238834649248725 0.14172033335703
0.0166681924507509 0.163367225935924 -0.123914953736771 0.0961981709863628
-0.12294447975293 0.109541827795757 -0.142849179831682 -0.00536017170016642
-0.177508760400374 -0.0312126453467821 -0.0246772003417305 -0.0699390759791757
-0.151994229799863 -0.128196080266909 0.0817157781803586 0.0637691564512755
-0.0382594769808284 -0.12626946601596 0.127585589720651 0.128195260877778
-0.109532544226291 -0.123944376767659 0.0655660770888188 0.215855782498815
-0.147202737445087 -0.0111613053552529 0.13113830914962 0.181162960190878
-0.0773817714818273 0.116968645461544 0.169113265883443 0.0578990095220911
0.024549015589574 0.116929269138611 0.124710806125415 -0.027934241790342
0.0778181940850552 0.0693764891770716 0.082897222019003 -0.0345551693968297
0.0956401936132658 0.00890771249458672 0.0797563686870203 -0.015600199080709
0.0846190346352412 -0.0221613192269936 0.0791680960752029 -0.00125292594433854
0.0864535819824079 -0.025951316104391 0.0908334471717199 0.0402850514567102
0.0956554623314912 0.0199146190649087 0.07497607347704 0.10102000209464
0.0722739147695191 0.0798120881397497 0.00594741057180267 0.152379810804061
0.00879637863887015 0.138779372446998 -0.103456988893894 0.11325112146382
-0.113919569033268 0.0786360779146475 -0.128413601623341 0.0156869470865521
-0.13748289584221 -0.0493797492275817 -0.0151529157449971 -0.046736989482099
-0.0862630226443986 -0.117512374273489 0.103642277194584 0.104275767461645
0.0283174366862448 -0.0698019909989157 0.142612511168094 0.171530551330357
-0.0332936115565381 -0.088299016051899 0.0732380763543388 0.21841989840703
-0.078451577039796 -0.0240036331041663 0.106381849268109 0.187241879402093
-0.0422327188551219 0.0617004581615632 0.149048238416104 0.0845501441660467
0.0169942691016421 0.0626447520431023 0.133286801879866 0.00745941291628854
0.0437974322315951 0.0338713413249966 0.110698543593091 -0.0182834854820211
0.0541141965825996 0.000394512205444272 0.107849887319838 -0.0172439759520943
0.0490580437492497 -0.0210166784163037 0.103922792602501 -0.00655917805574012
0.0542286742164767 -0.0234992252970228 0.116425004498053 0.0340781549999731
0.0649906349009368 0.00544491519422309 0.100179141558272 0.102449771244307
0.0563932102693342 0.0548382512556068 0.0259012116675471 0.162501374066929
-0.000923936954151775 0.101853313370242 -0.0924573955287074 0.128608032267387
-0.0940688764064251 0.0397222128457256 -0.121477806072993 0.031010138022577
-0.0831208000200444 -0.0600804063996418 -0.0144801908102184 -0.0297147883494025
-0.0102739968019775 -0.0916564737604774 0.105398080728872 0.133347988228424
-0.0480167410628778 0.0443322049392248 -0.129229023167245 -0.141731942152718
0.0294512548182453 0.04959681497999 -0.0193733179411664 0.0565592147708758
0.0499674286496345 -0.014990485130399 0.147457340861444 -0.0154291987618245
-0.00585514915166588 -0.0506982193800835 0.122026056309125 -0.155020808779339
-0.0332348043427644 -0.0159984866118365 -0.0329529019796868 -0.206843599763849
-0.0187433690395833 0.00477956084973934 -0.131762806590375 -0.128229923122693
-0.0156528586870403 0.00796596173017658 -0.141469946549678 -0.0371749718245031
-0.0106226350079429 0.0139630749755302 -0.12974966938323 0.0110234605466827
-0.00370726098289479 0.00379805147130732 -0.124916796221875 0.0302831836696667
0.00222805755252799 0.00202393858410394 -0.132894323393622 0.0257075687879611
-0.00624990054900427 -0.00148606798907636 -0.144912838273071 -0.0115857254111944
0.0123647358662904 -0.00534730935806639 -0.153390460839196 -0.0870701423122044
0.0123455540355313 0.0293093264799203 -0.105078711462017 -0.174886633177558
-0.0438759966486284 0.0503463279522246 -0.0499382878352114 -0.230409974199189
-0.0853079373151301 0.0083597090550957 -0.123971499839772 -0.192051759868458
-0.109706104361215 -0.00829664049876002 -0.103560142422756 -0.151897728446864
-0.0469971016205572 0.0377960640604103 -0.0119974697479864 0.0642692267791617
-8.23968414378692E-05 0.0294270178221786 0.166946576143205 -0.0056794215041777
-0.0022988128383469 0.0118075812635676 0.140831757400217 -0.159881284751561
-0.00340916824039304 0.0239908771857579 -0.0227398220999179 -0.217514757150617
0.0229070497369974 0.0250494037591996 -0.125293198450974 -0.129844828653768
0.0299857026047333 0.00556851448645786 -0.133670158179749 -0.0360928415739473
0.0325708612879 0.00721906629207053 -0.119172298402815 0.012271064768733
0.0449262639032285 0.0052735486049529 -0.112275287374183 0.0408501511722915
0.0498073414856543 0.0384761308369268 -0.124402173804134 0.0448506402017008
0.0111616502846267 0.0597510289244193 -0.149685478844084 0.0137567670379535
-0.016014953240962 0.0652379244909263 -0.16857870656217 -0.0663501203042512
-0.0633592525838066 0.0510928680255051 -0.122819617876792 -0.155707356036747
-0.122263125018888 0.00729263611924319 -0.0523479951567055 -0.197391652163779
-0.150792822055184 -0.0576748022203243 -0.0975651088108749 -0.153607525150154
-0.152212554545272 -0.0678723468977833 -0.0595949461540827 -0.135914462289018
-0.123179313106445 0.0070250890473565 0.000876526791513245 0.0875101103286628
-0.0638178592814398 0.0634808291874703 0.189468473959434 0.0249490354095455
-0.00964462116300032 0.0807406847668252 0.172997004667715 -0.148008118973572
0.0258790395950868 0.0708382153530687 0.00402189491902077 -0.21809748227678
0.0638901356376594 0.049291521789036 -0.102061581901498 -0.129426443285905
0.0745748198078502 0.00614366688105303 -0.107977320197141 -0.0354109118305016
0.0713034751977139 -0.000157977603923223 -0.0923931167686869 0.0118008781758517
0.084139873587886 0.00129494482780387 -0.0816328404070486 0.0494147699074183
0.0918327569142913 0.0566502133800042 -0.0962272160103054 0.0699306923119443
0.0402982345010108 0.100746219356133 -0.1370990734851 0.056758442745568
-0.0147038801595293 0.126801492164539 -0.18125461129801 -0.021535806335923
-0.110067388168212 0.0879117791469527 -0.147981248869186 -0.121912582080029
-0.180132791566307 -0.00963308094061531 -0.0534868948069967 -0.161838913995609
-0.197094941835115 -0.10132529948057 -0.0564224050221965 -0.0985521143475566
-0.165753617845206 -0.123804798141926 -0.00498308586371318 -0.0894008971190853
-0.180909043565513 -0.0406851608128243 0.0190813757188996 0.123126180988835
-0.13138873310184 0.0754900303206312 0.202160985138093 0.0714374318104955
-0.0313583658573146 0.140439126075202 0.201659073873294 -0.111089271406607
0.0452540485111677 0.116937591842651 0.043340574923186 -0.19787467717161
0.0961056818020621 0.07348814972185 -0.0623089926601076 -0.120338585471787
0.110010767711073 0.0094608671314973 -0.0669994996333406 -0.0332468235248358
0.0994846859600563 -0.00825434778102767 -0.0518763124999751 0.00993122666037411
0.108628866445974 -0.00808499466054283 -0.0388406001529266 0.05357150415264
0.119840977206157 0.0577296582725053 -0.0527431573289526 0.089758017715784
0.0691784266626578 0.117001872973832 -0.105385612950385 0.100233093475838
0.00387356343543452 0.165686285884955 -0.175943342962105 0.0308149233369508
-0.128029114220406 0.120015647489843 -0.162771430363313 -0.0777380576344752
-0.208348218448356 -0.0118451736080729 -0.0495436437119919 -0.128831139098216
-0.215974650616744 -0.124389947710171 -0.00582189604964533 -0.041176525284513
-0.146562381567534 -0.159634125624991 0.050772817229735 -0.0195185431900037
-0.20028121191968 -0.0944874406893298 0.0377584272218848 0.163447866281658
-0.180038340001949 0.056187910467746 0.194316498250205 0.123376684939404
-0.0645371284643107 0.169819275291255 0.213495012807442 -0.0528298113404768
0.0476058281618485 0.148239916198598 0.0835010934147674 -0.151004015142309
0.11094360201743 0.0912060444073754 -0.0104063774183888 -0.0986705641679416
0.128970053945792 0.0134345861307894 -0.0156045319812754 -0.0281290519577254
0.113343429721308 -0.0152913689629073 -0.00463876052642719 0.00712113908121806
0.116874581464102 -0.0177048324847271 0.00918890603725329 0.0525140071648487
0.129084111713881 0.0481294024440823 -0.00504196302809968 0.100363944000876
0.0847694755543585 0.115237204344132 -0.0643427308534731 0.130465628473606
0.0177291744033382 0.177635359162867 -0.154584540614865 0.0725997248037109
-0.130709046239461 0.128586169665902 -0.160417295101321 -0.0358725979098136
-0.207392697035017 -0.0175210268387835 -0.0392090422681296 -0.0989736858884728
-0.200761903193291 -0.13375869927542 0.0441250406072904 0.0141123053212966
-0.100291343659928 -0.162266235205587 0.0981726245139674 0.0612301905147359
-0.173957958901738 -0.130109132936216 0.0540680298800211 0.199560450142865
-0.189461527376583 0.0188117242091098 0.167684864520295 0.165136259695941
-0.0865387834300927 0.15999386190553 0.200608189361688 0.00999773578456337
0.03772040911227 0.15123715781113 0.112414164177541 -0.0884192616107019
0.105144286741262 0.0914068430596001 0.0423300087337792 -0.0668115047251174
0.125198729730062 0.0141551369087175 0.0376004321059009 -0.0218811710593223
0.108446797933931 -0.0201163776664264 0.0424577557659729 0.00277619842533581
0.109706184905564 -0.0245340980123988 0.0552700138969602 0.0474200419621537
0.120994520413782 0.0347614033872062 0.0410161192948381 0.103238834819763
0.0850911705143316 0.102677514848816 -0.0238297991814658 0.147808341334602
0.0177898393375685 0.168101892423905 -0.12789237052226 0.10007225435716
-0.12752325386471 0.112952579643002 -0.14678739533126 -0.00440235970078223
-0.183534427185102 -0.0332231686352421 -0.0264718722486311 -0.072265688595882
-0.155232445844725 -0.133555510138027 0.0839264801079388 0.0641517192828238
-0.0379330627326267 -0.129840180388121 0.129510701404177 0.133595907417932
-0.112961196259244 -0.12846316182872 0.0651287207410838 0.223587361157855
-0.15172919473409 -0.0125184834551757 0.13376025716949 0.188291297971706
-0.0794720808134265 0.119359344018614 0.173620358078977 0.0596693039380139
0.0258348424519568 0.120220719008657 0.127417553633997 -0.028902002888606
0.0814540548682676 0.0711758644016896 0.0865030418341888 -0.0352941959995206
0.0993016070323054 0.00936731107687245 0.0837060933616101 -0.0174580643256717
0.0862723415580834 -0.0219282693487409 0.0819998736101545 -0.0023490285707142
0.0879695861692966 -0.0264031641198976 0.094145312438019 0.0404464743611674
0.0980320443958776 0.020679649083362 0.0778768844740942 0.10454219010604
0.074613550365257 0.0825626622690033 0.00652414703597215 0.158934052474631
0.0093111836149117 0.142787867050795 -0.107162956921811 0.117957426360073
-0.118134212202776 0.0810128088624764 -0.132334772141458 0.0174385732864641
-0.14206472914756 -0.0515882529539038 -0.0161041877364906 -0.0482298412252902
-0.0880495607578187 -0.121133421845881 0.107248294223392 0.10615562490903
0.0297520963641719 -0.0716592990496314 0.144807987711403 0.178746504655623
-0.0343911080018532 -0.0907355313238302 0.0732436416046459 0.226521188396579
-0.081127246514908 -0.0246981095994618 0.108670142682231 0.194078516092604
-0.0435318602368195 0.062852085974722 0.153279436159076 0.0871335489619267
0.0184235438939821 0.0639891945732425 0.136857823892586 0.00757382327282472
0.0453360312938506 0.034407202541922 0.115512572861062 -0.0187090378806522
0.0552414067220379 -3.26350033237814E-05 0.112439396214676 -0.0187755382566604
0.0499087688735669 -0.0208905999553206 0.107843447973892 -0.00760867874824981
0.0543067487317477 -0.0237810401085279 0.120700271323697 0.03443907528358
0.0664005631779965 0.00547743743233012 0.103464630259798 0.106138481998574
0.0580552256326804 0.0558661885736004 0.0272693417997359 0.16944128335196
8.58774461194346E-05 0.104091871368807 -0.0956536024647278 0.133548803299619
-0.09686354898585 0.0414098617130482 -0.125276461524799 0.0321005273338759
-0.0855176322786215 -0.0620481047028574 -0.0154282290733788 -0.0311303819577748
-0.0103217453797601 -0.0943896055801485 0.108523273387644 0.13599089615918
-0.0502599391924244 0.0455278953712982 -0.136929061303616 -0.148400370707027
0.031578606158298 0.0513836819804784 -0.0200595546340005 0.0605632938736773
0.0521811049025074 -0.016269658012049 0.157499423793748 -0.0170233824125449
-0.00746787440440895 -0.0530425081290605 0.129580349243882 -0.166278022715819
-0.0357321839829315 -0.0161139113886906 -0.0377653771436201 -0.219594690032492
-0.0200836106127245 0.00480155902099341 -0.142480473428274 -0.135195208992187
-0.0162967877945817 0.00864831420454284 -0.150876606053468 -0.0387481085647876
-0.0101426182394677 0.0146409331521032 -0.137833164282542 0.0135804808329337
-0.00319066688822418 0.0042568417460822 -0.133263002079371 0.0343082802702644
0.00295637130397177 0.00243699077769554 -0.141634730989552 0.0279384697844735
-0.0066804921381224 0.000222791850604902 -0.153617318811187 -0.0124197456983326
0.0124107324227094 -0.00523865502136519 -0.161451708081657 -0.091464113049476
0.0120307855489543 0.0299960730292526 -0.110648608521906 -0.186330228496277
-0.0454941825726488 0.0528777933957792 -0.0541169823242978 -0.245644340647157
-0.0896734656160596 0.00812045562431423 -0.131769688293335 -0.204312253976134
-0.115061950920394 -0.0093928274291978 -0.110546129749217 -0.158864116736154
-0.0497328199438728 0.039641866283276 -0.0123764465386888 0.0689795274737555
3.83928684944907E-05 0.03038379565003 0.177392598603093 -0.00692278681538076
-0.00288223000039759 0.0132563849674128 0.149189395862119 -0.171038319929031
-0.0036008239443706 0.0261589934101743 -0.0269219310181523 -0.230817859143644
0.0248791864381116 0.0260533220202241 -0.13459720367209 -0.137499632581758
0.0326364719579912 0.00611039465566672 -0.141822099384089 -0.0378771510495585
0.035678720984554 0.00780247456268467 -0.127135370502608 0.0148686323622674
0.0487641744357769 0.00582241350801104 -0.11928686815573 0.0445761700813259
0.0541410753444224 0.0403196509840709 -0.131794967497469 0.0480669003741715
0.0122739258877177 0.0653499688600971 -0.158862011704043 0.0148074712537568
-0.0174184559709104 0.0701225394197126 -0.17815049137494 -0.0689327656370752
-0.0681173600964562 0.0534326432083198 -0.130445117506417 -0.165451902694116
-0.128604809086084 0.00675750400001011 -0.0567707667318681 -0.211397946297287
-0.158503156232412 -0.0622690002721263 -0.103566426821949 -0.163796251892709
-0.159423237863417 -0.0722506402460455 -0.0636980247709971 -0.142551848392479
-0.130449863572272 0.00710786690203549 0.000774083308787187 0.093763609525863
-0.0673620115968111 0.066864405388456 0.200639025674969 0.0257336663700706
-0.00965220676263572 0.0859326375194447 0.182693714255224 -0.157921716808177
0.0282012855169795 0.0754674082000767 0.00133088147760559 -0.231106954619484
0.0690283226124617 0.0515579725155633 -0.109692017026958 -0.137020098334755
0.0799243018793445 0.00667742943317049 -0.114861399273671 -0.0371312420383421
0.0766465332636572 -0.000379291736949508 -0.0978178769726315 0.0137945784835425
0.0898864534675107 0.00102977913993416 -0.0854852216874556 0.0535636161746714
0.0993277596527634 0.0598508199845631 -0.101650044370367 0.0751152987723833
0.0438688596098439 0.10831251436076 -0.144692914794245 0.0615191163852599
-0.0155345932457321 0.135407709185264 -0.192314394318795 -0.020946377934994
-0.117693200843091 0.0930699748495482 -0.156769217558845 -0.128963461611661
-0.19077185068804 -0.0110377006952253 -0.0582156970440252 -0.172944456158708
-0.207735165406688 -0.108451737888492 -0.0601259139558022 -0.106632728169942
-0.172957623049864 -0.13038065956899 -0.0067146442550538 -0.093753680622616
-0.191607679725223 -0.0431949999569984 0.0198126906381414 0.131341538037321
-0.13790157900506 0.0791441505860694 0.213864260236198 0.0748611266083727
-0.032839081034578 0.148209756473744 0.212566592077086 -0.11897231528919
0.0494017994858906 0.123890308468685 0.0423853505761953 -0.209756860389138
0.10354135728021 0.0770721094980313 -0.0671500022226358 -0.127364720786445
0.117665758212863 0.00957420040335901 -0.0709682979319068 -0.0356734181015206
0.10638278058356 -0.00914897459202962 -0.0550420476328107 0.0109465789799577
0.115523248488164 -0.00856903237659519 -0.0402874301246723 0.0572661696544877
0.128907455663213 0.060469192870516 -0.0554941587413884 0.0960407614294283
0.0747682012989519 0.125243056164796 -0.110498738284882 0.108288829239641
0.00530052234565282 0.176051371444986 -0.186454102093742 0.03404396127148
-0.136525853748501 0.127159707614196 -0.171986608899315 -0.0812876404006235
-0.221538739313175 -0.0133026921026053 -0.0544605068493606 -0.136942373652679
-0.227352443091823 -0.132655857213407 -0.00677758351225766 -0.0458471222996381
-0.153677380460258 -0.168672795778374 0.0519495087585016 -0.0192838867685487
-0.213481950444848 -0.099937205304811 0.0390571442570916 0.174015513714867
-0.190312355564718 0.0591214256045284 0.204841049901961 0.130623334139239
-0.0675313603314336 0.179972943709499 0.225453608580731 -0.0566476657669594
0.0518891253303587 0.156730462451678 0.0848227342478065 -0.160610574686343
0.119614311189941 0.0954828780164569 -0.0120070371580253 -0.104484126414602
0.137932484927008 0.0133407727778396 -0.0160397541624011 -0.0309885666676048
0.120640762835662 -0.016442858832415 -0.00513712381359565 0.00665422283195896
0.123493903041686 -0.0189053999272386 0.0110179796428485 0.055448906014003
0.138011711924904 0.0502256096739566 -0.00363752366521815 0.107082236099979
0.0909902026973647 0.123286777387337 -0.0664147023167149 0.139705477319647
0.0201236566716087 0.18851003969366 -0.163773558154347 0.0785960930622517
-0.139033518341292 0.137003007710119 -0.169364557756507 -0.0371061662706244
-0.220597822757961 -0.0190165435243062 -0.0429774393786869 -0.10484521773204
-0.211561543967988 -0.142045576325622 0.0464745375580325 0.0124451806290098
-0.104972719743671 -0.172061861664859 0.102058744382664 0.0657643396563157
-0.185367706503144 -0.1383557853536 0.0562572718918514 0.212206165617668
-0.200123615994138 0.0196420686712523 0.176848665009289 0.174789492239572
-0.0912343167350187 0.169445824632381 0.211750110538337 0.0096048351879149
0.0416305640539275 0.159370267018129 0.116313989152524 -0.0946038633466186
0.11328111336111 0.0958886687023547 0.0448234900262126 -0.0704002500538824
0.134009405694708 0.0141252162335404 0.0411139496022037 -0.0243977550656302
0.114788613385644 -0.0214778386269747 0.044497425223197 0.00189890814810716
0.115068564537798 -0.026163003806489 0.059535159608514 0.0492038377184377
0.128140942847986 0.0359367599797536 0.0448079071422643 0.109886564816994
0.0909822350897864 0.108717993123257 -0.0235638197362024 0.158248682982073
0.0209260895620831 0.177461833281563 -0.135582337075721 0.107979256259379
-0.134725415902481 0.120643473564649 -0.155213659168402 -0.00326177095352374
-0.195145409990402 -0.0351052234513751 -0.0289023130892268 -0.0763896843752006
-0.163861471515411 -0.142196666270629 0.0889794258887658 0.06510786612425
-0.0401505426007538 -0.137496858957022 0.135859051984879 0.142151800786342
-0.120016816583977 -0.136308583702406 0.0681901852268035 0.237408868902973
-0.160864852309586 -0.0131889007964502 0.141719400087651 0.200138526905568
-0.0835830427841202 0.125802590608627 0.182919563120031 0.0626269380403482
0.0294548836993234 0.126809558277163 0.133219484396612 -0.0319697436701278
0.0875120705278992 0.0746413209875015 0.0918653874193003 -0.0379747412006485
0.105457186609069 0.00854892540981258 0.0897733289953968 -0.0203148185825376
0.0904609802713691 -0.0232278578757679 0.0866873559695822 -0.00418266902335046
0.0913180412181417 -0.0281150620070054 0.100716312095626 0.0420677927558715
0.103258261962351 0.0203987884066638 0.0841208201801191 0.110958684596126
0.0792802413761044 0.0869084065956626 0.00899559190884472 0.170110345508754
0.0119381312469042 0.150294204496399 -0.113043893476968 0.126851081663525
-0.124263079744893 0.0872541916010265 -0.140066283461597 0.0192502891109337
-0.150614482807518 -0.0540689210479852 -0.0180008344358752 -0.0514385785836034
-0.0934284613054618 -0.128258790093658 0.113962710605487 0.109671882562503
0.0314042811095593 -0.0759478409082344 0.151807988884561 0.19017845660817
-0.036304403778985 -0.0961186852518695 0.0777829481619714 0.240763816801679
-0.0863104272055241 -0.0255161253800982 0.115333959974196 0.207163386085778
-0.0450889855002413 0.0657677622287312 0.161687828709303 0.0917117288646588
0.0204796974681045 0.0671040638149403 0.144018560147534 0.00651619381741967
0.0482623787909185 0.0351131396795533 0.12343842521269 -0.0204137249437234
0.0586523552731648 -0.000642072315330469 0.120418789492512 -0.0221356010851114
0.0515033886080027 -0.021738373582996 0.113847633007651 -0.0100834721747456
0.0560527784555544 -0.0249462632053916 0.128279989293088 0.0352029408816096
0.0692750506933893 0.00514461135154042 0.111161645389718 0.112751934119836
0.0616805435809309 0.0582886274192969 0.0309633259672197 0.180691265590727
0.000983809463515714 0.109274702215825 -0.101260403042875 0.143273959503778
-0.101711606665973 0.0446365786764262 -0.132978316771006 0.0353525093893071
-0.0902875597900794 -0.0654660059090572 -0.0167411491061165 -0.0333397031635725
-0.0109838878509459 -0.0991512149350695 0.115636607989932 0.141310612445192
-0.0522907737790026 0.0486010526937228 -0.150656323252263 -0.155231418313257
0.0355567638318928 0.0539686635875263 -0.0190162798002127 0.0665915341801164
0.0550413492772735 -0.0195723221321491 0.17013307624274 -0.0238936924326095
-0.0106182499732771 -0.0555778212603211 0.134740480251424 -0.184976724351355
-0.0392336549609869 -0.015501711698434 -0.0481519067679629 -0.236296443504676
-0.0216886287972674 0.00604144279051063 -0.159562199342966 -0.141111471312554
-0.016794309888499 0.00997129270414158 -0.164532416012403 -0.0364829152126432
-0.00920892437624991 0.0164451384433575 -0.147745319895901 0.0201563530608023
-0.00247081465916967 0.00497102536288648 -0.142854775259417 0.0423904761594839
0.00363066774079313 0.00267317889212789 -0.152248877393586 0.0346007440357948
-0.00703445825310995 0.00177819507834954 -0.165981244888768 -0.00935906164647295
0.0116322805286005 -0.00553397448632366 -0.175258466506351 -0.0931361592581665
0.0127328533235509 0.030974934928509 -0.1233561144632 -0.198768636534658
-0.0463655371690056 0.0574076810575518 -0.0656448272535668 -0.264919783596698
-0.0957230698893212 0.0103211568184311 -0.147676406883977 -0.217401740873641
-0.122349034953044 -0.00853713800312468 -0.12299027799001 -0.167110175024588
-0.0521726917796868 0.0434286208023663 -0.011327766830401 0.0754578669410346
0.00112329242732431 0.0319838088155722 0.19116817801036 -0.0131631443363405
-0.0032215313933585 0.0151855342724135 0.155844743630624 -0.19048802535265
-0.00301804916820894 0.0289361303619301 -0.0371888288100652 -0.247565310273352
0.0276126779955707 0.0271355747586186 -0.151256294485049 -0.143749255643824
0.0360051361485245 0.00571897707453318 -0.154449754271168 -0.0360267041483664
0.0398361733102514 0.00732315893663097 -0.135874543380474 0.0210415646475447
0.0530547793365442 0.00491936106042906 -0.126941286695309 0.0529659152109077
0.0607473741766583 0.041613252893322 -0.141649340938744 0.0564789499115575
0.0161511325244884 0.0717699371040683 -0.169972946307699 0.0208475117951647
-0.0177598627740772 0.0763839049232398 -0.193901341677045 -0.0686606624811045
-0.0735071643888153 0.0588566396574409 -0.143976493986618 -0.17525226392324
-0.138350197687728 0.00989824300239675 -0.0679457838298167 -0.227871694356844
-0.171566583619602 -0.0635668975669792 -0.116193778051139 -0.175093329615294
-0.171276404840901 -0.0738752133273695 -0.0733731792149726 -0.150530062106329
-0.139780735153858 0.0110669599706064 0.00279134161110779 0.10204685703434
-0.0696572499663979 0.0724279628358937 0.216837514366718 0.0216394308242586
-0.0083181824724974 0.0928626057893676 0.19239949589549 -0.176629585903527
0.0327949708696952 0.0804843733017894 -0.00794649815833933 -0.248919947532492
0.0765189073699124 0.0531453300594278 -0.123357763251812 -0.143947923632687
0.0873076656524788 0.00424314168627682 -0.1246973553857 -0.0365363704456108
0.0834056628649454 -0.00257681392686663 -0.105401729557678 0.0186280717512073
0.0974756349855421 -0.00160974584583577 -0.0906324899735695 0.0608625131003946
0.110331227729695 0.0610323299281512 -0.107480081957699 0.0844013959362337
0.0511671398973839 0.117639727804696 -0.153632847893006 0.0711748458731282
-0.0132608452316201 0.147125318940569 -0.207674265011832 -0.0169086380970527
-0.125476210607527 0.103542851233692 -0.171798298994548 -0.134367604635336
-0.206282616108465 -0.00799753175891851 -0.0689558406797725 -0.185534792859618
-0.225721497601646 -0.113189835512857 -0.0683489453089783 -0.114640874189406
-0.18749808852805 -0.13660687394045 -0.0109404973106365 -0.0993497972549172
-0.207769116185937 -0.0423535503865351 0.0238063566534063 0.141783874178364
-0.145599409433102 0.0879810892347513 0.231472544887139 0.0745933573934747
-0.0307492711099961 0.161018402734362 0.225306445197333 -0.135233304930481
0.0572413907565691 0.131854096616893 0.0365146400681245 -0.227314724961643
0.115209008978157 0.0791907376501226 -0.0767621703589419 -0.135140175860915
0.128126254944289 0.00647329967303903 -0.0770959292905012 -0.0363095854702334
0.114671006991536 -0.0128295121918496 -0.0594865001841253 0.0132986676176817
0.124440108176473 -0.012816548009606 -0.0409974790361475 0.0630777119779223
0.142474185541518 0.0604577101257577 -0.056541340874296 0.106033753341821
0.0853108775397445 0.134277026238667 -0.114827893935464 0.120310120758329
0.0114175873622252 0.18987359438977 -0.200388759027274 0.0431346107538732
-0.144291081907167 0.141410978323212 -0.187154955934747 -0.0821870587913
-0.240014774752268 -0.00888926652122502 -0.0636089948257107 -0.147014884194455
-0.24717096759422 -0.138418961406432 -0.00939978994533003 -0.0513342722491928
-0.166945944853557 -0.178416997411496 0.053723068358751 -0.0210225016184623
-0.23308758552439 -0.102784169359296 0.0454353874712941 0.187444065839967
-0.202963048504903 0.0678795260787727 0.223866267860222 0.135011542227225
-0.066926664296469 0.195649031244624 0.240246767246546 -0.068054997167743
0.0617539346093604 0.167131790853113 0.0837171501016643 -0.175532273901044
0.133078630221144 0.0982642126003454 -0.0165492271006715 -0.1118946657944
0.149930210768651 0.00933205078197402 -0.0175736618000216 -0.0334420972725892
0.129338056139216 -0.021278190067454 -0.00573282166354054 0.00740071917944858
0.132721674538877 -0.0240375595891741 0.0140797534856598 0.0592649804723203
0.151392438767608 0.0495187674741572 0.000215069804864145 0.115690062200729
0.103008906719723 0.130808791800642 -0.0656779516783226 0.154087870575777
0.0285707685278013 0.202574410365098 -0.173993623929857 0.0911490959481592
-0.145832362444147 0.151995923676839 -0.183409842564832 -0.0338638970852792
-0.238920514949477 -0.0150142228979973 -0.0503644035238639 -0.112135826312245
-0.230298586167905 -0.14881209026068 0.0499341194736043 0.0094788988203211
-0.115866067970135 -0.182360051022141 0.109618094639851 0.0698357370462592
-0.204509914933917 -0.14340763853387 0.0646211453914046 0.22765267433932
-0.214728797767169 0.0261216912855407 0.194614148685272 0.183239655625943
-0.0926007451887402 0.184196293620042 0.226463904088669 0.00430235724870802
0.0501914997295754 0.170044489771595 0.119070611984682 -0.105185937257427
0.126309041071195 0.0989304058539042 0.0457058675469525 -0.0771858366331462
0.14555223400657 0.00972466775830439 0.0444811387318991 -0.0288004982445598
0.122873475069228 -0.0266755580898752 0.0479752709490243 -0.000214033548381704
0.122677495322669 -0.031192690421415 0.0666657523083303 0.0504454862104163
0.139537338647187 0.0344244515679592 0.0526678973832648 0.117717828714247
0.101831798663215 0.114941851357596 -0.018893974764863 0.172580546242492
0.0289131223040504 0.190400186748173 -0.142923687084436 0.121416896975766
-0.141520644160493 0.134464554505722 -0.166828797867258 0.00228117179183143
-0.211374714566513 -0.0321365723805389 -0.034232322668696 -0.081980040936223
-0.178945468492946 -0.148775358553755 0.0974225847563413 0.0645466889259972
-0.0460447315721271 -0.147438159494666 0.148274010447038 0.151271862630573
-0.13409458031207 -0.14345377718795 0.0787151055961373 0.254304193458219
-0.173451758073125 -0.00898274189581418 0.157817648554795 0.211338649875796
-0.0857842401455525 0.138003960376816 0.19738856478841 0.0615413503943892
0.0363577020746466 0.135170547778665 0.139569089508029 -0.0381432321819498
0.0974163567605622 0.0763614916436645 0.098647667423712 -0.0434283678452001
0.114518261627155 0.00503210228611387 0.0968315574631342 -0.0262651164786989
0.0965962574451243 -0.027494658948119 0.0932378918122749 -0.00786395541509453
0.0967206120931611 -0.0323969696356153 0.110414589261224 0.0412937378159153
0.112006202944915 0.0188051076467502 0.0951005938331535 0.117158834745876
0.0880864804238277 0.0909355997730832 0.0166654180660066 0.183944111634658
0.018670185443859 0.160293209415767 -0.118032253541958 0.14164171672644
-0.130923574412914 0.0979535720119397 -0.149998568609384 0.026569556220762
-0.164411980721334 -0.0537754785320582 -0.0213500782630437 -0.055040093745187
-0.103273312032409 -0.135559150357007 0.125656448868486 0.111457493816877
0.0321083329197339 -0.0830948740695226 0.166991218791878 0.201964117815357
-0.0421587913823384 -0.102165467425625 0.0888887095704919 0.257300169227014
-0.0935426279511314 -0.0244810671558082 0.130385559077543 0.219761004840347
-0.0458644495183619 0.0712295831484757 0.174937065311091 0.0939110823169255
0.0249793072655977 0.0704960615927677 0.153729783919457 0.00279334202128442
0.053436853245721 0.0358688040024769 0.133224008975655 -0.0263372828931183
0.0631347390577631 -0.00306331833849155 0.129599949224732 -0.0299521014544257
0.0543529233765869 -0.0243829197922489 0.122212275705062 -0.0155139040919813
0.0581659966625874 -0.027884118803834 0.139186424408957 0.0329249321938446
0.0735425370071033 0.00340780772608216 0.124262236284404 0.117800730880571
0.0676842217886351 0.0597184865028724 0.039492286506458 0.194772490744985
0.0055722765535488 0.116556662723105 -0.10448492549984 0.158769311683157
-0.108022174622777 0.0517867487137162 -0.141986940475947 0.0427414074431843
-0.0989557322866892 -0.0678523846050514 -0.0193300108432405 -0.0358910354468986
-0.0138000454121765 -0.106002174535392 0.129094852979515 0.145517671316194
-0.0523619337770278 0.0528264134024496 -0.170833332523602 -0.15584973189582
0.0414722444432037 0.0551784502756143 -0.0159211292741744 0.0721634142494331
0.0569923780880009 -0.0253201347428216 0.181102264599246 -0.0377549290664351
-0.0153422682302438 -0.0574073293435311 0.131794321017953 -0.209022343873129
-0.0428135761725606 -0.0132682998546927 -0.0684792495725399 -0.249674888154632
-0.0231432052768128 0.00820491789228614 -0.18212805497998 -0.13959692275942
-0.0169332890179249 0.0123810597547055 -0.179187737087537 -0.0279015879107596
-0.00766391714897631 0.0185660543286867 -0.156452751789481 0.0321958504536985
-0.00118010367636837 0.00552427994236174 -0.150118172395639 0.0559095291399668
0.00443684150984463 0.00248165763519955 -0.161637686231536 0.0475561879205686
-0.00690759701168072 0.00358462851882259 -0.178485215727491 -0.000744215059365933
0.0110544999438457 -0.00583368067059352 -0.191626863292859 -0.0885844108797624
0.0138147750453685 0.0315807287297392 -0.144067293857282 -0.205926806700824
-0.0451164358226431 0.0634771505001909 -0.0881389337684102 -0.281216623086312
-0.101136682049848 0.0162329416323082 -0.170879354362454 -0.224251720367239
-0.130234029438795 -0.00375749982744656 -0.141722911222212 -0.169778335161799
-0.0528827006924992 0.0492882230257966 -0.00727377768123837 0.0820488218848372
0.00309896974717728 0.0328916181680674 0.204386338806894 -0.0272643298061198
-0.00287625815636236 0.0172771918281201 0.15461650112525 -0.215546351960524
-0.0014776743883069 0.0320125882565114 -0.0578314212697981 -0.262118584757128
0.0314674039650913 0.0269401904011549 -0.173045407117337 -0.143347062685428
0.0396887692715339 0.00331424793212535 -0.168074908714426 -0.0278362561451122
0.0444564207950008 0.00556891483308043 -0.144182068803719 0.0322953336005547
0.0584574296245603 0.00190241677211513 -0.132487527465108 0.0662314554008645
0.0688956060297357 0.040850790912827 -0.148294503743766 0.0701805783673967
0.0228337165649134 0.0775464972323386 -0.180732225669005 0.0318445899554647
-0.0146117411099802 0.0840019699705666 -0.210862267045719 -0.0608752685328727
-0.0765347458240589 0.0671414877620878 -0.163855537426704 -0.179348948257705
-0.147240401525195 0.0180556876051322 -0.0888189909423389 -0.240595266765045
-0.186513494917555 -0.0588402477248955 -0.135944708491027 -0.181741553315921
-0.185167196805074 -0.0710527884970115 -0.0881753412042095 -0.154905036653231
-0.148942184090696 0.0196569132990874 0.00904649630572472 0.109727915007483
-0.0696010108997535 0.0807408527032745 0.233128208618595 0.00816544552145559
-0.00314762671160921 0.100377301293689 0.193330914179536 -0.202549415524379
0.0401965879273953 0.0846987033449289 -0.0266092236924254 -0.265484064569233
0.0857539543760381 0.0509549005250912 -0.142895218167691 -0.14575674834947
0.0945486363789601 -0.00141213663693888 -0.135746623288048 -0.0311928893969914
0.0898826186038178 -0.0080633539412027 -0.111314944799618 0.0273824604981659
0.105168623862196 -0.00792993865636502 -0.0925423352940669 0.0715269535684735
0.123601658652734 0.0572350401481102 -0.109922447797135 0.097909392248269
0.0637562225188128 0.124366999916192 -0.159076394424768 0.0860262760989478
-0.00385950967979245 0.159457616437064 -0.223131937435697 -0.00380434028010965
-0.129580422355775 0.118723169204849 -0.191411231547881 -0.13344602176774
-0.22208546278103 0.00358818251699003 -0.0866698443584447 -0.196215497764816
-0.246682113215447 -0.107668115333276 -0.0809615546126473 -0.120899332607881
-0.206495030864452 -0.135803466977541 -0.0194791930839995 -0.104030468123165
-0.225572825261381 -0.0324321545694603 0.0332721938852157 0.151265394316451
-0.150050179479059 0.101803938564415 0.251686646579816 0.0644887089327289
-0.0226625908049748 0.174294248165645 0.23134338443771 -0.15945164304579
0.0700299231565595 0.137345375898532 0.0213995433508281 -0.244398052272328
0.12956616062095 0.0764839344555606 -0.0924522904772298 -0.138980269568934
0.138442551634736 -0.0025163714680589 -0.0847150611991318 -0.034046504126069
0.122691695330173 -0.0214762355496811 -0.0632643702362185 0.0189882797815779
0.132676734883002 -0.0221188515723131 -0.0387993934939955 0.0704621254464914
0.158082766561878 0.054965874573888 -0.0535303204950057 0.117527384210756
0.101360524892119 0.140038946721615 -0.114373777431841 0.136909039830953
0.0252958195660923 0.203070131477876 -0.211435948519878 0.0601994529968582
-0.14668008661003 0.160380573046909 -0.204700723251731 -0.075534078093993
-0.258571092047276 0.00410903954685325 -0.0786410005601691 -0.154080551039012
-0.272048848812452 -0.134048864800522 -0.0139487663049291 -0.0573091313327425
-0.187627271773646 -0.181578716895575 0.0542399483250922 -0.0240204236010847
-0.256539412010835 -0.0950223439127537 0.058971406848267 0.198220335567444
-0.212273707434975 0.0839099788563356 0.246882632774808 0.130297411005694
-0.0588127759093288 0.213249966790219 0.251058532820676 -0.0882132477871747
0.0768921252599542 0.174506053535006 0.0748044156833203 -0.191864730087862
0.150071469935243 0.0951905585627365 -0.0255834991335636 -0.118148287168838
0.162215570432991 -0.00143540763394266 -0.0202827789862151 -0.0354342977896033
0.136953903554135 -0.0317169324286629 -0.0058271033784469 0.00836100324177023
0.140179753415274 -0.0341984650249208 0.0198596348556337 0.0621686904488984
0.166207698751504 0.0421534349712908 0.00859094945371017 0.12457487410611
0.119929656265083 0.134579427155804 -0.0583258319549406 0.170183478861602
0.0450124800940557 0.214244793436171 -0.181111869493866 0.10995027428508
-0.147121220554756 0.171980478071469 -0.197336934476559 -0.0230769098209274
-0.257575085782814 -0.00173159378406147 -0.062090872908394 -0.117404043839136
-0.254621299412444 -0.146422733533557 0.0532074529794082 0.00424279791209361
-0.133428172605816 -0.189580852473199 0.119516657658889 0.0697298023247476
-0.228875441470247 -0.141207895557558 0.0821696686745154 0.240237478237328
-0.227751863068752 0.0405535952573021 0.218823004132005 0.184489766715005
-0.087110786097179 0.20272266900023 0.241280005217562 -0.00992584234353202
0.0655513627723183 0.178467241338844 0.116630838555044 -0.119257089060452
0.14305880891913 0.0963282407103384 0.0440257775562884 -0.0850875525611551
0.156831491774316 -0.000673280698388909 0.0463060983621869 -0.0353365992774656
0.129618814895648 -0.0367751512275153 0.0508701035738042 -0.00406630993425767
0.128703790400787 -0.0411067427205305 0.0755160685081199 0.0495029336785236
0.151783814887247 0.0264799878068706 0.0650734576344985 0.122759868935723
0.117350048859009 0.11709886627209 -0.00737728118005034 0.186958452849627
0.0449548444748039 0.20032168079638 -0.145353529231968 0.140788451247214
-0.142800104046054 0.153532613486162 -0.177910505782446 0.0148666703185198
-0.22863636014141 -0.0211136169761728 -0.042441289266966 -0.085454124939321
-0.200226582180636 -0.14813130227685 0.107696492409023 0.0597558388064508
-0.0573298825988945 -0.156404522425129 0.16569313891175 0.154651893392865
-0.153109041347617 -0.145038876893568 0.0982025443118527 0.267715343642706
-0.186311484920482 0.00103363071700701 0.180583813142494 0.216991407534375
-0.0829452503224846 0.152385296842534 0.213387452456147 0.0533361923726593
0.0484024416687602 0.14153915595613 0.143977000864307 -0.0487303458157852
0.110115966906356 0.0742828085577122 0.102754877603998 -0.0530545087677275
0.122858503399064 -0.00326342941337104 0.102435622728775 -0.0364402021009577
0.100896650768314 -0.0358734102748907 0.0986601778889025 -0.0161171611396164
0.100415616065259 -0.0408150609094582 0.12108997256674 0.0363061247968943
0.120214057804056 0.012695744407187 0.110969118021435 0.119103363686471
0.100997166401995 0.0909642554085573 0.0309637629101963 0.197472289080802
0.031551381114713 0.169391943334718 -0.117501008455735 0.160732525171422
-0.132942174305088 0.113487264899561 -0.158928598099928 0.0390171982686959
-0.179245331094606 -0.046719597880891 -0.0268646618277026 -0.0575973215906388
-0.118274512935157 -0.13875253924792 0.14111140149515 0.108040785179016
0.0287409519886655 -0.0914675354627463 0.190247398321908 0.207383824561966
-0.0522310886403774 -0.106339648161587 0.109434708097426 0.270177993095229
-0.101505078945558 -0.0192589624734977 0.153148785575389 0.227576174940334
-0.0444171594428844 0.0787220338721698 0.191526475004443 0.0890091921131486
0.0322432887671296 0.0726499233779165 0.162001279683893 -0.00649038724035857
0.0591776459896095 0.0338963222788116 0.141230381699847 -0.0371542642840874
0.0666441353413285 -0.00857505631909048 0.136559266763358 -0.0427203869961105
0.0558919628407551 -0.0292748778383078 0.129273424088669 -0.0258870888207479
0.0593366960191815 -0.0327669885024983 0.151165832666914 0.0253238930706362
0.0778309764437218 -0.0012727927469198 0.142076135602713 0.117634179258908
0.0758311498920215 0.0586932287481142 0.0571126388720912 0.206837821333523
0.0143779698483003 0.123223672361159 -0.101591266119341 0.178086764311222
-0.111295164823407 0.0627998945829676 -0.149132963538643 0.055857213644025
-0.10983280079535 -0.0653554347213021 -0.0234634761273529 -0.0381352661527944
-0.0210829855761572 -0.111969017521446 0.146646822267884 0.143895873643776
-0.073591139631656 0.0276265941283562 -0.0913703319233452 -0.22294226431376
0.0166660605391517 0.0692691748651857 -0.0471541236046558 0.0602303774917414
0.0620731900592998 -0.00109026709854635 0.187605453094646 0.0417455269732174
0.00614342357477 -0.0589676080034857 0.215746486225979 -0.143255959783338
-0.0376927687444645 -0.0280211244504225 0.0424248820512879 -0.265477461025011
-0.0270722891227923 -0.000639297636359715 -0.112048823280652 -0.212410962963095
-0.0231810439690724 0.00561967383709695 -0.157721457758858 -0.104841458317712
-0.0147121012513677 0.0152722871979766 -0.162056998378663 -0.0353365062974153
-0.00321901522346265 0.00580578508329789 -0.166133441440781 -0.0102312158859324
0.0026683184725019 0.0056484375985047 -0.172825699463578 -0.0246258129149727
-0.00945495972370687 0.00245698540801158 -0.168168743864771 -0.0793775250780265
0.00832729971406306 -0.000689555590529535 -0.138937755538371 -0.167408418887449
-0.00372404277047252 0.0327281253392774 -0.042435777918311 -0.26063787846483
-0.0704963976770963 0.0358486364152354 0.0449307240150608 -0.312619030969515
-0.102492362843557 -0.029550290307673 -0.0537048958995525 -0.296970417668972
-0.121627864252147 -0.0605568384129762 -0.0604812158819902 -0.221432688506365
-0.0711695532100742 0.0218561323398392 -0.0415292319833874 0.0750887427740252
-0.0146101117289697 0.0294203255040056 0.207166263988608 0.0631320601493017
-0.0144962391515517 0.016187798670264 0.242595472484502 -0.139510857503426
-0.0187407532301418 0.0333884281888875 0.0600515967436536 -0.274223418920105
0.0170895981892214 0.0409536024412332 -0.100918265168284 -0.213872951987871
0.0349266317053394 0.0212136134314449 -0.146283430677419 -0.100777430020059
0.0408278418234688 0.0263583613323371 -0.149596381626858 -0.0302454775594175
0.0552187339460247 0.027762505661404 -0.153174608146355 0.0071319881739593
0.049101441404745 0.0697487686298394 -0.170833135727485 0.00401088818345652
-0.0126976168792979 0.0867667075211254 -0.186737778942617 -0.0469838496303604
-0.0548406300648208 0.0739171353572747 -0.173246799353526 -0.148928367977963
-0.105352027973094 0.0261920750415705 -0.0756657645978492 -0.246417793888198
-0.148525272187596 -0.0519109128533115 0.0273018889707085 -0.276455662022721
-0.149697297425138 -0.137370321159749 -0.0388871069502593 -0.240346591828112
-0.143232044672563 -0.149015438698903 -0.0188992345465929 -0.181394688265177
-0.150303822661518 -0.0486749817800643 -0.0367838831037766 0.1110711699318
-0.104685578712411 0.0420949063845552 0.220831604173418 0.110909039934248
-0.0500793632118519 0.0933881902388536 0.276796724938721 -0.109307553171338
-0.00271148636002529 0.100955954418847 0.0933208732706536 -0.26556046010975
0.0591905524349438 0.0876537435426977 -0.0709985274784233 -0.204948506447385
0.0901324404265472 0.0397845446691029 -0.114019326830821 -0.0903035757391155
0.0907099542344125 0.0328607888676072 -0.116224501199822 -0.021397477774625
0.104042706133327 0.0385099273233983 -0.11729232731106 0.0296056261766309
0.0952925008337921 0.108372587113284 -0.145538575008093 0.0479090447280283
0.00702663159825893 0.149920010280738 -0.189959647667819 0.0158633535331509
-0.0764618038358392 0.150182876758532 -0.212485299242287 -0.098367564597227
-0.178995070143293 0.0519037415223915 -0.124894639345414 -0.215129058971794
-0.21339510849954 -0.0980249213998949 0.00932312983972206 -0.234969461326855
-0.185990394038593 -0.211026947470753 -0.0145729662536722 -0.157687177171791
-0.13481607323157 -0.221764255831584 0.0226961947183281 -0.101406204771762
-0.200513228107598 -0.132745077594196 -0.0313093578591894 0.164077594352322
-0.190176296226921 0.0261946256597856 0.215205537369979 0.174485173108085
-0.100159552471578 0.153660851179485 0.295190655744151 -0.0503876917457558
0.00221220825858112 0.162296937616817 0.131514505416983 -0.225372414591426
0.0898098924705278 0.129190589671479 -0.0249482915750228 -0.17639978111516
0.133955122004882 0.057078545155833 -0.0638319000612713 -0.0715599247617965
0.127918254652498 0.0340698231777932 -0.0671347224369179 -0.00887738796636822
0.136419086063535 0.0366568315558219 -0.0662189556133244 0.0511092922827048
0.129489317902064 0.119918852838674 -0.100183215055155 0.0913926743651385
0.036993242863629 0.18071933548857 -0.168655665896361 0.0852509292691908
-0.0665179577188551 0.205157549467282 -0.230808791003326 -0.0310143845520866
-0.214148316213317 0.0849024358174456 -0.164879509389712 -0.164976181611973
-0.248943861183975 -0.112284198265175 -0.00190323945106348 -0.190601506812432
-0.19872522551982 -0.246107865540643 0.0185471821261829 -0.0652109999635332
-0.0959606448517689 -0.25866192391133 0.0552318106151675 0.00750879516506149
-0.202074755547435 -0.207987619936992 -0.028377801907172 0.222695666401661
-0.241781663747283 -0.0195503537121465 0.18158611987714 0.236846830583226
-0.150957649984652 0.172736697137713 0.283807171160177 0.0276580403536547
-0.00660078450530587 0.199801135435686 0.160636020613634 -0.152514447938746
0.1020361827962 0.155894321478391 0.0296136576650353 -0.127548968213948
0.15635785151531 0.068112958017128 -0.00203421078244498 -0.044787634522221
0.14636419291094 0.0308883304439131 -0.00867674618664008 0.00420506722069532
0.148335133342744 0.0274944241835834 -0.00682774810529747 0.0683814626421829
0.142528996560545 0.110835787842498 -0.044843250422309 0.124154591719
0.0577705768259099 0.183277603350638 -0.129770788779573 0.14174013903023
-0.0511674746488691 0.22399741197578 -0.223865591065435 0.0310200238835452
-0.219046129313759 0.0976189516996872 -0.182588468102422 -0.111821118617744
-0.245541162143233 -0.116626552305939 -0.00328689830017993 -0.147286752465169
-0.176756794201527 -0.249847422868768 0.0531459959067063 0.0247524789014903
-0.0407931140354568 -0.24358080742495 0.0758047910415649 0.12511484697796
-0.15588083791957 -0.240341084791602 -0.0266270320112827 0.273347728358055
-0.237029603018778 -0.0679856038552618 0.129118189557442 0.2767232481094
-0.171921574284546 0.150748520023046 0.238346923378794 0.098768461792829
-0.0184825440976234 0.196819894441754 0.168336998360557 -0.0637350041821463
0.0942157417086662 0.15257735839226 0.0815113215031527 -0.0648054241298032
0.151419452246252 0.0660046396677874 0.0611346641716243 -0.0156615261124982
0.141105413702437 0.0221385639823906 0.050228066044121 0.0166815305360956
0.140194801797802 0.0157738668261042 0.0508654570545199 0.0796801370227277
0.134777754809873 0.0895515780378104 0.00998112822866026 0.145954119368513
0.0634320550039731 0.163825144173997 -0.0883144906284207 0.179729721618019
-0.0438784221830463 0.210610102371018 -0.204041056832808 0.0754886170545718
-0.205169149201063 0.0819094413040091 -0.180496488625524 -0.0666034782754865
-0.209151522401763 -0.122312555899157 0.00108759666596851 -0.10710524552572
-0.123956024850514 -0.228172742408938 0.0778751760449464 0.103576966385301
0.0160153160892751 -0.179158931324138 0.0829376118098228 0.224928433796489
-0.0825835371074463 -0.210514444785995 -0.0252112318073173 0.306244967415395
-0.178762423772066 -0.086706427950448 0.0770446599396441 0.290340281024938
-0.14510724738114 0.1043070442187 0.182324248512161 0.147268501999921
-0.0178820317626081 0.152874507509417 0.16228268150024 0.0155264591123359
0.0725925509631868 0.116591162376301 0.122355231754088 -0.0065329020090473
0.119814599773722 0.0483582639016866 0.11474605208896 0.00803984261480851
0.112962510630346 0.0100518514807213 0.100035690446893 0.0251461123299435
0.113000600132944 0.00344890795311589 0.0992684561704134 0.0856616772875324
0.110517904149132 0.0624240813748548 0.0544615901507288 0.161559750236991
0.0581775323696551 0.131127464265565 -0.055536226977449 0.205406037479904
-0.0425605255321163 0.175783306876654 -0.186605192977141 0.105606076153658
-0.178307699328701 0.0494037083295589 -0.172569150050838 -0.0347366656999024
-0.149712404405046 -0.123133352684531 0.00387555378368609 -0.0728231450803792
-0.0507311446760931 -0.183008523844708 0.0853519063827081 0.166117953382175
0.0682955029028735 -0.0795185573217863 0.0843350748864315 0.284303253110199
-0.00174102507766283 -0.129021889982355 -0.0168218110444808 0.310165684022291
-0.0873783432779503 -0.0671395909997502 0.0440832835564016 0.2875890598317
-0.0758747771282262 0.0511692293737281 0.1438925830938 0.170438743321209
-0.0020928815539917 0.0795779808155594 0.158122359217762 0.0636253761277421
0.0415658084594947 0.0560373738806211 0.151284335609412 0.0258102874185303
0.0679761298600883 0.0193068903796457 0.148876975819047 0.0177345385963703
0.0662496874381125 -0.00368368972642443 0.132757397982567 0.0288577258175923
0.0705028738886001 -0.00653360524067619 0.131996986985292 0.0874337118709972
0.0754471189226125 0.0312886071127696 0.0846367921442544 0.172122451682702
0.0484799300650105 0.0886334493395455 -0.0350801449070112 0.223814373217836
-0.0379192418372552 0.124654663095139 -0.177680621564461 0.127366243159651
-0.134969908400378 0.0107737626383367 -0.169901263297092 -0.0150432930881575
-0.0757539750295802 -0.110028864467577 -0.00201518201458289 -0.0502161314354241
0.0297163326449115 -0.115507691934847 0.0721032786996929 0.203914691265837
-0.0733500569570444 0.0311612223457274 -0.108759515049188 -0.220299996418777
0.0224137663229658 0.0685800013615783 -0.045004283388121 0.0646345543583812
0.0618988430223698 -0.00629863637862093 0.193713755836446 0.0272549534260909
0.00134854819075684 -0.0591439647198745 0.208944270990686 -0.164002845475504
-0.0406762590811781 -0.0245813883225122 0.0222428472596905 -0.273952721813948
-0.0281330502543346 0.00210347789817633 -0.13206863803803 -0.207140375429576
-0.0228716999665015 0.00794650032827232 -0.169120111480873 -0.0944810895952593
-0.0132407772549404 0.0171412614360024 -0.167432572040683 -0.0227899957185611
-0.001968672784686 0.0061291586019956 -0.17109030794173 0.00324501719962687
0.00324571984272724 0.00618244793224844 -0.178974165381997 -0.0116766120033687
-0.00951287050558285 0.00479024793843695 -0.177136385004893 -0.0692481739664404
0.00687843921548161 -0.0010843400347345 -0.152671817825878 -0.160120751812189
-0.00286368936683557 0.0328954662164702 -0.0607316220284374 -0.263854353229037
-0.0680329530368499 0.0413995524497565 0.0221850280850118 -0.323261295814387
-0.105297107639053 -0.0229407996859197 -0.0757415821027737 -0.299710993000873
-0.127101692482432 -0.0547010069712683 -0.0774833915506479 -0.220342856346573
-0.0704516509158584 0.0270267033541915 -0.0380175430726324 0.0793709243896629
-0.0129705796532957 0.0305817035136207 0.215285036237733 0.0470606631276501
-0.0132720806440726 0.0186193124591899 0.236047053272964 -0.161606983043102
-0.0169174995897276 0.0364078087758735 0.0391096721811238 -0.283824906915437
0.0205022591801649 0.0414163171757531 -0.120710372307458 -0.208853912227679
0.0374602488428626 0.0190270774839425 -0.156846548016095 -0.0917084042575949
0.0442823496521308 0.0241786118117818 -0.154543104907202 -0.0185928779920944
0.0592838329065444 0.023985457480814 -0.15592333174864 0.0197406913827404
0.0563747634581096 0.0674642723067893 -0.174060632632815 0.0172564774106895
-0.00602961154704308 0.0916682211620307 -0.19408536265833 -0.034342868028484
-0.0513238063278536 0.0803216505225735 -0.186839178178453 -0.138357446882945
-0.107095377380505 0.0336375672329713 -0.0935638363577223 -0.246227411276646
-0.154485745924189 -0.0431914479071535 0.00655940099402701 -0.28565537672959
-0.161338723992787 -0.129427487919231 -0.0562795295747664 -0.244317198206989
-0.154924502053803 -0.142772435018857 -0.0327618614486566 -0.182614795104365
-0.156678152684535 -0.0392453850130185 -0.0309494494269614 0.11595499421609
-0.103499221250387 0.0489224360190359 0.231828168245239 0.0957282050943981
-0.0433600592189935 0.0994825951110131 0.272364097030573 -0.132986578573521
0.00473040900549309 0.103446909880824 0.0723014445642634 -0.276737741038789
0.0673913415163991 0.0844403901731783 -0.0891234058089565 -0.20162723377572
0.095599126890572 0.0333763880719319 -0.122597208943738 -0.0839438323004724
0.0956892842341828 0.027195438052511 -0.119594715218016 -0.0124038736360357
0.109402204784485 0.0311708664903657 -0.117226756117936 0.0397438760876982
0.106483284824075 0.103853098913515 -0.145138192868893 0.0606236591321672
0.0192233889986393 0.154416846398811 -0.192084095965655 0.0303132801217239
-0.0672431868486475 0.159198092143782 -0.223232308546949 -0.0840355931525839
-0.180625158206053 0.0655177038536223 -0.141462090211266 -0.210036416281171
-0.224667960306258 -0.0854340842930553 -0.00835934135795108 -0.241336516512672
-0.202352475646463 -0.201677605829408 -0.0263367662656809 -0.161736617672668
-0.149950869970211 -0.217298457583936 0.0138452723473487 -0.103860062101418
-0.213902467867296 -0.121663603205783 -0.0224263208226063 0.169816220351423
-0.191714887482725 0.0387350451647845 0.230340445123289 0.161033210238886
-0.0900589266643568 0.163917870469409 0.295711219070677 -0.0739365673668718
0.014655367998921 0.166003476797192 0.113214696532137 -0.238388156237442
0.102108701251925 0.124541698411391 -0.0397595071531023 -0.176591589095616
0.141265870849267 0.0472615228839056 -0.0693716674470113 -0.0685798826865888
0.133313897404007 0.0253433451019528 -0.069362259874423 -0.00368083156722901
0.141742258238026 0.0266720578355054 -0.0628610194933259 0.0579484273891468
0.142294593865209 0.111921893278575 -0.095481378982677 0.101101117891168
0.0522805388162321 0.183614517714594 -0.165108938571599 0.100182197791076
-0.0516505677074413 0.213558306753525 -0.237972699276157 -0.0129765716998229
-0.213530924452012 0.102552456133463 -0.179244670722461 -0.155939108057134
-0.262012254758386 -0.0975571545535862 -0.0169559845210662 -0.195659073872988
-0.218596419403869 -0.236977715606201 0.0140090284584327 -0.0705910732971482
-0.113853425433994 -0.257930555207234 0.054354927281108 0.00474918872883252
-0.22183638854735 -0.197460857479284 -0.0153624880001791 0.22903119941323
-0.247341404529482 -0.00332719588123615 0.200266526405215 0.226489496148073
-0.140598540942599 0.186920886133236 0.289464861670341 0.00655794770272611
0.00847978732307028 0.203688463527367 0.147536318387893 -0.165566479534861
0.11697119374713 0.150043843836315 0.0195072859624276 -0.130755480550509
0.164793366448933 0.0558363485942656 -0.00455919826455819 -0.0459611663519704
0.151282071279987 0.0199248946895679 -0.00901851492875555 0.00534764298860141
0.153274765347424 0.0164311072496479 -0.000992295121938506 0.0705428664115065
0.154907765854782 0.101729071288118 -0.0357183609470709 0.130396755339702
0.0737518914620281 0.183338794819069 -0.121051800049008 0.155232869834809
-0.0337909667071721 0.231469516406598 -0.226892589978676 0.0496462393697115
-0.217029236727575 0.115880788558519 -0.192866474815671 -0.0988358367004088
-0.258997926869411 -0.102172225572105 -0.0147676312916424 -0.150935057313023
-0.197480034808628 -0.2429572785484 0.0556378666731209 0.0181561673075332
-0.0574192088684838 -0.246477719124311 0.0838021871800482 0.123134587178657
-0.177233305641717 -0.234014907172562 -0.0101579016561719 0.27992747533368
-0.246096488529368 -0.0522327461687574 0.150271287911413 0.271951148376736
-0.163330700988852 0.165694566555952 0.248415729864266 0.0835735385872363
-0.00299898042128158 0.202065655643219 0.162924941850633 -0.0758331706575543
0.108626696293745 0.147404980365648 0.077431079648608 -0.0711550384270195
0.159317945727036 0.053602792610822 0.0621358113081194 -0.0215919390844107
0.1450968930593 0.0114778732061858 0.0518709249956068 0.0129697331373767
0.142970886692896 0.00530082148246553 0.0580996569578488 0.0771556240265334
0.144157630826173 0.0806191386822276 0.021781697724473 0.148368664654568
0.0780467791564216 0.16278825182629 -0.0745686597454072 0.191299272400809
-0.0272183261050647 0.217309756396635 -0.203158918094821 0.0944917352332239
-0.203058158451235 0.0995500336923928 -0.187778603505456 -0.0527830458659483
-0.222312639779998 -0.108843607018721 -0.00736855220694725 -0.11008108054641
-0.141872539321331 -0.223959732494761 0.0866774916113486 0.0965406923935556
0.00457649066097527 -0.184182023929265 0.0980177567392031 0.224548648400649
-0.0996137265051511 -0.208704525248898 -0.00570680115597631 0.313197078759703
-0.188163909452503 -0.0750504919103393 0.0986533359147928 0.290801086091589
-0.139090467576199 0.116949097923312 0.194749828643724 0.13653330651884
-0.00504313380353977 0.156234146218651 0.161911740173562 0.00567360776896767
0.0832472397015774 0.112097531066382 0.12436027947581 -0.0152487320373542
0.125288969609026 0.0377686966210501 0.117867887338486 -0.00222908035945642
0.114850601030704 0.00103565349996465 0.10278711325296 0.01758120784596
0.113783902570328 -0.00475631458149784 0.10778528084413 0.0798522286046894
0.116479364110367 0.0547379164487094 0.0684089606994028 0.160074237764517
0.0698732164775881 0.129217901396143 -0.0400081524131605 0.214587734711395
-0.0281410084648124 0.180959309384753 -0.182489104076287 0.123840755315096
-0.177217209500918 0.0639212140534862 -0.177725254319602 -0.020982231426129
-0.161579088149897 -0.114287707177103 -0.00167902987510833 -0.0752993158973592
-0.0644959139489937 -0.182816450331304 0.0988837056352811 0.159139780997636
0.0637507474596902 -0.0868920781244528 0.103972459149929 0.284846305482335
-0.0117434214052869 -0.130529385863834 0.00278423931851163 0.317691767822011
-0.0938418903289138 -0.0612899373559326 0.0644407968151663 0.290216663889282
-0.0727285365830443 0.057133318371997 0.157037957084406 0.163378509022804
0.00414088366722542 0.0800299226581329 0.162756424520084 0.0553528095292463
0.0461961482831613 0.0527176579348404 0.156448224700469 0.0156586081643391
0.0696819338166491 0.013473141958738 0.153123012958582 0.00479587301100818
0.0662001546334089 -0.0088448434617299 0.136401110845018 0.0182995830057396
0.069949486843433 -0.0119433876858368 0.140663908647445 0.0786551731993812
0.0779011328765692 0.026093381903737 0.0996621365101984 0.169101632203124
0.0561385098489379 0.0854284274484829 -0.0181692054173043 0.231877870778564
-0.0281412479460744 0.128827724532418 -0.172422832197662 0.144761215217005
-0.135725806422629 0.0220872928595768 -0.173741066347089 -0.00144379272940934
-0.0842150161702054 -0.106228406048628 -0.00584061070943125 -0.0522197028512235
0.0222058337072551 -0.119228229632494 0.0884800277687652 0.198768280097431
-0.0734682839070713 0.0340628623527096 -0.122096257124745 -0.215903179847492
0.0261342542528821 0.0673834462629594 -0.0427528909235509 0.0683248936886862
0.0607062104102656 -0.00926550439875736 0.196809163611264 0.0151459584141727
-0.00269622651885284 -0.0588645562675996 0.200590546747589 -0.178639314788742
-0.0428455234689895 -0.0209673313573012 0.00647919366407048 -0.27758671762602
-0.0285378199409766 0.00497318639337727 -0.14697825895568 -0.199776019422127
-0.0221518362967295 0.0103690122355677 -0.176752799562498 -0.0851025260524796
-0.0112347192512926 0.0188819234487517 -0.169664006915131 -0.0119865277384324
-0.00134170185072649 0.00592813039754621 -0.172696488036101 0.014955840247694
0.003794914072852 0.0062451815593737 -0.182354641271871 -0.000909387807771298
-0.00963812761393493 0.00671749157817541 -0.183175617716595 -0.0608378923533359
0.00543099717161992 -0.000945461062120729 -0.161263912678731 -0.153191440070881
-0.00243424512055167 0.0331672303962671 -0.074161561556205 -0.263425754986362
-0.0652027144510235 0.0452286354526683 0.00394233916151212 -0.328669254472526
-0.106109249055552 -0.0177032537900645 -0.0916139877207414 -0.298539016448969
-0.130891308309023 -0.050121720961455 -0.0905964318202589 -0.216812065026642
-0.0700057294444314 0.0304559622369321 -0.0355507322849917 0.0829394033173213
-0.0124542644352686 0.0305973337582332 0.218285231456304 0.0338915871962584
-0.0122336416649832 0.0204319923584985 0.22847894937639 -0.177465603384702
-0.014733651782139 0.0387395379188004 0.022162458757391 -0.288408713458869
0.0232300976140095 0.0407042291345907 -0.13546840997072 -0.20348216488395
0.0395978803565952 0.0177277075225065 -0.163965765425287 -0.0834010130523608
0.0469153269608723 0.0221798917490033 -0.156200862659259 -0.00878368157684106
0.0615956918655995 0.0206949936115211 -0.156198724506629 0.0306183163482322
0.0617619893209829 0.0648730335108552 -0.175962017189875 0.0280386596070792
-0.00025168863462581 0.095045074306207 -0.198173532491403 -0.0237015324028844
-0.0478134880358044 0.0844006563753948 -0.194766793429062 -0.128555564680938
-0.108208523318138 0.0401067586971343 -0.10676268351276 -0.244847197965829
-0.157484861657599 -0.0361441840968201 -0.0101234953976187 -0.290439227763887
-0.167597088972014 -0.122869076869641 -0.0706226125834885 -0.244419442700786
-0.162468629882792 -0.137838342496403 -0.0444627232629179 -0.180534134037408
-0.159888652305577 -0.0315303291850746 -0.0268418097141394 0.120179855249641
-0.101676568116212 0.0538614784533347 0.238400913189968 0.081890929180331
-0.0378883618176506 0.102439026159834 0.266243414161043 -0.150009560646435
0.0109125509298126 0.10510111755299 0.0551567457681718 -0.281819328846182
0.0732742396129169 0.0811747676783126 -0.10302012599078 -0.197070473652815
0.0988340814259513 0.0276476604039584 -0.12784106778914 -0.0773768031986321
0.0985277046934984 0.0219910373784969 -0.121216612281041 -0.00468381594713262
0.11268466807832 0.0251998738874196 -0.115784722669749 0.0476045948273939
0.114567474555176 0.0980858814094001 -0.143751467225378 0.0703281480244873
0.0295712923983888 0.156742617922121 -0.192500002721373 0.0418100487306997
-0.0587916488236441 0.165099161000676 -0.230262658937371 -0.070956286113384
-0.179834264077016 0.0761216799349865 -0.152934829062842 -0.204688793872403
-0.231919427043979 -0.075492079896596 -0.0235454614542394 -0.244088112346899
-0.213711193397852 -0.193740669910001 -0.0357614252817395 -0.164138091513266
-0.16138647488142 -0.213170915901339 0.00642738558212347 -0.103835627686234
-0.223071173222145 -0.111234758703024 -0.0162874939400558 0.173088322159931
-0.19067853128418 0.0478590873014003 0.239238239613153 0.14936238941824
-0.0807653875664891 0.169624299546713 0.292809099296731 -0.0909503057298084
0.025021507425054 0.166915132953497 0.0982699179694249 -0.24457420794644
0.110943605284513 0.118921171147674 -0.0513122882956253 -0.175151327553184
0.145360180829055 0.0379665991432718 -0.0731612793550841 -0.0655117658409945
0.135906044411335 0.0174906360139901 -0.0695785912314172 0.000856563617224224
0.144892868854262 0.0183049793769824 -0.0588735344309189 0.0623725088084629
0.150839141220084 0.104149601166415 -0.0904978031075861 0.108750145223756
0.0647361653577931 0.184129059405064 -0.1602866602976 0.111632608301224
-0.0398181796584949 0.218866529566909 -0.241402558471837 0.00196398333992555
-0.210783404202935 0.115250996341945 -0.188202473787472 -0.146383635001098
-0.27111556490587 -0.0855890206951811 -0.0290648705824589 -0.197457063549636
-0.231073618257027 -0.228353740849353 0.00971608923043215 -0.075232953122371
-0.126311329917745 -0.255297594140646 0.053434941848058 0.00380529448574697
-0.235374590621073 -0.187233950302464 -0.00583682769849557 0.232538549779308
-0.249962003987831 0.00867010808372711 0.212474551983676 0.217554183951662
-0.130115939383145 0.196047076790001 0.290728033461001 -0.00887756628666181
0.0206920476863271 0.20543699622026 0.136291162968488 -0.172820091073705
0.127357115651557 0.143207157258148 0.0117679508445591 -0.131293690570131
0.169234622041404 0.0451804812721087 -0.00645799792710076 -0.0474195817270921
0.153487084799832 0.0109093162242084 -0.00829056938644288 0.006313294820823
0.154993476509236 0.00707190192142622 0.00376773100206448 0.0713696274227152
0.162824788387267 0.0928362724844475 -0.0282027092687898 0.134709417065317
0.0863382980349122 0.181898266461101 -0.112720587140394 0.164443380473371
-0.0196568742008831 0.23543091004047 -0.226504381337209 0.0652016235408105
-0.212955753834651 0.1292427608288 -0.198957837734199 -0.0880973890063809
-0.267596679787985 -0.0889856049663303 -0.0245427044668099 -0.152090255649785
-0.210820526777456 -0.234161475359154 0.0564540816248423 0.0117479649530497
-0.0704958142594801 -0.246729745268281 0.0890918000095038 0.121259182880336
-0.192488826081082 -0.226218722660416 0.0022839820857161 0.28367878405704
-0.251015216831163 -0.0402510398468011 0.164394604610073 0.266841325661485
-0.154855124800707 0.176016476893812 0.252898749576003 0.0700960120937763
0.0090110092217567 0.203116373570474 0.155626207618624 -0.0826542612310181
0.118421396687246 0.140968276874164 0.0740855174539395 -0.0740802211622139
0.163255592088427 0.0430511554114244 0.0621209128330143 -0.0270736738823842
0.146383267706338 0.00285329670472148 0.0526843786721114 0.0102380158018859
0.144064717824687 -0.00367227588461088 0.0636544493535517 0.0743765383528533
0.1505068776862 0.0722936270428432 0.0308293749810069 0.149002389849614
0.0887901994610793 0.160388048122627 -0.0634739661585848 0.198332203020175
-0.0132221507876216 0.21916476027527 -0.200330743676645 0.109237724569863
-0.199358289284006 0.111958939888881 -0.191410516643791 -0.0414206664815296
-0.230776749111578 -0.0979333372298564 -0.0137642736146869 -0.110904406240011
-0.154810067586241 -0.218104020040147 0.0920763253201682 0.0888021570356854
-0.00578408891048343 -0.187076763007326 0.109492522063872 0.22271138787071
-0.112654245193388 -0.205022231283977 0.00790933840700601 0.316448249870053
-0.193877959213143 -0.0651101131550281 0.11380509235015 0.288967958403784
-0.133193403119618 0.124911788938152 0.201655857947888 0.127002232129661
0.00460242708640723 0.157382560709836 0.160599790500387 -0.000930055686278948
0.0905055824005788 0.107566136868022 0.125089526453972 -0.021353314211724
0.128000511658892 0.0298974365334845 0.119656593014301 -0.0106569385492431
0.1151057077073 -0.00567273306871635 0.104492253212794 0.0110671862535985
0.113595042513467 -0.0114512914093611 0.113402157670896 0.0737550826760822
0.120125781806346 0.0478215730390114 0.0792056661590383 0.157790562883056
0.078439641329225 0.126028397611165 -0.0268275530076899 0.219524593202147
-0.0159442384965387 0.183157443035065 -0.177424676982529 0.137886056160289
-0.174230910215285 0.074878622828296 -0.179568354582757 -0.00956723903783613
-0.168852996863343 -0.106388874231133 -0.00703236316587415 -0.0764975820592291
-0.0740830792638746 -0.1805012362082 0.108511693222156 0.151052694957295
0.0586584275314488 -0.0913570525113706 0.11818785229324 0.282445428636014
-0.0197960113133334 -0.1308967659371 0.0170534154057202 0.320962252299404
-0.097357222287152 -0.0564410632682628 0.0803272333928524 0.290407320333619
-0.0695026464930492 0.061320067356473 0.165822289543682 0.156077271901262
0.00995819995026513 0.0794303957950343 0.165074869374482 0.0480731312144009
0.0490926887466767 0.0494085905211542 0.159879631197737 0.0072089834657577
0.0696284436391328 0.00893825992626265 0.15500773819035 -0.00566722994273507
0.0654849599838319 -0.012689814761535 0.137995728567929 0.009739896352592
0.0688060610026092 -0.0160992285143767 0.145004600973829 0.071265896472958
0.078801013580345 0.021889937506708 0.111072661374474 0.164570553567677
0.0613383462260287 0.0821472483610604 -0.0041424221859152 0.236069071571967
-0.0193719104722846 0.130501573328971 -0.165908189565741 0.157886254785659
-0.134754171333496 0.0307089317039907 -0.174743997376747 0.00926284560278186
-0.0906807620379243 -0.102246419410796 -0.00961045216387749 -0.0534863701324981
0.016473986421529 -0.121378987444634 0.100191453918545 0.192560511579952
-0.0741389035621858 0.0366549219066161 -0.132536198992031 -0.213434359235569
0.0293565899255241 0.0671788927483956 -0.0417826885599675 0.0721272805792324
0.0597301859449251 -0.0117623838737931 0.198977242215043 0.00661999141218911
-0.00557377361086799 -0.0581868809406842 0.19455504742678 -0.191217198121247
-0.0447458319967197 -0.0178965168029857 -0.00639425779849605 -0.281544331865218
-0.0284883126028796 0.00764276821718181 -0.160122907235146 -0.19440766688779
-0.0212184254498115 0.0128157552698861 -0.183982169506376 -0.0777995027951918
-0.0091924589253971 0.0202921365878746 -0.172412252035839 -0.00417590673451941
-0.00105241950162115 0.00672993794157465 -0.174472123904879 0.0241909041423149
0.00481598143574987 0.00691997090718485 -0.186212623784897 0.00741566122662389
-0.00927310575586012 0.00897435502167808 -0.18864998514257 -0.0542153133076863
0.00453088264279069 0.000188712311995895 -0.16826237928524 -0.148342887896163
-0.00230016334497597 0.0331219090165222 -0.0847365673473171 -0.266279604978457
-0.0628784873369705 0.0481726037917563 -0.0108138142613754 -0.334128621953559
-0.107291808091181 -0.0143061627916241 -0.105471647246366 -0.298558038624807
-0.134870424542909 -0.0464545914414314 -0.100711068588632 -0.215723261813623
-0.0696455706547117 0.0336624325412925 -0.0344159400090163 0.0871741685922185
-0.0119139817207919 0.030892714257134 0.221459849017375 0.0245671328211352
-0.0115583292528099 0.0216766992967136 0.222700221026293 -0.190750445938805
-0.0130011096095596 0.0414534234446567 0.00801424247499822 -0.292486190039722
0.0255715047571586 0.0409489630367738 -0.147656896824733 -0.198442074146058
0.0415534301678322 0.016725856854626 -0.169997895575325 -0.0766656021759377
0.0499744359222966 0.0208962159185754 -0.158572195666347 -0.00135182758562716
0.0642904405992655 0.0182702680973389 -0.157166081802868 0.0387225088236083
0.066628112339518 0.0633618676667409 -0.178146047052301 0.0378184427585351
0.00517457990958839 0.098537596976402 -0.202246114671877 -0.015974458825555
-0.0461274954296755 0.0890776199260987 -0.202406316150047 -0.121481167638142
-0.109816924080475 0.0447962062824105 -0.117390853415136 -0.244511264184517
-0.161309495424871 -0.0308070440935769 -0.0236373379196346 -0.294854213716746
-0.173041146411374 -0.11838094775258 -0.081945849503621 -0.246364350667471
-0.169157593872249 -0.134728931609879 -0.0534813182704512 -0.179725155893914
-0.163733286840294 -0.0255212804188048 -0.0242791535590294 0.124119265384584
-0.1007741104623 0.0581229117555883 0.242698766823848 0.0726451548225891
-0.0333236228508226 0.105720388490604 0.262089792574347 -0.163885236919675
0.0163330251170446 0.107385702645235 0.0417091932321712 -0.286536612824232
0.0779854535211783 0.0793801897523236 -0.114327304654377 -0.193933493153571
0.1020097450565 0.0231051554275575 -0.133438359940629 -0.0727983446569499
0.101930445755539 0.0181979178882653 -0.122491139227749 0.00123049700048919
0.115859011358355 0.0200329076645638 -0.114464364593512 0.0541495029061509
0.122027624952376 0.0944154274124085 -0.143071925872151 0.0790140278256771
0.038609739984128 0.159836827415612 -0.193785637203309 0.0514703528610311
-0.0529240741690433 0.171307329578612 -0.235804988210156 -0.0608298238743283
-0.181099465793152 0.0859056124510014 -0.162811732943091 -0.202469121212276
-0.238848012226015 -0.0674210389578147 -0.035452922652235 -0.247289755054597
-0.222936626258085 -0.188127939807112 -0.0444809800748692 -0.166673804386876
-0.170322023066202 -0.211194587073936 0.000392609094486209 -0.104368547065938
-0.231279133106821 -0.103572113031017 -0.0116002972795705 0.178189050452304
-0.191600514134975 0.0554680787398384 0.246845025496535 0.141115605306258
-0.0737076270390419 0.174742155829414 0.291801244286518 -0.104564923644634
0.0332733700873677 0.168590647839295 0.0863196711033005 -0.250035170323619
0.118774849908572 0.11516751000391 -0.060561430038527 -0.172890500633434
0.149079221548895 0.0308471795436249 -0.0767254565511021 -0.0635070632159719
0.138853645701644 0.0115807837532196 -0.0701525263345074 0.00488542478315499
0.147350475525499 0.0118348180295169 -0.0566219625595371 0.0658730810896062
0.159120694841719 0.098702336595376 -0.0871190578962183 0.115708318376772
0.075835622062679 0.185157083670088 -0.157457104122655 0.121195044326742
-0.0302680906948663 0.223927678525532 -0.244978376208493 0.0145013753759789
-0.210474924247212 0.127095401930064 -0.195599661109331 -0.140640829920351
-0.279861070439903 -0.0755904495391136 -0.0393791766451994 -0.19899946196337
-0.242623799828252 -0.222602138823367 0.00570185832977967 -0.0796471528230479
-0.137288706387718 -0.255229675814726 0.0522096993942566 0.00307708442497922
-0.247763532167122 -0.180211227707897 0.000196354528557214 0.237102591426595
-0.252681617273053 0.0179557787060972 0.22277436701206 0.212026168966409
-0.122727919195527 0.204275688446329 0.292253916783147 -0.0216290320174711
0.0307326036698704 0.207014412018011 0.127565938776537 -0.178305316270872
0.135951480138715 0.139215928800683 0.00595868588740483 -0.131289193837199
0.173579476452284 0.0360970710958154 -0.00773186513351252 -0.048554142846217
0.155551822982171 0.004071212287097 -0.00799870293396346 0.0073509122691996
0.157218408599078 7.04702327641684E-05 0.00843275224928643 0.071994316029689
0.170069025687104 0.085848282130419 -0.0225406716257477 0.139564911270677
0.0977539031481476 0.18148320176002 -0.105483848713438 0.173336432148141
-0.00862875055086767 0.238478043132534 -0.226650360707269 0.0785121857560945
-0.211063606880051 0.14132013671199 -0.204183115573869 -0.0802630488718142
-0.27708671879361 -0.0791500417557583 -0.0322357437695093 -0.153319150496206
-0.223126980649962 -0.229316764806476 0.0566483752284549 0.00666774438998852
-0.0805048939300043 -0.248641811878199 0.0929892124735644 0.120662876752417
-0.205616294529843 -0.221197590163648 0.010650900052675 0.28881210542842
-0.256627610521238 -0.0313603057333802 0.175973286186565 0.263496469386154
-0.148795660519148 0.184027363919647 0.257724273995086 0.0606380304911745
0.0192278457420126 0.205132868859017 0.151564977336822 -0.0867745708311088
0.127142811959399 0.13646798223335 0.0726402911449946 -0.0761869225508714
0.166492560290967 0.0347454570793855 0.0625934651947741 -0.0313800049236542
0.147388258460745 -0.00394777483766817 0.0536419179062901 0.00787688658251719
0.144766410017099 -0.0109650389523229 0.0689778766984894 0.0726961002739519
0.155743121669508 0.0654263161051265 0.0386582498741899 0.15094457649214
0.0980746625085226 0.158662307042751 -0.0548188799627847 0.205054065817374
-0.00201090031915554 0.222090641844627 -0.198843797172882 0.122111180192194
-0.197511406272812 0.122827273495176 -0.194965834155406 -0.0324238548965849
-0.238562902363109 -0.0887848920989461 -0.019909379235273 -0.11268111238545
-0.164850421558404 -0.214497943279984 0.0960756359665284 0.0830633162548644
-0.0134271953427503 -0.190650602725321 0.118007758442088 0.222146824324662
-0.124608992023766 -0.202534944276926 0.0184245067987099 0.321697269006549
-0.19878979633484 -0.0588435540909711 0.126759969999755 0.288719886466428
-0.129222546580421 0.131895747202264 0.207905243646931 0.120034494774866
0.0119246753615748 0.158916953144092 0.16031164481168 -0.00424150315755768
0.0967315144612844 0.103585746961025 0.127101412447948 -0.0259015359641315
0.129836295765854 0.0234964083650704 0.121530636838496 -0.0176754734875339
0.115667287194063 -0.0108938047348079 0.10520747339798 0.0063810672475857
0.113321096083227 -0.0172042762410936 0.118598383128379 0.0698820613887117
0.123351889923525 0.0431308997807924 0.0878932439591211 0.15721719667571
0.0857059512713384 0.123061719506466 -0.0164285247259124 0.225425055202418
-0.00650047500711282 0.184457233196632 -0.174281930950825 0.149885650202216
-0.172568895870403 0.0845544425836917 -0.181628118814792 -0.000801237181429175
-0.176258608924305 -0.100218882704452 -0.0110550000894847 -0.0781808474119295
-0.081725156554267 -0.179822752318728 0.115227031228043 0.145646594228383
0.0546347398561737 -0.0951155050571731 0.130142963605535 0.282924803617092
-0.0253106131571985 -0.131268507064222 0.029053217802471 0.325543161345664
-0.101013594683529 -0.0529988127869069 0.0936085514591205 0.292234783150315
-0.0671510513933812 0.0642328442233343 0.173250078873938 0.151171711215229
0.0136719603562676 0.0786769715185939 0.167589850763746 0.0438724225726317
0.0519025234566228 0.047371221768711 0.163386503758358 0.000976668313567649
0.0698244563167646 0.00522676768187161 0.157352690067458 -0.0140469677494932
0.0650198264352605 -0.0150197426448007 0.138906567586635 0.00300035439404619
0.068092419660189 -0.019386126488818 0.150569436314287 0.0655477377953696
0.0803036846411746 0.0184373480149916 0.12010155579261 0.161944083733167
0.0659188414968856 0.0791628244926263 0.0075351333163758 0.240978514790905
-0.0123406900713381 0.131623166837737 -0.160490817124952 0.169707505860681
-0.134401971533916 0.0372020388796408 -0.175733535021452 0.0182579415641243
-0.0952943627620729 -0.0992185954642419 -0.012738679965148 -0.0553731885504705
0.0121570048003256 -0.123315375466159 0.108700991303568 0.187856735062037
-0.0754620575939696 0.0398666960715934 -0.144393759514727 -0.212653418529536
0.033234873086403 0.0671360155772061 -0.0409556772218724 0.0771630515991371
0.0596808172158144 -0.0141103689219572 0.202607754972257 -0.00186154847916301
-0.00876488418631229 -0.0587400457327086 0.19048061711129 -0.204623115365302
-0.0462522702841357 -0.0147164227682763 -0.0194849882669629 -0.287883089114835
-0.0285529278151245 0.0102905455316482 -0.173086750628871 -0.189821137696151
-0.0197678341540007 0.015054464857137 -0.192504350394419 -0.0702084247015236
-0.00681490677879448 0.0221010522721206 -0.175519997890745 0.00426733312337161
-0.000547618750688642 0.0069874900759087 -0.177466717131681 0.0339997325608792
0.00558043763672486 0.00699482599911545 -0.190995449483382 0.016917289176702
-0.00879926168765529 0.0113247386797742 -0.195524289647939 -0.0477815069177752
0.00326970321089957 0.000613642072832432 -0.176397722059025 -0.14500794538624
-0.00192046078705888 0.0343380322734616 -0.0967570127622239 -0.270360379714877
-0.061503523508014 0.0513782420245317 -0.0254412786620896 -0.3418657018153
-0.108837985899325 -0.0111392546461072 -0.118521873648135 -0.300762883299479
-0.13938323937805 -0.0428762592046154 -0.111533859600044 -0.21562076973697
-0.0696263603742484 0.0369547118618435 -0.0337008451574311 0.0924032056529485
-0.0116923670726153 0.032287367550202 0.22555710580031 0.0158119946373713
-0.0108065430237014 0.0228560120544745 0.218629084068785 -0.20546373521065
-0.0111039476390989 0.0443887386069353 -0.00493866464200606 -0.298974385294406
0.0284085925348112 0.0419051997808946 -0.160245297069198 -0.194233840465735
0.0439904014645372 0.0151722642392334 -0.177754653695831 -0.070027080991491
0.053391680580555 0.0197470127027087 -0.161560516971424 0.00659581184074267
0.0661749006696114 0.0159499442026683 -0.15922527438918 0.0477473676889196
0.0717001006395312 0.0617502947298894 -0.181421565192832 0.0479146142245089
0.010306144358979 0.102352762028598 -0.207963992216687 -0.00760713816804039
-0.0438809568098585 0.094593326713432 -0.211308001062145 -0.115662307785786
-0.111836324170359 0.0508191133257687 -0.129211441134073 -0.247326727149763
-0.166246936995454 -0.0259037124000634 -0.0370036174225833 -0.30040325994646
-0.180681851052596 -0.114219963577803 -0.0939153878797464 -0.249870826798731
-0.177212151362524 -0.132801927296807 -0.0623299225409581 -0.180496036737677
-0.168576257305445 -0.0198222010730436 -0.0224593521719426 0.130441777605564
-0.101148676246869 0.0622764497906778 0.249329046992056 0.0646552040066649
-0.0291700764552395 0.108876949210138 0.259840510195371 -0.179134222393905
0.0217196283342992 0.109928795452094 0.0286418769315034 -0.293434977630292
0.0839660372541094 0.0777511920975296 -0.12549271052435 -0.191126947301888
0.105295599457365 0.018912590162655 -0.139637168507718 -0.0685615297146743
0.105508529681338 0.0149461748301783 -0.124943409440318 0.00769281368213584
0.119417317836432 0.0148339055083786 -0.114934031958805 0.0609250978066448
0.130287401066161 0.0905761587299311 -0.14336524336382 0.0890179886149171
0.0480149152122025 0.164001375019279 -0.196208530982907 0.0614252569714663
-0.0468908733236334 0.178718124376592 -0.243488727639325 -0.0513646398422226
-0.182740777667424 0.0952911789287157 -0.173860809042023 -0.201142760385977
-0.248369818287795 -0.0602282713691061 -0.0473916467742921 -0.252005485462235
-0.234015000179602 -0.183347979789446 -0.0524065019823064 -0.171351667866342
-0.181482531363968 -0.211649484855425 -0.00489740508731386 -0.10430934505315
-0.241169526418208 -0.0967999703778371 -0.00732603410395686 0.184803729099571
-0.193378792582699 0.0628233711852511 0.255942662313226 0.134743924467563
-0.0674877753097919 0.181036439104708 0.292471789624576 -0.119139603226909
0.0420295913641485 0.171932577910136 0.0753719971274528 -0.255337422759805
0.12700981970818 0.112469553826877 -0.0689225551603476 -0.171827888861245
0.153646210557725 0.0242723605971408 -0.0810015791378144 -0.0622554141354767
0.142991095071999 0.00616381267540378 -0.071183291827271 0.0081969089560496
0.151602295329623 0.00559757363843209 -0.0543885324244656 0.0701773763832069
0.168263013825673 0.0924577560353256 -0.0837494615995274 0.124192737360581
0.0872498129484081 0.1874634703117 -0.155801295053284 0.131758291067207
-0.0212448284669182 0.231011417859609 -0.249441798736421 0.0266764085354081
-0.21056607489767 0.139365812964214 -0.204694595155179 -0.136454257666006
-0.29043081132256 -0.0661440369598936 -0.0491902333322959 -0.201598912723026
-0.255325060817756 -0.21792897802194 0.00111190331835636 -0.0841701247389714
-0.14950994236153 -0.256788526808688 0.0516840052934403 0.00290366762823315
-0.261038231660504 -0.174300908709449 0.00720213488066613 0.244921289783387
-0.258181474059062 0.0267574457629466 0.234164066709562 0.209509129135428
-0.11598337295126 0.212346603604415 0.296138535777141 -0.0337087552958768
0.0414850550029045 0.211145142934906 0.120495154474388 -0.183535817992496
0.145675720073413 0.135330201851741 0.00121802613124542 -0.13239277128669
0.178293302764323 0.0279454310227181 -0.00937079690371001 -0.0502914766624387
0.159414270051085 -0.00279829521812557 -0.00806440844560873 0.00811486703945874
0.160239967753243 -0.00733059097588114 0.0120701397668644 0.0730216233917445
0.178141293034725 0.0796439743305884 -0.0161703862614905 0.145061580199585
0.108525047008559 0.181915394181107 -0.0993766674940067 0.183176670683412
0.00262106464978747 0.244380998749377 -0.228962967656401 0.0925033361690907
-0.209953404208362 0.15400352604518 -0.210878060359551 -0.0731947044913039
-0.288003089703386 -0.069569351187516 -0.0402562288686929 -0.15520444707314
-0.235811113925174 -0.225962928558614 0.0563643342287135 0.00162429340686918
-0.0922904892508628 -0.252137744309368 0.0976191708273965 0.12144714632814
-0.220066634194413 -0.218083912288773 0.0200247796918192 0.297181224982434
-0.262883042015534 -0.022458041864478 0.189654634881967 0.263525392582473
-0.144294124670328 0.193755505288863 0.263695016708999 0.052105661726994
0.0293839517113926 0.208494520123717 0.149045783594997 -0.0909013026749808
0.136007468355834 0.133371409787071 0.0719597911720835 -0.0793926604027042
0.171104425685226 0.0267198832438189 0.063704781807678 -0.0362537242086422
0.150349090215444 -0.0102636085433987 0.0546170140003424 0.00619274378169591
0.146330571493858 -0.0180330174034351 0.0744733811305112 0.0710290402932817
0.162452494609383 0.0592875426040085 0.0471602846950876 0.153745897438249
0.109082979858002 0.157680366064198 -0.0457615876690175 0.213252209462841
0.00899655680890182 0.225959289446549 -0.197349225268417 0.136305301390501
-0.19529061789168 0.134892207467671 -0.198931054851375 -0.0249085553026687
-0.248156064839673 -0.081963075340354 -0.0259855561285405 -0.114381383712763
-0.17575469220341 -0.212003042254299 0.0999528056898227 0.0777062352236004
-0.0210898794677991 -0.19462983977851 0.12745517662916 0.22337372713611
-0.136094151287622 -0.202141872737793 0.0293013306867072 0.329966127667196
-0.205789639158503 -0.052884514051228 0.139799759119456 0.290985193134281
-0.126215092036488 0.139329213847354 0.215185244810609 0.114206462197091
0.0202999020999996 0.160715033230671 0.161728839817456 -0.00749321760567917
0.103392701459346 0.100952024385543 0.13071275731424 -0.0304373822772682
0.132757446437756 0.0173722936632427 0.123586230011845 -0.0249853554824522
0.117091753450632 -0.0158791706085674 0.106981322870231 0.00247404707369559
0.113805860926635 -0.02261968654984 0.124232732831537 0.065841308629888
0.127793058101667 0.0383096604027209 0.0971533432774886 0.156894473516043
0.0931496548723401 0.121742104230473 -0.00495306036690909 0.232245863472152
0.00292591839278656 0.187521429829925 -0.171310591090444 0.163703000845415
-0.171984408387773 0.0941121249594489 -0.184210059957957 0.0076185033126382
-0.183565013649704 -0.095230699237513 -0.0156805255719543 -0.0803563135218876
-0.0895606475526897 -0.180549626818008 0.122270455637146 0.140631716983596
0.0515267295821025 -0.0992870698763425 0.141671760658674 0.285155544113396
-0.0319539135372241 -0.133052705357165 0.0405996220507976 0.334048074313563
-0.10497020094928 -0.0504152916326495 0.10733396834832 0.296055404278978
-0.0655760309089958 0.0681598658140268 0.181573629175132 0.14734256666145
0.0179888757394204 0.0787432080285331 0.171982086934978 0.0411085358590835
0.0549346500486888 0.045513948524662 0.169390688308206 -0.00591241084415453
0.0706425798051742 0.00272323114461362 0.16068748072388 -0.0229044426265779
0.0650783412534125 -0.0180859204584959 0.140764848540328 -0.00336920694038648
0.067182747035546 -0.0223303846993719 0.156607006296147 0.0611273831847137
0.0822286565950981 0.0154156270569125 0.130385616284313 0.160729708696738
0.0706580380404415 0.0770023001232041 0.0201505491198871 0.247115070243307
-0.00556705667763698 0.133206949436987 -0.157281132990592 0.182340506196869
-0.134375012051563 0.0440351666243227 -0.178425746960235 0.0269269448513448
-0.101090960822602 -0.0977169041474541 -0.0163905271840542 -0.0568310132068201
0.00770722750790127 -0.12717198180385 0.118176662966265 0.184379293236178
-0.0790448198530685 0.0264773265716434 -0.112465628042088 -0.23966190977296
0.0215902474991023 0.0704758962449993 -0.0589324884415858 0.0742755677824371
0.0587924845990736 -0.00125068308419027 0.203023862313375 0.0356122692937579
0.000822773746004447 -0.0538138851523449 0.226879867298315 -0.175621108685679
-0.0407884847795522 -0.0168919003981553 0.0291900291131712 -0.293957892105349
-0.0283416921312017 0.008141093236608 -0.142946536900136 -0.221783967256215
-0.0215838725238418 0.0139078905365724 -0.184111363376108 -0.105571000152402
-0.00913577715363318 0.0221731255747817 -0.176530224222479 -0.0263218734298827
-0.00128631630610253 0.00784208689927865 -0.185782746991479 0.00351289157805882
0.00494248396136334 0.00887958260402434 -0.195140526990495 -0.0174393872174361
-0.0107203329696882 0.0110807913520501 -0.188707782522882 -0.0835875683613168
0.000603946258376795 0.00328941172101885 -0.148939926587129 -0.179996977257026
-0.0121476348606763 0.0327942428212231 -0.0480259789905547 -0.29362520142164
-0.073052023382836 0.0384429774012882 0.0346593969592594 -0.357232983808098
-0.106079598170899 -0.0324696495306218 -0.0630427108440599 -0.336433618738671
-0.127049400295471 -0.0672642411439031 -0.0788774630409113 -0.237624130736908
-0.0751644937742076 0.0243145486799525 -0.0521526741689976 0.0874375223805543
-0.0192062734013458 0.0320689865545161 0.221181162893285 0.0548809879491834
-0.0152290295578374 0.0248965456666427 0.253703143456158 -0.171225443370723
-0.0160974077369687 0.0478649140916705 0.0439538679591485 -0.302717366637488
0.0234752947937223 0.0495268544263026 -0.130705292142921 -0.223464500899695
0.0423225507516047 0.0240998395896488 -0.169262389562074 -0.103335024317355
0.0527946331950237 0.0309917853631543 -0.163043041428006 -0.0223177163544915
0.064386355939788 0.0286891973683687 -0.16879322249823 0.0216549080838862
0.0623760328387139 0.075782085792068 -0.190357110578144 0.0170752489419428
-0.00739856965245487 0.107045387224429 -0.208138164223968 -0.0418007406261535
-0.0640830724669622 0.0878377097489618 -0.191552361196319 -0.153033513811452
-0.126961485260686 0.0272368519426134 -0.0896010039410281 -0.274698920130047
-0.16430640761366 -0.0597605574888796 0.0144193696242269 -0.319408959066503
-0.157672109105638 -0.150698976748671 -0.0492738922428407 -0.278938999823343
-0.14866333342651 -0.163043322685268 -0.0353334381431868 -0.195177309856538
-0.164645866147343 -0.047707685909347 -0.0444333636712006 0.124512583333887
-0.113782489654573 0.0464084765916609 0.235394847929537 0.104289750827138
-0.0471871883492461 0.105657403753774 0.288776952681442 -0.137353427256089
0.00477668258707233 0.11807777641003 0.0756569642030444 -0.290954308501966
0.0725937198010256 0.0946519536196548 -0.0961551600452059 -0.213536275193713
0.102789414379187 0.0371130600298954 -0.129346023508035 -0.0942900480080569
0.106481599736519 0.034628377751516 -0.126781869550673 -0.0147155624255416
0.117914011927958 0.0374875407599148 -0.126531433104815 0.0426543201511642
0.115801372893718 0.113990348929906 -0.158515795103194 0.0667189717128607
0.0194972861227328 0.175404158608637 -0.207379228740936 0.0335023777365303
-0.0824644917115269 0.171374487126381 -0.237307327516636 -0.0906669813717867
-0.20815528173271 0.0591668184569478 -0.146091801178234 -0.234423313177556
-0.241019117935707 -0.11061595164839 -0.00597008744490634 -0.272938083621052
-0.198041886396211 -0.231560732485269 -0.0226737442551131 -0.191192658243414
-0.139800787734378 -0.241912983647112 0.0102790848837794 -0.10921489958262
-0.22541530165441 -0.136334247074675 -0.0355799989434735 0.180008941979617
-0.20657875029828 0.0302398885521896 0.229556630605134 0.17324055912762
-0.0982762865040528 0.168787187092101 0.309465368405695 -0.0720046939313225
0.0134101871497493 0.182304183469078 0.115667450968379 -0.246086990892183
0.108786242966341 0.135573084318709 -0.0433165990360876 -0.183268332195026
0.149829680104997 0.0498405177203094 -0.0703519142649443 -0.0767343237804048
0.145601951966723 0.0323325378683788 -0.0727706041284146 -0.00430181515964952
0.150793884934183 0.0328456490643187 -0.066469600163724 0.0625972841659415
0.153563462202907 0.122671693008783 -0.104238476529745 0.113873202726615
0.0547677364798247 0.206542943037296 -0.176858238516766 0.112216554883521
-0.0656054242258843 0.228061610420288 -0.257203622378484 -0.010344424646565
-0.244559978428258 0.0988648004969106 -0.190562974160132 -0.171256216293038
-0.283208036783287 -0.124215563757015 -0.0176618983704403 -0.222616304769896
-0.213833166434466 -0.270594730040651 0.0151251179364147 -0.0898761607647657
-0.101677013678267 -0.281678914782427 0.0499927341124785 0.0092364403525973
-0.233935385505419 -0.216613405292603 -0.0280466299619813 0.242569596217969
-0.26580263357156 -0.0167845065443009 0.197130706710061 0.242464385242655
-0.151531102598499 0.190662198631546 0.298549313068615 0.0140551006678897
0.00512825198399561 0.220324204748227 0.148977008346851 -0.165964477598049
0.123274867994024 0.160961021921054 0.0207939509457946 -0.131167649186143
0.173618515324912 0.0572422052393447 0.000964042505432213 -0.0518864696882521
0.163227473806081 0.0260379979036934 -0.00965946039617451 0.00723376850981343
0.161097533432033 0.0218983255666279 0.000740216719877116 0.0775928358983411
0.164784939756269 0.110789207356926 -0.0399175518512025 0.14699437977042
0.0771147730922896 0.204526634223979 -0.128667480042198 0.173845579222244
-0.0433253391672139 0.244602882055755 -0.248254948708363 0.0613127851832333
-0.245340464087886 0.114074864518971 -0.207998875274518 -0.106847231155651
-0.27886954772673 -0.126507699134004 -0.0164467753032711 -0.172455315716578
-0.192516117494584 -0.273386960494853 0.0560146228412713 0.00940701363264001
-0.0475072849105698 -0.267399907290643 0.077199210181801 0.136817858340776
-0.186654302673534 -0.252814789944989 -0.0222903811754611 0.298720030879275
-0.263643370902711 -0.0687369772455103 0.145083901220522 0.289482216740907
-0.176661874526207 0.166760476283396 0.251033629415986 0.0939734066708458
-0.00789399976919248 0.214481779593831 0.162843562155618 -0.0671156501682584
0.112624259618097 0.15642748956797 0.0845431165259136 -0.0657314812663786
0.166111894896815 0.0536297233332409 0.0723857357798619 -0.024804211787107
0.155009974295707 0.015837747399238 0.0534848749442506 0.0157261449276242
0.148714428517922 0.00856740830556093 0.0630475761835222 0.0854792436390276
0.152131187647015 0.0877105160279605 0.0216716511998881 0.165627048071648
0.0813032451628918 0.178830068207309 -0.0792563851357509 0.213163256433961
-0.0325675639857248 0.226249782152464 -0.224622829145638 0.111233194097505
-0.227190312537467 0.0981656154606025 -0.203412114822249 -0.0553187380280861
-0.23538822053808 -0.130261459670419 -0.0083974926443271 -0.127359733162977
-0.136002440876602 -0.248481848357532 0.0866962466654835 0.0972420255513096
0.010588508770087 -0.197709091597378 0.0903987416339761 0.246797151915532
-0.107034443131083 -0.224280327356913 -0.019258631181842 0.33652966107925
-0.201293773826512 -0.0885026294066539 0.0910595843258299 0.310181216221894
-0.149625136787719 0.115588373077336 0.191810548882678 0.149334585262838
-0.00931629055706566 0.163063969067182 0.162136308452834 0.0194311437078598
0.0845751507619897 0.118380974078766 0.136829011338338 -0.00716939991676831
0.128962411622646 0.0374921194737151 0.132308465888176 -0.00273078520279104
0.121663028269129 0.0045715830553401 0.106521651279497 0.0214015602833401
0.116351957427916 -0.00175867201382465 0.114447512866078 0.089326775276951
0.120805217518826 0.0601458327255973 0.0704545736800077 0.17662198127418
0.0717696771201326 0.139277004449088 -0.0424811967803441 0.238053321839949
-0.0310274046595806 0.186298634703038 -0.203359825818961 0.141818728691601
-0.193716398448111 0.0609772446067473 -0.19376323478878 -0.020764236146734
-0.166872562259263 -0.131451441978661 -0.00350641449784427 -0.0902690122181048
-0.0540736527442387 -0.200418130751197 0.0975223916977059 0.166719856721641
0.0638104122412694 -0.0904807517582326 0.0948132593205686 0.313629309870686
-0.0155672112703554 -0.139493067284007 -0.0104753730918101 0.345493588773023
-0.100967573347343 -0.068433507590101 0.0579911439150154 0.313204055780754
-0.0786778671512503 0.0548575014164293 0.153848146295222 0.17761676845804
0.0016622460194272 0.0808670849178606 0.16524637788308 0.0705353824624847
0.0451174446150072 0.0542060475195211 0.173772141302074 0.0237329596080685
0.0693242895132858 0.0132726694311296 0.169320118810541 0.0055334993784467
0.0690823455196294 -0.0063702721801535 0.141226956882292 0.0222509914154615
0.0702315149419231 -0.0103846183197613 0.147020367619186 0.090002273201798
0.0792766915087806 0.0298048751312263 0.10299007624667 0.185560553230336
0.0565449877852795 0.0895205899958604 -0.020351204505181 0.255848388968209
-0.0289844663545097 0.130894222153251 -0.191809823519007 0.162011786262363
-0.145325824432649 0.0186407135698446 -0.189677593169402 -0.00172890649917154
-0.082397249120505 -0.11811845693381 -0.00667081964198217 -0.0657118042071271
0.0326686180364406 -0.127922094143616 0.0852099707045381 0.211499589704131
-0.0795913134909173 0.0305212080188558 -0.124971816389588 -0.238572609258685
0.026275872157337 0.0701959087257972 -0.0575124631179549 0.0807171750297527
0.059799949496944 -0.00342993253928989 0.207546400192211 0.0273952541027948
-0.00228738332500173 -0.0543267559798424 0.222227215112708 -0.190138526344122
-0.0412480352683445 -0.0136606674885359 0.0161487841835958 -0.30052931456621
-0.0271898531675633 0.0113840959190513 -0.156438780654843 -0.217282319482315
-0.0197298390760835 0.0157846778982122 -0.193004739294899 -0.096593840706347
-0.00582482117242472 0.0234798045526586 -0.180996926380934 -0.0184289351251551
-0.000445670420338036 0.00938989276583555 -0.188215982613854 0.0149807828512281
0.00561909978319682 0.0093214088869438 -0.199880139249617 -0.00774056591226266
-0.0101893880188816 0.0132163538546361 -0.195896048838463 -0.077066024060446
0.000578098427098823 0.00377763145229317 -0.157678439236098 -0.176519486442819
-0.0118081009595199 0.033627756227455 -0.0610780385003862 -0.297247120251294
-0.0708504147509207 0.0415247683168427 0.0190506196140792 -0.364449015619158
-0.107247913196507 -0.0290402688591383 -0.0770106764335518 -0.338892851930921
-0.131436298524492 -0.0636139758622225 -0.0914061506888356 -0.237662914111044
-0.0744208582426332 0.027907258929743 -0.0509488186924494 0.0934870810224814
-0.0185167602154264 0.0334226609310204 0.225454958200388 0.0462347246140714
-0.0141820961063574 0.0262867547831228 0.248909290674601 -0.186348948616082
-0.0132638773836158 0.050913732158375 0.0300890264204601 -0.308441893111737
0.027360789175298 0.0498089611479094 -0.143157230987832 -0.219008769115009
0.0450992717918933 0.023111664022656 -0.17726554860229 -0.0955196534315906
0.0568806908256557 0.028843814521327 -0.166908549120537 -0.0141080662577703
0.0674893142529712 0.0264216919408411 -0.170761867369701 0.0315049832651339
0.0677323817951017 0.0734728311640823 -0.192829025396229 0.0275246211376975
-0.00184846116946168 0.110559823004202 -0.213443289535276 -0.0329813313256852
-0.061320297234665 0.092749006730637 -0.20130905100048 -0.146434479342358
-0.129123179508161 0.0334920985918778 -0.102647687193649 -0.276949757116882
-0.169122200639827 -0.0540696495635748 2.36992544746067E-05 -0.326063469426093
-0.163896083924367 -0.146629575662438 -0.0609290478359163 -0.282082404937455
-0.156659153504385 -0.16071800131101 -0.045442669638326 -0.19591463368865
-0.169162841847441 -0.0415635850117999 -0.0413800598082008 0.131527791484986
-0.113898465735115 0.0512365559485616 0.241769804682139 0.0963404289122779
-0.04320254176576 0.108959869719833 0.286377690880555 -0.153333010268913
0.0115929493553371 0.121120737808942 0.0620114122760087 -0.297732267941232
0.0790474582548241 0.0929747768921094 -0.107723159686801 -0.210831971114492
0.106464572756274 0.0326831832956774 -0.136280549014694 -0.0892389676898327
0.111356377611699 0.0304982940888597 -0.129782744732286 -0.00869679870831888
0.121496874197129 0.0323325405915597 -0.126501470734337 0.0505092686143765
0.124388822310058 0.109925292212442 -0.158213290059285 0.0773694233865698
0.029592702732026 0.179496734454381 -0.209213944499086 0.0435788658425058
-0.0749566928485941 0.178833005553279 -0.245194842167571 -0.0794620247145887
-0.210013033899963 0.0696963796208547 -0.158279525005486 -0.231971516086269
-0.250497162686583 -0.102403650487865 -0.0194372509379393 -0.277107743657888
-0.208610534241657 -0.227116608248115 -0.0322460489848156 -0.1948174782295
-0.150789451683109 -0.241218571919607 0.00461413478979009 -0.109704934131833
-0.235368614576418 -0.128208428277721 -0.0300959139822723 0.187542932444976
-0.209032684557269 0.038140354553223 0.238693923980973 0.166294975998836
-0.0921504423190245 0.175064673113943 0.309756701184127 -0.0868486692721067
0.0223646214923777 0.185234875182365 0.105031921009016 -0.251976308887752
0.118417046682039 0.132637770636799 -0.0516366001617835 -0.18284040749415
0.154571417338924 0.0429808119086795 -0.0751475282837616 -0.0748420076947481
0.150618400416141 0.0265989811561673 -0.0740159206161689 -0.0003571798290323
0.154881940612804 0.0264619550180942 -0.0642630999373946 0.0678012225012347
0.163029990491868 0.11678343699305 -0.100253593593217 0.12266485165788
0.0671430741487536 0.208557334540101 -0.174707778212675 0.123448545912551
-0.0547945853527267 0.234886230692009 -0.261682703320831 0.00383885780338687
-0.244970704328445 0.112045701445202 -0.201266346702517 -0.166253630718117
-0.29379255798987 -0.113557802484307 -0.0282500570866812 -0.225517059645462
-0.226327703016489 -0.265297164973619 0.0100958154022599 -0.0945668835579428
-0.114675222159449 -0.283308237194224 0.0493398305406016 0.00849316136815576
-0.247512189261065 -0.209575624454178 -0.0199134563517898 0.250432356488797
-0.271955073370927 -0.00697163339206669 0.209519664277624 0.237957475410176
-0.145258321099618 0.199971004668786 0.301402268671328 0.00110341705711801
0.0162846414294964 0.222955644122923 0.141751288783665 -0.171462979423718
0.133321758299438 0.157290026407058 0.0169198846177508 -0.132720933839429
0.178173764211814 0.0478613343388604 -0.000705697168486999 -0.0538491618022685
0.167706983050847 0.0183104987003017 -0.00978513488134945 0.00825846222525698
0.164504367567969 0.0148709149005727 0.0047893180845505 0.0783494114866324
0.173423413997437 0.103383439461598 -0.0331146297081992 0.153269455892094
0.0900002549746303 0.204893786671437 -0.120934972959371 0.183831396570752
-0.0308495742472042 0.24983719021275 -0.24894304753606 0.0764078391495105
-0.244878338761472 0.127975654092174 -0.214760485678133 -0.0987178148476961
-0.289685825714147 -0.115801535398302 -0.0247228055556776 -0.174964640558849
-0.204990213940173 -0.268872927940344 0.0553011446853474 0.00386423469992345
-0.0589680370913327 -0.270545322508068 0.0822188549586315 0.137782902739156
-0.202491357403192 -0.248183170517503 -0.0115988657606179 0.306611690612926
-0.272029954685946 -0.0579441823902939 0.158816982834924 0.287923686352535
-0.17201803935832 0.17659003728811 0.256881927099121 0.0850192309325903
0.00299038128092479 0.217537768983065 0.160530207737214 -0.0721775192702714
0.122635605613475 0.153123533187994 0.0852680213253442 -0.0693173957029008
0.170931574602879 0.0456964178194363 0.0731151351789099 -0.030009680538863
0.158606289497443 0.00858306310357719 0.0547151589462971 0.0148056295904103
0.150675749041315 0.00155666136659195 0.0690916095987946 0.0834414326436785
0.158615988437918 0.0808287437719943 0.0308260735823862 0.168715953974191
0.0918110793009555 0.177944004092158 -0.0687241067834253 0.221556475087824
-0.0208653422491758 0.230545083795946 -0.222042254954463 0.126069540443037
-0.225601176619759 0.11017960331702 -0.207909474397071 -0.0462635402213756
-0.245101272003911 -0.121754965171543 -0.0152809310584571 -0.129119373142348
-0.146127056206711 -0.246339332558091 0.090505269235792 0.0913032085790215
0.00258498130668664 -0.202367384099962 0.099762238789247 0.248725625209714
-0.119862086429612 -0.222708701195272 -0.00645380803950985 0.344365836763422
-0.209614525310027 -0.0812441311183175 0.105625931622995 0.311388477212064
-0.146167539479956 0.124221463636842 0.199312779084114 0.143743108724105
-0.00110780130478446 0.16597161403811 0.164207826884648 0.0161644091919512
0.0912955744108793 0.115368301621232 0.141066104619981 -0.0134149568942063
0.13222837671351 0.0317666229266193 0.135755898267422 -0.0112873760733264
0.123876074406871 -0.00148490871819271 0.1093037596068 0.0172686594139513
0.117334303060235 -0.00726121739701388 0.121114330483986 0.0848287354155552
0.125182382692977 0.054943355994732 0.0809402898930059 0.177565146808887
0.0798832348256735 0.136973590273736 -0.0299757872946103 0.244456230265307
-0.0205232724965822 0.188765267533219 -0.198972299433425 0.156489694788042
-0.19301489655877 0.0715876989298699 -0.196319972928931 -0.011382131597218
-0.17536981919113 -0.12563764779989 -0.00759277129224989 -0.0922115621741465
-0.0626096930648838 -0.201405370222778 0.105584760480712 0.1615553456809
0.060288992149582 -0.0947821411360167 0.106899131851075 0.316036687610739
-0.0222448889894146 -0.140292874411079 0.00413049058184862 0.352985973245862
-0.106157542479927 -0.0651365573951443 0.0726330971368088 0.315413337463981
-0.0770612531518664 0.0594391778162185 0.161688589758185 0.174466764718739
0.00589247473562998 0.0810567756520382 0.170137122290042 0.06678566128316
0.0478900069147003 0.0524003091723615 0.179733921035899 0.0152920089676525
0.0705267410008984 0.00996302303453252 0.172493821047051 -0.00392114354692788
0.0696707610752866 -0.010071720039619 0.144175706849709 0.0167982598899386
0.0695687052247465 -0.0132436181854305 0.153642966568835 0.0844096364496796
0.0813186182569668 0.0263326355568127 0.114307959537596 0.183477676918503
0.061586796381959 0.0869198277947795 -0.00745495050710921 0.261630213207151
-0.0217202264341157 0.132537892663512 -0.186621801396033 0.176035644504346
-0.145771346253304 0.0260907762565721 -0.192059671732051 0.00771018924064668
-0.088892945071651 -0.116161143365879 -0.0109748214689994 -0.0675238542890263
0.0279321714530538 -0.132171587828777 0.0956970398308893 0.207661149233698
-0.0799155833741421 0.0339099999076934 -0.136187667168829 -0.237852390593427
0.0298695499833998 0.0696699879641546 -0.0568081579515574 0.0863863474305351
0.06035643085312 -0.00525479332203089 0.210847670845248 0.0210049955945147
-0.00469730097312748 -0.0539927002129005 0.217255011818044 -0.201181888921606
-0.0412718149113348 -0.0109576304224238 0.00567436846227748 -0.306339109459887
-0.0260373402519984 0.0136967147638964 -0.167021149936248 -0.212859147408099
-0.0183967198157743 0.0172191623248278 -0.200058304969315 -0.0888836548832722
-0.0030046999050102 0.0244083976359293 -0.184350549437807 -0.0106445584536993
0.00106002671612043 0.0108905307133061 -0.190835542687862 0.0240012684561515
0.00607397779213237 0.00993103453784236 -0.203719402663818 0.00080189251379291
-0.0094313599927812 0.0145677648709289 -0.201922790602217 -0.0719791235833299
-0.000552349543151625 0.00423178664171412 -0.16408944867129 -0.174174483204086
-0.0118056853498746 0.0345814042136558 -0.0714073141098302 -0.301549310580757
-0.0691667160492768 0.0441268754291112 0.00734698162191853 -0.370627722268866
-0.107806204471036 -0.0274109993255164 -0.0894093301131658 -0.341004498576172
-0.135273979904086 -0.0605666770541053 -0.102391018987122 -0.238837226301237
-0.0739537615842747 0.0310247350190197 -0.0490667146290936 0.100183648049395
-0.0173627685688419 0.0342686964066872 0.229631011465304 0.0395789292908786
-0.0130962265336333 0.0273189253798901 0.245194493924882 -0.19828264485307
-0.00986055235340295 0.0530338354103471 0.0196513186271262 -0.313628897401083
0.0308832564183158 0.0500207183272228 -0.154073349238805 -0.215609720118131
0.0476335900428277 0.0219473035181873 -0.184176315114568 -0.0890603912099038
0.0608115670998371 0.027593351037752 -0.170274437315435 -0.00730569267313622
0.0702394985012429 0.0251617854014408 -0.171863673527589 0.0400937521958976
0.072283964272757 0.0724408054874026 -0.195128637838843 0.0371232524997156
0.00360998128081005 0.11393327895783 -0.218510093223578 -0.0260430319519864
-0.058685393991536 0.0974416520796021 -0.208118229016322 -0.141305040088939
-0.130656798441888 0.0386371935056893 -0.112914378902148 -0.278988126947898
-0.173091917578659 -0.0492755299601301 -0.0115921643717821 -0.330722430647939
-0.16809603495293 -0.144393767150016 -0.0722834555144937 -0.284801278402916
-0.163778551510816 -0.15935802466949 -0.0537074868651115 -0.196602065003666
-0.172884326853237 -0.0365083259736032 -0.0389765806637358 0.137807934174029
-0.113883581823461 0.0552084279006952 0.246847984594499 0.0895649078939721
-0.0395814019015202 0.112343449766939 0.283652664918553 -0.165255063844014
0.017141783069144 0.122942554695418 0.0517210564139879 -0.301931822000341
0.0856804734244095 0.091217832155602 -0.116905259271644 -0.208556695614861
0.109837588070448 0.0289179349926202 -0.14216023245263 -0.0849646068606162
0.116217634294449 0.0263658880656368 -0.131742453865407 -0.00278848212226621
0.125606270090422 0.0288597292771514 -0.126497532703016 0.0569576549328019
0.132077105109305 0.106528246733838 -0.157343301406848 0.086561157272191
0.0390026719110786 0.182935784025461 -0.210869534050315 0.0525298115867184
-0.0690459247221447 0.184977059152045 -0.251360452080761 -0.0711668668115384
-0.212208366160442 0.0786526737241083 -0.16792590034901 -0.230986465286327
-0.258417866520379 -0.0956477625949338 -0.0299371837789979 -0.281385545788261
-0.214953222441128 -0.22405935545545 -0.0400816944706611 -0.198212039824468
-0.159771988621663 -0.241263635381149 -0.000520383483908984 -0.109970040641656
-0.244018126821499 -0.121988210415744 -0.0259900102394308 0.193830348610356
-0.211841454925018 0.0449180752393882 0.246180308829658 0.161094115684259
-0.0869221712901932 0.180553135765347 0.310044472517449 -0.0989305178731203
0.0310372053021569 0.187225706598483 0.0961091095875986 -0.257212353398396
0.126041865989663 0.129344467365841 -0.0580744053779025 -0.1820290287523
0.158801794524704 0.0369094182283485 -0.0785003675296119 -0.0739833494499233
0.155025891608506 0.0202726049411099 -0.0757026414633111 0.0034099645339582
0.158205249799579 0.0210984474981807 -0.062906439193839 0.0714341212613473
0.170539488881467 0.111324337068714 -0.0962717640929213 0.130780284505827
0.0787163328015367 0.211185981587563 -0.171830301750366 0.13247059233878
-0.0453089460955997 0.240179060953573 -0.26599344290855 0.0156371270966469
-0.245534142864852 0.123152060399928 -0.208076639869077 -0.161601228831456
-0.302709649073094 -0.105468409446592 -0.0376192396213379 -0.227599626802313
-0.234956765404664 -0.261971722427066 0.00504965882636318 -0.0986602749616307
-0.124214867977022 -0.285345964059185 0.0489530693064006 0.00923904726856479
-0.260538132624919 -0.20371734657033 -0.0132407520421958 0.257368493904891
-0.27758174839893 0.00177863028286807 0.218040820780952 0.234333275161925
-0.140645511544357 0.20751529038093 0.303933070948854 -0.00866051005443235
0.0255019411750702 0.226578771079407 0.136783439166162 -0.175497941342069
0.142223690542194 0.154199388750321 0.0145700149429023 -0.134416764126877
0.18270574934632 0.0414017589904872 -0.00258278116315629 -0.0556283014685011
0.171765955540642 0.0115371073978286 -0.00884796020861911 0.00963623011002124
0.166896433777486 0.00855510329954077 0.00768134009028257 0.0797868972847311
0.18054807660927 0.097520967657629 -0.0261759002238624 0.158669721102543
0.101356552817131 0.205773428626736 -0.114878388309322 0.191884232744373
-0.0200737382982001 0.253459724748252 -0.249483092122251 0.08948834262117
-0.243877965167272 0.139239997830189 -0.220309372219462 -0.0924443409029784
-0.298458062098694 -0.107637524433844 -0.0315897725784788 -0.17626671977021
-0.214886456232856 -0.267173201042003 0.0546291166786458 -0.000128523476230771
-0.0678472311337999 -0.274612756655327 0.0862114128078629 0.138943402922665
-0.215667813244606 -0.244719370868365 -0.00382796549987341 0.313041245794863
-0.279845718223241 -0.0496363042620805 0.168620794596524 0.28682912882061
-0.168000159595862 0.185406202553502 0.260786890500078 0.078329079873993
0.0115779010254721 0.220520582341287 0.159458362490989 -0.0745717673136897
0.130553401519659 0.150425323325078 0.0863922624490765 -0.0736987152703229
0.174355672673048 0.038948003071461 0.074222190849039 -0.0351086414401183
0.162010105839633 0.00240507463154167 0.0567854110905478 0.0134764585065363
0.151756637173683 -0.0037653116764373 0.0735664279294195 0.0820068361178558
0.163716725980238 0.0755934764853272 0.0389748507029456 0.171767270507441
0.101884770077523 0.177346822470761 -0.0602836120673337 0.227946492888943
-0.0108128451188201 0.232425986627873 -0.22044517507274 0.139033430982647
-0.224683247834604 0.12077163289477 -0.211051127366291 -0.0394090073346076
-0.253099144091912 -0.114593111986231 -0.0207026010795124 -0.131509754666809
-0.154856805586126 -0.245661056891883 0.0933986316646953 0.0868328652128129
-0.00385074851207921 -0.206425205606324 0.107294576006793 0.251137556473519
-0.130357849602614 -0.221224072227371 0.00425133956979058 0.351901051860832
-0.216830852422068 -0.0745948257327177 0.116496942121282 0.312442371508954
-0.144294632211933 0.131321743514461 0.204383854533626 0.139817959624806
0.00508346024663116 0.167784902386855 0.166613740795618 0.0140232841566319
0.0972933185968381 0.113007732154051 0.145472180134553 -0.0193494399702053
0.134639220871427 0.0267227525129851 0.137975026737438 -0.0179085638903999
0.1258143430106 -0.00690555330004925 0.111780868422729 0.0142715162117616
0.117865649943554 -0.0110606390157796 0.126211835116831 0.0810136255715631
0.12844318651782 0.0505751990323421 0.0904909863200479 0.177760948427477
0.0869350520663025 0.13566507411234 -0.019571157852858 0.249831467653541
-0.0127951558502503 0.189611208949957 -0.195318624797006 0.169084886551053
-0.192872326200344 0.0800839049303686 -0.197713940549696 -0.00394046095927393
-0.182404223534646 -0.121119836863354 -0.012309262772763 -0.0941048656348021
-0.0697043328221722 -0.202758701466227 0.111418129920418 0.1575053578488
0.0578633647792478 -0.0988370261959161 0.116486083855328 0.319436288528427
-0.0284878467476668 -0.140906509937032 0.0143078242455139 0.358474763673112
-0.11133976905263 -0.060821764368883 0.0849386977798111 0.318321241608395
-0.0751929057166181 0.0632595396473289 0.167694289804238 0.172728306872799
0.0091111274909552 0.0809399238411908 0.173968323190901 0.0646841894325935
0.0496267688082521 0.051381779984299 0.185300116825638 0.00725460143925123
0.0711234239423784 0.00744599624325065 0.176193021514674 -0.0129872303874302
0.0702351275673794 -0.0133077729082801 0.147410411641604 0.0120622310058847
0.0688821609898763 -0.0154512375133032 0.159159725534454 0.0794716015622782
0.0824818432988209 0.0239205298297835 0.123871411549802 0.182079113125015
0.0654519665713002 0.0844242322178018 0.00473576949641756 0.266021492730701
-0.0157163936192838 0.133206155350764 -0.182066266815865 0.187406211709842
-0.146172899444652 0.0325535852841699 -0.193117890503889 0.0148030335671081
-0.0934782907591407 -0.114723389608151 -0.0140787655566994 -0.069338992397589
0.0233993345786163 -0.135541750429169 0.103613524516052 0.204026224472286
-0.0813710696443222 0.0366407468607774 -0.146315346468781 -0.239752526708659
0.0333997005911454 0.0696497686536059 -0.0568954580525954 0.0931736839028826
0.0615297155385681 -0.00687732451365609 0.216134018226868 0.016239790232373
-0.00604277010868031 -0.0542415772434171 0.216421023985012 -0.21303206306446
-0.0413357137442037 -0.00969548706541815 -0.00289736626951801 -0.315398532504339
-0.0244612033955113 0.0150407096011962 -0.17686260135594 -0.211971427885154
-0.0168115199560734 0.0189421290099843 -0.20735060809094 -0.0828067097332049
-0.000589030543044106 0.0247079025710751 -0.189705023233352 -0.00497876546543846
0.0026833185745663 0.0118110173093813 -0.194793201936631 0.0316440343875588
0.00668881104327059 0.0105136997977943 -0.209346389374082 0.00763704625660726
-0.00866459900417446 0.0162288025762281 -0.20970358132001 -0.0693264153626756
-0.00110956984791576 0.00465188906682529 -0.17023190327378 -0.174532818108898
-0.0123195269628879 0.0360223812450757 -0.079558935652352 -0.308599649608776
-0.0685636342187584 0.0461439842491263 -0.0015015389441864 -0.38033840276715
-0.109155794625628 -0.0270780297074291 -0.0977604098253154 -0.347260588716971
-0.139800798966563 -0.0593100583044072 -0.111274436376381 -0.241336577408204
-0.0739452158763408 0.0328739777755876 -0.0488672844978194 0.107140800335838
-0.0166405967023136 0.034970369741113 0.235091403741733 0.0352190776997678
-0.0124261223463576 0.0283830027831837 0.244556448950423 -0.210096081938823
-0.00775692533436283 0.0552822405279337 0.0113029922782971 -0.321161663005087
0.0347268692960717 0.0506875666241751 -0.163027385367277 -0.214964455786909
0.0504679669490621 0.0211969466567901 -0.190413706328288 -0.0843299908124744
0.0653153734234925 0.0263191802400603 -0.175027984980809 -0.00106227131126179
0.0745890287368136 0.0245758183027762 -0.175429319723511 0.047146468723032
0.0768583562892267 0.072422648938646 -0.199445205658414 0.0452696870693294
0.00825784093019169 0.118514321545339 -0.225938830227048 -0.0203150372493937
-0.0574973299538759 0.101681561032052 -0.215833301393951 -0.138265669970561
-0.134386104464233 0.0435274040454977 -0.121490736058629 -0.284507815677755
-0.177863340367656 -0.0469670092938728 -0.0197776300455165 -0.338890997456315
-0.173069287388224 -0.146032610717914 -0.0808062792012966 -0.289881342660753
-0.170647443425932 -0.160384345176153 -0.0605535721485878 -0.198458341770363
-0.177786138122662 -0.032504672140178 -0.0373313817399393 0.145786503069739
-0.115500194899088 0.0583676751715086 0.253540632702643 0.0869941036506561
-0.0371603063912292 0.115034757814227 0.285047561740943 -0.176531493917563
0.0222655861516178 0.125993732179048 0.0449911077907857 -0.309376951254754
0.0913854956088828 0.0910880248635665 -0.124540484481406 -0.209247841640422
0.11402446632271 0.0260715811710133 -0.146982827766528 -0.0826390360056812
0.122106867827994 0.0235937105910033 -0.135391112436212 0.00204844980751442
0.130359515591977 0.025824371520474 -0.128354605669996 0.0635845561310596
0.138785708842313 0.104680545524856 -0.158057731167894 0.0954779289064722
0.0474024206975027 0.187742717982874 -0.214887954984748 0.0599977508435061
-0.0654081994617546 0.191450504281328 -0.258065557958307 -0.0642155863475007
-0.21664655973832 0.0864188345594051 -0.177113586485903 -0.23297513700939
-0.26743142406467 -0.0913699911084395 -0.0370726935168034 -0.287527495750455
-0.223119852861248 -0.226224168780763 -0.0467953310509068 -0.203363988712205
-0.168860801871033 -0.245930751208739 -0.0039846835166333 -0.110859791155426
-0.25300581329457 -0.118303629916547 -0.0226627900857309 0.202671352793791
-0.216159833872375 0.0506123669154176 0.253728576175057 0.159516159499788
-0.0837311533618546 0.1868031910874 0.313671790655183 -0.108451607311173
0.0376918469580323 0.191077992330174 0.0918520706753992 -0.262435501423398
0.133871804812933 0.128708719695884 -0.0629068075353185 -0.184495997316067
0.163708948802664 0.0324831777289064 -0.0819538710937165 -0.0734308337585503
0.160947067427507 0.0158129978254704 -0.0771337942303961 0.00651407182126757
0.163147220272755 0.0171194810902991 -0.0625004764070821 0.0756943276747382
0.179032125306128 0.108380535455369 -0.0937532325323437 0.138918647627503
0.0889108894127564 0.214949868430052 -0.171834226047469 0.141021827698197
-0.0381394498543384 0.246625704211585 -0.270689962091884 0.0257201246024563
-0.249357253458233 0.133390568104842 -0.216233172606355 -0.160975342582615
-0.31327780513179 -0.10098454796456 -0.0446177537318503 -0.232765364788509
-0.244001867580132 -0.26466372306934 0.00113573937607514 -0.102681185154392
-0.132718552601702 -0.291567064891187 0.0492287893389184 0.0100058980246634
-0.272760346251824 -0.201789362538858 -0.00856236264574118 0.266755672755318
-0.285125839564813 0.00797947658670149 0.227297583114392 0.235099021948491
-0.138247619978843 0.216087797482289 0.310030118405244 -0.015952949693617
0.0332326584901307 0.231450164402473 0.135228656173863 -0.179242397555178
0.150593617052976 0.153220631778583 0.012792347713052 -0.137832095657403
0.188201728514211 0.0361592492517376 -0.0036190369344699 -0.0582263818622908
0.177178832166396 0.00620215739629341 -0.00818569205125902 0.0106490043457668
0.171205323434584 0.0042505831440984 0.00996313639367168 0.0812789333657448
0.188406041244758 0.0943639993432178 -0.0206729805734095 0.165594467163569
0.111955948063568 0.207765587978569 -0.111532664002231 0.200713343835443
-0.0122693189498389 0.258818321943296 -0.252121821065491 0.101908318630323
-0.247065275055612 0.150103277078832 -0.225961926437009 -0.0892314981594933
-0.30945989584034 -0.103262751847028 -0.0378188532964312 -0.17983593935174
-0.223454730703757 -0.269116003794369 0.0541726790573994 -0.0039899071779399
-0.0758920893960292 -0.281042850166343 0.0894215443916108 0.142316438345601
-0.228055429788419 -0.24455757436211 0.00291636442106815 0.323961563617961
-0.288932310739008 -0.0442645499813724 0.177043924465451 0.289474674622474
-0.166787282194462 0.194512063323178 0.267296968077523 0.0741068019666147
0.0183673727028627 0.225545794567037 0.161029101407659 -0.0766247471098018
0.138284987205268 0.150082925432362 0.0890732942963531 -0.0786413719641551
0.178856423304344 0.0342652463445879 0.0763994039027046 -0.0403652517227665
0.165921565579255 -0.00331285137601836 0.0593019606390265 0.012369239511491
0.154977487704572 -0.0075600352282855 0.0778374161606558 0.0811940735049541
0.169516277095045 0.0722334188128747 0.0462765746214317 0.176583744577152
0.111130649228422 0.177987492216756 -0.0538372715423469 0.235502710053517
-0.00302407341192696 0.236309106831832 -0.221331644666283 0.151654001046277
-0.22616366787452 0.130362385396774 -0.215099609783052 -0.0346234407089856
-0.262854581575117 -0.112038185394094 -0.0251128573078813 -0.133776757376101
-0.162798092038719 -0.248996808951462 0.0960767859572746 0.0840136756379831
-0.00840293569583783 -0.212350272748812 0.113983377690156 0.256954446216738
-0.140078396839401 -0.222758387120653 0.0110535271343529 0.36166239546759
-0.225207878455753 -0.0698577792355159 0.125395758307359 0.317270138084073
-0.143745564781867 0.137850923516019 0.209978676646983 0.139011691957688
0.0101229745312933 0.171310402816741 0.170280935726595 0.0138425057328377
0.102567190092545 0.113042257713324 0.150702256021545 -0.0254520623408443
0.137444502745405 0.0231757629410022 0.14178134538345 -0.0256337280830839
0.12853382759344 -0.0117200169217843 0.115769706292651 0.0116660150096791
0.119176767844425 -0.0146319044605419 0.131600664261279 0.0788069472180361
0.132315163430942 0.0484375986862805 0.0989722510500181 0.180043945817287
0.0936728795507918 0.135630437095976 -0.0113693111443228 0.256100391527711
-0.00693376598380626 0.192384307224859 -0.194151768601336 0.180893378383655
-0.194609024581296 0.0882660453201589 -0.201135762690871 0.000872310597128815
-0.189372811993475 -0.120173022497196 -0.0163264570566416 -0.0959552530062303
-0.0760353558896633 -0.20676814682727 0.116165484930645 0.155349600309862
0.0565774479988529 -0.102645431167744 0.124853839965326 0.326444167818575
-0.0336137757690631 -0.142754818324333 0.0223595561915054 0.367720736371103
-0.116284969830157 -0.0581374758713739 0.0933677932318171 0.323795069128738
-0.0751042561008334 0.067025412332507 0.173504155615686 0.173328124689116
0.011302801202455 0.0819942673433605 0.179821708060651 0.064346766228847
0.0514812127844786 0.0511085762232718 0.191464103122346 0.000611482193786441
0.0722430682566148 0.00551015693274838 0.181098010108754 -0.0214819738953618
0.0711867961628505 -0.0160787846053128 0.151833415188117 0.00830407315143838
0.0691579159668293 -0.0174692133105851 0.165674744869814 0.0764152362132418
0.0847412842018795 0.0220695445194857 0.131993176845804 0.182265307870577
0.0691755159682889 0.0833639067424232 0.0133789801727615 0.272250360752308
-0.0120449583202335 0.134571813997847 -0.179953580172932 0.198807339237598
-0.147813004167151 0.037620321002059 -0.195830856644315 0.0198367496384719
-0.098129447640523 -0.11579385574524 -0.0174238461787159 -0.0711244852682966
0.0200631027643717 -0.139892100794322 0.110342446841149 0.203600492122493
-0.0839351836459665 0.0402842691982697 -0.160787379863866 -0.245466591479422
0.037573068685823 0.0710335800859583 -0.0571290336686504 0.102566233469666
0.0644929954673147 -0.00898307246900836 0.225874575423867 0.011516294445295
-0.00811468612603891 -0.0557983383648511 0.218759522864426 -0.228382856662228
-0.0422864192165305 -0.00873116661497122 -0.0127114947899 -0.330843205114939
-0.0235347378899688 0.0166083244890731 -0.191301990187311 -0.215459100605615
-0.0153614140080262 0.0203619779959267 -0.217753634535806 -0.0781180333843319
0.00215706864021543 0.0254230938754462 -0.198170264065708 0.00171411632504132
0.0043076147167288 0.0127996923766765 -0.202796430189374 0.0411550514690867
0.00764066279454421 0.0114916411054971 -0.21920713207812 0.0146764304449733
-0.00835449444760492 0.0186161378403478 -0.221257014893156 -0.0672013388440649
-0.00190487202651899 0.00526420375798344 -0.179664753319474 -0.179265890720497
-0.0122650035358179 0.0384273247240082 -0.0897032469934907 -0.322616949254709
-0.0680931644863492 0.0489720527197263 -0.0104593154236434 -0.396278614423499
-0.112704368947702 -0.0275993855483878 -0.109427619819042 -0.360040238186108
-0.146848036939939 -0.0592038171420883 -0.123825921046136 -0.248212819612639
-0.0757882056919212 0.03524527580191 -0.048348113135298 0.116599215664133
-0.0166396830459812 0.0361928026336295 0.244462928088716 0.0309131423183389
-0.011873591902214 0.0298059707823411 0.248736295116096 -0.225540063996869
-0.00469866594077762 0.0585937685293798 0.00226197140659063 -0.336644610415337
0.0393638132911974 0.0520956533368332 -0.176174476197853 -0.219452712584581
0.0543061253141124 0.020446173268488 -0.20084384994499 -0.0807489058505154
0.0712193872163872 0.0245344374948773 -0.183148954094392 0.00469442957202543
0.0796208826601111 0.0231389679302132 -0.181879423654774 0.0563648751249003
0.0835467604003367 0.074005628858993 -0.206874862198037 0.0550940537611775
0.0139676568385103 0.124188384858525 -0.23696074450188 -0.0151386157750146
-0.0579277747063399 0.107994279584581 -0.226355908920129 -0.138454425899926
-0.139644937945159 0.0492236607582855 -0.133084831839143 -0.295023018794668
-0.185841277186037 -0.0457787884466661 -0.0297785616020031 -0.352725337362509
-0.180872656315737 -0.150902799793257 -0.0914249298720926 -0.301811621966983
-0.181739413825923 -0.164736107024014 -0.069308395016451 -0.20494041475845
-0.185721480173764 -0.0293171614094103 -0.0360980774986606 0.156098812560629
-0.118873106673555 0.062960298082036 0.264194446012996 0.0840041921362653
-0.0355764286544136 0.120589165042866 0.291055114927338 -0.191537668914821
0.0274753304250175 0.131706608306791 0.0386176910999975 -0.322923365228525
0.0994341119447508 0.092178062967178 -0.13530315035932 -0.214123423150996
0.120299101271938 0.0237097537135933 -0.155980896480052 -0.0810331018092777
0.129137103348721 0.0199286558973539 -0.141326584472636 0.00719722170996227
0.138026920429005 0.0227188747440207 -0.131847498709244 0.0718307403043795
0.149114172256396 0.106162632748126 -0.161901888031376 0.105931910022924
0.0570602658906084 0.195447606633651 -0.223508666458144 0.0688524069955367
-0.0623093491057137 0.201557541931256 -0.269558129960814 -0.0587852130527117
-0.224240710607736 0.0968908174116144 -0.189996574352053 -0.240815297824746
-0.281638441338391 -0.0899183348154677 -0.0476801163095584 -0.298575184212912
-0.234800353989547 -0.23298001467337 -0.0547885337876223 -0.211756737131805
-0.181476978787551 -0.254185469334427 -0.00772733439907273 -0.114581866854376
-0.267193937188964 -0.116848093619499 -0.019784735769305 0.215486121676313
-0.225184233500423 0.05714289110075 0.26628496369613 0.160129430471148
-0.0825421778214037 0.196001907151627 0.322932003796635 -0.12078027659087
0.0457019882586345 0.199074586233996 0.0886145431541254 -0.27385812020363
0.145084580271676 0.130402582276075 -0.0692574221750677 -0.189945002612731
0.171455698520363 0.0284966394998297 -0.0871278034506598 -0.075325024491334
0.169474716089041 0.0105262211339021 -0.0793197773137992 0.0104489303683388
0.17167931442533 0.0123223277395865 -0.0634001164231257 0.0823462888122231
0.191043217334498 0.107961795079814 -0.0924940524884278 0.149760081051453
0.102378838106697 0.222126550910637 -0.175680322263067 0.1530841664254
-0.0322155704901332 0.258045618210308 -0.27984960883126 0.0366354663766983
-0.256643960712947 0.146790102434607 -0.229042172443866 -0.163502505275633
-0.331777063377563 -0.0978826679673695 -0.0528198238892019 -0.241471666354327
-0.257746151659743 -0.272080478080226 -0.00286751164598096 -0.108611982195589
-0.145711673790083 -0.303433962810452 0.0504833364142451 0.0110966437733232
-0.290016122376114 -0.202638823300992 -0.00347169759478564 0.281626345683488
-0.298237448075813 0.0150690791516436 0.239724868106527 0.239663959639932
-0.138801889555286 0.228154663378076 0.32111716860682 -0.0235427455535085
0.0415024552443993 0.240779505493872 0.136516214688016 -0.187179200572999
0.162497203074405 0.155741246176383 0.0118487779569966 -0.14499752316846
0.196724178736082 0.0318639153617641 -0.00437152039782745 -0.0628358619995529
0.185442750762242 -2.5957747745671E-05 -0.00739126173161243 0.0121866871181294
0.178141470069372 -0.00117377096688043 0.0131409870785773 0.0852513767834571
0.199387167041097 0.0925005564080204 -0.0149998903174463 0.175232454509376
0.125557510322721 0.213500939658985 -0.110162808345896 0.212901285481361
-0.00445987135232325 0.269149021879022 -0.258511391360624 0.115507962413752
-0.252763331235048 0.163838736573466 -0.236457142123617 -0.088092497012807
-0.326534569914563 -0.100172870383115 -0.0438122818085043 -0.18636664766139
-0.237846932533752 -0.276931357131877 0.0545789694399367 -0.00730733195938546
-0.0849258490127241 -0.293379171429303 0.0951629464207072 0.148924025832966
-0.245189813974086 -0.248087415687183 0.0106730711103474 0.340662229980234
-0.303857198751416 -0.0381743913477523 0.190043737101933 0.297849093354943
-0.168713936092261 0.20735532097609 0.278572691334497 0.0724292606955336
0.026416728158914 0.234924268610109 0.166201666716668 -0.0801890110120532
0.148477522903164 0.152556259038045 0.0924995903228536 -0.0854871715110065
0.18722438434337 0.0298423204668705 0.0791138011473617 -0.0471737803528038
0.172703069217075 -0.0101345106197163 0.0634401262557614 0.0116368365325861
0.160378788415701 -0.0125790963153158 0.0836773691187407 0.0828505485611846
0.178549976281688 0.0703883745956931 0.0555796696300004 0.183910658162434
0.122403044994782 0.182248554393428 -0.0485093601500254 0.24729135599611
0.00436391889713302 0.244153177747424 -0.224317197549653 0.167132848306792
-0.231906536069255 0.143132738371903 -0.224093639540836 -0.0310291152382167
-0.277499993554766 -0.10995627333279 -0.0299515924458897 -0.138840676165026
-0.174825081190863 -0.256224161817098 0.100308829728331 0.0827000657586541
-0.0146903994093322 -0.223595852853918 0.123851174834651 0.267602427981758
-0.152610579741952 -0.228174280851382 0.0199966962644003 0.378991175351346
-0.236918308850683 -0.0654821912026406 0.136826871621334 0.327704233373533
-0.146108202133703 0.14832714340653 0.219570442691555 0.14076785366617
0.0159381219963622 0.177925147009426 0.178749169675759 0.0128954413027692
0.110503160300096 0.115675249536148 0.157828838813812 -0.0323072908735265
0.14368886126216 0.0199438258934405 0.147408577230361 -0.0345947733265364
0.133644899062353 -0.0164634700524912 0.121957712243418 0.00849608852205308
0.12333673253755 -0.0190397892534363 0.140282417696622 0.0785113662875231
0.139147343583762 0.0468406222263841 0.110093294495433 0.185782715867214
0.101364901932608 0.137306106167874 -0.00387796224927832 0.268087919042283
-0.00119079374206913 0.198207315025396 -0.195772096211087 0.196374225711526
-0.199691122162452 0.0980939848396286 -0.208085794038735 0.00609553396871643
-0.200777305436414 -0.121058307390935 -0.0206118767903343 -0.100023834585263
-0.08339368475955 -0.21475484854232 0.123259071484951 0.155881951514064
0.0559642311708933 -0.109246873184969 0.137308915501745 0.340145043130126
-0.0390374118177735 -0.147472250814984 0.0322069422789877 0.384966273202232
-0.122559418121739 -0.0560036761822299 0.104718715364325 0.335571716256894
-0.0760856590931139 0.0716610486745977 0.182906782357391 0.177610994338157
0.0143535700764139 0.0843925569818592 0.189319548124328 0.0651003535757902
0.0544747245753132 0.0523922259052221 0.200303237572803 -0.00735705470719759
0.0748917021957325 0.00389399053260022 0.188110769025244 -0.0304299445526501
0.0730654693928617 -0.019249306787434 0.159469058102374 0.00360006550495362
0.0711787303949327 -0.019457709133848 0.174915187780697 0.0747640009127002
0.0884734813076184 0.0209059507088747 0.144733496861301 0.186966795941886
0.0735264528039875 0.0835556161915942 0.0231486288671791 0.282713609304943
-0.00829571996848099 0.138439084389965 -0.179701607519842 0.213854765928727
-0.15162763333415 0.0440879026251616 -0.202640677803081 0.0258967847238724
-0.105395935691972 -0.118675524971738 -0.0215422549002699 -0.0744365625957772
0.0165388103748056 -0.146964291641271 0.119790008684416 0.206616515557367
-0.0469954662136448 0.0859172588360166 -0.290893239366927 -0.0880370630242942
0.0745220729612851 0.033540637083491 0.0266895809950272 0.124658826292656
0.0481880183416604 -0.04974239109417 0.195111713670334 -0.14031187855725
-0.0420606774608086 -0.0416794962414053 0.0255886673366712 -0.334617906438641
-0.040225715335546 0.0202020773273468 -0.231513100849546 -0.261456812983162
-0.00773882325831286 0.0290173337639305 -0.299376010399817 -0.0470706796009616
0.00251918896413152 0.0275811982511597 -0.230407379538907 0.0842572203261291
0.0197089247921009 0.0183952443297645 -0.160263239252323 0.134462414481672
0.0124990410519847 0.00827782422835088 -0.136951999357336 0.170750921443802
0.015358607325077 0.00572500299664753 -0.171312164603694 0.159703970057534
0.00484691632446366 0.0232829936670129 -0.226828395615593 0.0932367857264164
-0.00104834588680695 0.00833876306206619 -0.268208162821719 -0.0292550534038119
0.0106871450718096 0.0403030071013809 -0.292598051275288 -0.205528786777899
-0.0273708141156288 0.0821516799045811 -0.284981902078407 -0.319172919152693
-0.118320240227059 0.0478825757247306 -0.334169727409293 -0.229988611197623
-0.162026326479639 0.039040682885373 -0.267654051615127 -0.109096466974405
-0.0387341750609833 0.0747310816897311 0.0384135910661995 0.133856307114138
0.00979955553285106 0.0377997736861107 0.223459871446657 -0.131308151442983
0.0075550175033792 0.0298721805364616 0.0561736162577356 -0.349810030791443
0.0331420795548096 0.0513663087454387 -0.219378002493614 -0.274723908193878
0.0665484640308481 0.0170702692642509 -0.287235789101875 -0.0602968170599272
0.0585311931840461 -0.0181237027787127 -0.218180420009716 0.069099953013998
0.0749637529231265 -0.0287231177416402 -0.14575345021818 0.127313972604214
0.0820870384958774 -0.0338904819008647 -0.109441468842771 0.170391861159849
0.119951322260414 0.00505504550613693 -0.134044103799768 0.185793289051821
0.096937446397583 0.0960635203375644 -0.203830382208896 0.14597493964703
0.0210992651951662 0.132512114064031 -0.277660064945116 0.036611729685041
-0.0909364189078875 0.138976599711667 -0.309364266044163 -0.154180418051528
-0.192085525412825 0.0850620578546446 -0.269278860839284 -0.274589593344389
-0.260004564839265 -0.00993544884693711 -0.273554065065697 -0.193603057910244
-0.25641301474158 -0.0301823980469911 -0.201845648601472 -0.10474153436178
-0.168472270360296 0.0906218752902693 0.069780424384113 0.160228872081584
-0.0577155376429768 0.125051805442215 0.27323209078533 -0.0945790937710719
0.0445521129026211 0.117696895759691 0.117203918736398 -0.346882194940629
0.106018788022202 0.0898555538390549 -0.177899798863115 -0.287795606299471
0.141757626731006 0.0110773157203275 -0.247745628259 -0.0836892388533155
0.112940124170726 -0.0590821961260052 -0.181295192345329 0.0366024264108871
0.120062721691528 -0.0712625959042461 -0.109835589176838 0.101353214153759
0.130256960317568 -0.0740868742533736 -0.0587196627344686 0.150130238761653
0.19696283018705 -0.0133519462538049 -0.0615200890500852 0.19830602163096
0.182507764538284 0.125296610056989 -0.134774154609474 0.205277510703133
0.0811620382176863 0.213985511021965 -0.258981530578329 0.130720591048764
-0.130775796927644 0.240172711946237 -0.316867598674644 -0.0710690042877365
-0.303879341291679 0.115488423858145 -0.244499910357112 -0.220743984237956
-0.363029078847078 -0.04134941259429 -0.177599332435389 -0.142982187948619
-0.311727695486473 -0.106309325516103 -0.0980288884106379 -0.0701555226390646
-0.288491679867419 0.0709523383321588 0.116633057859937 0.197806791495903
-0.149109576359033 0.189075650484558 0.320936271235879 -0.0275214711672705
0.0537203281593091 0.208514984658469 0.192261146558543 -0.304591572295497
0.163765461897321 0.133972932770228 -0.102517070218617 -0.279552536730384
0.203323607010301 0.0129920903757957 -0.17690252348014 -0.107772987503573
0.157155290770345 -0.0889054300084376 -0.120903462367279 -0.00687304781975205
0.146668867595208 -0.106046135362755 -0.057074846330522 0.0625937137250208
0.151447695493064 -0.105197896197878 0.00416275169449146 0.113168151927243
0.232632555443486 -0.0392291720481696 0.025914633549775 0.18672576542832
0.238575184069447 0.117226233046224 -0.0396469634768077 0.240167525463717
0.145416075606683 0.242165200661073 -0.203457009887132 0.216508313035186
-0.1224574653415 0.307357858224729 -0.295975490918856 0.0175761816967605
-0.351090648145927 0.144791116341839 -0.209177547102513 -0.171689367281383
-0.408053166601552 -0.0579075077241615 -0.0614229395748601 -0.0933511352339009
-0.310945444463947 -0.168989757164941 0.0294512794756436 -0.00753173120386977
-0.359856816035912 0.0162361433937266 0.17033865492705 0.239603608680553
-0.23485956948706 0.201888160148628 0.34847132941978 0.0582492059824147
0.0288257717186348 0.270001530339741 0.255566799509626 -0.218855871223115
0.18693810138505 0.170221291623771 -0.00413815783052798 -0.239593333083717
0.234346545594512 0.0215562464089334 -0.0797957758111019 -0.124732862905937
0.179254462588327 -0.103139402507437 -0.0447944930633316 -0.0538080701927543
0.152213484713432 -0.12486746286 0.00314786395461087 0.0153512177485602
0.148269831664524 -0.120821963539641 0.068376121805305 0.0641691667067329
0.229223544846658 -0.0581624595491078 0.107010058395566 0.155741941625836
0.252172717242246 0.0933950490787017 0.0544818640427336 0.244982836441962
0.176321252276708 0.231528917291234 -0.132294170279285 0.267111974833139
-0.106011439549431 0.319677672322358 -0.250806765536987 0.0852304089065254
-0.347890567542407 0.140703267495057 -0.163476958966092 -0.13327972187307
-0.393291156186824 -0.0732662251873317 0.055368461743572 -0.0482018391437576
-0.253909918145372 -0.197088387720279 0.15771538419402 0.0715918576102179
-0.351488404207853 -0.048966447600486 0.219830702242807 0.275021431171091
-0.272127301973525 0.161965644590315 0.342852270915507 0.137613269463983
-0.00817177799234797 0.271568975402442 0.281900817607859 -0.110101137991197
0.170906612877972 0.174701160094962 0.0898240957264485 -0.170796631403573
0.220247329499425 0.0277289335122777 0.0244482801841319 -0.130550983696141
0.169971909718238 -0.0985876997089679 0.0336014456355017 -0.0971051326817185
0.135216862282801 -0.124227192051433 0.0602733267261102 -0.032661422449317
0.124974487590604 -0.118387282772828 0.124085318036968 0.0135945409578489
0.196598247989294 -0.0630680086738376 0.170582549478607 0.115464189215464
0.227600466607776 0.0687901096607641 0.127962884718661 0.231115288224231
0.167149776040608 0.203861073823642 -0.0692625870648516 0.287033048954072
-0.101160686633588 0.286933245974956 -0.201668853363176 0.123105972912964
-0.311493015964164 0.0978830267583027 -0.11856754764656 -0.102092190501782
-0.325713791069958 -0.0971751982244774 0.153296681420824 -0.00329381486127971
-0.149391186354707 -0.180124408433441 0.262840528547212 0.144770681071932
-0.263490044066613 -0.0895286277442531 0.25528093191 0.296996771979307
-0.234104537695902 0.0979455760026347 0.318187482793197 0.192414240420485
-0.025344674923775 0.209981627640612 0.277266162434526 -0.0153633585112629
0.126313558260866 0.134210833438289 0.160126280050285 -0.102907570341328
0.164979433391834 0.0227413515583647 0.111216091002682 -0.131384786884756
0.127580967220176 -0.078269217202225 0.097383325446057 -0.132399203013868
0.0976692743576103 -0.103437123775465 0.105987509610543 -0.0750697181264715
0.0906484797244297 -0.0983711759008211 0.167190517111881 -0.0280201506913118
0.148090478102288 -0.0552779285049389 0.216051887378053 0.0796901502781502
0.179580732094529 0.0462154816539204 0.177004981568155 0.218466397246061
0.131628740331865 0.167978897138574 -0.0263524630344335 0.291142664742941
-0.104137686740009 0.224706921263167 -0.163062397732841 0.14275723880886
-0.254101730773895 0.0363892240521407 -0.0835655912179065 -0.0748897479308218
-0.218471625628644 -0.122557485018037 0.219130648056681 0.0446757043003526
-0.0200309677971227 -0.126728258473548 0.328236132254094 0.188214663714009
-0.120755432211343 -0.0948771736842852 0.274191510702632 0.291843026876646
-0.132779417277426 0.0341678115647937 0.300927902522549 0.213932380300918
-0.015476776219283 0.104705073126521 0.269303772817267 0.0351619198272111
0.0651669466522675 0.0585617994498876 0.20137894996279 -0.069382794395876
0.0779127099304035 0.00743569931394753 0.160399294063843 -0.140376942709872
0.0615004887610298 -0.0460300451950196 0.132850619000217 -0.155931198424564
0.0465551481760682 -0.0651609136821248 0.132545454599379 -0.103985194847791
0.0467942515315969 -0.0640650478024765 0.194244654841967 -0.0551478777279933
0.0887818306436617 -0.0429647429934958 0.244604319989286 0.057646888083256
0.119252758716914 0.0210064388047158 0.208753028242005 0.213041953665037
0.085322926369359 0.122987400169675 -0.00236881192507066 0.295412863219462
-0.100428858455234 0.145331962909798 -0.145683116697988 0.156221587752129
-0.171539607091932 -0.0282764066640385 -0.0669471970903751 -0.0501790185927891
-0.0869824862360359 -0.13292953439538 0.245981827562616 0.0920603154630909
-0.0431872502908392 0.0943441909841086 -0.315278350917632 -0.0702287348888316
0.0807908749016814 0.0281323837671743 0.0408238073698019 0.13287685905003
0.0465354908017048 -0.0559949145416752 0.196464320564405 -0.161834579012313
-0.0477960692910269 -0.0402876299650943 0.00121106551724501 -0.356319532139712
-0.0401767761885877 0.0242346541945681 -0.268487730310071 -0.259986989199875
-0.00524793171583339 0.0304544897771515 -0.321054442173866 -0.026147759240424
0.00566619289485304 0.0278323507237844 -0.236037918868979 0.107282614163658
0.0231268479032037 0.0160805831381834 -0.158693642053507 0.155685789878382
0.0154715186617153 0.0070187479873894 -0.129968370989719 0.192671299840962
0.0175295792098367 0.00499151583161418 -0.169855317820116 0.184645629578372
0.00855494922305431 0.0251385240861056 -0.235107724069557 0.116384000653289
-0.000852326095654513 0.0101850990471244 -0.285548154652711 -0.0152967801250552
0.0143759131990445 0.0421360377326638 -0.327007558008334 -0.199305009428787
-0.0228661205105561 0.0862591009646843 -0.324480556599313 -0.318348347802767
-0.123579498965801 0.0566159000955576 -0.370387862134137 -0.222515385175084
-0.169122417264639 0.0516834151082185 -0.293243605239106 -0.0937420457281829
-0.0360442711729641 0.0807667724674558 0.0536089291503343 0.142035615026536
0.0118716658095409 0.0390589082141419 0.226508411430944 -0.152855134096424
0.00991934198746805 0.031139388948085 0.0322774473869146 -0.374919461018421
0.0398386563425687 0.0508497897046144 -0.256083683966359 -0.27627945207026
0.0723158769902589 0.0116914061328353 -0.308877919500937 -0.0413504874636489
0.061440523194249 -0.0242792257841133 -0.225046911173781 0.0905226726049546
0.0782102265614989 -0.038539902692887 -0.143682162739417 0.147247442486884
0.0850514335588205 -0.0434102238575519 -0.100486924601681 0.190733874860417
0.129276083407668 -0.00450207530228839 -0.126889303849885 0.208545531899083
0.112184121738728 0.0948533798330559 -0.206100223175816 0.171297768516338
0.0323116442812664 0.140238363798716 -0.290728259235483 0.0561466511288108
-0.0874166422005347 0.15473184310868 -0.340664438917784 -0.14308721831742
-0.198370459565203 0.10193296125685 -0.304364933273314 -0.271810979812311
-0.27911710385023 0.00357823056990712 -0.303916949902859 -0.186863240955598
-0.275073888359684 -0.0155932737941123 -0.221522277312722 -0.09525691838316
-0.171905536545145 0.107697254917909 0.0882788143321197 0.167491460771537
-0.0537492347975475 0.136876846304535 0.281582588875353 -0.116454605125782
0.0552015930066787 0.121873790702148 0.0983118462576297 -0.375444909672332
0.120955188966974 0.086546935188076 -0.210784481509934 -0.292127314764918
0.151551674210846 -0.000515776941000068 -0.268875063466595 -0.070136860818908
0.115625298572771 -0.0712593671666331 -0.189375448072359 0.052382658290889
0.122253224197576 -0.0871043799129242 -0.106790514661364 0.116628403170713
0.132946979529096 -0.0894804693183621 -0.0486157539366054 0.165861380858481
0.208721141025515 -0.0304947600077501 -0.0480850074826379 0.215833093953086
0.205329834141197 0.118437727518109 -0.128288164871905 0.229304613969751
0.101882555981677 0.221668388556408 -0.262965085256026 0.156850650576944
-0.121426783028534 0.265032086773167 -0.342336995857904 -0.0547586354795567
-0.315316961462632 0.143933195568421 -0.275473270575636 -0.215686207992624
-0.389287804373201 -0.0238078515773914 -0.199610966676373 -0.139513167310267
-0.340181075676505 -0.092534632361574 -0.10806905712075 -0.0654784139046391
-0.301401527386729 0.0958703443242184 0.141030917075962 0.203869118451923
-0.145762521380029 0.211080765436213 0.33777055358202 -0.0491648490994462
0.0718473246397566 0.217203306933094 0.181570048501854 -0.33604199931662
0.185355304958601 0.129666977294048 -0.127652757505536 -0.288371494426934
0.217812635178494 -0.00306106538184959 -0.195155953407809 -0.102395971406219
0.158847695378094 -0.106345456270943 -0.129856953739626 0.00111301499403579
0.147786872479269 -0.125079371141557 -0.0543197580228173 0.0708295124463562
0.152433918712283 -0.123655396984947 0.014999298988833 0.121146058186718
0.244615696321545 -0.0617110798644061 0.044265072659077 0.196691796648439
0.264585275878894 0.104173560120006 -0.0242123452457882 0.259491582009682
0.171895864290229 0.245390766578882 -0.196760581518474 0.244334104077456
-0.106851104432417 0.336321210381671 -0.312930802466538 0.0387351741899499
-0.363407751478996 0.179895302716262 -0.234032058684512 -0.166904925626645
-0.438991164128008 -0.0372691011067978 -0.0733103355534473 -0.0945404802095913
-0.34450653144654 -0.160174517276669 0.0317179585020918 -0.00767200227392894
-0.380981317232561 0.0437455132347508 0.200374322722797 0.242941286800211
-0.235779235703246 0.231653864148587 0.371994587135744 0.0397299664858884
0.0503108908366806 0.285027989484285 0.254413360575204 -0.248966872024537
0.213068600514879 0.166007202951616 -0.0195297399826481 -0.252710490170139
0.25100002791952 0.00385711565944054 -0.0935849571221535 -0.127911394152516
0.180601875663063 -0.12353341887558 -0.0539046069531123 -0.055282110778489
0.150735386978515 -0.145137261837906 0.00562877486016695 0.0155542823994735
0.146832682868731 -0.139397982165557 0.0788271655135622 0.0646505569117353
0.238687768548228 -0.0804261551387346 0.128531402028463 0.155863300405794
0.275958200270344 0.0784865312705579 0.0772044810154421 0.256570179351603
0.2037922146313 0.23119502048757 -0.117532028119669 0.29303743092215
-0.0873551396319753 0.347603434349274 -0.260263788227286 0.10700864018132
-0.359804574844165 0.175231411483366 -0.18316550746948 -0.129080003748515
-0.422391388730022 -0.0534913022697347 0.0528695746493238 -0.0550709624181786
-0.284955471607007 -0.192973953370927 0.173431028126651 0.0674808886426156
-0.376622616336024 -0.0254584366166274 0.254217369419016 0.277446927782867
-0.277796036720681 0.192703802889115 0.372313921982386 0.123642968256467
0.0119880088904396 0.289651733896593 0.290226949501525 -0.134248934046864
0.195623026781212 0.172114559585729 0.0853746956120265 -0.185750077248441
0.237437397974468 0.0120885955209153 0.0165998251008373 -0.141975686044005
0.171016467655813 -0.117509646626059 0.0251632986897305 -0.107884315195937
0.132433269743829 -0.14304453743878 0.0621662033962474 -0.0401696485652616
0.123149732261961 -0.134732742780568 0.133739074931177 0.0062615849958848
0.204282165251534 -0.0821010028525381 0.193008605008362 0.108185300643981
0.246820763485706 0.0545078282888256 0.153199573852309 0.236770083079901
0.191223518410385 0.201632138863112 -0.049033316456073 0.309077391708189
-0.0846444785991852 0.311326887901663 -0.204188602882188 0.144003027115817
-0.324666869635322 0.127633365721886 -0.133008436668627 -0.0998932512248075
-0.352208652727201 -0.0828389831472788 0.158898125698629 -0.014758845531309
-0.172894610534084 -0.181728086715635 0.290300635268081 0.138019031524842
-0.285903833952379 -0.0758131134620306 0.29291240135142 0.297113350465035
-0.240714097039326 0.122455424636862 0.350978010091827 0.183983516776355
-0.0103230900801555 0.225058267708034 0.292590811906774 -0.0332575844177165
0.14484677583818 0.132098382882336 0.165445980863923 -0.11837142687957
0.177788677658308 0.0112197636649207 0.108281579475818 -0.1492015316116
0.12829059482341 -0.0930200674510969 0.089858810423776 -0.149441117301371
0.0942888090198383 -0.116717416176012 0.106606837165159 -0.088777788730261
0.0877169470235033 -0.110092953840703 0.176476489640207 -0.0426016155471996
0.152758482142689 -0.070587669375281 0.237114918186646 0.0667281434713815
0.193255328690817 0.0346606344677215 0.205295548678572 0.218121321101613
0.151646019288147 0.166562377521947 -0.00355084310973582 0.310632900464236
-0.0921202104508893 0.245144247997102 -0.161981398622552 0.162514365647373
-0.26762626658344 0.056768896533136 -0.0946812241734203 -0.0731812657738216
-0.240918114136711 -0.115995852485411 0.232611499705517 0.0306391810166988
-0.0315906226519762 -0.132674409189053 0.36347499603473 0.180483025637464
-0.134998748679145 -0.0913290385958822 0.311725663340475 0.289608336076045
-0.136353151991969 0.0467557470632949 0.334178278608012 0.206752272562853
-0.00714008549987633 0.111590711813283 0.287925083290715 0.0217734511259902
0.0741459931173709 0.0562395781529389 0.21150011069169 -0.0853193884804028
0.0836074340673923 0.00240130732969865 0.158522066795384 -0.161971693790374
0.0610376376043252 -0.053281552705357 0.125580270499301 -0.176870066656024
0.0433938818327836 -0.0723895031631949 0.132930347676178 -0.121158380732884
0.0442080221860647 -0.0701883730385451 0.202506796823378 -0.0735430044663548
0.0903517788253891 -0.0523484773244076 0.26486820659722 0.0421903167094996
0.126305227675267 0.0133031969789235 0.237803424025583 0.210004756077711
0.0986019770323844 0.122386078185538 0.0216093026080957 0.312569816408099
-0.0943865108283668 0.161160832515602 -0.142539237162744 0.174859867294026
-0.184588972354599 -0.0175653296824701 -0.0752118333097003 -0.048546724807036
-0.102110271631644 -0.134238312515561 0.264972913142005 0.0782034733975255
-0.0351597589361693 0.10186476056302 -0.334563191661958 -0.0395353374831669
0.0858581101330706 0.0203628789657776 0.059395152590694 0.135916839796336
0.0425595707914032 -0.0631608524223653 0.188479207682351 -0.1860807067863
-0.0534540760225326 -0.0362786721289465 -0.0349041804191372 -0.368241214153191
-0.039449473036601 0.0288912569564403 -0.307131156360717 -0.243555664346581
-0.00224878540326166 0.0316251206446255 -0.335203090275214 0.00541708738644182
0.0102309934665895 0.0277184083212885 -0.23149330370095 0.134534720601843
0.0258109231775059 0.0122379147239297 -0.148023609089182 0.177950904398694
0.0177760905443164 0.00455413171045197 -0.113554705285864 0.214080334249817
0.0197711726187005 0.00297626112642627 -0.157989919675596 0.210225344161567
0.0126379187848344 0.0253121737703225 -0.233849227289628 0.144112697975171
-2.47320752839002E-05 0.0120869278577987 -0.297480258926241 0.00731683888599982
0.0188665541139303 0.0427729231469119 -0.360810315255185 -0.177825243736378
-0.015916239606926 0.0888422938512586 -0.365144148999542 -0.298770729131483
-0.124988992330055 0.0685485564414927 -0.40379341901801 -0.199676125219519
-0.171188316161203 0.0687851095192064 -0.313185889533758 -0.066983595723168
-0.030386503788626 0.0860564243438954 0.0734738434097959 0.144635477173133
0.0151291651430757 0.0396121199336736 0.221089093224052 -0.177771764003378
0.0129807849281359 0.0316706905900733 -0.00354636340867277 -0.39002578936261
0.04721858423379 0.0484134495651836 -0.295017194751887 -0.261423237418129
0.0771263146000385 0.00418344084451198 -0.324494106269828 -0.0122766446666964
0.0615049082022586 -0.0323457647879979 -0.223326865183856 0.116970486654051
0.0775738001277906 -0.0497730707540821 -0.132091740239773 0.167621088408137
0.0837108611594407 -0.054875181614059 -0.0822577193827762 0.209704266139742
0.135258798020661 -0.0189378961847661 -0.11006123372495 0.230719999722657
0.127913280852713 0.0870509841579096 -0.197581455830822 0.199848613551987
0.0471984121672336 0.143224182520534 -0.29558642617381 0.0835800159347426
-0.0760270832394539 0.17001266086551 -0.370186354218866 -0.118330154647837
-0.197365283159734 0.12323921091769 -0.340668695221986 -0.25143308784922
-0.291823129899686 0.0263776846548583 -0.332914257904613 -0.166597903759589
-0.28862544670904 0.0083721184914709 -0.238546447589914 -0.0763991395037523
-0.169158981185192 0.127534763739723 0.111758567083845 0.167381131320543
-0.0441366510270479 0.147828074927906 0.281161218912441 -0.144044080924003
0.0688081206767626 0.121150638107156 0.0645519930907362 -0.398113468338485
0.134858593039366 0.0773303182917067 -0.248118011039005 -0.282313369148979
0.158046349622511 -0.0171036962250627 -0.285763358430652 -0.0459947571943257
0.112267333381708 -0.0863791771725792 -0.191515575165283 0.0734930028900698
0.117463193251066 -0.105192368580074 -0.0972064900996744 0.131762533928497
0.128225244871972 -0.107183188868646 -0.0305530471260567 0.178301740723915
0.215427881055945 -0.0546727255991823 -0.0258450932468483 0.229341640464715
0.227364637213793 0.101469187889115 -0.11148084371069 0.252800109753013
0.127486851628278 0.220242317789659 -0.255820132551913 0.186715662631788
-0.100064685503339 0.288636543894787 -0.363051886133929 -0.0251344333592099
-0.314962666114624 0.179976919419544 -0.304887363385008 -0.197846551526633
-0.409271186169056 0.00739365840858899 -0.221310430093157 -0.126503258872675
-0.364209620802694 -0.0660410691894642 -0.117682871905928 -0.056329744721442
-0.304315915350444 0.128156544029624 0.168531688830577 0.199092914378823
-0.132838292681091 0.234415824154931 0.345805082323906 -0.0792834619899316
0.0951394622504179 0.218892699711712 0.154997450148135 -0.364517870432671
0.206821010557114 0.115031779027552 -0.160729747353101 -0.286700540825957
0.226768878595537 -0.0267457207351537 -0.212907096332923 -0.0871834210327151
0.153567225543329 -0.126415657857521 -0.136122058387261 0.0143303541894448
0.139611345963304 -0.146520280719881 -0.0479875053116628 0.0785490267826377
0.144246420791048 -0.144143862426292 0.0307174648340141 0.125627891018269
0.248602125444771 -0.0903765163804822 0.0687504273850873 0.199171381552789
0.28716135838806 0.0810163578632886 0.00156450639143917 0.274221110084236
0.202547887732297 0.236940364870727 -0.177280484627864 0.272324250230651
-0.0780242913689929 0.361084707192073 -0.322640573587699 0.0690245203659612
-0.361566451888756 0.222907867980968 -0.257694553111131 -0.150678738250083
-0.460500681307312 -0.00146257011250122 -0.0871816236927431 -0.0912011504756062
-0.375610081517548 -0.135781793649606 0.0336629890997864 -0.00960900418138261
-0.392443209391843 0.0825388714368439 0.232658886168833 0.233967132650846
-0.224031668301584 0.265113005830077 0.388907269763222 0.0103343602156909
0.0804780268156271 0.291358191808856 0.239973675746098 -0.280660531144172
0.238826305776281 0.15070688934456 -0.043936889353906 -0.258622451237862
0.262169088386095 -0.02244993998206 -0.110114339943005 -0.124764517728721
0.174084458391842 -0.145999163689157 -0.0644600994773006 -0.0525771346937192
0.140875951058469 -0.167124466263737 0.00840644835472709 0.0147788486708049
0.136998893153114 -0.159200061013876 0.0902174342292443 0.0596572642442141
0.240791501386034 -0.108680159212597 0.151766978101339 0.147486374444126
0.29565580790057 0.0527469679919362 0.105343649136698 0.260493170002537
0.233582558191571 0.218414279266311 -0.089911892943407 0.315827147781733
-0.0559807769640393 0.370220469384068 -0.259510708626095 0.134311694287272
-0.357372598570753 0.217389687351934 -0.201745846523378 -0.117468524271247
-0.446231843855295 -0.0191518892057618 0.0477867087003087 -0.0618218628400617
-0.317772729051417 -0.175296319221485 0.188101106155802 0.0556181990340954
-0.394160735942956 0.0102782415148702 0.291876381082671 0.264075354399215
-0.269733423600084 0.228303219655564 0.397192508225211 0.0965779905200685
0.0411029936423114 0.299930548131366 0.288858074461812 -0.164242908851216
0.221702423263849 0.158475761933574 0.0734976419518627 -0.198943147409647
0.249101835229933 -0.0125951209206855 0.00301667267775322 -0.149888785993227
0.164059111565908 -0.13897860223451 0.0113733121174046 -0.115012004427868
0.121339211626696 -0.161701620693895 0.0608543788160504 -0.0495050061522907
0.113069998215463 -0.151277811737947 0.14141733564342 -0.00669462897973568
0.204116750894757 -0.105899966512906 0.213350198506295 0.0910299220172423
0.262231037844658 0.031100441527787 0.18325285655138 0.230866551730923
0.216817627771293 0.189271466627068 -0.017758706386288 0.325292563008671
-0.0554889572682832 0.332020617703938 -0.197960989510105 0.167961684228606
-0.324955465674122 0.164242527288808 -0.147651734011159 -0.0915381094978393
-0.374820339957427 -0.0556575625529556 0.160909602610913 -0.0303618248390822
-0.199916502433562 -0.17271121467642 0.316441792744824 0.118071359301489
-0.304673296399739 -0.049493935250092 0.33252141772196 0.279736837357051
-0.237382513770932 0.150984486221964 0.380709195868019 0.160228793494235
0.0119543439233688 0.234137987103112 0.300952821564545 -0.0586431780612648
0.164205599540512 0.121586356206681 0.163579358531574 -0.136828709057155
0.186849021125558 -0.00685134077145574 0.0968883517206773 -0.166756436274993
0.123326884834798 -0.108906036094521 0.0751786571848026 -0.164857718498051
0.0850642712984475 -0.13099456916515 0.101690959574429 -0.103622587951157
0.0788584096077899 -0.121363291492731 0.179654092222457 -0.0614776786829714
0.151302580425555 -0.087969729638957 0.254473599876197 0.0447764881906966
0.20320879229371 0.0167830655468424 0.23521374493154 0.20720253033066
0.171701476661779 0.156230012130315 0.0286023474631169 0.321328725468681
-0.070073023087233 0.263562875552377 -0.152553595076409 0.182724480869768
-0.272342253065409 0.0854095061634939 -0.105499203652881 -0.0678689416967942
-0.261941545426612 -0.0982210657356843 0.24103330160402 0.00962568139843484
-0.0468533332889327 -0.134387475529723 0.396454557055746 0.154398969647111
-0.148731296357686 -0.0802924492566438 0.350650048865269 0.271114693835514
-0.135041266091951 0.0622539969041445 0.366693351523155 0.184448018876178
0.0050717399593639 0.116031751954334 0.302019733487753 -0.00137879199761652
0.0825624367812196 0.0497487972770119 0.214582163962966 -0.106920736617828
0.0881452146533274 -0.00630753419410976 0.147897944972054 -0.184831879598885
0.057362730117877 -0.0607050047054595 0.108819475331351 -0.197138466622082
0.037150267993408 -0.0794974543065759 0.125164262694818 -0.139916506369236
0.0386269801151993 -0.0761600214573309 0.203856377507583 -0.0969639383625063
0.089018942363901 -0.0629404925489812 0.279464810208388 0.016040724941742
0.131160381865508 0.00196509996011107 0.2685844528915 0.19477630538906
0.113092447710876 0.116060262417096 0.0532287058723523 0.32129249231239
-0.0804815219302957 0.175779765319572 -0.131186314863681 0.194174831827041
-0.19406186615868 -0.000401390189865999 -0.0832838687701305 -0.0435254400631856
-0.11922933759236 -0.129342591411039 0.279255756630477 0.0543832454633714
-0.0246635199959298 0.104911570377455 -0.341150680099166 -0.00531852617771607
0.087421432350083 0.010453423932419 0.0779076943214992 0.132736879292879
0.0363752506471892 -0.0676411875746909 0.173438126406054 -0.205109382409555
-0.0573955171651657 -0.0304377795971331 -0.0715131687484945 -0.366892181511155
-0.0366269697445824 0.0330811852162025 -0.336835161209181 -0.214010393000046
0.00118496526401883 0.0316683358755241 -0.338120263807707 0.0399703794204442
0.0142875455310361 0.0256677146871046 -0.21779934001789 0.1587716364447
0.0272607188179271 0.00792725888292466 -0.12987314819197 0.193703145629461
0.019208370958807 0.00203572126894625 -0.0905766587400845 0.2273828610291
0.0213332218421632 0.000888462422022248 -0.137318311452203 0.230419729503347
0.0172973713136654 0.0246462230760652 -0.222688711166036 0.168936944067868
0.0012256544204037 0.013093628630905 -0.300965419044614 0.0328342988392876
0.0232446432384477 0.0410517619528008 -0.385490842003662 -0.144713672859145
-0.00838979080973962 0.0882039309115795 -0.396907246946985 -0.266572598541815
-0.121510450360542 0.0803809075987996 -0.426596201649181 -0.165554343888029
-0.166330859397068 0.0845542245837398 -0.321829366445056 -0.0360125895403591
-0.0233914757440564 0.0889247868621284 0.0925952195664613 0.139548083026177
0.0178635447217145 0.0387583001686064 0.206825520559927 -0.198513405696479
0.01577638326082 0.0309380292138716 -0.0421530709781439 -0.391949436244563
0.0530567914487119 0.0437746543875373 -0.325078070481936 -0.232927861995308
0.0784081595137672 -0.00512492293619189 -0.328844583205284 0.020183907518971
0.059960086481947 -0.0397291125336301 -0.212420300052914 0.139858241478827
0.072987225306393 -0.0598638295700623 -0.115135119084426 0.182532747488073
0.0794772656464537 -0.064853586198562 -0.0591875254061175 0.219736202263585
0.134887626124764 -0.0339904893742089 -0.0857766198845689 0.245417290172511
0.139911663815856 0.0740468519665891 -0.179308438785211 0.222694187670028
0.0616802305552609 0.140475762828443 -0.290573091602595 0.11005887063391
-0.0603497158610731 0.179101071485534 -0.387963529187812 -0.0846269703111128
-0.189188335837143 0.141708383069488 -0.366826135171933 -0.220424946425244
-0.29534575527686 0.0517191557017687 -0.352291224291066 -0.137210671746482
-0.293021782305254 0.03472482823168 -0.24733256476402 -0.0516658027531733
-0.159168343004883 0.144581187032572 0.1326945179487 0.158988333051269
-0.031607021871615 0.15371910692559 0.271307173492843 -0.169103862646052
0.0810847210668013 0.115380666863825 0.0255616260907594 -0.405979604336308
0.145456991537857 0.0632495970356392 -0.279128762547448 -0.258611899508352
0.157739788594544 -0.0347318141663965 -0.293416209549225 -0.018775998454241
0.104561399487718 -0.0983835038485231 -0.186145342585319 0.0939771001362145
0.107651952516482 -0.119518860215661 -0.0831723106579365 0.142295877391787
0.11796500767795 -0.121434780936939 -0.0100400746089964 0.183259383582843
0.21211888169088 -0.0784037075912539 -0.000960787434151616 0.234307422531215
0.241976019839831 0.0785553142628922 -0.0860441182271961 0.268344930982528
0.151050750865407 0.210107606177941 -0.238162752292327 0.211600826890458
-0.0728400639672104 0.302474381955088 -0.37050176294795 0.00878495017994043
-0.302085854406911 0.21163535581366 -0.327067585967046 -0.169689354339742
-0.415620635802414 0.0427676726857739 -0.236436730478771 -0.107129585499714
-0.377310644364053 -0.0330325779857405 -0.122594770941856 -0.0441233759672705
-0.29545298059819 0.159240859023803 0.192460229271704 0.186099852053535
-0.112085898706055 0.250464370028136 0.341729806561376 -0.108237005685514
0.117902410710753 0.21221407070416 0.120868777521565 -0.381439278957105
0.221741405306652 0.0946292596444927 -0.189977061433247 -0.272204328652106
0.226772224120398 -0.051622871268896 -0.223731923600614 -0.0678170057571022
0.14150606315607 -0.142529656021489 -0.137569660458868 0.0286030696646248
0.125066706719798 -0.162476824371496 -0.0389663870643921 0.0832236141101468
0.130241375356997 -0.159620539721785 0.0471805285783949 0.123775081034453
0.242696990413828 -0.117261149263821 0.0921468195599199 0.19278611192456
0.299803107131075 0.0512942243532755 0.029936590118707 0.278569706401233
0.227904967990707 0.218548626843095 -0.150025230691915 0.29050899928452
-0.0426565491296832 0.372703234367781 -0.319681810820995 0.0998974661750623
-0.344818368959349 0.260398997522268 -0.274275024623444 -0.128174978219231
-0.469030931195735 0.038631831206436 -0.0977546375070813 -0.0840933878084321
-0.395408128930664 -0.101785202555831 0.0344016991037709 -0.0119663472242966
-0.387717574395237 0.122640823339615 0.259803428989659 0.213901414790692
-0.200875311837879 0.290175694017397 0.394550542611 -0.0226189040755135
0.109376760325534 0.286563991008434 0.21471188964646 -0.304078803433854
0.257532298156847 0.126740070205405 -0.0680738069987069 -0.256066489297967
0.263922082514723 -0.0516742838077768 -0.123627955338804 -0.115478990955544
0.159822170978439 -0.16385053569284 -0.0727203054816181 -0.0458810343434639
0.124010137392577 -0.182981318603546 0.0107852920573579 0.0126439999011631
0.121205076205892 -0.172998962203475 0.101260560022257 0.0506519648481779
0.232822133691391 -0.134508058237243 0.170691660887414 0.131277722437984
0.304443764550428 0.0220610674594366 0.134315848548475 0.253378633359393
0.256367668438767 0.19623004208872 -0.056573479290802 0.325759055291135
-0.0185416964368836 0.379763338640114 -0.24932527460524 0.160165049275838
-0.340461529857269 0.255609305183274 -0.214411562995579 -0.099958803801529
-0.454322754082523 0.0190380904081312 0.039920140391217 -0.0667062895005904
-0.340464779471872 -0.147158212137011 0.197240553947851 0.0387156775322718
-0.397371263978994 0.0500470963766865 0.320597340511539 0.236565785467954
-0.249872619691768 0.256843999524458 0.410598468786741 0.063426538419258
0.0722355833956665 0.299123964772784 0.276359147794351 -0.190942478980441
0.240583004893522 0.135664300336173 0.0573543027125176 -0.206834353257699
0.251491651138243 -0.0394671438348891 -0.0121552117034219 -0.152710631071913
0.150968698175113 -0.155716949555849 -0.00239051414428751 -0.116236047697779
0.104999246465591 -0.175752676592186 0.0568084053316274 -0.0570526791204643
0.098148796225519 -0.162465116170238 0.144574634647134 -0.0216540155204411
0.194999906346013 -0.127540224876276 0.226621263017466 0.0682031513379066
0.26782902165042 0.00424992617284633 0.209562539403844 0.21621322813835
0.235852214434661 0.168035701583999 0.0176331603201891 0.329261637215337
-0.0218663551987941 0.340303966498744 -0.183298038651757 0.187060522199349
-0.313170063534676 0.198496866547219 -0.158413616958539 -0.0789362217582541
-0.385404152299331 -0.0230682054411594 0.156450683619017 -0.0454530361052796
-0.221070445524661 -0.154881299034113 0.333013970234162 0.090221835544991
-0.311793210356401 -0.0191632172281844 0.362122577048726 0.250218702423875
-0.223126011043347 0.175492286736791 0.400521174964994 0.126571565371354
0.0361560681536615 0.234589151660936 0.299021314066639 -0.0852392628111124
0.178245177164147 0.104232206798351 0.155016033041146 -0.152587526262371
0.188481703177754 -0.0273283899865721 0.0814562045971018 -0.179418576127599
0.112433219293889 -0.121218305709552 0.0554518245549342 -0.17297793239342
0.0711860425856275 -0.140678438246275 0.0919493258280308 -0.116122124424931
0.0672023422590677 -0.12939585553104 0.177073259114526 -0.0811089839817108
0.144142671161063 -0.104225330297747 0.26243464243385 0.0170771847126504
0.2069019999787 -0.00395037710948281 0.258782158701466 0.186091511427808
0.187067486738886 0.139468189047677 0.0630450408254828 0.321391531380879
-0.0426666336266022 0.271711106881691 -0.135841441318227 0.197506397059268
-0.2677792997325 0.112840749736136 -0.113397180702527 -0.0586915309593301
-0.275010362580812 -0.0756506161993623 0.241040605877812 -0.0131489183237523
-0.0621005296596678 -0.130229337608458 0.416289305782361 0.121176955215305
-0.157685726996874 -0.0659071589197775 0.377887793760201 0.240522770608722
-0.128184393511922 0.0759941536719836 0.387594338284815 0.151621248260344
0.0174341438327467 0.114809759532798 0.306645069883503 -0.026656943290243
0.0876612706402109 0.0397906218001631 0.209664039752954 -0.128838445575336
0.0892241725558697 -0.0159562271505248 0.129755688674366 -0.202136978497601
0.0516064564959644 -0.0665182407923919 0.0871793057728662 -0.209064980569395
0.02792347865506 -0.0832350714506773 0.111432254519921 -0.154159203384772
0.0311255610530761 -0.079895945732074 0.196475484394988 -0.119056062825196
0.0822483909749479 -0.0720591627660194 0.283268609502746 -0.0125144409668812
0.132151164486101 -0.0109902942543555 0.290247863514803 0.169750912058303
0.124259895984608 0.104875719799653 0.0874965760333791 0.318742238034742
-0.062489811640305 0.184061822872936 -0.11320225795898 0.207045239632293
-0.197065328168291 0.0179225729572082 -0.0896766507684317 -0.0364192697659111
-0.133339571460929 -0.11830150709309 0.283403444469377 0.0281857919862321
-0.0162067965865989 0.104921305704696 -0.335348403869783 0.0231682372113366
0.0854752502465479 0.00221631468912767 0.0920872578114067 0.124040690486307
0.0302443639142032 -0.0694723198205217 0.156867101868292 -0.215422719878954
-0.0593450857998609 -0.0248150406390572 -0.100619850899195 -0.355904439124012
-0.0335950331808053 0.0359831501847983 -0.353062574468509 -0.182068237746842
0.0044463097473718 0.0303172926987496 -0.330707773660902 0.0678954676077868
0.0170622962215196 0.0224405366983737 -0.200040932388207 0.174237998164526
0.0279379879459468 0.00444876014959337 -0.111398551195781 0.202935425587051
0.0197925293830746 -0.00121511982189226 -0.0689661557034752 0.232353786357003
0.021894917578362 -0.00126434004555856 -0.115861043988549 0.241286854903835
0.020453923675808 0.0230147618860108 -0.207474467682062 0.184878183884515
0.00210512482525445 0.0144680276827674 -0.29775604292493 0.0520131530852369
0.0260884927796393 0.0384229298683646 -0.395601655784943 -0.113681690502655
-0.00371798943473032 0.085897735876847 -0.411140934722178 -0.233218762576577
-0.116266590562156 0.0889352196469825 -0.434984950545258 -0.13395654010635
-0.159813377532239 0.0954225561426005 -0.319956944649096 -0.00875560160575411
-0.017047205058622 0.0890447193759695 0.106980067259613 0.130717171852538
0.0202287223785945 0.0374093166551359 0.190941793119569 -0.210360089934286
0.0181191491134997 0.0296767003366957 -0.0731302743995857 -0.382925980003986
0.0568383552627382 0.0384311435087507 -0.341876770935547 -0.202568841026291
0.0772834240000973 -0.0125871941838055 -0.323379259711295 0.0482252439389864
0.0564482025381649 -0.0450647463756754 -0.196319641667887 0.156586238500717
0.0661098352850566 -0.0668299419305249 -0.0965712101034806 0.189751559613288
0.0729374995970848 -0.0714041572292625 -0.0369340809583558 0.222461493034543
0.131477657954348 -0.0456987438135511 -0.062781189230377 0.250888880977343
0.146418125317435 0.061533512968949 -0.159197087035344 0.237008739559793
0.072670703858091 0.135099234817021 -0.278221469460951 0.128359248501272
-0.0451795571759304 0.182667837891179 -0.3928035648772 -0.0533086923552061
-0.177061937815411 0.154101832794041 -0.377974774873461 -0.189231769445249
-0.291742020321788 0.0724677734848107 -0.360131714655507 -0.110245791715841
-0.289551787598494 0.0563687880778671 -0.247473439565449 -0.0306059072676446
-0.146694069637423 0.156038714643893 0.147164520275607 0.146588997007992
-0.0203919310029602 0.15556915789668 0.257152495495805 -0.185565375470062
0.0894894483354153 0.108309497657435 -0.00682399075230262 -0.401907803711801
0.149491484889286 0.0496596469100952 -0.29790908972391 -0.232187487256905
0.153493002012701 -0.0488281546736467 -0.291774123172893 0.00602416132398143
0.0960746399529089 -0.105846536899701 -0.17528420953244 0.109451680861006
0.0960443627392533 -0.128039915651698 -0.0686114715660116 0.14717244414108
0.106102389194385 -0.129926580229545 0.0092365220342377 0.181498973563117
0.203896512229881 -0.0970743492682075 0.0210889870347331 0.231567123473163
0.247725166957501 0.0566229882244414 -0.0619870741446113 0.274799268920174
0.166114700753594 0.195822246382196 -0.218086413336886 0.225317571476983
-0.0475891975997527 0.306367251940446 -0.367867076096184 0.0369251756688989
-0.283990837621517 0.233615598097971 -0.333831456057799 -0.142868489842723
-0.41208582546981 0.0714604316497587 -0.243207248251773 -0.0880404857448177
-0.379745441168751 -0.00341163248751674 -0.123610003996773 -0.0336199098079487
-0.27926178853073 0.182334859905418 0.207573531717563 0.168125712442433
-0.0919512829204288 0.258323876531769 0.332170180325413 -0.130694576608108
0.13373751210243 0.200297086771022 0.0890078563046389 -0.384430558184121
0.228097262615028 0.0740255406432807 -0.209362237850007 -0.2520421354956
0.220415189220879 -0.0716758092932746 -0.227276463393621 -0.0486836491725988
0.128079005508711 -0.152524013583502 -0.134420424509641 0.0413669761131673
0.109092366313277 -0.172332318594271 -0.0302707895152812 0.0841234936437247
0.114965117949799 -0.168178361743389 0.0610288689552203 0.117411732281866
0.230271839552606 -0.137692860410662 0.109552102445414 0.181572579771875
0.302365167547479 0.0244739376892401 0.0552651600983708 0.274670225697506
0.242846425322761 0.197494816998753 -0.122674285901627 0.297294585908244
-0.0111255511583444 0.373789594883089 -0.310027872790868 0.12308532443303
-0.322117261723917 0.285349888373797 -0.279923063845618 -0.105955288556364
-0.464506506700872 0.0713064772728415 -0.105298817856421 -0.0753936758155969
-0.403099120445183 -0.0699133398937384 0.034847412774343 -0.0142604376874616
-0.374370210128962 0.15314593427372 0.274972903424265 0.19068035475206
-0.17628734888266 0.304857079981695 0.390020917810421 -0.0495213160871268
0.132259200067471 0.27454607612239 0.189008757179378 -0.315849665783232
0.266288256560135 0.102812178838906 -0.08601407978051 -0.245867689590601
0.257034335332365 -0.0748971261388673 -0.132126236711112 -0.104747099175791
0.143982887425616 -0.174472535992962 -0.077389646138959 -0.0378257522812108
0.106453260317975 -0.192109519510265 0.0123815838855621 0.0101748241452422
0.105055508064247 -0.180189345403591 0.107109069621921 0.0407219185399017
0.218529292939334 -0.153591671594798 0.182233705720201 0.113730378660384
0.304096491804269 -0.00453088080219748 0.15601529670057 0.241412295559713
0.268732850901746 0.172549338437958 -0.0260874576976644 0.325481121287638
0.0137744474968672 0.377419461554982 -0.235126066062117 0.175977526948951
-0.317585125319729 0.281180776685493 -0.219343115711667 -0.0834259173053053
-0.451586614440568 0.0518160572711608 0.0322197575995705 -0.0684488512937132
-0.351808187325386 -0.118038481697897 0.199751735139334 0.0236474858568926
-0.388919094815572 0.082638183766987 0.335654265906706 0.209493274094562
-0.227422428294353 0.275028154075904 0.41303002594143 0.0345567079291984
0.0957612164084493 0.289374992419626 0.258876782621403 -0.208298169400257
0.249648242707408 0.113534999002092 0.0431091735669467 -0.207904983105745
0.246349840666421 -0.0629024987664447 -0.0250853481783985 -0.151263547997276
0.135967283211124 -0.165694274995948 -0.0150768585771389 -0.113316978795117
0.0882282689318057 -0.182318741843472 0.05163970309094 -0.0625050142680334
0.0831420640731694 -0.16682648708053 0.143495322277626 -0.0347074517752296
0.182949471968188 -0.142828964515655 0.22996289655075 0.0460716400392355
0.265296399499087 -0.0182963216245886 0.226946656511708 0.198465526991275
0.246071730236167 0.146353650274004 0.0470297034848068 0.323220788980635
0.00726117993148293 0.337464172287113 -0.167257678686128 0.197322809684662
-0.294936820919238 0.221416737289418 -0.16261349823152 -0.0671331956342814
-0.386116850284827 0.00591195982216638 0.14844447654032 -0.0566052071066485
-0.23353050768061 -0.135467390122715 0.337805087697203 0.0639885536521684
-0.309750610829574 0.00647985567098041 0.376878191541721 0.219984408154437
-0.206512930227076 0.191477193544576 0.406632235981452 0.0966002680048909
0.0557311418126889 0.227936676019005 0.290089360483189 -0.105336807039872
0.184750599238559 0.0873124574806415 0.14537373860799 -0.162361904671998
0.185084263803089 -0.0445338346360811 0.0649986252543085 -0.185076240495861
0.100805564766316 -0.128605327225269 0.037728187402391 -0.174553409089452
0.0571217671039068 -0.144559683274898 0.0807870738883879 -0.123439795708676
0.0555449134043303 -0.132258947574316 0.169404811537597 -0.0965552013784303
0.134225720522217 -0.114810343553005 0.261565352830084 -0.0063428969606824
0.203278858905982 -0.0207940201471426 0.272161721935233 0.164215310256305
0.194643901263677 0.122208707501979 0.0909827120193951 0.312091184430328
-0.0189474543138356 0.27107481753461 -0.118227231983121 0.204642357563563
-0.256237687502827 0.13292362279188 -0.11721286202928 -0.0506483470558949
-0.279677896731822 -0.0533475279210043 0.234303122671456 -0.031702718305244
-0.0724851435292517 -0.122768242352622 0.42272294480637 0.0878261949924345
-0.160639076831308 -0.0521885619869998 0.391428635599609 0.208452495637782
-0.118849328941033 0.0841328256280671 0.395985209790949 0.120534749144956
0.0272361586535268 0.110405446818307 0.302717670586459 -0.0477208600780245
0.0887677157891432 0.0311300365578905 0.200854216082717 -0.14328427763898
0.0870471068260422 -0.0242049849353493 0.111885117206039 -0.211458732770725
0.0455546439100022 -0.068923583739978 0.0665239428293566 -0.213373990332997
0.019156677233032 -0.0841151994515536 0.0966318395401025 -0.162552395943189
0.0244198871659385 -0.0807658265719784 0.184614740506677 -0.135365516539852
0.0761689350422302 -0.0782174855340321 0.27950304421093 -0.037265540591278
0.128774374127383 -0.021381523934476 0.302501705086569 0.144615426551595
0.129793490526079 0.0930856782044228 0.113264473103978 0.307299722946027
-0.0456512147422767 0.18581779073356 -0.0957661060586688 0.212323061913849
-0.194746402512093 0.033934705206705 -0.0928709989796756 -0.0299731333148339
-0.142274051832878 -0.105934939377048 0.280190288789798 0.00480254067888805
-0.0591754453465975 0.0903854849949541 -0.306634447681019 -0.103924037740726
0.0751719498780142 0.0346416047546626 0.0439798273773948 0.144939354487346
0.0543576695801776 -0.0532486858707018 0.224407319799769 -0.142857517346518
-0.044558062471961 -0.043000088670044 0.0360654099509023 -0.366297549688099
-0.0411711474338935 0.0229117940014126 -0.258392502433565 -0.297970404072371
-0.00529288320296575 0.0284452912595058 -0.328819800116153 -0.0595955313040986
0.0089305862550558 0.0256926524082739 -0.247044354337535 0.0863146072275041
0.0243949783992014 0.0131067213205893 -0.175984435664692 0.146625063248705
0.0203716846415695 0.00678938599388512 -0.146803112731166 0.189370950383999
0.0230147054676717 0.00745258373901948 -0.196008921537823 0.183371114467776
0.0129076751884244 0.0321193232411805 -0.259517700552181 0.0922682951122708
-0.00468068791385943 0.0188662130641402 -0.295293681977293 -0.0683995371794207
0.00571251427521963 0.0491386539813238 -0.322189942242178 -0.25096704319426
-0.0410826553663255 0.0776708290078941 -0.297285152406922 -0.364236998120603
-0.147086074322723 0.0445925268881457 -0.356355517578296 -0.297134810251757
-0.191268115123566 0.0220752666369862 -0.278071050077069 -0.111607948121579
-0.0520840123869501 0.0728009138524388 0.0590021414368599 0.162777371101537
0.00303477148022458 0.0412183449873648 0.26151113911972 -0.121501665982924
0.00355279906450643 0.0362552820957726 0.0758662961886681 -0.384806503837525
0.0396090387734812 0.0595033641948123 -0.239426721380596 -0.317536710459134
0.0765321610639035 0.0167434087513078 -0.314347801965347 -0.079407803931325
0.0690365406728851 -0.0211042090717535 -0.238177295801908 0.0705290560600141
0.0859419041692535 -0.0385375452943414 -0.157877781231965 0.13896470635864
0.0944859724113965 -0.0394702922093625 -0.111380984601863 0.191782792075308
0.140328911711117 0.00323207094585738 -0.14826522429881 0.213177939199811
0.118477344748704 0.111049281794448 -0.232952758828812 0.159273777590518
0.0191806360355025 0.156199586001089 -0.306841481626019 0.0118657526787919
-0.110951024554734 0.162203225483498 -0.344636613652154 -0.194894212553967
-0.225153706948666 0.083399798515013 -0.288370305115192 -0.319185787542832
-0.306756175723735 -0.0305503466932013 -0.291480057283128 -0.254718423987934
-0.298341293027923 -0.0688257403223745 -0.203174818210308 -0.0900397390425944
-0.196254558330556 0.0819992224436819 0.0924722534071172 0.20099994955405
-0.0796034696036257 0.135188922702985 0.321214568747242 -0.0683040315348934
0.0368461619435827 0.133858711411827 0.151394248763885 -0.381202311601031
0.119682040768225 0.105393026595375 -0.183920321808693 -0.332150461586805
0.159676976373722 0.011715015755647 -0.269176671120114 -0.109476636496227
0.126683769375434 -0.0614643005926528 -0.202105498201013 0.0337072754813827
0.135010423331734 -0.0849093765487429 -0.116684991005494 0.110010201780349
0.146000664941975 -0.0821294666778799 -0.0519039393794864 0.172040219998395
0.224848179971103 -0.0194834954335832 -0.062147757794963 0.22638193374418
0.216033520976859 0.140444867964941 -0.155733166967004 0.231081530140921
0.0859304507860111 0.245314695609438 -0.285273098028958 0.126753353701111
-0.152892359355503 0.278999888985812 -0.357730212307939 -0.102705572697527
-0.349985393095493 0.122547599208415 -0.271413160856265 -0.263890428880474
-0.4196478695651 -0.07226721999735 -0.190400555960325 -0.195445462423021
-0.358005956738339 -0.16301741739022 -0.0918955520615327 -0.035371694154768
-0.327544003077129 0.0531559866270844 0.140188065681093 0.250625293363963
-0.186066414639687 0.201384132935304 0.375897151328055 0.0174404153335927
0.0404091082816813 0.234449005403291 0.240567541825452 -0.330022111787337
0.181248728282949 0.15788640203079 -0.0912980391330802 -0.321255148103752
0.229225635216928 0.0163024226834379 -0.18825385201233 -0.13911344773464
0.173219082057694 -0.0912661674576931 -0.140148422556192 -0.0150973056307965
0.162920438716479 -0.121257670722486 -0.0582663455349754 0.0659881125232265
0.167406185397444 -0.113619004068816 0.0195915030189202 0.131484296762398
0.263432165340561 -0.0487826385112934 0.0398842281352782 0.211955949330069
0.278177306991425 0.127983923190272 -0.0487144368155088 0.274683795855921
0.157521250745591 0.272581194692652 -0.222979858231105 0.230495452263269
-0.138686512077719 0.355440015101049 -0.33745022620127 -0.00106237427398035
-0.401698688219966 0.159964938403388 -0.237384029955548 -0.212077603413763
-0.467560984949488 -0.0906263986647864 -0.0657953304172113 -0.133741210655485
-0.353768392162637 -0.235104168168961 0.0410075642312968 0.0464764661068357
-0.401901843595027 -0.0109063730982012 0.190143391463317 0.301647937375029
-0.280868103679317 0.211936990892112 0.401303453125593 0.120838962634289
0.0103539641457342 0.300138088575113 0.313292923538627 -0.226074302153419
0.203909313812113 0.197872155204911 0.0238796708731744 -0.270183072156076
0.263453200124229 0.026843151790993 -0.0784750765419047 -0.157080797350905
0.195721975428709 -0.105082970668996 -0.0591919688798966 -0.067216358151683
0.166694623833366 -0.139891661892861 0.00773300073642386 0.0124428043682791
0.16197437593842 -0.127911715669705 0.0911110170455983 0.0767460443674845
0.257343756675995 -0.0678450317194051 0.131488553475243 0.173965963587104
0.289074860081639 0.0998011555524875 0.0570504058130774 0.282285800099561
0.191212880396322 0.25605043756166 -0.143257684433781 0.294687128219726
-0.114800473249065 0.367454015269325 -0.287501585788952 0.0760460278827121
-0.39483649543483 0.156366670260594 -0.190443226552854 -0.169096463072708
-0.445298908537062 -0.105686168841122 0.0578987899724784 -0.0746166269352748
-0.284097375922223 -0.258619429665539 0.172852696619546 0.139765125085527
-0.38636507633024 -0.0810987333845961 0.234042444610069 0.342174148777059
-0.315214986830559 0.16445196584336 0.387790885704075 0.20872096751002
-0.0277541510057996 0.298473710963181 0.339881968768154 -0.0965529307151897
0.182511002949318 0.199939118586338 0.12964974552988 -0.185045095649238
0.248824586387213 0.0336034743033183 0.0374485249141838 -0.158827180470947
0.184709179201453 -0.0994993528206168 0.0266580894334984 -0.114099849408367
0.146552634298373 -0.137112487985664 0.0698508115051178 -0.0399138509750472
0.136799335091122 -0.124343121673574 0.150618623718511 0.0199510002892091
0.220073565270945 -0.0706954610474077 0.20107832695579 0.128494712148335
0.256607667214846 0.0735121290239294 0.138381803394136 0.268061994797694
0.179117938570204 0.222918752342431 -0.0749953076299419 0.318909260833975
-0.105869460963112 0.325642452757966 -0.232568539974363 0.119594644075194
-0.35217407356862 0.109193739508862 -0.140848146067438 -0.133732688921751
-0.366347132970178 -0.12539620112865 0.162359264582553 -0.0164827412249598
-0.164377439002929 -0.224769981950983 0.280842416139973 0.217159991365145
-0.284416829157674 -0.117988978700246 0.264337048186706 0.36234304412113
-0.262090633095373 0.0956269310104653 0.352738528392125 0.261971092700176
-0.0397895112760987 0.225784557723627 0.32670226628703 0.014149209783071
0.132108311332272 0.150351811216643 0.20504067023979 -0.101376844557123
0.18577214216647 0.0272627062631422 0.132430269996796 -0.153908458235655
0.139074831322905 -0.0786421066021109 0.0983032113936339 -0.150150528271601
0.104199088603305 -0.113108029377495 0.119393177581316 -0.0841547495817412
0.0988499336231453 -0.102782462578258 0.195424693019033 -0.0269114781676787
0.164707252676917 -0.0614614506702383 0.247388805988638 0.0910000188380039
0.199050027369679 0.0487754761235649 0.192472092186725 0.253066039328598
0.139988217574159 0.181512913509953 -0.0305906423977485 0.324838548730146
-0.107373343917671 0.252033991406469 -0.189459085525664 0.142355047844859
-0.286387110782312 0.0387880412209307 -0.101397881838573 -0.101057351055527
-0.244385521092646 -0.145312669077982 0.234001115289679 0.0453504077780354
-0.0181887636197637 -0.14538042820646 0.346575142287879 0.254422507631043
-0.125921781039352 -0.112249934163502 0.278064769043972 0.350346006119739
-0.138950317487211 0.0308955525378681 0.326894480803765 0.272112634217899
-0.0187360056301524 0.107717853005864 0.309814079399735 0.0722111590678472
0.0653975947191846 0.0620025092420837 0.246035533304977 -0.0592859766002665
0.0884246668356986 0.0102891570666936 0.183215378302645 -0.156966606887091
0.0668613822681035 -0.0454989571303337 0.139206016478595 -0.174494315490553
0.0475241441110295 -0.0708069280153583 0.148068766426817 -0.114382280375102
0.0517080765922859 -0.0670036573081255 0.221869684216164 -0.0575263650634716
0.0979678218221209 -0.048146686639764 0.274465829878908 0.0696363877286865
0.129298079245641 0.0229436203686014 0.225371450203479 0.245536209440095
0.0905243525519666 0.131323792390782 -0.0091775481532304 0.3277705325674
-0.102968437836758 0.161951645401374 -0.170595651211223 0.157330693662505
-0.19520199395299 -0.0327641651990114 -0.0809501547988059 -0.0710935035768728
-0.0963817314231193 -0.147743336583202 0.262121572345663 0.102733129675311
-0.0553570710979621 0.0940005062128121 -0.312722156571197 -0.0862910866116598
0.0759048822222959 0.0298920029652611 0.055629243237045 0.142372620870767
0.0511099241947389 -0.056820525095032 0.219040104563532 -0.155273878431459
-0.0468549990680618 -0.0397519234764446 0.0166041519589599 -0.368151895970359
-0.0398691202635629 0.0263716984485758 -0.279497008909047 -0.282796690872614
-0.00327442537787618 0.0281667123486923 -0.333715908898733 -0.0391821292485327
0.0114850716017164 0.0233916671764883 -0.240887258017916 0.100424553691014
0.0257299144410157 0.0105320152246725 -0.167108696732944 0.158440110223106
0.0218343494005217 0.00446623217765951 -0.134568113831378 0.199773867172886
0.0243754089198416 0.0061018397956001 -0.184871555950315 0.198151156562637
0.0162385426351057 0.0318866156348974 -0.256746853169055 0.10806873127844
-0.00421828879314532 0.0206002053434478 -0.303082073062679 -0.0567725779868538
0.00862980539697157 0.0484897762579539 -0.33987933165577 -0.234300176314078
-0.0381890052985987 0.0789626553720996 -0.316183946865572 -0.350989452912376
-0.147235789006167 0.0527179366292369 -0.374681160043642 -0.282352975264631
-0.192787382706484 0.0316791316317171 -0.2847528562225 -0.0963955916707988
-0.0493028288984051 0.0753157914352121 0.0717000833862174 0.159891140842262
0.00516555968456492 0.0413698347284458 0.258622920262664 -0.134967186486581
0.00527754894896515 0.0366286337419332 0.0546451566216976 -0.389310633768372
0.044022534553526 0.0577275740752509 -0.260664819183453 -0.303297515684646
0.0785680402558735 0.0111296849249913 -0.320920151894237 -0.06001045913719
0.0688758268240053 -0.0264609244815495 -0.233061153398007 0.0849348675874439
0.0842132696519517 -0.0457204770357457 -0.149131992382249 0.149421650672516
0.0932841343555959 -0.045937204221036 -0.0980986900523036 0.199233237330837
0.142640301471201 -0.00563965814119524 -0.134876267108994 0.224908515672542
0.127779408623201 0.104081460821754 -0.224609320941096 0.174336585590279
0.028169460768505 0.1573232453903 -0.308276456051062 0.0255257324236162
-0.102531822727611 0.169723778478059 -0.360595196088423 -0.177453143525158
-0.223861843848158 0.0949494144040691 -0.304993833490318 -0.306212071603961
-0.313456400283205 -0.0161649796355734 -0.308213681003038 -0.242351390993937
-0.306214997218756 -0.0543585599389266 -0.209275351167194 -0.0795197134670026
-0.193051677781623 0.0939642661704956 0.106894678611794 0.196237227266028
-0.0734828165203729 0.140967756279509 0.3214559991165 -0.083580905635548
0.0447693397215993 0.132936623303088 0.130091783774495 -0.389573928193152
0.127505962756721 0.0986910253332461 -0.204385724466194 -0.321821167850343
0.162250896383288 0.000767818261446299 -0.277728650971577 -0.0942728721727704
0.124592494918713 -0.0704162921906519 -0.199943981841459 0.0470498515876389
0.130633044882312 -0.0951233252534351 -0.109549345259227 0.117547577011425
0.141894770266167 -0.0910595154911255 -0.038704257736804 0.175243059784567
0.226471625757782 -0.0343386645137112 -0.0461446879981481 0.23192186083897
0.228516636377775 0.12711863041833 -0.142369159759893 0.243687123828031
0.100806360152894 0.242921211031105 -0.279470531738338 0.140720842888031
-0.138492590512482 0.291047593720917 -0.367086670932461 -0.0845812055727864
-0.347668120791937 0.142615185687005 -0.285142853507294 -0.251773545132037
-0.430058664310934 -0.0529693000783231 -0.202681287063898 -0.188187539431388
-0.37179336346244 -0.144880026067611 -0.0936663750273339 -0.0304884063899765
-0.327027573066656 0.072705281405948 0.156261941714862 0.243461248074767
-0.176578586553074 0.214087815781024 0.381530645993009 0.000983760354721824
0.0543803756805703 0.233436506699017 0.223497709764608 -0.34336124471242
0.19260536499686 0.146757309207495 -0.109829061225323 -0.315632637482555
0.231974800913423 0.00026154139548149 -0.19751944355967 -0.128552452695192
0.169391537378478 -0.10242045797684 -0.141500063597122 -0.00559282326343297
0.155826497722152 -0.132358334419117 -0.0537067919157243 0.0687389169861395
0.16201258036936 -0.123251114679627 0.0316936238222489 0.129686089950975
0.262792615103607 -0.0668176511241608 0.0552500507244962 0.210346719571774
0.289912228130308 0.110460164390651 -0.0302416357449933 0.281991715810502
0.174217113076359 0.265389603201369 -0.20879242914446 0.242669045902127
-0.11868094334043 0.367226166670486 -0.340042257937045 0.0161696378465865
-0.396599204423267 0.184148215278045 -0.249827152956945 -0.202773576570416
-0.47934131292164 -0.0694471983024483 -0.0756998935323211 -0.131715227741193
-0.370796692892596 -0.217489158116544 0.0447332421502376 0.0444227950047809
-0.404565077986012 0.0113434505743677 0.207692333403293 0.292447388127788
-0.272139803208522 0.230272931454755 0.411224610556373 0.102506637551377
0.0280786752153433 0.301782259253876 0.302190091355213 -0.242292880436063
0.217449317031851 0.186481340956182 0.0105559556969322 -0.269883325588563
0.267542781183786 0.00884550994626779 -0.0880968438902145 -0.153538127325103
0.190635310184045 -0.116846059911598 -0.0640392741728004 -0.0625902006111679
0.158257764404978 -0.151345601700014 0.00877375515486693 0.0114412785235079
0.1557382645676 -0.137863648696004 0.0991841528190629 0.0700686774829955
0.256017008774111 -0.084937510408137 0.144678894404287 0.166175042994534
0.298784687089207 0.0827027534560926 0.0767434933865601 0.282863080323163
0.207084718402568 0.247390106884129 -0.124864724694694 0.30214679238557
-0.0934291542993208 0.376470557883724 -0.285540018142497 0.0896482721730331
-0.390154423786865 0.180622346543258 -0.200537113483816 -0.162665665836038
-0.457977065861438 -0.0848275175082208 0.0525246484075039 -0.0787915220834935
-0.302983236516005 -0.244890025588667 0.182004669347846 0.131793193207124
-0.393347823021594 -0.0590942577014834 0.254142544129439 0.331529229210099
-0.307987275575508 0.184667350837357 0.402372526005273 0.192313340709628
-0.0105260387100629 0.301449941801675 0.33644630934183 -0.11260317693275
0.195573994957715 0.190178251450092 0.123032313215923 -0.19103873626409
0.252550823450561 0.0166862732623517 0.028634535767496 -0.162225502768381
0.180264326749319 -0.110946819416193 0.0187382918412245 -0.115209982258219
0.137227340992089 -0.146769377433738 0.0675907221112991 -0.0455923145668669
0.13072631707903 -0.131482010441775 0.154862737569404 0.00919999971944622
0.217180331608461 -0.0850022222294912 0.211302123532015 0.115764083750236
0.262902868721988 0.0573778151786131 0.157352653376912 0.263213969765721
0.192216463787729 0.213023504493925 -0.0544351220859545 0.323620767227149
-0.0863259016314203 0.333079727716229 -0.22732418954616 0.130877661317957
-0.350008267428453 0.130264007659363 -0.150103857736239 -0.129186601907153
-0.377750005935888 -0.108669021602919 0.160580871835856 -0.0252330499524525
-0.180269342468415 -0.216991205135154 0.294427028835613 0.204542675852397
-0.293269682668601 -0.102534647197105 0.282937572076664 0.350891706567634
-0.258032441112596 0.110901436689504 0.369647785318425 0.246290275299743
-0.0267963077096222 0.228862570355719 0.32990597455347 -0.000943307640200657
0.141436811871507 0.142601785554002 0.204207226238777 -0.111672313553143
0.188717289408912 0.0151359048469973 0.124433195306664 -0.163617632155164
0.135654783360887 -0.0876379730302058 0.0884183775257379 -0.156599747164255
0.0961464789580091 -0.120135873209114 0.114380107471457 -0.0927191650492926
0.0929131575039824 -0.108033369333305 0.196118056793751 -0.0405793717056617
0.162129247574178 -0.0724050042251198 0.255311616781357 0.0767289294408941
0.202761723051873 0.0373353684863624 0.21044037590851 0.245314588179998
0.150434808402033 0.173266548082477 -0.00971944433823038 0.32770670067341
-0.0925849522818552 0.258911587126951 -0.183168046994394 0.152009115555494
-0.287822798045125 0.0563557982182685 -0.109065846499 -0.0976975888925373
-0.255908899812464 -0.133406319916965 0.235237843946252 0.0325180217054575
-0.0283753337244691 -0.143937684507417 0.362780579913973 0.239215552024063
-0.132815291773745 -0.105244571954283 0.295013401709 0.338195589985344
-0.136585703092046 0.0382019260823008 0.343767701711249 0.257387472270737
-0.0125767593062144 0.10809333550468 0.316016427238734 0.0582481319540619
0.0687190822445681 0.0580935137358156 0.247943757122092 -0.0719047283048597
0.0892665254622296 0.00375455211976524 0.174997187948688 -0.169130826554883
0.0647520423064987 -0.0501174352758885 0.127618655093917 -0.183743502015533
0.0416130168195502 -0.0738765745839902 0.141729708104146 -0.124452118297164
0.0480526111224174 -0.0702758747919056 0.219751428892599 -0.0731795038487731
0.0956675656933168 -0.0551605847112879 0.280268139587305 0.0530621065776812
0.130559497408197 0.0155571366247154 0.24269420857868 0.234875571112502
0.0972813493100139 0.126241094858499 0.0101735609930466 0.329203132954383
-0.0933442655526563 0.167898243931918 -0.16309945623646 0.16622753401604
-0.199750314345387 -0.0207638136036003 -0.0872671333136057 -0.068135947241239
-0.105887598775257 -0.142257720016396 0.268073886528048 0.0886519561594763
-0.0498875371398208 0.0983048095373577 -0.32235248102006 -0.0653795946986779
0.0776551348252851 0.0247707393425193 0.0688926665170131 0.138424075623369
0.0476788439608209 -0.0613546258274126 0.212411577962933 -0.172523884210925
-0.0498864427834511 -0.0361477790682316 -0.00815920516931169 -0.372820949454782
-0.0374732031870953 0.0304022839421873 -0.305634395599152 -0.265003913485178
-0.000330003098406167 0.0283512822006927 -0.341733872739085 -0.0141594782746065
0.0140143531581907 0.021306068883821 -0.235713675660689 0.117418941175006
0.0271329555731256 0.00756166595123533 -0.156768306304485 0.172940992836497
0.0228746959677465 0.00235295443883621 -0.120201649363059 0.212250174334728
0.0260272929803742 0.00462315265814959 -0.171781449360456 0.215809842669173
0.0204279531177152 0.0312548597828664 -0.254512708223299 0.127823559628406
-0.00303947871156999 0.0225614318874903 -0.314573941146379 -0.0396584915330729
0.0115675091445651 0.0481848116238244 -0.362437670952583 -0.214899739315354
-0.0348663712166609 0.0811642090722463 -0.341547507163767 -0.336272114856084
-0.146664089681012 0.0630229969812635 -0.401285294355998 -0.264231512012169
-0.194857302432301 0.0452670533179729 -0.29465162714299 -0.0779440623728866
-0.0453890205628216 0.0795894815596468 0.08632724310412 0.155296568995567
0.00746951087577309 0.0420265110337928 0.254332440545432 -0.153503689444243
0.00828474539937977 0.0369339102198559 0.0284484413455439 -0.396556702371223
0.0496716657579065 0.055022305498126 -0.287458175806134 -0.286800183247852
0.0807915843561116 0.00475148387393401 -0.3293853863903 -0.0359612931756816
0.0687628498156827 -0.0330162790847994 -0.228527489490673 0.102857819004722
0.0817774891949228 -0.0538223631263064 -0.139090022347358 0.161951510358974
0.0913781865623843 -0.0538270786139934 -0.0822366241132019 0.209099709555351
0.14493950121995 -0.0173973883279323 -0.117717066671702 0.239299731569802
0.139295036700158 0.095811730804275 -0.215832189108751 0.194324879308106
0.0392223001730602 0.159119545030099 -0.31261965647691 0.043741999866624
-0.0927438221493559 0.179721340598722 -0.379620075626409 -0.156317099021251
-0.223293211086728 0.110834144070913 -0.328428789064266 -0.291320755487936
-0.322180781343641 0.00327038444598127 -0.329661585397819 -0.227471363215736
-0.31710006137307 -0.0341961475103411 -0.216926280165462 -0.0666261725919622
-0.189661796486235 0.108118298907921 0.123747189577127 0.189874710928205
-0.0652966574516143 0.148935360604217 0.323174076959592 -0.10409414178584
0.0549364294282212 0.13184056807172 0.104915542286128 -0.40195011232956
0.13750183175968 0.0906959188077427 -0.230794679009282 -0.308710443164657
0.164605346774927 -0.0125823061148538 -0.28790311780811 -0.0735142249676705
0.122016526342797 -0.0810465058914301 -0.197782247970647 0.0625287665856151
0.124647289946099 -0.106938397532903 -0.101140682911877 0.126279686720863
0.138343770751337 -0.102566988716123 -0.0229896152239832 0.179540583608268
0.22786694503762 -0.0531226543912862 -0.0277440761976972 0.239056721209665
0.243118479714655 0.1104559366485 -0.125368525749312 0.259007461906137
0.119869526848934 0.240294345975663 -0.274054756753513 0.158574770747175
-0.120228652144726 0.30545567962451 -0.379992919660119 -0.0614133196541165
-0.345707569627656 0.168880199563768 -0.304853186471388 -0.238935147751129
-0.443925020505653 -0.0275620035287836 -0.219817346174493 -0.178606058026168
-0.390711878667288 -0.121415012976377 -0.0972205206456236 -0.0254685249070011
-0.326431195520147 0.0963463585269557 0.175562346401033 0.236271643299424
-0.164998423163832 0.231340210169112 0.389558591461118 -0.0221196652258941
0.0714668480366829 0.233532807309358 0.203748307217226 -0.361160809330182
0.207189198240814 0.134682512865128 -0.13260446295564 -0.30954057822611
0.235234582175102 -0.0187495683570487 -0.209889953671247 -0.115034586697351
0.164720470935531 -0.116307567671341 -0.14367069018476 0.00569213588257483
0.147185371549474 -0.146710282126338 -0.0491031352315976 0.0725924800434832
0.155434807933335 -0.136627830402932 0.0446413513031548 0.127210953322576
0.262704571882327 -0.0886317981103989 0.073615253843826 0.209272176822923
0.304187828012559 0.0889593369369048 -0.00823979921211845 0.289673183969787
0.195923723692181 0.257172061299438 -0.194100983967423 0.257913677437742
-0.0943971288053895 0.381028872836787 -0.345413823886032 0.0378884660042799
-0.392470318267456 0.215266760598034 -0.266673821953947 -0.190879595906844
-0.495756702710448 -0.0404808281647492 -0.0871629220744165 -0.12926905927386
-0.394532872763261 -0.194177139543567 0.0486008339572426 0.041639724009825
-0.409407135398514 0.0404382171845262 0.230566538674743 0.281896896102624
-0.260149433763883 0.253508512518087 0.427292676083815 0.0800693569675018
0.0499293025796479 0.3045299246382 0.289805781182655 -0.263596304701098
0.235156269552635 0.172944114571696 -0.00622363707189594 -0.272239477558167
0.271827934658823 -0.0128134570133594 -0.100351707764069 -0.148584010173297
0.185466328613707 -0.132754729916644 -0.0702494440136029 -0.0576017195914712
0.147793609028347 -0.165157196327113 0.00983627570344689 0.00973811677340945
0.148756096583832 -0.149731612017116 0.107925855511891 0.0618008839139719
0.254011275905462 -0.10617313373429 0.160607507772709 0.157079039517523
0.310113719405545 0.0599868609861091 0.100937968720753 0.282798031312685
0.227358494534196 0.23590776911123 -0.103667465362165 0.312721809964173
-0.0674320482944179 0.388838075426518 -0.284933546803213 0.108704322191517
-0.386094183140813 0.211366696247542 -0.214945791453745 -0.153418001842905
-0.475476961200094 -0.0570733934936834 0.0461910359942379 -0.0836123219116211
-0.32737215801936 -0.226504533606449 0.193971214439038 0.121861336228477
-0.402715054851105 -0.0329680320246792 0.278006143869332 0.319550375358162
-0.300116260137488 0.209418543250033 0.423384822299784 0.171453258480659
0.0107578394496907 0.305981044891513 0.333243992863151 -0.13420415310671
0.212688033155274 0.177819677067452 0.114896445292581 -0.199918994597851
0.256641672148287 -0.00373555957494512 0.017658819153275 -0.167063826364917
0.174833003141141 -0.126335083746443 0.00979332615362915 -0.117218252909033
0.126425713822073 -0.15895187769893 0.0648438493516631 -0.0518297644335519
0.122632848481687 -0.141625390224933 0.159001111492978 -0.00406309570850827
0.21467532429055 -0.103450316250616 0.223950526941108 0.101392756702072
0.271505382071958 0.0379292483642537 0.182055902867687 0.257345302903499
0.209094011449746 0.201893415424467 -0.030457111355939 0.329754040019023
-0.0628246892503383 0.343625940087665 -0.222398767085935 0.145936096378025
-0.348048267342118 0.157865542124787 -0.162091310871424 -0.123032044926318
-0.39432242954253 -0.0851963810305924 0.15959486567341 -0.0361291311043958
-0.19999835382043 -0.205719566932031 0.312722082792112 0.189065404578113
-0.303493589325487 -0.0840175827235034 0.308405891181231 0.337472587103935
-0.253455643041048 0.130641351718737 0.392347289318165 0.226853673870547
-0.0103879266443613 0.23274647259385 0.334434021490812 -0.0200709438210643
0.153322649146343 0.134163283760052 0.203344067974929 -0.125456974449809
0.191646516439511 -0.00047510168087021 0.114554916488803 -0.174886621926641
0.13047360262671 -0.0990033557072992 0.0762944954531082 -0.164560915189566
0.0865406156556187 -0.128070267525741 0.108299698172006 -0.102842300323715
0.0868075523469762 -0.115308656222547 0.196404685970281 -0.0575660603648306
0.159280352100127 -0.0858008947484353 0.264386591145799 0.0584417142847316
0.207744992351522 0.0228505426885422 0.233980284733156 0.233961776875331
0.163218720688561 0.164382005120567 0.0142066365617976 0.331104838544182
-0.0740160416100551 0.26791143041823 -0.176022703534652 0.164691634048012
-0.28947013210923 0.0781906239581442 -0.118787523543176 -0.0934255639067642
-0.271254950907846 -0.117935599583439 0.239149276535683 0.0175784766460628
-0.040473870740611 -0.142656398929854 0.385070087004076 0.221030654323802
-0.142158391468675 -0.0974839190667433 0.320033989543349 0.326215906843549
-0.134948451234808 0.047044722763553 0.365714419964101 0.238695625784321
-0.00477566180844492 0.108229389042212 0.326804991194516 0.0406682132244342
0.0728418307551303 0.0534435496916469 0.250035672730562 -0.0896753486121023
0.0901755179837108 -0.00339915792380452 0.164580136275233 -0.184454081833446
0.0620335389032004 -0.0554942695686426 0.114461087052482 -0.195561648891364
0.0353044029656513 -0.0769879106495097 0.133786853539526 -0.137362538168337
0.0430898691541318 -0.0742479674904568 0.217369956930834 -0.0918185990035877
0.0927264964595656 -0.0634258097694701 0.288377256900891 0.0337245637602245
0.132553396161024 0.00680017917023182 0.265507194945984 0.221228436756941
0.10693631918422 0.120540859081358 0.0349071203070508 0.332278046457129
-0.0816506787837586 0.175459042727612 -0.154706691697105 0.17823017272384
-0.205451413385328 -0.00574508886117769 -0.0956149118203693 -0.0641467930504329
-0.118022842855276 -0.136695629315109 0.275678337480717 0.0715398958095959
-0.0413558837030845 0.102613438605192 -0.328148095818283 -0.0371918918095087
0.0788974210293376 0.0172375373451336 0.082679583073113 0.129983051341964
0.0417475572327744 -0.0660863836466882 0.197912373527519 -0.190999136870982
-0.0526403791751814 -0.0306087882927563 -0.0383291367526308 -0.371319808729999
-0.0336829902337283 0.0341969084141162 -0.33109547552735 -0.235540099845561
0.0027799062997921 0.0280502785574763 -0.341810374798342 0.0175911533782569
0.0158529287736175 0.0181875770926006 -0.223575681184743 0.137698088616845
0.0283418144349602 0.0039856268185212 -0.139454328250713 0.187196500211647
0.0236325488712035 -0.000677214000225773 -0.0980356882922946 0.223566537332092
0.0274797854487169 0.0024324365456721 -0.149443762841181 0.233619387769781
0.0240655322819763 0.0292445851471058 -0.244547058856593 0.150977369396766
-0.00116356005846004 0.0244644420278436 -0.321893836361969 -0.014060885634816
0.0153020147863922 0.0463116707411368 -0.38245701100286 -0.182769278812608
-0.0296978299600568 0.0832838772100604 -0.370257852572154 -0.308642290186052
-0.142124701903241 0.0764364095533458 -0.425681739182675 -0.232573312979551
-0.192858547406932 0.0624669593964654 -0.301746896168866 -0.052672955160667
-0.039104620563462 0.0832213039033947 0.101015626167679 0.145288064578736
0.0107969651882993 0.0413310844436574 0.243430716262399 -0.175317803266597
0.0118043041612478 0.0367738221486051 -0.00434186049984709 -0.39808235251498
0.0559828827336979 0.0505859011002144 -0.31277364072098 -0.258749818792567
0.0819364134349133 -0.00359976113758921 -0.331953341732282 -0.00481426191686456
0.0659458303967935 -0.0410625909010219 -0.216755335218061 0.122851544231965
0.0767685964017851 -0.0622812301105648 -0.122789978725326 0.174914340741051
0.087404131264892 -0.0630843688889286 -0.0599882260243183 0.216150741532709
0.144733952234608 -0.031935096441183 -0.0929074073538227 0.250767616617801
0.149626261745244 0.0817911830123321 -0.198821449847878 0.21511852783741
0.0536015512839774 0.157129792924224 -0.312214761860532 0.0686121124876664
-0.077560316596601 0.18810900772368 -0.394707426475847 -0.123340709287452
-0.215638156077778 0.12983223624053 -0.352331121278939 -0.265637910345356
-0.325011143215602 0.0307138845156194 -0.352161479521243 -0.201078712084445
-0.322522981661453 -0.00577247140493832 -0.223823293433466 -0.0487008166897579
-0.180406423726468 0.124631548952218 0.141311261287768 0.177544344426949
-0.0528091979051748 0.155443622904732 0.316618909905786 -0.130684358308183
0.0666354890244871 0.127029061816006 0.0712629716773578 -0.409329797551525
0.147161270668403 0.0774181378451372 -0.258280885265683 -0.28526913970616
0.164044202529638 -0.029019319530761 -0.294031940212497 -0.0466587046676876
0.114859567369 -0.0939298947028647 -0.191109733730201 0.0808420516694014
0.113649381141147 -0.119593492912424 -0.089115372737131 0.135482905878378
0.128488594646215 -0.115706522972433 -0.00354890447015632 0.179967787487177
0.223938313684689 -0.0760310045434112 -0.00256766334613651 0.242136433932177
0.255681647561386 0.087201378269317 -0.100637708341179 0.271992562074872
0.141458061485103 0.230732385445109 -0.261901129844285 0.181001531033204
-0.0926279908728026 0.317443060300443 -0.387703963202516 -0.0295075257939982
-0.333970166817584 0.200172393075607 -0.324807986797785 -0.214307628986438
-0.451265726974183 0.0105951867774925 -0.237364914433082 -0.160454320941429
-0.403306336787674 -0.0865009511005274 -0.10009015825764 -0.0182199268614589
-0.317884175017466 0.125398852991687 0.196678628567716 0.219252243123336
-0.145122138131535 0.246773639028142 0.390729753424659 -0.0532234908307802
0.0926814072126794 0.227367278237062 0.172394588848775 -0.375855790474428
0.221324622518185 0.114823843500767 -0.158359488963769 -0.295546406626598
0.233642784759372 -0.0422484322959631 -0.219629774383273 -0.0943611594297058
0.154478405025476 -0.132567878576808 -0.142622828214003 0.0199391077520597
0.132564264816457 -0.160695234950781 -0.0423076105223787 0.0770168364199244
0.143764888309359 -0.150561870692529 0.0584252313590178 0.120510364550862
0.254886645224575 -0.115494386793802 0.0956272428065718 0.201450410444159
0.31441227410868 0.0598533041754608 0.0208211937807729 0.292759538767682
0.220051239904758 0.239983634980746 -0.171572691749475 0.272276909720675
-0.0596230010004589 0.391188527753951 -0.344479694659271 0.0665182834595687
-0.376262542284315 0.250861809200218 -0.282919661000121 -0.170084075967315
-0.504832550307606 0.00194957597226708 -0.10043381908099 -0.122192733831978
-0.41476811595847 -0.158922264803684 0.0512521221911666 0.0372443418650628
-0.406240852772302 0.076685370149868 0.255003130889413 0.261663325302764
-0.23851238227863 0.278396406774961 0.436986371171875 0.0462996995633506
0.0776447543372386 0.299828424428967 0.267659836657029 -0.285827462553284
0.252201431404834 0.150857352533293 -0.0273219347415685 -0.270240993569732
0.270636615311191 -0.0401128642918065 -0.112957432550018 -0.139010645582024
0.173275819971902 -0.150812528635429 -0.0753047315660477 -0.0505339239581235
0.130982821331863 -0.179059014310831 0.010681956999259 0.00856135516403033
0.135223336794019 -0.162592685737937 0.11535919300006 0.0485949227490267
0.244437893697713 -0.131461595646387 0.177739633420027 0.141258503048176
0.317509582863475 0.0298551080160269 0.131071727805618 0.275654802481978
0.248352125024849 0.21492046340848 -0.0753938459416462 0.31908255746661
-0.0312357379715682 0.395349261871858 -0.277134786517487 0.131934136533373
-0.36874198116176 0.248307458855929 -0.229828941880863 -0.137478515207616
-0.485463958386316 -0.0168217953952229 0.0371897038971479 -0.0869914667400634
-0.349518268470417 -0.196229357990994 0.205007839519104 0.105458465605189
-0.406219863209422 0.00288430461207136 0.304362605832164 0.295602358527788
-0.281796481606037 0.236822833084767 0.440043741869168 0.136967900729002
0.0387044804524918 0.305433108284962 0.322439187674356 -0.159942508709562
0.229776541979685 0.157477173289937 0.101179730542647 -0.209117165958978
0.256837001283448 -0.0294160101823393 0.00381297520124677 -0.168864841852365
0.163206558042561 -0.142807114717764 -0.00197405879619876 -0.117159161377389
0.109918076330271 -0.170178091762927 0.0599970879985917 -0.0584693260562301
0.110082494612131 -0.152433827772686 0.15960962484876 -0.0218634919157948
0.205242585396303 -0.123956451363934 0.234804587659163 0.0799250655271791
0.275686858947688 0.0124156416755704 0.209270950646068 0.242047292097921
0.22694942459788 0.182965572897207 0.000891839697825421 0.331016634460671
-0.0306102583776927 0.348941258294974 -0.211659545397233 0.163803718732337
-0.335762314669027 0.190255272672963 -0.175594018151281 -0.110176586857535
-0.406212096482424 -0.0515637613092852 0.15524017616699 -0.0495024676594879
-0.220115687336492 -0.186880133673891 0.330473598965771 0.162995743656334
-0.311829246695493 -0.0562666049031161 0.336648236226504 0.312408529656153
-0.242519468588506 0.153414399824576 0.413767912219302 0.195417150584547
0.0099759431190889 0.233137424975854 0.334340163703564 -0.0460315296644522
0.166498086476313 0.119739109257148 0.196780825193204 -0.142435354759728
0.191112693480986 -0.0194917868288715 0.0993807432471806 -0.185822183808075
0.121665120063645 -0.111089283964701 0.0602726450489536 -0.170551607638872
0.0729683279463146 -0.135042277307188 0.0985118671070826 -0.112974050054515
0.0756909124278618 -0.122488355171421 0.191066582392775 -0.0780516631032777
0.150448455061756 -0.102203822128062 0.270810820968629 0.0334532024799072
0.20991158993645 0.00385007025133166 0.258559900185541 0.213750808539833
0.177718514822259 0.14917920518754 0.0450102154213392 0.327714932295825
-0.0492855439208386 0.274239022349044 -0.162846732002068 0.178952679972955
-0.283148108577191 0.105757927054721 -0.130130159210337 -0.0837523228063231
-0.284073154607695 -0.0943589422536369 0.239530717420926 -0.00330523073026488
-0.0535184204890115 -0.137152705909142 0.406261211249333 0.190352992700751
-0.151052505976536 -0.0840956962249388 0.346269789197438 0.299913241948961
-0.130785521501945 0.058858781295181 0.387162018874659 0.209323125728328
0.00470753264388103 0.107224306784101 0.331781239522453 0.0155871911129652
0.0771379926651852 0.0464919059368277 0.246306606919352 -0.112199286577809
0.0897364101308369 -0.0119998277053414 0.148505489314982 -0.200022142532321
0.056246359903998 -0.0613606678047694 0.094963716154495 -0.20570682623969
0.0265600467218808 -0.0795190780627621 0.120406348590902 -0.149295531358836
0.0359782477881264 -0.0777671251866233 0.208386858457903 -0.112682901906124
0.0861796196613628 -0.0727926702023168 0.291768950903762 0.00718309055008039
0.132253824439052 -0.00541013770876243 0.28801956260056 0.196905526313046
0.11767865818304 0.109942320850537 0.0644019175809953 0.328230967753174
-0.0649797926396329 0.182191651991193 -0.140722713083444 0.190318200852031
-0.20683611932938 0.0143260117662416 -0.104309630642928 -0.0558187777669808
-0.131442869794982 -0.124903851270201 0.281484392047431 0.0464845139842274
-0.0319513328998842 0.103296255613191 -0.321953321836947 -0.00761567345354495
0.0771541019756848 0.0100019991981476 0.0910825607816884 0.11646362304535
0.0344082772649657 -0.0681207273158674 0.175650239562614 -0.203608459945014
-0.0534431132628062 -0.0248803919890231 -0.0680073664794186 -0.357115312002762
-0.0282124369895021 0.0365002550749294 -0.342380337967124 -0.196085803265724
0.0059365198919602 0.0260858373000687 -0.329360935410918 0.0483427945821669
0.0164423935767706 0.0151252378820149 -0.203785895610495 0.151941535996248
0.0276969146725386 -0.000141871445269545 -0.11752830704209 0.194387023800641
0.0236586345538988 -0.00349540751384272 -0.072797426243736 0.224873745438207
0.0279921771121101 -0.000359320679815001 -0.12227776929327 0.240640973110816
0.0269618445122082 0.0264247030282668 -0.225360305835414 0.169849260200911
0.000900149269823593 0.0253930784369882 -0.31789987623733 0.0122382632910891
0.0181417397808958 0.0427076071404053 -0.388289614535946 -0.143398145565898
-0.0230121948537643 0.0825280520466398 -0.384760283127732 -0.270931418190683
-0.131933781285043 0.0862025221157402 -0.435592647788787 -0.191318358548014
-0.183034403300499 0.0774747570988041 -0.298736986599269 -0.0252746850881406
-0.0312772437383734 0.0842853260596627 0.110716701230038 0.130236544674249
0.0138679162430971 0.0388884457188559 0.222885520754942 -0.190736741887618
0.0150486876166636 0.0342471524555679 -0.037567710092764 -0.384569880667847
0.0598401381729474 0.0436437134531887 -0.325764013916677 -0.220637991529069
0.0792692278281749 -0.0121618333664575 -0.321095987496393 0.0259376475363185
0.0601582239861321 -0.0472833903475977 -0.197966961399135 0.138058379871034
0.0687922877904725 -0.0686079836837148 -0.101674503061586 0.180566661354534
0.0792847120220642 -0.0699722764635573 -0.0361564494283391 0.213110678468644
0.138240127695362 -0.0453356001409811 -0.0652508241324509 0.252364145366825
0.154910003597791 0.0648473768574903 -0.173366196878371 0.228629087801897
0.0667474989574198 0.149110021340284 -0.300261753940259 0.0918897314683088
-0.0593556888949716 0.189823239288943 -0.395750601954029 -0.0844762426830701
-0.200678766078338 0.144885648835205 -0.363569731490948 -0.229657194292725
-0.315382168472163 0.0573632169089257 -0.361269562801803 -0.165957728915585
-0.315468628574894 0.0233177163324971 -0.223133122808641 -0.0287877744171757
-0.164463887557317 0.13690472547069 0.152761237572052 0.158632618173597
-0.0370249548755632 0.156608205944124 0.298676202766068 -0.153602452180336
0.0763633149699457 0.117550005179541 0.0345799650367284 -0.401312301354898
0.151037951018748 0.0609195738120461 -0.2743775010214 -0.252336691909022
0.155984865957526 -0.0443964822619143 -0.288127076838538 -0.0175027612759791
0.103091751223353 -0.102569337698655 -0.176737334000655 0.0956639607651663
0.0990220642472903 -0.127464169882572 -0.0731260820812528 0.139349851115243
0.115339514991048 -0.124316457561658 0.0149309017050163 0.1723022199148
0.210929323161123 -0.0964904079216023 0.0220463808203316 0.234315056348198
0.258128067978087 0.060118181892192 -0.0720074281052345 0.274943455016742
0.159179882750023 0.212301527270721 -0.23987614886613 0.196278525727038
-0.0616081352609226 0.316976783931733 -0.380545272821824 0.00490878466105427
-0.309190556938969 0.224161464934525 -0.334371935055244 -0.18295439468353
-0.441351497717851 0.0491628348223619 -0.245871267822805 -0.136503603005233
-0.402026783326089 -0.0476001768753453 -0.101031245743464 -0.00918562080789346
-0.297977468624973 0.149136679401855 0.209425436414914 0.195749378941691
-0.11874827339587 0.254185635607395 0.377803184525829 -0.0845212276224933
0.110576283450127 0.21281558893735 0.135243990207 -0.377266268683567
0.226571521245641 0.09037081440752 -0.177549489878858 -0.270796545341534
0.223054656767641 -0.0643607542340812 -0.220504642158276 -0.071850123902379
0.138233242272129 -0.143592506446559 -0.135314658727518 0.0325827660340387
0.113484398899099 -0.168618458258851 -0.0335117455640417 0.0780658519127252
0.126544420651288 -0.159187161834239 0.069696863943713 0.108911197041743
0.237380301165533 -0.1369316784788 0.113586635006477 0.185683823294329
0.312194555741632 0.0267354536680351 0.0494552065061445 0.283510197086298
0.235638995093719 0.214658380940957 -0.143231942231483 0.278053256103592
-0.0224723566302127 0.385539772465537 -0.330550579243422 0.0936495129124706
-0.345869942334981 0.278664691569607 -0.291243025455644 -0.143248318503425
-0.494686743706528 0.0450069808883343 -0.109513044634041 -0.110319775369688
-0.418415401243533 -0.117045019824792 0.0514479791046108 0.0310704508879348
-0.38757478699538 0.109975269352467 0.269207429336371 0.232272778971909
-0.206658286147296 0.292750375178582 0.431705607748745 0.00878255069075424
0.101728905778063 0.284764971368145 0.234960428334249 -0.297469798026879
0.260045909123748 0.122324680064931 -0.046725447612297 -0.257779887226577
0.258592231308991 -0.0659318605757381 -0.121613405257732 -0.124946341533143
0.155270943047381 -0.162562552482675 -0.0774279696883074 -0.0414014473613908
0.110016032210007 -0.185114251597238 0.0109084001197528 0.00744964569640362
0.11756530917966 -0.169813690841082 0.116869952855539 0.0336664098948882
0.22493163210186 -0.151243707985092 0.187514224706462 0.119501290272582
0.311580742391963 -0.00170808220903071 0.155280965858299 0.256463930762707
0.261190907271 0.186385936311284 -0.0442530162596649 0.315128228476917
0.00639580004882188 0.387027663319998 -0.25909957995567 0.150792157262868
-0.337918106292325 0.274417519484888 -0.237083175558918 -0.115234905486698
-0.477051974504062 0.0253930707361921 0.0270836240758059 -0.0881225869885152
-0.357257993140502 -0.159334894596966 0.206807338376755 0.0853319018222257
-0.394572142873684 0.0385545070983234 0.320267609864258 0.262070524133171
-0.252413251364971 0.255640295093855 0.441101194811231 0.096379897318419
0.0644904856017133 0.29339612428981 0.300662670249004 -0.179607382990336
0.238854780313906 0.131417903995906 0.0837623699385413 -0.210178988737438
0.245357166848139 -0.0531648870239313 -0.0104251836666876 -0.164653245556891
0.14566140381775 -0.153734183279907 -0.0126905583699845 -0.112259150801484
0.0896773256623414 -0.173857086347319 0.05232327576706 -0.0613712395609469
0.093605661883346 -0.157578365215006 0.15292239578955 -0.0375996107218665
0.187513994249679 -0.140185853625943 0.23707109982203 0.0545865143064996
0.269383976511884 -0.0137232969260389 0.22879420971769 0.216061703855028
0.236696857512625 0.156287331295134 0.0304003707027096 0.319511314092947
0.0026407878263752 0.34052193616775 -0.192753798442978 0.176481200100152
-0.309891638743943 0.216773115376166 -0.182302537551418 -0.0932134071422043
-0.402170289909279 -0.0146330976908629 0.145202172847152 -0.0609064540170341
-0.230773546222559 -0.161095395279236 0.335622281288408 0.13267704268105
-0.308104177770303 -0.0276282547931337 0.352194766861234 0.276424109678936
-0.221217037843815 0.170564747690851 0.419974642662298 0.156155068826421
0.0299766452922483 0.225107017237787 0.322417581128046 -0.0694882926626384
0.172689564725675 0.100632432497702 0.182615643735722 -0.155545777349514
0.182923254723086 -0.0373536384235078 0.0807139907630959 -0.19023507457772
0.107777503205831 -0.119081118207816 0.0426923124978813 -0.170413431981499
0.0570868128341779 -0.1358111372988 0.0853010686912953 -0.118320862519335
0.0626820409490706 -0.125223476856209 0.176958060815631 -0.0945418537432555
0.136193528342062 -0.113226888084604 0.267657616225695 0.00700276090886542
0.204369315805841 -0.0158780472742826 0.273241093604812 0.183477961510279
0.18533314242842 0.127791640852085 0.0739799357032776 0.313638743038229
-0.0216694394291131 0.268605092623911 -0.144170184524945 0.186349421974257
-0.26614518965277 0.129658846977384 -0.135813588457745 -0.0703410605344418
-0.285848038347337 -0.0652585574458953 0.2306196092507 -0.0235732509853612
-0.0641483192782347 -0.12660031088998 0.412712790962398 0.152842995961122
-0.154641952020577 -0.0678883773409839 0.361156180566744 0.265311092496524
-0.12122795124719 0.0683364598687351 0.394269458632504 0.170650827384043
0.0129993638556638 0.102316837519281 0.325587953533414 -0.0108549296297434
0.0788592456771282 0.0380338442820302 0.233594186044579 -0.130962600977598
0.0855109071783976 -0.0197869552201182 0.126787505105961 -0.208175969861131
0.048625675320918 -0.0645851070858928 0.0723413274688416 -0.207461933961146
0.0178381718146869 -0.077875026353823 0.103657401247166 -0.155825783247192
0.0276097659267614 -0.0789110339930717 0.190797038027737 -0.129606405245866
0.0756059496253991 -0.0789984933027071 0.285189407609648 -0.0192145296937969
0.127523537029432 -0.0166352458021147 0.299200188270468 0.164414276232189
0.123079717531034 0.0954222665450894 0.0919217427466746 0.311976836082362
-0.0460300996419639 0.181165034716327 -0.120542471694851 0.195732060262698
-0.199369630351037 0.034103733200821 -0.108482945513706 -0.0449439466227906
-0.139142821308944 -0.108166696478196 0.275944769888496 0.0212195890938335
-0.016003733115573 0.106610978645447 -0.30495203698905 0.0333626027028645
0.0734593340869233 -0.000835128719240707 0.101069450099577 0.094763933073081
0.0204707442142356 -0.070923000418663 0.132486173962846 -0.216321522854873
-0.0533741586430313 -0.0165891649247286 -0.121670085620776 -0.323810644487896
-0.0199142190601178 0.0365679157687025 -0.35332667520295 -0.128430245012315
0.00930684872962553 0.0237810617124712 -0.302925009742786 0.0967437945897497
0.0171948707833545 0.0122387050107942 -0.1705363021884 0.174436089298273
0.0260033736064607 -0.00522881877933815 -0.0778537787911475 0.199788991303792
0.0227822277150535 -0.00828436625002166 -0.0322879708195273 0.220676597465089
0.0281628911518363 -0.00590774675285609 -0.0735936035851623 0.24462537049249
0.0331316229583737 0.0192326448051515 -0.18736896599203 0.19325891624988
0.00697002057855288 0.0272437928223028 -0.303204067210994 0.0608025672444447
0.0238635406146861 0.0400451543974801 -0.387526217817484 -0.0751740864050304
-0.010367988442562 0.0855055111932717 -0.401573661870389 -0.191467166944715
-0.109329597098283 0.106520516675229 -0.447992380872916 -0.11237874534811
-0.16646038263985 0.107389729837607 -0.272814029988324 0.0122620660499745
-0.0173131630804347 0.0838637113006239 0.125140420253805 0.10145191376817
0.0180713811983283 0.0326899718130233 0.181055578308281 -0.216693313954688
0.0185218449416771 0.0289197866424944 -0.0988685030868394 -0.357392781541489
0.0640935253490154 0.0298600096784044 -0.344479679194876 -0.15552488844779
0.0724190271561631 -0.0233979735463592 -0.301259933924961 0.0728440268482357
0.0480635965093758 -0.0519534940424648 -0.167615028307942 0.159088290786022
0.0533230813335577 -0.0759048200042246 -0.0656959910854874 0.183665780100793
0.0645317327684929 -0.0785599063819492 0.000239527769403416 0.202393774492121
0.122632903196585 -0.0654988281145419 -0.0168312345960338 0.242981417172915
0.158016979820845 0.0335156082452118 -0.126636693656733 0.23788297688879
0.0877413643414449 0.131841830993851 -0.269400069469382 0.133340744116175
-0.0230443024387616 0.189670080948012 -0.383722192218649 -0.0146050899254473
-0.164558592460914 0.169643332047329 -0.380866098073143 -0.149988373844258
-0.283701684838769 0.109117773832468 -0.37919670236705 -0.101301154441234
-0.303440885747116 0.0764516938936659 -0.189702062000727 -4.36329279157969E-05
-0.134740286594232 0.152794533980397 0.172361248630169 0.119452384000282
-0.011215369578696 0.15096290493725 0.26237966501417 -0.197729247204281
0.0881758479554701 0.0980997711567087 -0.0350477072658306 -0.388058958518908
0.152212952312879 0.0321688185014802 -0.302886180195716 -0.19751104643576
0.13963373468882 -0.065506162587816 -0.279384349869957 0.0254078912459723
0.0802849728165008 -0.110709456645971 -0.155750014756574 0.114178485343004
0.0724997001801671 -0.135423711138614 -0.0457305540419502 0.140010675572091
0.0894880873710966 -0.135726766200573 0.041144489477088 0.153704068891007
0.181096177817556 -0.125418749408044 0.0629127519891586 0.210066198274212
0.253130896732357 0.01069337192378 -0.0215741178359149 0.264256473889032
0.183803169150948 0.174507314848362 -0.192827149208318 0.220902162328183
-0.00295869857481315 0.308248363247306 -0.353232997654418 0.0705920585937779
-0.251801695979854 0.259027954298765 -0.349403353435685 -0.104029358331744
-0.401887716663614 0.119767647144456 -0.269523250515025 -0.090111788550725
-0.398072404196 0.0227838268580753 -0.0632669291334224 0.00374658041977409
-0.258683782093087 0.183407913945986 0.23614546114381 0.145246464947203
-0.0720034254895236 0.255577096778421 0.353854384421468 -0.149037834709082
0.133882236835357 0.182829685553846 0.063878920627624 -0.385372061611181
0.227503409539153 0.0486299465073882 -0.215429262896571 -0.233848302160374
0.198964356764352 -0.0941940320073231 -0.22555795686676 -0.0387260125462015
0.107308649910562 -0.15446858742661 -0.127514362396641 0.0473517666432354
0.0796262401869886 -0.175519289545496 -0.0186742681545329 0.0769349889948623
0.0947300488772844 -0.169916481406517 0.0822513034525313 0.0848244144525417
0.198542608387606 -0.166722072308867 0.140457540940848 0.147635148184861
0.297210391331982 -0.0289782059062311 0.09513808301855 0.251919133106976
0.254996591332013 0.163357365056003 -0.0868398285532492 0.280572713698584
0.0461770429744903 0.364628762793074 -0.289532906520234 0.147063817835909
-0.276895218979185 0.315585898785627 -0.303456567076511 -0.0697322021198492
-0.452031560741098 0.123923025886963 -0.136969354225939 -0.0867181656465944
-0.423779067750519 -0.042743078949027 0.0898037544902433 0.0243341401479195
-0.349262640675884 0.159059430992389 0.301090334106167 0.171954370339226
-0.148402282983928 0.30554265859053 0.422726277372706 -0.070533019457449
0.136105595700763 0.252629643623952 0.174328093725405 -0.328789467908766
0.263595746125649 0.0736569175993653 -0.0895652679573427 -0.245570156147219
0.23222528558672 -0.100632497726554 -0.140982095867376 -0.105284371466609
0.120113387231231 -0.174992996245569 -0.0839759277833385 -0.0325179508053181
0.0733459747982313 -0.190075363645728 0.0116374483516755 0.00340139965253079
0.0838397001972499 -0.178673260683301 0.11421444487411 0.00760785589554391
0.184514741624916 -0.177628985214693 0.197848662234277 0.0732403980538588
0.290599781941829 -0.0554549487081726 0.189678354381103 0.209493940833578
0.273478067161646 0.132210518247712 0.0138660874640793 0.299474062711961
0.0732931327567219 0.359189888313469 -0.213310782251372 0.18866610766838
-0.269571314590353 0.309812625456061 -0.248981413920075 -0.0516864023547693
-0.439092008570559 0.101611101792659 -0.00341817437094696 -0.0868372979631577
-0.371074509117999 -0.0935340205223164 0.242035138632738 0.0564267630678523
-0.365035138434049 0.0927384894196909 0.354421840603328 0.194566061667079
-0.197605682418875 0.277766773174306 0.447987262369543 0.0139009484810735
0.102407689596126 0.265051085988395 0.257559161321933 -0.227524304825429
0.244853912643191 0.0867298120355414 0.0432001933219646 -0.222242288134825
0.221686940563223 -0.0875393716848471 -0.0423916410195636 -0.160779429634968
0.112647991983772 -0.165895530505945 -0.0340522938852593 -0.110482703831875
0.0568466279304614 -0.175864105875202 0.0393639013821041 -0.0673164024648896
0.0627891529826807 -0.162594717079744 0.136070560200591 -0.0643631940041602
0.150028959510445 -0.160957470924798 0.233780891177482 0.00604291508472082
0.248170436444649 -0.0591269217133104 0.25226376059535 0.16098439269213
0.245003738352209 0.106699462794472 0.084269858818252 0.29215536766553
0.0628460057853795 0.315271304620316 -0.14743889103427 0.200666855847712
-0.252114755739453 0.251142391540489 -0.194187887254105 -0.0420812451812534
-0.3753435224489 0.0525794529189293 0.115178516752984 -0.0806557510170555
-0.246961885253982 -0.116460464357872 0.360301580392221 0.0838790172806518
-0.292543727428833 0.0186588184059569 0.384615302483583 0.207100337009847
-0.180526009900044 0.191985901810018 0.433921621778625 0.0757685349456367
0.0609162648602147 0.205549449868124 0.297630431832149 -0.125862632316916
0.177416847276305 0.068266698653922 0.147350363188585 -0.185199294286094
0.166191842217248 -0.0627409950914365 0.0419542250959695 -0.197582958110557
0.0819617325899894 -0.128417118556253 0.00975565359022554 -0.172927249021174
0.0317431102090977 -0.13498054011955 0.0609690471712176 -0.124936412166618
0.0386161794470042 -0.126973920308865 0.150136038722554 -0.119867343704052
0.106322280300808 -0.126781600043074 0.253753485390486 -0.0415793836529361
0.18578132739088 -0.0493208121724412 0.288820650964294 0.125492956357219
0.192409314135412 0.0876095355372322 0.12374206238434 0.282100936890622
0.0267192259095139 0.251826667472085 -0.102676489278835 0.202220663928655
-0.224931951781675 0.163037978569187 -0.14759683399821 -0.0309831414153644
-0.275040910784244 -0.0144248080193677 0.206245582836843 -0.0600417111475025
-0.0793550635810705 -0.11174289071919 0.422260437607419 0.0923171289787121
-0.153157809237174 -0.0408221778700897 0.387892432462603 0.19756321390318
-0.101505100018801 0.0807045243017997 0.407678258665034 0.0989013667120377
0.0266274368706901 0.0932363906642237 0.30970264060559 -0.0676310571452132
0.080057231395805 0.0243564286963705 0.200226725010979 -0.166425235565482
0.0765533448527347 -0.0320034584392303 0.0848334980783269 -0.219216988428514
0.0347683512615396 -0.0686721735775474 0.0341336669007288 -0.210554314696756
0.00397902244379732 -0.0740493507073784 0.0717462266831805 -0.162520558649229
0.0121737557009436 -0.0780858761265855 0.157911508158669 -0.152382262397886
0.0551301667847222 -0.0852884301848647 0.265671952297996 -0.0672403774813935
0.114309074473184 -0.0374380532889166 0.308884704527185 0.105649985692426
0.129514288077714 0.0666023116092396 0.139882473801125 0.279104655595746
-0.0103393286649614 0.174194392565891 -0.0814443737109508 0.206936430766867
-0.177401154276049 0.0654836252287368 -0.117491177508783 -0.0169334359898408
-0.145256648174067 -0.0779887017490705 0.259633658848863 -0.0267644095605658
-0.0125415698086526 0.102135178974699 -0.290188133987302 0.040161562557402
0.0689593364781289 -0.00244176499462303 0.0972629577017574 0.0871340091622702
0.0164916101637235 -0.0688273933030607 0.120815277235133 -0.209810381338684
-0.0516816804969652 -0.0141945421722061 -0.123488963154988 -0.306585968726844
-0.0171746053710449 0.0356211150247936 -0.340442702460511 -0.111340457989799
0.00993018348244683 0.0216485469265742 -0.285265626216733 0.101161123668662
0.0165091707004008 0.0106731538623122 -0.157433729374705 0.168860330304281
0.0244687523973302 -0.00667264380368403 -0.0675523154566883 0.191867379557178
0.0216897706010589 -0.00932591122073493 -0.0232508586073243 0.210164926367
0.0279125021376968 -0.00698709781894973 -0.0617454548897662 0.234995767324487
0.0332412492477776 0.0171213200501283 -0.174436071356454 0.190710219171044
0.00786093511930588 0.0274358129926864 -0.290466902235845 0.0657500176865428
0.0224900872864997 0.0371148726343563 -0.370786021568249 -0.0606706046963474
-0.00857427239580138 0.0812135052675649 -0.387873573339941 -0.175215705347243
-0.101566923271147 0.103380511156522 -0.432346049700139 -0.0967782358051377
-0.15677624092224 0.108414037186132 -0.260826236364082 0.0194907365685218
-0.0147592563032091 0.0805407425532806 0.119890251245313 0.0928331983095103
0.0175931126939188 0.0302275453103815 0.167782158200504 -0.211539186208262
0.0181884980651939 0.0269608711500261 -0.102865751815493 -0.337758902563657
0.062775333909636 0.0261151822356766 -0.332321210236684 -0.138414473476299
0.0689774216463522 -0.0250973519691023 -0.284194405090337 0.0782611088528501
0.0438746535278561 -0.051973826631767 -0.155336529700428 0.155191640632586
0.0481238047820833 -0.0751147207568283 -0.0562706573869371 0.176324236954623
0.059513431733874 -0.0781965187866331 0.00702347509067055 0.190608879801933
0.115290060505772 -0.068252805419164 -0.00676998105448118 0.231767603860831
0.152743028132709 0.0259071131620129 -0.112820440845864 0.232296756271402
0.0877992365161743 0.124356142292755 -0.255859036648053 0.133818828318217
-0.0177097430663187 0.181768700813766 -0.365901933145455 -0.00399917019889763
-0.153631331385612 0.166959941016292 -0.367482549156889 -0.13572395339626
-0.269316738425444 0.110869808634427 -0.365948531774053 -0.0875580081085587
-0.288414577296603 0.0821079535580429 -0.183054433935902 0.00581657603875164
-0.124511210695998 0.14922679833148 0.165924966379888 0.108521745808937
-0.00638535844090193 0.143905688517782 0.246782838662872 -0.195565175843879
0.0862550664694835 0.0906998653326234 -0.0419686530827341 -0.367778288590977
0.146800418134189 0.0251004339748745 -0.29263010562067 -0.17925979214732
0.130772504226291 -0.0678689183217412 -0.265105290317008 0.0315525475281959
0.0729177868727717 -0.10875104348456 -0.144150767193272 0.112560626227089
0.0646874864192426 -0.131487648896501 -0.0380581398424211 0.134494136412167
0.0814666550898728 -0.132805106452065 0.04502432729568 0.14303356968162
0.168798529549089 -0.126329799769227 0.0680917927633771 0.196971346114694
0.24254000100729 -4.53369387059285E-05 -0.0110729090062703 0.253677843382265
0.181445203829041 0.161408832500923 -0.180221388636337 0.215358020801037
0.00560049425694231 0.295389303648089 -0.336158689573173 0.0772171684670597
-0.234881956462879 0.255737372614064 -0.336740107242362 -0.0922119545399348
-0.383103708564024 0.124848357404037 -0.261160087072223 -0.0802442655842713
-0.380210274019689 0.0330189461875285 -0.0624794902258994 0.00592327066740021
-0.241809171345874 0.181578104923594 0.227078264357808 0.13159107921306
-0.0614886654492768 0.245612915102666 0.334426428545428 -0.150486684080694
0.132798800810479 0.170090948409227 0.0537810957693162 -0.367265761568166
0.218880917369802 0.0382937516825899 -0.208533941184004 -0.216194507559718
0.186336303566979 -0.0976031046245129 -0.215589106656067 -0.0308994048572764
0.097192690089474 -0.151286255225264 -0.119421144063861 0.0487425836193016
0.0695579159662609 -0.16998881590098 -0.0142619552982185 0.0737132020461973
0.0857347698040594 -0.165620431739027 0.080668870399624 0.0756488014245138
0.18381531900755 -0.167025022578396 0.140051940814401 0.134340502404698
0.28374952226 -0.0395618848963264 0.101052667197554 0.237868757235008
0.248909630420894 0.147569079248867 -0.0757027619259715 0.269211666439994
0.0550404102217393 0.347058340903734 -0.27460226392666 0.146554246962453
-0.255947723952157 0.310083266393826 -0.293138853413509 -0.0601160111242265
-0.431335303975508 0.13031155160854 -0.134761636916138 -0.0788129617268047
-0.406611663006395 -0.0280669171243161 0.084622391556666 0.0220253937074517
-0.328786611086807 0.160977413231996 0.289316242122215 0.155831193723813
-0.132435602567007 0.295153945658377 0.403291796919678 -0.0774907506438677
0.13813181806344 0.236431162576766 0.161106460030554 -0.315138171583631
0.25411484800155 0.0611990640533613 -0.0889775370265731 -0.23186048422864
0.217753068118432 -0.104384394676407 -0.137085228436944 -0.0972965171680228
0.108690105507689 -0.171552102288886 -0.0811458280164389 -0.0278432620114357
0.0638277192513581 -0.182770377929437 0.0118257224528644 0.00292970427412382
0.0750731264467229 -0.173330577834863 0.109086266526367 0.00107697764741281
0.170173194799302 -0.176161320472938 0.192296194134422 0.0620107527402096
0.276618250547948 -0.0639692537874687 0.190225634193879 0.193556139491854
0.264965576385823 0.117561139721297 0.0209597287826436 0.2834524718129
0.081084615226331 0.340325035422516 -0.200808990862307 0.184856532669376
-0.249193119268859 0.305382891279376 -0.24106003700084 -0.0430137728435743
-0.418579300642418 0.110816301800289 -0.00698423438007245 -0.0823354240054705
-0.357324613523238 -0.0787056555026543 0.231399480562809 0.0487138838552558
-0.346307307491969 0.0987483491741181 0.341356640474938 0.177439264321896
-0.179939463062798 0.270192660144654 0.428893010145133 0.00171001668380641
0.10514625092631 0.249748296267682 0.242173402170533 -0.220646680321479
0.236031344659527 0.0743822227368042 0.0394440881981575 -0.214386690432705
0.208365780109687 -0.0910232294383009 -0.0447285785048046 -0.153261840493056
0.102164053933843 -0.162241989692132 -0.0356482524736425 -0.10403484953963
0.048260160753868 -0.168384547668029 0.0365345452377663 -0.0658994453206025
0.0554025482650091 -0.157046464307922 0.127391355684206 -0.0672093425679283
0.138006055577065 -0.158077365324704 0.223355574493282 -0.00315268094877427
0.235293136907858 -0.0656775021168917 0.248460311508451 0.145165172448188
0.236353592024327 0.0934755312772871 0.0890390435907841 0.275231298578254
0.0687559464461628 0.29749921200746 -0.137351141727894 0.19462510700151
-0.23320944119678 0.248056912246686 -0.188367800602101 -0.0342212269273941
-0.358262825114961 0.0607309353563212 0.106726046791087 -0.0794423781662503
-0.238659604380537 -0.104142049417629 0.346571715387158 0.0732459440516312
-0.278913085861291 0.0263442942135907 0.371623601007156 0.188581687489971
-0.166601040092539 0.187749513599392 0.417345477388505 0.0623238298
0.0632872547660095 0.193620882569992 0.28342208883292 -0.124518003079136
0.170892215387778 0.0589618598414819 0.138807377784422 -0.181752470039912
0.15600293778037 -0.0660816896459276 0.0341853033070582 -0.190443600867622
0.0739912936186316 -0.125212793333489 0.00358559973631258 -0.164222495530692
0.0254693009658007 -0.127812430481886 0.0549505186509823 -0.121807533471761
0.0326605294355394 -0.122183658590668 0.138944994051853 -0.119786347453941
0.0967664658341177 -0.124403177935837 0.240848139447214 -0.0485269995609359
0.175909571940935 -0.0533013800911735 0.281670173782595 0.110009877600485
0.184511438922754 0.076956988211015 0.125670992909793 0.264061349745077
0.0332355758867369 0.237422702874558 -0.0949135638974366 0.195069438364277
-0.208946471785135 0.163533796197083 -0.143316923213607 -0.0248059544497655
-0.263569222638636 -0.00457569236669998 0.194078648028524 -0.0630879628046799
-0.0789454598533749 -0.10374001839822 0.407491189850389 0.0796086451929552
-0.147421022411539 -0.0334601663449937 0.374605320211231 0.180240002705242
-0.0937369894226158 0.0789720543817489 0.391520426112626 0.0834908189842324
0.0271590010722398 0.0873028784995317 0.296920458433361 -0.0705539909980531
0.0762114661950091 0.0198843735165644 0.188644834322608 -0.165991005806086
0.0721064714326789 -0.0331938823562827 0.0744676755592868 -0.211935468055761
0.030430543231558 -0.0661772525106139 0.0251230837576239 -0.200867998011913
0.000608783947493458 -0.0693535495918593 0.0642063822808943 -0.157331065499953
0.00842700776810152 -0.074293810292965 0.145438304025442 -0.150631644557888
0.0482222027278166 -0.082705072199598 0.251683892920818 -0.073039815675996
0.107587886997059 -0.0390459259385001 0.298602620473798 0.0899233995551055
0.123922470290189 0.0587137624232253 0.141230373246803 0.261366017642166
-0.00433448000607051 0.164371864076673 -0.0742006274200834 0.198670784100235
-0.16594983736476 0.0684835221524843 -0.113417013063945 -0.0118689351447681
-0.140138702071884 -0.0683617523258949 0.245873391429824 -0.0333464020432833
-0.0120694716016056 0.101318777919489 -0.2844514806976 0.0410559596544707
0.0667652990745027 -0.00239201833669159 0.093951697892838 0.085352751942401
0.0150823120147766 -0.0669449938506134 0.118355728448797 -0.205066563696869
-0.0507162761525095 -0.0131967225344864 -0.120186513440568 -0.302429677173464
-0.0155134549094583 0.0349576302884738 -0.334043308353782 -0.106298246527558
0.0102895207392663 0.0204505183562708 -0.27945780583931 0.101157098905876
0.0156942255633746 0.00988212939935097 -0.15414430903157 0.164805747394204
0.023715094676859 -0.00787331644976294 -0.0648891068026918 0.187610781469648
0.0222003045857923 -0.0102405924606408 -0.0214213816680926 0.204639130209888
0.0283426350241344 -0.0077923239757052 -0.057884491979518 0.229593369343573
0.0335570779017016 0.0156279393808731 -0.17057021762969 0.188384811377997
0.00875261445643262 0.0283854184579558 -0.286627556568777 0.0660652134511465
0.0209872539818018 0.0362455256207189 -0.363369765214864 -0.0589902386558168
-0.00829975063010117 0.0790024553719307 -0.379386222591637 -0.173940092297746
-0.0996925498434854 0.101333358121395 -0.425899712168048 -0.0947548653509229
-0.153695745685206 0.107141963734798 -0.257071557973287 0.0202974949057424
-0.0145217852915716 0.0788623985246395 0.115645014294399 0.0908749218737627
0.016693345291129 0.0294406340697251 0.164706365338387 -0.20671024986589
0.0173974578548146 0.0263616931975826 -0.0994099842171845 -0.331271193930184
0.0623575296265046 0.0246383848300399 -0.325166150845958 -0.132771721445712
0.0666133791228392 -0.0261788631015181 -0.277304597425538 0.0786981172108444
0.0424302412442697 -0.0518004596646746 -0.151180660313946 0.151148482486457
0.0459703396511016 -0.0743943135146648 -0.0529335356770351 0.172044943204894
0.0589007298523892 -0.0773778003095701 0.0087173926366667 0.184383717037518
0.113448247500691 -0.0684705843791875 -0.00354286186938054 0.225767936071854
0.15081681506221 0.0231072966094278 -0.108474962479977 0.228533422546239
0.0874884521032648 0.122702772175666 -0.25227550441233 0.132447673795748
-0.017687729558199 0.178824387209841 -0.360336866000341 -0.00213713121481267
-0.150856113823211 0.16424496222549 -0.360248428550223 -0.134312083740474
-0.26505862782863 0.109345105955151 -0.360445761911093 -0.085673170864865
-0.282735708270759 0.0823135989064288 -0.18182575511413 0.0072112779380158
-0.121912907060822 0.146389182423839 0.160331942609824 0.105960772382855
-0.00565199519454019 0.140786154761596 0.242849625191969 -0.191765096132095
0.0843539029492111 0.0878851133491243 -0.0393479476890982 -0.35932915302636
0.14433003867154 0.022741369797465 -0.286093098843887 -0.173280281923688
0.127819952363657 -0.0684033577285956 -0.258958592805341 0.0323280930394034
0.0706869176804603 -0.10768021566376 -0.14024444829507 0.110261079533417
0.0614919549876748 -0.130051789446546 -0.0353304816833415 0.130894869242348
0.0801398361645441 -0.130559185151183 0.0453767376231808 0.137423285499232
0.165084189628227 -0.126951892308356 0.0699081606150463 0.190653993474458
0.238546077809159 -0.00356926456933105 -0.00663359861349232 0.248336413061535
0.179196121793254 0.157876995092953 -0.178078876791711 0.210935024188431
0.0060435161588722 0.289429870120679 -0.330803755337371 0.0753248168235796
-0.230399586237294 0.252600082239895 -0.331234679746476 -0.0917903034275248
-0.378726107692996 0.123635929014762 -0.257953474769766 -0.0781974696357272
-0.373461669563008 0.0345462601064267 -0.063420723190583 0.00725239799471572
-0.237106808254356 0.178946663864711 0.219629094153953 0.127892225884946
-0.059229240756458 0.240926225921682 0.329849619660774 -0.147969502668972
0.13140387620437 0.165546618751268 0.0537806662999804 -0.357883112423869
0.215398309051342 0.0345978432298215 -0.20360670277102 -0.211205562810147
0.181404016276903 -0.0977899472793845 -0.210874834567083 -0.0292318774344046
0.0935670994386584 -0.14987822237669 -0.115983001762454 0.0485100222359601
0.0662684269668673 -0.166733487266809 -0.0125934494879842 0.0713631049148626
0.0838064620946237 -0.163055516380413 0.0802333397079888 0.0712015109290518
0.179098633067574 -0.166727469691683 0.139445766546803 0.128403512080222
0.278558231475708 -0.043063701414875 0.103332790277303 0.231627849613006
0.245029457858344 0.142897181039073 -0.0742841566261546 0.263065856768479
0.0560815427724906 0.339575085750308 -0.270565190426779 0.144540279094206
-0.251418162271908 0.307547425389964 -0.289133040538745 -0.0596902343279145
-0.425360476466592 0.130015369398335 -0.133975774998992 -0.0769629106855047
-0.399350076746025 -0.0264641241490167 0.0809604604408539 0.023210362211326
-0.322709485917444 0.159362990880878 0.28180356528768 0.152309630401793
-0.128480180225777 0.289991568089842 0.397046117996151 -0.0759199188463176
0.13621914510694 0.230696294968002 0.15962596654089 -0.306743365832033
0.249931743726194 0.0569598994013017 -0.0850739732995543 -0.227380965822235
0.212353143241754 -0.105485806827245 -0.134554053265556 -0.094897158587825
0.10531285488757 -0.169567634011585 -0.0791035606002036 -0.0264045160661593
0.0602231793845681 -0.179193419202542 0.0118546397861345 0.00157432924747372
0.0733319529269476 -0.170355148199228 0.106697800140839 -0.0020631247128461
0.16512172533746 -0.175355051437016 0.189928647689202 0.056843632454931
0.270787052800466 -0.0667591145440141 0.191232313974733 0.187580149480211
0.259897049269706 0.112381317042106 0.0208536515270917 0.276333637625184
0.081451217654736 0.33266274773667 -0.198749904641717 0.180876954469983
-0.243920420926745 0.302506457953771 -0.238351873762559 -0.0423946337651976
-0.41269747737659 0.110228477975485 -0.00855616911611286 -0.0807906358520976
-0.351127961448428 -0.0764000575087943 0.226289865695328 0.0492224501352228
-0.339602789314146 0.0980736279434463 0.332189491664228 0.172601881146053
-0.174963730851287 0.265192261251909 0.422258709871777 0.00142487013911644
0.104118308916032 0.243312379857843 0.240531132219905 -0.214678924090424
0.231967178082874 0.0696336269006813 0.0408482817902285 -0.211023619772916
0.203531413764312 -0.0916903841166754 -0.0446332806070249 -0.150537889355846
0.0976105156545536 -0.160083257813199 -0.0362433718704961 -0.100660962681689
0.0449732527374688 -0.163934188972776 0.035335761582071 -0.0655772389554094
0.0537122842104776 -0.154120114963148 0.124093810632348 -0.0682983175166797
0.134059275009593 -0.156758705234679 0.220077843071573 -0.00653978066382925
0.230512972053207 -0.0670741007413676 0.247065692725627 0.139514968782481
0.231317774066743 0.0899091216086526 0.0877923347407902 0.268641707623497
0.0696778337071429 0.289666797451105 -0.137120349995396 0.190606957761911
-0.227658552214591 0.246019683855982 -0.186738725840297 -0.0329540857791159
-0.352530202020467 0.0629111239014366 0.103041507150558 -0.078048287440932
-0.234891293443042 -0.101167513022168 0.340752824911286 0.0721361197826382
-0.274032231407416 0.0275150220801092 0.361821252379817 0.18422045132001
-0.161615057942434 0.18401167031083 0.4090221432942 0.0604344648252054
0.0627045602009792 0.188826781318854 0.280756686771722 -0.120570588040425
0.167773523457404 0.0557393455297169 0.138924797833031 -0.180306741471063
0.152427127080483 -0.0660048563978589 0.0326117021387045 -0.187992995923763
0.0705107015429563 -0.122755965560557 0.00226994695839048 -0.160134510913064
0.023379154992869 -0.124119614417648 0.0531130153650082 -0.120377434078604
0.0310447215287915 -0.119548318533334 0.134522573704266 -0.119312938577198
0.0929455293139363 -0.122162378758225 0.236855860704647 -0.0503705611091408
0.17213755195225 -0.0535664495232934 0.2787521558809 0.1042242298993
0.179620672531447 0.073915636552591 0.12420147805183 0.257486772282842
0.0337383319395013 0.230029868120116 -0.094552676824989 0.191062262236806
-0.20356379440005 0.162350289614358 -0.142037308892929 -0.0229369223757036
-0.258158320526213 -0.0017928318995721 0.188878951924648 -0.0625731470030379
-0.0776486094414211 -0.100661612508919 0.401492942021579 0.0774306065896949
-0.144733295701396 -0.0308919624977896 0.367200199305855 0.177719750045288
-0.0905012081383084 0.0769463288588417 0.385080556941179 0.082357712541743
0.0265133428562377 0.0844834677307206 0.293387620255812 -0.0681597389323176
0.0744176725155563 0.0184822569859799 0.187058477981234 -0.165799478918873
0.0705034956025759 -0.0331507621706483 0.0723905380183192 -0.208827766383107
0.0288590471087112 -0.0643827693326252 0.0222203837427713 -0.196290333145364
0.000137522199876105 -0.0658635318556938 0.0619366723256354 -0.154800559574055
0.00712038264703804 -0.0722157969732853 0.140671754098805 -0.148709678732026
0.0459274961176791 -0.0807230362111571 0.246752943007178 -0.0742738427602694
0.10510165971933 -0.0387524014160426 0.294179408631835 0.0856196116972283
0.12057775161863 0.0559519597754529 0.139284047051782 0.255383382539632
-0.00402237992099919 0.159198346687078 -0.07432240779567 0.194151286227008
-0.161303950943293 0.0687189742469251 -0.112040358520809 -0.0106404571494266
-0.136241490880046 -0.0646933064551652 0.239548098432213 -0.0331004671379205
-0.0116810686373436 0.103207338201299 -0.290464569424664 0.0425046098250224
0.0675673986181107 -0.00180528355771538 0.0945342246446551 0.0877139049979971
0.0136135995117254 -0.0675830938039279 0.119182801730563 -0.206829445552792
-0.0517050278048577 -0.0120891348688522 -0.122249682581949 -0.308445332026378
-0.0140913905694975 0.0351988393528736 -0.340012622051648 -0.104624058278682
0.010352580206645 0.0195171204562213 -0.282689948743872 0.104585991255806
0.0161036202350259 0.00988933370624716 -0.156825824768554 0.166318138263795
0.0235928169592289 -0.00914920381996318 -0.0640686230710252 0.189839136373999
0.0231263336937688 -0.0116055248261443 -0.0202601215614739 0.206752840691979
0.0296546566622758 -0.00861133298164674 -0.0560341862488731 0.232912429430272
0.0350732688866905 0.0151304912772694 -0.172818158282648 0.191896785340778
0.00954917137921699 0.0295610735355621 -0.293008779212147 0.0674424433745619
0.0199971489225336 0.0373938168403651 -0.368371511555825 -0.0594506246687219
-0.00907322213441886 0.0795522298703475 -0.38576524493179 -0.178371450254693
-0.101313416894513 0.103163040460074 -0.434033611861246 -0.0968190577600613
-0.155182148583543 0.110421701889012 -0.262848958870847 0.0222054559786903
-0.0150445729628391 0.0806127294520442 0.115644666888632 0.0922140308685264
0.0163142162634038 0.0301406400964276 0.168114250135361 -0.209385194422083
0.0171535230692704 0.0270126697704203 -0.100849105235415 -0.336654324631084
0.0647533616055045 0.0241565689866702 -0.330577849753669 -0.132324205316488
0.0676037637147896 -0.0281745162221636 -0.281716392522292 0.0812312149077735
0.0423789777144261 -0.0532513103704652 -0.152476437456465 0.152547232180038
0.0459250165308166 -0.0765881390628466 -0.0519667195128012 0.17361419510311
0.0601240880058742 -0.0798203304413176 0.0094135062332795 0.185361988877077
0.114797920805432 -0.0715809824869117 -0.000686646369889512 0.227669818909957
0.154376446404026 0.0208058992564647 -0.108853996698097 0.233304556401043
0.0905624443920353 0.124949840059547 -0.258640678110593 0.135222877482624
-0.0182109421501191 0.182163092620588 -0.365463310997038 -0.00199174903190321
-0.15373932348391 0.167638197803494 -0.367625253918556 -0.138838642337946
-0.270399565642808 0.111619851103691 -0.368685427186961 -0.0874156159518585
-0.287722557422392 0.0862449358132693 -0.186822612080346 0.00862001620259961
-0.123920477202324 0.149823316041195 0.159968227470009 0.107687870341046
-0.00573123979397555 0.143101069223549 0.247007413214158 -0.194395467770176
0.0853536011446021 0.0892763675799643 -0.0387406971171943 -0.364726448703674
0.147150192619114 0.0215079258554495 -0.289676028392049 -0.174752433608723
0.128553375566451 -0.0713465318855633 -0.262373206069726 0.0344203988219747
0.0703376608157574 -0.110365277011725 -0.140907976198105 0.111642542550264
0.0607133106175988 -0.13269738340703 -0.0344300586124737 0.131575220201218
0.0812769554521765 -0.134385084479834 0.0467740069316084 0.136547481694097
0.167371921657446 -0.131372536577038 0.0738149243334141 0.191069772905849
0.243025794176587 -0.00792388465176828 -0.00324568389452062 0.252314076281259
0.184350161594977 0.159709701917836 -0.181888267983092 0.214163900122026
0.0073892029759064 0.294961265797891 -0.337364110769227 0.0770038557139124
-0.234230710582577 0.258928503375253 -0.338459530469417 -0.0946255606339705
-0.386150489694287 0.127271625708619 -0.264286942379371 -0.079496560120884
-0.380305333518631 0.0371393707320304 -0.066287185621912 0.0095566801588834
-0.240639240907499 0.183163105657579 0.219730543132326 0.130628596975049
-0.0584444792604046 0.245178963355377 0.336678878713381 -0.15047965325976
0.133945271164258 0.167451782100794 0.0574792267377944 -0.362936787759034
0.219390292820477 0.032681461894047 -0.204752461553795 -0.214316675940476
0.183546388503081 -0.101990436749023 -0.21439042961173 -0.0283299907082288
0.093571726125109 -0.153367171823213 -0.116863850733399 0.0493603734156959
0.0651963917696379 -0.169847202075222 -0.0119386851968855 0.071094750263236
0.085068053164095 -0.166989871136868 0.0818429330994895 0.0690986717258328
0.180493906916562 -0.172494066636849 0.143432412209926 0.12718351851233
0.283152901714352 -0.048412109923757 0.109505109390313 0.233905574533996
0.249925413666155 0.143361056237158 -0.0758177911841093 0.266589371033505
0.0586682614472202 0.345060169801046 -0.276769546696871 0.146932683535668
-0.254416489860299 0.314701680146638 -0.295937704695895 -0.0610836318846009
-0.43446711545784 0.134789603558524 -0.138356571678876 -0.0782615279474512
-0.406727549465581 -0.0246613815283954 0.0812999653813566 0.0245580908155347
-0.327702828851115 0.163990235721015 0.282392111622245 0.154221598077247
-0.129312437716709 0.295446583841552 0.405176634334477 -0.077546006029064
0.139471110250368 0.233226476035967 0.164720592966358 -0.31060284976481
0.254621610474261 0.0550490808004443 -0.0839697574383845 -0.231429689375874
0.214899326638172 -0.10993815019956 -0.137277079462248 -0.0961733440151935
0.104480555410382 -0.173607104317869 -0.0804579655151202 -0.0258812121864626
0.0589697200831552 -0.182176336284731 0.0134029462501234 0.000221452287988182
0.0736564602709417 -0.174219511973954 0.107792838052377 -0.00463497724313137
0.166494395957915 -0.180793188760391 0.194605114171168 0.0540938828238591
0.275550432891452 -0.0725355858163025 0.198073548317993 0.187706850240622
0.264525985930158 0.112284396478389 0.0220144737940844 0.279540558421984
0.0852995180145671 0.336314376589091 -0.204695606361153 0.183642665127218
-0.246274880863879 0.311129950307073 -0.243797052655384 -0.042351631273295
-0.421216169860165 0.115468466023194 -0.00984993958000343 -0.0816882100984506
-0.35723865131577 -0.0756471120055508 0.229978630336186 0.0510636679468067
-0.34548075389386 0.101483983325563 0.335225962383389 0.176166556547396
-0.176110163446728 0.269611895002257 0.429492170589582 0.000657852554946722
0.106817881228254 0.24697256592278 0.247481732064156 -0.217244919818546
0.236589040061116 0.067948461679775 0.0440057194269075 -0.21620909889897
0.206121029754545 -0.0961632507098897 -0.0458653081014889 -0.153282407047702
0.0978116430087977 -0.163101357010174 -0.0370910834024955 -0.101342132462327
0.043679168415361 -0.165692309895751 0.0361543518666461 -0.0677931611108923
0.0536524345418174 -0.156938893796526 0.124970818210237 -0.071872065015183
0.13463538837959 -0.160944557739154 0.223876344248919 -0.0105586342712689
0.233887286934929 -0.0710644327391331 0.255153663157007 0.138290746989226
0.234324553487602 0.0889185362422914 0.090341899469966 0.270660581483155
0.0722580491841136 0.291961581018611 -0.141443966656124 0.193619652571712
-0.229886739126818 0.252732574134079 -0.191167929641747 -0.0328001423698136
-0.359735716464919 0.0671022106872598 0.103149214156632 -0.0797919865521001
-0.239474702658255 -0.101360594717399 0.347314887917004 0.0739674205861437
-0.278288230697581 0.0303602342693415 0.365756384529409 0.188517746283182
-0.163079208322606 0.186666475847018 0.417188552967125 0.0607907009607415
0.0638843848859042 0.191054220855682 0.288596553581182 -0.121664870603487
0.170157925519958 0.055172570369841 0.14372145750713 -0.185370067909239
0.154449660182165 -0.0690055713805721 0.032148961935361 -0.191325764563063
0.070278737614674 -0.125095490012924 0.00100216036582523 -0.162064537799517
0.0227341732501715 -0.124410074541012 0.053075622131724 -0.12390991851067
0.0301408093096044 -0.121288811617605 0.135943394863837 -0.122935205768007
0.0935602201518687 -0.124642740092117 0.240162720759021 -0.0545106246076474
0.174872693022324 -0.0565270427979457 0.285286114647616 0.103118069813693
0.181640800402101 0.0735885570436681 0.127096121921944 0.25900276463662
0.0354955685647236 0.231468525200656 -0.0978253958213711 0.19360576814775
-0.205315353710932 0.166770699547567 -0.145523748156414 -0.0226649546486249
-0.262255216759638 0.00027096719123374 0.190214955343159 -0.0643589524061052
-0.079207806313992 -0.101116854328757 0.40970276257942 0.0789800808466926
-0.146393814753556 -0.0292437336940291 0.37267658204593 0.18224404715734
-0.0910536994351063 0.0782580185362816 0.390929694311895 0.0824871184858694
0.026616600554633 0.0847145630803069 0.301159272409727 -0.0693320482784211
0.0744633932706127 0.0179137319095109 0.19176519396235 -0.17078777516267
0.071855422717547 -0.0348170204463642 0.0728891087046687 -0.213050566416189
0.0283896724582788 -0.065430033703184 0.0214984997543375 -0.199399879841132
-0.000655474386585853 -0.0654219821110515 0.0614086449137851 -0.158968398286519
0.00599303911330373 -0.072960121110807 0.14161041848927 -0.152332423831818
0.0451774809375202 -0.081493601718601 0.250937497712227 -0.0778838103379981
0.106577355110341 -0.0395375185708316 0.300292621081475 0.0835929106505132
0.121250652957916 0.0559436833800746 0.141745875109884 0.257568834803468
-0.003252742501141 0.160409982131722 -0.076883621062611 0.196983902612068
-0.162162045661133 0.0712346763484551 -0.114892018157185 -0.00922831612074566
-0.137450052808287 -0.0641643198993249 0.242140116743489 -0.0351458603187565
-0.00839366666812784 0.108312327388358 -0.303714307342212 0.054021770568186
0.0704879612760745 -0.00300714205194621 0.0996509753287504 0.0908589884918295
0.0113419040179126 -0.0701720309119049 0.12001929123577 -0.21904791562626
-0.054423961370304 -0.00987531779838532 -0.136364376024452 -0.321135747275161
-0.0122249371930505 0.0370769223722449 -0.358100807834465 -0.0976488906923716
0.011219100906223 0.0192380942406439 -0.292926575942709 0.117953424852612
0.0175771489359464 0.00951967349107286 -0.160152733463533 0.177906398516455
0.0249260453769472 -0.0107119229805261 -0.0616043057181007 0.199828802691904
0.0240557978125853 -0.0138949333743834 -0.0147729129697786 0.215073662965242
0.0317047782566456 -0.0111796991070186 -0.050616348624967 0.244337814877578
0.0376950209211621 0.0143121943803449 -0.175532838711873 0.207861813990848
0.0119979138110395 0.0323078655787689 -0.307328135352208 0.0792536013976487
0.0211122923714061 0.0391608734496435 -0.386578917505825 -0.0528209251242061
-0.00730276452593622 0.0823697036711835 -0.40749910144098 -0.179231306499468
-0.103504467029675 0.110588332640918 -0.458432923350295 -0.0896530979983762
-0.158869356333377 0.120949193140246 -0.276216861026579 0.0326638817801592
-0.0135743107538885 0.0848169545273467 0.121013539462262 0.095656095298582
0.017167977096923 0.0312163698885961 0.170386201809568 -0.222638615866931
0.0182113078996055 0.0284761788636763 -0.113367148174459 -0.350658343935185
0.0692049504150581 0.0224750134256911 -0.348503216457537 -0.127702872949819
0.0695862183915394 -0.0327353294899539 -0.290809623104841 0.0939812947483649
0.0428497260567341 -0.057142827648137 -0.155753598494944 0.162321405856325
0.0450213143050777 -0.0816798979516297 -0.048766600069301 0.18105622914856
0.0606864567310582 -0.0865673923553041 0.0158503207649731 0.191665757068249
0.118530662739477 -0.0805297825244942 0.00782134571783017 0.236312209647168
0.162254166702171 0.0150555200707082 -0.104806390023047 0.247051455966035
0.0994711078257676 0.128421077208363 -0.269044147473673 0.149085886427479
-0.0144862543290095 0.191741578474015 -0.383935287611749 0.00806042503335165
-0.156726745692315 0.180219030513528 -0.388802930826622 -0.136463995551644
-0.281377286647314 0.124614962158983 -0.389141224724351 -0.0814101194900694
-0.298778501654915 0.100018771906227 -0.19687562938784 0.016218557876912
-0.12577358458927 0.160000473177484 0.167194524361248 0.109368858405264
-0.00184536260863016 0.149704539011113 0.25458488266227 -0.209211114164741
0.0914248565582072 0.0909747872232421 -0.0488403849116446 -0.38044156108699
0.155486219621625 0.0167203357329613 -0.306828001060845 -0.174015685296265
0.13177548514412 -0.0803418009662191 -0.272921019698763 0.0443233473330978
0.0695035613467305 -0.118292115900103 -0.143731091439083 0.120021979438004
0.0587909893495948 -0.141098257167355 -0.031327402077737 0.137117814297381
0.0812116782474083 -0.144492455948458 0.0528449863573503 0.138552661216549
0.170395765718018 -0.145253674424709 0.0846056388591903 0.194743215381725
0.254348210813775 -0.0186056389832826 0.00650716534624593 0.263339563596751
0.198168504520665 0.161071214917295 -0.185586779817722 0.229706674836305
0.0166620103357317 0.308950031448898 -0.352805874318806 0.0904938772644487
-0.237623401215255 0.279603367678761 -0.357246822582058 -0.0909894939300485
-0.402903391694227 0.145378730777678 -0.280926397141392 -0.0759791595778447
-0.39624806592556 0.0508915866219163 -0.0712094884869362 0.013454110431925
-0.246313700171236 0.199031804403431 0.229602908111987 0.13189432400618
-0.0540691157150951 0.257535520090482 0.347929994374812 -0.165820831994034
0.144508871476744 0.170789003631218 0.0523712624109774 -0.379947824094759
0.230833872018576 0.0257394690934908 -0.219277887668878 -0.217913294732957
0.188084308977804 -0.114256517525372 -0.224311841228772 -0.0228966007845759
0.0920374962879074 -0.163812868522102 -0.120304416464015 0.055094365903972
0.06167824832762 -0.179364792376596 -0.00946347628481138 0.072795055853998
0.0837235400867155 -0.178327467345671 0.0873718417116423 0.0666786873541235
0.183333278471188 -0.188035267715628 0.155833585452923 0.125614107639278
0.295270552111551 -0.0629378159365672 0.1252467783062 0.239351868649941
0.266556515656559 0.142094106705371 -0.0734952599795128 0.280746134142752
0.0727839033946279 0.358863127112457 -0.288252367926757 0.162076424414
-0.256543640110649 0.340093666722407 -0.313029220288094 -0.055549008824771
-0.452321771646497 0.155245616929244 -0.14927933267382 -0.0775463379755637
-0.426848327648117 -0.0128579752811455 0.0845151557501104 0.025184797343771
-0.338477886271372 0.181722493598963 0.29646625712959 0.154778717697824
-0.125917520302317 0.312578672803999 0.422485792428109 -0.0918963144530735
0.153268179186174 0.239743377115191 0.167381346653842 -0.329115821399207
0.268028438477762 0.0484403211018561 -0.0920692420262578 -0.241104619956612
0.220799931869174 -0.123759320634171 -0.145938164815412 -0.0966137610091512
0.103475351194388 -0.185472564665048 -0.0841515378838136 -0.0244975984419167
0.05524313564316 -0.190852958870579 0.0143211254011898 -0.00153042735915508
0.0719485012430643 -0.185383466421138 0.11147883825495 -0.0110331063384605
0.167699735469274 -0.196199533877798 0.205020078281863 0.0474781003534455
0.285820256356255 -0.0877480061719793 0.217274606874475 0.188174597227665
0.279812111883518 0.107968930022167 0.0299904972727649 0.291191546294706
0.0996764224747209 0.348603681675248 -0.211471472505164 0.198625794910367
-0.247108514953016 0.33544118402083 -0.258415266185404 -0.0381216980820243
-0.440203197881763 0.13473853728402 -0.0145342814949864 -0.084640188689171
-0.377682122353715 -0.0682862216338824 0.241740985060047 0.0480737351219825
-0.358435514117443 0.117416661902018 0.351468013967255 0.175355956881908
-0.176546503053057 0.287198820704777 0.449702871175264 -0.0101466759816207
0.119544185881212 0.254676998052413 0.25676844372296 -0.232286553585307
0.249125292115977 0.0623726770597282 0.0430032661918454 -0.22964613233297
0.212104833251383 -0.108833190652709 -0.0526376421295458 -0.159359379447032
0.0963206773285437 -0.173842879331588 -0.0414374150177181 -0.103917616119164
0.0398271914487002 -0.173134949994269 0.0354129357048746 -0.0734679888858266
0.0510937271904795 -0.166293947679652 0.127268369690267 -0.0807416750744406
0.135151278330231 -0.173083920629856 0.233487390154976 -0.0204286479635307
0.242847883525555 -0.0842506630872889 0.273684118037705 0.134049563952361
0.246597397272688 0.0845944372792451 0.101694702246702 0.279010923958087
0.0843069183431942 0.301633094375191 -0.144308988864147 0.206944292115818
-0.231438980570266 0.273367751788521 -0.202828574634506 -0.0284579133083663
-0.374335815140561 0.0818420926332196 0.104146458419393 -0.0857716352034289
-0.254506405209628 -0.0980605160988611 0.365786497475958 0.0685137004929513
-0.290228356984595 0.041344098324599 0.385669738383814 0.188864883073919
-0.164993770039201 0.199906415618668 0.438129285241997 0.0523574318587957
0.0719566544856932 0.197561889297929 0.30185265593747 -0.134707041264138
0.179537009365128 0.0514692709134337 0.147378027561192 -0.201195277231485
0.159434231223919 -0.07856906502486 0.0281046003861105 -0.202181362832291
0.0683900370461749 -0.132819806574327 -0.00403287279525739 -0.168721569474264
0.0196724919939311 -0.129052414270469 0.0519585033854777 -0.132114834600242
0.0270951717125583 -0.127390952717527 0.137354295057969 -0.133892476463962
0.0926931872327453 -0.133416418144149 0.249201763842534 -0.0672785477062925
0.181005455111439 -0.0658388908486517 0.30318329581516 0.096324765174171
0.190430941903057 0.0704690833986265 0.140760849556537 0.266744756996255
0.0437493877023067 0.23929763146072 -0.0995494715978703 0.204875083269496
-0.208355029069222 0.182134289109769 -0.153742197933371 -0.0184110012817435
-0.273582106684958 0.0101824931924428 0.195665362683155 -0.0725237854920609
-0.0868849339845087 -0.102276099764092 0.432220980630677 0.0724267869524651
-0.153699167785394 -0.0247053795071539 0.394128016544188 0.181930994401423
-0.0924818185218768 0.083920380127438 0.411305633821339 0.0749852540831065
0.0292685688555789 0.0876653180537125 0.315876122088914 -0.0803483226902972
0.0776236400280101 0.0160576184413891 0.197137466093826 -0.185997578259643
0.0742235979796597 -0.0395993933192015 0.0700909829788178 -0.225997973191087
0.0274859046051 -0.068684860591709 0.0156352334781242 -0.207758719617442
-0.00234056796083261 -0.0665693833993279 0.0590154527891709 -0.168460371252655
0.00326416397776483 -0.075337552601145 0.142696930641277 -0.164673213763847
0.0439966710641868 -0.0856126137279082 0.259526214920888 -0.0907339008992671
0.110652382984837 -0.0448059897556731 0.317684518196217 0.0767269266789485
0.127183438912414 0.0548549923710978 0.156285891004221 0.26440687040728
0.00122617175736514 0.166094320928373 -0.0763826823693226 0.207852874174019
-0.166012343978033 0.080035233502524 -0.120835244970928 -0.00637144171264361
-0.144013946751455 -0.0619115911066808 0.250251409091923 -0.0445887206111152
0.0160825595864167 0.113218638542919 -0.313175274137333 0.111451046061815
0.0713176916414362 -0.0152781637229004 0.119022072654916 0.0796002978002612
-0.00169067665193033 -0.0712241579819424 0.0839431809625865 -0.246829890595721
-0.0529840377606295 0.000848478627835437 -0.206621006760515 -0.303635080283749
-0.00293214447329741 0.0351041539376397 -0.389655284961391 -0.0273869209661904
0.0155924291802083 0.0154082992794961 -0.28043723046226 0.181138736342438
0.020031240624969 0.00622029583718687 -0.132478133317637 0.219266992465915
0.0221782737280713 -0.017449302908751 -0.0253638566390956 0.21528240131963
0.0204774945694113 -0.0204224200021197 0.0258989268613604 0.224925466929625
0.0289540281056729 -0.0198928338613629 -0.00462499878353737 0.260600537381747
0.040006352975345 0.00459789309950184 -0.144085423913401 0.248858465249017
0.021513471644319 0.0311784159186653 -0.307054863001735 0.140595665762647
0.0288640122487061 0.036028740178506 -0.409599995699179 0.0178807159128906
0.00900212506566054 0.0849667829025449 -0.452963067624351 -0.110294668949759
-0.0819628846511086 0.13378809371324 -0.494617636027666 -0.00944374011196584
-0.139678011496198 0.15831443559522 -0.281855506358501 0.0742471744394752
-0.000128371480858293 0.0920173185754471 0.141527408106494 0.0742346484091607
0.0235027794677395 0.0329209784884323 0.132894693796202 -0.266555594776429
0.0281510199223523 0.0280854535680896 -0.190839209503212 -0.339627847764156
0.0784217861593145 0.00580782212996337 -0.389116329200405 -0.0596467662890433
0.0666900504571744 -0.0492290829785216 -0.286271452729563 0.157970651584449
0.0341873117309089 -0.0675597125260364 -0.132426870962607 0.202932589114621
0.0298487306774416 -0.0939427774169777 -0.0157569563943376 0.194762423068382
0.0445715052923467 -0.101990134107401 0.0522154430605992 0.193305689424947
0.103793217941798 -0.106596757259772 0.0536687955585801 0.239860415372897
0.166978632105958 -0.0187379286486813 -0.0637151620401886 0.274720272846063
0.128183369459391 0.114086084458801 -0.254804730443774 0.203727526022796
0.0227671904730873 0.199277878958813 -0.395296317557174 0.0789986926700088
-0.124902793205558 0.213470361492237 -0.422999169259835 -0.0675493554568145
-0.26211880071452 0.181731384974833 -0.423474709132232 -0.0131826763306748
-0.291884543601001 0.166956849325106 -0.192028422320609 0.0338920661751495
-0.103685597623136 0.191409128890773 0.193492590163023 0.0750693164287003
0.0252535463584437 0.159776254091707 0.220339179494654 -0.275490776441004
0.114766961234387 0.0794294198348018 -0.132726638325676 -0.385721831125884
0.165909362275776 -0.0158712948235521 -0.359146901823729 -0.116269871233449
0.122286595776215 -0.110102364390862 -0.278852861361362 0.105334234897358
0.0500099766547155 -0.135122227878734 -0.129237216755621 0.157767187235716
0.0335061306501365 -0.156647974507545 -0.00593484867007683 0.145878212783968
0.0549672943798394 -0.164838889327044 0.0802183790045041 0.131388875554958
0.144812420204135 -0.181753863044795 0.124236121078602 0.180987722387255
0.253443035746244 -0.0709012997001956 0.0554248358269199 0.269389156592322
0.234538856049345 0.129557916281092 -0.154631435587996 0.269961229860809
0.0785294267698029 0.312462249131635 -0.346020855341589 0.157184814479566
-0.188326994361846 0.330353412672041 -0.380671457658574 -0.0222679282474716
-0.383080892557449 0.225428077623839 -0.310236861231713 -0.0261047963973632
-0.406619103066343 0.137009364517915 -0.0515008875401974 0.00153598892574094
-0.22350963153932 0.254534834205086 0.266685014406308 0.0800491300169277
-0.00909519799567935 0.282023235910033 0.326771960634802 -0.256784497049415
0.183075734552528 0.154066334521026 -0.0314870245943231 -0.410885015293714
0.245690108200515 -0.0186211180156322 -0.281495229610581 -0.18114243432761
0.174095105767395 -0.155499800712552 -0.245135952568142 0.0274217348451704
0.0654851911408579 -0.186329335309672 -0.118630395560791 0.0857704220724102
0.0294240284715717 -0.196083938546855 0.00439861881515993 0.0758688174758038
0.0510738675538284 -0.19994864548293 0.101155112183736 0.0499840702406337
0.149287705688942 -0.227703385658833 0.183714203767868 0.0954774082207394
0.285648655749947 -0.123147742501239 0.173508955923982 0.222291871461433
0.300305198032895 0.0959664699901564 -0.028048338654935 0.30106378826943
0.145492447863132 0.351885157932384 -0.266317787028115 0.217407459497196
-0.196688802060471 0.395854997027124 -0.327014553126977 0.00560941221164389
-0.432958427456423 0.244846389613478 -0.173355749622212 -0.0512747548339059
-0.454186169396207 0.0774899032983775 0.120112728025555 -0.0159332360096883
-0.323466507662925 0.253765758579569 0.343422921251035 0.0897570164080292
-0.0750584636460529 0.35189827966649 0.419674847240736 -0.200249086259887
0.203130718791663 0.225095890251211 0.0970837027310584 -0.384859385381319
0.287591363095469 -0.0011298946259381 -0.156379418922152 -0.232441891998688
0.205908993770298 -0.1712097764142 -0.179582936666377 -0.0640433589859337
0.07322173513168 -0.21090445470756 -0.0978607545490766 -0.00419013056499062
0.020985077319137 -0.205940760305977 0.0141852167503617 -0.00506590429043298
0.0382068350702818 -0.204046950435459 0.112026896717675 -0.0349424302465388
0.133002926320111 -0.231599526584295 0.21910808305608 0.00491010482452668
0.271794317020775 -0.145010210468786 0.259676089923972 0.151724650613843
0.305418726972647 0.058788405954908 0.0817355552186001 0.29239562711295
0.170528056708632 0.333777610139137 -0.180012225410429 0.241185313604609
-0.187488745269263 0.389176355944029 -0.268063727664858 0.0152069244936262
-0.423316211595937 0.222338050129538 -0.0344531218136837 -0.0834491787917468
-0.413699788113598 0.0102699046403925 0.289648967562793 -0.0177552284787422
-0.357414027015169 0.191148618325433 0.410072257085357 0.102836864959794
-0.133734498858944 0.334795498775289 0.468419460758475 -0.122199164531805
0.168738059665334 0.246566599530579 0.21089769956157 -0.304856510435811
0.269981752214775 0.0200191224347129 -0.0137236848477241 -0.250314820249338
0.199697214448511 -0.153584601842758 -0.0947919731998091 -0.148706208690473
0.0679462277258624 -0.197289359444174 -0.0702882762079457 -0.0962617593707728
0.00990669225114715 -0.183818519571975 0.0220922517135994 -0.0825517475837067
0.0204720696615847 -0.179352254184589 0.114564761482162 -0.109724544756602
0.104533998702952 -0.20149615971369 0.234968546599512 -0.0697113334721761
0.229080520662388 -0.131787255967262 0.307784718724299 0.0848487506374446
0.266367614531457 0.0411727400288111 0.155122187706145 0.266919661222713
0.145015428962165 0.288819966836003 -0.109871089265509 0.237629182488507
-0.182315355679785 0.322864420047688 -0.208815663439377 0.0147006878882885
-0.366107414669635 0.155887389844624 0.0898854575860521 -0.106985473607867
-0.29202859691639 -0.0456561708110599 0.419780004842777 -0.0125600009604371
-0.298313280247798 0.0991894135925767 0.448566175420996 0.114174020991715
-0.13838947052141 0.240923928091374 0.470498638854179 -0.0492076311219326
0.108283061130563 0.196374207205303 0.280435533546266 -0.212223503291335
0.19536765235815 0.0223433204878507 0.103288351946728 -0.242612567291277
0.150527012467066 -0.111556511638507 -0.017506190900416 -0.211831566027096
0.0474993177477603 -0.149437257354253 -0.0437096134300347 -0.173351590436284
-0.00233912834832734 -0.134282994256209 0.0277525244820438 -0.145646838238639
0.0040080363136006 -0.133838953204717 0.115176757000167 -0.165994651809727
0.0693246205863196 -0.151242986185575 0.24373925938353 -0.119913648969095
0.170095538271746 -0.0996426977021932 0.332117970743254 0.0397527406643134
0.205441786502213 0.0369890058591602 0.194360194287996 0.246728910711359
0.0902289859645281 0.233409971727288 -0.0625345755442472 0.228996522417426
-0.175942041328305 0.224500176488678 -0.158550657714675 0.0149138478769683
-0.276170865209353 0.0618309609425928 0.187751071369767 -0.110347380703029
-0.115132534799912 -0.08463832811369 0.480914980649458 -0.0107367883346038
-0.167362789100328 0.00559359123540527 0.453394363699863 0.1108364289578
-0.0844393351939311 0.105725617180802 0.446065829219477 -0.011381730682696
0.044091513811324 0.0898052745202585 0.309251982439927 -0.154233256873053
0.0847688714446192 0.0053212417692529 0.162446928681842 -0.236172432517097
0.0700291536877746 -0.0546964541080257 0.0252336014842046 -0.247514286518669
0.0165625277829527 -0.0746604987983208 -0.0295693256240037 -0.219857699260056
-0.0134824029812669 -0.0654138683072648 0.0279167000051019 -0.184366414235949
-0.0110724408976664 -0.0758176708611154 0.115297476921612 -0.198694724103702
0.0286114182452367 -0.0927743861165014 0.249248577435541 -0.145474140839129
0.102039107613316 -0.0639072937042652 0.343674416256435 0.0176388308915971
0.137647824525675 0.0322163621879099 0.21123592792034 0.242926344509815
0.0330405203261295 0.166924890120258 -0.0388574376799102 0.228692164934753
-0.152444268203252 0.112273069211379 -0.124180842955086 0.0209317216606508
-0.157566504380963 -0.0359557630927213 0.250596651211866 -0.0928064887164022
0.0300456201916785 0.111132563102703 -0.303916589516026 0.151280445694425
0.0707410122442995 -0.0233249811904953 0.128971591657826 0.0694898545895988
-0.0101372643337521 -0.0700679468886352 0.0584228667427632 -0.256984934838591
-0.0523133548157083 0.00786340947705031 -0.242704576340942 -0.283458369402727
0.00217809565296608 0.0343998279985504 -0.393448512461413 0.0181558847715401
0.0169635846315686 0.0136294663399589 -0.260159829017337 0.215450137349425
0.0214930545387267 0.00332852789428348 -0.110158107225122 0.236210224829359
0.0197510751151054 -0.0203060905351756 -0.00196279438174706 0.219594281539626
0.0182042884550244 -0.0246368595329991 0.0510495666995872 0.222451738221272
0.0269422308629835 -0.0247444218886648 0.0255402073625031 0.261331231060449
0.041408977157466 -0.000617932851312672 -0.117033440919841 0.267149478724862
0.0265699166549951 0.0301033908895708 -0.294682614717193 0.177478845929427
0.0322463824719383 0.0333924960299914 -0.409812052414301 0.0635118777750432
0.0176917433371309 0.0834583777889116 -0.468742212566953 -0.0625785457613813
-0.0679798300852023 0.143082015124496 -0.50025698506605 0.047131463040363
-0.120802036625238 0.175853065187509 -0.276306574500644 0.109126096253769
0.0111437385648731 0.0926277402115772 0.150430475364943 0.0631398236559025
0.0267356918738826 0.0309714176055215 0.104681668973812 -0.281300710435117
0.0316902131013824 0.0261702595796207 -0.229805935035243 -0.322553206077397
0.0805737823684946 -0.00510677854895359 -0.396645383898512 -0.0146541638805265
0.0603961162794735 -0.0579160434885972 -0.2688616517262 0.192615814024961
0.0261838651386747 -0.0719759700266357 -0.110235204041773 0.218928251974622
0.0189179062474005 -0.0980269560163344 0.00543839181478387 0.195861420038596
0.0329755164902375 -0.109038413395948 0.0736212810683413 0.186432929616987
0.0911226377016722 -0.12132984144217 0.0819394224890708 0.232481257786957
0.165427340922808 -0.0394109525236216 -0.0318818894641494 0.283467887011286
0.143563384951794 0.100543200713872 -0.235227001075192 0.234397893211292
0.0454947998179814 0.198848106634135 -0.387452925292915 0.123965071846987
-0.101169427164324 0.228406051976299 -0.434418220665027 -0.0218977368446731
-0.243887761250346 0.212717091786181 -0.428763845782049 0.03546189170289
-0.272796394370495 0.202564177840262 -0.191227487284077 0.0590562758737706
-0.0818707512138179 0.204633242051822 0.201318724741508 0.0579448577182732
0.0433188269560505 0.157736258804492 0.192555071824356 -0.301954924268605
0.124243213042928 0.0675321010703069 -0.17620633846403 -0.374592508400748
0.16549414854921 -0.0369666666215062 -0.372611665225185 -0.0758512319386918
0.10913112083409 -0.126127410325559 -0.26770610768491 0.137985454103923
0.03447896152377 -0.141775226456139 -0.112138812628842 0.172138205475114
0.0147827139288123 -0.160847429019133 0.00980381366090586 0.144955134135065
0.036218581362524 -0.173733193174001 0.0935167730370755 0.119845882352389
0.122426323459597 -0.201937158049512 0.145932842393342 0.16439373734226
0.245533042117206 -0.102957010334451 0.0887299557511864 0.26263131662247
0.251456839026487 0.102917772317143 -0.12652584626755 0.28951046510547
0.11515506452262 0.305557564278318 -0.331995321404247 0.197973712621547
-0.150808677818301 0.354839180909507 -0.387095599037698 0.0192505048686377
-0.361287114936096 0.271431831916719 -0.31712441249227 0.0106272928407987
-0.392161280227901 0.185820846033425 -0.0532437494019739 0.0105700877218264
-0.194821928981798 0.282017940523757 0.274986074095517 0.0548896111044228
0.0227860430790825 0.284468080302437 0.30091545189283 -0.29538261368611
0.201437090146453 0.134381798499588 -0.0755797795524414 -0.410820469084534
0.244437476727758 -0.0497097403690072 -0.301566074530915 -0.150807471181098
0.15495321600797 -0.178534272760872 -0.241800497700196 0.0558585699201062
0.0433993665704065 -0.195299361414992 -0.108865865916675 0.0992945871895588
0.00638682986553277 -0.199636989383391 0.0120661340719267 0.073760500251072
0.027884785056384 -0.208202688444441 0.10592275153624 0.0359222021479522
0.12261358878887 -0.24816802253407 0.194846398272544 0.0710556475256462
0.271542420070939 -0.160014265864662 0.202779110079475 0.199763208671037
0.313058391715524 0.0611735387073905 0.00408960580294019 0.305657256270414
0.187277525686287 0.336177620287506 -0.245114286701876 0.250457651400963
-0.149604838973525 0.422090339937365 -0.330819315471937 0.0430175327351315
-0.408718582530471 0.296934320246463 -0.181838413332148 -0.0299915392560992
-0.447838494253046 0.131585983126776 0.117830516676621 -0.0273734534549371
-0.295267393750835 0.293619384833227 0.353190412439601 0.0557913131390835
-0.0355655120077517 0.363282571409706 0.400472765628168 -0.249059208261531
0.229969049778563 0.202999841054886 0.0569887135537458 -0.399233164207683
0.2892308854558 -0.0365622476423105 -0.18245655903339 -0.218788569049017
0.185027537859949 -0.19861248082184 -0.18692117824464 -0.0444891003708291
0.0478432084749541 -0.219859113484166 -0.0982193259069952 0.00675262771281527
-0.00329538729679654 -0.20839457807755 0.0122549369191484 -0.00805226857857124
0.0135818488234561 -0.209983698598082 0.10665534653285 -0.0504197527682915
0.105466305378047 -0.250213341137516 0.219693223148566 -0.0235994311034289
0.255595755694018 -0.179894296849864 0.280841256343679 0.117672038187429
0.313111709182994 0.0232878797402669 0.113869268887763 0.284610333042361
0.210792392505738 0.315212380927304 -0.155437400916406 0.264720985393501
-0.141145912569066 0.414576507549011 -0.270727823166947 0.0457282447623061
-0.399333361805125 0.273903364175708 -0.0455552981446681 -0.0778444869289632
-0.415237569053351 0.059825323392424 0.289636939165055 -0.0497244644056373
-0.336014396277314 0.234387957718086 0.420725680194906 0.0599865108690816
-0.0963087948980648 0.351063533452812 0.457786330148876 -0.17486575952994
0.198299095033345 0.228817834255247 0.180346277789433 -0.332487093703482
0.273246836516638 -0.0120202755053014 -0.0411555838978049 -0.252781418145591
0.180927767198009 -0.179988138353714 -0.112104729916147 -0.14021222947082
0.044470836074047 -0.206058167063057 -0.0810264225216031 -0.0887873935273386
-0.0116970857735455 -0.184818288935473 0.0115152011362096 -0.0869073888895391
-0.000786684593538898 -0.182031428277295 0.100147388005525 -0.125313586308929
0.0808627782056272 -0.215443240981637 0.226899769593237 -0.0999420846999507
0.213476598043219 -0.161621673954798 0.321792759631882 0.0451187268917258
0.271403064202448 0.0104857962325463 0.185402371517956 0.250366424252486
0.177831149162462 0.271538836739673 -0.0862142709574447 0.252818378669591
-0.144150202172921 0.346225180570964 -0.210854454780848 0.0393486997324827
-0.349220522362189 0.199183889199816 0.0765047458616019 -0.116461740357853
-0.29830154223395 -0.0101466322442439 0.42145143302773 -0.0598662169592793
-0.288000050016464 0.135313669529641 0.463113550569213 0.0661888983941876
-0.111534460630068 0.257312828485958 0.466873758838749 -0.102420346482465
0.131372395633885 0.184996697710614 0.260868059018765 -0.245852103574108
0.198792716582785 -0.000577765626158062 0.0765339137922622 -0.259225288059078
0.137250941616699 -0.131537118237756 -0.0416717043988536 -0.212899907932901
0.0296809117279274 -0.155356262596778 -0.0639102824906249 -0.168663764106314
-0.0170715153621101 -0.132944643442306 0.00983953571561839 -0.150214910617296
-0.0119108494709565 -0.133567522759479 0.0951661776671454 -0.181557607579819
0.0517714919520368 -0.16012702147745 0.229660800640561 -0.150927607858851
0.158894409453768 -0.121062302352343 0.340032260677575 -0.00163572087186054
0.209903968902406 0.0139857438027706 0.222443121407125 0.226006937586429
0.116372464348282 0.222005583808936 -0.0392049945873153 0.238203904857342
-0.149340020377116 0.246684539750007 -0.158909100735365 0.0336298971526093
-0.26899790874517 0.0941929690764984 0.175269120521116 -0.131904116377833
-0.124855483958198 -0.0696947554116144 0.483718346026103 -0.0669218382690988
-0.166148335914995 0.0260951356860626 0.469265896321038 0.0619069301531348
-0.0721008042195743 0.114798687174419 0.447075134044998 -0.0617188972703912
0.0541233682566662 0.0851714066672157 0.29550314039165 -0.18981845132627
0.0843981121602986 -0.00425643946538607 0.136506831974907 -0.259538043984787
0.0627183714445785 -0.0646537883894815 -0.00271205933744907 -0.253741662670461
0.00778243613234175 -0.0765065842898059 -0.0552198756712095 -0.216826289914641
-0.0196757711276395 -0.0626773504983176 0.00664419039182605 -0.188628222651922
-0.0205391268451847 -0.0729192647574229 0.0919848862761437 -0.21331121877675
0.0171960663237223 -0.0951165043724453 0.233304053363931 -0.176697089952711
0.0948045343364002 -0.0765501883828224 0.347621215999749 -0.0243871862419482
0.141278452189365 0.0173791281538072 0.238669740443341 0.220026992408569
0.0507172549513224 0.162637612109739 -0.0150007255352234 0.234398832161134
-0.137918527363395 0.130617872167046 -0.123484313559724 0.0356281994216776
-0.160600481975674 -0.0188275653980543 0.239371931879429 -0.121754283369575
0.0419022243409665 0.102281731045149 -0.274860192624867 0.178471112088585
0.0650998782242365 -0.0296468019961146 0.131483070838 0.0554579026200508
-0.0169326091483639 -0.0642966776780801 0.0313913871671736 -0.250913267262464
-0.0477070174499961 0.0139806544751218 -0.262143810790105 -0.248324177753556
0.00684635722056007 0.031771026580447 -0.372613907815714 0.0587796072315337
0.0171569495176805 0.0110604051548128 -0.224875448898667 0.234200166123684
0.0214581162112915 0.000335947683316875 -0.0817756422993969 0.237860142176359
0.0164270185172437 -0.0224444566997235 0.0201484038341511 0.209358272996146
0.0140222552795762 -0.0263147367845561 0.070885855643911 0.206819271541874
0.0229395098494505 -0.0271906510663426 0.0513259504110918 0.245252125372974
0.039446674447513 -0.00466656678007771 -0.0846792063870765 0.266698247896318
0.0301296351225169 0.0260988223161002 -0.264238217346083 0.200206513903368
0.0334582278517423 0.0292955188866487 -0.383436974424763 0.101471082815552
0.0234120925751695 0.0766464485061377 -0.453543323045229 -0.0150038578595609
-0.0501906902351115 0.143097308768673 -0.473338739439678 0.0956771175848181
-0.0956396679843405 0.179731187280667 -0.253175081509167 0.136806253776254
0.0201136505631464 0.0869120734260554 0.14959360635913 0.0485131515807126
0.0281594920681233 0.0277741470190541 0.0743557286108473 -0.278586191031969
0.0334904168661668 0.0231986677464485 -0.252303948514424 -0.285576286688904
0.0769343933914256 -0.0144116286184659 -0.379001724212368 0.027147433912924
0.0507666705177048 -0.0621725767682444 -0.236072672458547 0.211955595005149
0.017671116170579 -0.0715307403279478 -0.0832079623552873 0.220346547381268
0.00744965834698356 -0.0962565274065142 0.024551465065354 0.185867205682772
0.0194608190150118 -0.109054956053814 0.0880530138770798 0.169360531210238
0.073688740742495 -0.126614769994672 0.101762973440512 0.211270023294907
0.153503567394363 -0.0559552438249918 2.39646584427329E-05 0.272723371380889
0.14882059716816 0.0816894716596931 -0.201869184679567 0.248729247504669
0.0639962236705709 0.18531361035299 -0.357833368791283 0.158077580185054
-0.0741578787015073 0.227271179114525 -0.41848949925247 0.0214662251024156
-0.211551840260292 0.227283834253625 -0.407174323822951 0.0801469414374098
-0.238516680045457 0.222998842670626 -0.177121063834998 0.0797060115115612
-0.0560046232342652 0.203066013143468 0.19726712764792 0.0394165968056349
0.0575078286438772 0.146114769216943 0.155467334891953 -0.306863022426934
0.125834109368121 0.0533258760400801 -0.204354535220143 -0.340933669016863
0.154469501502187 -0.0540407686542822 -0.361978111519129 -0.0351586342061214
0.0896612303940212 -0.132500201589898 -0.239943574770265 0.159650493792289
0.0178541108880311 -0.138917958372113 -0.0891733433632351 0.17526746910236
-0.00321788615973705 -0.155043690510814 0.0229155082484841 0.136348051467595
0.0157119446983751 -0.170764725977956 0.100031521510572 0.102957436945457
0.0940745546927273 -0.20706657009064 0.155853713026406 0.138814456700084
0.222474860920314 -0.125227071470331 0.113535241110109 0.239191037146176
0.251834244170036 0.0722398854887779 -0.0925911208959728 0.29048567952552
0.141808978510101 0.279876238898912 -0.297446185452698 0.223374029335874
-0.107648626321584 0.353849411331742 -0.369509458152602 0.0568549656826054
-0.317201544618711 0.296612994462278 -0.302838876411216 0.0452108767554643
-0.354345937296575 0.219886957071097 -0.0511296957730775 0.0186869767400323
-0.156235272600431 0.289135969148207 0.26585318613467 0.0292175882184993
0.0502880437014868 0.269084140212602 0.259063940665329 -0.310727947345217
0.206528040934355 0.108643233884433 -0.112222564197787 -0.385336795870655
0.22801990893229 -0.0739295562847847 -0.302611947381894 -0.11471118458041
0.127689745661725 -0.188053125796947 -0.224446256285995 0.077687704712796
0.020150087356086 -0.190802590839269 -0.0927458865384831 0.105261018876529
-0.0148475403357664 -0.190513745556674 0.0175563502866186 0.0675875265370368
0.00375667243587032 -0.202609601522734 0.102158619526567 0.0208131751463442
0.0889655720208161 -0.25090359984524 0.191553083230145 0.0443702087920596
0.241211102243837 -0.183237245651453 0.215732630062496 0.165656561045367
0.306074025480545 0.0259479909966203 0.0340579936013536 0.291747363707542
0.213892612698745 0.300562177232062 -0.210121799108576 0.265595632700547
-0.0971451592787448 0.418581884518751 -0.313332698841572 0.0755767126605594
-0.360478128996342 0.326855975897284 -0.177777709804881 -0.00690038504596723
-0.412981402205841 0.17448428393553 0.108814260248805 -0.0361282690166016
-0.250822834713097 0.310597185452772 0.340192321675453 0.0215327973741009
0.00310896359062229 0.349137854964673 0.357994603680241 -0.277404377987531
0.240653344755228 0.170393909421515 0.0164421771976213 -0.388636575712067
0.271646735915598 -0.065986708565897 -0.195540960096914 -0.192071054770194
0.154389000762171 -0.210947667010058 -0.182544958114258 -0.0245671510903609
0.0218355046419983 -0.215329865751669 -0.0922299964602776 0.0161583383575538
-0.0245165373306072 -0.197163446000713 0.00972008422072367 -0.0102840901198881
-0.00947356723420372 -0.201643722213804 0.0938480338133334 -0.0611888659284805
0.0732967094751788 -0.251016659290753 0.205361745720586 -0.0482032752645352
0.222920593430072 -0.201383527990111 0.281737884522533 0.0786013656621844
0.301429292193994 -0.0101153521351476 0.136344004835382 0.258912637977278
0.232972714447112 0.276924101116618 -0.123855710228113 0.270079014510024
-0.0893023785044194 0.410183052263289 -0.255246257605159 0.0725377936925883
-0.353220537565194 0.303031927774509 -0.0520694347884252 -0.0674865517987659
-0.388655988995183 0.101804025419824 0.270024672430051 -0.0760259984293132
-0.295640762151667 0.258863794917216 0.405428912566675 0.0174317307324072
-0.0564982582472189 0.344653064590647 0.418741506489602 -0.21355781690651
0.213421844435403 0.198825465826211 0.140735212380956 -0.336532029959688
0.259384935422796 -0.0410339431764672 -0.0648376163359829 -0.240345160315656
0.151563821642783 -0.193068743705826 -0.121819945031475 -0.123953928550203
0.0201423119614663 -0.200903561636065 -0.0861217846105527 -0.0763831325612309
-0.0297237530424849 -0.173270397244918 0.000739761490902995 -0.0848231639806116
-0.0202929127624846 -0.17284207185417 0.0806858115273984 -0.1317794759266
0.0535674171352087 -0.21437499076869 0.204494396233707 -0.121143222598672
0.185492738881648 -0.178533137407648 0.312488049283887 0.00568303448488178
0.259104617825991 -0.0175043141485776 0.20113867587117 0.218776803020825
0.197285806089262 0.238798676434391 -0.0584096356077966 0.251895361499078
-0.098984149111523 0.345209982796532 -0.198731094115711 0.0602398409678893
-0.312754209117218 0.226370226189007 0.0610545871176032 -0.1172379080025
-0.284554718113283 0.0223893700118807 0.395226948395155 -0.0998565047036898
-0.259700590426464 0.159132486060465 0.446673420171761 0.018147596598635
-0.0804265236485741 0.256182069378697 0.434407639719612 -0.144576042608426
0.144426315864667 0.163241640184651 0.225240893874798 -0.261493609079859
0.18875598137246 -0.0215621737631937 0.0467165147826795 -0.257995558684871
0.114832286633816 -0.141881233986098 -0.0621444399442231 -0.20038857604583
0.0121432794704509 -0.150918990333203 -0.0780993068957597 -0.154825928190707
-0.0292903927844586 -0.123897484947569 -0.00712383736826654 -0.144937146357621
-0.0254796145777585 -0.124929607535245 0.0694537603010471 -0.184048547473975
0.0325751237251351 -0.157933174954449 0.202330723054374 -0.169425299172944
0.137977603639474 -0.13319240891005 0.325334475209282 -0.0402466957974624
0.201021905842427 -0.00723776680378504 0.235035267139087 0.192147602180887
0.131803065596212 0.198745051566898 -0.014795130038844 0.231923205725343
-0.115256287339503 0.250354110737366 -0.149863365700216 0.0496344521211428
-0.24529730423081 0.117339363972868 0.153153266817689 -0.143038759531863
-0.125007933570059 -0.0517977880931897 0.45535440902224 -0.11330430714634
-0.154133931926382 0.042547495630776 0.454333256968475 0.0115903528829761
-0.0577209711821784 0.116256330604578 0.420090132751491 -0.103474730613883
0.0603303572745585 0.0760776061320984 0.264708230925625 -0.212249882190226
0.0796587132479185 -0.0125765678992681 0.103523732343695 -0.264059703539765
0.0514809149469346 -0.0691724863113951 -0.0298190565718481 -0.243887158920586
-0.000624848426901928 -0.073819364596904 -0.0752732770867141 -0.201255385631889
-0.0245890864875034 -0.0567543276074402 -0.0134961633054455 -0.181262206836549
-0.0271169835461153 -0.0655883755493072 0.064023518343812 -0.213511518944813
0.0059065794151313 -0.0917013881516881 0.203535159702283 -0.193542020247284
0.0819000167575597 -0.0835183559441518 0.329818175979787 -0.0621434442323287
0.136285726776153 0.00197528024681141 0.25027742287794 0.185082011237765
0.0631238204524921 0.148983333039186 0.00780913695348861 0.225483419850782
-0.116500791842805 0.138395477722988 -0.114650196008895 0.0473401774733734
-0.153375558136557 -0.00195557470546223 0.215254193688427 -0.140424589914365
0.0454392377875901 0.0912788561391137 -0.244920429481228 0.186017352465783
0.0587411768528063 -0.0323251423885833 0.127619116505387 0.0472752085275437
-0.0193079041883955 -0.057907257613136 0.0164460975696477 -0.235159483214364
-0.0415640838516924 0.0163897366903535 -0.259161346523333 -0.216287907171574
0.00874767663564821 0.0281842358524616 -0.341545900563024 0.0766744409336977
0.0161907093867991 0.00956907036844222 -0.194085757239461 0.23132786629194
0.0204018063560921 -0.00195784471613914 -0.0630797003892447 0.227875480301876
0.0134035656706379 -0.0227091139450139 0.0306567106630354 0.194300164758625
0.0108957578365976 -0.0263298768280647 0.077629473332618 0.187964280572588
0.0191841422874098 -0.0274812312416196 0.0615548301786396 0.224867387343848
0.0369309952127771 -0.0069163678993009 -0.0633315101322241 0.253545500989512
0.0307353756500281 0.0224478583436779 -0.235626374276824 0.203205974179308
0.0322549353853176 0.0261362391309989 -0.349672994823097 0.115300530733464
0.0239535979827551 0.0694438616834792 -0.424611688818618 0.00979588852041216
-0.0387213452989177 0.135205513806583 -0.433832089700747 0.116242968130821
-0.0772187838429801 0.172498940237326 -0.227824928937135 0.145980136206076
0.0238652235586502 0.0789369964432743 0.143650398770456 0.0401317103094396
0.0280986955926905 0.0245625353051067 0.0550784536552003 -0.263862956790175
0.0336159422825248 0.0201790187385128 -0.251570765997469 -0.252492801708399
0.0709661271792573 -0.0196492156453786 -0.349748447474851 0.0473024346032488
0.0427144510265455 -0.0609630923396986 -0.205274457392667 0.211507504756919
0.0125810937850841 -0.0683454893736431 -0.0644407761157008 0.210518032443581
0.000944485718599038 -0.0901388291122267 0.032715637454124 0.171113232729723
0.0103417035221445 -0.103948498497511 0.0908709548347514 0.151363561619211
0.0594753876712062 -0.123630314085269 0.10628648042715 0.188362579931403
0.139154618191323 -0.0623888160185423 0.0161832943332483 0.252520118792309
0.144709480304257 0.0675435300664516 -0.174824316130991 0.244880077992853
0.0703240383719873 0.169330411553457 -0.323919111267681 0.166297981757852
-0.0569370903859381 0.215614490246221 -0.389186651700719 0.0414133017905035
-0.184590606938186 0.224451836518675 -0.374905525874812 0.0990140360262287
-0.206569905855531 0.220709782770234 -0.161043017278417 0.0889869887379518
-0.0401262612522919 0.191617764207701 0.186010256396179 0.0291693494076875
0.06138181826663 0.132922646210146 0.129030643792087 -0.294662943495794
0.120828356649138 0.0428628209333283 -0.209953868336393 -0.306962348294553
0.140486271075934 -0.0609279589974203 -0.338003197358089 -0.0114366739867133
0.0739960141341844 -0.130085206716296 -0.212714288930394 0.162449454966172
0.00822185005802793 -0.13056950958464 -0.0725653046593441 0.168240824158276
-0.0125697553976966 -0.144068883025016 0.0281753724347692 0.125085507603232
0.00286704082282635 -0.161059636560168 0.0969956585178206 0.0885643539561956
0.0737786501172068 -0.200111029452682 0.151644420194648 0.11706559715216
0.198843586806053 -0.132100786713511 0.120183778253561 0.21215739059798
0.240071032401533 0.0520112566901823 -0.0704467943599305 0.276208117575539
0.148293182373736 0.251512964066464 -0.264817731396139 0.22555070543676
-0.0784120116599747 0.335212766135143 -0.342514030578194 0.0735805671634774
-0.279793075936794 0.295626986379786 -0.279587659904886 0.0612282931435685
-0.31403545598966 0.226337088499511 -0.0472765371920766 0.0241081721361291
-0.127870873889104 0.278147661676982 0.248386990367138 0.0169772019406419
0.0622660908235437 0.246720482730256 0.224732616080186 -0.304324635948981
0.199147176915428 0.0885203632105888 -0.125618898481833 -0.353988034357119
0.207667697073885 -0.0843876976246122 -0.286717006816282 -0.0905652166535226
0.10529231180411 -0.183923009983261 -0.203262591354065 0.0846929800764914
0.00648388277478056 -0.178490290846949 -0.0794446840877099 0.102588871560898
-0.0251887091804112 -0.176084641801094 0.0194549176453734 0.0615075755190224
-0.00970720451678814 -0.189470408497897 0.0933830279056714 0.0118514831349401
0.0658535222427602 -0.240502736934435 0.179070507342762 0.027030314543001
0.211166130538284 -0.187216038515573 0.212007509031404 0.136325706840339
0.28592635616475 0.0052523576761411 0.0474692783120209 0.270414974771974
0.2173157561435 0.26619979031269 -0.181628870786172 0.259959033421728
-0.0649332878722136 0.395093889045483 -0.288926282406563 0.0884168960726142
-0.31650261535451 0.32697903897193 -0.165816287869872 0.00614958077066732
-0.371851173187938 0.18755390495665 0.0973293923836413 -0.0371884382934446
-0.21435942248776 0.304265777967544 0.315993278652869 0.00426898234991767
0.022351548608032 0.324277399084927 0.318307842699712 -0.278318949363321
0.235126747918006 0.144627323645535 -0.00570595399522513 -0.363215049913124
0.248078673023855 -0.0792272326589418 -0.193149269268279 -0.169251676047228
0.128075674229041 -0.207356467412642 -0.171909812832767 -0.0130938594173656
0.00625337142933783 -0.201398833748668 -0.0844520461445268 0.0196480981905878
-0.0342845798924807 -0.180864251852011 0.00730009136631231 -0.0104040419520825
-0.0218152713760602 -0.186867069042887 0.0804510190061031 -0.063480298234205
0.0510539833342102 -0.238960114595582 0.186420410458641 -0.0589718526420202
0.193319151174525 -0.202923239346006 0.266726128275394 0.0511569063256558
0.279713130876636 -0.0279591610695505 0.141360235513084 0.233515094727698
0.232719677664694 0.242347101322357 -0.100800376725063 0.259891553373979
-0.0572187224728311 0.386483989854265 -0.234547705386435 0.0842207324708603
-0.311795053135853 0.304195733070037 -0.0521764899273319 -0.0576685101128741
-0.353526776360646 0.118993640334027 0.2461238412427 -0.0847827724952061
-0.25927659018217 0.258418502080096 0.376884829201592 -0.00315526183068522
-0.0327370357163654 0.323315351533609 0.376864330206368 -0.222227155272615
0.210670985259687 0.171504815770975 0.112859541529817 -0.321624753168101
0.238627941290242 -0.0555374008350883 -0.0752540060928722 -0.222235977126492
0.127087035707128 -0.190161892007455 -0.121462169302855 -0.109553305845833
0.00532861470290555 -0.18849466646633 -0.0847588784374763 -0.0668782870193863
-0.0371899962551967 -0.158427864561597 -0.00517848761192123 -0.0791971299107603
-0.0297052219329787 -0.158761495365828 0.0641579240881975 -0.127834184690904
0.0357024652254537 -0.203623376806059 0.181398671503917 -0.126703497999221
0.160023861603771 -0.179407382259942 0.290930467050925 -0.0183214510901614
0.240008255531004 -0.031839059297905 0.199674529657542 0.192432305371996
0.195658847518517 0.209682210062366 -0.0411912767514149 0.238570875757497
-0.0700164742363169 0.326297709591379 -0.183191317434937 0.0698740441244809
-0.276990344255548 0.22849983886434 0.0497971229240826 -0.111460821704078
-0.261433026370507 0.0386584498027519 0.36135184276354 -0.115468496638404
-0.23163529623069 0.163577490253343 0.415837821542771 -0.00676547351077391
-0.0605702383920507 0.24281084108195 0.395071662188467 -0.158792987407184
0.144510830993063 0.14371378037485 0.196626180076167 -0.256316075867189
0.173712284311261 -0.0319036752199196 0.0271674585286638 -0.244598896155444
0.0962066539334287 -0.140097905224358 -0.071525183159203 -0.185316149075845
0.0013232371163682 -0.140967242209146 -0.0820870717657894 -0.139652123473877
-0.0335762616952696 -0.111843065036849 -0.0155020684564849 -0.134891528955539
-0.0313716017500236 -0.1134871772209 0.05186517108437 -0.175527646709099
0.0196855244260068 -0.148950836431146 0.177165463217731 -0.17084417646123
0.118997523173505 -0.133731443571782 0.299602825062631 -0.0607243969361807
0.186387555791335 -0.0187173913348594 0.229058401258492 0.165528377882314
0.132363996684583 0.17570668818755 -0.00219834153724962 0.217548250583476
-0.0901697093967432 0.238931687355703 -0.137380917386413 0.0567924834335793
-0.220983697025535 0.123039417930378 0.13361981479546 -0.14129133795512
-0.117859036639023 -0.0394891011314848 0.417496582273792 -0.131615897347252
-0.139850177953598 0.0496806451908339 0.423366296705728 -0.0153381626858111
-0.047109619096715 0.110744732345983 0.38332529056869 -0.119825704467483
0.0607853895752779 0.0669725404306093 0.23490226733776 -0.213428697366634
0.0731597302900105 -0.016151744836356 0.0795809589495153 -0.252621845808695
0.0416630868358311 -0.0682713858160285 -0.0435276406088144 -0.227526730250192
-0.00534066033547965 -0.0683881496142173 -0.0822609255201283 -0.18301623932354
-0.0250052645542817 -0.0497626065322796 -0.0238791312466978 -0.167923778448666
-0.0289256952865398 -0.0573125650625493 0.0456741693732539 -0.202612401442544
0.000162456087130103 -0.0850165050542766 0.176792588550479 -0.193750144754821
0.0703459751673561 -0.083090532272203 0.30199079056761 -0.0799729330293858
0.126353093594368 -0.0059484460643894 0.243456402602233 0.15783897063689
0.0667324116919833 0.13434941711599 0.0184508000869536 0.209645848623821
-0.0986055456545493 0.134806779335945 -0.10401232021915 0.0520014640997145
-0.14236266423221 0.00562143670086366 0.191263247863876 -0.144544530783283
0.0446482055418647 0.0840148915860948 -0.22680932631782 0.183537691376299
0.0542769724526655 -0.0319578734962557 0.123592503244685 0.0453730930016395
-0.0189887371278302 -0.0535352958743096 0.0139167698520384 -0.222341086096304
-0.0375600558239525 0.0163378245797655 -0.249421176156549 -0.201282178248391
0.00941683134729168 0.0253859836554687 -0.320644827265422 0.0791308628780139
0.0153889947040562 0.00928718744999755 -0.17793607941689 0.22411082996536
0.0192431387893507 -0.00340729309957088 -0.0553988842360849 0.218214770345168
0.0121701262449827 -0.022081787731024 0.0316534743745475 0.183484447976821
0.00922292797039511 -0.0259992548468872 0.0766807174108645 0.177274029972487
0.0172752489795938 -0.0273379543984207 0.0624622708561059 0.210518890907873
0.0354630372483243 -0.00742373962785628 -0.0561166678961723 0.241448014115406
0.0303587853140713 0.0207730655309436 -0.220708788764429 0.19619994590441
0.0303850483129555 0.0242727632149441 -0.328606103008479 0.112719642207886
0.0217426424450744 0.0653602744070174 -0.400681691604251 0.0137108848206833
-0.0342943307258317 0.128404751361799 -0.409197805334676 0.117128540373183
-0.0688061668812083 0.163402745404191 -0.212196469427474 0.146231064979696
0.0234536456080307 0.0733338353246187 0.137810464147208 0.0394856364402294
0.0267638554520019 0.0231375937100706 0.0493753664169655 -0.250327372704371
0.0333434686498663 0.0188620928140936 -0.242594798492979 -0.235890384242058
0.0671845693361165 -0.0209101241968944 -0.328280267795649 0.0507758073039813
0.0386835173681519 -0.0584637562968548 -0.18960049205722 0.204485052357313
0.010639372820344 -0.0653128419788607 -0.0579113424193828 0.201171245052891
-0.000908587171249474 -0.0858706824570046 0.0331812893724084 0.161999576695286
0.00722239562962645 -0.0993482521628389 0.0870863614185963 0.141913256776578
0.0537876884993451 -0.118930084702301 0.102873903955655 0.174943205127927
0.129991711048962 -0.0622979536235014 0.019690834756839 0.236478661761368
0.13918965215782 0.0607969374668228 -0.162567339762668 0.2355807264283
0.0686380625822479 0.158744266835565 -0.3035009788494 0.162234192010778
-0.0520368586935659 0.204714683737997 -0.36865438826383 0.0446388027381804
-0.17178162864534 0.215324801926489 -0.35348760271389 0.101307571433646
-0.189375515325361 0.212000135024359 -0.150601401186202 0.0911719686269253
-0.0347367707971746 0.181098511360042 0.177221111254397 0.0294222328552507
0.0597269775012813 0.12459411850666 0.118752093391225 -0.280722656142187
0.116246079001654 0.0388756288193645 -0.203832390045452 -0.288204086745626
0.131509875878541 -0.0620493671576177 -0.318774071899688 -0.005613952926875
0.0661925938556833 -0.124675795235651 -0.198266349066162 0.157597669796151
0.00476354316586939 -0.123963479902935 -0.065455701277739 0.16025536484544
-0.0147877605687635 -0.136605632777653 0.0277272463029771 0.117860899660889
-0.00100434281966415 -0.153048741986248 0.0906325181196434 0.0816295388526699
0.0639664409303392 -0.191416211035843 0.144188120453258 0.106579939253693
0.184395688299321 -0.129679731005164 0.117467856125423 0.195882529213969
0.228655463201158 0.0447099694746331 -0.0630673349349048 0.264003850906913
0.144777128880907 0.2351986308505 -0.247747713430721 0.217619081667839
-0.06894294070771 0.318031389259799 -0.323791014887907 0.0751562861033374
-0.259847505374554 0.284853962573307 -0.263105186968658 0.0648412489978187
-0.291832304616463 0.219724538316178 -0.0442669354596559 0.0275967057882446
-0.115161366045913 0.264371585312338 0.234158656095222 0.0167285702910422
0.0626102562959629 0.23245093859565 0.208863154605851 -0.290886668392277
0.190563678219163 0.0807118658755734 -0.123119940656479 -0.333258084863339
0.194233135400215 -0.0853104626864239 -0.27321834206659 -0.0816347526829256
0.0940530572338694 -0.177378074640003 -0.190834631259989 0.0830628564194559
0.00191735518217269 -0.16947881644763 -0.0730860146225103 0.0982250514443448
-0.027207549828036 -0.165814832640631 0.0180150607479525 0.0573951680268299
-0.0138269519366896 -0.179169033123295 0.0855265646296659 0.0093218337552552
0.0560163044893781 -0.229651258236227 0.167873256117428 0.0207236931564334
0.194283480861072 -0.183149113449803 0.202260855609627 0.120930845862143
0.271271285411047 -0.000742314895836545 0.0487688923702311 0.255693376865566
0.209721702451782 0.247251037539171 -0.168867376067745 0.250433840602221
-0.0544051583372057 0.374306858484694 -0.272922418893322 0.0899686112747196
-0.295723279807302 0.315524263725904 -0.155864694159417 0.0105767776986599
-0.345266506418503 0.184049480991762 0.0909532112812267 -0.033736984711078
-0.196368385124637 0.291459471444696 0.296842065148251 0.00385168972073107
0.0259737085671031 0.306854950995658 0.296950490956439 -0.26681938493824
0.22501070450597 0.132219453642416 -0.00915385795126846 -0.344134505441595
0.232854641134791 -0.0815634107721545 -0.186063337978235 -0.158609459404844
0.114534731969819 -0.199680773272209 -0.163491304344178 -0.0101353327626495
0.0010089494113391 -0.190085178720515 -0.0795945747394691 0.01922665499574
-0.0356277380293555 -0.169615432373934 0.00535704027288523 -0.0103508482588176
-0.0248434894009456 -0.176386787057372 0.0716235805802731 -0.0614875809003781
0.0424176434024562 -0.227845297227506 0.17298549560026 -0.0612626419856043
0.177131667167021 -0.196610248249939 0.252888298786284 0.0383344956027143
0.264151929854168 -0.0324260171315686 0.13740121649452 0.218892866018645
0.223438320514268 0.223633195750936 -0.0930202753210392 0.248670642614489
-0.0459779053629125 0.365694235671048 -0.221467057749631 0.0850823180103642
-0.289929656923932 0.293507046711827 -0.049641894374981 -0.0520703013353223
-0.330506113849529 0.118672901051961 0.230703412272839 -0.0818028842032618
-0.239552951901826 0.249630587687143 0.353738898736204 -0.00517227821215591
-0.0264468617405038 0.30693650237752 0.352441293582068 -0.214642959470443
0.202984798717709 0.158486520159196 0.103120600199961 -0.305904437844619
0.224423326927592 -0.0581127192527874 -0.0750284576864348 -0.210192796847935
0.113959350807854 -0.183507525370777 -0.118554283152298 -0.102887810877314
0.000711196005997644 -0.17831577643601 -0.0813243342099257 -0.0622554852481737
-0.037272331227362 -0.147840645411074 -0.00712012338658733 -0.0759780987472958
-0.0313599041358849 -0.148643951682113 0.0552550601221789 -0.122475822285115
0.0287978531600231 -0.193809630097879 0.167264584343625 -0.124799889624639
0.146198708349044 -0.173547827232653 0.274151545128705 -0.0274937546349844
0.225820368909998 -0.0353145637248442 0.191002489345268 0.178397170832822
0.187577464535913 0.193641001196212 -0.0370666191886416 0.228254680163144
-0.0593261149894718 0.308930062599672 -0.172159832579997 0.0712034517144696
-0.259101951964138 0.221481303929327 0.0458357449732009 -0.105384573515935
-0.244609623010651 0.0418094342452674 0.340138212230527 -0.113053097102376
-0.215251030637718 0.159488724911546 0.391609252327057 -0.0104379850118969
-0.054165719838688 0.230238161342919 0.369832907142325 -0.155150063496444
0.139707944675764 0.133084319285221 0.182792159559779 -0.245889733102974
0.164083406331871 -0.0340168238710007 0.0212715994078866 -0.233604755013806
0.0860498219103078 -0.135099080530223 -0.0729581153207363 -0.174924483867105
-0.00189465248926295 -0.133319759099756 -0.0805282912638705 -0.13087176288853
-0.0325950673597852 -0.104471361690473 -0.017715576611774 -0.12749073048479
-0.0311591727737258 -0.105007424375815 0.0431434061163093 -0.166830596629837
0.0150872188734487 -0.141051371140783 0.16294960705135 -0.165946673511307
0.10923872674017 -0.129343762474684 0.281416561399779 -0.0667280890658099
0.175495564225122 -0.0209918940994858 0.219495751501566 0.152110892980479
0.126669088160934 0.163598893282591 -0.00102808589793814 0.207115559610929
-0.0798915605561673 0.226484217236296 -0.128196027646215 0.0579917208938464
-0.207260802411531 0.119678151251294 0.123225025189876 -0.136393548503988
-0.110323748474972 -0.0347266763962201 0.392721736584009 -0.130511921501544
-0.129575949768057 0.0499174046051477 0.398563294700694 -0.0195537815801618
-0.0432485940580153 0.105322144303318 0.359662788749977 -0.118113878767959
0.0587891110644753 0.062360712170768 0.220286992777942 -0.205961297902739
0.0688527434904933 -0.0165568274212282 0.0703726157514101 -0.241449554564545
0.0362913161210521 -0.0654301324969938 -0.0471657552729814 -0.215071880367508
-0.00627620398696849 -0.0647604226647095 -0.0817500664628815 -0.172351302856643
-0.0236258910936423 -0.045792275867907 -0.0259660631386302 -0.159482541228625
-0.0281649243824149 -0.0518673566359679 0.0383044977520533 -0.193104723978223
-0.0020726244219721 -0.0793680715536932 0.163172053709616 -0.186998250575212
0.0645159340823459 -0.0804191205399965 0.283557585167082 -0.083598906808152
0.119194622984841 -0.00806096031201464 0.232307357033368 0.145081035856824
0.0635823507813904 0.125445529824501 0.018751398774206 0.198361197486355
-0.0899655470826131 0.128337499360896 -0.0973688085229151 0.0518633577064338
-0.133912399366122 0.00703802390119408 0.176915151243063 -0.140602300655378
0.0338137538735041 0.0843640063244335 -0.248268122003269 0.155559815178944
0.0557265708305532 -0.02364184332354 0.117705728784357 0.0651520236093187
-0.0108989910089076 -0.0526396204237728 0.0461253034815169 -0.213574361999343
-0.0360877925457437 0.00913252030598338 -0.216767007483618 -0.225949827668948
0.0046731878281567 0.0230719308465031 -0.320266815491446 0.0357065533888633
0.0152544247210537 0.0108697849670228 -0.202381804772132 0.196329262591939
0.0198846587997956 -0.000473072101176325 -0.0806795141354095 0.207979285528455
0.0154577233709122 -0.0194707144424808 0.00499990044840214 0.18299186308851
0.0134794704552297 -0.0236116939253325 0.0491578382684185 0.184079158897731
0.0220295060534079 -0.023849951190016 0.0300113689434126 0.212265057625553
0.0372402356475641 0.000319223270111915 -0.0906436394584382 0.226199773652321
0.0294513089021114 0.0281383757210775 -0.245293012555959 0.160387029351557
0.0232593161274874 0.0352062639832708 -0.334173052641783 0.0587038964523868
0.0076364328088036 0.0702162211338662 -0.391527590010078 -0.0484869840911692
-0.05285209991962 0.123094087981867 -0.41853467722733 0.0506869973339316
-0.0847652379146207 0.148101090542739 -0.230612952411361 0.110498078254596
0.0119629536376776 0.0738594286856845 0.127990584914916 0.057964407061161
0.0228010885423437 0.0271188669011197 0.0791075385120363 -0.237373107093572
0.0312796495701904 0.0226482289119005 -0.20861791959802 -0.256708201011742
0.0665877060564612 -0.0128320602552138 -0.325778868595547 0.0101953093471008
0.0461023498755997 -0.0516210010028141 -0.209940675091573 0.178768348598803
0.0199932697636118 -0.0624134714254163 -0.0816881831213803 0.191379645179899
0.011457650569954 -0.0835617187053135 0.00922395887915059 0.161359954045713
0.0215338107448643 -0.0946342256192532 0.0628213450983371 0.150449411694958
0.068883432617189 -0.107393204479244 0.0728408123631337 0.182036235871081
0.135451809935392 -0.0397043007977555 -0.0167672829238259 0.230214455547006
0.129288175349386 0.0819756476451791 -0.194878891019681 0.205574773919568
0.0423945310835699 0.169364400166279 -0.31608530336935 0.109695702813899
-0.0825450583773127 0.192974109289693 -0.360215184239807 -0.0124217435169316
-0.198623056284395 0.186736078208238 -0.359570413677989 0.0450585715767751
-0.20665037534571 0.181427471454499 -0.163129366404014 0.0551654923349587
-0.0586352582990819 0.170007805858259 0.163489621627004 0.0492999030689531
0.0411835598804967 0.129155937807579 0.144975653278036 -0.259646610082993
0.107405944056089 0.0539581567335937 -0.167024197378671 -0.300953975537636
0.134435774419773 -0.0427320361164522 -0.311963790678983 -0.0402397296766975
0.0812292240872428 -0.112035102065025 -0.212070853212193 0.134403924760221
0.0227041211454574 -0.119845769492748 -0.0835190316379186 0.151326379717525
0.00566895387703916 -0.13405895644395 0.00976055499560975 0.117461821858049
0.0210864118731872 -0.147735279107623 0.0739024124988451 0.092353000579349
0.0890358861310794 -0.176020717408921 0.120111590634283 0.120660620911634
0.196211206161169 -0.09835856934182 0.0830091250452441 0.202508947943202
0.218444948767399 0.0784314813979903 -0.103569402119683 0.247550024113939
0.106135528137083 0.251865571425932 -0.270148992335455 0.171878409450132
-0.11432870642223 0.299369134625315 -0.318393421554161 0.0230216694334461
-0.294636697959717 0.240008067725643 -0.263289113917115 0.02454581371231
-0.305756098006432 0.176711185920556 -0.0500197566004587 -0.00112657223098592
-0.147550452457983 0.240038372384253 0.21910515140953 0.0386704067621548
0.0285430342624722 0.233421216310004 0.227465941414849 -0.262328145735729
0.172767641509789 0.105137023179874 -0.0882118299790362 -0.335602483779616
0.197918249764802 -0.0556459841177667 -0.260962841669036 -0.106334351401425
0.114204892311208 -0.158940941810786 -0.195472561004093 0.0650907262232154
0.0261902380071912 -0.164574486650123 -0.084266260824926 0.0902831253182987
-0.00192127329626343 -0.163905918235833 0.00926063380324436 0.0572987472583434
0.0123161503138654 -0.174095695305041 0.0775720510150076 0.0208379077942542
0.0853928067492073 -0.215147442570548 0.154624420905315 0.0400870102613158
0.212669510793679 -0.149633278179534 0.175511733770626 0.141301766034992
0.265923336329475 0.0390086170503626 0.00586999189908441 0.255306927066229
0.16872440829603 0.270864033660847 -0.199650478455625 0.214413418763874
-0.105798005737003 0.355050765603086 -0.269453065394466 0.04569843113457
-0.333483197668816 0.262925729022847 -0.149346317922278 -0.0120894596727281
-0.354123814625733 0.136851152820504 0.0936050982546796 -0.0478170184833297
-0.229908788100695 0.25540432063797 0.28241188034619 0.0299980850718545
-0.0172097405011729 0.300137738781176 0.30727712485565 -0.231918484518922
0.198143807816066 0.160218931833723 0.0202526992334925 -0.332851307746175
0.234774289778176 -0.0455263827910644 -0.169584571987529 -0.169824924094899
0.136057636725209 -0.177034242897615 -0.15727130963957 -0.0215570676717997
0.0270962562498064 -0.185305370118629 -0.0809271650190139 0.0129505266861011
-0.0096679013049378 -0.16957100596505 0.00628912298084758 -0.0101726018773154
0.000669655819369368 -0.173009941278322 0.0739475403604554 -0.0503698858182417
0.0717714333656043 -0.215109503567141 0.170870610422004 -0.0377103922556037
0.197102757686916 -0.16692633712281 0.236184409681654 0.0675167383052731
0.262680466455751 0.0061284050703692 0.0977598448489377 0.232737131421342
0.185884856899918 0.248747009916566 -0.126548126098094 0.223893955161328
-0.0965899026486788 0.347381838004587 -0.218331694105248 0.0495220863529245
-0.32529809889394 0.241099614366328 -0.0350458911399024 -0.058139386890384
-0.333072813586804 0.0763970481426969 0.238844806757395 -0.0757349245921015
-0.265489489759464 0.209385992345578 0.341362883816691 0.025769504926503
-0.0686051980926351 0.294487704552956 0.356110029603117 -0.175674936451777
0.173012357666574 0.182956330885998 0.125372794003531 -0.284710389708102
0.223872103597493 -0.0228971206682351 -0.0563079239653981 -0.207620006902862
0.132516124574896 -0.161317462630323 -0.102637697706098 -0.106416678931655
0.025084735716987 -0.174395803844109 -0.0736161889680174 -0.0674257909631074
-0.014283286644367 -0.148732259166454 0.00318420474507489 -0.0754247104887904
-0.0094062577791789 -0.147311278126609 0.0674713087051934 -0.111325660273437
0.0541035071651394 -0.184138569801627 0.174943985083357 -0.0997055282431414
0.164554938620425 -0.149237525106214 0.266318706199104 0.00732567486744291
0.226633919530753 -0.00243957240107084 0.156946209214222 0.200706869618866
0.154923119648216 0.213714213436056 -0.0693977812155835 0.213059256390249
-0.100805569623292 0.289759364001598 -0.169299862743892 0.0444385110868237
-0.283787630643343 0.174753778282211 0.065413720341142 -0.096841632105592
-0.24092007084718 0.0119174156029945 0.350890008474258 -0.0857913669193005
-0.228189703913591 0.126355966385872 0.382108486113564 0.0284242917146742
-0.0847582031830218 0.216892414616686 0.37003108687131 -0.114319132627388
0.114940573934533 0.149084067992375 0.197539223093261 -0.21675466489926
0.163047416858122 -0.00847117185657036 0.0426219775503047 -0.220046848931219
0.0987022551918816 -0.118097533475971 -0.0487679603929063 -0.173990678797679
0.0154200493225414 -0.13094997389389 -0.0644507001311502 -0.135444362391058
-0.0161215188815048 -0.105673890810633 0.000321677926456613 -0.12767736639031
-0.015643092745932 -0.105584343889015 0.0631677959554032 -0.156494832096677
0.0336893558189106 -0.134840734953056 0.177178701073499 -0.13963409576523
0.123296098207445 -0.111963687999284 0.279808276355104 -0.0283738527287931
0.175083594494586 0.00269928622647429 0.189456093988903 0.179145021434086
0.100896658298986 0.176420360665423 -0.0310989107879008 0.198968760248075
-0.108586917577538 0.206786179938648 -0.126193559531387 0.0387049698102027
-0.219476956710132 0.082087946814597 0.144328487015401 -0.115213251791207
-0.102175234069271 -0.0455747064945564 0.405078445197252 -0.0849251751197841
-0.130761782687304 0.032614165204525 0.393331017636493 0.0258054352240154
-0.056974152766097 0.0966630164465839 0.361922965840671 -0.0747039077348097
0.0471278232328889 0.069714877825129 0.233650791236943 -0.172902756594838
0.0691852117124543 -0.00555714042286454 0.0951310870664669 -0.223473836947339
0.0415968775465788 -0.0578179804317238 -0.0192606596087464 -0.214221321110116
0.00139804733339707 -0.0640109114974471 -0.0606255432573129 -0.177099582230393
-0.0151481411230967 -0.0477910791814768 -0.00263343624781358 -0.159451845848779
-0.020034063417892 -0.0536580276620311 0.0621290514091945 -0.182070206243565
0.00881561784581271 -0.0775600291213341 0.181970426523512 -0.160244845924568
0.0734317824695059 -0.0710203023161958 0.285292854077199 -0.043330434249571
0.118606126396618 0.00706788024577642 0.204336249478104 0.174328066095384
0.0463124940244232 0.130893881737178 -0.0114616595615179 0.194450779316571
-0.103644157592195 0.110369032320183 -0.0972691104214714 0.0379100394707757
-0.131606782831476 -0.0159631974212751 0.1953797083254 -0.111098318326155
0.0347426145850611 0.0840001988270402 -0.246282568849829 0.16333457070406
0.055104502453554 -0.0250347369614773 0.122451990334597 0.067236286443007
-0.0108911012585013 -0.0518692566619179 0.0456973541999496 -0.216396487963441
-0.035555386518338 0.0089589190738877 -0.223745455339063 -0.226075439302192
0.0055422975147017 0.0222624264080681 -0.322767311082873 0.041106102411384
0.0160029396075419 0.0115497031254159 -0.199843889644529 0.202210470767497
0.0198338038986999 -0.00197238384977149 -0.0776284548240284 0.212993589160883
0.0150128209446167 -0.0211273519470988 0.00752200565443009 0.186664866548166
0.0130925601457134 -0.0243449672056925 0.0524375469881305 0.186274267150306
0.0215582796707359 -0.0250355935324071 0.0332116136975776 0.213392673703529
0.038449975778112 -0.000671157612094838 -0.0898115868177381 0.231432418131872
0.0308511689834109 0.0276662054027687 -0.246460888849253 0.166451123640382
0.0228040735635406 0.0357531871925083 -0.336570661112961 0.0607758761805259
0.00643251342343958 0.0710042211138702 -0.396176894113979 -0.0470638088640742
-0.0523018205272993 0.124449453046654 -0.422453577327701 0.0570831182279376
-0.0831899015250459 0.149564057447458 -0.229156121011555 0.11939193584937
0.0123082014864608 0.0734435808391373 0.132303979055174 0.0614579947555623
0.02307769549684 0.0276240517560969 0.0786275221893854 -0.240044641489499
0.0330445822992968 0.0224379865401336 -0.213856575445131 -0.256749199742891
0.0672490909982091 -0.0163781319273686 -0.328750507154311 0.0149746460466344
0.0456481218065296 -0.052754280148405 -0.208291457584886 0.184165769111745
0.0190811419523212 -0.0639353197987898 -0.0787751519206129 0.195214284862145
0.00985643055871788 -0.0849043621858962 0.010900654550114 0.164061920887494
0.0198051751001988 -0.0968791519750222 0.0650879172999013 0.152107350536535
0.0672901679452016 -0.11097602833206 0.0748256542632176 0.181971476069492
0.137186093248955 -0.0433110148832956 -0.0142837154526704 0.231268341611366
0.13285474394641 0.080705925762853 -0.195956466524829 0.21124387135629
0.043914083856484 0.171064615848844 -0.318515118103588 0.114215696214833
-0.0832874983849526 0.196534467336402 -0.364303188929367 -0.00977846618955303
-0.19979102107063 0.19067746689474 -0.362901536489001 0.0516119342439454
-0.204946936172481 0.184730116628509 -0.16263697722563 0.0626843293278388
-0.0572002272646959 0.171539672031337 0.16770788313542 0.0531646810285846
0.0422453355303684 0.130200555396922 0.144099031607043 -0.263082465683992
0.110379498347251 0.0528396668254197 -0.172161530865599 -0.302376214774684
0.134789655484812 -0.0474669108413171 -0.315257205749624 -0.0366788693948418
0.0789880559855761 -0.114990792782524 -0.211347562007868 0.139453528555868
0.0199074195947809 -0.122136977078896 -0.0821666526471122 0.153924610767621
0.00390332791069038 -0.135923644148285 0.0110270971806077 0.119078300165987
0.017814498913865 -0.15064921838619 0.0738924571333826 0.093060591985476
0.0855638352833846 -0.181490178212475 0.121893885226224 0.118824768766458
0.196009804594185 -0.103961765886614 0.08621282631382 0.200515953629201
0.222920940187499 0.0752878180238589 -0.10162887534233 0.251904584721752
0.109598690612414 0.253780774119323 -0.271520363665064 0.178033447938506
-0.112406622089433 0.30389654611067 -0.321853548333846 0.0274948761012517
-0.296108225278555 0.247509760941628 -0.265483608882914 0.0300320152504603
-0.304824749128538 0.181598185835621 -0.049971034683484 0.0033980209359595
-0.145973480730827 0.243450617920024 0.221677722272394 0.042875750782564
0.0312348652264422 0.235982759125587 0.227881256348789 -0.266514518396533
0.177401586523288 0.103706963453198 -0.091869000348674 -0.337823789587891
0.198974124476693 -0.0612971920483441 -0.264352837934863 -0.103972959472185
0.110938319842286 -0.162583388646068 -0.19662600720885 0.0685846677060148
0.0227511161290572 -0.167072879216294 -0.0834413321042261 0.0915134443006614
-0.00429650027848022 -0.165659312965064 0.0089998807878469 0.0574187516967704
0.00899925693695918 -0.176403184115856 0.0764379803491634 0.0207109915330212
0.0811388939464198 -0.220156815781168 0.154592904247417 0.037375842945408
0.212028144339466 -0.155430581231372 0.177967756096411 0.136146989448688
0.269627453079249 0.0345002354217952 0.00840869706307781 0.258954528188133
0.173199213744463 0.271627534732049 -0.199627617416893 0.221186804610305
-0.102152161570017 0.360568011263571 -0.271663979959275 0.0504905291947603
-0.334734279297435 0.271874333805512 -0.149548637594474 -0.00845273978285118
-0.355168042058225 0.14174974535467 0.0938094566611118 -0.0464203285101719
-0.227723898938244 0.260011902899397 0.284858822987458 0.0330950761382736
-0.0141038853529859 0.304407774062199 0.308386500399802 -0.236192394259191
0.203285129748182 0.159165543794272 0.0176841173928296 -0.336613610700193
0.236939848516688 -0.0509279312931955 -0.173285287589301 -0.169934943821437
0.131762218374652 -0.181717968534077 -0.160023515696207 -0.0195239744143867
0.0236022518491693 -0.187985494387714 -0.0818331124368546 0.0134316394269395
-0.0114053550608353 -0.170593985968627 0.00534045957513577 -0.0108345626290822
-0.0023044558322215 -0.174480463650835 0.0717790544680317 -0.0511275947979679
0.067444336054702 -0.220474343073487 0.16957584377316 -0.0419285834476308
0.194974108060446 -0.172498183611205 0.23793520500367 0.0603003620791692
0.266169999362262 0.0012611552351699 0.100582232854247 0.234390202173877
0.189753781601316 0.248633411631103 -0.127085866951688 0.230464781414218
-0.0921412537244876 0.3514493412767 -0.219088521758249 0.0546650749622396
-0.32598486201244 0.249420185718488 -0.0354622694510505 -0.0566724730099732
-0.333566476110436 0.0805285002428172 0.23985452982442 -0.0771544872777319
-0.26362639278143 0.215372838041626 0.343708982685086 0.0274494095355828
-0.066278851181484 0.298707028547606 0.357135350282725 -0.179933139892259
0.177907095564713 0.182202819283466 0.124329758205582 -0.288468319220748
0.226020933241352 -0.0280321817327584 -0.0599336588485345 -0.209337689308884
0.128724958395182 -0.165545577805802 -0.106072705477166 -0.106330214923774
0.0208400896828222 -0.176717386854157 -0.0754618089133416 -0.067443681018174
-0.0151880027531236 -0.149537550800249 0.00169161457866315 -0.0769168597955295
-0.0115084856189354 -0.147532472953805 0.0643449037065012 -0.112980166949092
0.0507460598004992 -0.188386553696134 0.173377949325732 -0.103981292181194
0.162629476560411 -0.154381993602523 0.268153906305664 -0.00120441674197099
0.229113591302336 -0.00669920000949779 0.160053285098153 0.200420310743906
0.15763302146201 0.214561325596939 -0.0694921056703388 0.218806775563964
-0.0973377416440695 0.293320035201538 -0.169562783467312 0.0488999109438562
-0.285050547294791 0.181197192079961 0.0647001858659934 -0.097993976567507
-0.241756399075625 0.0148842149652154 0.352608203978652 -0.0888506001847682
-0.227573934894868 0.131168862690628 0.384925577617628 0.0274584002439972
-0.0834093534518655 0.220377423283934 0.371411760248328 -0.118413152198473
0.119573705266795 0.148900103154027 0.198921813546842 -0.22116683947442
0.164664881736136 -0.0120740048282622 0.0395158122143638 -0.222870848723085
0.0952126464813925 -0.121353680863938 -0.0534501098994523 -0.17506548110654
0.0126544883373715 -0.132415497874229 -0.0682329396432175 -0.136300720294302
-0.0161724169702542 -0.10629316413813 -0.00224661950887354 -0.130090628449352
-0.0162258126590734 -0.10501189216221 0.0596065789993809 -0.15885223461145
0.0314183108925187 -0.13726395020491 0.175892454628575 -0.145271704324221
0.121044608129996 -0.115820709753082 0.28118090398127 -0.0367240615097925
0.176858655998344 -0.000280648687560113 0.193237836933222 0.178553313717271
0.102756786105855 0.177289125891758 -0.030749362237057 0.203743999907258
-0.106151434658097 0.209252909340567 -0.126014460977065 0.0421367804462551
-0.220247556551343 0.0870193938122005 0.143591549667674 -0.119097256639617
-0.102072463627594 -0.0445055245767472 0.408105589954493 -0.0910421055077638
-0.129360489882785 0.0347772091412113 0.396088018797375 0.0225716094054362
-0.0566660869212696 0.098749856983195 0.363246708613364 -0.0787570971621619
0.0490622930135044 0.0694977340525355 0.234887650474174 -0.176705415067365
0.0702567201884034 -0.00691409887416511 0.0930282388526533 -0.227148937346127
0.0390655260360181 -0.0587049582376774 -0.0239746232252231 -0.216167947341941
-0.000259669560334191 -0.0650107351501512 -0.06482909002539 -0.177988848420927
-0.0147991533678764 -0.0475417817013664 -0.00610691923771781 -0.161944993757715
-0.0201442641709767 -0.0521504619724015 0.0590513772947145 -0.185104015066792
0.00710055820490707 -0.0777143526729815 0.18027353572955 -0.165736535473187
0.0718241924501845 -0.0731876743609245 0.286453533410392 -0.0499018119469536
0.119507860678181 0.0047072545881761 0.208527395700051 0.173198632108667
0.0470858531285648 0.131616706837526 -0.0106436398131164 0.19802435587519
-0.102585439558682 0.112030230496795 -0.0973419695278309 0.0394467687945971
-0.132880917568508 -0.0142014307540479 0.194022967937051 -0.116883233329607
0.0390835231605637 0.0825522307573309 -0.239706491528437 0.180352595234735
0.0541137144797328 -0.0278607976779307 0.13159249314646 0.0639990031986544
-0.0129791069583515 -0.0521796121411805 0.0375545592565626 -0.221014212401629
-0.0347809201464737 0.0108037837586139 -0.24006486051379 -0.218945252557823
0.00664094257366146 0.0203146220406306 -0.325971619359852 0.0565976507214189
0.0180278049967435 0.0110442137926189 -0.191476576466637 0.215699572807259
0.019965689073224 -0.00303894781254328 -0.0684557823024833 0.222178633775472
0.0138198522506355 -0.0232280078195417 0.0175730156202278 0.191184085855929
0.0116633696028411 -0.0261381509951127 0.0634598854411219 0.188115861071164
0.0198728049025215 -0.0273820349066209 0.0435625337133806 0.216183581740136
0.0399649512656395 -0.00307537679652366 -0.0812751562169581 0.23990709109907
0.0328166851235632 0.026969681615247 -0.243596650140869 0.181092325025562
0.0239653771260108 0.036333539920875 -0.338657384983261 0.075676773385061
0.00799746950013787 0.0727725945165435 -0.40640842464918 -0.0306277142803867
-0.0472972466299669 0.128398620981761 -0.426353820313904 0.0784120573482182
-0.0766594669128478 0.154213805722629 -0.224585384517329 0.135566002982226
0.0152351755177969 0.0736838064945206 0.141208493951759 0.0593245474639149
0.0249935586929836 0.0272570008582591 0.0707047717276128 -0.247959478714189
0.0352971790865888 0.0204964689284824 -0.230587810683277 -0.251559288984687
0.067000348654468 -0.0217908739900441 -0.333395141615937 0.0307686932071048
0.0435310655358361 -0.0565761296370882 -0.201475680039198 0.198417280761268
0.0156210138093255 -0.0661200634806258 -0.0702722491982546 0.203505557365597
0.00545025289307708 -0.0880605073475377 0.019100335685775 0.167733810272983
0.0145790959126707 -0.100835845957439 0.0733977979266183 0.153106275254564
0.0610589748501862 -0.117274782492616 0.0845380094823395 0.181255086638806
0.137424243286751 -0.0519068357312927 -0.00497200840656502 0.235952161237013
0.140370038604477 0.0751963006209892 -0.189502256281974 0.225333839207189
0.0520379177312334 0.173146464990921 -0.31851533695972 0.130977940927649
-0.0768919508983368 0.204133358020216 -0.372486440301238 0.00612768160125526
-0.194677347371338 0.204822506805963 -0.364827079737392 0.0714358054613022
-0.198616655363566 0.195960892898325 -0.160406632230311 0.0755679159178429
-0.0499666378832634 0.176324266018929 0.175439783596208 0.0505190437559405
0.0492572964984564 0.130216328220031 0.135762170217073 -0.274367667085539
0.11513783226751 0.0478846945469236 -0.18937095132253 -0.299854599989296
0.13435266699877 -0.0576901263747163 -0.321304023228433 -0.0222248987549399
0.0735559611068044 -0.121069308970296 -0.207442630396174 0.152753089093627
0.0135631225972453 -0.125421906619316 -0.076117676114967 0.160707441351427
-0.00354849621017644 -0.139297020535438 0.0167657974589931 0.121716876197024
0.00943543241620818 -0.154797677678327 0.0790351639005404 0.09220092395039
0.074751278964043 -0.189909982177192 0.128072228164291 0.114666783655438
0.194139807376253 -0.117607496625707 0.0963448116975621 0.197651934963094
0.23135512380316 0.0641950270346167 -0.092042782819007 0.262753727380217
0.122752141887017 0.25307085237593 -0.267985378317814 0.194582623099928
-0.101250406164853 0.315108247292911 -0.326310325065554 0.0441841173918813
-0.289909869000721 0.267438186189688 -0.266166357214694 0.0448382100723816
-0.299492792587567 0.197544485943969 -0.04953534307949 0.010304707813495
-0.13586915489467 0.253841873563373 0.229212428189356 0.0386365834076783
0.0422725652119461 0.238569365547131 0.220727470873321 -0.280959089497958
0.185317448670055 0.0964589105098189 -0.108963464646594 -0.33897104119953
0.198291180132117 -0.0745862298484402 -0.274128112239345 -0.093336521550674
0.102580019451399 -0.171892786829808 -0.196126144063472 0.0800269397007672
0.0133638459182774 -0.171356388739055 -0.0804117621084935 0.097075224578051
-0.0126043800899793 -0.169211982462335 0.0114607603152297 0.0584899792340015
-0.000313466800103344 -0.180597950161447 0.0767566881675851 0.0178434478383507
0.0694479387467324 -0.229960480299742 0.157652670005749 0.029477651846991
0.206081987668233 -0.170573664963798 0.185886542660478 0.125798376823934
0.276796463991377 0.0201093080352679 0.0211088334903256 0.264147690481692
0.187673351602754 0.267951398783408 -0.193101684701004 0.237224800639395
-0.0876092732408672 0.370996411002839 -0.273034176383532 0.0655431326460014
-0.328009012776697 0.294584925225017 -0.150945176100886 -0.00029870107217415
-0.351818082742211 0.159517898351445 0.0929726632743256 -0.0479960686465409
-0.217795118794412 0.275992958900394 0.290802809655072 0.0261327959507934
-0.000131888000211676 0.311282902617571 0.302765475630568 -0.254086519399307
0.215406760183115 0.15089771775777 0.00358912419814426 -0.343250315174647
0.237125024689373 -0.0666027454915826 -0.183960659690823 -0.163920618699045
0.122518171527229 -0.191959809983676 -0.164157637304192 -0.0109875626733114
0.013043958805322 -0.192481302604952 -0.0826459660121034 0.0172384773506404
-0.0193029771506267 -0.173058773132926 0.00423921799313705 -0.0116041140567194
-0.0113215986348901 -0.177073407700561 0.0681885335983298 -0.0549378585944546
0.0551475279696412 -0.228848209135287 0.168633436090383 -0.0515660832599177
0.18833302877006 -0.187385840523961 0.243165496810422 0.0456776167372512
0.270689583108061 -0.0137155181368462 0.113607149090053 0.233667127318856
0.203931565732859 0.243928749419468 -0.118925728113748 0.244002620029445
-0.0768282822159105 0.362138541304905 -0.219338833711655 0.0670085372043055
-0.319703458470396 0.271946553959505 -0.0372703256305905 -0.0559503963238454
-0.333904933954036 0.0960218468695506 0.239405743108008 -0.0865409856842518
-0.25583485207509 0.231315623151176 0.350065300746001 0.0167285125723309
-0.053451729218006 0.308550478255946 0.355034956389749 -0.198681146084422
0.190568449566895 0.176118089910463 0.11439084616238 -0.298496937000772
0.228352167232401 -0.0415894018700699 -0.0698184498841714 -0.209758668005992
0.119699756775415 -0.174754331305978 -0.114356999101684 -0.102349432227499
0.0108555469434167 -0.180745332360607 -0.0805569953415763 -0.0650340965910693
-0.0220963727111978 -0.151746512695116 -0.00301157777303637 -0.0789085584053785
-0.0183515100465357 -0.14917087361893 0.0576588337442191 -0.11759299091601
0.0403260585984322 -0.194701080506509 0.169266602329337 -0.116270581735144
0.155876094765472 -0.166270517834475 0.270304049663249 -0.0175581829546292
0.231809253663504 -0.0189607717469669 0.173353674833011 0.196921527116733
0.170093345846862 0.210999261126196 -0.0608390461415726 0.228964279579537
-0.0840118711117452 0.302619608922284 -0.168565363024507 0.0589028044296183
-0.280472812129012 0.200223627925483 0.0617679033923653 -0.102464039330386
-0.243770021914033 0.0264954058080424 0.353524430154556 -0.10593246787867
-0.223026022017809 0.144170975120787 0.391194584945523 0.0135455807920972
-0.074475266840392 0.2289747260448 0.373104144697669 -0.135801876054646
0.129074895771747 0.144690097200148 0.193333485140524 -0.23306579855908
0.167043237101964 -0.02157459350855 0.0301671323817079 -0.227997981229785
0.0883118755433744 -0.12803656093787 -0.0648448343947389 -0.175302543556517
0.00485829873947518 -0.135518380599321 -0.0768690331708093 -0.135141748162456
-0.0202116790369881 -0.107272570579116 -0.00966690927516218 -0.133479213431103
-0.0212313949248545 -0.104664500981036 0.0511631941427993 -0.163982122303513
0.0239884661827575 -0.141042761388367 0.169948945781985 -0.157561737237223
0.116317171432712 -0.125271850747586 0.282570997055415 -0.0542437896242671
0.179056182459139 -0.00989102473181064 0.204913992631248 0.172802222882469
0.112258077344246 0.175687720769138 -0.0228028166201305 0.211345118847488
-0.0971401680865176 0.217100096931485 -0.124446294426261 0.0494380044846866
-0.219419191847361 0.099653144392384 0.139243339723384 -0.127969675311102
-0.104493090839012 -0.0404152556980607 0.4102861525372 -0.110466948480426
-0.127662076134901 0.0412992057407512 0.402957271782062 0.0060845233101035
-0.0531851923745755 0.103223041189545 0.365740008678557 -0.0964368454692204
0.0537421097185037 0.0677751656329037 0.231904616751191 -0.190110596454127
0.0708441261650406 -0.011071933684255 0.0843447118892829 -0.234984944234834
0.0345544715843697 -0.0611519206358357 -0.03685053148772 -0.219243595029906
-0.00460538887728538 -0.0662705258539442 -0.0765673825958372 -0.178918347232246
-0.0157640102233597 -0.0475130720963515 -0.0152654982257096 -0.166717215358254
-0.0218673761360222 -0.0506014675689294 0.0492777727756706 -0.19105223901896
0.00354754171101984 -0.0789289708584871 0.1740218773017 -0.1785459050328
0.0687260318774305 -0.0786086422632656 0.288394966493704 -0.0674866666660113
0.120888834031885 -0.00215578508270379 0.220691151688576 0.166006081152359
0.0540224051966852 0.132424620270335 -0.0029924229713351 0.20370087372057
-0.0980088024423366 0.118211923190413 -0.0961718934064703 0.0450079313118278
-0.135726876835186 -0.00748353799412298 0.189348314352848 -0.12862911316688
0.0446785521834242 0.0780180374672329 -0.220132476654758 0.196817449560291
0.0504897554537435 -0.0318827691938531 0.138688928970961 0.0552276191844188
-0.0159928827362976 -0.0505666423819383 0.0240885895148196 -0.221482555724836
-0.0335947188178519 0.0130603810699307 -0.254445413831731 -0.199553586825228
0.00815163357482385 0.018473628461857 -0.319830428830303 0.0809432356187103
0.019434493491706 0.00947427378954197 -0.172100169694773 0.228048151264015
0.0193740775531538 -0.0049613964865611 -0.0504541302341331 0.226421240354834
0.0112478551451623 -0.0249295636212314 0.0315987985916002 0.190164301446196
0.00930424069667135 -0.0277006364365505 0.077981725089701 0.183015384301657
0.0176248172168337 -0.0291699648217132 0.0586417025175684 0.211532586901373
0.0398082596992636 -0.00681194337041388 -0.0635381318665894 0.244730723341512
0.0352514438220884 0.0237098245236199 -0.228920333558749 0.197442995346669
0.0253004756514064 0.0352402895201918 -0.330403211741736 0.0967587126206557
0.0109227283641167 0.0721947989215566 -0.405799170458911 -0.00419602988246274
-0.0388653397054281 0.130403715334303 -0.41603531815338 0.107606987304809
-0.0644848593566268 0.156838954899204 -0.209406999183124 0.153411067655955
0.0193859616874621 0.0714931829866982 0.147565203679673 0.0509960064487495
0.0263989158649365 0.0251892166191014 0.0540715123633995 -0.250041762243682
0.0365874840785571 0.0175040687279835 -0.245911573106939 -0.232353801088661
0.0643555149669259 -0.0281292475652183 -0.328457444158382 0.0543164078746219
0.0390964013316205 -0.0593759318129809 -0.18371180728724 0.211360037300667
0.0100875058767637 -0.0671747317527871 -0.0543816028574472 0.207711200636339
-0.0012403946763399 -0.0888391640660676 0.0314785798200348 0.16651567893935
0.00614886765410564 -0.101913647563476 0.0845378301766911 0.147126687515124
0.0503021375331537 -0.121855447250913 0.0966409757533323 0.173751866806427
0.132510809051579 -0.0626559427526354 0.01146697557887 0.233850809534636
0.145129926335665 0.0635986161194622 -0.172526037250476 0.237734193324633
0.0627134593669505 0.168941758853892 -0.306361931272865 0.152016871209346
-0.0641084785844654 0.208702468986525 -0.369018972519966 0.0314739367861206
-0.178938803636032 0.216549194455722 -0.35425630996777 0.0975978467335549
-0.182475612776929 0.205615240074639 -0.15114103561187 0.0892150123666721
-0.0375043584180017 0.177486540011306 0.180469033957396 0.0418493760452818
0.056825293137437 0.125939954677266 0.117672512784354 -0.280692712700788
0.117598323819251 0.0387649819422511 -0.208028384221129 -0.284105940091192
0.127198007964853 -0.0686246774480114 -0.320460187851946 0.00104925609530626
0.0625526448328921 -0.125997523570489 -0.192799597214665 0.166926471542557
0.00366801732947728 -0.125135900604561 -0.0631394394697218 0.165157638477783
-0.0137057228360559 -0.138599963785249 0.0249133600912156 0.120342576359647
-0.00294111502527903 -0.154668421040126 0.0844574439723238 0.0867270243492411
0.058507094966673 -0.195166113124969 0.13434440042389 0.103939314992439
0.183228331690871 -0.132380070985326 0.107781053159574 0.187114485249896
0.23450478194042 0.0455486543350817 -0.0728836672917024 0.267984782304909
0.139157743134959 0.243646802199558 -0.252228912299206 0.213080993950509
-0.0791277360550126 0.319916319639023 -0.320076104042531 0.0663918273867591
-0.268473185812984 0.287467954611398 -0.25836367184915 0.0643714122524888
-0.282595790960103 0.214557564887051 -0.0470706885477126 0.0170625264550048
-0.117182149703041 0.260442001241405 0.231886149123081 0.0276234250873197
0.0582075382728716 0.234344507917482 0.200617426450515 -0.292633439062653
0.190863859838952 0.0815448739696756 -0.130314641977561 -0.328812940670297
0.190192128188143 -0.0906443098041715 -0.277356656948928 -0.072962774393975
0.0865677365932871 -0.177635998047426 -0.188378097477134 0.093873661629847
-0.000319308149299181 -0.170201696179097 -0.0726848219537126 0.10151808450006
-0.0252584116006177 -0.167120496480543 0.0152759728577901 0.0579595411758528
-0.0148354670211686 -0.179618585268114 0.0759234056919601 0.0139381814155452
0.049120461307763 -0.23363021131939 0.156874833600115 0.0173570632197963
0.190826771839673 -0.186864328220552 0.190840568856813 0.10907249403567
0.274956346946888 -0.00165977185130049 0.0391885950748015 0.261309629568121
0.204866954091542 0.253097763166051 -0.174447763960219 0.25061424556658
-0.0607635629835769 0.374770227541378 -0.264745879970229 0.0846897726591248
-0.303648841645983 0.318012023542743 -0.146715159769356 0.0113940860342931
-0.336418526834719 0.181070571534367 0.0891508141183002 -0.0506147960765224
-0.19547534383628 0.28756616732515 0.291292799291333 0.0109875270956219
0.0215450896898988 0.309584603429054 0.282700655011805 -0.271794509396096
0.2251554104512 0.133297800558789 -0.0187470620223116 -0.339249502272895
0.229490410833407 -0.0851579766474846 -0.192696354580313 -0.149330381780861
0.104412410868018 -0.1993350551127 -0.163077859462867 0.00128214422213489
-0.00257914254685744 -0.191253024491218 -0.0805927755483626 0.0229743620330268
-0.0310133045674018 -0.170588970377798 0.00247698145179187 -0.0121886945102253
-0.0240216228756736 -0.174724744230071 0.0620551038050252 -0.0581571005051961
0.0351034270573692 -0.231752790935311 0.161858418810218 -0.0640179982198124
0.170682944096133 -0.201448650442791 0.241093286118913 0.0247515033515221
0.266252841570346 -0.0341820147460459 0.128685418885495 0.224876347281931
0.21852772863815 0.22801342095439 -0.099218506781656 0.253066159782509
-0.049303358781683 0.364053256163708 -0.210714439841544 0.0830987019848625
-0.296340161618094 0.294481224036783 -0.0387944771237897 -0.0520664934308961
-0.322605926533567 0.117472480666716 0.230805965860696 -0.099802386695538
-0.236277931078117 0.246601217018506 0.348209016435367 -0.00295990591288847
-0.0309201415195995 0.311180033220458 0.338134091233385 -0.220120162054803
0.202875602029584 0.159634200142734 0.0941256858925945 -0.30326527563851
0.222716688211734 -0.0598484774254047 -0.083042467745136 -0.202643538166691
0.103414092976989 -0.181441711954891 -0.120962253114052 -0.0925777096171057
-0.00354744811323376 -0.179315673451357 -0.0855148649798255 -0.0595387334177151
-0.0313237829053657 -0.149001109871667 -0.00995384089775829 -0.0790900570682087
-0.0286342037037637 -0.145990467039037 0.0467443502027005 -0.119516896960265
0.0233764238827566 -0.196546303840159 0.157292453380141 -0.12767742511942
0.140942380115042 -0.178130156329113 0.263567354734326 -0.0400199456341007
0.227137083427404 -0.0372819336261163 0.185148007192371 0.183522393305984
0.182597289104283 0.197612271131721 -0.0440107520354449 0.234310059724824
-0.061156838692355 0.30584927000276 -0.160637463672714 0.0706205391648602
-0.262653145869327 0.2197615563899 0.0546918071977429 -0.10610502130288
-0.237927959638447 0.0417340494309277 0.342010833001505 -0.127214195629069
-0.208628697734207 0.157923061407895 0.388169089895132 -0.00989223127169204
-0.0572737326032786 0.233544305201621 0.359187666939527 -0.159914845097487
0.139115479325953 0.133391682534147 0.17677697908671 -0.243471515482877
0.163903542300671 -0.0351472441999665 0.0148792610251998 -0.22837360949494
0.0757331143646314 -0.13288551760489 -0.0772282736277791 -0.168100435067432
-0.00671094551808621 -0.134264331146832 -0.0869399464812462 -0.128701845660899
-0.0265720479180055 -0.105383100006322 -0.0202135017398159 -0.132663934026224
-0.0275379176975975 -0.101053760655373 0.0371555488172498 -0.165396394451267
0.0121078993080541 -0.141978713404119 0.155322498233475 -0.169881546444823
0.105009012290723 -0.133459932878249 0.273601611031309 -0.0765282668132309
0.175920663829374 -0.0238443576689308 0.215538393571115 0.15661288176213
0.123081791859543 0.16622820840601 -0.00794935251830572 0.213877301819268
-0.0804544363858863 0.221712378391564 -0.118284308304645 0.0578952284804075
-0.209193177549594 0.115430411994509 0.1281262508205 -0.13765837509941
-0.104638960503483 -0.0334412828017717 0.397760980283552 -0.137562387231149
-0.120934591259719 0.0493697503803737 0.398627190578962 -0.0199138462399877
-0.0453261974322006 0.106735522910433 0.354577261934052 -0.119205272719944
0.0579910464434162 0.0622169745892116 0.218294444019376 -0.204298394986057
0.0692636524043319 -0.0173123902863062 0.067583484287434 -0.239235070044951
0.0284407756288351 -0.0618937653332739 -0.0534346028291414 -0.214801425361661
-0.0102954546895454 -0.0645068434907637 -0.0903106964212185 -0.171449957685223
-0.0179578033085623 -0.0463286204973685 -0.0287586284668375 -0.164834622855227
-0.0239096040270872 -0.0476011485867596 0.0331951880347102 -0.192496808424601
-0.00260884193448069 -0.0778650443919414 0.157704592292416 -0.191130898284911
0.0617585696296057 -0.0827784139527978 0.278226441419393 -0.089117986241698
0.118726502278618 -0.0111407900755812 0.229839861638878 0.149224213793298
0.0631311172545398 0.127888742101602 0.0109836641930141 0.204178381085561
-0.0881388743554586 0.12355629483556 -0.0913764537360232 0.0505823399391633
-0.133820490436268 0.00307992587341111 0.176297678160055 -0.14137406869112
0.0465248942524502 0.0703790156814978 -0.194185142598008 0.203428853698318
0.0453139332947071 -0.0342683729432028 0.139675124658021 0.0443825082872397
-0.0181500115935805 -0.047886239562356 0.0118702267842201 -0.212907973761117
-0.0311029181407666 0.0141983039402371 -0.255885792888223 -0.174208215841902
0.00850010750815324 0.0161783810199411 -0.30070926998065 0.0982356940526464
0.0201181966642286 0.0067381878414021 -0.148418900983927 0.228978340534752
0.0188359703348809 -0.00668392077492782 -0.032086005679374 0.221114270670595
0.00865627500741271 -0.0256246524361796 0.0437914855221223 0.181847104293792
0.0061803696786335 -0.0277879760124694 0.0871400602226346 0.170758743137503
0.0141997409793676 -0.0294481139783816 0.0696015369564338 0.199302806666203
0.0385128185312531 -0.00970342762869014 -0.0460215944409161 0.239139718814473
0.0351471035485751 0.0204542561253203 -0.207748240335881 0.202707509572914
0.0259071431860138 0.0331899725838475 -0.310670368349297 0.110821464679744
0.0131760613057874 0.0690862546639117 -0.389258963798553 0.0194039400815025
-0.0293485588532157 0.126414773723695 -0.390559041776286 0.127496872237599
-0.0522003074891067 0.152160796574158 -0.187276095989448 0.161150809152515
0.0218779478838715 0.0668723829004256 0.148777364215329 0.0417467162668597
0.0261615417759695 0.0224978156954042 0.0392707259023319 -0.242103959697457
0.0362745465113871 0.0139787443200106 -0.249540157979186 -0.207531430091735
0.0581692621299627 -0.032488199218097 -0.310179830352201 0.0733977520645056
0.0330426918862888 -0.0601401932925297 -0.160344295022185 0.21350958075785
0.00569235508375889 -0.0649061048383428 -0.0376875424011648 0.202477417573147
-0.00789300357246559 -0.08581837381469 0.0412539987146714 0.158729392220462
-0.00203453460170478 -0.098409546641898 0.0910766807724838 0.136787864726461
0.0390802048376291 -0.120477239048465 0.10293662044428 0.160177080584794
0.122462692944181 -0.0699695766207484 0.024018392729617 0.223100953919337
0.143288621715785 0.0509378291397726 -0.150501243238005 0.238983123545869
0.0698142349488574 0.159436268384379 -0.284149022618692 0.163174002864499
-0.0496848520227908 0.204290404005186 -0.35042574076154 0.0517282701911405
-0.157958347369302 0.218940742003 -0.330798062240348 0.114133273827499
-0.161489610815258 0.206355078187637 -0.135416936494624 0.0973335580429736
-0.0257244338266947 0.171346557229091 0.178997314024302 0.032430562894295
0.0620223024420083 0.116850918389368 0.0970004752222298 -0.274423723875425
0.114987421307483 0.028886509383856 -0.2151992159382 -0.258812948691301
0.116139354464895 -0.0753503834784241 -0.304962100082291 0.0211123088856713
0.0503989758525204 -0.125200780398678 -0.172163242336952 0.171628669668862
-0.00510622266152762 -0.12004448949053 -0.049213558992517 0.161780550337877
-0.0224401997684868 -0.132733331933549 0.0317154948795164 0.114484983888298
-0.0134642305105808 -0.148655669034681 0.0863666953498578 0.0788761169508473
0.0419227256471437 -0.19146052754362 0.133769584969873 0.0906515865397903
0.166980445386101 -0.140502360474279 0.112342798230048 0.171464480555672
0.227160308032679 0.027900498916518 -0.0532297399540568 0.261465880831011
0.147490904049179 0.225857362420799 -0.227367735691055 0.220319441738844
-0.0570441181062773 0.31251451222466 -0.30047631771456 0.0826256493699077
-0.238561746292462 0.292392820433838 -0.240342591944221 0.0774052918711238
-0.256325097566685 0.220793092535067 -0.0421933405122357 0.0226926758939604
-0.0953024335094103 0.255223062624683 0.225907593618086 0.0165511734256923
0.0697434662289491 0.221021904905699 0.174702564832936 -0.291458358428055
0.187793193245875 0.0652903772189273 -0.143357365880813 -0.306655768792983
0.17434629526909 -0.100180230978279 -0.268974523234857 -0.0525758285480293
0.0699612117695406 -0.175590844035987 -0.173169232766841 0.102505111605792
-0.012425824108397 -0.162427880838721 -0.0627923173302509 0.101705421591565
-0.0342543116071399 -0.159245330474693 0.0176236367758518 0.0552588815766135
-0.0258448229858672 -0.171218523486251 0.0734986078685736 0.00994409645826259
0.0295668102256926 -0.227815285339605 0.149192013742195 0.00663605236089322
0.169124557249398 -0.192727600523575 0.186149170260908 0.0906529684053578
0.26258241438756 -0.0203963870509177 0.0535592306473262 0.24806580755484
0.210928610286358 0.230611549187278 -0.150734784537871 0.251931491918177
-0.0353836930150539 0.362259525109374 -0.246331445457216 0.096653156166263
-0.268528656398832 0.324612525395339 -0.137334059885024 0.0194185455181169
-0.31037073151122 0.192454391159438 0.0827181285701114 -0.0499742242674137
-0.168887621674751 0.285769732791531 0.281288277613879 -0.00303031526779273
0.0393777091407723 0.295986107656081 0.254623146625875 -0.27569776827238
0.223679491787074 0.112181601691982 -0.0375502132795131 -0.323569372805566
0.213329637354861 -0.0976305030638696 -0.192738906201679 -0.130933794447417
0.084355652805112 -0.196549320459573 -0.155564603952976 0.0124433741799035
-0.0156411069274985 -0.18191349863982 -0.076069197321514 0.0263771446635992
-0.0400094869712044 -0.161874887713954 0.000743914026237997 -0.0117772854673861
-0.033786577738401 -0.16578669160842 0.0546983590113857 -0.0582300512923046
0.0157720863151643 -0.224661487877247 0.149052094579592 -0.0715104410609918
0.149011268685479 -0.206249644783 0.228308132095645 0.00612580142076929
0.251524155459832 -0.0509021445337382 0.137498109931706 0.207625306536474
0.223261502298046 0.205716623879468 -0.078335177710046 0.250135897213929
-0.024005670848613 0.351270787666144 -0.194532485897344 0.0922408371027993
-0.263787892318059 0.301817829818474 -0.0380642529003514 -0.0482585975032073
-0.300566317965417 0.1298389896657 0.214109443465729 -0.106168369666864
-0.209247228041659 0.249141537246453 0.333219563778888 -0.0188249730102872
-0.0100965371878879 0.300713824092468 0.309705556062015 -0.229560748453567
0.203646802918556 0.138767178830578 0.0733275497552925 -0.294865523166374
0.208167817961469 -0.073066282413782 -0.0900239120954874 -0.189092639253532
0.0845420055992352 -0.179840357385131 -0.121577676467924 -0.0801112699547431
-0.0162230524010706 -0.17021528701803 -0.0860811585269746 -0.0516807303186902
-0.0390016620122599 -0.141293779326086 -0.0160213008671714 -0.0751098231226258
-0.0357949552070256 -0.137387072824909 0.0363425676619909 -0.116501899772889
0.00745025432384103 -0.189878750014616 0.14045280183762 -0.132419118301687
0.121889506107583 -0.180980201828396 0.246095246550154 -0.0569768787170676
0.213270882602067 -0.0506404272052403 0.188610845178997 0.164478640754091
0.186335384713457 0.178391527174395 -0.0263131068953582 0.229094353304978
-0.0392601772501321 0.295975980136462 -0.146699245384735 0.076514534513888
-0.235943950927547 0.2277306996384 0.0465868423980626 -0.105793444563555
-0.22409464994803 0.0527215170920576 0.319333926449928 -0.140167256348084
-0.188243798049129 0.162429998301335 0.370213873794191 -0.030214767808061
-0.0398971543422921 0.227974090751819 0.333021304612569 -0.173094240850078
0.141352836412745 0.117927381258158 0.156822700875242 -0.243431627351818
0.153605385160961 -0.0455762278719899 0.00229275066718531 -0.219145859933931
0.0620960335811242 -0.13066578856783 -0.0849987574761201 -0.156121349256479
-0.0163363263497731 -0.127203241457942 -0.0927480222521734 -0.117881963051557
-0.0310230662312327 -0.0993954648841302 -0.0293080753598832 -0.126758057642455
-0.0308966900893964 -0.0948126030543957 0.0231313382209582 -0.160255873437611
0.00135789815627048 -0.13634122934224 0.135576200378853 -0.171759577156929
0.0903738821002804 -0.135012057091897 0.253578411339093 -0.0929925407596931
0.165803044384105 -0.0345799461761824 0.215663559156055 0.136372052694953
0.128346405912499 0.152406884047987 0.00621826484623268 0.206333683896776
-0.0626935478577211 0.216743266361574 -0.108368411807559 0.0612619248666709
-0.191983856109681 0.124269136783273 0.113281420131323 -0.140195763794305
-0.101222348046222 -0.0265436501520432 0.372422290507162 -0.154718862592447
-0.11107250333937 0.0533431863258812 0.378781105164222 -0.0413246409174405
-0.0356523695053609 0.105447571798013 0.331475664616804 -0.134467698081286
0.0594425973251441 0.0551753814461563 0.198469719746432 -0.208010129385543
0.0646368094646051 -0.0215638960687265 0.0517672797560734 -0.23372974592542
0.0216610764052705 -0.0596496948534475 -0.0658984854721617 -0.201336950293011
-0.0147132784958916 -0.060096007879599 -0.098807840993197 -0.158076605513735
-0.0187504264384178 -0.0437551272215689 -0.0397812349319554 -0.157680229912275
-0.0239595655284226 -0.0434043280829386 0.0182321366104152 -0.185746257866247
-0.00750436639623269 -0.0737154107758999 0.136556171149465 -0.192684761886023
0.0524456934577716 -0.0831901733558111 0.258751250536866 -0.104547163650656
0.112028270363049 -0.0183444960408348 0.229295311805758 0.128344148732243
0.0688286753275698 0.118356418735418 0.0226847105786861 0.195984062372965
-0.0760565935643217 0.122695964202625 -0.0835999366858939 0.0528138645368377
-0.127215390694459 0.0114206436268346 0.157781430347147 -0.146460378901326
0.0342514594636489 0.0680360774147029 -0.197940144827026 0.174603629159535
0.044520438660695 -0.025858031094021 0.131584441502055 0.055413481737216
-0.0114476994957053 -0.0461200604610437 0.036492913106676 -0.19748275806282
-0.0302506926816264 0.00802161357423613 -0.216410599254855 -0.18608733987322
0.0044333517384773 0.0141456584690836 -0.287636902581035 0.0614228052588388
0.0185340343940062 0.00504297415704076 -0.158730704237975 0.199411390052711
0.0195480106108385 -0.00566116079851003 -0.0504070259873085 0.204510120402645
0.0107996447899156 -0.0239412000128359 0.0228107188128971 0.176544168256691
0.00872786725488189 -0.0273642598608434 0.0656569077044948 0.171518500228808
0.017028975001651 -0.0273566734377895 0.0445441003292048 0.196650385073043
0.0390992748281297 -0.00668870082163551 -0.071744578725802 0.22365091695905
0.0354309935869967 0.0224052474903439 -0.221953334843987 0.172565409646341
0.0250340630782928 0.0374371020400755 -0.308326697615382 0.0677337376778718
0.00605755913050897 0.0696766646053009 -0.375029978330786 -0.0256437518094825
-0.0387744520779579 0.117820874384863 -0.390706214209972 0.0759469015340824
-0.0648609544895707 0.132306633328197 -0.194786473443195 0.132989352118884
0.01117810747791 0.0634349395324203 0.135714506901505 0.057397501297216
0.0214744554095049 0.0243927503701706 0.0621117934798002 -0.217182699169417
0.0324940353624073 0.0165676194534817 -0.207067335643217 -0.213057699237287
0.0575161601048717 -0.0243149134759676 -0.291884344543656 0.039718016178756
0.0380382347449325 -0.0547179634247355 -0.166284868977428 0.184176213060964
0.0132233196095104 -0.0614475974359333 -0.0538550377846252 0.187704256014426
0.00183892805344357 -0.0832290123135683 0.0223194954172172 0.155008561955945
0.00887822967504931 -0.0950989338249376 0.0713401929729196 0.140835389417123
0.0490129213417403 -0.110771967179614 0.0777763466011406 0.165115737490789
0.12465720670829 -0.0553073072685566 -0.00727938148660061 0.21597279207658
0.133481695080525 0.0618987815518902 -0.173944091141047 0.21236463999712
0.0542614815734277 0.161368817418818 -0.289027031528952 0.119257108654639
-0.0674285110026147 0.190730031253695 -0.339275457151956 0.00417879295083566
-0.170142544020974 0.19427230008732 -0.329057789917708 0.0645783709960685
-0.171044059915448 0.169561006621906 -0.148540792741809 0.0755087369243798
-0.0446772837943929 0.15344993308076 0.159129999208334 0.0538992515640907
0.0428368083632072 0.115989084874125 0.114593540732777 -0.237724620942463
0.103147686497093 0.0404497253559619 -0.171354712947938 -0.253658121042323
0.116730437993678 -0.0568718212353243 -0.281085238906315 -0.00495983500933488
0.0610916835540281 -0.112286793709263 -0.170657562258416 0.144302271168026
0.00852521025014696 -0.113191565725788 -0.0608828041157371 0.148129383275148
-0.00735188264231535 -0.129072463580129 0.0170002401745365 0.112050320708749
0.00302303805579485 -0.143803057273329 0.0713814792644362 0.0865631561708697
0.0582473838654624 -0.177223740153827 0.112323627918089 0.104589400724933
0.172108500006858 -0.117048191473698 0.0789511106162412 0.177335836715
0.214911674719598 0.0471490010583935 -0.0860493289998793 0.244563432731515
0.121587574186817 0.231019843824792 -0.242926427001798 0.176714905419086
-0.085695156833483 0.291233834245678 -0.294180649695972 0.0341378698312769
-0.255558753171412 0.256831734947654 -0.236119267977872 0.033597336278907
-0.259094158217395 0.172737313264453 -0.0591455239360219 0.0104030732397359
-0.118076293191486 0.221398923026284 0.198592995593671 0.0440939764486146
0.0375333590128668 0.213554566360774 0.18303695584528 -0.242406983435721
0.166292460163814 0.0836184365509497 -0.101432518734438 -0.28741976100751
0.174371583451351 -0.072043625405217 -0.239705765379939 -0.0669096461757116
0.0846101337304814 -0.156406052374887 -0.162712716837749 0.0796496883370587
0.0057935831454022 -0.153619673145378 -0.067631252201887 0.0902648617914249
-0.0151904809329409 -0.155624978892722 0.00935413216391258 0.053338928737707
-0.00608901057010963 -0.165663416906253 0.0660696374429503 0.0202139847164722
0.0497934046763152 -0.212457279696366 0.135318616001502 0.0275060048955436
0.179488068467136 -0.166373395212782 0.156698093646502 0.108518814912364
0.252383522792643 0.00533589002395792 0.0173236523232755 0.245067192234023
0.181217863147276 0.239939712199604 -0.175069273990012 0.215912200493327
-0.0691656476092545 0.340938133572253 -0.243970621249376 0.0508744118098403
-0.287841152312136 0.284772505323857 -0.129924987894382 -0.0138957206803379
-0.305291056658376 0.140662114215087 0.0621960524647091 -0.0493776319864324
-0.188275126799865 0.240749849752314 0.246267119303697 0.0301917220018966
0.000714758785750632 0.278942393416722 0.249251449487228 -0.219682558183953
0.1937974816864 0.132395136259801 -0.00413520222822197 -0.290825942844535
0.211046393449578 -0.0643472861653099 -0.161859144503136 -0.129898558100571
0.100686307017852 -0.172763168022619 -0.137427594813448 -0.00243625361754327
0.00367999954544525 -0.17185786103437 -0.0726367541057151 0.019196441970883
-0.0199914691629168 -0.159431170381201 -0.000701370983025459 -0.0113441758203079
-0.0139957423290346 -0.160870529543757 0.0556512580210833 -0.0459307408734732
0.0371122464763752 -0.210660794849999 0.14280834679934 -0.0465917780255291
0.160777409416498 -0.180167510004407 0.205822368657842 0.0337337470753065
0.242775448707814 -0.0256442962385629 0.102668391569455 0.215752322471338
0.194511199725423 0.216198021447598 -0.106664024208461 0.222937025222278
-0.0575361475317978 0.331602420888215 -0.19356678711768 0.0520502636530296
-0.280559762538089 0.263010198533963 -0.0275932447076448 -0.0682860235211163
-0.289544083808256 0.0850662726207376 0.192181469726837 -0.0899963018093397
-0.220594280999796 0.202051019707382 0.295998010464289 0.0158798846884114
-0.0447922986997499 0.278350677674016 0.29317130130535 -0.173014578216204
0.171921453786714 0.154968792508006 0.0927956914123477 -0.254561984474635
0.203647719446622 -0.0423391789173966 -0.0634067284635314 -0.174164906641634
0.0992841736379594 -0.155898925096586 -0.0977473250743935 -0.0848814043374791
0.00162778964186949 -0.161088342267003 -0.0750305985396218 -0.0550797242151858
-0.020799241962307 -0.139629529214303 -0.00969839454522544 -0.0731514653188698
-0.0182764221706035 -0.13339895013773 0.0441630697147261 -0.104009816557534
0.0256050624671708 -0.177883326078942 0.141849619999708 -0.105893138612065
0.132056218679511 -0.159153622230135 0.230134497732635 -0.0254820312693561
0.206180351337262 -0.0290677561698715 0.157577679996553 0.17928803850868
0.162163210823455 0.185719108856009 -0.0536396971997394 0.209512135705768
-0.0651838662696078 0.276754530739979 -0.146681958806277 0.0439713605591982
-0.247365493837144 0.195274077295719 0.0597437279442659 -0.111997553715145
-0.211032388858276 0.0225722825339178 0.29852737855081 -0.109493158776466
-0.191127338064597 0.125257176828523 0.334235005341882 0.00726511292194275
-0.0631969028569881 0.206702929858842 0.311546750619664 -0.122297203655749
0.116395433914417 0.127864095423058 0.164654706856237 -0.200268167058063
0.148753105977039 -0.0231288895193191 0.024819858696547 -0.1956927552781
0.0729706786789009 -0.111864392084741 -0.0588242230681558 -0.152081301752799
-0.00267828924050698 -0.119401001438943 -0.0754042772791859 -0.11775231794174
-0.0184029742744314 -0.0992555698350456 -0.0172124457207961 -0.123523012982858
-0.0185568466515089 -0.0920124483800445 0.0375617713577651 -0.147056991295032
0.0142670685392823 -0.127720609217023 0.142038150853132 -0.14517485135314
0.0969773763922505 -0.118272283498306 0.243246195254212 -0.0587351595237077
0.157801552160238 -0.0176682625421183 0.187628703386421 0.154355508314471
0.108976991744142 0.155640453437491 -0.0189508107923579 0.193137291747201
-0.0792101800025473 0.198432630583649 -0.106655379864071 0.0362188929548241
-0.195496238049758 0.100482787710027 0.127393777880303 -0.133489956882767
-0.089183227429147 -0.0361406889474179 0.355961722190037 -0.112907805032987
-0.106700131861868 0.0352048288687129 0.350118677999821 -0.00390167534640985
-0.0448148632593718 0.0934361993461612 0.312424005632691 -0.0894374802177898
0.0480700241926219 0.0589143168648644 0.202305982061487 -0.166953359116835
0.0630191830345284 -0.0120595489007101 0.0726993458157239 -0.207882897906641
0.0274177225490138 -0.0503447783005066 -0.039776191970435 -0.193290947593021
-0.00809683579539516 -0.0569391609774079 -0.078154570661892 -0.156359630283042
-0.0130263097716791 -0.0446421426657711 -0.022800303189357 -0.153759546420398
-0.0176089551238081 -0.0426500290103423 0.0355115310936893 -0.173472559663271
-0.000166368324716455 -0.0690740038801337 0.146718540581604 -0.166489804485207
0.0558902780292377 -0.0729528678194352 0.252074614155017 -0.0709073051855837
0.105157869283414 -0.00854333180219004 0.203534493394004 0.147509220036989
0.0554394306792517 0.116907442792389 -0.00118135097182883 0.18583908828961
-0.0834678911391567 0.10778688031753 -0.0826845561076775 0.0347025574047805
-0.123065503950741 -0.00171061351569123 0.169217798123943 -0.12871137749974
0.0318706948270023 0.0645866815006646 -0.188926681698225 0.167241861591021
0.0414547102983647 -0.0245943536187672 0.129044666801269 0.0546984678194289
-0.0107406854699924 -0.0442258954727423 0.0393394803838584 -0.189952155863945
-0.0287122200596623 0.00785034073285622 -0.207756153084489 -0.179964177388113
0.00428015075588759 0.0130745246226695 -0.277370846415425 0.0590591675321373
0.0181292268806315 0.0042083786280469 -0.15302274672872 0.191520912686203
0.0195081958111797 -0.00612644274397788 -0.0481640057876356 0.198587605150491
0.00988950864058986 -0.0240790480124375 0.0231409187911161 0.171713139021933
0.00823511494111491 -0.0267725781549459 0.0636658091181865 0.16671088006715
0.016345812882154 -0.0268258291190209 0.0424810556191061 0.190363801051109
0.0380089431259366 -0.00707641857043078 -0.070785252501284 0.21647313332687
0.0341661146500366 0.022159186459786 -0.215910752467963 0.165414636321206
0.0231040855934686 0.0373736588375964 -0.298148035870147 0.0616620356136515
0.00489358586390986 0.0680543404488389 -0.362683225111899 -0.0290422898226122
-0.0383332350897908 0.113393053280539 -0.376330619939795 0.0696690831533331
-0.0645706912718179 0.125099098917667 -0.185273966932536 0.128850577247571
0.00939645712222099 0.061149764621326 0.133032890291934 0.0569019938507695
0.0198917705415677 0.0239676561066648 0.0637541779933318 -0.2087877307199
0.0309146929842902 0.0157301357927555 -0.197848507473965 -0.206736009262944
0.0547968947874746 -0.0242426225622952 -0.28136151842912 0.0373221020476103
0.0363391919460426 -0.0535737580260756 -0.159231461283107 0.177035688808166
0.0130916791939282 -0.0597195207933644 -0.051900765668925 0.180855046373011
0.00125095781076886 -0.0809648207955668 0.0221430861134533 0.150769983074581
0.0079385731936782 -0.0923485568960844 0.0687733088621922 0.137296688490657
0.0467352661303285 -0.107497558376537 0.0743108169618498 0.159953151397099
0.120125886542628 -0.0545874215907126 -0.00923012451907239 0.209292111631296
0.129157411027878 0.0602270971450094 -0.168912845104555 0.204562797185198
0.0509740599337268 0.157590113917104 -0.279440818784824 0.11149489155096
-0.067794832934865 0.184612411160781 -0.327354060957834 -0.000194231677188783
-0.165362116004101 0.186075133063834 -0.316312902306058 0.0588927233380754
-0.166644115465659 0.161193849779043 -0.140488860550046 0.0740280706672467
-0.0447221300020515 0.146801042077855 0.155939977297154 0.0553845231485483
0.0395798867678075 0.112604577063865 0.113881534787719 -0.22773652699877
0.0991101226258385 0.0396136685030442 -0.162223700067036 -0.246658460792146
0.111438272997566 -0.0554910037368966 -0.270233537070001 -0.00656981949529712
0.0580953192598894 -0.108542356950743 -0.163928851377253 0.138431694802173
0.00913748343829909 -0.109832878918929 -0.0590173750890713 0.142303280821507
-0.0062653812849005 -0.125279293496357 0.0168361995792833 0.108995782027124
0.00249088950006452 -0.138681065844346 0.0690311000921378 0.0850327167735106
0.0547785114197896 -0.171856392881228 0.107840858059202 0.101521966782744
0.165689070895539 -0.113940012793182 0.0735569686703006 0.171629689695986
0.207413111469646 0.0466200912195223 -0.0847514803083079 0.236686984078046
0.116813878437867 0.225101233266766 -0.235036051292235 0.168452925320463
-0.0849769886061377 0.28217851988821 -0.283230045809473 0.0287668441011861
-0.247435370597084 0.246593864998198 -0.226429255047243 0.0297768809752257
-0.251669613836042 0.163089276481286 -0.0550607116949189 0.0122734301169009
-0.115613986301555 0.211944681261986 0.193107044596026 0.0474244908717112
0.0349217831286823 0.206905927008165 0.179159655285328 -0.231247351468888
0.160093889106016 0.0810034151731142 -0.0944407557845288 -0.277976650491493
0.167746030483891 -0.0706130222511621 -0.229580908666014 -0.0668423100195234
0.0803132391324407 -0.150367278782588 -0.156324020051462 0.0757738592897674
0.00609561983146666 -0.148563066004161 -0.0654888231205463 0.0861503106029058
-0.0141808155145722 -0.151385079470692 0.00842461711733988 0.0522353229733577
-0.00560048359608483 -0.160354648335065 0.0633883426545492 0.0209674390781042
0.0463602564338714 -0.205554317605126 0.129613103027993 0.0272673696274938
0.171857341507533 -0.161993249062894 0.148077938675904 0.105610101464232
0.243178889433878 0.00566290306032977 0.0150456576753742 0.237274421263941
0.174102697847203 0.233594934349451 -0.169482569209214 0.207705954240953
-0.0690127567069228 0.330040906797983 -0.235118469745316 0.045626814940423
-0.277966710673825 0.272651154723173 -0.123850413503364 -0.0157947316128707
-0.296141842064464 0.132451219242561 0.0615337809811096 -0.0438922779305342
-0.183180907622248 0.230181996648399 0.238800135693202 0.0340092515799469
-0.000151014847425775 0.270301193595365 0.242060832051163 -0.208167268367297
0.186307778963939 0.128076533697881 -0.000500400762848269 -0.280952669864522
0.202824766059706 -0.0632339154726277 -0.154210197471119 -0.127276184005992
0.096446583669888 -0.166334033541917 -0.132053360410835 -0.00310791991639744
0.00415767849712161 -0.165433398801377 -0.0707852782609213 0.0173202895052591
-0.0185555736721753 -0.154875953011195 -0.000763488243145451 -0.0106793060660453
-0.0130470966059459 -0.155345766895357 0.0528909236868936 -0.0431265935256363
0.0335693889023503 -0.203309087871524 0.136835374357272 -0.0443638931263923
0.153820842328437 -0.175562809883701 0.195552704976274 0.0334507263261442
0.233629545684915 -0.0243869986213509 0.0979239958848886 0.208526935759156
0.1874895925472 0.210611165708927 -0.103358645155658 0.215337512465726
-0.0566586821233483 0.320622308358704 -0.186451329873771 0.0465750056053147
-0.26984506474653 0.252881181458595 -0.0254200677315135 -0.0679065806105712
-0.280498516971255 0.0789503988651255 0.186694531251802 -0.0826388151882338
-0.21428388298146 0.192092245018163 0.285416066248452 0.0203254847473052
-0.0442468922942724 0.268165271248732 0.283838450586324 -0.163309784322311
0.165123538006116 0.150157816427476 0.0940655688462951 -0.244568930532712
0.19549354805288 -0.0411934340521851 -0.058274226089188 -0.16983034674849
0.0948132969746254 -0.149276295269101 -0.0940550218177233 -0.0825642401807728
0.00175882249797495 -0.154194407190137 -0.073502300333345 -0.0535754248260655
-0.0193010677195639 -0.135793322678872 -0.010239893021753 -0.0712326277340301
-0.016049073865563 -0.128911697551664 0.0421349502063427 -0.0988392486313013
0.023083065307409 -0.171806806990014 0.135711881846647 -0.101824887793429
0.125783674020086 -0.154744671366973 0.219185853036429 -0.0241865073830824
0.197797208924334 -0.027777278056662 0.150829578107275 0.173710482057548
0.156005637343401 0.181171554719434 -0.052599645517725 0.20270267465856
-0.0636294801040618 0.267158276773055 -0.141225421643713 0.0394478478088956
-0.238018502467651 0.187397453814889 0.0578027957428281 -0.109686298554073
-0.204162942722466 0.0194157218666535 0.289181931755837 -0.101101535916411
-0.184122496079087 0.118015748756229 0.322544460966295 0.0115275572359149
-0.0615859655984096 0.199263442119723 0.300343889786473 -0.113053150408819
0.111546369745637 0.123658246053004 0.162717303459342 -0.191425919023057
0.14277061342543 -0.0225938484484834 0.0268632946759754 -0.189461272320429
0.0698343446448963 -0.106371582661909 -0.0567323760767374 -0.146860505333742
-0.00273957356216086 -0.114410681001362 -0.0742390894010516 -0.114166978981365
-0.0168070328951795 -0.0962410752136738 -0.0178240183304567 -0.12043583745659
-0.0159053197275608 -0.0890271351976173 0.0353765868413094 -0.141279980677567
0.0129934556205329 -0.122561278674412 0.136618522786335 -0.139939210644146
0.0923630572101038 -0.114533441643637 0.23270597155688 -0.0568650629450227
0.15143061439209 -0.0169079172237771 0.180200334817123 0.15009675725699
0.104889345561057 0.150951694315473 -0.0197296099161657 0.18676753690509
-0.0777032533230981 0.191555997822113 -0.103020651129968 0.0321389963495033
-0.187778646682238 0.0959059900513653 0.122403440246176 -0.12889655896963
-0.0861658064400175 -0.0363011292033103 0.344535056640864 -0.105131043423796
-0.102094459503307 0.0315008262096895 0.336102582838725 0.000623696807851787
-0.0428674293813862 0.0899218129275522 0.301280434719243 -0.0826886066455619
0.0461176599858553 0.0568293091785286 0.198527887510923 -0.158831419008012
0.0595219687453336 -0.0117722351958624 0.0728501187997212 -0.200510786648396
0.0261636090053568 -0.0468324888979941 -0.0381649221016863 -0.18704592656703
-0.00817211580230372 -0.0537691427376987 -0.0764816336665628 -0.15165686959278
-0.0116826613682171 -0.0436242005043782 -0.0236341993512111 -0.149275872037107
-0.0150134601111295 -0.0408192492254297 0.0338933903350282 -0.166579937028345
-0.000379835489563532 -0.0658014665037439 0.140838842563845 -0.159766072393221
0.0532074343444058 -0.0704652268152042 0.241803888136154 -0.0676733531209531
0.100970047218871 -0.00789809705486604 0.194775504370585 0.142978355310457
0.0531688440064797 0.112669585767986 -0.00318992136602659 0.180153043252655
-0.0808247404809453 0.103509683318092 -0.0804071632704021 0.0308373461408659
-0.117421768751283 -0.00211899218889393 0.161301242539928 -0.124281088200387
0.0300191478502527 0.0644138412435279 -0.188899477258995 0.164656968717406
0.0402384743176744 -0.0233326301790938 0.131080933382221 0.0569254549986295
-0.0109368937694669 -0.0438523548749733 0.0453551296638082 -0.190154707819217
-0.0284705067266303 0.00757591526698475 -0.204447656145006 -0.183108024462524
0.0037169588235868 0.012324312799924 -0.278471481242813 0.0563354360290028
0.0183749995355947 0.00351818664149822 -0.154158475675905 0.189577981878617
0.0197768760832927 -0.00703559388620462 -0.049989966595416 0.198745317590835
0.00980736716243504 -0.0247194569123879 0.0225707979234546 0.173513727950765
0.00751124913556765 -0.027470397638784 0.0629240171387759 0.168570932751517
0.0160216561880313 -0.0275135132941723 0.0403686466953602 0.191581424340765
0.0383872195522948 -0.00733417738140813 -0.0749128117891786 0.217442639106594
0.0344094061905872 0.0227231538901378 -0.2201230686061 0.16241215034625
0.0221870491621555 0.0386890889221334 -0.300106308546095 0.0544018838999671
0.002642158458116 0.0696031065205337 -0.363469511523933 -0.0363805740058347
-0.0407189949386492 0.112233840502061 -0.377573918182019 0.0626209920248481
-0.0671504253274641 0.123787149642562 -0.184442826353084 0.127156710887741
0.00743068902562346 0.061352578255015 0.134997224247278 0.0607589519325641
0.0189015100498898 0.02454345335888 0.0695583020295075 -0.207835992912619
0.0308023704827725 0.0166487955490648 -0.194702603647355 -0.210328023304162
0.0540832841828452 -0.0245192759130358 -0.281581551548858 0.0342012574106164
0.036767239188399 -0.0540212591126529 -0.161182845024155 0.174710293293813
0.0146741352650206 -0.0610094366079814 -0.0535298011970312 0.180773709307903
0.00176595495895197 -0.0822456643890846 0.0208252627509366 0.152620005764109
0.00811714282822973 -0.0930916551831376 0.0682344585207501 0.138864721471608
0.0467115000126153 -0.107839195172746 0.0720262641699228 0.161546718151825
0.120669125891211 -0.0543073544662118 -0.0130619017389302 0.210345182718875
0.12915283149993 0.0623326334201825 -0.173590601489224 0.202602301685414
0.0485523071992332 0.159990723717786 -0.281502238684786 0.105113696533011
-0.0719875597468425 0.185680069291917 -0.328356674458823 -0.00714498751822553
-0.168438561508812 0.183989137946062 -0.316179787741868 0.0530758950330597
-0.169920026658981 0.157295272580761 -0.138959216714036 0.0732501589661585
-0.0480444529754306 0.145773234560476 0.157286211651642 0.0605136318120071
0.0377640595750691 0.11414175090624 0.120367705932123 -0.225310978352856
0.0985588743275119 0.0410700178671578 -0.15771667038799 -0.250157143259529
0.111423000245242 -0.0555082857389631 -0.270551891863516 -0.0105018740593606
0.0587395093169537 -0.108150825863134 -0.164846182088815 0.135999325512272
0.0109760121741105 -0.110232268544525 -0.0611590233701273 0.141907213201705
-0.0051816773790497 -0.127176844026928 0.0156469872590142 0.110710957588641
0.00348924416862275 -0.140347188637796 0.0684154738193926 0.086880114591247
0.0550092740453755 -0.172337130547622 0.106723313161856 0.103202793593685
0.166145301726532 -0.114252223049873 0.0695890577205406 0.173791809373702
0.207144187732589 0.0490448233701919 -0.0887804361315036 0.236950796432078
0.114190159340204 0.228885453432063 -0.237973280865773 0.163384749635267
-0.0898343946542692 0.283024730159619 -0.284426061406437 0.0221408466464315
-0.250946442804349 0.242981745116204 -0.225236209448265 0.024260273786762
-0.255531160342572 0.158847680569624 -0.0527728191428166 0.0136098623048945
-0.119757195784181 0.209683052636706 0.193973802788204 0.0538995603466944
0.0318427912286984 0.208833605873293 0.184764983520663 -0.226984257437437
0.158992438257657 0.0833771776504618 -0.0887784116377276 -0.281134827431489
0.167690976264438 -0.0698240537254913 -0.228036169471192 -0.0707832832218906
0.0813871835997261 -0.149996605576234 -0.156982810671819 0.0742791609964004
0.00874531809950289 -0.148468038028761 -0.0673991579208945 0.0852463321859401
-0.0120321160537266 -0.153011061496058 0.00772988697780938 0.0532341869329318
-0.00425613624768271 -0.161461773071192 0.0628139394428522 0.023071883128589
0.0464611812363087 -0.206732908254207 0.129124017271006 0.0291000796970326
0.172096406690954 -0.163025039518945 0.144312054476514 0.108154113866705
0.242372946352399 0.00776255636213573 0.0112040698257359 0.238944272702936
0.172508439988126 0.238490741279676 -0.171826731580612 0.204904987906043
-0.0736585826055498 0.330939111234229 -0.236297585528557 0.039412724691542
-0.28079902433428 0.269717332383333 -0.122607394513395 -0.0194161639655959
-0.299548689889367 0.126740658311844 0.0638661012467331 -0.0405299235765141
-0.187977055394078 0.226264121706346 0.239359345794662 0.0418398350518024
-0.00420944022752119 0.271806124201933 0.24657297481772 -0.202323587006245
0.184820877443178 0.130901658155104 0.0060501178281033 -0.281551205920142
0.202361265526535 -0.0621522276759129 -0.150553947038062 -0.131131646690684
0.0973453067696317 -0.165199027805884 -0.131568052884698 -0.00475811622386307
0.00654545212400372 -0.165970011771983 -0.0724261692339309 0.0161200650261885
-0.0161033328640086 -0.156752238200628 -0.00115129265828456 -0.0105808653944827
-0.010787992509716 -0.156532072353964 0.0528421943096752 -0.0414382891842522
0.0335443524129332 -0.203430932406789 0.137596488453558 -0.042724904450913
0.153581094057184 -0.17551794475155 0.193566805929907 0.0354039726284713
0.233506961502986 -0.0220090593946429 0.094933661030528 0.210718371274082
0.18577685156307 0.214227531250562 -0.106256234338794 0.213727641985024
-0.0609410602184617 0.321046225836293 -0.18734529926553 0.0408533269730283
-0.272133544831512 0.249976677301985 -0.0239135377410093 -0.0705872658360474
-0.28284553283121 0.0737549028275085 0.18930115322592 -0.0776365053247977
-0.217710062983005 0.187861825423537 0.285276228346883 0.0285942472461766
-0.0480663173527295 0.268291485338102 0.286003056069646 -0.156086231632589
0.163513587813326 0.152523748671465 0.100879785833459 -0.243431295400463
0.195028939506142 -0.0403748606674236 -0.0540095421143502 -0.172515444293629
0.0958115011653462 -0.147550935270188 -0.0927604682902868 -0.0839611994628183
0.00356253230617596 -0.15427407207138 -0.0739708711538442 -0.0545017275773892
-0.0170055140718779 -0.137605424691399 -0.0108308284270388 -0.0722060106231223
-0.0140226765248318 -0.12931727218409 0.0425194017956375 -0.0977228524508176
0.0229668688691215 -0.171735568620302 0.136640227000389 -0.099962108352391
0.12488002440908 -0.154564662496052 0.217739551315179 -0.0220398490137961
0.19677733867467 -0.0253004050495503 0.148092460993611 0.176581950808877
0.154767645489485 0.183475220852952 -0.055052749932179 0.202730167986095
-0.0670347812533159 0.267592831148319 -0.141454826709733 0.0342702425543313
-0.239539547705223 0.184113971309514 0.0594694485059496 -0.110894348713386
-0.204666376052469 0.0152691851274859 0.292128272759012 -0.0944570143596176
-0.18684414343449 0.114515599445757 0.321756597968418 0.0184746889560747
-0.0640255243952308 0.199166595494192 0.302020712206802 -0.107093483616944
0.110115280511935 0.125208461966908 0.16896512219089 -0.188837015933978
0.141747488708126 -0.0217440817843157 0.0324666698826621 -0.19095925459859
0.0700397842010159 -0.105094209026957 -0.0544678923205319 -0.148096473049216
-0.00141799114529828 -0.114035635956527 -0.0740359585184848 -0.114769055489423
-0.0155329594860155 -0.0983728370857551 -0.0181944092659969 -0.12133885721533
-0.0138396643813605 -0.0892833025823133 0.0364494139101885 -0.140526254115201
0.0132601349272183 -0.12224054425269 0.137243900553379 -0.138638187051388
0.0924531659058942 -0.114028671877137 0.231922164209031 -0.0535483705647386
0.150734207376744 -0.0150156260865948 0.178132923019903 0.15243680299739
0.103290786097698 0.152697038766369 -0.0218407954992788 0.187816223645071
-0.0794852977642469 0.190673669579391 -0.104025422096024 0.0287181083840275
-0.18794042590614 0.0923303935849711 0.122650138182106 -0.128353425932236
-0.0855668704834858 -0.0384889130351897 0.346862486051938 -0.0985367569949399
-0.102431893950586 0.0295041691982987 0.336030813787044 0.00714028893985033
-0.0437563631790749 0.0889419248012876 0.302519051601061 -0.0759061840000811
0.0452248746157374 0.05742708957104 0.204838889988646 -0.156345530345942
0.0583018108063003 -0.0114894420173197 0.0778552017688754 -0.201490576469233
0.0262731265978053 -0.0454887426165623 -0.0359763945693181 -0.187943439428007
-0.00781047499025538 -0.0536063672641579 -0.075843147187008 -0.152188970206707
-0.0106048452106945 -0.0450166621124909 -0.0238856348418055 -0.151487414968208
-0.0137692822695381 -0.0409502022989102 0.0356692385769909 -0.165965843656771
0.00011431408349153 -0.0652794314743626 0.141532558613655 -0.159107896663312
0.0532119984587764 -0.0695937496917856 0.241243418060926 -0.0650030505437107
0.100108937125857 -0.00674842420359329 0.192651201126131 0.14601871030927
0.0520899302118194 0.11316362365299 -0.00619823667978187 0.180906512491326
-0.0821540167511828 0.102264446433579 -0.0816682699269624 0.0283294024729207
-0.11691609207806 -0.00395292579832194 0.161562637866667 -0.121540553463635
