TRXV5
3
4
4
9
string Extension=J
integer IsArchMeasurement=1
integer IsSpherical=1
string Generator=SPM
string GeneratorVersion=1.3.1 Dev
double ArchRadius=0.449999988079071
integer FrequencyAxisIndex=0
integer AzimuthAxisIndex=1
integer ElevationAxisIndex=2
Frequency
5 136 690000000 960000000 LIN
Azimuth
7 8 0 2.74889357189107 LIN
Elevation
7 15 -2.74889357189107 2.74889357189107 LIN
Polar H Real Part
13
Polar H Imaginary Part
14
Polar V Real Part
13
Polar V Imaginary Part
14
Polar H Magnitude (dB)
12 0xC0000002 0 1
Polar H Phase
7 0xC0000003 0 1
Polar V Magnitude (dB)
12 0xC0000002 2 3
Polar V Phase
7 0xC0000003 2 3
-0.0181369781494141 0.00931358337402344 0.0249462127685547 0.0126075744628906
0.000779151916503906 0.017552375793457 0.00871181488037109 0.00831317901611328
0.00833368301391602 0.00557422637939453 0.0007781982421875 0.0116434097290039
0.00737857818603516 -3.95774841308594E-05 0.0099630355834961 0.0167856216430664
0.00673627853393555 -0.00407218933105469 0.0188159942626953 0.0124149322509766
0.00408792495727539 -0.00859975814819336 0.0225086212158203 0.00323295593261719
0.00302410125732422 -0.00744771957397461 0.0206928253173828 0.000553131103515624
0.00351047515869141 -0.00650119781494141 0.0155677795410156 0.00107192993164062
0.00726747512817383 -0.00758457183837891 0.00856924057006836 0.00393486022949219
0.0112237930297852 -0.000448226928710938 0.00132870674133301 0.00351810455322266
0.00930404663085938 0.00876522064208984 -0.00354290008544922 -0.00639104843139648
0.0013265609741211 0.0128097534179688 0.00398635864257813 -0.0138359069824219
-0.0101633071899414 0.00937080383300781 0.0234737396240234 -0.0112686157226563
-0.0162115097045898 0.00536632537841797 0.0257320404052734 0.00236701965332031
-0.0240516662597656 -0.000789642333984371 0.00770998001098633 0.00479841232299805
-0.0252895355224609 0.00435256958007812 0.0176944732666016 0.0159568786621094
-0.0082855224609375 0.0164051055908203 0.00283432006835937 0.0128154754638672
0.00197792053222656 0.00916290283203125 -0.000832557678222655 0.0167341232299805
0.00485372543334961 0.00579404830932617 0.00931358337402344 0.0207405090332031
0.00788640975952148 0.00200986862182617 0.0184421539306641 0.01483154296875
0.00892066955566406 -0.00338935852050781 0.0221424102783203 0.00654220581054688
0.00892257690429688 -0.00442123413085938 0.0191211700439453 0.00311279296875
0.00829362869262695 -0.00376415252685547 0.0131196975708008 0.00414943695068359
0.0122566223144531 -0.00361824035644531 0.00508356094360352 0.00630855560302734
0.0142908096313477 0.00438308715820313 -0.00305032730102539 0.00472497940063477
0.0100793838500977 0.0139427185058594 -0.00769472122192383 -0.00595426559448242
-0.000738143920898437 0.0180797576904297 -0.000589370727539061 -0.0145492553710937
-0.0151338577270508 0.0116653442382812 0.0180644989013672 -0.0131950378417969
-0.0222282409667969 0.00419044494628906 0.0175161361694336 0.00072479248046875
-0.0297489166259766 -0.00371932983398437 -0.000929117202758791 0.00305652618408203
-0.0290412902832031 -0.00224876403808594 0.00743389129638672 0.0157909393310547
-0.0170135498046875 0.0124378204345703 -0.00671100616455078 0.0160837173461914
-0.00621223449707031 0.0112752914428711 -0.0053863525390625 0.022216796875
0.000510215759277344 0.0124683380126953 0.00728988647460937 0.0249900817871094
0.00751018524169922 0.00889205932617188 0.0162391662597656 0.0173568725585938
0.0125761032104492 0.00304794311523438 0.0199031829833984 0.00842475891113281
0.0136375427246094 -8.7738037109375E-05 0.01495361328125 0.00512218475341797
0.0116720199584961 0.000146865844726563 0.00819206237792969 0.00550699234008789
0.0151309967041016 0.000506401062011719 -0.000239849090576171 0.00802135467529297
0.0161008834838867 0.00800323486328125 -0.00791549682617188 0.00568532943725586
0.00977897644042969 0.0162477493286133 -0.0129051208496094 -0.00530433654785156
-0.00147056579589844 0.0204601287841797 -0.00557231903076172 -0.014561653137207
-0.0165948867797852 0.0131282806396484 0.0119419097900391 -0.0139265060424805
-0.0241661071777344 0.00396156311035156 0.00836038589477539 0.000792026519775391
-0.0317134857177734 -0.00637626647949219 -0.0111818313598633 0.00177192687988281
-0.0287609100341797 -0.00837898254394531 -0.00434017181396484 0.0137643814086914
-0.0225028991699219 0.00660514831542969 -0.0174837112426758 0.0168123245239258
-0.0134143829345703 0.0115270614624023 -0.0113143920898437 0.0255298614501953
-0.00489902496337891 0.016688346862793 0.00394821166992187 0.0267810821533203
0.00588417053222656 0.0145034790039062 0.0127859115600586 0.0173149108886719
0.0139455795288086 0.00928974151611328 0.0154390335083008 0.00870227813720703
0.0157470703125 0.00426101684570313 0.0092926025390625 0.00539207458496094
0.0128679275512695 0.00397586822509766 0.00236749649047852 0.00612735748291016
0.0155010223388672 0.00376701354980469 -0.00542926788330078 0.00897026062011719
0.0152902603149414 0.00974178314208984 -0.0128450393676758 0.00635242462158203
0.00822734832763672 0.0168037414550781 -0.0168819427490234 -0.00435543060302735
-0.00190925598144531 0.0194492340087891 -0.00927829742431641 -0.0131692886352539
-0.0160484313964844 0.0121231079101563 0.00593185424804687 -0.0122871398925781
-0.0226879119873047 0.00247383117675781 -0.000998377799987794 0.00196588039398193
-0.0293769836425781 -0.00839424133300782 -0.0205726623535156 -9.34600830078135E-05
-0.0234718322753906 -0.0121555328369141 -0.0150623321533203 0.00835323333740235
-0.0223484039306641 -6.67572021484375E-05 -0.0278968811035156 0.0138416290283203
-0.0178260803222656 0.00827789306640625 -0.0176143646240234 0.0259590148925781
-0.00952434539794922 0.0169591903686523 -0.000455856323242188 0.0258579254150391
0.00273704528808594 0.0165872573852539 0.00862026214599609 0.0152082443237305
0.0120334625244141 0.0127706527709961 0.00906658172607422 0.00709629058837891
0.0151119232177734 0.00778579711914063 0.0017695426940918 0.00491714477539063
0.0120458602905273 0.00659561157226563 -0.00444173812866211 0.00605249404907227
0.0138673782348633 0.00703811645507813 -0.0108366012573242 0.00884246826171875
0.0125150680541992 0.011322021484375 -0.0166997909545898 0.00616550445556641
0.00559902191162109 0.0154819488525391 -0.0191631317138672 -0.00336456298828125
-0.00374889373779297 0.017155647277832 -0.0110912322998047 -0.0114431381225586
-0.0151405334472656 0.00879764556884765 0.00207424163818359 -0.00951099395751953
-0.01873779296875 -0.000913619995117191 -0.00805807113647461 0.00549459457397461
-0.0242576599121094 -0.0113677978515625 -0.0290908813476563 -0.00131797790527344
-0.0134925842285156 -0.013270378112793 -0.0211677551269531 0.00269126892089844
-0.0159893035888672 -0.0046539306640625 -0.0337333679199219 0.00829887390136719
-0.0160360336303711 0.00302314758300781 -0.0227031707763672 0.0223407745361328
-0.011073112487793 0.0116720199584961 -0.00461959838867188 0.0223178863525391
-0.00113296508789062 0.0143795013427734 0.00436019897460938 0.0117616653442383
0.00759983062744141 0.0137538909912109 0.0033721923828125 0.00455188751220703
0.0109119415283203 0.00996589660644531 -0.0041816234588623 0.00286984443664551
0.00910091400146484 0.00767040252685547 -0.0100727081298828 0.0043487548828125
0.0103025436401367 0.00841331481933594 -0.0152311325073242 0.00678730010986328
0.00862503051757813 0.012019157409668 -0.0191631317138672 0.0038299560546875
0.00180721282958984 0.0140752792358398 -0.0196704864501953 -0.00402450561523438
-0.0066061019897461 0.0135250091552734 -0.0109643936157227 -0.0100336074829102
-0.0149040222167969 0.00423622131347656 -0.000963687896728517 -0.00655031204223633
-0.0143194198608398 -0.00562667846679688 -0.0129013061523438 0.00519466400146484
-0.0156822204589844 -0.0146818161010742 -0.0331211090087891 -0.00449562072753906
-0.00126266479492187 -0.0094747543334961 -0.0235443115234375 -0.00219154357910156
-0.00353574752807617 -0.0061488151550293 -0.0348167419433594 0.00383567810058594
-0.00831031799316406 -0.00240182876586914 -0.0241756439208984 0.0188884735107422
-0.00872659683227539 0.00397825241088867 -0.00559425354003906 0.0177803039550781
-0.00377750396728516 0.00687408447265625 0.00199365615844726 0.00662708282470703
0.000221252441406251 0.0103893280029297 -0.00215339660644531 0.000433802604675294
0.00458908081054687 0.0104732513427734 -0.00961971282958984 0.000383377075195312
0.00399303436279297 0.00887012481689453 -0.0146236419677734 0.00271511077880859
0.0055084228515625 0.00898265838623047 -0.0186405181884766 0.00502204895019531
0.00357818603515625 0.0111312866210937 -0.0212783813476563 0.00230216979980469
-0.00122547149658203 0.012049674987793 -0.0206527709960938 -0.00493431091308594
-0.00825881958007812 0.0109567642211914 -0.0111503601074219 -0.0105218887329102
-0.0148725509643555 -0.000492095947265623 -0.00133895874023438 -0.00668144226074219
-0.0096282958984375 -0.0108270645141602 -0.0133066177368164 0.00466060638427734
-0.00754356384277344 -0.0177383422851563 -0.0348339080810547 -0.00677108764648437
0.0102996826171875 -0.00607490539550781 -0.0195884704589844 -0.00411415100097656
0.00798845291137695 -0.00556755065917969 -0.0311126708984375 0.00120162963867187
0.00134706497192383 -0.00696897506713867 -0.0225353240966797 0.0155563354492187
-0.00394678115844727 -0.00491762161254883 -0.00561618804931641 0.0144901275634766
-0.00545263290405273 -0.00112724304199219 0.00203752517700195 0.00444746017456055
-0.00605297088623047 0.00523519515991211 -0.00323224067687988 -0.00236964225769043
-0.00225257873535156 0.00907325744628906 -0.0114240646362305 -0.00243377685546875
-0.0008087158203125 0.00763797760009766 -0.0166940689086914 9.91821289062533E-05
0.000314235687255859 0.00823450088500977 -0.0207862854003906 0.00191879272460938
-0.000300407409667969 0.00944995880126953 -0.0220241546630859 -0.00175857543945313
-0.003387451171875 0.00940132141113281 -0.0199623107910156 -0.00822257995605468
-0.00912570953369141 0.00718307495117188 -0.0105257034301758 -0.0118637084960937
-0.0126008987426758 -0.00429534912109375 -0.00257301330566406 -0.00856876373291016
-0.00434303283691406 -0.013702392578125 -0.0137310028076172 -0.000908851623535159
0.00202369689941406 -0.0181655883789063 -0.0323657989501953 -0.0124912261962891
-0.0178127288818359 0.0127410888671875 0.028594970703125 0.0140228271484375
0.00391197204589844 0.0193767547607422 0.0112361907958984 0.0089559555053711
0.0108842849731445 0.00450611114501953 0.00199985504150391 0.0117530822753906
0.0087733268737793 -0.00197124481201172 0.0112056732177734 0.0173244476318359
0.00638198852539063 -0.00603914260864258 0.0205764770507812 0.0120048522949219
0.00229167938232422 -0.0109720230102539 0.0238819122314453 0.0027618408203125
0.00164270401000977 -0.00866603851318359 0.0226860046386719 0.000225067138671874
0.00229644775390625 -0.00797700881958008 0.0175437927246094 0.00139713287353516
0.00648117065429688 -0.00984287261962891 0.0103883743286133 0.00475311279296875
0.0119123458862305 -0.00305843353271484 0.00211429595947266 0.00501728057861328
0.0115251541137695 0.00759315490722656 -0.00426483154296875 -0.00455188751220703
0.00393009185791016 0.0138282775878906 0.00279808044433594 -0.0142145156860352
-0.00983238220214844 0.0125732421875 0.0234584808349609 -0.0135478973388672
-0.0176067352294922 0.00911331176757812 0.0284633636474609 0.00112342834472656
-0.0267658233642578 0.00263404846191406 0.00949382781982422 0.00638675689697266
-0.0263614654541016 0.00742530822753906 0.0207595825195313 0.0184116363525391
-0.00609016418457031 0.0178127288818359 0.00531864166259766 0.01458740234375
0.00324010848999023 0.00870037078857422 0.000440597534179688 0.0179595947265625
0.00577831268310547 0.00487661361694336 0.0106868743896484 0.0220298767089844
0.00766134262084961 0.000528335571289063 0.0202045440673828 0.0154285430908203
0.00811433792114258 -0.00518417358398438 0.0240325927734375 0.00628280639648438
0.0082859992980957 -0.0053410530090332 0.0218410491943359 0.00326347351074219
0.0083155632019043 -0.00393342971801758 0.0154352188110352 0.00410938262939453
0.0120716094970703 -0.00558853149414063 0.00753641128540039 0.00756311416625977
0.01580810546875 0.00263595581054688 -0.00152826309204101 0.00695896148681641
0.0120315551757813 0.0139102935791016 -0.008819580078125 -0.00385856628417969
0.0011749267578125 0.0194759368896484 -0.00197696685791016 -0.0142097473144531
-0.0154705047607422 0.0149307250976562 0.0178852081298828 -0.0150337219238281
-0.0245532989501953 0.00674057006835938 0.0197410583496094 0.000667572021484376
-0.0329971313476563 -0.00122833251953125 -0.000238895416259768 0.00548601150512695
-0.0311260223388672 -0.000616073608398442 0.00946807861328125 0.0197162628173828
-0.0170764923095703 0.0135116577148437 -0.00471305847167969 0.0187129974365234
-0.00578594207763672 0.0117731094360352 -0.00344085693359375 0.0237846374511719
0.000777244567871093 0.0124788284301758 0.00926399230957031 0.0262622833251953
0.00783967971801758 0.00832414627075195 0.0187816619873047 0.0179862976074219
0.0129528045654297 0.00197219848632813 0.0227088928222656 0.00852584838867188
0.0141658782958984 -0.00077056884765625 0.018218994140625 0.00531005859375
0.0123977661132813 3.52859497070313E-05 0.0105953216552734 0.00598335266113281
0.0157995223999023 -0.000136375427246094 0.00230216979980469 0.0096435546875
0.0175743103027344 0.00708580017089844 -0.0066070556640625 0.00825357437133789
0.0120105743408203 0.0166912078857422 -0.0136404037475586 -0.00279045104980468
6.67572021484386E-05 0.0222434997558594 -0.00709915161132813 -0.0135307312011719
-0.0175561904907227 0.0158586502075195 0.0108785629272461 -0.0153627395629883
-0.0273609161376953 0.00572395324707031 0.00912666320800781 0.00122833251953125
-0.0355224609375 -0.0045318603515625 -0.0118923187255859 0.00445938110351562
-0.0311737060546875 -0.00826835632324219 -0.003692626953125 0.0179176330566406
-0.0241622924804688 0.00673675537109375 -0.0163021087646484 0.0202083587646484
-0.0145149230957031 0.0120658874511719 -0.00935745239257813 0.0279045104980469
-0.00504112243652344 0.0181102752685547 0.00588226318359375 0.0283565521240234
0.00600147247314453 0.0149393081665039 0.0149688720703125 0.0184688568115234
0.0154638290405273 0.00929069519042969 0.0180168151855469 0.00958251953125
0.0175914764404297 0.00419998168945313 0.0115442276000977 0.00623703002929688
0.0145225524902344 0.00431919097900391 0.00416755676269531 0.00716543197631836
0.0172748565673828 0.00423049926757813 -0.00364303588867188 0.0106544494628906
0.0169010162353516 0.0104007720947266 -0.011688232421875 0.00905132293701172
0.00948333740234375 0.018096923828125 -0.0176830291748047 -0.00137901306152343
-0.00158882141113281 0.0214767456054687 -0.0109624862670898 -0.0114212036132813
-0.0172958374023437 0.0142316818237305 0.00469970703125 -0.0126256942749023
-0.0258026123046875 0.0034027099609375 -0.000780344009399416 0.00381088256835937
-0.0337429046630859 -0.00811195373535157 -0.0219573974609375 0.00341415405273437
-0.025848388671875 -0.0139942169189453 -0.0157508850097656 0.0125160217285156
-0.0249900817871094 -0.000654220581054682 -0.0278129577636719 0.0176372528076172
-0.0198402404785156 0.00890731811523437 -0.0167121887207031 0.0287971496582031
-0.0110301971435547 0.0189304351806641 0.00144004821777344 0.0280570983886719
0.00284385681152344 0.0188407897949219 0.010584831237793 0.0163040161132813
0.0140018463134766 0.0141973495483398 0.0110073089599609 0.00752449035644531
0.0176315307617188 0.00832748413085938 0.00347089767456055 0.00591564178466797
0.0140171051025391 0.00758647918701172 -0.00285816192626953 0.00693321228027344
0.015742301940918 0.00798320770263672 -0.00946807861328125 0.0102853775024414
0.0146121978759766 0.0126876831054688 -0.015289306640625 0.00861263275146484
0.00647163391113281 0.0178604125976563 -0.019775390625 -0.000976562499999997
-0.00418853759765625 0.0193843841552734 -0.0124406814575195 -0.00971508026123047
-0.0173521041870117 0.0104990005493164 0.00127220153808594 -0.00897216796875
-0.0223274230957031 -0.00133895874023438 -0.00807285308837891 0.00697946548461914
-0.0277519226074219 -0.0122947692871094 -0.0310134887695313 0.00184249877929688
-0.0148229598999023 -0.0161352157592773 -0.0231704711914063 0.00563240051269531
-0.0186862945556641 -0.00706100463867188 -0.035614013671875 0.0122413635253906
-0.018341064453125 0.00304794311523438 -0.0221099853515625 0.0255680084228516
-0.0130853652954102 0.0140342712402344 -0.00319671630859375 0.0239582061767578
-0.0018148422241211 0.0167961120605469 0.00554084777832031 0.0123109817504883
0.00913047790527344 0.0163297653198242 0.00447368621826172 0.00519847869873047
0.0138978958129883 0.0114908218383789 -0.00368094444274902 0.0032956600189209
0.011326789855957 0.00958442687988281 -0.0096893310546875 0.0052328109741211
0.0126628875732422 0.0102081298828125 -0.0148830413818359 0.00812530517578125
0.0106821060180664 0.0141057968139648 -0.0185298919677734 0.00556564331054688
0.00282478332519531 0.0170412063598633 -0.0201530456542969 -0.00249481201171875
-0.00770187377929688 0.0168914794921875 -0.0117883682250977 -0.00882720947265625
-0.0175304412841797 0.00532436370849609 -0.00131511688232422 -0.00611495971679688
-0.0181808471679688 -0.00693130493164062 -0.0131311416625977 0.00700187683105469
-0.0193843841552734 -0.01708984375 -0.0360565185546875 -0.00237274169921875
-0.000965118408203125 -0.0136270523071289 -0.0263538360595703 -0.000564575195312498
-0.00525951385498047 -0.00932121276855469 -0.0378799438476562 0.00624084472656251
-0.0107355117797852 -0.00373744964599609 -0.0241584777832031 0.0216217041015625
-0.0112667083740234 0.00457668304443359 -0.00507354736328125 0.0185279846191406
-0.00524616241455078 0.00934600830078125 0.00251293182373047 0.00675535202026367
0.00148582458496094 0.0136213302612305 -0.00174546241760254 0.00030207633972168
0.00736236572265625 0.0127773284912109 -0.00996303558349609 0.000752449035644533
0.00649738311767578 0.0106735229492187 -0.0152301788330078 0.00345993041992188
0.00788021087646484 0.0113029479980469 -0.0188064575195312 0.00616455078125
0.00610446929931641 0.0142221450805664 -0.0214061737060547 0.00343894958496094
-0.000502586364746092 0.0153331756591797 -0.0210609436035156 -0.00423049926757812
-0.00909328460693359 0.0137443542480469 -0.0114612579345703 -0.009674072265625
-0.0176525115966797 0.000160217285156247 -0.00216150283813477 -0.00633096694946289
-0.012847900390625 -0.0129451751708984 -0.0147438049316406 0.00560188293457031
-0.0104694366455078 -0.0208721160888672 -0.0379600524902344 -0.00604629516601563
0.0115938186645508 -0.0101280212402344 -0.0225124359130859 -0.00377273559570313
0.00778961181640625 -0.0100116729736328 -0.0335979461669922 0.00304222106933593
-0.000385284423828125 -0.00893688201904297 -0.0227260589599609 0.0180416107177734
-0.00672435760498047 -0.00513076782226563 -0.00492477416992188 0.0150527954101563
-0.00762844085693359 0.000391960144042968 0.00253939628601074 0.00341439247131348
-0.00597047805786133 0.00827264785766602 -0.00387430191040039 -0.00310134887695312
-0.000110626220703124 0.0110483169555664 -0.0129222869873047 -0.00225830078125
0.000893592834472657 0.00974655151367188 -0.0189228057861328 0.000549316406250001
0.00210857391357422 0.0100469589233398 -0.0218410491943359 0.00260543823242187
0.00072956085205078 0.0117769241333008 -0.0226860046386719 -0.000837326049804687
-0.00267601013183594 0.0117502212524414 -0.0209712982177734 -0.00752449035644531
-0.00999832153320313 0.00975894927978516 -0.0113239288330078 -0.0119667053222656
-0.0157079696655273 -0.00346469879150391 -0.00336122512817383 -0.00843572616577148
-0.00767612457275391 -0.0159626007080078 -0.0157508850097656 -0.000141143798828128
-2.28881835937524E-05 -0.0220756530761719 -0.0357704162597656 -0.0127410888671875
-0.0157089233398438 0.0160465240478516 0.0315685272216797 0.0143489837646484
0.00700187683105469 0.0192356109619141 0.0138092041015625 0.00879096984863281
0.0119733810424805 0.00240325927734375 0.00345706939697266 0.0115652084350586
0.00908565521240234 -0.00433921813964844 0.011967658996582 0.0175418853759766
0.00528383255004883 -0.00812673568725586 0.0213203430175781 0.0124530792236328
-8.39233398437508E-05 -0.0118246078491211 0.0251255035400391 0.00209617614746094
-0.000409126281738281 -0.00940513610839844 0.0244827270507813 -0.000551223754882813
0.00045299530029297 -0.00869941711425781 0.0194110870361328 0.000411987304687499
0.00464725494384766 -0.0115118026733398 0.0125646591186523 0.00516891479492187
0.0117912292480469 -0.00555038452148438 0.00398015975952149 0.00622177124023438
0.0134801864624023 0.00556850433349609 -0.00423765182495117 -0.0027766227722168
0.00662803649902344 0.0135211944580078 0.00150680541992187 -0.0133037567138672
-0.00802707672119141 0.0151233673095703 0.0228099822998047 -0.0156688690185547
-0.0180473327636719 0.0130825042724609 0.0306529998779297 -0.000650405883789062
-0.0278549194335938 0.0072479248046875 0.0122642517089844 0.00739955902099609
-0.0256690979003906 0.0105628967285156 0.02459716796875 0.0201473236083984
-0.00439453125 0.0190868377685547 0.00846385955810547 0.0154647827148438
0.00469064712524414 0.00759553909301758 0.00256919860839844 0.0176906585693359
0.00579118728637695 0.00386667251586914 0.0119476318359375 0.0221347808837891
0.00714206695556641 -0.000655651092529297 0.0218868255615234 0.0153827667236328
0.00670289993286133 -0.00620412826538086 0.0267467498779297 0.00586318969726563
0.00748395919799805 -0.00639915466308594 0.0239887237548828 0.00237464904785156
0.00751638412475586 -0.00505733489990234 0.0180950164794922 0.00348091125488281
0.0114049911499023 -0.00655364990234375 0.0101203918457031 0.00811672210693359
0.016352653503418 0.000585556030273438 0.000589370727539064 0.00926780700683594
0.0141115188598633 0.0125598907470703 -0.00865983963012695 -0.00138616561889648
0.00392532348632813 0.0200843811035156 -0.00310134887695313 -0.0123863220214844
-0.0147552490234375 0.0176906585693359 0.0166254043579102 -0.0162382125854492
-0.0260105133056641 0.0106124877929688 0.0211887359619141 -0.000169754028320312
-0.035552978515625 0.00270843505859374 0.00154781341552734 0.00798702239990235
-0.0317649841308594 0.00127983093261719 0.0126266479492188 0.0224647521972656
-0.0163707733154297 0.0148229598999023 -0.00124549865722656 0.0209770202636719
-0.0049896240234375 0.0114660263061523 -0.00070953369140625 0.0246295928955078
0.000903129577636718 0.0126247406005859 0.0111217498779297 0.0266571044921875
0.00797557830810547 0.00820636749267578 0.0208568572998047 0.0184612274169922
0.0128145217895508 0.00148487091064453 0.0249137878417969 0.00819587707519531
0.0147733688354492 -0.00168514251708984 0.0205287933349609 0.00451850891113281
0.0127964019775391 -0.000432014465332031 0.013493537902832 0.00623226165771484
0.0165338516235352 -0.00112152099609375 0.00547504425048828 0.0103492736816406
0.0185337066650391 0.00612831115722656 -0.0038461685180664 0.0105705261230469
0.0131711959838867 0.0169229507446289 -0.0128927230834961 -0.000150680541992187
0.00160789489746094 0.0233325958251953 -0.00824165344238281 -0.0110549926757813
-0.0176734924316406 0.0183753967285156 0.009765625 -0.0154094696044922
-0.0292644500732422 0.00837326049804687 0.0101518630981445 0.00184059143066406
-0.0382766723632813 -0.00168991088867188 -0.0108938217163086 0.00778961181640625
-0.0332202911376953 -0.00734329223632812 -0.00128936767578125 0.0218791961669922
-0.02545166015625 0.00746536254882813 -0.0137119293212891 0.0233612060546875
-0.015355110168457 0.0131149291992187 -0.00692558288574219 0.0292758941650391
-0.00507164001464844 0.0189361572265625 0.00768280029296875 0.0296211242675781
0.00671863555908203 0.0161619186401367 0.0172348022460938 0.0186557769775391
0.0161838531494141 0.00949668884277344 0.0205345153808594 0.00921821594238281
0.0192337036132812 0.00350379943847656 0.014195442199707 0.00582408905029297
0.0161247253417969 0.00410842895507813 0.00684785842895508 0.00754261016845703
0.01885986328125 0.00397109985351562 -0.000447273254394529 0.0118169784545898
0.0185813903808594 0.0105514526367188 -0.0088186264038086 0.0111684799194336
0.0114288330078125 0.0186958312988281 -0.0165367126464844 0.00143146514892578
-0.000291824340820313 0.0236568450927734 -0.0113801956176758 -0.00897216796875
-0.018280029296875 0.01654052734375 0.00417900085449219 -0.0119504928588867
-0.0284252166748047 0.00489807128906251 9.91821289062477E-05 0.00506687164306641
-0.0369606018066406 -0.00675582885742188 -0.0219879150390625 0.00661468505859375
-0.0287017822265625 -0.0149497985839844 -0.0154485702514648 0.0159120559692383
-0.0278511047363281 -0.000885009765624995 -0.0265331268310547 0.0213794708251953
-0.0218524932861328 0.0100421905517578 -0.0142593383789062 0.0306072235107422
-0.0114822387695312 0.02105712890625 0.00304412841796875 0.0290393829345703
0.00370407104492188 0.0202255249023438 0.0123796463012695 0.0161933898925781
0.0159969329833984 0.0156888961791992 0.0131359100341797 0.00794410705566407
0.0202350616455078 0.00872039794921875 0.00556039810180664 0.00554943084716797
0.0163803100585938 0.00822544097900391 -0.00106620788574219 0.00730419158935547
0.0184307098388672 0.00861549377441406 -0.00699424743652344 0.0116968154907227
0.0168867111206055 0.013575553894043 -0.0133543014526367 0.0104818344116211
0.00777816772460938 0.0194549560546875 -0.0187549591064453 0.000986099243164065
-0.00384140014648438 0.0221290588378906 -0.0126132965087891 -0.00741386413574218
-0.0190219879150391 0.0122928619384766 0.00096750259399414 -0.00818777084350586
-0.0258235931396484 -0.000566482543945312 -0.00709629058837891 0.00890159606933594
-0.0318336486816406 -0.012176513671875 -0.0310077667236328 0.0053253173828125
-0.0173702239990234 -0.0192756652832031 -0.0239658355712891 0.00934791564941406
-0.0215740203857422 -0.00832939147949218 -0.035400390625 0.0155296325683594
-0.0212364196777344 0.00360298156738281 -0.0202445983886719 0.0278854370117188
-0.0146894454956055 0.0159826278686523 -0.00168991088867187 0.0251026153564453
-0.00177764892578125 0.0191745758056641 0.00660133361816406 0.0124101638793945
0.0110874176025391 0.0178203582763672 0.00561714172363281 0.00491714477539063
0.0168914794921875 0.011805534362793 -0.00265002250671387 0.00377702713012695
0.0141811370849609 0.0103597640991211 -0.00880908966064453 0.00631237030029297
0.0159997940063477 0.0111608505249023 -0.0134592056274414 0.00947284698486328
0.0136260986328125 0.0157880783081055 -0.0171709060668945 0.00739383697509766
0.00420951843261719 0.0192546844482422 -0.0193862915039063 -0.000677108764648435
-0.00707817077636718 0.0196685791015625 -0.0116844177246094 -0.00696563720703125
-0.0199413299560547 0.00758934020996093 -0.00154399871826172 -0.00536298751831055
-0.0223236083984375 -0.00758934020996094 -0.0128326416015625 0.00939750671386719
-0.0236244201660156 -0.0186080932617188 -0.0372238159179687 0.00135040283203125
-0.00290679931640625 -0.0173988342285156 -0.0284576416015625 0.00185585021972656
-0.00785541534423828 -0.0127315521240234 -0.0386772155761719 0.00951385498046876
-0.0134258270263672 -0.00392723083496093 -0.0228500366210937 0.0243492126464844
-0.0140562057495117 0.00612354278564453 -0.00394821166992188 0.01959228515625
-0.00623226165771484 0.0120820999145508 0.00326251983642578 0.00612497329711914
0.00342273712158203 0.0161037445068359 -0.00124228000640869 -7.39097595214734E-06
0.0103425979614258 0.0139055252075195 -0.0106172561645508 0.000984191894531253
0.00923633575439453 0.0119609832763672 -0.0153293609619141 0.00436973571777344
0.0108375549316406 0.0125083923339844 -0.0182247161865234 0.0069732666015625
0.00866413116455078 0.0157203674316406 -0.0205020904541016 0.00431442260742188
0.00113010406494141 0.0175189971923828 -0.0207901000976563 -0.00304985046386719
-0.00942325592041015 0.016993522644043 -0.0119285583496094 -0.00872039794921875
-0.0203895568847656 0.00256156921386719 -0.00226497650146484 -0.00570440292358398
-0.0174503326416016 -0.0139293670654297 -0.0144662857055664 0.00746536254882812
-0.014404296875 -0.0230922698974609 -0.0399131774902344 -0.00387191772460938
0.0117101669311523 -0.0141000747680664 -0.0248756408691406 -0.00341033935546875
0.0061798095703125 -0.0135984420776367 -0.0351028442382813 0.00496292114257812
-0.00247955322265625 -0.0104961395263672 -0.0214729309082031 0.0203571319580078
-0.00917243957519531 -0.00460433959960937 -0.00343036651611328 0.0153636932373047
-0.00882720947265625 0.00267410278320313 0.00222682952880859 0.00280380249023438
-0.00468730926513672 0.0112485885620117 -0.00464153289794922 -0.00374937057495117
0.00225448608398438 0.0127992630004883 -0.0143423080444336 -0.00233936309814453
0.00353145599365235 0.0107402801513672 -0.0199184417724609 0.00167274475097656
0.00480842590332031 0.0114459991455078 -0.0223903656005859 0.0028076171875
0.0037078857421875 0.013519287109375 -0.0232162475585938 -0.000543594360351567
-0.00139999389648437 0.013890266418457 -0.0209770202636719 -0.00675201416015624
-0.00982189178466797 0.0128250122070313 -0.0116844177246094 -0.0113296508789063
-0.017852783203125 -0.00161361694335938 -0.00386667251586914 -0.00771093368530273
-0.0115871429443359 -0.0172357559204102 -0.0168914794921875 0.000899314880371091
-0.0036468505859375 -0.0250129699707031 -0.038543701171875 -0.0115890502929688
-0.0131435394287109 0.0184783935546875 0.0350093841552734 0.014495849609375
0.0102005004882813 0.0188655853271484 0.016118049621582 0.00795078277587891
0.013209342956543 0.000642776489257813 0.00408172607421875 0.0110702514648438
0.00843238830566406 -0.00631952285766602 0.0122318267822266 0.0177230834960938
0.00372886657714844 -0.00913047790527344 0.0223522186279297 0.0120182037353516
-0.00241279602050781 -0.0121603012084961 0.0265846252441406 0.00210952758789062
-0.00268650054931641 -0.00960731506347656 0.0259037017822266 -0.00160026550292969
-0.000820159912109375 -0.00889778137207031 0.0211563110351562 -0.000240325927734376
0.0021200180053711 -0.0124235153198242 0.0149974822998047 0.00476455688476562
0.010319709777832 -0.00718498229980469 0.0059967041015625 0.00713968276977539
0.0145540237426758 0.00333595275878906 -0.00350213050842285 -0.00112485885620117
0.00884437561035156 0.0125265121459961 0.00142097473144531 -0.0116844177246094
-0.00554943084716797 0.0170421600341797 0.0216121673583984 -0.0163040161132813
-0.016291618347168 0.0166397094726563 0.0318870544433594 -0.0024566650390625
-0.0270404815673828 0.0116100311279297 0.0147819519042969 0.00812816619873047
-0.0243434906005859 0.011749267578125 0.0277309417724609 0.0212001800537109
-0.00220870971679687 0.0186576843261719 0.0108633041381836 0.0152435302734375
0.00534963607788086 0.0059661865234375 0.00342655181884766 0.0173788070678711
0.00564193725585938 0.00261306762695313 0.0127124786376953 0.0221500396728516
0.00607824325561523 -0.00132513046264648 0.0231533050537109 0.0152511596679687
0.00541210174560547 -0.00626897811889648 0.0280361175537109 0.00540733337402344
0.00640726089477539 -0.00663614273071289 0.0265560150146484 0.00145912170410156
0.00711870193481445 -0.00488615036010742 0.0206928253173828 0.00315284729003906
0.0103960037231445 -0.00710773468017578 0.01324462890625 0.00800991058349609
0.0160961151123047 -0.000623703002929688 0.0034637451171875 0.00961112976074219
0.0151767730712891 0.011286735534668 -0.00714015960693359 0.000858783721923829
0.0055999755859375 0.0199089050292969 -0.00351619720458984 -0.010380744934082
-0.0131683349609375 0.0194053649902344 0.015650749206543 -0.0161666870117188
-0.0258216857910156 0.0137977600097656 0.0224590301513672 -0.000862121582031249
-0.0360527038574219 0.00644683837890626 0.00408172607421875 0.00924396514892578
-0.0323143005371094 0.00243186950683594 0.0164928436279297 0.0246639251708984
-0.0160751342773438 0.0151996612548828 0.001708984375 0.0212478637695313
-0.00510597229003906 0.0113306045532227 0.000484466552734376 0.0242633819580078
0.000998497009277343 0.0124120712280273 0.0118770599365234 0.0268478393554688
0.00780868530273437 0.00806903839111328 0.0221958160400391 0.0182209014892578
0.0125026702880859 0.00122833251953125 0.0267810821533203 0.00781631469726562
0.0146894454956055 -0.00189018249511719 0.0233478546142578 0.004180908203125
0.0133457183837891 -0.000426292419433594 0.0162792205810547 0.00543689727783203
0.0166158676147461 -0.00143909454345703 0.00864982604980469 0.0103492736816406
0.0194358825683594 0.0059661865234375 -0.000802040100097654 0.0115633010864258
0.0144920349121094 0.0168905258178711 -0.0113954544067383 0.00250434875488282
0.00327110290527344 0.0241851806640625 -0.00840282440185547 -0.00895977020263672
-0.01702880859375 0.0203323364257813 0.00879287719726562 -0.0148372650146484
-0.0305690765380859 0.0108432769775391 0.011683464050293 0.00188636779785156
-0.0398178100585938 0.000904083251953119 -0.00847530364990235 0.0104827880859375
-0.0354042053222656 -0.00720977783203124 0.00145149230957031 0.0243873596191406
-0.0267753601074219 0.00805854797363282 -0.0110301971435547 0.0247325897216797
-0.0162572860717773 0.0134077072143555 -0.00481414794921875 0.029510498046875
-0.00545692443847656 0.0202503204345703 0.00903892517089844 0.0298843383789063
0.00686454772949219 0.0168304443359375 0.0190238952636719 0.0189361572265625
0.0172100067138672 0.00944328308105469 0.0227279663085937 0.00851631164550781
0.0201663970947266 0.00318145751953125 0.0163726806640625 0.00563144683837891
0.0175628662109375 0.00434398651123047 0.00935745239257813 0.00669670104980469
0.0200557708740234 0.00411796569824219 0.0021963119506836 0.0115852355957031
0.0202369689941406 0.0106525421142578 -0.0056915283203125 0.0119552612304688
0.0127983093261719 0.0195446014404297 -0.0144138336181641 0.00355243682861329
0.0005035400390625 0.0253391265869141 -0.0106334686279297 -0.00708675384521484
-0.0187282562255859 0.0186424255371094 0.00383281707763672 -0.0112628936767578
-0.0306529998779297 0.00666427612304688 0.00187921524047851 0.0060734748840332
-0.0394783020019531 -0.00516510009765625 -0.0203685760498047 0.0101356506347656
-0.0317440032958984 -0.0160999298095703 -0.0132865905761719 0.019683837890625
-0.0306911468505859 -0.000810623168945312 -0.0247058868408203 0.0237598419189453
-0.0234336853027344 0.0112648010253906 -0.0120220184326172 0.0314903259277344
-0.0115909576416016 0.0233306884765625 0.004638671875 0.0294818878173828
0.00362777709960937 0.0218372344970703 0.0134353637695313 0.0160923004150391
0.0179729461669922 0.0163021087646484 0.014561653137207 0.00714111328125
0.0219383239746094 0.00817298889160156 0.00723743438720703 0.00544214248657227
0.0187397003173828 0.00787925720214844 0.000950813293457032 0.00740385055541992
0.0207672119140625 0.00884056091308594 -0.00470161437988281 0.011469841003418
0.0190639495849609 0.0141677856445313 -0.0106792449951172 0.0113115310668945
0.00943756103515625 0.0213985443115234 -0.0169706344604492 0.0030813217163086
-0.00267601013183594 0.0249290466308594 -0.0116024017333984 -0.00580024719238281
-0.0206184387207031 0.0143947601318359 0.00106334686279297 -0.00720977783203125
-0.029266357421875 0.000328063964843751 -0.00561046600341797 0.0106287002563477
-0.0354461669921875 -0.0115203857421875 -0.0304679870605469 0.00857162475585938
-0.0205726623535156 -0.0207557678222656 -0.0238437652587891 0.0124301910400391
-0.0254344940185547 -0.00950241088867187 -0.0343036651611328 0.0186309814453125
-0.0240459442138672 0.00414085388183593 -0.0185317993164062 0.0290279388427734
-0.0160427093505859 0.0187568664550781 -0.000530242919921878 0.0254878997802734
-0.001220703125 0.0215396881103516 0.00735378265380859 0.0120973587036133
0.0141487121582031 0.0193443298339844 0.00683212280273438 0.00455713272094727
0.0198326110839844 0.0120277404785156 -0.00224924087524414 0.0036008358001709
0.0170125961303711 0.0107059478759766 -0.00774240493774414 0.00640630722045898
0.0189094543457031 0.0115032196044922 -0.012110710144043 0.00931262969970703
0.0162696838378906 0.0165596008300781 -0.0154962539672852 0.00742912292480469
0.00638961791992188 0.0216960906982422 -0.0178070068359375 0.000160217285156253
-0.00650215148925781 0.0226211547851563 -0.0110597610473633 -0.00587272644042969
-0.0216255187988281 0.00994300842285156 -0.0006558895111084 -0.00432777404785156
-0.0259971618652344 -0.006622314453125 -0.0117406845092773 0.0106916427612305
-0.0273075103759766 -0.0186767578125 -0.0369453430175781 0.00371170043945313
-0.00529670715332031 -0.0207386016845703 -0.0299491882324219 0.00397682189941407
-0.0115327835083008 -0.0144081115722656 -0.0390243530273438 0.0124359130859375
-0.0169782638549805 -0.004486083984375 -0.0210857391357422 0.0252971649169922
-0.0158205032348633 0.00867462158203125 -0.00261116027832031 0.0195293426513672
-0.00619220733642578 0.0148105621337891 0.00330829620361328 0.00570440292358398
0.00594139099121094 0.0182552337646484 -0.00139451026916504 0.000177979469299317
0.0137109756469727 0.0141363143920898 -0.0106201171875 0.00170707702636719
0.0121431350708008 0.0122928619384766 -0.0155296325683594 0.00485134124755859
0.0141944885253906 0.0128841400146484 -0.0180416107177734 0.00716972351074219
0.0119314193725586 0.016596794128418 -0.0199012756347656 0.00427818298339844
0.00348091125488281 0.0197086334228516 -0.0199718475341797 -0.00250816345214843
-0.00848770141601562 0.0199623107910156 -0.0115518569946289 -0.00827980041503906
-0.0221366882324219 0.00478553771972656 -0.00185728073120117 -0.00467348098754883
-0.0212955474853516 -0.0133533477783203 -0.0147066116333008 0.00906562805175781
-0.0184364318847656 -0.0240974426269531 -0.0412063598632813 -0.00179672241210937
0.0098876953125 -0.0176868438720703 -0.0271625518798828 -0.00164604187011719
0.0033721923828125 -0.0165367126464844 -0.0360107421875 0.00701522827148438
-0.00569248199462891 -0.0114154815673828 -0.0204448699951172 0.0209312438964844
-0.0117692947387695 -0.00307846069335938 -0.00278377532958984 0.0146169662475586
-0.00928211212158203 0.00550079345703125 0.00174796581268311 0.00144422054290772
-0.00249576568603516 0.0136604309082031 -0.00573253631591797 -0.00456666946411133
0.00529193878173828 0.0134057998657227 -0.0157909393310547 -0.00181865692138672
0.00632381439208985 0.0112762451171875 -0.0209312438964844 0.00251579284667969
0.00777816772460938 0.0116758346557617 -0.0233612060546875 0.0039215087890625
0.00676918029785156 0.0139989852905273 -0.0237712860107422 -0.000566482543945311
0.000122070312499999 0.0155000686645508 -0.0210914611816406 -0.00650596618652343
-0.00937461853027344 0.0151643753051758 -0.0119848251342773 -0.0110692977905273
-0.0195789337158203 0.000963211059570317 -0.0038447380065918 -0.00735187530517578
-0.0152139663696289 -0.0168924331665039 -0.0176448822021484 0.00210380554199219
-0.00686073303222656 -0.0267276763916016 -0.0406150817871094 -0.0111846923828125
-0.0113468170166016 0.0196037292480469 0.0379600524902344 0.0144119262695313
0.0125637054443359 0.0180034637451172 0.0181350708007812 0.00703239440917969
0.0137434005737305 -0.0012969970703125 0.00414657592773438 0.0106010437011719
0.00770139694213867 -0.00774049758911133 0.0121307373046875 0.0183753967285156
0.00233840942382812 -0.00976276397705078 0.0229015350341797 0.0130558013916016
-0.00441169738769531 -0.0117578506469727 0.0279769897460937 0.0025482177734375
-0.00388193130493164 -0.00878238677978515 0.0283126831054688 -0.00216484069824219
-0.00215005874633789 -0.00828981399536133 0.0232620239257813 -0.000782012939453126
0.000101089477539063 -0.0121879577636719 0.0173330307006836 0.00419807434082031
0.00947189331054688 -0.00907993316650391 0.00874996185302735 0.00727748870849609
0.0150995254516602 0.00155162811279297 -0.00210249423980713 0.000164628028869629
0.0100164413452148 0.0114583969116211 0.00144290924072266 -0.0104093551635742
-0.00320625305175781 0.0176334381103516 0.0212593078613281 -0.0165081024169922
-0.0150241851806641 0.0191020965576172 0.0333328247070313 -0.00331306457519531
-0.0260200500488281 0.0152721405029297 0.0179805755615234 0.00851249694824219
-0.0234870910644531 0.0132656097412109 0.0313510894775391 0.0215568542480469
-0.000986099243164063 0.0185298919677734 0.0137605667114258 0.0147676467895508
0.00541210174560547 0.00523090362548828 0.00413322448730469 0.0174980163574219
0.00492048263549805 0.00180578231811523 0.0127525329589844 0.0232639312744141
0.00513887405395508 -0.0015110969543457 0.0244712829589844 0.0161228179931641
0.00395107269287109 -0.00592565536499023 0.0300426483154297 0.00519752502441406
0.00555562973022461 -0.00601625442504883 0.0290699005126953 0.00081634521484375
0.00661993026733398 -0.00494384765625 0.0232563018798828 0.00197982788085937
0.00934123992919922 -0.0075225830078125 0.0161838531494141 0.00728130340576172
0.0157537460327148 -0.00140094757080078 0.00654315948486328 0.0103254318237305
0.0157146453857422 0.0106172561645508 -0.00551891326904297 0.00260543823242188
0.00750541687011719 0.0197658538818359 -0.00297737121582031 -0.00881862640380859
-0.0117416381835937 0.0209140777587891 0.0151004791259766 -0.0155067443847656
-0.0260734558105469 0.0169162750244141 0.0242118835449219 -0.00138473510742187
-0.0366401672363281 0.00908279418945312 0.00716972351074218 0.0111503601074219
-0.0331439971923828 0.00365829467773437 0.0196151733398438 0.0258655548095703
-0.0162782669067383 0.0151786804199219 0.004150390625 0.0213909149169922
-0.00599765777587891 0.0109004974365234 0.00189781188964844 0.0239467620849609
0.000671386718749999 0.0128545761108398 0.0134620666503906 0.0278644561767578
0.00719165802001953 0.00845050811767578 0.0240955352783203 0.0188770294189453
0.0117988586425781 0.0019683837890625 0.0290660858154297 0.00736427307128906
0.0148868560791016 -0.00192737579345703 0.0259895324707031 0.00289344787597656
0.0138950347900391 -0.000330924987792969 0.0191860198974609 0.00438308715820313
0.0171680450439453 -0.00175380706787109 0.0114822387695313 0.00969409942626953
0.0200309753417969 0.00565147399902344 0.00235557556152344 0.0118818283081055
0.0152997970581055 0.0168552398681641 -0.00936794281005859 0.00386238098144531
0.00436019897460938 0.0251979827880859 -0.00717830657958985 -0.00711536407470703
-0.0170173645019531 0.0221233367919922 0.00886917114257813 -0.013585090637207
-0.0318775177001953 0.0128803253173828 0.0133514404296875 0.00267410278320313
-0.0413322448730469 0.00281524658203124 -0.0057525634765625 0.0123014450073242
-0.0371894836425781 -0.00736236572265625 0.00465774536132812 0.0264396667480469
-0.0288238525390625 0.00867271423339844 -0.00869369506835938 0.0253353118896484
-0.017369270324707 0.0145158767700195 -0.00366592407226563 0.0293140411376953
-0.00577354431152344 0.0214996337890625 0.0105152130126953 0.0304088592529297
0.00735664367675782 0.0182151794433594 0.0203495025634766 0.0190258026123047
0.0182132720947266 0.0103187561035156 0.024444580078125 0.00782966613769531
0.0223560333251953 0.00324058532714844 0.0185585021972656 0.00475120544433594
0.0192966461181641 0.00407981872558594 0.0115690231323242 0.00580310821533203
0.0217494964599609 0.00405120849609375 0.00461483001708984 0.0110349655151367
0.0219974517822266 0.0107059478759766 -0.00300502777099609 0.0122308731079102
0.0138607025146484 0.0211982727050781 -0.0124683380126953 0.004638671875
0.00152969360351563 0.0268344879150391 -0.00933837890625 -0.00507068634033203
-0.0195446014404297 0.020416259765625 0.00430011749267578 -0.0103797912597656
-0.0332813262939453 0.0083332061767578 0.00387144088745117 0.00726032257080078
-0.0418739318847656 -0.00384140014648437 -0.01837158203125 0.0123157501220703
-0.0351066589355469 -0.0165081024169922 -0.0114173889160156 0.0218353271484375
-0.0337638854980469 -0.000555038452148434 -0.0226707458496094 0.0252342224121094
-0.0257472991943359 0.0123157501220703 -0.0108833312988281 0.03179931640625
-0.0124683380126953 0.0254859924316406 0.0052947998046875 0.0299053192138672
0.00458908081054687 0.0241279602050781 0.0144901275634766 0.0165815353393555
0.0197334289550781 0.0169601440429688 0.0167789459228516 0.00694561004638672
0.0251827239990234 0.00783729553222656 0.00862312316894531 0.00511646270751953
0.0216541290283203 0.00818443298339844 0.00231742858886719 0.00702714920043945
0.0236854553222656 0.00892829895019531 -0.00294303894042969 0.010767936706543
0.0219535827636719 0.0150012969970703 -0.00832939147949218 0.0106878280639648
0.0111103057861328 0.0230255126953125 -0.0148124694824219 0.0035400390625
-0.00189018249511719 0.0275325775146484 -0.0102920532226563 -0.00448703765869141
-0.0220413208007813 0.0166225433349609 0.00169849395751953 -0.00636863708496094
-0.0327739715576172 0.00202941894531251 -0.003997802734375 0.0116977691650391
-0.0389480590820313 -0.0112457275390625 -0.0293006896972656 0.0103206634521484
-0.0243473052978516 -0.0224037170410156 -0.0239887237548828 0.0146865844726563
-0.0294418334960938 -0.00960350036621094 -0.0336856842041016 0.0205783843994141
-0.0266494750976563 0.00522804260253906 -0.0174903869628906 0.0294284820556641
-0.0171184539794922 0.0213947296142578 -0.000307083129882811 0.0256366729736328
-0.000307083129882813 0.0240879058837891 0.00782203674316406 0.0124750137329102
0.0167293548583984 0.0207595825195313 0.00753259658813477 0.00408458709716797
0.0231456756591797 0.0116291046142578 -0.00141263008117676 0.00359344482421875
0.0195484161376953 0.0105094909667969 -0.0070338249206543 0.00626611709594727
0.0220661163330078 0.0114574432373047 -0.0113763809204102 0.00905323028564453
0.0193977355957031 0.0171375274658203 -0.0141191482543945 0.00709152221679687
0.00820541381835937 0.0235824584960938 -0.0167675018310547 0.000572204589843751
-0.00564193725585937 0.0252609252929688 -0.00963592529296875 -0.00598907470703125
-0.0235080718994141 0.0118904113769531 0.000330448150634764 -0.00373029708862305
-0.0299434661865234 -0.00580978393554688 -0.0106725692749023 0.0122060775756836
-0.0314426422119141 -0.0189132690429688 -0.0370674133300781 0.00519561767578126
-0.00914764404296875 -0.0234565734863281 -0.0308666229248047 0.00675392150878905
-0.0157546997070312 -0.0158243179321289 -0.0394744873046875 0.0138015747070312
-0.0197296142578125 -0.00373268127441406 -0.0203933715820313 0.0254840850830078
-0.0173673629760742 0.0104608535766602 -0.00367355346679688 0.0195655822753906
-0.00551605224609375 0.0174283981323242 0.00255250930786133 0.0055232048034668
0.00879478454589844 0.0198726654052734 -0.00172078609466553 8.34465026855601E-06
0.0167665481567383 0.0136289596557617 -0.0114603042602539 0.00157356262207031
0.0150518417358398 0.0117425918579102 -0.0160083770751953 0.00569343566894532
0.0174798965454102 0.0131425857543945 -0.0181007385253906 0.00739479064941406
0.0150699615478516 0.0172805786132813 -0.0192470550537109 0.00391006469726563
0.00500106811523437 0.0215263366699219 -0.0192298889160156 -0.00253486633300782
-0.00756645202636719 0.0224876403808594 -0.01043701171875 -0.00831031799316406
-0.0237445831298828 0.0076141357421875 -0.00127220153808594 -0.00531387329101563
-0.0255870819091797 -0.0124092102050781 -0.0150775909423828 0.00986671447753906
-0.0223197937011719 -0.0245170593261719 -0.0426139831542969 -0.000762939453125
0.00795745849609375 -0.02130126953125 -0.0293827056884766 -0.0006103515625
0.000364303588867188 -0.0183944702148438 -0.0370941162109375 0.00857925415039062
-0.00808334350585937 -0.0117044448852539 -0.0195541381835938 0.0212669372558594
-0.0136623382568359 -0.00126838684082031 -0.00321102142333985 0.0139245986938477
-0.00945949554443359 0.00775432586669922 0.000878989696502685 0.000563442707061768
-0.000114440917968749 0.0154218673706055 -0.00680255889892578 -0.00475072860717773
0.00810146331787109 0.0133037567138672 -0.0176162719726562 -0.00136756896972656
0.00848197937011719 0.0109577178955078 -0.0224380493164063 0.00304031372070312
0.0103445053100586 0.0117111206054688 -0.0242843627929687 0.00430488586425781
0.00937747955322266 0.0145015716552734 -0.0243091583251953 -0.00046920776367187
0.00233364105224609 0.0169124603271484 -0.0215244293212891 -0.00689888000488281
-0.00810813903808594 0.017547607421875 -0.0111808776855469 -0.0111227035522461
-0.0209999084472656 0.00295066833496094 -0.00330781936645508 -0.0068516731262207
-0.0186119079589844 -0.0161609649658203 -0.0183811187744141 0.0030670166015625
-0.0105648040771484 -0.0277671813964844 -0.0427513122558594 -0.010711669921875
-0.00880813598632813 0.0204296112060547 0.0418281555175781 0.0143928527832031
0.0150394439697266 0.0169754028320312 0.0201740264892578 0.00601577758789063
0.0142602920532227 -0.00349235534667969 0.00384330749511719 0.0109643936157227
0.00664329528808594 -0.00927066802978516 0.0128803253173828 0.0192356109619141
0.000520706176757813 -0.0101451873779297 0.0244770050048828 0.0138072967529297
-0.00671958923339844 -0.0114212036132812 0.0298748016357422 0.00239372253417969
-0.00536108016967773 -0.0079960823059082 0.0309810638427734 -0.00333786010742188
-0.00357627868652344 -0.00772666931152344 0.0259685516357422 -0.00234222412109375
-0.00177383422851562 -0.0120487213134766 0.0202598571777344 0.00381088256835937
0.00831890106201172 -0.0100250244140625 0.0110130310058594 0.00758838653564453
0.0148801803588867 -0.000568389892578125 -0.000548243522644042 0.00148069858551025
0.0117473602294922 0.0101118087768555 0.00228214263916016 -0.00980377197265625
-0.00124168395996094 0.0190963745117188 0.0215358734130859 -0.0168418884277344
-0.0131034851074219 0.021820068359375 0.035308837890625 -0.00423049926757812
-0.0250358581542969 0.0175209045410156 0.0213642120361328 0.0086517333984375
-0.0227909088134766 0.0136260986328125 0.0353965759277344 0.0223922729492188
-0.000288009643554689 0.0183773040771484 0.0161113739013672 0.0136938095092773
0.00507020950317383 0.00411176681518555 0.00457000732421875 0.0169887542724609
0.0040123462677002 0.00145769119262695 0.0144615173339844 0.0243740081787109
0.00467681884765625 -0.00176620483398438 0.0267391204833984 0.0169830322265625
0.00324010848999023 -0.00504016876220703 0.0327701568603516 0.00520706176757813
0.00542926788330078 -0.00546121597290039 0.0320835113525391 -0.000471115112304688
0.00594329833984375 -0.00451421737670898 0.0259265899658203 0.0003814697265625
0.00875186920166016 -0.00720977783203125 0.0195198059082031 0.00637054443359375
0.0152006149291992 -0.00184726715087891 0.00955581665039063 0.0103540420532227
0.016575813293457 0.00976943969726562 -0.00360321998596191 0.00360250473022461
0.00856971740722656 0.0198745727539063 -0.00200891494750976 -0.00745058059692383
-0.0110740661621094 0.0226707458496094 0.0153751373291016 -0.0155220031738281
-0.0260963439941406 0.0194988250732422 0.0266475677490234 -0.00168800354003906
-0.0367927551269531 0.0118293762207031 0.0106077194213867 0.0117692947387695
-0.0344276428222656 0.00385284423828124 0.0236015319824219 0.0276145935058594
-0.0164661407470703 0.0156288146972656 0.00666999816894531 0.0214653015136719
-0.00684070587158203 0.0115499496459961 0.00219917297363281 0.0239429473876953
-0.000239372253417968 0.0134248733520508 0.0144462585449219 0.0292339324951172
0.00703716278076172 0.00957489013671875 0.0263900756835938 0.0192527770996094
0.0124807357788086 0.00238800048828125 0.0320148468017578 0.0066375732421875
0.0159063339233398 -0.00137233734130859 0.0291042327880859 0.00152015686035156
0.0151185989379883 -0.000222206115722656 0.0216522216796875 0.00242805480957031
0.0177764892578125 -0.00171279907226563 0.0143909454345703 0.00848960876464844
0.0215282440185547 0.00524330139160156 0.00521087646484375 0.0122184753417969
0.017303466796875 0.0176410675048828 -0.00709009170532226 0.00501537322998047
0.00575447082519531 0.0265884399414063 -0.00581264495849609 -0.00565290451049804
-0.0172767639160156 0.0245361328125 0.00943660736083984 -0.0135984420776367
-0.0338230133056641 0.0162353515625 0.0155296325683594 0.00267982482910156
-0.0439605712890625 0.00510025024414063 -0.00265789031982422 0.0138435363769531
-0.0407142639160156 -0.00712203979492188 0.00742912292480469 0.0285587310791016
-0.0312595367431641 0.00962829589843751 -0.00660324096679688 0.0262737274169922
-0.0191974639892578 0.0157184600830078 -0.00313568115234375 0.0302181243896484
-0.00637626647949219 0.0238742828369141 0.0110969543457031 0.0315284729003906
0.00777435302734375 0.0199394226074219 0.0221481323242188 0.0195770263671875
0.0197181701660156 0.0110244750976563 0.0268306732177734 0.00739860534667969
0.0238838195800781 0.00312423706054687 0.0210762023925781 0.00329017639160156
0.0212421417236328 0.00397872924804687 0.0136938095092773 0.00449657440185547
0.0243682861328125 0.00417327880859375 0.00687217712402344 0.00957965850830078
0.0243663787841797 0.0111446380615234 -0.000225067138671875 0.0116233825683594
0.0160846710205078 0.0224590301513672 -0.0104246139526367 0.00490856170654297
0.00265693664550781 0.0294055938720703 -0.00845050811767578 -0.00440645217895507
-0.0204353332519531 0.0228328704833984 0.00508689880371094 -0.0100317001342773
-0.0366096496582031 0.0106735229492188 0.005950927734375 0.0081334114074707
-0.0456924438476563 -0.00168228149414062 -0.0162515640258789 0.014225959777832
-0.039031982421875 -0.0173568725585938 -0.0102405548095703 0.0245647430419922
-0.0384407043457031 0.000705718994140623 -0.0219821929931641 0.0267143249511719
-0.0282535552978516 0.0140590667724609 -0.009979248046875 0.0323867797851563
-0.0129585266113281 0.0285472869873047 0.00623321533203125 0.0313453674316406
0.00593185424804687 0.0265617370605469 0.0160684585571289 0.0173196792602539
0.0224475860595703 0.0182094573974609 0.0178775787353516 0.00602340698242188
0.0272102355957031 0.00742912292480469 0.0102672576904297 0.00425910949707031
0.0240745544433594 0.00818824768066406 0.00314474105834961 0.00579500198364258
0.0266990661621094 0.00860977172851563 -0.00161457061767578 0.00941276550292969
0.0250892639160156 0.0152320861816406 -0.00679874420166015 0.0108718872070313
0.0139217376708984 0.0252189636230469 -0.0133686065673828 0.00373935699462891
-0.000534057617187502 0.0301895141601562 -0.00911903381347656 -0.00415802001953125
-0.0233421325683594 0.0195178985595703 0.0029449462890625 -0.0066370964050293
-0.0366477966308594 0.00379180908203125 -0.0024557113647461 0.0125865936279297
-0.0431785583496094 -0.0100479125976563 -0.0282573699951172 0.0126628875732422
-0.0284290313720703 -0.0238265991210938 -0.023345947265625 0.0168075561523438
-0.0341873168945313 -0.00917816162109375 -0.0336818695068359 0.0223979949951172
-0.0300369262695313 0.00735855102539062 -0.0168838500976563 0.03033447265625
-0.0181522369384766 0.0249786376953125 0.000173568725585939 0.0266780853271484
0.000766754150390626 0.0272541046142578 0.00840377807617188 0.0122184753417969
0.0198478698730469 0.0218486785888672 0.00781679153442383 0.00357866287231445
0.0263843536376953 0.0113353729248047 -0.00138044357299805 0.00347399711608887
0.0229606628417969 0.0103473663330078 -0.0075225830078125 0.00611448287963867
0.0253009796142578 0.0113716125488281 -0.0109548568725586 0.00861167907714843
0.0228691101074219 0.0177078247070313 -0.0141468048095703 0.00674057006835938
0.0105342864990234 0.0251979827880859 -0.0158805847167969 -7.62939453124625E-06
-0.00429725646972656 0.0288887023925781 -0.00895214080810547 -0.00585269927978515
-0.0253562927246094 0.0152835845947266 0.00142121315002441 -0.00373721122741699
-0.0346317291259766 -0.00380134582519531 -0.00953292846679688 0.0133800506591797
-0.0362472534179687 -0.0182418823242188 -0.0372352600097656 0.00698471069335937
-0.012451171875 -0.0254650115966797 -0.0326824188232422 0.00811386108398438
-0.0201530456542969 -0.0168266296386719 -0.0404853820800781 0.0158233642578125
-0.0229015350341797 -0.00292396545410157 -0.0199203491210938 0.0262126922607422
-0.0191688537597656 0.0144195556640625 -0.00320816040039062 0.0196552276611328
-0.00431632995605469 0.0207061767578125 0.0023655891418457 0.00547361373901367
0.0122566223144531 0.0210399627685547 -0.00213825702667236 -0.000860571861267088
0.0199871063232422 0.0136184692382813 -0.0122222900390625 0.00218772888183594
0.0183391571044922 0.0110492706298828 -0.0166616439819336 0.00588798522949219
0.0207862854003906 0.0120353698730469 -0.0195178985595703 0.00762176513671875
0.0185489654541016 0.0170879364013672 -0.0204544067382812 0.00324821472167969
0.00782012939453125 0.0234203338623047 -0.0195865631103516 -0.00296783447265625
-0.00634956359863281 0.0253047943115234 -0.010289192199707 -0.008880615234375
-0.0259361267089844 0.0102252960205078 4.05311584472638E-05 -0.00506067276000976
-0.0298061370849609 -0.0107173919677734 -0.014678955078125 0.011509895324707
-0.0268383026123047 -0.0242691040039062 -0.0436935424804687 0.000328063964843753
0.00562667846679687 -0.0232772827148437 -0.0317649841308594 0.000228881835937499
-0.00300407409667969 -0.0203495025634766 -0.0394210815429687 0.00998306274414063
-0.0111026763916016 -0.0116472244262695 -0.0199508666992187 0.0218181610107422
-0.0154619216918945 0.00108814239501953 -0.00394821166992188 0.0136270523071289
-0.0094451904296875 0.00989532470703125 -4.54187393188483E-05 0.000448822975158692
0.0020599365234375 0.0168561935424805 -0.0086212158203125 -0.00468873977661133
0.0105876922607422 0.0131196975708008 -0.0193729400634766 -0.000387191772460936
0.0109729766845703 0.0106382369995117 -0.0236759185791016 0.00463676452636719
0.0133028030395508 0.0110588073730469 -0.0264034271240234 0.00476074218750001
0.0123376846313477 0.0142536163330078 -0.0260658264160156 -0.00103759765625
0.00469207763671875 0.018280029296875 -0.0225982666015625 -0.00760078430175781
-0.00673484802246094 0.0196304321289063 -0.0115957260131836 -0.011967658996582
-0.0218906402587891 0.00542640686035157 -0.00284767150878906 -0.00737094879150391
-0.0221500396728516 -0.0153541564941406 -0.0191402435302734 0.00488853454589843
-0.0141258239746094 -0.0285549163818359 -0.0463752746582031 -0.01019287109375
-0.00678825378417969 0.0215415954589844 0.0462074279785156 0.013580322265625
0.0169773101806641 0.0155420303344727 0.0218963623046875 0.00455284118652344
0.0141220092773438 -0.00537300109863281 0.00438213348388672 0.010899543762207
0.00545120239257813 -0.0104665756225586 0.0142135620117188 0.0205078125
-0.001129150390625 -0.010716438293457 0.0270900726318359 0.0143756866455078
-0.00858688354492188 -0.0102777481079102 0.03302001953125 0.00209999084472656
-0.00671052932739258 -0.00750350952148438 0.0338802337646484 -0.0051422119140625
-0.00477075576782226 -0.00695228576660156 0.0285987854003906 -0.00407600402832031
-0.00312423706054688 -0.0117511749267578 0.0230026245117188 0.0017852783203125
0.00626754760742188 -0.0109844207763672 0.0139007568359375 0.00656795501708984
0.0148468017578125 -0.00272750854492187 0.00174987316131592 0.0020289421081543
0.0129823684692383 0.00883102416992188 0.0031585693359375 -0.00952911376953125
0.00128364562988281 0.0192928314208984 0.0217227935791016 -0.01751708984375
-0.0111122131347656 0.0250186920166016 0.03802490234375 -0.0065155029296875
-0.0232830047607422 0.0211448669433594 0.0254306793212891 0.007659912109375
-0.0228996276855469 0.0156497955322266 0.0405921936035156 0.02215576171875
0.000734329223632812 0.0179977416992188 0.0189208984375 0.012542724609375
0.00473451614379883 0.00378656387329102 0.00512409210205078 0.01702880859375
0.00329947471618652 0.00150775909423828 0.0163192749023437 0.0254669189453125
0.00350284576416016 -0.00119805335998535 0.0294437408447266 0.0176372528076172
0.00212478637695313 -0.00484371185302734 0.0359611511230469 0.00387954711914062
0.00543689727783203 -0.00512504577636719 0.0350894927978516 -0.00325202941894531
0.00651979446411133 -0.00428962707519531 0.0286960601806641 -0.00231361389160156
0.00856113433837891 -0.0072932243347168 0.0220947265625 0.00466728210449219
0.0156469345092773 -0.00257205963134766 0.0129108428955078 0.0098257064819336
0.0176677703857422 0.00897407531738281 -0.000867843627929686 0.00457477569580078
0.0100688934326172 0.0200977325439453 -0.000721454620361327 -0.00664281845092773
-0.00974464416503906 0.0246906280517578 0.0159168243408203 -0.0158510208129883
-0.0256843566894531 0.0230293273925781 0.0286846160888672 -0.003173828125
-0.0376434326171875 0.0155372619628906 0.0144147872924805 0.0119924545288086
-0.0366554260253906 0.00546646118164062 0.0288162231445312 0.0283393859863281
-0.0178604125976563 0.016998291015625 0.00964546203613281 0.0211181640625
-0.00826072692871094 0.0119743347167969 0.00271797180175781 0.0243682861328125
-0.000185012817382813 0.0150203704833984 0.0160980224609375 0.0303878784179687
0.0078125 0.010493278503418 0.0287952423095703 0.0194110870361328
0.0133581161499023 0.00307559967041016 0.0351676940917969 0.005706787109375
0.0170574188232422 -0.00191497802734375 0.0315799713134766 -0.00096893310546875
0.0164556503295898 -0.000205039978027344 0.0244312286376953 -5.53131103515625E-05
0.0192699432373047 -0.00206375122070313 0.0174436569213867 0.00699806213378906
0.0232906341552734 0.00505256652832031 0.00838756561279297 0.011021614074707
0.0192050933837891 0.0181007385253906 -0.00467443466186523 0.0055842399597168
0.00712013244628906 0.0278587341308594 -0.00473117828369141 -0.00480127334594726
-0.0168418884277344 0.0269050598144531 0.0103492736816406 -0.0134754180908203
-0.0355796813964844 0.0196723937988281 0.0179786682128906 0.00176811218261719
-0.0463294982910156 0.00852203369140624 0.000672340393066405 0.0150794982910156
-0.0448951721191406 -0.00558090209960938 0.0110511779785156 0.0303192138671875
-0.0342597961425781 0.0119132995605469 -0.00428390502929687 0.0268573760986328
-0.0212001800537109 0.0177249908447266 -0.00177574157714844 0.0304679870605469
-0.00612449645996094 0.0269050598144531 0.0129356384277344 0.0333633422851563
0.00907135009765625 0.0216941833496094 0.0246429443359375 0.0199432373046875
0.02191162109375 0.0118255615234375 0.0296916961669922 0.00635910034179688
0.0260963439941406 0.00210189819335937 0.0238609313964844 0.00184249877929688
0.0240974426269531 0.00333213806152344 0.0157670974731445 0.00286388397216797
0.027069091796875 0.00312614440917969 0.00931549072265625 0.00830936431884766
0.027313232421875 0.0110569000244141 0.00207138061523438 0.0109968185424805
0.0183162689208984 0.0237445831298828 -0.00858545303344727 0.00510787963867188
0.00475883483886719 0.0319023132324219 -0.00632143020629883 -0.0037236213684082
-0.0211238861083984 0.0262680053710938 0.00593090057373047 -0.00988578796386719
-0.0395240783691406 0.0143508911132813 0.00763845443725586 0.00751161575317383
-0.0493850708007813 0.00134658813476562 -0.0138273239135742 0.0162801742553711
-0.0437164306640625 -0.0163726806640625 -0.00740814208984375 0.0271549224853516
-0.0422744750976563 0.00246429443359375 -0.020782470703125 0.0285739898681641
-0.0310268402099609 0.0174846649169922 -0.00960350036621094 0.0333156585693359
-0.0128154754638672 0.0326480865478516 0.0078887939453125 0.0324478149414062
0.00774955749511719 0.0288143157958984 0.0178585052490234 0.0172500610351563
0.0258884429931641 0.0186080932617188 0.0196704864501953 0.00479888916015625
0.0309371948242188 0.00592041015625 0.0115642547607422 0.00322055816650391
0.0272235870361328 0.00664138793945313 0.00436830520629883 0.00485467910766602
0.0304527282714844 0.00707054138183594 -0.000795841217041013 0.00873470306396484
0.0287971496582031 0.0152015686035156 -0.00583267211914062 0.00946712493896485
0.0170612335205078 0.0271682739257813 -0.0128307342529297 0.00335121154785156
0.00146293640136719 0.0335540771484375 -0.00814247131347656 -0.00413846969604492
-0.0251102447509766 0.0234127044677734 0.00417613983154297 -0.00656652450561523
-0.0406913757324219 0.00724411010742188 -0.000370025634765628 0.0130691528320313
-0.0480308532714844 -0.00756072998046875 -0.0271549224853516 0.0145759582519531
-0.0344791412353516 -0.0239124298095703 -0.0235042572021484 0.0205249786376953
-0.0394783020019531 -0.00739669799804688 -0.0339870452880859 0.0250129699707031
-0.0332756042480469 0.0102481842041016 -0.0167407989501953 0.0315532684326172
-0.0183582305908203 0.0293769836425781 0.000776290893554686 0.0281848907470703
0.00282478332519531 0.0300426483154297 0.00931549072265625 0.0127983093261719
0.0237598419189453 0.0224170684814453 0.00861549377441406 0.00272798538208008
0.0297355651855469 0.00971794128417969 -0.000849723815917967 0.0033111572265625
0.0263423919677734 0.0089111328125 -0.00725603103637695 0.00575590133666992
0.0294513702392578 0.0096282958984375 -0.0112705230712891 0.00825119018554688
0.0271453857421875 0.0171241760253906 -0.013824462890625 0.0059356689453125
0.0145835876464844 0.0272426605224609 -0.0165243148803711 -0.000470161437988282
-0.00191688537597657 0.0323619842529297 -0.0085601806640625 -0.00612258911132812
-0.0268287658691406 0.019073486328125 0.00243186950683594 -0.00443744659423828
-0.0390853881835938 -0.000522613525390632 -0.00864791870117188 0.0145988464355469
-0.0414085388183594 -0.0170822143554688 -0.0376510620117187 0.00938796997070313
-0.0168533325195312 -0.0267601013183594 -0.0336723327636719 0.0109844207763672
-0.0254364013671875 -0.0164642333984375 -0.0418128967285156 0.0193023681640625
-0.0265960693359375 -0.000432968139648439 -0.0204429626464844 0.0274772644042969
-0.0192584991455078 0.0179576873779297 -0.00314712524414063 0.0207347869873047
-0.00339317321777344 0.0237312316894531 0.00215625762939453 0.00528430938720703
0.0154895782470703 0.0219707489013672 -0.00336098670959473 -0.000905513763427733
0.0237560272216797 0.0121173858642578 -0.0127716064453125 0.00269985198974609
0.0217342376708984 0.0104389190673828 -0.0174169540405273 0.00667381286621094
0.0242938995361328 0.011077880859375 -0.0205974578857422 0.00828170776367188
0.0221443176269531 0.0167636871337891 -0.0213050842285156 0.00377273559570313
0.0110187530517578 0.0249137878417969 -0.0203304290771484 -0.00372505187988281
-0.0042724609375 0.0286788940429688 -0.0104846954345703 -0.00950908660888672
-0.0265617370605469 0.0140724182128906 0.00030231475830078 -0.00543451309204101
-0.0343170166015625 -0.00862884521484375 -0.014348030090332 0.0126628875732422
-0.0316028594970703 -0.0241794586181641 -0.0460853576660156 0.0023193359375
0.00238037109375 -0.0256805419921875 -0.0351600646972656 0.00286483764648438
-0.00682830810546875 -0.0214595794677734 -0.0413856506347656 0.0124435424804687
-0.0140933990478516 -0.0109529495239258 -0.0198783874511719 0.0227546691894531
-0.0167446136474609 0.00380802154541016 -0.00427532196044922 0.0142679214477539
-0.00814628601074219 0.0133304595947266 -0.00163853168487549 -0.000114440917968749
0.00534248352050781 0.0177116394042969 -0.0105218887329102 -0.00441265106201172
0.0134201049804688 0.0122585296630859 -0.0216407775878906 0.000865936279296877
0.0134572982788086 0.00984287261962891 -0.0258064270019531 0.00631332397460938
0.01617431640625 0.0101289749145508 -0.0281524658203125 0.00609779357910156
0.0153083801269531 0.0136508941650391 -0.0284767150878906 -0.000312805175781245
0.00710487365722656 0.0190620422363281 -0.0243663787841797 -0.00792694091796875
-0.00507354736328125 0.0220298767089844 -0.0125579833984375 -0.0128717422485352
-0.0230903625488281 0.00837326049804688 -0.00290584564208985 -0.00753545761108398
-0.02618408203125 -0.0135612487792969 -0.0204830169677734 0.00684547424316406
-0.0186481475830078 -0.0283737182617188 -0.0498695373535156 -0.00871658325195313
-0.00454139709472657 0.0227203369140625 0.0500030517578125 0.00965499877929688
0.0192165374755859 0.0133228302001953 0.0231208801269531 0.00155830383300781
0.0140838623046875 -0.00707340240478516 0.004669189453125 0.0109786987304688
0.00373172760009766 -0.0114240646362305 0.0161895751953125 0.0212345123291016
-0.00310993194580078 -0.0111865997314453 0.0296649932861328 0.0141220092773438
-0.0110340118408203 -0.00892353057861328 0.0359649658203125 -0.000343322753906251
-0.00789642333984375 -0.00617551803588867 0.0360527038574219 -0.00914764404296875
-0.00569629669189453 -0.00568437576293945 0.0307216644287109 -0.00788116455078125
-0.005859375 -0.0110940933227539 0.0255031585693359 -0.00105476379394531
0.00426483154296875 -0.0121917724609375 0.0169095993041992 0.00556373596191406
0.0144147872924805 -0.00506305694580078 0.00338029861450195 0.00199985504150391
0.0141067504882813 0.00687217712402344 0.00408935546875 -0.00884819030761719
0.00423049926757813 0.0199337005615234 0.0223274230957031 -0.0185012817382813
-0.00777053833007812 0.0266227722167969 0.0397453308105469 -0.00978469848632812
-0.0206241607666016 0.0248012542724609 0.0296516418457031 0.00589752197265625
-0.0229816436767578 0.0177650451660156 0.0457191467285156 0.0199737548828125
0.0022125244140625 0.0179347991943359 0.0209846496582031 0.0109386444091797
0.00419211387634277 0.00265288352966309 0.00546646118164063 0.0172958374023438
0.00307559967041016 0.00173568725585938 0.0189666748046875 0.0265712738037109
0.00323891639709473 -0.00110912322998047 0.0331954956054688 0.0167999267578125
0.00145792961120605 -0.0032200813293457 0.038787841796875 0.00104522705078125
0.00567770004272461 -0.00503969192504883 0.0378990173339844 -0.00759506225585938
0.00672435760498047 -0.00411653518676758 0.0310115814208984 -0.00590133666992187
0.00884819030761719 -0.00771999359130859 0.0248126983642578 0.000675201416015624
0.0159282684326172 -0.0044097900390625 0.0158987045288086 0.00799655914306641
0.0187969207763672 0.00789070129394531 0.00135612487792969 0.00472021102905274
0.0118541717529297 0.0199260711669922 0.000608444213867188 -0.00630569458007813
-0.00743484497070312 0.0263252258300781 0.0162420272827148 -0.0168437957763672
-0.0242824554443359 0.0266685485839844 0.0306129455566406 -0.0057220458984375
-0.0378799438476563 0.0196151733398438 0.0187549591064453 0.0113925933837891
-0.0383033752441406 0.00802230834960937 0.0335369110107422 0.0271091461181641
-0.0179462432861328 0.0188312530517578 0.0122470855712891 0.0203533172607422
-0.00861835479736328 0.0135774612426758 0.00401115417480469 0.0248203277587891
0.000608444213867186 0.0166597366333008 0.0189800262451172 0.0305442810058594
0.00792217254638672 0.0113735198974609 0.0328941345214844 0.0184669494628906
0.0147800445556641 0.00240802764892578 0.0389518737792969 0.00212860107421875
0.01849365234375 -0.00296783447265625 0.0344314575195313 -0.00472259521484375
0.017974853515625 -0.00167465209960938 0.0259418487548828 -0.00325775146484375
0.0209388732910156 -0.00326728820800781 0.0197029113769531 0.00335121154785156
0.0251388549804687 0.00343894958496094 0.0109758377075195 0.00947093963623047
0.021453857421875 0.0174999237060547 -0.0026402473449707 0.00500774383544922
0.0103244781494141 0.0290756225585938 -0.00286602973937988 -0.00407290458679199
-0.01580810546875 0.0298328399658203 0.0108346939086914 -0.0144948959350586
-0.0356674194335937 0.024078369140625 0.0207290649414062 -5.72204589843603E-06
-0.0482521057128906 0.0131759643554687 0.00440025329589844 0.014857292175293
-0.0488433837890625 -0.00294876098632813 0.0158214569091797 0.0308570861816406
-0.0366783142089844 0.0151748657226563 -0.000963211059570314 0.0269374847412109
-0.0218925476074219 0.0211582183837891 -0.000574111938476567 0.0315265655517578
-0.00457382202148437 0.0301151275634766 0.0160980224609375 0.0342235565185547
0.0116634368896484 0.0236339569091797 0.0277576446533203 0.018829345703125
0.0246715545654297 0.0106735229492188 0.0323429107666016 0.00314521789550781
0.0281238555908203 -2.47955322265625E-05 0.0256767272949219 -0.00176048278808594
0.0267162322998047 0.00181198120117188 0.0167398452758789 -0.000253677368164062
0.0304050445556641 0.000585556030273438 0.0111293792724609 0.00630664825439453
0.0311374664306641 0.00881385803222656 0.00447559356689453 0.00951290130615234
0.0226173400878906 0.0242824554443359 -0.00577497482299804 0.00477218627929688
0.0077667236328125 0.0346450805664063 -0.00559663772583008 -0.0038156509399414
-0.0208778381347656 0.0303821563720703 0.00658798217773437 -0.0109786987304688
-0.04144287109375 0.0197486877441406 0.0102338790893555 0.00723361968994141
-0.0528907775878906 0.00578308105468749 -0.0101222991943359 0.0175209045410156
-0.0500221252441406 -0.0143852233886719 -0.00439643859863281 0.029083251953125
-0.0460128784179688 0.00720977783203124 -0.0186500549316406 0.0310077667236328
-0.0330905914306641 0.0217170715332031 -0.00848770141601563 0.0348587036132813
-0.01092529296875 0.0371742248535156 0.0097808837890625 0.0333976745605469
0.0114192962646484 0.0320224761962891 0.0202522277832031 0.0160541534423828
0.0297203063964844 0.0168514251708984 0.0208454132080078 0.0029144287109375
0.0341320037841797 0.00342559814453125 0.0126667022705078 0.00143146514892578
0.0311317443847656 0.00418663024902344 0.00515127182006836 0.00370121002197266
0.0347976684570313 0.0048370361328125 -3.5762786865232E-05 0.00822257995605469
0.0329380035400391 0.0133552551269531 -0.00407552719116211 0.00808620452880859
0.0221881866455078 0.0272293090820313 -0.0116710662841797 0.00309276580810547
0.00494384765625 0.0364761352539063 -0.00740242004394531 -0.00458860397338867
-0.0248355865478516 0.0280303955078125 0.00446510314941406 -0.00723695755004883
-0.0441932678222656 0.0128593444824219 0.0018167495727539 0.0129184722900391
-0.0530242919921875 -0.00312042236328125 -0.0254173278808594 0.0169143676757813
-0.0403900146484375 -0.0223503112792969 -0.0224666595458984 0.0233211517333984
-0.0447463989257813 -0.00417327880859375 -0.0332832336425781 0.0282745361328125
-0.0356864929199219 0.0151786804199219 -0.0155105590820312 0.0331859588623047
-0.0172748565673828 0.0343799591064453 0.00269126892089844 0.0296077728271484
0.00644683837890625 0.0331783294677734 0.0102243423461914 0.0120077133178711
0.0275669097900391 0.0218944549560547 0.0089111328125 0.00181198120117188
0.0335254669189453 0.00673294067382813 -0.000518321990966795 0.00291943550109863
0.0298938751220703 0.00658607482910156 -0.00717830657958984 0.00610017776489258
0.0335597991943359 0.00660133361816406 -0.0112552642822266 0.00861358642578125
0.0312061309814453 0.0148849487304687 -0.0139446258544922 0.00563430786132813
0.0190887451171875 0.0286941528320313 -0.0167999267578125 -0.000570297241210937
0.00121307373046875 0.0352287292480469 -0.0084233283996582 -0.00649881362915039
-0.0267696380615234 0.0237903594970703 0.00297117233276367 -0.00523805618286133
-0.0427818298339844 0.0042877197265625 -0.00675201416015625 0.015599250793457
-0.0473251342773438 -0.0131378173828125 -0.0374298095703125 0.0125999450683594
-0.0230159759521484 -0.0263080596923828 -0.0355339050292969 0.0151329040527344
-0.0306606292724609 -0.0141620635986328 -0.0418281555175781 0.0231895446777344
-0.0304756164550781 0.00287055969238281 -0.0195446014404297 0.030517578125
-0.0200710296630859 0.0234107971191406 -0.0028228759765625 0.0216236114501953
-0.000755310058593749 0.0269317626953125 0.00215005874633789 0.00490713119506836
0.0208358764648438 0.0213241577148438 -0.00468063354492187 -0.00100612640380859
0.0264472961425781 0.00958824157714844 -0.0138034820556641 0.00401878356933594
0.0244274139404297 0.00737762451171875 -0.0178279876708984 0.00868606567382813
0.0276279449462891 0.00843620300292969 -0.0213775634765625 0.0103111267089844
0.0272502899169922 0.0145893096923828 -0.0227851867675781 0.00416755676269532
0.0156955718994141 0.026031494140625 -0.0226039886474609 -0.00324249267578125
-0.000474929809570311 0.0310535430908203 -0.0119075775146484 -0.00980281829833984
-0.0265617370605469 0.0185317993164063 0.000485897064208983 -0.00635385513305664
-0.0386123657226563 -0.00461196899414063 -0.0129985809326172 0.0155487060546875
-0.037841796875 -0.0213432312011719 -0.0476875305175781 0.00468063354492188
-0.00243377685546875 -0.0274257659912109 -0.0378074645996094 0.00679397583007813
-0.0120258331298828 -0.0216751098632813 -0.0435371398925781 0.0166397094726562
-0.0181102752685547 -0.0101356506347656 -0.0192298889160156 0.0244331359863281
-0.0177955627441406 0.00741004943847656 -0.00485324859619141 0.0147771835327148
-0.00660419464111328 0.0159149169921875 -0.00233340263366699 -0.000110626220703124
0.00864219665527344 0.0176200866699219 -0.0128555297851563 -0.0031900405883789
0.0165128707885742 0.0102291107177734 -0.0229053497314453 0.00342178344726563
0.0151300430297852 0.00772953033447266 -0.0274105072021484 0.00847625732421875
0.0182933807373047 0.00821685791015625 -0.0300865173339844 0.0100688934326172
0.0183429718017578 0.0122890472412109 -0.0302925109863281 0.00131797790527344
0.0104427337646484 0.0196418762207031 -0.02691650390625 -0.00773048400878907
-0.00147247314453125 0.0237541198730469 -0.0140247344970703 -0.0132761001586914
-0.0233840942382813 0.0116710662841797 -0.00288248062133789 -0.00812387466430664
-0.0301399230957031 -0.00982666015624999 -0.0207786560058594 0.00898361206054687
-0.0233192443847656 -0.0270347595214844 -0.0535087585449219 -0.00565719604492187
-0.000638961791992189 0.0222873687744141 0.0530014038085938 0.00482940673828125
0.02093505859375 0.00946426391601563 0.0246067047119141 -0.00208473205566406
0.0115470886230469 -0.0100526809692383 0.00444412231445313 0.0107927322387695
0.000677108764648439 -0.0124301910400391 0.0186309814453125 0.0207653045654297
-0.00474166870117187 -0.0106821060180664 0.0332546234130859 0.0108451843261719
-0.0116901397705078 -0.00718402862548828 0.0378379821777344 -0.00307083129882813
-0.00880622863769531 -0.00454330444335938 0.0363731384277344 -0.0137977600097656
-0.00600528717041016 -0.00471305847167969 0.0302639007568359 -0.0126457214355469
-0.00797557830810547 -0.00933361053466797 0.0258541107177734 -0.00600624084472656
0.00184440612792969 -0.0117759704589844 0.0177936553955078 0.00279045104980469
0.0137729644775391 -0.00582981109619141 0.00477933883666992 0.00137186050415039
0.0154829025268555 0.00566005706787109 0.00483036041259766 -0.00875043869018555
0.00819587707519531 0.0184593200683594 0.0220985412597656 -0.0208663940429688
-0.00307083129882813 0.0270767211914063 0.0400428771972656 -0.0151748657226563
-0.0169143676757812 0.0263824462890625 0.0332622528076172 0.00174713134765625
-0.0220241546630859 0.0197429656982422 0.0483856201171875 0.0157241821289063
0.00319385528564453 0.0173358917236328 0.0231075286865234 0.00745391845703125
0.00401926040649414 0.00202512741088867 0.00741863250732422 0.0158891677856445
0.00300192832946777 0.00133776664733887 0.0223236083984375 0.0251483917236328
0.00270700454711914 -0.000864505767822266 0.0352897644042969 0.0138397216796875
0.00181698799133301 -0.00369620323181152 0.0410041809082031 -0.0018463134765625
0.00467443466186523 -0.0055084228515625 0.0386161804199219 -0.0132255554199219
0.00716924667358398 -0.00498533248901367 0.0318965911865234 -0.0112171173095703
0.0076446533203125 -0.00780582427978516 0.0268878936767578 -0.00378608703613281
0.0160846710205078 -0.00503730773925781 0.0178775787353516 0.00406837463378906
0.0192108154296875 0.00593376159667969 0.00310587882995606 0.0025327205657959
0.0145549774169922 0.0190696716308594 0.00209140777587891 -0.00557470321655273
-0.00454330444335937 0.0270900726318359 0.0154628753662109 -0.0177879333496094
-0.0212192535400391 0.0296573638916016 0.0323944091796875 -0.00869178771972656
-0.0344066619873047 0.0235328674316406 0.0231742858886719 0.00882339477539063
-0.0411109924316406 0.0110511779785156 0.0388946533203125 0.023773193359375
-0.018310546875 0.0214443206787109 0.0143947601318359 0.0177078247070313
-0.00788784027099609 0.0143804550170898 0.00602912902832031 0.0234622955322266
0.000774383544921876 0.0157070159912109 0.0228195190429687 0.0310001373291016
0.0104551315307617 0.0107421875 0.0359573364257812 0.0152320861816406
0.014500617980957 0.00182151794433594 0.0391998291015625 -0.00243377685546875
0.0174236297607422 -0.00501060485839844 0.0343780517578125 -0.00913238525390625
0.0179882049560547 -0.00209426879882813 0.0259304046630859 -0.00833892822265625
0.0218410491943359 -0.00536537170410156 0.0210685729980469 0.000453948974609375
0.0265293121337891 0.00129318237304688 0.0124540328979492 0.00637054443359375
0.0236892700195313 0.0157566070556641 0.00113725662231445 0.00460529327392578
0.0143241882324219 0.0291881561279297 -0.00114822387695312 -0.00385141372680664
-0.0130043029785156 0.0333366394042969 0.010828971862793 -0.0143070220947266
-0.0344085693359375 0.0285816192626953 0.0222129821777344 -0.00122642517089844
-0.0477218627929687 0.018707275390625 0.00809669494628906 0.0143508911132813
-0.0523529052734375 0.00164413452148438 0.0219631195068359 0.0285568237304688
-0.0375900268554687 0.0203704833984375 0.00107192993164062 0.0262374877929688
-0.0216579437255859 0.0252056121826172 0.000865936279296877 0.0293827056884766
-0.00239181518554688 0.0325374603271484 0.0201320648193359 0.0331268310546875
0.0139961242675781 0.0230388641357422 0.0298423767089844 0.0165500640869141
0.0265388488769531 0.00878334045410156 0.0345916748046875 -0.000820159912109375
0.0300273895263672 -0.00299835205078125 0.0265865325927734 -0.00686073303222656
0.0274753570556641 -0.000579833984375 0.0178108215332031 -0.00332069396972656
0.0309085845947266 -0.00346565246582031 0.011591911315918 0.00263786315917969
0.033935546875 0.00627517700195312 0.00591421127319336 0.00586366653442383
0.02716064453125 0.0225181579589844 -0.0052332878112793 0.00358343124389649
0.0121383666992188 0.0348243713378906 -0.00344228744506836 -0.00459671020507812
-0.0179061889648438 0.0342369079589844 0.00647830963134766 -0.0119209289550781
-0.0412025451660156 0.0257682800292969 0.0120325088500977 0.00507450103759766
-0.0539741516113281 0.0122489929199219 -0.00643157958984375 0.0170650482177734
-0.0532684326171875 -0.00988388061523438 -0.00134468078613281 0.0301589965820313
-0.0474357604980469 0.012420654296875 -0.0147247314453125 0.0309982299804688
-0.0333137512207031 0.0273971557617188 -0.00576210021972656 0.0347499847412109
-0.00802993774414062 0.0413436889648437 0.0128345489501953 0.0321559906005859
0.0147819519042969 0.0317745208740234 0.0226421356201172 0.0157794952392578
0.0339870452880859 0.0144710540771484 0.0222816467285156 -0.000305175781249999
0.0356521606445313 -0.000377655029296875 0.0143604278564453 -0.000509262084960938
0.0339126586914063 0.000865936279296875 0.00509929656982422 0.00218009948730469
0.0371360778808594 -0.0005035400390625 0.000503540039062502 0.00558137893676758
0.0363044738769531 0.00978469848632812 -0.00418949127197266 0.00766468048095703
0.0262851715087891 0.0259437561035156 -0.0105075836181641 0.00289440155029297
0.0111122131347656 0.0374526977539063 -0.00594663619995117 -0.00506305694580078
-0.0244369506835938 0.0325298309326172 0.00508785247802734 -0.00841093063354492
-0.0437507629394531 0.0200767517089844 0.00388431549072265 0.0124635696411133
-0.0558319091796875 0.00241470336914062 -0.0220165252685547 0.0194892883300781
-0.0455818176269531 -0.0194129943847656 -0.0199928283691406 0.0261898040771484
-0.0483360290527344 0.001861572265625 -0.030242919921875 0.0320510864257813
-0.0360565185546875 0.0202178955078125 -0.01190185546875 0.0341758728027344
-0.0133781433105469 0.0393028259277344 0.00442695617675781 0.0292148590087891
0.0107536315917969 0.0332775115966797 0.0109634399414063 0.0117063522338867
0.0322666168212891 0.0188179016113281 0.00838041305541992 -1.23977661132801E-05
0.0353736877441406 0.00196456909179688 -0.000444889068603514 0.00288224220275879
0.0309276580810547 0.0025787353515625 -0.00790119171142578 0.0067133903503418
0.0352516174316406 0.00304794311523438 -0.0115585327148437 0.00840854644775391
0.0349044799804688 0.0122394561767578 -0.0130271911621094 0.006744384765625
0.0232868194580078 0.0274639129638672 -0.0171270370483398 -0.000703811645507808
0.007049560546875 0.03619384765625 -0.00897693634033203 -0.00651741027832031
-0.0248813629150391 0.0292549133300781 0.00307655334472656 -0.00738191604614258
-0.0448570251464844 0.0106048583984375 -0.00549602508544922 0.0154008865356445
-0.0501518249511719 -0.00741195678710939 -0.0358924865722656 0.0149269104003906
-0.0267715454101563 -0.0251827239990234 -0.0321865081787109 0.0192890167236328
-0.033447265625 -0.00931930541992188 -0.040283203125 0.0268898010253906
-0.0312995910644531 0.00681877136230468 -0.0169773101806641 0.0314159393310547
-0.0167388916015625 0.0262470245361328 -0.00200653076171875 0.0229263305664063
0.00268745422363281 0.0275096893310547 0.002716064453125 0.00504446029663086
0.0241851806640625 0.0193195343017578 -0.00463294982910156 -0.000470638275146482
0.0287265777587891 0.00525474548339844 -0.0131645202636719 0.00466632843017578
0.0265522003173828 0.00266075134277344 -0.0203056335449219 0.0116176605224609
0.0292606353759766 0.00518608093261719 -0.0223979949951172 0.0126457214355469
0.0297832489013672 0.00888824462890625 -0.0248813629150391 0.00754165649414063
0.0181980133056641 0.0235309600830078 -0.0228176116943359 -0.0029754638671875
0.00225448608398438 0.0319671630859375 -0.0109682083129883 -0.0108022689819336
-0.0252056121826172 0.0215950012207031 0.000148773193359373 -0.0077524185180664
-0.0414581298828125 0.00124740600585938 -0.0120143890380859 0.0163631439208984
-0.0412635803222656 -0.0170364379882812 -0.0487136840820313 0.0113182067871094
-0.0063934326171875 -0.0261764526367187 -0.0388107299804688 0.0117835998535156
-0.0172328948974609 -0.0191078186035156 -0.042694091796875 0.0215568542480469
-0.0201492309570313 -0.00664138793945312 -0.0185451507568359 0.0264453887939453
-0.0176467895507813 0.0103034973144531 -0.00353431701660156 0.0152130126953125
-0.00432968139648438 0.0172252655029297 -0.00385689735412598 0.000245332717895508
0.0118026733398438 0.0159711837768555 -0.0140523910522461 -0.00150012969970703
0.0188789367675781 0.00761795043945313 -0.0238113403320312 0.00687980651855469
0.0154819488525391 0.00579547882080078 -0.0273799896240234 0.0130214691162109
0.0206851959228516 0.00507736206054688 -0.03125 0.0119304656982422
0.0209178924560547 0.00864601135253906 -0.0316581726074219 0.00354957580566406
0.0140628814697266 0.018341064453125 -0.0292625427246094 -0.00596046447753905
0.00158309936523437 0.0243053436279297 -0.015472412109375 -0.0134773254394531
-0.0223789215087891 0.0157394409179688 -0.00452423095703125 -0.00908279418945312
-0.0312099456787109 -0.00618171691894531 -0.0192279815673828 0.0118465423583984
-0.0277233123779297 -0.0235271453857422 -0.0543975830078125 -0.000186920166015636
0.000484466552734377 0.0203781127929687 0.053070068359375 0.00116729736328125
0.0204086303710938 0.0069122314453125 0.0229892730712891 -0.00419044494628906
0.0108966827392578 -0.0105247497558594 0.00497245788574219 0.00996971130371094
-0.000104904174804688 -0.011805534362793 0.02020263671875 0.0192165374755859
-0.00640106201171875 -0.009368896484375 0.0341072082519531 0.00880813598632812
-0.0123453140258789 -0.00454139709472656 0.0377960205078125 -0.00653457641601562
-0.00805425643920898 -0.00305891036987305 0.0351219177246094 -0.0180854797363281
-0.00653409957885742 -0.00434780120849609 0.0298385620117187 -0.0160007476806641
-0.00800132751464844 -0.00713348388671875 0.0259971618652344 -0.00886344909667969
0.000856399536132812 -0.0107650756835938 0.0200672149658203 -0.000432968139648438
0.0113000869750977 -0.00769138336181641 0.00709438323974609 0.000519275665283203
0.0153026580810547 0.00275993347167969 0.00564765930175781 -0.00885772705078125
0.00924491882324219 0.016840934753418 0.0200386047363281 -0.0213222503662109
0.000211715698242189 0.0264434814453125 0.0386543273925781 -0.0169105529785156
-0.0136775970458984 0.0272941589355469 0.0336170196533203 -0.00215339660644531
-0.0194053649902344 0.0201339721679687 0.050445556640625 0.01068115234375
0.00270271301269531 0.0158510208129883 0.022613525390625 0.00421905517578125
0.00278496742248535 0.00223255157470703 0.00724029541015625 0.0154056549072266
0.00199782848358154 0.00185835361480713 0.0232658386230469 0.0237293243408203
0.00200128555297852 -0.000236272811889648 0.0365715026855469 0.0108642578125
0.00174975395202637 -0.0020143985748291 0.0412864685058594 -0.00670623779296875
0.0044398307800293 -0.00487184524536133 0.0367469787597656 -0.0168800354003906
0.00672340393066406 -0.00457477569580078 0.0306549072265625 -0.0149307250976563
0.00717973709106445 -0.00788354873657227 0.0253620147705078 -0.00699996948242188
0.0147628784179688 -0.00606060028076172 0.0192298889160156 0.00156784057617187
0.0191078186035156 0.00404167175292969 0.00556087493896484 0.00161027908325195
0.0153017044067383 0.016535758972168 0.00330448150634766 -0.00629472732543945
-0.00211143493652344 0.0272197723388672 0.0151729583740234 -0.0186824798583984
-0.0181312561035156 0.0304241180419922 0.0311870574951172 -0.0121841430664062
-0.0314521789550781 0.0259189605712891 0.0249614715576172 0.00542259216308594
-0.0388679504394531 0.0149726867675781 0.0413665771484375 0.0192794799804688
-0.0165901184082031 0.0224609375 0.0159597396850586 0.0148477554321289
-0.00864982604980469 0.0160026550292969 0.00685501098632812 0.0230541229248047
0.00325584411621094 0.01800537109375 0.0241489410400391 0.0277137756347656
0.0107583999633789 0.0116739273071289 0.0361557006835938 0.0130462646484375
0.015538215637207 0.00188064575195312 0.0396537780761719 -0.00618743896484375
0.0185985565185547 -0.00649452209472656 0.0337276458740234 -0.0138359069824219
0.0188636779785156 -0.00551033020019531 0.0253582000732422 -0.0113201141357422
0.0212593078613281 -0.00726127624511719 0.0201816558837891 -0.0037994384765625
0.0265827178955078 -0.000331878662109375 0.0150833129882813 0.00348091125488281
0.0248794555664063 0.0141620635986328 0.00125217437744141 0.00293207168579102
0.0157604217529297 0.0273056030273438 0.000315666198730469 -0.00480222702026367
-0.0104885101318359 0.0331840515136719 0.00938987731933594 -0.015960693359375
-0.0314254760742188 0.0316963195800781 0.0223579406738281 -0.00527000427246094
-0.0451927185058594 0.0233421325683594 0.0119657516479492 0.0120449066162109
-0.0514602661132813 0.00654220581054687 0.0232391357421875 0.0266952514648438
-0.0353813171386719 0.0235023498535156 0.00329017639160156 0.0248813629150391
-0.0207138061523437 0.0269985198974609 0.00330162048339844 0.0296154022216797
0.00115776062011719 0.0328521728515625 0.0213050842285156 0.03106689453125
0.0177230834960938 0.0228366851806641 0.0308265686035156 0.0136432647705078
0.0280609130859375 0.0065765380859375 0.0328731536865234 -0.00375747680664063
0.0294837951660156 -0.00626373291015625 0.0255069732666016 -0.00819778442382813
0.0279483795166016 -0.00455665588378906 0.016352653503418 -0.00548362731933594
0.0313873291015625 -0.00542068481445313 0.0120849609375 0.000749588012695312
0.0343799591064453 0.00292778015136719 0.00691127777099609 0.00455379486083984
0.0284805297851563 0.0200023651123047 -0.00336647033691406 0.0030205249786377
0.0155982971191406 0.0332126617431641 -0.00293350219726562 -0.00444984436035156
-0.0158805847167969 0.035980224609375 0.00629329681396484 -0.0127410888671875
-0.0394248962402344 0.029693603515625 0.0135631561279297 0.0025787353515625
-0.0527496337890625 0.0170555114746094 -0.00385284423828125 0.0166234970092773
-0.0558204650878906 -0.00268173217773437 0.00243759155273437 0.0289497375488281
-0.0471649169921875 0.0181427001953125 -0.01220703125 0.0311813354492188
-0.0316371917724609 0.0309276580810547 -0.00347328186035157 0.0345249176025391
-0.00460052490234375 0.0416908264160156 0.0150108337402344 0.0314197540283203
0.0188179016113281 0.0307445526123047 0.0223102569580078 0.0128211975097656
0.03497314453125 0.0109233856201172 0.0216941833496094 -0.00201988220214844
0.0358772277832031 -0.00414276123046875 0.0135593414306641 -0.00245475769042969
0.0325698852539063 -0.00316238403320313 0.00479364395141602 0.0008087158203125
0.0368537902832031 -0.00403976440429688 0.000540256500244143 0.00530529022216797
0.0375442504882813 0.0054779052734375 -0.00340557098388672 0.00591468811035156
0.0290393829345703 0.0237483978271484 -0.0103483200073242 0.00150489807128906
0.0132827758789063 0.0371894836425781 -0.00614690780639648 -0.00529718399047851
-0.0202388763427734 0.0345268249511719 0.00492000579833984 -0.00939083099365234
-0.0437240600585938 0.0238456726074219 0.00599861145019531 0.0107431411743164
-0.0550689697265625 0.0086212158203125 -0.018798828125 0.0196762084960938
-0.0483970642089844 -0.0134239196777344 -0.0171585083007813 0.0272922515869141
-0.0480842590332031 0.0073699951171875 -0.0281219482421875 0.0327281951904297
-0.0352554321289063 0.0244636535644531 -0.0103340148925781 0.0336055755615234
-0.00985336303710938 0.0404930114746094 0.00597572326660157 0.0283317565917969
0.0146160125732422 0.0331497192382813 0.0111427307128906 0.0102157592773438
0.0343151092529297 0.0152511596679688 0.00801277160644531 -0.000567913055419921
0.0353813171386719 -0.00136184692382813 -0.000783920288085936 0.00245499610900879
0.0327644348144531 -0.00124168395996094 -0.00711870193481445 0.00625944137573242
0.0365409851074219 -0.00163650512695313 -0.0113487243652344 0.00950431823730469
0.0363006591796875 0.00714874267578125 -0.0138025283813477 0.00601005554199219
0.0268955230712891 0.0245761871337891 -0.0164299011230469 -0.000592231750488283
0.0105247497558594 0.0355300903320313 -0.008941650390625 -0.00696468353271484
-0.0225410461425781 0.0315513610839844 0.00272274017333984 -0.00722932815551758
-0.0439834594726562 0.0161781311035156 -0.00270843505859375 0.0146484375
-0.0512504577636719 -0.00210952758789064 -0.033203125 0.0168609619140625
-0.0309848785400391 -0.0214824676513672 -0.0318450927734375 0.0231285095214844
-0.0362052917480469 -0.00507354736328124 -0.0374221801757812 0.029754638671875
-0.0310935974121094 0.0110988616943359 -0.0158748626708984 0.031005859375
-0.0145225524902344 0.0290489196777344 -0.000503540039062502 0.0220088958740234
0.00702285766601562 0.0279026031494141 0.000975131988525391 0.00465154647827149
0.0266838073730469 0.0158481597900391 -0.00542068481445312 -0.00043344497680664
0.03057861328125 0.00126266479492188 -0.0140390396118164 0.00728893280029297
0.0263004302978516 0.00139999389648438 -0.0181121826171875 0.012359619140625
0.0304584503173828 -0.000125885009765625 -0.0212993621826172 0.0123252868652344
0.0311546325683594 0.007904052734375 -0.0237751007080078 0.00671768188476562
0.0219612121582031 0.0214614868164063 -0.0240230560302734 -0.00196647644042969
0.00719833374023438 0.0317230224609375 -0.0126380920410156 -0.00927543640136719
-0.0234413146972656 0.0254268646240234 0.000315666198730468 -0.00750970840454101
-0.0405426025390625 0.0067901611328125 -0.0098724365234375 0.0169010162353516
-0.0429840087890625 -0.0117340087890625 -0.045379638671875 0.0125694274902344
-0.0100650787353516 -0.0259761810302734 -0.0378189086914063 0.0146217346191406
-0.0186481475830078 -0.0165596008300781 -0.0406341552734375 0.0239067077636719
-0.0215721130371094 -0.00385856628417969 -0.0165996551513672 0.0262012481689453
-0.0156183242797852 0.0129356384277344 -0.00441837310791016 0.0152750015258789
-0.00116539001464844 0.0177364349365234 -0.00512886047363281 0.000970840454101564
0.0147218704223633 0.0135278701782227 -0.0149240493774414 0.000225067138671874
0.0194816589355469 0.00442695617675781 -0.0235061645507813 0.0096282958984375
0.0182533264160156 0.00276565551757813 -0.0261440277099609 0.0152378082275391
0.0208721160888672 0.0022735595703125 -0.0297126770019531 0.0152034759521484
0.0217304229736328 0.00625991821289062 -0.0317516326904297 0.00581741333007813
0.0157098770141602 0.0164327621459961 -0.0285701751708984 -0.00443077087402344
0.00470352172851563 0.0237979888916016 -0.0158500671386719 -0.0120315551757812
-0.0199375152587891 0.0176944732666016 -0.00359869003295899 -0.0082697868347168
-0.0319900512695313 -0.00179290771484375 -0.0179920196533203 0.0125045776367188
-0.0294456481933594 -0.0198574066162109 -0.0540618896484375 0.00389480590820311
0.00182914733886719 0.0191078186035156 0.0518302917480469 -0.0026092529296875
0.0192451477050781 0.00497627258300781 0.0212574005126953 -0.00596427917480469
0.00888824462890625 -0.0107746124267578 0.00452899932861328 0.00964260101318359
-0.00151443481445313 -0.0114364624023437 0.0198860168457031 0.0183525085449219
-0.0068516731262207 -0.00830841064453125 0.0341148376464844 0.0069122314453125
-0.0122222900390625 -0.00289440155029297 0.0374946594238281 -0.00914382934570312
-0.0078582763671875 -0.00201988220214844 0.0338268280029297 -0.0196037292480469
-0.00603008270263672 -0.00293207168579102 0.0276451110839844 -0.0180644989013672
-0.00782203674316406 -0.00599765777587891 0.024200439453125 -0.0111675262451172
-0.000724792480468749 -0.0100870132446289 0.0196266174316406 -0.00254440307617188
0.00963878631591797 -0.00839042663574219 0.00796365737915039 -0.00115299224853516
0.0135078430175781 0.00122451782226563 0.00616264343261719 -0.00959014892578125
0.0100173950195313 0.0149173736572266 0.0189418792724609 -0.0208759307861328
0.00250816345214844 0.0248966217041016 0.0369796752929688 -0.019073486328125
-0.00996780395507813 0.0262565612792969 0.0335578918457031 -0.00499916076660156
-0.0183315277099609 0.0198917388916016 0.0497703552246094 0.00691986083984375
0.00350570678710938 0.0147886276245117 0.0213527679443359 0.00267601013183594
0.00138235092163086 0.00261616706848145 0.00734138488769531 0.0144004821777344
0.00175094604492187 0.0021665096282959 0.0236263275146484 0.0221385955810547
0.00214993953704834 0.000754594802856445 0.03668212890625 0.00890350341796875
0.00116503238677979 -0.00143754482269287 0.0399589538574219 -0.00915908813476563
0.00537252426147461 -0.00501108169555664 0.0355606079101563 -0.0193672180175781
0.00673866271972656 -0.00493383407592774 0.027923583984375 -0.0172519683837891
0.00712347030639648 -0.0074467658996582 0.0241966247558594 -0.00962448120117188
0.0135421752929688 -0.00564098358154297 0.0193557739257812 -0.00108146667480469
0.0185146331787109 0.00286483764648438 0.00690984725952148 0.000124931335449219
0.0154571533203125 0.0153961181640625 0.00442934036254883 -0.00691699981689453
-0.000761032104492185 0.0254974365234375 0.0144844055175781 -0.0188350677490234
-0.0154972076416016 0.0303783416748047 0.0299854278564453 -0.0140361785888672
-0.0285053253173828 0.0268440246582031 0.0258293151855469 0.00222015380859375
-0.037353515625 0.016571044921875 0.0404129028320313 0.0160789489746094
-0.0156517028808594 0.0220909118652344 0.0159139633178711 0.012944221496582
-0.00780200958251953 0.0165538787841797 0.007232666015625 0.0217380523681641
0.0032196044921875 0.0179386138916016 0.0245018005371094 0.0262126922607422
0.0115747451782227 0.0113162994384766 0.035858154296875 0.00990676879882813
0.0156574249267578 0.00117015838623047 0.0382881164550781 -0.00808334350585938
0.0186080932617188 -0.00738525390625 0.0321102142333984 -0.0163288116455078
0.0190048217773438 -0.00660896301269531 0.0232868194580078 -0.0135841369628906
0.0211105346679688 -0.00798416137695313 0.0190582275390625 -0.00667953491210938
0.0259647369384766 -0.00231361389160156 0.0148286819458008 0.000547409057617187
0.0255241394042969 0.0120391845703125 0.00273346900939942 0.00109672546386719
0.0169448852539063 0.0257015228271484 0.0014486312866211 -0.00564289093017578
-0.00859451293945313 0.0333690643310547 0.00964069366455078 -0.0160989761352539
-0.0287990570068359 0.0327987670898437 0.0219707489013672 -0.00693893432617187
-0.0421218872070313 0.0247306823730469 0.0130834579467773 0.0094594955444336
-0.0511245727539063 0.0100822448730469 0.0245857238769531 0.0239620208740234
-0.0342063903808594 0.0250396728515625 0.00439643859863281 0.0230503082275391
-0.0194969177246094 0.0281581878662109 0.00341415405273437 0.0279464721679687
0.00269508361816406 0.0327320098876953 0.0216560363769531 0.0294513702392578
0.0185565948486328 0.0217056274414063 0.030975341796875 0.0115890502929688
0.0283050537109375 0.00466537475585938 0.0311756134033203 -0.00577735900878906
0.0290813446044922 -0.00813484191894531 0.0240325927734375 -0.0106792449951172
0.0282058715820313 -0.00653457641601563 0.0154237747192383 -0.00747966766357422
0.0310020446777344 -0.00783348083496094 0.0108709335327148 -0.00169277191162109
0.0344753265380859 0.00063323974609375 0.00693750381469727 0.00245332717895508
0.0298900604248047 0.0182113647460938 -0.00235319137573242 0.00107121467590332
0.0179233551025391 0.0318584442138672 -0.00215339660644531 -0.00442123413085937
-0.0136909484863281 0.0366325378417969 0.00628948211669922 -0.0126438140869141
-0.0366134643554688 0.0319976806640625 0.0142145156860352 0.00124359130859375
-0.0505180358886719 0.0195884704589844 -0.00073814392089844 0.0151453018188477
-0.0548934936523438 -0.000167846679687498 0.00387191772460937 0.0277137756347656
-0.0458908081054688 0.0209083557128906 -0.0106010437011719 0.0299434661865234
-0.0294723510742187 0.0321445465087891 -0.00270843505859375 0.0326519012451172
-0.00110244750976563 0.0415496826171875 0.0153923034667969 0.0300006866455078
0.0206642150878906 0.0293540954589844 0.0215167999267578 0.0111083984375
0.0350666046142578 0.00870704650878906 0.0201416015625 -0.00361251831054687
0.0349636077880859 -0.00651359558105469 0.0118865966796875 -0.00403594970703125
0.03265380859375 -0.00593376159667969 0.00468540191650391 -0.000732898712158203
0.0363693237304688 -0.0073394775390625 0.000214338302612307 0.00411677360534668
0.0376358032226563 0.00285720825195313 -0.00311708450317383 0.00422096252441406
0.0309181213378906 0.0210590362548828 -0.00975799560546875 0.000823974609375002
0.0162525177001953 0.0350990295410156 -0.00529813766479492 -0.00598955154418945
-0.0173454284667969 0.0362014770507813 0.00439548492431641 -0.0103435516357422
-0.040802001953125 0.0272636413574219 0.00686550140380859 0.00969314575195313
-0.05291748046875 0.0119857788085938 -0.0166568756103516 0.0185165405273438
-0.0488510131835937 -0.010009765625 -0.0147132873535156 0.0275669097900391
-0.0471916198730469 0.0103836059570313 -0.0250492095947266 0.0321979522705078
-0.0341033935546875 0.0266265869140625 -0.00951576232910156 0.0326576232910156
-0.00709915161132812 0.0406837463378906 0.0070037841796875 0.0270233154296875
0.0170803070068359 0.0317153930664063 0.010869026184082 0.00926876068115235
0.0349712371826172 0.0118618011474609 0.00725603103637695 -0.00113010406494141
0.0351829528808594 -0.00450897216796875 -0.000993251800537107 0.00245213508605957
0.0321636199951172 -0.00389480590820312 -0.00663375854492187 0.00632047653198242
0.0356712341308594 -0.00517654418945313 -0.0109138488769531 0.0089263916015625
0.0364608764648438 0.00391769409179688 -0.0132884979248047 0.00574207305908203
0.0285930633544922 0.0218887329101563 -0.0165281295776367 -0.00068569183349609
0.0134201049804688 0.0345573425292969 -0.00831079483032227 -0.00735950469970703
-0.0198764801025391 0.0325222015380859 0.00232601165771484 -0.00824213027954101
-0.0422172546386719 0.0194473266601562 -0.00148296356201172 0.0139780044555664
-0.0501976013183594 0.00215911865234375 -0.0307674407958984 0.017791748046875
-0.0324821472167969 -0.0183734893798828 -0.0303592681884766 0.0228614807128906
-0.0364112854003906 -0.00205612182617187 -0.0354881286621094 0.0297775268554688
-0.0305709838867188 0.0137805938720703 -0.0140876770019531 0.0299339294433594
-0.0114707946777344 0.0303878784179688 0.000335693359374998 0.0210189819335938
0.00962448120117188 0.0268287658691406 0.000423908233642578 0.00498533248901367
0.02734375 0.0131950378417969 -0.00557518005371094 0.000368118286132814
0.0293846130371094 -0.00111007690429688 -0.0127086639404297 0.00730419158935547
0.0267887115478516 -0.00191688537597656 -0.0172443389892578 0.0125570297241211
0.0304737091064453 -0.00267219543457031 -0.0207462310791016 0.0129604339599609
0.0309085845947266 0.00418853759765625 -0.0230522155761719 0.00687980651855469
0.0236377716064453 0.0191478729248047 -0.0234718322753906 -0.00137901306152344
0.0103874206542969 0.0304527282714844 -0.0125560760498047 -0.00957202911376953
-0.0207805633544922 0.0261459350585938 6.15119934082011E-05 -0.00780820846557617
-0.039306640625 0.00989151000976563 -0.008453369140625 0.0155477523803711
-0.042388916015625 -0.00809478759765626 -0.0434799194335938 0.0137214660644531
-0.0121650695800781 -0.0245456695556641 -0.0367355346679688 0.0164375305175781
-0.0201854705810547 -0.0140914916992188 -0.0385398864746094 0.0247917175292969
-0.0211257934570313 -0.00152206420898437 -0.0153789520263672 0.0258941650390625
-0.0138263702392578 0.0146636962890625 -0.00421142578125 0.0148696899414063
0.000873565673828127 0.0176219940185547 -0.00583791732788086 0.00190973281860352
0.0151815414428711 0.0114955902099609 -0.0151681900024414 0.0013427734375
0.0185718536376953 0.00220870971679688 -0.0219306945800781 0.0111541748046875
0.0173044204711914 0.000844955444335937 -0.0242328643798828 0.0165348052978516
0.0203571319580078 -0.000141143798828125 -0.0286350250244141 0.0166454315185547
0.0212211608886719 0.00424003601074219 -0.0311374664306641 0.00715446472167968
0.0168895721435547 0.0146732330322266 -0.0288314819335938 -0.00318145751953125
0.00687217712402344 0.0228042602539063 -0.0165739059448242 -0.0116615295410156
-0.0181369781494141 0.0185260772705078 -0.00348854064941406 -0.00893783569335937
-0.0314426422119141 0.00130271911621094 -0.0164260864257813 0.0135602951049805
-0.0300617218017578 -0.0166549682617187 -0.0527915954589844 0.00594711303710938
0.00221633911132812 0.0183353424072266 0.0507926940917969 -0.00342178344726562
0.018310546875 0.00388526916503906 0.0204429626464844 -0.00644111633300781
0.00793743133544922 -0.0107803344726563 0.00466632843017578 0.00966548919677734
-0.00193977355957031 -0.0109567642211914 0.0202732086181641 0.0178165435791016
-0.00681686401367188 -0.00766420364379883 0.0343666076660156 0.00620460510253906
-0.0120878219604492 -0.00205516815185547 0.0373687744140625 -0.0103416442871094
-0.00736570358276367 -0.00116252899169922 0.0331649780273438 -0.0209560394287109
-0.00579166412353516 -0.0023641586303711 0.026824951171875 -0.0192222595214844
-0.00750494003295898 -0.00487899780273438 0.0240917205810547 -0.0125331878662109
-0.000797271728515625 -0.00914382934570313 0.0197105407714844 -0.00436019897460938
0.00879192352294922 -0.00861263275146484 0.00885105133056641 -0.00233078002929688
0.0128078460693359 0.000386238098144531 0.00695323944091797 -0.0100584030151367
0.010380744934082 0.0136423110961914 0.0192375183105469 -0.0204715728759766
0.00294303894042969 0.0231075286865234 0.0362510681152344 -0.0195732116699219
-0.00869941711425781 0.0251331329345703 0.0340995788574219 -0.00669097900390625
-0.0175418853759766 0.019622802734375 0.0498619079589844 0.0060577392578125
0.00300407409667969 0.0145015716552734 0.0205020904541016 0.00176620483398438
0.00123381614685059 0.00257968902587891 0.00665950775146484 0.0140781402587891
0.00149369239807129 0.00277638435363769 0.0232810974121094 0.0214557647705078
0.00242137908935547 0.00132870674133301 0.0365982055664063 0.00768661499023437
0.00178718566894531 -0.000804305076599121 0.0394363403320313 -0.0103225708007813
0.005340576171875 -0.00460577011108398 0.034515380859375 -0.0205612182617188
0.00700139999389649 -0.0051116943359375 0.0267391204833984 -0.0186061859130859
0.00731611251831055 -0.00721311569213867 0.0232696533203125 -0.0112991333007812
0.0134363174438477 -0.00594329833984375 0.0195236206054688 -0.00318336486816406
0.0179386138916016 0.00252151489257813 0.00755023956298828 -0.00129175186157227
0.0151386260986328 0.0145044326782227 0.00526809692382813 -0.00731754302978516
-0.00015449523925781 0.0249252319335938 0.0143985748291016 -0.0182456970214844
-0.0143089294433594 0.029754638671875 0.0299530029296875 -0.0144634246826172
-0.0266571044921875 0.026214599609375 0.0268535614013672 0.000579833984375002
-0.0369338989257813 0.0173912048339844 0.0405998229980469 0.0146484375
-0.0161590576171875 0.0225791931152344 0.0153379440307617 0.0112390518188477
-0.00869083404541016 0.0175371170043945 0.00677490234375 0.0206584930419922
0.00403976440429688 0.0182781219482422 0.0243587493896484 0.0251636505126953
0.0117778778076172 0.0110034942626953 0.0356826782226563 0.00955581665039063
0.0162038803100586 0.00128173828125 0.0373687744140625 -0.00873184204101562
0.0186481475830078 -0.0079803466796875 0.0304946899414062 -0.0174922943115234
0.018890380859375 -0.00706291198730469 0.0226840972900391 -0.0148506164550781
0.0210075378417969 -0.00845146179199219 0.0185985565185547 -0.00812721252441406
0.0255393981933594 -0.00289535522460938 0.0147085189819336 -0.00140571594238281
0.0257930755615234 0.0108795166015625 0.00364136695861817 -0.000304937362670898
0.0173587799072266 0.0255126953125 0.00204849243164063 -0.00624418258666992
-0.00751113891601562 0.0332164764404297 0.0101299285888672 -0.0160951614379883
-0.0272998809814453 0.0332965850830078 0.0220527648925781 -0.00781059265136719
-0.040802001953125 0.0248222351074219 0.0144853591918945 0.00761699676513672
-0.0506515502929688 0.0108604431152344 0.0248088836669922 0.0224628448486328
-0.0338039398193359 0.0255470275878906 0.00444984436035156 0.0211944580078125
-0.0192146301269531 0.0292091369628906 0.00307655334472656 0.027252197265625
0.00417709350585938 0.0330982208251953 0.0216884613037109 0.0288162231445313
0.0194358825683594 0.0211906433105469 0.0300941467285156 0.0109500885009766
0.0284442901611328 0.0045318603515625 0.0303802490234375 -0.00667762756347656
0.0290393829345703 -0.00910186767578125 0.0230236053466797 -0.0114345550537109
0.0280818939208984 -0.0078582763671875 0.0145998001098633 -0.00875473022460938
0.0310420989990234 -0.00921440124511719 0.00995349884033203 -0.00270938873291016
0.0342063903808594 -0.00074005126953125 0.00691747665405274 0.0009307861328125
0.0303802490234375 0.0166358947753906 -0.00227165222167969 -0.000124692916870116
0.0187873840332031 0.0316143035888672 -0.00124263763427734 -0.00593900680541992
-0.0125389099121094 0.037261962890625 0.00646209716796875 -0.0132465362548828
-0.0357933044433594 0.0328636169433594 0.014251708984375 -0.000122070312499998
-0.0492324829101563 0.0205078125 0.000732421874999998 0.0134143829345703
-0.0555000305175781 0.0013580322265625 0.00462150573730469 0.0263195037841797
-0.0455207824707031 0.0221099853515625 -0.0100307464599609 0.0286502838134766
-0.0292701721191406 0.0335254669189453 -0.00309562683105469 0.0316982269287109
0.000179290771484373 0.0413856506347656 0.0152549743652344 0.0292625427246094
0.0220794677734375 0.0287227630615234 0.0210781097412109 0.0107402801513672
0.0355567932128906 0.00740814208984375 0.0196170806884766 -0.00362205505371094
0.0345439910888672 -0.00828742980957031 0.0118541717529297 -0.00418949127197266
0.0325031280517578 -0.00723457336425781 0.00438237190246582 -0.00102400779724121
0.0361671447753906 -0.00866317749023438 -0.000235557556152342 0.00290727615356445
0.0381278991699219 0.00104904174804688 -0.0030829906463623 0.0034480094909668
0.0318374633789063 0.0198154449462891 -0.00935173034667968 -0.000177383422851561
0.0174541473388672 0.0344867706298828 -0.00520229339599609 -0.00670671463012695
-0.0167465209960938 0.0368194580078125 0.00421810150146484 -0.0107307434082031
-0.0404243469238281 0.029052734375 0.00734567642211914 0.00817584991455078
-0.052398681640625 0.0136222839355469 -0.0146589279174805 0.0167417526245117
-0.0493888854980469 -0.00816345214843749 -0.0139446258544922 0.0267677307128906
-0.0465278625488281 0.0124702453613281 -0.0238704681396484 0.0310516357421875
-0.0337409973144531 0.0281486511230469 -0.00933265686035156 0.0315589904785156
-0.00557327270507812 0.0408096313476563 0.00676536560058594 0.0261917114257813
0.018768310546875 0.0308303833007813 0.0100278854370117 0.0092458724975586
0.0351600646972656 0.0105400085449219 0.00641918182373047 -0.00116729736328125
0.0344181060791016 -0.00580406188964844 -0.000648021697998045 0.0023798942565918
0.0318374633789062 -0.00573921203613281 -0.0067453384399414 0.0063176155090332
0.0358047485351563 -0.00698089599609375 -0.0110015869140625 0.008575439453125
0.0369186401367187 0.0020599365234375 -0.013789176940918 0.00478363037109375
0.0292110443115234 0.01995849609375 -0.0166034698486328 -0.00153541564941406
0.0149002075195312 0.0334281921386719 -0.00809192657470703 -0.00773286819458007
-0.0186691284179688 0.0331764221191406 0.00244998931884765 -0.00838422775268555
-0.0414314270019531 0.0211563110351563 -0.000737190246582033 0.0129432678222656
-0.0494918823242187 0.00345611572265625 -0.0293235778808594 0.0169181823730469
-0.0336894989013672 -0.0165290832519531 -0.0294513702392578 0.0228710174560547
-0.0370712280273438 -0.000682830810546868 -0.0338993072509766 0.02935791015625
-0.0305404663085938 0.0155868530273438 -0.0145225524902344 0.0295295715332031
-0.0103549957275391 0.030853271484375 -0.000585556030273438 0.0206241607666016
0.0113563537597656 0.0264129638671875 0.000222206115722656 0.00546503067016602
0.0278091430664063 0.0113201141357422 -0.00648307800292969 0.00102567672729492
0.0287017822265625 -0.00269889831542969 -0.012843132019043 0.0082845687866211
0.0262947082519531 -0.0032806396484375 -0.0163726806640625 0.0127801895141602
0.0299148559570312 -0.00443840026855469 -0.0203170776367187 0.0137557983398438
0.0308265686035156 0.00287818908691406 -0.0229034423828125 0.00681304931640625
0.0246543884277344 0.0178489685058594 -0.0235214233398438 -0.00181770324707031
0.0115013122558594 0.0293865203857422 -0.0127239227294922 -0.0100526809692383
-0.0197887420654297 0.0267429351806641 -8.91685485839859E-05 -0.00869417190551758
-0.0386962890625 0.0118637084960938 -0.00771903991699219 0.0154781341552734
-0.0418014526367188 -0.00608444213867187 -0.0419654846191406 0.0134735107421875
-0.0134105682373047 -0.0230045318603516 -0.0359344482421875 0.01678466796875
-0.0202808380126953 -0.0125560760498047 -0.0374603271484375 0.0250778198242188
-0.0210895538330078 -9.91821289062502E-05 -0.0151195526123047 0.025115966796875
-0.0120859146118164 0.0153493881225586 -0.00477027893066406 0.0146894454956055
0.00212001800537109 0.0165491104125977 -0.00632667541503906 0.00252485275268555
0.0161857604980469 0.0103111267089844 -0.015228271484375 0.00247955322265625
0.0184288024902344 0.000881195068359375 -0.0211887359619141 0.0120277404785156
0.017125129699707 -0.000669479370117188 -0.0233879089355469 0.0175819396972656
0.02008056640625 -0.00137901306152344 -0.0277671813964844 0.0168056488037109
0.0214004516601563 0.00220489501953125 -0.0312976837158203 0.00760078430175782
0.0175724029541016 0.0132083892822266 -0.0287151336669922 -0.00300025939941406
0.00784492492675781 0.0220012664794922 -0.01611328125 -0.0113649368286133
-0.0167636871337891 0.0185966491699219 -0.00347614288330078 -0.00917434692382812
-0.0306243896484375 0.00300788879394531 -0.0151710510253906 0.013005256652832
-0.0294246673583984 -0.0147552490234375 -0.0514602661132813 0.00630950927734374
0.00283622741699219 0.0178737640380859 0.0512466430664063 -0.00311279296875
0.0178470611572266 0.00321388244628906 0.0198574066162109 -0.00688934326171875
0.00744152069091797 -0.0106773376464844 0.00452613830566406 0.00976943969726563
-0.00251007080078125 -0.0105609893798828 0.0205821990966797 0.0182056427001953
-0.00722169876098633 -0.0074467658996582 0.0349884033203125 0.00590896606445312
-0.0114126205444336 -0.000797271728515626 0.038543701171875 -0.0108108520507813
-0.00709772109985352 -0.00110673904418945 0.0333118438720703 -0.0217418670654297
-0.0052800178527832 -0.00217962265014648 0.0267810821533203 -0.0202236175537109
-0.00748300552368164 -0.00449848175048828 0.02374267578125 -0.0135021209716797
-0.00177383422851563 -0.00884056091308594 0.0199432373046875 -0.00583839416503906
0.0076899528503418 -0.0086050033569336 0.0100784301757813 -0.00292396545410156
0.0124330520629883 0.000117301940917969 0.00852203369140625 -0.00980854034423828
0.0104846954345703 0.0128383636474609 0.0198402404785156 -0.0203762054443359
0.00387001037597656 0.0228176116943359 0.0369720458984375 -0.0200042724609375
-0.00807952880859375 0.0244960784912109 0.0356788635253906 -0.00748062133789062
-0.017974853515625 0.0198764801025391 0.0500946044921875 0.00562667846679688
0.00206375122070312 0.0137996673583984 0.0198535919189453 0.000829696655273438
0.000709056854248047 0.00361871719360352 0.0064697265625 0.0145893096923828
0.00130105018615723 0.00306153297424316 0.0239181518554688 0.0215244293212891
0.00243926048278809 0.00113058090209961 0.0370597839355469 0.00767135620117188
0.00224995613098145 -0.000289678573608398 0.0402870178222656 -0.0111083984375
0.00623607635498047 -0.00494718551635742 0.0342330932617188 -0.0219955444335937
0.00741672515869141 -0.0049901008605957 0.0268402099609375 -0.0198268890380859
0.00753068923950195 -0.00708198547363281 0.0228023529052734 -0.0126495361328125
0.0135173797607422 -0.00569629669189453 0.0196132659912109 -0.00498771667480469
0.01812744140625 0.00255775451660156 0.00881767272949219 -0.00225257873535156
0.014735221862793 0.0139780044555664 0.00655555725097656 -0.00781345367431641
-1.90734863281233E-05 0.0246734619140625 0.0156669616699219 -0.0184001922607422
-0.0142116546630859 0.0299396514892578 0.0302848815917969 -0.0155925750732422
-0.0264663696289062 0.0258407592773438 0.0280914306640625 -0.000528335571289061
-0.0374298095703125 0.0175933837890625 0.0411643981933594 0.0142059326171875
-0.0166549682617188 0.0229816436767578 0.0147008895874023 0.0106544494628906
-0.00864028930664062 0.018524169921875 0.00617027282714844 0.0208969116210938
0.00447845458984375 0.0189628601074219 0.0240612030029297 0.0255279541015625
0.0125284194946289 0.0111837387084961 0.0359573364257813 0.0091400146484375
0.0167779922485352 0.00162887573242188 0.0377845764160156 -0.00981521606445313
0.0193023681640625 -0.00811576843261719 0.0309352874755859 -0.0185775756835937
0.01959228515625 -0.00760269165039063 0.0220165252685547 -0.0162353515625
0.0215415954589844 -0.00918960571289062 0.0179386138916016 -0.0095062255859375
0.026275634765625 -0.00310897827148438 0.0148935317993164 -0.00287055969238281
0.0262489318847656 0.0110378265380859 0.00411772727966309 -0.00177454948425293
0.0181331634521484 0.0254230499267578 0.00308895111083985 -0.00693511962890625
-0.00730705261230469 0.0335903167724609 0.0105733871459961 -0.0160160064697266
-0.0272903442382812 0.0336189270019531 0.0225753784179688 -0.00879287719726562
-0.0409469604492188 0.0252685546875 0.0162773132324219 0.00630664825439453
-0.0517501831054687 0.0115394592285156 0.0250148773193359 0.0225505828857422
-0.0342998504638672 0.0265159606933594 0.00441551208496094 0.0207958221435547
-0.0197086334228516 0.0309505462646484 0.00254631042480469 0.0273113250732422
0.00443267822265625 0.0336246490478516 0.0217838287353516 0.0288677215576172
0.0205841064453125 0.0217475891113281 0.0302333831787109 0.0109310150146484
0.0293979644775391 0.00390243530273437 0.0299701690673828 -0.00730705261230469
0.0292167663574219 -0.0100059509277344 0.0232486724853516 -0.0123519897460938
0.0286159515380859 -0.00911521911621094 0.0140829086303711 -0.00962162017822266
0.0316314697265625 -0.010162353515625 0.00945472717285156 -0.00411033630371094
0.0350379943847656 -0.00172042846679688 0.00670671463012695 -0.000519752502441406
0.0314311981201172 0.0166816711425781 -0.00186777114868164 -0.00149238109588623
0.0200996398925781 0.0316734313964844 -0.000537395477294921 -0.0069589614868164
-0.0121994018554688 0.0381889343261719 0.00725269317626953 -0.0133371353149414
-0.03594970703125 0.0345306396484375 0.0150604248046875 -0.000729560852050779
-0.0493698120117188 0.0213394165039063 0.00138378143310547 0.0122833251953125
-0.0568199157714844 0.00313949584960938 0.00495719909667968 0.0266170501708984
-0.0458793640136719 0.0233268737792969 -0.0102367401123047 0.0282192230224609
-0.02972412109375 0.0355949401855469 -0.00343894958496094 0.0311660766601563
0.000915527343750004 0.0429763793945313 0.0148868560791016 0.0294227600097656
0.0234165191650391 0.0288543701171875 0.021026611328125 0.0109939575195313
0.0365104675292969 0.00693130493164063 0.0188159942626953 -0.00381851196289063
0.0352783203125 -0.00905227661132813 0.0118732452392578 -0.0046234130859375
0.0329418182373047 -0.00860786437988281 0.00398135185241699 -0.00156450271606445
0.0366592407226563 -0.0100593566894531 -0.000838756561279295 0.00222897529602051
0.0390052795410156 -0.00037384033203125 -0.00371837615966797 0.00220274925231934
0.0333061218261719 0.01953125 -0.00960826873779297 -0.00130462646484375
0.0193214416503906 0.0349922180175781 -0.00472545623779297 -0.00740766525268555
-0.0161666870117188 0.0380706787109375 0.00465011596679687 -0.0109958648681641
-0.0404243469238281 0.0309295654296875 0.0077676773071289 0.00723028182983399
-0.053009033203125 0.0146369934082031 -0.0140056610107422 0.0161218643188477
-0.0508651733398437 -0.00729370117187501 -0.0141620635986328 0.0265769958496094
-0.0476112365722656 0.0133171081542969 -0.0240802764892578 0.0307941436767578
-0.0344104766845703 0.0298748016357422 -0.0103359222412109 0.0313911437988281
-0.00439453125 0.0422210693359375 0.00621795654296875 0.0263633728027344
0.0203113555908203 0.0312309265136719 0.00945568084716797 0.00963211059570313
0.0362014770507812 0.00971221923828125 0.00565099716186524 -0.000819683074951171
0.0353584289550781 -0.00732803344726563 -0.000834703445434568 0.00253462791442871
0.0322971343994141 -0.00684928894042969 -0.00672817230224609 0.0063939094543457
0.0363922119140625 -0.00866317749023438 -0.0113658905029297 0.00866413116455078
0.0375137329101562 0.00057220458984375 -0.0140609741210937 0.0043783187866211
0.0312347412109375 0.0194835662841797 -0.0170364379882812 -0.002105712890625
0.0164337158203125 0.0336055755615234 -0.00823593139648437 -0.00850391387939453
-0.0186672210693359 0.0351047515869141 0.00221443176269531 -0.00968551635742188
-0.0416030883789063 0.022918701171875 -0.000203132629394534 0.0125789642333984
-0.050140380859375 0.00510787963867188 -0.0287055969238281 0.0158653259277344
-0.0354690551757813 -0.0159492492675781 -0.0297756195068359 0.0230388641357422
-0.0373764038085937 0.000408172607421871 -0.0341091156005859 0.0291500091552734
-0.0312461853027344 0.0165061950683594 -0.0151176452636719 0.0290069580078125
-0.00923538208007813 0.0319175720214844 -0.000608444213867189 0.020751953125
0.0124893188476562 0.026214599609375 -0.00030374526977539 0.00587892532348633
0.0286598205566406 0.0106487274169922 -0.00720453262329101 0.00149297714233398
0.0290279388427734 -0.00396919250488281 -0.0124397277832031 0.00890731811523438
0.0270500183105469 -0.00457763671875 -0.01605224609375 0.013671875
0.0304718017578125 -0.00573348999023438 -0.021087646484375 0.0140647888183594
0.0313568115234375 0.00122261047363281 -0.0238189697265625 0.00670623779296875
0.0261402130126953 0.0174427032470703 -0.0238208770751953 -0.00245094299316407
0.0127487182617188 0.0294075012207031 -0.0125732421875 -0.0105457305908203
-0.0193367004394531 0.0281105041503906 -0.000135421752929689 -0.00883960723876953
-0.0383567810058594 0.0138893127441406 -0.00740432739257813 0.0150642395019531
-0.0420608520507813 -0.00459289550781251 -0.0415573120117188 0.0134468078613281
-0.0145130157470703 -0.0225086212158203 -0.0365791320800781 0.0177230834960937
-0.0211582183837891 -0.0115871429443359 -0.0376930236816406 0.0247879028320313
-0.0215549468994141 0.00107574462890625 -0.0157642364501953 0.0246677398681641
-0.0120639801025391 0.0162105560302734 -0.00537776947021485 0.0147933959960938
0.00345420837402344 0.0167703628540039 -0.0070347785949707 0.00332880020141602
0.0164995193481445 0.00954246520996094 -0.0157470703125 0.00317573547363281
0.0184822082519531 -0.000230789184570313 -0.0209674835205078 0.0127983093261719
0.0176219940185547 -0.00183677673339844 -0.0236167907714844 0.0179996490478516
0.0203151702880859 -0.00282096862792969 -0.0284385681152344 0.0178909301757812
0.0218429565429687 0.00146484375 -0.031768798828125 0.00742340087890625
0.0181941986083984 0.0127964019775391 -0.0294704437255859 -0.00309181213378907
0.0087432861328125 0.0220146179199219 -0.0166692733764648 -0.0123729705810547
-0.0164661407470703 0.0193119049072266 -0.00378227233886719 -0.00998401641845703
-0.0307731628417969 0.00423049926757813 -0.0149202346801758 0.0129661560058594
-0.0297737121582031 -0.0140361785888672 -0.0517425537109375 0.00624465942382813
0.00298309326171875 0.0181255340576172 0.0535202026367188 -0.00410842895507812
0.0181751251220703 0.00310897827148438 0.0195808410644531 -0.00730133056640625
0.00767803192138672 -0.0108804702758789 0.00467777252197266 0.0103588104248047
-0.00282764434814453 -0.0105342864990234 0.0218601226806641 0.0188236236572266
-0.0080108642578125 -0.00647878646850586 0.0368080139160156 0.00535202026367188
-0.0113592147827148 0.000290870666503906 0.0402793884277344 -0.012664794921875
-0.00723171234130859 -0.000494956970214844 0.0342197418212891 -0.0241203308105469
-0.0054931640625 -0.00214052200317383 0.0274753570556641 -0.0226650238037109
-0.00745820999145508 -0.00372648239135742 0.0239429473876953 -0.0157852172851562
-0.00162315368652344 -0.00861406326293945 0.0210227966308594 -0.00753402709960938
0.00743961334228516 -0.00876617431640625 0.011286735534668 -0.00475883483886719
0.0126962661743164 -0.000560760498046875 0.00940418243408203 -0.0105905532836914
0.0112018585205078 0.0127849578857422 0.0211143493652344 -0.0211982727050781
0.00436592102050781 0.0227298736572266 0.038177490234375 -0.0218124389648438
-0.00720596313476562 0.0249919891357422 0.0374526977539063 -0.00927734375
-0.0184707641601563 0.0207672119140625 0.0520744323730469 0.00508499145507813
0.00189113616943359 0.0148391723632813 0.0200347900390625 0.000690460205078126
0.000704765319824219 0.00413370132446289 0.00639820098876953 0.0150642395019531
0.00177121162414551 0.00399613380432129 0.0248546600341797 0.022369384765625
0.00277805328369141 0.00198173522949219 0.0388603210449219 0.00665664672851563
0.00313806533813477 -7.34329223632813E-05 0.0419158935546875 -0.0128669738769531
0.00682449340820313 -0.00513553619384766 0.0348453521728516 -0.0238246917724609
0.00807380676269531 -0.00606155395507813 0.0263328552246094 -0.0218944549560547
0.00819826126098633 -0.00719976425170898 0.0232563018798828 -0.0145320892333984
0.0141515731811523 -0.00591182708740234 0.020538330078125 -0.00667572021484375
0.0181293487548828 0.00252723693847656 0.00988006591796875 -0.00379657745361328
0.0158090591430664 0.0146017074584961 0.00792312622070313 -0.00895023345947265
0.000228881835937498 0.0257453918457031 0.0162734985351563 -0.0188274383544922
-0.0138339996337891 0.0307521820068359 0.0319614410400391 -0.0170364379882812
-0.0269660949707031 0.0273342132568359 0.0302696228027344 -0.00220870971679687
-0.0387611389160156 0.019317626953125 0.043365478515625 0.0139923095703125
-0.0170364379882813 0.0245399475097656 0.0150365829467773 0.0102958679199219
-0.00893783569335938 0.0204944610595703 0.00575828552246093 0.0218944549560547
0.00522804260253906 0.0200023651123047 0.0259113311767578 0.0264511108398438
0.0140304565429688 0.0118894577026367 0.0375747680664063 0.00881576538085938
0.0181026458740234 0.00123023986816406 0.0387535095214844 -0.0113563537597656
0.0199794769287109 -0.00885963439941406 0.0316200256347656 -0.0203533172607422
0.0204715728759766 -0.00877761840820313 0.0227718353271484 -0.0178394317626953
0.0224285125732422 -0.0102348327636719 0.0180034637451172 -0.010986328125
0.0272731781005859 -0.00415992736816406 0.0155019760131836 -0.00494575500488281
0.0278244018554687 0.0112743377685547 0.0046234130859375 -0.00304794311523437
0.0194644927978516 0.0260543823242188 0.0039362907409668 -0.008087158203125
-0.00756454467773437 0.0354461669921875 0.0117120742797852 -0.0170345306396484
-0.0279159545898438 0.035797119140625 0.02362060546875 -0.00988388061523437
-0.0417213439941406 0.0267677307128906 0.0184307098388672 0.00521087646484375
-0.0536079406738281 0.0138664245605469 0.0268058776855469 0.022491455078125
-0.0355262756347656 0.028900146484375 0.00436973571777344 0.0203208923339844
-0.0201396942138672 0.0334529876708984 0.00221443176269531 0.0277042388916016
0.0057373046875 0.0355949401855469 0.0225620269775391 0.0294742584228516
0.0225639343261719 0.0220775604248047 0.0311527252197266 0.0111541748046875
0.0310001373291016 0.00327873229980469 0.0310707092285156 -0.00771713256835938
0.0310764312744141 -0.0112953186035156 0.0232620239257813 -0.0139942169189453
0.0297966003417969 -0.0107173919677734 0.0143508911132813 -0.0109710693359375
0.0328922271728516 -0.0120601654052734 0.00916004180908203 -0.00527763366699219
0.036712646484375 -0.00312423706054687 0.00703144073486328 -0.00191020965576172
0.0339164733886719 0.0161933898925781 -0.00176477432250976 -0.00258016586303711
0.0218620300292969 0.0324573516845703 -0.000227451324462889 -0.00791358947753906
-0.0121650695800781 0.0406570434570313 0.00755023956298828 -0.0142278671264648
-0.0368614196777344 0.0376129150390625 0.0160093307495117 -0.00190448760986328
-0.0508880615234375 0.0232124328613281 0.00306034088134765 0.0112886428833008
-0.0597953796386719 0.00499725341796874 0.00594902038574218 0.0271854400634766
-0.0473442077636719 0.0259742736816406 -0.0103397369384766 0.0284423828125
-0.0305099487304687 0.0388832092285156 -0.00378990173339844 0.0319805145263672
0.00273895263671875 0.0449104309082031 0.0155887603759766 0.0301074981689453
0.0256900787353516 0.0298118591308594 0.0215702056884766 0.0117340087890625
0.0385246276855469 0.00632095336914062 0.0189762115478516 -0.00399398803710938
0.0366935729980469 -0.0117950439453125 0.0119562149047852 -0.00586891174316406
0.0344600677490234 -0.0110282897949219 0.00427103042602539 -0.00209379196166992
0.0384025573730469 -0.0123138427734375 -0.00136566162109375 0.00237679481506348
0.040924072265625 -0.00220870971679688 -0.00381970405578613 0.00160884857177734
0.0359764099121094 0.0190963745117188 -0.00990486145019531 -0.00214195251464843
0.0217704772949219 0.0355415344238281 -0.00445127487182617 -0.00865650177001953
-0.0158271789550781 0.040771484375 0.00481510162353515 -0.0121088027954102
-0.0414199829101563 0.0339584350585937 0.00839567184448242 0.00656270980834961
-0.0545845031738281 0.0166778564453125 -0.0131511688232422 0.0158176422119141
-0.0535659790039063 -0.00589370727539063 -0.0141029357910156 0.0279464721679688
-0.0492134094238281 0.0157661437988281 -0.0243892669677734 0.0314788818359375
-0.0349407196044922 0.0333595275878906 -0.0105094909667969 0.0323753356933594
-0.0029449462890625 0.0445098876953125 0.00656890869140625 0.0272769927978516
0.0224742889404297 0.0321788787841797 0.00972080230712891 0.00995826721191407
0.0380783081054687 0.00867843627929688 0.00557565689086914 -0.000266075134277343
0.0367050170898438 -0.0093841552734375 -0.000695705413818357 0.00251412391662598
0.0338592529296875 -0.00926780700683594 -0.0071258544921875 0.0064539909362793
0.0374794006347656 -0.0105323791503906 -0.0126123428344727 0.00892925262451172
0.0393218994140625 -0.00124740600585938 -0.0148429870605469 0.00440406799316406
0.0335197448730469 0.0192298889160156 -0.01776123046875 -0.0021820068359375
0.0187397003173828 0.0344581604003906 -0.00870323181152343 -0.00978660583496094
-0.0182571411132812 0.0373001098632813 0.00233745574951172 -0.0100173950195312
-0.0426063537597656 0.0262603759765625 0.000353813171386716 0.0121831893920898
-0.0517082214355469 0.00704574584960938 -0.0290470123291016 0.0165958404541016
-0.0372314453125 -0.0148582458496094 -0.0304107666015625 0.0247097015380859
-0.0391654968261719 0.00230026245117187 -0.0354347229003906 0.0302200317382813
-0.0320777893066406 0.0192146301269531 -0.0152435302734375 0.0298480987548828
-0.00827407836914063 0.0342693328857422 -0.000753402709960937 0.0212306976318359
0.014495849609375 0.0269145965576172 -0.00091409683227539 0.00671195983886719
0.0305004119873047 0.0096435546875 -0.00754451751708984 0.00269365310668945
0.0302753448486328 -0.00565719604492188 -0.012664794921875 0.00956821441650391
0.027862548828125 -0.00625228881835938 -0.0163822174072266 0.0143928527832031
0.0315265655517578 -0.0073089599609375 -0.0216636657714844 0.0151119232177734
0.0328655242919922 -0.000398635864257813 -0.0250053405761719 0.00755691528320313
0.0272712707519531 0.0165805816650391 -0.0250530242919922 -0.00217437744140625
0.0146312713623047 0.0299358367919922 -0.0131807327270508 -0.0113868713378906
-0.01898193359375 0.0298061370849609 -0.000343322753906252 -0.00987148284912109
-0.0392799377441406 0.0162124633789062 -0.00674629211425781 0.0153274536132813
-0.0436248779296875 -0.00359344482421876 -0.0428733825683594 0.0139503479003906
-0.0157508850097656 -0.0225791931152344 -0.0380516052246094 0.0191459655761719
-0.0221977233886719 -0.0110492706298828 -0.0389251708984375 0.0261192321777344
-0.0224704742431641 0.00248336791992188 -0.0163898468017578 0.0254993438720703
-0.0111331939697266 0.0177211761474609 -0.0064096450805664 0.0152482986450195
0.00445079803466797 0.0173301696777344 -0.00784826278686523 0.00389480590820313
0.0176944732666016 0.00868034362792969 -0.0166921615600586 0.00477027893066407
0.0192012786865234 -0.00116729736328125 -0.0215435028076172 0.014373779296875
0.0178394317626953 -0.00264549255371094 -0.023529052734375 0.0196266174316406
0.0210056304931641 -0.00393486022949219 -0.0292396545410156 0.0194416046142578
0.0228347778320313 -0.000185012817382813 -0.0336723327636719 0.00907325744628906
0.0196208953857422 0.0123805999755859 -0.0313682556152344 -0.00332069396972656
0.00987815856933594 0.0221538543701172 -0.0175018310546875 -0.0130367279052734
-0.0162944793701172 0.0206584930419922 -0.00365447998046875 -0.0101299285888672
-0.0311679840087891 0.00549697875976562 -0.0146923065185547 0.0138721466064453
-0.0300979614257813 -0.0131034851074219 -0.0532913208007813 0.00678253173828125
0.00370407104492187 0.0182323455810547 0.0560188293457031 -0.00639724731445312
0.0181674957275391 0.00204277038574219 0.019866943359375 -0.00832176208496094
0.00698184967041015 -0.0114040374755859 0.00488948822021484 0.010899543762207
-0.00362491607666016 -0.0105438232421875 0.0233650207519531 0.0191860198974609
-0.00880718231201172 -0.00608444213867188 0.0387458801269531 0.00384140014648438
-0.0115756988525391 0.00104331970214844 0.0413551330566406 -0.0158653259277344
-0.00682401657104492 8.01086425781237E-05 0.0344047546386719 -0.0270252227783203
-0.00586223602294922 -0.00165557861328125 0.0269756317138672 -0.0254802703857422
-0.00729751586914063 -0.00308942794799805 0.024078369140625 -0.0181140899658203
-0.00213956832885742 -0.008270263671875 0.0216236114501953 -0.00997734069824219
0.00664901733398438 -0.0091400146484375 0.012028694152832 -0.00587749481201172
0.0127964019775391 -0.00118637084960938 0.0105562210083008 -0.011509895324707
0.0121421813964844 0.0124015808105469 0.0213527679443359 -0.0224761962890625
0.00574684143066406 0.0229949951171875 0.0392875671386719 -0.0242576599121094
-0.006134033203125 0.0258560180664063 0.0399131774902344 -0.0118675231933594
-0.0180835723876953 0.0221691131591797 0.0543174743652344 0.00336074829101563
0.00213527679443359 0.0156774520874023 0.020904541015625 -0.000587463378906249
0.000415325164794922 0.00493144989013672 0.00702381134033203 0.0155010223388672
0.00179886817932129 0.00426840782165527 0.0268001556396484 0.0224895477294922
0.00280141830444336 0.00240039825439453 0.0405387878417969 0.00531387329101563
0.00355386734008789 0.000246763229370117 0.0429458618164063 -0.0156974792480469
0.00701475143432617 -0.00573921203613281 0.0349311828613281 -0.0270957946777344
0.00801181793212891 -0.00681686401367188 0.0263175964355469 -0.0248432159423828
0.00878047943115234 -0.00788402557373047 0.0230808258056641 -0.0173606872558594
0.0142145156860352 -0.00666046142578125 0.0208511352539063 -0.00907707214355469
0.0191860198974609 0.0015869140625 0.0103530883789063 -0.00538444519042969
0.0168085098266602 0.0145282745361328 0.00863838195800781 -0.00975799560546875
0.00139617919921875 0.0267467498779297 0.0168571472167969 -0.0202350616455078
-0.0130786895751953 0.0326080322265625 0.0327072143554687 -0.0193862915039062
-0.026519775390625 0.0294456481933594 0.0328350067138672 -0.00434112548828125
-0.0395278930664062 0.0220756530761719 0.0455513000488281 0.01287841796875
-0.0169925689697266 0.0264663696289062 0.0157241821289063 0.00964927673339844
-0.00883293151855469 0.0226192474365234 0.0066986083984375 0.0223617553710938
0.00645828247070312 0.0211830139160156 0.0276012420654297 0.0265331268310547
0.0153675079345703 0.0118064880371094 0.0392036437988281 0.00737762451171875
0.0195026397705078 0.000535964965820313 0.0394020080566406 -0.0138473510742188
0.0203666687011719 -0.0109367370605469 0.0316009521484375 -0.0233535766601563
0.0209751129150391 -0.010711669921875 0.0216827392578125 -0.0203075408935547
0.0234928131103516 -0.0121669769287109 0.0175409317016602 -0.0133419036865234
0.0285720825195312 -0.00568580627441406 0.0159273147583008 -0.00705909729003906
0.0297698974609375 0.00988197326660156 0.0055227279663086 -0.00453042984008789
0.0216350555419922 0.0263557434082031 0.00450706481933594 -0.009307861328125
-0.00580215454101563 0.0376014709472656 0.0115470886230469 -0.017974853515625
-0.0273590087890625 0.0392608642578125 0.0244312286376953 -0.0120677947998047
-0.0422286987304688 0.0300979614257812 0.0203037261962891 0.00345611572265625
-0.0557899475097656 0.0173912048339844 0.0289173126220703 0.021881103515625
-0.0358314514160156 0.0322074890136719 0.00496292114257812 0.0205421447753906
-0.0192527770996094 0.0371627807617188 0.0030670166015625 0.0288772583007813
0.00823974609375 0.0370407104492188 0.0241470336914063 0.0297451019287109
0.0250377655029297 0.0216789245605469 0.0327548980712891 0.00996780395507813
0.0330028533935547 0.00160980224609375 0.0316448211669922 -0.00945281982421875
0.0314655303955078 -0.0142993927001953 0.0234031677246094 -0.01593017578125
0.0305690765380859 -0.013671875 0.0138568878173828 -0.0124111175537109
0.0339126586914063 -0.0150508880615234 0.00854206085205078 -0.00645685195922852
0.0382080078125 -0.00544357299804688 0.0064697265625 -0.0034027099609375
0.0367317199707031 0.0151176452636719 -0.00217175483703613 -0.00340390205383301
0.0247211456298828 0.0331878662109375 -0.000165939331054687 -0.00911903381347656
-0.0100555419921875 0.0436592102050781 0.0076904296875 -0.0152997970581055
-0.0365333557128906 0.0413970947265625 0.0166177749633789 -0.00322628021240234
-0.0522918701171875 0.0271034240722656 0.00484371185302734 0.0108499526977539
-0.0625686645507813 0.00868988037109375 0.00713157653808593 0.0275669097900391
-0.0484848022460938 0.0299568176269531 -0.0100173950195313 0.0293045043945313
-0.0295257568359375 0.0430107116699219 -0.00348854064941406 0.0333843231201172
0.005706787109375 0.0472068786621094 0.0173473358154297 0.0306072235107422
0.0289630889892578 0.0298690795898437 0.0226173400878906 0.0107345581054688
0.0404014587402344 0.00428009033203125 0.0190887451171875 -0.00436210632324219
0.03802490234375 -0.0144805908203125 0.0118484497070313 -0.00656700134277344
0.0356330871582031 -0.0138320922851562 0.00360727310180664 -0.00291728973388672
0.0394363403320313 -0.0155525207519531 -0.00192928314208984 0.00198245048522949
0.0422782897949219 -0.00518798828125 -0.00424718856811523 0.000965595245361328
0.0386466979980469 0.017913818359375 -0.010528564453125 -0.00264835357666015
0.0252914428710937 0.0360755920410156 -0.00473976135253906 -0.00972366333007812
-0.0140457153320313 0.0444183349609375 0.00467777252197266 -0.0128993988037109
-0.0415191650390625 0.0385360717773438 0.00934886932373047 0.00579643249511719
-0.0557670593261719 0.0206756591796875 -0.0121469497680664 0.0163984298706055
-0.0564155578613281 -0.0023193359375 -0.0138339996337891 0.0293827056884766
-0.0507545471191406 0.0195465087890625 -0.0247783660888672 0.0332717895507813
-0.0349197387695313 0.0376701354980469 -0.0103473663330078 0.0339126586914063
-0.000591278076171871 0.0471611022949219 0.00753593444824219 0.0276069641113281
0.0259933471679688 0.0320491790771484 0.0103120803833008 0.0105972290039063
0.0409278869628906 0.00709915161132812 0.00517702102661133 -6.10351562499996E-05
0.0374794006347656 -0.0125465393066406 -0.00059247016906738 0.00245881080627441
0.0348396301269531 -0.0122795104980469 -0.00696516036987305 0.00669384002685547
0.0386238098144531 -0.0138893127441406 -0.0131454467773437 0.00997352600097656
0.0410003662109375 -0.0041961669921875 -0.0160655975341797 0.00502586364746094
0.0366325378417969 0.0177116394042969 -0.0193901062011719 -0.0021209716796875
0.0218620300292969 0.035064697265625 -0.00933742523193359 -0.0102252960205078
-0.0167732238769531 0.0406990051269531 0.00196361541748047 -0.0109500885009766
-0.0429000854492188 0.0307540893554687 0.00127792358398437 0.0123376846313477
-0.0534820556640625 0.0105171203613281 -0.0285549163818359 0.0175094604492187
-0.0400428771972656 -0.0131874084472656 -0.0310764312744141 0.0270519256591797
-0.0411491394042969 0.00514602661132812 -0.0356178283691406 0.0322914123535156
-0.0324592590332031 0.0229148864746094 -0.0149497985839844 0.0310344696044922
-0.00635910034179687 0.0366859436035156 -0.000944137573242187 0.0222759246826172
0.0172500610351562 0.0272426605224609 -0.00123405456542969 0.0079188346862793
0.0324440002441406 0.00775337219238281 -0.00829744338989258 0.00433731079101563
0.0310249328613281 -0.00806617736816406 -0.0122871398925781 0.0107183456420898
0.0285053253173828 -0.00929069519042969 -0.0161724090576172 0.0159244537353516
0.0323238372802734 -0.0106277465820313 -0.0223388671875 0.0176239013671875
0.0341701507568359 -0.003021240234375 -0.0261173248291016 0.00889396667480469
0.0302848815917969 0.0158214569091797 -0.0267105102539062 -0.00136756896972656
0.0173416137695313 0.0299854278564453 -0.0146875381469727 -0.0116443634033203
-0.01806640625 0.0331649780273437 -0.000450134277343752 -0.0104150772094727
-0.0393295288085938 0.0200462341308594 -0.00621128082275391 0.0159034729003906
-0.0454139709472656 -0.000961303710937495 -0.0440673828125 0.0155525207519531
-0.0180091857910156 -0.0223121643066406 -0.0394439697265625 0.0213241577148438
-0.0244045257568359 -0.00967597961425781 -0.0393218994140625 0.0288810729980469
-0.0231952667236328 0.00498771667480469 -0.0164432525634766 0.0267829895019531
-0.0103302001953125 0.0189113616943359 -0.00647354125976563 0.0163249969482422
0.00646591186523438 0.0176429748535156 -0.00863742828369141 0.00560235977172852
0.0190925598144531 0.00773811340332031 -0.0173187255859375 0.00705146789550782
0.0196475982666016 -0.00307655334472656 -0.0208683013916016 0.0167350769042969
0.0184345245361328 -0.00402069091796875 -0.0231781005859375 0.0218677520751953
0.0216827392578125 -0.00589561462402344 -0.0296516418457031 0.0221004486083984
0.0233840942382813 -0.00164604187011719 -0.0349502563476563 0.0106296539306641
0.0214138031005859 0.0113639831542969 -0.0331859588623047 -0.00161552429199219
0.0120582580566406 0.0219936370849609 -0.0191783905029297 -0.0131492614746094
-0.01556396484375 0.0224037170410156 -0.00422763824462891 -0.0110692977905273
-0.0315704345703125 0.00828170776367188 -0.0138931274414063 0.0145578384399414
-0.0319557189941406 -0.0112972259521484 -0.0552024841308594 0.00940322875976561
0.0052337646484375 0.0179290771484375 0.0567131042480469 -0.00960922241210937
0.0183258056640625 0.00104713439941406 0.01983642578125 -0.00938224792480469
0.00621509552001953 -0.0118913650512695 0.00547409057617188 0.0113134384155273
-0.00415515899658203 -0.00995922088623047 0.0253410339355469 0.0180988311767578
-0.00964164733886719 -0.00518798828125 0.0396537780761719 0.000919342041015625
-0.011408805847168 0.00269603729248047 0.040863037109375 -0.0193748474121094
-0.00690603256225586 0.00117921829223633 0.0327873229980469 -0.0304603576660156
-0.00559234619140625 -0.00115680694580078 0.0255470275878906 -0.0278530120849609
-0.00760555267333984 -0.00260257720947266 0.0231056213378906 -0.0205726623535156
-0.00274038314819336 -0.00763416290283203 0.0208911895751953 -0.0125541687011719
0.00582599639892578 -0.00941753387451172 0.0125503540039063 -0.00761032104492188
0.0126285552978516 -0.00204753875732422 0.0109090805053711 -0.0127840042114258
0.0128421783447266 0.0115594863891602 0.0209999084472656 -0.0234966278076172
0.00732421875 0.0227909088134766 0.0387802124023437 -0.0274505615234375
-0.00409126281738281 0.0256271362304688 0.0406265258789063 -0.015838623046875
-0.0172252655029297 0.0240535736083984 0.0561637878417969 0.000122070312500001
0.00308322906494141 0.0160455703735352 0.0201950073242188 -0.0016021728515625
0.000780582427978515 0.00577020645141602 0.00764179229736328 0.0159053802490234
0.00240135192871094 0.00450944900512695 0.0287952423095703 0.0214920043945313
0.00357341766357422 0.00229787826538086 0.0417938232421875 0.00281143188476563
0.00414109230041504 0.000252723693847656 0.04266357421875 -0.0193023681640625
0.00716304779052734 -0.00639581680297852 0.0331993103027344 -0.0301361083984375
0.00794410705566406 -0.00727224349975586 0.0244274139404297 -0.0278873443603516
0.00881290435791016 -0.00863361358642578 0.0216388702392578 -0.0196571350097656
0.014251708984375 -0.00727081298828125 0.0205230712890625 -0.012054443359375
0.0192089080810547 0.000715255737304687 0.0109090805053711 -0.00700283050537109
0.0182361602783203 0.0136890411376953 0.00898075103759766 -0.0114936828613281
0.00308609008789063 0.0271453857421875 0.0163898468017578 -0.0214653015136719
-0.0114898681640625 0.033721923828125 0.0322151184082031 -0.0217685699462891
-0.0252704620361328 0.0312099456787109 0.0340442657470703 -0.00750350952148437
-0.0392189025878906 0.0257148742675781 0.04718017578125 0.0103492736816406
-0.0158958435058594 0.0287132263183594 0.0157575607299805 0.00861167907714844
-0.00700759887695313 0.0243759155273438 0.00739860534667969 0.0227642059326172
0.00852584838867187 0.0217227935791016 0.0296516418457031 0.0252761840820312
0.016575813293457 0.0110454559326172 0.0401229858398438 0.00522232055664063
0.0202560424804688 -0.00081634521484375 0.0391502380371094 -0.0166473388671875
0.0207443237304688 -0.0127735137939453 0.0301437377929688 -0.0263481140136719
0.0205593109130859 -0.0127735137939453 0.0197849273681641 -0.0227890014648438
0.0233840942382813 -0.0141735076904297 0.0163516998291016 -0.0153331756591797
0.0288619995117188 -0.00752449035644531 0.0148220062255859 -0.00924205780029297
0.0309371948242188 0.00821113586425781 0.0051727294921875 -0.00618219375610352
0.0239925384521484 0.0251598358154297 0.00510597229003907 -0.0106821060180664
-0.00337982177734375 0.0393638610839844 0.0114498138427734 -0.0194969177246094
-0.0252952575683594 0.0419845581054688 0.0243339538574219 -0.0141391754150391
-0.04132080078125 0.0330581665039063 0.0217952728271484 0.00128555297851563
-0.0558700561523438 0.0219802856445313 0.0305976867675781 0.0202541351318359
-0.0345687866210938 0.035888671875 0.00584793090820312 0.0201129913330078
-0.0169715881347656 0.0400238037109375 0.00408935546875 0.0292587280273438
0.0112953186035156 0.0379867553710938 0.0260791778564453 0.0287990570068359
0.0272331237792969 0.0206127166748047 0.0337429046630859 0.00815773010253906
0.0341510772705078 -0.00043487548828125 0.0315685272216797 -0.0112724304199219
0.0312328338623047 -0.0168743133544922 0.0222663879394531 -0.0181159973144531
0.0301017761230469 -0.0163536071777344 0.0127763748168945 -0.0143003463745117
0.0336647033691406 -0.0179767608642578 0.00760793685913086 -0.00745820999145508
0.0391464233398438 -0.00885391235351563 0.00607347488403321 -0.00531387329101563
0.0384445190429688 0.0127067565917969 -0.00248432159423828 -0.00472211837768555
0.0280914306640625 0.0318279266357422 -0.000321388244628904 -0.0101861953735352
-0.00761032104492187 0.0459556579589844 0.00709247589111328 -0.0165462493896484
-0.0342178344726562 0.04559326171875 0.0167074203491211 -0.00508499145507812
-0.051483154296875 0.0310249328613281 0.00646018981933593 0.00949287414550781
-0.0633277893066406 0.0139694213867188 0.00884819030761718 0.0279960632324219
-0.0479583740234375 0.0344352722167969 -0.00875091552734375 0.0294399261474609
-0.0269927978515625 0.0471534729003906 -0.00245857238769531 0.0338001251220703
0.00938796997070313 0.0482177734375 0.0185050964355469 0.0302791595458984
0.0322666168212891 0.0281620025634766 0.0233478546142578 0.0104179382324219
0.0421409606933594 0.001312255859375 0.0192146301269531 -0.00518226623535156
0.0375289916992188 -0.0182228088378906 0.0117788314819336 -0.00763320922851563
0.0352210998535156 -0.0174179077148438 0.00317120552062989 -0.00313878059387207
0.0390701293945313 -0.0196304321289063 -0.00262331962585449 0.00166058540344238
0.043426513671875 -0.00875473022460938 -0.00476026535034179 0.000483989715576172
0.0414237976074219 0.0146102905273437 -0.0113506317138672 -0.00264739990234375
0.0286388397216797 0.0345096588134766 -0.00580310821533203 -0.0100250244140625
-0.0113563537597656 0.0471000671386719 0.00390911102294922 -0.0136165618896484
-0.0396347045898437 0.0433464050292969 0.0101594924926758 0.00502681732177735
-0.0552177429199219 0.0250663757324219 -0.0107307434082031 0.016357421875
-0.0580825805664063 0.00233840942382812 -0.0123615264892578 0.0311546325683594
-0.0507278442382813 0.0240364074707031 -0.0233631134033203 0.0350246429443359
-0.0333938598632813 0.0420494079589844 -0.00861740112304688 0.0347309112548828
0.00330734252929687 0.0485076904296875 0.00864219665527344 0.0277957916259766
0.0293827056884766 0.0309047698974609 0.0104570388793945 0.010772705078125
0.0421295166015625 0.00345993041992188 0.00534915924072266 0.000714778900146485
0.0373077392578125 -0.0158157348632813 -0.000795841217041013 0.00263547897338867
0.0345382690429688 -0.0157680511474609 -0.00697803497314453 0.00728893280029297
0.0384101867675781 -0.01806640625 -0.0129613876342773 0.0113439559936523
0.04180908203125 -0.00803375244140625 -0.0162534713745117 0.00559520721435547
0.0390892028808594 0.0152854919433594 -0.02001953125 -0.00106048583984375
0.0256786346435547 0.0335464477539063 -0.010711669921875 -0.0103130340576172
-0.0139732360839844 0.0431938171386719 0.00123214721679687 -0.0112504959106445
-0.0412788391113281 0.0351638793945312 0.00230216979980469 0.0120668411254883
-0.0535697937011719 0.0146903991699219 -0.0278148651123047 0.0188350677490234
-0.0421791076660156 -0.00999832153320313 -0.0304489135742188 0.0297584533691406
-0.0417137145996094 0.00897598266601562 -0.0344009399414063 0.0353546142578125
-0.0316104888916016 0.0266036987304688 -0.0133533477783203 0.0321807861328125
-0.00323867797851562 0.0380020141601563 -0.00019073486328125 0.0222244262695313
0.0203685760498047 0.0264148712158203 -0.000874996185302734 0.00844144821166992
0.0340900421142578 0.00525474548339844 -0.00810909271240234 0.00561285018920899
0.0307559967041016 -0.0109977722167969 -0.0118522644042969 0.011775016784668
0.0284481048583984 -0.0116138458251953 -0.0152034759521484 0.0174541473388672
0.032257080078125 -0.0138111114501953 -0.0219688415527344 0.0190372467041016
0.0345802307128906 -0.00599098205566406 -0.0264377593994141 0.0106563568115234
0.0323104858398438 0.0136089324951172 -0.0278434753417969 0.000532150268554684
0.0203475952148437 0.0292892456054687 -0.0158424377441406 -0.0115938186645508
-0.0157299041748047 0.035064697265625 -0.00159358978271484 -0.0108003616333008
-0.0388412475585938 0.0233230590820313 -0.0049285888671875 0.0158824920654297
-0.0461654663085938 0.00304031372070312 -0.0433158874511719 0.0184860229492188
-0.0201549530029297 -0.0206508636474609 -0.03948974609375 0.0250473022460937
-0.0255203247070313 -0.00728416442871094 -0.0387001037597656 0.0317459106445313
-0.0232143402099609 0.00743293762207031 -0.0154151916503906 0.0276699066162109
-0.00853157043457031 0.0205287933349609 -0.00635814666748047 0.0168476104736328
0.00844001770019532 0.0173025131225586 -0.00889301300048828 0.00686168670654297
0.0201072692871094 0.006011962890625 -0.0169601440429688 0.00932121276855469
0.0196399688720703 -0.00479316711425781 -0.0200233459472656 0.0183753967285156
0.0184841156005859 -0.00659561157226563 -0.0217685699462891 0.0243320465087891
0.0216140747070313 -0.00796699523925781 -0.0285358428955078 0.0248584747314453
0.0234737396240234 -0.00374031066894531 -0.034820556640625 0.0132656097412109
0.0228023529052734 0.00961112976074219 -0.0341148376464844 0.000549316406250008
0.0139732360839844 0.0214309692382813 -0.0205116271972656 -0.0120887756347656
-0.0143280029296875 0.024383544921875 -0.00537109375 -0.0109615325927734
-0.0312786102294922 0.0109920501708984 -0.0129222869873047 0.0155706405639648
-0.0323982238769531 -0.00874710083007813 -0.0553474426269531 0.0129776000976562
0.00637340545654297 0.0171651840209961 0.0562362670898437 -0.0120201110839844
0.0176506042480469 0.00018310546875 0.0183143615722656 -0.0100917816162109
0.0052642822265625 -0.0120763778686523 0.00602912902832031 0.0114431381225586
-0.00510311126708984 -0.00955581665039063 0.0258655548095703 0.0170402526855469
-0.00975608825683594 -0.0037851333618164 0.0391349792480469 -0.00120162963867188
-0.0105228424072266 0.00373649597167969 0.0395431518554687 -0.0219650268554687
-0.00633049011230469 0.00157499313354492 0.0306358337402344 -0.0324077606201172
-0.00573444366455078 -0.00101709365844727 0.0232315063476563 -0.0293731689453125
-0.00674962997436523 -0.00157690048217773 0.0212497711181641 -0.02264404296875
-0.00323390960693359 -0.00720691680908203 0.0198097229003906 -0.0144767761230469
0.00439167022705078 -0.00920486450195312 0.0123805999755859 -0.00925064086914063
0.0120201110839844 -0.00248241424560547 0.0106630325317383 -0.0135374069213867
0.0130281448364258 0.0102081298828125 0.0195751190185547 -0.0244522094726563
0.00832939147949219 0.0215263366699219 0.0372047424316406 -0.0294532775878906
-0.0024261474609375 0.0254268646240234 0.0405921936035156 -0.0186347961425781
-0.0159358978271484 0.0247306823730469 0.0555076599121094 -0.00290298461914062
0.00325393676757813 0.0160465240478516 0.0194988250732422 -0.00297737121582031
0.00117397308349609 0.00597524642944336 0.00796413421630859 0.0153980255126953
0.00278615951538086 0.00445747375488281 0.0295257568359375 0.0200557708740234
0.00376462936401367 0.00246834754943848 0.0411949157714844 0.000644683837890625
0.00470542907714844 0.000638961791992188 0.0408935546875 -0.0220527648925781
0.0067143440246582 -0.00708198547363281 0.0307674407958984 -0.0328521728515625
0.00731325149536133 -0.00774145126342774 0.0220623016357422 -0.0287837982177734
0.00835227966308594 -0.00899219512939453 0.0196743011474609 -0.0215358734130859
0.0141324996948242 -0.00801277160644531 0.0190467834472656 -0.0139808654785156
0.0189323425292969 -0.000171661376953125 0.0104923248291016 -0.00880241394042969
0.0185031890869141 0.01263427734375 0.00893592834472656 -0.0118532180786133
0.00442695617675781 0.0267772674560547 0.01519775390625 -0.0219192504882813
-0.00962257385253906 0.0342082977294922 0.0308971405029297 -0.0235481262207031
-0.0233097076416016 0.0317649841308594 0.0347194671630859 -0.0103206634521484
-0.0375633239746094 0.0280265808105469 0.0477142333984375 0.00735855102539063
-0.0143070220947266 0.0294685363769531 0.0154953002929687 0.00726318359375
-0.00539970397949219 0.0254898071289062 0.00804710388183594 0.0223560333251953
0.0100002288818359 0.0212249755859375 0.0304393768310547 0.0240325927734375
0.0176944732666016 0.0103244781494141 0.0398979187011719 0.00297927856445313
0.0208263397216797 -0.00216484069824219 0.0377006530761719 -0.0187149047851563
0.0197200775146484 -0.0140113830566406 0.0277481079101562 -0.0279197692871094
0.0195522308349609 -0.0142345428466797 0.0176029205322266 -0.0239334106445312
0.0222721099853516 -0.0158939361572266 0.0145187377929688 -0.0163707733154297
0.0285816192626953 -0.00975990295410156 0.0138130187988281 -0.0113744735717773
0.0312175750732422 0.00652885437011719 0.00468063354492188 -0.00774908065795898
0.0254802703857422 0.0237560272216797 0.00446224212646485 -0.0111827850341797
-0.0010528564453125 0.0399169921875 0.0104598999023437 -0.0198116302490234
-0.0231437683105469 0.0440444946289063 0.0234451293945313 -0.0158290863037109
-0.039459228515625 0.0352325439453125 0.0227756500244141 -0.00103569030761719
-0.0545234680175781 0.0255661010742188 0.0315647125244141 0.0184650421142578
-0.0324974060058594 0.0379257202148438 0.00617408752441406 0.0190887451171875
-0.0145492553710938 0.0416793823242188 0.00504493713378906 0.0287723541259766
0.0141334533691406 0.0369949340820313 0.0271568298339844 0.0272998809814453
0.0287494659423828 0.0189113616943359 0.0336360931396484 0.00671958923339844
0.0341892242431641 -0.0026702880859375 0.0301742553710938 -0.0130081176757813
0.0300636291503906 -0.0189666748046875 0.020477294921875 -0.01995849609375
0.028900146484375 -0.0186214447021484 0.0109663009643555 -0.0151662826538086
0.0323657989501953 -0.0208454132080078 0.00627851486206055 -0.00798845291137695
0.0382728576660156 -0.0115547180175781 0.00504302978515625 -0.00620412826538086
0.0396766662597656 0.0101203918457031 -0.00295972824096679 -0.00542783737182617
0.0301456451416016 0.0297927856445313 -0.00076770782470703 -0.0106697082519531
-0.00426101684570313 0.0471305847167969 0.00631141662597656 -0.0166997909545898
-0.0313301086425781 0.0482025146484375 0.0165166854858398 -0.00639152526855468
-0.049163818359375 0.033966064453125 0.00796079635620117 0.00747871398925781
-0.0618629455566406 0.0180702209472656 0.0103702545166016 0.0270633697509766
-0.0449028015136719 0.0376358032226562 -0.00761222839355469 0.0294609069824219
-0.023895263671875 0.0495376586914063 -0.000766754150390628 0.0333919525146484
0.0125503540039062 0.047576904296875 0.0192089080810547 0.0291404724121094
0.0336875915527344 0.0258026123046875 0.0229721069335938 0.00912094116210938
0.0421791076660156 -0.001495361328125 0.0184288024902344 -0.00568199157714844
0.035797119140625 -0.0206146240234375 0.0106515884399414 -0.00863456726074219
0.0333423614501953 -0.0202999114990234 0.00225329399108887 -0.003753662109375
0.0379219055175781 -0.0225753784179688 -0.00300788879394531 0.0023503303527832
0.0423812866210938 -0.0123558044433594 -0.00574445724487304 0.000157833099365234
0.0427055358886719 0.0117454528808594 -0.0115585327148437 -0.00264167785644531
0.0311393737792969 0.0324745178222656 -0.00622653961181641 -0.0101127624511719
-0.00793838500976563 0.0482292175292969 0.00310420989990234 -0.0141096115112305
-0.0362930297851562 0.0461463928222656 0.0102434158325195 0.00352954864501953
-0.0532760620117188 0.0285568237304687 -0.00889205932617188 0.0153713226318359
-0.0581893920898438 0.0068359375 -0.0110988616943359 0.0316257476806641
-0.0490379333496094 0.02764892578125 -0.0216445922851563 0.0356178283691406
-0.0304222106933594 0.0445098876953125 -0.00779914855957032 0.0342960357666016
0.0066680908203125 0.0481986999511719 0.00921821594238281 0.0270462036132813
0.0313262939453125 0.0283985137939453 0.010584831237793 0.0107011795043945
0.0424766540527344 0.000583648681640625 0.00538825988769532 0.00137805938720703
0.0355224609375 -0.0182685852050781 -0.000717878341674803 0.00281691551208496
0.0328102111816406 -0.0182075500488281 -0.00651884078979492 0.00758552551269531
0.0367584228515625 -0.0211410522460938 -0.0125999450683594 0.0120668411254883
0.0406608581542969 -0.0110054016113281 -0.0163917541503906 0.00646114349365234
0.039947509765625 0.0120201110839844 -0.0204238891601562 -0.000364303588867185
0.0277976989746094 0.0318241119384766 -0.0115318298339844 -0.0101737976074219
-0.0110054016113281 0.0443382263183594 0.000873565673828125 -0.0116519927978516
-0.0383033752441406 0.0385169982910156 0.0031585693359375 0.0110149383544922
-0.0519676208496094 0.0184707641601562 -0.0261821746826172 0.0193557739257813
-0.0428504943847656 -0.0058746337890625 -0.0290641784667969 0.031585693359375
-0.0405731201171875 0.0120315551757813 -0.0328102111816406 0.0366668701171875
-0.029571533203125 0.0293006896972656 -0.0128040313720703 0.0319957733154297
-0.000682830810546872 0.0383682250976562 9.3460083007813E-05 0.0222053527832031
0.0222568511962891 0.025177001953125 -0.00106620788574219 0.00916481018066406
0.0337772369384766 0.0028076171875 -0.00789213180541992 0.00693511962890625
0.0294914245605469 -0.0134868621826172 -0.0108938217163086 0.0128669738769531
0.0269794464111328 -0.0139884948730469 -0.0143795013427734 0.0182380676269531
0.0306072235107422 -0.0161285400390625 -0.0204296112060547 0.0207500457763672
0.0341072082519531 -0.00844955444335938 -0.0259246826171875 0.0121231079101563
0.0331192016601563 0.0111808776855469 -0.0280475616455078 0.00158882141113281
0.0222282409667969 0.0275096893310547 -0.0168266296386719 -0.0106163024902344
-0.0131301879882812 0.0365142822265625 -0.00230693817138672 -0.0106267929077148
-0.0369949340820312 0.026702880859375 -0.00374317169189453 0.0159893035888672
-0.0449180603027344 0.00588226318359375 -0.0416755676269531 0.01953125
-0.0215377807617188 -0.0180988311767578 -0.0385971069335938 0.0277214050292969
-0.02569580078125 -0.00542259216308593 -0.0373077392578125 0.0334854125976563
-0.0220661163330078 0.0096435546875 -0.0141067504882812 0.0277042388916016
-0.00651359558105469 0.0214023590087891 -0.00600528717041016 0.0173816680908203
0.00967884063720703 0.0161151885986328 -0.00875473022460938 0.00843000411987305
0.0206413269042969 0.00415229797363281 -0.015934944152832 0.0111494064331055
0.0189189910888672 -0.00663566589355469 -0.0182590484619141 0.019989013671875
0.0174112319946289 -0.00796985626220703 -0.0196800231933594 0.0253009796142578
0.0203838348388672 -0.00974082946777344 -0.0268611907958984 0.0269641876220703
0.02288818359375 -0.00553131103515625 -0.0338153839111328 0.0160007476806641
0.0230236053466797 0.00770187377929688 -0.0343818664550781 0.00245285034179688
0.0152854919433594 0.0197486877441406 -0.0212154388427734 -0.0108718872070312
-0.0124168395996094 0.0252437591552734 -0.00588893890380859 -0.0106306076049805
-0.0299758911132813 0.0130844116210937 -0.0114688873291016 0.0158834457397461
-0.0321197509765625 -0.00666046142578125 -0.0541763305664063 0.0157546997070312
0.00623607635498047 0.0166339874267578 0.055084228515625 -0.0133819580078125
0.0170488357543945 -0.000214576721191406 0.0180568695068359 -0.0103492736816406
0.00461959838867188 -0.0111942291259766 0.00582790374755859 0.0112123489379883
-0.00523185729980469 -0.00922298431396484 0.0262355804443359 0.0163955688476563
-0.00964069366455078 -0.00305461883544922 0.0385589599609375 -0.00195693969726563
-0.00961112976074219 0.00418281555175781 0.03778076171875 -0.0233192443847656
-0.00606393814086914 0.00208616256713867 0.0287036895751953 -0.0336627960205078
-0.00558662414550781 -0.000336170196533204 0.0208244323730469 -0.0297660827636719
-0.00666332244873047 -0.0013737678527832 0.0196361541748047 -0.0231609344482422
-0.00323915481567383 -0.00620937347412109 0.0186557769775391 -0.0155220031738281
0.00423002243041992 -0.00865650177001953 0.0124750137329102 -0.0102910995483398
0.011322021484375 -0.00317573547363281 0.0110301971435547 -0.0139360427856445
0.0132465362548828 0.00919723510742187 0.0192985534667969 -0.0240249633789063
0.00877952575683594 0.0211353302001953 0.0361404418945313 -0.030059814453125
-0.00222587585449219 0.0248622894287109 0.0399055480957031 -0.02020263671875
-0.0150585174560547 0.0245456695556641 0.0548286437988281 -0.004364013671875
0.00334644317626953 0.0159378051757813 0.0188388824462891 -0.00310516357421875
0.00141668319702148 0.00633955001831055 0.00778484344482422 0.0153703689575195
0.0029597282409668 0.00456476211547852 0.0294361114501953 0.0193309783935547
0.00389266014099121 0.00263237953186035 0.0401344299316406 -0.00064849853515625
0.00534486770629883 0.000295162200927734 0.0390586853027344 -0.0229721069335938
0.00662851333618164 -0.00690889358520508 0.0289573669433594 -0.0334529876708984
0.00706768035888672 -0.00805568695068359 0.0197658538818359 -0.0294113159179688
0.00824642181396485 -0.00885677337646484 0.0180568695068359 -0.0223274230957031
0.0136079788208008 -0.00808238983154297 0.0177288055419922 -0.0156764984130859
0.01885986328125 -0.000246047973632813 0.0104084014892578 -0.00990009307861328
0.0184974670410156 0.0118961334228516 0.00915336608886719 -0.0125341415405273
0.00495719909667969 0.0261878967285156 0.0151042938232422 -0.0214653015136719
-0.00847053527832032 0.0342082977294922 0.0300350189208984 -0.0242538452148437
-0.0219230651855469 0.032135009765625 0.0342521667480469 -0.0123004913330078
-0.0362396240234375 0.0288429260253906 0.0467643737792969 0.0064544677734375
-0.0134372711181641 0.0302448272705078 0.0150089263916016 0.00690364837646484
-0.00475502014160156 0.0258102416992187 0.00792884826660156 0.0216789245605469
0.0106258392333984 0.0208110809326172 0.0301132202148438 0.0229625701904297
0.0176982879638672 0.00977325439453125 0.0386619567871094 0.00247573852539063
0.0207252502441406 -0.00278663635253906 0.0365524291992188 -0.019287109375
0.0189151763916016 -0.0147285461425781 0.0258617401123047 -0.0284538269042969
0.0187702178955078 -0.0152530670166016 0.0155849456787109 -0.0242576599121094
0.0211448669433594 -0.0169506072998047 0.0131235122680664 -0.016880989074707
0.0275077819824219 -0.01092529296875 0.0125617980957031 -0.0126419067382813
0.0311412811279297 0.00510597229003906 0.00450229644775391 -0.008514404296875
0.0258655548095703 0.0225925445556641 0.00473308563232422 -0.0118312835693359
0.000144958496093747 0.0390586853027344 0.0100898742675781 -0.0196056365966797
-0.0214080810546875 0.0441474914550781 0.0231418609619141 -0.0164508819580078
-0.0379142761230469 0.035797119140625 0.0227718353271484 -0.00341606140136719
-0.0530471801757813 0.0275802612304687 0.0315437316894531 0.0172061920166016
-0.0305252075195313 0.0389366149902344 0.00585556030273438 0.0185661315917969
-0.0126495361328125 0.0424728393554688 0.00509262084960938 0.0281753540039063
0.0150375366210937 0.0366172790527344 0.0265350341796875 0.0261650085449219
0.0291233062744141 0.0175743103027344 0.0328769683837891 0.00583076477050781
0.034027099609375 -0.00413703918457031 0.0292377471923828 -0.0132732391357422
0.0289421081542969 -0.0201225280761719 0.0194892883300781 -0.0203227996826172
0.0273456573486328 -0.0196971893310547 0.00946712493896484 -0.0152463912963867
0.0311565399169922 -0.0222969055175781 0.00524234771728516 -0.00839042663574219
0.0377159118652344 -0.0131187438964844 0.00426959991455078 -0.00722837448120117
0.0395393371582031 0.008270263671875 -0.00342416763305664 -0.00622272491455078
0.0307884216308594 0.02825927734375 -0.000863075256347653 -0.0105972290039062
-0.00251007080078125 0.0467185974121094 0.00549221038818359 -0.0170707702636719
-0.0292434692382813 0.048919677734375 0.0162782669067383 -0.00715255737304687
-0.0479202270507813 0.0352897644042969 0.00876855850219726 0.00597667694091797
-0.0605735778808594 0.0204696655273438 0.0106277465820313 0.0263576507568359
-0.0431976318359375 0.0389175415039062 -0.00683975219726563 0.0291099548339844
-0.0216636657714844 0.0502738952636719 -0.000854492187499999 0.0323925018310547
0.0146331787109375 0.0469131469726562 0.0186901092529297 0.027740478515625
0.034423828125 0.0238056182861328 0.0226936340332031 0.00905227661132813
0.0418853759765625 -0.003265380859375 0.0179023742675781 -0.00555610656738281
0.0344676971435547 -0.0220623016357422 0.009979248046875 -0.00895214080810547
0.0318012237548828 -0.0216045379638672 0.00176763534545899 -0.00385665893554688
0.0360260009765625 -0.023956298828125 -0.00343847274780273 0.00196242332458496
0.0412940979003906 -0.0139503479003906 -0.00607967376708984 -0.000536441802978515
0.0430412292480469 0.00977706909179688 -0.0121212005615234 -0.0026702880859375
0.0318889617919922 0.0311946868896484 -0.00682258605957031 -0.0102691650390625
-0.00580978393554688 0.0482978820800781 0.00289630889892578 -0.0137767791748047
-0.0343055725097656 0.0476722717285156 0.0102767944335937 0.00270938873291016
-0.0520706176757813 0.0296173095703125 -0.00801753997802735 0.0138988494873047
-0.0569419860839844 0.00871658325195313 -0.0102710723876953 0.0311756134033203
-0.0474357604980469 0.0291900634765625 -0.0208187103271484 0.0349521636962891
-0.0280075073242188 0.0461845397949219 -0.00729560852050782 0.0335502624511719
0.00839996337890625 0.0479965209960938 0.00902366638183594 0.0266761779785156
0.0318946838378906 0.0265712738037109 0.0104827880859375 0.0107192993164063
0.0418586730957031 -0.0011444091796875 0.0055227279663086 0.00177526473999023
0.0343303680419922 -0.0200061798095703 -0.000422239303588865 0.00260663032531738
0.0312252044677734 -0.0195941925048828 -0.00664615631103516 0.00792789459228515
0.0352401733398438 -0.0227622985839844 -0.0121450424194336 0.0117921829223633
0.0392913818359375 -0.0131034851074219 -0.0164108276367188 0.00644779205322265
0.040283203125 0.0102920532226563 -0.0202579498291016 0.000215530395507811
0.0290031433105469 0.0302791595458984 -0.0117292404174805 -0.00978851318359375
-0.008819580078125 0.0447845458984375 0.000298500061035156 -0.0115518569946289
-0.0362777709960938 0.0399627685546875 0.00348186492919922 0.0106067657470703
-0.0503044128417969 0.02008056640625 -0.0243682861328125 0.0187969207763672
-0.0428352355957031 -0.004425048828125 -0.0282783508300781 0.0319385528564453
-0.0399436950683594 0.0134773254394531 -0.0313491821289063 0.0362625122070313
-0.0281581878662109 0.0310020446777344 -0.0119438171386719 0.0312442779541016
0.00156021118164062 0.0379447937011719 -0.000234603881835938 0.0224170684814453
0.0226993560791016 0.0230674743652344 -0.000956535339355468 0.00951671600341797
0.0336284637451172 0.000885009765625 -0.00701379776000976 0.00786447525024414
0.0283012390136719 -0.0145416259765625 -0.0103425979614258 0.012782096862793
0.0256595611572266 -0.0153617858886719 -0.0135517120361328 0.0186214447021484
0.0293903350830078 -0.0175266265869141 -0.0195388793945312 0.0211811065673828
0.0328178405761719 -0.0100231170654297 -0.0253696441650391 0.0128192901611328
0.0332546234130859 0.00917816162109375 -0.0278282165527344 0.00251388549804688
0.0230159759521484 0.0263195037841797 -0.0173397064208984 -0.00996685028076172
-0.0115928649902344 0.0366668701171875 -0.00272083282470703 -0.0107650756835937
-0.0349807739257813 0.0284748077392578 -0.00322437286376953 0.0153398513793945
-0.0437965393066406 0.00742721557617188 -0.0401535034179688 0.0200843811035156
-0.0217399597167969 -0.0165615081787109 -0.0381126403808594 0.0289421081542969
-0.0254917144775391 -0.00360298156738282 -0.0359420776367188 0.0336036682128906
-0.0215015411376953 0.0111007690429688 -0.0138263702392578 0.02752685546875
-0.0054473876953125 0.021453857421875 -0.00639533996582031 0.0175371170043945
0.0105428695678711 0.0153980255126953 -0.00848770141601563 0.00895214080810547
0.0204029083251953 0.0027313232421875 -0.0149860382080078 0.0121469497680664
0.0178413391113281 -0.00704574584960938 -0.01715087890625 0.0200424194335937
0.0166635513305664 -0.00856208801269531 -0.0182571411132812 0.0255603790283203
0.0191917419433594 -0.0109996795654297 -0.0250663757324219 0.02777099609375
0.0220603942871094 -0.006683349609375 -0.0332374572753906 0.0168418884277344
0.0231723785400391 0.00670814514160156 -0.0337142944335938 0.00368881225585937
0.0154342651367188 0.0189056396484375 -0.0216598510742188 -0.0105705261230469
-0.0113773345947266 0.0254955291748047 -0.00585556030273438 -0.0106077194213867
-0.0288257598876953 0.0146694183349609 -0.0107793807983398 0.0158176422119141
-0.0310115814208984 -0.00517463684082032 -0.0529632568359375 0.0166816711425781
0.00633430480957031 0.0161495208740234 0.0555229187011719 -0.0134124755859375
0.016514778137207 -0.000545501708984375 0.0175762176513672 -0.01019287109375
0.00434684753417969 -0.0116214752197266 0.00574398040771484 0.0116472244262695
-0.0057525634765625 -0.00884532928466797 0.0262184143066406 0.0166454315185547
-0.00963306427001953 -0.00228214263916016 0.0377197265625 -0.00205230712890625
-0.00901603698730469 0.00434589385986328 0.0373344421386719 -0.0236396789550781
-0.00584602355957031 0.00266265869140625 0.0279445648193359 -0.0338897705078125
-0.00564861297607422 1.90734863281251E-05 0.0203037261962891 -0.0302257537841797
-0.00643014907836914 -0.00123882293701172 0.0184555053710938 -0.0238418579101563
-0.00336647033691406 -0.00619888305664063 0.0178756713867188 -0.0164585113525391
0.00342798233032227 -0.00852298736572266 0.0121574401855469 -0.011378288269043
0.0108699798583984 -0.00300312042236328 0.0114326477050781 -0.0143556594848633
0.0132827758789063 0.00911903381347656 0.0199375152587891 -0.0241279602050781
0.00879859924316406 0.0203227996826172 0.035858154296875 -0.0302314758300781
-0.00223731994628906 0.0241966247558594 0.0406455993652344 -0.0208663940429688
-0.0154571533203125 0.0249843597412109 0.0551681518554687 -0.00461196899414062
0.00360298156738281 0.0160503387451172 0.0186920166015625 -0.00323677062988281
0.00126314163208008 0.00672006607055664 0.0073089599609375 0.0157747268676758
0.00304651260375977 0.00508737564086914 0.0292530059814453 0.0194892883300781
0.00421524047851563 0.00286936759948731 0.0403175354003906 -0.000823974609375
0.00577497482299805 0.000547885894775391 0.0386924743652344 -0.023193359375
0.00668048858642578 -0.00672149658203125 0.0279827117919922 -0.0335006713867188
0.00697135925292969 -0.00830507278442383 0.0188579559326172 -0.0297069549560547
0.00811958312988281 -0.00955486297607422 0.0172882080078125 -0.0227565765380859
0.0135478973388672 -0.00825786590576172 0.0167207717895508 -0.0165252685546875
0.0182609558105469 -0.000734329223632813 0.0102243423461914 -0.0111188888549805
0.0187530517578125 0.0120716094970703 0.00925731658935547 -0.0131778717041016
0.00518035888671875 0.0264453887939453 0.0156898498535156 -0.0213527679443359
-0.00843238830566406 0.034332275390625 0.0301551818847656 -0.0248603820800781
-0.0221443176269531 0.0318183898925781 0.0349311828613281 -0.0136985778808594
-0.0363388061523438 0.0295639038085938 0.0469703674316406 0.00637054443359375
-0.0135326385498047 0.0302276611328125 0.0147180557250977 0.00679588317871094
-0.00443458557128906 0.0265254974365234 0.00723075866699219 0.0216445922851563
0.0110359191894531 0.0213451385498047 0.0295562744140625 0.0228805541992188
0.0181846618652344 0.009674072265625 0.0384368896484375 0.00219345092773438
0.0210552215576172 -0.00312042236328125 0.0360336303710938 -0.0197868347167969
0.0189933776855469 -0.0155487060546875 0.0250701904296875 -0.0288257598876953
0.0187873840332031 -0.0153102874755859 0.01513671875 -0.02459716796875
0.0213680267333984 -0.0174427032470703 0.0119132995605469 -0.0177516937255859
0.0275840759277344 -0.0114307403564453 0.0113725662231445 -0.0134239196777344
0.0312538146972656 0.00504684448242187 0.00398063659667969 -0.00983047485351563
0.0263710021972656 0.0221900939941406 0.00484943389892578 -0.0124387741088867
0.00109481811523438 0.0397453308105469 0.0104331970214844 -0.0195903778076172
-0.0208587646484375 0.0452079772949219 0.0228786468505859 -0.0170440673828125
-0.0375747680664062 0.0363693237304688 0.0237255096435547 -0.00470924377441406
-0.0527572631835937 0.0284309387207031 0.0316638946533203 0.0173683166503906
-0.0304069519042969 0.0391960144042969 0.00559616088867187 0.0182266235351563
-0.0122108459472656 0.0433502197265625 0.00444412231445313 0.0280208587646484
0.0160713195800781 0.0367774963378906 0.0260028839111328 0.0263118743896484
0.0297164916992187 0.0172576904296875 0.0328025817871094 0.00616836547851563
0.0342731475830078 -0.00484085083007813 0.0290241241455078 -0.0130405426025391
0.0283145904541016 -0.0210151672363281 0.0187969207763672 -0.0200271606445313
0.0269203186035156 -0.0205612182617188 0.00877666473388672 -0.0156621932983398
0.0303516387939453 -0.0233440399169922 0.00471115112304688 -0.00894355773925781
0.0372200012207031 -0.0144271850585938 0.00339078903198242 -0.00815343856811524
0.0403213500976563 0.00742721557617188 -0.00383758544921875 -0.00680160522460938
0.0313320159912109 0.0282745361328125 -0.00087451934814453 -0.0114946365356445
-0.00200271606445312 0.0477714538574219 0.00609874725341797 -0.0167884826660156
-0.0287361145019531 0.0500602722167969 0.0163984298706055 -0.00774288177490234
-0.0474777221679688 0.0358924865722656 0.0096292495727539 0.00440311431884766
-0.0605888366699219 0.0215263366699219 0.0108146667480469 0.0266551971435547
-0.0429306030273438 0.03961181640625 -0.00737762451171875 0.0288162231445313
-0.0210037231445313 0.0513954162597656 -0.00160408020019532 0.0327415466308594
0.0153732299804687 0.0469398498535156 0.0185356140136719 0.0278034210205078
0.0349178314208984 0.0237960815429688 0.0220470428466797 0.00947952270507813
0.0421943664550781 -0.00402450561523438 0.0179176330566406 -0.00524711608886719
0.0338687896728516 -0.0228290557861328 0.00957202911376953 -0.00892257690429688
0.0317173004150391 -0.0221309661865234 0.00130987167358399 -0.00399661064147949
0.0353660583496094 -0.0254478454589844 -0.00388145446777343 0.00214505195617676
0.040924072265625 -0.0154380798339844 -0.00672006607055664 -0.000591754913330079
0.0426750183105469 0.0086212158203125 -0.0125675201416016 -0.00299644470214844
0.0332012176513672 0.030670166015625 -0.00680446624755859 -0.0106334686279297
-0.00485992431640625 0.0492782592773438 0.002838134765625 -0.0142660140991211
-0.0334243774414063 0.0488128662109375 0.0105247497558594 0.00213146209716797
-0.0515861511230469 0.0307464599609375 -0.00747013092041016 0.0128679275512695
-0.0570945739746094 0.010162353515625 -0.0103092193603516 0.0317268371582031
-0.0468063354492188 0.0300102233886719 -0.0212059020996094 0.0347957611083984
-0.0271224975585938 0.0467910766601563 -0.00808334350585938 0.0331153869628906
0.00978469848632812 0.0479812622070313 0.00817298889160156 0.0267543792724609
0.0322914123535156 0.0262680053710937 0.00986671447753906 0.0110588073730469
0.0419235229492188 -0.00212478637695313 0.00568199157714844 0.00202703475952148
0.0336399078369141 -0.0209159851074219 -0.000567913055419919 0.00267481803894043
0.0307350158691406 -0.0204372406005859 -0.00650548934936523 0.00757122039794922
0.0345516204833984 -0.0240345001220703 -0.0122404098510742 0.012542724609375
0.0394401550292969 -0.0141754150390625 -0.016972541809082 0.00603866577148437
0.0408210754394531 0.00942611694335938 -0.0208721160888672 0.000150680541992188
0.0294475555419922 0.0295085906982422 -0.0122251510620117 -0.00965690612792969
-0.00787353515625 0.0453224182128906 -2.86102294921936E-06 -0.0115728378295898
-0.0358314514160156 0.0412025451660156 0.00341320037841797 0.00989437103271484
-0.05010986328125 0.0205764770507812 -0.0242805480957031 0.017791748046875
-0.0425872802734375 -0.00319290161132813 -0.02874755859375 0.0324649810791016
-0.03997802734375 0.0145683288574219 -0.0319595336914063 0.0359992980957031
-0.0270519256591797 0.0318183898925781 -0.0129528045654297 0.0311260223388672
0.00221633911132812 0.0387306213378906 -0.000707626342773439 0.0223560333251953
0.0233173370361328 0.0230751037597656 -0.00144863128662109 0.0106868743896484
0.0340938568115234 0.000341415405273438 -0.00643157958984375 0.00835180282592773
0.0279521942138672 -0.0152416229248047 -0.00998020172119141 0.0132665634155273
0.0249347686767578 -0.0157794952392578 -0.0131340026855469 0.0184307098388672
0.0287361145019531 -0.0183944702148437 -0.0193920135498047 0.0218276977539063
0.0325164794921875 -0.0109996795654297 -0.0261802673339844 0.0131187438964844
0.0333061218261719 0.00861930847167969 -0.0283088684082031 0.002777099609375
0.0235462188720703 0.0255527496337891 -0.0173168182373047 -0.00968265533447265
-0.0106735229492188 0.0371932983398438 -0.002471923828125 -0.0103750228881836
-0.0342979431152344 0.0289745330810547 -0.00300216674804688 0.0147905349731445
-0.0436477661132812 0.00762939453125 -0.0402565002441406 0.0194892883300781
-0.0221996307373047 -0.0158481597900391 -0.0383262634277344 0.0293655395507813
-0.0253524780273438 -0.0023956298828125 -0.0362358093261719 0.0338134765625
-0.0210552215576172 0.0120506286621094 -0.0146408081054688 0.0269489288330078
-0.00470352172851563 0.0215873718261719 -0.00720405578613281 0.0179710388183594
0.0105438232421875 0.0150022506713867 -0.00845909118652344 0.00964450836181641
0.0202751159667969 0.00205612182617187 -0.0140352249145508 0.0130100250244141
0.0175495147705078 -0.00757980346679688 -0.0162563323974609 0.0206375122070313
0.0158729553222656 -0.00900363922119141 -0.0177440643310547 0.0257968902587891
0.0187625885009766 -0.0113239288330078 -0.0247135162353516 0.0282783508300781
0.0219211578369141 -0.0074310302734375 -0.0332431793212891 0.0170707702636719
0.0233650207519531 0.00610160827636719 -0.0339889526367188 0.00419807434082032
0.0160999298095703 0.01885986328125 -0.0220069885253906 -0.0102100372314453
-0.0108451843261719 0.0260353088378906 -0.00603389739990235 -0.0109014511108398
-0.0283489227294922 0.0151214599609375 -0.0101966857910156 0.0156717300415039
-0.0311679840087891 -0.00515365600585937 -0.0528564453125 0.0165557861328125
0.00668716430664063 0.0165472030639648 0.0569801330566406 -0.0144538879394531
0.0164203643798828 -0.000616073608398438 0.0182762145996094 -0.0105228424072266
0.00396728515625 -0.0119457244873047 0.00570297241210937 0.0123319625854492
-0.00586795806884766 -0.00919437408447265 0.0268058776855469 0.0170269012451172
-0.00987625122070313 -0.00175285339355469 0.0393028259277344 -0.00247573852539062
-0.0087742805480957 0.00430202484130859 0.0377960205078125 -0.0244789123535156
-0.00541305541992188 0.00254011154174805 0.0280628204345703 -0.0348167419433594
-0.00554609298706055 0.000216960906982423 0.0201129913330078 -0.0312118530273438
-0.00647401809692383 -0.000739574432373048 0.0180168151855469 -0.0247364044189453
-0.00327539443969727 -0.00604820251464844 0.0173635482788086 -0.0171985626220703
0.00333261489868164 -0.00816631317138672 0.0127601623535156 -0.0118398666381836
0.0111274719238281 -0.00317668914794922 0.012364387512207 -0.0156002044677734
0.0134906768798828 0.00899696350097656 0.0209388732910156 -0.0243129730224609
0.00886154174804687 0.0204544067382813 0.0369987487792969 -0.0310783386230469
-0.00230979919433594 0.0247554779052734 0.0423851013183594 -0.0227432250976563
-0.0155315399169922 0.0254421234130859 0.0572280883789063 -0.00476455688476562
0.00360393524169922 0.0165128707885742 0.0191001892089844 -0.00318336486816406
0.00130939483642578 0.00711679458618164 0.00761032104492188 0.0160064697265625
0.00301885604858398 0.00511884689331055 0.0296401977539062 0.0199069976806641
0.00420713424682617 0.00291633605957031 0.0407142639160156 -0.000988006591796875
0.00637054443359375 0.000385284423828125 0.0389404296875 -0.0240516662597656
0.00690937042236328 -0.00716733932495117 0.0282192230224609 -0.0349235534667969
0.00720834732055664 -0.00854015350341797 0.0185756683349609 -0.0305976867675781
0.00836277008056641 -0.00984668731689453 0.0167102813720703 -0.0235595703125
0.0134096145629883 -0.00850105285644531 0.0162601470947266 -0.0176506042480469
0.0191364288330078 -0.000261306762695313 0.0107040405273438 -0.012263298034668
0.0189800262451172 0.0122699737548828 0.0105266571044922 -0.0140867233276367
0.00550270080566407 0.0268344879150391 0.0160732269287109 -0.0220870971679688
-0.0080718994140625 0.0351276397705078 0.0308818817138672 -0.0257797241210937
-0.0228233337402344 0.0326766967773438 0.0364265441894531 -0.0152816772460937
-0.0369796752929687 0.0304450988769531 0.0485610961914063 0.00598526000976563
-0.0135211944580078 0.0315914154052734 0.014862060546875 0.00729942321777344
-0.00399589538574219 0.0273666381835938 0.00704002380371094 0.0223522186279297
0.0116863250732422 0.0218410491943359 0.0301570892333984 0.02337646484375
0.0185661315917969 0.0097503662109375 0.0389251708984375 0.00247955322265625
0.0221595764160156 -0.00319099426269531 0.0364112854003906 -0.0201301574707031
0.0191326141357422 -0.0158500671386719 0.0252799987792969 -0.0302639007568359
0.0187816619873047 -0.0158920288085938 0.0146656036376953 -0.0250835418701172
0.0213527679443359 -0.0185813903808594 0.0115547180175781 -0.0187454223632812
0.0282325744628906 -0.0123691558837891 0.0105953216552734 -0.0150108337402344
0.0323047637939453 0.0047607421875 0.00350093841552735 -0.0106534957885742
0.0270671844482422 0.0229282379150391 0.00523185729980469 -0.0135707855224609
0.000980377197265623 0.0412826538085938 0.0106868743896484 -0.0199012756347656
-0.0209465026855469 0.0465278625488281 0.02349853515625 -0.0178604125976562
-0.0386810302734375 0.0370063781738281 0.0247898101806641 -0.00615119934082031
-0.0542144775390625 0.0297813415527344 0.0324363708496094 0.0178661346435547
-0.0308837890625 0.0408821105957031 0.00534439086914063 0.0184726715087891
-0.0117912292480469 0.0454559326171875 0.00374603271484375 0.0286712646484375
0.0170021057128906 0.0374717712402344 0.0265750885009766 0.0276565551757813
0.0307826995849609 0.0175380706787109 0.0329704284667969 0.00671577453613281
0.0357017517089844 -0.0054168701171875 0.0298385620117188 -0.0133895874023438
0.0284557342529297 -0.0216140747070312 0.0190048217773438 -0.0210819244384766
0.0273017883300781 -0.0216846466064453 0.00842666625976563 -0.0159082412719727
0.0306301116943359 -0.0247077941894531 0.00435924530029297 -0.00931358337402344
0.03802490234375 -0.0155525207519531 0.00221061706542969 -0.00901317596435547
0.0414810180664063 0.006805419921875 -0.00423669815063476 -0.00784492492675781
0.03314208984375 0.0285053253173828 -0.000659942626953123 -0.0120296478271484
-0.0012359619140625 0.0494575500488281 0.00628089904785156 -0.0175561904907226
-0.0288543701171875 0.0523414611816406 0.0170116424560547 -0.00899887084960937
-0.0488510131835937 0.0367355346679688 0.00985145568847656 0.00310516357421875
-0.061798095703125 0.0227241516113281 0.0105953216552734 0.0270671844482422
-0.0445327758789063 0.0412063598632813 -0.00826835632324219 0.0291080474853516
-0.0209388732910156 0.0534934997558594 -0.00262641906738282 0.0332717895507812
0.0167312622070313 0.0484352111816406 0.0183162689208984 0.0292644500732422
0.0361213684082031 0.0239219665527344 0.0224380493164063 0.0106716156005859
0.0433883666992188 -0.00499725341796875 0.0181407928466797 -0.00539207458496094
0.0347652435302734 -0.0234336853027344 0.00977897644042969 -0.00922393798828125
0.0314750671386719 -0.0235404968261719 0.000693798065185549 -0.0039670467376709
0.0355606079101563 -0.026763916015625 -0.00397777557373047 0.00205636024475098
0.0417556762695313 -0.0166168212890625 -0.0078883171081543 -0.00146865844726563
0.0445594787597656 0.00818252563476562 -0.0137529373168945 -0.00393199920654297
0.0343456268310547 0.0312309265136719 -0.00657939910888672 -0.010711669921875
-0.00413131713867187 0.0513343811035156 0.00289535522460937 -0.0144767761230469
-0.0334396362304688 0.051422119140625 0.0104789733886719 0.00122642517089844
-0.0530738830566406 0.0314178466796875 -0.00728797912597657 0.0120277404785156
-0.0590362548828125 0.0113792419433594 -0.0107841491699219 0.0331878662109375
-0.0478515625 0.031646728515625 -0.0217781066894531 0.035491943359375
-0.0273017883300781 0.0492286682128906 -0.00904273986816407 0.0337963104248047
0.0109100341796875 0.0498695373535156 0.00733566284179687 0.0270881652832031
0.0337467193603516 0.026458740234375 0.0100908279418945 0.0120706558227539
0.0430870056152344 -0.00286865234375 0.00592184066772461 0.00272130966186523
0.0338764190673828 -0.0219306945800781 -0.000629663467407224 0.00287032127380371
0.0311145782470703 -0.0214443206787109 -0.00728178024291992 0.00787925720214844
0.0349750518798828 -0.0251598358154297 -0.0124921798706055 0.012974739074707
0.0400009155273438 -0.0157241821289063 -0.0178680419921875 0.00615692138671875
0.0420341491699219 0.00839614868164063 -0.0219345092773437 -4.76837158203125E-05
0.0308303833007813 0.0297565460205078 -0.0125551223754883 -0.0103416442871094
-0.00745010375976563 0.0475273132324219 -1.04904174804681E-05 -0.0121450424194336
-0.0356483459472656 0.0434112548828125 0.00379085540771484 0.00954437255859375
-0.051544189453125 0.0219688415527344 -0.0246601104736328 0.0173397064208984
-0.0440597534179687 -0.00162506103515626 -0.0299701690673828 0.0336494445800781
-0.0408401489257813 0.0160751342773438 -0.0332298278808594 0.037078857421875
-0.0272636413574219 0.0334377288818359 -0.0139446258544922 0.0310554504394531
0.00310134887695313 0.0392951965332031 -0.00145530700683594 0.0228691101074219
0.0244693756103516 0.0234050750732422 -0.001678466796875 0.0109081268310547
0.0348167419433594 -0.000530242919921875 -0.00680446624755859 0.00928592681884766
0.0280914306640625 -0.0162258148193359 -0.0100889205932617 0.014068603515625
0.0252723693847656 -0.0168800354003906 -0.0134181976318359 0.0188159942626953
0.0289039611816406 -0.0197200775146484 -0.0198116302490234 0.0225658416748047
0.0333480834960938 -0.0122489929199219 -0.0264873504638672 0.0132999420166016
0.0345745086669922 0.00787925720214844 -0.0294857025146484 0.00310707092285157
0.0246181488037109 0.0256843566894531 -0.0181598663330078 -0.0100994110107422
-0.010406494140625 0.0388908386230469 -0.00299167633056641 -0.0115461349487305
-0.0343990325927734 0.0312576293945312 -0.00294876098632813 0.0145368576049805
-0.044036865234375 0.00909042358398438 -0.0413360595703125 0.0194053649902344
-0.0226402282714844 -0.0157394409179687 -0.0398139953613281 0.0305862426757813
-0.0260963439941406 -0.00200462341308594 -0.0376777648925781 0.0344772338867188
-0.0211448669433594 0.0130710601806641 -0.0158462524414063 0.0272560119628906
-0.003875732421875 0.0225563049316406 -0.00811958312988281 0.0187110900878906
0.0115280151367188 0.014887809753418 -0.00937843322753906 0.0108642578125
0.0203018188476563 0.0012969970703125 -0.0140628814697266 0.0139732360839844
0.0179100036621094 -0.00860023498535156 -0.0167007446289062 0.0217132568359375
0.0164127349853516 -0.00992107391357422 -0.0177764892578125 0.0264816284179687
0.0188484191894531 -0.0122547149658203 -0.024932861328125 0.0291919708251953
0.0219249725341797 -0.00785064697265625 -0.0336208343505859 0.0182628631591797
0.0237102508544922 0.00568199157714844 -0.0349197387695313 0.00470352172851562
0.016387939453125 0.0185222625732422 -0.0227127075195313 -0.0109710693359375
-0.0110740661621094 0.026519775390625 -0.00607109069824219 -0.0112600326538086
-0.0282421112060547 0.0161018371582031 -0.0104503631591797 0.0156402587890625
-0.0315284729003906 -0.00482940673828125 -0.0539474487304688 0.0168190002441406
0.00720596313476562 0.0168981552124023 0.0595970153808594 -0.0160446166992187
0.0174283981323242 -0.000857353210449219 0.0185413360595703 -0.0112972259521484
0.00335216522216797 -0.012303352355957 0.00638771057128906 0.0130014419555664
-0.00652408599853516 -0.0091552734375 0.0285415649414063 0.0173454284667969
-0.0101318359375 -0.00210285186767578 0.040435791015625 -0.00302886962890625
-0.00887870788574219 0.00557804107666016 0.03839111328125 -0.0263900756835938
-0.00582599639892578 0.00265407562255859 0.0280532836914063 -0.0373458862304688
-0.00586414337158203 -2.57492065429686E-05 0.0193805694580078 -0.0334529876708984
-0.00679111480712891 -0.000859737396240234 0.0180568695068359 -0.026611328125
-0.00394105911254883 -0.00574398040771484 0.0177478790283203 -0.0191078186035156
0.00321435928344727 -0.00875425338745117 0.0131359100341797 -0.0143909454345703
0.0106134414672852 -0.00357437133789062 0.0135211944580078 -0.0169992446899414
0.0141458511352539 0.00885963439941406 0.021881103515625 -0.0253715515136719
0.00991058349609375 0.0211524963378906 0.0380096435546875 -0.0331230163574219
-0.00163459777832031 0.0256671905517578 0.0445785522460938 -0.02545166015625
-0.0155830383300781 0.0271224975585938 0.0597763061523438 -0.00675582885742187
0.00382614135742188 0.0173959732055664 0.0199337005615234 -0.00359725952148437
0.00145435333251953 0.00789880752563477 0.00726413726806641 0.0168075561523438
0.00366353988647461 0.00566244125366211 0.0315208435058594 0.0202522277832031
0.00448036193847656 0.00329971313476562 0.0425148010253906 -0.00147247314453125
0.00696754455566406 0.000100612640380859 0.0404930114746094 -0.0263137817382812
0.00723409652709961 -0.00777339935302734 0.028472900390625 -0.0373420715332031
0.00707244873046875 -0.00971126556396485 0.0180816650390625 -0.0324592590332031
0.00885391235351563 -0.0110015869140625 0.0163059234619141 -0.0254383087158203
0.014369010925293 -0.00950813293457031 0.0164585113525391 -0.0196437835693359
0.0197620391845703 -0.000883102416992188 0.0104618072509766 -0.0139894485473633
0.0195465087890625 0.0125350952148438 0.0112323760986328 -0.0157794952392578
0.00627899169921875 0.0281238555908203 0.0170383453369141 -0.02337646484375
-0.00815963745117187 0.0372352600097656 0.0319957733154297 -0.0279483795166016
-0.0234165191650391 0.0345287322998047 0.038726806640625 -0.0181121826171875
-0.0382728576660156 0.0334815979003906 0.0514907836914063 0.00513839721679688
-0.0132694244384766 0.0336952209472656 0.015106201171875 0.00662326812744141
-0.003387451171875 0.0295143127441406 0.00744056701660157 0.0229034423828125
0.0130691528320313 0.0224800109863281 0.0318508148193359 0.0242118835449219
0.0197963714599609 0.0103302001953125 0.0408592224121094 0.00196075439453125
0.0234622955322266 -0.00464630126953125 0.037322998046875 -0.0220603942871094
0.0195865631103516 -0.0174465179443359 0.0252532958984375 -0.0320262908935547
0.0185470581054688 -0.0176029205322266 0.0143203735351563 -0.0270729064941406
0.0221614837646484 -0.020355224609375 0.0108699798583984 -0.0197353363037109
0.0294437408447266 -0.0136585235595703 0.0101375579833984 -0.0166444778442383
0.0341644287109375 0.00351142883300781 0.0031585693359375 -0.0124778747558594
0.0291957855224609 0.0233821868896484 0.00586605072021485 -0.0147886276245117
0.00230026245117187 0.0433464050292969 0.0117435455322266 -0.0211544036865234
-0.0203781127929688 0.0497398376464844 0.0240612030029297 -0.019989013671875
-0.0398368835449219 0.0394859313964844 0.0263385772705078 -0.00827598571777344
-0.0559272766113281 0.0329933166503906 0.0347156524658203 0.0180149078369141
-0.0311126708984375 0.0437049865722656 0.00562477111816406 0.0189228057861328
-0.0108795166015625 0.0481338500976563 0.00366401672363281 0.0298519134521484
0.019134521484375 0.0388374328613281 0.0274906158447266 0.028106689453125
0.0330905914306641 0.0172576904296875 0.0342464447021484 0.00671577453613281
0.0376625061035156 -0.00695037841796875 0.0303001403808594 -0.0149784088134766
0.0292797088623047 -0.0240650177001953 0.0187644958496094 -0.0228462219238281
0.0273151397705078 -0.0233173370361328 0.00827598571777344 -0.0170679092407227
0.0317611694335938 -0.0270748138427734 0.00377750396728516 -0.00971508026123047
0.0391616821289063 -0.0172920227050781 0.00127029418945313 -0.0105094909667969
0.0432777404785156 0.00554656982421875 -0.00498294830322265 -0.0087122917175293
0.0355224609375 0.0289039611816406 -0.000646591186523436 -0.0128688812255859
0.000610351562499998 0.0522384643554688 0.00695991516113281 -0.0185050964355469
-0.0282821655273438 0.0563735961914062 0.0174446105957031 -0.010228157043457
-0.0501174926757813 0.0401840209960938 0.0108518600463867 0.00179100036621094
-0.0643310546875 0.026275634765625 0.0123329162597656 0.0281982421875
-0.0447273254394531 0.0447921752929687 -0.008087158203125 0.0302581787109375
-0.0193252563476563 0.05682373046875 -0.00254249572753906 0.0343914031982422
0.0192451477050781 0.0508079528808594 0.0188388824462891 0.0301227569580078
0.0393295288085938 0.02362060546875 0.0235023498535156 0.0103492736816406
0.0454902648925781 -0.00696182250976563 0.0197219848632813 -0.005767822265625
0.0351943969726563 -0.0260848999023438 0.0096578598022461 -0.0103588104248047
0.0321083068847656 -0.0257320404052734 0.000359296798706056 -0.00397968292236328
0.0361366271972656 -0.0299835205078125 -0.00466394424438476 0.00162792205810547
0.0431022644042969 -0.0196609497070312 -0.00894069671630859 -0.0019073486328125
0.0472640991210938 0.00690460205078125 -0.0145082473754883 -0.00415325164794922
0.0374221801757813 0.0310745239257813 -0.0075531005859375 -0.0115470886230469
-0.00198745727539063 0.0540809631347656 0.00361919403076172 -0.0154895782470703
-0.0332107543945312 0.0548553466796875 0.011631965637207 0.000891685485839847
-0.05426025390625 0.0346527099609375 -0.00696563720703125 0.0115213394165039
-0.0612030029296875 0.0139427185058594 -0.0111274719238281 0.0350551605224609
-0.0492897033691406 0.0348014831542969 -0.0227317810058594 0.0371170043945312
-0.0267181396484375 0.0525550842285156 -0.00995254516601563 0.0354843139648438
0.0133705139160156 0.0518608093261719 0.0081634521484375 0.0285224914550781
0.0361976623535156 0.0266647338867187 0.0107021331787109 0.0125951766967773
0.0453834533691406 -0.00501251220703125 0.00629329681396485 0.00285530090332031
0.0347957611083984 -0.0245151519775391 -0.000988245010375974 0.00287008285522461
0.0315761566162109 -0.0238418579101563 -0.00739622116088867 0.00849819183349609
0.0352554321289063 -0.028076171875 -0.0129537582397461 0.0136919021606445
0.0413322448730469 -0.0183601379394531 -0.0188350677490234 0.00656318664550781
0.0445671081542969 0.0071868896484375 -0.0230426788330078 0.000345230102539066
0.0338115692138672 0.0299739837646484 -0.0135488510131836 -0.0101394653320312
-0.0058441162109375 0.0499114990234375 0.000120162963867186 -0.0126781463623047
-0.0355186462402344 0.0469017028808594 0.00448417663574219 0.00913143157958985
-0.0528488159179688 0.0239524841308594 -0.0253639221191406 0.0178184509277344
-0.0461883544921875 -0.000183105468749999 -0.0305404663085938 0.0361175537109375
-0.0421295166015625 0.0185737609863281 -0.0345344543457031 0.0391654968261719
-0.0269203186035156 0.0363540649414063 -0.015289306640625 0.0330657958984375
0.00468826293945313 0.0416145324707031 -0.00169181823730469 0.0238857269287109
0.0263710021972656 0.0231609344482422 -0.00152206420898437 0.0124168395996094
0.0373077392578125 -0.002197265625 -0.00597667694091797 0.0097808837890625
0.0286006927490234 -0.0182762145996094 -0.010106086730957 0.0146446228027344
0.0255489349365234 -0.0188426971435547 -0.0137577056884766 0.0200634002685547
0.0292377471923828 -0.0218505859375 -0.0196285247802734 0.0243301391601562
0.0338897705078125 -0.0145740509033203 -0.0279674530029297 0.0145149230957031
0.0368003845214844 0.00657272338867188 -0.0312633514404297 0.00373077392578125
0.0267391204833984 0.0257358551025391 -0.0197372436523438 -0.0100021362304687
-0.00937652587890625 0.04119873046875 -0.00296688079833985 -0.0119094848632812
-0.0343418121337891 0.0335044860839844 -0.00261306762695313 0.0146598815917969
-0.0456581115722656 0.00979232788085938 -0.04266357421875 0.0209579467773438
-0.0235347747802734 -0.0149726867675781 -0.0420265197753906 0.0340309143066406
-0.0277042388916016 -0.00126075744628906 -0.0392684936523438 0.0367393493652344
-0.0219497680664063 0.0141181945800781 -0.0165615081787109 0.0282497406005859
-0.00273323059082031 0.0241451263427734 -0.00866127014160156 0.0200595855712891
0.0122470855712891 0.0155248641967773 -0.00952911376953125 0.0118465423583984
0.0218448638916016 0.00110054016113281 -0.0141029357910156 0.0150270462036133
0.0177135467529297 -0.00933456420898437 -0.0161647796630859 0.0228748321533203
0.0162267684936523 -0.0111064910888672 -0.0183010101318359 0.0282783508300781
0.0193881988525391 -0.0137672424316406 -0.025177001953125 0.0311660766601563
0.0226879119873047 -0.00970458984375 -0.0351715087890625 0.0200386047363281
0.0252151489257813 0.00503921508789063 -0.0367355346679688 0.00516128540039063
0.0180702209472656 0.0185108184814453 -0.0243034362792969 -0.0105609893798828
-0.0102291107177734 0.0286788940429688 -0.00637531280517578 -0.0117826461791992
-0.0284099578857422 0.0180130004882813 -0.0105400085449219 0.0161581039428711
-0.0325698852539063 -0.00445365905761719 -0.0561027526855469 0.0186920166015625
0.00852489471435547 0.0172214508056641 0.0617446899414063 -0.0199699401855469
0.0178394317626953 -0.0014190673828125 0.0192413330078125 -0.0125789642333984
0.00319099426269531 -0.01300048828125 0.00676059722900391 0.0133152008056641
-0.00781106948852539 -0.00877141952514648 0.0305805206298828 0.0171184539794922
-0.0108985900878906 -0.00116443634033203 0.0423507690429687 -0.00532913208007812
-0.00874662399291992 0.00575065612792969 0.0385780334472656 -0.0296516418457031
-0.00520563125610352 0.00325632095336914 0.0272293090820313 -0.0406494140625
-0.00605106353759766 0.000930786132812499 0.0184745788574219 -0.0358428955078125
-0.0066370964050293 -0.00030231475830078 0.0170612335205078 -0.0286674499511719
-0.00403833389282227 -0.00557756423950195 0.0168685913085938 -0.0212020874023438
0.00252008438110352 -0.00851631164550781 0.0130481719970703 -0.0166254043579102
0.0108757019042969 -0.00428390502929688 0.0137271881103516 -0.0189018249511719
0.0150146484375 0.00786304473876953 0.0220527648925781 -0.0274944305419922
0.0111980438232422 0.0210342407226563 0.0381355285644531 -0.0368614196777344
-0.000373840332031253 0.0264167785644531 0.0458946228027344 -0.0295600891113281
-0.0148544311523437 0.0292987823486328 0.0620841979980469 -0.00981903076171875
0.0046844482421875 0.0179615020751953 0.0205726623535156 -0.0049591064453125
0.00216770172119141 0.00850772857666016 0.00859642028808594 0.0176811218261719
0.00415945053100586 0.00577259063720703 0.0339527130126953 0.0198974609375
0.00558900833129883 0.00317144393920898 0.043914794921875 -0.0034332275390625
0.00786972045898437 -0.000664710998535156 0.0401992797851563 -0.0291099548339844
0.00737190246582031 -0.00893402099609375 0.027252197265625 -0.0402259826660156
0.00649833679199219 -0.0100841522216797 0.0166053771972656 -0.0347976684570313
0.00810718536376953 -0.0120258331298828 0.014984130859375 -0.0278053283691406
0.0146427154541016 -0.0107393264770508 0.0149059295654297 -0.0218677520751953
0.020416259765625 -0.00174331665039062 0.00983619689941407 -0.0159416198730469
0.0219135284423828 0.0120868682861328 0.011138916015625 -0.0177421569824219
0.00798416137695313 0.0291557312011719 0.0171260833740234 -0.0247669219970703
-0.00625228881835938 0.0391921997070313 0.0319023132324219 -0.0306339263916016
-0.0225715637207031 0.0371055603027344 0.0402069091796875 -0.0218124389648437
-0.0382232666015625 0.03668212890625 0.0540390014648437 0.00297927856445313
-0.0121116638183594 0.0360145568847656 0.0161199569702148 0.00611305236816406
-0.00159835815429688 0.0314121246337891 0.00789451599121094 0.0238113403320313
0.0150508880615234 0.022979736328125 0.0340747833251953 0.0242538452148438
0.0217838287353516 0.00919532775878906 0.0423393249511719 0.000469207763671876
0.0246257781982422 -0.00676155090332031 0.038177490234375 -0.02471923828125
0.0195789337158203 -0.0195121765136719 0.0240898132324219 -0.0346927642822266
0.0186004638671875 -0.0197696685791016 0.0127067565917969 -0.0287227630615234
0.0212860107421875 -0.0227622985839844 0.0100650787353516 -0.0209369659423828
0.029571533203125 -0.0166034698486328 0.00892448425292969 -0.0182056427001953
0.0358734130859375 0.00241470336914063 0.00279331207275391 -0.0139150619506836
0.0318031311035156 0.0228481292724609 0.00595855712890625 -0.0161733627319336
0.00510025024414063 0.0450820922851563 0.0115070343017578 -0.0225391387939453
-0.0183601379394531 0.0529823303222656 0.0245189666748047 -0.0223789215087891
-0.0396156311035156 0.0435218811035156 0.0275001525878906 -0.0112171173095703
-0.0563697814941406 0.0376968383789063 0.0372657775878906 0.0167732238769531
-0.0298919677734375 0.04754638671875 0.00655937194824219 0.0194492340087891
-0.00807952880859375 0.0511016845703125 0.00475311279296875 0.0310516357421875
0.0225372314453125 0.0399360656738281 0.0295639038085938 0.0286426544189453
0.0353050231933594 0.0161972045898438 0.0360679626464844 0.005279541015625
0.038909912109375 -0.0101699829101562 0.0310440063476563 -0.0169239044189453
0.0293540954589844 -0.0269393920898438 0.0178585052490234 -0.0245838165283203
0.0274295806884766 -0.0263252258300781 0.00725364685058594 -0.0178680419921875
0.0310611724853516 -0.0304641723632812 0.00304412841796875 -0.0106620788574219
0.0392112731933594 -0.0214805603027344 -8.58306884765342E-06 -0.0112552642822266
0.046142578125 0.00309371948242187 -0.00629901885986328 -0.00934600830078125
0.0394744873046875 0.0282783508300781 -0.000846862792968748 -0.0144519805908203
0.00387191772460937 0.0545234680175781 0.00654983520507813 -0.0197486877441406
-0.025848388671875 0.0602798461914063 0.0172443389892578 -0.0118017196655273
-0.0504531860351563 0.0447273254394531 0.0115337371826172 0.000224113464355471
-0.0659751892089844 0.0312309265136719 0.0138225555419922 0.0292739868164063
-0.0438690185546875 0.049346923828125 -0.00752067565917969 0.0318260192871094
-0.0171928405761719 0.061004638671875 -0.0023040771484375 0.0359725952148438
0.023895263671875 0.0515174865722656 0.0212287902832031 0.0308055877685547
0.0421028137207031 0.0224952697753906 0.0250034332275391 0.0103931427001953
0.0472488403320313 -0.0102882385253906 0.020477294921875 -0.00673675537109375
0.0346851348876953 -0.0294342041015625 0.00943374633789063 -0.010828971862793
0.0318050384521484 -0.0289230346679687 -0.000162601470947263 -0.00486564636230469
0.0358505249023438 -0.0340309143066406 -0.00492763519287109 0.00235414505004883
0.0436859130859375 -0.0232429504394531 -0.00975799560546875 -0.00169467926025391
0.0498466491699219 0.00379180908203125 -0.0157976150512695 -0.00387954711914063
0.0411605834960938 0.0301628112792969 -0.00759696960449218 -0.0123262405395508
0.00157165527343751 0.0567436218261719 0.002685546875 -0.0165863037109375
-0.0305747985839844 0.0597648620605469 0.0116720199584961 -0.000481605529785153
-0.0549468994140625 0.039459228515625 -0.00683879852294922 0.0110569000244141
-0.0633659362792969 0.0184707641601563 -0.0096435546875 0.0375022888183594
-0.0494422912597656 0.0389137268066406 -0.0222625732421875 0.0393905639648437
-0.0247116088867187 0.0568084716796875 -0.00950622558593751 0.0369796752929688
0.0176010131835938 0.0531654357910156 0.00883102416992188 0.0296096801757813
0.0397109985351563 0.0259017944335938 0.0114336013793945 0.0133037567138672
0.0475273132324219 -0.00836181640625 0.00723600387573242 0.00345134735107422
0.0347576141357422 -0.0275993347167969 -0.000473022460937498 0.00320148468017578
0.0308704376220703 -0.0269355773925781 -0.0069589614868164 0.00890254974365234
0.0345897674560547 -0.0317630767822266 -0.0128650665283203 0.0152873992919922
0.0414085388183594 -0.0220184326171875 -0.020111083984375 0.00801467895507813
0.0469093322753906 0.00452804565429688 -0.0246429443359375 0.00130081176757813
0.0371665954589844 0.0292472839355469 -0.0144004821777344 -0.010502815246582
-0.00267410278320313 0.0531158447265625 -0.000250816345214843 -0.0131072998046875
-0.0342559814453125 0.0515060424804688 0.00517082214355468 0.0089254379272461
-0.0544395446777344 0.0282669067382813 -0.0253334045410156 0.0190620422363281
-0.0484085083007813 0.00267791748046874 -0.0308990478515625 0.0401992797851563
-0.0432052612304687 0.0213623046875 -0.0342292785644531 0.0423965454101563
-0.0256004333496094 0.0397300720214844 -0.0145816802978516 0.0348129272460938
0.00826644897460937 0.0432929992675781 -0.00143623352050781 0.0262317657470703
0.0290241241455078 0.0227279663085938 -0.00113773345947266 0.0137434005737305
0.0380783081054687 -0.00486373901367187 -0.00510025024414062 0.0114297866821289
0.0284805297851563 -0.0209579467773438 -0.00965404510498047 0.015803337097168
0.0255794525146484 -0.0207996368408203 -0.0131549835205078 0.0215187072753906
0.0287456512451172 -0.025390625 -0.0192241668701172 0.0258769989013672
0.0339603424072266 -0.0174407958984375 -0.0286960601806641 0.0167961120605469
0.0392227172851562 0.00484085083007812 -0.0321216583251953 0.00550460815429687
0.0294704437255859 0.0256919860839844 -0.0205097198486328 -0.00998497009277343
-0.006866455078125 0.0437049865722656 -0.00319004058837891 -0.0120973587036133
-0.0332794189453125 0.0374565124511719 -0.00158214569091797 0.0150871276855469
-0.0467376708984375 0.0130081176757813 -0.0430183410644531 0.02313232421875
-0.0260639190673828 -0.0141334533691406 -0.0422515869140625 0.0378646850585938
-0.0289173126220703 0.000785827636718754 -0.0395393371582031 0.0407333374023438
-0.0215530395507812 0.0163898468017578 -0.0169849395751953 0.030029296875
-0.00106620788574218 0.0250396728515625 -0.00856971740722656 0.0218181610107422
0.0140762329101563 0.0146989822387695 -0.00907516479492187 0.0135507583618164
0.0227031707763672 -0.000947952270507813 -0.0135269165039062 0.0170783996582031
0.0178031921386719 -0.0108737945556641 -0.0155754089355469 0.0243816375732422
0.0161886215209961 -0.0123710632324219 -0.0170974731445312 0.0300579071044922
0.0188655853271484 -0.0153980255126953 -0.0246047973632813 0.0337562561035156
0.0225849151611328 -0.0113639831542969 -0.03582763671875 0.0228767395019531
0.02667236328125 0.00331878662109375 -0.03802490234375 0.0081329345703125
0.0200023651123047 0.0184421539306641 -0.0257415771484375 -0.00989723205566406
-0.00874137878417969 0.0304603576660156 -0.00693511962890625 -0.0124187469482422
-0.0284881591796875 0.0204200744628906 -0.00967121124267578 0.0166854858398438
-0.0338706970214844 -0.00331878662109376 -0.0577850341796875 0.0219955444335938
0.00966644287109375 0.0165128707885742 0.0618476867675781 -0.0250320434570312
0.0177536010742188 -0.00254249572753906 0.0180377960205078 -0.0147132873535156
0.00185871124267578 -0.012730598449707 0.00777149200439453 0.0127792358398438
-0.00863265991210937 -0.00813007354736328 0.0320415496826172 0.0157394409179688
-0.0105161666870117 0.000348091125488281 0.0422821044921875 -0.00765228271484375
-0.00803232192993164 0.0062103271484375 0.0373306274414062 -0.0327568054199219
-0.00473260879516602 0.00396728515625 0.0244522094726563 -0.0433006286621094
-0.00664329528808594 0.00110864639282227 0.0164794921875 -0.0375709533691406
-0.00697422027587891 0.000216960906982423 0.0148143768310547 -0.0303096771240234
-0.00463199615478516 -0.00537967681884766 0.015594482421875 -0.0228443145751953
0.00223731994628906 -0.00892162322998047 0.0119361877441406 -0.0188159942626953
0.0104589462280273 -0.00513935089111328 0.0128097534179688 -0.0215682983398438
0.0149335861206055 0.00766849517822266 0.0209159851074219 -0.0295810699462891
0.0128955841064453 0.0205345153808594 0.0366706848144531 -0.040191650390625
0.00127792358398438 0.0269107818603516 0.0453567504882813 -0.0341682434082031
-0.013458251953125 0.0297985076904297 0.0627899169921875 -0.0141067504882812
0.006378173828125 0.0183181762695313 0.0196323394775391 -0.00650978088378906
0.00257635116577148 0.00858402252197266 0.00948715209960938 0.0177421569824219
0.00454854965209961 0.00587368011474609 0.0349750518798828 0.0184116363525391
0.00659894943237305 0.0033726692199707 0.0443077087402344 -0.00662612915039063
0.00886440277099609 -0.00221538543701172 0.038909912109375 -0.031982421875
0.00706958770751953 -0.00983905792236328 0.0238227844238281 -0.0426521301269531
0.00600814819335937 -0.0114011764526367 0.014251708984375 -0.0367584228515625
0.00759220123291016 -0.0131397247314453 0.0129947662353516 -0.0288333892822266
0.0139894485473633 -0.0119132995605469 0.0127735137939453 -0.0232486724853516
0.02056884765625 -0.00278091430664062 0.00915336608886719 -0.0186862945556641
0.0229206085205078 0.0105381011962891 0.0103473663330078 -0.0195178985595703
0.00979804992675781 0.0290927886962891 0.0163383483886719 -0.0265350341796875
-0.00392532348632812 0.0402145385742188 0.0307579040527344 -0.0329742431640625
-0.020233154296875 0.0392684936523438 0.0396385192871094 -0.0255088806152344
-0.0362625122070312 0.0402984619140625 0.0558013916015625 -0.0010833740234375
-0.00993728637695312 0.0370559692382813 0.0169639587402344 0.00546455383300782
0.000553131103515628 0.0321140289306641 0.00944328308105469 0.0240840911865234
0.0171451568603516 0.0219974517822266 0.0361518859863281 0.0226402282714844
0.0231838226318359 0.00829696655273437 0.0428657531738281 -0.00283050537109375
0.0253753662109375 -0.00861358642578125 0.0366020202636719 -0.0275840759277344
0.0180950164794922 -0.0208873748779297 0.0218620300292969 -0.0374069213867188
0.0169620513916016 -0.0214557647705078 0.0109519958496094 -0.0301876068115234
0.0200653076171875 -0.0248298645019531 0.00829315185546875 -0.0220298767089844
0.0287189483642578 -0.0189476013183594 0.00707435607910156 -0.0198249816894531
0.0370826721191406 -0.001190185546875 0.00140571594238282 -0.0146694183349609
0.0347785949707031 0.0205612182617188 0.00528049468994141 -0.0174741744995117
0.00825881958007812 0.0456466674804688 0.0104007720947266 -0.0236949920654297
-0.0146751403808594 0.0550460815429688 0.0237693786621094 -0.024169921875
-0.0382957458496094 0.0470123291015625 0.0273952484130859 -0.01446533203125
-0.0546188354492188 0.0429115295410156 0.0395355224609375 0.0141410827636719
-0.0265007019042969 0.0507354736328125 0.00804901123046875 0.0193252563476563
-0.0040283203125 0.05279541015625 0.00639533996582031 0.0314178466796875
0.0263900756835938 0.0391197204589844 0.031158447265625 0.0272407531738281
0.0384407043457031 0.0137939453125 0.0368995666503906 0.00384140014648438
0.0386238098144531 -0.013763427734375 0.0306549072265625 -0.0190238952636719
0.0278053283691406 -0.0301380157470703 0.0162906646728516 -0.0255985260009766
0.0251941680908203 -0.0289402008056641 0.00565528869628907 -0.0190715789794922
0.0286426544189453 -0.0335826873779297 0.0021657943725586 -0.0103855133056641
0.0385246276855469 -0.0250320434570313 -0.00133705139160156 -0.0117969512939453
0.0479965209960938 -6.4849853515625E-05 -0.00754547119140625 -0.00966262817382813
0.0425910949707031 0.0258598327636719 -0.00208473205566406 -0.0148859024047852
0.00829696655273438 0.0555610656738281 0.00544357299804688 -0.0200672149658203
-0.0208206176757812 0.0632514953613281 0.0170793533325195 -0.0135993957519531
-0.0483322143554688 0.0485649108886719 0.0126638412475586 -0.00174522399902343
-0.0650100708007813 0.03656005859375 0.0173473358154297 0.0291938781738281
-0.04022216796875 0.0529289245605469 -0.00512504577636719 0.0331802368164063
-0.0123519897460937 0.0640602111816406 0.000297546386718747 0.0363731384277344
0.0275955200195313 0.05047607421875 0.0223617553710938 0.0307044982910156
0.0444488525390625 0.0200462341308594 0.026123046875 0.00928688049316406
0.0477714538574219 -0.0141105651855469 0.02056884765625 -0.00805473327636719
0.0335216522216797 -0.0333290100097656 0.00793647766113282 -0.0113925933837891
0.0292720794677734 -0.0324916839599609 -0.000581264495849607 -0.005218505859375
0.033477783203125 -0.0372848510742188 -0.00411081314086914 0.00306820869445801
0.041656494140625 -0.0279273986816406 -0.0111217498779297 -0.000848770141601563
0.0513687133789063 -0.000614166259765625 -0.0164699554443359 -0.00298786163330078
0.0448532104492187 0.0281867980957031 -0.0085296630859375 -0.0119266510009766
0.00587844848632813 0.058319091796875 0.00217628479003906 -0.0171747207641602
-0.0265159606933594 0.0627250671386719 0.0115203857421875 -0.00211906433105468
-0.0534286499023438 0.0439262390136719 -0.00607776641845704 0.0101346969604492
-0.0626411437988281 0.0239143371582031 -0.0071563720703125 0.0391044616699219
-0.0473060607910156 0.0435104370117188 -0.0200119018554687 0.0415153503417969
-0.0209808349609375 0.0595893859863281 -0.0074310302734375 0.0388259887695313
0.0218772888183594 0.0523910522460937 0.0102500915527344 0.0302715301513672
0.0429496765136719 0.0231971740722656 0.0126504898071289 0.0137510299682617
0.047821044921875 -0.0123100280761719 0.00797891616821289 0.00332117080688476
0.0333652496337891 -0.0305728912353516 -6.60419464111306E-05 0.00332880020141601
0.02935791015625 -0.0295219421386719 -0.00614643096923828 0.00967216491699219
0.0330810546875 -0.0356903076171875 -0.0117626190185547 0.0163898468017578
0.040374755859375 -0.0259780883789063 -0.0199432373046875 0.00923347473144531
0.0485916137695313 0.00070953369140625 -0.0244922637939453 0.00294113159179687
0.0406951904296875 0.0265922546386719 -0.0144071578979492 -0.00961208343505859
0.00180435180664062 0.054931640625 -0.000627517700195311 -0.0140628814697266
-0.0297622680664063 0.0543441772460938 0.00556802749633789 0.00817584991455078
-0.0526008605957031 0.032623291015625 -0.0241889953613281 0.0204982757568359
-0.0492477416992188 0.00672149658203125 -0.0290946960449219 0.0441703796386719
-0.0422630310058594 0.0255088806152344 -0.0319328308105469 0.0451698303222656
-0.0232505798339844 0.04229736328125 -0.0127677917480469 0.0363960266113281
0.0117759704589844 0.0437583923339844 -0.000894546508789064 0.0272197723388672
0.0312328338623047 0.0211124420166016 -0.000111579895019529 0.0141448974609375
0.0382537841796875 -0.00882339477539063 -0.00411605834960937 0.0119724273681641
0.0274028778076172 -0.0228347778320313 -0.00864315032958984 0.0167751312255859
0.0238208770751953 -0.0235157012939453 -0.0121421813964844 0.0223960876464844
0.0274696350097656 -0.0282421112060547 -0.0171642303466797 0.0281162261962891
0.0335636138916016 -0.0200977325439453 -0.0281410217285156 0.0188388824462891
0.0400123596191406 0.000782012939453125 -0.0326366424560547 0.008270263671875
0.0329742431640625 0.0227375030517578 -0.021514892578125 -0.00836944580078125
-0.00302505493164063 0.0449142456054688 -0.00436210632324219 -0.0128564834594727
-0.0303153991699219 0.0397911071777344 -0.000609397888183596 0.0154228210449219
-0.046783447265625 0.0164566040039062 -0.0426025390625 0.026031494140625
-0.0272579193115234 -0.0118122100830078 -0.0406990051269531 0.0428047180175781
-0.0289535522460938 0.00292968750000001 -0.0376319885253906 0.0444602966308594
-0.0205097198486328 0.0185508728027344 -0.0161666870117187 0.0316352844238281
0.00161170959472656 0.0245113372802734 -0.00783920288085938 0.0228862762451172
0.0152463912963867 0.0144987106323242 -0.00841140747070313 0.0148286819458008
0.022491455078125 -0.00265312194824219 -0.0119171142578125 0.0182380676269531
0.0168857574462891 -0.0127058029174805 -0.0138969421386719 0.0260734558105469
0.0153989791870117 -0.0138168334960937 -0.0141830444335937 0.0313777923583984
0.0183067321777344 -0.0175743103027344 -0.022735595703125 0.0356903076171875
0.0213909149169922 -0.0136623382568359 -0.0343551635742188 0.0260105133056641
0.0271053314208984 0.00145149230957031 -0.0381507873535156 0.0107765197753906
0.0212364196777344 0.01739501953125 -0.0266399383544922 -0.00838661193847656
-0.0063018798828125 0.0314846038818359 -0.0078744888305664 -0.0127391815185547
-0.0268688201904297 0.0227794647216797 -0.0082693099975586 0.0167856216430664
-0.0350837707519531 -0.000942230224609368 -0.0576858520507813 0.0257949829101563
0.0100154876708984 0.0157022476196289 0.0597572326660156 -0.028045654296875
0.015995979309082 -0.00405025482177734 0.017033576965332 -0.0159950256347656
0.00107955932617188 -0.011810302734375 0.00729942321777344 0.0130901336669922
-0.00902080535888672 -0.00740718841552734 0.0336818695068359 0.0137138366699219
-0.010828971862793 0.00114822387695313 0.0415382385253906 -0.0102691650390625
-0.00719594955444336 0.00671195983886719 0.0348777770996094 -0.0341739654541016
-0.00340747833251953 0.00340151786804199 0.021331787109375 -0.0451164245605469
-0.0055389404296875 0.00113534927368164 0.0132942199707031 -0.0368728637695313
-0.00657844543457031 0.00056600570678711 0.0125846862792969 -0.0309677124023438
-0.00502681732177734 -0.00415658950805664 0.0147705078125 -0.0248050689697266
0.000709056854248047 -0.00808811187744141 0.0104560852050781 -0.0193405151367188
0.0104503631591797 -0.00557327270507812 0.0128917694091797 -0.0218944549560547
0.0164928436279297 0.00453376770019531 0.0202922821044922 -0.0298652648925781
0.0142879486083984 0.0191593170166016 0.0343055725097656 -0.0420799255371094
0.00296211242675781 0.0270900726318359 0.0437278747558594 -0.0370445251464844
-0.0115985870361328 0.0311870574951172 0.0612258911132813 -0.0178298950195313
0.006591796875 0.0159492492675781 0.0199928283691406 -0.00742149353027344
0.00322055816650391 0.00991058349609375 0.0114707946777344 0.0175952911376953
0.00583267211914063 0.00485038757324219 0.0361976623535156 0.0166816711425781
0.00631046295166016 0.00310945510864258 0.0434989929199219 -0.00680160522460938
0.00816917419433594 -0.0020899772644043 0.0360984802246094 -0.0341796875
0.00645256042480469 -0.010066032409668 0.0211296081542969 -0.0434036254882812
0.00519084930419922 -0.0109224319458008 0.0119400024414063 -0.0359916687011719
0.00575160980224609 -0.0138874053955078 0.0111427307128906 -0.0310039520263672
0.0143117904663086 -0.0138120651245117 0.0109882354736328 -0.0233020782470703
0.0207233428955078 -0.00415229797363281 0.00791168212890625 -0.0185413360595703
0.0239887237548828 0.00944137573242188 0.0101909637451172 -0.0196933746337891
0.0122623443603516 0.0277729034423828 0.0154933929443359 -0.02777099609375
-0.00151824951171875 0.0402908325195313 0.0293731689453125 -0.0351428985595703
-0.0181312561035156 0.0411529541015625 0.0386810302734375 -0.029388427734375
-0.0345726013183594 0.0427093505859375 0.0565376281738281 -0.004150390625
-0.00949859619140625 0.0371627807617188 0.0177268981933594 0.00383758544921875
0.00292205810546875 0.0321216583251953 0.00926399230957031 0.0227470397949219
0.0194797515869141 0.0228176116943359 0.035858154296875 0.0212516784667969
0.0239200592041016 0.00722312927246094 0.0419883728027344 -0.00397109985351562
0.0235614776611328 -0.0101127624511719 0.0343513488769531 -0.0285911560058594
0.0159778594970703 -0.0214729309082031 0.0186729431152344 -0.0377044677734375
0.0170135498046875 -0.0222988128662109 0.00789642333984375 -0.0294933319091797
0.0189876556396484 -0.0260372161865234 0.00709342956542969 -0.022003173828125
0.0276985168457031 -0.0209083557128906 0.00469207763671875 -0.0196018218994141
0.0370101928710938 -0.00344085693359375 0.000278472900390626 -0.0154151916503906
0.0363197326660156 0.0180168151855469 0.00527572631835938 -0.0187416076660156
0.0119667053222656 0.04437255859375 0.0100688934326172 -0.0236568450927734
-0.0102767944335938 0.0564231872558594 0.0224533081054688 -0.0260353088378906
-0.0359115600585938 0.0493049621582031 0.0270175933837891 -0.0179691314697266
-0.0527610778808594 0.0468559265136719 0.039642333984375 0.0125579833984375
-0.0232315063476562 0.0514869689941406 0.00811004638671875 0.0177841186523438
-0.000560760498046873 0.0532035827636719 0.00563240051269531 0.0313587188720703
0.02850341796875 0.0369224548339844 0.0322990417480469 0.0259857177734375
0.038787841796875 0.0122222900390625 0.0366058349609375 0.00128555297851563
0.0381507873535156 -0.0163345336914063 0.0294628143310547 -0.0198402404785156
0.0251140594482422 -0.0319042205810547 0.0140838623046875 -0.0262069702148438
0.0246238708496094 -0.0308418273925781 0.00390243530273438 -0.0192966461181641
0.025604248046875 -0.0351943969726563 0.000806808471679689 -0.0109014511108398
0.0354156494140625 -0.0264701843261719 -0.00335311889648437 -0.0112171173095703
0.0475883483886719 -0.0046844482421875 -0.00933647155761718 -0.00921535491943359
0.0441513061523437 0.0227470397949219 -0.00170230865478515 -0.0146646499633789
0.0123672485351563 0.0547218322753906 0.00486183166503907 -0.0210514068603516
-0.017059326171875 0.0640373229980469 0.016815185546875 -0.0146455764770508
-0.0446281433105469 0.0514259338378906 0.0121536254882812 -0.00376701354980468
-0.0609893798828125 0.0402679443359375 0.0177421569824219 0.0258617401123047
-0.0360107421875 0.0558395385742188 -0.00417900085449219 0.0330982208251953
-0.00848388671874999 0.0642166137695313 0.000377655029296873 0.0360679626464844
0.0315933227539063 0.0479698181152344 0.0235729217529297 0.0307083129882813
0.0453910827636719 0.0160675048828125 0.0262012481689453 0.00906181335449219
0.0459365844726563 -0.0190963745117188 0.0197620391845703 -0.00880241394042969
0.0306911468505859 -0.0346336364746094 0.008575439453125 -0.0126876831054688
0.0284290313720703 -0.0334968566894531 -0.00109529495239258 -0.00394964218139649
0.0307464599609375 -0.0403213500976563 -0.00548744201660156 0.00347900390625
0.0390815734863281 -0.0301399230957031 -0.0117349624633789 -0.00153064727783204
0.0508079528808594 -0.00399398803710938 -0.0165233612060547 -0.00301265716552734
0.0462913513183594 0.0245170593261719 -0.00907039642333984 -0.0119485855102539
0.0103225708007813 0.0557823181152344 0.000293731689453126 -0.0182628631591797
-0.0210342407226562 0.0642662048339844 0.0126619338989258 -0.00205612182617187
-0.0494041442871094 0.0466995239257813 -0.00499057769775391 0.00931930541992188
-0.0611953735351563 0.0280265808105469 -0.0049285888671875 0.0394058227539063
-0.0431594848632813 0.0463104248046875 -0.0177879333496094 0.0436248779296875
-0.0165824890136719 0.0607414245605469 -0.00652694702148438 0.0382194519042969
0.0259780883789062 0.0502243041992188 0.0114459991455078 0.0291366577148438
0.0440254211425781 0.0196495056152344 0.0133199691772461 0.0121498107910156
0.0455970764160156 -0.0159683227539063 0.00798082351684571 0.0037684440612793
0.0312690734863281 -0.0324020385742188 -0.000621557235717771 0.00318264961242676
0.0271091461181641 -0.0310306549072266 -0.006744384765625 0.0088653564453125
0.0298194885253906 -0.0369644165039063 -0.0113563537597656 0.0174627304077148
0.03778076171875 -0.0299568176269531 -0.0194263458251953 0.00995826721191406
0.0485877990722656 -0.00355911254882813 -0.0248565673828125 0.00302505493164062
0.0406761169433594 0.0235404968261719 -0.0153656005859375 -0.00836181640625
0.00605010986328125 0.0535659790039063 -0.00175094604492188 -0.0139741897583008
-0.0255470275878906 0.0568733215332031 0.00498628616333008 0.00750970840454102
-0.0509529113769531 0.03466796875 -0.0237197875976563 0.0212612152099609
-0.0487327575683594 0.00989532470703124 -0.0238227844238281 0.0457878112792969
-0.0397720336914063 0.0266952514648437 -0.0300102233886719 0.0489311218261719
-0.0203094482421875 0.0439529418945313 -0.0116996765136719 0.0372810363769531
0.01409912109375 0.0412178039550781 -0.000652313232421872 0.0264167785644531
0.03338623046875 0.0188522338867188 0.00109958648681641 0.0153732299804688
0.0371284484863281 -0.0123291015625 -0.0032958984375 0.0126533508300781
0.0240383148193359 -0.0253562927246094 -0.00702285766601562 0.0176601409912109
0.0237636566162109 -0.0236339569091797 -0.00926589965820313 0.0222339630126953
0.0244674682617187 -0.0300922393798828 -0.0155925750732422 0.0283756256103516
0.0309257507324219 -0.0225334167480469 -0.0265178680419922 0.0198535919189453
0.039703369140625 -0.000324249267578125 -0.0308895111083984 0.00927925109863281
0.0332183837890625 0.0214004516601563 -0.0201568603515625 -0.00764656066894531
0.000503540039062498 0.0441207885742188 -0.00581169128417969 -0.0135335922241211
-0.0279998779296875 0.0416030883789062 0.000995635986328122 0.014556884765625
-0.0457916259765625 0.0181503295898438 -0.0394935607910156 0.0266532897949219
-0.0272445678710938 -0.00911521911621094 -0.0377426147460938 0.0448799133300781
-0.0285530090332031 0.00446891784667968 -0.0359916687011719 0.0449485778808594
-0.0187416076660156 0.0189800262451172 -0.0150127410888672 0.0320892333984375
0.0028839111328125 0.0255031585693359 -0.00668716430664063 0.0235824584960938
0.0161170959472656 0.0125274658203125 -0.00742530822753907 0.0155067443847656
0.0219364166259766 -0.00495147705078125 -0.0102138519287109 0.0188770294189453
0.01611328125 -0.012843132019043 -0.0112648010253906 0.0264167785644531
0.014042854309082 -0.0142831802368164 -0.0124301910400391 0.0322074890136719
0.017364501953125 -0.0188465118408203 -0.0202827453613281 0.0368537902832031
0.0200653076171875 -0.0155582427978516 -0.0328712463378906 0.0284576416015625
0.0286026000976563 -0.00064849853515625 -0.0379753112792969 0.0133857727050781
0.0216751098632813 0.0159339904785156 -0.0269908905029297 -0.00745582580566406
-0.00359344482421875 0.031951904296875 -0.00969123840332031 -0.0125198364257813
-0.0244903564453125 0.0240478515625 -0.00684928894042969 0.0177116394042969
-0.0345573425292969 0.000541687011718754 -0.05499267578125 0.0288162231445313
0.0104780197143555 0.0149507522583008 0.0575981140136719 -0.03045654296875
0.0163450241088867 -0.00427055358886719 0.0164194107055664 -0.0160408020019531
0.000759124755859376 -0.0122413635253906 0.00789642333984375 0.0125036239624023
-0.00897693634033203 -0.00659656524658203 0.0328807830810547 0.0126419067382813
-0.010167121887207 0.00153923034667969 0.0405845642089844 -0.0113906860351563
-0.00604820251464844 0.00653266906738281 0.0326061248779297 -0.0347900390625
-0.00363707542419434 0.00386452674865723 0.019561767578125 -0.0444717407226562
-0.00522756576538086 0.00196743011474609 0.0117225646972656 -0.03790283203125
-0.00611495971679687 0.000913619995117188 0.0111312866210938 -0.0314617156982422
-0.00432610511779785 -0.00401210784912109 0.0126705169677734 -0.0240135192871094
0.00187444686889648 -0.00831985473632812 0.0104560852050781 -0.0201568603515625
0.00924873352050781 -0.00563430786132813 0.0123462677001953 -0.0233821868896484
0.01495361328125 0.00515651702880859 0.0193920135498047 -0.0300540924072266
0.0130615234375 0.0183429718017578 0.0329856872558594 -0.0420646667480469
0.00405693054199219 0.0261287689208984 0.0428733825683594 -0.0390739440917969
-0.00988388061523438 0.0306148529052734 0.060150146484375 -0.020050048828125
0.00699520111083984 0.0171489715576172 0.0185546875 -0.00865554809570312
0.00369358062744141 0.00946712493896484 0.0100040435791016 0.016871452331543
0.00530576705932617 0.00502824783325195 0.0358200073242188 0.0153007507324219
0.00667190551757813 0.00292444229125977 0.0428390502929687 -0.00908279418945312
0.00819587707519531 -0.00298881530761719 0.0340900421142578 -0.0342369079589844
0.00597286224365234 -0.0102176666259766 0.0193367004394531 -0.043548583984375
0.0054931640625 -0.0109043121337891 0.00974655151367188 -0.036376953125
0.00581264495849609 -0.0134143829345703 0.00864601135253906 -0.0294189453125
0.0125665664672852 -0.0131597518920898 0.00880241394042969 -0.0240669250488281
0.0203628540039063 -0.00445175170898438 0.00662422180175781 -0.0189418792724609
0.0230140686035156 0.00819587707519531 0.00990676879882813 -0.0211734771728516
0.012908935546875 0.0269641876220703 0.0149497985839844 -0.0268650054931641
-0.000240325927734371 0.039215087890625 0.0279541015625 -0.0353012084960937
-0.0166854858398438 0.0404701232910156 0.0369606018066406 -0.0307846069335937
-0.0319900512695313 0.0419273376464844 0.0545005798339844 -0.00630569458007812
-0.00541305541992187 0.0367851257324219 0.0162858963012695 0.00280094146728516
0.00416755676269531 0.0314521789550781 0.00948715209960937 0.0231723785400391
0.0198612213134766 0.0200901031494141 0.0368728637695313 0.0201950073242188
0.0238265991210938 0.005279541015625 0.0412216186523438 -0.00535202026367188
0.0235137939453125 -0.0116100311279297 0.0329837799072266 -0.0301246643066406
0.0167160034179688 -0.0228195190429688 0.0169563293457031 -0.037994384765625
0.0149993896484375 -0.0221233367919922 0.00650978088378907 -0.0296974182128906
0.0164947509765625 -0.0268421173095703 0.00515556335449219 -0.0227508544921875
0.0254440307617188 -0.0214653015136719 0.0035247802734375 -0.019989013671875
0.0362358093261719 -0.00453567504882813 -0.00028419494628906 -0.0157222747802734
0.0356826782226563 0.0166549682617188 0.00414466857910156 -0.0190582275390625
0.01312255859375 0.0435562133789063 0.00966644287109375 -0.024688720703125
-0.00931930541992188 0.0555267333984375 0.0211105346679688 -0.0256996154785156
-0.0322837829589844 0.0492706298828125 0.0257148742675781 -0.0189399719238281
-0.0488853454589844 0.046356201171875 0.0399169921875 0.0101242065429688
-0.0207328796386719 0.0513801574707031 0.00924301147460938 0.0168743133544922
0.00110626220703125 0.0525360107421875 0.00743865966796875 0.0305461883544922
0.0298347473144531 0.0355453491210938 0.0324878692626953 0.0242919921875
0.0381202697753906 0.00982666015625 0.0355491638183594 0.0011444091796875
0.0364799499511719 -0.0174369812011719 0.0287685394287109 -0.0210533142089844
0.0242862701416016 -0.0318050384521484 0.0124435424804688 -0.027099609375
0.0215930938720703 -0.0310211181640625 0.00310325622558594 -0.0189704895019531
0.0244178771972656 -0.0364761352539063 -0.000117301940917967 -0.0108766555786133
0.03411865234375 -0.0284538269042969 -0.00359821319580078 -0.0119199752807617
0.0463294982910156 -0.0060272216796875 -0.00867748260498047 -0.00939083099365235
0.0443267822265625 0.0204200744628906 -0.00226306915283203 -0.0157632827758789
0.0142631530761719 0.0530662536621094 0.00475311279296875 -0.0208168029785156
-0.0140342712402344 0.064117431640625 0.0159339904785156 -0.0144577026367188
-0.0429534912109375 0.0521278381347656 0.0120353698730469 -0.00496292114257812
-0.0588035583496094 0.0424118041992187 0.0188846588134766 0.0260429382324219
-0.0345573425292969 0.0551338195800781 -0.0023040771484375 0.0311717987060547
-0.00514602661132813 0.0638427734375 0.00107192993164063 0.035858154296875
0.0334243774414062 0.0470466613769531 0.0231819152832031 0.0281314849853516
0.0461616516113281 0.0143585205078125 0.0257167816162109 0.00753974914550781
0.0446662902832031 -0.0197906494140625 0.0192031860351563 -0.00892829895019532
0.028778076171875 -0.0360107421875 0.0072469711303711 -0.0122241973876953
0.0259571075439453 -0.0343685150146484 -0.00215482711791992 -0.00463151931762695
0.0278511047363281 -0.0406570434570313 -0.0048227310180664 0.00285100936889648
0.037109375 -0.0322837829589844 -0.0116634368896484 -0.000104904174804688
0.0506782531738281 -0.0066375732421875 -0.0167646408081055 -0.00150966644287109
0.0466995239257813 0.0216255187988281 -0.00856399536132812 -0.0126714706420898
0.0122299194335937 0.0555152893066406 0.00148487091064453 -0.0173559188842773
-0.0182723999023438 0.0634918212890625 0.0114126205444336 -0.00333404541015625
-0.0482330322265625 0.0481491088867188 -0.00498294830322266 0.00947284698486328
-0.0582618713378906 0.0294570922851562 -0.0029296875 0.0384101867675781
-0.0413322448730469 0.0463294982910156 -0.0158615112304688 0.0423049926757813
-0.014007568359375 0.0608329772949219 -0.00545120239257812 0.0378379821777344
0.0274734497070313 0.0490341186523438 0.0113391876220703 0.0295944213867188
0.0439338684082031 0.0181350708007813 0.0129232406616211 0.012568473815918
0.0449256896972656 -0.017913818359375 0.00874471664428711 0.00254344940185547
0.0288200378417969 -0.0336856842041016 0.000191211700439455 0.00315594673156738
0.025787353515625 -0.0321884155273438 -0.00627517700195312 0.00943374633789063
0.0272369384765625 -0.0380668640136719 -0.0100326538085937 0.0167503356933594
0.0357589721679688 -0.030364990234375 -0.0193767547607422 0.0108814239501953
0.0474395751953125 -0.00484848022460938 -0.0246143341064453 0.00518226623535157
0.0426063537597656 0.0211753845214844 -0.0150308609008789 -0.00874614715576172
0.00824737548828125 0.0526275634765625 -0.00219249725341797 -0.0139217376708984
-0.0230674743652344 0.0560302734375 0.00638628005981445 0.00642108917236328
-0.0479240417480469 0.0362319946289062 -0.0224037170410156 0.0208721160888672
-0.0461235046386719 0.0121383666992187 -0.0241127014160156 0.0455474853515625
-0.037933349609375 0.0292549133300781 -0.0281829833984375 0.046783447265625
-0.0183029174804688 0.0441513061523438 -0.0114669799804687 0.0356369018554688
0.0159797668457031 0.040557861328125 0.00128364562988282 0.0267410278320313
0.0333652496337891 0.0165367126464844 0.000531196594238283 0.0153093338012695
0.0364952087402344 -0.0130767822265625 -0.00150394439697265 0.0125188827514648
0.0234775543212891 -0.0260028839111328 -0.00662612915039062 0.0168733596801758
0.0215244293212891 -0.0254650115966797 -0.00871658325195312 0.0219974517822266
0.0236339569091797 -0.0309696197509766 -0.01385498046875 0.0286521911621094
0.0299301147460938 -0.0242176055908203 -0.0264034271240234 0.0198936462402344
0.0392570495605469 -0.00304031372070312 -0.0306606292724609 0.00998115539550781
0.0337162017822266 0.0197257995605469 -0.0209007263183594 -0.00677490234375
0.00238418579101562 0.0449676513671875 -0.00478839874267578 -0.011775016784668
-0.0242881774902344 0.0422935485839844 0.000223159790039062 0.0138359069824219
-0.0433578491210937 0.0208168029785156 -0.0385513305664062 0.0287704467773438
-0.0271110534667969 -0.00811195373535157 -0.0362052917480469 0.0466995239257813
-0.0270767211914063 0.00638961791992188 -0.0340194702148438 0.0462379455566406
-0.0183639526367188 0.0201282501220703 -0.0144824981689453 0.0328598022460937
0.00447463989257813 0.0247611999511719 -0.0071868896484375 0.0240383148193359
0.0167770385742187 0.0113067626953125 -0.00701618194580078 0.0165987014770508
0.0218162536621094 -0.00625419616699219 -0.00991249084472656 0.0191211700439453
0.0146055221557617 -0.0143041610717773 -0.0104579925537109 0.0270156860351563
0.0132551193237305 -0.0144939422607422 -0.0114536285400391 0.0313987731933594
0.0150032043457031 -0.0189704895019531 -0.018341064453125 0.0370597839355469
0.0195655822753906 -0.0157127380371094 -0.0320205688476562 0.0278797149658203
0.0268878936767578 -0.00208473205566406 -0.03515625 0.0143852233886719
0.0227565765380859 0.0138149261474609 -0.0259952545166016 -0.00607109069824219
-0.00226402282714844 0.0308628082275391 -0.00842094421386719 -0.0115957260131836
-0.0230522155761719 0.0239009857177734 -0.00704669952392578 0.0166730880737305
-0.0336284637451172 0.00186920166015625 -0.0527572631835938 0.0300254821777344
0.0106220245361328 0.0147228240966797 0.0570411682128906 -0.0306434631347656
0.0164651870727539 -0.00436687469482422 0.0152978897094727 -0.0161199569702148
0.000957489013671876 -0.0115070343017578 0.00790500640869141 0.0128078460693359
-0.00881004333496094 -0.00597095489501953 0.0328941345214844 0.0122661590576172
-0.00953197479248047 0.00192928314208984 0.0405845642089844 -0.0109024047851563
-0.00654745101928711 0.00679922103881836 0.0325870513916016 -0.034881591796875
-0.0035698413848877 0.00345706939697266 0.0185394287109375 -0.0442466735839844
-0.00506782531738281 0.00236940383911133 0.0104713439941406 -0.0372161865234375
-0.00617885589599609 0.00096273422241211 0.0103759765625 -0.0312633514404297
-0.00431561470031738 -0.00387668609619141 0.0112667083740234 -0.0246105194091797
0.000629425048828125 -0.00782632827758789 0.00944137573242188 -0.0207881927490234
0.00908851623535156 -0.00560665130615234 0.0116462707519531 -0.0232334136962891
0.0148820877075195 0.0048370361328125 0.0193710327148438 -0.0294685363769531
0.0133819580078125 0.0184764862060547 0.0326957702636719 -0.0424423217773438
0.00418663024902344 0.0255985260009766 0.0423011779785156 -0.0399856567382813
-0.0102500915527344 0.0307960510253906 0.0595245361328125 -0.0209197998046875
0.00740718841552734 0.0168342590332031 0.0183944702148438 -0.00905036926269531
0.00405406951904297 0.00875234603881836 0.0100593566894531 0.0170803070068359
0.00568342208862305 0.00572967529296875 0.0358161926269531 0.015167236328125
0.00696945190429688 0.00265073776245117 0.0426025390625 -0.00966262817382812
0.00836277008056641 -0.00371742248535156 0.0338420867919922 -0.0345249176025391
0.00577354431152344 -0.0105752944946289 0.0183906555175781 -0.0433807373046875
0.00503444671630859 -0.0107669830322266 0.0086822509765625 -0.0362091064453125
0.00609683990478516 -0.0135602951049805 0.00822067260742188 -0.0293560028076172
0.0116653442382813 -0.0131025314331055 0.00861167907714844 -0.0244941711425781
0.0200042724609375 -0.00493049621582031 0.0058441162109375 -0.0193138122558594
0.0235233306884766 0.0081939697265625 0.0098114013671875 -0.021697998046875
0.0127964019775391 0.0266609191894531 0.0152187347412109 -0.0269832611083984
0.000244140624999996 0.0395431518554687 0.0278663635253906 -0.0354423522949219
-0.0163650512695313 0.0403022766113281 0.037384033203125 -0.0321197509765625
-0.0310630798339844 0.0423240661621094 0.0536766052246094 -0.007232666015625
-0.005584716796875 0.0364799499511719 0.0159778594970703 0.00273323059082031
0.00491142272949219 0.0318412780761719 0.00977325439453125 0.0233783721923828
0.0200653076171875 0.0197505950927734 0.0360641479492188 0.018951416015625
0.0244922637939453 0.0049591064453125 0.0412635803222656 -0.00490570068359375
0.0232734680175781 -0.0125789642333984 0.032806396484375 -0.0296154022216797
0.0161170959472656 -0.0235729217529297 0.0163116455078125 -0.0376129150390625
0.0142803192138672 -0.0227680206298828 0.00587654113769532 -0.0293216705322266
0.0159931182861328 -0.0267467498779297 0.0046844482421875 -0.0222358703613281
0.0251579284667969 -0.0221805572509766 0.00251007080078125 -0.0201511383056641
0.0361099243164063 -0.0052947998046875 -0.000939369201660154 -0.0154962539672852
0.0358963012695313 0.0162467956542969 0.00444412231445313 -0.0197181701660156
0.0136871337890625 0.0432205200195312 0.00976943969726563 -0.0244693756103516
-0.007781982421875 0.055633544921875 0.0214328765869141 -0.0265693664550781
-0.0314750671386719 0.0497932434082031 0.0259666442871094 -0.0200710296630859
-0.0484428405761719 0.0469322204589844 0.0398635864257813 0.00966644287109376
-0.0202102661132812 0.0513992309570313 0.00927734375 0.0166301727294922
0.00197982788085937 0.0521774291992187 0.00703239440917969 0.0307846069335938
0.0312042236328125 0.0343971252441406 0.0321197509765625 0.0246696472167969
0.0387191772460938 0.008880615234375 0.0355110168457031 0.00156784057617188
0.0360603332519531 -0.0193061828613281 0.0281925201416016 -0.0206985473632812
0.0233669281005859 -0.0326042175292969 0.0120964050292969 -0.0268955230712891
0.0211162567138672 -0.0313816070556641 0.00168991088867187 -0.0184154510498047
0.0233230590820313 -0.0367431640625 -2.86102294921735E-06 -0.0109357833862305
0.0324745178222656 -0.0295295715332031 -0.00489616394042969 -0.0113554000854492
0.0465888977050781 -0.00706100463867188 -0.00908851623535156 -0.00926494598388672
0.0449333190917969 0.0189895629882813 -0.00206661224365234 -0.0166215896606445
0.0152702331542969 0.0526123046875 0.00498580932617188 -0.0215244293212891
-0.0128059387207031 0.0640830993652344 0.0161981582641602 -0.0154275894165039
-0.0419082641601563 0.0527496337890625 0.0116443634033203 -0.00587368011474609
-0.0584068298339844 0.0430221557617188 0.0193519592285156 0.0258159637451172
-0.0333366394042969 0.0552177429199219 -0.00256729125976563 0.0306816101074219
-0.00468826293945313 0.0634422302246094 0.00119781494140625 0.0358924865722656
0.0343780517578125 0.0452194213867187 0.0234050750732422 0.0286808013916016
0.0464630126953125 0.0136337280273437 0.0252056121826172 0.0078582763671875
0.0434303283691406 -0.0212669372558594 0.0194263458251953 -0.00897407531738281
0.0278778076171875 -0.0367355346679688 0.00652122497558594 -0.0120553970336914
0.0247516632080078 -0.0344867706298828 -0.00224924087524414 -0.00463247299194336
0.0265846252441406 -0.0409736633300781 -0.00516748428344726 0.00302648544311523
0.035980224609375 -0.0324859619140625 -0.0125484466552734 9.05990600585937E-05
0.0498733520507812 -0.00793075561523437 -0.0173072814941406 -0.00113677978515625
0.0470314025878906 0.0201759338378906 -0.00851154327392578 -0.0128059387207031
0.0140151977539062 0.0550689697265625 0.00133895874023437 -0.0176067352294922
-0.0167999267578125 0.0642776489257813 0.0114860534667969 -0.00366973876953125
-0.0474929809570313 0.0483245849609375 -0.00463008880615235 0.00825166702270508
-0.0573768615722656 0.03076171875 -0.00284957885742188 0.0386581420898438
-0.0402107238769531 0.04693603515625 -0.0157470703125 0.0415191650390625
-0.0128898620605469 0.0603828430175781 -0.005950927734375 0.0378494262695313
0.028228759765625 0.0480804443359375 0.0113811492919922 0.0291347503662109
0.0439834594726562 0.0165328979492187 0.0128192901611328 0.013397216796875
0.0439491271972656 -0.0194206237792969 0.00912189483642578 0.00298023223876953
0.0279178619384766 -0.0346164703369141 0.000127315521240236 0.00328445434570312
0.0244083404541016 -0.0327682495117188 -0.00624275207519531 0.00949954986572266
0.0262947082519531 -0.0394096374511719 -0.010035514831543 0.0167531967163086
0.0344200134277344 -0.0309696197509766 -0.019683837890625 0.0111331939697266
0.047454833984375 -0.00684738159179687 -0.0245170593261719 0.00532913208007813
0.0431594848632813 0.0198326110839844 -0.0147104263305664 -0.009613037109375
0.00946807861328124 0.05230712890625 -0.00180530548095703 -0.0144109725952148
-0.0214157104492187 0.0561943054199219 0.00622844696044922 0.00590753555297852
-0.0480499267578125 0.0372390747070312 -0.0215167999267578 0.0202541351318359
-0.0450706481933594 0.0129508972167969 -0.0233306884765625 0.0461616516113281
-0.0365066528320313 0.0289764404296875 -0.0273628234863281 0.0468482971191406
-0.0170669555664063 0.0444107055664062 -0.0115470886230469 0.0363197326660156
0.0173721313476562 0.0403709411621094 0.000577926635742187 0.0269279479980469
0.0333404541015625 0.0163211822509766 0.000972747802734376 0.0151233673095703
0.0354156494140625 -0.0141258239746094 -0.00168991088867187 0.012660026550293
0.0230312347412109 -0.0262928009033203 -0.00612163543701172 0.0170955657958984
0.0203475952148438 -0.02587890625 -0.00944900512695313 0.0222377777099609
0.0221576690673828 -0.0317134857177734 -0.0136508941650391 0.0282230377197266
0.0286483764648438 -0.0248565673828125 -0.0258045196533203 0.0210418701171875
0.0389862060546875 -0.00462722778320312 -0.0306568145751953 0.0113964080810547
0.0344924926757813 0.0185508728027344 -0.0208625793457031 -0.00724411010742188
0.00330352783203125 0.0440635681152344 -0.00482082366943359 -0.0126428604125977
-0.0236053466796875 0.0423088073730469 0.000931739807128904 0.0136299133300781
-0.0431861877441406 0.0206947326660156 -0.0384750366210938 0.0285987854003906
-0.0263214111328125 -0.0070037841796875 -0.0356826782226563 0.0470428466796875
-0.0264930725097656 0.00697517395019531 -0.033172607421875 0.0465736389160156
-0.0166397094726563 0.0204830169677734 -0.0142612457275391 0.0325393676757813
0.00510215759277344 0.0241565704345703 -0.0069427490234375 0.0244922637939453
0.0172491073608398 0.0108880996704102 -0.00679206848144531 0.0169277191162109
0.0213394165039062 -0.00705528259277344 -0.00804328918457031 0.0193996429443359
0.0143260955810547 -0.014653205871582 -0.00982093811035156 0.0271282196044922
0.0128679275512695 -0.0150203704833984 -0.0110988616943359 0.0316162109375
0.0147628784179688 -0.0194206237792969 -0.0173568725585937 0.0370521545410156
0.0191364288330078 -0.0161190032958984 -0.0309925079345703 0.0283412933349609
0.0269031524658203 -0.00236701965332031 -0.0354652404785156 0.0145950317382813
0.0229587554931641 0.0136432647705078 -0.0260944366455078 -0.00606536865234375
-0.00157356262207031 0.0309658050537109 -0.00864410400390625 -0.0121059417724609
-0.0222320556640625 0.0242481231689453 -0.00662517547607422 0.0161895751953125
-0.0332736968994141 0.00216484069824219 -0.05242919921875 0.03057861328125
0.010350227355957 0.0139856338500977 0.0572547912597656 -0.0320091247558594
0.0167036056518555 -0.00469207763671875 0.0153293609619141 -0.0166730880737305
0.000950813293457032 -0.0119304656982422 0.0082540512084961 0.0133790969848633
-0.00895881652832031 -0.00587177276611328 0.0337600708007813 0.0124301910400391
-0.00918769836425781 0.00221538543701172 0.0411949157714844 -0.0114212036132813
-0.0063471794128418 0.00703620910644531 0.0323410034179688 -0.0356674194335938
-0.00341343879699707 0.00371170043945313 0.0179176330566406 -0.0453033447265625
-0.00520229339599609 0.00294637680053711 0.0101203918457031 -0.0378761291503906
-0.00615358352661133 0.00121498107910156 0.00996208190917969 -0.031982421875
-0.00421023368835449 -0.00372052192687988 0.0114212036132813 -0.0246315002441406
0.000851154327392577 -0.00731182098388672 0.00893402099609375 -0.0212841033935547
0.00932216644287109 -0.00540637969970703 0.011749267578125 -0.0242633819580078
0.0146570205688477 0.00479793548583984 0.020111083984375 -0.0300674438476563
0.0133399963378906 0.0186252593994141 0.0335273742675781 -0.04278564453125
0.00409126281738281 0.0256214141845703 0.0429115295410156 -0.0418968200683594
-0.0104904174804687 0.0310535430908203 0.0602455139160156 -0.0216178894042969
0.00790691375732422 0.01690673828125 0.0186271667480469 -0.0093994140625
0.00455093383789063 0.0091390609741211 0.00987052917480469 0.0176353454589844
0.00636482238769531 0.00574684143066406 0.0364456176757813 0.014984130859375
0.00717926025390625 0.00251913070678711 0.0428924560546875 -0.00953292846679688
0.00801420211791992 -0.00381708145141602 0.0341434478759766 -0.0348300933837891
0.00587177276611328 -0.0108852386474609 0.0175285339355469 -0.0443840026855469
0.00501155853271484 -0.0109357833862305 0.0086669921875 -0.0369224548339844
0.00556468963623047 -0.0139570236206055 0.0076446533203125 -0.0300922393798828
0.0118398666381836 -0.0133552551269531 0.00805282592773437 -0.0249156951904297
0.0202369689941406 -0.00550460815429688 0.00546836853027344 -0.0201873779296875
0.0236701965332031 0.00796890258789063 0.00982284545898437 -0.0228443145751953
0.0127143859863281 0.0271759033203125 0.015899658203125 -0.0274219512939453
0.000766754150390625 0.0402870178222656 0.0281028747558594 -0.0367164611816406
-0.016082763671875 0.0410346984863281 0.037750244140625 -0.0340156555175781
-0.0312309265136719 0.0434532165527344 0.0545883178710937 -0.00822067260742187
-0.00494384765625 0.0376815795898438 0.0161037445068359 0.00176429748535156
0.0059814453125 0.0327663421630859 0.00964546203613281 0.023834228515625
0.0211467742919922 0.0197982788085938 0.0366325378417969 0.0197181701660156
0.0247440338134766 0.00457572937011719 0.0413475036621094 -0.0052490234375
0.0231723785400391 -0.0135364532470703 0.0332260131835938 -0.0302104949951172
0.01556396484375 -0.0242958068847656 0.0160446166992187 -0.0381050109863281
0.014312744140625 -0.0235233306884766 0.00501251220703125 -0.0301570892333984
0.0159168243408203 -0.0280265808105469 0.00395965576171875 -0.0227203369140625
0.0246734619140625 -0.0231761932373047 0.0018157958984375 -0.0207653045654297
0.036773681640625 -0.00624465942382812 -0.00148868560791015 -0.0165557861328125
0.0366935729980469 0.0158653259277344 0.00435066223144531 -0.0206184387207031
0.0141105651855469 0.0438613891601563 0.00997543334960938 -0.0249710083007812
-0.00748062133789063 0.0564765930175781 0.0220260620117188 -0.0272579193115234
-0.0318870544433594 0.0508689880371094 0.026580810546875 -0.0218982696533203
-0.0483551025390625 0.0481185913085938 0.0404129028320313 0.00866699218750001
-0.0200233459472656 0.0523262023925781 0.00888633728027344 0.0163869857788086
0.00291824340820313 0.0531539916992188 0.00652122497558593 0.0312099456787109
0.0325260162353516 0.0345973968505859 0.0323657989501953 0.0245628356933594
0.0396308898925781 0.0084075927734375 0.035888671875 0.00145339965820313
0.0360145568847656 -0.0206413269042969 0.028350830078125 -0.020782470703125
0.0229167938232422 -0.0338764190673828 0.0117168426513672 -0.0275955200195313
0.020660400390625 -0.0321235656738281 0.00127792358398438 -0.0187549591064453
0.0224380493164062 -0.0382156372070313 -0.000953674316406248 -0.0109777450561523
0.0327415466308594 -0.0304756164550781 -0.00557804107666016 -0.0116891860961914
0.0468254089355469 -0.00834274291992188 -0.00989627838134765 -0.00995159149169922
0.0456809997558594 0.0190467834472656 -0.00242424011230469 -0.0174283981323242
0.016265869140625 0.0534477233886719 0.00502586364746094 -0.0217018127441406
-0.011993408203125 0.0650138854980469 0.0166130065917969 -0.0163431167602539
-0.0420112609863281 0.0543060302734375 0.0114736557006836 -0.00727081298828125
-0.0578346252441406 0.044158935546875 0.0198497772216797 0.0257625579833984
-0.0332717895507812 0.0567665100097656 -0.00237464904785157 0.0312099456787109
-0.003875732421875 0.0644798278808594 0.000392913818359375 0.0366287231445313
0.0358810424804688 0.0455894470214844 0.0233230590820313 0.0287303924560547
0.0469741821289062 0.0131301879882812 0.0258274078369141 0.00837326049804688
0.0438308715820313 -0.0230522155761719 0.0200595855712891 -0.00939369201660156
0.0274009704589844 -0.0379486083984375 0.00645542144775391 -0.0121898651123047
0.0243873596191406 -0.0358810424804688 -0.0030364990234375 -0.00494718551635742
0.025909423828125 -0.0425567626953125 -0.00522089004516601 0.00278520584106445
0.0357437133789063 -0.0343055725097656 -0.0133829116821289 -0.000101089477539063
0.0512351989746094 -0.00922012329101562 -0.0173740386962891 -0.00128078460693359
0.0483856201171875 0.0194168090820313 -0.00914573669433593 -0.0136814117431641
0.0147514343261719 0.05615234375 0.00129890441894531 -0.0183601379394531
-0.0159111022949219 0.0649642944335938 0.0118246078491211 -0.00425243377685546
-0.047607421875 0.0495033264160156 -0.00507116317749024 0.00765466690063477
-0.0575981140136719 0.0316429138183594 -0.00237655639648438 0.0390205383300781
-0.0400962829589844 0.0480308532714844 -0.0156669616699219 0.0420722961425781
-0.0123252868652344 0.0620803833007813 -0.00667190551757813 0.0386161804199219
0.0300941467285156 0.0480995178222656 0.0112476348876953 0.0298690795898438
0.0453262329101562 0.0161972045898437 0.0126953125 0.0137739181518555
0.0438308715820313 -0.0205078125 0.00988578796386719 0.00267219543457031
0.0273361206054688 -0.0356254577636719 -9.0599060058592E-05 0.00340461730957031
0.0239467620849609 -0.0342330932617188 -0.00658130645751953 0.00990581512451172
0.0251884460449219 -0.0405807495117188 -0.0102462768554687 0.0171794891357422
0.0339450836181641 -0.0322704315185547 -0.0201740264892578 0.0115261077880859
0.0478286743164063 -0.00848770141601563 -0.0245456695556641 0.00587844848632812
0.0441207885742188 0.0193328857421875 -0.0151596069335937 -0.0100545883178711
0.0109443664550781 0.052825927734375 -0.00217533111572266 -0.0149421691894531
-0.02044677734375 0.0573348999023438 0.00650596618652344 0.00622034072875977
-0.0483322143554688 0.0381584167480469 -0.0219402313232422 0.0205802917480469
-0.04541015625 0.0137176513671875 -0.0229606628417969 0.0468559265136719
-0.037017822265625 0.0297050476074219 -0.0275459289550781 0.0477523803710938
-0.0165023803710937 0.0452499389648438 -0.0125579833984375 0.0371513366699219
0.0189437866210937 0.0400199890136719 0.000125885009765628 0.0280437469482422
0.0339241027832031 0.0150108337402344 0.000625610351562503 0.0160236358642578
0.0352745056152344 -0.0151443481445313 -0.00164508819580078 0.0126771926879883
0.0224285125732422 -0.027679443359375 -0.00615882873535156 0.0178146362304688
0.0198554992675781 -0.0266189575195313 -0.00929069519042968 0.0230998992919922
0.0215358734130859 -0.0324878692626953 -0.0136051177978516 0.0293464660644531
0.0280170440673828 -0.0254669189453125 -0.0264816284179688 0.0222797393798828
0.0393867492675781 -0.00549697875976562 -0.0312633514404297 0.0119457244873047
0.0353279113769531 0.0178565979003906 -0.0212287902832031 -0.00734519958496093
0.00395584106445313 0.0444984436035156 -0.00500297546386719 -0.013392448425293
-0.0228843688964844 0.0433311462402344 0.000620841979980466 0.0135068893432617
-0.0436248779296875 0.0214042663574219 -0.03857421875 0.02935791015625
-0.02655029296875 -0.006744384765625 -0.0358047485351563 0.0485267639160156
-0.0265045166015625 0.00725173950195312 -0.0337409973144531 0.0476493835449219
-0.0164623260498047 0.0208606719970703 -0.0149440765380859 0.0333671569824219
0.00564956665039063 0.0236396789550781 -0.00737190246582031 0.0256977081298828
0.0175361633300781 0.0109777450561523 -0.00676345825195312 0.0174312591552734
0.0208873748779297 -0.00717353820800781 -0.00843238830566406 0.0197086334228516
0.0138339996337891 -0.0154752731323242 -0.00973892211914063 0.0275669097900391
0.0127649307250977 -0.0159721374511719 -0.0107879638671875 0.0323066711425781
0.0144977569580078 -0.0205554962158203 -0.0171737670898437 0.0378990173339844
0.0185794830322266 -0.0167140960693359 -0.0313358306884766 0.0294246673583984
0.0273056030273438 -0.00308418273925781 -0.0358657836914063 0.0154457092285156
0.0236358642578125 0.0135993957519531 -0.026458740234375 -0.00576972961425781
-0.00111007690429688 0.0315399169921875 -0.00874233245849609 -0.0125703811645508
-0.0222702026367188 0.0251483917236328 -0.00676727294921875 0.0167121887207031
-0.0331172943115234 0.00288963317871094 -0.0528144836425781 0.0314292907714844
0.0103721618652344 0.0146961212158203 0.0580177307128906 -0.0341720581054688
0.016596794128418 -0.00523948669433594 0.0150690078735352 -0.0174722671508789
0.00122642517089844 -0.01165771484375 0.00796222686767578 0.0145292282104492
-0.00927639007568359 -0.00565624237060547 0.0349407196044922 0.0125637054443359
-0.0092020034790039 0.00271129608154297 0.0420989990234375 -0.0127487182617187
-0.00611495971679687 0.00724267959594727 0.0323448181152344 -0.03717041015625
-0.00337529182434082 0.00394654273986816 0.0174217224121094 -0.046630859375
-0.00472927093505859 0.00327873229980469 0.00946807861328125 -0.0394554138183594
-0.00664186477661133 0.00203895568847656 0.00862503051757812 -0.0330848693847656
-0.00482273101806641 -0.00352239608764648 0.0108051300048828 -0.0259666442871094
0.000686645507812501 -0.00729894638061523 0.00848960876464844 -0.0226116180419922
0.00899791717529297 -0.00545597076416016 0.0121269226074219 -0.0257015228271484
0.0146942138671875 0.00430393218994141 0.0205631256103516 -0.0313625335693359
0.0141983032226563 0.018829345703125 0.0334663391113281 -0.04510498046875
0.00495719909667969 0.0264377593994141 0.043548583984375 -0.0450553894042969
-0.0104351043701172 0.0327415466308594 0.0611648559570313 -0.0244102478027344
0.00828933715820313 0.0171937942504883 0.0181331634521484 -0.0103664398193359
0.00556373596191406 0.0103902816772461 0.00995063781738281 0.0184173583984375
0.00671243667602539 0.00559329986572266 0.0380058288574219 0.0150299072265625
0.00772190093994141 0.00230264663696289 0.0437965393066406 -0.010406494140625
0.00840139389038086 -0.00434732437133789 0.0339469909667969 -0.03680419921875
0.00651073455810547 -0.012171745300293 0.0169334411621094 -0.0463943481445313
0.00494003295898438 -0.0114221572875977 0.00737380981445312 -0.0377426147460937
0.00503444671630859 -0.0148200988769531 0.00673103332519531 -0.0312252044677734
0.0118255615234375 -0.0141429901123047 0.00745582580566406 -0.0259952545166016
0.0206832885742188 -0.00610733032226563 0.00471687316894532 -0.0217781066894531
0.024139404296875 0.00773048400878906 0.00966835021972657 -0.0243778228759766
0.0134124755859375 0.0277137756347656 0.0162277221679687 -0.0289859771728516
0.00184249877929687 0.0415306091308594 0.0287284851074219 -0.0385665893554687
-0.0158653259277344 0.0426864624023438 0.0384979248046875 -0.0366020202636719
-0.0313301086425781 0.0457534790039063 0.0559577941894531 -0.0100898742675781
-0.00433731079101563 0.0384674072265625 0.0160932540893555 0.00141620635986328
0.00727272033691406 0.0338935852050781 0.00987052917480469 0.0253219604492188
0.0228767395019531 0.0201950073242188 0.0372734069824219 0.0199241638183594
0.0260295867919922 0.00391960144042969 0.0429267883300781 -0.00583648681640625
0.0231704711914063 -0.0147705078125 0.0330734252929688 -0.0313377380371094
0.0149459838867188 -0.0260963439941406 0.0147361755371094 -0.0396804809570313
0.0138759613037109 -0.0244960784912109 0.00381851196289063 -0.0303974151611328
0.0151462554931641 -0.0295906066894531 0.00291061401367187 -0.0236492156982422
0.0241527557373047 -0.0241317749023438 0.000638961791992187 -0.0208454132080078
0.0372467041015625 -0.007568359375 -0.00225448608398437 -0.0171003341674805
0.0382270812988281 0.0154228210449219 0.00383377075195313 -0.0224056243896484
0.015533447265625 0.0449142456054688 0.0105876922607422 -0.0262546539306641
-0.0059051513671875 0.0582389831542969 0.0222663879394531 -0.0293941497802734
-0.0316925048828125 0.0533065795898438 0.0262928009033203 -0.0236473083496094
-0.0486869812011719 0.051025390625 0.0418624877929688 0.00814437866210938
-0.0188789367675781 0.0537872314453125 0.0092325210571289 0.0163993835449219
0.004364013671875 0.0551300048828125 0.00680351257324219 0.0322208404541016
0.0345497131347656 0.0340766906738281 0.0332393646240234 0.0249710083007813
0.0411300659179688 0.00733184814453125 0.0366973876953125 0.0016021728515625
0.0358963012695313 -0.0226287841796875 0.0287532806396484 -0.0224781036376953
0.0226249694824219 -0.0356788635253906 0.0113563537597656 -0.0280742645263672
0.0204181671142578 -0.0335063934326172 0.000434875488281253 -0.0188922882080078
0.0216255187988281 -0.0403366088867188 -0.00152683258056641 -0.0119209289550781
0.03173828125 -0.0328540802001953 -0.00689888000488281 -0.0120534896850586
0.0475616455078125 -0.0102462768554688 -0.0105800628662109 -0.00971412658691406
0.0476646423339844 0.0174102783203125 -0.0032958984375 -0.018890380859375
0.0184898376464844 0.0546150207519531 0.00475883483886719 -0.0232772827148437
-0.00986862182617187 0.0670089721679688 0.0165987014770508 -0.0174646377563477
-0.0423126220703125 0.056915283203125 0.0117397308349609 -0.00829029083251953
-0.0585784912109375 0.0469474792480469 0.0211734771728516 0.0257606506347656
-0.0322303771972656 0.0587120056152344 -0.00242996215820313 0.0317001342773438
-0.00214385986328124 0.0666275024414063 0.000156402587890621 0.0376968383789063
0.0381927490234375 0.045562744140625 0.0240230560302734 0.0296649932861328
0.0490379333496094 0.0117225646972656 0.026458740234375 0.00884056091308594
0.0442733764648437 -0.02508544921875 0.0199489593505859 -0.01019287109375
0.0266952514648437 -0.0399360656738281 0.00601577758789063 -0.0128984451293945
0.0235176086425781 -0.0382156372070313 -0.00377607345581055 -0.00450468063354493
0.0251083374023438 -0.0453643798828125 -0.00571393966674805 0.00314235687255859
0.0348358154296875 -0.0362434387207031 -0.0141191482543945 0.000597000122070312
0.0520858764648438 -0.0119705200195313 -0.0184402465820313 -0.00138473510742188
0.050201416015625 0.0184860229492188 -0.0104246139526367 -0.014500617980957
0.0175933837890625 0.0572776794433594 0.00063133239746094 -0.0190925598144531
-0.0145988464355469 0.0676460266113281 0.0125970840454102 -0.00505447387695312
-0.0475807189941406 0.0526771545410156 -0.00485420227050782 0.0073390007019043
-0.0581016540527344 0.0341720581054688 -0.00188827514648438 0.0402946472167969
-0.0399208068847656 0.0504684448242187 -0.015716552734375 0.0430870056152344
-0.0107460021972656 0.0645637512207031 -0.006866455078125 0.0400047302246094
0.0323486328125 0.0482826232910156 0.0116615295410156 0.0313358306884766
0.0469703674316406 0.0152091979980469 0.0133676528930664 0.0145130157470703
0.0437736511230469 -0.0226860046386719 0.0097808837890625 0.00258159637451172
0.0267753601074219 -0.0376663208007813 -5.55515289306627E-05 0.00326800346374512
0.0234832763671875 -0.0358123779296875 -0.00704288482666016 0.0106048583984375
0.0247077941894531 -0.0430946350097656 -0.0102787017822266 0.0177593231201172
0.0331687927246094 -0.0346164703369141 -0.0211601257324219 0.0128669738769531
0.0491142272949219 -0.01043701171875 -0.0252857208251953 0.00681495666503906
0.0460166931152344 0.01824951171875 -0.0163497924804687 -0.010528564453125
0.0124855041503906 0.05389404296875 -0.0022430419921875 -0.0154533386230469
-0.0193252563476563 0.0594253540039063 0.00705385208129883 0.00529813766479493
-0.0485115051269531 0.0408248901367187 -0.0217456817626953 0.0208320617675781
-0.0465278625488281 0.0152320861816406 -0.0228462219238281 0.0492439270019531
-0.0373344421386719 0.0317306518554688 -0.0276565551757812 0.04901123046875
-0.0159950256347656 0.0474090576171875 -0.0126800537109375 0.0379295349121094
0.0207443237304687 0.0403556823730469 0.000392913818359377 0.0294837951660156
0.0354042053222656 0.0145454406738281 0.00137519836425781 0.0173959732055664
0.035552978515625 -0.0167922973632813 -0.00109004974365234 0.0134916305541992
0.0217647552490234 -0.0290260314941406 -0.00561141967773437 0.0185222625732422
0.0195198059082031 -0.0283756256103516 -0.00957298278808594 0.0240497589111328
0.0205955505371094 -0.0348758697509766 -0.0134792327880859 0.0303916931152344
0.0282135009765625 -0.0276832580566406 -0.0269927978515625 0.0234832763671875
0.040863037109375 -0.0079193115234375 -0.0315284729003906 0.012725830078125
0.0366706848144531 0.0169639587402344 -0.0225276947021484 -0.00781249999999999
0.00600051879882813 0.0455894470214844 -0.00552654266357422 -0.0136098861694336
-0.02215576171875 0.0445365905761719 0.000874519348144531 0.0134639739990234
-0.0444259643554688 0.0233078002929687 -0.0388679504394531 0.0306930541992187
-0.0272064208984375 -0.00637245178222656 -0.0355453491210937 0.0516357421875
-0.0269489288330078 0.00858497619628906 -0.0339279174804688 0.0498809814453125
-0.0168876647949219 0.0224323272705078 -0.0151538848876953 0.0348587036132812
0.00664710998535156 0.0242424011230469 -0.00759124755859375 0.0265922546386719
0.0185279846191406 0.00995063781738281 -0.00661468505859375 0.0186824798583984
0.0208396911621094 -0.00855636596679688 -0.00775146484375 0.0207347869873047
0.0134954452514648 -0.0162229537963867 -0.00912094116210937 0.0287017822265625
0.0118827819824219 -0.0168800354003906 -0.0104446411132812 0.0339412689208984
0.0138339996337891 -0.0215530395507813 -0.0165176391601562 0.0395965576171875
0.0187206268310547 -0.0178718566894531 -0.0313262939453125 0.0314064025878906
0.0281009674072266 -0.00433540344238281 -0.0365791320800781 0.0164642333984375
0.0245532989501953 0.0130348205566406 -0.0276451110839844 -0.00613021850585938
-1.71661376953142E-05 0.0319404602050781 -0.00946044921875 -0.0131902694702148
-0.0216579437255859 0.0259819030761719 -0.00592136383056641 0.0167655944824219
-0.0341453552246094 0.00379180908203125 -0.0533943176269531 0.0338478088378906
0.0109758377075195 0.014826774597168 0.0573844909667969 -0.037689208984375
0.0161170959472656 -0.00651264190673828 0.0141143798828125 -0.0188007354736328
0.000768661499023436 -0.011866569519043 0.008758544921875 0.0150337219238281
-0.00968551635742188 -0.00477409362792969 0.0359382629394531 0.0116195678710937
-0.00922203063964844 0.00319671630859375 0.0425910949707031 -0.014556884765625
-0.00560426712036133 0.00754690170288086 0.0313911437988281 -0.0393867492675781
-0.00322699546813965 0.00391530990600586 0.0153579711914063 -0.04833984375
-0.00461959838867188 0.00351333618164063 0.00749588012695312 -0.0403518676757813
-0.00628471374511719 0.00261974334716797 0.00695991516113281 -0.0342845916748047
-0.00486469268798828 -0.00330305099487305 0.00936508178710937 -0.0274734497070312
0.00021982192993164 -0.00741767883300781 0.00748825073242188 -0.0241260528564453
0.00917148590087891 -0.00599098205566406 0.0112876892089844 -0.0272197723388672
0.0155363082885742 0.00403594970703125 0.0207138061523438 -0.0330562591552734
0.0151767730712891 0.0185585021972656 0.0328369140625 -0.0477371215820312
0.00643730163574219 0.0267581939697266 0.0425071716308594 -0.0492210388183594
-0.00961685180664062 0.0341873168945313 0.06085205078125 -0.0278892517089844
0.00875949859619141 0.017390251159668 0.0178661346435547 -0.0116310119628906
0.00592517852783203 0.0100269317626953 0.0109481811523437 0.0187835693359375
0.00704479217529297 0.00574541091918945 0.0385780334472656 0.0142440795898438
0.00826883316040039 0.00181961059570312 0.0443382263183594 -0.0125694274902344
0.00808906555175781 -0.00525999069213867 0.0331344604492188 -0.0386695861816406
0.0052652359008789 -0.0128622055053711 0.0148048400878906 -0.0479736328125
0.00429248809814453 -0.0119533538818359 0.00506210327148437 -0.03839111328125
0.00482082366943359 -0.0150241851806641 0.00521278381347656 -0.0325603485107422
0.0108757019042969 -0.0146083831787109 0.00546455383300781 -0.0269031524658203
0.0208625793457031 -0.0073394775390625 0.00380706787109375 -0.0224475860595703
0.02532958984375 0.00685310363769531 0.00862884521484375 -0.0260791778564453
0.0149040222167969 0.0281314849853516 0.0159778594970703 -0.0303153991699219
0.0034942626953125 0.0419998168945312 0.0278358459472656 -0.041351318359375
-0.014434814453125 0.0444259643554688 0.0378646850585938 -0.0400657653808594
-0.0304183959960938 0.0477981567382813 0.0562057495117187 -0.0128097534179687
-0.00294876098632812 0.0390396118164062 0.0165719985961914 0.000130653381347659
0.008636474609375 0.0346107482910156 0.0107574462890625 0.0255355834960938
0.0241508483886719 0.0190925598144531 0.0390090942382813 0.0187644958496094
0.0267295837402344 0.00317573547363281 0.0431709289550781 -0.00702667236328125
0.0226688385009766 -0.0167484283447266 0.0324115753173828 -0.0336380004882813
0.0140743255615234 -0.0274753570556641 0.0130043029785156 -0.04107666015625
0.0126838684082031 -0.0256271362304688 0.00202178955078125 -0.0312099456787109
0.0136241912841797 -0.0305328369140625 0.00164985656738281 -0.0244789123535156
0.0232887268066406 -0.026336669921875 -0.000961303710937498 -0.0217247009277344
0.0371360778808594 -0.00972366333007813 -0.003387451171875 -0.0176467895507813
0.0396614074707031 0.0135154724121094 0.00285720825195313 -0.0237541198730469
0.0177993774414062 0.0455665588378906 0.00993156433105469 -0.0277633666992188
-0.00340652465820312 0.0597267150878906 0.0213527679443359 -0.0309982299804687
-0.0304222106933594 0.0558433532714844 0.0257701873779297 -0.0265293121337891
-0.04791259765625 0.053955078125 0.0428047180175781 0.00578689575195313
-0.0172767639160156 0.0554046630859375 0.00980758666992187 0.0160560607910156
0.00757598876953125 0.0564689636230469 0.0072174072265625 0.0331020355224609
0.0370674133300781 0.03326416015625 0.0347518920898438 0.0247287750244141
0.0421257019042969 0.0054931640625 0.03753662109375 0.000591278076171875
0.0349216461181641 -0.0248756408691406 0.0282096862792969 -0.0238170623779297
0.0209617614746094 -0.0379104614257813 0.00995826721191407 -0.0288906097412109
0.01910400390625 -0.0356559753417969 -0.00134658813476562 -0.0191936492919922
0.0197067260742188 -0.0422096252441406 -0.00260162353515625 -0.0116491317749023
0.0308380126953125 -0.0348129272460937 -0.00833415985107422 -0.011622428894043
0.0483360290527344 -0.0138702392578125 -0.0114269256591797 -0.00989627838134766
0.0495872497558594 0.0159797668457031 -0.00453376770019531 -0.0196456909179688
0.0212745666503906 0.05499267578125 0.004364013671875 -0.0238113403320313
-0.00716781616210938 0.0691070556640625 0.0166053771972656 -0.0188789367675781
-0.0405769348144531 0.060333251953125 0.011561393737793 -0.0101175308227539
-0.0581855773925781 0.050079345703125 0.0225791931152344 0.0249233245849609
-0.0304069519042969 0.0607833862304688 -0.00144195556640625 0.0317535400390625
0.000492095947265618 0.068572998046875 0.00124359130859375 0.0390968322753906
0.0408821105957031 0.0445137023925781 0.0254459381103516 0.0297126770019531
0.0505790710449219 0.00915145874023438 0.0273513793945313 0.00815010070800781
0.0424156188964844 -0.0283470153808594 0.020172119140625 -0.0112571716308594
0.0245018005371094 -0.0424575805664063 0.00498580932617188 -0.0129375457763672
0.021820068359375 -0.0397186279296875 -0.00426292419433594 -0.00430870056152344
0.0224723815917969 -0.0477943420410156 -0.00602293014526367 0.0033574104309082
0.0333747863769531 -0.0389976501464844 -0.0151615142822266 0.00124359130859375
0.0518455505371094 -0.015533447265625 -0.0191917419433594 -0.000719070434570312
0.0520706176757813 0.0158157348632813 -0.0111589431762695 -0.0150642395019531
0.0205574035644531 0.0577926635742188 0.000551223754882815 -0.0203018188476563
-0.0112991333007812 0.0696029663085938 0.0121755599975586 -0.00626182556152343
-0.046905517578125 0.0559234619140625 -0.00498247146606445 0.00702619552612305
-0.057891845703125 0.0374603271484375 -0.00032806396484375 0.0408287048339844
-0.038421630859375 0.0528602600097656 -0.0145492553710937 0.044189453125
-0.007965087890625 0.0665245056152344 -0.00597000122070312 0.0410575866699219
0.03558349609375 0.0472793579101563 0.0127449035644531 0.0316352844238281
0.04852294921875 0.0127639770507812 0.0140066146850586 0.0151538848876953
0.0431137084960938 -0.0256195068359375 0.0104894638061523 0.00234699249267578
0.024993896484375 -0.0400619506835938 -0.000159263610839842 0.00371265411376953
0.021820068359375 -0.03790283203125 -0.00727939605712891 0.011082649230957
0.0224685668945313 -0.0456809997558594 -0.00973129272460938 0.0185070037841797
0.0320320129394531 -0.036773681640625 -0.021484375 0.0141448974609375
0.0493850708007813 -0.0140914916992187 -0.0254173278808594 0.00764656066894531
0.0478248596191406 0.0161361694335938 -0.0172061920166016 -0.0102338790893555
0.0157890319824219 0.0542068481445313 -0.00335788726806641 -0.0161199569702148
-0.0164146423339844 0.0617713928222656 0.00769519805908203 0.00431203842163086
-0.0479393005371094 0.0442237854003906 -0.0216388702392578 0.0218372344970703
-0.0460929870605469 0.0179901123046875 -0.0217971801757813 0.0510330200195313
-0.0359039306640625 0.033721923828125 -0.0267906188964844 0.051177978515625
-0.0136947631835938 0.0496368408203125 -0.011627197265625 0.0395355224609375
0.0230293273925781 0.0396499633789063 0.00122642517089844 0.0302371978759766
0.0370140075683594 0.0126304626464844 0.00189781188964844 0.0182304382324219
0.0349998474121094 -0.0190525054931641 -0.000458717346191404 0.0134344100952148
0.0207691192626953 -0.030731201171875 -0.00522613525390625 0.0190544128417969
0.0177574157714844 -0.0302410125732422 -0.00894546508789062 0.0254306793212891
0.0190048217773437 -0.0369148254394531 -0.0125885009765625 0.0314407348632813
0.0263729095458984 -0.0299777984619141 -0.0264644622802734 0.0257587432861328
0.0409584045410156 -0.0103492736816406 -0.031646728515625 0.0150299072265625
0.038177490234375 0.0149345397949219 -0.0235691070556641 -0.0066680908203125
0.00872421264648438 0.0460319519042969 -0.00700569152832031 -0.0138111114501953
-0.0198249816894531 0.0468673706054688 0.00210857391357422 0.0135717391967773
-0.0443801879882813 0.02587890625 -0.0380859375 0.032623291015625
-0.0272674560546875 -0.00485610961914063 -0.0343551635742188 0.0542678833007812
-0.0267620086669922 0.00991630554199219 -0.0329208374023437 0.0524673461914063
-0.0157203674316406 0.0238056182861328 -0.0145225524902344 0.0360984802246094
0.00860977172851563 0.0237197875976563 -0.00674629211425781 0.0282211303710937
0.0192623138427734 0.00913047790527344 -0.00597000122070313 0.0200481414794922
0.0203514099121094 -0.00987434387207031 -0.00696372985839843 0.0216522216796875
0.0125112533569336 -0.0172700881958008 -0.00811004638671875 0.0297107696533203
0.0111827850341797 -0.0179157257080078 -0.00925445556640625 0.0347003936767578
0.0127105712890625 -0.0229949951171875 -0.0148773193359375 0.0411911010742187
0.0177173614501953 -0.0191936492919922 -0.0307254791259766 0.0335540771484375
0.0281505584716797 -0.00646781921386719 -0.0365257263183594 0.0187301635742188
0.0256309509277344 0.011749267578125 -0.0285930633544922 -0.0050506591796875
0.00144195556640625 0.0325145721435547 -0.010676383972168 -0.0129919052124023
-0.0206394195556641 0.0270004272460938 -0.0054769515991211 0.0173120498657227
-0.0345077514648438 0.00525283813476563 -0.0525856018066406 0.0362167358398437
0.0108833312988281 0.0146675109863281 0.0552940368652344 -0.0402679443359375
0.0158538818359375 -0.00708961486816406 0.0130481719970703 -0.0194988250732422
-4.67300415039069E-05 -0.0118436813354492 0.00961399078369141 0.014704704284668
-0.00971317291259766 -0.00443077087402344 0.0362739562988281 0.00998306274414063
-0.00888729095458984 0.00345420837402344 0.0416984558105469 -0.0166244506835938
-0.00513029098510742 0.0077977180480957 0.0296401977539062 -0.0405769348144531
-0.00318765640258789 0.00388336181640625 0.012847900390625 -0.0496292114257813
-0.00430798530578613 0.00397896766662598 0.0056304931640625 -0.0405120849609375
-0.00552654266357422 0.00286388397216797 0.00484275817871094 -0.0346546173095703
-0.0044703483581543 -0.00293064117431641 0.00783538818359375 -0.0277175903320313
0.000193595886230469 -0.0067591667175293 0.00556373596191406 -0.02471923828125
0.00873327255249023 -0.00607919692993164 0.00985908508300781 -0.0283260345458984
0.0152673721313477 0.00374126434326172 0.0198249816894531 -0.0343265533447266
0.0158061981201172 0.0176792144775391 0.0305862426757813 -0.0497589111328125
0.00756072998046875 0.0262031555175781 0.0405235290527344 -0.0517730712890625
-0.00837898254394531 0.0348567962646484 0.0592880249023438 -0.0310211181640625
0.00962257385253906 0.0165529251098633 0.0169496536254883 -0.0127782821655273
0.00670528411865234 0.00983715057373047 0.0114936828613281 0.0189094543457031
0.00754737854003906 0.00517749786376953 0.0393905639648438 0.0125579833984375
0.00883007049560547 0.00121879577636719 0.0435829162597656 -0.0144271850585938
0.00781154632568359 -0.00621604919433594 0.0312232971191406 -0.0399932861328125
0.00413990020751953 -0.0132474899291992 0.0123291015625 -0.0485076904296875
0.00405025482177734 -0.0124111175537109 0.00318527221679688 -0.03851318359375
0.00389671325683594 -0.0152683258056641 0.0029144287109375 -0.0324478149414063
0.0101003646850586 -0.0153417587280273 0.00406455993652344 -0.0272789001464844
0.0204658508300781 -0.00814056396484375 0.00208091735839844 -0.0230712890625
0.0256881713867188 0.00562858581542969 0.00740623474121094 -0.0269985198974609
0.0159950256347656 0.0273933410644531 0.0152339935302734 -0.0314140319824219
0.00558853149414062 0.0421409606933594 0.0261459350585937 -0.0428619384765625
-0.01251220703125 0.0451011657714844 0.0360069274902344 -0.0426788330078125
-0.0286979675292969 0.0496902465820312 0.0552711486816406 -0.015869140625
-0.00118637084960938 0.0386428833007813 0.0158481597900391 -0.000704765319824216
0.0106639862060547 0.0342426300048828 0.0113239288330078 0.0254993438720703
0.0254573822021484 0.0174007415771484 0.0397682189941406 0.0178680419921875
0.0267486572265625 0.00117301940917969 0.0428848266601563 -0.00875091552734375
0.0215721130371094 -0.017791748046875 0.0308971405029297 -0.0350608825683594
0.0120334625244141 -0.0288448333740234 0.0107002258300781 -0.0414772033691406
0.0114631652832031 -0.0261116027832031 -0.000152587890624996 -0.0309810638427734
0.0118789672851562 -0.0317440032958984 -0.000246047973632813 -0.0243148803710938
0.021881103515625 -0.0274066925048828 -0.00269699096679687 -0.0216312408447266
0.0366020202636719 -0.0119094848632813 -0.00457763671875 -0.0179576873779297
0.0403327941894531 0.0112991333007813 0.00156974792480469 -0.024444580078125
0.0200653076171875 0.0451736450195313 0.00910568237304688 -0.0283355712890625
-0.000274658203124999 0.0598602294921875 0.0205821990966797 -0.0325984954833984
-0.0281219482421875 0.0571403503417969 0.0247707366943359 -0.0281944274902344
-0.0455703735351562 0.0562934875488281 0.0427818298339844 0.0030670166015625
-0.0147590637207031 0.0559043884277344 0.0102767944335937 0.0149116516113281
0.0101737976074219 0.0561790466308594 0.00828170776367187 0.0333251953125
0.0385055541992187 0.0313835144042969 0.035552978515625 0.0236892700195313
0.0423698425292969 0.002838134765625 0.0376472473144531 -0.000438690185546875
0.0335216522216797 -0.0268001556396484 0.0272579193115234 -0.0248184204101563
0.0184440612792969 -0.0392608642578125 0.00819015502929688 -0.0294532775878906
0.0167694091796875 -0.0363540649414063 -0.00268363952636718 -0.0187397003173828
0.0169944763183594 -0.0437164306640625 -0.00332546234130859 -0.0114870071411133
0.0283927917480469 -0.0364532470703125 -0.00963592529296875 -0.0111570358276367
0.0469818115234375 -0.0167655944824219 -0.0122051239013672 -0.0096588134765625
0.0500602722167969 0.0124893188476563 -0.00559043884277343 -0.0198802947998047
0.0239715576171875 0.0545768737792969 0.00321197509765625 -0.0243930816650391
-0.00328445434570312 0.0694122314453125 0.0159664154052734 -0.0205860137939453
-0.0382575988769531 0.0619926452636719 0.0106105804443359 -0.0115108489990234
-0.0556564331054688 0.0533103942871094 0.0227642059326172 0.0235061645507813
-0.0273704528808594 0.0616035461425781 -0.000436782836914067 0.0310249328613281
0.00404357910156249 0.0687141418457031 0.00217056274414062 0.0393905639648438
0.0434150695800781 0.0420722961425781 0.0259380340576172 0.0290699005126953
0.0507736206054688 0.00672149658203125 0.0277271270751953 0.00791740417480469
0.0408248901367188 -0.0304031372070313 0.0199317932128906 -0.0119304656982422
0.0221977233886719 -0.0443649291992188 0.00430011749267578 -0.0135507583618164
0.0193748474121094 -0.0406761169433594 -0.00517129898071289 -0.0035238265991211
0.0197715759277344 -0.0490989685058594 -0.00644445419311523 0.00348329544067383
0.0308914184570312 -0.0406570434570313 -0.0157785415649414 0.00204658508300781
0.0505409240722656 -0.0186500549316406 -0.0191459655761719 3.8146972656258E-06
0.0527915954589844 0.012786865234375 -0.0122623443603516 -0.0148868560791016
0.0233230590820313 0.0565376281738281 -0.000547409057617185 -0.0202045440673828
-0.00751113891601563 0.0701789855957031 0.012359619140625 -0.0075845718383789
-0.0442123413085937 0.0579719543457031 -0.00470876693725586 0.00648927688598633
-0.0558013916015625 0.0403175354003906 0.00163650512695312 0.0405998229980469
-0.0358810424804688 0.0543060302734375 -0.0128517150878906 0.0442428588867188
-0.00500106811523438 0.0671310424804688 -0.00478363037109375 0.0415000915527344
0.0378494262695312 0.0451812744140625 0.0134811401367187 0.0313491821289063
0.0489006042480469 0.00997543334960938 0.0150470733642578 0.015167236328125
0.0413856506347656 -0.0278892517089844 0.0106115341186523 0.00185680389404297
0.022247314453125 -0.0416984558105469 0.000130176544189455 0.00385379791259765
0.0195960998535156 -0.0390586853027344 -0.00686073303222656 0.0120449066162109
0.019195556640625 -0.0472908020019531 -0.00904273986816406 0.0188694000244141
0.0295982360839844 -0.0390434265136719 -0.0209827423095703 0.015289306640625
0.0483818054199219 -0.0172576904296875 -0.0251998901367187 0.00891876220703125
0.0485763549804688 0.0131187438964844 -0.0185127258300781 -0.00995254516601562
0.0187568664550781 0.0537185668945313 -0.00430870056152344 -0.0160961151123047
-0.013092041015625 0.0621490478515625 0.00750207901000976 0.0041799545288086
-0.0460090637207031 0.0465278625488281 -0.0209083557128906 0.0225486755371094
-0.0448799133300781 0.020172119140625 -0.0190887451171875 0.0522232055664063
-0.0345001220703125 0.0352249145507812 -0.0243873596191406 0.0520439147949219
-0.0115432739257812 0.0500564575195313 -0.0111198425292969 0.0404472351074219
0.0255851745605469 0.0378532409667969 0.00208663940429688 0.0303745269775391
0.0374870300292969 0.0107841491699219 0.00238418579101563 0.0182857513427734
0.0331840515136719 -0.0211944580078125 0.000399589538574219 0.0137491226196289
0.0183925628662109 -0.0323200225830078 -0.00442886352539063 0.0196056365966797
0.0157794952392578 -0.0307884216308594 -0.0077667236328125 0.0256938934326172
0.0163421630859375 -0.0379791259765625 -0.0110111236572266 0.0321178436279297
0.0242424011230469 -0.0315303802490234 -0.0252132415771484 0.0272274017333984
0.0401039123535156 -0.0129165649414063 -0.0309829711914063 0.0162277221679688
0.0388908386230469 0.0129318237304688 -0.0242233276367188 -0.00610733032226562
0.0107688903808594 0.0455894470214844 -0.00757217407226562 -0.0135478973388672
-0.0176353454589844 0.0474929809570312 0.0024871826171875 0.0131082534790039
-0.0431709289550781 0.0282096862792969 -0.0367851257324219 0.0334358215332031
-0.0272598266601563 -0.00383567810058593 -0.0317306518554688 0.0561065673828125
-0.0263042449951172 0.0109424591064453 -0.0302848815917969 0.0536994934082031
-0.0146942138671875 0.0247287750244141 -0.0136756896972656 0.0367813110351562
0.00966453552246094 0.0231094360351563 -0.00574874877929688 0.0287857055664063
0.0194854736328125 0.00768470764160156 -0.00537300109863281 0.0206108093261719
0.0190925598144531 -0.0113391876220703 -0.00563240051269531 0.0218009948730469
0.0113735198974609 -0.0179328918457031 -0.00640106201171875 0.0304813385009766
0.00987434387207031 -0.0179882049560547 -0.00726318359375 0.0353965759277344
0.0110092163085937 -0.0236797332763672 -0.0131416320800781 0.0417213439941406
0.0160980224609375 -0.02020263671875 -0.0293312072753906 0.0348968505859375
0.0273075103759766 -0.00809669494628906 -0.0352249145507813 0.0201835632324219
0.0260105133056641 0.0101203918457031 -0.0290374755859375 -0.00384712219238281
0.00339508056640625 0.0323677062988281 -0.0111837387084961 -0.0127506256103516
-0.0192108154296875 0.0275592803955078 -0.0046682357788086 0.0174570083618164
-0.0342292785644531 0.00710868835449219 -0.0504379272460938 0.0386810302734375
0.0110282897949219 0.0141143798828125 0.0528602600097656 -0.0417823791503906
0.0148725509643555 -0.00722217559814453 0.0117454528808594 -0.0196876525878906
4.1961669921876E-05 -0.0119247436523437 0.00982189178466797 0.0151338577270508
-0.00936126708984375 -0.00390434265136719 0.0361213684082031 0.00896453857421875
-0.00842189788818359 0.0038142204284668 0.040283203125 -0.0175323486328125
-0.00476646423339844 0.00797748565673828 0.0279006958007813 -0.0408897399902344
-0.0028831958770752 0.00363898277282715 0.0108489990234375 -0.0488853454589844
-0.00392031669616699 0.0040585994720459 0.00407791137695312 -0.0398521423339844
-0.00548124313354492 0.00314044952392578 0.00340652465820313 -0.0345249176025391
-0.00504779815673828 -0.00247716903686523 0.00611686706542969 -0.0279464721679688
-0.000113487243652343 -0.00708818435668945 0.00454139709472656 -0.0249824523925781
0.00857686996459961 -0.0061955451965332 0.00927734375 -0.0285549163818359
0.0151653289794922 0.00306606292724609 0.0190887451171875 -0.0343132019042969
0.0158205032348633 0.0170917510986328 0.028900146484375 -0.0498504638671875
0.00816917419433594 0.0253715515136719 0.0385932922363281 -0.0528945922851563
-0.00777626037597656 0.0348644256591797 0.0573577880859375 -0.0325393676757813
0.00954055786132813 0.0159139633178711 0.0156707763671875 -0.0133590698242187
0.00731277465820313 0.00953292846679688 0.0116367340087891 0.0190296173095703
0.00814294815063477 0.00477933883666992 0.0390892028808594 0.0114326477050781
0.00861072540283203 0.00101804733276367 0.0430107116699219 -0.0153770446777344
0.00738954544067383 -0.00624418258666992 0.0293121337890625 -0.0404167175292969
0.00371360778808594 -0.0133857727050781 0.0106887817382813 -0.0479927062988281
0.00354576110839844 -0.0121631622314453 0.00152206420898438 -0.0379142761230469
0.00348854064941406 -0.015167236328125 0.00155830383300782 -0.0321369171142578
0.00951385498046875 -0.0155706405639648 0.00279808044433594 -0.0271511077880859
0.0196990966796875 -0.00877189636230469 0.0013885498046875 -0.0231857299804688
0.0253467559814453 0.00493240356445313 0.00643348693847656 -0.0273990631103516
0.0166835784912109 0.0271587371826172 0.0145359039306641 -0.0313873291015625
0.00681304931640625 0.041290283203125 0.0248985290527344 -0.0435447692871094
-0.0112648010253906 0.0443763732910156 0.0336074829101563 -0.04376220703125
-0.02679443359375 0.0499153137207031 0.0536537170410156 -0.0173606872558594
-0.000480651855468751 0.03778076171875 0.0152473449707031 -0.00188159942626953
0.0116748809814453 0.0334434509277344 0.0114536285400391 0.0253067016601563
0.0255756378173828 0.0166339874267578 0.0393524169921875 0.0163154602050781
0.0263786315917969 0.000307083129882813 0.0423927307128906 -0.00920486450195313
0.0203819274902344 -0.0186004638671875 0.0294418334960938 -0.0354194641113281
0.0106925964355469 -0.0287532806396484 0.00926589965820312 -0.0413131713867187
0.0104446411132813 -0.0263099670410156 -0.00111579895019531 -0.0298614501953125
0.0104084014892578 -0.031890869140625 -0.00103569030761719 -0.0236396789550781
0.0200366973876953 -0.0278491973876953 -0.00335502624511719 -0.0210094451904297
0.0354499816894531 -0.01312255859375 -0.00572586059570312 -0.0177860260009766
0.0398979187011719 0.0101509094238281 0.000419616699218751 -0.0247802734375
0.0208969116210938 0.0436019897460938 0.00837326049804688 -0.0285434722900391
0.00168228149414062 0.0590934753417969 0.0194587707519531 -0.0335216522216797
-0.0259056091308594 0.0572090148925781 0.0230827331542969 -0.0296726226806641
-0.043548583984375 0.0568733215332031 0.0414619445800781 0.00145339965820313
-0.0133476257324219 0.0548744201660156 0.010035514831543 0.0137414932250977
0.0119209289550781 0.0550994873046875 0.00854873657226563 0.0328578948974609
0.0386314392089844 0.0291366577148437 0.0349864959716797 0.0226345062255859
0.0412750244140625 0.00182342529296875 0.0372772216796875 -0.001007080078125
0.0315055847167969 -0.0275783538818359 0.0260334014892578 -0.0251884460449219
0.0162010192871094 -0.0398025512695313 0.00689506530761719 -0.0291347503662109
0.0149803161621094 -0.0364341735839844 -0.003631591796875 -0.0177135467529297
0.0145912170410156 -0.04339599609375 -0.0042266845703125 -0.0114908218383789
0.0262794494628906 -0.0373916625976563 -0.00985622406005859 -0.0103836059570313
0.0453910827636719 -0.0182075500488281 -0.0126724243164062 -0.00955963134765625
0.0493049621582031 0.0105323791503906 -0.00641822814941406 -0.0203285217285156
0.025482177734375 0.0529441833496094 0.0030517578125 -0.0241584777832031
-0.00110626220703125 0.0684928894042969 0.0152645111083984 -0.0213050842285156
-0.0361099243164062 0.0620651245117187 0.00999259948730469 -0.0125694274902344
-0.0532569885253906 0.0538215637207031 0.0234718322753906 0.0224246978759766
-0.02557373046875 0.0613441467285156 -7.62939453125009E-05 0.0301399230957031
0.00663757324218749 0.0677528381347656 0.0024261474609375 0.0389022827148438
0.0439567565917969 0.03961181640625 0.0263156890869141 0.0282173156738281
0.050018310546875 0.00489425659179688 0.0274868011474609 0.00757026672363281
0.0388298034667969 -0.0314712524414063 0.0194683074951172 -0.0124607086181641
0.0197715759277344 -0.0441856384277344 0.00362682342529297 -0.0127782821655273
0.0179519653320313 -0.0407752990722656 -0.0056157112121582 -0.00298786163330078
0.0167617797851562 -0.0486183166503906 -0.00612401962280273 0.00360870361328125
0.028656005859375 -0.041229248046875 -0.0156841278076172 0.00258159637451172
0.0487785339355469 -0.0206375122070313 -0.0195178985595703 0.000545501708984375
0.0519256591796875 0.0107650756835937 -0.0131101608276367 -0.0146522521972656
0.02520751953125 0.0551795959472656 -0.00102615356445312 -0.0204429626464844
-0.00471878051757812 0.069183349609375 0.0119647979736328 -0.00813102722167968
-0.0422782897949219 0.0585556030273437 -0.00433731079101563 0.00610208511352539
-0.0538063049316406 0.04095458984375 0.00244903564453125 0.039581298828125
-0.0335922241210938 0.0538978576660156 -0.0117263793945312 0.043609619140625
-0.002593994140625 0.066558837890625 -0.00417709350585938 0.0410575866699219
0.0383834838867188 0.0427055358886719 0.0135841369628906 0.0307865142822266
0.0485191345214844 0.00846099853515625 0.0150585174560547 0.0150203704833984
0.0390968322753906 -0.0293350219726563 0.0105838775634766 0.00143718719482422
0.0203437805175781 -0.0419998168945313 0.000152826309204103 0.003753662109375
0.0175590515136719 -0.0390815734863281 -0.00666046142578125 0.0122804641723633
0.0164375305175781 -0.0471839904785156 -0.00834083557128906 0.0188407897949219
0.0269889831542969 -0.0395393371582031 -0.0206127166748047 0.0158805847167969
0.0463523864746094 -0.0191688537597656 -0.0245761871337891 0.00931930541992187
0.0479507446289063 0.0107192993164063 -0.0184764862060547 -0.00926780700683594
0.020172119140625 0.0526351928710938 -0.00486660003662109 -0.0159540176391602
-0.0108222961425781 0.0613670349121094 0.00791358947753906 0.00335693359375
-0.0441856384277344 0.0471687316894531 -0.0199031829833984 0.0217323303222656
-0.0436744689941406 0.0207595825195313 -0.0175247192382812 0.0519866943359375
-0.0327491760253906 0.0360565185546875 -0.0232658386230469 0.05206298828125
-0.00932693481445312 0.0504989624023438 -0.0100173950195313 0.0397148132324219
0.0258026123046875 0.0363311767578125 0.00237655639648438 0.0303821563720703
0.0373191833496094 0.009185791015625 0.0035400390625 0.01910400390625
0.0318393707275391 -0.0223121643066406 0.000723838806152347 0.0134553909301758
0.0169696807861328 -0.0321502685546875 -0.00348854064941406 0.0196590423583984
0.0146598815917969 -0.0307502746582031 -0.00654983520507812 0.0256557464599609
0.0137062072753906 -0.0377311706542969 -0.00961494445800781 0.0319194793701172
0.0225315093994141 -0.0319023132324219 -0.0242671966552734 0.0275039672851563
0.0384254455566406 -0.0147476196289062 -0.0297355651855469 0.0167121887207031
0.0389213562011719 0.0112380981445312 -0.0239315032958984 -0.00544929504394531
0.012115478515625 0.0443878173828125 -0.00764083862304687 -0.0138254165649414
-0.0156326293945313 0.0471382141113281 0.00302600860595703 0.0123405456542969
-0.0419158935546875 0.0290565490722656 -0.0352897644042969 0.0338973999023438
-0.0267887115478516 -0.00282096862792969 -0.0298614501953125 0.0561981201171875
-0.0251846313476563 0.0111846923828125 -0.0290870666503906 0.0542182922363281
-0.0134181976318359 0.0247917175292969 -0.0123214721679688 0.0364952087402344
0.0101470947265625 0.0222053527832031 -0.00562858581542969 0.0291252136230469
0.0192928314208984 0.00698089599609375 -0.00440025329589844 0.0205821990966797
0.0182476043701172 -0.0115032196044922 -0.00463294982910156 0.0218448638916016
0.0104942321777344 -0.0179557800292969 -0.00500297546386719 0.0303897857666016
0.00937461853027344 -0.0180225372314453 -0.00640106201171875 0.0351486206054688
0.00927925109863281 -0.0239372253417969 -0.0114593505859375 0.0409126281738281
0.0152587890625 -0.0205821990966797 -0.0272941589355469 0.0350284576416016
0.0261135101318359 -0.00913429260253906 -0.0339527130126953 0.0209503173828125
0.0257148742675781 0.00932884216308594 -0.0288314819335938 -0.002777099609375
0.00445175170898438 0.0313587188720703 -0.0116653442382813 -0.0123910903930664
-0.0180015563964844 0.0274734497070313 -0.00394248962402344 0.0171794891357422
-0.0333919525146484 0.00768852233886719 -0.0484657287597656 0.0389862060546875
0.0109376907348633 0.014470100402832 0.0516433715820313 -0.0414962768554687
0.0141572952270508 -0.00754547119140625 0.0109081268310547 -0.0194797515869141
4.57763671875012E-05 -0.011937141418457 0.00973701477050781 0.0151052474975586
-0.00897979736328125 -0.00394821166992188 0.0360450744628906 0.00902175903320313
-0.00798416137695313 0.00379371643066406 0.0399322509765625 -0.0175209045410156
-0.0049290657043457 0.00731945037841797 0.0269775390625 -0.0402488708496094
-0.00334572792053223 0.00359535217285156 0.0102272033691406 -0.0481300354003906
-0.00341057777404785 0.00385856628417969 0.00357818603515625 -0.0394935607910156
-0.00497722625732422 0.00283050537109375 0.003143310546875 -0.0339393615722656
-0.0046539306640625 -0.002410888671875 0.00605392456054687 -0.0276393890380859
-0.000386714935302735 -0.00657510757446289 0.00433349609375 -0.0247554779052734
0.00832796096801758 -0.00606060028076172 0.00934028625488281 -0.0285835266113281
0.0148849487304688 0.00307273864746094 0.0192089080810547 -0.0345134735107422
0.0159540176391602 0.0167312622070313 0.0285835266113281 -0.0497970581054688
0.00789642333984375 0.0248603820800781 0.0380287170410156 -0.05291748046875
-0.00745582580566406 0.0347747802734375 0.0558395385742188 -0.0323715209960938
0.00915908813476563 0.015629768371582 0.0151243209838867 -0.0134716033935547
0.00732994079589844 0.00944900512695313 0.0117435455322266 0.0188732147216797
0.00809335708618164 0.00463962554931641 0.0389175415039062 0.0113945007324219
0.00870561599731445 0.000870227813720703 0.0425910949707031 -0.0148162841796875
0.00710725784301758 -0.00667572021484375 0.029266357421875 -0.0399703979492188
0.00327491760253906 -0.0137538909912109 0.00986480712890625 -0.0471687316894531
0.00368499755859375 -0.0120525360107422 0.00130081176757812 -0.0371551513671875
0.00304317474365234 -0.0152349472045898 0.00129127502441406 -0.0315361022949219
0.00895118713378906 -0.0153532028198242 0.00199127197265625 -0.0269660949707031
0.0193958282470703 -0.00886344909667969 0.000627517700195313 -0.0229721069335937
0.0250167846679687 0.004669189453125 0.00660324096679687 -0.0278892517089844
0.0166549682617187 0.0267601013183594 0.0146408081054688 -0.0315189361572266
0.00690460205078125 0.0405921936035156 0.0248222351074219 -0.0436172485351563
-0.0112724304199219 0.0439338684082031 0.0333595275878906 -0.0442619323730469
-0.0266151428222656 0.0496902465820313 0.0523529052734375 -0.0174598693847656
-0.000846862792968752 0.037689208984375 0.014653205871582 -0.00229454040527344
0.0120010375976563 0.0332355499267578 0.0115776062011719 0.0255107879638672
0.0252704620361328 0.0156879425048828 0.0389938354492188 0.0168190002441406
0.0260257720947266 -0.00017547607421875 0.0417022705078125 -0.008758544921875
0.0196418762207031 -0.0189361572265625 0.0289497375488281 -0.0348739624023438
0.0103836059570313 -0.0288772583007812 0.00849533081054687 -0.0409049987792969
0.0101890563964844 -0.0262050628662109 -0.00147438049316406 -0.0292091369628906
0.00938224792480469 -0.0315704345703125 -0.0019989013671875 -0.0234489440917969
0.0194683074951172 -0.0275955200195313 -0.00423431396484375 -0.0206394195556641
0.0347690582275391 -0.0137710571289062 -0.00557327270507812 -0.0178375244140625
0.0396652221679688 0.00988388061523438 0.000560760498046878 -0.0248985290527344
0.0214118957519531 0.0434379577636719 0.00912284851074219 -0.0284767150878906
0.00210189819335938 0.0583305358886719 0.0195693969726562 -0.0336437225341797
-0.0258636474609375 0.0567474365234375 0.0226249694824219 -0.0299892425537109
-0.0433197021484375 0.0563011169433594 0.04095458984375 0.00127792358398438
-0.0133247375488281 0.0539817810058594 0.00931167602539063 0.0131025314331055
0.0125770568847656 0.0548324584960938 0.00814628601074218 0.0328159332275391
0.0382804870605469 0.0284843444824219 0.0346240997314453 0.0227642059326172
0.0412101745605469 0.0011444091796875 0.0369987487792969 -0.000518798828125
0.0304584503173828 -0.0276908874511719 0.0257701873779297 -0.0252647399902344
0.0155410766601562 -0.0394134521484375 0.00692939758300781 -0.0285491943359375
0.0148162841796875 -0.03631591796875 -0.00384044647216797 -0.0169858932495117
0.01373291015625 -0.0428695678710938 -0.00443363189697265 -0.0112619400024414
0.0251083374023438 -0.0369682312011719 -0.0105094909667969 -0.0101280212402344
0.0441856384277344 -0.0189361572265625 -0.0127220153808594 -0.00955867767333984
0.0489501953125 0.0100784301757812 -0.00664329528808593 -0.0203075408935547
0.0253791809082031 0.0523834228515625 0.0032501220703125 -0.0246028900146484
-0.00075912475585938 0.0673751831054688 0.0147151947021484 -0.0218048095703125
-0.0355949401855469 0.0616989135742188 0.0092926025390625 -0.0126771926879883
-0.0528030395507812 0.0531044006347656 0.0223579406738281 0.0214653015136719
-0.0255546569824219 0.0599098205566406 -0.000562667846679692 0.0289878845214844
0.00694656372070313 0.0674591064453125 0.00210952758789063 0.0385246276855469
0.04376220703125 0.0388908386230469 0.0254993438720703 0.0282402038574219
0.0489997863769531 0.00460433959960938 0.0273189544677734 0.00823402404785156
0.0374755859375 -0.0313339233398438 0.0191078186035156 -0.0122623443603516
0.0187339782714844 -0.0438652038574219 0.00333404541015625 -0.0127649307250977
0.0171051025390625 -0.0404853820800781 -0.00564670562744141 -0.00235271453857422
0.0152854919433594 -0.048492431640625 -0.00651168823242188 0.00370359420776367
0.027130126953125 -0.0409622192382813 -0.0155124664306641 0.00298976898193359
0.0477638244628906 -0.0211143493652344 -0.0188503265380859 0.000141143798828122
0.0515022277832031 0.009735107421875 -0.0134286880493164 -0.014923095703125
0.0252876281738281 0.0542564392089844 -0.000995635986328123 -0.0200538635253906
-0.00419998168945313 0.0681800842285156 0.0117273330688477 -0.00877094268798828
-0.0418510437011719 0.058074951171875 -0.00457143783569336 0.0053553581237793
-0.0530281066894531 0.0409049987792969 0.00210571289062499 0.0391998291015625
-0.0335922241210938 0.0533370971679688 -0.0118484497070312 0.0428314208984375
-0.00198745727539062 0.0664596557617187 -0.005035400390625 0.0405197143554688
0.0384559631347656 0.0419044494628906 0.0130233764648438 0.0307769775390625
0.0476417541503906 0.00831985473632813 0.0152072906494141 0.0151634216308594
0.0380172729492188 -0.0291671752929688 0.0104894638061523 0.00139808654785156
0.0192222595214844 -0.0415420532226563 -0.000206232070922851 0.00383853912353515
0.0171279907226563 -0.0386543273925781 -0.00666618347167969 0.0124330520629883
0.0149383544921875 -0.0468902587890625 -0.00820732116699219 0.0183868408203125
0.0255928039550781 -0.0393714904785156 -0.0202445983886719 0.0157718658447266
0.0455398559570313 -0.0197372436523438 -0.0242519378662109 0.00906753540039063
0.0474472045898438 0.0103340148925781 -0.0186519622802734 -0.00940322875976563
0.0207138061523438 0.0515708923339844 -0.00469112396240234 -0.0162134170532227
-0.010223388671875 0.0606765747070313 0.00769376754760742 0.00300407409667969
-0.0435752868652344 0.04718017578125 -0.0197334289550781 0.0213794708251953
-0.0429840087890625 0.0204048156738281 -0.0174560546875 0.051055908203125
-0.0322151184082031 0.0351524353027344 -0.0226249694824219 0.0510673522949219
-0.00921249389648438 0.0498619079589844 -0.0106964111328125 0.0391769409179688
0.0256576538085937 0.0356864929199219 0.00204277038574219 0.0305881500244141
0.0364227294921875 0.00893402099609375 0.00344085693359375 0.0193367004394531
0.0306320190429688 -0.0220012664794922 0.00103473663330078 0.0137014389038086
0.015869140625 -0.0321178436279297 -0.00307273864746094 0.0197544097900391
0.0139255523681641 -0.0306034088134766 -0.00680923461914063 0.0258464813232422
0.0127639770507813 -0.0377922058105469 -0.00934028625488281 0.0312252044677734
0.0216865539550781 -0.032012939453125 -0.0235729217529297 0.0273628234863281
0.0375099182128906 -0.0151863098144531 -0.0291175842285156 0.0162239074707031
0.0380973815917969 0.0104713439941406 -0.0239334106445312 -0.00560760498046875
0.0123634338378906 0.0434417724609375 -0.00805473327636719 -0.0138940811157227
-0.0151176452636719 0.0462570190429688 0.00310039520263672 0.0121889114379883
-0.0411453247070313 0.0291290283203125 -0.0348758697509766 0.0331821441650391
-0.0259475708007812 -0.00297927856445313 -0.0294227600097656 0.0559120178222656
-0.0248527526855469 0.0114898681640625 -0.0281906127929687 0.0536308288574219
-0.0129470825195313 0.0247974395751953 -0.0130500793457031 0.03631591796875
0.0101394653320313 0.0214710235595703 -0.00565338134765625 0.0286312103271484
0.0188484191894531 0.00658607482910156 -0.00426292419433594 0.0210056304931641
0.0179252624511719 -0.0114383697509766 -0.00454330444335938 0.0220928192138672
0.00998306274414063 -0.0177574157714844 -0.0047607421875 0.030120849609375
0.00890922546386719 -0.0180950164794922 -0.00628280639648437 0.0344524383544922
0.00859451293945313 -0.0236644744873047 -0.0107536315917969 0.0403518676757813
0.0145416259765625 -0.0209941864013672 -0.0269832611083984 0.0347785949707031
0.0260200500488281 -0.00963211059570312 -0.0333251953125 0.0207786560058594
0.0257587432861328 0.008697509765625 -0.0283432006835938 -0.00301170349121093
0.0041656494140625 0.0306377410888672 -0.0117435455322266 -0.0125370025634766
-0.0177421569824219 0.0270709991455078 -0.00319766998291016 0.0167102813720703
-0.0328083038330078 0.00754165649414062 -0.0473556518554687 0.0384864807128906
0.0108146667480469 0.0151576995849609 0.052337646484375 -0.0412712097167969
0.0145263671875 -0.00724983215332031 0.0108203887939453 -0.0203571319580078
-0.00012683868408203 -0.0119295120239258 0.0099334716796875 0.015690803527832
-0.00893878936767578 -0.0039358139038086 0.0365409851074219 0.00924301147460938
-0.00811767578125 0.00348043441772461 0.0405731201171875 -0.0175971984863281
-0.00497245788574219 0.00745630264282227 0.0281143188476563 -0.0400543212890625
-0.00319528579711914 0.00330829620361328 0.0105514526367187 -0.0488090515136719
-0.00330042839050293 0.00348353385925293 0.00403213500976563 -0.0395545959472656
-0.00461101531982422 0.00285100936889648 0.00313949584960937 -0.0342388153076172
-0.00461626052856445 -0.00243568420410156 0.00636100769042969 -0.0280647277832031
-0.000162124633789063 -0.00688552856445313 0.00450706481933594 -0.0253524780273438
0.00863265991210938 -0.00597238540649414 0.00993919372558593 -0.0293846130371094
0.0149946212768555 0.00323009490966797 0.0205974578857422 -0.0349655151367188
0.0156536102294922 0.0171098709106445 0.0298271179199219 -0.0507354736328125
0.00754356384277343 0.0254154205322266 0.0393486022949219 -0.0536956787109375
-0.00792694091796875 0.035858154296875 0.0565910339355469 -0.0325088500976562
0.00878429412841797 0.015955924987793 0.0147762298583984 -0.0136594772338867
0.00736427307128906 0.00974655151367188 0.0115985870361328 0.0191612243652344
0.00869989395141602 0.00457620620727539 0.0393028259277344 0.0121917724609375
0.00927925109863281 0.000823974609375 0.043426513671875 -0.0142593383789063
0.00675868988037109 -0.00671005249023438 0.0299873352050781 -0.0402450561523438
0.00302886962890625 -0.0139894485473633 0.0102310180664063 -0.0479812622070313
0.00416374206542969 -0.0122756958007813 0.00146484375 -0.0374336242675781
0.00327587127685547 -0.0150995254516602 0.0011749267578125 -0.0318508148193359
0.00928115844726563 -0.0152587890625 0.00214958190917969 -0.0274658203125
0.0196857452392578 -0.00922393798828125 0.00100135803222656 -0.023834228515625
0.0253543853759766 0.00505256652832031 0.00679588317871094 -0.02813720703125
0.0168933868408203 0.027618408203125 0.0159530639648438 -0.0320320129394531
0.00635147094726562 0.0412864685058594 0.0256233215332031 -0.0443191528320313
-0.0121078491210938 0.0443382263183594 0.0345916748046875 -0.0449600219726562
-0.02752685546875 0.0508308410644531 0.0528106689453125 -0.0173530578613281
-0.00144577026367187 0.0375823974609375 0.0142011642456055 -0.00252437591552734
0.0120868682861328 0.0344181060791016 0.0107154846191406 0.0263175964355469
0.0258636474609375 0.0161685943603516 0.0390853881835938 0.0174102783203125
0.0267963409423828 0.000494003295898438 0.0427627563476563 -0.00838470458984375
0.0197277069091797 -0.0187473297119141 0.0301570892333984 -0.0349807739257813
0.00986289978027343 -0.0294418334960938 0.009246826171875 -0.04107666015625
0.0104713439941406 -0.0267524719238281 -0.00120353698730469 -0.029205322265625
0.00968170166015625 -0.0315113067626953 -0.00171470642089844 -0.0237789154052734
0.0196056365966797 -0.0275707244873047 -0.00436019897460937 -0.0210304260253906
0.0354804992675781 -0.0134124755859375 -0.00574302673339844 -0.0184535980224609
0.0402450561523438 0.0101394653320313 0.000946044921875001 -0.0259017944335938
0.0209541320800781 0.0444145202636719 0.00978660583496094 -0.0291213989257813
0.00133514404296875 0.0587158203125 0.0197772979736328 -0.0343227386474609
-0.027069091796875 0.0571708679199219 0.0233135223388672 -0.0306034088134766
-0.044586181640625 0.0567626953125 0.0407257080078125 0.00143814086914063
-0.0146598815917969 0.0539970397949219 0.00848960876464844 0.0126447677612305
0.0120849609375 0.0557823181152344 0.00727462768554687 0.0337276458740234
0.0389213562011719 0.0289840698242188 0.0344276428222656 0.0239963531494141
0.04156494140625 0.00183868408203125 0.0374183654785156 0.000110626220703125
0.0305576324462891 -0.0279979705810547 0.0265369415283203 -0.0248737335205078
0.0155487060546875 -0.0404205322265625 0.00666427612304688 -0.0285835266113281
0.0156402587890625 -0.0365943908691406 -0.0038461685180664 -0.0165538787841797
0.0135955810546875 -0.04376220703125 -0.0045022964477539 -0.0113277435302734
0.0254287719726563 -0.0370521545410156 -0.0106258392333984 -0.0103969573974609
0.0446701049804688 -0.0189361572265625 -0.0129165649414063 -0.010127067565918
0.0493888854980469 0.0107498168945313 -0.00659370422363281 -0.0208015441894531
0.0256385803222656 0.0537338256835938 0.00412178039550781 -0.0251407623291016
-0.00117492675781249 0.0682525634765625 0.0157089233398438 -0.0223617553710937
-0.0373611450195313 0.0626640319824219 0.0097818374633789 -0.0131874084472656
-0.0537796020507813 0.0535545349121094 0.0219535827636719 0.0215682983398438
-0.0268211364746094 0.0600433349609375 -0.00119590759277344 0.0286350250244141
0.00650787353515626 0.0686721801757813 0.00117111206054687 0.0393257141113281
0.0439300537109375 0.0393562316894531 0.0250034332275391 0.0293083190917969
0.0498619079589844 0.00545120239257812 0.0277519226074219 0.00893783569335938
0.037567138671875 -0.0315361022949219 0.0200309753417969 -0.0122699737548828
0.0192375183105469 -0.0447807312011719 0.00352859497070313 -0.0128278732299805
0.0177764892578125 -0.0411834716796875 -0.00585365295410156 -0.00218534469604492
0.0154571533203125 -0.049224853515625 -0.00687217712402344 0.00372838973999023
0.0270805358886719 -0.0411834716796875 -0.016087532043457 0.00280189514160156
0.0479698181152344 -0.0215721130371094 -0.0194015502929687 -0.000221252441406247
0.05206298828125 0.0100860595703125 -0.0131731033325195 -0.0155029296875
0.0253524780273438 0.0557518005371094 -0.000602722167968746 -0.0207290649414062
-0.00481414794921876 0.0688133239746094 0.0120630264282227 -0.00940513610839843
-0.043304443359375 0.0586280822753906 -0.00513887405395508 0.00524568557739258
-0.0539779663085938 0.0406494140625 0.00153732299804687 0.0391731262207031
-0.0343132019042969 0.0534095764160156 -0.0129013061523438 0.0425910949707031
-0.00200271606445312 0.067352294921875 -0.00627517700195312 0.0413284301757813
0.0383377075195313 0.0424690246582031 0.0128326416015625 0.0321540832519531
0.0483932495117188 0.00852584838867188 0.0153226852416992 0.0165348052978516
0.0382308959960938 -0.0291175842285156 0.0107793807983398 0.00179195404052734
0.0196380615234375 -0.0421829223632813 0.000283241271972657 0.00446987152099609
0.0173568725585938 -0.0394477844238281 -0.00679397583007812 0.013005256652832
0.0147552490234375 -0.0473136901855469 -0.00868606567382813 0.0185642242431641
0.0257911682128906 -0.0395584106445312 -0.0208263397216797 0.0158195495605469
0.0453872680664063 -0.0200576782226563 -0.0247344970703125 0.00869560241699218
0.0476722717285156 0.0105934143066406 -0.0186595916748047 -0.00946426391601562
0.0206794738769531 0.052337646484375 -0.0046539306640625 -0.0163955688476562
-0.0104141235351563 0.0610389709472656 0.00818490982055664 0.00266265869140625
-0.0451087951660156 0.04718017578125 -0.0201911926269531 0.0212860107421875
-0.0436935424804688 0.0202140808105469 -0.0183067321777344 0.0517196655273438
-0.0331268310546875 0.0351219177246094 -0.0237846374511719 0.0511550903320313
-0.00971603393554688 0.0508766174316406 -0.0122261047363281 0.0396461486816406
0.0260696411132813 0.0363311767578125 0.000978469848632813 0.0314903259277344
0.0366363525390625 0.0090789794921875 0.00353240966796875 0.0197162628173828
0.0305595397949219 -0.0218791961669922 0.00146102905273438 0.0136432647705078
0.0166091918945313 -0.0322780609130859 -0.00299644470214844 0.01983642578125
0.0145492553710938 -0.0309257507324219 -0.00693321228027343 0.0262241363525391
0.0130958557128906 -0.0381317138671875 -0.00986862182617188 0.0318508148193359
0.0217952728271484 -0.0322093963623047 -0.0243186950683594 0.0277633666992188
0.0377731323242188 -0.0154266357421875 -0.0293445587158203 0.0160884857177734
0.0384597778320313 0.0105247497558594 -0.0243129730224609 -0.00570106506347656
0.0125312805175781 0.0441246032714844 -0.00768375396728516 -0.0138692855834961
-0.015472412109375 0.0462074279785156 0.00341701507568359 0.0118246078491211
-0.0419464111328125 0.0290985107421875 -0.0351085662841797 0.0328407287597656
-0.0262928009033203 -0.00307846069335937 -0.0303878784179688 0.05657958984375
-0.0257472991943359 0.0109500885009766 -0.0295677185058594 0.0539131164550781
-0.0130863189697266 0.0252971649169922 -0.014190673828125 0.0362052917480469
0.0101585388183594 0.0219192504882812 -0.00609779357910156 0.0298805236816406
0.0189933776855469 0.00706863403320313 -0.00436592102050781 0.0220928192138672
0.01800537109375 -0.0114841461181641 -0.0042877197265625 0.0223178863525391
0.0105514526367188 -0.0177230834960938 -0.00457191467285156 0.0309429168701172
0.00911712646484375 -0.0184440612792969 -0.0064239501953125 0.0355148315429688
0.00840950012207031 -0.0239696502685547 -0.0115852355957031 0.0410003662109375
0.0143947601318359 -0.0210762023925781 -0.0274772644042969 0.0351753234863281
0.026092529296875 -0.00952529907226563 -0.0337028503417969 0.0205860137939453
0.0257892608642578 0.00906753540039063 -0.0291996002197266 -0.00339889526367188
0.00406837463378907 0.0313930511474609 -0.0115909576416016 -0.0128870010375977
-0.0179214477539063 0.0269660949707031 -0.00331687927246094 0.0169076919555664
-0.0331821441650391 0.00748062133789062 -0.0480422973632813 0.0383682250976562
0.0112476348876953 0.0158796310424805 0.0541343688964844 -0.04254150390625
0.0145492553710938 -0.00713634490966797 0.0107307434082031 -0.0208206176757812
-0.000205039978027343 -0.0125732421875 0.0102338790893555 0.0164394378662109
-0.00903415679931641 -0.00443267822265625 0.0383186340332031 0.00988006591796875
-0.00845146179199219 0.00338268280029297 0.0420417785644531 -0.0177230834960938
-0.00484323501586914 0.00775003433227539 0.0294532775878906 -0.0412673950195312
-0.00357341766357422 0.00353336334228516 0.0110588073730469 -0.0508232116699219
-0.00349903106689453 0.00377750396728516 0.004150390625 -0.0411834716796875
-0.00481033325195312 0.00307035446166992 0.00334548950195313 -0.0352439880371094
-0.0045928955078125 -0.00261688232421875 0.00625801086425782 -0.0294513702392578
-5.76972961425787E-05 -0.00659561157226563 0.00476455688476562 -0.0262546539306641
0.00922584533691406 -0.00643253326416016 0.0107574462890625 -0.0306358337402344
0.0156278610229492 0.00372314453125 0.0218276977539062 -0.0366477966308594
0.0161991119384766 0.0178318023681641 0.0315895080566406 -0.05279541015625
0.0075225830078125 0.0266437530517578 0.0414047241210938 -0.0559463500976563
-0.00864410400390625 0.0376167297363281 0.0581779479980469 -0.0334510803222656
0.0084381103515625 0.0163917541503906 0.0146913528442383 -0.0143146514892578
0.00818729400634766 0.0103969573974609 0.0115451812744141 0.0209560394287109
0.00909423828125 0.00470447540283203 0.0406723022460937 0.0131683349609375
0.00975990295410156 0.000555038452148438 0.0449409484863281 -0.0146064758300781
0.0074462890625 -0.00683355331420898 0.0313148498535156 -0.0414237976074219
0.00288772583007812 -0.0150337219238281 0.0106773376464844 -0.0497779846191406
0.00400543212890625 -0.0132331848144531 0.00136566162109375 -0.0386962890625
0.00345325469970703 -0.0162982940673828 0.00110435485839844 -0.0330390930175781
0.00961589813232422 -0.0156173706054688 0.00220108032226563 -0.02813720703125
0.0203266143798828 -0.00902557373046875 0.000827789306640624 -0.0246086120605469
0.0262718200683594 0.00513076782226562 0.00756645202636719 -0.0298061370849609
0.0177192687988281 0.0285987854003906 0.0170307159423828 -0.0339107513427734
0.00708770751953125 0.0430030822753906 0.0267524719238281 -0.0464324951171875
-0.0129852294921875 0.0463752746582031 0.0360832214355469 -0.04705810546875
-0.0291328430175781 0.0528144836425781 0.0542259216308594 -0.017913818359375
-0.00197982788085937 0.0391769409179688 0.0138092041015625 -0.00319766998291015
0.0126953125 0.03558349609375 0.0110549926757813 0.0279426574707031
0.0268363952636719 0.0168933868408203 0.0406379699707031 0.0187149047851562
0.0277900695800781 0.000270843505859375 0.0445671081542969 -0.00797271728515625
0.0203037261962891 -0.0200271606445313 0.0315322875976563 -0.0361251831054688
0.0100479125976563 -0.0306186676025391 0.00939559936523437 -0.0425796508789062
0.0111846923828125 -0.0277423858642578 -0.00130653381347656 -0.03009033203125
0.00987052917480469 -0.0331993103027344 -0.00212287902832031 -0.0246486663818359
0.0201225280761719 -0.0287132263183594 -0.00469589233398438 -0.0217628479003906
0.0363311767578125 -0.01422119140625 -0.0063934326171875 -0.0192050933837891
0.0417633056640625 0.0103340148925781 0.000841140747070315 -0.0269908905029297
0.0222053527832031 0.0465736389160156 0.0104103088378906 -0.0310077667236328
0.00150680541992188 0.0612411499023437 0.0209922790527344 -0.0367851257324219
-0.0291175842285156 0.0594940185546875 0.0245227813720703 -0.0319442749023437
-0.0463829040527344 0.0593223571777344 0.0419158935546875 0.00172042846679688
-0.0161476135253906 0.0559310913085938 0.00846195220947265 0.0128717422485352
0.0129203796386719 0.0584678649902344 0.00723648071289062 0.0351638793945313
0.0403022766113281 0.0300331115722656 0.0353240966796875 0.0252265930175781
0.0437202453613281 0.00193023681640625 0.0394821166992188 0.00107192993164063
0.0317935943603516 -0.0290622711181641 0.0277748107910156 -0.0260486602783203
0.0157089233398438 -0.0420379638671875 0.00695419311523437 -0.0298824310302734
0.0160789489746094 -0.0381813049316406 -0.00384521484375 -0.0167484283447266
0.0134201049804688 -0.0452003479003906 -0.00531291961669922 -0.0115861892700195
0.0255165100097656 -0.038238525390625 -0.0113058090209961 -0.0106744766235352
0.0460739135742188 -0.0199966430664063 -0.0136070251464844 -0.0102787017822266
0.0516204833984375 0.0108146667480469 -0.00668716430664062 -0.0222148895263672
0.0270233154296875 0.05609130859375 0.00452804565429688 -0.0267677307128906
-0.00110626220703124 0.0706863403320313 0.0161476135253906 -0.0238323211669922
-0.0392112731933594 0.0653076171875 0.0104360580444336 -0.0144052505493164
-0.0567207336425781 0.0558891296386719 0.0225353240966797 0.0222644805908203
-0.0288200378417969 0.0620460510253906 -0.00182723999023438 0.0293617248535156
0.0070037841796875 0.0718231201171875 0.000362396240234374 0.0411758422851563
0.0455131530761719 0.0409736633300781 0.0251750946044922 0.0310382843017578
0.0520896911621094 0.0057220458984375 0.0291671752929688 0.0101661682128906
0.0388412475585938 -0.0327110290527344 0.0210685729980469 -0.0126152038574219
0.0193824768066406 -0.0469207763671875 0.00351810455322266 -0.0131998062133789
0.0182304382324219 -0.0428543090820313 -0.00614166259765625 -0.00148105621337891
0.0153427124023438 -0.0511360168457031 -0.0074772834777832 0.00340747833251953
0.0277137756347656 -0.0428047180175781 -0.0170459747314453 0.00328445434570312
0.0497703552246094 -0.0227127075195313 -0.0205268859863281 -0.000444412231445316
0.0541000366210937 0.0104751586914062 -0.0137386322021484 -0.0160617828369141
0.02691650390625 0.0583267211914063 -5.72204589843738E-05 -0.0218696594238281
-0.00450897216796875 0.0711898803710938 0.0125398635864258 -0.0100498199462891
-0.0457687377929688 0.0612716674804688 -0.00517606735229493 0.004638671875
-0.05645751953125 0.0424728393554688 0.00113677978515624 0.0409049987792969
-0.0362968444824219 0.0549087524414063 -0.0138473510742188 0.0437507629394531
-0.00222015380859375 0.070404052734375 -0.00775909423828125 0.0428962707519531
0.0397834777832031 0.0440864562988281 0.0127315521240234 0.0341072082519531
0.0504074096679688 0.00937271118164063 0.0162372589111328 0.017974853515625
0.0394439697265625 -0.0303611755371094 0.0115976333618164 0.00165367126464844
0.0199928283691406 -0.0440559387207031 -0.000143051147460936 0.00430870056152343
0.0179367065429687 -0.041229248046875 -0.00751495361328125 0.0139856338500977
0.0151290893554688 -0.0489883422851563 -0.00922584533691406 0.0190963745117187
0.0261764526367188 -0.0414619445800781 -0.0213947296142578 0.0163841247558594
0.0466079711914063 -0.02105712890625 -0.0257148742675781 0.00883674621582031
0.0497322082519531 0.0104751586914063 -0.0194587707519531 -0.0104827880859375
0.022003173828125 0.0546302795410156 -0.00428962707519531 -0.0177478790283203
-0.0106010437011719 0.0633697509765625 0.00836277008056641 0.00234556198120118
-0.0465354919433594 0.0493011474609375 -0.0208320617675781 0.0215358734130859
-0.0451431274414063 0.0212860107421875 -0.0193748474121094 0.0536422729492187
-0.0347099304199219 0.0359382629394531 -0.0249443054199219 0.0527610778808594
-0.00909805297851563 0.0527725219726563 -0.0131454467773438 0.0421638488769531
0.026885986328125 0.0373878479003906 0.000694274902343754 0.0331211090087891
0.0382881164550781 0.00954437255859375 0.00334739685058594 0.0216999053955078
0.0315971374511719 -0.023101806640625 0.00154209136962891 0.0138359069824219
0.0168075561523438 -0.0338935852050781 -0.00337791442871094 0.0204982757568359
0.0146503448486328 -0.0326576232910156 -0.007568359375 0.0277919769287109
0.0128936767578125 -0.0397911071777344 -0.0103645324707031 0.0329799652099609
0.0216121673583984 -0.0336284637451172 -0.0254154205322266 0.0284709930419922
0.0390625 -0.0163421630859375 -0.0306224822998047 0.0164642333984375
0.0399169921875 0.0105209350585938 -0.0248031616210937 -0.00611305236816406
0.013153076171875 0.0460739135742188 -0.00806140899658203 -0.0145301818847656
-0.0161476135253906 0.0480155944824219 0.00348377227783203 0.0124235153198242
-0.0439109802246094 0.0303802490234375 -0.0363426208496094 0.033966064453125
-0.0269031524658203 -0.00357818603515624 -0.0320625305175781 0.0584030151367187
-0.0263290405273438 0.0113964080810547 -0.0311737060546875 0.0558586120605469
-0.0133857727050781 0.0262393951416016 -0.015289306640625 0.0383987426757812
0.010528564453125 0.02264404296875 -0.00710678100585937 0.0313949584960938
0.0196552276611328 0.0073089599609375 -0.00412750244140625 0.0230216979980469
0.0184288024902344 -0.0119266510009766 -0.00400543212890625 0.0232200622558594
0.0106468200683594 -0.0187320709228516 -0.00438308715820312 0.0319480895996094
0.00955581665039063 -0.0191249847412109 -0.00634765625 0.0369300842285156
0.00882530212402344 -0.0246620178222656 -0.0116653442382812 0.0425758361816406
0.0146121978759766 -0.021697998046875 -0.0284957885742188 0.0362129211425781
0.0266647338867188 -0.0103340148925781 -0.0350265502929688 0.0209255218505859
0.0266208648681641 0.00902748107910156 -0.0302639007568359 -0.00366020202636719
0.0042572021484375 0.0324420928955078 -0.0118942260742188 -0.0136289596557617
-0.0185775756835937 0.0276165008544922 -0.00305938720703125 0.0176029205322266
-0.0342292785644531 0.00781631469726562 -0.0498161315917969 0.0392837524414063
0.0127420425415039 0.0169897079467773 0.0557785034179688 -0.0458564758300781
0.0151357650756836 -0.00775527954101562 0.00990676879882812 -0.021820068359375
-0.000242233276367188 -0.0128984451293945 0.011265754699707 0.0174484252929688
-0.00915431976318359 -0.00443553924560547 0.0401954650878906 0.00934982299804688
-0.00845146179199219 0.0034627914428711 0.0437088012695313 -0.0196075439453125
-0.00527477264404297 0.00827884674072266 0.0298728942871094 -0.0443840026855469
-0.00352025032043457 0.0042879581451416 0.0103302001953125 -0.0539283752441406
-0.00321054458618164 0.00382280349731445 0.0032196044921875 -0.0434837341308594
-0.00446748733520508 0.00342798233032226 0.00242233276367187 -0.0376930236816406
-0.00470924377441406 -0.00201034545898438 0.00592994689941406 -0.0314006805419922
-0.000125885009765624 -0.00718069076538086 0.00508689880371094 -0.0279922485351562
0.00935554504394531 -0.00688838958740234 0.0106430053710938 -0.0329742431640625
0.016636848449707 0.00379276275634766 0.0223617553710938 -0.03961181640625
0.0172061920166016 0.0184211730957031 0.0314712524414063 -0.0565605163574219
0.00851058959960938 0.0278778076171875 0.0427665710449219 -0.0604515075683594
-0.00749588012695312 0.0398902893066406 0.0601234436035156 -0.0361213684082031
0.00910854339599609 0.0172843933105469 0.0145454406738281 -0.0158605575561523
0.0089569091796875 0.0105724334716797 0.0129909515380859 0.0222320556640625
0.00977706909179688 0.00418186187744141 0.0429306030273438 0.0131072998046875
0.0102128982543945 1.04904174804688E-05 0.047210693359375 -0.0164146423339844
0.00693702697753906 -0.00754213333129883 0.0321006774902344 -0.044189453125
0.00242519378662109 -0.0153446197509766 0.0101242065429688 -0.0525703430175781
0.00420570373535156 -0.014155387878418 0.00109100341796875 -0.0401802062988281
0.00324916839599609 -0.0168657302856445 0.000476837158203128 -0.0350532531738281
0.00963306427001953 -0.0162839889526367 0.00144767761230469 -0.02978515625
0.0208034515380859 -0.0102882385253906 0.000438690185546876 -0.0263233184814453
0.0281028747558594 0.00472450256347656 0.0074615478515625 -0.0318832397460938
0.0194969177246094 0.0297451019287109 0.0177993774414063 -0.0366401672363281
0.008392333984375 0.0445976257324219 0.0274009704589844 -0.0502357482910156
-0.0128135681152344 0.0496559143066406 0.0372886657714844 -0.0509605407714844
-0.0296363830566406 0.0567359924316406 0.0564308166503906 -0.0202102661132812
-0.00186538696289062 0.0414810180664062 0.0137805938720703 -0.00398635864257812
0.0146903991699219 0.0376739501953125 0.0114727020263672 0.0295906066894531
0.0287284851074219 0.0166091918945313 0.0425338745117188 0.0191574096679688
0.0299358367919922 -0.000967025756835937 0.0470046997070313 -0.00885391235351563
0.0204524993896484 -0.0215816497802734 0.0320587158203125 -0.0385169982910156
0.00946235656738282 -0.0324306488037109 0.00837326049804688 -0.0446434020996094
0.0108165740966797 -0.02978515625 -0.00155830383300781 -0.0311050415039063
0.00940132141113282 -0.0349159240722656 -0.00279617309570312 -0.0257701873779297
0.0202865600585938 -0.0306892395019531 -0.005615234375 -0.0227737426757813
0.0376129150390625 -0.0157966613769531 -0.00720596313476562 -0.0205574035644531
0.0442390441894531 0.0100059509277344 0.000547409057617188 -0.0290813446044922
0.0251579284667969 0.048797607421875 0.0108585357666016 -0.0332221984863281
0.00374221801757812 0.0643386840820313 0.0217247009277344 -0.0390739440917969
-0.0293045043945313 0.0638465881347656 0.0253448486328125 -0.0349617004394531
-0.0477027893066406 0.0637969970703125 0.0435714721679688 0.000659942626953129
-0.0160293579101563 0.059051513671875 0.00812625885009765 0.0129613876342773
0.0155067443847656 0.0619544982910156 0.00742340087890625 0.03753662109375
0.0430755615234375 0.0305976867675781 0.03729248046875 0.0265579223632813
0.0466728210449219 0.000934600830078125 0.0421829223632812 0.000705718994140625
0.0323200225830078 -0.031280517578125 0.0282974243164063 -0.0281543731689453
0.015289306640625 -0.0444564819335938 0.00652885437011719 -0.0314464569091797
0.0154037475585938 -0.0410995483398438 -0.00444602966308594 -0.0172491073608398
0.0127983093261719 -0.0478897094726563 -0.00617122650146484 -0.0122232437133789
0.0260429382324219 -0.0407981872558594 -0.012669563293457 -0.0107851028442383
0.0476799011230469 -0.0221939086914063 -0.0150518417358398 -0.0109882354736328
0.0544319152832031 0.0102348327636719 -0.00738716125488281 -0.0236644744873047
0.0299110412597656 0.0587081909179688 0.004669189453125 -0.0287113189697266
0.000808715820312498 0.074371337890625 0.0167903900146484 -0.0263023376464844
-0.0407180786132813 0.0697212219238281 0.0103187561035156 -0.0155735015869141
-0.0580101013183594 0.0603103637695313 0.0233955383300781 0.0229949951171875
-0.0290184020996094 0.0654945373535156 -0.00207901000976563 0.0305519104003906
0.00998687744140625 0.0759735107421875 0.000301361083984374 0.0438079833984375
0.0485076904296875 0.0418853759765625 0.0270462036132813 0.0330562591552734
0.0553245544433594 0.0047454833984375 0.0316352844238281 0.0102443695068359
0.0393638610839844 -0.0357170104980469 0.0217437744140625 -0.0137195587158203
0.0190391540527344 -0.0497627258300781 0.00327587127685547 -0.0136098861694336
0.0180282592773437 -0.0456886291503906 -0.00638437271118164 -0.000531673431396486
0.0142364501953125 -0.0542221069335938 -0.00829172134399414 0.00419139862060547
0.02716064453125 -0.0456161499023438 -0.0182209014892578 0.00400352478027343
0.0510711669921875 -0.0252609252929687 -0.0211467742919922 -0.00016212463378906
0.0575637817382813 0.009613037109375 -0.0148754119873047 -0.0170497894287109
0.0303382873535156 0.0605354309082031 -0.000518798828125 -0.0235042572021484
-0.00290679931640625 0.0748138427734375 0.013453483581543 -0.0111942291259766
-0.046478271484375 0.0658988952636719 -0.00544357299804688 0.00497579574584961
-0.0587997436523438 0.0462303161621094 0.00190353393554687 0.0421791076660156
-0.0370407104492187 0.0582160949707031 -0.0139846801757813 0.0458221435546875
-0.000556945800781242 0.0745620727539063 -0.0074615478515625 0.0462760925292969
0.0430221557617188 0.0453338623046875 0.0135498046875 0.0361976623535156
0.053436279296875 0.0087127685546875 0.0180168151855469 0.0186519622802734
0.0403060913085938 -0.0332565307617187 0.0122079849243164 0.00137710571289062
0.0193748474121094 -0.0469932556152344 0.000383853912353517 0.00506067276000976
0.0178642272949219 -0.0436210632324219 -0.00704860687255859 0.0155735015869141
0.0138969421386719 -0.0517387390136719 -0.00955772399902344 0.020416259765625
0.0254974365234375 -0.0438575744628906 -0.0227470397949219 0.0179290771484375
0.0483894348144531 -0.023651123046875 -0.0268440246582031 0.00975608825683594
0.0526657104492188 0.00962448120117188 -0.0204181671142578 -0.0104866027832031
0.0247573852539063 0.0571327209472656 -0.0048980712890625 -0.0182399749755859
-0.0091094970703125 0.0666923522949219 0.00896930694580078 0.00194931030273438
-0.048370361328125 0.0535354614257813 -0.0212974548339844 0.0230331420898438
-0.0475921630859375 0.0234527587890625 -0.0196113586425781 0.0564460754394531
-0.0356903076171875 0.0391159057617187 -0.0254173278808594 0.0556983947753906
-0.00851821899414063 0.0561752319335938 -0.013458251953125 0.0446014404296875
0.0291748046875 0.0383872985839844 0.0011138916015625 0.0354385375976563
0.0407066345214844 0.0093994140625 0.00463294982910157 0.0232601165771484
0.0326995849609375 -0.0247688293457031 0.00235366821289063 0.0148239135742187
0.0160903930664062 -0.0360107421875 -0.00261497497558593 0.0219097137451172
0.0145359039306641 -0.0347137451171875 -0.00712203979492188 0.0301418304443359
0.0118408203125 -0.041778564453125 -0.0104351043701172 0.0348529815673828
0.0214424133300781 -0.035552978515625 -0.0257930755615234 0.0305595397949219
0.0404853820800781 -0.0182266235351563 -0.0314464569091797 0.0181007385253906
0.0421295166015625 0.00988006591796875 -0.0263080596923828 -0.00608062744140625
0.0153732299804687 0.0482749938964844 -0.00863933563232422 -0.0150604248046875
-0.0152969360351563 0.0508346557617188 0.00424957275390625 0.0126504898071289
-0.04522705078125 0.0331306457519531 -0.0374221801757813 0.0361557006835937
-0.0283050537109375 -0.00362396240234375 -0.0328216552734375 0.0625686645507813
-0.0276470184326172 0.012359619140625 -0.0312728881835937 0.0592575073242188
-0.0131797790527344 0.0282649993896484 -0.0156745910644531 0.0404930114746094
0.0116386413574219 0.0234012603759766 -0.0069427490234375 0.0337886810302734
0.0208492279052734 0.00744247436523438 -0.00390052795410156 0.0248966217041016
0.0188865661621094 -0.0131340026855469 -0.0037689208984375 0.0245494842529297
0.0108985900878906 -0.0200462341308594 -0.00374031066894531 0.0338935852050781
0.00962448120117187 -0.0205669403076172 -0.00603103637695313 0.0394248962402344
0.00814437866210938 -0.0256595611572266 -0.0115585327148438 0.0451087951660156
0.0144863128662109 -0.0233345031738281 -0.0293083190917969 0.0385589599609375
0.0280647277832031 -0.0114059448242187 -0.0361442565917969 0.02227783203125
0.0285377502441406 0.00916481018066406 -0.0315628051757812 -0.00331115722656249
0.00524139404296875 0.0339164733886719 -0.0126447677612305 -0.014164924621582
-0.0189476013183594 0.0296649932861328 -0.00231742858886719 0.0183620452880859
-0.0356330871582031 0.00901031494140625 -0.0511665344238281 0.0423088073730469
0.0142707824707031 0.0169744491577148 0.0550117492675781 -0.0503311157226563
0.0152006149291992 -0.00876426696777344 0.0087890625 -0.0232810974121094
-0.000995635986328126 -0.0141315460205078 0.0129508972167969 0.0176219940185547
-0.00963783264160156 -0.00447845458984375 0.0419273376464844 0.00806045532226562
-0.0082550048828125 0.00398111343383789 0.0445022583007813 -0.0223464965820312
-0.00498008728027344 0.00906944274902344 0.028839111328125 -0.0474853515625
-0.00364589691162109 0.00474834442138672 0.0075225830078125 -0.0561408996582031
-0.00291132926940918 0.0043025016784668 0.00124359130859375 -0.0454063415527344
-0.0041499137878418 0.00351858139038086 0.000686645507812502 -0.0390777587890625
-0.0050053596496582 -0.00139999389648437 0.0048980712890625 -0.0327644348144531
-0.000422477722167969 -0.00745296478271484 0.00383758544921875 -0.0296611785888672
0.00932025909423828 -0.00774860382080078 0.00988006591796875 -0.0353164672851563
0.0174493789672852 0.00303268432617188 0.0218429565429687 -0.0424652099609375
0.0188465118408203 0.0182399749755859 0.0298500061035156 -0.0607452392578125
0.0103950500488281 0.0288124084472656 0.0417327880859375 -0.0656051635742188
-0.00616073608398437 0.0425796508789063 0.0601959228515625 -0.0409698486328125
0.00999832153320313 0.0176544189453125 0.0134696960449219 -0.0171146392822266
0.010045051574707 0.0106325149536133 0.0146408081054688 0.0224704742431641
0.0106420516967773 0.00373172760009766 0.0450439453125 0.0112037658691406
0.0109081268310547 -0.000659942626953125 0.048492431640625 -0.0193939208984375
0.00673627853393555 -0.00832843780517578 0.0309181213378906 -0.0475196838378906
0.00141048431396484 -0.0160646438598633 0.00726318359375 -0.0548973083496094
0.00323009490966797 -0.0145673751831055 -0.0011444091796875 -0.0417976379394531
0.00234031677246094 -0.0179977416992188 -0.00159072875976562 -0.0361175537109375
0.00884723663330078 -0.0175533294677734 -4.386901855469E-05 -0.0310440063476563
0.0211448669433594 -0.0118312835693359 -0.000850677490234371 -0.0272502899169922
0.0296134948730469 0.00333595275878906 0.00612068176269532 -0.03424072265625
0.0217666625976563 0.030548095703125 0.01690673828125 -0.0394439697265625
0.010711669921875 0.0460128784179688 0.0255355834960938 -0.0538444519042969
-0.0112342834472656 0.0526657104492187 0.0367698669433594 -0.0554161071777344
-0.0277595520019531 0.0610542297363281 0.0573043823242188 -0.0236854553222656
-0.000289916992187502 0.0431556701660156 0.013422966003418 -0.00506019592285156
0.0174636840820313 0.0382423400878906 0.0135421752929688 0.0306034088134766
0.0307655334472656 0.0157833099365234 0.0448646545410156 0.01800537109375
0.0312938690185547 -0.00233078002929688 0.0483932495117188 -0.0117835998535156
0.0198898315429688 -0.0233840942382813 0.0317497253417969 -0.0416641235351563
0.00753402709960938 -0.0342502593994141 0.00642013549804687 -0.0467567443847656
0.00970649719238281 -0.0316028594970703 -0.00318336486816406 -0.0320186614990234
0.00749969482421875 -0.0369110107421875 -0.00468063354492187 -0.0263099670410156
0.019073486328125 -0.0326042175292969 -0.00748443603515625 -0.022918701171875
0.0381431579589844 -0.0186805725097656 -0.00884056091308594 -0.0209751129150391
0.0466537475585937 0.00776290893554688 -0.000774383544921874 -0.0306606292724609
0.0293159484863281 0.0496406555175781 0.0100250244140625 -0.0359458923339844
0.00709915161132813 0.0663528442382813 0.0203056335449219 -0.0427589416503906
-0.0276832580566406 0.0686759948730469 0.0247077941894531 -0.0379104614257812
-0.046234130859375 0.0691986083984375 0.0449676513671875 -0.00154495239257812
-0.0142440795898438 0.0622749328613281 0.00820636749267578 0.0122461318969727
0.019317626953125 0.0635871887207031 0.00931167602539063 0.039520263671875
0.0467681884765625 0.0293731689453125 0.0401077270507813 0.0263137817382813
0.0487518310546875 -0.00127029418945312 0.0443191528320313 -0.00105667114257813
0.0316295623779297 -0.0346832275390625 0.0282440185546875 -0.0306854248046875
0.0127983093261719 -0.0470657348632813 0.00516891479492188 -0.0323886871337891
0.0137748718261719 -0.0435791015625 -0.00521755218505859 -0.0171165466308594
0.0102005004882812 -0.0508651733398438 -0.00701618194580078 -0.0119819641113281
0.0241775512695312 -0.0440483093261719 -0.0136318206787109 -0.010009765625
0.048095703125 -0.0259017944335938 -0.0162143707275391 -0.0109481811523438
0.0572967529296875 0.00732803344726562 -0.00903320312499999 -0.0247611999511719
0.034942626953125 0.0592155456542969 0.00361442565917969 -0.0303592681884766
0.00496673583984374 0.0770721435546875 0.0159816741943359 -0.0284481048583984
-0.0388565063476562 0.0751419067382813 0.0104255676269531 -0.017298698425293
-0.0580673217773437 0.0660629272460938 0.0252933502197266 0.0223941802978516
-0.0273895263671875 0.0702667236328125 -0.00136756896972656 0.0313148498535156
0.0140457153320312 0.0787734985351562 0.00187301635742188 0.0460357666015625
0.0526351928710938 0.0410614013671875 0.0297718048095703 0.0338573455810547
0.0580978393554688 0.00214004516601563 0.0338287353515625 0.00961494445800781
0.03875732421875 -0.0391845703125 0.0216274261474609 -0.0155735015869141
0.0161170959472656 -0.0526695251464844 0.00298309326171875 -0.014251708984375
0.0162200927734375 -0.0486831665039063 -0.00633668899536133 9.87052917480451E-05
0.0112152099609375 -0.0567207336425781 -0.00831365585327148 0.00489044189453125
0.0252952575683594 -0.0492019653320313 -0.0189952850341797 0.00505828857421875
0.0512657165527344 -0.0292701721191406 -0.0222034454345703 0.000961303710937499
0.0597496032714844 0.0065765380859375 -0.0159139633178711 -0.0173454284667969
0.0351753234863281 0.0614242553710937 -0.00146675109863281 -0.0246391296386719
0.00136566162109375 0.0776824951171875 0.0133275985717773 -0.0128898620605469
-0.045745849609375 0.0712661743164063 -0.00515031814575196 0.00511693954467774
-0.0587730407714844 0.0511245727539062 0.00358200073242188 0.0439491271972656
-0.0362014770507813 0.0622825622558594 -0.0131492614746094 0.0477638244628906
0.00392913818359376 0.0778427124023438 -0.00613403320312499 0.0487899780273438
0.0472564697265625 0.0447349548339844 0.0157737731933594 0.0377998352050781
0.05621337890625 0.00623321533203125 0.0202083587646484 0.0188484191894531
0.0398292541503906 -0.0363502502441406 0.0131072998046875 0.000608444213867185
0.01690673828125 -0.0499343872070312 0.000586509704589845 0.00529193878173828
0.0157928466796875 -0.0465888977050781 -0.00661277770996093 0.0171022415161133
0.0108795166015625 -0.0544853210449219 -0.00936508178710938 0.0218410491943359
0.0239105224609375 -0.0467529296875 -0.0227680206298828 0.0200328826904297
0.0486793518066406 -0.0276451110839844 -0.0273494720458984 0.0113239288330078
0.0554580688476563 0.00700759887695312 -0.0220680236816406 -0.0100479125976562
0.029083251953125 0.0582275390625 -0.00567054748535156 -0.0190029144287109
-0.005584716796875 0.0693893432617187 0.00975227355957031 0.00135898590087891
-0.047454833984375 0.0583839416503906 -0.0212631225585938 0.0247383117675781
-0.0482254028320313 0.0271720886230469 -0.0182151794433594 0.0596885681152344
-0.0354156494140625 0.0424919128417969 -0.02410888671875 0.0589942932128906
-0.00565719604492188 0.0594253540039063 -0.0125083923339844 0.0475578308105469
0.0327033996582031 0.0385551452636719 0.00305938720703125 0.0377464294433594
0.0433616638183594 0.00761795043945312 0.00632286071777344 0.0240688323974609
0.0320415496826172 -0.0275478363037109 0.00339603424072266 0.0150880813598633
0.0148124694824219 -0.0389404296875 -0.0015411376953125 0.0234298706054687
0.0132064819335938 -0.0367202758789063 -0.00561904907226562 0.031890869140625
0.00967788696289063 -0.0439605712890625 -0.00906753540039063 0.036712646484375
0.0198707580566406 -0.0381202697753906 -0.0258216857910156 0.0333442687988281
0.0404739379882812 -0.0214462280273438 -0.0321578979492187 0.0203304290771484
0.0443954467773438 0.00853729248046875 -0.0278816223144531 -0.00517082214355469
0.0186920166015625 0.0494499206542969 -0.00921154022216797 -0.0159006118774414
-0.012939453125 0.0534324645996094 0.00608158111572266 0.0126314163208008
-0.0452613830566406 0.0377159118652344 -0.0365829467773438 0.0391883850097656
-0.0299606323242188 -0.00168418884277343 -0.0308341979980469 0.0668601989746094
-0.0281429290771484 0.0145950317382813 -0.0296630859375 0.0634956359863281
-0.0119915008544922 0.0303993225097656 -0.0146713256835937 0.0436820983886719
0.0136928558349609 0.0231781005859375 -0.00550079345703125 0.0362396240234375
0.0221786499023438 0.00649833679199219 -0.00257492065429687 0.0265960693359375
0.0189170837402344 -0.0146751403808594 -0.00250625610351563 0.0255546569824219
0.00961875915527344 -0.0217685699462891 -0.00173568725585938 0.0353240966796875
0.00894546508789062 -0.0219879150390625 -0.0043182373046875 0.0413932800292969
0.00690460205078125 -0.0277118682861328 -0.00970840454101562 0.0476112365722656
0.0136203765869141 -0.0244331359863281 -0.0283279418945312 0.0417671203613281
0.0282211303710937 -0.0132923126220703 -0.0362091064453125 0.0249671936035156
0.0299777984619141 0.00725555419921875 -0.0331878662109375 -0.00183296203613282
0.00708389282226563 0.0353355407714844 -0.0136442184448242 -0.0138750076293945
-0.0181522369384766 0.0316982269287109 -0.000989913940429689 0.0188560485839844
-0.0365180969238281 0.0115776062011719 -0.0509567260742188 0.0462837219238281
0.0157337188720703 0.0165395736694336 0.0529251098632813 -0.0536689758300781
0.0145807266235352 -0.0095977783203125 0.00646400451660157 -0.0236549377441406
-0.00192928314208984 -0.0138063430786133 0.0138568878173828 0.0177383422851563
-0.00998306274414063 -0.00377082824707031 0.0424728393554687 0.00554656982421875
-0.00828170776367188 0.00414276123046875 0.0435638427734375 -0.0247917175292969
-0.00416374206542969 0.00946140289306641 0.026336669921875 -0.0495758056640625
-0.00373125076293945 0.0050206184387207 0.00413131713867187 -0.0572395324707031
-0.00229930877685547 0.00389981269836426 -0.001373291015625 -0.0461463928222656
-0.0039830207824707 0.00385475158691406 -0.00159072875976562 -0.0400657653808594
-0.00484561920166016 -0.000844955444335937 0.00295639038085937 -0.033447265625
-0.00109577178955078 -0.00712442398071289 0.00209426879882813 -0.0298385620117187
0.0090188980102539 -0.00827312469482422 0.00779342651367188 -0.0368423461914063
0.0179786682128906 0.00193023681640625 0.0196952819824219 -0.0447196960449219
0.0199680328369141 0.0171947479248047 0.0267486572265625 -0.0631752014160156
0.0121116638183594 0.0286502838134766 0.0385971069335938 -0.0695381164550781
-0.00341033935546875 0.0434074401855469 0.0585136413574219 -0.0443992614746094
0.0107536315917969 0.0175724029541016 0.0113773345947266 -0.0184001922607422
0.0111761093139648 0.0102500915527344 0.0160884857177734 0.0222759246826172
0.0108089447021484 0.00296115875244141 0.0459480285644531 0.00925445556640625
0.0110940933227539 -0.00135421752929687 0.0475654602050781 -0.02166748046875
0.00629997253417969 -0.00885200500488281 0.0284652709960937 -0.0497016906738281
-5.43594360351573E-05 -0.0159730911254883 0.00384902954101562 -0.0558052062988281
0.0029001235961914 -0.0155010223388672 -0.00335693359375 -0.0421943664550781
0.00119209289550781 -0.0183906555175781 -0.0037994384765625 -0.036651611328125
0.00796890258789063 -0.0182132720947266 -0.00213623046875 -0.0313663482666016
0.0203838348388672 -0.0130233764648438 -0.00256729125976562 -0.0281009674072266
0.0302047729492188 0.00159454345703125 0.00453948974609375 -0.035675048828125
0.0241584777832031 0.0295295715332031 0.0149192810058594 -0.0414848327636719
0.0135040283203125 0.0456008911132812 0.0224494934082031 -0.0562744140625
-0.00854110717773438 0.0537376403808594 0.0340232849121094 -0.0589065551757813
-0.0245170593261719 0.0638160705566406 0.0565605163574219 -0.0273284912109375
0.0020751953125 0.0442047119140625 0.0125484466552734 -0.00614643096923828
0.0203819274902344 0.038116455078125 0.0152854919433594 0.0306396484375
0.0321712493896484 0.0138263702392578 0.0465927124023437 0.0161628723144531
0.0317745208740234 -0.00455856323242188 0.0488471984863281 -0.0142326354980469
0.0185737609863281 -0.0246829986572266 0.0291481018066406 -0.0440483093261719
0.00498199462890625 -0.0350837707519531 0.00352096557617188 -0.047760009765625
0.00783157348632813 -0.0329151153564453 -0.00491905212402344 -0.0317363739013672
0.00519943237304688 -0.0379829406738281 -0.00649452209472657 -0.0263462066650391
0.0175037384033203 -0.0340633392333984 -0.00871658325195313 -0.0229663848876953
0.037200927734375 -0.0211715698242187 -0.0101242065429687 -0.0210151672363281
0.0476799011230469 0.00540542602539063 -0.00265502929687499 -0.0316734313964844
0.0325393676757813 0.0487327575683594 0.00850677490234375 -0.0371856689453125
0.0106124877929688 0.0666275024414063 0.0180320739746094 -0.0448074340820312
-0.0240020751953125 0.0712203979492188 0.0232429504394531 -0.0409011840820313
-0.0435028076171875 0.0732879638671875 0.0450439453125 -0.00426483154296875
-0.0114212036132813 0.0644416809082031 0.00837039947509765 0.0118503570556641
0.0237236022949219 0.0636787414550781 0.0110626220703125 0.0400848388671875
0.0488510131835938 0.0270347595214844 0.0419120788574219 0.0251121520996094
0.0496749877929688 -0.00443649291992188 0.0448493957519531 -0.00365447998046875
0.0293540954589844 -0.0365447998046875 0.0267753601074219 -0.0325412750244141
0.00947952270507813 -0.0482864379882813 0.00309562683105469 -0.0325832366943359
0.0117645263671875 -0.0446510314941406 -0.00607776641845703 -0.0168695449829102
0.00704574584960937 -0.0516319274902344 -0.00812530517578125 -0.0116367340087891
0.0216712951660156 -0.0459785461425781 -0.0149555206298828 -0.00948715209960938
0.0465087890625 -0.0290374755859375 -0.0170059204101562 -0.0102252960205078
0.0587997436523438 0.00424575805664063 -0.0104179382324219 -0.0247879028320313
0.03961181640625 0.0580635070800781 0.00201606750488282 -0.0321807861328125
0.00962829589843751 0.0770339965820313 0.014373779296875 -0.0303630828857422
-0.0353317260742188 0.0788421630859375 0.009918212890625 -0.0184440612792969
-0.0553512573242187 0.07061767578125 0.0265159606933594 0.0208606719970703
-0.0242156982421875 0.0727996826171875 -0.000669479370117187 0.0315284729003906
0.01959228515625 0.0794296264648438 0.00423812866210938 0.0477180480957031
0.0557937622070313 0.0382575988769531 0.0318069458007813 0.0335597991943359
0.0597763061523437 -0.00142669677734375 0.0351352691650391 0.00825309753417969
0.0368156433105469 -0.041717529296875 0.0204315185546875 -0.016876220703125
0.0123977661132813 -0.0544548034667969 0.00205326080322266 -0.0141687393188477
0.0133552551269531 -0.0506782531738281 -0.00602531433105469 0.00120401382446289
0.0074462890625 -0.0581855773925781 -0.0084223747253418 0.00541114807128906
0.0221786499023438 -0.0506248474121094 -0.0190868377685547 0.00721168518066405
0.04962158203125 -0.0330009460449219 -0.0228805541992187 0.00216865539550782
0.0611457824707031 0.00291061401367187 -0.0168075561523437 -0.0170211791992188
0.0395240783691406 0.0604286193847656 -0.00269317626953125 -0.0255088806152344
0.0061492919921875 0.0780029296875 0.0125579833984375 -0.0145320892333984
-0.0421524047851563 0.0758819580078125 -0.00473928451538086 0.00487422943115235
-0.0564689636230469 0.0556106567382812 0.00522232055664062 0.0444412231445312
-0.0334625244140625 0.0654411315917969 -0.010955810546875 0.04864501953125
0.00876617431640626 0.0789871215820313 -0.00394821166992187 0.0503807067871094
0.050140380859375 0.0425300598144531 0.018218994140625 0.0378227233886719
0.0575637817382813 0.00272750854492188 0.0218086242675781 0.0184288024902344
0.0375251770019531 -0.0388565063476563 0.0130424499511719 -5.34057617187524E-05
0.0133895874023438 -0.0517730712890625 0.000853061676025392 0.00588798522949218
0.0132980346679688 -0.0484161376953125 -0.00531768798828125 0.0183029174804687
0.00716781616210938 -0.0553932189941406 -0.00824928283691406 0.0230159759521484
0.0208091735839844 -0.0484542846679688 -0.0224037170410156 0.0219554901123047
0.04718017578125 -0.0308647155761719 -0.0266876220703125 0.0129737854003906
0.0564231872558594 0.00388336181640625 -0.0226612091064453 -0.00942039489746094
0.0331840515136719 0.0569343566894531 -0.00652503967285156 -0.0190162658691406
-0.00145339965820312 0.0700607299804687 0.0101289749145508 -0.000164031982421871
-0.04461669921875 0.0622215270996094 -0.0197372436523438 0.0257949829101563
-0.0468978881835938 0.03009033203125 -0.0156784057617188 0.0615005493164063
-0.0337104797363281 0.04486083984375 -0.0212478637695313 0.0609512329101563
-0.00198745727539062 0.0612564086914063 -0.0102615356445313 0.0493011474609375
0.0351448059082031 0.03692626953125 0.005035400390625 0.0387344360351562
0.0445442199707031 0.00497817993164063 0.00788688659667969 0.0244350433349609
0.0307521820068359 -0.0299015045166016 0.00380802154541016 0.0150995254516602
0.011260986328125 -0.0403404235839844 -0.000116348266601562 0.0238742828369141
0.011199951171875 -0.0383224487304687 -0.00336074829101563 0.033172607421875
0.00680923461914063 -0.0448150634765625 -0.0073089599609375 0.0382919311523437
0.0171546936035156 -0.0392494201660156 -0.0240402221679687 0.0350131988525391
0.0395240783691406 -0.0244560241699219 -0.0311317443847656 0.0220451354980469
0.0452995300292969 0.00586318969726563 -0.0282211303710937 -0.00393486022949219
0.0214805603027344 0.0488319396972656 -0.0101985931396484 -0.0153684616088867
-0.0101470947265625 0.0543365478515625 0.00696945190429688 0.0118741989135742
-0.0433769226074219 0.0404510498046875 -0.034637451171875 0.0415191650390625
-0.0300540924072266 -0.000425338745117187 -0.0282516479492188 0.0692672729492188
-0.0272560119628906 0.0165252685546875 -0.0266304016113281 0.0653305053710938
-0.01025390625 0.0318889617919922 -0.0126609802246094 0.045196533203125
0.0148086547851562 0.0229034423828125 -0.00354766845703125 0.0372886657714844
0.0228710174560547 0.00562095642089844 -0.00104522705078125 0.0273990631103516
0.0180912017822266 -0.0158500671386719 -0.00101470947265625 0.0260009765625
0.00775909423828125 -0.0224533081054688 0.000621795654296875 0.0360488891601563
0.00718498229980469 -0.0227985382080078 -0.00161361694335937 0.0425491333007813
0.00519561767578125 -0.0280399322509766 -0.0070343017578125 0.0486793518066406
0.0118694305419922 -0.0255050659179688 -0.0264663696289063 0.0443916320800781
0.0274124145507813 -0.0155124664306641 -0.0355377197265625 0.0270271301269531
0.0304660797119141 0.005889892578125 -0.0333843231201172 -0.000291824340820307
0.00960540771484375 0.0352706909179688 -0.0142889022827148 -0.0134134292602539
-0.0164737701416016 0.0329303741455078 0.000587463378906248 0.0188255310058594
-0.036224365234375 0.0136795043945313 -0.0487213134765625 0.0498542785644531
0.0166072845458984 0.0158786773681641 0.0503196716308594 -0.0549201965332031
0.0137615203857422 -0.00967311859130859 0.00484657287597656 -0.0238399505615234
-0.00225639343261719 -0.0137557983398438 0.0145502090454102 0.0173559188842773
-0.0102510452270508 -0.00399017333984375 0.0426254272460938 0.00445938110351563
-0.00841283798217773 0.00435590744018555 0.0420684814453125 -0.0254707336425781
-0.00377655029296875 0.00946903228759766 0.0247230529785156 -0.0501174926757813
-0.00277376174926758 0.00562191009521484 0.00208282470703125 -0.0568466186523438
-0.0019831657409668 0.00443363189697266 -0.00310897827148438 -0.0461845397949219
-0.00324869155883789 0.0038902759552002 -0.0034027099609375 -0.0394554138183594
-0.00447702407836914 -0.000676631927490235 0.00149917602539062 -0.0335445404052734
-0.0011754035949707 -0.0070037841796875 0.00100898742675781 -0.0307788848876953
0.00893783569335938 -0.00865745544433594 0.00648880004882813 -0.0373039245605469
0.0180568695068359 0.0013275146484375 0.0177116394042969 -0.0449180603027344
0.0202713012695313 0.0166015625 0.0240020751953125 -0.0634498596191406
0.0130481719970703 0.0280113220214844 0.0360946655273438 -0.07122802734375
-0.00159072875976562 0.0437545776367188 0.0562629699707031 -0.0463104248046875
0.0112752914428711 0.0174112319946289 0.00990676879882813 -0.0185146331787109
0.0116329193115234 0.00979328155517578 0.0167274475097656 0.0222148895263672
0.0109882354736328 0.00251102447509766 0.0459136962890625 0.008056640625
0.0105438232421875 -0.00212860107421875 0.0465774536132813 -0.0229682922363281
0.00566482543945313 -0.008880615234375 0.0267562866210938 -0.0503120422363281
-0.000614166259765625 -0.015965461730957 0.00193786621093751 -0.0554733276367188
0.00207805633544922 -0.0154695510864258 -0.00455474853515625 -0.0417900085449219
0.000663757324218751 -0.0184535980224609 -0.00518798828125 -0.0362358093261719
0.00729942321777344 -0.01800537109375 -0.00342178344726562 -0.03118896484375
0.0196247100830078 -0.0133209228515625 -0.00369453430175781 -0.0280323028564453
0.0301780700683594 0.000431060791015625 0.00309371948242188 -0.0357856750488281
0.0251026153564453 0.0283756256103516 0.0133590698242187 -0.0421905517578125
0.0153541564941406 0.0447578430175781 0.02020263671875 -0.0569877624511719
-0.00638198852539062 0.0543479919433594 0.031829833984375 -0.060302734375
-0.0220565795898438 0.0642662048339844 0.0547447204589844 -0.0292091369628906
0.00296401977539063 0.0438575744628906 0.0111770629882813 -0.00683116912841797
0.0220909118652344 0.0372390747070313 0.015838623046875 0.0307044982910156
0.0325565338134766 0.0128345489501953 0.0468215942382813 0.0151329040527344
0.0316696166992188 -0.00611305236816406 0.048187255859375 -0.015838623046875
0.0168991088867188 -0.0254287719726563 0.0271797180175781 -0.0446243286132813
0.00343132019042969 -0.0347576141357422 0.001800537109375 -0.0471382141113281
0.00667381286621094 -0.0330142974853516 -0.00563621520996094 -0.0309486389160156
0.00332260131835938 -0.0375518798828125 -0.007415771484375 -0.0259647369384766
0.0154781341552734 -0.0344791412353516 -0.00949668884277344 -0.0224838256835938
0.03594970703125 -0.0223159790039063 -0.0107879638671875 -0.0207118988037109
0.0478477478027344 0.00339889526367188 -0.0038604736328125 -0.0320167541503906
0.0348930358886719 0.047149658203125 0.00708770751953125 -0.0378532409667969
0.0132369995117188 0.0653572082519531 0.0160980224609375 -0.0452766418457031
-0.0216598510742188 0.072113037109375 0.0217208862304688 -0.0416755676269531
-0.0402908325195313 0.0747146606445313 0.0441780090332031 -0.005828857421875
-0.00930023193359375 0.0649833679199219 0.00771141052246094 0.0111169815063477
0.0263862609863281 0.0625648498535156 0.0124969482421875 0.0400772094726563
0.0497245788574219 0.0249786376953125 0.0421371459960938 0.0242729187011719
0.0494651794433594 -0.0063323974609375 0.0446624755859375 -0.00482940673828125
0.0273780822753906 -0.0374984741210938 0.0252513885498047 -0.0331535339355469
0.006683349609375 -0.0484542846679688 0.00185394287109375 -0.0326633453369141
0.00955200195312501 -0.0457649230957031 -0.00628089904785156 -0.0156593322753906
0.00437164306640625 -0.0516319274902344 -0.00869464874267578 -0.0109033584594727
0.0191612243652344 -0.0461311340332031 -0.0152015686035156 -0.00860691070556641
0.0450172424316406 -0.0304107666015625 -0.0174045562744141 -0.00956821441650391
0.0587081909179688 0.00191116333007813 -0.0112686157226562 -0.0250492095947266
0.0419845581054688 0.0561599731445313 0.000665664672851565 -0.0323143005371094
0.0126876831054688 0.0758819580078125 0.0131072998046875 -0.0312461853027344
-0.0320892333984375 0.0801925659179688 0.00911521911621094 -0.0194816589355469
-0.0518569946289063 0.0720748901367187 0.0262508392333984 0.0199775695800781
-0.02178955078125 0.0732345581054688 -3.24249267578131E-05 0.0304050445556641
0.0223464965820313 0.0785598754882812 0.00534820556640625 0.0476188659667969
0.0568504333496094 0.0360069274902344 0.0325775146484375 0.0323486328125
0.0594558715820312 -0.00366973876953125 0.0356369018554688 0.00699234008789063
0.0343780517578125 -0.0427589416503906 0.0195865631103516 -0.0174903869628906
0.00969696044921876 -0.0544509887695312 0.00140571594238281 -0.0137958526611328
0.0109405517578125 -0.0509834289550781 -0.00577926635742187 0.00168228149414062
0.00431442260742187 -0.0578994750976563 -0.00836753845214844 0.00642061233520508
0.019439697265625 -0.0510978698730469 -0.0193309783935547 0.00748252868652344
0.0477828979492188 -0.0345993041992188 -0.0226116180419922 0.0026702880859375
0.0610427856445312 0.000507354736328125 -0.0179061889648437 -0.0168476104736328
0.0418319702148438 0.0581169128417969 -0.00337791442871094 -0.0256423950195312
0.00890350341796876 0.0770263671875 0.0119237899780273 -0.015350341796875
-0.0390243530273438 0.0774307250976563 -0.00437784194946289 0.00453948974609375
-0.0542068481445313 0.057373046875 0.00635910034179687 0.0437049865722656
-0.0310745239257812 0.0664024353027344 -0.00997161865234376 0.0481147766113281
0.0120849609375 0.0784149169921875 -0.00268173217773437 0.0510215759277344
0.0514984130859375 0.0404701232910156 0.0188407897949219 0.0374565124511719
0.0578193664550781 0.000823974609375 0.0224094390869141 0.0178680419921875
0.0354118347167969 -0.0400123596191406 0.0123491287231445 -0.000331878662109377
0.0104713439941406 -0.0521736145019531 0.00139760971069336 0.00581932067871093
0.0107307434082031 -0.0486946105957031 -0.00405311584472656 0.0186595916748047
0.00458908081054687 -0.0552024841308594 -0.00739669799804688 0.0235157012939453
0.0179710388183594 -0.0489387512207031 -0.0213661193847656 0.0228099822998047
0.0450897216796875 -0.0326423645019531 -0.0267543792724609 0.01397705078125
0.0561752319335938 0.00141525268554688 -0.0230560302734375 -0.00863838195800782
0.0355491638183594 0.0552749633789063 -0.00739479064941406 -0.0197868347167969
0.001068115234375 0.0690689086914063 0.01007080078125 -0.000790596008300777
-0.0422592163085938 0.0641288757324219 -0.0186901092529297 0.0262241363525391
-0.0456695556640625 0.0316543579101562 -0.0135154724121094 0.0617752075195313
-0.0320053100585938 0.0456047058105469 -0.0198097229003906 0.0604743957519531
0.00037384033203125 0.0607376098632812 -0.00886535644531249 0.0500907897949219
0.0365333557128906 0.0351715087890625 0.00645065307617188 0.0385017395019531
0.0445137023925781 0.0032196044921875 0.00922584533691407 0.0239486694335938
0.0287799835205078 -0.0305938720703125 0.00403690338134766 0.0149345397949219
0.00906753540039062 -0.0405654907226562 0.000936508178710936 0.0236911773681641
0.00952529907226562 -0.0387535095214844 -0.00215721130371094 0.0335674285888672
0.0046234130859375 -0.0446548461914063 -0.00555038452148437 0.0386466979980469
0.0149459838867187 -0.0395660400390625 -0.0229682922363281 0.0364837646484375
0.0376625061035156 -0.0259361267089844 -0.0300617218017578 0.0230636596679688
0.0452194213867187 0.00394439697265625 -0.0283164978027344 -0.00296401977539063
0.0235176086425781 0.047576904296875 -0.0104808807373047 -0.0153322219848633
-0.00777053833007813 0.0540542602539063 0.00750446319580078 0.0110330581665039
-0.0416107177734375 0.0424079895019531 -0.0328254699707031 0.0421028137207031
-0.0295829772949219 0.00110244750976562 -0.0257034301757813 0.0702896118164063
-0.0267677307128906 0.0174484252929688 -0.0240669250488281 0.0659599304199219
-0.00876617431640625 0.0321540832519531 -0.0114173889160156 0.0452690124511719
0.0160770416259766 0.0223102569580078 -0.00210189819335938 0.0375099182128906
0.0231552124023438 0.00467491149902344 0.000289916992187503 0.0275917053222656
0.0167608261108398 -0.0163917541503906 -0.000255584716796874 0.0260772705078125
0.00655746459960937 -0.0225982666015625 0.0020904541015625 0.0358200073242188
0.00599288940429688 -0.0233020782470703 0.000518798828124999 0.0427436828613281
0.00384521484375 -0.0280685424804688 -0.00561904907226563 0.0493049621582031
0.0104389190673828 -0.0257282257080078 -0.0246353149414063 0.0450973510742187
0.0267829895019531 -0.0164146423339844 -0.0337295532226563 0.0284156799316406
0.0306015014648437 0.00472640991210938 -0.0330829620361328 0.000917434692382816
0.0109462738037109 0.0350112915039063 -0.0143394470214844 -0.0134725570678711
-0.0152053833007813 0.0333423614501953 0.00188064575195313 0.0177288055419922
-0.0352668762207031 0.0151481628417969 -0.0462493896484375 0.0504913330078125
0.0167512893676758 0.0153093338012695 0.0492782592773438 -0.0560722351074219
0.013554573059082 -0.00986480712890625 0.00408172607421875 -0.0228347778320313
-0.00242328643798828 -0.0132732391357422 0.0145912170410156 0.0174064636230469
-0.0103864669799805 -0.00379753112792969 0.0421829223632813 0.00413131713867188
-0.00840139389038086 0.00444507598876953 0.0416183471679687 -0.0260505676269531
-0.00361251831054688 0.00945568084716797 0.0241584777832031 -0.049957275390625
-0.00278663635253906 0.00558376312255859 0.000740051269531245 -0.0567283630371094
-0.00214028358459473 0.00412583351135254 -0.0037841796875 -0.0458221435546875
-0.00316333770751953 0.0036015510559082 -0.00397491455078125 -0.0397186279296875
-0.00403881072998047 -0.000485420227050782 0.00110435485839844 -0.0339088439941406
-0.00122213363647461 -0.00633668899536133 0.000698089599609376 -0.0311946868896484
0.00852394104003906 -0.00884246826171875 0.00557708740234375 -0.0377769470214844
0.0176734924316406 0.00116539001464844 0.0169410705566406 -0.0446395874023438
0.0206165313720703 0.0164604187011719 0.0229339599609375 -0.0634956359863281
0.0133571624755859 0.0278282165527344 0.0349884033203125 -0.0720367431640625
-0.00106048583984375 0.0438613891601563 0.0549240112304688 -0.0473861694335938
0.0111637115478516 0.0177059173583984 0.008941650390625 -0.0183067321777344
0.0121469497680664 0.00986385345458984 0.0167751312255859 0.0227775573730469
0.0107498168945313 0.00204563140869141 0.0460662841796875 0.00766372680664063
0.0108022689819336 -0.00263881683349609 0.0463600158691406 -0.0232620239257813
0.00525951385498047 -0.00896358489990234 0.0260848999023437 -0.0503349304199219
-0.00123882293701172 -0.0153942108154297 0.000675201416015625 -0.0554275512695313
0.00174522399902344 -0.0158290863037109 -0.00500106811523437 -0.0416641235351563
0.000173568725585939 -0.0182056427001953 -0.00584793090820313 -0.0359458923339844
0.00690650939941406 -0.0178604125976563 -0.00391769409179687 -0.0313377380371094
0.0193920135498047 -0.0137691497802734 -0.00417327880859375 -0.0280857086181641
0.0302848815917969 -0.000123977661132812 0.00243759155273438 -0.0359458923339844
0.0255603790283203 0.0280857086181641 0.012786865234375 -0.0420188903808594
0.0156364440917969 0.0441703796386719 0.019439697265625 -0.0572128295898438
-0.00578689575195312 0.0543937683105469 0.0313949584960938 -0.0615196228027344
-0.0207672119140625 0.0648307800292969 0.0538177490234375 -0.0301933288574219
0.00299453735351562 0.0441856384277344 0.00998401641845703 -0.00663661956787109
0.0227546691894531 0.0371246337890625 0.0162677764892578 0.0311660766601563
0.0325202941894531 0.0117225646972656 0.0465927124023438 0.0148200988769531
0.0318508148193359 -0.006805419921875 0.0479660034179687 -0.0158653259277344
0.0162086486816406 -0.0259170532226562 0.0268058776855469 -0.0446510314941406
0.00201416015625 -0.0347328186035156 0.00104904174804688 -0.0466194152832031
0.00563430786132813 -0.0331077575683594 -0.00587081909179688 -0.0306949615478516
0.00246429443359375 -0.0378875732421875 -0.00794219970703125 -0.0257225036621094
0.0148735046386719 -0.0341835021972656 -0.0101871490478516 -0.0217418670654297
0.0351829528808594 -0.02301025390625 -0.0112018585205078 -0.0204944610595703
0.0477828979492188 0.00251388549804688 -0.00421142578125 -0.0326442718505859
0.0355300903320313 0.0464439392089844 0.00621795654296875 -0.0380935668945313
0.0140838623046875 0.0649948120117188 0.0154762268066406 -0.0458412170410156
-0.0206146240234375 0.0727767944335938 0.0211143493652344 -0.0428848266601562
-0.0390548706054687 0.0755386352539063 0.0433502197265625 -0.00664138793945312
-0.00892257690429687 0.0648307800292969 0.00680923461914063 0.0107288360595703
0.027557373046875 0.0625953674316406 0.0125198364257813 0.04071044921875
0.0503005981445313 0.0241355895996094 0.0425033569335938 0.0240287780761719
0.0497245788574219 -0.007537841796875 0.0443115234375 -0.00533676147460938
0.0260772705078125 -0.0374259948730469 0.0243759155273438 -0.0331611633300781
0.00550842285156251 -0.0479316711425781 0.0011749267578125 -0.0322799682617188
0.008514404296875 -0.0455398559570312 -0.00601100921630859 -0.0152740478515625
0.00300979614257813 -0.05133056640625 -0.00900077819824219 -0.0105686187744141
0.0178947448730469 -0.0457839965820312 -0.0155658721923828 -0.00764560699462891
0.0444145202636719 -0.0313835144042969 -0.0176258087158203 -0.00949859619140626
0.0582809448242187 0.000713348388671875 -0.0119876861572266 -0.0253505706787109
0.0426788330078125 0.0551185607910156 0.000267028808593756 -0.0328159332275391
0.0129928588867188 0.0754547119140625 0.0125560760498047 -0.0315608978271484
-0.031280517578125 0.0811004638671875 0.00910186767578125 -0.0203189849853516
-0.0512771606445312 0.073516845703125 0.0260143280029297 0.0194530487060547
-0.021331787109375 0.0733413696289062 -0.000749588012695311 0.0301017761230469
0.02410888671875 0.0786361694335938 0.00543212890625 0.048492431640625
0.0572547912597656 0.0349464416503906 0.03265380859375 0.0324344635009766
0.0600166320800781 -0.00486373901367187 0.0351123809814453 0.00686073303222656
0.0329360961914063 -0.0431175231933594 0.0190792083740234 -0.0175800323486328
0.00766372680664062 -0.0543441772460938 0.00127410888671875 -0.0134601593017578
0.0100898742675781 -0.0512161254882813 -0.00521087646484375 0.00242328643798828
0.00290679931640625 -0.0571670532226562 -0.00829267501831055 0.00690889358520507
0.0178489685058594 -0.051055908203125 -0.0190563201904297 0.00830459594726562
0.0463600158691406 -0.0355873107910156 -0.0225200653076172 0.00332641601562499
0.0607681274414063 -0.000446319580078125 -0.0183372497558594 -0.0167770385742187
0.0430755615234375 0.0575294494628906 -0.00430107116699218 -0.0261993408203125
0.00988006591796875 0.076019287109375 0.0117454528808594 -0.016047477722168
-0.0377197265625 0.078338623046875 -0.00458431243896485 0.00406551361083985
-0.0531883239746094 0.0584373474121094 0.00624465942382812 0.0437431335449219
-0.0305290222167969 0.0668373107910156 -0.0100326538085938 0.0476722717285156
0.013946533203125 0.0784378051757813 -0.002166748046875 0.0513534545898438
0.0522079467773438 0.03936767578125 0.0195350646972656 0.0376625061035156
0.0579757690429688 -0.00040435791015625 0.0224761962890625 0.0176811218261719
0.0341873168945313 -0.0405235290527344 0.0120868682861328 -0.000465393066406252
0.00879287719726562 -0.0516090393066406 0.00114250183105469 0.0058755874633789
0.00979995727539063 -0.0487785339355469 -0.00339698791503906 0.0192432403564453
0.00269317626953125 -0.0548019409179688 -0.00734329223632813 0.0239391326904297
0.0166702270507812 -0.0487327575683594 -0.0210952758789063 0.0235061645507812
0.0437240600585938 -0.0336341857910156 -0.0259475708007812 0.0143032073974609
0.0559883117675781 0.000598907470703125 -0.0231418609619141 -0.00868797302246094
0.0363693237304688 0.054595947265625 -0.00775146484375 -0.0198478698730469
0.00191497802734375 0.0687484741210937 0.00978660583496094 -0.00147533416748046
-0.0410118103027344 0.0650138854980469 -0.0178871154785156 0.0258274078369141
-0.045013427734375 0.0326614379882812 -0.0135765075683594 0.0622978210449219
-0.0313835144042969 0.0462760925292969 -0.0195236206054688 0.0600013732910156
0.00171279907226562 0.0609474182128906 -0.00810241699218751 0.0500068664550781
0.0371208190917969 0.0345840454101563 0.00684356689453126 0.0389823913574219
0.0445442199707031 0.00258636474609375 0.00939750671386719 0.0240993499755859
0.0277614593505859 -0.0308551788330078 0.00412559509277344 0.0144739151000977
0.00801467895507812 -0.0403594970703125 0.00109291076660156 0.0239601135253906
0.00795364379882813 -0.0390052795410156 -0.00113677978515625 0.0336418151855469
0.00304031372070312 -0.0442733764648438 -0.00531768798828125 0.0390205383300781
0.0136680603027344 -0.0392532348632813 -0.0225410461425781 0.0367050170898437
0.0370216369628906 -0.0266914367675781 -0.0295162200927734 0.0232124328613281
0.0450172424316406 0.00308609008789062 -0.0282382965087891 -0.00267601013183594
0.0245132446289063 0.0469551086425781 -0.010737419128418 -0.0157289505004883
-0.00746536254882813 0.0535850524902344 0.00757312774658203 0.0103302001953125
-0.0407180786132812 0.042877197265625 -0.0321273803710938 0.0420761108398438
-0.0296459197998047 0.00133514404296875 -0.0255126953125 0.0705718994140625
-0.0258827209472656 0.0179538726806641 -0.0236549377441406 0.0657157897949219
-0.00803375244140625 0.0325965881347656 -0.0108985900878906 0.0455284118652344
0.0160846710205078 0.0215396881103516 -0.00151443481445313 0.03778076171875
0.0230598449707031 0.00407981872558594 0.000431060791015626 0.0274562835693359
0.0160369873046875 -0.0162448883056641 -1.71661376953136E-05 0.0258045196533203
0.0054931640625 -0.0228404998779297 0.00222015380859375 0.0360336303710938
0.00543212890625 -0.0231266021728516 0.00121688842773438 0.0429306030273438
0.00309181213378906 -0.0279731750488281 -0.0048980712890625 0.0493545532226563
0.00984001159667969 -0.0259323120117188 -0.0240859985351563 0.0453376770019531
0.0261344909667969 -0.0168895721435547 -0.0332374572753906 0.0285167694091797
0.0302505493164063 0.00421905517578125 -0.0331516265869141 0.00123023986816406
0.0114936828613281 0.0343685150146484 -0.014277458190918 -0.0134677886962891
-0.0150566101074219 0.0331497192382813 0.00224685668945313 0.0169734954833984
-0.0347862243652344 0.0157203674316406 -0.0450553894042969 0.0509071350097656
0.016845703125 0.0155057907104492 0.0492172241210938 -0.056549072265625
0.0139093399047852 -0.00940608978271485 0.00356483459472656 -0.0227413177490234
-0.00273704528808594 -0.0135736465454102 0.0154857635498047 0.0182781219482422
-0.0107574462890625 -0.00384044647216797 0.0432472229003906 0.00408935546875
-0.00849008560180664 0.00438880920410156 0.0425300598144531 -0.0265045166015625
-0.00338935852050781 0.0099344253540039 0.024658203125 -0.0510597229003906
-0.00255012512207031 0.00592279434204102 0.000545501708984379 -0.05804443359375
-0.00180482864379883 0.00422430038452148 -0.0042572021484375 -0.0472297668457031
-0.0029139518737793 0.00351524353027344 -0.00423812866210938 -0.0408287048339844
-0.00412344932556152 -0.000520229339599609 0.000926971435546877 -0.0349578857421875
-0.00125932693481445 -0.00653505325317383 0.000679016113281248 -0.0322742462158203
0.00874996185302734 -0.00909042358398438 0.0056304931640625 -0.03875732421875
0.0181922912597656 0.00114059448242187 0.0174560546875 -0.0452842712402344
0.0207157135009766 0.0166034698486328 0.0236854553222656 -0.0646133422851562
0.0135154724121094 0.0280475616455078 0.0357589721679687 -0.0738601684570312
-0.000747680664062495 0.0446624755859375 0.0555076599121094 -0.0485076904296875
0.0111179351806641 0.0182113647460938 0.00826072692871094 -0.0183792114257813
0.0126237869262695 0.00988101959228516 0.0170307159423828 0.023529052734375
0.0110454559326172 0.00189876556396484 0.0469703674316406 0.00833511352539063
0.0109481811523437 -0.00300693511962891 0.0472488403320312 -0.0236282348632812
0.00552272796630859 -0.00912094116210938 0.0265922546386719 -0.05108642578125
-0.00132274627685547 -0.0158166885375977 0.000370025634765628 -0.05621337890625
0.00181674957275391 -0.0162868499755859 -0.00508499145507812 -0.0421371459960938
0.000238418579101561 -0.0188159942626953 -0.00610733032226562 -0.0368385314941406
0.0072174072265625 -0.0179920196533203 -0.00433921813964843 -0.0319194793701172
0.0197792053222656 -0.01373291015625 -0.00405120849609375 -0.0289421081542969
0.0309696197509766 -0.000188827514648437 0.002410888671875 -0.0375633239746094
0.0262012481689453 0.0283527374267578 0.0129127502441406 -0.0431365966796875
0.0157852172851563 0.0446815490722656 0.0199699401855469 -0.0586471557617188
-0.00566864013671875 0.0550613403320313 0.0319290161132813 -0.0632781982421875
-0.0210723876953125 0.0667304992675781 0.0541915893554688 -0.0308303833007812
0.00305938720703125 0.0453453063964844 0.00926303863525391 -0.00652599334716797
0.0239601135253906 0.0378074645996094 0.0163936614990234 0.0326137542724609
0.0333709716796875 0.0116786956787109 0.0476608276367188 0.0157356262207031
0.0324649810791016 -0.00754356384277344 0.0490798950195313 -0.0162811279296875
0.0159454345703125 -0.0261859893798828 0.0268096923828125 -0.0449714660644531
0.00139617919921875 -0.0350399017333984 0.00107574462890625 -0.0472412109375
0.00575637817382812 -0.0341529846191406 -0.00597572326660156 -0.0311489105224609
0.0021514892578125 -0.0381889343261719 -0.00820732116699219 -0.0262413024902344
0.0148105621337891 -0.0343780517578125 -0.0104103088378906 -0.0220718383789063
0.0356369018554688 -0.0235595703125 -0.0114078521728516 -0.0207405090332031
0.0486679077148438 0.00259780883789063 -0.00434494018554688 -0.0336074829101562
0.0364189147949219 0.0471343994140625 0.00615310668945313 -0.0395240783691406
0.0144157409667969 0.0656814575195313 0.0153160095214844 -0.0472869873046875
-0.021087646484375 0.0743255615234375 0.0217971801757813 -0.0443687438964844
-0.0401077270507812 0.0775985717773438 0.0438728332519531 -0.00725173950195312
-0.00958633422851562 0.0663223266601563 0.00605010986328125 0.0108509063720703
0.0288810729980469 0.0638809204101563 0.0128364562988281 0.0426445007324219
0.0509605407714844 0.0245285034179688 0.04351806640625 0.0247688293457031
0.0508346557617188 -0.00836563110351563 0.0456161499023437 -0.00542449951171875
0.0261154174804687 -0.0382347106933594 0.0245361328125 -0.0333786010742188
0.00473403930664063 -0.0488815307617188 0.000940322875976561 -0.0326175689697266
0.008758544921875 -0.0465507507324219 -0.0056924819946289 -0.0154523849487305
0.00259017944335937 -0.0524635314941406 -0.00927543640136719 -0.0105752944946289
0.0175857543945313 -0.0464897155761719 -0.0159025192260742 -0.00770854949951172
0.044525146484375 -0.0320358276367188 -0.0179595947265625 -0.00972366333007813
0.0594825744628906 0.000476837158203125 -0.0124092102050781 -0.0260467529296875
0.0436973571777344 0.0564384460449219 -4.38690185546872E-05 -0.0337295532226562
0.0139617919921875 0.0767059326171875 0.0123577117919922 -0.0329227447509766
-0.0318832397460938 0.0834197998046875 0.00877761840820312 -0.0211048126220703
-0.0519027709960937 0.0751876831054688 0.0260639190673828 0.0197582244873047
-0.0221328735351562 0.0748825073242187 -0.00156784057617188 0.0306339263916016
0.0253219604492188 0.0802536010742188 0.00608062744140625 0.0503311157226563
0.0588111877441406 0.0354042053222656 0.0334873199462891 0.0333786010742188
0.06103515625 -0.005767822265625 0.0359840393066406 0.00704193115234375
0.0335121154785156 -0.0433235168457031 0.0188694000244141 -0.0175018310546875
0.00704193115234375 -0.0548477172851563 0.00123882293701172 -0.0136194229125977
0.00945663452148438 -0.0524482727050781 -0.00497341156005859 0.00268316268920898
0.00239944458007812 -0.0581779479980469 -0.0086212158203125 0.00699853897094726
0.0175933837890625 -0.0513343811035156 -0.0193824768066406 0.00870132446289063
0.0468482971191406 -0.0362510681152344 -0.0228385925292969 0.00335502624511718
0.0623207092285156 -0.000583648681640625 -0.0188865661621094 -0.0178871154785156
0.0443916320800781 0.0583305358886719 -0.00457191467285156 -0.0274543762207031
0.0101242065429688 0.077606201171875 0.0117063522338867 -0.0168094635009766
-0.0387496948242188 0.0799026489257812 -0.00466156005859375 0.00336694717407227
-0.0544052124023438 0.0599594116210938 0.00579833984375 0.0441818237304688
-0.0313644409179688 0.0679740905761719 -0.0109405517578125 0.0480575561523438
0.0148849487304688 0.0803604125976563 -0.00192642211914063 0.0527877807617188
0.0533218383789063 0.0402450561523438 0.019561767578125 0.0383186340332031
0.059478759765625 -0.00106430053710937 0.0233078002929688 0.0183925628662109
0.0341148376464844 -0.0408439636230469 0.0117158889770508 -4.57763671875025E-05
0.00812911987304688 -0.0522918701171875 0.00136232376098633 0.00658750534057617
0.00922775268554688 -0.0498237609863281 -0.00311660766601563 0.0199031829833984
0.0022125244140625 -0.0560035705566406 -0.00753593444824219 0.0250148773193359
0.0160140991210937 -0.0491447448730469 -0.0216503143310547 0.0243644714355469
0.0440139770507812 -0.034576416015625 -0.0263500213623047 0.0143680572509766
0.0565948486328125 0.000522613525390625 -0.0238895416259766 -0.00908851623535156
0.0371322631835938 0.0553817749023438 -0.00807952880859375 -0.0206050872802734
0.00189590454101563 0.0694389343261719 0.010014533996582 -0.00195693969726562
-0.0419464111328125 0.0667152404785156 -0.0187492370605469 0.0256195068359375
-0.0459861755371094 0.0335197448730469 -0.0141487121582031 0.0631523132324219
-0.031768798828125 0.0476303100585937 -0.0200920104980469 0.061004638671875
0.0028533935546875 0.0621147155761719 -0.00812911987304688 0.0510673522949219
0.0373725891113281 0.0349235534667969 0.00667190551757812 0.0397453308105469
0.0453376770019531 0.00186920166015625 0.00962066650390626 0.0249061584472656
0.0277786254882812 -0.0312004089355469 0.00395965576171875 0.0156755447387695
0.0074462890625 -0.0402984619140625 0.00189971923828125 0.0244255065917969
0.00767898559570312 -0.0396957397460938 -0.000299453735351563 0.03497314453125
0.00272369384765625 -0.0447654724121094 -0.00554656982421875 0.0398826599121094
0.0133247375488281 -0.0397224426269531 -0.0225181579589844 0.0373992919921875
0.0370025634765625 -0.0274085998535156 -0.0300846099853516 0.0235748291015625
0.0456809997558594 0.0027313232421875 -0.0286960601806641 -0.00298309326171875
0.0250740051269531 0.048065185546875 -0.0112152099609375 -0.0166110992431641
-0.006866455078125 0.0542831420898438 0.00783634185791016 0.01025390625
-0.0413856506347656 0.0442733764648438 -0.0325775146484375 0.0427360534667969
-0.0300121307373047 0.00159645080566406 -0.025970458984375 0.072418212890625
-0.0266265869140625 0.0183429718017578 -0.0238571166992188 0.0666465759277344
-0.00745582580566406 0.0330677032470703 -0.0110054016113281 0.0463905334472656
0.0167350769042969 0.0213966369628906 -0.00172805786132813 0.0386390686035156
0.0239925384521484 0.00349044799804687 0.000455856323242191 0.0284881591796875
0.0160923004150391 -0.0166702270507813 -0.00053596496582031 0.0264110565185547
0.00507354736328125 -0.0228900909423828 0.00284194946289063 0.0364494323730469
0.00506973266601563 -0.0235595703125 0.00187301635742187 0.0439949035644531
0.00276756286621094 -0.0283679962158203 -0.00466156005859375 0.0505714416503906
0.00971221923828125 -0.0258312225341797 -0.024139404296875 0.0462722778320313
0.0260086059570312 -0.0174999237060547 -0.0339698791503906 0.0287990570068359
0.0310878753662109 0.00436973571777344 -0.0336418151855469 0.000999450683593755
0.0115623474121094 0.0352210998535156 -0.0150308609008789 -0.0145454406738281
-0.0153617858886719 0.0336170196533203 0.00249290466308594 0.0167999267578125
-0.0350914001464844 0.0159854888916016 -0.0456809997558594 0.0513725280761719
0.0178604125976563 0.0160579681396484 0.0502586364746094 -0.0599784851074219
0.0140228271484375 -0.0100612640380859 0.00271415710449219 -0.0229892730712891
-0.00249767303466797 -0.0139980316162109 0.0164318084716797 0.0186939239501953
-0.0115127563476563 -0.0036478042602539 0.0449256896972656 0.004669189453125
-0.00908946990966797 0.00484657287597656 0.0441513061523438 -0.027587890625
-0.00327587127685547 0.0101318359375 0.0254249572753906 -0.0530929565429687
-0.00208044052124023 0.0065617561340332 -0.000507354736328126 -0.0601387023925781
-0.00178098678588867 0.00457286834716797 -0.0048675537109375 -0.0493240356445312
-0.00290083885192871 0.00323224067687988 -0.00501632690429688 -0.042938232421875
-0.00357627868652344 -0.000688791275024414 0.000679016113281253 -0.0365676879882812
-0.00131511688232422 -0.00651836395263672 0.000461578369140622 -0.0336971282958984
0.00902557373046875 -0.00953388214111328 0.00557708740234375 -0.0408897399902344
0.0184955596923828 0.000604629516601562 0.0180397033691406 -0.047454833984375
0.0215950012207031 0.0168819427490234 0.0241203308105469 -0.0676765441894531
0.0142688751220703 0.0289859771728516 0.0363082885742188 -0.0779876708984375
-0.000305175781250001 0.0467796325683594 0.0566024780273438 -0.0510520935058594
0.01190185546875 0.0191440582275391 0.00734329223632812 -0.0186004638671875
0.0130481719970703 0.010645866394043 0.0187168121337891 0.024993896484375
0.0115327835083008 0.00198173522949219 0.0489006042480469 0.00840377807617188
0.0112247467041016 -0.00355148315429687 0.0490837097167969 -0.0247955322265625
0.00526237487792969 -0.00947189331054688 0.0272560119628906 -0.0532379150390625
-0.00181484222412109 -0.0159807205200195 -0.000610351562499997 -0.0582275390625
0.00168323516845703 -0.0168523788452148 -0.00548171997070312 -0.044677734375
-0.000331878662109373 -0.0198955535888672 -0.007049560546875 -0.0388755798339844
0.00746726989746094 -0.0186672210693359 -0.0047149658203125 -0.0332183837890625
0.0201034545898438 -0.0142745971679688 -0.00465202331542969 -0.0304889678955078
0.0320186614990234 -0.000726699829101563 0.00228500366210938 -0.0400314331054687
0.0279178619384766 0.0290813446044922 0.0128822326660156 -0.0448532104492188
0.0165138244628906 0.0465126037597656 0.0200042724609375 -0.0613441467285156
-0.0054168701171875 0.0584373474121094 0.0322303771972656 -0.0672569274902344
-0.0211601257324219 0.0694961547851562 0.05511474609375 -0.0330924987792969
0.00317764282226563 0.0475959777832031 0.00875139236450195 -0.00669240951538086
0.0257339477539063 0.0395698547363281 0.0181865692138672 0.0343837738037109
0.0349178314208984 0.0118026733398438 0.0499000549316406 0.0160980224609375
0.0337677001953125 -0.0089111328125 0.0506973266601563 -0.0170822143554688
0.0159778594970703 -0.0271739959716797 0.0274467468261719 -0.0472145080566406
0.000991821289062503 -0.0360832214355469 0.00010299682617188 -0.0495719909667969
0.00524520874023437 -0.0362739562988281 -0.00637245178222656 -0.0325183868408203
0.00130844116210937 -0.0400962829589844 -0.0089569091796875 -0.02740478515625
0.0148506164550781 -0.0356063842773438 -0.0111045837402344 -0.0233535766601563
0.036834716796875 -0.0244560241699219 -0.0119533538818359 -0.0219650268554688
0.0512466430664063 0.00157928466796875 -0.00513839721679688 -0.0357246398925781
0.0387077331542969 0.0486221313476563 0.0060882568359375 -0.0412712097167969
0.0152435302734375 0.0682182312011719 0.0154342651367187 -0.0496940612792969
-0.02130126953125 0.0787353515625 0.0218925476074219 -0.0474967956542969
-0.0403976440429688 0.0818939208984375 0.0447616577148438 -0.00784301757812499
-0.00944137573242188 0.069580078125 0.00530529022216797 0.0108861923217773
0.0315055847167969 0.0667915344238281 0.0141067504882812 0.0446739196777344
0.0536766052246094 0.0244598388671875 0.0455970764160156 0.0260772705078125
0.0531234741210937 -0.00963973999023438 0.0473480224609375 -0.00525665283203125
0.026611328125 -0.0399322509765625 0.0250015258789063 -0.0347461700439453
0.00384521484375 -0.0500946044921875 0.000930786132812504 -0.0337486267089844
0.0079345703125 -0.0489730834960938 -0.00588893890380859 -0.0160036087036133
0.00149154663085938 -0.0541000366210938 -0.00962352752685547 -0.0109157562255859
0.0177879333496094 -0.0483665466308594 -0.0169095993041992 -0.00784969329833984
0.0453758239746094 -0.0338363647460938 -0.0187492370605469 -0.00972175598144532
0.0625495910644531 -8.7738037109375E-05 -0.0133132934570313 -0.0280132293701172
0.0465278625488281 0.0584945678710937 -0.000900268554687497 -0.0357856750488281
0.0147171020507813 0.0795059204101562 0.0126800537109375 -0.0343799591064453
-0.0323715209960938 0.0875244140625 0.0091094970703125 -0.0227909088134766
-0.0532302856445313 0.0792922973632812 0.0265598297119141 0.0197296142578125
-0.0229949951171875 0.0788803100585938 -0.00255584716796875 0.0317630767822266
0.028167724609375 0.0835647583007813 0.00696945190429688 0.0531272888183594
0.0617599487304688 0.0361366271972656 0.0352401733398438 0.034515380859375
0.0637054443359375 -0.00711441040039063 0.0380592346191406 0.00727081298828125
0.0335235595703125 -0.0454025268554688 0.0193080902099609 -0.0177822113037109
0.00569915771484375 -0.0566024780273438 0.00111484527587891 -0.0137710571289063
0.0087127685546875 -0.0545272827148438 -0.00473880767822266 0.00302839279174804
0.000942230224609369 -0.0605812072753906 -0.00905132293701172 0.00835704803466797
0.0173530578613281 -0.0530586242675781 -0.019989013671875 0.00967979431152344
0.0479812622070313 -0.0387649536132813 -0.02362060546875 0.00332832336425781
0.0650520324707031 -0.00181198120117188 -0.0197868347167969 -0.0187473297119141
0.0470161437988281 0.0604019165039063 -0.00545120239257812 -0.0286674499511719
0.011199951171875 0.0801162719726563 0.0120296478271484 -0.0178203582763672
-0.0393142700195312 0.084625244140625 -0.00507831573486328 0.00297689437866212
-0.0563240051269531 0.0635261535644531 0.00609207153320312 0.0458297729492188
-0.0320663452148438 0.0716781616210938 -0.0121726989746094 0.04962158203125
0.01708984375 0.0836715698242188 -0.00149154663085937 0.0555191040039063
0.0556182861328125 0.040924072265625 0.0208549499511719 0.0400772094726563
0.0623779296875 -0.00237274169921875 0.0244178771972656 0.0187320709228516
0.0345115661621094 -0.0428199768066406 0.0116243362426758 0.000499725341796872
0.00699615478515626 -0.053802490234375 0.00150823593139649 0.00691890716552734
0.00865173339843751 -0.0525932312011719 -0.00240707397460937 0.0211906433105469
0.000999450683593747 -0.057861328125 -0.00757026672363281 0.0265293121337891
0.0155868530273438 -0.0505294799804688 -0.0221424102783203 0.0258712768554687
0.0450859069824219 -0.0365943908691406 -0.0276470184326172 0.0151767730712891
0.0590286254882813 -0.000823974609375 -0.0249786376953125 -0.00977134704589843
0.0398330688476563 0.057373046875 -0.00903892517089844 -0.021881103515625
0.00290679931640624 0.0723876953125 0.0108528137207031 -0.00271797180175781
-0.0427703857421875 0.0703353881835938 -0.0192680358886719 0.0267772674560547
-0.0475845336914063 0.0361328125 -0.0145263671875 0.066131591796875
-0.0330047607421875 0.0497665405273438 -0.0207710266113281 0.0633125305175781
0.0039825439453125 0.0650291442871094 -0.00803375244140625 0.0534324645996094
0.0394363403320312 0.0350265502929687 0.007354736328125 0.0411949157714844
0.0476837158203125 0.00110626220703125 0.0101757049560547 0.0263805389404297
0.0283145904541016 -0.0327529907226563 0.00363063812255859 0.0166826248168945
0.0065765380859375 -0.0420761108398438 0.00220680236816406 0.02581787109375
0.00708770751953125 -0.0417556762695313 0.000679016113281252 0.0366096496582031
0.00175094604492188 -0.0468215942382813 -0.00508499145507813 0.0423126220703125
0.0134963989257813 -0.0411376953125 -0.0231742858886719 0.0395927429199219
0.0378265380859375 -0.0291938781738281 -0.0308818817138672 0.0250720977783203
0.0478706359863281 0.00233840942382813 -0.0300674438476563 -0.00311088562011718
0.0272369384765625 0.0496063232421875 -0.0122337341308594 -0.0179691314697266
-0.00700378417968751 0.0564956665039063 0.00860404968261719 0.00937747955322266
-0.0424728393554687 0.0466270446777344 -0.0333442687988281 0.0442771911621094
-0.0312881469726563 0.00220680236816406 -0.0267410278320313 0.0760574340820312
-0.0273342132568359 0.0196857452392578 -0.0251579284667969 0.0694694519042969
-0.00721168518066406 0.03472900390625 -0.0111274719238281 0.0482025146484375
0.0175647735595703 0.0221328735351563 -0.00157928466796875 0.0403175354003906
0.0249271392822266 0.00378990173339844 0.000963211059570312 0.0296459197998047
0.0165138244628906 -0.017303466796875 -0.000232696533203123 0.0279273986816406
0.00420570373535156 -0.0238609313964844 0.00360488891601563 0.0384788513183594
0.00467872619628906 -0.0250701904296875 0.0029296875 0.0454788208007812
0.00209426879882812 -0.029449462890625 -0.00427627563476562 0.0533256530761719
0.00908851623535156 -0.0270309448242188 -0.0247802734375 0.048858642578125
0.0267772674560547 -0.0191383361816406 -0.035186767578125 0.0300102233886719
0.0320644378662109 0.00393486022949219 -0.0352821350097656 0.0012664794921875
0.0127716064453125 0.0372886657714844 -0.015960693359375 -0.0153675079345703
-0.0154228210449219 0.0350418090820313 0.0031442642211914 0.0166645050048828
-0.0356941223144531 0.0170364379882812 -0.0468940734863281 0.0539207458496094
0.0191478729248047 0.0161113739013672 0.0498199462890625 -0.0643768310546875
0.0143680572509766 -0.0105705261230469 0.0015869140625 -0.0237274169921875
-0.00319671630859375 -0.0143299102783203 0.0179023742675781 0.0193233489990234
-0.0118398666381836 -0.00356960296630859 0.0476112365722656 0.00289535522460937
-0.00945091247558594 0.00515079498291016 0.0454940795898438 -0.0300674438476563
-0.00290679931640625 0.0110483169555664 0.0246238708496094 -0.0561676025390625
-0.00152778625488281 0.00653266906738281 -0.00288772583007813 -0.0628852844238281
-0.00170373916625977 0.00423789024353027 -0.00749969482421875 -0.0521087646484375
-0.00298810005187988 0.00319242477416992 -0.00747680664062501 -0.0457000732421875
-0.00374698638916016 -0.000403881072998046 -0.000968933105468747 -0.0387535095214844
-0.00138425827026367 -0.00646448135375977 -0.001312255859375 -0.0360298156738281
0.00881862640380859 -0.0103740692138672 0.00421524047851563 -0.0436439514160156
0.0194358825683594 -0.0001983642578125 0.0175666809082031 -0.0501556396484375
0.0233325958251953 0.0171489715576172 0.0222930908203125 -0.0718460083007813
0.0162220001220703 0.0298881530761719 0.035003662109375 -0.0836334228515625
0.00183486938476562 0.0487632751464844 0.05645751953125 -0.0555038452148438
0.0130996704101563 0.0197944641113281 0.00640678405761719 -0.01959228515625
0.0143871307373047 0.0110435485839844 0.0206241607666016 0.0259666442871094
0.0120086669921875 0.00175285339355469 0.0518875122070313 0.00738525390625
0.0115251541137695 -0.0043182373046875 0.0503616333007813 -0.0277137756347656
0.00504112243652344 -0.00998878479003906 0.0263938903808594 -0.0565528869628906
-0.00242996215820313 -0.0162210464477539 -0.00292205810546875 -0.0608901977539063
0.00108146667480469 -0.0180950164794922 -0.00764846801757813 -0.046875
-0.00128173828125 -0.0206394195556641 -0.00939559936523438 -0.0405960083007813
0.00748443603515625 -0.0196437835693359 -0.00643539428710937 -0.0350055694580078
0.0205955505371094 -0.0155925750732422 -0.00590896606445312 -0.031890869140625
0.0342216491699219 -0.00211906433105469 0.000484466552734374 -0.04193115234375
0.0304813385009766 0.0295906066894531 0.0120048522949219 -0.0474967956542969
0.019256591796875 0.0485420227050781 0.0179595947265625 -0.0650634765625
-0.00352096557617187 0.0616569519042969 0.031005859375 -0.0724563598632813
-0.01934814453125 0.0746688842773438 0.0558052062988281 -0.0366630554199219
0.0051116943359375 0.0504226684570312 0.00798320770263672 -0.00750494003295898
0.0292167663574219 0.0407218933105469 0.0208206176757813 0.0357704162597656
0.0372390747070313 0.0115814208984375 0.0527000427246094 0.0154228210449219
0.0346393585205078 -0.0110931396484375 0.0529327392578125 -0.0196952819824219
0.0157394409179688 -0.0288047790527344 0.0271377563476562 -0.0499229431152344
-0.000812530517578125 -0.036956787109375 -0.00174713134765625 -0.0516128540039063
0.0036163330078125 -0.0382919311523438 -0.00737380981445313 -0.0337715148925781
-0.000270843505859374 -0.0420646667480469 -0.0108146667480469 -0.02850341796875
0.0140228271484375 -0.037567138671875 -0.0128574371337891 -0.0236244201660156
0.0374526977539063 -0.0269737243652344 -0.0135879516601562 -0.0229835510253906
0.0541877746582031 -0.0003662109375 -0.00737380981445312 -0.0376205444335937
0.0425262451171875 0.0496902465820313 0.00474166870117188 -0.0434150695800781
0.0181961059570313 0.0709228515625 0.0141716003417969 -0.0528106689453125
-0.0193939208984375 0.0835342407226563 0.021148681640625 -0.0512580871582031
-0.0389556884765625 0.0878372192382813 0.0457496643066406 -0.0101509094238281
-0.00726318359375 0.074005126953125 0.00511455535888672 0.0113601684570313
0.0366058349609375 0.0690193176269531 0.0172691345214844 0.0466766357421875
0.0573348999023438 0.02392578125 0.0482978820800781 0.0258216857910156
0.0553131103515625 -0.0133476257324219 0.0497360229492188 -0.00739669799804688
0.0256996154785156 -0.0426063537597656 0.0247421264648438 -0.03680419921875
0.000972747802734372 -0.05255126953125 -0.000474929809570309 -0.0348911285400391
0.00595474243164062 -0.0521049499511719 -0.00646781921386719 -0.0164079666137695
-0.00105667114257813 -0.0570068359375 -0.0109567642211914 -0.0109577178955078
0.0161705017089844 -0.0506973266601563 -0.0177955627441406 -0.00755500793457032
0.0461082458496094 -0.0373611450195313 -0.0200920104980469 -0.00982475280761719
0.065887451171875 -0.00300216674804687 -0.0153026580810547 -0.0294704437255859
0.0512733459472656 0.0596122741699219 -0.00234603881835937 -0.0372200012207031
0.0182266235351563 0.0826568603515625 0.0116729736328125 -0.0373191833496094
-0.030792236328125 0.093597412109375 0.00832748413085938 -0.0249156951904297
-0.0526580810546875 0.085906982421875 0.0277786254882812 0.0200099945068359
-0.0210037231445312 0.0842132568359375 -0.00213813781738282 0.0329322814941406
0.0340423583984375 0.0869064331054687 0.0101890563964844 0.0551567077636719
0.0662689208984375 0.0353355407714844 0.0377960205078125 0.0350456237792969
0.066986083984375 -0.0109519958496094 0.0401611328125 0.00628280639648438
0.0330963134765625 -0.0488090515136719 0.0191154479980469 -0.0189094543457031
0.0031585693359375 -0.0590057373046875 0.000646591186523437 -0.0144481658935547
0.006866455078125 -0.0583152770996094 -0.00394845008850098 0.00366830825805664
-0.00175476074218751 -0.0631904602050781 -0.00911426544189453 0.00939655303955078
0.0157203674316406 -0.0561370849609375 -0.0207080841064453 0.0110874176025391
0.0481033325195313 -0.0425262451171875 -0.0247364044189453 0.00470542907714844
0.0682411193847656 -0.00448226928710938 -0.0217342376708984 -0.0192184448242187
0.0520057678222656 0.0615730285644531 -0.00709915161132812 -0.0301895141601562
0.0143203735351563 0.0834197998046875 0.0120697021484375 -0.0195846557617187
-0.0377960205078125 0.0906219482421875 -0.00549411773681641 0.00320434570312501
-0.0557289123535156 0.068939208984375 0.00723648071289062 0.0479393005371094
-0.0315475463867187 0.07659912109375 -0.0116424560546875 0.0525054931640625
0.0219802856445312 0.087249755859375 0.00103759765625001 0.0584564208984375
0.0605583190917969 0.0402755737304688 0.0232124328613281 0.04119873046875
0.0649566650390625 -0.00577163696289062 0.0260810852050781 0.0192298889160156
0.0341682434082031 -0.0461349487304688 0.0117835998535156 9.34600830078097E-05
0.00469970703125 -0.0559349060058594 0.00230073928833008 0.00721931457519531
0.00663375854492187 -0.055328369140625 -0.00078773498535156 0.0223789215087891
-0.0019989013671875 -0.0605506896972656 -0.00680160522460938 0.0285129547119141
0.013916015625 -0.0530166625976563 -0.0219955444335938 0.0283088684082031
0.0448188781738281 -0.0406227111816406 -0.0283355712890625 0.0167865753173828
0.0618400573730469 -0.00328445434570313 -0.0267429351806641 -0.0096435546875
0.0440559387207031 0.0585746765136719 -0.0108547210693359 -0.0225677490234375
0.00579071044921875 0.075531005859375 0.0110998153686523 -0.00379848480224609
-0.0415115356445312 0.0755462646484375 -0.0190048217773437 0.028289794921875
-0.0477333068847656 0.0392951965332031 -0.0130538940429688 0.0704574584960938
-0.032501220703125 0.0535316467285156 -0.0199241638183594 0.0668067932128906
0.00741958618164063 0.0678977966308594 -0.00630950927734375 0.0562782287597656
0.0429954528808594 0.0354957580566406 0.00921249389648438 0.0430488586425781
0.0498847961425781 -0.000804901123046875 0.0116825103759766 0.0274448394775391
0.0281982421875 -0.0354957580566406 0.00435829162597657 0.0177555084228516
0.00464630126953125 -0.0435714721679688 0.00333595275878906 0.0269527435302734
0.00514984130859375 -0.0436782836914062 0.00271987915039063 0.0383415222167969
-0.000804901123046871 -0.048553466796875 -0.00374984741210937 0.0452804565429688
0.0115928649902344 -0.0431938171386719 -0.022796630859375 0.0424957275390625
0.0380020141601563 -0.0320167541503906 -0.0312290191650391 0.0268459320068359
0.0499038696289062 0.00016021728515625 -0.0318622589111328 -0.0023040771484375
0.0304412841796875 0.0514030456542969 -0.0139713287353516 -0.01800537109375
-0.00539398193359375 0.059417724609375 0.00932121276855469 0.00957870483398438
-0.0428657531738281 0.0506401062011719 -0.0328788757324219 0.0477828979492187
-0.0326461791992188 0.00363922119140626 -0.025115966796875 0.0804290771484375
-0.0274715423583984 0.0212917327880859 -0.0236892700195313 0.0734329223632813
-0.00578689575195312 0.03631591796875 -0.0100746154785156 0.0505256652832031
0.0192337036132813 0.0220088958740234 -0.00011444091796875 0.0422172546386719
0.0263271331787109 0.00221633911132813 0.0019378662109375 0.0319309234619141
0.0165481567382813 -0.0186901092529297 0.000631332397460939 0.0293960571289062
0.00326347351074219 -0.0246448516845703 0.00554656982421875 0.0400543212890625
0.003509521484375 -0.0262985229492187 0.0056304931640625 0.0482864379882813
0.000541687011718748 -0.0308799743652344 -0.00150299072265625 0.0566253662109375
0.00835800170898437 -0.0285320281982422 -0.02410888671875 0.0524749755859375
0.0269565582275391 -0.0212497711181641 -0.0357437133789063 0.0325698852539062
0.0336093902587891 0.00288009643554687 -0.0370635986328125 0.002410888671875
0.0149002075195313 0.0383682250976563 -0.0175104141235352 -0.0154008865356445
-0.0149803161621094 0.0373191833496094 0.00414180755615234 0.0171012878417969
-0.0372581481933594 0.0191421508789063 -0.0464286804199219 0.057952880859375
0.0208835601806641 0.0153961181640625 0.0466651916503906 -0.0693931579589844
0.0138483047485352 -0.0110845565795898 -0.000186920166015622 -0.0241489410400391
-0.00386619567871094 -0.014068603515625 0.0199928283691406 0.0191173553466797
-0.012603759765625 -0.00260257720947266 0.0494232177734375 0.000446319580078125
-0.00982189178466797 0.00639533996582031 0.0449676513671875 -0.0335426330566406
-0.00205421447753906 0.0116186141967773 0.0223312377929688 -0.0594444274902344
-0.000856876373291015 0.0071563720703125 -0.00741958618164062 -0.0647964477539063
-0.000959396362304688 0.00451469421386719 -0.0115089416503906 -0.0536537170410156
-0.00312161445617676 0.00328421592712402 -0.0111541748046875 -0.0467185974121094
-0.0032801628112793 -0.000167131423950196 -0.00356674194335937 -0.0404739379882813
-0.00152778625488281 -0.00632095336914062 -0.00344085693359375 -0.0371589660644531
0.00845241546630859 -0.011265754699707 0.00188064575195313 -0.0455780029296875
0.0197296142578125 -0.000871658325195312 0.0152359008789063 -0.0525283813476563
0.0247402191162109 0.0163459777832031 0.0184249877929687 -0.0752105712890625
0.0183658599853516 0.0301456451416016 0.030548095703125 -0.088897705078125
0.00511932373046875 0.0507164001464844 0.0536842346191406 -0.0609245300292969
0.0144100189208984 0.0203151702880859 0.00475120544433594 -0.0196475982666016
0.0162878036499023 0.0103988647460938 0.0233116149902344 0.0256023406982422
0.0127458572387695 0.00122356414794922 0.0534172058105469 0.00442886352539063
0.0113391876220703 -0.00560092926025391 0.0504951477050781 -0.0311431884765625
0.00449752807617188 -0.010350227355957 0.0237007141113281 -0.0594902038574219
-0.00293827056884766 -0.0163707733154297 -0.0068359375 -0.0625152587890625
0.0001068115234375 -0.019134521484375 -0.0111198425292969 -0.0483016967773438
-0.00274467468261719 -0.0211982727050781 -0.0125274658203125 -0.0418624877929688
0.00663375854492188 -0.0209465026855469 -0.00888824462890625 -0.0357131958007813
0.0207481384277344 -0.0173397064208984 -0.00844764709472656 -0.0329990386962891
0.0350303649902344 -0.00422096252441406 -0.00260162353515625 -0.0437049865722656
0.0331516265869141 0.0285911560058594 0.00955963134765625 -0.0497627258300781
0.0222663879394531 0.0483818054199219 0.0146064758300781 -0.0684547424316406
1.90734863281254E-05 0.0641593933105469 0.0273895263671875 -0.0767974853515625
-0.0150680541992188 0.078338623046875 0.054046630859375 -0.0413131713867187
0.00818634033203125 0.05206298828125 0.00668716430664063 -0.00785636901855468
0.0336685180664063 0.0405235290527344 0.0244064331054688 0.0359306335449219
0.039337158203125 0.0091552734375 0.055389404296875 0.0131797790527344
0.0350608825683594 -0.0140037536621094 0.0535316467285156 -0.0233154296875
0.0141735076904297 -0.0306243896484375 0.0248947143554687 -0.0527610778808594
-0.00324630737304688 -0.0378227233886719 -0.0052642822265625 -0.0526580810546875
0.001312255859375 -0.0398178100585938 -0.0100193023681641 -0.0349273681640625
-0.00380706787109375 -0.0433616638183594 -0.0129756927490234 -0.0289115905761719
0.0124435424804688 -0.0395278930664063 -0.0145587921142578 -0.0238075256347656
0.0365943908691406 -0.0302543640136719 -0.0155181884765625 -0.0228557586669922
0.055694580078125 -0.00381851196289062 -0.01025390625 -0.0391731262207031
0.0470314025878906 0.0491142272949219 0.00220870971679688 -0.0451202392578125
0.0228958129882813 0.0719833374023438 0.0106887817382812 -0.0552749633789062
-0.014801025390625 0.08831787109375 0.0178718566894531 -0.0548286437988281
-0.0347213745117188 0.0934982299804688 0.0453567504882813 -0.0132980346679687
-0.003448486328125 0.0772857666015625 0.00486850738525391 0.0113182067871094
0.0429458618164063 0.0690689086914063 0.0215415954589844 0.0469970703125
0.0609169006347656 0.0208396911621094 0.0513038635253906 0.0240211486816406
0.0558433532714844 -0.0179634094238281 0.0505332946777344 -0.0104408264160156
0.0234947204589844 -0.0453071594238281 0.0233230590820313 -0.038848876953125
-0.00194549560546875 -0.0532989501953125 -0.00279617309570313 -0.0358543395996094
0.00258636474609375 -0.0545654296875 -0.00738334655761719 -0.0168237686157227
-0.00564956665039063 -0.0582237243652344 -0.0119314193725586 -0.0104742050170899
0.0135765075683594 -0.0530929565429688 -0.0188636779785156 -0.00620841979980469
0.0451164245605469 -0.0417098999023438 -0.0216579437255859 -0.00893211364746094
0.0676155090332031 -0.00772476196289063 -0.0184574127197266 -0.0297012329101563
0.0572662353515625 0.058624267578125 -0.00497055053710937 -0.0379257202148437
0.0239791870117187 0.0845794677734375 0.00952148437500001 -0.0395278930664062
-0.025665283203125 0.0995254516601563 0.00655555725097656 -0.0265979766845703
-0.0488357543945313 0.0921173095703125 0.0289077758789062 0.0187244415283203
-0.0170822143554688 0.0888519287109375 -0.00133895874023438 0.0339412689208984
0.041107177734375 0.0879898071289063 0.0146369934082031 0.056182861328125
0.0707931518554688 0.0323638916015625 0.0409355163574219 0.0345993041992188
0.0680885314941406 -0.0160369873046875 0.041473388671875 0.00498199462890625
0.0309028625488281 -0.0524063110351563 0.0187721252441406 -0.020172119140625
-0.000778198242187496 -0.0602302551269531 -0.000163078308105468 -0.0144681930541992
0.00302505493164063 -0.0605201721191406 -0.0032806396484375 0.00395774841308593
-0.00680923461914062 -0.0649490356445313 -0.00906085968017578 0.0103673934936523
0.0121650695800781 -0.0582160949707031 -0.0202255249023438 0.0134696960449219
0.0467338562011719 -0.0471076965332031 -0.0253524780273437 0.0060596466064453
0.0699806213378906 -0.00938034057617188 -0.0242958068847656 -0.0188636779785156
0.0580101013183594 0.0602302551269531 -0.00926589965820312 -0.0301380157470703
0.0203170776367188 0.0851211547851563 0.0105819702148438 -0.0212440490722656
-0.0331344604492187 0.0967025756835938 -0.00570917129516602 0.00307512283325196
-0.0531005859375 0.0746383666992188 0.00997161865234375 0.0488357543945313
-0.027587890625 0.0811538696289063 -0.00922393798828125 0.054168701171875
0.0288009643554688 0.088470458984375 0.00502777099609375 0.05963134765625
0.0646095275878906 0.0376014709472656 0.0260391235351563 0.0414695739746094
0.0664596557617188 -0.0108375549316406 0.0281391143798828 0.0185203552246094
0.0322036743164063 -0.0491142272949219 0.0122871398925781 -6.19888305664093E-05
0.000518798828125004 -0.0572280883789062 0.00261974334716797 0.00774955749511718
0.00284194946289063 -0.0573577880859375 0.00123405456542969 0.0235080718994141
-0.00655746459960938 -0.0620346069335938 -0.00455284118652344 0.0303115844726563
0.0105361938476563 -0.0556182861328125 -0.0209865570068359 0.0309066772460938
0.0427131652832031 -0.0447616577148437 -0.0278739929199219 0.0191535949707031
0.063934326171875 -0.0075225830078125 -0.0283336639404297 -0.00890350341796875
0.0496673583984375 0.0580406188964844 -0.0126819610595703 -0.0227737426757812
0.0106430053710937 0.0773696899414063 0.0107955932617188 -0.00482940673828125
-0.0385971069335938 0.0814437866210938 -0.0178794860839844 0.0303268432617188
-0.0466499328613281 0.0439529418945312 -0.00944519042968751 0.0731201171875
-0.0304222106933594 0.0571136474609375 -0.0170707702636719 0.0696144104003906
0.0124015808105469 0.0694465637207031 -0.00267410278320312 0.0576400756835938
0.0463600158691406 0.0334930419921875 0.0118026733398438 0.0439529418945313
0.0513954162597656 -0.004913330078125 0.0138721466064453 0.0277137756347656
0.026519775390625 -0.0378646850585938 0.00513839721679688 0.0183830261230469
0.000991821289062497 -0.044708251953125 0.00523185729980469 0.0278491973876953
0.00251388549804687 -0.0457572937011719 0.00583648681640625 0.0393486022949219
-0.00449752807617187 -0.0503921508789062 -0.000137329101562497 0.0467453002929687
0.00913238525390625 -0.0451927185058594 -0.0206069946289063 0.0462532043457031
0.036224365234375 -0.0357780456542969 -0.0306320190429687 0.0294609069824219
0.0518150329589844 -0.00342178344726562 -0.0328922271728516 -0.000911712646484374
0.0346221923828125 0.0511322021484375 -0.0155830383300781 -0.0177211761474609
-0.0021820068359375 0.0614471435546875 0.0107784271240234 0.00811767578125
-0.0405426025390625 0.0550994873046875 -0.0310096740722656 0.0509223937988281
-0.0326881408691406 0.00602912902832032 -0.0212860107421875 0.0848541259765625
-0.0268974304199219 0.0236148834228516 -0.0201187133789063 0.0769500732421875
-0.00322341918945313 0.0379791259765625 -0.00749206542968751 0.0524101257324219
0.0209217071533203 0.0214557647705078 0.00236129760742187 0.0438156127929688
0.0274219512939453 0.000188827514648438 0.00439071655273438 0.032867431640625
0.0157051086425781 -0.0205116271972656 0.00228691101074219 0.0308399200439453
0.00153541564941406 -0.0250740051269531 0.00835418701171875 0.0413589477539063
0.00163650512695313 -0.0274734497070312 0.0093231201171875 0.0497856140136719
-0.00164604187011719 -0.0319347381591797 0.002410888671875 0.0590095520019531
0.00655937194824219 -0.0297126770019531 -0.0212936401367187 0.0558357238769531
0.0258121490478516 -0.0238018035888672 -0.0347213745117187 0.0354461669921875
0.0350589752197266 0.00052642822265625 -0.03802490234375 0.00442123413085938
0.0178489685058594 0.0385284423828125 -0.0192680358886719 -0.0147113800048828
-0.0133895874023438 0.0392379760742188 0.00558567047119141 0.0167827606201172
-0.0370521545410156 0.0217056274414062 -0.0441551208496094 0.0621719360351562
0.0219917297363281 0.0141124725341797 0.041229248046875 -0.0719070434570313
0.0134172439575195 -0.0118684768676758 -0.00202560424804687 -0.0232143402099609
-0.00494289398193359 -0.0134563446044922 0.0213909149169922 0.0181503295898438
-0.0126886367797852 -0.0017547607421875 0.049163818359375 -0.00262832641601563
-0.00934600830078125 0.00704765319824219 0.042816162109375 -0.0362968444824219
-0.000947952270507813 0.0115499496459961 0.0189208984375 -0.0612449645996094
0.000247478485107422 0.00648880004882813 -0.0118484497070313 -0.0639266967773438
-0.000659942626953125 0.00420284271240234 -0.0156021118164063 -0.0527839660644531
-0.00251317024230957 0.00387191772460937 -0.0147438049316406 -0.0464935302734375
-0.00309610366821289 -5.07831573486328E-05 -0.00690841674804687 -0.0406990051269531
-0.00138282775878906 -0.0060882568359375 -0.00620269775390625 -0.0372695922851563
0.0075531005859375 -0.0119438171386719 -0.00125885009765625 -0.0456504821777344
0.0197277069091797 -0.00226211547851563 0.0124359130859375 -0.0533943176269531
0.0255718231201172 0.0150432586669922 0.0134048461914063 -0.07623291015625
0.0202522277832031 0.0293769836425781 0.0248947143554687 -0.090789794921875
0.00826263427734374 0.0503501892089844 0.0489921569824219 -0.0639228820800781
0.0160293579101563 0.0200042724609375 0.00290489196777344 -0.0194892883300781
0.0173368453979492 0.009552001953125 0.0249862670898438 0.024169921875
0.0129051208496094 0.000170707702636719 0.0536231994628906 0.0016937255859375
0.0109348297119141 -0.00638675689697266 0.0484580993652344 -0.0341682434082031
0.00389862060546875 -0.0102834701538086 0.0202903747558594 -0.0605812072753906
-0.00381851196289063 -0.016357421875 -0.0110740661621094 -0.0619544982910156
-0.001251220703125 -0.0190563201904297 -0.0147056579589844 -0.0474433898925781
-0.00445938110351562 -0.0209846496582031 -0.0161514282226563 -0.0410537719726563
0.00530815124511719 -0.0211162567138672 -0.0110626220703125 -0.035675048828125
0.0195960998535156 -0.0185565948486328 -0.0103588104248047 -0.0325603485107422
0.0345630645751953 -0.00647163391113281 -0.00564956665039062 -0.0441551208496094
0.0348625183105469 0.0270748138427734 0.00663375854492188 -0.0501747131347656
0.0253334045410156 0.0469932556152344 0.00988769531249999 -0.0691986083984375
0.00419235229492187 0.0646133422851563 0.02178955078125 -0.0792007446289063
-0.00943756103515625 0.0798263549804687 0.0505599975585938 -0.0445289611816406
0.0115547180175781 0.052398681640625 0.00549077987670899 -0.00779151916503906
0.0369911193847656 0.0379791259765625 0.0268630981445313 0.0340633392333984
0.0400543212890625 0.00650405883789062 0.0555953979492188 0.00954437255859375
0.0339279174804688 -0.0165443420410156 0.0516586303710938 -0.0263633728027344
0.0117549896240234 -0.0308113098144531 0.0221099853515625 -0.053955078125
-0.00577163696289063 -0.0374908447265625 -0.00878143310546876 -0.0519943237304688
-0.00147247314453125 -0.0397109985351563 -0.0120296478271484 -0.0344638824462891
-0.00674438476562501 -0.0426445007324219 -0.0153236389160156 -0.0279045104980469
0.00960540771484375 -0.040130615234375 -0.0160846710205078 -0.0227527618408203
0.0347690582275391 -0.0327625274658203 -0.0174312591552734 -0.0222682952880859
0.0556449890136719 -0.00783920288085938 -0.0134010314941406 -0.0389366149902344
0.0506019592285156 0.0458030700683594 -0.000423431396484371 -0.0450592041015625
0.0275421142578125 0.0705642700195313 0.00683975219726562 -0.0566329956054687
-0.00888061523437501 0.0896224975585938 0.0138931274414063 -0.0564117431640625
-0.028350830078125 0.0959548950195313 0.0435791015625 -0.0161819458007812
0.00170135498046876 0.078521728515625 0.00453853607177734 0.0113754272460938
0.0483932495117188 0.0658683776855469 0.0248641967773438 0.0454139709472656
0.0624504089355469 0.0165939331054688 0.05242919921875 0.0208930969238281
0.0544166564941406 -0.0220146179199219 0.0499076843261719 -0.0135231018066406
0.0203437805175781 -0.0466232299804688 0.0205421447753906 -0.0399360656738281
-0.00579452514648437 -0.0527839660644531 -0.0048675537109375 -0.0354537963867187
-0.00152969360351563 -0.0545463562011719 -0.00797653198242188 -0.0165042877197266
-0.00970077514648437 -0.0577239990234375 -0.0127649307250977 -0.00957107543945313
0.00948715209960938 -0.053466796875 -0.0192146301269531 -0.00498771667480469
0.041412353515625 -0.0446510314941406 -0.0223045349121094 -0.00771331787109375
0.0676422119140625 -0.0126113891601563 -0.0209560394287109 -0.0290851593017578
0.0613861083984375 0.0547828674316406 -0.00727081298828125 -0.0374946594238281
0.02899169921875 0.082794189453125 0.0067901611328125 -0.0402412414550781
-0.018768310546875 0.101921081542969 0.00421142578125 -0.0272426605224609
-0.0424728393554687 0.0953140258789063 0.0291652679443359 0.0171012878417969
-0.0106964111328125 0.0902328491210938 -0.000499725341796873 0.0339202880859375
0.0478515625 0.0850753784179687 0.01824951171875 0.054931640625
0.0727157592773438 0.0271453857421875 0.0424461364746094 0.0322265625
0.06707763671875 -0.0212249755859375 0.0420188903808594 0.00228500366210937
0.0270652770996094 -0.0535850524902344 0.0174083709716797 -0.0205612182617188
-0.00487518310546875 -0.0593299865722656 -0.000947952270507812 -0.0141716003417969
-0.00150299072265625 -0.0607452392578125 -0.00220108032226563 0.00391578674316406
-0.011962890625 -0.0639495849609375 -0.00790309906005859 0.010981559753418
0.00830459594726562 -0.0588035583496094 -0.0193138122558594 0.0146827697753906
0.0427474975585937 -0.0497360229492188 -0.0250797271728516 0.00737380981445313
0.0694541931152344 -0.0147552490234375 -0.0258045196533203 -0.0178203582763672
0.0620613098144531 0.0568428039550781 -0.0115795135498047 -0.0293617248535156
0.0254974365234375 0.0842056274414062 0.00906181335449219 -0.0222187042236328
-0.0268478393554688 0.0994110107421875 -0.00555658340454102 0.00341510772705079
-0.0479354858398437 0.0782852172851563 0.0122108459472656 0.0479812622070313
-0.0222930908203125 0.0832977294921875 -0.00685882568359376 0.0547065734863281
0.0352783203125 0.0860443115234375 0.00886535644531251 0.0586128234863281
0.0668411254882813 0.0331878662109375 0.0282325744628906 0.0403213500976563
0.0657157897949219 -0.0156364440917969 0.0295391082763672 0.0169448852539063
0.0286407470703125 -0.0511207580566406 0.0118856430053711 0.000325202941894528
-0.00321578979492188 -0.0567207336425781 0.00326681137084961 0.00775003433227539
-0.00152206420898437 -0.0577011108398438 0.00348281860351563 0.0230903625488281
-0.0112495422363281 -0.0608558654785156 -0.00218772888183594 0.0308685302734375
0.00670623779296876 -0.0555686950683594 -0.0187149047851562 0.0324039459228516
0.0394401550292969 -0.047393798828125 -0.0267066955566406 0.0201606750488281
0.0631828308105469 -0.0122642517089844 -0.0291042327880859 -0.0069427490234375
0.0539054870605469 0.0545539855957031 -0.0141582489013672 -0.0212268829345703
0.015228271484375 0.0766220092773438 0.0103988647460938 -0.00606346130371093
-0.03277587890625 0.0843429565429687 -0.0158901214599609 0.0312690734863281
-0.0432586669921875 0.04730224609375 -0.005645751953125 0.0733795166015625
-0.0267181396484375 0.0594558715820313 -0.0130996704101562 0.070587158203125
0.0176544189453125 0.0684890747070312 0.000370025634765629 0.0569496154785156
0.0480537414550781 0.030120849609375 0.0142097473144531 0.042724609375
0.0506134033203125 -0.0084686279296875 0.0154933929443359 0.0266094207763672
0.0238571166992188 -0.0393218994140625 0.006072998046875 0.0184268951416016
-0.0018463134765625 -0.0440254211425781 0.0074615478515625 0.0279693603515625
-0.000663757324218751 -0.046112060546875 0.0090484619140625 0.0388908386230469
-0.00835418701171875 -0.0495529174804688 0.0034637451171875 0.0472755432128906
0.00588226318359375 -0.0450897216796875 -0.017242431640625 0.0474662780761719
0.0331687927246094 -0.0381698608398438 -0.0289478302001953 0.0309715270996094
0.0509834289550781 -0.00692367553710938 -0.0334072113037109 0.00103378295898438
0.03814697265625 0.0488014221191406 -0.0169143676757812 -0.0164966583251953
0.00168609619140625 0.0615234375 0.0109682083129883 0.00728702545166016
-0.0370368957519531 0.0578651428222656 -0.0272140502929687 0.0523681640625
-0.0320568084716797 0.00799179077148438 -0.016082763671875 0.0860137939453125
-0.0251045227050781 0.024993896484375 -0.01568603515625 0.0778045654296875
-0.000663757324218752 0.0378150939941406 -0.00486373901367188 0.051727294921875
0.0220165252685547 0.0199241638183594 0.00471496582031251 0.0431747436523438
0.0269393920898437 -0.00170707702636719 0.00661659240722657 0.0326099395751953
0.0141258239746094 -0.0213642120361328 0.004486083984375 0.0311145782470703
-0.000215530395507812 -0.0248603820800781 0.0114517211914062 0.0409202575683594
-0.00060844421386719 -0.0272941589355469 0.0134735107421875 0.0486564636230469
-0.00407600402832031 -0.0313205718994141 0.00687789916992188 0.059051513671875
0.00411224365234375 -0.0298652648925781 -0.0173492431640625 0.0574684143066406
0.0237617492675781 -0.025299072265625 -0.0322265625 0.0371208190917969
0.0349941253662109 -0.00177955627441406 -0.03753662109375 0.00709533691406249
0.0206565856933594 0.0376930236816406 -0.0201530456542969 -0.0136909484863281
-0.0110092163085937 0.0403709411621094 0.00689315795898437 0.0153408050537109
-0.0352096557617188 0.0244178771972656 -0.039154052734375 0.0643081665039063
0.0217666625976563 0.0131359100341797 0.037353515625 -0.071197509765625
0.0129642486572266 -0.0119228363037109 -0.00297737121582031 -0.0219497680664063
-0.00494003295898437 -0.0129871368408203 0.0218906402587891 0.0168266296386719
-0.012263298034668 -0.00107288360595703 0.0480995178222656 -0.00437164306640625
-0.00880718231201172 0.00767326354980469 0.0406913757324219 -0.0369415283203125
-0.000232696533203125 0.0115938186645508 0.0164299011230469 -0.0608673095703125
0.000620841979980469 0.00616025924682617 -0.0142173767089844 -0.0626640319824219
-0.000196218490600586 0.00382852554321289 -0.0182151794433594 -0.051300048828125
-0.00216388702392578 0.00377345085144043 -0.0173187255859375 -0.0447425842285156
-0.00295448303222656 7.03334808349612E-05 -0.00823211669921875 -0.0399703979492188
-0.00150918960571289 -0.0059809684753418 -0.00765228271484375 -0.03643798828125
0.00693035125732422 -0.012059211730957 -0.00305557250976563 -0.0446052551269531
0.0192508697509766 -0.00225830078125 0.0104522705078125 -0.0525054931640625
0.0259475708007813 0.0141849517822266 0.0102081298828125 -0.0748138427734375
0.0209121704101562 0.02783203125 0.0205612182617187 -0.0900192260742188
0.010528564453125 0.0494155883789063 0.0444564819335938 -0.0638694763183594
0.0167045593261719 0.0195465087890625 0.00189018249511719 -0.0186214447021484
0.0180454254150391 0.008758544921875 0.0256252288818359 0.0225486755371094
0.0125226974487305 -0.000583648681640625 0.0530738830566406 -0.0002288818359375
0.0102729797363281 -0.00640964508056641 0.0461654663085938 -0.0351371765136719
0.00335216522216797 -0.0102386474609375 0.0180320739746094 -0.0604095458984375
-0.0042266845703125 -0.0158290863037109 -0.0137786865234375 -0.0600624084472656
-0.00201988220214844 -0.0186347961425781 -0.0169639587402344 -0.0460166931152344
-0.00536346435546875 -0.0202255249023437 -0.018035888671875 -0.0398292541503906
0.00440406799316406 -0.0209293365478516 -0.012847900390625 -0.0343303680419922
0.0189113616943359 -0.0189037322998047 -0.0118808746337891 -0.0317230224609375
0.0337028503417969 -0.008087158203125 -0.00745010375976562 -0.0431747436523438
0.0353927612304688 0.0249748229980469 0.00471496582031251 -0.0492973327636719
0.0264739990234375 0.0454750061035156 0.00695419311523437 -0.0683441162109375
0.00690460205078124 0.0634727478027344 0.0179061889648438 -0.0786514282226563
-0.00606536865234375 0.078765869140625 0.0467109680175781 -0.0452613830566406
0.0136566162109375 0.0514373779296875 0.00423288345336914 -0.00718212127685547
0.0384407043457031 0.0358734130859375 0.0279293060302734 0.0320034027099609
0.0395927429199219 0.00437545776367187 0.0553398132324219 0.00795364379882813
0.03192138671875 -0.0172691345214844 0.0498085021972656 -0.0272674560546875
0.0103874206542969 -0.0303668975830078 0.0191383361816406 -0.0533103942871094
-0.00756454467773437 -0.0363731384277344 -0.0110740661621094 -0.0504341125488281
-0.0032501220703125 -0.0394630432128906 -0.013641357421875 -0.0332450866699219
-0.00901412963867188 -0.0410652160644531 -0.0167255401611328 -0.0268630981445313
0.00764846801757813 -0.0396156311035156 -0.0172710418701172 -0.0218791961669922
0.0323371887207031 -0.0333728790283203 -0.0176067352294922 -0.0212192535400391
0.0541725158691406 -0.0101165771484375 -0.0149459838867187 -0.0374069213867188
0.0518341064453125 0.043487548828125 -0.00248336791992187 -0.0439186096191406
0.02923583984375 0.0684280395507813 0.00391387939453126 -0.0558662414550781
-0.00485229492187499 0.0890884399414063 0.0110931396484375 -0.0557785034179687
-0.0234375 0.0954742431640625 0.0413284301757813 -0.017303466796875
0.004638671875 0.0776443481445312 0.00383377075195313 0.0109033584594727
0.0508346557617188 0.0623817443847656 0.0264930725097656 0.0430564880371094
0.0621833801269531 0.0136833190917969 0.0518074035644531 0.0187950134277344
0.0525856018066406 -0.0240364074707031 0.0484237670898438 -0.0144271850585938
0.0179214477539063 -0.0462875366210938 0.0188179016113281 -0.0396537780761719
-0.00798416137695313 -0.0510597229003906 -0.00643730163574219 -0.0343265533447266
-0.00392913818359375 -0.0538101196289062 -0.0082559585571289 -0.0159950256347656
-0.0128326416015625 -0.0556869506835937 -0.0129184722900391 -0.00835132598876953
0.00700378417968751 -0.0525703430175781 -0.0191726684570313 -0.00407791137695313
0.0384254455566406 -0.0454673767089844 -0.0220432281494141 -0.00718307495117188
0.0657157897949219 -0.0151214599609375 -0.0215587615966797 -0.0280303955078125
0.0629425048828125 0.0516586303710938 -0.00858688354492187 -0.0365371704101563
0.0314788818359375 0.0800552368164063 0.00477981567382813 -0.03985595703125
-0.0145034790039062 0.10150146484375 0.00287628173828125 -0.0272579193115234
-0.0374069213867188 0.0959396362304688 0.0282516479492188 0.0155735015869141
-0.00731658935546876 0.0892333984375 1.52587890624964E-05 0.03338623046875
0.0511856079101563 0.0807876586914063 0.020050048828125 0.0522804260253906
0.0728225708007812 0.0237274169921875 0.0428466796875 0.0304985046386719
0.0641250610351563 -0.0241584777832031 0.0415878295898438 0.000762939453124998
0.0237617492675781 -0.0532760620117187 0.0158767700195313 -0.0198001861572266
-0.00701904296875001 -0.0578765869140625 -0.00160503387451172 -0.0133867263793945
-0.00428009033203125 -0.0597381591796875 -0.00217223167419434 0.00367999076843261
-0.0146369934082031 -0.0618820190429688 -0.00656890869140625 0.0116710662841797
0.00508880615234376 -0.05743408203125 -0.0183334350585938 0.0152740478515625
0.0391998291015625 -0.0511512756347656 -0.0245227813720703 0.00793838500976562
0.0673828125 -0.0174636840820313 -0.0262317657470703 -0.0164985656738281
0.0638580322265625 0.0529365539550781 -0.0122318267822266 -0.0283527374267578
0.0282745361328125 0.0813980102539063 0.00798225402832031 -0.0228652954101563
-0.0221328735351563 0.0997695922851562 -0.00539827346801758 0.0033249855041504
-0.0431976318359375 0.078704833984375 0.01300048828125 0.0468711853027344
-0.0184326171875 0.0826416015625 -0.00567245483398438 0.0537567138671875
0.0389938354492188 0.082794189453125 0.0106430053710938 0.0564765930175781
0.0666694641113281 0.0294380187988281 0.0289077758789063 0.0385932922363281
0.0631828308105469 -0.0184288024902344 0.0292263031005859 0.0155467987060547
0.0254478454589844 -0.0509109497070313 0.0117025375366211 0.000662803649902341
-0.00560760498046875 -0.0547065734863281 0.00341176986694336 0.007965087890625
-0.00416183471679688 -0.0565109252929688 0.00476264953613281 0.0222587585449219
-0.014068603515625 -0.0590896606445313 -0.000337600708007811 0.0304450988769531
0.00432968139648437 -0.0547218322753906 -0.0167922973632813 0.0330142974853516
0.0359840393066406 -0.0480918884277344 -0.0251655578613281 0.0207633972167969
0.0614700317382812 -0.0149955749511719 -0.0292587280273437 -0.00616455078125
0.0554962158203125 0.0513534545898437 -0.0147418975830078 -0.0201873779296875
0.0178070068359375 0.0745697021484375 0.00985908508300781 -0.00708770751953124
-0.0284805297851563 0.0842971801757813 -0.0141696929931641 0.0305118560791016
-0.0402069091796875 0.048065185546875 -0.00296020507812501 0.0723342895507813
-0.0232467651367187 0.0591049194335938 -0.0110206604003906 0.0695686340332031
0.0205230712890625 0.0660667419433594 0.00189208984375 0.0553474426269531
0.0478515625 0.0271072387695313 0.0150184631347656 0.0421867370605469
0.0494308471679688 -0.0108909606933594 0.0163364410400391 0.0258808135986328
0.0214118957519531 -0.0393333435058594 0.00653457641601563 0.0189361572265625
-0.00370025634765625 -0.0423812866210938 0.00864601135253906 0.0273151397705078
-0.00319671630859375 -0.0450325012207031 0.01116943359375 0.0376167297363281
-0.0107841491699219 -0.0478553771972656 0.00617599487304687 0.0463104248046875
0.00336456298828125 -0.044403076171875 -0.0148429870605469 0.0479888916015625
0.0302238464355469 -0.0386123657226563 -0.0267505645751953 0.0313682556152344
0.0501976013183594 -0.0094451904296875 -0.0325241088867188 0.00237274169921875
0.0401420593261719 0.0465621948242188 -0.0170860290527344 -0.0151557922363281
0.00423431396484374 0.0603256225585938 0.0110092163085938 0.00589561462402344
-0.0336418151855469 0.058868408203125 -0.0242958068847656 0.0518989562988281
-0.0307273864746094 0.00911331176757812 -0.012664794921875 0.0852508544921875
-0.0235195159912109 0.0254592895507813 -0.0128326416015625 0.0766143798828125
0.001312255859375 0.0367546081542969 -0.00321578979492188 0.0507354736328125
0.0220756530761719 0.018157958984375 0.00584030151367188 0.0426597595214844
0.0260467529296875 -0.00341415405273438 0.00778388977050781 0.0316734313964844
0.0133571624755859 -0.0212192535400391 0.00527191162109375 0.0311412811279297
-0.00150108337402344 -0.0238704681396484 0.013580322265625 0.040069580078125
-0.00194168090820313 -0.0267143249511719 0.0156059265136719 0.0475273132324219
-0.005889892578125 -0.0308494567871094 0.0101547241210937 0.0574913024902344
0.00296592712402344 -0.0292148590087891 -0.0145149230957031 0.0572052001953125
0.0216922760009766 -0.0257797241210938 -0.0302314758300781 0.0378532409667969
0.0342597961425781 -0.00366592407226562 -0.0364646911621094 0.0077056884765625
0.02203369140625 0.0360603332519531 -0.0205459594726563 -0.0126876831054687
-0.00917816162109375 0.0398406982421875 0.00787162780761719 0.0143041610717773
-0.0329856872558594 0.0255470275878906 -0.0354804992675781 0.0640602111816406
0.0213985443115234 0.0123271942138672 0.0350456237792969 -0.0702056884765625
0.0129861831665039 -0.0116586685180664 -0.00324630737304688 -0.0211391448974609
-0.00455188751220703 -0.0127134323120117 0.0220355987548828 0.0163726806640625
-0.0125331878662109 -0.000579833984375002 0.046966552734375 -0.00445175170898438
-0.00858116149902344 0.00776767730712891 0.0395278930664063 -0.0363197326660156
0.000228881835937499 0.0111713409423828 0.0154495239257812 -0.060302734375
0.000911235809326171 0.00587129592895508 -0.0154609680175781 -0.0610237121582031
-0.00080108642578125 0.00344634056091309 -0.0191802978515625 -0.0501670837402344
-0.0018308162689209 0.00370264053344727 -0.0182266235351562 -0.0438194274902344
-0.00246310234069824 2.38418579101569E-06 -0.009063720703125 -0.03955078125
-0.00149631500244141 -0.00545549392700195 -0.00799560546875 -0.0357322692871094
0.00657749176025391 -0.0119056701660156 -0.0039825439453125 -0.0439987182617187
0.0183677673339844 -0.00232124328613281 0.00963973999023438 -0.0519332885742187
0.0257968902587891 0.0139122009277344 0.00901031494140625 -0.0733642578125
0.0210533142089844 0.0272769927978516 0.0188217163085937 -0.0888671875
0.0109062194824219 0.0486564636230469 0.0422134399414063 -0.0628089904785156
0.0161399841308594 0.0196533203125 0.000947952270507813 -0.0177993774414063
0.0183963775634766 0.00840377807617188 0.0256557464599609 0.0214557647705078
0.0123796463012695 -0.0007171630859375 0.0519523620605469 -0.000293731689453125
0.00978946685791016 -0.00630664825439453 0.0449638366699219 -0.0348854064941406
0.00343894958496094 -0.00967597961425781 0.01702880859375 -0.0597457885742187
-0.00509166717529297 -0.0156269073486328 -0.0146522521972656 -0.0589027404785156
-0.00264167785644531 -0.0191249847412109 -0.0179252624511719 -0.0452919006347656
-0.00550270080566406 -0.0198135375976563 -0.01885986328125 -0.0388984680175781
0.00402259826660156 -0.0205860137939453 -0.01318359375 -0.0340137481689453
0.0181865692138672 -0.0185813903808594 -0.0120964050292969 -0.0310764312744141
0.0328521728515625 -0.00833702087402344 -0.00841140747070312 -0.0423316955566406
0.0351905822753906 0.02471923828125 0.00404739379882813 -0.0481491088867188
0.0262641906738281 0.0449447631835938 0.00541687011718751 -0.0668449401855469
0.00785064697265625 0.0627098083496094 0.0160903930664062 -0.07763671875
-0.00488281250000001 0.0778045654296875 0.0443382263183594 -0.0448570251464844
0.0144767761230469 0.05108642578125 0.00338125228881836 -0.00693416595458984
0.0388526916503906 0.0345306396484375 0.0275707244873047 0.0309925079345703
0.039276123046875 0.003814697265625 0.0540885925292969 0.00726699829101562
0.0315074920654297 -0.0180931091308594 0.04888916015625 -0.0273170471191406
0.00969314575195313 -0.0299358367919922 0.0187225341796875 -0.0523719787597656
-0.00788116455078125 -0.0352439880371094 -0.0118942260742188 -0.0494880676269531
-0.00429916381835938 -0.0389595031738281 -0.013702392578125 -0.0332584381103516
-0.00948715209960937 -0.0402297973632813 -0.0172710418701172 -0.0259780883789063
0.00701141357421875 -0.0390129089355469 -0.0170516967773438 -0.0210208892822266
0.0313796997070313 -0.0329265594482422 -0.0178985595703125 -0.0206413269042969
0.0529823303222656 -0.0111503601074219 -0.0158958435058594 -0.0372848510742188
0.0521354675292969 0.0420646667480469 -0.00304412841796875 -0.0433158874511719
0.0298538208007813 0.0674591064453125 0.00308227539062501 -0.0545539855957031
-0.00364685058593749 0.088409423828125 0.00969696044921875 -0.0551910400390625
-0.0212936401367188 0.0944976806640625 0.0390129089355469 -0.0172348022460937
0.00555419921875 0.0765609741210938 0.00322246551513672 0.0113496780395508
0.0519561767578125 0.0607109069824219 0.0258979797363281 0.0417366027832031
0.0610580444335938 0.0119743347167969 0.0510749816894531 0.0183296203613281
0.0510406494140625 -0.0249748229980469 0.0479049682617187 -0.0146598815917969
0.0166893005371094 -0.0455818176269531 0.0185737609863281 -0.0384407043457031
-0.00898361206054687 -0.0499305725097656 -0.00666046142578125 -0.0335254669189453
-0.00509262084960938 -0.0533447265625 -0.00859451293945312 -0.0157032012939453
-0.0136375427246094 -0.0542640686035156 -0.0127105712890625 -0.00821590423583985
0.00599670410156249 -0.05133056640625 -0.0188713073730469 -0.00376319885253906
0.0369796752929688 -0.0451164245605469 -0.0218868255615234 -0.00690078735351563
0.0644035339355469 -0.0163345336914063 -0.0224113464355469 -0.0278606414794922
0.0633163452148438 0.0496826171875 -0.0090179443359375 -0.0356330871582031
0.0320205688476563 0.0785140991210937 0.00382614135742188 -0.0394287109375
-0.012481689453125 0.101005554199219 0.00227737426757812 -0.0269241333007812
-0.03521728515625 0.0943984985351563 0.0269145965576172 0.0152130126953125
-0.00585174560546876 0.088714599609375 -0.000522613525390622 0.0330047607421875
0.0522994995117188 0.0784759521484375 0.0201225280761719 0.0499382019042969
0.0716476440429688 0.0220108032226563 0.0419807434082031 0.0294876098632813
0.0625648498535156 -0.0249862670898438 0.0410690307617188 0.00115203857421875
0.0225296020507812 -0.0528984069824219 0.0155353546142578 -0.019195556640625
-0.00838088989257812 -0.0560493469238281 -0.00156116485595703 -0.012843132019043
-0.00576019287109375 -0.0590095520019531 -0.00163555145263672 0.00361037254333496
-0.0161590576171875 -0.06005859375 -0.00627231597900391 0.0115756988525391
0.00403213500976562 -0.0566558837890625 -0.0175065994262695 0.0154600143432617
0.0373420715332031 -0.0506858825683594 -0.0239658355712891 0.0078582763671875
0.0659904479980469 -0.0184402465820313 -0.026458740234375 -0.0162239074707031
0.064666748046875 0.0514411926269531 -0.0126476287841797 -0.0274829864501953
0.0288162231445313 0.079833984375 0.00712776184082031 -0.0228767395019531
-0.0196685791015625 0.0985183715820313 -0.00506782531738281 0.0028676986694336
-0.0410079956054687 0.0782470703125 0.0124549865722656 0.0461845397949219
-0.0172958374023437 0.0816879272460938 -0.0058135986328125 0.0530014038085938
0.040069580078125 0.080718994140625 0.0105628967285156 0.0545921325683594
0.065765380859375 0.0277671813964844 0.0282783508300781 0.0378952026367188
0.0619468688964844 -0.0190391540527344 0.0290508270263672 0.0152072906494141
0.0244865417480469 -0.0501785278320313 0.011530876159668 0.00126171112060547
-0.0063629150390625 -0.0534019470214844 0.00387382507324219 0.0083160400390625
-0.0051422119140625 -0.0558128356933594 0.00541305541992188 0.0219058990478516
-0.0153846740722656 -0.0569801330566406 0.00104141235351562 0.0298309326171875
0.002685546875 -0.0532150268554688 -0.015625 0.0327396392822266
0.0339508056640625 -0.047760009765625 -0.0242538452148437 0.0205860137939453
0.0601921081542969 -0.0160636901855469 -0.0292224884033203 -0.00568580627441407
0.0561027526855469 0.04986572265625 -0.0145816802978516 -0.0195140838623047
0.0187149047851562 0.073394775390625 0.00961875915527344 -0.00743675231933593
-0.0266036987304688 0.0840072631835937 -0.0135097503662109 0.0303020477294922
-0.0382919311523437 0.0477180480957031 -0.00290679931640624 0.0713882446289062
-0.0223464965820312 0.0582313537597656 -0.0104217529296875 0.06829833984375
0.0215339660644531 0.0643463134765625 0.0026092529296875 0.0539474487304688
0.0472984313964844 0.0259857177734375 0.0146751403808594 0.041229248046875
0.0480995178222656 -0.0114860534667969 0.0165195465087891 0.0253372192382813
0.0203208923339844 -0.0388755798339844 0.00697517395019531 0.0192909240722656
-0.004150390625 -0.0415115356445312 0.00926971435546875 0.0273761749267578
-0.00424194335937501 -0.0439376831054688 0.0122108459472656 0.0369911193847656
-0.01171875 -0.0468330383300781 0.00767898559570313 0.0453376770019531
0.00294113159179688 -0.0432319641113281 -0.0136909484863281 0.0474128723144531
0.0291481018066406 -0.0383834838867188 -0.0262031555175781 0.0305805206298828
0.0487403869628906 -0.0100173950195313 -0.0320415496826172 0.00258445739746094
0.0405235290527344 0.0447807312011719 -0.0166912078857422 -0.0148115158081055
0.00466537475585937 0.0595550537109375 0.010955810546875 0.00497627258300782
-0.0313339233398438 0.0583343505859375 -0.0226936340332031 0.0510139465332031
-0.0298290252685547 0.00884437561035157 -0.0118637084960937 0.0838699340820313
-0.0225582122802734 0.0252857208251953 -0.0117645263671875 0.0750732421875
0.0023651123046875 0.0359039306640625 -0.00310897827148437 0.0498046875
0.0214748382568359 0.0174770355224609 0.00615692138671875 0.0416450500488281
0.0256137847900391 -0.00334548950195313 0.00795173645019531 0.0313453674316406
0.0125617980957031 -0.0213546752929687 0.00550079345703125 0.0307350158691406
-0.00185775756835937 -0.0233993530273438 0.0143203735351562 0.0390777587890625
-0.00256729125976562 -0.0259895324707031 0.0168075561523438 0.0463066101074219
-0.00656509399414062 -0.0299091339111328 0.0117225646972656 0.0562515258789063
0.00248146057128906 -0.02850341796875 -0.01300048828125 0.0568923950195313
0.0206756591796875 -0.025634765625 -0.0294380187988281 0.0369148254394531
0.0334129333496094 -0.00436210632324219 -0.0351715087890625 0.00832366943359375
0.0227718353271484 0.0348472595214844 -0.0200309753417969 -0.0124359130859375
-0.00836181640625 0.0395584106445313 0.00728893280029297 0.0132236480712891
-0.0318222045898438 0.0254402160644531 -0.0336952209472656 0.0627937316894531
0.021026611328125 0.0125102996826172 0.0346908569335937 -0.0694923400878906
0.0126628875732422 -0.0109548568725586 -0.00387763977050781 -0.0210971832275391
-0.00422000885009766 -0.0126705169677734 0.0214500427246094 0.0161018371582031
-0.0126409530639648 -0.000316619873046874 0.0470962524414063 -0.00411224365234375
-0.00849485397338867 0.0082850456237793 0.0399589538574219 -0.0359268188476563
0.00062274932861328 0.0112743377685547 0.0155792236328125 -0.0605087280273438
0.00112390518188477 0.00562524795532227 -0.0159072875976562 -0.0611152648925781
-0.00064849853515625 0.00325894355773926 -0.0195770263671875 -0.0502777099609375
-0.00210928916931152 0.00347185134887695 -0.0188140869140625 -0.04412841796875
-0.00247406959533691 -0.000484943389892578 -0.00918197631835938 -0.0396766662597656
-0.00113964080810547 -0.00575828552246094 -0.00798797607421875 -0.0365333557128906
0.0064992904663086 -0.0115547180175781 -0.00429916381835937 -0.0443801879882813
0.0187168121337891 -0.0023651123046875 0.0100288391113281 -0.0516624450683594
0.0257301330566406 0.013824462890625 0.00896453857421875 -0.0731735229492187
0.0209293365478516 0.0273189544677734 0.0188140869140625 -0.0890731811523437
0.0105819702148437 0.0486068725585938 0.0416755676269531 -0.0622062683105469
0.0167121887207031 0.0198726654052734 0.000313758850097656 -0.0174636840820313
0.0185661315917969 0.00827980041503906 0.0256710052490234 0.0213508605957031
0.0121660232543945 -0.000766754150390625 0.0518875122070313 -0.000347137451171875
0.009765625 -0.00618648529052734 0.0453033447265625 -0.0341835021972656
0.00330543518066406 -0.00965976715087891 0.0172653198242187 -0.0595970153808594
-0.00473117828369141 -0.0156488418579102 -0.0151100158691406 -0.0591697692871094
-0.00307083129882813 -0.0192489624023438 -0.0180854797363281 -0.0451583862304688
-0.00571632385253906 -0.0195732116699219 -0.0196304321289062 -0.0390167236328125
0.00418281555175781 -0.0207118988037109 -0.0135383605957031 -0.0345554351806641
0.0183677673339844 -0.0187816619873047 -0.0120620727539063 -0.0314788818359375
0.0330677032470703 -0.00872802734375 -0.0087890625 -0.0428047180175781
0.0356025695800781 0.0248870849609375 0.00447845458984376 -0.0485076904296875
0.0263175964355469 0.0449256896972656 0.00503540039062501 -0.0667762756347656
0.0075225830078125 0.0634422302246094 0.0163955688476563 -0.0775146484375
-0.00471496582031249 0.0777130126953125 0.0435256958007813 -0.0440902709960937
0.0142936706542969 0.0518798828125 0.00240659713745117 -0.00670528411865234
0.0396614074707031 0.0342330932617187 0.0274009704589844 0.0303802490234375
0.0389442443847656 0.0036163330078125 0.054046630859375 0.00799560546875
0.0308151245117188 -0.0185470581054688 0.0488662719726563 -0.0266342163085937
0.00963401794433593 -0.0300521850585938 0.0187263488769531 -0.0526924133300781
-0.008148193359375 -0.0353240966796875 -0.0117378234863281 -0.0495643615722656
-0.00437164306640625 -0.0397109985351563 -0.0141983032226563 -0.0333080291748047
-0.010009765625 -0.0404624938964844 -0.0173625946044922 -0.0262622833251953
0.00678634643554687 -0.0386962890625 -0.0174751281738281 -0.0213832855224609
0.0313758850097656 -0.0331745147705078 -0.0179100036621094 -0.0211753845214844
0.0535812377929688 -0.0114631652832031 -0.0160140991210937 -0.0372047424316406
0.0527725219726563 0.0423774719238281 -0.0026092529296875 -0.0428085327148437
0.0300559997558594 0.0675926208496094 0.00284576416015625 -0.0547866821289062
-0.00340270996093749 0.0891571044921875 0.00968170166015625 -0.0555305480957031
-0.0216217041015625 0.0948410034179687 0.0384597778320313 -0.0167503356933594
0.0058746337890625 0.0775527954101562 0.00191688537597656 0.0116491317749023
0.0527229309082031 0.0606040954589844 0.0255088806152344 0.0410079956054688
0.0613937377929688 0.0118484497070313 0.051300048828125 0.0190048217773438
0.050689697265625 -0.0253181457519531 0.0479393005371094 -0.0137672424316406
0.0167045593261719 -0.0452232360839844 0.019012451171875 -0.0377883911132813
-0.008941650390625 -0.0495223999023437 -0.00713539123535156 -0.0334625244140625
-0.00593185424804688 -0.0539627075195313 -0.00836753845214844 -0.0161418914794922
-0.0143089294433594 -0.0541419982910156 -0.0126924514770508 -0.00811862945556641
0.00597381591796875 -0.0515480041503906 -0.0189914703369141 -0.00366592407226563
0.0367622375488281 -0.0449600219726563 -0.0219268798828125 -0.00712776184082032
0.0644454956054688 -0.0170745849609375 -0.0228099822998047 -0.0281105041503906
0.0640869140625 0.050384521484375 -0.00857162475585938 -0.03594970703125
0.0324630737304688 0.0792999267578125 0.00336456298828125 -0.0395126342773437
-0.0123138427734375 0.101882934570313 0.00195884704589843 -0.0271549224853516
-0.0351028442382812 0.0945816040039062 0.0263328552246094 0.0155696868896484
-0.00611877441406249 0.0892181396484375 -0.00161933898925781 0.0335102081298828
0.0529708862304688 0.0784378051757813 0.019195556640625 0.0501022338867188
0.071807861328125 0.0215682983398438 0.0418663024902344 0.0303611755371094
0.0627326965332031 -0.0249748229980469 0.0407752990722656 0.00130462646484375
0.0224075317382813 -0.0525016784667969 0.0159912109375 -0.0186290740966797
-0.00832366943359375 -0.0561904907226562 -0.00207328796386719 -0.012425422668457
-0.0064239501953125 -0.0597381591796875 -0.00128054618835449 0.00318527221679687
-0.0165863037109375 -0.0598068237304688 -0.00597858428955078 0.0111579895019531
0.00362396240234376 -0.0558433532714844 -0.0176773071289063 0.0157871246337891
0.0369796752929688 -0.0504379272460937 -0.0239105224609375 0.00780105590820312
0.0660476684570313 -0.0191459655761719 -0.0274753570556641 -0.0166893005371094
0.0652885437011719 0.0515594482421875 -0.0124588012695312 -0.0277671813964844
0.0291671752929687 0.0805206298828125 0.00680160522460938 -0.0232791900634766
-0.0196380615234375 0.0996932983398438 -0.00533199310302735 0.00276470184326172
-0.0412216186523438 0.0780029296875 0.0114784240722656 0.0466117858886719
-0.017242431640625 0.0825347900390625 -0.00697708129882812 0.0532035827636719
0.0403823852539062 0.0805282592773438 0.0100669860839844 0.0540428161621094
0.0658836364746094 0.027984619140625 0.0280265808105469 0.03839111328125
0.061920166015625 -0.0195732116699219 0.0292434692382813 0.0156764984130859
0.0241470336914063 -0.0501251220703125 0.0117940902709961 0.00196075439453125
-0.00691604614257813 -0.05328369140625 0.00450468063354492 0.008331298828125
-0.00600433349609375 -0.056488037109375 0.00584793090820313 0.0217552185058594
-0.0158309936523437 -0.0567703247070313 0.00126457214355469 0.0298099517822266
0.00268936157226563 -0.05291748046875 -0.0155143737792969 0.0331935882568359
0.0336570739746094 -0.0476493835449219 -0.0245704650878906 0.019866943359375
0.0599708557128906 -0.0165901184082031 -0.0295753479003906 -0.00640678405761719
0.0568923950195312 0.049896240234375 -0.0142745971679688 -0.0199127197265625
0.0183486938476562 0.0736007690429688 0.00988292694091797 -0.00797176361083984
-0.0263214111328125 0.0850982666015625 -0.0137767791748047 0.0294246673583985
-0.0386619567871094 0.0474777221679687 -0.003326416015625 0.071746826171875
-0.0223960876464844 0.0589752197265625 -0.0114097595214844 0.0683212280273437
0.0217323303222656 0.0641403198242188 0.00131607055664063 0.0532379150390625
0.0469398498535156 0.025970458984375 0.0142745971679687 0.0418853759765625
0.0481224060058594 -0.0116996765136719 0.0163459777832031 0.0257492065429687
0.020263671875 -0.0388031005859375 0.00747489929199219 0.0202713012695312
-0.00422286987304687 -0.0412254333496094 0.00988388061523438 0.0276622772216797
-0.00406265258789062 -0.0444679260253906 0.0129814147949219 0.0367546081542969
-0.0119857788085938 -0.0465507507324219 0.0082855224609375 0.0452384948730469
0.00269317626953125 -0.0431785583496094 -0.0131759643554688 0.0474090576171875
0.0285911560058594 -0.038482666015625 -0.0262260437011719 0.0302619934082031
0.0483779907226563 -0.0103874206542969 -0.03253173828125 0.00216293334960937
0.0415382385253906 0.0450782775878906 -0.0166425704956055 -0.0150976181030273
0.0047760009765625 0.0596885681152344 0.010986328125 0.00487899780273438
-0.0313377380371094 0.0590438842773438 -0.0230216979980469 0.0506019592285156
-0.0298347473144531 0.00857162475585938 -0.0124893188476563 0.0840835571289063
-0.0228691101074219 0.0247516632080078 -0.0123825073242187 0.0754318237304687
0.00231170654296875 0.0354042053222656 -0.004486083984375 0.0494842529296875
0.0213241577148438 0.0175342559814453 0.00565719604492188 0.04205322265625
0.0252513885498047 -0.00364875793457031 0.00792884826660156 0.0316314697265625
0.0122890472412109 -0.0213069915771484 0.00597000122070313 0.0316028594970703
-0.00190925598144531 -0.0235939025878906 0.0146217346191406 0.0395278930664063
-0.00254631042480469 -0.0263710021972656 0.0175323486328125 0.0462150573730469
-0.00700950622558594 -0.0298252105712891 0.0124626159667969 0.0558509826660156
0.00204849243164062 -0.0281867980957031 -0.0123367309570313 0.0572624206542969
0.0204143524169922 -0.0256023406982422 -0.0295066833496094 0.0370559692382813
0.0332050323486328 -0.00466156005859375 -0.0357551574707031 0.00774765014648437
0.0229358673095703 0.0347003936767578 -0.0197544097900391 -0.0121231079101562
-0.00863265991210937 0.0395927429199219 0.00788402557373047 0.0125265121459961
-0.0318222045898438 0.0253276824951172 -0.0339584350585937 0.0620040893554688
0.0209007263183594 0.0133838653564453 0.0349884033203125 -0.071197509765625
0.0133123397827148 -0.011474609375 -0.00450515747070312 -0.0212154388427734
-0.00415325164794922 -0.0130538940429688 0.0217323303222656 0.0163955688476563
-0.0125131607055664 -0.000205993652343747 0.0485725402832031 -0.00468063354492188
-0.00833940505981445 0.00845956802368164 0.0411491394042969 -0.0366592407226562
0.000457763671875001 0.0109958648681641 0.0159034729003906 -0.0624008178710938
0.000797271728515626 0.00543928146362305 -0.0173377990722656 -0.0629043579101563
-0.000637054443359375 0.0034644603729248 -0.0211639404296875 -0.0518569946289063
-0.00223493576049805 0.00328278541564941 -0.0204277038574219 -0.0452232360839844
-0.0022883415222168 -8.34465026855467E-05 -0.00999069213867188 -0.0414962768554688
-0.000808238983154297 -0.00587177276611328 -0.00841140747070313 -0.0374259948730469
0.00674533843994141 -0.0119256973266602 -0.00487899780273438 -0.0451850891113281
0.0190029144287109 -0.00190544128417969 0.0100898742675781 -0.0528450012207031
0.0262451171875 0.0145473480224609 0.00916290283203124 -0.0744400024414063
0.0213584899902344 0.028045654296875 0.0189361572265625 -0.091644287109375
0.0106964111328125 0.0500946044921875 0.0414085388183594 -0.0635871887207031
0.0173091888427734 0.0207271575927734 -0.000988006591796875 -0.0172739028930664
0.0197868347167969 0.0081634521484375 0.0260581970214844 0.0215969085693359
0.0125770568847656 -0.000667572021484375 0.0529327392578125 -0.0005950927734375
0.00964069366455078 -0.0065460205078125 0.0467529296875 -0.0346946716308594
0.00377273559570312 -0.0100059509277344 0.0176544189453125 -0.0616836547851563
-0.00525283813476562 -0.0161209106445313 -0.0163421630859375 -0.0603981018066406
-0.00363349914550781 -0.0200004577636719 -0.0196495056152344 -0.0466423034667969
-0.00635528564453125 -0.0202007293701172 -0.0211639404296875 -0.0397682189941406
0.00433731079101563 -0.0212459564208984 -0.0141983032226562 -0.035675048828125
0.0187225341796875 -0.0192146301269531 -0.0128154754638672 -0.0326690673828125
0.0337657928466797 -0.00916290283203125 -0.00963211059570313 -0.0441436767578125
0.0366897583007813 0.0261077880859375 0.00436019897460937 -0.0493659973144531
0.0274772644042969 0.0463714599609375 0.0052032470703125 -0.0680351257324219
0.00800323486328125 0.0653190612792969 0.0161361694335938 -0.0796585083007813
-0.0047454833984375 0.0801773071289063 0.0435867309570313 -0.044891357421875
0.0153121948242187 0.053619384765625 0.00168466567993164 -0.00647115707397461
0.0415191650390625 0.0345497131347656 0.0280818939208984 0.03057861328125
0.0398635864257813 0.0034027099609375 0.0556831359863281 0.00801467895507813
0.0316810607910156 -0.0188159942626953 0.0509567260742188 -0.0272865295410156
0.00956153869628907 -0.0304908752441406 0.0194511413574219 -0.0541343688964844
-0.008697509765625 -0.0358772277832031 -0.0128326416015625 -0.0506782531738281
-0.00545501708984375 -0.0407867431640625 -0.0148868560791016 -0.0340385437011719
-0.0111083984375 -0.0409317016601563 -0.0183887481689453 -0.0271167755126953
0.00652313232421875 -0.0400390625 -0.0182552337646484 -0.0222320556640625
0.0319709777832031 -0.03424072265625 -0.0183429718017578 -0.0220088958740234
0.05474853515625 -0.0122413635253906 -0.0173988342285156 -0.0388870239257813
0.0549240112304688 0.0435028076171875 -0.00249481201171875 -0.0442924499511719
0.0309677124023438 0.06976318359375 0.002197265625 -0.0563545227050781
-0.00290679931640625 0.0919723510742188 0.00907135009765626 -0.0573577880859375
-0.0219955444335938 0.0976181030273438 0.0381851196289063 -0.0166206359863281
0.00623321533203125 0.0801239013671875 0.00111961364746094 0.0120153427124023
0.0551528930664063 0.061859130859375 0.0255508422851563 0.0418777465820313
0.0628433227539062 0.0115165710449219 0.0524787902832031 0.0197257995605469
0.0518112182617188 -0.0263442993164063 0.0498886108398438 -0.0141105651855469
0.0169525146484375 -0.0464286804199219 0.0191574096679687 -0.0388069152832031
-0.0097808837890625 -0.0508995056152344 -0.00771522521972656 -0.0339221954345703
-0.00698471069335938 -0.0557174682617188 -0.00878429412841797 -0.016754150390625
-0.0151252746582031 -0.0550651550292969 -0.0131139755249023 -0.00886344909667969
0.00561904907226563 -0.0525398254394531 -0.0193691253662109 -0.00398826599121094
0.0372962951660156 -0.0466194152832031 -0.0226707458496094 -0.0076446533203125
0.0657997131347656 -0.0180473327636719 -0.0245361328125 -0.0291652679443359
0.0669441223144531 0.0513687133789062 -0.0084228515625 -0.0368194580078125
0.0337753295898437 0.0814285278320313 0.00345230102539063 -0.0409927368164062
-0.0114517211914062 0.105270385742188 0.00147438049316406 -0.0282344818115234
-0.0359344482421875 0.0978546142578125 0.0258197784423828 0.0167312622070313
-0.0054473876953125 0.092010498046875 -0.002288818359375 0.0342140197753906
0.0556640625 0.0793075561523438 0.0191917419433594 0.050445556640625
0.0736236572265625 0.021636962890625 0.0427322387695313 0.0310325622558594
0.0639114379882812 -0.0262603759765625 0.0425758361816406 0.00140380859375
0.0225753784179687 -0.0539665222167969 0.0168857574462891 -0.0186195373535156
-0.00909805297851563 -0.0571136474609375 -0.00168895721435547 -0.0128850936889648
-0.00753784179687501 -0.0616493225097656 -0.0010983943939209 0.00302553176879882
-0.017486572265625 -0.0610313415527344 -0.00569534301757813 0.0111894607543945
0.00330352783203125 -0.0575294494628906 -0.0178871154785156 0.0159473419189453
0.03692626953125 -0.0519676208496094 -0.0244064331054687 0.007415771484375
0.0673179626464844 -0.0203056335449219 -0.0286521911621094 -0.0177059173583984
0.0680465698242188 0.0526275634765625 -0.0124301910400391 -0.0287590026855469
0.0301284790039062 0.0822982788085938 0.00688743591308594 -0.0237655639648437
-0.0185928344726562 0.103446960449219 -0.00598287582397461 0.0027456283569336
-0.0422286987304688 0.0803298950195313 0.0109519958496094 0.0477790832519531
-0.0174713134765625 0.0848617553710938 -0.00780105590820312 0.0545158386230469
0.04266357421875 0.0820083618164062 0.00934219360351562 0.0550041198730469
0.067657470703125 0.027923583984375 0.0284805297851563 0.0394821166992188
0.0634994506835938 -0.0206298828125 0.0298538208007813 0.0164051055908203
0.0242424011230469 -0.0514984130859375 0.0124282836914063 0.00289344787597656
-0.00703811645507812 -0.0543632507324219 0.00464725494384766 0.00923442840576172
-0.00735855102539063 -0.0583572387695313 0.00656890869140625 0.0216331481933594
-0.0169181823730469 -0.058074951171875 0.001983642578125 0.0308265686035156
0.00235366821289062 -0.0541267395019531 -0.0153751373291016 0.0341300964355469
0.0340614318847656 -0.048919677734375 -0.0254688262939453 0.0202598571777344
0.0613861083984375 -0.0177154541015625 -0.0310516357421875 -0.00699996948242187
0.059539794921875 0.0505142211914063 -0.0146675109863281 -0.0206184387207031
0.019744873046875 0.0758895874023438 0.00971031188964844 -0.00828075408935547
-0.0256271362304688 0.0873641967773438 -0.0141849517822266 0.030364990234375
-0.039398193359375 0.0489006042480469 -0.00365447998046875 0.0732803344726563
-0.0227203369140625 0.0600318908691406 -0.01239013671875 0.0702400207519531
0.0226554870605469 0.0654487609863281 0.000598907470703127 0.0544815063476563
0.0482254028320313 0.0266685485839844 0.0145072937011719 0.0427742004394531
0.0492706298828125 -0.0128135681152344 0.016754150390625 0.0267333984375
0.0207138061523438 -0.0395278930664063 0.00776481628417969 0.0212936401367187
-0.00439834594726562 -0.0420989990234375 0.0106754302978516 0.0283489227294922
-0.00496673583984376 -0.0458145141601563 0.0145072937011719 0.0370216369628906
-0.0129776000976563 -0.0473594665527344 0.00950241088867187 0.0462646484375
0.00202560424804688 -0.0439987182617188 -0.0127677917480469 0.0490760803222656
0.028350830078125 -0.0392112731933594 -0.0268306732177734 0.0310840606689453
0.0495452880859375 -0.0112571716308594 -0.0334491729736328 0.00152397155761719
0.0433845520019531 0.0454597473144531 -0.0169486999511719 -0.0155630111694336
0.0054779052734375 0.0614509582519531 0.0114917755126953 0.00436973571777344
-0.0311279296875 0.0605010986328125 -0.0233535766601563 0.0511054992675781
-0.0300979614257813 0.00849914550781249 -0.0126190185546875 0.0864181518554688
-0.02349853515625 0.0259685516357422 -0.0127182006835938 0.0773162841796875
0.00217437744140625 0.0362167358398438 -0.0047454833984375 0.0511894226074219
0.0216140747070313 0.0178585052490234 0.00543212890625 0.0436248779296875
0.0263519287109375 -0.00406074523925781 0.00790214538574219 0.0326042175292969
0.0122146606445313 -0.0220088958740234 0.00645065307617187 0.0334796905517578
-0.00220108032226562 -0.0237102508544922 0.015960693359375 0.0409622192382812
-0.00308036804199219 -0.0269241333007812 0.0192527770996094 0.0470123291015625
-0.0074005126953125 -0.0303840637207031 0.0136299133300781 0.0572662353515625
0.00221824645996094 -0.0292720794677734 -0.0120468139648438 0.0587692260742188
0.0202617645263672 -0.0264549255371094 -0.0304756164550781 0.0374603271484375
0.0337734222412109 -0.00490951538085938 -0.0366935729980469 0.00774383544921876
0.0237922668457031 0.0354042053222656 -0.0202484130859375 -0.013214111328125
-0.00809860229492188 0.040740966796875 0.00804710388183594 0.012324333190918
-0.0323200225830078 0.02606201171875 -0.034454345703125 0.0631370544433594
0.0218982696533203 0.013885498046875 0.0336227416992188 -0.073760986328125
0.0132236480712891 -0.0121669769287109 -0.00587844848632813 -0.0213699340820312
-0.00441455841064453 -0.0137300491333008 0.02276611328125 0.0165367126464844
-0.012791633605957 -0.000144004821777346 0.0500640869140625 -0.00546646118164063
-0.00839900970458985 0.00905227661132812 0.0422134399414063 -0.0387725830078125
0.00100326538085937 0.0110311508178711 0.014739990234375 -0.0655021667480469
0.000986576080322266 0.00549936294555664 -0.0200424194335938 -0.0648078918457031
-0.000776052474975586 0.0033416748046875 -0.0242233276367187 -0.0528144836425781
-0.0019996166229248 0.00394940376281738 -0.0232429504394531 -0.0458717346191406
-0.00226759910583496 -0.000292301177978516 -0.0116119384765625 -0.0428085327148438
-0.00075387954711914 -0.00620937347412109 -0.009552001953125 -0.0385818481445313
0.00626945495605469 -0.0123586654663086 -0.006072998046875 -0.0464401245117188
0.0199298858642578 -0.00156784057617188 0.00975799560546876 -0.0545196533203125
0.0278129577636719 0.0140571594238281 0.00743865966796875 -0.0768508911132813
0.0231342315673828 0.0285854339599609 0.0179290771484375 -0.0952682495117188
0.0119857788085937 0.0521049499511719 0.04083251953125 -0.0657730102539063
0.0188655853271484 0.020965576171875 -0.00198745727539062 -0.0177783966064453
0.0208854675292969 0.00730514526367188 0.0270061492919922 0.0215568542480469
0.0130825042724609 -0.0008392333984375 0.0548324584960938 -0.00154495239257813
0.0100631713867188 -0.00703048706054688 0.0478858947753906 -0.0367774963378906
0.00368309020996094 -0.0107173919677734 0.0169448852539063 -0.0643081665039063
-0.00602340698242188 -0.016484260559082 -0.0188751220703125 -0.0622291564941406
-0.00463485717773437 -0.0210323333740234 -0.0225677490234375 -0.0480613708496094
-0.00709152221679688 -0.0208454132080078 -0.0233993530273438 -0.0409698486328125
0.004150390625 -0.0221385955810547 -0.01611328125 -0.0368156433105469
0.019073486328125 -0.0206489562988281 -0.0139522552490234 -0.0339012145996094
0.0348491668701172 -0.0101146697998047 -0.0115318298339844 -0.0455551147460938
0.0392036437988281 0.0261688232421875 0.00363540649414063 -0.0512351989746094
0.0290794372558594 0.0476188659667969 0.00350189208984375 -0.0700149536132813
0.0101203918457031 0.0673751831054688 0.0143508911132813 -0.0830154418945313
-0.0032501220703125 0.0832672119140625 0.0430374145507813 -0.0464286804199219
0.017303466796875 0.055419921875 0.000178813934326173 -0.00640249252319336
0.0443305969238281 0.0345344543457031 0.0289268493652344 0.0307216644287109
0.0416069030761719 0.00221633911132813 0.0577430725097656 0.00764846801757813
0.0322303771972656 -0.0208778381347656 0.0524024963378906 -0.0289115905761719
0.00893592834472656 -0.0319232940673828 0.0193862915039063 -0.05645751953125
-0.0103073120117188 -0.0371055603027344 -0.0150413513183594 -0.0522422790527344
-0.00794601440429688 -0.0424003601074219 -0.0173110961914063 -0.0352592468261719
-0.0126762390136719 -0.0420036315917969 -0.0204715728759766 -0.0275249481201172
0.00578689575195312 -0.0416450500488281 -0.0197181701660156 -0.0227260589599609
0.0321846008300781 -0.0362472534179688 -0.019622802734375 -0.0228786468505859
0.05657958984375 -0.0144424438476563 -0.0196380615234375 -0.0396652221679687
0.0582809448242188 0.0436935424804688 -0.00368118286132812 -0.04583740234375
0.034027099609375 0.0718307495117187 0.000801086425781249 -0.0580711364746094
-9.91821289062567E-05 0.095977783203125 0.00796890258789062 -0.0595054626464844
-0.0201263427734375 0.101127624511719 0.03790283203125 -0.0180130004882812
0.00928497314453125 0.0834884643554687 0.000288009643554688 0.0126895904541016
0.0593109130859375 0.0618057250976562 0.02655029296875 0.0418701171875
0.0655670166015625 0.00997543334960938 0.0542755126953125 0.0192680358886719
0.0525169372558594 -0.0292282104492188 0.0514717102050781 -0.0151863098144531
0.0159683227539062 -0.0487403869628906 0.0194168090820312 -0.0404243469238281
-0.0119438171386719 -0.0521240234375 -0.0088348388671875 -0.0347862243652344
-0.00944900512695312 -0.0578269958496094 -0.00979423522949219 -0.0176887512207031
-0.0181083679199219 -0.0564002990722656 -0.0143156051635742 -0.00914764404296875
0.00419998168945313 -0.0542221069335938 -0.0206565856933594 -0.00338363647460938
0.037017822265625 -0.0492134094238281 -0.0239524841308594 -0.00766563415527345
0.0678520202636719 -0.020751953125 -0.026885986328125 -0.0299892425537109
0.0714263916015625 0.0508880615234375 -0.00993728637695312 -0.0382347106933594
0.0368804931640625 0.083740234375 0.00239944458007813 -0.0420722961425781
-0.00868225097656251 0.109703063964844 0.000989913940429686 -0.0293941497802734
-0.034820556640625 0.101882934570313 0.0260124206542969 0.0168838500976563
-0.00307464599609376 0.09600830078125 -0.00290679931640625 0.0358161926269531
0.0599899291992187 0.08087158203125 0.0200538635253906 0.0511741638183594
0.0765228271484375 0.0202255249023437 0.0449371337890625 0.0312156677246094
0.0655593872070312 -0.02972412109375 0.0437698364257813 0.00124740600585937
0.02203369140625 -0.0562705993652344 0.0173225402832031 -0.0189571380615234
-0.0111770629882813 -0.0585823059082031 -0.00209712982177734 -0.0128555297851563
-0.0102729797363281 -0.0639610290527344 -0.00114989280700684 0.00283670425415039
-0.02069091796875 -0.0625801086425781 -0.0054931640625 0.0116214752197266
0.00191879272460937 -0.0592231750488281 -0.0181045532226563 0.01715087890625
0.0364952087402344 -0.0546798706054688 -0.0254440307617188 0.007598876953125
0.069091796875 -0.023040771484375 -0.0309009552001953 -0.0177097320556641
0.0727920532226563 0.0523452758789063 -0.0131549835205078 -0.0294055938720703
0.0334396362304688 0.0852813720703125 0.00661277770996094 -0.0253734588623047
-0.0162429809570312 0.108039855957031 -0.00574350357055664 0.00238180160522462
-0.0419158935546875 0.084075927734375 0.0117454528808594 0.0498695373535156
-0.0157623291015625 0.08837890625 -0.00764083862304688 0.0567550659179688
0.04620361328125 0.0833511352539063 0.0098419189453125 0.0563888549804688
0.0703277587890625 0.0272445678710938 0.0302276611328125 0.0403594970703125
0.0647773742675781 -0.0235939025878906 0.0313243865966797 0.0168991088867188
0.0241165161132812 -0.0539131164550781 0.0131473541259766 0.00335025787353515
-0.00904083251953125 -0.0559120178222656 0.0051422119140625 0.0097808837890625
-0.0095062255859375 -0.0603065490722656 0.00777053833007812 0.0221691131591797
-0.0199012756347656 -0.059967041015625 0.00324440002441406 0.0310440063476562
0.000411987304687505 -0.0555877685546875 -0.0148086547851563 0.035614013671875
0.0332107543945312 -0.0511131286621094 -0.0257186889648437 0.0210247039794922
0.0624465942382813 -0.0200691223144531 -0.0326423645019531 -0.00672531127929688
0.063323974609375 0.0500717163085938 -0.0155029296875 -0.0214996337890625
0.0225143432617188 0.0778656005859375 0.0102739334106445 -0.00923156738281249
-0.0240478515625 0.09161376953125 -0.0134735107421875 0.0309486389160156
-0.0392417907714844 0.0513343811035156 -0.003143310546875 0.0767059326171875
-0.0218734741210938 0.0624885559082031 -0.0118484497070313 0.0727462768554688
0.0256233215332031 0.0668601989746094 0.000782012939453127 0.0559616088867188
0.0501518249511719 0.0265426635742188 0.0157966613769531 0.0444831848144531
0.0503959655761719 -0.0144081115722656 0.0177936553955078 0.0277538299560547
0.0204582214355469 -0.041839599609375 0.00914573669433594 0.0225429534912109
-0.00658798217773438 -0.0432929992675781 0.0125179290771484 0.0294227600097656
-0.007171630859375 -0.0476531982421875 0.0158882141113281 0.037811279296875
-0.0151023864746094 -0.0490264892578125 0.0116920471191406 0.0468902587890625
0.001007080078125 -0.0449333190917969 -0.0116767883300781 0.0512847900390625
0.02813720703125 -0.04107666015625 -0.0278186798095703 0.0324687957763672
0.0510330200195313 -0.0130424499511719 -0.0354270935058594 0.00241851806640625
0.0463180541992188 0.0452232360839844 -0.0174684524536133 -0.0157632827758789
0.00735092163085937 0.0631065368652344 0.0118036270141602 0.00308990478515625
-0.0307121276855469 0.0636672973632813 -0.0227584838867188 0.05279541015625
-0.0311717987060547 0.00921440124511719 -0.0119781494140625 0.0898513793945312
-0.0236320495605469 0.0268440246582031 -0.0117645263671875 0.0799636840820313
0.00354766845703125 0.0373764038085938 -0.00435256958007812 0.0528640747070313
0.0226631164550781 0.0178852081298828 0.0060272216796875 0.0455818176269531
0.0267219543457031 -0.00475502014160156 0.00913810729980469 0.0339622497558594
0.0120906829833984 -0.0236129760742188 0.0078582763671875 0.0353660583496094
-0.00305938720703125 -0.0245113372802734 0.0186958312988281 0.041748046875
-0.00415992736816407 -0.028076171875 0.02197265625 0.0475730895996094
-0.00859260559082031 -0.0314140319824219 0.0167503356933594 0.0583724975585938
0.00143623352050781 -0.0299034118652344 -0.0107154846191406 0.0610694885253906
0.0200614929199219 -0.0272274017333984 -0.0309257507324219 0.0392189025878906
0.0342521667480469 -0.00583648681640625 -0.0382843017578125 0.00813293457031251
0.0258865356445313 0.0357742309570313 -0.0209503173828125 -0.0132064819335938
-0.00724029541015625 0.0425376892089844 0.00909042358398438 0.0116968154907227
-0.0323772430419922 0.0274066925048828 -0.0340614318847656 0.0656661987304688
0.0228233337402344 0.0135364532470703 0.0312728881835938 -0.0761184692382813
0.0132570266723633 -0.0128984451293945 -0.00726127624511719 -0.02105712890625
-0.00514030456542969 -0.014256477355957 0.0235576629638672 0.0167064666748047
-0.0131454467773438 0.000498771667480469 0.0504684448242188 -0.00754547119140625
-0.00826263427734375 0.00983238220214844 0.0419082641601563 -0.0418128967285156
0.00155162811279297 0.0108833312988281 0.0125007629394531 -0.0680274963378906
0.00134420394897461 0.00503349304199219 -0.0236244201660156 -0.065093994140625
-0.000940799713134766 0.00339102745056152 -0.0283584594726562 -0.0527076721191406
-0.00185513496398926 0.00371623039245605 -0.0266380310058594 -0.045684814453125
-0.00213217735290527 -0.000661134719848633 -0.0141334533691406 -0.0439262390136719
-0.000862598419189453 -0.00669050216674805 -0.0118026733398437 -0.0400772094726562
0.005859375 -0.013300895690918 -0.00814056396484375 -0.0474433898925781
0.0202503204345703 -0.00278663635253906 0.00788497924804687 -0.0558815002441406
0.0287895202636719 0.0135402679443359 0.00455474853515625 -0.078155517578125
0.0244846343994141 0.0281276702880859 0.0140533447265625 -0.0976104736328125
0.0146827697753906 0.0534095764160156 0.0383872985839844 -0.0684051513671875
0.0201377868652344 0.0206947326660156 -0.00356769561767578 -0.0174436569213867
0.0222625732421875 0.00613212585449219 0.0276203155517578 0.0216045379638672
0.0135784149169922 -0.00185203552246094 0.0555496215820313 -0.00348281860351563
0.00988388061523438 -0.00769329071044922 0.048126220703125 -0.0397224426269531
0.00322914123535156 -0.0111942291259766 0.0146598815917969 -0.0663108825683594
-0.00675487518310547 -0.0170326232910156 -0.022674560546875 -0.062286376953125
-0.00618934631347656 -0.0213737487792969 -0.0258674621582031 -0.0478477478027344
-0.00813484191894531 -0.0209884643554688 -0.0267791748046875 -0.0407257080078125
0.00315475463867188 -0.0229320526123047 -0.01837158203125 -0.0374259948730469
0.0187778472900391 -0.0221309661865234 -0.0157318115234375 -0.0345897674560547
0.0346870422363281 -0.0121326446533203 -0.0138130187988281 -0.0458221435546875
0.0414810180664063 0.0249977111816406 0.00227737426757813 -0.0524177551269531
0.032012939453125 0.0476493835449219 0.000450134277343752 -0.0717315673828125
0.0131492614746094 0.0686836242675781 0.0110855102539063 -0.0850753784179687
0.000740051269531259 0.0858688354492187 0.0411186218261719 -0.0484771728515625
0.0208969116210938 0.0561332702636719 -0.00103759765625 -0.00600433349609375
0.047454833984375 0.0328750610351563 0.0297431945800781 0.0305938720703125
0.0426101684570313 0.0004425048828125 0.0586051940917969 0.00553131103515625
0.0313949584960938 -0.0230121612548828 0.0527229309082031 -0.0316314697265625
0.00777816772460938 -0.0330562591552734 0.0174942016601563 -0.0587501525878906
-0.011871337890625 -0.0372314453125 -0.0179824829101563 -0.0522804260253906
-0.0105972290039063 -0.0434417724609375 -0.0199775695800781 -0.0356483459472656
-0.0153732299804687 -0.0424728393554688 -0.0226097106933594 -0.0275363922119141
0.00406265258789062 -0.0424041748046875 -0.0212230682373047 -0.0227279663085938
0.0312232971191406 -0.0389595031738281 -0.0214195251464844 -0.0228843688964844
0.0569572448730469 -0.0172386169433594 -0.0223197937011719 -0.0396690368652344
0.0620994567871094 0.0420989990234375 -0.00510406494140625 -0.0467071533203125
0.03753662109375 0.0717849731445313 -0.00148773193359375 -0.0590972900390625
0.00447845458984375 0.0982742309570313 0.00550460815429688 -0.06134033203125
-0.0161666870117187 0.10516357421875 0.0372428894042969 -0.01904296875
0.0133743286132813 0.085174560546875 -0.000247955322265624 0.0134849548339844
0.0638923645019531 0.060089111328125 0.0277671813964844 0.0412635803222656
0.0675735473632813 0.00720977783203125 0.0562362670898438 0.0173263549804688
0.0523757934570313 -0.0324172973632813 0.0524635314941406 -0.0174980163574219
0.0141334533691406 -0.0501747131347656 0.0185928344726563 -0.0420684814453125
-0.0145263671875 -0.0525741577148438 -0.0107460021972656 -0.0349521636962891
-0.0131607055664062 -0.0590667724609375 -0.0109481811523437 -0.0178337097167969
-0.0213241577148438 -0.0568008422851563 -0.0152244567871094 -0.00895214080810547
0.00170516967773437 -0.0556373596191406 -0.0215282440185547 -0.0029144287109375
0.0359039306640625 -0.0522918701171875 -0.0251331329345703 -0.00760078430175781
0.0681724548339844 -0.0244636535644531 -0.029327392578125 -0.0294036865234375
0.0761489868164063 0.048431396484375 -0.011260986328125 -0.0387802124023438
0.041015625 0.0840682983398438 9.15527343750008E-05 -0.0434150695800781
-0.00323486328125 0.112876892089844 -0.000545501708984375 -0.0305042266845703
-0.0306015014648437 0.106002807617188 0.0263462066650391 0.0168113708496094
0.00154113769531251 0.0982894897460938 -0.00278854370117187 0.0367012023925781
0.06561279296875 0.0795059204101563 0.0214004516601563 0.0510025024414063
0.0789566040039063 0.0174331665039063 0.0463981628417969 0.0303459167480469
0.0651054382324219 -0.0336074829101563 0.045166015625 -0.000183105468750002
0.0200004577636719 -0.058563232421875 0.0173988342285156 -0.0195960998535156
-0.0141067504882813 -0.0591621398925781 -0.0026998519897461 -0.0128812789916992
-0.0140647888183594 -0.0653228759765625 -0.000780582427978516 0.00249242782592773
-0.0246429443359375 -0.0630569458007813 -0.00532436370849609 0.0116329193115234
-0.000602722167968756 -0.0603752136230469 -0.0174293518066406 0.0180816650390625
0.0348587036132813 -0.0571517944335938 -0.0256576538085937 0.00894355773925781
0.0692367553710938 -0.0272865295410156 -0.0331344604492188 -0.0170040130615234
0.0779037475585938 0.0492630004882813 -0.0144023895263672 -0.0301246643066406
0.0380172729492187 0.0853118896484375 0.00541305541992188 -0.0264492034912109
-0.0109634399414063 0.110954284667969 -0.00612115859985352 0.0019369125366211
-0.038787841796875 0.0877761840820313 0.0131759643554687 0.0509109497070313
-0.0120925903320313 0.0908737182617188 -0.00631332397460938 0.0584182739257813
0.0516586303710938 0.0827484130859375 0.0115547180175781 0.0564994812011719
0.0729598999023438 0.0245895385742188 0.0320091247558594 0.0402870178222656
0.0649070739746094 -0.0274772644042969 0.0330600738525391 0.0159664154052734
0.0221405029296875 -0.0562782287597656 0.0143566131591797 0.00344181060791015
-0.0119819641113281 -0.0564842224121094 0.00621128082275391 0.00986766815185547
-0.01318359375 -0.0615005493164063 0.00937271118164062 0.0215778350830078
-0.023681640625 -0.0601654052734375 0.00528907775878906 0.0312633514404297
-0.00190353393554687 -0.05682373046875 -0.0132560729980469 0.0368843078613281
0.0315475463867188 -0.0536689758300781 -0.0256309509277344 0.0223960876464844
0.0626144409179688 -0.0236701965332031 -0.0341262817382812 -0.00570487976074219
0.0677337646484375 0.0478515625 -0.0159130096435547 -0.0215187072753906
0.0266342163085938 0.078460693359375 0.0101003646850586 -0.0107030868530273
-0.019927978515625 0.09429931640625 -0.0128536224365234 0.0318431854248047
-0.0383834838867187 0.0540657043457031 -0.00063323974609376 0.0786972045898438
-0.0196876525878906 0.0649452209472656 -0.0091552734375 0.0745315551757813
0.029541015625 0.0671958923339844 0.00263214111328125 0.0567855834960938
0.0523300170898438 0.0246391296386719 0.0172195434570313 0.0442161560058594
0.0508460998535156 -0.0175361633300781 0.0195178985595703 0.0279083251953125
0.0185203552246094 -0.0434303283691406 0.0104408264160156 0.023895263671875
-0.00810241699218751 -0.0438690185546875 0.0143814086914063 0.0295753479003906
-0.0102348327636719 -0.0483894348144531 0.0189704895019531 0.0370635986328125
-0.0181732177734375 -0.0489616394042969 0.0145759582519531 0.0469398498535156
-0.00133514404296875 -0.0461387634277344 -0.00873947143554688 0.0530357360839844
0.0265235900878906 -0.0431556701660156 -0.0266590118408203 0.0335712432861328
0.0509452819824219 -0.0155525207519531 -0.0361709594726562 0.00364303588867188
0.0495796203613281 0.0435142517089844 -0.0180168151855469 -0.0155353546142578
0.0104217529296875 0.0642433166503906 0.0122261047363281 0.00211811065673828
-0.0275497436523437 0.06549072265625 -0.0210723876953125 0.0540580749511719
-0.031646728515625 0.0110893249511719 -0.00845336914062501 0.09222412109375
-0.0228710174560547 0.02813720703125 -0.0090179443359375 0.081878662109375
0.00582504272460938 0.0381736755371094 -0.0031890869140625 0.0542068481445313
0.0239925384521484 0.01776123046875 0.00828170776367188 0.0459632873535156
0.0272426605224609 -0.00668907165527344 0.0103607177734375 0.0348186492919922
0.0114288330078125 -0.0244083404541016 0.00974655151367187 0.0363845825195313
-0.00421333312988281 -0.0244808197021484 0.0217628479003906 0.0421066284179687
-0.00614356994628906 -0.0285110473632812 0.0252265930175781 0.0473365783691406
-0.0112133026123047 -0.0315322875976563 0.0202751159667969 0.0585746765136719
-0.000169754028320315 -0.0304794311523438 -0.00767135620117187 0.0629768371582031
0.0194721221923828 -0.0289134979248047 -0.0297164916992188 0.0411453247070313
0.0346469879150391 -0.00746536254882812 -0.0388946533203125 0.00992584228515626
0.0285930633544922 0.0347137451171875 -0.0217094421386719 -0.0127754211425781
-0.00546646118164063 0.0433921813964844 0.00971412658691406 0.0105152130126953
-0.0316925048828125 0.0291328430175781 -0.0320587158203125 0.0677986145019531
0.0235977172851563 0.0132598876953125 0.0283203125 -0.0764389038085938
0.0127706527709961 -0.0135326385498047 -0.00846099853515625 -0.0202388763427734
-0.00552558898925781 -0.0143814086914063 0.0238151550292969 0.0159282684326172
-0.0128822326660156 0.00111770629882813 0.05010986328125 -0.00931167602539063
-0.007843017578125 0.0101556777954102 0.0405120849609375 -0.0434150695800781
0.001861572265625 0.0106601715087891 0.00921630859375001 -0.0682144165039063
0.00128173828125 0.0048518180847168 -0.0267333984375 -0.06390380859375
-0.00101161003112793 0.00326251983642578 -0.0312004089355469 -0.0512924194335937
-0.00182008743286133 0.00376200675964356 -0.0291862487792969 -0.044219970703125
-0.0019233226776123 -0.000867247581481934 -0.0167655944824219 -0.0439376831054688
-0.00101232528686523 -0.00671482086181641 -0.013458251953125 -0.0399093627929688
0.00531482696533203 -0.0136384963989258 -0.00974655151367187 -0.0467491149902344
0.0206584930419922 -0.00330543518066406 0.00606155395507813 -0.0559005737304688
0.0291824340820313 0.0122432708740234 0.00152587890625001 -0.0777053833007813
0.0254592895507812 0.0271205902099609 0.0103607177734375 -0.0979461669921875
0.0168800354003906 0.0533065795898438 0.0355606079101563 -0.0684547424316406
0.0215339660644531 0.02008056640625 -0.00486469268798828 -0.0165996551513672
0.0228652954101562 0.00485801696777344 0.0277481079101563 0.0205802917480469
0.0138788223266602 -0.00196456909179687 0.0556907653808594 -0.00529098510742188
0.00943660736083984 -0.00846385955810547 0.0468788146972656 -0.0415802001953125
0.00269031524658203 -0.0110044479370117 0.0118598937988281 -0.0675125122070313
-0.00811290740966797 -0.0165576934814453 -0.0255889892578125 -0.0615348815917969
-0.00739669799804687 -0.0216541290283203 -0.0284309387207031 -0.0468215942382813
-0.00925445556640625 -0.0204658508300781 -0.0291061401367188 -0.03985595703125
0.00236129760742187 -0.0232620239257813 -0.0201301574707031 -0.0369949340820313
0.0179290771484375 -0.0231475830078125 -0.0172824859619141 -0.0345115661621094
0.0345745086669922 -0.01385498046875 -0.0156936645507813 -0.0451011657714844
0.0429000854492187 0.023223876953125 -3.05175781249927E-05 -0.0519943237304688
0.0336532592773438 0.0463218688964844 -0.00233459472656249 -0.0710906982421875
0.0165367126464844 0.0681495666503906 0.0077972412109375 -0.08544921875
0.0042724609375 0.0864181518554688 0.0389366149902344 -0.0495758056640625
0.0233917236328125 0.0552406311035156 -0.00196695327758789 -0.00529432296752929
0.0494537353515625 0.0299530029296875 0.0300712585449219 0.0296039581298828
0.0427207946777344 -0.001373291015625 0.058807373046875 0.00359344482421875
0.0304298400878906 -0.0250320434570312 0.0519485473632813 -0.03375244140625
0.00623321533203125 -0.0333366394042969 0.0151176452636719 -0.0591812133789063
-0.0141563415527344 -0.0367355346679688 -0.02020263671875 -0.0508537292480469
-0.0129165649414062 -0.0433998107910156 -0.0220451354980469 -0.0346393585205078
-0.01690673828125 -0.041748046875 -0.0245418548583984 -0.0265159606933594
0.00225067138671875 -0.0427055358886719 -0.0228614807128906 -0.0220699310302734
0.0293846130371094 -0.0401344299316406 -0.0223617553710937 -0.0230159759521484
0.0564079284667969 -0.0201148986816406 -0.0245513916015625 -0.0387115478515625
0.0647735595703125 0.0389633178710937 -0.00671386718749999 -0.0465126037597656
0.0407066345214844 0.0702552795410156 -0.00402069091796875 -0.0584831237792969
0.00888824462890626 0.0979156494140625 0.002593994140625 -0.0614700317382813
-0.01177978515625 0.105796813964844 0.0359230041503906 -0.0197486877441406
0.0172195434570313 0.084686279296875 -0.00115299224853516 0.014033317565918
0.0673942565917969 0.0566024780273438 0.0286788940429688 0.0401649475097656
0.0678291320800781 0.00447463989257813 0.0565528869628906 0.015533447265625
0.0504150390625 -0.0354194641113281 0.0526161193847656 -0.0193023681640625
0.0118484497070312 -0.0511207580566406 0.0172462463378906 -0.0427169799804688
-0.0169181823730469 -0.0514793395996094 -0.0122146606445313 -0.0342273712158203
-0.0166053771972656 -0.0584640502929687 -0.012171745300293 -0.0172567367553711
-0.0240020751953125 -0.0556373596191406 -0.01617431640625 -0.00849533081054688
-0.000640869140625002 -0.0557403564453125 -0.0214786529541016 -0.00253105163574219
0.0333938598632813 -0.0539398193359375 -0.0254745483398437 -0.00695800781250001
0.0671348571777344 -0.0277061462402344 -0.0311985015869141 -0.028350830078125
0.0791549682617188 0.0445709228515625 -0.0124473571777344 -0.0385398864746094
0.045379638671875 0.0820465087890625 -0.00154495239257812 -0.0432167053222656
0.00154113769531249 0.113166809082031 -0.00176048278808594 -0.0305042266845703
-0.026153564453125 0.107398986816406 0.02655029296875 0.0166492462158203
0.0056304931640625 0.0984878540039063 -0.00175857543945312 0.0371513366699219
0.0691680908203125 0.075836181640625 0.0220870971679688 0.0498466491699219
0.0801239013671875 0.013885498046875 0.0470504760742188 0.0291519165039063
0.0639305114746094 -0.036834716796875 0.0455780029296875 -0.00159072875976563
0.016998291015625 -0.0594863891601563 0.0172252655029297 -0.0203685760498047
-0.0165977478027344 -0.0584754943847656 -0.002349853515625 -0.0124273300170898
-0.0179100036621094 -0.0648117065429688 -0.000147342681884767 0.00245499610900878
-0.0275421142578125 -0.0617141723632813 -0.00495338439941407 0.0116786956787109
-0.00374221801757812 -0.060089111328125 -0.0164680480957031 0.0185871124267578
0.0323905944824219 -0.0590019226074219 -0.025543212890625 0.00893211364746093
0.068145751953125 -0.0305290222167969 -0.0342597961425781 -0.0159015655517578
0.080169677734375 0.0455398559570313 -0.014984130859375 -0.0296516418457031
0.0416336059570313 0.0838775634765625 0.00449371337890625 -0.0270767211914062
-0.0061187744140625 0.111373901367187 -0.00651741027832031 0.00204467773437501
-0.035400390625 0.089813232421875 0.0144691467285156 0.0512504577636719
-0.00798034667968751 0.0914688110351563 -0.00487899780273438 0.0586662292480469
0.0557022094726563 0.080230712890625 0.0125999450683594 0.0562286376953125
0.0738449096679688 0.0215911865234375 0.0332069396972656 0.0392303466796875
0.0636672973632813 -0.0306167602539063 0.0338211059570313 0.0153312683105469
0.0194778442382812 -0.0567779541015625 0.0152101516723633 0.00364494323730468
-0.0144157409667969 -0.0554313659667969 0.00727176666259766 0.0098733901977539
-0.0169219970703125 -0.06121826171875 0.0107765197753906 0.0204753875732422
-0.0261344909667969 -0.0585479736328125 0.00675773620605469 0.0305271148681641
-0.00428009033203125 -0.0564384460449219 -0.0108909606933594 0.0374717712402344
0.0289878845214844 -0.0549545288085938 -0.0251598358154297 0.0229454040527344
0.0615768432617187 -0.0263481140136719 -0.0351600646972656 -0.00440216064453126
0.0700569152832031 0.0444145202636719 -0.0166206359863281 -0.0210514068603516
0.02984619140625 0.0772705078125 0.00954437255859375 -0.0120134353637695
-0.0152587890625 0.0950241088867188 -0.0117759704589844 0.0319290161132813
-0.0360107421875 0.0556983947753906 0.00160217285156251 0.0792770385742187
-0.0170478820800781 0.0656776428222656 -0.00708770751953125 0.0746994018554688
0.0330810546875 0.0653724670410156 0.00389862060546875 0.0566062927246094
0.0535125732421875 0.0225486755371094 0.0191268920898438 0.0439796447753906
0.0497283935546875 -0.0196495056152344 0.0206775665283203 0.0278377532958984
0.0164031982421875 -0.0443496704101563 0.0125350952148438 0.0241336822509766
-0.0103225708007812 -0.0430374145507812 0.0167045593261719 0.0291862487792969
-0.0129814147949219 -0.0481185913085937 0.0209732055664062 0.03564453125
-0.0211563110351563 -0.0480613708496094 0.0167655944824219 0.0456085205078125
-0.00300216674804688 -0.0454559326171875 -0.006256103515625 0.0527191162109375
0.0245437622070313 -0.0443801879882813 -0.0258903503417969 0.0342254638671875
0.0497360229492188 -0.0180091857910156 -0.0364227294921875 0.00518417358398437
0.0522575378417969 0.0411872863769531 -0.0186100006103516 -0.0155658721923828
0.0131797790527344 0.063446044921875 0.0127124786376953 0.000736236572265629
-0.024658203125 0.0666389465332031 -0.019439697265625 0.054443359375
-0.0310096740722656 0.0120868682861328 -0.00579833984375001 0.0931243896484375
-0.0218791961669922 0.0286655426025391 -0.00605010986328125 0.0818634033203125
0.0076141357421875 0.037567138671875 -0.001800537109375 0.0541191101074219
0.0244770050048828 0.0166873931884766 0.00970458984375001 0.0458755493164063
0.0269966125488281 -0.0076446533203125 0.0118808746337891 0.0349407196044922
0.0100135803222656 -0.0250606536865234 0.0119857788085937 0.0367965698242188
-0.00518798828125 -0.0242862701416016 0.0240020751953125 0.0409698486328125
-0.00737953186035157 -0.0283718109130859 0.0278663635253906 0.0456581115722656
-0.0128765106201172 -0.0310287475585938 0.0233802795410156 0.0565872192382813
-0.00121116638183594 -0.0304584503173828 -0.0042572021484375 0.0628776550292969
0.0178108215332031 -0.0294513702392578 -0.0286903381347656 0.042449951171875
0.0342350006103516 -0.00865364074707031 -0.0386199951171875 0.01123046875
0.0300979614257813 0.0333347320556641 -0.0219688415527344 -0.0125293731689453
-0.0034637451171875 0.0436935424804688 0.0105485916137695 0.00901031494140625
-0.0303230285644531 0.0300617218017578 -0.0296630859375 0.0680351257324219
0.0234451293945313 0.0132064819335938 0.026336669921875 -0.0754776000976563
0.0122232437133789 -0.014002799987793 -0.00902175903320313 -0.019317626953125
-0.00532245635986328 -0.0146589279174805 0.0235824584960938 0.0156135559082031
-0.0123691558837891 0.00142478942871094 0.0492095947265625 -0.00967025756835938
-0.00757884979248047 0.00990104675292969 0.0394859313964844 -0.0434799194335938
0.00204849243164063 0.0100011825561523 0.0075225830078125 -0.0683441162109375
0.000992298126220703 0.00452709197998047 -0.0287246704101563 -0.0623435974121094
-0.00113129615783691 0.00295495986938477 -0.0330047607421875 -0.0496292114257813
-0.00175809860229492 0.00304961204528809 -0.0303306579589844 -0.042938232421875
-0.00164604187011719 -0.00123775005340576 -0.0177001953125 -0.0435714721679688
-0.00141286849975586 -0.00694561004638672 -0.0139312744140625 -0.0397415161132812
0.00525283813476563 -0.0131492614746094 -0.0100479125976562 -0.0458030700683594
0.0206947326660156 -0.00407600402832031 0.00541687011718751 -0.0549964904785156
0.0292415618896484 0.0113410949707031 0.000366210937499995 -0.076690673828125
0.025543212890625 0.0267429351806641 0.00849914550781249 -0.097198486328125
0.0183067321777344 0.0525550842285156 0.0334625244140625 -0.0682182312011719
0.0219135284423828 0.0193729400634766 -0.00576496124267578 -0.0156612396240234
0.0227546691894531 0.00360679626464844 0.0272598266601563 0.0201492309570313
0.0136013031005859 -0.00270938873291016 0.0548095703125 -0.00588607788085938
0.00900363922119141 -0.00871658325195313 0.0460968017578125 -0.042205810546875
0.00226974487304687 -0.0115289688110352 0.010345458984375 -0.0674209594726563
-0.00802326202392578 -0.0164222717285156 -0.0275611877441406 -0.0597915649414063
-0.00843048095703125 -0.0214385986328125 -0.0302543640136719 -0.0453605651855469
-0.00984001159667969 -0.0202770233154297 -0.0302276611328125 -0.0384407043457031
0.00194931030273437 -0.0231227874755859 -0.0213623046875 -0.0366668701171875
0.0175724029541016 -0.0238304138183594 -0.0178680419921875 -0.0344200134277344
0.0337600708007813 -0.0145034790039063 -0.0166969299316406 -0.0443611145019531
0.0436744689941406 0.0223388671875 9.15527343750023E-05 -0.0514602661132812
0.0344772338867187 0.0456161499023438 -0.00374221801757812 -0.0698699951171875
0.0172386169433594 0.0672569274902344 0.00635528564453125 -0.08465576171875
0.006317138671875 0.085540771484375 0.0372734069824219 -0.0490455627441406
0.0248031616210938 0.0543594360351562 -0.00291919708251953 -0.00391268730163574
0.0502128601074219 0.0281257629394531 0.0297012329101563 0.0289268493652344
0.042205810546875 -0.0027923583984375 0.0582008361816406 0.002532958984375
0.0293731689453125 -0.0253429412841797 0.0510444641113281 -0.0344352722167969
0.00555610656738281 -0.0333251953125 0.0141830444335937 -0.0590095520019531
-0.0147476196289063 -0.0360183715820313 -0.0211524963378906 -0.0500068664550781
-0.0146293640136719 -0.0428314208984375 -0.0228557586669922 -0.0337562561035156
-0.0184097290039063 -0.0408401489257813 -0.0254135131835937 -0.0255546569824219
0.00129318237304687 -0.0425033569335938 -0.0227756500244141 -0.02191162109375
0.0282783508300781 -0.0410041809082031 -0.0228652954101563 -0.0226192474365234
0.0551719665527344 -0.0210952758789063 -0.02545166015625 -0.038116455078125
0.065643310546875 0.0369491577148438 -0.00716400146484375 -0.0459785461425781
0.0418968200683594 0.0689659118652344 -0.00510787963867188 -0.057861328125
0.0108718872070312 0.09735107421875 0.0011444091796875 -0.0607109069824219
-0.00932312011718749 0.105804443359375 0.0346336364746094 -0.0192966461181641
0.0195083618164063 0.0834503173828125 -0.00147628784179688 0.0145454406738281
0.0682334899902344 0.0541458129882813 0.0277137756347656 0.0394744873046875
0.0672492980957031 0.00278854370117188 0.0560760498046875 0.0148124694824219
0.0492668151855469 -0.0364303588867188 0.0517539978027344 -0.0202865600585938
0.0105552673339844 -0.0504608154296875 0.0167579650878906 -0.0425872802734375
-0.017974853515625 -0.0509681701660156 -0.0123805999755859 -0.0333805084228516
-0.0190391540527344 -0.0575904846191406 -0.0126733779907227 -0.0173473358154297
-0.0258636474609375 -0.0543785095214844 -0.0168485641479492 -0.00828361511230469
-0.00189590454101563 -0.0551719665527344 -0.0210590362548828 -0.00189018249511719
0.0315704345703125 -0.0540237426757813 -0.0254535675048828 -0.00706863403320313
0.06591796875 -0.0293655395507813 -0.0320110321044922 -0.0272617340087891
0.079833984375 0.0421600341796875 -0.0127296447753906 -0.0382156372070313
0.0466995239257813 0.0806808471679687 -0.00247573852539062 -0.0431289672851562
0.00460052490234376 0.112052917480469 -0.00286102294921875 -0.0304660797119141
-0.0235595703125 0.107444763183594 0.0260410308837891 0.0170383453369141
0.00829315185546875 0.0973663330078125 -0.00234222412109375 0.0374488830566406
0.0712738037109375 0.0732421875 0.0218315124511719 0.0490760803222656
0.0791778564453125 0.011962890625 0.0469436645507813 0.0281257629394531
0.0621452331542969 -0.0382843017578125 0.0457115173339844 -0.00235366821289063
0.0159492492675781 -0.0594024658203125 0.0173931121826172 -0.0202617645263672
-0.017822265625 -0.0574302673339844 -0.0023336410522461 -0.0115861892700195
-0.0205802917480469 -0.0640068054199219 -0.000298380851745607 0.00192570686340332
-0.0292015075683594 -0.0603752136230469 -0.00470924377441406 0.0112876892089844
-0.00511932373046875 -0.0590744018554688 -0.0154285430908203 0.0187759399414062
0.0303497314453125 -0.0587730407714844 -0.0255203247070312 0.00923919677734375
0.0669021606445312 -0.0318374633789062 -0.034881591796875 -0.0144271850585937
0.0809783935546875 0.0424728393554687 -0.0153732299804688 -0.0294265747070312
0.0434112548828125 0.0821075439453125 0.00398826599121094 -0.0271205902099609
-0.00298309326171874 0.110824584960938 -0.00630378723144531 0.00187253952026368
-0.0326995849609375 0.0897598266601563 0.0146064758300781 0.0509452819824219
-0.00551605224609374 0.0907974243164063 -0.0044403076171875 0.0582733154296875
0.0576095581054688 0.0773696899414063 0.0127487182617188 0.0551567077636719
0.073516845703125 0.01983642578125 0.0335311889648438 0.0382156372070313
0.0625190734863281 -0.0319938659667969 0.0343780517578125 0.0152835845947266
0.0178565979003906 -0.0570793151855469 0.0159406661987305 0.00344467163085937
-0.0153427124023438 -0.0547599792480469 0.00804615020751953 0.00988292694091797
-0.0187301635742188 -0.0603179931640625 0.0115680694580078 0.0197162628173828
-0.0277557373046875 -0.0568084716796875 0.00720596313476562 0.0296745300292969
-0.00575256347656249 -0.0553436279296875 -0.0094451904296875 0.0369873046875
0.0274543762207031 -0.0550003051757813 -0.0248508453369141 0.0229358673095703
0.0603294372558594 -0.0275993347167969 -0.0356674194335937 -0.00363922119140625
0.0708236694335937 0.041961669921875 -0.0164909362792969 -0.02093505859375
0.0313491821289063 0.0758514404296875 0.0093832015991211 -0.0123414993286133
-0.0128707885742188 0.0941696166992188 -0.0114078521728516 0.0313224792480469
-0.0352249145507812 0.0560035705566406 0.00346374511718749 0.0784072875976563
-0.0154342651367188 0.0650672912597656 -0.00623321533203126 0.0743560791015625
0.0338897705078125 0.063262939453125 0.0040130615234375 0.0559539794921875
0.0533294677734375 0.0215415954589844 0.0191230773925781 0.0438308715820313
0.0490913391113281 -0.0207290649414063 0.0213699340820313 0.0278167724609375
0.0153083801269531 -0.0447463989257812 0.0136394500732422 0.0239391326904297
-0.01092529296875 -0.0427093505859375 0.0175495147705078 0.0285243988037109
-0.0143508911132812 -0.0475006103515625 0.0225048065185547 0.0340652465820313
-0.0223846435546875 -0.0462455749511719 0.0180320739746094 0.0444183349609375
-0.00392913818359375 -0.0448799133300781 -0.0044403076171875 0.0521163940429688
0.0231781005859375 -0.0438690185546875 -0.025543212890625 0.0344982147216797
0.0492935180664063 -0.0188255310058594 -0.0366249084472656 0.00571823120117187
0.0525169372558594 0.0390357971191406 -0.0177249908447266 -0.0158672332763672
0.0148277282714844 0.0627479553222656 0.0126008987426758 -0.000478744506835934
-0.0230369567871094 0.0665283203125 -0.018157958984375 0.0538406372070313
-0.0305004119873047 0.0129299163818359 -0.0039215087890625 0.092254638671875
-0.0207443237304688 0.0287723541259766 -0.0048065185546875 0.0806045532226563
0.00845718383789063 0.03662109375 -0.00125885009765626 0.0537185668945313
0.0249137878417969 0.0162944793701172 0.010406494140625 0.0454177856445313
0.0263481140136719 -0.00815582275390625 0.0125808715820313 0.0347747802734375
0.00971412658691407 -0.0252742767333984 0.0133476257324219 0.036773681640625
-0.00572586059570312 -0.0235595703125 0.0253982543945313 0.0401191711425781
-0.0082855224609375 -0.0277423858642578 0.0291671752929688 0.0437774658203125
-0.0135078430175781 -0.0300559997558594 0.0248985290527344 0.0553970336914063
-0.00203704833984375 -0.0298385620117187 -0.00235748291015625 0.0620384216308594
0.0169448852539063 -0.0291709899902344 -0.0274810791015625 0.0420379638671875
0.0335140228271484 -0.00948715209960937 -0.0380058288574219 0.0115623474121094
0.0305519104003906 0.0316028594970703 -0.0217742919921875 -0.0123958587646484
-0.00272369384765625 0.0429039001464844 0.0103273391723633 0.00789070129394532
-0.029327392578125 0.0300064086914063 -0.0283355712890625 0.0674285888671875
0.02386474609375 0.0134677886962891 0.0265655517578125 -0.0754165649414063
0.0124797821044922 -0.0139074325561523 -0.00957107543945313 -0.0185585021972656
-0.00606727600097656 -0.014495849609375 0.0235309600830078 0.0160598754882813
-0.0125999450683594 0.00134086608886719 0.0492782592773438 -0.009185791015625
-0.00736522674560547 0.0102691650390625 0.0398635864257813 -0.0436973571777344
0.00212001800537109 0.0103263854980469 0.00765991210937501 -0.0689964294433594
0.000776052474975586 0.00429964065551758 -0.0292816162109375 -0.0620689392089844
-0.00103616714477539 0.00271129608154297 -0.0339317321777344 -0.0488319396972656
-0.00177526473999023 0.00317931175231934 -0.0309524536132812 -0.0425758361816406
-0.001930832862854 -0.00172162055969238 -0.0187492370605469 -0.0440864562988281
-0.00124454498291016 -0.00704383850097656 -0.0144805908203125 -0.0403823852539063
0.00491046905517578 -0.0132846832275391 -0.0101280212402344 -0.0463829040527344
0.0211544036865234 -0.00407791137695313 0.00648880004882813 -0.0548896789550781
0.0294151306152344 0.0111942291259766 0.000503540039062495 -0.0764007568359375
0.0255012512207031 0.0268707275390625 0.00934600830078125 -0.0970001220703125
0.0184707641601563 0.0530929565429687 0.0331649780273437 -0.0675315856933594
0.0219364166259766 0.0193710327148438 -0.00617313385009765 -0.0148324966430664
0.0232734680175781 0.00356292724609375 0.0273780822753906 0.0209560394287109
0.0138578414916992 -0.00291156768798828 0.0550155639648437 -0.00546646118164062
0.00899982452392578 -0.00884342193603516 0.0465850830078125 -0.0423088073730469
0.00213527679443359 -0.0113639831542969 0.0107002258300781 -0.0674247741699219
-0.00806999206542969 -0.0163698196411133 -0.0275459289550781 -0.0593338012695313
-0.00888442993164063 -0.0214405059814453 -0.0311393737792969 -0.0448760986328125
-0.0100135803222656 -0.0205593109130859 -0.0311660766601563 -0.0377235412597656
0.00195693969726562 -0.023468017578125 -0.0219230651855469 -0.0371742248535156
0.0174789428710938 -0.0240345001220703 -0.0183315277099609 -0.0349540710449219
0.0339012145996094 -0.0147495269775391 -0.0165557861328125 -0.0442886352539063
0.0445327758789063 0.0217781066894531 0.000488281250000002 -0.0512657165527344
0.034454345703125 0.0452537536621094 -0.00339889526367187 -0.0697135925292969
0.0175857543945313 0.0675697326660156 0.00641632080078126 -0.0847320556640625
0.006561279296875 0.0861129760742188 0.0365638732910156 -0.0480232238769531
0.0250167846679687 0.0544700622558594 -0.00357246398925781 -0.00308060646057129
0.0503883361816406 0.0276565551757813 0.0289478302001953 0.0291957855224609
0.0423812866210938 -0.00278472900390625 0.0578460693359375 0.00323486328125
0.028900146484375 -0.0259876251220703 0.051849365234375 -0.0345039367675781
0.00535011291503906 -0.0332851409912109 0.0142440795898438 -0.0594482421875
-0.0148468017578125 -0.03594970703125 -0.0216522216796875 -0.0495758056640625
-0.0154495239257812 -0.0427513122558594 -0.0234947204589844 -0.0337257385253906
-0.0189628601074219 -0.0406837463378906 -0.0262966156005859 -0.0251674652099609
0.00137710571289062 -0.0426101684570313 -0.0233192443847656 -0.0217456817626953
0.0284767150878906 -0.0411643981933594 -0.0232448577880859 -0.0230674743652344
0.0557518005371094 -0.0219993591308594 -0.0259284973144531 -0.037750244140625
0.0664901733398438 0.03643798828125 -0.00619506835937499 -0.0461082458496094
0.0419273376464844 0.0689239501953125 -0.00503158569335937 -0.0581855773925781
0.011444091796875 0.0971298217773438 0.00197219848632813 -0.061004638671875
-0.00894165039062501 0.106163024902344 0.0342769622802734 -0.0180130004882812
0.0201950073242188 0.0839080810546875 -0.00258445739746094 0.0152482986450195
0.0690574645996094 0.0531272888183594 0.02728271484375 0.0399017333984375
0.0673141479492188 0.00270843505859375 0.055908203125 0.0156745910644531
0.0489349365234375 -0.036865234375 0.0526580810546875 -0.0202674865722656
0.0103836059570313 -0.0503616333007813 0.0171279907226562 -0.0427322387695313
-0.0181465148925781 -0.0505332946777344 -0.0123920440673828 -0.0329036712646484
-0.0197830200195313 -0.0575370788574219 -0.0130910873413086 -0.0173044204711914
-0.0263595581054688 -0.0542488098144531 -0.0172195434570312 -0.00809574127197266
-0.00202941894531249 -0.0545921325683594 -0.0209465026855469 -0.00220298767089844
0.0317611694335938 -0.0543785095214844 -0.0261325836181641 -0.00726509094238281
0.0657997131347656 -0.0299110412597656 -0.0326290130615234 -0.0267906188964844
0.0807571411132812 0.0413589477539062 -0.0122451782226562 -0.0383796691894531
0.047271728515625 0.0806350708007813 -0.00235748291015625 -0.0431938171386719
0.00476837158203125 0.1123046875 -0.00306129455566406 -0.0302009582519531
-0.0234603881835938 0.107795715332031 0.0255451202392578 0.0179672241210938
0.00864410400390624 0.0972824096679688 -0.00299835205078125 0.0381660461425781
0.071929931640625 0.0724716186523437 0.0208587646484375 0.0496139526367188
0.0794677734375 0.01141357421875 0.04638671875 0.0281753540039063
0.0621490478515625 -0.0389633178710938 0.0462875366210938 -0.00201416015625
0.0156784057617187 -0.0591621398925781 0.0178909301757813 -0.0199089050292969
-0.0178413391113281 -0.0573158264160156 -0.00171089172363281 -0.0115594863891602
-0.0209884643554688 -0.0638580322265625 -0.000408172607421876 0.00201213359832763
-0.0303573608398437 -0.0595207214355469 -0.00501251220703125 0.011322021484375
-0.00505828857421875 -0.0588493347167969 -0.0153427124023438 0.0185966491699219
0.0303802490234375 -0.0592002868652344 -0.0256118774414063 0.00845527648925781
0.0665130615234375 -0.032135009765625 -0.0359458923339844 -0.0145683288574219
0.081787109375 0.0420150756835938 -0.0149497985839844 -0.0298042297363281
0.0434646606445313 0.0820083618164062 0.00375556945800782 -0.0277690887451172
-0.00279998779296875 0.110687255859375 -0.00650405883789063 0.0016465187072754
-0.0323562622070313 0.090087890625 0.0144920349121094 0.0516395568847656
-0.00519561767578125 0.0905685424804687 -0.00513839721679688 0.0588493347167969
0.0580902099609375 0.0764389038085937 0.011566162109375 0.0549964904785156
0.0740890502929688 0.0198287963867188 0.0325736999511719 0.038726806640625
0.0626068115234375 -0.0322990417480469 0.0345916748046875 0.0157108306884766
0.0177459716796875 -0.0570144653320313 0.0165557861328125 0.00415325164794922
-0.0154838562011719 -0.0543441772460938 0.00890064239501953 0.0100784301757812
-0.0195846557617187 -0.0603485107421875 0.0118885040283203 0.0195999145507812
-0.0286521911621094 -0.0564155578613281 0.00749397277832031 0.0289249420166016
-0.00583267211914062 -0.0550270080566406 -0.00919342041015625 0.0368690490722656
0.0270538330078125 -0.0551719665527344 -0.0253639221191406 0.0228404998779297
0.0603599548339844 -0.0277023315429688 -0.0358924865722656 -0.00308990478515625
0.0712127685546875 0.0411376953125 -0.0160274505615234 -0.0216712951660156
0.0314178466796875 0.07586669921875 0.00954055786132813 -0.013148307800293
-0.0124893188476563 0.0942306518554688 -0.0115242004394531 0.0308609008789063
-0.0349082946777344 0.056365966796875 0.0025177001953125 0.0793914794921875
-0.0147628784179688 0.0645942687988281 -0.0061798095703125 0.0742874145507813
0.0346107482910156 0.0626602172851563 0.00275802612304688 0.0559577941894531
0.0533828735351563 0.02130126953125 0.0185089111328125 0.0437126159667969
0.0486602783203125 -0.0211219787597656 0.0217227935791016 0.0281906127929688
0.015411376953125 -0.0444450378417969 0.0143604278564453 0.0248069763183594
-0.0109100341796875 -0.042144775390625 0.0190353393554688 0.0283794403076172
-0.01513671875 -0.0474205017089844 0.0224285125732422 0.0341949462890625
-0.0227241516113281 -0.0462722778320312 0.0179557800292969 0.0437049865722656
-0.00407791137695312 -0.0445327758789063 -0.00362777709960937 0.0517387390136719
0.0231399536132813 -0.0442924499511719 -0.0255470275878906 0.0343818664550781
0.0486335754394531 -0.0191917419433594 -0.0368194580078125 0.00559616088867187
0.0528602600097656 0.0388565063476563 -0.0181427001953125 -0.0159759521484375
0.0146942138671875 0.0624160766601563 0.0126304626464844 -0.00153160095214843
-0.0226631164550781 0.0661659240722656 -0.0189628601074219 0.0534934997558594
-0.0306606292724609 0.0128078460693359 -0.00455474853515625 0.0931625366210938
-0.0208148956298828 0.0283184051513672 -0.00502777099609376 0.0806121826171875
0.00885009765625 0.0363540649414063 -0.00172805786132813 0.0533218383789063
0.0247001647949219 0.0161018371582031 0.00939941406250001 0.045440673828125
0.0262050628662109 -0.00839042663574219 0.01226806640625 0.0354537963867188
0.00929069519042969 -0.0249080657958984 0.0142631530761719 0.0376396179199219
-0.00551033020019531 -0.0235099792480469 0.0264091491699219 0.0399665832519531
-0.008819580078125 -0.0273246765136719 0.0297393798828125 0.0431251525878906
-0.0139656066894531 -0.0292911529541016 0.0256500244140625 0.0547828674316406
-0.00151252746582032 -0.0300064086914063 -0.00159835815429687 0.0621719360351563
0.016998291015625 -0.0292530059814453 -0.0282630920410156 0.0424308776855469
0.0333175659179688 -0.00918769836425781 -0.0382881164550781 0.0112075805664062
0.0305957794189453 0.0315017700195313 -0.0216312408447266 -0.0129795074462891
-0.00219345092773437 0.0427589416503906 0.0105037689208984 0.00720310211181641
-0.0292739868164062 0.0292816162109375 -0.0286903381347656 0.0672187805175781
0.0247936248779297 0.0140399932861328 0.027862548828125 -0.0765228271484375
0.0124273300170898 -0.013763427734375 -0.0098419189453125 -0.0184535980224609
-0.00580120086669922 -0.0145235061645508 0.0235786437988281 0.0168399810791016
-0.0121059417724609 0.000814437866210937 0.0509529113769531 -0.00898361206054688
-0.00743579864501953 0.0103292465209961 0.0416526794433594 -0.0447273254394531
0.00205135345458984 0.0102825164794922 0.00785827636718751 -0.0707244873046875
0.000944614410400391 0.00445461273193359 -0.0306243896484375 -0.0633316040039063
-0.00157952308654785 0.00286078453063965 -0.035003662109375 -0.0497970581054687
-0.00167512893676758 0.00275540351867676 -0.0321083068847656 -0.0436286926269531
-0.00191402435302734 -0.00187242031097412 -0.0192070007324219 -0.0456390380859375
-0.00132226943969727 -0.00783777236938477 -0.0145912170410156 -0.0416641235351562
0.00515842437744141 -0.0135927200317383 -0.00953292846679688 -0.0472183227539063
0.0220623016357422 -0.0040130615234375 0.0078887939453125 -0.0556755065917969
0.0298519134521484 0.0116138458251953 0.00138092041015625 -0.0769577026367188
0.0256023406982422 0.0278568267822266 0.0106353759765625 -0.0985641479492188
0.0186767578125 0.0547332763671875 0.034271240234375 -0.0681571960449219
0.0226097106933594 0.0201835632324219 -0.00681304931640625 -0.0141334533691406
0.0241985321044922 0.00343132019042969 0.0276165008544922 0.0221900939941406
0.0145025253295898 -0.00274562835693359 0.0560379028320312 -0.0047454833984375
0.00887775421142578 -0.00893402099609375 0.0482978820800781 -0.0431327819824219
0.00203990936279297 -0.0115556716918945 0.0111351013183594 -0.0697364807128906
-0.00874519348144531 -0.0164680480957031 -0.0283050537109375 -0.0605888366699219
-0.00940895080566406 -0.0218982696533203 -0.0324668884277344 -0.0453834533691406
-0.0102920532226563 -0.0211086273193359 -0.0322685241699219 -0.0385932922363281
0.00221824645996093 -0.0241546630859375 -0.0229568481445312 -0.038543701171875
0.0177364349365234 -0.0246162414550781 -0.0186233520507812 -0.0363388061523438
0.0345554351806641 -0.0149097442626953 -0.0166511535644531 -0.0452156066894531
0.0457420349121094 0.022552490234375 0.00175094604492188 -0.0521621704101563
0.0350837707519531 0.0464401245117188 -0.00302886962890625 -0.0708694458007813
0.0174369812011719 0.0698661804199219 0.00748443603515626 -0.0863571166992188
0.00648498535156251 0.0885772705078125 0.0372352600097656 -0.0478248596191406
0.0253639221191406 0.0559196472167969 -0.00393342971801758 -0.00283980369567871
0.0518035888671875 0.0278129577636719 0.0288925170898438 0.0308284759521484
0.0434722900390625 -0.00286865234375 0.0592002868652344 0.00426101684570313
0.0297870635986328 -0.0264377593994141 0.05389404296875 -0.035247802734375
0.00558090209960937 -0.0336647033691406 0.0152320861816406 -0.0610733032226562
-0.0154075622558594 -0.0368118286132813 -0.0219230651855469 -0.0504875183105469
-0.0165138244628906 -0.0435562133789063 -0.0246315002441406 -0.0341835021972656
-0.0193672180175781 -0.0415534973144531 -0.0275039672851563 -0.0256767272949219
0.00167083740234375 -0.04339599609375 -0.0239067077636719 -0.0228672027587891
0.0292167663574219 -0.0424995422363281 -0.02386474609375 -0.0248985290527344
0.0568580627441406 -0.0220222473144531 -0.0264320373535156 -0.0385932922363281
0.0681838989257813 0.0373153686523438 -0.00574111938476562 -0.047088623046875
0.0426406860351562 0.0706863403320313 -0.00472640991210937 -0.0589408874511719
0.0109100341796875 0.0999679565429688 0.00212860107421875 -0.0620880126953125
-0.00949859619140626 0.108924865722656 0.0347862243652344 -0.0174064636230469
0.0203933715820313 0.0857009887695313 -0.00312137603759765 0.0162382125854492
0.0708694458007812 0.0540237426757812 0.0263519287109375 0.0416793823242188
0.0692863464355469 0.00309371948242187 0.0568389892578125 0.0167388916015625
0.0499000549316406 -0.0379447937011719 0.0546798706054688 -0.0201339721679688
0.01068115234375 -0.0513763427734375 0.0181961059570312 -0.0436439514160156
-0.0187149047851563 -0.0516242980957031 -0.0121326446533203 -0.0335578918457031
-0.0208549499511719 -0.0592308044433594 -0.0132617950439453 -0.0175132751464844
-0.0272712707519531 -0.0553398132324219 -0.0179328918457031 -0.00798988342285157
-0.00151062011718751 -0.0555801391601563 -0.0215415954589844 -0.00260543823242188
0.0324211120605469 -0.0558509826660156 -0.0268268585205078 -0.00848579406738281
0.0676116943359375 -0.0305290222167969 -0.0332107543945312 -0.0273895263671875
0.0826797485351562 0.0420684814453125 -0.0117378234863281 -0.0396804809570313
0.0478057861328125 0.0826873779296875 -0.0020294189453125 -0.044586181640625
0.00473785400390624 0.115058898925781 -0.0025634765625 -0.0312023162841797
-0.02398681640625 0.110687255859375 0.0259685516357422 0.0193805694580078
0.00840759277343749 0.0992813110351563 -0.00388336181640625 0.0398368835449219
0.0736465454101563 0.0734024047851563 0.0198326110839844 0.05096435546875
0.0813217163085938 0.01239013671875 0.0468215942382813 0.0301055908203125
0.0634346008300781 -0.0399551391601563 0.0480537414550781 -0.00127410888671875
0.0161323547363281 -0.0603561401367188 0.0192108154296875 -0.0201416015625
-0.018218994140625 -0.0587387084960938 -0.00124073028564453 -0.0119199752807617
-0.0225067138671875 -0.0654411315917969 -0.000414490699768068 0.00137603282928466
-0.0310325622558594 -0.0607223510742188 -0.00543689727783203 0.0110797882080078
-0.0048828125 -0.059906005859375 -0.0158061981201172 0.0185279846191406
0.0307540893554688 -0.06060791015625 -0.0267066955566406 0.0082263946533203
0.0684585571289063 -0.0327949523925781 -0.0367202758789062 -0.0146751403808594
0.0839996337890625 0.042755126953125 -0.0145187377929688 -0.0311470031738281
0.0447311401367187 0.084320068359375 0.00432014465332031 -0.0286331176757812
-0.00318145751953125 0.11328125 -0.00707721710205078 0.00190496444702149
-0.0336151123046875 0.0926895141601563 0.0140380859375 0.0539741516113281
-0.00557708740234376 0.0924835205078125 -0.00620269775390626 0.0604171752929688
0.059814453125 0.0779037475585938 0.0102729797363281 0.0567626953125
0.0755081176757813 0.0207061767578125 0.0324172973632813 0.0402297973632813
0.0636482238769531 -0.0331878662109375 0.0358352661132813 0.0165863037109375
0.0183563232421875 -0.0583076477050781 0.0179958343505859 0.00478553771972656
-0.01544189453125 -0.0555038452148438 0.00994205474853515 0.0104761123657227
-0.0209197998046875 -0.061187744140625 0.0122623443603516 0.0199928283691406
-0.0299453735351563 -0.0575675964355469 0.0074462890625 0.0295600891113281
-0.00575637817382812 -0.0562362670898438 -0.00925445556640625 0.0373764038085938
0.0277976989746094 -0.0559654235839844 -0.0260944366455078 0.0228290557861328
0.0615768432617187 -0.0278739929199219 -0.0372848510742187 -0.00360107421875001
0.072967529296875 0.0421371459960938 -0.0159797668457031 -0.0227241516113281
0.0322418212890625 0.0776138305664062 0.00982761383056641 -0.0140771865844727
-0.0133056640625 0.0963287353515625 -0.01239013671875 0.0317592620849609
-0.0354461669921875 0.0576667785644531 0.00165557861328125 0.0817413330078125
-0.0153656005859375 0.0656318664550781 -0.00746917724609375 0.0758132934570313
0.0354728698730469 0.0638275146484375 0.00140762329101563 0.0570259094238281
0.05413818359375 0.0221328735351562 0.0180778503417969 0.0456809997558594
0.0497245788574219 -0.0216255187988281 0.0223102569580078 0.0296688079833984
0.0157508850097656 -0.0456161499023437 0.0154247283935547 0.0259647369384766
-0.0111274719238281 -0.0433540344238281 0.0200138092041016 0.0294284820556641
-0.0156059265136719 -0.0483322143554688 0.0234184265136719 0.0344581604003906
-0.0232696533203125 -0.0466690063476563 0.01861572265625 0.0446014404296875
-0.00382614135742187 -0.0457305908203125 -0.00384521484375 0.0524826049804688
0.0237693786621094 -0.0452079772949219 -0.0263557434082031 0.0349464416503906
0.0504531860351563 -0.0189552307128906 -0.0378952026367188 0.0053253173828125
0.0537872314453125 0.0394363403320313 -0.0178432464599609 -0.0170803070068359
0.0149574279785156 0.0639305114746094 0.0126056671142578 -0.00195026397705078
-0.0234870910644531 0.0674057006835938 -0.0200271606445312 0.0543136596679688
-0.0307102203369141 0.0132560729980469 -0.00554656982421875 0.0952224731445313
-0.0212459564208984 0.0288734436035156 -0.006103515625 0.0822296142578125
0.00925827026367187 0.0362052917480469 -0.00329208374023438 0.0547523498535156
0.0248985290527344 0.0166511535644531 0.009063720703125 0.0470390319824219
0.0270404815673828 -0.00843238830566406 0.0130348205566406 0.0369987487792969
0.00934791564941406 -0.0256824493408203 0.0154304504394531 0.0392494201660156
-0.00526237487792969 -0.0239906311035156 0.02777099609375 0.0406761169433594
-0.00927925109863281 -0.0277976989746094 0.0306053161621094 0.0436210632324219
-0.0139598846435547 -0.0299148559570313 0.0263252258300781 0.055633544921875
-0.00176620483398438 -0.0305557250976563 -0.00157546997070312 0.0628166198730469
0.0176868438720703 -0.0293483734130859 -0.0292816162109375 0.0429039001464844
0.0340824127197266 -0.00891304016113281 -0.0395736694335938 0.0115089416503906
0.0314369201660156 0.0323219299316406 -0.0216293334960937 -0.0143413543701172
-0.00214767456054688 0.0435523986816406 0.0105018615722656 0.00639057159423828
-0.0299758911132813 0.0298881530761719 -0.0307655334472656 0.0681533813476562
0.0260677337646484 0.0147991180419922 0.0281982421875 -0.07952880859375
0.0127382278442383 -0.0139942169189453 -0.0108566284179687 -0.0185642242431641
-0.00604724884033203 -0.0158872604370117 0.0246238708496094 0.018341064453125
-0.0122814178466797 0.00111103057861328 0.0529289245605469 -0.00906753540039063
-0.00763130187988281 0.0110206604003906 0.0433387756347656 -0.0474281311035156
0.00203132629394531 0.0106115341186523 0.00759887695312501 -0.0741958618164063
0.000819683074951172 0.00449800491333008 -0.0330848693847656 -0.0652961730957031
-0.00204110145568848 0.00314998626708984 -0.0378456115722656 -0.05035400390625
-0.00174212455749512 0.00307893753051758 -0.0345840454101562 -0.0447883605957031
-0.00206267833709717 -0.00212371349334717 -0.0210990905761719 -0.0479240417480469
-0.00132560729980469 -0.00837516784667969 -0.015838623046875 -0.0440826416015625
0.00526237487792969 -0.0140619277954102 -0.0100326538085937 -0.0495262145996094
0.0231819152832031 -0.00416946411132813 0.00873184204101563 -0.0578727722167969
0.0311260223388672 0.0113563537597656 0.00106048583984375 -0.0796966552734375
0.0270767211914063 0.0291671752929688 0.0114364624023437 -0.103080749511719
0.0200386047363281 0.057220458984375 0.035186767578125 -0.07061767578125
0.0238094329833984 0.0207233428955078 -0.0072021484375 -0.0139093399047852
0.0255813598632812 0.00319099426269531 0.0279769897460937 0.0230636596679687
0.015045166015625 -0.00347518920898438 0.0587387084960938 -0.00490951538085938
0.00893592834472656 -0.00926303863525391 0.0505447387695313 -0.0455131530761719
0.00222873687744141 -0.0121393203735352 0.0111083984375 -0.07318115234375
-0.00927639007568359 -0.0171833038330078 -0.0305061340332031 -0.0626258850097656
-0.010772705078125 -0.0225276947021484 -0.0346412658691406 -0.0464286804199219
-0.0112953186035156 -0.0218944549560547 -0.0345649719238281 -0.0393486022949219
0.00201416015625 -0.0255355834960938 -0.0246963500976563 -0.0400886535644531
0.0187606811523438 -0.0260505676269531 -0.0199356079101562 -0.0386123657226563
0.0361557006835938 -0.015716552734375 -0.0179023742675781 -0.0471687316894531
0.0481185913085938 0.0226554870605469 0.00208663940429687 -0.0546722412109375
0.0366973876953125 0.0482406616210938 -0.00371551513671875 -0.0729751586914063
0.0187835693359375 0.0733566284179688 0.008026123046875 -0.0901412963867188
0.00788879394531251 0.0923614501953125 0.0386695861816406 -0.0493850708007813
0.0273590087890625 0.0581321716308594 -0.00513744354248047 -0.00177669525146484
0.0549812316894531 0.0279769897460938 0.0296211242675781 0.0324821472167969
0.0455856323242187 -0.0033111572265625 0.0615653991699219 0.00441360473632812
0.0305614471435547 -0.0282115936279297 0.0562553405761719 -0.0369834899902344
0.00516891479492188 -0.0350418090820312 0.0154838562011719 -0.0636825561523438
-0.0161552429199219 -0.0380287170410156 -0.0232772827148437 -0.0524177551269531
-0.0182571411132812 -0.045318603515625 -0.0265426635742187 -0.0348987579345703
-0.0212745666503906 -0.0433197021484375 -0.0290012359619141 -0.0265331268310547
0.00130462646484375 -0.0452919006347656 -0.0257034301757813 -0.024169921875
0.0301246643066406 -0.0447959899902344 -0.02532958984375 -0.0258941650390625
0.0591239929199219 -0.0236701965332031 -0.0279312133789062 -0.0398330688476563
0.0721206665039063 0.0380401611328125 -0.0056915283203125 -0.0495567321777344
0.0449981689453125 0.0733261108398438 -0.00562667846679688 -0.0611610412597656
0.01251220703125 0.104301452636719 0.0022735595703125 -0.0647201538085938
-0.00881195068359375 0.114524841308594 0.0359420776367188 -0.0173149108886719
0.02227783203125 0.0890960693359375 -0.00385093688964844 0.0182380676269531
0.0749740600585938 0.0546798706054688 0.0268173217773438 0.0439414978027344
0.0720291137695313 0.00257110595703125 0.0586891174316406 0.0178375244140625
0.0514144897460938 -0.0405426025390625 0.0572433471679688 -0.0217666625976563
0.0104217529296875 -0.0536422729492188 0.0191841125488281 -0.0454139709472656
-0.0198326110839844 -0.0536041259765625 -0.01300048828125 -0.0345401763916016
-0.0236053466796875 -0.0613174438476563 -0.0144386291503906 -0.0181045532226563
-0.0293235778808594 -0.0571250915527344 -0.0191574096679688 -0.00828170776367187
-0.00264358520507812 -0.0579795837402344 -0.0225601196289063 -0.00324440002441407
0.0333633422851563 -0.05865478515625 -0.0283946990966797 -0.00933647155761718
0.070404052734375 -0.0326766967773438 -0.0354652404785156 -0.0281219482421875
0.087310791015625 0.0424118041992188 -0.0117607116699219 -0.0416374206542969
0.0506134033203125 0.0860671997070313 -0.00243377685546874 -0.0462379455566406
0.00611114501953125 0.120582580566406 -0.002899169921875 -0.0324211120605469
-0.02386474609375 0.115921020507813 0.0268383026123047 0.0207138061523438
0.00984191894531249 0.103462219238281 -0.00395965576171875 0.04168701171875
0.07794189453125 0.0751724243164063 0.0200653076171875 0.0537796020507813
0.0849456787109375 0.0121231079101563 0.0482215881347656 0.0315208435058594
0.0655517578125 -0.0424118041992187 0.0509681701660156 -0.00157546997070313
0.016326904296875 -0.0631446838378906 0.020538330078125 -0.0209197998046875
-0.0195655822753906 -0.0607528686523438 -0.000903129577636719 -0.0121402740478516
-0.0251617431640625 -0.0678367614746094 -0.000475645065307619 0.00176870822906494
-0.0334510803222656 -0.0625381469726563 -0.00569820404052735 0.0114498138427734
-0.00572586059570313 -0.0617332458496094 -0.0158023834228516 0.0187931060791016
0.0312461853027344 -0.0635566711425781 -0.0281143188476562 0.00857353210449219
0.0708847045898438 -0.0348663330078125 -0.0389862060546875 -0.0148773193359375
0.0880966186523438 0.0430374145507813 -0.0152187347412109 -0.0328121185302734
0.0473861694335938 0.0874252319335938 0.00429153442382813 -0.0304241180419922
-0.002349853515625 0.118637084960938 -0.00727128982543945 0.00176143646240235
-0.033721923828125 0.0968170166015625 0.0147705078125 0.0567169189453125
-0.00498199462890626 0.0960617065429688 -0.00632476806640625 0.0635032653808594
0.0627365112304688 0.0799331665039063 0.00980377197265626 0.0591316223144531
0.0788192749023438 0.0212554931640625 0.0333442687988281 0.0425148010253906
0.0657310485839844 -0.0354843139648438 0.0384559631347656 0.0175323486328125
0.0183868408203125 -0.0602188110351562 0.0193557739257813 0.00537681579589843
-0.0168914794921875 -0.0573692321777344 0.0111665725708008 0.0103960037231445
-0.0230522155761719 -0.0637092590332031 0.0130462646484375 0.0200672149658203
-0.0321083068847656 -0.0589370727539063 0.00803565979003906 0.0306110382080078
-0.00609970092773438 -0.0582046508789063 -0.00904464721679688 0.0386276245117188
0.0281524658203125 -0.0589256286621094 -0.027099609375 0.0237102508544922
0.0639762878417969 -0.0295791625976563 -0.0386009216308594 -0.00295257568359376
0.076507568359375 0.042724609375 -0.0165882110595703 -0.0244083404541016
0.0343551635742188 0.0805130004882813 0.0097188949584961 -0.0156679153442383
-0.0126953125 0.100959777832031 -0.0126323699951172 0.0330467224121094
-0.03558349609375 0.0604019165039062 0.00179290771484374 0.0859298706054688
-0.0157356262207031 0.0682792663574219 -0.00791168212890624 0.0788726806640625
0.0373001098632813 0.0654296875 0.000640869140625007 0.0599594116210938
0.0569305419921875 0.0230522155761719 0.0181427001953125 0.0474357604980469
0.0515213012695313 -0.0230255126953125 0.0239181518554688 0.0314502716064453
0.0161361694335938 -0.0475311279296875 0.0171566009521484 0.0277099609375
-0.0117950439453125 -0.0448837280273438 0.0218639373779297 0.0303211212158203
-0.0176353454589844 -0.0501060485839844 0.0247611999511719 0.0350017547607422
-0.0251541137695313 -0.0477409362792969 0.0201034545898438 0.0458526611328125
-0.00452041625976563 -0.046905517578125 -0.00300216674804688 0.0541152954101563
0.0244598388671875 -0.0469512939453125 -0.0277900695800781 0.0364723205566406
0.0525321960449219 -0.0199394226074219 -0.0393104553222656 0.00621795654296875
0.0566940307617188 0.0401725769042969 -0.0184879302978516 -0.0183277130126953
0.0159149169921875 0.066131591796875 0.0128564834594727 -0.00323963165283203
-0.023529052734375 0.0707778930664063 -0.0209770202636719 0.0566482543945313
-0.0317058563232422 0.0144367218017578 -0.00589752197265625 0.0998611450195313
-0.0217514038085938 0.0296096801757813 -0.00593566894531251 0.0852203369140625
0.00934982299804687 0.0376701354980469 -0.00359344482421875 0.0574874877929687
0.0261878967285156 0.0174827575683594 0.00904464721679688 0.0491905212402344
0.0278358459472656 -0.00903701782226563 0.0142707824707031 0.03912353515625
0.00952911376953125 -0.0266361236572266 0.0172042846679688 0.0411911010742188
-0.005828857421875 -0.0250682830810547 0.0304412841796875 0.0422172546386719
-0.00972938537597656 -0.0289402008056641 0.0329933166503906 0.0449676513671875
-0.0156154632568359 -0.0305862426757813 0.0283203125 0.0573348999023437
-0.00217437744140625 -0.0316905975341797 -0.000804901123046873 0.0655593872070313
0.0175609588623047 -0.0309410095214844 -0.0307197570800781 0.0448989868164062
0.0355949401855469 -0.00942611694335938 -0.0413398742675781 0.0119972229003906
0.0328903198242188 0.0333003997802734 -0.0219078063964844 -0.0152759552001953
-0.002044677734375 0.0453071594238281 0.0106287002563477 0.00588321685791016
-0.0313434600830078 0.0315723419189453 -0.031890869140625 0.0713424682617188
-0.00373333915289435 -0.0202544502627307 0.0821645062075522 -0.0183440917620218
-0.0188084211972121 -0.000500320151250307 0.0123648378169783 -0.0159255256461379
-0.0128110445996938 0.0136310648159039 -0.000504179719203617 0.034415937791006
0.00508358055964266 0.012167664879534 0.0365619913082718 0.0418189224209476
0.010138874782738 0.00284394994755153 0.0684919089290373 0.0131582872794737
0.0050243522013719 -0.000732266202366058 0.0709636031363359 -0.027440914816044
0.00521974569444053 0.00122794065317957 0.0512324030849721 -0.0563255987259933
0.00647642431587031 0.00279105952847314 0.031149796497736 -0.0625388867416967
0.00534899824196403 0.00406717326121595 0.0285284603454608 -0.0535561865035832
0.0012834967744989 0.00592201506174582 0.0326370419473554 -0.0431107572341045
-0.00533520255389248 0.00878152505045089 0.0357645647372068 -0.037015901716888
-0.0154071518576806 0.00717938264446536 0.0434645038562371 -0.0320720456993323
-0.0220914771020356 -0.00942611396408603 0.0531877916898972 -0.0224660592107688
-0.00981928886460931 -0.0267537502000199 0.0677382847043214 -0.0378837114370032
0.0105809151181715 -0.0311397416923797 0.0865900067062623 -0.056088141250525
0.0340871633193092 -0.038753680582171 0.0730722064982094 -0.0113793061746724
0.00350453640804854 -0.0331811117460335 0.0018947017050649 -0.0133810402866301
-0.0163445762855972 -0.0251952801804514 -0.0118894643001509 0.0460344798967047
-0.0196848109397768 -0.00955341858181933 0.0335929469271055 0.0575092167478377
-0.0183851990474728 0.00554580186428231 0.0744473587835127 0.0244771117049711
-0.013098499422574 0.0134230939854426 0.0745059597956953 -0.0220191776494097
-0.00884166882919074 0.0223631083168005 0.0531151867941752 -0.0512569135401206
-0.00686217334923576 0.0264253079405461 0.0309713440118278 -0.0578307751090375
-0.0115449072337776 0.0268698474102511 0.0262190588686324 -0.0494001336194557
-0.0203695924698966 0.0174089802241402 0.026200104465948 -0.0391399183843147
-0.0325698659581238 0.00640810003284087 0.0279505645708492 -0.0345684581239225
-0.0360534347958188 -0.0196323508732662 0.0332035319481772 -0.0347836733880577
-0.0214043901983242 -0.0468040211110325 0.0432634802289468 -0.0262439826577904
0.0157278536328621 -0.053526492276947 0.0574326107506562 -0.0427023866656728
0.049931736284768 -0.0470321846453743 0.0745759275437173 -0.0555922355962879
0.0699159339558767 -0.0503186874036076 0.0521921803155871 -0.00102050741882851
0.031606059774918 -0.0614822563879066 -0.0149059989610794 -0.00879754685196854
-0.0131680853844948 -0.066337152351885 -0.0293174529416187 0.0561658185707385
-0.0416827543077214 -0.0380024721718016 0.0215252595324911 0.0728564408806725
-0.0491376429359665 0.00277577626680815 0.0719047403337221 0.0385609986292233
-0.0341440088412621 0.0247486827094858 0.071560420795844 -0.0113761321430986
-0.0244334998699988 0.0390911306817497 0.0487105080390864 -0.0385546349061361
-0.0193324430133519 0.0463117446757809 0.0264406134849064 -0.0436940808469179
-0.0240432414150006 0.0474604391769668 0.0181796851922146 -0.0379518338350807
-0.0359783948759497 0.0297552935862019 0.0130447441988195 -0.0294280193110189
-0.0545893424227272 0.0101566405423927 0.0136215854769184 -0.0306218293355023
-0.0571434917481776 -0.035409820952662 0.0188146249781961 -0.0372663771872503
-0.0280765157994379 -0.0745682939889422 0.0314285569910693 -0.0295210166014472
0.0303112563214955 -0.0761438793415493 0.0435008322540007 -0.0407599649479039
0.078329032347778 -0.059298251155859 0.0513463056313885 -0.0485144329910568
0.0963927635834795 -0.0520576224203059 0.0212130440217197 0.0107367070012643
0.0603181199522901 -0.0790953689325563 -0.037964364487199 -0.00299867276564665
-0.00221871921865125 -0.1015531712892 -0.0509466194649374 0.0610945510850889
-0.0555139901211076 -0.0669337189888077 0.00265076765039563 0.0833901745774962
-0.0747928819405398 -0.00559308408383128 0.0588730633498316 0.0522016538182629
-0.0522400815540845 0.0303807522857867 0.0586412205458491 0.00227868844494365
-0.0379312349128423 0.0495634973881089 0.037797641182078 -0.0200943163559892
-0.0288780574113881 0.0595633051109637 0.0171664692557455 -0.0231497563520443
-0.0321433380655127 0.0617208609047203 0.00684855071769119 -0.0196279220972873
-0.0444503696461774 0.0400268471387268 -0.0025698935908193 -0.0151638382829277
-0.0668482811453168 0.0162403562912342 -0.00322516661497978 -0.0230325719523686
-0.0715641818690841 -0.0402414115834599 0.00295128457260945 -0.0364268134127727
-0.0352084788174552 -0.0886066318725915 0.0198906987464737 -0.0300436352182255
0.0364868874163132 -0.089005087630834 0.0307205846533243 -0.0319257405849864
0.0941821576405401 -0.0642405113465891 0.0230754051319427 -0.034690967132019
0.106850852127557 -0.0446739292593294 -0.016712672334225 0.022143996883883
0.0806065795963606 -0.0807706061537349 -0.0619389688548799 0.00384656224647217
0.013766100194182 -0.117357342224817 -0.0690272218440889 0.0575429341981379
-0.055339056251361 -0.087338086168587 -0.0204271411489246 0.0831780406766832
-0.0865625976212912 -0.0162331331830341 0.0354725890655998 0.0597493611242007
-0.0632844142650278 0.0294592492314415 0.0368332307422155 0.0166092094859386
-0.0453668380615992 0.0514931142525544 0.0206966836244858 0.00150827010024703
-0.0336746724793607 0.0636547205869718 0.00580225407838897 0.00117553970274344
-0.0349748768608324 0.0665848959543015 -0.00570485928681634 0.00208801039244639
-0.0460752184501297 0.0443009120542847 -0.0179923785872962 0.00178390273859862
-0.0690804431986941 0.0201439795443756 -0.0194541272501135 -0.0131152160620752
-0.0741914683273568 -0.0400029453108346 -0.0110114170477959 -0.0321919030952284
-0.0351577624559912 -0.0904396162807334 0.0105775595725842 -0.0277989696465353
0.0390721726518353 -0.0882943691110651 0.020501749963551 -0.0188085210038202
0.096686278730304 -0.0583089757937541 -0.00590754414432103 -0.0174405601292087
0.0968910773863711 -0.0307733875729303 -0.0524572608960708 0.0325151961393595
0.0840346447107879 -0.0645996300619278 -0.0802827691882324 0.0109895010253511
0.0282833399638148 -0.107842304214579 -0.0794020133069192 0.0467556764385823
-0.0411672820804218 -0.0896745668678101 -0.0399045712135979 0.071620788896026
-0.080700408266947 -0.0244255851216414 0.00849102628374356 0.0588681149717567
-0.0622173948934256 0.0235453774873787 0.0117867756024522 0.0281699620105165
-0.0451412436672078 0.0461607453374585 0.00236378630889544 0.0216631246202191
-0.0332213033388182 0.0582591063430046 -0.00637952358692477 0.0233260279192715
-0.0330350153580355 0.0613891154332064 -0.0178979959307532 0.0232929340217787
-0.0431049604384751 0.0411504153359256 -0.0322481881447809 0.0166199849792904
-0.0630655684234645 0.0183273528205019 -0.0339295572037081 -0.0058754546119716
-0.0646905595710218 -0.0379126480386211 -0.0220975907884411 -0.0281202237941122
-0.0267002259085377 -0.0823029851661301 0.00329572057463024 -0.0249356909024104
0.0414168869862396 -0.0751371345307415 0.0114951342779016 -0.00641587453218871
0.0876402660176358 -0.042454329468617 -0.0328895985073416 -0.00131473431312017
0.0681331805102432 -0.0128280994394346 -0.0803774098793484 0.0409802237675061
0.0672724352707749 -0.0391325413751794 -0.0906029903581703 0.0193197933694088
0.0321522172325642 -0.0772290686540747 -0.0784097247076284 0.033887972434178
-0.0221565659294208 -0.0720822949178044 -0.0501391696231177 0.0538831149513146
-0.0595210151943998 -0.0241430449300039 -0.0147355827638483 0.0504044458311882
-0.0496442695296461 0.014962592834557 -0.0116674446993997 0.0349459984749189
-0.0365514882502053 0.0332627636696846 -0.0152965615497569 0.038135472149571
-0.0277376979756607 0.0435738696006985 -0.0170666005500618 0.0431805524161802
-0.0281542518744025 0.0472069476416769 -0.0290990169129815 0.041419747157768
-0.0363806807817498 0.0315743452934225 -0.0443321976224354 0.0287396591328356
-0.0511954020352732 0.0123560820115732 -0.0467471396817358 -0.00111483664716624
-0.0478519513874665 -0.0344804917079997 -0.0307067659590819 -0.0270095185062126
-0.0127409239136283 -0.0674051614807095 -0.00118650609025834 -0.0255812967788328
0.0411753441803902 -0.052597557904326 0.00494224005648602 0.0031164405376684
0.0695140062748722 -0.0193420351447333 -0.0558396154030491 0.00999007509932789
0.0278418278051526 0.00683380343399752 -0.0915901058206602 0.0468896075738985
0.0379638133598714 -0.00891512074073617 -0.0879710185474007 0.0286263479191186
0.0254664919149717 -0.0359439988954724 -0.0681639744498745 0.0249943206071427
-0.00442160587109655 -0.040507000741959 -0.0505602134033333 0.0383791726568049
-0.0302775003246285 -0.0182415935277643 -0.0292350326342176 0.0415916423869679
-0.0283478066178283 0.00536412986475958 -0.0272004965018523 0.0386397086331654
-0.0215567325190487 0.0162916379059451 -0.026387820669955 0.0483937748192011
-0.0176643477862766 0.0235271825038748 -0.0246333699202539 0.0553886279417486
-0.0185980207250549 0.0271138721692472 -0.0384553680869046 0.0531305058994859
-0.0256682876986188 0.0187219281037493 -0.0547046650012064 0.0343496775707397
-0.0338616187573792 0.00559826096948087 -0.0580354614442702 -0.0021668337106859
-0.0281622850214559 -0.0267458403225057 -0.0358808207298904 -0.0282804865516013
0.000375954142313464 -0.0456308383524006 -0.00378463708731179 -0.027784918463681
0.0360597959317499 -0.0259722954518563 -0.00123473047506593 0.00701061376093534
0.0420384283889243 0.0057410749891016 -0.0728695419049782 0.0138819639249733
-0.0045170958422045 -0.0209993904249726 0.0836953711813332 -0.0227029787160085
-0.0192097228342392 -5.41720894640199E-05 0.0111516447204787 -0.0167572766965469
-0.0124240231203013 0.0145394211753313 0.0001751934873263 0.0360435017835908
0.00561290461037646 0.0126083522041043 0.0393400875312714 0.041748568929132
0.0109179008325555 0.00230401073766846 0.0715718086733694 0.0102841377295772
0.00533331686777184 -0.00100445866418582 0.071873549296163 -0.0321815540637447
0.00611385564677692 0.0012777874395704 0.0490658594553818 -0.061076307831859
0.00736503895886192 0.00225088898584222 0.0272895263359775 -0.0666540432796005
0.00547752677590193 0.00450166833096773 0.0262251146874277 -0.0571476079593339
0.00154580732956081 0.00618558881136497 0.0313373250738675 -0.0468699088986894
-0.00494114411754421 0.00987172350997622 0.035388198721135 -0.0406534581795546
-0.0156739864463108 0.00805533417871429 0.0432834747260835 -0.0348996973723286
-0.0236847570343786 -0.00853646296857025 0.0546379520153391 -0.0249135125601213
-0.0109586059901014 -0.0270153254777481 0.0677715862931511 -0.0414085382870331
0.0093628689369526 -0.0329059610829 0.0875961794859928 -0.0615874274312522
0.0333242592131462 -0.042413003651385 0.0742207378300486 -0.0153733020682885
0.00199103084874389 -0.0347014794609663 0.000502539796853369 -0.0137056220430285
-0.0188399814576835 -0.0249544932261493 -0.0108122879421572 0.048299890086662
-0.0207155520236011 -0.00893632602488743 0.0364960754917897 0.0582419409650147
-0.0187590973224257 0.00671356082063697 0.0780997125779878 0.0213756356943011
-0.0129636300217164 0.0143869392504673 0.0760921392360072 -0.0268405666488139
-0.00797314366747417 0.023204312483154 0.0513324425865368 -0.0556662440344308
-0.00509229154715533 0.0280332630266846 0.027973278504304 -0.0615976371230966
-0.0101457322546681 0.0286610826661253 0.0235180086296745 -0.053211172551811
-0.0199241836392693 0.0192621967570907 0.0248139681115132 -0.0420513106509659
-0.0334295978700412 0.00860303046165698 0.0274271138963871 -0.0378311647905771
-0.038718478951084 -0.0184111309231244 0.0324708826039695 -0.037357130662895
-0.0245884427051103 -0.0471195700070832 0.0437418330142074 -0.0283164660992405
0.0137069013777554 -0.0559867311501204 0.0569858665017154 -0.0460397475823407
0.0496345298400076 -0.0516986734896887 0.0748053380986421 -0.0608759780151775
0.0696853600261287 -0.0560532429438307 0.0534157284291683 -0.00334643547712029
0.02961645897907 -0.0655271991218403 -0.0170044291400962 -0.00827853396953001
-0.0175177131500197 -0.0676736664260237 -0.0283661517011236 0.0593545179673576
-0.0451015984095446 -0.0369071187482451 0.0250842098369125 0.0747646247495236
-0.0507046407948019 0.00553665914848964 0.0766990002830353 0.0364032967473326
-0.0338558643534286 0.026919271252675 0.0730295773856569 -0.0152723514032815
-0.0229241360039029 0.041494270161772 0.0477488912865896 -0.042324919365156
-0.0169582011712324 0.0492040137503594 0.02380145154676 -0.0463925177400989
-0.0218465591570808 0.0505484214772698 0.016174045868169 -0.0401166676626556
-0.0357083456055885 0.0326335330074221 0.0119501127582867 -0.0320512666979996
-0.0556344899906712 0.0137990884583069 0.0131977517465527 -0.0331513326604813
-0.0613897649606179 -0.0335431360965788 0.017558745573066 -0.0388999132764346
-0.0333168109450488 -0.0752181503362305 0.0318503216924255 -0.0313675639763134
0.0276459774639754 -0.0800424698912838 0.0430162127081002 -0.0437634610081981
0.0785596711907473 -0.0655334965613568 0.0510980748376732 -0.0530886168963009
0.0971477941138443 -0.0590110926666653 0.0218905185540873 0.0102995341682567
0.0585846559433415 -0.0849869168320164 -0.0402543316541025 -0.00111092783397774
-0.00833616166786386 -0.104497346764051 -0.0503476767057665 0.0653641466881925
-0.0606534315089116 -0.0666649304019586 0.00581859719399424 0.0859911539545136
-0.0775472891303469 -0.00134987274262417 0.0639411469169314 0.0511290451095937
-0.0526132186932056 0.0339100368188666 0.0607906168401413 2.33447714436903E-05
-0.0361307867942826 0.0534276903610154 0.0378786883222406 -0.0221926299780987
-0.0257875702754349 0.0634242204922108 0.016647434018625 -0.0249484196429049
-0.0288689889919907 0.0657102690512674 0.00561115692087988 -0.021302986359077
-0.0438457311083223 0.0435452002601453 -0.00331069824586021 -0.0159647583253389
-0.0677506328689753 0.0209556727193604 -0.00380912486923458 -0.0244085561374461
-0.076464139332305 -0.0380729522622563 0.000999200321918834 -0.0370667056746849
-0.0420462734824655 -0.0898844824266859 0.0204730215026919 -0.0317492840615301
0.0335100979481415 -0.0938659468991627 0.0303941195020474 -0.0351789145089693
0.0942704452406245 -0.0715360209947332 0.0220974777828358 -0.0374155318602278
0.108067862509076 -0.0522093370779197 -0.0169121279358838 0.0238529981682531
0.0786535874193876 -0.0866362706203516 -0.0643184938629224 0.00738611480589812
0.00781779273520861 -0.121515516422315 -0.0698769890178122 0.0621999779475321
-0.0614539920182579 -0.0878997922837085 -0.018192174133348 0.0867601319564213
-0.0906317410802592 -0.0122021804835574 0.0401665510221706 0.0605493056583085
-0.0635934549867388 0.0334715696402545 0.0388560473517293 0.0159270946037452
-0.0440852444700241 0.0560589273107635 0.021756074783984 0.000849608871641196
-0.0305805315106858 0.0679258789176551 0.00608232675393014 0.000548156249437927
-0.0316478823584241 0.0711498495806484 -0.00578427661700071 0.0023089184933921
-0.045263878188884 0.0481680169100913 -0.0180352475466084 0.00230039467629019
-0.0695620876983953 0.0248464776843288 -0.020377345375706 -0.0135238126011581
-0.0789540933524711 -0.0372924948370336 -0.0134003211894365 -0.032682299125678
-0.0414913864043905 -0.0912801442755833 0.0105469630535936 -0.0293137667803519
0.0357283027954233 -0.0931455802092475 0.0205434345454908 -0.0210282277195764
0.0971329559360288 -0.065845873308489 -0.00765451896881391 -0.0179584027840888
0.0984974446651576 -0.0369909027879606 -0.0534421943502813 0.0363441852577606
0.0829969219594624 -0.070248875788683 -0.0827938756156794 0.0150653368778744
0.0234873017427696 -0.112039438363104 -0.0809222974294386 0.0512012527536876
-0.0473892136826803 -0.090827343406702 -0.0388166369343971 0.0753144986585382
-0.0848590668932795 -0.020789472559342 0.0121889597988843 0.0606758713582697
-0.063321464024209 0.0272665405117502 0.0137041910536903 0.0294006972104459
-0.0442666879653159 0.0498940393944966 0.00393993729437251 0.0226242129913558
-0.0306526948972493 0.0621059119392469 -0.00465600106897538 0.0245666964559941
-0.0301593181248284 0.0655502437520066 -0.0174596045756525 0.0253104232417898
-0.0427524124102777 0.0444936787246499 -0.0319688690362197 0.0191567966820405
-0.0637566234690031 0.0223287294783003 -0.0352658645655928 -0.00503608652472974
-0.0691089391511837 -0.0360609264318866 -0.0243513470619817 -0.0274716545170277
-0.0319296619933847 -0.0839584641503806 0.00330007452283723 -0.0266125978863561
0.0387209527022923 -0.0795854798854663 0.0120076937130578 -0.00772142011793176
0.0887098332779182 -0.0485098106028638 -0.0346064258907984 5.49936405002929E-06
0.0697854325739199 -0.0170363998281564 -0.0816244923751108 0.0459515705275892
0.0675515516851384 -0.042714412310064 -0.0921517634435249 0.0240919165620566
0.0292679748855787 -0.0810195817572228 -0.0796248294865198 0.0383105442310403
-0.0264237540646754 -0.0734784645951176 -0.0502342755011288 0.0572242838425154
-0.0625916070070673 -0.0220872318002034 -0.012854962150086 0.0533585561843984
-0.0500912013341056 0.0180801346753574 -0.0102047864698848 0.0375580196547218
-0.035667763928784 0.0361167489022058 -0.012961815680528 0.0404994917214819
-0.0256084352023661 0.0466322583249741 -0.0148274754947759 0.0448670087339844
-0.0257989772508796 0.0502472385539191 -0.0275903918394251 0.0442665509250742
-0.0363611067067744 0.034607372568912 -0.0438169765100357 0.0324901101634803
-0.0515015517986788 0.0153378688564341 -0.0490335270357473 0.000611893863121801
-0.0513434809617508 -0.0334534561959491 -0.0328305904992458 -0.0262083036069471
-0.0171349432330405 -0.0686555637204127 -0.00208771382470105 -0.026363840860333
0.0398733308195325 -0.0562921149104267 0.00553244113039932 0.0018510927702023
0.0709509625055696 -0.0237093042868449 -0.0573349010510462 0.0126320949135979
0.0283690375347251 0.00506450251179531 -0.0926214467330797 0.0524727548629547
0.0385845995230451 -0.0102491103430002 -0.0892143826023714 0.0335049903315799
0.0243007734038955 -0.0382264522768857 -0.0696728644379288 0.0281241836015871
-0.00639273680932624 -0.0419697373229079 -0.0512590583965176 0.041728821411291
-0.0323912986005771 -0.0171830969279944 -0.0285614098785376 0.044827856260559
-0.0291220434782596 0.00743886768411335 -0.0255594031241729 0.0422611864881604
-0.0212842372561578 0.0180535768444123 -0.0240629823755554 0.0518162629859838
-0.0169563093668079 0.0252538606102666 -0.0217005240419923 0.0580586292628309
-0.0176528254372001 0.029096633867411 -0.0360559402643189 0.0570974459423759
-0.0255516657952757 0.0206061363273946 -0.0539773609500069 0.0380605302769815
-0.0347029997228613 0.00706832366791596 -0.0601330305856565 0.000615332531430565
-0.0299722312794704 -0.0266926235501421 -0.0383746684106405 -0.0279611708494491
-0.00224055768480578 -0.0468690906636865 -0.00470776643229847 -0.029272682286229
0.0354007510006095 -0.0282359815172779 -0.00018215009170119 0.00627683711677326
0.0435374907485444 0.00365963776374459 -0.0750997549906477 0.0177820969570084
-0.00532418875102149 -0.0210586910454815 0.0828234491595514 -0.0268553884246727
-0.0193456954859434 0.000488075405910236 0.00928998974628861 -0.0175696880816873
-0.0122183264959379 0.0152195380490191 0.00116225702475373 0.0366336414669397
0.00576140174939504 0.0129661160805728 0.0418192386152195 0.0409479402367608
0.0108900231003137 0.0015149460376254 0.0727542548135783 0.00718397385078773
0.00503028187515121 -0.00112028250063413 0.071328560349764 -0.0362609375330873
0.00638630242284134 0.00113243757951247 0.0458779269613904 -0.0644178217280882
0.00781959133440297 0.00229257921283262 0.0232840828292441 -0.0688492904308567
0.00596651779787739 0.00435206604329366 0.0234653612483154 -0.0594898408876707
0.00210265277188417 0.00631207850489839 0.0291729602559756 -0.050153885461477
-0.00437600589278868 0.0105097655617909 0.0342261610020658 -0.0436559298253909
-0.0155276851712417 0.00860324601822276 0.0426470935313705 -0.0371116316293025
-0.0246090668184375 -0.00745788622886669 0.0543971239850473 -0.0270466719243941
-0.0117924430146401 -0.0268027586738897 0.0665042759573369 -0.0436587257278885
0.0082856732294432 -0.0339071971191105 0.0863047445348835 -0.0660617646364311
0.032285369608948 -0.0450801865951399 0.0734476272978682 -0.0183049742159438
0.000284121384002167 -0.0354237938406435 -0.000609403600820752 -0.0132733003437165
-0.0202508781173673 -0.0242473583418555 -0.00935230875652428 0.0496949631225758
-0.0215211133156099 -0.00807340457269249 0.0389308784238629 0.0573823599405241
-0.0185441851877827 0.00774437943343536 0.0799585013550571 0.0180751097295312
-0.0125791425601175 0.0152360214765092 0.07584014413787 -0.0308681127047505
-0.00648744722964062 0.0244091481260922 0.0489494175436466 -0.0592503080558029
-0.00320734786554871 0.0286826038652498 0.0243315306998969 -0.0635409235590101
-0.00834703095291917 0.0298125509162401 0.0208964576174635 -0.0553419788184822
-0.0192294672618944 0.0203121894135535 0.0229663693150633 -0.0450409320838836
-0.0333518830062374 0.0108102398902525 0.0262983655880754 -0.0406313626302922
-0.0402358021956592 -0.0167866564138678 0.0313027986420836 -0.0385096015700937
-0.0278770760541221 -0.0465389875719443 0.0439814724007097 -0.0295741454108489
0.0117565044244555 -0.0574083870688515 0.0552395081974561 -0.0483945654156985
0.0477273046558175 -0.0546342662333599 0.0735352001071189 -0.0649954836740526
0.0678590641362485 -0.0599086327446575 0.0530099314450945 -0.00535959959555596
0.0268635431843247 -0.067412843656184 -0.0178500086776535 -0.00733476589799433
-0.0215244615744797 -0.0675035977573703 -0.0272761336949609 0.0611626397463642
-0.0476764300202802 -0.0357416669313064 0.027951844548314 0.0748835080388523
-0.0507274326596631 0.00840451646046829 0.0792215456697546 0.0333360413054452
-0.0329102102059129 0.0292431005020234 0.0733408840744256 -0.0191726380158566
-0.0208807483022794 0.0434739767710259 0.0461461106805386 -0.0448408403484507
-0.0135982097112303 0.0507914060958815 0.021172897540278 -0.0485975641214397
-0.0189846063106027 0.0523670964708226 0.0137988285326113 -0.0420532290082376
-0.0345066970305582 0.0348322790865942 0.0105234590269221 -0.0334584811407578
-0.0555974654862308 0.0168290409056725 0.0115876356010273 -0.0349640489021573
-0.0641273466725433 -0.0308205565705254 0.0160356610920003 -0.0400122846316279
-0.0379332271605045 -0.0745136650741066 0.031768373854488 -0.0330781771494325
0.0242545082866473 -0.0824389915249583 0.041613163807271 -0.0459032789103924
0.0765206865841059 -0.0705293503850715 0.0494120357858407 -0.0557554642085765
0.0953917668291035 -0.0650634336747086 0.0213442957610883 0.00973272028274281
0.055227468305175 -0.0883842470106752 -0.0413252831772461 0.00053761770953523
-0.0139691708633657 -0.104534476706225 -0.0488975571843384 0.0678420085495472
-0.0646026599451769 -0.065388103336597 0.00838201521023749 0.0873240235713793
-0.0784827288946883 0.00288883091603541 0.0672866827140379 0.048819967961854
-0.0518179180831839 0.0367285480268616 0.0615359379063893 -0.00283575588729614
-0.0338084964056089 0.0556402794921723 0.0370318747893413 -0.0244396869688886
-0.0220524243198249 0.06573732787772 0.0149238634443209 -0.0260206783814642
-0.0252458713177402 0.0681277191206416 0.00444464781273007 -0.0218355496354986
-0.0417460318757054 0.0461170563860954 -0.00411900754163397 -0.0169371760848279
-0.0673013513090874 0.0247781916602497 -0.00525778950517586 -0.0254169860213482
-0.0795949828528275 -0.0345889933439257 -0.000628427688791133 -0.0372654681513547
-0.0471269748755113 -0.0883279504116786 0.0197715834538952 -0.0331867285870411
0.029547406300623 -0.0964873683192177 0.0289961451872207 -0.0366686327321758
0.0923561956106441 -0.0770226757055705 0.0210038315376834 -0.0389106981778028
0.106647002806806 -0.0586250281858645 -0.0166299606857778 0.0251893731953832
0.0757385400024012 -0.0911809077275295 -0.0650637864839678 0.0099753977648487
0.00156887266930831 -0.123052551973191 -0.0689756878118887 0.0653809661550707
-0.0663013938234322 -0.0859011536332069 -0.0155511440243771 0.088402425251754
-0.0922509222752661 -0.00727615652183817 0.0436324741602001 0.0591821726161352
-0.0633075071337353 0.0370568148058596 0.0404689695992324 0.0151778371845212
-0.0414590216460477 0.0588362616052354 0.0221710637219595 -0.000476134507403121
-0.0265290055513173 0.0701925527320655 0.0058966617617351 3.19241677240719E-06
-0.0272866940776756 0.0736086229791444 -0.00597598814566258 0.00239114310886713
-0.0436287816781523 0.0507101878685299 -0.0179936241165875 0.00275014435383358
-0.0690474095565705 0.0287423800743603 -0.0218759867079562 -0.0141426323607978
-0.0818894737379374 -0.0340163059434082 -0.015183718967908 -0.0322957624701214
-0.046870486080142 -0.0898459569476558 0.0100327040772561 -0.0307092059255201
0.0316847126475877 -0.0958075061842758 0.0197073819638747 -0.0225756558842613
0.0953489864902722 -0.0714430072512995 -0.00877922146148692 -0.0181681291165352
0.0973067324690357 -0.0426582264129728 -0.0528976658715488 0.0392740992999839
0.0811168944814666 -0.0745130181120697 -0.0832083099403998 0.0186952317052622
0.0179683144561311 -0.11432800452286 -0.0801312686775937 0.0548226282484451
-0.0518207346093263 -0.0897773411739896 -0.0371562574778278 0.0778893322325391
-0.0865369702413221 -0.0162173254723937 0.0152649195764933 0.0608106145153056
-0.0627485681777399 0.0306576362105153 0.0152681650742559 0.0298181168928972
-0.0419676341048732 0.0528721400385405 0.00569343588326886 0.0230543605389331
-0.0271944282061466 0.0645264428137848 -0.00328433427468254 0.0252026885818428
-0.0266936474101982 0.0678827091309269 -0.0162013601175146 0.0262057482826577
-0.041090162611713 0.0471049969108112 -0.0308027158102154 0.0203892221615674
-0.0628198850067947 0.0258225150392651 -0.0362291853796086 -0.00410413030285488
-0.0716645918783623 -0.0333105655190545 -0.0259192567126338 -0.0268806017488523
-0.0368828445992972 -0.0829860162101769 0.00260199449931722 -0.027156121840418
0.0355906389900287 -0.0816751684754645 0.0119347074364978 -0.00911470986862517
0.0875235105548271 -0.0537350242226821 -0.0353887395484969 0.0016130105837949
0.0697078903084782 -0.0211758339587322 -0.0810720671520582 0.0499576227110366
0.0667596195947128 -0.0450794098212598 -0.0915559161444489 0.0276298516555438
0.0252935191476205 -0.0829438428832365 -0.0799715854007251 0.0411209969999909
-0.0299288153573144 -0.0734204066879257 -0.0493590160105924 0.0599275870776953
-0.0645717740454087 -0.0192146084342024 -0.010239024274847 0.0551111118325933
-0.0499768095452578 0.0207914771023545 -0.00852384711295363 0.039180354615003
-0.0345384257078344 0.0385536823345253 -0.0103084065743571 0.0420485375006502
-0.0236156790678915 0.04872622408701 -0.0115342807569311 0.0459295435500788
-0.0231562317164304 0.0522441777828163 -0.0249135920458247 0.0460141046859293
-0.034852921068015 0.0368637785049528 -0.0424735249998548 0.0344471888542134
-0.0509790399427734 0.0181881531263081 -0.0497088561775967 0.00245044095420401
-0.0536746406705948 -0.0315502400870805 -0.0341924465731182 -0.02465013233533
-0.0207899340846009 -0.0680317045810725 -0.0023488801613249 -0.027145412430552
0.037451567464342 -0.058557374555302 0.0057744092741425 0.000738603689800222
0.0704529761322535 -0.0275603996750491 -0.058005697347025 0.0158976832027229
0.028853818921489 0.00380917052166503 -0.0918061270751001 0.0571693674903519
0.0388787561902558 -0.0116115680151554 -0.088171817541652 0.0366660428852753
0.0226367925241528 -0.0396922255246236 -0.0696204162211249 0.0309664654962378
-0.00830822062620574 -0.0423262253251935 -0.0507762673145886 0.044587872434258
-0.0334078596412967 -0.0156660843893427 -0.0273991076184534 0.0469886152796183
-0.0288220673464197 0.0089106193750591 -0.0241364544154742 0.0450731065094509
-0.0206715016313567 0.0193157929247636 -0.0212031290635823 0.0540996931587035
-0.0159213508016297 0.0266537536615557 -0.0180502722769054 0.0599136445978577
-0.0161238349173098 0.0304963872473563 -0.0328651586134903 0.059415104016177
-0.025379248512943 0.0222463042316196 -0.0522680771224124 0.0418103993506865
-0.0347961042661706 0.00905918707428863 -0.0610458013342092 0.00337042428557608
-0.031691494597753 -0.0258345439854983 -0.0399176038987097 -0.0268941227949233
-0.0043936168255472 -0.0471632302001755 -0.00573496690823567 -0.029797407220032
0.0343595128067653 -0.0297977188236613 0.000119137379915345 0.0058137926445549
0.0441281292374731 0.00197793295366072 -0.0754003289315538 0.0215450459700376
-0.0122497493685812 -0.0196503588286498 0.0700887830759851 -0.0524481989896135
-0.0185322582074023 0.00672213762869275 0.00290225074906296 -0.0203221224513802
-0.00588492996309911 0.0192671243602739 0.0122919857734439 0.0339274750069547
0.0104651444181788 0.0101814999868893 0.0528895998855027 0.0259066973348692
0.0111842507613383 -0.00237530708655627 0.0719694466953794 -0.0171881395374843
0.00552750860077768 -0.00338410453384169 0.0549319049113476 -0.0591703861275017
0.00733071346890654 -0.00142511784792735 0.0196388716148075 -0.0764824333242125
0.00833632445372083 -0.00131219133478267 -0.00313930301694264 -0.072015059242881
0.00747528874108252 0.00242417145705624 0.00133467213370673 -0.0641533704620854
0.00386349382641855 0.00536702187929162 0.0105199690916524 -0.0577744701757834
-0.000587989107370521 0.0118903976722237 0.0174859959876411 -0.0527356289348347
-0.0119139259104909 0.0135959981444056 0.028681300695292 -0.048952942776653
-0.026221560432179 0.00109168534091589 0.0440817150618916 -0.0421973461144803
-0.020747744720562 -0.0213312711921504 0.0489519065668221 -0.0613737922204634
-0.00301704258925669 -0.034594914144835 0.0601173711776738 -0.0884510929532461
0.0154467267796775 -0.0562016083674506 0.0643671515022574 -0.0394579886455447
-0.0123456342135148 -0.0347277209992826 -0.00458663371104069 -0.0111764553084269
-0.0278257994122331 -0.0151205372856955 0.009134166370437 0.0498500988596257
-0.0232101090575662 0.000406636229031121 0.0571922167580159 0.0416093861672037
-0.0138566803002449 0.0134457311740521 0.0826486902484081 -0.010543320351417
-0.00575329403130909 0.0186149507464801 0.0610847480615646 -0.0560501261124564
0.00216640262215848 0.0251602533412621 0.0248307030372263 -0.0735014790304261
0.00679744652357761 0.0274984735484527 -0.000612715979743147 -0.0678974790361661
0.00257796588250524 0.0312137519709574 0.000248683279924982 -0.0596704469230756
-0.011656422293328 0.0258030247305656 0.0061895189005224 -0.0514057336649831
-0.0277375730699402 0.0217208782923411 0.0112790119284874 -0.0480824059287292
-0.0436568704653988 -0.0022620017709742 0.0181806413168286 -0.0462912659307047
-0.041981655147035 -0.0346808051295006 0.0325896078425528 -0.0413466455903467
-0.00866075302655725 -0.0583736507567437 0.0357883335319837 -0.0622793079560296
0.0282881419911314 -0.0675732853072944 0.046690945303779 -0.0841420505602202
0.0443317203748162 -0.0835082225523006 0.0485749057837186 -0.0187089942734178
0.000930115516878438 -0.0745696776086368 -0.0181006719958039 0.00273682008041622
-0.0442314577493984 -0.0555667442865445 -0.00163068851555679 0.0678052786733641
-0.0584088559128309 -0.0158736560724661 0.054268044873373 0.0608931308496724
-0.0441974702637222 0.0256148477386888 0.0874682615135512 0.00309899588323447
-0.0206523122109824 0.038384986013343 0.0622230159232218 -0.0446486521107708
-0.00458475431079947 0.0486156988124665 0.0274684630214675 -0.0605423684348018
0.00490625310411209 0.0518896446763675 0.00112729218017265 -0.0533274845680646
5.8156309687201E-05 0.0557667169240497 -0.00222259706549676 -0.0445985505987403
-0.0210787362838814 0.0444985039325353 -0.00152307236825339 -0.0372311620471619
-0.0462268604613937 0.0348643274163716 -0.000148978658004584 -0.0386552925080651
-0.0713160647304629 -0.0074753795521887 0.00370197716541878 -0.042133109274018
-0.0606881716079216 -0.0577370078454896 0.0199902394099918 -0.039903300127779
-0.0047821756280354 -0.086527382504145 0.0228446927759314 -0.0557201072397701
0.0503104839412772 -0.0923151685734417 0.0260216982000842 -0.0679071739050627
0.0687923341869139 -0.0974876246884201 0.0232136142035464 0.00701032024812263
0.0203184301382973 -0.104358584969014 -0.0375698038515037 0.0199628464583677
-0.0505906110258704 -0.0932068185219549 -0.0184935814028434 0.0824780260766302
-0.0853694783829707 -0.0365411255217991 0.041500601441539 0.0785051528169627
-0.0719212236117555 0.0305555040920297 0.0814474858858877 0.0203457707178737
-0.0353431640769908 0.0524195922602125 0.0566145487361963 -0.0259664609404091
-0.0129137022918156 0.064764144703159 0.0267218173735219 -0.0382191749715377
0.00199730548097753 0.0685266017935726 0.00298784220539932 -0.0307927162749628
9.21650769221938E-05 0.0724895197069377 -0.00471916488341378 -0.0225211367813532
-0.0239804917049512 0.0576654376949778 -0.00947402315656756 -0.0168703781359879
-0.0545032029290224 0.0465474630941793 -0.0128210309785011 -0.0247717460199514
-0.0873713079341396 -0.00531089139672784 -0.0107659736313944 -0.0345048227330473
-0.0741499304077711 -0.0672950947075391 0.00885505134521983 -0.0357332161378017
-0.00495434667402963 -0.101438754360576 0.013882120849484 -0.0434387414468324
0.0632816424097283 -0.104224364297479 0.00361458189800934 -0.0438315048541201
0.0821390792315509 -0.0945625785200966 -0.00881333699798008 0.0349271364465347
0.039139961042793 -0.113821426180159 -0.0569053030782228 0.0372261354785821
-0.0426986339178258 -0.115631100018835 -0.0377734696002249 0.0873483960394823
-0.0944390341890002 -0.0564675749139638 0.0196548869313046 0.0885113404592036
-0.0887521420488381 0.025585803654589 0.0632967940403164 0.0381237143563064
-0.0460337864862299 0.0564753335493831 0.0432737616932876 -0.00241545623549007
-0.0192603005239668 0.0711643618893432 0.0221512253709107 -0.0106726527768923
-0.000513476277150698 0.0749278474222671 0.00416286819062246 -0.00361382549393323
-0.000292221337348992 0.0780556197792102 -0.00543645094266262 0.00323429875989637
-0.02376943713856 0.0621654694300534 -0.0162017046948874 0.00661536785036086
-0.0547812835691152 0.0503340204270853 -0.0244046482379159 -0.00800165838257007
-0.0896230457831261 -0.00425994738887749 -0.022533326450911 -0.024969925749379
-0.0747249471409654 -0.0690883285664608 0.000265575363592444 -0.0305573578900204
-0.00261367972157351 -0.101680317309057 0.00925178596001169 -0.027642506080627
0.068578713432773 -0.0999388286136428 -0.0173497965008641 -0.0155771024651294
0.0789916753933287 -0.0760043379918985 -0.0390179216175531 0.0593636170327195
0.0504830787796243 -0.0995659068887059 -0.0726763212484697 0.0506702613858596
-0.0239779210232199 -0.113628556656588 -0.0529641945723408 0.0814906213021006
-0.0821093358248984 -0.0653008265260936 -0.00485398857243033 0.0859894148488441
-0.0868337492413845 0.0152386328657349 0.036565352959972 0.0497208367099854
-0.0479100881976052 0.0509785610606407 0.0246365542934482 0.020205480773019
-0.0218307376279907 0.0658238424418267 0.0148677091542064 0.0174585125439094
-0.00351503915654667 0.0696829120700661 0.00483499226648414 0.0230346104354224
-0.00160329877843545 0.0728989023550964 -0.00688401230941311 0.0289839879174073
-0.0225495859461607 0.058391543523035 -0.0223945370974255 0.0279624324207799
-0.0500108528843487 0.0455982226146533 -0.0349833301494475 0.00641695570958028
-0.0790379205651481 -0.00732390995039709 -0.031258850727308 -0.0169674874173869
-0.0623826591368718 -0.0656033926748986 -0.00585978916669163 -0.0256912838759965
0.00568255562251293 -0.089156820914288 0.00652321683740382 -0.0128281576629466
0.0667743646827807 -0.0803648523357616 -0.0357164717718206 0.0112668679746236
0.0594133154983017 -0.0443751168077407 -0.0620578694817928 0.0768229524179939
0.0471508080255793 -0.0664368590349692 -0.0787256850050529 0.0604980591359615
-0.00523278853478519 -0.0866751244738353 -0.0587580269693273 0.068260050204126
-0.055814621402558 -0.0576281020563397 -0.0231409111562284 0.0738090880168322
-0.0677650480801216 0.00530909971055653 0.0101004272165128 0.0534298190780173
-0.0399019053840116 0.0376172323934827 0.0060463306300864 0.0384465971823015
-0.01982784677332 0.0494039552241977 0.00653680365130102 0.0420196195101704
-0.00549876456923596 0.0541421833797718 0.00491341309670349 0.0456396607353616
-0.00352459485026601 0.0569131383127955 -0.00822630399703924 0.0508020666400483
-0.02064213772925 0.0465046909950756 -0.0284535905308968 0.04530740113259
-0.0420158671960515 0.034036053979554 -0.04535404263915 0.0176601314581165
-0.0617721082705304 -0.0121651832191427 -0.0392901415370725 -0.0120288059387567
-0.0421083695690043 -0.0569991343372484 -0.0108113313642973 -0.0241092691183463
0.0154651508388016 -0.0677137216396841 0.00432827351022583 -0.00151144427785064
0.0589435070474132 -0.0494041032855927 -0.0518640785905102 0.0314104706632796
0.0285911919751998 -0.00550639341922375 -0.0701443180161202 0.0855430099572903
0.033161824005314 -0.0236735001657087 -0.0727892866280962 0.0652572366913621
0.00795942894070911 -0.044736317729182 -0.0551301454948746 0.0538630882661527
-0.023412476204551 -0.0365783794751181 -0.0321526935121011 0.0598090319407208
-0.0367894739543215 -0.00246920521857651 -0.0092842816067161 0.0527524777563178
-0.0241482089348193 0.0190864944201233 -0.00656033924276482 0.0499416321910921
-0.0133698149946592 0.0261037317309289 0.000703556451655873 0.0577764498844245
-0.00563023407157653 0.0304417864381737 0.00447769719650922 0.0613743654452849
-0.00470778679054347 0.0339951722206209 -0.0107752975501948 0.0661238638643816
-0.015921201204688 0.0296735574645488 -0.0352447151318827 0.0557742942498537
-0.0301310689425423 0.0198560182756868 -0.0557904921071039 0.0226995032481533
-0.0388110438304652 -0.0144353934567572 -0.0454611299145536 -0.012424056853614
-0.0195457766833312 -0.0424918108207577 -0.0150511015156883 -0.0261334547773758
0.0224284202568122 -0.0400293458014939 0.000835938934894665 0.004637698958349
0.0432583154921085 -0.0130492759556262 -0.0652037439000559 0.0433656444367315
-0.0126937472186227 -0.0201039946655323 0.0701802795294144 -0.0543058908267448
-0.0185765425418778 0.00691997123601948 0.00189710396773667 -0.0200455529068861
-0.00558577957234228 0.0196536018446822 0.0126683686760498 0.0344642036359334
0.0106315065670761 0.00986045096730948 0.0540747196306912 0.0254554372621174
0.0108691740916783 -0.00293123105575007 0.0724887229221776 -0.0188522016864913
0.00542697899733901 -0.0036482255679428 0.0540820443256731 -0.0609347874405738
0.00760629692349071 -0.00176768956208201 0.0177529047401326 -0.0774954288331557
0.0086397294995727 -0.00143051307516673 -0.00550087262135098 -0.0716699824585978
0.00762620037640084 0.0022417756880331 -0.000578264196178049 -0.0653534111078228
0.00436028269434141 0.00580242293326815 0.00856132922292769 -0.0592226619853813
-0.000292772370620744 0.0120061456888341 0.01610232273306 -0.0540069103229056
-0.0119122127499882 0.0141263894673014 0.0281043946585209 -0.0498148900279602
-0.0264200630265703 0.00180500915674723 0.0445849817470429 -0.0434831137763922
-0.0210595459322729 -0.021183409021301 0.0489443574271181 -0.0619629570440307
-0.00396373077664276 -0.0352315724675433 0.0594519286209966 -0.0909649051035463
0.0142996566387775 -0.0571796154064655 0.0637253498586904 -0.0407964911169066
-0.0136456723012607 -0.0351193374167219 -0.00535545797719869 -0.0103102214886387
-0.0287794734182642 -0.0147002425153392 0.00935657372599398 0.0513209366329094
-0.0236158425882706 0.0012703759475841 0.0585202345946773 0.041365029544686
-0.0143081210337016 0.0139172263463914 0.0833850506727059 -0.012284664408325
-0.00493891978979668 0.0189354082834914 0.060095764960139 -0.0587523734506092
0.00327655901653233 0.0252507243230571 0.0226672493888934 -0.0748308064611153
0.00804717538305201 0.0271938676960959 -0.00344531338234201 -0.0677814740146989
0.00406118206645102 0.0313066196673286 -0.0022199412486119 -0.0607040549113294
-0.0110722682667037 0.0266963453957419 0.00450265400486629 -0.0528917893308209
-0.0272082078759111 0.0228098456874362 0.0104095478658867 -0.0495169401702383
-0.0445984286643095 -0.000988356297908332 0.0176922720928995 -0.0468398840278289
-0.0438694867467298 -0.0341339696341191 0.033264494294718 -0.0419854558985728
-0.00942172287014145 -0.0591863924212223 0.0353547174145673 -0.0629411824691137
0.0272869301882999 -0.0696781298305292 0.0460969737183031 -0.0862543552723937
0.0431267433189092 -0.086115894480222 0.0485150595970826 -0.0190224994467153
-0.00063456271617757 -0.0757015994641625 -0.0190558422458575 0.00348003435846063
-0.0465487419954385 -0.0548282435724372 -0.000795324023511953 0.0688658403011309
-0.0595087022270323 -0.0143618238903513 0.0557686304165361 0.0612395380874743
-0.0435020911605716 0.0269849489615139 0.088177812319979 0.000826177733098199
-0.0197085712767382 0.039178823115903 0.062211104593513 -0.0468052028447605
-0.00327560433689446 0.0491290890620234 0.025895070406345 -0.0613599569414223
0.00679483235645576 0.0517169516473766 -0.000786114457327316 -0.0532790922555524
0.00280449591128422 0.0563535545150148 -0.00394100128640953 -0.0454720167063517
-0.0202088878654131 0.0455449092235147 -0.00301233896948891 -0.0383346093178779
-0.0457278639256269 0.0364791028598575 -0.00140060807311392 -0.0398476064814108
-0.0726214531180917 -0.00574224782457691 0.00327731424849515 -0.0426703730354676
-0.0631451262316568 -0.0562361480377386 0.0204330013999028 -0.0407173177816822
-0.00629046285217673 -0.0875958360831101 0.0218946719482486 -0.0565246290402153
0.0489307464059791 -0.0949189731581221 0.0250849383529315 -0.0695243814566983
0.0676803155403688 -0.100816364471032 0.0227477401853236 0.00749031247464173
0.0189089643316498 -0.105907470452554 -0.0378845413350638 0.0206400286350917
-0.0536847566748598 -0.0927106010178493 -0.017868218913003 0.0837961180221905
-0.0877280552116601 -0.0355076654445509 0.0428776194402906 0.0799996085261948
-0.0716777949693412 0.0324039025231186 0.0829309484573828 0.0189019008462469
-0.0346411733778753 0.0538504255157864 0.0569906984396817 -0.0269536204285649
-0.0111761346475728 0.0664339148042185 0.0259003320896716 -0.0391918377769738
0.00452184461763461 0.0691502305639986 0.00226839733104009 -0.0309280455682069
0.0029136412487579 0.0728436227811785 -0.00567257844289921 -0.0231503283377586
-0.0231528534454343 0.0589033116549235 -0.0103848268361741 -0.0170376560958039
-0.0537079992433253 0.0484019171318336 -0.0142701825401974 -0.0253696222978599
-0.0890954913540098 -0.00331227022249288 -0.0111302344326316 -0.0348371789432505
-0.0771436763618822 -0.0659744066186524 0.00878336275652182 -0.0369293469552601
-0.00717119389106585 -0.102687559088857 0.0129243441283336 -0.0437369855970916
0.0621448186406144 -0.107328313764918 0.00227015085689965 -0.0445991560283701
0.0804581117986679 -0.0977733758798416 -0.00903010771134248 0.0357364498457075
0.037727669297577 -0.11608703606454 -0.0572374240031296 0.0382126620553096
-0.0455611699824233 -0.115506953061243 -0.037414786436071 0.0896672201199131
-0.0970047183291954 -0.0552162369819389 0.0206518105083688 0.0898104510998872
-0.0887951872575208 0.0283781696702439 0.0645585612083944 0.0368663959906871
-0.045283527416398 0.058390613188691 0.0437230498113941 -0.00265433324734708
-0.0178663425963594 0.0724444060656531 0.0221640545396728 -0.0111641765763879
0.00171247575831984 0.075952448744899 0.00418239783216698 -0.00413912240148391
0.00258379613595662 0.0789901487301898 -0.00595926881948891 0.00326625254251267
-0.0228759952001243 0.0636984745774683 -0.0161661596860362 0.00679096599134736
-0.0538216823226487 0.0521050847580544 -0.0255533444360621 -0.00844632483942361
-0.0907984122020894 -0.00228250035338767 -0.0230388988508982 -0.0249946157559266
-0.0772648035869987 -0.0677475847128095 0.000178205880360987 -0.0314661554374308
-0.00472057780721175 -0.102333843779104 0.00859503580590039 -0.0279857173541775
0.0670020594217136 -0.103177749511337 -0.0181755266507522 -0.0149693250016421
0.0780187297378639 -0.0783711627180057 -0.0390843229407924 0.0606336875026977
0.049653812640273 -0.101631166866078 -0.0727165272391953 0.0520457747886564
-0.0266205430052843 -0.11390963697292 -0.052955695571075 0.0832589739212433
-0.0851846149369079 -0.0645065335843493 -0.00404717446289674 0.0880774125830152
-0.0870764866619292 0.0180683866884212 0.0379574165368099 0.0493529735245293
-0.0474649872796325 0.0529704179786452 0.0258279634552298 0.020601768863809
-0.0206494648310249 0.0669664621014167 0.0155896660415736 0.0173310772153447
-0.00102448310416641 0.0706308234298694 0.00527904116022134 0.0227039077958307
0.00076080113502206 0.0735067013032231 -0.00600325177181142 0.0290761626038905
-0.0216700044968014 0.0592616430509707 -0.0220588548158523 0.0283792151996744
-0.0493570547335048 0.0473079332253507 -0.0355376128050416 0.00697778091642066
-0.0807141188094369 -0.00573839994715265 -0.031676128334191 -0.0165861080353678
-0.0654955918508355 -0.0643683030437161 -0.00628666561003186 -0.0264011993395878
0.00390484049844429 -0.0902658472670121 0.00613618112521459 -0.0137227386913748
0.0658769029953841 -0.0834039851568938 -0.035996145923119 0.0122137087036728
0.0586217989116339 -0.0461842931873262 -0.0619334196218338 0.0791545623374324
0.0472329021486 -0.0676715603593725 -0.0786694831309973 0.0613827227786685
-0.00708322846460935 -0.086701445024781 -0.0594072470369705 0.0696197651817476
-0.0572406417634514 -0.0572577060126693 -0.0228938540220434 0.0760327966207333
-0.0676410317184011 0.00702526416911243 0.0112486099298836 0.0542676882851909
-0.039657819100919 0.0390800152133136 0.00736218769624601 0.0394656125810344
-0.0186432881716656 0.0509109358899432 0.00808515210009295 0.0418514851342338
-0.00387967378582771 0.0551809386254652 0.0066793726790968 0.0452351157205829
-0.00173199851096446 0.058185108018241 -0.00612425199238146 0.0509597835996886
-0.0199040786530867 0.0478715313814472 -0.027486894697019 0.0461850032559407
-0.041596013207739 0.0356634472218825 -0.0452678870241623 0.0184968052892312
-0.0630626121616204 -0.010711426117572 -0.0395772699048574 -0.0118079439175772
-0.0443697057134781 -0.0566252535490508 -0.0116834419168755 -0.0250164839429003
0.0143211927391043 -0.0689414565838534 0.00441877239728738 -0.00194243519833391
0.058354618869674 -0.0516847306247128 -0.0518240887478 0.0332639458508161
0.0283714713493923 -0.00635953092558181 -0.0699739717069926 0.0877181589947966
0.0338239287670855 -0.0241640542956786 -0.0730170910334618 0.0662292681017069
0.00705752345422677 -0.0449842756339527 -0.0554660928924259 0.0550815454712063
-0.0244502772137766 -0.036884091593869 -0.0321473692174934 0.0615824001326071
-0.0373494499500605 -0.00158473298909623 -0.00821939303486784 0.0542733589876608
-0.0237797537280121 0.019882600005706 -0.00559976139858373 0.051389055848931
-0.0128184040811191 0.0272704845486874 0.00288528474072752 0.0580628202600878
-0.00503328554411377 0.0311632995907604 0.00645737189424173 0.0613034916619696
-0.00361072726676169 0.0345544981579237 -0.00868919734769871 0.0669563878197134
-0.0154304246986383 0.0306958692747875 -0.0339780717226604 0.0570854947589896
-0.0296045627450979 0.0210499720832081 -0.0561345552759906 0.0241489114240121
-0.0401082472034882 -0.0138951510657403 -0.0461452021249626 -0.0124232665822719
-0.0206784727866487 -0.0421743421767477 -0.0157502050023114 -0.026875337814483
0.0218969343332769 -0.0403140152710291 0.000947368177900033 0.00422275193027196
0.043187448529516 -0.014161990471207 -0.0653271099513877 0.045221979777572
-0.0131900426565822 -0.0202336231185635 0.0709595192528983 -0.0570133861570026
-0.0191948380276889 0.00709355724315457 0.000926333869146909 -0.0203599434541819
-0.00548196002982662 0.0198061772088736 0.0128712116489299 0.0361067040690757
0.0112580149260876 0.0101112490105714 0.0561156183397458 0.0254352041025651
0.0109228881393604 -0.00313682531112943 0.0741907115966206 -0.0210998953842503
0.00598769512801938 -0.00372104738791014 0.0537883272275405 -0.0643758521089981
0.00742776236037814 -0.0018941022293629 0.0154279562576204 -0.0794578888805618
0.00901462562051993 -0.00198876738816566 -0.00828321589823371 -0.0724604062644367
0.00830164353630563 0.0017316083744135 -0.00353230493725515 -0.0673442085592329
0.00458146186423036 0.00578699673000539 0.00688770480076246 -0.0617828057044352
0.000152766408965984 0.0126103993800936 0.0153648370582773 -0.0563783856231148
-0.0122716153765222 0.0148681489896027 0.028576377259486 -0.051399618047902
-0.027300802597749 0.00229536528746117 0.0459930080918557 -0.0447044444848413
-0.0218920852223419 -0.0219267684925112 0.0495804839856754 -0.0636944979169431
-0.00467599902131521 -0.0359938820662079 0.0601197383041415 -0.0951760417765955
0.013607838768203 -0.0598362742123168 0.0641661944521535 -0.0426476857084394
-0.0152438847851929 -0.0360029035152916 -0.00601257156783481 -0.0099231516962885
-0.0302366145996022 -0.0145337154605869 0.0100630381191484 0.0529880021262452
-0.0246421918450857 0.00213437588020537 0.0609014503811845 0.0414542601015077
-0.0142003806721602 0.0146416773623749 0.0857501302347401 -0.0148522312684418
-0.00481691757277626 0.019642422928589 0.0603665448243087 -0.0615882308943698
0.00409932053113563 0.026118549186108 0.0209124362639294 -0.0769069379340527
0.0097110779464832 0.02762012646229 -0.00576842744296003 -0.0687318653327428
0.00562542825993077 0.0320052068007254 -0.00474457141468311 -0.0625035378565826
-0.0107751547510008 0.0278465507786528 0.00256370680250579 -0.0548917209310874
-0.0272465676650859 0.0243048992296623 0.00951278973780136 -0.0517590618724252
-0.0461970397333503 0.000152932654134007 0.0177827123118573 -0.0485012622187808
-0.0459669601592998 -0.0335078571078862 0.0340986444526864 -0.0438351608707648
-0.0108563969248208 -0.0613021622128555 0.035016395262585 -0.0646239302518857
0.0266233951757349 -0.0727386768496568 0.045509871864772 -0.0900609185574547
0.0418563631033727 -0.0897893600894702 0.0487033967075902 -0.0199323272890267
-0.00226396251842142 -0.0781413678942983 -0.0202972688490199 0.00425019193499147
-0.0492707637328919 -0.0552913621777579 -0.000188668064025848 0.0719503360176684
-0.0619553791937999 -0.0135081928259981 0.0579420600970854 0.0623548300308188
-0.0447763584845389 0.0291025294352173 0.0908908418301512 -0.00152508881716231
-0.0193729177290577 0.0408781353627486 0.0626864676011383 -0.0494703689427815
-0.0022150697460215 0.0509291383677154 0.0250155737026576 -0.063508908568292
0.00919806245986037 0.0534733193274617 -0.00281419077026964 -0.0540911705155179
0.00509894237101056 0.0576380561993719 -0.00635438898365584 -0.0469767221596307
-0.0195490284830713 0.0475695009532274 -0.00470545111136666 -0.0396737335848147
-0.0455959165097317 0.0387456390489371 -0.00292514006416142 -0.0411756958009597
-0.0748295383008127 -0.00362670196811329 0.00296036880183523 -0.0438946322382281
-0.0666760644230558 -0.0565309980391344 0.0207508070560437 -0.0423777315853707
-0.00868002860537777 -0.0902018354450661 0.0215240836989297 -0.0579972505589967
0.0481302496775258 -0.0998200700330522 0.024237765549402 -0.0723350721914343
0.0670739946650121 -0.10529897925151 0.0223137029033963 0.00735882792658678
0.0173723846666516 -0.109450511011255 -0.0390038958107909 0.0223473477607179
-0.0575764915369758 -0.0930903770424771 -0.0176479326634134 0.0867005020094629
-0.0911303414630577 -0.0344870962921056 0.0447479440697609 0.0817017799944969
-0.0729259529371444 0.0354898903093967 0.0855655672037971 0.0176867940435442
-0.0341783989706231 0.0561436773134152 0.0581674793072182 -0.029086827163312
-0.0095449714212822 0.0686003837435531 0.0256576731799943 -0.0407323913607329
0.00774370405206655 0.0709121263278464 0.000684686291119907 -0.0319269270558769
0.00597921617666524 0.0744144876228277 -0.00671967215742677 -0.0235456424897615
-0.0224702445929545 0.0610039694059226 -0.0114885826261062 -0.0178337454171049
-0.0537171593203158 0.0511686484704871 -0.0155978829830152 -0.0260321987492445
-0.0917323080509119 -0.000628398591060187 -0.0119182259383213 -0.0357933666898854
-0.0813061702259834 -0.0656815524548948 0.00865244464655767 -0.0384175284011767
-0.00977058444007618 -0.105620341007565 0.0120420699145464 -0.0453532059069793
0.0609748284015995 -0.112683052531046 0.00150987537974065 -0.0456224840070893
0.0800164147184353 -0.102927505295192 -0.00941236153752571 0.0373766922813883
0.0365725198961643 -0.120035581538221 -0.0590013625596804 0.0403024051942755
-0.0497985683221297 -0.116908009645629 -0.0374791572537719 0.0921850617283642
-0.101711273641782 -0.0546664066338607 0.0220897011692368 0.0925635955725737
-0.0901117699534399 0.0322658591648657 0.0673520386649923 0.0365729395753365
-0.0453620684631259 0.0614148799003722 0.0455718255444258 -0.00344684609738092
-0.0159684901059933 0.0753940907493788 0.0221548437424174 -0.0121301743696181
0.00496179882721555 0.0778429921123765 0.00408826249548962 -0.00432181342052073
0.00603223565943178 0.0806030932596705 -0.0061529554099909 0.00345614504037254
-0.0219938085816468 0.0664121989283372 -0.016593976861287 0.00678720258509401
-0.0537186125765161 0.0548850540552648 -0.0266002639716602 -0.00846975935383081
-0.0932120891214742 0.000371453765143696 -0.0238418164128789 -0.025490361299903
-0.0813592419453434 -0.0665942960071747 0.000142316951966841 -0.0334071925027041
-0.00696869284985742 -0.105343213263739 0.00782982715173892 -0.029289425801777
0.0661090159876745 -0.108339159862232 -0.0191114841256233 -0.0153164519423344
0.0774370910434789 -0.082759967663489 -0.0401671285643825 0.063600924987416
0.0491230312356228 -0.105448108818702 -0.0743190708245968 0.0547343223494567
-0.0296462136325023 -0.115238991042104 -0.0534373368982167 0.086120151550415
-0.0889024269616819 -0.0647388917524474 -0.00331996266399165 0.0910360439778542
-0.089071030073479 0.0208925943285035 0.040469427509266 0.0503823292151556
-0.0472551681442764 0.0557988466350913 0.0273077311688199 0.0211630351294126
-0.0193617325564626 0.070098785834907 0.0170600158310023 0.0172391071495789
0.00167578270151027 0.0726988220346707 0.0063565954091444 0.0225890844619113
0.00373025419431829 0.0750705091294609 -0.00511775434535066 0.0297154653789646
-0.0207681725496531 0.0617466497867976 -0.0215552172088046 0.0296215793265675
-0.0489251213201493 0.0497319602453377 -0.0363807625163864 0.00732928428796149
-0.0834221386514045 -0.00363889695300296 -0.0328896345914292 -0.0166724472964107
-0.0689741848003649 -0.0639775159348006 -0.00669595241475581 -0.0279410324496653
0.00153770232924799 -0.0928343715850874 0.00582620798024463 -0.0139849153859945
0.0651952305326998 -0.087860914914933 -0.0372031076328253 0.013914961552715
0.0582441117095412 -0.0490086073054098 -0.0631677662461005 0.0829148475254924
0.0474773201319523 -0.0708739012870137 -0.0803069429746331 0.0641298109167672
-0.00909290478503202 -0.0887014217701129 -0.0599269767441093 0.0723357352265173
-0.0602112614346125 -0.0580473192254848 -0.0231151946462429 0.0792129523166116
-0.0694952276641605 0.00925149018119751 0.0126031243762246 0.0559520247701227
-0.0391775660968965 0.0411491481815243 0.00873198591322442 0.0410652274102101
-0.0181905963400467 0.0529157199467723 0.0101625358903358 0.0428383633910038
-0.00157812929314943 0.0568343910344598 0.00863822211838034 0.0455582846796708
0.000444253252994735 0.0595640054851663 -0.00490185898553159 0.0515885929610001
-0.0190287667348487 0.050054636981527 -0.0259360620684429 0.0480081943320188
-0.0416144394180949 0.0376938163790327 -0.0463820398236309 0.0202686594089201
-0.0655917198634033 -0.00954792923933115 -0.0408513884388325 -0.0113801227375097
-0.0468486401382147 -0.0571421833504885 -0.0122877568685384 -0.0262982773970909
0.0130366946442963 -0.0707971987439847 0.0038210777649751 -0.00265546700359776
0.0585892965152076 -0.0553724760579766 -0.0528389625432098 0.0354876554099193
0.0285349564941478 -0.0067168346266732 -0.0707135255896549 0.0915665954019797
0.0344596166752941 -0.0251001184511375 -0.0742068758013879 0.0693055720226212
0.00622813645050982 -0.0461367183780174 -0.0561775025515422 0.0571682272694731
-0.0261148300773807 -0.0370488793745729 -0.0325035896461485 0.0644049229862038
-0.0381116289771543 -0.00026868505597317 -0.00714186114152881 0.0563362750050444
-0.0236637960589039 0.0212944686812877 -0.00378917111571428 0.0538325302781449
-0.0126433484763182 0.0283807377702055 0.00511637713511815 0.0595018375460337
-0.00412358804268681 0.0322886406942497 0.00922661792968357 0.0617994473654547
-0.00241605412940461 0.0355494637806465 -0.00616502285188406 0.0680411399104441
-0.0150145259456408 0.0320471520238086 -0.0331671704163972 0.0594623710813237
-0.0297562606538205 0.0223030381252877 -0.0566053425779781 0.0261099896140496
-0.0419345146973913 -0.0135063509271483 -0.0473350052897624 -0.0122767076905688
-0.0223611721757075 -0.0427765132646871 -0.016157485466195 -0.0281959835668871
0.021992166701794 -0.0417440101532636 0.00105306338687068 0.00409156062465963
0.043967469298771 -0.015927970178966 -0.0659418024749639 0.0476838428060933
-0.0149641459410806 -0.0210266512657633 0.0704114759262615 -0.0613308036879628
-0.0195809687850481 0.00838650893954675 -6.02284409893177E-06 -0.0203460724247337
-0.00497778294417306 0.0206379101315553 0.0145421741873731 0.0374887546679256
0.0120148599154496 0.0103489035718625 0.0586874091913171 0.0245749821874486
0.0107438602662646 -0.00345489400652956 0.0764088157076596 -0.0248738192479758
0.00601249936622874 -0.00414832109461675 0.0527403976604117 -0.0694313350945158
0.00821714190974144 -0.00299511959493379 0.0121331748767855 -0.0820730264665938
0.0089905695854259 -0.0027526290997649 -0.0118388983296065 -0.0737256149855347
0.00889215619865002 0.00117707471888376 -0.00791760431686566 -0.0693821294312584
0.00524369203368112 0.00595776451366122 0.00374068977743506 -0.0646922235303789
0.00101729177255988 0.01336551658859 0.0139689752662924 -0.059883061983981
-0.0121634435457609 0.0159619397861235 0.0279406676570735 -0.0538035222228527
-0.0283447401859583 0.00369905279158435 0.0467543450739028 -0.0476588895256068
-0.0236300560910355 -0.0218650313008067 0.0493125878458031 -0.0666314777872964
-0.0063032436852089 -0.0371021657004647 0.0588149150793948 -0.10078224445651
0.0117222326903721 -0.0630450623326355 0.0644124168235147 -0.0460258826436763
-0.0168284844567447 -0.0371955531466936 -0.00739065894995979 -0.00989406459773144
-0.0318238197220954 -0.0135925101903422 0.0121963806671283 0.0547048770996292
-0.0260611137219257 0.0033151967012559 0.0641065858614568 0.0413525033947733
-0.0137909558506559 0.0159716515901073 0.087702782520691 -0.0188067684865798
-0.00402207771787141 0.0203970700438784 0.0601005367086362 -0.0662841416070317
0.00601931551405634 0.0266227048235065 0.0178430465911989 -0.0799085400184072
0.0116743901873684 0.0277378860654874 -0.00976067731653379 -0.069226938928268
0.00797083140770344 0.0325656109657533 -0.00862404093537302 -0.0642771018032433
-0.00999095489986701 0.0291981181618388 -0.000480847457523747 -0.0572812828383806
-0.0269054828768812 0.0266462077827697 0.00744251338636749 -0.0541576259027303
-0.0480668550245 0.00202821968168519 0.016649946036032 -0.0508056848586855
-0.0491782833931393 -0.0324349694091626 0.034400471121542 -0.0463208464914948
-0.0140625150413606 -0.0628787870661057 0.034173942917322 -0.0670444900382382
0.0244337287086888 -0.0764396094100805 0.0439369947103665 -0.0945923893327666
0.0397666898445489 -0.0946548652065925 0.0488155866007476 -0.0217541176780192
-0.00588829888546514 -0.0810869578423959 -0.0208382133049003 0.00578323202139763
-0.0530862151549338 -0.0544091221444983 0.00153784404869883 0.0745533036561004
-0.065314054458741 -0.0113159530637065 0.0619394877755113 0.0631844112930381
-0.0445341675460203 0.0321349861483923 0.0936904988428008 -0.00526783374451615
-0.018423235122195 0.0431456087980025 0.0630562494927665 -0.0535377858292619
0.000259741852590274 0.0529874430245479 0.0226740025014581 -0.0662173137271592
0.0124862091705806 0.0545022211613324 -0.00586449729495301 -0.054638102108417
0.00832695320727817 0.0589506645966554 -0.00902357051996932 -0.0481485807939948
-0.0184143517405402 0.0499307199320655 -0.00699364459351628 -0.0408106926805115
-0.0453270251784012 0.0424144678268849 -0.00479659973118109 -0.043235027947914
-0.07774998710334 -0.000409846526856598 0.0015470871837176 -0.0456732500133072
-0.0712704344694325 -0.0548107159445323 0.0206695878231795 -0.0448603003314145
-0.0126705807067699 -0.0932710480192225 0.0201405864670963 -0.0597454063644417
0.0456466982941427 -0.105594017709386 0.0218268724879901 -0.0757654759097858
0.064115863550166 -0.111394439197131 0.0231654527858858 0.00795505144391123
0.0133225134300267 -0.114063340288661 -0.0399143346945443 0.024383592005725
-0.063172261202308 -0.0931126400684221 -0.0157384590332645 0.0905524518120875
-0.0964589199271075 -0.0317985027059661 0.0489356974987612 0.0838311898326058
-0.0734500571839709 0.0400034665416811 0.0888333108119857 0.0147554996923003
-0.0329538064497137 0.0596334402870386 0.0590619234475236 -0.032017070814337
-0.00654127878774189 0.0714801416198271 0.0247732402979324 -0.0427760602531504
0.0120979821907754 0.0724412110564037 -0.0013147425187868 -0.0320198104380587
0.0106607748150472 0.0762779790458581 -0.00919834729365458 -0.0247103364905669
-0.0204711888441168 0.0644782013189011 -0.0128440175983006 -0.017659343316933
-0.0526719503719957 0.0551017543032303 -0.0177033701599189 -0.0267352861993159
-0.0951297903056417 0.00331896043308405 -0.0135856443725734 -0.036867661193982
-0.0870631303405329 -0.0640799707604865 0.00820636210662193 -0.040388808981428
-0.0150379225077635 -0.108969862257164 0.0106443125380836 -0.0467942760568184
0.0580055925646647 -0.119342568540627 -0.000661560497117436 -0.0471458610980336
0.0775061068103653 -0.109678662822122 -0.00877733570113922 0.0399702699069342
0.0334925714390224 -0.125611882371703 -0.0599254231644759 0.0433218341579834
-0.0560214221363352 -0.117434053481701 -0.0358602636698476 0.0965299803325227
-0.107663814292711 -0.05210574235322 0.0254071071888688 0.0961707136271878
-0.0914528626100272 0.0370156039222128 0.0709386694593441 0.0351827213743937
-0.0434912704578706 0.065711788474633 0.0470212784937148 -0.00513832204694763
-0.0128603643340545 0.0788078109796985 0.0230425878499939 -0.0135609818684458
0.00952163850541079 0.0798125776656026 0.00351162941794325 -0.00465330829740583
0.0106830208964122 0.0821626148861491 -0.00673652241923089 0.00338525845731686
-0.0197602876677549 0.0695364296982193 -0.017099746427137 0.00766617988601091
-0.0525427351025494 0.0594870673654082 -0.0281456361433492 -0.0078211585180306
-0.0974179007620586 0.00480623268700514 -0.0251209307770193 -0.0256174826484273
-0.0875498319546901 -0.0649624230980978 -0.000621808385345479 -0.0347949163733523
-0.0119404249557863 -0.108650600559102 0.00685460950233996 -0.0299868674005119
0.0630827298483129 -0.115421659216912 -0.0206520169848591 -0.01475302413863
0.075791203152792 -0.0881123377430112 -0.0393907133891678 0.0678579990696195
0.0469493628329292 -0.110618122917494 -0.0754274750649912 0.058608272273953
-0.0355914030546171 -0.116904160601866 -0.0525047254517013 0.090915381461434
-0.0947773695339101 -0.0634268176686388 -0.00101533978844642 0.0949771770067664
-0.0908562742590938 0.0258451376989807 0.0437522685239 0.0503609592116389
-0.0461765052425403 0.0596826551776264 0.0294711068437103 0.021901163405209
-0.0165506861684117 0.0733652451563038 0.0184207810008092 0.0171187301385335
0.00597118095469578 0.0750065318293034 0.00730356978460755 0.0228310638203633
0.00834654210656707 0.0771138894541047 -0.00424775815086024 0.0303512606250602
-0.0187490188586157 0.0651161942224306 -0.0205196364672795 0.0309430134839418
-0.048135952915046 0.0534437452104464 -0.0376148915538492 0.00932099958779292
-0.086767667908678 0.000137577337956384 -0.0343880986769553 -0.0163192335837119
-0.0743119396869777 -0.0626956742222081 -0.00791148509880562 -0.0294562147227887
-0.00213793919616073 -0.0963128227219594 0.00493532718474049 -0.0147771922648122
0.0634028836322217 -0.0939270561353045 -0.0378535969788441 0.0156074415965061
0.0575978281920445 -0.0520828578562771 -0.0626853496866766 0.0879252990260723
0.0466960163197016 -0.0746440159950997 -0.0810102488952229 0.0686566573855008
-0.0126187431383409 -0.0903093339975042 -0.0601775458875574 0.0761697042902722
-0.0647280787516092 -0.0580399203559763 -0.0216764036254395 0.0835199962492945
-0.0713271493223822 0.0128712401092323 0.0152426649547233 0.0575148034182424
-0.0382419573726248 0.0439377867879699 0.0106350502431845 0.04267125803605
-0.0156918268226109 0.0558617555308295 0.0129907587631984 0.0431849271655732
0.00126626628407627 0.0587111273340575 0.0108570337371788 0.0464101027871143
0.00396179015980697 0.06125319864251 -0.00226804626763177 0.0526020177451539
-0.0173084373728635 0.0523471025786069 -0.0248406665216329 0.0503240631936217
-0.0411079134473611 0.0404907531457252 -0.047153299019528 0.0224961759924118
-0.0681261490484639 -0.00684470836930259 -0.0425619102706831 -0.0108481336290596
-0.0509877490955786 -0.0560793823380271 -0.0137658120166901 -0.027263357180805
0.0103547573972549 -0.0735689181181736 0.0041836223475694 -0.00296547287884559
0.0577832817353841 -0.0595484381126692 -0.0532770335541031 0.0389313694393943
0.0285522593286784 -0.00732316312459143 -0.0700273530362162 0.0975608561178845
0.0349443753977693 -0.0275453268468104 -0.0744040986673147 0.073604219127545
0.00499029780588751 -0.0474761398783636 -0.0563545170044372 0.0605825695112645
-0.0288506627733295 -0.0378633341887919 -0.0314289794557146 0.068670330472358
-0.0394387430447227 0.00122382444666051 -0.00503976102499525 0.059343020859907
-0.0229162047147294 0.0229753006968946 -0.00159033970694065 0.0563613014231157
-0.0115612794158642 0.0297245284387745 0.00873092203816609 0.0608714249566735
-0.00257597482495138 0.0336141915557971 0.0126895396935865 0.062102933260622
-0.000915877491527518 0.0369429509736798 -0.00284734566720943 0.0699870093456671
-0.0140126511151493 0.0339665771929895 -0.0306778387855539 0.0625446067857613
-0.0299637696133007 0.0242585974696427 -0.0571512349314021 0.0291375792717566
-0.0440753846487747 -0.0119781699425511 -0.0497289314064628 -0.0110619849445102
-0.0250648058058399 -0.042860615618984 -0.0183210603991251 -0.0292088154308212
0.0209226195044016 -0.0437699810458699 0.00140313858068559 0.00354178287500598
0.0442691874842581 -0.0181490677261536 -0.0661045215470327 0.052468640615994
-0.015897064648903 -0.0211750723337172 0.0686271165860369 -0.066248099394152
-0.0201360316421981 0.00876439754568513 -0.00159038302848619 -0.019925903865338
-0.00429698556679707 0.0213278286494446 0.0168886961297833 0.038484283876295
0.0125691841596567 0.00985039421747515 0.0611091035905785 0.0218969251842631
0.0106372478383952 -0.00394799511431649 0.0760342573383911 -0.0298942857212666
0.00541139363139044 -0.00475182911484758 0.0497044179190455 -0.0739064635319073
0.00816459414894143 -0.00350963395087949 0.00724687780369797 -0.083876494174951
0.00917471745355946 -0.00340230214246218 -0.0168311340254892 -0.0733288339197376
0.00901246086122321 0.0007086535272235 -0.0132865978199155 -0.0701293671317754
0.00574665163624674 0.00624889700971046 -0.000645491381102139 -0.0664458103075901
0.00181753552834955 0.013732545452144 0.0102270446793592 -0.0621829645421158
-0.0115908047761521 0.0168251471215011 0.0258530356833496 -0.0566616826108307
-0.0288594080887521 0.00540368763977576 0.0460228445946371 -0.0512917533189997
-0.0251582654199344 -0.0215254342782358 0.0470436332324354 -0.0698512607379651
-0.00819078951675995 -0.0375781768172652 0.0545239691138636 -0.106121617124865
0.00822495864772635 -0.065436338720304 0.0628576634579558 -0.0495896069920495
-0.0198158330929107 -0.0374997960449485 -0.00834803678137917 -0.00898517344179062
-0.0334247052647192 -0.0121845010631056 0.0148751398410171 0.0563069390330888
-0.0266369940583294 0.00497045853799957 0.0677236876535407 0.0392129364157777
-0.0137994463358335 0.0174842916704431 0.0883548815211829 -0.0246546054937561
-0.00338593077024356 0.0207984523072013 0.0570073084775531 -0.0714704603009366
0.00783694382335519 0.0268483378713902 0.0135947763546306 -0.0818876510362423
0.0137902818397525 0.0273303686694859 -0.0138510115780671 -0.0688581541317281
0.0104073503303519 0.0320980382312821 -0.0140111581134373 -0.0645372937517919
-0.00778321232742489 0.0304141870893252 -0.00448210306014274 -0.0585145640693028
-0.0256021379560649 0.0290845272011915 0.00429832857738615 -0.0559951565213938
-0.0489139932971901 0.00506983937400925 0.0143641896603723 -0.0526252983913424
-0.0522270841715985 -0.0295904718821078 0.0335040733429668 -0.0493408546518874
-0.0176719271563912 -0.0635823073748085 0.0316326163663777 -0.0693005889012867
0.0202105792137839 -0.0795252278065656 0.0399135135534279 -0.0989355236351343
0.0347339182371328 -0.0995425419051162 0.0483290659466105 -0.0239769169856524
-0.0107332026231924 -0.0827332830333283 -0.0213915220773359 0.00746362241361832
-0.0577277997824268 -0.0519811916717371 0.00536709133592841 0.0762798084088226
-0.0673973181491024 -0.00761975005081442 0.0665914586030756 0.0618109430798849
-0.0432455347000563 0.0356873634833306 0.095225850328653 -0.0109023632097628
-0.0160464743854058 0.04482006406304 0.0613931324800443 -0.0584548204940976
0.00389213698271082 0.0541280740913204 0.0188241877854181 -0.0685636281704442
0.0169365507957571 0.0543627503854526 -0.009201735390963 -0.0545948773587942
0.0129346632435897 0.0581949374534482 -0.0136763909531139 -0.0479830071182792
-0.0153900724867623 0.0522362067119344 -0.0104464326728253 -0.0415969838450762
-0.0431239544160915 0.045805452498993 -0.00782407280984733 -0.0441284744099025
-0.0797564888411495 0.00442765888280137 -0.000483774664773248 -0.0465252092406488
-0.0765780126608493 -0.0511727694580926 0.0196135968046755 -0.0468312261278744
-0.0182754368265595 -0.0945065455625649 0.0171403530787623 -0.0613366520593534
0.0400558719885692 -0.110687850664244 0.0180148902389566 -0.0781872088617194
0.0583015826804271 -0.117239176239257 0.0233470194830613 0.00802926701059942
0.00702523426347087 -0.1176806421874 -0.0405477762335451 0.0275768634653602
-0.069973438812892 -0.0905738938951836 -0.0119677294483912 0.09306089706549
-0.100616588910619 -0.0269165567236878 0.0541893165066076 0.0836971576850478
-0.0724121581449406 0.0454692651862606 0.0914614355238569 0.00959162900808819
-0.0299225958862399 0.0631036258165722 0.0586213727349669 -0.035916851794915
-0.00233882828424678 0.0732846255601343 0.0220721248260532 -0.0446213517356202
0.0173778093453159 0.0728392357500646 -0.00317196903438776 -0.0318353108094084
0.0165217898418812 0.0759860767402246 -0.0115740729177925 -0.0238444973716628
-0.0166751151950945 0.067139337330313 -0.0146120656363293 -0.0182020023146192
-0.0498194129730477 0.0594051843144199 -0.0199125597947003 -0.0265812698288199
-0.0968683634703947 0.00942575186505473 -0.0154177993585406 -0.0370528757578407
-0.093087116258298 -0.0596269808559825 0.00648454957120657 -0.0424405106408067
-0.0218275501383517 -0.110361383330751 0.00819057918411252 -0.0471794479829063
0.0513101846632311 -0.125556943019263 -0.00349212926381433 -0.0477954886604728
0.072705246031123 -0.115970410399636 -0.00776189220029734 0.0418037107661526
0.026860239884904 -0.130106585030859 -0.0593497836116609 0.0477093353598382
-0.0636788119765395 -0.116133537601186 -0.0322560491057404 0.100198081814983
-0.113086555150356 -0.0473995558292942 0.0307353215163647 0.0981619667816253
-0.0906512487894289 0.0438957174434009 0.0741755089262588 0.0317034620790989
-0.0407101556979766 0.0694518173464811 0.0477589611424466 -0.00719392665431873
-0.0082292354668007 0.0815640911095435 0.0227003678425135 -0.0146393534747938
0.0155798742728581 0.0805125370842958 0.00318042070984125 -0.00489027933804475
0.016796135515681 0.0826734932197578 -0.00721558328748208 0.00368372185566754
-0.0159795173616177 0.0719614989282391 -0.0171036198949717 0.00858613794398623
-0.0493596771959862 0.0629715667982496 -0.029815177300353 -0.00678542927817591
-0.0990835970898788 0.0108215963475556 -0.0271320561638078 -0.0247564296970532
-0.0935095025928053 -0.0603155141077756 -0.00262637526105279 -0.0360465065616785
-0.0191254725450246 -0.110268483219714 0.00484858618673023 -0.0306514892592612
0.056965674230089 -0.121897665784404 -0.0220286034985662 -0.0137714407648486
0.0717832283816072 -0.0940312279385832 -0.0370710695998942 0.0723271746028777
0.0417963813356881 -0.115580095477694 -0.0738169288917025 0.0637381652401651
-0.042388297583265 -0.116526148660713 -0.049505522261386 0.0949547206451935
-0.100687186627472 -0.059723676980362 0.00362944147893139 0.0983500579184826
-0.0902361377264716 0.0322283177375174 0.0475264996023524 0.0490144408337612
-0.0431099426614456 0.0636659501112271 0.0318198165106392 0.0211366929924688
-0.0119835215654467 0.0761228937089989 0.0202469729426547 0.0164185054418989
0.0118341915566902 0.0759918023074219 0.0091574498431731 0.0224074813431696
0.0143777086618181 0.0775144887642165 -0.00221299684165074 0.0304007619585496
-0.0150537111950422 0.0676921026418633 -0.0190365471781111 0.0322440039873122
-0.0457475072812097 0.0571237304139272 -0.0379682894232744 0.011207022268064
-0.0889072248674806 0.00555533950116803 -0.0358552207401015 -0.0147584634503791
-0.0794080564043215 -0.0589385111164052 -0.00957486238768839 -0.029939260311945
-0.00791983645983394 -0.0976993765610575 0.00403709464991467 -0.0153931152414059
0.0583099379274505 -0.0998517113022561 -0.0381686739920586 0.0182530403039065
0.0554145861068685 -0.0562042476049837 -0.0595230171822484 0.0938664509472927
0.0441603143171465 -0.0788536495388937 -0.079221086243742 0.0739149408096013
-0.0174655744562941 -0.091059987598006 -0.0583874025940261 0.0807309742047916
-0.0695973054626394 -0.0554005706991646 -0.0175604039827827 0.0872184545527685
-0.0711392952760906 0.0170938694304672 0.0187721361869872 0.0577762690655963
-0.0355216441520024 0.0473085417879098 0.0146039935778681 0.0441883787798407
-0.012459489802908 0.0583469896748991 0.0164687392090592 0.043292533439144
0.00596855338759377 0.0596150168352713 0.0137660699512646 0.046094178836585
0.00817944848960273 0.0613057320390455 0.000928333087213148 0.0534988704575104
-0.0143113525926267 0.054613484066028 -0.0216595582754591 0.0522863208268829
-0.0387317431004873 0.0437530079258458 -0.047068048122099 0.0249457955516389
-0.0706602321706265 -0.0027953255355325 -0.0434157198070153 -0.00936945779882715
-0.0552714817545139 -0.0536733746765776 -0.0149162756605481 -0.0279277287621263
0.00607505153741222 -0.0756088657013066 0.00352615956176872 -0.00296925790231613
0.0548495863027001 -0.0645465544178241 -0.0519197438619323 0.0423362553423063
0.0285543055737928 -0.0086186761177963 -0.0666014657962117 0.103474662255058
0.0345845723336809 -0.0300114480971632 -0.0725076585812788 0.0784460656232183
0.00287502978614808 -0.0480940440928638 -0.0549446549891613 0.0640166781525315
-0.0309242133316722 -0.0372790280855193 -0.028454182209933 0.072396017506511
-0.0395860769218894 0.00379488679085248 -0.00160619817454426 0.0614438121782372
-0.0215214077295069 0.0246631492836958 0.00212024844727001 0.0584372286588897
-0.00947356904154398 0.0312514038085609 0.0131921861948312 0.0615004997346732
-0.000261139174519609 0.034403641394727 0.0168147012992236 0.0618658624446182
0.00144298505173495 0.0372019754151606 0.00169022766488799 0.0705113109325165
-0.0121392172019411 0.0356049774303728 -0.0267479984839742 0.0651465420773712
-0.0290981478188737 0.0265549734568233 -0.0566782323781591 0.0329512984846593
-0.0461575429709015 -0.00974175419282983 -0.0512805725677638 -0.00919497321268239
-0.0278038326120111 -0.0421734427260309 -0.0203950176317632 -0.0289832928897264
0.0188964774214622 -0.0457885192260138 0.0013101734354734 0.00364056049640672
0.0437347917786243 -0.0211557105183362 -0.0644759024460456 0.057430510863126
-0.019460233472754 -0.0202552829985142 0.0577799644802458 -0.075049294334444
-0.0184001262713712 0.0119521607712322 -0.00479739446151011 -0.0197592471169778
-0.000163176180758233 0.0214727682897335 0.0214446314753351 0.0354582064465906
0.01577100133367 0.00754344479048663 0.0622415040780766 0.0121513433074164
0.0109729497032268 -0.0073451214729768 0.0693334916610764 -0.0414090000722252
0.00458490889334808 -0.00830199231263993 0.0357385571565021 -0.0800617837042419
0.00721662346798735 -0.00601144045296727 -0.00692276828651981 -0.0825817887425123
0.00718395349426103 -0.00571744975800674 -0.0275156163240757 -0.0671173242250894
0.00866147303185944 -0.00185184072056503 -0.0245707608559607 -0.0666932057458203
0.00637505872394475 0.00499206624393994 -0.0108090146309105 -0.0663062534886885
0.00328591884269456 0.0135607318526026 0.00151302405791342 -0.0632931945448486
-0.00950588478438719 0.018779366444394 0.0190552177239032 -0.0593948609400148
-0.0289264327799056 0.00970403079490843 0.0407029903051411 -0.0563204421931781
-0.0291018560264723 -0.0168753937983132 0.037496335475549 -0.0743846715703689
-0.0143755502399101 -0.0364892775461387 0.0400324572230195 -0.110308009700118
-0.00360052481379952 -0.0674447649186395 0.0556893333348238 -0.0561571612686033
-0.0267734415446305 -0.0327755624932025 -0.00781371592419106 -0.0071852030783741
-0.0347962472337647 -0.00503749387569505 0.0245824408604675 0.051979861746427
-0.0236358421940866 0.0103782271714528 0.0732844833883389 0.0268646658197255
-0.00842765290661966 0.01792840016245 0.0820083060023127 -0.0394492548004682
0.000454221428422115 0.0183630729841282 0.043174444470806 -0.0795774345437277
0.0125434506746578 0.0245171833087282 -0.00141539377437746 -0.0830151508326689
0.0170753168892752 0.0233952424228306 -0.0248535563024148 -0.063682326769397
0.0150918006024406 0.0291285113655742 -0.02421176784008 -0.0612498307871724
-0.00337137731049434 0.0319928536795035 -0.0132014834047297 -0.0583746601848965
-0.0202661648437628 0.0328835114675151 -0.00387846630321566 -0.056879979637285
-0.0487796968157745 0.0138580665779146 0.0093766746808233 -0.0537944234197786
-0.057204423818411 -0.0207644322367809 0.0285929864682245 -0.0524327704383476
-0.0281319271004263 -0.0597174589962976 0.0209890747554663 -0.0712145701705702
0.00748116319947092 -0.0820223903442247 0.0242812811510398 -0.101289816439313
0.0159810293371476 -0.1052340385826 0.0461766277172944 -0.0263876072260896
-0.0258558588833829 -0.0784554346830692 -0.0164167695758821 0.0118676624576557
-0.0651821642751113 -0.0392364360417846 0.020717066813066 0.0728990085931268
-0.0661098155515905 0.00556251115647635 0.0775002201731884 0.048380682953959
-0.0340130654633022 0.0409376177860653 0.0904107752526329 -0.0281376630603004
-0.00761391088039948 0.0442102706565696 0.048618133235918 -0.0682008833347008
0.0139852614467244 0.0522517098546856 0.00629538892444292 -0.0721434573471755
0.0245944070894107 0.0489525715282665 -0.0191947531163689 -0.0505311135368722
0.0227031217538854 0.0550126014061584 -0.021590871380919 -0.045146833005791
-0.00695118820292424 0.0544403050650069 -0.0165120978818872 -0.0408924918135102
-0.0349876535403448 0.0523697768985679 -0.0139361000646373 -0.04396280665995
-0.0796205706207527 0.0187670496146139 -0.0046299063599898 -0.0461517866966105
-0.0843540644524998 -0.037538736488494 0.0153287879188393 -0.0475525259346863
-0.0335518191797087 -0.0899754824025482 0.00711505293859155 -0.0613787022848542
0.0222415568407243 -0.115716600327387 0.00441895155469013 -0.0783134155968492
0.0356783954044433 -0.126073715337527 0.0269344435842471 0.00991090590220633
-0.0155047418843107 -0.115593074251201 -0.0301520593389588 0.0357425521968872
-0.0838938825508625 -0.0746076110177933 0.00887388678952032 0.0916801988534645
-0.102223424801691 -0.00659087549224109 0.0701557822909887 0.0707600217164647
-0.0599441306162997 0.0559159360230942 0.0897987178418823 -0.00895776293510491
-0.0179338248659959 0.0644652853009456 0.0499191906612583 -0.0456555565849303
0.0116100149103658 0.073334980197705 0.0137165765909034 -0.0502718256348208
0.0284393990941786 0.0674961557737158 -0.0098657691596345 -0.029833212043008
0.0293002928001245 0.0716763916276413 -0.0160369171616989 -0.0218180153114527
-0.00552438959277268 0.0691633907932477 -0.0178552471681889 -0.0169259196487143
-0.0388006821790513 0.0665428766735972 -0.0233452305735895 -0.0253805022160158
-0.0952701856499911 0.0265578447839856 -0.0178793541513917 -0.0350002870914652
-0.101435621909652 -0.0425304081925106 0.00302109646405334 -0.040701896895355
-0.0390376653092121 -0.104883366829762 -0.00053075649905394 -0.0461878458358626
0.0313629116700155 -0.132210880288496 -0.0135743271931011 -0.0456642074832758
0.0495783015142646 -0.125844197230807 0.00179835459369275 0.0490767613574347
0.00187518821047263 -0.13100906352186 -0.0457539292899614 0.0601819369388281
-0.082786049661177 -0.0997234975219653 -0.00917185499404671 0.102163252553374
-0.118735856675842 -0.0238521853765683 0.0506987557222017 0.0882111260566089
-0.0785816322220848 0.0582534027876465 0.0772496426771998 0.0144919474711944
-0.0265302826819996 0.0733041984597369 0.0440779137999559 -0.0161044938300582
0.00701896653600177 0.0829735765164778 0.0194508677752806 -0.0211167067116222
0.0279918723596297 0.0752970573240835 0.000882976286016065 -0.00473384774361111
0.0310171879901714 0.07811947075016 -0.00733409026220906 0.00453954559248194
-0.00306342593357736 0.0742844111782134 -0.0163042409808405 0.00923287184870292
-0.0382100500233185 0.0702360035701524 -0.030285134493052 -0.00412515412835377
-0.0971020865238829 0.0288430327972466 -0.0276921594675343 -0.0223850408892136
-0.101891847584963 -0.0434966001238581 -0.00533165508505837 -0.033541333838576
-0.0363715534840437 -0.105122860018189 -0.00170788619737404 -0.0295336168947223
0.0380142727593359 -0.129218750600249 -0.0274606838110776 -0.00989858590096823
0.0526198617571352 -0.102897715383607 -0.0233212306973841 0.0822366528597589
0.0194617323083248 -0.118451246737054 -0.0589760196410852 0.0778256079829122
-0.0622760393412268 -0.104423429670473 -0.0279439958486367 0.100941027248076
-0.109161503593468 -0.0378106117634676 0.0249659412909718 0.0935280822298543
-0.0806652318129052 0.0469344313891222 0.0539212262241906 0.0368879437036629
-0.0300221937338803 0.0688658003580465 0.033359455272992 0.0141669460023704
0.00280127183779441 0.0783243267448612 0.0222299622212426 0.00931737938979478
0.0239886934027451 0.0717987313280733 0.0109164324441777 0.0203532423117503
0.0281891935600205 0.0737117057229539 0.00112571721365822 0.0302709255202756
-0.00278366529190083 0.0697284298990227 -0.0142301336438518 0.0335287772647621
-0.0347442622826004 0.0633540861934788 -0.0357724900954175 0.0146682016947708
-0.0877590184202891 0.0216343377104858 -0.0355314432402062 -0.010492347020336
-0.0876046043134299 -0.0443608588078891 -0.0119406472456696 -0.0268929917634963
-0.0233373520061454 -0.0944026496937621 -0.000122970518727287 -0.0144158286569524
0.042689830143471 -0.107353569835845 -0.0384594545449562 0.022804953443081
0.0433007309997688 -0.0622292239899098 -0.0428470946798946 0.10525846211988
0.027837994000705 -0.0827477211339447 -0.0638748308367117 0.0886524622065145
-0.0331538738477335 -0.0839438464273134 -0.0399185572047107 0.0888780812948305
-0.0787694172403821 -0.0396973888074013 0.00110401117179133 0.0876098795984533
-0.0651940667394282 0.0299812668588237 0.0283570633988396 0.0509917857716414
-0.0258971179733211 0.0524304877595362 0.0205934935191468 0.0394352427867381
-0.000578035279505938 0.0608217499757113 0.0231392870544317 0.0371916684608635
0.0161965219087121 0.057336615121335 0.0194335352058228 0.0417620850070746
0.0194564361079844 0.0593207245452454 0.00847736212782853 0.0523308203469698
-0.00404752503528235 0.056913012754763 -0.014011843891084 0.0536179470742677
-0.0308899601988717 0.0495745895059668 -0.0421540229982474 0.0305109795829825
-0.0703144092205029 0.00977350026151236 -0.0429793416655844 -0.00396567902037271
-0.0632866973531207 -0.0436438632312547 -0.0182128096524635 -0.0241978345063151
-0.00557340029941054 -0.0751219382480992 0.00128137437498381 -0.00307687545568385
0.0445372092164394 -0.0714345753299803 -0.0482187816677343 0.0483483626987884
0.026303013089277 -0.0108819685741678 -0.0493967487431706 0.113380730161797
0.0281411213716476 -0.0331643281863489 -0.0580648531506272 0.0900420250337979
-0.00572705574469928 -0.0460495965409695 -0.0419728937776232 0.0725590950635869
-0.037454135038137 -0.0295664881725502 -0.0143893980310525 0.0753732058670602
-0.0375184120958312 0.0115572464555675 0.00888329248026246 0.0590529283807508
-0.0159657745393151 0.0285500032246266 0.0119500748054258 0.0563085711545701
-0.00316581791567885 0.0336130116953031 0.0235499954398432 0.0564138330200956
0.00624882682490951 0.0337542397489142 0.0249578830550753 0.0562488016595046
0.00891988997291521 0.0369871868949545 0.01174005614792 0.067929966326636
-0.00490350082889147 0.0376093180485038 -0.0173929904135119 0.067024611293665
-0.0237177806665424 0.0310834004265123 -0.0506515518915945 0.0395898810443815
-0.0477701389431845 -0.000938372959444646 -0.0507258477336839 -0.00218670815027645
-0.034022862538762 -0.0364119613768181 -0.0237206556156577 -0.0251675551474231
0.0115001610116728 -0.0476364545058161 0.000671802536446796 0.00258608912088683
0.0406079331854321 -0.0265603461068876 -0.0568256601491901 0.0640014085341853
-0.0191073773831646 -0.0195397368587752 0.0529390720744892 -0.0754454765104913
-0.0177465812702521 0.0115545706332712 -0.00551991836078634 -0.018574332781873
0.00040492575434987 0.0211146907873574 0.0224263761395314 0.0344370179788278
0.0154524522236298 0.00710147131074648 0.0613027183747349 0.0106660623294048
0.0104381399767506 -0.00737467201442107 0.0659462814117885 -0.0428500999100654
0.00376549678722624 -0.00823545394753526 0.0314066145456457 -0.0800932809119894
0.00702369764378183 -0.0066319062938037 -0.0104127640049306 -0.079894420432319
0.00707336199412647 -0.00575763702511444 -0.02913142260971 -0.0640518405863986
0.00810601491408861 -0.00210220577340305 -0.0272680685981121 -0.0633725984487752
0.00630027153549283 0.00452736577153449 -0.0142587279381178 -0.063992144143611
0.00452757765862967 0.0127847048537521 -0.00117263334347088 -0.0620528073259294
-0.00832431064253902 0.018852979565883 0.0172784021265077 -0.0584310223516576
-0.0278951495785144 0.0107996707694206 0.0385844378110392 -0.0570315080479527
-0.0283750492018419 -0.0155076108696944 0.0347308514100933 -0.0732125958290438
-0.0156299775036847 -0.0352318244932118 0.0354334923707982 -0.109090741877695
-0.00654745206017412 -0.0659453581178998 0.0524069569089714 -0.0561395782812643
-0.0276925816837998 -0.0314501655732016 -0.0081705885900859 -0.00656116623367574
-0.0343870550171975 -0.00357814812987356 0.025756235740079 0.0507323667656637
-0.0228226796821213 0.0110436383083287 0.0720657984023271 0.0247567670149399
-0.00756784157210492 0.0177386184957795 0.0782852079976155 -0.041364383040711
0.000919110597816009 0.0178544899258098 0.039035573877122 -0.0795448678689208
0.0137844293221157 0.022929117040097 -0.00510033508424624 -0.0808264788070746
0.017894665432031 0.0224183419630462 -0.0266961164637797 -0.0607452450623664
0.0161515349726873 0.0273340142723032 -0.0271147486308506 -0.0580477436049381
-0.00221116220722662 0.0312774504673857 -0.0161865896821819 -0.0565525222654708
-0.0186535791825841 0.0326164239520202 -0.00610299954228789 -0.055673122040363
-0.0474185383673822 0.0150629095832697 0.0079445859283972 -0.0522969390026414
-0.0566520482045536 -0.0179216859253675 0.0268167480670665 -0.0517266468430107
-0.0295597848196845 -0.0572735995137249 0.0187301821589064 -0.070037515597257
0.00434495655473004 -0.0807188178110782 0.0207370145636295 -0.0997502993506596
0.0112267394345658 -0.103143902757993 0.0442430654493162 -0.0264867931487238
-0.0285942398769783 -0.0759163147099372 -0.0160770247194858 0.0125476428941095
-0.0653394972025676 -0.0358842844555 0.0221561877379614 0.0706376613484392
-0.0646464423452927 0.00840514741025519 0.0767547257547282 0.04507556130726
-0.0313202074316384 0.0411103744344723 0.0863155582455391 -0.0309463056910821
-0.00595265755018975 0.0434943405851367 0.0450290680284078 -0.0684396849904228
0.0162695448621062 0.0504853322228127 0.00293232192249434 -0.0702645426550453
0.0264829372769349 0.0464749243326315 -0.0201899114996867 -0.0479750754835432
0.0249270675201817 0.052103956797161 -0.0234527852319684 -0.0424606403552701
-0.00459244954410711 0.0535400965008156 -0.0184299535727389 -0.0389408244730871
-0.0315583807600813 0.0526845464027989 -0.0158573879904297 -0.0427956193610029
-0.0768588944004168 0.0217220323342406 -0.00548201533299608 -0.0448026639493259
-0.0836558735166661 -0.0329268442951588 0.0133715841893542 -0.047136292215207
-0.0360999018587366 -0.0867879876879118 0.00510690750890762 -0.0593363237921577
0.0172241730605115 -0.113937927061246 0.00161514418309978 -0.0766761436664196
0.0299745784066873 -0.124049399565954 0.0270621630111933 0.00964116988665362
-0.0194835989014914 -0.112440200455684 -0.0285253314918755 0.0362781767229256
-0.0844771582741708 -0.0695503008661813 0.0104673381533374 0.0898245857321021
-0.100700666136484 -0.002257100315208 0.070885356700781 0.0681595324709411
-0.0559625656884998 0.0569311081325359 0.0867734198509155 -0.0119649768560271
-0.0150622530953509 0.0636045042920641 0.0469904718817605 -0.0467560023020635
0.0151372319568811 0.0709288132586398 0.0111206563769919 -0.0494713926565385
0.0313397792594562 0.0640948519743416 -0.0107171752484907 -0.0281717417120482
0.0321014213662879 0.0677201949686385 -0.0164309450501881 -0.0202452678109209
-0.00245311750075047 0.0678281188487859 -0.0184603531845149 -0.0158612014750788
-0.0351766160970967 0.066205009040924 -0.0246012124164277 -0.0243225114177907
-0.0923678200166013 0.0304596876211175 -0.0181012059500359 -0.0338719899800019
-0.100707269298158 -0.0369777372325861 0.0023034268219931 -0.0399657032252365
-0.042132255804512 -0.101004117468564 -0.00157353189175524 -0.0445476291216408
0.0252110766509513 -0.130300574982014 -0.0150177775311242 -0.0439712781033443
0.0434573671954366 -0.124052326019433 0.00353248394933496 0.0484844749321218
-0.00291520530661479 -0.128169337591313 -0.0431398906589911 0.060231870331699
-0.083677688645269 -0.0944792260011973 -0.00748834607848817 0.100662571359248
-0.117474670128204 -0.019039547154581 0.052366888855719 0.0856971444353346
-0.0739113292122319 0.0595813014099256 0.0751142644030735 0.0115781876722598
-0.0232646463878317 0.0728072684732069 0.0432167524916141 -0.0173868565769931
0.0113770655786724 0.0806332463518577 0.0177054539451444 -0.0213448777360046
0.031207272181287 0.0720330233390066 0.000923279670459022 -0.00422717552355505
0.0343370984012122 0.0734218172867608 -0.00766446586146634 0.00483177702205073
0.000292291137458806 0.0726749483461589 -0.0154778424898045 0.00951971799519061
-0.0339350982467424 0.0698083649235111 -0.0303010794636339 -0.00313226955850372
-0.0938995059870603 0.0321881744649894 -0.0277100873025465 -0.0206044295808626
-0.101063159856452 -0.0379661730542779 -0.006093383660407 -0.0328675533679441
-0.0394719223465439 -0.101283110685744 -0.002231158164785 -0.0279118824997184
0.0311990143808496 -0.127211465995212 -0.0274420969298434 -0.0082549262205655
0.0472573344526162 -0.1019542392586 -0.0201266143511404 0.0818250086000834
0.0148131305463472 -0.116475228589603 -0.0550058905989694 0.0780532870117215
-0.0635077194124427 -0.100005828139759 -0.0252937868862451 0.0996702374768868
-0.108944211225781 -0.032954029590683 0.0272124113970506 0.0919220750228602
-0.0765356676110286 0.0489594135485187 0.0537128690722363 0.0336307158758435
-0.0263548186801238 0.068168732444395 0.0339360774053611 0.0129460648748609
0.00658341690193821 0.0764099242772848 0.022158336811573 0.00856973296786933
0.0267653603100128 0.0685311916785236 0.0114794035501771 0.0194127982050979
0.0308833905799697 0.0695870611822047 0.00219669787453301 0.0290243202745579
0.000552129647028161 0.0679086176657912 -0.0126315436931992 0.0329518485651411
-0.0313348167852948 0.063204264883764 -0.0346129657514112 0.0155526889645304
-0.0847363819383932 0.024779374638081 -0.0352034192437501 -0.00925554858897054
-0.0870916789683674 -0.0393614658597125 -0.01258670611694 -0.0261268390352544
-0.0262827507028247 -0.0911513993963147 -5.91636736050615E-05 -0.014108202506859
0.0369302598644976 -0.106341811336035 -0.0370328337240009 0.0243552821671827
0.0403059035452389 -0.0621336847294439 -0.0383360775640509 0.10488243766289
0.0250442950077749 -0.082159937662649 -0.0598079893893343 0.0882612245062902
-0.0345986303025792 -0.0808637525105045 -0.0373639242793349 0.0876173916145382
-0.0786809961494191 -0.0364296353110112 0.0037624381945672 0.0860253017502217
-0.0621205552708071 0.0316944487682968 0.0293946092926709 0.0490497127158397
-0.0226115784844232 0.0517110616264923 0.0223844001032283 0.0384376442239266
0.00226551211906431 0.0590551152427736 0.0243061706838186 0.0353477138304677
0.0185242410360871 0.0548168907853553 0.0209058642880889 0.0399331543198217
0.021815828212716 0.0561703402921522 0.0100614195120033 0.0499074030579768
-0.00134838265212295 0.0556427758149892 -0.0111761827519073 0.0522736658445308
-0.0282007549150336 0.0494794206666903 -0.0404198201839041 0.0309029586427698
-0.0690661330970654 0.0124709022852231 -0.0422862890873742 -0.00260676655289124
-0.0631925469981017 -0.0393777935116923 -0.0184590246182804 -0.0230762945665465
-0.00824943707846314 -0.0726131240528844 0.00122482387811286 -0.00303615026329756
0.0400764345724474 -0.071324171407796 -0.0456451731293059 0.0491043897547128
0.0248749949126119 -0.0108665472975218 -0.0445236026838836 0.112796072880067
0.026981593601729 -0.0338132438762063 -0.0543198180516828 0.0895870689386245
-0.00690879511320658 -0.0450735280031769 -0.0402013817995386 0.0719292189402852
-0.0379244939620234 -0.0281690188145953 -0.0119162174867359 0.0745854057570286
-0.0359599487893576 0.0127146728371491 0.0111253066912954 0.057795326916368
-0.0139888810861751 0.0276838630681969 0.0147970954898049 0.0551690338942512
-0.00146115907210486 0.0327481059707272 0.0257976531949683 0.0538693192717787
0.00767569869837718 0.0325277767159629 0.0265683938856091 0.0533224730628036
0.0103629943681141 0.0354713006158738 0.0140889457884689 0.0648064457477674
-0.00297222539847679 0.0367772706561853 -0.0135911169372423 0.0655167479079239
-0.0220612793526473 0.0314386474588993 -0.0481692375266723 0.0400324325994207
-0.0467616269714489 0.000605320723857615 -0.0498984179526913 -0.000459721341753824
-0.0342015295165103 -0.0344789518088226 -0.0244115479871783 -0.0240522673386802
0.00904221808538646 -0.0464418319273021 0.00100088455616298 0.00263148523999447
0.0382962840869181 -0.0271786570771212 -0.0535565864082671 0.0645385463214318
-0.0192521101966385 -0.01980145443794 0.0511283227998313 -0.0739755705968473
-0.017484731862624 0.0119381731445263 -0.00573294368907487 -0.018853844902697
-2.23757496560523E-05 0.0211171987305949 0.022453015722358 0.0341284628651614
0.0153418128388403 0.00687271810538983 0.060205229394181 0.0104807449080958
0.00976598119384776 -0.00712796467361611 0.0639367732175189 -0.0423335086611539
0.00342184030946424 -0.00813078936743557 0.029076405491056 -0.0791050036919208
0.00660961723545418 -0.00722159633965818 -0.0115870283458532 -0.0777361009315014
0.00676797361533235 -0.00587810569569192 -0.029552287254263 -0.0617333439576047
0.00760551897032068 -0.00244044015201115 -0.0278387865849343 -0.0611100630345563
0.00664677102249113 0.00451187094088207 -0.0154570095741426 -0.0634144620995771
0.00486325368836372 0.0124744893056664 -0.00192716377551727 -0.0610351015772147
-0.00836970108883243 0.0182486402377723 0.0169944085706709 -0.0577655943666679
-0.0273670766922875 0.0113447025400287 0.0383181974125576 -0.0563062700434898
-0.0276768703719979 -0.0149568469974093 0.0335943739830775 -0.0714695022279655
-0.0149435847243204 -0.0344811576816702 0.0341467387108338 -0.107538888331214
-0.00705163231816304 -0.0651108246152326 0.0508404799075294 -0.0546191287436131
-0.0277207002270445 -0.0306226257694445 -0.00831955105624525 -0.00614783383635547
-0.0341370503936951 -0.00285690739123544 0.025283621200277 0.0500950505886413
-0.0222048545206559 0.0113371497308254 0.0709237303903835 0.0242095383544392
-0.0067311416903919 0.0175316308691352 0.0753118271745464 -0.0411325618372415
0.00124182285707701 0.0175869757418673 0.0366235683908195 -0.0790724936325573
0.0141337702595377 0.0214560395037705 -0.00677807758084661 -0.0785594694279387
0.0183057619285206 0.0209635707127533 -0.0267492107557486 -0.0580439909621761
0.0164407885606574 0.0261361438748575 -0.0279383105623891 -0.0559147389528444
-0.00121510334289106 0.0307317403931055 -0.017159106726469 -0.0553677471075084
-0.017339557789755 0.0324757431023767 -0.00685918285432612 -0.055150768401856
-0.0462323525631219 0.0162871035366718 0.00791806726151944 -0.0516701117926208
-0.0561297135361195 -0.0168735672864268 0.0266726538073315 -0.0515958382649801
-0.0289003645291995 -0.0563982440749006 0.0178581812995168 -0.0681489856836074
0.00394582472110453 -0.0794928985223369 0.0192184680703803 -0.0982341733231032
0.0101966356003853 -0.101334666899612 0.0431690470710982 -0.0258900246392468
-0.0290226893843371 -0.0745442886741067 -0.0157456163220547 0.0124548766949241
-0.0646822146233075 -0.0344726584576313 0.0216781550014326 0.0702468474782959
-0.0640596332343927 0.00906204503689615 0.0761483006787862 0.0451896219631696
-0.0300970033993453 0.0407902549127803 0.0839882943963651 -0.0312519689912651
-0.00516057746177764 0.0430188768474069 0.0435163601631089 -0.0678922645664949
0.0174976069331181 0.0491541532438852 0.0012983863847182 -0.0688045423268284
0.0271502866144037 0.044973841298556 -0.0200513543724636 -0.0458697937966176
0.0253151899750441 0.0498377063789071 -0.024366287352379 -0.0406993614074836
-0.00337755297595668 0.0528605314199372 -0.0191811660717453 -0.0381768957890306
-0.029862108293927 0.0519629621523075 -0.0162621160309061 -0.0422891744023998
-0.0753865546979483 0.0225730381662736 -0.00526911662450603 -0.044300868754871
-0.0827021620348443 -0.0308431546779912 0.0133212028691688 -0.0465988084586873
-0.036047474924827 -0.0847736318493073 0.00483728708897674 -0.0580777306233902
0.0158510299605014 -0.112010457741081 0.000741164654092069 -0.0749634398660524
0.0278744076542067 -0.121972103805594 0.0268260779201736 0.0102991764218892
-0.0203602550037024 -0.110090206657438 -0.0283016829372171 0.0361268820436461
-0.0835355240485977 -0.0675442748051763 0.00990667161259992 0.0887215833447352
-0.0998132776158423 -0.00111024850249623 0.0701337063291473 0.0677416468260114
-0.0544905020774089 0.0564638795717777 0.084793774967792 -0.0123232118751036
-0.0138587324811603 0.0625606987840503 0.0460270912908935 -0.0461373440641259
0.016790424939195 0.069385468778503 0.00993616510805917 -0.0485514078583143
0.0319062595072938 0.0621210379488711 -0.0102754641515867 -0.0269007169462582
0.0323536277017711 0.0650123865378373 -0.0175431045822824 -0.0190517889114159
-0.00126507228984797 0.0667946301847782 -0.0185522246048773 -0.0155425241641662
-0.0333009656472888 0.0654583603061566 -0.0245441274094541 -0.0235939208912111
-0.0906254913453585 0.0316457167169912 -0.0184288660523719 -0.0331771484245211
-0.0990525506909131 -0.0350075422756946 0.00198551659717561 -0.0398961119792497
-0.0421720635213987 -0.0984797774895593 -0.00140264304074165 -0.0435995754560165
0.0233046164462212 -0.128283943231034 -0.0153375540425318 -0.0424268668080538
0.0412000929126244 -0.121790301264817 0.00426096508639052 0.0483999659702579
-0.00386616428443287 -0.125582300508186 -0.0418413186805378 0.0591360280525905
-0.0824534927480955 -0.0921376772120531 -0.00771321034909123 0.0994016052825541
-0.11668022660229 -0.0176805942007406 0.0516215087012423 0.0855069149543941
-0.0713660405776075 0.0587636529025334 0.0726709043494478 0.0112786501292961
-0.0217790960964064 0.0715444544781798 0.0428957385785319 -0.0172913588825283
0.0131331394892788 0.0790234999705018 0.017030929976711 -0.0210749172877249
0.0321548724666024 0.0695378659247107 0.000957526008034318 -0.00401676425550436
0.0350091412382517 0.0705216071945063 -0.00761847646584027 0.00505156072006027
0.00113413746988022 0.0714472339879759 -0.0150434707408885 0.00936395073405194
-0.0325600378527652 0.0686624454164849 -0.0300332632256517 -0.00286317827765338
-0.0918635035985704 0.0332119063042838 -0.0278349577391956 -0.020653316447035
-0.0991180953751258 -0.0358430814887265 -0.00637218504107571 -0.032365624906132
-0.0397921218197579 -0.0987830748637448 -0.00209609361311101 -0.0273059699775509
0.0289922505520879 -0.125233279240764 -0.0270953474095385 -0.00751353479415965
0.0458350842441319 -0.100002170639634 -0.0188067666967938 0.0811165159913763
0.0142091980343412 -0.114850409423906 -0.0537891800251571 0.0768171561799877
-0.0628833641867023 -0.0975874188549947 -0.0255976599072406 0.0980985210084616
-0.10779163159168 -0.0314632807713893 0.026884745794253 0.0912089812952238
-0.0742000654780281 0.0489368717294299 0.0525339301696799 0.0329448427429608
-0.02481445229099 0.0668069954711049 0.0341186617760399 0.0126159436627979
0.00827627937010442 0.0747408298884887 0.0219086161638891 0.00784423161947989
0.0276782725401556 0.0666902697156835 0.0116654514293369 0.018942287351864
0.0313323387724781 0.0667000577468877 0.00202108815885705 0.0281557540596704
0.00174169555179474 0.0667454370151921 -0.0116457178283915 0.031825462107621
-0.0299457324590073 0.0624951490314967 -0.0340735818864846 0.0151380483530473
-0.0833743590918038 0.0257938475495664 -0.0346758763742741 -0.00930427064928361
-0.0853228500621216 -0.0377097201988333 -0.0127533613532296 -0.0258011958750631
-0.0273237015588488 -0.0886654116786536 -0.000163899699755646 -0.0134072405574531
0.0347350923082037 -0.104409890804019 -0.0361810327361482 0.0246031643186822
0.0388480669500329 -0.060621063879393 -0.0365762490609145 0.103507530313094
0.0241869024893806 -0.0807421121470374 -0.0583523748048426 0.0868249310961073
-0.0345115287159596 -0.0792638311227826 -0.037681760872652 0.0864690181769908
-0.0781778340941185 -0.0348683943351767 0.00396505255243221 0.0852966890895778
-0.0603118081605044 0.0317381259808579 0.029300999666274 0.0481845691689095
-0.0215757384043685 0.0506740892238844 0.0236888136048271 0.038224681212575
0.00347989899767122 0.0583499103628553 0.0247631757341534 0.0341902357494964
0.019514850843854 0.0535212464955878 0.0204379061000532 0.0379383845402987
0.0224873820660047 0.0540201122032321 0.0104795116818609 0.0481365019748375
-0.000251595942915389 0.0544100598863908 -0.00982247213775616 0.0510733790814437
-0.0266928359930079 0.0486137699528601 -0.0396411893500016 0.0297635326119514
-0.0678552223585376 0.0135373153130115 -0.041647483902318 -0.00224171817893681
-0.0618835720944191 -0.0379000195563659 -0.0185978175528201 -0.0223994221632448
-0.00910684135719869 -0.0708953079444272 0.0013549502713971 -0.00324478298238817
0.0387826526346689 -0.0697599972043132 -0.0441182327216406 0.0485178838259674
0.0245938045026793 -0.0103869458940837 -0.0430418276907355 0.110761775970444
0.0260844691403687 -0.0334508007664933 -0.0527004409553883 0.0880327604263978
-0.00659629193402511 -0.0442844412295979 -0.040249992440565 0.0704552250988315
-0.0379880017236713 -0.0267854372688207 -0.0109543985595945 0.0740454708827633
-0.0352537008595915 0.0126418825447002 0.0115843670964156 0.056758011268764
-0.0130471483042861 0.0266494248798986 0.0160622023528002 0.0546914646707957
-0.000940405637998327 0.0321099294927437 0.0262748746092349 0.0524357109960733
0.00836892397850346 0.0322649315754347 0.0265803780136842 0.0514425044239553
0.0109730217061606 0.0340925876903408 0.014647750516902 0.0626934462262433
-0.00259978108389095 0.0362454109784753 -0.0121010832248511 0.0637674926633318
-0.0212011963102747 0.030927310927763 -0.0467023976201659 0.039531844871604
-0.0462777572873959 0.00151916715130332 -0.0491986851350713 -0.000458042258011181
-0.0334437946491764 -0.0334681344569822 -0.0238642678605662 -0.0235027746536967
0.00866966529052669 -0.0449510524156722 0.00161206427259033 0.00220883840498947
0.0376369779185039 -0.0268396005914641 -0.0515141217743653 0.0639305991685355
-0.0192098586942542 -0.020607388688268 0.0515900142590386 -0.0732717845434297
-0.0176526843980419 0.0114808506358164 -0.00624993069010544 -0.0187165823993335
-0.000707625184009581 0.0212471270188647 0.0223721049496885 0.0352526995837938
0.015203354293632 0.00714252097605823 0.0601177383069676 0.011345049794407
0.0100762868676357 -0.00714989011549318 0.0639525086017353 -0.0416073047527027
0.00328088725401341 -0.00810042043908543 0.0284366533725209 -0.0791577863669318
0.00681960878262178 -0.0073546247246304 -0.0116702217356355 -0.0777764929802557
0.00700517327962061 -0.00624436158123436 -0.0289852155473121 -0.0613173945202594
0.00800032798142968 -0.0024892060230881 -0.0282759790981139 -0.0607513809513586
0.00655550623328389 0.00425941956230233 -0.0161833926373935 -0.0632335690997947
0.00518933317014378 0.0120373915481915 -0.00160883212982359 -0.0614627350592941
-0.00844204418063094 0.0183398181320803 0.0183864881304589 -0.0575130632924594
-0.0277245770433914 0.0108856224898749 0.0398195216622516 -0.0564114247493578
-0.0268628400319156 -0.0161946864031349 0.0346912152919318 -0.0704429131634716
-0.0143129681746935 -0.0354468067050174 0.0355188447628219 -0.107433896564281
-0.00655870645186716 -0.0660805655647547 0.0511414782705677 -0.0541608894440075
-0.0277281153071109 -0.0311715404293572 -0.00861162254367941 -0.00670826215532823
-0.0344319664451866 -0.00275641191997352 0.0248373651708271 0.0510934890090618
-0.023074834402837 0.0117570231358913 0.0713889398390779 0.0256048597191364
-0.00718035579211291 0.0176628945715785 0.0757148526458105 -0.0402914896601354
0.000991448951378913 0.017816568577057 0.0362293486317387 -0.0793609473080049
0.0145350706461289 0.0214692094238336 -0.00652240036268633 -0.0782391918481388
0.0188960936068618 0.0208798859094237 -0.0262831624019047 -0.0580275317962723
0.0162174852837557 0.0258344065171531 -0.0280429854574407 -0.0551829144283957
-0.00126166619783026 0.0307813186024451 -0.0179409128263466 -0.0553875547423389
-0.0169625795618755 0.0324512364627469 -0.00656951395706561 -0.0552893669773205
-0.0463399739100646 0.0158978461732483 0.00848243105804438 -0.0519592775273536
-0.0555932879980125 -0.0171673468077136 0.0278138475262215 -0.0517656795071077
-0.0281620170844221 -0.057040159476016 0.019121659280134 -0.0674619857570342
0.00464442646695099 -0.0797569899553136 0.0204599039295166 -0.0980891221994055
0.0102991645252381 -0.101763570102065 0.0434660853174318 -0.0247595575425808
-0.0289365824150099 -0.0751262192847243 -0.0162645232670364 0.0121558985244418
-0.064829406133811 -0.0346404046618955 0.0202213342036133 0.0711073637332193
-0.0651499777494935 0.0095568652029346 0.076117602530463 0.0469190059533483
-0.0301487749935814 0.0406919625947199 0.0837139640803232 -0.0302575379010147
-0.00563977047593286 0.0430325195872094 0.0432144630905693 -0.0676876512692776
0.0180993791913428 0.0487920236115055 0.000953191672269401 -0.0682436305765609
0.0275965999921032 0.0444777491737031 -0.0197907038826401 -0.0457030177496157
0.0250487540295811 0.0489605180399464 -0.0247954592492928 -0.0399781166244923
-0.00339822125071258 0.052887412305749 -0.0196344948481633 -0.0386213329465345
-0.0297168694029792 0.0517499526397925 -0.0165169262942471 -0.0426763586841749
-0.075803081386712 0.0228695345436205 -0.00495185556724561 -0.0441716942574938
-0.0825150916088905 -0.0314880105456451 0.014386043114607 -0.0469331915581407
-0.0355760240964147 -0.085053802903917 0.00558504749109966 -0.0577074684876413
0.0166298753001353 -0.112571280312498 0.00143401951549745 -0.0746667292690483
0.0285360597348663 -0.121889518016652 0.0266643633836451 0.0110029113663735
-0.0195506175628652 -0.110457949889973 -0.0285885363231465 0.03549002199701
-0.0833400429449449 -0.0680481638408537 0.00809566727215812 0.0897847561833538
-0.100833099528648 -0.000876856264977328 0.0700774825682647 0.0697385209533276
-0.0546322683014861 0.056296587840672 0.0841153869088126 -0.011152579702895
-0.0141318195655106 0.0626766754796152 0.0462860814785766 -0.0461412392134332
0.0173634635487431 0.0690286856506934 0.00941521199938259 -0.0478348745538074
0.0327959750732375 0.0619669182921847 -0.00981854582328161 -0.0266151580317598
0.032487476634758 0.0641128722898497 -0.0178255174020379 -0.0185439284276936
-0.0010189059261421 0.0671066277919379 -0.018517095675329 -0.0155698888676541
-0.0334195571749493 0.0653971334730903 -0.0249765893429788 -0.0240961108351238
-0.0909029474086775 0.0321517317631742 -0.0178647939501708 -0.0334273534396158
-0.0991280177905479 -0.0350074327607081 0.00317501391948792 -0.0403745593392369
-0.0419058409528357 -0.0988127272178199 -0.00098154196726325 -0.0430153392427662
0.0240191352080703 -0.12822835773396 -0.0146629544956148 -0.0423735958862304
0.0420502158780116 -0.121302614570576 0.00394719283837259 0.0489672731157402
-0.00314645740816042 -0.126591094966539 -0.0429839784584597 0.0588197868503477
-0.0816704666330659 -0.0928865377335819 -0.0099296521040842 0.100273695502235
-0.117703002344914 -0.0169679473664644 0.0516416468245186 0.0871470011234674
-0.0718589491726048 0.0586114224788911 0.0725707739331814 0.012473134397447
-0.0220577009353969 0.071343028180098 0.0437151877969754 -0.0171642066243468
0.0138356019263265 0.0786839458346026 0.0166538469951618 -0.0210811551175862
0.0330760343321614 0.0696893728318459 0.000948488957199412 -0.00367825798372068
0.0351038933827724 0.0699331809150638 -0.00791592132422833 0.00557941693062409
0.00161004418065001 0.0716521321972974 -0.015281951262243 0.00862087118167857
-0.0323622279468744 0.0686456911552121 -0.0303210228788756 -0.0035990614840283
-0.0921286736554319 0.0337951348787129 -0.0277048846733085 -0.0207566485968122
-0.0990673229559242 -0.0357059933338747 -0.00558343008253259 -0.0328086370625179
-0.0395068301366696 -0.0984307408228835 -0.00128042451710247 -0.0275572963076273
0.0295006222566531 -0.125258859875914 -0.0270062442287075 -0.00719633163177531
0.0464636400189749 -0.0991765992215988 -0.0195708201685572 0.0812928786787864
0.0148396765454643 -0.115158129431793 -0.0545200464238302 0.0761926409893893
-0.0621920321311513 -0.0983777249438749 -0.0274723779983467 0.098457039593711
-0.108847395076471 -0.0320646892431994 0.0265941920483312 0.093002978441063
-0.0743991608651439 0.0483432472181673 0.0518108661287123 0.0339006704370822
-0.0252573732538886 0.066597445708744 0.0348466034101044 0.0131248793834982
0.00899876527417538 0.0747531872269929 0.0220112428035399 0.00789421916672295
0.0287280464613912 0.0667491112011283 0.0119496967695628 0.0188888725550014
0.0318120036146987 0.0662565468972764 0.00176050501359081 0.0281972621005972
0.00187486190566203 0.0666574865442146 -0.0114235745663952 0.0312084011736758
-0.0296747792743201 0.0618590709803139 -0.0347197718574688 0.0149124826850525
-0.0832767016689425 0.0260531009204311 -0.0350837448540482 -0.0100962271523141
-0.0852931555494136 -0.0374439991198892 -0.0121546610535421 -0.0262068976736088
-0.0266022198359307 -0.0884897330117539 -1.672594104434E-05 -0.0135286000472567
0.0347858527078937 -0.104299204658181 -0.0365877833305365 0.0245531220657826
0.0392394138780633 -0.0598978083321164 -0.0381451699892778 0.103405836416169
0.0250338166849554 -0.0808102444152627 -0.0590035796178392 0.0862843852523798
-0.0335877762405598 -0.0802248535162497 -0.039583390970749 0.0863005627703476
-0.0787005007922902 -0.0350977705911756 0.00286423930505477 0.0862300319326023
-0.0605407488786926 0.0313437179669906 0.0283629215142856 0.0491483980679504
-0.0220912731138931 0.0499863318528054 0.0244120164248568 0.0387613347336587
0.00369436923646637 0.0583975974628182 0.0254195803985572 0.0339918396814659
0.0198593800247405 0.0533941958448658 0.0206116400123069 0.0379248939329176
0.0230552754167127 0.0535823133064361 0.00982454229775929 0.0473123976110302
-8.45124240017731E-05 0.0542793858093523 -0.00952235553535958 0.0500806558282748
-0.0268428390977923 0.0483820494054321 -0.0396620897991835 0.0292033127634352
-0.0681675331032331 0.0138771638141074 -0.0416853849844237 -0.00274648591390807
-0.0618559187980825 -0.0379298475117287 -0.0179216420552436 -0.0231243483278763
-0.0084975607183805 -0.0706437539994856 0.00158513305904892 -0.00352067675797894
0.038861946230745 -0.0700332153916 -0.0448280375117054 0.0489708184504625
0.0250138184546574 -0.0100598209222542 -0.0446928623717289 0.110553389232938
0.0265707586220673 -0.0334407697928824 -0.0541984261777356 0.0872687981323004
-0.00624393609632695 -0.0443397755788691 -0.0416587579371132 0.0699986013109353
-0.0381223737862658 -0.0272742461586517 -0.0116963254237169 0.0746802217013267
-0.0352247315817313 0.012464131598821 0.0109558355686142 0.0573834775391879
-0.0132746840004938 0.0260849402681889 0.0168766416797311 0.0548075445731305
-0.000633965253205335 0.0321546988263263 0.0269160423802101 0.0519369712054112
0.00840917168024015 0.0321981681266207 0.0265329638899306 0.0509149001869943
0.0108724461142855 0.0338683818635219 0.0140147280712307 0.0619832460331476
-0.00214741831087879 0.0363168458051028 -0.0120023208931096 0.0626924842554009
-0.0211343079712311 0.0309982247116144 -0.0473761754089199 0.0386511326510051
-0.0463847217832744 0.00184020498246941 -0.0489682835653563 -0.00152269458820817
-0.0331537861727847 -0.0336475847338446 -0.0237764008159282 -0.0241522920738028
0.00901739083647428 -0.0449697236808717 0.00181227156538282 0.00224629635448736
0.0370389363282568 -0.0265022750978441 -0.0520392118000388 0.0636925162274051
-0.0199198945277304 -0.0221083395882951 0.0533058482280881 -0.0748970546846493
-0.0186727040880459 0.0116212296190881 -0.00710703496297248 -0.0191924584077584
-0.000827697737921651 0.0225254637826792 0.0226576818226502 0.0364935134327584
0.0159080752264434 0.00761680502120113 0.0617434999328753 0.0128465372541402
0.0100395907707635 -0.00750472802435988 0.0651564544650249 -0.0422086235263443
0.00316194238319838 -0.00794479601506707 0.0284863150009941 -0.0811615897618844
0.00716696550159651 -0.00812983537397965 -0.0127270248025015 -0.0793032683474229
0.00745380027411452 -0.00645459640583088 -0.0299073297977054 -0.063186244773677
0.00820878983961131 -0.00250660914615618 -0.0299860358704618 -0.0618386339103288
0.00683329693660397 0.00444414621562572 -0.0175722974161703 -0.0651202890727454
0.00584827318828641 0.0125802280268107 -0.00155661601754663 -0.0636551275640052
-0.00860738634230436 0.0192264057039015 0.0202257753240911 -0.0592553096471985
-0.0284285230099474 0.0117013593425257 0.0416693665877632 -0.0583295756875312
-0.0271870851020009 -0.0169859366636999 0.0365316639862241 -0.07180092541795
-0.0141811165880575 -0.0366750633421221 0.0371322704904765 -0.110358284816717
-0.00677552637976744 -0.0683107317555946 0.053131353105157 -0.0550105052589054
-0.0286688471995369 -0.031983992617335 -0.00953495198753516 -0.00707259694313309
-0.0360124751353208 -0.00257605058021036 0.025069228489762 0.053556705857704
-0.0236555232036617 0.0123834435676185 0.0729828068711547 0.0275170420002913
-0.0073855923308324 0.018539669305587 0.0772305796941544 -0.0406713046275835
0.000658660660521014 0.0186852177609745 0.0366819320938296 -0.0812106461557727
0.015542764081036 0.0216337279034307 -0.00782723127583486 -0.0797880844714653
0.0196230627612087 0.021001126892705 -0.0268580330422653 -0.0593375643856802
0.0168489332448649 0.0263278974354416 -0.0295749493618511 -0.0559979498959203
-0.00124565886808718 0.0319923988741785 -0.0189354715034165 -0.0575094901887157
-0.0164841450084477 0.0330246157453834 -0.00716148096016 -0.0579199489556708
-0.0479185125576865 0.0170721025399524 0.00996026678663062 -0.0532007079832561
-0.057461329927122 -0.0173172627635496 0.0298212313118623 -0.0536068623349575
-0.0283329836864698 -0.0587810549554941 0.019936455656372 -0.068741110188944
0.0052548617063051 -0.0827498583612484 0.0211976461423888 -0.100593327854687
0.0110939123534007 -0.104828254931103 0.045030875093935 -0.0247005821407718
-0.0298766740251027 -0.0773089744488298 -0.0170453925552734 0.0123133791700415
-0.0668394688688393 -0.0356920317942711 0.0197915118551001 0.0741713797899665
-0.0677703674467194 0.0105559275633549 0.0787231786248394 0.0493780540017467
-0.0309538408355095 0.0419956848979151 0.0857167446223267 -0.0303262478565751
-0.00554093633999074 0.044714133192764 0.0441893040977243 -0.0700644387311968
0.019253929092805 0.0494964162153864 0.000148833180779466 -0.0694478038592005
0.0294224221861093 0.0454440112260966 -0.0199905228108101 -0.0467473243348495
0.026311614661427 0.0500058103025765 -0.0259882511598884 -0.0408610987682808
-0.0031323964985125 0.0545723723674773 -0.0205881557978943 -0.0397697139653788
-0.0301811577940014 0.0531199088897042 -0.0174866831252753 -0.0443849544447099
-0.0781620226374892 0.0241645453454984 -0.00447493565450558 -0.0455054914686385
-0.0847677160450649 -0.0317956689601754 0.0159922155514507 -0.0487105338053967
-0.0357891302890688 -0.0879684014536114 0.00650919314967313 -0.058714199646985
0.017152806365579 -0.116043854736192 0.0017729042314674 -0.0764286695180105
0.0297465134267964 -0.125397953462043 0.0278616067870071 0.0120708933323998
-0.0198992204430349 -0.114009399475641 -0.0299361546093453 0.0357437561118981
-0.0857210601700786 -0.0703807914211467 0.0067663239778496 0.0933539039977451
-0.104702399623393 -0.000554632774812354 0.0722039424201681 0.0731480087744682
-0.05596322326819 0.0582743894388532 0.0859534047143976 -0.0106343895832979
-0.0147915747815001 0.0648782915030136 0.0476607738008389 -0.0478323377096148
0.0185902271289565 0.0707017133982306 0.00890357254596664 -0.0486832316498444
0.0349279959237215 0.0633531172988016 -0.00977415127940871 -0.027147329435901
0.0335470142707142 0.0652270169707058 -0.0183117993837059 -0.018681711818082
-0.000693753145428027 0.0687840962108548 -0.0193957931060015 -0.0167619836425987
-0.0337868554932952 0.0668220965792893 -0.0261972842256661 -0.0252365370504572
-0.0937157791427746 0.0337018916687665 -0.018133292722991 -0.0344182386586865
-0.101925677741473 -0.0356312985584627 0.00382312641576786 -0.0421237874477937
-0.0427126970998683 -0.101631313983528 -0.000368751458775292 -0.0441942756270474
0.024811496711625 -0.132507242013205 -0.0154872063392001 -0.0427933171896334
0.0438824358184032 -0.12434032631426 0.00415445558992345 0.050854047421819
-0.00251692773860821 -0.130094811277533 -0.04437758169569 0.0599892785245365
-0.0841168945705562 -0.0961199153350417 -0.0119111551305023 0.10385743043386
-0.122419052580871 -0.0174618233919933 0.0534991895359721 0.0912087347257061
-0.0736004504344221 0.0605995372095384 0.0738834614752556 0.013423808350407
-0.0224329200192787 0.0733160153546402 0.0454999017093243 -0.0174374637585158
0.0151340215938363 0.0802296990839147 0.0166627982713986 -0.0213517447344669
0.0350853317479392 0.0710538722966009 0.00176044686967616 -0.00368567283203191
0.0364600644930015 0.0710349793945376 -0.00839915539908486 0.00599446638016591
0.00214783355754137 0.073513228995754 -0.0160338530178456 0.00843049029778338
-0.0328303610201426 0.0704486609216811 -0.032049257803498 -0.00415894466678395
-0.0945700404243753 0.0354297777546636 -0.0283313838419957 -0.021540054371815
-0.102085747589816 -0.036449390119111 -0.00486017246160076 -0.0342895146112967
-0.0401451028956462 -0.10081449593211 -0.000862154294003939 -0.0280619148808242
0.0303577662235344 -0.128833723380358 -0.0276967647897821 -0.00678087045574328
0.0483902485833672 -0.101332767352189 -0.0203547857107112 0.084053078447236
0.0156769438409104 -0.118290965582541 -0.0567290893211157 0.0780654121074887
-0.0633960404859594 -0.101447820635949 -0.0304936118911413 0.101721608204193
-0.112459628677774 -0.0324693839046783 0.0272820070224405 0.0961607803539019
-0.0766218237225768 0.0498071710813163 0.0530767299641245 0.0353481274484935
-0.0260530198129982 0.0682541495226279 0.03703576763191 0.0137777819261357
0.0099794979922189 0.0764833997221221 0.0226173301314715 0.00862973173863554
0.0304119522476508 0.0683262623198864 0.0122148839414989 0.0190242807303319
0.0328547749088172 0.0670128267953412 0.00173696353823466 0.0290483937173112
0.00226031557046901 0.0685798418988763 -0.0118341125041773 0.0313011795446927
-0.0304838119876698 0.0635083525209568 -0.0362646952170266 0.0149688612098264
-0.0857541827270384 0.0277628644828854 -0.0360333143247201 -0.0100983387809216
-0.0874834875824731 -0.0382075215019059 -0.0116953363243936 -0.0277126052901765
-0.0269522907947298 -0.0902788719798492 0.000606166822312139 -0.0143599810446726
0.0361612973124019 -0.107047693213789 -0.0379768419717615 0.0257799272553335
0.0411987776245913 -0.0609865358795417 -0.0394984615651825 0.106775339141273
0.0259484941594211 -0.0834218182652789 -0.0618068437156197 0.0879911454659202
-0.0342591720714072 -0.0823942122773158 -0.0422086023028586 0.0882654591779778
-0.0816366448566009 -0.0360432325680065 0.00291945525563147 0.0897406513777591
-0.0620557341932955 0.0323097887488401 0.0289210511942321 0.0505969202028248
-0.0223527750765445 0.0511478370384146 0.0259194649832213 0.0400760320888626
0.0047166077373514 0.0595126114689479 0.0257973865645382 0.0346092857771796
0.0210147585598582 0.0548767587007392 0.0213261821420013 0.0386160899876133
0.0241654260674969 0.0551513275898635 0.010310508395743 0.0483369622283716
0.000111821671231805 0.0561652018034774 -0.00970171388388561 0.050242117229204
-0.0275154822128798 0.0499663620338471 -0.0412571292016721 0.0301158097127182
-0.0702407657728591 0.0143423104336306 -0.0430480267797722 -0.0032645160344988
-0.0635246863575837 -0.0389112554135262 -0.0180389556058413 -0.0242147161361483
-0.00848192292710999 -0.0718633519821624 0.00217090217622268 -0.00393055128541657
0.0394422671143901 -0.0713175646226089 -0.0462218873914112 0.0508183550904429
0.0256545854038231 -0.00992462974417309 -0.0468137243331303 0.113829728807331
0.0276020919004262 -0.0342122361066934 -0.0559959021261449 0.0892921736498817
-0.00585927424512621 -0.04604627855034 -0.0444082619833516 0.0718864388218299
-0.0392682770150852 -0.0283135668632541 -0.0127361429464393 0.0770419971662408
-0.0359170772795403 0.0129460909731869 0.0113990501141094 0.059284102923891
-0.0135353384972478 0.0264660608140266 0.018044122732177 0.0570607631907662
-0.000763199945574697 0.0332208666112927 0.0282877273264561 0.0528658998406813
0.00911238762722192 0.0332086353997072 0.0270172271464973 0.0518609385053526
0.0111362519306527 0.0347072551827265 0.0147359974251383 0.0629226629345166
-0.00184596270936825 0.0374458474391575 -0.0120807682682754 0.0634139063234971
-0.0219187351404749 0.0319737066472796 -0.0490026544505295 0.0393605889216492
-0.0480692790583195 0.00150661641351806 -0.0508370731913934 -0.00187208710267934
-0.0344513844102047 -0.0344320429831951 -0.0238555355253442 -0.0253330414188258
0.00974032787635666 -0.045924035410519 0.00236873502557342 0.00170737716854995
0.0380868430445378 -0.0270915099549787 -0.0537417281736054 0.0656577536454335
-0.0237173627256558 -0.0219359471373718 0.0527178983834736 -0.0815087963111631
-0.0181668158820098 0.0134857326942566 -0.0101627595531779 -0.0211317083570568
0.00190837019034471 0.0234294583311204 0.0237932665469946 0.0365240155905783
0.0182154909999599 0.00539230188565021 0.0637792776482793 0.0108331248142988
0.00999957384359091 -0.00958414163785781 0.0654946623392121 -0.0474455101473405
0.00144976948800114 -0.00954696129913795 0.0227266166688083 -0.0857180419347648
0.00567398673138747 -0.0101857974136847 -0.0203607413648018 -0.0795836290905992
0.00651769810159363 -0.00764726700660891 -0.0360217086305726 -0.0622733905370926
0.00804467374009177 -0.00359650381198274 -0.0368868951497908 -0.0625567717831141
0.00809819201476968 0.00407900493634234 -0.0248228103064619 -0.0681271931005191
0.00848092258782121 0.0123874691465282 -0.00730638678343553 -0.0678724936018573
-0.00613907287334078 0.0215211392814194 0.0179306818782493 -0.0662986088797755
-0.0276416115209926 0.0158951695693106 0.0417058819445947 -0.0665872055887626
-0.0289673988757667 -0.0152282258440175 0.0350485051392145 -0.0761123459143175
-0.0162449284772779 -0.0381990722602633 0.0329497438360665 -0.116512263683954
-0.0152312747171439 -0.0701862732145671 0.0573907865101338 -0.05946963638258
-0.033109073744358 -0.029205590392062 -0.00896230522088969 -0.00821219295826578
-0.0367734268298661 0.00200858200615182 0.0297938583115198 0.0511024867170194
-0.021832066943533 0.0159654887991408 0.0776150104560578 0.0218863219869411
-0.00468360589802431 0.0180921559465568 0.0756586949894927 -0.0483479706227021
0.0015122021614987 0.01780293443352 0.0296867857346389 -0.0864069103285854
0.0184476436365867 0.0193484412394225 -0.0174243504046034 -0.0813974688402777
0.0222083542418865 0.0192100615829121 -0.0325573155024943 -0.058550774842566
0.0199450162574067 0.0249970511186256 -0.0365967167666198 -0.0563018421280321
0.00263516555213652 0.0329576781838011 -0.0257261029133637 -0.0602549601518556
-0.0127742909407561 0.0358216599359099 -0.0126319498551643 -0.0616894458993069
-0.0468085485259641 0.0235347179578203 0.00846795285903439 -0.0595300271089299
-0.0604391093291749 -0.0110910422918295 0.0311360818629067 -0.0598358611973542
-0.0337700332449262 -0.059669338652333 0.015888871398332 -0.0701851836683788
0.000609308424608009 -0.0886383297975967 0.0136257663023822 -0.103346944322818
-0.000934177539887736 -0.108156042920251 0.0537963164263787 -0.0263539998474732
-0.0388820822723618 -0.0749606984820232 -0.0129181323622595 0.0116976056431895
-0.0715304392032467 -0.0277501689745219 0.0291802189793844 0.0706003766372685
-0.0665906729234821 0.01943825589005 0.0852089471675457 0.0407877394294693
-0.0263265148473 0.0446161328580885 0.0831198411422582 -0.0391819651370374
-0.00230865501152105 0.0453988954683895 0.0379674096707529 -0.076219447993924
0.0259384781966545 0.0478380526190579 -0.00964646658372536 -0.0726190242726651
0.0342990600104573 0.0435892249374877 -0.0245094705824637 -0.0453446028506763
0.0324299362567078 0.048004364053541 -0.031207221824481 -0.0401848380295105
0.00287781616276662 0.0565451779766036 -0.0264322000369459 -0.0421808955766959
-0.0245142385582444 0.0572988971051764 -0.0225964119705752 -0.0477458389463705
-0.0772282014871 0.0342302122299994 -0.00523516347290636 -0.0512943290255091
-0.0903185739577019 -0.0239398889065154 0.0185355394944092 -0.0531193839064217
-0.0441387597570723 -0.0892975047983873 0.00170996311523865 -0.0570207091105691
0.0105286476898504 -0.125154277378841 -0.00774400974471634 -0.0750376177370407
0.0165499915985669 -0.130558952495304 0.0387873597040693 0.0140197019638101
-0.0322191228671416 -0.113011177923707 -0.0223702349801219 0.0381507069607314
-0.0951532520943467 -0.0614869752250828 0.0201715944446798 0.0901379239561232
-0.105878505967035 0.0131648281686677 0.0827180075195727 0.0627927472532165
-0.0496947741549206 0.0639904020563376 0.0834591480722311 -0.0205761915934499
-0.00920003192439764 0.0670693529954638 0.0425832880065374 -0.0534684524541067
0.0284816639169924 0.0702283722774094 7.16819713252452E-05 -0.0534451983299524
0.0415986018587575 0.0611922948015194 -0.0125827697995721 -0.0262877206261313
0.0414080159369841 0.0621742543265979 -0.0214217988793769 -0.0177203446361615
0.00692793717074813 0.0713356054772784 -0.0230894483360939 -0.0178228340401018
-0.027381805397006 0.0716839130371434 -0.0309441812480048 -0.0266956988328164
-0.0922588221922255 0.0452684447503533 -0.0188744667465072 -0.038414287653608
-0.108461046010475 -0.0266595939026208 0.00654256506492754 -0.0447397898006004
-0.0524903702324684 -0.102847909718351 -0.00452009375229252 -0.0401590787877407
0.0163594236531122 -0.14326560479532 -0.0250774384460358 -0.0377156780010721
0.0313015999266684 -0.130519656196954 0.0158289942133676 0.0566262162324314
-0.0157312704128379 -0.130600770249206 -0.0349242058366305 0.0647602496307886
-0.0960603810020144 -0.0873733436045932 0.00304973447150329 0.10201221273576
-0.125623580819562 -0.00163028637850062 0.0658943690876674 0.081188447813684
-0.0672649895061951 0.068522622733933 0.0731790585193585 0.00414190534720348
-0.0168556966761201 0.0764966820867704 0.0421982095619926 -0.0223441558724451
0.0264781654204694 0.0809739139644142 0.0102205026188344 -0.026839418582644
0.0423890048823863 0.0694697579376362 0.00117072591897115 -0.00342969874426466
0.0448840749900023 0.0679551742108377 -0.00831851717603242 0.00691104696494832
0.00987058116501868 0.0750902989793467 -0.0176293221042711 0.00786900711333615
-0.0262954048507842 0.0747143877065347 -0.0355402170396151 -0.00396880874079345
-0.0935833142459324 0.0471795809788552 -0.0293064310713297 -0.0236639014528163
-0.108390662731386 -0.0270803027039605 -0.00214155558773922 -0.0367149432043177
-0.0501784278823498 -0.102513604003697 -0.00417566235254098 -0.0233259615851281
0.0224000351944255 -0.13965055525018 -0.0364250434562442 0.000884302487168223
0.0388081341490676 -0.10726598422607 -0.00932405792417025 0.0923964316529866
0.00473020061265528 -0.120704727723724 -0.0469955472619566 0.0851418018276236
-0.0754083438287359 -0.0954114804520565 -0.016369556234742 0.102410068812595
-0.117655962093545 -0.0178237241882704 0.039876663207373 0.0891962417183908
-0.0714403973967917 0.0583891442289923 0.0534425356695297 0.0282788967163691
-0.0200193487199351 0.0718695425395965 0.0364353899518365 0.0103491935157906
0.0201934181558606 0.0780195885484984 0.0195539804256002 0.00347915172187138
0.0373650748498324 0.066732835991125 0.014023565226142 0.019580211886743
0.0409521731060097 0.0648369864951833 0.00406031053735895 0.030069308422563
0.00966439312884374 0.0700560365575275 -0.0111803766456115 0.0317222395456292
-0.0245976743873285 0.0672107209531523 -0.0383994500150996 0.0165433161316578
-0.0855298106621236 0.0377650951931022 -0.0367262430303935 -0.0110090369017929
-0.0941448847108061 -0.0310827539807655 -0.00993505702319888 -0.0284621866053091
-0.0350703329116696 -0.0926219713873177 -0.00162833688329903 -0.0100907482812645
0.0290538312473993 -0.1173049693082 -0.0445373203543995 0.0346051301251423
0.0366455468249209 -0.064868726558753 -0.031567416864976 0.11603548078216
0.0190387211740672 -0.0857435145478711 -0.0534280752532169 0.0960416691958832
-0.0436770181187003 -0.0795772886013461 -0.0309823352201646 0.0927893365572916
-0.0870738500683312 -0.0257366713970272 0.014045726650593 0.0864923954030781
-0.0589731822571663 0.039652425773719 0.0314639483186778 0.0461031810847486
-0.0173466381961618 0.0544121631724375 0.0282623894519845 0.0381188925248462
0.0129108443827271 0.0611596174492875 0.0265837316942265 0.0306224270899882
0.0270084133225914 0.0542939487137661 0.0248619584266576 0.0386282232839738
0.0303097947605607 0.0531766555037187 0.0146390012704301 0.0500463572598379
0.00568741897474362 0.0574330749834385 -0.00718835308809302 0.0521545666344439
-0.0230464492846628 0.0529748246267249 -0.0425820214309706 0.0333931959799944
-0.0710245564891541 0.0223699881288839 -0.0441168826013212 -0.00220281017106791
-0.0690608356984898 -0.0341708217682686 -0.0172391514049931 -0.0241736464283989
-0.0144875337728553 -0.0740485612055393 0.000625212663385642 -0.000668238432248418
0.0354173517768769 -0.0798171405998922 -0.0505357080288194 0.0588783395448903
0.0267223615444362 -0.0111667014847974 -0.0421542871765234 0.122365341402311
0.0259804043103772 -0.0358688373418254 -0.0508375070768912 0.0969690758690005
-0.0106690833563719 -0.0454903058646445 -0.0376222988485695 0.0771764819190267
-0.0429689156792191 -0.0228797796739519 -0.00456740275401534 0.0776185266194169
-0.0340945565488204 0.0174661669200855 0.0153021516991551 0.0583969180104142
-0.0106397848838757 0.0287579893314157 0.0227395202680127 0.0563551093779275
0.00379037052527445 0.0349125689792504 0.0323943514462746 0.0498382725361859
0.0129227590370108 0.033356053144898 0.0315558427739571 0.0517135268997181
0.0153436157524005 0.0345003842467154 0.020155274014136 0.064501943570148
0.00191514581845226 0.0386562129392096 -0.00805056178401165 0.0664418500392688
-0.0195984659414092 0.0343356679132247 -0.0497599655631518 0.0443545515698782
-0.0494794137055957 0.00619520649082571 -0.0525279748512247 0.000410990824541821
-0.0383865204564499 -0.0331489175747333 -0.0255662200431174 -0.0242858814460159
0.0067984176174588 -0.0483090620770571 0.00121634139488609 0.00321751702725699
0.037331402583763 -0.032728888625518 -0.0559938734044623 0.0730615814461789
-0.0259492801083751 -0.021726169673799 0.0509290357090883 -0.0865039118592385
-0.0180964082556996 0.0142873882005664 -0.0126335642673872 -0.0212043401518276
0.00319831920944587 0.0245245608979177 0.0262385436561615 0.0375280096852079
0.0188416153336466 0.00504237842926916 0.0670888209851545 0.00884460366406229
0.00968891697095598 -0.01023957256898 0.064484761407854 -0.0515668800655632
0.00095053370049756 -0.00921357743243125 0.0182682230052906 -0.089059189120733
0.00532077176342013 -0.0108817647897997 -0.0253671412223743 -0.0802798284692176
0.00635076367889367 -0.00859868152445459 -0.040344721038488 -0.0620037369546942
0.00823342888629781 -0.00402236572502215 -0.0420713532966857 -0.0617811187725758
0.00877882355858676 0.00378432637081635 -0.0297936617770946 -0.0686684297248911
0.00941084048111763 0.0119790342546564 -0.0106925966957047 -0.0701069578547796
-0.00517288598578381 0.0229315917212665 0.0164625918804688 -0.0696085718018118
-0.0275718905117863 0.0180616047208623 0.040327376005678 -0.0709113699629427
-0.0305025473802319 -0.0157098392924008 0.0328658791890934 -0.0790803558101079
-0.0186195060513925 -0.0388228857848847 0.0288302639665986 -0.122108369922334
-0.0193866813648481 -0.071983600664756 0.0568061723450896 -0.0644075966983784
-0.0359011140093101 -0.0289912058752903 -0.0106594608273576 -0.00822703263173443
-0.0377985714478574 0.00462684598846317 0.0326906601227888 0.0523242917377673
-0.0214278728728436 0.0185330539416817 0.081692103229056 0.0196619076410515
-0.00412815609739232 0.0187063342101551 0.0749857193278833 -0.0524578127341424
0.00259640923199726 0.0188168896948778 0.02593398540394 -0.0900283213227195
0.0197323047230258 0.018741129881998 -0.0223603845183373 -0.0815621807816642
0.0240289944974119 0.0182128782702061 -0.0368473456074966 -0.0580775290404914
0.0223755123744964 0.0243266520168357 -0.0410278477616649 -0.0556057033331136
0.00506338775486574 0.0341320116668184 -0.030714930680655 -0.0605475059457476
-0.0114535411736208 0.0370776983985068 -0.0162891935896935 -0.0632343925074643
-0.0471363482051909 0.0273551221650782 0.0073988413259489 -0.0626746701531836
-0.0623238372274421 -0.00846198469007486 0.0297506253640697 -0.0637188101929731
-0.0375257014247035 -0.0607832039745572 0.0136315294622708 -0.0719272157505697
-0.00357410096248862 -0.0919180046862273 0.00972620334481113 -0.107208918951984
-0.0061772493426094 -0.112221140968239 0.0544625080200711 -0.0298567152265494
-0.0437004468828818 -0.0756232864870674 -0.0136407066294889 0.0127435008581192
-0.0758135050151262 -0.0249943057459544 0.0328634333649804 0.0727361863834695
-0.0677384295527214 0.0242754878965503 0.0904754658380701 0.0386874864574349
-0.02487927494677 0.047274920589567 0.0837689943798375 -0.0432143863766944
3.35182487463462E-05 0.0476133159976657 0.0347490039412188 -0.0799022824831061
0.0297252938143064 0.04738500813694 -0.0142088644364803 -0.0733929924974202
0.0383536531299038 0.0420004616463913 -0.02745532178409 -0.0455490870709376
0.0362224792258402 0.0473854141703158 -0.0346146178104301 -0.0393333131843435
0.00662246357163541 0.0580738928070928 -0.0303743189603202 -0.0424764299541517
-0.0221097178906223 0.0600634678293816 -0.0266017635506753 -0.0482421467739549
-0.0778674037993403 0.0397167214234547 -0.00736395829757733 -0.0529263472364732
-0.0944428403138203 -0.019887701270784 0.0169461688351757 -0.0566970562658101
-0.0497242058928015 -0.0907590353825662 -0.000754794574637163 -0.0581236607791686
0.00460455415209893 -0.130228258507292 -0.0110449422923843 -0.0761784950162684
0.0111828587872881 -0.13544748415641 0.0412926444385623 0.0127719757024443
-0.0390342726513113 -0.115306482682386 -0.0219935175863114 0.0398210786471067
-0.101384437712302 -0.0581939989370604 0.0237256277458007 0.0929405214452088
-0.108993688739141 0.020552639302833 0.0883636248577017 0.0614914065236014
-0.0477732344764874 0.0682445519193251 0.085315942052406 -0.0239621459789241
-0.00610630001640232 0.0700527624404261 0.0415134988053049 -0.0571506913939246
0.0337632351818921 0.0701467296709827 -0.00280606331017122 -0.0540231423887962
0.0467249436855551 0.0600045932820644 -0.0137471861945906 -0.0263074228651633
0.0460671522846894 0.0617291972400761 -0.0228957631638617 -0.0168836632695399
0.011120519577243 0.07338886270539 -0.0255004673015987 -0.0175291398935028
-0.0242908180546882 0.0753601258935174 -0.0339090745366072 -0.0264230029259472
-0.0928309232455371 0.0523382757063148 -0.0209732749498686 -0.0394947825281117
-0.112524674338199 -0.0211354166316142 0.00513040563276023 -0.0483394053080609
-0.0587518562241126 -0.103917124845226 -0.00580723932936534 -0.0408374310448658
0.00960967770389356 -0.149125238487154 -0.0275822036008854 -0.0370902902251026
0.026712559235149 -0.135875615378057 0.0191735897562576 0.0577216012663151
-0.0225375242085993 -0.134369895126137 -0.0336498369295355 0.0675352198599264
-0.103741052777105 -0.0857302329522823 0.00701665625381314 0.106181614574815
-0.130293600044174 0.0060682120219945 0.0716526098069161 0.0814550405860253
-0.0655234807085783 0.0743056748078691 0.0751663406433805 0.00215725798481914
-0.0130867004204928 0.0804495042033415 0.0427684072051318 -0.0257180003975368
0.0314130437056837 0.0816699337516105 0.00913965659923275 -0.0265357199993482
0.0485201544675346 0.0685232339782787 0.000871236399080468 -0.0034277590264653
0.0499495203937123 0.0672862250320151 -0.00859356852319293 0.00739346796342749
0.0145128781004571 0.0771403621076182 -0.0180114901249212 0.00852620612773191
-0.0227086498443151 0.0784773567619721 -0.0369979475633583 -0.00268507728693383
-0.0939732632596312 0.0541525338588507 -0.0309799606703747 -0.0238521984824423
-0.113391998519001 -0.0227064577061099 -0.00370059207038754 -0.0389803446801212
-0.0564967325671341 -0.10331443060209 -0.00519079894655785 -0.0237452282479699
0.0152230649699332 -0.145516105759807 -0.0372688036213175 0.0034296847718859
0.0353894729656331 -0.112045176693967 -0.00525719403413324 0.0958244785646012
-0.000734768209200549 -0.124849673189302 -0.0447936849742691 0.0891135083822258
-0.0826033796083254 -0.0948445097617426 -0.0134137677806593 0.107096644268307
-0.122978002510799 -0.0118988876997241 0.0453790970601609 0.0910355794208084
-0.0704460682765679 0.0639842076051314 0.0562815311791861 0.0273578322982457
-0.0172194406372318 0.0750637945331136 0.0389599388411135 0.00811682326529731
0.0257001983818112 0.078712497829977 0.0204335333863024 0.00294016760511853
0.0432525095021982 0.0664261943647082 0.015704028781225 0.0193135507272227
0.0453612794723141 0.0642480865461906 0.00570515052525881 0.0306077277793046
0.0138088159331696 0.0716402566219505 -0.0103064465297251 0.0324018290399503
-0.0221575321228856 0.070600608817579 -0.0390652177495231 0.0189162065021545
-0.0860469882961056 0.0442008970415475 -0.038536026737319 -0.0101162598172974
-0.0983326719987172 -0.0270498884661551 -0.0113208654910114 -0.0299721423093039
-0.0406913723408519 -0.0933797635818669 -0.00211105421852306 -0.0102335583701902
0.0236416258275188 -0.122066061911147 -0.0438613671476105 0.0384213496546067
0.0350886848143984 -0.0681639236235994 -0.0274690237796341 0.121108941528529
0.0162705759385126 -0.0894528084473907 -0.0511498737925287 0.100923182001353
-0.0484662612802318 -0.0801021915928761 -0.0291328788475848 0.0970962269384042
-0.0906559868201857 -0.0217021172204101 0.0184895393136639 0.0884729998493441
-0.0579736601115778 0.0434331990416861 0.0345520739530343 0.0468410197264576
-0.0156133709278532 0.0567208867652579 0.0318818265927803 0.0375440713120617
0.0168920899290652 0.0622380645175877 0.0293111448320215 0.0304406338095501
0.0315609358938207 0.054454812466723 0.0276760345769673 0.0377447502975365
0.0342401601901038 0.0531099259365377 0.0173275628165472 0.0499518827085116
0.00947060319355136 0.0586144627789954 -0.0051212711589742 0.0527126407114159
-0.0211310858364091 0.0560305370685985 -0.0424622673625269 0.0360991508285161
-0.071890095880171 0.0269424114429091 -0.0457188276816724 -0.00117897922303614
-0.0723059768554512 -0.0315898075668293 -0.0185928700928386 -0.0254110880811761
-0.0178491010941593 -0.0757218396665088 0.000638612019606964 -0.00127957408449333
0.0322976041230087 -0.0838836892257467 -0.0489252525187677 0.06415180478574
0.0270891548395185 -0.0125740993384635 -0.0384893849996349 0.128408307208878
0.0259816700521851 -0.0383469885885106 -0.0482418603570821 0.101323442644622
-0.0128863844525241 -0.0465910265486345 -0.0370008743299695 0.0812053387855727
-0.045549354958432 -0.0214843908798596 -0.00120500534282372 0.0806853832008983
-0.0339723253785226 0.0193741431337187 0.0187012137857732 0.0593173165111871
-0.0101024716561811 0.0296204459629122 0.0271800777990556 0.0572300417076885
0.00629435815648336 0.0354058365265216 0.0360860281121394 0.0490184791031016
0.0156288195488228 0.0337004329724373 0.0350995298646558 0.0508051075029828
0.0180923661343652 0.0345369089822917 0.0238753304781674 0.0650105246902005
0.0042474347531078 0.0398927813714772 -0.00547568616196024 0.0677872812819792
-0.0186693149989642 0.0363720625801017 -0.0489139371114132 0.0478952018637733
-0.0509471580402714 0.00976913513762953 -0.054486220543956 0.00281187220459396
-0.0409150694428235 -0.0317397322158225 -0.0269409557932486 -0.0248842305723456
0.00527548754801677 -0.0497623561283103 0.00197401766690193 0.00261916931222574
0.0362911516317314 -0.0347805040725505 -0.0536083772915486 0.078278003301732
-0.0276715741589483 -0.0214913768531321 0.0468596614244483 -0.0900045467534396
-0.0179007703985217 0.0156044457627326 -0.0150347417398858 -0.0201210516538841
0.00441091622320993 0.0250981359839131 0.0286249212645045 0.0372643665307094
0.0196574855950898 0.00432801721125441 0.0679394256217067 0.00599376296269626
0.00914427721112892 -0.0104442138098337 0.0618666917299773 -0.0544626330508488
0.000527611235708917 -0.009170301200401 0.0127767385625506 -0.0890952288902221
0.00467583213191909 -0.011601993520724 -0.0299222536507705 -0.0778635266710145
0.00582486910625556 -0.00952018292791609 -0.0437226335844445 -0.0591112386735779
0.00825194538487508 -0.00501786577419763 -0.0458011131580064 -0.0587066676714276
0.00893865897226195 0.0030973858885967 -0.0347194819886538 -0.0667554363789389
0.0105323395103287 0.0113982540620603 -0.0146592129373807 -0.0702964138905158
-0.0039503692757527 0.0238972664733227 0.0137241430223124 -0.0718377957401264
-0.0262964169726245 0.0195260657688281 0.0370759164297136 -0.0737882629077715
-0.0318602613570703 -0.0151257468228222 0.0294305100680857 -0.0795330917197351
-0.0209130839598816 -0.0387034534940375 0.0227823778500171 -0.124673089148374
-0.0236922019298738 -0.0718709805660181 0.0541683630728851 -0.0674478545591835
-0.0378826931674824 -0.0274593807878826 -0.012400686181151 -0.00725856546827564
-0.0382409462858467 0.00710555621317092 0.03618477649388 0.0519389450064945
-0.0208031256003645 0.0204059191506081 0.0835260638387582 0.0162349375094419
-0.00308824502441425 0.0194415038453698 0.0731888902977426 -0.0554308666218842
0.00406928782849336 0.0187305674654465 0.0206233644289433 -0.0912698042690949
0.0212021568422618 0.0171094620510546 -0.0268159494752151 -0.0798350105921562
0.0252935583482816 0.0159168618474272 -0.0402920245082739 -0.0557040481441833
0.0240692510797309 0.0227933382834944 -0.044847862017094 -0.0524285552823519
0.00703110781699585 0.0341829465139208 -0.0346356416017996 -0.0586648593306916
-0.00898517723568795 0.037710539504392 -0.0199723489271872 -0.0629752659882587
-0.0457282121010815 0.0308107108126583 0.00493030445231181 -0.0640584566282677
-0.0633118903335839 -0.00442787556960875 0.0268427556913003 -0.0664173035318053
-0.0412211587979987 -0.0597566044375371 0.0107734493991817 -0.0718164638661192
-0.00904016095417122 -0.0926337724227003 0.00428567542214805 -0.108103216618199
-0.0124352343082896 -0.112490227764521 0.0535088428583074 -0.0324741439583464
-0.0479979179159697 -0.0740255004368141 -0.0137702009325119 0.0131711030823499
-0.0777656030660283 -0.0204439531061868 0.0367507755032176 0.0725161043414225
-0.06670379455064 0.0295855349516485 0.0935054812289837 0.0350918446087885
-0.0221634531984046 0.0493155860330483 0.0817376438928863 -0.0470005173646848
0.00273854023590283 0.0477378399394696 0.0304360555942455 -0.0816627108696531
0.0327632154679176 0.0449034409011187 -0.0181732920999329 -0.0714138008553218
0.0415413688429307 0.0392463858522306 -0.02974760423455 -0.0441395103133041
0.0385897246505141 0.044996221024552 -0.0367889771656566 -0.0363497517397734
0.0101503920610091 0.0581864395141264 -0.0335129646287772 -0.040512911930565
-0.0181707507905132 0.0615472681394596 -0.0291767807236337 -0.0474737678444011
-0.075672141646492 0.0449909169414098 -0.00933816215613826 -0.0538118281872729
-0.0952715446108374 -0.0144371940918654 0.0143225873125446 -0.0586976415135017
-0.0550321148434757 -0.0891330614122394 -0.00264853270909449 -0.057502339251406
-0.00326282357052431 -0.131482072664272 -0.0149366545375531 -0.0756505274841844
0.00420504312367815 -0.136827248870959 0.0424263344797187 0.0112141761737712
-0.0451236684548338 -0.113738979898631 -0.0206500191809105 0.0403848882883091
-0.105579307227343 -0.0525042866351095 0.028438011076392 0.0933382414997868
-0.108418116176388 0.0281591443749964 0.0927253425743447 0.0580351206068052
-0.0439068129504438 0.0713343770411873 0.0841375291309322 -0.0275930746921699
-0.00177692497242165 0.070996462133899 0.0385150436635041 -0.0598621527754856
0.038129287278924 0.0677886559890463 -0.00561381022113546 -0.0526633079068029
0.0513680882695021 0.0564019049303573 -0.0155603991291009 -0.0261181338349131
0.0500899178389611 0.058738098511482 -0.0240036655898841 -0.0153549402579217
0.0160567499343681 0.0723227072942289 -0.0273809814184075 -0.0166977915867293
-0.0199196779750085 0.0767756982087169 -0.0353930165351441 -0.0251244361561298
-0.089708332153266 0.0590613096595818 -0.022662966096768 -0.039024872676312
-0.114236891431701 -0.0146665364004238 0.00322535101378554 -0.0498091962990322
-0.0647970985404499 -0.101553063850391 -0.00790813884069592 -0.0401383516266151
0.00098767153561118 -0.150113581881721 -0.0288868106824348 -0.0351821471046545
0.0198841583678149 -0.138249707604089 0.0223735734098494 0.0571948403157603
-0.0295549199446432 -0.134061168236668 -0.0314099208248829 0.0688631093773465
-0.109176564412258 -0.0804341741625405 0.0114180093225366 0.10700675863308
-0.130519955370255 0.0140256601481168 0.0761498716832678 0.0787461874144633
-0.0618653705905182 0.0780159451231709 0.0758347365896463 -0.00110829408418315
-0.00822976330871665 0.0817830871272338 0.0421753174608582 -0.0281250862737264
0.0372260061564033 0.0788794594845558 0.00823979316855566 -0.0265160965633261
0.0534137994290568 0.0651600710501654 0.00106491222306129 -0.00426341602356743
0.0542355273983861 0.0640363057287232 -0.00819542694164021 0.00779509742323203
0.0197894719679863 0.0762736935944595 -0.0181669450826811 0.00897672114598084
-0.0181829668934971 0.0800059697959623 -0.0381990713985748 -0.000564313642580917
-0.0907419640039394 0.0607584980752117 -0.0320614578366251 -0.0231046017128098
-0.114772665346748 -0.0157302233636806 -0.00570167479043675 -0.0400296894965354
-0.0619403588183952 -0.100531195824301 -0.00597416366630636 -0.0236691793437307
0.00693854991408215 -0.147096600788773 -0.0370532087334589 0.00613198988530891
0.0300878419233388 -0.114862377194398 -0.000779695906400968 0.0969580689174533
-0.00720290464260759 -0.125654987634536 -0.0407764089584239 0.0910850718901418
-0.0880113866168876 -0.0905412269718216 -0.00883618887745712 0.109142157490654
-0.124513361261408 -0.00440431126868124 0.0504523930605471 0.0895197032654637
-0.066896611994731 0.0678190689865423 0.0579185010888824 0.0258669560459563
-0.0129369937145067 0.0769263831604665 0.0404822887850446 0.00588827346291939
0.0311451492081723 0.0769658447377917 0.020882289175911 0.00211816748070591
0.0479464657889123 0.0635662118875961 0.0168067984696543 0.0179105956017958
0.0496187580302077 0.0612049570669128 0.00729230129213774 0.0298470206140151
0.0185206962660135 0.0709849929955346 -0.00910566330730482 0.0326423352458095
-0.0181666922828122 0.0725427527728463 -0.0385895723724053 0.020885052297576
-0.0838631255075507 0.0500912319539348 -0.0389142575006485 -0.00875379469722987
-0.100025497682644 -0.0209213598186219 -0.0127618606278878 -0.0308656052979985
-0.0452344038057256 -0.0912822680286808 -0.00177803774993114 -0.0105063076252296
0.017069401594744 -0.123595101765053 -0.0414986057934823 0.0410919119710145
0.0316981201047258 -0.0704958101028947 -0.0215197234667394 0.123268583711728
0.0118219777847369 -0.0909557405865378 -0.0467488214398645 0.103119525691456
-0.0528811601211577 -0.0776037388580421 -0.0260162263215192 0.0994392429832709
-0.0934189522615271 -0.0168309524747028 0.0227493206491119 0.0884508195936063
-0.0559876023104427 0.0461841880236905 0.0371168910047831 0.0462214354970665
-0.0127446972611651 0.0577692102415065 0.0353561469770515 0.0355991131038536
0.0212776523655304 0.0610454614094403 0.0310355300697348 0.0282471562946772
0.0356633021634731 0.0521371076040195 0.0297774145546896 0.0355885220738631
0.0374796056199079 0.0508938282420056 0.020233473542957 0.0489275485956294
0.0132233076809661 0.0580997371732499 -0.00290044403500044 0.0522846687975759
-0.0183634122831447 0.0569505325614023 -0.0409037048057006 0.0384779344861328
-0.0707712347981376 0.0321375551710169 -0.0461517259308265 0.00100388945459586
-0.0748876867188027 -0.0278251870152816 -0.0198782971226095 -0.0249722381480163
-0.021337926653919 -0.074782909957443 0.00133368283634994 -0.00178767224149924
0.0272688036525248 -0.0853645034777029 -0.0454529482563603 0.0670956768760409
0.0270360156999085 -0.014002414945471 -0.0325414547812761 0.131509581731573
0.0240021646071634 -0.0404305209304475 -0.0436936272343698 0.103503691635687
-0.015363218190305 -0.0458953835122227 -0.0342072423866698 0.0836087178989983
-0.0469290449702429 -0.0190494035870462 0.00257657284090034 0.0811743039158402
-0.0328760891752076 0.0212846917341882 0.0215840986109642 0.0592074353007051
-0.00848111982237156 0.0301459359631562 0.0314808796880959 0.0551944890738367
0.00863372657833027 0.0349242424853945 0.0390652959253638 0.0467441429074262
0.0177943127851704 0.0331477272612154 0.0378719414963616 0.0484182400161046
0.02050530455853 0.0335671167423919 0.0275481289107239 0.0626917253178473
0.00673575158874599 0.0397714926539424 -0.00187743303755606 0.0669358915770948
-0.0167665748022606 0.0374619135125921 -0.0467685868411828 0.0504431166388216
-0.0512182635988194 0.012913695161345 -0.0544584264081119 0.00520089947609201
-0.0428580975123181 -0.0294165354115923 -0.0280238081184861 -0.0247014521230958
0.00314357806415094 -0.0501344190023763 0.00191302686528633 0.0018206546709986
0.0341555673024781 -0.0369120572517822 -0.0496295336242561 0.0818990261520716
-0.0286586543238716 -0.0207772331744324 0.0432713003834882 -0.0897645565163242
-0.0177199278962155 0.0156335227923202 -0.0161748968684335 -0.0187771001028446
0.00509789940176857 0.0250112553847883 0.0302642628729461 0.0363281644697637
0.0200902162485896 0.00377948941978965 0.0678470812781747 0.0041010108014001
0.00869409058270739 -0.0100530741821789 0.0600029397657218 -0.0555106306695949
0.000579834589204997 -0.00897274411453069 0.00845383441398791 -0.0874292591986394
0.00380313158275149 -0.0116820135140226 -0.0322407177761771 -0.0750835073550832
0.00508533681172049 -0.00972643918874341 -0.045325303183104 -0.0566817203138182
0.00766444702247064 -0.00525576184877375 -0.0474408291373322 -0.0556785234438595
0.00905495050866902 0.00234445814969182 -0.0370557684684538 -0.0642501371487115
0.0108825525988671 0.0107486860653136 -0.0168398740524603 -0.0695062787851426
-0.00290322009234739 0.0241572845093418 0.0119167333509919 -0.0720960526745782
-0.024997934842102 0.0203936092918322 0.0346543024458402 -0.0737944591137564
-0.0328321784436395 -0.0143978949926364 0.0277523162430826 -0.0782506048578634
-0.0220399370706641 -0.0372496110656942 0.0189819047821055 -0.123737922217002
-0.0266772307947514 -0.0707673659982837 0.0515005382082559 -0.0682260243000834
-0.0385521765254178 -0.02572747710121 -0.0135623294137099 -0.00654245070568733
-0.0376173458895203 0.00935117342309846 0.0378019439626453 0.0509069056907508
-0.0192638445404067 0.0213968750598592 0.0833519982414273 0.0139802816485839
-0.00218593004847806 0.0193856500499874 0.0703017561204586 -0.0566903375762768
0.00501127402057348 0.0190983491146655 0.0164008589454315 -0.089962800822239
0.0213565062756729 0.0153839958039284 -0.0290292209047316 -0.0767098112781355
0.0258822518409953 0.0141531895465345 -0.0412620068624512 -0.0532203664298639
0.0247337259737808 0.0213109623042463 -0.0460731344643829 -0.0495310407299849
0.00865328929923648 0.0332463140815666 -0.0370600701877185 -0.0563172660964527
-0.00751238545397134 0.0373323723704043 -0.0218738399807484 -0.0619916641913056
-0.0437759116848676 0.0326120355323634 0.0036787790195768 -0.0640619796915045
-0.0619728921987752 -0.00219931430164609 0.0246085246285246 -0.0665591841559612
-0.0429416955518266 -0.0584850349249246 0.00940817248954282 -0.0695667068359696
-0.0127099640231695 -0.0913479279600582 0.0010906504056624 -0.106275317741246
-0.0165174426356891 -0.11152549014311 0.0520170308736835 -0.0333356393787267
-0.0504616886013693 -0.0715142982423517 -0.0143341751611423 0.0136667340674469
-0.0782277718673188 -0.0170522292660162 0.0387366133565022 0.0712652113249022
-0.0643712841824543 0.032366304395421 0.0943705702673176 0.0316420286758445
-0.0198038321826683 0.0495360732416801 0.079572284111519 -0.0477833925164105
0.00502190564831303 0.0476256861664456 0.0268275947510876 -0.0813487911848459
0.0342102978331881 0.0420607265435758 -0.0198942418449196 -0.0685351258401787
0.0423984771097739 0.0363801006623794 -0.0309032709170777 -0.0419392085100531
0.0405518446983476 0.0424297356163649 -0.0378832441520653 -0.0340506253146115
0.0124219993769696 0.0566574723567723 -0.035304026549728 -0.0385434576852895
-0.0159669420239395 0.061152906426424 -0.0307590425197188 -0.0457997839607913
-0.0722245177759989 0.0482543729606717 -0.0103085417077481 -0.0533730158074164
-0.0944048809678566 -0.0100223470194018 0.0124370681900181 -0.0592356027026745
-0.0575944302353229 -0.0863703404895709 -0.00387522834002679 -0.0563829974532967
-0.00811356923196983 -0.129944407112824 -0.0171786265773953 -0.0739423343351946
-0.000920470972459949 -0.135795536176452 0.0424887627139906 0.00959553157577373
-0.0480670392604802 -0.11128059531998 -0.0206244154303568 0.0402527101343294
-0.106237667005269 -0.0477936563498472 0.0306101774131548 0.0920734615043332
-0.10595139807059 0.0324643768239393 0.0939162424296216 0.0550636197109949
-0.0408318389087146 0.072322257893073 0.0826750300758797 -0.0285985468879723
0.00134802781874007 0.0703494009579496 0.0357923569020405 -0.0603613357950635
0.0406385137961052 0.0641809737302651 -0.00697096431095015 -0.0507001385068592
0.0533965996292133 0.0524039285938747 -0.0161145179032339 -0.0248581010806002
0.0518936947351492 0.0550202213683038 -0.0243310435934718 -0.0135178645410887
0.0187183077109582 0.0703688403447304 -0.0283755235769555 -0.0151883530399676
-0.0162316588603833 0.0760846073864291 -0.0366309415905287 -0.0236469055216785
-0.0857899559983893 0.062219722144045 -0.0227267240722302 -0.0386208891068023
-0.113189871718521 -0.00963696987108204 0.00159759079652249 -0.0504859599147575
-0.0671713830401638 -0.0980082781794286 -0.00838066326448559 -0.0389521932540151
-0.00479227264835475 -0.148520311361529 -0.0294820717885926 -0.0332748191820396
0.0152091466146658 -0.137114579714326 0.023638557381142 0.055825242158925
-0.0329792588797211 -0.131277813178419 -0.0294139023696707 0.0677436955063652
-0.110867012532196 -0.0751003779595517 0.0138710544368323 0.106387818361283
-0.128315353977472 0.0196010051509273 0.0782802147384779 0.0757373464751196
-0.058046347613526 0.0790466284371295 0.0747324784723906 -0.00225493194556185
-0.00478122720619013 0.0809473195580597 0.0411736587469452 -0.0296762990672579
0.0402163448990082 0.0762991503296427 0.00751259481556448 -0.0260687175513968
0.0563167218675052 0.0609505116174081 0.0011048204142981 -0.00428872104391574
0.056293463926027 0.0605661268317148 -0.00785029524000671 0.00845166791983721
0.022303890214739 0.0742658526556358 -0.0181323954444807 0.00919218123618477
-0.0149540814381433 0.0791653155602224 -0.0377724127980456 0.0002069520926577
-0.0870802230529928 0.0643259114760751 -0.0321227670593087 -0.0217846966735449
-0.113643787575186 -0.0107118463716953 -0.00715264215934445 -0.040631648592326
-0.0643636693583598 -0.0967338850022284 -0.00624903225043867 -0.0231706577500543
0.00118133025873769 -0.145103704257249 -0.0357112090252763 0.00788669244916058
0.0263693900627103 -0.114095496464267 0.00207151370755533 0.095973273413275
-0.0105549523975401 -0.124323330751467 -0.0385014768964856 0.0900293139383783
-0.0901465364417013 -0.0862705101561926 -0.00618837124840283 0.108899269344724
-0.122658588457748 0.00087777583293973 0.0525642379384338 0.0868738211780855
-0.0635384554322405 0.0689027409682308 0.0580152897317655 0.0246124403334642
-0.00960059427699059 0.0764127545205424 0.0408196681970829 0.0041689790172188
0.0339544353773452 0.0736605532251949 0.020797445917402 0.00171382545135681
0.0506793301805879 0.05975071031142 0.0168848936283534 0.0161954945190774
0.0516657722263278 0.0579078160411953 0.00864483128254037 0.0289558296349116
0.0210881594917405 0.0691856714549582 -0.00802205469004011 0.031855198999124
-0.0147864366093715 0.0717518673067526 -0.0375960908741087 0.0215786893593271
-0.0806463857990538 0.0532282428331646 -0.0385742214013064 -0.00782872107679718
-0.0991389325216373 -0.0165454123070789 -0.0135580869128313 -0.0310130831555039
-0.0474559813154126 -0.088608097086183 -0.00212480672020584 -0.0102028291169271
0.011569526334055 -0.122050332596517 -0.0389402474715435 0.0425476929157449
0.0290122383667306 -0.0706961749374481 -0.0180138428878589 0.122517915779305
0.0093551658260211 -0.0905822390515309 -0.0437727948094437 0.10235643516917
-0.0547735088395398 -0.0750891214544997 -0.0237162399300546 0.0993969273599159
-0.0924819415195931 -0.0130167769124767 0.0253247197795518 0.0868653071004345
-0.0536231945642635 0.0472359906536317 0.0381164728107391 0.0447672858863865
-0.0103933586669465 0.0573881721729185 0.0365388252733015 0.0334423826145674
0.0237032047204673 0.0585093271284617 0.0322486374530608 0.0266944054989156
0.0376266269803575 0.0495007843079273 0.030313876766354 0.0338728606182977
0.0389302113741232 0.0484297446596609 0.0212506700279564 0.0465249434969753
0.0159808555186221 0.0567846103013833 -0.0013307749741318 0.0506896426034671
-0.0158243376372478 0.0576292653432832 -0.0394431866094971 0.0391921715567972
-0.0683303742381608 0.0350544247596881 -0.0450952414822201 0.00216954878368725
-0.0742018001275647 -0.0241038039598666 -0.0207964318803157 -0.0253825159633634
-0.0231957315819904 -0.0731369324956891 0.00124227101646085 -0.00200489893961861
0.0235408503376433 -0.0849975078066213 -0.0421818981488265 0.067998400098666
0.0265963112790023 -0.015219488431504 -0.0287499280981403 0.13060433409309
0.02284536311661 -0.0407942510437806 -0.0414223185506424 0.102723343625763
-0.016374055925611 -0.0452244454013057 -0.0325680952619143 0.0835681705809943
-0.0473516984408153 -0.016752939455669 0.00477195182696115 0.0798075966221346
-0.0320842185626851 0.0217954539971109 0.0232763939357115 0.0578659556819391
-0.00764179099937465 0.0299545834679456 0.0339902978725478 0.0530675540840224
0.0100424979910229 0.0339087033803411 0.0408539120170491 0.0439762153078121
0.0196320713983316 0.0315863465890093 0.0385255295137683 0.0459758335574044
0.021585466817818 0.0325491308341063 0.0293590412801151 0.0601698741666187
0.00814598668460217 0.0389392470590964 -2.64327692835225E-05 0.0652719233354789
-0.0147328919416457 0.0379662583656629 -0.0444513759331901 0.0508743486275991
-0.049673449258773 0.015272439949877 -0.0538217348690822 0.00627734466631595
-0.043183807752134 -0.027197143122122 -0.0280366242448699 -0.024571034125004
0.00170518952396193 -0.049333984436471 0.0026458454284373 0.00128201712193846
0.0326685366309313 -0.0366725810238123 -0.045386726593333 0.081926740464474
-0.0297235130890616 -0.0205268105644433 0.0425761727082499 -0.0896278560388566
-0.01766089803522 0.01552037078998 -0.0170094600876304 -0.0179434423420558
0.00532160998003132 0.0255726714900307 0.0304257872677579 0.0364982762933544
0.0201997147266202 0.00381401874855182 0.0673884140419433 0.00392210035089492
0.00893239895023231 -0.00985746225751826 0.0594362083434452 -0.0546343128584139
-8.09512748821666E-06 -0.00866578680562777 0.00798428041261944 -0.0854345151881343
0.00304250230746299 -0.0114552567794404 -0.0326397572325552 -0.0731846672802352
0.00467865743788778 -0.0100049030066081 -0.0452411411267045 -0.0554359925213021
0.00782995052757325 -0.00510207321761938 -0.0477314101758408 -0.05380408175468
0.0091501099216642 0.00240805919424699 -0.037666600989051 -0.0628256685986352
0.0112846068851092 0.00976238133863147 -0.0175604811819247 -0.0690866010877241
-0.00225747110504487 0.0240683675679463 0.0115234771655553 -0.0725765809219807
-0.024322832101384 0.0207334633075503 0.033894178859583 -0.0734575734956439
-0.0330053401917057 -0.0147724309370251 0.02806663396339 -0.0769961849109799
-0.0225295420652459 -0.0376836953373875 0.0182604771085202 -0.123034458293076
-0.0281190938985293 -0.0699559195055804 0.0512133826602867 -0.0682058496426468
-0.0387717507354107 -0.0251776182314471 -0.0137328724274236 -0.0059641415797591
-0.037324702461815 0.0101781334775859 0.0386100455992057 0.0511579799188421
-0.0184131274481337 0.0219270767270478 0.0833620873953617 0.0131527060134227
-0.00163202094383584 0.0196047770009618 0.0700603804396328 -0.056149238729558
0.00545375904506813 0.019026345914734 0.0150744852707689 -0.0884214671767606
0.0214209945300743 0.0146235424744353 -0.0292117763247994 -0.0747400841266199
0.0263652091812971 0.0129872460347729 -0.0410251943427761 -0.0522052832895345
0.0247813894106318 0.0204293538535448 -0.0458472915118017 -0.0474900678230894
0.00880504032034819 0.0325460564630572 -0.0377673733207144 -0.0548533392885683
-0.00626910965357329 0.0369243835101084 -0.0227797072930047 -0.0618182012974417
-0.0429312060047143 0.033533148781991 0.00355858860972467 -0.0646567034485477
-0.0616738430597783 -0.00110198581529738 0.0243662723481315 -0.0663985264286741
-0.0436000874136105 -0.0581100282499038 0.00970192856918861 -0.0688239912089918
-0.0136810719218113 -0.0911758595605433 0.0007130334761163 -0.105253751269399
-0.0180543832495933 -0.110612207029936 0.0520694393948831 -0.0336011875653303
-0.0508757075453656 -0.070859080376884 -0.0151164329128847 0.0138120905245193
-0.0778399580487179 -0.0153861673643703 0.0390423751335148 0.0713903130917899
-0.0636862962936628 0.0337204023371076 0.0944168168174234 0.0315473897181071
-0.0190796454378507 0.049499061053638 0.0794787004759066 -0.0472074568411313
0.00596352893183045 0.0471018962004359 0.0256723831518938 -0.0807331292587072
0.0344673484307074 0.0410886262293684 -0.020082557381014 -0.0666448394125656
0.0432149364877286 0.0342208913721512 -0.0307342411706915 -0.0412671765899584
0.0407522726781922 0.0410624373537386 -0.0378900723650754 -0.0325615702634654
0.0133186545273447 0.0559819043349449 -0.035705300332804 -0.0376108139571179
-0.0147865818519176 0.0607997537853287 -0.0313011696095227 -0.0454339032332104
-0.0708853526739065 0.049717775181104 -0.00989493652147956 -0.0541837051167668
-0.0933430364263992 -0.00928296213292422 0.0121271135161581 -0.0595490358872937
-0.057708840226413 -0.0856898414114988 -0.00344549820362018 -0.0549363179120578
-0.00945122212345427 -0.128862499847606 -0.0168559841181147 -0.0728552282492405
-0.00234506237902608 -0.134626276479795 0.0424435597951699 0.00923233927690403
-0.0488686601926592 -0.110406781792067 -0.0213714586913384 0.040132181540339
-0.106459716025559 -0.0459047139668936 0.0311267343741326 0.0924565864238594
-0.104528953230634 0.0345487646084264 0.0941990010907632 0.0545404207202119
-0.0399643552216725 0.0723628423117622 0.0828045839117497 -0.0280357754460119
0.0026461676048772 0.0700433496813875 0.0351866545521171 -0.0602004962963257
0.0414346566489193 0.0623153481913443 -0.00681878748887037 -0.0496902071563452
0.0541281568710251 0.0501658309215626 -0.0163259849844334 -0.0248979972967649
0.0521109993396153 0.0536169971639684 -0.0239742906827465 -0.0124464081550924
0.0193547650622755 0.0698472846507505 -0.0286678647064332 -0.0145981339057938
-0.0150406218618845 0.0757476312926831 -0.0366513155679875 -0.0237266302106179
-0.0839515104563906 0.064151988518289 -0.0226086752898954 -0.0392252568064788
-0.1123452358089 -0.0081318994893838 0.00117328117738438 -0.0505820163108245
-0.0676655376602824 -0.0970274910673882 -0.00800373887881648 -0.0381217648755946
-0.00678500845938389 -0.14689651754564 -0.028504464301795 -0.0325860653715665
0.014007213379189 -0.136921385001415 0.0241910246318581 0.0554558103727519
-0.0336551362340347 -0.130521942705845 -0.0298557150896841 0.0674009739001061
-0.110738778264603 -0.0730891972660211 0.0142918171959833 0.10649685354866
-0.127051402668582 0.0218100840814332 0.079125767376862 0.0752775120083166
-0.0569793369946534 0.0793818079020111 0.0758130898501943 -0.00127982402400546
-0.00336312923204962 0.0807886517287619 0.0409011119357406 -0.0302575977594041
0.0411241127982712 0.0736568000426896 0.00782896242675833 -0.02522026555523
0.0571446872024986 0.0586327930983022 0.000901667233208682 -0.0044458169523761
0.0563089417014349 0.0586664014579219 -0.00748427283778925 0.0084704366523522
0.0234264146276616 0.0727645050718862 -0.0184918937375389 0.00903161510994068
-0.0136704708510566 0.0788844358580424 -0.0376695802624498 0.000323551224628486
-0.0847940033507646 0.0654976711258126 -0.0314452706747665 -0.0224046131567796
-0.112862857506278 -0.00906320047893997 -0.00713341277307666 -0.041005423569851
-0.0646082887691471 -0.0963007998764274 -0.00567395386864768 -0.0223825164167776
-0.000742671375319816 -0.143596189752701 -0.0349573391399804 0.00814512832986179
0.0252354919380616 -0.113911028875582 0.0027103584139782 0.0952636359283572
-0.0111350282954988 -0.123520542554664 -0.0389009645555562 0.089422123286385
-0.0906267707014111 -0.0849821306131328 -0.0063369147140019 0.108917830255978
-0.122028313591849 0.00279721080807668 0.0527044320505136 0.086606729601974
-0.0623352043558821 0.0692453526876877 0.0583975829675614 0.0244859629813253
-0.00846539764626593 0.0757771064187068 0.0411862304862239 0.00291102241302578
0.0351056330846411 0.0719401937962167 0.0214737472193424 0.00149165233015603
0.0516246012986657 0.0575297781971164 0.0169544902371545 0.0156119573126026
0.0518984620747035 0.056255229009192 0.00835743930590566 0.0284135827719496
0.0219554032410459 0.06773655462863 -0.00824343548023232 0.0311374947547196
-0.0138195072846118 0.0714105791621265 -0.0371500534046381 0.0218100610570983
-0.0791073086478218 0.0547326785548675 -0.0376293588052371 -0.00817491097659034
-0.0983802718085218 -0.0150740229674253 -0.013845348675577 -0.0319320042949499
-0.0475735999145446 -0.0874747434906521 -0.00122739363368868 -0.0104239910046308
0.00943053305633699 -0.121090901948274 -0.0381078816551828 0.0429238438240004
0.0287870972408533 -0.0708072852342262 -0.0171032075745737 0.122151265881922
0.0084412921681866 -0.0906123612615806 -0.0439770697794679 0.10109137047085
-0.0548898795449385 -0.07410126157605 -0.023716366283242 0.0996878082024693
-0.0914845743954727 -0.0117780790619064 0.0255112087865279 0.0862484876650582
-0.0528612746490653 0.0472992669431112 0.0389922935643124 0.0449904908351134
-0.00945981370194943 0.0574087368760244 0.0374491343008906 0.0320263211874394
0.0241665938826992 0.0576212656894831 0.0328920667562649 0.026119485291542
0.0389260634686176 0.0480431601203681 0.0299388312281923 0.0326955591532501
0.0396063402231166 0.046975768900036 0.021329417535071 0.0455295579965013
0.0165889355618024 0.0556617138456666 -0.00152714507583764 0.0498180655505505
-0.0149395389069714 0.0570818394090385 -0.038693782123436 0.0387705333185194
-0.0674900420892171 0.0360322829569168 -0.0445587394649818 0.00161824742468208
-0.0737176993499566 -0.0224809161089957 -0.0208257796913678 -0.0261777555603179
-0.0235826555700425 -0.0720920923756536 0.0016671764143392 -0.00257130184287021
0.0221044374366687 -0.0836123695017659 -0.0407662188311493 0.0680727795790281
0.0261356563744889 -0.0154175388617773 -0.0279006708312729 0.130143385864065
0.0225583065939339 -0.0411897387381906 -0.0405875605421399 0.10154567585647
-0.0161256851777186 -0.0448585471120292 -0.0328972122079974 0.0834323680973744
-0.0472940246629698 -0.0165030907382288 0.00510528808715402 0.079246633338732
-0.0317775365266767 0.0216764908015672 0.0236161726072618 0.0575188406502357
-0.00721275610548162 0.0296840458964332 0.0350637746384415 0.0517689705317032
0.0104018626388735 0.0331950776630528 0.0409523794255791 0.0427807402379028
0.020234684567982 0.0309704845535916 0.0383872731817355 0.0443736459275809
0.0219365190655418 0.0313822442222714 0.0291185424289573 0.0585245337391412
0.00916736213840321 0.038114057391144 0.000182943810388092 0.0638991829229774
-0.014086260076332 0.0377647452276639 -0.0435788290043802 0.0508191437416306
-0.0490593424375848 0.0160101692220179 -0.0532167898316635 0.00598309726534245
-0.0427345091946846 -0.0265631141353814 -0.0286534208043093 -0.0249156283712064
0.00160719705412887 -0.0487024914660659 0.0030049870617576 0.000368806664632917
0.0316642488557777 -0.0360125035576011 -0.0442479991309502 0.0821273574548656
-0.0325122222719878 -0.0150245244886069 0.0261870349738241 -0.10349144353333
-0.0150556287053658 0.0187524024973295 -0.0224310352504595 -0.0147663675526772
0.0109421533981324 0.0241206400581661 0.0370223567554363 0.0333400248834857
0.0215353198100095 -0.00136371601771469 0.0706423955214409 -0.00632838520974467
0.00680488032993297 -0.0124736909408081 0.0514882063007597 -0.0661518653374272
-0.00200920111013096 -0.00830233759259994 -0.00729245527841182 -0.0877677691674388
-0.000586908441394202 -0.012104437357623 -0.0446952470909816 -0.0671543909607072
0.00225730877232002 -0.0110308398563242 -0.0551126597837875 -0.046601576726418
0.00592315585174209 -0.00710551056070692 -0.0592000790229876 -0.0450110790054217
0.00915739683620598 -9.49550327646038E-05 -0.0522980659761909 -0.05631927303974
0.0128037399192422 0.00646555830513814 -0.0325753428910025 -0.0674984631341689
0.00355952567299339 0.0232820825849483 -0.0032582341815266 -0.077819409264731
-0.0188628469585303 0.0236989291888431 0.0199757933255944 -0.0832753140635294
-0.0349996995856389 -0.00921515370241465 0.0160469544418727 -0.0840421001387422
-0.0285541267572555 -0.035222234246188 -0.00226747740165481 -0.128410203682212
-0.0397871073060108 -0.0626959332261933 0.04190161959178 -0.0849583625684192
-0.0434020195195798 -0.0168908426832255 -0.0161645521364251 -0.00527343679210387
-0.0332142402092551 0.0180291347464783 0.0465163867979305 0.0429726808729463
-0.0119576658701573 0.0248627520997269 0.08606734553168 -0.00179687032783295
0.00237269594352562 0.0180671063680535 0.0599222470107942 -0.0688200250536449
0.00825825264414619 0.0174708330810259 -0.00191269580901247 -0.0909638054939133
0.0226982606829412 0.00907459113166171 -0.0431526366047566 -0.0671310444075472
0.0271322997375322 0.00735225047488519 -0.0509552138226632 -0.0437962492426049
0.0273666718807921 0.0146187347839261 -0.0561289481438345 -0.0390788376615987
0.0146973942881393 0.0295708412547927 -0.0509855810508363 -0.0489594520439028
0.000162970929413179 0.0356258778257151 -0.0363243505996651 -0.0591339433861659
-0.0342293068591288 0.0399525464895054 -0.00977150385631819 -0.0695275156050388
-0.0589517576823088 0.00948756529905911 0.0122958412764341 -0.0756872814956206
-0.0541237178198538 -0.0500637535030461 0.000852255230778643 -0.070099196649756
-0.0308140495477573 -0.0898729703372226 -0.0147291557504229 -0.104071961833973
-0.0371436276029484 -0.103608758832983 0.0515587946101678 -0.0507918908509087
-0.0631119848636099 -0.0587369570623621 -0.0126626527199885 0.013123706217667
-0.0779220552763305 0.00141265039093674 0.0506274407853442 0.0600706327865631
-0.0526497836581288 0.0461295023324455 0.0981992881767106 0.0112621162544275
-0.00868642223653499 0.0507407415194516 0.0692975059452874 -0.0614687264115027
0.0141968093458263 0.0447350798457147 0.00932362989381556 -0.0842746159465917
0.0410421196908323 0.0318413619700173 -0.033895214701041 -0.0593304158302776
0.0483079230631139 0.0254440803639989 -0.0384803465332066 -0.0356888948305551
0.0466287496948 0.0318267813020311 -0.0451929590584243 -0.0260684095626875
0.0229744714038891 0.0521669956140076 -0.0457175371592769 -0.0320500770063798
-0.00358418246334688 0.0602611132268239 -0.0424669958610891 -0.0411003091359985
-0.0592738279502278 0.0617053669949118 -0.0208183408913663 -0.0565319941260698
-0.0913349057687189 0.00833345381065127 0.0020559877337163 -0.0680024278354295
-0.0740080789851423 -0.074639227357589 -0.00831437008607898 -0.052574969258253
-0.0346810865886054 -0.128213461088321 -0.0254598770671656 -0.0651339223012481
-0.0262406673485748 -0.129590145088807 0.0518969633791444 -0.00473152492378038
-0.0689093952413992 -0.0975895126574817 -0.0122090864797837 0.0399313418628439
-0.111062084140175 -0.022596551659971 0.0467571313671983 0.0798032168104535
-0.0917685481758318 0.055299728308438 0.100665463804911 0.0313753773677585
-0.0243626385188526 0.0768378866565533 0.0740630980576753 -0.0420572995832791
0.015128922299292 0.0676519437954251 0.0213730644159416 -0.0648015506896619
0.0520830278650646 0.0508681443761711 -0.0189765178953649 -0.0432848118673145
0.0618057437767497 0.0386582706831154 -0.021106849763296 -0.0215592380419598
0.0599493739205177 0.0422343812819211 -0.0274324291079715 -0.00908592432007723
0.0315735641100487 0.0645076529956083 -0.0345556373176421 -0.0102266315005711
-0.00153711441895183 0.0752634786488709 -0.043762576636546 -0.0174080185872859
-0.0693186662480843 0.077714943571258 -0.0313160382591471 -0.0390556138944084
-0.109316276228707 0.0125435975358217 -0.00779998965110972 -0.0575382924544424
-0.0860085587210183 -0.0830625820862689 -0.00872754764916583 -0.0346739957225167
-0.035696742784827 -0.145856777663047 -0.0294206056708013 -0.0205381359664158
-0.0110691211075718 -0.133855872558749 0.0425970573668108 0.0472856842040835
-0.0579553356146751 -0.120385280161397 -0.01435940161252 0.0698222271070233
-0.120638682805976 -0.0478399869537354 0.0333215631258238 0.0960755667348684
-0.116326491006448 0.04773338404598 0.0887569616965721 0.0539016447810912
-0.0393184639760543 0.087230384556844 0.0702948896396502 -0.0140330836433386
0.011616149586742 0.0792902926615398 0.0321172114701419 -0.0359309055093401
0.0548687095206529 0.0621487142985714 -0.000682924656134392 -0.0216537272569506
0.0664405323139554 0.0463373930969617 -0.000606626047364235 -0.00459641029471867
0.0657177873894675 0.0466562532258697 -0.00674440828484447 0.00869592550387132
0.0357397451397446 0.067189320626323 -0.0191168343655974 0.0119183722639086
-8.90323425876678E-05 0.0782802169106929 -0.0397188055611451 0.00713494308210125
-0.0703668742310867 0.07935838048399 -0.0373510347225745 -0.0202599179820475
-0.110157547319237 0.0124103873566386 -0.0146355699839745 -0.0463995018691183
-0.0820968778816521 -0.0827464137489166 -0.00374680309210203 -0.019410558581402
-0.0292164242619386 -0.142600191135668 -0.0283647353549091 0.0220041128633675
0.00401190294131103 -0.11414541433385 0.0272383087962033 0.0950012026952809
-0.0338547252882569 -0.118140534401399 -0.0196751309997446 0.0952430673218346
-0.103280652413743 -0.0637081378390906 0.0141709549065712 0.102899259992362
-0.115331200096425 0.0285001408497098 0.0658379874711932 0.0695779147955533
-0.0470561907337445 0.0787236288772816 0.0585425681493861 0.014682173400004
0.00603942860293103 0.0751958876627031 0.0385597451993063 -0.00256543432730398
0.0485954115362784 0.0616613144571342 0.0175489177911826 0.00213230103889993
0.0613002816283325 0.046667663685215 0.0192254115653665 0.0124890581690758
0.0609449937133914 0.0451058540922484 0.0130811733123577 0.0260974490887172
0.0339061318280403 0.062363610586414 -0.00455610532338074 0.0323561327910043
-0.00140624895131775 0.0712691057852565 -0.0351619235213672 0.0285181183246067
-0.0667541183445069 0.0678806876360495 -0.0408760219383236 -0.00415743718336068
-0.0973026831134553 0.0035366416510093 -0.0193804875949918 -0.0352170074898611
-0.0636856655156513 -0.0772522414175241 0.00200186419850562 -0.00822330359294357
-0.0144209945886993 -0.121491501003938 -0.0266131187357946 0.0574624680399837
0.0148875653876249 -0.072900726003161 0.0100747727498988 0.128676780936071
-0.00829229224622171 -0.0889335058258874 -0.0228987369679467 0.110100686777245
-0.0670212647887243 -0.060040447386312 -0.00400369044640293 0.0989142805030078
-0.0900779995591937 0.00872018812414297 0.0393740812097229 0.076176510448618
-0.0418605916905303 0.056274549158794 0.0431487637130508 0.0385500849373073
0.00161279887481995 0.0571205075128551 0.0411269314639095 0.0266959381131553
0.035645237439774 0.0502945990313529 0.0335810776328324 0.0231017657033329
0.0468478906815097 0.0393779203882932 0.0354235533076539 0.0273544510218373
0.0475368685740444 0.0385674925888593 0.029664639253489 0.0407892044264182
0.0264078875969101 0.052013662277839 0.00666677713581622 0.0497144126900372
-0.00503598570234606 0.0575376207367918 -0.0330996244464061 0.0467627331024392
-0.0595518297615434 0.047648284338797 -0.0453075269706517 0.00805008735525702
-0.0751330603063821 -0.00857916942004647 -0.0249579589965784 -0.0264113933784588
-0.0367929336268104 -0.066772485980536 0.00493433194128596 -0.00109322674874321
0.00478465082203584 -0.0864195024664327 -0.0270362634537666 0.0824083200753716
0.0220743251744735 -0.0189699307229521 -0.00243077926683911 0.142109047849285
0.0147979126206548 -0.044096797503935 -0.02139620548168 0.111398295037395
-0.023985431011585 -0.0397297879032479 -0.0166546632780485 0.0882944610329681
-0.0483001503927223 -0.0057858818108154 0.0187222761354427 0.075978204539827
-0.025983877425176 0.0271258795710307 0.0323902542173669 0.0538973222662478
-0.000986854234921196 0.0297290187450766 0.0437773800325644 0.0462128297726291
0.0175124522658128 0.0296535614610898 0.0461374287230827 0.0370247485771625
0.0258187133235499 0.0266486060882762 0.0463293426426339 0.0376137922064775
0.0278737306590567 0.0269136897089887 0.0400212187774635 0.0527859639004632
0.0159280232705311 0.0364718746953799 0.0110922972223023 0.0645661568853542
-0.00810761874146507 0.0394410789616182 -0.0352815119492771 0.0598778189311089
-0.0460604658325325 0.0248689374032972 -0.0534683488067416 0.0153558597096817
-0.0464687507245149 -0.0183614687319602 -0.0333366408299321 -0.0222173486124003
-0.00734937151262991 -0.0485970612902549 0.00448751958500229 0.00114139366193679
0.0236068372580415 -0.0408178155143079 -0.0300099622065462 0.0950114751618298
-0.0351599922152884 -0.0150487188526336 0.0265732342910569 -0.108378500451186
-0.0159205242313746 0.0194430811161447 -0.0236424080103845 -0.0146162364823603
0.0119118419745497 0.0253201358987718 0.0388418152256268 0.0345597239495317
0.0223031876665677 -0.00160412899892147 0.0733038977244981 -0.00669682276596002
0.00782809049624384 -0.0133652813107248 0.0533792294438594 -0.0693366173503171
-0.00201807667597912 -0.00844591099298012 -0.00794982123710273 -0.0898166353009148
-0.00141057047655811 -0.0123863465219935 -0.0468035971279654 -0.0682043885695893
0.00202024794665612 -0.0118607703485039 -0.0580743090098442 -0.0475155092023039
0.00598353138569727 -0.00731646652440356 -0.0615680773354294 -0.0450065962212365
0.00984656508002899 -9.81026473521364E-06 -0.0551665806447599 -0.057716900322924
0.0129709669665842 0.00609023603544217 -0.035181716795687 -0.070253158363174
0.00450015015172428 0.0239245274866103 -0.00407912204305572 -0.0818952861608768
-0.0189446741849682 0.0248199216252971 0.0205454315434167 -0.0864115766726578
-0.0372987443167702 -0.00950463008487199 0.0181527321040684 -0.0863118496438464
-0.0301622130299891 -0.0365053363657795 -0.00310603744014252 -0.134433457896759
-0.043023409332835 -0.0648451669839088 0.0427734060620295 -0.0890774999594362
-0.0455947383875493 -0.0172083865875108 -0.0177505823081668 -0.00501794026378115
-0.0345024165682632 0.0202185266503687 0.0489198997040334 0.0443892604005759
-0.0115125319211795 0.0263831875155452 0.089672110685927 -0.00272816492728293
0.00314476187984149 0.019130636660293 0.062639557864094 -0.0721512499345063
0.0090071458815779 0.0179599913764905 -0.00282223994713994 -0.093930014924419
0.0234027420813651 0.00850047577459958 -0.0449914731605881 -0.0683649961410713
0.0280523755522467 0.00661238392626229 -0.0531821097274675 -0.0450679854397134
0.028694287249585 0.0147433556080898 -0.0583223404713783 -0.0397760627892941
0.0155802870426607 0.0307264076397932 -0.0542316182172376 -0.0500548419971709
0.000870331368078329 0.0363320014102089 -0.0396229473976013 -0.0616485356371803
-0.0343365345110934 0.0426062804558037 -0.010453670783999 -0.0732771051435916
-0.0610254694038341 0.010510182190961 0.0128901849767142 -0.0790306390423746
-0.0578095531148224 -0.051829972002172 0.00192319271664515 -0.0720619354805231
-0.0333611805240701 -0.0935443851905547 -0.0163600852154603 -0.108228778721303
-0.0408048409425615 -0.107342383795685 0.0535456074145402 -0.0535674823395372
-0.066737912790602 -0.060667284055607 -0.0137490358987743 0.0141438312666313
-0.0805894045402597 0.00390362372112044 0.0538905203272193 0.0624937241059265
-0.0536023487104142 0.049387341436235 0.102706028794363 0.0110052363882655
-0.00799731064333196 0.0533412162393024 0.0723965409897624 -0.0643628746935207
0.0159738265481956 0.0463641072573007 0.00850774983227074 -0.0873679526030784
0.043022628787735 0.0316209817244107 -0.0351029105870661 -0.0607699390840154
0.0501739266648287 0.0241431761803318 -0.0405533043173275 -0.0359288633997458
0.0488390600763438 0.0318683648396504 -0.0471640502566582 -0.0259920979746834
0.0249034821889002 0.0539540906254925 -0.0485033172197222 -0.0326163930981765
-0.00298079882619889 0.0623968181588157 -0.0449043487795112 -0.0429539782928462
-0.0595445712042434 0.0652350479500287 -0.0224225415261405 -0.0599309758233504
-0.0950152138622941 0.0100495483398278 0.0013048722614115 -0.0709665072041847
-0.078484893671178 -0.0766156112332557 -0.00749387606985389 -0.0539635097120842
-0.0382237883427748 -0.133307090854701 -0.026564698141437 -0.0673767290171624
-0.0289541559920608 -0.134597859582419 0.0544573995854697 -0.00537308521160728
-0.0728815406836736 -0.100899290342245 -0.0130806824529574 0.0417602722190407
-0.116114078441195 -0.0213502957320432 0.0496046140823061 0.0833967898871404
-0.0942210938075225 0.0594925538988006 0.105158097543877 0.0321607937242306
-0.0236906739380503 0.0804703602356262 0.0779863989926962 -0.0443622145138476
0.0173356656879914 0.0701152962341071 0.0219375820635239 -0.0679976756203039
0.0549475223642725 0.0513680533964558 -0.0194548350373969 -0.0448781185668146
0.0648297231099006 0.0375673834502551 -0.0220722844657129 -0.0221268272253528
0.0633992853563861 0.042239172687932 -0.0285173746023096 -0.00916701908016883
0.0340436373977265 0.0661786364593944 -0.0367052133535676 -0.0102691422688418
-0.000544945099237399 0.0780278998918907 -0.0460165375472647 -0.01792954711042
-0.0701407176866013 0.0827180508009708 -0.0332169219045117 -0.0420814606700791
-0.11341935265184 0.0149605768580598 -0.00838804771857405 -0.0606094378301334
-0.0905558866907273 -0.085751801319719 -0.00798860426727675 -0.0358168571003413
-0.0396629911400411 -0.150703533367985 -0.0301143366254243 -0.0206485292219883
-0.0128941331217824 -0.139257247688693 0.0450111860251188 0.049341776507648
-0.0617342225072725 -0.125517378276372 -0.0155374360653216 0.0726839793216403
-0.126557675440921 -0.0478208559225817 0.0357332648692667 0.0998351740448946
-0.119858505898712 0.0523122039412743 0.0930924861858284 0.0549551303138477
-0.0398707861098243 0.0921117136432883 0.0741324044233983 -0.0154177690409887
0.0135583323061081 0.0819005874514121 0.0330870209698757 -0.0377474741197365
0.0574152627882908 0.0628990203019631 0.000134166941705408 -0.0225223725722568
0.0700853790540289 0.045753907779197 -0.000816123082977037 -0.00492764052577119
0.068540346113116 0.0463064578346671 -0.0068850717360028 0.00934104338880364
0.0384499495379133 0.0689678688511984 -0.0206755529079603 0.0124154660054793
0.00129738705783756 0.0813073401394084 -0.0418827006078665 0.00769845542572134
-0.070760071607355 0.0845927245245622 -0.0394434035283583 -0.0224367292269534
-0.11415437044193 0.0143374870134604 -0.0156863390940529 -0.0486864705089255
-0.0867257358394489 -0.0850401400856205 -0.00316828314633954 -0.0206868312659315
-0.0324326177895925 -0.147703404248956 -0.028725235032579 0.0237592057997355
0.00279306840952481 -0.119094911434272 0.0292563009434514 0.0985326296875458
-0.0369759266674546 -0.122915282219175 -0.0204072791788948 0.0984846419697333
-0.108501738934071 -0.0644960084104227 0.0154118338368031 0.107338294532931
-0.119371939960167 0.0314326367536981 0.0692639540112808 0.0715561090470162
-0.0475919244826406 0.0828748040443174 0.0612070595187695 0.0147544043554266
0.00742136029394741 0.0779395662892479 0.0399280186079966 -0.00390027409422719
0.0513589905975071 0.0631351975220809 0.0191875843170266 0.00190689865753006
0.0645584488514172 0.0462041646056816 0.0200242509767065 0.0127131798020806
0.0638500862771435 0.0451325684952553 0.0137518980606253 0.0261320926272328
0.03651135474515 0.0639478578250027 -0.0048772873121451 0.03273683909987
-0.000325330476939572 0.0741663393348035 -0.0367288324538828 0.0295967673799424
-0.0675199053105248 0.0719359099378585 -0.0425245128983571 -0.00482994490025589
-0.100773862932936 0.00517111180951801 -0.0211022840569699 -0.0372166302365106
-0.0671905786295772 -0.079690672308097 0.00229248330984751 -0.00906970116461193
-0.0167124401996984 -0.12541542717325 -0.0264936211361245 0.0603472521501902
0.0144883618014212 -0.07634101817827 0.0112871781909615 0.13424870599455
-0.00966954102403201 -0.0930700398664141 -0.0233047021932552 0.114058283601693
-0.0705999572250179 -0.0615208118545074 -0.00397050120499211 0.103539414984482
-0.0936696944205279 0.0102478313072425 0.0413096803254263 0.0788425271566749
-0.0430970156019803 0.0590710208714372 0.0453154521374098 0.0395927734270536
0.00186455230790212 0.0595214601008931 0.0429836981940938 0.0271436348631596
0.037637908117187 0.0506495058035229 0.0359447233740585 0.0235026665099174
0.0496766975853633 0.0396935218674244 0.0370974625561711 0.0276635760949401
0.0499594312961259 0.0390119338730244 0.0306651208772897 0.0416037444290571
0.028367826389393 0.053235994751164 0.00654847853879253 0.051546225505383
-0.00461158606508179 0.0600324619563563 -0.0343423848600433 0.0481864984814501
-0.0603698627278319 0.0509340676590928 -0.0475422814325146 0.00757914412992263
-0.0779223629880473 -0.00781112123108734 -0.0268240023508263 -0.0281427679771876
-0.0386155864753048 -0.0688153837304711 0.00502722481615952 -0.00137465908040134
0.00380407357633661 -0.0892899690482764 -0.0263402808514264 0.0862579511025252
0.0226607300257153 -0.0200644116043193 -0.00139615126806726 0.147977992931464
0.0147199889769764 -0.0462550936559249 -0.0218963005066986 0.115900596982007
-0.0257435582357175 -0.0413455367555555 -0.0173666294348105 0.0930014003216848
-0.0503535014026965 -0.00552364973758555 0.0196707838297216 0.0792055044761908
-0.0270516394078778 0.0286078909685321 0.0339851479786441 0.0564002619158922
-0.00136843477955339 0.03100867020295 0.0458196472016453 0.0471091606378123
0.0184235976448329 0.0299881255339917 0.0484944097541936 0.0374891419490783
0.0276829832616854 0.0265224802913407 0.0484172846472746 0.0381278544429467
0.0290437944675644 0.0270463309090085 0.0416255436186733 0.0542433842316146
0.0172922618193607 0.0369920045967051 0.0118914748015893 0.0660420666076997
-0.007204168261889 0.0412069810572145 -0.0363977723476462 0.0623831503775828
-0.0470911321456429 0.0267078153758895 -0.0557113403143388 0.0157159403530826
-0.0478106898858465 -0.0181337640041549 -0.0349491800408257 -0.0238480932587339
-0.00770317283891224 -0.050372244309454 0.00507999213018377 0.000572820373909845
0.0243618212838466 -0.0421715643375215 -0.0297542166946699 0.0994495986264565
-0.0382224530436435 -0.0141100767170976 0.0230689247826574 -0.114958817257834
-0.0164601444835697 0.0214041575794631 -0.0258163448385889 -0.0138404154243555
0.0140486755204828 0.0266482240976587 0.0421050989411347 0.0344734189063831
0.0237905537397901 -0.00245344079302663 0.0769465862300909 -0.00975722260926982
0.00775563301150036 -0.0141797412403934 0.0531679213584563 -0.0744706540429221
-0.00210176098040087 -0.00862844285658325 -0.0119344315685554 -0.0926187413318019
-0.00201196203198307 -0.0127086884776298 -0.0518313515213374 -0.0688380249225971
0.000765734523329141 -0.0122623218778747 -0.0626210913054053 -0.0465188771914226
0.00595146750512428 -0.00816439176515816 -0.066185712498841 -0.0440517392977135
0.0101341739643227 -0.000770396197655449 -0.0609817333996344 -0.0572506194816485
0.0139468511015978 0.00558095700136971 -0.0399290199871178 -0.0727391136860771
0.00629902150716779 0.0251886588764111 -0.00838768294237928 -0.0861212087065103
-0.0188100122446319 0.0265900789468754 0.0179761673071999 -0.0913992489969537
-0.0401405021313509 -0.00854021864205668 0.016914640719506 -0.0904405437078728
-0.0339425866778915 -0.0366684433149447 -0.00867552713853156 -0.140111862855134
-0.0484502706343333 -0.0653937656277475 0.0410384739816703 -0.095849530240592
-0.0489356554794427 -0.0152552892018473 -0.0191012873822255 -0.00403550191943829
-0.034762933869086 0.0231705036795201 0.0528894502247418 0.0447263606766069
-0.0099763909337379 0.02824472786529 0.0940977915790652 -0.00652487556244891
0.00452103969625606 0.0196678498325909 0.0629298728665895 -0.077891552790405
0.0107910058966389 0.0182048445497767 -0.00692173352296848 -0.0973935159484873
0.0245545053082434 0.00808329896956561 -0.0498377185488029 -0.0690349666622349
0.0290976581184305 0.00474624422433008 -0.0573168031216859 -0.0445307709863126
0.030623831237591 0.0134064218938489 -0.0623731835807828 -0.0381012568811234
0.0183308683204531 0.0311580496371923 -0.0594711219063649 -0.0493125321973418
0.00255501363966537 0.037775018217408 -0.0442313457109382 -0.0628519993640764
-0.0331745224797521 0.0462612175095736 -0.0147011600212956 -0.0774363315410048
-0.0629800894438448 0.0139312784320253 0.0101812555486381 -0.0834905718764341
-0.0632431724396615 -0.051740564424192 0.000684264628962857 -0.075071770797162
-0.0397501054360603 -0.0957279124534254 -0.0207135996798425 -0.112536979524033
-0.0477469487417396 -0.110320076240768 0.0542740877729387 -0.0586776514040575
-0.0726360815377079 -0.05992502675547 -0.0145410274854679 0.015577717947529
-0.0842276408070682 0.00884894651120093 0.0588159350942811 0.0631574048315699
-0.0526495506141894 0.0544670136982146 0.107849058697231 0.00723421784047368
-0.00528538814780625 0.0562577813562928 0.0740431679421523 -0.0705727213854503
0.0191890284469071 0.0475975164202101 0.00496264509828943 -0.0915423285282227
0.0457874436453661 0.0309000934962122 -0.0387245525659308 -0.0618934518799414
0.0533158617079108 0.0213632862818681 -0.0439210866404939 -0.0360782502880538
0.052436146509496 0.0304661781276461 -0.0496880764371815 -0.0247788637115249
0.0286523166108312 0.0547787060596713 -0.0524234658332163 -0.0316114236348984
0.000475139623550109 0.0650999488016426 -0.0496421277130928 -0.0433879142112985
-0.0585722770466036 0.0717628302955494 -0.0266882269995257 -0.0634045024933286
-0.0982794085516207 0.015080038461683 -0.00130302219988729 -0.0748030960828492
-0.0857338823959985 -0.0770489244197124 -0.00877792769085836 -0.0559938299454386
-0.0467723112961877 -0.1368798012737 -0.0295418998910539 -0.0692589366588909
-0.0367562936701788 -0.139680600268461 0.0564209676248772 -0.00817010508694258
-0.0808573411873899 -0.102461012032257 -0.0125390317589293 0.0440985072916502
-0.122053968396507 -0.0158476754003966 0.0553440870853899 0.0852417695887988
-0.0949296257358239 0.067476094202979 0.111974868155796 0.0290157983019017
-0.020633716336545 0.0855696555844914 0.0804931381374158 -0.0497625684944027
0.0215918321845026 0.0720868612646561 0.0194334726461855 -0.0721004560736082
0.0592857968167021 0.0504806567042889 -0.0212514785203315 -0.0457875454054688
0.0693405207471741 0.034833013305708 -0.0237300206434251 -0.022015027881966
0.0681562245798171 0.0402144522613366 -0.0299860651267869 -0.0079983578592989
0.0386896947537108 0.0671933471724228 -0.0390912300620589 -0.00894416806454071
0.00341930196360008 0.0812407407408137 -0.0493922609928891 -0.0170925831092423
-0.0683634419585969 0.0902057752954448 -0.0370064725758378 -0.0438384905550773
-0.117719228019826 0.0214022878423621 -0.0114476186704979 -0.0638921015177337
-0.0984800014099844 -0.0856605351390401 -0.00906418375103036 -0.0371333853333822
-0.0484396735295426 -0.155507532741521 -0.0318052400559132 -0.0205243756193399
-0.0199988454837538 -0.145088143454176 0.0498750134188789 0.0490925132987042
-0.070365275171522 -0.12842556432989 -0.0136285492193323 0.0761020084714644
-0.134788894513947 -0.043403102498666 0.0405601731165167 0.103003009102926
-0.122791039058863 0.0608340740822165 0.0991300497758045 0.0538693011333141
-0.0369715308217513 0.0980745560282462 0.0777958533858768 -0.0198621601796905
0.0181991599940294 0.0845572729161471 0.0327432053982121 -0.0415310895858786
0.0629247917065069 0.0621828830275085 -0.000159393001907497 -0.0236766618819676
0.0751725021468655 0.04286809948335 -0.000840796135059875 -0.00519568407864339
0.0741430551233541 0.0440517043907707 -0.00676744156237378 0.00959681944045263
0.0433778990892542 0.0699601550157538 -0.0214203434387911 0.013806321459894
0.00536869454094191 0.0846124833840101 -0.04397543349494 0.00906162511536299
-0.0694990177997651 0.0921061834149195 -0.0429591886302668 -0.0232221693346654
-0.117880660395185 0.0209985948047756 -0.0191416118038255 -0.0515009824699982
-0.0944248549541676 -0.0849793236069424 -0.00316451902288506 -0.0214787334024926
-0.0416208679227735 -0.152145014677364 -0.0279468846390986 0.0262658310294791
-0.00263846380597863 -0.124398685620482 0.0350421686024577 0.102165940428298
-0.0446309312512507 -0.126754692995679 -0.0173133826898148 0.103190978118779
-0.116496550733472 -0.062058470379765 0.0201999195010924 0.111807678087144
-0.123022489896872 0.0388413501386586 0.0745865533438115 0.072575924326725
-0.046388528367126 0.0885218108757819 0.0654683036713276 0.0131397848718901
0.0110252513206475 0.0810357096410111 0.0417086198799575 -0.00589005797384421
0.0564715428373296 0.0622988803201315 0.0204174884747116 0.000759753048583383
0.0697563524804018 0.0435622578754254 0.0214129419207113 0.0120778257032817
0.0692085362034577 0.0431946719884087 0.0151517924251991 0.0267768908179524
0.0406621089321918 0.0648909405808554 -0.00460286543308256 0.03451709121512
0.0032565957980105 0.0773594672442842 -0.0372607623471947 0.0322575492804115
-0.0666036758352105 0.0787991531049542 -0.0455272224019094 -0.00461213958159617
-0.104560513333473 0.0106675730692916 -0.0242740055539103 -0.0390489938655029
-0.0730147589306161 -0.0804999882544112 0.00260889532124592 -0.0100023520280878
-0.0232752085879617 -0.12972160448876 -0.0243070520011819 0.0644814069227631
0.0113046677386819 -0.0801204314603385 0.0176239713626344 0.14029967306144
-0.0146084291239264 -0.0970519671200463 -0.0203216855049871 0.119525779910227
-0.0766561626498053 -0.0610345622214017 -5.79079463392905E-05 0.108569031040994
-0.0970387480868164 0.0146836340190923 0.0459226433975043 0.0806914329501186
-0.0425014864668017 0.0641287423362358 0.0495492617075488 0.0396482367126545
0.00457877814552451 0.0618850045797394 0.0462642376912112 0.0258142513498989
0.0413230162903646 0.0510451210999863 0.03892269281249 0.0224776003517115
0.0538446995283811 0.0376792704462665 0.0395938699722538 0.0273199917182675
0.0541849829490257 0.0377130524287418 0.0335123046100379 0.04147096204419
0.0322145879976667 0.0540165664992427 0.008904047180907 0.0527694216517095
-0.00167239210183092 0.0629942251609246 -0.0337180247559207 0.0512856729810894
-0.0603749073636932 0.0562923213529796 -0.0495354807181491 0.00917049280464301
-0.0813734605864886 -0.00408850339596691 -0.0299323206076973 -0.0291818000682699
-0.0428067628812224 -0.0704922271989273 0.0050712881120513 -0.00287066722167443
0.000476662936011937 -0.0931220014121394 -0.024000449813208 0.0916009041712188
0.0224338620706866 -0.0217537902001025 0.00405205357016397 0.154862069194075
0.0129840075473227 -0.0489087124796713 -0.0182092594990091 0.121120233338656
-0.0289326218988734 -0.0423282741794881 -0.0150091535698709 0.0979914433448143
-0.0529407918918341 -0.00341161905844602 0.022794833621432 0.0822616612135309
-0.0272757831488275 0.0310032019348147 0.038277874185328 0.0581769891032751
-0.000405070095286898 0.0326509105101686 0.0504531912492177 0.0467779326519547
0.0206693531315887 0.0304128069982198 0.0526084682794433 0.0367034223183663
0.0303687276313151 0.0258204706036081 0.0516528679798491 0.0379425221025799
0.032148084077151 0.0266396294881678 0.045369602314617 0.0541233661422973
0.0199012420841376 0.0378657332865825 0.0145681202313734 0.0678869230978534
-0.00608988768200875 0.0434165832064763 -0.0354250093076726 0.0663684571653285
-0.0478000693719044 0.0303151752071304 -0.0576006704408074 0.0176536459095559
-0.0505876835204923 -0.0170433985745396 -0.0378478419704454 -0.0240238888288703
-0.00984230079189224 -0.0526108788071953 0.00485483318514973 -0.000451403488184142
0.0236531450975263 -0.0447226477574366 -0.0260402246597637 0.105835317162957
-0.0408121698512677 -0.0108708827536174 0.0157351021739927 -0.119092181710349
-0.0158808199606463 0.0230211151129459 -0.0277505639729687 -0.0120164497478208
0.0170647687063459 0.0263022946116204 0.0447674463805088 0.0325201286192266
0.024658581349587 -0.00427577745468138 0.0778518483776584 -0.0143313731150345
0.00698275506402362 -0.0153263840018138 0.0501457270502654 -0.0787271340481697
-0.00255155688953315 -0.00857430295064602 -0.0181518301272795 -0.0927340121833714
-0.00318158890079296 -0.0127134755277308 -0.0571484978498906 -0.0661764516901116
-0.000408536262727537 -0.0122702451260329 -0.0666960722737996 -0.0425059750599442
0.00520180165433659 -0.00868061457467779 -0.0702448465645109 -0.0393960874116787
0.0103850012715294 -0.00146586992626674 -0.0659120581701712 -0.0537948177667085
0.0145475825502128 0.00462023861514066 -0.0467046010319025 -0.0714292234016366
0.0086690860498371 0.0247296908409863 -0.0148835801327423 -0.0881678861150339
-0.0172183369498794 0.0277449652020741 0.0130441960352779 -0.0941621399786619
-0.0422425720690366 -0.00588833176845202 0.0136010667571624 -0.092695837008675
-0.0372175242768595 -0.0350487064716052 -0.0184196697133625 -0.142495091325013
-0.0543952349552625 -0.0625463850140466 0.0352621728034338 -0.100800850103175
-0.0510618387027112 -0.0120378371849241 -0.0202756062136445 -0.00240766581339359
-0.0325446453331666 0.0268577143208952 0.0565200887936348 0.0422098879587207
-0.00758674954373402 0.0299343002834255 0.0957200638194297 -0.0125153989414193
0.00669551127874601 0.0194977284710569 0.0589486261643808 -0.0835276644758096
0.0126890421054244 0.0180490366818811 -0.0133412696219823 -0.098110987062975
0.0252808455429533 0.00628386873742143 -0.054722279985935 -0.0668213407014709
0.0297403800929763 0.00216375263382677 -0.0611948187416731 -0.04097306092346
0.0320242557555934 0.0112655689602068 -0.0658727565964916 -0.0341104858142577
0.0209811716537325 0.030314341983601 -0.0637884945524367 -0.0459160510389335
0.00545043943557252 0.0380405459222018 -0.0501541232235223 -0.0614695812736943
-0.0296746353122487 0.0495324423711869 -0.0204986703414516 -0.078839025557646
-0.063190100358868 0.0187235187506643 0.0051304030918129 -0.0859137707136521
-0.0682728202712674 -0.0478635861811801 -0.00227997567162794 -0.0759396090656383
-0.0474239702504179 -0.0943053858913812 -0.0285684096700338 -0.113415752863309
-0.0568434952237242 -0.108509993001829 0.0514419085964061 -0.0642777400207127
-0.0782973773105727 -0.0556037469608483 -0.0144801334543193 0.017119613279847
-0.0840831157525231 0.0158169862046709 0.0633510658732564 0.0599968300892554
-0.0488976800180219 0.0602885952668849 0.110923242505255 0.000385738059744801
-0.00074380845014965 0.0575233732073444 0.0708043706600012 -0.0765897353188389
0.0233978239750488 0.0468629819067152 -0.00102044218633748 -0.0929211382791629
0.0490788417196928 0.0276990725354259 -0.0429315227984939 -0.0598234284530267
0.055292941338863 0.0168678080291199 -0.046893966743179 -0.0334760719864044
0.0552918313693503 0.026082770679444 -0.0522111779966198 -0.0212795300110947
0.0335172016211737 0.0535459186980904 -0.0557872657553934 -0.0281087536583119
0.005225548849524 0.0659277400959963 -0.0538642894813916 -0.0407951705999624
-0.0531315756150817 0.0771092476073547 -0.0323223853594822 -0.0640213600538242
-0.0988896843920405 0.0222655397630901 -0.00600816349246956 -0.0763935217167018
-0.0924977082062884 -0.0719923967612771 -0.0110050316865668 -0.0564371819632913
-0.057882490978256 -0.135506389456217 -0.0343104911394757 -0.0685287292787799
-0.0476172536475996 -0.138928796773373 0.0581157914588487 -0.0126708270553591
-0.0896292059271767 -0.0985553335231838 -0.0109962867045475 0.0456458905162538
-0.125499085381941 -0.0060990985152543 0.0615238983182538 0.0829726351617265
-0.091155712633681 0.0761695375131897 0.115528161992847 0.0223845690520456
-0.0144951569365433 0.0884648089108164 0.0789537950299864 -0.0566365488132531
0.0277796754948908 0.0716361084966886 0.0147118142570517 -0.0743622497320832
0.0636714355708533 0.0466893730454917 -0.0242551237008024 -0.0452104246539796
0.0725846231946183 0.029380184095266 -0.0256968463725172 -0.0211848169060949
0.0719525010066952 0.0347451294700477 -0.0312277879232397 -0.00610857752410344
0.0444129706658287 0.0658143363593886 -0.0409130503763952 -0.00633039551120913
0.00940750618335703 0.0821858844749035 -0.0524546003929167 -0.0141701926212043
-0.0613870479854081 0.0970384273455738 -0.0415558758416987 -0.0437005041173261
-0.117767515242669 0.0306884730611326 -0.0160175447600107 -0.0647552240448277
-0.106777245725421 -0.0799803072553489 -0.0103742033865854 -0.0375376975279311
-0.0610098958206075 -0.154207040720622 -0.0326598353859746 -0.0185810516128537
-0.0305633308770344 -0.145953892161094 0.0544318345888151 0.0462840887850824
-0.0803231856655807 -0.12534700254119 -0.00957943778344902 0.0776944830088446
-0.139892010023799 -0.0341224110960822 0.0481311684772353 0.102272178331828
-0.120030173407137 0.071415301634106 0.104507123920307 0.0484629107921745
-0.0306113065431421 0.102328131627193 0.0782675682616019 -0.0250979773820801
0.0247057127425532 0.084680777910103 0.0305167197808318 -0.0444466963160376
0.0684407775148895 0.0581693733058337 -0.0011761002295084 -0.0243148280054234
0.0788850588064423 0.0367228254422636 -0.00145589715320775 -0.00554543741064308
0.0784533630086612 0.0385008497728785 -0.00660571385279989 0.0101396175534438
0.0491742713607138 0.0678192306392987 -0.0216414584633639 0.0153677958151187
0.0115849161308548 0.0854253893608544 -0.044973984643428 0.0119992856919712
-0.0626828777329159 0.0989403196933804 -0.0460276993589668 -0.0217569191981459
-0.1179443557625 0.0305308043802796 -0.0230432287018349 -0.0519279193133224
-0.101515988556372 -0.0795597034095761 -0.00427325873200161 -0.0219134655679437
-0.0531527862811564 -0.150723916230341 -0.0259784963836168 0.0289283509024693
-0.0110268650329571 -0.12644745751734 0.0431083476228919 0.101570124787815
-0.0537458751616187 -0.125710830284952 -0.0108373460143287 0.105696919549016
-0.122579475356519 -0.054370246202953 0.0273355814970419 0.112556082404295
-0.122542167269236 0.0487204018227439 0.080435637173082 0.0692906608305213
-0.0404390306501147 0.0939781858381719 0.0678033508529957 0.00902680943095902
0.0170977588261378 0.0817250162010495 0.0416620293280662 -0.00924129307039973
0.0616558334275788 0.0589030201333073 0.02151712310969 -0.00109704532469028
0.0734948184329276 0.037947017321911 0.0225541916753255 0.0107726354850726
0.0733155850109392 0.0379075905121709 0.016825602014452 0.0256118931129272
0.0462586427085067 0.0628101711358424 -0.00281988812572955 0.0349143204926204
0.00898801441368328 0.0782196032576028 -0.0360424740439169 0.0347044352685913
-0.0611296714762854 0.0850816991376292 -0.0475581044900126 -0.00314131300330043
-0.105115539483123 0.0188139022003579 -0.0278999486113442 -0.039380131154477
-0.0795833679867188 -0.0763127687781845 0.00244320624747967 -0.0113955689616357
-0.0334007222887261 -0.129709984084997 -0.0194078456273047 0.0679929709475886
0.00602577708147246 -0.0822658161678274 0.0272319971727347 0.141760270601235
-0.0211503203221548 -0.0979164469104836 -0.0129357565636635 0.121823369933477
-0.0821079640440266 -0.0558628299538461 0.0055999819470769 0.110960614981112
-0.0980350143617943 0.0220406770220285 0.0514198714684086 0.0798488433452871
-0.0384607691136112 0.0681368893637359 0.053388227321948 0.0376739358968837
0.00874911930946689 0.0630563979558995 0.0489080001140302 0.0230496246006232
0.0456820445960212 0.048225670769465 0.0415316260301175 0.0200886630683904
0.0575008005088663 0.0336804669545549 0.0422944967084768 0.0247074407348417
0.0577237039117958 0.0333926922210175 0.0359948123024527 0.0398102872550392
0.0366173476782292 0.0525716970225695 0.0113003053516129 0.0527933496498799
0.00308740250557398 0.0640063192262601 -0.0312632096666245 0.0545501876857336
-0.0563488502705917 0.0613852034856315 -0.0509288465323475 0.0117557692436414
-0.0823019528598211 0.00158901038337094 -0.0330957274671412 -0.0287814479188083
-0.0479597793236689 -0.0687314950024658 0.00526151534639956 -0.00389304830868507
-0.00649873034991568 -0.0938977108766829 -0.0171196957806109 0.0955501896128115
0.0211658960480905 -0.0231781471388565 0.0149270991510439 0.158179400344105
0.00936534009272784 -0.0506260142284619 -0.0111358868513331 0.123792651766107
-0.032687856863483 -0.0406119300047383 -0.00989524812507642 0.100607407424256
-0.0552917324756874 -0.000156995358278987 0.0284403140870113 0.0826928497959695
-0.0258258151952397 0.0337751683039613 0.0433926078350324 0.0570067297532333
0.00169229017585416 0.0330635205156636 0.0545222171124963 0.0441946730376245
0.0234324078755489 0.0295740070936202 0.0560436693714109 0.0331153232824538
0.0330888929844252 0.023798442803138 0.0554516169209099 0.0346841690005706
0.034657948942744 0.0247490598141624 0.0492908302081523 0.0512670174625571
0.0231518008835963 0.0369036332904243 0.0185898876123613 0.0670667437331603
-0.00306448608008716 0.044499522043754 -0.0322291341137723 0.0694362534805082
-0.0462089625019667 0.0342068731390095 -0.0582696481243353 0.021168460692284
-0.0525563123634304 -0.0137592335464408 -0.0407444677640107 -0.0228121605426145
-0.0133072559883845 -0.0531640145444543 0.00479152675705093 -0.00104154391636956
0.0208335543100584 -0.0468359294483168 -0.0185094220544576 0.110010406634037
-0.0409845995994148 -0.00735294530625212 0.0076148630903426 -0.118075149015038
-0.014353959280045 0.0240591606511011 -0.0289660293644005 -0.00944504658545248
0.0189668839598835 0.0245443577011847 0.0456510822851325 0.0293550443718811
0.024066860027405 -0.00548529553973967 0.0759723554140153 -0.0184948042292089
0.00593214254753017 -0.015399786035425 0.0446446385523968 -0.0798386069804714
-0.00249915136301799 -0.00820399916943563 -0.0233697873807719 -0.0893181648986668
-0.00367737445179233 -0.0114925654910024 -0.0598502061332121 -0.0607559130114214
-0.0012756167005976 -0.0123769125324609 -0.0680344232091302 -0.0378181441218038
0.00425836308325137 -0.00891146110001775 -0.0709195988343928 -0.034098269438986
0.010145093805625 -0.00223225307769458 -0.0681073278392597 -0.0479355314638673
0.0144851343739499 0.00320569553134933 -0.0502253212764225 -0.0672423124904515
0.0103536302484521 0.023532989305453 -0.0202520549419073 -0.0851380619025215
-0.0151704765245091 0.0284981345923145 0.0079382992776231 -0.0928706585684482
-0.0424255227239502 -0.00305334511598365 0.00933786670204863 -0.091128416641953
-0.03892736211986 -0.0318240469636165 -0.0262886418585799 -0.139162061340296
-0.0577521034160337 -0.0570055446483907 0.0287197281162027 -0.101724224594675
-0.0508257916396062 -0.00879190213904549 -0.0209266511544279 -0.000881171306364466
-0.0293027764647406 0.0288233611092475 0.0577124462274031 0.0380677408370302
-0.00492080897688985 0.0299675207259116 0.0934272767649384 -0.0174242234784747
0.00754564013911834 0.0185773009367108 0.0533791720767402 -0.0853420423210415
0.0137524989887007 0.016682238169886 -0.0191411185448103 -0.0946809065995411
0.0247397716776393 0.00444838690160859 -0.0573614379844629 -0.0614426760085948
0.0284710962152001 -0.00060176394032552 -0.0626136994070861 -0.0362444414173372
0.0318479251584878 0.00847703199054593 -0.0667691741406693 -0.0286627195815912
0.0225639776738585 0.0277640539187101 -0.0656161222574056 -0.0404019025974454
0.00811853000044345 0.0366848463571321 -0.0530795563772478 -0.0575084316882792
-0.0254686903888467 0.0501921890189242 -0.025516406852755 -0.0768417032405276
-0.0604056945061226 0.0220900420650492 0.000680668640226721 -0.0844424287781154
-0.0704757105684089 -0.0426070780529442 -0.00498693297899658 -0.0741777679839661
-0.0527142352409091 -0.088890235804809 -0.0342823924784519 -0.109792698190448
-0.0628154331727653 -0.102130980872707 0.0470794674342211 -0.0669416521194837
-0.0803882323795787 -0.0497096165912219 -0.013832456549441 0.0173476274831368
-0.0807002903662622 0.0215065220063278 0.0651970000622574 0.0557905808681032
-0.0432138386712879 0.0621845082718016 0.108787427370687 -0.00547602742832345
0.00289988717215501 0.0559680031538573 0.0652716993904914 -0.0797100462303681
0.0262381171960651 0.0438119498536542 -0.00697873069434971 -0.0906113380457621
0.049027081958695 0.0232006159146039 -0.0451852283342508 -0.0555377043812398
0.0542369023634252 0.0124210259842804 -0.0477116948944159 -0.0298698730805089
0.0554284118806115 0.0213291774712887 -0.0520318496293598 -0.017987167168125
0.0364451250628118 0.0499738621672854 -0.0567704175851114 -0.0238561952566103
0.00927450939102865 0.0635681484930183 -0.0558409247860343 -0.0370892953735155
-0.046095136079242 0.0788494682725829 -0.0366846032344481 -0.0615732014622796
-0.095033982904886 0.0285297010068532 -0.0101471769837743 -0.0754205055995427
-0.0958507436867366 -0.0649278913424131 -0.0124346818686072 -0.0545179157076939
-0.0652506849568508 -0.128061619991622 -0.0370265343725831 -0.0653173769404475
-0.0556821769619527 -0.132876475717996 0.0563161519021401 -0.0170767160868806
-0.0937235701001088 -0.0909981378402399 -0.00828186153186347 0.0447382837422143
-0.121828631168575 0.00276326072494545 0.064040555254251 0.0771064993602321
-0.0837323029289025 0.0808775149340473 0.11479848512525 0.0155258036595641
-0.00832174371016859 0.0879160307834134 0.0739769956199702 -0.0602605606903916
0.0319623550924687 0.068419487417518 0.0095804536530965 -0.0737070339234513
0.0652332423869548 0.0412924276119222 -0.0254288688912886 -0.0427871024267525
0.0722586557802648 0.0226587336814834 -0.0260844998594109 -0.0191904423851509
0.0721370641744739 0.0284609148597621 -0.0306458971562629 -0.00392170586307662
0.0478082508432223 0.0610774546032279 -0.0404973306754367 -0.0034917836199148
0.014670104667718 0.0796934180407782 -0.0525276592493773 -0.0113604758395622
-0.0526430438252992 0.0986930079255317 -0.0449472999495511 -0.0412255343620666
-0.113056320136637 0.0375303337864885 -0.019598370050782 -0.0635438273674751
-0.109694961464002 -0.0715400170671912 -0.0111767428019159 -0.0363369669386004
-0.0700672588875083 -0.146272936654308 -0.0321615283421567 -0.0163374567674578
-0.0394485229013641 -0.140627751006119 0.0564786699432597 0.0417170035137729
-0.0867054644577215 -0.117998441778142 -0.0053074048057729 0.0758521196626715
-0.13847361034118 -0.0232152579462541 0.0525206455482725 0.097654403350151
-0.112286022759734 0.0776744363032752 0.105105454595385 0.041999760107181
-0.0229639804753236 0.102355971822399 0.0753742482761112 -0.0294044507815456
0.0293592506368701 0.0815928501066925 0.0266674794901386 -0.0454578659932917
0.0698248773617139 0.0524053773521397 -0.00185125714754608 -0.0237530936675425
0.0790250493850012 0.0295525995067707 -0.00163544746425351 -0.00569810140101784
0.0786883568746118 0.0317195790541042 -0.00594472957919129 0.0104807556655941
0.05268316632083 0.0631851583178622 -0.0206490052298068 0.0160174649544181
0.0169049317020866 0.0825830077979557 -0.0437962564319523 0.0139615378128472
-0.0539992618504367 0.100928356066904 -0.0477458415611542 -0.0194190187888144
-0.113433267942848 0.0372842324933374 -0.0260237887290236 -0.0502448719613645
-0.104322826636053 -0.071557052131256 -0.00471747407465143 -0.0220337260297259
-0.0622784418422883 -0.143195897715762 -0.0222318317021349 0.0299272536112094
-0.0192345799519545 -0.122765038787884 0.0486198962541734 0.0966964010643128
-0.0601075873378999 -0.120249545057585 -0.00556896071463253 0.102666791130767
-0.12314377675745 -0.0444742599380023 0.032310226789733 0.10854138517131
-0.116524222954817 0.0556183086250551 0.0821566521062247 0.0638084345673791
-0.033384222095247 0.0946890350506931 0.0673200744542305 0.00486903214281354
0.0215757839280055 0.0791114202471541 0.0402662204336446 -0.0113501416208797
0.0641919909103351 0.053355053847173 0.021677443334441 -0.00285177106762003
0.0741507302382092 0.0316617285062043 0.0223736678560784 0.00831460502333199
0.0737925260809367 0.0317493870339149 0.0177250031396637 0.0238410466069631
0.0494474669664776 0.0584036824636799 -0.0016123794884353 0.0342558133075192
0.0139509612284642 0.0757128039449912 -0.0338860590467851 0.0356424641759442
-0.053591316310901 0.0869630932111181 -0.0479988341469551 -0.000793258036325511
-0.101136032190352 0.0247297095256823 -0.0302553473694722 -0.0372650000950357
-0.082232110459093 -0.0696905213891662 0.00184374532318691 -0.0115124785085314
-0.0411284220988951 -0.124030229332153 -0.013715528233612 0.0677310524479927
0.000542191919176285 -0.0805073925398156 0.0357684942926788 0.13726868318459
-0.0268384250856787 -0.0943246832902584 -0.00613214232682795 0.118536511957429
-0.084251027493048 -0.0495278920506435 0.0115488516012368 0.108508976565908
-0.0945021327997389 0.0278947213731657 0.0544017451762857 0.0760125980175943
-0.0339683178834838 0.0693333468912869 0.0548470506345694 0.034319264128472
0.0125279114272217 0.0612524827346483 0.0491608243924532 0.0195886579837213
0.0474515354941405 0.044066392108309 0.0420066592595207 0.0163743907310973
0.0581262934693493 0.0287837816659831 0.042840323238123 0.0214186718271808
0.0581739919038962 0.0282645133204062 0.0372773665338779 0.0363513111619628
0.0392204180513752 0.0485209305598742 0.0135165822698117 0.0505192413774057
0.00665621224168399 0.0625388287599458 -0.0274895238969885 0.0545834680211505
-0.0511256087764039 0.0639921351800447 -0.0504379781153723 0.0136033028458607
-0.0801735116767872 0.00674170881916509 -0.0342936937802551 -0.0265962565845766
-0.0506816079336355 -0.0645385760568408 0.00523669397852122 -0.00463237417108161
-0.0123174492726293 -0.0904950708524665 -0.00957556936945293 0.0946755766745122
0.0188627992397441 -0.0239196606549235 0.0240040263022524 0.154330284225584
0.00633613436149644 -0.0497830325668604 -0.00437423273281301 0.120992125685196
-0.0349041268336452 -0.0376136186123775 -0.00499700079059006 0.0999574606485683
-0.0541019548733849 0.00371011073202399 0.0320125534354709 0.0801654492041103
-0.0229571733022109 0.0347220398362196 0.0458308403202543 0.0534415386315306
0.00337934796701628 0.0329778230485378 0.056214721501504 0.0401858426751074
0.0245136337489173 0.0270243413680061 0.0568343782696601 0.0289850245551523
0.0341660803774753 0.0202992152027281 0.055794414471905 0.0307584291463879
0.0351316606695444 0.0212057101255087 0.0506277026840411 0.0470930714943176
0.0253880631307307 0.0342896622813924 0.0212551428113604 0.0644746148549932
-5.11205471204939E-06 0.0441244344794515 -0.0274247200588049 0.0697924895023005
-0.0426192083136066 0.036734355367571 -0.0565558597294842 0.0235638529228315
-0.0515260166570816 -0.00995552819315848 -0.0417394951632813 -0.0209293654622672
-0.0156489879035536 -0.0512412705155787 0.00448931542008903 -0.00229171593363755
0.0168726890431855 -0.0464641923722539 -0.0106002788044894 0.109173716394103
-0.0410534399269156 -0.00303289703434642 -0.0155696458916864 -0.114316809848422
-0.0105434480935006 0.0253983970672495 -0.0305955556819534 -0.00276937489207661
0.022221351224371 0.019780273326288 0.0489006940606004 0.0231321430758936
0.0218233934332141 -0.0109813588357363 0.0727558817061637 -0.0290248350427537
0.00189373029117373 -0.0168741416109268 0.0306119929340061 -0.0851585114685861
-0.00443539498652212 -0.00719306464491396 -0.0360832954557744 -0.0823089465080831
-0.00610992642671489 -0.0100225660622075 -0.0668917016018918 -0.0501905153241652
-0.00380270094150845 -0.011319782285523 -0.0703004204802794 -0.0254776263240004
0.00218868202116717 -0.00853494023316012 -0.0740115124312469 -0.0211708859373755
0.00854373827000936 -0.00370004631339558 -0.0737463687356867 -0.0340276030631098
0.0134534958841406 0.000867284507048097 -0.0597536928110996 -0.0560126420949875
0.0132010778170841 0.0204414449285224 -0.0334879260382922 -0.0784560427127135
-0.0108080600578314 0.0274626299707267 -0.0077639020981343 -0.0900820576395062
-0.0405078403328452 0.0018820874042001 -0.00384601461564295 -0.0891258949900646
-0.042387412688436 -0.0274961777879586 -0.0447514629084492 -0.12854013458815
-0.0625188112182379 -0.0478984487114041 0.00665525190016249 -0.105168772836571
-0.0493241118714634 -0.000402891318172023 -0.022837964517231 0.00240545205243963
-0.0218277378940575 0.0305235673501753 0.0586104447501302 0.0285735354399366
0.000696374091540879 0.0264342598204454 0.08633405543347 -0.0296658935976614
0.00842526441698713 0.0146109519793266 0.0381637235256885 -0.0897300513381009
0.0141275391864905 0.0139812282251788 -0.0326615833070659 -0.0868007720851252
0.0229043541749826 0.0011861973312096 -0.0635482672860069 -0.050281666403557
0.0260566661723933 -0.0037408192408097 -0.0649849392151255 -0.0248639592572185
0.0306147754512721 0.00399642978327502 -0.0691181628038937 -0.0166856092506872
0.0248401273745409 0.0233451523373249 -0.0711996050552308 -0.0270896269838512
0.0112181131671123 0.0335482769236039 -0.0610051841392082 -0.0463284201589094
-0.0169876403110142 0.0505799026368 -0.0373432036783079 -0.0702656345241246
-0.0542038402763113 0.027254700044615 -0.013585131886274 -0.0817842402870121
-0.0726016905703562 -0.0318282136536882 -0.0139673018681999 -0.0707841584383762
-0.0630753145547208 -0.0794915189847964 -0.047187826847446 -0.0993261556280124
-0.0725521240793456 -0.089167151817229 0.029800792538854 -0.0772883727366139
-0.0819795082102308 -0.0351849460108364 -0.0141586549407575 0.0168221274251907
-0.069875495236876 0.0313801726427666 0.0653248766858949 0.0428126633035598
-0.0294784429079971 0.0621901627263725 0.0988658784105512 -0.0202041936519221
0.00978220153827913 0.0499991052846848 0.0497736898016534 -0.083498107276528
0.0296962828908657 0.0380588933849361 -0.0197689890534865 -0.0837234855525787
0.0486734521076209 0.0152234228350389 -0.0503134158836231 -0.0458889955926565
0.0522429497079992 0.00410952220907234 -0.0498779606463472 -0.0208789024427815
0.0549887174805762 0.0124908375300025 -0.0541710339263552 -0.00839576013188451
0.0412785014405448 0.0421731833230818 -0.0605163280761426 -0.0129050418426604
0.0160943827725203 0.0591489219987549 -0.0603712267764977 -0.0264669039625292
-0.0323610600514897 0.0808953710437674 -0.0449661925105335 -0.0551469145514987
-0.085685013183816 0.0382796943203163 -0.023303941598022 -0.0717156551369628
-0.0997766579545365 -0.0483985160786058 -0.0171838102977759 -0.050824453936931
-0.0794773719625094 -0.114879713479524 -0.0430043545422332 -0.0571439250891644
-0.0679531096259806 -0.118234955612333 0.0482361778474445 -0.0330411997532736
-0.100439516367792 -0.071214190356048 -0.00462909590709364 0.0400034963837599
-0.110584660988101 0.0193808765921659 0.0648074943758906 0.0620593196370057
-0.0633353463017185 0.0858407572707099 0.104536665195598 -0.000719631940993837
0.00392911020911226 0.0814019410918344 0.0602889335092489 -0.0639569622849289
0.038540821188688 0.0601741379323554 -0.000754529945838483 -0.0690586500296272
0.0665113090600605 0.0291414437656614 -0.0290560272788031 -0.0347866836380772
0.0701688180260684 0.0114761500004298 -0.0280612043672492 -0.0133298874312006
0.0722470985596557 0.0166270648108951 -0.0314332520443419 0.00153128684725217
0.0538682495139646 0.0517208496916088 -0.0420379353602235 0.00453259300972017
0.0230913023381356 0.07358114204344 -0.0530769329102987 -0.00254505912008914
-0.036425407401367 0.100709046962244 -0.0500781473440094 -0.0346708073543242
-0.101270411150907 0.048600781236112 -0.0313747822725733 -0.0592512488100115
-0.113719341056053 -0.052704281403483 -0.0131945511966499 -0.0339000085225863
-0.0862062010913043 -0.130509980429768 -0.0300793538483694 -0.0110160765137965
-0.0533652769184898 -0.127229146584356 0.0590701169661923 0.022076898034292
-0.0967176861581627 -0.0979949931371504 0.00377463024199613 0.0682700258815531
-0.129254725607215 -0.00219671689418533 0.0559591481409286 0.0812014391360418
-0.0901145297724081 0.0875437227986538 0.0978638253274582 0.0247565190903113
-0.00693733732890351 0.0973083235000406 0.0657489186588319 -0.0336542412344711
0.0388514035887429 0.0732999543759447 0.0198496954312438 -0.0439859409023919
0.0731523238187157 0.038421143234895 -0.00333727059003823 -0.0196614976681915
0.0775634970739226 0.0168953126089191 -0.00238588497919726 -0.00431851349686669
0.0787988077179304 0.0186168646135401 -0.00604366486634001 0.0112426422009007
0.0587122819557554 0.0530004493983105 -0.0196229074587738 0.0199413642819167
0.0256660268338751 0.0764466573864775 -0.0403749387187564 0.0201612985066822
-0.0372908592403879 0.10347788441584 -0.0497569179952238 -0.0131444553611763
-0.101308686027705 0.0487085527288258 -0.0354766049518259 -0.0456233567373043
-0.108603014507356 -0.0533638763615879 -0.00447196812787918 -0.0214701404690037
-0.0778505746476834 -0.128165389633931 -0.0142275199492364 0.0311022900301373
-0.0314027299635524 -0.111692547924034 0.0620470900111345 0.076730640721776
-0.0716958396220949 -0.103141870603247 0.00943670344693928 0.0932684676465882
-0.11807487666707 -0.0236788517906813 0.0402972011345671 0.0938547518653726
-0.0976840379458595 0.0682275159527684 0.0799326263993621 0.0481169044294547
-0.0174213475626652 0.0916362865704069 0.0628193939454702 0.000382762022317155
0.0310633184300703 0.0717671475560991 0.0381805995343542 -0.0140115617557926
0.0672925796825547 0.0407117406471893 0.0227471233709396 -0.00265377542753288
0.07371044801578 0.0196056093179627 0.0233324006059856 0.00550858715166782
0.0741134039332392 0.018911531178744 0.0187472489251207 0.0209880574319509
0.0555402340974847 0.0491247055093991 0.00187844517723071 0.0335894248755335
0.0216409045459956 0.0707365990513639 -0.0272408561086773 0.039630996201905
-0.0394366230279755 0.0902623984036262 -0.0466787628650451 0.00482291344317817
-0.0919005200027988 0.0357607508489912 -0.0369602476240983 -0.0324793754993215
-0.0872521427945768 -0.0545235004053298 0.00244617566188294 -0.0125888680796948
-0.0544417960858208 -0.111610809059655 -0.000673039015568953 0.0660094776312223
-0.00752456136661915 -0.0739337517304425 0.0578046445277529 0.120120651523499
-0.0362394175957607 -0.0835905355389132 0.0125854286685962 0.110480179835826
-0.0823757503152417 -0.0330000956132283 0.0225784989196024 0.0973039187954273
-0.0816782635878018 0.0400423015960919 0.0575136039462161 0.0634070369546232
-0.0205463051437598 0.0688738487211755 0.0556482299438823 0.0287671634295817
0.0198841055718149 0.0558655771108697 0.0515915603175783 0.0139236512793221
0.0512018450356458 0.0344362266207757 0.044938043980404 0.0126039238907662
0.058767919748206 0.018563748933547 0.0445418722325397 0.0145116405589108
0.0595077375066892 0.0178597903801161 0.0404251879163306 0.0291366338151918
0.0443047044141925 0.0410194724932373 0.0190054051348246 0.0468787050343089
0.0139035857002625 0.0591413258342034 -0.0180991082399079 0.0565444365180845
-0.0404425269845841 0.0681068624226496 -0.0463336200630738 0.0192125636811388
-0.0742575315188958 0.0153967069375523 -0.0390402785927458 -0.0214486019415898
-0.0565316766343957 -0.053951392060456 0.00581619232496472 -0.00577902172286115
-0.0228261584013124 -0.0829895418775157 0.00701655482207825 0.0913073649459571
0.0172632037529358 -0.0222874881551473 0.0504107698481045 0.141431836885705
0.000807197345022177 -0.0460765762251742 0.0157163434853246 0.113635616191983
-0.035471017392399 -0.0288186220445628 0.00864174004182631 0.0934720154687601
-0.0484782011850243 0.0118436091060551 0.0398130931656481 0.0708494773112239
-0.015786359481559 0.0352308312608956 0.0513529194491327 0.0464713207552937
0.00796910043920417 0.0299688416807487 0.0612430606347203 0.0312601180585101
0.0272479129053494 0.0217106017818108 0.0607028236514188 0.0212275828759714
0.0352529216900555 0.0144432525707995 0.0588322396414334 0.021571122122749
0.0370815663171281 0.0148763436544435 0.0552949274118661 0.0371162243526439
0.02937674970034 0.0292597409782922 0.0295427219664949 0.0587765412290888
0.00515681089540845 0.0426773975593393 -0.0149281221401204 0.0711886630844955
-0.036162626699512 0.0409254570796307 -0.0505373923152791 0.0301970770290697
-0.0497183449447137 -0.00379125265823402 -0.0445702940741515 -0.0141848104925047
-0.0216598918312369 -0.0464195785066422 0.00513865698618361 -0.00311742130052985
0.0112080423662268 -0.044917710788098 0.00707619356428104 0.105003605492039
-0.0401530232138388 -0.00252814677890752 -0.0140566359854222 -0.11200524963024
-0.0109980953036422 0.0250697118578225 -0.030652738453134 -0.00244718747419905
0.0218184466500802 0.0192289465751416 0.047083155796967 0.0236235954227478
0.021705716704075 -0.0102650923977968 0.0720527822759215 -0.0276718082406493
0.00192266168998481 -0.0165527450040954 0.031846890254098 -0.0828911306199645
-0.00444190086507491 -0.0069602115928201 -0.0334267159963209 -0.0801547442495251
-0.00610749056969372 -0.00973331086016436 -0.0644478863588265 -0.0490253096821704
-0.00406877629877773 -0.0109129198991196 -0.0678503945239942 -0.0249325392667874
0.00177587014554069 -0.00840383200003691 -0.0714872235421316 -0.0208758111703
0.00819556635688898 -0.00352063840852004 -0.0714086900348882 -0.0337013293203355
0.0127441471527437 0.000576651934199782 -0.0581459407440082 -0.0551705377181912
0.0128239223438604 0.0196731571152111 -0.0312205552591764 -0.0769223583750922
-0.0108635217271972 0.0264631701785276 -0.0053676494823327 -0.0879301386775651
-0.0402464471675681 0.00121669710675054 -0.0010230390393791 -0.0871177762703623
-0.0405190691931984 -0.0271056058370786 -0.041518658537187 -0.12639251910732
-0.0607801246243685 -0.0463679155722959 0.00757152577253576 -0.103238743334119
-0.0484668772570049 -0.000599978114185113 -0.0232964759543913 0.00260662307182955
-0.0209568927406258 0.0294259545914085 0.0564822641474077 0.0296004521561356
0.00105277673780491 0.0256764483641132 0.0849653194296526 -0.0279098171485763
0.00831951682055528 0.0142303371982233 0.0389965043634547 -0.0867949984825202
0.0138929540891774 0.0132869486953377 -0.0297756960469088 -0.0845166011213481
0.0219910526179176 0.00123881978921555 -0.0612592587221065 -0.049410208174983
0.0244963500752207 -0.0040109491778405 -0.0629258514736398 -0.0251135947924662
0.0293689801650157 0.00359546063203301 -0.0669862437967214 -0.0165974097755069
0.0237824541897326 0.0226374465635062 -0.0691224074589607 -0.0271180061391335
0.0104729609412986 0.0323051627020293 -0.0592441220584539 -0.0460745315382773
-0.0165080570574864 0.0487463324889904 -0.0356327874866837 -0.0691090138715534
-0.0526404493786384 0.0262651672764511 -0.0117495858763114 -0.0803160329020599
-0.0706663357116859 -0.0315539587604718 -0.0111186956211408 -0.0691998831151005
-0.0605886872621288 -0.0778330558131281 -0.0447474409303486 -0.0981647827232181
-0.0697258918324043 -0.0870070180429257 0.0299493887875662 -0.0762743904029202
-0.0801206753937635 -0.0349422213836341 -0.0147978046128369 0.0162196106251526
-0.0673060775887797 0.0300581841052438 0.0627679718211291 0.0434001608162922
-0.0284060527785796 0.0607268149669908 0.0975283991543129 -0.0182203148785679
0.00923643007334068 0.0488019892308434 0.0500915003917844 -0.0805627502678096
0.0286953055818405 0.0370020509325235 -0.0180750528762447 -0.0812610428507182
0.0473970031889387 0.0147958650440806 -0.0484405786678486 -0.0447488734248986
0.0495273397373201 0.00388569042037833 -0.0483037241970228 -0.0207728756566389
0.0527060019039335 0.0118742846547236 -0.0522340335876323 -0.00838079538277231
0.040118176231388 0.0415758539500245 -0.0591149615597527 -0.0127056721081967
0.0151810439523877 0.0574831074573302 -0.059110128269752 -0.0266855911938335
-0.0321655834451376 0.0782045808878141 -0.0440525386687942 -0.0542566846627506
-0.0836864750762202 0.0365774630990742 -0.0215727123998355 -0.0712027932552133
-0.0967403648076388 -0.0483560623373691 -0.0150497178508134 -0.0500479965538737
-0.0764452133714008 -0.111841907209112 -0.0404698137532574 -0.0565004077844107
-0.0657701803989645 -0.115594902046411 0.0474916513767504 -0.0322017708233829
-0.0975321169417836 -0.0706714304877428 -0.00647872469331396 0.0385817241466411
-0.107070880464673 0.0188494663950361 0.0618640362679274 0.0623307613393556
-0.0618192028313936 0.0834513820769647 0.102837722202842 0.00121399422843612
0.00347928978938256 0.0795008897991448 0.0607243422211488 -0.0617941686574438
0.0374524649355441 0.0590238602966145 -5.5171423645825E-05 -0.0668929957383587
0.0643066711734972 0.02832856127381 -0.0271229530353306 -0.0345311016411486
0.0673527532503693 0.0111176112852046 -0.0269272597857588 -0.0135314861672671
0.0689534726457461 0.0160363982208965 -0.0308476198752886 0.00103791956136203
0.0522621877279999 0.0504379453431388 -0.0416429755515652 0.00373137384249014
0.0220539488537608 0.0715936468543505 -0.052367040480161 -0.00318161119916462
-0.0356887665778678 0.0976449572862065 -0.049511377709277 -0.0342317404906505
-0.0986085317836054 0.047335928800974 -0.0300092845633108 -0.0594619920652189
-0.110219041352373 -0.0525837257621139 -0.0112057346943931 -0.0338739132229323
-0.0821408405394596 -0.126793415256837 -0.028408510659508 -0.0115393578630635
-0.0509779335920896 -0.124031452309111 0.0571906811156113 0.0215770666595739
-0.0936509413805106 -0.0966184292860303 0.00141431638119762 0.0656900318606409
-0.125551155324911 -0.00249818078010206 0.0526407402485017 0.0807982724329741
-0.0882573796599801 0.085127083482818 0.0955104514654812 0.0264386387119994
-0.00739918942087071 0.0949978624551334 0.0648534046745767 -0.0315225522013873
0.0368637448494605 0.0713223278900376 0.0203951305395253 -0.0420861990653297
0.0705249801954724 0.037659766069922 -0.00215218004700508 -0.0196914135642047
0.0749190338537211 0.0165045421874222 -0.00199421217660967 -0.00463060603938459
0.0756352631878359 0.0177950666840661 -0.00573343059888703 0.011035964569736
0.0571358866434309 0.0514764277643014 -0.0195518703238402 0.0190919739709784
0.0244469827460077 0.0747534759477128 -0.0403173346653208 0.0195137080581204
-0.0368505493324171 0.100182158252278 -0.0495629980510212 -0.0134879631106486
-0.0988608683511226 0.0467154370829482 -0.0342474812659694 -0.045688683148677
-0.10498730132523 -0.0532060449693401 -0.00349925591650798 -0.0216092862344464
-0.0746633243072915 -0.124080893834037 -0.0129418711347572 0.0297256743336944
-0.0296260813730123 -0.108348980620241 0.059234231980476 0.0750870973579556
-0.0686091203127977 -0.10118522866441 0.00621608817090504 0.0902964304244387
-0.114046088562652 -0.0236487894723861 0.0369000100402548 0.0927803479290649
-0.0955074754303951 0.0664739404448124 0.0776378727627065 0.0486959413826699
-0.0176427762236942 0.0897588466605796 0.062082409087743 0.00155990186022497
0.0296636719466303 0.0704922214637268 0.0379320280602152 -0.0124752631166032
0.0650969799627656 0.039375313715072 0.0228280134124558 -0.00275382084558843
0.0712375778358108 0.0187314400772472 0.0224346102640015 0.00566078623126303
0.0714883216909366 0.0183004073296351 0.0180892693456142 0.020684100625076
0.0535700438291975 0.0477362651120016 0.000919329601671078 0.032670718003576
0.0204805224754743 0.069029551454261 -0.0276649951866134 0.0377759830521562
-0.0383885804324256 0.0873355805739516 -0.0470628960597395 0.0040343230882248
-0.0892094693826291 0.0339863485058526 -0.0361990966590929 -0.0329118241171623
-0.083867869385636 -0.0543777636941867 0.00270149990853805 -0.0127897262160928
-0.0517561540051717 -0.10818592918179 -0.000702302142837325 0.0639029583758424
-0.00629654518244383 -0.0714345604631383 0.0546344577344038 0.11721287080672
-0.0343746882904437 -0.081821529544671 0.00909134962866592 0.106850515037365
-0.0792036191206772 -0.0329493870284847 0.0197017160288498 0.0959020002790807
-0.0800381828016723 0.0387609103694985 0.0549648578420851 0.0632202602653277
-0.0209424200588205 0.0672257928412414 0.0546780021856143 0.0291855507148325
0.0188645785658645 0.0548868543778841 0.0505829436103172 0.0141760356430588
0.049262268201675 0.0338002483592975 0.0440492201717578 0.0125582759077015
0.0568107742416527 0.017953436744335 0.0432060113224325 0.0147520544857775
0.0581857505314768 0.0176333716005127 0.0384710612034178 0.0292952605344812
0.0431077043341226 0.0397706494365961 0.0175177739495475 0.0456392061377197
0.0130804571344809 0.0580887464434462 -0.018909971521692 0.0546816752587542
-0.0397576320096459 0.0660274687858185 -0.0458899269155993 0.0180931556693259
-0.0721692449805487 0.0142954704979639 -0.0386327024839511 -0.0218190946258699
-0.0542207655551758 -0.053297549964519 0.00568709136527385 -0.00587642609510832
-0.0212151555432191 -0.0803306905360584 0.00620550935271528 0.0888068974161973
0.0166343698560506 -0.021387563322917 0.0468327691207711 0.1385284922193
0.00146198729717403 -0.0451788370459759 0.0119812056855365 0.110013986631563
-0.0341003109873212 -0.0281269039483632 0.00657561901025495 0.091686573361447
-0.0478278873152123 0.0118392321754845 0.0377012661175451 0.0700792068933907
-0.0154695595489628 0.034400675678029 0.0501335983864633 0.046453115919208
0.00758531019341352 0.0297089716093465 0.0599572758210293 0.0313083003660065
0.0265671957600346 0.0208493308088924 0.0593918618381545 0.0207593146238972
0.0341249364795756 0.0138332324456978 0.0569224685380016 0.0212730409786481
0.0360379030898376 0.0144391043560098 0.0533094962083337 0.0365977052752211
0.0283946053901645 0.0286256145344913 0.0273428579524624 0.0575976503490502
0.00463962218072463 0.041786426999017 -0.0157220785377473 0.0688396312088248
-0.0354137540268293 0.0399820645293269 -0.0507821732451069 0.02874401483379
-0.0478803873903117 -0.00428757084615843 -0.0436756273983681 -0.0148877197075327
-0.0202740451133698 -0.0456776763900251 0.00500333709362021 -0.00318269089113531
0.0113617287188434 -0.0427560429492407 0.00667427855781592 0.10256090500579
-0.0400402701690857 -0.00291966638450424 -0.011539007658745 -0.113940192980668
-0.012029954066724 0.0253766753219228 -0.0318549444630003 -0.00272046530483798
0.0216490249733566 0.0202590503036477 0.0467965308914779 0.0260759418275026
0.0224071035947345 -0.0100630051397446 0.0737891565384753 -0.0247594913345953
0.0024875816754679 -0.0165133978827638 0.0349735128895719 -0.0825075533005346
-0.00374635746905337 -0.0071986476179505 -0.0311687177803649 -0.0813697425127856
-0.0056693894838751 -0.00950684002629022 -0.0635369278413345 -0.0506031610911972
-0.00403701404786001 -0.0108197969814629 -0.0678404391895344 -0.0272019598993549
0.00209328450943108 -0.00818410954087634 -0.0714244436874422 -0.0227271003920869
0.00850446177189057 -0.00328132279429655 -0.0711884776395236 -0.0358714806293045
0.0127192610690018 0.000581044033030455 -0.0569056801055979 -0.0574589461019961
0.0121293603205313 0.0200639991988446 -0.0284290725528974 -0.0786502847545662
-0.0122415911386757 0.0267378053040225 -0.00188233135106672 -0.0891706870777527
-0.0411210630363361 0.000166249688675031 0.00310103112432381 -0.0876993361396086
-0.0408661851187489 -0.0284749433689525 -0.0384736601650974 -0.128666483644871
-0.0598925434346478 -0.0476447614690634 0.0101185740246199 -0.10465090268455
-0.0494973036018901 -0.00154280936066796 -0.024454860003246 0.00203285929229787
-0.0213634583555123 0.0294610300891606 0.0557091120334636 0.0321358489788559
0.00106114024183971 0.0261755516143524 0.0874343614787975 -0.025604063531344
0.00769234305468271 0.0147028776529432 0.0426384693216515 -0.0865291027847188
0.0136294117566188 0.0139242107839754 -0.0274283159476441 -0.0855348782356075
0.0219006566356182 0.0015023906190234 -0.0598661692919759 -0.0510297339516468
0.0240108503061302 -0.00366572508773346 -0.0622920993824615 -0.026772541532623
0.0287272038745357 0.00422190703738703 -0.0668736109098402 -0.0183768489132361
0.0236449724305421 0.0234835709631645 -0.0689936953498993 -0.0289858097373068
0.00965027203863775 0.0325213627148981 -0.0586203052445456 -0.0483087641970881
-0.017141880890989 0.0487217172327178 -0.0340431308045749 -0.0711880441990262
-0.054025716607543 0.0252174587500056 -0.00895408991861542 -0.0817693002250164
-0.0706819293857332 -0.0338580720863627 -0.00753972451993627 -0.0704222939171809
-0.0588556683087454 -0.080171771336054 -0.041826208411291 -0.0999368989955104
-0.0682526944388234 -0.0891073685038772 0.0315413420687297 -0.0768699561333435
-0.0804741973215592 -0.0370675739644672 -0.0163116306581249 0.0160581464393881
-0.0683013709951119 0.0291026662136057 0.0611161846203729 0.0463187316474441
-0.0294758833557526 0.0606972284576432 0.0998513780082244 -0.0148308420109461
0.00831086031554789 0.0493447091217311 0.0533243166758394 -0.0797069023720387
0.0284220847274315 0.0383215582648273 -0.0153145756141648 -0.081622543462964
0.0464202386202987 0.01599078986381 -0.0468652109707428 -0.0464496713210157
0.0490113487895831 0.00447982336751848 -0.0478209012862041 -0.0224908605927045
0.0522694090690723 0.0129909350820993 -0.0520334089145238 -0.0100528987496566
0.0389376921574092 0.0427154511175329 -0.0592267563484271 -0.0145094117652905
0.0137495314426587 0.0578778726488665 -0.0592538293189914 -0.0288769071233
-0.0339172518208789 0.0776302744542699 -0.0432494717302053 -0.0558851854511772
-0.0847865463252925 0.0348330421242659 -0.0193806010939403 -0.0731552515495074
-0.0966542847454304 -0.0517205008633749 -0.0123726666410996 -0.0513419690146367
-0.0740887635994886 -0.11426457058166 -0.0384087199204977 -0.0586014942562394
-0.0633353294179485 -0.117736692546342 0.0482250154956048 -0.0324713862371961
-0.0969908397802183 -0.0743444265949717 -0.00909977376448762 0.0386700578965726
-0.108121097880254 0.0165590960148855 0.0599278123927271 0.0653592331347306
-0.0636830388845765 0.0832301935086746 0.104475817876071 0.00460817051148532
0.00158491456336379 0.0802838746198401 0.0636888108324029 -0.0603863221270285
0.0363375202894422 0.0604093961881676 0.00229542450885755 -0.0669299216358685
0.0636564847511209 0.0300710128843223 -0.0264713394290934 -0.0358216937637284
0.0668545629718369 0.0117320096218188 -0.0266415455394961 -0.0147170150105534
0.0684098618323178 0.0172030496608811 -0.0308444473348203 0.000840878750458503
0.0515015089307476 0.0519231796636374 -0.0420901020287364 0.00238533122575046
0.0205356047633885 0.0726034419455239 -0.0534246258909989 -0.00474515214690322
-0.0379897022268739 0.0972010880283826 -0.0494342652906853 -0.0367617151297823
-0.100469832092695 0.0453685074277515 -0.0285458575835542 -0.0614571502596484
-0.109070195003427 -0.0559149470800719 -0.00963227478677258 -0.0353730892081757
-0.079250223362836 -0.129662715964595 -0.0276821525167415 -0.01307631405551
-0.0481699230298273 -0.12653349738292 0.0568101669132952 0.022869313846521
-0.0918696719630856 -0.0998699072807708 -0.00256705402719025 0.0658500034002253
-0.125694412472408 -0.00543661430757174 0.0498129742853228 0.0837182783728817
-0.0907815098889527 0.0843023524156643 0.0964648680161441 0.0300437643379742
-0.0099871765192819 0.0956704682394386 0.0672234663434982 -0.0295079280725564
0.0357581772980418 0.0731471651595639 0.0218259460867991 -0.0415666299602682
0.0696620664883374 0.0396227920841114 -0.00143177392644761 -0.0202166179565415
0.0745849203267379 0.0173728589251467 -0.00165114082303457 -0.00432570959149575
0.0749028351497975 0.0190594438951581 -0.00589450855897283 0.011424123405707
0.0559155089400562 0.0530244311613105 -0.0208127629796663 0.0186866161896148
0.0228441935147933 0.0758604892164619 -0.0422619574302726 0.0179853893614282
-0.0390183442546823 0.0998417615663745 -0.0500638060015787 -0.0150885663870888
-0.100570007753576 0.0449231926154111 -0.0337649224998777 -0.0483867738645043
-0.104353116880208 -0.0566498142548029 -0.00206580002655126 -0.0227097917057013
-0.0712612063296437 -0.126726786699178 -0.0133968739482728 0.0294438617264397
-0.0271746968596915 -0.109734866009901 0.0576798035309497 0.0772609539176437
-0.0668404291067012 -0.104163698406596 0.00170554662521163 0.0908811509134934
-0.113787428992528 -0.0266331101937785 0.0332895436898608 0.0952613065522622
-0.0977645384884288 0.0651744753393683 0.0772072495015106 0.0523690759885709
-0.0201201836256143 0.0900795342121668 0.0632094507825635 0.0036535418759662
0.0282188379721056 0.0720824194749007 0.0390020596829397 -0.0112065927041737
0.0641060509093007 0.0414013075056044 0.023454117688269 -0.00255328898044116
0.0709292738237288 0.0199390954603946 0.0227603140394579 0.00640418504517761
0.0709876791072039 0.0196162094319523 0.0174925066435234 0.0210990455273272
0.052809871522216 0.0492025071428632 -0.000691248726360481 0.0329453292108071
0.0194448855543726 0.070188477743872 -0.0299395807394484 0.0376955658293925
-0.0411708460101062 0.087123672937161 -0.0480442761694089 0.0030941237768783
-0.0906712126009499 0.0319999629296328 -0.0360600422542768 -0.0349415896633689
-0.0832055890218351 -0.0573707848212511 0.00385772919383097 -0.0133333789950411
-0.0491938339453343 -0.109966261672523 -0.0016506776413656 0.0644939875523789
-0.0050634960009357 -0.0716447704920514 0.0515236531553626 0.120215849609517
-0.032260834819808 -0.0831763068577547 0.00397510654881422 0.10696035758909
-0.0787093083215587 -0.0351583100532014 0.0156406454201505 0.0977471833641223
-0.0820926379761187 0.0377739365508911 0.0539552729250053 0.0663267348466618
-0.0225223464739865 0.0671599752255229 0.0544968214191057 0.0314583659188194
0.0178059894188033 0.0558733096608803 0.0513401322968026 0.0160442364935007
0.0487627155368677 0.0344615729555726 0.0446620317866908 0.0129028177158021
0.0566129051738129 0.0188394888477878 0.0436778433303951 0.0159907432139847
0.0568249084959495 0.0186076501384254 0.0379026872173705 0.0300335732513743
0.0425492938222197 0.041219006109661 0.0156341010152984 0.0461359833026306
0.0117883912637075 0.0588577216029088 -0.0212349924997383 0.054254005906651
-0.0416618482131874 0.0654995698926418 -0.0479419590024097 0.0169786945607865
-0.0728744613525566 0.0125561361953487 -0.0392770725407837 -0.0243390095755756
-0.0528213151110716 -0.0555524649593622 0.00650266396121743 -0.00640937348032993
-0.0191513469278433 -0.0810406474157393 0.00469770582020823 0.0895760099574042
0.0175161867222918 -0.0202918281454434 0.043485086474787 0.14143732557878
0.00297714066009473 -0.0449211368938581 0.00732211009436042 0.110681889702063
-0.0328476572190019 -0.0296001198744756 0.00273621014111078 0.0937532294210242
-0.048445161499107 0.0110092236299942 0.0360285833216028 0.0731215806675073
-0.0168967456484694 0.0346309159682429 0.0497874350458356 0.0487200982756513
0.00648111149377404 0.0302646931280378 0.0602963164580265 0.0329056866353378
0.0260052863643971 0.0216961596775889 0.0593832901212241 0.022513643099812
0.0341184351077762 0.0143276761247618 0.0575148279498604 0.0232886351536838
0.0357973123406695 0.014924557490306 0.0520500903712841 0.0383142971961545
0.0281903132778452 0.0294871460213568 0.0252886287642568 0.0585047813122997
0.00392706985962162 0.0423154014250035 -0.0184919508378175 0.0683565958630331
-0.0369411312600904 0.0393166452206121 -0.0525845938108262 0.0274828114318903
-0.0485615148080474 -0.00584574290473412 -0.0441619158472172 -0.0167095920239667
-0.0191265749723378 -0.0465028624610949 0.00514321874334823 -0.00362005574401514
0.0128137086188352 -0.0424354736490139 0.00495396648378603 0.103089518644673
-0.0420390014217504 -0.00285726352965274 -0.0108135385569698 -0.120335967748173
-0.0131725767377839 0.027015423444288 -0.0340885823212131 -0.00262939385242814
0.0222765032144341 0.0211219514957308 0.0484552612567319 0.0292409404114126
0.0240099612944722 -0.0105804020006217 0.0783771332201579 -0.0248606651524047
0.00286729351209638 -0.0171675836114057 0.0391407549167182 -0.0856975274243236
-0.00354070553910417 -0.0078785081666567 -0.0300038855621564 -0.0851077369744456
-0.00595528447800914 -0.0100203950219649 -0.0648628399698587 -0.0532516673214525
-0.00503090572072287 -0.0112973292769518 -0.0700264770757834 -0.0293733390901182
0.0018700874404389 -0.00829420634645919 -0.0739226776691852 -0.0246058985987035
0.00890008464273458 -0.00358455771275859 -0.0739423052009272 -0.0386822382150898
0.013137144884297 0.000661226232335643 -0.0586339416672512 -0.0615229987958465
0.0127534055372718 0.0212300250620106 -0.0276981362061987 -0.0835882210917406
-0.0134914864356442 0.0277773332519596 0.000496542021203269 -0.0925994720850288
-0.0438565091942275 -0.000784417696145754 0.00728726381105284 -0.0921100400096531
-0.0423471872327812 -0.0302237979114702 -0.0377780650906542 -0.135620893070505
-0.0620992725831266 -0.0500902838318264 0.0113789249598209 -0.110418215429564
-0.0517375540705049 -0.00202854542982631 -0.0268327315016233 0.00232548827862195
-0.0222837269752483 0.0306784787362219 0.0576528509555992 0.0356240553464851
0.00121801129612522 0.0274565844204572 0.0922616007284103 -0.0247352554595416
0.00826114966444603 0.0153483180710413 0.0468726114210728 -0.0895880873178083
0.0143561794492425 0.0143201623656105 -0.0262231496429489 -0.0895689424131162
0.0224496273996891 0.00217093762674239 -0.0608804310670149 -0.0535720819161509
0.024396695535113 -0.00337039595797362 -0.0645780015793886 -0.0289631722412477
0.0295695765222806 0.00493356964721641 -0.0690786293026329 -0.0203533592824222
0.0240791247156612 0.0248233722655483 -0.072131897883017 -0.0312269361947294
0.0092775572272568 0.0338808947585586 -0.0606962836057048 -0.0520526380698801
-0.0185525165001343 0.0503999344941718 -0.0340322308419755 -0.0752228865016126
-0.0569638398010953 0.0255934561339793 -0.00714002853388544 -0.0861977539369486
-0.0739273812934031 -0.036859363108053 -0.00489330962159083 -0.0737711121107016
-0.0602622559290034 -0.0844622638375513 -0.0412746473640136 -0.10603654514131
-0.069653226974288 -0.0933621544264072 0.0337400358463654 -0.080659025569064
-0.0838268499995718 -0.0397194414745581 -0.0192539585156303 0.016900689776434
-0.071059694482817 0.0292539119718087 0.0628401319436369 0.0507272473725812
-0.0310355989590562 0.0632576212571904 0.1053734283151 -0.013543901396152
0.00786548182332661 0.0518779366817648 0.0580721378681767 -0.0824368708712395
0.0294329499989653 0.0403552595847775 -0.0142135818965111 -0.0852804333046611
0.0479728686764932 0.0170857992856191 -0.0474056278806759 -0.0493444090465491
0.0503176644492737 0.00480559377920362 -0.049393339029157 -0.0242651798198503
0.0533037731823874 0.0136999900367227 -0.0539247905799313 -0.0107683614823393
0.0401607925490743 0.0450187262923895 -0.0622509772477419 -0.0159018942540218
0.0130104695138489 0.0601486448987754 -0.0616637958763527 -0.0310326168795998
-0.0358569715104688 0.0804315528466852 -0.0439976697774003 -0.059928608818494
-0.0892136321852238 0.0355140892832429 -0.0186394965159734 -0.0773191755474291
-0.100138230145043 -0.0559494633899536 -0.0106079654746632 -0.0540954658531463
-0.0753965017788643 -0.120462867559765 -0.0382869148906115 -0.0624162753258772
-0.0643211741454335 -0.123583522472494 0.0501690808819867 -0.0342249379310666
-0.100670435166256 -0.0787819363615901 -0.012083872130172 0.0400605128096019
-0.112410933729862 0.0163456121343049 0.0609383969479811 0.071070639146759
-0.0673999624045875 0.0870292480627881 0.110001699054235 0.0072024096746809
0.000975185938716475 0.0837996412236743 0.0684457594412779 -0.061605440074917
0.0372016447997969 0.0638371337981874 0.00426352397610201 -0.069157013752714
0.0658924689768659 0.0319904769455325 -0.0261062503189544 -0.0385026287701469
0.0687382161246535 0.012943816316994 -0.0275461863491859 -0.0160488948300224
0.0699562616473712 0.0186359942579316 -0.0322166518824648 0.000306438129456429
0.0532422886735441 0.0547115559019715 -0.0448156524736989 0.00192716312726697
0.0203696961338963 0.0759874767804169 -0.0560834356972636 -0.00596429445370478
-0.0406507357208725 0.101338101752418 -0.0512958754538299 -0.038906993523721
-0.104966534147089 0.0463572789486828 -0.0291248032864778 -0.0657468746938438
-0.113724210517622 -0.0607346444904135 -0.00790326587779307 -0.0373856675988186
-0.0811099087384054 -0.136439719279621 -0.0281514921612323 -0.0144733119993385
-0.0486306685302239 -0.132154437531308 0.0585766546675812 0.0242857026057942
-0.0950914174496448 -0.105775663098172 -0.00539408705669753 0.0682703528059839
-0.130634985321138 -0.00703353966687075 0.0497473029338668 0.0895629032885884
-0.0953971209322077 0.0877681647964546 0.101037270338523 0.0338316882500284
-0.0113730434119918 0.0996719987529633 0.0720279207694874 -0.0298840662223428
0.0365041022382041 0.0770885122689341 0.0244530232507577 -0.0427754798203683
0.0719680479550339 0.0418494061741629 0.00016916531054523 -0.0212625616211568
0.0771562711541682 0.0185945493984168 -0.00151819227712649 -0.0051017893615008
0.0769538414064168 0.0206746286894533 -0.00663078560547185 0.0111256270806023
0.0580098609533985 0.056228098980858 -0.0228144339665576 0.0192979127925961
0.0229685281148673 0.0794245077784067 -0.0445304705194262 0.0180095988049717
-0.0423290254795249 0.103724342491587 -0.0525853075637651 -0.016675593293083
-0.105044865348496 0.0458945553722329 -0.0355511566733429 -0.051995513206409
-0.108052545092789 -0.0615711660453964 -0.00161226727736881 -0.0240658111613816
-0.0722074731853139 -0.133343402725555 -0.0133699750041522 0.0302857534868728
-0.0266880602826783 -0.114808702817821 0.0583977083388808 0.0816945506913857
-0.0683763985272266 -0.110143992883825 -0.00180040747244695 0.0947171132348014
-0.117674313796188 -0.0293475454204548 0.0321446930276755 0.101372912567468
-0.103090538931819 0.0669770484229173 0.0803644034407632 0.0565888200071067
-0.0223873644197803 0.0942419688205687 0.0668550147567278 0.00524087044422851
0.0287121062534324 0.0759009288544043 0.0415066012277801 -0.0109006558474003
0.0662896186113246 0.0434808036613027 0.0250686396698066 -0.00267339444143598
0.0731440971847549 0.0212656020897831 0.0241385712210667 0.00658232026470779
0.072892274384117 0.0209162252018971 0.0181426363612712 0.0222399998822245
0.0545177472124546 0.051774337657269 -0.00208157633267649 0.034147815236542
0.0191806487020299 0.0734664478610462 -0.0323961785921714 0.0388573183991317
-0.0442767117291579 0.0907330419487938 -0.0509600301642065 0.00223870176853592
-0.0945991649679845 0.03209472983413 -0.0381823048433476 -0.0378482237487637
-0.0855647444896644 -0.0618064282710187 0.00441378563443769 -0.0148570217604316
-0.049309201158056 -0.115262961684349 -0.00170564170654379 0.0670731623576371
-0.0039193323657445 -0.0746417370117371 0.0514417496172889 0.126728543991352
-0.032001147827652 -0.0874764515133236 0.000371531959494302 0.111673736236261
-0.0809806144549895 -0.038299330922642 0.0136474171584285 0.10332704447013
-0.0864638135086978 0.0387702546105468 0.0552421580198402 0.0705502985237695
-0.0247482921746364 0.0701435950513144 0.0578233138973839 0.0341391903181618
0.0178121494416936 0.0592207840534057 0.054123934922503 0.0179135185968785
0.0503701100576054 0.036668815838999 0.0468951757787361 0.014294616251681
0.0585522893081947 0.0195403614850267 0.0455989572012539 0.0169917909406265
0.0591005685500952 0.0196318714613084 0.0385417491062038 0.0325116185371402
0.0438394045051069 0.0434033677096113 0.0143204203622645 0.0490443252386865
0.0116860145720571 0.0614505683500116 -0.0234690072586973 0.0563756640663976
-0.0446415397894256 0.0676533843820746 -0.0512799198148472 0.0170494470912237
-0.076319589831645 0.0117282319167043 -0.0412567083598032 -0.0263584412288793
-0.0541729869866356 -0.0595435078328057 0.00689909508893538 -0.00710645336099912
-0.0181074767549232 -0.0842491707977557 0.00492010740841679 0.094107713762932
0.0185083546197533 -0.0205688435273571 0.0426703183269378 0.149667895151704
0.00387835346380077 -0.0470303363058281 0.00365802528855457 0.115935015824331
-0.0335711950999282 -0.0314255169915454 0.00016336969276368 0.0987210131189612
-0.0512638038442412 0.0115488673553467 0.0357874040159332 0.0774081172857339
-0.0184514825242459 0.0361389249699621 0.0513413707305482 0.0520600656702474
0.00620140666339582 0.0320425695193553 0.0628521449481237 0.0353611092384504
0.0269274188838605 0.0226933376404079 0.0621792017608544 0.0238671467236336
0.0355347136129687 0.0145875446397215 0.0604052923255503 0.0246724303981093
0.0369737667915254 0.0157791107647702 0.0535120851844742 0.0408359459670266
0.0286323319576729 0.0306957142297069 0.0245425692153895 0.0619942202090364
0.00385479820369898 0.0445738841449095 -0.0214259961671954 0.0710338769997964
-0.0392316029303919 0.0410020447057396 -0.0561149843671768 0.027176724225246
-0.0499925940076306 -0.00726754632682488 -0.0462029380935166 -0.0193197802273614
-0.0189450070724101 -0.0496360531487851 0.00605507897570784 -0.00456968743735655
0.0140030973591776 -0.0433127030185471 0.00449919699998113 0.108088647198884
-0.0443919301853387 -0.00176847131552597 -0.0149580157219902 -0.128595118609732
-0.0140886650431696 0.0296730416135043 -0.037143002422871 -0.000988175181386709
0.0244964943623447 0.0220803700316475 0.0523629448158684 0.0317432096365434
0.0254364570315086 -0.0116823059664087 0.0834892113408616 -0.0271941010887204
0.00288475905772227 -0.0184487062605411 0.0410099291932929 -0.0915923220643746
-0.00378625512370424 -0.00852224730231239 -0.0326504697031635 -0.089915453054049
-0.00705553845696659 -0.0104493612165822 -0.0693834819076416 -0.0543919359810091
-0.00612984920096161 -0.0115317714976096 -0.0753099905303727 -0.0301191245649903
0.00174867423674519 -0.00865805921918784 -0.0791336744359456 -0.0252075509696069
0.00908256326757968 -0.00371349569848054 -0.0800858259326095 -0.039580020187226
0.0130323290872022 0.000251376595313903 -0.0636205607713079 -0.0649473655326435
0.0142281383148454 0.0223825588773555 -0.0306262901881796 -0.0892065412570925
-0.0143677979460624 0.0297940326714805 0.000507887775605296 -0.0994414539268835
-0.0481344954218638 0.000143280547465734 0.00831351541129315 -0.0978533934855133
-0.0460310500086656 -0.0317287764456786 -0.0423775276120311 -0.143842578545662
-0.0668569389385536 -0.0513921458592405 0.0089016580738221 -0.118944299222859
-0.0557706205811296 -0.000491607759245742 -0.0295090565985274 0.00388989969229007
-0.0227152662642173 0.0328944552882642 0.0620762290964939 0.0383317482756792
0.00232124181500982 0.0293471573673189 0.0988187903842279 -0.0277670438448182
0.00915264754270935 0.0161334958560505 0.0494404638493969 -0.0963308985910351
0.0158590895916799 0.0148745825679744 -0.0289047251831669 -0.0945605866345089
0.0238587905536755 0.0014150136802274 -0.0653921945434293 -0.0558637223388849
0.0252315990478935 -0.00464315611108304 -0.0694324185099191 -0.0293998256942178
0.0307870037987684 0.00452508203076951 -0.0736979189514868 -0.0201635735010207
0.0259359837979097 0.0261023395496451 -0.0770359810256377 -0.0316186267773627
0.0101799185348155 0.0352996207661068 -0.0659510634949575 -0.0545914769261106
-0.0182647024168828 0.0542650579679119 -0.0369957632773298 -0.080574279940843
-0.0603170562625225 0.0288917097051539 -0.00821549079428607 -0.091944515597329
-0.0804942083007166 -0.0380899040773242 -0.00444532824443398 -0.078522313611719
-0.0659961482632971 -0.0886963850280581 -0.0456808762632778 -0.112590379944325
-0.0762495059253089 -0.0974053904259627 0.0333195342138092 -0.0873289477247668
-0.0907252428043989 -0.0403569874897501 -0.0218610857021391 0.0187460918912094
-0.0748596469310285 0.0331277023996847 0.0679790802561038 0.0547093116874588
-0.0308979277106764 0.0686933268695635 0.113312198387992 -0.0157844084180819
0.00997878703379925 0.0556402909584991 0.061818605600529 -0.0890542572887801
0.0323773581408276 0.0421191553717694 -0.0158970624977725 -0.0904443735090759
0.0511348104745157 0.0163595724364189 -0.0507123723292469 -0.0517968224851022
0.0529776251834645 0.00369872576048378 -0.0532598886996702 -0.0249573807533105
0.0565393147177061 0.0138194868877569 -0.0574042526583114 -0.0107585022598268
0.0437569724272913 0.0467491142094099 -0.066923382673111 -0.0156048590773371
0.0149303196020431 0.0633908024733651 -0.0668154033674091 -0.0329147967464469
-0.036120048086388 0.086270336635924 -0.0479989793672982 -0.063687257408265
-0.0940001276039513 0.0401448941897649 -0.0210341874334753 -0.0828733817586478
-0.108597278046541 -0.0578623724430919 -0.0109507618131256 -0.0581125769105396
-0.082782891348748 -0.12628316435479 -0.0416144650230664 -0.0661309819256079
-0.070981428040493 -0.129934424321212 0.0520837022063481 -0.037966864561394
-0.109312261583721 -0.0819893307204779 -0.0142832366884839 0.0433093353017073
-0.119124435813515 0.0197745868132476 0.0654334095249495 0.0759435851739492
-0.0690937757957702 0.0944932372009002 0.118381668993288 0.0062941276670823
0.00319589441666389 0.0902506887549817 0.0734395251689546 -0.0670703113191792
0.0414611553144181 0.0668008250960615 0.00395293368149979 -0.0738356685476958
0.0702760539707173 0.0320469413737965 -0.027810660643385 -0.0405840206671192
0.0726282067618981 0.0111647601806982 -0.0292653754864662 -0.0167108658345131
0.074149249270825 0.0183183896968814 -0.0336479763517937 0.000303100140399893
0.0572296147908893 0.0566233661882898 -0.0482931290884055 0.00314345927075118
0.0234076530331806 0.079788711297953 -0.0604337210124955 -0.00573574647005642
-0.0410236436025984 0.108513348622932 -0.055373520911452 -0.0407296971371394
-0.11035200839992 0.0520426729013074 -0.0328314381390863 -0.0704696449463521
-0.122467531291511 -0.0632317262695036 -0.00814311090434739 -0.0399181493464936
-0.0889164773907418 -0.143044110037019 -0.0290126755873953 -0.0154354716553816
-0.0543703098362038 -0.13875296783287 0.0622961705233896 0.0245628741472457
-0.10345282667902 -0.111005369923103 -0.00693947870009191 0.0730376337938457
-0.139200644772803 -0.00421365996756992 0.0538038374285313 0.0954827459983628
-0.0995521156788024 0.0959986468753929 0.108971102094145 0.0350384700972956
-0.0101114493908156 0.107432170756322 0.0774664079128065 -0.033040216386066
0.0411951574052 0.0816553174172501 0.0256941243492918 -0.0457587659255833
0.0769152369197448 0.0425629712170372 0.0002958016946612 -0.0236305050293408
0.0817398788811207 0.017047980142761 -0.00144201969449175 -0.00599388465963754
0.0813976150788996 0.0198355044136806 -0.00654408338334321 0.0120254537392733
0.0627624270559567 0.0582220808803043 -0.0249737013906561 0.0211492358344806
0.0260116692996877 0.083944318024443 -0.047424226174169 0.0201566218947394
-0.0419779483375612 0.111538548580077 -0.0565340902469209 -0.0171379333646235
-0.110132614268438 0.0510133886755634 -0.0392805807793803 -0.0555248339193415
-0.116512164621611 -0.0637420850924751 -0.00102449425981901 -0.025940138767196
-0.0791412836771966 -0.139917438299748 -0.0129913589377743 0.0320895688745932
-0.0304896070431274 -0.120944888188191 0.0632484524161845 0.0859132195804709
-0.0749738260188579 -0.116457573574781 -0.00228255715900687 0.101035114883385
-0.125544946658404 -0.0295069293395716 0.0349741410600111 0.108661876448118
-0.108663045195089 0.0744623205437893 0.0872473190828448 0.0596104423871982
-0.0216641649994372 0.101396724454841 0.0723259881956653 0.00472987514858737
0.0325096602455368 0.0803132719743945 0.044991036342178 -0.0126051999894228
0.0711157963693894 0.0447269660063439 0.0275196335325213 -0.00399382998007095
0.0782901856649379 0.0202126767281724 0.0262648405513245 0.00593588661814435
0.077366793643728 0.0202168111786994 0.0198544050588176 0.0236005016633988
0.0589752825607964 0.0539074907655633 -0.00283100819906418 0.0369100213458955
0.0221237980320342 0.0777135949542378 -0.0341743606331876 0.0415989024524365
-0.0450368379361043 0.0977808876766557 -0.0546972283735342 0.00325471161273885
-0.0995887315238298 0.0365818060583733 -0.0421979869360798 -0.0402450567160582
-0.0921267405919045 -0.0645895365547205 0.00488101421373096 -0.0158503882450764
-0.0547642008092184 -0.120936278555129 0.000698795079375264 0.0713683295176424
-0.00542621741076621 -0.0783189342637569 0.0566408258609392 0.134567229480193
-0.035890789649444 -0.0930806866630907 0.000588618732822266 0.119498374026526
-0.0867014795809421 -0.0392371038691588 0.0154504010537884 0.11063133345519
-0.0907032109747576 0.0437296216673629 0.0601575075880661 0.0750642253116234
-0.0252515304327188 0.0753545175908313 0.0625589148325972 0.0359403254575599
0.0204794770631222 0.0635296542043691 0.0587943538008432 0.0179602691441398
0.0537289267363886 0.0378252548692242 0.0513710867396002 0.0134390291171828
0.0629341784522667 0.0186447408433881 0.0499322447338858 0.0171482082328184
0.0627547343585167 0.0192421902044499 0.0423319465267449 0.034048582420519
0.0476497292229413 0.0449026298850774 0.015367931702596 0.0519022731937921
0.0137146388614202 0.0654057368392661 -0.024937595211458 0.0602122921470361
-0.0462376022839098 0.0738418860800383 -0.0549160356421771 0.0189066834257856
-0.080486461587523 0.0142454128190375 -0.0455585577048144 -0.028458738627735
-0.058188533886968 -0.0628715015880875 0.00743682442729546 -0.00872567174986622
-0.0210790187067208 -0.0890660160289634 0.00815741369392207 0.0994078510221632
0.0197960287176152 -0.0214702361397089 0.048735407142054 0.159315238314332
0.00382591543794489 -0.0497268560020151 0.00432885637980727 0.123414444010678
-0.0360731703424204 -0.0333246532170113 0.000690188522565788 0.105667566473326
-0.0544592483984301 0.0136195732816889 0.0393265503425227 0.0825207696806856
-0.0190503721038559 0.0391465298878471 0.0561646972504912 0.0552251053420561
0.00715822670076726 0.0348236876261458 0.0685913573317468 0.0365466637181713
0.0290143046234648 0.0233217547022454 0.067423099609105 0.0237629828523916
0.0380795557042698 0.0146499673900607 0.0653963075710174 0.0248079140938264
0.0397440771136952 0.0156060705466786 0.0578408010173882 0.0426470140224484
0.0314117303930415 0.0317799794589255 0.0261531917574915 0.0657749628921318
0.00493443585303975 0.0474771603328684 -0.0223337396674047 0.0761023178336959
-0.0413605567554567 0.0442086133469012 -0.0600854068569198 0.0297851207479987
-0.0534465122939932 -0.00716693017002185 -0.0508909073909594 -0.0202977624004781
-0.0211387423931374 -0.0524090389146744 0.00609276961388491 -0.00558856500675359
0.0144143702248724 -0.0459373491390697 0.0077217560663952 0.114719813421864
-0.0467182196832111 -0.0112713586754307 0.00337915021607222 -0.135356287036506
-0.0194696566948099 0.0284909543239026 -0.0400547964743258 -0.00536174952073402
0.0220340149593272 0.0267881625128541 0.0508543583112798 0.0443706093528928
0.0278989492742456 -0.00932060736631577 0.0947376308542402 -0.014478075799478
0.00474272476713088 -0.0197868850661043 0.0585776735876639 -0.0906196772281888
-0.00371343284688188 -0.0103379046809191 -0.0188436489771528 -0.0997995500213307
-0.00602617162659397 -0.0119716174181309 -0.0639793291976575 -0.0686748267700176
-0.00525187227129463 -0.0130838696010352 -0.0739881560835604 -0.0439579291351073
0.00303280486070584 -0.00828279666529147 -0.0794813614990643 -0.0390512530745244
0.00928573939048087 -0.00246667200907955 -0.0780027055117707 -0.0538258227782123
0.0133130571688038 0.00211760868407341 -0.0571381357740157 -0.0781143304808486
0.0115783972778904 0.0247181039493116 -0.0171788483975656 -0.10009219346414
-0.0206727705783731 0.0275065163615687 0.0184666715820388 -0.103860346101693
-0.0504876005450161 -0.0101144683772914 0.0295867937628209 -0.100165917442429
-0.043391499749905 -0.0446976408196872 -0.0157414834438463 -0.155483389598368
-0.0601810833832086 -0.0664513852610698 0.0255906121685905 -0.123709398315465
-0.0568383367439614 -0.00945446962873585 -0.0345230051294165 -0.000397544447496964
-0.0277463017523241 0.0289563405995741 0.0562672258205902 0.0533396358104135
-0.0016978238369147 0.0281483759947054 0.108277530599688 -0.00997268885825749
0.00494525533373531 0.0168134403335119 0.0683415692130971 -0.0919356196313529
0.0129749546919796 0.0177989700213601 -0.0141245302143214 -0.102986853702892
0.0236191226657357 0.00515144606735015 -0.0587353148295145 -0.0687082873928759
0.0255674484216414 2.92908334631014E-05 -0.0678091267815888 -0.0425119167410958
0.0309665757324929 0.0102052408143868 -0.0747732221597317 -0.0326835896344652
0.0214355504306114 0.0314400108371948 -0.0772768568480432 -0.0454431549646206
0.00255841997737699 0.0381680924874349 -0.0604505598214229 -0.0689996622816866
-0.0279507406135164 0.0520977047838721 -0.0249163252018792 -0.0939990986622719
-0.0681337675540624 0.0167204668123013 0.0090103003367348 -0.0976503961155159
-0.0774278867619826 -0.0569921513265449 0.0140358448758645 -0.0799675336667913
-0.053634814948281 -0.109454245394032 -0.0252143270756389 -0.119959457058852
-0.06069964744459 -0.114723219391016 0.0454648362681571 -0.089615950599402
-0.0856257288524734 -0.0562237014668563 -0.0304078601777487 0.01553536962733
-0.0803775752134673 0.0199471812795578 0.0561997001368379 0.071170020990277
-0.0415006056440808 0.0629113516254601 0.118325196224485 0.00620102064817019
-0.000634027817638724 0.0566246601251049 0.0814054894042172 -0.0805571853360616
0.0253925326645331 0.0488933215576072 -0.000872141363391715 -0.0956618954978635
0.0489324624186899 0.025467364220359 -0.0440903670306822 -0.0614488422734352
0.0523763657779611 0.0136114555480113 -0.0514184906714679 -0.0350634483411217
0.0549373057785308 0.0246186382435015 -0.059732411242994 -0.0203337951661498
0.0362225330231751 0.056067027613535 -0.0697993227316838 -0.0270980361731286
0.00227432981129315 0.0690184691858432 -0.0651281714232525 -0.0478743854085242
-0.0521751394331503 0.0833194725401057 -0.0393372742082428 -0.0806504975919201
-0.105979591776602 0.0217775081639177 -0.00592261429507336 -0.0909572044532359
-0.102961839175409 -0.082920008383403 0.00546018789802255 -0.0585602650261433
-0.0642057451305585 -0.152992376481861 -0.0290723385915928 -0.0684466435276302
-0.0483256140931925 -0.146206559611749 0.0573701628054063 -0.0359468900072073
-0.0969676867028874 -0.101775196052342 -0.0268618097033079 0.0406000722155426
-0.122602807019482 -0.00110999880115559 0.0472245636651832 0.0915830155300901
-0.0841210359999906 0.083101121652482 0.116924019010324 0.0310872133025752
-0.0127733005853525 0.0909765302766638 0.0894108198178918 -0.0531821078539196
0.0310407986073767 0.0760016560231977 0.0178832706539081 -0.0745937764171757
0.0660160795708171 0.0442806582946596 -0.0211396986645752 -0.0452443691401934
0.0714460142489134 0.0253687875829505 -0.0275348260772331 -0.0222205797450306
0.0727541792814355 0.0320544575612554 -0.0367349369238753 -0.00437529901092016
0.0489449760393532 0.0695790986977287 -0.0536951465352569 -0.0045109456779915
0.00689954888036568 0.0876384705916395 -0.0629813996663131 -0.0190168984181462
-0.0613216968577066 0.105489169890024 -0.0517108135592419 -0.0594601130526901
-0.125233397495045 0.0307175707633129 -0.019962755557922 -0.0795176318506326
-0.116126911202514 -0.0904954910770839 0.00514150556498832 -0.039766165397582
-0.0670946155047331 -0.171199900631256 -0.0255539239091078 -0.0122731260285875
-0.0283152543131147 -0.152329241096075 0.058434017506359 0.0294141652687221
-0.0852710917587427 -0.130708079775083 -0.0236088402079932 0.0714886925660261
-0.138132160190093 -0.0300578464904465 0.0307785228649251 0.108844147885172
-0.11440851072085 0.0799053190400482 0.0997372948104343 0.0591413826919116
-0.0289247057691621 0.106403973156828 0.0880068228693029 -0.0157718667001921
0.0280421538958811 0.0919309714346582 0.0361161770959673 -0.041413132642743
0.0717817395679739 0.0562606674057622 0.0052802346747847 -0.022442801277751
0.0799239049424002 0.0332494895270721 -0.000359329667590974 -0.0065050651905853
0.0800104161791871 0.035320539558996 -0.00972084459255277 0.0123039033033895
0.0545540950590467 0.0719154978995032 -0.0324726269585225 0.0178438567961438
0.00972472698614362 0.0924835589674898 -0.0542145856404645 0.0100299083328134
-0.06370989447199 0.109035741234413 -0.0570158975680782 -0.0345206029521433
-0.125348050718412 0.0305097762014796 -0.0294957623220218 -0.065866850802309
-0.10931345914735 -0.0899574424355685 0.00933611367500051 -0.0243627803473701
-0.0573546197069815 -0.165581052823671 -0.0176163265604587 0.0401698053676165
-0.0061205465403623 -0.128589186620813 0.0500614701207113 0.0942196525334594
-0.0549045892439231 -0.130262578803932 -0.0227794949352251 0.100829763592444
-0.119960883841568 -0.0520354807050936 0.009850906976213 0.117422496481702
-0.119844333694028 0.0570953740297971 0.0726222307580894 0.0796142369781809
-0.039596915804124 0.0989505443512475 0.0755774352232515 0.0231051413678688
0.0199084477012936 0.0890655776507068 0.0503392317962271 -0.00352665232613978
0.0652823165150656 0.0579931222531182 0.0310034956952461 0.00243106452540274
0.076773248783374 0.0349746579974994 0.0266647063322325 0.0102368403913155
0.0759541634371612 0.0349677364263879 0.0158319138576117 0.0286006860156497
0.0519386843819787 0.0666241769876895 -0.0114215540938602 0.038383002580078
0.0066013026558435 0.0861640935373058 -0.0433121253543886 0.0355965512320313
-0.064906829384459 0.0939998200292128 -0.057338329913162 -0.0123535641080619
-0.11066943754239 0.0161847040979144 -0.0360409164765173 -0.0499341543517081
-0.0840192447216359 -0.0860820250428224 0.0123300194979109 -0.0129560588090003
-0.0342259439582462 -0.139876979262785 -0.0109265226061023 0.0819549075605258
0.011867810989256 -0.0799635374102943 0.036644756418137 0.144903738711722
-0.0187156501969886 -0.100095867450051 -0.0219167859311128 0.121044497251508
-0.0787395509751777 -0.0553225377845199 -0.00914053947940289 0.115512766650251
-0.0976090428719674 0.0295591443003001 0.0429163711983894 0.0897849949983668
-0.0377060611539914 0.0724996824488003 0.0591488187516093 0.0527633438276513
0.0110232979928964 0.0690654403155754 0.0593928109396186 0.0300466481385097
0.049555377140822 0.0476467364100779 0.0524190420709975 0.0242368786483924
0.0613683065330351 0.0310028798486107 0.0500713236459005 0.0254010552849282
0.061158075789677 0.0313860340483608 0.037887437049727 0.0425131452579082
0.0414825091811879 0.0557684404643379 0.00533709192431601 0.0571134639028658
0.000604046741798828 0.0715559322445418 -0.0359421405694797 0.0566681721771012
-0.0619395385007482 0.0694329888064885 -0.0603106434772963 0.00512589274503579
-0.0864553809977417 -0.00297880724291897 -0.0417655536180074 -0.0374687866478545
-0.0489298217554208 -0.0772078438286807 0.0120176273072046 -0.00468449530053179
-0.00450308622456136 -0.0979610751891853 -0.00936260988044679 0.110795255836235
0.0272542192291932 -0.015739321292778 0.0240097326673169 0.171099737661096
0.0148755957778108 -0.049415527855042 -0.0165736677360622 0.127124643443777
-0.0289058367052445 -0.0399524683127411 -0.0204611976820797 0.108576658562376
-0.0553423517441193 0.00536647327479211 0.0233488492842959 0.093234111396723
-0.0251260731651705 0.0363220238244329 0.0492536836881634 0.0700110050757206
0.00246307879879725 0.0369412001325676 0.066607692640344 0.0501210715002604
0.0261634915595117 0.029234921963035 0.0675660461383016 0.0372334725614919
0.0374324840410184 0.021627174709695 0.0651313593674715 0.0361308313830807
0.0383237583545205 0.0234399801411798 0.0534198052400328 0.0540148182184771
0.0273816197452686 0.0383642855085252 0.0153832008074401 0.073366303819205
-0.00435426119880686 0.0516067761962079 -0.0354988649173974 0.074074854002209
-0.0522664405958806 0.0395708709284818 -0.0668580850673922 0.0174480361185365
-0.0541798691669539 -0.020018742190073 -0.0495049543723309 -0.0293176674819614
-0.011163541645901 -0.0592108574351585 0.00797207116182822 -0.00293935715199657
0.0247977536352496 -0.0444850110133289 -0.0131128152304838 0.123295462195281
-0.0477228947104459 -0.00743011119648876 -0.00876682837270348 -0.137378282472519
-0.0176906936484569 0.0307894739343262 -0.041778041610678 -0.000802409131293886
0.0245149693827231 0.0247471909329429 0.0548168758635543 0.041637118674711
0.0276574223037331 -0.0118938190025814 0.0954961913034377 -0.0212335267805303
0.0030886078954418 -0.0203392016083503 0.0525459711902577 -0.0960432768894847
-0.00444263550296862 -0.0103931761780992 -0.0259441439849831 -0.0988515040445343
-0.00723621584736005 -0.0111177784529222 -0.0689801148314932 -0.0638378574331377
-0.00686654411079607 -0.0121367887082659 -0.078072863360447 -0.0381528937081615
0.00212256336009611 -0.00857305935747705 -0.0833835623964925 -0.0329047766681747
0.00889034892685086 -0.00289931902753732 -0.0832537260331729 -0.0479166956016739
0.0133146105236791 0.000901502317838417 -0.0636995095662469 -0.0751929001428344
0.0139817034020221 0.0236275808546855 -0.0248909465558867 -0.10089010991783
-0.018951439907136 0.0297548539221635 0.0121284295780084 -0.106204151853586
-0.0527919785443845 -0.00606098074637804 0.0244775343263017 -0.103315630231535
-0.0476811765850754 -0.0413685163836982 -0.0281670528092628 -0.156010641705946
-0.0655469284200841 -0.0616415101672683 0.0145657243332489 -0.127281023907833
-0.058460453555361 -0.00466793650991057 -0.0364104481013638 0.00398626700743453
-0.0252373893872597 0.0315875223658879 0.061231444218973 0.0512529585804084
0.000956986085688612 0.028788149384619 0.109415735475592 -0.0178292029283571
0.00647681724581396 0.016415381416489 0.0630379887551545 -0.0983516066395085
0.0144926539609827 0.0162969906956974 -0.0213950678443014 -0.102767556520686
0.0235801032231881 0.00323214262135201 -0.0643064211905501 -0.0643231762971894
0.0246641247874925 -0.0019596096715826 -0.0715654233552944 -0.0375001245925905
0.0316892139808789 0.00810060148174063 -0.0784146815274757 -0.0270045306967427
0.024052440111734 0.0298958952425343 -0.0819677851201415 -0.039582289306952
0.00566443114498644 0.0381579158372163 -0.06710550492846 -0.0660761960688186
-0.023852914990198 0.0543075411247342 -0.0322586563662999 -0.0939175755235312
-0.0670886427646094 0.0226857606017467 0.00245557144342986 -0.0998765261465608
-0.0832354709698899 -0.0512801409883662 0.010562603355931 -0.0816926638184209
-0.0627261498412816 -0.105573313713583 -0.0342744106664662 -0.119581006489137
-0.0701552252095519 -0.110408482981612 0.0378303347867957 -0.0945824844431317
-0.0914534503093052 -0.0496209890247503 -0.0312329539737372 0.0186780886459065
-0.0790373247189167 0.0268131082112328 0.0619198662812553 0.0686780153014345
-0.0360560395888513 0.0674838201346184 0.120435832792282 -0.00290500019791997
0.00435775892385533 0.0574997110971175 0.077014830852186 -0.0873389714720006
0.0300039932734619 0.0466043380959106 -0.00745423308226202 -0.0965273255781726
0.0511608948149433 0.0216919014956536 -0.0488683036173721 -0.0583233591294468
0.052740370224567 0.00910643172755259 -0.0544819252123071 -0.0312768408895904
0.057477541472373 0.0197197736617423 -0.0621088994444031 -0.0156867547966074
0.0410021272761056 0.0537103999280048 -0.0730961167201242 -0.0213094178799273
0.00737184493606443 0.0690570310827959 -0.0700438586079063 -0.0435532731481378
-0.0451965544685993 0.0876537835693526 -0.0459756634899822 -0.0790724422314249
-0.104079193444075 0.0305040008642597 -0.0129170870402152 -0.0919521216948126
-0.110620391460616 -0.0752669828340053 0.00290829303203153 -0.05968175509243
-0.0767578227392442 -0.148580810591294 -0.0340812482695239 -0.0671868085294104
-0.06012808380607 -0.1436177526434 0.0536385435538682 -0.0413153365590333
-0.106628734623477 -0.094751854415077 -0.0260870983029837 0.0435285380879167
-0.123290706606593 0.0090433603003987 0.0540282411643231 0.0901503081544847
-0.0771580528802071 0.0910159504828904 0.120778446879326 0.0231557759891728
-0.0049053385679061 0.0929055317924109 0.0875095252659403 -0.0604502722036366
0.0379743206055147 0.0740562527679966 0.0129013336661372 -0.0765870273747196
0.0697577457250221 0.0388902327146905 -0.0247549429344989 -0.044341710274466
0.0736159802481281 0.0188991550289336 -0.0299424635259751 -0.0209844979092123
0.075445970812588 0.0263831161500585 -0.0374465681520292 -0.00226528184539798
0.0550641112501451 0.0656092786124832 -0.0551618256384427 0.000332069328703545
0.0139100082381254 0.0874899593299672 -0.0661159950275978 -0.0147893130301359
-0.0526752379836763 0.111728604020591 -0.0568952072224859 -0.0562784464721128
-0.123093162288368 0.0414278811929335 -0.0267923733753118 -0.0802307116391128
-0.124885123135696 -0.0823803316075837 0.00395684936456261 -0.0406859439089521
-0.0817291904364509 -0.166783734428428 -0.0253979964304238 -0.010107767012728
-0.0399753385739755 -0.150452384160045 0.0603311534809774 0.0249208483896084
-0.0969957998162488 -0.124861441633549 -0.0208051014691015 0.0745570223931659
-0.140900956574048 -0.0185847439378528 0.0374102073658339 0.108913427661712
-0.108310684971258 0.0907294390956649 0.105443223979706 0.0521199191268373
-0.0200763411752488 0.110088039019113 0.0884494870198107 -0.0222272482028335
0.0360267492085057 0.0896741323488559 0.0342205615493012 -0.0445531065882132
0.0767609255525737 0.050751678035059 0.00372489381221614 -0.0236938057331321
0.0828202742520045 0.0257554983332561 -0.000717733689876154 -0.00702593474777492
0.0831999712110122 0.0282833083006469 -0.00935878740749798 0.0123097624540754
0.0610446127956714 0.0679091430018543 -0.0320808494180133 0.0212990239806725
0.0170029707881923 0.0920205083185103 -0.0550927819812234 0.0138612622440076
-0.0552475039859433 0.115565133678058 -0.0605086201618107 -0.0309166237475933
-0.122815467259044 0.0405448487653225 -0.0362142135541186 -0.0639239194648834
-0.117498426706958 -0.0824678852426232 0.00872597849296624 -0.0255756205366424
-0.070905849966017 -0.161376242754628 -0.0128530573316228 0.0416442361429436
-0.0162846540539412 -0.128541698196515 0.0575055973655002 0.0910525858438735
-0.065499008949174 -0.127585309931631 -0.0174223127480414 0.103558124303933
-0.124250052876403 -0.0429200675277421 0.0175239125964954 0.118917759019435
-0.115363816408118 0.0683708206745566 0.0788661550044702 0.0757131954336229
-0.0310996211066308 0.103166469508504 0.0787873550567432 0.0177283861184094
0.0279556382025847 0.088140292148756 0.0516226481719265 -0.00702438561497124
0.0705383859922683 0.0527616434437714 0.0317317639335439 -0.000483467783280325
0.0795898062791491 0.0278386958448201 0.0277340113859965 0.00732793570138346
0.0790740940941697 0.0287471990757424 0.0182192281603716 0.0266326159738039
0.0577161362731978 0.0627990094461382 -0.00934499362736282 0.0402047671145707
0.0136282777321098 0.0862509127419267 -0.0419242849253866 0.0385708060024231
-0.0572882921530542 0.101162056652472 -0.0594215517383048 -0.00801066856775987
-0.109680749159397 0.0252165018908114 -0.0414836276476285 -0.0481183222259172
-0.0912650352468371 -0.0814809433727218 0.011916121359182 -0.0140364101324787
-0.0451593904074394 -0.137458369411863 -0.00376094978871794 0.0835402765340435
0.00637881754828508 -0.0803208866705479 0.0478022458338224 0.143215900996448
-0.0261917764985138 -0.0992154750406631 -0.0141425642312516 0.123511174405436
-0.0834449539140359 -0.0497195294379485 -0.00137665771200427 0.118045833942541
-0.0953226854547748 0.0380369096046422 0.050090703136596 0.0876372419649054
-0.0322600078631006 0.0764665754602429 0.0640643932976584 0.049591287060578
0.0168545363556417 0.0690572168206528 0.0633794018814134 0.0259366663586036
0.0535427029770647 0.0444245164307823 0.0553175705358582 0.0195556644600202
0.0642741199920745 0.025272807667898 0.0527138315932819 0.0204925936978245
0.0641549681185163 0.0259322943886217 0.0414483469295549 0.0393007973241026
0.0464903498604033 0.0522719007016541 0.00942285370290122 0.0579886641805281
0.00633208799049793 0.0720488066630361 -0.0335745422676113 0.0598828638458677
-0.0568670030231011 0.0754670634459838 -0.060841405081138 0.00962819522563212
-0.0867935307376254 0.00325684282608156 -0.0459882040254212 -0.0345086099461496
-0.0550416198335806 -0.0752697788166959 0.0119723995569118 -0.00600671483683237
-0.0119792692473722 -0.0974920004383511 0.000654275372279409 0.11229576679597
0.0267712916494054 -0.0174200966710619 0.038239885086584 0.17088278005413
0.0112387716596867 -0.050975163973632 -0.00888910122392589 0.129536819189342
-0.031804104873711 -0.0381528709136891 -0.0134291084605115 0.111857184559352
-0.0556315461650519 0.0107873712413956 0.0297764613833081 0.09298579045613
-0.0222564066280225 0.0388666789759287 0.0551046252914707 0.0677021723779258
0.00569409385743203 0.0374706113299056 0.0717586697306883 0.0454885407861714
0.0289667499723758 0.0273549128117397 0.0717790691105121 0.0316736829488308
0.0393087735393139 0.018245658883335 0.0687039731251877 0.0304470733629243
0.0408582938549725 0.0201501134901522 0.0572221294872142 0.0495698076084641
0.0309116599056868 0.0360637098407149 0.0205752902645979 0.0736052394862719
-0.00015180152038905 0.0524517046596631 -0.0308580012650053 0.0773443872311048
-0.0493266171276568 0.0443857874174922 -0.0673579778784417 0.022339227410437
-0.0559769896200645 -0.0163307382801435 -0.0525864879372302 -0.0263437178892314
-0.0156667379574571 -0.0591817767038756 0.00810074728457285 -0.00387660820830592
0.0220756950952427 -0.0456653025406451 -0.00214161428746932 0.125138733137034
-0.0462618257560477 -0.00418112924383212 -0.0170870720086377 -0.132800902439412
-0.0156159503446988 0.031137978170364 -0.04192586141186 0.00280390590073385
0.0253379673559665 0.0226665625368418 0.0558205969197772 0.0393483579391449
0.0266723641878236 -0.0130436742610759 0.0923410757759041 -0.0249683262092747
0.00193459073937452 -0.0202264573850805 0.0473464116205373 -0.09613042258154
-0.00514847346681718 -0.00982161222023467 -0.0296879163182254 -0.0949509231062349
-0.00742754508653777 -0.0106486674552982 -0.0703243264329106 -0.0579380157337685
-0.00770842484030224 -0.0110744399053746 -0.0781778915350872 -0.0323171423486556
0.00199075320208735 -0.00828720672009086 -0.0834276167754448 -0.0272502347666548
0.00861171146988231 -0.00282238474707638 -0.0835226317990651 -0.0418477676037873
0.0129172537084192 0.000144859458787137 -0.067070452115516 -0.070203595503408
0.0155805724821144 0.0218597003919091 -0.0298578431433093 -0.0976032386869925
-0.0172811093649438 0.0299741877213029 0.00775714703537735 -0.104407794145262
-0.0527376146896145 -0.00225421042319078 0.0206419923971159 -0.102207295657566
-0.0482091914181736 -0.0378125867080825 -0.0352864748680739 -0.150659851491437
-0.0670764692031808 -0.056208486790254 0.00590535326852634 -0.124228163891712
-0.0573560559089158 -0.00130068971361236 -0.0367856494985697 0.00666685195918339
-0.0223475207411821 0.0325462382647944 0.062577983882927 0.0479607049466434
0.00332483202904922 0.0278673011159895 0.106080116477782 -0.0227885947172275
0.00792560025433327 0.0153324832655626 0.0570918034579835 -0.0991553682186655
0.014924475420884 0.014564881037519 -0.0257592264529158 -0.0988263445051172
0.022981660066346 0.00212203116886765 -0.0654031446001024 -0.0590869178617377
0.0232105200159612 -0.00322941341088347 -0.0719363248797405 -0.0324189977711298
0.030874735472036 0.00615900920640059 -0.0782955907958729 -0.0216898776850727
0.0250396648545142 0.0276427287697904 -0.0824399159234678 -0.0340041425563955
0.00709979099484298 0.0364293847897902 -0.0694135430997982 -0.0612815498259822
-0.0193387190245827 0.0540813603103393 -0.036309546553275 -0.0906615832379589
-0.0640822258327204 0.0258507783378486 -0.00222750624484458 -0.0976433978774577
-0.0845200071503416 -0.0450966592251687 0.00812158755836985 -0.0805461616657443
-0.0672074592652246 -0.0990597971583048 -0.0391001295625977 -0.114443799039785
-0.0736390708653287 -0.103259673558951 0.0299592331196922 -0.0939526740676181
-0.0919091581724355 -0.0430063344779509 -0.0309043500705012 0.0204512958088039
-0.0744492237963773 0.0309928451826258 0.0636810066536601 0.0651558752461324
-0.0301267501713668 0.067418700907956 0.117101881795289 -0.00859003704222477
0.0080605476527858 0.0551632278338121 0.0704611342693352 -0.0893049659140321
0.0318042797507581 0.0428714605661165 -0.0117704848107179 -0.0936571466363048
0.0507060541928359 0.0179539210151096 -0.0506040134745556 -0.054417855953215
0.0512562576746213 0.00526648768937566 -0.0555308938873186 -0.0276778915437012
0.0563187005483999 0.0158684673800538 -0.0616412159212385 -0.0122287738901476
0.0427636840258759 0.0500385013145244 -0.0726502065765812 -0.0171972800869794
0.010681090314826 0.0660299175516596 -0.0717010759965582 -0.0389841896148621
-0.0381406971931232 0.08788728433807 -0.0488839248530512 -0.0751365386883442
-0.0990306740677164 0.0356681101591261 -0.0170659616900329 -0.0893435397879038
-0.11237480974178 -0.0675822959569533 0.00143115277907225 -0.058485783398427
-0.0825506569914159 -0.139145356254924 -0.0361084290124851 -0.0633680872616813
-0.0660260567924885 -0.136177635091051 0.0491353394093154 -0.0430048011975332
-0.109493712395162 -0.0861351556722687 -0.0249904763207298 0.0441805202644152
-0.118464321313842 0.0160932514650489 0.0567827105484776 0.0867260316475119
-0.0683449485530091 0.0936755521956619 0.118868627074799 0.0168116960435072
0.00122362233195877 0.0903368605997742 0.0830425344338156 -0.0637594139983543
0.0414857962874148 0.0691603550822587 0.00919970788633 -0.0752393601023829
0.0701020970072576 0.0334981457809311 -0.0264605317064099 -0.0421638836432815
0.071515056175011 0.0137697396927953 -0.0304403655544817 -0.0190181142478948
0.0741309338697692 0.0206725998722754 -0.0370054734369613 -0.00027355776699856
0.0568688370098549 0.0606695144450242 -0.0543185140832029 0.00341780716356894
0.0186946908500249 0.0840658850599605 -0.0664789657206423 -0.0115071437276503
-0.0441116903485409 0.111267422613671 -0.0589400158716646 -0.0521834089708259
-0.116226004223261 0.0468171221186368 -0.0306563800149886 -0.0767180846937629
-0.126201464547885 -0.0737631089756692 0.00266749428399468 -0.0398587350887682
-0.0881303483150851 -0.156659011202137 -0.0245125733705429 -0.00909649448447953
-0.0467357065140708 -0.144176170217876 0.0595514173761053 0.0209179309171716
-0.101647630218289 -0.115964322724689 -0.0183326523226935 0.073582657809747
-0.137389696735716 -0.0101852007455514 0.0412145030351336 0.105415739151965
-0.098981571118601 0.095317872746327 0.105208743063845 0.0462799484822837
-0.0121113165955495 0.108656225115858 0.0859467938285196 -0.0260971122516932
0.0406656618064662 0.0847623005155871 0.031999521089216 -0.0450991914170114
0.0773165352404949 0.0446564577932209 0.00238659975780717 -0.0241436961573898
0.0812817272188861 0.0196589480272276 -0.00161649435291613 -0.00754767979077117
0.0821279439293899 0.0228402036078393 -0.00903768147310884 0.0122170035291131
0.0630321404014395 0.0621905121776549 -0.0311208708268467 0.0227726280797887
0.0216588556323136 0.0885659617420184 -0.053800519540345 0.0162147691582899
-0.0458585442451061 0.115671695340615 -0.0607775707889963 -0.0275633111362996
-0.116556633763345 0.0459094679311121 -0.0394496789095377 -0.0607811189087682
-0.118970872441349 -0.0743472997220026 0.00805489875789829 -0.0258208120411561
-0.0777440002854311 -0.152135817779914 -0.0096214601844408 0.0407772248034767
-0.0222331915217781 -0.123820263637516 0.0603904820108635 0.0851429223244108
-0.0706131709304722 -0.120271177201576 -0.0130571273864076 0.101758257933516
-0.122663346782083 -0.0345688821205633 0.0214645040066366 0.115795830135553
-0.107245522669279 0.0737621979705756 0.0803784930213391 0.0703564857548915
-0.0238682976476823 0.1024415189466 0.0783154608223893 0.0137048462233998
0.0324557561358874 0.0839354993444709 0.0509423076418319 -0.00965256985505422
0.0718844950862017 0.0469550755421783 0.0308427680872547 -0.00326324040917588
0.0782991081503892 0.0215132831226164 0.0273021027003658 0.00495672996479265
0.0784770285734651 0.0228810612036514 0.0189877839049381 0.0244575342682421
0.0595711017947192 0.0572976881597562 -0.00754072531320983 0.0400481808518218
0.0182472611232933 0.0828548923244784 -0.0400812331416949 0.0393909122575743
-0.0495563236464013 0.101834874913849 -0.0591671775721166 -0.00498716608731474
-0.104519504011386 0.0301201339604031 -0.0440306557538808 -0.0446891294687861
-0.0933922947938955 -0.0739158932478521 0.0119219319739928 -0.0147710218410082
-0.051398136012095 -0.129651753548241 0.00229359710736979 0.081011907193668
0.00236378672803692 -0.0781457513357684 0.0539813151402043 0.136892088416234
-0.0302189169090092 -0.0950989258928368 -0.00936091156835848 0.120364057860425
-0.0829631911606363 -0.0439740622956843 0.00274219566877234 0.116398972562977
-0.0903821593303908 0.0431922813573365 0.0532537486187871 0.0835488726030982
-0.0266937929397467 0.0766892794684514 0.0659754073917556 0.0451638247391291
0.02066327362742 0.0662191309857242 0.064071426781264 0.021665234476125
0.0547274697009345 0.0396021581995872 0.0550473774161563 0.0160536242235312
0.0630744765325288 0.0200098022430504 0.0521149170435952 0.0165771147202775
0.0640375725184066 0.0210112892612223 0.0423008118438629 0.0356176466419001
0.0484971880812249 0.0474568688594613 0.0116592874306358 0.0562877653456849
0.010618791798594 0.07000447838024 -0.0295880103230472 0.0599071762031431
-0.0504403404845741 0.0775023609175212 -0.0589069761348121 0.0124201169218831
-0.0841469683363111 0.00726312734253392 -0.0480399909668931 -0.0310317666595055
-0.057859850719786 -0.0700718904520251 0.0118953964351727 -0.00683798504553283
-0.0164173423638777 -0.0929785438564245 0.00835828656501786 0.108496655169069
0.0258666205774668 -0.0182560526362148 0.0461273531773548 0.164163046866833
0.00846002042778334 -0.049965306892947 -0.00294404423854137 0.126171693980165
-0.0325827936593669 -0.0357799669664407 -0.00874740780249199 0.109955340267098
-0.0529929755783646 0.0142055980097756 0.0335151598222332 0.089954549222404
-0.0193358789953016 0.0394445852773363 0.0578697333997443 0.0638232264887011
0.00789000049920684 0.0361502576186851 0.0734032025181225 0.0404491869152688
0.0297714491173878 0.0245977978446387 0.0716534025206592 0.0268166976670001
0.0391220330226822 0.014768123825849 0.0682007068568014 0.0249443742911051
0.0408150427232182 0.0165037024767594 0.0583429519738356 0.0446116014754459
0.0320554065747753 0.0330338506890033 0.023808616698109 0.0707046030179664
0.00329103081000222 0.0514618538188226 -0.0263204929696336 0.0763770988917635
-0.0455707416278891 0.0464498646067723 -0.0653195975880308 0.025138997078689
-0.0551195086740753 -0.013533439877916 -0.0539751833259155 -0.0229547053777733
-0.0183572496676888 -0.0567085336519574 0.00818810421665591 -0.00480441468254334
0.0195565184483367 -0.0446934506771418 0.00621951625571895 0.121238487939097
-0.0447249271721067 -0.00330244904586793 -0.0204037783688881 -0.127706509999956
-0.0147201964032303 0.0309793219136134 -0.0415224118765326 0.00514718438290713
0.025050977139017 0.0215167136569762 0.0551242519727894 0.0386382033441127
0.0258071699533175 -0.0136274727407501 0.0896748074465569 -0.0243371321648748
0.00138882970632465 -0.0200943327887334 0.0453525937020204 -0.0942054336477432
-0.00524308269743248 -0.00998653096005403 -0.0293079797035089 -0.0920391856786333
-0.00772142843102695 -0.0101064436583793 -0.0685415067857084 -0.0543139205162736
-0.00827132917805123 -0.0101546690422629 -0.076316890350826 -0.029844806337032
0.00135326677403002 -0.00794063071406365 -0.0820127914124749 -0.0246225914595432
0.00805143079208798 -0.00317349177734341 -0.0822172277437661 -0.0393504210410047
0.0124313260708126 -0.000450098308131645 -0.0664538443958957 -0.0670320988510722
0.0157094679209728 0.0210708423876246 -0.0298266238171285 -0.0950997312605506
-0.0164141464088659 0.0299014526710213 0.0074816333982461 -0.101610288216435
-0.0521405490601645 -0.000964427526411013 0.0206877554022827 -0.0994467392343795
-0.0470956431676985 -0.0356334557207393 -0.0370901780384895 -0.145317864419542
-0.0653420116456358 -0.0533088572937347 0.00240852091363595 -0.120050400705789
-0.0559733686422482 0.000374195507012826 -0.0364423155512971 0.00843274403847373
-0.0207005140429534 0.0318918624408805 0.0613814423046371 0.0468533929398766
0.0046026517207849 0.0267854998468102 0.103061984642917 -0.022689311435223
0.00795721587986348 0.0143491034189579 0.0547981000417179 -0.097300198089903
0.0143677037510024 0.0133841098778833 -0.0258272109040503 -0.0951739600099172
0.0222832389273204 0.00111338768558528 -0.064377643068855 -0.0559364229287238
0.0216231935132684 -0.00310950218964762 -0.0702917609570661 -0.0298232914088609
0.0304009146250791 0.00502848723659201 -0.0767827242615057 -0.0198004823857554
0.024610129831014 0.0264560072370554 -0.080838440411614 -0.0317890752970507
0.00723922718166962 0.0347993642081582 -0.0691610648011218 -0.0581610222914649
-0.0170157369495994 0.0519591584926529 -0.0364986607086003 -0.0880579980331714
-0.0611059683967567 0.0266205440657365 -0.00260614906984266 -0.0946968908202584
-0.0837423319504121 -0.041830223364001 0.0086321504924825 -0.0779399659790518
-0.0662340062505554 -0.0943031432595405 -0.0398605810737129 -0.110196074118712
-0.0729746152009965 -0.098915795559635 0.0262233881347907 -0.0909288016592499
-0.0903082052849475 -0.0394130083519396 -0.0316434082672011 0.021702866458378
-0.0706818076258443 0.0313288365173749 0.0625640290692592 0.064125116638116
-0.0264066232083661 0.0661708567306284 0.114303734984279 -0.00902717028085011
0.00963989283350479 0.053262089224163 0.0685585516602497 -0.0877844013682865
0.0317575388492122 0.0404894732148189 -0.0120520690481173 -0.0900246159442167
0.049148989086013 0.0157127061854039 -0.0500892071629134 -0.0516903086433475
0.0485961857169888 0.00406954124246472 -0.054340278287526 -0.0257778967217272
0.0544060858482911 0.0141842472806163 -0.0607171570717211 -0.0110798667914865
0.0417750600766009 0.0476011234372194 -0.0716069081589794 -0.0146802803479577
0.0116698138628095 0.0634456816742421 -0.0710678606949638 -0.0374425747646966
-0.0344283096165614 0.0850706263690696 -0.0488220989947909 -0.0728844743348083
-0.0948550081687981 0.036477868674018 -0.0173150167213085 -0.0865571510886517
-0.110785011891064 -0.0631146574608929 0.00253449905807948 -0.0570139515707616
-0.0822431768578197 -0.13243567440039 -0.0353612611297948 -0.061256496207563
-0.0658385375766191 -0.130545123495558 0.0458402462667336 -0.042230502047142
-0.107627304809266 -0.0812003203894951 -0.0257397100993945 0.0444641886630614
-0.113299273896069 0.0179861336856134 0.0554983486465398 0.0851631789920447
-0.062748720567404 0.0922977241856117 0.116228112911852 0.0154895945133294
0.00326563748376592 0.0874968608336781 0.0804134746593169 -0.063318232396958
0.041278503835507 0.0654506796254354 0.00834249957454693 -0.0731627666800217
0.0682347787848843 0.0307141675496053 -0.026415837780414 -0.0408815290015659
0.0682319223138153 0.0110605957971734 -0.0304634687112887 -0.01790271097304
0.0719581299712665 0.0184702582039051 -0.0367347626556919 -0.000171173057235757
0.0561919564294186 0.0574516673663501 -0.0537774590986323 0.0046854720927091
0.0197788654349272 0.0806666573197339 -0.0653756107286429 -0.0105334925766059
-0.039343566987923 0.108535778416692 -0.058488551101694 -0.0502777679560793
-0.110813869110828 0.0474223305138857 -0.0308194461019879 -0.0742729517246268
-0.123840271229973 -0.0691347823004484 0.00378307695568299 -0.0392858475061249
-0.0876236267219944 -0.149066870499251 -0.0227221445530476 -0.00901489463538446
-0.0474432721106278 -0.138779075087369 0.0573936771438683 0.019220515667458
-0.100457214048435 -0.11049523464406 -0.0187223618126605 0.071869615389534
-0.132432055867959 -0.00652953981908988 0.040589485525863 0.103623720477457
-0.0924412417156748 0.0943455222043562 0.102998676446687 0.0447225331712897
-0.00915949924595409 0.105085816511541 0.0843411026237783 -0.0269007465758903
0.0414598987345647 0.0808716152712146 0.0308182872700064 -0.0446013226615204
0.0758079528438968 0.0415288299349829 0.00154537484177732 -0.0239567906141573
0.0780001162141099 0.0165672497589164 -0.00196434823555107 -0.00777942424756367
0.0792951418861967 0.0197660677895021 -0.00902388976638972 0.0112605350912749
0.0624601626069725 0.0587189612731257 -0.0304750770639361 0.023213276451515
0.0226901724514293 0.0851964498733007 -0.0532397307056304 0.0161803690776316
-0.0417762713245931 0.113014764688926 -0.0600755379985481 -0.0257141259698295
-0.110980680142405 0.0460732399209111 -0.0395840804077598 -0.0586426515062489
-0.116902347082285 -0.0702596320277753 0.00845010275659019 -0.0252939632547321
-0.0772581113546145 -0.144860246952557 -0.00723010054683087 0.0387792188869383
-0.0228415796334299 -0.119220458243156 0.0598314621467133 0.0816672653762313
-0.0701002125241136 -0.115193327268838 -0.0128624798511267 0.0990099283976975
-0.118291004154719 -0.0310889468414317 0.0214412266718628 0.113664168232823
-0.101512985050274 0.0732551577339308 0.0790331762846465 0.0679945652495826
-0.0206163150906428 0.0993166996034415 0.0773004557727116 0.0123631333971324
0.0334240689214883 0.0803713999724836 0.0500138644315021 -0.0105446527607018
0.0706972230002416 0.0439298562623194 0.0299631722346167 -0.00380620126111319
0.0755937158110539 0.0184435162804588 0.0262469016066253 0.00379574469884949
0.0761417742778896 0.0200727161458514 0.0179976502681051 0.0228122567127776
0.0588003282782492 0.0544085215912148 -0.0075634161154124 0.0395357316060228
0.0191672986452781 0.0799046445197208 -0.0394261004985593 0.03880453559977
-0.0447385250944244 0.10039280622087 -0.058327003955103 -0.00496322115520596
-0.100085421116285 0.0306234572946932 -0.0438103505932677 -0.0427939833753628
-0.0918153864347179 -0.070638856824883 0.0121784370107687 -0.014837579471066
-0.0517384552902284 -0.123599616923206 0.00500464216852388 0.0777726579197725
0.00190134543746108 -0.0754574681680907 0.0541956210699619 0.131443379451624
-0.0307165810295967 -0.0919873868351697 -0.00869205542401734 0.117546947203658
-0.0805421132792327 -0.041101703555277 0.00371124869385009 0.114045961363758
-0.0853854384719181 0.0439253964854001 0.0518656895954707 0.0818075831410847
-0.0239541878718954 0.0745977710423083 0.0657713766600069 0.0439595863428466
0.021286536429448 0.0637595177975454 0.0631629819621665 0.0196092925163002
0.0536964800350732 0.0372552013764369 0.053743963525259 0.0137076228625125
0.0614213667873071 0.0175422269216251 0.0500768813748483 0.0141903345564643
0.0621745522507222 0.0185724109997342 0.040977090825596 0.0334808154644305
0.0477955946369533 0.0449878830057396 0.011697470454961 0.0549969841801745
0.0119931959068018 0.0678136361518994 -0.0289840333695685 0.0578449582489996
-0.046853403620344 0.0763390671752241 -0.0579152961088265 0.0121727581886524
-0.0810569557417736 0.00834378366916473 -0.0475691327797658 -0.029970104321885
-0.0570414150355672 -0.0673260554983753 0.0121291781383539 -0.00767874753881821
-0.0167705194849327 -0.0884866119023766 0.0108888386647506 0.104276332827109
0.0252011360162718 -0.0177728276702058 0.047734107896069 0.158423114430274
0.00809839636665595 -0.0487697375800388 -0.00249228600019453 0.122395699331555
-0.0320791131855869 -0.0341786654450361 -0.00802617508763846 0.108372294376858
-0.0505532364543327 0.0150715092199716 0.033217951435302 0.0874009494739136
-0.0182904004279008 0.0389036405515798 0.0577393588987994 0.0617554654309669
0.00840416256675384 0.0353510726152245 0.0726401489028493 0.0382174897881969
0.0290485349925673 0.0232976930092729 0.070522315062608 0.0241806904359304
0.0382487984233752 0.0128386597115009 0.0667259302929128 0.0220914542853572
0.0404793731665072 0.0145250120238168 0.0568406225434109 0.0421292889990533
0.0311644460320731 0.0312525825514654 0.0236259412232826 0.0685335182733814
0.00433874519739533 0.0497247941793321 -0.0255412583416677 0.0745598515326156
-0.0427200576957054 0.0460812211816461 -0.063876095663449 0.0254953765839454
-0.0535800893206368 -0.0131559691049351 -0.0531702519699074 -0.0217061164994074
-0.0182181968727821 -0.0549882090494033 0.00824459939181388 -0.00529792593712783
0.0186881245405963 -0.0425775847786943 0.00907461405025663 0.116708055635338
-0.0440165913970548 -0.00393699408545088 -0.0198178588742136 -0.126233329647021
-0.0150862731997052 0.0310006773133404 -0.0419792847330138 0.00569324083740283
0.0247391291287095 0.0214710940202748 0.0550799071431116 0.0399471128237759
0.026293930841464 -0.0135172764434842 0.0899263036547862 -0.0225141520960179
0.00160328735821641 -0.0199816643184857 0.0469842155004615 -0.0930622257810633
-0.00517480265898256 -0.00992822704703253 -0.0277155966295442 -0.0917314016277382
-0.00748836838860569 -0.010033689496404 -0.0670700413629883 -0.0538307603080355
-0.00845819028379194 -0.00967056368193984 -0.0758882654397696 -0.0296062445286195
0.00150495340982934 -0.00796037888330748 -0.0809973828862404 -0.0249132188359831
0.00782322083938558 -0.00312038030378343 -0.0820045195777063 -0.0397523739451406
0.0115881595026769 -0.000485565865810514 -0.0656159888452679 -0.0675576745597474
0.0156436220833437 0.0201270396859543 -0.0293901903478858 -0.0947210561601926
-0.0163915973580976 0.0300736173125312 0.00973315268214831 -0.101230453727929
-0.0523131445493669 -0.000493136856384098 0.0233159377117743 -0.0989824069172591
-0.0460234094327858 -0.0362403409136608 -0.035272503011157 -0.144378576354994
-0.0640882325577952 -0.0536092943153217 0.00254648562843187 -0.118606048324134
-0.0554692499717258 0.000120557500043106 -0.0375397315642477 0.00950918184308116
-0.0201711031310237 0.0311187248719516 0.060669949536965 0.0485186893639242
0.0055335555185849 0.0265697834044938 0.103240587520313 -0.0208452399815079
0.00790723184167971 0.0140955469564755 0.0560736217923544 -0.0959412361400604
0.0146115847933753 0.0129418362039215 -0.0241950674937182 -0.0945107550572417
0.0220941152956242 0.00110374750115009 -0.0633802593421333 -0.0556539464288551
0.0208338513208076 -0.00304092970386532 -0.0697219420976117 -0.0299351036711082
0.0294611970792551 0.00502322873237175 -0.0763851761315561 -0.0204040477093292
0.0239743564943682 0.0265208350087534 -0.0804504500197707 -0.0318260097896168
0.00675928172130734 0.034268647987819 -0.0689095206718628 -0.0590538508604131
-0.0167785218432211 0.0508140448822399 -0.0361778005562498 -0.0881243463262382
-0.0606939844517391 0.0260327323110425 -0.000492545403431034 -0.0944340360953931
-0.0827248104821029 -0.042042107521188 0.0114652006578294 -0.077970264862843
-0.0644031704059242 -0.0939404009389869 -0.0381491588131843 -0.109880482996045
-0.0712531643487406 -0.0987492664430452 0.0261208503178928 -0.0894751883065493
-0.0892368649584302 -0.0394066298399752 -0.0332367509621909 0.022613372039539
-0.0700056156675775 0.0310161228265227 0.0613550507088574 0.0659244073048875
-0.0257615013017998 0.0653117048377891 0.114685161186668 -0.00699926014841159
0.00963709517730597 0.0526621215196833 0.069613878714445 -0.0871975928811137
0.031056702794551 0.0396435280534378 -0.0107112020051835 -0.0898806103163918
0.0484792475896089 0.0153594153254642 -0.0493430005042735 -0.0514895279020141
0.0471652063562754 0.00435734827870399 -0.054293712003504 -0.025980316705409
0.0536172661577092 0.0141687094218298 -0.0609593949827672 -0.0114505373009208
0.041482211095391 0.047019156686904 -0.0715884002791962 -0.0149524063552839
0.0110322490912228 0.0627881977580468 -0.0715970413170583 -0.0384736853834924
-0.0338951527043257 0.0838222659219365 -0.0483464618974348 -0.0735443294322232
-0.0934162054884714 0.0349721705763734 -0.0161465248733799 -0.0864374698235437
-0.109538080402725 -0.0635293333760872 0.00514655709410261 -0.0570079726064165
-0.0797141682401817 -0.131564080601966 -0.033975811035224 -0.061529636746144
-0.0636715988714474 -0.129950542758428 0.0449230950790539 -0.0413861728413519
-0.106249223779124 -0.0810445896816039 -0.0276396222098597 0.0450096449457087
-0.111501560823874 0.0173670493213778 0.0540099764053727 0.0869708271599522
-0.061280969540798 0.090892879038362 0.115573953705272 0.0172830339665341
0.0036051643625921 0.0861163645044437 0.0818507133809025 -0.0625938059636102
0.0407084893140671 0.0644781243032211 0.00940209168227471 -0.0724941742819672
0.0676713135108085 0.0302465674237761 -0.0259936002323279 -0.0408451935588974
0.0667975906636275 0.0111613216887154 -0.0305742429351219 -0.0177778069147703
0.070571172536256 0.0180508293856488 -0.0372720108529749 -0.000267431950994395
0.0554686510192606 0.0571241731846774 -0.0538497410819559 0.00494893452196787
0.0188670072497586 0.0797414401876042 -0.0662714632839892 -0.0110532290327871
-0.039105053015478 0.107203397103375 -0.0577127944421542 -0.0514640650162308
-0.109365438915084 0.0456530588351699 -0.0303634631182646 -0.0742505372436748
-0.122730632593864 -0.0699256390338436 0.00613964310257715 -0.0393387303931188
-0.0847089570809796 -0.147477971421384 -0.0214449499378987 -0.00963100833343882
-0.0458737375163492 -0.137753665812387 0.05575453375001 0.0202616046727993
-0.098702962701762 -0.109934838036879 -0.0214400495379213 0.0716629178970111
-0.130172716943265 -0.00793783265034828 0.0384710117235918 0.104801170653814
-0.0908551821490844 0.0929664782676966 0.101793892405276 0.046518428011385
-0.00886347651103576 0.103990237066597 0.084867590974714 -0.0259531181944252
0.0409160070192128 0.0800209506641556 0.0316855253200956 -0.0442640573406828
0.0752283911392828 0.0413002642674408 0.00187896314911731 -0.0239034767432669
0.0767022490823981 0.0157897751376944 -0.00255622572415401 -0.00752541263108981
0.0784074481098577 0.0193409460359043 -0.00985134435423756 0.0107714088164942
0.0613335236361168 0.0584879107531197 -0.0306655894462335 0.0231288039254965
0.0220768966848403 0.0842570650887582 -0.0541121276589273 0.0151866659252849
-0.0408056545631774 0.112002214770712 -0.0595483829208714 -0.0273501118000479
-0.109918532828331 0.0444447505224247 -0.0395343889599293 -0.0588006305006943
-0.115480798143649 -0.0704565619981867 0.00998623937255323 -0.0260007683680676
-0.0743029078836154 -0.143078056913549 -0.00663374980891477 0.0379588794725516
-0.0216672644840615 -0.118427697375555 0.0583738058523397 0.0813904378386333
-0.068530737307587 -0.114707756630174 -0.0153213722326914 0.0983111133404022
-0.116376848635901 -0.0318164210654948 0.0192547705244039 0.114218181881279
-0.0999229275216732 0.0725025746961205 0.0773062128370914 0.0695387787040375
-0.0202401718538255 0.0984992271794613 0.077989873015061 0.0131312344850228
0.032869485110146 0.0797934423981233 0.0505086403603901 -0.0104806588416181
0.069618660914806 0.043797445392302 0.0296676652871139 -0.00405994235265151
0.0742161110472223 0.0180269563379498 0.0255112834043416 0.00366652364235593
0.075126671178568 0.0193290612020184 0.0167090863309214 0.0223858391619906
0.057770413156642 0.0539048634245991 -0.00806441833836622 0.0395176609503169
0.0188640806511591 0.0791492895603819 -0.0402759287681264 0.037654503132353
-0.0443035430693837 0.0991339315177144 -0.0578535810073297 -0.00562878584006843
-0.0992862868687041 0.0287511039954592 -0.0439253818949271 -0.0428307568965814
-0.0908064475060046 -0.0707000526901691 0.0133173428609984 -0.0151537875637817
-0.049175699856335 -0.121810757909621 0.00577383639489433 0.0764417833068301
0.00255218950066264 -0.0746448531944706 0.052753681761202 0.130865179616446
-0.0292340243670801 -0.0913253449815797 -0.011093702270778 0.115792611299325
-0.0787492618563057 -0.0418712967529443 0.00112480390961652 0.114470503367307
-0.0841512874515065 0.0429815362833044 0.0501810010394415 0.0826297862604267
-0.0243002945229385 0.0739899094226508 0.065445938964896 0.0443211639040529
0.0208676214818144 0.0632494481277866 0.0636565437084698 0.0199366554153973
0.0534072268935513 0.0371633179958819 0.053503870818963 0.0137224385617712
0.0605478626587527 0.0168014064365056 0.0490067233649009 0.0140537141887898
0.0617637729840987 0.0177917708403862 0.0393449738584909 0.0330214162442097
0.0472489393218534 0.0447173545170057 0.0105256307417903 0.0550727255845882
0.0119517384166347 0.0669663065596297 -0.0308459709018148 0.0566068461540916
-0.0461681544090393 0.0759465052394925 -0.0587027128395995 0.0111609585235585
-0.0807133383329939 0.00627418559217723 -0.0477597740933353 -0.0299668897703796
-0.0554710800294194 -0.0673787789249324 0.0127626523548842 -0.00795887249686836
-0.0152629380712885 -0.0868899295539885 0.0113079440035657 0.102737994606653
0.0257611170964738 -0.0170125135276997 0.0460925563691544 0.157113585151769
0.00896036347942577 -0.0478293282193177 -0.00484805045321507 0.120098455428552
-0.0310256465615533 -0.0344809767574134 -0.00952687474141367 0.108168182774677
-0.0497358727605434 0.0147308053770633 0.0316308317132682 0.0883942253333197
-0.0181115422402528 0.0385868094989011 0.0573144221693731 0.0621490995485516
0.00813066105103897 0.0348992009381763 0.0727702917568907 0.0381374832709692
0.0291982968985069 0.0229678573264874 0.070336931647251 0.0240834224288111
0.0374384147313312 0.0123016716449844 0.0656939541295271 0.0213489524548546
0.0400298325900285 0.0142348863531433 0.0553381315334788 0.0414678029665941
0.0312006044238793 0.0310126027852051 0.0223873230278589 0.068608654441888
0.00427905021405145 0.0490809568731703 -0.0271339957510204 0.0734650655108459
-0.0419842788161328 0.0459605666604362 -0.0641982808399314 0.0240338698021672
-0.0535275167211407 -0.0136601011054604 -0.0532607331289547 -0.022381608590902
-0.0176481945529697 -0.0549510524347328 0.00871694221025366 -0.0062636177158533
0.0197126442388964 -0.0410098696002035 0.00930219198503649 0.114569368452537
-0.0437281853920731 0.0150797645080436 -0.0723102600179938 -0.107168043063926
-0.000671440727150284 0.0356482379976394 -0.0357052705255577 0.0255601061184701
0.0313297074331843 0.00908256845577363 0.0705897576680061 0.0137713866282205
0.0177110657275861 -0.0242653621535438 0.0761258518953853 -0.0610648314166789
-0.00819743253611747 -0.0188026875426846 0.00310123778844807 -0.107845828717162
-0.00969755441463472 -0.0065830318099697 -0.0648291630296159 -0.073958321556054
-0.0114588369706757 -0.00630260909523726 -0.0854458165667294 -0.0212366118444149
-0.0114634966379295 -0.00490649901172677 -0.0830629410180071 0.00547307053089012
-0.00208902256098289 -0.00869876391092151 -0.0865447268813815 0.0130702057554638
0.00591277098234043 -0.00626616529790973 -0.0939421479573223 -0.0010218797447067
0.0102668015959241 -0.00577580318602604 -0.0903813009606715 -0.0339504265538996
0.0226635441848495 0.0101005680115694 -0.0679099712415022 -0.0751235153030913
-0.00220714915973192 0.0345857684795225 -0.034307197314298 -0.0989202319231519
-0.0490567425401946 0.0215094460753256 -0.017845728903083 -0.105670306476456
-0.0603862117717854 -0.014835594515688 -0.0903385113290919 -0.12300737477245
-0.0820649915518918 -0.0234881715877731 -0.0507468203532782 -0.109849614320009
-0.0506941626839323 0.0230972062206115 -0.0318306885630305 0.028406913995686
-0.00595190256078093 0.035750353326965 0.0791342119108132 0.0217690671296861
0.0149669265539451 0.0199919859210984 0.0895182350219846 -0.0624884552312261
0.0114308191038555 0.00979561512760021 0.0120805434415552 -0.114663531528407
0.018017679674872 0.00685861831931896 -0.062039155973848 -0.077817569649154
0.020147673158137 -0.00803920327647044 -0.0819199600749919 -0.0243994684574495
0.0185871842519343 -0.0105229248369206 -0.0779731554098579 0.0031420640442751
0.0294448648321198 -0.0076932001194479 -0.0798921732452155 0.0152888934483275
0.0338346027879344 0.0154007889223691 -0.0892933781192675 0.00702289257638153
0.020223423333099 0.0293520557994574 -0.0917455724595931 -0.0245936719290809
0.00583232364130975 0.0524705726288271 -0.0746021495676771 -0.0668166063740961
-0.0460657751591416 0.0489268718205892 -0.0414641516992623 -0.0898223619108432
-0.0957978457151027 -0.0043329529352935 -0.0180764695214188 -0.0830247159448205
-0.103684325734765 -0.0614002983983359 -0.0750696946774114 -0.0896574396320449
-0.106095218508422 -0.0636872595266489 -0.0185202079154114 -0.0934089942013314
-0.0973033004294027 -0.00065006050379227 -0.0231227784937494 0.0393822695124095
-0.0522969155356419 0.0547604416216896 0.0859044382688578 0.0403384664610339
0.00305966099255992 0.067475799331832 0.106241026638103 -0.051759757624777
0.0285619125442204 0.0439580050104072 0.0303546052424217 -0.111468149215586
0.0444162824997584 0.0244779317566803 -0.0466398062116854 -0.0788958535735321
0.0510641649675108 -0.00582769659511762 -0.066205139262945 -0.0270632489105223
0.0463023743829893 -0.0147359223373958 -0.0611659784225479 0.000408616323127025
0.0558188374653555 -0.00927395760733028 -0.0620838886440203 0.0173667318735856
0.0585457843149779 0.02757620958165 -0.0738962640937043 0.0188023515071744
0.0363433904232234 0.055305094744062 -0.0863296766132214 -0.00388862500147651
0.00348564455778281 0.0901499637721948 -0.0833383130212608 -0.0474472040145419
-0.0736911823179698 0.0710882125298994 -0.0534895868202201 -0.0767775014905955
-0.130415222450084 -0.0129970441633095 -0.0144693388802866 -0.0624090593403171
-0.135485492022489 -0.0900338725747614 -0.0481907623896574 -0.0462287676759691
-0.111510839806382 -0.0966206858807473 0.0183961703712569 -0.05745680862236
-0.129481894527705 -0.032561005190791 -0.0107066944404791 0.0573436430960596
-0.0957904242867001 0.0583519853287501 0.0862168640542028 0.0649143761723815
-0.0186767968486139 0.105413739945402 0.117442236274288 -0.0270762526696408
0.0372298775938058 0.0772304855293703 0.0534341970161053 -0.0929756930870711
0.0641494606311697 0.0432068298268844 -0.0200552161608411 -0.0715270797123877
0.0746174718362572 -5.77070110532722E-06 -0.0390232005489487 -0.0266491816912585
0.0671236749700585 -0.0166241250204718 -0.0357745971810591 -0.00275835261793306
0.0734434466541922 -0.0127919477851422 -0.0355199329784231 0.0177987541012864
0.0758072357373874 0.0308918556072236 -0.0491732790981127 0.0301057651563897
0.0511560932673701 0.0680782578852137 -0.0711325408626085 0.0194569308921172
0.00945439451002882 0.114367899199247 -0.0847723375637904 -0.022567647011963
-0.0846604025381952 0.0879222164506426 -0.0624262706632182 -0.0597788584049534
-0.145446024283969 -0.0135575668207261 -0.00640675905873369 -0.0469944839827574
-0.146942226023858 -0.102109544158259 -0.0142066739473636 -0.00354778776947988
-0.0965570201522209 -0.112075748060458 0.0539946988092104 -0.005655960269494
-0.133374243813412 -0.0632267825853011 0.00612300576485056 0.0793361946495508
-0.121963889530907 0.0423253516377519 0.0776507279751363 0.0889455007967369
-0.0442569171585793 0.118927473159697 0.116249691337565 0.00687870371572897
0.0331281291372474 0.0981956134011383 0.0729847994675132 -0.0596351895369834
0.0706242202573932 0.0570863890621571 0.0132924345540312 -0.0547789104812442
0.0860141599431523 0.00700734405082208 -0.00572480625366509 -0.0231314684773398
0.0782085367488003 -0.0163321872966687 -0.00557903713469274 -0.00522303263319469
0.0815189556466348 -0.0144773099251837 -0.00534343123013749 0.0162294501090946
0.082101515587092 0.0293074366692949 -0.0193751484437354 0.0378674454872288
0.0566113660098273 0.0706719858291842 -0.0487295594926166 0.0390748417318412
0.00978066695042572 0.119852227607288 -0.0765204346106829 0.00104991921021754
-0.0855737591748069 0.0865628222102387 -0.0643728596076947 -0.0410041039037715
-0.13879596544917 -0.0169888632034602 0.00302911565466806 -0.0356889874607868
-0.135157262822727 -0.10189286901172 0.0197743768471981 0.035243839180815
-0.0655832758059783 -0.103941374754298 0.0829321318172713 0.0502167089836577
-0.107035314884635 -0.0797470268454419 0.022716789124464 0.100523458509852
-0.118686287401974 0.0144100161639254 0.0626640691485458 0.104253045748701
-0.0605655356570264 0.104323286724079 0.101723887892705 0.0387547853228309
0.0202649837827247 0.0975402442905846 0.0824668936233594 -0.0199299804952876
0.0631743054606076 0.0600939815993339 0.0449857560981536 -0.0314871828462081
0.0824353804447844 0.0113927453309958 0.0291473553321771 -0.0169177293474298
0.0768836959769004 -0.0139795602472364 0.0250861493745056 -0.00758281445297796
0.078354510077904 -0.0130480023072048 0.0246850026318102 0.0151620680573778
0.0769962142377963 0.026403760876639 0.0083613519304775 0.0430198402559763
0.0516134095945397 0.0673119059792386 -0.0261938485732876 0.0535092981194218
0.00161008049405205 0.110494265709184 -0.0654823129556924 0.0196532228752653
-0.0823868080119599 0.0680686103642522 -0.0613640414969058 -0.0244071264461811
-0.115414622419908 -0.0282561782160119 0.00978864669905199 -0.0257341586304162
-0.100797136891798 -0.0925772113148154 0.0453017930197349 0.066962953376159
-0.0249082302366398 -0.073124372332885 0.100398928667136 0.098597024196279
-0.0616296117187423 -0.0742684822462613 0.034932227226697 0.113555192051765
-0.0878908118858597 -0.00912811886279958 0.0459629071217632 0.109402828691894
-0.0580152390182004 0.0712981041462764 0.0818449493620745 0.060933799965039
0.00781353733463117 0.0767091519439738 0.0832836712257609 0.0144744398852831
0.0459123898323465 0.0498692064782727 0.0699389153213335 -0.00904301461076238
0.0646625132361525 0.0121035772236804 0.0582842647876274 -0.010225644679525
0.0632074123703125 -0.00935423337872197 0.0520675414789373 -0.00829175505869531
0.0650160015723297 -0.00912547627974718 0.0504025341185764 0.0144721509913644
0.0633318009329948 0.0221438575555166 0.0329601510020979 0.0480540577675747
0.0397207086029952 0.0591365347461354 -0.00839227896348087 0.067150300106528
-0.010888327879613 0.0899498402770575 -0.0571170689158051 0.034376023069828
-0.0747251417889718 0.039049394582344 -0.058106396634492 -0.01054761580056
-0.0813261276425669 -0.0402215946754073 0.0120357459638168 -0.01658106381532
-0.0522696586857246 -0.0751029367593677 0.0592739714175949 0.0907269155888506
0.0192194285612471 -0.02833724273155 0.107667121643248 0.126163268420778
-0.00872868750933462 -0.0494271923296508 0.0446070422566815 0.11387749894087
-0.0410195081785785 -0.0213007969269211 0.033947226075645 0.106331578859916
-0.0379901857395472 0.032046260312449 0.0666059264177962 0.0719348242895658
-0.00111426284663951 0.041786452320033 0.0821731849477637 0.0345568842978873
0.0222470528928901 0.0288387844058613 0.0852774290365866 0.00347280004297764
0.0365220362403589 0.009042087477296 0.0777708270419948 -0.00830249476511711
0.0396522311841176 -0.00405792606112303 0.0703229068800335 -0.00875961743122554
0.0432358713511048 -0.00339099546591939 0.0692845776838833 0.0155023092704345
0.042358571263789 0.0161850189751665 0.0505166346375145 0.0550165753745338
0.0256901015506126 0.0449979723514195 0.00303923965051791 0.0799745515996595
-0.0198908983820494 0.0614109353269902 -0.0550299240454341 0.0483720539802786
-0.0577885755668227 0.00850640754193186 -0.05909158176547 -0.000824625060947963
-0.039419383020641 -0.044378107878838 0.00842234040283398 -0.0111098016936149
0.00187017022053166 -0.0474142741936593 0.058377107008406 0.103844336856389
-0.0451536242851204 0.0163562277131717 -0.077672035973718 -0.109424753393722
-0.000271552183076168 0.0372483991592959 -0.0360791648217651 0.0291892179650299
0.0327081687042938 0.00892112778749336 0.0749775529706557 0.0138454541405985
0.0177355249411025 -0.0266573637188803 0.0796511804272005 -0.0642473751167583
-0.00872148689297024 -0.0195716768837289 0.00261467957790581 -0.113247945595031
-0.00998956920263037 -0.00692205212588063 -0.0681996796623581 -0.0762897508419328
-0.0123934554810962 -0.00626982671594267 -0.0887330593952422 -0.0206354865810309
-0.0120954204064192 -0.0043557556056107 -0.0863192415839839 0.00758395333040362
-0.00249991246305221 -0.00867749066282245 -0.0900708161647449 0.0159047440079366
0.0063650712052958 -0.0065617031991264 -0.098484383770173 0.000611884793724568
0.010444558982175 -0.00625171939292713 -0.0950625519106389 -0.0341706756729404
0.0236342994031879 0.00969472808112364 -0.0724448864483772 -0.0781515843444225
-0.00162661585988367 0.036356647103444 -0.0356585513371367 -0.103298219332333
-0.0506397746309079 0.0242166240963499 -0.0183770679343969 -0.111377460597858
-0.0631015958719982 -0.0143924937249103 -0.0956904436323416 -0.125918633521078
-0.0859209381332 -0.0232378011965676 -0.0551704523500542 -0.112589717507045
-0.052297972848033 0.0249454284049673 -0.0324561621148807 0.031919509026269
-0.00557292864719935 0.0374362659054728 0.0840741445346673 0.0224772899339429
0.0166147175052182 0.0195347198709073 0.0939226122761427 -0.066328096408451
0.0122051569487119 0.00970472530931056 0.0116100047848569 -0.120227978592052
0.0187990547364193 0.00678310376911898 -0.0656434006835097 -0.080718932186809
0.0206152958543945 -0.0088004990235068 -0.0852512855751652 -0.0238363369398711
0.0185874496700983 -0.0110940724241221 -0.0810178187585023 0.00524982087319177
0.0303105412152511 -0.00870549875511094 -0.0831620901433499 0.0181668116643529
0.035637188675837 0.0153366513057895 -0.0938234056655959 0.00865493020121384
0.0207725774493075 0.0304909561396329 -0.0969832827333652 -0.0244973272282229
0.00655887785726197 0.0538376311807588 -0.0792288322875343 -0.0693886777369817
-0.0465639814632199 0.0512431550205395 -0.0438075955898834 -0.0937541845663029
-0.0996618227655201 -0.00224669736089165 -0.0184134239754693 -0.088114284324966
-0.1085440320434 -0.0621843021407182 -0.0791300217460509 -0.0921446141139735
-0.111559779185933 -0.0641115750479831 -0.0213948760223194 -0.0965094433451529
-0.10131114173914 0.00138347145338088 -0.0240122730384983 0.0430476061754373
-0.0519651317598548 0.0577419918946157 0.0914208075467777 0.0418778385181531
0.00523530322613083 0.0688673302171641 0.111288941512258 -0.0554323647013266
0.030926395343935 0.0449395300704644 0.0303891674166714 -0.117734792290364
0.0467138181322886 0.0243619991400239 -0.0495082686505584 -0.0818533024782936
0.0526149591698321 -0.00732648392584096 -0.069314421238115 -0.0265266180494381
0.0468813363536543 -0.0156742247832563 -0.0638306215274345 0.00197911882777499
0.0575717150543369 -0.010707274465659 -0.0646079360400893 0.0199697176771317
0.0615988491677098 0.0279250403369435 -0.0774462728713877 0.0220019597652442
0.0382426344200053 0.056458613009381 -0.0914657437889701 -0.00228052916852157
0.00587131342662494 0.0927826125330376 -0.0883802628340456 -0.0489823050898235
-0.0746025988318307 0.074711859550432 -0.0565148940311585 -0.0797073668102743
-0.135978703316991 -0.0113095283287379 -0.0146651293884715 -0.0664247407822112
-0.1408818985861 -0.090698881616514 -0.0504797982959686 -0.0485173214940529
-0.117511161976741 -0.0980100352286608 0.0174602455496693 -0.059709172655426
-0.135211869424502 -0.0314674685959054 -0.0110817461960101 0.061574707590293
-0.0974767819240257 0.0622615093321451 0.0913515621083067 0.0681090711402546
-0.0163178457281849 0.108590404181896 0.123155902980151 -0.0293709405712703
0.0404448279472144 0.0789677796087676 0.0544269975482153 -0.0992255950661857
0.0672360207662891 0.0440087224232594 -0.0214840690555898 -0.0747200273851484
0.0771136158186068 -0.00205625115795347 -0.0415108920355573 -0.0271959774818863
0.0684342637981127 -0.0182837313505551 -0.0379026074959945 -0.0021113880537495
0.0757443009358619 -0.0146785134474517 -0.0375054002790314 0.0197516632238943
0.079721020286064 0.0306511781137359 -0.0514272414410785 0.0328418561427912
0.0538418012774256 0.0695485203929893 -0.0754894985448396 0.0221908004004713
0.0127450236996903 0.117973474125664 -0.0896073190971978 -0.0228749837590653
-0.0864317809374784 0.0920875906463215 -0.0656640511766888 -0.0614655177809852
-0.151376145462489 -0.0114987880181736 -0.00628451103613979 -0.0507150510515372
-0.15328377989493 -0.103930136043276 -0.0144004388020851 -0.0042503075832914
-0.102336874688442 -0.114571258014304 0.055995167222973 -0.00647032846547337
-0.139819022155873 -0.0636051478587169 0.00612712436977152 0.0839571549873069
-0.125224655127842 0.0455194237979994 0.0824906461904875 0.0929164746387059
-0.0426021441856791 0.123597650154661 0.122333906929325 0.00614796934276244
0.0367761672080741 0.100936318596552 0.0755552588044003 -0.0648502170136711
0.0746147152840194 0.0582555996557595 0.0133434317886528 -0.057835086938019
0.0893040493139946 0.00481592696540488 -0.00603775390401361 -0.0237552172193711
0.0799440369146399 -0.0183511370802999 -0.00636803559854734 -0.00510982112114045
0.0840832718306931 -0.0170462809365182 -0.00607310665808024 0.0175706791864772
0.0858981715507666 0.0291634589404379 -0.0205669190061697 0.0400193733682907
0.0596153105683066 0.0725804947355763 -0.0515619353262532 0.0419425969980651
0.013954046881661 0.124166393278868 -0.0808990305296796 0.00193787431054173
-0.0873556669816353 0.0911315676627029 -0.0684753299182541 -0.0423552836489194
-0.144998005391273 -0.0153267797299121 0.00328880657009267 -0.0389515044966093
-0.140665744137252 -0.103674230811523 0.0214921828179102 0.0350989077504751
-0.0694944310332277 -0.106695848229753 0.0867525734856898 0.0506909425462948
-0.112583398179516 -0.0819237152618475 0.023636824055226 0.104482384480005
-0.122418226735319 0.0166340540083143 0.0663533645842489 0.109045316503089
-0.060092939509235 0.108616076369426 0.107771566869976 0.0399228502035331
0.0234571307500078 0.100780618670299 0.0865883156433924 -0.0227154869025697
0.0672037491981926 0.0613654588334554 0.0466090225828165 -0.0340577551649962
0.0856599569152949 0.0100117515235446 0.0301869943353371 -0.0180291436018117
0.0788437591444812 -0.0157403986213921 0.0258809423899799 -0.00808881572451327
0.0806588536657698 -0.015948366050459 0.0249373346162391 0.0156410135562567
0.0806786616981271 0.0257955206022448 0.00906684718136469 0.0449292861779646
0.0547243663243921 0.0690127103582387 -0.0279828003212631 0.0569947590497584
0.00454869504276477 0.114584165516465 -0.068885275366173 0.0208614619032224
-0.0848322707500717 0.0717848132702019 -0.0650156828545695 -0.0244831308783075
-0.120725972445412 -0.0278040176548926 0.0101839070536 -0.0283884863513137
-0.104708832388808 -0.0945301596192788 0.0488341879704104 0.0675470325241866
-0.0266534849745967 -0.0752368739835633 0.105551317035127 0.100598438395978
-0.0648522253684977 -0.0765280625122566 0.0366089544676957 0.118124365253385
-0.0907145707359288 -0.00868260213848923 0.0485638721514108 0.11448670905261
-0.0581268301609544 0.0743827097950245 0.0863664193125818 0.0635967457117119
0.00959960105495489 0.0796516326693029 0.0883443609923458 0.0134922096879227
0.0489887961216708 0.0509192939165092 0.0730701826984993 -0.011050589441282
0.067561248342119 0.0112478239961414 0.06114932681465 -0.0124743045515133
0.0646892793595124 -0.0115019797376792 0.0536467732344045 -0.00986070976534708
0.0673801156177397 -0.0112452625981433 0.052243358450614 0.0142248212542573
0.0662112734128618 0.0219024073635162 0.0346306230583735 0.0501307299360065
0.04283150709233 0.0601708420148663 -0.0089837389964039 0.0704435068590756
-0.00875732927769636 0.0936189379215966 -0.0601499009817799 0.0361830431215086
-0.077258508179979 0.0414856395241351 -0.0615448596581924 -0.00989600772867975
-0.0847586137297784 -0.039892259405896 0.0124306246598624 -0.0188377487480376
-0.0543861029812811 -0.0770994722183995 0.0638802525686356 0.0920261280803119
0.0198543587366703 -0.0294901712436182 0.113718484771261 0.129137252627444
-0.00974595721126741 -0.0515508879370138 0.0465223923618088 0.117793603853086
-0.0426427306699748 -0.0219667901958102 0.035731149758083 0.111394869101169
-0.0385605719984492 0.0337935888741241 0.0704641409226531 0.0748704731602152
-0.000209470808568557 0.0440082734339869 0.0869689824930566 0.0346995991016251
0.0240487965582935 0.0294872199744859 0.0895905132206197 0.00147485599630151
0.0381785747484056 0.00871072647438564 0.081067157300729 -0.0105199277059078
0.0409290061500137 -0.00547972650304033 0.0728804070120123 -0.010873448851582
0.0447314194403786 -0.00498108454347349 0.0714973650737387 0.0148105170526591
0.0443340682056542 0.0159142072500892 0.05285034876039 0.056723933245927
0.0277877702912303 0.0461763542416879 0.00344000941103801 0.0841833796220858
-0.0192017806599669 0.0644549038281078 -0.0576600883899573 0.0509371750573982
-0.0606849699548217 0.00951802840347769 -0.0621161426929215 0.000295151287501323
-0.0414644304422394 -0.0459023914555491 0.00838478661529028 -0.0128738692651496
0.0019705686197826 -0.0492254658477739 0.0633065602284004 0.106011436971192
-0.0452128323729055 0.0183686690051796 -0.0848758953513477 -0.108302381169063
0.0012260806170674 0.039011776084478 -0.0356200243628854 0.0325119520364375
0.0343086510738862 0.00795555385525872 0.0787604081536857 0.0119597213524009
0.0170281898181938 -0.0289363688440827 0.0813366262870289 -0.0693287518680297
-0.00990459611326321 -0.0204462570957357 -0.00163673366703284 -0.118296709911425
-0.0108964171937356 -0.00641899899051579 -0.0731271072137565 -0.0766100025444947
-0.0131577067417876 -0.00546272796142721 -0.091161647477176 -0.0178141773626705
-0.0126179077778097 -0.00375908495692675 -0.0882530048405634 0.0121361536442116
-0.00334909834033308 -0.00872029000050826 -0.0922008453513738 0.0211129596533363
0.00617286320593565 -0.00713023256380488 -0.102158922386915 0.00579727317227705
0.00991381681494239 -0.00701961506144855 -0.100031130228717 -0.0314623925177195
0.0248697288626266 0.00837099395289863 -0.0782488655001319 -0.0779333663934285
0.000740437162037149 0.0372444971679387 -0.0400412638669214 -0.106038291998747
-0.0508138354984928 0.0277683305461166 -0.0219629417366813 -0.115296779295286
-0.0653958903847828 -0.0124052332983868 -0.103679337976522 -0.125499751334946
-0.088789719767026 -0.0199047330527831 -0.0624149910086427 -0.112229726253946
-0.0528775949143753 0.0287574960535479 -0.0316555538999621 0.0359141289181751
-0.00333134047579641 0.0390589179243802 0.0887326864748486 0.020317381259191
0.0183108312301011 0.0183982073371504 0.0952590163369007 -0.0725732269306871
0.0131172024243103 0.00860852007175213 0.00687948437492693 -0.126423115975034
0.0195914847062444 0.00588655067512712 -0.0703484071715793 -0.0811474120774097
0.0203114212540081 -0.00998945153753664 -0.0881578951329584 -0.0205868321877567
0.0179539978665937 -0.0116675020567045 -0.083381502823565 0.00943109638821094
0.0304451608708607 -0.0106946331223604 -0.0854249548123351 0.0232833005682156
0.0375430483881488 0.0138739213140399 -0.0970628854005945 0.0141957228952033
0.0224894782023428 0.0301600321334059 -0.102341572517547 -0.0205648944758254
0.009725849363006 0.0542035080849899 -0.0852951513902114 -0.06902533124567
-0.0451330300785006 0.0548629598856298 -0.0475597488377214 -0.095387572101625
-0.103546074138283 0.00273502010933986 -0.0217491089078349 -0.0915031705700088
-0.113893080269383 -0.0596179751104665 -0.0853125724557974 -0.0918673422512212
-0.117459085411545 -0.0609981070632204 -0.0264924591440962 -0.0973718510930188
-0.104888513782629 0.00670133361046147 -0.0235085447243413 0.0472563237393801
-0.0505057940880864 0.0615270360630549 0.0968128131082305 0.0407349327304742
0.0093692069115396 0.0696821112401487 0.113500942326982 -0.0615887873240928
0.0339443601177429 0.0442481899655314 0.0267606054818654 -0.124630472218799
0.0493735809092265 0.0230246652659434 -0.0542051842769033 -0.0828444303796066
0.0530991437504327 -0.0100194985786678 -0.072261220731696 -0.0240667817265945
0.0469122364080658 -0.0179729793264463 -0.0660768473888266 0.00513671248772698
0.0581870950417553 -0.0141223804033899 -0.0659198717614391 0.0243517599142469
0.0651669001121878 0.0255965633992054 -0.0795686996303783 0.0265995848735979
0.0412032887047622 0.0560865018718216 -0.0958282830218791 0.00229945395550008
0.0104263747385658 0.0942203956133136 -0.0938432805477197 -0.0477034902015518
-0.0732344801583381 0.079868722693435 -0.0610041640461753 -0.0802603741255445
-0.140283124256201 -0.0049302505419992 -0.0168056962072865 -0.0696519660876369
-0.148345245979821 -0.0875119721988208 -0.053567380150852 -0.0484157924290413
-0.124928154972347 -0.0955307563407981 0.0149873415398647 -0.0615938630149483
-0.139992250498206 -0.0257790228560533 -0.00947542829680911 0.0659605358368232
-0.0968097042822738 0.0683733725252941 0.0975499303779376 0.0680758171017815
-0.0110674405354661 0.111830988532797 0.127034824591869 -0.0354110285898821
0.0459123720861372 0.0791547658153362 0.0525066869682336 -0.1063992638621
0.0717417362485212 0.0421520815031241 -0.0252302189704801 -0.0768621937329699
0.0789395222989937 -0.00580673155899233 -0.0437176892351145 -0.0258596180937061
0.0686066970831939 -0.0220053632068331 -0.0390153976157707 -0.00029597687988461
0.0766977714252713 -0.0191961716282931 -0.0378366501718679 0.022919568070335
0.0841628202068197 0.0281783902016824 -0.0525251502957874 0.036774638648216
0.0584476515484645 0.068847526829632 -0.078415352159986 0.0269852058267739
0.0188543898825075 0.119849481758171 -0.0940615004644928 -0.020008858849312
-0.084594659201804 0.0984164330414184 -0.0706545388190264 -0.0610561473238298
-0.156193729099535 -0.00474400191947178 -0.00800048562546564 -0.0540390109358574
-0.160834868855468 -0.0995820111750283 -0.0145158212695444 -0.00513423166506073
-0.110259375862893 -0.112834076388628 0.0563781900369469 -0.00905093940575818
-0.146230315200233 -0.0592859272766601 0.00860065205233827 0.0874163302977843
-0.125928591810673 0.0522908910020433 0.0890828291217981 0.09389707904558
-0.0374870799179715 0.128037445784031 0.127932752457418 0.00235456914152523
0.0429817038011691 0.101818698300628 0.0756409759875208 -0.0713473185788778
0.0798996315535987 0.056280478239144 0.0115430704378443 -0.0609431287282202
0.0916094006478121 0.000485533718997393 -0.0072080350392661 -0.024280319524932
0.0802755158399414 -0.0225728417404202 -0.00690057897229484 -0.00518946693976711
0.0845384359661327 -0.0216887356976895 -0.00604499767795645 0.0191987142434683
0.0899305442544992 0.0259269459500479 -0.0201353408324184 0.0426203959401707
0.064746964083902 0.0716024432737715 -0.0532548760267682 0.0469331685778264
0.0204136826400221 0.126869361046822 -0.084534590812351 0.00497577619329603
-0.0861086820956543 0.0976082516676083 -0.0724232212437254 -0.0400985685763297
-0.149691764891188 -0.00969395359507184 0.00211017339176683 -0.0422064426407503
-0.14803477045257 -0.100441402561827 0.0240207382334606 0.0334431559072911
-0.0758374078216317 -0.105977444572772 0.0906281557292523 0.0485140774427376
-0.119033589266284 -0.0794917379771447 0.0274639500190697 0.107773123979847
-0.124635330137946 0.0214040256311346 0.0729283578765493 0.111461225789383
-0.0564430506278771 0.113465436766945 0.113312759214408 0.0371910649765774
0.0289524347285472 0.102857362945647 0.0889906876220467 -0.0287321544817743
0.0723995129709096 0.0602327312794496 0.0474438535214465 -0.0378280686697497
0.0889365763223642 0.00616869860978248 0.030604681380031 -0.0202188564067556
0.0790499123681726 -0.0201641369429056 0.0256806946322479 -0.00959773917126325
0.081443555320514 -0.020635658164712 0.0253358811405156 0.0153501841950402
0.0844560006987169 0.0225120803710663 0.0104628410593217 0.0461093183711832
0.0598641294948292 0.0679751893382184 -0.0282183746262292 0.0610470273224889
0.010908161567756 0.117568282081757 -0.0716263256008222 0.0241347405145145
-0.0844116637507691 0.077587063624443 -0.0685057694873709 -0.0223390115403993
-0.12522182507839 -0.023170533384907 0.00937585413759758 -0.0314998550647807
-0.110802933964357 -0.0930551999614617 0.0541165459570171 0.0657389301283
-0.0298271727395098 -0.0762331065760064 0.112638122951701 0.0983195658783911
-0.0698272123804278 -0.0764989410014625 0.04117478998919 0.119972067950824
-0.0935862496776966 -0.00590476385407065 0.0537905542367628 0.116954401447139
-0.0559997039456776 0.0791575905257174 0.0919528397288866 0.062367999625672
0.0137037144125049 0.0819504449055914 0.092363259211615 0.00946385584309717
0.0529585106063808 0.0499969755285237 0.0756015362463916 -0.0155178346510651
0.0696028725067572 0.00776646884033988 0.0626943022131176 -0.0159744596569004
0.0653312281929995 -0.0149073195676831 0.05421662176899 -0.0128686623208243
0.0676172337821542 -0.0154007488223299 0.0541223943731811 0.0127567897653887
0.0689527955612716 0.0191166718794589 0.0374343954480485 0.0504198216765182
0.0469376950853933 0.0599778693618413 -0.00761504387022055 0.0735620911210962
-0.00397987935241373 0.0967296066633413 -0.0617132699647823 0.0399901488569705
-0.0781531810885699 0.0464038357867212 -0.0643120247742527 -0.00771761558014586
-0.0890315968601205 -0.0383532163467752 0.0117954686127755 -0.0210658032531826
-0.0579803620390775 -0.0771321743055696 0.070251828388247 0.090283404592002
0.0198764212259697 -0.031226002608282 0.121797860251444 0.12786848440839
-0.0117741665385015 -0.0528319515042609 0.0511046508980635 0.118868433023752
-0.0453278801433117 -0.0213253517908922 0.0402573768551867 0.114406685816925
-0.0377466447866348 0.0365210911709795 0.0760156889476218 0.0750159609010783
0.00212251813401466 0.0456990547999135 0.0924115202893795 0.0320957147037073
0.026456362849777 0.0295746852559749 0.0935385712733853 -0.00267580637838384
0.0399553981807264 0.00717836692809044 0.083790943727152 -0.0153860618633193
0.041390764086977 -0.0078914305156274 0.0736620805449912 -0.0152800157278638
0.0452323332836014 -0.00793791566988428 0.07428362431624 0.0120508021230151
0.0467019619934113 0.013910333870394 0.0563250570384052 0.0560929142169977
0.0312280585099967 0.0464514371838386 0.00605607121892571 0.0872713251274211
-0.0163817492080523 0.067330503394867 -0.0587094989999393 0.0549040494395181
-0.0629238416716383 0.0127057124834667 -0.0648982139118833 0.0024077310063352
-0.044503475720669 -0.0459121681381196 0.00811523331089256 -0.0144796369061268
0.000715274413748968 -0.0512138239663264 0.0707028004533291 0.104771672282052
-0.0445541323250803 0.0201897771767848 -0.0904689196279645 -0.103131453594429
0.00331424819448626 0.0393649490442126 -0.0340235922477343 0.0360973904229973
0.0351556990228001 0.00628754097341006 0.0808471060025962 0.00864513077497666
0.0156056253906129 -0.0304734067651706 0.0799865247649982 -0.0737258605662353
-0.0112623844024735 -0.0202830588570791 -0.00735280319730698 -0.119832213816316
-0.0111684005995136 -0.00618854832168372 -0.0774101249736402 -0.0740739226525129
-0.0137896661445956 -0.00474191815489812 -0.0916580322164882 -0.0131948601801011
-0.0127805714311648 -0.00257690788148706 -0.087884178446365 0.0170505316077864
-0.0039876620575273 -0.00866257459649363 -0.0912329530173636 0.0267068155019301
0.00627670545834592 -0.00781074824797663 -0.102827239158653 0.0113382827974642
0.00871300676766466 -0.00783641832379221 -0.102247950343535 -0.0265544403342349
0.0253713009803593 0.00657670235965263 -0.0826541458003414 -0.0747755154073035
0.00297278289540453 0.0374899482605635 -0.0440709024503444 -0.105681132034479
-0.049676797306127 0.0314041286441492 -0.0262027628870337 -0.116150811714879
-0.0659069967328603 -0.0102943483676454 -0.110126893690276 -0.120729607302668
-0.0895820703648909 -0.0155979605456518 -0.0680750088506167 -0.108958046660091
-0.0514207874842615 0.032160502953959 -0.0303401982574277 0.0390580240026491
-0.000669591808022031 0.0391929848169579 0.0910226689258966 0.0165749701427742
0.0195534168985474 0.0161183999675437 0.0936604286269077 -0.0772068629581519
0.0135924105201447 0.00717679292979648 0.000768622273718858 -0.128673193843426
0.0198259467998041 0.00467641315988007 -0.0748712442877973 -0.0787536006072719
0.0193416836658779 -0.0109899590341011 -0.088532168777441 -0.0166083046639522
0.0174164317905047 -0.012247766117239 -0.0825884616954937 0.0138764022211661
0.0294246657897047 -0.0120148180294016 -0.0844680750317388 0.0284123604433801
0.0387372425466988 0.0121645728537673 -0.0972913589160254 0.0194699780195203
0.0235340536801838 0.0288143721183224 -0.104684839902688 -0.0154969582419504
0.0120378823705162 0.0528663863386316 -0.0894806343608018 -0.0654253553135277
-0.0421199905559259 0.0569260347436635 -0.0518159131258743 -0.0945526105761302
-0.102870461252731 0.0087549261627548 -0.0245767757993111 -0.0927136851203002
-0.115848584896747 -0.0540651563736371 -0.0896897316400055 -0.0882110149115607
-0.120378357611423 -0.0545403978045417 -0.0320726192147321 -0.095236140633225
-0.104182756428388 0.0121726390570441 -0.0216260115053398 0.0498893523913256
-0.0465194581781063 0.064196626230759 0.100020031142131 0.0371469427655306
0.0137551871622784 0.0682542683014315 0.112634844472204 -0.0672751667576328
0.0367753601323975 0.0418585230585484 0.0203123100183915 -0.12769834299398
0.0507924436187023 0.0203338169271395 -0.0582425216759126 -0.0811111089693418
0.0523932797964319 -0.0126510296034741 -0.0726356943755996 -0.0204496436037363
0.0451359799157384 -0.0198546977311275 -0.0657125988889774 0.00854843577730096
0.0568504546460139 -0.0172245873748324 -0.065291012000664 0.028739376725432
0.0666147195638958 0.0220976685395459 -0.0792120414557644 0.0313692709214836
0.043636797608865 0.0541897712756141 -0.0974496903719254 0.00757549894214386
0.0158592188552383 0.0929728596167794 -0.0974403967302305 -0.0438522992306834
-0.0690196613180202 0.0833288444204971 -0.0645392027567644 -0.0783227978771262
-0.1408580422106 0.0020958136940691 -0.0195531828264441 -0.0710346641448102
-0.152219294944351 -0.0804420085803428 -0.0561946475814809 -0.0464978745514747
-0.129635267563445 -0.0887029044550314 0.0110021569543881 -0.0619043750231085
-0.14158994599699 -0.0186073724079667 -0.00730826107790383 0.0675977188751683
-0.0922861301994115 0.0727447642675534 0.102258602955446 0.06431102767791
-0.00460235057536526 0.111192325146991 0.127223369986144 -0.0414276790991626
0.0505861852381531 0.0762711098074027 0.0468984992435062 -0.111374155342438
0.0743822565150795 0.0384252761757833 -0.0287974814362359 -0.076773555541378
0.0783729366903 -0.010023275436183 -0.044605351947681 -0.0238064283055449
0.0665603786801404 -0.0250068078769855 -0.0394378049005345 0.00177840028002883
0.0745559574947724 -0.0234289904966799 -0.0373204218479918 0.0257138622200618
0.0857263588796247 0.0236501796010687 -0.0516234341444168 0.0400227624312317
0.0612191069632361 0.0659484298186415 -0.07868891570112 0.0322718670103203
0.0258073330660381 0.118201512495249 -0.0967740257606451 -0.0160745784338054
-0.0793466331227118 0.102354863674749 -0.0733393642834794 -0.0577947107712547
-0.156986698084769 0.00344490219604901 -0.010081913703593 -0.0556037780392728
-0.165094484162097 -0.0920470553705313 -0.014595509013238 -0.00536229375225027
-0.115248932295527 -0.106849032916808 0.0553936804514653 -0.0117874709833257
-0.149562849160389 -0.0517068403523248 0.0120465958917106 0.0882078194875488
-0.122450848976341 0.0577247727610962 0.0937884302015952 0.0911973767099792
-0.0297419556505613 0.12920061876725 0.128920367989237 -0.00381149472789592
0.0486655903608495 0.0995181370762742 0.0728944438097088 -0.0770451005094496
0.0834645841899539 0.0525656865219861 0.00878156860935123 -0.0626055062636875
0.0914029553719978 -0.0043514103710972 -0.00821799869807098 -0.0242704600371229
0.0784198848778981 -0.0265690308050988 -0.00783977149629742 -0.00478580148120167
0.0824215705102627 -0.0263877432149139 -0.00535690250537479 0.0205032618197915
0.0918383506827425 0.0211564702029825 -0.0192438429920284 0.044811179543964
0.0686401287112287 0.0684782255080254 -0.0526912645612539 0.0506346200017219
0.0277228697024164 0.124709994609249 -0.086189928788086 0.00848556507097428
-0.0808396555497507 0.101739762130599 -0.0744382353939646 -0.0372741086182821
-0.150373597829534 -0.00235500006500336 -8.03507231698352E-05 -0.0436795184955925
-0.15206636631096 -0.0934189478331387 0.0263050685194229 0.0311490666332331
-0.0807145706929259 -0.10215759823871 0.092522420553403 0.0444022881368015
-0.123277173352254 -0.0741984205631935 0.030924470984185 0.107074704808559
-0.123219947961653 0.0272123559641316 0.0782084003375361 0.109269647165495
-0.0497768106176205 0.115756196959028 0.115997738116557 0.0326975495493587
0.0346962225531593 0.101498012365902 0.0883032813716662 -0.0344661219128832
0.0767542636494996 0.0566896373856129 0.0461843639014564 -0.0415214475118959
0.0889684541255121 0.00124810467230029 0.0301185407412781 -0.0224393702693276
0.0774303253775382 -0.0241018303863523 0.02511662181935 -0.0113474393912041
0.0795846943219191 -0.025189562097861 0.0263391735093464 0.0148440935733207
0.0858605484188353 0.0178829477828087 0.0118558981374314 0.0463444554683676
0.0633926193247181 0.0649364139257774 -0.0264402636467023 0.0639171385212133
0.0175401471675889 0.116411471232291 -0.0720192567270032 0.0274565581318618
-0.0806359470022592 0.0819102508675014 -0.0696613654810343 -0.018821258283216
-0.126466649256212 -0.0173077926135661 0.00768034765835485 -0.0333683761398467
-0.114030260684956 -0.0874871742717486 0.0577955636278255 0.0618197785352669
-0.0332219062922669 -0.0739165801822606 0.116414268826245 0.0928729971606747
-0.0732855301261907 -0.0736472372250371 0.0456985632981146 0.118309834274891
-0.0938487163573492 -0.00200221019064312 0.0592183964601848 0.116076158610346
-0.0517688903174461 0.0814536545002204 0.0956283379796799 0.059108055522993
0.0188497103354008 0.0816022454968389 0.0934824891779542 0.00357164975293984
0.0564710269968004 0.0477973906093014 0.0754679716144766 -0.0202728590474099
0.0707067527627548 0.00382063976306283 0.0627009395874444 -0.0203963121874194
0.0636396527340045 -0.018090194667679 0.0533894622639167 -0.016539864763923
0.0664791467079758 -0.0193767036915085 0.0541032326396621 0.0102477671510519
0.070179130779424 0.0150570140611186 0.0392546804354315 0.0492364207194835
0.0505794323392875 0.0572924227219501 -0.00511163435157241 0.0753574917711445
0.00192614135380941 0.0967585024835377 -0.0615475247878257 0.0429856738847114
-0.0761036971321795 0.0502488617032874 -0.0655190712779241 -0.00417010654507323
-0.0909803174151893 -0.0343168674413192 0.0104955465470514 -0.0226102273625516
-0.0608541726010086 -0.0744334392968742 0.0751219543980806 0.0853414870951393
0.0191158715799192 -0.0319747987375816 0.127429189293945 0.121640002099487
-0.0144817101344857 -0.0531063080505065 0.0547542993490254 0.117043705128171
-0.0464737879878839 -0.0195154085890872 0.0450034412263927 0.114124985880803
-0.0353191405696298 0.0385504074297854 0.0800722037067191 0.0728627972912365
0.00527859266316826 0.0460162256169136 0.0952149456916544 0.0269852735984728
0.0285043455546377 0.0282842629383099 0.0944297066373625 -0.00832063048650986
0.0402475817583165 0.00490098789665436 0.0838635299878766 -0.0201568111028779
0.0402232239964384 -0.0103039930822629 0.072612487387464 -0.019375995593844
0.0439836431157141 -0.0107509214485561 0.0746561421407973 0.00832313944715938
0.0474415217219437 0.0116446721709003 0.05871010530489 0.0536592971509736
0.0337863463842895 0.0445340145105265 0.00940134755927641 0.0878224695934881
-0.012480508071762 0.0684111335882163 -0.0577961469445849 0.0577190338302205
-0.0624459027243114 0.0159459349226211 -0.0659364311514712 0.00551571924831165
-0.0465459534372534 -0.0443516528051473 0.00727607891326882 -0.0160646333079387
-0.000803617670110139 -0.0512713385835747 0.075834037753457 0.100061510437598
-0.0423457341483909 0.0208450849941915 -0.0916726036881394 -0.0980552058150875
0.00469172851817165 0.039268512044394 -0.0321699893811487 0.0374097349140218
0.0351637413082547 0.00524706692789859 0.0805118506427727 0.00692992568351803
0.0139096691032623 -0.0313081741421185 0.0784034544264641 -0.0750448356635838
-0.0119703011632314 -0.0201701315243395 -0.0106433367458317 -0.118594088090925
-0.0111090380732323 -0.00605838239693275 -0.079002639310715 -0.0715551084348894
-0.0138568135077472 -0.00423340781239767 -0.0898599063348479 -0.010519536053852
-0.0124071219565435 -0.00164320501496793 -0.0855567721678343 0.0197337356281269
-0.00392295125877138 -0.00824426525927425 -0.0895542555772259 0.0298084879834933
0.00603977004813131 -0.00807307476540427 -0.101128455327586 0.0151106903463282
0.00760205906797943 -0.00761029359339266 -0.102021221457542 -0.0229463835456819
0.0248736319038557 0.00535198566268176 -0.0839738480271227 -0.0717906293162176
0.00464914629160276 0.0366860336579537 -0.0452272778099305 -0.103732727158873
-0.0478275238705882 0.0330740981406324 -0.0279836831850485 -0.115151614634176
-0.064741905923664 -0.00808450379994393 -0.111453939198802 -0.114534803304694
-0.0880900909222766 -0.0126060818049082 -0.0699389991987277 -0.103884827420772
-0.0490315240032057 0.0337157272521802 -0.0284195378340679 0.0405267973777377
0.00123903546838866 0.0384418635241881 0.0912095687433179 0.0145589040604745
0.019514029581085 0.0144260883282792 0.0913947030461797 -0.0790442656524752
0.0134251411473502 0.00612401493076573 -0.00301708793506815 -0.127411873471413
0.0199946188991541 0.00360071416576227 -0.0761540892594713 -0.0759549611281766
0.0184966201979353 -0.0111766280797337 -0.0874939310765814 -0.0136542496258457
0.0166905645908898 -0.0120447254797792 -0.0809732864081734 0.0166518474973158
0.0281181750461216 -0.0127970530875284 -0.08215879966915 0.031201940207337
0.0387489036079939 0.0104967168231529 -0.0959985943792859 0.0229359133606943
0.0233524562301991 0.0279438315251853 -0.104018853632029 -0.0119365361989297
0.0137038715663252 0.0510668017354595 -0.0905603024799184 -0.0627265802891688
-0.0392289482908769 0.0566115563124805 -0.0525528458342403 -0.0924465383976668
-0.100628084307334 0.0120754701195765 -0.0258716934821152 -0.0918170026173836
-0.115041330046591 -0.0502483651920463 -0.0901510709926596 -0.0838613957991893
-0.118926591165948 -0.0497997685823349 -0.0342384932622889 -0.0920312690530632
-0.102099078797902 0.0156334487888015 -0.0198656115180444 0.0512990467101938
-0.0426868149598892 0.0645406331336645 0.100326996366277 0.0342676022343293
0.0160364795444672 0.0652775020870869 0.10997825750869 -0.0695557253264417
0.0373056872508691 0.0390502222544341 0.0155120482138139 -0.127448293676826
0.0508369131146557 0.01820188361657 -0.0601385425593267 -0.078836001308049
0.0502503102751984 -0.0141687252058858 -0.0716324246881109 -0.0181481434128139
0.0433429019774203 -0.0206336898957856 -0.0646939565411837 0.0105932477005324
0.0545413881340998 -0.0188745575293226 -0.0633531649250927 0.0305565381779834
0.0664530462674004 0.0194793417849594 -0.0777892365904098 0.0339186616190775
0.0440246679538096 0.0520073019323398 -0.0964955569600771 0.0109982858168155
0.0183112458767691 0.0900148554494399 -0.0982160066377933 -0.0408416455715724
-0.0648393874702576 0.0834954895214154 -0.0654135130225135 -0.0761734782170594
-0.138219171253919 0.00663142629512696 -0.0204015805306744 -0.0710769328344544
-0.1501749344295 -0.0747483220383704 -0.0563323784410328 -0.0444194536598545
-0.129257584234396 -0.0826869879041234 0.00899888526552329 -0.0609457560438551
-0.139548034941931 -0.0136960892074132 -0.00586454251008176 0.0683083275606426
-0.087106842016279 0.0741897319860289 0.102526363996803 0.0615203957258748
-0.000168049728045713 0.107743007881915 0.124519143191327 -0.0443359191983851
0.0521460066446191 0.0725639685539963 0.0422030106679946 -0.111692289725311
0.0749413831825095 0.0349791636709805 -0.0307379852659542 -0.0752379719904092
0.0760772559500943 -0.0125301520768469 -0.0441968853515553 -0.022076151631308
0.064072538384755 -0.0264571257969992 -0.0387183998072058 0.00320679150584595
0.0719551468553887 -0.0253455590430638 -0.0362329518769108 0.0269012604147199
0.0853895937144201 0.0202027844344595 -0.0504381929943102 0.0419884047625932
0.0624676341643667 0.0626276804053115 -0.0777657744219649 0.0351849586897073
0.029632506308223 0.114147071230273 -0.0970965366360313 -0.0137129766971662
-0.074704757945686 0.102771184694258 -0.0736499619443218 -0.0552050448386762
-0.153963343903025 0.00801727206326202 -0.0111011415749806 -0.0560115154151468
-0.163629342686363 -0.0859023115393419 -0.0142187884253055 -0.00559836048880337
-0.115626432829161 -0.100782263684083 0.0534369768421667 -0.0134262391317115
-0.148440598818182 -0.0466369017204726 0.0128780636960628 0.0870188210144644
-0.11760105056909 0.0598717934334531 0.0949303868789318 0.0882198024437812
-0.0246921359328347 0.126171126764932 0.127254716287827 -0.00704662202169979
0.0516249466453007 0.0956457169527798 0.0686853586152408 -0.079412162276571
0.0846492875422055 0.0489726083358212 0.00687503288831816 -0.0628847342609026
0.0897564118723887 -0.00759739564242401 -0.00828493731265844 -0.0239682806280186
0.0754373853350075 -0.0281164620300338 -0.00767914145895522 -0.00489248894912214
0.0791925688576013 -0.0288595788978397 -0.00524044550459222 0.0209196206626566
0.0909996475210342 0.0173941654068254 -0.0184771543280551 0.0451964702839588
0.0692255028551717 0.0646856353881426 -0.0513405620918743 0.0529787783484366
0.0320952585752441 0.120445040185705 -0.0860358755450169 0.0104755482050229
-0.0761144509228542 0.102365847417581 -0.0744280421352472 -0.0344796210192534
-0.147464670567982 0.00191733089798828 -0.00150405500928613 -0.0445606730913447
-0.150094712714109 -0.0871818809295991 0.0269659782243631 0.0283912083522551
-0.0815778553474328 -0.0973003448904076 0.0916216007286976 0.0406236210684043
-0.123007875129139 -0.0692507986656696 0.0317143548591586 0.104142167301302
-0.11943022042008 0.0297195916280636 0.079816902030672 0.106748169432176
-0.0446557792648738 0.114139954611633 0.115690295288674 0.0295021314694135
0.0383744977031082 0.0982006885070895 0.0856637701696399 -0.0378229081093076
0.0775138265345959 0.0534225071404586 0.0443775095290041 -0.0428557050800197
0.0873442761635901 -0.00220434600242894 0.0291834598251838 -0.0234306883875737
0.0743571261756886 -0.026147039659211 0.023880958664993 -0.012459746947167
0.0762792397953838 -0.0275477711980698 0.0257307038203218 0.0144522985113291
0.0850207623170613 0.0143336282149839 0.0125229971958676 0.0459758048094686
0.0642084374389694 0.0617870297049735 -0.0250635057526965 0.0649117963634259
0.0222390827639907 0.113057585810285 -0.071953447504439 0.0288853273813579
-0.0765608385787421 0.0824826809568087 -0.0696365332256274 -0.0163758072844598
-0.124750601487222 -0.0130342540918268 0.00656318885913851 -0.0343373863261848
-0.113453666594644 -0.0828393021381084 0.0590325994356436 0.0571845362248576
-0.0340032151295337 -0.0715025357016964 0.116570601022982 0.0874707427683004
-0.0740029839562988 -0.0705716262599714 0.0462813652048342 0.115391645677114
-0.0922425812112942 -0.000269197907560205 0.0606836407194524 0.114057631705755
-0.0477686964894186 0.0805143474251179 0.0958765525068475 0.0561478832145762
0.0215734675142715 0.0795319598165624 0.0922591328450073 0.000337524339307716
0.0574380130723608 0.0449597814787953 0.0743450512780186 -0.0226578275449539
0.0694005922165663 0.00147037837749074 0.0612217227501757 -0.0229211554276043
0.0613952477968393 -0.0197075543696505 0.0516079751102067 -0.0184018695649852
0.0636301754451694 -0.021374101026485 0.0531204879058915 0.00819032895775225
0.0694425457007336 0.0122904068255287 0.0391706787089977 0.0474278208419906
0.05135602159852 0.054741598589666 -0.00397455747246161 0.0753343930688981
0.00584435598605024 0.0949477869519996 -0.0608709833151839 0.0440446195354862
-0.0733162778572321 0.0518292282165748 -0.0649413741196274 -0.00265466813370182
-0.0901749938943722 -0.031304176062729 0.00962452781686095 -0.0241700508682783
-0.0611053891681801 -0.0714090617989505 0.0761163805348852 0.0800760634662726
0.0185812543437597 -0.0322653657235533 0.128024098717234 0.115289993318123
-0.0153354053679203 -0.0518549020510411 0.0550370911215937 0.113271393040061
-0.0463356447637479 -0.0186082383829048 0.046356203626372 0.112507235235764
-0.0331799833785517 0.0384587209562143 0.0808774137909438 0.0702716125949876
0.00729760363763054 0.0456080711630657 0.0950228182077398 0.023380268681698
0.0292997481770985 0.0269265081683479 0.0930000748839823 -0.0115391423195567
0.0398245005495849 0.00305046783977748 0.0818744854448311 -0.0238908350839649
0.0390308755411006 -0.0113173860598967 0.0705687445587771 -0.0222050933380392
0.0422105877366741 -0.0123754646321756 0.0730291881381763 0.00549384197124442
0.0467427128267617 0.00925277272803329 0.0589604598071048 0.0513048695081732
0.0348366815466711 0.0423007486511817 0.0109951964602333 0.0872329677385804
-0.00952926935585513 0.0676192163744636 -0.0564606901859495 0.0588299895564197
-0.0613851330187469 0.0179242264689293 -0.0651297173578115 0.00734568994630341
-0.0469142527920818 -0.0424649903718919 0.00637769350807775 -0.0169103816355463
-0.00161711972659089 -0.0505469134447896 0.0780165066621486 0.0943961699793179
-0.0447244258238135 0.0188091458708449 -0.0842886934996842 -0.0990612801211698
0.0028929750158577 0.0394968303522825 -0.0321190451920385 0.0365578194152271
0.0349752556332344 0.00640070556127689 0.0795442918517409 0.010184305394617
0.0138201426955997 -0.031068991766928 0.0811842266985418 -0.0715774537775604
-0.0122060382843112 -0.0200317414118299 -0.00597766579848061 -0.11706641171529
-0.0111819176672969 -0.00653962259303149 -0.0739787094741903 -0.0732338639076948
-0.0146859764420915 -0.00459468526074784 -0.0878451744629539 -0.0141315378700252
-0.0128265138119288 -0.00193786681284661 -0.0846416911980808 0.0175867872993194
-0.00466044260623213 -0.00807508773960873 -0.0891480111463776 0.0269925214617948
0.00564454705381993 -0.00762275513905245 -0.100477787090547 0.0124983228606126
0.00688181413687132 -0.00686963597971503 -0.0996554245601506 -0.0267720893087361
0.0224981941069618 0.00501529787222326 -0.0783292029239787 -0.0739039528321919
0.00271834547465382 0.0346202573605337 -0.0383756148256008 -0.103899245358532
-0.0482730950274618 0.0296885594058668 -0.0210015459730789 -0.117131151205031
-0.0652513858897872 -0.0108778980456635 -0.101030517127782 -0.120198062198934
-0.0878738113496057 -0.0177436483701988 -0.0649326959322594 -0.102798483711211
-0.049908161278864 0.0305204383321001 -0.0287123624754277 0.0413137605582299
-0.000752650114011696 0.0370500780145825 0.0907640012822817 0.0202585391766554
0.0172188373263353 0.0136912960109656 0.0955744653487942 -0.0734628922387114
0.0113214205081824 0.00668751190590437 0.00255510035548752 -0.125612625009085
0.0190387628961668 0.00481349297374407 -0.0703454205976286 -0.0782596031238412
0.0173560040272817 -0.0101144280256592 -0.0846369088866037 -0.0173022751782425
0.016708919816976 -0.0104076727140678 -0.0796835081776141 0.0138824699513214
0.0277137822238241 -0.011645387655526 -0.0819076374242301 0.0294138268664836
0.0377574587881796 0.0119267714109122 -0.095145162504494 0.0212166024093621
0.0208479177387908 0.0296426633270575 -0.103147675905597 -0.0141286223360675
0.00933868463206336 0.0492216591801504 -0.0877195067405612 -0.0638550982880215
-0.0420139139820035 0.0523095941856526 -0.0478859449490026 -0.0942965986168281
-0.0998139356417322 0.00676946455196048 -0.0201454674936573 -0.0960075953366037
-0.113365408082367 -0.0533352632952484 -0.0819439705527498 -0.0907842419397749
-0.116170840350759 -0.056853900055087 -0.0324801590287839 -0.0884682102176839
-0.100616022401119 0.0089940582030511 -0.0224595664072688 0.0539122598695727
-0.0454735087849672 0.0598127188582899 0.0989445162910988 0.0418389574606136
0.0110424184029762 0.0624882781316102 0.11475072933247 -0.0618762327279956
0.0331355243969497 0.0403481741386683 0.0225590710339847 -0.124992363020113
0.0492283341231399 0.0207735474444616 -0.0536424813128182 -0.0809901658005891
0.049541003242453 -0.0116516605096545 -0.0686630851103836 -0.0220964990985716
0.0438995992563086 -0.017711350088165 -0.063155360206835 0.00820599659515415
0.0538407140398396 -0.0160009636674033 -0.0629185081675026 0.0298842434822225
0.0655770078378934 0.0216061573143586 -0.0776994098247536 0.0333157025777163
0.0416373923519032 0.0544405720813103 -0.0976378722359574 0.0100951667305144
0.0125982065862529 0.0878239325258173 -0.0973256801614682 -0.0415181459014424
-0.0686448851257725 0.0782818565774915 -0.0621263820651188 -0.0789026864677656
-0.136761628500565 0.000301982471837299 -0.0158899492933474 -0.076141180326356
-0.146978184306502 -0.0783931899415316 -0.0505226214401101 -0.0520084886371499
-0.123703860224123 -0.0912844002317002 0.00683370858631665 -0.0554750882031617
-0.136550861581866 -0.0229261003973438 -0.0101563194400115 0.0720722417719508
-0.0902888965950499 0.0655989142442092 0.100193768469654 0.0711352647581928
-0.0065383888827339 0.10280654411439 0.129473095980062 -0.0345424828261902
0.0459511616409985 0.0736646574447396 0.049242702537793 -0.108750770781198
0.0722654694337512 0.0382978668470486 -0.0245532271164615 -0.0763966977055646
0.0751785822017733 -0.00860098425280252 -0.0410089230850662 -0.0254802593183315
0.0651744265605953 -0.0224538578649442 -0.0377204463190477 0.000822250808345315
0.0714813722763787 -0.0221498694017174 -0.0362164809432536 0.027000044933876
0.084334064811818 0.0232360780974477 -0.0510926593934804 0.0422282111082824
0.0590905145461755 0.0660123028250982 -0.0799193071059929 0.0353295928207762
0.0230294977624465 0.112445033069544 -0.0984519019563768 -0.0133482590102697
-0.0793403564032706 0.0970612626967617 -0.072661711958795 -0.0587812118512051
-0.152291572774222 0.000636718999092816 -0.0086582817678717 -0.0614795445619661
-0.158534273111631 -0.089347372870074 -0.0116922358244929 -0.0124790220796434
-0.108590460151584 -0.108667108701501 0.0471849490876437 -0.00681724280855562
-0.142930644156127 -0.0562322792705664 0.00544791143324891 0.0918284339785353
-0.119451544149475 0.050095395992275 0.0896682759543665 0.0980236966777014
-0.0308791732018621 0.119704171053945 0.129759585269218 0.00406450455298872
0.04427392797495 0.0957474655798647 0.0744887313204118 -0.074877625860099
0.0812934719106183 0.0519784458552332 0.0117317630387962 -0.0622360818767267
0.0887856279917807 -0.00326884961860762 -0.00560740900808004 -0.0261614248763793
0.0760660128318397 -0.0240789317054185 -0.00694957797359193 -0.00561658111471897
0.079142442130308 -0.0251931574474316 -0.00532219678960065 0.0218285281905425
0.0911202609334296 0.0204333473534456 -0.0199266884650872 0.0466753237264782
0.0666782814627259 0.0680102222802554 -0.0547412923348359 0.0544960162763515
0.0257192153113553 0.119538388046322 -0.0898211938862389 0.0111266438933691
-0.0809653676041749 0.0968921201939531 -0.0747873482315933 -0.0379801887670451
-0.14590312321866 -0.00435840701275646 0.000296269830336646 -0.0494779530288204
-0.144756035108117 -0.0899663810874878 0.0265193261079982 0.0230254440849427
-0.0739285798653484 -0.103655276403576 0.0821013037134849 0.0467276072636152
-0.116169437745009 -0.0777104844076329 0.0218207938368406 0.108769597171727
-0.119144900882731 0.0194080030290608 0.0717136098088079 0.114988232782451
-0.0495122565790116 0.10633873578769 0.115052010035674 0.0401741987362169
0.0316362203552212 0.0972444777808141 0.0899312869093594 -0.0329251908914779
0.0744238492059243 0.0559995397757208 0.0476244250820886 -0.0419092938051889
0.0867588039477413 0.00203902622814635 0.0310474548226682 -0.0248995270676599
0.0753426749094824 -0.0222108850577476 0.0242213899987952 -0.0120404458725772
0.0762705226375591 -0.02451271441739 0.0254103094086015 0.0160634395183097
0.0850937605509417 0.0172516396868991 0.0107871778142805 0.0479661765076295
0.0619683263139862 0.0649614662511402 -0.0294236171705856 0.0668510127540994
0.0169197815924166 0.112230488768887 -0.076539529447002 0.0300647089713398
-0.0805648774069708 0.0783782154811926 -0.070739017450479 -0.0207915441149457
-0.122437282856061 -0.0186820100249996 0.00785432619357507 -0.0383747502166476
-0.108586612136751 -0.0847066349712038 0.0557231186006013 0.0543361304161346
-0.0279311548613947 -0.0755861589801448 0.105450604710966 0.0931075351995428
-0.0675854338095973 -0.0761847837061267 0.0351659566636857 0.117754605265252
-0.0902294756957993 -0.00800238070287818 0.0510341246687765 0.119696868588934
-0.0508719823600841 0.0739251545761084 0.0927873222016799 0.0642656099339835
0.0167839435074969 0.0781352242960288 0.0943172454259634 0.00506555326074257
0.0546756709293955 0.0465813140230358 0.0754011854565123 -0.020403076688534
0.0689456370710499 0.0047377529689703 0.0627849877699423 -0.022493339828233
0.0622148968067955 -0.0168043659444662 0.0513692706486366 -0.0172666500909055
0.0641470463031348 -0.0191373882986592 0.0521235120538009 0.0109967979821349
0.0693763223273083 0.0141456012887679 0.0370697575681223 0.0500203865705985
0.0494621001589132 0.0571083876727604 -0.00862723056528257 0.0774352876094961
0.00149481966537118 0.0940569078577675 -0.0663875936888546 0.0446634152102476
-0.0761328921462625 0.0480270755376052 -0.0666013840590585 -0.00693608899487387
-0.0881297214885748 -0.0353641683398237 0.0113642059815427 -0.0269677151655458
-0.0564803936423592 -0.0722544464677774 0.071466782264499 0.07891361626603
0.0220911668842438 -0.0326913841250662 0.117325738964902 0.119548467573311
-0.0104496447644017 -0.0538779904317912 0.044740828418341 0.114879059233083
-0.0438028158003559 -0.0228984467184168 0.0371967154638259 0.115526151198136
-0.0342300526074975 0.0336730274383654 0.0764480162196929 0.0757394768797984
0.00479411773954815 0.0440676684174436 0.094965387736322 0.027682738916718
0.0279405453557318 0.0271415583978355 0.0930311806119938 -0.00835465391941414
0.0399115791007067 0.00532900409138926 0.0825225802280968 -0.0225562072392224
0.0393183547351832 -0.00938272113024635 0.0698211906470034 -0.020783038627542
0.0426983173852359 -0.0107483072981198 0.0715113213750775 0.00831949990055856
0.0469741566278343 0.010510613687262 0.0561522585432096 0.0535731271395384
0.0335520387764501 0.0439999718345329 0.00612619700738662 0.0885238323081991
-0.0122578690467 0.0673264209147842 -0.0620099419142615 0.0579469310955437
-0.0629124722545061 0.0148717582105318 -0.0663765930299859 0.00217001178544916
-0.0446522404370423 -0.0448055492217816 0.00807774606345249 -0.0189391520784324
0.00147869096788916 -0.0493560066320259 0.0718327926314457 0.0948390633860848
-0.0454418840040588 0.017987390834937 -0.0834427102702758 -0.10068427879084
0.0026376430811003 0.0406893426375689 -0.0327738852474028 0.0379838702728769
0.0358520325309069 0.00676648551221104 0.0813865895370494 0.0120128807277134
0.0139221191018203 -0.0315233808869291 0.0847008148412484 -0.0714692831373598
-0.0127274985940273 -0.0210687537399357 -0.00383570321540278 -0.119253876508631
-0.0116150291907634 -0.00714325043673207 -0.0740626300817626 -0.0757592123980701
-0.014479916270678 -0.00484690301518305 -0.0883354995074556 -0.0154039134538972
-0.0127199114427247 -0.00183827912822905 -0.0854387598754679 0.016924655106907
-0.00462974271085376 -0.00805431996462385 -0.0905046327910016 0.026529059914857
0.00551353258916345 -0.007959826215822 -0.102112152812578 0.0116728292641691
0.00689135436876045 -0.00653226619798649 -0.100828859797314 -0.0284403065090441
0.0226784107670407 0.00447134407616135 -0.0782417150651244 -0.0761330513469807
0.00226242242870501 0.0347807637217975 -0.0355114835065039 -0.10721826395602
-0.0489159459681503 0.0299837745640748 -0.0180114704390455 -0.119897176667653
-0.0661577051522504 -0.0124138088360926 -0.0996408263427026 -0.122167583222643
-0.0878962057230582 -0.0189460459140873 -0.0640616969144504 -0.104012481659686
-0.0503737042795336 0.0303347444384012 -0.0298594330583644 0.0429967757323685
-0.000119671531442906 0.0373227173382237 0.0921483378171879 0.0225642933677903
0.0169772000911839 0.0133806705324641 0.0998950444311072 -0.0730804757895704
0.0108291345122448 0.00612280662489564 0.00421237733454055 -0.127750748342235
0.0192732841803864 0.00438297794863072 -0.0701474804196484 -0.0805573494340976
0.0172357189094284 -0.0102638065227586 -0.0850899757845915 -0.0187732330859545
0.0168557265988399 -0.00997089297382508 -0.0806997976730451 0.0139231584511828
0.0273434927189204 -0.0112356028685637 -0.0836939076261893 0.0296966890759782
0.0381037614726886 0.0124358180324902 -0.0974871055687939 0.0208950578266995
0.0203686708503585 0.0302106071608785 -0.104852894085485 -0.0155751078376205
0.00865430191668602 0.049109882724229 -0.0881697777638897 -0.0666586161221959
-0.0428017170264365 0.0516847254191749 -0.0456651056646279 -0.0973916314641052
-0.100547050891827 0.00549179472380123 -0.0175821867894104 -0.0984668029586477
-0.112976972668718 -0.0561281836310421 -0.0807088199014804 -0.0925251815409548
-0.115401908372105 -0.0586184550673865 -0.0318837694135356 -0.0895183738443539
-0.101823041680292 0.00799440134288776 -0.0234010405720139 0.0558587479220923
-0.0453824130094716 0.0594944372811448 0.100390570229838 0.0451057593540341
0.0110666942881122 0.0623342942719825 0.118534157148619 -0.0603554343581912
0.0327197923977732 0.0403157029023407 0.0238537782587143 -0.126378558430659
0.0495828985120991 0.0205921680993501 -0.0530600073364769 -0.0828462351444811
0.0494040074139209 -0.0108208052160154 -0.0689256670406194 -0.0234573091475537
0.0437799689305948 -0.0172033679680196 -0.0643459740573106 0.00770597909588071
0.0541510222010456 -0.0158432790751786 -0.0639501587367259 0.0300904458956035
0.0664876094541911 0.0224231410107851 -0.0796721263099717 0.033419599566303
0.0405618703189083 0.0556835942900513 -0.099786890062593 0.00949594834879083
0.0115240387239045 0.0879617851394725 -0.0989817194349116 -0.0440436108556935
-0.0700005629996785 0.0770626845868223 -0.0609919596231546 -0.0819562440713544
-0.137775493700704 -0.00151141035366666 -0.0141480487573512 -0.078809798250769
-0.146507001320697 -0.0819124438647292 -0.0493044196039058 -0.0538713185799168
-0.122289577211584 -0.0930402186606833 0.00684459198138459 -0.0555096290803423
-0.137270531716241 -0.0246999746631216 -0.0127709381880519 0.0738584950237103
-0.0906623566745287 0.0645215586673241 0.100314482060671 0.0743719909890723
-0.00763220870967186 0.102986005701539 0.13249312020411 -0.0319558756682807
0.0457096902299538 0.0737610524556672 0.0511475547143112 -0.109928482334836
0.0732153307326513 0.0387755868951081 -0.023793022735042 -0.0781517202727961
0.075476450557539 -0.00795137281441375 -0.0409465721778066 -0.0267251812164581
0.065161208112104 -0.0215225552807195 -0.0389698064111356 0.000966378761822927
0.0713689793905734 -0.0215432074663638 -0.0369981523002309 0.0277679864016393
0.0854954385870446 0.0239631865019619 -0.0528570051044833 0.0430818054000248
0.0585038547043711 0.0674041834207899 -0.0827485630714078 0.0357019081469927
0.0223083625764884 0.1128679954905 -0.10075349344906 -0.0156993382942108
-0.0804591896489263 0.0964277015117603 -0.0722665724841319 -0.0614195839004951
-0.153793010351653 -0.00158921683775025 -0.00744009828943963 -0.0638031468188686
-0.157854133712197 -0.093167232740911 -0.0114623514364111 -0.0138516607694818
-0.106764009255288 -0.110845359694325 0.0469751097694872 -0.00572210968119123
-0.143573549878023 -0.0590708889496368 0.00238048004178055 0.0939871494055882
-0.120342051099956 0.0479661324833424 0.0889195021646332 0.101718782805176
-0.0323042863058516 0.119016796576158 0.131818225835368 0.00667863078365963
0.0437229649748829 0.0961055144927617 0.0758863396647197 -0.0753135098834977
0.0820656716015464 0.0529581868361334 0.0125939822219087 -0.0638826586378523
0.0893782735441703 -0.00238520615152636 -0.00519262211240896 -0.0278195960676521
0.0766764781431918 -0.0231350259436139 -0.00760540899553031 -0.00625660514751956
0.079197324158215 -0.0245828676847067 -0.00612044497543297 0.0224336304969248
0.0915678517587188 0.0212791819515352 -0.0214450153547098 0.0479853864825939
0.0662172668803866 0.0696901400929525 -0.0573780342794615 0.0552775370494716
0.0249181173262096 0.119767330952661 -0.0921504399674016 0.0100424606174387
-0.0825455755795409 0.0963599550612231 -0.075074831601821 -0.0400925245038025
-0.147294034706486 -0.00699134283230924 0.00139777222001306 -0.0516937850998207
-0.143941241750012 -0.0932646777505361 0.0265052636983745 0.022733555467299
-0.0719177153753625 -0.105056238982015 0.0812473472902368 0.0483014671363675
-0.116101959382211 -0.0804331764237347 0.0183759414140108 0.110589397160812
-0.11973459562619 0.0171359363299334 0.0698592113801389 0.118995425489621
-0.051278562137791 0.105756973808186 0.116519327051557 0.0429121593061755
0.0309688958408266 0.0983247574888827 0.090935728594762 -0.0326388190841685
0.0748853600715831 0.0567785211643272 0.0491123021930403 -0.042089916330795
0.0872754025640048 0.00271789823518451 0.0322468220920182 -0.0256015210412614
0.0754615970643033 -0.0215549181674989 0.0237385495730139 -0.0127400413483403
0.0763034456914214 -0.0235684044227859 0.0249987594446139 0.0168191382753396
0.0856973797829837 0.0180288718927993 0.00925573721564646 0.049564424233695
0.0616850677540314 0.0661974140204134 -0.0315159106301806 0.068589327052863
0.0163210859181965 0.112454028038624 -0.0796124579918418 0.0294953466263651
-0.0819162335004632 0.0776307052733953 -0.0718158811194268 -0.0220626307162322
-0.123581364342349 -0.0212303815129652 0.0085573957923715 -0.0397724818006707
-0.106978926501904 -0.0867697536500649 0.0557715095065799 0.0539864712716927
-0.0258681435632172 -0.0759247203392684 0.104214810530238 0.0951952845803405
-0.0667564730103293 -0.0780687516390551 0.0312656880681647 0.119899991531459
-0.0903994394163403 -0.0101220314691753 0.0489821971630499 0.123638156588487
-0.0520612864835182 0.0731647708699323 0.0936796049787555 0.067216797261077
0.0162145797396937 0.0786739837772954 0.0953576738524312 0.0056601549804852
0.0553630766734627 0.0471207819626652 0.0775016249898496 -0.0206195254665949
0.0697006725347117 0.00537448506771688 0.0638228081027244 -0.0231814799438134
0.062677217062991 -0.0162876071643327 0.0511188967101728 -0.0174885422707069
0.0640193446719649 -0.0186219230507631 0.0516142588360468 0.0117084218217464
0.0699368989535106 0.0149730084180494 0.0360819228623889 0.0516283831788272
0.0492720267080316 0.0581914125243634 -0.0105542815233738 0.079503056160525
0.00126082013146887 0.0948183125443012 -0.069586418033954 0.0442164722191647
-0.0777562047101889 0.047471357820481 -0.0675718735956009 -0.0085590414871782
-0.0882655628944692 -0.0371185121324811 0.0115825424969253 -0.0280577740223001
-0.0548714239854088 -0.073476755511821 0.07175697532461 0.0787698761039898
0.0234104969560263 -0.0324053784179432 0.115461313472118 0.121670868333302
-0.00953472792538771 -0.055250032232125 0.0409214905163324 0.116723066276005
-0.0441744997581713 -0.0242702679603651 0.0345147239858833 0.119028616253275
-0.0349328314091719 0.0333688689682898 0.0762654247020028 0.0783591559199336
0.00517417162528337 0.0448937026283874 0.0963411235211632 0.0289614489586326
0.0280708325829432 0.0276436960009998 0.0948830775400908 -0.00822831189903476
0.0402431971969136 0.00529974479434893 0.0839033181394057 -0.0229943008565984
0.0392108999219255 -0.00929935220262794 0.0696658872908783 -0.0208392975904816
0.042683521703607 -0.0105211408104731 0.0715521087512844 0.00881943876956479
0.0470522454031734 0.0110984630581052 0.0553286495617856 0.0551891337750526
0.0334986397719746 0.0445211977031447 0.00356051862284877 0.0906680977260136
-0.0126037092418717 0.0676185388689023 -0.0652132052042416 0.0579030685385729
-0.064369294989268 0.0142314742669395 -0.0673859428535258 0.00113763278682078
-0.0446583943131541 -0.0463140005230173 0.00834363997646764 -0.0198229911294752
0.00307959204183675 -0.0499673015385539 0.0712952781428416 0.0953782680806359
-0.0474249684949355 0.0178668920007491 -0.0856557888615809 -0.104542027611406
0.00247217142848256 0.0426097323970088 -0.0338994683462731 0.0402963778872362
0.0380262967191379 0.00735499789206338 0.0857675427036916 0.0141517292705579
0.0146599730472232 -0.033173350967838 0.0909549230858077 -0.074806934885362
-0.0139275136022742 -0.0219803653273447 -0.00301679628603212 -0.124696989468521
-0.012680172056164 -0.00763060120158695 -0.0771097133681081 -0.0799186545006464
-0.0158019681490221 -0.0046640346769998 -0.0914519364066204 -0.0167170997561039
-0.0131636223946029 -0.00134818729764111 -0.0886300676950077 0.0182537806889269
-0.00533201859132427 -0.00826755522284745 -0.0939629048285769 0.0282847305546022
0.00592419199674074 -0.00861042013866124 -0.106600591107487 0.0121714143621474
0.00672620903277911 -0.00638765163145739 -0.105257893193318 -0.0305553934176049
0.0229277484796371 0.00462405685864328 -0.0807086009858602 -0.0806351001585703
0.00261184337596786 0.0357772438041197 -0.0343294264210218 -0.113702125014431
-0.0506547218655118 0.0314894124084226 -0.0157649825405327 -0.125396407388467
-0.0686311665546033 -0.0139646964560877 -0.101379202625569 -0.127302656178501
-0.0903738361507302 -0.0204348292703162 -0.0658152482301972 -0.107749470597991
-0.0527686419886343 0.0316896509352419 -0.0314892679431685 0.0460767839444432
0.000779103417215582 0.0379907752470373 0.0966802207649166 0.0253693084384927
0.0178187486978808 0.0134473200585139 0.106403289654291 -0.0753133402744463
0.010574393536269 0.00614356349883803 0.00568729730649452 -0.133469038486787
0.0190733472824438 0.00415051792892849 -0.0723205048795183 -0.0851195356047458
0.0174327572759814 -0.0101342547539353 -0.0877221906780796 -0.020213718023382
0.0171688018074161 -0.0100924233689547 -0.0840956378812614 0.0143029565565435
0.0280848851131018 -0.0112408280413645 -0.0870768665195824 0.0309716027211861
0.0393487668005702 0.0125804561561476 -0.101651976009595 0.0213216665503604
0.0206196840104987 0.0320922126958725 -0.109723659310862 -0.0168613987028659
0.00807368170035662 0.0500898267548189 -0.0914501802328273 -0.0704870370154258
-0.0444822531785091 0.0528730765217005 -0.0450735882056359 -0.103194468963681
-0.103826939330756 0.00527843564281264 -0.0159451359921067 -0.103930848357479
-0.116745017352465 -0.0594925888247272 -0.0817009170301815 -0.096943360124667
-0.118018203211882 -0.0614492529194067 -0.0324091073091636 -0.0923103265895916
-0.105638993011718 0.00838147042155727 -0.0256497815442753 0.0592940839185744
-0.046246128966809 0.0607486255839657 0.104366654123218 0.0489611170692063
0.0110440728256489 0.0638524332308569 0.125526534208818 -0.0619723765866921
0.0336297245834934 0.0408641187230032 0.0259739057399944 -0.131881896617418
0.0513462413749276 0.0210166610813018 -0.054854191455694 -0.0870637594501625
0.0509500532271274 -0.0108392498377328 -0.0713731616420995 -0.0251389005547456
0.0451928347018476 -0.0170241699757837 -0.0671280200443784 0.00835703006679226
0.0552629450345067 -0.0158337134870493 -0.0672391662945171 0.0315475994912166
0.0688995648991282 0.0232342885216082 -0.0844851702280747 0.0347765779195137
0.0410649795802105 0.0582557526847431 -0.104774936924288 0.0101085088116886
0.0112725650049102 0.0903253440305455 -0.103776741077707 -0.0473591449704765
-0.0731658008275864 0.0791916642328678 -0.0614462183710751 -0.0871210515222672
-0.142906603492374 -0.00296403132760473 -0.0129514972836325 -0.0838964070794701
-0.15056370678227 -0.0867339329601819 -0.0501622412617246 -0.056745417407339
-0.124406524485506 -0.096813522060027 0.00705828064267921 -0.0572798694715052
-0.142083738777878 -0.0265491979586866 -0.0153626731702196 0.0782530989868968
-0.0934228776109212 0.0657777879938572 0.103649111419499 0.0800039688246874
-0.00813083053451889 0.105517284567442 0.139487543160372 -0.0319041113790462
0.0472722914779166 0.0759699491840159 0.0535738417458257 -0.114136341454181
0.0757686423094312 0.0398529391732861 -0.0241821310046117 -0.0822558929788742
0.0784060605943226 -0.00772214715510505 -0.0422145092006847 -0.0284157848942848
0.0670271770017274 -0.0215813728956588 -0.0411083740302202 0.000999396683815484
0.0733315605521497 -0.0216245708385931 -0.039442950231896 0.0290408965036307
0.0883967816708296 0.0251176857349576 -0.0564468009890623 0.0457294022983051
0.0601247095234127 0.0708356626366436 -0.087027299243997 0.0373285634624191
0.0223618674046159 0.116530827455917 -0.106244176094621 -0.0177448197210123
-0.0843391017376289 0.0986922069753477 -0.0745458943589604 -0.0657751418240787
-0.158907332778998 -0.00315429228278499 -0.00658783556010741 -0.0682195842846267
-0.162109756728299 -0.0983152857546629 -0.0112862777185316 -0.015238836678241
-0.107744432594182 -0.115597649317401 0.0479651882440483 -0.00606535088784071
-0.148377622321485 -0.062202087731947 -0.000540712655710634 0.0984340852099012
-0.12351695355995 0.0477179175539303 0.0912110801031916 0.108708896362794
-0.0341009951061822 0.122308449009793 0.138344497521992 0.00934936449468376
0.0450251088648697 0.0991837245696455 0.0788883800904068 -0.078628801068083
0.0853597627900087 0.0546744804080596 0.0138718302218306 -0.0669892442779575
0.0931912886918666 -0.00192717172787881 -0.00519025112525002 -0.0288293119420742
0.0786463243410929 -0.0233684593825095 -0.00914807852083622 -0.00657288052752926
0.0810669647172105 -0.0247847510677559 -0.0067116776018506 0.0239314599984026
0.0950263854201653 0.0217071831415093 -0.0238103452578357 0.0506392582086197
0.0678062222427911 0.0730529370067206 -0.0610240988749022 0.0586761204596832
0.0258886392318875 0.123969410064422 -0.0979899556654594 0.009483974540958
-0.0863897331228624 0.0990929989990258 -0.0777847449671587 -0.0434590079198713
-0.152553763638056 -0.00843848445002519 0.00199568322833334 -0.0550919622954012
-0.147249650972562 -0.0988403308632225 0.0280171117088395 0.0225091736859873
-0.071809675794976 -0.1094575366938 0.082677797329766 0.0510311881335126
-0.119365124525771 -0.0849424987309678 0.0158498282355595 0.115550232228955
-0.123328002839474 0.015760311977507 0.0706787171114352 0.125803975580942
-0.0536335026623661 0.108471179162098 0.121372494196021 0.0464535019050215
0.0319586619747375 0.1013005504649 0.0943585664831501 -0.0340326521158233
0.0782648706902163 0.0584580798831533 0.0516238714999499 -0.0444581634275989
0.090844839672553 0.00280858721362396 0.0337800805216832 -0.0273283876356092
0.0777054613342198 -0.0218562843993194 0.0233877618901776 -0.0134867092681414
0.0782623718392538 -0.0240323746082718 0.0251878739612004 0.0180062165217186
0.0886127017827577 0.018390024370122 0.00827458243063376 0.0527199298679175
0.0634070156495449 0.0692709819968654 -0.0343201509128258 0.0721774062639185
0.0170765953263764 0.116502712523065 -0.0851709082946887 0.0294126234713365
-0.0857419076214686 0.0797448168121552 -0.0744007075103744 -0.0242386075902624
-0.128540603302662 -0.0233767039514951 0.00954400907502542 -0.0423539234636179
-0.109251867438416 -0.0915264508087288 0.0576817179785129 0.0546143584813684
-0.0248261943168547 -0.0789635700050089 0.106366050411583 0.0995120515701206
-0.06843587150532 -0.0827572076490584 0.0287465262900855 0.124802742926797
-0.0935639435442523 -0.0116754198607094 0.0490124378170211 0.130358477740125
-0.0551728575414098 0.0752174869147717 0.0967013076609149 0.0713302814778033
0.0169427092041154 0.0815735730117182 0.0988703130636984 0.00591537277349022
0.0577071237327519 0.0491219301199728 0.0810606324137679 -0.0218179975760644
0.0724902427561497 0.00528622460101399 0.0664753237720481 -0.0249725241434845
0.0643975583819298 -0.0164636438150129 0.0518074225106361 -0.0184230884608082
0.0655089952832184 -0.0189572160545299 0.0531162208692992 0.0125052614112701
0.0722044732932515 0.0153838982716407 0.0364656734990143 0.0546900310550356
0.0507617071154491 0.0605504228012347 -0.0127164601215108 0.0837907297902491
0.00113941908804051 0.0978115746772684 -0.0742961635878318 0.0457662267003556
-0.0809067073206661 0.0487451406934049 -0.0703846366209821 -0.00959677778831516
-0.0914873058627343 -0.0399377916916694 0.0122555043832576 -0.0304757448886356
-0.0555734121138047 -0.0767720326460796 0.0739875121261611 0.0814273992272989
0.0254318610972048 -0.033506779356249 0.117686963866052 0.127077868902824
-0.00903179140372221 -0.0574374404322269 0.0384603660198503 0.121887985261221
-0.0457582824918734 -0.0259806130066615 0.0337819157581706 0.125920242016304
-0.0366638903915982 0.034195467939735 0.0788196105937871 0.083528492109721
0.00533015094985181 0.046047236131128 0.100139895291013 0.0298512235988221
0.029628461163418 0.0289219105883895 0.0992728111481338 -0.00907024317678336
0.0417764506596704 0.00547647989198689 0.0870576344117117 -0.0249926128001179
0.0405351041217372 -0.00905989885186985 0.0713937808834936 -0.0218999459592443
0.0437720678634658 -0.0108176780781034 0.0735277369086349 0.00976575869661641
0.0482245331013951 0.0115051721298277 0.0564879830453138 0.0586538569173198
0.0345893688843589 0.0461962935227302 0.00220978822216395 0.0948917124263236
-0.0133805245609335 0.0701990673749546 -0.0694018585540487 0.0601702700491807
-0.0672242666424875 0.0143419694253693 -0.0710502689005807 0.000391766590286967
-0.0457083718142803 -0.0487939234104573 0.00898412752209017 -0.0218781803304547
0.00419279646957352 -0.0518120040361597 0.0735410405799221 0.0978954365120727
-0.0492568391224439 0.0188608628051785 -0.0914095213002505 -0.108486762388459
0.00362709099225517 0.0455469530485847 -0.0347373532532021 0.044221875107669
0.0408366445842205 0.00643801162400419 0.0919862636605462 0.0148749881315664
0.01431123352462 -0.0357045488167227 0.0968854945040649 -0.0810822847625557
-0.015530159318019 -0.0233706249399096 -0.00445773099804284 -0.132339500283015
-0.0144122315301463 -0.00790570922839916 -0.0830547941945328 -0.0836182398685988
-0.017037678234584 -0.00438119252586856 -0.0964665798586683 -0.0164109740912919
-0.0140785943609863 -0.000608557310886459 -0.092336465751433 0.0211136043388435
-0.00583381529496936 -0.0082252862911362 -0.0988298696358381 0.0325703323293238
0.00563054768039433 -0.00914359763812224 -0.112982283213934 0.0151042598277405
0.00692602760908128 -0.00671392785128421 -0.112228273322167 -0.0310848606604091
0.0240314923115083 0.00374456958380008 -0.0862051893713733 -0.0841430672197727
0.0034772062127007 0.0378832675276318 -0.0366203411521839 -0.121374329648261
-0.0525477465634716 0.0346025251565784 -0.0168765766252013 -0.133780142817585
-0.0730461307562189 -0.0144827858804756 -0.107685187125025 -0.132383513231835
-0.0946418536141179 -0.0206505003014413 -0.0706063044585564 -0.112138986030119
-0.0548566611620159 0.0352810239946166 -0.0322254103327086 0.0503926698314894
0.00217732146402378 0.0394939069445984 0.103726992290574 0.0262468132425237
0.0187140458307838 0.0129502534934497 0.113008397258196 -0.08223351133623
0.0105680186343695 0.0056974556444152 0.00410020613136643 -0.141487191813263
0.0198973037206206 0.00350270806037712 -0.0781855267122979 -0.088923612938523
0.018098069705264 -0.0107034888717272 -0.0929070326931674 -0.0202697478402763
0.0174464263141303 -0.0101272827726453 -0.0878585451741681 0.0172807336327087
0.028783783689491 -0.0121142133109471 -0.0910389353002047 0.0350713417233805
0.0417401260838329 0.0121721146064069 -0.108136856801945 0.0251227431381102
0.0222495035902081 0.0337016809570784 -0.117316084718654 -0.0159012068760028
0.00962013726822005 0.0518387933010968 -0.0980704728957849 -0.0738891289900656
-0.0457340317228435 0.0560889621343264 -0.0477499680747049 -0.110430964038243
-0.109617287471705 0.00723198647487008 -0.0170850211639092 -0.111268619186432
-0.12407460282744 -0.0616262467280655 -0.0873885742806395 -0.101453882626484
-0.123971789388802 -0.0625701848294272 -0.0361401937255204 -0.096190446783413
-0.111057974809298 0.0108052759142977 -0.0266636120783601 0.0643858405460232
-0.0467628713356392 0.0637468432493082 0.112142692061375 0.0516035594837137
0.0129434248401155 0.0657671644979355 0.133327625530494 -0.0673527865498721
0.0354342421617842 0.0419819916698857 0.0250810032633642 -0.140349487119049
0.0543182142657809 0.0205090459091422 -0.059506674409979 -0.0919642546765819
0.0534419002638236 -0.0125756352351069 -0.075425487293684 -0.0250570869324447
0.0467454238386485 -0.0182855849374959 -0.0709003495571065 0.0104488356527535
0.0574775864328813 -0.0171118632398895 -0.0704435453967852 0.0350780163040637
0.0730955484211541 0.0228170683670558 -0.0891251847857289 0.0398170069963392
0.0438427746944253 0.0613305382073566 -0.111632644765516 0.0125244231749119
0.0134976642666662 0.0944331299694513 -0.111508879227913 -0.0490859475707695
-0.0755429603616593 0.0839608717685323 -0.0656637525852304 -0.0929587740376412
-0.150359851425474 -0.00136733040575049 -0.0139382200698483 -0.0900146031827868
-0.15943981025429 -0.0895594115532719 -0.0532121095898778 -0.0599325027159772
-0.130760057312412 -0.0998678965363567 0.00593491908501662 -0.0601365511198351
-0.150323086706638 -0.0256986692172578 -0.0166232502540787 0.0845391788975684
-0.0963660862667518 0.0701652562343824 0.111097463415745 0.0852248549842496
-0.00619556923673039 0.110323273308392 0.148397553405428 -0.0354001892988246
0.0504832877041613 0.0779748295083884 0.0540007834452845 -0.122314151045445
0.0811312162735532 0.0394812373107098 -0.0268468940288401 -0.0871221737341323
0.0822320324352232 -0.00988141745091203 -0.0447775956931134 -0.0294632336338798
0.0695213784660584 -0.0237965045173207 -0.0436098923660194 0.00207343681352904
0.076338915768872 -0.0235200813316815 -0.0407486974393336 0.0320386861440715
0.0937271589251681 0.0242645745695498 -0.0595781210714397 0.0503941587411128
0.0644201661605309 0.074024306020647 -0.0923332499251896 0.0421996461585301
0.0259537069467062 0.121226524668355 -0.114781204435171 -0.0173169675674204
-0.0870943060649422 0.105385894169199 -0.079187638798456 -0.0697993694357157
-0.167886684806918 -0.00135462321025688 -0.00726053074395919 -0.0731872688665654
-0.171207500744301 -0.101750646142762 -0.0115949485747186 -0.0175712722084211
-0.113299833321644 -0.119718138874161 0.0496533130346396 -0.00644151431775704
-0.157108428921607 -0.0634715987326964 -0.000920588015472819 0.105184268915981
-0.129009568695183 0.0515428738589415 0.0978673334524812 0.115328166852801
-0.0334810441079612 0.128775139498613 0.147738284101151 0.00846574969458716
0.0492963351336011 0.102969125456052 0.0816283749476246 -0.0845952399723138
0.0914719848254071 0.054819220710339 0.0140599281116295 -0.0719235431843922
0.0980951078551874 -0.00429698031120207 -0.00577594511926108 -0.0313066479413779
0.0817677140958045 -0.0261316968364582 -0.0109665226592921 -0.00634564260249915
0.0841706384748825 -0.0275071663098004 -0.00699140804198198 0.0262298596027293
0.100567370905142 0.0209794247249994 -0.0250002691595555 0.055473031222425
0.0724898004088675 0.0761392027316651 -0.0639411686171667 0.064223388771113
0.0300673993252032 0.129265723016226 -0.105487607379568 0.0111797519260145
-0.089016541747227 0.105510415249838 -0.0826334795280985 -0.0455304859155924
-0.1612469256826 -0.00724167145166128 0.00148704922562829 -0.0597198458912369
-0.156069078424129 -0.102401676709776 0.0298128121583765 0.0218548358422668
-0.0758148183677383 -0.114005383353635 0.0869870992538451 0.052732288876485
-0.127348906150172 -0.0881420404278194 0.0156653236646471 0.122576095413139
-0.129657499510162 0.0170745792767957 0.0759091144591421 0.133739354138165
-0.0551803431427602 0.114395350383338 0.13008304684861 0.0480714751970847
0.035366029927261 0.105696363124355 0.0986454541051794 -0.0381419350566112
0.0840390039133053 0.0598824652770453 0.0536707005287839 -0.0487874081244766
0.0960484375488572 0.000837426689542236 0.0350733527127185 -0.0307075433385605
0.0812789461076386 -0.024247468369791 0.0232790969923466 -0.0143843605954997
0.0815442751349443 -0.026913108047717 0.0264410149352577 0.0190280670453682
0.0938530215455022 0.017362470922743 0.00924205008479315 0.056794776778001
0.0681192994835687 0.0720552557873255 -0.0359120849294923 0.0786257317318141
0.0202938216851138 0.121800834240915 -0.0917245509764102 0.0331397497177056
-0.0893756630838421 0.0850155787503484 -0.0792457139964576 -0.0255281459100287
-0.135425581546395 -0.0229471730941686 0.00925966198552355 -0.0466416129684914
-0.115291336212088 -0.095388140492371 0.0617776726100949 0.0553505505840238
-0.0258129902064272 -0.0831676208489588 0.112184567877556 0.10358908304774
-0.0730349494677956 -0.0864026937768329 0.0296051883675193 0.132303545100158
-0.0986699982714412 -0.0123973694291258 0.052773671991372 0.138882469094707
-0.0564942944442977 0.0791520071710276 0.103875172336442 0.0751532255604351
0.0195203386918311 0.0855112715909469 0.103952442517348 0.00436426949767668
0.0623697116585565 0.0498631164813016 0.0857072581954615 -0.0257443348506849
0.0765363088337978 0.0035430494632618 0.0698202862005426 -0.0289217641485253
0.0671725048241546 -0.0185407648978968 0.0532113818373591 -0.0208293337331954
0.0678049894885085 -0.020976631032452 0.0556450141408201 0.0124732172368105
0.0759402544012358 0.0145515348345229 0.0383685035553699 0.0577507213115669
0.0548583498187729 0.0628968422783212 -0.013152605199209 0.0901320723979649
0.003519735576397 0.102903818413701 -0.0799230550244094 0.0499713721711092
-0.0848297684639277 0.0526592073911379 -0.075053210665038 -0.00959898473260752
-0.0971553815430769 -0.0409160340901768 0.0122808712709813 -0.0336528646183878
-0.0585940699528791 -0.0804167961140287 0.0792346990303975 0.0827359661682946
0.027267945669538 -0.0362850182285592 0.124368082361761 0.132353004082619
-0.0101217230570162 -0.0612599031829528 0.0398712793232729 0.128444603914101
-0.0491890181225628 -0.0268101602666435 0.0365727379650225 0.134211426010198
-0.0382659445817548 0.0368166480685051 0.0845292562178882 0.0876822007035836
0.00721591183237944 0.0486839423322082 0.106408923456263 0.0298694677482472
0.0321023154129603 0.0293765663028375 0.104996844688435 -0.0119702434893145
0.0443380574912473 0.00453747582317161 0.0914531754284303 -0.0292784303954524
0.0424318826152384 -0.0106307736490305 0.0741890041134102 -0.0247754449927807
0.0454848756536313 -0.0121410155999982 0.0768300159504399 0.00933539009499115
0.0511766147852668 0.0110233343321012 0.0598279095954818 0.061599427340287
0.0376390347368821 0.0481372062158052 0.00309004154856893 0.101543240467081
-0.0126426866158395 0.0746372907047719 -0.074145396390969 0.0651234189272261
-0.0710620387983868 0.0161575492475849 -0.0755321775623487 0.00122557202501238
-0.0492120461127034 -0.0512924822967342 0.00882908286248345 -0.0244106568241808
0.0051996050074915 -0.0549706255193572 0.0787531900983914 0.100540630236346
-0.0510036196654784 0.0212706159463123 -0.100599104736888 -0.109234694836932
0.00662386385794147 0.0483229343455815 -0.0340081900479655 0.0494388415394985
0.0432614606946434 0.00404342109588905 0.0988715327782239 0.0113023512295344
0.0129872751278489 -0.0382527673570655 0.0994048160532806 -0.0911044424187927
-0.0183584774502979 -0.0234012112325414 -0.0106471236334244 -0.139848129752768
-0.0166656126167173 -0.0078775316833628 -0.0914554619146504 -0.084113375736845
-0.0185508741963536 -0.00300848596018318 -0.101432712610944 -0.0127300447402503
-0.0148150883713598 0.000514688730927126 -0.0950241448261898 0.027574285303961
-0.00688806573056097 -0.00822661564913274 -0.101904388385963 0.0400168238292688
0.00508343858500082 -0.0102785075094072 -0.118362494621051 0.0223077767023311
0.00654511980386381 -0.00750933375644586 -0.120472332992416 -0.0273819594309763
0.025305978104473 0.00212592440360257 -0.0941841045034552 -0.0852715032036229
0.00579181722723646 0.0387967417641615 -0.0426392275943739 -0.127952610910679
-0.0531998318811952 0.0391603697510002 -0.0223904357963388 -0.141543913506088
-0.0779431358738218 -0.0117477992929601 -0.118661890660642 -0.133368848314147
-0.0996123473844088 -0.017834036281554 -0.0792629376693754 -0.11356304808812
-0.0552306767920068 0.0400375571636411 -0.031663393266493 0.0562961640984322
0.00525604062954899 0.0402295233781698 0.111689509321206 0.0232135962670108
0.0201365586110895 0.0118452474012109 0.116818399276962 -0.0926561502803387
0.0104574798602014 0.00531515296214483 -0.00228978857848601 -0.149564650408537
0.0204867129756272 0.00240423619638354 -0.0872449653967045 -0.0903859302391731
0.0178354918679973 -0.0118021168663242 -0.0978625541555447 -0.0165801243172381
0.0177668528100144 -0.0108604817548816 -0.0911997968881322 0.0231790816871689
0.0289437448881991 -0.0138395454827369 -0.0934698891792046 0.0423551810206928
0.0442792848933694 0.0102141656479611 -0.113036841868185 0.0328686363143802
0.0244348050511595 0.0345483625789369 -0.124878164828755 -0.011103068705606
0.0124328807376725 0.0531149341355285 -0.107113451776529 -0.0740167552320073
-0.0452078054598226 0.0602727728705831 -0.0540331475573016 -0.115464725593911
-0.114253497397447 0.0131669747517861 -0.0214637974933363 -0.117802896561367
-0.132833897552188 -0.0591048441344591 -0.0951569914514658 -0.102214791503311
-0.131426266584968 -0.0608854407508034 -0.0424299113125278 -0.0987537637534726
-0.115640175699161 0.0172606819127979 -0.0252453030175698 0.070747476336656
-0.0448128623413639 0.0680871190450563 0.121365006286707 0.0501371758058181
0.0171510793579314 0.0677453374223731 0.138770375811987 -0.0776819610612517
0.038466621235726 0.0414798534127942 0.0191609968823625 -0.149096273083354
0.0576673366664976 0.0183258198729879 -0.0673929058290424 -0.0939688856249362
0.0547979891790864 -0.0160180694187972 -0.0797124958200453 -0.0226283627244442
0.0476660486560498 -0.0208659887517381 -0.073677884170415 0.0153156873442576
0.0585833601298104 -0.0206406125780961 -0.0722672626439261 0.0414037504521669
0.0775826629019308 0.0199248828405329 -0.0925043763793607 0.0473223935582936
0.049084471174503 0.0630096522753409 -0.117547451588669 0.0186768562373681
0.0187712788249031 0.0972528538595484 -0.120547270181526 -0.0471278027581631
-0.0749265276180485 0.0906906675670644 -0.0725979581423323 -0.0965040307777824
-0.157378493790253 0.00616671686995309 -0.0179865706746138 -0.0959311206958654
-0.171001861980994 -0.0868460700563619 -0.0577362684008408 -0.060773573856308
-0.14037636121921 -0.0991573586079777 0.00265736166044007 -0.0626983481547199
-0.158224876087589 -0.0191717495973619 -0.014666280082045 0.0912600914399241
-0.0968300258786973 0.0766878699830014 0.121485946043547 0.0857692991806968
-0.000557801132303406 0.115055736863186 0.155349762419895 -0.0444278762555137
0.0562340028710495 0.0784647060260612 0.0502897739511631 -0.131266165226832
0.0866791567250236 0.036828992330266 -0.0329855618117889 -0.0906560276859521
0.0853813208147081 -0.0153571301978489 -0.048506836563619 -0.0290029848419575
0.0708139981251548 -0.028040605971088 -0.0465193451508397 0.00524209684140048
0.0777142989226056 -0.0283180591666564 -0.0414031842775856 0.0367654170661738
0.0997622954779379 0.0201742287630656 -0.060998528408517 0.0570439678874954
0.0707027435498415 0.0749407139504424 -0.0955451726110242 0.0496728343468919
0.033438415489828 0.124811942784469 -0.123195357547473 -0.0133334294288736
-0.0861251536557409 0.113979890601914 -0.0863263158708718 -0.0708158120307621
-0.176786477851352 0.00715226924365268 -0.0103396322648174 -0.0788340775128415
-0.183976274061373 -0.0992349738997958 -0.0126779994966768 -0.0186357064750716
-0.122776269421987 -0.120699532971799 0.0508004828661816 -0.00896440560597998
-0.167818737622532 -0.0588679456193633 0.00219035071831623 0.112061542978783
-0.131998040376494 0.0588823072622308 0.108074585649084 0.118638158273183
-0.0283654497583466 0.135294478922214 0.156545301100935 0.00182855787094383
0.0567942841242242 0.104571339438914 0.0808785979747591 -0.0934564069836698
0.0991135269677397 0.0519859408145831 0.0105178470607414 -0.0769500871923069
0.102349029250344 -0.0106620229554665 -0.0074525937319904 -0.0328238281804719
0.0836756784626346 -0.0310870914871522 -0.0123669695093803 -0.00552764895929491
0.0857913319166433 -0.032493492318191 -0.0061238215095931 0.0283105097966107
0.105847785670955 0.0166215463092771 -0.0241167449699075 0.0610574074997926
0.0799313981141899 0.0762728021131797 -0.0654754846290559 0.0720123854759183
0.0383308988669232 0.132801101515572 -0.112772128594121 0.0176224179112205
-0.088078317321199 0.114347545560471 -0.0893004285753301 -0.0450512512714578
-0.169695225315042 0.000367703380016521 -0.000583614118887202 -0.0644387905352044
-0.167490081367615 -0.100171719163653 0.0328859369337969 0.0197172340388617
-0.0826681665787328 -0.116308483717737 0.0925581996028734 0.0514778308073575
-0.137297878137518 -0.0868935429268432 0.0197849739662444 0.129026012328144
-0.134664793762902 0.0225742077471671 0.0851778153795801 0.139629319254521
-0.0523867131163306 0.121713177094197 0.139420794228703 0.0450325912889739
0.0424610523112719 0.10831791497835 0.100945279904854 -0.045158212425555
0.091219874931625 0.0570776823716434 0.053738048334356 -0.054763233249301
0.100593127431893 -0.0053931505138935 0.0348518692627793 -0.0347254297573692
0.0831216698759805 -0.0296011696314001 0.022546995772549 -0.0160018975321726
0.0832541437734784 -0.0319247866609856 0.0279009296827222 0.0191934395912212
0.0989686695893044 0.0133047948380087 0.0118046756698727 0.0602729082656665
0.075077819305301 0.0723746920732861 -0.0345386829694812 0.0858717019461983
0.027601330063646 0.125586240868168 -0.0968569087457738 0.0398460513393538
-0.0889168394583162 0.0931475785199255 -0.0849434595450871 -0.0230877359062197
-0.143673900635632 -0.0179767427081767 0.00773801561539304 -0.0510713045263684
-0.124781578863528 -0.0944797485756676 0.0677344146732204 0.0531424642884779
-0.0295668618238357 -0.0862763142347841 0.121388392893876 0.103819548148746
-0.0806144440607223 -0.0878005872973341 0.0346112760136059 0.137523146527405
-0.10483855779037 -0.00894521502301373 0.0611917524545527 0.145629064855013
-0.0558350130480388 0.0849666125385106 0.112811271754219 0.0746612816153792
0.0251401692584241 0.0882780656821106 0.108750892222638 -0.00105010434690509
0.0681622792025765 0.0482699777298594 0.0884529844109355 -0.0321310880327242
0.080792598472805 -0.0011446967031944 0.0712051164575641 -0.0350178210993911
0.0688632730888577 -0.0229497806239375 0.0537830246728872 -0.024627086937369
0.0693356430012604 -0.0253359311960386 0.0581788876869257 0.0108851406744829
0.0802537224906844 0.0114776129108204 0.0429233403900623 0.0603741250852145
0.0608813397280725 0.0629979588755295 -0.00984811118051691 0.0966652049358235
0.00912858132678735 0.10732357965676 -0.0835916523207225 0.0576324141814404
-0.0867257104161452 0.0592941445499958 -0.0798439735440092 -0.00669336452968691
-0.103831865881015 -0.038401769025456 0.0116248289813486 -0.0374952141502916
-0.0638714140741639 -0.0820773878930252 0.0868776518857213 0.08068904829208
0.0277724292137682 -0.0395431507917445 0.135523285030031 0.133479374604969
-0.013271460245101 -0.0644806257047211 0.0448425789662369 0.133207553951854
-0.0533139592125846 -0.0262747974911635 0.0439940826201129 0.141266707790885
-0.0384531759219609 0.040127885467516 0.0926874290366627 0.0889016497026562
0.0108267795073634 0.0505286586786541 0.112658206852297 0.0256295271630789
0.0351256389128041 0.0283917820822185 0.109865606548431 -0.018957167128002
0.0467660097943749 0.00139175181894526 0.094185699700697 -0.0370799124396488
0.0435697650305711 -0.0136843323211442 0.0748406021926885 -0.0299594478765225
0.0464291418514649 -0.0148787737967802 0.0798345338184349 0.00569425750420749
0.0538172242325198 0.00901065624047295 0.0657424291322748 0.0619561612059215
0.0417970901908522 0.0484087844007734 0.00768115699301888 0.10801553984814
-0.00888253147970017 0.0789878580183639 -0.0768381375657065 0.0728985803186361
-0.0744982893619307 0.0205293351998884 -0.0801400727051413 0.0047898010906724
-0.0537717072029805 -0.0518528327353097 0.00835807593581372 -0.0277111459220567
0.00361703841912591 -0.0581601240014935 0.087487448874407 0.0995135989751727
-0.0574011010111496 -0.00249600755574969 -0.0437473237317415 -0.145105979877822
-0.0142465874185138 0.0481410277756514 -0.0531070881862725 0.0304295517105477
0.0379977447861957 0.0215434224723837 0.0867487377996177 0.0545440555359617
0.0265764713351222 -0.030276171665808 0.133879801507342 -0.0411481913384654
-0.00848743549009293 -0.0293339192867098 0.0520225209668903 -0.13434841463231
-0.0132871168069765 -0.0135121294857368 -0.0464863354243221 -0.118664289116572
-0.0179519443267408 -0.0106477465331382 -0.0872756647710856 -0.0565837658963493
-0.0148350409491475 -0.00533937375891728 -0.0981974333573372 -0.0154567459762696
-0.00368581539049386 -0.00956825799589385 -0.110914624629712 -0.00618567961891015
0.00823246606806105 -0.00706914235445416 -0.118685208818227 -0.0296550759946652
0.00837360387838406 -0.00361781493079184 -0.0985675587155462 -0.0787949930863288
0.0201595248291147 0.0117277092491833 -0.0468188879284221 -0.12066385903189
-0.0127745536759851 0.0372241341840329 0.0203972115325349 -0.138877778741294
-0.0668510133539122 0.0116990177936187 0.0472276984780938 -0.144194788155384
-0.0672250897823677 -0.0449587594326434 -0.042662717065803 -0.180167496698767
-0.0845128162470109 -0.0602515476676979 -0.0229448632712594 -0.138716403446168
-0.0679567911362648 0.0131937286557196 -0.0524681979296879 0.0388106661609908
-0.0133248123296984 0.0378468639860016 0.0943935776852846 0.0718447658589862
0.0119867016719927 0.0185225219532971 0.151863407098471 -0.0349017714323846
0.00464974619658767 0.0100048874063096 0.0647387559349434 -0.140558388249802
0.016509324747803 0.011710304647567 -0.0394088589163103 -0.123653729441232
0.0200927245573799 -0.00287880559284182 -0.0821089150312834 -0.0591207977523628
0.0202090349514415 -0.00133955609148641 -0.0928988769790571 -0.0176002346435562
0.0318696613014918 0.000770500854555298 -0.104462560438194 -0.000471494990372279
0.035739209726594 0.0290398456854321 -0.118458227115618 -0.0172345297093992
0.00632907444849767 0.0435270376736122 -0.111223442108995 -0.0643403997352528
-0.0139962169874553 0.0524497565928378 -0.0661331805167722 -0.11558817432318
-0.0686907617025294 0.0333018352432674 0.0028035796503534 -0.134103803771243
-0.111537431466576 -0.0390189595345683 0.0383491316411862 -0.123477617192061
-0.0969972578130698 -0.11233597009939 -0.0349684028875538 -0.140599908020415
-0.0939016346459077 -0.114974014825097 0.00277944820195345 -0.107369554623482
-0.114083289351788 -0.0353182148553657 -0.0532285123121141 0.0578014160457966
-0.0717762999541697 0.0404747590209885 0.0932332663909146 0.102082114041771
-0.0153211564071086 0.0677621674278581 0.16699879393314 -0.0110295286041467
0.0145443554412827 0.0555521282387213 0.0863696542020603 -0.131622791938354
0.044209297472877 0.0419783436792808 -0.0194418503422344 -0.119355498001458
0.0568093228128793 0.00882340742307696 -0.0631309215700602 -0.0573122524722669
0.0527718603871753 0.00223801198866253 -0.0736921614385817 -0.0176151963263156
0.0622534641239316 0.00723532486258735 -0.0839439583741923 0.008253630868582
0.0628093627491783 0.0520719070768141 -0.106293880520548 0.0052874892098587
0.0175762048650252 0.0805740568011764 -0.118790457829587 -0.0320897119727584
-0.0273386535609533 0.0960227193079589 -0.0924129316074786 -0.0960254212895938
-0.110373457264746 0.0480454855178379 -0.0244529578852583 -0.124664576296907
-0.148301177981433 -0.0652036991369023 0.0314650990754439 -0.10273639218925
-0.119301803929803 -0.154791108662537 -0.0201231003088115 -0.0852841878326502
-0.0836641898753415 -0.155042278564012 0.0270525934714348 -0.0532286332700187
-0.137528818852239 -0.0889164544655511 -0.0524310750013902 0.0823103552603713
-0.123287421515147 0.0249790819543962 0.0775419136400699 0.136322765010489
-0.0521168546173292 0.102585009844663 0.169368565567563 0.0290700901319174
0.0144477669005744 0.0968043281404176 0.109087539938983 -0.101575518660911
0.0635688499931505 0.0709074880578121 0.0110121061169535 -0.101905073491539
0.0852395639930148 0.0225341674019039 -0.0311738470907657 -0.0493981589818919
0.0780308105489993 0.00584638210068424 -0.0449776736768287 -0.0152884258694473
0.0829432644493198 0.008235544761383 -0.0541533380988364 0.0173982313068713
0.0835249762978568 0.0616308778991856 -0.0816947599696513 0.0287262919416527
0.0327393654969711 0.101418327743442 -0.112596834463649 0.0070738287218143
-0.0253864441038509 0.127953908497969 -0.111341453567927 -0.06504009137975
-0.130703406417294 0.0643336610198664 -0.0496829592132969 -0.107128671315318
-0.165933195124623 -0.072657618712293 0.0305175900943935 -0.0837816276205673
-0.12560425771489 -0.172413790128348 0.0013833833568141 -0.0254012443168729
-0.057907711092386 -0.167815588986866 0.0467766997595229 0.018513650126412
-0.128465986479303 -0.13035770325853 -0.0471848417912013 0.110043315686127
-0.147700379104199 -0.00801851883286976 0.0499793870967646 0.162314629216985
-0.0866670520862938 0.109097714856473 0.149905774936034 0.0733906215684914
0.00353724703331265 0.119975034043077 0.121262224686147 -0.0534143627866374
0.068645414162119 0.0906020064668878 0.0452823409538127 -0.0700765426618971
0.0993913270947026 0.034027708079892 0.00841305776168103 -0.0355302453646764
0.0917049348202413 0.00824854253897881 -0.00959261747111625 -0.0109169765569228
0.0931643647453107 0.00741447489634437 -0.0187442645014824 0.0246657831297993
0.0914205874040549 0.0604906776262582 -0.0494231854141858 0.0482275385953468
0.0408705737508894 0.106649811234128 -0.0943859566683098 0.0414180877144915
-0.0237557277542211 0.137903467007296 -0.11589215651987 -0.0314266053454742
-0.133677023689988 0.0644268053602543 -0.0649109556172096 -0.0841373779090145
-0.156532681168821 -0.0759635021604698 0.0325240796481999 -0.0655938355191756
-0.109751488949104 -0.166480046526889 0.0242597136467429 0.0316322644536473
-0.0224948008280391 -0.146602407736731 0.0587227223582912 0.0914093273122866
-0.0878801116534482 -0.143575899963901 -0.040342870497548 0.133000940075536
-0.133918334534309 -0.0426853463156896 0.0177650011051421 0.172093191736992
-0.101797716407181 0.086026287984291 0.113179446533759 0.106599387121561
-0.0106122835223134 0.117222702661071 0.11721661767845 0.00117614524311935
0.0590234426830789 0.0920183765292143 0.075835662655364 -0.0298988549745564
0.0962443292633705 0.0374772977047637 0.047947716761319 -0.0185576519070487
0.090666338234765 0.00923284440145256 0.0269193032832863 -0.0055585867445377
0.0900993816454634 0.0063331859137468 0.0168778837984269 0.0309665323000981
0.0863487343590441 0.0540880624243799 -0.0165692127998787 0.0625780508619453
0.0388946496057733 0.100362092917626 -0.0721191967258671 0.0675404766457422
-0.0298906735099581 0.127500573575808 -0.111465717813956 -0.00389095977843958
-0.124923938116761 0.0451564004510107 -0.0708203032122812 -0.0624060259522876
-0.123945488088244 -0.0804084124174721 0.0335621296940722 -0.048656329362344
-0.0715936405745355 -0.142063156115451 0.0400080493863322 0.0791281540295896
0.0137915034233159 -0.0961549792304403 0.0621824411211389 0.152114072443755
-0.0348123245273959 -0.119988668827827 -0.0318761778569297 0.146052430662722
-0.0918426070088905 -0.0585183993707697 -0.00903406145111753 0.165792938435468
-0.088865552892231 0.0508342759917421 0.0736660552711603 0.12235512822116
-0.0167897583487337 0.0900689452831018 0.104507083215075 0.0460963575010325
0.0417161210679218 0.0735763101526136 0.0970533427338735 0.00748907014163421
0.0762510478482622 0.0327186031461156 0.0814784990194494 -0.00272643414456788
0.0744951505278742 0.00883220560699581 0.0588959227345463 -0.000635059387041906
0.0750967242617896 0.00567697719119809 0.0473715737939896 0.0359931278042428
0.0700172964804315 0.043776376707808 0.012109231351037 0.0752273321378685
0.0296711692658731 0.0858552776519101 -0.0535922067206973 0.0884769535804631
-0.0380659088989956 0.103236126215239 -0.107314518031958 0.0171739318798977
-0.107065929290278 0.0153341521899442 -0.0737154843837936 -0.0449855649591782
-0.0786060905265103 -0.0822871151790505 0.0311714438494273 -0.0328981381296922
-0.0214602466594989 -0.103723543046092 0.043358264371829 0.114328742648588
0.0453527851967017 -0.026997770631454 0.0636795983483899 0.184093055474186
0.0173697905864232 -0.0682178456994706 -0.0222448832114943 0.144749517717011
-0.0369612538074508 -0.050853827950406 -0.0245447804697136 0.152976185213789
-0.0530108422141721 0.0180300035295687 0.0469224850923835 0.126136963566919
-0.0125057328790391 0.0493137926467286 0.0944326459101562 0.073371392650697
0.0201104322664261 0.0406554002375576 0.111084171820859 0.0297013582117534
0.0439299366436483 0.0208009777269346 0.102664103821042 0.00544787843475716
0.046917710828132 0.00651625120853399 0.0808300674351303 0.00347937415938448
0.0499322752067513 0.00612261557665222 0.069771498626548 0.0395611095552303
0.0470083992053423 0.0307193284309392 0.0321213153856173 0.0862407069016271
0.0187316157099292 0.0636146073382165 -0.0421292680707719 0.105059655262859
-0.0431744559028184 0.0699535383627374 -0.107267966804875 0.0341185786483972
-0.0793247463752531 -0.0144526002275972 -0.0778334490996805 -0.0346428561425272
-0.0262242504538517 -0.0724847540413329 0.0230485961211742 -0.0245133159054304
0.0307005614574677 -0.0522506070679266 0.0335259492322718 0.132095812685056
-0.0579541169699248 -0.000317661828238879 -0.0512620166644379 -0.142224106720982
-0.011107383741326 0.0497112780913861 -0.0518808631751662 0.0340801696677631
0.0392119535460793 0.0187776250007436 0.0909550026981086 0.0495597873375696
0.0251358469019764 -0.0324956172358564 0.133233574459429 -0.0494350946047927
-0.01117234281085 -0.0284621962507182 0.0454154043909243 -0.13740410531449
-0.0152151828096124 -0.0127531371765056 -0.0532260575595002 -0.116468115170588
-0.018852877860305 -0.00860254971044073 -0.0893600483388533 -0.0517080330046104
-0.0155627863347419 -0.00346190614244978 -0.0982776105812355 -0.00883683073808594
-0.00440028920191769 -0.00928315793167413 -0.11088748473207 0.00105900844325678
0.00765255894032741 -0.00796620806157208 -0.121032822932119 -0.0226151614969678
0.00779585898075519 -0.00385095054524012 -0.104109737689951 -0.0738245735924575
0.0207615523653555 0.00973498636745292 -0.053291997401134 -0.118848510087968
-0.0107822024048097 0.0375356615147678 0.0146061991005454 -0.14143600208552
-0.0661835655414434 0.0162786982717846 0.0419101852245462 -0.147463209922323
-0.0702051670853612 -0.0413700021834489 -0.0513197209118716 -0.1763686873071
-0.0870015677494234 -0.0560785284169509 -0.030293512845588 -0.136642206400024
-0.067336011767 0.0176829131508185 -0.05111775728078 0.0427282840751614
-0.0104111052006786 0.0374321756662233 0.0994437920604916 0.0668661139440579
0.0131512313078148 0.0173490136075193 0.151315269126691 -0.043943013329071
0.00482110804041951 0.00936112541980862 0.0573086346437269 -0.14434268893668
0.0161537411136979 0.0104028334932274 -0.0466837821536046 -0.121168268813324
0.0189571456034111 -0.00386661704452343 -0.0847680841642372 -0.0544271837721292
0.0195078694875066 -0.00202139692979715 -0.0931435604869075 -0.0115875677257671
0.0311566440002033 -0.00117276589413698 -0.104189083706798 0.00638092980083583
0.0368609540976669 0.0262238468761903 -0.120542006683556 -0.00958651081330116
0.00883164154205149 0.043137970730544 -0.116092171498843 -0.0585879101271104
-0.0112576434435038 0.0522828497796149 -0.0728174491532162 -0.112865008301114
-0.0667273164419368 0.0366435643717477 -0.00198226602564921 -0.135563596632394
-0.113449946905453 -0.032560328635402 0.0331530958060249 -0.126749783293379
-0.102759538485954 -0.106756007729323 -0.0412241855579023 -0.138423662742196
-0.0988903869869623 -0.109910381079636 -0.00316944238106851 -0.106487172045869
-0.115341739811167 -0.0281700207719496 -0.0512705699604936 0.061283642198485
-0.0683939777488754 0.0434929593985908 0.098990443654581 0.097553572440433
-0.0111573315529649 0.0675769433800376 0.167690044115322 -0.0201924422931797
0.0170089128316449 0.0538814624792302 0.0789406414533165 -0.136466469483562
0.0458617651183448 0.0384211604505702 -0.026283291378463 -0.118542725169734
0.0562589677300373 0.00560355289185324 -0.0653995050738583 -0.0538824866522914
0.0516788584360676 -0.000221777043907058 -0.0748141058710134 -0.0124542246762652
0.0615836233845256 0.00340893566133083 -0.0836901979813695 0.0137927974744563
0.0656500982477376 0.0476574430397842 -0.1068705298789 0.0124909368581412
0.0215306123282698 0.0796836462434847 -0.122251250928262 -0.0252862944846468
-0.0218381670222819 0.0961019528804358 -0.0989308927792321 -0.0913715213396241
-0.107334046143124 0.0531955563868505 -0.0293163488570724 -0.124834806823021
-0.151730338874003 -0.0568273966112431 0.0272350611144776 -0.105737133084711
-0.126860890029269 -0.147929465971189 -0.0237798235435016 -0.0850155694641833
-0.0907616052070379 -0.150324763997678 0.0237021153702704 -0.0543407673355065
-0.141951738678645 -0.0809191837482542 -0.0498590441600967 0.0859656194117905
-0.120584891668234 0.0302645822792986 0.085053443893293 0.134185801698817
-0.0456093827294391 0.104479551657128 0.171971334048417 0.0197288496577976
0.0195538663376438 0.0948220352069031 0.102709396985931 -0.107811831105307
0.0672099385428018 0.0661364230105151 0.00503662937035884 -0.102983751660031
0.0858850071142156 0.0166975260033126 -0.0333549807211673 -0.047767864152391
0.0770529053073215 0.000890775929850681 -0.0465071979242329 -0.0120661722047119
0.0826382305880411 0.00337457734136952 -0.0532304422949643 0.0208675753456295
0.0869063896103732 0.0556616046322201 -0.0812871730627032 0.034627276678532
0.0381035482277829 0.0996703225783893 -0.113640593104613 0.0140911630043926
-0.0177847737652576 0.127939791795169 -0.116858457008945 -0.0590117637621099
-0.126738806829541 0.0707545890770749 -0.0541736827021215 -0.105883027885736
-0.169642006026785 -0.063723195544175 0.0271185876585792 -0.0872870325222935
-0.133854003650514 -0.165054718122832 0.00101313860887287 -0.026924318764546
-0.0651174983981577 -0.164812201231521 0.0468250947426105 0.0155286494984256
-0.135652710882237 -0.123275448652711 -0.0440064663644742 0.112671622412174
-0.146925159358235 -0.000970769687102843 0.0581180670746467 0.161353307101731
-0.0796787987447567 0.112014699081524 0.154464502626846 0.0654540776250407
0.0105640972926984 0.118881358107811 0.116546862068382 -0.0598325044655135
0.0734417872699247 0.0852069176625081 0.0412999839495233 -0.0725111246385788
0.100931047051618 0.0268328253253716 0.00653050795647135 -0.0368465484751092
0.0906702864074121 0.0029704805689128 -0.0105372704942319 -0.00954568481041295
0.0919282134569581 0.00159460688806955 -0.0175437694861702 0.0265989091824744
0.0946693412003593 0.0542210697904359 -0.0478837673059211 0.0520861007790727
0.0470727658524873 0.103970130610481 -0.0932234467167521 0.0476535569297652
-0.0151200032598626 0.137581355863814 -0.120109559462714 -0.0247624253897887
-0.12881342417124 0.0711637082613018 -0.069546006067821 -0.0813579004237907
-0.160532732680654 -0.0670826263751024 0.0298571605027427 -0.0694377445984083
-0.117459438325235 -0.160014995616789 0.0268673170309389 0.0284744783000561
-0.0285929350055024 -0.14573251026983 0.0624546301817523 0.0884448420279533
-0.0955664231268697 -0.138631300566254 -0.0358420180018802 0.135297118167675
-0.135699674265276 -0.0366897012515517 0.0256376342875456 0.172284012233222
-0.0965531920359136 0.0904210547352332 0.11969672263538 0.100943337478646
-0.00332160209426929 0.116760194133699 0.116287904380981 -0.00524797459968816
0.0643593962205685 0.0867347375219881 0.0737204187274225 -0.0344757880880238
0.097642595044427 0.0303715228788107 0.0471261154678551 -0.0222194639443949
0.0902058740403288 0.00349198984027512 0.025303937188786 -0.00679797219146835
0.0894242218080337 0.000601649741908014 0.0179475986185945 0.030065430345811
0.0888387204348349 0.0481178694502567 -0.0143714871247465 0.0645036770660349
0.0447488358887251 0.0978220605618679 -0.0694601644036725 0.0730664040923614
-0.0210860118172244 0.128201529281296 -0.114332297619419 0.00264363489929064
-0.12172998276044 0.0518178236696532 -0.0739649006140953 -0.0590610441750371
-0.128738489151881 -0.0735473103549349 0.0317026327772804 -0.0525157981931046
-0.0783091785616158 -0.138000735465476 0.0447701982632234 0.074851280028691
0.00973955670974829 -0.096975460099108 0.0692129668689242 0.147893728575257
-0.0407345573916412 -0.118441949720233 -0.0276154774484153 0.147374780166495
-0.0943633938818008 -0.0547095821519277 -0.00188049368068629 0.167910988451964
-0.086054283705989 0.0558924734935827 0.0801506631508856 0.11922936310349
-0.011077867220196 0.0908494221504086 0.105835154650655 0.0408169942108535
0.0461401026186585 0.0697742260886295 0.0974745433944567 0.00132937680291238
0.0773833857514801 0.0274586705269479 0.0808933905981679 -0.00892529439915997
0.0742260484583449 0.00396909071331922 0.0576590547008081 -0.00394317998271398
0.0746816477089667 0.00123761929758006 0.0483947808131429 0.0332419195175815
0.0722039687237481 0.0392838632076778 0.0153098782497281 0.0751346773068713
0.034735735369492 0.0836570820753354 -0.0498384415150917 0.0920158589100901
-0.0317053067677082 0.104818914029424 -0.108661625249405 0.0237686352409642
-0.106512040789962 0.0208896216319844 -0.0760497344314631 -0.0410795762940517
-0.0826734456526834 -0.0776425573914341 0.0296035100841611 -0.036935424968985
-0.0259744428149271 -0.102639162263987 0.0498569388091253 0.109551705357392
0.0444875902463683 -0.029669165987781 0.0728165020040423 0.180308868949417
0.0136142599871402 -0.0697699738062849 -0.0177894898902534 0.14521580899343
-0.0398684432843831 -0.0494375328640331 -0.0180040001209798 0.155765660171625
-0.0524090005022829 0.0208057790874065 0.0535101501359085 0.124876642698903
-0.00929067707724409 0.0497452941849954 0.0978750004163752 0.0685038754841981
0.0227602838147581 0.0392343806054451 0.112666183119235 0.0229954785205706
0.0449291112447306 0.0171652959042004 0.102940036584944 -0.00197092003354889
0.047050253710481 0.00332045990440069 0.0793607114315952 -0.00153282561714334
0.0502454497730724 0.00247852273745433 0.0702567657439007 0.035713774456576
0.0486724572757659 0.0279156949015274 0.0360793685023799 0.0843441088442226
0.0228247685188907 0.0621726331618481 -0.0374095128936997 0.108588211661496
-0.0380587409108937 0.073103747824875 -0.107565721093414 0.040672579140887
-0.0802868189530474 -0.00983318247540175 -0.0805995493966787 -0.0304742804572346
-0.0298523077698489 -0.0710997704335025 0.0222240541090591 -0.0274094129471551
0.0287687595875975 -0.0537964093386065 0.0407305224135793 0.127751915599663
-0.0583637839537526 0.000674942652202898 -0.0558032983540099 -0.138695024490953
-0.00900909456898669 0.0501956538486368 -0.0506705353545453 0.0367028910879127
0.0395909680613485 0.0169562749506863 0.0923005319638119 0.0465585118708257
0.0234103938775341 -0.0334417209688131 0.131602678263717 -0.0546940249612273
-0.0130480348887356 -0.0278691566635935 0.0404333027492397 -0.138167354287737
-0.0162870436264852 -0.0116765945557574 -0.057134974143661 -0.112756154522936
-0.0198139869682489 -0.00689317212723367 -0.0901157314684204 -0.0477786121470461
-0.0158340125345286 -0.00212568683904682 -0.0967832553682514 -0.00479011197110936
-0.00549305620485711 -0.00892755660557296 -0.109531132813314 0.005992001586668
0.00655459971310699 -0.00832494789467744 -0.121200675918834 -0.0171303929122977
0.00718583794425588 -0.00426855077696608 -0.107023110642241 -0.0691963876986451
0.0205420462377924 0.00811259508202726 -0.0562229105233939 -0.116747200703903
-0.00916056902656369 0.0378211302720325 0.0114284418458526 -0.142273457287937
-0.0644310754861055 0.0196172281669191 0.0379123924561029 -0.147948737140327
-0.0712967286482522 -0.0381648029269455 -0.055796042350438 -0.171914989664503
-0.0878985475831353 -0.0532554836878139 -0.0347876315892412 -0.133422423128271
-0.0653732498513663 0.0206623884455815 -0.0502256142434975 0.0454618550978351
-0.00860410997757504 0.0371476070422985 0.101341293146428 0.0629172957389576
0.0135736532699216 0.0151368757344536 0.14953053573406 -0.0496990413558049
0.00394851073400204 0.008820604471588 0.0514916739497633 -0.145689267372276
0.0155370724438302 0.00937857574648903 -0.0512886394672866 -0.118301236223939
0.0180858074392336 -0.00377159080936162 -0.0851188889395788 -0.050965327946794
0.0188936649800331 -0.0017712335762072 -0.09165433184257 -0.00719476706502493
0.0301946295503671 -0.00177687313011628 -0.102587914650483 0.0111820541049269
0.037229910509291 0.024381917537061 -0.120065391621001 -0.0036413189426563
0.00959358168004108 0.0427114405871106 -0.118427938199818 -0.0538196730453196
-0.00942424195622072 0.0510324389925824 -0.0762628246419349 -0.110123131664682
-0.0643902254412696 0.0384223657823104 -0.00530298933471014 -0.135788693271139
-0.113043775140885 -0.0275923797847317 0.0304250347310014 -0.127322242251157
-0.104892477818146 -0.101580853417851 -0.0449548927895088 -0.135497752755927
-0.100716367664809 -0.10563454810845 -0.00730180521275484 -0.104707518393452
-0.114825344174168 -0.0229021728989709 -0.0499210002862214 0.0634878605613115
-0.0650784323718164 0.0443891428262522 0.102163708113089 0.094060394713006
-0.00763044325888277 0.0659546464329082 0.166926906350207 -0.02644481517254
0.0182708474868601 0.0518111149038423 0.072767454329079 -0.138063714512942
0.0458418548290778 0.0358634809537861 -0.0308087752107405 -0.116290852912032
0.0545176878918517 0.00308685898583214 -0.0662886674450781 -0.0508670150618079
0.0501750479040982 -0.00156037687924318 -0.0742027706007496 -0.00884230435750742
0.0600035557660865 0.00117632431511367 -0.0823074284723262 0.0175902939564529
0.0664130776975957 0.0442502405291838 -0.106272227576425 0.0176899851658552
0.0239248948570204 0.0780930465775138 -0.123113304836462 -0.0201874998171375
-0.0179662483187207 0.094750501061401 -0.102840263217681 -0.0878209377646453
-0.103863262330582 0.0559904153828868 -0.032221871072686 -0.124543885880558
-0.152019761331023 -0.0507687956523662 0.0249247323925325 -0.106722559156322
-0.130188539819757 -0.141313976607444 -0.0259007069048778 -0.0835513584674646
-0.0935302921038692 -0.145693146179316 0.0209479300706443 -0.0541784670929124
-0.142829173868962 -0.0738247753836377 -0.0483052848328978 0.0880655708886438
-0.117145082458524 0.0331861374457322 0.0888635842463666 0.130826131236006
-0.0401974962956934 0.103663699886224 0.1724271335296 0.0134572255151375
0.0228003755128877 0.0917807521157183 0.0966249696213783 -0.110402997046305
0.0685042530567578 0.0619610421903641 0.000868548761630191 -0.101688990617931
0.0843550581402712 0.0126279777609172 -0.0345269844076351 -0.0464530916787523
0.0749413348765677 -0.000952104218811006 -0.0461745298126725 -0.0094849726976952
0.0807223207762266 0.000354303047918508 -0.0523141149854119 0.0236948039058358
0.0873411777651004 0.0511667724170845 -0.080146234391284 0.0386877891997205
0.0414893833133198 0.0971178635369469 -0.113437782266233 0.0188364611198277
-0.0126544711981848 0.125811691317464 -0.119820280310268 -0.0545313775150223
-0.122773418876937 0.074221519068602 -0.0567163524229471 -0.104480634721155
-0.170174817711002 -0.0567067176010368 0.0245541125402166 -0.0886368543960372
-0.137269907273155 -0.157491410283122 0.000757716924178966 -0.0278900917252086
-0.0682778287476671 -0.160809835227666 0.0460236775248321 0.0143555902312206
-0.138118595364806 -0.116586766207909 -0.0421818824991543 0.113868637028175
-0.144601767772376 0.00295374920688504 0.0624434593480537 0.159684723137788
-0.0740620511975827 0.112491671725626 0.156392768684568 0.0601626966522575
0.0149222574510917 0.116152025422854 0.112137049587707 -0.0632628700265554
0.0757164808356729 0.0801895312098587 0.0376969058357144 -0.0736620232385543
0.0996214428372854 0.0212525339277692 0.00524792563496451 -0.0370750094444374
0.0888570620737563 -0.000713719726839282 -0.0115806181290605 -0.00857744484801411
0.0903371334125623 -0.0020315968898485 -0.0170718575968012 0.0275077330143924
0.0951091889503452 0.0494882984292312 -0.0462371878147912 0.0550590456543467
0.0503229608907908 0.10184510769015 -0.0917517752735757 0.0519955325187766
-0.00926020527485738 0.135804423303979 -0.122147670490268 -0.0203057709160484
-0.124840850406354 0.0748849548107829 -0.0709122323145126 -0.0794399775287194
-0.161425946534443 -0.0604405260929048 0.0278367534070402 -0.0713797772584396
-0.120815119943183 -0.153463072563563 0.0277934078450569 0.025315645883044
-0.0316298650873733 -0.143411352891828 0.0637834631319548 0.0848536362480776
-0.0992054024123329 -0.133802167197997 -0.033947287717983 0.135067309331601
-0.134683705653304 -0.0324302641810796 0.0303700421565293 0.171437937825559
-0.0919775162676666 0.0919043595954083 0.122352022962377 0.0966434361331703
0.00111422981695593 0.114701610365191 0.113753295676954 -0.00857029343390064
0.0669623752012311 0.0824234086933784 0.0715248497649261 -0.0370262740558328
0.0971128670029442 0.0252881496935323 0.0458506217577908 -0.0247434862001824
0.0882553749286847 -0.000310437707525429 0.0238754652804911 -0.00729873506596347
0.0874699537524594 -0.00324231706909392 0.0179116814439991 0.0295864555050324
0.0893599818553766 0.0434430271733853 -0.0128121082937381 0.0657202595497744
0.0480098252458282 0.0952288661335912 -0.0674161665826432 0.0759969013247982
-0.0154782229413651 0.126194577210308 -0.11547468568687 0.00744582296868023
-0.118229204062287 0.0554589296202297 -0.0756325176780348 -0.0564229595016789
-0.130041504597685 -0.0681989228276394 0.0299460729322744 -0.0546791999789971
-0.0814726369330894 -0.1331102018373 0.0471986327182369 0.07040176519369
0.00746665391329864 -0.0965336635391805 0.0727317609349453 0.143231610635241
-0.044238078188908 -0.115602465051111 -0.025591510731315 0.146580234775473
-0.0951959014723053 -0.0518322603112265 0.0024766066566629 0.1679185985142
-0.0827143584533202 0.0578220043186177 0.0834143442153515 0.116185492408721
-0.00724416627642714 0.0897792396146662 0.105021664644153 0.0377261098593653
0.047953838900056 0.0669069369541696 0.0964813813245743 -0.0028506900962113
0.0770185288499059 0.0227645126782194 0.0793398680488326 -0.0132497878152014
0.0728249470126299 0.000404796915714199 0.0553940845966178 -0.00599649929275487
0.073356828675657 -0.00226147979763599 0.0477845404044026 0.0315299314971135
0.0726129939602881 0.0357156454666094 0.0168534430982921 0.0747513815736064
0.037957647310301 0.0815088926623973 -0.0471937961155247 0.0942842144736582
-0.0263957190972496 0.104547552322361 -0.10919413529913 0.0285381224975054
-0.104442164309955 0.0245310456857941 -0.0769308558941139 -0.038193889701036
-0.0848368292919217 -0.0740569932529474 0.0282485014459713 -0.0395277164134823
-0.0282005090761357 -0.100229971946624 0.0532686480272477 0.103924462304567
0.0438431290616847 -0.0316266483028266 0.0761997007270881 0.174596659722378
0.0114975677933517 -0.0699895879044937 -0.0161353119698197 0.144052119645845
-0.0412946964843076 -0.0478179699050208 -0.0141824195689005 0.156897980770533
-0.0510415934438571 0.0225320021022396 0.0571083300061169 0.122597425712155
-0.00666032044434024 0.0491843902847533 0.0987931299836517 0.0649536215507758
0.024239708832538 0.0373687111009042 0.112531688285531 0.0181496236536782
0.0444468759707973 0.0145405588147075 0.100819138079707 -0.00699396526446749
0.0461861857775621 0.00101330926881041 0.0767495730096583 -0.00496900876376018
0.0495118129794322 2.83870751748008E-05 0.0696307026095641 0.033023623720617
0.0488524516064174 0.0251931502489897 0.0378025567668144 0.0831957252231816
0.0252755953666493 0.0601647311603034 -0.0342557417094417 0.109654537741861
-0.0340935788978567 0.0738388399108775 -0.107122577643159 0.0446799730793845
-0.079852125831818 -0.00657992771865052 -0.0812837816954603 -0.0274576681812148
-0.0319652246838257 -0.0696614766305211 0.020951667758911 -0.0300972883305993
0.0273093386447507 -0.0543131803152554 0.0447472910769475 0.123259308617303
-0.0587861563977473 0.00196483004289965 -0.0579036749573315 -0.13597477733921
-0.007646927851534 0.0511096670411623 -0.0502188144995618 0.0388729438012951
0.039793999538403 0.0157512453508338 0.0932693871574661 0.0450569031512126
0.0221735952125213 -0.0347095307018877 0.131365656643735 -0.0579183997100921
-0.014366729385671 -0.0272247692881634 0.0386019754624287 -0.138870341893306
-0.0173977455278654 -0.0105097145810883 -0.0597008565212928 -0.110926500085705
-0.0200253912875091 -0.00524689596428967 -0.0900675553152946 -0.0455295417855594
-0.0159603157827561 -0.000717679221100857 -0.0948138896507315 -0.00220976047107092
-0.00670997003023214 -0.00833315521031883 -0.108503553152578 0.00986096079425935
0.0062192512615385 -0.00813114314703676 -0.121713911030064 -0.0131186152779412
0.0066949056639806 -0.00435356007975199 -0.108741747343031 -0.0664613277769509
0.0203315920802549 0.00715902849778117 -0.0585149736069739 -0.115744868078166
-0.00813461514680763 0.037473960046396 0.0100613782804467 -0.14369477667356
-0.0634110810389818 0.0217049284473936 0.0366857005658042 -0.148787667088136
-0.0715677267695164 -0.0362597560475093 -0.0578307696940595 -0.168617267789405
-0.0889437975788235 -0.051677959481261 -0.0376243331993339 -0.131279964363047
-0.0641201695763588 0.0228264189372597 -0.0500031978545721 0.0476514016821608
-0.00726964026360322 0.0365311244756711 0.102081237515078 0.0609575248221279
0.0142199694076225 0.0139061883787664 0.149037890091723 -0.053257962475717
0.00355341349147589 0.00849156679699568 0.0487684010177522 -0.146145096421937
0.0145426521192899 0.00930954805189243 -0.0535443671045809 -0.116619821213575
0.0171260111370124 -0.00360831539112363 -0.0852670133090793 -0.0487462226686833
0.0177599033008549 -0.00123391111568797 -0.0907094223507577 -0.00441806280181844
0.0293013426139963 -0.00202528743800121 -0.101680262571399 0.0144272726978794
0.0370079147133179 0.0230429506193944 -0.1206319721523 0.000240586001068952
0.010079380045913 0.0425844257430998 -0.120244898712877 -0.0507880364116045
-0.00893793010280281 0.0498338431828529 -0.0784201897790216 -0.10868876076814
-0.0629920134574632 0.039147786123392 -0.00640523618317639 -0.137233111964938
-0.112400783432396 -0.0245765108892597 0.0291498292557052 -0.128618405647284
-0.10594133938748 -0.0984517226324343 -0.0463775745002873 -0.133123961961404
-0.101881476688359 -0.103472229717476 -0.00989472801727342 -0.103417804551604
-0.114084109679466 -0.0198090530650852 -0.0503982918838979 0.0659771002304497
-0.0631113841079714 0.0446343320517429 0.103256285441266 0.0926676164797267
-0.00560671436365058 0.0640378956951451 0.166662066929073 -0.0301229126614406
0.0186581513947949 0.0507391113483726 0.0692506393473168 -0.139071810415844
0.0458579630521214 0.0339328878898892 -0.0333414602625065 -0.114653264903056
0.0536080536188324 0.0018538819959493 -0.0662088648522821 -0.0495046237539751
0.0490104445948249 -0.00197429923889875 -0.0733096305290564 -0.00622327534774424
0.0586728802955059 -4.19385074960773E-05 -0.0817051713426365 0.0198535839213759
0.0667844494671413 0.0424187905207609 -0.106170296730724 0.0216605048466424
0.0253319334560611 0.0773191404359818 -0.124391070897302 -0.0169709722700529
-0.0165863458857415 0.0931451165992825 -0.105159084837895 -0.0854327009671359
-0.102014953406739 0.0571563234846215 -0.03329432147947 -0.125142893084472
-0.151684994086233 -0.0469951313133602 0.0238401271440433 -0.108611446883057
-0.131366826727027 -0.1377429625729 -0.0268186329230633 -0.0831295945696656
-0.0947224284566518 -0.143641993347979 0.0191776257618669 -0.0536853299310078
-0.143288561132598 -0.0696700146044389 -0.0487203462698144 0.0900543154124503
-0.114784244910727 0.0342277585052265 0.0910181803473782 0.129546842578475
-0.0371489046759711 0.102161115461364 0.172932388488565 0.0102791235549476
0.0244971412114964 0.0901298488225352 0.092809025341227 -0.111519538320078
0.0688578137709503 0.0591584445721437 -0.00192152732759807 -0.101171681662902
0.0829208646568658 0.0100407783788582 -0.0351714621036589 -0.0457827022226421
0.0733981201684196 -0.00238247245353001 -0.0464001486067097 -0.00733437115017245
0.0790825839980106 -0.00180698975873656 -0.0515999690702076 0.0255147345022826
0.0878968702125301 0.0481834049387578 -0.0796428015584302 0.0425585869594449
0.0433545801689095 0.0960501308052794 -0.114092550117228 0.0223351766365402
-0.00965366211789923 0.123905434291336 -0.121888111656682 -0.0512551756083583
-0.120308512100286 0.0759110108264388 -0.0580759667346943 -0.104323883517228
-0.170148495550085 -0.0532437311621513 0.0239187121157421 -0.0899398594222945
-0.138775020004321 -0.153289853656827 0.000564939544419961 -0.0290473617547603
-0.0699882677984981 -0.158694849005509 0.0453126748513969 0.0135759959327868
-0.139081728539319 -0.112726990280738 -0.0425705942335323 0.115038414120926
-0.143039325772414 0.00430490325947086 0.0648517313319415 0.159016159802552
-0.0699887286384185 0.112331991441757 0.157835113870158 0.0575689174966156
0.0174381651318996 0.113739434657267 0.109330926669599 -0.0641000226264923
0.0764552930064751 0.0767255118170072 0.0356776252728848 -0.0740665011296659
0.0983960864936018 0.0179564655720798 0.00448729605572776 -0.0376166516081872
0.0867153470873364 -0.00277908083118433 -0.0125280543926606 -0.00768548144181541
0.0883820272299415 -0.00446947948049365 -0.0166864324572699 0.028412580574586
0.0952228256263973 0.046253389851493 -0.0462292363692703 0.0576799569724525
0.0525920089914774 0.099670412979628 -0.0916241764469105 0.0551448780978609
-0.00565649644240644 0.133509886974671 -0.12426746830288 -0.0164845463011374
-0.122208835761792 0.0767817816855153 -0.0718618940572722 -0.079233683807774
-0.161664039243038 -0.0565526072075004 0.0264492029390509 -0.0732894484001743
-0.1220821228258 -0.149589312160897 0.0285284115982279 0.0229392676751756
-0.0331078697498006 -0.142098157171188 0.0641775225272659 0.0832145635687951
-0.101231133903992 -0.130564529047485 -0.0342485562071024 0.135363170190816
-0.134111357073662 -0.0309648193042088 0.0326161675819859 0.172111648365419
-0.0883033102979618 0.0922618109456948 0.123953611030738 0.0942371445941266
0.00390711701896813 0.113096846650234 0.11173662161561 -0.0104025644034214
0.0678340645958074 0.0791135262695325 0.0700552895355911 -0.0381438057699792
0.0959815662466857 0.0216899397756345 0.0444851511909853 -0.0267509792563071
0.0863970057241654 -0.00252736373419063 0.0222116554959935 -0.00740578088877186
0.0858630126085525 -0.00589971103114664 0.0176124722808808 0.0298104046678632
0.08931791232239 0.0405103037742009 -0.0122524490826272 0.0669894340351988
0.0500254688572768 0.0930916209583516 -0.0667664080531692 0.0784030950968435
-0.0119957621020965 0.12481850251884 -0.117220151923874 0.0110043941432035
-0.116585848496773 0.0574030448020327 -0.0763811738543955 -0.0554265768741323
-0.130317915154951 -0.0651410088873385 0.0282124394351991 -0.0567111863636008
-0.0823963642204747 -0.130154906449051 0.0481024167881077 0.0669545934870101
0.00641171266361414 -0.0968566405624308 0.0738350167435336 0.140157503447153
-0.0464840202986109 -0.114264859292805 -0.0259881272801165 0.146326852440037
-0.0955944550112476 -0.0505660870587981 0.00469849783913567 0.168937593541463
-0.0805871314717518 0.0583927417082063 0.085577971938273 0.114748557134695
-0.00461458896382029 0.0890960053937063 0.104371067738417 0.0359302529639877
0.0494593994395547 0.0643716930606406 0.0964554263738003 -0.00539682920231108
0.0760102893459024 0.0198700905428303 0.0784023549292124 -0.0158332553422619
0.0716046312824684 -0.00148573573932751 0.0528361043830448 -0.00711070483857261
0.0718837085023209 -0.00488375844190098 0.0477081931655393 0.0309774900231893
0.0726978556593651 0.0334340018853077 0.0173819754860677 0.0746737945131757
0.0396884244178105 0.079590285509718 -0.045839720509998 0.0959773401612486
-0.0231071627389751 0.104029033626358 -0.109906419084258 0.0319124465090029
-0.103170620952016 0.0266175633797648 -0.077671550997592 -0.0368636801131033
-0.085334198313939 -0.0723285298573631 0.026324553250647 -0.0418248598806373
-0.0288307784845685 -0.0988027727663991 0.0551900662179755 0.100596079873763
0.043261208724651 -0.0326400401460737 0.0782237321393506 0.17105285341864
0.0100146949202623 -0.0701955658846944 -0.016220538699915 0.143392248326144
-0.0422542370690728 -0.0472681005678739 -0.0118410746420673 0.158444429611138
-0.0500318035980836 0.0235029599238993 0.0590033997156685 0.121397597174345
-0.00482482179076884 0.0487825157388613 0.0992263540372968 0.0630999443037735
0.0246849547523649 0.0363153411857144 0.112835652688822 0.0145937101006369
0.0441269090746913 0.0128471928619212 0.0993086127599258 -0.0102559280162296
0.0454018214763416 -0.000609770097658419 0.0746671925511799 -0.00652239475419568
0.048832338466236 -0.00168236293264718 0.0685142350579463 0.0316281521559664
0.0488482217127023 0.0239570078604785 0.0388048670269687 0.0821705759443069
0.0268280391302615 0.058908100642464 -0.0321658249191611 0.11153638472718
-0.0311276053764753 0.0740669013928862 -0.10774276562762 0.0479329251166401
-0.0801833568887114 -0.00475282320050909 -0.0818723059019779 -0.0260627248928158
-0.0329239917334451 -0.0686682710075108 0.0191900937557491 -0.0320550198982305
0.0272991580653239 -0.05475005334221 0.046938363457094 0.119807543345119
-0.0598412468097654 0.00268192511267999 -0.0604909476586952 -0.135045878393094
-0.00604588017504863 0.051990008301551 -0.05033355994903 0.0409280551803908
0.0400609405932515 0.0152213735137604 0.0942252590238431 0.0443044230702084
0.0212631460574487 -0.0359508590162302 0.131559896153857 -0.0606880269617294
-0.0159588761235751 -0.0268199279237152 0.0369766825148833 -0.140836735272532
-0.0181405322291041 -0.00918707043690281 -0.0619802653669255 -0.110160029111254
-0.0202119480992911 -0.00442760311093642 -0.0906342635343633 -0.0442846880725993
-0.0158557495520744 0.000958560383749722 -0.0939885099618814 -0.000435773478055482
-0.00730638700536922 -0.00786710690256855 -0.108821367240105 0.0125770238311973
0.00567876007061513 -0.00851583870087454 -0.122545376179253 -0.00957179613981482
0.00598687129648359 -0.00415143783287478 -0.110920537248455 -0.064877668873707
0.0204823373362461 0.0062645740325868 -0.0598528107209951 -0.116090975080471
-0.00728003671466734 0.0379929410000621 0.00950785279431286 -0.146472341329718
-0.0620697307454969 0.0238935226006313 0.0366980926334482 -0.150739175943461
-0.0719638296781232 -0.0348633657731924 -0.0597375157740828 -0.166893720140476
-0.0902746880223707 -0.050793352217879 -0.0394444275896454 -0.130656119769722
-0.0632440806812339 0.0247690049907295 -0.0502541716613422 0.0503930628026591
-0.00606644682024264 0.0361587899613859 0.10344352463334 0.0604514584662573
0.01449414143164 0.0122362522591491 0.150084528050289 -0.0565582104017764
0.00284148579722738 0.00874450831145293 0.0470888617893526 -0.148054824344525
0.0144503067017313 0.00932787219489443 -0.0560258940255338 -0.115190193378303
0.0163386598250836 -0.00351336476377039 -0.0861330588953212 -0.0474333089175417
0.0176399092570354 -0.000517766035013923 -0.0903293906885404 -0.00260778000761827
0.0281855349511914 -0.0023070232256017 -0.101792938046284 0.0167649229746611
0.0371333256310191 0.022096318378113 -0.121530537493484 0.0035887575126975
0.0104601580934811 0.0429071530706048 -0.122410486085825 -0.0480748998716484
-0.00830914148134991 0.0496073583214134 -0.0807253712354476 -0.108213897678059
-0.0621958253177944 0.0398848071233425 -0.00714644592012142 -0.140027894439708
-0.112279456877856 -0.022091438760146 0.0288695325229312 -0.130531750020043
-0.10717277774866 -0.0962467295405124 -0.0478793044601573 -0.132656619288703
-0.103397457522709 -0.102667573109933 -0.0115426242670598 -0.103005561395196
-0.114045039259678 -0.0165850376257904 -0.0510276982395154 0.0687272062891995
-0.0619103109181513 0.0452745669394927 0.104941411532964 0.0923833462301911
-0.00424157255886089 0.0627514629486492 0.168389814319231 -0.0336871289806769
0.0189042004676365 0.0499704802102977 0.0675082613853957 -0.140563873041725
0.0457129565139093 0.0330787090775319 -0.0354533419726659 -0.113874440800945
0.0529184347241603 0.00108471027271194 -0.067030861674062 -0.048589986923317
0.048221398409817 -0.00166225415538821 -0.0732223706067097 -0.00507537941062892
0.0578906193368393 -0.0012226201695134 -0.0813560095055134 0.0222254751633688
0.0666983393571641 0.0406186665216077 -0.106970221897529 0.0250946246498912
0.0267583687086118 0.0775364552835209 -0.126149828576204 -0.0139038985501967
-0.014791862134838 0.0928604381744406 -0.108164257020653 -0.0842734355451528
-0.100755589766105 0.0588383027741916 -0.0342563549036758 -0.126761147942078
-0.152245108205268 -0.0438324496137047 0.023347094043252 -0.110666313785815
-0.133096569054477 -0.135474919746512 -0.0275409326646674 -0.0835174562084316
-0.0965183436827143 -0.142962248496076 0.0181562236202181 -0.0534273278824887
-0.14467625254397 -0.0663816916844964 -0.0494900266540128 0.0933407551174808
-0.113723039487131 0.0346916471438872 0.0926864735844126 0.130140162443218
-0.0344403068431157 0.101584386427383 0.174860856327774 0.00819313928011696
0.0258235698183099 0.0891602084403825 0.0912254881696135 -0.112790858834898
0.069469690240322 0.0572713025570204 -0.00365158901708234 -0.100904159211642
0.0818641140581351 0.00761230008045718 -0.0355485452220052 -0.0456413205316427
0.0723756779660016 -0.00292684323550396 -0.0465508153412537 -0.00572110492732548
0.0777434912415989 -0.00324421851956264 -0.0510907676974375 0.0269078017564136
0.0883527001740436 0.0466625255318492 -0.0802978599053613 0.0460372237861228
0.0453003418758488 0.0954509538188498 -0.115239147401259 0.0257225252478511
-0.00744253385241757 0.123775511938341 -0.125600552724161 -0.0490295133301757
-0.118775858383007 0.0776406915675894 -0.05909859138652 -0.105637690588573
-0.171309159875718 -0.049462079801458 0.0225706145526803 -0.0923288741232834
-0.140686323569501 -0.150527834504451 0.000266957994114068 -0.0304339913121139
-0.0712418440399377 -0.158331316800988 0.0448193709212022 0.0130743927081735
-0.141252762002461 -0.110191368193562 -0.0436159929395792 0.117771180096753
-0.142639387031583 0.00505272880633367 0.0668086483305471 0.161270684712469
-0.0678946257944991 0.112019457116674 0.160182858917725 0.0557070789497079
0.0194722736643381 0.113117554260336 0.108012339002389 -0.0650578021442064
0.0777551628172382 0.0746796178406609 0.0342227428321135 -0.0747050091476914
0.0976838686333528 0.0150543732118957 0.00396431573552207 -0.0385688779759942
0.0857105416287747 -0.00409279725299372 -0.0127685752006505 -0.00649416374287826
0.0870088003883777 -0.00631632827870486 -0.0165347295783886 0.0295855567709385
0.0958922177056854 0.0437877325023813 -0.0463261909366324 0.059973354461449
0.0547314209889362 0.0988155753810812 -0.092344500189109 0.0582270326268393
-0.00282984347993317 0.132677509651535 -0.126960655401244 -0.013801709547857
-0.120669703745266 0.0781897002313938 -0.0734302658484588 -0.0794045874055331
-0.162738912867309 -0.054250667086904 0.0250545986017213 -0.0757050773814262
-0.12412934753642 -0.146416588625839 0.0290793211001564 0.0206442414570151
-0.033895732654367 -0.1425715249796 0.0648180679738401 0.0821213396488928
-0.103133074483473 -0.129228277785591 -0.0358631121327747 0.137119616064528
-0.134528799846126 -0.0302026966915628 0.0348964420039765 0.173847587954508
-0.0871773586977255 0.0926049426155071 0.126368082591276 0.0935636206302583
0.00554930136738046 0.112751997017968 0.111355099567082 -0.0105333325969731
0.0690742568115801 0.0773427053575245 0.06989683654037 -0.0393157033618057
0.0951395636809267 0.0190683430576383 0.0440181128382366 -0.0283906581963968
0.0853941215710358 -0.00427610117179986 0.0213836433522781 -0.00755553613568687
0.0847357835899436 -0.00776403950108574 0.0178763296462988 0.0307521332359542
0.0895516601340316 0.0383180872390288 -0.0120630060630249 0.0692797620764825
0.0518530077889794 0.0923202185105763 -0.0661920886226582 0.081913161355974
-0.00867492815082193 0.124657146433407 -0.119489046570108 0.0142869233003287
-0.115568109093296 0.0590695805591248 -0.0775608941178346 -0.0549720355768949
-0.131880804002046 -0.0631606470366246 0.0277078095536635 -0.0591703583712095
-0.0835670953859509 -0.128682465570943 0.0488661076035569 0.0641568558459518
0.00605944057343043 -0.0976744279414964 0.0754510961534646 0.138353018839392
-0.0478099050730412 -0.114030889605018 -0.0277226569704662 0.147558174043021
-0.0965122081937072 -0.0500586377338043 0.00585801346056615 0.17151933408465
-0.0799035285017005 0.059273700384107 0.0874108249631081 0.114083370794248
-0.00294954682328967 0.0890917133490082 0.105094112643745 0.0353942332028337
0.050116183804196 0.0628141743789775 0.0968389795619657 -0.00694966870333027
0.0758687378211324 0.0178946835896234 0.0774549906709693 -0.0185163239700091
0.0709882823275754 -0.0030555960719738 0.0516890276964524 -0.00739517695284025
0.0714242222947931 -0.00676963002872709 0.0474604458750002 0.0308396208180792
0.0730479445449247 0.0316964446180532 0.0176480288479443 0.0767851494842646
0.0419400494280774 0.0785862332835097 -0.0452333410662597 0.0987627566952612
-0.0202483763283858 0.1040913244867 -0.111886506861006 0.0354816473110357
-0.103112474852408 0.0282696644563323 -0.0789577038296136 -0.0368084588173255
-0.0868534438761716 -0.071401173868986 0.0260838373898266 -0.0435241664111199
-0.0287558370288664 -0.0985288673617338 0.0562916400902186 0.0977914892692482
0.0431557056998064 -0.033861166329825 0.0791417680362056 0.169501787008205
0.00926951511695472 -0.0706835791709383 -0.0176912537538255 0.144445870523947
-0.0431786312266057 -0.0475612019712833 -0.0107718318820911 0.160861545865618
-0.0498052341404059 0.0244481625487758 0.0609085370208102 0.121536741764665
-0.00351824990617737 0.0485656577081154 0.100471795024816 0.0623454576456291
0.0251879002749533 0.0349800913661899 0.113942257267057 0.0122719557024789
0.0438330872503649 0.011823040759647 0.0988768913853373 -0.0131117526913619
0.0454828283793373 -0.00151265523637805 0.0728074180402836 -0.00758598847577386
0.0482380313066934 -0.00364179983633168 0.0679022954333695 0.031667122807358
0.0497258235809242 0.0228595316679867 0.0391903959412685 0.0825922449627928
0.0280611126186327 0.0581582674938128 -0.0309842684606509 0.113532261456849
-0.0293864730210897 0.0742727002319443 -0.108979623413086 0.0514770884335263
-0.0805253824806804 -0.00326896699499712 -0.0829911016579432 -0.0253480005082604
-0.0337356918237361 -0.0686987593787445 0.0186958712511168 -0.0348609693118725
0.0275148294120285 -0.0559819729410408 0.048489013365669 0.117521825268997
-0.0576792204627356 -0.00875886895153903 -0.0343830482772496 -0.145556719091423
-0.0146160675804689 0.0493410147129353 -0.0608004443114961 0.0314653646230059
0.0351363685137007 0.0231924630377896 0.083305232872728 0.0644514465350172
0.0253485303353262 -0.0292381837381799 0.143543185087816 -0.0345263663920359
-0.0107040699839064 -0.0266902954722966 0.0648535387224093 -0.13182683430322
-0.0163886351047917 -0.0110005724455327 -0.0390330890646477 -0.121331977046615
-0.0194667742687869 -0.00643484158515794 -0.0810506837309294 -0.0626117563925065
-0.0158111624691104 -0.000880164322768319 -0.091579314909373 -0.0194675982391717
-0.00602694599523772 -0.00878656951219844 -0.109389517813704 -0.00860387396326012
0.00684291876730614 -0.00708214207407704 -0.118188626761846 -0.0344066960172287
0.00661287997310671 -0.00265185756736137 -0.0963848884134885 -0.086365926094025
0.016771221661185 0.00992090340979909 -0.0331331888232604 -0.127805500832048
-0.0161084054492323 0.0349873836741387 0.0408355106747883 -0.144397636271535
-0.0668277641854902 0.0102760687710804 0.0693662898242062 -0.145157352888577
-0.0633679038339212 -0.0493880498571218 -0.0231620422555841 -0.181278874253777
-0.0755734778469942 -0.0659203702131942 -0.0148568863326293 -0.137933206195077
-0.0647983309125739 0.0124792362914317 -0.0608338809069447 0.0396757830597932
-0.0139266441018599 0.0342676270977891 0.0889118043878936 0.0804705959119467
0.010524662976347 0.0153094748625764 0.159699756918717 -0.0267267376142067
0.000660484460407973 0.0112888312982453 0.0753883129391999 -0.136853567631654
0.0116272317650044 0.0131077815166392 -0.0325292059011176 -0.124806317247857
0.0159444490504562 0.00120275183831065 -0.0752009526534862 -0.0646285438281351
0.0171702518313025 0.0042967249285347 -0.0876937741805532 -0.0206517702672821
0.0275924820043228 0.00404103778871658 -0.103761308603063 -0.00240031546621148
0.0315641614488063 0.029203834483605 -0.11989486249393 -0.0197049010971968
0.00124648867630141 0.0446161716926211 -0.111636863484067 -0.0706836666077822
-0.0197152687891095 0.0453509820254256 -0.0570906773041899 -0.123366070159762
-0.0709813733765254 0.0240407088058895 0.0208123832305929 -0.141549270111006
-0.106201427503292 -0.0456796736483799 0.0569302101850216 -0.127728069369701
-0.0842298918337306 -0.117238251769258 -0.0189857249707294 -0.144725816603674
-0.0776955363838926 -0.11875242035872 0.00754767943198925 -0.106152098596307
-0.106934260681597 -0.037124813535337 -0.0636639520838623 0.0561581774445453
-0.0696045235643116 0.0315704525517465 0.0837107126762715 0.110993706588823
-0.0170469446926971 0.0593888584223747 0.172546348803364 -0.000549365784221685
0.00803544945384994 0.0540974925246337 0.0927726119091482 -0.126322891502645
0.0377926933486494 0.0419873635532114 -0.0137014057202165 -0.119268884943933
0.0501401819984351 0.0111799267243813 -0.0565180694947687 -0.0620533005481137
0.0478933512329841 0.00864953103434238 -0.0709957323216216 -0.0193915072584711
0.0557563315641921 0.0117504702608886 -0.0845082566082854 0.00637975712601271
0.0569648030823992 0.0530123784640168 -0.109954233147156 0.0055377726609849
0.00994907421031925 0.0814847875264106 -0.12245326891701 -0.0359438893275703
-0.0357211394888499 0.0866749371201237 -0.0904557090167878 -0.103691551669538
-0.113750076776818 0.033633066028747 -0.00985883409879011 -0.133774684438991
-0.14069018943175 -0.0764111521073227 0.0473161956180704 -0.110385771498741
-0.100993236164573 -0.160967178897873 -0.00987224120858744 -0.0916708695677852
-0.0632351241478412 -0.157280866450623 0.0274487671396863 -0.0514069194867722
-0.127272741213199 -0.09114597398684 -0.065414654122749 0.0795582860602975
-0.118444000350949 0.0109522802536535 0.0643474630274374 0.143653099112497
-0.0535578219210234 0.0900360249199082 0.169680486449931 0.0412168482535171
0.00636694024480154 0.0928904912487054 0.110836592903622 -0.0944303386665769
0.0557382870532765 0.069366228142369 0.0145367410826005 -0.100116310785607
0.0777186031985403 0.0231264801008608 -0.0257474583647712 -0.0521836429929846
0.0720172089207618 0.0118894422641857 -0.0444732568477975 -0.014899395705301
0.0756252792249408 0.0131648982736177 -0.0560466619505304 0.0176896522372725
0.0767936146616776 0.0632383436854087 -0.0885737705599243 0.0314155409610673
0.0241216684121887 0.103453431192467 -0.118879472838467 0.00612899476375432
-0.0345246600419453 0.117508404580084 -0.114988839325767 -0.0706879430178929
-0.135332195646904 0.0484485529766712 -0.0402394421456281 -0.116760705582644
-0.157690295471359 -0.0859629115336965 0.0416328639618445 -0.0927494132550419
-0.104924877875903 -0.177992884806663 0.00665903781678814 -0.031571976018067
-0.0367443004966604 -0.167448387421935 0.0417485327037269 0.0189027473826082
-0.11679703054769 -0.133190651431201 -0.063161707772814 0.104848296238883
-0.140730639394023 -0.024102116800604 0.0330718755857446 0.167888163927577
-0.0877135297560874 0.0931617274054649 0.145570694020299 0.0847865126610271
-0.00453260285432204 0.11411947989472 0.118754019105921 -0.0443530588829909
0.0602978329858686 0.0877756073762044 0.0466836415264982 -0.0661420649764146
0.0915866163302044 0.0327772982782637 0.0122073011771201 -0.037025724269935
0.0850255558621593 0.0134828662321663 -0.0121184760038085 -0.00855306407770646
0.0852032541883511 0.0116785802751758 -0.0220350053618842 0.0271921240239925
0.0844503211820491 0.061699542623141 -0.0576276305079107 0.0524798800898456
0.0332031751905129 0.10849720365582 -0.102457986620644 0.0434903538347768
-0.0314478498463381 0.127776407706963 -0.124912766037775 -0.0356934214318802
-0.137785785588472 0.0492235015748465 -0.0601836854984903 -0.0927914597991482
-0.148508846803506 -0.0887972992212495 0.0408998617247691 -0.0755022787142138
-0.0891304937255556 -0.17074258218941 0.0238110310469536 0.0258763972574903
-0.00460920389825131 -0.144982330153322 0.0478109057021708 0.0909320127083854
-0.076700766036656 -0.145013192691182 -0.0591085164103914 0.126515094829654
-0.126725667788244 -0.0573646592106076 -7.2136199272794E-05 0.174549226214356
-0.102846159782971 0.0710558295978877 0.104918340700719 0.115662202204225
-0.0181235987816626 0.110381285482573 0.111220184145906 0.0100485793299063
0.051544608362465 0.0887586131824281 0.0753830008987815 -0.0253110273240931
0.0888000862472051 0.0357817509786569 0.0497312548279911 -0.0189946086848385
0.0849184716944321 0.0130775500063316 0.0214060432559797 -0.00225218850868718
0.0832368335968022 0.00965021946323001 0.0107541111452819 0.0345115866703223
0.0797436889775551 0.0548330919714502 -0.0263931891996447 0.0680113748204349
0.0322832852754874 0.101345245299215 -0.0818583871497476 0.0714336680329692
-0.0347586928442411 0.118985191292658 -0.123191612208685 -0.00617789351056891
-0.127873896548106 0.031756194927744 -0.0696240722242136 -0.069448710547066
-0.115451873332605 -0.0905259230442901 0.0394596669280142 -0.058335403028259
-0.0531582977099953 -0.144552902067967 0.0346412169316345 0.0738430774276885
0.0241462060732781 -0.0937129160617456 0.0471521396687996 0.149458327582177
-0.0261881738621225 -0.120828004739006 -0.0542513432842439 0.139850544533973
-0.0861467629028269 -0.0695686526349479 -0.0272848700762526 0.167737022230477
-0.0898037692479185 0.0404883229739644 0.062557185741369 0.128405921854002
-0.0216446112153847 0.0850664992215141 0.0964836931702476 0.0543384076830535
0.0357180350332943 0.0708535900142042 0.0960534198603109 0.0121603474295449
0.0700444743131554 0.0306230908130019 0.0811664364838262 -0.00251506611871338
0.0702247496966294 0.0107469005779844 0.0503887208509772 0.00348298368674659
0.0699599715750672 0.00764424378030667 0.039313491820894 0.0403894420777869
0.0648059447945869 0.0452075117062253 0.0014110903216718 0.0804435575075606
0.0248201719437922 0.0854746902313813 -0.0642943966563833 0.0921427678898618
-0.041593668199349 0.0969255757147739 -0.120630370600947 0.0161710630537707
-0.109295450098933 0.00461518135564825 -0.0746044625904653 -0.0517709749425688
-0.0696266260541656 -0.0895986674797363 0.0348998840775705 -0.0427059981382866
-0.00591776855052172 -0.103428626254219 0.0347551976157716 0.109333524420017
0.0469198618661794 -0.0247907251946959 0.0458739867961261 0.181239809173396
0.0205907890721236 -0.0683560148579264 -0.0461491101870628 0.140506749182306
-0.0353075918433359 -0.0562204962546546 -0.0420392916027009 0.156035813566609
-0.0541478095551074 0.0132607073231614 0.0352187973125192 0.131300681086869
-0.0143716025502337 0.0461483037943747 0.0874403446808199 0.0806046402031968
0.0171653689056022 0.0388749223860834 0.110102016051177 0.0342626983780349
0.0402632244506802 0.0189251919194397 0.101115857917373 0.00684577970740791
0.0449917112453934 0.00744868866960738 0.0715226273014431 0.00763013113155304
0.0477232723303085 0.00618550994295796 0.059814103539937 0.0450521384337392
0.0440678933871207 0.0316779969025424 0.0209101006814184 0.0902233736635543
0.0159682357617848 0.0627322623393512 -0.0535215684552924 0.108537365415165
-0.0437569069703936 0.0668968097589358 -0.121054569062149 0.031648000238655
-0.0799308158222569 -0.0211915224872338 -0.0802015017955425 -0.0425090331941578
-0.0182040178179888 -0.075678409587941 0.0265832177825113 -0.0339914775170967
0.041167678104169 -0.0495625279809023 0.022791474583424 0.127783037538467
-0.0584900103040818 -0.00772688689700747 -0.0364530320739279 -0.14503821225672
-0.0133502336777588 0.0499854701289299 -0.0611784562490226 0.0346285962860403
0.0359285407816992 0.0226401275104759 0.0846725256314999 0.0643724412744082
0.0246797400394308 -0.030170859191728 0.144112451257639 -0.0367940083837878
-0.0115918955215547 -0.0259706259835538 0.0645183738226097 -0.133520795567368
-0.0166915721339575 -0.010335273712446 -0.0402644943119145 -0.12007090255166
-0.0198596425882063 -0.00494411545866838 -0.0817411829846689 -0.0612285525000394
-0.0156709519561921 0.000489245485113002 -0.0909459854190299 -0.017912924561265
-0.00665302757647678 -0.00778710691503063 -0.109098967483259 -0.00560738529436848
0.00576527430615383 -0.00719356549886247 -0.118684352350825 -0.0311273599777465
0.00588559685963533 -0.00303799036664056 -0.0983261069032138 -0.0851202768588095
0.0170588259657008 0.00906282989767816 -0.0346500807297807 -0.127841673746031
-0.0150243162649389 0.0350704562539602 0.0407118010361784 -0.146871258339003
-0.0659327442134885 0.0124932012154166 0.0690222380984482 -0.14615636541714
-0.0632950048723629 -0.0480962036068081 -0.02346051122289 -0.179109278923781
-0.0764791584424528 -0.0647173555417866 -0.0163300581767262 -0.137675660659491
-0.0638557724311925 0.0144346552630663 -0.0612367404552363 0.042231967380294
-0.0125890835846898 0.0338428455279305 0.0904855811881758 0.0804436614549777
0.0105228410786678 0.013928414937161 0.160080748560727 -0.0296642753100435
0.000395595873974005 0.0115978775082808 0.0737255549342207 -0.137878548149185
0.011307919269081 0.0133012430944669 -0.0343774414920825 -0.124209921108304
0.0150101798333983 0.0012623777120721 -0.0761603504400981 -0.0629782352898378
0.0174516195804392 0.00522497087368771 -0.0871708078498292 -0.0191900174150006
0.0262386194607083 0.00434846214961647 -0.103853229520009 -0.000329623862821297
0.0312924797943772 0.0283872976904209 -0.120828965460218 -0.0161899895024312
0.00162343800541304 0.0444778322640526 -0.113717615477413 -0.068800200367705
-0.0189746011952288 0.044931984763663 -0.0597049650904764 -0.123031421808237
-0.0699149946646121 0.0252153545604827 0.0208035226085322 -0.143892649429378
-0.106310771636768 -0.0433485384988879 0.0570546275814669 -0.12955835294008
-0.0842998325594973 -0.115244617555587 -0.0199527931206839 -0.143054611488103
-0.0786076819900009 -0.117936211450929 0.00641346690234762 -0.105418683396314
-0.106436473457442 -0.0346714903511615 -0.0645631664033818 0.0588715559527322
-0.0682474604009628 0.031700240435573 0.0853365038036612 0.110832677077595
-0.0158352835001167 0.0583886236222658 0.173150478119608 -0.00343792956116586
0.00831651521867998 0.0536132215557286 0.0910159287751448 -0.12760412883553
0.0378098013486221 0.041191159591507 -0.01537675621537 -0.118662968883263
0.0494328711719327 0.0103178322708159 -0.0570327698272583 -0.0610737594922922
0.0472562700608264 0.00915039913128644 -0.0713890813267316 -0.0176291808155473
0.0549356175432803 0.011092502851757 -0.085111602517102 0.00902002568570106
0.0572505339690886 0.0513105087169737 -0.110997422366051 0.00917380569091729
0.0108393973183032 0.082003932750366 -0.124400237598973 -0.0333908269530021
-0.034140417489217 0.085870999368482 -0.0928911715995359 -0.102933091503532
-0.112153332407073 0.0347262084249727 -0.010979253041044 -0.135908354574133
-0.141669537809277 -0.073688949482826 0.0470596361132109 -0.111708747736053
-0.100977022510639 -0.158224147892696 -0.0104015752107455 -0.0915381854359323
-0.0645818362830456 -0.156054100501057 0.0265973150823332 -0.0513201136434298
-0.128057407161227 -0.0883352225327901 -0.06611178160921 0.0821889052126186
-0.117384161631509 0.01226628286311 0.0665906566603255 0.144454009595192
-0.052137345628434 0.0887289378860028 0.171721620804972 0.0385789521808884
0.007601548207263 0.0920830490463694 0.109202384008071 -0.0953965806720353
0.0561925733299593 0.0677689980182526 0.0132560225521476 -0.0997741538018696
0.07645820177045 0.0215076469810422 -0.0265348091750624 -0.0520931352103498
0.0711762561619863 0.0117721933328851 -0.0451529147021848 -0.0136063709137205
0.0746828886309969 0.0124291791085453 -0.056601990310976 0.019093496767153
0.0771578990482037 0.0606625412627324 -0.0882174139081058 0.0351680510115525
0.025906066366929 0.103342774382634 -0.120231448426311 0.00907096211720331
-0.0323590172216359 0.116683491186524 -0.1182521464125 -0.0691318751189933
-0.134175740148112 0.0502464394490924 -0.0414612486869983 -0.117516153143603
-0.159125182549682 -0.0830703332807767 0.041685589537493 -0.0948925445305416
-0.106120212071568 -0.17500970357285 0.00649908496430577 -0.0325745871348133
-0.0375177308123473 -0.166976187002942 0.0413055002595926 0.0181901108122392
-0.117717122258775 -0.130990821114565 -0.0647518317147259 0.106968075457195
-0.140538372990952 -0.0233662424156607 0.0349752282432896 0.169909718196082
-0.0862126304470973 0.0928382241312523 0.147813185636235 0.083328857715579
-0.00308396416471761 0.113272455969921 0.117987637367544 -0.0447455020604051
0.0612802812240077 0.085976390972024 0.0466663283125071 -0.0665773380271675
0.090920341359989 0.0303167510225313 0.0112978251193302 -0.0377570883758447
0.0839346741107268 0.0122607289140148 -0.0127687142928425 -0.00748725294197432
0.0840790158773296 0.0101059942282261 -0.0227261036163645 0.0281179033375748
0.0845998525745646 0.0593932207962954 -0.0574384049380572 0.0556137642624881
0.0348099964571078 0.107975784247479 -0.103423415542618 0.0463253400645246
-0.0287515278057714 0.126905775833764 -0.127629831755349 -0.0334086467056674
-0.136826230654713 0.0508573826540885 -0.06118727351683 -0.093216468903646
-0.149257815651709 -0.0857653902719799 0.0403485454609231 -0.0771837187640663
-0.0896348840819976 -0.16819437392907 0.0244497879514149 0.0243370279945233
-0.00478462470647302 -0.145117285601222 0.0481407488342443 0.0899115648650176
-0.0780998246281011 -0.14408042403369 -0.0606633795828617 0.127955668089146
-0.127461459148308 -0.0568532572595755 0.00141949066375055 0.176740388670242
-0.101292520919388 0.0716880879988633 0.106175672982342 0.114570759132503
-0.0162513649284774 0.110415868365278 0.111342710597941 0.0100779969769842
0.0522789475022049 0.0867788826646974 0.0758372035885496 -0.0264047215587123
0.0879277124564506 0.0336073736564469 0.0490482656374282 -0.0203203643314904
0.084203538077315 0.0118367634329514 0.0201668124371866 -0.00160756642214121
0.082079269583085 0.00797987578868699 0.0108145028238843 0.0349100863854883
0.079786782762124 0.0525792744129515 -0.0255921661336541 0.0704443267644416
0.0340533937461317 0.100593037992289 -0.0815195489080068 0.0739919374119532
-0.0320503247011953 0.117966764119369 -0.125462183508728 -0.0029000246530339
-0.127029577374213 0.0334310397456134 -0.0705318327496222 -0.0693574831149178
-0.116132621497504 -0.0893091038780735 0.0389453265804176 -0.0600811401875163
-0.0529702111066559 -0.142924069541191 0.0355121909404281 0.0719129994113032
0.0239734403010709 -0.0942309200603663 0.0479996830378161 0.147718164796443
-0.0274213520300893 -0.120460632884214 -0.0561399390416358 0.140701216061617
-0.0877734183919411 -0.0697797247378476 -0.0260282385213253 0.169650697317012
-0.0894735989271833 0.0411249685992428 0.0639414720961555 0.128295486460427
-0.0203073828946768 0.0851548873885039 0.096701522518061 0.0542735871854206
0.0364620327117336 0.0698184691298998 0.0973797226233094 0.00996884673734117
0.0695357291948264 0.0291208751874958 0.0805539155242248 -0.00456976079675517
0.0699996220629529 0.00938958745977335 0.0497274703045912 0.00323929921229129
0.068967181606812 0.00612187401964408 0.0389549609202616 0.0407743834991204
0.0653139087222758 0.0432047314163194 0.00145912052028843 0.0814022492807134
0.0265632209841472 0.08484852917059 -0.0637110791508323 0.094089457919406
-0.0388179854801433 0.0968370396970553 -0.121622606636191 0.0186631826608747
-0.109072116402361 0.00606925616303757 -0.0748753039925411 -0.0511215101390813
-0.0705238682264733 -0.0883145834268778 0.034319094314398 -0.0447155390593007
-0.00578837833738043 -0.103330413651743 0.0358275638113399 0.107018560087569
0.0471254532674172 -0.0260871794175484 0.0458920227461539 0.179572490265341
0.0197171263885368 -0.0694860069800973 -0.0475774816503199 0.140932705883252
-0.0368694553003821 -0.0563937611041943 -0.0408156332298978 0.158057639509651
-0.0538415422298587 0.0144018666576614 0.0360539155185914 0.131528381184021
-0.0130674840737433 0.0461515220788031 0.0883042474865771 0.0804332983003293
0.0175525342612105 0.0384290750858367 0.112114417359696 0.0314663498049107
0.0403645835585413 0.0178529979295284 0.100543675398016 0.00427369394741305
0.0453139456448511 0.00611915565997117 0.0697766696211719 0.00670849278208854
0.046384402364209 0.00481442659164783 0.0594221010782219 0.0449911440704525
0.044375145622452 0.0302758856473253 0.0211680070606568 0.0910808256580636
0.0175251404316568 0.0620131525926081 -0.0529961380591687 0.110069437879846
-0.0413420993870018 0.0673819583691295 -0.12244007509868 0.034427193251198
-0.080320385273307 -0.0199656040490427 -0.081492921318005 -0.0418250592701303
-0.0190180109497767 -0.0759259715883362 0.0255474472218253 -0.0361805031300371
0.040695803269258 -0.0504142850785897 0.0250120809136218 0.125787602194467
-0.0593524274767282 -0.00759819036085946 -0.0362762831039107 -0.145380442051858
-0.0120683736151164 0.0509810822449764 -0.0616649629744324 0.0369055613357834
0.0361769145326154 0.0224416221789745 0.085758743090187 0.0654950165845297
0.0244063111235438 -0.0308577227695239 0.145798957598344 -0.0378577214684647
-0.0119052699922932 -0.0255909702941632 0.0655448443902786 -0.134843502743571
-0.0167259427079301 -0.00913351651207455 -0.0400737557198611 -0.120133772967846
-0.019792861190568 -0.00381981004916452 -0.0816181959739758 -0.0599321000333341
-0.0151168134541448 0.00193194032122912 -0.0904361532964222 -0.0172083946043211
-0.00743924114493259 -0.00646586413218618 -0.1087278631363 -0.00418050652171443
0.00505707250307838 -0.00743942592425843 -0.119481632747346 -0.0297356883863816
0.00588830000453294 -0.00341299836493641 -0.0991967723010838 -0.0851548995397868
0.0171872441736172 0.00810379662549853 -0.0342621205754332 -0.128626603709514
-0.0147571718092828 0.0351662424048594 0.0422613094926276 -0.148194515982252
-0.0650468451655887 0.0137814081915859 0.0714566148593576 -0.14670811894327
-0.0626904684524335 -0.0479983832233117 -0.0221760715563451 -0.177463774435392
-0.0766504193976556 -0.0647639493713333 -0.0162487529579725 -0.137656092961977
-0.0630058251816024 0.0155144199259561 -0.0628427939586648 0.0445749216473712
-0.0117012361846888 0.0337575170215528 0.0910651289958498 0.0816265347978127
0.0105110412115963 0.0126818297854762 0.161785877655514 -0.0309634579404193
-0.000211427997138597 0.0112384970845942 0.0743613642209394 -0.138732016733471
0.0110463068363372 0.0135872338660007 -0.0344808837229838 -0.123703262344823
0.0148349594355993 0.00199407252183235 -0.0761057535893525 -0.0625086669252407
0.0173735026747424 0.00610656276183215 -0.0869797534909469 -0.0183937195413855
0.0257052488173535 0.00504148277454552 -0.103904574677768 0.00150817676408146
0.0305508955110083 0.0283058384195473 -0.121320244108076 -0.0141516981682574
0.00165725854128532 0.04443025511743 -0.115314385967744 -0.0684431016506424
-0.0190617852547582 0.0441740137234657 -0.0600156473353933 -0.123334239831031
-0.0695276991889542 0.0250870040653032 0.0219408939679954 -0.145739970806094
-0.105296395666029 -0.0422271975972579 0.0594244498282483 -0.130112480332208
-0.0831381496292106 -0.114613910867905 -0.0186825856379411 -0.142409398670667
-0.0785086200420784 -0.117915855829319 0.00616810158396248 -0.105489706928966
-0.10611604040138 -0.033528987095432 -0.0658100382869911 0.0612763773385511
-0.0673704763670972 0.0310699616340796 0.0855601211808117 0.112347356634196
-0.014994258900157 0.0567828501973974 0.175227421036708 -0.00418566360498972
0.00838443783251134 0.053301787385937 0.0920933834921124 -0.127362896410959
0.0378177401131006 0.041007998674822 -0.0151017289530947 -0.118108970954109
0.0488589799443263 0.0108383263932551 -0.0574710113297373 -0.0605935683831045
0.0471509878257727 0.00975660805665543 -0.0712391531506247 -0.0169239970351763
0.0538980454373215 0.0117236128267161 -0.085139460324409 0.0105149280330238
0.056721083035139 0.0509851794770335 -0.111498530210642 0.011493278817062
0.0113245323216666 0.0818193619918947 -0.125773352542788 -0.0325584457136431
-0.0340292677969148 0.0842820636552778 -0.0942418191264964 -0.103199005720281
-0.111970181665054 0.0343448392612913 -0.0106404710595553 -0.137683644581357
-0.140731898589008 -0.0723495866866201 0.048708805728724 -0.11298173550523
-0.0991345127405519 -0.157545707803744 -0.00926635972368824 -0.0912403048202514
-0.0638600703212243 -0.156274020818486 0.0263346276139041 -0.0516149139006808
-0.127803214308154 -0.0878215338148674 -0.0684379118157302 0.0840053666236703
-0.116712940534812 0.0106024139788525 0.06592816318821 0.146506460807854
-0.0512641199659558 0.0877535697670856 0.172536655864129 0.038609175919088
0.00747482853794009 0.0913329810058483 0.109544548581139 -0.0944164370870421
0.0558570675126363 0.0673867775102304 0.0139960265819316 -0.0995928213279684
0.0758443271068643 0.0212383709147637 -0.0267870407599967 -0.0522274212055921
0.0703380604420036 0.012154428500402 -0.044959244281871 -0.0127564751713295
0.0736743922476382 0.0126079167548922 -0.0570319951377194 0.0204869409332519
0.076645992311737 0.0596738841338141 -0.0888178615140025 0.0376165573660398
0.0266232332882715 0.103066118360648 -0.121829148389423 0.0107624185451344
-0.0317213427387958 0.115183202474812 -0.119707706035824 -0.0685987154749183
-0.133419455420421 0.0497675437587828 -0.0413986900353456 -0.119554851216299
-0.157891601220672 -0.0830472506877418 0.0428799337724028 -0.0958767173492192
-0.103372446562448 -0.174428605956484 0.00656615171207351 -0.0332080505665062
-0.0369015268429332 -0.167625519923825 0.0407450159337606 0.0183067437072557
-0.117649367401174 -0.130442208586962 -0.0668898034565308 0.108404449780019
-0.140466904523323 -0.024046306469806 0.0344927944376761 0.17102419464631
-0.0857378879273369 0.0917662317569765 0.148594896905703 0.0834271334338642
-0.00290476734169512 0.112316527152357 0.1174194621006 -0.0438957300696037
0.0608013985897592 0.0851220552566592 0.0468205765286068 -0.0665926679673209
0.0897977493104221 0.0297562278651278 0.0111211446425394 -0.0380967350669222
0.0837179612423706 0.0123586191229228 -0.0131501502915059 -0.00666886030864725
0.0827403235711836 0.00982481518697817 -0.0232211953036745 0.0290941155942975
0.0842960225858808 0.0585786187081395 -0.0581730020020511 0.0585310733910721
0.0354049780286825 0.107636132472079 -0.104292794650675 0.047911054055117
-0.0276253898411185 0.125823769517076 -0.12948756075012 -0.0319908523070108
-0.135871175579526 0.0509893188803537 -0.0611515323541952 -0.0948498964294392
-0.148962168363781 -0.0856201422311922 0.0409600585831082 -0.0788045102510905
-0.0874678274259897 -0.167683779644304 0.0238599049293831 0.0228442838788719
-0.00378153675087438 -0.14530726328397 0.0470597610618866 0.0893764588995772
-0.078240553508586 -0.143985944654425 -0.0634986388900333 0.129164727494276
-0.12776652056144 -0.0578334143273886 0.00063802013951921 0.178299321147907
-0.101576855133953 0.0708771727797479 0.10710625247529 0.115122313249653
-0.0159305070193234 0.109638301145634 0.111065704730786 0.0111565894528242
0.0523412606385872 0.0864564913451508 0.0768677475762433 -0.026671468785913
0.0872714795084653 0.0332323905259632 0.0484832131461163 -0.0211844506574109
0.0835436391393386 0.0110488504639414 0.019674816184252 -0.000948715970209294
0.0807554359412864 0.00681304670943059 0.00981919073354144 0.0358215304859135
0.0798347852869757 0.051762818903667 -0.0265058341113772 0.0719585351453407
0.0348544847307263 0.099729765608338 -0.0824699219576598 0.0754069768631021
-0.0308953728064168 0.117133809467341 -0.12765565234296 -0.00161120962701299
-0.126653902253964 0.0333150990233813 -0.0704976679712646 -0.0704833222675136
-0.116548642004784 -0.0890038966137905 0.0389598586674325 -0.0614856408667984
-0.0509946913034681 -0.142581221366438 0.0354419881397055 0.0701495246630516
0.0254660806867845 -0.0946274121619005 0.0459950044949968 0.147082246159486
-0.0274553568143071 -0.120755464103299 -0.0593153502134428 0.141424285863776
-0.0885858967830892 -0.07032700727899 -0.0274017841118596 0.170956262568672
-0.0892668911844864 0.0410974581324607 0.0637824120099532 0.128694056860291
-0.0197025169959455 0.0849905724197215 0.0971259437455152 0.0554134550889993
0.0367206796240209 0.0691004278820796 0.0988259191935985 0.00904510579638685
0.0692106037875734 0.0279638215310692 0.0804244573083996 -0.00582219079389507
0.0698411286783921 0.0090132726163273 0.0486515069171649 0.00423244026412726
0.0681950487756609 0.00532243428930734 0.0380943363028527 0.040684649577143
0.0651531317398528 0.0424557764312882 0.000866775277435855 0.0831293085816725
0.0274005400924045 0.0841928482459763 -0.0644122140596746 0.0959185333330979
-0.0375561831951544 0.0959725796451884 -0.124079745638809 0.0209229589930716
-0.108687697927796 0.0064119002104207 -0.0753068231783056 -0.0521184910688427
-0.0700497427480693 -0.0881617569860871 0.0337668951301 -0.0463569057692284
-0.00436330156947124 -0.103464770272383 0.035921836340899 0.104918946234951
0.0475269298335564 -0.0260653944094812 0.0440843434845954 0.179200239208962
0.0195796044575247 -0.0699400981139154 -0.0506976266526287 0.141188688850547
-0.0377990096431201 -0.0569732653644155 -0.0424471832937543 0.159466213185591
-0.0538892187065411 0.0143722657005745 0.0360305283127021 0.131994747209128
-0.0129078765422913 0.0461724354787176 0.0885553455941571 0.0811861655341643
0.0176016064627225 0.0380547213007482 0.113318827978887 0.0308342467033281
0.0404108872923946 0.0172645352470658 0.100278587293342 0.00316693155114177
0.0453464714844922 0.00573751644426625 0.0690676556399091 0.0070663064405186
0.0462491961024504 0.00398360156142404 0.0585492742510454 0.0448725728893461
0.0445358342626397 0.0298705716995689 0.0212042669741908 0.0916500031337575
0.017902470144145 0.06132283187839 -0.0529343031968425 0.111259348970554
-0.040445412220324 0.0674521123392032 -0.123348813786607 0.0361395966470624
-0.0807584517067245 -0.0195092714764253 -0.0811321567325923 -0.0422544686548214
-0.0189562379762002 -0.0765834789247156 0.0250543095536365 -0.0376943909271312
0.0418640522546518 -0.0514082232051291 0.02476383605026 0.124609667668356
-0.0604582442625491 -0.00746426990846827 -0.0352460695977421 -0.147242291871726
-0.011559469519947 0.0518692339757002 -0.064075808384138 0.0386941080524596
0.0371761487695007 0.0229071469002318 0.0868045997809929 0.0686809412483962
0.0242268346328171 -0.0320597826507138 0.149126089156947 -0.0375056254031151
-0.0119931442517612 -0.0255995379758853 0.0689993948865421 -0.136983579235072
-0.0170441182198756 -0.00861796553929294 -0.0388795112094507 -0.122148149176154
-0.0200843604600975 -0.00322932087152898 -0.0815748620912667 -0.0606374994074005
-0.0150894138393931 0.00275448781489497 -0.0910600866171992 -0.0185286848539402
-0.00794949465688363 -0.00564254624496813 -0.110277936783613 -0.00399735261991661
0.00422463186474488 -0.00715232132812212 -0.120227481254825 -0.0302609021835221
0.00510026869785806 -0.00312344408707575 -0.100288075022636 -0.0868926838339893
0.0169803050394093 0.00762031793301872 -0.0326397839029227 -0.131290846944242
-0.0148611535296226 0.0356773290503731 0.0456767186525387 -0.151358619292503
-0.0646713305705013 0.0139084354042884 0.076846625300111 -0.147891418171273
-0.0619612605044121 -0.0494785624387366 -0.018336538035868 -0.177930704342922
-0.0770631769613716 -0.0665031053898573 -0.0150624107132404 -0.139219985913999
-0.0627061897817672 0.0158977380895522 -0.0653050326083952 0.0463845100389301
-0.0113892993582252 0.0331197734353295 0.0914621287930534 0.085248394809036
0.0103946784967069 0.0119385400015072 0.165055323943101 -0.0300812848852699
-0.000956111472929533 0.0115135827831369 0.0786209484486317 -0.140381539198743
0.0108185282453999 0.0142834696624062 -0.0327580942075671 -0.125242196110042
0.0141157367930483 0.00262157637030748 -0.0762549832756529 -0.0640259933252496
0.017504980960428 0.00728427507789459 -0.0878719944637504 -0.0190127039800081
0.025603946082855 0.0061914117510651 -0.105310417233782 0.00140410194200981
0.0297808722461297 0.0285561103805279 -0.123260473707504 -0.0141181413280498
0.000639001442724941 0.0450401070176062 -0.117541242095325 -0.0701526358792988
-0.0196500099578921 0.0427755348030906 -0.0597336714239508 -0.126254948525527
-0.0699349268744667 0.0235953765992878 0.0253747667603242 -0.148960436759605
-0.104934057715234 -0.0433076254076786 0.0636507940207106 -0.131799978188678
-0.080863738441146 -0.116382657623993 -0.0156090815621637 -0.143079735877662
-0.0778947156715999 -0.120592750137501 0.00792054835575568 -0.10647039717841
-0.105602082240401 -0.034104132259409 -0.0688280101025514 0.0635824240677879
-0.0676342654505399 0.0301337401810314 0.0848744479805719 0.11602405003923
-0.0161165526583124 0.0559814820662533 0.178121301171724 -0.00243423336139773
0.00723306639394961 0.0534355259562277 0.0954447036967996 -0.127908939825014
0.0371619236003205 0.0415926191664508 -0.0137965781431561 -0.119962771891429
0.0482030422927894 0.011697043862661 -0.057609991254544 -0.0616548258698303
0.0474400760716538 0.0110885229347522 -0.0718374154947961 -0.0171698850541384
0.0539289695228057 0.0128966518549809 -0.0871245082259431 0.011232881986102
0.0559380740910789 0.0521603127700497 -0.113156918643692 0.0122144780384125
0.0102281056522147 0.0833227495009351 -0.128430277932623 -0.0334587872139236
-0.0350101600108298 0.0834466170643477 -0.0953316809370736 -0.105345241118376
-0.112976773361504 0.0330981832006997 -0.00744167117975366 -0.141663284940062
-0.141018784217389 -0.0743186905851345 0.0526100495671381 -0.115298523650365
-0.096125580801483 -0.159628315027665 -0.00800258524250718 -0.0923204234448802
-0.061444097878228 -0.159065448462244 0.0272922866468152 -0.0518563513213347
-0.127566947706865 -0.089140142204727 -0.0722312684523314 0.0864849170165218
-0.117501660718215 0.00895832754752218 0.0647764529894191 0.150663758019554
-0.0529971351551629 0.0868578431597832 0.175689820705768 0.0411982629931237
0.00640119702713148 0.0916613077487289 0.112760911756948 -0.0940041381792928
0.0554604858137609 0.0681335861370624 0.015851086083617 -0.100732683869391
0.0755782552712064 0.0219248814545278 -0.0266170390568788 -0.0533809086036394
0.0707558640175253 0.0134166258083586 -0.045437314662681 -0.0124469274756382
0.0732510133133354 0.0138206367598336 -0.058716091242099 0.0208619384175734
0.0761739453869178 0.060710612286707 -0.0907857958711082 0.0396389482559154
0.0254593211092001 0.104595450190416 -0.12502651832273 0.010359632426471
-0.0332028803215615 0.114693355780381 -0.122325628277362 -0.0701475128298905
-0.135016770763959 0.0479562186261723 -0.0398466522214168 -0.124098218694924
-0.157932769556894 -0.085323930265253 0.0460178757451212 -0.0978889771199376
-0.100075828496138 -0.17648621618097 0.00761012862300009 -0.0339725198992072
-0.0336351085804125 -0.170065959610914 0.0400146392117894 0.0186112065431218
-0.116865261708679 -0.132265940697257 -0.0718708848264572 0.110766566784308
-0.141402298601271 -0.0272647528086653 0.0319880101740295 0.17575254485679
-0.0875822732126451 0.0905333545229896 0.150424525991043 0.0867136013951162
-0.00457070629779811 0.113415958300133 0.120198746898896 -0.0420741490092385
0.0602269822987127 0.0860268604969937 0.0493435893682818 -0.0676089120445171
0.0891878417825057 0.0303879040259635 0.0117194515038557 -0.0388304046368479
0.0839456619462116 0.0133628831624787 -0.0135680215902124 -0.00613707940227949
0.0821652824567223 0.0110985624949408 -0.0247486626544204 0.0297198244952968
0.0837454354650408 0.0591635436644261 -0.0601346521051601 0.0606992506607114
0.0351113055947469 0.109100859313378 -0.107498607691667 0.0485580255099313
-0.0290271044870114 0.125243961630316 -0.132711336778324 -0.0322716843325159
-0.138112183761156 0.0494897411735653 -0.0603497376773921 -0.0981655823243259
-0.149133741692305 -0.0886692685999594 0.0430972636118746 -0.0801032152253719
-0.0837103741233685 -0.169929059168029 0.0243179303391177 0.0227125590722035
-0.000851742929278972 -0.147363208621593 0.0455625241261875 0.0902347504846379
-0.0769445798589613 -0.145928462775936 -0.0693471553233115 0.131105824836221
-0.128432445359181 -0.061111991070154 -0.00276668870423254 0.181933403902679
-0.103618495614876 0.0692599404528289 0.10714289879539 0.118472552457307
-0.0177748207409176 0.110032857800421 0.112874565115102 0.0135552339319406
0.0514091465467065 0.0875913843600839 0.078955013792005 -0.0268322471886566
0.0868398663851169 0.0331231278688429 0.0492541801783523 -0.0221654410086482
0.0843917473884314 0.0121863250692086 0.0191023481127444 0.000228207554366898
0.0801140322233634 0.0084869791488782 0.00900084764052412 0.037035259873239
0.0791136666861131 0.0525352872967157 -0.0279814450607286 0.0746825849001787
0.0346085376593861 0.100965002311918 -0.0855289426590921 0.0768486594042998
-0.031833892978125 0.116670776049831 -0.131053063468175 -0.00128762194737575
-0.128774265319524 0.0322435954270682 -0.0702294330798778 -0.0733325135628316
-0.115949315413747 -0.0914577389932409 0.0399702368391479 -0.0632954316917658
-0.0482177077591013 -0.144621655206095 0.0346622354334161 0.0698144548165658
0.0278196093703903 -0.0963453183113118 0.0436364132104662 0.148666470721902
-0.0258964248599788 -0.122689846889094 -0.064668467369487 0.142834857544061
-0.0890510464815948 -0.0726971704189788 -0.0313953260605791 0.17390276080025
-0.0912408251233007 0.0401768047445632 0.0625376936352901 0.131873065128349
-0.0207994168557214 0.0853805856367813 0.0980808377822663 0.0582375095356267
0.0358126499330926 0.0699020615593578 0.101151580350522 0.00959260936405778
0.0692491771204744 0.0283786925564462 0.0809055691138755 -0.00658632276798666
0.0703756757054632 0.0090345347220917 0.0489296029799954 0.00583334158467926
0.0677148283760534 0.00613702810328298 0.0375078360175911 0.0425245939614347
0.0648931774586101 0.0430253138523577 -0.000888136556174774 0.0853847447718666
0.0269323377756006 0.0849914167343328 -0.0665121979098953 0.0972413352176183
-0.037957995474359 0.0960654212817899 -0.126958400513106 0.0209230724730904
-0.110347255084749 0.00519073211997227 -0.0758459812910981 -0.0549453802475205
-0.0694432735421631 -0.0905182408393019 0.0345088637793537 -0.0481359021888419
-0.00214248162818557 -0.105272870625216 0.0345793975836164 0.105383487488242
0.0495369196666084 -0.0268978033934114 0.0404720869351303 0.180592614952819
0.0207821574557397 -0.070793817720847 -0.0567786207411699 0.142508238394462
-0.0383596400297394 -0.0578576929604325 -0.0457124275936618 0.162290027090826
-0.0548683334816759 0.0145662490199792 0.0335703962319498 0.134628840171806
-0.0130599163640983 0.0463097820215265 0.0887346689013646 0.0837392788267332
0.0171835315557471 0.0387496755124677 0.115228906888412 0.0303431087958151
0.0402940930686783 0.0175338480819597 0.101460661013534 0.00241016117666629
0.0457072726075538 0.00559267936604859 0.0691914166995973 0.00860940282649363
0.0463763664528195 0.00427536013149521 0.0578554298985047 0.0465720930568651
0.0445184170921363 0.0303948020888173 0.0194185845213186 0.0933978157734784
0.0180867717273966 0.0618778389523992 -0.0550909938193908 0.112929134193617
-0.040457282797904 0.0678060420782271 -0.126480401446712 0.0367850949279934
-0.081970764642215 -0.02039824757934 -0.0818432891229972 -0.0444932677272405
-0.0180166486241048 -0.0780039526957072 0.0255881552539034 -0.0397907968086747
0.0434729893763579 -0.0519696746695983 0.0228975208037148 0.124647622818058
-0.0630678726909021 -0.0082838614615792 -0.0347276020037179 -0.153594300526995
-0.0113298285083771 0.0539599057715478 -0.0674231677352312 0.0412757468155021
0.0389177333898064 0.0235963991430798 0.0894770929029216 0.0731392934698312
0.0253346203291276 -0.0332997161947676 0.156027736999395 -0.0380805465010604
-0.0128481266793387 -0.0267458528353101 0.0748149012168285 -0.142480061662707
-0.0176226732234301 -0.00890815629922021 -0.0375379788397253 -0.126960237505175
-0.0205466681610275 -0.00272571320882665 -0.0827773066884473 -0.0630110453146309
-0.0148340942097646 0.00390681637163536 -0.0930131724367601 -0.0198669277041548
-0.00821258499649326 -0.00492688540503851 -0.113766290407638 -0.00424935587830474
0.00371805063695753 -0.00716836728435573 -0.124336953408281 -0.0321505566453816
0.00482015798958414 -0.00363024253236891 -0.103322504084498 -0.0913421376117661
0.0169868133215707 0.00710531354901376 -0.0310877471723291 -0.137064498837598
-0.0151433898620383 0.0366857866136187 0.0518110439107316 -0.157807586885376
-0.0660801711454298 0.0150262489445288 0.0841131918605796 -0.152084499491901
-0.0625315436384314 -0.0525997163915165 -0.0139049746756635 -0.18232167275776
-0.0792987034073856 -0.0693937219148358 -0.0132891232093888 -0.144882885957273
-0.0639960611499144 0.0159721428601978 -0.0688502410513949 0.0498235048921588
-0.0112900419764124 0.0335760804232907 0.0940810352440464 0.0904304328985513
0.0100492154091583 0.010954591947368 0.172632206518266 -0.0288843027090405
-0.00150438099975916 0.0119753773143106 0.0839781873518734 -0.145053503107863
0.0108738860763919 0.0150093475420679 -0.0317640922665203 -0.130363103485031
0.0144810790365349 0.00404185274416408 -0.0776151679542066 -0.066100430834001
0.0183470198931541 0.00887040443641003 -0.0904405415287592 -0.0201811225261617
0.0257351147537288 0.00770281293089352 -0.108938656360912 0.002262618541842
0.0299689938799029 0.0301091875509376 -0.127285079128467 -0.0148262315842936
-0.000295845569081892 0.0460651734124182 -0.121770627617856 -0.0738000551907159
-0.0212774273918609 0.0428848578929772 -0.0597594627563708 -0.131589243310176
-0.0722982080292238 0.0232787258729801 0.0302210045248303 -0.155809384956392
-0.106789462979957 -0.0452603534692226 0.0702217983119097 -0.136183216682115
-0.0798726138318683 -0.121905993129373 -0.0126902577909369 -0.147070714821103
-0.0781738828866603 -0.126116548075747 0.00955978945403986 -0.110457381362348
-0.107263945925742 -0.0358730230354805 -0.0732070517598699 0.0667864472107785
-0.0694389839567068 0.0289989490439697 0.086693942051259 0.122980389069462
-0.0173157194862147 0.0559213657826787 0.185419337578035 7.42729298199551E-05
0.00644354378844565 0.0550726411354501 0.101307326661431 -0.131084549524419
0.0376549090464484 0.0434163373068972 -0.0117745689666771 -0.124410447358753
0.048788483990581 0.0133295167744128 -0.0580638723066465 -0.0638614943723205
0.0489797828354199 0.0128968724629401 -0.0742037513032679 -0.017856562846169
0.05478311453889 0.0143947085864477 -0.0903039281139569 0.0116795356151013
0.0566766287439955 0.0547901204724377 -0.117723926768176 0.0132441163217041
0.00957371489054611 0.0861908498501599 -0.134230257774606 -0.0356328334790977
-0.0371790584765417 0.0846914955442343 -0.097863564540686 -0.110189687667144
-0.116474208257375 0.032065372093584 -0.00425842045483175 -0.148586156370346
-0.143167268532335 -0.0783400462192295 0.0573454942705726 -0.119430272140384
-0.0947229347036546 -0.166702497999661 -0.0062150773329758 -0.0954167141309603
-0.0604724820468849 -0.166076275882621 0.0286950293582133 -0.0533230234944721
-0.129040080024021 -0.0932384653667944 -0.0775782605601627 0.0909146595941914
-0.120963712005705 0.00623557686415414 0.064697480434349 0.158186544871111
-0.0556737960279766 0.0871670008198155 0.182506123142154 0.0451779068778799
0.00494447828450701 0.094465798701764 0.119574913221161 -0.095499547794358
0.0559109758677325 0.0712907851600051 0.0185717022168023 -0.103885416494177
0.0767826287399514 0.0234573754859597 -0.0263633586131496 -0.0558388822142173
0.0727494373399115 0.0146423859374675 -0.0472780434472399 -0.0125080396701082
0.0745155867193005 0.0158937294666688 -0.0614965734334099 0.0228878404666877
0.0769672277560506 0.064067643336546 -0.0944524759949209 0.0419284353579053
0.0254015062004786 0.108371964287961 -0.130759779820556 0.0102283624047723
-0.0359078798115733 0.116779424338095 -0.127431913356743 -0.0734043226440491
-0.140386001223906 0.0471237959617198 -0.0382315968582455 -0.130481047860938
-0.161908816619226 -0.0902201693345543 0.0495261597637207 -0.101756872058159
-0.0980253224332224 -0.184599154648677 0.00800538248863438 -0.0353445177750568
-0.0310270981706866 -0.176871824691814 0.0405020988996133 0.0198958213889342
-0.118084868301809 -0.138264372632876 -0.0785411838736621 0.115264953107798
-0.145417800330955 -0.0310425722863136 0.029920065031837 0.183759969917471
-0.0920739918804861 0.0909059131269004 0.155047006564162 0.0922447167061097
-0.00682133291614393 0.116609971680339 0.126451710720345 -0.0410077780674216
0.0607771310491961 0.0898791563625893 0.0531734604521129 -0.0697182215701959
0.0910072764557614 0.0322633776040029 0.012228725363284 -0.0414232925105659
0.0859054283509697 0.0147297381792702 -0.0144596198071547 -0.00564572397298343
0.0841666274279186 0.0131194637320428 -0.0264466425302426 0.0318685934409547
0.0853229479213718 0.0621841790261033 -0.0632480628750668 0.0643785040087779
0.03517558357611 0.112899051867997 -0.112971476999959 0.0508346724664861
-0.0308479156058608 0.127258126208743 -0.13839720933906 -0.0341355134759214
-0.14297974881321 0.0489862516938924 -0.0604179531946498 -0.103968171207861
-0.152344344437039 -0.0936041044942319 0.046364078803877 -0.0840646691335445
-0.0819351188510723 -0.176362666965658 0.024219613928291 0.022320563089269
0.00283620264476505 -0.153085239955503 0.0444608001784516 0.0934352802979118
-0.07648006765185 -0.151480529797444 -0.0765522074441124 0.136012388411464
-0.132423596567562 -0.0657461669045619 -0.00729507211330381 0.189992730618085
-0.108101712029431 0.0692625601431067 0.109845882529943 0.124638907689825
-0.0198802013065894 0.112828245788335 0.117523582346177 0.0165864535481252
0.0516573948231643 0.0910949938387111 0.0832735416371472 -0.0275479448422877
0.0884442448361541 0.0350654766392335 0.051443213600289 -0.0235255591557024
0.0860587245425787 0.0128293263599292 0.0192066955879298 0.0011147718143447
0.0811992584288355 0.00956691134643883 0.00783411542355355 0.039393981531594
0.0800393474108741 0.0548231825570649 -0.030463825794709 0.0793683418479343
0.0347042973692717 0.104512243700038 -0.0901544541689532 0.079545412810882
-0.0333299254582113 0.118853799188255 -0.137372576543633 -0.00177292988276792
-0.133698143296704 0.0309710066426118 -0.071580584645927 -0.0782269252179846
-0.117971705178601 -0.0960741342868443 0.0427681998952213 -0.066175330531938
-0.045476426024622 -0.149940189938172 0.0347181324277973 0.0708620701091385
0.031260607470249 -0.0992084905016598 0.040588056096737 0.153902866242587
-0.0244396642176463 -0.127165387648751 -0.0719745194791402 0.147669785386953
-0.091572131625054 -0.0767639327680578 -0.0364320726945135 0.181881379339202
-0.09477247221093 0.0402116838747621 0.062066177239019 0.138120841865323
-0.0226049254510298 0.0875789113133118 0.100783931362856 0.0624426369220533
0.0358438838832383 0.0727965840920066 0.105055580526019 0.00970064723808007
0.0706692564442031 0.0304189871102273 0.0836116793902702 -0.00692001869651347
0.0723310469748163 0.00960936879277588 0.0497797856033165 0.00677196861985449
0.0692580997160273 0.00685466944225484 0.0368889874018922 0.0453408249392078
0.0657568830666836 0.0446043409260179 -0.00231525489881448 0.0899606218663443
0.0272666986452095 0.0880138224247389 -0.0714671180326275 0.101010673294556
-0.0396432790508492 0.0978035630322048 -0.132921577950214 0.0219059251081009
-0.114405773377286 0.00429563036654161 -0.077394795654375 -0.0583289459732639
-0.0702039126453539 -0.0950116890910616 0.0362139356240341 -0.0509222316899978
0.00102783579959932 -0.108894940384076 0.0337738739472689 0.107470693752531
0.0521888293933153 -0.0276369700548975 0.0367691331364679 0.186474598735699
0.0227761254006001 -0.0730811774785131 -0.0637534180785148 0.146775037402595
-0.039723972697605 -0.0602905620469392 -0.0512185720611496 0.169015934376827
-0.0569156616779759 0.0147833174115355 0.0317160932035345 0.141136793740439
-0.0134673606075136 0.0475201388434531 0.0910386588641688 0.0890668307027411
0.0170294570928137 0.0403886689947447 0.119488480104208 0.0314454948488692
0.0413906075462167 0.0183820371899535 0.104408404813061 0.00225786499214937
0.0471151754228095 0.00557657117209844 0.0709131091650323 0.0100725774510705
0.0475119641155035 0.00426651106815748 0.0577593893392709 0.0498805146792484
0.0454991015121036 0.031333067807161 0.0178012988128304 0.0977298227697425
0.018496854248898 0.0635559718281782 -0.0592547835845552 0.117288615249956
-0.0419001958787651 0.0690815853325408 -0.132251521908606 0.0379287643024794
-0.0854559196731764 -0.0216243335631046 -0.0840545597129218 -0.0478551224397139
-0.016687106810965 -0.0815160222920615 0.0261695510275146 -0.0420644869094872
0.0462128194055859 -0.0533885318414184 0.0221445294668259 0.127323612454546
-0.0602126373998442 0.029858874114418 -0.125649409215334 -0.102451020023882
0.0231935119265946 0.051520522457366 -0.0290054598423286 0.0815123712289984
0.0480031485876217 -0.00405590338964116 0.124413500285772 0.00631699392740133
0.000445787417259633 -0.0433244342809766 0.108603246981634 -0.133498560373763
-0.0277392823434931 -0.0144529189264869 -0.0272644360442754 -0.168589151658705
-0.0201794685070732 0.00428084600266494 -0.111713444400332 -0.083509779167102
-0.0179259991802158 0.0115151446993583 -0.109347913110702 -0.000449603811762518
-0.00960215554318389 0.0130502125442407 -0.0903832213320315 0.041603133265182
-0.00993803439558414 0.00262361841361167 -0.0971845342543341 0.0689711408056907
-0.00230225956198527 -0.00709268735009836 -0.126195434109795 0.0525175518021505
0.000217048086323558 -0.00547952605305355 -0.145465906475486 -0.0104056964571343
0.0169278445464157 -0.00541967860951647 -0.113309075660144 -0.0980365847484021
0.00908001842369477 0.0401779188994968 -0.0577873820034382 -0.16945351715115
-0.0466713696738195 0.0531011572390254 -0.0281567128845646 -0.187351154704676
-0.0896179278094654 -0.00829894067153365 -0.124496431815626 -0.148429588897576
-0.108615054892002 -0.0146120482628996 -0.105705181458123 -0.106997015401733
-0.0420523984607398 0.0508844540076516 -0.0274322176830708 0.0898359694714703
0.0114914965508379 0.0339479016092167 0.137471376284726 0.0212358902021203
0.0140048667934969 0.00147111457439077 0.129416653862243 -0.134519540446422
0.00509874030938816 0.0109822109532146 -0.0193674899334221 -0.17560272104739
0.0178097657534506 0.00663063466752794 -0.107764629320999 -0.0893066703485086
0.0144910740412019 -0.00437918059708965 -0.106936457640797 -0.00626958953241022
0.0214433206323537 -0.00327388344615868 -0.0883412075138853 0.0399779908134408
0.0264838529235748 -0.00812533019929467 -0.089947607759985 0.0722007808133413
0.0439960059395386 0.00809850910071902 -0.11753004366526 0.069086308615269
0.0278209759264756 0.0404281912758791 -0.149479775324137 0.0160583705961778
0.00537393331242424 0.0498950961282208 -0.134134109350041 -0.0749203175994516
-0.0500147821905286 0.0646608210883832 -0.074617079984007 -0.153676848271922
-0.120892979726635 0.0280047728438098 -0.0282446636022735 -0.166269945049546
-0.149420748133925 -0.05726322164016 -0.0979677883086096 -0.118189191043412
-0.140822136898063 -0.0642001333073081 -0.0697459899477338 -0.0919747421074319
-0.108913590623736 0.0331986212181614 -0.0238786265289219 0.107192107982141
-0.0401964132036223 0.0650387411063253 0.149674578599765 0.0555986730845698
0.0173817541424369 0.0549781146880182 0.160073039572006 -0.115460985934296
0.0370373729522706 0.0423265509559059 0.0050173343182447 -0.174293922377308
0.0573476061009554 0.0139557782169047 -0.0863360697540976 -0.0967059519832568
0.0479614464844578 -0.0180883665678149 -0.0890671923598051 -0.0178535110681004
0.0497883991362494 -0.0194086431717354 -0.0729824487592105 0.0325130764262525
0.0556048218525051 -0.0207233519872807 -0.0682288130967646 0.0698843520102075
0.0820595337417149 0.0117487751205671 -0.0912140821744242 0.0871536124132485
0.0619093246733814 0.0686865866739246 -0.134786928462278 0.0557770335982462
0.0182442832498514 0.0964621232389874 -0.153511781057119 -0.0317059077321028
-0.0836835283196195 0.102131551248887 -0.0991532090225645 -0.125371825171016
-0.174839930986645 0.0231863657745285 -0.0271941360285848 -0.145289378308082
-0.190804659411324 -0.0865436283910757 -0.0565728901496318 -0.0777559342796635
-0.148142676644781 -0.109083937104481 -0.0205792666726178 -0.056443306554754
-0.16069471650091 -0.00183140218466671 -0.0158247211550107 0.129005120068275
-0.0976667994555256 0.0763720629251499 0.150509613176441 0.101927060538001
0.00401178083977837 0.102879541621585 0.186412323826997 -0.0721108532145057
0.0593065227340618 0.07636729983972 0.0434969538293737 -0.153978944783234
0.0893421301251353 0.025757429225179 -0.0471215020555115 -0.0987055491838303
0.0769699027362914 -0.0267347994577496 -0.056559557855334 -0.0315132337172487
0.0707862106614856 -0.0323506686860323 -0.0471309936685957 0.0202893996069473
0.0731690527749183 -0.0328894081887551 -0.0376987304081015 0.060747866777112
0.105779625079954 0.00633461976391074 -0.0533648808999041 0.0972812683604634
0.0903975734798502 0.0775520301609973 -0.103030783206187 0.0923319406210307
0.0402329431779821 0.123094647364637 -0.154382200742181 0.0186461826192975
-0.0950239767996252 0.131765276561005 -0.115820971999456 -0.0884528399448707
-0.19891465410032 0.0250406365264971 -0.0220954763893893 -0.126453691727905
-0.204947103482421 -0.0986789377263124 -0.00567582747741374 -0.0355669222675394
-0.128444679248599 -0.13628419456548 0.0337542254349624 -0.00488963227240135
-0.177690661454994 -0.04591053759643 -0.0026604939539127 0.148679351478067
-0.140588125367808 0.0598712357517999 0.134153497139459 0.144944937553512
-0.0237251551518918 0.127777235742876 0.191759885711591 -0.0130585398310211
0.0630390631789638 0.101304118616426 0.0837170809107349 -0.111893521362379
0.104775507864078 0.0383453983516924 0.00356595147491319 -0.0910062166960352
0.0942321689096575 -0.0289592809136019 -0.0145598497144831 -0.0445983736280897
0.0819152936805229 -0.0415295859465754 -0.0148637709185582 0.00579796040833265
0.0795927451597574 -0.0406421479047707 -0.00296922190526983 0.0465043949312485
0.111445187753732 -0.000109161757049071 -0.0120532710206136 0.0965952851706811
0.10240742670541 0.0750901672090637 -0.0624724852526238 0.114610331196428
0.0518982857960048 0.129765031053233 -0.138889630171407 0.0600292748893435
-0.0961574643394459 0.135842281622187 -0.117997007023423 -0.0509942078903392
-0.192667038799201 0.0161358592677709 -0.013615516646884 -0.108267183605619
-0.185400238525144 -0.101685568148818 0.044710517265224 0.00346471147986396
-0.0854003295044225 -0.13524684875085 0.0834774999856005 0.0526796962462168
-0.150990212542539 -0.0813633848110724 0.0124215294414783 0.162478023601869
-0.150579989569344 0.0237239662675831 0.105284387279125 0.172080381151828
-0.0495050202283023 0.120007492424969 0.17141870700095 0.0441245863038282
0.050698412420235 0.106183884541448 0.111546042601569 -0.0574981494189687
0.0981091890535615 0.0449046921802587 0.0545389190531055 -0.0748850300325976
0.0940059195384612 -0.0256437994645978 0.0294267326578597 -0.0545147972186268
0.0805397262650484 -0.0431530613463403 0.0176528935453244 -0.0100924397840958
0.0754257672059325 -0.0427999309480904 0.0310640824354636 0.0315397501578847
0.103041524305354 -0.00391920447614962 0.0248113670496371 0.0886307202358135
0.0970391319912072 0.0679692762434684 -0.0246736101959284 0.124688582205002
0.0448967874321126 0.124141907309029 -0.117018052087014 0.0862417834618725
-0.0988463974110819 0.114523231262183 -0.109854219631375 -0.0223392693629639
-0.165098486764133 -0.00801059396137803 -0.00539875732976795 -0.0892944868939574
-0.136742019056049 -0.101614553684254 0.0831920007214265 0.0392331797317994
-0.0293009883224472 -0.104992333453773 0.12104268759454 0.102820351992658
-0.0935772563250499 -0.0919009813464427 0.0253623042985736 0.168760413669974
-0.122931697071108 -0.00968562476560994 0.0756756212201386 0.180756649704898
-0.0552391701679377 0.0888608066493108 0.138489443048977 0.0847621203388758
0.0333943569439939 0.0864477861395354 0.126086889966193 -0.00836299373834291
0.0743250029117008 0.0390783768354837 0.0952924202909809 -0.0577137449084212
0.0762818228589802 -0.0188670465977809 0.0663396718912857 -0.0610545109355141
0.0666550810444712 -0.0378431394171687 0.0459157853551092 -0.0242664129184457
0.0632192009785977 -0.0378795061253371 0.0593601165253253 0.0167904978613055
0.084493967610887 -0.00391411930207957 0.0552685198462885 0.0798293081974197
0.0802986118797428 0.0578002676113162 0.0042181322571846 0.130260032942325
0.02701993954523 0.109906280036698 -0.0988004868130952 0.104305414195337
-0.0996265726489016 0.0793381470363587 -0.102513729367163 -0.000690291409628989
-0.122687696739803 -0.0380211613420591 -0.00106203566503748 -0.0704737905534916
-0.0689608925763126 -0.0956483050320355 0.102579118750325 0.071838285543009
0.0298451952871975 -0.0546561736398454 0.142313354356178 0.130853650215344
-0.0233483616430814 -0.073812376202531 0.0341340349855744 0.162551630772587
-0.0694917597041212 -0.0251896104118538 0.0574527702742832 0.177486104811863
-0.0377194891798202 0.0461532954581384 0.114777925197467 0.104499735865656
0.0175138411208013 0.0475168293539229 0.133320025591651 0.0191386331482765
0.0388343134003485 0.0230835631582382 0.120252693635871 -0.049084606597146
0.0445673195758341 -0.0108503049154914 0.089743379614642 -0.0662776538535478
0.043007840439609 -0.0256446413647986 0.0655218593133501 -0.0343825073882254
0.0429257844094111 -0.0262461069568375 0.0799701893016772 0.00696103485235056
0.0590920838850521 -0.00226037923285482 0.0766193969209418 0.0735495615050918
0.056490562608438 0.0432085582646651 0.0244114809859276 0.136353493938031
0.0069955921422389 0.0867957772280562 -0.0876931822253103 0.116976216584697
-0.0908159953143124 0.0379612917441123 -0.1011822599681 0.0128423356435992
-0.0682632747127144 -0.0613386834407842 -0.00444188736080401 -0.0544661350154566
0.00576866493773944 -0.0767418898872367 0.102391250540788 0.0967570189943212
-0.0628333482975622 0.0348508737359178 -0.137156011997385 -0.10505040503264
0.0273716974155766 0.053397813130366 -0.0269682657226895 0.0897442615826423
0.050930043709935 -0.00594808148107759 0.134039016573785 0.0038125344756756
-0.00187660150586079 -0.0464548318944563 0.111727836357963 -0.146062074870802
-0.0300999039579679 -0.0142735035702379 -0.0341262930651821 -0.181008342868853
-0.0213961993530191 0.0053425926818343 -0.121336095633488 -0.086577038061023
-0.0181218129284101 0.0139258568998515 -0.115115628429002 0.00249201034043213
-0.00889857007191456 0.0144380914080163 -0.0939732749382348 0.0467565924518696
-0.0100595209364596 0.00377306037221807 -0.100142239496127 0.0777459264530465
-0.00234629892999558 -0.00665531108536546 -0.132246811940282 0.060020694554702
-0.000556721925392146 -0.00539167461764654 -0.154854807430319 -0.00671175045176726
0.0161949292232004 -0.00685240085441781 -0.122608936086392 -0.102564511141329
0.0117618367870262 0.0417597985125525 -0.0666641337040298 -0.181942953515598
-0.046463536363277 0.0576953722789184 -0.0333882532455877 -0.199934343387601
-0.0958587719582251 -0.00682494382798988 -0.13281525928738 -0.154602652821919
-0.115636771859626 -0.012159387087984 -0.11651736190611 -0.110696461851035
-0.0421205663834031 0.0547571085217948 -0.0258986227507462 0.0989844060668945
0.0131616387098671 0.0347141743154109 0.14837775830563 0.0190831398757716
0.0138153461294636 0.000430573897707274 0.13418263104116 -0.147651731286692
0.00513356204947285 0.0115926993080897 -0.0264699566535948 -0.18817165978825
0.0192230606445004 0.00699072731073951 -0.117015440214594 -0.0929402918769815
0.0151677337004027 -0.00380110672986693 -0.113281681512329 -0.00399500019251815
0.0236997329758317 -0.00366018234233114 -0.0919646552992957 0.0456320857180227
0.0282796762558376 -0.00848182571153862 -0.0920070057457537 0.0812690712297
0.0469064065784315 0.00817109933909592 -0.122287333680401 0.0785522299246405
0.0301911741351524 0.0429105893351386 -0.158547853933106 0.0227609677322399
0.0056044885628803 0.0520525027898095 -0.144994254417289 -0.0765214823180809
-0.0508811087673194 0.0696809943167303 -0.0844740578081211 -0.165233263986872
-0.125991683674318 0.0320735074328436 -0.0334437328214366 -0.178186759769068
-0.16020497669056 -0.0587154010925283 -0.104572366327997 -0.123529488866877
-0.150676289308696 -0.0650450801644557 -0.0765173798989806 -0.0960028676362907
-0.113411509389611 0.0376740685040471 -0.0214019962373662 0.117811296228521
-0.0407238174662577 0.0688596981903822 0.161789110324702 0.0565871764594744
0.0186858013091904 0.0566023504398256 0.16762356726455 -0.12924778544986
0.0401421565291951 0.0441406015890224 0.000617172379063457 -0.187065455730545
0.0607763161370173 0.0135564963120568 -0.0945290294266393 -0.100933843715233
0.0503761671146632 -0.0199332141655121 -0.0948289836418674 -0.0165474752082319
0.0524882431550351 -0.0211907577933711 -0.0754940104586148 0.0375311632728332
0.0583290547221681 -0.0227287196092911 -0.0692350097441173 0.0781838320309062
0.0873881731485757 0.0102417239311927 -0.0931648859224498 0.0972416252831104
0.0677173713204747 0.0715241783896319 -0.143570965195235 0.0658699456792319
0.0206006414617508 0.101267360962123 -0.164263886547908 -0.0287079953801267
-0.0863542097968467 0.110647527951457 -0.110358492729243 -0.133722007058929
-0.184047517998027 0.0291885573266599 -0.0323600562762862 -0.155439155240222
-0.204212076377258 -0.088653727175048 -0.0611250838533791 -0.0816507243551945
-0.160257824520049 -0.113286654092907 -0.0241284090443959 -0.0599955476983017
-0.169459912054449 0.00247726848472098 -0.0124363772738335 0.14086059545626
-0.101396984523491 0.0832097704697609 0.163805697951709 0.105664078316734
0.00588488428645078 0.108534101589209 0.19681547850709 -0.0834225847440347
0.0649964335318714 0.0789495281319385 0.0430743372176726 -0.166349619561895
0.0955674436196175 0.0246072690365323 -0.0529176633347125 -0.104583237777958
0.080124678119055 -0.0299748306586821 -0.0616664727487289 -0.0320846523403408
0.0744647983017278 -0.0360518075946464 -0.0487416256068681 0.0238233941684745
0.0765101927278446 -0.0361335206817865 -0.0377136953995135 0.0679608643541593
0.112085091926065 0.00413168407940639 -0.0523654148765097 0.107352076399424
0.0987189064970196 0.07982300351706 -0.107565308766364 0.103810040962561
0.0452312405737466 0.128232892070764 -0.163989131193527 0.0259880749923171
-0.097198420794272 0.142088368298867 -0.126628506109558 -0.0931658733687968
-0.209975627727568 0.0322169148704043 -0.0268445154466036 -0.135509679517103
-0.218431277987 -0.101062629550046 -0.00649188734849457 -0.0385182012192457
-0.139954304577758 -0.142401061445999 0.0347686471411545 -0.00617821640506817
-0.188416793954351 -0.0438180094537253 0.00152279671452031 0.161451817496376
-0.148497989988452 0.0667985090185199 0.147572772345623 0.152998806966801
-0.022862028760614 0.135497103076639 0.204208470377595 -0.0198565527659749
0.0695388839033902 0.106064669762876 0.0863040785775347 -0.121952242294375
0.112197234852696 0.0376766415641009 0.00101254486644636 -0.0982736779583868
0.0983304065259856 -0.0328275123535168 -0.0177100947744202 -0.0477228047427498
0.0850005684052635 -0.0457456465885399 -0.0157016464306115 0.00702362146422775
0.0820239539379148 -0.0453209979645088 -0.000958164529781171 0.0521718092949715
0.118216583392882 -0.00327530302731756 -0.00816009829305925 0.105066955032672
0.110838510379626 0.07645762831745 -0.0637803085490428 0.126178298564494
0.0577336035453057 0.135323808510419 -0.146722303144255 0.0698222337625242
-0.0986674769952709 0.146737088238993 -0.12772652705969 -0.0533887488270373
-0.20412335783991 0.0226890310435246 -0.018087724710739 -0.116688034014565
-0.197772570137857 -0.105278612490308 0.0474864375621546 0.0019050598420331
-0.0940952308468592 -0.142930347529693 0.0887270204892852 0.0544031089603516
-0.162364927365296 -0.0833344339601818 0.0168834200300613 0.175424656218083
-0.160436760727731 0.0285034944810185 0.117171330358445 0.182392705561267
-0.0502803761292056 0.128839396578941 0.183553033114818 0.0427271233494989
0.0565562533905334 0.111154817510338 0.118400487841117 -0.0651271431205174
0.105867552871403 0.044531960851341 0.0554626785206262 -0.0826114167955259
0.0985248830013069 -0.0294680339876136 0.0279616874606275 -0.0592543102615867
0.0835390183203647 -0.0480713130606714 0.0184468760618755 -0.010379722841756
0.0774812583864673 -0.0473838656525065 0.0337381597598246 0.0341808561022514
0.108961512170752 -0.00654211209855579 0.0302481433266581 0.0956317766234116
0.10448393421497 0.0684915555878363 -0.0233230328546638 0.135619182389771
0.0504725364315907 0.128884951917316 -0.122334077980548 0.0978495065123514
-0.10195142822964 0.124896622928652 -0.11862533288877 -0.0218420698610278
-0.175805322710847 -0.00431478292170157 -0.00917696225594033 -0.0963730131092659
-0.146549278280826 -0.106490896199973 0.0881737980501151 0.0385983592211914
-0.0337956405863167 -0.112618818877918 0.129667415201239 0.106909533653982
-0.102196325924869 -0.095373642217283 0.0298548234571426 0.181221408245961
-0.131731861386109 -0.00641710091963258 0.085243223241553 0.192187175353736
-0.0568055632351833 0.0956968051423325 0.14935459227992 0.0873411227956069
0.0383541271050881 0.0907480464158568 0.134231447756746 -0.012037147797434
0.0802076446446556 0.0395840805976356 0.0992269835652372 -0.0657434146254045
0.0796813519777997 -0.0222818047027279 0.0670318127762558 -0.0680022990525209
0.0689803461651907 -0.0423748395392007 0.0479117603567639 -0.0264668809398089
0.0649126805451494 -0.0420123659340427 0.0638659975142398 0.0179491529897
0.0892489676049928 -0.0066778266711282 0.0619988259146597 0.0853124250734918
0.0861324938593197 0.05893834364647 0.00800642585027998 0.140707793426024
0.0316437284400264 0.115379882950755 -0.10200532673324 0.115297642124143
-0.103345959570537 0.0876366813539283 -0.109654564733729 0.00077301387770746
-0.13167665134347 -0.0377013069515535 -0.00401907538593227 -0.0753663792488354
-0.0753483212618211 -0.101489881360731 0.110341556060992 0.0723302022947733
0.0303505787465802 -0.0597427047155282 0.152959212988679 0.13648922160063
-0.0271835636535796 -0.0786020196003263 0.038941207035875 0.174036140532961
-0.0749780130142065 -0.023385822044015 0.0660442295427159 0.189737756318985
-0.0381183711696354 0.0504883432750736 0.12421936452656 0.109328730585345
0.0205923463519061 0.0497876522139247 0.143064249876862 0.0173067112197888
0.0419142130707457 0.0234895481584715 0.125184633998113 -0.0570532148816223
0.0469102197466211 -0.0136562377460577 0.0915509379648742 -0.0739480913603853
0.0443317743009157 -0.0291551322564986 0.0684103321352405 -0.0383864007444272
0.0443096605958198 -0.0294483132192385 0.0853122525438391 0.00673472545466474
0.0623246442334784 -0.00473767464008393 0.0841696177097036 0.0773675023697514
0.0609289152479246 0.0432431593882607 0.0295214308664871 0.145406079190724
0.0104482161915945 0.0916962798633691 -0.0896435060445992 0.12852548064951
-0.0952868915128223 0.0437789045567536 -0.108381734669252 0.0158637414337579
-0.0749741983999536 -0.0639060363186951 -0.00751434149870938 -0.0585803681878409
0.00402337650923434 -0.0828613502682045 0.10978006954012 0.0993587044644639
-0.0635617813022468 0.0402069577369161 -0.149271431445096 -0.101828529733755
0.0323168880916556 0.0537551211292196 -0.0209135597916981 0.0981077528925143
0.0534065831865265 -0.00989981320265071 0.141772369422804 -0.00302701313417907
-0.00544975701805974 -0.0486271154325462 0.109259404353708 -0.159975958030717
-0.0327718488736052 -0.0131359066023855 -0.0473349780039724 -0.190091637028541
-0.0220913410197325 0.00699373917431424 -0.131751705022277 -0.0841679007861142
-0.0173477263264954 0.0162148964259548 -0.118778736744969 0.0081608916583057
-0.00739825715870222 0.0157503241234283 -0.0950901466181765 0.0543062336184311
-0.00924317505526712 0.00514579675292536 -0.0984321256029629 0.0875944111744977
-0.00345932012647864 -0.00582510981541817 -0.13468112131425 0.071484128583048
-0.00176272207586283 -0.00512132584192512 -0.163436597127585 0.0020165110963134
0.0156010310201022 -0.00865009550127387 -0.133783775485935 -0.103396093719731
0.0150914488809729 0.0425435079385582 -0.0797811836506692 -0.190205229115417
-0.0436070211846773 0.0615591766707529 -0.0438471064992191 -0.210165233395791
-0.101722498057407 -0.00276028228875535 -0.143247123337544 -0.156508642876923
-0.121442065663761 -0.00698832249466823 -0.128034570603776 -0.109357294215701
-0.040020558848978 0.0583454835506046 -0.0195624530498514 0.107847631452445
0.0154137850337561 0.0346186810220124 0.157590515306878 0.0135118680387524
0.0130314383300956 -0.000735293040984249 0.132753246481216 -0.163588753918649
0.00518870252897411 0.0118763781264249 -0.0385511441615265 -0.198109656799216
0.0198162986000589 0.0069107269649131 -0.127865399794587 -0.0914371761495084
0.0161270325377251 -0.00398355250573513 -0.117642230690291 0.00175391815146912
0.0251333362696984 -0.00505562167024002 -0.0926090041585249 0.0527553452213021
0.0293207124603648 -0.00993504663714172 -0.0899466474066591 0.0910476495875475
0.0494600195189486 0.00659814639550297 -0.122883857333296 0.090284061746894
0.0336918808368787 0.0435035378583976 -0.166256264901241 0.0336125763740005
0.00733178905170901 0.053608828460294 -0.155199635145553 -0.0742010420112216
-0.0488313969263738 0.0743878767605314 -0.0980053885278632 -0.171399393715868
-0.128561685060052 0.0395122961746325 -0.0429994830378661 -0.18659222547081
-0.170287868312578 -0.054364372787353 -0.113580740416114 -0.1250512170903
-0.161259329736094 -0.0605531105949678 -0.0859518651223191 -0.0964605832553104
-0.115590148194558 0.0449026098173588 -0.0146326212148972 0.127145606676484
-0.0396848927388967 0.0734872396123081 0.17391179511346 0.0520870474901129
0.0214047470778222 0.0576119300440751 0.168798417449072 -0.144689146374418
0.043924120355244 0.0442564710560089 -0.00927247518406726 -0.198301224794862
0.0638918855144403 0.0111229955417793 -0.104403974681031 -0.101304146084634
0.0507304339782167 -0.0218856288128995 -0.100050341933811 -0.0120366381936607
0.0538836767042278 -0.0241036165369737 -0.0763321214502744 0.0436038205409611
0.0596403315036793 -0.0258904559441476 -0.066458387126147 0.0876499934634076
0.0922824392906921 0.00689890670553525 -0.0910614539663932 0.108585220439499
0.0738149144695365 0.0718205244875992 -0.146533947666565 0.0785629408278321
0.0249637413044918 0.103579328325854 -0.173381502588102 -0.0216157263044716
-0.0844124435039007 0.118835596857202 -0.123597975441781 -0.137487362619092
-0.189743399188379 0.0390645909200778 -0.0419180650039102 -0.163301285753854
-0.217221217757444 -0.0849686846720646 -0.0668891247836651 -0.0829960598181913
-0.173414092199787 -0.111361716868335 -0.0291135428977277 -0.0613715425069479
-0.175760463410038 0.0111411649675706 -0.00498464143697225 0.151008979520646
-0.102601848288924 0.0915541263771564 0.17794501697618 0.104033613766754
0.0107501079950319 0.112138715812067 0.201667172530624 -0.0988851997238914
0.0714029299314765 0.0791975521668655 0.0354777783684882 -0.178471360323171
0.101053161778529 0.0208768467390266 -0.0619052548351232 -0.107858957349082
0.0811109931371633 -0.0345244403733858 -0.0666830876743259 -0.030359507724063
0.0757409672565489 -0.0418811868125765 -0.0487791633329116 0.0284179118919887
0.0769148102917268 -0.0406621563583712 -0.0342784216621122 0.0757611474666659
0.117427021053202 -0.00163581324069106 -0.0471352025747313 0.116652580478671
0.10725890996521 0.077796370712999 -0.107693959176397 0.117116907149278
0.0527005309850296 0.130982269640374 -0.170566649560484 0.0367119406118111
-0.0939455528424279 0.153340663554246 -0.139530707967318 -0.0934946227590115
-0.216686624786757 0.0445414859676107 -0.0352409545710453 -0.142758391410265
-0.232887678719922 -0.0975843710582636 -0.00782487336983907 -0.0405864044088152
-0.154008370873694 -0.143462595566009 0.0352618182475234 -0.00791237240511177
-0.198882372466178 -0.03679048283125 0.0102789767223883 0.171612263107745
-0.152967145148054 0.0769459974821003 0.162919880133372 0.154711733454215
-0.0175820467237063 0.14323408332614 0.213853588978613 -0.0318776401868539
0.0780844731828071 0.106769118915724 0.0848550482104366 -0.133476764283573
0.119197324613788 0.0335571867467381 -0.0045907099704749 -0.104148699251244
0.0996566487982085 -0.0391604244691053 -0.0223367735080064 -0.0489268764784174
0.0861784595437366 -0.0520637418086203 -0.0149445291815758 0.00913434627340587
0.0822621086899213 -0.0509838142501242 0.00306534142686358 0.0570623103328302
0.122946747079609 -0.00965545859538984 -0.00112025472167149 0.112184917888663
0.119676849353995 0.073619129130211 -0.0601725163033246 0.138618334590915
0.0663733658972901 0.137290794559231 -0.149461507467707 0.0827107858896738
-0.0952119269408589 0.158877506624732 -0.138261462716597 -0.0505865498018483
-0.211881872066364 0.0336078031540074 -0.0253650654454813 -0.123063625490907
-0.211409057279093 -0.102905818068418 0.0496067251506828 -0.00146375869704596
-0.106304918759438 -0.146081568023891 0.0949407784481084 0.0524331859476809
-0.173891698633933 -0.0793365511302127 0.0261955008968602 0.185438749224739
-0.16659237012151 0.0380243461824974 0.13241892432058 0.187125200555116
-0.0462162288291023 0.137444941739457 0.195084041595675 0.034680373227601
0.0652863983428296 0.113758071054082 0.12143220107417 -0.0742843129492253
0.113877095031557 0.0413419590159152 0.053045492800755 -0.0910925301929703
0.0997441404015852 -0.0357344229946663 0.0244177369855966 -0.0642876963215381
0.0835943001440846 -0.0544778678178411 0.0192339738186461 -0.0113757485507198
0.0771741094388546 -0.0532127689362565 0.0380951857741637 0.0361669336687594
0.112927051681446 -0.0128455403461019 0.0386790987787567 0.100247286830492
0.112897718202373 0.0658978184674089 -0.017257999474174 0.146278983570541
0.059069244071927 0.1314140269637 -0.122224183385748 0.111044676090102
-0.099310092069257 0.136791782602998 -0.12725784862396 -0.0182918881585569
-0.184323745975755 0.00434356508451275 -0.0153128427881366 -0.102155634875853
-0.157821493148287 -0.1061251568658 0.0937807230766907 0.034955076625039
-0.0419379239464719 -0.117016929839038 0.139561516933252 0.10586901638126
-0.111674651993872 -0.0949635321159449 0.038917862840705 0.190370937813475
-0.138677034281324 0.000311080347003109 0.0992273962013254 0.19998211690023
-0.053773183285527 0.103725507266282 0.161259366821461 0.0844503062863133
0.0457091103689341 0.0922372392643422 0.140961195691025 -0.0194721046240044
0.0864023923502874 0.0371251966945284 0.0996326094376571 -0.0752658814322428
0.0808996847626235 -0.0273955826473289 0.0644946494276626 -0.0750029626079225
0.0689012197150046 -0.0484544997113762 0.0489648045605933 -0.0298098897967575
0.064599662075204 -0.0469352386243428 0.0684879151066456 0.0172786899951893
0.0928359793219569 -0.0116842596048739 0.0702306408880729 0.0872637918047317
0.0933799831769093 0.0565026118871016 0.0161195651363106 0.148804006497583
0.039210915719126 0.117607435183023 -0.100163888476337 0.128566539834416
-0.103550937817483 0.0978124850855317 -0.116273038735787 0.00582174155121982
-0.140458489616522 -0.0333789434465328 -0.00987460671871267 -0.0798974254564546
-0.083678939427987 -0.104695736216884 0.118088429247752 0.0695978567521247
0.0277622147542694 -0.065095358119298 0.165153496475907 0.136944355056189
-0.0331050065891929 -0.0813630329638784 0.0479300388547275 0.183136777337671
-0.07976875523732 -0.0197449069543604 0.078630017013081 0.19697761662567
-0.0367953519156351 0.0555014931216193 0.135533718108087 0.110413416754703
0.0249225588265503 0.0502088653620899 0.151799386162742 0.0114286976514039
0.0462371815518976 0.0224560246653002 0.127037851591055 -0.0676424485052936
0.0476932064593419 -0.0166172154110111 0.0897190803536291 -0.0827222230396024
0.0441662078128977 -0.0335580937890022 0.0692884469218182 -0.0431074082455473
0.0438447637547953 -0.0329165491310527 0.0895231629365023 0.00436738273073051
0.0651676906851338 -0.00880173220786739 0.0922315419476351 0.0776304010578215
0.0663046612148543 0.0420408281613898 0.0388211041992099 0.152623342400523
0.0163449545957472 0.0945342284133895 -0.0871475476117885 0.140829138795001
-0.0966953856247056 0.0521392637083049 -0.113991355700583 0.0215326204017327
-0.0824498108934939 -0.0636163513590344 -0.0122123312927289 -0.0622374490083273
-0.000120858375128414 -0.0882263548242442 0.119758891574011 0.0970841247578987
-0.0625383068057821 0.0455113365355996 -0.15929542690256 -0.094767641046909
0.0369648022904408 0.0523369686594007 -0.0135100340184788 0.103849226185068
0.0535626422903064 -0.0137520856694981 0.14699084961055 -0.010386059103727
-0.009681784114555 -0.049086414151207 0.102796375890275 -0.171348922024946
-0.0350902644734825 -0.0106600248612481 -0.0610334037116111 -0.193427022972313
-0.0222089275387187 0.00938943857505518 -0.139568489431045 -0.0797221601631306
-0.0156099623727645 0.0188965426128858 -0.120048101992676 0.014751573715218
-0.00566586599598838 0.0169575197790716 -0.0935934571754379 0.0600739625117926
-0.00834269041569043 0.00670449598452604 -0.0941461300874804 0.09510915433843
-0.00388345824492447 -0.00504048109985681 -0.133207528376148 0.0820432490967455
-0.00252651211917727 -0.00429755726263504 -0.167301845095075 0.012185268564512
0.0144011506618113 -0.0101418529692875 -0.143322469161441 -0.100273828172939
0.0189367995676057 0.0416735775300344 -0.0942340212002293 -0.193677884941016
-0.0395986990378438 0.0645381692749299 -0.0548425112461957 -0.214574723569631
-0.105170156641677 0.00279008016253685 -0.152751546999778 -0.154177188370084
-0.123978000164782 0.000340845734587423 -0.13763319888279 -0.10376062697932
-0.0360139748501362 0.0612437164875553 -0.0115357931147713 0.11385495381043
0.0175292014865884 0.0338544088219534 0.163514006220284 0.00601321579412914
0.0119583448924722 -0.00156583600547533 0.12553649170296 -0.175920785485327
0.00535354253682014 0.0121294448490095 -0.0523421751141766 -0.202710936999804
0.0205171014002192 0.00607300219967939 -0.136203375947341 -0.0871709650595099
0.01689435274558 -0.00367485284588602 -0.119546771837585 0.00835136800813464
0.0261252946805425 -0.0059556163645048 -0.0904515475735033 0.0596481392536397
0.0296460478312408 -0.0109189618383282 -0.0845780781173459 0.0992162273918796
0.0507235253539081 0.004634058556942 -0.11948609738548 0.100880553333632
0.0363409184310803 0.0436230790449051 -0.168293855120989 0.045323312399091
0.0090954152491984 0.0539952415929774 -0.163127381756681 -0.0684903817984866
-0.0458208152466669 0.0776096459778213 -0.111828589609172 -0.173404194124283
-0.127938415252542 0.0463694573102314 -0.0535092699254784 -0.1903651047219
-0.177425341090714 -0.0476826453361137 -0.120309344922021 -0.122595538602621
-0.16757714375048 -0.0533779244497302 -0.0937744509525638 -0.0936035688977042
-0.113907695606965 0.0519076287661948 -0.00551252893348759 0.133807175165702
-0.0363620327515403 0.076152761043903 0.182015246741497 0.0450354273551471
0.0238093274148513 0.0564789459788265 0.164102965555311 -0.159098726371495
0.0466208396823002 0.0426799167050759 -0.0219658604749113 -0.203576543434178
0.0658448431623312 0.0079407069766245 -0.112987940034865 -0.0982488272613921
0.0508631064829917 -0.0242892921738456 -0.10266176097101 -0.00685861876919375
0.0543175358815044 -0.0275644313835628 -0.0740060989530646 0.0494025793314448
0.0591800205454498 -0.0284665948138309 -0.061143046828715 0.0950678405116991
0.0943023621907647 0.00232528146204208 -0.0854371113735943 0.117758866147838
0.0796844942459147 0.0694551654267824 -0.145991911921655 0.0913400285267375
0.0301850915639562 0.104337857169467 -0.178564801628505 -0.0123358535078527
-0.0798173345032843 0.125333223352825 -0.136420577434608 -0.13678569679912
-0.190410593541884 0.0497044149088164 -0.0514553041597065 -0.166392546131118
-0.22644505896229 -0.0770333770426759 -0.0708311027341943 -0.0822074377014841
-0.183619338126136 -0.104539275338164 -0.0338364530384017 -0.0608815361856292
-0.178261047808611 0.0209763527648884 0.00490095124690488 0.15735446173367
-0.100379681442794 0.0985641888452071 0.189265927152797 0.0992370680946984
0.016038627040028 0.113142886089843 0.200772932226989 -0.112970502236919
0.0774536733631521 0.0769870898517583 0.0259991578749237 -0.185218669959896
0.104284172716104 0.0158685807643238 -0.0700425432492042 -0.107486084063327
0.0803331792324751 -0.0386607416539185 -0.070626583405946 -0.0274238869884786
0.074896846649118 -0.0459305102013556 -0.0473183382061312 0.0319771436914871
0.0755562987022034 -0.0449251433271838 -0.0280348240358916 0.0812648661603864
0.119469646468905 -0.00772375822495542 -0.039495834886504 0.123630766227652
0.113593162497134 0.0743507396003081 -0.103373385900456 0.128909838015138
0.0595639958906136 0.130036044166431 -0.171850915679241 0.0483272422903028
-0.0876662593044218 0.161355645855978 -0.149992979007964 -0.089224774137241
-0.218567713253726 0.0564924699956018 -0.0446625717037392 -0.145837560402974
-0.243045743609387 -0.0894622753780018 -0.00957611774200271 -0.0418215375777379
-0.165638652822809 -0.139468771236053 0.0352562679263094 -0.00998518122573145
-0.204681386207039 -0.0264246387255539 0.0203874529584169 0.177210345562732
-0.152147998522823 0.0871592544314875 0.176086970619308 0.15227811288121
-0.0109863156353148 0.146886447412943 0.216652035917328 -0.0449163413347278
0.0860477308463764 0.104650180406703 0.079161856371608 -0.142482256646059
0.124079287525348 0.0272253076498653 -0.0123226126424622 -0.10733827873229
0.0985032215913182 -0.0445552987081928 -0.0270099086895721 -0.0484955894288674
0.0842007902607624 -0.0577667911715389 -0.0138772563089609 0.0103201530376762
0.080067029490481 -0.0556152805815274 0.00846349844681468 0.0601096651497656
0.124496464012533 -0.0160926006422615 0.00770904492804598 0.116345460104176
0.125821949580031 0.0684335634485328 -0.0529499237540834 0.148234659031465
0.0745767733589425 0.135397437479206 -0.147802681981113 0.0946001656705623
-0.088315462413418 0.16703447807713 -0.146011175656361 -0.0456353678798715
-0.214525085397337 0.0458220634025265 -0.0334818941795669 -0.126233098572344
-0.221416089296537 -0.096108194559207 0.0505371727448937 -0.00536392912279275
-0.117025193940902 -0.145240566493619 0.0986516925725198 0.0488169634878728
-0.181776953862051 -0.0716113119784395 0.036655363847613 0.190783099664634
-0.168775308300254 0.0481058867236467 0.146510255388375 0.187328048349615
-0.0400505913995877 0.142934808840928 0.201761184820896 0.0255497080206809
0.0735639525799618 0.11186790625767 0.120251436369794 -0.0836917549796635
0.118530722844892 0.0353255488131429 0.0480375250746041 -0.0975350942967569
0.0986790407216244 -0.0414524708278402 0.0193950758833029 -0.0665894042916718
0.0811338684675609 -0.0603795210381149 0.0197440839935903 -0.0121229736161186
0.0749458073709935 -0.0572497946338291 0.0427715454753933 0.0367173033543569
0.114123979368671 -0.0193210710826213 0.0470912080345109 0.100752213289587
0.118729997610428 0.0608144804674156 -0.00907901091724771 0.153195220849386
0.0668267524971395 0.129716358251885 -0.118255769001346 0.122976920569413
-0.0938246594237227 0.145432942881966 -0.132725713254959 -0.0122951283016672
-0.187220651596402 0.0136132644601576 -0.0225512197592276 -0.10505228943362
-0.166668900104708 -0.102735414806976 0.097123199508789 0.0294783629345932
-0.0491888561196241 -0.11872637447488 0.146354041133424 0.101401808668198
-0.119162237035639 -0.0920533159705445 0.0491889183362669 0.195237994608093
-0.142149073044027 0.00770474022402503 0.113589919837261 0.201228621769574
-0.0488248796348307 0.109202458881965 0.169713451345905 0.0789502870515126
0.0522670095192612 0.0910799691145064 0.144127438864052 -0.0278858763366642
0.0913159101931076 0.0328324402342198 0.096498615901293 -0.0835395018744763
0.0805136816006524 -0.0322243900749684 0.0594747825017893 -0.080311984546976
0.0666053154253682 -0.0537009351868123 0.0478697595663307 -0.0322702231229597
0.062085634051257 -0.0508593052877568 0.0720855946037658 0.0156993074218196
0.0938534122462413 -0.0173122864656022 0.0779608622063833 0.0861635263185942
0.0983682450895898 0.0516153476841967 0.0251847130294178 0.153663712443592
0.0462635365470815 0.117090780848691 -0.0948059890035355 0.138798427850454
-0.0993372312175557 0.106649161380773 -0.120111515123435 0.0120357773440082
-0.145554284387497 -0.0270623441292646 -0.015222039068988 -0.083284217590475
-0.0910635109519613 -0.103993177767193 0.123025920342312 0.0634167857891045
0.0245924287440483 -0.0693138245923044 0.174463229872683 0.131252372119429
-0.0389531291208796 -0.0813912392312092 0.0572003264596687 0.186687275188414
-0.0824198446720259 -0.0150196581324685 0.0922705636989424 0.199769057861939
-0.0327344353361171 0.058768537730711 0.145906296810116 0.107358648123726
0.0290396381636713 0.0488902355068344 0.157054374742265 0.00334598062018413
0.0494084860238382 0.0197264646880448 0.12504120924606 -0.078319949224876
0.0474400628593218 -0.0197043178049874 0.0844381347774238 -0.0899335386603775
0.0420834569683988 -0.0372198751955098 0.0680662866433865 -0.0471236544739673
0.0420651879594354 -0.0362995249065658 0.0927394480471141 0.000528576768078481
0.0654840815905618 -0.012653036312065 0.0996532057395927 0.0755352534975326
0.0706010822804005 0.0384854137129621 0.0487085482039994 0.155971722038106
0.0224882362175062 0.0947879216771259 -0.0809796053207641 0.150751005130978
-0.0957725374581158 0.0593804451406558 -0.116940550308972 0.0280647717529501
-0.0885271828827985 -0.0608119295953893 -0.0170907982248143 -0.0633932156757463
-0.0054493286738744 -0.0916030998797717 0.126256913177915 0.0918048801059449
-0.0598783891791888 0.0484857677930576 -0.163599473959516 -0.0874360151518061
0.039746222812793 0.0496074692584371 -0.00606613972568027 0.106928571607255
0.0534187718912314 -0.0166642486118632 0.149028390950821 -0.0160836320480321
-0.0130970358722553 -0.0485319657646049 0.0959616422675846 -0.176541553531455
-0.0364505827276133 -0.0083091629405887 -0.0721847691448464 -0.193931639717591
-0.0215276319824887 0.0111174710458711 -0.14419483953598 -0.0749152597139467
-0.0135188184949123 0.0200344154378588 -0.118083323227808 0.018781331509731
-0.00403333443412124 0.0172350767949548 -0.0903912638436401 0.0642652468251144
-0.00702294129835783 0.00789301381350628 -0.0885603303647943 0.0996713038578472
-0.00405870590091506 -0.00388634102812507 -0.129544907185768 0.0892939348230435
-0.00298549938832885 -0.00337502250090497 -0.16850502948601 0.0197314192686733
0.0121728190277771 -0.0105967893060109 -0.148697759348141 -0.097786483533983
0.0213725008676644 0.0402121707445068 -0.104676290104107 -0.192862821514639
-0.0359660906349241 0.0649502499987006 -0.062053170773559 -0.21581628015833
-0.10643531874529 0.00735458023513905 -0.156245537644488 -0.15070335567203
-0.124335860688051 0.00545897831684809 -0.142790471666048 -0.0985515044250894
-0.0325714018924688 0.0622188558654188 -0.00382792184796772 0.116662437051172
0.019150252344027 0.0322126799534358 0.16650027279919 -9.59976833203187E-05
0.0104904963831279 -0.00218376869167718 0.119171147299071 -0.183149593515828
0.00536934417976647 0.0128031238827426 -0.0625754835231027 -0.202931788006408
0.0205396252730312 0.00608554203480862 -0.140965207342451 -0.0822123577836501
0.0175023123443029 -0.00372686937223684 -0.118198543047472 0.0136313919817089
0.0264793087890947 -0.00682726174944744 -0.0873977949441278 0.0635031400934012
0.0300666715937738 -0.0108717668126911 -0.0787487505421555 0.104055623599761
0.0511461717864559 0.00320769450511584 -0.114922930230091 0.108096189515476
0.0380731364512128 0.0430334694048292 -0.167280359424381 0.0546485982133402
0.00941275622358777 0.0540149828114721 -0.168003879952933 -0.0635048152548121
-0.0431745490012785 0.0787397834311107 -0.121502805562656 -0.172641987945855
-0.124998710784563 0.0506296356350942 -0.0601394051051837 -0.192017526535048
-0.180452280679213 -0.0415987786531544 -0.123479020542015 -0.120394512880142
-0.171018023925262 -0.0472869388195141 -0.0983214170789621 -0.0898003705584061
-0.111391127870316 0.0562654765763676 0.00235684570159259 0.136683487663664
-0.0339803592328232 0.0775222107326095 0.186875420441927 0.0395183970343655
0.0249360887452194 0.0557544645658437 0.15753534659707 -0.16791503068807
0.0480427890532227 0.0411791319187459 -0.0319443472576871 -0.20502625752787
0.0662140929420874 0.00564512406091227 -0.118616599280916 -0.0948830218286896
0.0502391020557577 -0.0250831705525941 -0.10277875426741 -0.00191529399557373
0.0535786339195398 -0.0296712220972713 -0.0714821643501493 0.0531357088468208
0.0582934067590926 -0.030005667894324 -0.0545212153699744 0.0989628029690854
0.0951852091026257 -0.00117442549157094 -0.0792277354214491 0.123785163844422
0.0830505901065228 0.0675453654694627 -0.142835406430937 0.100745225800149
0.0324390527722729 0.102918544941744 -0.180288727347681 -0.00546341529329846
-0.0752229064685886 0.128267663732405 -0.144887610066404 -0.134284947975305
-0.188213570539276 0.0564996811709993 -0.0581925459966556 -0.168115380753926
-0.231057049171735 -0.0708968990385004 -0.0731113777024024 -0.081430395227409
-0.189233904746425 -0.0987560339065247 -0.0362947169637896 -0.060141891969573
-0.177384362306657 0.027693114686385 0.0129427853120327 0.160382909106671
-0.0973840319581065 0.102942345476916 0.196446935857791 0.0939502820513335
0.0197816526361042 0.113073714112251 0.197916813281143 -0.123346092335144
0.0806693467597457 0.0740020491342905 0.0173725197773369 -0.188979309708124
0.10515152656383 0.011450132965137 -0.0754854733804978 -0.105681708375019
0.078594791829903 -0.0407892266817131 -0.0726059172056882 -0.0234934448719215
0.0727169263234684 -0.049217363782694 -0.0448703951076447 0.0347223453029566
0.0737849227303001 -0.0470884739980526 -0.0219287279200484 0.0844418174780173
0.119797244954705 -0.0118563041423479 -0.0322076019052246 0.126898266586105
0.117650732793358 0.0701189839955094 -0.0981902967820453 0.137596534932862
0.0638889461108053 0.127906550548992 -0.170592964223599 0.0562683874848625
-0.081585624071069 0.165379335033821 -0.157010148256644 -0.0866474796911636
-0.216711231947448 0.0650311197514632 -0.0508751645514327 -0.147238345396271
-0.247393983492191 -0.0830037424027369 -0.010719404060316 -0.0430447430567513
-0.172370280120787 -0.13424072903309 0.0339940179406229 -0.0116661344620633
-0.20654805641517 -0.0186711350937525 0.0282371699772031 0.179804086159493
-0.150329378261476 0.0934479186863924 0.184921744761396 0.147747978127825
-0.00557057334529682 0.147549370341312 0.216218613349166 -0.0541475997818374
0.0905800188746321 0.101159992039392 0.0738955969012081 -0.147882520440819
0.12581542655751 0.0213346804151864 -0.0175475953735361 -0.108327373556586
0.0960923757182937 -0.047580920586006 -0.03057039237706 -0.0470700306250606
0.0815887309165513 -0.0610794209589392 -0.0122824396478691 0.0113509670637457
0.0773482882379114 -0.0572788340895954 0.0131652783728134 0.0618734684484458
0.124153504873823 -0.0213786317112685 0.014210623493244 0.117287248765834
0.129947265501691 0.0634227139924429 -0.0467559966520197 0.154743850767332
0.0786033299142168 0.132737556842368 -0.144046046996429 0.103313369599194
-0.0816990826062758 0.171500418368797 -0.150986664015888 -0.0418270533751247
-0.213489735403417 0.0542335884537021 -0.0392350104313217 -0.127947465172348
-0.226329356753088 -0.0904293588304802 0.0503094795026029 -0.00824813481589627
-0.123674470078384 -0.141975302576385 0.100257672224502 0.0451122466552521
-0.184926610284856 -0.0651352095398453 0.0442259011465415 0.192325265990548
-0.16839211219931 0.0544751030398317 0.156294419410143 0.184938030661068
-0.0346246787955607 0.145596376247683 0.204520755467679 0.0181768429084337
0.0787639799062448 0.108837483779839 0.117607405239193 -0.0890153588247793
0.121262719112763 0.0301248798989604 0.042918276900456 -0.100743329310151
0.0966966249985653 -0.044666229202543 0.0151412449899252 -0.0673757570334031
0.0783892982000552 -0.0642798818472423 0.0197109303945476 -0.0125906608836241
0.0716741417917609 -0.0594118082460995 0.0466632486455766 0.0364278107985487
0.113161015412998 -0.0239173420819081 0.0537724805580715 0.100563621079396
0.121674708687996 0.0557257213143894 -0.00169584434166284 0.157916185923414
0.0718684528493343 0.126906881217193 -0.113050120227171 0.130500457896964
-0.0882771339028049 0.15037931096676 -0.13580688148415 -0.00792929714795539
-0.18771824716037 0.0208384671723544 -0.0278618455477062 -0.106518531616849
-0.17203918125951 -0.0988129481447021 0.097686417024899 0.0249161801013634
-0.0549101832831375 -0.118752523193511 0.150551893950934 0.0967749085784518
-0.12358661846997 -0.0882915481770166 0.0564389432396725 0.196057303185958
-0.142313206089084 0.0142783137473 0.123341677786762 0.200204463967347
-0.0446112880969241 0.111661579908142 0.174485305031788 0.0741670226058769
0.0563278175092267 0.0887279345429606 0.14437635521789 -0.0338103347435553
0.094005733122742 0.0284823486938998 0.0922626028130373 -0.0891131306956182
0.0790219921547559 -0.035468671877721 0.0545524403300278 -0.0828179658153413
0.0633417843305739 -0.0567159553959248 0.0475262948546361 -0.0337539581700904
0.0592771860753301 -0.0528259585181884 0.0740867242547857 0.0144086460970997
0.0923737659408312 -0.0213851034182301 0.083370344196618 0.0843541709273853
0.100935191497903 0.0475279513627804 0.0317820960871898 0.15694074063842
0.0512465087020028 0.114849887387249 -0.0888541769059698 0.145763501544211
-0.0950405231353077 0.112001757638204 -0.121743036044591 0.0161055112116259
-0.148307073750124 -0.0219241880769096 -0.0203890690524617 -0.0837283684536666
-0.096407254975768 -0.102655745152282 0.125432861516317 0.0582537568846876
0.0213632115687976 -0.0711060945319028 0.178695077441477 0.126435163933844
-0.0420550964405379 -0.0811175138554659 0.0626547393395473 0.188060448817079
-0.0836051621732824 -0.0114811942692249 0.101406135705243 0.199261695965385
-0.0297550974512347 0.0602569012045364 0.15199768763713 0.103995809952215
0.0314808222803012 0.046336255610631 0.159588820346709 -0.00308560725053257
0.0508739019828481 0.0174219351676781 0.121309114665 -0.0848026413137896
0.0459227258110323 -0.0221462398860585 0.0792925738140469 -0.0937330318520916
0.0394174652716208 -0.0400839353542919 0.0660904458732158 -0.0499358058029214
0.0401337157692769 -0.0380905286173492 0.0942281902928996 -0.00229141831781968
0.065334018446096 -0.016038268608677 0.104002676602268 0.0726068585165854
0.072496739959607 0.0350737512531386 0.0555502372058256 0.157713502846871
0.0268542103335718 0.0938249179390902 -0.0745021107686559 0.156090513064945
-0.0930643379020819 0.0649301274411296 -0.117544437663852 0.0324259828137635
-0.092487667475704 -0.0589097626942336 -0.0214294763342531 -0.0645191666631076
-0.00972165223046865 -0.0930658646365778 0.129243759301336 0.0861058610660418
-0.0783091132314656 0.0184577940789249 -0.108459060397137 -0.142546487109678
0.0159538256342337 0.061457932070346 -0.0444257684752158 0.0962873817092556
0.0571548958894752 0.00630167182869743 0.147005679919091 0.045309282753653
0.00693748233487401 -0.0492874177602535 0.16106820186373 -0.126978873024641
-0.0305404564753712 -0.0207563736920865 0.0122316357648657 -0.209389637386886
-0.0236060608957287 0.00241642736761943 -0.101745486386875 -0.128981883475373
-0.0196267168018327 0.0135131748245214 -0.115876707901066 -0.0315014916862095
-0.00968612336906824 0.0149687311086194 -0.108292828151611 0.0217669506704067
-0.00901689850833601 0.00649929286049364 -0.12075794539257 0.056035701572527
-0.00255015840928835 -0.00341781094211148 -0.157321607127888 0.0311495267273789
-0.00319591900184687 -0.00159365008843941 -0.161947214253404 -0.0509957670461474
0.0121863817511405 -0.00437555376001297 -0.0960049730122125 -0.154667692911362
0.00205592732542574 0.0445481293068237 -0.0170815829518882 -0.221729269643566
-0.0593529543868801 0.0442690626201811 0.0280917873216025 -0.227318604574505
-0.106891899195191 -0.0339175744822018 -0.0774287056578138 -0.211312738924267
-0.119322195136633 -0.0517137372136463 -0.0879309953551473 -0.13625443465742
-0.0555898971036499 0.0407690369044097 -0.0465522202954037 0.111279276764642
0.00437436984342487 0.0368303527585904 0.159459786523156 0.0708085349848821
0.00856050517081876 0.00189196645840256 0.187304473258258 -0.123722727542763
-0.00151341895821279 0.0164661778735217 0.0259939240746883 -0.215415643776162
0.0162921120547238 0.0151679916739385 -0.0947896544435027 -0.135493031841684
0.0181947109577684 0.00485932665924632 -0.11412939241655 -0.0367507565186581
0.0277096392152669 0.00550742090873579 -0.105406038297705 0.0230150910238372
0.0325220601828216 0.00419272922651208 -0.112466767220066 0.0647946949224734
0.046446231485375 0.0247299585071503 -0.150274105957616 0.0557176602093231
0.0176972909453127 0.0577419416569999 -0.176209397986791 -0.0174874228953104
-0.0160828036155136 0.054265351378903 -0.129472574136324 -0.129898571563292
-0.0736766877609254 0.0567344689395246 -0.0425980514097841 -0.211008904006369
-0.136971479681194 -0.00297017032614475 0.0195041394653614 -0.208557878589725
-0.157884991793839 -0.108970750870873 -0.0567928141242689 -0.172138779299284
-0.138868437161224 -0.122958240522322 -0.055656438556942 -0.103545317259457
-0.124453609426599 0.00123843475273488 -0.0509533957339578 0.137336028036752
-0.063990172818662 0.0556234698423329 0.163673794785348 0.120667721837321
-0.00351931837047135 0.0604610994669829 0.221429170114512 -0.0932197214546394
0.0254665427481572 0.0599174167844419 0.0578271773973922 -0.205974831722459
0.0579936482659836 0.0333558832889224 -0.0682489724245619 -0.139470227340066
0.0562058054452611 -0.00114491710661455 -0.0935695175175921 -0.0450004974176426
0.0615349625453204 -0.00445363288290799 -0.0863448197197851 0.0198133527948363
0.066042938287324 -0.00210358336104274 -0.087787267570211 0.0715895706976857
0.0890125028548475 0.0375881737973221 -0.123259542283859 0.0854156585817283
0.0508021488731791 0.0978007626474417 -0.172518362479126 0.0360583230578309
-0.0137154185414365 0.109754514142128 -0.165466807261394 -0.0797461781028657
-0.123654535871565 0.0917631911526405 -0.0820546528625797 -0.185650496321495
-0.198036916066912 -0.0206220846249683 0.0104897280098065 -0.188960732560513
-0.193112993850745 -0.154841084049817 -0.0244371214840946 -0.116723836400419
-0.131956593720624 -0.180181186808144 -0.0163108545265882 -0.047857370605872
-0.17158025550616 -0.0534634545983121 -0.0536847471056282 0.167180271582242
-0.132735984348092 0.0512640540190288 0.150433330143624 0.180625091272592
-0.0329137542756071 0.109255900476946 0.243546418839132 -0.0332491893798943
0.0401728214953047 0.103191699642726 0.100212538530822 -0.171642330896743
0.0907134221268527 0.0540738841836076 -0.0229554024331089 -0.13318519320444
0.0879085737599914 -0.00347747775692513 -0.0569348591678462 -0.0531419500927416
0.0869834231753254 -0.0150289262406591 -0.0548139440379663 0.0142979463311747
0.086519121963537 -0.0117113423761253 -0.0514539845887581 0.0719348094442317
0.11606456651389 0.0366944279965879 -0.0806322310882084 0.108303167865876
0.082714475604482 0.113081924187698 -0.146505928585367 0.08969041426581
0.00687424116127027 0.145113548029953 -0.182607693756203 -0.0175530288523574
-0.143154028841266 0.125160502692244 -0.113589247830022 -0.146219394013495
-0.227420884464338 -0.0233946342459244 0.00752704904941253 -0.16884918394444
-0.203485510843705 -0.173170389484073 0.017779204359808 -0.056439678415986
-0.100287457279906 -0.206064917789264 0.0241394218243759 0.0248216784499649
-0.177559427686429 -0.108036833266555 -0.0512287131848848 0.192431872643001
-0.17753232108653 0.0203210850384034 0.115668613527312 0.230307996941491
-0.07058525401972 0.129362342206484 0.234283579958769 0.0420317288597963
0.0377911921509132 0.131722355334216 0.136761259222687 -0.110036861250512
0.105453102786956 0.0723659293338833 0.0326442638540457 -0.111858913220709
0.106043913465523 -0.0023297119596762 -0.00879083805963463 -0.0579781189733051
0.0997969660010854 -0.0230497442539759 -0.0158090682799872 0.0059241010639399
0.0939672521501537 -0.0203641444161582 -0.00971948226823948 0.0659381636088894
0.12387701942937 0.0291712349865078 -0.0329937737020278 0.118335285223213
0.0971685420649061 0.111583377144594 -0.106635358892095 0.126609195028837
0.0198655502822818 0.155045302046433 -0.177161873431304 0.038475080206497
-0.144979257934599 0.132349488314477 -0.126525762387256 -0.102772254493586
-0.220143912379958 -0.0319474863868972 0.0104025332260535 -0.146027501914833
-0.178869579435498 -0.172643490587421 0.0590251551389823 0.00221953914879884
-0.0509874946994522 -0.191179650982641 0.0593633820749939 0.100434867648823
-0.138150917097774 -0.141464200529625 -0.0450627060618078 0.208850639429102
-0.17814177895849 -0.0221797612410816 0.0702434470472725 0.253045211680774
-0.0953114210778969 0.115257878428001 0.192553895191102 0.107066280395407
0.0234345787446418 0.13267177017238 0.153422438879801 -0.0356580606256147
0.0981894604229926 0.0779497214702276 0.0848732908820655 -0.0792441782072491
0.105672211184325 -0.000108386613985648 0.0413365003245083 -0.0575821091539749
0.0977464145106466 -0.0276335573918017 0.0233670329379638 -0.00297390149782062
0.0897381281032059 -0.0249623218323711 0.0307175813567052 0.0560075821164012
0.114391985456729 0.0220551571183927 0.00996494988518565 0.118713974955971
0.0930727587554288 0.100088414111033 -0.0665698368181817 0.147723594667285
0.0165105758223945 0.146976475515139 -0.159983859189264 0.0765956247763265
-0.141678818264275 0.110586070878128 -0.126774471912914 -0.0652172934360718
-0.184416076879413 -0.0531161473125579 0.0135910949958233 -0.120567914746185
-0.124191720237861 -0.16009975148263 0.0881251059573652 0.0560145683895272
0.00306368848132796 -0.137838082866911 0.0849139560004603 0.161280372814751
-0.0728110025552308 -0.135487368890822 -0.0383290188806887 0.21301315949549
-0.136733287727594 -0.0477375239727956 0.0297076961761869 0.250966186690748
-0.088805974056757 0.0805314748477664 0.138819013334926 0.147904595385373
0.0119025028370831 0.103879725269104 0.153778573133799 0.0280014686871684
0.0742975501485553 0.0652447975350449 0.125085754773408 -0.0476108836153814
0.0856019212733714 0.000228206293797556 0.0837408217116049 -0.0556917466575037
0.0810886224571137 -0.0270771486106163 0.057658681067698 -0.0111135800746755
0.0751731329837698 -0.0256395208532618 0.0646599285638372 0.0461457078240331
0.0944196117226084 0.0163674540144401 0.0434860995675303 0.115808134525653
0.0770972064485206 0.083617844944299 -0.0355328183229353 0.160264786947396
0.00338897869348263 0.127487134867988 -0.143968781142496 0.100759313816076
-0.133156607527494 0.0718915292568573 -0.122572314595388 -0.0382627713984636
-0.131588467835717 -0.0779373631519959 0.0133247332836116 -0.0949841717906155
-0.050853093812126 -0.134642441427351 0.0982950102511561 0.101621386828239
0.0526463435578201 -0.0578691784201795 0.101827892502305 0.191157768350097
-0.00296465221097885 -0.093466520644601 -0.0281057324031208 0.20395011509688
-0.0708078116707909 -0.0453555801930889 0.0083897203854455 0.236366381331517
-0.052516835199358 0.0408579003545381 0.102661143651315 0.165041364155011
0.00754021064791652 0.0546034822888276 0.152140623643432 0.0636475830232606
0.0396092366891144 0.0362853161648971 0.147977248392789 -0.0294232147082736
0.0506601944293735 -0.000738421813519162 0.111220801344255 -0.0546990536392084
0.051988747141098 -0.0217522258327088 0.0806327311964615 -0.0181638386209651
0.0523833625026416 -0.0196862205403462 0.0890052025996013 0.0384336689349165
0.0672561923297513 0.00968840242025404 0.0668212899453274 0.112999659554943
0.0556912163077971 0.0603461822502257 -0.0142110368627042 0.170515978141249
-0.0104286836192437 0.0992012843746645 -0.135349975059723 0.115720321800044
-0.113162377709648 0.0288472322828217 -0.124816205174963 -0.0215147121946676
-0.0664834508875008 -0.0911759014307458 0.00657241101463345 -0.0753430812031258
0.026679232131755 -0.0926183576479902 0.0884196550900459 0.133830901273893
-0.0797012136793877 0.0210471729131637 -0.114071360877753 -0.143550466716262
0.0184779691474787 0.0618212624798744 -0.0408206050575048 0.101821985749129
0.0596306987659675 0.00433159142398172 0.154510578078775 0.0430807144070802
0.00493498281673225 -0.0506339700244326 0.162494083696899 -0.133986645053778
-0.032580499654265 -0.0197082734609774 0.00676319170165763 -0.217033436129762
-0.0239998430747569 0.00387191495244053 -0.107759941909183 -0.131113964033631
-0.0182334231984784 0.0147024938313787 -0.11753453197752 -0.0310239474967782
-0.00875247145124981 0.0163698676934233 -0.110053775905924 0.024628650884011
-0.00840159342632127 0.0076740259034324 -0.121361333736552 0.0602426118182253
-0.0029527232542098 -0.00254459987997195 -0.160231807940867 0.0373332813859671
-0.00407510982860845 -0.00108995199876476 -0.167607665729326 -0.0483064002336901
0.0115285969567456 -0.00514984963129188 -0.102513935843848 -0.159837906611948
0.004150853738299 0.0447946487721238 -0.0233311391342159 -0.230032533755453
-0.0589897852433444 0.045931128425735 0.0275272659326589 -0.236475362876606
-0.110865864566649 -0.0322057219937989 -0.0806607440376487 -0.217158242557802
-0.123602083402521 -0.0505107225061283 -0.0932034284109154 -0.137554179158306
-0.0551683783024004 0.0422877467745501 -0.0428736939650931 0.116887498919853
0.0056855229925108 0.0367672321728408 0.167525090605672 0.070268648537365
0.00761749576930379 0.00161278347792237 0.190327207798343 -0.13189707431348
-0.00211308130836551 0.0173219124130029 0.0206186180573913 -0.222974915735558
0.0173042021853132 0.0158774224168742 -0.100955379082016 -0.137713724046786
0.0192798185138203 0.00595295455203592 -0.116280508091875 -0.0351398418115866
0.0295519877799021 0.00556479791687215 -0.106864447352689 0.0259746267787762
0.0336106090750613 0.00479346965155071 -0.112121749580105 0.0704837626093588
0.0478267844489634 0.0252453473291557 -0.152497616484127 0.0625841043993882
0.0194452899594175 0.0595912696845662 -0.181561502520521 -0.0124152490716109
-0.0171628454511606 0.0555850283245318 -0.135984029625817 -0.132939923646782
-0.0743265595391334 0.0585308555633699 -0.0499263003757179 -0.219089025704145
-0.139173532244346 -0.00154276486769818 0.0184845734822495 -0.216663219664788
-0.164316544659805 -0.109283635961025 -0.0597475761004947 -0.177075630998533
-0.144928149646364 -0.123391230998852 -0.0594967932243851 -0.105533047655274
-0.126149856467489 0.0039025761338398 -0.047041738536933 0.143899387168821
-0.0641534974550221 0.0576826223204822 0.173477075266385 0.12289809544099
-0.00346953992063199 0.0613854833217758 0.225872115133128 -0.100725903874902
0.0265096035112866 0.0615331669462942 0.0541911257641589 -0.214047825131004
0.0597070707278299 0.0331477802051479 -0.0733480162364678 -0.142242484851668
0.0577859757828012 -0.000748163246744403 -0.0964390023721832 -0.0436810176450231
0.0639152604300049 -0.00563077341111966 -0.0871632483953894 0.0227882483902639
0.0673917550358645 -0.0022072394730539 -0.085865235207318 0.0767091447772099
0.0914957612534985 0.0372374498683495 -0.123436660759897 0.0927485764653222
0.0544610054161166 0.0997360560904011 -0.176682189310767 0.0438215308647798
-0.0136059904999568 0.112550478330295 -0.171454167560612 -0.0789906549165669
-0.124922175518685 0.096208957800299 -0.088963243007781 -0.192613985832981
-0.202858838193592 -0.0188477584967835 0.00905970361838644 -0.196409857282065
-0.202018933692018 -0.157308594930342 -0.0256398323501817 -0.120479668629101
-0.13970415010064 -0.182668465390543 -0.0182726189845488 -0.0491638743399344
-0.176017029804029 -0.0507573036418557 -0.0503681465022084 0.174677410350936
-0.135363355116777 0.0553855628079111 0.160320583606803 0.185113433144902
-0.0321758212194988 0.112422217874784 0.249661361479136 -0.0395953339532134
0.0430773448787011 0.105198374860392 0.0982712912835689 -0.179265863771415
0.0940988951215813 0.0535307083729407 -0.0278342351230974 -0.137007794284665
0.0895596656538138 -0.00439352025653132 -0.059799057860416 -0.0526354154800099
0.08872044618649 -0.0167272890236004 -0.0553650534158523 0.0155920110003769
0.0880809666417074 -0.011782990930483 -0.0489439012916324 0.076583526465746
0.120269177648795 0.0357773398176475 -0.0791396354779441 0.115185212734391
0.0872656490505681 0.114964313143975 -0.148824068368457 0.0983945108237515
0.00828730668521796 0.148217551298508 -0.188271042696776 -0.0135833455015184
-0.144422100949792 0.131115489406285 -0.121168126855543 -0.150852253319351
-0.233921142504595 -0.0201691061472223 0.00523145181174139 -0.175936067902103
-0.211857458221334 -0.176688264670938 0.0179651287328857 -0.0594425272586924
-0.107585146739791 -0.210598520250021 0.0246067758534254 0.0247369723694073
-0.183415570172877 -0.108156798181573 -0.0485905461591843 0.199953951664166
-0.182292956748042 0.0244309840652657 0.124761506786811 0.237404063036137
-0.0699009949260398 0.13410662012734 0.241829387497993 0.0380907650423888
0.0410519962825577 0.13404051371273 0.137394224376468 -0.115727373641026
0.110124947680836 0.0715405129820885 0.0295698488502564 -0.116532208984818
0.108208029222744 -0.00404290181919337 -0.0109658815669655 -0.0582151029678098
0.101182271531016 -0.0258533697191268 -0.0153358502718659 0.00692399320734139
0.0952379323705856 -0.0217404260668961 -0.00608562753965577 0.0695816498029675
0.127629384151379 0.0281704354049873 -0.0301874663158271 0.124150279606318
0.102216496835481 0.112268225964927 -0.10613673233566 0.136450063788387
0.0229791363876201 0.158125929792181 -0.18085773666393 0.0443024417957514
-0.145856866668509 0.138751789036321 -0.133792345935415 -0.10528688443236
-0.226869755622729 -0.0290181435477184 0.00708956950732511 -0.152992403492506
-0.187383139843563 -0.176054232630705 0.0610380000756577 -0.000334861248442762
-0.0565267761614552 -0.196529969010514 0.0618576107491264 0.101751395816337
-0.143662580953414 -0.143327980748005 -0.0437655863842265 0.21686533652505
-0.183752865773032 -0.0191893570994715 0.0779229860332468 0.261476245431112
-0.0957681067091339 0.120059154756064 0.199996807753956 0.106957164188874
0.0266157832917749 0.135178422962134 0.156556470275806 -0.0395131232719844
0.102671041149311 0.0771004549386341 0.083979921243098 -0.0841731826356413
0.108094181809744 -0.00223875474036068 0.0399899099982702 -0.0601858708359429
0.0987724204584602 -0.0307557702510323 0.0241485861169336 -0.00319126089515699
0.0907389195474905 -0.0269769492439693 0.0351756003626936 0.0587191101030521
0.118036688120601 0.0202630467693846 0.0141570027169115 0.123448365359518
0.0981564406995865 0.100522435307219 -0.064821168187421 0.157389112218721
0.0196641638839223 0.150053534235577 -0.161714350541672 0.0842308656635573
-0.142506676292311 0.116527949142533 -0.132601219008571 -0.066669407372934
-0.191249355319164 -0.051865908423103 0.0107818375888089 -0.126476314708655
-0.130377187342005 -0.163903188902815 0.0908257570568004 0.0546761865202556
-0.000538185939111206 -0.142363985178068 0.088404745651056 0.16392517019301
-0.0771212912104188 -0.138620491253876 -0.0370211646101585 0.22141315260437
-0.141648731680195 -0.0462615030273343 0.0358475173250642 0.25957607800631
-0.0891924102021034 0.0847620230025057 0.145663226575194 0.151207690091543
0.0143490853573912 0.105853635654092 0.15919498126532 0.0263225203421706
0.0778874613605946 0.0639552852977199 0.12599348184953 -0.0521019252274852
0.08797886043693 -0.00113190985087418 0.0836235118430288 -0.0590462698814727
0.0812629855847452 -0.0302230378831738 0.0581638115545244 -0.0121793723861759
0.0759045662061971 -0.0271165382511344 0.0690377655237591 0.0472001146047722
0.0972989832582774 0.0138286604712908 0.0479556623159966 0.119160445719488
0.0809467128103921 0.0829619557381246 -0.0324500894433118 0.169291846625396
0.00611014678487946 0.130630876127613 -0.145015329020826 0.108366016803212
-0.134593469242156 0.0772933012199238 -0.12788035069959 -0.0372197073185582
-0.137630817828588 -0.0782036457327121 0.011548800832776 -0.0998010986411058
-0.0551093150600774 -0.139507422229815 0.102357464799864 0.101406832487053
0.0523765172108905 -0.061875291823055 0.105907777358871 0.195317832901323
-0.00475682811200399 -0.0967824181241532 -0.0276414879926199 0.21162433068881
-0.0737614948949605 -0.0445757297138121 0.0136832711309199 0.244495539778027
-0.0523394875198531 0.0428800772368168 0.109017303075757 0.170000198172329
0.00898277502606375 0.0552320439873808 0.159048028955226 0.0626353995113594
0.0422541856030259 0.0357813028154262 0.150279457597901 -0.0347007600448386
0.0522757949498096 -0.00237311337238522 0.111173231625836 -0.0589188364361422
0.0517647856878632 -0.0248320322197032 0.0820322920974736 -0.0198951782329085
0.0523698408703294 -0.0218670939606354 0.0927862424273138 0.0380759087007403
0.0695316661769767 0.0079069948743682 0.071135687033903 0.116463006246617
0.0588266399040662 0.0599544780106161 -0.0105820873984413 0.178312954756337
-0.00777902800888342 0.102036255072786 -0.136172511980455 0.123405587937648
-0.115334405740716 0.0326037523428677 -0.130116437159175 -0.0195568695353172
-0.0713993580064403 -0.0933602137319419 0.0037500008582818 -0.0790204315916548
0.0251809854659582 -0.0968657615299181 0.0931668805385044 0.134311105481351
-0.0817542115405986 0.0246219418170226 -0.12329769466125 -0.144259734927107
0.0217923165432688 0.0627548436099068 -0.0360818250471577 0.106904939558319
0.0626422128988626 0.00160547068837003 0.164223919323999 0.0387752334518819
0.00215442660895446 -0.0525543039764312 0.164514135963644 -0.145220773932175
-0.0351181347131604 -0.0181896971753953 -0.00260690250944818 -0.226983934245894
-0.0248148499472087 0.00570612952880842 -0.117499770783101 -0.132811193388597
-0.0171520689156889 0.0162353108622432 -0.121410718456318 -0.0292250569262825
-0.00718428237962348 0.0174438657283582 -0.112858343077331 0.0293237675560595
-0.00714380476527796 0.00912772690588306 -0.121575568465831 0.0680040559465685
-0.00311680176738117 -0.0015458216652403 -0.164084179454069 0.0465126869171476
-0.00462807471150343 -0.000100921183882568 -0.17655007803296 -0.0439564123662949
0.00970943241092769 -0.00600342675912061 -0.112940859163003 -0.165172743711162
0.00694959760885385 0.0451441502467177 -0.0339898865667342 -0.240185904331688
-0.0583054975684025 0.0485972687560156 0.0225259196734541 -0.248361446313916
-0.116593124825537 -0.0283610945900351 -0.0882147562481881 -0.224039509539907
-0.129501246495178 -0.0474123994323368 -0.101914894945258 -0.139505924281904
-0.0543342079499892 0.0454857741681362 -0.0377198495436268 0.123550926545913
0.00778230898517038 0.0368697430583872 0.178752562463147 0.067604771966443
0.00654889308882236 0.0011649531719105 0.192342405174796 -0.143354317820259
-0.00214412488534433 0.019191809677151 0.0113097263028682 -0.233800741140548
0.0180021497848619 0.0165721142388722 -0.110833963366924 -0.138813553708469
0.0214121135744259 0.0058273823109521 -0.120364491585784 -0.0324999551538596
0.0316238219748724 0.00537079703674049 -0.108261426616111 0.0308868875201977
0.035745349077762 0.00483358161524737 -0.110981126411574 0.0782432603257643
0.050624193932575 0.0254098646638754 -0.154646849254168 0.0731894791235586
0.0219429285855894 0.0622645617134283 -0.18940728320762 -0.00388365957128633
-0.0178666601225213 0.0583505455852997 -0.146961097207318 -0.135869458498923
-0.0746173931083232 0.0618743660131381 -0.0606899357060767 -0.228892627679891
-0.143112050506729 0.00196713528322845 0.0130766737076443 -0.228068998076753
-0.174058665290962 -0.10783059489459 -0.0651897417432681 -0.183359753884553
-0.155166919014338 -0.123000348675149 -0.0653404702805501 -0.108112777170478
-0.129299443378643 0.007859203510786 -0.0413622362099646 0.151778890767833
-0.0640579070181875 0.0617632189196143 0.186402718018549 0.122134641657362
-0.00213614535806832 0.0630647784307949 0.230407075706626 -0.113224883355857
0.0288848817785443 0.0629280999316742 0.0467517481814869 -0.225006657738455
0.0627827713186047 0.0326342287669674 -0.082861966623383 -0.144942952673337
0.0604497089009517 -0.00236388439138841 -0.100823195378194 -0.0412530300506175
0.0659723048460486 -0.00743120297881282 -0.0883773246550283 0.0273907294597319
0.0702473968564736 -0.00339245796974252 -0.083640899562328 0.0840508792546737
0.0968151693239186 0.0359382783212701 -0.123130892481102 0.103541598504968
0.0602417014046696 0.102340711759235 -0.181975571931887 0.05496752717303
-0.0114460159823866 0.116813752438477 -0.182309989181338 -0.0775083797891592
-0.12551583482404 0.102964238894013 -0.1010380717848 -0.199454025891966
-0.210240273128271 -0.0139171714965215 0.00347984566703891 -0.20741851870624
-0.215107814134914 -0.157204089061735 -0.029275689120636 -0.125975045303347
-0.151901844658087 -0.184851082487144 -0.0207959648488141 -0.0513688318078654
-0.182490564436503 -0.0470334313108504 -0.045165489395067 0.183822330529132
-0.138167854253846 0.061915017687039 0.175004972486009 0.188332951303585
-0.029899025106629 0.116989163834475 0.257939007881096 -0.0506734676050364
0.0480736132683354 0.107641619238022 0.0939976203720342 -0.189789740388916
0.0994291857851993 0.0522270286670365 -0.0351684365147844 -0.140930698089838
0.0933367637590111 -0.00700364988672878 -0.0638163812964751 -0.0520635265283468
0.090948780937652 -0.0204123966124253 -0.0557233597899916 0.0191177677982587
0.0910227139944461 -0.0143423280178863 -0.0450022434745775 0.082361623878336
0.125750393190299 0.033000876459585 -0.0758078516169722 0.125242654371816
0.0953629804729079 0.116419214117204 -0.149979283943266 0.111209241368933
0.0126005301837991 0.153033366836422 -0.195768998321146 -0.007007603161291
-0.14438425465058 0.14019101037446 -0.13323011973976 -0.154922935131839
-0.243206013220818 -0.0139306573609661 -0.000277023303753441 -0.186238017232292
-0.226103106169372 -0.177556099889995 0.0168480706643313 -0.0644243594978425
-0.119841670440598 -0.215084909712194 0.0254983136421469 0.0241602629055441
-0.192836285560411 -0.10517742551014 -0.0434575393016513 0.211261643911065
-0.188393022685408 0.0316914514236609 0.140070819429064 0.24445929855494
-0.0684958903027621 0.141236574084471 0.252140823557495 0.0311530405200064
0.047575108402978 0.137596855511279 0.137877031815052 -0.125537840010449
0.116834457052558 0.0697491110946796 0.0248941609618926 -0.121995734875495
0.112096223963838 -0.00729230837299689 -0.014384624934751 -0.0596721977314295
0.103223901490762 -0.0300595770097977 -0.015332759074514 0.00837286090259451
0.0971855287717707 -0.023919159792712 -0.00109422721692862 0.0730749471945078
0.133305416372035 0.0240503619126072 -0.0245580201365276 0.132340385609876
0.110419248902676 0.112910562091126 -0.104280456276494 0.149484049147111
0.0284750587827636 0.162498880348668 -0.185947574765773 0.0535927990307374
-0.14520261728558 0.148991099997534 -0.144866985073338 -0.106524938606205
-0.236943797719912 -0.0233187461282411 0.00234816230587984 -0.161944001742507
-0.200667354776887 -0.178048490752914 0.0633663051091506 -0.00402203722969126
-0.0662518089914477 -0.202849561272793 0.0664538635647151 0.102582136706146
-0.153729353044002 -0.143957434524107 -0.0391653146675184 0.228220172951988
-0.19162132408148 -0.0137840343762665 0.0911224364395711 0.27123092378218
-0.0949283209730133 0.127608111643271 0.210831711744281 0.104309646139086
0.0325716744325855 0.139206936573698 0.16118519756016 -0.0467809694789392
0.10974281372117 0.075406199612342 0.0830961689462086 -0.0913686313167546
0.111844201360229 -0.00550974876147305 0.0378101662260324 -0.0630943101872965
0.0999068034869715 -0.0355301559526293 0.0250150487906763 -0.00347983393065114
0.0922551542578495 -0.03032697959958 0.0402809107799412 0.060183660685354
0.122847104236636 0.016804536415315 0.0205717853913956 0.129095296216642
0.105139729591951 0.0999991126431054 -0.0604471771359336 0.169895028200601
0.0252285375642999 0.154280862792279 -0.164348894261694 0.0945623215028675
-0.142919378628506 0.126591117972692 -0.14197666469262 -0.0655281547198883
-0.200887516624798 -0.0476967068774831 0.00617562502698248 -0.134861137748122
-0.141467594609008 -0.166859484806592 0.096394045274387 0.0517808977469219
-0.006356689721781 -0.148409093742404 0.095466161927607 0.166695006647993
-0.0851505573788451 -0.142015978155703 -0.0327490049610703 0.232921513160251
-0.148814541126478 -0.0432927132101826 0.0466466380328365 0.270707187060297
-0.0891954975162382 0.0908715949834977 0.156373135772739 0.152766655543046
0.0187972481231316 0.109088492217874 0.166791467263921 0.0216895360879122
0.0838479156519907 0.0622696990003406 0.127204037143544 -0.059114315008225
0.0910275707129694 -0.00491930252181707 0.0826054943690779 -0.0639800618518961
0.0815736994944033 -0.0352869529974537 0.0597863846542674 -0.014015660808259
0.0765641847270473 -0.0306412179495325 0.0750243236915149 0.0474088540824078
0.101332348682574 0.0103881108231606 0.0551531534233939 0.124170964135538
0.0871453758957323 0.082742178421361 -0.0265659812343489 0.180699693392673
0.0116749219116944 0.134094112924572 -0.146598149310264 0.119320853174799
-0.1358704019386 0.0854264901825676 -0.13590596826485 -0.0355827251530342
-0.146685484736928 -0.0768214775536909 0.00664485941011772 -0.106621159398807
-0.0626653084523185 -0.144359834974553 0.109126938825294 0.100116461106175
0.0510874619292117 -0.0669491942407501 0.114135273053425 0.199196868508656
-0.00934313151238464 -0.101008968956688 -0.0246970709029323 0.222680858988811
-0.0779050632689557 -0.04338530367983 0.0226532710218741 0.255473971648305
-0.0517299956120108 0.0459282965803474 0.11935073559271 0.174707456136952
0.0115891787073227 0.0562575733641539 0.168936008489478 0.0598054643752442
0.0450410191067427 0.0348588123807892 0.153346500968557 -0.0429111656738513
0.053845363203195 -0.00519956099285647 0.111147320812587 -0.0655033949570445
0.0513835708820271 -0.0287579376840561 0.083874648781938 -0.0225486662738123
0.0525502407687484 -0.025277649275516 0.0986774524578096 0.0370563820878344
0.0726481469007593 0.00449673142847853 0.0784993412971456 0.119545644245483
0.0631318531083098 0.0593119289969467 -0.00336128677896275 0.188237480849367
-0.0034919420995089 0.104941161867838 -0.136759666929227 0.134840258315924
-0.116925249108613 0.0391388666003048 -0.137171331300475 -0.0167150436196938
-0.0798847968540117 -0.0950479632990908 -1.34838415479715E-05 -0.0840522497108499
0.0213979650614635 -0.103026188441046 0.100536502597896 0.135161867243614
-0.0824769626172424 0.0311390910724948 -0.134474512172565 -0.140440728504402
0.0268341040839561 0.0621222476336169 -0.0283257221194961 0.111865736405133
0.0643576353117079 -0.00311086790040562 0.172190201839713 0.0299988715085282
-0.00221044004621198 -0.0536644066746352 0.160791099858272 -0.158678784925649
-0.0378739476617249 -0.0147689468828643 -0.0180980386204447 -0.233746300269848
-0.024694122911726 0.00853434521305391 -0.129065537752258 -0.129158321750904
-0.0154074633892319 0.0180973553157827 -0.1254339426535 -0.0238630126574601
-0.00485914056234984 0.0187813320667488 -0.112676818697127 0.0363257562422808
-0.00646566355113371 0.0106814130389672 -0.11889160201204 0.0768467147511899
-0.00382153299025116 -9.64853479193391E-05 -0.164092985027075 0.0588578646707197
-0.00463243348483097 0.00100727786402161 -0.184217520194102 -0.0342154693401748
0.00761528843255638 -0.00708091264503542 -0.127762575651864 -0.165773701394925
0.01051074280964 0.0441355985818723 -0.0501724882219529 -0.246179850294598
-0.0559967511562093 0.0521346690314869 0.0113808822741206 -0.258207019526304
-0.121448495500624 -0.0219138916023246 -0.101039329491941 -0.226916510743203
-0.135785341781697 -0.0407947719678316 -0.11224279075065 -0.137321323845529
-0.0520625876746955 0.0489884450689717 -0.0288668819785431 0.129375299363898
0.0106793517638899 0.0361331948726807 0.189201226109732 0.0591665056414683
0.00558095834883434 0.000345118459463152 0.189135821094398 -0.158797488491929
-0.00208500250499328 0.0203070252916461 -0.0038628807317527 -0.240684761940642
0.0197785774391702 0.0162997787364439 -0.122299925133994 -0.136260347527619
0.0233034741365552 0.00532305766042621 -0.123691034713608 -0.026416202144591
0.033787369862134 0.00418323315880279 -0.108281389729988 0.0384577131991104
0.0381771505167911 0.0039112044335558 -0.106743815784304 0.0876653444778606
0.0534899513600871 0.0239899370509034 -0.15250094754189 0.0866851818561655
0.0259334395778507 0.0633835015939501 -0.194963040359928 0.00812706831259222
-0.0168645336567961 0.0608466262639711 -0.159904074537623 -0.132633857219438
-0.0723111029380166 0.0662291881075033 -0.0774690836530814 -0.233277288322418
-0.145677418602815 0.00842228472879741 0.00221981746388859 -0.236952089522193
-0.185429488008631 -0.101001653539208 -0.0751510048002825 -0.186339886449442
-0.166550522472151 -0.116980316444294 -0.0734395621105217 -0.108005121894923
-0.130472377966003 0.0151261078407418 -0.031499525432543 0.158713042559085
-0.0614272435278726 0.06548187462819 0.201072149062421 0.115593499426812
1.32051083656258E-05 0.064126400760412 0.229366362673812 -0.1295704455789
0.0330498530182707 0.0628262231785944 0.0327329035718878 -0.234028682712941
0.0664523879108386 0.0298458664343398 -0.0943646443528939 -0.143294734479877
0.0624062808543767 -0.00488952432434602 -0.104880175002715 -0.0362867422166404
0.0678966223654513 -0.0109115274765162 -0.0878044945552506 0.0331590630981692
0.0721191513484884 -0.00632289460358057 -0.0780565668753514 0.0919425735146754
0.101444586325407 0.0319168846538872 -0.117953067730491 0.115232912763587
0.0684305260557358 0.101928811805613 -0.183319025052959 0.0700509940479388
-0.00708978293353358 0.120322953667597 -0.192460300447343 -0.0701814743919309
-0.123110326762948 0.111408778064182 -0.117901108084548 -0.200911326436816
-0.215752639077552 -0.00299587729956899 -0.00700393271633321 -0.214878558272874
-0.229408350052654 -0.14962130051635 -0.035947367772756 -0.129635909554842
-0.166484812944068 -0.180817387003933 -0.0249869236369278 -0.0527863837845315
-0.188551005417325 -0.0379990965944039 -0.0340744766484536 0.192497428647416
-0.137733564270442 0.071063874178561 0.193139797506027 0.185173360801291
-0.0247564890908123 0.121241974954291 0.261016855920853 -0.0668733815550256
0.0556210730284817 0.10723088525088 0.0840860486464592 -0.200369074346443
0.104724713758973 0.0471109351444063 -0.045288979169105 -0.142644669909939
0.0952838026296968 -0.0120653123222163 -0.0680383761509228 -0.0490267813710204
0.0923734380917751 -0.0253536696426403 -0.0552409801485115 0.0230426475118587
0.0924427531696949 -0.0180692579149276 -0.0380345481279402 0.0878564561670377
0.131023851934305 0.026231703833529 -0.0683598264788893 0.135426235082912
0.104791159373643 0.114121624863432 -0.14636660116196 0.12646313138577
0.0198200406340322 0.156217492999337 -0.201974730682147 0.00396097491168169
-0.139499578908176 0.151897592393344 -0.148125429436304 -0.153366054412266
-0.249579521095361 -0.00114392774890165 -0.0102549097483279 -0.193802308053676
-0.242716497173513 -0.170546007260436 0.0148673096448383 -0.068476715006858
-0.13516583055683 -0.214050899159432 0.0264082577263681 0.0219712807148327
-0.202537834293506 -0.0978639682866147 -0.0323262955559285 0.220030241096297
-0.191457038253441 0.043063127755466 0.160495874801391 0.244938632896334
-0.0627580200378058 0.148374713959364 0.259937572423174 0.017320364385007
0.0565930368478201 0.138373136643269 0.133421229178694 -0.136250556873485
0.123417765064862 0.0633256535388278 0.0170699860275668 -0.127026661950196
0.114132364799504 -0.0140207239892005 -0.0186522997830677 -0.0601022626611269
0.102974609135178 -0.0369272786939566 -0.0149857818236577 0.00980084906826429
0.0983540608681738 -0.0290328120123452 0.00617521267537314 0.0763194208748136
0.13784534905806 0.0169352347032418 -0.0149729060537676 0.139302309632848
0.120018977193863 0.1084434553728 -0.0969401844369685 0.16398408529621
0.0373733674385868 0.164389622814739 -0.187645754024264 0.0666148505744308
-0.139573550155502 0.161113059931387 -0.157564941081811 -0.10264240316014
-0.244474437334127 -0.0108543755758835 -0.00781171843621826 -0.169201081643653
-0.216465274528284 -0.173638973145014 0.0642772174985898 -0.00918169651557211
-0.0803336975701161 -0.204616121677621 0.0720451355249796 0.100613361284612
-0.165339289170028 -0.139386722720114 -0.0285883421184022 0.23786939992791
-0.197749231948415 -0.00287200985206449 0.110630035981671 0.275642758417399
-0.0905134676008666 0.136440888023025 0.222490950034439 0.0957221553951247
0.0418660321754245 0.140959966351407 0.16312363423326 -0.0567940759255347
0.117170425589414 0.0697598337001458 0.0781763480927632 -0.0986468689121957
0.113610874427014 -0.0126776161094862 0.0340721819039081 -0.0664203876593895
0.0987719707474054 -0.0425996608053903 0.0253218866268588 -0.00448034139745019
0.0917567567177498 -0.0350086234395197 0.0469349569498514 0.0601721129607473
0.126531360586522 0.00967135245858418 0.0304777144741585 0.133654240123992
0.114214436376571 0.0958671491328917 -0.0502840210089028 0.181663429687164
0.0344268989536612 0.155587083899186 -0.163214635699552 0.107925142364247
-0.138173263488646 0.138058608819871 -0.151673757165336 -0.060532910633321
-0.209637960755042 -0.0373835348538766 -0.0030048378111347 -0.141484701146004
-0.156150231353396 -0.165906490032905 0.101168373471235 0.0466005257273045
-0.0156820713702191 -0.152962218281163 0.104893827773741 0.165996782344553
-0.0954582557792567 -0.141835456556993 -0.0226703546279044 0.242782812688931
-0.155335733995612 -0.0356841267266502 0.0650480147669095 0.278015380386508
-0.0860214742092785 0.0982098614759404 0.169057867352799 0.149185477554492
0.0261026031581579 0.110648663495799 0.173678280840607 0.0137069221556253
0.0894564480427095 0.0584602656543276 0.126110392657878 -0.0685917769297328
0.0920794705752515 -0.0105725003838683 0.0795697865828271 -0.069792432922626
0.0797500213307549 -0.0411630686738347 0.0601512122769435 -0.0169467810036726
0.0757363306801057 -0.0350233822883158 0.0810543331921386 0.0443593329261226
0.104051467450407 0.00430811050628497 0.0653037126833625 0.125891838378981
0.0939808021529768 0.0786797333151616 -0.0154142928359321 0.190099652424186
0.0197414965092343 0.136403067406592 -0.142620571307818 0.132141134366772
-0.133576224851435 0.0958826378338826 -0.143360024840317 -0.0291281570866972
-0.156459800716857 -0.0704125662216548 -0.000998226013266777 -0.111550074920984
-0.0742741693011793 -0.146395884030769 0.116790413273518 0.0955670029185017
0.0477667757598617 -0.0721166927603721 0.125382533417634 0.198815659672872
-0.016297663928944 -0.103548484724582 -0.0154614236666868 0.232622219345109
-0.0828586057244886 -0.039366288524404 0.0386220576936473 0.263028282058766
-0.0492420805529567 0.0501635419769999 0.133430218550292 0.174073103172733
0.015440637731825 0.0566551110207222 0.178008700428065 0.0518653072304558
0.0482590040363882 0.0320791454436973 0.15336997226044 -0.0535084909766299
0.0545295210589544 -0.00897923930658085 0.108254042809065 -0.0736364454070339
0.0490511020040772 -0.0332626232178728 0.0839245110613056 -0.0272746099277604
0.0517598130040299 -0.0288867261982276 0.10395234980096 0.0323269136453071
0.0743642114781527 -0.000830366195388718 0.0882018846203031 0.120122124786249
0.0680884896258976 0.0564084963170188 0.00892137034279551 0.195658624100078
0.00399945190771959 0.107430284342365 -0.132021549087228 0.14739522263235
-0.117168328699602 0.0480003168594081 -0.143188735249479 -0.00941206340045275
-0.0891007995741985 -0.0923787659016339 -0.00731194565800344 -0.087849269635958
0.0147172717587929 -0.108238827167049 0.110976653638672 0.131814493031754
-0.0798738168359341 0.0365507391628014 -0.141768066238073 -0.131540675571384
0.0309169802026545 0.0593159540863148 -0.0191172249462438 0.112027646117304
0.063797726515036 -0.00859801183332572 0.174677186784991 0.0184670109280305
-0.00680343227121137 -0.0527641336152005 0.151723382414266 -0.16759432675065
-0.0387440066074732 -0.0115080638718155 -0.034476916773035 -0.232193096395728
-0.0233612453705897 0.0104214555455144 -0.136798365531052 -0.121277901324273
-0.0130711552156623 0.0187409089517751 -0.124663059498696 -0.018232962439276
-0.00274557023633402 0.019235869365474 -0.109169060704398 0.0425869127600221
-0.00443365120655032 0.0115075487389487 -0.111562910508997 0.0837548909182285
-0.00353795429691656 0.00163914795768342 -0.158008526646466 0.0702429080727175
-0.00536576907073202 0.00231596317415011 -0.18585943809993 -0.0225282150685447
0.0056902171727442 -0.00699221245472342 -0.138752433983425 -0.15984859981143
0.0139851666552518 0.0413920990377361 -0.0658516807579297 -0.243493747184267
-0.0517826121664681 0.0545525416816273 -0.00166869233920154 -0.260525684902153
-0.121876025572981 -0.0134247788307376 -0.111745958658682 -0.222751201660983
-0.137463605543851 -0.0325202314043423 -0.12095991202548 -0.130235897199303
-0.0475569626707311 0.0511591441699029 -0.0195414113683021 0.129578657044087
0.0129118155973106 0.033607003204934 0.194356111112185 0.0471516819462728
0.00444753212165638 -0.000122933335318258 0.179661917059219 -0.16947973457113
-0.00124693381437624 0.0216345100301911 -0.020555075929189 -0.239741484256857
0.0207571691946739 0.0159435040141651 -0.130639242406044 -0.127975091758854
0.0238788819039097 0.00414608695865428 -0.123675876646136 -0.0198474075950751
0.0346808792946067 0.00243567327767573 -0.104149461853151 0.0442857221689758
0.0387159382134261 0.00258147194707076 -0.0987448888239525 0.0937683111815349
0.055185104095853 0.0213631559177379 -0.144890066594092 0.0972060670946581
0.0297048094800681 0.0621676314763829 -0.193701494612311 0.0214988708278323
-0.0149996194543952 0.0618967261698447 -0.169237623680201 -0.124816975341809
-0.0678197102705169 0.068319514441525 -0.0935943001778119 -0.22954455146969
-0.144550838812785 0.0157268742658607 -0.00984486463340739 -0.238943471143724
-0.190215738648525 -0.0890544319666458 -0.084436446885628 -0.183515241834098
-0.17306118416463 -0.105853935017939 -0.0801766906998289 -0.104353381178184
-0.127720386703191 0.0218680010857115 -0.0204308234437766 0.160170825351025
-0.0566579316365611 0.0682605197825928 0.209552211395598 0.103544598087716
0.00323103894517675 0.0633664026871874 0.220740133803634 -0.143002485772267
0.0363393111265913 0.0615645221980968 0.0171404944861843 -0.234468200778359
0.0677373510183376 0.0264829694811603 -0.102585944095229 -0.137559858422623
0.0623377990466161 -0.00844941557808548 -0.105670584015019 -0.0300612086313622
0.0671558060235896 -0.0144103965057722 -0.0849543136665264 0.0387909396619748
0.0720158897954582 -0.00956940413879315 -0.0691298508152186 0.0964136869783854
0.102941100489307 0.0263451248837821 -0.108544056569707 0.124608393460837
0.0741658799310514 0.097983883042381 -0.177612179300289 0.0832526146052892
-0.00158821972741829 0.121094334256744 -0.197644962358855 -0.0591096151956286
-0.115955891609146 0.116870569874185 -0.131474938106226 -0.195145904001529
-0.215037290899785 0.00800616947261312 -0.0184054867483621 -0.216954978857011
-0.237863754365938 -0.136529341108253 -0.0417896272917969 -0.128813276865611
-0.177021537323539 -0.169991378610813 -0.0295991273474408 -0.0524259927800134
-0.18858772776439 -0.0278402951595155 -0.0214173482197061 0.194585996112467
-0.132540054528894 0.0782202701151018 0.206321293751402 0.174330953442343
-0.0178274803678776 0.121377930138662 0.255530111820623 -0.0816835904181447
0.0614214603857627 0.104283879232704 0.071281754249633 -0.204958383716674
0.106889155862261 0.040892693996638 -0.0546317938967585 -0.138560394433396
0.0941463249324193 -0.0167769551074688 -0.0700848507323093 -0.0440296912232823
0.0901519418819897 -0.0304247918344033 -0.0526906235656404 0.0265781781539404
0.0917023689914282 -0.0221322902624403 -0.0291551815193962 0.0902300920069741
0.132283021754825 0.0190668629761746 -0.0570365881619932 0.140554476440431
0.111270636766019 0.107269130187907 -0.137002403410682 0.138924731739601
0.027782854237435 0.154792931879479 -0.201924420809801 0.0161075694258511
-0.130034283248685 0.158568828781044 -0.158996769950696 -0.145877363098829
-0.248775038650095 0.0118315396069285 -0.0220305147736945 -0.195403678391597
-0.252567636566908 -0.157542186278929 0.0111017811826653 -0.0708507559218631
-0.147380101368173 -0.204970013601936 0.0261346924527225 0.0186283393172667
-0.206383118314907 -0.086267259979028 -0.0196166440687494 0.222548288677013
-0.187576674903127 0.054047109673332 0.176230244823152 0.236340991953456
-0.0535653259611257 0.151298494680159 0.260125993341405 0.00222457483724671
0.0648430619608741 0.134535354915128 0.124063081160131 -0.143616041170897
0.126441947273381 0.0558187825823432 0.00846908191471272 -0.127158058286535
0.112472260208544 -0.0205389648572488 -0.0226390925088834 -0.0575302846285679
0.0994975187029961 -0.0426899582571752 -0.0139493768182008 0.0115056260030457
0.0958589694681164 -0.0330637604944925 0.0131945247941939 0.0757480281135576
0.138225822722217 0.00918669140799443 -0.00392303227011366 0.14166257445742
0.126539798068361 0.101207486065968 -0.0846377482790232 0.17241917698873
0.0460674676438066 0.161631727149181 -0.18307659449217 0.0782185599525777
-0.128999408884048 0.168315644258654 -0.165561492310797 -0.0943587532633878
-0.244280965133017 0.0030202624792222 -0.0191790796564676 -0.171081463886368
-0.226529132178914 -0.161656796876347 0.0633656001949929 -0.0137898308540384
-0.0921751636157602 -0.199150029826855 0.0756225187991722 0.0955187007800824
-0.17217376172815 -0.130786204323463 -0.0149727660159233 0.24023515821263
-0.196589998198792 0.00877851719465922 0.128484911917679 0.270484348007063
-0.0819768291432433 0.140950046985172 0.227198907647387 0.0836044590839876
0.0502253235090969 0.137762820767659 0.159693296229891 -0.065774440265209
0.120336636467253 0.0616063532079165 0.0715580937718792 -0.102853277524328
0.112089633965359 -0.0187938886302449 0.0289388249516372 -0.0673846119821143
0.0941596392994921 -0.0479073786628342 0.025329048132968 -0.00446751776913561
0.0892718151723829 -0.0389683881755616 0.0528910861126825 0.0568478852632636
0.126260779017203 0.00172629283482768 0.0403530667620188 0.133197216136477
0.119024266432544 0.0886925658201 -0.037167495002399 0.18737444225787
0.0434309614186363 0.152282434680807 -0.155484321459584 0.118199546326166
-0.128962559457569 0.145827325321122 -0.156660455194202 -0.0522753746675005
-0.212060440660381 -0.0257955516882661 -0.0131160272385151 -0.143206014538739
-0.166285476505531 -0.157645932889767 0.102570419553265 0.0390640393537063
-0.0254611596600246 -0.151055569449034 0.111879747379698 0.159025404468705
-0.10352554744543 -0.136877349188179 -0.0104074050495313 0.245388015518848
-0.156657930822351 -0.0260228911879522 0.0817787457243834 0.275084332731731
-0.0794787058783512 0.102823637299303 0.177114125583508 0.140077405573589
0.0329974927005137 0.108134576411441 0.174382900915544 0.00403653325944653
0.0926713066573407 0.0519980162375849 0.120627142894696 -0.0766192139862387
0.0910247560065239 -0.0164764978315325 0.0739259126595363 -0.0736324523259497
0.075016032134542 -0.0455470857250491 0.0587202477571201 -0.0194657817108702
0.0725242093583168 -0.0390647473104737 0.0845220336514024 0.0397379034677846
0.103431201537884 -0.00286818594374858 0.0740002426584735 0.123222009149803
0.0980472321288624 0.0729274739915684 -0.00142946087958902 0.193668035220106
0.0279646476985216 0.133727476023738 -0.134043035229812 0.140730518495974
-0.125901724740782 0.104179988226351 -0.146602496786239 -0.021260733612666
-0.161649574146114 -0.0606247691062492 -0.0102765236458742 -0.112732668051347
-0.083636531884674 -0.14226879352429 0.12134416565936 0.0871601371422654
0.0417820710539852 -0.0741701322364431 0.134620431139532 0.192211046377929
-0.0230603947036373 -0.102940628363923 -0.00411054202441026 0.23550407389155
-0.08481132824411 -0.0339817501347639 0.0548021018314314 0.262574997716017
-0.0453260635588967 0.0525699618086045 0.144057027003548 0.167700772354137
0.0192223773424615 0.0546195207721479 0.181471883677029 0.0414937784408663
0.0501764575212886 0.0283595389573356 0.148418909866248 -0.0631018908103471
0.0534540795124801 -0.0126876962616791 0.101819525635576 -0.0793313389527796
0.0452035818009825 -0.0358585251422683 0.0820171946582393 -0.0314079111278339
0.0490416903868555 -0.0322013655705688 0.105807721437332 0.0266671069968653
0.0729017826115509 -0.00623644871506763 0.0968687731720662 0.116030254260344
0.0708592033469909 0.0513395020578951 0.0223375041468833 0.19675467527665
0.0109811183486892 0.105636424158516 -0.122715080663275 0.155859787144589
-0.112756861226337 0.055078274401192 -0.1445678040548 -0.00119148361253442
-0.0963450025979684 -0.0859480087492649 -0.0145715179664012 -0.087779668514571
0.00636008596957178 -0.108835068989453 0.117233659875026 0.123928798781795
-0.0747646121446943 0.0478871711456016 -0.149351759486998 -0.113606962046515
0.0373821597500335 0.0532404596725181 -0.00417553505602927 0.108379023693766
0.0612107936932709 -0.0187668766363594 0.17072134572954 -0.0057409306197526
-0.0125076290515552 -0.0502532609629469 0.123147637595734 -0.183916601278011
-0.0377750541340833 -0.00538005280377809 -0.0653234539947987 -0.220205025096003
-0.0212486878258607 0.0139850824256282 -0.148110959568783 -0.100659684946826
-0.0101285556789819 0.0196846683090087 -0.123609623845172 -0.00351134546142534
0.00121923215991929 0.0189424485900004 -0.0987052407030802 0.0544183452861981
-0.000691494141674533 0.0120474376674574 -0.0953481191609015 0.0946961203148346
-0.00153165874222606 0.00319649025442231 -0.14175654139443 0.0902032785420959
-0.00336267217449641 0.00514846971038225 -0.183062098013858 0.001899022818712
0.00271582173098803 -0.00477594510885297 -0.158580280193191 -0.140073307297082
0.0173337038990347 0.0377835326600023 -0.0953864808346724 -0.229155554955221
-0.0444618205063601 0.0584646638884706 -0.0358258070915926 -0.251222465140068
-0.119246853991173 0.00657030835093156 -0.139920829166483 -0.205268331619045
-0.14211956971954 -0.012283311171419 -0.121876479246673 -0.1110557377211
-0.0391706035776261 0.0544646813296453 0.00150049173438384 0.125408815110803
0.017766584518621 0.0288882726471888 0.196240680170501 0.0178670686761682
0.00385536647747101 -0.00118779815052765 0.149291800231581 -0.191044352420322
0.00230483364313132 0.0213755356794041 -0.0533336789817063 -0.230755836520573
0.02231558872144 0.0138017080638481 -0.143150650742387 -0.109133503482789
0.0237076807718343 0.00134333639732699 -0.12313542395482 -0.00572441735718415
0.0349010812933532 -0.00129632174188828 -0.0932056276989636 0.0564703497938077
0.0395384476406518 -0.00177836556023159 -0.0806353418887039 0.101986055638113
0.0568005870657928 0.0148419947535916 -0.123418554201133 0.113681717447113
0.0377641004142206 0.0571235980240543 -0.182904601080888 0.0460179847781775
-0.0085695983559013 0.0638757092479649 -0.182296947405764 -0.0999714390986133
-0.0571777532016171 0.0749136889490573 -0.121723167708572 -0.209658660795279
-0.136951379390953 0.0336160615923286 -0.0453610670300484 -0.228457519630713
-0.194246817804001 -0.0572201342653508 -0.110606770210693 -0.172629864184124
-0.187559846737855 -0.0810623332317072 -0.0758742322159307 -0.0846154313123548
-0.120156585420566 0.0361826733454386 0.00629528192336357 0.156234675059409
-0.0446206338307194 0.0713027089213235 0.222409247331766 0.0700042779232589
0.00962048330718937 0.0598159296226881 0.194324600717439 -0.173906095138009
0.043275449919958 0.0551340611989379 -0.0166572345322717 -0.233888297704651
0.0680521531047162 0.0180708674871385 -0.119048231018478 -0.122136355282227
0.0582841557351463 -0.0150578127393944 -0.106268307556005 -0.0182977569773485
0.0637189889565434 -0.0221266276510683 -0.0748532563363798 0.0485526219294302
0.0692910063466011 -0.0175379413456027 -0.0511610816463408 0.100215982992634
0.103345242988362 0.011917644416818 -0.0825748259922343 0.134670480856403
0.0857881400445528 0.0849402527050706 -0.157890365283307 0.104128470971144
0.0126206497964292 0.11858782359278 -0.198886110437071 -0.0318894313209984
-0.095337668335534 0.128665520499294 -0.154612032470052 -0.168805892725668
-0.204432909388127 0.035146789047849 -0.0555067744581678 -0.204916674857923
-0.245194743969072 -0.0962656954254265 -0.0641152739412059 -0.126918131767512
-0.200245745083197 -0.14334258066198 -0.018681951186721 -0.0359994939971308
-0.184626073696874 -0.0044038815135373 0.0120070529938668 0.192073247464662
-0.11644566210854 0.0912823223756025 0.233044658038487 0.13927543725779
-0.00374434843372136 0.118581756833712 0.238915781957055 -0.120424678986499
0.0727283860575105 0.0927773254147072 0.0403016547789573 -0.213272965682398
0.107259973653213 0.0266253421563238 -0.0727972041614846 -0.132020133536499
0.0879352677880549 -0.0267465786035039 -0.0747125285054693 -0.0370290751414966
0.0827200814344564 -0.0400758100565993 -0.0461869732823177 0.0324323708250181
0.0862211612949859 -0.0320846082964252 -0.0136140735662542 0.0888114309697895
0.129138214375796 0.000897873386063686 -0.0306851110619411 0.142989284845755
0.123333804954097 0.0881570562806107 -0.109957586502869 0.152102848391092
0.0460041668851575 0.145907441154003 -0.191949607384903 0.0427891130625817
-0.102248813134976 0.170848869241933 -0.174381718502138 -0.115893977316219
-0.235949618157201 0.0438094335593957 -0.0586296758530007 -0.181700796482434
-0.261419086276909 -0.114803597974938 -0.00589212619415668 -0.0772641462418036
-0.175460165122534 -0.182665497773141 0.0423724231007859 0.029773052385019
-0.209147396197786 -0.0591569326788321 0.0179879975574273 0.221505287198321
-0.173191930703512 0.0746441451009449 0.213976438553433 0.206997097477698
-0.0353875373753564 0.151497315705116 0.257482972279172 -0.0389120555533729
0.0791856219203098 0.121489590222884 0.101485031165407 -0.162747371012723
0.128338022982291 0.0383929498459894 -0.0099726144361145 -0.130042064004257
0.10545232910485 -0.032735496206964 -0.0297743632746546 -0.0565432232651092
0.0901441181863131 -0.052805531593292 -0.0104660172852682 0.0128534398711126
0.0893031529695304 -0.0434019909211606 0.0253887527824576 0.0693140965722451
0.133136277526464 -0.00970067465744553 0.0201380545039895 0.136431385199542
0.135950915962409 0.0791883650513691 -0.0547422590034036 0.178112411160262
0.0651932663797252 0.149263595666409 -0.164876769312128 0.101610570503038
-0.0995831077961574 0.179863153663244 -0.173643424488837 -0.0645014628730419
-0.233235308062307 0.0347985684160637 -0.0530431431113563 -0.158705101281864
-0.237614942230651 -0.123247801043672 0.052690168677633 -0.0287961599768614
-0.119164558634594 -0.184353802647331 0.0947776396895131 0.0991668721824085
-0.181800137756517 -0.106481368806218 0.0227369998851379 0.240282424328651
-0.187554542819554 0.0328526376936754 0.172002533655659 0.249044119804331
-0.0629661907824388 0.145259759855434 0.23860231537274 0.0465900563188773
0.0657734073480933 0.127121225495221 0.147515575183696 -0.091416648003972
0.123002768837999 0.0448347134182594 0.0541926940724416 -0.114352813391304
0.104839165118424 -0.0316941944930201 0.0196742678506611 -0.0728764051279706
0.0839045305028953 -0.0578137524300638 0.0247830240200109 -0.00755790047913103
0.0812256314603401 -0.0487874181953363 0.0605731158022769 0.0465801842297393
0.120364974969193 -0.0150314321896641 0.0618109604460436 0.121873821649858
0.127411496426819 0.0679857021060935 -0.00708311820320888 0.187209247258846
0.0619425742208758 0.140265268771035 -0.132723545812675 0.136924002416223
-0.101000165317909 0.158151122899298 -0.1601093587155 -0.0245989367692827
-0.206019763871437 0.00453705839198604 -0.0433858459530261 -0.13337579667903
-0.18007756370522 -0.127634365015796 0.099490390367222 0.0189729798044479
-0.0450472380288768 -0.146477738199173 0.131637357413506 0.153533718248077
-0.116821088259455 -0.119901308313781 0.0245283161088638 0.246006598621278
-0.153728963673515 -0.00544020152761533 0.124421087843366 0.260776892628616
-0.0644713898852666 0.107916272750199 0.197982678081484 0.110633198073488
0.0452665098155836 0.100756555401315 0.17192174752672 -0.0240192020753685
0.0956311067451876 0.0383015936306179 0.105359664641677 -0.0937255192661509
0.0852840910139258 -0.0275709989162586 0.0619412606635978 -0.0844384452398112
0.0646658440394989 -0.0537600038701485 0.0549741367123105 -0.0260440650863284
0.0644828397458298 -0.0468633306795925 0.088386490472542 0.0261925877871549
0.0977096636797011 -0.017026557740013 0.0920074115616501 0.108750623354989
0.104312066832142 0.0548820235798775 0.0277037452980973 0.188118773161473
0.0456462765993766 0.123833718479434 -0.108444694415293 0.157366307674118
-0.104300325229605 0.118340390022795 -0.147203212288041 0.00327150969480132
-0.162671607839988 -0.0353384978460417 -0.0354359950213888 -0.106491128119534
-0.0995132000392502 -0.12482043677264 0.126667754688223 0.0640911200208832
0.0320958458563413 -0.0795272531888408 0.150483196185732 0.177651446299224
-0.0349792608476262 -0.0962179138020684 0.025923826156429 0.235542862637409
-0.0841110374079172 -0.0212659398885251 0.0924563295149986 0.252038186858509
-0.0367400454554446 0.0557230431486078 0.168162537755571 0.142990440588881
0.025667976251537 0.0505197723919663 0.184215181485881 0.012679293477111
0.0516102420890278 0.0205003885262023 0.135055482361737 -0.0826015310410585
0.0491885975938737 -0.0202704113749163 0.088558069353865 -0.0926889283741357
0.0369866331182646 -0.0402082101892291 0.0748622986636886 -0.0402458532413107
0.0419016677362752 -0.0380973653146686 0.106642020057435 0.0114630172214513
0.068071611242493 -0.0172958413935968 0.111339379554339 0.0994309430063959
0.0749089685711229 0.0377788994977995 0.0501280943425024 0.188426931355728
0.025998731726066 0.0986714176087077 -0.0962595481818448 0.169613427107267
-0.0977563620822402 0.0701487075897684 -0.143264210544596 0.0214862344109384
-0.104050191394321 -0.0673357763568206 -0.0344743771425047 -0.0844031973627522
-0.00940876507940585 -0.105076664773589 0.130331670752306 0.101080783936029
-0.0731765730231415 0.0473157917446871 -0.145691760588202 -0.1115469956215
0.0366681169158782 0.0513075064137352 -0.00359955472745631 0.105543308331411
0.0592640108507654 -0.0195967760076018 0.167458761684165 -0.00677472616696427
-0.0132822121000083 -0.049174266626847 0.122164536440937 -0.180516171710828
-0.0370746750715979 -0.00402327053635155 -0.0656654490972296 -0.215964957252111
-0.0199606242519223 0.0140011400048352 -0.145121193234214 -0.0992539075308961
-0.00933562455014423 0.0195005109962319 -0.120791555904019 -0.00569971022680485
0.00249893521127172 0.0182728121234315 -0.0961889246514789 0.0522373493402321
0.000501571265258047 0.0124132168381481 -0.0916271451854332 0.0913537421421827
-0.00088025374083989 0.00396560454375496 -0.136420393055143 0.0888552528046117
-0.00367915788767398 0.00586386967666833 -0.179249387158032 0.00220572318261886
0.000943005687849586 -0.00413700371737979 -0.157122575670307 -0.137568182579816
0.0167938987829175 0.0348967326441786 -0.0934159791404628 -0.224811582201155
-0.0426130502168147 0.0567371203633712 -0.0333947837294858 -0.248435876700126
-0.116091274975179 0.00722511645007602 -0.135164962584889 -0.202970507433311
-0.138952074204703 -0.0114455429313819 -0.11983021885534 -0.109085049792477
-0.0378310665733574 0.0522212340091443 0.00197955634199623 0.12180106669317
0.0173318333008402 0.0264118164373865 0.193441557391675 0.0169968860535797
0.00246475507379092 -0.00139398839120445 0.147251805646499 -0.187120767646891
0.00215389016796759 0.021847639335377 -0.0530038627125429 -0.225999666500011
0.0218843152917756 0.0140909168463348 -0.1401865452405 -0.106885057129332
0.0239087441170879 0.00177818460513264 -0.119552187797399 -0.00690106255746191
0.0351822043241281 -0.00146240454902184 -0.0904077900159298 0.0542087612986662
0.0396878337069827 -0.000838997110548618 -0.0768541146675673 0.0987416184222476
0.0563734273839776 0.0148732859060138 -0.117986983377719 0.11201761607091
0.0373055471604004 0.057076044916025 -0.178514011684589 0.0461500877466565
-0.0101989694088247 0.0631182275222783 -0.180770888661557 -0.0984136735403507
-0.056744303196359 0.0713354274180027 -0.120404471102848 -0.206055535485787
-0.13319848215482 0.0314222471394635 -0.0432343315161706 -0.226845883255111
-0.188761363941524 -0.056556278218286 -0.106138250100742 -0.171503228938758
-0.182867628941013 -0.0786570243445835 -0.0755439285711019 -0.0836804486909134
-0.116283337903015 0.0341294490047767 0.00693454482427107 0.152636079244912
-0.0442345280412879 0.068032038741398 0.219262318203733 0.0687538867914449
0.00860100346003596 0.0580139440557638 0.190350242197992 -0.168587076781948
0.0419818796124702 0.054664338166761 -0.0169164207902141 -0.22843432508901
0.066823864158674 0.0179819915083226 -0.116584336722344 -0.11992224147131
0.0575750258607026 -0.0141134697551744 -0.103640697860184 -0.0182687072017105
0.0629815274678804 -0.0211324212423722 -0.0720045322165088 0.046902843451643
0.0694034653468503 -0.0157440062806905 -0.0476913090587959 0.0970633823413063
0.101430806194472 0.0121375614149404 -0.0783694498718318 0.132852202980239
0.0844288407616465 0.0838142747691551 -0.153227281541291 0.10411291333575
0.0102628625556618 0.116460886729071 -0.197152023847717 -0.0315372825361686
-0.094344194631315 0.123662855397156 -0.153307031536876 -0.167011164213837
-0.200278211192432 0.0329442839632158 -0.0538336782136583 -0.203196310984243
-0.239019305476947 -0.0953506203467009 -0.0621236351277667 -0.126463379762309
-0.195113002499306 -0.140431290941082 -0.0198698232403486 -0.0360713519659149
-0.179649236492457 -0.00594736743958733 0.0119127987175033 0.187636757823221
-0.113590232513316 0.0877533126411782 0.228919943074408 0.137585646063963
-0.00477066856522313 0.115307850862074 0.234156065439429 -0.11608307692344
0.0709174325424523 0.0911499997668154 0.0392719767755396 -0.208485168520306
0.105099732376843 0.0259900940798764 -0.0713917188303748 -0.128782366714109
0.0867647065077782 -0.0258377777919731 -0.0720203213625499 -0.03587043753729
0.0817473306808987 -0.0382151351898876 -0.0437457655501774 0.0327261783004465
0.0858349794178669 -0.0301245807553717 -0.0110142891426707 0.0864944093199835
0.126677310943982 0.00116906142234159 -0.0272876801650554 0.140790712645057
0.121162332367084 0.0862089402412592 -0.10572959625405 0.151599312046676
0.0436523163758805 0.142888198554192 -0.189544888878989 0.0424722356928639
-0.100778487731767 0.16546281917683 -0.172924852785682 -0.114838474824706
-0.231445492850238 0.0416437910749788 -0.0577151033052556 -0.180283463838862
-0.255470951477372 -0.113769700382614 -0.00560686432679951 -0.0772291445130815
-0.17116362501473 -0.178258759522243 0.0389336120635341 0.0287975645759185
-0.203386079714663 -0.0598879441435607 0.0172120398485273 0.217439644435344
-0.168881861493858 0.0723399888764164 0.211155449904593 0.203625572250883
-0.0346928750603752 0.147649946221925 0.252478753369664 -0.035755355257133
0.0778009683790856 0.119041196175462 0.0996701882408531 -0.158841507336641
0.125076846669106 0.0370244139010894 -0.0106676956991987 -0.126613877119194
0.103086493790647 -0.0314172246624229 -0.0286912482741218 -0.0549550634351543
0.0876926770583225 -0.0510182178513762 -0.00940940614290185 0.0136445695363378
0.0880512461343451 -0.0411722814052223 0.0273145189038385 0.0677704487584536
0.130537892912793 -0.00888039022702773 0.0224486580489448 0.13457384322553
0.133563603943032 0.0776411397695599 -0.0507097933420834 0.17721028354244
0.0627789476049956 0.14586745837338 -0.161323060378608 0.0999500280442499
-0.0971866914249878 0.174963435590853 -0.172321774626056 -0.0646730706556936
-0.228859244403812 0.0335587051564167 -0.0533917315718893 -0.157991742224413
-0.233216844381203 -0.121630433177348 0.0511856788724685 -0.0291549581563512
-0.115853895733157 -0.180898886743806 0.0899285694077944 0.0971073632831432
-0.178114465082352 -0.105815413962895 0.0210493451916507 0.236307131003211
-0.183247967044546 0.0308856594431037 0.16963858039733 0.244511433416454
-0.0620461442652074 0.141810251393138 0.233954644984815 0.0478462570326414
0.0646762864440042 0.123630197674575 0.145099927594692 -0.0886184354813661
0.120364141090451 0.043115218704088 0.0525922541741009 -0.111870487456211
0.102069398205549 -0.0311680632287277 0.0185495248635308 -0.0706913500212524
0.0811556109801328 -0.0554834065351349 0.0251570593185592 -0.00634904812035938
0.0792411930409098 -0.0469553077286623 0.0608618052277141 0.0455951273620803
0.117518523278986 -0.0145217312901315 0.0624574437641626 0.120825577963095
0.124567126396962 0.0661493603880437 -0.00418275225587185 0.185549490613026
0.0602390178782339 0.136463606792743 -0.129700804735126 0.13498806324375
-0.0980514400290294 0.154253036532031 -0.159283237914695 -0.0250158867659238
-0.202725086081751 0.00416731330140106 -0.0444539952979254 -0.131885490190978
-0.177103773730366 -0.125939475447894 0.0968820873378124 0.0177417412331498
-0.044053076251756 -0.14344461178237 0.126026569628578 0.151316333882724
-0.114517185997404 -0.118665813265808 0.0228169765822488 0.242100276946995
-0.150169788572783 -0.00540010266806488 0.122795762441591 0.257048310276987
-0.0628766258478194 0.105368421307647 0.194417428558934 0.110307897719131
0.0445257450409182 0.0979066970771322 0.169456842287889 -0.023300560890696
0.0930953086379257 0.0370824124365145 0.102305314116127 -0.0920947277052481
0.082403868150122 -0.0272957953078736 0.0595182682524494 -0.0813800900875168
0.0624143581389457 -0.0515024554466146 0.0544080349228246 -0.0240814403928761
0.0629375608027787 -0.0455024605037221 0.0877438636958903 0.0261859638403127
0.0947238719809644 -0.0169908472820089 0.0919487943807393 0.107279350921171
0.10205509794254 0.0535490755611957 0.0295324002817202 0.185977189394236
0.0444702126368417 0.119703093680977 -0.106025907283208 0.15461755614409
-0.100502067914441 0.115091641550662 -0.145761958231882 0.00306475888398487
-0.159989906513165 -0.0337462772327835 -0.0371579255206433 -0.104925890750687
-0.0983969132292914 -0.121691895151108 0.122918889426218 0.0621857535121138
0.0311253406782698 -0.0781983741555448 0.144756443855125 0.17576030453445
-0.0352883349537605 -0.0944072334875481 0.0232865508661864 0.233296892201036
-0.0823594494047597 -0.020450136612056 0.0911149286861581 0.249180229125952
-0.0352538595960087 0.0538010239421862 0.165625132268059 0.141923935798823
0.0252403559665654 0.0488866630296494 0.181743785760893 0.0127500577000562
0.0505988524847644 0.0196355597678476 0.130702434199082 -0.0806824905045688
0.0474224562749144 -0.0204255614735231 0.0855788981932697 -0.0898952524805576
0.0345703471804576 -0.0393228830806287 0.0738581947744329 -0.0384428315102329
0.040148808870652 -0.0369147704674933 0.104780432372998 0.0117393262489763
0.0653719571670512 -0.0176336263292717 0.110799916708224 0.0987894791813462
0.0733278958004864 0.0365033305140719 0.0512891656688973 0.185633987897272
0.0257339118161548 0.0952251564416526 -0.0941725472899018 0.167577101713627
-0.0949225503161741 0.0690431239607351 -0.141046796192309 0.0212856085076373
-0.103031904590054 -0.0648703685161657 -0.0354032305183844 -0.0829962935047717
-0.00992694127666666 -0.102483478249637 0.126395513142996 0.0976593430925724
-0.0743199565946579 0.0467687333091351 -0.143935614505451 -0.115917687465165
0.0357595239897189 0.0517323893519652 -0.00674999266632412 0.105117071372859
0.0594772360632088 -0.0198758370154885 0.169500781812752 -0.00218381175709448
-0.013281241077519 -0.0491650559341295 0.12941674384616 -0.180107431772121
-0.0372578839665869 -0.00320280946184696 -0.0612143971285691 -0.219625649116072
-0.0197499570645038 0.0140255289180614 -0.143831127472466 -0.104340738033557
-0.00926171777997386 0.0192955071015979 -0.121534722004641 -0.0110165595255198
0.0032339679439522 0.0179397512694864 -0.0972351744330773 0.0492574161645552
0.00174705296402598 0.0126922848780621 -0.0930967318901485 0.0885334782590594
-0.000396202331199948 0.00465016407520934 -0.138068570121031 0.0858885665129414
-0.00372580432818159 0.00679971622382975 -0.180574961230343 -0.00189731420977994
-5.23457929144399E-05 -0.00354545174677099 -0.156943638749892 -0.144114611493734
0.015650244948043 0.0335229597126984 -0.0888852169125399 -0.229701930773525
-0.043203603524495 0.0548742046317431 -0.0255929343514323 -0.254033455433645
-0.115579597508649 0.00411742934800194 -0.12803906541008 -0.21026332508564
-0.139164013357682 -0.0148657215342392 -0.11799889123129 -0.113090975425646
-0.0392476300738405 0.0506759400975206 -0.00151409526626471 0.121595446120107
0.0161775913904467 0.0256020523742963 0.194583325431306 0.0217346188235029
0.00132055299914248 -0.00147138325255627 0.154450425921528 -0.184943256246592
0.00140301325153873 0.0233047654542005 -0.0481533849937533 -0.229243027913821
0.022271384814486 0.015205418242229 -0.138861882804905 -0.111629538443733
0.0246115436461232 0.00287273817573089 -0.119082363987838 -0.0115591000396476
0.0363092162941547 -0.000337050003827729 -0.0910749048262368 0.0515874394463528
0.0416258685292057 0.00137479525143085 -0.0777975264573128 0.0960162741936841
0.0570646910806226 0.017102819086147 -0.119146056420553 0.110478863801011
0.0364392434049119 0.0591205865981103 -0.179974571249654 0.043340999502343
-0.0133454539027709 0.0644157575106841 -0.181438483135549 -0.105281103552854
-0.0598892307048113 0.0681666942720775 -0.11634401921952 -0.211443298838499
-0.134420431940966 0.0265065013862817 -0.0365883884486738 -0.232793631173013
-0.187709972405071 -0.0623709417237381 -0.101185221244976 -0.177465183508577
-0.181841366821708 -0.0837776895128079 -0.0757271212653783 -0.0869193526036381
-0.116936575405722 0.0300628348568995 0.00316027021787921 0.152502135816887
-0.045859650597711 0.0656914777240325 0.219986928945509 0.0750775649579405
0.00592208416374607 0.0579893678052497 0.197932543833355 -0.164807526955879
0.0408789534880783 0.0567330605033208 -0.0116151050745861 -0.230281705695763
0.0667673057050342 0.0201810071869229 -0.114449545254622 -0.123702899207377
0.0588615657630739 -0.0121268801171108 -0.102806770529685 -0.0223690711398742
0.0647754962450382 -0.0192394294747607 -0.0723323353179565 0.045328155768088
0.0712164217912582 -0.0133145815008157 -0.0481641881559573 0.0955979358198161
0.102609234610635 0.0156657752886447 -0.0797712357242996 0.132716449440867
0.0833505599213497 0.0870888704161066 -0.155462542959896 0.10301986033439
0.00659135771237984 0.118358003748431 -0.199651753075618 -0.0368305928839956
-0.0992297630675333 0.120700912470615 -0.152102254211974 -0.17366628480804
-0.202553172047881 0.0266551365692648 -0.0491132825274117 -0.209719168294256
-0.237485053939756 -0.102987165180559 -0.0581536173831495 -0.130585410376577
-0.191748440050656 -0.146444862136674 -0.0215566503188733 -0.0376060095425019
-0.180119616119739 -0.0119988299333292 0.00671222141904191 0.188435931778439
-0.116289448346373 0.0841265406449857 0.228533170446585 0.144501387901917
-0.0082246985771199 0.115149309844676 0.239865304761202 -0.11013983448316
0.0686393772376713 0.0935368617623427 0.0447104349786171 -0.208637631409718
0.104951050172077 0.0292621559244923 -0.0690391394102766 -0.13177113895478
0.0875645755046604 -0.0233301322150891 -0.0713195917577304 -0.0384268602851889
0.0830912586220852 -0.0363575431159857 -0.0432594765837653 0.0316215155982608
0.0879158435867843 -0.0268656484696471 -0.011208815299765 0.0860094904715586
0.128364191078932 0.00537802824746944 -0.0278877161091702 0.14214312866616
0.120288875410471 0.0903598134552447 -0.108138428265511 0.153198395812636
0.0389960079647092 0.14550209365046 -0.193524940792041 0.0381632552738531
-0.106717108128953 0.162342823211637 -0.173585671753931 -0.121611155095002
-0.234157980671601 0.0351756397568721 -0.054608139437998 -0.186421577405056
-0.254258567663282 -0.122838796515166 -0.00384697516842023 -0.0797729399136107
-0.166723447126078 -0.184341148325569 0.0357047416510122 0.0294834574135808
-0.202945975790092 -0.0669232955476881 0.0105376176611417 0.218851893612821
-0.171476153065225 0.0672148869413691 0.209387912944449 0.211025329297061
-0.0393333755188551 0.14705021798836 0.25569239376668 -0.0283289961181842
0.074978783566154 0.121984661133463 0.104906871352252 -0.156644695826755
0.124987518994203 0.0407421243484039 -0.00772199820089195 -0.127871479168414
0.104357928340329 -0.0288649348912493 -0.0279088909100067 -0.0556486793174131
0.0889817170444084 -0.0482444542324688 -0.00802434295191545 0.0137647911267603
0.0903778814439411 -0.0384611458971862 0.0277899685885663 0.0683915109343395
0.131710307288236 -0.00549505592522134 0.0222214340211874 0.137017587766415
0.13354070571401 0.0817825070348136 -0.0529930935285808 0.180142711890742
0.0588865555133912 0.14819189789038 -0.166289565309923 0.097168715273664
-0.102002243283886 0.172355326516893 -0.174415607484651 -0.0704473012417971
-0.231924399827993 0.0269055386245667 -0.0512114468243873 -0.162706839956809
-0.232307937333677 -0.13012567825085 0.0514989160650061 -0.0296966368578553
-0.110881823072856 -0.185764536395144 0.0851454124984498 0.100291440147629
-0.176381633627675 -0.1119909030337 0.0133975310389142 0.23925470331265
-0.185526789904784 0.025542742458365 0.165818657246522 0.252527611383535
-0.0661947604808967 0.140230532803423 0.235295960330692 0.0561807718828617
0.0616384716513876 0.126424584980019 0.149906227318432 -0.0853288121172526
0.119937449289706 0.0462336123668909 0.0544961733820616 -0.111347583791427
0.103525465580738 -0.0287948615119687 0.0201466870896691 -0.0699838547246343
0.0819029029045771 -0.053404262250402 0.0270064150368081 -0.00500320819636106
0.0811174248489098 -0.0444105958506074 0.0619823033889694 0.0474868049915788
0.118709886343873 -0.0116607461331274 0.0626946259938715 0.124168949764982
0.123658893095785 0.0693255756081671 -0.00624942820050242 0.189222605928757
0.0560665091807408 0.138202619288689 -0.134291326710954 0.13403127729628
-0.101608855808627 0.151844498513338 -0.162106629363437 -0.0301334831331018
-0.204763809994972 -0.000972559279293772 -0.0431243234795803 -0.135673133906096
-0.17570744204248 -0.132088023265904 0.0956887527879378 0.0191910793587942
-0.040657727379034 -0.146543587862622 0.120235512051262 0.156680050856746
-0.113376347413882 -0.122933660464488 0.0147147257470104 0.245903330880966
-0.151040761297218 -0.00996241836515249 0.1179035275782 0.263224061700632
-0.0657324032033214 0.103743200967345 0.19460261111445 0.11905992063111
0.0423735785904626 0.0995114844228204 0.172925989759692 -0.0186510712373259
0.0931015884270755 0.0393585199292464 0.104988379442243 -0.0901131076054986
0.0828710026526886 -0.0250842186925844 0.0614481277485 -0.0798139500028558
0.0622995783619729 -0.0493875564096471 0.0563725561540181 -0.022109073407594
0.0636460789260857 -0.0437524481727524 0.0885610163415575 0.0289069701807649
0.0949738468939113 -0.0148122093484541 0.0923746863786026 0.112211978916511
0.101323317958715 0.0561354295895717 0.0272998806602962 0.189938209621174
0.0419527866614611 0.120254998318893 -0.110643536467763 0.154285994251884
-0.102894187241702 0.113007781806526 -0.148572828482552 -0.00173772828529882
-0.161167458408812 -0.0379618322251486 -0.0364961249698561 -0.107365644210339
-0.0966360275659633 -0.125548079929285 0.120965673130273 0.0646791457808971
0.0325787147281334 -0.078272904081508 0.138626391837409 0.183382704261483
-0.0349788867766502 -0.0960374345791135 0.0155120202584744 0.237586101506481
-0.0822606923002087 -0.0229377634147096 0.0862003542559824 0.254530183951731
-0.0367135220868762 0.0528371672440018 0.164543582797573 0.14929923987894
0.0243685027111411 0.0491800147942025 0.184053326975113 0.0174223594975592
0.0509100298566668 0.0207257487880776 0.133019107692453 -0.0775876253029984
0.0471140153897197 -0.0197344068370069 0.0871716253396936 -0.087802398448652
0.0340132298406628 -0.0381694650477877 0.0759161654954643 -0.0360628070057251
0.0403565071283233 -0.0363946511411357 0.105808993768721 0.0153784053680849
0.0659252823820571 -0.0169628540415397 0.110947786275185 0.103009381683902
0.0726660243057001 0.0382028449637203 0.0482692624509983 0.190358458806098
0.0241358416848278 0.0950398120642982 -0.0993262660301994 0.167200237314199
-0.0957924187215251 0.0668518173744613 -0.144525281607642 0.0169468909031418
-0.102590652498869 -0.0666520117964247 -0.0353757502497301 -0.0845201912676797
-0.00883081846792501 -0.102220428272425 0.124303002832249 0.101275120510398
-0.0788570497086614 0.0480640932617194 -0.147872917142827 -0.125270556689017
0.0357411402116502 0.0547562241291509 -0.010341996014954 0.109070085244754
0.062160100470585 -0.0203850533875587 0.178398040677557 0.00137414169776732
-0.0140228746990675 -0.051064872644368 0.14230767193215 -0.185946801162438
-0.038450410276013 -0.00312279794382669 -0.0602974347169505 -0.232259368719193
-0.0200857862768139 0.0142428874144317 -0.149168141927305 -0.113873489207962
-0.00955450965275422 0.0204025978348215 -0.126866347927544 -0.0169430015928924
0.0040445154713778 0.0189221010909279 -0.102443338211158 0.0482694887009099
0.00274823450976218 0.0136939234550119 -0.0989083990992091 0.0889688583924695
0.000321030853882348 0.00645749873882677 -0.144936904360873 0.0864614824827477
-0.00414406899271896 0.00789819272334655 -0.189365702610179 -0.00650586939915582
-0.00119119324203087 -0.00242367835883368 -0.162503625985684 -0.155906306970937
0.0147980675648312 0.0342479547620563 -0.0868393465400966 -0.244064384584215
-0.0455213729853977 0.0554290871471734 -0.0174423862539822 -0.26939753060001
-0.120435403396827 0.00148789609307364 -0.126483678530477 -0.225827345510906
-0.144651227353521 -0.0186087398110359 -0.122127809105301 -0.122136322718354
-0.0414561287298274 0.0509360912151874 -0.00561120476042824 0.126727455057006
0.0158455765886763 0.0255340871124868 0.203293389201742 0.0281882260387172
-0.000463532096006083 -0.00136592583089292 0.168562477257213 -0.189532667084713
0.0012232824033088 0.0256844151551174 -0.0459580875901995 -0.241475848254845
0.0234562028293893 0.0171828250654368 -0.143079214909638 -0.121742592576852
0.026001898244355 0.00391167636418433 -0.123786527699564 -0.0173430794052813
0.0389166170214526 0.000452806434295249 -0.095526512801494 0.0508012963415239
0.044714066458725 0.00248757893233758 -0.0822263104021329 0.0973776288555003
0.0598008777748457 0.0204077595085111 -0.125361734642714 0.112803413697547
0.037342499514338 0.0636982092737624 -0.189617388810056 0.0418986639250949
-0.0173987641426655 0.0680142402667064 -0.189274327937977 -0.115670595930041
-0.0653988902017618 0.0681180134349005 -0.116999478530531 -0.226686962730538
-0.140807968418604 0.0225460142144081 -0.030816150883135 -0.247869005764449
-0.194539375267549 -0.0706144205289898 -0.0994789529348607 -0.191081543475939
-0.187509221797397 -0.0922078007365902 -0.0784339240323509 -0.0933061789671432
-0.122824858623396 0.0270351937552327 -0.00149212964530823 0.158740162011491
-0.0496366978400959 0.0658804574707564 0.229757065142153 0.0840633451462661
0.00302043629926258 0.0601879061661283 0.212944988544468 -0.166086563149394
0.0408804302267498 0.0613776792913081 -0.00661618688780235 -0.240874734866808
0.06960575008564 0.0228788852574422 -0.117330941835135 -0.132823825484048
0.0619329815226148 -0.0108950512066141 -0.106057100406138 -0.0266724370227208
0.068769122745819 -0.0183940995454272 -0.0754927945230448 0.0447379097252649
0.0766437133603658 -0.0105345990924598 -0.0508808754765776 0.0975302870316861
0.10777184897972 0.0196781903648049 -0.0840099155543333 0.137177168659475
0.0856673075643542 0.0939316420942241 -0.164201646731146 0.10576281693173
0.00166153295028573 0.124387092170077 -0.210061322828601 -0.0442560246807556
-0.108200241410144 0.121730303054684 -0.156826835300925 -0.187589995813447
-0.211717194282027 0.0208529055734276 -0.0455162097744989 -0.224156422432259
-0.245594869703129 -0.115973813942165 -0.0569391770540478 -0.14093591625587
-0.196293236189519 -0.158647045686198 -0.0242261133917491 -0.0401152715858257
-0.187161247964322 -0.0187540537189994 0.000570354803901006 0.1968185604566
-0.123828518296478 0.0831971776067853 0.236593044554534 0.15819324185605
-0.0133854483732089 0.119400044053361 0.255213126361751 -0.107891122502203
0.0695856911816948 0.100332354906095 0.0524969437270851 -0.217457076524568
0.109227611641623 0.0337183261542574 -0.0697722074372464 -0.139571134284196
0.0924212125241749 -0.0217474695399363 -0.0732176825098625 -0.0417251391879864
0.0880860174106332 -0.0352143787622759 -0.0444361283266421 0.0314474279534167
0.0942191507028354 -0.0248042527348889 -0.0113201019038742 0.0889052069265649
0.134660134185166 0.0093033362346119 -0.0298676372442579 0.1485979625619
0.124426282266298 0.0975010777305675 -0.114711312764929 0.15958055822391
0.0363990672986867 0.153792420549477 -0.204496638358936 0.0344398602803813
-0.116542884666646 0.166044353364445 -0.181749352267799 -0.133919868618689
-0.246581827832702 0.0295344341350305 -0.0532190434090825 -0.199744208048594
-0.263486340602817 -0.136214945940242 -0.00178283875703721 -0.0857626193086865
-0.168718512266679 -0.198223738463116 0.033586317167319 0.0321965649437356
-0.210520508359504 -0.0769339317437444 0.00382389090210877 0.229414766257062
-0.180960274544193 0.0643370483491317 0.214715125506553 0.22778424802432
-0.0456900928971098 0.15246285912463 0.270467998542026 -0.0205407788602279
0.0754201477414737 0.129394961072493 0.114496307142636 -0.160987631632891
0.129935606711435 0.045706342128664 -0.00609953110094132 -0.133927673471643
0.109476807910373 -0.02691165077332 -0.0279287591436371 -0.0583822019089379
0.093986598898058 -0.0478255035333141 -0.00749399563041518 0.0145851402681039
0.0959647412410123 -0.0366956511534188 0.0293732321869994 0.071951297025346
0.138590173942937 -0.00169216561745782 0.0223002409029196 0.144518848504434
0.13753873875438 0.0887235368400764 -0.0573605179888328 0.189802733319963
0.0566251355653125 0.156707331437549 -0.177714585029127 0.0985656940470536
-0.111701554021373 0.176978132507516 -0.18389442983567 -0.0797512567248894
-0.244018656078152 0.0221377869822816 -0.0515748127474224 -0.174050650151726
-0.240337559725287 -0.143995583939189 0.054079115776173 -0.0306812501985682
-0.111330042482148 -0.198117021205602 0.0842281950756113 0.108000959675513
-0.181774421673998 -0.123251920443792 0.00572818846929826 0.251461085613492
-0.194686454130209 0.0203477502658598 0.167858696476459 0.269860664880305
-0.0734892857823959 0.144565203536255 0.246278778965325 0.0675577581085975
0.0610733694078322 0.132897118885462 0.160406837115654 -0.0850053784294519
0.124627576400966 0.0516993573088715 0.0590799497527954 -0.115089391436488
0.108330080914538 -0.0270865277561653 0.0223135979520221 -0.0717194177505794
0.0855892144648991 -0.0525870419031976 0.0295303580895363 -0.00399789387703945
0.0863698117916104 -0.0436186088176347 0.0651915270305016 0.050931719830811
0.124069380687331 -0.00877977009678487 0.0657703105329814 0.132357716079988
0.128329921496946 0.0751896122360179 -0.00809613050827505 0.200558146273819
0.0549280595115649 0.145004764632539 -0.144599035663847 0.137972524698145
-0.110123588165828 0.155354457189818 -0.171529968909096 -0.0361721638199216
-0.215092632197987 -0.00625189695519413 -0.0439893084792613 -0.144677992900147
-0.181200690451742 -0.143466599141332 0.0987731784192638 0.0216470699951775
-0.0387897602455191 -0.155129447089779 0.11902686788155 0.168793872566146
-0.11615110672305 -0.132252370851817 0.0063951746283559 0.259276297664716
-0.157917690872256 -0.0153060370900435 0.116476505631161 0.280335751721902
-0.0720665018753069 0.106137609646741 0.20177629357813 0.132175945230579
0.0416276182238473 0.104600808737356 0.182802130837984 -0.014833045761349
0.0967706861393831 0.0434453453434911 0.110926758436957 -0.0910362412906922
0.0866749063789066 -0.0242926247585386 0.0660124289799047 -0.0810136257715667
0.0651581724725642 -0.0493775513446044 0.0606419158643393 -0.021383598759276
0.0665902962852659 -0.0440921575671258 0.0935911723264866 0.0326941970743889
0.0996284414087604 -0.012944239021038 0.0962879552200237 0.120120638307262
0.104818891279716 0.0606233762848374 0.0269518139644979 0.20200751744657
0.0407453126446079 0.126405668073585 -0.119724076392404 0.159489012874554
-0.109773901733005 0.11457829368674 -0.15782855312334 -0.00582852813960068
-0.168408105384105 -0.0436019312932 -0.037713268640747 -0.113957585620186
-0.0989476187196993 -0.133899330999271 0.124208032128245 0.0698757325822462
0.0357722378698372 -0.0814854811614399 0.138034848883332 0.196620454867274
-0.0355726025031074 -0.100515669311848 0.00784041803156757 0.251657393763369
-0.0848641352035543 -0.0256563647147333 0.0843591745529604 0.270588985622321
-0.0396737546526256 0.0538444097374289 0.170200520370776 0.163299606522495
0.0244077079643984 0.0514827516035911 0.1932878397523 0.0228525368275731
0.0532028692679746 0.0227063335460731 0.140152130134776 -0.0773630632563907
0.0488402896389231 -0.0194743366310641 0.0927345021425712 -0.0885636888518458
0.035175637188526 -0.038311118802587 0.0808631287713941 -0.034989106283111
0.0418515126788089 -0.0375107826218283 0.111847377898999 0.0186938211512795
0.0681317538760174 -0.0161873854454169 0.115671242241792 0.111694498832848
0.0752753004092175 0.0408915940343748 0.0480729586238298 0.201869175239614
0.0232553562889992 0.0997597983849171 -0.10755736789021 0.173082334085568
-0.101318163919466 0.0672101656680905 -0.153328787814291 0.0134628771014477
-0.106532687534943 -0.0713314384640084 -0.0365650389582453 -0.0893266444724502
-0.00714245688501161 -0.107102424939074 0.126946718304695 0.108379893005751
-0.0844415498921898 0.0527147879728675 -0.160100122255477 -0.136524293769161
0.0384709571520178 0.0586360020277363 -0.0125753932261354 0.118306917768727
0.0653519815069725 -0.0233400651920393 0.19324690388131 0.00165746577026368
-0.0167108573813674 -0.0545925221634709 0.155644661510807 -0.203331181717151
-0.04099418975627 -0.00198491858056666 -0.0669278588643503 -0.251891631415624
-0.0211812271862527 0.0154179322351802 -0.162412016966075 -0.124302421541528
-0.00944120987630515 0.0223902445587001 -0.138097414762616 -0.0210832236455764
0.00535923860569529 0.0203953347783069 -0.110566558867614 0.0503437299932653
0.00450207505945694 0.0148420791838413 -0.106123798457257 0.0951476429761742
0.00132203914580081 0.00763875099983599 -0.154922372586845 0.0929674853680307
-0.00394720657867194 0.00948279434970142 -0.205061868296598 -0.00721642171532784
-0.00269467226567279 -0.00178526745554476 -0.178131299843336 -0.170069323882117
0.015200389127695 0.0351904063778039 -0.0944875850154627 -0.265294744300833
-0.0472998861119247 0.0590048308516852 -0.0178887585472751 -0.295323174414668
-0.129725219732091 0.00208102244423002 -0.135021075730827 -0.247451904787951
-0.155869296500446 -0.018968785273888 -0.133131758238084 -0.133136422655358
-0.0444044316653852 0.0543122630114006 -0.00730430402614483 0.135798791449027
0.0161617348619523 0.0260630534343894 0.221452413076414 0.0303111740948425
-0.00226900540643082 -0.00139216386801398 0.183250404907176 -0.205539311656809
0.00138945021282243 0.029043299180226 -0.0505164927088489 -0.261544636715373
0.0261140973474008 0.0189277009087677 -0.155681131353528 -0.132405704036102
0.0285472696869919 0.0048233553699705 -0.133856919968845 -0.0208287336393071
0.0432262882894534 0.000795991876180658 -0.102161625070649 0.0538698336438089
0.0502153788916926 0.00361958963746132 -0.0873899327057708 0.104018986139118
0.0660197380622845 0.0230756905381617 -0.133110018869738 0.122311780436809
0.0407675905123854 0.0698866836467846 -0.204523492311245 0.046345702418135
-0.0205741440511238 0.0747203134836585 -0.206820854412039 -0.125971470009223
-0.0724223503993353 0.0720506510505259 -0.128290113120207 -0.247180198469199
-0.151385843307283 0.0233447352791221 -0.0321908271472121 -0.271568895684083
-0.209761211803214 -0.0773723235219293 -0.106232480173072 -0.210419223317842
-0.201576044424938 -0.0991103522828067 -0.0872979314037045 -0.1022497649505
-0.132173428976144 0.0282929763211144 -0.00362634351820809 0.171798000014852
-0.0544241855931264 0.0696607948390027 0.250008104224592 0.0909672837912677
0.00131579712183976 0.064855444416802 0.231099195784466 -0.180151243679917
0.0442884315374152 0.0674332377775983 -0.00783922393336386 -0.26144655415558
0.0759769447034649 0.025259784290634 -0.127298342828648 -0.143929378367722
0.0676645948574004 -0.0112463435506919 -0.114314591114906 -0.0297162154460326
0.0751008406292605 -0.0191727322506667 -0.0799122318660412 0.0476083180843149
0.0847654949680565 -0.010812866195599 -0.0528061464984245 0.104613646721007
0.118141267298554 0.0217708273937886 -0.0873067645762488 0.148829769537617
0.0934305269544039 0.102223200244448 -0.176068656638021 0.117133044868257
0.000498600912236134 0.136212835550737 -0.229209320656034 -0.0477909532781191
-0.118876813812911 0.13064635909297 -0.171409806419415 -0.205031249261386
-0.229773354732801 0.0217423744239273 -0.04936264245374 -0.245591121452777
-0.266063932633818 -0.126828663264342 -0.0605738808469868 -0.154945379743143
-0.212392708725842 -0.171594724846132 -0.0283816984522091 -0.0437725220900286
-0.202579337231906 -0.0212683747312195 -0.000523559781300458 0.212322245081055
-0.134238246676951 0.088631215732906 0.258569223308322 0.171568109707239
-0.0155704837987144 0.128765023051045 0.277643596847617 -0.11621920163513
0.0751110272789239 0.108925271324752 0.0565878940920678 -0.235376108884823
0.118376771178125 0.0366986692160819 -0.0763445290591723 -0.15080680915514
0.100069519078618 -0.0230987596578161 -0.07862281353322 -0.045357005010379
0.0949473805865529 -0.0375896687965566 -0.0463741153843763 0.0341925038852288
0.10350618347052 -0.0256551888696199 -0.0102417864298589 0.0951237338032793
0.146611584571117 0.0104613523376928 -0.0291335502382277 0.160929779147914
0.135746528227333 0.106066928327798 -0.121272833676858 0.175585939070467
0.0377075745944072 0.166677716401907 -0.223440968045391 0.0387851615523862
-0.127069821217784 0.178819934378213 -0.19983109826833 -0.146313807789759
-0.26736454091821 0.0318920079045972 -0.0588558557399596 -0.219520178237028
-0.285671773544631 -0.149158880605342 -0.00308867873790343 -0.0942157364122866
-0.182537116270675 -0.214945719978453 0.0335097130863413 0.0344610287728209
-0.2279774846433 -0.0842796211307053 0.00201721094061668 0.248266309626598
-0.196317221018856 0.0679385155502619 0.233991541886346 0.24711947419117
-0.0507594331930592 0.164283817004327 0.29368213847605 -0.0211981783340446
0.0815008509932515 0.140340165418706 0.124200305578651 -0.17429506793492
0.140864130247799 0.0496252308176125 -0.00748082351938298 -0.14445085291244
0.119025296229856 -0.0291041082192973 -0.0299611857659458 -0.0623738561886883
0.101295982380577 -0.0507289076814447 -0.00648359589389889 0.015598564543761
0.104893189212599 -0.0388480121968373 0.0343101619366747 0.0769352337747058
0.150365351972858 -0.00215556040932694 0.028396398495806 0.157058163368318
0.150026309934375 0.0959164271067698 -0.0581733645070542 0.208159433520717
0.0602974140986831 0.169251578485774 -0.192372680821673 0.107489698833207
-0.12112366084928 0.190240311798436 -0.202099856943448 -0.0873192081898037
-0.26512654763699 0.0240289120926093 -0.0581540580871898 -0.190147982895751
-0.260474166479521 -0.156369333057957 0.0580553018856023 -0.0344077268700386
-0.120540696965597 -0.214981871758671 0.0882395102160603 0.117181964583544
-0.19763426330737 -0.134231856644376 0.00377513951902402 0.272449086111114
-0.21126356539481 0.0215779770269287 0.182971161911575 0.292942020821298
-0.0802788473330532 0.156334819239563 0.268314784633012 0.0749980589900026
0.0664514627348287 0.144130439935731 0.174442292664207 -0.0917450798136691
0.135492483556305 0.0563195151541264 0.0631797991092916 -0.123766966452755
0.117360391561164 -0.0295805953275334 0.0236991904660509 -0.0769535650946888
0.0917474734638112 -0.0562075104541894 0.0334923669762495 -0.00433821911601883
0.0931359407328185 -0.0465208506796464 0.0734413007989739 0.0549088367167671
0.134172755967282 -0.00926726283230991 0.0743122762416727 0.144085978488498
0.139649004622535 0.0819440774759477 -0.00489140635031785 0.219446130118359
0.0586294101257141 0.156723715170449 -0.1568506620885 0.151089064809769
-0.118387834896502 0.167027006328742 -0.188486457635113 -0.0400460045111346
-0.233188030004374 -0.00620601765940192 -0.050078381520363 -0.157639784524857
-0.196906240387565 -0.154909367424641 0.105899238457575 0.0219908870064702
-0.0424893576649128 -0.168925570649693 0.126105310532609 0.184263016725842
-0.127135391568892 -0.143556844987709 0.00369598733816367 0.282298899600956
-0.170661689869725 -0.0169431855529633 0.127325331964259 0.304939189213716
-0.0787721502501117 0.114405086298746 0.220409886738504 0.144925582336841
0.0453135749568621 0.112556449199718 0.199492717688602 -0.0162119874997634
0.1052653697882 0.0466614758393098 0.119353005806568 -0.0982814924577692
0.0934657284033138 -0.0260535945594781 0.0705122469622231 -0.0871050083507761
0.0688735400836644 -0.0522540657421238 0.0670337004564821 -0.0225594824698366
0.071866144913321 -0.0467061040131146 0.102668184231086 0.0350060081935647
0.107146724294335 -0.0141156845890654 0.106573934424054 0.130775961034843
0.114075307827364 0.0650898179681081 0.0320577648153296 0.220720658250104
0.0431088391184204 0.135523125498154 -0.129877948166479 0.174397789804661
-0.118228829976353 0.123495772573853 -0.173474330925772 -0.00669197175600147
-0.183156194698072 -0.0457167099873951 -0.0426105535160933 -0.12388291689074
-0.108134447192095 -0.144384220882656 0.134000283285524 0.0747035798481027
0.0376775704305453 -0.0885148014830132 0.147132689072301 0.215628932897411
-0.0395224333682167 -0.108422181040785 0.00658837345333733 0.276032247108747
-0.0918456011295733 -0.0273765642703961 0.0921139884637252 0.294434737275595
-0.042768436246057 0.0575069006103832 0.185653731469519 0.178736875919522
0.026331024723206 0.0545830746599187 0.211232288047196 0.0235950650300274
0.0584693799600305 0.0237240386841061 0.151347228849635 -0.0831601861969287
0.0520337088715329 -0.0210950963353453 0.0995579150128058 -0.0950474322825092
0.036087958642266 -0.0408453274824832 0.0884202759891897 -0.037372188221035
0.0438404015905881 -0.0406265392364212 0.122038854867635 0.0206182739584474
0.0724027537223395 -0.0182326377170836 0.127367260010886 0.12158447547829
0.0812766525007094 0.0441541556265279 0.0542957570783146 0.219965749374863
0.0244674953168734 0.106427159608589 -0.116602028292786 0.188319410750091
-0.108271355554611 0.0727488782837044 -0.167832407884127 0.0145001998693107
-0.115776870189687 -0.0758687620707242 -0.0409636228057833 -0.0969469318121328
-0.00924546601629143 -0.115049384326251 0.136611655177323 0.116502248750998
-0.0794126481382559 0.0740172626269063 -0.198179774788947 -0.129195593676714
0.0509132751091209 0.0564296647646957 0.0033442005857127 0.129881284794246
0.0641953791754201 -0.0354069373469921 0.20778392346822 -0.0298223916087728
-0.0265520108313135 -0.0519587871699054 0.130537781021404 -0.248532107843383
-0.0396437387469554 0.00544206136997581 -0.118761358157746 -0.260186790640899
-0.0180425261223138 0.0203811930666791 -0.19897827321682 -0.107249288102442
-0.00585880409698126 0.0252217433052733 -0.15647829170869 -0.000446443911820085
0.00993644914544567 0.0197065578709487 -0.110601583498657 0.0708236690581767
0.00830524914314493 0.0137849472508597 -0.0983796645116284 0.11948277008957
0.00329340052093517 0.00707303627950395 -0.150250141393493 0.12645162421382
-0.00177697615420729 0.00971917081117199 -0.223557376535102 0.0266008131321752
-0.00361227427840867 0.00144382317434203 -0.22447289823384 -0.155129037558574
0.0218886045783687 0.0340586029256697 -0.14768048048361 -0.274273087859181
-0.0395852312680893 0.0707768160975748 -0.0663509474808902 -0.317358353814444
-0.136288990665501 0.0258403785984974 -0.185229573222475 -0.249744570438294
-0.171629631542019 0.0085299219805587 -0.159312744643334 -0.129687144226655
-0.0407396376914191 0.0643617575886912 0.0154706457204498 0.146446357237115
0.0181865919736763 0.025762320508723 0.24579824869171 -0.00767773777136633
-0.0031449759493367 0.0028447697438548 0.159856496461614 -0.258696034790948
0.0101310328097155 0.0323867869566782 -0.105059172421855 -0.274741149960305
0.0336648053991668 0.0163042417308313 -0.195355909948842 -0.116287762363413
0.0328710507319906 0.00112763576876904 -0.15187796854305 -0.000569773307271673
0.0475404370397632 -0.00655745462719839 -0.100248499868151 0.0726030292017884
0.0560100619827512 -0.00521972704898036 -0.0758222746162129 0.125106625600247
0.0751498941380316 0.0127029357253057 -0.120591623603716 0.153434993748685
0.0554275429756037 0.0661554278677266 -0.213028831555814 0.0846580372211514
-0.0105000857030226 0.0857256428581708 -0.247903287133699 -0.103521671705392
-0.0655336073899884 0.0876516384355266 -0.180819134230434 -0.247095319775683
-0.156136318086164 0.0494389331267325 -0.0797730408877365 -0.287191934838658
-0.23477849157288 -0.0460284115456172 -0.149913405257715 -0.213918446532626
-0.238574723574868 -0.0702058622608858 -0.0950600670538689 -0.101871361614522
-0.140728799431964 0.0500311313684197 0.0296363835921698 0.182271345323906
-0.0510839724830152 0.084078443278572 0.290292168312064 0.0489181222973154
0.0103367073367362 0.0734343926147487 0.215247770825588 -0.242049083468284
0.0618476695499845 0.0667049812109563 -0.0604397450116038 -0.283652213291225
0.0878827120168358 0.0156519921705687 -0.16844471115862 -0.133580497060102
0.0719262474120671 -0.0221630399405908 -0.132707913751484 -0.0135397202458375
0.0781736981974101 -0.0332723500263747 -0.0769008012926178 0.0636336917303798
0.0896962503158708 -0.0254309189070629 -0.0375659200573099 0.120049328305326
0.129693456497572 0.00285229810832148 -0.0660222759925233 0.173808856960387
0.117091589822334 0.0912426756134892 -0.16951636149454 0.155693020522323
0.0220239437160466 0.147533749070961 -0.25832429715969 -0.0157246114980853
-0.104799123122196 0.158723781629275 -0.220751017139157 -0.193748490601065
-0.240766849566802 0.0610271969128643 -0.0947272173579062 -0.254594916853728
-0.302953095768206 -0.0901852344556159 -0.0928064763247217 -0.161556565326205
-0.264226875128108 -0.148271214302797 -0.0167125815020353 -0.0451537809311683
-0.225351498868669 0.00685759073244433 0.0437212869691386 0.226971852840088
-0.135581362615565 0.117172107971534 0.317947451086406 0.131061977124636
0.000981858810938497 0.145090446154614 0.278530849396485 -0.185227907901623
0.100891623726053 0.10680693429783 0.0122532070452516 -0.268961241568302
0.135294821575898 0.0208420360440955 -0.116468804742428 -0.150199818339107
0.105138479921708 -0.0398380432051844 -0.0972463833362241 -0.0366324456816085
0.0965622640414533 -0.0556674361961842 -0.0426592189665722 0.0437688160176252
0.106884582764639 -0.0450861491868466 0.00744727009379593 0.102948096112191
0.158187009746221 -0.013845259704624 -0.00063242669450891 0.176401954329909
0.1614076968481 0.0883007008340909 -0.0997092510133239 0.210377730405324
0.0666576527184995 0.173468277187461 -0.237369474697457 0.0771135742298081
-0.104844163569505 0.211718621316671 -0.239694502596489 -0.125539466872688
-0.279549598368586 0.078085551984647 -0.101277938579041 -0.222410590477717
-0.328091951437226 -0.111135308947126 -0.0205835903359011 -0.104542297711066
-0.240906398031137 -0.202345675463911 0.0660798685303887 0.0343868208639716
-0.265149384522692 -0.0576330068721184 0.0550901218955357 0.267961099875962
-0.206432103520126 0.104478944502777 0.309512929375357 0.217420061493228
-0.0324953695500764 0.188592478616965 0.31648054246529 -0.0875524528841993
0.111534799685745 0.139829550674937 0.09706441098427 -0.218230285486247
0.161591617894109 0.031179225034952 -0.0417242413291524 -0.156069377203321
0.123929908473818 -0.0486966140235519 -0.0475440153944749 -0.0635389831712772
0.0999636357579482 -0.0699375972375706 -0.00274943633507474 0.0177837954296421
0.106369617855211 -0.0590971299764871 0.051969545918969 0.0758267061468556
0.158934830337397 -0.0266499974273389 0.0605078458319852 0.162690854011732
0.174646376301788 0.074765773660317 -0.0258678622949236 0.235489889028163
0.0915986080743404 0.171435979325175 -0.191265361099411 0.146933435702351
-0.0947044707479554 0.222559037894259 -0.232639128630896 -0.0605486972781253
-0.277667641980883 0.0704546520544484 -0.0960851281338652 -0.190504436394269
-0.303035602041255 -0.123141849331075 0.0544416911561764 -0.0492567281173318
-0.174408369932255 -0.214889370192389 0.136286828995157 0.119910067719476
-0.239994066992476 -0.117307101829061 0.0616829628412415 0.297664968793032
-0.230342377634266 0.0556031484157019 0.265463303606397 0.278470099796418
-0.0663138565338697 0.18326385386806 0.309089904161399 0.0216978754487353
0.094167734206577 0.14662936635371 0.168578964521248 -0.13893580024079
0.15618588809801 0.0387725575384795 0.0384870203887353 -0.146307511036328
0.121695426262698 -0.0490624259662567 0.00765940434660774 -0.0888075369147861
0.0889477825742783 -0.0736700037211994 0.0362133929753779 -0.00986085650019418
0.0915755851730753 -0.0648132607455789 0.0895657531483478 0.0462047849482963
0.140711044867061 -0.0314463654677232 0.107817344377329 0.141511227004891
0.160434304324301 0.0620854094996602 0.0334784339407922 0.238825195772478
0.0871232721704902 0.157077728768839 -0.144001137004786 0.187451236541121
-0.0965836717920042 0.197262239934145 -0.210498347935643 -0.0109913002877376
-0.249217085013318 0.0331429778032166 -0.0822768496112482 -0.156550831886104
-0.235622484820175 -0.132418398478868 0.116095191013088 0.0053000116093699
-0.0815981222231582 -0.177769724066915 0.183093045406497 0.1885148776432
-0.165071409284938 -0.137503671124656 0.0617159035084067 0.312282439833466
-0.192242281316018 0.00794871691529372 0.205521477127398 0.305434904559179
-0.0708869542888012 0.137142860980974 0.270453178928262 0.108355541520305
0.065779712934015 0.116659092492023 0.211208688412765 -0.0610615018944425
0.121909408259203 0.0335271349612969 0.105483445672371 -0.128268403974455
0.0963962971140522 -0.0423779115607979 0.0576053757312155 -0.108465884890121
0.0643963822249878 -0.0657062614342469 0.0688032287680171 -0.034868817239923
0.0674666949910416 -0.0610231750379341 0.11905148858786 0.0201876351317837
0.110103348648356 -0.0318631247033328 0.140172616164957 0.122298736619619
0.129816245262757 0.0497444574507704 0.0740291780460471 0.233302012112361
0.0673407741591795 0.136473839108351 -0.110359309135543 0.209380104114847
-0.103389087727541 0.150553901487972 -0.18791014646261 0.0236026748006546
-0.202186181901728 -0.0169225127756989 -0.0697647485070915 -0.122120804346917
-0.139013585476722 -0.135081560935956 0.155064805547079 0.057939211802545
0.0203154046100235 -0.103896935037552 0.201434906773702 0.218756305662315
-0.0644426312351907 -0.112432031744093 0.0593673252302216 0.30617705104675
-0.107072002392214 -0.0162074269007704 0.160715413308129 0.303344842818973
-0.0407973843661609 0.0692082555332274 0.23913316935964 0.154080032148323
0.0357319187706048 0.0565609910593201 0.231739291955212 -0.0170534508229542
0.0668562679786559 0.0164840010508298 0.146151750658818 -0.117703039533875
0.0518663840705948 -0.02996602756203 0.0885535430778896 -0.122321691446925
0.0306976814688441 -0.0478682956185807 0.089103075458912 -0.0541095112103332
0.0381478400704628 -0.0498378444986681 0.136615881713923 0.00174922644950973
0.0717889365200704 -0.0305859823107896 0.159654536365832 0.109286104201164
0.0916223606682451 0.0322449705476394 0.0978321563577997 0.229884728181074
0.0439252025622003 0.107840156344449 -0.0939725441615296 0.223637413546728
-0.101375722908703 0.0952607799671611 -0.178267838867225 0.0460256724122964
-0.135703403960135 -0.0598983288485045 -0.06459888821467 -0.0946388605196651
-0.0289119792678825 -0.120035460777875 0.165963280332564 0.102679659007076
-0.0747775619418137 0.0862415290706428 -0.222636686541788 -0.116963819186861
0.0590212489112666 0.0540912041590035 0.014698227079741 0.137806145448912
0.0622640559931377 -0.0441281695649256 0.216441232657614 -0.0508057494987823
-0.0341094141350268 -0.0499378669221644 0.114959974762133 -0.276729700077932
-0.0401909071855868 0.0108124656720673 -0.151108364055031 -0.262081741330368
-0.0164753275238161 0.023128998411838 -0.221522784138741 -0.0934232010959627
-0.00208907322124973 0.0279385698210605 -0.167479789115999 0.0125825269857538
0.0137062215591387 0.0190032859395361 -0.110284449906697 0.0830278322868333
0.0119412027632801 0.0130180982472594 -0.0921617222132172 0.132883780903595
0.00542111090301839 0.00760108133639902 -0.14421071590861 0.146105231740089
-0.00108428094196654 0.0110620683375656 -0.232434123594787 0.0488396226357637
-0.00407208724654059 0.00354641321628674 -0.252542486178883 -0.142475223851802
0.0250154919578028 0.032168884902771 -0.182336277792174 -0.273961871306376
-0.0338713045919209 0.0757179136259919 -0.0994872096604122 -0.331290800478521
-0.139977681437425 0.0403615128770311 -0.21771709869836 -0.24760595399497
-0.178374366967584 0.0263170562669928 -0.182503613827645 -0.121769256456326
-0.0357361391184949 0.0707024589441627 0.0279126748430023 0.153290842057396
0.020627663215162 0.0242536188693471 0.258261301985361 -0.0308426770374501
-0.00515499118972902 0.00479971668940149 0.144482858594804 -0.288532898424124
0.0148006543837009 0.0342532508150976 -0.137503686319809 -0.278421844707412
0.0373595664800045 0.0143872952169454 -0.216937054457019 -0.10431202593299
0.0355016103430651 -0.0010769304585431 -0.160503949289428 0.0125347154929989
0.0507436155527183 -0.0118469087534997 -0.0984619698932815 0.0844697127720078
0.0598913557624092 -0.0109579863487236 -0.0670090264216202 0.136369086443369
0.0816007398965171 0.00594410452851509 -0.109677809889666 0.171118420432068
0.0651846877994671 0.0649855310601563 -0.214993326685082 0.109487912555566
-0.00352521719287694 0.0931322546689698 -0.272983356505871 -0.0849675601278101
-0.0624274697199248 0.0978452076102032 -0.215337571703839 -0.244068947344148
-0.158764057167013 0.0644917517948068 -0.111476381875318 -0.298259448864153
-0.250338555233294 -0.027599172592169 -0.178077529311261 -0.213189178358263
-0.256164217212055 -0.050624164217062 -0.11314718839722 -0.0981747842053815
-0.142687883055009 0.0646327248446474 0.045974880460557 0.189496492309757
-0.0466425134417206 0.091806818314811 0.310417358857005 0.0243856855300637
0.0158337217129156 0.0770714866741801 0.205409555210346 -0.275964275986417
0.072333200779254 0.0649880695992535 -0.0914646738302178 -0.292316998260242
0.0945009870921574 0.00862061929816232 -0.19053147839672 -0.124413261125122
0.0740801449684388 -0.0291945517983082 -0.141307651230385 -0.00270262590877568
0.0796215142991431 -0.0416658648536086 -0.0739626099511417 0.0720008909435453
0.0939446848049616 -0.0360732231534945 -0.0262773009407149 0.126863193065024
0.137872858186314 -0.00894770113308079 -0.0493810734113633 0.187636921310951
0.132442112226172 0.0849452425595453 -0.160416584583084 0.181003652984697
0.0359614385946314 0.155079192031716 -0.275084585502605 0.0088094883703263
-0.0972305192454055 0.176149939934108 -0.252917117957209 -0.184413577347184
-0.246685488759742 0.0858928401759396 -0.125260462526041 -0.261885197053256
-0.326830418420469 -0.0670238377291534 -0.113174825093346 -0.163586801352981
-0.290809072754032 -0.13004544601769 -0.0245066243452993 -0.0453930697612239
-0.235789673141422 0.0280200951257004 0.0647099543784394 0.235265506102705
-0.131865510787991 0.134821454541707 0.348816434027155 0.107709666810939
0.0127233377970713 0.152846919956324 0.277764753058201 -0.221344225936019
0.116647527654447 0.103393544049103 -0.0120294765668565 -0.284518569414191
0.144821259961032 0.00926230928691476 -0.136707282010602 -0.146362294587899
0.106529008118947 -0.0512514895203112 -0.10549222908997 -0.0294057668560726
0.0966101423324656 -0.0664862391902451 -0.0392788393531957 0.0483854786603249
0.109788381748765 -0.0573562853989067 0.0197856319078801 0.105135200727016
0.166231709155716 -0.0297340791181936 0.0204398471114416 0.184431950732002
0.179094725529534 0.0769337761526167 -0.0803837470682325 0.231438778451216
0.0853473571170061 0.177011045247704 -0.24338643667993 0.104683274848661
-0.0907290254955061 0.231842701190759 -0.268134950903262 -0.109406220031933
-0.286248172996014 0.107798913498694 -0.130173344282506 -0.226986507667618
-0.355691426213191 -0.0867099501587737 -0.0330399037157453 -0.109195471078509
-0.271912641774031 -0.189926976442885 0.0692964769006253 0.0303108834439169
-0.283304963322755 -0.036157643861456 0.0808624141972683 0.277958940382332
-0.207834641670859 0.127853308889905 0.347748152289277 0.199220268105998
-0.0178547882218462 0.201427265942472 0.326785524102839 -0.121586469644613
0.130749491364452 0.136797246299628 0.0826669683388393 -0.238356040569769
0.173243342348783 0.0169320465251098 -0.0590451232313372 -0.159633957965944
0.125680193570739 -0.0627816184311605 -0.0559412417303047 -0.0612511648704414
0.0979969044611542 -0.0818819272747993 0.000209191456098527 0.0175816161550227
0.106687482449512 -0.0720827761291996 0.0636902507166746 0.0724652667931824
0.166114237819773 -0.0436971807756047 0.0823787751405956 0.163772430107393
0.19172052905135 0.061627338184912 0.00078730953357444 0.251159430066826
0.111651878068929 0.171475421262967 -0.188106238046858 0.174329825010826
-0.0791703604344806 0.242154404043521 -0.254326408484733 -0.0412428496233436
-0.285522933548733 0.100713323439047 -0.121776375452691 -0.192557979210577
-0.331253974935798 -0.101118967738755 0.0506313902436216 -0.0578222149334924
-0.204292497392035 -0.208635883243522 0.152370252484556 0.113871787955954
-0.263604650264326 -0.0999879904487098 0.0908449339552627 0.309015086118613
-0.237150978736163 0.0795191264189015 0.306711374924061 0.267720329068626
-0.0531675768991558 0.199436437283372 0.329058501663261 -0.00695587387096949
0.113119083637931 0.145355336073686 0.164512003376368 -0.162823788444826
0.168327968409291 0.024594717946067 0.0264240763736591 -0.15669261031983
0.122746023993446 -0.0626543191758567 -1.13959709787057E-05 -0.09325757750452
0.0856642657218267 -0.0843344336505435 0.0384739075177313 -0.0147881802524444
0.089754946414221 -0.0758396193945362 0.101128989250083 0.0378842656844047
0.145517066045813 -0.0467750955154769 0.129722400663186 0.1373942027618
0.175311885193994 0.0489144350241787 0.0634776398875175 0.248941544978694
0.105430159040918 0.156674544864486 -0.133376335879 0.212277957154835
-0.0825576127161486 0.21516552414366 -0.225269140477451 0.00911726681379297
-0.259225829018789 0.0596145740126988 -0.105158035400553 -0.157050376459875
-0.260590189949623 -0.116785072393359 0.120900112661313 -0.00581728553646527
-0.103513015771962 -0.178879312204291 0.207306066369093 0.18211514175604
-0.187319771438613 -0.128927635930701 0.0929938080396983 0.325682545089601
-0.201531666104218 0.0257775795461001 0.246007394088321 0.302055808131292
-0.0622450445052617 0.151312259752291 0.297344487016864 0.0888522683535659
0.0803704485884122 0.116070188281531 0.217949211704407 -0.0855561385355199
0.131984151535591 0.0222668294592598 0.0990300047266716 -0.143827425316781
0.0961383093581362 -0.0528676295411596 0.0500966586988925 -0.118140609320625
0.0603111705651708 -0.0734268823225902 0.0702479129945065 -0.0439528154179528
0.0638726135406355 -0.0701426529307005 0.127977772367286 0.00908793299656353
0.1123580475617 -0.0442169561885082 0.162085391263564 0.115165824509827
0.14138082419275 0.0386566636221633 0.105105641433014 0.23990331903181
0.0829844260061288 0.13635119576548 -0.0958810841327177 0.232233538787183
-0.0935743966669904 0.166805521819402 -0.197422813341694 0.0434895188641708
-0.213899619297249 0.00260343486970905 -0.0874334332854155 -0.12194961118186
-0.159010131304168 -0.127927618481213 0.166567520819791 0.0459915370980595
0.00960276836901719 -0.110148308514389 0.23155022123085 0.213206634958251
-0.0791356044861374 -0.110237571496322 0.090950019311136 0.320612232912271
-0.113747950553045 -0.00627887517233801 0.199416529773992 0.304749968335971
-0.0359865288152381 0.076964985910377 0.267830461698685 0.139293635141434
0.0429215654181365 0.0555454663591018 0.243970279240499 -0.0415384568642881
0.071995513390476 0.00961564078855911 0.142663227939082 -0.137018257080893
0.0511207594297765 -0.0369366157686824 0.0808949928211825 -0.135844270081722
0.0262096210709566 -0.0512407609050551 0.0895348646970533 -0.065314347607751
0.0334302096912121 -0.055308481950824 0.145392915191122 -0.0113304587255755
0.0718973272376504 -0.0392284264389083 0.181525047897424 0.0995911532430059
0.099170504939005 0.0242162976663017 0.128291622429591 0.23278114516269
0.0555928188083899 0.108178124868637 -0.0772766314530554 0.244784994228344
-0.0961401696411891 0.108924710055729 -0.184334989454526 0.0658081545038684
-0.14838226377172 -0.0482929097907389 -0.0779311554831012 -0.0933324967959953
-0.041536525634983 -0.122380891445806 0.18298253101372 0.0908668497790525
-0.0653402706070679 0.0933125722005609 -0.234753339470015 -0.0966096996177674
0.0645633458063827 0.047666451606007 0.0262364098721642 0.138917674193437
0.056905604940491 -0.0496381429195348 0.212924206994225 -0.0697042936189092
-0.0391079293989373 -0.0447639021857935 0.0906027170880342 -0.290354177656815
-0.0380935316928143 0.0152621091550582 -0.175685377984273 -0.248315691884713
-0.0136184384408466 0.0244007111038242 -0.232133498220124 -0.073670601136319
0.00188636843029436 0.0286494424965139 -0.169442475711357 0.0263793375541167
0.0163873187610441 0.0177920981866545 -0.104199105804914 0.0917004297254597
0.0141079441961407 0.0113975426628613 -0.0800226615765386 0.139210188186583
0.00730600914874867 0.00713320846190622 -0.129908021996559 0.157749567217448
-0.000114879162326034 0.0129774795659668 -0.227746424061614 0.0698302579453448
-0.00434411589257472 0.00538221688691338 -0.267783414250944 -0.119741436760851
0.0265939600912505 0.0286905942797475 -0.206772870172634 -0.258926039201047
-0.0262824540419693 0.0758119270341509 -0.128671711527068 -0.326798203070388
-0.135399676262461 0.05257719287829 -0.238858420049923 -0.23117891013077
-0.17399653192021 0.042954790079996 -0.195981311306277 -0.104762897301213
-0.0291149679610107 0.0733626438117947 0.0403344880523217 0.153114262597768
0.020972386744032 0.0215680002058085 0.256800828213326 -0.0539752962158355
-0.00567487448517254 0.00679387815077411 0.11938881972354 -0.304332046142728
0.0189388867715935 0.0340647841959573 -0.163667887247331 -0.266115057753287
0.0392600118025477 0.0111357686920864 -0.227654064897177 -0.08404670987177
0.0368859265831384 -0.00403230544539455 -0.161659046854441 0.0252085461271717
0.0509509347334804 -0.0162316423832301 -0.0914017387095296 0.0913894887108012
0.0608298309278635 -0.0172438528095467 -0.0541481950798033 0.140371206161556
0.0828500854958098 -0.000804010362014153 -0.0920896781050397 0.179708495084485
0.0712164427854529 0.0603056340180522 -0.203466049845949 0.12937026769964
0.00331585417372511 0.0956992165960922 -0.28263642880908 -0.060705250011094
-0.0555600377895423 0.101896308645768 -0.239713837907283 -0.226145513691932
-0.152740110317874 0.0761029022352507 -0.138055478259525 -0.292764607404089
-0.252235991965271 -0.00564590105110981 -0.196836718296164 -0.199978763751964
-0.259389339322374 -0.0274061295096159 -0.125463472443402 -0.087537343912965
-0.136122171796657 0.0767811690024813 0.0609186890240516 0.187687047087466
-0.039937140789288 0.0952346965001745 0.313885849850289 -0.00296613211174557
0.0208290839642135 0.0773336913372952 0.182084587051418 -0.296558599203223
0.0785994457515982 0.0595216351725989 -0.117890650874983 -0.283887686506107
0.0960382252781148 3.36413150923934E-05 -0.202580005864129 -0.106809308697607
0.0721400219312713 -0.0349055965588564 -0.142240880871987 0.0084441917231386
0.0771485447436486 -0.0484752988777179 -0.0674137519650789 0.0768285438941401
0.0930337116112512 -0.0444624161568721 -0.0143269624591023 0.126623697219357
0.13807803121591 -0.021383282107575 -0.0296840590868466 0.190121352728964
0.140270586470085 0.0739394963550417 -0.140606980509265 0.1959120741233
0.0484597508248377 0.153854123063569 -0.276863668999704 0.0341399753481025
-0.0825613910965458 0.183431740211562 -0.272448568972817 -0.161923274755652
-0.239001107726271 0.105836765556677 -0.150185775544024 -0.254080092232884
-0.332692316796684 -0.039765216932759 -0.129696866408058 -0.155206217226263
-0.302196823668024 -0.103707522549373 -0.0320132836200603 -0.0424726627368224
-0.233316637875664 0.048169969021843 0.0830016013352713 0.231510698107812
-0.121130363089082 0.144436055313083 0.359266974037709 0.076931459903051
0.024512271263988 0.152645931028765 0.259894501356985 -0.24709890147386
0.126102586351999 0.0935765289296209 -0.0382425145396618 -0.282938271513173
0.146107959692117 -0.00455163634638874 -0.149914743959925 -0.133108794952951
0.102902021932941 -0.0599210266695767 -0.108055000610801 -0.0203370636027426
0.0911427544129729 -0.0741895214265815 -0.0344600397463858 0.0501489665012055
0.106165441050996 -0.0671705509799924 0.0307693650537918 0.100024451156611
0.164500029642911 -0.0446795990111521 0.0399373001899342 0.180810919852042
0.186515553101541 0.0608267834391482 -0.0550126923126363 0.239890334411951
0.100299130123701 0.171275548369591 -0.235667147410101 0.128161292296556
-0.0715555649452955 0.238970144277334 -0.281033913279408 -0.0847364736278032
-0.27623054612322 0.132764494911589 -0.153600662472366 -0.217391643435309
-0.363286619514757 -0.0564830018419017 -0.0446541131729268 -0.107692722007078
-0.289154423924843 -0.164596606738578 0.0692330446556026 0.0254261574188734
-0.285886336592261 -0.0117649606257698 0.102324200290334 0.272360663365536
-0.197404100653251 0.144813731046729 0.367210657181345 0.168675948474801
-0.00114349313681015 0.203712794959853 0.318170433855643 -0.151647634448774
0.143210920673825 0.12508925689108 0.0620666841969513 -0.247374852650434
0.175395986016787 0.000222937036202587 -0.0727211764354133 -0.153239747854428
0.11997100430749 -0.0734003220062632 -0.0613579557317205 -0.0565835126838698
0.0914960420168652 -0.0889545087895105 0.00266580231409385 0.0160525792584543
0.101233973331568 -0.0812896994188306 0.0724621213368518 0.0638079779881153
0.162816844684225 -0.0580270944579629 0.101265942322236 0.154524938090989
0.197954525568455 0.0437788394128632 0.0282364777049722 0.25147836373826
0.125758107487688 0.16308772373046 -0.173591157671024 0.192403906826003
-0.058141794497848 0.248033274336988 -0.261242661018623 -0.0173232968735
-0.27579677296411 0.126257554179587 -0.142886265195932 -0.183587157148265
-0.339753341571583 -0.07231926257352 0.0434569823196096 -0.0623492555100213
-0.223340903822433 -0.189715859506799 0.159069156998647 0.101910804101423
-0.273130684470613 -0.0770082508498891 0.115595324324533 0.304135876137033
-0.231085940085455 0.0988973139975849 0.332079028080944 0.240942807552519
-0.0370329075218807 0.205259128741411 0.330898963682883 -0.0364192688534941
0.126002726872609 0.135177567966701 0.151163853941221 -0.179262017207651
0.171263178735745 0.00812870400024451 0.0134801707469719 -0.158228979649258
0.11712583123482 -0.0727975243438153 -0.00798007938140535 -0.0924149638885671
0.0778234287017434 -0.0900716132089978 0.0384567825172758 -0.0191054289673584
0.0828025039543614 -0.0835578157274362 0.105696361483435 0.0270209922851371
0.141504624566501 -0.0595904843200053 0.144991896639336 0.123690958677571
0.180048117192614 0.0323575654142409 0.091174350437232 0.243031560606074
0.118608616768396 0.14705667266226 -0.114333262330444 0.226050203140874
-0.0633960424743013 0.22103521390983 -0.227411485546234 0.0301875816408379
-0.252948312036253 0.0830788140503043 -0.122226252904761 -0.148448596912587
-0.270496628549435 -0.0935014651044227 0.118715542895182 -0.0164227610510629
-0.120266362883745 -0.168778899967415 0.221948886278546 0.165553258546024
-0.199304742321203 -0.111634258258427 0.120667075220569 0.320259234963159
-0.199328268224687 0.0429050044821378 0.274274633587078 0.280740633493822
-0.0494964273865057 0.157153163956815 0.307303170264145 0.0624178272450729
0.0902717506096153 0.108631834524602 0.211193978757821 -0.106133987452631
0.134208418825336 0.00902960578261855 0.0869531939110507 -0.153518842383313
0.09104243387562 -0.0611141454498907 0.0396018731665809 -0.121357330291294
0.0530699175981598 -0.0766813584790307 0.0675432700925595 -0.050420397081876
0.0565360260629701 -0.0747212147360085 0.130671406416685 -0.00370318785543519
0.108010588912564 -0.0541824558821002 0.175112540648295 0.09922212294648
0.145125329375472 0.0252181682100409 0.130963801463916 0.230363722016108
0.0944862548129055 0.128915075532438 -0.074962314092387 0.241551793545198
-0.0788442842073926 0.174142887158303 -0.195982525023752 0.061721702405179
-0.213398694773228 0.0228183819256964 -0.10114541421672 -0.11385715605992
-0.170616238440449 -0.11360922699762 0.16985372483695 0.030700902977389
-0.00107917637700127 -0.110139689556987 0.2483428760817 0.195892553678891
-0.0893865603267353 -0.102281556129572 0.118779009680304 0.315951082459063
-0.11372566084808 0.00364897835518879 0.227320827216286 0.287814142160542
-0.0298520176408179 0.0799848773199708 0.28271191887064 0.116327519352974
0.0473217596083334 0.0515333915792299 0.240453813579774 -0.0649125874194152
0.0728694696128909 0.000998001603203561 0.131325701809038 -0.149603964025021
0.0468738014062464 -0.0405859245897495 0.0691158918087106 -0.141940717062374
0.0206586645465788 -0.0518759725618058 0.085304827360098 -0.0732526546940089
0.0266081296324471 -0.0573982006899539 0.145038177359256 -0.024858988115503
0.0668129331580295 -0.0454625195069954 0.193132977853026 0.0833444722099349
0.101261154590223 0.0143969819020909 0.15262126552347 0.221263204765559
0.0652865482509603 0.102589713289247 -0.055666886749262 0.252664830902129
-0.086059318321263 0.116633567400476 -0.180364910254961 0.0830411177009193
-0.152190549428225 -0.0332585811669975 -0.0883561869788512 -0.0859660156257106
-0.0520845268685823 -0.118418745066022 0.190337499046233 0.0745683032475423
-0.0569610823122164 0.0944158974224014 -0.236740186491701 -0.0814888789750632
0.0661035163765816 0.0420242727719469 0.0323702987346442 0.136798006423811
0.0515360591232511 -0.0510667846650102 0.206404848800839 -0.0788834339791028
-0.0405606935366643 -0.0396496634207063 0.074822481289629 -0.291325484843317
-0.0350997159004597 0.0177210240674659 -0.185232830260712 -0.233159164084407
-0.0118319967527279 0.0247206571839205 -0.231899246347183 -0.0595732732018792
0.00457507513873551 0.0276531270530816 -0.166507644892094 0.0343643431733899
0.0181863423568313 0.0154437573512058 -0.0986700830684758 0.093772789125924
0.0153501433304458 0.00920634206700791 -0.0725361058255845 0.138853217018539
0.0084762284799532 0.00681252930062596 -0.118224043648447 0.159194759807473
0.00106867609061142 0.0137863227053375 -0.219337370249298 0.0789535618996545
-0.00400408523108877 0.00713345165380581 -0.269420257683833 -0.10368499813715
0.0253703368748796 0.0257567726517641 -0.215350239180804 -0.243829816882538
-0.0220299505476527 0.0724568972326206 -0.140955044460167 -0.316682710802629
-0.128151715578431 0.0575619139696301 -0.244004936203344 -0.216212082652523
-0.166089665816964 0.05055666981364 -0.199512626586922 -0.091809403132866
-0.0243922424902348 0.0712476010131442 0.0449889943041662 0.149637252125187
0.019946618426407 0.0198139373815555 0.249366380346821 -0.0653951484401934
-0.00636877129437967 0.00905894423810952 0.102694421287899 -0.304947122524254
0.0213860976087676 0.0332252684313215 -0.173342685811879 -0.251552773283278
0.039608454372292 0.00899450110534251 -0.227951910406503 -0.0704906325264648
0.0371036736943025 -0.00535900792901474 -0.15853450950611 0.0315369608424793
0.0501706350743511 -0.0191377634357999 -0.0854588013483949 0.0923029191472697
0.0594348350203147 -0.0210347369698463 -0.0464686345532056 0.137304394524336
0.0823149513133348 -0.00530794324440341 -0.0793431973492492 0.178425305304158
0.0731988414821672 0.0567004768091343 -0.191030538638051 0.135895617511457
0.00752337926807382 0.0957892665747381 -0.28108617830587 -0.0446324807238768
-0.0511743626514085 0.101365200528565 -0.246666489341626 -0.209126609411377
-0.145472344974516 0.0786804777291235 -0.149920257666781 -0.282358564466095
-0.245883388300706 0.00523703656839984 -0.203021564971697 -0.187681786923578
-0.25279884157694 -0.0128360214595328 -0.129957340300601 -0.077851294932412
-0.1286947573969 0.0801102512559246 0.066496880871452 0.182652367409327
-0.0353949063149065 0.0935283205820537 0.308480084825356 -0.0178007094142325
0.0228306240205592 0.0762318337304983 0.164876638534488 -0.300554476642368
0.0808448906227033 0.0551029177230324 -0.129659438529091 -0.271753344963132
0.0941449026284483 -0.00487053188683383 -0.20317111720407 -0.094061444869168
0.0700647949237246 -0.0372972686862542 -0.138500892331904 0.0144314344956614
0.0744737362786562 -0.0509781474622536 -0.0624639651312598 0.0762603249205128
0.0898853920071183 -0.0492613017994761 -0.00719931945000114 0.121962572250111
0.135002283157676 -0.0282882870386195 -0.017280953824537 0.185380176329541
0.141810550337708 0.0655901110022339 -0.124215471729919 0.19835300117966
0.0544036912431099 0.149982261925335 -0.270388873080673 0.0483225148669055
-0.073556516558767 0.182773615608538 -0.277095223760871 -0.14480175332513
-0.228209649239507 0.112819177767717 -0.161098285834668 -0.24358554833812
-0.327141830194158 -0.0233402088079274 -0.135167749049138 -0.146472905005116
-0.298577675638749 -0.0855461014224098 -0.0373511095845852 -0.0381580395579701
-0.224935390946565 0.056817519179389 0.0900988363060233 0.224784501136864
-0.112264779505879 0.145791895100236 0.356902845980243 0.0581728342145374
0.0304053142839793 0.148765992295676 0.243274052266525 -0.25512100332234
0.128185406615418 0.0857881841730719 -0.0506807686445822 -0.275143271849183
0.143072107769985 -0.0119091239576355 -0.152396464827727 -0.122715533028305
0.0982073503216956 -0.0629698954963339 -0.106536053415636 -0.0148690220151199
0.0865006553517325 -0.0760766163868097 -0.0309215942747472 0.0487749577666706
0.100961534006202 -0.0715542133545198 0.0353405731822155 0.0930138786294567
0.159609241910154 -0.0523888897923475 0.050906123373882 0.172462558809929
0.185653848818396 0.0500006456687002 -0.0372061009564449 0.237101793755599
0.105956656748298 0.164028785775274 -0.224788740629308 0.137911363096599
-0.0595400226634772 0.236081130584508 -0.282667452576605 -0.0684690612798065
-0.263440701565919 0.14214634174339 -0.163238518098824 -0.206553991086665
-0.358181323663335 -0.0394966965264681 -0.0498551169233261 -0.103511713763391
-0.289864534733625 -0.146247037611152 0.0650619938776502 0.0230523739151386
-0.280336849766963 0.00130866126808638 0.111592783088507 0.263171438998683
-0.187319166999696 0.149278415978246 0.368863266381614 0.14683594617443
0.00775660037797522 0.200562967344172 0.305406902969583 -0.164376671938426
0.146266859143804 0.115957975098083 0.049262458499026 -0.245032257969253
0.171314398064161 -0.00921937246053016 -0.0781187753936809 -0.145740134989554
0.114397909391566 -0.0767797158706629 -0.0617341914065176 -0.052030504180175
0.0849255720611143 -0.0897923640225146 0.00380482031477402 0.014357701926711
0.0951132381778897 -0.0847495973882168 0.0744879234641438 0.0561123521008374
0.157109341565522 -0.0656819578376651 0.108802694933077 0.143960953061072
0.195939583372648 0.0318153003565279 0.0448599552185635 0.243809328358139
0.130455719753524 0.154329797544977 -0.1598125069601 0.198674377764843
-0.0455579723318664 0.243890693212739 -0.259502436641616 -0.00366866762376051
-0.26295607960451 0.136752570999124 -0.151799644418629 -0.172068516751779
-0.336029156111328 -0.0553458612694824 0.0380255900790391 -0.0627747610387443
-0.226497793072748 -0.174264554251925 0.157038738622593 0.0936684992870816
-0.270682498045936 -0.0621173939349712 0.125907200552398 0.293598693908002
-0.222007408763725 0.107124844665133 0.336903093353653 0.219451161325392
-0.0271092166692123 0.202972246526207 0.323279332635895 -0.0521403845745813
0.130098745553569 0.126359161421412 0.139388609572177 -0.183246794977321
0.167815855450612 -0.00210736609178483 0.00537926546664683 -0.155476117136677
0.110924967587714 -0.0763397305087334 -0.0116472436768219 -0.0887010400155826
0.0714983443334468 -0.0898370167098356 0.0372543375910043 -0.0214413320053122
0.0763248460600225 -0.0850208475181119 0.105896744874139 0.018888475843935
0.135521465309104 -0.0659000800410526 0.150623699952018 0.112500981387287
0.177776381650883 0.021733776489617 0.106028797203664 0.232169551253103
0.122638387762224 0.138774288668971 -0.100974477234231 0.227573515021808
-0.0521011386888655 0.217491396992604 -0.223305765030894 0.041205399205601
-0.242524536180315 0.093734533413088 -0.130297707848476 -0.138212770880998
-0.268393142431505 -0.0788800430789748 0.113787002502524 -0.0210674527472328
-0.125846986614517 -0.158022150367497 0.221930690449877 0.153577344889426
-0.20036882951963 -0.0985227325045015 0.132355610928494 0.309407134997769
-0.194073736773026 0.0512135375140442 0.282859561431824 0.260356876276631
-0.0411787453474549 0.156314702170707 0.305118152052063 0.0458036045415388
0.0935910414554942 0.101939720959196 0.201417029274114 -0.115535094140752
0.131412292458754 0.000453706178919744 0.078611948355269 -0.154568057250459
0.0855402373163148 -0.0640974932404047 0.0335067752872056 -0.119951693840247
0.0475957167795003 -0.0759189815062899 0.0645084889063754 -0.0528699686947404
0.0506786134280086 -0.0751195203946851 0.128467915737199 -0.0116081961553624
0.102607959407541 -0.0587088850220955 0.178674517675939 0.0869849511639737
0.14303894181595 0.0165301301900089 0.143658282677564 0.217412013443696
0.0979425590941697 0.121267945819476 -0.0614641031594269 0.241020052349774
-0.0682024009708493 0.172281284598743 -0.189993317550542 0.0703737637389044
-0.206457608962189 0.0338207163307464 -0.106977946311357 -0.10538216533097
-0.171731281802793 -0.103112368848917 0.166870956494477 0.0216633343670048
-0.0075502657572214 -0.105985423218043 0.250387369217224 0.181869173932683
-0.0932328462576599 -0.0942234271239996 0.132103183665284 0.305526358410822
-0.111034422536949 0.00890600538402959 0.238236582385688 0.270336536186409
-0.0247413414256931 0.0791697903536369 0.283894648139944 0.0993603269419022
0.0484774321319948 0.0473574054961836 0.232210632829432 -0.0763651145001375
0.0707181825125999 -0.00421048891619443 0.121182933912456 -0.153375932457672
0.0433449722890433 -0.0418494331739595 0.0609943067288806 -0.14134322429468
0.0164206904299094 -0.0500236303651815 0.0801394080621993 -0.0751471123830304
0.0214842523273518 -0.0560613029680959 0.141807772642935 -0.0323443217456396
0.0619479215761557 -0.048117484266505 0.194390842663631 0.0708587788702349
0.0992582597924086 0.00808647737934738 0.163422221168246 0.20829346751794
0.0685740272422123 0.0967991883247973 -0.0413595182815606 0.251591471186858
-0.077728848293416 0.117059770142156 -0.172866077690358 0.0898863165185936
-0.149572184948265 -0.0236416232608933 -0.092548216860697 -0.0788173422349973
-0.0563814042636654 -0.113013753080018 0.18939838275999 0.0629870970541531
-0.0536722527640157 0.0937887544578744 -0.238253427805505 -0.075567676997009
0.0657991268869724 0.0399458958978269 0.0339634036930836 0.138166755456558
0.0496653256209834 -0.0509958859338605 0.205458836013244 -0.0807798703539629
-0.0402138852582278 -0.0369964647031191 0.0706784889189622 -0.29340211216463
-0.0335064475557291 0.019068063130643 -0.187778204795334 -0.230597797056766
-0.0114677782378221 0.0252301434835117 -0.232686420081315 -0.0560503788593876
0.0067163739677897 0.0272533115637115 -0.168079705909734 0.0356734696506045
0.0190302234082658 0.0144262951580807 -0.0992105369336612 0.0939394323033924
0.016119867811087 0.00802507770127655 -0.0718081156635421 0.137742054161438
0.00933380173361839 0.0065858225822993 -0.115163097003047 0.158126220258041
0.00158201933863424 0.0150744228469606 -0.217451463100799 0.0807001894895905
-0.00436398955508151 0.00834935220028832 -0.270768154796522 -0.0995437179351269
0.0236179708448417 0.0239721445553574 -0.216224135389279 -0.240639829343735
-0.0218937827936933 0.0696476933733481 -0.143496125664145 -0.316423893222906
-0.125797523727873 0.0573357828296892 -0.244067580663661 -0.21438211392784
-0.162031405691261 0.0523986816150558 -0.201843570223793 -0.0864606605790659
-0.0230962969847261 0.0692979196083438 0.0456674457830778 0.150869635681866
0.0186674031310433 0.0187268823529187 0.24808471093871 -0.0670017484336523
-0.00639232837582933 0.011180346075047 0.0990418252020393 -0.30700051121555
0.023048434998708 0.0334406574860533 -0.175175849169301 -0.247960433533296
0.0399693628125415 0.00838583826798751 -0.227464866639436 -0.0669919511844886
0.0383306033810313 -0.00555749587370708 -0.158397058895226 0.0330535219235287
0.0508660316693996 -0.0194952214264188 -0.0855764673280319 0.0916214595349256
0.060387587571988 -0.0222567820097326 -0.0455462358820915 0.135283186381218
0.0825324558040143 -0.00639966151030691 -0.0757437559302012 0.176215751994403
0.0737330641362923 0.056467203395158 -0.18713427178288 0.137292343104277
0.00820112621394439 0.0965906589396773 -0.282002019969781 -0.0404354563562028
-0.0520304450534615 0.10039199528602 -0.248407514357886 -0.206185827860865
-0.144383543499688 0.0767800660363451 -0.153506465043352 -0.282441454528279
-0.243934581185316 0.00622954632850665 -0.203330128569663 -0.1858631229804
-0.249161722990218 -0.0101006058488964 -0.132835510161169 -0.0736664813469991
-0.12638867599837 0.0792131586788932 0.0667374572555815 0.183133025769922
-0.0358099853906296 0.0927561742356663 0.30725961093513 -0.0211530788943804
0.0228657058676108 0.0768012510469197 0.161181999218102 -0.301771134496654
0.0821691805229599 0.0544930781768322 -0.1313911644144 -0.268187874209906
0.0941579501979764 -0.00620905124096938 -0.203269106383151 -0.0909271553833745
0.0709603613544051 -0.0376877110580368 -0.138072157310509 0.015405828845994
0.0743062863280512 -0.051505753378057 -0.0614225355091089 0.0757030978258662
0.0898982613278895 -0.0507671164303738 -0.00629001733966983 0.118362854225236
0.135283599003695 -0.0303054909468132 -0.0133331282655666 0.181987203741916
0.1419349912009 0.0641195258020331 -0.118960826334968 0.197797496546595
0.0554978803939275 0.150270197006759 -0.270374549790373 0.0525098601878808
-0.07317619027433 0.181153563612783 -0.279519907205293 -0.140947553093098
-0.226317142244585 0.112147053445752 -0.164504854824229 -0.242589804468974
-0.325743436356809 -0.0222464618878133 -0.136413754064993 -0.144651802522313
-0.295777849816234 -0.0814918640757046 -0.0412622298546575 -0.0349245233496827
-0.222475677481151 0.0573789423994273 0.089487894653881 0.224314837814841
-0.111806305361065 0.144707950107676 0.3562727823341 0.0542710586104833
0.0307055948185525 0.149306354472508 0.239573357089505 -0.258086345939521
0.129190471557974 0.0836957493410751 -0.0531556166321004 -0.272991256781759
0.141999934558779 -0.0144785435751459 -0.153474517410314 -0.120256315115389
0.0977868111734954 -0.063100251410709 -0.105423944258225 -0.0138925086271283
0.0858768704133886 -0.0759190702098567 -0.0302721639388349 0.0478700582488947
0.101142631800506 -0.0725720717287696 0.0364747329147207 0.089502666902228
0.159243474272083 -0.0541730026652697 0.0548264350039889 0.168440906271475
0.185768975203302 0.046894795394148 -0.0296556038376016 0.234809904955028
0.106330027348645 0.163850964562792 -0.223053895693674 0.141085693761272
-0.0581259895804405 0.234244185960093 -0.284454673819994 -0.0647246803234235
-0.260252338374543 0.142303655080011 -0.167650763064057 -0.204236379848035
-0.356074499551979 -0.0366470521439386 -0.0525344536731789 -0.102385477659862
-0.286920867213398 -0.141452582953784 0.0614822358355502 0.0243113161192558
-0.278417940328693 0.00372331074201541 0.110804683704865 0.262175342964415
-0.185875746115272 0.14959200950835 0.367814446645911 0.142124528140474
0.00864089537839952 0.199802096807566 0.302550557234907 -0.167890225318845
0.147055576723341 0.114128366652567 0.0455739674413569 -0.245069761551254
0.170199169998428 -0.0127377258800921 -0.0796596128613266 -0.144432521329846
0.113404014491881 -0.0773446192127639 -0.061304797527588 -0.0510064512383296
0.084361804181882 -0.0892582141044164 0.00450272229268409 0.0130726064008261
0.0940275715936312 -0.0847040346307163 0.0749716539234155 0.0519405649681323
0.155586998202018 -0.0674420870507988 0.112201851001281 0.140225395734516
0.19533927512477 0.0289498682394028 0.0529539630760221 0.240203888681963
0.130687056576064 0.15271086234249 -0.157189283399374 0.200622358235163
-0.0434775714150421 0.241799527439151 -0.260807786247563 6.03757560610338E-05
-0.259447570698282 0.137217088725592 -0.156151914329115 -0.169196988472215
-0.334678270327618 -0.0524131151934628 0.036467805311782 -0.0624325450682723
-0.225956802160937 -0.169993056510336 0.154097856843714 0.0933773143187502
-0.270128062637876 -0.0591473347016778 0.125724893708322 0.291963319834892
-0.221327655607484 0.107697661170846 0.337143345740462 0.214415075720428
-0.0253550310089851 0.202680198745524 0.322101585017317 -0.0561621905259491
0.131156020308877 0.124866158940283 0.136083981072237 -0.185007858158643
0.166410194004873 -0.0057334464680246 0.00381116135229742 -0.155252082668028
0.109529599254517 -0.0772261283309264 -0.0118342212109819 -0.0884063764309162
0.0701708805873558 -0.0880193382957529 0.0373638316438858 -0.0223440972715854
0.0749213676303364 -0.0846199981484362 0.105392962716419 0.0155769773875318
0.134299396962149 -0.0668381678982632 0.153317251752199 0.107887660694594
0.17707118255757 0.0190584032544047 0.113108623822972 0.228024629923696
0.123311742921075 0.137038964668856 -0.0979026577639447 0.22898782606026
-0.0494724191945141 0.214870473093781 -0.224117252370473 0.0447343363790935
-0.239613236880746 0.0960099814673846 -0.133229258811565 -0.135045226869137
-0.268217870349426 -0.0764540839630644 0.112446710281776 -0.0224829577721026
-0.126577217680068 -0.154977065215707 0.219825775508022 0.152314876503786
-0.201272391254141 -0.0951633373259407 0.133498130432926 0.308069538316512
-0.192789326372541 0.0522616994064957 0.283750738086684 0.255731254733469
-0.0394315172385748 0.156933514554055 0.304928245604657 0.0416347636130132
0.0943353900435969 0.100559816532696 0.198811708186414 -0.118502944744234
0.130240346948235 -0.00320218768202117 0.0756719111385078 -0.154397271632781
0.0840756817586718 -0.0643941944241469 0.0322878331492114 -0.119345997060394
0.0460273448098484 -0.0735544596691143 0.0648364494947389 -0.0535467478757501
0.0489557100141533 -0.0736745717593521 0.128240123967493 -0.0144011711245709
0.10086484983377 -0.0590262272330868 0.181175623076124 0.0834599720088328
0.142155799740604 0.0138990475314188 0.150010208854552 0.213470873781983
0.0984298432707775 0.11945021261883 -0.0573455494820492 0.241959302770816
-0.0665867589550217 0.170733119872619 -0.19065808845874 0.0723519204984185
-0.204458732197895 0.0359701922938646 -0.109322663591702 -0.102099256696355
-0.17128733966704 -0.101387460703689 0.165269393255385 0.020264889350124
-0.00855366403704912 -0.103717987535337 0.249166635454806 0.18049827006739
-0.0935744040117915 -0.0906136205447323 0.134177413956927 0.304717537389514
-0.110044773593688 0.00979058885884284 0.239689975169721 0.265774783998155
-0.0238884690776087 0.0793291729813069 0.284816507171666 0.0959053420024501
0.0487399963949387 0.0461540010081909 0.229643445212156 -0.0800765221925024
0.0692506253313776 -0.00699566551520998 0.118292301085721 -0.154349800970885
0.0424937859273284 -0.0421101573992166 0.0595749731649167 -0.141318630636418
0.0154919629075844 -0.0480439462621986 0.0803360408885816 -0.0757958044014524
0.018849041828938 -0.054467880415255 0.141259722575566 -0.0346454905895005
0.0597740785371136 -0.047932408459158 0.196532969717042 0.0673409056437698
0.0982276290586662 0.00539529765163851 0.168469087502212 0.20418946416678
0.0697108289472303 0.0943786539234049 -0.038089379752903 0.251485207715509
-0.0758653413580892 0.116543506882301 -0.172889764847364 0.091657743430647
-0.14839778077637 -0.0206721161193258 -0.0941317499820731 -0.075738539400143
-0.0572957256684945 -0.111770913290752 0.188764891509467 0.0594578980753856
-0.063612486391262 0.0880776554281839 -0.239576424454411 -0.113107724796473
0.0608857114948015 0.0481856047294905 0.0128346408135124 0.151080588967008
0.0554250375396519 -0.0442379256396549 0.223534572329902 -0.0511837680305652
-0.0335288498594912 -0.0411868901934384 0.109609831286911 -0.291011489048322
-0.034155543878239 0.0129270049768615 -0.160990852384456 -0.260209705649797
-0.0147111919014354 0.0255215362300537 -0.232580930771622 -0.08975485212339
0.00388877105914821 0.0291565058119405 -0.180165388151402 0.015178924926759
0.0179968379628062 0.0179679221650436 -0.11621188749281 0.0803819043090816
0.0158503139425595 0.0113311491092903 -0.0950625068765776 0.129103718143799
0.00976215230827325 0.010138056405488 -0.139818118869019 0.142786148438499
-0.00116075281494885 0.0194902611234016 -0.234727896826493 0.048790640938372
-0.00832347592856084 0.0126562516129472 -0.2641500601041 -0.143251533954133
0.0121452535270426 0.0278904921352973 -0.182738841023746 -0.280337762573687
-0.0376377110756544 0.0644389170278655 -0.0952682968302352 -0.348765935077772
-0.138883559552702 0.0403336720716584 -0.213914469002955 -0.262846023187416
-0.168333571435526 0.0324018256869754 -0.196036797857314 -0.124094101528271
-0.0334565262437481 0.0650427173831671 0.0242664416100874 0.160937165899964
0.0141931502401471 0.0216847851894021 0.262815751310025 -0.0362196880362395
-0.00773793947817129 0.0127277859090082 0.138175433842697 -0.301482361375724
0.0200505412965964 0.0365743673462014 -0.148488757429452 -0.275561540148115
0.0399663853672114 0.0161305992741729 -0.227396992162654 -0.0988669095189421
0.0414064418269817 0.000527608117435217 -0.169517008650212 0.0131056280720971
0.0563149437336811 -0.0122372645555593 -0.101514412678595 0.079451511653088
0.065820024921008 -0.0128619833459947 -0.0678213547028765 0.129565994111913
0.0865018924103655 0.00745463117214262 -0.102478459212273 0.165711479177266
0.0662709429071437 0.0717821655818973 -0.209682136668131 0.110014093674352
-0.00893504354042886 0.104965189424211 -0.284653310236679 -0.0849176720901937
-0.0760204230507276 0.0938920747960072 -0.221123122628383 -0.24903797161519
-0.162589841040252 0.0530165400761656 -0.109804076397229 -0.312112395459532
-0.250105025453507 -0.0311855893192437 -0.176890993697783 -0.224710707747672
-0.249377834487036 -0.0418562134798542 -0.120253591117711 -0.106156767758769
-0.139882469789232 0.0599161362716411 0.0422746338106254 0.192355685934778
-0.0517997415614668 0.0880073371701185 0.31586648763688 0.0136938664146461
0.0108643551978731 0.0832947326455016 0.198316418330469 -0.289889848811841
0.0757027717998826 0.0670879738175032 -0.104505220607161 -0.290629057799729
0.0969253974871426 0.00877390508758163 -0.199834012747377 -0.118139746626551
0.079249829302412 -0.0270625734803071 -0.146604772553388 -0.00192614094577025
0.0847961467622362 -0.0404228052094148 -0.073758177231865 0.0662372169059835
0.100175428333018 -0.0367961457940304 -0.0250269391847865 0.117330494753557
0.142978979757682 -0.00957921826533331 -0.0397988412491966 0.179100662972425
0.134513130871577 0.0889790310903796 -0.148193946151034 0.180873780919283
0.0319089240187079 0.167146326536543 -0.286885208428236 0.0114237871634774
-0.10878272445151 0.17420643398229 -0.261912061689015 -0.187267922940936
-0.24921594580899 0.0765425517214561 -0.12730761250875 -0.271662667567541
-0.327889898940291 -0.0745452209410193 -0.114826102838082 -0.169046240316106
-0.287747290445467 -0.12002013863299 -0.0242526426260638 -0.0557296213222782
-0.233733796622457 0.0245497351992187 0.0639448118538759 0.233995972575614
-0.13589581098635 0.12943098702843 0.355370281941143 0.0911192813164797
0.00785615526428015 0.156914280279437 0.271964274870026 -0.236608817142198
0.118433720148721 0.10449577280041 -0.025977203975967 -0.286647376774645
0.146523507704279 0.00623595346493175 -0.145826216765121 -0.139544005923253
0.110293759593015 -0.0493379911410076 -0.109094335298159 -0.0270566950697551
0.100512373679458 -0.0629092654537194 -0.0372274814930196 0.0430186658433483
0.114651485417426 -0.058331051953069 0.0234362633629044 0.0934774082167875
0.1707390462677 -0.0310477992261313 0.0320520714273562 0.174595033029335
0.181514862243371 0.077461746897176 -0.0628869403611498 0.230823236728673
0.0834704412951225 0.187581328340913 -0.251514446888752 0.109404494212
-0.0987999501923511 0.23094523584413 -0.278519998697037 -0.109843381022829
-0.287827945240264 0.102937038433655 -0.135519833806624 -0.230647802405978
-0.356770495373066 -0.0944992439599997 -0.034831512152797 -0.110387426858744
-0.272799928048404 -0.180192195429144 0.0768852784172823 0.0213952618544206
-0.28323420618584 -0.0374151097180493 0.0844494859384747 0.273944183318245
-0.212660322886502 0.123677271351319 0.358348961337489 0.178522735843462
-0.0227923537132658 0.204476908492868 0.323368661890664 -0.141282125635717
0.13117858000101 0.137974653090075 0.0703755257572789 -0.246628507520642
0.174107879491641 0.0120125802834169 -0.0678639314198701 -0.153403489474229
0.127997704218849 -0.0617338749329136 -0.058483760955366 -0.0590337070957942
0.100364909232141 -0.0761125558902305 0.0033771289810886 0.0133972929728634
0.108840308693078 -0.0707418815594702 0.0686043661073906 0.061111196969473
0.170062119938457 -0.0453603819595941 0.0946544507814284 0.154135791439029
0.19475468948578 0.0598615444982895 0.0221593956184477 0.248595631350578
0.110434598096594 0.178765637452992 -0.193174845533415 0.180282673454947
-0.0838800413157907 0.240739227286106 -0.26442013187621 -0.0397639863211651
-0.285760740646037 0.09914819200017 -0.130227008227489 -0.191213788979917
-0.331668192245373 -0.107752054928258 0.0495064928973321 -0.0547835045927667
-0.207278545946694 -0.201403620388731 0.162749665367703 0.109208757057112
-0.266375267895672 -0.0994398768829473 0.0985849494582873 0.309233480870229
-0.24250113163424 0.0762500895105358 0.320388092250944 0.248049779821588
-0.0570751914670331 0.202681698354597 0.330394365544712 -0.0260026070632769
0.113343242231542 0.146823704418273 0.154364873536376 -0.174600521137449
0.168250135994242 0.0180124314117097 0.0187187906320525 -0.153531495872034
0.123804219551767 -0.0630351355252598 -0.00362346500142114 -0.0908543382462898
0.0857753906349035 -0.0772425267781477 0.043154035284941 -0.0177611721484949
0.0885475324216022 -0.0733151902924534 0.105167573998269 0.0284153449444474
0.147274612570653 -0.0481665231071915 0.141888443377521 0.128688840001093
0.177914959939182 0.0453012434954921 0.0850082249124069 0.246021552606237
0.106084490971728 0.160450326187975 -0.135586310130471 0.219878108737223
-0.084480505103796 0.212261149158344 -0.234054063624617 0.0112987899952832
-0.258210781487044 0.0604898522996236 -0.113178861912729 -0.1520716881266
-0.259744449230643 -0.122363433141239 0.120944345801126 -0.00203707746007766
-0.108898841353237 -0.17311449321839 0.218793484646776 0.18348755115701
-0.191669512628464 -0.125289792518599 0.105651847848438 0.331571587957271
-0.205659301520974 0.0248876806296573 0.261721886232373 0.288198842069213
-0.0645160754931624 0.153736285816515 0.30267480059481 0.0727106522448473
0.0797783080100539 0.116392403245784 0.210853726343431 -0.0989954568348688
0.130926104842797 0.0149728482831777 0.0934794851508369 -0.144809519645674
0.0958576720730646 -0.0540785542285743 0.0463702748149841 -0.11732524779221
0.058247645756573 -0.0661613744679844 0.0755755042679528 -0.0450561379489522
0.0598631449040111 -0.0664800211752858 0.13324123603064 0.00220723225684795
0.11102784521588 -0.0453086132820429 0.17390534845804 0.108829143017549
0.143585570930017 0.0344355595615839 0.12446829204204 0.2379735927747
0.0850027191999782 0.13793811782884 -0.0957024706140093 0.238589531284311
-0.0934695351955937 0.165114802873174 -0.204360692561734 0.0451666206691161
-0.212300065450821 0.00661870248810121 -0.0950382126035115 -0.114743063438212
-0.157278919917016 -0.131482013053144 0.168511292301961 0.0490599421649084
0.00339877818889601 -0.106176820393378 0.237774341493764 0.222668182058302
-0.0837833705330182 -0.103380276583165 0.103926804900859 0.331511346431128
-0.114663336623517 -0.00565401166249933 0.214320660943506 0.298322503385787
-0.0365286696140505 0.0774879654486172 0.277037309305292 0.128535140714938
0.0424490429120868 0.0550259173095614 0.240141175384614 -0.0539242553512323
0.0693934974235616 0.0015885910392238 0.140151756017798 -0.140336083169154
0.0489231096564465 -0.0377500973606295 0.0781126602843454 -0.136230033231142
0.0229980356804936 -0.0449931227325051 0.0947983848811792 -0.0653933927253314
0.0268721932532014 -0.0514714574071984 0.149884999067633 -0.0151707858435782
0.0677975126216182 -0.0402910075185234 0.192523470278508 0.0956506267188312
0.100825531857968 0.0194914577897905 0.143958628834443 0.232380591203207
0.059448663689216 0.107482416077289 -0.0767628744876358 0.251554895843791
-0.0939108367993113 0.109635678330464 -0.189811432953382 0.0680217585487857
-0.146602120808203 -0.0424673950530971 -0.0847343171371776 -0.0865397987855533
-0.0391367288508747 -0.124537146270699 0.185562235137837 0.0912242860943192
-0.0644417724090631 0.0931428255788531 -0.257478945403895 -0.110751020628723
0.0653437494772212 0.0484366213211459 0.0174869176338803 0.163382203272889
0.0570511212808629 -0.0477639667449667 0.235669432170493 -0.0578196197976876
-0.0358844714318541 -0.0418253015609137 0.110148683229511 -0.31324820780261
-0.0343973149326809 0.0153829129400195 -0.176067779857992 -0.272433033180711
-0.0143966017547447 0.0279559757970781 -0.250009109120313 -0.0890408872122375
0.00589284496248097 0.0301517843835942 -0.192444092045054 0.0201894776999285
0.02109646616909 0.0176330717444153 -0.123996186438366 0.0875919893621773
0.0184757334711162 0.0111827517154515 -0.0992708708972385 0.138868031284961
0.0115765798138764 0.0106125993364443 -0.145740511698827 0.153193648323069
6.44769049891938E-05 0.0218678251489224 -0.247970976291211 0.0554223373558304
-0.00872637178429833 0.0143714468838473 -0.284175503728663 -0.146592716982499
0.0111326980595104 0.0282564703414429 -0.199499184222247 -0.294566998526645
-0.0400195141532979 0.0661066319255315 -0.107209849742091 -0.371574127102021
-0.145268303815136 0.0441440706625948 -0.229826138640905 -0.277167266314655
-0.175383641062088 0.0371083222964553 -0.21166624320838 -0.124628699306399
-0.03409902751941 0.0677431356890171 0.0273619233510162 0.173716211657083
0.0139368285023245 0.022558485937917 0.27871989914545 -0.0425065015775469
-0.0077872097379168 0.0151057808414496 0.141222972373274 -0.323960325991683
0.0237603315781335 0.0387955914299695 -0.163766866368576 -0.28905535870119
0.0429038649473986 0.0166828136085365 -0.244150268182184 -0.0994787295060192
0.0455957749651486 -0.00105335972012507 -0.181940692498026 0.0172115633447267
0.0610313295101121 -0.0149337067710171 -0.107327465717964 0.0859608487438364
0.0708304410092268 -0.0157550807598649 -0.0709825261402072 0.138178656328498
0.0926986197945698 0.00566887838280403 -0.104228926697147 0.17589484388466
0.0725948473227018 0.0763952730494885 -0.219134609215412 0.120054968175557
-0.00759509584124909 0.113072994421451 -0.305559706473444 -0.083416635363108
-0.0815261855383113 0.0994566106656156 -0.24062504277119 -0.26072252899132
-0.172267428178579 0.0557190487032664 -0.123472635979535 -0.331819004299956
-0.265288556803023 -0.0298184650880299 -0.191809585740918 -0.235728453478837
-0.261545245632996 -0.0398058231099077 -0.132359125274334 -0.106419533446369
-0.146052606940351 0.0644945945946343 0.046596116697506 0.207085623526008
-0.0543021366610774 0.0924889470458765 0.335541286844828 0.0080521384376729
0.0128963147250429 0.0891840409587231 0.205288325627761 -0.312549011704213
0.0833542763997038 0.0697249341814919 -0.116365062216839 -0.306696745284991
0.103638960626478 0.00675589658500148 -0.215387810190557 -0.119609997954239
0.0844789064360432 -0.030210647270174 -0.155765620604823 0.000671210690797177
0.0907652608960171 -0.0448317470620591 -0.0778445100305226 0.0709309241646109
0.106901593231023 -0.0420797896465471 -0.0252138067002829 0.123458227782567
0.153197054908899 -0.0139674053246184 -0.0368475181150052 0.188982507610002
0.145717802199986 0.0925381076800807 -0.150913531442023 0.193304130574803
0.03700122732713 0.178155810508774 -0.305693493164375 0.0193508589863114
-0.114146314887579 0.185217887930279 -0.283476592203572 -0.193503677737812
-0.263756304993703 0.0831480103063849 -0.142312058367824 -0.286465582644783
-0.349379713259774 -0.0739974881698699 -0.125734385988017 -0.177583307145753
-0.304688544742328 -0.122005418560935 -0.0306713005999639 -0.0550365650355714
-0.2459714445227 0.0290819314101475 0.0685336812246551 0.249869887572034
-0.143237178722924 0.138250531905515 0.379550231338475 0.0906365990943464
0.0104131409575308 0.167102410632724 0.284004806659271 -0.258090468307776
0.128600343636786 0.108516192480716 -0.0342139084846393 -0.303213877851092
0.154806701922636 0.0031574003692266 -0.15779827438727 -0.144502579420108
0.116849660616091 -0.0545651104000848 -0.115782760955601 -0.0269974331606413
0.106848448607506 -0.0678056099124346 -0.0393057853713843 0.0452763784793656
0.121300929766268 -0.0640867716517422 0.0255461463900093 0.0963681188082421
0.181640835348419 -0.0377709445096893 0.0392978491388037 0.182342917759763
0.195569939352018 0.0786938370081547 -0.0574349670112612 0.244572146473948
0.0922779328908166 0.198590342511227 -0.265662311586411 0.122822345384902
-0.102320110472619 0.244759799882842 -0.301843171858094 -0.110287166249932
-0.303903233354835 0.11185190637543 -0.151278691164504 -0.240893450635971
-0.38095130744046 -0.0950631728800901 -0.0399712710416585 -0.11623190618979
-0.290355146483322 -0.18588746384514 0.0783091710620143 0.0244078751198717
-0.299738349639612 -0.0354519259481114 0.0899059509141512 0.292688534860055
-0.224649573397351 0.13345625918093 0.383556265206076 0.18282129620521
-0.0207702324174879 0.218208352358669 0.340446520590859 -0.156939351024722
0.142837650423467 0.143641017485548 0.0680133717435522 -0.262805308806164
0.184145903874228 0.00730488780188482 -0.0753969762360062 -0.160846815253085
0.134722650051405 -0.0680702003549132 -0.063247114148062 -0.061276892809606
0.105771327119348 -0.0809548209175383 0.004066149137646 0.0130686658090297
0.114577579975134 -0.0766575337727993 0.0729569913552346 0.0617287094228148
0.179596318911084 -0.0522637461483008 0.105932106988547 0.159382696871824
0.208148662497327 0.0582658184076408 0.0329787336754614 0.26110820131074
0.121057586896697 0.188189332463209 -0.201216141555196 0.196904888251237
-0.0858020025249663 0.255265070029282 -0.285248512959536 -0.0358267674358343
-0.301043200919304 0.108971455290486 -0.143905275495234 -0.19861158530488
-0.354267633638618 -0.109152561764297 0.0504451760548968 -0.0588667931609623
-0.222223490187831 -0.209482406500443 0.171198877568306 0.115136350449064
-0.283974077013536 -0.100669857120227 0.106468142211182 0.328987750703196
-0.257652679587424 0.0846619599927884 0.344680247916677 0.257333887112648
-0.0571744253173576 0.216455969952851 0.349510186298254 -0.0341908638734474
0.123554627722168 0.152811226017723 0.15907548732791 -0.188809032035629
0.177949727894887 0.0138415176419785 0.0157660451294313 -0.163052272316109
0.130185023312489 -0.0692917693303147 -0.00508363435792922 -0.0962606701831557
0.0903515276173613 -0.0815376649005222 0.0460208444396409 -0.0200999797661852
0.0924629914730338 -0.0778983593629751 0.112244567769523 0.0267351240563734
0.155272300205454 -0.0547946193404464 0.155252193227747 0.131852399439349
0.189833734210894 0.0437122467685474 0.0996182514425688 0.256738788414394
0.116126889896064 0.167710449859244 -0.139513164649007 0.236694487855175
-0.0865407746700856 0.225726281198811 -0.251210537992049 0.0176022356719195
-0.2722032808462 0.068921182520131 -0.125091396863841 -0.156326925903418
-0.278591795833673 -0.125437555351361 0.127767775657433 -0.00427016855848586
-0.118409727885705 -0.18112531551607 0.231398736938854 0.193374882418427
-0.206003032172064 -0.127155893496748 0.114754014100135 0.351718104662127
-0.218748037123439 0.030232080590461 0.283291936181228 0.300819409786514
-0.0651497526281598 0.16448527805889 0.322135268264124 0.071659150342772
0.0877070293585069 0.121943348792162 0.220456471089481 -0.10875799038654
0.137476385214121 0.0106748032610767 0.0957236764532066 -0.155199509799583
0.100018899970726 -0.0595483228039907 0.0471012751916768 -0.125734618590567
0.0608626306927006 -0.0689400484241664 0.0804373091623988 -0.049767063061625
0.0613006713345562 -0.0694580207698845 0.141571178753228 -0.00151488254062512
0.117204688896737 -0.0502007090953745 0.188714623716017 0.110159173597842
0.153082602597274 0.0328151653541407 0.14062872589986 0.247763049779424
0.0932041089175087 0.143104190637242 -0.0966917069802904 0.25667843789835
-0.0964339764779058 0.175741405741002 -0.218909787172261 0.0527773527087099
-0.224862475185226 0.0110841289202615 -0.104446476454191 -0.117545519328867
-0.16979147959224 -0.137550044352612 0.178232567655258 0.0479507654645784
0.00190416070798985 -0.111374672375315 0.254360696056561 0.23376194148166
-0.0906398573192987 -0.105739023082449 0.115483756011004 0.352008503042587
-0.121817339411646 -0.0038254995837134 0.233427557187926 0.312673158907847
-0.0369127168437061 0.082537940172768 0.296939680753629 0.130753158828886
0.0461518867630143 0.0571093662930574 0.252834017114934 -0.0619524802724732
0.0723332961758179 -0.00124909392814594 0.145038690575433 -0.152070294588995
0.0504399726993071 -0.0410860405573318 0.0796048553267915 -0.146015999412667
0.0232709091367679 -0.0455838380573524 0.100468330341061 -0.0712904505916649
0.0259243759367206 -0.0533906412184737 0.158943986531696 -0.0205336678402251
0.0700040480005295 -0.0440124336396135 0.208239052563875 0.0969727123508349
0.106510962311076 0.0173328516167281 0.160290920548504 0.241192971337337
0.0657449472944426 0.11130728305689 -0.0754111515725234 0.269729378380808
-0.0973196934368539 0.117597778808213 -0.202348406583124 0.0759187015132727
-0.155724188410244 -0.0405633569989801 -0.0925273764340473 -0.0887638402525504
-0.0449152393471925 -0.130754832801508 0.197265786122064 0.0913390329138832
-0.0610864918662478 0.10178975719854 -0.280512782959746 -0.0982517638908424
0.0722347130146634 0.0457562722223492 0.0296252129057182 0.175656786722953
0.0565031646992564 -0.0536233260125371 0.247993122014147 -0.0747892923014967
-0.040217045053659 -0.0412210895562136 0.0957914964688962 -0.342628785434916
-0.0338240771915054 0.0183662391678111 -0.206655328899909 -0.280148706228753
-0.0128794310774156 0.0317473060420833 -0.272284539947427 -0.077939106386017
0.00963916291370872 0.0309277707426388 -0.206680423524942 0.0340298300482015
0.0250968629292795 0.0164947953142045 -0.128382516851075 0.10179634073508
0.0209369739123904 0.00954826968868918 -0.0977300303112536 0.154937827875645
0.0141100279968689 0.0105091601739806 -0.145255827926874 0.17051595775047
0.00260530982661441 0.0249698914829618 -0.26119508217807 0.0742405098654092
-0.00847685067255569 0.0169118713110253 -0.313194102588483 -0.137696774492986
0.0115236028033759 0.028054753120457 -0.22917689775145 -0.302368205142174
-0.0393295533736871 0.0704642147556984 -0.137065372543789 -0.392168547337075
-0.150382342570412 0.0552538433325229 -0.260132320042862 -0.282967945689557
-0.182122821378729 0.0491012570696052 -0.234016394411757 -0.115215729920327
-0.0321773075040603 0.0718365955264845 0.0405890306936502 0.187548352013422
0.0149803650467227 0.0225512026930352 0.29395807982194 -0.0618168026344134
-0.00712301719748213 0.0175897859372021 0.129162619565132 -0.355142438901211
0.029410558440848 0.0399167428161697 -0.192850918169309 -0.298092708762705
0.047592353823486 0.0152967945106296 -0.266488589092698 -0.0887581367753464
0.0494526992403934 -0.00389095957611003 -0.193896216696701 0.0303956960276165
0.0654125338110366 -0.0205993248520431 -0.110684364646652 0.0976233853459537
0.0757426423373549 -0.0221211177513098 -0.0681654555576427 0.150884742123007
0.100179708697566 -0.000157746217133806 -0.09978621302131 0.19220382107126
0.0833144904121862 0.0775960316798793 -0.225449517550045 0.140625023019439
-0.00117220826276102 0.122579390459058 -0.331670364283182 -0.0680922487173849
-0.0833486067883821 0.109720573016353 -0.27291421727064 -0.262823303641984
-0.180916421957932 0.0666122133012215 -0.15269816388382 -0.347399589852236
-0.283357094846784 -0.0171858879484253 -0.218388478541453 -0.240243566385933
-0.2784433690056 -0.0272658780362556 -0.150258831686672 -0.100327293200922
-0.151110964567777 0.0753060912258268 0.060744727135008 0.221945426384783
-0.0536001664898769 0.100935566121089 0.358035460926345 -0.0111375332838048
0.0186826882680788 0.0950950728508169 0.19900909305615 -0.34656022045076
0.0945692998068405 0.0686136682252234 -0.143141820595074 -0.318023823707949
0.110466036585428 0.000604236213875878 -0.236175413182715 -0.113519988094605
0.0885011111186454 -0.0376019192182527 -0.166882517595645 0.0104971839290949
0.0956521393858075 -0.0534163723503192 -0.0798645741212109 0.0794282398693054
0.112526467626199 -0.0522932976878688 -0.0206649586373154 0.131779874724671
0.162914105413016 -0.0255765019081155 -0.0263270808939676 0.201578525940786
0.161601746363002 0.0893903351655736 -0.146051919063431 0.213634246541971
0.0510480108008631 0.1893654047133 -0.324992525508888 0.0408012178803365
-0.113166567457083 0.203291842694985 -0.316354973022253 -0.187043879732948
-0.276923483862164 0.101595778704544 -0.171285764889214 -0.297193597219076
-0.377312307433745 -0.0589121208970842 -0.144982664449163 -0.181277986621234
-0.32745139270839 -0.112568594430753 -0.0389988259564232 -0.0526710692339249
-0.259077819287189 0.0439614867263513 0.085366914272883 0.266279318379688
-0.145519500085102 0.15442663927292 0.409539664175974 0.0734331843178005
0.0210010727468255 0.17751931236968 0.2855392363297 -0.291881592938244
0.145139386386024 0.107091907271631 -0.055850241095723 -0.320714455106838
0.165141934602508 -0.0066553595906334 -0.177756179121537 -0.142559503410436
0.121303502920225 -0.0656294373687648 -0.125208044599822 -0.0212634182358824
0.111054027943097 -0.0786031271464568 -0.0390567718646143 0.0496974910002166
0.126417784305257 -0.0754290453317957 0.0321796976814655 0.0992667011105527
0.192083142014954 -0.0524821215955787 0.0545607414798 0.188877773066232
0.214076335963426 0.0717304828232656 -0.0423506422567583 0.260349284589908
0.110442431883832 0.206116107285751 -0.276477410498836 0.150108789096837
-0.0966666439025589 0.266221422249123 -0.33120785657799 -0.0969305314369279
-0.317036164658705 0.135859263458354 -0.177214238216484 -0.246867061052874
-0.41250289202636 -0.0787402043342776 -0.0499588473113552 -0.12071776863237
-0.316698128040248 -0.180996671669881 0.0809294508584416 0.0243576864521545
-0.320031495733802 -0.0201468244018659 0.111357226537612 0.310353508836634
-0.232861242284306 0.154375601198734 0.418889639217143 0.171865177102501
-0.00864553416381211 0.233891633142285 0.353028488267074 -0.188427100719886
0.162031389195961 0.143355397592998 0.0555163682676281 -0.283900255067376
0.195481807141394 -0.00434832741898512 -0.0911458359696962 -0.165458657426631
0.139696651354616 -0.0815514693541315 -0.0704872656316057 -0.061855779421353
0.109326073593723 -0.0914986808387675 0.00586570234994228 0.0126014883404754
0.117478881950912 -0.0883580867635205 0.0807168267912641 0.0590141530857788
0.188753424966001 -0.0679044883370017 0.124242976074216 0.16048980111733
0.225641537972962 0.0488860679249604 0.055045302327563 0.272395965942352
0.140703144849959 0.192625014455487 -0.202282541428025 0.224059382258668
-0.0774322328786673 0.274628908273402 -0.310101559000447 -0.0179310444648478
-0.313349893846254 0.13308296431639 -0.167422843919002 -0.200710689689559
-0.384900319419601 -0.0947378901552866 0.0498571688174449 -0.0648413160399233
-0.246626405437074 -0.209519360708057 0.185054123157262 0.115167789815986
-0.307021805574722 -0.0891893885050802 0.130692683342131 0.346459198307217
-0.270640936187843 0.104908383424147 0.382117118690197 0.254229018914569
-0.0476668582622008 0.234104270733889 0.370018898082747 -0.0577545786978256
0.142460589775648 0.155323505598803 0.15684075418609 -0.209623860598402
0.18874215535313 0.00197269822500873 0.00589474002842823 -0.173705531554158
0.133709232027723 -0.0824815831978451 -0.0109459673927898 -0.1022423865321
0.0921646207279933 -0.0903288467966386 0.0487069726374898 -0.0253819467975305
0.0931989848976516 -0.0874338680038242 0.120487828514188 0.0202827898235428
0.161995409226695 -0.0688642753633882 0.175585810908763 0.128153291563135
0.204501772384008 0.033776617951137 0.126125595332066 0.263609439257903
0.134320414264426 0.170967967980173 -0.133464206293389 0.262864887651677
-0.0795653809646747 0.244416324337887 -0.269564933334495 0.0365611561771041
-0.284809721768228 0.0894824236681819 -0.144272775319839 -0.15664239998496
-0.304644111082182 -0.115264237639336 0.135109792473464 -0.0122277944356929
-0.134814082877271 -0.185067789712836 0.254808448829113 0.19380305971658
-0.224969413383639 -0.121916956657055 0.140335681132703 0.370165534452612
-0.23259107825267 0.0452020808999627 0.31913264734708 0.303387230123802
-0.0587074639878168 0.179616426578077 0.346617536083628 0.0563429081054348
0.101926307811341 0.124171576683055 0.226626197653544 -0.128749153370064
0.145320662308941 0.00188375440274155 0.091299171224267 -0.170585695192131
0.10188750709411 -0.070304019968143 0.0423615438908073 -0.135897366274745
0.0620036024132352 -0.0751463335421513 0.0837882126407547 -0.0588526654631754
0.0604219723595288 -0.0751830751791724 0.150248975269521 -0.0112386521251171
0.120856057661651 -0.0617107520285533 0.210573171126025 0.103483013601779
0.16446317269769 0.0242248855230464 0.168862185760357 0.252208545677774
0.10824304367721 0.145707244311759 -0.0861053205477653 0.281067772797589
-0.0922203209735185 0.192427920703328 -0.231961833596458 0.0714269719391318
-0.238016647460743 0.0256591616267664 -0.118774507045016 -0.116519403192985
-0.189568117862274 -0.134721101881239 0.191545198909297 0.0385412243676858
-0.003931562942507 -0.117166524020375 0.282323189198823 0.23624540867104
-0.101527991120482 -0.104558935441842 0.142480335380429 0.369342503202805
-0.130130167524052 0.00404798565296831 0.266820410786248 0.318548721007961
-0.0331500514259879 0.0902516608052984 0.323406198324472 0.121512715604976
0.0531330732966812 0.0573873370782366 0.263960158639304 -0.0810289700108766
0.0746944335649953 -0.00770000874160346 0.143843316813456 -0.170317628613805
0.0501334425783015 -0.0475113780555465 0.0760451476286422 -0.160245141283061
0.0223191039677977 -0.0480706993985045 0.104578606217771 -0.0832738229544828
0.0234327187877828 -0.0557623444731091 0.168358345594883 -0.0322246159314776
0.0702231669743876 -0.0508245756550143 0.229230166581756 0.0882638990311355
0.113583252080356 0.0110604670474112 0.188352717223055 0.245451233117474
0.0774396753987474 0.112927306400127 -0.0631570010295474 0.293134109997701
-0.0962471430811957 0.130584636249221 -0.21310539932908 0.0942945913941626
-0.167314505290628 -0.0329817109345102 -0.103962232755698 -0.0872267227566996
-0.056531355227995 -0.13581878027907 0.213956744304593 0.0830977548661794
-0.0517558235940696 0.109573389603863 -0.297637605466462 -0.072528772304637
0.0780269862613488 0.0393316204989616 0.048679689848591 0.181788836912562
0.052688511994464 -0.0601309944940394 0.249366586468809 -0.0986701759471797
-0.044714255752467 -0.0380946681341872 0.0659137712707195 -0.364179714686219
-0.0315107467769684 0.0216994624045223 -0.240456324138871 -0.270780140888379
-0.00889109336154893 0.0350341461829088 -0.288663915553416 -0.0546211835360237
0.0138500679148605 0.0308932002740269 -0.212259915254625 0.05562488251915
0.0283539108786817 0.0128879375658964 -0.125637927932557 0.117318725608295
0.0228450232263066 0.00709589648436327 -0.0877255543345653 0.169182339575359
0.0162760867676861 0.00949094865304576 -0.134632716053617 0.187721636510827
0.00595674289955593 0.0264264483351617 -0.264353469973036 0.0995363928433937
-0.0077166524676797 0.019252555164267 -0.336133090664337 -0.113105892371387
0.0116543776919731 0.027028676873263 -0.263467270002825 -0.293126173201816
-0.0360655261848233 0.073707959557484 -0.176763875000929 -0.395115646606409
-0.149422883619352 0.0691833621528018 -0.292341783354278 -0.270495734355207
-0.181248922169257 0.0646690525656126 -0.251890340742785 -0.0932591509776697
-0.0271933138156456 0.0748196211665988 0.0588775387623233 0.19377785136083
0.0163781421424753 0.0214398734780084 0.298351076429857 -0.0892900713536785
-0.00582464582757974 0.019476688577837 0.100274348171997 -0.379582101722294
0.0353921384299621 0.037549632720027 -0.22701873449044 -0.290831874195568
0.0515837401393894 0.0120849158292564 -0.282995022368216 -0.0667439761118965
0.051778039735404 -0.00895038802247201 -0.198908594167013 0.0490697350622196
0.0674416845697906 -0.0277859487543562 -0.107706001409642 0.111563336812094
0.0770842188608646 -0.030463291026971 -0.0572452635409784 0.161992201654011
0.104515002697143 -0.0102443497579946 -0.0857501960691008 0.205620313361274
0.0945321659296486 0.0736040983492948 -0.219786337127292 0.163523635062109
0.00987229182895809 0.127977472667686 -0.349890803547095 -0.0393739723621402
-0.0802192879199367 0.119979454135461 -0.305954853230309 -0.246468646623988
-0.182901923263311 0.0821806420975326 -0.189090951396303 -0.347215149805388
-0.293521691659114 0.00630413484518094 -0.245434674028207 -0.229023748543245
-0.286254459412051 -0.00495177432773537 -0.165147692604342 -0.085975210052275
-0.148501580258228 0.0885358405531092 0.0821575751832516 0.22819128709509
-0.048129743284889 0.107777718730325 0.368970550357322 -0.0427832862076168
0.0279753681715221 0.0969417182359037 0.172998063720935 -0.375519779680456
0.104908850624145 0.0610586394958403 -0.177558598501855 -0.315093233577284
0.114852538540617 -0.00962093237100897 -0.254990030438478 -0.0941714033251713
0.0888313077127745 -0.0473577591386718 -0.171787235932299 0.0257427585639205
0.0957863066433949 -0.064656097636238 -0.076486210466139 0.0893455001973532
0.112903594555308 -0.0651193846307628 -0.0107267864029191 0.137008868378421
0.166840390956024 -0.0422598980830677 -0.00860443462394698 0.208558820263338
0.176599807007535 0.0786004087182083 -0.130677722858771 0.231465203058103
0.0697956827935485 0.191391431034219 -0.332899205567943 0.074012854426789
-0.102382973900069 0.219103101222927 -0.345668727847975 -0.163901562960259
-0.278757773565886 0.126605242295909 -0.204131663011525 -0.291573933938213
-0.394163625184446 -0.0280067504612516 -0.165346362342302 -0.173449377166422
-0.344840359413304 -0.087873003761151 -0.0474650086513398 -0.0468714754790103
-0.262090207207496 0.0663079036010622 0.110853105055316 0.271806094797612
-0.13858461364965 0.171244626424487 0.429525992134133 0.0390149522311305
0.0373778790973581 0.182147991184808 0.269197581502489 -0.328223455935509
0.16029349464846 0.0964905963718468 -0.0869090366357517 -0.325400305779613
0.169410186449969 -0.0221721999130688 -0.196171625274018 -0.130492146743937
0.119778506994194 -0.0788744740085222 -0.130797296118711 -0.0114418638416264
0.109409252825063 -0.090931150119722 -0.0366629264645324 0.0542180263056787
0.125074016857292 -0.089323511009714 0.0409678923888219 0.0988305778344513
0.194026462861156 -0.0734238327170634 0.0742783840240496 0.187479706004986
0.228691329202381 0.0537312823831149 -0.018221150849663 0.270046064217691
0.133254816466021 0.203850000577716 -0.271728387828336 0.181093184847494
-0.0794255889031366 0.282047416845709 -0.353891538943279 -0.0677437182300704
-0.315980791974948 0.166313163222399 -0.207123096939 -0.238266590378261
-0.433256171923977 -0.0443158839197607 -0.061794116976735 -0.119429013837093
-0.340229373144939 -0.160257418631088 0.0820720008643814 0.0218016571530133
-0.330963447667282 0.00574069733600795 0.138755979517036 0.314724834755183
-0.229150733109545 0.179587352584037 0.447397569791253 0.139988856705193
0.0118154132183773 0.242230658374083 0.347270616143595 -0.225254071484801
0.18114856313115 0.132857441614918 0.0304724153983472 -0.296956549699241
0.200559287170669 -0.0232345648306105 -0.109133220225521 -0.161879102676357
0.136062664243828 -0.0963575832103983 -0.0777385458634422 -0.0578561522901441
0.106305328212209 -0.103128494720663 0.00764767621743432 0.0112780937558389
0.114744910906968 -0.100717783551382 0.0879437539017354 0.0530005539960424
0.18923090196219 -0.0891973121240325 0.143558539562103 0.15202120476841
0.238660796089718 0.029345984479784 0.084691959046857 0.27256659823682
0.162783466775404 0.185893553504936 -0.188598326552139 0.251744064579367
-0.0584143144324332 0.290587809977342 -0.323867895486815 0.0123523149097156
-0.312378603572368 0.16394385119518 -0.1912252259923 -0.189513587550777
-0.406209105625295 -0.0628561733140952 0.0456756355415889 -0.0704215189337609
-0.270569525174212 -0.195315218719821 0.197549276996675 0.105879459148759
-0.324075993227055 -0.0651772885013475 0.162175624975897 0.350600068578725
-0.272102591873571 0.132919112899432 0.415970078387107 0.227897052735587
-0.0277067228842583 0.246191517579016 0.37654161481359 -0.0921420047542835
0.162134094855296 0.146984427852315 0.142526471419094 -0.229126739024642
0.193337419032253 -0.0152945591701217 -0.00966858622936566 -0.178565841124298
0.129559291276298 -0.0970107930105365 -0.0196907143290189 -0.10444036923537
0.0889547714580133 -0.100050257038807 0.0491346252545499 -0.0317817509399199
0.0894509319190041 -0.096511804683421 0.125887890857503 0.00922190831275551
0.160996306749525 -0.0871951077283173 0.194325898172364 0.113764351535906
0.215352284328646 0.0153494049366713 0.156871944170294 0.256836929285498
0.153721997676475 0.163328885306381 -0.113989000368004 0.284773000682653
-0.0627111051184163 0.258292632669029 -0.27801515710739 0.0652473828944393
-0.286010309402406 0.117076296825553 -0.163907771934063 -0.145631876381172
-0.325467886433816 -0.0916819162947324 0.137854615523445 -0.0244792797480458
-0.153169870338993 -0.178849720847664 0.276394710529399 0.181349922117588
-0.24196439341678 -0.105021760908703 0.176201904363945 0.373195593526575
-0.236936119271654 0.0680901185547768 0.355858794713165 0.283553028279605
-0.0438130018794331 0.190019608501486 0.362900684833173 0.0281224341576534
0.117685138750216 0.118286915176952 0.222150335632246 -0.151462007497775
0.148291338208038 -0.0126524974871075 0.0781630729781544 -0.183413199972159
0.0974635600258142 -0.0817685838934576 0.0320785930320308 -0.144428745271507
0.0584551600630853 -0.0810049186281365 0.0828909055596837 -0.0697451872985356
0.0560121721341206 -0.0808694690206264 0.154124862944239 -0.0266402391225067
0.118543400922572 -0.0750692594952696 0.227904180408113 0.0849862789596357
0.171918023302064 0.00877743887931574 0.199258368167964 0.240648133789436
0.124524729250895 0.139086044638493 -0.0637247090822917 0.299585991412299
-0.0790652487262495 0.206168903179303 -0.235313857496261 0.097778497804036
-0.242777484223543 0.0482551533070422 -0.132937994338018 -0.10711114937983
-0.208225984100448 -0.121326023084793 0.199764283114638 0.0225080745041807
-0.0139840145793825 -0.119029525786628 0.310407529803519 0.221161525843078
-0.112315912509508 -0.0969655419852656 0.179023619752924 0.371370824061582
-0.133927135652016 0.0165829922070806 0.303722575615722 0.304619716132608
-0.0254075502062725 0.0947939657023549 0.345252247131751 0.0979015545918894
0.0607208466897655 0.053436030255124 0.264877152620515 -0.105856827805143
0.0743223014076491 -0.0155303487872812 0.132025546453311 -0.188517354333159
0.0460225760817188 -0.0535631207683502 0.0638009675391004 -0.171591388175512
0.0196825196744753 -0.0499037731501731 0.101528935603076 -0.0966743421813448
0.0184113403039776 -0.0568280217738965 0.170609063228363 -0.0492614550768891
0.067137196684344 -0.0586122665765843 0.246517443778383 0.0678938757480906
0.11738495958074 0.000130191662490236 0.219258592570997 0.23330935513396
0.0897982735896136 0.107175116344743 -0.0379991578168181 0.309331484318817
-0.0876029505452268 0.143659948670871 -0.213037097962378 0.117621063867115
-0.174142668345245 -0.0185845948350701 -0.114912087474698 -0.0790415638468764
-0.070778988533603 -0.134051109128414 0.226267848298184 0.0649085585989226
-0.0413359006977125 0.110609471916548 -0.29965731130633 -0.0447650472969244
0.0801080720024344 0.030956927175555 0.0651599705312587 0.179122769203365
0.0465627486182886 -0.0642853073565441 0.24057759535107 -0.117152704153341
-0.0473428897311599 -0.033367662231518 0.033888559838295 -0.36742416760753
-0.0280915970930551 0.0239045431964608 -0.263027894551504 -0.248704463963374
-0.0042200392455976 0.035880970309397 -0.291360905352399 -0.0288959354562874
0.0174697111393544 0.028892200666459 -0.20790116224537 0.0746595452546351
0.0302852862609794 0.00879036744121039 -0.116616698275279 0.128425276936642
0.0243754690821667 0.0039060392413727 -0.0735514459854423 0.175337282059483
0.0178971584342364 0.00764115622700755 -0.118391760422316 0.196932360926512
0.00956676550676715 0.0265668971733434 -0.254627945455453 0.119733812641846
-0.00647744995800723 0.020642147700958 -0.343896535071777 -0.0851943320492018
0.0117088173127712 0.025772715006475 -0.284163818483929 -0.271097955896383
-0.0316977677777277 0.0736259871928097 -0.206933225704984 -0.379666080615992
-0.14181309568668 0.0790258269227997 -0.309633317528145 -0.246628439649346
-0.171858117045274 0.0765249952953663 -0.257189330714981 -0.0676552028701902
-0.0207748019803696 0.0743354153902313 0.0760538466393356 0.191192853924359
0.0166240134907321 0.0192646870337953 0.289426579868921 -0.110657395834477
-0.00464390105169019 0.020632281017081 0.0673752066515447 -0.384965708223223
0.0395945359899022 0.0334945100309351 -0.250259265035615 -0.268985282692433
0.0534386537838049 0.00795422277850381 -0.286928079318371 -0.0416283755092528
0.0519105834763767 -0.01332234055213 -0.194590429135387 0.0659553676369876
0.0661120311900284 -0.0348894929545973 -0.0991947163053611 0.120213632683492
0.0754116830476861 -0.0378757846541766 -0.0443207984107524 0.165560415807953
0.103714682187512 -0.0195425929515415 -0.0678780052579757 0.20995200912984
0.101483488164093 0.0656774767200487 -0.204577928840642 0.179291617241834
0.0202212368168597 0.127043101897979 -0.350179487717898 -0.00969031942384692
-0.0733513031404091 0.125330180060121 -0.323757313136474 -0.219487275258694
-0.176363240655474 0.0931996755961421 -0.216891999999886 -0.331299449156523
-0.290461032860184 0.0285489140503104 -0.260986785239347 -0.208319765374499
-0.281528223125905 0.0152894731163441 -0.171553266997613 -0.0670517230619792
-0.139914563868316 0.0971830320838401 0.0999067107416419 0.224066071535311
-0.0404609141259451 0.110073685064586 0.362762544889454 -0.0706910754675226
0.035044596583773 0.0945037953808279 0.14047782680141 -0.387343940049988
0.110120115545017 0.0510147991301442 -0.202741145700038 -0.297350358601483
0.113536655910875 -0.0191798233108455 -0.260689112644153 -0.0714676208498002
0.0854100406762818 -0.0542700385641012 -0.16933508899155 0.0392447263922061
0.0914724533931924 -0.0726202110944401 -0.0704087787350262 0.0949016081134732
0.10768622164788 -0.0747871812671479 -0.000234557881594655 0.136123892330521
0.163078943689717 -0.0571884550495016 0.00898411774791906 0.2054455482663
0.184175114123886 0.0631390755693383 -0.109668968471284 0.237514663912531
0.0847509112742477 0.185141948422101 -0.324501460395042 0.101953806073781
-0.0880784308308679 0.22593707537708 -0.357300911326594 -0.133203700818217
-0.26856146467317 0.14497737350643 -0.226940062550687 -0.273082401391189
-0.392513393911128 0.00303048225525552 -0.17648919991348 -0.158156122374131
-0.345911104417276 -0.0617643687373827 -0.052656748390988 -0.0378981386366658
-0.254227832248354 0.0845228417333471 0.131051021331571 0.265369010760324
-0.125893189486343 0.179433506269606 0.429307658488959 0.00551686421872459
0.051019877819825 0.177687730589504 0.239843709723215 -0.346693116302931
0.167850525742119 0.0815452454402229 -0.113316380055878 -0.314000736160192
0.165924124508105 -0.0369311269311881 -0.205689929790067 -0.112320958808956
0.112921639160109 -0.0875639410723321 -0.130897320621783 -0.00104207905487513
0.10309861939837 -0.0995199055808878 -0.0325787061142058 0.056145703442925
0.117644251933923 -0.099809571082595 0.0477885416392111 0.0936909326391575
0.187234168739375 -0.0902601628767128 0.089738280852556 0.178367419120687
0.233270149212047 0.0341742361711468 0.00523053471000367 0.265519441028704
0.148748464609215 0.190962770048464 -0.255021855881428 0.204426430085381
-0.059161813079976 0.285635016307053 -0.357612115291308 -0.0353092722089485
-0.30223988554996 0.188745043142588 -0.224994335792366 -0.217389116324752
-0.432478099499197 -0.00936736555559471 -0.069959608231817 -0.112013933984329
-0.347485937891495 -0.133546046847678 0.0800446903996748 0.019353410584033
-0.326640849178831 0.0304312618414103 0.162124182492513 0.306166722925589
-0.214937559158712 0.19604988029084 0.454940684226732 0.102743480487392
0.0311086676783067 0.239856648634998 0.325484985369602 -0.251255370456769
0.191443611424784 0.116328651948114 0.00554779552878871 -0.294563875328687
0.195587848807453 -0.039833761849638 -0.121829823541354 -0.150333371652687
0.127390362115528 -0.106737272956178 -0.0818913084717374 -0.0511297070173199
0.099467977449765 -0.110668422157576 0.00822472197864932 0.0102160827941224
0.106530593095645 -0.109052583509972 0.0905153409300849 0.0442294778401085
0.18059234406405 -0.105418397636138 0.15615162358018 0.136479250817752
0.240133818191984 0.00786470803359134 0.10683440682434 0.25910365055986
0.17651943159159 0.170610804669988 -0.166145427791963 0.266591103962401
-0.0369923842023694 0.292838204580975 -0.321872103780126 0.0423582004101082
-0.29809281161611 0.186806353884114 -0.205218662090222 -0.169665847517331
-0.407178425862479 -0.0283615670869601 0.0403824473923786 -0.0731219564911624
-0.281755106349461 -0.17287400249149 0.2013019343763 0.092751944464572
-0.324079699475635 -0.0402035596292651 0.187097108822875 0.338521551555188
-0.260702593128721 0.153782543572379 0.430267403075665 0.191958935945024
-0.0077200892551448 0.246836532844805 0.365649564689267 -0.120316178526977
0.174008868331282 0.131254841990854 0.122564502252473 -0.236701645435027
0.188651857065193 -0.0320157809965954 -0.0246414466430808 -0.174992279105802
0.120017557395516 -0.106765597792339 -0.0277116817717649 -0.102794500071198
0.0821824156294104 -0.10524053342018 0.046746204912469 -0.036970424630363
0.081829718925575 -0.101973031483127 0.124964379326764 -0.00295210956737369
0.152204682820152 -0.10099300592823 0.202894709291509 0.0942075274604402
0.215512680943811 -0.00410978689003424 0.178513933869594 0.237354482849943
0.165931500469918 0.147859158613427 -0.0885454928742704 0.294119814344
-0.0433334542448117 0.261807930265301 -0.271409302927646 0.0909814122523918
-0.274559981446573 0.138759435183936 -0.172972893046231 -0.129635058234306
-0.329270486497933 -0.0640956803544915 0.134959724113876 -0.0352493539872901
-0.164898005341448 -0.165642978347272 0.285756974309905 0.161283340141101
-0.245976789102098 -0.084142977149682 0.202938647859091 0.35922472341028
-0.230385979117763 0.0873849029691198 0.375118501047984 0.253514143232652
-0.0278419136726408 0.192052111081673 0.362325718585567 0.000193168115009393
0.127477907033432 0.106174776165372 0.207764278700174 -0.16630059112582
0.144332957902592 -0.0250237653365029 0.0621697322208505 -0.187148267611142
0.0889179022071901 -0.0887024166708926 0.0205079560750852 -0.146598851181714
0.0531426323673831 -0.0838731084332341 0.0773952084911819 -0.0771527174756223
0.0495220170521613 -0.0821954782673176 0.150655778778163 -0.0399329105023524
0.110519868669031 -0.0843384102430119 0.233851398899679 0.0633673585965209
0.171513354063993 -0.00662882784125263 0.219584466548321 0.219377622339696
0.134317421281279 0.126603254159184 -0.0375535124889669 0.303042734953033
-0.0622042996570579 0.211337425857445 -0.227571046226258 0.118201289560269
-0.236157218256707 0.0671929630318445 -0.139369633519004 -0.0935946867424055
-0.215976376902184 -0.102126288112084 0.200006336588073 0.00570963013429943
-0.0214211759891072 -0.116990975390344 0.322581284849457 0.197874187444015
-0.116890973198521 -0.0859849635499388 0.206353755145966 0.35623974197441
-0.131123523550341 0.0281684776248215 0.325659199285264 0.277590862472905
-0.0167079130867946 0.0954598531484164 0.350624679056232 0.0705088009637898
0.065226188885246 0.04651285234402 0.254129699729722 -0.125379530152969
0.0702085140190695 -0.0219113093006786 0.115517357182632 -0.197517078906876
0.0394581022128248 -0.056072547009878 0.0492403056112014 -0.176566565145648
0.0169213668052481 -0.0498913436519254 0.0940391583153445 -0.105929119540237
0.0142796593693648 -0.0553869973617263 0.165304075027186 -0.0635941755537066
0.0601511865707008 -0.0629050412291896 0.250631894869292 0.0451932974200235
0.115493679126896 -0.0109445943399545 0.238439500915919 0.210793192386269
0.0975221017269401 0.097650048854458 -0.0115401664731136 0.31091529603035
-0.0747876760433749 0.149717599002284 -0.202118801534564 0.135948587379563
-0.17327601685165 -0.00355625726250247 -0.11942493850087 -0.0684374930305328
-0.0810523792969787 -0.125669169298375 0.228337332510255 0.0441243694872703
-0.0478196414227347 0.0990694443183669 -0.288520175827478 -0.0627280147284895
0.0719245225688753 0.0352905807969004 0.0522142205514832 0.184354734765926
0.0502602488661201 -0.0559500508441012 0.246541533854584 -0.0895666437175019
-0.0400219308605405 -0.0363441843266207 0.0641697210221085 -0.346870577176274
-0.0278169631152271 0.0181380358696523 -0.232423903127811 -0.260350219422226
-0.00315280667929127 0.0330711870228496 -0.280813835708551 -0.0507630519425673
0.0169196314439882 0.0294607413063169 -0.20927531318562 0.0561917114567719
0.0301213546557292 0.0105377336696177 -0.126473420484548 0.115575574753021
0.0254290306387503 0.00494032737672255 -0.0888632426762997 0.166099194440138
0.0184379997024473 0.00863376337747807 -0.134397764165474 0.181308396632818
0.0102918944881962 0.0277881638032205 -0.262974048468528 0.0936447471828733
-0.00471563490866924 0.0235106549241938 -0.333964134734176 -0.114761204928004
0.00684648545950116 0.031841448784223 -0.254993363371777 -0.297388731701364
-0.0398983203058232 0.0710107368847697 -0.170444849541581 -0.400785470798258
-0.145100705684351 0.0675393330243301 -0.281598539790054 -0.283095740002619
-0.167997222212207 0.0541050608622179 -0.248677915472253 -0.0897305904529442
-0.0282523053917668 0.0658437884507904 0.0560910827793419 0.194513534777462
0.0120083202617469 0.0198400026837889 0.287117646207188 -0.078771783723959
-0.00499880205245711 0.0203282179238546 0.0958313123798018 -0.359331189367891
0.0364412485507562 0.0355759714383842 -0.219817855956282 -0.276465867131595
0.0542923421292564 0.0120961659223432 -0.273144286992432 -0.0606064106881664
0.0541647342663414 -0.00749494912125053 -0.195644888410796 0.0485097443641252
0.069913445508944 -0.028926266249889 -0.109153099050257 0.108585640679886
0.0795811510770389 -0.0318665876574981 -0.0609341851133912 0.158090005958135
0.104679532786448 -0.0104547630570627 -0.0885822070179032 0.197506639893323
0.0967099716674773 0.074219766265366 -0.22199504373363 0.152929584221267
0.0121776373023781 0.130081904523783 -0.349074651911622 -0.0436118666009484
-0.0849489672075218 0.12296947029999 -0.296618696257607 -0.251973994981344
-0.184281760339815 0.0766315588458013 -0.178757938370539 -0.353795642344534
-0.287350710139615 0.00447327163410983 -0.230896773663496 -0.241154271800131
-0.266334946065537 -0.0148690832846909 -0.16711242486047 -0.090677272564542
-0.143273431043298 0.0752821093639418 0.0708321379656072 0.224535141334978
-0.0529237018211718 0.100083070206359 0.347166806343407 -0.0356255560024739
0.0238197398808149 0.0951449312850688 0.162551894937853 -0.352805783579154
0.101762379600915 0.061112399589538 -0.172461226090238 -0.29607520194202
0.114396542314136 -0.00721843894343879 -0.243371385134778 -0.0853572617042679
0.0901729958353838 -0.0442240452847784 -0.168163412996448 0.0256693074986741
0.0986856628629306 -0.063185047975463 -0.0777887035559726 0.0848359580003594
0.11496842664273 -0.0640351526154611 -0.0153766828611059 0.1336325792194
0.165381563537228 -0.0420072486427005 -0.014887986147427 0.199611597487331
0.177327429885624 0.0787938477868117 -0.135173884238774 0.217385899009288
0.0704599683708674 0.19210833691807 -0.335259975213063 0.068291383270446
-0.106532510642325 0.220102946015387 -0.337733730190256 -0.170452167635548
-0.278316538957141 0.119170749666604 -0.189460712596493 -0.298548052296211
-0.38780244200784 -0.0299668548379706 -0.146652730192715 -0.18455149945703
-0.320223686795723 -0.0946159000355263 -0.0543918701191833 -0.0592295874343596
-0.250013417259486 0.0511672576547051 0.0930669709482563 0.262043084488245
-0.141811801105805 0.157942139881508 0.39755083257131 0.0397542044455055
0.029275562094348 0.177422275839672 0.249326058528006 -0.305715210184364
0.153715030757712 0.0981524753332216 -0.0879656697000112 -0.302183386429563
0.165541524383964 -0.0181696460820422 -0.186056673380938 -0.117723030080593
0.119257643710901 -0.0738145403626857 -0.127271567287106 -0.0105584215323012
0.113223673513734 -0.0875645196971632 -0.037791487471696 0.0496922463742811
0.126808983370439 -0.0872457700025946 0.0347110271482134 0.0956961814603623
0.192137774025514 -0.0724483039771094 0.0659432438274538 0.1804070525536
0.227199533625721 0.0540832306209216 -0.026453763929395 0.255307022090493
0.132318355197622 0.201630362716239 -0.275923947272067 0.176274113286662
-0.0819304618988802 0.281423161529541 -0.347380866013195 -0.0755559083857935
-0.314496927374618 0.158804737576246 -0.191241162444399 -0.245085688651302
-0.426822260985749 -0.0462653630865847 -0.0425969285282539 -0.128394512909634
-0.314735370903118 -0.162094117766133 0.071397967477574 0.0033916243655443
-0.312387754209809 -0.00692155802212203 0.119051248449587 0.298931498386629
-0.228772752404635 0.164692884556678 0.411690704326359 0.130576176712457
0.00214190245387637 0.234986378217196 0.320918859449088 -0.207400495814929
0.172260486702561 0.134514599942738 0.0225906503231009 -0.273867032040933
0.193587331275507 -0.0173805431417669 -0.101581434897911 -0.147252303100477
0.133329565860734 -0.090906734649322 -0.0754260773220381 -0.055246593858261
0.110645541787072 -0.0988767813471561 0.00679839639080355 0.00798618972665916
0.116764711188926 -0.0958966589465091 0.0815137278296162 0.050820138239028
0.186138449210452 -0.0877053928070044 0.135013993507609 0.145540692399505
0.235635605497719 0.0282045007200056 0.0752708617463398 0.257839899768219
0.160367477742882 0.181363958939517 -0.193348950665293 0.247519783931674
-0.0591933644905251 0.288316884676833 -0.31971531429289 0.00467352837010215
-0.309737302081175 0.158382064115583 -0.175477288623952 -0.194854626112699
-0.401179345886724 -0.0636056491594238 0.0637990139011794 -0.0776716118467782
-0.248513928241911 -0.193388180292478 0.184509350728289 0.0862480329937158
-0.30208819778298 -0.0730596600199748 0.143554552769126 0.330269963485045
-0.268111449344075 0.120014255607697 0.380354617358604 0.211189766838028
-0.0365168646541872 0.236996978089843 0.346710530407027 -0.0820246098638543
0.153090719224711 0.147374880037056 0.128714556187926 -0.209022481187608
0.184493978933664 -0.0101972107283323 -0.00622402188979687 -0.163008999695969
0.125610012399229 -0.0918840934222556 -0.0189578109395291 -0.100259756983276
0.0932560174162766 -0.0951176208761536 0.0493488871626174 -0.0339541121291876
0.0910689679744977 -0.0909820360364779 0.120758579857319 0.00807839387783102
0.157025894097375 -0.0855066127732998 0.185451854749109 0.108998820526686
0.211290329801791 0.013723872683505 0.148196078058322 0.244423148291413
0.151444091435654 0.157278970415539 -0.118321680094119 0.280608246846522
-0.0618292209649977 0.255872097547949 -0.274661444278886 0.059256767638258
-0.281642064114544 0.113659710918362 -0.147191766645683 -0.149158456614328
-0.320866554152815 -0.090932262828046 0.152154708910833 -0.0292267773426737
-0.139037515054558 -0.174270258791997 0.262890275135321 0.164920268630938
-0.223173019153896 -0.10710563049518 0.161920694861673 0.352088997820647
-0.230351751817384 0.0596591057839668 0.326843859768063 0.263494859234327
-0.0492362052095158 0.182081587178697 0.334838229955248 0.0314806848286004
0.110334994255264 0.117318645063528 0.206088481267121 -0.135784943595634
0.139284944360262 -0.00779535775627018 0.0778879155232674 -0.169325854158458
0.0934852085335394 -0.0771194808522721 0.0311482482434903 -0.138470294602976
0.0621430705659763 -0.0769606219135448 0.0822183534629387 -0.070730255079695
0.0570629663140534 -0.074293126717157 0.149970746478374 -0.025529431458669
0.114241295478424 -0.0731944127655813 0.22023071291213 0.0814773868174806
0.167150491316419 0.00657888166672698 0.191975953450322 0.231314062302863
0.122255319546208 0.132116807029735 -0.0676652980816391 0.294858448935898
-0.0757313944137758 0.203594088449043 -0.233243159576139 0.0915137319759039
-0.236647506246482 0.0468881593001961 -0.118971437294668 -0.108853094854633
-0.205844617576368 -0.119791133947667 0.209542001957471 0.0209464645037144
-0.00788211548264868 -0.113344278198492 0.297449460850377 0.21313448731088
-0.100335359160504 -0.0936366514547665 0.169998305261203 0.354276096618427
-0.128672373791181 0.0146382596828433 0.283572731086318 0.287502133731918
-0.0272266405072497 0.0905153872280663 0.322299994510055 0.0971726846725619
0.057563045199503 0.0521792128606216 0.250025468249701 -0.094345507981639
0.067638064019177 -0.0116512197231596 0.12862837497194 -0.177550733579734
0.0421049421032699 -0.0505784050783118 0.0618244407496178 -0.165574515532709
0.0223716094026845 -0.0463109171630505 0.102221875585817 -0.0963778997754289
0.0188055651684526 -0.0510422786095474 0.16733153740125 -0.047175903290788
0.0626499549900647 -0.055983334160649 0.239573055177032 0.0649881548084442
0.112580237751087 -0.00257119827435927 0.212022907189187 0.225709574461117
0.0877201138676333 0.0995509318981803 -0.0408953075807113 0.30580196450285
-0.0817503397031909 0.140889248487911 -0.210528275748958 0.112403903916552
-0.168398043681096 -0.0175090863942166 -0.104061824428276 -0.0794309385406408
-0.0707432444378632 -0.13075693094966 0.229151304912964 0.0657882122987626
-0.0455433781614524 0.0972371228934872 -0.285115454606902 -0.05649093803643
0.07086107220009 0.0321250076130004 0.056238028449576 0.18402136491633
0.0479809726612841 -0.0563384797520807 0.24496959202164 -0.09025676857391
-0.0404787492353817 -0.0345239937264585 0.0572873620928384 -0.345572966521243
-0.026350202584651 0.0181517088515642 -0.236840698832595 -0.255010836275251
-0.00115908356808784 0.0325715478410373 -0.280028292322509 -0.0452857783114428
0.0189751819143265 0.0283262282303265 -0.208811144851002 0.0599547835187531
0.0315159126525055 0.00877870791469833 -0.12559291110559 0.117909092076327
0.0259869614619369 0.00361285784112977 -0.0870355888556722 0.166647001166353
0.019875949189419 0.00796400850096792 -0.131740690154741 0.181260650680453
0.0118319994476184 0.0280085971151473 -0.261381402963399 0.0955787636744243
-0.005093946473933 0.024407582417167 -0.334263585841295 -0.110404283000835
0.00494709430787034 0.0313744737529789 -0.256447783104533 -0.293855918607705
-0.0405610076549164 0.0696644415864577 -0.174275214132243 -0.398869877020772
-0.142128281296041 0.0681561142015748 -0.282152485592025 -0.28021287018535
-0.165301341357912 0.0534842663314043 -0.246550003603758 -0.0829577134649816
-0.0281188180366998 0.0633890376969238 0.058537024690414 0.195668458587486
0.0102932403489773 0.0191419044595804 0.285784559304008 -0.0804810830315766
-0.00514458758802205 0.0207859931516858 0.0894782638353525 -0.358145477394754
0.0372491381468482 0.0341617990541126 -0.222478371134524 -0.270096553428464
0.0551799429841441 0.011011043063008 -0.272716181244544 -0.055127760990311
0.0553218503304892 -0.00848834622925962 -0.195255810528808 0.0519050172052454
0.0705596019415718 -0.0311303704053949 -0.108161860939659 0.110150934728616
0.0800270384500943 -0.0337415237565842 -0.0587094276740173 0.158893601559748
0.10504649770397 -0.0125850205291825 -0.0855214587180769 0.196620908979436
0.0990558752028901 0.0725524887198804 -0.218757408124689 0.154725274763009
0.0131145597138787 0.130213540308853 -0.348473702907849 -0.0379965704680789
-0.085918370635221 0.123788915504663 -0.297912181140809 -0.246711438488718
-0.184970216190591 0.0763382807833109 -0.181359458842824 -0.351335099550937
-0.284864674961843 0.00678083149335646 -0.230080138581363 -0.23757607041868
-0.262632674834382 -0.0136889617283873 -0.167004079948847 -0.0840403505330913
-0.141316515731496 0.0732952384299218 0.0734256023474429 0.225948380885393
-0.0530451482819681 0.099198391538692 0.345413930239184 -0.0381240107939452
0.0239857924204014 0.0947669063482889 0.157051018422297 -0.351660863103232
0.102704938875551 0.059218992293738 -0.176094326537009 -0.291335935525601
0.114189733117053 -0.00891257915519224 -0.243169277747152 -0.0805925522117527
0.0904794848471494 -0.0447978918256095 -0.167685749297907 0.0275224156144153
0.0992697838362634 -0.0653126780073684 -0.0775554592307063 0.0861983497074963
0.115081539318134 -0.0668022221081479 -0.0147481133448804 0.132841162515641
0.164928345029761 -0.0451253833430978 -0.0120191230018836 0.197731766497537
0.179357794226161 0.075196929516729 -0.131955168356525 0.216398929338266
0.0718819243126458 0.190739475508006 -0.332424923261634 0.0738565187381314
-0.105774055611391 0.221329582511399 -0.338953848184656 -0.164847843977391
-0.277550245534423 0.119959367700079 -0.191478132440307 -0.295031154229026
-0.384778599689 -0.0256761917329073 -0.14629307843364 -0.181916305862238
-0.31717846112217 -0.0929703613372611 -0.0558897088027118 -0.0540828002222167
-0.247556147912561 0.0504666638513066 0.0948483847690408 0.263594855392924
-0.141505491767808 0.158340109488439 0.395485589737019 0.0356610940365909
0.0299027653521772 0.176465519574387 0.244764284567234 -0.306116798912179
0.154911306620028 0.0947522161007399 -0.0906119086472033 -0.298224400020129
0.16412467262479 -0.0207172204318621 -0.186255079351342 -0.113643885839988
0.118340623447121 -0.074225422184282 -0.127288537247675 -0.00966483907546311
0.113951894076423 -0.0893245324997079 -0.0373464170648116 0.0500192554080969
0.126614340066956 -0.0888536471435386 0.0353185002964727 0.0940672394545266
0.190138906336867 -0.0765018430800163 0.0680672270352263 0.177376422784287
0.228193477370823 0.0493290020384072 -0.0225818253015787 0.250791654618963
0.134069982685032 0.199138459483772 -0.272726037630308 0.180341126344299
-0.080557215309137 0.282113842790441 -0.347066184540575 -0.0682213360808741
-0.313039246249122 0.160800652066828 -0.191639726768944 -0.241267874950111
-0.424276139346919 -0.0406567851498431 -0.0419709009948507 -0.128028991585733
-0.312482009103965 -0.160725279496731 0.0689332094283991 0.0070274996772344
-0.310129490828977 -0.00616262558262045 0.120797781688346 0.299075746109213
-0.227001612231757 0.166009249365785 0.409101535837273 0.125636074210829
0.00440660451638011 0.233711173261401 0.315994238397514 -0.209357220076683
0.173588185383515 0.130408847947828 0.0200108711126716 -0.270685932821408
0.19104824784073 -0.0200849222196639 -0.102482573371288 -0.143794326488046
0.132419934097044 -0.0915196237882509 -0.0755985128834374 -0.0547048167081064
0.111648070818897 -0.0999112072998946 0.00732309170950306 0.00739000359106342
0.115697589235526 -0.097027361672971 0.0811887574089307 0.0489875857336821
0.18362126708166 -0.0917886251989058 0.137172501473398 0.141241925821719
0.235349071685186 0.0224297089795119 0.0785406701426037 0.252600152003833
0.161210003588016 0.177877432654891 -0.18868452331762 0.249996366507413
-0.0571943496527896 0.288516567081788 -0.317758735112539 0.0112465464094786
-0.306548552525715 0.160537358457656 -0.175442109208066 -0.191462243367004
-0.398367247308429 -0.0577430489398357 0.0638871252277547 -0.0788501500372661
-0.247589068862256 -0.19124663441445 0.181972103810876 0.0881791528695909
-0.300792690314166 -0.0710496416918363 0.145387943711219 0.329130042385456
-0.26588133010193 0.122889557762964 0.379954242138874 0.205105114282253
-0.0338454063067584 0.236651142337852 0.34437955802587 -0.084486461843352
0.154624656901557 0.142919314199594 0.126058363501074 -0.207765743261808
0.18218360347225 -0.0127580692213104 -0.00789115812717946 -0.161145248340883
0.12387061553253 -0.0924264153654083 -0.0200722747237151 -0.100239737136787
0.0937956712587748 -0.0953120765809549 0.0491236623418139 -0.0360042352250699
0.090771147652153 -0.0901409320300997 0.119366918269311 0.00513567542295867
0.154270982860629 -0.088281776259014 0.186738490629953 0.103882743013845
0.210035482003504 0.00874315806576408 0.151351531592395 0.237876003228275
0.151517070615348 0.153629979903341 -0.113215173457702 0.281968415148014
-0.0590891406107107 0.255974179390012 -0.272242207046938 0.0641789930451325
-0.279217382049275 0.11680158123481 -0.146652265784172 -0.146907564714041
-0.319400272731319 -0.0846527469600634 0.152059348093145 -0.0323345442431623
-0.138656274347118 -0.173343528054707 0.260657002967662 0.165184035540468
-0.221905424848445 -0.105069751773896 0.163335016889388 0.350437007035132
-0.228958410214761 0.0633003012629224 0.327185403158286 0.258264849681432
-0.0464681369170671 0.181668502720949 0.334653724382277 0.0296312851000686
0.111615699916931 0.113848860399092 0.203653905914512 -0.135917417961064
0.136734080141649 -0.00940815019037236 0.0751811143607709 -0.168666536540223
0.091335951786194 -0.0776797968022328 0.0288001684804964 -0.139159743690652
0.062650474101085 -0.0763180981225104 0.0820347130244508 -0.0732218988231509
0.0567411419050604 -0.0725784020849361 0.148868984512491 -0.0281241974916335
0.111870978410511 -0.0740322026472595 0.220651038728764 0.0762835990075178
0.165437859273584 0.00277791489153773 0.195020359644621 0.224638290512936
0.122313366861538 0.127984917557031 -0.0612901452601693 0.29531552790148
-0.0730048695590896 0.203982966899575 -0.23042393351719 0.0953086957408949
-0.234757258334969 0.0498883104062844 -0.118399782798902 -0.10646263222683
-0.205218436535185 -0.114782093830775 0.207757409866114 0.016362405784262
-0.00836198020100468 -0.112777576356179 0.295280206422953 0.211486373721602
-0.099336664916968 -0.0921388920796427 0.171138756862221 0.351960898406186
-0.126750030424413 0.0166783074942447 0.284360678398963 0.281704279547989
-0.0256342661369618 0.0899911198414678 0.322214197633116 0.0946425299241189
0.0577130996642474 0.0490425427734418 0.247192737384126 -0.0955406843817433
0.0647462739098672 -0.0125894296563972 0.124995781146959 -0.177950811069
0.0402095590517026 -0.0501267221663305 0.058626751254237 -0.166322494002617
0.0230127742457663 -0.0456087570147714 0.101046338744003 -0.0998069725205277
0.0187482955565022 -0.0486478175623814 0.166235301510212 -0.0501839454971164
0.0605209589887714 -0.0557043357169765 0.239904642337745 0.0598714624056914
0.11022511210927 -0.00530429885067614 0.215376578712071 0.21923656434234
0.0883148101895402 0.0964308911083062 -0.0357768350517899 0.305236141055667
-0.0780956350855533 0.141566202792606 -0.208492442562989 0.115516512136017
-0.167507019971919 -0.0145319940102383 -0.102954288843623 -0.0784895023925334
-0.07138437715619 -0.128534395997802 0.226756825754214 0.0606538931543984
-0.0458923448474469 0.0978446755903202 -0.290984071981807 -0.0554204723214336
0.0713260054698527 0.0313720490454754 0.0601497797926421 0.190194797077964
0.047366840095576 -0.0582488050181294 0.253780397839869 -0.09244845213349
-0.0419016111091441 -0.0339254948430765 0.057517306867191 -0.355576363166983
-0.0263443406754482 0.0180795765133325 -0.247200835054048 -0.260149907872617
0.000639967507002737 0.0335910308315971 -0.28902877453777 -0.0442375997805268
0.0216767165211454 0.0279733148392953 -0.216020506454505 0.064305500003415
0.0334004487908806 0.00678563196104558 -0.129566254910591 0.124218263231497
0.0277604005550295 0.00239620809409569 -0.089604111015254 0.173078845298719
0.0209132310421418 0.00765211736755222 -0.134463962096369 0.186674860266342
0.0132891280053527 0.0291368961782672 -0.269548366059143 0.099575027321624
-0.00603539250887743 0.0264967099891601 -0.344213203600867 -0.112128520322801
0.00260405499287366 0.0322842275945644 -0.263769290269998 -0.304507893338604
-0.0431498222630088 0.0708176101595518 -0.180878721661981 -0.413031804599277
-0.144817661091833 0.0694597622482587 -0.28926370773259 -0.290831136310826
-0.168194816365139 0.0528105274797221 -0.251666040719684 -0.0811334669078527
-0.0299442602821246 0.0633995155310017 0.0621596448135583 0.203934532082263
0.00913372649699722 0.0192837212412796 0.29477295016591 -0.0815355036208306
-0.00607311164513143 0.0224673567172228 0.090234034713905 -0.368694211622459
0.0392324426745871 0.0344285701234884 -0.231350592892933 -0.277057662839304
0.0585389449768989 0.0107141991891536 -0.281721635959787 -0.0548960329421456
0.059153324545104 -0.0095456443062736 -0.201888563131666 0.0548124836594178
0.0739483595307623 -0.0342123029099145 -0.111589181895499 0.115712444269284
0.0830809389208374 -0.0370646437184393 -0.0600893444777588 0.164632859895583
0.1089390451433 -0.014902364505781 -0.0867540644233111 0.202122350730185
0.104085385356933 0.074100781056857 -0.225710047812409 0.159391552069035
0.0134867175895187 0.136163640790894 -0.359709715218634 -0.0367567359065442
-0.0908791796182116 0.128065521370103 -0.307084573872991 -0.253707463589701
-0.192675381115994 0.0776012909808079 -0.188692980612342 -0.362991085437618
-0.292504741043916 0.00614013455284045 -0.235695572336846 -0.246299668743692
-0.268326141862672 -0.0161077922972126 -0.171176942042023 -0.082515494553947
-0.146392812497725 0.0733517433805538 0.0765311274223537 0.235614169804833
-0.056901335476199 0.102256670906491 0.355209266508246 -0.0378849223787736
0.0243556811349877 0.098516086988129 0.160983680054925 -0.36224110663109
0.10668006543854 0.0592365315847198 -0.182470460927592 -0.29871360063465
0.118100679167615 -0.0102213542668064 -0.250573968679438 -0.0809739712134283
0.0948845511835817 -0.0464332852764477 -0.173619130170888 0.0287434677494534
0.103418572847861 -0.0691340649103088 -0.0799060149533838 0.0896664517716344
0.119244472469724 -0.0701800890034667 -0.0152570940671093 0.136957413659452
0.170252975232063 -0.0491672844894086 -0.0103122259248545 0.202491558836283
0.186327559189796 0.075451796960309 -0.135604124098751 0.221440225177855
0.074694263461206 0.197556445845009 -0.342049753906744 0.0781062933738279
-0.11135289931835 0.229673979288331 -0.349060395729609 -0.167864727859695
-0.288616392880561 0.123167812861005 -0.197783004575431 -0.305129445527206
-0.395113595326914 -0.0266374772801801 -0.149278023758161 -0.18804310662676
-0.325122402703642 -0.0978507817781058 -0.0582910037960636 -0.0511515800732602
-0.254776996562726 0.0499637089823841 0.0976009637080137 0.27418828178753
-0.147605989535874 0.163316064912036 0.407132530167021 0.0378400978018492
0.0303447043629732 0.181644638750949 0.250822717421303 -0.315195453844243
0.160250962581823 0.0960616053672521 -0.0937128367210869 -0.305799250324367
0.168721911194669 -0.0226688413625417 -0.191847040948702 -0.115145208393104
0.123686278957057 -0.076332909435299 -0.131609554300198 -0.00980722417839264
0.11919263292048 -0.093386459838133 -0.0387520032927315 0.0517802440425443
0.131102757419926 -0.0929149295413462 0.0354766952037706 0.0960430587349868
0.195893051269258 -0.0818231446252615 0.0716171723968945 0.181028944390395
0.236351168914412 0.0477464874278615 -0.0224301288528448 0.256564444401191
0.138049619542546 0.205539029325955 -0.279311673148988 0.187343304309988
-0.084624626323266 0.292521000911444 -0.357621049103321 -0.0682978895538503
-0.324496744738209 0.165809024499842 -0.197423831722031 -0.248271647200093
-0.435822791980209 -0.0406961012737768 -0.04173865919301 -0.132426388071432
-0.320971734136334 -0.166441643447595 0.0696570205344292 0.0114509604833274
-0.318621425620186 -0.00888631434328427 0.123255801153559 0.310383809825868
-0.235250498196779 0.17174767600296 0.420138356175734 0.129280118601962
0.00430447734065196 0.241525949193678 0.325948693383575 -0.215523749449706
0.180023474031859 0.132583180490355 0.0205001959618302 -0.276992151149852
0.196053938819359 -0.0216333799503468 -0.106051168120099 -0.146676473458526
0.136762186886052 -0.0942464706635003 -0.0788772740018005 -0.056963904674425
0.116870315810824 -0.103588973505084 0.00734952401000123 0.00635048115373959
0.120637181660314 -0.100394266917141 0.0828538817109346 0.0491134877611104
0.188546324778394 -0.0970618232477398 0.141852296286245 0.143147280896587
0.24355130800268 0.0200654246455658 0.0822625268288518 0.256998856913555
0.166650202252997 0.183221295096314 -0.192332814532086 0.258917698255839
-0.0594311945018501 0.298824926552834 -0.328225739715104 0.0145990612172895
-0.316481899290985 0.16664419054718 -0.179914095583098 -0.197250845984713
-0.408738103996511 -0.0579231513196866 0.0666899951567062 -0.0828392682258478
-0.254411234424907 -0.198766128682427 0.185550665691506 0.0940902866818616
-0.30885005561381 -0.0752450097510502 0.148397616092166 0.340960947424411
-0.275154528085887 0.127665134704976 0.389562227141862 0.210040439561964
-0.0343809849514364 0.244154608069192 0.35478112544235 -0.0864366902780047
0.159937365798358 0.145453901012232 0.130765780366493 -0.212057957781419
0.185921168928352 -0.0140794176309779 -0.0087979733535559 -0.164607792446807
0.127371796984975 -0.0947398970440575 -0.0217756061240872 -0.103932671652854
0.0984567733197789 -0.0989700244644688 0.0506318954758263 -0.0389783930430656
0.0946903284674312 -0.0918686718592874 0.123043332033332 0.00455812326917219
0.157916562705943 -0.0925005144187532 0.193736647718134 0.104146042703097
0.21629616601471 0.00598366367069976 0.157027354594565 0.241257894047704
0.155699108550158 0.156660037169902 -0.113937673332617 0.29211625210185
-0.0598580344541934 0.264188983457436 -0.280109409741446 0.0690110235445217
-0.28708385359529 0.121622330310716 -0.15027466548526 -0.151427404490809
-0.32714196519167 -0.0867365415334808 0.15642403062987 -0.0345671288312128
-0.142152033075119 -0.179868396166482 0.266744721521219 0.173839838163717
-0.228158183094998 -0.109192516633977 0.167508870644466 0.362839674264813
-0.235153521949142 0.0663017511437924 0.33477707415096 0.264866295326096
-0.0472328350574379 0.187382972066126 0.345993311033338 0.0312536640360066
0.115187768278499 0.114681097982711 0.210419573446419 -0.139186188000057
0.139149051089114 -0.0101959501292891 0.0765865467199192 -0.172864729186853
0.0933752869211234 -0.0793248918470831 0.0284334260745357 -0.14371217265581
0.0661511836741127 -0.0789867408721934 0.0848803924471257 -0.0779971768666653
0.0594543505497616 -0.0740161365575371 0.153175226738837 -0.0303753830834064
0.113300078354191 -0.0768635771713578 0.228148710439885 0.0750640110703475
0.169537883969459 0.000544650875953616 0.202037479144661 0.227190156396526
0.124916966716608 0.130283335136458 -0.061866761594043 0.305154704283449
-0.0740892735910539 0.210382535344081 -0.238075530547929 0.101120259236133
-0.24117946246048 0.0531728577068458 -0.120734108499676 -0.110400325489882
-0.210147408629379 -0.117245711242019 0.212967628081902 0.0147638412137749
-0.00884279813140812 -0.117260843843629 0.302892060237088 0.220660556425062
-0.102057540503519 -0.0947265328919218 0.177554312800511 0.362637439378587
-0.129280203538705 0.0181060191961524 0.291614613609313 0.289879923920704
-0.0256715193606101 0.0921009093693677 0.334097597648852 0.0983752497610552
0.058609872822742 0.0488945588378866 0.256777027750735 -0.0974471227647675
0.0647637604977582 -0.0126891114946333 0.128058827640988 -0.182682725538716
0.0399513042417119 -0.0512495429971704 0.0584793866748551 -0.172077857866569
0.0246950671844056 -0.0467319733330789 0.10375102945276 -0.105067266905532
0.0197739640349896 -0.0483691618846455 0.17100117412815 -0.0524393285126633
0.0607731721419245 -0.0570659900538381 0.247963823209634 0.0588637802565569
0.1123677666195 -0.00680014830008861 0.223299937250036 0.222835310070113
0.0899013933355873 0.0969754597252113 -0.0344025888594136 0.314209822371822
-0.0792666040532601 0.146007547443392 -0.21462427009441 0.119975520705215
-0.171597627807477 -0.0138162398052363 -0.105748455478919 -0.0808932833822095
-0.0739578924574062 -0.13050620279898 0.231761320728799 0.0604876726700075
