TRXV5
3
4
4
9
string Extension=J
integer IsArchMeasurement=1
integer IsSpherical=1
string Generator=SPM
string GeneratorVersion=1.3.1 Dev
double ArchRadius=0.449999988079071
integer FrequencyAxisIndex=0
integer AzimuthAxisIndex=1
integer ElevationAxisIndex=2
Frequency
5 136 690000000 960000000 LIN
Azimuth
7 8 0 2.74889357189107 LIN
Elevation
7 15 -2.74889357189107 2.74889357189107 LIN
Polar H Real Part
13
Polar H Imaginary Part
14
Polar V Real Part
13
Polar V Imaginary Part
14
Polar H Magnitude (dB)
12 0xC0000002 0 1
Polar H Phase
7 0xC0000003 0 1
Polar V Magnitude (dB)
12 0xC0000002 2 3
Polar V Phase
7 0xC0000003 2 3
0.0326175689697266 0.0209503173828125 0.0229034423828125 0.0963897705078125
0.0534515380859375 -0.0035247802734375 0.03173828125 0.0435142517089844
0.0208702087402344 -0.0425605773925781 -0.002532958984375 -0.0203647613525391
-0.0161018371582031 -0.0379524230957031 -0.0517387390136719 -0.00993728637695313
-0.0268707275390625 -0.0191860198974609 -0.0570068359375 0.0339775085449219
-0.0326519012451172 -0.00263786315917968 -0.042327880859375 0.080352783203125
-0.0240287780761719 0.0116901397705078 -0.00949096679687501 0.10430908203125
-0.0215892791748047 0.00524520874023437 0.00783538818359375 0.104347229003906
-0.0221729278564453 -0.00165557861328125 -0.00201416015624999 0.0966110229492188
-0.0166511535644531 -0.00807857513427734 -0.0287704467773437 0.0791244506835938
-0.00438690185546875 -0.0104007720947266 -0.0372657775878906 0.0473899841308594
0.00278234481811524 -0.00825166702270508 -0.0272102355957031 0.0188426971435547
0.00969791412353516 0.00243377685546875 -0.00437355041503906 0.0335750579833984
0.00636863708496094 0.0222358703613281 -0.0140151977539062 0.112022399902344
-0.0126266479492187 0.0293445587158203 -0.106964111328125 0.139762878417969
0.0524330139160156 -0.0382080078125 0.0264968872070312 0.0954360961914063
0.0536994934082031 -0.057830810546875 0.0330696105957031 0.0457496643066406
0.00140380859375 -0.0789031982421875 0.0039372444152832 -0.00856161117553712
-0.0504722595214844 -0.0550727844238281 -0.0380401611328125 -0.00211334228515626
-0.0608978271484375 -0.0132484436035156 -0.0408706665039063 0.0308341979980469
-0.0600662231445313 0.0286521911621094 -0.0300979614257813 0.0723495483398438
-0.0354118347167969 0.0496330261230469 0.000144958496093752 0.0906600952148438
-0.0310554504394531 0.0389442443847656 0.0153350830078125 0.0911407470703125
-0.0355682373046875 0.037200927734375 0.008209228515625 0.0866546630859375
-0.0420112609863281 0.0266304016113281 -0.0177993774414063 0.0748214721679688
-0.0408706665039063 0.00571823120117188 -0.024749755859375 0.0472145080566406
-0.0400810241699219 -0.0127677917480469 -0.0186958312988281 0.0273609161376953
-0.0206394195556641 -0.0349769592285156 -0.00334930419921875 0.0501861572265625
0.00281143188476563 -0.0370101928710938 -0.0191192626953125 0.118309020996094
0.00335693359375 -0.0346355438232422 -0.1090087890625 0.141845703125
0.0633163452148438 -0.093780517578125 0.0352325439453125 0.0780715942382813
0.044189453125 -0.106086730957031 0.0329627990722656 0.0381546020507812
-0.0212783813476563 -0.105155944824219 0.00768184661865234 0.00310611724853515
-0.079681396484375 -0.0640029907226562 -0.0202293395996094 0.00796127319335937
-0.0875625610351563 -0.00460815429687502 -0.0182666778564453 0.0261554718017578
-0.0795822143554687 0.0552597045898438 -0.0127334594726563 0.0554771423339844
-0.04193115234375 0.0796279907226563 0.00947570800781249 0.0643997192382813
-0.0367622375488281 0.06695556640625 0.0213508605957031 0.063629150390625
-0.0441360473632812 0.0706024169921875 0.015869140625 0.0629158020019531
-0.0618209838867188 0.0579071044921875 -0.00449752807617188 0.0587158203125
-0.0725326538085938 0.0221023559570313 -0.00823974609375 0.0398597717285156
-0.0786285400390625 -0.0151214599609375 -0.00551033020019531 0.0321693420410156
-0.0498886108398437 -0.0679740905761719 -1.1444091796876E-05 0.0625076293945313
-0.00222015380859374 -0.0907440185546875 -0.024017333984375 0.112533569335938
0.0177154541015625 -0.0938491821289063 -0.103721618652344 0.124320983886719
0.063446044921875 -0.137825012207031 0.0448226928710938 0.0461616516113281
0.0247344970703125 -0.142593383789062 0.0301303863525391 0.0208530426025391
-0.0471038818359375 -0.117378234863281 0.0081329345703125 0.011988639831543
-0.101463317871094 -0.06121826171875 -0.00115013122558594 0.0166835784912109
-0.101608276367188 0.00711059570312498 0.00699806213378906 0.0177478790283203
-0.0863418579101563 0.0755691528320313 0.00683593749999999 0.0303421020507813
-0.0419158935546875 0.0980377197265625 0.0179634094238281 0.02777099609375
-0.0369415283203125 0.084381103515625 0.0242824554443359 0.0261554718017578
-0.04656982421875 0.0934066772460938 0.0216178894042969 0.028472900390625
-0.0721511840820313 0.0806121826171875 0.0109920501708984 0.0319538116455078
-0.0932693481445313 0.0352325439453125 0.0124053955078125 0.0241489410400391
-0.10675048828125 -0.0141448974609375 0.0114974975585937 0.0312995910644531
-0.0725784301757813 -0.091033935546875 0.00514602661132812 0.06793212890625
-0.0077056884765625 -0.130569458007813 -0.0266876220703125 0.0927352905273437
0.027252197265625 -0.138099670410156 -0.0894088745117188 0.0904617309570312
0.053192138671875 -0.16290283203125 0.052764892578125 0.00217819213867186
0.00140380859374999 -0.158950805664063 0.0220451354980469 -0.00347328186035157
-0.0684661865234375 -0.11322021484375 0.00558185577392578 0.0172271728515625
-0.110366821289063 -0.0473175048828125 0.0175342559814453 0.0213737487792969
-0.101318359375 0.0208969116210938 0.0301971435546875 0.00485038757324219
-0.0796051025390625 0.0861434936523437 0.0239753723144531 -0.000230789184570307
-0.0348281860351563 0.102859497070313 0.0231437683105469 -0.0125198364257812
-0.0319442749023438 0.0898895263671875 0.0233039855957031 -0.0153541564941406
-0.041595458984375 0.101043701171875 0.0245952606201172 -0.0113868713378906
-0.0701141357421875 0.089569091796875 0.0253982543945312 -0.000753402709960932
-0.0976715087890625 0.0423202514648438 0.0316658020019531 0.00354766845703125
-0.115547180175781 -0.0107192993164062 0.0289211273193359 0.0252113342285156
-0.0827407836914063 -0.0976181030273437 0.0107040405273437 0.06463623046875
-0.0117950439453125 -0.147369384765625 -0.0285530090332031 0.0624542236328125
0.0300750732421875 -0.160812377929688 -0.0697402954101563 0.0447502136230469
0.037811279296875 -0.162017822265625 0.0591545104980469 -0.0467071533203125
-0.017059326171875 -0.151626586914063 0.0128936767578125 -0.0321998596191406
-0.0762405395507813 -0.0944671630859375 0.00143337249755859 0.0148506164550781
-0.102500915527344 -0.0288848876953125 0.0318317413330078 0.0191574096679688
-0.0861053466796875 0.0293121337890625 0.0457077026367187 -0.0113296508789062
-0.061920166015625 0.0834579467773438 0.0343894958496094 -0.0312576293945312
-0.0226898193359375 0.0920639038085938 0.0231475830078125 -0.0508499145507812
-0.0219650268554688 0.0811538696289063 0.0186347961425781 -0.0546989440917969
-0.0310211181640625 0.091766357421875 0.0249519348144531 -0.0500221252441406
-0.0560150146484375 0.0818023681640625 0.0381431579589844 -0.0333786010742187
-0.0831146240234375 0.0413284301757813 0.0477676391601562 -0.0172615051269531
-0.101493835449219 -0.00514221191406252 0.0425567626953125 0.0172691345214844
-0.077056884765625 -0.085052490234375 0.0142555236816406 0.0546455383300781
-0.0147781372070312 -0.137725830078125 -0.0282325744628906 0.0260467529296875
0.0260467529296875 -0.156890869140625 -0.046356201171875 -0.00391387939453126
0.0205078125 -0.134895324707031 0.064727783203125 -0.091888427734375
-0.0235214233398438 -0.120536804199219 0.0060882568359375 -0.0600204467773438
-0.0665397644042969 -0.0660362243652344 -0.00283384323120118 0.00674152374267578
-0.0782546997070312 -0.011474609375 0.0397720336914062 0.0110931396484375
-0.0596923828125 0.030517578125 0.0528182983398438 -0.0271224975585938
-0.0377464294433594 0.0671005249023437 0.0375862121582031 -0.0579948425292969
-0.009307861328125 0.0681419372558594 0.0177230834960938 -0.0814743041992188
-0.00928115844726562 0.059326171875 0.01153564453125 -0.0856475830078125
-0.0155181884765625 0.0670127868652344 0.0223770141601563 -0.0797042846679688
-0.0312309265136719 0.060882568359375 0.0462074279785156 -0.0583724975585937
-0.0528640747070313 0.0345993041992187 0.0576400756835938 -0.0315895080566406
-0.0702857971191406 0.00442886352539064 0.0496101379394531 0.0104751586914063
-0.0612525939941406 -0.0551681518554688 0.0149383544921875 0.0406875610351563
-0.01885986328125 -0.103538513183594 -0.0265407562255859 -0.00791931152343751
0.0131149291992188 -0.130134582519531 -0.0247917175292969 -0.0478439331054688
0.00231933593750001 -0.0861663818359375 0.070465087890625 -0.126144409179688
-0.0216751098632813 -0.0706253051757813 0.00477600097656251 -0.0823135375976563
-0.04296875 -0.0321884155273438 -0.0062551498413086 -0.00653982162475586
-0.0419502258300781 0.00217056274414062 0.0407600402832031 -0.0005950927734375
-0.0264129638671875 0.0236682891845703 0.0516815185546875 -0.0402717590332031
-0.0106658935546875 0.0387077331542969 0.0327911376953125 -0.077545166015625
0.00516510009765625 0.0331592559814453 0.00916290283203126 -0.100440979003906
0.00507545471191406 0.0284881591796875 0.0024566650390625 -0.103660583496094
0.00349617004394531 0.0316505432128906 0.0172119140625 -0.096771240234375
0.000665664672851565 0.0327987670898437 0.0486602783203125 -0.0729522705078125
-0.0136146545410156 0.0266399383544922 0.0589828491210938 -0.0378074645996094
-0.0298671722412109 0.0184574127197266 0.0494461059570313 0.0059661865234375
-0.0421409606933594 -0.014373779296875 0.0118293762207031 0.0264110565185547
-0.0274124145507812 -0.0551910400390625 -0.0249042510986328 -0.0334587097167969
-0.00673675537109374 -0.0864944458007813 -0.00866699218750001 -0.0794677734375
0.0398368835449219 0.0210418701171875 0.0370025634765625 0.0958709716796875
0.0597114562988281 -0.0102081298828125 0.0403175354003906 0.0407333374023438
0.0192756652832031 -0.0498046875 -0.00346755981445312 -0.0209026336669922
-0.0219154357910156 -0.0408172607421875 -0.0541152954101563 -0.00513076782226564
-0.0327892303466797 -0.018463134765625 -0.0546722412109375 0.0398521423339844
-0.0378227233886719 0.00121688842773437 -0.0346603393554688 0.0862045288085938
-0.0272674560546875 0.0156707763671875 0.00262451171875 0.10699462890625
-0.0250167846679688 0.00848960876464844 0.019744873046875 0.105369567871094
-0.0273590087890625 0.000877380371093748 0.00969696044921875 0.0988616943359375
-0.0213222503662109 -0.00822067260742188 -0.0202484130859375 0.0843276977539063
-0.00604915618896484 -0.0136566162109375 -0.0332565307617187 0.0536766052246094
0.00394725799560547 -0.011958122253418 -0.027099609375 0.023712158203125
0.0144023895263672 0.00203323364257813 -0.00341987609863281 0.0345745086669922
0.0128192901611328 0.0261554718017578 -0.00389862060546874 0.112579345703125
-0.00781631469726562 0.0367240905761719 -0.0968475341796875 0.149078369140625
0.0530509948730469 -0.0410270690917969 0.0414276123046875 0.0955657958984375
0.0533638000488281 -0.0645751953125 0.0423469543457031 0.0432548522949219
-0.00436401367187499 -0.083740234375 0.00550746917724609 -0.00971412658691407
-0.0580520629882813 -0.0540313720703125 -0.0379219055175781 0.001434326171875
-0.0664596557617188 -0.00826644897460937 -0.0369987487792969 0.0356559753417969
-0.0616264343261719 0.0358734130859375 -0.0215225219726562 0.075836181640625
-0.0335693359375 0.0549278259277344 0.011199951171875 0.0915985107421875
-0.030609130859375 0.0440940856933594 0.0279541015625 0.09002685546875
-0.0356483459472656 0.0418739318847656 0.0195159912109375 0.0869598388671875
-0.0422897338867187 0.0303115844726563 -0.00806427001953125 0.0792617797851563
-0.0413475036621094 0.00721359252929688 -0.0191764831542969 0.0530052185058594
-0.0398025512695313 -0.01123046875 -0.0166549682617187 0.0321254730224609
-0.0207691192626953 -0.0328025817871094 -0.000129699707031252 0.0524177551269531
0.00247573852539063 -0.0337982177734375 -0.00845336914062499 0.121932983398437
0.00163078308105469 -0.0298995971679688 -0.098358154296875 0.15350341796875
0.0572586059570312 -0.098480224609375 0.0497589111328125 0.0787811279296875
0.0374984741210938 -0.111846923828125 0.0422630310058594 0.0360031127929688
-0.0295486450195313 -0.106971740722656 0.0105953216552734 0.0015268325805664
-0.0875625610351563 -0.0597305297851562 -0.0181522369384766 0.0100555419921875
-0.0914840698242187 0.00302124023437499 -0.0137310028076172 0.0285549163818359
-0.07672119140625 0.0647201538085938 -0.00379562377929688 0.0560188293457031
-0.03570556640625 0.086181640625 0.0192832946777344 0.0621719360351563
-0.0317611694335938 0.0730972290039063 0.0316162109375 0.0611686706542969
-0.0391998291015625 0.0770187377929688 0.0265274047851562 0.0621109008789063
-0.0576934814453125 0.0650672912597656 0.00509643554687499 0.0618247985839844
-0.0717086791992188 0.0284194946289062 -0.00199890136718751 0.0436592102050781
-0.0801467895507813 -0.00856018066406251 -0.00208663940429688 0.0366935729980469
-0.0546226501464844 -0.0633964538574219 0.00520706176757813 0.0661163330078125
-0.00894165039062501 -0.0887832641601563 -0.014434814453125 0.117538452148438
0.00915527343749999 -0.092742919921875 -0.0953292846679687 0.137176513671875
0.05169677734375 -0.14422607421875 0.0569381713867188 0.0467796325683594
0.01220703125 -0.146209716796875 0.0373001098632813 0.0198097229003906
-0.0575408935546875 -0.115501403808594 0.0128450393676758 0.0112810134887695
-0.109329223632813 -0.0531082153320313 0.00284194946289062 0.0179214477539063
-0.103157043457031 0.0173187255859375 0.0117568969726562 0.0178413391113281
-0.0796127319335937 0.0858688354492188 0.0143089294433594 0.0289096832275391
-0.031646728515625 0.104331970214844 0.0247135162353516 0.024261474609375
-0.0294876098632813 0.0911026000976563 0.0311374664306641 0.0222396850585938
-0.0370635986328125 0.100723266601563 0.0292148590087891 0.0257415771484375
-0.0649566650390625 0.0897140502929688 0.0187053680419922 0.0326633453369141
-0.091461181640625 0.0446701049804687 0.0181465148925781 0.0256252288818359
-0.108711242675781 -0.00367736816406249 0.0162582397460937 0.0346946716308594
-0.080596923828125 -0.0841751098632812 0.0118179321289062 0.0718154907226563
-0.0195388793945312 -0.130378723144531 -0.0187911987304688 0.0989990234375
0.0135345458984375 -0.14154052734375 -0.0835647583007813 0.102447509765625
0.036346435546875 -0.170181274414063 0.060760498046875 0.00246810913085936
-0.015716552734375 -0.16119384765625 0.0269451141357422 -0.00372314453125001
-0.0804672241210938 -0.107902526855469 0.0109138488769531 0.0168342590332031
-0.116722106933594 -0.036346435546875 0.0226421356201172 0.0211582183837891
-0.099945068359375 0.0318984985351562 0.0344696044921875 0.00270462036132813
-0.0697250366210938 0.0959243774414063 0.0290699005126953 -0.00402069091796874
-0.0221633911132813 0.108070373535156 0.0253524780273438 -0.0173988342285156
-0.0219955444335937 0.0954132080078125 0.0251407623291016 -0.020263671875
-0.0301666259765625 0.107711791992188 0.0281448364257812 -0.0152149200439453
-0.0605621337890625 0.099273681640625 0.0302352905273437 -0.00211524963378906
-0.0946578979492188 0.0537796020507812 0.0361480712890625 0.00202178955078125
-0.11767578125 0.00243377685546875 0.0337276458740234 0.0263500213623047
-0.0932540893554687 -0.0894393920898438 0.0186576843261719 0.0678176879882813
-0.0274505615234375 -0.147918701171875 -0.0234489440917969 0.0690193176269531
0.0129852294921875 -0.165756225585938 -0.0684738159179688 0.0550613403320313
0.0189056396484375 -0.170074462890625 0.0611000061035156 -0.0466728210449219
-0.0359954833984375 -0.15283203125 0.0139541625976562 -0.0309829711914063
-0.088653564453125 -0.08746337890625 0.006134033203125 0.0158615112304687
-0.108314514160156 -0.0165786743164062 0.0366477966308594 0.0170745849609375
-0.0832977294921875 0.0409469604492188 0.0482673645019531 -0.0152130126953125
-0.0500717163085938 0.0919189453125 0.0357627868652344 -0.0361671447753906
-0.0100936889648437 0.0958404541015625 0.0204048156738281 -0.0565452575683594
-0.0114059448242187 0.0848236083984375 0.01556396484375 -0.0589065551757812
-0.0188217163085938 0.0966567993164062 0.0234718322753906 -0.0544395446777344
-0.0452804565429688 0.0898361206054688 0.039154052734375 -0.0374946594238281
-0.0791168212890625 0.0520248413085937 0.0506973266601562 -0.02105712890625
-0.103500366210938 0.00834655761718752 0.0470085144042969 0.0158157348632812
-0.0873641967773438 -0.0761184692382813 0.0220069885253906 0.0567626953125
-0.0310745239257813 -0.138023376464844 -0.0264472961425781 0.032379150390625
0.00703430175781251 -0.163177490234375 -0.0497970581054688 0.00276184082031249
0.00433349609374999 -0.142501831054688 0.060394287109375 -0.0936508178710938
-0.0412368774414063 -0.121109008789062 0.00316238403320313 -0.0582733154296875
-0.0778579711914062 -0.0591659545898438 0.00118160247802734 0.00763988494873047
-0.0821609497070313 -0.000762939453125017 0.0436172485351562 0.00762557983398437
-0.0560111999511719 0.0400505065917969 0.0532913208007812 -0.032623291015625
-0.0267257690429688 0.0734786987304688 0.0345039367675781 -0.0642547607421875
0.00228118896484375 0.0694389343261719 0.0108566284179688 -0.0859298706054688
6.86645507812562E-05 0.0612373352050781 0.003997802734375 -0.0896987915039063
-0.00499725341796874 0.0698165893554688 0.0163497924804688 -0.0843887329101563
-0.020782470703125 0.06573486328125 0.0441017150878906 -0.0643959045410156
-0.0476493835449219 0.0428314208984375 0.05767822265625 -0.037078857421875
-0.0696372985839844 0.015106201171875 0.0533180236816406 0.0073699951171875
-0.0690727233886719 -0.0463714599609375 0.021087646484375 0.041839599609375
-0.0335311889648438 -0.103569030761719 -0.0289554595947266 -0.00201797485351563
-0.00459289550781251 -0.136001586914063 -0.033416748046875 -0.0438957214355469
-0.00879669189453126 -0.0928573608398438 0.06207275390625 -0.12994384765625
-0.0340042114257813 -0.0722503662109375 -0.00138854980468751 -0.081817626953125
-0.0511016845703125 -0.0276260375976563 -0.00415992736816407 -0.00602483749389649
-0.0446968078613281 0.0099029541015625 0.0430450439453125 -0.00566864013671875
-0.0233802795410156 0.0301952362060547 0.0488548278808594 -0.0466156005859375
-0.00243377685546875 0.0428543090820313 0.0266265869140625 -0.0829849243164063
0.0134620666503906 0.0328540802001953 -0.000953674316406246 -0.103691101074219
0.0115814208984375 0.0281333923339844 -0.00873565673828124 -0.105804443359375
0.0111904144287109 0.0313453674316406 0.00757598876953125 -0.100471496582031
0.008087158203125 0.033447265625 0.0434112548828125 -0.0788497924804687
-0.00744819641113281 0.03057861328125 0.057647705078125 -0.0437126159667969
-0.0267505645751953 0.0257453918457031 0.0523796081542969 0.002655029296875
-0.0464515686035156 -0.00662994384765626 0.0159072875976562 0.0268306732177734
-0.0381660461425781 -0.0535659790039063 -0.0304927825927734 -0.0294723510742188
-0.0210189819335937 -0.0903244018554688 -0.0206375122070313 -0.0790863037109375
0.0459175109863281 0.0181694030761719 0.0487136840820313 0.08837890625
0.06280517578125 -0.018524169921875 0.0465049743652344 0.034332275390625
0.0153465270996094 -0.0554618835449219 -0.00426292419433594 -0.0212955474853516
-0.0276870727539063 -0.0413169860839844 -0.0536003112792969 -0.000629425048828138
-0.0376930236816406 -0.015777587890625 -0.0499382019042969 0.0436248779296875
-0.0410423278808594 0.00693893432617187 -0.0257110595703125 0.0868301391601563
-0.0283336639404297 0.0206699371337891 0.0130615234375 0.103324890136719
-0.0268802642822266 0.0127677917480469 0.030517578125 0.0999679565429688
-0.0312252044677734 0.00511360168457032 0.0199356079101563 0.0950469970703125
-0.0254554748535156 -0.00707244873046874 -0.0110321044921875 0.0845413208007813
-0.00887489318847656 -0.016444206237793 -0.0269660949707031 0.0570144653320313
0.00440692901611328 -0.0161266326904297 -0.0248069763183594 0.0274829864501953
0.0190162658691406 -4.57763671875E-05 -0.00315666198730469 0.0343799591064453
0.0205039978027344 0.0279483795166016 0.00415039062499999 0.107696533203125
0.000419616699218749 0.0417594909667969 -0.0830078125 0.15106201171875
0.052093505859375 -0.0425453186035156 0.0552978515625 0.0883941650390625
0.0512886047363281 -0.0699234008789063 0.0493698120117188 0.0368614196777344
-0.0099945068359375 -0.0858612060546875 0.00608444213867188 -0.0110797882080078
-0.0633621215820313 -0.0511283874511719 -0.0359764099121094 0.004852294921875
-0.0688514709472656 -0.00323104858398439 -0.0313491821289063 0.0372200012207031
-0.0603675842285156 0.042083740234375 -0.0124130249023438 0.0747909545898438
-0.0302200317382812 0.0590667724609375 0.02178955078125 0.0857162475585938
-0.0282554626464844 0.0477333068847656 0.0381088256835938 0.0830459594726563
-0.0341720581054688 0.0455665588378906 0.0304412841796875 0.0819931030273438
-0.041534423828125 0.0325202941894531 0.0022430419921875 0.078582763671875
-0.0406227111816406 0.00774383544921875 -0.0116958618164062 0.0555610656738281
-0.0383567810058594 -0.0101509094238281 -0.01287841796875 0.0359001159667969
-0.0183639526367187 -0.0300331115722656 0.00263214111328125 0.0532798767089844
0.00438690185546875 -0.0291614532470703 0.00142669677734375 0.119346618652344
0.00194358825683594 -0.0240325927734375 -0.08416748046875 0.1572265625
0.0493240356445312 -0.098724365234375 0.0626373291015625 0.0727005004882813
0.0301055908203125 -0.112823486328125 0.0493621826171875 0.0301742553710937
-0.0365982055664062 -0.10455322265625 0.0132455825805664 -0.000686645507812506
-0.09222412109375 -0.0530548095703125 -0.0149173736572266 0.0115175247192383
-0.0906600952148438 0.01031494140625 -0.00812530517578126 0.0281925201416016
-0.0701446533203125 0.0707168579101563 0.00448989868164062 0.0531883239746094
-0.0281219482421875 0.0882720947265625 0.0274772644042969 0.0561027526855469
-0.0257110595703125 0.0750808715820313 0.0398902893066406 0.0535812377929688
-0.032745361328125 0.0799331665039063 0.0356674194335938 0.0559349060058594
-0.0520668029785156 0.0680732727050781 0.0146713256835937 0.0601425170898438
-0.0680618286132813 0.0321006774902344 0.00543975830078125 0.0452308654785156
-0.077789306640625 -0.00278472900390626 0.00291061401367187 0.0395545959472656
-0.05499267578125 -0.0565109252929688 0.0104904174804688 0.0667686462402344
-0.0128936767578125 -0.0829696655273438 -0.00359344482421875 0.116897583007813
0.002593994140625 -0.087005615234375 -0.081512451171875 0.1429443359375
0.037353515625 -0.142868041992188 0.0682029724121094 0.0429458618164062
0.000244140625000011 -0.142135620117188 0.043914794921875 0.0159568786621094
-0.0653457641601563 -0.108139038085938 0.0163516998291016 0.00848197937011718
-0.111351013183594 -0.042877197265625 0.0066995620727539 0.0172309875488281
-0.0994491577148438 0.0259323120117187 0.0168972015380859 0.0157337188720703
-0.0695877075195313 0.0909347534179688 0.0203266143798828 0.0239944458007813
-0.020843505859375 0.104721069335938 0.0293960571289063 0.0181179046630859
-0.0204544067382813 0.0916748046875 0.035888671875 0.0156211853027344
-0.027191162109375 0.102554321289063 0.0350990295410156 0.0199508666992188
-0.054595947265625 0.0932998657226562 0.0261402130126953 0.0298118591308594
-0.0851593017578125 0.0512313842773438 0.0242233276367187 0.025390625
-0.105537414550781 0.00614929199218752 0.0214729309082031 0.0359954833984375
-0.0832443237304687 -0.074188232421875 0.0188751220703125 0.0721969604492188
-0.02899169921875 -0.123344421386719 -0.00895690917968751 0.100845336914062
0.000671386718749997 -0.135040283203125 -0.0736618041992188 0.109916687011719
0.0184326171875 -0.167617797851563 0.0672531127929687 0.00125122070312499
-0.0311737060546875 -0.15374755859375 0.0316200256347656 -0.00485610961914063
-0.0879287719726563 -0.0976409912109375 0.0153160095214844 0.0142269134521484
-0.116744995117187 -0.0239791870117188 0.0269393920898437 0.0188522338867188
-0.0933914184570313 0.0406417846679688 0.0373001098632812 -0.000686645507812498
-0.0568389892578125 0.0990676879882813 0.0319347381591797 -0.00883674621582031
-0.010101318359375 0.106002807617188 0.0254364013671875 -0.0228672027587891
-0.0110015869140625 0.0949020385742188 0.0256404876708984 -0.0250282287597656
-0.0176925659179687 0.107994079589844 0.0297260284423828 -0.0205078125
-0.0475845336914062 0.102119445800781 0.033935546875 -0.00593566894531249
-0.0857162475585938 0.0618820190429687 0.0398292541503906 -0.000293731689453121
-0.113548278808594 0.014678955078125 0.0384292602539063 0.0257606506347656
-0.0968170166015625 -0.077239990234375 0.0264930725097656 0.0677566528320313
-0.0399932861328125 -0.140380859375 -0.0157394409179688 0.072601318359375
-0.004058837890625 -0.1610107421875 -0.0628395080566406 0.0628204345703125
0.000320434570312517 -0.16741943359375 0.062469482421875 -0.0460395812988281
-0.052520751953125 -0.1439208984375 0.0151176452636719 -0.0289020538330078
-0.0956344604492188 -0.0754318237304688 0.0112247467041016 0.0146713256835937
-0.106559753417969 -0.00366973876953123 0.040374755859375 0.0134506225585938
-0.075042724609375 0.0487899780273437 0.0493049621582031 -0.0197982788085937
-0.0365066528320313 0.0931472778320313 0.0354423522949219 -0.0406112670898437
0.00266265869140626 0.0921707153320313 0.0165748596191406 -0.0592689514160156
-0.000946044921874995 0.0830001831054687 0.0115623474121094 -0.0618209838867187
-0.00587463378906249 0.0954666137695313 0.020111083984375 -0.0577011108398437
-0.0322723388671875 0.0919113159179688 0.0387191772460938 -0.0415267944335937
-0.0697860717773437 0.0592994689941406 0.0511436462402344 -0.0247116088867187
-0.098846435546875 0.0203094482421875 0.0504837036132813 0.0135307312011719
-0.091339111328125 -0.0634307861328125 0.0292930603027344 0.0555496215820312
-0.0453643798828125 -0.130714416503906 -0.0230255126953125 0.0374107360839844
-0.0123748779296875 -0.159469604492188 -0.0503501892089844 0.0110893249511719
-0.0131988525390625 -0.141082763671875 0.0566635131835938 -0.091278076171875
-0.056427001953125 -0.114082336425781 0.00117874145507812 -0.0541496276855469
-0.0838470458984375 -0.0490264892578125 0.00463294982910156 0.00732898712158203
-0.0802993774414063 0.010833740234375 0.0454330444335937 0.00326919555664063
-0.0483741760253906 0.04681396484375 0.0512504577636719 -0.0373916625976562
-0.0142898559570312 0.0737533569335938 0.0303993225097656 -0.0665931701660156
0.0134239196777344 0.0646514892578125 0.00263977050781249 -0.086944580078125
0.00909423828125001 0.058349609375 -0.00437927246093749 -0.0892105102539063
0.00582504272460938 0.0667991638183594 0.00955963134765626 -0.0856857299804688
-0.009735107421875 0.065582275390625 0.0396652221679688 -0.0677680969238281
-0.0392570495605469 0.0474395751953125 0.0556793212890625 -0.0411376953125
-0.0647087097167969 0.0247230529785156 0.0548057556152344 0.00395584106445313
-0.071533203125 -0.0350570678710938 0.0261268615722656 0.0402755737304688
-0.0464324951171875 -0.0963668823242188 -0.0288314819335938 0.0034961700439453
-0.0222930908203125 -0.132843017578125 -0.0389747619628906 -0.0365104675292969
-0.0209503173828125 -0.0936965942382813 0.05322265625 -0.127876281738281
-0.0449790954589844 -0.068634033203125 -0.00582122802734376 -0.0767669677734375
-0.0568580627441406 -0.0208930969238281 -0.00165987014770508 -0.00555896759033203
-0.0439834594726563 0.0176200866699219 0.0425224304199219 -0.0105743408203125
-0.0180435180664062 0.034637451171875 0.0445518493652344 -0.0507278442382813
0.00607681274414062 0.0421218872070313 0.0190811157226562 -0.083892822265625
0.0204868316650391 0.0281982421875 -0.011444091796875 -0.101104736328125
0.0174674987792969 0.0244884490966797 -0.019317626953125 -0.102455139160156
0.0179882049560547 0.0272502899169922 -0.00145721435546874 -0.098907470703125
0.0169124603271484 0.0304088592529297 0.0365142822265625 -0.0809326171875
-0.000255584716796877 0.0319099426269531 0.0535545349121094 -0.0476799011230469
-0.0209999084472656 0.0311222076416016 0.0522346496582031 -0.0014801025390625
-0.0464210510253906 0.00252532958984376 0.0188465118408203 0.0258712768554688
-0.0474128723144531 -0.046966552734375 -0.0341053009033203 -0.02239990234375
-0.03564453125 -0.0871429443359375 -0.03131103515625 -0.0722427368164063
0.0505828857421875 0.0153465270996094 0.0557403564453125 0.0776290893554688
0.06378173828125 -0.0258674621582031 0.0491676330566406 0.0271034240722656
0.0110092163085937 -0.0594024658203125 -0.0046844482421875 -0.0217399597167969
-0.03289794921875 -0.0414657592773438 -0.0512123107910156 0.0020751953125
-0.0410728454589844 -0.0123634338378906 -0.0448646545410156 0.0437774658203125
-0.0427207946777344 0.01239013671875 -0.0190811157226563 0.0836715698242188
-0.0284976959228516 0.0253372192382813 0.0196609497070312 0.0968551635742188
-0.0278701782226563 0.0168418884277344 0.036651611328125 0.091766357421875
-0.0336952209472656 0.0100746154785156 0.0267562866210937 0.0886993408203125
-0.0294780731201172 -0.00517654418945313 -0.00420379638671874 0.0812149047851563
-0.0126323699951172 -0.01849365234375 -0.02105712890625 0.0569839477539063
0.0036163330078125 -0.0194969177246094 -0.0221824645996094 0.0295505523681641
0.02313232421875 -0.0034332275390625 -0.00361061096191406 0.0340785980224609
0.0282573699951172 0.0275115966796875 0.00739288330078124 0.100570678710938
0.00856018066406249 0.0442047119140625 -0.0735015869140625 0.145492553710938
0.0524826049804688 -0.0416755676269531 0.0630111694335938 0.0782394409179688
0.0499649047851562 -0.0725555419921875 0.0528945922851563 0.0287971496582031
-0.0136260986328125 -0.0863189697265625 0.00614261627197266 -0.0128965377807617
-0.0664939880371094 -0.0482711791992188 -0.033294677734375 0.00582504272460937
-0.0695457458496094 0.00077819824218749 -0.0265426635742188 0.0363502502441406
-0.0576744079589844 0.0459213256835938 -0.00591278076171875 0.0703582763671875
-0.0274162292480469 0.0610275268554688 0.027252197265625 0.0778121948242188
-0.0261993408203125 0.0497665405273437 0.0434494018554688 0.0741043090820312
-0.0334548950195313 0.0480766296386719 0.036407470703125 0.0737075805664063
-0.0411796569824219 0.0332260131835938 0.0101776123046875 0.0743026733398438
-0.0403022766113281 0.00695419311523438 -0.0053253173828125 0.0552864074707031
-0.0364112854003906 -0.0109214782714844 -0.00921630859375001 0.0382194519042969
-0.0141849517822266 -0.0287017822265625 0.00420761108398438 0.0525474548339844
0.00874900817871094 -0.0256366729736328 0.0067138671875 0.112510681152344
0.00584602355957031 -0.0185909271240234 -0.07257080078125 0.1536865234375
0.0446853637695312 -0.0942459106445312 0.0711593627929688 0.0641632080078125
0.0267486572265625 -0.110519409179687 0.053802490234375 0.0230865478515625
-0.0396499633789063 -0.101348876953125 0.0145902633666992 -0.00317764282226563
-0.0924606323242187 -0.0474090576171875 -0.0115985870361328 0.0107994079589844
-0.0880279541015625 0.0145339965820313 -0.00318336486816407 0.0257434844970703
-0.0650177001953125 0.0723876953125 0.0094757080078125 0.0472183227539063
-0.022857666015625 0.08709716796875 0.0309944152832031 0.0480804443359375
-0.0212020874023438 0.0748672485351562 0.043426513671875 0.0447158813476563
-0.0286636352539062 0.0796356201171875 0.0405731201171875 0.0479774475097656
-0.047149658203125 0.0682830810546875 0.0222015380859375 0.0552597045898438
-0.0639266967773438 0.032470703125 0.0113143920898438 0.0437202453613281
-0.0731277465820313 -0.00018310546874999 0.00745773315429687 0.0406303405761719
-0.0511741638183594 -0.0512046813964844 0.0138893127441406 0.0659446716308594
-0.0122833251953125 -0.076171875 0.00274658203125 0.112716674804688
0.000526428222656248 -0.07861328125 -0.0702667236328125 0.142059326171875
0.0285568237304687 -0.1353759765625 0.075439453125 0.0370864868164063
-0.00551605224609375 -0.134872436523438 0.0481224060058594 0.0108451843261719
-0.0666122436523437 -0.100914001464844 0.018768310546875 0.00545120239257812
-0.108375549316406 -0.035552978515625 0.0104379653930664 0.0151224136352539
-0.0938262939453125 0.0298309326171875 0.0205898284912109 0.0123691558837891
-0.0608978271484375 0.090057373046875 0.0241451263427734 0.0180625915527344
-0.0136337280273437 0.101226806640625 0.0308513641357422 0.0112266540527344
-0.0138015747070312 0.0896377563476563 0.0370445251464844 0.00844573974609376
-0.0195465087890625 0.0996017456054688 0.0379219055175781 0.0131034851074219
-0.0460052490234375 0.0920944213867187 0.0315074920654297 0.0258560180664063
-0.078094482421875 0.0528640747070312 0.0291061401367187 0.0236949920654297
-0.098907470703125 0.0112991333007813 0.0259132385253906 0.0359306335449219
-0.0806808471679688 -0.06561279296875 0.0240859985351563 0.0709228515625
-0.0320587158203125 -0.113822937011719 -0.00234985351562501 0.0985794067382812
-0.00607299804687499 -0.125282287597656 -0.064208984375 0.111610412597656
0.0064697265625 -0.158111572265625 0.0731277465820313 -0.00109100341796876
-0.0384979248046875 -0.142044067382813 0.0352897644042969 -0.00670623779296876
-0.0881729125976563 -0.0870437622070313 0.0194759368896484 0.01153564453125
-0.112098693847656 -0.015228271484375 0.0292015075683594 0.0154399871826172
-0.0854721069335938 0.0437469482421875 0.0392684936523437 -0.00505447387695312
-0.0463714599609375 0.0962448120117188 0.033294677734375 -0.0145206451416016
-0.00168609619140625 0.0994796752929688 0.0248222351074219 -0.0269298553466797
-0.00424957275390624 0.0899581909179688 0.0247173309326172 -0.0296115875244141
-0.00865936279296874 0.103134155273438 0.0298557281494141 -0.0248394012451172
-0.0375137329101563 0.0993423461914062 0.0369071960449219 -0.00997161865234374
-0.0768203735351563 0.0634841918945313 0.042999267578125 -0.00244903564453125
-0.105712890625 0.0215682983398437 0.0418853759765625 0.0244255065917969
-0.0949172973632813 -0.0665817260742187 0.0321769714355469 0.0651512145996094
-0.0461273193359375 -0.129798889160156 -0.0091705322265625 0.0731201171875
-0.0150299072265625 -0.150131225585938 -0.0562210083007813 0.0672531127929687
-0.013031005859375 -0.158203125 0.0652236938476563 -0.0441207885742188
-0.0613250732421875 -0.131004333496094 0.0181617736816406 -0.0271644592285156
-0.095794677734375 -0.0636978149414063 0.0157680511474609 0.0122814178466797
-0.100196838378906 0.00559997558593751 0.0422630310058594 0.0102386474609375
-0.0659255981445313 0.0519561767578125 0.0490036010742188 -0.0226631164550781
-0.0254135131835937 0.0887374877929688 0.0341148376464844 -0.0440139770507812
0.0106887817382812 0.0843505859375 0.0132865905761719 -0.0602989196777344
0.00648498535156249 0.07733154296875 0.00844955444335938 -0.0626945495605469
0.0028533935546875 0.0893478393554688 0.0178565979003906 -0.05950927734375
-0.0212249755859375 0.0877151489257813 0.0379753112792969 -0.0436477661132812
-0.0601654052734375 0.0611610412597656 0.0509109497070313 -0.0267601013183594
-0.08990478515625 0.0269699096679688 0.0524787902832031 0.0117454528808594
-0.0893707275390625 -0.0520095825195312 0.0344467163085937 0.0532798767089844
-0.0528717041015625 -0.119338989257813 -0.0183525085449219 0.0402259826660156
-0.0251312255859375 -0.14862060546875 -0.0477066040039063 0.0177001953125
-0.0259780883789063 -0.134574890136719 0.0555953979492187 -0.086029052734375
-0.0655975341796875 -0.102867126464844 0.00284576416015624 -0.0492172241210938
-0.0854644775390625 -0.037689208984375 0.00854444503784179 0.00574350357055664
-0.075347900390625 0.0193557739257813 0.045928955078125 -0.000232696533203124
-0.0398406982421875 0.0494422912597656 0.048248291015625 -0.0394172668457031
-0.0049285888671875 0.069488525390625 0.0267524719238281 -0.0673713684082031
0.0202522277832031 0.0569648742675781 -0.00196075439453126 -0.0841522216796875
0.01519775390625 0.0524024963378906 -0.00937652587890624 -0.0863037109375
0.0132713317871094 0.0598487854003906 0.00484466552734375 -0.0838470458984375
-0.000667572021484375 0.0608100891113281 0.0363502502441406 -0.0683403015136719
-0.0303878784179688 0.0477790832519531 0.0533447265625 -0.0426445007324219
-0.0562515258789063 0.0306396484375 0.0553779602050781 0.001251220703125
-0.0693740844726563 -0.0249176025390625 0.0299644470214844 0.0383758544921875
-0.0541610717773438 -0.0861358642578125 -0.0262355804443359 0.00896263122558594
-0.0355453491210937 -0.122871398925781 -0.0411796569824219 -0.0276031494140625
-0.0312957763671875 -0.0908432006835938 0.0479278564453125 -0.120986938476563
-0.0530586242675781 -0.0622940063476563 -0.00672531127929688 -0.0702781677246094
-0.0588340759277344 -0.0132102966308594 0.000684738159179685 -0.0064396858215332
-0.0409317016601563 0.0238609313964844 0.0410270690917969 -0.0136604309082031
-0.0118522644042969 0.0365715026855469 0.0398979187011719 -0.051666259765625
0.0136337280273438 0.0386466979980469 0.0135421752929688 -0.0818710327148438
0.0252857208251953 0.0219669342041016 -0.0174713134765625 -0.0959396362304687
0.0213375091552734 0.0196285247802734 -0.0248870849609375 -0.0966110229492188
0.0219764709472656 0.0218925476074219 -0.007843017578125 -0.0946121215820312
0.0226230621337891 0.0249233245849609 0.0310821533203125 -0.0799026489257813
0.006561279296875 0.0303974151611328 0.0495719909667969 -0.0482635498046875
-0.0139827728271484 0.0342903137207031 0.0514793395996094 -0.00369644165039062
-0.0439071655273438 0.0104331970214844 0.0208168029785156 0.0248794555664063
-0.05322265625 -0.0387115478515625 -0.0348281860351563 -0.0160293579101562
-0.0463104248046875 -0.0801162719726563 -0.0372657775878906 -0.0625572204589844
0.0548629760742188 0.0129318237304688 0.0577163696289063 0.0683403015136719
0.0645217895507813 -0.0320892333984375 0.0496826171875 0.0203514099121094
0.00719833374023438 -0.0625114440917969 -0.00481605529785156 -0.0221843719482422
-0.0373497009277344 -0.0411148071289062 -0.0495986938476563 0.00247573852539062
-0.0442962646484375 -0.00962829589843751 -0.0420188903808594 0.0426445007324219
-0.0440139770507813 0.0169563293457031 -0.0167083740234375 0.07965087890625
-0.0288753509521484 0.0300769805908203 0.0213546752929687 0.0906143188476563
-0.0284881591796875 0.0206489562988281 0.0378265380859375 0.0853118896484375
-0.0355682373046875 0.0146827697753906 0.028778076171875 0.0825653076171875
-0.0331974029541016 -0.00325965881347656 -0.000335693359374998 0.07763671875
-0.0158481597900391 -0.0198898315429688 -0.017425537109375 0.0557975769042969
0.00188064575195313 -0.0233249664306641 -0.0204505920410156 0.0312175750732422
0.0262126922607422 -0.00714683532714844 -0.00502204895019531 0.0341587066650391
0.0356407165527344 0.0257034301757813 0.00624847412109376 0.09490966796875
0.0162696838378906 0.045135498046875 -0.0707626342773438 0.138191223144531
0.0548820495605469 -0.0404701232910156 0.0670394897460938 0.0688629150390625
0.0500946044921875 -0.0750274658203125 0.0544815063476563 0.0222625732421875
-0.0162124633789063 -0.0872421264648437 0.00666999816894531 -0.0143451690673828
-0.0683822631835938 -0.0468635559082031 -0.0308914184570313 0.00528335571289063
-0.070098876953125 0.00311660766601563 -0.0233325958251953 0.0335159301757813
-0.0579261779785156 0.04840087890625 -0.00346755981445313 0.0650291442871094
-0.0260276794433594 0.0624122619628906 0.0282135009765625 0.0711669921875
-0.0263900756835938 0.0514183044433594 0.0442733764648438 0.0662918090820312
-0.0336990356445313 0.0503158569335938 0.0391769409179688 0.0668182373046875
-0.042144775390625 0.0334396362304688 0.01422119140625 0.0691871643066406
-0.0415077209472656 0.00489044189453125 -0.00101089477539063 0.0535926818847656
-0.0352249145507812 -0.0133438110351563 -0.00609970092773437 0.0394935607910156
-0.00954437255859375 -0.0296592712402344 0.00457000732421874 0.0526199340820312
0.0146045684814453 -0.023773193359375 0.00708007812500001 0.107933044433594
0.0115737915039063 -0.0137357711791992 -0.0686187744140625 0.147445678710938
0.045867919921875 -0.0885162353515625 0.0765228271484375 0.0563735961914062
0.0266494750976562 -0.107635498046875 0.055908203125 0.0162582397460937
-0.0397186279296875 -0.0997467041015625 0.0157098770141602 -0.00624656677246094
-0.0917510986328125 -0.0450210571289062 -0.00928497314453126 0.00923728942871093
-0.0862350463867188 0.0157470703125 -0.000488281250000004 0.022064208984375
-0.062774658203125 0.072540283203125 0.0114364624023437 0.0411109924316406
-0.02093505859375 0.0857696533203125 0.0315589904785156 0.0410423278808594
-0.0198287963867188 0.0742111206054688 0.043975830078125 0.0372352600097656
-0.0267562866210938 0.0790481567382812 0.0423164367675781 0.040374755859375
-0.0458259582519531 0.0663528442382813 0.0265464782714844 0.0503463745117188
-0.0624847412109375 0.0308837890625 0.0163116455078125 0.0418853759765625
-0.0692977905273438 -0.00112152099609374 0.0110511779785156 0.0410957336425781
-0.0451316833496094 -0.0494918823242187 0.0156936645507813 0.0656280517578125
-0.00800323486328125 -0.0713653564453125 0.00440216064453126 0.109344482421875
0.00392913818359375 -0.07037353515625 -0.0647354125976563 0.138153076171875
0.0263442993164062 -0.126052856445313 0.0821304321289063 0.0312423706054687
-0.00531005859374999 -0.128166198730469 0.0517234802246094 0.00613021850585937
-0.0640029907226562 -0.0970535278320313 0.0207004547119141 0.00191116333007812
-0.105247497558594 -0.032562255859375 0.0123577117919922 0.0124721527099609
-0.0896835327148438 0.0296630859375 0.0230693817138672 0.00816154479980469
-0.056793212890625 0.087158203125 0.0253334045410156 0.0118370056152344
-0.0110015869140625 0.0967254638671875 0.0308265686035156 0.00544738769531251
-0.0113983154296875 0.0862503051757813 0.0366668701171875 0.00161361694335938
-0.0165328979492188 0.0965347290039062 0.0391998291015625 0.00661849975585938
-0.042327880859375 0.0887451171875 0.0352363586425781 0.021026611328125
-0.0737838745117188 0.0521926879882812 0.0335273742675781 0.0211277008056641
-0.0931396484375 0.0119171142578125 0.0298118591308594 0.0361366271972656
-0.0748748779296875 -0.0613479614257813 0.027130126953125 0.0694198608398437
-0.0297164916992188 -0.106979370117188 0.00118255615234374 0.0966644287109375
-0.00611877441406249 -0.115226745605469 -0.0587081909179688 0.110786437988281
0.00157165527343749 -0.14788818359375 0.079254150390625 -0.00279998779296876
-0.0387496948242188 -0.132179260253906 0.0395431518554688 -0.00807952880859376
-0.084503173828125 -0.0801925659179688 0.0221271514892578 0.00827026367187499
-0.1063232421875 -0.0117950439453125 0.0313529968261719 0.0122928619384766
-0.0793914794921875 0.0430984497070313 0.04095458984375 -0.00790786743164062
-0.040924072265625 0.0909500122070313 0.0338401794433594 -0.0187091827392578
0.00141143798828125 0.0934219360351563 0.0239105224609375 -0.0309066772460937
-0.00103759765625 0.0854263305664063 0.0235385894775391 -0.0336494445800781
-0.00435638427734374 0.0972976684570313 0.0298557281494141 -0.0298347473144531
-0.0320892333984375 0.094757080078125 0.0390968322753906 -0.0136642456054687
-0.0711135864257813 0.0628433227539062 0.0456161499023437 -0.00443267822265625
-0.0984115600585938 0.0230560302734375 0.0452957153320312 0.023223876953125
-0.089508056640625 -0.0607757568359375 0.0355262756347656 0.0635643005371094
-0.0457534790039062 -0.121139526367188 -0.00495147705078125 0.0728759765625
-0.01812744140625 -0.138938903808594 -0.0510025024414063 0.0690460205078125
-0.0196990966796875 -0.148605346679687 0.0704345703125 -0.0419540405273438
-0.06378173828125 -0.120185852050781 0.0226268768310547 -0.0260696411132813
-0.0923614501953125 -0.0558624267578125 0.0192070007324219 0.00952339172363281
-0.0936813354492188 0.00945281982421874 0.0433387756347656 0.00749969482421875
-0.0590629577636719 0.0509300231933594 0.0492935180664063 -0.0246963500976563
-0.0197067260742188 0.0831451416015625 0.0340652465820313 -0.0470085144042969
0.0140151977539063 0.0766067504882813 0.0118026733398438 -0.0614585876464844
0.00991058349609376 0.0715103149414063 0.00705337524414063 -0.0638885498046875
0.00723266601562499 0.0821075439453125 0.0165519714355469 -0.0611076354980469
-0.0151824951171875 0.082183837890625 0.0389442443847656 -0.0458488464355469
-0.0527000427246094 0.05938720703125 0.0523834228515625 -0.0286712646484375
-0.0818405151367188 0.0293655395507812 0.054595947265625 0.00986480712890625
-0.0840530395507813 -0.045379638671875 0.0378227233886719 0.0509986877441406
-0.05499267578125 -0.109695434570313 -0.0140838623046875 0.0416679382324219
-0.0302200317382812 -0.137275695800781 -0.045074462890625 0.0231666564941406
-0.0335617065429687 -0.127960205078125 0.0593795776367188 -0.0801239013671875
-0.0692901611328125 -0.0934066772460938 0.00652694702148437 -0.0452079772949219
-0.0837631225585938 -0.0300674438476562 0.0118627548217773 0.0038614273071289
-0.0697860717773438 0.0242958068847656 0.045440673828125 -0.002655029296875
-0.03289794921875 0.0490570068359375 0.0474624633789063 -0.0406227111816406
0.00102233886718749 0.0637588500976562 0.0252189636230469 -0.0677680969238281
0.0233497619628906 0.0495185852050781 -0.00388336181640625 -0.0823593139648438
0.0181083679199219 0.0461578369140625 -0.0110626220703125 -0.0843658447265625
0.0171356201171875 0.0530281066894531 0.00294494628906249 -0.0820465087890625
0.00530242919921876 0.054473876953125 0.0354576110839844 -0.0685615539550781
-0.0237846374511719 0.0456733703613281 0.052520751953125 -0.0436210632324219
-0.0485343933105469 0.0322723388671875 0.056060791015625 0.000190734863281252
-0.06439208984375 -0.0181388854980469 0.0323028564453125 0.0372734069824219
-0.0573272705078125 -0.076263427734375 -0.0237331390380859 0.0119876861572266
-0.0425567626953125 -0.112678527832031 -0.04034423828125 -0.02001953125
-0.0382614135742187 -0.0871810913085938 0.049774169921875 -0.113052368164062
-0.0575828552246094 -0.0562973022460938 -0.00298690795898438 -0.0649528503417969
-0.0597343444824219 -0.00730133056640624 0.00344753265380859 -0.00807380676269531
-0.0373916625976563 0.0290679931640625 0.0398406982421875 -0.015960693359375
-0.00638580322265625 0.0373001098632813 0.0370750427246094 -0.05145263671875
0.0183162689208984 0.0345745086669922 0.0111007690429688 -0.07940673828125
0.0276298522949219 0.0152683258056641 -0.0199508666992187 -0.0909576416015625
0.0235214233398438 0.0141487121582031 -0.0271224975585938 -0.0913619995117188
0.0241985321044922 0.015655517578125 -0.00906372070312501 -0.0905532836914063
0.0261936187744141 0.0188751220703125 0.0292587280273438 -0.0778884887695313
0.01202392578125 0.0277652740478516 0.0477561950683594 -0.0482864379882812
-0.00719642639160157 0.0348243713378906 0.0509910583496094 -0.00422286987304687
-0.0397529602050781 0.0159072875976563 0.0218391418457031 0.0242557525634766
-0.0563735961914063 -0.0307998657226563 -0.0331630706787109 -0.00990486145019531
-0.053314208984375 -0.0723800659179688 -0.0388946533203125 -0.0533409118652344
0.0604400634765625 0.0103721618652344 0.058074951171875 0.0604476928710937
0.0659942626953125 -0.0390472412109375 0.0487022399902344 0.0148811340332031
0.00315856933593751 -0.066131591796875 -0.00597763061523437 -0.0237178802490234
-0.0423545837402344 -0.04107666015625 -0.0486946105957031 0.00256729125976562
-0.0474891662597656 -0.00700759887695311 -0.0410079956054687 0.0408706665039063
-0.04583740234375 0.0227241516113281 -0.0157852172851563 0.0780410766601563
-0.0282840728759766 0.0344505310058594 0.0210494995117188 0.0870285034179687
-0.0287189483642578 0.0254859924316406 0.0373687744140625 0.0807952880859375
-0.0376129150390625 0.020599365234375 0.0297927856445312 0.0788650512695313
-0.0377197265625 2.67028808593686E-05 0.00115966796875 0.07489013671875
-0.0202388763427734 -0.0217647552490234 -0.0151176452636719 0.055328369140625
-0.000146865844726563 -0.0274715423583984 -0.0190601348876953 0.0327720642089844
0.0302448272705078 -0.0112953186035156 -0.00716400146484375 0.036163330078125
0.0440330505371094 0.0235328674316406 0.00273895263671875 0.092376708984375
0.0242080688476563 0.04559326171875 -0.0733642578125 0.133247375488281
0.0602035522460938 -0.0402297973632813 0.0694541931152344 0.0604705810546875
0.0521087646484375 -0.0793228149414063 0.0546875 0.0156364440917969
-0.0178909301757812 -0.0899658203125 0.00638103485107422 -0.016754150390625
-0.071685791015625 -0.0469131469726563 -0.0293197631835938 0.00437164306640625
-0.0726394653320313 0.00440216064453125 -0.0218868255615234 0.0310955047607422
-0.0582733154296875 0.0522193908691406 -0.00342941284179688 0.0613746643066406
-0.0258827209472656 0.0653190612792969 0.0276069641113281 0.0657806396484375
-0.0265121459960937 0.0539169311523438 0.0441551208496094 0.0605583190917969
-0.03466796875 0.0538291931152344 0.0394325256347656 0.0611610412597656
-0.0450019836425781 0.0349388122558594 0.0168609619140625 0.065826416015625
-0.0442543029785156 0.00353622436523437 0.00287246704101563 0.0525283813476563
-0.0349102020263672 -0.0174655914306641 -0.00378036499023438 0.0403404235839844
-0.00466728210449219 -0.0326766967773438 0.00449371337890625 0.054412841796875
0.0225448608398438 -0.024261474609375 0.00490570068359375 0.106086730957031
0.0187568664550781 -0.0103645324707031 -0.06890869140625 0.143905639648438
0.0494461059570312 -0.085174560546875 0.08062744140625 0.0481796264648438
0.0298538208007813 -0.108818054199219 0.0575942993164063 0.0110015869140625
-0.0392303466796875 -0.10174560546875 0.0159235000610352 -0.00905036926269532
-0.0924224853515625 -0.045806884765625 -0.00766229629516602 0.00783348083496094
-0.0876998901367188 0.0159149169921875 0.00156974792480468 0.0185756683349609
-0.0627670288085938 0.0737457275390625 0.011566162109375 0.0357475280761719
-0.02105712890625 0.0866241455078125 0.0306987762451172 0.0351390838623047
-0.020172119140625 0.0748672485351563 0.0429611206054688 0.0304298400878906
-0.0273590087890625 0.0801239013671875 0.0430107116699219 0.0341033935546875
-0.0466804504394531 0.066162109375 0.0302772521972656 0.0458908081054688
-0.0632667541503906 0.0288887023925781 0.0204925537109375 0.0400772094726563
-0.0683937072753906 -0.00425338745117186 0.0152435302734375 0.04266357421875
-0.0404014587402344 -0.0509681701660156 0.0170402526855469 0.0674667358398438
-0.0016937255859375 -0.0698051452636719 0.00473022460937501 0.108299255371094
0.00968551635742187 -0.0659980773925781 -0.0636825561523437 0.135993957519531
0.0291519165039063 -0.120361328125 0.0879974365234375 0.02587890625
-0.00244903564453126 -0.125221252441406 0.0544242858886719 0.000953674316406242
-0.0618362426757813 -0.0969314575195313 0.0222358703613281 -0.00149536132812501
-0.103912353515625 -0.0329742431640625 0.0148439407348633 0.00977230072021484
-0.0895309448242188 0.0284957885742188 0.0244617462158203 0.00425338745117188
-0.0566787719726563 0.0859756469726563 0.0255298614501953 0.00664138793945313
-0.0109024047851563 0.094268798828125 0.0289592742919922 -0.000501632690429682
-0.011322021484375 0.0853118896484375 0.0356483459472656 -0.00413894653320312
-0.0160140991210937 0.0953903198242188 0.0390396118164062 0.000709533691406256
-0.0411376953125 0.0867843627929687 0.0382003784179688 0.0160484313964844
-0.072357177734375 0.049835205078125 0.0371513366699219 0.0187797546386719
-0.090423583984375 0.0104522705078125 0.0338134765625 0.0359230041503906
-0.0696983337402344 -0.0612335205078125 0.0297775268554688 0.0706253051757813
-0.0254287719726563 -0.103713989257812 0.00337982177734375 0.0965499877929688
-0.00270080566406249 -0.108627319335938 -0.0555038452148438 0.111373901367188
0.00141143798828125 -0.140541076660156 0.0868377685546875 -0.00614166259765626
-0.0374069213867188 -0.125831604003906 0.0438728332519531 -0.0119056701660156
-0.0814285278320313 -0.0775680541992187 0.0241489410400391 0.00474929809570312
-0.102790832519531 -0.011474609375 0.0337238311767578 0.00974273681640625
-0.076812744140625 0.0417556762695312 0.0430755615234375 -0.0120048522949219
-0.039459228515625 0.0870590209960938 0.0339508056640625 -0.0238304138183594
0.0013580322265625 0.088897705078125 0.0227928161621094 -0.0354537963867187
-2.28881835937452E-05 0.081939697265625 0.0219955444335937 -0.0387458801269531
-0.002899169921875 0.0941009521484375 0.0296134948730469 -0.0338573455810547
-0.0295333862304687 0.0907135009765625 0.0419540405273438 -0.0182876586914062
-0.0679244995117188 0.0605621337890625 0.0492630004882812 -0.00696182250976562
-0.0940780639648437 0.022552490234375 0.04974365234375 0.0231666564941406
-0.0843505859375 -0.0587539672851563 0.03900146484375 0.0636444091796875
-0.0436019897460938 -0.115852355957031 -0.00153350830078126 0.0732421875
-0.0174789428710937 -0.130813598632812 -0.0477066040039063 0.0717926025390625
-0.0226593017578125 -0.141067504882812 0.0787734985351563 -0.0417938232421875
-0.0637054443359375 -0.112159729003906 0.0289936065673828 -0.0268535614013672
-0.0892486572265625 -0.051025390625 0.0214653015136719 0.00615692138671875
-0.0884170532226563 0.0115203857421875 0.0451278686523437 0.00515365600585938
-0.0544853210449219 0.0491104125976562 0.0507049560546875 -0.0280227661132812
-0.016845703125 0.07757568359375 0.0339012145996094 -0.0503196716308594
0.0142974853515625 0.07061767578125 0.0108985900878906 -0.0638847351074219
0.0104827880859375 0.0665817260742188 0.00566482543945312 -0.0666084289550781
0.00876617431640625 0.0766143798828125 0.0160903930664062 -0.0638236999511719
-0.0123062133789063 0.0769500732421875 0.0407333374023438 -0.0495147705078125
-0.0485038757324219 0.0570564270019531 0.0548973083496094 -0.0303573608398437
-0.0762481689453125 0.0295944213867187 0.0577507019042969 0.00876235961914063
-0.079833984375 -0.0414276123046875 0.0408401489257812 0.0500602722167969
-0.05450439453125 -0.103195190429687 -0.00967788696289063 0.0429954528808594
-0.0324020385742188 -0.128517150878906 -0.0411148071289063 0.0275993347167969
-0.038543701171875 -0.121826171875 0.0664520263671875 -0.0774307250976563
-0.0720291137695313 -0.0857620239257813 0.0131950378417969 -0.0443458557128906
-0.0817794799804688 -0.0239334106445313 0.0146760940551758 0.00133609771728515
-0.0648269653320313 0.0275611877441406 0.04705810546875 -0.00485610961914062
-0.0278549194335937 0.0477142333984375 0.0477294921875 -0.041015625
0.0055084228515625 0.0578689575195313 0.02532958984375 -0.0691680908203125
0.0241355895996094 0.0430679321289063 -0.00421142578124999 -0.0827407836914063
0.0187606811523438 0.0410003662109375 -0.0115814208984375 -0.0838699340820312
0.01806640625 0.0469245910644531 0.00238800048828126 -0.0832901000976563
0.00854873657226562 0.0478858947753906 0.0354461669921875 -0.0705795288085938
-0.0185546875 0.0432891845703125 0.0531501770019531 -0.0449104309082031
-0.0423049926757813 0.0328216552734375 0.0578155517578125 -0.000400543212890623
-0.0605354309082031 -0.0132369995117187 0.0348358154296875 0.03564453125
-0.0578346252441406 -0.0689849853515625 -0.0199623107910156 0.015167236328125
-0.0463027954101563 -0.103981018066406 -0.0382881164550781 -0.0133781433105469
-0.04510498046875 -0.0844268798828125 0.0558090209960938 -0.108917236328125
-0.0630073547363281 -0.0505409240722656 0.00205230712890624 -0.0623779296875
-0.0603828430175781 -0.00244140624999999 0.00594329833984375 -0.00983619689941406
-0.0340080261230469 0.0326290130615234 0.0399322509765625 -0.0175399780273437
-0.001495361328125 0.0373725891113281 0.0353927612304688 -0.051116943359375
0.0229663848876953 0.0297470092773437 0.0103988647460937 -0.078521728515625
0.0285072326660156 0.00996017456054688 -0.0200653076171875 -0.088409423828125
0.0239543914794922 0.00919342041015625 -0.027252197265625 -0.0892791748046875
0.0250568389892578 0.00990104675292969 -0.00938415527343751 -0.0888595581054687
0.0291652679443359 0.012847900390625 0.0291900634765625 -0.0777053833007812
0.0165824890136719 0.0252189636230469 0.0478286743164062 -0.0472946166992187
-0.00143051147460938 0.0351676940917969 0.0513229370117188 -0.00452423095703125
-0.0362167358398438 0.0208358764648438 0.0234413146972656 0.0236167907714844
-0.0584144592285156 -0.022796630859375 -0.0311355590820313 -0.00563812255859375
-0.0586090087890625 -0.0651168823242187 -0.039520263671875 -0.0447463989257813
0.0663986206054688 0.006134033203125 0.0580940246582031 0.0528373718261719
0.0662879943847656 -0.0480422973632813 0.0476150512695313 0.00866317749023437
-0.00191497802734375 -0.0709381103515625 -0.00707817077636719 -0.0256214141845703
-0.0487213134765625 -0.0395431518554687 -0.0494384765625 0.00269317626953124
-0.0520057678222656 -0.00357055664062501 -0.0415000915527344 0.0403671264648438
-0.0472526550292969 0.0290794372558594 -0.0164108276367188 0.0779266357421875
-0.02716064453125 0.0405654907226563 0.0206832885742187 0.0858917236328125
-0.0289764404296875 0.0304851531982422 0.0383529663085938 0.0784912109375
-0.0383071899414063 0.0266151428222656 0.03021240234375 0.0761566162109375
-0.0417442321777344 0.00439071655273437 0.00284576416015624 0.0731658935546875
-0.0260772705078125 -0.0217742919921875 -0.0126457214355469 0.0554618835449219
-0.00378036499023438 -0.0313739776611328 -0.0174751281738281 0.0346584320068359
0.0327720642089844 -0.0176124572753906 -0.00828170776367188 0.0392570495605469
0.051513671875 0.0187530517578125 -0.000160217285156248 0.0931549072265625
0.033294677734375 0.0445442199707031 -0.07733154296875 0.132820129394531
0.066497802734375 -0.0421905517578125 0.0712890625 0.0519485473632812
0.053955078125 -0.0865859985351563 0.0545845031738281 0.00974655151367187
-0.02197265625 -0.09423828125 0.00574111938476562 -0.0194454193115234
-0.0777511596679688 -0.046630859375 -0.0297565460205078 0.00302505493164062
-0.0766372680664063 0.0074310302734375 -0.0219440460205078 0.0286273956298828
-0.0600013732910156 0.0575485229492188 -0.00405120849609376 0.0588798522949219
-0.0255317687988281 0.0699462890625 0.0263214111328125 0.062744140625
-0.0266647338867187 0.0586357116699219 0.042633056640625 0.0558738708496094
-0.0356216430664062 0.059112548828125 0.0396080017089844 0.0564384460449219
-0.0482559204101562 0.0378379821777344 0.019317626953125 0.0618743896484375
-0.0486221313476563 0.00218582153320313 0.00656509399414062 0.051513671875
-0.0375480651855469 -0.0210037231445313 0.000156402587890619 0.0421829223632813
-0.000930786132812502 -0.0375251770019531 0.00475311279296875 0.0574302673339844
0.030609130859375 -0.0274753570556641 0.00362396240234374 0.107162475585938
0.0269927978515625 -0.00964736938476563 -0.070526123046875 0.1446533203125
0.0549850463867188 -0.0854339599609375 0.085235595703125 0.0401992797851562
0.0326461791992187 -0.113845825195313 0.0586776733398437 0.00437164306640624
-0.0409088134765625 -0.104782104492187 0.0161828994750976 -0.0125970840454102
-0.096771240234375 -0.0464401245117187 -0.0068497657775879 0.00472593307495117
-0.0911026000976563 0.0173416137695313 0.00228691101074218 0.0144195556640625
-0.0647964477539063 0.0772781372070313 0.0108432769775391 0.0319614410400391
-0.0204925537109375 0.0891342163085938 0.0288753509521484 0.0303249359130859
-0.0203628540039062 0.0774917602539063 0.0415496826171875 0.0247917175292969
-0.027618408203125 0.0837173461914062 0.0426826477050781 0.0280647277832031
-0.0486831665039063 0.068023681640625 0.0325355529785156 0.0402908325195313
-0.0659751892089844 0.0279197692871094 0.0253982543945312 0.0376091003417969
-0.06903076171875 -0.00680923461914063 0.0199813842773438 0.0430870056152344
-0.0368881225585938 -0.0550994873046875 0.01947021484375 0.0699310302734375
0.00496673583984375 -0.0715713500976563 0.00594329833984375 0.109809875488281
0.0162200927734375 -0.0634040832519531 -0.0626220703125 0.137916564941406
0.0326385498046875 -0.118049621582031 0.0943756103515625 0.017578125
0.00045776367187499 -0.126174926757813 0.0572967529296875 -0.00583267211914063
-0.0614700317382812 -0.098907470703125 0.0230236053466797 -0.00541305541992188
-0.104759216308594 -0.0338821411132812 0.0165386199951172 0.00653648376464844
-0.0905838012695313 0.0283050537109375 0.0264720916748047 -0.000373840332031248
-0.057281494140625 0.0867691040039063 0.0248737335205078 0.00108909606933594
-0.0113754272460938 0.0951156616210938 0.0275440216064453 -0.00610923767089843
-0.0112380981445312 0.0858306884765625 0.0331134796142578 -0.0106124877929687
-0.016204833984375 0.0956802368164063 0.0387992858886719 -0.00577545166015624
-0.0416793823242188 0.0864486694335938 0.041259765625 0.00999450683593751
-0.0734329223632813 0.048675537109375 0.0425872802734375 0.0151252746582031
-0.0898971557617188 0.00869750976562499 0.0399017333984375 0.0356369018554688
-0.0667991638183594 -0.0636405944824219 0.0335693359375 0.0717620849609375
-0.020904541015625 -0.103958129882813 0.00597381591796876 0.0979385375976563
0.0015869140625 -0.104766845703125 -0.0527114868164062 0.113716125488281
0.003448486328125 -0.135612487792969 0.095367431640625 -0.0115890502929688
-0.035430908203125 -0.1234130859375 0.04864501953125 -0.0172119140625
-0.0789031982421875 -0.0776214599609375 0.0261955261230469 0.00059127807617187
-0.100784301757812 -0.0116424560546875 0.0357398986816406 0.0063018798828125
-0.0763320922851563 0.0394515991210938 0.0444145202636719 -0.016448974609375
-0.0396728515625 0.0860748291015625 0.0334854125976563 -0.02960205078125
0.000686645507812491 0.0865478515625 0.0211219787597656 -0.0405998229980469
-0.000358581542968743 0.0805816650390625 0.019683837890625 -0.0433311462402344
-0.00299835205078125 0.0924530029296875 0.0284614562988281 -0.0398025512695313
-0.0288619995117187 0.0888824462890625 0.0438385009765625 -0.0239028930664062
-0.0664100646972656 0.0590248107910156 0.0530586242675781 -0.0115966796875
-0.09222412109375 0.02203369140625 0.0549125671386719 0.0207405090332031
-0.0819168090820313 -0.0585861206054688 0.0434837341308594 0.063262939453125
-0.0421981811523438 -0.113998413085937 0.00228881835937499 0.0741653442382813
-0.0156173706054688 -0.125999450683594 -0.0442733764648437 0.075469970703125
-0.024261474609375 -0.135078430175781 0.0876617431640625 -0.0448837280273438
-0.063507080078125 -0.106552124023437 0.0346260070800781 -0.0300331115722656
-0.0867233276367188 -0.0479354858398438 0.0241851806640625 0.00214195251464843
-0.0849151611328125 0.0129013061523437 0.0474586486816406 0.00194549560546875
-0.0515823364257813 0.0469131469726562 0.0522117614746094 -0.0319442749023438
-0.0157470703125 0.0737152099609375 0.0333175659179688 -0.0549659729003906
0.0141754150390625 0.0659751892089844 0.00900268554687499 -0.0676002502441406
0.0101776123046875 0.0632896423339844 0.00339889526367188 -0.0701980590820313
0.00892639160156251 0.0728759765625 0.0148544311523438 -0.0680046081542969
-0.0106277465820312 0.0727996826171875 0.0413551330566406 -0.0546607971191406
-0.0452384948730469 0.0546340942382812 0.0570640563964844 -0.035003662109375
-0.0722579956054688 0.0296630859375 0.0617103576660156 0.00676727294921875
-0.0761260986328125 -0.0395736694335937 0.045013427734375 0.0485420227050781
-0.0542526245117188 -0.0984344482421875 -0.00614166259765626 0.0447578430175781
-0.0335311889648438 -0.122276306152344 -0.0380096435546875 0.0324821472167969
-0.0435028076171875 -0.116744995117188 0.0748214721679688 -0.0785140991210938
-0.0746078491210937 -0.0789718627929688 0.0194206237792969 -0.045013427734375
-0.0809173583984375 -0.0191879272460937 0.0174026489257812 -0.00158309936523438
-0.0596847534179688 0.0302696228027344 0.0482139587402344 -0.00744247436523437
-0.0232467651367188 0.0467147827148438 0.0481834411621094 -0.043609619140625
0.00740814208984375 0.0528945922851563 0.0241317749023438 -0.0720901489257812
0.0235595703125 0.0368881225585938 -0.00576019287109374 -0.0843124389648438
0.0190391540527344 0.0363426208496094 -0.0138931274414063 -0.0852432250976563
0.0182991027832031 0.0417671203613281 0.000694274902343742 -0.085540771484375
0.00934600830078125 0.042205810546875 0.0361175537109375 -0.0743637084960938
-0.0143585205078125 0.0396385192871094 0.0553932189941406 -0.047454833984375
-0.0365829467773438 0.0322380065917969 0.060760498046875 -0.002685546875
-0.0563850402832031 -0.00938034057617187 0.0384445190429688 0.0345497131347656
-0.0588722229003906 -0.0623130798339844 -0.0166444778442383 0.0174741744995117
-0.0496139526367188 -0.0969619750976562 -0.0353927612304688 -0.00728988647460939
-0.0522003173828125 -0.0815887451171875 0.0623550415039063 -0.108222961425781
-0.0682754516601563 -0.0447998046875 0.00769805908203124 -0.0632591247558594
-0.0615348815917969 0.004486083984375 0.00784683227539062 -0.0122175216674805
-0.030029296875 0.0377540588378906 0.0397453308105469 -0.0194740295410156
0.00369644165039063 0.037261962890625 0.0348014831542969 -0.0518035888671875
0.0263652801513672 0.0252838134765625 0.00966644287109375 -0.0789794921875
0.0288009643554688 0.00352668762207031 -0.02142333984375 -0.0871505737304688
0.0237483978271484 0.00410079956054687 -0.0283737182617187 -0.08795166015625
0.0248794555664062 0.00339698791503906 -0.00980377197265624 -0.0890121459960938
0.0297718048095703 0.00628662109375 0.0289535522460937 -0.0796966552734375
0.0216121673583984 0.0206928253173828 0.0486526489257812 -0.0490074157714844
0.00533676147460937 0.0349483489990234 0.0530166625976563 -0.00531387329101562
-0.0319766998291016 0.0256595611572266 0.0255870819091797 0.0234718322753906
-0.0604438781738281 -0.0149154663085938 -0.0281696319580078 -0.00177955627441406
-0.0646514892578125 -0.0573348999023438 -0.0374794006347656 -0.03680419921875
0.0721511840820312 -0.00193023681640625 0.0565605163574219 0.0442276000976563
0.0638275146484375 -0.058685302734375 0.0451850891113281 0.00364303588867187
-0.00907135009765624 -0.0738601684570313 -0.00901222229003906 -0.0267086029052734
-0.0562591552734375 -0.0360794067382813 -0.0505332946777344 0.00384902954101562
-0.0547447204589844 0.00273895263671875 -0.041107177734375 0.0418243408203125
-0.0458564758300781 0.03741455078125 -0.0164031982421875 0.0787734985351563
-0.0246086120605469 0.0471649169921875 0.021759033203125 0.0845870971679688
-0.0271682739257813 0.0373077392578125 0.0390625 0.0767059326171875
-0.0375137329101563 0.0350151062011719 0.0311813354492187 0.0736541748046875
-0.044586181640625 0.0103569030761719 0.004638671875 0.0714950561523438
-0.0325222015380859 -0.0212955474853516 -0.0102119445800781 0.0549049377441406
-0.00916671752929688 -0.0349235534667969 -0.0142974853515625 0.0365791320800781
0.03369140625 -0.0254020690917969 -0.00837326049804688 0.0425338745117188
0.0591087341308594 0.0118904113769531 -0.002471923828125 0.0957412719726563
0.0427932739257813 0.0413627624511719 -0.0806503295898438 0.135612487792969
0.0725326538085937 -0.0484771728515625 0.0724945068359375 0.0422439575195313
0.0524826049804688 -0.0965652465820313 0.0523262023925781 0.00184631347656249
-0.0283355712890625 -0.0984725952148438 0.00373268127441406 -0.0223636627197266
-0.0843658447265625 -0.043548583984375 -0.0300865173339844 0.00179100036621094
-0.0801773071289063 0.0125198364257813 -0.0216407775878906 0.0265998840332031
-0.0588035583496094 0.0653076171875 -0.00348663330078125 0.0576820373535156
-0.0228500366210938 0.07550048828125 0.0251083374023438 0.0601119995117188
-0.0245437622070312 0.0636978149414063 0.0423927307128906 0.0517234802246094
-0.0347557067871094 0.0655517578125 0.0392913818359375 0.0519790649414063
-0.0505485534667969 0.042999267578125 0.0215873718261719 0.0577850341796875
-0.0542526245117188 0.00298309326171875 0.0105018615722656 0.0491371154785156
-0.0422592163085937 -0.0242042541503906 0.004852294921875 0.043243408203125
0.000499725341796875 -0.0444984436035156 0.00726699829101563 0.0607833862304687
0.0378341674804687 -0.034027099609375 0.00482940673828125 0.109909057617188
0.0362892150878906 -0.0117073059082031 -0.0710296630859375 0.146942138671875
0.0598831176757812 -0.0888595581054688 0.0883636474609375 0.0284194946289062
0.0315933227539063 -0.120887756347656 0.0572471618652344 -0.00368118286132813
-0.04534912109375 -0.1082763671875 0.0155401229858398 -0.0167274475097656
-0.102264404296875 -0.0449371337890625 -0.00654840469360352 0.0024566650390625
-0.09442138671875 0.0206069946289062 0.00190544128417968 0.0101337432861328
-0.0640182495117187 0.0829849243164063 0.00933647155761719 0.0281352996826172
-0.0187530517578125 0.0931625366210937 0.0259170532226563 0.0257015228271484
-0.0188446044921875 0.081878662109375 0.03814697265625 0.0193405151367188
-0.0264205932617188 0.0883636474609375 0.0412864685058594 0.0220870971679688
-0.0492401123046875 0.0717086791992188 0.0354843139648438 0.0343093872070313
-0.0701637268066406 0.0285987854003906 0.030120849609375 0.0334758758544922
-0.0715408325195312 -0.00849914550781248 0.0264625549316406 0.0417976379394531
-0.0354499816894531 -0.0601692199707031 0.024261474609375 0.071746826171875
0.0106735229492187 -0.0758438110351563 0.00899505615234376 0.112098693847656
0.0228157043457031 -0.06390380859375 -0.0603179931640625 0.141555786132813
0.0352859497070313 -0.118247985839844 0.0995864868164063 0.00554656982421874
0.000656127929687505 -0.129608154296875 0.0585517883300781 -0.0144271850585938
-0.0634002685546875 -0.101509094238281 0.0235347747802734 -0.0105953216552734
-0.107536315917969 -0.0336761474609375 0.0168056488037109 0.00249671936035156
-0.0933761596679687 0.0301971435546875 0.0265274047851562 -0.00620269775390625
-0.057373046875 0.089874267578125 0.0227985382080078 -0.00461769104003906
-0.0103378295898438 0.0970382690429688 0.023834228515625 -0.0111789703369141
-0.00980377197265625 0.08770751953125 0.0296306610107422 -0.0164165496826172
-0.0149078369140625 0.098114013671875 0.0362358093261719 -0.0130157470703125
-0.0417709350585938 0.0882110595703125 0.0426406860351563 0.002777099609375
-0.0741729736328125 0.0498046875 0.0456008911132812 0.00966262817382813
-0.0916519165039063 0.00778198242187499 0.04620361328125 0.0321502685546875
-0.0656929016113281 -0.06640625 0.039825439453125 0.0723419189453125
-0.0185394287109375 -0.105583190917969 0.0106124877929687 0.0997238159179688
0.0061492919921875 -0.103553771972656 -0.0481948852539063 0.116973876953125
0.00339508056640625 -0.133590698242188 0.102249145507813 -0.0213699340820313
-0.0359268188476563 -0.121612548828125 0.0514717102050781 -0.0254402160644531
-0.0783233642578125 -0.0775833129882812 0.026763916015625 -0.00514030456542969
-0.100715637207031 -0.0115737915039062 0.0374908447265625 0.00136566162109375
-0.0767822265625 0.0394287109375 0.0455245971679688 -0.0232467651367187
-0.0390548706054687 0.086517333984375 0.031402587890625 -0.0357551574707031
0.00113677978515624 0.0855178833007813 0.0157890319824219 -0.0463714599609375
9.9182128906248E-05 0.0797576904296875 0.0153541564941406 -0.0492515563964844
-0.00136566162109376 0.0914154052734375 0.0245361328125 -0.0472030639648437
-0.0279312133789063 0.0879364013671875 0.0442733764648437 -0.0323104858398437
-0.0652198791503906 0.0588722229003906 0.055938720703125 -0.0185127258300781
-0.0905609130859375 0.022186279296875 0.0599403381347656 0.0166206359863281
-0.0796279907226563 -0.0592193603515625 0.0500907897949219 0.0613441467285156
-0.0419082641601562 -0.1126708984375 0.00792694091796875 0.07476806640625
-0.0143890380859375 -0.121772766113281 -0.0383682250976563 0.0787887573242187
-0.02691650390625 -0.129959106445312 0.096099853515625 -0.053070068359375
-0.0645370483398438 -0.101142883300781 0.0397109985351562 -0.0360260009765625
-0.0849533081054688 -0.0447998046875 0.0266437530517578 -0.00233650207519532
-0.0808181762695313 0.0141143798828125 0.0493888854980469 -0.00352096557617187
-0.0494232177734375 0.0446701049804687 0.0525474548339844 -0.0374679565429688
-0.0152397155761719 0.0695915222167969 0.031158447265625 -0.0599021911621094
0.0126113891601563 0.0618324279785156 0.00585937500000001 -0.0722427368164063
0.010711669921875 0.0606880187988281 -0.00122833251953125 -0.0748672485351563
0.00912475585937499 0.069671630859375 0.0109634399414062 -0.0739822387695312
-0.00931930541992188 0.0685234069824219 0.0400505065917969 -0.0621109008789062
-0.0423202514648438 0.0523490905761719 0.0580787658691406 -0.0404510498046875
-0.0677108764648438 0.0287704467773437 0.0658111572265625 0.00233078002929688
-0.073455810546875 -0.0374603271484375 0.0500869750976562 0.0464134216308594
-0.0545654296875 -0.0942001342773438 -0.00045013427734375 0.044830322265625
-0.0341796875 -0.115364074707031 -0.0316238403320312 0.0365028381347656
-0.0497970581054688 -0.111167907714844 0.0837326049804688 -0.0839080810546875
-0.076690673828125 -0.0716629028320313 0.0251502990722656 -0.04937744140625
-0.0791091918945312 -0.0128326416015625 0.0188941955566406 -0.00674057006835938
-0.053955078125 0.0328140258789063 0.0494766235351563 -0.011260986328125
-0.0187759399414063 0.0444793701171875 0.0482673645019531 -0.0481834411621094
0.0100593566894531 0.0474052429199219 0.022247314453125 -0.0755462646484375
0.0223522186279297 0.0314807891845703 -0.00946044921874999 -0.086181640625
0.0172481536865234 0.0326366424560547 -0.017364501953125 -0.0872573852539063
0.0172309875488281 0.0359992980957031 -0.00186920166015626 -0.0891036987304688
0.00945663452148438 0.035980224609375 0.0349502563476562 -0.079925537109375
-0.0104846954345703 0.0345783233642578 0.0554618835449219 -0.0531044006347656
-0.03070068359375 0.0298709869384766 0.0636558532714844 -0.00641632080078125
-0.0518913269042969 -0.00591278076171875 0.0422019958496094 0.0321197509765625
-0.0594902038574219 -0.0537872314453125 -0.0125789642333984 0.0188503265380859
-0.0539703369140625 -0.0879364013671875 -0.0308475494384766 -0.0015239715576172
-0.0615921020507813 -0.0761489868164063 0.0687942504882813 -0.112625122070312
-0.072418212890625 -0.0365524291992188 0.0126609802246094 -0.0659675598144531
-0.06103515625 0.0115737915039063 0.00867557525634765 -0.0164270401000977
-0.0244369506835938 0.0416946411132812 0.0393600463867188 -0.0222244262695313
0.00921249389648438 0.0360870361328125 0.0330772399902344 -0.0545883178710938
0.0300102233886719 0.0190353393554687 0.00727081298828125 -0.0802993774414062
0.0266857147216797 -0.00302314758300781 -0.0227813720703125 -0.0867996215820312
0.0219173431396484 -0.000780105590820312 -0.0308151245117187 -0.0880813598632813
0.0225067138671875 -0.00210380554199219 -0.01239013671875 -0.089813232421875
0.0302696228027344 -0.00107955932617188 0.028289794921875 -0.0817718505859375
0.0251369476318359 0.0154495239257812 0.0488357543945313 -0.0518264770507813
0.0128459930419922 0.0319881439208984 0.0550079345703125 -0.00790786743164063
-0.0262889862060547 0.0295810699462891 0.0282955169677734 0.0225200653076172
-0.0604171752929688 -0.00479888916015624 -0.0238971710205078 0.00166130065917969
-0.0687637329101562 -0.0474205017089844 -0.0343475341796875 -0.0290851593017578
0.073883056640625 -0.0112762451171875 0.0522689819335938 0.0358543395996094
0.056884765625 -0.0676345825195313 0.0400886535644531 -0.0023040771484375
-0.0200729370117188 -0.0736465454101563 -0.0133571624755859 -0.0271472930908203
-0.062408447265625 -0.0294113159179687 -0.051849365234375 0.00632476806640626
-0.0568695068359375 0.00892257690429688 -0.0421562194824219 0.0426597595214844
-0.0407447814941406 0.0467033386230469 -0.0136489868164062 0.07916259765625
-0.0180015563964844 0.0527305603027344 0.0229263305664063 0.082366943359375
-0.0219154357910156 0.0419921875 0.0396804809570313 0.0743484497070313
-0.0332794189453125 0.0433235168457031 0.0311050415039062 0.0706710815429688
-0.0452232360839844 0.0180397033691406 0.00729751586914063 0.0685386657714844
-0.0389633178710938 -0.0168876647949219 -0.0070953369140625 0.0536155700683594
-0.0159873962402344 -0.0373382568359375 -0.0118675231933594 0.0373992919921875
0.0324535369873047 -0.0329685211181641 -0.00728607177734375 0.0474205017089844
0.0625877380371094 3.814697265625E-06 -0.0020751953125 0.0979995727539063
0.0503997802734375 0.0333404541015625 -0.0811767578125 0.13897705078125
0.0740203857421875 -0.056365966796875 0.0688514709472656 0.0317802429199219
0.0460205078125 -0.104598999023438 0.0479354858398438 -0.00416946411132813
-0.0370330810546875 -0.100608825683594 0.00078773498535156 -0.0244369506835938
-0.0915069580078125 -0.0380401611328125 -0.0313663482666016 -0.000299453735351558
-0.081390380859375 0.018035888671875 -0.0235080718994141 0.02471923828125
-0.05438232421875 0.0730133056640625 -0.00470352172851563 0.0552902221679688
-0.017333984375 0.0789871215820313 0.0251121520996094 0.0576057434082031
-0.0198898315429688 0.0687980651855469 0.0400352478027344 0.0473060607910156
-0.029510498046875 0.0716018676757813 0.0368537902832031 0.0465278625488281
-0.0498085021972656 0.0498886108398437 0.0228271484375 0.0516510009765625
-0.05816650390625 0.00614547729492186 0.0147056579589844 0.0446929931640625
-0.0468025207519531 -0.0239181518554687 0.0097808837890625 0.0407676696777344
0.000305175781249996 -0.0505447387695313 0.0107574462890625 0.061920166015625
0.0419120788574219 -0.0407981872558594 0.00810241699218751 0.110671997070313
0.0441093444824219 -0.0168228149414063 -0.0663299560546875 0.15057373046875
0.06414794921875 -0.0934371948242188 0.0862960815429688 0.0156631469726562
0.0286865234375 -0.127655029296875 0.0526657104492188 -0.0133476257324219
-0.05206298828125 -0.110130310058594 0.0131759643554687 -0.0203781127929688
-0.105941772460938 -0.039825439453125 -0.00731515884399415 -0.00187921524047852
-0.0945281982421875 0.0269775390625 0.000483512878417963 0.00605297088623047
-0.0608367919921875 0.08837890625 0.007232666015625 0.0245189666748047
-0.0147476196289063 0.0961456298828125 0.0217342376708984 0.0210399627685547
-0.0147247314453125 0.0848312377929688 0.0338764190673828 0.0151176452636719
-0.0228042602539062 0.0925064086914063 0.0367355346679688 0.0159645080566406
-0.0476303100585938 0.0750045776367188 0.0341739654541016 0.0268974304199219
-0.0722427368164063 0.0308303833007813 0.0332679748535156 0.0291042327880859
-0.0740203857421875 -0.00822448730468749 0.0327911376953125 0.0382881164550781
-0.0356826782226563 -0.0646896362304688 0.0300674438476562 0.0720901489257813
0.0129470825195312 -0.081298828125 0.0150985717773437 0.112411499023437
0.0289802551269531 -0.065582275390625 -0.0537109375 0.143386840820313
0.0375137329101563 -0.118316650390625 0.100509643554688 -0.00713348388671876
-0.00118255615234375 -0.132080078125 0.0558357238769531 -0.0219192504882813
-0.0657730102539063 -0.101020812988281 0.0213794708251953 -0.0148658752441406
-0.109687805175781 -0.0299911499023438 0.0152702331542969 -0.00234317779541016
-0.0940933227539062 0.0327835083007813 0.0240993499755859 -0.0127639770507812
-0.0538253784179688 0.092742919921875 0.0199966430664062 -0.0102787017822266
-0.00659942626953124 0.0977554321289063 0.0185317993164063 -0.0168266296386719
-0.00659942626953124 0.0871734619140625 0.0228843688964844 -0.01947021484375
-0.0101852416992187 0.099212646484375 0.0314388275146484 -0.02020263671875
-0.0396652221679688 0.0900039672851563 0.0416069030761719 -0.00717544555664062
-0.0752639770507813 0.0504837036132813 0.0477523803710938 0.00218582153320313
-0.0914077758789063 0.00798034667968751 0.0517425537109375 0.0283927917480469
-0.0657501220703125 -0.0682868957519531 0.0473556518554687 0.0685920715332031
-0.0178680419921875 -0.106521606445313 0.0179214477539062 0.0980224609375
0.00865936279296876 -0.102088928222656 -0.0399932861328125 0.118415832519531
0.00503540039062499 -0.127899169921875 0.104240417480469 -0.0338516235351563
-0.0352935791015625 -0.120353698730469 0.0504379272460938 -0.0346221923828125
-0.0763626098632813 -0.0759963989257813 0.0259342193603516 -0.0103950500488281
-0.0987472534179688 -0.0081939697265625 0.0374794006347656 -0.00360107421875
-0.0762939453125 0.0381546020507813 0.043182373046875 -0.0290107727050781
-0.03765869140625 0.0863189697265625 0.0250930786132813 -0.0417060852050781
0.000900268554687495 0.0849990844726562 0.0101356506347656 -0.0500717163085937
0.00113677978515625 0.0779266357421875 0.00830078125 -0.0522346496582031
-3.05175781249939E-05 0.0910110473632813 0.0183868408203125 -0.052398681640625
-0.0255966186523437 0.0866775512695313 0.041473388671875 -0.0389823913574219
-0.0631370544433594 0.0578880310058594 0.0561599731445312 -0.0271987915039062
-0.089202880859375 0.0209274291992187 0.0629005432128906 0.0101737976074219
-0.0765380859375 -0.0576553344726562 0.0558700561523437 0.0574531555175781
-0.0399398803710938 -0.111701965332031 0.0155258178710938 0.0735626220703125
-0.0135879516601563 -0.117805480957031 -0.03125 0.0798110961914063
-0.0297393798828125 -0.123680114746094 0.0992813110351562 -0.0642623901367188
-0.0634765625 -0.0930862426757813 0.0419883728027344 -0.0448188781738281
-0.0800704956054688 -0.0417633056640625 0.026397705078125 -0.00677680969238281
-0.076995849609375 0.0134811401367187 0.0493125915527344 -0.00835800170898438
-0.046844482421875 0.0441474914550781 0.0514907836914063 -0.0428199768066406
-0.0146408081054688 0.0666847229003906 0.0260429382324219 -0.0656890869140625
0.0120162963867187 0.0586738586425781 -0.000984191894531246 -0.0750045776367187
0.00931549072265626 0.0572357177734375 -0.00930786132812499 -0.0761260986328125
0.00865936279296875 0.0662002563476563 0.004791259765625 -0.0773544311523438
-0.00991058349609375 0.0643730163574219 0.0350494384765625 -0.0687408447265625
-0.0391311645507813 0.0486335754394531 0.056976318359375 -0.0479812622070313
-0.0641517639160156 0.0266952514648437 0.0683403015136719 -0.00390625
-0.0698165893554688 -0.0364608764648437 0.0546188354492187 0.0401039123535156
-0.0525054931640625 -0.0871505737304688 0.00530242919921874 0.0436592102050781
-0.0347747802734375 -0.108871459960938 -0.0243415832519531 0.0404281616210937
-0.0540008544921875 -0.101425170898438 0.0866851806640625 -0.09173583984375
-0.0773162841796875 -0.0604629516601563 0.0283927917480469 -0.055633544921875
-0.0740509033203125 -0.00662231445312501 0.0207996368408203 -0.0101871490478516
-0.0483360290527344 0.0335197448730469 0.0488090515136719 -0.0166511535644531
-0.0153656005859375 0.040374755859375 0.0468940734863281 -0.05230712890625
0.00857162475585937 0.0392341613769531 0.0175552368164063 -0.079376220703125
0.0195140838623047 0.0247421264648438 -0.0127487182617187 -0.0873794555664062
0.0144596099853516 0.0269069671630859 -0.0218353271484375 -0.087860107421875
0.0136222839355469 0.0327682495117188 -0.00780487060546875 -0.0912094116210938
0.00772285461425781 0.0296039581298828 0.0311279296875 -0.0831222534179687
-0.00821876525878906 0.0289287567138672 0.0545158386230469 -0.0585060119628906
-0.0237674713134766 0.0265140533447266 0.0641288757324219 -0.0112152099609375
-0.0466079711914063 -0.00378417968749999 0.0449790954589844 0.0267181396484375
-0.0573539733886719 -0.0461044311523437 -0.00775718688964844 0.0192928314208984
-0.0526123046875 -0.0778350830078125 -0.0225086212158203 0.00367546081542968
-0.0677719116210938 -0.0667686462402344 0.0720977783203125 -0.118705749511719
-0.0742721557617188 -0.0255584716796875 0.0155410766601562 -0.0709381103515625
-0.0569572448730469 0.02056884765625 0.00823020935058593 -0.0204277038574219
-0.0173072814941406 0.0434379577636719 0.0363540649414062 -0.0246505737304687
0.0140647888183594 0.0323734283447266 0.0294570922851563 -0.0547332763671875
0.0286502838134766 0.0115242004394531 0.00262451171875 -0.0807266235351562
0.0240497589111328 -0.0103988647460938 -0.02838134765625 -0.0859146118164063
0.0196247100830078 -0.00549507141113281 -0.0351791381835937 -0.0863800048828125
0.0187339782714844 -0.00816535949707031 -0.0153961181640625 -0.0895843505859375
0.0259323120117188 -0.00894737243652344 0.024017333984375 -0.0851364135742188
0.0264377593994141 0.00690269470214844 0.0477867126464844 -0.0559730529785156
0.0193901062011719 0.0265331268310547 0.0553741455078125 -0.0115776062011719
-0.0182113647460938 0.0323772430419922 0.029388427734375 0.0205917358398438
-0.0558204650878906 0.00310134887695313 -0.0185489654541016 0.00387763977050781
-0.0696830749511719 -0.0366744995117188 -0.0283393859863281 -0.0220375061035156
0.073455810546875 -0.0199356079101563 0.0452384948730469 0.0281105041503906
0.0469589233398437 -0.0744476318359375 0.0339088439941406 -0.00464439392089844
-0.0269622802734375 -0.0712738037109375 -0.0147781372070313 -0.0260047912597656
-0.0642623901367188 -0.0221290588378906 -0.0506820678710938 0.00811386108398437
-0.0556068420410156 0.0168952941894531 -0.0400238037109375 0.0423202514648438
-0.0356369018554688 0.0500869750976563 -0.011383056640625 0.07818603515625
-0.012847900390625 0.0537109375 0.022918701171875 0.0813064575195313
-0.0169410705566406 0.04498291015625 0.0389404296875 0.0691566467285156
-0.0273208618164063 0.0468025207519531 0.0301170349121094 0.0667343139648438
-0.0439491271972656 0.0252037048339844 0.006988525390625 0.0645790100097656
-0.0424995422363281 -0.0114784240722656 -0.00435638427734376 0.0509452819824219
-0.0214691162109375 -0.0349311828613281 -0.00791168212890626 0.0365829467773438
0.0271453857421875 -0.0400733947753906 -0.00432205200195313 0.0479888916015625
0.062408447265625 -0.0104293823242188 -0.000839233398437486 0.0976333618164063
0.055419921875 0.0248336791992188 -0.0787124633789063 0.138938903808594
0.0743942260742188 -0.0624465942382813 0.0624809265136719 0.0214576721191406
0.0382232666015625 -0.109115600585938 0.0407867431640625 -0.00918579101562501
-0.0438690185546875 -0.0964431762695313 -0.00265693664550782 -0.0247478485107422
-0.0920257568359375 -0.0308456420898437 -0.0317134857177734 0.00146675109863282
-0.0801315307617188 0.0254287719726562 -0.0232582092285156 0.0234794616699219
-0.0485992431640625 0.0770721435546875 -0.00456619262695313 0.0533981323242188
-0.011383056640625 0.080780029296875 0.021148681640625 0.0538444519042969
-0.0156936645507813 0.0704727172851563 0.0360527038574219 0.043792724609375
-0.02459716796875 0.07562255859375 0.0345649719238281 0.0425987243652344
-0.0484809875488281 0.0540504455566406 0.0209617614746094 0.0468673706054688
-0.0611991882324219 0.0102615356445312 0.0162925720214844 0.0395088195800781
-0.0510292053222656 -0.0245590209960937 0.0136222839355469 0.0386276245117188
-0.00360107421875001 -0.057373046875 0.0147361755371094 0.0605888366699219
0.0413742065429688 -0.051300048828125 0.010345458984375 0.109230041503906
0.0489425659179688 -0.0227241516113281 -0.06353759765625 0.14813232421875
0.0621185302734375 -0.0968551635742188 0.0800323486328125 0.00453186035156249
0.0227432250976562 -0.130210876464844 0.0479621887207031 -0.0178871154785156
-0.056304931640625 -0.107933044433594 0.00919151306152344 -0.0223217010498047
-0.108192443847656 -0.0352935791015625 -0.00934696197509766 -0.0027618408203125
-0.0938339233398438 0.0306167602539063 -0.00209879875183106 0.00284719467163086
-0.0550994873046875 0.0919952392578125 0.0045623779296875 0.0220413208007813
-0.0102081298828125 0.096099853515625 0.016937255859375 0.0193748474121094
-0.0111618041992187 0.0847549438476563 0.0281314849853516 0.0112895965576172
-0.0179290771484375 0.0931320190429688 0.0329971313476563 0.0116291046142578
-0.0456390380859375 0.0774612426757813 0.0316791534423828 0.0202445983886719
-0.0734100341796875 0.0336990356445313 0.0336093902587891 0.021026611328125
-0.075897216796875 -0.008270263671875 0.0350818634033203 0.0333576202392578
-0.0368118286132813 -0.0682144165039063 0.0344505310058594 0.0683517456054688
0.0136337280273437 -0.0865249633789063 0.0184402465820312 0.108879089355469
0.0339012145996094 -0.068634033203125 -0.047454833984375 0.140151977539063
0.0401229858398437 -0.118301391601563 0.093963623046875 -0.0194778442382813
-0.00263214111328124 -0.131706237792969 0.0500106811523438 -0.0296173095703125
-0.0677413940429688 -0.100975036621094 0.0175590515136719 -0.0188312530517578
-0.109878540039063 -0.0282058715820313 0.0137834548950195 -0.00565338134765625
-0.0926742553710938 0.03509521484375 0.0199871063232422 -0.0169181823730469
-0.0515365600585937 0.094024658203125 0.0140113830566406 -0.0123653411865234
-0.00553894042968749 0.096282958984375 0.0105762481689453 -0.0174064636230469
-0.00582122802734375 0.0870437622070313 0.0162487030029297 -0.0239810943603516
-0.00907897949218751 0.0988006591796875 0.0244178771972656 -0.0227794647216797
-0.03778076171875 0.0894775390625 0.0357742309570312 -0.0128059387207031
-0.0744094848632813 0.051055908203125 0.0471687316894531 -0.00568389892578125
-0.0900421142578125 0.00823974609375002 0.0532379150390625 0.0207138061523438
-0.064453125 -0.0694198608398437 0.0506401062011719 0.0637626647949219
-0.0153884887695312 -0.108894348144531 0.0223770141601562 0.0933914184570313
0.0129241943359375 -0.101707458496094 -0.033172607421875 0.115119934082031
0.006256103515625 -0.123603820800781 0.100074768066406 -0.0462799072265625
-0.0330734252929688 -0.116233825683594 0.0473556518554688 -0.0410995483398438
-0.0756149291992188 -0.0749130249023438 0.0231380462646484 -0.0154857635498047
-0.096710205078125 -0.00928497314453127 0.0340404510498047 -0.00874137878417969
-0.0738906860351563 0.038360595703125 0.037445068359375 -0.0353660583496094
-0.0363693237304687 0.0835342407226562 0.0205421447753906 -0.0433082580566406
0.00063323974609375 0.0819473266601563 0.00273895263671875 -0.0513114929199219
0.00168609619140625 0.0763702392578125 0.00114059448242187 -0.0535736083984375
-0.000595092773437499 0.087066650390625 0.0117530822753906 -0.0536613464355469
-0.0247802734375 0.0833892822265625 0.034393310546875 -0.045440673828125
-0.0618896484375 0.0557746887207031 0.0527839660644531 -0.0316276550292969
-0.084381103515625 0.0205764770507812 0.0639572143554688 0.00269699096679688
-0.0755538940429688 -0.0573654174804687 0.0586929321289063 0.051788330078125
-0.0387191772460938 -0.107704162597656 0.0193672180175781 0.0682334899902344
-0.00954437255859374 -0.112197875976562 -0.0218124389648438 0.0780105590820312
-0.0268936157226563 -0.113456726074219 0.0979461669921875 -0.0729904174804688
-0.058990478515625 -0.0871505737304687 0.0398216247558594 -0.0505752563476562
-0.0762939453125 -0.0385513305664062 0.0242252349853516 -0.0134754180908203
-0.0706634521484375 0.0126800537109375 0.0466728210449219 -0.0137557983398437
-0.0443801879882813 0.0387420654296875 0.0459060668945313 -0.0477142333984375
-0.0141944885253906 0.0625 0.0198936462402344 -0.0673446655273438
0.00748443603515625 0.0543212890625 -0.007232666015625 -0.0744476318359375
0.0076904296875 0.0541419982910156 -0.0140609741210938 -0.0747528076171875
0.0069122314453125 0.0612945556640625 -0.000885009765624992 -0.0770339965820313
-0.0101699829101563 0.0601730346679688 0.029052734375 -0.0704803466796875
-0.0394172668457031 0.0448799133300781 0.0527877807617188 -0.0534706115722656
-0.0596656799316406 0.0245475769042969 0.0674095153808594 -0.0105552673339844
-0.064117431640625 -0.0343399047851563 0.0566787719726563 0.0344352722167969
-0.04962158203125 -0.0832138061523438 0.0103111267089844 0.0394020080566406
-0.0309295654296875 -0.0996856689453125 -0.0161552429199219 0.0381813049316406
-0.0533981323242188 -0.0908432006835938 0.087646484375 -0.0986099243164063
-0.0725784301757813 -0.0522308349609375 0.0281829833984375 -0.060302734375
-0.0681266784667969 -0.00264739990234374 0.0180244445800781 -0.014984130859375
-0.0407028198242187 0.0312576293945313 0.0458183288574219 -0.0206298828125
-0.0117073059082031 0.0352363586425781 0.0411758422851562 -0.0550117492675781
0.00793838500976563 0.0352973937988281 0.0133819580078125 -0.0792922973632813
0.0144672393798828 0.0225048065185547 -0.0174636840820313 -0.0840682983398437
0.0114974975585937 0.0242214202880859 -0.0272445678710938 -0.0845870971679688
0.0100631713867188 0.0276031494140625 -0.0120010375976563 -0.0886383056640625
0.00495147705078125 0.0237617492675781 0.0244827270507812 -0.0849533081054688
-0.00787925720214844 0.0231685638427734 0.050628662109375 -0.0607261657714844
-0.0208702087402344 0.022430419921875 0.063262939453125 -0.0163421630859375
-0.0387611389160156 -0.00379562377929687 0.0454673767089844 0.0231094360351563
-0.050628662109375 -0.0388450622558594 -0.0029592514038086 0.0173187255859375
-0.0502967834472656 -0.0671730041503906 -0.0153865814208984 0.00493812561035156
-0.0683326721191406 -0.0562095642089844 0.0720367431640625 -0.119575500488281
-0.0710830688476562 -0.0160675048828125 0.016632080078125 -0.0734939575195313
-0.0513496398925781 0.0234718322753906 0.00640487670898437 -0.0237350463867188
-0.00960922241210938 0.0419807434082031 0.0351238250732422 -0.0279731750488281
0.0177497863769531 0.0256977081298828 0.027679443359375 -0.055816650390625
0.0274085998535156 0.00461387634277344 3.05175781249997E-05 -0.0791168212890625
0.01727294921875 -0.0135383605957031 -0.0279159545898437 -0.0830078125
0.0150537490844727 -0.00935554504394531 -0.0356216430664063 -0.0823135375976563
0.0135984420776367 -0.0121402740478516 -0.0172271728515625 -0.0877914428710938
0.0213050842285156 -0.0146961212158203 0.0216064453125 -0.0850143432617188
0.0260429382324219 -0.00144386291503906 0.0445213317871094 -0.0561752319335938
0.0209331512451172 0.0204010009765625 0.0545310974121094 -0.0133934020996094
-0.0099029541015625 0.0309734344482422 0.0310783386230469 0.0169773101806641
-0.048309326171875 0.0117645263671875 -0.0148382186889648 0.00323581695556641
-0.065765380859375 -0.0244102478027344 -0.0200557708740234 -0.0164337158203125
0.0702972412109375 -0.025909423828125 0.0364036560058594 0.0243797302246094
0.040008544921875 -0.0756149291992188 0.0276546478271484 -0.00478744506835938
-0.0314826965332031 -0.0671615600585937 -0.0169219970703125 -0.0244216918945313
-0.0646476745605469 -0.0169448852539062 -0.0503044128417969 0.00783157348632813
-0.0525665283203125 0.0204887390136719 -0.0394096374511719 0.0406608581542969
-0.0293045043945312 0.0517539978027344 -0.0117645263671875 0.0752716064453125
-0.00745391845703125 0.05364990234375 0.02117919921875 0.0790786743164063
-0.0126113891601562 0.0453643798828125 0.0355567932128906 0.0667686462402344
-0.0213127136230469 0.0487480163574219 0.0275840759277344 0.0641670227050781
-0.0407257080078125 0.029144287109375 0.00466537475585937 0.0618743896484375
-0.0442581176757813 -0.00730895996093749 -0.00406646728515625 0.0475387573242187
-0.0251350402832031 -0.0332183837890625 -0.00643157958984375 0.0346126556396484
0.0225181579589844 -0.0435829162597656 -0.00333023071289062 0.0489768981933594
0.0595970153808594 -0.0183486938476563 -0.00177001953125 0.0975341796875
0.0567054748535156 0.0173187255859375 -0.0799789428710938 0.137184143066406
0.0734634399414063 -0.0668411254882813 0.0524177551269531 0.0157241821289062
0.0326690673828125 -0.110176086425781 0.0339298248291016 -0.00970268249511719
-0.0465774536132813 -0.093505859375 -0.00441932678222656 -0.0239048004150391
-0.091949462890625 -0.0261688232421875 -0.0321884155273438 0.00125885009765625
-0.077667236328125 0.0287628173828125 -0.0247459411621094 0.0211944580078125
-0.04315185546875 0.0775222778320313 -0.00589370727539063 0.051605224609375
-0.00835418701171875 0.080169677734375 0.017303466796875 0.0532112121582031
-0.0119400024414062 0.0699806213378906 0.0311737060546875 0.0418930053710938
-0.0206985473632812 0.0760421752929688 0.0289268493652344 0.0402488708496094
-0.0460700988769531 0.056915283203125 0.0172386169433594 0.0424995422363281
-0.0629196166992188 0.0133094787597656 0.0149612426757812 0.0353813171386719
-0.0533447265625 -0.0241966247558594 0.0147113800048828 0.0344600677490234
-0.00550079345703125 -0.0608711242675781 0.0166740417480469 0.0605049133300781
0.0418128967285156 -0.0570945739746094 0.0098419189453125 0.107131958007813
0.0520591735839844 -0.0282669067382813 -0.063385009765625 0.14361572265625
0.06524658203125 -0.098907470703125 0.0705413818359375 -0.00242614746093751
0.0200424194335937 -0.129989624023438 0.0399360656738281 -0.0201683044433594
-0.0576934814453125 -0.106246948242188 0.00548171997070312 -0.0228462219238281
-0.106964111328125 -0.0318527221679688 -0.0102138519287109 -0.00391674041748047
-0.0922088623046875 0.0322799682617187 -0.0051407814025879 0.000456333160400392
-0.0513916015625 0.0913543701171875 0.001312255859375 0.0198230743408203
-0.00807952880859376 0.0943756103515625 0.0112724304199219 0.0193710327148438
-0.00970458984375001 0.0840988159179688 0.02197265625 0.01055908203125
-0.0157623291015625 0.0931777954101563 0.0261154174804688 0.00997161865234376
-0.0450210571289063 0.0785751342773438 0.0263500213623047 0.0163383483886719
-0.0735397338867188 0.0337371826171875 0.0321559906005859 0.0155906677246094
-0.0771255493164063 -0.00948333740234374 0.0355300903320312 0.0284385681152344
-0.037139892578125 -0.0714874267578125 0.0361175537109375 0.0652008056640625
0.0153961181640625 -0.0911102294921875 0.0186538696289062 0.105247497558594
0.03857421875 -0.0711669921875 -0.0461196899414062 0.134475708007813
0.0433731079101563 -0.116653442382813 0.0868377685546875 -0.0262222290039063
-0.00091552734375 -0.130691528320313 0.0438880920410156 -0.0331001281738281
-0.0660247802734375 -0.100700378417969 0.0140228271484375 -0.0207176208496094
-0.107566833496094 -0.0278091430664062 0.0114374160766602 -0.00775909423828125
-0.0915679931640625 0.0344314575195312 0.0158309936523437 -0.0192642211914062
-0.0495071411132813 0.0926055908203125 0.00921630859375 -0.0137929916381836
-0.00606536865234374 0.0948715209960937 0.00490570068359375 -0.0169954299926758
-0.00550079345703125 0.085968017578125 0.00956344604492188 -0.0224933624267578
-0.00908660888671875 0.096954345703125 0.0180950164794922 -0.0233936309814453
-0.0376815795898438 0.0877304077148437 0.0301361083984375 -0.0160770416259766
-0.0745468139648438 0.0492324829101563 0.0439567565917969 -0.00981521606445312
-0.0898971557617188 0.00553131103515626 0.052886962890625 0.0151557922363281
-0.0619583129882812 -0.0722427368164063 0.051483154296875 0.0596961975097656
-0.012298583984375 -0.1107177734375 0.0234909057617187 0.0888137817382813
0.0193099975585938 -0.100357055664063 -0.0295944213867188 0.109588623046875
0.012115478515625 -0.119338989257813 0.0959091186523438 -0.0528182983398438
-0.0277786254882812 -0.114036560058594 0.0433845520019531 -0.0454254150390625
-0.0709686279296875 -0.0761566162109375 0.0198516845703125 -0.0179958343505859
-0.0936203002929688 -0.0127334594726563 0.0315074920654297 -0.0118179321289063
-0.0745773315429688 0.03546142578125 0.0335426330566406 -0.0373344421386719
-0.0374908447265625 0.0807647705078125 0.0151329040527344 -0.0447998046875
-0.0019073486328125 0.07977294921875 -0.00234222412109375 -0.0496063232421875
-0.0009765625 0.0747146606445313 -0.00442886352539063 -0.0518112182617187
-0.00225067138671875 0.0848388671875 0.00672531127929688 -0.0533409118652344
-0.0267562866210937 0.08038330078125 0.0287437438964844 -0.0475234985351562
-0.06256103515625 0.0519638061523437 0.0490951538085937 -0.035858154296875
-0.0835418701171875 0.0162582397460938 0.0631828308105469 -0.00207138061523437
-0.0707473754882813 -0.0604324340820312 0.0587387084960937 0.0453376770019531
-0.0332260131835938 -0.107284545898438 0.021087646484375 0.0627632141113281
-0.00251770019531251 -0.108932495117188 -0.017242431640625 0.0730972290039063
-0.0211944580078125 -0.107963562011719 0.095855712890625 -0.0783538818359375
-0.0515594482421875 -0.0833358764648438 0.0383758544921875 -0.0553550720214844
-0.069854736328125 -0.0394973754882813 0.0210838317871094 -0.0167999267578125
-0.0674552917480469 0.00796890258789062 0.043243408203125 -0.0162086486816406
-0.045013427734375 0.0343017578125 0.0416107177734375 -0.0491371154785156
-0.0171585083007813 0.0584335327148438 0.0163917541503906 -0.06719970703125
0.00324630737304688 0.0533256530761719 -0.0106658935546875 -0.0724639892578125
0.00374984741210937 0.0522880554199219 -0.0176010131835938 -0.0721817016601562
0.00244522094726562 0.0595932006835938 -0.00517272949218751 -0.075714111328125
-0.0139732360839844 0.05633544921875 0.0251693725585938 -0.0724868774414062
-0.0399551391601563 0.0396766662597656 0.0495491027832031 -0.0544281005859375
-0.0571556091308594 0.0188064575195313 0.0653724670410156 -0.0145034790039062
-0.0582122802734375 -0.0365715026855469 0.0549774169921875 0.0302848815917969
-0.042572021484375 -0.0796127319335938 0.0115165710449219 0.0345993041992187
-0.0238265991210938 -0.0934982299804688 -0.00969696044921876 0.0353813171386719
-0.0485000610351563 -0.0833358764648438 0.0874176025390625 -0.101104736328125
-0.0648689270019531 -0.0470771789550781 0.0291213989257813 -0.0651016235351563
-0.0612602233886719 -0.00290679931640625 0.0162410736083984 -0.0184440612792969
-0.035430908203125 0.0271072387695313 0.0436897277832031 -0.0218048095703125
-0.0112247467041016 0.0297698974609375 0.03887939453125 -0.0549507141113281
0.00503158569335938 0.0306892395019531 0.0110244750976563 -0.0775604248046875
0.00864982604980469 0.0201129913330078 -0.0193252563476562 -0.083282470703125
0.007598876953125 0.0223121643066406 -0.0278778076171875 -0.081939697265625
0.0055084228515625 0.0255947113037109 -0.01324462890625 -0.0873260498046875
3.8146972656248E-05 0.0204238891601562 0.0220260620117188 -0.0846939086914063
-0.0103836059570313 0.0172863006591797 0.0473709106445313 -0.0611724853515625
-0.0187892913818359 0.0157051086425781 0.0613517761230469 -0.0187149047851563
-0.0324745178222656 -0.00566673278808594 0.045318603515625 0.0195159912109375
-0.0432205200195313 -0.0359840393066406 0.000538825988769529 0.0133066177368164
-0.0427207946777344 -0.0603828430175781 -0.00800275802612305 0.00403261184692382
-0.0664253234863281 -0.0478591918945313 0.0743865966796875 -0.120918273925781
-0.0652694702148438 -0.00983047485351564 0.0177154541015625 -0.0763168334960938
-0.0452384948730469 0.0262374877929688 0.00526618957519531 -0.0252780914306641
-0.00402069091796875 0.0377349853515625 0.0327243804931641 -0.0280914306640625
0.0185203552246094 0.020965576171875 0.0257377624511719 -0.0537490844726563
0.0234489440917969 0.000928878784179687 1.52587890624955E-05 -0.0764083862304688
0.0117483139038086 -0.0146045684814453 -0.0264358520507813 -0.0804214477539063
0.0103750228881836 -0.0103178024291992 -0.034210205078125 -0.0802536010742188
0.00783824920654297 -0.0125370025634766 -0.016571044921875 -0.0863113403320313
0.0152416229248047 -0.0181198120117188 0.0202865600585937 -0.0839691162109375
0.0230827331542969 -0.00629806518554688 0.0436363220214844 -0.0556259155273438
0.0222911834716797 0.0139331817626953 0.0538330078125 -0.0150222778320313
-0.00426483154296875 0.0286045074462891 0.0308818817138672 0.0150032043457031
-0.041046142578125 0.0152206420898438 -0.00999736785888672 0.001373291015625
-0.05889892578125 -0.0174140930175781 -0.0115070343017578 -0.0148200988769531
0.0681228637695313 -0.029296875 0.0276870727539063 0.0240535736083984
0.034942626953125 -0.0757827758789063 0.02288818359375 -0.00357818603515626
-0.0332145690917969 -0.0645980834960938 -0.0176563262939453 -0.0237617492675781
-0.0637321472167969 -0.0131759643554687 -0.049591064453125 0.00759124755859375
-0.0500946044921875 0.0224952697753906 -0.0408668518066406 0.0390625
-0.0252151489257812 0.0527572631835938 -0.0136642456054687 0.0748672485351563
-0.00440597534179687 0.0538597106933594 0.0175628662109375 0.0799789428710938
-0.00980758666992187 0.0457191467285156 0.0317306518554687 0.06768798828125
-0.0179672241210937 0.0491676330566406 0.0233078002929688 0.0648460388183594
-0.0380744934082031 0.031982421875 0.00101089477539063 0.0603675842285156
-0.0452346801757813 -0.00391387939453126 -0.00547790527343751 0.0450019836425781
-0.0277595520019531 -0.0323467254638672 -0.00607109069824219 0.0325698852539063
0.0185432434082031 -0.0463829040527344 -0.00272369384765625 0.0499343872070313
0.0577812194824219 -0.0232505798339844 -0.00538635253906251 0.0988998413085937
0.0568313598632813 0.0124015808105469 -0.0852890014648437 0.13543701171875
0.0744476318359375 -0.0701980590820313 0.0433158874511719 0.0142097473144531
0.030609130859375 -0.111495971679688 0.0283946990966797 -0.00918579101562501
-0.04736328125 -0.092315673828125 -0.00583457946777344 -0.023651123046875
-0.0907211303710938 -0.0246658325195313 -0.03271484375 6.10351562500057E-05
-0.076873779296875 0.0297164916992188 -0.0272350311279297 0.0195064544677734
-0.0402984619140625 0.0777053833007813 -0.00955963134765625 0.0506477355957031
-0.00691223144531251 0.0804595947265625 0.0127029418945313 0.0542755126953125
-0.0108871459960938 0.0701560974121094 0.0261688232421875 0.0434913635253906
-0.0189056396484375 0.0768890380859375 0.0248374938964844 0.0405082702636719
-0.0458526611328125 0.0585594177246094 0.0128326416015625 0.0410690307617188
-0.0646781921386719 0.0145339965820313 0.0130195617675781 0.0321712493896484
-0.0554466247558594 -0.0252227783203125 0.0149917602539062 0.0319805145263672
-0.00706481933593751 -0.0651092529296875 0.0168724060058594 0.0602836608886719
0.0419502258300781 -0.0622291564941406 0.00742340087890626 0.107170104980469
0.0558967590332031 -0.03265380859375 -0.0679168701171875 0.140884399414063
0.0692138671875 -0.100578308105469 0.0626640319824219 -0.00465393066406251
0.0209808349609375 -0.131126403808594 0.0350208282470703 -0.0206565856933594
-0.0567550659179687 -0.107124328613281 0.00362777709960937 -0.0232944488525391
-0.1063232421875 -0.0325927734375 -0.0121660232543945 -0.00537395477294922
-0.0926742553710938 0.03173828125 -0.00833225250244141 -0.000923156738281249
-0.0504684448242188 0.0912551879882812 -0.00270843505859375 0.0196647644042969
-0.00899505615234374 0.0948333740234375 0.00687026977539062 0.0206890106201172
-0.0102767944335937 0.0846176147460938 0.016789436340332 0.0123491287231445
-0.0160903930664062 0.093963623046875 0.0214138031005859 0.0103816986083984
-0.0464630126953125 0.0791778564453125 0.0216045379638672 0.0145168304443359
-0.0765304565429688 0.0336380004882813 0.0290298461914062 0.012603759765625
-0.079132080078125 -0.0129318237304688 0.0350799560546875 0.0253181457519531
-0.0364990234375 -0.0764694213867188 0.0361976623535156 0.0643463134765625
0.0185012817382812 -0.0963287353515625 0.0168533325195313 0.103790283203125
0.0450515747070313 -0.07415771484375 -0.0494842529296875 0.130912780761719
0.04986572265625 -0.117301940917969 0.0807342529296875 -0.0296859741210938
0.00345611572265626 -0.132957458496094 0.039306640625 -0.0345916748046875
-0.0636749267578125 -0.103591918945312 0.0111656188964844 -0.021697998046875
-0.107650756835938 -0.0311508178710938 0.00949001312255859 -0.00951385498046875
-0.09283447265625 0.0327682495117187 0.0125141143798828 -0.0209064483642578
-0.0513381958007813 0.0914077758789063 0.00559711456298828 -0.0138616561889648
-0.00855255126953124 0.0954208374023438 0.000754356384277343 -0.015162467956543
-0.00798797607421875 0.086151123046875 0.0048065185546875 -0.0208644866943359
-0.0113372802734375 0.0972671508789063 0.0134143829345703 -0.0230293273925781
-0.0406036376953125 0.0872268676757813 0.0254497528076172 -0.0173263549804687
-0.0779571533203125 0.0468978881835938 0.0418052673339844 -0.01287841796875
-0.0908355712890625 0.000877380371093769 0.0523262023925781 0.01190185546875
-0.0598831176757812 -0.0779037475585938 0.05108642578125 0.0571784973144531
-0.00707244873046875 -0.114662170410156 0.0225143432617187 0.0863723754882812
0.0277328491210938 -0.102348327636719 -0.030731201171875 0.105216979980469
0.0204620361328125 -0.118812561035156 0.0926361083984375 -0.0560531616210938
-0.0205154418945313 -0.115676879882813 0.0409202575683594 -0.048004150390625
-0.0671234130859375 -0.0808792114257813 0.0175743103027344 -0.0197601318359375
-0.0931930541992188 -0.0179824829101562 0.0293903350830078 -0.0132369995117188
-0.0766677856445313 0.0316085815429688 0.0303306579589844 -0.0383949279785156
-0.0411148071289063 0.0788650512695312 0.0125465393066406 -0.0441093444824219
-0.0060272216796875 0.0801010131835938 -0.005340576171875 -0.0481376647949219
-0.00460815429687501 0.0751724243164063 -0.00783920288085937 -0.0497932434082031
-0.00677490234375 0.0854034423828125 0.00301742553710937 -0.0530319213867187
-0.0309219360351563 0.0787811279296875 0.0251579284667969 -0.0481719970703125
-0.0661544799804688 0.0482139587402344 0.04742431640625 -0.0375633239746094
-0.0838851928710938 0.01080322265625 0.0612945556640625 -0.00389480590820312
-0.0668487548828125 -0.0655708312988281 0.0577316284179688 0.0431289672851563
-0.0264968872070312 -0.109580993652344 0.0199317932128906 0.0590438842773438
0.00630950927734376 -0.108413696289062 -0.015777587890625 0.0691261291503906
-0.012298583984375 -0.105445861816406 0.0964279174804688 -0.0812606811523438
-0.0432586669921875 -0.0842819213867188 0.0375328063964844 -0.0586700439453125
-0.064117431640625 -0.0444107055664063 0.0188007354736328 -0.0187797546386719
-0.065887451171875 0.00208663940429689 0.0416641235351562 -0.0175056457519531
-0.0473403930664063 0.02978515625 0.03973388671875 -0.0494613647460938
-0.021881103515625 0.056060791015625 0.0145301818847656 -0.0665321350097656
-0.0016326904296875 0.0536918640136719 -0.0117950439453125 -0.0715408325195313
-0.000755310058593745 0.0523796081542969 -0.019073486328125 -0.0714111328125
-0.00279998779296876 0.0597496032714844 -0.00630950927734375 -0.0755462646484375
-0.0191307067871094 0.0539817810058594 0.0228500366210937 -0.0726776123046875
-0.0434989929199219 0.0347976684570313 0.0485992431640625 -0.0555992126464844
-0.0577812194824219 0.013031005859375 0.063934326171875 -0.016021728515625
-0.0535545349121094 -0.0414886474609375 0.0544090270996094 0.0280647277832031
-0.0356903076171875 -0.0814056396484375 0.0118732452392578 0.0309600830078125
-0.0143966674804687 -0.0920791625976562 -0.00542068481445313 0.0318279266357422
-0.041900634765625 -0.07904052734375 0.0917282104492188 -0.104042053222656
-0.0570640563964844 -0.0462875366210937 0.0307884216308594 -0.0686454772949219
-0.0548744201660156 -0.00572204589843749 0.0151901245117187 -0.0207500457763672
-0.0330009460449219 0.0212745666503906 0.0425605773925781 -0.0229568481445312
-0.0128974914550781 0.0249996185302734 0.037933349609375 -0.054443359375
0.000167846679687498 0.02789306640625 0.0105133056640625 -0.0775833129882813
0.003448486328125 0.0204200744628906 -0.0180587768554688 -0.0822677612304688
0.00308418273925781 0.0224952697753906 -0.0271759033203125 -0.0819015502929688
8.01086425781222E-05 0.0253238677978516 -0.0127487182617187 -0.0874099731445313
-0.00564384460449219 0.0187797546386719 0.0212631225585938 -0.0850372314453125
-0.013401985168457 0.0122661590576172 0.0475540161132813 -0.0609893798828125
-0.0187473297119141 0.0100078582763672 0.0605735778808594 -0.0190467834472656
-0.0270652770996094 -0.0101070404052734 0.0441131591796875 0.0179824829101563
-0.0355796813964844 -0.0359153747558594 0.00250434875488281 0.0102367401123047
-0.0339622497558594 -0.0576362609863281 -0.00115609169006348 0.0023047924041748
-0.0625381469726563 -0.0437355041503906 0.0802688598632813 -0.121315002441406
-0.0597953796386719 -0.00801849365234375 0.0213088989257812 -0.0797042846679688
-0.0401458740234375 0.0263900756835938 0.00474739074707031 -0.0266799926757812
-0.00128173828125 0.0343132019042969 0.0319614410400391 -0.0280799865722656
0.0184345245361328 0.0170555114746094 0.0270614624023438 -0.0521278381347656
0.0200881958007813 -0.00268936157226563 0.0018157958984375 -0.0753021240234375
0.00788784027099609 -0.0149383544921875 -0.0233230590820313 -0.0805206298828125
0.00658512115478516 -0.0105857849121094 -0.0313873291015625 -0.0801239013671875
0.00337505340576172 -0.0130748748779297 -0.0145416259765625 -0.0867080688476563
0.00998687744140625 -0.0194797515869141 0.0221786499023438 -0.0839004516601563
0.0198287963867188 -0.0104618072509766 0.04425048828125 -0.0552330017089844
0.0220127105712891 0.00882339477539063 0.0531845092773437 -0.0150375366210937
-0.000629425048828124 0.0253181457519531 0.0305538177490234 0.0135612487792969
-0.0347003936767578 0.0157604217529297 -0.00666666030883789 -0.000807285308837888
-0.05291748046875 -0.0139694213867188 -0.00312328338623047 -0.015864372253418
0.0676994323730469 -0.032684326171875 0.0200347900390625 0.0252876281738281
0.0318832397460937 -0.0778884887695313 0.0189323425292969 -0.00212860107421876
-0.0357513427734375 -0.0638351440429687 -0.0177745819091797 -0.0233497619628906
-0.0642890930175781 -0.0104637145996094 -0.0508880615234375 0.00622177124023437
-0.0500602722167969 0.0247573852539063 -0.044036865234375 0.0388298034667969
-0.0224990844726562 0.05401611328125 -0.01666259765625 0.076324462890625
-0.00183486938476562 0.0546455383300781 0.014678955078125 0.0828018188476563
-0.00746536254882812 0.0470848083496094 0.0280990600585938 0.0713272094726562
-0.0149345397949219 0.0512504577636719 0.0201148986816406 0.0676383972167969
-0.0374641418457031 0.034820556640625 -0.00274276733398438 0.0627593994140625
-0.0470161437988281 -0.00104904174804688 -0.00783538818359375 0.0453338623046875
-0.03033447265625 -0.0317344665527344 -0.00653839111328125 0.0321502685546875
0.0164299011230469 -0.048858642578125 -0.00279617309570313 0.0522880554199219
0.0571861267089844 -0.027923583984375 -0.00840759277343749 0.103439331054688
0.058868408203125 0.00835037231445312 -0.0941085815429687 0.13763427734375
0.0774993896484375 -0.0741043090820313 0.036285400390625 0.014434814453125
0.0301132202148438 -0.114654541015625 0.0248222351074219 -0.00756645202636719
-0.0489120483398438 -0.0941162109375 -0.00737762451171875 -0.0241508483886719
-0.092315673828125 -0.0243072509765625 -0.0339889526367188 -0.001251220703125
-0.078277587890625 0.0304641723632813 -0.0303726196289063 0.0190181732177734
-0.0394515991210937 0.0793533325195313 -0.0125961303710938 0.0518417358398438
-0.006011962890625 0.0826950073242188 0.00942611694335938 0.0578765869140625
-0.0103530883789063 0.072845458984375 0.0221748352050781 0.0468482971191406
-0.0181121826171875 0.079833984375 0.0208511352539062 0.04327392578125
-0.0466041564941406 0.0613632202148438 0.008392333984375 0.0422859191894531
-0.0684852600097656 0.0161476135253906 0.0108566284179687 0.0315208435058594
-0.0593757629394531 -0.0271644592285156 0.0142402648925781 0.0308856964111328
-0.00846099853515625 -0.0706024169921875 0.0170516967773438 0.0623817443847656
0.0440826416015625 -0.0689697265625 0.0047760009765625 0.110450744628906
0.06060791015625 -0.0377616882324219 -0.075225830078125 0.142257690429688
0.0756378173828125 -0.10498046875 0.0565071105957031 -0.00535202026367188
0.02325439453125 -0.135818481445313 0.0305652618408203 -0.0197868347167969
-0.0569610595703125 -0.112129211425781 0.00196647644042969 -0.0236587524414063
-0.10858154296875 -0.0350494384765625 -0.0138444900512695 -0.00614261627197266
-0.0962295532226563 0.0316696166992188 -0.0112199783325195 -0.0023956298828125
-0.052032470703125 0.0924530029296875 -0.00602722167968751 0.0201625823974609
-0.0101470947265625 0.0984878540039063 0.00263786315917969 0.0236587524414063
-0.0115966796875 0.0878448486328125 0.0127410888671875 0.0150432586669922
-0.01751708984375 0.0978546142578125 0.0176219940185547 0.0113868713378906
-0.0493698120117188 0.0823974609375 0.0175447463989258 0.014683723449707
-0.0814285278320313 0.0340652465820313 0.0275039672851563 0.0109939575195313
-0.0835113525390625 -0.0161056518554688 0.0351390838623047 0.0235023498535156
-0.03662109375 -0.083831787109375 0.0365791320800781 0.065032958984375
0.0221481323242187 -0.104255676269531 0.0155792236328125 0.1058349609375
0.0523223876953125 -0.0797805786132813 -0.0547027587890625 0.130867004394531
0.0587005615234375 -0.121742248535156 0.0773162841796875 -0.0316162109375
0.00790405273437501 -0.139373779296875 0.0363731384277344 -0.035308837890625
-0.0625381469726562 -0.111061096191406 0.00934219360351562 -0.0227184295654297
-0.110282897949219 -0.0351181030273437 0.0072650909423828 -0.0104532241821289
-0.0982208251953125 0.0311431884765625 0.00967407226562499 -0.0220508575439453
-0.05517578125 0.0929183959960938 0.00302314758300781 -0.0143871307373047
-0.0114517211914063 0.0985870361328125 -0.0028839111328125 -0.0131521224975586
-0.0108489990234375 0.08984375 0.00147438049316406 -0.0189781188964844
-0.0145111083984375 0.101295471191406 0.0101394653320313 -0.0224933624267578
-0.0456695556640625 0.0898056030273438 0.0222702026367187 -0.0178756713867187
-0.0838775634765625 0.0461883544921875 0.0406608581542969 -0.0148048400878906
-0.0956039428710938 -0.00344085693359373 0.0522727966308594 0.0102500915527344
-0.0594940185546875 -0.0857009887695313 0.0519142150878906 0.0573234558105469
-0.00238800048828126 -0.122947692871094 0.0208740234375 0.0864334106445313
0.0363540649414063 -0.107597351074219 -0.0333099365234375 0.104354858398438
0.0298843383789063 -0.12225341796875 0.0927886962890625 -0.0591888427734375
-0.0142364501953125 -0.121627807617188 0.0388565063476563 -0.0507926940917969
-0.0643768310546875 -0.0886917114257813 0.0149688720703125 -0.0213069915771484
-0.0960006713867188 -0.0236740112304688 0.0274085998535156 -0.0142822265625
-0.0820693969726562 0.0290985107421875 0.0288543701171875 -0.0397148132324219
-0.0463790893554687 0.0802001953125 0.0107688903808594 -0.0455856323242187
-0.0104446411132812 0.0841751098632812 -0.0077056884765625 -0.04827880859375
-0.00845336914062499 0.0782318115234375 -0.0101852416992188 -0.0496826171875
-0.0106201171875 0.0885467529296875 0.000747680664062504 -0.0542068481445312
-0.0366668701171875 0.0807418823242188 0.0233078002929687 -0.0497207641601562
-0.072021484375 0.0463104248046875 0.04742431640625 -0.0402946472167969
-0.0874786376953125 0.00576782226562501 0.0620193481445312 -0.005859375
-0.065185546875 -0.0734786987304687 0.0579071044921875 0.04296875
-0.0211410522460938 -0.116371154785156 0.0193977355957031 0.0580368041992187
0.01666259765625 -0.11273193359375 -0.0153770446777344 0.0669326782226563
-0.00402069091796875 -0.107284545898438 0.0998992919921875 -0.0853500366210938
-0.0367202758789062 -0.0888290405273438 0.03857421875 -0.0627212524414063
-0.0612564086914063 -0.0508995056152344 0.0173511505126953 -0.0203380584716797
-0.0671958923339844 -0.00393676757812501 0.0405044555664062 -0.0188674926757813
-0.0520858764648438 0.0267257690429687 0.0396766662597656 -0.0508384704589844
-0.0276718139648438 0.0563240051269531 0.0141563415527344 -0.0681800842285156
-0.00612258911132812 0.0566902160644531 -0.01275634765625 -0.072509765625
-0.00462722778320313 0.0548515319824219 -0.0199432373046875 -0.07232666015625
-0.00758743286132813 0.0622634887695313 -0.0074005126953125 -0.0778274536132813
-0.0250816345214844 0.0550765991210937 0.0224609375 -0.0749664306640625
-0.0485458374023438 0.0320587158203125 0.0491142272949219 -0.0578498840332031
-0.0601921081542969 0.00733566284179687 0.0652236938476563 -0.0174713134765625
-0.0512123107910156 -0.0480461120605469 0.0543289184570313 0.0271110534667969
-0.02911376953125 -0.0858154296875 0.0125350952148437 0.0286273956298828
-0.00519561767578125 -0.0941162109375 -0.00251960754394532 0.0292854309082031
-0.0358657836914063 -0.0793228149414063 0.0979995727539063 -0.108123779296875
-0.0523872375488281 -0.0482101440429688 0.0335845947265625 -0.0738983154296875
-0.0515098571777344 -0.0094757080078125 0.0140552520751953 -0.0226383209228516
-0.0332431793212891 0.0162105560302734 0.0424003601074219 -0.0234489440917969
-0.015960693359375 0.0218505859375 0.0387954711914063 -0.0552711486816406
-0.00486946105957031 0.0262336730957031 0.0114822387695313 -0.0786666870117188
-0.00112724304199219 0.0219802856445313 -0.0170211791992187 -0.0848770141601562
-0.000888824462890627 0.0236225128173828 -0.0268783569335937 -0.0840072631835938
-0.00440216064453125 0.0268421173095703 -0.0120620727539062 -0.0898971557617188
-0.0110301971435547 0.018646240234375 0.0227890014648438 -0.0873565673828125
-0.0180473327636719 0.00901603698730469 0.0490646362304688 -0.0628433227539062
-0.0205535888671875 0.00539207458496094 0.06231689453125 -0.0198783874511719
-0.0243091583251953 -0.0149879455566406 0.0436782836914062 0.0172920227050781
-0.0296478271484375 -0.0383224487304688 0.00370550155639648 0.00729656219482422
-0.026947021484375 -0.0576133728027344 0.00470829010009765 -0.000185012817382816
-0.059967041015625 -0.0412864685058594 0.0884552001953125 -0.126243591308594
-0.0562934875488281 -0.00698471069335937 0.0246658325195312 -0.08489990234375
-0.0374107360839844 0.0262031555175781 0.0036163330078125 -0.0287570953369141
0.000640869140624998 0.0310173034667969 0.0322322845458984 -0.0281295776367187
0.0178279876708984 0.0137367248535156 0.0281829833984375 -0.0524711608886719
0.0164813995361328 -0.00475597381591797 0.0042724609375 -0.0769424438476563
0.00426483154296875 -0.0148525238037109 -0.0208892822265625 -0.084014892578125
0.00359630584716797 -0.0107650756835938 -0.02899169921875 -0.0836410522460938
-0.000215530395507811 -0.0124244689941406 -0.012939453125 -0.0902328491210938
0.00605583190917969 -0.0202465057373047 0.0246810913085938 -0.0866851806640625
0.0171060562133789 -0.0139665603637695 0.0474739074707031 -0.0563125610351563
0.0220069885253906 0.00533103942871094 0.0553932189941406 -0.0150642395019531
0.00261878967285156 0.0225582122802734 0.0310592651367187 0.0132293701171875
-0.0298614501953125 0.0156612396240234 -0.00446605682373047 -0.00346517562866211
-0.0478363037109375 -0.0126113891601562 0.00437736511230468 -0.0181179046630859
0.0678482055664062 -0.0374069213867187 0.0136318206787109 0.0282878875732422
0.0286178588867188 -0.0811538696289063 0.0165939331054688 0.000909805297851558
-0.0393257141113281 -0.0636444091796875 -0.0192985534667969 -0.0235881805419922
-0.0663261413574219 -0.00749588012695314 -0.0534133911132813 0.00713729858398437
-0.0504951477050781 0.0281410217285156 -0.047332763671875 0.0413055419921875
-0.0193061828613281 0.0564041137695313 -0.0185089111328125 0.080413818359375
0.0015716552734375 0.0576400756835938 0.01446533203125 0.0888137817382813
-0.00480651855468751 0.0493621826171875 0.0284500122070312 0.0764083862304688
-0.0114173889160156 0.0540695190429688 0.01959228515625 0.07257080078125
-0.0364532470703125 0.0389595031738281 -0.00532913208007813 0.06689453125
-0.0493659973144531 0.00287628173828124 -0.00946426391601563 0.0463638305664062
-0.0345191955566406 -0.0319156646728516 -0.00647544860839844 0.0327491760253906
0.0130653381347656 -0.0528945922851563 -0.00206756591796875 0.0562477111816406
0.0572280883789063 -0.033050537109375 -0.00983428955078124 0.110488891601562
0.061370849609375 0.00356292724609375 -0.102645874023437 0.145782470703125
0.08087158203125 -0.0815811157226563 0.0298290252685547 0.0163803100585937
0.02838134765625 -0.12066650390625 0.0210342407226563 -0.00584602355957032
-0.0528030395507812 -0.09814453125 -0.00912094116210938 -0.0244159698486328
-0.0960693359375 -0.0234603881835938 -0.0366401672363281 -0.00114059448242188
-0.0813446044921875 0.03399658203125 -0.0345821380615234 0.0195903778076172
-0.0385055541992187 0.0832061767578125 -0.0159454345703125 0.0544052124023438
-0.00402069091796876 0.0874557495117188 0.00733184814453125 0.0630989074707031
-0.00852203369140625 0.0768966674804688 0.0210151672363281 0.05169677734375
-0.015625 0.08489990234375 0.0192527770996094 0.0468368530273438
-0.0477371215820313 0.0672264099121094 0.00532913208007812 0.0449256896972656
-0.0732574462890625 0.0199432373046875 0.00921058654785156 0.0312461853027344
-0.0648422241210938 -0.0279998779296875 0.0146865844726563 0.0303115844726563
-0.011627197265625 -0.0772018432617188 0.0188102722167969 0.065460205078125
0.0446243286132812 -0.078155517578125 0.00413513183593749 0.116607666015625
0.0659027099609375 -0.0448455810546875 -0.0828704833984375 0.149139404296875
0.081207275390625 -0.114280700683594 0.0519790649414063 -0.00642395019531251
0.0236358642578125 -0.145278930664063 0.0276699066162109 -0.0201320648193359
-0.0603561401367188 -0.118904113769531 -6.67572021484396E-05 -0.0244655609130859
-0.114120483398438 -0.0363235473632812 -0.0167961120605469 -0.00749969482421875
-0.1011962890625 0.034637451171875 -0.0153160095214844 -0.00230979919433593
-0.0534439086914063 0.0977935791015625 -0.00975608825683594 0.0214748382568359
-0.00927734375 0.104393005371094 8.58306884765598E-05 0.0277194976806641
-0.01104736328125 0.093505859375 0.0104999542236328 0.0186996459960938
-0.0165939331054687 0.104011535644531 0.0149478912353516 0.013758659362793
-0.05169677734375 0.08807373046875 0.0140895843505859 0.0154619216918945
-0.0884628295898437 0.0376968383789063 0.0267333984375 0.00934600830078125
-0.0906524658203125 -0.0176544189453125 0.0362815856933594 0.0220680236816406
-0.0405044555664063 -0.0928878784179687 0.0393486022949219 0.067352294921875
0.0236282348632813 -0.114677429199219 0.0152053833007813 0.110359191894531
0.05926513671875 -0.0886917114257813 -0.0597305297851562 0.135955810546875
0.0666275024414062 -0.131362915039063 0.0750656127929687 -0.0344619750976563
0.00994873046875 -0.149368286132813 0.0339431762695313 -0.0374488830566406
-0.0656661987304687 -0.119834899902344 0.00734519958496093 -0.0236167907714844
-0.117111206054687 -0.038787841796875 0.00570011138916015 -0.011723518371582
-0.104934692382813 0.033111572265625 0.00695037841796874 -0.0236587524414063
-0.058563232421875 0.0983734130859375 -0.000343322753906252 -0.0143985748291016
-0.0128936767578125 0.105857849121094 -0.00612258911132813 -0.0118169784545898
-0.0118255615234375 0.0960159301757813 -0.00158977508544922 -0.0173330307006836
-0.015533447265625 0.108360290527344 0.00745773315429688 -0.0225830078125
-0.0489959716796875 0.0959701538085938 0.0193595886230469 -0.0184574127197266
-0.0910491943359375 0.0490570068359375 0.0398445129394531 -0.0178070068359375
-0.102867126464844 -0.00571441650390627 0.0540084838867188 0.00754547119140625
-0.0629348754882813 -0.0955657958984375 0.0547828674316406 0.0586738586425781
-0.000396728515625008 -0.134178161621094 0.0213775634765625 0.0890731811523437
0.04437255859375 -0.116836547851562 -0.0352783203125 0.106330871582031
0.0377731323242187 -0.130424499511719 0.093994140625 -0.0651931762695313
-0.0108184814453125 -0.131500244140625 0.0381317138671875 -0.0546531677246094
-0.06689453125 -0.097564697265625 0.0128631591796875 -0.0228042602539063
-0.101890563964844 -0.0287017822265625 0.0266819000244141 -0.0161590576171875
-0.0895156860351563 0.0297622680664062 0.0271835327148437 -0.0420112609863281
-0.0512847900390625 0.0843124389648438 0.00787734985351562 -0.0477333068847656
-0.0128860473632813 0.0902252197265625 -0.0108718872070312 -0.048065185546875
-0.0106048583984375 0.0840225219726563 -0.0133552551269531 -0.0500259399414062
-0.013214111328125 0.0952606201171875 -0.00249099731445313 -0.0559310913085937
-0.0411529541015625 0.0859222412109375 0.0206069946289062 -0.0523338317871094
-0.0793228149414062 0.0478363037109375 0.047393798828125 -0.0440139770507812
-0.0951004028320313 0.00270080566406248 0.0637664794921875 -0.00881576538085937
-0.067779541015625 -0.0823822021484375 0.060577392578125 0.0421333312988281
-0.018463134765625 -0.126625061035156 0.0198707580566406 0.05816650390625
0.0239639282226563 -0.120864868164063 -0.01507568359375 0.0668754577636718
0.00236511230468751 -0.112594604492188 0.103927612304688 -0.0931243896484375
-0.0331192016601562 -0.095855712890625 0.0384063720703125 -0.0690727233886719
-0.0615081787109375 -0.058258056640625 0.0157508850097656 -0.0228157043457031
-0.0713424682617188 -0.00899505615234374 0.040069580078125 -0.0207672119140625
-0.0580253601074219 0.0257453918457031 0.0394096374511719 -0.053680419921875
-0.0328483581542969 0.0589752197265625 0.0129928588867187 -0.0714492797851562
-0.0094451904296875 0.0615806579589844 -0.0147781372070312 -0.075225830078125
-0.0077056884765625 0.0594520568847656 -0.0224685668945312 -0.0745849609375
-0.0115928649902344 0.0675010681152344 -0.00982666015625 -0.08111572265625
-0.0302963256835938 0.05841064453125 0.0208358764648437 -0.0787811279296875
-0.0552902221679687 0.0317192077636719 0.050018310546875 -0.0620613098144531
-0.0652885437011719 0.00356674194335937 0.0669670104980469 -0.0200920104980469
-0.0511016845703125 -0.0557899475097656 0.0555915832519531 0.026702880859375
-0.0260772705078125 -0.0932769775390625 0.0132808685302734 0.0268821716308594
0.00155639648437499 -0.100578308105469 0.000585556030273435 0.0269813537597656
-0.03228759765625 -0.0815582275390625 0.10528564453125 -0.117111206054688
-0.0491790771484375 -0.0513572692871094 0.0352249145507812 -0.080963134765625
-0.050811767578125 -0.0135269165039063 0.0127449035644531 -0.0250930786132813
-0.0340938568115234 0.0125160217285156 0.0427207946777344 -0.025299072265625
-0.0196113586425781 0.0197620391845703 0.0401382446289063 -0.0580940246582031
-0.00961685180664063 0.0271854400634766 0.0113143920898437 -0.0826263427734375
-0.00485610961914063 0.0245609283447266 -0.018585205078125 -0.0890579223632813
-0.00391578674316406 0.0258598327636719 -0.0283432006835937 -0.0879364013671875
-0.00860404968261719 0.0299663543701172 -0.0137863159179687 -0.095184326171875
-0.0165615081787109 0.0198802947998047 0.022216796875 -0.0927810668945313
-0.0228767395019531 0.00706291198730469 0.0514030456542969 -0.0669670104980469
-0.023162841796875 0.00098991394042969 0.0645332336425781 -0.0224227905273438
-0.0224018096923828 -0.0201816558837891 0.0450248718261719 0.0167503356933594
-0.0255050659179688 -0.0423851013183594 0.00473356246948242 0.00450944900512695
-0.0210456848144531 -0.0606269836425781 0.00983810424804688 -0.00374031066894532
-0.0598373413085938 -0.0397987365722656 0.0964202880859375 -0.135665893554688
-0.054534912109375 -0.00596237182617186 0.026885986328125 -0.0928955078125
-0.0345058441162109 0.0264015197753906 0.00250816345214843 -0.0312290191650391
0.00197601318359375 0.0291481018066406 0.0328598022460938 -0.0292987823486328
0.0169887542724609 0.0116004943847656 0.0302581787109375 -0.0543670654296875
0.013697624206543 -0.00641059875488281 0.00518798828124999 -0.0804214477539063
0.000560760498046877 -0.0153722763061523 -0.02105712890625 -0.0889358520507813
0.000684738159179686 -0.0106916427612305 -0.0297775268554687 -0.0883941650390625
-0.00411605834960938 -0.0122451782226562 -0.01300048828125 -0.0959548950195312
0.0012969970703125 -0.0210685729980469 0.0258560180664063 -0.092437744140625
0.0142841339111328 -0.0174064636230469 0.0504570007324219 -0.0600662231445313
0.0220069885253906 0.00117683410644531 0.0583305358886719 -0.0165824890136719
0.00580215454101562 0.0205039978027344 0.0321636199951172 0.0128860473632813
-0.0257320404052734 0.0157318115234375 -0.00264930725097656 -0.00628328323364258
-0.0443954467773438 -0.011749267578125 0.0124378204345703 -0.0216617584228516
0.0671806335449219 -0.0438003540039063 0.0074748992919922 0.0319786071777344
0.0231552124023438 -0.0853424072265625 0.0141115188598633 0.00336360931396484
-0.0449981689453125 -0.0626792907714844 -0.0212860107421875 -0.0228290557861328
-0.06793212890625 -0.00280380249023437 -0.0559272766113281 0.00860595703125
-0.048919677734375 0.03314208984375 -0.0494956970214844 0.0451736450195313
-0.0144271850585937 0.0588302612304688 -0.018035888671875 0.0864715576171875
0.007110595703125 0.0590286254882813 0.0176849365234375 0.0949859619140625
-0.000457763671874995 0.0517425537109375 0.0313186645507813 0.0815277099609375
-0.006500244140625 0.0569229125976563 0.0212936401367188 0.0777359008789063
-0.033935546875 0.0440559387207031 -0.00519561767578125 0.0720291137695313
-0.0509567260742188 0.008026123046875 -0.00970458984375001 0.0489540100097656
-0.0393180847167969 -0.0301666259765625 -0.00607872009277344 0.0338115692138672
0.00860595703124999 -0.0567092895507812 0.00138092041015625 0.0602912902832031
0.0551834106445313 -0.0402908325195313 -0.00688934326171874 0.118560791015625
0.0637626647949219 -0.00295639038085938 -0.10638427734375 0.159011840820313
0.0817031860351563 -0.09136962890625 0.0244922637939453 0.0175933837890625
0.0227432250976563 -0.12872314453125 0.0186920166015625 -0.00460243225097657
-0.0600433349609375 -0.100334167480469 -0.0113468170166016 -0.0242519378662109
-0.10101318359375 -0.0191574096679687 -0.0396957397460938 -9.15527343750071E-05
-0.0830535888671875 0.0400848388671875 -0.0376472473144531 0.0224685668945313
-0.0351715087890625 0.0888290405273438 -0.0167427062988281 0.0591812133789063
0.00164794921875 0.0923690795898438 0.00891876220703125 0.0691375732421875
-0.00403594970703126 0.0816650390625 0.02191162109375 0.0565757751464844
-0.0108184814453125 0.090789794921875 0.0191192626953125 0.0508499145507813
-0.0458831787109375 0.074920654296875 0.00414657592773437 0.0489501953125
-0.0772781372070312 0.0266265869140625 0.00865936279296874 0.0318870544433594
-0.0720291137695313 -0.0261917114257812 0.0163421630859375 0.0297336578369141
-0.0181655883789062 -0.083465576171875 0.0232772827148438 0.0684013366699219
0.0429153442382813 -0.0884475708007812 0.00753021240234375 0.123321533203125
0.0695114135742187 -0.0546646118164063 -0.0853424072265625 0.160415649414063
0.0836639404296875 -0.126556396484375 0.0475082397460938 -0.00777435302734376
0.0189361572265625 -0.15557861328125 0.0245323181152344 -0.0201358795166016
-0.0690383911132812 -0.124565124511719 -0.00306129455566407 -0.0247478485107422
-0.1214599609375 -0.03424072265625 -0.0194816589355469 -0.00723457336425782
-0.105796813964844 0.04132080078125 -0.0190753936767578 -0.00166702270507812
-0.0515823364257813 0.10516357421875 -0.0123271942138672 0.0239734649658203
-0.0048675537109375 0.111625671386719 -0.00107765197753906 0.0321540832519531
-0.00728607177734375 0.0997238159179687 0.00970458984375 0.0226192474365234
-0.0125274658203125 0.111976623535156 0.0130472183227539 0.0160503387451172
-0.0511093139648438 0.0968170166015625 0.0120735168457031 0.0175819396972656
-0.0935821533203125 0.0446548461914063 0.0264015197753906 0.00790023803710938
-0.0990676879882813 -0.0160903930664062 0.0382270812988281 0.0198402404785156
-0.0481185913085937 -0.100242614746094 0.04437255859375 0.0683059692382813
0.0207443237304687 -0.127067565917969 0.0192184448242188 0.115127563476562
0.0630035400390625 -0.100372314453125 -0.0606536865234375 0.144577026367188
0.06964111328125 -0.144149780273438 0.0726089477539063 -0.0395889282226563
0.00640869140624999 -0.16119384765625 0.0306892395019531 -0.0400161743164063
-0.0740890502929688 -0.127723693847656 0.00470161437988281 -0.0246200561523438
-0.125770568847656 -0.0388031005859375 0.0033435821533203 -0.012455940246582
-0.111419677734375 0.03887939453125 0.00337409973144531 -0.0249176025390625
-0.0589065551757812 0.106575012207031 -0.00439739227294922 -0.0143508911132812
-0.00962066650390626 0.113883972167969 -0.00870227813720703 -0.00899505615234374
-0.00945281982421874 0.103340148925781 -0.00473880767822266 -0.0146808624267578
-0.0129852294921875 0.11651611328125 0.00378227233886719 -0.0222949981689453
-0.049560546875 0.104515075683594 0.0161323547363281 -0.0196971893310547
-0.0976486206054687 0.0557327270507813 0.0387077331542969 -0.0214271545410156
-0.111968994140625 -0.00414276123046874 0.0557594299316406 0.00365447998046875
-0.0710220336914062 -0.103233337402344 0.0593643188476562 0.0580711364746094
-0.00424194335937501 -0.146514892578125 0.0249252319335937 0.09100341796875
0.04766845703125 -0.129112243652344 -0.034881591796875 0.111297607421875
0.0413970947265625 -0.141128540039063 0.0931320190429687 -0.0736236572265625
-0.013214111328125 -0.141769409179688 0.0350303649902344 -0.0598716735839844
-0.0728759765625 -0.106071472167969 0.0107765197753906 -0.0244255065917969
-0.110610961914062 -0.0304031372070313 0.0251560211181641 -0.0182209014892578
-0.096527099609375 0.0342254638671875 0.02447509765625 -0.0453605651855469
-0.0535430908203125 0.0915756225585937 0.00400161743164062 -0.0495147705078125
-0.0117263793945312 0.098358154296875 -0.0151786804199219 -0.0481681823730469
-0.00971221923828126 0.0908889770507813 -0.0178718566894531 -0.0498085021972656
-0.0124893188476562 0.103279113769531 -0.00714874267578126 -0.0572662353515625
-0.0430068969726563 0.0934219360351563 0.0167312622070312 -0.0549240112304687
-0.0860061645507812 0.053009033203125 0.04595947265625 -0.0495109558105469
-0.1029052734375 0.00325775146484373 0.0655784606933594 -0.0137176513671875
-0.07415771484375 -0.0894851684570312 0.0638275146484375 0.0407752990722656
-0.0208892822265625 -0.137451171875 0.0221710205078125 0.0578727722167969
0.0272293090820312 -0.131790161132813 -0.0129470825195313 0.0672531127929687
0.00510406494140625 -0.11993408203125 0.105842590332031 -0.105224609375
-0.0333786010742188 -0.103446960449219 0.0366287231445313 -0.0762100219726563
-0.0649070739746094 -0.0649604797363281 0.0135097503662109 -0.0249595642089844
-0.0776138305664063 -0.0118484497070313 0.0399894714355469 -0.0239105224609375
-0.06396484375 0.0277175903320312 0.0378074645996094 -0.0585899353027344
-0.0366592407226563 0.0639152526855469 0.00955963134765624 -0.0756988525390625
-0.0106353759765625 0.0679664611816406 -0.019439697265625 -0.077484130859375
-0.00841522216796874 0.0651206970214844 -0.0277252197265625 -0.076507568359375
-0.0124053955078125 0.0743560791015625 -0.0152587890625 -0.08489990234375
-0.0336647033691406 0.0640411376953125 0.0166473388671875 -0.0835800170898438
-0.0617599487304688 0.0345115661621094 0.0491828918457031 -0.0685195922851563
-0.071380615234375 0.00241851806640626 0.0683708190917969 -0.025054931640625
-0.0549354553222656 -0.0620918273925781 0.0587387084960938 0.0241546630859375
-0.0257797241210937 -0.101005554199219 0.01409912109375 0.0252513885498047
0.004669189453125 -0.107658386230469 0.00414276123046875 0.0243778228759766
-0.0306930541992188 -0.083831787109375 0.10772705078125 -0.130615234375
-0.0480155944824219 -0.0541801452636719 0.0335769653320312 -0.0896759033203125
-0.05059814453125 -0.0165519714355469 0.0110702514648437 -0.0275421142578125
-0.0363616943359375 0.00949859619140626 0.0427665710449219 -0.028839111328125
-0.0230216979980469 0.0187911987304688 0.0395126342773437 -0.0627899169921875
-0.0130252838134766 0.0292778015136719 0.0087432861328125 -0.0874557495117188
-0.00773048400878906 0.0284385681152344 -0.0224533081054688 -0.0931472778320313
-0.00627517700195313 0.029266357421875 -0.0331573486328125 -0.0912704467773438
-0.0109539031982422 0.0341091156005859 -0.0185623168945313 -0.100082397460938
-0.0204887390136719 0.0224266052246094 0.019287109375 -0.0988082885742187
-0.0286102294921875 0.00638008117675781 0.050994873046875 -0.0734405517578125
-0.026519775390625 -0.00233650207519531 0.0665435791015625 -0.0267753601074219
-0.0224266052246094 -0.0251235961914063 0.0469131469726563 0.0144767761230469
-0.023193359375 -0.0460014343261719 0.00536966323852539 0.00163841247558593
-0.0178260803222656 -0.0632133483886719 0.0152950286865234 -0.00839614868164063
-0.0598831176757813 -0.0373878479003906 0.100189208984375 -0.149490356445313
-0.0533103942871094 -0.00393295288085938 0.0253372192382813 -0.102249145507812
-0.0321540832519531 0.0270481109619141 0.00102996826171875 -0.0338134765625
0.00450706481933594 0.0265655517578125 0.0329914093017578 -0.0322170257568359
0.0171098709106445 0.00885581970214844 0.0304412841796875 -0.0582847595214844
0.010523796081543 -0.00779056549072266 0.00389862060546874 -0.0849456787109375
-0.00335502624511719 -0.0143642425537109 -0.02423095703125 -0.0943069458007813
-0.00258731842041016 -0.0104150772094727 -0.03399658203125 -0.0926666259765625
-0.00815773010253906 -0.0105504989624023 -0.0168838500976563 -0.102058410644531
-0.00372505187988281 -0.0213813781738281 0.0234298706054687 -0.0997695922851563
0.00988578796386719 -0.0202045440673828 0.0514640808105469 -0.0660781860351563
0.0211658477783203 -0.00325965881347656 0.061279296875 -0.020233154296875
0.00919628143310547 0.0174503326416016 0.0338001251220703 0.0115756988525391
-0.0215682983398438 0.01629638671875 -0.00155544281005859 -0.00928401947021484
-0.0418548583984375 -0.00994110107421876 0.0183486938476562 -0.0267677307128906
0.0633926391601563 -0.0502281188964844 0.00319290161132813 0.0364227294921875
0.0145797729492188 -0.087158203125 0.0122594833374023 0.00562953948974609
-0.0503044128417969 -0.0583114624023438 -0.0234203338623047 -0.0207271575927734
-0.0676193237304688 0.00373077392578126 -0.0568618774414063 0.0123329162597656
-0.0463714599609375 0.0383186340332031 -0.04913330078125 0.0502967834472656
-0.00828933715820313 0.060211181640625 -0.0142059326171875 0.0909347534179687
0.01361083984375 0.0593643188476563 0.0238265991210938 0.0988311767578125
0.00550460815429687 0.0520591735839844 0.0363616943359375 0.0840911865234375
-0.000110626220703128 0.0583648681640625 0.0253143310546875 0.0806427001953125
-0.0291366577148438 0.0487289428710938 -0.00262451171875 0.0765914916992188
-0.0511283874511719 0.0144691467285156 -0.00846099853515625 0.0506134033203125
-0.0434837341308594 -0.0264930725097656 -0.00461196899414063 0.0347156524658203
0.00202178955078125 -0.0590858459472656 0.00624084472656251 0.0626296997070313
0.0509719848632812 -0.0470962524414062 -0.000610351562499998 0.124130249023438
0.0640754699707031 -0.0110893249511719 -0.103591918945312 0.172042846679688
0.0771026611328125 -0.101486206054687 0.0190448760986328 0.0194835662841797
0.013153076171875 -0.133308410644531 0.0161046981811523 -0.00278568267822266
-0.0682907104492188 -0.0980453491210938 -0.0139617919921875 -0.02288818359375
-0.103569030761719 -0.0128707885742188 -0.041473388671875 0.00179290771484376
-0.0811996459960938 0.0477523803710938 -0.0393600463867188 0.0262489318847656
-0.028839111328125 0.0927276611328125 -0.0164337158203125 0.0631599426269531
0.00926971435546874 0.0943374633789062 0.0121536254882813 0.0727157592773438
0.002899169921875 0.0845413208007813 0.02508544921875 0.0594711303710938
-0.00348663330078124 0.0944595336914062 0.0210304260253906 0.0534553527832031
-0.04150390625 0.0814208984375 0.00532913208007812 0.0523414611816406
-0.0785064697265625 0.0345611572265625 0.00915908813476562 0.0317096710205078
-0.0781021118164063 -0.0217208862304688 0.0177249908447266 0.0283565521240234
-0.0264739990234375 -0.0869369506835938 0.0287857055664063 0.068603515625
0.0367813110351563 -0.09783935546875 0.0140304565429687 0.126747131347656
0.0686798095703125 -0.0656547546386719 -0.081787109375 0.171035766601563
0.07916259765625 -0.138534545898438 0.0417976379394531 -0.00896453857421876
0.00860595703125 -0.162841796875 0.0206394195556641 -0.0196151733398438
-0.0788497924804687 -0.125045776367188 -0.00596809387207032 -0.0235252380371094
-0.127059936523438 -0.0280685424804688 -0.0217514038085938 -0.00620079040527344
-0.106307983398437 0.0501327514648438 -0.0219745635986328 0.000297546386718753
-0.0463027954101563 0.111717224121094 -0.0139827728271484 0.0268383026123047
0.003143310546875 0.116203308105469 -0.000415802001953126 0.0363273620605469
-0.000541687011718755 0.104324340820313 0.00963973999023438 0.0259647369384766
-0.00510406494140626 0.117332458496094 0.0121536254882813 0.0176715850830078
-0.0460968017578125 0.104660034179688 0.0105190277099609 0.0192604064941406
-0.0953750610351562 0.0537185668945313 0.0253963470458984 0.0054779052734375
-0.10589599609375 -0.0108184814453125 0.039276123046875 0.01641845703125
-0.0579605102539063 -0.103965759277344 0.0500373840332031 0.0668525695800781
0.0130233764648437 -0.13671875 0.0253372192382813 0.1165771484375
0.0611038208007813 -0.112724304199219 -0.0564422607421875 0.151351928710938
0.0661773681640625 -0.155746459960937 0.0666847229003906 -0.0448379516601563
-0.00195312500000001 -0.168777465820313 0.0258026123046875 -0.0412406921386719
-0.0849609375 -0.130386352539063 0.00145912170410156 -0.0245418548583984
-0.133049011230469 -0.0338363647460938 0.000532150268554679 -0.0132656097412109
-0.114227294921875 0.0478744506835938 -0.000755310058593757 -0.0250835418701172
-0.0554962158203125 0.114189147949219 -0.00785064697265626 -0.0129613876342773
-0.00282287597656249 0.119834899902344 -0.0110874176025391 -0.00614452362060546
-0.00349426269531249 0.108963012695312 -0.00689697265625 -0.0118694305419922
-0.00600433349609375 0.123138427734375 -0.000234603881835936 -0.0209598541259766
-0.0457687377929688 0.112808227539063 0.0123920440673828 -0.0192127227783203
-0.0996322631835938 0.0649337768554687 0.0365676879882812 -0.0252418518066406
-0.118698120117188 0.0012054443359375 0.0556144714355469 -0.0015106201171875
-0.0805740356445312 -0.106178283691406 0.0639152526855469 0.0543746948242187
-0.01171875 -0.155792236328125 0.0294723510742187 0.090606689453125
0.0451812744140625 -0.1407470703125 -0.030426025390625 0.114364624023438
0.0384979248046875 -0.1510009765625 0.0881500244140625 -0.0823593139648438
-0.0197296142578125 -0.149215698242188 0.0298614501953125 -0.0640487670898438
-0.0817642211914062 -0.109870910644531 0.00745391845703124 -0.0252475738525391
-0.118331909179688 -0.027618408203125 0.0230846405029297 -0.0203914642333984
-0.100204467773438 0.041351318359375 0.0202445983886719 -0.0479202270507813
-0.0521011352539063 0.0993499755859375 -0.00119781494140626 -0.0501861572265625
-0.00716400146484374 0.104461669921875 -0.0199127197265625 -0.0462532043457031
-0.00531768798828124 0.0967636108398438 -0.0226974487304687 -0.047515869140625
-0.0078125 0.109970092773438 -0.012969970703125 -0.0575103759765625
-0.0407638549804688 0.101280212402344 0.0110931396484375 -0.0568161010742187
-0.0889053344726562 0.0604476928710938 0.0421180725097656 -0.0544242858886719
-0.108482360839844 0.00730895996093751 0.0651130676269531 -0.0194053649902344
-0.0822296142578125 -0.0924072265625 0.0668220520019531 0.0360603332519531
-0.0278167724609375 -0.145004272460938 0.0248184204101563 0.0557403564453125
0.0250091552734375 -0.14117431640625 -0.00945663452148438 0.0671234130859375
0.00381469726562499 -0.125831604003906 0.101310729980469 -0.116874694824219
-0.0369949340820313 -0.107933044433594 0.0313186645507813 -0.0826416015625
-0.0699691772460938 -0.068115234375 0.01104736328125 -0.0267829895019531
-0.0828781127929688 -0.011688232421875 0.0380058288574219 -0.02752685546875
-0.0673446655273438 0.0318946838378906 0.033782958984375 -0.0623054504394531
-0.0371475219726562 0.0696601867675781 0.00319671630859375 -0.0777740478515625
-0.00885772705078125 0.0733795166015625 -0.0256423950195313 -0.0774917602539062
-0.00655364990234375 0.0695915222167969 -0.0339889526367188 -0.0756378173828125
-0.0102081298828125 0.0799636840820313 -0.0225677490234375 -0.0859756469726563
-0.0341148376464844 0.0702667236328125 0.0102081298828125 -0.0867080688476563
-0.0658416748046875 0.0392189025878906 0.045196533203125 -0.07403564453125
-0.0761871337890625 0.00408935546875001 0.0671806335449219 -0.0307655334472656
-0.0595932006835938 -0.0655097961425781 0.05975341796875 0.0203018188476562
-0.02947998046875 -0.106636047363281 0.0148830413818359 0.0223445892333984
0.0045013427734375 -0.113311767578125 0.00741386413574219 0.0207309722900391
-0.0308914184570312 -0.0843582153320313 0.104888916015625 -0.143814086914063
-0.0482940673828125 -0.0550460815429687 0.028350830078125 -0.097747802734375
-0.0512619018554688 -0.0181999206542969 0.00849533081054687 -0.0297870635986328
-0.0383872985839844 0.00798034667968751 0.0407943725585937 -0.0322227478027344
-0.0254287719726562 0.0194263458251953 0.0360450744628906 -0.0667648315429688
-0.0158233642578125 0.0317707061767578 0.00356292724609374 -0.090240478515625
-0.00853347778320312 0.0319576263427734 -0.0289459228515625 -0.0949172973632813
-0.00672531127929687 0.0327587127685547 -0.0397491455078125 -0.09197998046875
-0.0119400024414063 0.0388221740722656 -0.0263137817382813 -0.102516174316406
-0.0241413116455078 0.0265693664550781 0.0124740600585937 -0.103523254394531
-0.0333480834960938 0.0076141357421875 0.0473098754882812 -0.0793914794921875
-0.0304622650146484 -0.00379371643066406 0.0659751892089844 -0.0321006774902344
-0.0235137939453125 -0.0292205810546875 0.0479927062988281 0.0113945007324219
-0.0224342346191406 -0.0490798950195313 0.00549077987670898 -0.00128221511840821
-0.01629638671875 -0.0657005310058594 0.0189743041992188 -0.0138912200927734
-0.0599708557128906 -0.033416748046875 0.09722900390625 -0.16314697265625
-0.0506248474121094 -0.00150299072265624 0.020843505859375 -0.109550476074219
-0.0282001495361328 0.0277786254882812 -0.00223541259765625 -0.0352363586425781
0.00566291809082031 0.0238437652587891 0.0312061309814453 -0.0347080230712891
0.0159435272216797 0.00578498840332031 0.0280914306640625 -0.061798095703125
0.00668096542358398 -0.00821352005004883 -0.000190734863281247 -0.0882797241210938
-0.00720024108886719 -0.0122690200805664 -0.0300445556640625 -0.0964736938476563
-0.00592327117919922 -0.0089569091796875 -0.0398025512695313 -0.0948257446289062
-0.011408805847168 -0.008544921875 -0.0241622924804688 -0.105445861816406
-0.00935935974121094 -0.0200271606445313 0.0175704956054688 -0.105323791503906
0.00476646423339844 -0.0224761962890625 0.0489501953125 -0.072021484375
0.0190677642822266 -0.00732612609863281 0.0616073608398438 -0.0252037048339844
0.0122261047363281 0.0136623382568359 0.0344600677490234 0.00940322875976563
-0.0170774459838867 0.0156240463256836 -0.00115489959716797 -0.0124311447143555
-0.0386886596679688 -0.00767135620117187 0.0228004455566406 -0.0331344604492188
0.0579414367675781 -0.0543289184570313 -0.000190734863281246 0.0404014587402344
0.00684356689453124 -0.0853729248046875 0.0107545852661133 0.00856971740722656
-0.0530433654785156 -0.0524444580078125 -0.0239486694335938 -0.0187244415283203
-0.0653953552246094 0.00896072387695314 -0.0565834045410156 0.015228271484375
-0.0416336059570313 0.0412521362304688 -0.0472259521484375 0.0533676147460938
-0.00264739990234375 0.0587806701660156 -0.00949096679687499 0.0926666259765625
0.0189437866210937 0.0568008422851563 0.0288238525390625 0.098907470703125
0.0102577209472656 0.0503005981445313 0.0403518676757813 0.0832366943359375
0.0062103271484375 0.0571098327636719 0.029541015625 0.0808944702148438
-0.0237960815429687 0.0508880615234375 0.00125122070312499 0.0783157348632813
-0.0486640930175781 0.0193748474121094 -0.0069427490234375 0.0514411926269531
-0.0455970764160156 -0.0219154357910156 -0.00348281860351563 0.0344123840332031
-0.00428009033203125 -0.0579299926757813 0.0111122131347656 0.0624847412109375
0.0447731018066406 -0.051605224609375 0.00511932373046875 0.125404357910156
0.0615615844726562 -0.0176734924316406 -0.0966033935546875 0.179611206054688
0.07061767578125 -0.107185363769531 0.0142936706542969 0.0224723815917969
0.00331878662109375 -0.13287353515625 0.0133771896362305 -0.000602722167968758
-0.0742721557617188 -0.09320068359375 -0.0153331756591797 -0.0205268859863281
-0.102874755859375 -0.00601196289062502 -0.0424308776855469 0.00412368774414063
-0.0769729614257813 0.0528640747070313 -0.039337158203125 0.0289840698242188
-0.02215576171875 0.0931015014648437 -0.0140304565429688 0.0657310485839844
0.0165176391601562 0.0932464599609375 0.0157699584960938 0.0743637084960938
0.00913238525390625 0.0837936401367188 0.027374267578125 0.0602684020996094
0.00479125976562499 0.0940093994140625 0.0226821899414063 0.0547332763671875
-0.0350723266601563 0.0848007202148438 0.00623321533203125 0.0543632507324219
-0.0760498046875 0.041107177734375 0.00918006896972655 0.0307807922363281
-0.0809249877929688 -0.0163421630859375 0.0181026458740234 0.0264415740966797
-0.03399658203125 -0.08648681640625 0.0332107543945313 0.0666732788085938
0.0290145874023437 -0.103004455566406 0.0202178955078125 0.126792907714844
0.065216064453125 -0.0737075805664062 -0.0750885009765625 0.17645263671875
0.072357177734375 -0.14532470703125 0.0354042053222656 -0.00847244262695314
-0.00132751464843749 -0.163726806640625 0.0172863006591797 -0.0178871154785156
-0.0869827270507813 -0.121200561523437 -0.00788688659667969 -0.022216796875
-0.128753662109375 -0.0211105346679688 -0.0232658386230469 -0.00446510314941406
-0.103378295898437 0.05694580078125 -0.0243129730224609 0.00261116027832031
-0.0399551391601563 0.113998413085937 -0.0146293640136719 0.0296249389648438
0.0112686157226563 0.116508483886719 0.00117874145507812 0.0389747619628906
0.00658416748046876 0.104995727539063 0.0105857849121094 0.0279140472412109
0.00328826904296876 0.118080139160156 0.0110912322998047 0.0198535919189453
-0.0404434204101562 0.109291076660156 0.00973701477050781 0.0209522247314453
-0.0938186645507813 0.0613479614257813 0.0234851837158203 0.00396919250488282
-0.109405517578125 -0.00487518310546873 0.0381965637207031 0.0131492614746094
-0.0658035278320312 -0.103157043457031 0.0535011291503906 0.0627784729003906
0.00431823730468751 -0.142059326171875 0.0305328369140625 0.11431884765625
0.056121826171875 -0.12091064453125 -0.0504608154296875 0.154159545898438
0.0600128173828125 -0.162582397460938 0.0591812133789063 -0.0467948913574219
-0.0112762451171875 -0.1712646484375 0.0211181640625 -0.0408554077148438
-0.092254638671875 -0.128074645996094 -0.00152206420898438 -0.0235176086425781
-0.136337280273438 -0.0277862548828125 -0.0017995834350586 -0.0128793716430664
-0.112480163574219 0.054718017578125 -0.00429725646972657 -0.0237827301025391
-0.0498580932617187 0.11767578125 -0.0109949111938477 -0.0103464126586914
0.00461578369140626 0.121101379394531 -0.0123577117919922 -0.00225257873535156
0.00273895263671875 0.110282897949219 -0.00836372375488281 -0.00849533081054687
0.00119018554687499 0.125297546386719 -0.00367164611816406 -0.0186328887939453
-0.0400772094726562 0.11767578125 0.00908088684082031 -0.0178108215332031
-0.0984954833984375 0.0718994140625 0.0326786041259766 -0.0275077819824219
-0.121795654296875 0.00686645507812499 0.0536575317382812 -0.0052490234375
-0.0884628295898438 -0.105667114257813 0.0661277770996094 0.0496749877929687
-0.0206146240234375 -0.160125732421875 0.0330657958984375 0.0878143310546875
0.0405731201171875 -0.147918701171875 -0.0260848999023437 0.11456298828125
0.034820556640625 -0.156509399414062 0.0801162719726563 -0.0873489379882813
-0.0256500244140625 -0.151718139648438 0.0242347717285156 -0.0653724670410157
-0.0887298583984375 -0.109619140625 0.00432586669921875 -0.0252342224121094
-0.121826171875 -0.0232772827148438 0.0197696685791016 -0.0211906433105469
-0.100418090820313 0.0474700927734375 0.0151634216308594 -0.047271728515625
-0.0489425659179688 0.103713989257812 -0.00632476806640625 -0.0483283996582031
-0.00159454345703126 0.107376098632813 -0.02313232421875 -0.0425224304199219
-0.000305175781249993 0.0992202758789063 -0.0255279541015625 -0.0437583923339844
-0.00192260742187499 0.112838745117188 -0.0182876586914062 -0.0545654296875
-0.0371246337890625 0.10546875 0.00621414184570313 -0.05548095703125
-0.0888442993164063 0.0659713745117188 0.0369224548339844 -0.0570335388183594
-0.111274719238281 0.0118179321289063 0.0619125366210937 -0.0242271423339844
-0.0883407592773438 -0.092132568359375 0.0672149658203125 0.0315818786621094
-0.0341796875 -0.147994995117188 0.0260009765625 0.0529594421386719
0.0212860107421875 -0.146270751953125 -0.00612640380859375 0.0640487670898437
0.00203704833984374 -0.128219604492188 0.093475341796875 -0.1243896484375
-0.039337158203125 -0.109939575195313 0.0252838134765625 -0.0858078002929688
-0.0733871459960938 -0.0694961547851563 0.00787162780761718 -0.0274181365966797
-0.08673095703125 -0.0104522705078125 0.0342140197753906 -0.0291004180908203
-0.0689735412597656 0.0348396301269531 0.0285415649414062 -0.06353759765625
-0.0363311767578125 0.0737533569335937 -0.00264739990234375 -0.07659912109375
-0.00580596923828126 0.0768661499023438 -0.0303421020507813 -0.07470703125
-0.00415039062500001 0.0722732543945313 -0.0379486083984375 -0.072174072265625
-0.0067596435546875 0.0837326049804688 -0.0291290283203125 -0.0840301513671875
-0.0329360961914062 0.0738449096679687 0.00365447998046874 -0.0861892700195313
-0.0672836303710938 0.0435867309570312 0.0395050048828125 -0.0771942138671875
-0.0789260864257813 0.00587463378906249 0.064483642578125 -0.0353164672851563
-0.0633468627929687 -0.0670509338378906 0.0591964721679687 0.0162353515625
-0.0326080322265625 -0.109245300292969 0.0147228240966797 0.0195198059082031
0.00286102294921874 -0.116416931152344 0.0101032257080078 0.0164384841918945
-0.0306549072265625 -0.0836868286132813 0.097198486328125 -0.152725219726563
-0.0473861694335937 -0.0548210144042969 0.0227432250976563 -0.101188659667969
-0.0505828857421875 -0.0201873779296875 0.00566291809082031 -0.0301055908203125
-0.0399894714355469 0.00621795654296875 0.0376319885253906 -0.034149169921875
-0.0273036956787109 0.0198383331298828 0.0315513610839844 -0.06890869140625
-0.0175189971923828 0.0342140197753906 -0.00180816650390624 -0.0903472900390625
-0.00890731811523438 0.0356826782226563 -0.03460693359375 -0.0928421020507813
-0.00691986083984375 0.0355949401855469 -0.0450057983398437 -0.088897705078125
-0.0119400024414063 0.0420341491699219 -0.0328826904296875 -0.100883483886719
-0.0257644653320312 0.0300941467285156 0.00566101074218749 -0.104057312011719
-0.036956787109375 0.0100555419921875 0.0421981811523438 -0.0828475952148438
-0.0334243774414063 -0.00462722778320313 0.0632286071777344 -0.0361137390136719
-0.0244293212890625 -0.0323638916015625 0.0473060607910156 0.0083160400390625
-0.0217475891113281 -0.051666259765625 0.00492382049560547 -0.00369787216186524
-0.0150413513183594 -0.06634521484375 0.0211334228515625 -0.0194225311279297
-0.0576019287109375 -0.0288963317871094 0.0907135009765625 -0.17169189453125
-0.047149658203125 0.000385284423828128 0.0147628784179688 -0.113166809082031
-0.0247688293457031 0.0265846252441406 -0.004425048828125 -0.0355148315429688
0.00661468505859375 0.0207233428955078 0.0283699035644531 -0.0363960266113281
0.0139713287353516 0.00326633453369141 0.02471923828125 -0.0630683898925781
0.00272893905639648 -0.00768184661865235 -0.004425048828125 -0.0882415771484375
-0.00978469848632813 -0.010096549987793 -0.03460693359375 -0.095428466796875
-0.00829029083251953 -0.00673103332519531 -0.0450515747070312 -0.09295654296875
-0.0141477584838867 -0.00527191162109375 -0.0302581787109375 -0.104835510253906
-0.0134649276733398 -0.0172834396362305 0.0111083984375 -0.107284545898438
-0.00047874450683594 -0.02276611328125 0.0446014404296875 -0.07525634765625
0.0158748626708984 -0.0108156204223633 0.0602149963378906 -0.0287857055664062
0.0134449005126953 0.00956058502197266 0.0347232818603516 0.00691986083984375
-0.0123939514160156 0.0139341354370117 -0.000926971435546876 -0.0148200988769531
-0.0345592498779297 -0.00639915466308594 0.0254859924316406 -0.0388717651367188
0.052734375 -0.0548591613769531 -0.00411605834960938 0.0443229675292969
0.00179290771484376 -0.082000732421875 0.00957012176513672 0.0108680725097656
-0.053619384765625 -0.0479812622070313 -0.0237388610839844 -0.0169410705566406
-0.0615501403808594 0.011932373046875 -0.05535888671875 0.0163154602050781
-0.0375022888183594 0.0418777465820312 -0.0451889038085938 0.0543594360351562
0.0007476806640625 0.0562744140625 -0.00751495361328124 0.0925521850585938
0.0220298767089844 0.0533981323242188 0.0312423706054687 0.0981979370117188
0.0133476257324219 0.0484466552734375 0.0421829223632813 0.0827713012695313
0.00979995727539062 0.0550155639648438 0.03076171875 0.080810546875
-0.0188941955566406 0.0509490966796875 0.003204345703125 0.0792999267578125
-0.0461616516113281 0.0222816467285156 -0.00601577758789063 0.0512809753417969
-0.0463790893554688 -0.0185089111328125 -0.00300788879394532 0.0329666137695312
-0.00847625732421875 -0.0565528869628906 0.0133094787597656 0.0617218017578125
0.0395278930664062 -0.0533561706542969 0.00798034667968749 0.124977111816406
0.058197021484375 -0.0218963623046875 -0.09307861328125 0.1817626953125
0.0653915405273438 -0.108612060546875 0.00942802429199219 0.0254573822021484
-0.00249481201171876 -0.129707336425781 0.0114994049072266 0.00218200683593749
-0.0756378173828125 -0.0885238647460938 -0.0155467987060547 -0.0188865661621094
-0.100639343261719 -0.00312805175781251 -0.0421562194824219 0.00565338134765625
-0.073150634765625 0.0548248291015625 -0.0391426086425781 0.0306739807128906
-0.0182266235351562 0.0915908813476563 -0.0131797790527344 0.0667381286621094
0.0205612182617188 0.0903854370117187 0.0172882080078125 0.0753402709960938
0.0128173828125 0.08221435546875 0.028839111328125 0.0613136291503906
0.00891876220703125 0.0928878784179688 0.0227622985839844 0.0556488037109375
-0.0302963256835938 0.0860214233398437 0.00698471069335938 0.0555763244628906
-0.0739059448242188 0.0448989868164063 0.00861930847167968 0.0305747985839844
-0.08251953125 -0.0130615234375 0.0170555114746094 0.0248889923095703
-0.0388031005859375 -0.0852432250976563 0.0351486206054688 0.06451416015625
0.0231399536132813 -0.105125427246094 0.0222091674804687 0.12506103515625
0.0613861083984375 -0.0785140991210938 -0.07196044921875 0.17694091796875
0.0677947998046875 -0.147598266601563 0.0299034118652344 -0.00656890869140626
-0.00701904296874999 -0.161880493164063 0.0145111083984375 -0.0160465240478516
-0.0896148681640625 -0.117668151855469 -0.00893783569335938 -0.0197639465332031
-0.1279296875 -0.0177764892578125 -0.0241565704345703 -0.00325775146484375
-0.100288391113281 0.0596466064453125 -0.0252914428710938 0.00441169738769532
-0.0354537963867188 0.113632202148437 -0.0150375366210938 0.0313625335693359
0.0153732299804688 0.114410400390625 0.00165557861328125 0.0413398742675781
0.0103378295898437 0.104026794433594 0.0105876922607422 0.0299072265625
0.00757598876953125 0.11773681640625 0.0099334716796875 0.0214481353759766
-0.0357589721679688 0.110496520996094 0.00896263122558594 0.0228996276855469
-0.092071533203125 0.0647964477539063 0.0214729309082031 0.00322532653808594
-0.109992980957031 -0.00153350830078127 0.03631591796875 0.010772705078125
-0.0705795288085938 -0.10211181640625 0.0546493530273438 0.059814453125
-0.00166320800781249 -0.144638061523437 0.032135009765625 0.1123046875
0.053466796875 -0.125030517578125 -0.047576904296875 0.153472900390625
0.057220458984375 -0.16534423828125 0.0528678894042969 -0.0458488464355469
-0.0159912109375 -0.17041015625 0.0178947448730469 -0.0391807556152344
-0.0962982177734375 -0.126693725585937 -0.00272369384765626 -0.021697998046875
-0.137535095214844 -0.0246658325195313 -0.00386810302734376 -0.012059211730957
-0.111190795898438 0.0576934814453125 -0.00732040405273438 -0.0223217010498047
-0.0464935302734375 0.119308471679688 -0.0130186080932617 -0.00777435302734375
0.00830078124999999 0.120819091796875 -0.0126571655273437 0.000913619995117195
0.0065765380859375 0.11029052734375 -0.00879287719726563 -0.00595378875732421
0.00551605224609375 0.125518798828125 -0.00591468811035156 -0.0161628723144531
-0.036468505859375 0.11956787109375 0.00704002380371094 -0.0158557891845703
-0.0975265502929688 0.075469970703125 0.0295124053955078 -0.0283622741699219
-0.122993469238281 0.00964355468750002 0.05078125 -0.008056640625
-0.0920562744140625 -0.105323791503906 0.0660362243652344 0.0457839965820312
-0.025421142578125 -0.16192626953125 0.033416748046875 0.0846176147460937
0.038360595703125 -0.151031494140625 -0.024139404296875 0.112083435058594
0.0337066650390625 -0.1588134765625 0.0737228393554688 -0.0886306762695313
-0.0282440185546875 -0.152145385742188 0.0202484130859375 -0.0644454956054688
-0.09210205078125 -0.109703063964844 0.00261306762695312 -0.0241260528564453
-0.124130249023438 -0.0218963623046875 0.0173397064208984 -0.0205631256103516
-0.100013732910156 0.0499114990234375 0.0114212036132812 -0.0466156005859375
-0.0467529296875 0.105873107910156 -0.00912094116210938 -0.0459632873535156
0.00151062011718751 0.108116149902344 -0.0246734619140625 -0.0393753051757812
0.00190734863281249 0.0995635986328125 -0.0268478393554688 -0.0404472351074219
0.000961303710937506 0.114181518554687 -0.0213699340820313 -0.0517807006835937
-0.0348129272460938 0.107559204101563 0.00286865234375 -0.0538749694824219
-0.0892257690429687 0.0697250366210938 0.0326995849609375 -0.0574264526367187
-0.11260986328125 0.0135955810546875 0.0588455200195312 -0.02618408203125
-0.0913009643554687 -0.0928878784179688 0.0663948059082031 0.0280418395996094
-0.037506103515625 -0.150054931640625 0.0254745483398438 0.0498237609863281
0.02069091796875 -0.14862060546875 -0.00453567504882812 0.0611686706542969
0.00271606445312499 -0.129005432128906 0.0873947143554687 -0.126800537109375
-0.0396804809570313 -0.110893249511719 0.0209274291992188 -0.0861053466796875
-0.0755691528320312 -0.0710601806640625 0.00556373596191406 -0.0272769927978516
-0.0887985229492187 -0.0107574462890625 0.0318241119384766 -0.0290164947509766
-0.0697898864746094 0.037109375 0.0249061584472656 -0.0631523132324219
-0.0363922119140625 0.0757293701171875 -0.00559997558593751 -0.0745315551757813
-0.00481414794921876 0.0787734985351563 -0.0328292846679687 -0.0717010498046875
-0.00295257568359375 0.0738296508789063 -0.0400657653808594 -0.0691184997558594
-0.005401611328125 0.0856399536132813 -0.0325546264648438 -0.0808029174804688
-0.0320968627929688 0.076934814453125 -0.000282287597656261 -0.0841293334960938
-0.0689964294433594 0.0457572937011719 0.0352325439453125 -0.0770111083984375
-0.0813522338867188 0.00662994384765626 0.0611953735351562 -0.0370445251464844
-0.065093994140625 -0.0688438415527344 0.0574226379394531 0.0137786865234375
-0.0338592529296875 -0.111167907714844 0.0138282775878906 0.016845703125
0.00399780273437499 -0.117996215820313 0.0109968185424805 0.0125198364257812
-0.0283966064453125 -0.082916259765625 0.091888427734375 -0.155715942382813
-0.0451889038085938 -0.0563278198242188 0.0189666748046875 -0.102432250976563
-0.0505485534667969 -0.0224685668945313 0.00351524353027343 -0.0302028656005859
-0.0417671203613281 0.00396728515625 0.0351600646972656 -0.0344276428222656
-0.0294246673583984 0.0201606750488281 0.0281944274902344 -0.0683403015136719
-0.0188941955566406 0.0361900329589844 -0.004852294921875 -0.0886459350585938
-0.0090484619140625 0.037872314453125 -0.036346435546875 -0.0905914306640625
-0.00727081298828125 0.0375099182128906 -0.0468215942382813 -0.0867538452148438
-0.01190185546875 0.0448112487792969 -0.036590576171875 -0.0986709594726563
-0.0269489288330078 0.033050537109375 0.00110626220703126 -0.102622985839844
-0.0397491455078125 0.0118446350097656 0.0383682250976562 -0.0828323364257813
-0.0360298156738281 -0.00567245483398438 0.0605735778808594 -0.0379409790039063
-0.0250282287597656 -0.0351829528808594 0.0455780029296875 0.00602340698242187
-0.0208892822265625 -0.0537910461425781 0.00424098968505859 -0.0062103271484375
-0.012359619140625 -0.0666732788085938 0.0226287841796875 -0.0242290496826172
-0.054412841796875 -0.0262260437011719 0.08636474609375 -0.174713134765625
-0.0430946350097656 0.000335693359375009 0.0118789672851562 -0.114982604980469
-0.0221748352050781 0.0245685577392578 -0.00637054443359375 -0.0353164672851562
0.0059347152709961 0.0174541473388672 0.0267372131347656 -0.0362014770507812
0.0118732452392578 0.00156021118164063 0.0230293273925781 -0.0632057189941406
7.43865966796879E-05 -0.00644540786743164 -0.00612640380859375 -0.0874786376953125
-0.011962890625 -0.00747871398925781 -0.0370254516601563 -0.094573974609375
-0.010162353515625 -0.00460052490234375 -0.046722412109375 -0.0915069580078125
-0.0156269073486328 -0.00238800048828125 -0.0333480834960937 -0.103317260742188
-0.016291618347168 -0.0140953063964844 0.00706481933593749 -0.106864929199219
-0.00439643859863281 -0.0217170715332031 0.041290283203125 -0.07672119140625
0.0131502151489258 -0.0127439498901367 0.0579910278320313 -0.0301284790039063
0.0138416290283203 0.00582218170166016 0.0332775115966797 0.00570106506347656
-0.00965309143066406 0.0116291046142578 -0.00136375427246094 -0.0168905258178711
-0.0301170349121094 -0.00593757629394532 0.02764892578125 -0.0441551208496094
0.05029296875 -0.0546951293945313 -0.00784683227539062 0.0491142272949219
-0.000915527343750006 -0.0797042846679688 0.00826835632324219 0.0138673782348633
-0.0530738830566406 -0.045623779296875 -0.0239982604980469 -0.0161170959472656
-0.0592727661132813 0.012725830078125 -0.0553741455078125 0.0169677734375
-0.0352745056152344 0.0419960021972656 -0.0447196960449219 0.0552444458007813
0.00238418579101562 0.054534912109375 -0.00691223144531249 0.0934066772460938
0.0240707397460937 0.0512657165527344 0.0322723388671875 0.099151611328125
0.0147933959960938 0.0467643737792969 0.0420379638671875 0.0835494995117188
0.012451171875 0.0531425476074219 0.030731201171875 0.0816268920898438
-0.0167160034179688 0.0510520935058594 0.0036468505859375 0.0805587768554688
-0.0443954467773438 0.023895263671875 -0.00654983520507813 0.0515060424804688
-0.0467109680175781 -0.0167884826660156 -0.00369071960449219 0.0334110260009766
-0.0107002258300781 -0.0550193786621094 0.0146064758300781 0.0610427856445312
0.0366325378417969 -0.0541419982910156 0.008697509765625 0.126091003417969
0.0555267333984375 -0.024444580078125 -0.09405517578125 0.184112548828125
0.0637283325195313 -0.110137939453125 0.00470733642578125 0.0294742584228516
-0.00474548339843749 -0.128646850585938 0.00983142852783203 0.00488853454589843
-0.07611083984375 -0.0871810913085938 -0.0155563354492188 -0.0179862976074219
-0.0995941162109375 -0.00197601318359375 -0.0425262451171875 0.00650024414062501
-0.0716781616210938 0.055145263671875 -0.0396690368652344 0.0316390991210937
-0.016387939453125 0.0910110473632813 -0.0135765075683594 0.0681495666503906
0.022613525390625 0.08917236328125 0.0179672241210938 0.0773696899414063
0.0144805908203125 0.081756591796875 0.0287017822265625 0.0625038146972656
0.0113143920898437 0.0923995971679688 0.02197265625 0.0573768615722656
-0.02825927734375 0.087066650390625 0.00707626342773437 0.0571479797363281
-0.0730972290039062 0.0476150512695313 0.00717353820800781 0.0305690765380859
-0.0838623046875 -0.0113372802734375 0.0158672332763672 0.0240573883056641
-0.0420074462890625 -0.0859222412109375 0.0360183715820313 0.0633583068847656
0.02056884765625 -0.108070373535156 0.0218429565429687 0.125770568847656
0.0599822998046875 -0.0820693969726563 -0.0729522705078125 0.1783447265625
0.0672607421875 -0.149169921875 0.0247859954833984 -0.00323677062988282
-0.00929260253906249 -0.16204833984375 0.0123634338378906 -0.013275146484375
-0.0913619995117188 -0.1181640625 -0.00886726379394532 -0.0186386108398438
-0.12847900390625 -0.0166549682617188 -0.0254726409912109 -0.00230598449707031
-0.0996551513671875 0.0603256225585938 -0.0269279479980469 0.00578117370605469
-0.0348281860351563 0.114402770996094 -0.0158863067626953 0.0340137481689453
0.017181396484375 0.114372253417969 0.00182723999023438 0.0436553955078125
0.0118865966796875 0.104278564453125 0.0107307434082031 0.0320549011230469
0.0101470947265625 0.118576049804688 0.00873184204101563 0.0240268707275391
-0.0342254638671875 0.112457275390625 0.00826263427734375 0.0245990753173828
-0.09228515625 0.0677566528320312 0.0195045471191406 0.00334930419921875
-0.112541198730469 -0.000473022460937484 0.0348625183105469 0.00966072082519531
-0.0740203857421875 -0.104019165039063 0.0543556213378906 0.057891845703125
-0.00454711914062501 -0.147781372070313 0.0316162109375 0.111701965332031
0.0533905029296875 -0.129074096679688 -0.04913330078125 0.154190063476562
0.0579833984375 -0.168350219726563 0.048126220703125 -0.0445327758789063
-0.0174713134765625 -0.1724853515625 0.0152015686035156 -0.0375633239746094
-0.09912109375 -0.128463745117188 -0.00345802307128907 -0.0206317901611328
-0.13983154296875 -0.0245590209960938 -0.00499057769775392 -0.01116943359375
-0.111328125 0.0590591430664062 -0.00902938842773438 -0.0207614898681641
-0.0464096069335937 0.120368957519531 -0.0146913528442383 -0.00550365447998046
0.0098876953125 0.122077941894531 -0.0126743316650391 0.00342941284179688
0.00756072998046874 0.111587524414063 -0.00941753387451172 -0.00357246398925781
0.00701141357421874 0.127120971679688 -0.00729846954345703 -0.0134124755859375
-0.0355148315429688 0.1217041015625 0.00604248046875 -0.0137796401977539
-0.0987548828125 0.0783157348632812 0.0273094177246094 -0.0280933380126953
-0.125556945800781 0.0105209350585938 0.0490036010742187 -0.00885391235351563
-0.0951309204101563 -0.10772705078125 0.064971923828125 0.0441932678222656
-0.0277862548828125 -0.165908813476562 0.0320816040039063 0.0835189819335937
0.0391845703125 -0.155120849609375 -0.0249862670898437 0.111236572265625
0.0356903076171875 -0.161392211914063 0.070098876953125 -0.0886306762695313
-0.028289794921875 -0.155120849609375 0.0179405212402344 -0.0645790100097656
-0.0950469970703125 -0.112571716308594 0.00151634216308593 -0.0233383178710938
-0.127082824707031 -0.022552490234375 0.0153522491455078 -0.0203170776367187
-0.101844787597656 0.0515823364257812 0.00970840454101562 -0.0456504821777344
-0.0473251342773438 0.108047485351562 -0.0106964111328125 -0.0441207885742187
0.00193023681640624 0.110092163085938 -0.0246620178222656 -0.0368690490722656
0.00218963623046876 0.101699829101562 -0.0270881652832031 -0.0384788513183594
0.00170135498046874 0.116195678710938 -0.0234909057617188 -0.049835205078125
-0.0347061157226562 0.110275268554688 0.00125503540039062 -0.0523262023925781
-0.0908889770507813 0.0720291137695312 0.0309066772460938 -0.057464599609375
-0.115432739257813 0.013427734375 0.0566940307617187 -0.0270538330078125
-0.093475341796875 -0.0960617065429688 0.064544677734375 0.0266494750976562
-0.0387725830078125 -0.154037475585938 0.0238151550292969 0.0483856201171875
0.0224761962890625 -0.15216064453125 -0.00500869750976563 0.0587425231933594
0.00606536865234376 -0.131446838378906 0.0850677490234375 -0.128181457519531
-0.0381088256835938 -0.114334106445312 0.019439697265625 -0.0874786376953125
-0.0770492553710938 -0.074554443359375 0.00462722778320312 -0.0267543792724609
-0.09228515625 -0.0121078491210938 0.0302505493164062 -0.0287914276123047
-0.0725860595703125 0.03765869140625 0.0227813720703125 -0.0621795654296875
-0.0377731323242187 0.0783157348632813 -0.00711059570312501 -0.0729827880859375
-0.00470733642578125 0.081207275390625 -0.0332489013671875 -0.0703353881835937
-0.00330352783203124 0.076385498046875 -0.0407257080078125 -0.0677070617675781
-0.00527954101562501 0.088134765625 -0.0341339111328125 -0.079010009765625
-0.0331573486328125 0.0795516967773438 -0.00196075439453125 -0.0833053588867188
-0.071685791015625 0.0476303100585937 0.0333099365234375 -0.0773773193359375
-0.08428955078125 0.00558471679687501 0.0594062805175781 -0.0378341674804688
-0.0667037963867187 -0.0722732543945313 0.0560760498046875 0.0127754211425781
-0.0335540771484375 -0.114967346191406 0.0123348236083984 0.0149984359741211
0.00698089599609375 -0.120643615722656 0.0113525390625 0.00875568389892577
-0.0246047973632812 -0.0839080810546875 0.0915069580078125 -0.158447265625
-0.0427093505859375 -0.0587844848632812 0.0176849365234375 -0.104804992675781
-0.05059814453125 -0.0256919860839844 0.00272369384765625 -0.0305500030517578
-0.0437812805175781 0.00204849243164062 0.0338630676269531 -0.0346832275390625
-0.0312786102294922 0.019500732421875 0.0266456604003906 -0.0679588317871094
-0.0213661193847656 0.0383377075195313 -0.00562286376953125 -0.088104248046875
-0.009765625 0.0400657653808594 -0.036956787109375 -0.0906219482421875
-0.00815200805664063 0.039764404296875 -0.0476226806640625 -0.086212158203125
-0.0122299194335938 0.0474662780761719 -0.0384292602539062 -0.0979385375976562
-0.0285415649414062 0.0363121032714844 -0.000328063964843761 -0.101943969726563
-0.0430030822753906 0.0130500793457031 0.0370407104492188 -0.0832290649414063
-0.03875732421875 -0.00689697265625 0.0594482421875 -0.0385475158691406
-0.0258331298828125 -0.039093017578125 0.0440788269042969 0.00580978393554687
-0.0191993713378906 -0.056793212890625 0.00289440155029297 -0.00798988342285157
-0.00847244262695312 -0.0691490173339844 0.0236759185791016 -0.0286636352539063
-0.0510368347167969 -0.0255851745605469 0.0868988037109375 -0.177810668945313
-0.0404548645019531 -0.000907897949218752 0.0111236572265625 -0.117385864257813
-0.0207309722900391 0.0217342376708984 -0.0069580078125 -0.0356292724609375
0.00468921661376953 0.0152511596679688 0.0257606506347656 -0.0361099243164063
0.00975704193115235 0.00083160400390625 0.0224342346191406 -0.0626640319824219
-0.00231790542602539 -0.00563621520996094 -0.0065460205078125 -0.0875930786132812
-0.0129928588867188 -0.00487804412841797 -0.0376663208007812 -0.0953369140625
-0.0115737915039063 -0.00264167785644531 -0.0472412109375 -0.0916824340820312
-0.0169649124145508 -0.000435829162597655 -0.0345535278320313 -0.103286743164063
-0.0183334350585938 -0.0121059417724609 0.00490570068359374 -0.106674194335938
-0.00766754150390625 -0.0209579467773437 0.0410842895507813 -0.0773162841796875
0.0108251571655273 -0.014312744140625 0.0577201843261719 -0.031036376953125
0.0137453079223633 0.00226688385009766 0.0324821472167969 0.00538253784179688
-0.00773334503173828 0.00908756256103516 -0.00115013122558594 -0.0189609527587891
-0.0269927978515625 -0.00708389282226563 0.0302276611328125 -0.0492706298828125
0.0490608215332031 -0.0553131103515625 -0.0121421813964844 0.0552330017089844
-0.00319671630859376 -0.0791091918945313 0.00711441040039063 0.016632080078125
-0.0536003112792969 -0.0449943542480469 -0.0236320495605469 -0.0155467987060547
-0.0585975646972656 0.0134315490722656 -0.0570831298828125 0.0174064636230469
-0.0346603393554687 0.042388916015625 -0.0458984375 0.0567092895507812
0.00406646728515625 0.0546188354492187 -0.00679016113281249 0.0956344604492187
0.0259628295898438 0.0502433776855469 0.0327072143554688 0.102203369140625
0.0165977478027344 0.0461654663085938 0.043426513671875 0.0868377685546875
0.0145835876464844 0.0534858703613281 0.0310516357421875 0.0853042602539063
-0.0145645141601563 0.0519180297851563 0.0037689208984375 0.0831985473632812
-0.04376220703125 0.0258865356445313 -0.00753784179687501 0.0530967712402344
-0.0482749938964844 -0.0154991149902344 -0.00448799133300781 0.0340671539306641
-0.0129203796386719 -0.0551414489746094 0.0160408020019531 0.0624542236328125
0.0344581604003906 -0.0559043884277344 0.00856781005859376 0.129867553710938
0.0548248291015625 -0.0271644592285156 -0.0980224609375 0.190261840820313
0.0639114379882813 -0.113151550292969 0.000564575195312501 0.0344486236572266
-0.00618743896484375 -0.130523681640625 0.00843191146850586 0.0074319839477539
-0.0784530639648437 -0.0884323120117188 -0.0156259536743164 -0.0170040130615234
-0.100799560546875 -0.0014190673828125 -0.0440711975097656 0.00665283203125
-0.0723190307617188 0.0563888549804688 -0.0410232543945313 0.0330581665039062
-0.0163955688476562 0.0924301147460938 -0.0140533447265625 0.0715179443359375
0.0242919921875 0.0898666381835938 0.0187835693359375 0.0804824829101563
0.0161514282226562 0.0828323364257813 0.0292129516601563 0.0655555725097656
0.0136795043945313 0.0942001342773437 0.0220947265625 0.0600090026855469
-0.0268630981445313 0.089447021484375 0.00713348388671875 0.0601539611816406
-0.0744857788085937 0.0503005981445313 0.00626182556152343 0.0314216613769531
-0.0872344970703125 -0.01025390625 0.0149707794189453 0.0240325927734375
-0.0448760986328125 -0.0881195068359375 0.0364112854003906 0.0640106201171875
0.0176925659179688 -0.112556457519531 0.0214385986328125 0.129005432128906
0.060546875 -0.0871200561523438 -0.0774383544921875 0.183700561523438
0.0686492919921875 -0.155029296875 0.020751953125 0.000116348266601553
-0.0101776123046875 -0.165985107421875 0.0107793807983398 -0.0115737915039063
-0.0949859619140625 -0.120834350585938 -0.00933265686035157 -0.018310546875
-0.132102966308594 -0.0168838500976563 -0.0270061492919922 -0.00172615051269531
-0.101768493652344 0.0625 -0.0284538269042969 0.00703811645507813
-0.035308837890625 0.116920471191406 -0.0173187255859375 0.0366973876953125
0.018951416015625 0.116744995117188 0.00266265869140625 0.0467185974121094
0.01312255859375 0.107276916503906 0.0105133056640625 0.0349655151367188
0.011962890625 0.12158203125 0.00807762145996094 0.0271701812744141
-0.033233642578125 0.116256713867187 0.00836181640625 0.0269355773925781
-0.0948867797851562 0.0714340209960938 0.0185623168945312 0.00357246398925782
-0.117546081542969 0.000465393066406227 0.0334796905517578 0.00930404663085937
-0.078033447265625 -0.108177185058594 0.0552978515625 0.0584030151367187
-0.0067291259765625 -0.15472412109375 0.0301971435546875 0.113983154296875
0.05474853515625 -0.135223388671875 -0.0521087646484375 0.157318115234375
0.0604248046875 -0.174591064453125 0.0452766418457031 -0.0433769226074219
-0.017547607421875 -0.178131103515625 0.0136070251464844 -0.0372810363769531
-0.103141784667969 -0.13299560546875 -0.00421333312988282 -0.0201339721679688
-0.144210815429688 -0.0258331298828125 -0.00635719299316407 -0.0106964111328125
-0.114753723144531 0.061248779296875 -0.010589599609375 -0.0203742980957031
-0.0474395751953125 0.125129699707031 -0.0156679153442383 -0.00367355346679687
0.010894775390625 0.125831604003906 -0.0132884979248047 0.00547122955322266
0.00815582275390626 0.115318298339844 -0.00945091247558594 -0.00170803070068359
0.00838470458984375 0.131439208984375 -0.00910186767578125 -0.0118122100830078
-0.036041259765625 0.126480102539063 0.00523757934570312 -0.0123567581176758
-0.102424621582031 0.0825424194335938 0.0266361236572266 -0.0290241241455078
-0.131072998046875 0.0105361938476563 0.0476341247558594 -0.0093841552734375
-0.0999908447265625 -0.11260986328125 0.0655746459960938 0.0442085266113281
-0.0306854248046875 -0.173141479492187 0.03131103515625 0.08441162109375
0.0415191650390625 -0.162445068359375 -0.0270538330078125 0.11273193359375
0.0397491455078125 -0.168243408203125 0.0687789916992188 -0.0896682739257813
-0.0280914306640625 -0.161575317382813 0.0161972045898438 -0.0657691955566406
-0.0987396240234375 -0.11749267578125 0.000877380371093742 -0.0233860015869141
-0.132858276367188 -0.0239639282226562 0.0145225524902344 -0.0202255249023438
-0.105789184570313 0.0532760620117188 0.00841140747070312 -0.0454483032226563
-0.0493011474609375 0.112945556640625 -0.0120429992675781 -0.0431861877441406
0.00231170654296876 0.113945007324219 -0.0251007080078125 -0.0365066528320312
0.00252532958984375 0.105865478515625 -0.0279121398925781 -0.0372695922851562
0.00267791748046874 0.121513366699219 -0.0252227783203125 -0.0488319396972656
-0.035400390625 0.115715026855469 0.000328063964843743 -0.0523452758789063
-0.095458984375 0.0756454467773438 0.0300331115722656 -0.0590324401855469
-0.12139892578125 0.0135421752929688 0.055450439453125 -0.0279655456542969
-0.0979461669921875 -0.101829528808594 0.0646133422851562 0.0264053344726562
-0.0406646728515625 -0.161605834960938 0.0225028991699219 0.048797607421875
0.025787353515625 -0.15966796875 -0.00580978393554688 0.0580062866210937
0.01007080078125 -0.136917114257813 0.08538818359375 -0.132316589355469
-0.0370330810546875 -0.119903564453125 0.0180282592773438 -0.0908203125
-0.080657958984375 -0.0797882080078125 0.00403976440429687 -0.0276012420654297
-0.0972976684570313 -0.0141448974609375 0.0295314788818359 -0.0288562774658203
-0.0765380859375 0.0387039184570312 0.0215034484863281 -0.0628662109375
-0.0400619506835938 0.082550048828125 -0.007904052734375 -0.073760986328125
-0.00537109375 0.085235595703125 -0.0341720581054688 -0.070953369140625
-0.00403594970703126 0.0801467895507813 -0.0420112609863281 -0.0679779052734375
-0.00524139404296874 0.0929412841796875 -0.0362548828125 -0.07977294921875
-0.0340423583984375 0.084503173828125 -0.0028533935546875 -0.0843582153320312
-0.0762405395507813 0.05023193359375 0.0334930419921875 -0.0792007446289063
-0.0892410278320313 0.00473022460937502 0.0592041015625 -0.0392494201660156
-0.0699005126953125 -0.077545166015625 0.0555229187011719 0.0126190185546875
-0.0342178344726563 -0.121360778808594 0.0106620788574219 0.014190673828125
0.0108261108398437 -0.126701354980469 0.0118646621704102 0.00592231750488281
-0.0209579467773437 -0.0875244140625 0.0934600830078125 -0.1649169921875
-0.0410804748535156 -0.06341552734375 0.01690673828125 -0.109207153320313
-0.0526771545410156 -0.0294075012207031 0.00214958190917968 -0.0320034027099609
-0.0477333068847656 0.000125885009765634 0.033355712890625 -0.0350723266601563
-0.0348396301269531 0.0196590423583984 0.0266189575195312 -0.0692024230957031
-0.0236396789550781 0.0410995483398438 -0.00573730468750001 -0.0895233154296875
-0.0104560852050781 0.0438385009765625 -0.0380477905273438 -0.09222412109375
-0.00916671752929688 0.0424461364746094 -0.0490493774414063 -0.0879669189453125
-0.0132789611816406 0.0507125854492188 -0.0401153564453125 -0.0991134643554687
-0.0307083129882813 0.039947509765625 -0.00191497802734374 -0.104217529296875
-0.0469474792480469 0.014434814453125 0.0374984741210937 -0.0858154296875
-0.0429458618164063 -0.00838088989257813 0.0595436096191406 -0.0397453308105469
-0.0272254943847656 -0.0434379577636719 0.0442657470703125 0.00563430786132812
-0.0186119079589844 -0.0610237121582031 0.00245952606201172 -0.010345458984375
-0.00504302978515625 -0.0723114013671875 0.0257053375244141 -0.0338191986083985
-0.0484085083007813 -0.0264472961425781 0.0906219482421875 -0.184524536132813
-0.0388450622558594 -0.00239944458007812 0.0111846923828125 -0.122398376464844
-0.0201454162597656 0.01995849609375 -0.00774383544921875 -0.0373077392578125
0.00356101989746094 0.0131196975708008 0.0255813598632813 -0.0367012023925781
0.00793647766113281 0.000453948974609375 0.0232276916503906 -0.0640983581542969
-0.00398540496826172 -0.00404000282287597 -0.00637817382812499 -0.0901718139648438
-0.0147113800048828 -0.00336551666259766 -0.0382537841796875 -0.0981903076171875
-0.0130233764648438 -0.00128746032714844 -0.0486526489257813 -0.0949249267578125
-0.0184955596923828 0.00181007385253906 -0.0361557006835937 -0.106224060058594
-0.0200309753417969 -0.00942802429199219 0.00453948974609374 -0.109779357910156
-0.0105209350585937 -0.0203418731689453 0.0411911010742188 -0.0793075561523438
0.00868892669677734 -0.0157957077026367 0.0588150024414063 -0.0324211120605469
0.0133228302001953 -0.000470161437988281 0.0327911376953125 0.00560569763183594
-0.00604724884033203 0.00643110275268555 -0.00142669677734375 -0.0218048095703125
-0.0234260559082031 -0.00862693786621094 0.0337753295898438 -0.0548515319824219
0.0483970642089844 -0.0576858520507813 -0.015106201171875 0.0626373291015625
-0.00573730468750001 -0.0794448852539062 0.00645828247070313 0.0205440521240234
-0.0561981201171875 -0.0446090698242188 -0.0241909027099609 -0.0148334503173828
-0.0585289001464844 0.0153274536132812 -0.0585594177246094 0.0185737609863281
-0.0337982177734375 0.0446739196777344 -0.047088623046875 0.0595016479492187
0.00592803955078125 0.0551795959472656 -0.00540161132812501 0.100921630859375
0.0283737182617188 0.0500450134277344 0.0366439819335937 0.107147216796875
0.0193634033203125 0.046600341796875 0.0466232299804688 0.09088134765625
0.0175514221191406 0.0531883239746094 0.033935546875 0.0893173217773437
-0.0124092102050781 0.0542373657226563 0.00560760498046876 0.087982177734375
-0.0434112548828125 0.0288200378417969 -0.00716781616210938 0.0549850463867188
-0.0504875183105469 -0.0131759643554687 -0.00499725341796875 0.0354270935058594
-0.0156440734863281 -0.0561866760253906 0.0183029174804687 0.0644989013671875
0.031982421875 -0.0587234497070313 0.0103073120117188 0.1363525390625
0.0534591674804687 -0.0313224792480469 -0.10150146484375 0.201339721679688
0.0633392333984375 -0.118995666503906 -0.00310134887695312 0.0406303405761719
-0.0105361938476562 -0.134323120117188 0.00725650787353516 0.0102500915527344
-0.0828628540039063 -0.0891799926757813 -0.0165977478027344 -0.0162353515625
-0.103950500488281 -0.000152587890625004 -0.0457229614257813 0.00810623168945312
-0.07354736328125 0.059600830078125 -0.0429916381835938 0.0361175537109375
-0.0149917602539063 0.0959548950195313 -0.013641357421875 0.0760269165039062
0.0277557373046875 0.0920867919921875 0.0213623046875 0.0855636596679688
0.01947021484375 0.0855178833007812 0.0311813354492187 0.0696334838867187
0.0173187255859375 0.0970611572265625 0.0236587524414063 0.0644187927246094
-0.0246353149414063 0.09429931640625 0.00820159912109374 0.0635948181152344
-0.0761871337890625 0.0551834106445313 0.00550842285156249 0.0331230163574219
-0.09228515625 -0.00824737548828124 0.0150032043457031 0.0252342224121094
-0.0507354736328125 -0.0914459228515625 0.0391426086425781 0.065887451171875
0.01348876953125 -0.119552612304688 0.02392578125 0.134605407714844
0.0600128173828125 -0.0941925048828125 -0.0793914794921875 0.19464111328125
0.06964111328125 -0.164276123046875 0.0172281265258789 0.00332260131835937
-0.0142669677734375 -0.172531127929688 0.00930404663085938 -0.0101051330566406
-0.101539611816406 -0.124488830566406 -0.0104312896728516 -0.0178604125976563
-0.138229370117188 -0.0160980224609375 -0.0285377502441406 -0.000854492187499996
-0.104629516601562 0.0666122436523438 -0.0304317474365234 0.00881958007812501
-0.0341720581054688 0.122879028320313 -0.0172653198242188 0.0399017333984375
0.02215576171875 0.120758056640625 0.00337982177734375 0.0508232116699219
0.0161285400390625 0.111717224121094 0.0118637084960938 0.0382881164550781
0.0160751342773438 0.127189636230469 0.00805091857910156 0.0299129486083984
-0.0314788818359375 0.123321533203125 0.00868606567382813 0.0293178558349609
-0.0977020263671875 0.078216552734375 0.0180225372314453 0.00370407104492188
-0.124588012695313 0.00304412841796875 0.0331459045410156 0.00924110412597656
-0.0856552124023438 -0.113075256347656 0.0578765869140625 0.0589256286621094
-0.011962890625 -0.163482666015625 0.0327224731445313 0.117958068847656
0.0544891357421875 -0.145156860351563 -0.053314208984375 0.1649169921875
0.061767578125 -0.184860229492187 0.042449951171875 -0.0437889099121094
-0.022857666015625 -0.1866455078125 0.0111503601074219 -0.038116455078125
-0.111373901367188 -0.1375732421875 -0.0051097869873047 -0.0205898284912109
-0.15338134765625 -0.024505615234375 -0.00740718841552735 -0.0103235244750977
-0.120147705078125 0.06671142578125 -0.0122909545898438 -0.0196304321289062
-0.0473709106445313 0.132652282714844 -0.017242431640625 -0.00164031982421874
0.014373779296875 0.131134033203125 -0.012639045715332 0.00778961181640626
0.0112686157226563 0.121109008789063 -0.00974273681640625 0.000930786132812505
0.0122604370117188 0.138229370117188 -0.00985622406005859 -0.00966835021972656
-0.0342788696289063 0.134857177734375 0.00490760803222656 -0.0118446350097656
-0.106956481933594 0.0896987915039063 0.0257682800292969 -0.0300502777099609
-0.139617919921875 0.0138168334960937 0.0472488403320313 -0.011444091796875
-0.108161926269531 -0.118133544921875 0.0675544738769531 0.0444221496582031
-0.036590576171875 -0.18310546875 0.032073974609375 0.0870437622070313
0.0421295166015625 -0.1727294921875 -0.0278244018554687 0.1170654296875
0.040374755859375 -0.179275512695313 0.0669937133789063 -0.0942611694335938
-0.0317230224609375 -0.170791625976563 0.0141029357910156 -0.0683021545410157
-0.107391357421875 -0.12322998046875 -0.000408172607421884 -0.024169921875
-0.142288208007813 -0.0235137939453125 0.013641357421875 -0.0201072692871094
-0.111892700195312 0.0584945678710938 0.00674438476562499 -0.0458297729492187
-0.0496978759765625 0.120391845703125 -0.0139732360839844 -0.0433692932128906
0.00520324707031251 0.120620727539063 -0.0269622802734375 -0.0360183715820312
0.00463867187500001 0.111930847167969 -0.0303001403808594 -0.0368614196777344
0.00598907470703124 0.128433227539062 -0.0278511047363281 -0.0478477478027344
-0.0346145629882812 0.1234130859375 -0.00103759765625 -0.0528182983398437
-0.10015869140625 0.0823135375976563 0.0288238525390625 -0.0615806579589844
-0.129341125488281 0.015960693359375 0.056060791015625 -0.0306587219238281
-0.106315612792969 -0.107383728027344 0.0661277770996094 0.0258941650390625
-0.0458984375 -0.1707763671875 0.0227241516113281 0.0490303039550781
0.0269622802734375 -0.169464111328125 -0.00607681274414062 0.0578231811523437
0.0114593505859375 -0.146011352539063 0.0853805541992188 -0.140213012695313
-0.0395736694335938 -0.127769470214844 0.0159225463867187 -0.0958480834960938
-0.0871429443359375 -0.0841217041015625 0.00258445739746093 -0.0286903381347656
-0.104911804199219 -0.0139007568359375 0.0289688110351562 -0.0303077697753906
-0.0816802978515625 0.0420989990234375 0.0207710266113281 -0.0648460388183594
-0.0417709350585938 0.08917236328125 -0.0103225708007813 -0.0752792358398438
-0.0037384033203125 0.09100341796875 -0.0365066528320313 -0.0729217529296875
-0.00276184082031249 0.0856781005859375 -0.0450592041015625 -0.0689125061035156
-0.00360870361328125 0.0990142822265625 -0.0400619506835937 -0.0806350708007813
-0.0347061157226562 0.091064453125 -0.0054168701171875 -0.0866012573242188
-0.0809707641601562 0.055694580078125 0.0321044921875 -0.0830154418945313
-0.0956344604492187 0.00579071044921875 0.0596275329589844 -0.0419921875
-0.0758590698242188 -0.0831298828125 0.0571441650390625 0.0120887756347656
-0.0376358032226563 -0.128509521484375 0.0102825164794922 0.0133342742919922
0.012786865234375 -0.134574890136719 0.0125322341918945 0.0021677017211914
-0.0203704833984375 -0.0929718017578125 0.09368896484375 -0.17559814453125
-0.0424041748046875 -0.0682907104492188 0.014739990234375 -0.116409301757813
-0.0556297302246094 -0.0323219299316406 0.00022506713867187 -0.0338344573974609
-0.0524864196777344 -0.00113296508789063 0.0341339111328125 -0.0368728637695313
-0.0383377075195313 0.0216903686523437 0.0260696411132813 -0.0714111328125
-0.0253982543945312 0.0457000732421875 -0.00823974609375001 -0.0932159423828125
-0.0109405517578125 0.048004150390625 -0.040924072265625 -0.0958404541015625
-0.00953292846679688 0.0465736389160156 -0.0520172119140625 -0.0899429321289063
-0.0130348205566406 0.0553512573242187 -0.0436630249023438 -0.101997375488281
-0.0321044921875 0.0448226928710937 -0.00433349609374999 -0.107566833496094
-0.0512123107910156 0.0177154541015625 0.0367507934570313 -0.09033203125
-0.0471649169921875 -0.00885009765625001 0.0607757568359375 -0.0432052612304688
-0.0303268432617188 -0.0484275817871094 0.0451278686523437 0.00524520874023437
-0.0198173522949219 -0.0665855407714844 0.00123786926269531 -0.0124149322509766
-0.00283813476562499 -0.0779495239257813 0.0271873474121094 -0.0398216247558594
-0.04754638671875 -0.027252197265625 0.092437744140625 -0.197128295898438
-0.037811279296875 -0.00437545776367188 0.009674072265625 -0.130180358886719
-0.0210227966308594 0.0189723968505859 -0.00890350341796875 -0.0392112731933594
0.00208663940429687 0.0119543075561523 0.0262374877929687 -0.0386199951171875
0.00670671463012695 -0.000519752502441406 0.0226783752441406 -0.0662002563476563
-0.00574493408203125 -0.00274848937988281 -0.00755310058593751 -0.0937957763671875
-0.0161838531494141 -0.000919342041015627 -0.0412673950195313 -0.10296630859375
-0.0142202377319336 0.00112724304199219 -0.0518875122070312 -0.0982742309570313
-0.0196113586425781 0.0041351318359375 -0.0394058227539063 -0.109909057617188
-0.0225429534912109 -0.0078125 0.00125885009765625 -0.114151000976562
-0.0138626098632813 -0.0202789306640625 0.0416259765625 -0.0847320556640625
0.00699043273925781 -0.0177478790283203 0.0604476928710938 -0.0350456237792969
0.0131311416625977 -0.00377082824707031 0.0333251953125 0.00528144836425781
-0.0050201416015625 0.00457668304443359 -0.00243186950683594 -0.0249500274658203
-0.0213069915771484 -0.00920486450195312 0.0354995727539062 -0.0627212524414063
0.0459251403808594 -0.0612335205078125 -0.0155258178710937 0.071807861328125
-0.0109329223632813 -0.080108642578125 0.00683975219726562 0.0247631072998047
-0.0588874816894531 -0.0413551330566406 -0.0253810882568359 -0.0139350891113281
-0.0580863952636719 0.0182342529296875 -0.0599327087402344 0.0223236083984375
-0.0312767028808594 0.0467453002929688 -0.0469589233398438 0.0640716552734375
0.0089263916015625 0.0561332702636719 -0.00146484375000001 0.10491943359375
0.0317115783691406 0.0489158630371094 0.0427398681640625 0.110588073730469
0.0223922729492188 0.0462417602539063 0.052276611328125 0.0932693481445313
0.022003173828125 0.0532722473144531 0.0389556884765625 0.0920181274414062
-0.00846099853515625 0.0558967590332031 0.00981903076171875 0.091339111328125
-0.0427818298339844 0.0327720642089844 -0.00608444213867188 0.058502197265625
-0.0533256530761719 -0.0101432800292969 -0.00422668457031251 0.0371322631835938
-0.0200271606445313 -0.0563278198242188 0.0218124389648437 0.0659370422363281
0.0284309387207031 -0.0632133483886719 0.0157318115234375 0.141830444335938
0.051605224609375 -0.0357894897460938 -0.097747802734375 0.21600341796875
0.060150146484375 -0.126617431640625 -0.00522994995117187 0.0472679138183594
-0.0178451538085937 -0.137062072753906 0.00638294219970703 0.0133342742919922
-0.0896224975585938 -0.088287353515625 -0.0177001953125 -0.0158405303955078
-0.107246398925781 0.00441741943359374 -0.0474891662597656 0.0110893249511719
-0.0730514526367188 0.0651168823242188 -0.0434989929199219 0.0397796630859375
-0.0106582641601563 0.0998153686523438 -0.0110626220703125 0.0802001953125
0.0327911376953125 0.0933609008789063 0.0259780883789062 0.089324951171875
0.024078369140625 0.0872955322265625 0.0359954833984375 0.0726242065429688
0.0241241455078125 0.0996627807617187 0.0269126892089844 0.0674934387207031
-0.0196533203125 0.0996932983398438 0.0114707946777344 0.0669364929199219
-0.0761642456054688 0.0623626708984375 0.00664710998535156 0.0344467163085938
-0.09765625 -0.00370025634765624 0.0146827697753906 0.0260677337646484
-0.0585479736328125 -0.0925064086914063 0.043182373046875 0.0657196044921875
0.00640106201171875 -0.12579345703125 0.0294036865234375 0.138282775878906
0.05712890625 -0.102874755859375 -0.075439453125 0.20648193359375
0.0652008056640625 -0.174484252929687 0.0144023895263672 0.00705337524414061
-0.0231170654296875 -0.17816162109375 0.00716781616210937 -0.00821018218994141
-0.111404418945313 -0.124549865722656 -0.0115261077880859 -0.0172586441040039
-0.144668579101563 -0.0102386474609375 -0.0300846099853516 0.00109672546386719
-0.106513977050781 0.0740203857421875 -0.0319309234619141 0.0114307403564453
-0.0299072265625 0.129859924316406 -0.0173568725585937 0.0439224243164063
0.0286407470703125 0.124275207519531 0.006439208984375 0.0545616149902344
0.0221481323242188 0.11572265625 0.0140724182128906 0.0416793823242188
0.0236892700195313 0.131797790527344 0.00949478149414063 0.0331592559814453
-0.025421142578125 0.130577087402344 0.0105037689208984 0.0311241149902344
-0.0984573364257813 0.087677001953125 0.0174713134765625 0.00383281707763672
-0.131553649902344 0.00976562500000002 0.0331020355224609 0.00885200500488281
-0.096282958984375 -0.11444091796875 0.0617942810058594 0.0577621459960937
-0.0231781005859375 -0.171524047851563 0.0370330810546875 0.120941162109375
0.0506439208984375 -0.156661987304688 -0.0500030517578125 0.174179077148438
0.057159423828125 -0.197433471679688 0.0388336181640625 -0.0441970825195313
-0.0316925048828125 -0.194000244140625 0.00825500488281249 -0.038299560546875
-0.123092651367188 -0.13873291015625 -0.00662422180175782 -0.0201854705810547
-0.162322998046875 -0.0191802978515625 -0.00893497467041017 -0.00935077667236328
-0.122779846191406 0.0749435424804688 -0.0147895812988281 -0.0183067321777344
-0.0436248779296875 0.140838623046875 -0.0183830261230469 0.000526428222656263
0.0210037231445313 0.136520385742188 -0.0129270553588867 0.0107688903808594
0.0171356201171875 0.126197814941406 -0.00987625122070312 0.00360965728759766
0.0201873779296875 0.1441650390625 -0.0113487243652344 -0.00722980499267577
-0.0285491943359375 0.143157958984375 0.00462150573730469 -0.0111169815063476
-0.10772705078125 0.100418090820313 0.0238838195800781 -0.0323925018310547
-0.146728515625 0.021453857421875 0.0469589233398437 -0.0131988525390625
-0.120903015136719 -0.119400024414063 0.0704345703125 0.04205322265625
-0.0485382080078125 -0.191085815429688 0.03521728515625 0.0883865356445312
0.0365753173828125 -0.184799194335938 -0.0249786376953125 0.121795654296875
0.0371551513671875 -0.190597534179688 0.0623092651367188 -0.099700927734375
-0.040130615234375 -0.178863525390625 0.00924682617187499 -0.0719375610351563
-0.119125366210938 -0.125175476074219 -0.00207901000976563 -0.0249271392822266
-0.152145385742188 -0.0178070068359375 0.0126495361328125 -0.0207862854003906
-0.115577697753906 0.06585693359375 0.00411987304687499 -0.0471534729003906
-0.0475845336914063 0.130088806152344 -0.0168647766113281 -0.0425300598144531
0.0101242065429688 0.126815795898438 -0.0293159484863281 -0.0346565246582031
0.00968933105468751 0.117935180664063 -0.0326309204101563 -0.0347652435302734
0.0125045776367187 0.134735107421875 -0.0318031311035156 -0.046844482421875
-0.0302200317382813 0.132087707519531 -0.00390625000000001 -0.0537033081054687
-0.101539611816406 0.0929031372070313 0.0262107849121094 -0.0647735595703125
-0.136688232421875 0.022369384765625 0.0549278259277344 -0.0339088439941406
-0.117454528808594 -0.108749389648438 0.0686874389648437 0.0237197875976562
-0.056640625 -0.17803955078125 0.0236701965332031 0.0491104125976562
0.022735595703125 -0.180252075195313 -0.00436019897460937 0.05828857421875
0.0085296630859375 -0.155242919921875 0.08050537109375 -0.1494140625
-0.0459060668945313 -0.134483337402344 0.0102691650390625 -0.1011962890625
-0.09564208984375 -0.0868988037109375 0.000207901000976558 -0.0308837890625
-0.113121032714844 -0.0106964111328125 0.0279636383056641 -0.0321674346923828
-0.085418701171875 0.0480194091796875 0.018157958984375 -0.0667381286621094
-0.0402679443359375 0.0973434448242188 -0.0139923095703125 -0.076385498046875
-7.6293945312498E-05 0.096923828125 -0.0407867431640625 -0.072998046875
0.000732421875000006 0.0911941528320312 -0.0494384765625 -0.0684471130371094
0.00107574462890625 0.105430603027344 -0.0457000732421875 -0.0803146362304688
-0.031890869140625 0.0986251831054687 -0.00988769531250001 -0.0888290405273438
-0.08355712890625 0.0632476806640625 0.02850341796875 -0.0879669189453125
-0.102127075195313 0.00983428955078127 0.0584831237792969 -0.0459098815917969
-0.0841827392578125 -0.0856246948242187 0.0578269958496094 0.00990676879882812
-0.0450973510742188 -0.135154724121094 0.00894927978515625 0.0118093490600586
0.0103302001953125 -0.143310546875 0.0127286911010742 -0.00159835815429688
-0.021148681640625 -0.0977783203125 0.089599609375 -0.188430786132813
-0.0451431274414063 -0.0718994140625 0.00986480712890624 -0.124160766601563
-0.0598182678222656 -0.0343246459960937 -0.00178146362304688 -0.0359764099121094
-0.0572433471679688 7.24792480468805E-05 0.0330352783203125 -0.03900146484375
-0.0412101745605469 0.0237312316894531 0.0242233276367187 -0.0747146606445313
-0.0255355834960937 0.05029296875 -0.0117874145507813 -0.0958709716796875
-0.00967025756835938 0.0528907775878906 -0.046783447265625 -0.0983200073242187
-0.00820541381835938 0.05120849609375 -0.0580215454101562 -0.0911788940429688
-0.0111198425292969 0.0608634948730469 -0.0508499145507813 -0.103401184082031
-0.0312423706054687 0.0500030517578125 -0.00917053222656249 -0.110687255859375
-0.05450439453125 0.0222320556640625 0.0331573486328125 -0.09576416015625
-0.0520744323730469 -0.00791549682617187 0.0606346130371094 -0.04754638671875
-0.0351943969726563 -0.0515403747558594 0.0459365844726563 0.0037841796875
-0.0227279663085937 -0.071441650390625 0.000197410583496092 -0.0141105651855469
-0.00267791748046874 -0.082977294921875 0.0271186828613281 -0.047119140625
-0.0475196838378906 -0.0269851684570313 0.0879974365234375 -0.211700439453125
-0.03759765625 -0.00457000732421874 0.00402832031249999 -0.138389587402344
-0.0199623107910156 0.0183906555175781 -0.0119400024414063 -0.0414848327636719
0.00175666809082031 0.0106182098388672 0.0251312255859375 -0.0408973693847656
0.00509405136108398 -0.00129413604736328 0.0212554931640625 -0.0701255798339844
-0.00767135620117188 -0.00116825103759766 -0.0116195678710938 -0.0974044799804688
-0.0169534683227539 0.00175762176513672 -0.0471725463867188 -0.105926513671875
-0.0151033401489258 0.0033721923828125 -0.058319091796875 -0.100509643554688
-0.0207939147949219 0.00682830810546875 -0.0466842651367188 -0.113037109375
-0.0243206024169922 -0.00438690185546875 -0.00405120849609375 -0.118461608886719
-0.016937255859375 -0.0190143585205078 0.0386428833007813 -0.0897293090820313
0.00405311584472656 -0.0196914672851563 0.0605583190917969 -0.0392990112304688
0.013035774230957 -0.0073394775390625 0.0347099304199219 0.00392913818359375
-0.00368881225585938 0.00218939781188965 -0.00361442565917969 -0.0276012420654297
-0.0190849304199219 -0.0111980438232422 0.0354461669921875 -0.07196044921875
0.0418472290039063 -0.0633506774902344 -0.0139694213867187 0.0782623291015625
-0.0157089233398437 -0.0772705078125 0.00837516784667968 0.0282421112060547
-0.0608367919921875 -0.0372810363769531 -0.0256595611572266 -0.0124130249023438
-0.0567703247070312 0.0213851928710938 -0.05975341796875 0.0258369445800781
-0.0281486511230469 0.0490493774414063 -0.0446357727050781 0.0682945251464844
0.0132904052734375 0.0544013977050781 0.00408172607421875 0.107078552246094
0.0348892211914063 0.0454559326171875 0.0503158569335938 0.110565185546875
0.0260772705078125 0.0438461303710938 0.0585556030273437 0.0928802490234375
0.0270042419433594 0.0505523681640625 0.045440673828125 0.0931472778320313
-0.0035247802734375 0.0567893981933594 0.01519775390625 0.093048095703125
-0.0406608581542969 0.0367965698242187 -0.00310897827148438 0.0602989196777344
-0.053802490234375 -0.0059661865234375 -0.00278091430664063 0.03759765625
-0.0240478515625 -0.0546531677246094 0.0264892578125 0.0652885437011719
0.0219306945800781 -0.0651664733886719 0.0225982666015625 0.144332885742187
0.0474967956542969 -0.0386199951171875 -0.0886383056640625 0.22650146484375
0.0540542602539063 -0.132308959960938 -0.00522994995117187 0.0543212890625
-0.02655029296875 -0.1370849609375 0.0071868896484375 0.0163784027099609
-0.0951690673828125 -0.083282470703125 -0.0181350708007813 -0.0148239135742188
-0.107978820800781 0.00980377197265624 -0.0477256774902344 0.0143394470214844
-0.0702285766601562 0.0704574584960938 -0.0423316955566406 0.0432281494140625
-0.0042877197265625 0.101638793945313 -0.00717926025390624 0.0830459594726563
0.0388717651367188 0.0921859741210938 0.0317764282226562 0.0909576416015625
0.0302276611328125 0.0865402221679688 0.0412063598632813 0.0735015869140625
0.031524658203125 0.0982284545898438 0.0305099487304688 0.0691299438476563
-0.0121307373046875 0.101913452148438 0.0156440734863281 0.0680465698242188
-0.073760986328125 0.0693435668945313 0.00768661499023437 0.035430908203125
-0.0994491577148438 0.00354766845703127 0.0152225494384766 0.0267753601074219
-0.0661697387695313 -0.0907745361328125 0.0468025207519531 0.0641517639160156
-0.00318145751953124 -0.1279296875 0.0363540649414063 0.139617919921875
0.0506134033203125 -0.109512329101563 -0.06689453125 0.2156982421875
0.0556488037109375 -0.182632446289063 0.0109367370605469 0.0105257034301758
-0.034576416015625 -0.179306030273438 0.0049905776977539 -0.00587606430053712
-0.120750427246094 -0.120597839355469 -0.0119524002075195 -0.0166740417480469
-0.147720336914063 -0.00221252441406248 -0.031097412109375 0.00282096862792969
-0.104217529296875 0.0818099975585938 -0.0325260162353516 0.0149955749511719
-0.022552490234375 0.134750366210938 -0.01507568359375 0.0474014282226563
0.0359878540039063 0.124778747558594 0.0107955932617188 0.0565834045410156
0.0304718017578125 0.116233825683594 0.0173568725585938 0.0438346862792969
0.0330886840820313 0.132820129394531 0.0106124877929688 0.0350971221923828
-0.0168228149414063 0.134750366210938 0.0125904083251953 0.0320281982421875
-0.095123291015625 0.0965194702148438 0.0168571472167969 0.00253486633300782
-0.135139465332031 0.0186233520507812 0.0321578979492187 0.00750732421875
-0.106407165527344 -0.111526489257813 0.0641326904296875 0.0556793212890625
-0.035430908203125 -0.174652099609375 0.0425949096679688 0.120452880859375
0.04229736328125 -0.163955688476563 -0.0429534912109375 0.179656982421875
0.0482177734375 -0.206466674804687 0.0334854125976563 -0.0435752868652344
-0.0435638427734375 -0.196243286132813 0.00436401367187499 -0.0371360778808594
-0.133575439453125 -0.134819030761719 -0.00881767272949219 -0.0190982818603516
-0.167449951171875 -0.00914001464843748 -0.00987625122070314 -0.00830745697021484
-0.121665954589844 0.0833358764648438 -0.016047477722168 -0.016209602355957
-0.035980224609375 0.148162841796875 -0.0187759399414063 0.00472068786621095
0.0290756225585938 0.138565063476563 -0.0112981796264648 0.0131378173828125
0.025970458984375 0.128562927246094 -0.00905036926269531 0.00639915466308594
0.02972412109375 0.146530151367188 -0.011866569519043 -0.00490093231201171
-0.0191802978515625 0.14849853515625 0.00378990173339844 -0.00960254669189452
-0.103927612304687 0.110641479492188 0.0210590362548828 -0.0335464477539063
-0.150726318359375 0.0307464599609375 0.0446853637695312 -0.0152130126953125
-0.132369995117188 -0.11627197265625 0.0724105834960937 0.03900146484375
-0.061859130859375 -0.193603515625 0.0379409790039062 0.0876083374023438
0.0284576416015625 -0.193069458007813 -0.0202102661132812 0.123947143554688
0.0287628173828125 -0.198806762695313 0.0544662475585938 -0.102310180664063
-0.0507659912109375 -0.1815185546875 0.00337982177734375 -0.0723724365234375
-0.129356384277344 -0.122833251953125 -0.00443077087402344 -0.0247459411621094
-0.157928466796875 -0.010101318359375 0.0105476379394531 -0.0208683013916016
-0.115104675292969 0.074493408203125 0.000915527343749995 -0.0459861755371094
-0.0404815673828125 0.137046813964844 -0.0200119018554688 -0.0397148132324219
0.0183334350585937 0.13031005859375 -0.0312538146972656 -0.0325756072998047
0.0163955688476562 0.120689392089844 -0.0340118408203125 -0.0318012237548828
0.0215072631835938 0.138465881347656 -0.0353279113769531 -0.0442657470703125
-0.0224761962890625 0.138229370117188 -0.0072174072265625 -0.0529899597167969
-0.0990219116210937 0.102279663085938 0.0217399597167969 -0.0676841735839844
-0.140594482421875 0.0312347412109375 0.0518646240234375 -0.0372962951660156
-0.1285400390625 -0.106071472167969 0.0689888000488281 0.0208320617675781
-0.0688629150390625 -0.1798095703125 0.0242462158203125 0.0482368469238281
0.01531982421875 -0.187759399414063 -0.00262069702148437 0.0577163696289062
0.00201416015625001 -0.16119384765625 0.0717315673828125 -0.157562255859375
-0.0531539916992188 -0.136680603027344 0.00239562988281249 -0.103927612304688
-0.103294372558594 -0.084991455078125 -0.0014171600341797 -0.0309562683105469
-0.118873596191406 -0.00437927246093752 0.0262050628662109 -0.0334644317626953
-0.0860519409179688 0.0551834106445313 0.0145530700683594 -0.0673866271972656
-0.0364456176757813 0.103935241699219 -0.0185775756835937 -0.0758819580078125
0.0060272216796875 0.100982666015625 -0.0458450317382813 -0.071044921875
0.0066986083984375 0.0953369140625 -0.0535926818847656 -0.0647544860839844
0.00806427001953124 0.1094970703125 -0.0506362915039063 -0.0777816772460938
-0.0263519287109375 0.104248046875 -0.0147552490234375 -0.0892868041992188
-0.0828857421875 0.0713424682617188 0.02264404296875 -0.0906295776367188
-0.106803894042969 0.0170440673828125 0.0556373596191406 -0.0489082336425781
-0.092498779296875 -0.0853195190429687 0.0578460693359375 0.00702285766601562
-0.05389404296875 -0.137680053710938 0.00865745544433593 0.0111513137817383
0.00534057617187501 -0.149078369140625 0.0126228332519531 -0.00585651397705079
-0.0236358642578125 -0.101631164550781 0.0802459716796875 -0.197967529296875
-0.048309326171875 -0.0733642578125 0.00100708007812499 -0.128227233886719
-0.0631828308105469 -0.0341110229492188 -0.00484085083007813 -0.0369949340820313
-0.0609245300292969 0.00267410278320313 0.0313644409179687 -0.0412788391113281
-0.0430145263671875 0.0276679992675781 0.0204544067382812 -0.0766067504882813
-0.0241546630859375 0.0549583435058594 -0.01678466796875 -0.0957412719726563
-0.00699996948242188 0.0568313598632813 -0.0527420043945313 -0.0973968505859375
-0.00492095947265625 0.0550994873046875 -0.0635452270507813 -0.0883102416992188
-0.00872802734375 0.064300537109375 -0.0578231811523437 -0.101364135742188
-0.0291328430175781 0.0551071166992187 -0.0163421630859375 -0.111228942871094
-0.0556602478027344 0.027374267578125 0.0273895263671875 -0.0992279052734375
-0.0559272766113281 -0.00458145141601563 0.057769775390625 -0.0517349243164063
-0.0410423278808594 -0.05242919921875 0.0457229614257813 0.00197601318359375
-0.026763916015625 -0.073486328125 -0.0023956298828125 -0.0155811309814453
-0.0039215087890625 -0.0867538452148438 0.0250701904296875 -0.0534439086914063
-0.0474700927734375 -0.0262184143066406 0.077239990234375 -0.2227783203125
-0.0359458923339844 -0.00365447998046875 -0.00433349609375 -0.14404296875
-0.0192909240722656 0.0180492401123047 -0.0151863098144531 -0.0417327880859375
0.000243186950683594 0.00966930389404297 0.0227890014648438 -0.0432052612304688
0.00403976440429688 -0.00262570381164551 0.017669677734375 -0.0723342895507813
-0.00909709930419922 0.000386238098144529 -0.0160293579101563 -0.0988540649414063
-0.0171718597412109 0.0052337646484375 -0.0538101196289062 -0.105392456054687
-0.0159292221069336 0.00607490539550781 -0.064178466796875 -0.0985107421875
-0.0209693908691406 0.0088653564453125 -0.0538101196289063 -0.111862182617187
-0.0257625579833984 -0.00115203857421875 -0.0109634399414062 -0.119987487792969
-0.0205287933349609 -0.0183238983154297 0.0339202880859375 -0.0933685302734375
0.00152206420898438 -0.0202560424804687 0.0588645935058594 -0.0443458557128906
0.0110549926757813 -0.0106086730957031 0.0347633361816406 0.00252914428710938
-0.00341272354125977 0.000406026840209961 -0.00642585754394531 -0.0294990539550781
-0.0166635513305664 -0.0125007629394531 0.0326080322265625 -0.0799179077148438
0.0371322631835938 -0.0626449584960938 -0.0121688842773437 0.0844802856445313
-0.0216827392578125 -0.07415771484375 0.00972557067871093 0.0297012329101562
-0.05938720703125 -0.0332756042480469 -0.0252819061279297 -0.0108108520507813
-0.0531425476074219 0.0234870910644531 -0.0581016540527344 0.0288810729980469
-0.0248947143554688 0.0494041442871094 -0.0423965454101563 0.0684700012207031
0.0157661437988281 0.0514869689941406 0.00871276855468751 0.10577392578125
0.035308837890625 0.0418510437011719 0.05511474609375 0.108322143554688
0.0278968811035156 0.0405006408691406 0.0620880126953125 0.0893325805664062
0.0304641723632813 0.0468559265136719 0.0473480224609375 0.0908584594726563
-0.000564575195312503 0.0567398071289062 0.0193099975585938 0.0913467407226563
-0.0378875732421875 0.0382728576660156 -0.00129318237304688 0.0602912902832031
-0.0541839599609375 -0.000709533691406257 -0.00255966186523438 0.0399360656738281
-0.0260009765625 -0.0514450073242187 0.0297317504882812 0.0628623962402344
0.0169296264648438 -0.065399169921875 0.0285797119140625 0.142166137695312
0.0429039001464844 -0.0417060852050781 -0.079742431640625 0.231307983398438
0.0455551147460938 -0.134498596191406 -0.00522232055664062 0.0569877624511719
-0.0336151123046875 -0.131866455078125 0.00545310974121094 0.0196666717529297
-0.0972518920898438 -0.078643798828125 -0.0188789367675781 -0.0123176574707031
-0.106773376464844 0.0142440795898438 -0.0482521057128906 0.0165596008300781
-0.06561279296875 0.0733566284179688 -0.0413475036621094 0.04522705078125
0.00045013427734376 0.100517272949219 -0.00421142578125 0.0849761962890625
0.042816162109375 0.0902786254882813 0.0385665893554688 0.0906906127929687
0.0343093872070313 0.0846481323242187 0.0449295043945312 0.07373046875
0.0365371704101562 0.0963516235351562 0.0334892272949219 0.0689239501953125
-0.00485229492187501 0.101707458496094 0.0187950134277344 0.0679702758789063
-0.0689239501953125 0.0734100341796875 0.00869369506835937 0.0356483459472656
-0.100601196289063 0.00954437255859375 0.0150299072265625 0.0265445709228516
-0.0716781616210938 -0.0866775512695312 0.0484046936035156 0.0609130859375
-0.011505126953125 -0.127357482910156 0.0415496826171875 0.138336181640625
0.0436248779296875 -0.112144470214844 -0.05731201171875 0.217819213867188
0.0496826171875 -0.183624267578125 0.00898456573486328 0.016077995300293
-0.0403900146484375 -0.1748046875 0.00247526168823242 -0.00274276733398439
-0.124870300292969 -0.113990783691406 -0.0140600204467774 -0.0144815444946289
-0.145889282226562 0.00292968750000001 -0.0314216613769531 0.00657272338867187
-0.099151611328125 0.085540771484375 -0.0307674407958984 0.0172119140625
-0.015411376953125 0.136116027832031 -0.0140266418457031 0.0493011474609375
0.0415496826171875 0.123634338378906 0.0133476257324219 0.0583457946777344
0.0358428955078125 0.114662170410156 0.0199851989746094 0.0422744750976563
0.0399017333984375 0.131072998046875 0.0112419128417969 0.0363197326660156
-0.00873565673828124 0.135223388671875 0.0135707855224609 0.0323657989501953
-0.0901947021484375 0.103271484375 0.0167989730834961 0.00200653076171876
-0.134078979492188 0.025970458984375 0.0318889617919922 0.00754165649414063
-0.112007141113281 -0.105323791503906 0.0657081604003906 0.05096435546875
-0.0443115234375 -0.171859741210938 0.0466461181640625 0.117218017578125
0.034759521484375 -0.166793823242188 -0.0345306396484375 0.181411743164063
0.0373992919921875 -0.20892333984375 0.0284500122070313 -0.0411415100097656
-0.0528717041015625 -0.19232177734375 0.000625610351562493 -0.0354766845703125
-0.139259338378906 -0.129646301269531 -0.00872039794921876 -0.0188884735107422
-0.166839599609375 -0.00195312499999999 -0.0104923248291016 -0.00635623931884766
-0.116920471191406 0.088958740234375 -0.0182437896728516 -0.0136032104492187
-0.0273590087890625 0.148117065429688 -0.0182647705078125 0.00705337524414063
0.035400390625 0.138114929199219 -0.00914192199707031 0.0157365798950195
0.0315017700195313 0.127685546875 -0.00778722763061523 0.00788068771362306
0.038360595703125 0.14453125 -0.0109405517578125 -0.00113296508789062
-0.0109405517578125 0.148849487304687 0.004302978515625 -0.00829076766967773
-0.0996475219726563 0.116424560546875 0.0181102752685547 -0.0349063873291016
-0.14935302734375 0.03924560546875 0.042236328125 -0.0168533325195312
-0.139259338378906 -0.11126708984375 0.073516845703125 0.0359344482421875
-0.0710296630859375 -0.190322875976562 0.0398712158203125 0.084869384765625
0.020172119140625 -0.194473266601563 -0.0147552490234375 0.123748779296875
0.0204620361328125 -0.200942993164063 0.0472412109375 -0.101188659667969
-0.0595855712890625 -0.178314208984375 -0.00196075439453125 -0.0715179443359375
-0.134246826171875 -0.11566162109375 -0.0059795379638672 -0.0240211486816406
-0.157669067382813 -0.00250244140625 0.00892066955566405 -0.0213356018066406
-0.112335205078125 0.0822067260742187 -0.00181961059570313 -0.0444374084472656
-0.0331573486328125 0.139862060546875 -0.0226593017578125 -0.0376968383789063
0.02508544921875 0.129714965820313 -0.032257080078125 -0.0283279418945312
0.0230026245117188 0.120651245117188 -0.0350856781005859 -0.0306720733642578
0.0285263061523438 0.13848876953125 -0.0366020202636719 -0.0394859313964844
-0.0142974853515625 0.139274597167969 -0.00873565673828126 -0.0514373779296875
-0.0957565307617188 0.109565734863281 0.0167922973632813 -0.0664825439453125
-0.1405029296875 0.0386810302734375 0.0478515625 -0.0372047424316406
-0.1337890625 -0.099151611328125 0.0681304931640625 0.0161933898925781
-0.076934814453125 -0.177444458007813 0.0240592956542969 0.0456657409667969
0.00778198242187499 -0.18890380859375 -0.00244140625 0.0541343688964844
-0.00189208984375001 -0.162948608398438 0.0616302490234375 -0.158126831054688
-0.0588150024414062 -0.136749267578125 -0.00414276123046876 -0.102561950683594
-0.107505798339844 -0.0818405151367187 -0.00630760192871095 -0.0298252105712891
-0.120742797851563 0.00197601318359375 0.0243549346923828 -0.0328121185302734
-0.0838851928710938 0.0581741333007813 0.0116806030273437 -0.0663299560546875
-0.03167724609375 0.10589599609375 -0.0209884643554688 -0.0728683471679688
0.012725830078125 0.10150146484375 -0.048370361328125 -0.068084716796875
0.010833740234375 0.0961532592773438 -0.0556297302246094 -0.0614509582519531
0.013671875 0.109352111816406 -0.0545806884765625 -0.0740203857421875
-0.0203933715820313 0.105194091796875 -0.0190963745117187 -0.0846939086914063
-0.0785369873046875 0.076263427734375 0.0176925659179687 -0.089752197265625
-0.108047485351562 0.0211181640625 0.0519256591796875 -0.0503654479980469
-0.0970840454101562 -0.0816497802734375 0.0557708740234375 0.00491333007812499
-0.05877685546875 -0.135772705078125 0.00628662109375 0.00973796844482421
0.00146484375000001 -0.150360107421875 0.0110244750976563 -0.00828647613525391
-0.0256500244140625 -0.101303100585938 0.0698089599609375 -0.201492309570313
-0.0491561889648438 -0.0735321044921875 -0.00755310058593749 -0.126853942871094
-0.0658340454101563 -0.0327491760253906 -0.00637054443359375 -0.0371208190917969
-0.0625839233398438 0.00443649291992189 0.0282974243164062 -0.0428466796875
-0.0439224243164062 0.0311508178710938 0.0183868408203125 -0.0753250122070312
-0.0229988098144531 0.0584907531738281 -0.0220108032226563 -0.0937576293945313
-0.00217437744140625 0.0581169128417969 -0.0562210083007813 -0.094573974609375
-0.00408935546875 0.0560836791992188 -0.0672378540039063 -0.085418701171875
-0.00522232055664062 0.06573486328125 -0.0619125366210937 -0.0973358154296875
-0.0254096984863281 0.057403564453125 -0.0204925537109375 -0.10882568359375
-0.0565299987792969 0.0323410034179687 0.0218429565429687 -0.0986785888671875
-0.0588760375976562 -0.00114822387695313 0.053131103515625 -0.0527267456054688
-0.0445289611816406 -0.0520439147949219 0.0453453063964844 -0.000343322753906253
-0.0311279296875 -0.0746231079101563 -0.00434017181396485 -0.0172567367553711
-0.0042877197265625 -0.08746337890625 0.0213775634765625 -0.0575981140136719
-0.0420455932617188 -0.0243492126464844 0.0677642822265625 -0.22613525390625
-0.0347499847412109 -0.00525665283203126 -0.0123291015625 -0.143020629882812
-0.0181789398193359 0.0164127349853516 -0.0178794860839844 -0.0404930114746094
-0.000276088714599609 0.00778532028198242 0.0210342407226562 -0.0443038940429688
0.00117826461791992 -0.0030057430267334 0.0164260864257813 -0.0716629028320313
-0.00881385803222656 0.00323867797851562 -0.0191268920898438 -0.0968551635742187
-0.0170564651489258 0.0077371597290039 -0.0591506958007813 -0.1029052734375
-0.0160179138183594 0.00962543487548828 -0.069580078125 -0.095550537109375
-0.0206756591796875 0.0128955841064453 -0.05877685546875 -0.108612060546875
-0.0244998931884766 0.00105857849121094 -0.0173263549804688 -0.1177978515625
-0.0233268737792969 -0.0149650573730469 0.0295562744140625 -0.0949783325195313
-0.00120735168457031 -0.0203056335449219 0.0565681457519531 -0.0455551147460938
0.00990581512451172 -0.0123348236083984 0.0350551605224609 -0.000696182250976563
-0.00251126289367676 -0.00104475021362305 -0.00750350952148438 -0.0306758880615234
-0.0156402587890625 -0.0135011672973633 0.0309677124023438 -0.085174560546875
0.0356712341308594 -0.0614509582519531 -0.00896453857421874 0.0888595581054688
-0.0209312438964844 -0.0692787170410156 0.0103073120117187 0.033599853515625
-0.0590362548828125 -0.0305328369140625 -0.0237445831298828 -0.00938796997070312
-0.0505943298339844 0.0239143371582031 -0.0562171936035156 0.0289535522460938
-0.0227317810058594 0.0479316711425781 -0.039154052734375 0.0698738098144531
0.01739501953125 0.0510063171386719 0.0109634399414063 0.104629516601562
0.0368232727050781 0.0407562255859375 0.057281494140625 0.10589599609375
0.0293388366699219 0.0388298034667969 0.0641937255859375 0.089080810546875
0.0312156677246094 0.0446929931640625 0.0495376586914063 0.090362548828125
0.00379562377929688 0.0538711547851562 0.0215606689453125 0.089935302734375
-0.0342445373535156 0.0388870239257812 -0.000225067138671873 0.0590705871582031
-0.0532379150390625 -0.000129699707031259 -0.00124359130859375 0.0392074584960938
-0.0272789001464844 -0.0496635437011719 0.0292778015136719 0.0618820190429688
0.013946533203125 -0.0640525817871094 0.0296478271484375 0.141433715820313
0.0401458740234375 -0.04217529296875 -0.074066162109375 0.230911254882813
0.0438995361328125 -0.132316589355469 -0.00488281249999999 0.063873291015625
-0.0339584350585938 -0.127998352050781 0.00685882568359375 0.0228919982910156
-0.0968475341796875 -0.0752182006835938 -0.0179271697998047 -0.0124759674072266
-0.10418701171875 0.0161666870117188 -0.0462646484375 0.0167770385742188
-0.06329345703125 0.0724639892578125 -0.0392570495605469 0.0464630126953125
0.00375366210937499 0.0993881225585938 -0.0014801025390625 0.0836257934570313
0.0442276000976562 0.0869827270507813 0.0384979248046875 0.0887298583984375
0.03619384765625 0.0821380615234375 0.0461578369140625 0.07244873046875
0.0393600463867187 0.0928115844726563 0.0346946716308594 0.0692138671875
-0.00185394287109375 0.100257873535156 0.0197410583496094 0.0670738220214844
-0.06494140625 0.074462890625 0.00819206237792968 0.0343227386474609
-0.098663330078125 0.0122604370117188 0.0153026580810547 0.0261001586914063
-0.0730514526367188 -0.0840072631835938 0.0491752624511719 0.0592803955078125
-0.0159454345703125 -0.126068115234375 0.0413894653320313 0.136032104492188
0.0402069091796875 -0.112709045410156 -0.0543670654296875 0.217483520507812
0.0439605712890625 -0.182830810546875 0.00827598571777344 0.0200977325439453
-0.045318603515625 -0.171066284179687 0.0021524429321289 0.000546574592590322
-0.125152587890625 -0.110015869140625 -0.0132226943969727 -0.0142650604248047
-0.145431518554688 0.00764465332031253 -0.0303878784179688 0.00630569458007812
-0.0966033935546875 0.0873031616210938 -0.0317306518554688 0.01806640625
-0.01104736328125 0.133705139160156 -0.0121040344238281 0.0499229431152344
0.0441513061523438 0.121322631835938 0.0157012939453125 0.058013916015625
0.03863525390625 0.11322021484375 0.0221977233886719 0.0443229675292969
0.0441665649414063 0.127670288085938 0.0134086608886719 0.0381507873535156
-0.0047607421875 0.133544921875 0.0144710540771484 0.03192138671875
-0.08612060546875 0.104461669921875 0.0143680572509766 0.00204753875732422
-0.134078979492188 0.0297775268554687 0.0302085876464844 0.00774765014648438
-0.115135192871094 -0.103157043457031 0.0649337768554687 0.0497817993164062
-0.049560546875 -0.168991088867188 0.0456466674804688 0.116249084472656
0.0310821533203125 -0.167129516601563 -0.032867431640625 0.179351806640625
0.0348663330078125 -0.207748413085938 0.0257339477539063 -0.0363197326660156
-0.0555267333984375 -0.189254760742188 -0.00197029113769531 -0.0314064025878906
-0.140884399414063 -0.12506103515625 -0.0100498199462891 -0.01678466796875
-0.16644287109375 0.00222778320312499 -0.0116987228393555 -0.00632667541503906
-0.114166259765625 0.0924301147460938 -0.0181083679199219 -0.0129928588867187
-0.023956298828125 0.149124145507812 -0.0185165405273438 0.00814819335937501
0.0387191772460938 0.135940551757813 -0.00861740112304687 0.0171022415161133
0.0352401733398438 0.126792907714844 -0.00592803955078125 0.00963115692138673
0.0422821044921875 0.143142700195313 -0.0119848251342773 0.000998497009277352
-0.0058441162109375 0.1478271484375 0.00416946411132812 -0.00861835479736327
-0.0952682495117188 0.120025634765625 0.0161476135253906 -0.0335483551025391
-0.14837646484375 0.0428924560546875 0.0408439636230469 -0.0151252746582031
-0.139984130859375 -0.106620788574219 0.070648193359375 0.0340347290039062
-0.076202392578125 -0.18719482421875 0.0393829345703125 0.0834426879882812
0.0175628662109375 -0.195770263671875 -0.0146484375 0.121635437011719
0.017730712890625 -0.20098876953125 0.0420074462890625 -0.0980453491210938
-0.0609283447265625 -0.176788330078125 -0.00510787963867188 -0.0675468444824219
-0.135993957519531 -0.114265441894531 -0.00814056396484376 -0.0225505828857422
-0.159713745117188 0.00178527832031253 0.00755310058593749 -0.0198421478271484
-0.109832763671875 0.0833892822265625 -0.00267791748046876 -0.0435791015625
-0.0302276611328125 0.141159057617188 -0.0221195220947266 -0.0343303680419922
0.028350830078125 0.130256652832031 -0.0311450958251953 -0.0268173217773437
0.0265121459960937 0.121078491210937 -0.0324287414550781 -0.0259418487548828
0.03277587890625 0.13720703125 -0.0370674133300781 -0.0371818542480469
-0.00954437255859375 0.139083862304688 -0.0101051330566406 -0.0497207641601563
-0.0925521850585937 0.111167907714844 0.0142860412597656 -0.0660514831542969
-0.139564514160156 0.041656494140625 0.0460472106933594 -0.0363693237304688
-0.136192321777344 -0.0984954833984375 0.0666351318359375 0.0172042846679687
-0.0803985595703125 -0.17486572265625 0.0232963562011719 0.045684814453125
0.006927490234375 -0.189682006835938 -0.00205612182617188 0.0531387329101562
-0.00381469726562499 -0.162918090820313 0.0567779541015625 -0.15576171875
-0.0605621337890625 -0.135932922363281 -0.007354736328125 -0.100334167480469
-0.108177185058594 -0.0804367065429687 -0.00655364990234376 -0.0293312072753906
-0.121200561523438 0.00320434570312498 0.0217666625976562 -0.0333461761474609
-0.0842208862304688 0.0612716674804687 0.00994110107421875 -0.0654754638671875
-0.0281906127929687 0.108505249023438 -0.0232162475585937 -0.070526123046875
0.0141372680664062 0.102943420410156 -0.048797607421875 -0.065826416015625
0.0133895874023437 0.0974807739257812 -0.0538482666015625 -0.0575981140136719
0.0166397094726562 0.111343383789063 -0.0552978515625 -0.0703201293945313
-0.0172882080078125 0.10662841796875 -0.0202484130859375 -0.0842666625976562
-0.0786972045898437 0.0797958374023438 0.0141143798828125 -0.089752197265625
-0.107284545898438 0.0232086181640625 0.0486793518066406 -0.0501022338867188
-0.0991973876953125 -0.0805587768554688 0.055419921875 0.00450134277343749
-0.0622787475585938 -0.134452819824219 0.00522708892822265 0.00915908813476562
0.000640869140625013 -0.15203857421875 0.00923824310302734 -0.0112171173095703
-0.025054931640625 -0.100875854492188 0.063995361328125 -0.200103759765625
-0.050750732421875 -0.0742416381835938 -0.010101318359375 -0.127464294433594
-0.0656089782714844 -0.0336875915527344 -0.00936126708984376 -0.0359954833984375
-0.0645256042480469 0.00614166259765624 0.0261955261230469 -0.0412178039550781
-0.0433349609375 0.0308303833007812 0.01513671875 -0.0745925903320312
-0.0208816528320313 0.0599250793457031 -0.0217437744140625 -0.0919189453125
-0.00204849243164063 0.060089111328125 -0.0575408935546875 -0.0914459228515625
-0.00135040283203125 0.0581932067871094 -0.0667495727539062 -0.0825347900390625
-0.00327682495117187 0.0684013366699219 -0.0624847412109375 -0.0948562622070313
-0.0249786376953125 0.0594825744628906 -0.02301025390625 -0.106376647949219
-0.05572509765625 0.0348587036132813 0.0188140869140625 -0.0976791381835938
-0.0598335266113281 -0.00139236450195312 0.051300048828125 -0.052734375
-0.0457191467285156 -0.0525436401367187 0.0437049865722656 -0.000179290771484378
-0.0301742553710938 -0.074859619140625 -0.00541114807128906 -0.0176200866699219
-0.00397491455078126 -0.0903778076171875 0.0192489624023437 -0.0603294372558594
-0.0422821044921875 -0.025909423828125 0.06182861328125 -0.226730346679688
-0.0331974029541016 -0.00700378417968751 -0.0158843994140625 -0.14324951171875
-0.0174446105957031 0.0163326263427734 -0.0189476013183594 -0.0403861999511719
-0.0017390251159668 0.00781583786010742 0.0194091796875 -0.0433845520019531
-0.000128030776977539 -0.00199747085571289 0.0142669677734375 -0.0712051391601563
-0.0098276138305664 0.00464057922363281 -0.0207061767578125 -0.0956497192382813
-0.0158262252807617 0.00834941864013672 -0.0588531494140625 -0.101646423339844
-0.0147829055786133 0.010040283203125 -0.068817138671875 -0.0935134887695312
-0.0198135375976563 0.0144424438476562 -0.0608978271484375 -0.106613159179688
-0.0241527557373047 0.00396156311035156 -0.0195693969726563 -0.115280151367188
-0.0231552124023437 -0.0131969451904297 0.0258941650390625 -0.0934677124023437
-0.00448226928710937 -0.0201683044433594 0.0543785095214844 -0.0465164184570313
0.00741481781005859 -0.0143194198608398 0.0341300964355469 0.000465393066406249
-0.00173068046569824 -0.00355434417724609 -0.00963401794433594 -0.0318584442138672
-0.012333869934082 -0.014857292175293 0.0264968872070312 -0.088470458984375
0.0355224609375 -0.0609588623046875 -0.00968170166015625 0.0931472778320313
-0.0208930969238281 -0.0672492980957031 0.0107650756835937 0.036468505859375
-0.0582847595214844 -0.0307998657226563 -0.023345947265625 -0.00967025756835938
-0.0503082275390625 0.0228767395019531 -0.0565147399902344 0.0285987854003906
-0.0222663879394531 0.0475540161132813 -0.0405197143554687 0.0693359375
0.0176010131835938 0.0497360229492188 0.0104141235351562 0.10546875
0.0365486145019531 0.0406379699707031 0.0578079223632813 0.107437133789063
0.0297584533691406 0.0376777648925781 0.0642852783203125 0.090118408203125
0.031707763671875 0.0430641174316406 0.05047607421875 0.0918960571289063
0.0047607421875 0.0529670715332031 0.0214614868164062 0.0913314819335938
-0.032989501953125 0.0395774841308594 -0.000854492187500007 0.0595283508300781
-0.0523796081542969 0.0012359619140625 -0.00110626220703125 0.0394401550292969
-0.0285758972167969 -0.0489654541015625 0.0293159484863281 0.0611610412597656
0.0123672485351562 -0.0638389587402344 0.0292205810546875 0.143096923828125
0.0383987426757813 -0.0410957336425781 -0.075897216796875 0.233673095703125
0.0433883666992188 -0.132301330566406 -0.00588226318359375 0.0684394836425781
-0.0343780517578125 -0.126625061035156 0.00579452514648437 0.0262031555175781
-0.096649169921875 -0.0749893188476562 -0.0174026489257813 -0.0115070343017578
-0.10369873046875 0.0166778564453125 -0.0464973449707031 0.0175437927246094
-0.062774658203125 0.0727767944335937 -0.0397605895996094 0.04638671875
0.00463104248046875 0.098846435546875 -0.00204467773437501 0.0847625732421875
0.0443191528320312 0.08770751953125 0.0395889282226563 0.0902938842773438
0.0370254516601562 0.081695556640625 0.0474700927734375 0.0733489990234375
0.0407333374023438 0.0928115844726562 0.0354766845703125 0.0708465576171875
-0.000564575195312503 0.100044250488281 0.0204391479492187 0.0676231384277344
-0.0649185180664063 0.0763397216796875 0.00781631469726562 0.0350265502929688
-0.0994873046875 0.013824462890625 0.0145339965820312 0.0276241302490234
-0.0746383666992187 -0.0836563110351563 0.0484275817871094 0.0595474243164062
-0.017364501953125 -0.125885009765625 0.0397491455078125 0.137672424316406
0.03955078125 -0.113319396972656 -0.0558929443359375 0.2188720703125
0.0438690185546875 -0.183853149414063 0.00692176818847657 0.0244235992431641
-0.0449066162109375 -0.17034912109375 0.001556396484375 0.00367617607116698
-0.124794006347656 -0.110313415527344 -0.0128622055053711 -0.0132675170898438
-0.146148681640625 0.00791931152343749 -0.0307884216308594 0.00662612915039063
-0.0966796875 0.0880355834960938 -0.0318775177001953 0.0185317993164063
-0.0106124877929688 0.135124206542969 -0.0123367309570312 0.0518875122070313
0.0457687377929688 0.12225341796875 0.0164260864257813 0.0590705871582031
0.0396041870117187 0.113525390625 0.0236396789550781 0.0456619262695313
0.0454635620117188 0.128280639648438 0.0140380859375 0.0398826599121094
-0.00286865234375 0.134506225585938 0.0147075653076172 0.03314208984375
-0.0863418579101562 0.106849670410156 0.0137386322021484 0.00282859802246094
-0.134895324707031 0.0317459106445312 0.0294437408447266 0.00929641723632813
-0.116683959960938 -0.1036376953125 0.0641288757324219 0.0499610900878906
-0.051513671875 -0.17059326171875 0.0443496704101563 0.117843627929688
0.030517578125 -0.169189453125 -0.0342254638671875 0.1800537109375
0.0359039306640625 -0.209518432617188 0.0249404907226563 -0.0327320098876953
-0.0550384521484375 -0.189865112304688 -0.00297737121582032 -0.0282402038574219
-0.141708374023438 -0.125701904296875 -0.0098724365234375 -0.0160531997680664
-0.168991088867188 0.00329589843750001 -0.0118751525878906 -0.00523853302001953
-0.114936828613281 0.093109130859375 -0.0183582305908203 -0.0120677947998047
-0.0223388671875 0.151336669921875 -0.0181179046630859 0.0100345611572266
0.0407943725585937 0.137870788574219 -0.00816917419433593 0.0178852081298828
0.0363693237304687 0.127853393554688 -0.00450801849365234 0.0107202529907227
0.04364013671875 0.144866943359375 -0.0116853713989258 0.00272655487060548
-0.004852294921875 0.14898681640625 0.00398015975952149 -0.00802993774414062
-0.095428466796875 0.122169494628906 0.0152034759521484 -0.0329113006591797
-0.150466918945313 0.044586181640625 0.0401611328125 -0.013519287109375
-0.142913818359375 -0.107925415039063 0.0702323913574219 0.0346145629882812
-0.0774688720703125 -0.188552856445313 0.03741455078125 0.0848159790039062
0.018768310546875 -0.197723388671875 -0.0161666870117188 0.121360778808594
0.0194244384765625 -0.203292846679688 0.0418319702148438 -0.0960006713867188
-0.0612640380859375 -0.178604125976563 -0.00680923461914063 -0.0646591186523438
-0.137504577636719 -0.116241455078125 -0.00792121887207032 -0.021697998046875
-0.16168212890625 0.00271606445312498 0.00754737854003905 -0.0192890167236328
-0.111175537109375 0.0851974487304688 -0.00283813476562501 -0.0423774719238281
-0.0282440185546875 0.1434326171875 -0.0218048095703125 -0.0330467224121094
0.0298309326171875 0.1322021484375 -0.0308647155761719 -0.0255908966064453
0.0277328491210937 0.12249755859375 -0.0314483642578125 -0.0254783630371094
0.0339889526367188 0.139350891113281 -0.0368804931640625 -0.0350494384765625
-0.00945281982421875 0.140388488769531 -0.00971221923828125 -0.048919677734375
-0.0924072265625 0.114265441894531 0.0133514404296875 -0.0662117004394531
-0.141769409179688 0.043121337890625 0.0454521179199219 -0.0347785949707031
-0.138359069824219 -0.099761962890625 0.0659904479980469 0.0182151794433594
-0.0816192626953125 -0.176544189453125 0.0212364196777344 0.0454673767089844
0.00885009765625 -0.192779541015625 -0.00331878662109375 0.052093505859375
-0.0014801025390625 -0.166152954101563 0.0561676025390625 -0.154220581054688
-0.0598602294921875 -0.138633728027344 -0.00955200195312501 -0.0996856689453125
-0.1102294921875 -0.0825881958007812 -0.00740051269531251 -0.0290107727050781
-0.124496459960938 0.00414276123046874 0.0214977264404297 -0.0327301025390625
-0.0857315063476563 0.063201904296875 0.00979614257812499 -0.0641937255859375
-0.0275192260742188 0.111373901367188 -0.0228004455566406 -0.0692672729492188
0.015167236328125 0.105140686035156 -0.0484809875488281 -0.0648384094238281
0.014495849609375 0.0987396240234375 -0.0532073974609375 -0.0579681396484375
0.0175094604492187 0.113410949707031 -0.0551223754882812 -0.0689125061035156
-0.0170135498046875 0.109222412109375 -0.0207138061523437 -0.0839004516601563
-0.079132080078125 0.0820693969726563 0.0135345458984375 -0.0889892578125
-0.109428405761719 0.0248031616210938 0.0487136840820312 -0.0486564636230469
-0.101799011230469 -0.0817031860351563 0.0552749633789062 0.00596618652343749
-0.061676025390625 -0.136772155761719 0.00374031066894531 0.00917911529541015
0.00297546386718749 -0.155075073242188 0.00817966461181641 -0.0133552551269531
-0.0230255126953125 -0.104209899902344 0.0633392333984375 -0.200225830078125
-0.0501632690429688 -0.0771026611328125 -0.01171875 -0.127418518066406
-0.0662612915039063 -0.0357513427734375 -0.0099029541015625 -0.0356559753417969
-0.0662612915039063 0.00612640380859376 0.0264091491699219 -0.0411491394042969
-0.0457267761230469 0.0319480895996094 0.0159454345703125 -0.0742568969726563
-0.0206832885742187 0.0626754760742188 -0.0219879150390625 -0.0913848876953125
-0.000495910644531256 0.0627059936523438 -0.0579757690429688 -0.0918197631835938
-0.000507354736328132 0.0600700378417969 -0.0660858154296875 -0.0829849243164063
-0.00214385986328124 0.07073974609375 -0.06298828125 -0.0945816040039063
-0.0235099792480469 0.0610733032226563 -0.0233078002929687 -0.106040954589844
-0.0564002990722656 0.0364913940429688 0.0183868408203125 -0.0977783203125
-0.0618133544921875 -0.00071716308593749 0.0511589050292969 -0.0517768859863281
-0.0476150512695312 -0.0541725158691406 0.0439949035644531 0.000370025634765622
-0.0305938720703125 -0.0766525268554688 -0.00684356689453125 -0.0182685852050781
-0.0014801025390625 -0.0931396484375 0.0186576843261719 -0.0639533996582031
-0.040252685546875 -0.0263671875 0.062957763671875 -0.228347778320313
-0.0338344573974609 -0.00877571105957032 -0.0164794921875 -0.145050048828125
-0.0167903900146484 0.014216423034668 -0.0192832946777344 -0.040313720703125
-0.00329685211181641 0.00783872604370117 0.0190773010253906 -0.0429840087890625
-0.00128102302551269 -0.00109541416168213 0.0146942138671875 -0.0703125
-0.0106573104858398 0.005615234375 -0.0204315185546875 -0.0960159301757813
-0.0151586532592773 0.00998306274414062 -0.0595626831054688 -0.102828979492187
-0.0143575668334961 0.0120878219604492 -0.0694656372070313 -0.0940170288085937
-0.0201644897460937 0.0164718627929688 -0.060821533203125 -0.107215881347656
-0.0250205993652344 0.00559616088867187 -0.0192718505859375 -0.115242004394531
-0.0238533020019531 -0.0111560821533203 0.0256195068359375 -0.0938262939453125
-0.0055999755859375 -0.0197830200195313 0.053314208984375 -0.0464401245117188
0.00714111328125 -0.0151605606079102 0.0341968536376953 0.000801086425781249
-0.00139951705932617 -0.00538158416748047 -0.00910186767578125 -0.0337791442871094
-0.0105876922607422 -0.0176925659179688 0.0262985229492187 -0.0920944213867188
0.035980224609375 -0.0615921020507812 -0.010284423828125 0.0999069213867188
-0.0212554931640625 -0.0674400329589844 0.0114555358886719 0.0400886535644531
-0.0591239929199219 -0.0310401916503906 -0.0230522155761719 -0.00985145568847657
-0.0507926940917969 0.0229415893554688 -0.0578804016113281 0.0295448303222656
-0.0218963623046875 0.0482902526855469 -0.0418701171875 0.0710601806640625
0.0185508728027344 0.0502052307128906 0.0102157592773438 0.108291625976562
0.0382728576660156 0.0406074523925781 0.0594482421875 0.11114501953125
0.0306739807128906 0.0372085571289063 0.066009521484375 0.0932235717773437
0.0327987670898438 0.0426902770996094 0.0512619018554687 0.0957107543945313
0.00632476806640625 0.0536613464355469 0.0219345092773438 0.09381103515625
-0.0329742431640625 0.0411567687988281 -0.00109100341796875 0.0614089965820313
-0.0529289245605469 0.00211715698242187 -0.00168991088867188 0.0411949157714844
-0.0290870666503906 -0.0496101379394531 0.0298728942871094 0.0629043579101563
0.0108566284179687 -0.0643157958984375 0.0294342041015625 0.148696899414063
0.0378074645996094 -0.0414619445800781 -0.078643798828125 0.240615844726563
0.044464111328125 -0.134696960449219 -0.00653839111328124 0.0746383666992188
-0.035186767578125 -0.127944946289062 0.00642013549804688 0.0303363800048828
-0.0985183715820312 -0.0774612426757813 -0.0171527862548828 -0.011784553527832
-0.106246948242188 0.0170516967773438 -0.0474433898925781 0.0181770324707031
-0.0639419555664063 0.0748062133789062 -0.041534423828125 0.0476112365722656
0.00587463378906249 0.101898193359375 -0.00225067138671876 0.08819580078125
0.0470657348632813 0.0896530151367188 0.0414581298828125 0.0936737060546875
0.0387725830078125 0.083465576171875 0.0496368408203125 0.0760574340820313
0.04266357421875 0.0943527221679688 0.0365447998046875 0.0746078491210938
0.000328063964843753 0.102180480957031 0.0213699340820313 0.0698318481445313
-0.065765380859375 0.0797805786132812 0.00725936889648437 0.0358772277832031
-0.101943969726563 0.0157470703125 0.0145397186279297 0.0292205810546875
-0.0767822265625 -0.0863800048828125 0.0488624572753906 0.0607643127441406
-0.0196304321289063 -0.129692077636719 0.039825439453125 0.14276123046875
0.0403976440429687 -0.116790771484375 -0.058258056640625 0.225616455078125
0.0464019775390625 -0.189132690429688 0.00592994689941407 0.0297298431396484
-0.0462799072265625 -0.173599243164062 0.000864028930664061 0.00752115249633788
-0.127815246582031 -0.114494323730469 -0.0129737854003906 -0.0131292343139648
-0.150192260742188 0.00906372070312502 -0.0314674377441406 0.00734710693359375
-0.0990829467773438 0.0911636352539062 -0.0334796905517578 0.0189342498779297
-0.00956726074218749 0.138984680175781 -0.0125198364257813 0.0544395446777344
0.0480575561523438 0.125816345214844 0.0178260803222656 0.0611686706542969
0.0413742065429688 0.116714477539063 0.0256195068359375 0.047393798828125
0.0477447509765625 0.131614685058594 0.0144157409667969 0.0429115295410156
-0.00205230712890624 0.137580871582031 0.0157241821289063 0.0341014862060547
-0.0876388549804688 0.111549377441406 0.0126476287841797 0.00291156768798829
-0.139129638671875 0.0333786010742188 0.0299568176269531 0.0107784271240234
-0.12115478515625 -0.107536315917969 0.0651359558105469 0.0514259338378906
-0.0538482666015625 -0.17547607421875 0.0433578491210938 0.122138977050781
0.0326385498046875 -0.174362182617188 -0.0371551513671875 0.185089111328125
0.038360595703125 -0.215774536132812 0.0241260528564453 -0.0297698974609375
-0.0561370849609375 -0.19439697265625 -0.00339698791503906 -0.0257301330566406
-0.145431518554688 -0.130645751953125 -0.0102825164794922 -0.0162382125854492
-0.173370361328125 0.00447082519531247 -0.0126476287841797 -0.00482368469238282
-0.118492126464844 0.09674072265625 -0.0190773010253906 -0.0121746063232422
-0.0218658447265625 0.156036376953125 -0.0186347961425781 0.0118522644042969
0.0434417724609375 0.142715454101563 -0.00738143920898437 0.0194301605224609
0.037994384765625 0.132011413574219 -0.00278949737548828 0.0117626190185547
0.0465240478515625 0.149505615234375 -0.0117063522338867 0.00485515594482423
-0.00350952148437499 0.1531982421875 0.00419473648071289 -0.00780487060546874
-0.0975418090820313 0.12774658203125 0.0140380859375 -0.0335540771484375
-0.155532836914063 0.0472869873046875 0.041015625 -0.0124053955078125
-0.147750854492188 -0.112075805664062 0.0714187622070313 0.0360565185546875
-0.0804443359375 -0.194473266601563 0.0368118286132812 0.08770751953125
0.0208282470703125 -0.20489501953125 -0.0186614990234375 0.124000549316406
0.021575927734375 -0.209030151367188 0.0414581298828125 -0.0950241088867188
-0.0620269775390625 -0.184097290039063 -0.00760650634765625 -0.064453125
-0.141876220703125 -0.121063232421875 -0.00862693786621095 -0.0214061737060547
-0.166961669921875 0.00395202636718746 0.00682830810546874 -0.0187339782714844
-0.114990234375 0.0887680053710938 -0.00311660766601563 -0.0424880981445313
-0.0273895263671875 0.148574829101563 -0.0222148895263672 -0.0327796936035156
0.0324859619140625 0.13677978515625 -0.0312156677246094 -0.0256614685058594
0.0292739868164063 0.126678466796875 -0.0308856964111328 -0.0254135131835937
0.036895751953125 0.14410400390625 -0.03692626953125 -0.0344619750976563
-0.00828552246093751 0.14459228515625 -0.0100326538085938 -0.0499763488769531
-0.094512939453125 0.119560241699219 0.0125465393066406 -0.0670661926269531
-0.146881103515625 0.0456085205078125 0.0468864440917969 -0.0344734191894531
-0.142959594726563 -0.103775024414063 0.0667572021484375 0.01904296875
-0.0837554931640625 -0.18231201171875 0.0197639465332031 0.0473289489746094
0.0115203857421875 -0.199951171875 -0.00503921508789062 0.0526847839355469
0.000106811523437488 -0.171966552734375 0.0568695068359375 -0.156570434570313
-0.06109619140625 -0.143600463867188 -0.0107040405273438 -0.100852966308594
-0.113914489746094 -0.0871047973632812 -0.00861358642578126 -0.0287876129150391
-0.129409790039063 0.00458526611328125 0.021148681640625 -0.0325927734375
-0.0895614624023438 0.065948486328125 0.00999069213867187 -0.066070556640625
-0.0266952514648438 0.115829467773438 -0.0227699279785156 -0.0701751708984375
0.0177078247070312 0.109306335449219 -0.0486869812011719 -0.0661239624023437
0.0164337158203125 0.103256225585938 -0.0529670715332031 -0.0596923828125
0.019500732421875 0.118301391601563 -0.0558586120605469 -0.0695724487304687
-0.0164337158203125 0.112632751464844 -0.0203857421875 -0.085296630859375
-0.081787109375 0.0863494873046875 0.0131988525390625 -0.091064453125
-0.114242553710938 0.0261993408203125 0.0501136779785156 -0.0482902526855469
-0.1055908203125 -0.0853652954101562 0.0564689636230469 0.00692367553710937
-0.0634613037109375 -0.14190673828125 0.00250053405761718 0.00931072235107421
0.00596618652343752 -0.16217041015625 0.00659084320068359 -0.0154953002929688
-0.0207672119140625 -0.108268737792969 0.0652923583984375 -0.205245971679688
-0.0505905151367188 -0.0808334350585938 -0.0129623413085938 -0.130622863769531
-0.0686759948730469 -0.0387725830078125 -0.0113677978515625 -0.0359039306640625
-0.069549560546875 0.00668334960937499 0.0257225036621094 -0.0416603088378906
-0.0482406616210938 0.0342330932617187 0.0167999267578125 -0.0761184692382813
-0.0207061767578125 0.0656013488769531 -0.0219879150390625 -0.093994140625
0.000846862792968747 0.0648765563964844 -0.05926513671875 -0.0943527221679688
0.000339508056640627 0.0629692077636719 -0.0669021606445312 -0.0846633911132813
-0.00115203857421876 0.0747833251953125 -0.0644302368164063 -0.0964889526367188
-0.0238456726074219 0.0646209716796875 -0.0236358642578125 -0.10845947265625
-0.058624267578125 0.0389862060546875 0.0179901123046875 -0.100013732910156
-0.0651664733886719 0.000228881835937508 0.0525703430175781 -0.052154541015625
-0.0496635437011719 -0.0566215515136719 0.0450439453125 0.00108718872070312
-0.0309906005859375 -0.080047607421875 -0.00840377807617188 -0.0199623107910156
0.00138854980468751 -0.0980148315429688 0.0183677673339844 -0.0674057006835938
-0.0396347045898438 -0.0283737182617187 0.0639801025390625 -0.234878540039063
-0.033203125 -0.0105018615722656 -0.0176544189453125 -0.150054931640625
-0.01763916015625 0.0134162902832031 -0.0209236145019531 -0.0413894653320313
-0.00453996658325195 0.00779151916503906 0.019683837890625 -0.0440216064453125
-0.0028376579284668 -0.00127744674682617 0.0155029296875 -0.0715560913085937
-0.0111074447631836 0.00722217559814453 -0.0206527709960938 -0.0991363525390625
-0.0150794982910156 0.0112667083740234 -0.0610580444335938 -0.105697631835938
-0.0144128799438477 0.0139932632446289 -0.0705337524414062 -0.0972900390625
-0.0199909210205078 0.0193386077880859 -0.0625381469726563 -0.110336303710938
-0.0252132415771484 0.00752449035644532 -0.0203323364257813 -0.1182861328125
-0.0252399444580078 -0.00980758666992188 0.0263748168945313 -0.0963363647460938
-0.00778579711914062 -0.0201416015625 0.0546722412109375 -0.0471763610839844
0.00617027282714844 -0.0159149169921875 0.0347461700439453 0.00110244750976562
-0.00150537490844727 -0.00709152221679688 -0.010711669921875 -0.0356025695800781
-0.00882911682128906 -0.020965576171875 0.0266494750976563 -0.097503662109375
0.0361480712890625 -0.0638656616210937 -0.0094146728515625 0.108207702636719
-0.0231552124023437 -0.0673599243164063 0.0138053894042969 0.0444068908691406
-0.0610008239746094 -0.0308761596679687 -0.0237674713134766 -0.00996780395507813
-0.0515899658203125 0.0240478515625 -0.0601921081542969 0.0317153930664063
-0.0215187072753906 0.0494308471679688 -0.0431594848632813 0.0749053955078125
0.0206222534179688 0.0511550903320312 0.0123367309570313 0.113349914550781
0.0407981872558594 0.0409584045410156 0.0647659301757812 0.11480712890625
0.0327301025390625 0.0371360778808594 0.0707626342773438 0.0965042114257813
0.0354080200195312 0.0425033569335937 0.0552215576171875 0.100021362304688
0.008331298828125 0.0542106628417969 0.023895263671875 0.0977401733398438
-0.0324897766113281 0.0438880920410156 -0.000682830810546874 0.0643081665039063
-0.0545158386230469 0.00350189208984376 -0.000785827636718752 0.0434646606445312
-0.0320205688476562 -0.0504341125488281 0.0314903259277344 0.065338134765625
0.00870132446289063 -0.0664520263671875 0.032684326171875 0.1563720703125
0.0372123718261719 -0.0433845520019531 -0.078460693359375 0.253936767578125
0.0444488525390625 -0.141265869140625 -0.00590515136718751 0.0826492309570313
-0.0386734008789062 -0.130989074707031 0.00747108459472656 0.0347919464111328
-0.103057861328125 -0.0790252685546875 -0.0171699523925781 -0.0111579895019531
-0.109649658203125 0.0194168090820312 -0.049468994140625 0.0200920104980469
-0.065032958984375 0.0784378051757813 -0.0435333251953125 0.0506744384765625
0.00872039794921875 0.105201721191406 -0.000877380371093756 0.092315673828125
0.0514450073242188 0.0923385620117188 0.0453033447265625 0.0978164672851563
0.0423736572265625 0.0858001708984375 0.0536346435546875 0.0786056518554687
0.047332763671875 0.0972442626953125 0.0401382446289063 0.0786895751953125
0.00394439697265625 0.105827331542969 0.023223876953125 0.0720367431640625
-0.0661468505859375 0.0854644775390625 0.00697708129882812 0.0378189086914063
-0.105972290039063 0.018890380859375 0.0160007476806641 0.0307102203369141
-0.0826797485351563 -0.089080810546875 0.0517311096191406 0.0628128051757813
-0.0241470336914062 -0.134544372558594 0.0425872802734375 0.150558471679688
0.0393142700195312 -0.123085021972656 -0.0586395263671875 0.237457275390625
0.0460052490234375 -0.198104858398438 0.0061798095703125 0.034799575805664
-0.05035400390625 -0.179244995117187 0.001251220703125 0.0112762451171875
-0.135589599609375 -0.117568969726562 -0.0131158828735352 -0.0125827789306641
-0.156158447265625 0.01220703125 -0.0330772399902344 0.00876235961914062
-0.101272583007812 0.0963363647460937 -0.0349178314208984 0.0205440521240234
-0.00596618652343751 0.144866943359375 -0.0119171142578125 0.0586814880371094
0.0537185668945312 0.130538940429688 0.0202827453613281 0.065155029296875
0.0462875366210937 0.120323181152344 0.0286407470703125 0.0489921569824219
0.053558349609375 0.136756896972656 0.0169906616210938 0.0462303161621094
0.00169372558593749 0.143234252929688 0.0164833068847656 0.0356712341308594
-0.0882568359375 0.119758605957031 0.0123023986816406 0.00394630432128907
-0.144073486328125 0.0384979248046875 0.0315265655517578 0.0119476318359375
-0.129295349121094 -0.110511779785156 0.0677833557128906 0.0530357360839844
-0.0608062744140625 -0.1824951171875 0.04620361328125 0.128250122070313
0.0316009521484375 -0.184326171875 -0.0370941162109375 0.193679809570312
0.03759765625 -0.225875854492188 0.0239315032958984 -0.0274200439453125
-0.06048583984375 -0.201797485351563 -0.00422477722167969 -0.0240478515625
-0.154022216796875 -0.135238647460938 -0.0108213424682617 -0.0157909393310547
-0.181121826171875 0.00813293457031247 -0.0133190155029297 -0.00407791137695313
-0.121955871582031 0.103477478027344 -0.0207881927490234 -0.0120182037353516
-0.0183258056640625 0.16375732421875 -0.0190086364746094 0.0141983032226563
0.0495147705078125 0.148330688476563 -0.00632667541503906 0.0216999053955078
0.0432205200195313 0.13720703125 -0.00162410736083984 0.0124025344848633
0.0530853271484375 0.155487060546875 -0.0114364624023437 0.00671768188476564
0.000183105468749996 0.16015625 0.00431537628173828 -0.00794172286987303
-0.0985107421875 0.137336730957031 0.01300048828125 -0.0342597961425781
-0.161895751953125 0.053436279296875 0.0429191589355469 -0.0125465393066406
-0.157608032226562 -0.115646362304688 0.0743560791015625 0.0364303588867187
-0.087799072265625 -0.202346801757813 0.0378494262695313 0.0919647216796875
0.0199432373046875 -0.216232299804688 -0.0188522338867188 0.129280090332031
0.0211181640625 -0.220062255859375 0.0415878295898438 -0.0975341796875
-0.06744384765625 -0.191787719726563 -0.00972366333007813 -0.0642433166503906
-0.150497436523437 -0.125885009765625 -0.00930213928222657 -0.0216598510742188
-0.175643920898438 0.00744628906249997 0.00667572021484374 -0.0189628601074219
-0.11932373046875 0.095245361328125 -0.00430679321289063 -0.0441207885742187
-0.024566650390625 0.156646728515625 -0.0233192443847656 -0.03216552734375
0.037322998046875 0.1435546875 -0.0316829681396484 -0.0250568389892578
0.03387451171875 0.132598876953125 -0.0309047698974609 -0.0266265869140625
0.04290771484375 0.15191650390625 -0.0386123657226563 -0.0337715148925781
-0.005035400390625 0.151687622070313 -0.0107498168945312 -0.0518035888671875
-0.0962600708007813 0.12872314453125 0.0107040405273437 -0.0695991516113281
-0.153060913085938 0.0509185791015625 0.0484199523925781 -0.0351066589355469
-0.152542114257812 -0.107284545898438 0.0695228576660156 0.0193099975585937
-0.091064453125 -0.189559936523438 0.0196952819824219 0.0499496459960937
0.0105133056640625 -0.211441040039063 -0.00594711303710937 0.0539131164550781
-4.57763671874832E-05 -0.180633544921875 0.055999755859375 -0.162994384765625
-0.065185546875 -0.150726318359375 -0.0139694213867188 -0.1038818359375
-0.120620727539063 -0.0914154052734375 -0.009857177734375 -0.0294265747070313
-0.136680603027344 0.00835418701171878 0.0210723876953125 -0.0337104797363281
-0.0931243896484375 0.07177734375 0.00937652587890625 -0.06866455078125
-0.024993896484375 0.122955322265625 -0.0240478515625 -0.0721435546875
0.0217361450195313 0.115127563476563 -0.05169677734375 -0.0679244995117188
0.0195693969726563 0.108413696289063 -0.0551338195800781 -0.0616722106933594
0.024169921875 0.125160217285156 -0.05908203125 -0.070770263671875
-0.0144119262695313 0.119483947753906 -0.0223312377929688 -0.0879135131835937
-0.0840911865234375 0.0938720703125 0.0111083984375 -0.09417724609375
-0.119911193847656 0.0307540893554688 0.0516395568847656 -0.0506095886230469
-0.113174438476562 -0.0886154174804688 0.0588417053222656 0.00640106201171874
-0.0688934326171875 -0.148147583007813 0.00161075592041015 0.00959300994873046
0.00619506835937498 -0.172012329101563 0.00544357299804688 -0.0172538757324219
-0.021484375 -0.114471435546875 0.064544677734375 -0.21478271484375
-0.0534439086914062 -0.086090087890625 -0.016204833984375 -0.136253356933594
-0.072235107421875 -0.0414962768554687 -0.0134468078613281 -0.0375251770019531
-0.0743255615234375 0.00831604003906249 0.0261726379394531 -0.0433883666992188
-0.0504684448242188 0.0369377136230469 0.0163650512695312 -0.0791473388671875
-0.0199661254882813 0.0706558227539063 -0.023834228515625 -0.0967178344726563
0.003021240234375 0.0696258544921875 -0.0629348754882813 -0.0980224609375
0.00250625610351563 0.0673828125 -0.0704193115234375 -0.0876617431640625
0.00142669677734375 0.0797500610351563 -0.0688629150390625 -0.098907470703125
-0.0234527587890625 0.0687484741210938 -0.0261611938476562 -0.112625122070312
-0.0607261657714844 0.0436973571777344 0.0164794921875 -0.104255676269531
-0.0695381164550781 0.00218582153320312 0.0540122985839844 -0.0545158386230469
-0.0542373657226563 -0.0594520568847656 0.0475425720214844 0.000793457031249996
-0.0334701538085938 -0.0850830078125 -0.0102939605712891 -0.0208835601806641
0.00159454345703124 -0.105278015136719 0.0167770385742188 -0.0731735229492188
-0.0400962829589844 -0.0304679870605469 0.06268310546875 -0.246780395507813
-0.0346221923828125 -0.0123157501220703 -0.0211944580078125 -0.157333374023438
-0.0174989700317383 0.0123796463012695 -0.0230903625488281 -0.0434074401855469
-0.00573539733886719 0.00838327407836914 0.0187873840332031 -0.0454559326171875
-0.00365447998046875 -3.3855438232422E-05 0.0158615112304688 -0.0753173828125
-0.0120706558227539 0.00905132293701172 -0.0222702026367187 -0.103202819824219
-0.0155487060546875 0.0129795074462891 -0.0660476684570313 -0.110458374023438
-0.0144901275634766 0.0162820816040039 -0.0750198364257813 -0.1011962890625
-0.0198764801025391 0.0221614837646484 -0.0674972534179687 -0.114311218261719
-0.0259227752685547 0.00994110107421875 -0.022796630859375 -0.122161865234375
-0.0274333953857422 -0.00859642028808593 0.024688720703125 -0.100151062011719
-0.00998115539550781 -0.0199699401855469 0.0563125610351563 -0.0501747131347656
0.00471687316894531 -0.0178718566894531 0.0366020202636719 0.000766754150390624
-0.0010528564453125 -0.00925445556640625 -0.0129814147949219 -0.0382728576660156
-0.00775909423828125 -0.0240268707275391 0.0252227783203125 -0.105178833007813
0.0349197387695313 -0.066650390625 -0.004730224609375 0.116127014160156
-0.0264511108398438 -0.0666885375976562 0.0164604187011719 0.0483131408691406
-0.06365966796875 -0.0286369323730469 -0.0245304107666016 -0.0101718902587891
-0.0517807006835938 0.0262489318847656 -0.0609931945800781 0.0351600646972656
-0.0197486877441406 0.051788330078125 -0.0422286987304688 0.079071044921875
0.0238685607910156 0.0508689880371094 0.01702880859375 0.117286682128906
0.04449462890625 0.0400924682617188 0.0718231201171875 0.117164611816406
0.03509521484375 0.0362358093261719 0.0775985717773438 0.0974655151367188
0.0383987426757813 0.041046142578125 0.062042236328125 0.102447509765625
0.0114326477050781 0.0546989440917969 0.028594970703125 0.100784301757812
-0.0307273864746094 0.0468788146972656 0.00131607055664062 0.0668067932128906
-0.0561485290527344 0.00641632080078125 0.000717163085937499 0.0452690124511719
-0.0355033874511719 -0.0510215759277344 0.0348930358886719 0.0663833618164063
0.00489044189453125 -0.0682868957519531 0.0406036376953125 0.162155151367188
0.035430908203125 -0.0458908081054688 -0.0714111328125 0.267166137695313
0.0406341552734375 -0.1475830078125 -0.00308227539062501 0.0896224975585937
-0.0448837280273438 -0.132354736328125 0.00993728637695313 0.0389938354492187
-0.109855651855469 -0.077056884765625 -0.0177860260009766 -0.0110969543457031
-0.111785888671875 0.0240097045898438 -0.0506935119628906 0.0228462219238281
-0.0639114379882813 0.0835342407226562 -0.0435600280761719 0.0543708801269531
0.0142135620117188 0.107688903808594 0.00270843505859376 0.0971221923828125
0.0578994750976563 0.093109130859375 0.0517120361328125 0.100143432617188
0.048065185546875 0.0859756469726563 0.0595169067382812 0.0794677734375
0.053436279296875 0.097625732421875 0.0454559326171875 0.0810928344726562
0.009063720703125 0.108673095703125 0.0269622802734375 0.0741958618164063
-0.0638275146484375 0.0922775268554688 0.00799560546875 0.0393295288085938
-0.109352111816406 0.0242767333984375 0.0180587768554687 0.0318183898925781
-0.090576171875 -0.0893402099609375 0.0555305480957031 0.0630149841308594
-0.0323486328125 -0.138175964355469 0.050048828125 0.15545654296875
0.0356369018554687 -0.129600524902344 -0.051666259765625 0.2490234375
0.0406646728515625 -0.207138061523437 0.00719070434570312 0.0400543212890625
-0.0584259033203125 -0.182052612304687 0.0023202896118164 0.0146369934082031
-0.144973754882813 -0.116867065429688 -0.0139122009277344 -0.012476921081543
-0.160232543945313 0.0191650390625 -0.0342292785644531 0.0105724334716797
-0.100982666015625 0.104629516601563 -0.0361747741699219 0.0231552124023438
0.00146484374999999 0.150283813476563 -0.0100822448730469 0.0618896484375
0.0630340576171875 0.132858276367188 0.0244789123535156 0.0672988891601563
0.0535125732421875 0.122512817382813 0.0324859619140625 0.04998779296875
0.0626678466796875 0.138832092285156 0.0197868347167969 0.0488967895507813
0.0089874267578125 0.14801025390625 0.0184593200683594 0.0364227294921875
-0.085723876953125 0.129020690917969 0.0119009017944336 0.00419044494628907
-0.148422241210938 0.0468902587890625 0.033599853515625 0.0112075805664063
-0.140022277832031 -0.110435485839844 0.0715789794921875 0.0518646240234375
-0.0714569091796875 -0.186874389648438 0.0519485473632813 0.132095336914063
0.025909423828125 -0.194305419921875 -0.03125 0.20245361328125
0.031890869140625 -0.236083984375 0.0227279663085938 -0.0257320404052734
-0.0703887939453125 -0.206436157226562 -0.0054168701171875 -0.0216751098632813
-0.165328979492188 -0.13519287109375 -0.0116767883300781 -0.0154800415039063
-0.187210083007813 0.0164031982421875 -0.0145587921142578 -0.00302314758300781
-0.121986389160156 0.112716674804688 -0.0226535797119141 -0.0111064910888672
-0.010101318359375 0.170196533203125 -0.0189666748046875 0.0171737670898438
0.0589447021484375 0.151885986328125 -0.00446128845214844 0.0237102508544922
0.0516891479492188 0.140388488769531 0.000414848327636723 0.0128335952758789
0.0635223388671875 0.1595458984375 -0.0104713439941406 0.00917625427246095
0.00785827636718749 0.165542602539063 0.00401687622070313 -0.00846481323242186
-0.095367431640625 0.147842407226563 0.0108871459960937 -0.0350437164306641
-0.16583251953125 0.062042236328125 0.0441131591796875 -0.0139503479003906
-0.169342041015625 -0.114547729492188 0.077484130859375 0.0348968505859375
-0.10009765625 -0.207015991210937 0.0419769287109375 0.0946807861328125
0.01324462890625 -0.2269287109375 -0.015380859375 0.134506225585937
0.0159149169921875 -0.22998046875 0.0383377075195312 -0.0988540649414063
-0.0766448974609375 -0.197067260742188 -0.0131950378417969 -0.064178466796875
-0.16192626953125 -0.126144409179688 -0.0111179351806641 -0.0212516784667969
-0.181610107421875 0.01605224609375 0.00536537170410155 -0.0190677642822266
-0.119392395019531 0.104637145996094 -0.00725173950195313 -0.0450515747070312
-0.017486572265625 0.163543701171875 -0.0247287750244141 -0.0312213897705078
0.0467529296875 0.146942138671875 -0.0331306457519531 -0.0241413116455078
0.0419235229492188 0.136711120605469 -0.0322151184082031 -0.0261650085449219
0.0532989501953125 0.156448364257813 -0.0403861999511719 -0.0317573547363281
0.0020294189453125 0.158035278320313 -0.0135154724121094 -0.0527267456054687
-0.09405517578125 0.139381408691406 0.00727081298828124 -0.0715103149414063
-0.157363891601563 0.060516357421875 0.0492210388183594 -0.0380783081054687
-0.163726806640625 -0.105804443359375 0.072601318359375 0.0170822143554687
-0.102691650390625 -0.193817138671875 0.0213699340820312 0.0517654418945312
0.00494384765624999 -0.222198486328125 -0.0052490234375 0.0554542541503906
-0.00465393066406251 -0.1895751953125 0.0511627197265625 -0.168716430664063
-0.07269287109375 -0.155288696289063 -0.0186004638671875 -0.105743408203125
-0.130439758300781 -0.0926437377929687 -0.0118770599365234 -0.02935791015625
-0.141799926757812 0.0143585205078125 0.0204544067382812 -0.0348033905029297
-0.0943374633789063 0.0793991088867188 0.0059661865234375 -0.0708160400390625
-0.0193405151367187 0.12939453125 -0.0279312133789063 -0.072601318359375
0.0284042358398438 0.119003295898438 -0.0558929443359375 -0.0676345825195312
0.0258026123046875 0.112327575683594 -0.0588912963867188 -0.0617485046386719
0.0326766967773438 0.130027770996094 -0.0637092590332031 -0.0702781677246093
-0.00870513916015626 0.124977111816406 -0.0267257690429687 -0.090423583984375
-0.0830459594726563 0.102874755859375 0.00690460205078125 -0.096893310546875
-0.124000549316406 0.0369949340820313 0.0517044067382812 -0.0536384582519531
-0.122261047363281 -0.0884552001953125 0.0607643127441406 0.00437545776367187
-0.0776214599609375 -0.152130126953125 0.000577926635742183 0.00994586944580077
0.0015106201171875 -0.181488037109375 0.00365257263183594 -0.0197658538818359
-0.024627685546875 -0.119171142578125 0.0580596923828125 -0.224334716796875
-0.058197021484375 -0.0886993408203125 -0.0236968994140625 -0.140701293945312
-0.0775833129882812 -0.0425338745117187 -0.015625 -0.0371437072753906
-0.07781982421875 0.0121383666992188 0.0248451232910156 -0.0454330444335938
-0.0523834228515625 0.041778564453125 0.0136184692382812 -0.0824508666992187
-0.0166397094726563 0.0753936767578125 -0.028411865234375 -0.0992507934570313
0.00687408447265625 0.0728225708007813 -0.0694808959960937 -0.0987701416015625
0.00593566894531251 0.0707931518554688 -0.0764923095703125 -0.0883102416992187
0.00672149658203125 0.0845794677734375 -0.0753707885742188 -0.0991363525390625
-0.0203628540039063 0.0738525390625 -0.0314865112304688 -0.115325927734375
-0.0617332458496094 0.0497169494628906 0.0119705200195313 -0.108001708984375
-0.0728530883789062 0.00566101074218749 0.0542869567871094 -0.05865478515625
-0.0591773986816406 -0.0604362487792969 0.0487136840820312 -0.00127410888671875
-0.0381011962890625 -0.088226318359375 -0.0130519866943359 -0.0222434997558594
-0.000762939453125005 -0.112373352050781 0.01312255859375 -0.0784378051757813
-0.0402603149414062 -0.0314369201660156 0.0557861328125 -0.25897216796875
-0.0351982116699219 -0.0131988525390625 -0.029571533203125 -0.1630859375
-0.0172061920166016 0.0117149353027344 -0.0261917114257813 -0.04315185546875
-0.00649642944335937 0.00909709930419922 0.0174026489257813 -0.0475730895996094
-0.0045475959777832 0.000644207000732422 0.0136871337890625 -0.078125
-0.0117769241333008 0.011204719543457 -0.0265884399414063 -0.106498718261719
-0.0153284072875977 0.014775276184082 -0.07330322265625 -0.112419128417969
-0.0136871337890625 0.0185966491699219 -0.0815353393554688 -0.10162353515625
-0.0187320709228516 0.0254936218261719 -0.074951171875 -0.116035461425781
-0.0263385772705078 0.0124492645263672 -0.028472900390625 -0.125648498535156
-0.0298213958740234 -0.00613212585449218 0.0213699340820313 -0.104423522949219
-0.0127391815185547 -0.0195808410644531 0.0559921264648438 -0.0538482666015625
0.00426292419433594 -0.0192546844482422 0.0382804870605469 -0.000942230224609376
-0.00148868560791016 -0.0106410980224609 -0.0162010192871094 -0.0409278869628906
-0.00729560852050782 -0.0269737243652344 0.0204238891601562 -0.112449645996094
0.0319671630859375 -0.0692901611328125 0.00073242187500001 0.121223449707031
-0.0292167663574219 -0.0640296936035156 0.0203018188476562 0.0511131286621094
-0.0653648376464844 -0.0254135131835938 -0.0252437591552734 -0.00910186767578125
-0.05029296875 0.0285301208496094 -0.0605545043945312 0.038421630859375
-0.0177154541015625 0.0528450012207031 -0.0394744873046875 0.0828094482421875
0.0269737243652344 0.0492935180664063 0.0225830078125 0.119216918945313
0.0473098754882812 0.0370101928710938 0.0790863037109375 0.116302490234375
0.0368156433105469 0.03375244140625 0.0834121704101563 0.0952911376953125
0.0405616760253906 0.0382614135742188 0.0681991577148438 0.101676940917969
0.014923095703125 0.0536537170410156 0.0341339111328125 0.101119995117187
-0.027679443359375 0.0489273071289063 0.00406265258789062 0.0673675537109375
-0.0564689636230469 0.00967788696289063 0.00302505493164062 0.04638671875
-0.0391044616699219 -0.0499420166015625 0.038116455078125 0.0660438537597656
0.000205993652343752 -0.0685615539550781 0.0491180419921875 0.16400146484375
0.0331802368164063 -0.0473747253417969 -0.0606231689453125 0.274581909179688
0.034515380859375 -0.15142822265625 0.00112915039062501 0.0952224731445312
-0.0506439208984375 -0.12921142578125 0.0126113891601562 0.0422439575195313
-0.114601135253906 -0.0735626220703125 -0.0186443328857422 -0.0109004974365234
-0.111747741699219 0.029571533203125 -0.0504264831542969 0.0257492065429688
-0.0603561401367188 0.0870742797851563 -0.0418815612792969 0.0574874877929688
0.0204544067382813 0.107879638671875 0.00745391845703124 0.09918212890625
0.064453125 0.090972900390625 0.0580978393554688 0.0997314453125
0.0525054931640625 0.0843429565429687 0.0643997192382813 0.077667236328125
0.0602188110351563 0.0952377319335938 0.0507125854492188 0.081146240234375
0.01556396484375 0.10888671875 0.0305557250976562 0.0740737915039062
-0.05853271484375 0.0972213745117187 0.00922393798828125 0.0404205322265625
-0.109390258789063 0.0306015014648437 0.0195350646972656 0.0317134857177734
-0.097259521484375 -0.0867767333984375 0.0584716796875 0.0617828369140625
-0.04071044921875 -0.138694763183594 0.0576934814453125 0.156478881835938
0.0295028686523437 -0.133705139160156 -0.0410919189453125 0.25506591796875
0.0326080322265625 -0.212509155273438 0.00914382934570313 0.0446395874023437
-0.0669097900390625 -0.180679321289063 0.00399017333984375 0.0181217193603516
-0.152603149414062 -0.112686157226563 -0.0145025253295898 -0.0121583938598633
-0.161422729492188 0.026580810546875 -0.0346164703369141 0.0126304626464844
-0.096893310546875 0.110572814941406 -0.0365333557128906 0.0258293151855469
0.010101318359375 0.151443481445313 -0.00664138793945313 0.0648651123046875
0.0712432861328125 0.131088256835938 0.0293998718261719 0.0680084228515625
0.0608596801757812 0.121391296386719 0.035675048828125 0.0489234924316406
0.0720672607421875 0.137153625488281 0.0235481262207031 0.0499916076660156
0.017364501953125 0.149307250976562 0.020599365234375 0.0357818603515625
-0.0789718627929687 0.135963439941406 0.0113954544067383 0.00469303131103516
-0.148696899414063 0.05462646484375 0.0347766876220703 0.00993156433105469
-0.148895263671875 -0.10638427734375 0.0739517211914063 0.0493316650390625
-0.0821533203125 -0.186492919921875 0.0582656860351563 0.132965087890625
0.017608642578125 -0.199508666992188 -0.023223876953125 0.206954956054688
0.02337646484375 -0.24267578125 0.0214385986328125 -0.0230140686035156
-0.07940673828125 -0.205841064453125 -0.00622940063476563 -0.0183792114257813
-0.174880981445313 -0.130706787109375 -0.0127706527709961 -0.0150814056396484
-0.188873291015625 0.025726318359375 -0.0152969360351563 -0.00178909301757812
-0.118804931640625 0.120216369628906 -0.0248050689697266 -0.00953292846679687
-0.000534057617187501 0.173431396484375 -0.0178661346435547 0.0195941925048828
0.0684051513671875 0.15142822265625 -0.00242042541503906 0.0250873565673828
0.0600738525390625 0.139976501464844 0.00188064575195313 0.0128669738769531
0.07452392578125 0.15863037109375 -0.00892353057861328 0.0113449096679688
0.0168914794921875 0.167648315429688 0.00352287292480469 -0.00874853134155272
-0.0887298583984375 0.156112670898438 0.00880050659179687 -0.0352706909179687
-0.165740966796875 0.0713043212890625 0.0446891784667969 -0.0160980224609375
-0.179031372070313 -0.109756469726562 0.0792160034179687 0.0319595336914062
-0.112167358398437 -0.205886840820313 0.0456085205078125 0.0952835083007812
0.00382995605468749 -0.232925415039063 -0.0103607177734375 0.137046813964844
0.00779724121093752 -0.236297607421875 0.0345230102539063 -0.100051879882813
-0.0854949951171875 -0.196990966796875 -0.0164413452148438 -0.0625038146972656
-0.171279907226563 -0.122772216796875 -0.0128459930419922 -0.0209636688232422
-0.18475341796875 0.02496337890625 0.0045642852783203 -0.0181694030761719
-0.117401123046875 0.112098693847656 -0.010101318359375 -0.0446128845214844
-0.00856018066406249 0.167312622070313 -0.0258922576904297 -0.0293922424316406
0.0557403564453125 0.147567749023438 -0.0337371826171875 -0.0223770141601562
0.0501174926757813 0.137336730957031 -0.0329189300537109 -0.0252552032470703
0.064117431640625 0.156494140625 -0.0417404174804687 -0.0293502807617187
0.0109710693359375 0.1600341796875 -0.0161895751953125 -0.0527458190917969
-0.0874481201171875 0.147415161132813 0.00347137451171875 -0.0717544555664063
-0.157211303710938 0.069122314453125 0.048309326171875 -0.0409202575683594
-0.172515869140625 -0.101547241210937 0.0733566284179687 0.0141525268554687
-0.1136474609375 -0.193008422851562 0.0226211547851562 0.0522117614746094
-0.00382995605468752 -0.229034423828125 -0.0039520263671875 0.0560760498046875
-0.0111236572265625 -0.194229125976562 0.044036865234375 -0.171722412109375
-0.08056640625 -0.15576171875 -0.0246047973632812 -0.10552978515625
-0.13775634765625 -0.090576171875 -0.0138511657714844 -0.0290565490722656
-0.144210815429688 0.021759033203125 0.0181808471679687 -0.0355987548828125
-0.0924072265625 0.0857162475585938 0.00240325927734374 -0.0720062255859375
-0.0120086669921875 0.133148193359375 -0.0308990478515625 -0.071502685546875
0.0357208251953125 0.120674133300781 -0.0591773986816406 -0.0655555725097656
0.032440185546875 0.113471984863281 -0.0620231628417969 -0.060333251953125
0.0415496826171875 0.130943298339844 -0.0673789978027344 -0.0670242309570312
-0.00151062011718749 0.128463745117188 -0.0319747924804688 -0.0900497436523437
-0.0785598754882812 0.110092163085938 0.00165557861328124 -0.0980453491210938
-0.125083923339844 0.0441665649414062 0.0501213073730469 -0.0567092895507812
-0.129219055175781 -0.0858078002929688 0.0614433288574219 0.0012969970703125
-0.0857696533203125 -0.15228271484375 -0.000777244567871099 0.0102043151855469
-0.00498962402343748 -0.187591552734375 0.00162124633789063 -0.0206756591796875
-0.028594970703125 -0.122146606445313 0.0482635498046875 -0.229644775390625
-0.0620498657226563 -0.089630126953125 -0.03082275390625 -0.141387939453125
-0.0813217163085938 -0.0421142578125 -0.0182571411132813 -0.0369796752929687
-0.0792388916015625 0.0162506103515625 0.0227394104003906 -0.0467414855957031
-0.0518112182617187 0.0456123352050781 0.00965118408203124 -0.0837936401367188
-0.0129165649414062 0.078369140625 -0.0325851440429688 -0.0992584228515625
0.0106430053710937 0.074676513671875 -0.0753707885742188 -0.0971603393554688
0.00980377197265626 0.0727920532226562 -0.080841064453125 -0.0868988037109375
0.0129776000976563 0.0864486694335937 -0.0811614990234375 -0.0965499877929688
-0.0163650512695313 0.0768051147460938 -0.0378494262695313 -0.115447998046875
-0.0601119995117188 0.0549125671386719 0.00658416748046875 -0.109298706054688
-0.0748443603515625 0.01019287109375 0.0520362854003906 -0.0616302490234375
-0.0639915466308594 -0.0595436096191406 0.0491600036621094 -0.00347518920898438
-0.0424957275390625 -0.0892257690429688 -0.0154380798339844 -0.0222091674804688
-0.00443267822265625 -0.116950988769531 0.00839996337890625 -0.0816497802734375
-0.040740966796875 -0.0310554504394531 0.04437255859375 -0.26544189453125
-0.03594970703125 -0.01373291015625 -0.0383453369140625 -0.164810180664063
-0.0171909332275391 0.0107355117797852 -0.0291099548339844 -0.04229736328125
-0.00716781616210938 0.00873088836669922 0.0155372619628906 -0.0488395690917969
-0.00530195236206055 0.00107574462890625 0.0106887817382812 -0.0799942016601563
-0.0111942291259766 0.0128364562988281 -0.0318832397460938 -0.107597351074219
-0.0151224136352539 0.0169887542724609 -0.0806961059570312 -0.111419677734375
-0.0130233764648438 0.0202903747558594 -0.0878753662109375 -0.100303649902344
-0.016693115234375 0.0282936096191406 -0.082000732421875 -0.113670349121094
-0.0255546569824219 0.0155696868896484 -0.03497314453125 -0.125625610351563
-0.0306797027587891 -0.00362014770507812 0.0159912109375 -0.106498718261719
-0.0148296356201172 -0.0186061859130859 0.0542068481445313 -0.0568733215332031
0.00279045104980469 -0.0207920074462891 0.0385894775390625 -0.00327682495117188
-0.00128364562988281 -0.0124912261962891 -0.0201835632324219 -0.0416069030761719
-0.00781059265136719 -0.0296154022216797 0.014495849609375 -0.116973876953125
0.0294151306152344 -0.0694961547851563 0.00540924072265626 0.124237060546875
-0.0300750732421875 -0.0608673095703125 0.0230979919433594 0.0533370971679687
-0.0649299621582031 -0.0228271484375 -0.0251979827880859 -0.00846672058105469
-0.0489349365234375 0.0291481018066406 -0.0591468811035156 0.04022216796875
-0.0156745910644531 0.0526657104492188 -0.037139892578125 0.0841293334960938
0.0288124084472656 0.0471992492675781 0.02679443359375 0.118301391601563
0.049224853515625 0.0339126586914063 0.083221435546875 0.113639831542969
0.0377464294433594 0.0317230224609375 0.08624267578125 0.0929489135742187
0.041900634765625 0.0357666015625 0.07232666015625 0.100013732910156
0.0172233581542969 0.0521125793457031 0.0368728637695313 0.0996780395507813
-0.0244941711425781 0.0496025085449219 0.00627899169921875 0.0677337646484375
-0.0556793212890625 0.0117912292480469 0.00458526611328125 0.0463523864746094
-0.0411148071289063 -0.0477867126464844 0.0402870178222656 0.06488037109375
-0.00323486328125 -0.0672607421875 0.0542449951171875 0.163238525390625
0.0306472778320313 -0.0477142333984375 -0.05181884765625 0.276779174804688
0.030426025390625 -0.152786254882812 0.00490570068359375 0.0990447998046875
-0.0531387329101563 -0.125823974609375 0.0153846740722656 0.0448837280273437
-0.116416931152344 -0.0694580078125 -0.018707275390625 -0.0100917816162109
-0.109649658203125 0.0324859619140625 -0.04962158203125 0.0280380249023437
-0.0574264526367188 0.0885543823242187 -0.0409431457519531 0.0592193603515625
0.0250473022460938 0.105461120605469 0.0106735229492188 0.0996322631835938
0.06817626953125 0.0870590209960938 0.061920166015625 0.0985183715820313
0.0553512573242187 0.0814971923828125 0.067169189453125 0.0755615234375
0.06402587890625 0.092254638671875 0.0537490844726563 0.08074951171875
0.0198211669921875 0.107467651367188 0.0326080322265625 0.0730972290039063
-0.0543136596679688 0.0988388061523438 0.0101890563964844 0.0404739379882813
-0.108039855957031 0.03466796875 0.0206947326660156 0.0314731597900391
-0.100975036621094 -0.0840301513671875 0.0595588684082031 0.0597038269042969
-0.0459823608398438 -0.136810302734375 0.0623931884765625 0.156082153320313
0.02490234375 -0.134597778320313 -0.033905029296875 0.256057739257813
0.0273895263671875 -0.213958740234375 0.0105743408203125 0.0483131408691406
-0.0707244873046875 -0.176605224609375 0.005523681640625 0.0213298797607422
-0.156234741210937 -0.1082763671875 -0.0144672393798828 -0.0110569000244141
-0.159637451171875 0.0316619873046875 -0.0340194702148438 0.0146236419677734
-0.093658447265625 0.113365173339844 -0.0364303588867188 0.0279960632324219
0.0157470703125 0.150009155273438 -0.00366592407226563 0.066009521484375
0.0769805908203125 0.127815246582031 0.0326805114746094 0.0676841735839844
0.0648040771484375 0.118705749511719 0.0377006530761719 0.0477485656738281
0.0783767700195313 0.134010314941406 0.0261344909667969 0.0500373840332031
0.023712158203125 0.147705078125 0.0212440490722656 0.0354766845703125
-0.072998046875 0.139358520507812 0.0110979080200195 0.00534439086914063
-0.146484375 0.059661865234375 0.0352783203125 0.00923538208007813
-0.153549194335938 -0.1024169921875 0.0746002197265625 0.0471343994140625
-0.0895843505859375 -0.183929443359375 0.0614242553710938 0.13232421875
0.0122222900390625 -0.201004028320313 -0.018157958984375 0.207275390625
0.0181732177734375 -0.244461059570313 0.0207271575927734 -0.0203227996826172
-0.0847015380859375 -0.20257568359375 -0.00596904754638672 -0.0154552459716797
-0.179656982421875 -0.126876831054687 -0.0132474899291992 -0.0137500762939453
-0.187850952148438 0.03118896484375 -0.0150747299194336 -0.00026988983154297
-0.114944458007812 0.123870849609375 -0.0256309509277344 -0.00820732116699218
0.00668334960937501 0.17236328125 -0.0163383483886719 0.0217800140380859
0.0747528076171875 0.14862060546875 -0.000682830810546871 0.0260581970214844
0.06463623046875 0.137802124023438 0.00228214263916016 0.0123653411865234
0.0816192626953125 0.15570068359375 -0.00781249999999999 0.0124597549438477
0.0236358642578125 0.167190551757812 0.00281190872192383 -0.00820446014404296
-0.0818023681640625 0.15936279296875 0.00686264038085937 -0.0343761444091797
-0.1639404296875 0.0769500732421875 0.0442771911621094 -0.01715087890625
-0.183425903320313 -0.10479736328125 0.0792694091796875 0.02984619140625
-0.119110107421875 -0.20233154296875 0.0477752685546875 0.0949554443359375
-0.00122070312500001 -0.235366821289063 -0.00744628906249999 0.136764526367187
0.00305175781250002 -0.238052368164062 0.0309677124023437 -0.0976104736328125
-0.0902099609375 -0.195068359375 -0.0182304382324219 -0.0597648620605469
-0.176605224609375 -0.119369506835937 -0.0132732391357422 -0.0199451446533203
-0.183380126953125 0.0308990478515625 0.0034503936767578 -0.018035888671875
-0.114105224609375 0.116348266601562 -0.0124931335449219 -0.0434799194335938
-0.00138854980468751 0.167098999023438 -0.0259189605712891 -0.0270290374755859
0.06256103515625 0.146240234375 -0.0339717864990234 -0.0205879211425781
0.0547714233398438 0.136016845703125 -0.0329246520996094 -0.0250415802001953
0.0713958740234375 0.153533935546875 -0.0416183471679688 -0.0267868041992187
0.0175323486328125 0.160064697265625 -0.0186119079589844 -0.0516738891601562
-0.08160400390625 0.1513671875 0.000625610351562494 -0.0703887939453125
-0.155899047851563 0.0740203857421875 0.0474014282226562 -0.04205322265625
-0.17694091796875 -0.0972747802734375 0.0729827880859375 0.0120620727539062
-0.120223999023437 -0.190780639648438 0.0233001708984375 0.0521583557128906
-0.009735107421875 -0.231185913085938 -0.00276947021484375 0.0554962158203125
-0.0145111083984375 -0.195907592773438 0.03839111328125 -0.171035766601563
-0.084259033203125 -0.155059814453125 -0.028411865234375 -0.103248596191406
-0.142288208007812 -0.0886383056640625 -0.0145168304443359 -0.0274848937988281
-0.144027709960938 0.02642822265625 0.0174026489257812 -0.0348091125488281
-0.0904998779296875 0.0887985229492187 -0.000305175781250005 -0.0710372924804688
-0.00669860839843751 0.133628845214844 -0.0326576232910156 -0.0696372985839844
0.040771484375 0.119712829589844 -0.0610923767089844 -0.0630607604980468
0.0362625122070313 0.113258361816406 -0.0633621215820313 -0.0592041015625
0.0484695434570313 0.129753112792969 -0.0685691833496094 -0.0641593933105468
0.00340270996093749 0.128776550292969 -0.0345535278320313 -0.0886383056640625
-0.0738296508789062 0.113967895507812 -0.00199127197265624 -0.0965957641601563
-0.124305725097656 0.048492431640625 0.0483322143554687 -0.0582771301269531
-0.133293151855469 -0.0829696655273438 0.0607643127441406 -0.000144958496093755
-0.0907745361328125 -0.150985717773438 -0.00138282775878907 0.0103464126586914
-0.00993347167968749 -0.189987182617188 0.000129699707031252 -0.0220470428466797
-0.0294113159179687 -0.123329162597656 0.04095458984375 -0.23004150390625
-0.0643997192382813 -0.0896453857421875 -0.0362396240234375 -0.140121459960937
-0.0838623046875 -0.0423202514648437 -0.0199127197265625 -0.0358810424804687
-0.0798110961914062 0.0185394287109375 0.0211601257324219 -0.0461654663085938
-0.0513114929199219 0.0476951599121094 0.00692749023437499 -0.0839996337890625
-0.0095367431640625 0.0789108276367187 -0.0356597900390625 -0.0980758666992188
0.0140533447265625 0.0750350952148437 -0.0788497924804687 -0.0943145751953125
0.0129241943359375 0.0732879638671875 -0.08306884765625 -0.0850296020507812
0.0171127319335938 0.0865020751953125 -0.0838623046875 -0.0933303833007812
-0.0131072998046875 0.078125 -0.0415191650390625 -0.113571166992188
-0.0581016540527344 0.0582695007324219 0.00256347656249999 -0.108360290527344
-0.0755615234375 0.0124664306640625 0.0500106811523437 -0.0633392333984375
-0.0669517517089844 -0.0587081909179687 0.0481719970703125 -0.0054779052734375
-0.04547119140625 -0.089141845703125 -0.0176067352294922 -0.0221328735351563
-0.00685882568359375 -0.119522094726563 0.00470733642578125 -0.0833206176757813
-0.0398826599121094 -0.0313224792480469 0.0362548828125 -0.266815185546875
-0.0362968444824219 -0.0142097473144531 -0.0444793701171875 -0.163894653320313
-0.0170497894287109 0.00860786437988281 -0.0302200317382812 -0.0411605834960938
-0.007568359375 0.0087428092956543 0.0137176513671875 -0.0489006042480469
-0.00594186782836914 0.0016322135925293 0.00860595703125 -0.0801467895507812
-0.01068115234375 0.0138263702392578 -0.0354156494140625 -0.106781005859375
-0.0143165588378906 0.0183544158935547 -0.0845947265625 -0.109214782714844
-0.0118465423583984 0.0218009948730469 -0.090606689453125 -0.0973663330078125
-0.0148582458496094 0.0297260284423828 -0.0855865478515625 -0.111053466796875
-0.0245513916015625 0.0171833038330078 -0.0390243530273438 -0.123970031738281
-0.0314693450927734 -0.001190185546875 0.0123062133789063 -0.106246948242188
-0.0165157318115234 -0.017491340637207 0.05218505859375 -0.0584449768066406
0.00147247314453125 -0.0213432312011719 0.038360595703125 -0.00476455688476563
-0.00214195251464844 -0.0137214660644531 -0.0228424072265625 -0.0420684814453125
-0.008087158203125 -0.0314445495605469 0.00977325439453125 -0.118743896484375
0.0288238525390625 -0.0694084167480469 0.00791931152343749 0.127731323242188
-0.029327392578125 -0.0585136413574219 0.0261192321777344 0.0554084777832031
-0.0638084411621094 -0.0216941833496094 -0.0251827239990234 -0.00844955444335938
-0.0479278564453125 0.0289649963378906 -0.0588645935058594 0.0413703918457031
-0.0149497985839844 0.0523719787597656 -0.0367202758789062 0.0848922729492188
0.0298347473144531 0.045806884765625 0.0280227661132812 0.1185302734375
0.0496253967285156 0.0327529907226563 0.0853195190429688 0.113487243652344
0.0380172729492188 0.03033447265625 0.0868072509765625 0.0929107666015625
0.0422515869140625 0.0338668823242188 0.0733642578125 0.100341796875
0.018218994140625 0.0506439208984375 0.0378646850585938 0.09942626953125
-0.0230255126953125 0.0499534606933594 0.00653076171875 0.0677680969238281
-0.055084228515625 0.0125198364257813 0.00542068481445312 0.0465126037597656
-0.0419769287109375 -0.0471267700195313 0.0404739379882813 0.0651664733886719
-0.00501251220703125 -0.0665092468261719 0.056396484375 0.164077758789063
0.0294570922851562 -0.0471992492675781 -0.05010986328125 0.277862548828125
0.029541015625 -0.153060913085938 0.00658416748046875 0.102607727050781
-0.0526199340820313 -0.123939514160156 0.0178451538085938 0.0476264953613281
-0.116905212402344 -0.06842041015625 -0.0185585021972656 -0.00955390930175782
-0.108757019042969 0.032806396484375 -0.0486831665039063 0.0287055969238281
-0.0569839477539063 0.0888214111328125 -0.0413093566894531 0.0599822998046875
0.0266494750976563 0.104904174804688 0.012725830078125 0.100494384765625
0.0702743530273438 0.08551025390625 0.0641250610351563 0.0981063842773438
0.0565643310546875 0.0810394287109375 0.0679244995117188 0.0761489868164063
0.0660629272460938 0.09033203125 0.0552291870117188 0.0811920166015625
0.0219650268554687 0.106201171875 0.0330963134765625 0.0729751586914063
-0.0519866943359375 0.100189208984375 0.0102157592773437 0.0406532287597656
-0.108283996582031 0.0359878540039062 0.0211009979248047 0.0311222076416016
-0.103179931640625 -0.0830078125 0.059844970703125 0.0600242614746094
-0.0489425659179688 -0.136070251464844 0.0639190673828125 0.156982421875
0.0241012573242188 -0.135955810546875 -0.032623291015625 0.257553100585938
0.0268402099609375 -0.215911865234375 0.0119056701660156 0.0522193908691406
-0.0704193115234375 -0.175582885742188 0.00710105895996093 0.0244312286376953
-0.157562255859375 -0.107940673828125 -0.0144081115722656 -0.0107154846191406
-0.1593017578125 0.0323944091796875 -0.0335350036621094 0.0156116485595703
-0.0929031372070313 0.114418029785156 -0.0371818542480469 0.0289878845214844
0.0184173583984375 0.148910522460938 -0.0023193359375 0.0675888061523438
0.0793685913085938 0.12652587890625 0.0344963073730469 0.068115234375
0.0662765502929688 0.118423461914063 0.0386009216308594 0.0478286743164063
0.0815658569335938 0.132240295410156 0.0275306701660156 0.0509986877441406
0.0262603759765625 0.146926879882813 0.0213546752929688 0.0356979370117188
-0.0703811645507813 0.140480041503906 0.0107021331787109 0.00553131103515626
-0.1468505859375 0.06146240234375 0.0348587036132812 0.00871086120605469
-0.15643310546875 -0.101608276367188 0.074493408203125 0.047149658203125
-0.0929107666015625 -0.183074951171875 0.0624923706054688 0.132972717285156
0.0108795166015625 -0.203216552734375 -0.0173797607421875 0.208099365234375
0.017852783203125 -0.246429443359375 0.0213623046875 -0.0169792175292969
-0.084381103515625 -0.202255249023438 -0.00515460968017579 -0.0124015808105469
-0.182266235351562 -0.127273559570313 -0.0131654739379883 -0.0134353637695313
-0.188003540039063 0.032989501953125 -0.0148391723632813 0.000267982482910161
-0.114448547363281 0.125320434570313 -0.0268135070800781 -0.0069599151611328
0.0092620849609375 0.172256469726563 -0.0151844024658203 0.0231723785400391
0.0778045654296875 0.147750854492188 0.000204086303710942 0.0263786315917969
0.0665283203125 0.137931823730469 0.00290489196777344 0.0118522644042969
0.0853271484375 0.153945922851563 -0.00643444061279296 0.0135650634765625
0.026763916015625 0.166885375976563 0.00260686874389649 -0.00802993774414061
-0.0791015625 0.161605834960938 0.00664901733398437 -0.0334300994873047
-0.164016723632813 0.0789794921875 0.0438003540039062 -0.0169448852539062
-0.187026977539062 -0.104400634765625 0.0787124633789062 0.0295257568359375
-0.12188720703125 -0.202590942382813 0.0477828979492188 0.0958404541015625
-0.00302124023437503 -0.238311767578125 -0.00698852539062499 0.136558532714844
0.00363159179687499 -0.240676879882813 0.0304641723632812 -0.095428466796875
-0.091033935546875 -0.195938110351563 -0.0182723999023438 -0.057525634765625
-0.179718017578125 -0.12042236328125 -0.0134868621826172 -0.0191726684570313
-0.184646606445313 0.03265380859375 0.00365829467773437 -0.0170507431030273
-0.114013671875 0.117744445800781 -0.0136146545410156 -0.0427970886230469
0.001220703125 0.167205810546875 -0.0255069732666016 -0.0255374908447266
0.0649871826171875 0.145904541015625 -0.0329380035400391 -0.0197906494140625
0.056854248046875 0.136672973632812 -0.0330829620361328 -0.0250587463378906
0.075042724609375 0.152740478515625 -0.040924072265625 -0.0257225036621094
0.0204010009765625 0.160430908203125 -0.01904296875 -0.0510711669921875
-0.0789794921875 0.15338134765625 -0.000617980957031259 -0.069488525390625
-0.155838012695312 0.0759124755859375 0.0464401245117187 -0.0425453186035156
-0.180206298828125 -0.0970916748046875 0.07275390625 0.0117568969726562
-0.122146606445312 -0.190261840820313 0.0230026245117188 0.052459716796875
-0.0100250244140625 -0.2347412109375 -0.00342178344726563 0.0549087524414062
-0.0142364501953125 -0.198577880859375 0.0376129150390625 -0.17022705078125
-0.0847015380859375 -0.155899047851563 -0.02923583984375 -0.102470397949219
-0.145492553710938 -0.090179443359375 -0.0151920318603516 -0.027313232421875
-0.14556884765625 0.027740478515625 0.0172233581542969 -0.0347366333007812
-0.0910110473632813 0.0906829833984375 -0.00195312500000001 -0.07049560546875
-0.0047149658203125 0.134231567382813 -0.032745361328125 -0.0684967041015625
0.0431976318359375 0.120628356933594 -0.0608177185058594 -0.0623283386230469
0.0387954711914062 0.114730834960937 -0.0638236999511719 -0.0594062805175781
0.0514755249023438 0.1295166015625 -0.0684700012207031 -0.0625724792480468
0.00592041015625001 0.129325866699219 -0.0359954833984375 -0.0877532958984375
-0.0723724365234375 0.116043090820312 -0.0032196044921875 -0.09588623046875
-0.124931335449219 0.0497894287109375 0.0475578308105469 -0.0585517883300781
-0.1356201171875 -0.083282470703125 0.0602493286132813 -0.000679016113281255
-0.0929107666015625 -0.151275634765625 -0.00269699096679688 0.0109186172485351
-0.009979248046875 -0.193344116210938 -0.000764846801757814 -0.0230064392089844
-0.0288619995117187 -0.125518798828125 0.0393829345703125 -0.230056762695313
-0.0653533935546875 -0.0912017822265625 -0.0383758544921875 -0.139968872070313
-0.0863113403320313 -0.0440750122070313 -0.0204238891601563 -0.0354957580566406
-0.0813217163085938 0.019012451171875 0.02099609375 -0.0463676452636719
-0.0519676208496094 0.0490341186523437 0.00576782226562501 -0.0836563110351563
-0.00830841064453125 0.0796890258789063 -0.0365524291992187 -0.0972976684570313
0.015289306640625 0.0761947631835938 -0.0793609619140625 -0.0934066772460937
0.0144195556640625 0.0745773315429688 -0.0845260620117187 -0.0843582153320313
0.0197601318359375 0.087158203125 -0.0845489501953125 -0.0921783447265625
-0.0115203857421875 0.0795364379882813 -0.0428543090820313 -0.113151550292969
-0.0570182800292969 0.0604057312011719 0.00140380859375 -0.108177185058594
-0.0766448974609375 0.014007568359375 0.0494804382324219 -0.0634956359863281
-0.0686759948730469 -0.0594825744628906 0.0478515625 -0.00553131103515625
-0.04669189453125 -0.0905075073242188 -0.0190372467041016 -0.02215576171875
-0.00690460205078126 -0.12261962890625 0.00331115722656249 -0.084869384765625
-0.0380783081054687 -0.0325088500976563 0.0343017578125 -0.267974853515625
-0.0364913940429687 -0.0157699584960938 -0.0474395751953125 -0.164947509765625
-0.0179462432861328 0.00676345825195313 -0.0311050415039062 -0.041046142578125
-0.00825977325439453 0.00871801376342773 0.0134506225585938 -0.048828125
-0.00706624984741211 0.00207662582397461 0.00775909423828124 -0.0802001953125
-0.0109653472900391 0.0145797729492188 -0.0363006591796875 -0.106697082519531
-0.0142822265625 0.0197849273681641 -0.0860443115234375 -0.108734130859375
-0.0111331939697266 0.0229377746582031 -0.0924530029296875 -0.0979843139648438
-0.013427734375 0.0308132171630859 -0.087310791015625 -0.110237121582031
-0.0238876342773437 0.0186367034912109 -0.0403594970703125 -0.123863220214844
-0.03155517578125 0.000823974609374994 0.01068115234375 -0.106040954589844
-0.0173845291137695 -0.0168390274047852 0.0515823364257812 -0.0590286254882813
0.000650405883789061 -0.0221920013427734 0.0381355285644531 -0.00508880615234375
-0.00180816650390625 -0.01544189453125 -0.0247039794921875 -0.0425682067871094
-0.00782203674316406 -0.0333156585693359 0.00797271728515624 -0.120933532714844
0.02923583984375 -0.0705490112304687 0.00811004638671876 0.133049011230469
-0.0277824401855469 -0.0585365295410156 0.0288887023925781 0.0584487915039063
-0.0640830993652344 -0.0220985412597656 -0.0253734588623047 -0.00858306884765625
-0.0483856201171875 0.0290145874023437 -0.060150146484375 0.0423316955566406
-0.0154685974121094 0.0534324645996094 -0.0379257202148438 0.0870742797851563
0.030670166015625 0.04571533203125 0.0288543701171875 0.121505737304688
0.0509109497070313 0.0315361022949219 0.0884170532226562 0.116256713867187
0.0385627746582031 0.0302391052246094 0.0889358520507813 0.096282958984375
0.0430374145507812 0.0335273742675781 0.0758285522460938 0.103530883789063
0.0192604064941406 0.0502662658691406 0.0380325317382813 0.102302551269531
-0.0225639343261719 0.0507888793945313 0.00635910034179688 0.069610595703125
-0.0561408996582031 0.0133209228515625 0.00516128540039062 0.0479354858398438
-0.043914794921875 -0.0476303100585938 0.0415687561035156 0.0674514770507813
-0.00579452514648438 -0.0671310424804688 0.058349609375 0.169692993164063
0.0303802490234375 -0.0475807189941406 -0.052978515625 0.284820556640625
0.031036376953125 -0.1572265625 0.00728607177734376 0.108261108398437
-0.0517501831054688 -0.125175476074219 0.0203437805175781 0.0511741638183594
-0.118728637695313 -0.0710296630859375 -0.0185604095458984 -0.00941085815429689
-0.110923767089844 0.0327224731445312 -0.0500640869140625 0.0294952392578125
-0.0582351684570312 0.0906219482421875 -0.0428581237792969 0.0620651245117188
0.0282363891601562 0.105857849121094 0.01361083984375 0.103050231933594
0.0725860595703125 0.0865936279296875 0.0665359497070313 0.101173400878906
0.0572967529296875 0.0826492309570313 0.0693740844726563 0.0782623291015625
0.0679244995117188 0.0912628173828125 0.0570907592773438 0.0844192504882813
0.0234298706054688 0.10784912109375 0.0330581665039062 0.0750350952148438
-0.0520095825195312 0.102287292480469 0.010406494140625 0.0416946411132813
-0.111114501953125 0.03680419921875 0.0215244293212891 0.0324974060058594
-0.106910705566406 -0.0855255126953125 0.0607643127441406 0.0625
-0.051239013671875 -0.137962341308594 0.0654449462890625 0.162429809570312
0.0253372192382813 -0.139579772949219 -0.0354461669921875 0.263565063476563
0.029571533203125 -0.22198486328125 0.01275634765625 0.0567703247070312
-0.0694580078125 -0.179031372070313 0.00896453857421875 0.0272846221923828
-0.161666870117188 -0.111434936523437 -0.0147600173950195 -0.0109968185424805
-0.162796020507813 0.0326995849609375 -0.0342540740966797 0.0166015625
-0.0959548950195312 0.116592407226563 -0.0388565063476563 0.0300788879394531
0.01971435546875 0.151641845703125 -0.00180435180664063 0.0699234008789063
0.0829620361328125 0.129005432128906 0.0362358093261719 0.0701980590820313
0.067718505859375 0.121818542480469 0.0389595031738281 0.0490570068359375
0.0843963623046875 0.134559631347656 0.0288734436035156 0.0533256530761719
0.0277252197265625 0.149703979492187 0.0211029052734375 0.0368728637695313
-0.07073974609375 0.144119262695313 0.0107231140136719 0.00645065307617188
-0.150924682617187 0.0630340576171875 0.0354042053222656 0.00938415527343751
-0.161941528320313 -0.105239868164062 0.075286865234375 0.0492401123046875
-0.09552001953125 -0.187423706054688 0.0634918212890625 0.137748718261719
0.01287841796875 -0.20928955078125 -0.0197601318359375 0.212295532226563
0.021209716796875 -0.254135131835938 0.0226955413818359 -0.0142440795898438
-0.0835723876953125 -0.207855224609375 -0.00429344177246094 -0.0103845596313477
-0.1878662109375 -0.13165283203125 -0.013453483581543 -0.0137624740600586
-0.192291259765625 0.032958984375 -0.0152559280395508 0.00104141235351563
-0.118408203125 0.128211975097656 -0.0286788940429688 -0.00605583190917968
0.0102081298828125 0.175994873046875 -0.0143413543701172 0.024749755859375
0.0809326171875 0.1514892578125 0.00168418884277344 0.0274620056152344
0.0686492919921875 0.141998291015625 0.00334262847900391 0.0123462677001953
0.0887298583984375 0.157516479492188 -0.00541496276855468 0.0151500701904297
0.028167724609375 0.170394897460938 0.00225210189819336 -0.00779724121093749
-0.0797119140625 0.165634155273438 0.00660324096679687 -0.0331478118896484
-0.168960571289062 0.080413818359375 0.0440330505371094 -0.0177688598632812
-0.193328857421875 -0.10833740234375 0.079437255859375 0.0306625366210937
-0.125030517578125 -0.207656860351563 0.0481185913085937 0.0990676879882812
-0.000625610351562503 -0.246414184570313 -0.00885772705078126 0.138992309570312
0.00621032714843749 -0.249359130859375 0.0329818725585937 -0.0946121215820313
-0.09063720703125 -0.201828002929688 -0.0179634094238281 -0.0566368103027344
-0.18621826171875 -0.1259765625 -0.0137825012207031 -0.0197296142578125
-0.189590454101563 0.0325775146484375 0.00376510620117186 -0.0169048309326172
-0.118110656738281 0.120857238769531 -0.0150299072265625 -0.0427284240722656
0.00186157226562498 0.17083740234375 -0.0250282287597656 -0.0248317718505859
0.0677032470703125 0.149765014648438 -0.0326919555664062 -0.0197029113769531
0.058441162109375 0.1407470703125 -0.0336627960205078 -0.025848388671875
0.078582763671875 0.156234741210938 -0.04052734375 -0.0252532958984375
0.02117919921875 0.164138793945313 -0.0195960998535156 -0.0518035888671875
-0.07989501953125 0.157302856445312 -0.000236511230468756 -0.0704269409179687
-0.160903930664063 0.0772705078125 0.0477027893066406 -0.0436058044433594
-0.18597412109375 -0.101181030273438 0.0735702514648437 0.0127944946289062
-0.125045776367187 -0.1959228515625 0.0219650268554687 0.0544815063476562
-0.00798034667968748 -0.243011474609375 -0.00491714477539063 0.055389404296875
-0.0119476318359375 -0.2059326171875 0.0400238037109375 -0.172164916992188
-0.085113525390625 -0.161605834960938 -0.02978515625 -0.103767395019531
-0.151336669921875 -0.094818115234375 -0.0155982971191406 -0.0278720855712891
-0.150070190429688 0.0280303955078125 0.0172996520996094 -0.0349864959716797
-0.0947036743164063 0.093353271484375 -0.00253295898437501 -0.0715713500976563
-0.00426483154296874 0.137901306152344 -0.0323448181152344 -0.069488525390625
0.04541015625 0.124336242675781 -0.0619735717773437 -0.0636672973632812
0.0399551391601563 0.118362426757813 -0.0650634765625 -0.0608978271484375
0.0543441772460937 0.132644653320313 -0.0692634582519531 -0.0635757446289062
0.00665283203124999 0.133087158203125 -0.0363082885742188 -0.0893096923828125
-0.0736846923828125 0.119720458984375 -0.00290679931640624 -0.0968780517578125
-0.129196166992188 0.051055908203125 0.0484619140625 -0.0598297119140625
-0.140182495117188 -0.0863571166992188 0.0612144470214844 -5.72204589843803E-05
-0.0950469970703125 -0.156234741210937 -0.00382328033447266 0.0111589431762695
-0.00788879394531251 -0.200958251953125 -0.00181388854980469 -0.024709701538086
-0.0268325805664063 -0.131088256835938 0.041595458984375 -0.234359741210938
-0.065704345703125 -0.0955276489257813 -0.039794921875 -0.143173217773438
-0.0901641845703125 -0.0474700927734375 -0.0206336975097656 -0.0363578796386719
-0.0842208862304687 0.01959228515625 0.0210380554199219 -0.0476722717285156
-0.0549163818359375 0.0502128601074219 0.00594329833984374 -0.085357666015625
-0.00849151611328125 0.0827407836914063 -0.0363540649414063 -0.0990524291992188
0.0163040161132813 0.0791702270507813 -0.0812759399414062 -0.0958786010742188
0.015167236328125 0.0774383544921875 -0.0862503051757813 -0.0876312255859375
0.022003173828125 0.0898666381835938 -0.0860137939453125 -0.0943145751953125
-0.0106048583984375 0.0821456909179688 -0.0435333251953125 -0.11505126953125
-0.0587615966796875 0.0629310607910156 0.0011749267578125 -0.109527587890625
-0.0792694091796875 0.0142288208007812 0.0508956909179688 -0.0649871826171875
-0.0711441040039063 -0.0621566772460938 0.0486259460449219 -0.00589752197265625
-0.0474319458007813 -0.0936431884765625 -0.0209884643554688 -0.0230827331542969
-0.005706787109375 -0.128082275390625 0.00291442871093751 -0.087921142578125
-0.0370140075683594 -0.0348434448242187 0.03704833984375 -0.273880004882813
-0.0371437072753906 -0.0180282592773437 -0.0489349365234375 -0.169342041015625
-0.0195121765136719 0.00528526306152344 -0.0316658020019531 -0.0420112609863281
-0.00948429107666016 0.0088491439819336 0.0135421752929687 -0.0501365661621094
-0.00815153121948242 0.00223779678344727 0.00824737548828126 -0.0819778442382813
-0.0112428665161133 0.0157403945922852 -0.0369720458984375 -0.109092712402344
-0.0141525268554687 0.02215576171875 -0.0887298583984375 -0.11181640625
-0.0112838745117188 0.0243759155273438 -0.0936737060546875 -0.101097106933594
-0.0129814147949219 0.0321426391601563 -0.0892105102539063 -0.112442016601563
-0.0240116119384766 0.0200614929199219 -0.0404434204101563 -0.125602722167969
-0.0331172943115234 0.00133514404296874 0.0107345581054687 -0.107650756835938
-0.0186824798583984 -0.0170726776123047 0.0528335571289063 -0.060302734375
0.00038909912109375 -0.0237026214599609 0.0384025573730469 -0.0060577392578125
-0.00216007232666015 -0.0172147750854492 -0.0269622802734375 -0.0443344116210938
-0.00699996948242187 -0.0363693237304688 0.00762176513671875 -0.125007629394531
0.02960205078125 -0.0736007690429688 0.010345458984375 0.141693115234375
-0.0285263061523438 -0.0591468811035156 0.0333671569824219 0.0621833801269531
-0.0664443969726563 -0.0227584838867188 -0.0255661010742188 -0.00874710083007813
-0.0499763488769531 0.0303993225097656 -0.0619697570800781 0.0456962585449219
-0.0149116516113281 0.0562400817871094 -0.0390625 0.0916290283203125
0.03326416015625 0.0466270446777344 0.031463623046875 0.126350402832031
0.0538406372070313 0.0306816101074219 0.094390869140625 0.121376037597656
0.0402793884277344 0.0302276611328125 0.094085693359375 0.100669860839844
0.0459022521972656 0.0336036682128906 0.08056640625 0.108650207519531
0.0206375122070313 0.0513801574707031 0.0400543212890625 0.107200622558594
-0.0219039916992187 0.0531692504882812 0.00666046142578125 0.0725021362304688
-0.0580978393554687 0.0146331787109375 0.00577163696289063 0.0498619079589844
-0.0469779968261719 -0.0487213134765625 0.044464111328125 0.0713653564453125
-0.00783920288085938 -0.0686111450195313 0.06280517578125 0.178359985351562
0.03131103515625 -0.0498504638671875 -0.053558349609375 0.299407958984375
0.0318603515625 -0.16558837890625 0.00938415527343749 0.11614990234375
-0.0527877807617187 -0.129974365234375 0.0241966247558594 0.0555038452148437
-0.124534606933594 -0.073333740234375 -0.0193557739257813 -0.0100002288818359
-0.115341186523438 0.0347900390625 -0.0511741638183594 0.0319290161132813
-0.0600509643554687 0.0955657958984375 -0.0444183349609375 0.0662612915039063
0.0309829711914062 0.10943603515625 0.0155105590820312 0.108123779296875
0.0774993896484375 0.0884323120117188 0.071685791015625 0.105453491210938
0.0609283447265625 0.0854873657226563 0.0737991333007813 0.0822525024414063
0.073394775390625 0.0941696166992187 0.0615310668945313 0.0890350341796875
0.0260696411132813 0.111503601074219 0.0347824096679688 0.0793609619140625
-0.0518875122070312 0.107940673828125 0.0113525390625 0.0438423156738281
-0.116127014160156 0.0400543212890625 0.0222377777099609 0.03375244140625
-0.114433288574219 -0.0882415771484375 0.0643234252929687 0.0655288696289063
-0.0559844970703125 -0.143798828125 0.070709228515625 0.170440673828125
0.025970458984375 -0.147354125976563 -0.0362701416015625 0.277145385742188
0.030548095703125 -0.234329223632812 0.0147438049316406 0.0627059936523438
-0.07147216796875 -0.186996459960938 0.0112171173095703 0.0311470031738281
-0.170974731445313 -0.116195678710937 -0.0151557922363281 -0.0110139846801758
-0.17041015625 0.034942626953125 -0.0355491638183594 0.0177383422851563
-0.0998382568359375 0.123039245605469 -0.0412330627441406 0.0331802368164063
0.023101806640625 0.157958984375 9.15527343750001E-05 0.0745086669921875
0.088653564453125 0.133087158203125 0.0399169921875 0.073883056640625
0.0727920532226563 0.12701416015625 0.0418968200683594 0.0514335632324219
0.091094970703125 0.139053344726563 0.0314521789550781 0.0566329956054688
0.031158447265625 0.156478881835938 0.0221900939941406 0.0389175415039063
-0.0711669921875 0.152114868164063 0.0110139846801758 0.00729656219482423
-0.158477783203125 0.06744384765625 0.0364608764648437 0.00999069213867188
-0.173187255859375 -0.108734130859375 0.07879638671875 0.0518646240234375
-0.102569580078125 -0.195159912109375 0.0677337646484375 0.144851684570313
0.0128936767578125 -0.221572875976563 -0.0203704833984375 0.222412109375
0.0221405029296875 -0.269287109375 0.0249481201171875 -0.0120658874511719
-0.0868988037109375 -0.217605590820313 -0.00283479690551758 -0.00818681716918947
-0.19927978515625 -0.137588500976563 -0.014129638671875 -0.0141792297363281
-0.201766967773438 0.0357513427734375 -0.0159082412719727 0.00164985656738282
-0.123634338378906 0.135353088378906 -0.0307235717773438 -0.0047473907470703
0.0130615234375 0.183792114257813 -0.0135517120361328 0.0274658203125
0.087646484375 0.157150268554688 0.00357246398925781 0.0295639038085938
0.073883056640625 0.149261474609375 0.00367259979248047 0.0132904052734375
0.0962371826171875 0.163009643554688 -0.00456047058105468 0.0170907974243164
0.03253173828125 0.17791748046875 0.00219058990478516 -0.00739622116088866
-0.08099365234375 0.174636840820313 0.00596427917480468 -0.0345458984375
-0.177261352539063 0.08624267578125 0.0459022521972656 -0.0185737609863281
-0.206207275390625 -0.112747192382813 0.08343505859375 0.0323028564453125
-0.133560180664063 -0.216766357421875 0.0503311157226562 0.104621887207031
-0.000946044921874992 -0.260421752929688 -0.00970458984375 0.146072387695312
0.00683593749999999 -0.26416015625 0.0344619750976563 -0.0969619750976563
-0.094818115234375 -0.212249755859375 -0.0181846618652344 -0.0574455261230469
-0.198257446289063 -0.131881713867188 -0.01446533203125 -0.0202217102050781
-0.19921875 0.0358428955078125 0.00369262695312499 -0.017578125
-0.123863220214844 0.12847900390625 -0.0171356201171875 -0.0436553955078125
0.00436401367187501 0.17913818359375 -0.0252246856689453 -0.0245037078857422
0.073760986328125 0.15643310546875 -0.0332813262939453 -0.0200443267822265
0.063629150390625 0.148056030273438 -0.0350818634033203 -0.027099609375
0.085693359375 0.1627197265625 -0.0416908264160156 -0.0252838134765625
0.02545166015625 0.171905517578125 -0.0208587646484375 -0.0532302856445312
-0.081695556640625 0.166671752929687 -0.00142669677734375 -0.0728225708007813
-0.169036865234375 0.0827789306640625 0.0485305786132812 -0.0452766418457031
-0.198028564453125 -0.105514526367187 0.0765380859375 0.0133132934570312
-0.133453369140625 -0.20501708984375 0.0227775573730469 0.0578117370605469
-0.00839233398437503 -0.257797241210938 -0.00588226318359375 0.0578460693359375
-0.0115814208984375 -0.219436645507813 0.0416412353515625 -0.17938232421875
-0.0889739990234375 -0.17132568359375 -0.0319061279296875 -0.10699462890625
-0.161224365234375 -0.0994720458984375 -0.0170211791992188 -0.029541015625
-0.157943725585938 0.03094482421875 0.0171470642089844 -0.0367279052734375
-0.100128173828125 0.0997085571289063 -0.00403594970703126 -0.0738067626953125
-0.00224304199218751 0.145278930664063 -0.0338134765625 -0.07073974609375
0.0504379272460938 0.130805969238281 -0.0645408630371094 -0.0657196044921875
0.0439834594726563 0.124855041503906 -0.0684242248535156 -0.0641365051269531
0.0605621337890625 0.138313293457031 -0.0720596313476562 -0.0651779174804688
0.00958251953124999 0.139694213867188 -0.038818359375 -0.0931930541992188
-0.0756072998046875 0.127174377441406 -0.00430297851562501 -0.100784301757812
-0.136146545410156 0.0550537109375 0.0497894287109375 -0.0626220703125
-0.149505615234375 -0.090606689453125 0.06329345703125 -0.000396728515625006
-0.101364135742187 -0.163818359375 -0.00551986694335938 0.0123691558837891
-0.008636474609375 -0.213958740234375 -0.00298500061035156 -0.0263462066650391
-0.0270767211914063 -0.139747619628906 0.043121337890625 -0.24603271484375
-0.069427490234375 -0.102241516113281 -0.043182373046875 -0.149261474609375
-0.0972213745117188 -0.0513839721679688 -0.0224342346191406 -0.0379638671875
-0.0893096923828125 0.0210800170898438 0.020965576171875 -0.0499534606933594
-0.058563232421875 0.0540504455566406 0.0051422119140625 -0.08843994140625
-0.00743103027343751 0.0876083374023438 -0.0384979248046875 -0.1021728515625
0.019287109375 0.0841140747070313 -0.0859527587890625 -0.0999069213867188
0.0175857543945313 0.0823974609375 -0.0911102294921875 -0.0917129516601562
0.0248184204101563 0.0939254760742187 -0.0906524658203125 -0.0977554321289062
-0.0097198486328125 0.0870361328125 -0.0463333129882813 -0.120040893554688
-0.0605926513671875 0.06781005859375 0.000488281250000002 -0.114189147949219
-0.0839767456054688 0.0164947509765625 0.0521163940429687 -0.0679893493652344
-0.0765151977539063 -0.06573486328125 0.0496559143066406 -0.00708770751953126
-0.0513076782226563 -0.0994720458984375 -0.0245018005371094 -0.0237369537353516
-0.00569915771484374 -0.137077331542969 0.001556396484375 -0.093231201171875
-0.0375595092773438 -0.0382499694824219 0.037139892578125 -0.287261962890625
-0.0391502380371094 -0.020233154296875 -0.0533905029296875 -0.177536010742188
-0.0211887359619141 0.00391578674316407 -0.034088134765625 -0.0440177917480469
-0.0110397338867188 0.00878334045410156 0.0131683349609375 -0.0530014038085938
-0.00968456268310547 0.00281620025634766 0.00814819335937501 -0.0855712890625
-0.0117225646972656 0.0177497863769531 -0.0391464233398438 -0.1136474609375
-0.0146579742431641 0.0244884490966797 -0.0942459106445312 -0.11639404296875
-0.0109233856201172 0.0266685485839844 -0.099853515625 -0.105804443359375
-0.012542724609375 0.0343971252441406 -0.0941925048828125 -0.116973876953125
-0.024658203125 0.0223445892333984 -0.0434036254882813 -0.131385803222656
-0.0346965789794922 0.00300979614257813 0.0102767944335938 -0.112220764160156
-0.0208606719970703 -0.0174484252929687 0.0542488098144531 -0.0635871887207031
-0.000715255737304687 -0.0259628295898438 0.0391006469726563 -0.00713348388671875
-0.00229454040527344 -0.0201969146728516 -0.0306625366210938 -0.046478271484375
-0.00741958618164062 -0.0404434204101563 0.00679779052734376 -0.132209777832031
0.0284652709960937 -0.078369140625 0.016265869140625 0.151473999023438
-0.0304832458496094 -0.0603790283203125 0.0403213500976563 0.0660324096679688
-0.0699920654296875 -0.0209426879882812 -0.0272006988525391 -0.00816726684570312
-0.0511741638183594 0.0334587097167969 -0.0625267028808594 0.050811767578125
-0.0132675170898438 0.0596771240234375 -0.0380783081054688 0.098846435546875
0.0366783142089844 0.046661376953125 0.0377960205078125 0.132423400878906
0.057830810546875 0.0285110473632812 0.104866027832031 0.124610900878906
0.0436859130859375 0.0299720764160156 0.103424072265625 0.1041259765625
0.0495681762695312 0.0320816040039063 0.089385986328125 0.113624572753906
0.0238380432128906 0.0524368286132813 0.0455703735351563 0.112113952636719
-0.01953125 0.0564117431640625 0.0093231201171875 0.07647705078125
-0.0604400634765625 0.0182037353515625 0.00806045532226562 0.0530586242675781
-0.0522384643554688 -0.0481643676757813 0.0506362915039063 0.0738143920898438
-0.01165771484375 -0.0704879760742188 0.07476806640625 0.186569213867188
0.0309982299804687 -0.0533103942871094 -0.04736328125 0.318756103515625
0.0279083251953125 -0.176483154296875 0.01458740234375 0.12518310546875
-0.0579147338867188 -0.134605407714844 0.0293769836425781 0.0601882934570312
-0.134033203125 -0.0727767944335938 -0.0201225280761719 -0.00963592529296876
-0.119956970214844 0.0402450561523437 -0.0525398254394531 0.0362586975097656
-0.0600433349609375 0.103279113769531 -0.0452880859375 0.0721054077148438
0.0378570556640625 0.113151550292969 0.0211639404296875 0.114303588867188
0.085418701171875 0.0889053344726563 0.0809860229492188 0.10888671875
0.0681381225585938 0.087677001953125 0.0808639526367188 0.0847549438476562
0.0812606811523438 0.0952606201171875 0.0684051513671875 0.0933990478515625
0.032257080078125 0.115982055664063 0.0390090942382813 0.0827178955078125
-0.0495986938476563 0.115516662597656 0.0127410888671875 0.0465507507324219
-0.122039794921875 0.0464706420898438 0.0244255065917969 0.0355949401855469
-0.125808715820313 -0.088287353515625 0.0701828002929687 0.0676422119140625
-0.065032958984375 -0.14837646484375 0.08160400390625 0.178863525390625
0.0224456787109375 -0.157455444335938 -0.02960205078125 0.294464111328125
0.0246429443359375 -0.2506103515625 0.0181159973144531 0.0682029724121094
-0.0800018310546875 -0.194686889648438 0.0152015686035156 0.0351715087890625
-0.185089111328125 -0.116683959960937 -0.0163297653198242 -0.0112972259521484
-0.177581787109375 0.0425262451171875 -0.0364151000976563 0.0203475952148438
-0.101425170898437 0.133949279785156 -0.0434989929199219 0.0378684997558594
0.0313873291015625 0.16473388671875 0.00389099121093751 0.079193115234375
0.0996475219726563 0.136116027832031 0.0462417602539063 0.0766143798828125
0.0823822021484375 0.131439208984375 0.0463218688964844 0.05340576171875
0.102813720703125 0.142425537109375 0.0366630554199219 0.0601234436035156
0.039520263671875 0.163223266601563 0.0242538452148438 0.040985107421875
-0.0687713623046875 0.163116455078125 0.0114269256591797 0.00742053985595704
-0.16552734375 0.0778045654296875 0.0387458801269531 0.0102272033691406
-0.188461303710938 -0.108688354492188 0.0847930908203125 0.0526504516601562
-0.116592407226563 -0.201400756835937 0.0768890380859375 0.152084350585938
0.00650024414062501 -0.236587524414062 -0.015045166015625 0.236892700195312
0.0155029296875 -0.287750244140625 0.0265235900878906 -0.0107593536376953
-0.09710693359375 -0.228179931640625 -0.00192499160766602 -0.00659894943237306
-0.2174072265625 -0.139450073242188 -0.0152969360351563 -0.0141115188598633
-0.212310791015625 0.044525146484375 -0.0168790817260742 0.00253200531005859
-0.127105712890625 0.14898681640625 -0.0338230133056641 -0.00198554992675781
0.0220489501953125 0.192611694335938 -0.0118389129638672 0.0308513641357422
0.100067138671875 0.162689208984375 0.00610542297363282 0.0311985015869141
0.0843963623046875 0.1553955078125 0.00425434112548828 0.0135049819946289
0.109375 0.167678833007812 -0.00303649902343749 0.0189170837402344
0.0415496826171875 0.186050415039063 0.00230741500854492 -0.00741147994995116
-0.077880859375 0.187713623046875 0.00514221191406249 -0.03594970703125
-0.18548583984375 0.0980072021484375 0.0471115112304687 -0.0204887390136719
-0.224212646484375 -0.111923217773437 0.0883865356445312 0.0320968627929687
-0.14984130859375 -0.223648071289063 0.05694580078125 0.109756469726562
-0.00880432128906251 -0.279098510742188 -0.006561279296875 0.155136108398437
6.103515624997E-05 -0.283294677734375 0.0344467163085937 -0.101951599121094
-0.105972290039062 -0.223526000976563 -0.0202713012695313 -0.0588874816894531
-0.216461181640625 -0.13397216796875 -0.0166034698486328 -0.0212345123291016
-0.210098266601563 0.044342041015625 0.00260734558105467 -0.0186443328857422
-0.128067016601563 0.1414794921875 -0.0205039978027344 -0.0433082580566406
0.01220703125 0.189498901367188 -0.0256862640380859 -0.0237846374511719
0.08526611328125 0.162796020507813 -0.0345115661621094 -0.0196781158447266
0.07373046875 0.155181884765625 -0.0378532409667969 -0.0276527404785156
0.0984649658203125 0.167709350585938 -0.0438652038574219 -0.0244865417480469
0.0343017578125 0.180389404296875 -0.0231742858886719 -0.0550689697265625
-0.07958984375 0.179641723632813 -0.00399017333984376 -0.0762405395507812
-0.17706298828125 0.0941314697265625 0.0492477416992187 -0.0489997863769531
-0.215469360351563 -0.10491943359375 0.0802459716796875 0.0120849609375
-0.14874267578125 -0.212158203125 0.0251541137695312 0.0614738464355469
-0.016510009765625 -0.275466918945313 -0.00526046752929688 0.0609359741210937
-0.0179443359375 -0.234725952148438 0.03887939453125 -0.189498901367188
-0.09930419921875 -0.180160522460938 -0.037017822265625 -0.110816955566406
-0.176895141601563 -0.101531982421875 -0.0193862915039063 -0.0305118560791016
-0.16741943359375 0.0383758544921875 0.0157051086425781 -0.0387840270996094
-0.103805541992188 0.110198974609375 -0.00740051269531251 -0.0761566162109375
0.00396728515625 0.15362548828125 -0.0361785888671875 -0.0725784301757812
0.0595703125 0.136672973632813 -0.07000732421875 -0.0670433044433594
0.0519866943359375 0.131072998046875 -0.0743560791015625 -0.065704345703125
0.0703277587890625 0.143524169921875 -0.0778427124023438 -0.0661163330078125
0.0161895751953125 0.147415161132812 -0.0437088012695313 -0.0961151123046875
-0.0747299194335938 0.13818359375 -0.00796508789062501 -0.105552673339844
-0.143081665039063 0.0637664794921875 0.0503692626953125 -0.0674629211425781
-0.162841796875 -0.0916748046875 0.0654640197753906 -0.00220870971679688
-0.113327026367187 -0.169784545898438 -0.00698471069335938 0.0140171051025391
-0.0149688720703125 -0.229385375976563 -0.00519180297851563 -0.0286540985107422
-0.032073974609375 -0.149932861328125 0.0372161865234375 -0.260452270507812
-0.0761871337890625 -0.107940673828125 -0.05108642578125 -0.156112670898438
-0.106132507324219 -0.0523529052734375 -0.0260963439941406 -0.0400466918945313
-0.0949172973632813 0.025360107421875 0.01934814453125 -0.0529060363769531
-0.0612907409667969 0.0603179931640625 0.00177001953125 -0.09234619140625
-0.004547119140625 0.0936965942382813 -0.0428085327148437 -0.106239318847656
0.0246505737304687 0.0896377563476563 -0.0938644409179687 -0.102241516113281
0.022369384765625 0.08740234375 -0.099578857421875 -0.0942306518554688
0.0308151245117188 0.09857177734375 -0.098297119140625 -0.0999908447265625
-0.00619506835937499 0.0923995971679688 -0.052276611328125 -0.124916076660156
-0.0616455078125 0.0748291015625 -0.0035247802734375 -0.1197509765625
-0.0895767211914063 0.02081298828125 0.0521011352539062 -0.0736007690429688
-0.0845489501953125 -0.0681533813476563 0.0515022277832031 -0.00895309448242188
-0.0585784912109375 -0.104148864746094 -0.0287590026855469 -0.023641586303711
-0.0104827880859375 -0.147369384765625 -0.00276947021484374 -0.0995941162109375
-0.0394859313964844 -0.0416145324707031 0.0299072265625 -0.30517578125
-0.0422286987304688 -0.0218238830566406 -0.0634613037109375 -0.186248779296875
-0.0236530303955078 0.00284194946289062 -0.0381126403808594 -0.0459022521972656
-0.0122165679931641 0.00947856903076172 0.0109939575195313 -0.0561485290527344
-0.0113182067871094 0.00415515899658203 0.00573730468749999 -0.0903091430664063
-0.0122280120849609 0.0201892852783203 -0.0448989868164063 -0.118209838867187
-0.0132465362548828 0.0279083251953125 -0.10406494140625 -0.119636535644531
-0.0104770660400391 0.0297870635986328 -0.109580993652344 -0.109275817871094
-0.011474609375 0.0378952026367188 -0.104171752929688 -0.120964050292969
-0.0243148803710938 0.0255088806152344 -0.0500106811523438 -0.137161254882813
-0.0367050170898438 0.00574493408203125 0.00719451904296876 -0.118080139160156
-0.0238513946533203 -0.0169162750244141 0.0549163818359375 -0.0689811706542969
-0.00240707397460937 -0.0288257598876953 0.0401535034179688 -0.00914764404296875
-0.00392532348632812 -0.0225772857666016 -0.0362930297851563 -0.0483055114746094
-0.008544921875 -0.0445137023925781 0.00175476074218749 -0.141189575195312
0.024261474609375 -0.0825653076171875 0.027069091796875 0.158966064453125
-0.0334014892578125 -0.0601158142089844 0.0483322143554688 0.0669631958007813
-0.0729293823242188 -0.0171966552734375 -0.0281543731689453 -0.00639915466308594
-0.050537109375 0.0374374389648438 -0.0607681274414062 0.0565757751464844
-0.00947189331054688 0.0624809265136719 -0.0334014892578125 0.105545043945313
0.0410575866699219 0.04461669921875 0.047637939453125 0.135154724121094
0.0611610412597656 0.02435302734375 0.117950439453125 0.122795104980469
0.046722412109375 0.0272369384765625 0.114479064941406 0.102638244628906
0.0534133911132813 0.0295982360839844 0.10040283203125 0.113449096679688
0.02838134765625 0.0520401000976563 0.053955078125 0.114479064941406
-0.0155677795410156 0.0590591430664063 0.0138931274414062 0.0789108276367188
-0.061492919921875 0.0229339599609375 0.0118789672851562 0.0552749633789063
-0.0577163696289062 -0.0455398559570313 0.0580368041992187 0.0738906860351562
-0.0169296264648437 -0.0708389282226563 0.09161376953125 0.189163208007813
0.0284347534179687 -0.0569648742675781 -0.029693603515625 0.33563232421875
0.0174407958984375 -0.185928344726563 0.0238113403320312 0.132034301757812
-0.0667648315429687 -0.136283874511719 0.0371665954589844 0.0622329711914063
-0.143508911132812 -0.0671844482421875 -0.0210113525390625 -0.00888824462890626
-0.122154235839844 0.0489578247070312 -0.0516090393066406 0.0408172607421875
-0.0557098388671875 0.111602783203125 -0.0428390502929687 0.0795974731445313
0.046905517578125 0.114410400390625 0.0298614501953125 0.117111206054688
0.0948867797851563 0.0854644775390625 0.0918960571289063 0.108207702636719
0.0764541625976563 0.0862808227539063 0.0897369384765625 0.0844039916992188
0.0910491943359375 0.092529296875 0.0780563354492188 0.0940475463867188
0.0412445068359375 0.117576599121094 0.045440673828125 0.0845947265625
-0.0429153442382812 0.122802734375 0.0155906677246094 0.0476760864257813
-0.1239013671875 0.057037353515625 0.0273971557617187 0.0363082885742188
-0.137725830078125 -0.082763671875 0.0775680541992187 0.066619873046875
-0.0776214599609375 -0.148818969726562 0.0970916748046875 0.180938720703125
0.013824462890625 -0.16650390625 -0.013458251953125 0.309478759765625
0.0107574462890625 -0.264175415039063 0.0240707397460938 0.0722885131835938
-0.092529296875 -0.198577880859375 0.0203437805175781 0.0373306274414062
-0.200653076171875 -0.110321044921875 -0.0178031921386719 -0.0104846954345703
-0.182785034179688 0.0552978515625 -0.0365676879882813 0.0240478515625
-0.097808837890625 0.146759033203125 -0.0433845520019531 0.04388427734375
0.043853759765625 0.168685913085938 0.0104446411132813 0.0823593139648438
0.113700866699219 0.133750915527344 0.05419921875 0.07666015625
0.0941390991210938 0.131584167480469 0.051727294921875 0.0530624389648438
0.117271423339844 0.140151977539063 0.0432624816894531 0.0616722106933594
0.0523529052734375 0.166427612304688 0.0277595520019531 0.0418701171875
-0.060394287109375 0.174057006835938 0.0119953155517578 0.00756549835205079
-0.16851806640625 0.091522216796875 0.0404891967773437 0.00911712646484376
-0.204910278320313 -0.1004638671875 0.0911788940429687 0.0506057739257812
-0.134017944335938 -0.201400756835937 0.0899200439453125 0.153945922851563
-0.00691223144531249 -0.249374389648438 -0.00242614746093752 0.248321533203125
-0.000488281249999985 -0.3035888671875 0.0276527404785156 -0.0107212066650391
-0.113357543945313 -0.23297119140625 -0.0006704330444336 -0.00455904006958009
-0.236953735351563 -0.131881713867188 -0.0172433853149414 -0.0142660140991211
-0.218887329101563 0.059722900390625 -0.0176715850830078 0.00448417663574219
-0.123947143554687 0.164459228515625 -0.0357818603515625 0.00165557861328126
0.03607177734375 0.198455810546875 -0.00834083557128906 0.033163070678711
0.11590576171875 0.1622314453125 0.00951576232910157 0.0319461822509766
0.09814453125 0.15625 0.00584506988525391 0.0144863128662109
0.125869750976563 0.166122436523437 -0.000255584716796866 0.0210437774658203
0.05670166015625 0.1904296875 0.00154829025268555 -0.00754356384277343
-0.0684051513671875 0.201004028320313 0.00257492065429687 -0.0373382568359375
-0.18792724609375 0.114532470703125 0.0471382141113281 -0.0232505798339844
-0.24176025390625 -0.10211181640625 0.0930023193359375 0.0289993286132812
-0.169754028320312 -0.222015380859375 0.065826416015625 0.111724853515625
-0.0260009765625 -0.292510986328125 0.000915527343749992 0.161590576171875
-0.0164794921875 -0.2984619140625 0.0300521850585937 -0.106132507324219
-0.122360229492187 -0.228485107421875 -0.0236396789550781 -0.0576171875
-0.236221313476563 -0.127182006835937 -0.0195026397705078 -0.0212917327880859
-0.217269897460938 0.0596923828125 0.000295639038085923 -0.0186519622802734
-0.126144409179688 0.157058715820312 -0.0243377685546875 -0.0418052673339844
0.0265960693359375 0.196121215820313 -0.0259895324707031 -0.022552490234375
0.101425170898437 0.163681030273438 -0.0359077453613281 -0.0180091857910156
0.0878143310546875 0.157791137695313 -0.0410728454589844 -0.0266990661621094
0.11468505859375 0.16729736328125 -0.04559326171875 -0.0226325988769531
0.048248291015625 0.184829711914062 -0.0276641845703125 -0.0560302734375
-0.0697021484375 0.19232177734375 -0.00926971435546875 -0.07843017578125
-0.1798095703125 0.1097412109375 0.0476837158203125 -0.05328369140625
-0.232803344726563 -0.0956268310546876 0.0830459594726562 0.00823974609374999
-0.168655395507812 -0.211318969726563 0.029052734375 0.0632972717285156
-0.033538818359375 -0.2896728515625 -0.00279235839843751 0.0635986328125
-0.0324859619140625 -0.247024536132813 0.02947998046875 -0.19866943359375
-0.114425659179688 -0.183914184570313 -0.0451202392578125 -0.112258911132813
-0.193283081054688 -0.096221923828125 -0.0239753723144531 -0.0307044982910156
-0.173797607421875 0.0503692626953125 0.01300048828125 -0.0410346984863281
-0.102798461914063 0.122901916503906 -0.012664794921875 -0.0770950317382813
0.0145416259765625 0.159988403320313 -0.0403366088867187 -0.0726394653320313
0.073089599609375 0.139266967773438 -0.0757598876953125 -0.0651626586914062
0.0639114379882813 0.134284973144531 -0.0819931030273437 -0.064239501953125
0.0838165283203125 0.14434814453125 -0.0841827392578125 -0.0639877319335937
0.0278472900390625 0.151870727539063 -0.0513229370117188 -0.0972366333007812
-0.068695068359375 0.14910888671875 -0.0154495239257813 -0.108695983886719
-0.146041870117188 0.0758819580078125 0.0474700927734375 -0.072662353515625
-0.1768798828125 -0.0855560302734375 0.0669288635253906 -0.00568389892578125
-0.12884521484375 -0.169998168945312 -0.00775814056396485 0.0166168212890625
-0.029144287109375 -0.240646362304688 -0.00817489624023437 -0.0305805206298828
-0.04150390625 -0.157012939453125 0.024169921875 -0.274017333984375
-0.0858993530273438 -0.110008239746094 -0.0629730224609375 -0.158935546875
-0.116783142089844 -0.0494842529296875 -0.0310249328613281 -0.0400924682617187
-0.0989608764648438 0.0323944091796875 0.0152244567871094 -0.0560798645019531
-0.0617637634277344 0.068023681640625 -0.00373077392578126 -0.0951919555664063
0.00203704833984375 0.0985260009765625 -0.0494003295898437 -0.107162475585938
0.0332412719726562 0.0926361083984375 -0.104049682617188 -0.100616455078125
0.030059814453125 0.0906524658203125 -0.109573364257812 -0.0929031372070313
0.0399703979492188 0.100791931152344 -0.108200073242188 -0.0979843139648437
0.000595092773437494 0.0971755981445313 -0.062713623046875 -0.12628173828125
-0.059173583984375 0.0829696655273438 -0.0110397338867188 -0.1239013671875
-0.0930328369140625 0.0277633666992188 0.0489425659179687 -0.0793533325195313
-0.0935592651367187 -0.0663070678710938 0.0515174865722656 -0.0118217468261719
-0.067657470703125 -0.105796813964844 -0.0327644348144531 -0.021820068359375
-0.0194549560546875 -0.155670166015625 -0.00969696044921874 -0.104415893554688
-0.0427284240722656 -0.0424385070800781 0.013336181640625 -0.32037353515625
-0.0451774597167969 -0.0218887329101563 -0.0782470703125 -0.190185546875
-0.0261211395263672 0.00292205810546875 -0.0441856384277344 -0.045501708984375
-0.0134134292602539 0.0104990005493164 0.00684356689453124 -0.0586662292480469
-0.0129966735839844 0.00533866882324219 0.00098419189453124 -0.0940322875976563
-0.0108146667480469 0.0226325988769531 -0.0525741577148437 -0.120147705078125
-0.0113010406494141 0.0311832427978516 -0.115493774414063 -0.117759704589844
-0.00787353515625 0.0321540832519531 -0.121505737304688 -0.107498168945313
-0.00850296020507812 0.0408706665039063 -0.115653991699219 -0.119247436523438
-0.0229129791259766 0.0288600921630859 -0.0606231689453125 -0.139633178710938
-0.0382041931152344 0.00952911376953126 -0.000160217285156256 -0.123115539550781
-0.0269050598144531 -0.0155296325683594 0.05255126953125 -0.0752334594726563
-0.00547599792480468 -0.0309352874755859 0.0399665832519531 -0.0122146606445313
-0.00630378723144531 -0.0243930816650391 -0.042877197265625 -0.0470848083496094
-0.0116157531738281 -0.0480499267578125 -0.007843017578125 -0.148880004882813
0.0177536010742188 -0.0839920043945313 0.0375213623046875 0.160919189453125
-0.0361213684082031 -0.0576667785644531 0.0550270080566406 0.0647926330566406
-0.0734176635742188 -0.01220703125 -0.0280246734619141 -0.00514411926269532
-0.0479240417480469 0.0402946472167969 -0.0562896728515625 0.0605506896972656
-0.00490951538085937 0.0632171630859375 -0.0262985229492187 0.108512878417969
0.0440521240234375 0.0409088134765625 0.0567398071289063 0.132598876953125
0.0621681213378906 0.0190086364746094 0.127548217773438 0.116012573242188
0.048095703125 0.0235023498535156 0.122886657714844 0.0969161987304688
0.0553436279296875 0.0245628356933594 0.109848022460938 0.109016418457031
0.0319938659667969 0.04937744140625 0.06182861328125 0.112770080566406
-0.0103492736816406 0.0594902038574219 0.018768310546875 0.0789642333984375
-0.0602836608886719 0.02728271484375 0.0159797668457031 0.0552291870117188
-0.0609016418457031 -0.0402908325195313 0.0642547607421875 0.0701179504394531
-0.022308349609375 -0.0691146850585938 0.1055908203125 0.183731079101563
0.0244369506835937 -0.0589599609375 -0.00708007812500002 0.340667724609375
0.00430297851562501 -0.189132690429687 0.03265380859375 0.134231567382813
-0.0739364624023437 -0.132499694824219 0.0436592102050781 0.0608673095703125
-0.148544311523437 -0.0579681396484375 -0.0217075347900391 -0.00782966613769531
-0.119575500488281 0.0570907592773438 -0.0487899780273438 0.0443534851074219
-0.0482940673828125 0.116371154785156 -0.0377883911132813 0.0837860107421875
0.0554656982421875 0.110435485839844 0.0382232666015625 0.115951538085938
0.101028442382813 0.078277587890625 0.100776672363281 0.102745056152344
0.0824508666992188 0.0807952880859375 0.0966567993164062 0.0797119140625
0.098480224609375 0.0850448608398438 0.0864181518554687 0.090576171875
0.0500335693359375 0.114341735839844 0.0514068603515625 0.0827713012695313
-0.0340347290039063 0.125892639160156 0.0182380676269531 0.0474624633789063
-0.121452331542969 0.0665969848632813 0.0301055908203125 0.0356826782226563
-0.14495849609375 -0.0724639892578125 0.0833282470703125 0.0626983642578125
-0.088165283203125 -0.1429443359375 0.110549926757813 0.1761474609375
0.002471923828125 -0.169952392578125 0.00640869140625002 0.3134765625
-0.007598876953125 -0.26849365234375 0.0297012329101563 0.07440185546875
-0.104827880859375 -0.194656372070313 0.0252723693847656 0.037994384765625
-0.210311889648438 -0.0972442626953125 -0.0190505981445313 -0.00994682312011719
-0.1807861328125 0.0675811767578125 -0.0351486206054688 0.0269584655761719
-0.088653564453125 0.155593872070313 -0.0404129028320312 0.0485649108886719
0.0567626953125 0.165573120117188 0.0173721313476563 0.0820159912109375
0.12445068359375 0.125961303710938 0.0607452392578125 0.0735092163085938
0.104598999023438 0.125862121582031 0.0557632446289063 0.0504684448242188
0.1280517578125 0.131248474121094 0.0488510131835938 0.0599136352539063
0.0649566650390625 0.162750244140625 0.0304489135742188 0.0411224365234375
-0.047943115234375 0.1793212890625 0.0117425918579102 0.00705051422119142
-0.164718627929687 0.104339599609375 0.0413856506347656 0.00761413574218751
-0.214614868164063 -0.0863189697265625 0.0952377319335937 0.04571533203125
-0.148452758789063 -0.192306518554687 0.1009521484375 0.149505615234375
-0.024139404296875 -0.253097534179688 0.0132293701171875 0.2506103515625
-0.022003173828125 -0.3087158203125 0.0277233123779297 -0.0100231170654297
-0.128555297851563 -0.228546142578125 0.00105285644531249 -0.00247859954833986
-0.249130249023437 -0.117385864257813 -0.019399642944336 -0.0131092071533203
-0.217529296875 0.0743255615234375 -0.0179462432861328 0.00651931762695313
-0.114181518554687 0.175521850585938 -0.0362396240234375 0.00706100463867188
0.0513763427734375 0.196319580078125 -0.00434684753417968 0.0337047576904297
0.129257202148438 0.153793334960938 0.0128822326660156 0.0315685272216797
0.11065673828125 0.151412963867188 0.00629520416259766 0.0141334533691406
0.139572143554688 0.157196044921875 0.00239562988281251 0.021759033203125
0.07110595703125 0.186660766601563 0.00128984451293946 -0.00717687606811522
-0.054412841796875 0.206939697265625 -0.000148773193359381 -0.0372352600097656
-0.183120727539063 0.128631591796875 0.0457191467285156 -0.025115966796875
-0.252685546875 -0.085845947265625 0.0954742431640625 0.0241775512695312
-0.185867309570313 -0.211532592773437 0.073760986328125 0.109123229980469
-0.045074462890625 -0.296722412109375 0.0106964111328125 0.163360595703125
-0.036285400390625 -0.302490234375 0.0239334106445312 -0.107711791992188
-0.1380615234375 -0.224700927734375 -0.0262031555175781 -0.0552253723144531
-0.249618530273438 -0.112274169921875 -0.0224037170410156 -0.0201091766357422
-0.216156005859375 0.0749359130859375 -0.00137519836425783 -0.0178604125976562
-0.1173095703125 0.168930053710937 -0.0275840759277344 -0.0383872985839844
0.041107177734375 0.19512939453125 -0.0259838104248047 -0.0217266082763672
0.115493774414062 0.157394409179688 -0.0366058349609375 -0.0163345336914062
0.09979248046875 0.153366088867188 -0.0437431335449219 -0.0241737365722656
0.128402709960938 0.159652709960938 -0.0461921691894531 -0.019287109375
0.0621490478515625 0.182373046875 -0.0320014953613281 -0.0537223815917969
-0.0566558837890625 0.199188232421875 -0.0146408081054687 -0.0780563354492187
-0.17510986328125 0.123245239257812 0.0441513061523437 -0.05548095703125
-0.2427978515625 -0.0807189941406251 0.0835418701171875 0.00439453124999999
-0.182785034179688 -0.20074462890625 0.0331268310546875 0.0632553100585937
-0.052490234375 -0.293365478515625 -2.28881835937546E-05 0.0640716552734375
-0.04803466796875 -0.250503540039063 0.0172576904296875 -0.201217651367188
-0.1268310546875 -0.180953979492188 -0.0522613525390625 -0.109100341796875
-0.204620361328125 -0.0850677490234375 -0.0274925231933594 -0.0293941497802734
-0.172897338867187 0.0626220703125 0.00936126708984374 -0.0406837463378906
-0.0964736938476563 0.133003234863281 -0.0183258056640625 -0.0752410888671875
0.026580810546875 0.160018920898437 -0.0435028076171875 -0.0706634521484375
0.0852737426757813 0.135246276855469 -0.0804977416992188 -0.0606307983398437
0.0743865966796875 0.131927490234375 -0.087554931640625 -0.0596389770507812
0.095794677734375 0.139457702636719 -0.087921142578125 -0.0592422485351563
0.0394744873046875 0.150787353515625 -0.0582504272460938 -0.0946044921875
-0.05877685546875 0.156021118164063 -0.02264404296875 -0.108161926269531
-0.143508911132813 0.087188720703125 0.042388916015625 -0.0758743286132813
-0.186203002929688 -0.07476806640625 0.0660781860351562 -0.00891494750976563
-0.141326904296875 -0.163009643554688 -0.00766372680664064 0.0184326171875
-0.0456695556640625 -0.244522094726563 -0.0111007690429688 -0.0302829742431641
-0.0515899658203125 -0.158706665039063 0.00634765624999999 -0.277114868164063
-0.0942916870117188 -0.107475280761719 -0.0745086669921875 -0.15521240234375
-0.12408447265625 -0.0436325073242187 -0.035552978515625 -0.0380592346191406
-0.0994796752929688 0.0397262573242187 0.0104522705078125 -0.0559005737304688
-0.0585861206054688 0.0749130249023438 -0.0101852416992188 -0.094818115234375
0.00989532470703125 0.0996856689453125 -0.0552902221679688 -0.104972839355469
0.0412216186523438 0.0908660888671875 -0.110939025878906 -0.0942459106445312
0.0375747680664062 0.0902328491210937 -0.117416381835938 -0.0868301391601562
0.0483779907226562 0.0990066528320313 -0.115119934082031 -0.0918655395507813
0.00807952880859374 0.0978851318359375 -0.0716094970703125 -0.123214721679688
-0.0541305541992187 0.0888671875 -0.019378662109375 -0.123130798339844
-0.0933990478515625 0.0350875854492187 0.0435638427734375 -0.0829086303710938
-0.100631713867188 -0.0617218017578125 0.0499420166015625 -0.01409912109375
-0.0755386352539063 -0.102294921875 -0.0356407165527344 -0.0181007385253906
-0.0300140380859375 -0.158843994140625 -0.0178756713867188 -0.105865478515625
-0.0449180603027344 -0.0424385070800781 -0.00756835937500003 -0.323333740234375
-0.0479278564453125 -0.0203704833984375 -0.092987060546875 -0.18634033203125
-0.0280246734619141 0.00372505187988281 -0.0487174987792969 -0.0424957275390625
-0.0142669677734375 0.0123586654663086 0.00208663940429688 -0.0587921142578125
-0.0134010314941406 0.00713729858398438 -0.00484466552734374 -0.0946273803710938
-0.00941085815429688 0.0238819122314453 -0.0599822998046875 -0.118003845214844
-0.00762939453125 0.033447265625 -0.124710083007812 -0.111221313476563
-0.00454139709472657 0.0340538024902344 -0.130241394042969 -0.101539611816406
-0.00536346435546875 0.0422477722167969 -0.125045776367188 -0.11328125
-0.0207977294921875 0.0309906005859375 -0.0704727172851563 -0.136680603027344
-0.0378456115722656 0.0137214660644531 -0.00789642333984375 -0.123420715332031
-0.0289707183837891 -0.0131664276123047 0.0472793579101563 -0.079254150390625
-0.009033203125 -0.0323162078857422 0.0382194519042969 -0.013641357421875
-0.00909042358398438 -0.0249595642089844 -0.0481109619140625 -0.0429611206054688
-0.0149955749511719 -0.0499649047851563 -0.01873779296875 -0.150222778320313
0.0130233764648437 -0.0823593139648438 0.0451202392578125 0.160003662109375
-0.0364532470703125 -0.0546951293945313 0.0587959289550781 0.0618820190429688
-0.0712051391601562 -0.00870513916015624 -0.0273666381835938 -0.00418663024902344
-0.0450668334960938 0.041351318359375 -0.0524063110351563 0.0617866516113281
-0.000980377197265626 0.0627670288085938 -0.0210800170898438 0.108558654785156
0.0457763671875 0.0373649597167969 0.0617218017578125 0.128189086914063
0.0609893798828125 0.0148735046386719 0.130790710449219 0.108230590820313
0.0477867126464844 0.0207481384277344 0.126274108886719 0.0909576416015625
0.0552139282226563 0.0208625793457031 0.114158630371094 0.104255676269531
0.0339202880859375 0.0464286804199219 0.06573486328125 0.109573364257812
-0.00728607177734375 0.0581741333007813 0.0212554931640625 0.077606201171875
-0.0578269958496094 0.0304336547851563 0.0180931091308594 0.0545005798339844
-0.0616836547851563 -0.0356864929199219 0.0668678283691406 0.0657997131347656
-0.0252876281738281 -0.0647010803222656 0.11273193359375 0.17596435546875
0.0208473205566406 -0.0590744018554687 0.00778198242187501 0.33782958984375
-0.00502014160156249 -0.186859130859375 0.0392608642578125 0.134063720703125
-0.0773086547851562 -0.128005981445313 0.0481338500976562 0.0593299865722656
-0.149185180664063 -0.0501708984375 -0.0219955444335938 -0.00703048706054688
-0.114799499511719 0.0611648559570313 -0.0458602905273438 0.0455513000488281
-0.04205322265625 0.117401123046875 -0.0334854125976563 0.0855026245117188
0.0599822998046875 0.105064392089844 0.0431442260742188 0.112388610839844
0.1033935546875 0.070770263671875 0.104690551757813 0.0968093872070313
0.0847854614257813 0.0760498046875 0.0992355346679688 0.07537841796875
0.100967407226563 0.0783233642578125 0.0908279418945313 0.0865249633789063
0.0550155639648438 0.109642028808594 0.0540924072265625 0.0804977416992188
-0.02734375 0.125099182128906 0.0192680358886719 0.0464286804199219
-0.117118835449219 0.0717391967773437 0.03179931640625 0.0349769592285156
-0.146728515625 -0.063720703125 0.0851593017578125 0.0581741333007812
-0.0929183959960938 -0.135704040527344 0.117645263671875 0.16845703125
-0.00561523437500001 -0.169143676757812 0.01922607421875 0.31036376953125
-0.0202789306640625 -0.265853881835938 0.033477783203125 0.074981689453125
-0.110580444335938 -0.188674926757812 0.0287208557128906 0.0376472473144531
-0.21307373046875 -0.086761474609375 -0.0199527740478516 -0.00892829895019532
-0.175491333007813 0.07452392578125 -0.0336532592773438 0.0285491943359375
-0.0805206298828125 0.158706665039063 -0.0380973815917969 0.0514335632324219
0.0642852783203125 0.159042358398438 0.0216522216796875 0.0796432495117188
0.129104614257813 0.11669921875 0.0639801025390625 0.0696067810058594
0.109451293945313 0.119583129882813 0.0572052001953125 0.0481109619140625
0.133010864257813 0.12237548828125 0.0522232055664063 0.0578651428222656
0.0721588134765625 0.156234741210937 0.0314712524414063 0.0397834777832031
-0.0384368896484375 0.17877197265625 0.0112714767456055 0.00673389434814454
-0.158523559570313 0.111343383789062 0.040924072265625 0.00683212280273438
-0.21661376953125 -0.07489013671875 0.0967941284179687 0.0415496826171875
-0.154190063476562 -0.18255615234375 0.106948852539062 0.143356323242188
-0.0351715087890625 -0.251708984375 0.0233612060546875 0.247879028320312
-0.035186767578125 -0.306427001953125 0.0276203155517578 -0.00825881958007814
-0.135589599609375 -0.2225341796875 0.00311541557312011 -0.00129938125610353
-0.253799438476563 -0.105545043945313 -0.021200180053711 -0.0122337341308594
-0.212234497070313 0.083251953125 -0.0182819366455078 0.00793838500976563
-0.105941772460937 0.180191040039063 -0.0353279113769531 0.0100517272949219
0.06036376953125 0.1904296875 -0.00159072875976562 0.033010482788086
0.135848999023438 0.145065307617187 0.0146064758300781 0.0305423736572266
0.116683959960938 0.144927978515625 0.00698661804199219 0.0133762359619141
0.145538330078125 0.147735595703125 0.00454139709472657 0.0215663909912109
0.079193115234375 0.179824829101563 0.000340461730957035 -0.00697803497314452
-0.0438995361328125 0.207138061523438 -0.00267791748046875 -0.0365638732910156
-0.17626953125 0.136016845703125 0.0438232421875 -0.0255622863769531
-0.254730224609375 -0.0733642578125001 0.0951919555664062 0.0207672119140625
-0.192276000976563 -0.200393676757813 0.0776824951171875 0.104766845703125
-0.05816650390625 -0.294769287109375 0.0172882080078125 0.160934448242187
-0.04913330078125 -0.30072021484375 0.0195846557617187 -0.1053466796875
-0.14483642578125 -0.218765258789063 -0.0268135070800781 -0.0518302917480469
-0.25469970703125 -0.100570678710937 -0.0247135162353516 -0.018667221069336
-0.2117919921875 0.0839385986328125 -0.00269222259521486 -0.0157384872436523
-0.109527587890625 0.173965454101563 -0.0287151336669922 -0.034881591796875
0.0499114990234375 0.190078735351562 -0.0245208740234375 -0.0205154418945312
0.1226806640625 0.14886474609375 -0.035797119140625 -0.0148162841796875
0.106552124023438 0.147705078125 -0.0443496704101562 -0.0225257873535156
0.134475708007813 0.150405883789063 -0.0454025268554687 -0.01715087890625
0.0710296630859375 0.176040649414063 -0.0340080261230469 -0.0520248413085937
-0.046722412109375 0.199905395507812 -0.0187301635742188 -0.075927734375
-0.16900634765625 0.13037109375 0.0407791137695312 -0.0557632446289062
-0.244903564453125 -0.068878173828125 0.0826339721679687 0.002197265625
-0.18951416015625 -0.190322875976562 0.0351982116699219 0.0618057250976562
-0.06524658203125 -0.290740966796875 0.00190353393554687 0.0635032653808594
-0.05816650390625 -0.24853515625 0.00885009765624999 -0.199005126953125
-0.133102416992187 -0.176132202148438 -0.0560302734375 -0.104484558105469
-0.209228515625 -0.0755767822265625 -0.0304222106933594 -0.0273551940917969
-0.17034912109375 0.070220947265625 0.00660324096679686 -0.0392723083496094
-0.0908203125 0.137641906738281 -0.0206069946289063 -0.0714035034179687
0.0343780517578125 0.156356811523438 -0.0440597534179687 -0.0686874389648438
0.0920257568359375 0.129173278808594 -0.0816879272460938 -0.056884765625
0.0808486938476563 0.127960205078125 -0.089385986328125 -0.0560760498046875
0.101768493652344 0.132423400878906 -0.0884933471679688 -0.0546951293945312
0.046722412109375 0.146820068359375 -0.0618438720703125 -0.0910186767578125
-0.04986572265625 0.1571044921875 -0.0278778076171875 -0.10528564453125
-0.139053344726562 0.0931015014648438 0.0377960205078125 -0.0757217407226563
-0.1888427734375 -0.0660552978515625 0.0646934509277343 -0.00983428955078125
-0.145919799804688 -0.15478515625 -0.00754547119140626 0.0198879241943359
-0.0559234619140625 -0.242919921875 -0.0132427215576172 -0.0297908782958984
-0.0575714111328125 -0.157485961914063 -0.00534057617187499 -0.274368286132813
-0.0981369018554687 -0.104598999023438 -0.080810546875 -0.149520874023438
-0.127059936523438 -0.0380935668945313 -0.0386466979980469 -0.0350914001464844
-0.0980072021484375 0.0446319580078125 0.00740814208984374 -0.054107666015625
-0.0555419921875 0.0783615112304688 -0.0137786865234375 -0.092315673828125
0.0145797729492187 0.0973281860351562 -0.0577774047851562 -0.101974487304688
0.0472488403320312 0.0884475708007813 -0.113998413085938 -0.088775634765625
0.0424728393554688 0.087677001953125 -0.120750427246094 -0.0813751220703125
0.0534744262695313 0.0949325561523438 -0.117767333984375 -0.0861434936523438
0.013641357421875 0.0958023071289062 -0.0760726928710938 -0.118904113769531
-0.0485153198242187 0.0914306640625 -0.0247955322265625 -0.120567321777344
-0.0916976928710938 0.039794921875 0.0388107299804687 -0.083099365234375
-0.103836059570313 -0.0569839477539063 0.0482025146484375 -0.0146331787109375
-0.0789947509765625 -0.0983810424804688 -0.037200927734375 -0.0149383544921875
-0.036865234375 -0.158538818359375 -0.023040771484375 -0.104110717773438
-0.0452003479003906 -0.0418167114257812 -0.0213623046875 -0.32098388671875
-0.0490379333496094 -0.0199241638183594 -0.10089111328125 -0.180252075195313
-0.0298118591308594 0.00377464294433594 -0.0511093139648437 -0.0390777587890625
-0.0153875350952148 0.0126972198486328 -0.0015411376953125 -0.0570182800292969
-0.0141839981079102 0.00860595703125 -0.00875854492187499 -0.093170166015625
-0.00787162780761719 0.0247611999511719 -0.0631484985351562 -0.114669799804687
-0.00478553771972656 0.0338993072509766 -0.128631591796875 -0.104454040527344
-0.00238990783691406 0.0346393585205078 -0.134231567382813 -0.0947723388671875
-0.00241851806640625 0.0422248840332031 -0.129074096679688 -0.106674194335938
-0.0182037353515625 0.0319595336914062 -0.0751876831054688 -0.132095336914063
-0.03656005859375 0.0170478820800781 -0.0134124755859375 -0.120758056640625
-0.0300579071044922 -0.0106925964355469 0.0425491333007813 -0.0803298950195313
-0.0122261047363281 -0.0325870513916016 0.0362319946289063 -0.0142669677734375
-0.0105133056640625 -0.0256404876708984 -0.0501937866210938 -0.0390777587890625
-0.0173873901367187 -0.0506591796875 -0.0257415771484375 -0.149154663085938
0.0109100341796875 -0.08056640625 0.0488128662109375 0.1602783203125
-0.0359115600585938 -0.0529861450195313 0.0612754821777344 0.0599327087402344
-0.0697784423828125 -0.00701141357421874 -0.0272064208984375 -0.00391387939453126
-0.043212890625 0.0409584045410156 -0.0502548217773438 0.0613975524902344
0.000747680664062503 0.0615005493164063 -0.0189971923828125 0.108482360839844
0.0453224182128906 0.0345497131347656 0.06304931640625 0.1258544921875
0.059112548828125 0.0121879577636719 0.132614135742188 0.104560852050781
0.047119140625 0.0192222595214844 0.127128601074219 0.0890655517578125
0.0542030334472656 0.0182876586914063 0.11566162109375 0.102066040039062
0.0341033935546875 0.0440444946289063 0.0667800903320313 0.108467102050781
-0.00553131103515624 0.0567054748535156 0.02203369140625 0.076568603515625
-0.0566062927246094 0.0318222045898437 0.0194740295410156 0.0540847778320313
-0.0610771179199219 -0.0326690673828125 0.0674247741699219 0.0634231567382813
-0.0263252258300781 -0.0622406005859375 0.115127563476563 0.170867919921875
0.0191764831542969 -0.0586624145507813 0.013275146484375 0.334381103515625
-0.00898742675781249 -0.184234619140625 0.0420989990234375 0.135223388671875
-0.0774688720703125 -0.125732421875 0.0507240295410156 0.0581169128417969
-0.148208618164063 -0.0464935302734375 -0.0223293304443359 -0.00693511962890625
-0.11279296875 0.062042236328125 -0.0443611145019531 0.0464019775390625
-0.038848876953125 0.117691040039063 -0.0316848754882813 0.0858001708984375
0.061431884765625 0.100753784179688 0.044891357421875 0.110260009765625
0.10302734375 0.0665206909179688 0.106002807617188 0.0934600830078125
0.0855255126953125 0.0738143920898438 0.100051879882813 0.0736541748046875
0.100975036621094 0.0738372802734375 0.0927047729492188 0.0850677490234375
0.0563583374023438 0.106170654296875 0.0545120239257812 0.0796279907226562
-0.0239715576171875 0.123344421386719 0.0191230773925781 0.0459365844726563
-0.11517333984375 0.0738983154296875 0.0322608947753906 0.0347099304199219
-0.146453857421875 -0.0591888427734375 0.0855560302734375 0.0560455322265625
-0.0944290161132813 -0.131240844726563 0.119842529296875 0.163955688476562
-0.00955200195312502 -0.16766357421875 0.024383544921875 0.3070068359375
-0.0256195068359375 -0.263671875 0.0352401733398437 0.0767669677734375
-0.111541748046875 -0.185638427734375 0.0312156677246094 0.0375747680664062
-0.212554931640625 -0.082305908203125 -0.0206966400146485 -0.00886917114257813
-0.172637939453125 0.0765228271484375 -0.0327262878417969 0.0294628143310547
-0.0766143798828125 0.159744262695313 -0.0365028381347656 0.0530128479003906
0.0667572021484375 0.1544189453125 0.023101806640625 0.0778732299804688
0.130516052246094 0.111846923828125 0.0652999877929688 0.0679588317871094
0.110305786132813 0.116630554199219 0.0573844909667969 0.0471343994140625
0.133888244628906 0.117118835449219 0.0544052124023438 0.0569877624511719
0.0745697021484375 0.151870727539063 0.0317230224609375 0.0394515991210938
-0.034210205078125 0.1771240234375 0.0104360580444336 0.00700950622558595
-0.155807495117188 0.113739013671875 0.0409126281738281 0.00698089599609376
-0.216751098632813 -0.0690765380859375 0.0964736938476562 0.0401458740234375
-0.154678344726563 -0.1768798828125 0.108268737792969 0.140365600585938
-0.040313720703125 -0.250335693359375 0.026763916015625 0.245819091796875
-0.04095458984375 -0.304168701171875 0.0278739929199219 -0.00660896301269533
-0.137176513671875 -0.219940185546875 0.00478410720825194 -0.00060987472534181
-0.2547607421875 -0.099578857421875 -0.0225582122802735 -0.0116844177246094
-0.209579467773438 0.086822509765625 -0.0176734924316406 0.00923919677734376
-0.101547241210938 0.18206787109375 -0.0345954895019531 0.0120868682861328
0.0639801025390625 0.185302734375 -0.00017738342285156 0.0320987701416016
0.138519287109375 0.138885498046875 0.0162868499755859 0.0293941497802734
0.118850708007813 0.141647338867188 0.0069112777709961 0.0137853622436524
0.14739990234375 0.142059326171875 0.00597190856933595 0.0211563110351563
0.0820770263671875 0.174911499023438 -0.000389575958251949 -0.00598526000976562
-0.03851318359375 0.205322265625 -0.00426101684570313 -0.0356636047363281
-0.172927856445313 0.138900756835938 0.0432357788085937 -0.0248146057128906
-0.254638671875 -0.067779541015625 0.0948104858398437 0.01995849609375
-0.19293212890625 -0.195465087890625 0.0784225463867188 0.102760314941406
-0.06317138671875 -0.29302978515625 0.019073486328125 0.159530639648437
-0.053924560546875 -0.29998779296875 0.0186233520507812 -0.103187561035156
-0.1475830078125 -0.216552734375 -0.0262718200683594 -0.0500411987304688
-0.256561279296875 -0.095458984375 -0.0268878936767578 -0.01702880859375
-0.209747314453125 0.087371826171875 -0.00341701507568361 -0.0140981674194336
-0.105712890625 0.17669677734375 -0.0287055969238281 -0.0322818756103515
0.053466796875 0.185165405273438 -0.0236930847167969 -0.0207290649414062
0.126068115234375 0.143508911132813 -0.035400390625 -0.0142631530761719
0.109481811523438 0.14459228515625 -0.0451316833496094 -0.021575927734375
0.136932373046875 0.145675659179688 -0.0440673828125 -0.0166282653808594
0.0738677978515625 0.171356201171875 -0.0347900390625 -0.051055908203125
-0.0415802001953125 0.198928833007813 -0.0204315185546875 -0.0744705200195312
-0.166244506835938 0.132644653320312 0.03936767578125 -0.0550384521484375
-0.245162963867188 -0.0643310546875 0.0823745727539062 0.001922607421875
-0.189682006835938 -0.184677124023437 0.0360069274902344 0.0610198974609375
-0.070465087890625 -0.29083251953125 0.00267028808593749 0.0629730224609375
-0.0626068115234375 -0.247940063476563 0.00578308105468751 -0.196304321289063
-0.135177612304688 -0.174758911132813 -0.0562820434570313 -0.10205078125
-0.212005615234375 -0.071929931640625 -0.032562255859375 -0.0253047943115234
-0.1685791015625 0.0737457275390625 0.00569152832031249 -0.0373802185058594
-0.0879058837890625 0.1402587890625 -0.0214729309082031 -0.0694961547851562
0.03753662109375 0.153518676757812 -0.0435600280761719 -0.0685577392578125
0.095458984375 0.12481689453125 -0.08111572265625 -0.0554275512695312
0.0831451416015625 0.125587463378906 -0.0904617309570313 -0.0542068481445312
0.104118347167969 0.12786865234375 -0.0886306762695313 -0.0533447265625
0.04962158203125 0.14300537109375 -0.0631790161132813 -0.0892791748046875
-0.0457000732421875 0.157394409179688 -0.029815673828125 -0.103279113769531
-0.137176513671875 0.09564208984375 0.0361099243164063 -0.0755462646484375
-0.18975830078125 -0.0624237060546875 0.0641517639160156 -0.00968170166015625
-0.147109985351562 -0.151199340820313 -0.00734901428222657 0.0206108093261719
-0.0604095458984375 -0.242218017578125 -0.0143108367919922 -0.0295677185058594
-0.059661865234375 -0.15826416015625 -0.00964355468749998 -0.271865844726563
-0.0994644165039063 -0.104469299316406 -0.082916259765625 -0.146804809570313
-0.129631042480469 -0.0359344482421875 -0.0404510498046875 -0.0327949523925781
-0.0975112915039063 0.046539306640625 0.00590896606445312 -0.0523643493652344
-0.0550155639648437 0.080108642578125 -0.0149688720703125 -0.0905227661132813
0.0161514282226562 0.0961837768554688 -0.0581588745117188 -0.10113525390625
0.0502853393554688 0.0859909057617188 -0.114067077636719 -0.0864639282226562
0.044830322265625 0.0871200561523437 -0.122222900390625 -0.07891845703125
0.0553970336914063 0.0928421020507812 -0.118736267089844 -0.083892822265625
0.0156097412109375 0.0940475463867188 -0.0775833129882813 -0.116539001464844
-0.0455322265625 0.09246826171875 -0.0271759033203125 -0.118408203125
-0.0906524658203125 0.041656494140625 0.0363235473632813 -0.0826873779296875
-0.105056762695313 -0.0552291870117188 0.0478439331054687 -0.0140151977539063
-0.0798110961914063 -0.0965652465820313 -0.0374641418457031 -0.0133018493652344
-0.03973388671875 -0.158370971679687 -0.0250167846679687 -0.103515625
-0.0448188781738281 -0.0433120727539063 -0.026397705078125 -0.318115234375
-0.0495414733886719 -0.0203208923339844 -0.103897094726563 -0.176834106445312
-0.0314311981201172 0.003936767578125 -0.0524482727050781 -0.0366363525390625
-0.0157346725463867 0.0133533477783203 -0.003143310546875 -0.054931640625
-0.0146207809448242 0.00940132141113281 -0.0103302001953125 -0.0920181274414063
-0.00749778747558594 0.0250720977783203 -0.06396484375 -0.113441467285156
-0.00294685363769532 0.0339546203613281 -0.129524230957031 -0.101875305175781
-0.000953674316406252 0.0348892211914063 -0.135444641113281 -0.09228515625
-0.00104522705078125 0.04241943359375 -0.130241394042969 -0.104019165039062
-0.0169239044189453 0.0322933197021484 -0.0771026611328125 -0.1297607421875
-0.0354118347167969 0.0186843872070313 -0.0154876708984375 -0.118553161621094
-0.0305557250976563 -0.00967216491699218 0.0396499633789063 -0.0799560546875
-0.0143470764160156 -0.0324649810791016 0.0354652404785156 -0.0137786865234375
-0.0114841461181641 -0.0260543823242188 -0.0508613586425781 -0.0366592407226562
-0.0187225341796875 -0.05194091796875 -0.0289306640625 -0.1483154296875
0.0104217529296875 -0.0797042846679688 0.0505828857421875 0.164260864257813
-0.0349006652832031 -0.0531044006347656 0.0632896423339844 0.0604972839355469
-0.069580078125 -0.00758361816406249 -0.0278282165527344 -0.00496864318847656
-0.0432586669921875 0.0406036376953125 -0.0506744384765625 0.0617218017578125
0.0021820068359375 0.0615005493164063 -0.0190658569335938 0.109649658203125
0.0457839965820312 0.0339012145996094 0.0632247924804687 0.126777648925781
0.0584144592285156 0.011474609375 0.134132385253906 0.105339050292969
0.0470733642578125 0.019134521484375 0.129730224609375 0.09075927734375
0.0541801452636719 0.0171241760253906 0.118263244628906 0.104339599609375
0.03399658203125 0.0434951782226563 0.0673751831054688 0.11029052734375
-0.00528335571289062 0.056304931640625 0.0219955444335938 0.0780258178710938
-0.0569305419921875 0.0324363708496094 0.0200767517089844 0.0550193786621094
-0.061126708984375 -0.0318832397460937 0.0681114196777344 0.0634346008300781
-0.0263214111328125 -0.06146240234375 0.116195678710938 0.171249389648438
0.01806640625 -0.0584907531738281 0.013824462890625 0.338043212890625
-0.010284423828125 -0.185302734375 0.0447540283203125 0.138809204101563
-0.0771865844726563 -0.126564025878906 0.0531959533691406 0.0591850280761719
-0.149185180664062 -0.0474700927734375 -0.023895263671875 -0.00735664367675781
-0.113548278808594 0.0624160766601562 -0.0445137023925781 0.0471305847167969
-0.0383682250976563 0.119010925292969 -0.0311431884765625 0.0874099731445313
0.06231689453125 0.099822998046875 0.0454864501953125 0.110862731933594
0.103309631347656 0.0651168823242188 0.107765197753906 0.093963623046875
0.0861129760742188 0.0741500854492188 0.102012634277344 0.0750350952148438
0.1021728515625 0.0732269287109375 0.09454345703125 0.086578369140625
0.057159423828125 0.105827331542969 0.0546875 0.0812530517578125
-0.0232925415039063 0.123977661132813 0.018341064453125 0.0469741821289063
-0.116416931152344 0.0752944946289063 0.0329132080078125 0.0358009338378906
-0.147735595703125 -0.059112548828125 0.0867691040039062 0.0561141967773437
-0.0945663452148438 -0.131698608398437 0.121124267578125 0.165176391601563
-0.0104827880859375 -0.170135498046875 0.02410888671875 0.31103515625
-0.026641845703125 -0.267105102539062 0.036956787109375 0.0802764892578125
-0.11175537109375 -0.188919067382813 0.03375244140625 0.0386810302734375
-0.215972900390625 -0.0824737548828125 -0.0224418640136719 -0.00844001770019531
-0.17431640625 0.0774078369140625 -0.033050537109375 0.030487060546875
-0.07647705078125 0.162307739257813 -0.0360488891601563 0.05517578125
0.067474365234375 0.153228759765625 0.0236892700195313 0.0779800415039063
0.132034301757813 0.109710693359375 0.0670280456542969 0.0675773620605469
0.112197875976563 0.117385864257813 0.0583229064941406 0.0481185913085938
0.135574340820313 0.116081237792969 0.0558052062988281 0.0577545166015625
0.075347900390625 0.151443481445312 0.0315704345703125 0.0403671264648438
-0.0332489013671875 0.178573608398438 0.00975513458251953 0.0074138641357422
-0.15838623046875 0.115997314453125 0.0418167114257812 0.00801086425781251
-0.21917724609375 -0.0694122314453125 0.0978469848632812 0.0406112670898437
-0.155838012695313 -0.178009033203125 0.109298706054687 0.14117431640625
-0.0419158935546875 -0.2542724609375 0.0268707275390625 0.248886108398437
-0.042755126953125 -0.30987548828125 0.0292491912841797 -0.00419616699218752
-0.138214111328125 -0.223831176757813 0.00663709640502929 -0.000108242034912123
-0.259811401367188 -0.100357055664063 -0.0248966217041016 -0.0108985900878906
-0.21209716796875 0.08856201171875 -0.017552375793457 0.0104541778564453
-0.101577758789063 0.186126708984375 -0.0343837738037109 0.0137481689453125
0.065032958984375 0.185638427734375 0.000715255737304688 0.0313262939453125
0.140609741210938 0.137786865234375 0.0172462463378906 0.0292301177978516
0.121261596679688 0.14312744140625 0.00657176971435548 0.0141487121582031
0.14984130859375 0.14154052734375 0.00727462768554688 0.0213222503662109
0.0837249755859375 0.174835205078125 -0.00098800659179687 -0.00598764419555663
-0.0379638671875 0.207489013671875 -0.005401611328125 -0.0353050231933594
-0.176223754882813 0.141372680664063 0.0437774658203125 -0.0244293212890625
-0.257797241210937 -0.068328857421875 0.0965805053710937 0.0204010009765625
-0.194046020507813 -0.196563720703125 0.0792694091796875 0.104049682617187
-0.0650634765625 -0.298980712890625 0.0188140869140625 0.160964965820312
-0.055877685546875 -0.305908203125 0.0193252563476562 -0.102500915527344
-0.148971557617187 -0.221237182617188 -0.0250244140625 -0.0498428344726563
-0.26214599609375 -0.0958709716796874 -0.0291328430175781 -0.0158424377441406
-0.212371826171875 0.0901641845703125 -0.00339031219482423 -0.0130453109741211
-0.106430053710938 0.181381225585938 -0.0286273956298828 -0.0310649871826172
0.054840087890625 0.186050415039063 -0.0230350494384766 -0.0218963623046875
0.1290283203125 0.142440795898438 -0.0351791381835937 -0.0148124694824219
0.112335205078125 0.146591186523438 -0.0462722778320312 -0.0222854614257812
0.13958740234375 0.145370483398438 -0.0441093444824219 -0.0176353454589844
0.0748748779296875 0.1715087890625 -0.0362625122070313 -0.0510940551757812
-0.0406494140625 0.201690673828125 -0.0217971801757812 -0.0744094848632812
-0.168594360351563 0.135833740234375 0.0396537780761719 -0.0545272827148437
-0.249557495117188 -0.064697265625 0.0839920043945312 0.00218963623046875
-0.190750122070313 -0.186859130859375 0.0361328125 0.0618972778320312
-0.07269287109375 -0.296539306640625 0.0022430419921875 0.0629005432128906
-0.0635833740234375 -0.25384521484375 0.00604248046875002 -0.197586059570313
-0.137786865234375 -0.17919921875 -0.0566864013671875 -0.102325439453125
-0.21746826171875 -0.0718994140625 -0.0346527099609375 -0.0242900848388672
-0.171783447265625 0.0762176513671875 0.00553512573242187 -0.0363616943359375
-0.0889434814453125 0.144561767578125 -0.0216026306152344 -0.0691719055175781
0.0387115478515625 0.154251098632813 -0.0433502197265625 -0.0705108642578125
0.0982131958007813 0.124191284179688 -0.082061767578125 -0.0560989379882813
0.0858917236328125 0.126998901367187 -0.0926132202148438 -0.0556716918945312
0.106536865234375 0.128311157226563 -0.0893936157226563 -0.0548095703125
0.05078125 0.143295288085938 -0.064361572265625 -0.089691162109375
-0.04473876953125 0.159774780273437 -0.0310440063476563 -0.103507995605469
-0.139556884765625 0.0978546142578125 0.03607177734375 -0.075103759765625
-0.192840576171875 -0.0634002685546875 0.0662269592285156 -0.00940322875976563
-0.14776611328125 -0.153579711914063 -0.00719261169433595 0.0218925476074219
-0.0617523193359375 -0.247695922851563 -0.0149421691894531 -0.0311832427978516
-0.0600433349609375 -0.162628173828125 -0.00996398925781253 -0.274658203125
-0.101661682128906 -0.107147216796875 -0.084014892578125 -0.148178100585938
-0.134056091308594 -0.0358505249023438 -0.0417213439941406 -0.0313453674316406
-0.099853515625 0.0482254028320313 0.00595474243164062 -0.0515708923339844
-0.0555572509765625 0.082855224609375 -0.0149002075195313 -0.0912322998046875
0.0169219970703125 0.0970458984375 -0.0580215454101563 -0.103446960449219
0.0524444580078125 0.0857925415039063 -0.115463256835938 -0.0879364013671875
0.0465621948242188 0.0879745483398438 -0.124885559082031 -0.0806808471679688
0.0570602416992187 0.0930252075195312 -0.120086669921875 -0.0857620239257812
0.0167922973632812 0.0944671630859375 -0.0790328979492187 -0.117446899414063
-0.0450057983398438 0.0942001342773438 -0.027984619140625 -0.118812561035156
-0.0925216674804687 0.0426712036132812 0.0362167358398437 -0.0831832885742187
-0.108253479003906 -0.0562820434570313 0.0493621826171875 -0.0135612487792969
-0.0804061889648438 -0.0983200073242188 -0.0383872985839844 -0.012451171875
-0.040740966796875 -0.162704467773438 -0.0262603759765625 -0.105690002441406
-0.0449714660644531 -0.0457649230957031 -0.027587890625 -0.321868896484375
-0.0511932373046875 -0.0215721130371094 -0.106109619140625 -0.178054809570313
-0.0331249237060547 0.00369453430175782 -0.0531806945800781 -0.034942626953125
-0.0171232223510742 0.0145530700683594 -0.00272750854492188 -0.0544471740722656
-0.0159807205200195 0.0103282928466797 -0.010162353515625 -0.0928421020507813
-0.00770187377929687 0.0256748199462891 -0.0642776489257813 -0.115859985351563
-0.00133132934570312 0.0339870452880859 -0.13128662109375 -0.103500366210938
-0.000186920166015623 0.0353927612304688 -0.1380615234375 -0.0942230224609375
-4.19616699218785E-05 0.0434379577636719 -0.132545471191406 -0.105316162109375
-0.0164051055908203 0.0328788757324219 -0.0781478881835937 -0.13092041015625
-0.0350475311279297 0.0200214385986328 -0.0155029296875 -0.119667053222656
-0.0321273803710938 -0.00892066955566406 0.0391921997070313 -0.080413818359375
-0.0166149139404297 -0.0335521697998047 0.0359573364257812 -0.0130767822265625
-0.0119762420654297 -0.0270786285400391 -0.0516548156738281 -0.036529541015625
-0.0193519592285156 -0.054229736328125 -0.0301361083984375 -0.150527954101563
0.0100326538085938 -0.0811614990234375 0.0555572509765625 0.171173095703125
-0.0352706909179687 -0.0544319152832031 0.0668220520019531 0.0622596740722656
-0.07061767578125 -0.00759124755859374 -0.0291690826416016 -0.00491523742675781
-0.0439224243164063 0.0412025451660156 -0.0517120361328125 0.063751220703125
0.0033111572265625 0.0627975463867188 -0.0185317993164063 0.113533020019531
0.047027587890625 0.032958984375 0.0654754638671875 0.130439758300781
0.0592613220214844 0.0106468200683594 0.139900207519531 0.10760498046875
0.0478668212890625 0.0189056396484375 0.136199951171875 0.0939178466796875
0.055419921875 0.0166473388671875 0.125137329101563 0.1082763671875
0.0357246398925781 0.0438079833984375 0.0703277587890625 0.114639282226562
-0.00523757934570312 0.0571212768554688 0.0231704711914063 0.0806503295898438
-0.0577926635742188 0.0343589782714844 0.0217247009277344 0.0569610595703125
-0.0622291564941406 -0.0319023132324219 0.0714035034179688 0.0645980834960938
-0.0268898010253906 -0.0616035461425781 0.121673583984375 0.175384521484375
0.0178947448730469 -0.0604286193847656 0.017364501953125 0.3492431640625
-0.011962890625 -0.190444946289063 0.048583984375 0.145614624023438
-0.07952880859375 -0.130973815917969 0.057159423828125 0.06097412109375
-0.154754638671875 -0.0476837158203125 -0.0256729125976563 -0.0076122283935547
-0.116188049316406 0.064666748046875 -0.0452690124511719 0.0489006042480469
-0.0370025634765625 0.123023986816406 -0.0311355590820313 0.0914840698242188
0.0648727416992187 0.100296020507812 0.0472946166992187 0.114456176757812
0.106727600097656 0.0648269653320313 0.112823486328125 0.0963897705078125
0.0896835327148438 0.0761795043945312 0.106887817382812 0.0780029296875
0.105758666992188 0.073333740234375 0.10028076171875 0.0898513793945313
0.0598068237304687 0.107200622558594 0.0573883056640625 0.084991455078125
-0.0232086181640625 0.127708435058594 0.0190277099609375 0.0488357543945313
-0.120124816894531 0.0797042846679688 0.0350570678710937 0.0371780395507813
-0.152786254882813 -0.059417724609375 0.09100341796875 0.0570449829101562
-0.0981521606445312 -0.134651184082031 0.126129150390625 0.169219970703125
-0.0128021240234375 -0.1761474609375 0.02777099609375 0.321990966796875
-0.0301513671875 -0.276092529296875 0.0404510498046875 0.0849990844726563
-0.115936279296875 -0.195404052734375 0.0368194580078125 0.0403556823730469
-0.224945068359375 -0.0831451416015625 -0.0254039764404297 -0.00785446166992187
-0.1800537109375 0.0815582275390625 -0.0334262847900391 0.0321941375732422
-0.0767059326171875 0.169723510742188 -0.0360260009765625 0.0584373474121094
0.0714111328125 0.155960083007813 0.0247955322265625 0.080108642578125
0.137069702148438 0.110633850097656 0.0701179504394531 0.0694580078125
0.117301940917969 0.120834350585938 0.0613555908203125 0.0503501892089844
0.141754150390625 0.117691040039062 0.0601387023925781 0.0599403381347656
0.0789642333984375 0.15460205078125 0.03253173828125 0.0430221557617188
-0.0322723388671875 0.184783935546875 0.00903987884521484 0.00875759124755861
-0.163604736328125 0.122360229492187 0.0441703796386719 0.00867843627929688
-0.227828979492187 -0.0702056884765625 0.10223388671875 0.0409622192382812
-0.16180419921875 -0.182876586914063 0.113967895507812 0.144775390625
-0.0456390380859375 -0.265213012695313 0.02923583984375 0.257568359375
-0.04705810546875 -0.3212890625 0.0315151214599609 -0.00219345092773439
-0.144485473632812 -0.232391357421875 0.00855731964111327 0.000588417053222642
-0.271347045898438 -0.10125732421875 -0.0281848907470703 -0.0097484588623047
-0.21917724609375 0.09356689453125 -0.0177955627441406 0.0122318267822266
-0.1029052734375 0.195343017578125 -0.03466796875 0.0159397125244141
0.068389892578125 0.189300537109375 0.000818252563476568 0.0319328308105469
0.14739990234375 0.1387939453125 0.0186653137207031 0.0298805236816406
0.127609252929688 0.147171020507812 0.00688457489013673 0.0152692794799805
0.156265258789063 0.143768310546875 0.00846862792968751 0.0217647552490234
0.0877838134765625 0.1788330078125 -0.000932693481445307 -0.00572967529296874
-0.036651611328125 0.215255737304688 -0.00708770751953126 -0.0355453491210937
-0.182205200195313 0.148696899414063 0.0458030700683594 -0.0244636535644531
-0.268646240234375 -0.0683593749999999 0.101409912109375 0.020416259765625
-0.200714111328125 -0.203079223632813 0.0830001831054687 0.107093811035156
-0.07012939453125 -0.311431884765625 0.0203094482421875 0.166824340820313
-0.06085205078125 -0.318359375 0.0195083618164062 -0.105010986328125
-0.156494140625 -0.23040771484375 -0.0255622863769531 -0.0510444641113281
-0.275375366210938 -0.0962982177734375 -0.0327568054199219 -0.0146083831787109
-0.220169067382812 0.0956268310546875 -0.00346565246582033 -0.0121173858642578
-0.108734130859375 0.190597534179688 -0.0290374755859375 -0.0306262969970703
0.0580291748046875 0.190704345703125 -0.0240821838378906 -0.0237236022949219
0.135543823242188 0.14453125 -0.0360183715820312 -0.0160293579101562
0.118606567382813 0.150894165039063 -0.0489883422851562 -0.022430419921875
0.146133422851563 0.148193359375 -0.0455665588378906 -0.0182952880859375
0.079315185546875 0.175506591796875 -0.0379486083984375 -0.05242919921875
-0.0394744873046875 0.208908081054688 -0.023834228515625 -0.075958251953125
-0.174896240234375 0.142654418945313 0.0409049987792969 -0.0563392639160156
-0.260040283203125 -0.0662689208984375 0.087921142578125 0.00128173828125
-0.197738647460937 -0.193878173828125 0.0375747680664062 0.0640716552734375
-0.07769775390625 -0.309478759765625 0.00208282470703124 0.0644073486328125
-0.06756591796875 -0.265167236328125 0.00505065917968751 -0.203598022460938
-0.144287109375 -0.186767578125 -0.0589599609375 -0.105072021484375
-0.2283935546875 -0.0721893310546875 -0.0375938415527344 -0.0220260620117188
-0.177597045898437 0.0808868408203125 0.00551605224609374 -0.0362892150878906
-0.0913543701171875 0.152313232421875 -0.0220489501953125 -0.070404052734375
0.0407562255859375 0.158782958984375 -0.0451507568359375 -0.0734405517578125
0.103744506835938 0.125785827636719 -0.0847625732421875 -0.0586318969726562
0.0913238525390625 0.130966186523438 -0.0976333618164062 -0.0570297241210938
0.112167358398438 0.131149291992187 -0.0934524536132813 -0.0570068359375
0.0538482666015625 0.146865844726562 -0.0672531127929687 -0.0925216674804688
-0.0437774658203125 0.1656494140625 -0.033782958984375 -0.106277465820312
-0.145172119140625 0.103225708007813 0.0369644165039063 -0.0773544311523438
-0.20196533203125 -0.064666748046875 0.0689659118652343 -0.0104026794433594
-0.153106689453125 -0.15887451171875 -0.00778579711914063 0.0229339599609375
-0.066009521484375 -0.258682250976563 -0.0164432525634766 -0.0327339172363281
-0.0630340576171875 -0.170547485351563 -0.01263427734375 -0.28399658203125
-0.107292175292969 -0.111915588378906 -0.0879669189453125 -0.152069091796875
-0.14080810546875 -0.036102294921875 -0.0442924499511719 -0.0300865173339844
-0.103309631347656 0.0519638061523438 0.00559616088867187 -0.0525436401367188
-0.0575714111328125 0.0882339477539063 -0.0159072875976563 -0.0933761596679688
0.0179290771484375 0.100006103515625 -0.0603561401367187 -0.107444763183594
0.056060791015625 0.0871429443359375 -0.120170593261719 -0.0903472900390625
0.0498580932617188 0.0913848876953125 -0.131378173828125 -0.082977294921875
0.0602264404296875 0.0955657958984375 -0.126014709472656 -0.0887527465820313
0.018280029296875 0.0971298217773438 -0.083038330078125 -0.121292114257812
-0.0446319580078125 0.098663330078125 -0.030426025390625 -0.122238159179688
-0.0967254638671875 0.0457916259765625 0.03692626953125 -0.085906982421875
-0.114151000976563 -0.0582656860351562 0.0506248474121094 -0.0144996643066406
-0.0832138061523438 -0.102394104003906 -0.0397720336914063 -0.0120353698730469
-0.0438385009765625 -0.170242309570312 -0.0289459228515625 -0.110504150390625
-0.0465354919433594 -0.0498580932617188 -0.031463623046875 -0.332550048828125
-0.0538253784179688 -0.0229072570800781 -0.112396240234375 -0.183502197265625
-0.035888671875 0.00431060791015625 -0.0553855895996094 -0.0343132019042969
-0.0177497863769531 0.0159168243408203 -0.00333023071289063 -0.0553970336914063
-0.0169563293457031 0.0119552612304688 -0.0110397338867188 -0.0961685180664063
-0.00793266296386719 0.0274333953857422 -0.0670623779296875 -0.120079040527344
-1.5258789062498E-05 0.0351486206054688 -0.136573791503906 -0.107093811035156
0.00107955932617187 0.0371818542480469 -0.145370483398438 -0.09661865234375
0.00119781494140625 0.0450859069824219 -0.139358520507813 -0.1092529296875
-0.0163631439208984 0.0342807769775391 -0.0820846557617188 -0.135177612304688
-0.0350856781005859 0.0220680236816406 -0.0171279907226563 -0.123298645019531
-0.0340766906738281 -0.00847244262695312 0.0391693115234375 -0.083587646484375
-0.0189628601074219 -0.0354881286621094 0.0375938415527344 -0.0138168334960938
-0.0131492614746094 -0.0291633605957031 -0.054718017578125 -0.0364532470703125
-0.0205802917480469 -0.0576705932617188 -0.0332183837890625 -0.156814575195313
0.008209228515625 -0.08343505859375 0.0649566650390625 0.177581787109375
-0.0373115539550781 -0.0558815002441406 0.0735702514648438 0.0626144409179688
-0.073333740234375 -0.00662994384765624 -0.0313549041748047 -0.00406074523925781
-0.04449462890625 0.0436820983886719 -0.0511550903320312 0.0677947998046875
0.00618743896484374 0.0643577575683594 -0.0153121948242187 0.118812561035156
0.0495529174804688 0.0312080383300781 0.0715408325195313 0.134300231933594
0.0608100891113281 0.00883102416992188 0.14971923828125 0.107742309570313
0.0496826171875 0.0181808471679688 0.146820068359375 0.09454345703125
0.0571060180664063 0.0141181945800781 0.135971069335938 0.109603881835938
0.0380287170410156 0.0433578491210937 0.0772781372070312 0.118522644042969
-0.00372695922851563 0.0594367980957031 0.026153564453125 0.0842361450195313
-0.0590629577636719 0.0374183654785156 0.0256805419921875 0.0588645935058594
-0.064788818359375 -0.0302276611328125 0.0760421752929688 0.0649948120117188
-0.0305938720703125 -0.0623550415039063 0.13201904296875 0.178512573242188
0.016387939453125 -0.0628166198730469 0.02935791015625 0.36419677734375
-0.01910400390625 -0.197525024414063 0.057586669921875 0.15106201171875
-0.0856552124023438 -0.134658813476563 0.0630912780761719 0.0614089965820313
-0.162460327148438 -0.0449676513671875 -0.028900146484375 -0.00576400756835937
-0.119132995605469 0.0701217651367188 -0.0448074340820313 0.0526618957519531
-0.0337142944335938 0.129348754882813 -0.0286636352539063 0.096832275390625
0.07037353515625 0.101112365722656 0.0523223876953125 0.1173095703125
0.111885070800781 0.0626296997070312 0.120948791503906 0.0966262817382813
0.09576416015625 0.0759811401367187 0.115058898925781 0.0790863037109375
0.112228393554688 0.0714492797851563 0.109649658203125 0.0909500122070313
0.0649261474609375 0.108924865722656 0.0621566772460938 0.0878143310546875
-0.019439697265625 0.1336669921875 0.0201377868652344 0.0510025024414063
-0.122993469238281 0.0875320434570312 0.0388755798339844 0.0380706787109375
-0.160934448242188 -0.057098388671875 0.0967330932617188 0.0561294555664063
-0.105453491210937 -0.136459350585938 0.137298583984375 0.171707153320313
-0.01953125 -0.184097290039063 0.03973388671875 0.334197998046875
-0.040435791015625 -0.287017822265625 0.0470046997070313 0.0895843505859375
-0.126678466796875 -0.201278686523437 0.0415382385253906 0.0410041809082031
-0.238510131835937 -0.0789947509765625 -0.0286064147949219 -0.00513458251953126
-0.184982299804688 0.0902252197265625 -0.0327720642089844 0.0355072021484375
-0.0731048583984375 0.18017578125 -0.0350570678710938 0.063079833984375
0.079071044921875 0.158905029296875 0.0284881591796875 0.0820541381835938
0.14599609375 0.108367919921875 0.0764389038085938 0.0698776245117188
0.127174377441406 0.122200012207031 0.0663528442382813 0.051483154296875
0.151397705078125 0.117034912109375 0.066131591796875 0.0606002807617188
0.0869598388671875 0.157485961914063 0.0350456237792969 0.0442886352539063
-0.0272369384765625 0.192718505859375 0.00840091705322265 0.00953960418701173
-0.167953491210938 0.134002685546875 0.0471992492675781 0.00827407836914063
-0.240386962890625 -0.066009521484375 0.108299255371094 0.0385818481445312
-0.173477172851562 -0.18585205078125 0.123306274414062 0.147125244140625
-0.0564727783203125 -0.276809692382813 0.038726806640625 0.267593383789063
-0.06036376953125 -0.3358154296875 0.034423828125 -0.00139617919921877
-0.1575927734375 -0.239913940429688 0.0105409622192383 0.00109100341796874
-0.2884521484375 -0.096282958984375 -0.0319328308105469 -0.00628662109375
-0.226333618164063 0.104034423828125 -0.0179557800292969 0.0141124725341797
-0.100204467773438 0.208908081054688 -0.0349235534667969 0.0190982818603516
0.07745361328125 0.194488525390625 0.00228691101074219 0.0324115753173828
0.157318115234375 0.137664794921875 0.020782470703125 0.0302371978759766
0.13909912109375 0.149429321289063 0.00748825073242188 0.0165071487426758
0.168258666992188 0.143417358398438 0.0105514526367188 0.0218372344970703
0.0962677001953125 0.182479858398437 -0.00174760818481445 -0.00508880615234374
-0.0305328369140625 0.22509765625 -0.0092620849609375 -0.0355491638183594
-0.186416625976563 0.162216186523437 0.0475234985351562 -0.0264625549316406
-0.283905029296875 -0.063873291015625 0.106544494628906 0.0169601440429687
-0.214767456054688 -0.205963134765625 0.0892257690429688 0.108512878417969
-0.08428955078125 -0.3260498046875 0.025482177734375 0.172576904296875
-0.074615478515625 -0.332366943359375 0.0183944702148437 -0.108116149902344
-0.170791625976562 -0.237411499023438 -0.0269546508789063 -0.0516891479492188
-0.29278564453125 -0.0915222167968749 -0.0361671447753906 -0.0110588073730469
-0.2276611328125 0.107757568359375 -0.00365638732910158 -0.0111875534057617
-0.106399536132813 0.204299926757813 -0.0307846069335938 -0.0297298431396484
0.066802978515625 0.19610595703125 -0.0250797271728516 -0.0241756439208984
0.145553588867188 0.1434326171875 -0.0376701354980469 -0.0159416198730469
0.130020141601563 0.154220581054688 -0.0530509948730469 -0.0211601257324219
0.15869140625 0.148513793945312 -0.0481452941894531 -0.0185890197753906
0.0877838134765625 0.179840087890625 -0.0417938232421875 -0.0535888671875
-0.032928466796875 0.218994140625 -0.0280685424804688 -0.0775833129882812
-0.179672241210937 0.156295776367188 0.0413970947265625 -0.0589790344238281
-0.275192260742187 -0.06103515625 0.0925521850585937 -0.00251007080078125
-0.211456298828125 -0.197219848632812 0.0409927368164062 0.0656700134277344
-0.09136962890625 -0.322998046875 0.00338363647460937 0.0663833618164062
-0.080535888671875 -0.27703857421875 -0.000549316406249984 -0.211669921875
-0.157150268554688 -0.1925048828125 -0.0644378662109375 -0.107391357421875
-0.243316650390625 -0.067596435546875 -0.0411300659179688 -0.0191497802734375
-0.183334350585938 0.091156005859375 0.00494766235351561 -0.0366706848144531
-0.089996337890625 0.16400146484375 -0.0251922607421875 -0.071533203125
0.0477294921875 0.163681030273437 -0.0488433837890625 -0.0762786865234375
0.112876892089844 0.125686645507813 -0.0909423828125 -0.0591201782226563
0.100616455078125 0.1341552734375 -0.105117797851563 -0.0562591552734375
0.122245788574219 0.131988525390625 -0.100227355957031 -0.0569229125976563
0.06048583984375 0.150405883789063 -0.0741043090820313 -0.0945281982421875
-0.0391998291015625 0.174850463867188 -0.0391998291015625 -0.108856201171875
-0.149032592773438 0.11383056640625 0.0361251831054687 -0.0811233520507812
-0.215606689453125 -0.0624237060546875 0.0719833374023437 -0.0136566162109375
-0.163894653320313 -0.16217041015625 -0.00773620605468751 0.0242462158203125
-0.0779266357421875 -0.27105712890625 -0.0195369720458984 -0.0345554351806641
-0.0720062255859375 -0.178253173828125 -0.02239990234375 -0.295135498046875
-0.115951538085938 -0.115097045898438 -0.09649658203125 -0.155029296875
-0.150039672851563 -0.0328216552734375 -0.0475883483886719 -0.0278587341308594
-0.106796264648438 0.0587387084960937 0.00407409667968749 -0.053619384765625
-0.0570297241210937 0.0954742431640625 -0.0189437866210938 -0.09613037109375
0.0216064453125 0.104545593261719 -0.0658416748046875 -0.111305236816406
0.0620346069335938 0.0874404907226563 -0.129165649414063 -0.0918350219726563
0.056427001953125 0.0938873291015625 -0.141357421875 -0.0824432373046875
0.0674362182617187 0.09735107421875 -0.135597229003906 -0.0892410278320313
0.0221710205078125 0.100074768066406 -0.0904693603515625 -0.124183654785156
-0.0425262451171875 0.104423522949219 -0.03619384765625 -0.12530517578125
-0.100082397460937 0.05242919921875 0.0353012084960938 -0.0902328491210937
-0.122940063476562 -0.0577163696289062 0.0531539916992187 -0.0170555114746094
-0.0905227661132813 -0.105140686035156 -0.0424766540527344 -0.010528564453125
-0.052032470703125 -0.178390502929688 -0.03497314453125 -0.115325927734375
-0.0498008728027344 -0.0522842407226563 -0.04425048828125 -0.345367431640625
-0.0576705932617188 -0.0228424072265625 -0.122512817382813 -0.18701171875
-0.0380401611328125 0.00540542602539062 -0.0582046508789063 -0.0328445434570312
-0.0184783935546875 0.0179691314697266 -0.00535202026367188 -0.0564460754394531
-0.0176067352294922 0.01458740234375 -0.0145492553710938 -0.0999603271484375
-0.00785636901855468 0.0295886993408203 -0.0730056762695312 -0.124198913574219
0.0016937255859375 0.0364646911621094 -0.147232055664063 -0.107803344726563
0.00339126586914062 0.0387115478515625 -0.156890869140625 -0.0971832275390625
0.00329208374023437 0.0469970703125 -0.151046752929688 -0.109710693359375
-0.0156707763671875 0.0366096496582031 -0.0901107788085937 -0.139007568359375
-0.03515625 0.0246162414550781 -0.02203369140625 -0.127777099609375
-0.0364875793457031 -0.0063934326171875 0.0380859375 -0.0877304077148438
-0.022613525390625 -0.0366744995117187 0.0386314392089844 -0.0156822204589844
-0.0150566101074219 -0.0313568115234375 -0.0584754943847656 -0.0358047485351562
-0.0238723754882813 -0.0616035461425781 -0.0406494140625 -0.163482666015625
0.00440216064453125 -0.0850906372070312 0.0778656005859375 0.179901123046875
-0.0401344299316406 -0.0558433532714844 0.0799560546875 0.0606918334960937
-0.0758209228515625 -0.00286102294921876 -0.0334720611572266 -0.00192070007324218
-0.0439529418945313 0.0460968017578125 -0.0485916137695313 0.0717926025390625
0.0109176635742187 0.0642204284667969 -0.00894165039062499 0.122810363769531
0.0520362854003906 0.0278129577636719 0.0795745849609375 0.13470458984375
0.0616683959960937 0.00494003295898438 0.160247802734375 0.102859497070313
0.0512733459472656 0.0159149169921875 0.158218383789063 0.0894622802734375
0.0587615966796875 0.0103340148925781 0.148406982421875 0.105514526367188
0.0413017272949219 0.0418853759765625 0.086212158203125 0.119400024414063
-0.0010833740234375 0.0602798461914063 0.030853271484375 0.0851898193359375
-0.0584945678710937 0.0426521301269531 0.0304031372070312 0.0589218139648437
-0.0672607421875 -0.0278778076171875 0.0820083618164062 0.0625228881835938
-0.0338172912597656 -0.0619125366210938 0.14520263671875 0.175537109375
0.0130462646484375 -0.0652122497558594 0.05035400390625 0.372406005859375
-0.0301361083984375 -0.201950073242187 0.069488525390625 0.154403686523438
-0.0941543579101562 -0.135025024414062 0.0699462890625 0.0607223510742188
-0.169876098632813 -0.0375518798828125 -0.0310420989990235 -0.00258636474609375
-0.119438171386719 0.0778045654296875 -0.0426254272460938 0.0562705993652344
-0.0266876220703125 0.134025573730469 -0.0235671997070313 0.101226806640625
0.077056884765625 0.0985031127929687 0.0591888427734375 0.118354797363281
0.117416381835938 0.0573883056640625 0.130470275878906 0.0932998657226563
0.102729797363281 0.0729522705078125 0.124031066894531 0.0754241943359375
0.118553161621094 0.066131591796875 0.119956970214844 0.08807373046875
0.0725631713867187 0.107307434082031 0.0688705444335938 0.0886306762695313
-0.0128173828125 0.137519836425781 0.0227737426757812 0.052001953125
-0.122116088867188 0.09722900390625 0.0432815551757812 0.0371475219726563
-0.168533325195313 -0.050445556640625 0.102508544921875 0.0518722534179688
-0.11517333984375 -0.134521484375 0.150100708007813 0.168411254882813
-0.0312042236328125 -0.1895751953125 0.059112548828125 0.341705322265625
-0.05841064453125 -0.29388427734375 0.0552291870117187 0.09112548828125
-0.140121459960937 -0.202560424804688 0.0468940734863281 0.040557861328125
-0.250625610351563 -0.0681304931640625 -0.0314350128173828 -0.00119972229003906
-0.186248779296875 0.102630615234375 -0.031158447265625 0.0385322570800781
-0.064544677734375 0.190078735351562 -0.0318489074707031 0.0670051574707031
0.0894927978515625 0.157546997070312 0.0336380004882813 0.0832901000976563
0.154830932617188 0.101959228515625 0.0835037231445313 0.0677719116210938
0.138092041015625 0.118736267089844 0.0717926025390625 0.0507659912109375
0.162155151367188 0.110610961914063 0.0726318359375 0.05877685546875
0.0977630615234375 0.156478881835938 0.0384902954101563 0.0451316833496094
-0.0174713134765625 0.19952392578125 0.0087747573852539 0.0101776123046875
-0.166213989257812 0.148284912109375 0.0500335693359375 0.00653457641601563
-0.2523193359375 -0.0556793212890625 0.114051818847656 0.03326416015625
-0.186859130859375 -0.182952880859375 0.134353637695313 0.14459228515625
-0.07391357421875 -0.284271240234375 0.05364990234375 0.272415161132813
-0.081298828125 -0.343994140625 0.037109375 -0.00157546997070315
-0.175308227539062 -0.241058349609375 0.0125846862792969 0.000845909118652329
-0.303985595703125 -0.0825500488281249 -0.0342350006103516 -0.00135612487792969
-0.228179931640625 0.120559692382813 -0.0168390274047852 0.0166788101196289
-0.0904083251953125 0.221893310546875 -0.0340385437011719 0.0226516723632813
0.090087890625 0.193862915039062 0.00446891784667969 0.0331802368164063
0.168853759765625 0.131240844726562 0.0237064361572266 0.0299148559570313
0.15252685546875 0.146865844726563 0.00885295867919923 0.0173635482788086
0.18170166015625 0.1365966796875 0.0126724243164063 0.0217838287353516
0.109100341796875 0.181716918945313 -0.00246524810791015 -0.00411725044250487
-0.0184173583984375 0.23272705078125 -0.0122966766357422 -0.0349483489990234
-0.1845703125 0.178817749023438 0.0482406616210937 -0.0293464660644531
-0.297637939453125 -0.0511474609375 0.110664367675781 0.0103683471679687
-0.231430053710938 -0.202194213867188 0.0970230102539062 0.107063293457031
-0.10516357421875 -0.333831787109375 0.0350799560546875 0.175552368164062
-0.09564208984375 -0.341033935546875 0.0146484375 -0.110794067382813
-0.189346313476563 -0.23846435546875 -0.0292816162109375 -0.0516738891601563
-0.30950927734375 -0.07818603515625 -0.0386314392089844 -0.00565338134765625
-0.22894287109375 0.12371826171875 -0.00340366363525392 -0.0103721618652344
-0.0970611572265625 0.218597412109375 -0.0326728820800781 -0.0279521942138672
0.0790863037109375 0.197250366210938 -0.0261497497558594 -0.0248203277587891
0.157623291015625 0.137863159179688 -0.0400047302246094 -0.014617919921875
0.143646240234375 0.151412963867188 -0.0561294555664063 -0.0182342529296875
0.17181396484375 0.142547607421875 -0.0510101318359375 -0.0167884826660156
0.100189208984375 0.179183959960938 -0.0463371276855469 -0.0519523620605469
-0.0211944580078125 0.22705078125 -0.0340499877929687 -0.0770187377929687
-0.176971435546875 0.172348022460938 0.0403289794921875 -0.0625419616699219
-0.288909912109375 -0.048919677734375 0.094818115234375 -0.0086822509765625
-0.227951049804688 -0.193038940429687 0.0446395874023437 0.0658226013183593
-0.11212158203125 -0.33123779296875 0.0057220458984375 0.0671234130859375
-0.098388671875 -0.283843994140625 -0.0111846923828125 -0.21661376953125
-0.17352294921875 -0.19140625 -0.0710220336914063 -0.107009887695313
-0.257171630859375 -0.0558929443359375 -0.0434036254882813 -0.0146598815917969
-0.184707641601563 0.104721069335937 0.00377655029296874 -0.0368728637695313
-0.0829315185546875 0.176345825195313 -0.028717041015625 -0.071441650390625
0.05810546875 0.16595458984375 -0.0537490844726562 -0.0774612426757812
0.1226806640625 0.121658325195313 -0.09661865234375 -0.056671142578125
0.112045288085937 0.132614135742187 -0.112724304199219 -0.051849365234375
0.1339111328125 0.128982543945313 -0.107406616210938 -0.0536041259765625
0.0699615478515625 0.150985717773438 -0.0817642211914063 -0.0933990478515625
-0.0298614501953125 0.182464599609375 -0.0465011596679687 -0.108489990234375
-0.148483276367188 0.126754760742188 0.0329666137695313 -0.0849685668945312
-0.22747802734375 -0.0529632568359375 0.073394775390625 -0.0192337036132813
-0.177352905273438 -0.159881591796875 -0.00711250305175782 0.0256671905517578
-0.09564208984375 -0.277557373046875 -0.0228996276855469 -0.0353317260742188
-0.0848541259765625 -0.183074951171875 -0.038238525390625 -0.301727294921875
-0.127082824707031 -0.113845825195313 -0.108062744140625 -0.154861450195312
-0.158538818359375 -0.0254364013671875 -0.0496673583984375 -0.0241889953613281
-0.10699462890625 0.0665817260742188 0.00209426879882811 -0.0540580749511719
-0.0534210205078125 0.103340148925781 -0.025146484375 -0.0972442626953125
0.0284194946289063 0.106903076171875 -0.072601318359375 -0.112785339355469
0.0688400268554687 0.08575439453125 -0.138458251953125 -0.0880050659179688
0.0640411376953125 0.0934906005859375 -0.15216064453125 -0.0772857666015625
0.075775146484375 0.0964279174804688 -0.146621704101563 -0.08489990234375
0.0284423828125 0.101943969726563 -0.100051879882813 -0.123550415039062
-0.036651611328125 0.109764099121094 -0.0439224243164063 -0.126625061035156
-0.100944519042969 0.0609359741210937 0.0308685302734375 -0.0944747924804688
-0.132354736328125 -0.0530242919921875 0.0541419982910156 -0.021484375
-0.0987396240234375 -0.104965209960938 -0.0447120666503906 -0.00779342651367188
-0.06365966796875 -0.184310913085938 -0.0437545776367188 -0.116706848144531
-0.0549163818359375 -0.0534858703613281 -0.063385009765625 -0.35321044921875
-0.0616264343261719 -0.0209770202636719 -0.13677978515625 -0.185836791992187
-0.0398788452148438 0.00732421874999999 -0.0599174499511719 -0.0293159484863281
-0.0177021026611328 0.0199222564697266 -0.00841522216796874 -0.0572738647460938
-0.0181655883789063 0.0171890258789062 -0.0204086303710938 -0.10162353515625
-0.006256103515625 0.0319690704345703 -0.0808029174804688 -0.125503540039063
0.00441741943359375 0.0366134643554688 -0.158370971679688 -0.103973388671875
0.00635528564453125 0.0399208068847656 -0.169189453125 -0.0916595458984375
0.0069580078125 0.0491065979003906 -0.163467407226562 -0.104965209960938
-0.0138587951660156 0.038665771484375 -0.10076904296875 -0.138641357421875
-0.0338001251220703 0.0277976989746094 -0.0288314819335937 -0.129180908203125
-0.0385589599609375 -0.00360488891601562 0.0342254638671875 -0.0920944213867188
-0.0276565551757813 -0.03668212890625 0.039276123046875 -0.0183296203613281
-0.0178966522216797 -0.0321578979492187 -0.0624580383300781 -0.0328292846679688
-0.0280494689941406 -0.0641098022460938 -0.052154541015625 -0.166290283203125
-6.866455078125E-05 -0.084381103515625 0.0894012451171875 0.176544189453125
-0.0427055358886719 -0.0540390014648437 0.0846633911132813 0.0562515258789063
-0.0755691528320313 0.00131225585937499 -0.0344638824462891 0.0011749267578125
-0.0421218872070312 0.0481605529785156 -0.0441741943359375 0.0735321044921875
0.0144996643066406 0.0626716613769531 -0.00177001953125 0.122657775878906
0.0526847839355469 0.0237617492675781 0.0863113403320312 0.131568908691406
0.0608940124511719 0.0016326904296875 0.166717529296875 0.0947113037109375
0.0516395568847656 0.0131454467773437 0.165191650390625 0.0811004638671875
0.0584564208984375 0.00638961791992188 0.157241821289063 0.0978546142578125
0.0427742004394531 0.0389137268066406 0.0935440063476563 0.116287231445313
0.00250244140625 0.0599403381347656 0.034820556640625 0.0835189819335938
-0.0560455322265625 0.0459671020507813 0.0344085693359375 0.0567626953125
-0.0677642822265625 -0.0239944458007813 0.0860214233398437 0.057464599609375
-0.0364761352539063 -0.0590476989746094 0.15478515625 0.166458129882813
0.00908279418945312 -0.0655288696289062 0.0709228515625 0.36859130859375
-0.041717529296875 -0.2003173828125 0.0792236328125 0.150726318359375
-0.101295471191406 -0.130897521972656 0.0748214721679688 0.0564422607421875
-0.172470092773437 -0.0278778076171875 -0.0314464569091797 0.00153732299804688
-0.115890502929688 0.0840377807617187 -0.0387611389160156 0.0580787658691406
-0.0184402465820313 0.134857177734375 -0.017608642578125 0.102272033691406
0.0815277099609375 0.09222412109375 0.0650863647460937 0.115577697753906
0.119361877441406 0.049774169921875 0.136726379394531 0.0858535766601563
0.106895446777344 0.0674209594726563 0.130226135253906 0.06915283203125
0.121734619140625 0.0581283569335938 0.127388000488281 0.081085205078125
0.0777511596679688 0.102523803710938 0.0745620727539063 0.0861129760742188
-0.00569915771484376 0.137519836425781 0.0248908996582031 0.0517730712890625
-0.117233276367188 0.105422973632812 0.0462379455566406 0.0345611572265625
-0.171966552734375 -0.04107666015625 0.105644226074219 0.0452423095703125
-0.121810913085938 -0.12884521484375 0.158981323242188 0.160049438476563
-0.042083740234375 -0.188262939453125 0.077545166015625 0.33740234375
-0.075286865234375 -0.29058837890625 0.061981201171875 0.0890579223632812
-0.152130126953125 -0.19586181640625 0.0509223937988281 0.0379295349121094
-0.255767822265625 -0.0534210205078125 -0.0314998626708985 0.00387382507324218
-0.181304931640625 0.112838745117187 -0.0281105041503906 0.0404281616210938
-0.0528106689453125 0.193649291992188 -0.0270500183105469 0.0690689086914063
0.097442626953125 0.150802612304688 0.0377731323242188 0.0814590454101563
0.1595458984375 0.091705322265625 0.0884933471679688 0.0627975463867188
0.145309448242188 0.111892700195313 0.075775146484375 0.0473098754882813
0.168441772460938 0.0994415283203125 0.0776596069335938 0.0544281005859375
0.105758666992187 0.149826049804688 0.0412063598632813 0.044219970703125
-0.00631713867187502 0.200027465820313 0.00824260711669922 0.0112361907958984
-0.158599853515625 0.159271240234375 0.0515556335449219 0.00344467163085938
-0.256454467773438 -0.0422210693359375 0.115097045898438 0.0254287719726562
-0.196823120117187 -0.1732177734375 0.142044067382813 0.136993408203125
-0.09112548828125 -0.2822265625 0.0681610107421875 0.268600463867188
-0.1014404296875 -0.340576171875 0.0388526916503906 -0.00249099731445315
-0.189834594726562 -0.233612060546875 0.0145912170410156 0.000335693359374986
-0.310791015625 -0.0645751953125 -0.0343303680419922 0.00443458557128906
-0.222640991210938 0.133316040039063 -0.0148696899414063 0.0181427001953125
-0.0768890380859375 0.22808837890625 -0.0321006774902344 0.0248146057128906
0.100234985351562 0.188095092773437 0.00610542297363282 0.0319709777832031
0.175216674804688 0.119659423828125 0.0262489318847656 0.0279884338378906
0.16204833984375 0.138763427734375 0.010045051574707 0.0174379348754883
0.1895751953125 0.124862670898437 0.0143795013427734 0.0210895538330078
0.118499755859375 0.174667358398438 -0.00277447700500487 -0.00322866439819335
-0.00471496582031252 0.233612060546875 -0.0147609710693359 -0.0331535339355469
-0.17547607421875 0.190719604492187 0.0478591918945312 -0.0316963195800781
-0.303009033203125 -0.0354003906249999 0.110763549804687 0.0025787353515625
-0.24273681640625 -0.191314697265625 0.102455139160156 0.102104187011719
-0.124725341796875 -0.330902099609375 0.043670654296875 0.17303466796875
-0.11627197265625 -0.33770751953125 0.00952148437499998 -0.110748291015625
-0.203826904296875 -0.230316162109375 -0.0305252075195313 -0.0504417419433594
-0.316864013671875 -0.05950927734375 -0.0388870239257813 -0.000156402587890634
-0.222946166992188 0.137176513671875 -0.00298404693603517 -0.00923824310302734
-0.0836029052734375 0.225677490234375 -0.03350830078125 -0.025238037109375
0.09014892578125 0.1922607421875 -0.0277976989746094 -0.0248680114746094
0.164566040039063 0.127899169921875 -0.0399589538574219 -0.0126380920410156
0.153411865234375 0.144485473632813 -0.0572776794433594 -0.0143508911132812
0.180831909179688 0.131851196289063 -0.0528907775878906 -0.0136299133300781
0.110305786132812 0.172882080078125 -0.0492897033691406 -0.0487861633300781
-0.00781249999999998 0.228042602539063 -0.0386505126953125 -0.0737457275390625
-0.168563842773438 0.18438720703125 0.0374755859375 -0.0644493103027343
-0.2947998046875 -0.03363037109375 0.0932998657226562 -0.0150604248046875
-0.238113403320312 -0.183135986328125 0.0476570129394531 0.0636138916015625
-0.132049560546875 -0.327728271484375 0.00832366943359375 0.065948486328125
-0.115310668945313 -0.279983520507813 -0.0222320556640625 -0.215225219726563
-0.185043334960937 -0.184494018554688 -0.0758819580078125 -0.103141784667969
-0.262359619140625 -0.0404052734375 -0.0430488586425781 -0.00919723510742188
-0.1793212890625 0.115768432617187 0.00270462036132812 -0.0360794067382812
-0.0720672607421875 0.183181762695313 -0.0323333740234375 -0.0686607360839844
0.067108154296875 0.163101196289062 -0.0577774047851563 -0.0757904052734375
0.12908935546875 0.113685607910156 -0.0998916625976562 -0.051666259765625
0.121597290039063 0.126747131347656 -0.116737365722656 -0.0446014404296875
0.142410278320313 0.12005615234375 -0.111679077148437 -0.0472564697265625
0.0786590576171875 0.146224975585938 -0.0875320434570313 -0.0889434814453125
-0.0185546875 0.183151245117188 -0.052490234375 -0.105094909667969
-0.141754150390625 0.1370849609375 0.028564453125 -0.0870132446289062
-0.233261108398438 -0.0402526855468751 0.071533203125 -0.024017333984375
-0.18585205078125 -0.151687622070313 -0.00673675537109376 0.0272388458251953
-0.112335205078125 -0.275527954101562 -0.0265617370605469 -0.0344104766845703
-0.0955963134765625 -0.179763793945313 -0.054229736328125 -0.29888916015625
-0.133995056152344 -0.108016967773437 -0.11578369140625 -0.148681640625
-0.161956787109375 -0.0160980224609375 -0.0493888854980469 -0.0192642211914062
-0.103240966796875 0.0730209350585937 -0.000251770019531253 -0.0535163879394531
-0.0470733642578125 0.108253479003906 -0.02947998046875 -0.0953140258789063
0.0343780517578125 0.105613708496094 -0.0787200927734375 -0.110366821289063
0.0737380981445313 0.0811843872070313 -0.144073486328125 -0.0812225341796875
0.07061767578125 0.0900192260742188 -0.157989501953125 -0.0682525634765625
0.0819778442382812 0.0921630859375 -0.153350830078125 -0.0761566162109375
0.0340652465820312 0.100074768066406 -0.107940673828125 -0.118675231933594
-0.02972412109375 0.1121826171875 -0.0504379272460938 -0.123275756835938
-0.0979385375976562 0.0679244995117188 0.0257034301757812 -0.0957183837890625
-0.137603759765625 -0.0456695556640625 0.0519981384277344 -0.0249061584472656
-0.105133056640625 -0.101081848144531 -0.0454788208007813 -0.00421524047851563
-0.0748291015625 -0.1829833984375 -0.051513671875 -0.114265441894531
-0.0583305358886719 -0.0523719787597656 -0.08258056640625 -0.348968505859375
-0.0634269714355469 -0.0178298950195312 -0.147598266601562 -0.178146362304688
-0.0405044555664063 0.00910186767578125 -0.0601119995117188 -0.0258750915527344
-0.0161819458007813 0.0209331512451172 -0.0112152099609375 -0.0555419921875
-0.0171222686767578 0.0190715789794922 -0.0253448486328125 -0.0999603271484375
-0.0039825439453125 0.0338344573974609 -0.0875473022460938 -0.122413635253906
0.00648880004882813 0.0363426208496094 -0.165557861328125 -0.0960693359375
0.00929641723632813 0.0394325256347656 -0.17657470703125 -0.0820159912109375
0.0106887817382813 0.0492286682128906 -0.171661376953125 -0.095123291015625
-0.0112838745117188 0.0395164489746094 -0.109367370605469 -0.134437561035156
-0.0316925048828125 0.0295372009277344 -0.0354461669921875 -0.127426147460938
-0.0389022827148438 -0.000328063964843753 0.0282440185546875 -0.0936660766601563
-0.0317745208740234 -0.0344219207763672 0.037750244140625 -0.0205764770507813
-0.0201492309570313 -0.0321979522705078 -0.064666748046875 -0.0281791687011719
-0.0328178405761719 -0.064056396484375 -0.062286376953125 -0.163345336914063
-0.00265502929687501 -0.0822219848632813 0.0936279296875 0.171585083007813
-0.0433769226074219 -0.0521926879882813 0.0863876342773438 0.0526046752929688
-0.07415771484375 0.00339508056640626 -0.0336360931396485 0.00359535217285156
-0.0402641296386719 0.0484046936035156 -0.040802001953125 0.07318115234375
0.0160408020019531 0.060028076171875 0.00177001953124999 0.119926452636719
0.0509490966796875 0.0206642150878906 0.0882492065429688 0.128486633300781
0.0590400695800781 -0.00054168701171875 0.168243408203125 0.0878753662109375
0.0514335632324219 0.0114898681640625 0.167465209960938 0.0744781494140625
0.0565605163574219 0.00351715087890625 0.160202026367188 0.090087890625
0.0429954528808594 0.0364799499511719 0.0968780517578125 0.112701416015625
0.00410079956054688 0.0588302612304687 0.0361709594726562 0.0817718505859375
-0.0535545349121094 0.0472984313964844 0.0360832214355469 0.0541152954101563
-0.0666313171386719 -0.0223617553710938 0.0866317749023438 0.0527877807617188
-0.0378570556640625 -0.0561904907226562 0.157562255859375 0.158432006835938
0.00667190551757813 -0.0642242431640625 0.0811767578125 0.3592529296875
-0.047760009765625 -0.19482421875 0.0839080810546875 0.146804809570313
-0.10345458984375 -0.126808166503906 0.0773239135742188 0.053253173828125
-0.171173095703125 -0.021026611328125 -0.0306015014648438 0.00514602661132812
-0.11181640625 0.086578369140625 -0.0360488891601563 0.0577278137207031
-0.0132980346679687 0.133049011230469 -0.0138626098632813 0.100433349609375
0.0821914672851562 0.086517333984375 0.0672607421875 0.112236022949219
0.117935180664063 0.0443649291992188 0.138710021972656 0.08001708984375
0.108139038085937 0.0635452270507813 0.132369995117188 0.0637969970703125
0.120674133300781 0.0518798828125 0.129959106445313 0.0755157470703125
0.0795745849609375 0.0977096557617188 0.0767364501953125 0.084014892578125
-0.00126647949218751 0.135589599609375 0.0252418518066406 0.0508766174316406
-0.112167358398438 0.108238220214844 0.0474281311035156 0.0321159362792969
-0.17095947265625 -0.0361328125 0.105300903320312 0.040130615234375
-0.123283386230469 -0.123115539550781 0.160720825195313 0.15240478515625
-0.0483551025390625 -0.184951782226563 0.08642578125 0.3287353515625
-0.084442138671875 -0.283905029296875 0.0650558471679688 0.0863723754882813
-0.156143188476563 -0.190139770507812 0.0535736083984375 0.0357589721679687
-0.254684448242188 -0.04345703125 -0.0301551818847656 0.00820541381835938
-0.175262451171875 0.117156982421875 -0.0256767272949219 0.0403175354003906
-0.0445709228515625 0.192276000976563 -0.0244140625 0.0687446594238281
0.0997772216796875 0.1436767578125 0.0394210815429688 0.0787734985351563
0.158782958984375 0.0845489501953125 0.0895767211914063 0.0593338012695313
0.1478271484375 0.1055908203125 0.078094482421875 0.0444717407226563
0.16888427734375 0.09130859375 0.0794906616210938 0.0508575439453125
0.108551025390625 0.1441650390625 0.042449951171875 0.0432777404785156
0.000427246093749979 0.197006225585937 0.00820255279541016 0.0115575790405274
-0.151290893554688 0.163162231445312 0.0512237548828125 0.00164031982421876
-0.2557373046875 -0.03375244140625 0.113754272460937 0.0207138061523437
-0.19903564453125 -0.166351318359375 0.14349365234375 0.130294799804688
-0.10040283203125 -0.276443481445313 0.0748138427734375 0.262252807617188
-0.112457275390625 -0.33233642578125 0.0396728515625 -0.0030784606933594
-0.194854736328125 -0.225738525390625 0.0163145065307617 -0.000358581542968764
-0.310028076171875 -0.05206298828125 -0.0322761535644531 0.00893020629882812
-0.215042114257813 0.139068603515625 -0.0133152008056641 0.0184726715087891
-0.067047119140625 0.227554321289063 -0.030303955078125 0.0259151458740235
0.1043701171875 0.180191040039063 0.00663566589355469 0.030691146850586
0.175827026367188 0.11175537109375 0.0276088714599609 0.0261249542236328
0.165435791015625 0.131790161132813 0.0114650726318359 0.0179119110107422
0.190902709960938 0.115493774414063 0.0152244567871094 0.0202293395996094
0.122268676757813 0.167037963867188 -0.00272679328918456 -0.00215053558349608
0.0030517578125 0.230255126953125 -0.0158538818359375 -0.0307598114013672
-0.1666259765625 0.196014404296875 0.0468978881835937 -0.0330696105957031
-0.302337646484375 -0.025146484375 0.107902526855469 -0.0012359619140625
-0.244354248046875 -0.1824951171875 0.103034973144531 0.0976333618164062
-0.134429931640625 -0.324798583984375 0.047454833984375 0.168930053710937
-0.126434326171875 -0.330230712890625 0.00786590576171874 -0.108078002929688
-0.20855712890625 -0.221939086914063 -0.0303878784179688 -0.0484848022460938
-0.31597900390625 -0.0462036132812501 -0.0361061096191406 0.00427627563476562
-0.215805053710938 0.1427001953125 -0.0025463104248047 -0.00864410400390624
-0.0736846923828125 0.226638793945313 -0.0329875946044922 -0.022989273071289
0.0946044921875 0.185882568359375 -0.0283432006835937 -0.0247306823730469
0.165817260742188 0.119598388671875 -0.0396537780761719 -0.0124053955078125
0.156875610351563 0.137451171875 -0.0573616027832031 -0.0113716125488281
0.182937622070312 0.122787475585937 -0.0524177551269531 -0.0115814208984375
0.113510131835938 0.166778564453125 -0.0508575439453125 -0.0462455749511719
0.000427246093750008 0.22412109375 -0.0404052734375 -0.0701141357421875
-0.160140991210937 0.188446044921875 0.0352668762207031 -0.0645980834960937
-0.294525146484375 -0.0235595703125 0.0901412963867187 -0.01837158203125
-0.240982055664062 -0.174392700195313 0.0483245849609375 0.0620193481445312
-0.142730712890625 -0.32183837890625 0.00924301147460936 0.064971923828125
-0.12353515625 -0.274581909179688 -0.0272064208984375 -0.210662841796875
-0.189163208007813 -0.178009033203125 -0.0775985717773438 -0.0992889404296875
-0.261947631835938 -0.0308685302734374 -0.0414047241210938 -0.00541305541992187
-0.173675537109375 0.120712280273437 0.00219154357910155 -0.0346736907958984
-0.0640716552734375 0.183883666992187 -0.0331802368164063 -0.0661277770996094
0.0717010498046875 0.157699584960937 -0.0592575073242187 -0.0746688842773437
0.130233764648438 0.107192993164063 -0.101020812988281 -0.0486526489257812
0.124549865722656 0.121528625488281 -0.117179870605469 -0.0392303466796875
0.144668579101563 0.11322021484375 -0.113021850585937 -0.0425643920898437
0.0820465087890625 0.141647338867188 -0.0900726318359375 -0.0842437744140625
-0.0118560791015625 0.181167602539063 -0.0545578002929688 -0.100944519042969
-0.135498046875 0.14111328125 0.02557373046875 -0.0854568481445313
-0.233673095703125 -0.03216552734375 0.0687484741210937 -0.0266494750976563
-0.1878662109375 -0.145736694335938 -0.00591659545898439 0.0280780792236328
-0.120742797851563 -0.270248413085937 -0.0285415649414063 -0.0322399139404297
-0.101058959960937 -0.176239013671875 -0.061920166015625 -0.2921142578125
-0.136054992675781 -0.103584289550781 -0.119094848632813 -0.142990112304688
-0.161514282226563 -0.01043701171875 -0.0478134155273438 -0.0165328979492188
-0.0999603271484375 0.0757675170898437 -0.0010833740234375 -0.0519866943359375
-0.0417709350585937 0.109603881835938 -0.0316162109375 -0.0920944213867188
0.0378570556640625 0.103713989257813 -0.0805816650390625 -0.108207702636719
0.0750503540039063 0.0773468017578125 -0.146133422851563 -0.0763397216796875
0.0734710693359375 0.0871124267578125 -0.159454345703125 -0.061370849609375
0.085113525390625 0.08746337890625 -0.155105590820313 -0.0688323974609375
0.0369491577148438 0.0972824096679688 -0.111076354980469 -0.113441467285156
-0.0248565673828125 0.1112060546875 -0.0535430908203125 -0.119277954101563
-0.0949172973632813 0.071441650390625 0.0225067138671875 -0.0943527221679688
-0.1395263671875 -0.040435791015625 0.0496978759765625 -0.0263710021972656
-0.106979370117187 -0.0976333618164063 -0.0456695556640625 -0.00193786621093751
-0.0811767578125 -0.180191040039062 -0.0552978515625 -0.110343933105469
-0.0595283508300781 -0.0509071350097656 -0.091705322265625 -0.339752197265625
-0.0627593994140625 -0.0160598754882813 -0.1512451171875 -0.171035766601562
-0.0404434204101562 0.00992202758789062 -0.0589561462402344 -0.0238533020019531
-0.0152435302734375 0.0211982727050781 -0.01202392578125 -0.0538139343261719
-0.0160293579101563 0.0207653045654297 -0.0279312133789063 -0.096527099609375
-0.00257682800292969 0.0344333648681641 -0.0895462036132813 -0.120094299316406
0.00796127319335937 0.0353012084960938 -0.16766357421875 -0.09014892578125
0.0107231140136719 0.0392913818359375 -0.17767333984375 -0.0744476318359375
0.0137710571289063 0.0482254028320313 -0.173873901367188 -0.08734130859375
-0.00918197631835938 0.0397186279296875 -0.113410949707031 -0.128837585449219
-0.0293045043945313 0.0307998657226562 -0.0389328002929687 -0.124069213867188
-0.0385398864746094 0.00205230712890625 0.0238723754882812 -0.0921096801757813
-0.0343456268310547 -0.0324649810791016 0.0361099243164063 -0.0215415954589844
-0.0214805603027344 -0.0321521759033203 -0.064910888671875 -0.02496337890625
-0.0351219177246094 -0.0635566711425781 -0.06732177734375 -0.158309936523437
-0.00292205810546875 -0.0807952880859375 0.0947418212890625 0.169723510742187
-0.0430183410644531 -0.0514373779296875 0.08740234375 0.0519332885742188
-0.0729827880859375 0.00379180908203126 -0.0327682495117188 0.00527000427246093
-0.0397186279296875 0.0480766296386719 -0.040069580078125 0.072265625
0.0163726806640625 0.0581855773925781 0.0019989013671875 0.118019104003906
0.0496444702148438 0.0190963745117187 0.088134765625 0.127655029296875
0.0574531555175781 -0.000972747802734375 0.168792724609375 0.086151123046875
0.0508232116699219 0.0110931396484375 0.168212890625 0.072357177734375
0.0544586181640625 0.00260543823242188 0.161575317382812 0.0881500244140625
0.0423583984375 0.0351486206054687 0.0979232788085938 0.112319946289063
0.00428009033203125 0.0578498840332031 0.036041259765625 0.0813980102539063
-0.0526123046875 0.0475425720214844 0.0369186401367188 0.0528450012207031
-0.0659370422363281 -0.0218772888183594 0.0862503051757813 0.0509719848632813
-0.0378341674804687 -0.0548439025878906 0.15655517578125 0.155364990234375
0.00564193725585938 -0.0632553100585938 0.081695556640625 0.3541259765625
-0.04852294921875 -0.192306518554688 0.085205078125 0.145294189453125
-0.103424072265625 -0.125434875488281 0.0784835815429688 0.0520706176757812
-0.170135498046875 -0.0193328857421875 -0.0293540954589844 0.00740623474121094
-0.110282897949219 0.0866928100585938 -0.0348320007324219 0.0570182800292969
-0.0120620727539063 0.131057739257812 -0.013671875 0.0992202758789063
0.080810546875 0.0838699340820313 0.0666046142578125 0.11187744140625
0.115913391113281 0.0423431396484375 0.139335632324219 0.07818603515625
0.107521057128906 0.0621795654296875 0.133758544921875 0.0627288818359375
0.119422912597656 0.049957275390625 0.131057739257813 0.0737380981445313
0.0787353515625 0.095977783203125 0.07794189453125 0.08392333984375
-0.000251770019531248 0.1343994140625 0.0249557495117187 0.0512962341308594
-0.11090087890625 0.108604431152344 0.0481681823730469 0.0310592651367188
-0.170425415039063 -0.0349273681640625 0.104110717773438 0.0383834838867188
-0.122711181640625 -0.121337890625 0.160018920898438 0.1494140625
-0.0497283935546875 -0.183670043945313 0.086212158203125 0.324462890625
-0.0860748291015625 -0.279876708984375 0.06695556640625 0.0855255126953125
-0.155685424804687 -0.188369750976563 0.0550346374511719 0.0344276428222656
-0.252349853515625 -0.039642333984375 -0.0281906127929688 0.0110588073730469
-0.173171997070312 0.117721557617188 -0.0247459411621094 0.0400047302246094
-0.0418701171875 0.190536499023438 -0.0234756469726563 0.0682945251464844
0.0989990234375 0.140182495117188 0.0388336181640625 0.0780258178710938
0.156784057617188 0.081939697265625 0.0908432006835938 0.0574188232421875
0.147903442382812 0.104095458984375 0.0789642333984375 0.04400634765625
0.16717529296875 0.0881500244140625 0.0803451538085938 0.0498199462890625
0.108062744140625 0.141357421875 0.0432052612304688 0.0439300537109375
0.00187683105468752 0.194915771484375 0.00751304626464844 0.0128622055053711
-0.149612426757813 0.164276123046875 0.0520820617675781 0.00132369995117188
-0.255630493164063 -0.03204345703125 0.111351013183594 0.018951416015625
-0.197982788085938 -0.164352416992188 0.142333984375 0.128204345703125
-0.101715087890625 -0.275054931640625 0.0748138427734375 0.25811767578125
-0.114532470703125 -0.32928466796875 0.0408821105957031 -0.00255966186523439
-0.195846557617188 -0.224075317382812 0.0181751251220703 -0.000705718994140639
-0.308746337890625 -0.047454833984375 -0.0301914215087891 0.0118293762207031
-0.212417602539063 0.140380859375 -0.0124397277832031 0.0188579559326172
-0.06365966796875 0.226089477539063 -0.0291252136230469 0.0261592864990235
0.104461669921875 0.177093505859375 0.00610351562500001 0.0301303863525391
0.17413330078125 0.10833740234375 0.028432846069336 0.0247955322265625
0.1661376953125 0.130416870117188 0.0121879577636719 0.0181350708007813
0.190048217773438 0.111404418945313 0.0161151885986328 0.0204982757568359
0.121932983398438 0.164642333984375 -0.00232839584350585 -0.00109815597534179
0.00479125976562502 0.227752685546875 -0.0163822174072266 -0.0292129516601562
-0.164337158203125 0.197067260742188 0.0471305847167969 -0.0325889587402344
-0.302520751953125 -0.0225524902343749 0.105476379394531 -0.00237274169921875
-0.243667602539063 -0.180999755859375 0.102081298828125 0.0965042114257812
-0.13775634765625 -0.32305908203125 0.046356201171875 0.166641235351563
-0.1282958984375 -0.326690673828125 0.0081024169921875 -0.107048034667969
-0.209426879882813 -0.221054077148437 -0.0288848876953125 -0.0484428405761719
-0.315216064453125 -0.041900634765625 -0.0338287353515625 0.00702476501464844
-0.21368408203125 0.144515991210937 -0.00196456909179689 -0.00803089141845702
-0.0703887939453125 0.22589111328125 -0.03204345703125 -0.022064208984375
0.0951385498046875 0.18316650390625 -0.0288028717041016 -0.0251293182373047
0.164566040039063 0.11663818359375 -0.0393104553222656 -0.0126762390136719
0.158660888671875 0.135879516601563 -0.0569076538085937 -0.010406494140625
0.182281494140625 0.119033813476562 -0.0525398254394531 -0.0104255676269531
0.11358642578125 0.163436889648438 -0.0508346557617187 -0.0452041625976563
0.0022125244140625 0.222671508789063 -0.0404853820800781 -0.068023681640625
-0.157760620117187 0.189895629882813 0.0351982116699219 -0.0636215209960937
-0.2950439453125 -0.0205383300781251 0.0878829956054687 -0.019073486328125
-0.239822387695312 -0.173110961914063 0.0479164123535156 0.0618476867675781
-0.14501953125 -0.321319580078125 0.00778579711914062 0.0646820068359375
-0.125381469726563 -0.272674560546875 -0.0275421142578125 -0.208221435546875
-0.18994140625 -0.176956176757813 -0.0771102905273437 -0.0989761352539063
-0.26202392578125 -0.0273284912109376 -0.0387649536132813 -0.00345611572265626
-0.171676635742188 0.121124267578125 0.0027942657470703 -0.0338535308837891
-0.0610198974609375 0.184234619140625 -0.032318115234375 -0.0641250610351562
0.072174072265625 0.15606689453125 -0.0600662231445312 -0.0753936767578125
0.129806518554688 0.104888916015625 -0.101051330566406 -0.0479812622070313
0.126068115234375 0.120353698730469 -0.11773681640625 -0.0369186401367187
0.144821166992188 0.110092163085938 -0.113044738769531 -0.0400772094726562
0.0818939208984375 0.139564514160156 -0.0903549194335938 -0.0830612182617187
-0.0098876953125 0.179290771484375 -0.055084228515625 -0.0984344482421875
-0.133285522460938 0.142532348632812 0.0253524780273437 -0.084747314453125
-0.23480224609375 -0.029998779296875 0.0666923522949218 -0.0268707275390625
-0.187835693359375 -0.144454956054688 -0.00610351562500001 0.0286655426025391
-0.123443603515625 -0.269638061523438 -0.02923583984375 -0.0317020416259766
-0.101470947265625 -0.17510986328125 -0.062408447265625 -0.28839111328125
-0.136772155761719 -0.103363037109375 -0.118743896484375 -0.141937255859375
-0.161880493164063 -0.00907897949218753 -0.0459098815917969 -0.0154380798339844
-0.0987167358398438 0.0760269165039062 -0.000492095947265637 -0.0510597229003906
-0.0404891967773437 0.110122680664063 -0.0308761596679688 -0.0901870727539063
0.0380859375 0.103057861328125 -0.081512451171875 -0.108642578125
0.0746307373046875 0.0763320922851563 -0.1466064453125 -0.07513427734375
0.0747146606445313 0.08660888671875 -0.160049438476563 -0.058807373046875
0.08563232421875 0.0856475830078125 -0.155776977539063 -0.0657806396484375
0.0370864868164063 0.0961532592773438 -0.11175537109375 -0.111518859863281
-0.02325439453125 0.110313415527344 -0.0531997680664062 -0.117012023925781
-0.09326171875 0.0730972290039063 0.0215301513671875 -0.0930557250976563
-0.14129638671875 -0.0384063720703125 0.0481910705566406 -0.0266990661621094
-0.106689453125 -0.0974044799804688 -0.0449600219726563 -0.000308990478515636
-0.08251953125 -0.179916381835937 -0.05596923828125 -0.10833740234375
-0.0594367980957031 -0.0516471862792969 -0.09228515625 -0.3360595703125
-0.0620841979980469 -0.0158882141113281 -0.151321411132813 -0.16864013671875
-0.0410003662109375 0.0100212097167969 -0.0574226379394531 -0.0235366821289063
-0.0156173706054687 0.0207481384277344 -0.0118064880371094 -0.0524063110351563
-0.0158367156982422 0.0215663909912109 -0.0264511108398438 -0.0949859619140625
-0.00213050842285156 0.0350170135498047 -0.0893478393554688 -0.120704650878906
0.00841903686523438 0.0356788635253906 -0.168975830078125 -0.0887908935546875
0.0114974975585938 0.0389595031738281 -0.179412841796875 -0.0714111328125
0.0146026611328125 0.0476646423339844 -0.174697875976563 -0.0841522216796875
-0.00876998901367188 0.0394821166992187 -0.113739013671875 -0.127120971679687
-0.0287094116210938 0.0305576324462891 -0.038330078125 -0.122566223144531
-0.0380744934082031 0.00318145751953125 0.0229034423828125 -0.0907440185546875
-0.0354957580566406 -0.0306968688964844 0.0350131988525391 -0.0214271545410156
-0.0223426818847656 -0.0328197479248047 -0.0651054382324219 -0.023223876953125
-0.0366554260253906 -0.0638275146484375 -0.0682525634765625 -0.155609130859375
-0.00238800048828126 -0.0814285278320313 0.09503173828125 0.173248291015625
-0.0429496765136719 -0.0520515441894531 0.0897598266601562 0.052978515625
-0.0737228393554688 0.00381469726562499 -0.0319404602050781 0.00647926330566407
-0.0406913757324219 0.0484580993652344 -0.0409164428710937 0.0722274780273438
0.016143798828125 0.0584068298339844 0.000282287597656263 0.119270324707031
0.0492095947265625 0.0188407897949219 0.0885467529296875 0.131805419921875
0.0571823120117187 -0.0012359619140625 0.171859741210938 0.0880279541015625
0.0510063171386719 0.0118141174316406 0.1722412109375 0.0741424560546875
0.0543289184570313 0.00267791748046875 0.165237426757813 0.0894775390625
0.0427360534667969 0.0354385375976563 0.0996627807617188 0.115608215332031
0.00371932983398437 0.0583915710449219 0.0348892211914063 0.0833358764648438
-0.0531196594238281 0.0484580993652344 0.0372467041015625 0.0535621643066406
-0.0665092468261719 -0.0233039855957031 0.087127685546875 0.051483154296875
-0.0370826721191406 -0.0553741455078125 0.1568603515625 0.15753173828125
0.0060882568359375 -0.0635986328125 0.078094482421875 0.358306884765625
-0.0481109619140625 -0.194442749023438 0.08599853515625 0.148483276367188
-0.103988647460938 -0.128341674804687 0.080963134765625 0.0530471801757812
-0.171783447265625 -0.0196380615234375 -0.0278072357177734 0.00915908813476563
-0.112808227539062 0.0875015258789063 -0.0359001159667969 0.0574073791503906
-0.0125732421875 0.132698059082031 -0.0152435302734375 0.10028076171875
0.080078125 0.0843505859375 0.0667877197265625 0.115142822265625
0.116607666015625 0.0434417724609375 0.142425537109375 0.0803070068359375
0.109375 0.0639877319335938 0.137161254882813 0.0647125244140625
0.119384765625 0.051055908203125 0.134201049804687 0.0753860473632812
0.0792236328125 0.0972137451171875 0.0793533325195313 0.0870513916015625
-0.00118255615234375 0.13580322265625 0.0242424011230469 0.0531082153320313
-0.113067626953125 0.110809326171875 0.04888916015625 0.0318527221679688
-0.173995971679688 -0.03668212890625 0.104652404785156 0.0387649536132812
-0.123252868652344 -0.124435424804687 0.16009521484375 0.151641845703125
-0.0499267578125 -0.187103271484375 0.08392333984375 0.3284912109375
-0.085540771484375 -0.283721923828125 0.0682525634765625 0.0875244140625
-0.15716552734375 -0.192672729492188 0.0574226379394531 0.034820556640625
-0.256668090820313 -0.04095458984375 -0.026845932006836 0.0130500793457031
-0.17584228515625 0.118988037109375 -0.0248260498046875 0.0405616760253906
-0.04254150390625 0.19256591796875 -0.0244216918945313 0.0694923400878906
0.0981597900390625 0.141891479492188 0.0385818481445313 0.0804901123046875
0.157272338867188 0.0835113525390625 0.0933074951171875 0.05810546875
0.150955200195313 0.107070922851563 0.0811386108398438 0.0453414916992188
0.169036865234375 0.0891571044921875 0.0825424194335938 0.051544189453125
0.108535766601563 0.143463134765625 0.0443878173828125 0.0459709167480469
0.000152587890625016 0.197723388671875 0.00680923461914062 0.0144376754760742
-0.152420043945313 0.166763305664063 0.0540046691894531 0.00162506103515626
-0.26123046875 -0.033660888671875 0.112091064453125 0.019805908203125
-0.19940185546875 -0.169357299804687 0.142669677734375 0.130874633789063
-0.10284423828125 -0.280990600585938 0.071624755859375 0.262130737304688
-0.11431884765625 -0.334014892578125 0.0421104431152344 -0.00204467773437502
-0.197509765625 -0.229644775390625 0.0195274353027344 -0.00110435485839845
-0.314056396484375 -0.0490112304687499 -0.028289794921875 0.0141239166259766
-0.216766357421875 0.14129638671875 -0.0117778778076172 0.019012451171875
-0.064422607421875 0.229965209960938 -0.0293178558349609 0.0272674560546875
0.103988647460937 0.179367065429688 0.00567626953125001 0.0304718017578125
0.17529296875 0.11029052734375 0.0289649963378906 0.0247287750244141
0.169235229492187 0.133056640625 0.0126533508300781 0.0189762115478516
0.192123413085938 0.112884521484375 0.0166244506835938 0.0213031768798828
0.122238159179688 0.167343139648438 -0.00213778018951415 -0.00040435791015624
0.00370788574218749 0.230606079101562 -0.0167312622070313 -0.0280838012695312
-0.168350219726563 0.200164794921875 0.049224853515625 -0.0323905944824219
-0.30987548828125 -0.02392578125 0.105506896972656 -0.00160980224609375
-0.24566650390625 -0.185897827148438 0.102340698242188 0.0985565185546875
-0.139556884765625 -0.33056640625 0.0444183349609375 0.169357299804688
-0.12908935546875 -0.3326416015625 0.00981903076171875 -0.108177185058594
-0.212448120117188 -0.2274169921875 -0.0283355712890625 -0.0505447387695313
-0.321380615234375 -0.0438537597656249 -0.032379150390625 0.00829505920410155
-0.217605590820312 0.146148681640625 -0.000970840454101575 -0.00797176361083984
-0.071624755859375 0.2296142578125 -0.0318489074707031 -0.0214862823486328
0.094482421875 0.18603515625 -0.0296173095703125 -0.0263614654541015
0.165771484375 0.1192626953125 -0.0398330688476563 -0.0137557983398437
0.162078857421875 0.139541625976563 -0.0577735900878906 -0.00983047485351561
0.184661865234375 0.120986938476562 -0.0531082153320312 -0.00968933105468751
0.113784790039063 0.16595458984375 -0.051544189453125 -0.0455284118652344
0.00155639648437499 0.224685668945313 -0.0408744812011719 -0.0680274963378906
-0.1611328125 0.19329833984375 0.0373725891113281 -0.0640487670898437
-0.3018798828125 -0.0216674804687499 0.0877456665039062 -0.0186080932617188
-0.242401123046875 -0.178466796875 0.0478324890136719 0.0638999938964844
-0.146820068359375 -0.328155517578125 0.00651168823242186 0.0658836364746094
-0.125823974609375 -0.278427124023438 -0.02532958984375 -0.210235595703125
-0.192489624023438 -0.182662963867188 -0.0775146484375 -0.101638793945313
-0.2674560546875 -0.0289306640625 -0.0376663208007813 -0.00250244140625
-0.175308227539063 0.122314453125 0.0037097930908203 -0.0339183807373047
-0.0618896484375 0.187957763671875 -0.0315818786621094 -0.0643348693847656
0.0718841552734375 0.159286499023437 -0.0608596801757812 -0.0775833129882813
0.130744934082031 0.107101440429688 -0.102981567382813 -0.0496673583984375
0.129257202148437 0.124137878417969 -0.119613647460937 -0.0371627807617188
0.147171020507813 0.112457275390625 -0.114982604980469 -0.0402374267578125
0.0827484130859375 0.141845703125 -0.0917587280273437 -0.0840301513671875
-0.0106048583984375 0.181549072265625 -0.0549545288085938 -0.0989837646484375
-0.136001586914063 0.144683837890625 0.0268173217773437 -0.0849456787109375
-0.2401123046875 -0.030181884765625 0.0664405822753906 -0.0262184143066406
-0.189712524414062 -0.149993896484375 -0.0065441131591797 0.0303192138671875
-0.125732421875 -0.276702880859375 -0.0298995971679688 -0.0314922332763672
-0.102218627929687 -0.179580688476563 -0.059967041015625 -0.292755126953125
-0.13812255859375 -0.106925964355469 -0.11968994140625 -0.144699096679687
-0.165328979492188 -0.0100250244140625 -0.0457725524902344 -0.0158920288085937
-0.101318359375 0.0765457153320313 1.90734863281242E-05 -0.0512313842773437
-0.0415496826171875 0.1129150390625 -0.0295257568359375 -0.09124755859375
0.0383071899414062 0.10565185546875 -0.0822982788085938 -0.11285400390625
0.0757904052734375 0.0777664184570313 -0.14996337890625 -0.07757568359375
0.076690673828125 0.0889511108398438 -0.163726806640625 -0.0594635009765625
0.0867996215820313 0.0876617431640625 -0.158447265625 -0.0664825439453125
0.0371551513671875 0.0979461669921875 -0.113800048828125 -0.113578796386719
-0.023773193359375 0.111793518066406 -0.0527877807617188 -0.118186950683594
-0.0945053100585937 0.074310302734375 0.0224609375 -0.0933685302734375
-0.144973754882813 -0.038330078125 0.0483551025390625 -0.026458740234375
-0.108680725097656 -0.101051330566406 -0.0461997985839844 0.000774383544921861
-0.084320068359375 -0.18475341796875 -0.0561294555664063 -0.109016418457031
-0.0599441528320312 -0.0534744262695313 -0.090179443359375 -0.340789794921875
-0.0625152587890625 -0.0173072814941406 -0.1524658203125 -0.17218017578125
-0.0423660278320313 0.00943374633789063 -0.0576553344726563 -0.0251693725585937
-0.0160903930664062 0.0204277038574219 -0.0111351013183594 -0.0528640747070313
-0.0160980224609375 0.0226345062255859 -0.025360107421875 -0.0965499877929688
-0.00139617919921875 0.0365066528320313 -0.0906219482421875 -0.124961853027344
0.00875091552734375 0.0365028381347656 -0.173202514648437 -0.0905914306640625
0.0123863220214844 0.0404014587402344 -0.182830810546875 -0.07275390625
0.0156288146972656 0.0490036010742188 -0.178054809570312 -0.0848541259765625
-0.00915145874023437 0.0407142639160156 -0.115882873535156 -0.129684448242188
-0.0283317565917969 0.0308055877685547 -0.0381240844726563 -0.124282836914063
-0.0380706787109375 0.00371170043945312 0.0236968994140625 -0.0910491943359375
-0.0377311706542969 -0.0307540893554688 0.0347862243652344 -0.0210285186767578
-0.0230255126953125 -0.0341243743896484 -0.0654678344726562 -0.0225868225097656
-0.037353515625 -0.0660667419433594 -0.06732177734375 -0.157302856445313
-0.00243377685546874 -0.083831787109375 0.099609375 0.180252075195313
-0.0445060729980469 -0.0530471801757813 0.095367431640625 0.0544281005859375
-0.0761337280273438 0.0048675537109375 -0.0323524475097656 0.007781982421875
-0.0424156188964844 0.0506210327148438 -0.0418853759765625 0.074493408203125
0.0171546936035156 0.0599479675292969 -0.000640869140625001 0.124420166015625
0.0499687194824219 0.0187416076660156 0.0929107666015625 0.138259887695313
0.0582771301269531 -0.00116348266601563 0.180801391601563 0.090667724609375
0.053070068359375 0.0121269226074219 0.182052612304688 0.07586669921875
0.0550308227539063 0.002410888671875 0.173294067382812 0.0919952392578125
0.0440216064453125 0.0360755920410156 0.105621337890625 0.121337890625
0.004119873046875 0.0609359741210938 0.035736083984375 0.0876235961914063
-0.0555419921875 0.0511627197265625 0.0387153625488281 0.0547904968261719
-0.0696563720703125 -0.0243644714355469 0.0909881591796875 0.0519180297851563
-0.0386123657226563 -0.0564804077148437 0.16314697265625 0.162445068359375
0.00559616088867187 -0.0658760070800781 0.080413818359375 0.371368408203125
-0.049591064453125 -0.201004028320313 0.0900115966796875 0.154052734375
-0.108894348144531 -0.132949829101563 0.086029052734375 0.0539398193359375
-0.178680419921875 -0.01910400390625 -0.0274372100830078 0.0109958648681641
-0.116989135742188 0.0915069580078125 -0.0363883972167969 0.0592536926269531
-0.012420654296875 0.13653564453125 -0.016510009765625 0.104759216308594
0.0821914672851563 0.08685302734375 0.0696792602539063 0.121002197265625
0.11962890625 0.04449462890625 0.149765014648437 0.0821990966796875
0.114875793457031 0.0666961669921875 0.145126342773437 0.066070556640625
0.123580932617187 0.0519790649414063 0.141937255859375 0.07781982421875
0.0820541381835937 0.100303649902344 0.084197998046875 0.0910873413085938
-0.00123596191406249 0.141616821289063 0.0246849060058594 0.0565757751464844
-0.117111206054688 0.116249084472656 0.0519256591796875 0.0323143005371094
-0.181854248046875 -0.0381622314453125 0.108238220214844 0.0396881103515625
-0.128494262695313 -0.128921508789063 0.166030883789063 0.157073974609375
-0.053863525390625 -0.195281982421875 0.084716796875 0.341094970703125
-0.09014892578125 -0.294647216796875 0.071746826171875 0.0910415649414062
-0.1644287109375 -0.20037841796875 0.061737060546875 0.035400390625
-0.266769409179688 -0.04052734375 -0.0249919891357422 0.0154819488525391
-0.182785034179688 0.1243896484375 -0.0251731872558594 0.0420112609863281
-0.0431976318359375 0.200790405273437 -0.0254898071289063 0.072601318359375
0.101242065429688 0.145858764648437 0.0399169921875 0.0842437744140625
0.163070678710938 0.0855865478515625 0.097900390625 0.0589675903320313
0.158737182617188 0.111190795898438 0.0865936279296875 0.0467910766601563
0.17510986328125 0.091705322265625 0.0876998901367188 0.0532989501953125
0.112533569335938 0.147994995117188 0.047332763671875 0.0483322143554688
0.00112915039062499 0.205535888671875 0.00668525695800781 0.0167303085327149
-0.158615112304687 0.175949096679688 0.05755615234375 0.00137710571289064
-0.273941040039063 -0.0344696044921875 0.115852355957031 0.0202560424804687
-0.207717895507812 -0.176422119140625 0.148162841796875 0.135711669921875
-0.10955810546875 -0.292755126953125 0.0732269287109375 0.27227783203125
-0.11920166015625 -0.34710693359375 0.045196533203125 -0.00128936767578127
-0.207183837890625 -0.239776611328125 0.0217227935791015 -0.00242042541503908
-0.326934814453125 -0.0484619140625 -0.026845932006836 0.0164642333984375
-0.224533081054688 0.14849853515625 -0.0118198394775391 0.0202388763427734
-0.0653839111328125 0.239791870117188 -0.0302944183349609 0.0288887023925781
0.10760498046875 0.184890747070313 0.00556182861328126 0.0321197509765625
0.181640625 0.113983154296875 0.0314559936523438 0.0247974395751953
0.179046630859375 0.138885498046875 0.0143623352050781 0.0206241607666016
0.199691772460938 0.116836547851563 0.0185470581054688 0.0227222442626953
0.12713623046875 0.173202514648438 -0.00147390365600585 0.000213146209716807
0.00468444824218749 0.239578247070313 -0.017303466796875 -0.0272464752197265
-0.174835205078125 0.210830688476563 0.052459716796875 -0.0338973999023437
-0.324432373046875 -0.023468017578125 0.108673095703125 -0.00165557861328125
-0.256805419921875 -0.194778442382813 0.106491088867187 0.103256225585937
-0.1474609375 -0.34503173828125 0.0449371337890625 0.17694091796875
-0.13433837890625 -0.346771240234375 0.0111618041992187 -0.111602783203125
-0.222763061523437 -0.237213134765625 -0.0291366577148438 -0.0529060363769531
-0.335601806640625 -0.043365478515625 -0.0310688018798828 0.0102348327636719
-0.226470947265625 0.15277099609375 -0.000495910644531264 -0.00750970840454101
-0.07275390625 0.240371704101563 -0.0320835113525391 -0.0218086242675781
0.0985565185546875 0.193130493164063 -0.0316562652587891 -0.0275058746337891
0.172470092773438 0.1231689453125 -0.0410804748535156 -0.0146331787109375
0.171524047851563 0.145492553710938 -0.0598411560058594 -0.00915145874023436
0.19268798828125 0.125396728515625 -0.0552482604980469 -0.00928115844726562
0.118026733398437 0.172653198242187 -0.0536041259765625 -0.0461311340332031
0.0018463134765625 0.234161376953125 -0.0426902770996094 -0.0688056945800781
-0.166946411132813 0.203384399414063 0.0401458740234375 -0.0664482116699219
-0.31695556640625 -0.020416259765625 0.090087890625 -0.0190582275390625
-0.253143310546875 -0.18756103515625 0.049468994140625 0.0673370361328125
-0.1552734375 -0.342987060546875 0.00614166259765624 0.0694198608398437
-0.131195068359375 -0.29071044921875 -0.0261077880859375 -0.218353271484375
-0.20147705078125 -0.190811157226563 -0.0804367065429688 -0.106346130371094
-0.280426025390625 -0.028472900390625 -0.0372657775878906 -0.00212860107421875
-0.182525634765625 0.128082275390625 0.00373077392578124 -0.0345840454101562
-0.0635223388671875 0.197463989257812 -0.0317802429199219 -0.0664215087890625
0.0753021240234375 0.165740966796875 -0.0640411376953125 -0.0818939208984375
0.136116027832031 0.111419677734375 -0.108268737792969 -0.0525131225585937
0.137321472167969 0.12957763671875 -0.12542724609375 -0.03729248046875
0.153778076171875 0.116378784179688 -0.120460510253906 -0.0401535034179688
0.086029052734375 0.147064208984375 -0.0962066650390625 -0.0866928100585938
-0.00996398925781248 0.188751220703125 -0.0570449829101563 -0.101753234863281
-0.141403198242188 0.152511596679688 0.0288314819335937 -0.0881729125976562
-0.252822875976562 -0.029296875 0.0676651000976562 -0.02685546875
-0.199050903320313 -0.156875610351563 -0.00716209411621095 0.0328216552734375
-0.1329345703125 -0.288848876953125 -0.0315952301025391 -0.031768798828125
-0.106613159179688 -0.187957763671875 -0.0625 -0.303955078125
-0.14483642578125 -0.11279296875 -0.125320434570313 -0.150665283203125
-0.174072265625 -0.00994873046875002 -0.0461997985839844 -0.0167694091796875
-0.105674743652344 0.0798797607421875 -5.7220458984385E-05 -0.0523033142089844
-0.0426101684570313 0.118942260742188 -0.0293960571289062 -0.09490966796875
0.040130615234375 0.110382080078125 -0.086517333984375 -0.118865966796875
0.079315185546875 0.0808792114257813 -0.1575927734375 -0.0802001953125
0.0818328857421875 0.0931854248046875 -0.172454833984375 -0.0601348876953125
0.0919036865234375 0.0913772583007813 -0.166427612304688 -0.0673980712890625
0.0390396118164062 0.102493286132813 -0.119712829589844 -0.117568969726563
-0.0245132446289063 0.11590576171875 -0.0545578002929687 -0.122413635253906
-0.097747802734375 0.078521728515625 0.0237503051757812 -0.0964279174804688
-0.152862548828125 -0.0382232666015625 0.0488662719726562 -0.0263557434082031
-0.114151000976563 -0.105812072753906 -0.0477714538574219 0.00234222412109375
-0.0897674560546875 -0.193222045898438 -0.0577850341796875 -0.112625122070313
-0.0621719360351563 -0.0562858581542969 -0.093719482421875 -0.35284423828125
-0.0653457641601563 -0.0189094543457031 -0.159820556640625 -0.179840087890625
-0.0452804565429688 0.00959014892578125 -0.0601806640625 -0.0269927978515625
-0.0174388885498047 0.0212059020996094 -0.0113563537597656 -0.0545578002929688
-0.0170154571533203 0.0248661041259766 -0.025054931640625 -0.1004638671875
-0.000846862792968748 0.0387153625488281 -0.0951919555664063 -0.13177490234375
0.0094451904296875 0.038330078125 -0.182418823242188 -0.0934295654296875
0.0133743286132812 0.0429153442382812 -0.193115234375 -0.0741119384765625
0.0174713134765625 0.0511093139648437 -0.186920166015625 -0.0860137939453125
-0.00941848754882813 0.0425872802734375 -0.122283935546875 -0.134574890136719
-0.0294265747070312 0.0325412750244141 -0.0388259887695313 -0.129074096679688
-0.0395927429199219 0.00453186035156249 0.024627685546875 -0.094085693359375
-0.0396308898925781 -0.0310401916503906 0.0352935791015625 -0.0210113525390625
-0.0251197814941406 -0.0358734130859375 -0.0684585571289062 -0.0218276977539063
-0.0400581359863281 -0.0696601867675781 -0.06927490234375 -0.162826538085938
-0.00518798828125001 -0.0870742797851563 0.109207153320312 0.186874389648438
-0.0475997924804687 -0.0543251037597656 0.103065490722656 0.053741455078125
-0.0781326293945313 0.00720977783203123 -0.0316715240478516 0.00943756103515625
-0.0426368713378906 0.0537796020507813 -0.04156494140625 0.0789260864257813
0.0194511413574219 0.0610160827636719 0.00180816650390626 0.130882263183594
0.0518302917480469 0.0176506042480469 0.101608276367188 0.144210815429688
0.0600700378417969 -0.00293350219726563 0.193527221679688 0.08929443359375
0.05572509765625 0.0110511779785156 0.195587158203125 0.0735015869140625
0.0569686889648437 0.00070953369140625 0.187255859375 0.090972900390625
0.0468177795410156 0.0359153747558594 0.115768432617188 0.125007629394531
0.00616455078125 0.0636329650878906 0.0389022827148438 0.0923233032226563
-0.0564956665039062 0.0555763244628906 0.0423965454101562 0.0552253723144531
-0.0735931396484375 -0.0241012573242188 0.096405029296875 0.0505752563476563
-0.0418319702148437 -0.0577354431152344 0.173690795898438 0.16534423828125
0.0036163330078125 -0.0688552856445313 0.09136962890625 0.386688232421875
-0.0582427978515625 -0.209136962890625 0.099212646484375 0.159530639648438
-0.117683410644531 -0.136650085449219 0.093536376953125 0.0533218383789062
-0.187286376953125 -0.014068603515625 -0.0259132385253906 0.0133914947509766
-0.119667053222656 0.0984725952148437 -0.0354957580566406 0.0627899169921875
-0.00874328613281251 0.142715454101563 -0.014678955078125 0.111190795898438
0.0874404907226562 0.0877227783203125 0.0766677856445313 0.126441955566406
0.126441955566406 0.0431137084960938 0.161285400390625 0.0808258056640625
0.123222351074219 0.0667495727539063 0.156021118164062 0.0645751953125
0.130500793457031 0.0507583618164063 0.1536865234375 0.077178955078125
0.0882797241210938 0.102684020996094 0.0922698974609375 0.093963623046875
0.002349853515625 0.149032592773438 0.0266609191894531 0.0602149963378906
-0.120018005371094 0.1268310546875 0.056243896484375 0.03173828125
-0.193023681640625 -0.0349273681640625 0.113746643066406 0.0383682250976563
-0.137474060058594 -0.132575988769531 0.177139282226563 0.159744262695312
-0.0624847412109375 -0.203948974609375 0.09661865234375 0.355438232421875
-0.102020263671875 -0.30633544921875 0.0783843994140625 0.0941390991210937
-0.178695678710937 -0.205795288085938 0.0672111511230468 0.0342864990234375
-0.28070068359375 -0.0341339111328125 -0.0230636596679688 0.0181808471679688
-0.187713623046875 0.13555908203125 -0.0244216918945313 0.044769287109375
-0.03851318359375 0.211288452148438 -0.025054931640625 0.0778121948242188
0.109710693359375 0.149490356445312 0.0442581176757813 0.0886917114257813
0.1727294921875 0.0847930908203125 0.105514526367188 0.0582275390625
0.1712646484375 0.112640380859375 0.0936279296875 0.0465927124023438
0.185653686523438 0.09112548828125 0.0957183837890625 0.05377197265625
0.121810913085938 0.152145385742188 0.0522041320800781 0.050018310546875
0.00688171386718752 0.216033935546875 0.00736808776855469 0.0182914733886719
-0.16168212890625 0.190216064453125 0.06134033203125 -0.00122070312499999
-0.290374755859375 -0.02740478515625 0.1209716796875 0.0180816650390625
-0.222671508789063 -0.180252075195312 0.157730102539063 0.138198852539063
-0.123992919921875 -0.305816650390625 0.081939697265625 0.283966064453125
-0.134552001953125 -0.361480712890625 0.0483016967773437 -0.00232696533203127
-0.224822998046875 -0.24603271484375 0.0239372253417969 -0.00394248962402345
-0.345458984375 -0.03997802734375 -0.0248165130615235 0.0194377899169922
-0.2313232421875 0.1619873046875 -0.0109291076660156 0.0220413208007813
-0.0610809326171875 0.254074096679688 -0.0302715301513672 0.0318698883056641
0.117080688476563 0.19073486328125 0.00628662109375001 0.0340118408203125
0.193344116210938 0.11376953125 0.0343418121337891 0.0241031646728516
0.19427490234375 0.141586303710938 0.0169162750244141 0.0213756561279297
0.213241577148438 0.116622924804688 0.0219612121582031 0.0240879058837891
0.137847900390625 0.177719116210938 -0.00124037265777587 0.000855684280395519
0.011688232421875 0.251510620117188 -0.0188884735107422 -0.0271205902099609
-0.177001953125 0.227081298828125 0.0558624267578125 -0.0375900268554687
-0.343475341796875 -0.0141906738281251 0.11260986328125 -0.004302978515625
-0.274810791015625 -0.198516845703125 0.113983154296875 0.106224060058594
-0.166229248046875 -0.359344482421875 0.050567626953125 0.184738159179687
-0.150238037109375 -0.360931396484375 0.00964355468749998 -0.116531372070313
-0.241409301757813 -0.243896484375 -0.0310821533203125 -0.0552024841308594
-0.354583740234375 -0.03424072265625 -0.0301284790039063 0.0127639770507813
-0.233489990234375 0.166946411132812 -0.000546932220458999 -0.00691652297973632
-0.068084716796875 0.256011962890625 -0.0336570739746094 -0.0210323333740234
0.108596801757813 0.19976806640625 -0.0345211029052734 -0.028818130493164
0.18359375 0.124267578125 -0.0442428588867187 -0.0154953002929687
0.18701171875 0.148681640625 -0.062774658203125 -0.00699996948242188
0.20660400390625 0.125503540039063 -0.0568580627441406 -0.00668716430664061
0.128616333007813 0.177291870117188 -0.0575485229492187 -0.04632568359375
0.00923156738281248 0.245468139648438 -0.0460166931152344 -0.0697479248046875
-0.169525146484375 0.21820068359375 0.041534423828125 -0.0708389282226562
-0.33544921875 -0.011077880859375 0.09271240234375 -0.0212860107421875
-0.271636962890625 -0.190643310546875 0.0532684326171875 0.070892333984375
-0.1744384765625 -0.356719970703125 0.00753784179687499 0.0735321044921875
-0.144775390625 -0.301849365234375 -0.03228759765625 -0.228118896484375
-0.21856689453125 -0.19635009765625 -0.08758544921875 -0.109390258789063
-0.296661376953125 -0.021392822265625 -0.0381393432617188 -0.000823974609374998
-0.189361572265625 0.139877319335937 0.00392913818359374 -0.0356369018554687
-0.0600128173828125 0.210586547851563 -0.0340347290039063 -0.0689582824707031
0.0837554931640625 0.172012329101563 -0.0706634521484375 -0.085662841796875
0.146224975585938 0.112548828125 -0.115638732910156 -0.0527496337890625
0.150146484375 0.1329345703125 -0.133094787597656 -0.0341033935546875
0.16595458984375 0.11785888671875 -0.12701416015625 -0.037017822265625
0.0941314697265625 0.152496337890625 -0.103897094726563 -0.0879287719726562
-0.00518798828124998 0.198257446289063 -0.0614852905273437 -0.104263305664063
-0.143630981445313 0.164901733398438 0.028656005859375 -0.0926589965820312
-0.268173217773438 -0.022613525390625 0.0694999694824219 -0.0291671752929688
-0.213729858398437 -0.160247802734375 -0.00635147094726564 0.0361976623535156
-0.1490478515625 -0.30035400390625 -0.0335636138916016 -0.031637191772461
-0.1163330078125 -0.195510864257813 -0.072418212890625 -0.31646728515625
-0.155502319335938 -0.115478515625 -0.13677978515625 -0.155441284179688
-0.184707641601563 -0.00540161132812499 -0.0488357543945313 -0.0164985656738281
-0.10968017578125 0.0864410400390625 -0.000907897949218758 -0.0539894104003906
-0.04095458984375 0.127449035644531 -0.0317001342773437 -0.098785400390625
0.0457305908203125 0.115379333496094 -0.0954360961914062 -0.124137878417969
0.0853729248046875 0.0831146240234375 -0.1693115234375 -0.07958984375
0.0902099609375 0.095947265625 -0.183380126953125 -0.056396484375
0.0998764038085938 0.0932235717773438 -0.177780151367188 -0.0639190673828125
0.0436630249023438 0.106056213378906 -0.129508972167969 -0.119514465332031
-0.0219955444335937 0.122764587402344 -0.060302734375 -0.126594543457031
-0.100181579589844 0.085540771484375 0.0227584838867188 -0.101478576660156
-0.162567138671875 -0.034942626953125 0.0499687194824219 -0.0278129577636719
-0.123046875 -0.108543395996094 -0.0499687194824219 0.00519180297851562
-0.100555419921875 -0.201126098632813 -0.0631484985351563 -0.116188049316406
-0.0666999816894531 -0.0588607788085937 -0.106109619140625 -0.36749267578125
-0.0694618225097656 -0.019073486328125 -0.173568725585938 -0.18353271484375
-0.0482711791992188 0.0103569030761719 -0.0639801025390625 -0.0274543762207031
-0.0185317993164063 0.0223522186279297 -0.0132064819335938 -0.0565834045410156
-0.0169258117675781 0.0277061462402344 -0.0275192260742188 -0.105667114257812
0.000766754150390627 0.0415534973144531 -0.104583740234375 -0.13800048828125
0.0115928649902344 0.0399093627929687 -0.196563720703125 -0.0932159423828125
0.0170936584472656 0.0448837280273438 -0.206985473632813 -0.070343017578125
0.0206756591796875 0.0537071228027344 -0.200210571289063 -0.0833892822265625
-0.00871658325195312 0.0455780029296875 -0.132972717285156 -0.137733459472656
-0.02960205078125 0.0351753234863281 -0.043670654296875 -0.134063720703125
-0.0409698486328125 0.00629425048828125 0.0229110717773437 -0.0987014770507813
-0.0438423156738281 -0.0303001403808594 0.03594970703125 -0.022003173828125
-0.0278968811035156 -0.037506103515625 -0.0715789794921875 -0.0196990966796875
-0.0443115234375 -0.0724105834960938 -0.0759124755859375 -0.168716430664063
-0.00954437255859375 -0.0892333984375 0.122406005859375 0.18890380859375
-0.0511627197265625 -0.05328369140625 0.110160827636719 0.0492019653320313
-0.07928466796875 0.0113601684570313 -0.0302333831787109 0.0111961364746094
-0.0409584045410156 0.0576133728027344 -0.0393753051757813 0.0825042724609375
0.0228157043457031 0.0609474182128906 0.00765991210937499 0.135612487792969
0.0538444519042969 0.0150947570800781 0.112747192382812 0.146240234375
0.0613136291503906 -0.00574874877929688 0.206466674804688 0.0818634033203125
0.0580825805664063 0.00870895385742188 0.208465576171875 0.064666748046875
0.0577430725097656 -0.00193405151367188 0.201263427734375 0.0839691162109375
0.0498008728027344 0.0341339111328125 0.127799987792969 0.1243896484375
0.00938034057617188 0.065216064453125 0.0442733764648438 0.0950851440429687
-0.05517578125 0.0610618591308594 0.0471649169921875 0.0538215637207031
-0.078094482421875 -0.0218505859375 0.101661682128906 0.0462112426757813
-0.0450553894042969 -0.0567703247070313 0.186309814453125 0.161544799804688
-0.000297546386718757 -0.0709228515625 0.111724853515625 0.39453125
-0.0704498291015625 -0.212966918945313 0.110794067382813 0.160324096679688
-0.128227233886719 -0.134864807128906 0.101203918457031 0.0491256713867187
-0.193313598632813 -0.00505065917968752 -0.0239906311035156 0.0154628753662109
-0.118316650390625 0.107696533203125 -0.0331878662109375 0.0658416748046875
-0.00132751464843752 0.147720336914063 -0.010009765625 0.11627197265625
0.0938949584960938 0.0857620239257812 0.08642578125 0.128486633300781
0.131919860839844 0.03863525390625 0.172073364257812 0.074859619140625
0.1318359375 0.063385009765625 0.167434692382813 0.0583343505859375
0.137008666992188 0.0459060668945313 0.165863037109375 0.0716094970703125
0.0961837768554687 0.101219177246094 0.10174560546875 0.093292236328125
0.01025390625 0.154006958007813 0.0303306579589844 0.0630378723144532
-0.117919921875 0.138221740722656 0.0603408813476562 0.0289764404296875
-0.2030029296875 -0.026153564453125 0.119064331054688 0.0329971313476563
-0.148727416992188 -0.130828857421875 0.19024658203125 0.156387329101563
-0.0757598876953125 -0.20751953125 0.114593505859375 0.36297607421875
-0.120635986328125 -0.31182861328125 0.08599853515625 0.0936737060546875
-0.194992065429687 -0.204345703125 0.0723114013671875 0.030914306640625
-0.291595458984375 -0.0198974609375 -0.0201873779296875 0.0205879211425781
-0.187225341796875 0.149444580078125 -0.0219764709472656 0.0477447509765625
-0.028533935546875 0.220062255859375 -0.02215576171875 0.0823745727539063
0.119613647460938 0.148941040039063 0.0504531860351563 0.090362548828125
0.182159423828125 0.0793304443359375 0.113136291503906 0.0534439086914063
0.185394287109375 0.107650756835937 0.101661682128906 0.0429840087890625
0.196990966796875 0.0845489501953125 0.104782104492188 0.050262451171875
0.133087158203125 0.15032958984375 0.0575485229492188 0.0496826171875
0.0177459716796875 0.223037719726562 0.00886344909667969 0.0209693908691406
-0.158126831054688 0.206832885742187 0.0647315979003906 -0.00508117675781249
-0.303497314453125 -0.0132751464843751 0.124931335449219 0.0129623413085938
-0.23919677734375 -0.17730712890625 0.169342041015625 0.135452270507813
-0.14501953125 -0.310333251953125 0.097076416015625 0.290618896484375
-0.157012939453125 -0.36822509765625 0.0509910583496094 -0.00436401367187502
-0.245941162109375 -0.243896484375 0.0255870819091797 -0.00634956359863283
-0.360137939453125 -0.0229187011718749 -0.0217704772949219 0.0220966339111328
-0.231796264648438 0.179428100585937 -0.00899505615234376 0.0235385894775391
-0.0490875244140625 0.266494750976563 -0.0296440124511719 0.0353622436523438
0.1302490234375 0.191680908203125 0.00806427001953126 0.0353240966796875
0.205429077148438 0.10858154296875 0.0369110107421875 0.0219001770019531
0.211212158203125 0.136749267578125 0.0200691223144531 0.0214996337890625
0.227218627929688 0.109786987304688 0.0260143280029297 0.0247039794921875
0.151290893554688 0.17694091796875 -0.000301599502563467 0.0012648105621338
0.0244140625 0.260574340820313 -0.0205936431884766 -0.0251350402832031
-0.173004150390625 0.245452880859375 0.0574073791503906 -0.0427780151367187
-0.358551025390625 0.00372314453125 0.115531921386719 -0.00933837890625
-0.294708251953125 -0.1932373046875 0.122314453125 0.105094909667969
-0.191070556640625 -0.364013671875 0.0606689453125 0.189468383789062
-0.172698974609375 -0.367523193359375 0.00537872314453124 -0.120491027832031
-0.263885498046875 -0.241180419921875 -0.0347061157226563 -0.0567550659179688
-0.370849609375 -0.01641845703125 -0.0280952453613282 0.0151748657226563
-0.233917236328125 0.18487548828125 0.00061559677124022 -0.00612497329711913
-0.0567169189453125 0.269195556640625 -0.0350055694580078 -0.0196418762207031
0.121978759765625 0.201644897460938 -0.0376205444335937 -0.0279197692871094
0.196212768554688 0.119125366210937 -0.046661376953125 -0.0142097473144531
0.204299926757812 0.144088745117187 -0.0645942687988281 -0.00308609008789062
0.221817016601563 0.119537353515625 -0.0578575134277344 -0.00310897827148438
0.142105102539063 0.176956176757812 -0.0617446899414062 -0.0445175170898437
0.0217132568359375 0.254058837890625 -0.050384521484375 -0.0686187744140625
-0.165115356445313 0.23663330078125 0.0411605834960937 -0.0759429931640625
-0.350250244140625 0.00701904296875003 0.0941925048828125 -0.0254135131835938
-0.29071044921875 -0.185272216796875 0.0587387084960937 0.0720443725585937
-0.199981689453125 -0.3614501953125 0.0114364624023437 0.0764312744140625
-0.16522216796875 -0.307403564453125 -0.0434417724609375 -0.234176635742188
-0.236968994140625 -0.193878173828125 -0.0965499877929688 -0.109527587890625
-0.31048583984375 -0.00570678710937504 -0.0381927490234375 0.00164794921875001
-0.189285278320313 0.15435791015625 0.00312805175781249 -0.0360870361328125
-0.050079345703125 0.222091674804687 -0.0375862121582031 -0.0692100524902343
0.0948333740234375 0.174453735351563 -0.078399658203125 -0.0859527587890625
0.1563720703125 0.109100341796875 -0.123847961425781 -0.0486679077148438
0.165435791015625 0.129730224609375 -0.139617919921875 -0.0269317626953125
0.179458618164063 0.1131591796875 -0.13287353515625 -0.030120849609375
0.10467529296875 0.153152465820313 -0.112411499023438 -0.0851593017578125
0.00450134277343752 0.205841064453125 -0.0685653686523437 -0.104423522949219
-0.140335083007812 0.179244995117188 0.02685546875 -0.097747802734375
-0.28076171875 -0.00767517089843751 0.0694580078125 -0.031951904296875
-0.229232788085938 -0.15655517578125 -0.00441360473632814 0.0395774841308594
-0.171051025390625 -0.30511474609375 -0.0356330871582031 -0.0307846069335938
-0.129684448242187 -0.198837280273438 -0.089263916015625 -0.323944091796875
-0.167800903320312 -0.1134033203125 -0.1492919921875 -0.15386962890625
-0.1934814453125 0.00408935546875003 -0.0513038635253906 -0.0144538879394531
-0.110527038574219 0.0954360961914063 -0.00295639038085939 -0.0549812316894531
-0.0349502563476563 0.135726928710938 -0.0366134643554687 -0.101058959960937
0.0537033081054687 0.118217468261719 -0.1063232421875 -0.125320434570313
0.0923004150390625 0.0815505981445313 -0.181259155273438 -0.0734100341796875
0.100257873535156 0.095184326171875 -0.19390869140625 -0.0470123291015625
0.110023498535156 0.0914459228515625 -0.186904907226563 -0.055328369140625
0.0505752563476562 0.108505249023438 -0.141433715820313 -0.116592407226562
-0.0167617797851562 0.128433227539062 -0.0677719116210937 -0.12786865234375
-0.099395751953125 0.0946578979492187 0.0194778442382812 -0.106178283691406
-0.1715087890625 -0.026580810546875 0.0493888854980469 -0.0301551818847656
-0.133354187011719 -0.107589721679688 -0.0504188537597656 0.00959777832031249
-0.11517333984375 -0.203964233398438 -0.0695114135742188 -0.116889953613281
-0.0718460083007812 -0.0597152709960938 -0.126983642578125 -0.37469482421875
-0.0727767944335937 -0.0172958374023438 -0.190032958984375 -0.181182861328125
-0.0517654418945313 0.0127677917480469 -0.0684661865234375 -0.0250740051269531
-0.0190601348876953 0.02398681640625 -0.0165023803710938 -0.0567474365234375
-0.0158367156982422 0.0306987762451172 -0.0327987670898438 -0.108558654785156
0.00353240966796875 0.0437774658203125 -0.117301940917969 -0.139450073242188
0.0142173767089844 0.0410385131835938 -0.209854125976563 -0.0858001708984375
0.02093505859375 0.0455970764160156 -0.21929931640625 -0.06011962890625
0.0259132385253906 0.0543098449707031 -0.212493896484375 -0.0742645263671875
-0.00595474243164062 0.0480308532714844 -0.146072387695313 -0.135711669921875
-0.0285758972167969 0.0381431579589844 -0.051483154296875 -0.137275695800781
-0.0422592163085938 0.00881195068359375 0.0187835693359375 -0.102760314941406
-0.0481147766113281 -0.0281982421875 0.0363960266113281 -0.0233345031738281
-0.0319175720214844 -0.0379486083984375 -0.0742568969726563 -0.0154266357421875
-0.0499954223632813 -0.0735626220703125 -0.085662841796875 -0.171096801757813
-0.0138931274414062 -0.0881271362304688 0.132598876953125 0.185546875
-0.0537338256835938 -0.0506706237792969 0.115127563476563 0.0429611206054688
-0.078277587890625 0.014923095703125 -0.0285110473632813 0.0122547149658203
-0.0381355285644531 0.0599708557128906 -0.0351943969726563 0.0840988159179688
0.0258293151855469 0.0594978332519531 0.013397216796875 0.13824462890625
0.0540428161621094 0.0120964050292969 0.123245239257812 0.143386840820313
0.0617446899414062 -0.00831985473632813 0.214202880859375 0.0712890625
0.0596733093261719 0.0060882568359375 0.21630859375 0.0523223876953125
0.0574111938476562 -0.00513458251953125 0.209747314453125 0.07293701171875
0.0518226623535156 0.031219482421875 0.137657165527344 0.120002746582031
0.0135383605957031 0.0658302307128906 0.0490264892578125 0.0952224731445313
-0.0520973205566406 0.0651664733886719 0.0499267578125 0.05157470703125
-0.0802841186523437 -0.01776123046875 0.104148864746094 0.0398101806640625
-0.0478744506835937 -0.05474853515625 0.195404052734375 0.1534423828125
-0.00429534912109375 -0.0709228515625 0.129730224609375 0.3944091796875
-0.081298828125 -0.21142578125 0.119796752929688 0.157012939453125
-0.135726928710938 -0.129707336425781 0.105484008789062 0.0428848266601563
-0.19482421875 0.00537109374999997 -0.0205764770507813 0.0161628723144531
-0.114051818847656 0.114295959472656 -0.0297355651855469 0.0677452087402344
0.00643920898437501 0.148773193359375 -0.00453948974609374 0.119102478027344
0.0980224609375 0.0813446044921875 0.0945663452148438 0.126930236816406
0.135215759277344 0.032958984375 0.179153442382813 0.0650177001953125
0.137908935546875 0.0573806762695312 0.174652099609375 0.04852294921875
0.140609741210937 0.0395050048828125 0.173782348632813 0.061981201171875
0.102073669433594 0.0969390869140625 0.10943603515625 0.0897445678710938
0.018157958984375 0.155364990234375 0.0338935852050781 0.0642013549804688
-0.112228393554688 0.1470947265625 0.0630455017089844 0.024658203125
-0.2078857421875 -0.0154571533203125 0.121261596679688 0.0262985229492188
-0.156448364257813 -0.125015258789062 0.198776245117187 0.1484375
-0.08758544921875 -0.2060546875 0.1318359375 0.3624267578125
-0.136871337890625 -0.309417724609375 0.0923614501953125 0.0905380249023437
-0.20770263671875 -0.1961669921875 0.0755615234375 0.0255508422851562
-0.29632568359375 -0.00418090820312499 -0.0166454315185547 0.0215110778808594
-0.181182861328125 0.160064697265625 -0.018707275390625 0.0491905212402344
-0.0166778564453125 0.2237548828125 -0.0181045532226563 0.0853271484375
0.127365112304688 0.143524169921875 0.05609130859375 0.0902252197265625
0.1878662109375 0.0713348388671875 0.117523193359375 0.0470428466796875
0.195953369140625 0.0997772216796875 0.107101440429688 0.0373077392578125
0.204544067382813 0.0755157470703125 0.111518859863281 0.044281005859375
0.141937255859375 0.1456298828125 0.0620269775390625 0.0477447509765625
0.0294952392578125 0.226089477539063 0.0101299285888672 0.0227413177490235
-0.148956298828125 0.218536376953125 0.066436767578125 -0.010009765625
-0.309173583984375 0.00317382812499996 0.126174926757812 0.00669097900390625
-0.250839233398438 -0.167938232421875 0.177337646484375 0.129745483398438
-0.16326904296875 -0.306976318359375 0.110626220703125 0.290435791015625
-0.176666259765625 -0.365570068359375 0.0519027709960937 -0.0067863464355469
-0.26123046875 -0.234573364257813 0.0260639190673828 -0.00894546508789064
-0.36639404296875 -0.00265502929687502 -0.018362045288086 0.0231781005859375
-0.224777221679687 0.19281005859375 -0.00652313232421876 0.0246982574462891
-0.034271240234375 0.271759033203125 -0.0277900695800781 0.0382270812988281
0.140655517578125 0.186721801757813 0.00988769531250001 0.0362548828125
0.213180541992188 0.0994110107421875 0.0377006530761719 0.0194511413574219
0.224090576171875 0.126907348632812 0.0225715637207031 0.0203399658203125
0.23681640625 0.098785400390625 0.0302791595458984 0.0230045318603516
0.162109375 0.171218872070313 0.000396370887756358 0.00183618068695069
0.0377655029296875 0.263092041015625 -0.0215587615966797 -0.0227985382080078
-0.161941528320313 0.259017944335938 0.0571975708007812 -0.0479278564453125
-0.364501953125 0.023529052734375 0.115913391113281 -0.0142669677734375
-0.307281494140625 -0.1820068359375 0.12847900390625 0.101448059082031
-0.213165283203125 -0.359619140625 0.0699462890625 0.189407348632812
-0.193023681640625 -0.3643798828125 0.00028991699218748 -0.122108459472656
-0.27996826171875 -0.231124877929687 -0.0378799438476563 -0.0566253662109375
-0.37762451171875 0.00430297851562498 -0.0260467529296875 0.0171642303466797
-0.227127075195313 0.199417114257812 0.00139188766479491 -0.00576496124267577
-0.0426025390625 0.276046752929688 -0.0355262756347656 -0.0174446105957031
0.133392333984375 0.198074340820313 -0.0399360656738281 -0.0265159606933594
0.204238891601563 0.111190795898438 -0.0487899780273437 -0.0128822326660156
0.2177734375 0.135223388671875 -0.0647430419921875 0.00108337402343751
0.232009887695313 0.108901977539063 -0.056732177734375 0.000408172607421885
0.152297973632813 0.172149658203125 -0.0649604797363281 -0.0418739318847656
0.0349273681640625 0.256607055664063 -0.0536231994628906 -0.0659942626953125
-0.154922485351563 0.249252319335937 0.0394821166992187 -0.0800399780273437
-0.355224609375 0.02801513671875 0.0932540893554687 -0.029266357421875
-0.303924560546875 -0.173858642578125 0.0632095336914062 0.0714492797851562
-0.221435546875 -0.3560791015625 0.0156784057617187 0.0772171020507812
-0.18255615234375 -0.3052978515625 -0.054473876953125 -0.234359741210938
-0.2506103515625 -0.185501098632812 -0.103286743164063 -0.1063232421875
-0.3165283203125 0.011260986328125 -0.0374412536621094 0.00368881225585937
-0.184371948242188 0.166519165039063 0.00271224975585936 -0.0353851318359375
-0.0386199951171875 0.228851318359375 -0.0409698486328125 -0.0683174133300781
0.10516357421875 0.172409057617188 -0.085296630859375 -0.0836944580078125
0.164382934570312 0.10357666015625 -0.129150390625 -0.0427398681640625
0.17730712890625 0.122360229492187 -0.142807006835938 -0.01885986328125
0.189071655273438 0.1043701171875 -0.134597778320313 -0.0228500366210937
0.113998413085938 0.149917602539063 -0.118782043457031 -0.0801544189453125
0.0153045654296875 0.208511352539063 -0.07354736328125 -0.101142883300781
-0.132614135742187 0.189010620117188 0.0234451293945312 -0.101043701171875
-0.285919189453125 0.00839233398437495 0.0685157775878906 -0.0340805053710938
-0.24090576171875 -0.1480712890625 -0.00183486938476564 0.0417747497558594
-0.189361572265625 -0.30047607421875 -0.036834716796875 -0.0292816162109375
-0.141571044921875 -0.196929931640625 -0.104736328125 -0.32244873046875
-0.17633056640625 -0.107498168945313 -0.15948486328125 -0.148422241210938
-0.198013305664063 0.0149688720703125 -0.0520973205566406 -0.0118217468261719
-0.107933044433594 0.102851867675781 -0.00447463989257814 -0.0546493530273437
-0.0272369384765625 0.139938354492188 -0.0416107177734375 -0.100730895996094
0.06097412109375 0.117042541503906 -0.115898132324219 -0.122634887695313
0.0982742309570312 0.0785446166992188 -0.189102172851562 -0.0648193359375
0.109077453613281 0.0906753540039063 -0.199111938476563 -0.0354461669921875
0.118072509765625 0.0861434936523438 -0.191543579101563 -0.044891357421875
0.0567779541015625 0.107009887695313 -0.149688720703125 -0.109848022460938
-0.0102920532226562 0.130760192871094 -0.0742111206054688 -0.125778198242188
-0.095947265625 0.101181030273438 0.014678955078125 -0.108314514160156
-0.1756591796875 -0.016082763671875 0.0487937927246094 -0.0313034057617188
-0.140960693359375 -0.103042602539063 -0.0497474670410156 0.0142364501953125
-0.127273559570313 -0.201141357421875 -0.0748214721679688 -0.114898681640625
-0.0754013061523438 -0.0586166381835938 -0.144866943359375 -0.37261962890625
-0.07513427734375 -0.0150680541992188 -0.20184326171875 -0.172958374023437
-0.0533866882324219 0.0160789489746094 -0.07080078125 -0.022796630859375
-0.0191516876220703 0.0256137847900391 -0.0186653137207031 -0.0554008483886719
-0.0136013031005859 0.0327892303466797 -0.0375823974609375 -0.109283447265625
0.00655746459960938 0.0445709228515625 -0.127555847167969 -0.137626647949219
0.0166816711425781 0.04150390625 -0.219207763671875 -0.07452392578125
0.0244674682617188 0.0450706481933594 -0.225875854492188 -0.0474090576171875
0.0301361083984375 0.0533790588378906 -0.219406127929688 -0.0621185302734375
-0.00322341918945312 0.0497589111328125 -0.156021118164063 -0.128921508789063
-0.0274085998535156 0.040191650390625 -0.0586624145507813 -0.136886596679688
-0.0423126220703125 0.0113334655761719 0.0143203735351562 -0.103988647460938
-0.0509567260742187 -0.0249481201171875 0.0356559753417969 -0.0249214172363281
-0.0349502563476563 -0.0374069213867187 -0.0749435424804687 -0.0103912353515625
-0.055206298828125 -0.0729293823242188 -0.0929718017578125 -0.1690673828125
-0.0172958374023438 -0.0864105224609375 0.137832641601563 0.181961059570313
-0.0539283752441406 -0.0481986999511719 0.117301940917969 0.0373992919921875
-0.0767593383789063 0.0168380737304688 -0.0266017913818359 0.0119838714599609
-0.0361671447753906 0.0605888366699219 -0.0329208374023437 0.084197998046875
0.0274925231933594 0.0578880310058594 0.0175399780273438 0.138328552246094
0.0534515380859375 0.009185791015625 0.12884521484375 0.140838623046875
0.0610847473144531 -0.0105514526367188 0.21844482421875 0.0624542236328125
0.0601081848144531 0.0043487548828125 0.219345092773438 0.043243408203125
0.056365966796875 -0.00628662109375 0.214019775390625 0.0639190673828125
0.0521507263183594 0.0289039611816406 0.143447875976563 0.115493774414063
0.0160102844238281 0.0652885437011719 0.0521392822265625 0.0955352783203125
-0.0492973327636719 0.0673141479492188 0.05120849609375 0.0491867065429688
-0.0810928344726563 -0.0152664184570312 0.104194641113281 0.0359115600585938
-0.0491294860839844 -0.0520553588867188 0.19891357421875 0.146820068359375
-0.00713729858398438 -0.06988525390625 0.1387939453125 0.3902587890625
-0.08758544921875 -0.207611083984375 0.124481201171875 0.1533203125
-0.138999938964844 -0.124526977539063 0.107337951660156 0.0375823974609375
-0.193344116210938 0.0118408203125 -0.0181694030761719 0.0160675048828125
-0.109855651855469 0.117599487304688 -0.0272331237792969 0.0678367614746094
0.0117340087890625 0.147857666015625 -0.00140380859374999 0.1201171875
0.0992965698242188 0.07763671875 0.0995407104492188 0.125129699707031
0.135948181152344 0.028076171875 0.182357788085938 0.057861328125
0.141357421875 0.0525970458984375 0.177841186523438 0.0406036376953125
0.142120361328125 0.0352935791015625 0.17816162109375 0.0547637939453125
0.104576110839844 0.0930938720703125 0.11431884765625 0.0863800048828125
0.023651123046875 0.15545654296875 0.0363426208496094 0.0649833679199219
-0.10693359375 0.151687622070313 0.0637893676757813 0.0211753845214844
-0.209457397460938 -0.00788879394531248 0.120651245117188 0.0220413208007813
-0.16021728515625 -0.12054443359375 0.202133178710938 0.142486572265625
-0.0946807861328125 -0.20263671875 0.14007568359375 0.358184814453125
-0.146331787109375 -0.30462646484375 0.0950546264648438 0.087677001953125
-0.213821411132813 -0.189346313476563 0.0766143798828125 0.02142333984375
-0.295562744140625 0.00640869140625001 -0.0137557983398438 0.0216560363769531
-0.176406860351563 0.165374755859375 -0.0163612365722656 0.0490875244140625
-0.00843811035156248 0.223770141601563 -0.0158309936523438 0.087188720703125
0.131256103515625 0.139244079589844 0.0596237182617188 0.089324951171875
0.190399169921875 0.06463623046875 0.119461059570313 0.0423660278320313
0.201919555664063 0.092803955078125 0.109771728515625 0.0322799682617188
0.207321166992188 0.0678863525390625 0.11505126953125 0.0391082763671875
0.146621704101563 0.140029907226563 0.0648880004882813 0.0462684631347656
0.036865234375 0.225677490234375 0.0115337371826172 0.0243816375732422
-0.14208984375 0.224594116210937 0.0664443969726562 -0.0136222839355469
-0.31072998046875 0.01495361328125 0.12548828125 0.00252532958984375
-0.256637573242188 -0.161605834960938 0.179840087890625 0.124496459960937
-0.17401123046875 -0.301300048828125 0.11871337890625 0.286865234375
-0.188751220703125 -0.359283447265625 0.0518226623535156 -0.0084953308105469
-0.26934814453125 -0.226409912109375 0.0254230499267578 -0.0116596221923828
-0.36712646484375 0.0108032226562499 -0.0152683258056641 0.0236377716064453
-0.218597412109375 0.20074462890625 -0.0042705535888672 0.0246963500976563
-0.02423095703125 0.273086547851563 -0.0264434814453125 0.0405616760253906
0.145797729492188 0.182083129882813 0.0113639831542969 0.0362625122070313
0.215988159179688 0.092193603515625 0.0382461547851563 0.0173187255859375
0.231674194335937 0.119277954101562 0.0246734619140625 0.0191402435302734
0.240798950195313 0.090087890625 0.0335445404052735 0.020599365234375
0.167373657226562 0.1654052734375 0.000840902328491221 0.00256896018981935
0.04718017578125 0.262619018554688 -0.0212020874023437 -0.0204524993896484
-0.15338134765625 0.265914916992188 0.0562477111816406 -0.0515556335449219
-0.365020751953125 0.037872314453125 0.114852905273437 -0.01678466796875
-0.314239501953125 -0.173858642578125 0.131889343261719 0.0983123779296875
-0.2257080078125 -0.3526611328125 0.07550048828125 0.1881103515625
-0.204803466796875 -0.359893798828125 -0.00279998779296877 -0.121650695800781
-0.288330078125 -0.223236083984375 -0.040679931640625 -0.0562744140625
-0.37823486328125 0.018280029296875 -0.0234012603759766 0.0182113647460938
-0.2208251953125 0.207061767578125 0.00344562530517577 -0.00521564483642577
-0.031768798828125 0.278182983398438 -0.0357131958007813 -0.0153694152832031
0.140060424804688 0.193130493164063 -0.0418739318847656 -0.0249519348144531
0.208648681640625 0.1043701171875 -0.0502281188964844 -0.0114097595214844
0.2257080078125 0.127044677734375 -0.0636749267578125 0.00315856933593751
0.236770629882813 0.099609375 -0.0544052124023437 0.00161361694335937
0.15789794921875 0.166488647460938 -0.0663871765136718 -0.0389938354492187
0.0440216064453125 0.256271362304688 -0.05450439453125 -0.0631065368652343
-0.14678955078125 0.2552490234375 0.0375595092773438 -0.0835342407226562
-0.35565185546875 0.040924072265625 0.0921707153320312 -0.0305252075195312
-0.31005859375 -0.165863037109375 0.0661773681640625 0.070709228515625
-0.234649658203125 -0.349517822265625 0.018524169921875 0.076934814453125
-0.193145751953125 -0.30120849609375 -0.0607147216796875 -0.232208251953125
-0.258132934570313 -0.17828369140625 -0.107864379882813 -0.103462219238281
-0.317962646484375 0.0242004394531251 -0.035919189453125 0.00550079345703126
-0.18023681640625 0.172760009765625 0.00338172912597656 -0.0345363616943359
-0.0293731689453125 0.231002807617188 -0.0423011779785156 -0.0670356750488281
0.111770629882812 0.16943359375 -0.0895538330078125 -0.0813446044921875
0.168502807617188 0.0984954833984375 -0.132659912109375 -0.0376205444335938
0.184234619140625 0.11602783203125 -0.14312744140625 -0.0130157470703125
0.194534301757813 0.096710205078125 -0.134140014648438 -0.01806640625
0.118804931640625 0.145889282226562 -0.122116088867187 -0.0749282836914063
0.0227813720703125 0.208023071289063 -0.0763015747070313 -0.0983047485351562
-0.127227783203125 0.194061279296875 0.0201873779296875 -0.102996826171875
-0.28643798828125 0.01959228515625 0.0673561096191406 -0.0347557067871094
-0.246170043945313 -0.141769409179688 0.000896453857421862 0.0432243347167969
-0.19970703125 -0.29547119140625 -0.0363197326660156 -0.0276985168457031
-0.148117065429688 -0.194534301757813 -0.11370849609375 -0.3187255859375
-0.180618286132813 -0.102447509765625 -0.165298461914063 -0.142196655273437
-0.199478149414063 0.02313232421875 -0.0520172119140625 -0.00939941406250001
-0.105209350585938 0.106597900390625 -0.00437927246093751 -0.0536460876464844
-0.021942138671875 0.141845703125 -0.0437240600585937 -0.10040283203125
0.0651016235351563 0.115875244140625 -0.12188720703125 -0.120246887207031
0.101036071777344 0.07611083984375 -0.193374633789063 -0.0572509765625
0.113685607910156 0.0867538452148438 -0.200851440429688 -0.027557373046875
0.122085571289062 0.0807876586914062 -0.192138671875 -0.037109375
0.0606307983398438 0.10540771484375 -0.154464721679688 -0.10418701171875
-0.00537109375000001 0.131294250488281 -0.0779266357421875 -0.123451232910156
-0.0929489135742187 0.104804992675781 0.0123825073242187 -0.109260559082031
-0.176971435546875 -0.00898742675781251 0.0480537414550781 -0.0313911437988281
-0.144622802734375 -0.099395751953125 -0.0479354858398438 0.017303466796875
-0.134857177734375 -0.197845458984375 -0.076751708984375 -0.113349914550781
-0.0774612426757812 -0.057952880859375 -0.15521240234375 -0.367095947265625
-0.0756683349609375 -0.0133514404296875 -0.208084106445312 -0.165695190429687
-0.0538444519042969 0.01824951171875 -0.0721282958984375 -0.0194625854492187
-0.0186748504638672 0.0265789031982422 -0.0195846557617188 -0.0543403625488281
-0.0125350952148438 0.0343303680419922 -0.0404510498046875 -0.109588623046875
0.0092010498046875 0.0456924438476563 -0.134368896484375 -0.134407043457031
0.0182685852050781 0.0416450500488281 -0.223281860351563 -0.0662078857421875
0.0270309448242187 0.0443191528320313 -0.228363037109375 -0.0373382568359375
0.0337104797363281 0.0521202087402344 -0.22137451171875 -0.0530548095703125
-0.000701904296875004 0.050445556640625 -0.16058349609375 -0.122268676757813
-0.0255012512207031 0.0412635803222656 -0.0625381469726562 -0.135299682617188
-0.0421066284179688 0.0130195617675781 0.010986328125 -0.104377746582031
-0.0521583557128906 -0.0225944519042969 0.03497314453125 -0.0242843627929688
-0.03662109375 -0.036529541015625 -0.0736846923828125 -0.00672149658203124
-0.0580215454101563 -0.0719985961914063 -0.096649169921875 -0.167373657226562
-0.0177230834960937 -0.0855331420898437 0.141006469726563 0.1817626953125
-0.0539360046386719 -0.0477867126464844 0.118942260742188 0.0344085693359375
-0.0757827758789062 0.0174179077148437 -0.0259437561035156 0.0114059448242188
-0.0354232788085937 0.0610809326171875 -0.0324249267578125 0.0846099853515625
0.0285263061523438 0.0568733215332031 0.01953125 0.140762329101563
0.0524482727050781 0.00799560546875 0.133804321289063 0.141204833984375
0.0608367919921875 -0.0119972229003906 0.222671508789063 0.0579986572265625
0.0608558654785156 0.00337600708007813 0.223175048828125 0.0380859375
0.0560340881347656 -0.00620269775390625 0.218414306640625 0.059814453125
0.0525054931640625 0.0283050537109375 0.148361206054688 0.114044189453125
0.0173835754394531 0.06573486328125 0.0545501708984375 0.0971832275390625
-0.0481605529785156 0.0691452026367188 0.0521087646484375 0.0482139587402344
-0.0823898315429688 -0.0134735107421875 0.103866577148437 0.0331649780273438
-0.0489234924316406 -0.0509567260742188 0.200653076171875 0.144485473632812
-0.00854110717773438 -0.0694503784179688 0.142852783203125 0.39190673828125
-0.09088134765625 -0.206893920898438 0.12689208984375 0.152923583984375
-0.140853881835938 -0.122940063476563 0.108314514160156 0.0345230102539062
-0.194244384765625 0.0150909423828125 -0.0166206359863281 0.0155220031738281
-0.109306335449219 0.1190185546875 -0.0262451171875 0.0679817199707031
0.013946533203125 0.147659301757813 3.81469726562474E-05 0.123176574707031
0.0999526977539063 0.0758438110351563 0.103866577148438 0.1263427734375
0.136886596679688 0.02606201171875 0.185089111328125 0.054779052734375
0.145217895507813 0.0502777099609375 0.181365966796875 0.0364227294921875
0.143295288085938 0.0330047607421875 0.182693481445312 0.0505218505859375
0.106178283691406 0.0920333862304687 0.117912292480469 0.0856399536132813
0.0263214111328125 0.156829833984375 0.0382728576660156 0.0673141479492188
-0.105133056640625 0.15533447265625 0.0648574829101562 0.0197296142578125
-0.211746215820313 -0.00390625000000002 0.120529174804688 0.0199813842773438
-0.16278076171875 -0.118972778320313 0.204132080078125 0.140960693359375
-0.0983428955078125 -0.202743530273437 0.14422607421875 0.3599853515625
-0.151763916015625 -0.3043212890625 0.096527099609375 0.0874481201171875
-0.217041015625 -0.187576293945313 0.0770187377929687 0.0187606811523437
-0.29803466796875 0.012451171875 -0.0119724273681641 0.0210971832275391
-0.175247192382813 0.1685791015625 -0.0151748657226563 0.0487098693847656
-0.0045318603515625 0.224884033203125 -0.014434814453125 0.089447021484375
0.132926940917969 0.137626647949219 0.0625 0.090057373046875
0.192520141601563 0.062225341796875 0.120895385742188 0.0396499633789063
0.207138061523438 0.0893096923828125 0.112632751464844 0.029510498046875
0.210296630859375 0.06524658203125 0.118888854980469 0.0357131958007813
0.149139404296875 0.139205932617188 0.0673637390136719 0.0459060668945313
0.041168212890625 0.227569580078125 0.0128707885742188 0.0262870788574219
-0.139877319335938 0.229766845703125 0.067291259765625 -0.0166358947753906
-0.31341552734375 0.020721435546875 0.125137329101562 0.00125885009765625
-0.2607421875 -0.159439086914063 0.182830810546875 0.124038696289063
-0.17938232421875 -0.3018798828125 0.121673583984375 0.288726806640625
-0.195068359375 -0.360809326171875 0.0519828796386719 -0.00899505615234377
-0.275192260742188 -0.223739624023437 0.0250911712646484 -0.0127429962158203
-0.368927001953125 0.018341064453125 -0.0133018493652344 0.0232486724853516
-0.2177734375 0.204925537109375 -0.00263977050781252 0.0242099761962891
-0.0194091796875 0.27520751953125 -0.025604248046875 0.0422096252441406
0.148544311523438 0.181106567382813 0.01177978515625 0.0374107360839844
0.21893310546875 0.089691162109375 0.0384445190429688 0.0170783996582031
0.238494873046875 0.115631103515625 0.0265522003173828 0.0181941986083984
0.244979858398438 0.0861663818359375 0.0364570617675781 0.0188713073730469
0.170166015625 0.163986206054688 0.00182271003723146 0.00310325622558595
0.0524444580078125 0.264236450195313 -0.0209846496582031 -0.0187644958496094
-0.150894165039062 0.271575927734375 0.0561141967773438 -0.0547943115234375
-0.368072509765625 0.0454711914062501 0.114540100097656 -0.0179061889648437
-0.31951904296875 -0.17169189453125 0.134109497070312 0.09869384765625
-0.232757568359375 -0.35308837890625 0.07763671875 0.188583374023437
-0.212493896484375 -0.36138916015625 -0.00450134277343751 -0.122383117675781
-0.29522705078125 -0.2208251953125 -0.0421104431152344 -0.0566291809082031
-0.382568359375 0.027099609375 -0.0215549468994141 0.0188713073730469
-0.22119140625 0.21209716796875 0.0053272247314453 -0.00583648681640624
-0.025787353515625 0.28125 -0.0357437133789063 -0.0147209167480469
0.14361572265625 0.193344116210938 -0.0431098937988281 -0.0244979858398438
0.212142944335938 0.10284423828125 -0.0521888732910156 -0.00991821289062499
0.232589721679688 0.1234130859375 -0.0638580322265625 0.00487899780273439
0.240982055664063 0.095184326171875 -0.05291748046875 0.00184249877929687
0.1614990234375 0.165512084960938 -0.0673332214355469 -0.0375289916992187
0.048675537109375 0.258193969726563 -0.055511474609375 -0.0616035461425781
-0.144302368164062 0.261138916015625 0.036712646484375 -0.08642578125
-0.35821533203125 0.048858642578125 0.0923919677734375 -0.0312576293945313
-0.316070556640625 -0.16339111328125 0.068359375 0.071685791015625
-0.242095947265625 -0.34991455078125 0.019989013671875 0.07720947265625
-0.19879150390625 -0.302734375 -0.0640716552734375 -0.232498168945313
-0.263214111328125 -0.175872802734375 -0.110931396484375 -0.102058410644531
-0.3218994140625 0.0312805175781249 -0.0346813201904297 0.00604438781738281
-0.179702758789063 0.17730712890625 0.00496292114257812 -0.03521728515625
-0.0249176025390625 0.23382568359375 -0.0434036254882813 -0.0667648315429687
0.114959716796875 0.169342041015625 -0.0925979614257813 -0.08062744140625
0.171676635742187 0.09814453125 -0.135650634765625 -0.0348968505859375
0.190322875976562 0.112838745117188 -0.144149780273438 -0.009796142578125
0.198471069335938 0.0926361083984375 -0.134185791015625 -0.015960693359375
0.121673583984375 0.144989013671875 -0.124557495117187 -0.0729217529296875
0.0260009765625 0.20953369140625 -0.0776901245117188 -0.0974960327148437
-0.125167846679687 0.199005126953125 0.0193862915039062 -0.105484008789062
-0.289337158203125 0.0258178710937501 0.0675048828125 -0.03485107421875
-0.2509765625 -0.139907836914063 0.00277328491210936 0.0450019836425781
-0.205902099609375 -0.295440673828125 -0.036163330078125 -0.0284538269042969
-0.152511596679688 -0.196090698242188 -0.11798095703125 -0.319549560546875
-0.18463134765625 -0.101348876953125 -0.169448852539063 -0.140487670898438
-0.201705932617188 0.027587890625 -0.0517959594726563 -0.00837326049804688
-0.105293273925781 0.109245300292969 -0.00381469726562501 -0.0538063049316406
-0.019317626953125 0.144195556640625 -0.045501708984375 -0.1011962890625
0.0680465698242188 0.11688232421875 -0.126754760742188 -0.120223999023438
0.103981018066406 0.0765304565429688 -0.197982788085938 -0.053619384765625
0.118247985839844 0.0850372314453125 -0.202987670898438 -0.02178955078125
0.125785827636719 0.0784530639648437 -0.1939697265625 -0.0336151123046875
0.062713623046875 0.105751037597656 -0.157394409179688 -0.101730346679687
-0.00311279296875001 0.132675170898437 -0.0800628662109375 -0.123329162597656
-0.0921554565429688 0.10784912109375 0.0106964111328125 -0.110679626464844
-0.178604125976563 -0.00480651855468753 0.0483894348144531 -0.0311660766601563
-0.148483276367188 -0.0987091064453125 -0.0463142395019531 0.0191383361816406
-0.138687133789063 -0.198379516601562 -0.0767974853515625 -0.113410949707031
-0.0792236328125 -0.0594635009765625 -0.15966796875 -0.367340087890625
-0.0768203735351563 -0.01336669921875 -0.212478637695313 -0.162307739257813
-0.0552291870117188 0.0198402404785156 -0.0728530883789062 -0.0182266235351562
-0.0189743041992187 0.0271816253662109 -0.0189361572265625 -0.0538139343261719
-0.0116157531738281 0.0352745056152344 -0.0418319702148438 -0.111190795898438
0.010650634765625 0.0457725524902344 -0.139434814453125 -0.135124206542969
0.0198783874511719 0.0427780151367188 -0.228317260742188 -0.0611724853515625
0.0287857055664063 0.0442428588867188 -0.231765747070313 -0.0314788818359375
0.0351486206054688 0.0511932373046875 -0.22430419921875 -0.0483856201171875
0.000305175781249997 0.0509147644042969 -0.164398193359375 -0.120468139648438
-0.0251007080078125 0.0421409606933594 -0.0651168823242188 -0.136268615722656
-0.0427360534667969 0.0142288208007813 0.00944519042968751 -0.105239868164063
-0.0533294677734375 -0.0208740234375 0.0358428955078125 -0.0237655639648438
-0.0386466979980469 -0.0376815795898437 -0.0727996826171875 -0.00480651855468752
-0.0597991943359375 -0.0723800659179688 -0.096832275390625 -0.168655395507813
-0.0181350708007812 -0.086090087890625 0.1455078125 0.186935424804688
-0.0543136596679687 -0.0485992431640625 0.122116088867188 0.0326690673828125
-0.0770721435546875 0.017669677734375 -0.0257854461669922 0.0107688903808594
-0.0361518859863281 0.06304931640625 -0.032928466796875 0.0863723754882813
0.0292396545410156 0.0572929382324219 0.0217742919921875 0.145919799804688
0.0522079467773438 0.00716018676757813 0.140518188476562 0.145156860351563
0.0619735717773438 -0.0131607055664063 0.229812622070313 0.05633544921875
0.0631980895996094 0.00263214111328125 0.23028564453125 0.0343170166015625
0.0571632385253906 -0.00669097900390625 0.226577758789063 0.0573272705078125
0.0539703369140625 0.0281867980957031 0.154708862304688 0.115829467773438
0.0186653137207031 0.0667572021484375 0.0571136474609375 0.101318359375
-0.0479354858398438 0.0714797973632813 0.0537910461425781 0.0484619140625
-0.084747314453125 -0.0125579833984375 0.105056762695313 0.0322647094726563
-0.0500831604003906 -0.051177978515625 0.205047607421875 0.146682739257813
-0.00958633422851563 -0.0702285766601563 0.14617919921875 0.403472900390625
-0.09423828125 -0.21148681640625 0.130630493164063 0.156845092773437
-0.145431518554688 -0.12445068359375 0.111053466796875 0.0325698852539062
-0.198715209960937 0.0175628662109375 -0.0158462524414063 0.0149259567260742
-0.110755920410156 0.123023986816406 -0.0265159606933594 0.0691909790039063
0.016082763671875 0.15045166015625 0.00151824951171875 0.127815246582031
0.101394653320313 0.0767440795898438 0.109817504882813 0.12957763671875
0.140289306640625 0.0250015258789063 0.191818237304688 0.0530548095703125
0.151214599609375 0.049468994140625 0.187728881835938 0.0331878662109375
0.147598266601563 0.033172607421875 0.18963623046875 0.04754638671875
0.109115600585938 0.0933914184570313 0.123222351074219 0.0865020751953125
0.02899169921875 0.160980224609375 0.040557861328125 0.0707473754882813
-0.105941772460938 0.161483764648438 0.0663070678710938 0.0184097290039063
-0.21820068359375 -0.00146484374999999 0.12213134765625 0.0195236206054687
-0.16729736328125 -0.120956420898437 0.209228515625 0.143569946289063
-0.1029052734375 -0.207321166992188 0.148345947265625 0.37042236328125
-0.15802001953125 -0.311309814453125 0.0988616943359375 0.0894775390625
-0.224288940429688 -0.1900634765625 0.07855224609375 0.017333984375
-0.304931640625 0.01727294921875 -0.0102806091308594 0.0205307006835938
-0.179031372070313 0.174148559570313 -0.0144729614257813 0.049560546875
-0.00219726562499998 0.230331420898438 -0.0135421752929688 0.0939483642578125
0.135604858398438 0.139945983886719 0.066162109375 0.0932235717773438
0.197952270507813 0.062530517578125 0.125328063964844 0.0395660400390625
0.216354370117188 0.0883331298828125 0.1170654296875 0.027557373046875
0.21673583984375 0.06414794921875 0.124412536621094 0.0330886840820313
0.152801513671875 0.141189575195313 0.070587158203125 0.047332763671875
0.0449676513671875 0.234237670898438 0.0144672393798828 0.0289726257324219
-0.14129638671875 0.238800048828125 0.0688018798828125 -0.019439697265625
-0.323089599609375 0.0255432128906249 0.12725830078125 0.000968933105468752
-0.269241333007812 -0.162063598632813 0.18768310546875 0.126983642578125
-0.18743896484375 -0.30889892578125 0.12628173828125 0.297027587890625
-0.20361328125 -0.369476318359375 0.0528984069824219 -0.0090904235839844
-0.284210205078125 -0.226837158203125 0.024322509765625 -0.01416015625
-0.3785400390625 0.024932861328125 -0.0118522644042969 0.0235939025878906
-0.222686767578125 0.211669921875 -0.00128555297851564 0.0242061614990235
-0.016021728515625 0.283111572265625 -0.0256919860839844 0.0448684692382813
0.152786254882813 0.18414306640625 0.012908935546875 0.0392112731933594
0.225997924804688 0.09039306640625 0.0391502380371094 0.0168876647949219
0.2489013671875 0.114974975585938 0.0282459259033203 0.0176429748535156
0.253890991210938 0.0850830078125 0.0392990112304688 0.0168380737304688
0.175918579101562 0.166839599609375 0.00275158882141114 0.00372743606567384
0.0568389892578125 0.272247314453125 -0.0206890106201172 -0.0173606872558594
-0.15313720703125 0.2818603515625 0.0570144653320312 -0.0588188171386719
-0.37799072265625 0.05218505859375 0.117210388183594 -0.018585205078125
-0.330352783203125 -0.17425537109375 0.139122009277344 0.101730346679688
-0.2415771484375 -0.361358642578125 0.0812530517578125 0.1939697265625
-0.222259521484375 -0.369873046875 -0.00549316406250001 -0.124664306640625
-0.304840087890625 -0.223876953125 -0.0445632934570313 -0.0575790405273438
-0.392425537109375 0.034576416015625 -0.0203914642333985 0.0191001892089844
-0.225357055664063 0.219635009765625 0.00685834884643553 -0.00691986083984374
-0.022796630859375 0.289886474609375 -0.0367164611816406 -0.0133247375488281
0.148941040039062 0.1973876953125 -0.0454750061035156 -0.0237541198730469
0.219085693359375 0.103744506835937 -0.0544815063476562 -0.00904464721679686
0.24322509765625 0.12286376953125 -0.0646743774414062 0.00590133666992189
0.249847412109375 0.09405517578125 -0.0530967712402344 0.000949859619140631
0.166427612304688 0.1683349609375 -0.0693130493164062 -0.0367927551269531
0.0531768798828125 0.264785766601563 -0.056396484375 -0.0616111755371094
-0.145645141601563 0.271621704101562 0.0365066528320313 -0.0909957885742187
-0.36834716796875 0.0552978515625 0.0942916870117187 -0.0316085815429688
-0.32684326171875 -0.1658935546875 0.0721511840820312 0.0746536254882812
-0.251708984375 -0.35888671875 0.0214996337890625 0.0793609619140625
-0.20770263671875 -0.311187744140625 -0.066864013671875 -0.23779296875
-0.272674560546875 -0.17919921875 -0.115509033203125 -0.10357666015625
-0.330108642578125 0.03802490234375 -0.0344333648681641 0.00700759887695313
-0.18414306640625 0.183837890625 0.00635147094726561 -0.0366744995117187
-0.02227783203125 0.241424560546875 -0.044586181640625 -0.0682487487792968
0.119674682617188 0.173370361328125 -0.0976715087890625 -0.0818328857421875
0.177566528320313 0.0994415283203125 -0.14093017578125 -0.032806396484375
0.199050903320313 0.112594604492188 -0.147964477539063 -0.00732421874999998
0.205413818359375 0.092132568359375 -0.13739013671875 -0.0152587890625
0.126632690429687 0.148284912109375 -0.128509521484375 -0.0724868774414062
0.0293121337890625 0.215988159179688 -0.0799713134765625 -0.0991592407226562
-0.1268310546875 0.206756591796875 0.0184478759765625 -0.109756469726563
-0.2969970703125 0.030853271484375 0.0694847106933594 -0.0350227355957031
-0.259918212890625 -0.142059326171875 0.00487136840820311 0.0478363037109375
-0.214630126953125 -0.3023681640625 -0.0355415344238281 -0.0297813415527344
-0.159317016601563 -0.201919555664063 -0.1224365234375 -0.326568603515625
-0.190353393554688 -0.103012084960938 -0.176116943359375 -0.141494750976563
-0.207244873046875 0.0325775146484375 -0.0524826049804688 -0.00777435302734376
-0.108596801757813 0.113082885742187 -0.00326919555664064 -0.0557937622070312
-0.0175323486328125 0.149627685546875 -0.047698974609375 -0.104270935058594
0.0716552734375 0.119873046875 -0.133888244628906 -0.1224365234375
0.107994079589844 0.0782546997070313 -0.2047119140625 -0.0497283935546875
0.123954772949219 0.0859146118164063 -0.20831298828125 -0.018402099609375
0.130393981933594 0.0784759521484375 -0.19866943359375 -0.031494140625
0.0656280517578125 0.108695983886719 -0.163238525390625 -0.101791381835938
-0.00177764892578124 0.136146545410156 -0.08319091796875 -0.126113891601562
-0.0939102172851562 0.112144470214844 0.00943756103515625 -0.114425659179688
-0.184310913085937 -0.00167846679687499 0.0500297546386719 -0.0308074951171875
-0.154296875 -0.100418090820313 -0.0453948974609375 0.0214004516601562
-0.145355224609375 -0.203750610351562 -0.078094482421875 -0.117530822753906
-0.0825424194335938 -0.0621795654296875 -0.16436767578125 -0.37554931640625
-0.079376220703125 -0.0136642456054688 -0.219512939453125 -0.16351318359375
-0.0573081970214844 0.0218505859375 -0.0745468139648438 -0.0172119140625
-0.0202541351318359 0.028350830078125 -0.0185699462890625 -0.0557861328125
-0.0112113952636719 0.0368766784667969 -0.0441741943359375 -0.115516662597656
0.0123558044433594 0.0484199523925781 -0.1478271484375 -0.138473510742188
0.0214500427246094 0.0447998046875 -0.236953735351563 -0.0584564208984375
0.0303268432617188 0.0454788208007813 -0.238189697265625 -0.02783203125
0.0373954772949219 0.0512809753417969 -0.231246948242188 -0.04608154296875
0.000923156738281249 0.0528755187988281 -0.170928955078125 -0.120941162109375
-0.0250053405761719 0.0437431335449219 -0.06854248046875 -0.140098571777344
-0.0441856384277344 0.0154571533203125 0.00869750976562501 -0.107315063476562
-0.0554695129394531 -0.0202980041503906 0.0373992919921875 -0.0238075256347656
-0.0413017272949219 -0.0385322570800781 -0.0724639892578125 -0.00339508056640625
-0.0626754760742187 -0.0746002197265625 -0.09967041015625 -0.174530029296875
-0.0201492309570312 -0.087860107421875 0.154998779296875 0.192535400390625
-0.0572776794433594 -0.0494499206542969 0.127082824707031 0.0301284790039063
-0.0797576904296875 0.0195999145507813 -0.0266704559326172 0.0108222961425781
-0.0357894897460937 0.0660858154296875 -0.0329971313476562 0.0904006958007813
0.0312385559082031 0.0581512451171875 0.0263824462890625 0.153182983398438
0.0530128479003906 0.00635910034179688 0.151992797851563 0.148712158203125
0.0633201599121094 -0.0149459838867187 0.242477416992188 0.0513153076171875
0.0666351318359375 0.00127792358398437 0.24163818359375 0.0277099609375
0.0597496032714844 -0.00814056396484375 0.23907470703125 0.052520751953125
0.0562744140625 0.027862548828125 0.166427612304688 0.116989135742188
0.021270751953125 0.06927490234375 0.0631103515625 0.106353759765625
-0.0475006103515625 0.0766525268554688 0.0566825866699219 0.0487022399902344
-0.0887451171875 -0.010772705078125 0.108161926269531 0.0309829711914063
-0.0518302917480469 -0.0524101257324219 0.2156982421875 0.148483276367188
-0.01171875 -0.0725173950195313 0.1588134765625 0.41949462890625
-0.102294921875 -0.2171630859375 0.13800048828125 0.161880493164062
-0.15313720703125 -0.12652587890625 0.115150451660156 0.0306396484375
-0.205703735351563 0.023529052734375 -0.0153999328613281 0.0150690078735352
-0.113128662109375 0.130516052246094 -0.0260086059570313 0.072113037109375
0.0201263427734375 0.155807495117188 0.00555419921875001 0.135360717773438
0.105995178222656 0.0777587890625 0.11907958984375 0.133995056152344
0.145965576171875 0.0233001708984375 0.201751708984375 0.0490570068359375
0.160308837890625 0.04693603515625 0.197586059570313 0.0279083251953125
0.155364990234375 0.031036376953125 0.20086669921875 0.042755126953125
0.115081787109375 0.0948867797851563 0.132293701171875 0.0876922607421875
0.0347900390625 0.168487548828125 0.0452728271484375 0.0750656127929688
-0.106674194335937 0.17266845703125 0.0695991516113281 0.0161056518554688
-0.227920532226563 0.00427246093749996 0.125732421875 0.0177154541015625
-0.17669677734375 -0.122467041015625 0.2203369140625 0.145965576171875
-0.112884521484375 -0.213851928710938 0.160797119140625 0.385833740234375
-0.171600341796875 -0.320709228515625 0.103904724121094 0.092193603515625
-0.237716674804688 -0.192550659179687 0.08074951171875 0.0153350830078125
-0.316253662109375 0.0267333984375 -0.00922966003417971 0.0210170745849609
-0.182540893554688 0.1854248046875 -0.0130615234375 0.0507164001464844
0.00338745117187498 0.239913940429688 -0.01104736328125 0.100616455078125
0.143539428710938 0.14306640625 0.07177734375 0.0970077514648438
0.207305908203125 0.0599517822265625 0.132080078125 0.0373611450195313
0.230255126953125 0.0854644775390625 0.123497009277344 0.0241851806640625
0.228973388671875 0.061614990234375 0.131980895996094 0.0291290283203125
0.162582397460938 0.143936157226563 0.0764617919921875 0.047821044921875
0.0533447265625 0.243820190429688 0.0173244476318359 0.0316009521484375
-0.14178466796875 0.254409790039063 0.0702590942382813 -0.02337646484375
-0.33648681640625 0.0355224609375 0.131614685058594 -0.0012359619140625
-0.283966064453125 -0.164306640625 0.198623657226562 0.129119873046875
-0.20245361328125 -0.318450927734375 0.13720703125 0.308441162109375
-0.220733642578125 -0.380462646484375 0.0535812377929687 -0.0096549987792969
-0.30078125 -0.229705810546875 0.0237789154052734 -0.0158672332763672
-0.39276123046875 0.0378112792968749 -0.0105056762695313 0.0241527557373047
-0.227890014648437 0.226089477539063 0.000190734863281233 0.0244941711425781
-0.00909423828124999 0.295623779296875 -0.0250129699707031 0.0496978759765625
0.162841796875 0.189407348632813 0.0146484375 0.0414352416992188
0.237640380859375 0.0891876220703125 0.041534423828125 0.0170860290527344
0.265426635742188 0.111770629882812 0.0308856964111328 0.0167503356933594
0.267669677734375 0.0817718505859375 0.0421524047851563 0.0144500732421875
0.1861572265625 0.17010498046875 0.00372028350830079 0.00468444824218751
0.0673828125 0.283172607421875 -0.0203609466552734 -0.016244888305664
-0.1529541015625 0.29986572265625 0.0572738647460938 -0.0640754699707031
-0.393768310546875 0.064361572265625 0.120658874511719 -0.0205917358398437
-0.3480224609375 -0.175445556640625 0.148361206054687 0.104141235351562
-0.261810302734375 -0.373321533203125 0.0883026123046875 0.201278686523437
-0.241424560546875 -0.382080078125 -0.00916290283203127 -0.129249572753906
-0.323150634765625 -0.22625732421875 -0.0494537353515625 -0.0590896606445313
-0.407501220703125 0.048065185546875 -0.0195045471191406 0.0199317932128906
-0.2315673828125 0.235015869140625 0.00788307189941405 -0.00778245925903319
-0.01580810546875 0.30303955078125 -0.0380783081054688 -0.011749267578125
0.158950805664063 0.203277587890625 -0.0485000610351562 -0.0227317810058594
0.231613159179688 0.103500366210938 -0.0574569702148437 -0.00666809082031249
0.259323120117187 0.121063232421875 -0.0666542053222656 0.00799942016601564
0.26373291015625 0.09100341796875 -0.0546875 0.000907897949218746
0.176864624023438 0.1724853515625 -0.0726852416992187 -0.0360488891601562
0.062347412109375 0.276168823242188 -0.0593719482421875 -0.0618782043457031
-0.14630126953125 0.28839111328125 0.03509521484375 -0.096923828125
-0.3836669921875 0.067596435546875 0.0975570678710937 -0.0337753295898437
-0.345062255859375 -0.1671142578125 0.077972412109375 0.0775375366210938
-0.271759033203125 -0.36981201171875 0.0250167846679687 0.0817947387695312
-0.225067138671875 -0.32177734375 -0.0746002197265625 -0.245620727539063
-0.288726806640625 -0.180084228515625 -0.123954772949219 -0.104812622070313
-0.343505859375 0.049468994140625 -0.0348320007324219 0.00768661499023438
-0.189422607421875 0.196304321289063 0.00659942626953124 -0.0387420654296875
-0.0164794921875 0.252532958984375 -0.0479621887207031 -0.0695724487304687
0.129318237304688 0.179306030273438 -0.105598449707031 -0.082672119140625
0.188934326171875 0.100540161132813 -0.148391723632813 -0.0287017822265625
0.213241577148437 0.112075805664062 -0.153854370117188 -0.00231933593750001
0.218032836914062 0.09033203125 -0.14288330078125 -0.01312255859375
0.134475708007813 0.152435302734375 -0.136093139648438 -0.0715484619140625
0.036773681640625 0.22479248046875 -0.0848617553710938 -0.100692749023437
-0.128097534179688 0.220184326171875 0.0153961181640625 -0.115982055664062
-0.3096923828125 0.0413818359375 0.0723342895507812 -0.0365982055664062
-0.275344848632813 -0.142471313476562 0.00813674926757811 0.0510025024414062
-0.231781005859375 -0.3125 -0.0369110107421875 -0.0313148498535156
-0.172592163085938 -0.20855712890625 -0.1331787109375 -0.338348388671875
-0.201385498046875 -0.103271484375 -0.186538696289062 -0.142791748046875
-0.215911865234375 0.040008544921875 -0.0544471740722656 -0.00677871704101562
-0.112342834472656 0.120796203613281 -0.00351333618164063 -0.0580482482910156
-0.0138702392578125 0.157073974609375 -0.0521087646484375 -0.1077880859375
0.07806396484375 0.124092102050781 -0.144393920898438 -0.124237060546875
0.115806579589844 0.080352783203125 -0.215988159179688 -0.0451812744140625
0.133087158203125 0.0863418579101563 -0.21826171875 -0.012481689453125
0.138282775878906 0.077606201171875 -0.208450317382813 -0.028076171875
0.0706405639648438 0.112541198730469 -0.173538208007813 -0.100830078125
0.00177001953125 0.142181396484375 -0.0894851684570312 -0.12933349609375
-0.0963134765625 0.119796752929687 0.00664520263671875 -0.119613647460937
-0.19287109375 0.0037078857421875 0.0526771545410156 -0.0322456359863281
-0.1649169921875 -0.10137939453125 -0.0444831848144531 0.0242691040039062
-0.1563720703125 -0.210433959960938 -0.0829086303710937 -0.123420715332031
-0.08880615234375 -0.0644989013671875 -0.17779541015625 -0.387969970703125
-0.0831375122070313 -0.012969970703125 -0.231887817382812 -0.1649169921875
-0.0596084594726562 0.0244522094726563 -0.0777435302734375 -0.0160293579101563
-0.0214958190917969 0.0296173095703125 -0.0200424194335938 -0.0576591491699219
-0.00993728637695313 0.0396575927734375 -0.0496673583984375 -0.120498657226562
0.0150604248046875 0.0504379272460938 -0.159530639648438 -0.140625
0.0244865417480469 0.0472030639648438 -0.249618530273438 -0.0522003173828125
0.0338783264160156 0.0467185974121094 -0.249374389648438 -0.02081298828125
0.0408134460449219 0.0522575378417969 -0.242507934570313 -0.040252685546875
0.00270080566406249 0.0561714172363281 -0.182144165039062 -0.121124267578125
-0.0251388549804687 0.0466995239257813 -0.075103759765625 -0.144668579101563
-0.0461959838867188 0.0178375244140625 0.00595092773437501 -0.111778259277344
-0.0589790344238281 -0.0187263488769531 0.0403060913085937 -0.0245246887207031
-0.0453414916992188 -0.0394630432128906 -0.0738677978515625 -0.00157928466796875
-0.0677947998046875 -0.0777511596679688 -0.1060791015625 -0.182662963867188
-0.083160583857051 0.0435131763240697 -0.067425051188106 0.254848701600684
-0.0169379271722694 0.0798683345132357 0.0521475721422364 0.134087406927768
0.0674182306948123 0.0538902272331774 -0.0199056897836554 -0.0409704135469501
0.085815187877621 -0.0252743700546153 -0.114211490977853 -0.00180397757481864
0.013804689541628 -0.0822049167643501 -0.140533833725081 0.119531851353093
-0.042408110712961 -0.0623186435031241 -0.0698353496019043 0.21884639443693
-0.0629198953251396 -0.0522075736323378 0.0345523283764907 0.263192450712442
-0.0611359386229996 -0.0494692157479078 0.0934183997733335 0.258799933405899
-0.0580689350718452 -0.0573066626238095 0.0513420240275388 0.257754580253232
-0.0266051950826896 -0.0669640290715623 -0.0282456226795958 0.206570702907029
0.0344066252926831 -0.07134673197848 -0.0797621955509388 0.111006955352092
0.0939933804031738 -0.0115338696089783 -0.0191447866858102 0.0627625189206037
0.0521382249809673 0.0643755192205607 0.0419169444529058 0.100533974930812
-0.0199911992944124 0.062544263910544 -0.0143777121067177 0.269486469457076
-0.0609981595432403 0.0264160713793824 -0.232358941006827 0.389629566655078
-0.142996946872597 0.186233255552126 -0.0253278327865732 0.222248767998564
-0.016216478155576 0.211179404635474 0.0711055695461117 0.117329505157465
0.147134872009798 0.158743322625756 -0.00430853602375267 -0.0579807205555604
0.198967947340766 -0.00273355672456299 -0.100505500191984 -0.0334001171649903
0.0978616598469717 -0.146341323406315 -0.151320751509959 0.0840025837298104
-0.0173380955579115 -0.14831173210741 -0.0861987226024978 0.183980005613371
-0.0711368679646097 -0.148822993624942 0.00616258124792293 0.226465240150016
-0.0873847751138405 -0.150923107145503 0.062027956832907 0.222405894068703
-0.0796481902395658 -0.163678401554458 0.0327375723210547 0.221611015421598
-0.00995730423953655 -0.158918829294695 -0.0333134997419795 0.160486862357901
0.100140931698393 -0.149263708002317 -0.0698363951699557 0.0692225122502464
0.21654715851397 -0.0185296647764146 0.0157357320811492 0.0383793298335228
0.164882550329462 0.148498107733849 0.0719092418288427 0.0964603373980752
0.00187328784118027 0.20257125277795 0.00722285026964508 0.273718060891985
-0.122662081550513 0.181658613782699 -0.193388264351456 0.385525628833393
-0.185525231071837 0.308763798306479 0.0359155993902163 0.15124545597725
-0.0122685695230229 0.325387986801224 0.0893314663890687 0.071360899682427
0.217315262988246 0.250620343769754 0.00494966473428857 -0.0747055235816795
0.29790831073332 0.0207609737209326 -0.0802957479501602 -0.0585505323373614
0.175507449483718 -0.195163198000317 -0.140524137477592 0.0435394705702301
0.0139390109478679 -0.215928940240713 -0.0861227073983551 0.124338750692172
-0.066628093595054 -0.224621643460161 -0.0209998568132289 0.156171665276684
-0.100063407695981 -0.228792770112065 0.0215166626359506 0.15207162294584
-0.0935378105803397 -0.244542273243423 0.00638262599203894 0.153146777214303
0.00273484311056359 -0.228158157224696 -0.0362735139878418 0.0895588166732883
0.145128655166036 -0.214877991796263 -0.05237349024439 0.0143806208532714
0.311724467440275 -0.0377227763210206 0.0498601535160349 0.00460351889580699
0.266663386770271 0.200843792590635 0.0959715401315802 0.0804023140070407
0.0374013996098177 0.312048367075647 0.0243663750312468 0.245611269851875
-0.158689338728315 0.310623840635075 -0.136541233592706 0.330461984441653
-0.200440192132262 0.39362574223286 0.108618201148966 0.0470278853879198
0.00580819948325786 0.405295650595544 0.104166909420053 -0.0045966186923562
0.273832811581978 0.309165118608601 0.00766994182513553 -0.0928745579820247
0.367452392157957 0.0340548847927224 -0.0537811817940669 -0.0776421075586685
0.228812275629812 -0.222720530994084 -0.108712352013776 -0.00308316503613667
0.0424387785306206 -0.255486116478085 -0.071021173640186 0.0452454210037136
-0.051423439546971 -0.267772590074502 -0.0426594870077768 0.0596543721925145
-0.0975833337470495 -0.272382807636755 -0.0221141862853975 0.0589138103577476
-0.0929969965926941 -0.288423154047643 -0.0243588644833815 0.0621106772572891
0.0129833517773574 -0.263470580541919 -0.0398498731490393 0.00340614877356435
0.167792444510989 -0.249425143030987 -0.0308223746567443 -0.0493672121028202
0.359648282261378 -0.0546784093571308 0.0783208607851272 -0.0364194347863941
0.329363775214727 0.220540204984376 0.108143758793809 0.0547132384077974
0.070661252696188 0.370639373297895 0.0281163240525313 0.187114672254221
-0.168097205834694 0.39019209983179 -0.0747482455125798 0.231681737395432
-0.182158988037456 0.425207531333439 0.179891545002096 -0.080061705823412
0.0308626063973585 0.423994764103446 0.110798412584389 -0.100902773588079
0.293232033643495 0.315134308381452 0.00544778928355583 -0.10894676793706
0.377334296833236 0.0334837142599301 -0.0216017056809479 -0.0890316855912808
0.242354029054395 -0.219234827678024 -0.0592773414282576 -0.053175133812769
0.0618043685409942 -0.254368189697362 -0.042885521122164 -0.0450953354129195
-0.0288706493556055 -0.269399763304543 -0.0574442221456503 -0.0482958888118077
-0.0803185531265731 -0.274957976191033 -0.0639663769314896 -0.0429764972425505
-0.0761008650748081 -0.286827059538539 -0.0546649123879918 -0.0380073046591294
0.0265146007498445 -0.256615874324279 -0.0416446994246113 -0.0845304559687874
0.16628810479151 -0.238329943166813 -0.0057663968678204 -0.110052124142626
0.346868016722524 -0.050939356847197 0.0981762774991041 -0.0720617378282812
0.325880335630454 0.211866958956724 0.105305304909145 0.0284771493353234
0.0792173846816307 0.363426548966145 0.0161593532577773 0.11168465146978
-0.157309995699299 0.402182410934999 -0.017677022137112 0.108422692900664
-0.130402732066811 0.39132747036999 0.235385066325503 -0.209835643477705
0.0548165383288985 0.368367392683894 0.103813032658266 -0.196212532793694
0.257252439002166 0.261698381166278 0.000348677892282797 -0.11538776269346
0.313619861970308 0.0272281690938568 0.0118395646313957 -0.089675207816537
0.207899750119165 -0.17512910383804 -0.00263543217561609 -0.0956812339778912
0.0674424206857104 -0.209462777129441 -0.00985891471791575 -0.128849524016977
-0.00243193647825573 -0.2277868998326 -0.0639771365569545 -0.148659687993786
-0.0495122338978509 -0.234663155054684 -0.0953151154860759 -0.137985858675232
-0.0432530604850057 -0.243216526293361 -0.0767913272723447 -0.132121913843905
0.0424895372459347 -0.208897978423812 -0.0351947575263872 -0.158987258823441
0.146721817651502 -0.180447851327241 0.0264148502250131 -0.152069342231097
0.275557996730941 -0.0213443267855979 0.110453372305536 -0.0888209451072686
0.254052855468447 0.182244341309197 0.0904445191313654 0.0140027991510693
0.0585143112151589 0.297867060280394 -0.00443294732687347 0.0371903994142372
-0.127749931868854 0.346732922490586 0.0297657749202268 -0.0166048198560681
-0.0586945367904935 0.295245643720897 0.262497464715486 -0.31687795689866
0.067905085701868 0.246732952500905 0.0848493158160284 -0.272369283638325
0.17253490966523 0.159587038992006 -0.008121456404107 -0.111301121707994
0.191594324601862 0.0167586120354154 0.0341842542959385 -0.0792748970815248
0.135136310093337 -0.0995843633390298 0.0473171399968284 -0.119648506368106
0.0603509532649321 -0.128959869733638 0.0221018407337934 -0.189666251734421
0.0231845997881083 -0.150059145337701 -0.0624984111163203 -0.225589747376379
-0.0102175499990278 -0.158216025000367 -0.112733892826238 -0.212827706633711
-0.00186930364754935 -0.163408987913383 -0.0844056530305917 -0.206228477644501
0.0557496799309896 -0.129818586180386 -0.0167662916009511 -0.208319513616585
0.109941851208289 -0.095049427325299 0.0638925315917456 -0.166724940295054
0.167866650560654 0.0148560452147714 0.115171810816725 -0.0821580862878809
0.142638111090842 0.130237054483806 0.0703562111544113 0.0120073895704336
0.02549447983218 0.188370340670313 -0.0206957305003764 -0.0219193741888809
-0.0820957303412218 0.238662839971602 0.0659618914054124 -0.119761520412439
0.0219307237444811 0.152645035605587 0.255879053585732 -0.388431698566028
0.0703409889862742 0.0888776924868981 0.0524061352216242 -0.319342862854815
0.0654027578168161 0.03549949874878 -0.0266920000468902 -0.100645782334386
0.0461329209656702 0.00233337838113881 0.0383811202968335 -0.0579069085739644
0.0451724626422328 -0.01160655993363 0.0803083077628259 -0.12033484061718
0.0443626450088468 -0.0291370250909765 0.0451538006169131 -0.216120211439523
0.0449677815176286 -0.047123692240981 -0.0516786836328295 -0.266177106172493
0.0299770321258378 -0.0578821559739111 -0.112537031165708 -0.254873599331526
0.0372557944138487 -0.0602064725060013 -0.076435624764645 -0.250643266422115
0.0565531645133806 -0.0369918218634258 0.00933493997103758 -0.225806729931422
0.0560829988580363 -0.00658678971556223 0.098011929969266 -0.1542551579828
0.0451116974287196 0.0359972899110376 0.111787289042148 -0.0593034787506452
0.0288729242072121 0.0550860244266599 0.0495692069023237 0.0178223931214184
0.00185573371947485 0.0599473794908289 -0.0292897217846954 -0.0622361055172468
-0.0212456431496512 0.102508495989198 0.0884547633548579 -0.188619647448086
-0.0825571038843909 0.0481663032877748 -0.0559987000685682 0.266025055072535
-0.0127562303445616 0.0828806601600045 0.0617852634806702 0.13354465989929
0.0718185869006965 0.0508898531635158 -0.0220296316570354 -0.040740176799092
0.0861276519590555 -0.0311278199633884 -0.117535031002363 0.00468495098379756
0.0091208697542448 -0.0838412431342569 -0.137163269342917 0.131527685165403
-0.0460128276186938 -0.060907214261256 -0.0583405412592862 0.230221420378966
-0.0672861904579842 -0.0491378307450835 0.054023316670945 0.267203505931851
-0.0661767969356479 -0.0464693049276182 0.114653796167419 0.258671809616879
-0.0634825033123902 -0.0550873043976473 0.0710983014110073 0.261681313303601
-0.0313667458996044 -0.0666409476438414 -0.0152856749495771 0.215269341711207
0.0304211450199195 -0.0752810011408399 -0.0753260918366548 0.120705163626859
0.0955933390362698 -0.0186526580858879 -0.0151242913558908 0.0643828422738192
0.0573911955756289 0.0627464383405301 0.0473579080648773 0.0985410596266687
-0.0173250637803576 0.064184744268566 -0.00078498375140038 0.275240592475187
-0.0601535327276623 0.030198962105209 -0.218565484777136 0.414106373796395
-0.134859431880547 0.198634728718072 -0.0157517711407451 0.229893887751187
-0.00417234148951847 0.215921083081803 0.0787295943008871 0.114179807963949
0.159756799613906 0.15226867830991 -0.00720008476539867 -0.0588927254451359
0.20401892041415 -0.0133683472554719 -0.104589336521892 -0.0288772566593376
0.0906927020290858 -0.155195523275366 -0.150130138540766 0.0972642904578058
-0.025411268538967 -0.150382301967037 -0.0764967843501995 0.19592998154344
-0.081551573690352 -0.148316598826073 0.0217582820892366 0.232034399719906
-0.10017189672469 -0.149011417800288 0.0799698594733896 0.223512658817961
-0.0933542248819356 -0.163258109365312 0.0496023673097799 0.225502516918495
-0.0184877020257858 -0.161450744003266 -0.0225903652499242 0.167931094809055
0.0930691512866632 -0.160010951891951 -0.0679360192957327 0.0780992214992583
0.221581127415419 -0.0334757117011824 0.0187970203456874 0.0369007385290279
0.178666242952452 0.142527066749505 0.0772754944275518 0.0934597508605678
0.0128059923531784 0.207701187103586 0.0220520612640369 0.279787062404235
-0.114869134299267 0.193934325005095 -0.177322439220326 0.406988020904914
-0.172297665812819 0.326957624149209 0.0436379985559437 0.153485503168284
0.00717446100682891 0.332851633345965 0.0941229226103085 0.0664444420388697
0.238029635531466 0.241653762849271 0.00171577575312688 -0.076854606177295
0.30811020741172 0.00484483552268818 -0.0845835062157407 -0.0557456347612618
0.166933788961963 -0.210890265761276 -0.141715789291484 0.0557948725854546
0.00256215837121085 -0.222495672546344 -0.0814430423001284 0.134058323326619
-0.0815937853701402 -0.226507295303919 -0.0106682532557292 0.161621130176536
-0.119439995610931 -0.228740929150887 0.0337584532497134 0.154535684535832
-0.11167891619113 -0.245418147107508 0.0190524589528581 0.15596952222309
-0.00977851211713206 -0.234149051012225 -0.030281787003201 0.0950631716020037
0.135811664960306 -0.229542285614425 -0.0526678481943442 0.0205473230259281
0.318578001902004 -0.0589268917405528 0.0515427978047566 -0.00090256926480899
0.286764763327831 0.190405932434071 0.101588642011841 0.0765461534466845
0.0555641852902144 0.318717315612267 0.0387805496448002 0.251467692683891
-0.144282980096182 0.329139199811558 -0.12216316785381 0.346891856010003
-0.182687073702754 0.415736578550293 0.112280229063276 0.042390418921077
0.0293193062670017 0.414373631490268 0.105051338401947 -0.0119599793087303
0.300253025255941 0.297976904073415 0.00258253060615536 -0.0955263297152664
0.379919644051754 0.0134807435599919 -0.0586341262344613 -0.0767450581602608
0.220385052168334 -0.243599338373125 -0.112295816571528 0.00619829912405866
0.0293854322902871 -0.265058491498843 -0.0705186349026211 0.0516512985265871
-0.0688564471582464 -0.271960790010169 -0.0398533197824012 0.0641795765751252
-0.120316703522699 -0.274181711414173 -0.0184273232548035 0.0616680095715869
-0.115099994828435 -0.289798227874627 -0.018861358118048 0.0645065745374641
-0.00116139003171809 -0.271480796933138 -0.0399404401336008 0.00684323430466556
0.156136203760597 -0.267019875870774 -0.0343341067742174 -0.046419734427146
0.367655437705241 -0.0791884626470331 0.0780230037054923 -0.0446435605932393
0.353131042270883 0.205866537581629 0.112796126006093 0.0496812747660507
0.0936842915731525 0.376606071753131 0.0405590875026611 0.191884420792724
-0.150055388644311 0.412325222671128 -0.0626705484224153 0.242558858234359
-0.160577556037216 0.448156143534982 0.178559685167171 -0.0918579198542409
0.0569766136279114 0.432012875547606 0.105208474569795 -0.110250873523701
0.320287550062809 0.304609598494941 -0.000352908137301015 -0.111292890615912
0.391580120363105 0.0133233146748922 -0.0263829646262029 -0.0908099129723491
0.2343098951099 -0.240825383386418 -0.0649533817420764 -0.0479330228620629
0.0485620075715394 -0.265995714236692 -0.0482501011882312 -0.0433085634617716
-0.0459436719913934 -0.276146393971647 -0.0629916713618263 -0.0447475131396845
-0.102517694843707 -0.27808180535792 -0.0683817512163664 -0.0393623893818855
-0.0982843331904807 -0.289993772825324 -0.0571380791536343 -0.0356827976094446
0.0127002735234199 -0.264962355487598 -0.0474375788607417 -0.0837175298645056
0.155385168443068 -0.255619531313336 -0.0120894513655144 -0.110488987116529
0.354768425659471 -0.0743058807175668 0.0955502469424691 -0.0821889408261018
0.34869690911671 0.196891015353218 0.108550867284442 0.0240488078536059
0.102767653282629 0.369649650336729 0.023870886517533 0.11589517833236
-0.137354585492789 0.424146404275551 -0.0104754750377322 0.111228198556715
-0.11048977151546 0.411133919823729 0.228856442181176 -0.227427825409644
0.0758232410405585 0.374206897465053 0.093167786213112 -0.206686288205449
0.279730684752092 0.252567627413328 -0.00580025072755612 -0.117576396061392
0.325847782119283 0.0102343096859834 0.00768199595862282 -0.0936628246696772
0.202083665248019 -0.193789928381767 -0.00888705493852218 -0.0958786813820332
0.0573926082225782 -0.21997172744793 -0.0191603731777329 -0.132218772057332
-0.0167964481657891 -0.235572418336289 -0.0772986264051891 -0.147682582321467
-0.0673987059589251 -0.238418378292585 -0.107244879334216 -0.134748688324781
-0.0611819833735204 -0.247383756824893 -0.086881597808289 -0.130888119977276
0.0323425539368805 -0.216782068963341 -0.0463497092672317 -0.160656507560383
0.139849032842522 -0.194713091846744 0.0179910868272399 -0.156949946912063
0.283815153680149 -0.0394548563164367 0.106803816676412 -0.0992407734500815
0.272795596692052 0.170623953843625 0.0931925882195946 0.010426161874564
0.0777064966019336 0.302829942083605 -0.000376727350240076 0.0409550956520656
-0.1115678745491 0.364738313195949 0.0313023218115691 -0.0197760786242284
-0.0421001395152656 0.308648845745237 0.251442687928095 -0.34002730634475
0.0831202145960264 0.249140494777078 0.0694321840961165 -0.2830098198761
0.187039583411432 0.1539040873237 -0.0152258435478774 -0.113455837574192
0.199566698993426 0.00605662476710852 0.0314315492122126 -0.0831199052912601
0.132870047809835 -0.11195859365062 0.0417093930519175 -0.124692414060185
0.0545343370971765 -0.137674329349597 0.00954760510031475 -0.196941494452657
0.0143392430143953 -0.156610768146471 -0.0798712003049334 -0.226609234396839
-0.0220618059424963 -0.16302071684778 -0.129982178718098 -0.209681120020699
-0.0130796796619065 -0.168380992576853 -0.100195656699707 -0.206839105208751
0.0499250561175612 -0.137790919800659 -0.0309422823093191 -0.212822812460817
0.107043037823058 -0.104519042092355 0.0552716779575799 -0.174626291221018
0.174823150251756 0.00513125585927411 0.112594149191698 -0.0918529222390135
0.155543033033514 0.124343889014216 0.0734658180340083 0.00953352400775807
0.0374362779625692 0.192473100058073 -0.0207966848576386 -0.0187686371030798
-0.0705315837635745 0.252187338263843 0.0632788136588672 -0.128386089834897
0.0314859970465841 0.157087929280763 0.241298613949247 -0.41137432216952
0.0757298160503123 0.0873454705545469 0.0338874936297362 -0.329089902083281
0.0693220793201581 0.0336536898715761 -0.0338454608918191 -0.101364652609291
0.0483197877144693 0.000423823871740898 0.0363882022961847 -0.0616374757989753
0.0454657852338143 -0.0154389604737322 0.0749357698227902 -0.129140983591812
0.0434815745281833 -0.0331719180557629 0.0325852341080356 -0.226115588335323
0.0431127259707441 -0.0522418848813575 -0.0722064242603714 -0.26899124193207
0.0269922197081623 -0.0624031995851718 -0.133353771867373 -0.253322633243486
0.0342849026186959 -0.0649155931978101 -0.0958236855366301 -0.251718642006223
0.055868927906598 -0.0424904306947636 -0.00538229170950887 -0.23251588985663
0.057538181415451 -0.0097163990885836 0.0914477578411353 -0.165077634056729
0.0502675706197514 0.0344660672220249 0.110090132462895 -0.0673272749402309
0.0335338308020188 0.0546475322114696 0.0531647827404939 0.016341391952325
0.00588094373772834 0.061973653888344 -0.0312332106557949 -0.0605853498145285
-0.0157113872199464 0.10847975987024 0.0828909424733659 -0.200922934347754
-0.080721732882339 0.0519643796891526 -0.0436028115824833 0.270993624572106
-0.00845640200749312 0.0830386742259813 0.0688009546293111 0.129090100702064
0.074152639830907 0.0467597325394641 -0.0236343358862656 -0.0404726009420756
0.0837652898481101 -0.0351698056694292 -0.117674581033485 0.0105852652648535
0.00472827729332089 -0.0830729254376332 -0.130486306407118 0.14122723313689
-0.0491118685223257 -0.0578895375259858 -0.0443677985659552 0.236146239771357
-0.0695702850722519 -0.0450000855979592 0.0711798247106355 0.264669908736612
-0.0697302329078422 -0.0424711971090132 0.132322442275497 0.250517033940867
-0.0672492981306183 -0.0512903606125082 0.0894915256540305 0.25873751365064
-0.0352649013045733 -0.0642487836733332 -0.00121444109129231 0.21830832538857
0.0253974751652655 -0.0774786800909851 -0.0693553345908156 0.127270016206678
0.0941920048250676 -0.0251705055651073 -0.0117272687153362 0.0644486245604788
0.0614345268853821 0.059547831691301 0.0506168963309912 0.0945758664704095
-0.0143620847767999 0.0651083233022141 0.0113703013266747 0.27536082273203
-0.0578924693727859 0.0333192430940027 -0.199502650716651 0.428068549246141
-0.124814369424712 0.206106109900428 -0.00557746530264839 0.231702095215068
0.00663738060791806 0.215688007580674 0.083637682239307 0.10955303343954
0.168045274203058 0.143274897085211 -0.00998777638858447 -0.059062991567125
0.203511702768498 -0.0239684272461031 -0.10622066234325 -0.0245933166268163
0.0819497813383133 -0.159984514327108 -0.145082856512939 0.107637422695954
-0.0324122242075089 -0.148641033152948 -0.0657579343566663 0.2018895127025
-0.0896621622095804 -0.144089828383271 0.0369115660507115 0.231114654035815
-0.110556454260086 -0.143791484161727 0.0952651105549701 0.217305308864795
-0.103762181032068 -0.158324104626305 0.0653924355099368 0.222962534546003
-0.0270388018211619 -0.16064331333425 -0.0117471448620719 0.171360919265671
0.0834972815862254 -0.165758458979552 -0.0635628204395068 0.0841479077911488
0.220777367576914 -0.0468940037947327 0.0203286917906163 0.0341119039231061
0.188316032610032 0.133215572319632 0.0803807042539208 0.0885108618247748
0.0234618134746869 0.208280572898275 0.0354633072259487 0.279616631176969
-0.104661646104154 0.201304877254885 -0.158112683664457 0.419242134365995
-0.15460123443433 0.337079871043632 0.0499681788393842 0.152287850762664
0.0238563112752002 0.332166106940438 0.0961447242012519 0.0608640682519156
0.250972971262697 0.227456454378112 -0.00221611195865761 -0.0768261546192595
0.30916486099765 -0.0105791538590566 -0.0868702502890231 -0.0524959039274632
0.15475843333487 -0.219954272006255 -0.139241125766295 0.0662532684395118
-0.00822105857921416 -0.223822521787725 -0.0742526149379014 0.14069108862365
-0.0938805830291949 -0.223063161600835 -0.00050104316517678 0.162875115054581
-0.13518658671536 -0.222402452206605 0.0442385812047476 0.151707145196082
-0.127908367209066 -0.24009226385648 0.0299692420104148 0.154781758116826
-0.0219378763749 -0.234526365831284 -0.0243198112873277 0.0979205623967451
0.12265193454005 -0.238540641828615 -0.0510548245483824 0.0259543298617152
0.317730799816646 -0.077848169532504 0.0508915229128647 -0.00622254876944348
0.299899733003791 0.174598203430956 0.103831650148423 0.07042344812733
0.0724709742061293 0.317405015300051 0.0517458841925015 0.250564920632537
-0.1267962238818 0.339553963437225 -0.104655396172935 0.355149003773392
-0.159654733201224 0.427778691472694 0.113254050446896 0.0378685429335993
0.0503418571707534 0.413036728021893 0.102256461924793 -0.0179398253944565
0.3175300409171 0.280685638654731 -0.00205884410626867 -0.0958663490496073
0.38315475769211 -0.00556233934616362 -0.0616456707797902 -0.0746306530119902
0.206296535870228 -0.256931371117077 -0.111850753335903 0.0154501814436214
0.0161208930699383 -0.268703058197761 -0.0684880823115818 0.0570827068249477
-0.0841644462471245 -0.270069177435096 -0.0355153333908868 0.0672027126636871
-0.139453463319452 -0.268516446621042 -0.0137693706536578 0.0629923891463382
-0.134178223347218 -0.284398293042129 -0.0133613016157749 0.0647941985393842
-0.0150363016480898 -0.273140028253637 -0.0389569357023265 0.00947429826879298
0.140996822584532 -0.277289560829578 -0.0360176993193709 -0.0427400441245535
0.366605614536107 -0.10078397481334 0.074360443143166 -0.0514071487613193
0.366815953257364 0.18674708970163 0.114603563265457 0.0440341610554961
0.114228136107957 0.374006525184131 0.0517238035034044 0.191521734809555
-0.128111569652532 0.423679625216102 -0.0495767181898726 0.246304645431406
-0.136608953089911 0.458608032732716 0.172952110367497 -0.100241421364733
0.0784579813929436 0.430648992592749 0.0974375429556313 -0.115739709886856
0.338043191250049 0.286995473609369 -0.00609079556027861 -0.111562110260775
0.395180839437432 -0.00690003349993456 -0.0294397506413811 -0.0901815574146499
0.220836067973804 -0.255445035056182 -0.0673434415212295 -0.042103325362937
0.0354955160737134 -0.271003834549058 -0.0517659692287722 -0.0398989706246948
-0.0618677899964526 -0.27565210418157 -0.0658835315262553 -0.0402521910457119
-0.121899948874759 -0.27375105822705 -0.0703801819311365 -0.0345593212020121
-0.11686725632162 -0.285763546299482 -0.0586159864234149 -0.0334015470349836
-0.00122172128674235 -0.267877221242707 -0.0525616612569498 -0.0816506788674383
0.140429710725108 -0.265390449178434 -0.0172133052924393 -0.108698959691343
0.353921750332671 -0.0953302643518609 0.0900742560296031 -0.0895738355382251
0.362378856113096 0.178994016931409 0.10980400885746 0.0187671291295904
0.123073634374777 0.366273336557915 0.0322918276897746 0.116154333183313
-0.115245902516859 0.435988509429925 -0.00354347583782823 0.111178146518254
-0.0884928523251671 0.419680725307173 0.217101209868879 -0.239080340357776
0.095425250846234 0.37227210323257 0.0807095787608128 -0.21138004036202
0.295310332254918 0.236686665947806 -0.0122374124372591 -0.117290359211763
0.330365673257191 -0.00642808003042368 0.00412607123897936 -0.094876840418804
0.191646187070605 -0.206948947144374 -0.0139969595288057 -0.0942108694321702
0.045551140327609 -0.225741036077072 -0.0277129890354565 -0.131738047036528
-0.0306096232197137 -0.237326751253152 -0.0863793546721206 -0.142238366330401
-0.0841097613757386 -0.236243817925222 -0.115889624069298 -0.127542876162068
-0.0765211231494515 -0.244955140067645 -0.0949589817581118 -0.126746891106645
0.0214191101719284 -0.220706871466335 -0.0560782660216364 -0.159174701968696
0.128404700176968 -0.202788422751371 0.0105154896082368 -0.157760515476282
0.28498606182649 -0.056024478098159 0.100694559243441 -0.106189909668583
0.284961616184582 0.155545175560371 0.0942542245431257 0.00601784273081283
0.094159956806793 0.299687171827373 0.0045941423113065 0.0429147492943382
-0.091937529264467 0.375323340418157 0.0320751903317556 -0.0232400249106461
-0.0256900022617283 0.313938131566863 0.236349069639972 -0.353536855283559
0.0948543762259468 0.246520808136809 0.0530710828899788 -0.286151297585518
0.19677660966132 0.144012016160611 -0.0212839657201599 -0.112520796590716
0.202879431562239 -0.00337818960520401 0.0288331462861782 -0.0858463618767771
0.126672617252581 -0.120809256022408 0.0351392641240023 -0.127020386154217
0.0469703671560809 -0.142416314861354 -0.00227661760990179 -0.198770712180377
0.00492731452671102 -0.16004100241669 -0.095146172179803 -0.221942100395242
-0.0329051814626694 -0.163302443018721 -0.143624588121612 -0.200467003667633
-0.0234432316743824 -0.168540506646816 -0.113565841597593 -0.200688464413803
0.042904822523698 -0.142616484884551 -0.0441661203298382 -0.211649121339211
0.101544279461209 -0.111001217969678 0.0460270207958212 -0.178393001575438
0.177346353032597 -0.00497010462272593 0.106181465274586 -0.0984040177429634
0.163884810414402 0.115683015928085 0.0751242748364637 0.00696529745589087
0.0477164919896253 0.191664615278405 -0.0193604702115028 -0.016340386855137
-0.0577887533934706 0.258680125752516 0.0584299162595303 -0.134661430928384
0.0401025765286935 0.157184614215671 0.222933909006248 -0.424616204742763
0.0790123128977468 0.0849572586286131 0.0157609316493945 -0.330053348150885
0.0720599217250216 0.0308558012679575 -0.0389464829059021 -0.0993186280055102
0.0496955924354448 -0.00158326547141202 0.0347056427574055 -0.0640283732764339
0.0448254547832554 -0.0193898902044701 0.0686577981936791 -0.134061614211032
0.0413421644712489 -0.0372424858253857 0.0187442674475763 -0.230304781752389
0.0393455118012423 -0.0570413004185954 -0.0899901796341579 -0.265335194665666
0.0228240788491756 -0.0649658781664791 -0.149761141368445 -0.244429250663099
0.0302887693883079 -0.0671229637257208 -0.112292538766143 -0.246450267004947
0.0537502038631577 -0.0469083735963165 -0.0201219157055595 -0.233470135419531
0.0573323709163563 -0.0137408876621241 0.0823663141388737 -0.171130995850082
0.0535801403664981 0.0317817064048222 0.105791173268948 -0.0724497677684338
0.0377155269134352 0.0524648627539345 0.0550787540184529 0.0145205366634324
0.00967845757858871 0.0624537080540328 -0.0324462546567575 -0.0577969504102284
-0.0106594694098544 0.111266782306949 0.0738003220511204 -0.208213137825639
-0.0564480569192739 0.0800559773067419 0.0483899818883564 0.266555908732934
0.0232281547230443 0.0809162180752975 0.1030209068576 0.0949451090441592
0.0850445333995423 0.0177791417138363 -0.0402531842769846 -0.0275653746172507
0.0641980690943174 -0.0623989909901447 -0.107320009216215 0.0549655075837087
-0.0245116790402561 -0.076376646028607 -0.0715996451272063 0.178906004246578
-0.064367842914676 -0.0333491112290702 0.0432988129480699 0.236389964563268
-0.0805695389693725 -0.0164477123051824 0.163668971822167 0.221547251427746
-0.0781398563395747 -0.0144898276399115 0.213134582925093 0.182973291430474
-0.0802713902381509 -0.0238599881618658 0.173449148545096 0.20912858173277
-0.0532095565943914 -0.0480960767141791 0.0742733617562532 0.205941031359323
-0.0036869392976989 -0.0803831255416174 -0.0196916434158513 0.144986864638515
0.0789446590056598 -0.0551082100933394 0.00692263553037184 0.0639768559195787
0.0772875817600851 0.0346250694828777 0.0753805685383389 0.0696534870067561
0.0080566786668038 0.0632550323977544 0.098628114827732 0.254344808921673
-0.0436474089967323 0.046638185501279 -0.051930768748306 0.462114979499126
-0.0429584809980519 0.242987808391006 0.0672628431220807 0.212641775893841
0.0853911506612409 0.201127931657934 0.104793270083358 0.0685450091327205
0.207400675902546 0.0734299908533132 -0.0406198956205858 -0.0454433986427325
0.180608878711148 -0.0967324303750034 -0.110986081391901 0.0244718877373842
0.0204265386320927 -0.174685368326884 -0.0940800996528563 0.157385053143854
-0.0804255411626835 -0.125030806695717 0.0149533886074366 0.214180118737717
-0.134256856912726 -0.104026485279571 0.122436235639155 0.205470913013178
-0.150697932604374 -0.0945106737063757 0.170313487480739 0.16494196648796
-0.151007203098662 -0.11149639069604 0.14078262209536 0.183274422534063
-0.0779378739250143 -0.141165716034807 0.0501929824076474 0.166810172133989
0.0211166591624592 -0.18262659322837 -0.0279575161541103 0.105904395228871
0.191205595401595 -0.11929702442138 0.0245811176361157 0.0262678528528642
0.220952769007473 0.0612628199677022 0.0994457861931607 0.0523337612237068
0.0921475336667642 0.18583585433976 0.125190551212679 0.248256784577849
-0.0336167742163998 0.222444193857056 -0.0114099440729383 0.438343007931916
-0.0248694278626654 0.378792976254405 0.0893663687963476 0.115438399542178
0.143616758073806 0.304560911456538 0.0943053901469123 0.016862856220213
0.315552246902475 0.1227971007149 -0.0459445803721938 -0.0611831635416508
0.284532516452623 -0.123562481022014 -0.104641285880842 -0.00342506106832453
0.0670183151494179 -0.256691829621266 -0.100535842422697 0.120360251994823
-0.0830616685624553 -0.203540046920466 -0.011906040993154 0.160886462331752
-0.166412208982059 -0.178878744361525 0.0641912607573098 0.157990685157683
-0.200310805078211 -0.159403821654108 0.101803515435608 0.122756658480757
-0.201584111822863 -0.178477882686498 0.0854269683307018 0.131775339865568
-0.0979204113046356 -0.212400810192721 0.0148250578782976 0.103971001796929
0.0327824312607705 -0.26376182594875 -0.0355930851556973 0.0494968844127881
0.272542606031174 -0.180294972197524 0.0377464433454792 -0.020085890492016
0.339040783777035 0.064087056727937 0.114345630664717 0.0262434876807947
0.175103287744028 0.271982337133571 0.133398668846785 0.213781490242313
-0.0103667857038031 0.362572466825262 0.0245229395944096 0.359648638238532
0.00235241941312686 0.465973311687944 0.108064466578056 -0.0163949035904889
0.19653141961513 0.372447874645837 0.0698026778473101 -0.0594658864365992
0.396614168808255 0.148598649173552 -0.0567266535017602 -0.0754506943895781
0.355911256749382 -0.147206256029187 -0.0896829593127628 -0.0291127161300057
0.101878924486924 -0.309360667985903 -0.0907853799045627 0.0662264741642657
-0.0758755764659333 -0.254691448550858 -0.0343950598170663 0.0815232180261862
-0.17425253312667 -0.22853479455335 -0.00321582668161487 0.0835122966132691
-0.22017541594323 -0.200112671624286 0.0174940651757962 0.0619750293442216
-0.222078239936241 -0.217752021943414 0.0146062811083882 0.0628931882598769
-0.104466932811622 -0.250466856186758 -0.0288555489796367 0.0264356540459435
0.0368040368781293 -0.305396925429528 -0.0443120968819772 -0.0185824844827771
0.310496977987616 -0.219493592819941 0.0440144784510076 -0.0686955274601722
0.405969940151136 0.0524185865499938 0.114812716494443 -0.00238976588560494
0.23299093252353 0.312445938096016 0.11605174867607 0.157238682366122
0.0161891583085903 0.444509908419218 0.0434002575399292 0.239025345162863
0.0342806693313987 0.486507545761561 0.118342443640931 -0.166607086358098
0.229085094956167 0.378572864248284 0.0315647759792967 -0.149589971894873
0.419587796653124 0.146411694191376 -0.0667004767725528 -0.087734808986859
0.367187486055177 -0.153045129551855 -0.0646055789835629 -0.0537166359594682
0.115991980288101 -0.314730604107095 -0.0685516941059326 -0.00216902850163193
-0.0596363431571466 -0.265253309558715 -0.0526143795737404 -0.0141046958589116
-0.1555645757613 -0.242486058459178 -0.0703156229324908 -0.00493988500111253
-0.205885752233406 -0.212094108562632 -0.0697821723698474 -0.00745812573081282
-0.206928964618324 -0.224798537986305 -0.0612692380481033 -0.0128273851122973
-0.0903763376501485 -0.250362324057175 -0.0723981872138895 -0.0539745615688111
0.0410797811395724 -0.294081812249732 -0.0495586885952163 -0.0870326586436208
0.300371865668813 -0.209260709097328 0.0465621331548046 -0.108889352983333
0.398591336423101 0.0454635384410297 0.103041476694748 -0.024238527768099
0.238415076853461 0.301862650833116 0.0739185169457487 0.0924994591592901
0.0330038657862761 0.453067342751965 0.0444697741350078 0.0976644712698984
0.0657713514144456 0.431930413746214 0.114113231195196 -0.309703418709956
0.223718317897494 0.317095264615713 -0.0142596584492705 -0.231520768309495
0.362610838081242 0.115358986729954 -0.0705061740839599 -0.0929867494997399
0.307262328938766 -0.128693719059166 -0.0332798526271073 -0.0736328867829512
0.106305703567655 -0.260443820761869 -0.0373512466424754 -0.0719074364436435
-0.0350094829303534 -0.228673456953311 -0.0646817333166414 -0.109047176689586
-0.112756651327516 -0.217795481159749 -0.127858919854181 -0.0936876398038383
-0.159536680531329 -0.191370361296713 -0.145903999697844 -0.0758624727053196
-0.1555893594133 -0.200929817839741 -0.127966256628366 -0.0862340951670308
-0.0546711453365446 -0.214147769691706 -0.102884102126724 -0.126307952663905
0.0514003490920068 -0.23189972464876 -0.0420203797190245 -0.143512507860052
0.248963449747124 -0.149074437107767 0.0521062122638755 -0.129221211535754
0.318187611446819 0.0501253612195863 0.0865993164451806 -0.0301362155500363
0.189650418144902 0.249915433990955 0.0242612610947775 0.0341727693644462
0.0344009460131407 0.388822272123685 0.0341584886675247 -0.0383190489397737
0.0863142949270377 0.306785032403269 0.0958740824958437 -0.419752294488982
0.176526966939867 0.19859939022151 -0.0583269032480264 -0.28933455097097
0.236904921226428 0.0646286425211694 -0.0698814086482205 -0.0898410350340368
0.189586177642357 -0.0789432485937674 -0.00485854622191055 -0.0806623660933805
0.0758626559733206 -0.158888399010236 -0.00513113771404858 -0.123979607193129
-0.00490622505862148 -0.152135226348431 -0.0673275103312147 -0.182610664406906
-0.0531589535648358 -0.157548964748521 -0.166859057935653 -0.166415492749693
-0.0879925399457646 -0.141137628792963 -0.19977307982925 -0.13303125034871
-0.0805766075298128 -0.148685097583643 -0.171981825006231 -0.147964678839552
-0.00821761593075696 -0.148494769995352 -0.111366315100924 -0.180225744637517
0.0578558431890577 -0.138071956357816 -0.0176345009093607 -0.177313832801395
0.165813824445924 -0.0655202216924665 0.0629628549551438 -0.124592936102129
0.192551373648476 0.0528290458874495 0.0712629000355067 -0.0216882763728855
0.109793334588837 0.164260917144103 -0.018421358166472 -0.0119732436709435
0.0297810834761146 0.267610273748696 0.0207215044614881 -0.149426474328781
0.0921843266006415 0.133377972581076 0.0648535127465686 -0.477480887265537
0.102610951050197 0.0511805999635408 -0.0987214970250361 -0.314049765547168
0.0789553323040154 0.00346880079659212 -0.0728178800428073 -0.0769063527832527
0.0471612584433669 -0.0204269663087416 0.0106660461980699 -0.0707187050435133
0.0348320673771438 -0.0357840925565839 0.0208434230473651 -0.147661066403437
0.0254875467362858 -0.0524062264141755 -0.0632952753508383 -0.22122571659503
0.015581737763776 -0.0713139428453777 -0.180077051006606 -0.211867696826026
-0.0028577936786222 -0.0695281084503162 -0.224292687552438 -0.170844232560896
0.00443773742401126 -0.0740277638406267 -0.188352690252666 -0.189947028702372
0.0334975545371129 -0.0626821398926769 -0.0975904997962957 -0.209717022118934
0.049643135423516 -0.0326546753182175 0.0172577763111679 -0.185753145281406
0.0620991136252711 0.0110793634379023 0.0734500335833542 -0.101694739175977
0.0539897062381878 0.035824156796431 0.0574695902290478 -0.00589229741576181
0.0302825926367611 0.0565580043523839 -0.0459719216130073 -0.0448109864415349
0.0266146412397001 0.112009992995739 0.00755284136245844 -0.221581400209539
-0.0551237093830791 0.0806841866292268 0.0526930009950535 0.268391764886757
0.0247587706863076 0.080162046819565 0.104712705062166 0.0932942799596355
0.0847153752350803 0.0163614005053766 -0.0406967203941455 -0.0271071295873187
0.0630633179243098 -0.0635161762219057 -0.106744437901526 0.0578635243969442
-0.0254762393828183 -0.0750603829736499 -0.0668947275409471 0.181862302209891
-0.0643403288409203 -0.031502207686946 0.0511278122889354 0.237827630281975
-0.0803176488488591 -0.0142009603162509 0.170800412183852 0.216232097315401
-0.0789884358147303 -0.0118584352613613 0.218847086445135 0.175968015909714
-0.0816920196622468 -0.0210994433802666 0.181749398539877 0.204499089396294
-0.0538772964753074 -0.0464202531483773 0.0817546175359635 0.205276658309683
-0.00624677073820649 -0.0800188534529402 -0.0155202619988682 0.147332639310229
0.0768806917510182 -0.0574492463090157 0.0079868572537452 0.0634927823730271
0.0787875254730852 0.032281164330701 0.0743236151114928 0.0682957477500419
0.00951669550454332 0.0629596849017283 0.102305318185785 0.253338386792368
-0.0423783336683243 0.0467124064165101 -0.0437639379411804 0.467019468520369
-0.0378359312463467 0.24415088712619 0.0701786999804603 0.213531873827942
0.0889022505069786 0.199673129267973 0.104867292724897 0.067066627624289
0.208137782867477 0.0681770800287878 -0.0416642519979031 -0.044425733177807
0.179566046800603 -0.100652973435296 -0.110652609767237 0.0263826426769847
0.0166895839109257 -0.174752543364472 -0.0897940827526282 0.161655156530018
-0.0822684065469395 -0.12333416106237 0.02110458982229 0.215770326356517
-0.136741532467437 -0.101669869331018 0.128456120762835 0.201885416836073
-0.154924535306263 -0.0899263080083436 0.175548235449902 0.159215446818702
-0.155693314997062 -0.106514306738633 0.148584179573371 0.179132190892253
-0.0809229781652746 -0.140448126817629 0.0561430479697774 0.166146471656849
0.01625887800926 -0.183209574936374 -0.0245404324745547 0.10815235429763
0.188922758738245 -0.124522123212662 0.0238449345625812 0.024993023254993
0.224264774445688 0.0559653066720181 0.0988751843576087 0.0510779677834077
0.0961723033121077 0.185392839384255 0.129589141337106 0.247090239732235
-0.0278803420685798 0.224178960797863 -0.00291413991590891 0.441486227595168
-0.0163055523090687 0.379828098792804 0.0907177104007966 0.114879194028208
0.148895034606566 0.302736616022601 0.0933909825646348 0.0155626035568156
0.317632269505697 0.115197704403964 -0.0474417512007166 -0.0596492667824563
0.284131572711139 -0.130826272113709 -0.104946304352937 -0.00173725650455365
0.0615109497833626 -0.2583290905926 -0.0964618461630094 0.125043339737005
-0.0871011698122075 -0.202585749962909 -0.00723154370113714 0.163080485291891
-0.171338958123864 -0.176558300970341 0.0687955918462566 0.155765492625611
-0.207283141237391 -0.153789174373358 0.105706285120855 0.118711908903287
-0.208034992288342 -0.172746578378187 0.0907667296491659 0.128247797406792
-0.10197422088249 -0.211696689454346 0.0187412259046496 0.103674639145412
0.0261972212060371 -0.264623185184904 -0.0331458179355342 0.0513129794938696
0.269439882130465 -0.189300996543269 0.0358981984201809 -0.0209536582359448
0.344241588250009 0.0558202588544608 0.113384446854042 0.0248488988536688
0.18152853893115 0.270847143890429 0.138687049733309 0.211863422102857
-0.00155312706327865 0.365696254929465 0.031053323569822 0.360908605449355
0.0126580843966476 0.467496224662937 0.108123955587807 -0.0176578328816348
0.203578795616124 0.369955193384992 0.0677136183158425 -0.0600962267002271
0.400893366911689 0.139080207703958 -0.0587112619091879 -0.0745251771840426
0.356329883590657 -0.155788051381981 -0.0905654761752756 -0.0288022866844724
0.0954421554195615 -0.312922497224815 -0.088141118186564 0.0705950462694501
-0.0810272638947786 -0.254341509021472 -0.0318127789738805 0.0835093738654734
-0.180130325521316 -0.225980887782864 -6.99966528741192E-05 0.0836469643149921
-0.228859666946343 -0.194923345204349 0.020256119695175 0.0611180510330006
-0.230322072379208 -0.211473578022523 0.0175337300849326 0.0613268196415734
-0.110501336731599 -0.249976669082467 -0.0276393239209161 0.0269850268180248
0.0295197411735825 -0.306818748320079 -0.0435553140313792 -0.0174019822740829
0.307224229550221 -0.22882893780627 0.041258997594895 -0.0703783971479462
0.410660841020428 0.0420137110146012 0.11425914665768 -0.00383709165711002
0.23993024102457 0.309883142379022 0.120867925519295 0.15517983869794
0.0267872269282102 0.447125369016192 0.0480273173241439 0.238402862606212
0.0458085621824304 0.488365866274476 0.115266552901832 -0.168662579440017
0.236487679395397 0.377601728544376 0.0281226773402011 -0.149039377165331
0.423615459438406 0.136493654661989 -0.0683649745563812 -0.0859366976692293
0.368137071661843 -0.162190945711356 -0.0664073446083919 -0.0545900669133327
0.108684770932396 -0.318878254478127 -0.0669015421358493 0.000925946650786506
-0.0662677041063976 -0.266279088340313 -0.0529412395428868 -0.012872375657249
-0.162990688515514 -0.24127620688868 -0.0697342408998542 -0.00337569578200064
-0.21541321317983 -0.20658170575647 -0.0690311293554816 -0.00536453713204255
-0.21532965523658 -0.21924259122057 -0.0613294311848728 -0.0120707378283724
-0.0958759917275726 -0.251033081443371 -0.0739305743267608 -0.0523943512100102
0.034168191522125 -0.295982428978621 -0.0510961761155795 -0.0858632079117546
0.297800172540029 -0.2190790586928 0.0427308593169708 -0.110573540772341
0.402846149448532 0.0350263710924244 0.102966893302191 -0.0255279735079196
0.245992602663946 0.29962090750146 0.0782676875791735 0.0906953977352995
0.0444242984049652 0.456226406307088 0.0468640257397186 0.0960544636680871
0.0752447924404972 0.4322618795768 0.109701402132158 -0.312763029642439
0.229548649240187 0.316832887855672 -0.0183372856245118 -0.230916169531729
0.366742825127876 0.107242198682966 -0.0722594672826434 -0.0919099621126379
0.308779516601048 -0.136538901000597 -0.0350424657136641 -0.0753577872406559
0.0994116458069964 -0.264419315792831 -0.0379210494704754 -0.0707541433590821
-0.0408238698920258 -0.229844286105655 -0.0672635083261922 -0.1078427177945
-0.120647075360599 -0.217501558689938 -0.130161379239013 -0.0896159405064273
-0.16757309111769 -0.187782314198686 -0.147498342062684 -0.071269990275291
-0.163433706080331 -0.197270390104726 -0.130552993472923 -0.0828940712734126
-0.059773305870148 -0.215078686174824 -0.107176983716356 -0.12364524004304
0.0453808370653484 -0.234507187411123 -0.0450677380225284 -0.143202509033986
0.247341541492857 -0.157049627327814 0.0486217037216802 -0.130106535226256
0.322420779233464 0.0414573653760539 0.0865661084756363 -0.0315608183721533
0.195915610867133 0.248528178560899 0.0276150826761651 0.0328247416142315
0.0445115252326269 0.392041214309473 0.0335381765930543 -0.0411932752659364
0.0934404907751442 0.306315827127895 0.0898979577126739 -0.422453998449344
0.180599949199264 0.198844392008743 -0.0630828180387608 -0.288077810783245
0.240048422434042 0.0596364007742772 -0.0719745853461807 -0.0882501630136109
0.19125728425341 -0.0837020271878356 -0.007251116698996 -0.0825298503588345
0.071844724321365 -0.161810590710121 -0.00723654334746732 -0.12442148100769
-0.00955586868721158 -0.153886955862642 -0.0727318991952279 -0.182458960114963
-0.0584883368123356 -0.158382012501866 -0.171691617517261 -0.161503429966833
-0.0942103704381771 -0.1398243745405 -0.202914929628685 -0.12631007070422
-0.0853601827232296 -0.147107184077484 -0.177430994928391 -0.142938752613739
-0.0118878152340663 -0.150054140944063 -0.117322923946566 -0.1780969559158
0.0544711130876383 -0.139663777360759 -0.0218722038524852 -0.177616484652548
0.166321309959211 -0.0708576132187021 0.0595749736454445 -0.126136188445356
0.1954459893123 0.0472654496307008 0.0718893310777635 -0.0228079499662017
0.113916051960507 0.163799132744424 -0.0160491113767375 -0.0125922415778711
0.0373818642428676 0.27015594358372 0.0176988054825486 -0.152977655009646
0.0955523160854178 0.132607431492834 0.0573337911262994 -0.480450650155886
0.102893427388065 0.0512232889608582 -0.10505018286592 -0.313150620364507
0.0798990961659568 0.00279871319353722 -0.0746508988995272 -0.0757379164652578
0.0481307584824829 -0.0219098755913673 0.00930471299638763 -0.0717414229887445
0.0337061138335259 -0.0374665761947538 0.0172801588718032 -0.15013449442089
0.0233258935262594 -0.0539841352970359 -0.0693087864364891 -0.221798718250038
0.0123168870777124 -0.07303345654537 -0.186762762501028 -0.206393931497662
-0.00571554038641102 -0.0704469533861564 -0.229084134492458 -0.163017599616464
0.00244307143586578 -0.0748191403127805 -0.195073562820424 -0.184203199050984
0.0317232919315634 -0.0650249746326809 -0.104644222325129 -0.207551252564477
0.0493749978598951 -0.0343275117545489 0.0122841624161592 -0.187815242621593
0.0638742616240531 0.00865732565898038 0.0711323800611515 -0.103163077832712
0.0553099386598588 0.0341429730395685 0.0592686904951562 -0.00742773345952983
0.0318802053917814 0.0567265710929745 -0.044904731944369 -0.0451296528572502
0.029237959986662 0.113564642730712 0.00297303163536498 -0.225386270161052
-0.0544650866423127 0.0826359113721067 0.0567184166041662 0.274983503372951
0.0260959034726052 0.080041987544937 0.107448795286674 0.0928253009174852
0.0862635062505447 0.0151703174814256 -0.0420155067243356 -0.0267455263005137
0.0630139984646634 -0.0657459542723949 -0.106817538556352 0.0617665663369228
-0.0268538468757509 -0.0752931690282571 -0.0637963190771949 0.189003157755967
-0.0651907847941911 -0.0305369492079992 0.0582007529263668 0.242805133480317
-0.0821506332154719 -0.0127041838058277 0.179655685108795 0.21596276597611
-0.0807816963267914 -0.00933118030788227 0.227613246163288 0.171586911478557
-0.0842365897237434 -0.0182241371771154 0.192841283623821 0.202536170934666
-0.0556678185191541 -0.0459309894539955 0.0901323422478224 0.207514625310741
-0.00829009107433813 -0.0812647768252659 -0.0122797974096804 0.151708992554932
0.0760714060199966 -0.0604585182167555 0.00820691400363802 0.0641489381392018
0.081465182401267 0.0306011245314144 0.0750868917824314 0.0686447464500104
0.0112316554056943 0.0634264116358562 0.107633510086751 0.257309293971455
-0.0413277729434343 0.0473022083694306 -0.0359510481399289 0.47860351400552
-0.0329502036036674 0.249486158652403 0.0743754359148793 0.217702013372419
0.0938169252774561 0.201386893158621 0.106787265940564 0.0665160757284583
0.212764079725039 0.065691403446058 -0.0433493635194039 -0.0445819494579677
0.182441189921682 -0.106373576558149 -0.111714040819053 0.0288846781690038
0.0134371330280839 -0.177912534451388 -0.0867201958221663 0.168644068652241
-0.0859438564585652 -0.124060090804321 0.0280353824031406 0.220764255112296
-0.1416799589008 -0.100901450264944 0.1364468490504 0.202179349246006
-0.161895902017113 -0.0864814499042285 0.182967884213278 0.15557995594142
-0.16253303607676 -0.103804749596232 0.157605318367074 0.177033209886361
-0.0851060767211843 -0.142042501880597 0.0627677717484572 0.168117344994776
0.0124598612243022 -0.186603396941378 -0.021285853380868 0.111793525632746
0.189933939037633 -0.132051524904674 0.0237620134991177 0.0250393816303871
0.230893728181131 0.0516539625995894 0.0998892156243306 0.0511803157553906
0.101942787476432 0.187400104710693 0.13663204484259 0.250319884643281
-0.0226295953954224 0.229300746247619 0.00480513868640402 0.451864971255688
-0.00824571996520996 0.387338686353673 0.0935688277567632 0.116522320908543
0.157003790249397 0.307247572843885 0.094839217407688 0.0152031308443607
0.325381786588802 0.109984857703193 -0.0492123516356434 -0.0593229678327722
0.288855913696244 -0.139497647363036 -0.106827774331266 -0.00104215745976535
0.0574816100908058 -0.264289713092659 -0.0941084798040989 0.131246816369248
-0.0924563144049778 -0.205440143009559 -0.00270805047689178 0.168024756069009
-0.178774483110269 -0.177266137420193 0.0748297407364583 0.156797606157753
-0.217558711468915 -0.150980238120528 0.111374107350366 0.116689285944108
-0.218476252623987 -0.169441242814608 0.0977078208475093 0.12726153590629
-0.108090366237287 -0.215180154745228 0.02282349070055 0.104855937017442
0.0210581645149046 -0.270241338201144 -0.0314702571903305 0.0531358592422155
0.271942944254425 -0.200039618631755 0.0350733999626117 -0.0225136746997796
0.352741900261952 0.0477621083998974 0.114789335911651 0.0243875041808278
0.190391587371896 0.274718643236791 0.145293733173141 0.213300454971654
0.0073236056290327 0.374633170694065 0.0383655327705836 0.368312711584426
0.0236392103990134 0.476616698365719 0.10976143101914 -0.0197824354225775
0.213915636445191 0.375214729184614 0.0675479829747506 -0.0616625542576302
0.410080669832071 0.133432345830825 -0.0609498748662535 -0.0730887728338772
0.361697492835177 -0.167102189273286 -0.0928576702635089 -0.0287696424971708
0.0899254875591742 -0.320762074755171 -0.0866280743468332 0.0750927366886018
-0.0884656545802596 -0.259421282749709 -0.0300401618083323 0.0862940513564208
-0.190311015080995 -0.22791867599152 0.00262881118949759 0.0848037775038251
-0.240942495345174 -0.192540404622273 0.0228138592641726 0.0605883116764623
-0.241863745468683 -0.208456583430749 0.0203686155080743 0.0606886189718947
-0.117180465845469 -0.254597789202093 -0.0268086593397696 0.0274570799027401
0.02324067897721 -0.313083873870621 -0.0434038464768216 -0.0164629884551369
0.309275728699753 -0.241910977301758 0.0392889199573627 -0.0722129341090334
0.422292686625964 0.0334424337966025 0.116051505646426 -0.00550200612139852
0.251511786160134 0.313022115209075 0.127174042461909 0.155135080344815
0.0382118033237715 0.459435251031161 0.0535820281188786 0.242151598251303
0.0574911949024046 0.496381261084596 0.115239843057063 -0.173859925073675
0.247389698058437 0.382864933383507 0.026079644682296 -0.151898795113624
0.434142609460098 0.129302379069393 -0.0717029182330711 -0.0853811974087219
0.374917412497379 -0.173775111449094 -0.068665417002125 -0.0563454303536425
0.103732076623294 -0.327552941725816 -0.066481058079899 0.00316426145035601
-0.0733209862653102 -0.271726590495161 -0.0543634404197566 -0.0115548806812066
-0.173193442427583 -0.243995040136967 -0.070682388962328 -0.00115718083003164
-0.227591236718976 -0.204568536700266 -0.0694992218304166 -0.00397042877731628
-0.226491705962576 -0.216906940639096 -0.062063432685539 -0.0118089820667634
-0.102769330068139 -0.255958367388947 -0.0768552950971387 -0.0521247461165726
0.0283102401002897 -0.30256309198876 -0.053137674330435 -0.0866353164363419
0.300891242222294 -0.231819331983251 0.0402005560587084 -0.11335349654535
0.413457633619892 0.0253190078965024 0.104401050695229 -0.0274999911744339
0.256517777388054 0.303088118541015 0.0834338301922243 0.0903518049559917
0.0561825941888809 0.467803542617639 0.0496104953642144 0.0958240455311322
0.0868952671236144 0.440256540724338 0.107336349817896 -0.321319538895784
0.239365115617774 0.321181459724948 -0.0219591508319085 -0.233708116761723
0.375934251947554 0.101820936624742 -0.0755877001228021 -0.0910130241184021
0.314565333956218 -0.146916241783618 -0.0381688449185802 -0.077621788196861
0.0949304507745614 -0.273414188132326 -0.0391305442474025 -0.0705908891657935
-0.0472995870872829 -0.235325751773815 -0.0716671286268865 -0.109437492122254
-0.130206576003992 -0.221004343882525 -0.134360001883515 -0.0877864426254491
-0.178674904510405 -0.186925919004202 -0.150870913867107 -0.0679170178955776
-0.172847343727167 -0.196525751781017 -0.135197465379423 -0.0813560801993577
-0.065409963332856 -0.220018201825879 -0.112990189240469 -0.123748963766476
0.0414889012735665 -0.240235053025563 -0.0488548197407214 -0.144891230001497
0.25078995183153 -0.167731307431367 0.0457744259206521 -0.133077738013125
0.331335355887306 0.0340826016439132 0.0888452254149901 -0.0334946656928288
0.204590778561984 0.250891446345728 0.0309037158888367 0.0315956263290673
0.0559779375665618 0.401504553614942 0.0336183793878564 -0.0445949199291132
0.102089496333328 0.311508145513623 0.0855846444347806 -0.433135033626225
0.186653675074547 0.201938064811963 -0.0685217863343806 -0.292684146596491
0.246965681477699 0.0561703073506191 -0.074585268516168 -0.0882402407520752
0.195657046595854 -0.0902467813073257 -0.00945008836697411 -0.0856947052055894
0.0687537307502492 -0.167349675388726 -0.00974842643629406 -0.127605021468225
-0.0146757108050943 -0.157946071863173 -0.0793204077702574 -0.185762969495564
-0.0656297000934979 -0.161976527355666 -0.178574322807629 -0.160136548589695
-0.101507083876009 -0.140774833647461 -0.20914223642744 -0.122544098733294
-0.0921159522820306 -0.149178130237678 -0.18546907853173 -0.140451403472645
-0.0156142091690365 -0.154328153934332 -0.125139032886439 -0.179034461286686
0.0523506082774077 -0.144516693083187 -0.0268147987360295 -0.181381029603808
0.169811627452853 -0.0771978403720936 0.0577124417776518 -0.129171490679208
0.201616810153902 0.0428150578571541 0.07451015884146 -0.025387859774108
0.119835696772574 0.166098114805469 -0.0143511494477792 -0.0140283256815687
0.0452015236318641 0.277189789460408 0.0153635281589787 -0.158403110916143
0.100145632123037 0.133578593362228 0.051951238415557 -0.49189201183244
0.105479944843627 0.0523977909081114 -0.111318272786478 -0.316635193565245
0.0829039357132142 0.00127419671381086 -0.0774925159547888 -0.0756656143248754
0.0493234427048172 -0.0232966783040165 0.00691976340599217 -0.0743487518380727
0.0328304483809557 -0.0390339185630125 0.0148054132093765 -0.155208944894395
0.0219159649263842 -0.0563538975793668 -0.0769894138920592 -0.226344186443122
0.00974253234132809 -0.0758477107757056 -0.195624114666784 -0.204321151477905
-0.00956275745311287 -0.0724778858705888 -0.236905486550034 -0.15858426503576
-0.000606432087211228 -0.0782171094109222 -0.204862470753203 -0.181087378279144
0.0297856995618766 -0.0680357331868045 -0.113085071396547 -0.208777573421125
0.0491359319890169 -0.0369974326596631 0.00707453232395081 -0.191727864697805
0.0665116233852506 0.00617705078746572 0.0707600547743637 -0.105851972273754
0.0579707692452943 0.0326930608784205 0.0617438633269306 -0.00941068082387737
0.0340970929029419 0.0587481853630584 -0.045374434943615 -0.045919794996107
0.03373422949416 0.116872978912945 -0.0017973041330819 -0.232630644090319
-0.0527617392269212 0.0862576943102958 0.0675425839950082 0.282276374585171
0.0293962078824007 0.0806932035838084 0.112171509905007 0.0919449568538091
0.0885282873268713 0.0127507937329292 -0.0446222859220468 -0.0265518235672953
0.0627686859323658 -0.0693389137303295 -0.106837748624497 0.0671551073613032
-0.0300133174214648 -0.0759776116313578 -0.0563489066101583 0.197498290601725
-0.0666830398511264 -0.0284168208673778 0.0720125454368266 0.249176326929221
-0.0846515461095703 -0.00974290074014258 0.194063168273486 0.214424777399771
-0.0833471237811666 -0.00582474719088161 0.240264294365552 0.16546227002232
-0.0870802970809012 -0.0138634786102306 0.209004601230944 0.198918315693282
-0.0588856858965585 -0.0445075422357027 0.10318880446004 0.210011126363858
-0.0116104980265795 -0.0820590728003172 -0.00588548429852158 0.157618065592035
0.0752421354890655 -0.0649012851021369 0.00982773993773257 0.0655362803691471
0.0845949153519056 0.02802310066766 0.0771311794126271 0.068747288530924
0.0134338841097355 0.0638938561716648 0.118080462990008 0.261581449718848
-0.0404994155662907 0.04857376602501 -0.0219736402871118 0.494450082989481
-0.0244084979610938 0.256443466792624 0.0821476695259888 0.222158417922203
0.103091070194529 0.203229054821481 0.111350737113804 0.0654753031866692
0.219833651320236 0.0595743478219489 -0.0461669608713495 -0.0436563099036443
0.183882722686782 -0.115721466157588 -0.113044744437728 0.0330826298169673
0.00771084381494871 -0.182953090469941 -0.0811543666337131 0.177739264907001
-0.0915759600392938 -0.124927789238943 0.0388089136555502 0.227452052481055
-0.15058238279223 -0.0988666051051019 0.149424445876651 0.201691465241172
-0.169982150093843 -0.0816075408500829 0.194147333438014 0.15067242423277
-0.171245815793364 -0.0982541646898437 0.171219747168872 0.173562329183026
-0.0923215663701214 -0.1439951035705 0.0725144228927566 0.170081357175617
0.00561978705265553 -0.19265509291905 -0.0169510175917901 0.116671728579755
0.190913372972996 -0.143770712398937 0.0242067349346116 0.0246190812415621
0.239595919630858 0.0433259121975712 0.102708383056825 0.0501673032630425
0.111975749107606 0.189454041785629 0.147604114619539 0.252836520271341
-0.0141683941964628 0.236494207141813 0.0202629770737477 0.465050369807075
0.00571518731309148 0.397087925880444 0.0988582383332675 0.117393586748408
0.17201067939335 0.310074016445379 0.0967182736576157 0.0130946219071186
0.336568199813619 0.101548311435169 -0.0521336190039339 -0.0582185188473457
0.293437359859632 -0.15356584281427 -0.109112497393094 0.0014643411338199
0.0486820899939579 -0.273197643418964 -0.0899431135820815 0.139292376261502
-0.10192905018905 -0.208252054730057 0.00475380883292163 0.173352973973179
-0.191974831658956 -0.17622591601565 0.0837489615452753 0.157296674799651
-0.231215427528818 -0.144578158183408 0.119173314614387 0.11352445506674
-0.23247937994084 -0.163824524435992 0.107152015031706 0.124609652998229
-0.118668494226123 -0.218697901420793 0.0286328223755363 0.105839783009311
0.0116607601583796 -0.278675544944715 -0.028751596391863 0.0565274857487017
0.273096292590539 -0.217806062593904 0.034149640724487 -0.0245835458560361
0.366162664995359 0.0353912034537498 0.117851811320994 0.0224006349041232
0.206379652156775 0.276541340487304 0.156320891145098 0.214923447129048
0.022800271826458 0.38546073301298 0.0528125668035086 0.377707368913008
0.0419707573007773 0.488561878939518 0.111207165131685 -0.0237284852780828
0.232093927384503 0.37994832042097 0.0669470979799364 -0.0642091830889486
0.424950305733349 0.120613389306729 -0.0644176938792652 -0.071929488685786
0.368822008602915 -0.184774305852556 -0.0966091057449873 -0.0281428254610632
0.0804370434034473 -0.333582732895838 -0.0838997717962937 0.0817401233928796
-0.100951280203902 -0.26472903683766 -0.0270496752820567 0.0905738268763188
-0.205545397483499 -0.228678836571225 0.00701459335693696 0.0866597808929905
-0.257897830528445 -0.186242118252187 0.0264351762364221 0.0597290718279033
-0.258170464875276 -0.202757571182954 0.0247739505931575 0.0597232055532041
-0.130321911894305 -0.259582437159343 -0.0261102765996993 0.0290208602150553
0.0125125493513575 -0.322871619610448 -0.0442938470150885 -0.0148417470281879
0.311067095307001 -0.262267343886304 0.0369380348408923 -0.0757780498787164
0.436869387283273 0.0166565264704175 0.118429052167281 -0.00836067119592273
0.270253101643359 0.314518005582865 0.136626087212196 0.154244326462151
0.0589385760598219 0.471216352381479 0.0640365150476341 0.24666728981858
0.0777016497218088 0.508303626558669 0.112195115670679 -0.183180627311872
0.267383758867546 0.387583822357353 0.0220321923568264 -0.155456630057762
0.45047073671506 0.116784949943862 -0.0755390196894323 -0.083743242009738
0.382206995341721 -0.194084957568406 -0.0743226552348275 -0.0569001884223831
0.0929838337163673 -0.34118230547309 -0.0664067667913213 0.00659131569968905
-0.0852601970768096 -0.277189132605766 -0.0562505419077684 -0.0110889395250488
-0.189545361193144 -0.246226431135773 -0.0716873893765191 0.00133650841127866
-0.244661936407593 -0.200170449563047 -0.0704069616578927 -0.00180462260553349
-0.242979222029316 -0.212765964317813 -0.0634495269086755 -0.010371781884062
-0.116142150812483 -0.260970124085598 -0.0808848346281257 -0.0507243394510399
0.0175541000017568 -0.311371915875235 -0.056934363215611 -0.0869733184172972
0.301798107875507 -0.251827434285796 0.0362930379889377 -0.117115221825646
0.427348693687067 0.00923436274167798 0.106872427280896 -0.0314014075619924
0.275475771816701 0.303929403814018 0.0901986784559161 0.0883386278683151
0.0776420187902107 0.479314228065722 0.0546109442311184 0.0954514772492102
0.105088549901823 0.449207537841658 0.0997327816657686 -0.33444177252183
0.257686912371507 0.325341103449318 -0.0295667258010547 -0.239523271634619
0.389909364896456 0.0906587652678603 -0.0798538074189207 -0.0895352567759267
0.321439658933308 -0.163221416378577 -0.0429648114570945 -0.0799139673860711
0.0860869510745374 -0.284111806695121 -0.0414023380896737 -0.0713788215203756
-0.0590660899871913 -0.241239422817343 -0.0787889851302503 -0.111101909461441
-0.144557793078593 -0.224341344552628 -0.140659566617663 -0.0845579841260092
-0.19386234135926 -0.184116464474964 -0.156524411312938 -0.0637654722354373
-0.187616096906806 -0.194217920663544 -0.142026874588546 -0.0778053990056723
-0.0763352327615065 -0.225809855794187 -0.121854292113776 -0.122706455732913
0.0337966184795408 -0.248037223695085 -0.0556478213046918 -0.147341515623707
0.253385897104204 -0.184121486047008 0.0421246832291395 -0.138650760700311
0.342472372573634 0.0210096351662079 0.0907190350151575 -0.0379007889973096
0.220125846509947 0.252007622453254 0.034459544082852 0.0300502850406323
0.0746715696899613 0.412070424457194 0.0328477388249865 -0.048479277720392
0.116326786397194 0.317503864531953 0.0747462859792647 -0.449088980694648
0.199801805062538 0.204617978359593 -0.0789530760870133 -0.298236759485804
0.255944145106121 0.0494579709841447 -0.0789776021395548 -0.0873847121826379
0.199540963972117 -0.100706728911731 -0.0141245964032674 -0.088310860915833
0.0636312988058844 -0.175176390692324 -0.0143873152588907 -0.131421034354179
-0.0218419099132064 -0.163134609426948 -0.0900228748354864 -0.190085856563206
-0.0760246471881862 -0.165084592582697 -0.188752119329202 -0.156855944934118
-0.112747771583223 -0.140341199785495 -0.218737604704252 -0.11668293294857
-0.102798633109573 -0.148845496554395 -0.196274581895315 -0.135696274444756
-0.0229808588921364 -0.159823067911498 -0.136641731667243 -0.177999037489197
0.0487374586423878 -0.150400034021625 -0.0346131633611158 -0.185150078696162
0.17247145799744 -0.0876399943616503 0.0548677537411756 -0.133967864749115
0.20951710988118 0.0347738178498495 0.0765807779093777 -0.0291123124769562
0.129952699683686 0.167940877235974 -0.0134923072763953 -0.0153173900747587
0.0589520959539882 0.285557831406917 0.0100007706484038 -0.165226407766912
0.106944527662734 0.134563232388817 0.0385716413417427 -0.508650044717241
0.110338615480127 0.0529201475210553 -0.123247374700419 -0.322331420440793
0.0860711256398324 -0.00104448957979894 -0.0812039318140654 -0.0747204304487845
0.0514319176771395 -0.0261026914517208 0.00294751219368427 -0.0768575991382865
0.0316015235975698 -0.0414099584181724 0.00868025459180832 -0.161556599749781
0.0187266295389011 -0.0590777670908712 -0.0897627447714166 -0.231585523089509
0.00522536411525272 -0.0792687928416776 -0.20959762283516 -0.201989253511283
-0.0139571133851986 -0.0747883442432142 -0.248872172632905 -0.150960745128871
-0.0054237555930144 -0.0806231263744293 -0.218454933618536 -0.176109623709368
0.0272184930321388 -0.0721924528489942 -0.125754988846074 -0.209375471950427
0.049867710350644 -0.0404260115362239 -0.000855953110033692 -0.19772021953883
0.069507845686421 0.00207338499223705 0.0688283700323273 -0.110714533701499
0.0613649572472692 0.0305049664131907 0.0645884494660089 -0.0132983367608007
0.0375818081222564 0.0602519887921853 -0.0467067080478481 -0.0461103410761025
0.0400708916707549 0.121083170041596 -0.0106051057355594 -0.240465689540848
-0.0487952065409382 0.0894942426395113 0.0826425864368473 0.286186455835249
0.0334936409157861 0.0795800177218985 0.117754909855517 0.0880386613383254
0.0903164834606417 0.00845801324094106 -0.0470221861651718 -0.0247283059537339
0.0598256099237101 -0.0740759571721678 -0.103833757374968 0.0734757281648364
-0.0337206112690693 -0.0758142299301423 -0.0454827106775527 0.204830638752611
-0.0679826835139905 -0.0253596024990506 0.0886101238369406 0.250914645155425
-0.0864623363553341 -0.00542694776048783 0.209225289769787 0.206588796268226
-0.0849936884718022 -0.000476519682500537 0.252396386171761 0.153067128141839
-0.0886334306287918 -0.00792922964224312 0.225026520323652 0.18783097616884
-0.0624637871190581 -0.0419006837620366 0.118453830442247 0.207596315762093
-0.016771745910143 -0.0826532664239116 0.00390652694876357 0.162446695827906
0.07192539200895 -0.0699858249517843 0.0131160856619373 0.0662127621969055
0.0872326786687691 0.0231839281482136 0.0798197814426232 0.0675017136901666
0.0163726414831967 0.0631724234175007 0.13242481927944 0.261049886274831
-0.0385791884997364 0.0503924547995139 0.00286405486127994 0.505981479945058
-0.0106033144049226 0.261269545288814 0.093901481326732 0.223673643747863
0.115519574170194 0.201234511479029 0.115144406195509 0.061812794456005
0.225786688849237 0.048918686690002 -0.0486710419955941 -0.0417066331197094
0.182040547617395 -0.127798024557492 -0.112677356344911 0.038916249551293
-0.00133433732414474 -0.186117372725002 -0.070417149734929 0.186106696235471
-0.0987935867336539 -0.122852156028231 0.0531644259662806 0.230902431731944
-0.158863776870079 -0.0932997882236841 0.163034166398903 0.196660007303825
-0.179063817325175 -0.0727378978602645 0.205092380010956 0.140671777813516
-0.179993280837162 -0.0889346553345083 0.185423478083848 0.164880981141318
-0.101971636757567 -0.142272890878737 0.0851719194807049 0.168599247608379
-0.00403186361152815 -0.196541853498696 -0.00973309457019737 0.120267006927824
0.186969252872919 -0.157130415960993 0.025044632174106 0.0242957516672071
0.247197478800489 0.0306583768476206 0.104950123846837 0.047559975885253
0.122962164198549 0.187341553724568 0.161790564909695 0.250921173077231
-0.00087305562153615 0.241197272721541 0.043704854865591 0.473200726042515
0.0271979102717951 0.402129483789836 0.104572316872584 0.115888239769805
0.190399305203449 0.307102534973597 0.0982999459243517 0.00950687860991638
0.345987795161161 0.0854705685947408 -0.0549812530106008 -0.0555275872296063
0.292248548714907 -0.17234493227882 -0.111018096826254 0.00551773629237641
0.0352154796564679 -0.280124090061182 -0.0814732689621898 0.148006234417256
-0.114381386553985 -0.207545201700421 0.0154342758137643 0.176783941303503
-0.206597761538952 -0.17056753032029 0.0945724453371429 0.155304628563156
-0.245032606595152 -0.133363556381459 0.126963376510037 0.107155684259013
-0.245477788639993 -0.152072767399095 0.117226982083399 0.118382104360802
-0.13295999728425 -0.218614264179715 0.035462137811998 0.105855395538866
-0.00247340195750822 -0.284063452057046 -0.0258333695617302 0.0596658640682163
0.267944191900578 -0.237566928789204 0.0326297943156666 -0.0268084180054642
0.375056583311496 0.0147349584469231 0.119678772897876 0.0184552369600351
0.224768316697322 0.272115613989628 0.169308755708696 0.209978356072378
0.0451412441780046 0.392222471773119 0.0717875480655052 0.382042948202645
0.0686246821039855 0.493165287428005 0.110355124652874 -0.0289168633956006
0.256097399485842 0.375151348829335 0.0642940300524691 -0.0682980708626094
0.436778061688239 0.1006405141036 -0.0676084352323423 -0.0684129925202874
0.368106763069465 -0.208398300229979 -0.100575137348061 -0.0253299877832957
0.0627017734307807 -0.343468028946329 -0.0787238245224074 0.0883888905306774
-0.116255306644377 -0.264488807676542 -0.0225520664342456 0.0935109342389417
-0.224411629637965 -0.223062877235851 0.0130037190205289 0.0877940664915922
-0.274678439364238 -0.174305883742075 0.0300425854559449 0.058185739198837
-0.275430794554259 -0.190092759512027 0.0296773409462084 0.0578791789287596
-0.146476956855761 -0.259455641273713 -0.0249987275531792 0.0298730313727162
-0.00379418155803835 -0.329586703506601 -0.0451972096505619 -0.0124974615563773
0.303928864004447 -0.286324688091567 0.033232176018902 -0.0784980339880121
0.4456257894268 -0.00790546507337264 0.120208075192625 -0.0137463496686824
0.291806094909935 0.307911475212028 0.146322994073409 0.149180860779156
0.0857819949030681 0.477916139882173 0.0779319384862178 0.247398959523077
0.105227721137768 0.512597514787419 0.104344639394633 -0.192412832813463
0.292492463775279 0.38274105759911 0.0148720896697945 -0.159048478725247
0.463991275409067 0.0959486788102655 -0.0796801964887884 -0.0805641417844232
0.38183139095739 -0.217629470187542 -0.0789184502280189 -0.0555527088313858
0.0764174130798829 -0.35233805664959 -0.0658561048486439 0.0110805444658446
-0.102692217031523 -0.278927666722647 -0.0587760847538508 -0.00850199374944088
-0.209571595577829 -0.242023565114965 -0.0717360505549187 0.00558158251451727
-0.262989957567506 -0.188583294401214 -0.0706460047152351 0.000777682934775657
-0.260764140469332 -0.200808848370406 -0.0646855496324431 -0.00816158781968747
-0.133183762440778 -0.261773921990639 -0.0859432065088346 -0.0477453789760621
0.00264715069633093 -0.317897019457137 -0.0617400060069198 -0.086151449229781
0.295172395689081 -0.275418615279763 0.031250784778432 -0.121111141691255
0.4362396217143 -0.0152016069624453 0.107419471504921 -0.037218543306666
0.296895622961988 0.297031974064942 0.0965504476591108 0.083503934598958
0.106745523028526 0.485324866791633 0.0608959513307718 0.0932826644640787
0.130213132525596 0.451326836527236 0.0849635200710283 -0.34645755345078
0.278482855283588 0.32109908521576 -0.0412167708920088 -0.242034454750286
0.401301317758089 0.0720238890678132 -0.084106559671858 -0.0863528359837572
0.32209352275583 -0.184129370884837 -0.0496740685774484 -0.0805645673912156
0.0719904960207009 -0.294264831970709 -0.0449603066424177 -0.0700524160199721
-0.0742842815415739 -0.243703425048469 -0.087642256409483 -0.109763844063677
-0.162785443610093 -0.222032405743354 -0.146892483013671 -0.0782597180129978
-0.210382152987287 -0.17539934073584 -0.161196837504468 -0.0564116232981584
-0.202877210771396 -0.185833471339592 -0.148650366937954 -0.0708783564961849
-0.0905959351643615 -0.227684370963652 -0.131662367217484 -0.118332692300539
0.0218815356209859 -0.254132415992076 -0.0641140220587478 -0.147239773061906
0.249597075312762 -0.203241729891623 0.0355629801315218 -0.142350044351795
0.350086181190915 0.00136131114682997 0.0914668538399786 -0.043185508526196
0.238243365411142 0.246595501457943 0.0375939595444822 0.0266485277799026
0.09990933316829 0.416410149685522 0.0313517676906709 -0.0523674277653101
0.134199535671455 0.31737462056843 0.0548975261224572 -0.462662127856919
0.212971493503618 0.200370676827709 -0.0940609322665098 -0.299487658101874
0.26364056221386 0.0369722386252192 -0.0837440264812996 -0.0844120945982271
0.201153694998125 -0.113880644540849 -0.020579784985724 -0.0897800579673715
0.0548206723530058 -0.181622882315462 -0.0212001804633401 -0.133434935267707
-0.0327593371262778 -0.165123234583799 -0.103721263402822 -0.189910546513268
-0.0891838929380413 -0.165211665716149 -0.200116568148686 -0.148768176007314
-0.124629161571333 -0.136101714440127 -0.227565071379027 -0.105255107405015
-0.115155697069001 -0.144965127842938 -0.207145773677174 -0.125566581028369
-0.0329268285911004 -0.16291145756362 -0.150146158597334 -0.173178172533892
0.0420789771660235 -0.155645484330917 -0.0454725611544522 -0.186477122609142
0.172012443874036 -0.101320287442388 0.0481890098313592 -0.138597354895727
0.215611013620184 0.0228235140690059 0.0773710293433194 -0.0347277986022462
0.14191742081623 0.165695881147631 -0.0135741204252419 -0.0163715411633403
0.0775414571574089 0.28837282796182 0.00152667763690691 -0.17066163471684
0.115491878590484 0.132510320965743 0.0158041169581368 -0.52117063995072
0.115325766132597 0.0506039965093507 -0.140124925365688 -0.323040400524172
0.0884362381954852 -0.00521092797587521 -0.0864422590017315 -0.0717778949787322
0.0525992476132277 -0.0291314211248364 -0.00167092207697564 -0.0783608490795227
0.0296190958974525 -0.0432108793127063 0.000125694694391298 -0.165715828286999
0.0148529642725649 -0.0612160527228194 -0.10639736463289 -0.233015944761702
-0.000287910341471697 -0.0816025749086082 -0.223999792203997 -0.193765234365933
-0.0199342121160998 -0.0755921147193528 -0.259624384054197 -0.138963773693114
-0.0115303652918602 -0.082489853255784 -0.232463978827939 -0.164157137105255
0.022576300797789 -0.0764012756852195 -0.140969012683634 -0.205418297026994
0.0482466528541226 -0.0441338290180084 -0.011737241841552 -0.200661907923601
0.07177745250248 -0.00283397289598219 0.0645459923561001 -0.115314133991778
0.0649914487894616 0.027312257801367 0.0660235673258123 -0.0180635603320943
0.0430275311579977 0.0606715988994088 -0.0484933468071568 -0.0464135473707786
0.0487850153285366 0.121942475468511 -0.0231509338913659 -0.246823740121843
-0.0272608678799502 0.0997682560973679 0.121636583659703 0.264427444513403
0.0497669429420363 0.0700725266986834 0.124288440500967 0.0695443574488513
0.0890972295827149 -0.00746029584496085 -0.0531994217453129 -0.0118637351886846
0.0439715710355551 -0.0807206638163412 -0.0876822301610411 0.0928541634057704
-0.043835970231382 -0.0633978419631706 -0.0059856977286555 0.208595742218692
-0.0632799450973276 -0.0106474430567841 0.131483370069959 0.229252049800288
-0.0824231518863543 0.0106379909563663 0.242456804318893 0.168039876482627
-0.0783890393986033 0.0113889846006359 0.26870767465157 0.10783318480554
-0.0845607073140321 0.00636527632866625 0.24972252598872 0.152175231548113
-0.0651590987294685 -0.0331304306115643 0.148348484404445 0.190204100595417
-0.027780874934431 -0.0783758427855143 0.027089316198374 0.161584921244546
0.0605264516263686 -0.0812665552653074 0.0184353160464093 0.0662618483199668
0.0893722781058578 0.00720492891598894 0.0842208414059669 0.0575665103336315
0.0251774635270225 0.0554389481179304 0.166106679841837 0.243812017502471
-0.0268157681224358 0.0527724798237467 0.064138973909244 0.499320042852329
0.0401128727410451 0.259468337221762 0.115398756984741 0.199557150724822
0.15112627020465 0.174194688586294 0.11076764209962 0.0452614791452393
0.228716955885789 0.0082942429603637 -0.0616474081280888 -0.022156494474242
0.154395099598161 -0.156435449659282 -0.102886315221456 0.0668535833978792
-0.0312723073067178 -0.177214511873493 -0.0292376578603903 0.197625517030098
-0.110153710559778 -0.101130657628604 0.0957888754252517 0.215149542952096
-0.172705344673992 -0.0648618129254516 0.199522914503526 0.168021488466701
-0.182359807542937 -0.0443689848348757 0.221827704094664 0.102339700821021
-0.189696755700673 -0.0579754935300058 0.208056851377491 0.13328511077159
-0.122555266109596 -0.126940296084608 0.110410357754446 0.156644121537435
-0.0343345965797339 -0.192327358627072 0.00899942980284027 0.123541783060561
0.160809255590858 -0.187433230316569 0.0227978537086923 0.0250503338906869
0.247574323853864 -0.00992355061573634 0.102828487447307 0.0325486375866468
0.149813252898271 0.162553790022887 0.196671613537015 0.224739668443036
0.0383517161050368 0.237700273781349 0.105763154198377 0.458900393513382
0.101441588961891 0.38950048043514 0.101946740291198 0.0895773079466491
0.243073345833662 0.264403328130554 0.0800399025526916 -0.00242078513776798
0.353136978362288 0.0232585234845455 -0.0743364202158245 -0.0295407024732141
0.255338750739402 -0.221216952975992 -0.109096996742847 0.0410450971324561
-0.0120540345670687 -0.275961590339237 -0.0422505437757547 0.163994774228839
-0.141241777849154 -0.182247789445982 0.0526027639420381 0.169317800570564
-0.235798347178908 -0.133946609193316 0.128563647003269 0.140983907606985
-0.258294557082321 -0.092828957711299 0.142213960570117 0.0807493094184455
-0.266570796875866 -0.108746410292662 0.134557115650918 0.0968514870231748
-0.166538308153917 -0.197466922305416 0.05340387546838 0.102543974570191
-0.0467603771586038 -0.279655058043009 -0.0141957527886656 0.0670189973594431
0.227954635206489 -0.282855067527844 0.0222434191049653 -0.0234551890210779
0.372148675023784 -0.045233834708273 0.111473213738242 0.000554915003539287
0.26306939269065 0.2323840980375 0.200020007175852 0.179822656023859
0.105199789990052 0.381414590954925 0.125029864324681 0.360766474876306
0.156281946415773 0.468778867688712 0.0808997580704967 -0.053474064163543
0.318910767698084 0.320178991406838 0.0311368362440495 -0.0720965073782254
0.444919242197418 0.0228842516151339 -0.091044735558367 -0.0362614746632291
0.322443809262572 -0.271489518194098 -0.104511111447673 0.0133177025778271
0.00448481491759452 -0.343748387635894 -0.0464084719234675 0.106865199563758
-0.154998952984031 -0.239388712688068 0.00316784380753133 0.0942063930466823
-0.265640938721658 -0.1836222662356 0.0386165278324639 0.0898509391392512
-0.295074252864464 -0.127330898168915 0.0414026375058205 0.0466445299036157
-0.303194147622208 -0.140999781149244 0.0389590874161074 0.0491608565423715
-0.188160682330243 -0.235171151916755 -0.0168469092869169 0.0357758355092184
-0.0557992954151063 -0.323284442970211 -0.0425739359568483 -0.00186693762285588
0.255284259010549 -0.336888242759611 0.0155280435374991 -0.0737696493070927
0.437333102250372 -0.0790984269207571 0.105126785467817 -0.0318488964449123
0.334536816283898 0.259564679720794 0.170172375690776 0.118868244102923
0.157122047154403 0.461538385409946 0.116885071634231 0.224278862745731
0.193165071286946 0.479553602713268 0.0490745745916534 -0.210606463979886
0.352994271679459 0.320455091559569 -0.0324673685484834 -0.152688703031177
0.470303191700938 0.0134333880034984 -0.104374036203809 -0.0447922614091072
0.33589401919469 -0.285758957729811 -0.0881758377686941 -0.0184077547625196
0.0148881166313843 -0.356259826868812 -0.0458747159548542 0.0285213616630659
-0.146641897420038 -0.257048775989099 -0.0488088512422736 0.000408770626084088
-0.256729963342522 -0.204748239106197 -0.0575444242281616 0.0227347281910958
-0.287629954212321 -0.142429644242556 -0.065029237575925 0.00646117465932283
-0.292538136381018 -0.153743603844611 -0.0628951989884857 -0.00172098049836492
-0.175637510486676 -0.239324792784447 -0.0885229042946074 -0.0326087815099772
-0.0487746284799678 -0.313177446800153 -0.069317998338887 -0.0716090077608325
0.248376068278384 -0.325471382031116 0.00814472784167247 -0.115891614849332
0.426237895066929 -0.0837806822973689 0.0903797413216328 -0.0536781081811345
0.338402914738294 0.248709845195161 0.112061490727953 0.0594062146863648
0.176783121627523 0.466406121615601 0.081582823172665 0.0735348728043634
0.205085742261577 0.413042575251801 0.00881981173962258 -0.356242458390891
0.326877699111932 0.262231688856072 -0.0975031634445034 -0.225848479890894
0.406060343936348 0.00114132351575734 -0.1075267605808 -0.0527003860947481
0.283537466046013 -0.241577750765578 -0.063215040602416 -0.051116424397562
0.0198312825967638 -0.300650007757996 -0.0419685801525897 -0.0551955770665461
-0.115427449511317 -0.227679363943781 -0.0960391921375252 -0.0935939775391809
-0.207892524301312 -0.193167679554013 -0.146775882390945 -0.047880099523749
-0.235827647743011 -0.137213205490783 -0.161638065792747 -0.0340763642394755
-0.234849778525383 -0.147903603550555 -0.154728880452609 -0.0512043049697394
-0.129487279557989 -0.210855503803187 -0.144507663143289 -0.0964852935844855
-0.0202106107494235 -0.252458491274224 -0.0807428749946609 -0.132622809251938
0.213324224596381 -0.245791782309844 0.0108196858970814 -0.139276235976618
0.344301243715228 -0.0552001665532487 0.0764771954945263 -0.058321872832019
0.273073533429879 0.208280478443496 0.0449983259086778 0.0119957788704763
0.160976625170341 0.400120211381914 0.0337548976410218 -0.0661506846827532
0.183950579824083 0.280011787297301 -0.0330796283249296 -0.462475694636993
0.240010441634881 0.157257287518397 -0.152073077368419 -0.276180527449483
0.264619793655259 -0.00964097604510759 -0.102030544066801 -0.0569573640098166
0.178269450823186 -0.151368654582466 -0.0358085297388842 -0.0720828671336257
0.0212890526765224 -0.189707505730991 -0.034408397598756 -0.123702609927616
-0.0643433968042946 -0.159032068353203 -0.128324163559299 -0.168774535403273
-0.125381137898887 -0.149884252808585 -0.215067828102802 -0.108945881473917
-0.147676454490157 -0.112038273113679 -0.234106648871441 -0.0696350418651856
-0.142438719555266 -0.122586210467504 -0.220768535548042 -0.0949540666739735
-0.0631079381849153 -0.155964095960288 -0.172021147928148 -0.147924514708707
0.0143503152921386 -0.159464266827289 -0.0688906282374544 -0.174872656846223
0.152643879232021 -0.131602975593264 0.0265930858501531 -0.140091546805112
0.215064371973594 -0.0127877842549991 0.0674840745686551 -0.0477649413718237
0.166484829489695 0.143390904834564 -0.0126151365256692 -0.021070905501928
0.117700601978259 0.276713983128611 -0.0128205091974606 -0.176422694159034
0.130508038557293 0.101206010734291 -0.0712645154066327 -0.509934809175397
0.115282217706178 0.0274598786968823 -0.191748828086905 -0.292762245125246
0.0846584654369279 -0.0202785816155086 -0.0966182632522376 -0.0522722253683782
0.0474606499213121 -0.0409246781939826 -0.0149326833214757 -0.0727712528716928
0.0197901774613418 -0.0509637863029586 -0.0263420960200726 -0.162066515201356
-0.00215287999099891 -0.0654796152598195 -0.141677690511072 -0.210048236560188
-0.021548028809433 -0.0818946207221511 -0.250163622776468 -0.15072717385161
-0.0365668809379636 -0.0691097194150328 -0.272158178258282 -0.0955959012040982
-0.0304546003334754 -0.0785349165069656 -0.251323318467999 -0.127398686231173
0.00641627561316159 -0.0782692694223477 -0.168281751630147 -0.181981280235819
0.0386819012288294 -0.0516999039889134 -0.039539334962615 -0.195081105842635
0.0690931586797006 -0.0169261383695583 0.047399989377872 -0.122100473415997
0.067516985715646 0.0149485861750205 0.0616416117950766 -0.029679202296986
0.0530962173527795 0.0553504114218938 -0.0534261139383495 -0.0423824658147546
0.0651252713424003 0.116557595570032 -0.0501022085613213 -0.244792859141783
-0.0238140344960332 0.0969707300072174 0.12755260551657 0.257560134347769
0.0499582475519381 0.066009469117766 0.123555288063398 0.0659637257895119
0.086320191159572 -0.00992571170547938 -0.0524160208673726 -0.00935596947460682
0.0405772141586227 -0.0799107831522219 -0.0825281177160312 0.0931157647333064
-0.0447207738399657 -0.0607967152009492 0.00307185265118404 0.204939231256854
-0.0613862561810516 -0.00957717194726084 0.139897225708139 0.220729267400094
-0.0804322417742748 0.0135912120024761 0.244926419600205 0.155115994497329
-0.0768294422063204 0.0140844305123723 0.266310849120875 0.0963342314164472
-0.0814041062037449 0.00922053226454597 0.250742817067278 0.137527247339959
-0.065090275208862 -0.0299523989729517 0.154436950363549 0.180035376411815
-0.0304546524406598 -0.0756162740748179 0.0333100998696112 0.158184799407608
0.0561356266922685 -0.0813666553955857 0.0196386814851572 0.0645847787320679
0.0873280496662197 0.00339162089521359 0.0836644977932034 0.0563845652220005
0.025059044782319 0.0533627089464942 0.169838807791512 0.235181380909721
-0.0246369017949341 0.0515019465954659 0.0777121994988921 0.489008226483699
0.0476742897471797 0.251462816988732 0.118336984618746 0.194464211436474
0.152493232221313 0.164499206459707 0.1096256197617 0.0421387741518813
0.223113510466161 0.000534665933411569 -0.0604866188591622 -0.0191991829427097
0.146769512070488 -0.158931391628845 -0.0993541838009011 0.0679379240873853
-0.0362570099429544 -0.172633891350463 -0.0198774109732455 0.194009842694375
-0.111119681898342 -0.0965123721432054 0.104719821860021 0.208695407780014
-0.172621261244916 -0.0567945916178672 0.203665028832997 0.156783559750308
-0.18156471913512 -0.035789613398183 0.219864213875011 0.0916222406114203
-0.186958147038077 -0.0491930113916807 0.209182797182705 0.120810086530203
-0.124835697852524 -0.120617364044329 0.115425471793395 0.149645790820672
-0.0405646110759007 -0.188051303835128 0.0143648222817511 0.121762211960592
0.151331734001577 -0.190883443046448 0.0226060352842385 0.0242544184180659
0.242568773989933 -0.0191831237281925 0.101655326586646 0.031128199398397
0.152055054398983 0.154793778304066 0.199336815298381 0.215720242198061
0.0452500445779523 0.230966434467467 0.117304107167952 0.446777181419853
0.111686486603048 0.376928804428865 0.101356047346664 0.087102198641492
0.246059752936087 0.251440124903413 0.0777863084617949 -0.00329743072213484
0.345847341210931 0.0112300365227962 -0.0723322355829119 -0.0263857349099469
0.244232607183356 -0.227544595872412 -0.107014122327115 0.0428515148619807
-0.0203377026479934 -0.270627201804574 -0.0335974868017387 0.161728636240468
-0.144565860792693 -0.175395711081651 0.0586322817831363 0.16467575555378
-0.238569257356677 -0.12213683187156 0.132985086923305 0.132884477926036
-0.258321637230675 -0.0806551491432663 0.140543897924108 0.0729982980048213
-0.265118832965455 -0.0954790875872661 0.135010796125415 0.0872848438592612
-0.171899640796124 -0.189108077006565 0.0564636782392041 0.0980184509054435
-0.0556937568612532 -0.272963199296992 -0.0104785534801807 0.0664006525675572
0.214538792329526 -0.287384352676664 0.0204990480981192 -0.0242018441537047
0.363746141948325 -0.0575918304545053 0.108917824500327 -0.00128983532616981
0.265704144079135 0.219541167486862 0.200963468552618 0.171063730288062
0.115968600829243 0.369763829924297 0.133460158330508 0.350171854709478
0.167812676162286 0.452882877861299 0.0758706739628424 -0.0528084617217463
0.32227275981355 0.304712734384717 0.0277422335755493 -0.0708974925827116
0.436748803359911 0.00949807148903374 -0.0887479731963106 -0.0331065366832116
0.311665752380924 -0.280188732106159 -0.104632417945634 0.0158308044325283
-0.00782735527812131 -0.33678487819713 -0.0396480544836612 0.106393149145831
-0.159922266293079 -0.230878350832475 0.00667916276251859 0.0930037347383546
-0.270555877643183 -0.170484032588182 0.0429077942215351 0.0851928460977537
-0.296253561087802 -0.113148581444276 0.0414148931834471 0.0435569780923029
-0.302675172176534 -0.125599872047066 0.0395632238343226 0.0448228929832659
-0.194060767382437 -0.225752213684832 -0.0154503633989354 0.0352580334450617
-0.0657624130586958 -0.315899642051217 -0.041003926703123 0.000191294288758735
0.239897518775102 -0.343211214165729 0.0125499131398321 -0.0731531244745799
0.426274699388391 -0.0923600769324018 0.102608111680553 -0.0335806792776136
0.337815163025701 0.243921412638999 0.169707424915775 0.111832335600266
0.17062956376931 0.447467664906247 0.121376265066976 0.215567993522557
0.203387973674176 0.463798976321533 0.039995124214612 -0.207002144676947
0.357844410391041 0.305814278575625 -0.0373977488990975 -0.149294085819109
0.462278910627449 -0.000624419313780082 -0.102207253893542 -0.0414991779604485
0.324207478433194 -0.293509991925153 -0.0901704394570788 -0.0163144375399168
0.00209292733814561 -0.349842565819226 -0.0422642523977828 0.0294151061425652
-0.153442624064166 -0.247975395668721 -0.048943779219356 0.00282726501939673
-0.262473210718425 -0.192611523240287 -0.0551931637636142 0.0233576122488022
-0.289699946020082 -0.128260325860712 -0.0642606030674746 0.00800595968558895
-0.293090911203537 -0.138482741085797 -0.0620070623450945 -0.000383548974416775
-0.182692423548332 -0.229731413456176 -0.0889290231669772 -0.0289147736455087
-0.0579388296092076 -0.306034994921849 -0.0698332284952067 -0.0684129372545501
0.232810014934718 -0.331410239071109 0.00410164114300515 -0.114255164269744
0.415891501692421 -0.0975129376392602 0.0872806529761714 -0.055355002422684
0.341295172660942 0.232891564129249 0.11072045421573 0.0549192174138026
0.190410043794733 0.452606706612424 0.0823107468405903 0.0682510655134417
0.213809982827906 0.398172825907941 -0.00334204054835893 -0.349868577188929
0.331359818893269 0.249152581491939 -0.103322990329282 -0.220085742994305
0.399720209860931 -0.0111428281629593 -0.105906140477525 -0.0492452205187852
0.273980165119177 -0.249418474928638 -0.0655921361246655 -0.0480136327037356
0.00943697767198974 -0.296455000787085 -0.042192846835099 -0.0533298757139512
-0.122530593796861 -0.220100899162674 -0.0993704030871622 -0.0880524413805739
-0.2147928167329 -0.182369220751822 -0.14561786236916 -0.0421459095252305
-0.238967743091495 -0.124970332745051 -0.159690550095874 -0.0285932397607812
-0.236858711838228 -0.134267399296779 -0.153293422036137 -0.0444408769724384
-0.136784572597053 -0.203922243461887 -0.146799772874321 -0.0882451386987769
-0.0278594159107967 -0.248405957010569 -0.0837507375762698 -0.127289442605154
0.200793780792218 -0.251847034173615 0.00709275780251237 -0.137341473675146
0.33555720103598 -0.0666403730126835 0.0729429781173158 -0.0603695246669959
0.276023597851086 0.196181567105874 0.044270662737689 0.010010258406153
0.172906470032214 0.386592478935787 0.0311860393301308 -0.068147176343524
0.188496583383253 0.269135579599352 -0.0464977599526369 -0.453242041500309
0.242084993245457 0.149221225687013 -0.157630414911524 -0.267697261525123
0.260836664503972 -0.0169228426815519 -0.100747104678138 -0.0541438112528203
0.172729597466247 -0.157127185079256 -0.0388119096336147 -0.0691497556876265
0.0143589269717655 -0.186335734543474 -0.0385132322410887 -0.120778528327538
-0.0701347745219288 -0.153827012062091 -0.134921858075258 -0.160712415642157
-0.131372030055346 -0.142143805194179 -0.214565762309915 -0.0998052745118306
-0.150919985788989 -0.103182906937791 -0.231218653470108 -0.0608042617503082
-0.14515960200873 -0.114074368876286 -0.218833226307699 -0.0838592509228386
-0.0691164697436008 -0.150820313697899 -0.17522859040939 -0.138085687476499
0.00929168605382251 -0.157998831891922 -0.0743562566653673 -0.16934520306849
0.144855017454583 -0.136654523602972 0.0216314826219593 -0.137777464741812
0.209676515538 -0.0208236062575006 0.0648483778794553 -0.0504983117847771
0.169635075574144 0.135381511792756 -0.0126962345789245 -0.0213277796010975
0.126598827158447 0.267160139167367 -0.0184363113799749 -0.174050790170787
0.131512084055984 0.0960738066851859 -0.0846654046954869 -0.499734067195948
0.115106801166686 0.0256334919770242 -0.197331332757444 -0.282829433401269
0.0834222246047204 -0.0216758589933477 -0.0959785466908532 -0.0489675517807362
0.0471259550833172 -0.0431105932574468 -0.0178960229837157 -0.0704464959370115
0.0175910034934077 -0.0505480587732221 -0.0317979231744091 -0.158384670733547
-0.00528049690127252 -0.0635670199160937 -0.149541582271018 -0.200618173193269
-0.0261056037138564 -0.0799231808327881 -0.251038743683405 -0.138780142999932
-0.0398553701813206 -0.0664069114636313 -0.269077192666913 -0.0843561034540614
-0.0343126508782434 -0.0747748265525719 -0.250028508543152 -0.114420629829388
0.00222421327380702 -0.0780718384624063 -0.172868307029512 -0.170886296741604
0.0360828739052797 -0.0526862127571104 -0.0464241747575206 -0.189619919998465
0.0670340733261787 -0.0213212054477395 0.042810403189972 -0.120819018816221
0.0673031189519224 0.012003816912058 0.059319222137726 -0.0325674966100604
0.0558745896031834 0.0533143042083335 -0.0530800165760902 -0.0409046550735299
0.0696113545762418 0.112640294183258 -0.0575043877806032 -0.240592127949223
-0.0230084646482484 0.0954703066469533 0.127507632360148 0.255660827693831
0.0480395213948725 0.0637428328263242 0.122721144738364 0.0664660066104467
0.0851282861720192 -0.0107011426992903 -0.051647865708803 -0.0086863491716845
0.0397024627987857 -0.0788453262102661 -0.0802836098253698 0.0916608086983354
-0.0443792724650518 -0.0597127891384146 0.00620596261274371 0.201564310355978
-0.0598206358957028 -0.00980903837545138 0.143868260064092 0.216321581909496
-0.0790954455764784 0.0146994366064132 0.245214252911002 0.149889737793067
-0.0756573552364949 0.0151317955654941 0.262597051216118 0.0920000981946254
-0.0795095796562817 0.01021749865089 0.249081731296813 0.130530474802308
-0.0641161345330638 -0.0288998000763524 0.155863702677918 0.175548594892846
-0.0313720980659225 -0.0748468389612901 0.0348888477111501 0.156724591257672
0.0543722203188108 -0.080482651902468 0.0192989705431216 0.0641145907332785
0.0858302588249275 0.00227506739690694 0.0829414574001496 0.0569931613410243
0.0235647137373884 0.0521016710511439 0.169553329628426 0.233209635507534
-0.0249504702031696 0.049835369131285 0.0792795724926703 0.485047611400201
0.0485344718587816 0.246146939364869 0.116541104866943 0.193377046407628
0.150725903249608 0.160525491278889 0.108293408564315 0.0430918015666148
0.220267881401015 -0.000909961541952278 -0.0598089713320627 -0.0185265049811505
0.144593433233209 -0.159112220596042 -0.098535153177746 0.0673306431612867
-0.036958041984302 -0.169984191380705 -0.015525368976401 0.190982995743591
-0.110385202378843 -0.0957173750323161 0.107761702241136 0.20485972001777
-0.173264052081313 -0.0531513307330592 0.204575608796089 0.151054839277895
-0.181406618055998 -0.0326190116207436 0.217292457849622 0.0875262235728291
-0.184491116004235 -0.0456904740324424 0.207727026546758 0.114121160789223
-0.124863385923376 -0.11839500253809 0.11631541137516 0.145396120952203
-0.0418964867679038 -0.185850845522707 0.0162378920899324 0.120859462880244
0.147695967428998 -0.191290741163749 0.0224204159002537 0.0234509977220983
0.239459056989859 -0.0214901204187715 0.100289607191949 0.0320305678577386
0.150582480512459 0.152141401733006 0.198465377741069 0.213842036451417
0.046049483662708 0.227039296460632 0.118220176543451 0.442596645802648
0.111857440579914 0.370226780860374 0.0993059723963893 0.0881902020152294
0.244784857171316 0.246570895520092 0.0767362092531216 -0.00215245771637465
0.342082414040832 0.00932821448623882 -0.0710220969656511 -0.0261494868487243
0.242407713615749 -0.228909364683329 -0.107053160381398 0.0421710454590811
-0.0223865673371378 -0.267231034067981 -0.0291103487949938 0.158952969379324
-0.144396830008476 -0.173309468771024 0.0611306939837865 0.163075958036107
-0.239439550237946 -0.116946790886844 0.134364339897473 0.127512111645322
-0.258152570265562 -0.0758122288447217 0.13840526959331 0.0701399555614601
-0.262606614811914 -0.0905620311636631 0.133844225035179 0.0823975743850398
-0.172521736861456 -0.185814521116724 0.0570318914884358 0.0958671535234004
-0.0579627804603946 -0.270690326490845 -0.00905255203280636 0.0659175640066928
0.20941592910934 -0.288742616315903 0.0197734713831757 -0.024185887899086
0.3594109588627 -0.0607215776943589 0.107360402032788 -0.00048079785422939
0.26379686331657 0.216257404903541 0.200169683859823 0.169857910425506
0.117876942843441 0.364570409232136 0.133839423430104 0.345807287046708
0.167906248676727 0.445934372864518 0.0730937371439994 -0.0503516376205341
0.321373299616689 0.299427290126989 0.0256260613584898 -0.0692122989125249
0.432011624224088 0.00702486384285431 -0.0870670065336468 -0.0327796119327708
0.308671457964188 -0.28240985096553 -0.105366746592435 0.0158581232199668
-0.00953243470757748 -0.333456823082752 -0.0356084159837491 0.104276467008483
-0.161112423912229 -0.227936520167847 0.00804115568345106 0.0925052881728403
-0.272289254027069 -0.164113053957496 0.0445696481614862 0.0818283573245005
-0.297009171541083 -0.106717126186952 0.0400541914887688 0.0418611213586384
-0.300378503913244 -0.119481339785875 0.039277244167779 0.0415656059018649
-0.195841906172899 -0.222202542966899 -0.0156100974721645 0.0356321628091041
-0.0680054137900809 -0.313058473320962 -0.0395930918680316 7.57801414639578E-05
0.234629811711222 -0.344220969598153 0.0116121704403828 -0.073156063641246
0.421464888984085 -0.0952522887421019 0.101006578060202 -0.0332459366340567
0.336216237162287 0.239511363359385 0.168142197366714 0.110697882927825
0.174374459503993 0.441571576808914 0.12101582648706 0.211254973468622
0.202267753368192 0.455516525096121 0.0368581912303698 -0.203497113168456
0.357167483729633 0.30080208495043 -0.0388749317048745 -0.146840176307128
0.457606801533257 -0.00319245960516934 -0.100482017773199 -0.0417362343483614
0.321162401768538 -0.297551360168095 -0.0913084134253897 -0.0152019084044771
-0.000999830823237783 -0.346429412101155 -0.0397281343484573 0.0281595253117002
-0.154571010150794 -0.244800443068802 -0.0494847917244022 0.0041407060945806
-0.26513988503495 -0.18656515892891 -0.0528268258382912 0.0216575713555088
-0.290404419378997 -0.121994878785582 -0.0643509764316973 0.00757093453663544
-0.290882803227001 -0.131136905285898 -0.0614237856072305 -0.00134832834915771
-0.183938787115683 -0.226541455484363 -0.0896515185883408 -0.0273189434266358
-0.0596299890959351 -0.302916403548052 -0.0689278899016415 -0.0670244183393395
0.227338842447685 -0.332182033755867 0.00304086560760024 -0.11399368992723
0.409689603117761 -0.100326554165913 0.0855799890321119 -0.055270552694713
0.339664011869516 0.228292944415149 0.109643793726956 0.0537346789776993
0.193393263769485 0.444734573028098 0.0816324553938166 0.0651207304592888
0.211714819795323 0.392205695664243 -0.00651795357312268 -0.344697916359856
0.330600538425893 0.246133282393386 -0.104424041081925 -0.217100681827763
0.3975188786307 -0.0120313941239074 -0.104892301606708 -0.050518462120048
0.272169247491004 -0.253537399798207 -0.067839949456615 -0.0471875861295313
0.00649689647543789 -0.293727467073826 -0.0408458139841241 -0.0527451521018604
-0.123500052563727 -0.216778891542191 -0.101809215917094 -0.0852904973637631
-0.217034033202642 -0.176628084889815 -0.143257666243558 -0.0413947032920768
-0.240057412212377 -0.119592641939037 -0.158799724789997 -0.0274685148337747
-0.236349463820696 -0.12848123966595 -0.151764750164158 -0.0429956497293527
-0.138889700032474 -0.200474167090679 -0.146500579539292 -0.0845408707384869
-0.0296885990926521 -0.2461162357515 -0.0832905344078879 -0.125607485481915
0.195672867495054 -0.254034306406883 0.00579477378864709 -0.136531135274004
0.331593657233125 -0.0693885288561191 0.0710959281840233 -0.0609088174886069
0.275878354523655 0.191299646764156 0.0438632218940115 0.00863295804650504
0.175337174956876 0.380258100719204 0.0300076395189802 -0.0695049536879115
0.187516588278386 0.264820793021732 -0.0488594088375695 -0.447808203532117
0.24228799761323 0.14838385292971 -0.158604496418525 -0.26402701908125
0.259427370740193 -0.0169721845283359 -0.0996264761805952 -0.0544465004098019
0.172150246893388 -0.159747382913465 -0.0411730314417413 -0.0678096599521972
0.0125994346129121 -0.18492422911392 -0.0382998873375387 -0.119505254701148
-0.0713292613484136 -0.151322575279161 -0.138204081551309 -0.157427202735672
-0.134600949959524 -0.138478821995376 -0.21365480535962 -0.0963424396696928
-0.152485104764731 -0.0997971162440604 -0.229033101836994 -0.0581299148501767
-0.145588238898469 -0.109244734681743 -0.21596360934278 -0.0803951091957399
-0.0715463983749975 -0.149652448193177 -0.175614166584054 -0.132587250120553
0.00760644157348014 -0.15710717688687 -0.0752394757329103 -0.166577755893134
0.141497670369171 -0.139010352856502 0.0203581091906701 -0.137240339011739
0.208093832521118 -0.0230433610673599 0.0628634519159162 -0.0516270389591292
0.170109752420793 0.131811545466218 -0.0131705073150721 -0.0211010413812168
0.128813273160668 0.26288020191328 -0.0193766401843553 -0.174484437376048
0.130064659410906 0.0954576601139835 -0.0864232615716516 -0.493986239453005
0.115715760816581 0.0261421343107392 -0.197690022781961 -0.279883280318456
0.0839641812711456 -0.0215807595569477 -0.0951469081701266 -0.049165044583763
0.0469498784049984 -0.0442704445236657 -0.0187610731840047 -0.0689745200852568
0.0176630079939768 -0.0505993206249362 -0.0339985023543846 -0.156768587045914
-0.00601141338417839 -0.0622119055569232 -0.15339777165899 -0.197069844498561
-0.0289013688500638 -0.0787676037002878 -0.251014892629034 -0.133616580328395
-0.0410104820313265 -0.06478689371257 -0.265744234751667 -0.080467576436986
-0.0359724112576411 -0.0731717077505534 -0.247070525525741 -0.108623726816231
-4.83391291744364E-05 -0.0772948734298273 -0.172832315749225 -0.164858664166182
0.0354619172173925 -0.0533653409598464 -0.047423000612672 -0.186506512750472
0.0653174250146993 -0.0231819071863642 0.0419118246143433 -0.119665742092074
0.0669496029303948 0.010375465238854 0.0577680905723702 -0.0345767290033712
0.0573364845981823 0.0517053076473247 -0.0531456040816333 -0.0407344657971309
0.071246402700678 0.11115080025032 -0.0586492705169523 -0.239807576260749
-0.0240276657650808 0.09505509218656 0.126729769897533 0.261410299606556
0.0461890904656164 0.0636944460815674 0.124327663552367 0.0690357306827032
0.0849653172280546 -0.0107954053639859 -0.0519703066108063 -0.008294278384783
0.0407916393203916 -0.0794362884580378 -0.0816460510559601 0.0913784419328432
-0.0440732284502511 -0.0604770339066338 0.00743519867718492 0.202864499165381
-0.0602197934394872 -0.0117401852051956 0.147376332593754 0.217927156596168
-0.0795357881825518 0.0156030134418639 0.248745734560652 0.149770973708808
-0.0772271640135585 0.0160059464878135 0.264881276620465 0.0933272046936662
-0.0789869647646188 0.00981243901032753 0.250917687101686 0.130069978262001
-0.0643145484003886 -0.0289075734286231 0.158296827672896 0.176195798558689
-0.0315994145627573 -0.0746933924881227 0.0359199766517602 0.159003594737196
0.0551451022152634 -0.0811735858900849 0.0187113733015164 0.0655811858343756
0.0852563768807825 0.00238299730738289 0.0836871194365061 0.0602999323250262
0.0221899532871515 0.0537086187524565 0.170405915864923 0.237994699024014
-0.0262995904951277 0.0493608025017203 0.0762631541515337 0.492791740724514
0.0465143539551552 0.248328398037499 0.115368484750872 0.198218292887857
0.14998562935255 0.16230162287584 0.109393150846577 0.0455426218063827
0.222164665577643 4.13957186501596E-05 -0.0596279288359789 -0.0192477924989684
0.148313789486859 -0.161092806349129 -0.100392697780681 0.0668412148889078
-0.0362231198379653 -0.171833500894502 -0.0142924721211787 0.1921032542841
-0.111559240781226 -0.0983289698298771 0.111155624192983 0.20696834121729
-0.175267412246508 -0.0528476134950445 0.207593965862627 0.150054119402944
-0.184706315741719 -0.0315706350985415 0.218687727885448 0.0890971155934051
-0.185859446257269 -0.0460833145047913 0.209285449041583 0.113401335995013
-0.126740886785317 -0.120281680989871 0.118097766971171 0.146221938797012
-0.0422423515182899 -0.188220492606268 0.0167767009435384 0.122660087282949
0.150323647334988 -0.194550041330634 0.0214248706606387 0.0237207759060325
0.241799830067427 -0.020602514200318 0.101215570229302 0.0347838929526538
0.15055838922613 0.155656603069579 0.199370695367835 0.218567328711286
0.0453546368881369 0.229536816560157 0.115937460598325 0.448767608147386
0.110178350210955 0.373611827431541 0.0979084638414442 0.0919643301819655
0.245336864142302 0.249986395876502 0.0771040417694601 0.00026680359506131
0.345275450943123 0.011143868559737 -0.0709629284844818 -0.0272676145061691
0.247969129888368 -0.232439132068157 -0.110143124318366 0.0416341210985047
-0.0214106322844207 -0.270127975053127 -0.0279332295264236 0.159678677614284
-0.145916189664665 -0.177458643303643 0.063378897760474 0.165064619435528
-0.243485528284551 -0.117171717594968 0.13641441431096 0.126573448563
-0.26338696368479 -0.0750722423487603 0.138726519313525 0.0716228927443604
-0.264277428346525 -0.0906723263004879 0.134491862629784 0.081134446290091
-0.17503090517632 -0.189592365441878 0.0574660466827798 0.0969547187967762
-0.0577064297526597 -0.274409205072005 -0.00812357782303924 0.0666820221399141
0.213266619773743 -0.293684587850918 0.0193986839327888 -0.0249536342701407
0.364218798014267 -0.0598737178412338 0.108060828581039 0.00173793267520199
0.266048857544874 0.220721087994891 0.20123869301318 0.174903222064184
0.117196709579631 0.369225316890569 0.132723832241318 0.350082740741316
0.164050769619558 0.451198608668823 0.0726289458694821 -0.0478910118991831
0.323175949775341 0.304421434302068 0.0257521128268165 -0.0679235271450027
0.43812306373529 0.0103378905883754 -0.0876439944350635 -0.0355122707445716
0.31533117921791 -0.288041269596428 -0.10893921690725 0.0156508928587789
-0.00839534288707333 -0.337674759644202 -0.0344519885397665 0.103332347451376
-0.162639509555144 -0.232888172128361 0.00811457576794143 0.0942060445653123
-0.277949441499476 -0.165285123387863 0.0456257954244711 0.0799047165271825
-0.303027691952552 -0.106941674380789 0.0388881534777186 0.0424732225159287
-0.303232467819209 -0.119570112550873 0.0387620444753682 0.0401313694509893
-0.199039601513501 -0.226574489429577 -0.016310049481932 0.0366322654636224
-0.067363389430624 -0.317304232592445 -0.0394919637893053 -0.000593954194277847
0.238908345091436 -0.351253003244366 0.0112631988946631 -0.0752171681438253
0.427505116024368 -0.0951458468289967 0.101383145061389 -0.0318783727019648
0.339185348694858 0.244115906322326 0.169325214774687 0.113894950783982
0.172856403476168 0.446736645642017 0.120326058909269 0.213625981372833
0.201084195180493 0.460826844736725 0.0368341678803076 -0.203059281498162
0.359559483070188 0.306993478067702 -0.0395596061124094 -0.147892668168468
0.465235153006698 0.000786970667962967 -0.102068075690483 -0.0448648993384521
0.329666702306274 -0.303259527554945 -0.0949197669630062 -0.0159429979556412
0.00135676946963117 -0.350929693025368 -0.0385698838323231 0.0272044914466766
-0.156096683954781 -0.249460731077781 -0.0510901027712035 0.00490906717807925
-0.271133479519043 -0.187023227339497 -0.0530314038981884 0.0194585119660934
-0.296448817638479 -0.122110221130109 -0.0661109656135003 0.00791989799036976
-0.293682510516238 -0.131114269400953 -0.0625396331490843 -0.00299583750176135
-0.187806337854919 -0.229967499869467 -0.0912415386765429 -0.0260543591802559
-0.0592228959400258 -0.307818925386569 -0.0687111200943936 -0.0687867516888421
0.230197193089367 -0.339245941836919 0.00356168871564075 -0.116061091911755
0.416115711293037 -0.100149973169151 0.0858222278505402 -0.0556766227930583
0.342874579716091 0.232086922624775 0.111024370013333 0.0556767434825638
0.193620117614838 0.450570948666012 0.0812948420056401 0.0643361227321118
0.210759731828792 0.397213552552676 -0.00427462420024093 -0.346353858329709
0.333897459745747 0.253078033007347 -0.105515529740211 -0.21984647635384
0.403552207906681 -0.008931375331599 -0.105844395564282 -0.053119710690978
0.279213948099645 -0.259242132161651 -0.070566463284565 -0.047205862737132
0.00770442835873976 -0.29723870211473 -0.0402206375274126 -0.0545759462941516
-0.124837150742478 -0.219976421845598 -0.10445310062412 -0.0853983995532157
-0.222807041812669 -0.177587334519421 -0.145099933330551 -0.0436957410080097
-0.244925600684141 -0.11957992781572 -0.160993259070757 -0.0284619013852979
-0.238488698613678 -0.12905763136455 -0.153051970517728 -0.044173852142386
-0.141399255761524 -0.204164724029591 -0.149162694743994 -0.0841207716825193
-0.0290628356551735 -0.249628325638116 -0.0835001643365844 -0.127531253784009
0.198025617151597 -0.258580141852431 0.00650502723444422 -0.138861362961166
0.335110452808324 -0.0691500852539673 0.0713862575029958 -0.0619045459922883
0.278261257668911 0.194939576995377 0.044219752683234 0.00968125533941845
0.176612878735194 0.385179412161024 0.0300778387096183 -0.0725180663228894
0.186413049393782 0.270509004671316 -0.0457531036001455 -0.452427210152117
0.245630378280377 0.153333186371751 -0.159016636249087 -0.269491946913937
0.264531999036407 -0.0149940698477971 -0.101189020056399 -0.0573159672999371
0.176406584347132 -0.164166832868503 -0.0426352165208787 -0.0679058273396699
0.0140165194857422 -0.187214654821045 -0.0384791559914985 -0.121395127807418
-0.0712678852143744 -0.153077451007556 -0.142507402338367 -0.157923075521548
-0.138331260817424 -0.139854653826705 -0.216029589722276 -0.0984007139242283
-0.156180280736548 -0.100517925773703 -0.231773701172204 -0.0592961530935664
-0.147522560202463 -0.10939652785576 -0.217999997667303 -0.0807306596858802
-0.0732848442324792 -0.15127303857247 -0.17747894000787 -0.131915328974961
0.00846458592508525 -0.159407475985819 -0.074802329483976 -0.168785603260668
0.142339955178472 -0.142454139260288 0.0211105309323238 -0.138654393850151
0.21051644909243 -0.023500964872687 0.0624912602409361 -0.0524918193900457
0.171813081132272 0.133470586755489 -0.0131383336547653 -0.021729126298564
0.130527358784824 0.266444197885319 -0.0189839597477589 -0.178802960476374
0.130655514302428 0.0980247703270342 -0.0828301895155756 -0.500826024958975
0.118205523563367 0.0293939752373389 -0.198440298789177 -0.285359712172951
0.0873080966406988 -0.0207264612509339 -0.0963556157538128 -0.0513274089062399
0.0490129480458125 -0.0466675190215103 -0.0197050924145597 -0.0688141427436691
0.0180019115700663 -0.0509861044079811 -0.0342121137566783 -0.158304552259111
-0.0056109982842914 -0.0621921390699917 -0.15818792017414 -0.198772252376995
-0.0305521168947973 -0.0791385021623179 -0.253907958181151 -0.134725419349981
-0.0428560378423369 -0.0654084927403394 -0.267541866691985 -0.0821198388919339
-0.0372767014215368 -0.0731931754246224 -0.248357887711676 -0.10892993678462
-0.00083626005999019 -0.0786744942677546 -0.174753327053917 -0.165403676524421
0.0359032173929418 -0.0545149595473636 -0.0469007876180838 -0.188688344313471
0.0657667828045815 -0.0251185785691042 0.0423208277332711 -0.121053203858422
0.0686495496641274 0.0101368210780085 0.0577175241642524 -0.0351806472328448
0.058981768472168 0.0521757102092419 -0.0538615728833393 -0.041652298591372
0.0730546351576626 0.113139502244885 -0.0582853311448316 -0.244786163018894
-0.024669061962105 0.0976678709626186 0.130817376178319 0.272115230188256
0.046250829957941 0.0656423915485743 0.130328751792947 0.0722671635032186
0.0875182934695009 -0.0114582246241728 -0.0536745833586603 -0.00900784451729017
0.0429537910976116 -0.0826722857321399 -0.084483763592884 0.0939957862951271
-0.0457181394637986 -0.062574061996915 0.00929561367611269 0.208944320650994
-0.0629231789366267 -0.0129279353376604 0.157294397347416 0.223705204775535
-0.0814320574370253 0.0174339889829494 0.259141104889906 0.151105510626968
-0.080337387555652 0.0180501013840821 0.274846709406869 0.0956962336207895
-0.0813559178806895 0.0110017369808671 0.261741908425544 0.131860203228934
-0.0664427576435711 -0.0294842520465728 0.166474484810495 0.179894876667191
-0.0336124890097431 -0.0770366939586826 0.0381724261326362 0.165645827273024
0.0565582323753529 -0.0838922186276689 0.0191183899009952 0.0684073612386693
0.0877668571064312 0.00213943233654322 0.0871211166621407 0.0642764186672232
0.0218893049333425 0.0563863252580181 0.177552876974005 0.247287831743227
-0.0273262146046419 0.0509954247603826 0.0794081835321038 0.51364387019762
0.048068615976003 0.256281595622433 0.118829794304019 0.208397438985262
0.15442444361862 0.167092566352643 0.113821520791951 0.0487007521295433
0.229775029055358 -0.000131535371005265 -0.0616361799121003 -0.0203579619790068
0.154517533372073 -0.169189358481938 -0.105323376192525 0.0690186215582182
-0.0382605249721748 -0.178061125051641 -0.0125730858311709 0.197351900660962
-0.116577988749042 -0.103352568369988 0.119037779351968 0.212703876157045
-0.182006890896578 -0.0525507955582788 0.216411371244732 0.15143769073013
-0.193362284370016 -0.0299976639460657 0.226082040876261 0.0914611125748071
-0.192509142265533 -0.0467320355459644 0.217119052295576 0.114131139571481
-0.132284861525049 -0.124627092899761 0.124390582957322 0.150375291415823
-0.0450101438658393 -0.195511524086703 0.0187859504259364 0.127683869737395
0.155653235674999 -0.203775805462599 0.0218807918605777 0.0245537621778324
0.251462497945725 -0.0229149152445233 0.105070100904407 0.0379682975526695
0.155714100186858 0.162544312895337 0.208235130753603 0.228109702781599
0.0473281383141634 0.238027137316353 0.120298957781466 0.468075814386569
0.112847418293433 0.386337832226298 0.0999620190707699 0.0991584590790543
0.253276009108631 0.258071601387289 0.0798901072113995 0.00169519681921038
0.359358931713315 0.0117467397587808 -0.0738987693301071 -0.0291094861556286
0.258004113795314 -0.245561833641364 -0.115983673910531 0.043795200164517
-0.0226250408254221 -0.280193979396549 -0.0268719830119621 0.163273306352397
-0.153455053317374 -0.185492724398543 0.0679476105166716 0.170762279845248
-0.255310416432975 -0.118454340020561 0.142893379809754 0.126867738656148
-0.27671002346634 -0.0739797389059906 0.143207991129654 0.0735756547046115
-0.27497187628261 -0.0925921200099749 0.139128070219182 0.081516541500497
-0.184072461911448 -0.196563066049361 0.0603278371428319 0.0998161887766032
-0.061540768971993 -0.285429056149444 -0.00772866684274291 0.068932204432335
0.221712897708069 -0.309199977667067 0.0186798159992505 -0.0266055716448992
0.378646215445664 -0.0634379541579421 0.112314346990066 0.00330583065559887
0.276203908167493 0.229768766881845 0.209836869739276 0.182389023512452
0.122664358384903 0.38415515818959 0.137991666642399 0.364016813125124
0.169440603270161 0.468430788756447 0.0739400610412615 -0.0464620798683723
0.335925457487116 0.315604287022288 0.0263703967337938 -0.0686307426713553
0.455896693294326 0.00974619704972906 -0.091662534148775 -0.0373836834749261
0.328809246697027 -0.304699793699875 -0.115391604310835 0.017303894268895
-0.00992215389427973 -0.350913984255121 -0.0340915931979453 0.105308227083888
-0.170381386233274 -0.24288126466761 0.00877173972036269 0.0981915511673306
-0.291809194571513 -0.167955835906722 0.0478732482825326 0.0797781876550307
-0.318310690389127 -0.106181037412182 0.0398429794122027 0.0446242029133486
-0.314613805199496 -0.121306832355755 0.039196640206542 0.0393828548523496
-0.209176773241173 -0.235480385169745 -0.0168600045818961 0.0381876980003648
-0.0708162199533708 -0.330518114609894 -0.0407265669724081 -0.00130334345861704
0.2459195163812 -0.368381971382738 0.0106654875444022 -0.0786625508150789
0.444990793246554 -0.101172728881561 0.104858972269054 -0.0316043863126413
0.352402558102915 0.253821014484688 0.177259831551531 0.119997667548758
0.181122369967272 0.464343859578168 0.124697556289154 0.221024288853472
0.206554767191467 0.479969594351886 0.0382280922406606 -0.20823524618233
0.374717342182845 0.319608615871691 -0.0421711218401973 -0.152117477477478
0.484630161772872 0.000294648698398387 -0.106386180228459 -0.0477147164785536
0.343203464535468 -0.321776414324719 -0.101479962441761 -0.0142825815638537
-6.8937407997681E-06 -0.364729440955265 -0.0386013692814423 0.0262235715371622
-0.164392715695415 -0.260120817095019 -0.0538458953676721 0.00656624263358628
-0.285308314052399 -0.190562636881375 -0.0555209732720469 0.0175338417922149
-0.312126586726636 -0.122067169301588 -0.069496154555123 0.00902646277015558
-0.305130957293647 -0.133758324649755 -0.0660911492414435 -0.00445093775983943
-0.197537703073724 -0.239201025075922 -0.0946435774396049 -0.0258730715222144
-0.0622059009541895 -0.320587463029387 -0.0716288659768626 -0.0720594820303728
0.238507504337118 -0.356386062088137 0.00238553659686286 -0.121660703067579
0.433604312859348 -0.105972029296476 0.0880535470869554 -0.0565188729337373
0.356630604458489 0.241257895027754 0.115531111859601 0.0587684314146755
0.203057712587771 0.469733956530618 0.0840091668764117 0.0652249242483191
0.217686588002817 0.415133110055081 -0.00374937407448464 -0.358786966269108
0.349670541158957 0.2645068989298 -0.111218115579558 -0.22858348349397
0.422089775921305 -0.00986765796668259 -0.110752479868604 -0.0562606325637923
0.291059200378181 -0.274834775873292 -0.0759935811062101 -0.0469640330099724
0.00716227813845262 -0.309722814059417 -0.0415288945355661 -0.0579128760887054
-0.131131354063356 -0.229681201135841 -0.110971120183253 -0.0865054745174484
-0.235538515243691 -0.182222379042686 -0.152067170543 -0.0465591530411208
-0.25799565525751 -0.120973896465384 -0.167835857471984 -0.0285136686015702
-0.248340867348763 -0.131310219758161 -0.160046864979275 -0.0459172932039271
-0.149816325209825 -0.212060472788306 -0.155221600482699 -0.0850234650641359
-0.0308344915850998 -0.260200935774048 -0.0868840744653043 -0.132814544201148
0.203732302876639 -0.272914877198732 0.00564390987837092 -0.144922899410206
0.348986104562106 -0.0740470943334016 0.0727113115983781 -0.0634121846631311
0.28897933977781 0.201613932572234 0.0461934547608065 0.0107439652205658
0.185137374407535 0.400310513972051 0.0307828037489727 -0.0775846187322204
0.192447034013854 0.282037858357647 -0.0464067303649292 -0.469880674458824
0.257197280670062 0.160775473476743 -0.167305739225188 -0.279623690925667
0.277731667498981 -0.0158788328254115 -0.10613390681746 -0.0601955647463251
0.183948356020015 -0.174396248368699 -0.0463510676634422 -0.0688228302381628
0.0134599121731083 -0.195413353768625 -0.0406804705485286 -0.126188540442282
-0.0760131807016587 -0.159408888517497 -0.151009176457146 -0.161283667695094
-0.14692641801741 -0.143372388293758 -0.225589070956195 -0.101592113825993
-0.16485910275749 -0.102054193001302 -0.240506573792761 -0.0603620053732247
-0.154234207818847 -0.111909436038059 -0.226590194484748 -0.0827509345288777
-0.0782702859087255 -0.157737819132797 -0.184746973990626 -0.13415051795777
0.00838751120366364 -0.166770039803663 -0.0782547300297941 -0.175294720345254
0.147087834647207 -0.150722520622719 0.0217054299963789 -0.144634012308206
0.219113190627369 -0.0258162655834106 0.0639327541290459 -0.0548732581719487
0.179253388617952 0.137908935870665 -0.0133041366619257 -0.0219188472574841
0.137676463848565 0.276399825172346 -0.0204972191626717 -0.188525216463792
0.135411315889342 0.103263792845539 -0.0842202740831675 -0.520461528690322
0.124923106945919 0.0316442232491178 -0.208092307433007 -0.297160735839963
0.0924485316561171 -0.0213913506373696 -0.101218131661514 -0.0540280101777192
0.0511159249078559 -0.0502770402899731 -0.0211520147262484 -0.0696930091780864
0.0188466646315778 -0.0535623994891978 -0.0372216391884238 -0.163761787019642
-0.00608324791905947 -0.0642641585794075 -0.167795865885935 -0.203974361359122
-0.0342815814895059 -0.0816769955001506 -0.26483679964667 -0.137612255462484
-0.0463564809072349 -0.0674062618832302 -0.278649737809973 -0.0839569654022424
-0.0397660453286076 -0.0750546902998649 -0.257461176815554 -0.111162848503414
-0.00309807004399484 -0.0822443671786757 -0.182723081382001 -0.168123931604707
0.0368541528712235 -0.0581035199843635 -0.0503118147757969 -0.195322808694126
0.0676571837666883 -0.0280097901716575 0.043449568009057 -0.125489506853164
0.0723614725680428 0.0091340655053448 0.0581874245819049 -0.0376300533682958
0.0626851504888647 0.0532925151802709 -0.0557663846086685 -0.0433021367604186
0.0775435439907572 0.117690863483941 -0.0613882045082035 -0.25681577761591
-0.00871162013098534 0.101120721008244 0.146105611250928 0.276807032231406
0.0559861109628056 0.0598334764936106 0.138074985331337 0.0687903363945777
0.0872384260070958 -0.0217148271003253 -0.0569543278761653 0.00284684868922374
0.0340889507765085 -0.0883838906295431 -0.075148018882069 0.108335630664426
-0.0499131869465313 -0.0567598453032126 0.0329062859518032 0.212216767005968
-0.0616417249219174 -0.00861265916707113 0.18541741599294 0.214205893110713
-0.0797878746630493 0.0285717169471601 0.287670365386954 0.126077712777366
-0.0798942181201503 0.0258580619912922 0.295220191418517 0.0726215876199768
-0.0823408610513951 0.0206175189920371 0.289995935698346 0.114868226318595
-0.0743598675224441 -0.0223384756255017 0.197172765715998 0.176906643753353
-0.0448289405314328 -0.075251151650671 0.0585848098588498 0.175488863199477
0.0478215608859954 -0.0942105183279437 0.0260420961296456 0.076307620042398
0.0895242935278136 -0.0047450415615045 0.0954486617051375 0.0638316807297867
0.0215950798557557 0.0604138972030862 0.212922485785791 0.248661147360736
-0.0330908354509944 0.056749480555044 0.121283565745681 0.542145326193266
0.0828300897892619 0.254390381199985 0.117359170785897 0.215620591869215
0.177969093688944 0.151659914671253 0.112094012092086 0.0524729365221032
0.235368626538155 -0.0284591016543862 -0.0684023640933315 0.00389951710126476
0.137732722048957 -0.194287064703093 -0.0937975849939209 0.0958445905082392
-0.0558096263211821 -0.176245953124725 0.0171814905638769 0.201853484078651
-0.126584585996267 -0.0963161393981073 0.148963831759746 0.203659636103077
-0.194800211290103 -0.0303960292112694 0.251978088658815 0.127129950017771
-0.201842316498841 -0.01237517761644 0.24323153059414 0.0715017767848712
-0.204366470958676 -0.0253417602797185 0.240857179430514 0.100060672521878
-0.153732306543339 -0.114985752159523 0.150759341107855 0.150158760058443
-0.0692279491856946 -0.197346074202059 0.0362260581611984 0.138067890220317
0.137777962827003 -0.231634999848627 0.0236194875753502 0.0349008498333739
0.259445727827387 -0.0473136951664768 0.105571883756906 0.0376033192682165
0.174579648797127 0.161221704279345 0.240499571855123 0.216037745817614
0.0648465573040369 0.253481001870974 0.164515870152431 0.476822636767912
0.1631747286606 0.380320407471149 0.0811023347952601 0.107059520082616
0.288850816951684 0.234260036942889 0.0667980962726797 0.0122481078318095
0.370639339050311 -0.0325948975628795 -0.0846363393867072 0.00702981538927287
0.233437409063119 -0.288017417317506 -0.103107536152126 0.0821602017243471
-0.0524964094976483 -0.283431129261922 0.00632354078229181 0.168678513133036
-0.173750777622105 -0.177593564761966 0.0965655056880253 0.164349226517559
-0.280904504454274 -0.0894745411018185 0.179930112401879 0.107848605628957
-0.292878586221196 -0.0496143878454908 0.154722405636253 0.05918118354022
-0.295283882553333 -0.0633386947569748 0.154874089050427 0.0724396165978212
-0.215026528574087 -0.184771823985338 0.0797336996914751 0.103421342380439
-0.0943781908878677 -0.289147504297082 0.0042844845123078 0.078421863474233
0.194753304061946 -0.348631677385652 0.016010426107159 -0.0161470736090807
0.390009270216595 -0.104305476663322 0.104548777932494 0.00335400818507289
0.3101137799878 0.222609717614897 0.234504317330952 0.158109872139941
0.159379338854305 0.404259928827799 0.177855208110886 0.353462298729613
0.227864182753216 0.456498311021582 0.0381786507588197 -0.0401056685618695
0.37936487405582 0.284991351591541 0.00101850563137516 -0.0525421781355745
0.472010923604194 -0.0461118492732074 -0.105015130443556 0.00861570882937493
0.299061097767159 -0.358800777438837 -0.101232646989549 0.0622654873767645
-0.0472535316587144 -0.358812941886072 -0.00170072560553195 0.10954959916351
-0.198878081422384 -0.235345713641516 0.0311206647329338 0.0944660934968706
-0.327087459639425 -0.136513263640826 0.0809028326305972 0.068268575043189
-0.340099452290231 -0.0788218336747807 0.043485753165937 0.0374385321394589
-0.339823662939152 -0.089714207652617 0.0439305866882939 0.0371326208258005
-0.245377235596172 -0.222731732184839 -0.00822806598631147 0.0450150063274819
-0.109105578929245 -0.336145825304307 -0.036848451379622 0.00671632477258915
0.214983411276974 -0.414328871587255 0.00277110166409337 -0.069983928825373
0.456341679868622 -0.150701657739157 0.0905971198181114 -0.0316791454833009
0.395855260060416 0.24020469525399 0.19105498849454 0.0896530879597033
0.230994831082295 0.484309414234255 0.153921011855711 0.194120104471993
0.264777655527623 0.46422684815636 -0.00980249752570405 -0.205475643130656
0.419467783544052 0.285287111598884 -0.0773588704104962 -0.13234058367383
0.501860704578035 -0.0602314835727438 -0.121032665919843 0.00174495631989448
0.31130924069923 -0.380073868451485 -0.0883073760111365 0.0305740741106316
-0.0403252663487133 -0.376384001676397 -0.0124702778574375 0.0287476112227846
-0.196460273470597 -0.25353700795801 -0.042268272989522 0.00561161349304894
-0.325228714241255 -0.16118624042153 -0.0318200282004912 0.0152971062002901
-0.335885040321916 -0.0959564815033866 -0.074303460725458 0.0106154725833478
-0.331952493692394 -0.10317911886356 -0.0716291203369725 0.000682132412224577
-0.233348175503584 -0.228646696786288 -0.0971122889254851 -0.0157894992927359
-0.0977459026619601 -0.32594334397732 -0.0764464910293616 -0.0674234742581612
0.208293470111288 -0.400938504111741 -0.00990570722019064 -0.115938520937146
0.443478292615206 -0.155858574859018 0.0706499362750164 -0.0570706212267661
0.399883446568939 0.225722892257792 0.119725476194095 0.02974626163542
0.257040525902504 0.4867667459536 0.099442370831421 0.0286007602582036
0.265324960387603 0.396673502577167 -0.0582621255894353 -0.359485239468203
0.385467894894904 0.233146909698702 -0.151859813998273 -0.208469162522177
0.435941319720467 -0.0610012002637897 -0.124392583596053 -0.0127122555771492
0.263923763790328 -0.325234505456241 -0.0663478615738729 -0.0107181245930741
-0.0279456457810249 -0.320590095918924 -0.0264196985110893 -0.0581305800160528
-0.160949393353303 -0.225003045198086 -0.111916928981907 -0.0846707572728575
-0.272975267223713 -0.158127798828273 -0.140913681097127 -0.0392715119266537
-0.280674261697428 -0.0990442576741682 -0.179483131864234 -0.0179229676541774
-0.272459647676303 -0.106103249420566 -0.174548967427389 -0.034104871924487
-0.178554911998234 -0.205137515329392 -0.168372815991176 -0.0737082697661327
-0.056873649111343 -0.267233570770502 -0.0999307668133942 -0.13163282172504
0.182489023859579 -0.308475703366886 -0.00883098671006161 -0.143911717708671
0.359000486223253 -0.113253102181524 0.0566007867135654 -0.0658022938758187
0.325458408830818 0.188073865339982 0.0425692921014357 -0.0124216857747814
0.234219050734438 0.413942776345147 0.0315949143025116 -0.116345745961367
0.223029515676677 0.264497031472868 -0.0984205158912004 -0.474941602477977
0.278294018734174 0.137386017171683 -0.207381386993849 -0.26400082359217
0.286469463433281 -0.0496790051592331 -0.117703565168363 -0.0300018340148394
0.166431099323889 -0.207416167355034 -0.0431663232375763 -0.0465504191874084
-0.00971264839912235 -0.20458170655487 -0.0401152472426395 -0.128604379252011
-0.096984491505084 -0.157035638272617 -0.164352873173613 -0.15698618789244
-0.176931963953893 -0.128878923779596 -0.229842489487914 -0.0858887947325643
-0.183363019003698 -0.0881611534960734 -0.258117295085504 -0.0442257575098821
-0.172558856490844 -0.0972896595925307 -0.248292126224789 -0.0669983556459476
-0.0986350095255479 -0.156523393095126 -0.206538548783543 -0.123754471553792
-0.00710314659332349 -0.173944239627576 -0.0971285623932775 -0.178421501016865
0.137100981862953 -0.174074595452344 0.00800698546392716 -0.150560672362326
0.227650865295148 -0.0500929046704445 0.0526567321452018 -0.0600585409467348
0.204308538767068 0.129599076849267 -0.0212128671826682 -0.0360482975361105
0.17559768889921 0.285530985556299 -0.0325027373946531 -0.223721017328523
0.142128035027798 0.0885365962607516 -0.126667714938506 -0.528986579864558
0.126530280054309 0.0207855676436569 -0.242703129152774 -0.288714786686456
0.0937967423728613 -0.0326682721665962 -0.10931690430055 -0.0393172620200045
0.0452414792202982 -0.0611550465826211 -0.0240165347359103 -0.063711496980282
0.0109368609964329 -0.0585380543222116 -0.0496686007202942 -0.166280958874073
-0.0163664433903421 -0.0655002080942967 -0.19092665754226 -0.196411870907427
-0.0508747984080238 -0.0801323100077868 -0.283232383093519 -0.115088387074268
-0.0570050312670231 -0.0642457186013087 -0.298650777980841 -0.0631030873924837
-0.0511728895639155 -0.072932979807492 -0.283751638752714 -0.0937701234787286
-0.0109918505505764 -0.0857211342728186 -0.20897866235678 -0.161406862395108
0.0345734637372963 -0.0648002057909895 -0.0709768073975697 -0.203697024388519
0.0678625369349404 -0.0367922083923597 0.034517742143066 -0.136450992769957
0.0774649294336125 0.00191658607345778 0.0544963362556949 -0.0447154416893396
0.0735981964384014 0.049393254443835 -0.064900665942971 -0.0466805801377135
0.0980391316364523 0.118852646315309 -0.0826238862830223 -0.282049072142954
-0.00370384278208855 0.104656347467317 0.1676175373526 0.282130955311283
0.0594130344316915 0.0585587026815786 0.148125045702609 0.0634353716027956
0.0882385198484457 -0.0275709442680588 -0.0594513167895486 0.00638756490585964
0.0306556973623727 -0.0944908605147579 -0.0724938757470711 0.116639055663655
-0.0546860349371569 -0.0556966625332833 0.047654573272633 0.216636378674422
-0.064784923458908 -0.00565437323554429 0.207888449731131 0.207908225753213
-0.0789863575590327 0.0347313141065658 0.305549223228778 0.110732696684574
-0.0805556122161622 0.0332060476791412 0.310331565583648 0.057293819262056
-0.0838072263577405 0.0265822534097826 0.308518362403426 0.0989585744352406
-0.0775864366578303 -0.0186737621018685 0.214949230782869 0.169159762384132
-0.0511626905621646 -0.0744786466509546 0.0716999338492756 0.179583627047564
0.0436169750852 -0.100425364822673 0.0314946027119228 0.0785176664284636
0.0920232167922265 -0.00924065520394698 0.104023456525161 0.0616899440876568
0.0256734940902463 0.0620015395382951 0.234876100334273 0.246630437660051
-0.0312812667604679 0.0604954575212918 0.157066339134433 0.55773285620412
0.100519635006987 0.258805909923983 0.133229208846337 0.221394869318018
0.190952750712648 0.146810321379157 0.120371991281893 0.0487631618354254
0.242957455160224 -0.0433517907067992 -0.0718997039797787 0.00788781995823099
0.130822349804579 -0.212092819881109 -0.0926971967274852 0.105098998815985
-0.0677191133321635 -0.179721782215802 0.0299804596829458 0.205938377912223
-0.13853521349675 -0.0931363451895167 0.169071232145693 0.20141606711252
-0.203603483393774 -0.0181488725942354 0.267424748825484 0.113622521033292
-0.21083856144137 0.00277941033492055 0.256520637924703 0.0591299921983364
-0.214221112345754 -0.0131398954340552 0.255699209304222 0.0870309958017433
-0.166796002002901 -0.11033692062776 0.165623285355567 0.14517385596339
-0.0841073666626361 -0.201215466923867 0.046458739513527 0.141152253042507
0.1291302676918 -0.250119965407128 0.0260786021316967 0.0350226478482985
0.267079456564506 -0.064742959479257 0.11290874010071 0.0349507024195935
0.190625001230944 0.159103266287185 0.263687082500292 0.21085671436077
0.0825703592596372 0.259438744985161 0.198004723674552 0.486750148573852
0.190613129032027 0.385454735354267 0.0893185197277511 0.110352932387768
0.312286936228368 0.226499408088845 0.0706742678914566 0.0102851924903056
0.384012565580116 -0.0565487839805825 -0.0885773474816429 0.0124596178442323
0.224560388354169 -0.317986692430786 -0.103547895474449 0.0923523918392494
-0.0703671355546484 -0.291927690143767 0.0165687096772382 0.171961408415394
-0.193034137122304 -0.175328237700899 0.111527537083291 0.164110292307268
-0.297536125616246 -0.0732425513486965 0.191285307026098 0.0975967020205628
-0.308934905195255 -0.0295483819366745 0.163738312327563 0.0528102265959216
-0.311113723480891 -0.0472615904474383 0.162959731897114 0.0635846312490687
-0.235926340416306 -0.179532908700734 0.089017226014864 0.101902824557396
-0.116543687074936 -0.295913274340193 0.00923653352917556 0.0810499379201087
0.180315318990666 -0.378026565328521 0.0143318759309533 -0.0174410014693499
0.399463275333814 -0.132980717077899 0.109933305070027 -0.000247552138573832
0.334971487446411 0.214168196738946 0.254976417115648 0.151853052552867
0.190807426990303 0.411739469258435 0.204164019463311 0.357108209201936
0.26270024991099 0.462065597869348 0.0374738848332155 -0.0400041861468681
0.409840679854629 0.274601209526552 -0.0014798819056809 -0.0524100725882515
0.489639725736991 -0.0765396408494569 -0.110207887539676 0.0147686701808989
0.288793254439341 -0.397257262917872 -0.102968132634409 0.0726903605766718
-0.0702697425096182 -0.370324155063377 0.00483360620367261 0.111570278139983
-0.223384330053022 -0.23409447683362 0.0386721452648498 0.0973191050529785
-0.349760874332215 -0.119072648627527 0.0855931622764918 0.0627575906491191
-0.360658462442211 -0.0565949522623123 0.0469814511258683 0.0373056481802753
-0.359749420091924 -0.0710701188686657 0.0463350787641316 0.0349192424888264
-0.270124637291437 -0.216620170348038 -0.00545048701164967 0.0474213852939219
-0.133940543463339 -0.343970860409446 -0.0379702002236422 0.00817016866774487
0.197179291928988 -0.448801693412245 -0.00279184306900891 -0.0723582925738322
0.467141328738186 -0.184494322574673 0.0930576848254096 -0.0360585879211511
0.424804606638638 0.228503184457455 0.206155722405108 0.0830376251103838
0.271146497981971 0.492185090971069 0.170210756062815 0.191436875947328
0.300736060718488 0.469940695161968 -0.0211005004432955 -0.210437500966315
0.452317873977149 0.274720214942302 -0.0879867255865039 -0.130949564932455
0.520374421168403 -0.0928504573774568 -0.127242733112027 0.00893963962563626
0.302094410052704 -0.420420790070831 -0.0912168108778732 0.0391369409882949
-0.0639087522003577 -0.388990694847514 -0.0113643476540911 0.0285975455125721
-0.221077987104376 -0.253160591887057 -0.0443126580989568 0.0102937548593955
-0.349818039002484 -0.14414839146162 -0.0349398872039578 0.0154792434369909
-0.358027990921581 -0.0744483105543041 -0.0765052389655803 0.0165486615480893
-0.351164927816329 -0.0857194886843934 -0.0764121111201857 0.00561798469683093
-0.257919962087831 -0.223190532956506 -0.101573061742308 -0.00951760114105805
-0.12128713938679 -0.334774092050625 -0.0846622048560045 -0.0660175578608646
0.190697924942445 -0.432993665197978 -0.0191089623041341 -0.119797777825891
0.454575414739602 -0.190715796347219 0.0704688590168009 -0.0612172063866363
0.428801817432893 0.212883122572968 0.128018596983302 0.0242074581762806
0.299608019312531 0.492217291743808 0.103758615023694 0.0212270852086189
0.298583591059246 0.399472779807873 -0.079703843642261 -0.370323395498553
0.414754340910611 0.222013535160191 -0.169839854288717 -0.206312475632951
0.452489817114117 -0.0902483294396148 -0.131199813381657 -0.0058515113396009
0.254905585859665 -0.359237622939544 -0.0702573770428798 -0.00521926842566505
-0.0476803323330806 -0.33222474743214 -0.0314906011577444 -0.0597506908870566
-0.18234616319416 -0.225195486410188 -0.12255180604012 -0.0781544975303172
-0.29706659544124 -0.144654667327248 -0.150927268424919 -0.0338391216529412
-0.300885656201121 -0.0813944756879602 -0.187508364888537 -0.00708686031398387
-0.289783612789124 -0.0936992063085303 -0.184528327207246 -0.0239463905920328
-0.200507266322784 -0.20216842819528 -0.178964549195402 -0.0645631470275324
-0.0756750837786374 -0.275880158888685 -0.113137608178659 -0.131795659353923
0.169829026535322 -0.335181997562784 -0.0191765961762094 -0.149944969207106
0.366604849734709 -0.141296757891017 0.0553582635159997 -0.0697988358590993
0.350000434717047 0.177931032253448 0.0453266056566107 -0.0154862882227123
0.270483429534197 0.41633402049107 0.0242361568944414 -0.125782414862382
0.246647304252875 0.264102028424509 -0.127980132455281 -0.489478666698412
0.299531492522072 0.129174665496006 -0.231680480756389 -0.262271608858965
0.297978637882062 -0.0694120317169602 -0.124892994177805 -0.023723866438443
0.160864036629582 -0.229431763069584 -0.0469519443536384 -0.0441743038122746
-0.0218279858082829 -0.212457187735435 -0.0497038755887988 -0.13098326301187
-0.111462316756164 -0.158064123172142 -0.181596783730403 -0.149660757618726
-0.195044660998159 -0.120722474318685 -0.245457440925514 -0.0755793142001355
-0.198428563048116 -0.0779023486680782 -0.270577791571305 -0.0287424188636559
-0.186616872532153 -0.0900658475259019 -0.261978934417458 -0.0528766998480546
-0.113871782673363 -0.156632912257044 -0.220936244229125 -0.113967796079986
-0.0176120238932727 -0.182004690548404 -0.112240232656219 -0.180409062415068
0.130575153120716 -0.19188037555683 -0.00158729747098026 -0.156752634085685
0.234246987687002 -0.0675322317989704 0.0508149200236102 -0.0640221031616032
0.220453407606012 0.12348203319782 -0.0225955410400616 -0.0357422728660829
0.201039476156126 0.285893968260287 -0.0479893787485345 -0.233088320412694
0.153411889180177 0.0860239166563936 -0.16056487451299 -0.547296588474384
0.135218672704023 0.0160173104735052 -0.269146898778235 -0.285639502763658
0.0975625624719524 -0.0403980059220906 -0.116194702071836 -0.0351242516169476
0.043904215721659 -0.0676934668369237 -0.0276671559586102 -0.06391287436085
0.00825275183238866 -0.061931687409952 -0.0622093038835266 -0.169402622710631
-0.0211137329855283 -0.0672238175206121 -0.212334175164524 -0.18911688514727
-0.0596509443968675 -0.0783382420301009 -0.30101918996194 -0.101372471282211
-0.0652042873668228 -0.0624638302957354 -0.313653227854222 -0.0465706684033496
-0.0584287311182686 -0.0727229449991657 -0.299915561083166 -0.0781888259479233
-0.0186748420740293 -0.0884494313860499 -0.225582974086693 -0.152089413387981
0.0313679894920886 -0.0707997997534057 -0.0868986954083852 -0.207080374896978
0.0676831346511356 -0.0433331078114345 0.0269430185715827 -0.144206071846848
0.080925213734063 -0.00480708304890082 0.0532875715934679 -0.0490996070476526
0.080032262301082 0.0469576809251076 -0.0691478504186319 -0.0443099967344495
0.111601293961881 0.117829211715667 -0.103986479664809 -0.290697177832866
0.0030198340809378 0.105073284315736 0.187475914576326 0.27681908322316
0.0617888401618329 0.0554517359112288 0.154122567777401 0.0537494688061179
0.0866539077323649 -0.0338687623476925 -0.0612117365659941 0.0110241320499476
0.024651982403124 -0.0976954919175256 -0.0660567414680353 0.122125061936286
-0.0585468528679719 -0.0532061393843747 0.0618251646987929 0.213496108805564
-0.0659995434255871 -0.00212411552264135 0.22420062712498 0.192663320030625
-0.0764306595083223 0.0405933394469853 0.314302338885272 0.0887577026963354
-0.0777546498999326 0.0402409300807492 0.316050329085021 0.0358422171498002
-0.0823253718597774 0.0327547615710619 0.316729313230538 0.0760000077368813
-0.0784870287643807 -0.013148547005038 0.228647797547336 0.154445779045739
-0.056742337047997 -0.0719096969965609 0.0857844197816531 0.177378689259168
0.0369394753266834 -0.104014071078932 0.0369211189824842 0.0772611887442571
0.0919737737262036 -0.0149261333731721 0.110016224865262 0.0561450653291808
0.0300327521416304 0.0615644082815555 0.25368134115573 0.233530562437405
-0.0277406447595099 0.0625259513169362 0.195951757770594 0.555345310565231
0.11792441292924 0.2533759826405 0.148811158211586 0.218578896888383
0.200266968386502 0.135643290513806 0.124928541120354 0.0421299321140123
0.241943362734918 -0.0606774151335234 -0.073189282281762 0.0139645789374976
0.117335922224284 -0.225458982267792 -0.0878824402462183 0.113202311831258
-0.079551708165759 -0.177431909212915 0.04304709676542 0.203685567680009
-0.146865521598408 -0.0853293553650073 0.185165149543763 0.189766573020561
-0.205586488183259 -0.00331101308460426 0.274589916731335 0.0939804599204914
-0.212369343546659 0.0203399374610114 0.262287216814393 0.0419725267884969
-0.216930711326551 0.00221683693122612 0.262180996929268 0.0684018862375396
-0.176001442377718 -0.0995087622124018 0.176595914003251 0.133580837262864
-0.0991518305622776 -0.197471376887422 0.0572507694066918 0.140188432341615
0.111767129238011 -0.263363642581952 0.0276199004475172 0.0343600748568564
0.265562128946352 -0.0837916020813099 0.117618340061186 0.029258652825945
0.20281323834208 0.148739792572349 0.280437402331878 0.196135223509346
0.101606024684719 0.255633234632391 0.231939746173632 0.480140781405964
0.217284858418347 0.376673189707219 0.0973769108128732 0.109560037150018
0.327915500009888 0.207828703571527 0.0724901579037968 0.00771653778857861
0.383394227179472 -0.0839347436649054 -0.0895346183983154 0.0194510370723394
0.205015635596886 -0.338757092111715 -0.100041436385286 0.101185775474351
-0.0900074921127848 -0.290617311376524 0.0268013767386917 0.169943871199205
-0.208386209651307 -0.164278319925977 0.124654692703084 0.157592626471547
-0.30657087684227 -0.05124759402381 0.196076842747085 0.0836767966626685
-0.314431937877806 -0.00313498850554408 0.168983260536962 0.0420166423708233
-0.317354666213164 -0.0245715129128342 0.167786666203318 0.0516599380999419
-0.251328215943387 -0.164680402986544 0.096712381787807 0.0959612395770099
-0.139000102743051 -0.292384591373504 0.0146878301120219 0.0815960189583984
0.154330231655687 -0.396470836563952 0.0122338307773557 -0.0179943271915886
0.395598490099373 -0.161731795648913 0.112132447044678 -0.00581059483239354
0.353210852680987 0.196406261057043 0.268681184989744 0.137181728471387
0.221749931909671 0.401642565089527 0.228509581250113 0.347244316793328
0.293207717119896 0.450983398768082 0.0361209477095165 -0.0400031451253135
0.430757165215401 0.251430782308501 -0.00413570034704725 -0.0511145984362031
0.490342106678051 -0.112554411222389 -0.111304672101092 0.023168771605
0.263948934466737 -0.4254236177255 -0.10019699721158 0.0819422979599014
-0.0952736716199088 -0.370659719799038 0.0103372004365856 0.110449321611733
-0.243802265205751 -0.222351428710801 0.0461602260130709 0.096923060806431
-0.361941628245554 -0.0923609373044032 0.0867326200114345 0.0554160855176222
-0.36982282231909 -0.0271505491198366 0.0500759129105324 0.0353279535560497
-0.36871166374093 -0.0448742181672424 0.0474078132918169 0.0317806300848879
-0.2901479786429 -0.200067628860006 -0.00214026700593116 0.0482380084288211
-0.159447004855844 -0.340019348884357 -0.0386385487790507 0.0107285828581129
0.166418607524767 -0.469937265992396 -0.00984393264018771 -0.0730010418859545
0.460413102761536 -0.2199648055041 0.0930753985821019 -0.0405945831962412
0.445575656100686 0.204076229235842 0.215076887235078 0.0703935166288529
0.309058520722227 0.47711504569434 0.182753323436643 0.181158985927441
0.333797890384721 0.455523930654797 -0.0337590441785426 -0.209227290234232
0.474897147627032 0.248503474668007 -0.0966734752618555 -0.12469905247736
0.521826939038539 -0.12921153094289 -0.128669994999461 0.0183439750914602
0.274304394789823 -0.450046123450642 -0.0897597642316176 0.0478100031482231
-0.0904367453971711 -0.390261239789366 -0.0117077128278934 0.0277036813922483
-0.243194464888076 -0.242237520193416 -0.0431363387648362 0.0164780560458956
-0.364666470759399 -0.118274790193969 -0.0377748091072026 0.0164674953787448
-0.3686154592016 -0.0452143153678448 -0.0758878609590398 0.0228011420935895
-0.361212620386617 -0.0604865031837419 -0.0776541643809042 0.0109084632581255
-0.277613698239315 -0.20729729136446 -0.102915121889878 -0.0024210329367191
-0.145501788347286 -0.332041343625478 -0.0912124557819567 -0.0614899514748912
0.160447305622402 -0.454125153633904 -0.0288643067833827 -0.119678024393339
0.444433850529498 -0.224770168093955 0.0687139771371367 -0.0640102009833148
0.447636521705173 0.187188532164037 0.132897060086429 0.0158370988700579
0.338669173908661 0.475557639695508 0.104002508718038 0.0127738998608395
0.326088918548038 0.386561220776857 -0.10295212565311 -0.368768635173342
0.435726364993616 0.198822835070373 -0.184652566660479 -0.195994001356642
0.453847359153294 -0.123348491405376 -0.134035398973091 0.0030074043620247
0.2325611314741 -0.385017721832402 -0.0714155918004061 0.00121935827323873
-0.0697559595619792 -0.333350717465839 -0.0376794676253861 -0.0594790579825103
-0.201891864826511 -0.216196809874691 -0.129399102454174 -0.0668720078444232
-0.311322353324884 -0.121242753620929 -0.158035952787354 -0.0249944160985541
-0.312117199598582 -0.0576308826974299 -0.189803206280181 0.00644960229356753
-0.299917374414612 -0.0726409106609368 -0.188602565533041 -0.0110721656522573
-0.21790220821186 -0.190415739208135 -0.183756065800637 -0.0523807040722612
-0.0959936628270809 -0.275295182908791 -0.124340356235607 -0.125664442499439
0.145676806953434 -0.35377503306169 -0.0311148384821071 -0.149506625220957
0.361704732148826 -0.170138768561242 0.0518453043410501 -0.0722906310242677
0.365039972903507 0.156495334355871 0.0465807649537828 -0.018700777625328
0.304048848245995 0.401375984983747 0.0144661545594921 -0.131142099167048
0.266303326683775 0.252470542412791 -0.159318872854975 -0.48763584684841
0.312823613593778 0.112762361045534 -0.251601388405116 -0.248391114637168
0.298488319818011 -0.0922030521359845 -0.128637512203506 -0.0159015125558406
0.146940255751373 -0.245911791696289 -0.0497472464834006 -0.0401402253544521
-0.0357524721313331 -0.213775763812263 -0.059708913807179 -0.129379953520613
-0.124483765615071 -0.152529398967671 -0.193798061009124 -0.134994571282092
-0.206685627057304 -0.105027534010744 -0.254627374953369 -0.0590586007897195
-0.207886055808884 -0.0611452128100182 -0.274891098976851 -0.00981094741333237
-0.196074512687997 -0.0768148009181138 -0.267799492666461 -0.0340536304089502
-0.127569316837284 -0.149366386885544 -0.229042199614248 -0.0992084682338049
-0.0311877875163809 -0.18418018785063 -0.126532655323247 -0.174423562162345
0.117427458813407 -0.204990851034278 -0.012780128951778 -0.157866326599652
0.231349309724344 -0.0864831790269616 0.0478373849115067 -0.0667145798070375
0.231056627713705 0.109838297911846 -0.023661716755323 -0.0347870622741014
0.224830427183811 0.273226344250995 -0.0658988949210079 -0.234715602380943
0.161030867473248 0.0776781259131669 -0.196327892827111 -0.545081631609669
0.138958700184664 0.00827901305078308 -0.290912578001105 -0.270030510932388
0.0975797968823485 -0.0479503643544429 -0.119199063245738 -0.027515879632388
0.0395477132182328 -0.0721466790051022 -0.0313162082259786 -0.0617172602422502
0.00420674793763066 -0.0630520148890378 -0.0737179281301017 -0.166001123095928
-0.0256172230015514 -0.0664415228569479 -0.228181665543919 -0.173287317200396
-0.0673408505493817 -0.0731534741459718 -0.311291452783181 -0.081302559928899
-0.0718309076646505 -0.0564124909772794 -0.318974876497425 -0.0246840673893334
-0.0650805408621823 -0.0681565616251933 -0.305987989212107 -0.0566290009164378
-0.026729048442047 -0.087602153411938 -0.236034438266236 -0.137076149146283
0.0261495459299072 -0.0745608505007721 -0.102888433245326 -0.2033122419588
0.0641061639982755 -0.0497697157244368 0.0172649731496975 -0.146511110086863
0.0816163525928694 -0.0123155229532487 0.0499596327541424 -0.0523786317831451
0.0848346746339476 0.0420370236038306 -0.0719747605970002 -0.0399018264558597
0.121901845853046 0.110433169947812 -0.126005924951227 -0.28854482515109
0.00769986069471319 0.101857196135644 0.198428330378368 0.268386570228742
0.0619562218764773 0.0515344015622196 0.15424479646752 0.0459872847490062
0.0833392129408173 -0.0373481780008239 -0.0607208963967015 0.0156079059030004
0.0192096182461141 -0.0986948655719885 -0.0602123294456798 0.124324716338848
-0.0598547935206787 -0.0501664292678074 0.0707296744671016 0.206431479387997
-0.0658580863279525 0.000515491746183957 0.231014146510406 0.175858558027072
-0.0726548952060911 0.0431286430508087 0.313609032186204 0.0706070500619327
-0.0737625258177024 0.0442878718855638 0.313613643725627 0.0199219784150839
-0.0790112862618269 0.0364000437437468 0.314697955643556 0.0570166808445488
-0.0770371570233626 -0.00916391150323298 0.232700187848605 0.139682339895441
-0.059128954150727 -0.0675088369054848 0.0947584898130167 0.171489670507858
0.0308058570822175 -0.104260995428386 0.0403286321188272 0.075092374305377
0.0898064986116232 -0.0183507941762235 0.111795370958099 0.0509775239829088
0.0323513488131102 0.0598609055224434 0.261816790881348 0.219546562266862
-0.0246855935483817 0.062739115154142 0.219948156116747 0.54014650595161
0.127571195240775 0.244146436002721 0.157574412940055 0.213375738970267
0.202120552256531 0.124722964594183 0.125930094098466 0.0361990561064192
0.234965402411389 -0.0723290991355373 -0.0725063095300725 0.0188718892357459
0.10353632147913 -0.230465131767653 -0.082553648955233 0.116527862651445
-0.086593694865642 -0.172688960224226 0.0507693383278294 0.197698057417351
-0.15075277426458 -0.0776844133500322 0.192895982329968 0.17633445963018
-0.20306780914119 0.00799739607784198 0.273612544748874 0.0781864562103968
-0.208459783356274 0.0330701034847439 0.260667099500081 0.0290193796301694
-0.213625284252988 0.0135884063421246 0.260478136566925 0.0523519225072862
-0.178528880086074 -0.0897667815808227 0.181201139182286 0.122584324249929
-0.107538032450051 -0.190963323483701 0.063664575324031 0.1359909895845
0.0962621931433466 -0.26728314748681 0.0282319479544532 0.0334835763567464
0.259033803032385 -0.0956308932817112 0.119016486016343 0.0244462583940084
0.208520692846485 0.138904145329895 0.286923968619469 0.180682434084277
0.112959234407586 0.247541995177428 0.251897931144817 0.463989696532214
0.231652422301318 0.36190439468848 0.101638131768729 0.107688484232437
0.332331028695635 0.191427258305783 0.0731166692882152 0.0053605744290191
0.374978453402401 -0.103034757883013 -0.0887566302503164 0.0250991094651258
0.183284310972218 -0.34856627500399 -0.0945026401393418 0.106284222575354
-0.102394332139533 -0.283571880963626 0.0321383036614332 0.165788590595287
-0.216592867350327 -0.153150399254948 0.131909265862527 0.150147858607706
-0.304775181156176 -0.0341146052436624 0.193897886725918 0.0719249717115902
-0.311154929947481 0.0167463724381557 0.16858720091085 0.0333762678227938
-0.315162628257365 -0.00714442754787563 0.165871525364219 0.0420267038971499
-0.257651587500033 -0.150429538153361 0.0995196945632769 0.0894430075609004
-0.151849421450061 -0.282985412939048 0.0182337824510681 0.080363134683371
0.130993420284756 -0.402704539174392 0.00971842926577681 -0.017648806857585
0.38360890060099 -0.179770429179145 0.112609366729083 -0.00943772728697139
0.359171535629714 0.178072972298548 0.273368618986547 0.122515686363519
0.240107148688857 0.385585726043968 0.240817069669705 0.33318847258316
0.311413340205432 0.432145563911617 0.0342931697730526 -0.03798567832276
0.437055375398151 0.230125134075285 -0.00511200203414295 -0.0483859942525356
0.480610454636657 -0.135072622087395 -0.11032896939212 0.0293343503162185
0.238016653297684 -0.438355493184457 -0.0956242579067645 0.087723748077296
-0.111880616969869 -0.364045410882784 0.0128314260666774 0.107839436705911
-0.254635905772521 -0.208211049342688 0.0518665594343944 0.0949850249002158
-0.362598739154557 -0.0710401875164449 0.0842393345007777 0.0500894702294713
-0.367457703012698 -0.0023049784331467 0.0514035901720719 0.0329439630144087
-0.367431386604537 -0.0244449500277638 0.0470594307321526 0.0285859549378751
-0.297147680428668 -0.183127492502385 -4.30515805059537E-05 0.0476764892606776
-0.175060472833604 -0.329934257768336 -0.0385777025284805 0.0128725954446807
0.1379052791765 -0.475793141467052 -0.0145597081875645 -0.069927364158476
0.444330439979114 -0.242698814438902 0.0916191899612029 -0.0424508656587257
0.449265959818908 0.183274639371077 0.217934461762819 0.0587241483668913
0.330163754585672 0.455909258056144 0.187245537710851 0.170052556146063
0.350711187441322 0.436624353839093 -0.0421686969393316 -0.203746580978681
0.483334462548844 0.225866148336843 -0.0998768613030806 -0.117366592862345
0.512756110584199 -0.155788306482057 -0.128173437769634 0.0253201706725752
0.248094253586491 -0.462949759009065 -0.0873077908210578 0.0530167336199435
-0.108584106734703 -0.383554114242397 -0.0125994513597569 0.0282038091681529
-0.255048380939274 -0.227980262211865 -0.0403788688749774 0.0210664790616294
-0.367713788986382 -0.095105796895912 -0.0404683826657616 0.0186170197759398
-0.367457529570084 -0.0203872519588598 -0.0734856432491427 0.0268489272905446
-0.361763376067491 -0.0403992658290877 -0.077239577097556 0.0152383149312201
-0.286217456011469 -0.190774007615798 -0.101093567308912 0.00301076771394441
-0.161691895221583 -0.322643440163284 -0.0944405632146947 -0.055645883066702
0.133532550331432 -0.460669984717245 -0.036081044946889 -0.115869378647274
0.430057983072659 -0.246500238534865 0.065869567763465 -0.0651701916711075
0.452972129613535 0.165890863810274 0.134034545775126 0.00871875466849979
0.358209408292821 0.451390383810106 0.100672423829517 0.00654885283778363
0.339896207278713 0.369229811400424 -0.117464631374076 -0.359580242404347
0.44170055671816 0.178060819343114 -0.191090306340936 -0.184467440217231
0.445331488754075 -0.145716385959226 -0.133859259760855 0.00982204433475605
0.210127879915308 -0.397216331516333 -0.071167495768176 0.00650652672552303
-0.0852010258890406 -0.328125603460233 -0.0419576049698169 -0.0564453682695137
-0.211843585078989 -0.203856911062029 -0.129761720558093 -0.0565757950623064
-0.314792017247237 -0.101167006156026 -0.160410301780513 -0.0159745164189063
-0.312225681656791 -0.0357383895181178 -0.186237955661278 0.016586839590063
-0.301528007769767 -0.0552189857463819 -0.187003204755816 -0.000661071413963893
-0.226492885952551 -0.175468204374457 -0.183436755011988 -0.0419653993350568
-0.109235375571202 -0.269069088138983 -0.130662775415207 -0.117433960600675
0.124371000535715 -0.358909642173341 -0.0395497844439182 -0.145259230541267
0.348419932437458 -0.18834520984246 0.0488560065822205 -0.0724245963482747
0.368302695119684 0.137860444562558 0.0468840753206076 -0.0213844631023831
0.321768597381192 0.380261911166707 0.00590738169572383 -0.132152522022704
0.27535387525413 0.239373821200528 -0.178301969613335 -0.476494180864444
0.316782485765912 0.0991224100318147 -0.25935453506396 -0.234018196369498
0.293729189498911 -0.106349303321532 -0.128708363593625 -0.00982435862863093
0.132913840807211 -0.25374836919087 -0.0510052766627891 -0.0362391371064749
-0.045424700553568 -0.211036504298902 -0.0665072872314044 -0.1240348380981
-0.131977098291285 -0.145466961161001 -0.19842661189864 -0.12011669072191
-0.210706691473757 -0.0912208672245315 -0.257104675290627 -0.0453896591177628
-0.209910352652688 -0.046317731053362 -0.270817188527505 0.00384755789829878
-0.198611405837497 -0.0641986409260047 -0.264707735299722 -0.0195367322866482
-0.134914234164026 -0.140125538337392 -0.230046196400573 -0.0853659837767151
-0.0406447867760559 -0.181972728543148 -0.135331697888453 -0.165807226005859
0.103078784398966 -0.209780526083808 -0.0212716435301898 -0.154461192937761
0.223847273070443 -0.098947468578185 0.0446893814022748 -0.0666843892772009
0.23365134164006 0.0978044935434109 -0.0233681050341365 -0.0337800049905106
0.236294570157261 0.258445038369664 -0.0781768857975291 -0.230597146060648
0.162893914511041 0.0710525805939812 -0.218830713099556 -0.532279126888608
0.140701726482233 0.00301420122302052 -0.299823295031396 -0.25408143800587
0.0962146444756272 -0.0525827505801674 -0.119647320381639 -0.022609088346743
0.0353621788000754 -0.0746566134084007 -0.0331301849535244 -0.0588039432575071
0.00161282356281532 -0.062688786150686 -0.0810753247468583 -0.159798043050198
-0.0286770898687066 -0.0649343879061804 -0.233812448552826 -0.157004887764862
-0.0709204275109175 -0.0672188801749289 -0.311329156932376 -0.0633161432752636
-0.0755829473681167 -0.050044995446746 -0.315770249071787 -0.00836396894925803
-0.0691428252830519 -0.0637764105325362 -0.303224938357233 -0.0390550290220066
-0.0323205921187933 -0.0844219205765556 -0.238241837559969 -0.122186357156649
0.020850582202792 -0.076229552770796 -0.113118348600403 -0.19553782927739
0.0594695004686205 -0.0532945879620083 0.00946049409761651 -0.14575517627116
0.0789246181027372 -0.0183771150750883 0.0468504242489574 -0.0535046957399216
0.0870125539269955 0.0371453817532443 -0.0715467032785165 -0.0363001303703961
0.126838183910408 0.102217801308117 -0.139971260029777 -0.281249473989561
0.00970742463476674 0.0995647382014663 0.203856450798141 0.265232538587945
0.0600890933463324 0.0499295783450904 0.153793753604965 0.0426314616859222
0.0807349411657551 -0.0390977423401209 -0.0596392707177086 0.0187651644572018
0.0160307083912181 -0.0984607732038238 -0.0571048054998115 0.124515825749664
-0.0611569193435072 -0.0491839108877553 0.0736987189974382 0.202674270199256
-0.0658896569020476 0.00144959909577479 0.233480527623591 0.166372846577619
-0.0699252593192909 0.0438962459421207 0.311532165503039 0.061516455999028
-0.0711039013567041 0.0460809073697235 0.310685199139485 0.0121238115124021
-0.0765436740037613 0.0384780843658886 0.311764366936126 0.0469291544016609
-0.0757757828942738 -0.0079740584334649 0.23311786116653 0.131677427808145
-0.0602012063507081 -0.0649316259869807 0.09989894897011 0.167771238147831
0.0283037388711668 -0.103450375764594 0.0417142039596945 0.074075767274319
0.0887862303161381 -0.0194231861173348 0.112417647759885 0.0483699551822853
0.0329803650084559 0.0589028351577923 0.263281145175833 0.212163889579458
-0.0227248415138314 0.062387418324816 0.229348603027688 0.53248560253969
0.131752369361367 0.238016818827716 0.161716257844571 0.212213790848712
0.20034615167781 0.120014355709866 0.12671254640572 0.0345938102428692
0.229952614560537 -0.0783479324405393 -0.0716327531033172 0.0224079057217363
0.0955776491124114 -0.232063422846632 -0.0794083130311221 0.118502822260385
-0.0902653279564887 -0.169971026907976 0.0528156222893926 0.194277214219158
-0.152913296816322 -0.0734648514680264 0.196500132503211 0.169034551901893
-0.200527054496424 0.0140462898208665 0.27035679704287 0.0705882018424233
-0.20467096530751 0.0408314114627728 0.25875208173726 0.0226815243118397
-0.21177258557199 0.0197868618734238 0.257609538732043 0.044340829539379
-0.179350923686812 -0.085247811166703 0.181335560533726 0.116445006485155
-0.111868381699555 -0.18726764244364 0.0676420214524991 0.133951925787285
0.0875461732833829 -0.268298705947509 0.0282279781326173 0.0336054752377631
0.255210513175521 -0.101099053932195 0.119655601215541 0.0224672737624532
0.209805248227044 0.133646085408561 0.288722897780382 0.172688755988715
0.118769423564527 0.242059864259434 0.258776088940276 0.456526452049188
0.237442992580065 0.353342734045856 0.1049364822845 0.108154778719737
0.33283300611442 0.183370737412691 0.0738847750875874 0.00467728109865374
0.369182307511233 -0.112715003886468 -0.0879700724489318 0.0291817751020828
0.170345755274734 -0.353008911902556 -0.0918107034286185 0.109739033584519
-0.108755817957697 -0.281344546270239 0.0335473245097469 0.164127218172838
-0.220505692605574 -0.146533124051891 0.135806855322892 0.145358899256399
-0.302221198333324 -0.0233708575484803 0.190886345290262 0.0667682876409496
-0.308026629767891 0.0285708033085767 0.16773165988136 0.0299325705171612
-0.313078646579436 0.00280448828404917 0.163397122211976 0.0366676218808401
-0.259927819131887 -0.14280768738707 0.100075030827201 0.0861060718138928
-0.158748926813402 -0.278538478374239 0.0200270825943359 0.0801852848130487
0.117799052166841 -0.405311375615823 0.00819132340346978 -0.015939218693254
0.377372953851789 -0.188820780759345 0.11338906065894 -0.010828362392113
0.360760129159435 0.169638230310727 0.274974129882132 0.11589838716196
0.248309468626499 0.376768261695185 0.244513072780763 0.325938278156764
0.317472137634176 0.423697033480326 0.0341905487090716 -0.0352713749123966
0.439260570363959 0.219004463052707 -0.00459819940900828 -0.0466801188327907
0.473303688449323 -0.148926125714717 -0.109676761477083 0.0341105635714572
0.222770689994943 -0.444019847784623 -0.0938636616226389 0.0916406024886505
-0.120043853404775 -0.361138357306279 0.0128203907487539 0.108209229950922
-0.260652827205469 -0.200498284043423 0.0559486904284535 0.0940802269122907
-0.362411480314089 -0.0581192979121771 0.081245072635399 0.0485118537872298
-0.364334288942448 0.01197399012732 0.0515806596193612 0.0318276705101162
-0.365341496107229 -0.0129240666128402 0.0455342338103774 0.0274814375431059
-0.300380445562302 -0.174401837985379 0.000946417870359943 0.0476554963499633
-0.183380821182473 -0.32460072556468 -0.0383214345860214 0.0146302143140051
0.12193316354518 -0.478387648791936 -0.0176356672249185 -0.067848726284235
0.436412911582517 -0.252769166939838 0.0920736054799595 -0.0431727935063884
0.451418990426068 0.171479698344659 0.218911956113589 0.053135656387452
0.33953828387411 0.443393272546142 0.187715242234521 0.164265958173006
0.357700143437161 0.427489035300376 -0.0454712364649069 -0.199464578747602
0.485101805766341 0.214909950025934 -0.100528916308773 -0.113412577708349
0.506619161240091 -0.169533739108906 -0.128244667051144 0.0295434953902663
0.23265274581986 -0.470089387042863 -0.086329968492062 0.0572350542702442
-0.116322997442613 -0.380453882568829 -0.0145616230137791 0.0297779090871197
-0.26105451162969 -0.219490399511626 -0.037854382495849 0.0242166329586076
-0.367830473432907 -0.0817125082343262 -0.0431752945335758 0.0201814588945459
-0.365488443076407 -0.00534815401784311 -0.0718521631484816 0.0291603943487674
-0.360060303309773 -0.0292605610068198 -0.0769720215879869 0.017424804948209
-0.289529597435916 -0.181824545756066 -0.100609627149588 0.00613585940628173
-0.169584243139047 -0.318205146108063 -0.0961906593608306 -0.0525084730113864
0.117208477522341 -0.462931375408675 -0.0397472958395799 -0.11276606883374
0.420665422871993 -0.257016170429168 0.06667500260034 -0.064703198352687
0.453579761732302 0.154048731824743 0.134418094604796 0.00437609024112734
0.368502201593999 0.437993065361556 0.0982691879340873 0.00305931043958282
0.346940195228467 0.360132263153293 -0.124300673137821 -0.354450603534478
0.445707392486211 0.169478089775574 -0.192930977867152 -0.178185998739
0.441807376089004 -0.157406273124454 -0.134066689503753 0.0135238655164727
0.197830917056572 -0.403293969331961 -0.0710908880531014 0.0106553933571417
-0.0922167697966754 -0.326308009528082 -0.044436635024003 -0.0537485529135164
-0.217327054786148 -0.197190558930765 -0.128513101043985 -0.0498176874055016
-0.315981485836649 -0.0892608891187257 -0.162670965293354 -0.0104751398164795
-0.311686257003457 -0.0226289708039257 -0.18428036543438 0.0211400371508456
-0.302109673002919 -0.0448798803295569 -0.184573525750192 0.00435798313029793
-0.23032893737386 -0.167590174187865 -0.181939158151611 -0.0365242904986994
-0.116973053910423 -0.266097519718723 -0.133165244328849 -0.112092759854077
0.11088470871126 -0.361966639777131 -0.0440354487547759 -0.142159960263647
0.340604671189832 -0.196958035256887 0.0485822111302871 -0.0720520577981924
0.369793877199687 0.129659808349794 0.0479499111353312 -0.0233000964836725
0.328925579508524 0.367481046311006 0.000574773223810297 -0.133122619433515
0.278503796129976 0.23280979002 -0.187779425455443 -0.470716141028983
0.319732329579905 0.0924470023173497 -0.26190667563515 -0.22677848463348
0.291562566243606 -0.114398753512361 -0.128825237092501 -0.00668017942319109
0.124805750591101 -0.257932238927459 -0.0519443248587862 -0.0332740321733527
-0.0498272516844708 -0.209668596956409 -0.0694178185797048 -0.120577200123969
-0.135650661924131 -0.140685697421548 -0.198282534103255 -0.111362108543063
-0.212552235888578 -0.0818058481883141 -0.256863907673339 -0.0371323083822687
-0.209949634457531 -0.0370241064651134 -0.268233331242839 0.0108286022141883
-0.199843806947124 -0.0574980338526958 -0.261767774881436 -0.0114770565383114
-0.138713968374621 -0.135247961475164 -0.229042157140935 -0.0784113870362872
-0.0456805737103528 -0.180918318573588 -0.139343702953009 -0.160432250248382
0.0949884801637228 -0.212062241783191 -0.0259623185783422 -0.152641067070757
0.219058841335537 -0.105022518660965 0.0438125307415273 -0.0664043499530507
0.234291105704802 0.091456954409518 -0.0222826223701677 -0.0331243266988011
0.241855983181212 0.248096416701147 -0.0846888379850932 -0.229539109503514
0.163534653029594 0.067937657944906 -0.227696379932408 -0.526385829345089
0.142399495525299 0.000798322311214791 -0.302635332720109 -0.246430827062798
0.095820648507161 -0.0548378298259156 -0.119433885102221 -0.0200703032811657
0.0333007163054696 -0.076379193045686 -0.0339342085825253 -0.0574143095451696
0.00103150272441233 -0.0624855130750633 -0.0839588336452664 -0.155821045996867
-0.0299267190741388 -0.063846717023206 -0.235330095527525 -0.147172199852817
-0.0730365474921967 -0.0629586684046419 -0.311323856833534 -0.0544358403115614
-0.0771047905581704 -0.0460021044576304 -0.312488792412313 -0.000921252013796493
-0.0714903822686539 -0.0601965435854547 -0.299492187064042 -0.0308566350035806
-0.0353955603754355 -0.0823847931486788 -0.237814678536796 -0.115552937146474
0.0179838498044944 -0.0774815784668555 -0.117720130847773 -0.190169103140431
0.056348052122955 -0.0558616679910801 0.00556134927083578 -0.144714507600139
0.0775428837551159 -0.0219519703828532 0.0453531836303031 -0.0535102920636749
0.0877165550747914 0.0340913262794411 -0.0705714145407944 -0.0344822530975734
0.129094407167141 0.0971297338521862 -0.145842542520498 -0.278462952243174
0.0283159852899625 0.0931175768281397 0.26258955174355 0.23879644816987
0.0668809140391646 0.0352755585481385 0.166836615144493 0.017968531394782
0.0673600696291677 -0.0531514958466219 -0.0490405831455765 0.0360945952331587
-0.00569947187112219 -0.0961676918955803 -0.0250659016233399 0.136064301579545
-0.0663065713090489 -0.034847411551972 0.114168147407329 0.184053315081801
-0.0621383524636795 0.0115278999789293 0.264033443741313 0.116110976158722
-0.0550601523905059 0.0552865843670416 0.315806020619648 -0.00321413258066577
-0.0581424651716898 0.057235334602588 0.310830710111111 -0.0499677304566211
-0.0638805143955132 0.0514351258523268 0.324092412439255 -0.0177012226829975
-0.0733253340043618 0.00815532100484556 0.267227909687178 0.0833847836492805
-0.0689015039992008 -0.0485157998205329 0.140149072253877 0.147680730131159
0.00663114954182496 -0.104074892751021 0.0607381529813388 0.0679523609898024
0.0826357240469721 -0.0341265533061012 0.125391171358773 0.0296763930595363
0.0446205985726713 0.0568195631166107 0.311721798375841 0.15536397578887
-0.0108542014867269 0.0742475923704655 0.340718226994188 0.493769778186095
0.170856763303884 0.202696454362084 0.208298882340138 0.204846050250688
0.217113878677102 0.0741879836060891 0.138957990362971 0.0223746325389309
0.202150873215583 -0.122599638269507 -0.0501043998263762 0.050883819193097
0.0393797896849331 -0.242446156567135 -0.0355601552606029 0.136804711450311
-0.119838775301971 -0.146388031189375 0.0961196012401135 0.173244190090206
-0.162075379380211 -0.0434022107095442 0.229449371785894 0.12056365185056
-0.186866969290518 0.0562808809587297 0.276499311199921 0.003860406137265
-0.19003736677229 0.0789048577481156 0.26115927162422 -0.0300671922118255
-0.198734949359991 0.0602055390579995 0.270480624021321 -0.00873342865989481
-0.190344696977686 -0.0472484563370091 0.214672902607496 0.0776919743825633
-0.142998049529431 -0.156868531338876 0.101950134248065 0.120713061905828
0.0317465899478474 -0.277555814649338 0.0416077284165112 0.0334327699180756
0.227246826391856 -0.147179102286579 0.129924545918381 0.010443764508506
0.235830787075294 0.0938372747160607 0.318910214416391 0.112456992412256
0.167553746599668 0.222537305600951 0.341133763940948 0.407186219804877
0.294404379917366 0.293134670534365 0.127297933141456 0.119991861130899
0.358012799982523 0.10869991377058 0.080724945653926 0.0104015219961031
0.32921545842773 -0.185633410628468 -0.0569116445218443 0.0685618608764307
0.0839586784254335 -0.375581275343314 -0.0380178925700344 0.132757560324106
-0.161573639864741 -0.251212322823727 0.0751794224694164 0.141530727608336
-0.243217011977045 -0.100198334681237 0.165698823579179 0.103043111336377
-0.294058326148373 0.0436553208884803 0.196153566178194 0.00693383424820474
-0.293048869593636 0.0880322467434081 0.172488146906199 -0.00524531751002997
-0.301688382858711 0.0635030691191007 0.176071180915206 0.00407763211504951
-0.281305074277457 -0.0883631631226889 0.128565591563824 0.0646014985485466
-0.205059682327158 -0.237121186367773 0.043154925260527 0.0752695669361547
0.0339692498998614 -0.417444208787828 0.0128154176643477 -0.00994307325578436
0.327981166903804 -0.256971339472853 0.119608136439927 -0.0161586016299754
0.393292657085039 0.0977222874652146 0.28417367400511 0.0588157475104562
0.326799358539413 0.325846234683481 0.289388115000886 0.272662045195979
0.385627128850059 0.345993798008974 0.0249151421924932 -0.00804584274988093
0.468810409628943 0.122620328000277 -0.00856037030435365 -0.021513644167166
0.424199548327054 -0.242492856398791 -0.0706964403303703 0.0829580044073079
0.113596823340244 -0.474973102551381 -0.0350405073006 0.116621381962546
-0.189648850324024 -0.326133530214694 0.0459729412860384 0.0843690701792651
-0.29380502736981 -0.143949203077144 0.0772421170143414 0.0653651527585017
-0.359906795274665 0.0254374756298268 0.0843189602825499 0.00501916416448366
-0.351834494194116 0.0834591997410903 0.0571267593042635 0.019908387036041
-0.356974931396975 0.059563484410196 0.0562100704966369 0.0196136135263296
-0.328643032718961 -0.111651624424164 0.0203130148172263 0.0466397250469356
-0.238355355707889 -0.27833852022628 -0.0301936679423817 0.0218051651926703
0.0230679472400602 -0.491952014975098 -0.0235246888339003 -0.0555505314124553
0.372251152276726 -0.331796348154831 0.0936145716255762 -0.0412774452422997
0.483565107276562 0.0787530443588083 0.209249358914564 0.0105089361676909
0.431078163470135 0.372261960085469 0.190917274147151 0.119394895142257
0.424166770207657 0.340929278678092 -0.0901704942175009 -0.15956084627989
0.515204487114971 0.109638604684716 -0.119376530838086 -0.0691045896741679
0.451946981520475 -0.269239225183525 -0.0874262811104616 0.0828288925415754
0.116569437867225 -0.504546844454984 -0.0314620165414428 0.0803904179206525
-0.191961681115353 -0.347162700204526 0.00466791753027442 0.0104041384655414
-0.299547958500885 -0.161739495401825 -0.0296013391207645 0.0129636673355517
-0.371982317887968 0.00469255744417012 -0.0437866696704141 0.00018956716054195
-0.357032523282156 0.0675001643097396 -0.0663452218586319 0.0413907656464311
-0.355511237068821 0.043194319711091 -0.0694779932757588 0.0350663005831193
-0.320031082763584 -0.121460026915794 -0.0919157779592541 0.026348252553647
-0.224329553130797 -0.275952380360487 -0.103763302541728 -0.0330039837036597
0.0207206660327471 -0.476068756949066 -0.0563326204945503 -0.0969873712357029
0.356014792464743 -0.333261992569145 0.0626156432722102 -0.0585251980917166
0.481531693857075 0.0598539067640477 0.113127615844896 -0.0196491197602814
0.456984533904994 0.359031702570122 0.0656239406938995 -0.0262660733762471
0.400553019404774 0.278871514114136 -0.200972057913846 -0.307911318626587
0.466438979597667 0.0745963685826632 -0.226971041965948 -0.120928076904748
0.393027276617931 -0.245005657472519 -0.101696345118602 0.0640152607892854
0.0975599156113767 -0.432938518064 -0.0313696708706381 0.0287713012077108
-0.158075055411432 -0.29967155323403 -0.0437596791508871 -0.0640325601838217
-0.25323344211044 -0.147728729177602 -0.135136807647107 -0.0400822312416603
-0.324760568971989 -0.0128484582261764 -0.166571249896007 -0.00379844307037255
-0.307888546210665 0.0410063889401435 -0.179255802596086 0.0563583426324045
-0.303229927865938 0.0164330075620438 -0.1807996885521 0.0441903917993913
-0.260055953875636 -0.120263788060513 -0.185267115136491 0.00119980222198258
-0.164754393855712 -0.236578668466495 -0.156443365572061 -0.085515645279431
0.0349711332490012 -0.375914158337695 -0.06871238317097 -0.126872527902911
0.289162391535259 -0.259187086396158 0.0413227190997022 -0.0661788951299385
0.392783660140969 0.0507125227784612 0.023337161957798 -0.0295063685886058
0.40385790973497 0.29416714348672 -0.0573167555775166 -0.143529826805296
0.311327605760894 0.169779015183243 -0.288734436766569 -0.423995786206408
0.328988953042361 0.0266950937129396 -0.309321572854794 -0.164807047505741
0.257986420106623 -0.172004209699465 -0.110806766403375 0.0331653759034338
0.0609449107534187 -0.277331537390652 -0.0345112269082056 -0.0210491241442749
-0.0931127642557037 -0.194903864818805 -0.0862188823008619 -0.119329112120584
-0.16206182752405 -0.108187860021373 -0.217555594908552 -0.0823144362335033
-0.223725602136894 -0.0280954178012831 -0.263661287394251 -0.00474965540447026
-0.212744863950017 0.00745226312431913 -0.26490228636429 0.0630085314341403
-0.207919897418022 -0.0149250585524132 -0.263285031316575 0.0431585521760071
-0.164166968864638 -0.105884321765193 -0.244352986106704 -0.0306120447852478
-0.0806031455895357 -0.168122836922753 -0.173692214003551 -0.131988703190004
0.0490615928604652 -0.227915520021992 -0.0563400906869134 -0.143485718281426
0.189590866123668 -0.146762135961847 0.0339634911808935 -0.0664697152112415
0.251274637433654 0.040084599508347 -0.0427642505629642 -0.0269376045095489
0.291713592153022 0.19202797194024 -0.155781626137924 -0.222171134191577
0.169292688896417 0.0328329427969854 -0.339247395174086 -0.487031381622986
0.137877944446519 -0.026137763829686 -0.357065731510206 -0.186877693325474
0.0826014221912032 -0.073391517084534 -0.11827584631108 0.0071931109066668
0.0145689758601072 -0.0819701081626221 -0.0382467543033104 -0.0511022262505857
-0.01366969918221 -0.0620790751361683 -0.112439180345969 -0.143115946638852
-0.044121627877905 -0.0537337500704175 -0.262753514497572 -0.103957481969286
-0.0861086345595776 -0.0414328097765774 -0.318298760216468 -0.000707874949460021
-0.0852153042948409 -0.0276226468306227 -0.311492003232637 0.060742425297336
-0.0842928013323828 -0.0433717599629152 -0.306943224825015 0.0316032349895016
-0.0529204723457112 -0.0746130072377353 -0.263927432683025 -0.0661975705041112
0.000722315883303805 -0.0804441237709297 -0.160113433945288 -0.165975408770712
0.0436774531848898 -0.0674382537423023 -0.0260716247102042 -0.145100929274044
0.0706302982525149 -0.0377871769613233 0.0349800278269679 -0.0607659715504182
0.094102110479287 0.0133875937540357 -0.0834077926659635 -0.0187106819188417
0.148063559707984 0.0643677733180088 -0.217426522450752 -0.255422860157767
0.0305456341514207 0.0938463829743273 0.278957654022288 0.243100820388748
0.0669415709417059 0.0359405917734258 0.173319730483625 0.0150210891150572
0.0663121335993554 -0.0557464741175609 -0.0476343325665588 0.0395950046329032
-0.00935648531501312 -0.0995382584131052 -0.0221741389313837 0.141165166763288
-0.0700712055648077 -0.0338789813014294 0.121504624652195 0.187344779983077
-0.0650178916174585 0.0136007291120516 0.274281591171172 0.112089489594422
-0.0547111450432666 0.0576365408482226 0.326363806004407 -0.0123050586470564
-0.0578733582057651 0.060774846571603 0.319979719170131 -0.0593980585246087
-0.0637592514716157 0.0546886210692465 0.332479640563777 -0.0264190980299575
-0.0753516369278661 0.00945335990613252 0.277793437549306 0.0782472710209505
-0.0727859481650753 -0.0482318274452078 0.150345956308621 0.148904745102877
0.00445332336616611 -0.107479759172341 0.0653468510053526 0.0691230168178917
0.085008795586485 -0.0369921281506911 0.130779224584595 0.0282461323342992
0.0469849413323546 0.0583686511374508 0.324432397414352 0.154344815266335
-0.00983988417218278 0.0759736098521249 0.36431534913863 0.506228657312012
0.180904639170478 0.20407728151781 0.221363873624067 0.209858701559125
0.223551256645485 0.0724608779580326 0.144364636527033 0.0206666732680358
0.203919302536346 -0.131800145406094 -0.0489034556417017 0.055362836583015
0.0324073019037636 -0.251933468854634 -0.0327945896519151 0.143274978845522
-0.128845168305426 -0.149056697796094 0.103101315172177 0.178455293489468
-0.169521871926507 -0.0399380602589239 0.240206624112914 0.117151377283498
-0.191055235870765 0.0634758893613301 0.284036714579497 -0.00286623407924287
-0.192713826427846 0.088430891689728 0.268821075371344 -0.0358932271124132
-0.203167411207372 0.0682416171450994 0.277279142962218 -0.015595840405973
-0.198443747873192 -0.0444863954024306 0.223208515085372 0.0750450290887899
-0.151682716710028 -0.158827727705299 0.109663160676993 0.121668049320944
0.0243270648842132 -0.288083843812813 0.0442507620151803 0.0347717598956747
0.231493668648954 -0.15811363388414 0.136590591355207 0.00801005386921382
0.246805733484803 0.092134837477471 0.331059725361782 0.109071796597061
0.178835534149254 0.22440014387474 0.362868081815585 0.414444638081907
0.310363546699957 0.295263377997904 0.136038409126831 0.124448381798918
0.371129770219851 0.104918524859136 0.0847000037325754 0.00967741977322049
0.333820973324302 -0.201214706715392 -0.0553424178684386 0.074943941859202
0.0742912082844729 -0.39114650062349 -0.0344748574410732 0.140405699457949
-0.174564144429354 -0.2564060354233 0.0809486345771699 0.14665063171887
-0.255218911997445 -0.0963159827914578 0.175513680477553 0.101578627712353
-0.301380592844018 0.0539095637662673 0.200529821877238 0.00416578580904485
-0.29850539212017 0.102027563046444 0.17801962008618 -0.00893547882211944
-0.310245975862749 0.0755967610518571 0.180444097122577 0.000356299110873368
-0.294323068607225 -0.0847197876883656 0.133857754535692 0.0639896385850769
-0.220068364121356 -0.240530347167854 0.0478729080549476 0.0779316492682858
0.0204725935972304 -0.434398444708013 0.0137972405814477 -0.00853052289020446
0.333246733458477 -0.275994737513569 0.125062412870982 -0.0189777178608464
0.410389004522287 0.0921107475953372 0.295568427038201 0.0544264322311411
0.345058506433407 0.327349374963611 0.304788771720261 0.277454739834079
0.40665660363079 0.348169115161427 0.0269791918247504 -0.00526369243804459
0.487782993137991 0.116260184844537 -0.00860043062033681 -0.0213619097686421
0.429911206549776 -0.265413764407599 -0.0698735637265305 0.0907743449259587
0.101756263609741 -0.496724372694136 -0.0316447105676652 0.124308380926172
-0.206736933545325 -0.334802417508085 0.0503507859854656 0.0894404464330149
-0.30894213233704 -0.140415088939222 0.0842219079972143 0.0653767945439941
-0.370678146893906 0.037384873971606 0.0846981087454278 0.00572366667116373
-0.359369719712192 0.100756749514602 0.0596565148393145 0.0197836312970689
-0.366978995306791 0.0732341923873816 0.0573174332005635 0.0196495878740901
-0.343560470018322 -0.107395575440068 0.0216885877336655 0.0482981772759598
-0.255982982175787 -0.282786035724265 -0.0302923167092723 0.0250852386223089
0.00695771938050598 -0.511515382712078 -0.0251848873936319 -0.0542740931069825
0.377317701871354 -0.353524867113217 0.0980573438759052 -0.0452929679036961
0.503843933227138 0.0718452682229394 0.217723197316344 0.00504547907305171
0.454768432284694 0.372687466329079 0.198751157186624 0.119808372033941
0.446647412364605 0.344101389107137 -0.0964473556964305 -0.161444403877007
0.535838337884066 0.101189734641013 -0.124813489751511 -0.0676629869325298
0.461003983321953 -0.294722828650762 -0.0884580117137027 0.091231596448102
0.104227491210665 -0.527012037319924 -0.0283910088222819 0.0869757217513826
-0.209580790689362 -0.356751912575227 0.00615140563502501 0.0140172965864243
-0.315910199868087 -0.158874094771212 -0.0266832725608981 0.014479915589561
-0.383511713642382 0.0170738732789574 -0.0475447829242714 0.00460028179147761
-0.365087421494381 0.0835184371031626 -0.0675824047273489 0.0453080408784892
-0.367028374325978 0.057367932590524 -0.0714273533393801 0.0381463414801683
-0.335253659186844 -0.117156095999352 -0.0948893952059392 0.030153187995382
-0.241920026963202 -0.281315752176134 -0.108158743168106 -0.0297142855561422
0.00482316296662699 -0.494476848039167 -0.0605925344617746 -0.0958657219241845
0.358251064104868 -0.356415114036417 0.0656706007468893 -0.0620775029660227
0.501347642246714 0.0511573145385766 0.117930455830323 -0.0244637822812188
0.481074204647387 0.355960056417636 0.0644284761866582 -0.0287524603871307
0.421294979554687 0.280706898441406 -0.214912498080399 -0.313124352352356
0.486463466995867 0.0659326027026179 -0.237729459729853 -0.119283558023586
0.402053443124982 -0.267417782390392 -0.104101127460413 0.071098239174722
0.0874088217713641 -0.453829909992803 -0.0302601528048175 0.0332838381488323
-0.172871699215275 -0.308671793198973 -0.0456331657289563 -0.0626462700936053
-0.266986982997158 -0.146046597585644 -0.137397399062975 -0.0376597550095085
-0.334782660849512 -0.00257724481885106 -0.174368347645207 0.0035479236780327
-0.315078846666944 0.0548107869172771 -0.184034007869107 0.0630631901666731
-0.312748476716877 0.0279196607266354 -0.185666821712349 0.0508802435667546
-0.273146814982735 -0.117720295101561 -0.191576553406878 0.00722538089533502
-0.177829369759008 -0.241407137419083 -0.163995790271261 -0.0827693079481549
0.0228946042293028 -0.391532791540151 -0.0743696597747446 -0.127037879693326
0.291116821864677 -0.277656392226422 0.0432789019908868 -0.0692540826450487
0.408304465161958 0.0430386450870008 0.0251538392719033 -0.0327553027416067
0.425761371368252 0.291008755730386 -0.0663401184232904 -0.148612060501045
0.326460412384353 0.170108372956652 -0.308183818361188 -0.433817418128648
0.343918003701921 0.0193616452825025 -0.323740467543732 -0.163341077487107
0.264517329743375 -0.187876906717504 -0.114755298765284 0.0384059678231094
0.0548546020704657 -0.290946097696705 -0.0350433420040749 -0.0184749634858725
-0.101826295295876 -0.201422872427125 -0.0907850589021064 -0.120237796096168
-0.171071475220332 -0.107920876518282 -0.224070959826728 -0.0785863049874417
-0.2315698944816 -0.0213597064731883 -0.273995543397645 0.00455220281773601
-0.218565284409881 0.0165940875530473 -0.272407094292641 0.0715587913972393
-0.215408604973732 -0.008129172960271 -0.269750157230938 0.0507557202195169
-0.173283789465358 -0.104623754695731 -0.252505250385596 -0.0245167270347993
-0.0887612346006188 -0.172363167712926 -0.183168517931708 -0.130131420614198
0.0417825657065522 -0.236950237765145 -0.061831408849759 -0.144343404034857
0.19125199166503 -0.158000288173364 0.0346743080019549 -0.0693475099036992
0.26093553144829 0.0348760983031986 -0.0431237411027071 -0.0279648660297021
0.305779617676109 0.188499532100549 -0.169298617697729 -0.227826493044165
0.175958517391639 0.0307941570079341 -0.363000194429886 -0.498539022831288
0.144793201554149 -0.0309560474827432 -0.373622320577385 -0.18540652632013
0.0858700883168019 -0.0803255649318943 -0.122421198963918 0.010869938688631
0.0128002738390699 -0.0865531331331401 -0.0400027055228116 -0.0509965630035691
-0.0150661244071624 -0.0652398694412709 -0.118674257081198 -0.14561601998387
-0.046691602526754 -0.0553857601764621 -0.272271237707415 -0.099152743860106
-0.090246843583704 -0.0388376026928154 -0.329237363103253 0.00873083095515048
-0.0885379357466387 -0.0244945267871369 -0.320126225014829 0.0695565256967796
-0.0891283955140823 -0.0407316704050869 -0.313979608541728 0.0397970283427768
-0.0577345701373827 -0.0749728392296852 -0.272921493906135 -0.0608632411986656
-0.00238700900671766 -0.0839142837329477 -0.169967486189884 -0.166657694672751
0.0414177436955757 -0.0709014905951883 -0.0305289143480362 -0.147967233346546
0.0708117805087658 -0.0425569182803569 0.0350271155105442 -0.0637235157030711
0.0980225191201926 0.0111552761905097 -0.0845405426279283 -0.018676324526215
0.15503452680725 0.0618456383748979 -0.233552843157302 -0.261307464521073
0.0354320967383067 0.0940673886503353 0.303588541484579 0.240911499333467
0.0694461707499325 0.0353094462123528 0.181201281737819 0.00646806394201041
0.0636672612976325 -0.0595779647254214 -0.0455618575694973 0.0443995077956538
-0.0162521993936082 -0.102109157706688 -0.0153984002507386 0.147213293264389
-0.0746285683994822 -0.0312517659625814 0.136088683717726 0.188097580945918
-0.0669627407556532 0.018068497420147 0.289192214584757 0.0992745112448998
-0.0535497524688639 0.061910602595277 0.335371947271794 -0.0306134893285058
-0.0551754944085016 0.0655517254583478 0.328092705476351 -0.0780552289116573
-0.0625408450203494 0.0598030610212644 0.341427867817361 -0.045513852772105
-0.0774694287015132 0.0134379547936684 0.290975539540704 0.0653024839366625
-0.0779588394452862 -0.0457386585709049 0.165486386464298 0.145389474930229
-0.000510749318036669 -0.111624443466109 0.0719239010595981 0.0673078388959144
0.0865982558313511 -0.0423685404432512 0.138032875917416 0.022498357712757
0.0515221725382416 0.0581946382004614 0.343792641793122 0.143548240263526
-0.00661243585157478 0.077927526577448 0.406125892055453 0.506915326936741
0.196932390823259 0.20072969855526 0.243171006316989 0.209588933169156
0.232627858386151 0.0651264513120902 0.152013974453513 0.0143030357221707
0.200903866083906 -0.147370276787022 -0.0448761413751238 0.0613939207174324
0.0175824220082515 -0.262440588321475 -0.0249588382677776 0.151121982681356
-0.142312258003964 -0.147213485078923 0.116835023125516 0.180649078326674
-0.178966360795919 -0.0313433806408397 0.255168508147624 0.106561597836844
-0.193615775778626 0.0766059664875484 0.293073481337189 -0.017492441176449
-0.192457821192146 0.103889239670992 0.276107775557205 -0.0515992505826666
-0.206138434187261 0.0836016636194812 0.284969592356759 -0.0304564955978479
-0.209304517952682 -0.0356171314762593 0.234886727779989 0.0654084336779815
-0.167616153277836 -0.156259431041902 0.122051162679658 0.120119260047608
0.00738830123126699 -0.300376163568868 0.0494282459119784 0.0344006744371969
0.232190128903904 -0.177479072213009 0.143429251509299 0.000906992208111138
0.260822432006255 0.0827577587287529 0.349042411902446 0.0960430499797719
0.196884913778166 0.220678059535931 0.398368997027865 0.412229528993254
0.336790714045926 0.288720979746451 0.150287744577368 0.126000663172108
0.388053098369567 0.0905031635124291 0.0895646149004951 0.0062999470052223
0.331748443412713 -0.227883675381482 -0.0507907497932872 0.0828481698066229
0.051975036672481 -0.411309561074642 -0.0259584828656895 0.148949390733956
-0.198046555721507 -0.256955048836751 0.0933831442345611 0.149513619697374
-0.270857849160431 -0.0848453045702846 0.18956595869146 0.0943226456660787
-0.307963155714868 0.0747572152762532 0.20674375004912 -0.00453725035341497
-0.30037693674627 0.125539302838918 0.183730756063862 -0.017733770886175
-0.316086115823756 0.0979835149427482 0.185492342477411 -0.00824440268821616
-0.311757199342357 -0.0715277788801697 0.141837326124827 0.0592553109944881
-0.243178216914301 -0.237530307838605 0.0549398477411929 0.0787941632062585
-0.00567174869863954 -0.4512797481706 0.0154192292085203 -0.00828321262346229
0.330457215029487 -0.305700853174671 0.13100342673655 -0.0267820886501076
0.430955961687854 0.0748032468468355 0.310225177402136 0.0406453610892985
0.375420674316074 0.318305332954162 0.33081302359552 0.272641969983362
0.438910368758835 0.338971666541629 0.0296546252964624 -0.00354705405794847
0.512931531098235 0.0961720469286468 -0.00891795477873013 -0.020844688648002
0.4293025815278 -0.302147665846729 -0.064723468695139 0.101016017736194
0.0731324984544897 -0.523319589284696 -0.0231348634406643 0.132873470385099
-0.235790297278694 -0.336282356212208 0.0591004560139214 0.0923278802213853
-0.329136241585206 -0.127906084952508 0.0936082816077381 0.0615707805179928
-0.380997740637173 0.0614277567926629 0.0867367480050143 0.00481281612057953
-0.363243805404593 0.1280127746684 0.0627482791645269 0.0189911125862692
-0.375938083486786 0.0999102071554302 0.0594831972034277 0.018667021466883
-0.364449982507948 -0.0925929462342022 0.024949213543107 0.0500282414638168
-0.283213248178333 -0.279420663941254 -0.0292834471347141 0.0288197805137065
-0.0255295305230184 -0.530967941638186 -0.0274997635307169 -0.0524207929655688
0.369092628392636 -0.391477045172329 0.101944179025935 -0.0513463624442903
0.527170597167791 0.0464699468345204 0.226518350248803 -0.00727844769437745
0.49226934420517 0.357512157193075 0.210078236173423 0.114318219990661
0.481671781863403 0.33192408385539 -0.106933204236893 -0.159024850321816
0.561307857833092 0.0771995698815821 -0.132504540491149 -0.0626622156872332
0.460876106376245 -0.333567624608822 -0.0848236648539513 0.101915225307165
0.0745574006164818 -0.556863536309186 -0.0222437758091168 0.0944456171458472
-0.239768983143985 -0.360291596166026 0.00923112651142724 0.0165969716966405
-0.337287034695459 -0.146051930922265 -0.0235537387672415 0.0160472677134739
-0.394722311365956 0.0418902226806888 -0.0507981176341821 0.0113353185578936
-0.370500415869367 0.112246404014964 -0.0674456453639656 0.0520520598779692
-0.376053150418589 0.0829364457090919 -0.071923668345076 0.0448502255018848
-0.356055714794721 -0.103219517124382 -0.0959065965505662 0.0381343426248197
-0.268786310642549 -0.278117489288997 -0.113647020030423 -0.0228658357636631
-0.0268986413435707 -0.512636306595191 -0.0659802885752924 -0.0933564547882343
0.350939328202852 -0.39076330182186 0.0673310830708126 -0.0683752808925944
0.522524776560468 0.0270265688624396 0.121919045175637 -0.0327976296031129
0.518094851754849 0.339866072367802 0.0616539300954327 -0.0331937713382574
0.45197417771918 0.269051692910846 -0.239218035682201 -0.312361995996786
0.510591224452259 0.0419074306960087 -0.253212972338612 -0.110486478500857
0.402200949222698 -0.30389136983366 -0.103256376592164 0.081959489167955
0.0630569502602126 -0.477871953062349 -0.027124609053758 0.0379716463332644
-0.198538908290161 -0.312783249006519 -0.0483277394493567 -0.0611020905026995
-0.285662146407052 -0.136295780342613 -0.14145198279969 -0.0317531881069211
-0.346177288309148 0.0193531274043047 -0.181840782324165 0.0168004348860977
-0.321085692613305 0.0787845132971518 -0.187770682500085 0.0760075519831683
-0.321712787947412 0.0495217396010557 -0.188652618882272 0.0630451299732474
-0.29087720211464 -0.10580177995488 -0.197443792003335 0.0187755818791503
-0.199814153399237 -0.240189543170234 -0.174583496456634 -0.0742708215034517
-0.00278145124984351 -0.406287705192519 -0.0828602195060301 -0.124487930101273
0.284219264311881 -0.306933256684896 0.0428224410886973 -0.0748801614149822
0.426161993759297 0.0222783330358566 0.0250959332770688 -0.0372840485598595
0.45546084717877 0.275822399078309 -0.0807832323407541 -0.15089854909833
0.347587539803217 0.160486267798988 -0.342989868658366 -0.433276472689648
0.360147954874596 0.00041870012753855 -0.345798094726264 -0.151700788842766
0.265325632709582 -0.213414481720759 -0.116917925847034 0.0484823147016636
0.0393611687326352 -0.307314117565932 -0.0347743589264874 -0.0163303442873071
-0.117986779461999 -0.205109813108512 -0.0989953303008509 -0.118809574897434
-0.183890260985468 -0.103017279682355 -0.234786824721511 -0.0691226803909486
-0.240236114539776 -0.00704567381550158 -0.284300145618631 0.0228425513209529
-0.223948619110262 0.0331494643035217 -0.279165358001574 0.0897229397425648
-0.223702268190014 0.00644732723461677 -0.27488082801955 0.0677422270039245
-0.18640591279413 -0.0981042274910938 -0.261975225629899 -0.0116772911311718
-0.103281196149746 -0.174135036480822 -0.197784589991085 -0.122333490557989
0.0270939147884198 -0.247942315537319 -0.0720379419288833 -0.143840231483393
0.187360532091388 -0.176108436137853 0.0337083099880632 -0.0740685850946022
0.272534974352818 0.0220403237165583 -0.0446827264061447 -0.0287547790729236
0.328051648396873 0.17653754025349 -0.19217779515616 -0.228030144073898
0.184644101734455 0.0241309250522632 -0.402387909052794 -0.499430174486404
0.150675358596982 -0.0414356065009025 -0.398084056130622 -0.172775058837089
0.0866316044564718 -0.0913429433155002 -0.127047836863647 0.0186318035275617
0.00829891304248739 -0.0922216949745784 -0.0428234683803132 -0.049829265523721
-0.0192461398400022 -0.0683527200554944 -0.129949910766648 -0.144822094081453
-0.0514789967335339 -0.05581187522758 -0.287136532030298 -0.0875163951154114
-0.0944445691659474 -0.0336414613831646 -0.342002616495507 0.0287607274389249
-0.0923703413480543 -0.0182961986851782 -0.328268875774482 0.0900421120921863
-0.0951399410621803 -0.0356638305767385 -0.321781455079347 0.0573731629024362
-0.0644462379575421 -0.0731631759258121 -0.285688258872332 -0.0478281498034997
-0.00866229154355043 -0.0868236197545556 -0.185308995819756 -0.161420467375896
0.0370883584662874 -0.0757211275884217 -0.0401059197727886 -0.149923332322709
0.0699795835484886 -0.0493324906213012 0.0328250534064036 -0.0685324579403761
0.102998687840031 0.00533259258446225 -0.0871901958539745 -0.0170291514945526
0.164384330800359 0.0549657213826446 -0.260188213478842 -0.2591899703569
0.0419017742123373 0.0904505373493493 0.327316455369436 0.221703909178427
0.0705271435669082 0.0325807730128627 0.184051583510601 -0.00755268510451041
0.0585827025626059 -0.0617932153873056 -0.0404058727516053 0.047752246920128
-0.0248848342937528 -0.100777342090423 -0.00370785840683854 0.149676368403325
-0.0775039560145048 -0.0251876454482904 0.150777540524883 0.179553613017092
-0.0664378326407629 0.0240892341949665 0.297392977145184 0.0768387962880575
-0.0494617603280757 0.0662730773294874 0.335074840523767 -0.0574073520313219
-0.0501782285943802 0.0707313906837786 0.324903950793356 -0.103135496688536
-0.0577131565618269 0.0648727109898971 0.338747456025345 -0.0714941390836385
-0.0769275861258346 0.0191012641244307 0.297175061788092 0.0423815477372082
-0.0822950076834156 -0.0394347841734669 0.179301295877551 0.132571705142301
-0.00914133784944391 -0.111855978187553 0.0782385031114769 0.0617294365125588
0.0849839924006086 -0.0488650325572964 0.141353273842052 0.0124517551557595
0.0556066399468061 0.0551254139184352 0.356572297307997 0.121489548148697
-0.00192637040281097 0.0778921766891002 0.449302586192023 0.480801453380068
0.212453921657185 0.185840756324554 0.264190785414365 0.196904699499936
0.237120636296546 0.0502589145793866 0.155654148982257 0.00328150306385165
0.189099461833407 -0.162271342278807 -0.0383029340675996 0.0661002307504395
-0.00477623487992745 -0.265601786410924 -0.0121262408869225 0.154367129622936
-0.15560305162384 -0.13748672036799 0.132491653264888 0.174206723666405
-0.182860864938875 -0.0168459695416989 0.264938332489083 0.0868110848482984
-0.188036494685124 0.0925588614241838 0.293314901701607 -0.0390151130425209
-0.183861476041424 0.120842090263629 0.275207326608079 -0.0721140571002282
-0.200322129280279 0.100542140815927 0.283265497524837 -0.0524318004659437
-0.214608006123456 -0.0198608893901133 0.241188861367924 0.0482347979026529
-0.182097949217833 -0.144068803677192 0.133645154220857 0.111344077929453
-0.0172001111653108 -0.303305067972124 0.0540041314886928 0.0305461263444164
0.220236691282729 -0.19676247937428 0.145830002581639 -0.0102913574628714
0.269326795672376 0.0643959113930029 0.35919110609117 0.0720504739965718
0.21417819437553 0.205449460288487 0.433994894487702 0.387058341157389
0.360771617306336 0.265251706297095 0.163976032310489 0.119903542304631
0.39609406063367 0.0635984509635877 0.09239369007773 0.000575614527579531
0.313424029171754 -0.25546699263418 -0.0417213476597183 0.089072874336499
0.0168450875623751 -0.417800558902566 -0.0128074874987242 0.152820929562262
-0.220726213820427 -0.243934410417188 0.107820305203136 0.144835394687456
-0.280103859081763 -0.0639980216281291 0.199246566196201 0.0793142708784697
-0.303774985855238 0.100348718968374 0.207040860592914 -0.0184323881817822
-0.290061090486075 0.152275692405406 0.184716430089311 -0.0300706948790448
-0.309346633050201 0.125438418964431 0.185471334332798 -0.0218107760597715
-0.321117107538807 -0.0474345899588261 0.147375777392822 0.0493838979321609
-0.265628345305625 -0.220464946538308 0.0628140784635976 0.0755204825114607
-0.0436486223978085 -0.45444867878285 0.0172016571965459 -0.0087921725775011
0.309273079844356 -0.33563078927097 0.132062337318267 -0.0367455739541755
0.440394736842944 0.042372169288849 0.315760163437828 0.0176823356145674
0.403014087445462 0.289968785414993 0.353380018311095 0.25146258434761
0.469077278734836 0.309310277566665 0.0324290501703249 -0.00154925588737368
0.522557627505712 0.0583278537854734 -0.00886653577482729 -0.0187791352597183
0.40587560983222 -0.339330720770717 -0.0545088672769396 0.108572788338838
0.029576444365464 -0.534734257130459 -0.0101775952452431 0.136335120851394
-0.266356653995715 -0.321928074043664 0.069475700499237 0.0899922761163196
-0.34266249844685 -0.102481123226464 0.10120004901775 0.0535953784956649
-0.37784886026295 0.0924959956112457 0.0870079682089343 0.00165034024913066
-0.353021070109353 0.161372743169221 0.0653093026731424 0.0153961882344585
-0.369448246729105 0.132320129229713 0.0609558216732571 0.0149395265852202
-0.376267857485472 -0.0635539646584591 0.0290849323971891 0.0491438356227974
-0.30917793153612 -0.260486124003797 -0.0265355717500516 0.0330036981344049
-0.0713350565692005 -0.53286391247387 -0.0290695952285318 -0.0500130784079604
0.341174832401897 -0.425180407829367 0.101016174203616 -0.0601092168750165
0.534616422258719 0.00810355094170749 0.228539481713247 -0.0255580768520141
0.52184176077913 0.319611474776312 0.218401325249641 0.100294363781381
0.511166250968429 0.299297064858383 -0.117803713416193 -0.149736371589127
0.573037635340403 0.0345939503016298 -0.137167635276679 -0.0518991811680532
0.435990795913965 -0.376260803786817 -0.0749288886161991 0.1117016684371
0.0287935143901596 -0.568487621923535 -0.0118231795444924 0.0973609925282965
-0.273235362402966 -0.345872243647134 0.0133385781340509 0.0171229256884487
-0.353061520306559 -0.121152748677125 -0.0200880296314851 0.0166280843041072
-0.393088820180799 0.0746790504814418 -0.051328714503363 0.0192847380084488
-0.361216197962436 0.145920172356117 -0.0637393851484473 0.0589145336133982
-0.370935573991415 0.116151127301377 -0.0691850329678268 0.0513519097704618
-0.36846950176495 -0.0756528872721456 -0.0934298531552576 0.046387702686779
-0.295262190424621 -0.259607254505957 -0.115598501209904 -0.0120809918639122
-0.0705724331924069 -0.514247788849116 -0.0715394521901072 -0.0879264722744007
0.320650625450731 -0.424012092065703 0.064851289946583 -0.0743725976880584
0.528937176495914 -0.0123125883920738 0.121528575964681 -0.0445229106429374
0.548612179215271 0.298868571498215 0.055932913092254 -0.0373648635010841
0.476744890782206 0.238913187206377 -0.263600827949878 -0.295334045790301
0.519863874408726 0.00381944778371371 -0.263540140358646 -0.0910407759762299
0.381799529337293 -0.343185583132978 -0.0963123775496924 0.0931676358109409
0.022736632606976 -0.489915142969554 -0.0213576647613004 0.0411273692364658
-0.2270949705417 -0.301626634795836 -0.0519183867051446 -0.0571225819823127
-0.299840233505379 -0.11556275422973 -0.142437713618233 -0.0220671799038323
-0.345340418851324 0.0483197222215351 -0.183354604855161 0.0346974588505318
-0.314531744710677 0.107459356413707 -0.183024811978362 0.092904421174987
-0.319190166516521 0.0778687559921253 -0.184631203499581 0.0784792633350752
-0.303148950044328 -0.0827020377359826 -0.196842296784214 0.0350320908876031
-0.221913890896674 -0.227509297228617 -0.181482635977002 -0.0591098129661526
-0.0382674732285583 -0.409229799922472 -0.0908113646980205 -0.11739685074713
0.260606471398462 -0.332748265784816 0.0391558250997058 -0.0792784605038216
0.4311515814196 -0.0100608232592791 0.023068890842493 -0.0417136242782762
0.479614741972666 0.239784846099369 -0.0974896804756252 -0.145424799141178
0.36282660406836 0.137348478787208 -0.379852498212495 -0.412605466933626
0.364688959945525 -0.0275190978133525 -0.360655701515525 -0.125757212058307
0.251230433085881 -0.240886771644436 -0.113520107178749 0.0598256234466714
0.0140543857045885 -0.315510987521231 -0.0344101401819249 -0.0134829211554473
-0.1367114683788 -0.199899396694736 -0.107425933815744 -0.112891789385199
-0.194187823237074 -0.0905923798004037 -0.240279234268782 -0.0516740090976957
-0.241210714915308 0.01305889254143 -0.285995409754736 0.0478393038396952
-0.220299261049254 0.0526527552120835 -0.274788557864356 0.112472311153174
-0.224209199304033 0.0259845060105936 -0.271111797782466 0.0885896144331692
-0.19662732597217 -0.0835315251584898 -0.263779931050326 0.00925824141589922
-0.119030080287384 -0.168012551584167 -0.208725674484589 -0.105950618169341
0.00564816859653222 -0.250849458367284 -0.0812953472683171 -0.138054496349863
0.172887189331587 -0.193302367679104 0.0290130464193162 -0.0778736672440789
0.277456336858796 0.00160835823196677 -0.0463546784415005 -0.0281539495956762
0.34252269580464 0.150846338820063 -0.215235336279292 -0.215378053779687
0.188615000758191 0.0127464734167903 -0.443929878637886 -0.47524122094789
0.150116031319912 -0.0541641588005739 -0.414842119876695 -0.143622871841189
0.080547959093672 -0.102291043206401 -0.126858245004106 0.0295853483164965
0.00105913221206613 -0.0949733226219026 -0.0453519812704994 -0.0477215480899556
-0.0250136417234653 -0.0689285946196454 -0.141889081085232 -0.13756711923382
-0.0568108563356931 -0.0529600278776205 -0.295493088643619 -0.0657643910074574
-0.0976163716853884 -0.0255277444955182 -0.342216475062799 0.0572723843953938
-0.0940588374941571 -0.0101310863246405 -0.324793353483058 0.11564626482769
-0.098478967386727 -0.0265162774981758 -0.318833141737889 0.082264914091734
-0.0712943800725692 -0.0678062483148846 -0.290310710491205 -0.0261225841449581
-0.0163842337729889 -0.0872493753294444 -0.199561285158443 -0.146465821287711
0.0297196289567981 -0.0795398386592165 -0.0515670718947894 -0.146201518468975
0.0652199960247288 -0.0561207671655884 0.0278474831286901 -0.0720883307873896
0.105088148012881 -0.00299976919162419 -0.0885524591069064 -0.01288901386387
0.169732361067712 0.0415846041850473 -0.286093116447964 -0.242330486823697
0.0444258733513237 0.0833082777432881 0.334747563526431 0.196369998914473
0.0689465887925917 0.030383813626172 0.178972010207434 -0.0196215651083742
0.0522013709512449 -0.0608975167428698 -0.034932174541023 0.0481345596618944
-0.0312083601719578 -0.0950066891868952 0.00609341223822469 0.14499553354035
-0.0766955908293719 -0.0191949270076425 0.157967559792614 0.164745301632384
-0.0631640950727142 0.0281517640849644 0.293839390565092 0.0547409571257445
-0.0432511058178097 0.0672786808876268 0.320411688287944 -0.0780699466857283
-0.0431349193252812 0.0714712725710493 0.309080780807833 -0.121043200285818
-0.0510020376340112 0.0660489832164494 0.322689432640891 -0.0914271855615811
-0.0731911759588516 0.023155900828314 0.290284038634578 0.0220491116116271
-0.0821289144542693 -0.0320981567842556 0.183702988714655 0.114906739634188
-0.0158910570758015 -0.107988404394647 0.0792327170906738 0.0535652198225998
0.079969531646685 -0.0530785499832475 0.138633754039838 0.00309779724993133
0.0565884394632939 0.05014680232293 0.353199285459094 0.0967173757369978
0.00156300358911763 0.0747319140529259 0.468291929956761 0.440748342663902
0.216710187936974 0.165233237587116 0.272670714432303 0.177069712229793
0.231740658992079 0.0363085010064783 0.152091481444927 -0.00714100043653915
0.171260561566485 -0.167148939239865 -0.0303409947183276 0.0662669144205642
-0.0237865864787392 -0.256022102123265 -0.000574195700039016 0.150055492433363
-0.16081183932123 -0.122279733537254 0.141116631455229 0.160549302950343
-0.178586894275577 -0.00375514700930243 0.262945249611464 0.0651532908318957
-0.175727537500178 0.102016436741116 0.281046744792788 -0.056467045291546
-0.168197950056037 0.130588143795206 0.263969719847448 -0.0870311389071524
-0.186054781090207 0.112023684306728 0.270165433042302 -0.0685045861300831
-0.210129257038372 -0.00497642763436064 0.236832042249977 0.0310012490767706
-0.187005305622368 -0.127477138747193 0.138020626601394 0.0987056304063846
-0.0379945638087205 -0.292734164876475 0.0550490741917948 0.0251596888629956
0.200955192274485 -0.206531952656034 0.142198906185447 -0.019237678699925
0.26470365244867 0.0464772058698595 0.353930825843 0.0472005545592709
0.219379296246083 0.183277661978775 0.447373960687655 0.349868108784437
0.365591073581297 0.232766435585083 0.171238838134337 0.109604124859413
0.386849681025626 0.0386522664110507 0.0910910529615471 -0.00491165833235243
0.285098787793362 -0.267563101509142 -0.0316852796664495 0.0892289300753282
-0.013768422141171 -0.406436003607279 -7.45689265751774E-05 0.148589280087886
-0.231403572555161 -0.222173964539466 0.115606203579075 0.133716548281199
-0.276320312827848 -0.042782334501356 0.199494660961937 0.0616603877880083
-0.287345035815751 0.118122087289987 0.200042517881447 -0.0288395232621046
-0.268302905203944 0.168713524696189 0.17816314040243 -0.0401906546014142
-0.290379647145295 0.143590908472868 0.177525073492781 -0.0324057313249784
-0.315681778179998 -0.024366243562763 0.146148182390366 0.0388789876350253
-0.273466118159295 -0.195937371643559 0.0672543737714423 0.0693213583990653
-0.075906765070213 -0.437459576156928 0.0181045280860836 -0.0102844186805458
0.277692283692965 -0.347353421601368 0.127799768023487 -0.0449271881859998
0.429951949895341 0.0136045851729632 0.308088842125594 -0.003374778191213
0.407138096248517 0.251667573076621 0.359025248802205 0.222429363462557
0.474055856069065 0.268496331670803 0.0348190666403934 -0.000510230021832253
0.510388815173906 0.0257287038184389 -0.00864687670655656 -0.0166889100076687
0.369492026617459 -0.358272718061928 -0.042745652093177 0.110202086543611
-0.0107855041559353 -0.521696291122142 0.00133518637696647 0.132802359576902
-0.282616377295396 -0.294994238705219 0.0758578847292796 0.0831442772258022
-0.340307547425478 -0.0759005995706711 0.103327835974125 0.0432230152012391
-0.358842060870624 0.116365284800197 0.08443825549977 -0.00125579743183868
-0.327678179809708 0.18161065056817 0.0656137569185985 0.0119535219290303
-0.347122360072262 0.154696061948805 0.0593234442861805 0.0113163196297139
-0.37109313578047 -0.0349193466816369 0.0317558745136408 0.0466888230142828
-0.319552763999902 -0.231143612121371 -0.0220303882977731 0.03467311723258
-0.10891808309185 -0.511561883369911 -0.0285666628694961 -0.0470152826935654
0.301026634877138 -0.436136504586549 0.0962448470420407 -0.0655722916157357
0.519333909299542 -0.0263805846524882 0.220470644846013 -0.0401689749550721
0.525093930845049 0.273004323510883 0.216708368782628 0.0852113067368264
0.515035436946582 0.258426794648719 -0.121323559181734 -0.134973668948756
0.560120097773605 -0.0021890399989699 -0.135599981040774 -0.0398635429166848
0.395102180834193 -0.396974647597083 -0.0625087553541939 0.115042176221772
-0.015315961566209 -0.555303974071399 -0.00256578207016002 0.0954644463094358
-0.291024718705538 -0.318384445421731 0.0163384402554727 0.0156203226525512
-0.350916658422035 -0.0938426184642307 -0.0169015675682894 0.0156351399790959
-0.373913382194679 0.0998478848118544 -0.0484497473835908 0.0259225239586279
-0.336546088617856 0.167748787416581 -0.0570491124953001 0.0624324666058623
-0.350611253748856 0.139874769895935 -0.0636076887777915 0.054927034899094
-0.363938180535642 -0.0474369670469045 -0.0871827143606244 0.0523531806089686
-0.305449918110587 -0.232109521799192 -0.111359438066531 -0.0028694810098563
-0.108337866187048 -0.492651433616803 -0.071560193449035 -0.0803293019837107
0.280498670565994 -0.433253710373382 0.0601451276678451 -0.0767444648905562
0.512430359195339 -0.0451658609479561 0.115016530545445 -0.0528279821487271
0.548600735944227 0.249685178850205 0.0485058203598993 -0.0383348423588305
0.478743001079627 0.203505779553246 -0.273484990945954 -0.268345335888667
0.505689272878797 -0.0283725557045722 -0.260755472154189 -0.0701724800533018
0.344583536130764 -0.360936424591161 -0.0848533233504983 0.0976445148100109
-0.0131031130786066 -0.480277324216364 -0.0163015048786982 0.0411109753599197
-0.243710230781806 -0.278589715447639 -0.0519550555600403 -0.0524091799526769
-0.300484538022851 -0.0929793177668515 -0.138181377650275 -0.0128025515276457
-0.330720123106463 0.0707799193439125 -0.175737926126479 0.0504285290597956
-0.294563589437004 0.127403515152824 -0.171520621907661 0.102992244429132
-0.303161881992469 0.0988987055035564 -0.173298514943998 0.0886181413842568
-0.300347206235059 -0.0597552273166431 -0.187773683191488 0.0475724576079149
-0.231935011426449 -0.206163704459636 -0.178918583653945 -0.0431886136011487
-0.06728633432528 -0.392135039654367 -0.0932305957324314 -0.107678827393028
0.227681046361748 -0.340870576838172 0.0343667081693002 -0.0801841634364773
0.417486053182068 -0.0377607654020108 0.0198575561798142 -0.0443119954536061
0.479289955101954 0.197324392234957 -0.108254228738468 -0.133380701869815
0.362259756618043 0.111386801946566 -0.393954139743212 -0.375603947031308
0.353756602302634 -0.0504334841952832 -0.357773772083893 -0.0985838041766253
0.227011855411797 -0.254002997406529 -0.105094566092834 0.065799166544269
-0.00909327289855712 -0.310507728325703 -0.0331434226917376 -0.0110533447728179
-0.148169725527722 -0.186189934999698 -0.110981413732881 -0.102634826209957
-0.195609592984989 -0.0755494357357366 -0.235581281880905 -0.0350578742757544
-0.232045212753436 0.0298978515304762 -0.274435233002165 0.0687131302742263
-0.208657338069211 0.0676178468549432 -0.259247964134226 0.127640594590776
-0.214075365800198 0.042251218372519 -0.256791657952756 0.103506499991046
-0.197324740740755 -0.0670806886719829 -0.254688542109797 0.0267570743024818
-0.128083922144824 -0.155223955319819 -0.208658741414 -0.0876372617141451
-0.0139938215399563 -0.242710480140089 -0.0854631004711991 -0.127498669522646
0.152705590287145 -0.200276623306333 0.0233697477593842 -0.0775240719102426
0.269049924021955 -0.0174667993093452 -0.0467532992950928 -0.0268350628454817
0.340073766815433 0.121655585528935 -0.227002258815291 -0.193925655013341
0.184722683845188 0.00212565422112882 -0.461611775964281 -0.433484604332687
0.143464250237367 -0.0629232295858406 -0.412358929245431 -0.112719202204857
0.0713158425902822 -0.108192839306606 -0.121481824721669 0.0367560975407784
-0.00588217091836467 -0.0949578235075035 -0.046563918235837 -0.0437831805795464
-0.0297449458591533 -0.0665826581881474 -0.146692723493627 -0.1249011630208
-0.0593693681419992 -0.0481400367198929 -0.290670338666125 -0.0444778527684333
-0.0955573029584662 -0.0176620757786878 -0.32893482760741 0.0796811593057352
-0.0910558222243586 -0.00220361182668427 -0.308965635355068 0.133692244810347
-0.0972072980799761 -0.0175349203218322 -0.303387383164094 0.0992220424764922
-0.0744718908393419 -0.0602045721159106 -0.282653922806519 -0.0067502990657558
-0.0230824570413046 -0.083642464398208 -0.20277646158611 -0.126143896132925
0.0221584509257457 -0.0784837126214622 -0.0585464067103761 -0.137461140991617
0.0574713995371066 -0.0597706866985216 0.0223965504799537 -0.0715753605009131
0.102689183647593 -0.0109115735208514 -0.0868333750732546 -0.00934919282130328
0.167528994958976 0.0277581760501639 -0.297525579294261 -0.216933884647178
0.0574991314397602 0.0692190885323675 0.35329233571609 0.130627089414712
0.0683254539231524 0.0177988603481501 0.168466009219828 -0.0478790778194709
0.0410033420467792 -0.0603945207646537 -0.0192686505130969 0.0484563746910324
-0.0400444098480373 -0.0803981008490489 0.03183837430363 0.130266443102628
-0.0693494060530161 -0.00949338170872466 0.17396785185818 0.128222414491885
-0.0548694132951023 0.0314521454745625 0.285559688381242 0.00632713817244949
-0.0309343159286375 0.0655318710762732 0.293917048466742 -0.121697770044188
-0.0307411345732429 0.0703605087166328 0.275867472990779 -0.162091160576386
-0.0387315501482903 0.0664408249671742 0.29399422030298 -0.141429338499062
-0.0639995683222464 0.0305743686939228 0.280633284814433 -0.0305023459159545
-0.0785713362469477 -0.0196403341964422 0.194750296889901 0.07685550127872
-0.0286393121840322 -0.099708827734053 0.0841585791123701 0.0389229964367066
0.0699305112876133 -0.0588495188613602 0.133424458094703 -0.019971735655817
0.0641020627465225 0.0430159694035414 0.34736464620612 0.032477268061137
0.0181772684060853 0.0746601173971369 0.505630534208083 0.344271176720671
0.2263558060144 0.124067392139985 0.300176599558593 0.12857750516264
0.220015080243786 0.00129937548311978 0.152831043135321 -0.0294239271194602
0.134789450587398 -0.174904556506401 -0.0016717237219625 0.0592204604954865
-0.0581018839232367 -0.229194580821436 0.0333437287545159 0.126029989426795
-0.162070804536387 -0.0930870196661641 0.152271664142934 0.119645906821553
-0.16765601386866 0.0170044354454714 0.25362382165223 0.0189500172419936
-0.148793711031058 0.117560808084257 0.253304534236024 -0.0960827672600606
-0.139437393709776 0.141772801024938 0.237641797170093 -0.12422893424712
-0.159120681335533 0.128973833009791 0.248763482693906 -0.113172045252174
-0.198837561925374 0.0237750660208413 0.233207796040902 -0.0153994675171058
-0.188885790455607 -0.0971476272351973 0.149836976865789 0.0693366964436018
-0.0768669912979981 -0.271595966175141 0.0597862055872489 0.0190019832419755
0.163939607851385 -0.217504860597398 0.137144933160007 -0.042468606607983
0.259183609766043 0.00928027520280025 0.336893209571384 -0.0106168367686844
0.23757733042005 0.148540993315903 0.472390144182637 0.265251616529288
0.372943686176932 0.168946454114966 0.200081017545792 0.0866337553541737
0.364328369025172 -0.017641876234985 0.101685034023362 -0.0150630431521671
0.22335684585672 -0.284116514364473 0.011016466394672 0.0759928306214791
-0.0740950195469032 -0.369382296300694 0.0401900889308667 0.115490953888649
-0.243277542684652 -0.174930041109189 0.120683602450311 0.0906663261035243
-0.265287854954876 -0.00528910526900592 0.188864401135332 0.0232757159273949
-0.250055950115705 0.149442980806502 0.174069171467033 -0.0584459451136427
-0.227641157701453 0.192171672645025 0.162065003657109 -0.0666187612627841
-0.252200950737652 0.175336041332781 0.166991120114395 -0.0655052727772187
-0.302548800964088 0.0215921065015404 0.14923115228653 0.00514597376599039
-0.28069964775624 -0.151341184579678 0.0784131665953982 0.0548415782912803
-0.13327695558382 -0.403984726816808 0.0210382424441073 -0.00622095177355237
0.216502847821384 -0.360440579615137 0.122295571899666 -0.0645296072882378
0.409497949656639 -0.0454419012983084 0.283348766492706 -0.0477824228746813
0.422614558294618 0.186991108581761 0.367446602720717 0.160805060349028
0.475421614082915 0.189130795357486 0.0581392982539161 0.00933033823085558
0.476410051730918 -0.0473540523548517 0.0101394710328465 -0.00907282322891542
0.288890134769249 -0.380181736514578 0.0115804408967068 0.0931358762732584
-0.0902263604833502 -0.476253054787303 0.0439854771175407 0.0932920467989571
-0.303238094190373 -0.235010060459182 0.0709982355296692 0.0437609081006929
-0.330983532735681 -0.0269956275832312 0.0912339429427593 0.0194269909352783
-0.317163071632232 0.160162466023902 0.0642510440593589 -0.0146629618944363
-0.280955481236406 0.213182392081697 0.0619821123741833 0.00024035295772386
-0.304396715055991 0.195091287106493 0.0623577630739248 -0.00575683386742422
-0.357100246614658 0.0192450676076814 0.042299846489616 0.0307389182428932
-0.329294434216604 -0.17942183829904 -0.0117396021034383 0.0372095999955116
-0.174556830525419 -0.468815412342431 -0.0269449261134763 -0.0325657549391717
0.226971776608525 -0.445746949380479 0.0906510001286011 -0.0793516507501321
0.488818737375118 -0.0987682662710875 0.193716295717046 -0.0668525555291044
0.534090897038954 0.190996544379882 0.210838868751612 0.0536522965853841
0.509282724316443 0.176759274705571 -0.111554337298622 -0.0906574294917191
0.518473381518511 -0.0774475736946925 -0.112085352874955 -0.0107903331541379
0.306772374946514 -0.419931284418441 -0.00380512644882216 0.099312306281057
-0.100068070199143 -0.508699359466998 0.0350993034983351 0.0559674517565981
-0.316246524004655 -0.25412623506771 0.00312166912866224 -0.0118737222845846
-0.34443252034064 -0.0406116675313111 -0.0279676965468715 0.0113066855258606
-0.334786868414086 0.148613145785962 -0.0599888958230742 0.0310435890050037
-0.292372167525969 0.202032637506254 -0.0471649224803805 0.0671286402983711
-0.308870617387055 0.182107434187839 -0.0481119925850058 0.0564483642251023
-0.352193587078559 0.007560584964555 -0.0697131956992814 0.0565377062132214
-0.316536255995347 -0.182228992414624 -0.103474349070113 0.0178386398393716
-0.171659564362556 -0.452009209978713 -0.0730741158436313 -0.0567441797437977
0.205949188933122 -0.439555958537092 0.0544785945632146 -0.0847254396754876
0.476167739149855 -0.115996824319723 0.0922010116613173 -0.0605675787588612
0.550731570756113 0.166779704319181 0.0341463374537888 -0.0366631175281281
0.465508281181333 0.129053991412074 -0.280315979377772 -0.193405017432821
0.464457693468295 -0.0943078935070045 -0.239365335846211 -0.0194676706897448
0.267668037173545 -0.381277600564697 -0.0332682953625572 0.0884409415057331
-0.0883262637090251 -0.440483745756867 0.0103310692453226 0.0112459476432374
-0.268758775923029 -0.223599829605489 -0.0710142497353584 -0.0624400569372882
-0.295868947445475 -0.0452424937457448 -0.146600967167041 0.00405180510472943
-0.296789987101607 0.116156830507668 -0.176514702369804 0.0733961819515594
-0.258712575369107 0.159899782196609 -0.150209287470433 0.123157155219783
-0.270325213610605 0.138417853520964 -0.148482047112768 0.107204743435935
-0.294670462942583 -0.0119585086264113 -0.166720720081484 0.0705810787248052
-0.245580893211524 -0.165717301031686 -0.173659653872307 -0.00950193931836702
-0.120800687210089 -0.362432696344722 -0.0987899258027723 -0.0805591685528902
0.168670107178802 -0.346683669389729 0.0273523430984 -0.0827752974197209
0.387272893083098 -0.0953372063627416 0.00551733198093809 -0.0387381830411588
0.475607295027189 0.124706247427498 -0.127528772643217 -0.103792316716216
0.34241668810473 0.0599279283381187 -0.419239342403986 -0.277416612072753
0.319051997555202 -0.0908873489882204 -0.342163693520902 -0.0316352995369811
0.172009765132074 -0.265582817961415 -0.0682645044458029 0.0666049508622788
-0.0586719521019273 -0.285174061837873 -0.0216413866405836 -0.0253874418020834
-0.167723147125178 -0.150963054207842 -0.130476300301859 -0.0939610892793351
-0.19550249431453 -0.0418998292150909 -0.238417416656449 -0.000395238548547338
-0.21113222361479 0.0646645095732139 -0.264430506148761 0.106449148661531
-0.186155006092589 0.0931296165082235 -0.22983306531808 0.160930504109576
-0.195515960874798 0.0736265801920216 -0.226651112846593 0.136867852711094
-0.1984661169729 -0.0335462759048002 -0.234244790128422 0.0644891817004312
-0.142347623214861 -0.130616957306864 -0.210279365713644 -0.0456783215595142
-0.049016606993495 -0.228949520637432 -0.0975482493949414 -0.102339672025495
0.115662641576621 -0.205529813063086 0.0148681416630368 -0.0787619301106128
0.249677313981974 -0.0551040161312458 -0.052274581899546 -0.013842269248181
0.33331656831609 0.0686538755123133 -0.247899396584461 -0.144626636100917
0.16176015950879 -0.0195664953579452 -0.503146892179745 -0.329781509731916
0.121328085187351 -0.0729756178438585 -0.405617734674669 -0.0393245775496258
0.0490451944089746 -0.110014077179992 -0.101979853580396 0.04896004687188
-0.0228481711478003 -0.0874544886211047 -0.0478148342123609 -0.0407987164658303
-0.0411983032405999 -0.0563702140373628 -0.161864552335662 -0.0995304289470044
-0.0638223998367303 -0.0342066938882315 -0.286705208640701 0.00154675157411718
-0.0908698502870173 0.000980599985720591 -0.308718093859246 0.12482458329789
-0.0850881730500676 0.012542310659467 -0.275483000463782 0.174492770316332
-0.0936539620954686 0.000747010771091228 -0.273011072445334 0.142696252689128
-0.0811332013735686 -0.0440979789447045 -0.26822999168789 0.0402589707911192
-0.0351679046043111 -0.0759979879982236 -0.21263051428219 -0.0843403268669714
0.00832402820373979 -0.0780028621967129 -0.07598583578118 -0.118394135806029
0.0449259801472718 -0.0632398538489996 0.010256016399343 -0.07171616734203
0.0939311738313582 -0.0262093552628509 -0.0849978547410033 0.00610229647594597
0.157022799208016 0.0029184788789028 -0.316767996455273 -0.157630792833271
0.0519470227687263 0.06729387426837 0.344122864587282 0.131028400447366
0.0656611091013089 0.0200659269698226 0.163096729861648 -0.0441917150016808
0.0415134694256734 -0.0561833665118932 -0.0186270780420289 0.0464645122883327
-0.0372532958809931 -0.077231912994807 0.0302680676843963 0.125928045593103
-0.0666814277744475 -0.00961906807060396 0.167080903660349 0.125574129249515
-0.0535059063216462 0.0303759918173426 0.275791500524613 0.00859075445043398
-0.0306528036838541 0.0629043467682996 0.284949191204269 -0.11551798976772
-0.0300443102624302 0.0674066098216779 0.271369829646576 -0.154627988695415
-0.0378426009778967 0.0631262750128696 0.286489857925143 -0.132898071327502
-0.0625727917799697 0.0284366049388046 0.271894076549922 -0.026464657766512
-0.0748680356336318 -0.0195327514648413 0.187538498995231 0.0745073505092955
-0.0269081239304117 -0.0971449542547256 0.0802570455249522 0.0385310311122973
0.0689288272821197 -0.056570536026678 0.129731353779543 -0.017829306579599
0.0616155428235292 0.0439470930500002 0.33669440386911 0.0365281087850498
0.01565434042758 0.0727389104012803 0.487828197094272 0.340423162196742
0.216230750374355 0.121929701336382 0.294068973901564 0.129391343869953
0.213364823659498 0.00628326409522892 0.148177914864554 -0.0260962088388117
0.131752985951613 -0.165997198010112 -0.000907208084855735 0.0569560377317226
-0.0549740263123723 -0.221680552466965 0.0315681712670681 0.12144813153103
-0.15698049744028 -0.0918094570735996 0.146825532084508 0.116549104308786
-0.16314943781317 0.0148875632494975 0.244569099405928 0.0198323459416056
-0.144252236819551 0.112235215449301 0.245833496236831 -0.0894824951253096
-0.13491969519628 0.136689357138134 0.2330224211945 -0.117980922298377
-0.154614527438574 0.122923608599263 0.241358550026313 -0.106158369892236
-0.193047562590199 0.0212150083518941 0.225559940633727 -0.0116804254511818
-0.182124304038326 -0.0949739298206883 0.144884578204611 0.0675008923211893
-0.0726921668815817 -0.264251121606791 0.0574429922778612 0.0182153106092126
0.1603752809172 -0.209949379641839 0.135034678111801 -0.0400154668500011
0.251255069126912 0.0135063650933956 0.32704949903106 -0.00642420729464533
0.226148097413235 0.146569056996114 0.455393329460508 0.26347697871695
0.358120244986246 0.166423130162594 0.197546890635671 0.0878061683123272
0.354050568633972 -0.011191307050563 0.0991432578470786 -0.0133081688875961
0.217658691382314 -0.271885776367158 0.0120378474740951 0.0728219253854341
-0.0703089849422822 -0.357268917208753 0.0383687024518896 0.111505681417094
-0.235666678363918 -0.171579277637201 0.115912501840146 0.0884189010783768
-0.257619963849089 -0.00768011302651844 0.181973677672978 0.0227389958510468
-0.242203623569064 0.143086334179871 0.169647674301231 -0.0531451110923096
-0.220082283317659 0.184104492130033 0.159625191387275 -0.0630484035709558
-0.244236455996039 0.167385775453934 0.161930704231663 -0.0609718808934474
-0.293954602465915 0.0188340362737273 0.14489051124825 0.00689026845672222
-0.271334899538044 -0.148576803195176 0.0766441579010329 0.0530328047850181
-0.126847942188291 -0.392404528912651 0.0210624805149341 -0.00748819536841895
0.212126734321685 -0.3465950191301 0.121584411685349 -0.0617777842664994
0.397584103636063 -0.0381269220458259 0.275368090659037 -0.04394864271954
0.404142110985339 0.185448357409772 0.354366271805485 0.161129024985773
0.458410990396678 0.188559483912873 0.0608137273111409 0.0113176018313586
0.464472229855119 -0.0391177282355603 0.0116111824547285 -0.00840355564235285
0.281647877892257 -0.364670279168565 0.0121567849130595 0.0899884931450669
-0.086265818914767 -0.462815262803505 0.0421864435513648 0.0903901454898842
-0.292998142477773 -0.230055439051006 0.0689242672103269 0.0423684549803154
-0.321442209198513 -0.0290238760452029 0.0883627612858015 0.0177048912077078
-0.307048263151668 0.15311488981931 0.0634839479569447 -0.0110808743131681
-0.271646021695499 0.20472642824854 0.0612554176875791 0.00130432611143902
-0.294159559058657 0.186703695839155 0.0596802116034268 -0.00401131983819482
-0.347334104803968 0.0159964939371518 0.04099487474256 0.0311027676751983
-0.318992609046689 -0.176299560723689 -0.0103731013993367 0.0360626636364215
-0.167812140149407 -0.455368878944184 -0.0255256366441298 -0.033755565557155
0.221932095634605 -0.430949238742501 0.0913316164548352 -0.0766542924784077
0.474041002301013 -0.0877666807444931 0.189047757070546 -0.0635784113631598
0.512448255246369 0.190110102087359 0.203098424092393 0.0561791777245716
0.493133666205427 0.176336999700099 -0.103386005246118 -0.0878411515568377
0.504611251420069 -0.0692530835620811 -0.106887486102628 -0.0109691905948574
0.299159378204904 -0.404578000692148 -0.00326186788348225 0.0956364757139843
-0.0955628641198741 -0.495105201146428 0.0332776534838605 0.0545533061837135
-0.306388413437118 -0.249336627765972 0.00381752282831404 -0.0122472359013875
-0.334754307817958 -0.04300893620469 -0.026844162839691 0.00910085238838144
-0.323823091326188 0.141520692342378 -0.0572839047042636 0.0323127705903344
-0.282431317298512 0.194364236938825 -0.0461323252816977 0.065418823936914
-0.298592123064237 0.174615289643687 -0.0480299421363704 0.054869569166146
-0.342719635154889 0.00547021063235013 -0.067076672375846 0.0550380917269531
-0.307249878627774 -0.178513190845633 -0.0987142888700685 0.0168341591050499
-0.165390559747401 -0.437286964741338 -0.0686949277552698 -0.0580838541644041
0.202011149016198 -0.426035546829412 0.055966383499848 -0.0823978745099369
0.462504199642435 -0.106916489797214 0.0898171988896761 -0.0589388517016874
0.527803391877227 0.166131821029091 0.0313259824479867 -0.0331479578671959
0.451982059537003 0.131271781214406 -0.267236560588987 -0.189909047252518
0.453139192589794 -0.085713217079739 -0.229609796022511 -0.021516592273602
0.258012378228929 -0.367302030602239 -0.0318961657746 0.0850862351521501
-0.0848791117846812 -0.428755902897882 0.00974593214841611 0.0108239360128935
-0.260642864495979 -0.219041809424799 -0.0677832272894033 -0.0617691226155213
-0.288090631955141 -0.0464811788123272 -0.141335360275192 0.00140707975501449
-0.287655507808851 0.111573839704249 -0.170583997117243 0.072235643941043
-0.249596118294063 0.153397253906071 -0.147004427323538 0.118541698145681
-0.260882608226648 0.133150606729475 -0.145677509810938 0.102006264243098
-0.285756877339207 -0.013367582456251 -0.161176394136445 0.0671355392770129
-0.23820187678157 -0.1624699197909 -0.167133837210304 -0.00981967030374821
-0.114673558427196 -0.350593738131874 -0.0934868604649497 -0.0811948766291479
0.164092518439291 -0.333900001724635 0.029405458696119 -0.0810844374093884
0.37623630148697 -0.0872014292978314 0.0053592246595338 -0.038483401211892
0.454652258375515 0.124645279626134 -0.124691937140178 -0.0992412124132222
0.332777821234752 0.0629076163117893 -0.402411462345609 -0.275256243834946
0.312352649602458 -0.0851946263571246 -0.33078962101107 -0.035534431162544
0.167299278423517 -0.257345425206993 -0.0660407146634354 0.0636713539572778
-0.057536354109402 -0.278506180959124 -0.0201385032038312 -0.0246941159072879
-0.162967949633539 -0.148342574501096 -0.12575422272448 -0.0926138564784958
-0.190621281336562 -0.0430755326661466 -0.230536684793327 -0.00377568065253125
-0.204341497795233 0.0621004799222095 -0.256364752629708 0.103142352978075
-0.179344470291649 0.0900152638089326 -0.225035198663025 0.154088249669564
-0.188404085412237 0.0708772105040787 -0.221398108386559 0.129608714059777
-0.191606377210668 -0.0328489057369099 -0.22685373715442 0.0600085406941144
-0.138690901814975 -0.12743703224432 -0.201782447164295 -0.0454479994316511
-0.046552246510283 -0.220892473544383 -0.092333117096359 -0.101133570865102
0.111638225024111 -0.197396524186198 0.0156866803498171 -0.0762811694542933
0.24224863860699 -0.0516319178996469 -0.0514060361643351 -0.0154311782275107
0.319686652004623 0.0699099276899209 -0.241380379427927 -0.140914684189089
0.158943578952716 -0.0163981612604709 -0.48543502913935 -0.325784595047502
0.119240586112107 -0.0702021391788265 -0.392606591285783 -0.0433681926973005
0.0473499355492729 -0.107757141403899 -0.0994248144857907 0.0462859128456175
-0.023276680464676 -0.0859614814335587 -0.046364255314149 -0.0403845142731075
-0.039890771342293 -0.055392208811209 -0.156321507097516 -0.098480811434822
-0.0621029370922442 -0.0338690754572247 -0.277618367210741 -0.00117876352213821
-0.0874506609238592 0.00120913161546777 -0.300202465281659 0.120600104791735
-0.0824736508008433 0.0124957807750428 -0.270708165239236 0.167803127613374
-0.090017636404594 0.00182578759921393 -0.266299319775182 0.134267750241783
-0.0782472331389566 -0.0422524056746148 -0.259250123239804 0.0350490659795568
-0.0351767731705427 -0.0736176210259055 -0.203609180689527 -0.082905480734689
0.00793788251085306 -0.0746635024658427 -0.071529063620283 -0.115555867697831
0.0421609909977635 -0.0609175288586644 0.0108056188711483 -0.0697817721527561
0.0916264691006865 -0.0261137007370177 -0.0834185927783034 0.00415437472376107
0.151590175226402 0.00365871991284209 -0.308408682222123 -0.155736305658858
0.047397691989283 0.0685513883652337 0.345916059080796 0.143630977944918
0.0655217805175093 0.0242120224354075 0.16489623233067 -0.0388796608742731
0.0444081758978137 -0.0541410077975641 -0.0186916599686177 0.0458586245732403
-0.0345866782269808 -0.0776659526657468 0.0269456119562778 0.126641292650512
-0.0666680928204635 -0.0116899472232578 0.164659285090115 0.131340280695328
-0.0550991845213721 0.0296641693387248 0.276116079460649 0.0159411863825577
-0.0321705080424914 0.0616176383989596 0.288615229871268 -0.108488253324786
-0.0317615148084256 0.0668308369810575 0.278844267322031 -0.149023206706902
-0.0397397661763664 0.0611640490858861 0.291113945457348 -0.124836544613347
-0.0640575735068677 0.0261648281171238 0.273729451201346 -0.0182725914328924
-0.0736721589389805 -0.0212597523686495 0.186033898654976 0.0796437067063457
-0.0242262966169597 -0.0987520822700733 0.0786988262227603 0.0411873921754434
0.0713092061322576 -0.0548537721212942 0.131446712515736 -0.0139364389315009
0.0606181927491702 0.0477778674458061 0.338627157740242 0.0475135518764005
0.0125787931637527 0.0738358434958477 0.481904368662588 0.355723855050376
0.211153557257867 0.128014374898844 0.296395991743861 0.139514501411529
0.214556854724191 0.0147712246465518 0.150589681357159 -0.0206106233305291
0.136311006056014 -0.16174857069672 -0.000860861977385166 0.0562714640083648
-0.0499690520871274 -0.222935058755412 0.0287842966387429 0.122385357859642
-0.155995406147799 -0.0970443402363428 0.144136198111933 0.121144176922746
-0.165265906002853 0.0111306118677311 0.244045116234901 0.0263179235097656
-0.147590431598169 0.108444282919104 0.249503041825538 -0.0823433853877684
-0.137966480534699 0.133795405400743 0.238952737236432 -0.112829026061103
-0.157878371378133 0.118463262836315 0.245447418965055 -0.0987392568641026
-0.195561690874347 0.0157041998757278 0.227479394745992 -0.0050729296555367
-0.180503394243169 -0.100277583244041 0.143448628568543 0.0718859144865773
-0.0659942746675526 -0.267892741772799 0.0565109904890214 0.0187046395644302
0.167091000838543 -0.207662993431591 0.137892075317891 -0.0362783230518839
0.251993208556797 0.0234110378371284 0.329679536630517 0.00405162617144381
0.222045708932518 0.154280168364533 0.449829744234487 0.279261774236511
0.353340686390432 0.176425377505497 0.201152618395598 0.0954042769934154
0.356182696068904 0.00110078670047017 0.101927463869906 -0.00992495763218796
0.225703837843067 -0.265679093389519 0.0113277723674537 0.0734874043496969
-0.0630256200209804 -0.360589450992461 0.0356237873848093 0.112545609190687
-0.233647079419478 -0.179281455414796 0.114788606262222 0.0919156566132614
-0.260445458229792 -0.0144709015724962 0.181710620677275 0.0265461847949385
-0.246125128803412 0.137255649129816 0.172639262656505 -0.0471089179707007
-0.223750150939898 0.179980800800635 0.163549513875543 -0.0591429469163446
-0.248831582744324 0.161738885958747 0.163572158773297 -0.0556705957880372
-0.296941812528596 0.010508671414967 0.145789731434285 0.0126853871699009
-0.269567603955709 -0.155858557389344 0.0759075382772091 0.0551941005163708
-0.117152746629518 -0.397110535097768 0.0207685752484634 -0.00913424572774507
0.22105588745092 -0.344225267186883 0.125422165694338 -0.0591300792408758
0.402163445640469 -0.0243804142178218 0.27883838035369 -0.0368318589193654
0.397529292523642 0.198472236753437 0.352261980565097 0.17452224677724
0.453773281842193 0.201146517185656 0.0653192016714859 0.0139569376790192
0.468689146819595 -0.0252492199716432 0.0133290004461751 -0.00778442669403584
0.289676920999864 -0.357359777868706 0.0116479618287555 0.0903548262784994
-0.0778179346661687 -0.466613964493175 0.0400535647625738 0.0920233970612426
-0.290644224983638 -0.240227527880771 0.0684168000139654 0.0447991469457226
-0.32396467514266 -0.0379963363232562 0.0879152476916812 0.0188021359175064
-0.311356903861936 0.145887209617643 0.0651729879453494 -0.00675656811699741
-0.276000149603746 0.200247757195268 0.062814268695655 0.00312101149441827
-0.298808834474903 0.179866526448341 0.0593612000296949 -0.0017036793202303
-0.349682220573254 0.0068182426926692 0.0408089908073655 0.0339544785651039
-0.317551380634294 -0.185306078122163 -0.0106410233153602 0.0358992789718488
-0.157888748624288 -0.460221506825587 -0.0245341386428759 -0.037498594255836
0.232712848705093 -0.427133456907749 0.0964239725177356 -0.0759153111562436
0.47928733641036 -0.0718588662978834 0.191627329606239 -0.0592874627734872
0.506278766319538 0.204939268798345 0.201466998375843 0.0648612983723297
0.490156788876772 0.191055826395716 -0.0976291348511523 -0.0913273629508806
0.510686797413965 -0.0532607999147433 -0.105615978870772 -0.0153612592839015
0.308869512780226 -0.39921449971678 -0.00503324485405855 0.0959764560363064
-0.0860745762631627 -0.500570510523442 0.0320789129622955 0.0564878689782709
-0.303094255780326 -0.26025217344851 0.00400724395715591 -0.0120081487308341
-0.337216054069148 -0.0524295099782885 -0.027162708750925 0.00656083206634877
-0.327176596137397 0.134720999050497 -0.0571057632511206 0.0339824638647325
-0.286165284192502 0.189172907321699 -0.0471960874787832 0.0651762343647068
-0.302400694032365 0.167934325287087 -0.0508765072179247 0.0535952578370323
-0.345162936834337 -0.0035134961669915 -0.0689210999253905 0.0546303888928249
-0.305370253274934 -0.187343774607001 -0.0988239500189381 0.014383844934185
-0.155046281602836 -0.444690546399114 -0.068312386606291 -0.0628705754811541
0.212986203711158 -0.421940651841137 0.0607780808028561 -0.0825803875474011
0.467302336537833 -0.0930583656396503 0.0918545035921332 -0.0572196525435603
0.522176731652328 0.181806297904331 0.0308441982945239 -0.030070739094279
0.450531481512725 0.144394837978486 -0.261047975421419 -0.199332599470418
0.460522243079165 -0.0735318633962464 -0.229678354323408 -0.0291680835002325
0.269267602629435 -0.363318257928922 -0.0336433908035213 0.0850477104829408
-0.0778889256742382 -0.434947750875293 0.00955663515923238 0.0122854371168036
-0.258502209119708 -0.228617209937534 -0.0663364150466973 -0.0641050976647344
-0.290850533197131 -0.0552853925698238 -0.142063219675179 -0.00386769924474697
-0.291010867357238 0.104801054896205 -0.171956002572227 0.0710341224839684
-0.253527404146142 0.149136531612824 -0.150864176606746 0.116923856115438
-0.263931909415788 0.127537889490395 -0.150463284455797 0.0985135250956821
-0.287468466207502 -0.0212160094899259 -0.163123067968924 0.0638503649416636
-0.237120940074794 -0.169329526533848 -0.166239091366952 -0.014098603769879
-0.105957115448409 -0.354673590232083 -0.0916287690438365 -0.0862874874102586
0.172121925157163 -0.331635004537078 0.03376400829092 -0.0817049541900238
0.380008675997588 -0.0765052787749133 0.00622656039127757 -0.039614188804157
0.451103800547843 0.138689914762676 -0.124445380105977 -0.102040024151759
0.33539621455772 0.0733122742422807 -0.395883834558358 -0.289773326560496
0.318348331575534 -0.076244952111575 -0.331653490757698 -0.0474564465006323
0.173608516178096 -0.255880475426375 -0.0682730119354024 0.0623119581996274
-0.0533572663514988 -0.283031505239612 -0.0191842299968729 -0.0251738438825457
-0.161097499417896 -0.154406410486556 -0.12366033292151 -0.0971986739900686
-0.191941266606239 -0.0485718867575269 -0.232046459275511 -0.0110164443715772
-0.205795630474752 0.057695520224852 -0.259242300043788 0.0986574931825871
-0.181447228072779 0.0865939135877567 -0.231962451995532 0.150922188118457
-0.189868011497563 0.067544382514442 -0.226940428380342 0.123321905248865
-0.192090967094875 -0.0376779682014947 -0.229425006570694 0.0541420838351967
-0.137883861671811 -0.131284545772435 -0.199752441495165 -0.0504175467356604
-0.0419211125270962 -0.221983652346662 -0.0892878121394007 -0.106194308762894
0.115550446199635 -0.195418152580702 0.0198113621574913 -0.0773747216670546
0.244176971477331 -0.0450963074163373 -0.0519453184146313 -0.0180762696096498
0.317284536588178 0.0794424582736072 -0.241196228726991 -0.147603324708682
0.162294292552773 -0.0106437953620275 -0.477464605539195 -0.344839429363846
0.123648676214937 -0.0674147736171634 -0.394684815691432 -0.0568858336461726
0.0488247592882824 -0.108818524557037 -0.101293794884564 0.0433957444233591
-0.0230493252702315 -0.0883923087309812 -0.0451614581730872 -0.0414916515531637
-0.039528143146852 -0.0570389272009532 -0.154633596978785 -0.103806747522526
-0.0621542821015309 -0.0364862204272018 -0.278254771316136 -0.00975452255352074
-0.0876070221000152 -0.000195881540839275 -0.304123288902802 0.113733416396091
-0.0824101946908273 0.0113122344599792 -0.277038818632794 0.1623037453299
-0.0892704354812795 0.00139447472116245 -0.271689450141904 0.127235652437258
-0.0779921237306209 -0.0439175882886146 -0.261290304157491 0.0278755389294903
-0.0349976316487271 -0.0744860376244456 -0.200894777635697 -0.088569693081007
0.00898055454853248 -0.0742291692334493 -0.0668935023223406 -0.119121859161405
0.0426342946551301 -0.0600225575597452 0.0126117317260337 -0.0699355567884456
0.0927387647206639 -0.0249742150467585 -0.0845564469549997 0.000713108603015862
0.151227584841245 0.00809038866066789 -0.308019492339576 -0.164114602624432
0.0460478641151126 0.072444740810503 0.362258418113526 0.157544099371508
0.0680452178056419 0.0284995539657818 0.173296245513365 -0.0352388128828647
0.0486200611120052 -0.0545754571997076 -0.0197041041327614 0.047012345190062
-0.0338931794202264 -0.0814670892240168 0.0263799827249574 0.131031274210118
-0.0697634758104858 -0.0138102809431193 0.169820590057564 0.139693610378546
-0.0580392819173803 0.0304643433287272 0.287042054257369 0.0215988699520174
-0.0351164642902269 0.0631326420159725 0.302975164682154 -0.108432434698851
-0.0335480074350626 0.0690447087604888 0.296062946479337 -0.152069739640123
-0.0428655382051434 0.0625750903736413 0.306935102737738 -0.124422088497461
-0.0675279787931956 0.0253431906591249 0.286648903014372 -0.0141638310210257
-0.0753210465380764 -0.0235491496525471 0.192336005040951 0.0861493181151387
-0.0236652898169406 -0.10393071837499 0.0812591617357143 0.0448777057900393
0.0761916192983134 -0.0568052568490652 0.138019593596867 -0.0121858856713781
0.062866934539158 0.0527815033733337 0.35200801676538 0.056828279912438
0.0110236083016112 0.077284633507658 0.498669790253523 0.383857452460189
0.215798472730514 0.137293183509952 0.31134668209171 0.152631971205567
0.223979433209319 0.0219711739966975 0.158754949984654 -0.0178324641711046
0.145589823721301 -0.165600890914926 -0.000897957215418728 0.0586417962384191
-0.0488796362669258 -0.234224854594489 0.0278313916924705 0.127402759271747
-0.162023488748309 -0.104135363117467 0.148456210382096 0.129154055055618
-0.173834609972989 0.00903248453407496 0.253937738556962 0.0308161100977185
-0.155472484049622 0.110279497987138 0.262476230473643 -0.0807046111591023
-0.145225801144686 0.137859237254129 0.25447268598852 -0.114347135281159
-0.166534152155458 0.120831826318519 0.2584897160329 -0.098056246462293
-0.205146753921001 0.0124154719015341 0.238810333690592 -2.45452674605503E-05
-0.186513444120305 -0.107920553645476 0.148875970939208 0.0774357118824528
-0.0643160151356277 -0.281314253071467 0.0578910409845615 0.019963327524032
0.178075112379773 -0.214393704747935 0.146342466909588 -0.0356949709990091
0.264696926847189 0.0313174338015125 0.344518777098949 0.0107664499403222
0.227250994142964 0.165745787521543 0.467236465420183 0.301720399515663
0.363566863881678 0.190577522995263 0.213452025771868 0.104054967014819
0.373390697931511 0.00903983241244594 0.108070666187573 -0.00750800340143377
0.238179295428067 -0.272696771095534 0.0120759139815052 0.0765299330636815
-0.0613537145814739 -0.377600439767318 0.035486406196358 0.11850393810062
-0.242590949346827 -0.192054789918668 0.118052579320623 0.0984678044316741
-0.273619866507741 -0.0192873533205344 0.188299108408424 0.0306149218322595
-0.259282255103117 0.138542543561818 0.181508665044829 -0.043895318315159
-0.234813024516448 0.18497734136208 0.17400659780389 -0.059116684686898
-0.261691031265434 0.164078681760134 0.17165437659307 -0.0541738798244846
-0.31183969141505 0.00581930809964694 0.153036068249414 0.0169791824626077
-0.279167181232377 -0.167553459708414 0.078249548050441 0.0589487539126326
-0.116659659894133 -0.418726088023417 0.0204863793435602 -0.0104598209052417
0.237622767761539 -0.356423971522866 0.134621719331933 -0.0606253800178666
0.422272896513192 -0.0144955441054359 0.292235576384615 -0.0338129547005344
0.409687089463742 0.215954349203755 0.36462604360273 0.190769049165753
0.46898828396264 0.218249811578401 0.0722839929652867 0.0156960209957732
0.492042266287024 -0.0157289529005731 0.0154533710940806 -0.00849355515696026
0.307009119489627 -0.368012461828657 0.0120495603721271 0.0944706019668198
-0.0765919017348087 -0.489186091993772 0.040464381871261 0.0974820296781766
-0.301847418190668 -0.25569426915316 0.0705609859432343 0.0483900534204605
-0.340327076653423 -0.0450295218702522 0.090943662027826 0.0201574869513753
-0.327223440324147 0.147574998116778 0.0694880168715098 -0.00320867731821553
-0.289562766104223 0.205894113408318 0.0672174752315304 0.00498120859109286
-0.313922597634399 0.182555789464605 0.0611648945061322 0.000645544652479128
-0.366862239615311 0.00120930690442912 0.0428910491635315 0.0369189562096182
-0.329175641297442 -0.197994252924904 -0.0113164898595259 0.0374384837574151
-0.156630923083355 -0.485096878074973 -0.0267077127029602 -0.0414155403925575
0.250419485855092 -0.443294692869579 0.104435755947502 -0.0793146085413621
0.503288945913135 -0.06409392214329 0.202004892314116 -0.0594496150096325
0.523282062513945 0.224011058130611 0.208713939977242 0.0737650157375274
0.509113473452493 0.208154478296643 -0.0974943316085764 -0.0975894186495833
0.537831176454488 -0.0451702885190521 -0.1094136349663 -0.0182154384506162
0.328291802796882 -0.411952708096336 -0.00562280439240343 0.100910606405937
-0.0859170084755172 -0.525452493177834 0.0327627693454411 0.0611573206731066
-0.316056871982484 -0.277792636597981 0.00434942176211635 -0.0122078554970605
-0.354235179148437 -0.0600034616863424 -0.0290263568969031 0.00531221029822809
-0.343798582888993 0.136045195070553 -0.0583794801281229 0.0377700511552195
-0.300164080909026 0.194631128314484 -0.0503568220905231 0.0678851286030707
-0.318145370672127 0.170911016822025 -0.0552676219234044 0.0570393626447666
-0.361829525884602 -0.0093299690131199 -0.0721026965823093 0.0569414106572138
-0.317939455701735 -0.200479806304724 -0.102262373135348 0.0135028011195637
-0.154510474029115 -0.465906790539369 -0.071088378092164 -0.0696896167400525
0.227389040975138 -0.437449554903678 0.0679341907502666 -0.087271593802088
0.492534964451332 -0.0850237670782696 0.0971963696807499 -0.0598801358897312
0.541243026280065 0.200530828926727 0.0313016616949758 -0.029092381371652
0.469418397834685 0.160295147691977 -0.268273221736162 -0.21417342628492
0.48533262184462 -0.0675582178318013 -0.239717998060886 -0.0362980462397469
0.285763300562975 -0.376705061638887 -0.0362071831494084 0.0889368807262431
-0.0771719658169004 -0.457537074241075 0.00959019133606122 0.0145558362481476
-0.268756741858393 -0.244593612065659 -0.0683552750718601 -0.0679936589763265
-0.305266520917847 -0.0636048202892884 -0.148611554678814 -0.00837276974819211
-0.305510463898605 0.104725960186757 -0.179637804108936 0.0733853931906271
-0.265099051774964 0.153389670664698 -0.160174584905343 0.121018229368696
-0.276379767653313 0.129256361015475 -0.160731609099615 0.100562325720471
-0.300341677312685 -0.0260357608288515 -0.171415459656214 0.064721002739147
-0.246829221402408 -0.180369523280451 -0.172210393598635 -0.0171448193927663
-0.10549326404029 -0.372562845214574 -0.0951885783789599 -0.0943090013998093
0.183825459189421 -0.342923652654093 0.0388150292525988 -0.0871273242478841
0.39870954091801 -0.0706052742850124 0.00709853356356466 -0.0434536951067559
0.466871523279087 0.154080305286547 -0.130681597404446 -0.108145282596773
0.350474384592625 0.0830286807495449 -0.408058778737453 -0.313028117701864
0.337646029319383 -0.0732250120558441 -0.346375935648728 -0.0576364667508587
0.184426926640667 -0.266321721659341 -0.0730211827763974 0.0644326933003389
-0.0541554865257843 -0.298567198571401 -0.0196440836916678 -0.024921973494209
-0.167754114577807 -0.165462339774549 -0.127752423718618 -0.104257739717926
-0.201996124522131 -0.0549815224234237 -0.242131443450525 -0.0168118081304954
-0.215599608904073 0.0570919765826422 -0.271994906683961 0.10046681515594
-0.18987958088602 0.089202735582244 -0.245869082757619 0.155114741143487
-0.198111402157315 0.0684180118655362 -0.240972154331263 0.124929841484119
-0.200539582229416 -0.0420386162790302 -0.239913753723343 0.0525993315868361
-0.143118657099675 -0.138755041983772 -0.206310688316192 -0.0562363706089409
-0.0407128931130633 -0.232249672579894 -0.0909528600507211 -0.114014503942386
0.122211148222712 -0.201121654659627 0.0233161147489965 -0.0818921937819048
0.255856245011914 -0.0427503806216381 -0.0540303350282991 -0.0211123829906103
0.328957407474681 0.0897765010157184 -0.252422645709643 -0.157848681808711
0.171840404726018 -0.00814920575024227 -0.496361969107031 -0.370479874628622
0.132182414373789 -0.0684920961814065 -0.413315972907732 -0.069901681905911
0.0520929175921493 -0.113709580193452 -0.107110511918117 0.0438382537051097
-0.0245726998582049 -0.0930596813100884 -0.0460916955123979 -0.0438456670958953
-0.0410380247877501 -0.0611590402409878 -0.160091624253097 -0.111932035465185
-0.0656160117346475 -0.0399207755675783 -0.29102476119784 -0.0157420641864429
-0.0909916797482408 -0.000909201092640585 -0.319071557004781 0.114529390429668
-0.0858289687266005 0.0116142760381492 -0.294530035295003 0.16663156834387
-0.0923067444773269 0.00117846134511329 -0.287632371982058 0.127425675591269
-0.0808279216438988 -0.045702469118117 -0.273606065907801 0.0239682831244769
-0.0369629721684966 -0.0775470250792549 -0.206750311446528 -0.0962744450678153
0.0100065377040911 -0.076844961594442 -0.0678358593369034 -0.125752780984964
0.0438544760789472 -0.0619419307417063 0.0153073446489788 -0.073175316715908
0.0963046167529893 -0.0255062417591442 -0.0880733975904228 -0.00145738689297329
0.157591619567632 0.011807029892496 -0.322134647299669 -0.176702980896809
0.0479658550379558 0.0770983755275885 0.395093197548291 0.162150129711602
0.0730319037885401 0.0311258861540419 0.185914340666363 -0.0398386059129763
0.0518471005141142 -0.0581990449050163 -0.0196366296406643 0.0499234198061701
-0.037106200916863 -0.0859345582604921 0.0298141627885288 0.13838410388222
-0.0750517251969741 -0.0132406328929878 0.183670616159188 0.146223464407402
-0.0613784641856222 0.0346511977544189 0.307205776004371 0.0186989198786169
-0.0368875128641359 0.0676487212529233 0.321046115183711 -0.1218436910749
-0.0341089403481616 0.0741862613275529 0.315103255003448 -0.171231101441297
-0.0451289346716644 0.0673667800870037 0.327116173439348 -0.138556326943425
-0.0723391885387722 0.0277451314489607 0.306926239497247 -0.0191366482526845
-0.0800913319648613 -0.0238621685436304 0.206719644540334 0.088137847015889
-0.0275662770424776 -0.110686191303483 0.0873840157139803 0.0464913283249607
0.0807574550051141 -0.0627814609297922 0.147066270459473 -0.0148831576796763
0.0694371689039807 0.0566817603582323 0.378018834579684 0.0555114423287499
0.0122183278369028 0.0824782190348916 0.542089392931988 0.400459902159165
0.230253853870102 0.142881646739563 0.341310054574895 0.157173534143467
0.240377712837143 0.02040515815754 0.170616803083934 -0.0211018121408472
0.151939280403685 -0.178693593773431 0.00111645164765348 0.0617680447010039
-0.057670323051487 -0.248196135580935 0.0320811198727356 0.134882202369747
-0.17585130284496 -0.108281231075302 0.161093853268916 0.135697638578379
-0.186413343150869 0.0142170297191453 0.27105044813941 0.0285265197183782
-0.164160612036508 0.120878558854391 0.279294587095255 -0.090272065989608
-0.15060096555991 0.150402685510183 0.270879759949996 -0.12928318407507
-0.17615055459281 0.132250408678491 0.274686306292279 -0.108769487821254
-0.219817945361166 0.017047951257803 0.255855469198927 -0.00386152853696488
-0.200794641023062 -0.111658142138621 0.160318608925754 0.0799388709783375
-0.0752144445076229 -0.300009348418498 0.0608456562213584 0.0195452084285768
0.1860348128694 -0.233233346896906 0.15733697466883 -0.0416271371647408
0.285192389487305 0.0310534961928015 0.368768304916648 0.00523407951779029
0.245211685618886 0.173167666670286 0.506052860087819 0.314675410381122
0.389784683546326 0.196101564888668 0.234953054647536 0.106884169635861
0.400109316827123 0.0035285495961494 0.116634155643743 -0.00962590757430372
0.247839459115368 -0.295037400892308 0.0156145614329516 0.0806314508192029
-0.0758646683436799 -0.402028298608331 0.0409512977117919 0.12619747780044
-0.264693452405635 -0.200479048986226 0.128180367963471 0.103689906771298
-0.293785605294262 -0.0139706024377583 0.201062879098295 0.0283068295306441
-0.27345578424614 0.153553960343827 0.19462158145299 -0.0484390178463266
-0.244909891485135 0.203309015716716 0.186600557287786 -0.0671498562157662
-0.275921568707645 0.180221033146998 0.182640960948952 -0.0601325075226928
-0.334322934447531 0.0123820171345176 0.165151884319722 0.0157511161980737
-0.301283276076431 -0.173389206094025 0.0849239760041674 0.0622331041721243
-0.134431112338075 -0.444822147665786 0.0202696443552143 -0.0128760048705656
0.245712440295273 -0.38594976415308 0.144826155761065 -0.06973816189852
0.452603105756516 -0.0219567263173671 0.311285361275081 -0.0418389628988047
0.441291500149473 0.221938380478003 0.393435364232569 0.19860338907157
0.504245619693117 0.222648807239344 0.0817427651990374 0.0156862337438112
0.526805113918902 -0.025369676065946 0.0175857785070902 -0.0086502613775786
0.317281830641406 -0.398785678754147 0.0160093223863513 0.100169191486534
-0.0946405969375625 -0.522552025516589 0.0462259426057336 0.105369604156459
-0.330819600223955 -0.267998968166856 0.0768211655898573 0.0515783838600815
-0.367176384928465 -0.0397707010959291 0.0968313017413648 0.0188957208596879
-0.345859869578973 0.164454645930683 0.0757537219107313 -0.00198416234178375
-0.30235045065748 0.227471024636998 0.0730523843235697 0.00386749027321476
-0.330177724041643 0.20223176339016 0.0645432139214154 0.00132860170349775
-0.392815539347182 0.0092359155828713 0.0482084856989519 0.0397786161414682
-0.356842359559786 -0.204000883661213 -0.01092422540193 0.0410242905752308
-0.17949798530433 -0.516018019316952 -0.0314246736573625 -0.0454222541037397
0.255145769477046 -0.48033176933662 0.113659997089696 -0.0889960723930066
0.539103771285027 -0.076073515725023 0.21417032478548 -0.0695019999009119
0.561183966775658 0.229495119033337 0.22359948458329 0.0764310938482843
0.546550769272633 0.212644511151945 -0.103358248127755 -0.102702763283994
0.577329495344217 -0.0582898093695022 -0.117350293889906 -0.0176090878246286
0.339762092502718 -0.44750692334961 -0.00278031152485466 0.108260827493068
-0.108179453982996 -0.55976179504991 0.0377984289194072 0.0663931652104536
-0.346510316126496 -0.291756483158889 0.00477479685048861 -0.0119618463787334
-0.383237566966023 -0.0567790778109793 -0.0312912697337288 0.00526002029502014
-0.364597709121293 0.152208269900197 -0.0598122551624506 0.044477896878242
-0.313933935293274 0.215632543263163 -0.0517927227456584 0.0749084109397826
-0.334293580323108 0.189299312145434 -0.0593987257847529 0.0635088348488191
-0.387755985600525 -0.00211030179383614 -0.0748358550111559 0.0626381330842583
-0.3454320156293 -0.206343920047481 -0.107963440096742 0.0173879057866376
-0.177305336124604 -0.495896520197866 -0.0791672453763838 -0.074058247321477
0.231773962419802 -0.471598370884133 0.0737313288404966 -0.0974621198745642
0.525097038776423 -0.0985735358666222 0.101844790109298 -0.0677146582549378
0.579800825731519 0.204882036625442 0.0308405986052719 -0.0300282357998523
0.504508821667365 0.162081211723384 -0.289465794378948 -0.2246920160827
0.521934363456044 -0.081136082319672 -0.257994783617798 -0.0354023154697342
0.296191443449965 -0.409081121115485 -0.0359833998208374 0.0968496016653263
-0.0969037459147894 -0.488250554528859 0.0125730454438466 0.0170856821326064
-0.295617946462913 -0.25750270047456 -0.0738696418338778 -0.0704258748901855
-0.331069656640179 -0.0615768693201403 -0.159508609771785 -0.00720743715133243
-0.323177902283982 0.119352769816773 -0.188840696583672 0.0855316760589418
-0.277865958174636 0.171402161521129 -0.16867340923902 0.134395373782587
-0.291099481147098 0.14442968227618 -0.171468894759068 0.11242531997766
-0.322752934514812 -0.0217808313662417 -0.181002344714874 0.0721323600584186
-0.26835633885564 -0.186590654787147 -0.183454569840599 -0.0154360657210586
-0.12182595552211 -0.396388968357109 -0.105277941006319 -0.100803691202686
0.186672037371404 -0.369333903093891 0.0424987039326932 -0.0963876000276487
0.425053004671091 -0.082051565373903 0.0067598454291577 -0.0483103583058334
0.499344610410158 0.156679510127306 -0.144588523538102 -0.111342220390181
0.376897757668694 0.082573464882164 -0.443997295895534 -0.327118433710292
0.36220789909216 -0.0858144301664389 -0.373526908505003 -0.0559143992240693
0.191029291821266 -0.288537467300168 -0.0756624471680577 0.0707081171774171
-0.0677877639358027 -0.31868600776149 -0.0198206489722189 -0.0247790100731075
-0.185556524490831 -0.174327270210624 -0.138636165516486 -0.108488021426358
-0.219575010591132 -0.0544968773989371 -0.259942088904475 -0.0150005872400407
-0.2284074965142 0.0664629299327453 -0.287139455715753 0.11447557238048
-0.199493624343531 0.101178532488935 -0.260107052814368 0.173315997417079
-0.208479684435157 0.0781960299217946 -0.257558010124326 0.13894504423126
-0.215526267657162 -0.0395378877367176 -0.254868992581882 0.0598503905874356
-0.157009417690281 -0.144279966303606 -0.220341739322833 -0.0560148633974815
-0.0492869549676859 -0.247166421083903 -0.100577674568544 -0.120946078334037
0.123745464015797 -0.216965528095406 0.0246539047692778 -0.0898226224009766
0.271057787676384 -0.0493804367481204 -0.0576921269144038 -0.0233429231457857
0.35225754166785 0.0903063987142879 -0.27629450030364 -0.163115416011888
0.185637950099245 -0.0116283374719354 -0.538563730050777 -0.389205398511351
0.142515979039337 -0.0765989278731813 -0.445875673110871 -0.0680114492213792
0.0518491925871262 -0.123964600411115 -0.113506194977942 0.0494881659029724
-0.0307356337719959 -0.0990404919805879 -0.0488243355828163 -0.0454371796379961
-0.0465100817502892 -0.0654865860174904 -0.17398689500131 -0.116831736241634
-0.0723789784876908 -0.0418349705568864 -0.311926077850952 -0.0123344481469625
-0.0969336542400678 0.0013946077738342 -0.338637115589002 0.13023960587971
-0.0909916106904411 0.0156623090398919 -0.312170195820264 0.186263383758266
-0.0979223978391045 0.00476437778725003 -0.306690848862923 0.142170443702475
-0.0868511675305357 -0.0460692805733172 -0.291769458936625 0.0298390143005709
-0.0423019833691506 -0.0805722617673576 -0.221353503385928 -0.0987187341481864
0.00803102813858075 -0.0815369411266374 -0.0743888192013271 -0.133677090241281
0.0441452290430979 -0.0661484208040633 0.0153121423838541 -0.0797488161336743
0.101503310511601 -0.0298980971295974 -0.0940076068971216 -0.00132695226248838
0.168469143388184 0.00976227125802363 -0.351593157450094 -0.181658944133228
0.0410573708777124 0.0838878539155427 0.385139787716553 0.237152807877053
0.0692940914613372 0.0437881079474016 0.205450550188348 -0.00962932598116716
0.0647788806941436 -0.0485895007281519 -0.0248584785901734 0.0448752821300942
-0.0203343321705169 -0.0934376267780793 0.008209321524965 0.142895944594895
-0.0706949653084055 -0.0296797841995203 0.165720727616033 0.182988238542887
-0.0677092774292526 0.0224137482164031 0.318367238011815 0.0696481973729194
-0.0490216384541403 0.061990261271086 0.357260032503289 -0.0757789662275259
-0.0487417314948181 0.0680196250245902 0.361966137556084 -0.130255512236703
-0.0592480956717505 0.0611814410948439 0.369187131006619 -0.0974601421953635
-0.0791620243630988 0.0146176473164668 0.327361271917683 0.0265635831814858
-0.0767766245765306 -0.0415366030848131 0.204926160996096 0.125517334993994
-0.00893163504675539 -0.120341197798217 0.0869073058248572 0.0686631280046153
0.0993158162554452 -0.0483499868969301 0.154477915070775 0.00897561381351118
0.067835302512928 0.0773548710976188 0.379936917005023 0.119239919569074
0.00286499966701335 0.0944468418811515 0.498932804331793 0.514818378404243
0.215132442946935 0.185051974666069 0.337149188715272 0.226972128118384
0.242859073114427 0.0614142838695013 0.191095437076767 0.00773187506458518
0.187969450446796 -0.153876274868242 0.00131222297390231 0.0535808545021154
-0.0162049450841038 -0.261722241167541 0.0143137591964618 0.129792084740988
-0.159404015056415 -0.145200573248273 0.136297079833939 0.164069540111069
-0.194925180517618 -0.0202996428537063 0.275767163353182 0.0733833964670687
-0.189466275203537 0.0963661798804331 0.303259347924995 -0.0499203455201587
-0.184363541364841 0.124507284767937 0.308705991576121 -0.0926217710581642
-0.207566964502274 0.104965170013706 0.310626222024372 -0.0753748274570689
-0.233619996548623 -0.0231432324953108 0.275217466400661 0.0330708240259875
-0.186860698861551 -0.15903141252164 0.162316061800864 0.113412601605278
-0.0264477418722877 -0.328947837507968 0.0695671952116081 0.045733037843808
0.245006195282639 -0.205722430844915 0.166312703538067 -0.0145312564628554
0.301167285974787 0.0920496302208902 0.368304704462998 0.0634872784505941
0.234759621080848 0.239559978647472 0.465951772683383 0.408282772745772
0.366830393680989 0.270086595580079 0.242781336259125 0.160968241853936
0.409281382580494 0.0726036058089137 0.13788047895898 0.0101345875580573
0.305712980788942 -0.254972393043172 0.0198256357571568 0.0690194887056565
-0.0107858516348765 -0.422430549589945 0.0279728286107345 0.112494549755834
-0.236031719148734 -0.25542792507983 0.101895340959766 0.121510640303323
-0.303629047065174 -0.0678081397634387 0.199429227753601 0.0603797323628655
-0.308336167175007 0.11185762136219 0.204747263741567 -0.0208895126952125
-0.293065541484406 0.162555757986435 0.208097558506369 -0.0410346268692081
-0.320480033005482 0.138017874541088 0.205178456936771 -0.0392339343840336
-0.353218940871232 -0.0483890595548508 0.178987803186656 0.0373560039853866
-0.28151804943413 -0.245080670832532 0.0899529377416628 0.086150452793249
-0.0644108784493247 -0.493091674093553 0.0390832063777552 0.0115880423411725
0.339094665290136 -0.354540675485115 0.156549772922216 -0.0428438487456203
0.486381685216737 0.0693279264400663 0.310248051860777 0.00695495149543828
0.434639931592483 0.332183859958428 0.360401595534545 0.259068382790839
0.476291107654884 0.319856872010197 0.103498084674547 0.0426364486461147
0.544823886077102 0.0658682910104258 0.0371684709463259 -0.00574590332240934
0.397150279466734 -0.349472914410379 0.0215164624026101 0.083340458554294
-0.0135520088298798 -0.547454262213006 0.0394048169054466 0.0835391654012402
-0.295011819355144 -0.33574294613087 0.0521617649146857 0.0553861367459284
-0.377083353445602 -0.107101502370047 0.0896621546298655 0.0325919642812607
-0.385025400128212 0.111331902527223 0.0699732511728184 0.00852349813992965
-0.358190203739502 0.177344792177062 0.076706574999356 0.0166564409346404
-0.381517144847132 0.15029008779909 0.0703883217399845 0.00652572373256328
-0.415095214218993 -0.0622744281332892 0.0529306985036841 0.0431175050080961
-0.334156538198354 -0.289203977258216 -0.0046362703172008 0.0504806463904905
-0.100143403287612 -0.576573702136654 -0.00624559584007484 -0.0276884066594086
0.367857178958081 -0.449179921481009 0.126620391220705 -0.0672188141588648
0.586885456408362 0.0273717638659613 0.207790276901232 -0.0358537373221078
0.559917469186011 0.363969947324045 0.196512936515343 0.0973235868527891
0.519017969159792 0.318924464233627 -0.0674366811755224 -0.110593770535012
0.602423821782606 0.0407256062896185 -0.101848677382773 -0.0383444911431581
0.428083860204286 -0.395411218048615 0.00245444168371043 0.0859301699415622
-0.0205867324849218 -0.589520427995722 0.0371268601923991 0.0392053875154534
-0.309027142297746 -0.362481650753853 -0.0139327723813693 -0.0241269784284199
-0.392140223832067 -0.12760959699099 -0.0438137130542785 -0.0035560662170602
-0.402164113699875 0.0967533154538866 -0.0819750284617485 0.0355045791848784
-0.369365684100597 0.164214775639853 -0.0670803706401923 0.0720739917875169
-0.382493370085361 0.136211999085544 -0.0713040925728513 0.0531944305840465
-0.407800957546146 -0.0734658392929755 -0.080064820105273 0.0482479909510459
-0.322189181199622 -0.289750576301893 -0.103692090418567 0.0101944985220974
-0.102357147165256 -0.555632772829987 -0.0523879574647991 -0.0673168332477056
0.340442698638748 -0.446488393929856 0.0869849508993218 -0.0829716255059943
0.575331809057906 0.00147200770596418 0.0919923378198648 -0.0527343795292576
0.582485865885445 0.337326188786981 0.0107803246795273 -0.0484793406532959
0.48165570762362 0.261419449689494 -0.24214636051738 -0.27021318863859
0.546860077724139 0.0119787329066218 -0.249292481008287 -0.079736802931077
0.376248309969535 -0.36480489622092 -0.032368555153525 0.0708181060141035
-0.0232469406271258 -0.514910712957603 0.0179671446803696 -0.0116437349769851
-0.26302777064463 -0.317153389291791 -0.0851213725721655 -0.0968412830728307
-0.338179031443524 -0.121210738418851 -0.175633402264673 -0.0370079799279102
-0.354120703242361 0.069587195622278 -0.223647174225711 0.057670441877738
-0.323256814945495 0.126079643387632 -0.20017045809719 0.115565287506878
-0.328282960857073 0.097862710621281 -0.198527632486986 0.0881209816130791
-0.335869970028747 -0.0806424788194738 -0.194714958956425 0.0425020265354115
-0.246737315554967 -0.252317294717048 -0.179815669201691 -0.0363480554107721
-0.0617687518846926 -0.440708135173083 -0.0791173549516692 -0.103213074584441
0.271155635429956 -0.347844590527692 0.0551340738146457 -0.0888442089588979
0.463609297921449 -0.00236609641863626 -0.00543242524728078 -0.0488325607235832
0.504786169325924 0.269013092692456 -0.156926312044768 -0.161043709049344
0.361900723935816 0.157256321915469 -0.391054547480322 -0.40651072866934
0.385508540696172 -0.0209530860090074 -0.373249131508877 -0.121022081784488
0.246609272362903 -0.260728311819294 -0.0771064655078808 0.0449864137611785
-0.0216810680960763 -0.335908531310613 -0.0119322806020855 -0.0502239274376045
-0.164350982083127 -0.211196648543707 -0.140137848436501 -0.144215932664387
-0.223893831437011 -0.0939474072682136 -0.277819627432359 -0.0601576910838219
-0.24797421485735 0.0310653520304182 -0.329905366331102 0.0741266793713392
-0.227570878706652 0.0693235114821902 -0.303783980622204 0.142036112093806
-0.230603724593396 0.0441984959261121 -0.293242492204951 0.104384830417642
-0.220531246227575 -0.0801654668386317 -0.272925190376555 0.0200722263331332
-0.138162467755707 -0.184445112216756 -0.215987129721589 -0.087632490444668
-0.0106315981140901 -0.270821579864708 -0.0773998950972243 -0.131223236010176
0.174196772060379 -0.201421660185772 0.0375190266255005 -0.0876779417178747
0.294590941424066 0.00126327367118132 -0.0691150714313188 -0.0346972015217401
0.357698508931342 0.167555400497898 -0.279768717843626 -0.232482732896312
0.180072355038313 0.0256373089005048 -0.484598704433506 -0.490929456025806
0.157498339581694 -0.0486872401531106 -0.454400657841 -0.14456426451041
0.0749841186455489 -0.116646968461925 -0.122430289786733 0.0259618477352401
-0.0184579283259552 -0.105969008661544 -0.0424111062357813 -0.0626654671967434
-0.040177377665114 -0.0737026100597886 -0.166498818163664 -0.15431127974248
-0.0720725875255872 -0.0538030623603867 -0.329179308492369 -0.0653668872704138
-0.100831434156063 -0.0134107266661941 -0.382462473046467 0.0825123872498103
-0.0981836840279165 0.00222502557735775 -0.361311000899546 0.14784706215431
-0.101121879067414 -0.0121766066920019 -0.347763365199548 0.10026058018064
-0.0844867943224583 -0.0629501200078586 -0.309423056798557 -0.014790726855604
-0.0308115963791695 -0.0933287070069547 -0.213988230817703 -0.135324619041901
0.0214453869608246 -0.0868900441699038 -0.0541987216901463 -0.147497375971774
0.0595752079539025 -0.0605921322439476 0.0281092195784649 -0.080520165303852
0.110367847905076 -0.0126663159098688 -0.101859725968165 -0.0178733031682691
0.175448335872707 0.0440984483856853 -0.34787758255138 -0.257071476713272
0.0464203237092152 0.0821069102407568 0.415825951447944 0.20793712329838
0.0735530136648585 0.0408305978696023 0.208839767166235 -0.0263444849916275
0.0623981084734803 -0.0537403253560304 -0.0214754207733235 0.0477234861969728
-0.027129461641855 -0.0933801530180745 0.0190959431736023 0.143787181766312
-0.0744028214392317 -0.0240871332471893 0.183306430879559 0.172311933051671
-0.0664875700399849 0.0292137176217104 0.329495503324311 0.0443955410604922
-0.0447417079780541 0.0677071796792803 0.355923570987905 -0.106505361198151
-0.0435508765668187 0.0724248278692079 0.356669126752945 -0.164846932553027
-0.0557283304622555 0.066715753088818 0.367218474153041 -0.130434190766342
-0.0797969319531211 0.0205665218996688 0.335969056203292 0.00037628283604657
-0.080169908372316 -0.036369594262623 0.218400549711437 0.110515129494057
-0.0193365999425137 -0.122073172761056 0.0934596679760644 0.0630284815772341
0.0969621805191733 -0.0583797146279764 0.157551202157718 -0.00307667239631681
0.0764230761998231 0.0732034597175234 0.39543273243417 0.090660196216642
0.0100690560588282 0.095578691649512 0.551520951748816 0.482735412900155
0.231224302575516 0.169863143847472 0.36677390080486 0.20093935016652
0.251162138252623 0.0442376718605667 0.196641844469093 -0.00726267171649355
0.176792601911172 -0.17043551747074 0.00680793228364753 0.0536354124102828
-0.0393080951421819 -0.264918187248052 0.0251031434547407 0.130027670211846
-0.174983580200425 -0.133555586782669 0.152935817952282 0.156201949590076
-0.199885602352491 -0.00313167869552569 0.286431550511323 0.0518771058157431
-0.18405482083671 0.113510759685246 0.304830568147823 -0.0752519033807319
-0.175246283236912 0.14220878397043 0.305913803827012 -0.122126405196662
-0.20194782362817 0.124373188161719 0.309926779086821 -0.102238674850276
-0.239927694696942 -0.00490034284932686 0.284373147511517 0.010511693135602
-0.202293503162203 -0.146566303640082 0.174711812639749 0.101929079937913
-0.0558118073151295 -0.33242504280321 0.0734877436047794 0.040831107991434
0.231329243397628 -0.230087809097654 0.168551075221418 -0.0293747376929801
0.315224267351337 0.0710347770425813 0.379044834236147 0.0357524617616239
0.257071473941817 0.223257574189159 0.507946717341137 0.377543218829411
0.391927739303692 0.24314037325933 0.26463678693583 0.141718336307835
0.421535667442309 0.0408584250008785 0.142766933153522 -0.00107028583774417
0.286753564947502 -0.283518980878679 0.0270870147055894 0.0672013763609895
-0.0501295277126988 -0.426306642473217 0.0387134461061503 0.11128975343339
-0.263685957431808 -0.238936552553213 0.114306987318853 0.116333460755651
-0.314845494687571 -0.0417866914844531 0.207474240503624 0.0447438130902928
-0.302507090135099 0.139794668216369 0.20830543321748 -0.0363145407812126
-0.281454294383721 0.191677464790628 0.20962788990377 -0.060222373306469
-0.312955043250116 0.167200649443141 0.206001300369751 -0.0552281809539476
-0.363385563232483 -0.019783839414238 0.186469175086103 0.0225456700213622
-0.306508301782976 -0.225439960091092 0.0994714270306976 0.0805929784744501
-0.10844834779598 -0.495658677217064 0.0381935069825443 0.0087337275844262
0.312178938931646 -0.388604636382168 0.157611980692841 -0.0593066713027341
0.5036389221227 0.031647173075026 0.312690907828865 -0.0195419671683635
0.466473738249893 0.298996304575152 0.387370757333153 0.23423086193834
0.507851729890827 0.285650613383276 0.112408198157727 0.0342493714392252
0.558409128384765 0.0216412337216922 0.0389707189098178 -0.00842095981953245
0.37091064625038 -0.387545165106835 0.0306093689486029 0.0824365626583859
-0.0638763546289034 -0.553785684338322 0.0485238352842656 0.0818551809725845
-0.330931699865404 -0.315068650719221 0.0582956370698546 0.0536379603372783
-0.393407729754466 -0.075109570401352 0.0930040626874391 0.0255482405755984
-0.381695650025561 0.146121968762732 0.0747977511432851 0.0051398733014053
-0.345734903619024 0.212043777133826 0.0808976965038327 0.010382429847902
-0.373517367885836 0.185332127294964 0.0729266067933324 0.00309832246867315
-0.42944032809975 -0.0275596032458274 0.0595392378645988 0.0395879352355484
-0.364513688825694 -0.265636022200814 0.00067775509577502 0.0526160879226492
-0.152646592598632 -0.577495929208297 -0.0111636146145517 -0.0281811432612682
0.333209968590338 -0.485945465498321 0.124725807735819 -0.0831322158558044
0.602378042987344 -0.018615251232965 0.205814793582689 -0.0557969447189442
0.598320672371345 0.321299342604159 0.206889411875346 0.0839513212873357
0.55320204419052 0.280257680847064 -0.0756356939453466 -0.106582070067422
0.615702954215455 -0.00772893125252581 -0.105224254350248 -0.029359393051696
0.397951505377346 -0.437120604694411 0.0120988993196018 0.0864568857201632
-0.077591914980323 -0.596447108148316 0.0431987124200571 0.0368845238976718
-0.348225179593778 -0.341454303510848 -0.0158969251295325 -0.0220994343728019
-0.411379841915965 -0.0938252138241403 -0.0454967140563529 0.000112704434487223
-0.400855744953046 0.132551823118982 -0.0770436230755926 0.0454681202415761
-0.356882628903074 0.200315502225768 -0.0601020430188207 0.0796331523404446
-0.375575582377641 0.171633752849512 -0.0672070250089691 0.0624730544865631
-0.422331616177192 -0.039218110597806 -0.0758830405866158 0.055633245472087
-0.352345047951073 -0.266365571678499 -0.102479983965974 0.0198560671152966
-0.152610702024646 -0.556214770492814 -0.0618137872637027 -0.0646522122493572
0.305894142677934 -0.481035648391914 0.083007971872101 -0.0955247238943738
0.585864137167934 -0.0433491382035315 0.0876457923073236 -0.0631433553579179
0.615269471924009 0.292335824928051 0.00443351806999229 -0.0475178600525968
0.510477893935716 0.226793203188283 -0.267749481068847 -0.253038646357883
0.559425258336275 -0.0356504015087553 -0.260649757543546 -0.0595393203480385
0.34873294390937 -0.402672344642113 -0.0252865250138085 0.0739450839965425
-0.07173318192833 -0.521508785826055 0.0198735789534897 -0.0129912824353592
-0.297933926093576 -0.299590110779713 -0.0937339267008829 -0.0909768839237839
-0.356830982716298 -0.0927332278811397 -0.18285461467562 -0.0231111961014057
-0.354418814529386 0.101149675394749 -0.219327484667491 0.080099725981325
-0.314443305728796 0.1583250200203 -0.192605186004843 0.13608183110682
-0.324306442389347 0.128105540969344 -0.193874058134466 0.108540362222408
-0.349212723459727 -0.053274438891828 -0.193310171027066 0.0590350574820572
-0.272137906167258 -0.234639582195904 -0.183508410077694 -0.0212336907301515
-0.101881794926464 -0.443249480440415 -0.0913242579788961 -0.0980714857523165
0.24334915500634 -0.374281104092855 0.0497575937308476 -0.0990507089558447
0.471853233435509 -0.0389189453203456 -0.0108479085894753 -0.0517390774838064
0.534046623891546 0.2304806348292 -0.176475560533217 -0.14863878420339
0.381387115957479 0.130026421443147 -0.429558630847872 -0.378909064651461
0.392324913928821 -0.0546017435405618 -0.390763940447789 -0.091058130468694
0.226852115189573 -0.287027432875026 -0.0728819430569429 0.0516607646564883
-0.0543690713396211 -0.339682419527274 -0.0144771935134318 -0.0500038786909414
-0.187899434667453 -0.200149040366426 -0.154350038668533 -0.134644139566776
-0.237411408731465 -0.0757652951789369 -0.288078174925481 -0.0384291865660049
-0.249197869210776 0.0530325830311324 -0.327227075608522 0.104365438724333
-0.222763847122896 0.0923684545910478 -0.295079305119333 0.171813639371768
-0.229800011092591 0.0654502429999392 -0.290438619736799 0.132653341088029
-0.230907114739033 -0.0618530278823368 -0.27559036675216 0.0422453411136962
-0.157093278046227 -0.174820263618983 -0.225276586909132 -0.0705565099481127
-0.0349067759950046 -0.273731421022281 -0.0908955191657678 -0.126862188968445
0.157492391844135 -0.217201762458648 0.0313421558457336 -0.0950595890132546
0.299714836625239 -0.0218989698742216 -0.0738321763634391 -0.0315649071716543
0.37603255628595 0.140066738711836 -0.307403187054335 -0.210323382538927
0.186166024294959 0.0112953540908053 -0.536162436776783 -0.457426161631193
0.157130333021469 -0.0638446999481499 -0.475924089926648 -0.108919545021124
0.0647593883722466 -0.125724264885701 -0.1206131344878 0.0355490154408948
-0.0301991300378268 -0.104989010444358 -0.0469072457069853 -0.060141075170498
-0.0482603107773275 -0.0724657778137323 -0.182755969315899 -0.143165930210719
-0.0795343508791254 -0.0482639187180268 -0.340646958750706 -0.0393690653398444
-0.103242657833259 -0.00493535627224448 -0.381059366817408 0.11719753167375
-0.0979196887504385 0.0119866521794272 -0.353949661920427 0.182767828233053
-0.103174080917888 -0.00213416554182017 -0.345136287220629 0.132302299812059
-0.0912325349881939 -0.0561103165301341 -0.316724619295078 0.00952224195186107
-0.0396678522972278 -0.0912266699097948 -0.227650884645736 -0.120095395298028
0.0134665109054063 -0.0887869883055421 -0.0679745584965237 -0.146441748129749
0.0540380613382823 -0.0655473371628091 0.0215679052594666 -0.0855862155176479
0.110447442704635 -0.0214865909516461 -0.10470028851868 -0.011615096110072
0.181274129866178 0.0298317221121621 -0.378298209121528 -0.230109214195247
0.0489183089393124 0.0783952975333757 0.423225214361178 0.175131734751242
0.0751350230760559 0.0377057285168331 0.205127205197837 -0.038768430054753
0.0587779708317355 -0.0553738903146378 -0.0180964881890922 0.0482256054957362
-0.0320502930299561 -0.0903652223536691 0.0270543199897222 0.139089016072707
-0.0747037159357929 -0.0190872001305208 0.19071469791379 0.157947119855478
-0.0624934448328052 0.0330053128149365 0.326022256264113 0.0237499293642178
-0.0396535986003813 0.0689387507738525 0.342770308112019 -0.126364781064123
-0.0379121617270327 0.0739241906659094 0.340028940196186 -0.185954373375982
-0.0512202030596313 0.0687169946850148 0.352957238318941 -0.151283669436308
-0.0777343642395372 0.0251661619769023 0.330579018948154 -0.0198928263023271
-0.0802168957124578 -0.0310471798968433 0.221073615652625 0.0946251154898555
-0.0268044277322348 -0.118493297950008 0.0948277115170661 0.0561443643428828
0.0907604535500479 -0.0636517865397924 0.154666815116497 -0.0122043049637
0.0803170296116313 0.0672359403743974 0.392828831066238 0.0662814510893643
0.0152304622864006 0.0927489324931835 0.571585119625569 0.437148534639295
0.234718571963903 0.152233906138581 0.375102914086058 0.171175276355895
0.249468359626128 0.0297792193847916 0.194010460695305 -0.0202691035647443
0.161526199651348 -0.176255479811639 0.0101075950931412 0.0513029050480212
-0.0564732980196915 -0.256177666696715 0.0329175919440403 0.12477856223265
-0.180941900346987 -0.119383093307379 0.159961039433581 0.144296743473412
-0.195622279537387 0.0106195495315265 0.284174240090896 0.0327516728745371
-0.172810726000547 0.122801812935182 0.296655977971304 -0.0923190711272035
-0.161283140283941 0.151124414327029 0.293448860682859 -0.140589247831645
-0.190206474271797 0.134296023589864 0.298647991095445 -0.118976352855317
-0.236990688415628 0.010190035292102 0.280344724357177 -0.00752787644060743
-0.207786434831526 -0.131555795986104 0.178156097717201 0.0898820870392557
-0.0767896457595274 -0.322469960934013 0.0732400581902769 0.0353338306143668
0.211136624729198 -0.239594786092859 0.164134547705493 -0.0407645688812715
0.31566106083559 0.0501575416840509 0.372312265519454 0.0110943895315165
0.264042653940395 0.20139889876927 0.521722576765882 0.337780720351613
0.397374660572675 0.214219178091543 0.271645632310507 0.12025496113093
0.415752796367284 0.0147962323980557 0.141952560392001 -0.0102310572423939
0.260676509248647 -0.294092744392799 0.0320532661887457 0.0635869198873117
-0.0792178906923868 -0.413500063462874 0.045658077803858 0.106293973678768
-0.276044887396901 -0.216003884109616 0.119710224149708 0.107539138331955
-0.311430035737744 -0.0189466320775967 0.206293260226754 0.0306605400423684
-0.28720186976736 0.156832825234577 0.204927030202871 -0.0477319764984844
-0.261176456104013 0.206254789701738 0.203053625383205 -0.073519844964354
-0.296557480820247 0.184320622991898 0.199473138912862 -0.0666409855283643
-0.360008109283533 0.00383573361488294 0.185827896442789 0.0103911676506425
-0.314611543611985 -0.202337569423999 0.104232178180299 0.0736786484018996
-0.139446058286574 -0.479270585266693 0.0364286826083917 0.00604848810906318
0.280232362714197 -0.398685925187284 0.151571043796069 -0.0712255766152261
0.49774751471165 0.00153755340994247 0.303899600051354 -0.0385923879144189
0.474070832164627 0.264075568421377 0.392347038423406 0.206274643484
0.513520505454754 0.247832117988011 0.115026927359459 0.0258077237985533
0.549961143864918 -0.0139241113436928 0.0396304076501706 -0.0106561922169386
0.335453825912982 -0.400304231504959 0.0368704830125337 0.0773913791693716
-0.103781945386846 -0.53644475144437 0.054221422240699 0.0766185531994674
-0.347291106055411 -0.287003600355582 0.0617597085233466 0.0495935433438148
-0.391649075516996 -0.0465458319142814 0.0929050705983349 0.0187735817893338
-0.364128392085109 0.168490843214709 0.0772775846288664 0.00185787487399556
-0.322192424362124 0.230697412275126 0.0814783230901963 0.00484816290139306
-0.352886580682166 0.205668206470406 0.0726761001005803 -0.000320853042979928
-0.423243967336878 -0.000603795744036755 0.0616601532551592 0.0347884210549606
-0.374336192373733 -0.237432937294544 0.00572869117236854 0.0521593854406644
-0.188157418626409 -0.556826195640208 -0.0155051897489943 -0.0267875249855215
0.294587278383771 -0.495054124754464 0.11822571582755 -0.093385466554454
0.591414758758969 -0.0537578890635108 0.196068102899997 -0.0680734963422923
0.600574994889443 0.276161777240923 0.206172522680665 0.071770403529015
0.557727397312959 0.241329440667954 -0.0782093124801883 -0.0997192462556985
0.60445854544624 -0.046882420503679 -0.103941638989331 -0.0223287701397171
0.361098023822421 -0.45340934667653 0.0185069944009615 0.0826126982147001
-0.11912550451913 -0.579227359232911 0.0466942403803093 0.0334750160214924
-0.36674740509168 -0.312080686073231 -0.0152975979089905 -0.0197189171746945
-0.411083622428779 -0.0635279440386896 -0.0443673053968637 0.00284061166086285
-0.384289813072906 0.156668773030778 -0.0688166554173089 0.0510219936823041
-0.332666036377345 0.22062439751516 -0.0522875587254952 0.0820942600731483
-0.356142272821184 0.193129302046208 -0.0609656921956771 0.0672985605957837
-0.417647325735687 -0.011981340782964 -0.0699158833210904 0.0582046951519513
-0.363417088069246 -0.23920925340741 -0.0971774270356559 0.0262382473815278
-0.186986733884152 -0.536503005655093 -0.0666444018997848 -0.0592606222438396
0.26775811414893 -0.487486058183641 0.0762817346708129 -0.103646595037805
0.573767647011244 -0.0777731467723418 0.0792818309638333 -0.0694832661624354
0.618990406521243 0.247789977128829 -0.000782477597271108 -0.0442646300125441
0.513825870495922 0.190116642357404 -0.277115560854259 -0.230568588157335
0.54847269047039 -0.0710173087182064 -0.258531737278944 -0.041829836094244
0.31338761259708 -0.417838487933859 -0.0189402583988746 0.0726042975899946
-0.108471483641782 -0.504385780549921 0.0201762081442679 -0.0139275284878028
-0.31484900563506 -0.273720539421886 -0.0974786160446437 -0.0823527026887082
-0.357069534266291 -0.0666876067570752 -0.181201190389347 -0.0115692821275728
-0.340553196062977 0.122337306331353 -0.207343079648004 0.0936656974131516
-0.294397112605663 0.176922800892317 -0.178688800529604 0.146565552044973
-0.308783740112414 0.147330459172869 -0.182803741087025 0.120406543875815
-0.346786423973665 -0.0299155249417404 -0.186017732935794 0.0695332009999566
-0.282909506261091 -0.212768208397266 -0.179548858920199 -0.00892165912958444
-0.130847444315989 -0.426778299598783 -0.0971374644021947 -0.090815156775676
0.213751210172231 -0.379517000931351 0.0429549107938297 -0.105059628593863
0.462492153616111 -0.065971047110376 -0.0165352462059521 -0.0518416522363995
0.534612261353141 0.192373935357878 -0.185158329353148 -0.131645883694949
0.382048853262709 0.104384498233055 -0.445104632170396 -0.343081279823605
0.38203199440099 -0.0791399234912039 -0.388975349750606 -0.0643486847572021
0.202841604019002 -0.295896243685372 -0.0672736124220339 0.0538377066321458
-0.0783015779883583 -0.327879641194206 -0.0156472927809852 -0.048384252879313
-0.199824621178772 -0.184879195952522 -0.159628475318596 -0.122102070969145
-0.238848352844338 -0.057528346149828 -0.286679157506648 -0.0199408820689751
-0.240769415180025 0.0684487948070572 -0.312775822519249 0.124603719555298
-0.20992286904813 0.105485166334116 -0.277856248365052 0.188945861465356
-0.219344858136146 0.0802231535466325 -0.276549320174376 0.149695896475656
-0.231120920010809 -0.046102770132785 -0.267860352056126 0.0576152520009317
-0.165743168104469 -0.160672974475008 -0.224101745933372 -0.0555423519724132
-0.0538624951662754 -0.2656615983291 -0.0981283434183831 -0.118604288328508
0.140158063273999 -0.220419609651361 0.0241822197791512 -0.098200886263328
0.292222238924601 -0.0390900764627934 -0.0755160338137646 -0.0283637822218541
0.375000339860632 0.113708631540557 -0.318530961268273 -0.184919576488225
0.184037634543563 -0.000762234307397219 -0.553324011747195 -0.413652658827976
0.150540820688596 -0.0736657803450805 -0.47466934697096 -0.0764507931683925
0.0539464542652388 -0.128329643321113 -0.116167999112214 0.0413456927909308
-0.0384905918876147 -0.0998071236110885 -0.0487723667313333 -0.0565587532653239
-0.0530685130443769 -0.0681395685763065 -0.188925821606596 -0.129816184229446
-0.0822505494713693 -0.0416685476436923 -0.337736876582348 -0.0178085642342734
-0.101365765234858 0.00193962704038828 -0.366023691392955 0.14019096667304
-0.0937446755168635 0.0191121915697814 -0.335588292672765 0.202812527859776
-0.0998264969645516 0.00549133951430177 -0.330594342310155 0.152820891209571
-0.092845593478139 -0.0483740201914726 -0.310672869085561 0.0283056015449615
-0.0454609030527323 -0.0857130675348918 -0.229772522614487 -0.103789042519285
0.00623131059330155 -0.087252555943965 -0.0754879443807425 -0.139060019145968
0.0478200108925775 -0.0671326135661031 0.0149634048426835 -0.086403602145898
0.10694200235635 -0.0284447280288413 -0.103862558514065 -0.00629590630073406
0.179025965849196 0.0187625431084263 -0.387581587754088 -0.199236422928634
0.0480864754251699 0.0759952609023887 0.420290654162138 0.156584584130583
0.0749656607332748 0.0370180853373432 0.200974350709311 -0.0436748183403141
0.056289995036392 -0.0546049389591872 -0.0158950818822805 0.0473033217233726
-0.0332562939365193 -0.087114022593263 0.0288679473580186 0.133831159128345
-0.0729835985457059 -0.0167969401347582 0.190347851952118 0.148798621460138
-0.0593613959504283 0.0346116612506385 0.320034949662152 0.0143295577735642
-0.0370548651574142 0.0689972401632036 0.331589140417143 -0.132607015013892
-0.0349954828131269 0.0724431646856454 0.326650498856132 -0.192509847697002
-0.0485099016491486 0.0681245706221204 0.340700563124054 -0.157881174840258
-0.0757457107113567 0.0258309822388927 0.323293381486247 -0.0287787344178173
-0.0787044435098848 -0.0292287011064962 0.217044007177609 0.0869101789534099
-0.029454106160484 -0.114767949996263 0.0936466693989885 0.0525633382729955
0.0862426463717702 -0.0643789416990522 0.150650921382145 -0.0157529674890018
0.0808462763785687 0.0634295993950704 0.385444251893027 0.056458286764049
0.016160519053593 0.0896742414783562 0.569456605702415 0.412198536703497
0.23060830084567 0.143847626835741 0.373569893686105 0.154966499711083
0.244379682539811 0.0244761669549619 0.191142234188753 -0.025889550007924
0.151946837659694 -0.174317975245109 0.0114737952744198 0.049299956284093
-0.0636534666122579 -0.247700231529892 0.0344452715394416 0.119596660840676
-0.180373934359965 -0.110826873812735 0.160563119439517 0.137025731091432
-0.189769630899008 0.0169659805007347 0.279297344299328 0.0242795686141753
-0.165641913684549 0.125495649518288 0.288314132004187 -0.097898888794265
-0.15187798240975 0.152149159384398 0.283166290137131 -0.147532472611243
-0.182311257282749 0.136779041408192 0.289026793689756 -0.125460352812655
-0.232505914936484 0.0162324921060192 0.274822514972148 -0.0146928008101444
-0.206214820351522 -0.123621711399361 0.177455606743595 0.0831385865185129
-0.0844330124014772 -0.312627938931749 0.0714685792438486 0.0327365834885726
0.198677449359811 -0.2379966755713 0.160057362236196 -0.0459377599931151
0.311762658804903 0.0415875594307407 0.362426919493641 0.00292659645879094
0.26094279436742 0.189393932369676 0.516776803688633 0.315501935098326
0.391139197444214 0.199374158939132 0.270393132392024 0.108163214327893
0.405402870907459 0.00496407730883752 0.140398336804318 -0.0150214421615292
0.243855062283573 -0.291692282047855 0.0327391102839105 0.0597504823568729
-0.0912408090064147 -0.398265074480957 0.0471297951765188 0.101350832735749
-0.276835455473902 -0.201681141363133 0.120877877544109 0.10256806337872
-0.303937016627428 -0.00892356232806031 0.202832088513897 0.0243391838752836
-0.276505697606347 0.162349393245304 0.20150715433739 -0.0520921659545216
-0.24642368995165 0.208767928472119 0.196826283198483 -0.0786962382940694
-0.283762651408582 0.188487752979106 0.194820024977061 -0.0701405391048431
-0.352803799412048 0.0139289598275016 0.18274324377971 0.00487499180999058
-0.313624911077075 -0.189378844314909 0.105450636321141 0.0691089245745082
-0.151925934415435 -0.465070598672003 0.0338233475981332 0.00549931817525027
0.261195820973515 -0.393932872977659 0.146545722639919 -0.0759280547745504
0.489120864131757 -0.00968568590229182 0.293779252079845 -0.0454367056522553
0.466698453872111 0.244516483497508 0.389196177838484 0.191042093837051
0.505678433098993 0.228660184316357 0.11528927621988 0.0205634221716416
0.536497427716261 -0.0274245365768011 0.0402836122374999 -0.0124148965889661
0.314179497362055 -0.39793390669594 0.0381406559908843 0.072797746903068
-0.119661821147729 -0.518149016014342 0.0549944084499153 0.0725828361369973
-0.348504361890941 -0.268444193220924 0.0629169097226012 0.0484973118611776
-0.383104045978734 -0.0332111043405276 0.0917752316527133 0.0153723160750058
-0.350105445880241 0.176126900974603 0.0790464541008363 -0.000220097919836272
-0.304006410566531 0.235151740353804 0.0809210490428765 0.00132450043148029
-0.338896301280123 0.212182369755234 0.0730649140127353 -0.00156770466910358
-0.415692666441973 0.0116819354695906 0.0618792586155105 0.0313917293052626
-0.372670637420019 -0.22214751547676 0.0091796182131552 0.0504477530862796
-0.201031185374935 -0.538156114401051 -0.01798261938688 -0.0251568073822686
0.271903846578071 -0.488959600591695 0.113611835714415 -0.0984849229674417
0.579022332920655 -0.0657460207394841 0.18684796222686 -0.0718818331734813
0.59131362794026 0.25380606231121 0.202077173017334 0.0653931268021485
0.550455821575853 0.220284397319215 -0.077287066317644 -0.0946236115436245
0.588931074127826 -0.0625733463248579 -0.100975826968814 -0.0194342795396303
0.335434196424383 -0.451612190689679 0.0206542347240286 0.0781047912040731
-0.135957709051505 -0.557346782476697 0.0470106671786086 0.0311532424035223
-0.369381623797706 -0.291783808703316 -0.0144101729610523 -0.0168835327559277
-0.403298874506407 -0.0492066571934138 -0.0429023701232919 0.00322499144061712
-0.370647872738889 0.165097324365841 -0.0614532464831622 0.0523968970540352
-0.315105324357869 0.225803623436728 -0.0477047437393318 0.0815074154840168
-0.34112928360277 0.199640633862763 -0.0558965593530651 0.0683385192981973
-0.40937022348444 0.000476139997121813 -0.0667240455717864 0.0587199714947173
-0.3621759490193 -0.223324412888564 -0.0919271617299322 0.0284697681213551
-0.200722980600146 -0.516890766458699 -0.0685555891547874 -0.0556723576479336
0.247469773147912 -0.480528751092344 0.0716877035165136 -0.108116018196837
0.561496181794384 -0.0894161845676543 0.0730801192557511 -0.0703603843949556
0.607205865399337 0.225705633773375 -0.00366542911842138 -0.0411465995963365
0.505976974257915 0.173040080972926 -0.275395853112776 -0.216091379539293
0.533327828116033 -0.084417217716535 -0.253158007073432 -0.0336361979719902
0.293086610901831 -0.416742932734479 -0.0166517379618129 0.0702366302900016
-0.125099350901171 -0.487210243867759 0.0209131447714041 -0.0146103967761898
-0.317933140571125 -0.257483840373006 -0.0963529299043981 -0.0767880858234893
-0.351328412031817 -0.0537544945638661 -0.177474347593876 -0.0066947411689322
-0.329263465966013 0.130354412442846 -0.196578023883183 0.0982216151439854
-0.27873099751147 0.181321025074943 -0.169437900174647 0.14855981008352
-0.295993122234053 0.154056729562048 -0.174078198326035 0.124210967784131
-0.340357960547532 -0.0185304953877881 -0.179291546318019 0.0719685477850984
-0.282463228617266 -0.199523258936486 -0.173454647874451 -0.00437492047499727
-0.140856759390548 -0.412743011762534 -0.099669006600479 -0.0858311292684676
0.197396172427184 -0.373157727001453 0.0387074847749297 -0.107305847679064
0.451275917691024 -0.0753914440180564 -0.019405090717115 -0.0513376250977654
0.523108972839879 0.174245934630935 -0.186042312888595 -0.120704480386892
0.376995275405754 0.0924675041570708 -0.44363903569774 -0.320685747577499
0.372335723648231 -0.0884013569403612 -0.381789309936881 -0.051811906616498
0.187611388924992 -0.294891926702411 -0.0647284889296043 0.0534612878658917
-0.0881832098043936 -0.316987738655502 -0.0149007780359043 -0.0471142704062126
-0.202789638257709 -0.174045534493521 -0.158508958042659 -0.114877666676888
-0.236546668564833 -0.0491236810933699 -0.280717284231798 -0.0117164993837663
-0.232988549511594 0.0745436243677548 -0.30001868095632 0.131710132600176
-0.198866085314454 0.109440650231419 -0.265058285932599 0.193830261764936
-0.210653493051413 0.0854548263553521 -0.265536975555439 0.155078457165875
-0.227370665386917 -0.0377837596367181 -0.261004881607565 0.0631692140970204
-0.166746681142935 -0.151916253416114 -0.21849438123606 -0.0484200730754778
-0.061375142197835 -0.256922732078735 -0.1002155133566 -0.113245755752149
0.129690546205314 -0.217592048908069 0.020378861562803 -0.0989252577033089
0.285412307275943 -0.0452102486698541 -0.0760068416028893 -0.0271148746677035
0.367514815116434 0.101083493545491 -0.318190002811127 -0.168226524810179
0.180912737133952 -0.00525690630249639 -0.552168013521156 -0.384364559512633
0.145254402684851 -0.0770843691653275 -0.466613374790928 -0.0609062604352071
0.0479907094646567 -0.127171384326398 -0.111826387260504 0.0423396600062505
-0.041251922650333 -0.0951441720884452 -0.04827982820698 -0.0537079887646687
-0.054858135714677 -0.065517567677335 -0.188007291706553 -0.121402352572456
-0.0824498188619233 -0.0386100774582028 -0.331948178098675 -0.00779675008001238
-0.0984681545747849 0.00534740559860985 -0.352615979685009 0.148128679371125
-0.0889958501228703 0.0213988782990831 -0.32135304197115 0.210121298091766
-0.0955061279457922 0.0093363724306364 -0.319098776923256 0.159187114487741
-0.0920952753072767 -0.0441431305487205 -0.303928649958863 0.036187469770951
-0.0478173209757219 -0.0815873704672357 -0.226550145095346 -0.096281210505312
0.00274036166227182 -0.0843924193748981 -0.078072662892536 -0.133438987299202
0.0447764872025843 -0.0660933295523325 0.0116766502235005 -0.0858068175865207
0.103043375462643 -0.0297027404817977 -0.10230115272853 -0.00543941352987841
0.175368470643843 0.013634170905337 -0.386941812978609 -0.181735881067112
0.0470438258689474 0.0764301951282592 0.420606903963535 0.151176683876741
0.0756687902909417 0.0386910334568506 0.201345163935931 -0.0459721057913319
0.0573140172858644 -0.0539250951282662 -0.0155902672999135 0.0473897489607739
-0.0335824758280595 -0.0871297526779642 0.0278452939349885 0.133314379907483
-0.0731352426231432 -0.0158260423434453 0.190584997248712 0.147973019470944
-0.0580027684034351 0.0352074673234395 0.320192970640854 0.0129164694038737
-0.0367621024143426 0.0691524057443541 0.330978622260928 -0.134296111167005
-0.0347715497172554 0.0728489784201231 0.324892513745414 -0.19615026985732
-0.0490672897958795 0.0680410226524752 0.340314630310899 -0.160957579950906
-0.0763675635640934 0.026050883423002 0.324637267883686 -0.0307016640828528
-0.0781939098764351 -0.0291111373706284 0.217334975216812 0.0860682126262567
-0.0295941204966149 -0.114343473385073 0.0931554898377378 0.0518731561268398
0.0851821644976417 -0.0641273304552068 0.150779036711004 -0.0163181124078561
0.0814071716215274 0.0631003104531714 0.38432883013566 0.0565445363086271
0.0156614844164985 0.0887355302303928 0.570497698353431 0.407040601920612
0.229165802199429 0.143061175642072 0.374924446882902 0.149665176919909
0.244287916317239 0.0246518522450534 0.192000910955695 -0.027830253076808
0.150659180030828 -0.172968078515436 0.0112663481188426 0.0486069406801299
-0.0651495277128402 -0.245091224651705 0.0336129755923497 0.118940867150198
-0.1813965936246 -0.108735845565026 0.161426750121865 0.136475344628249
-0.188481793167811 0.0182202781534507 0.279575739042676 0.0230249374661021
-0.164301825601242 0.126028734884837 0.28951346308802 -0.099741182386611
-0.14983317896188 0.152694001364086 0.28264521934617 -0.15085794514193
-0.181883264283805 0.137666335125474 0.289298168545114 -0.127356626275319
-0.233534676613965 0.0170203199113852 0.276213676297672 -0.0170386239903426
-0.20641473168491 -0.122958360232999 0.177978922521394 0.0820736206892518
-0.0868236385309797 -0.312075505073275 0.0700722475642264 0.032741888695169
0.196955215721792 -0.237141321816725 0.159312691652302 -0.0476984696065699
0.312683790615912 0.0406822456298168 0.360641944670473 0.00382959426700103
0.259505941157448 0.187332149419767 0.518949295486184 0.312306437087041
0.388912722748122 0.197181438144333 0.272440644559554 0.104814105051637
0.404819710769544 0.00490649397136482 0.141174731566686 -0.0166541520677095
0.240322969482432 -0.28964543835598 0.0323867285695462 0.0582025007405527
-0.0950235323831594 -0.394860756756994 0.0469802877892577 0.100382464007649
-0.278927208297724 -0.198250371940811 0.121541131694131 0.103142119579803
-0.301951085244602 -0.00576541170553976 0.203225247697185 0.0229764115415061
-0.274101492378458 0.164321606183784 0.204025179470642 -0.0540177441142798
-0.242753128319205 0.21048415132978 0.197345937958851 -0.081695624409103
-0.282216279377687 0.19057144073979 0.195561496165442 -0.0717542343425235
-0.354217903231305 0.0155160468121267 0.183595991560003 0.00360259675179072
-0.313899417491383 -0.187657321167189 0.107280758893298 0.0679620809644858
-0.155626499081843 -0.462660181451106 0.0316591764567226 0.00593576982390684
0.259876095460097 -0.391897000614862 0.146113995961231 -0.0801322437551426
0.490499529839773 -0.0114132016225937 0.290695986895679 -0.0449037132601862
0.463132991474616 0.243257562190614 0.388469882257295 0.189421119907129
0.503137996230502 0.226357747929997 0.117083682590206 0.0198497880587514
0.534786172757557 -0.0279591303464321 0.0417160776185448 -0.014212544017025
0.308043067232088 -0.396318128285849 0.0376861054414314 0.0714263065356098
-0.125520354444103 -0.513488979721762 0.0553901272248307 0.0722000744999697
-0.351105603343561 -0.263349198183525 0.0646446672165508 0.0495394441834605
-0.382148870043665 -0.0295430912734083 0.092787387360615 0.013753512249407
-0.34788974843072 0.178864381707494 0.0827494119778551 -0.00126164129658905
-0.299155996986953 0.237430044961196 0.0816430278746373 -0.00029432543388382
-0.336289893808767 0.214928112038058 0.0747035553776468 -0.0020413148260128
-0.417047013717061 0.0142781022263174 0.0628175529083242 0.0308644795828234
-0.373810486699303 -0.219768736544128 0.0118407344779655 0.0497913000566833
-0.207237458159256 -0.535847383521897 -0.0194351273518628 -0.0239095827832004
0.270002826191123 -0.48642541245784 0.112094467084325 -0.103271386470272
0.580128710971611 -0.0675125168903373 0.184353774162104 -0.0715997054029513
0.586119016336455 0.250539572820447 0.200467155150338 0.06624890977758
0.548512910817211 0.219248863388131 -0.0754348304978729 -0.0932169032774824
0.587740956445062 -0.0636048945326435 -0.0992893794889287 -0.0194379069457652
0.32997488316393 -0.449488067350936 0.0200734184237508 0.0767927316516574
-0.143117805729299 -0.553003265909136 0.0480269684215797 0.0311283247388179
-0.373363726634118 -0.287384309198253 -0.0131400819116561 -0.0153036001932963
-0.403658960735082 -0.0457928412490386 -0.0425010214711228 0.00248376873715354
-0.368028654571674 0.168949811624497 -0.0577525751145591 0.0522531934937163
-0.310300523066591 0.227981279026681 -0.0456054680444588 0.0812941390870969
-0.3382795710761 0.202751885360037 -0.0539370673799036 0.0688608528429499
-0.410146519925 0.00290464765285106 -0.0662060713271019 0.0587908096247546
-0.363131803404706 -0.220200503311655 -0.0890602243588706 0.0276816278264822
-0.20559170715147 -0.514005648052035 -0.0706443665179976 -0.0539264998762932
0.243351503020953 -0.477525678600362 0.0711411278429692 -0.1126875993033
0.561587154619276 -0.0904017510520977 0.0708394413737323 -0.0704830422259733
0.6028134640137 0.222570488889228 -0.00551891431264345 -0.038600643207982
0.506116012062047 0.171027906762743 -0.273353976917325 -0.212747208663365
0.532928924440432 -0.0869339398855401 -0.25237355994822 -0.0329053191234483
0.287851327481156 -0.41530958096077 -0.0168339136425669 0.0691032668534457
-0.131444354073385 -0.483657831056919 0.022158174770404 -0.0142965035386524
-0.32160460099229 -0.253681966270675 -0.095287821680364 -0.0750702218920406
-0.352514017181054 -0.0504247241704435 -0.177257332542885 -0.00693272804971468
-0.327007946397984 0.133611340947382 -0.192442777930467 0.0990078888635654
-0.274038717447422 0.183227136718963 -0.166893883834169 0.149786128828621
-0.29299399438537 0.156928906980613 -0.171606530016142 0.124753368848371
-0.341092750611083 -0.0165242640012579 -0.179654852588025 0.072954294734597
-0.284541546649695 -0.197106703112863 -0.170983406789681 -0.00479840849894605
-0.146199857167317 -0.410248306383557 -0.100940091967168 -0.0838021165588041
0.195491556674694 -0.371568047949619 0.0373689632685974 -0.111062336626577
0.451061969542706 -0.0766752898273664 -0.0210569480529755 -0.0511060321985601
0.51965934059437 0.171502251005774 -0.188755225710609 -0.116666013248528
0.376690008739016 0.0904609343546784 -0.442135268010842 -0.314558545223539
0.372161379590332 -0.0899925759928447 -0.38166287247043 -0.0491572840976007
0.184021659212227 -0.294904095337957 -0.0644643746952207 0.052451884062111
-0.0919614339979551 -0.31313257654787 -0.0138158630001971 -0.0463906995602836
-0.205183367160787 -0.172384592986172 -0.158599186265132 -0.113188028403584
-0.237996118672164 -0.0465656637176507 -0.281508159541179 -0.0113930094351155
-0.231712485191291 0.0766986842108712 -0.297147296353477 0.133197846812703
-0.195011051929849 0.110996106768715 -0.263212527552386 0.196605874802716
-0.20782844568392 0.0875806056657603 -0.263821431075594 0.157057356768188
-0.227517017974717 -0.0358599836403515 -0.261076453369728 0.0648324644522177
-0.168629534315393 -0.149980689835194 -0.216733195554663 -0.0482895369849193
-0.0651248838164084 -0.254703163835122 -0.100765489867834 -0.11124610869952
0.129024254027776 -0.216329676211908 0.0193502511159936 -0.101528385889982
0.285034979844937 -0.0457477453771043 -0.0771665193689138 -0.027744638869155
0.364950752542083 0.0994923361589314 -0.321097289072029 -0.162974709598611
0.180994181542402 -0.00614726093436804 -0.551022811303166 -0.380424652426777
0.14527108662802 -0.0784133987163181 -0.466234857858731 -0.057914747918084
0.0457649663593662 -0.127592487248662 -0.111387661125352 0.0416702078196968
-0.0423562460776269 -0.0932705976506914 -0.0469590402864462 -0.0532974353626629
-0.0562743779448007 -0.0645421857207954 -0.188036199447602 -0.119765556093484
-0.0837145239020727 -0.0374948042304739 -0.332286553769813 -0.00609303442872985
-0.0986809872840802 0.00613796538474595 -0.352043735535671 0.151315971670075
-0.087288393109068 0.0221805075299367 -0.319393440540381 0.213395277355888
-0.0936170552310454 0.0108756150202946 -0.317547890802368 0.162222567124435
-0.092510986527697 -0.0423870424649313 -0.304902597426347 0.0378898843577016
-0.0490930403959276 -0.0800019372182194 -0.225614002337748 -0.0959313075306454
0.000920363959455255 -0.0837526361132048 -0.0786963838659432 -0.13215906092191
0.0436907157345214 -0.0661350062509291 0.0107700491183968 -0.0858502715882684
0.102688607583223 -0.0300774829621803 -0.102776186093273 -0.006353009432191
0.174853146052317 0.013427725967006 -0.389866769482309 -0.176377972365121
0.0706938586994036 0.0462558824799614 0.461083843133946 -0.0427634869824541
0.0837147397914512 0.00387704823883899 0.168197954687454 -0.135194430132376
0.0331325168021235 -0.0732743237219714 0.00485215368356443 0.0476357014879898
-0.0659018697823424 -0.0667404069065576 0.0800380049372101 0.110279592895757
-0.0744063020372891 0.0125194527838295 0.2410102984812 0.0540634343083999
-0.0398253682402249 0.0547935881427721 0.302043426329438 -0.130022789713167
-0.00427463107743526 0.0797274832216543 0.248273633214157 -0.270948948054707
-0.00455642292347262 0.0845347661985684 0.210816951086115 -0.329952831570261
-0.0165106836526726 0.0852873208702749 0.241930474368675 -0.304156323516074
-0.0606954600423739 0.0566503739653188 0.285278325816047 -0.176601260773047
-0.0856449883935337 0.00454659671145259 0.239399996919433 -0.019981473533217
-0.0765953690847201 -0.092205635857284 0.114921032563254 0.00105778216507714
0.0547062079513234 -0.0969243529067206 0.134658677296483 -0.0786156187278897
0.109317717527645 0.0247386238128696 0.379710321869009 -0.108059647649647
0.0604372873888273 0.0794134467073572 0.703068265609832 0.131928584400031
0.267305533339905 0.0349957396694048 0.423411462731038 -0.0286669490181816
0.232595724909123 -0.0780026114299275 0.167578002497053 -0.119618201549268
0.0694372218923317 -0.220960829967521 0.0254104216156587 0.030607893929206
-0.161822761948959 -0.19464582504995 0.0718936417247539 0.0900537056654569
-0.213380316803932 -0.0259084166850334 0.204221841984671 0.0595473369256202
-0.167853369067988 0.0955675052461189 0.265319109448076 -0.099949268331526
-0.0970383058354796 0.18698297130805 0.221997278710196 -0.216755762000613
-0.0785558424861346 0.208618717468202 0.190897127321681 -0.26836429704254
-0.110962436484707 0.208486417130156 0.208291736219461 -0.251550886242098
-0.212906327229236 0.117373199140649 0.243761960249496 -0.14618417497984
-0.249693468967976 -0.0282926843847088 0.205109666784326 -0.0137669258771296
-0.217744102615438 -0.249609372845925 0.0959340026069367 -0.0168710894978974
0.0863545401518015 -0.309702717934664 0.135740521013945 -0.109363105866392
0.318461477639232 -0.0999159587112715 0.334339781299315 -0.134674578435826
0.337817048735692 0.0591053153328073 0.604497863306551 0.0789849300254549
0.439617465120007 0.0224878437793921 0.315506030208147 -0.0310285993693216
0.372816739395717 -0.162519783237456 0.125718946433262 -0.0912329378265992
0.103211362700979 -0.365593272433769 0.0447789501127612 0.0242670934294449
-0.25305706886032 -0.316694036120649 0.0701554948795101 0.0632916531215427
-0.339669004101762 -0.0655166582931921 0.148365825583072 0.0490019520551489
-0.283965570306849 0.122626336059485 0.192884405313225 -0.0646159234122808
-0.182476947811564 0.268925961686757 0.160672775416936 -0.132970944472078
-0.140571075150991 0.302067935279393 0.142263814631223 -0.165924661180044
-0.182333598148371 0.301846939352498 0.144392800533215 -0.159243489706251
-0.327395366434755 0.168887509717823 0.165346969518226 -0.0883627714820823
-0.380591581309187 -0.0422347016360466 0.135713564152851 -0.00122004991896492
-0.349489586944031 -0.357881851293316 0.0556753359973506 -0.0346478021558895
0.0770838405945429 -0.483434986905921 0.115378165939729 -0.133513996224444
0.461710829525053 -0.228218522847151 0.251243716333345 -0.139884464286396
0.554366789063714 0.0157793543723894 0.424459046293334 0.0348189889007715
0.559062500424701 0.00485175906298369 0.138573848136994 -0.0468826826433849
0.479742124779034 -0.24598172333702 0.0346296350904617 -0.0475788330575315
0.121446526288642 -0.490705014832712 0.0509542915645667 0.0289868319909262
-0.329812561576476 -0.410157989852437 0.0606842617542005 0.0304122075597088
-0.436115384961016 -0.0927565395764969 0.0680530363982973 0.0271574719586062
-0.367888170471159 0.136930153347359 0.084515411678881 -0.021901274358428
-0.243750620810722 0.314356636166043 0.0697885844275603 -0.0283225555122441
-0.181822471249356 0.350610917640077 0.0720136016788607 -0.0382125160274306
-0.22182933608722 0.347504290676508 0.0636153739456201 -0.0404565681261962
-0.387093635993317 0.195933305892921 0.0646058190720603 -0.00972477664142674
-0.451767859235455 -0.0456815974928333 0.041382625028139 0.0209886711766622
-0.431594159115105 -0.401684465411636 -0.00187738128845796 -0.0450099558108895
0.0463537016447265 -0.57744527596277 0.0772536874190414 -0.140435358502172
0.519225799210997 -0.322002927705597 0.143955858313333 -0.114631265747549
0.674864160451191 -0.0342422800938767 0.193436605267475 0.00818207991158244
0.598401350338503 -0.0152053338018623 -0.0875239597194625 -0.0696415935323339
0.515797059752901 -0.300366800882086 -0.0991920988777087 0.00915471523873901
0.119916903778953 -0.551326401364293 0.0354749254718544 0.0402952540151781
-0.363739720309938 -0.438421595332578 0.0339404354649697 -0.00513192717925793
-0.466474092049986 -0.102913295646016 -0.0338342236817526 0.00281467512856414
-0.394768654496091 0.13284343371353 -0.0463713167987474 0.0286969206889337
-0.267857642577167 0.312764493237698 -0.0373332008553772 0.084697801162786
-0.1942776901047 0.346074264427335 -0.00874913489406412 0.0951724003509282
-0.230063190320837 0.337713997240853 -0.022432322693299 0.0836387037508012
-0.386441774275119 0.183144622992134 -0.0418269410434808 0.0743315596294268
-0.442602317108658 -0.0496126489798879 -0.0616987467281733 0.0453174414714592
-0.420616013257718 -0.383035735339175 -0.0636244528824961 -0.0495475352846001
0.025942148251355 -0.556914280439125 0.0335873137773227 -0.132546820379943
0.491203021487332 -0.33536658693291 0.0395714118161106 -0.0654205770272256
0.675694493281186 -0.0687958801882894 -0.0429835061257353 0.00163470601809452
0.54214732089502 -0.0399098480181022 -0.325773925281619 -0.095046553250687
0.457851203886313 -0.297601259093167 -0.247946921235378 0.0667798455450193
0.0938480403751676 -0.502407929560393 -0.000916070762580262 0.0514797916348604
-0.32342003432009 -0.380822745891837 -0.00705624602470139 -0.0337844837004549
-0.403919236741051 -0.0937301916983263 -0.134958286370255 -0.0167830801280689
-0.349787207708343 0.107471887710183 -0.174609322806883 0.0799528515912365
-0.245779113278132 0.263375582601891 -0.141509551612821 0.188010791992516
-0.177961952045679 0.288418195716909 -0.0886691460198898 0.214437728198456
-0.20750147681321 0.27438369272011 -0.105470487037999 0.191116993741647
-0.329094343207822 0.134860246433808 -0.138714272110613 0.140365741582671
-0.358426127800524 -0.0622094410097517 -0.152020873784804 0.0561114799780782
-0.32042002071667 -0.313334190076832 -0.109156908570864 -0.0562241202954742
0.02511861751121 -0.436611433706894 -0.000593655579957412 -0.116165748934884
0.390698961017951 -0.272601623577793 -0.0380531518078056 -0.0143662220099892
0.571400327484083 -0.080407522587642 -0.243499147402399 0.00450193539032469
0.389628926992796 -0.0581511565453755 -0.532564370177901 -0.114660826258339
0.310794357640028 -0.232240421877072 -0.3770625368374 0.113649338743401
0.048546937086326 -0.347981319670811 -0.0482197127756871 0.0634451270874944
-0.217072323054736 -0.242696421345321 -0.0473138428434061 -0.0442764975442158
-0.262169272010088 -0.0676085131328409 -0.2061547186911 -0.0271597955144109
-0.241295098319381 0.062437716378094 -0.270909748776463 0.121122507249412
-0.181780338302894 0.170317335275682 -0.221595970511561 0.264047896784263
-0.134357422625427 0.186614287148871 -0.155969239267809 0.301579283380585
-0.157535980976366 0.172199864802639 -0.175301491196189 0.263102700080674
-0.230692213224955 0.0673817875317176 -0.215996371480507 0.172557494499548
-0.227534902949872 -0.0669806286537912 -0.214821787058353 0.0420158807216307
-0.176016382460565 -0.206228990382805 -0.128241540333158 -0.0709712150055793
0.0284202826822605 -0.261666808326399 -0.0193088567735986 -0.0997285383034228
0.247629665356134 -0.170083994166959 -0.08192323426158 0.0219640558563732
0.390820129286344 -0.0767924147941928 -0.381258156008825 0.0110154940807239
0.168785044731395 -0.0672856454027682 -0.670925477306695 -0.123226678085462
0.107235713189978 -0.127230162006608 -0.459879066239502 0.150417481514129
-0.0100760108915887 -0.135949384180936 -0.0904788081025767 0.0833334931098495
-0.0782243334180198 -0.0643859162892127 -0.0715474562093726 -0.0306633694223883
-0.0794602217033226 -0.0321355526979756 -0.23113437893482 -0.024982540299865
-0.093435102428888 0.00427975524347483 -0.313102807875253 0.145698856340483
-0.0885294486214959 0.0480726424414084 -0.262299816614532 0.301100861773109
-0.0696844952528112 0.0564343104656756 -0.19959489445425 0.343594445564304
-0.083176850127831 0.0501093645019862 -0.22176166281291 0.29371933606574
-0.105808436002984 0.00227780846890337 -0.266384854133492 0.17044777166745
-0.082860954233319 -0.0526617960111524 -0.247861610249962 0.00892416459305021
-0.038517089089021 -0.0780503783885885 -0.125141723998847 -0.0892052951997141
0.0125945784645778 -0.0833366833189304 -0.0257364932319459 -0.0823893422936363
0.0816352825549317 -0.0740835027672527 -0.0974448772755186 0.0430147191503146
0.169747365311207 -0.0697150047285985 -0.444104733302621 0.0180186352399665
0.0746277746304809 0.04669573570062 0.477028030786315 -0.0628471301656419
0.0891404159823989 0.00227243608864435 0.170028723619437 -0.148670753678998
0.0332334144569962 -0.0775930508492592 0.00669634355619021 0.0498264132772952
-0.0698325254557783 -0.0671906180972967 0.0862936936147359 0.113606265911102
-0.0773496395149375 0.0158874015162299 0.254132624142673 0.0484345687461802
-0.0393297865308532 0.058313148833258 0.311797811818456 -0.146879355975348
-0.000763059646529649 0.0836508635958863 0.249973572465329 -0.291833327064498
-0.00168235505679981 0.0887099208029902 0.207134407948645 -0.353550407615106
-0.0152162096873739 0.0901882470365708 0.241260378213538 -0.328264715066337
-0.0623303112136226 0.0615689899541626 0.292460356347495 -0.196062461003982
-0.0895425343150525 0.00623368743549573 0.248385011282992 -0.0282211578730612
-0.0826405763138216 -0.0936224538104298 0.118937432701746 -0.0029762231718129
0.0546892391950287 -0.101783394901532 0.137784011316288 -0.0862666084149368
0.114915722849197 0.021815057959765 0.393063635236879 -0.122991788922431
0.0641162671072712 0.0808395474134471 0.735897912920521 0.112677014106346
0.278766633765386 0.0275836862692903 0.440309048695305 -0.0472057084775174
0.241417175746413 -0.0873313694058441 0.170187793750956 -0.132209259926114
0.0648418056754572 -0.231153309957731 0.027386860275294 0.0322896661499661
-0.174113033775604 -0.195381448612861 0.0778935589955797 0.0923542225932892
-0.223212028603601 -0.0183085871961909 0.216784725917873 0.055877473520954
-0.171797939555075 0.104908335963699 0.274936869910061 -0.114100818078012
-0.0943369082102389 0.198919299314613 0.225004584915911 -0.235904544325122
-0.073811824902803 0.220144568674888 0.188711484025316 -0.288564503295073
-0.108151391552505 0.223041407127383 0.208000836131582 -0.272107913570116
-0.220137900815903 0.131071802087888 0.250411445865694 -0.161580326872919
-0.261993887052919 -0.0222595986060096 0.214073062873054 -0.0214383049236238
-0.236941421983724 -0.252294498511822 0.0982457293605076 -0.020150495573164
0.0814032148451285 -0.324907321586128 0.135905229192021 -0.120484795136692
0.32941022096699 -0.115432593340498 0.345326739435734 -0.149171441412317
0.35132059620919 0.0518958785324311 0.632078716771423 0.0635482114211677
0.455505555450617 0.00965228801700094 0.328245397734015 -0.0441831461453519
0.383585524357715 -0.180473074296446 0.127837276722939 -0.100698570847669
0.0947677670105719 -0.381009190620887 0.0474781627283855 0.0251786709602655
-0.273868131395781 -0.317469223141942 0.0752243846754417 0.0645425775701491
-0.357337597254009 -0.0539811440399724 0.159978491140943 0.0463949121411494
-0.292807269632282 0.137408529567176 0.199490037776684 -0.0747422979711736
-0.17953171916771 0.287549944957991 0.163767050901436 -0.146974021816577
-0.134090537175793 0.318608901014896 0.142081769435467 -0.179401949185689
-0.17835022091568 0.32250526304413 0.145740695282958 -0.172813192949434
-0.337892022163485 0.189107587628755 0.170470633483848 -0.0988571563210693
-0.399137285559562 -0.0316331264074682 0.143236111840942 -0.00726481677384757
-0.377935273624253 -0.359922538428163 0.0558373351484479 -0.036389980854326
0.0661629216379925 -0.505096224639215 0.11259822090847 -0.145281703926046
0.476499950745954 -0.255728078118813 0.257708656242398 -0.152191754915351
0.576670901662721 -0.000253623624884874 0.441925313406133 0.0218598161445166
0.579538004776088 -0.0151287019382079 0.145450201977852 -0.0542398354515819
0.492194662980919 -0.271702868788734 0.0343695233334755 -0.0525383580052053
0.108451509422318 -0.513280094466737 0.0538094495784093 0.0300453444784044
-0.358489775965244 -0.410856890700835 0.0652442172224069 0.0302785246056685
-0.45771051496554 -0.0786078536618608 0.0761301184777964 0.0267517686793101
-0.380051573607125 0.156245077302368 0.0872999953663001 -0.0265078299325854
-0.242407818266005 0.336768224873041 0.0728366805908418 -0.0347803855578847
-0.174906073538911 0.370992264105881 0.074148411356071 -0.0432631241313669
-0.218304828026341 0.372309521271098 0.0657386290486873 -0.0465411185496631
-0.398706454594316 0.219330790368606 0.0676585335433813 -0.0124893321654688
-0.473756865718667 -0.0313758705977171 0.0451269144087274 0.0176640475353044
-0.464703836199808 -0.401298552329415 -0.00428239635241247 -0.0451636964963299
0.0321009370472996 -0.602125966885427 0.0717193426769614 -0.152406776292212
0.532625746684939 -0.352758492364396 0.146633100497141 -0.12237658265143
0.697879435894904 -0.056495409080496 0.201095911502641 0.0048547817625004
0.622399309276324 -0.0368622067490354 -0.0899412717185106 -0.070555209468951
0.529678133102313 -0.329285492185318 -0.102856332866029 0.0114446818756092
0.103821462982267 -0.575789483941606 0.0383760327690539 0.0423455554712142
-0.395850706059343 -0.440452642161796 0.037064348533719 -0.00605691519614798
-0.490049838024308 -0.0886398399993661 -0.0309340423590562 0.00474864242129159
-0.408814974008235 0.153700753354124 -0.0478869266392593 0.0311415200911066
-0.266846684995324 0.33742823953566 -0.0349537496878205 0.0873522389311643
-0.187627542901739 0.365840804273413 -0.0049378979768649 0.0990487112537115
-0.224954783105841 0.360901144007993 -0.0204890637600746 0.0868544637711808
-0.398619083886359 0.206527997952866 -0.0403688876084479 0.0794212788865792
-0.464770553126728 -0.0356210108882174 -0.0609495551699142 0.0462730720662306
-0.454607972113527 -0.381848433800659 -0.0680157504505029 -0.0467799689948754
0.00843016222305713 -0.580526085350054 0.0266630826824585 -0.141774765351543
0.501343307347998 -0.366436544011069 0.0390846612792781 -0.06861580364165
0.698847798442768 -0.0919750949457033 -0.0448672167764225 0.00705361276454558
0.561872418351918 -0.0594396713103615 -0.338126732543168 -0.0883414140667359
0.468041808742708 -0.324864641938356 -0.255644196689936 0.0773570474721163
0.0784218590223382 -0.523503309676069 0.00067314324232978 0.0546099727090283
-0.351515553160999 -0.380966502901767 -0.00665278183687094 -0.0357140927093732
-0.426385227461087 -0.0810918133514658 -0.137587060082068 -0.0125613252173764
-0.362347883315415 0.125758899122205 -0.18051080207987 0.0891277965350552
-0.244803945613727 0.284666386548681 -0.139334812326728 0.199224168549345
-0.172566164495512 0.305423345664447 -0.0836563484198865 0.226466572780806
-0.204192474329661 0.293528378035679 -0.102193769023034 0.202128580063483
-0.340502684507061 0.153997831329674 -0.139604826022618 0.15221708183055
-0.376469943676462 -0.0503024576309192 -0.155457220854275 0.0608159301137304
-0.346967222397309 -0.312236102361452 -0.115246895212425 -0.0532621783035152
0.0119113797722606 -0.455387725721756 -0.00762190735437564 -0.124307082425959
0.399160548221831 -0.296849398830493 -0.0410195001917481 -0.0136309199438574
0.589486145999551 -0.101616415258654 -0.253973812633174 0.0181351323633269
0.404602302435155 -0.0745787315107619 -0.555002975741081 -0.101989039153668
0.316425101071018 -0.252853046541419 -0.389126361209144 0.132059091270875
0.0365774138087065 -0.362832682832689 -0.0481642149320752 0.0676772991678748
-0.235902680381204 -0.243219105987175 -0.0495289111033393 -0.0450841674977943
-0.277563116555669 -0.0600687567665381 -0.213951059159057 -0.0209253379827285
-0.251096857033817 0.0751774471148307 -0.28012756713662 0.136002024343534
-0.183181324223204 0.185124739021232 -0.220636324414516 0.283303599561888
-0.131402046561053 0.197546274905843 -0.149811312652806 0.320536831881011
-0.155569630391187 0.18538964334699 -0.173209993811135 0.281538678617028
-0.239426826045228 0.080051520979147 -0.219640247242853 0.18819740515625
-0.239958167282919 -0.0600100902293286 -0.222348022750652 0.04887042228354
-0.192876790963861 -0.205934394624957 -0.134836900068318 -0.0683811319078878
0.0201303057889556 -0.27322113853815 -0.0250926752074879 -0.104712970246373
0.252244983434184 -0.186038516888785 -0.085598869114802 0.0259991077102218
0.403780711850019 -0.0921415990659225 -0.397126222464502 0.029229589740783
0.174577482919817 -0.0770269372405772 -0.698891252251723 -0.107018345682962
0.106995965713255 -0.136697345855977 -0.473137701861823 0.173664394507582
-0.0164834025893503 -0.140379124172162 -0.0927664896353179 0.0890710205948307
-0.0845358913924107 -0.0634803181066856 -0.0744929970602227 -0.0301930671329976
-0.0854095466102684 -0.0310139176514285 -0.241379589998291 -0.0180053709040943
-0.0979941676997953 0.0089031454082672 -0.323873556426599 0.163113301325675
-0.0907471647538631 0.0533866026406384 -0.262058828681525 0.324696949629476
-0.0698406917193266 0.060185201624755 -0.192949175061637 0.367283775095198
-0.0834084381785739 0.054779460454089 -0.220373951562774 0.316251913490176
-0.110042460484354 0.00697104251496108 -0.272168828072367 0.188414562447134
-0.0889599150031229 -0.0503840819453324 -0.25825887115132 0.0171859193366686
-0.0438015407304868 -0.0782176875492786 -0.132218060792276 -0.088110741074353
0.00884259313779757 -0.0875803776209885 -0.0298981957452222 -0.08545818563462
0.0827254495010855 -0.0802420125107961 -0.101249242251025 0.0475838211160495
0.174773922882937 -0.0787849802009181 -0.461943127636218 0.0391522399006709
0.0788881510846065 0.0444520905403235 0.484333377586428 -0.096730149970507
0.0931040326766049 -0.00264354703630688 0.164971538557565 -0.164700519587228
0.0300524153256144 -0.082681141227388 0.0108651608455858 0.052118627036352
-0.0757174102916442 -0.0651423544984908 0.0953617340195228 0.112200252057345
-0.0780699841382017 0.0220021258001342 0.26679750604654 0.0337738437122926
-0.0364755115912486 0.0619379546050048 0.313197924454759 -0.171586797283293
0.00459230743559904 0.0866528385005417 0.239048586139222 -0.317296230953035
0.00457614240416201 0.0917112822325788 0.188338220372979 -0.378227072211933
-0.0101921792136075 0.0948474945660062 0.226716815983377 -0.355073519245553
-0.0609751430165072 0.0677028946511181 0.288868926868619 -0.221804330654821
-0.0921224693346162 0.0109372796666436 0.254799800858973 -0.0443223705740479
-0.091443923794688 -0.0910202314758786 0.121201866893977 -0.00972243801355861
0.0508383699009879 -0.107273649251154 0.135771911206391 -0.0976337472373019
0.119604565724557 0.0150898461313347 0.39969608694804 -0.149917047780976
0.0691425035676775 0.0803458981259398 0.7621157994344 0.0670069240868055
0.28640579434981 0.0116514104213349 0.449339551503997 -0.0771485565991399
0.243624050065764 -0.103381026044812 0.165461637714132 -0.148077630612342
0.0526524197831694 -0.24028915313107 0.0314054322074842 0.03277059527962
-0.191217685447168 -0.188787712419608 0.0862291414971161 0.0911977097428729
-0.230516827927174 -0.00288424869320168 0.229596035258034 0.043658711206187
-0.170971030781017 0.118478016200594 0.276380355397636 -0.135962465919697
-0.0830772344520379 0.211447046625005 0.216939095740547 -0.258607383112708
-0.0610419619843313 0.230953884813648 0.174064511861712 -0.311050984435297
-0.0969685039550065 0.237650919395465 0.196337284970876 -0.295487994072106
-0.219383078454328 0.149817614903152 0.248043136780442 -0.183468563009553
-0.27173800993367 -0.007284092307701 0.220010877686882 -0.0365693568412996
-0.260698479634247 -0.243642394322447 0.0990109438265821 -0.0259141992560354
0.0648159564263839 -0.338539527770425 0.130502398105498 -0.133354228084621
0.332302802758543 -0.139290419824252 0.348328889968775 -0.173239017107228
0.361498680196035 0.0336585651847307 0.652896929453384 0.0246093623086087
0.467615983027943 -0.0188186613081436 0.33597315835067 -0.0684132527483185
0.38416436309977 -0.207698905931325 0.124222586503702 -0.11366769020534
0.0732095506962614 -0.395373433395681 0.0514765374766532 0.0247467990176443
-0.30079718025063 -0.306020358800235 0.0827361897053683 0.0621243091000405
-0.37077212725933 -0.0308404623005481 0.171998211998762 0.0379427664542793
-0.294145538909243 0.160201001639648 0.200397821592483 -0.0902554927710586
-0.166343385454585 0.30765891266645 0.159955322174526 -0.16441462982501
-0.116343688661673 0.335450137565445 0.133769212416455 -0.19490573287262
-0.161965689359467 0.345082230195417 0.138313689137156 -0.188914475923492
-0.337680223230577 0.21843433274524 0.169987352511825 -0.113233257276587
-0.414020872512316 -0.00702481545758508 0.147790161667979 -0.0189092433644066
-0.414963250792123 -0.344308104658456 0.0551980977684216 -0.0394399293572615
0.038574438440779 -0.524988306896815 0.103147460457874 -0.157988137612821
0.475258504959335 -0.291432750957195 0.257934260058683 -0.171405280447548
0.589506615261737 -0.0323778691530055 0.45527914527957 -0.00338851403435497
0.593264531749803 -0.0499960067334104 0.14898882643962 -0.0665900331303487
0.490377424196129 -0.308798220943013 0.0316252142846051 -0.0573297576288569
0.0793187235756885 -0.531330412756286 0.0587186968484782 0.0295613114937834
-0.395392229849849 -0.39526350991452 0.0714467543395017 0.0278943700701043
-0.47618409691706 -0.0494165030031818 0.0853731595532938 0.0223920462652123
-0.382340001603296 0.185244338299467 0.0882883733824247 -0.03353595241244
-0.227709832572119 0.362055446946153 0.0733004661409409 -0.0431307451512003
-0.153767973713692 0.390443061623054 0.0730335453094876 -0.0500177811530592
-0.198231970654688 0.397360231385407 0.0642476827545093 -0.0531409462547117
-0.398562609761389 0.253740713060998 0.0702957335465118 -0.0175033598478543
-0.489860126198803 -0.00254614330546549 0.0480149588221945 0.0122053354883053
-0.506712034808259 -0.381165185868538 -0.00673773668753675 -0.0440219651916987
-0.00369465426673887 -0.620778360742104 0.0597765893717133 -0.163418915488558
0.525986595222468 -0.395819922231552 0.144017582226011 -0.133949273808468
0.71045263276005 -0.0984605936007487 0.206907805252377 -0.00418440451474244
0.634847666935304 -0.0771823423193606 -0.0922923509605549 -0.0681277512965374
0.52311336931913 -0.371610117658831 -0.105409889828301 0.017733726182658
0.0697468797855329 -0.594829122088779 0.0430125675166506 0.0425779488510894
-0.434998406208677 -0.422775215465194 0.0400620165010065 -0.00843968316418238
-0.510594983488061 -0.0575942765519854 -0.0257045093602036 0.00678591296912643
-0.412490977017463 0.185922413220054 -0.0476556940808739 0.0344606391530825
-0.252361741276241 0.364910576402652 -0.0297916610444255 0.0893593082460905
-0.167655755583906 0.386437139221493 0.00200872429203776 0.102075829313993
-0.205993845518241 0.38671244192365 -0.0149792705396004 0.0899755968893853
-0.398730073435147 0.241182790365609 -0.0352740640927052 0.0841076312561273
-0.481836476230319 -0.00619832111070327 -0.0598122823538367 0.0479953726165478
-0.494457613121006 -0.360457910637898 -0.0718103608438477 -0.0420576407854468
-0.0249275123357975 -0.599037207211022 0.0142319758830662 -0.149613256310272
0.4936692905565 -0.407616242816829 0.036217701130067 -0.072865288426693
0.708582451574077 -0.1347173722196 -0.0444530823233426 0.0144412621746021
0.573078725520064 -0.0976394629023131 -0.348165443149214 -0.0714996708028735
0.463497874065564 -0.363224016187235 -0.256934560615534 0.0958400128659727
0.0476337012312873 -0.541662523806569 0.00475411199039899 0.0572079770034324
-0.386395340792593 -0.366015328266975 -0.00686395704616089 -0.0362287842092773
-0.445402864846287 -0.0543181656011127 -0.138224050237335 -0.00424415786035118
-0.367359412829919 0.1543282760091 -0.18105457912132 0.103466452540688
-0.23498118953363 0.309797766540296 -0.130229685409952 0.212715997182363
-0.156766068091525 0.323402453121841 -0.0704217220855159 0.238810921225292
-0.188534291055938 0.315951297767527 -0.09228850822576 0.214673811859175
-0.342106042759542 0.182849430939495 -0.133167321519509 0.165881256758353
-0.391834302663014 -0.0269100516391887 -0.156020284642265 0.0690179392807736
-0.378350720119962 -0.295134362155971 -0.120744676418686 -0.0458551729092178
-0.0165537877678846 -0.468145764591455 -0.0190263637144523 -0.128962076564006
0.393641349006167 -0.329671604787148 -0.0433467693244842 -0.0114267231584469
0.597778712722097 -0.137373634140156 -0.258389896547579 0.0391786835162891
0.410507818291919 -0.102406311847058 -0.571721828850351 -0.0708868018353745
0.310517398258463 -0.281012088129159 -0.389710094571391 0.160425749248028
0.0138058604131957 -0.374035928547148 -0.0455440482618011 0.0732462290467815
-0.25893975985033 -0.232410921068454 -0.0515892738413485 -0.04386849488163
-0.291209210035167 -0.0429629345403581 -0.219013639491459 -0.00797855140057398
-0.254956057506564 0.0945922515341893 -0.280830460489778 0.158594262852012
-0.1763918893423 0.202506950336271 -0.208695366128161 0.304955432954443
-0.121065132319822 0.209993088440871 -0.132002444805928 0.340771183667005
-0.145650056706115 0.199889048217885 -0.158864760754687 0.301601536061267
-0.241316024367454 0.0997541524292573 -0.212895211401603 0.208874338394612
-0.251445400733652 -0.0450504016471724 -0.225678594897765 0.062850003547978
-0.211868571082779 -0.197288328396418 -0.142018997806177 -0.0606843712955359
0.0028709054821391 -0.281757257236886 -0.0342226459142938 -0.107473143073425
0.248573281759938 -0.206546286124183 -0.0874007756774095 0.0313823617397288
0.407890519170408 -0.119208773082019 -0.405845616447192 0.0603511958520591
0.174770837532941 -0.0904096497834528 -0.719266973854202 -0.0653666332748176
0.102123328232395 -0.147805856749433 -0.474639183267659 0.208395733031513
-0.0268654825855278 -0.142257731549645 -0.0907245281071449 0.0967349489350374
-0.0916166535613128 -0.0582831868802237 -0.0773572728646459 -0.0272559775315849
-0.0909918017684117 -0.0259994916081817 -0.249303428560185 -0.00340835309968583
-0.101096882518252 0.0167282303575286 -0.324605573912217 0.190346807359858
-0.0899386902695218 0.0607871817739836 -0.248304136845601 0.352420588058124
-0.0678715543046397 0.0646207232809352 -0.172956222204165 0.391404127767751
-0.0802995205528591 0.060507334914933 -0.205674655473504 0.341069463632256
-0.11184692567893 0.0152301310333158 -0.268191074005877 0.213260713190277
-0.0944334033261076 -0.0442796777678757 -0.264826896840821 0.0328995129739825
-0.0505691800459955 -0.0759138349006334 -0.140230171031892 -0.0815523991133337
0.00167190506419961 -0.0906098121570518 -0.036476627386547 -0.0859634100841423
0.0804291583171544 -0.0877355810971511 -0.102514964761561 0.0545326222058417
0.175610447852334 -0.0930818359619697 -0.472363137094991 0.0743583513515151
0.0807861269481356 0.0393329483995116 0.474521149962357 -0.130490617218914
0.0938258663635543 -0.00797703718491189 0.152624658262406 -0.176611463117054
0.0249960506434506 -0.0848623987376175 0.0155828155183057 0.0521588943644586
-0.0796431373909105 -0.0609645244022307 0.103409619196303 0.10632202199743
-0.0757991032875955 0.02765383311613 0.269714437872429 0.0146307684997127
-0.0323855289695231 0.0638525040876399 0.3028418778683 -0.194734418033489
0.0113524715159909 0.0863392278395092 0.218027747471531 -0.335310323437812
0.0112674962332124 0.0918194425249906 0.160621923651931 -0.392252138506326
-0.00384494047820868 0.0969083071971894 0.200590053413218 -0.372268071036049
-0.0574818476395373 0.0723154214236638 0.274666485068573 -0.242479011877467
-0.0920843474264581 0.0161229638848706 0.252480569590171 -0.0605898386984062
-0.0980218101215146 -0.0848715488874087 0.119428335407305 -0.0173671189019181
0.0442021407051791 -0.10978600945335 0.128521702508802 -0.105341805346325
0.119562287465588 0.00689015216002481 0.390716031909791 -0.175147096060524
0.0723902697125264 0.0770047184314466 0.762224018582261 0.0148380173336942
0.283332849939225 -0.00744617485791711 0.441382411614989 -0.10904743798896
0.236880361267757 -0.118337247137556 0.154346874495286 -0.159783637487848
0.0358509560085773 -0.241888885746741 0.0352182512241363 0.0322243891505412
-0.203030461537517 -0.173816863395662 0.0931179030973157 0.0856808446929354
-0.229303468537278 0.0140508778158526 0.235871817371797 0.0267063475708941
-0.162669248296526 0.130446493378635 0.267907430022278 -0.156178704111092
-0.0677565426466335 0.216891182802237 0.198416523132761 -0.275807312716661
-0.0439181709837678 0.234300392305265 0.151223168412776 -0.322791179799344
-0.080033816313317 0.245588567871612 0.174741393488106 -0.310298860352436
-0.210427182343434 0.166746456065283 0.236590868131194 -0.20207805266015
-0.273186087308643 0.0109124668101297 0.218103000988336 -0.0522761421245992
-0.278134797024765 -0.223991195365744 0.0967987016484094 -0.0311554441751185
0.0428241184830523 -0.341393084633955 0.119149048493672 -0.14193227789725
0.32232580814139 -0.16127549336395 0.338875835716282 -0.194806799006312
0.360374455751537 0.0113342739197648 0.649760290461471 -0.01950033190577
0.461090491228228 -0.0496033836852379 0.331334270283669 -0.0928525010534081
0.369600906704127 -0.231353438700293 0.115144823274157 -0.122159554133825
0.0453336339551166 -0.395700818945723 0.0550312137966165 0.0232806952782268
-0.32017064214822 -0.280773796231755 0.088906317782493 0.0566293160860086
-0.371875567121835 -0.00333450589484432 0.178937860740429 0.0239563092518561
-0.283215911181443 0.181000405355907 0.195659602151041 -0.105095162680174
-0.143229143900341 0.318984662466421 0.147933642713228 -0.177001895544626
-0.091595492504017 0.342168006955855 0.119518105927366 -0.204880032093129
-0.13594033697722 0.356196859830772 0.123707338645785 -0.199236161807228
-0.324106052039852 0.244316443308541 0.163279761917791 -0.125934850294487
-0.415848908689107 0.0204483113858758 0.146836024051824 -0.0307508466502281
-0.437431960176785 -0.31253077429209 0.05244301398525 -0.0415570290945016
0.00556081500388791 -0.524905253967276 0.0888934651730913 -0.16567566416367
0.454643780146046 -0.323508553607765 0.247839592996279 -0.186715028973372
0.581734587669962 -0.0691682885551749 0.453631454134444 -0.031925728534117
0.583604534382617 -0.0906490148225112 0.147338558072608 -0.0786353244519523
0.469433772860719 -0.339034883506436 0.0273883516388618 -0.0599532602036966
0.0411936090581902 -0.530189212156306 0.0627375840316433 0.0270643170723039
-0.419755787479548 -0.362713032394296 0.07626967870207 0.0226253346202205
-0.480052578634733 -0.0138155297815419 0.0932242505041504 0.0146018858753297
-0.371045445483018 0.212847851984961 0.0864151684858762 -0.0401546762646572
-0.20123461628551 0.377455686440584 0.0706152322078221 -0.0499342077399706
-0.125598985436647 0.399262124863218 0.0698990816467367 -0.0555453452147958
-0.16799403766499 0.410891565065207 0.0598415985968323 -0.0579233860022806
-0.382287044009222 0.28471306924478 0.0704551580642827 -0.023545820195673
-0.490713576192407 0.0313015943176873 0.0490091136565144 0.00657997465263889
-0.533275256515669 -0.341856144203724 -0.00872081366457259 -0.0412177529974845
-0.0439924283152183 -0.619445730089736 0.0444716638170055 -0.168428835720059
0.500837268864867 -0.429774785243676 0.135994302087564 -0.142796802420761
0.698217666447843 -0.140276809795468 0.208366260852951 -0.0154583964782098
0.623593511213163 -0.121100413229022 -0.0919567776133113 -0.0641841401096134
0.499509126584224 -0.404063617047639 -0.10319813068957 0.0241585571933326
0.02956017693531 -0.593756021872188 0.0474884798767972 0.0405418195265153
-0.462803270100207 -0.387080556289877 0.0430067380925821 -0.0117751944393033
-0.514471269263663 -0.0187151033830197 -0.0186558410772293 0.00639069699648091
-0.401292834896007 0.215620145659414 -0.0457589408314512 0.0372309876349783
-0.225377413668105 0.382573577375868 -0.0230987919804134 0.0905472559402486
-0.139709374671522 0.395553946257163 0.0103202965949632 0.101795801850445
-0.176626136840216 0.399739192213696 -0.00878202397030617 0.0904493099940685
-0.38241475059313 0.271044826177712 -0.0278329922778888 0.0859749246512654
-0.482246181731134 0.0271610282486304 -0.0568996408901304 0.0488791280009334
-0.519141503675848 -0.322399705945405 -0.073007812535704 -0.0354564183042965
-0.0649190993126392 -0.594631590647341 -0.000469860898542282 -0.152123129173063
0.46582067475264 -0.438870928092569 0.0319324272714527 -0.0748224439735324
0.693752555385417 -0.17772541405732 -0.0413411698932053 0.0215277685384776
0.563758062860602 -0.136189220472504 -0.3455468278977 -0.0501738177366108
0.439025013036052 -0.394697490400621 -0.249202930846796 0.112778649551768
0.00902864420411382 -0.541244093862607 0.00983361664208184 0.057676615819347
-0.411252031947814 -0.334083941051857 -0.00606889714808618 -0.0362899417702151
-0.449621310225373 -0.0212347169637145 -0.132633878387679 0.00344444649160398
-0.357749944556576 0.182304420171587 -0.174386169218223 0.116110684562799
-0.211972592733058 0.326077816804312 -0.115039332093169 0.221319059780176
-0.132936990854507 0.332143443563652 -0.0522486328596326 0.243877054090269
-0.163416284921514 0.327057897248032 -0.0763256689754194 0.220441679126509
-0.329438827514206 0.209371936034688 -0.119805288084288 0.174652305742013
-0.393995881618566 0.00108060999972491 -0.151545366942807 0.0771100236015938
-0.399808600846889 -0.264443551270969 -0.121552878592493 -0.0364741332381118
-0.0484014279971797 -0.464864429983266 -0.0313201149243442 -0.128618539759882
0.371155479015832 -0.354439994416038 -0.0441017205266716 -0.00915805155588073
0.584566974885438 -0.175520643597966 -0.252649059658413 0.0615781783844858
0.401758013283943 -0.130231430656727 -0.569118017623299 -0.0349371657950456
0.292548026156616 -0.301473630471079 -0.377061377510195 0.186339177825571
-0.0122489553108571 -0.372548834708138 -0.040339326449419 0.0765818461111216
-0.274107435890843 -0.210887236036084 -0.052244969188508 -0.041634111149028
-0.295098348888982 -0.0209464474021322 -0.215967177026679 0.00592564811903052
-0.249653258467964 0.114205136532302 -0.270894673075107 0.179021076747794
-0.161964142512831 0.215488600900629 -0.186576824258788 0.32049651328218
-0.105640834891094 0.216319968050397 -0.106603214097573 0.3494840290185
-0.128628727242215 0.208860578522709 -0.13655817549809 0.312924488567826
-0.233643790452952 0.118316932786388 -0.19753485257792 0.223717181346509
-0.254398017666517 -0.0263511538180368 -0.222202180946786 0.0759651187551319
-0.225670036585747 -0.178595723788375 -0.144035934384321 -0.0501546811621863
-0.0177904808964242 -0.28039208074451 -0.043357779949531 -0.106229169879222
0.234641599634763 -0.222673966522044 -0.0862162774716066 0.0367773481188348
0.397110563596108 -0.145883050860938 -0.397630330926568 0.093959748431646
0.168327416727658 -0.101939749304089 -0.717156023259999 -0.0199792839480608
0.0921531383593568 -0.155331248307649 -0.457621570821775 0.240051530829643
-0.0370616380176689 -0.139320294546781 -0.0852584055024075 0.102217217378579
-0.0950602028617751 -0.0501561107727771 -0.0783715026963736 -0.0233322679332015
-0.0942124329032223 -0.0192028530906416 -0.24828836251274 0.0130721208949863
-0.100487209089737 0.0250294480681615 -0.311948582389783 0.213800379042984
-0.0855479454559946 0.0672454009430603 -0.222532956125977 0.370005979754602
-0.0628302893821668 0.0677644306080116 -0.14301712173056 0.404097572071355
-0.0744298654254972 0.0641465914033942 -0.179967870218279 0.35630656969271
-0.109990164440052 0.0243966711594864 -0.252320656534505 0.232524957062945
-0.0974298548981245 -0.0361849273089343 -0.263159202629339 0.0501025432804121
-0.0564421678797452 -0.0701116637147831 -0.143524448303576 -0.0717011385232418
-0.00631979830154023 -0.0902145625969903 -0.0426416219844598 -0.0840816021455846
0.0746054369626837 -0.0927104812765503 -0.100268869369108 0.0610504585474152
0.167998007224103 -0.10556214421844 -0.462793403765841 0.111248530974573
0.079467322282088 0.0355471964248266 0.45423926356291 -0.149161415373136
0.0929322611745308 -0.0114127946940664 0.139311752407893 -0.180568304196607
0.0203884973025836 -0.0842863782182628 0.0190452748354293 0.0511081804919709
-0.080265723785803 -0.0567113321857218 0.106351564693331 0.0997555382672737
-0.0720263530266155 0.0306046223488795 0.266297541351834 -0.000617449855894524
-0.0283261788297352 0.0640400469855557 0.287102353906268 -0.207993278852689
0.0159609842377794 0.083675494797967 0.196580797217187 -0.339201352242309
0.0161360115795863 0.0897915454728463 0.135875727677702 -0.392266117348479
0.000771805019520294 0.0962406496972809 0.175979714817682 -0.374496646231044
-0.053340565849811 0.0739488394098844 0.256991727902764 -0.251065992947106
-0.0901947263603115 0.018712959687164 0.244936459758513 -0.0709635623022109
-0.0996889670684282 -0.0777811372840865 0.114739824147323 -0.0215135905649738
0.0391284760632176 -0.109415774149568 0.119552756751277 -0.107583086982694
0.116234371808321 0.00164752158552343 0.376747848756134 -0.188591682498159
0.0730053715128525 0.0729792561891651 0.741156531173646 -0.0232330002508375
0.273356100019295 -0.0192084699049989 0.423601614199118 -0.128786271337519
0.226825250936791 -0.125284608357252 0.141836591780038 -0.163271470875054
0.0235769308777286 -0.235476434390448 0.0384790348257134 0.0307191399045956
-0.206046407993813 -0.15869292230588 0.0964703733713975 0.0788079888732061
-0.222741083431215 0.0255037085897361 0.234557070309836 0.011868678149965
-0.153475844552971 0.135747674887061 0.255555730584944 -0.167862281930489
-0.0552999829363211 0.214662575794127 0.180538672916787 -0.280915010054879
-0.0306450390996284 0.230592713126771 0.13038443028962 -0.323664198476873
-0.0642526277051323 0.244719894645663 0.153918797821929 -0.31298470198466
-0.198668915405619 0.175638089275911 0.222194066545318 -0.210059767337952
-0.267776447293508 0.0230999879344055 0.210594054198154 -0.0622429860629285
-0.282142935075476 -0.204402299674962 0.0931138318275042 -0.0338248607799522
0.027177915824651 -0.335744252635603 0.107222866627466 -0.142673285963674
0.306695747420668 -0.172136618017155 0.323725770023412 -0.204944895551509
0.349226054727492 -0.00249040038187123 0.632313678209557 -0.0497308114228703
0.441762228629146 -0.0695022056577347 0.318788942457093 -0.108224481366952
0.350267262652431 -0.241581318350799 0.106222635335058 -0.124957391532616
0.0253299658501969 -0.384015057032485 0.0583261219855985 0.0212186375893093
-0.325202605153889 -0.25575021276683 0.0921260526464279 0.0503658363788132
-0.36250612652587 0.016451355891497 0.180831361166507 0.0112100617321393
-0.269659751790478 0.191433567294646 0.186447805957124 -0.113590790033715
-0.124030345924048 0.318008937701388 0.136799553027965 -0.18140341634098
-0.0718387846962571 0.337602985989571 0.107039669507619 -0.205696716348169
-0.113339912214406 0.355065663950437 0.110081858448491 -0.20148506873509
-0.305057582286211 0.25734084507374 0.15450166565723 -0.132897543363589
-0.406513486049335 0.0402446203885043 0.141710080590324 -0.0388951023506151
-0.441906675338322 -0.282546048603783 0.0498238807145286 -0.0413555702173019
-0.0193769248618613 -0.513625042683051 0.0761443047674459 -0.164939619327599
0.428625040738582 -0.335376341414946 0.234554088780656 -0.193126295710268
0.559674830611751 -0.0902264475004846 0.440528556525832 -0.0505275232663652
0.559483791398532 -0.114135121741247 0.141849101744783 -0.0863076720417292
0.442245042023432 -0.350429643902926 0.0241598659503681 -0.0595323266143908
0.0152709999592919 -0.5149550174765 0.0659729110737111 0.0247630948394991
-0.425056972522971 -0.330400895058093 0.0784576903244168 0.0172548653977287
-0.4688137306684 0.0124398688511872 0.0975152237950165 0.00535599131178049
-0.354768789857091 0.227765288064097 0.0831545146955892 -0.0448175352853348
-0.17712306907558 0.378643016267571 0.0662274487143705 -0.0532243848393909
-0.102031430669909 0.393731852646486 0.0663273654667288 -0.0572404722089541
-0.140900124044569 0.408559489749959 0.0548087016463467 -0.0599151854235411
-0.36030845279818 0.298851623255342 0.0690022372347946 -0.0276746498490947
-0.480017768151959 0.0534019274799604 0.0479096827437237 0.00147452828097351
-0.536742830219041 -0.304955643906815 -0.00880526714521557 -0.0387300777208453
-0.0698934397357075 -0.601800854164154 0.0315227443802585 -0.165674123039169
0.470113929579963 -0.441210798182123 0.127532137710051 -0.145254735958477
0.671082431845866 -0.165379398900348 0.203708139193516 -0.0217422269951573
0.597799702716222 -0.14498037940888 -0.0888015698593978 -0.061567795227268
0.468557703547011 -0.418158951596404 -0.0988726722583538 0.0281895629187339
-0.000472738441201052 -0.576723175036498 0.0511716334622617 0.0386691531550744
-0.468294335994569 -0.351831577404341 0.0448161429514708 -0.0148383652949207
-0.504192689030524 0.00936601919602638 -0.0118545237435038 0.00274471875171226
-0.384298254482007 0.232482026499419 -0.0423580131013976 0.0378903134624501
-0.201637653933845 0.384153237527749 -0.0177857838072413 0.0885315791760819
-0.116172634220657 0.39070009233405 0.0162235232888491 0.0993365787268811
-0.149941220422206 0.397297665292008 -0.00451198910466136 0.0886537144253871
-0.361750124008776 0.285857628821937 -0.0212743448048386 0.0841894461465389
-0.469849006449977 0.0506930766067488 -0.0541150023652712 0.047872554129583
-0.522794416396428 -0.284951718192553 -0.0706759726192339 -0.0304947929920175
-0.0901537342119056 -0.575497370324783 -0.0116327353376085 -0.148584028155005
0.434780411471961 -0.449348003346936 0.0281256334408835 -0.0747565429211806
0.664208248888779 -0.203496796881091 -0.0366906096709418 0.0270736431363393
0.539540562959852 -0.158199612813005 -0.334621398490759 -0.0356940794975108
0.411320860958146 -0.405104097784789 -0.236818746846331 0.121160141633352
-0.0150296171445499 -0.52597800568393 0.0142943871246279 0.0566180072662089
-0.416023395273651 -0.30305846974073 -0.00489543014941565 -0.037287662071368
-0.441517840254977 0.00405320377012182 -0.124240135422955 0.00607987502676795
-0.343165377549493 0.19781741934144 -0.165408440140588 0.122069648588848
-0.190837955329035 0.329443254107207 -0.101006465885208 0.221140612603989
-0.112726568799398 0.328407842691099 -0.0371174762510292 0.241082573292192
-0.141203308847791 0.325162440364479 -0.0638169461273327 0.219557715252975
-0.310854980200142 0.222404281800762 -0.107561892536154 0.175676762092259
-0.384703392874272 0.021776879574811 -0.145708216296953 0.0802062957512317
-0.402275431686165 -0.235402487862255 -0.117872784604811 -0.0292398409216462
-0.0699604808163003 -0.4507817161059 -0.0400218046249553 -0.12463974425512
0.347345489943238 -0.362999820448224 -0.0442184395543803 -0.00717582356051206
0.558619314372431 -0.196098348785651 -0.239860688243322 0.076269472238035
0.384027011980412 -0.146746007787501 -0.550707652318704 -0.0106631638933156
0.271919354894246 -0.308340913650242 -0.358176564682276 0.199109603827459
-0.0301335998560111 -0.360798484530774 -0.0352215500398458 0.0770285607475009
-0.277784455270859 -0.189449395205092 -0.0511125384108442 -0.039812089196554
-0.291415294373341 -0.00391726730574595 -0.207636307855051 0.0140979666900417
-0.239705485373761 0.125921276569831 -0.256028665215919 0.189795728567541
-0.147084622015334 0.21842809632468 -0.165100179465033 0.323342101393192
-0.0926580968462317 0.214325008633962 -0.0841889802456342 0.347883149526102
-0.113944145794218 0.207947772172468 -0.1169342960642 0.312918914145491
-0.221818370542641 0.128154865176762 -0.180667249289111 0.228354308611205
-0.249592259711799 -0.0116094669779555 -0.214210946312662 0.08339250970108
-0.229348203711201 -0.160465728712876 -0.140601396745904 -0.0421839430735667
-0.032393329513901 -0.271540977634219 -0.0493802081843961 -0.102649571553739
0.219267142537714 -0.227607825906633 -0.0830363774433997 0.0401729955091926
0.377881928104934 -0.160188500585683 -0.379966834724629 0.114739942828897
0.158892417925881 -0.107568645372105 -0.695553270166472 0.0120680268318753
0.0821132186818288 -0.156383880052177 -0.434714182529173 0.255749572471727
-0.0427030845588121 -0.133912403435902 -0.0792597505362579 0.103902272334709
-0.0944061775662591 -0.0423208186646489 -0.0767384753642025 -0.0202847866964231
-0.0943511025369023 -0.0129294529663299 -0.241122422349974 0.0241106496184391
-0.0980170429185664 0.0300367100677197 -0.295811572355994 0.226136144463552
-0.0805021479779126 0.0698654225612967 -0.198288530102992 0.374486661998191
-0.0585065077888409 0.0678685577414696 -0.11756429445345 0.40183143281123
-0.068308062353536 0.0641381047349592 -0.157373321818181 0.357538761233514
-0.104900633115258 0.0296107586984057 -0.234518406000181 0.240820247848855
-0.0961070207305018 -0.0291856987093393 -0.25494224293933 0.0616559302813656
-0.0579865913259353 -0.0636701884521661 -0.142603603776921 -0.0634512832312181
-0.0125516158983285 -0.0868261534555572 -0.045955051607801 -0.0810957529696093
0.0689181056907838 -0.0948151233065514 -0.0967049072196335 0.0644623840601602
0.158071941459895 -0.111798129820251 -0.443735614012294 0.13515309893433
0.0715259047009054 0.0367476963437225 0.450975383412657 -0.129031337411109
0.0904565943265329 -0.00590135606148572 0.139887539050051 -0.174043738559917
0.025130434650304 -0.0819495304999381 0.0151016829765878 0.0498127595737554
-0.0754913713394826 -0.0606133114180203 0.0973510991655935 0.102025198816895
-0.0721663457923229 0.0239447511344823 0.257175046943952 0.0081862421529532
-0.0317388373506815 0.0601016395059501 0.284350696974372 -0.193574428255725
0.0149078258408844 0.079878641437834 0.200206189851826 -0.327122646434448
0.0141167060629492 0.0897098241285361 0.137522404693244 -0.379768630695325
-0.000302456131611615 0.0937299377355458 0.175437080016513 -0.364230567621178
-0.0550448744443813 0.0703526114766956 0.253200183866808 -0.243292758951609
-0.0897164191219019 0.0142769410062875 0.238422708365651 -0.0659165708953919
-0.0931780351691972 -0.0797988889709023 0.109865929343551 -0.0226388347550678
0.0448566948129037 -0.107986398867481 0.123485360964197 -0.0991766907627346
0.119726221345817 0.00352728166600512 0.374633922304004 -0.165897414266868
0.0764811175363231 0.0693505066859074 0.713062893831238 0.0133568972410202
0.264940972285195 -0.00651082556853726 0.421248274464061 -0.119641248350481
0.226616909891317 -0.110633227084411 0.137583562809309 -0.160740279048972
0.0351786334552551 -0.228940657896456 0.0291017392779745 0.0305214198546454
-0.191945982367299 -0.161882372719405 0.082281443443991 0.0819919574507626
-0.21852392019632 0.0138722295857134 0.224175163095814 0.0233646144109021
-0.157255679697141 0.126627029253918 0.252908678395743 -0.151575599174052
-0.0595469541103305 0.206850089863664 0.185677248344896 -0.266049742264732
-0.0379781674070957 0.228490077673689 0.131336373284843 -0.311205605712524
-0.0681477480315618 0.239099448882493 0.150706248312158 -0.303838879392324
-0.20175040805388 0.169630433696419 0.215625864496152 -0.205403330210244
-0.267767019348847 0.0148068444258799 0.202487925458831 -0.0649535102325266
-0.268498376580967 -0.20653135310576 0.0874921971666962 -0.0446780539669801
0.0400667751533194 -0.332310870067148 0.117638291531716 -0.138275477511648
0.311388317673814 -0.163016837980672 0.330677928597485 -0.179961407702972
0.346043029982618 -0.000302150880393225 0.613673814803222 -0.00875371716359093
0.433828437466773 -0.0449975621517825 0.319722021148956 -0.11183493128039
0.354475070001812 -0.218151115650261 0.0987218400111966 -0.12776006087228
0.0438629186201858 -0.374605684120758 0.0423977308542973 0.0215220674952387
-0.302784186941619 -0.259183991619595 0.0723401845397835 0.0550712144583789
-0.354112285544064 0.000616903425469696 0.168991638350978 0.025106335780353
-0.2731041696982 0.178891858280866 0.184325217395111 -0.0978365214238979
-0.131081926050521 0.306931093282857 0.141259532124167 -0.167390649598708
-0.0831623821117178 0.33208699862189 0.106511633721967 -0.195167634266812
-0.118447234394703 0.347083565382198 0.105142220128273 -0.195399026407687
-0.309809001546173 0.250131966478652 0.146366563999541 -0.130869308522241
-0.40653156712492 0.0289589825629026 0.131712701708512 -0.0482683582000279
-0.42396267090041 -0.285690759867972 0.0436756315279631 -0.0611091538825703
-0.000780490971917406 -0.508398486108878 0.0913724329240921 -0.165407406046919
0.435191747802998 -0.319874910640004 0.248408902409065 -0.168124520704462
0.551806844478758 -0.0815198929792764 0.434541451640786 -0.0114081697919669
0.554701951792163 -0.0809536238991648 0.147323340754566 -0.104235565257784
0.450500188286561 -0.321665278793387 0.0129766201700148 -0.0697172377365409
0.0398351342583626 -0.503239527286326 0.0439651344817032 0.0255846272309795
-0.397170568227367 -0.333484264459151 0.056076568757301 0.0232720763656493
-0.456952245404252 -0.00606489820218631 0.0867232214134078 0.0209767182739362
-0.357478287629529 0.212915623036953 0.0816692472996445 -0.0309812785443023
-0.187530580895247 0.364888651636372 0.0705599872442005 -0.041034026028033
-0.115517486963863 0.387154799641453 0.0658580921552201 -0.0504379951555433
-0.147873550867008 0.399587007539873 0.0485951193485998 -0.0573385596930462
-0.365074988541619 0.292871998728519 0.0602749801253773 -0.0304951871865675
-0.480813099890109 0.0427949830190386 0.0371252785247769 -0.014081434009287
-0.515751366753907 -0.308983069009723 -0.0158933645458266 -0.0642852198442032
-0.0491086864585922 -0.597034613991643 0.049362432672691 -0.172036227775038
0.475085539368254 -0.422606422578657 0.145179030813728 -0.125010771448064
0.657591831222257 -0.152450980641122 0.208524226716583 0.00863803414583789
0.597553074587835 -0.109158723688391 -0.0780986681720932 -0.0926789656632712
0.483023090535313 -0.385034040996445 -0.111410381414266 0.0109821206993852
0.0285382730333523 -0.565472967256413 0.0264340742105158 0.0386306983251335
-0.43842384695166 -0.355658242581026 0.0227178084853251 -0.00875633360096365
-0.491993906579781 -0.00842852996017119 -0.0198683347866869 0.0170866974985713
-0.386213402868124 0.218147361223221 -0.0424169979374641 0.0471662628568917
-0.212308769285107 0.371531456183856 -0.0149683613033057 0.0968925946899825
-0.130386204759468 0.384085743538951 0.0153089844591155 0.101692728743011
-0.157401896662067 0.389875347409882 -0.0114972059959117 0.0873098467011386
-0.365156070946276 0.280068760188063 -0.0294671148335452 0.0772816712804367
-0.471380307889518 0.0407881739555715 -0.0630956864867534 0.0293878093066845
-0.504327953875335 -0.28870335645639 -0.0761042648983818 -0.0572947345999375
-0.0721509537348133 -0.571797087415993 0.00510185208363254 -0.156901601632935
0.441197305480318 -0.431059259597318 0.0447251750804368 -0.0611932934558053
0.65056629947033 -0.18636536789561 -0.0240037488502672 0.0446941270512833
0.543318357215798 -0.12334763379963 -0.320465244922712 -0.0761532477474471
0.427867602507047 -0.375886439323792 -0.2483890222236 0.0983361822390798
0.0119847080228869 -0.516173699674088 -0.00906070142479197 0.0553225017853764
-0.389779659720796 -0.305947587124225 -0.0224485816894291 -0.0320959043833171
-0.429697025517073 -0.0097489176962964 -0.127621546125744 0.0160075639337903
-0.343580345488159 0.185533227110208 -0.163741032662139 0.1251310564382
-0.20007186680735 0.318783497370036 -0.0993858827631916 0.224299464524671
-0.125150612726011 0.321663699807593 -0.0388029056353551 0.238785856591538
-0.146775592062661 0.319108551679601 -0.0700998080253486 0.214554537004313
-0.313614233725351 0.218614401842086 -0.113476309714284 0.166372708424708
-0.385366928589471 0.0153098530634044 -0.150469109031533 0.0614052750743264
-0.390464171064767 -0.235591552829658 -0.118661605299975 -0.0531259790414243
-0.0573595020716829 -0.446821687796381 -0.0255294095471807 -0.132617064110858
0.349247378812625 -0.348806093520093 -0.0312973691218632 0.000127961173377849
0.546114506855173 -0.183554337553227 -0.223423497777505 0.081263213353191
0.390181967589032 -0.117720955330423 -0.53389640864883 -0.0551034820485183
0.287054931848379 -0.288480108724065 -0.365050010129811 0.174153886805952
-0.0108612822520129 -0.355750137714679 -0.0526332833211975 0.0737318934533679
-0.260055070108506 -0.19155256590914 -0.0606972954538737 -0.0376796519115489
-0.282786570625041 -0.0113413960064404 -0.20624915262314 0.0164339856444238
-0.238906661040965 0.11879168209845 -0.253860691425842 0.185428031915032
-0.154377819934361 0.212877109370734 -0.165466742582042 0.319412175695884
-0.101053785399112 0.209536431223375 -0.085805450730019 0.341022704293809
-0.117879797611394 0.203210791807715 -0.121206659671856 0.304515838253879
-0.223189790802611 0.12641833576995 -0.183591357677128 0.218015162189701
-0.249452877985067 -0.0142483314942497 -0.213881673848915 0.0671253909696857
-0.222754452933976 -0.158235411130103 -0.137033795563282 -0.0585394364552014
-0.0265207711277833 -0.268714187985113 -0.0392021788989557 -0.107480412474824
0.220159697310213 -0.218460313916727 -0.0763456022523924 0.0413449477273799
0.36813846050162 -0.149404347253203 -0.362098123521562 0.10739430673689
0.16807409662853 -0.0916265720842145 -0.677235569675345 -0.0300836254229821
0.0936417477737938 -0.148069723104483 -0.435311533108323 0.230928612057653
-0.0340518233468312 -0.133178407387833 -0.0877517435565912 0.0991753047679114
-0.0881016211952185 -0.0425715944444659 -0.0767195961226503 -0.0212075113532995
-0.0904600863810673 -0.0127581011869496 -0.235636050416129 0.0200357607418263
-0.0953014469625291 0.028821129832966 -0.292516953683966 0.215531618259833
-0.0834251641060157 0.0689055208361185 -0.20081846664417 0.365673014785475
-0.0622010425801197 0.0654678715878905 -0.117696357337335 0.391466725194579
-0.0703824450405986 0.0621642159706144 -0.158620721810247 0.348728573213801
-0.104565948323497 0.0298293770917604 -0.233599142742543 0.230707849195676
-0.0956950946519864 -0.0284924956734053 -0.250316823816073 0.0509047764838041
-0.0581367280666012 -0.0617869771160001 -0.135194874594335 -0.0706910764730954
-0.0124574518012681 -0.0860403540955342 -0.0403516858771061 -0.082790707834291
0.0686092653158848 -0.0917577203732964 -0.0944590042151285 0.0614154384412994
0.152438498439775 -0.104879503361064 -0.427194183712163 0.118828587126277
0.0702392811837528 0.0379891927740088 0.447980167622621 -0.128643194047997
0.0918686295411969 -0.0055878104566167 0.138421368878443 -0.174019261856102
0.0254237745561206 -0.0816880486698688 0.017533627463134 0.0499447102713292
-0.0765930772251784 -0.0612360654530643 0.0982533611659393 0.101949275051263
-0.0713000910892337 0.0233121171128344 0.258171210097121 0.00593114631033398
-0.03078423868037 0.0597524751370964 0.283958199301766 -0.196993893754593
0.0156373363554639 0.0792568153076232 0.199951086576776 -0.330389381645992
0.0149580130672746 0.0901011997556302 0.134880932552952 -0.380581041035702
0.000742976745261706 0.0953764176750341 0.173770864499877 -0.366094053548061
-0.0558971398796163 0.0717995956417824 0.252886860513261 -0.244743383474977
-0.0915346675826483 0.0140278174930606 0.239837870749113 -0.0656488580672308
-0.0937789398909812 -0.0802716902241435 0.109668245702165 -0.0209169315854679
0.0461633507065281 -0.108373045184039 0.124489939672024 -0.0973870436356576
0.119347939413827 0.00485289643433246 0.376717228965359 -0.166415802157293
0.0758517104438533 0.071016080971598 0.711058865523181 0.0141361456483
0.261267632635953 -0.00395044486214535 0.419035605970142 -0.119921363013161
0.227725640531418 -0.109562958224291 0.13691270003491 -0.160706338569319
0.0350853289065494 -0.226899021458444 0.0323531036429498 0.0302919094080055
-0.192531487812917 -0.160941943145006 0.0834586801720753 0.0820145490542617
-0.217708154843907 0.0149248900978546 0.225721688911688 0.0190161633567125
-0.157153536550534 0.127851510208656 0.252997835291836 -0.154841612799642
-0.059138397773077 0.206257457443716 0.185064709922592 -0.268733539981727
-0.0361809870728384 0.228395217326233 0.130195141213121 -0.312360538577357
-0.0664510232192343 0.240602469816753 0.149360747915822 -0.304267547018614
-0.202680110216338 0.172481710550024 0.216034183571629 -0.20741866656668
-0.26905654818277 0.014513219038829 0.203099403763722 -0.065359619406497
-0.269834388199832 -0.20545941934772 0.0880602441375387 -0.0433973251357918
0.0410535994134344 -0.332077958323713 0.116979587078624 -0.136505492871541
0.312126605254305 -0.161445216863993 0.332823032619607 -0.179528252653534
0.344363617419069 0.00337255861078512 0.611891523268434 -0.00886007630689716
0.428026119637154 -0.0417447949714819 0.319421484633676 -0.113327474077233
0.354697325253436 -0.21681232750702 0.098097981552834 -0.127683838607182
0.0438116103235528 -0.369598405575444 0.0464321727225735 0.0216169324315319
-0.302435288974448 -0.256143796486371 0.0743589005933698 0.0535721571231926
-0.353145283604448 0.00220975604531341 0.171452625494903 0.0202108236241936
-0.273138027661405 0.181459072682082 0.183807975944751 -0.100444790508996
-0.13068910713749 0.306809967928482 0.141169906977905 -0.169163860837545
-0.0816888541197012 0.33198766447047 0.10701613565342 -0.196202847881158
-0.117207285140993 0.348148722337931 0.104361225107912 -0.195462021216348
-0.310481850852792 0.25487675787364 0.1472936751824 -0.134162608360242
-0.408276718217762 0.0292204858934276 0.131650028489831 -0.0497812458922606
-0.425326719228615 -0.283239073496777 0.0452028200713454 -0.0597978165683982
0.00128836582011733 -0.508517127668693 0.0891060522671992 -0.16377686402151
0.437430302193193 -0.31856291757878 0.250528734959211 -0.16760763521993
0.548839984397176 -0.0757453231056659 0.434434884621123 -0.00992161627734806
0.549397334269628 -0.0766324649762665 0.149402271867935 -0.106829172604694
0.451680502115057 -0.320281258045219 0.0137112914238999 -0.0705651044262897
0.039043848911633 -0.497471842083214 0.0486316925451167 0.0255064786467702
-0.395876668688824 -0.330641536981412 0.0582028399097199 0.0214743261628391
-0.456496178421793 -0.00374199131592741 0.090625576705793 0.0147918132414363
-0.358198613336486 0.217012936367919 0.0813486836225375 -0.0326182159657633
-0.186979680090113 0.366271053921268 0.0708937620568152 -0.0424626143458247
-0.114165747094874 0.38682284846812 0.0673517021585441 -0.0512373912795708
-0.147152057779026 0.399583583307125 0.0485823756896367 -0.0568411414882904
-0.365379390731389 0.296642357951238 0.0612328644721412 -0.0326335300721074
-0.48390821240145 0.0436259952056496 0.0364929255931488 -0.0156723684765205
-0.517870305333444 -0.306425361794955 -0.0134329462183239 -0.0639694372191632
-0.0496285527579904 -0.597569672543675 0.0462166020717561 -0.170983643933215
0.478439425610557 -0.421335987399901 0.14574301051405 -0.125607842360499
0.655825650300625 -0.145713240102434 0.209563863913415 0.010973350621414
0.591134522463955 -0.104513069120742 -0.0750986118766946 -0.0961148878364045
0.483027812507413 -0.385288572479779 -0.109929463872541 0.0101347021587849
0.0287229835789688 -0.561479701955761 0.0296859346010853 0.0383841027427992
-0.437509685761176 -0.351692881515653 0.0248546854603368 -0.0111149509933353
-0.490778553985429 -0.00503083301635977 -0.0159590249578198 0.011617740037046
-0.387058011754419 0.222403601472967 -0.0431076140227052 0.0466993789929977
-0.211796423391217 0.372993872938358 -0.0138771164404032 0.0964116520573914
-0.129595312562481 0.383305251778254 0.0180618494574326 0.101342168873615
-0.155592281663337 0.388438986833236 -0.0110617444843061 0.0883017703534651
-0.365633779924598 0.283427045452316 -0.0291274138200239 0.076027593020563
-0.472885848093876 0.0414247672413307 -0.0640969345263255 0.0278472712836819
-0.505215545350419 -0.283069109046054 -0.0734154986076849 -0.0573702498528015
-0.0725881480575171 -0.571684552942931 0.00210395597585382 -0.156227212331176
0.442613138373019 -0.42884141115442 0.0449830505850124 -0.0605749341577826
0.648009582609203 -0.183271513884432 -0.0214802872555695 0.047607339141856
0.53783093225134 -0.120350257952812 -0.315890268789981 -0.0812060704952376
0.429804408980689 -0.376313818052631 -0.247003910054628 0.097407025416824
0.00952878953472641 -0.514521280665077 -0.00722996124889755 0.0547248673994864
-0.389370733084019 -0.303506387760488 -0.0203869770958351 -0.0346279100438483
-0.429697994233707 -0.00651221823169146 -0.124739396715479 0.0114124430785631
-0.344833907240353 0.189732785648747 -0.163960251316099 0.126185903636341
-0.199210089228966 0.321426346523606 -0.0977684494741624 0.224932993204526
-0.125166518984736 0.321560181229489 -0.0352499647041836 0.238883675184147
-0.144730781461016 0.317415313065999 -0.0688326916695506 0.215436192221277
-0.312811656872 0.221045114800707 -0.11300065935788 0.165838971652729
-0.386106454447807 0.0166738333664864 -0.152251027006926 0.0602417010505557
-0.39099727990425 -0.231408668920974 -0.116617180847308 -0.053496343073489
-0.0575987464104974 -0.44555120460889 -0.0293256704701251 -0.132607824116642
0.351538353591648 -0.346787233141667 -0.0323761911001042 6.54418225742577E-05
0.542386533241094 -0.177031100336798 -0.219684588551217 0.0844201582413064
0.388113831738665 -0.116042365919251 -0.528495000695127 -0.0600871399133537
0.287790409005745 -0.287683533895458 -0.363623460893514 0.173190754736758
-0.0119904844838188 -0.35423302659338 -0.0520161333305753 0.0738792261094227
-0.258568600585272 -0.189664279948052 -0.0596002396886079 -0.039274293932074
-0.283357346887081 -0.0086568259603046 -0.204061263043638 0.0142153602760822
-0.238958410356181 0.122961638886775 -0.254017623060199 0.188663032320802
-0.153921787727192 0.214717970094797 -0.164254859867788 0.321628683031252
-0.101166521888799 0.209335870035114 -0.0820586765087509 0.341371276116864
-0.116721489761923 0.20104540928838 -0.119106922201731 0.306611773254494
-0.221496445824801 0.128192950664475 -0.183288441793386 0.21833331414766
-0.248690328045977 -0.0122857928350483 -0.215124307134081 0.0665989106501887
-0.222583351013507 -0.154120717365266 -0.135712543827364 -0.059190330225157
-0.0272685631456299 -0.266694943887618 -0.0414770838583388 -0.108380999930623
0.220508975318729 -0.219059377978278 -0.0768754266864643 0.0419374300929167
0.3657267417312 -0.146853445400344 -0.357588210328008 0.111340813075766
0.167403690633021 -0.0911986035265186 -0.673078914837844 -0.0347232478177331
0.0934510110991698 -0.148190880574318 -0.434506775799267 0.229469449121869
-0.0349438688261557 -0.132535878225643 -0.0893962843082265 0.0993743943944543
-0.0870166517308305 -0.0416460734631317 -0.0767570235424746 -0.0216980161287502
-0.0911168448074543 -0.0111670788276341 -0.234499393917152 0.0195694061179203
-0.0955574379263899 0.0301079807261251 -0.292843084114006 0.219318412997427
-0.0829775993329011 0.0699485407323035 -0.198107049325115 0.368168333228517
-0.0623083313936017 0.0648029401934792 -0.115068447215536 0.392578468666638
-0.0702162481468015 0.0610751487744103 -0.156048494005591 0.350029447418972
-0.103027423290669 0.0299088287716602 -0.232936488231541 0.231839755488888
-0.0947531253565924 -0.0266438237640433 -0.250990975417559 0.0507695680886157
-0.0580866402928168 -0.0594016627423146 -0.134376360248118 -0.0713740873615669
-0.0139311237451312 -0.0849288792040286 -0.041654506152277 -0.0841349885838785
0.0689821565116827 -0.0929447896819431 -0.0960340882039874 0.0620315992893208
0.151185414292322 -0.105302524415989 -0.423746714162914 0.121885776235349
0.0708667060524838 0.0403882020325583 0.457975612871215 -0.131737678122348
0.0955038775902208 -0.00552005837069251 0.140014710191043 -0.178910858266008
0.0261031525030383 -0.0834603620148356 0.0204540199542802 0.0508037841337781
-0.0798316411744343 -0.0626687169350452 0.101918278347809 0.10395347778441
-0.0728128195038574 0.0232243381314337 0.264579760894711 0.00217830079335508
-0.0317239150156136 0.0606966141762719 0.290512178213996 -0.20747572994713
0.0171042224562828 0.0806055550467563 0.202484382973934 -0.342719382034033
0.0167279605471121 0.0924171644468265 0.133796966009965 -0.392198063738352
0.00202021103034876 0.0992356833006534 0.174753882561205 -0.377361971012701
-0.058034658013468 0.0750421151064017 0.259683606004521 -0.254297725560635
-0.0953993517465859 0.0138303421605165 0.247114875446186 -0.0682743352322331
-0.0969008423771334 -0.0820498271316376 0.112478001805084 -0.0206225570244343
0.0476204661213388 -0.111199596098183 0.12822766768558 -0.0985555810795702
0.122445442503689 0.00594810559948784 0.38847270187019 -0.172204366506937
0.077563970899957 0.073617053892805 0.724670845799077 0.0134343718848563
0.264217128490231 -0.00178449883045883 0.428861680931306 -0.123289531510616
0.234447619060184 -0.11209815051316 0.13913037010383 -0.165338767505464
0.0356285601978878 -0.229944652725286 0.0367082154413108 0.0309115285180406
-0.198094066577299 -0.163376354439749 0.0868056109635517 0.0826794410382006
-0.22274702069539 0.0160246192292512 0.231749271819644 0.0156085092172054
-0.161255971041792 0.132734129466457 0.258625593937127 -0.162516350613263
-0.0593544106472744 0.211992851403834 0.188303009723992 -0.279185992063738
-0.035194290185531 0.234473957760799 0.13176945814113 -0.322434339215641
-0.0657618540538078 0.24815663044407 0.15058317075229 -0.314121371159486
-0.208325232610926 0.180455595406668 0.221590755314775 -0.216223994264355
-0.278618940381047 0.0153725991999554 0.209437268440948 -0.0676940509262581
-0.278758380182249 -0.209587703170978 0.0914663092148369 -0.0435128317630781
0.0423819650509938 -0.342000811345662 0.12021103917995 -0.138161056392982
0.321817148221576 -0.164708953304163 0.343535801396331 -0.184600694997678
0.352215137506201 0.00599180406448323 0.626644038798297 -0.00937763752069772
0.434364186634982 -0.0401454174488091 0.327883950542771 -0.117677830659425
0.36479328642836 -0.222172029086175 0.100120241041468 -0.131692671201009
0.043741774050154 -0.375623883594108 0.0519617248445814 0.0210730486900584
-0.311184781021937 -0.259422364652526 0.0779408787174843 0.0533601852129902
-0.361880886393286 0.00537601815845744 0.1775265864331 0.0154942250540474
-0.28056834722697 0.190342545995585 0.188681906031465 -0.105875132156472
-0.132419403692454 0.316484782845198 0.143799988632756 -0.176924752826333
-0.0811147106404745 0.341373475013491 0.109227131401505 -0.203788983158163
-0.116760302428072 0.358543207983497 0.105908430188419 -0.201622894046196
-0.3185730480764 0.266015408520292 0.151388799897009 -0.139986895427308
-0.422266214368988 0.0303538082871103 0.134787816309688 -0.0520176953883821
-0.439029249568403 -0.287025293531799 0.0483659826763823 -0.0613123063924887
-8.77991932567157E-07 -0.523669598997371 0.0903076609079548 -0.16668336268598
0.45009977681782 -0.328299367166418 0.258850210633532 -0.172786808878239
0.561149452686513 -0.0746452767769109 0.447126080145385 -0.0097332219012075
0.557314549688862 -0.0755152433979061 0.155013919432296 -0.112072877063721
0.464022063069697 -0.327409217819965 0.013678315136998 -0.0727498065610624
0.0395747831078986 -0.506093624650278 0.0535919628272676 0.0251098184728733
-0.406864218415227 -0.334279635853655 0.061698833901768 0.0197184521642051
-0.467410125777877 0.00121328988964574 0.0952726649161293 0.00934843031078366
-0.368141786734797 0.228242631458561 0.083290905238383 -0.0352376089285975
-0.189748075011493 0.378544655707214 0.0729492321381009 -0.0453481149797145
-0.114378594424661 0.396938906189334 0.0709358748752891 -0.0547573198326523
-0.147004677383804 0.411042908536717 0.0498712925280927 -0.0580105374894749
-0.374462175418955 0.309274603482308 0.0630176081147238 -0.0354373378161626
-0.497560910751185 0.0471221016563867 0.0362074397405339 -0.0166338026007402
-0.534218344170833 -0.309160647221822 -0.0115773811493541 -0.0658142525903772
-0.0522639576032037 -0.612935276255879 0.0441652459951036 -0.173849503239473
0.492858579760931 -0.432526339935239 0.150473387469197 -0.128572608961772
0.67058949264409 -0.1454703355704 0.21757296693196 0.0130909453709551
0.602282834327919 -0.104549771195276 -0.0741518722961642 -0.102333326929329
0.496117058011676 -0.395513997765334 -0.112605269373151 0.00964875887772058
0.0274422999197586 -0.571383652823269 0.0338198688558009 0.0384349417546478
-0.44831103306458 -0.356952233185401 0.0273412496940069 -0.0133355339914797
-0.504205867283776 -0.000877859239400878 -0.0135633556158452 0.00585160627482783
-0.39704108230776 0.234895635942848 -0.0442776611008334 0.0480306044550797
-0.216050451276494 0.385907221117847 -0.0132419978581253 0.0982904557289102
-0.130090960724625 0.393408274693973 0.0212737353934918 0.102044834108171
-0.156645825741035 0.397850258611937 -0.00985453732555454 0.0912547005163738
-0.372943989031461 0.296496167033218 -0.029093201548489 0.0768561119125307
-0.487110627265879 0.0453495774642991 -0.0678610897629835 0.0284296790969623
-0.520007195936858 -0.285425285036771 -0.0734131399068095 -0.0595712223750739
-0.0760716522068551 -0.585100576848793 -0.0015781397899453 -0.159660795170653
0.456280374369966 -0.442427549787558 0.0464028137132486 -0.0624197812190971
0.664208439561567 -0.18198112095157 -0.0189093760886334 0.0513240895155022
0.547943724152248 -0.121021183189224 -0.320891563065688 -0.0868557701416296
0.439689221584603 -0.385611846351875 -0.252453178754447 0.0998572735096405
0.00865281374584382 -0.524637592817421 -0.00523386927078384 0.0557549878623383
-0.399113579258173 -0.308555278979902 -0.0197302693622739 -0.0371783717598827
-0.440657850642521 -0.00172827516009645 -0.124914479873092 0.00780437014929274
-0.35351061880167 0.201509726102581 -0.168491255408444 0.131475488797913
-0.20263699305456 0.33298359571837 -0.0981551869180741 0.232727360055418
-0.125860595941846 0.330300965427966 -0.0316542545152045 0.244198005896252
-0.145911034958495 0.325223269891305 -0.0682067356237384 0.222497787819028
-0.320235953358008 0.231127174907791 -0.115510972022219 0.169821514210851
-0.3960012987071 0.0200401310285344 -0.158411344436953 0.0614398818929904
-0.40177634528674 -0.231570907922286 -0.117774552707941 -0.0557614667369618
-0.0611855555116585 -0.455425544520316 -0.0339539736174577 -0.136226195555029
0.361750551880567 -0.357777917791846 -0.0334868684665717 0.00071821551488254
0.553324873577779 -0.179476008522918 -0.221046757663526 0.0911376871543439
0.39550129193119 -0.117211595668361 -0.539085984705751 -0.0668997629163964
0.295489411765998 -0.296831130552701 -0.371547072146365 0.177639878152839
-0.0131155795887608 -0.362108336751138 -0.0527353248118342 0.0756412011851699
-0.265093618454582 -0.192154011656359 -0.060350802483588 -0.0417170956847164
-0.290483988773523 -0.00552919281405379 -0.207233010262873 0.0123385864584338
-0.245885103603238 0.130198460512393 -0.260462625548009 0.196515600481715
-0.155783551420385 0.223374491756858 -0.164957662148476 0.333378822083333
-0.102653526666215 0.214977576863491 -0.0785725148713205 0.350151447806771
-0.118356827042624 0.20533746390042 -0.119986905063608 0.316304395819645
-0.225764273338275 0.133287880068434 -0.187504850301086 0.226588214915273
-0.254324721827482 -0.0110026744546623 -0.223055143523633 0.0691484437484653
-0.229118473530467 -0.15420335413668 -0.137543047557242 -0.061777130194923
-0.030610297494928 -0.272054496792435 -0.0456319829120689 -0.111298526168096
0.22610991992731 -0.226310424931523 -0.0799005472602203 0.0438697439408742
0.372579472797672 -0.149636532001133 -0.361992925509952 0.119127182792371
0.171855448796227 -0.0938684722928495 -0.68652688523464 -0.0398838570914572
0.0962491237397684 -0.152412176329592 -0.443892401836161 0.23548126588371
-0.036507482685545 -0.135844343662774 -0.0925853110900306 0.103306385438352
-0.0879686927603071 -0.0422055510198593 -0.0778307633708909 -0.0235373642218277
-0.0936865960739306 -0.00994526361551232 -0.239579262860359 0.0203472509956684
-0.0984238015357078 0.0333447827943453 -0.299149307863973 0.229936933220884
-0.0843601248484906 0.0729010417050367 -0.199730554975725 0.382122183096223
-0.0642388088681322 0.0665349772657733 -0.112754994923875 0.403806106399851
-0.0723491430315141 0.0606854974096433 -0.156619947813081 0.360802807965643
-0.104430769848274 0.0308373390915928 -0.238099902065764 0.240610850358919
-0.095686513579441 -0.0259098524838293 -0.25896264661044 0.0537098900490488
-0.0588816444410132 -0.0588561130255259 -0.137409363540963 -0.0732843461926317
-0.0164026034870323 -0.0856463038856414 -0.0447350225621687 -0.0870328679133088
0.0704866074504997 -0.0971047207493937 -0.0992582838028443 0.0648204311478442
0.154080952609287 -0.108317327402865 -0.429843748144728 0.130503164225361
0.0741711310501077 0.042103403010575 0.47231826059296 -0.146745374163381
0.100686944392354 -0.00774319272279458 0.140255420144266 -0.189580102061559
0.0256993165848035 -0.087032268606336 0.025372325352618 0.052128290662921
-0.0861649552578999 -0.0636563806875008 0.110183444988996 0.105535850974818
-0.0760644440643605 0.0253661545278348 0.275402279653025 -0.00647786511417183
-0.0314568696900517 0.0634855749925084 0.297196720546259 -0.227532350704517
0.019984306193628 0.0827433638122856 0.200495218612369 -0.366173418483629
0.0211957645346711 0.0963948431509281 0.127398874160104 -0.413849558159266
0.00586911318884048 0.105154243634675 0.170547653796206 -0.399174644863941
-0.0595339410427143 0.0818127339116732 0.264564346317107 -0.274369092813587
-0.100891269967831 0.0161077480033238 0.258276025976216 -0.0767554130810446
-0.10363014951344 -0.0832128732065353 0.116755464339902 -0.0230312825921175
0.0479620883878802 -0.11822719709193 0.133279599769861 -0.104782879133359
0.128444856984346 0.00464107717019738 0.403886933697333 -0.190524785902671
0.0822020981580444 0.0757107907262959 0.753182807798904 -0.00538523493053224
0.272823810915386 -0.00466622319446174 0.4437039263136 -0.138522152349426
0.242478690940084 -0.121931513308731 0.140135030517376 -0.175136471041371
0.0323043660546896 -0.237750016879846 0.0428231763494082 0.0302535367048406
-0.211548561343164 -0.163825818142208 0.0939953455873808 0.0831303941885535
-0.231878733583154 0.0223208493500856 0.242460510751286 0.00698001767291481
-0.164755849709169 0.143692861510172 0.264871752572241 -0.179935997019346
-0.0564701756106156 0.223304278585924 0.188005292407402 -0.299407840032324
-0.0292701906720621 0.245643163540302 0.127797026018674 -0.341248437193212
-0.0606379936186006 0.261895372533158 0.147795684609552 -0.332085245093276
-0.212980457360327 0.197453877891024 0.226268578179877 -0.233657629336351
-0.293069989943899 0.0230483347872653 0.217590727127253 -0.076201377402338
-0.296887248594514 -0.210409710722965 0.0953813364863975 -0.0471986852962486
0.0369534314507873 -0.358553633637619 0.122393810939479 -0.145460906865631
0.33341135234342 -0.17923213010084 0.355758440534177 -0.202257658406752
0.366405018584934 0.000509588959675983 0.649625829388481 -0.023394985080131
0.448312735262398 -0.0471026210692331 0.339252804670244 -0.131770694579172
0.375601445770121 -0.239643965318561 0.100782120295937 -0.140040349200779
0.0371745566534642 -0.388297661103536 0.0587505734393521 0.019571294787461
-0.330599164206993 -0.261077893520561 0.0843799880092803 0.0525790514448317
-0.376219512472936 0.0156411118340723 0.186388678952075 0.00671179304232426
-0.287709962745263 0.208221719285203 0.193348777179719 -0.117469313313051
-0.129758107790592 0.335013746424488 0.144413614454039 -0.190368182438961
-0.0742949374191952 0.357914691580196 0.108418849014936 -0.217240086050142
-0.110547537024633 0.377772236606379 0.104489409299554 -0.212414988967648
-0.32617565917665 0.289750549108308 0.155055608938858 -0.152412258949168
-0.442191713537182 0.0435692552725873 0.139471095369352 -0.0579055512013659
-0.465586268218119 -0.287186535221929 0.0506867973661629 -0.0650070609105773
-0.0115694894266129 -0.545486380374229 0.0892872405381637 -0.174252546533074
0.464252943090305 -0.352411172265737 0.267503624424664 -0.186795735961919
0.582435247440168 -0.0876258442569362 0.46528587369641 -0.0187208004478024
0.574749859180411 -0.0862787210905607 0.160521246441355 -0.123727557918785
0.476916484485917 -0.352199968720111 0.0128353128951909 -0.0764399431927042
0.0298111183986267 -0.523245822864429 0.0600145056253185 0.0230177753206058
-0.431036608636256 -0.335385162575403 0.0662665472757396 0.0172547141128031
-0.488200790564427 0.0154544282262709 0.101370825159481 0.0018177655013606
-0.37776758052464 0.251810408182036 0.08570712000379 -0.0404674164966026
-0.187044638111686 0.402301814116596 0.0749497993379249 -0.0508151407845507
-0.107435635643611 0.417256100834647 0.0738531513308741 -0.0614375263615699
-0.14065595358571 0.432324142977748 0.0502615877925803 -0.0616183710636522
-0.383106579100061 0.336651934743226 0.0651790777416132 -0.0403821607074229
-0.519634533427239 0.0608977659677022 0.036404879809129 -0.0184096894448748
-0.566566169453094 -0.305765119890804 -0.0114148584048445 -0.0691895474507824
-0.0685305096595724 -0.637894370430778 0.0403895796106882 -0.181393253074946
0.505543090206237 -0.464380252414924 0.155550391112219 -0.137835024470333
0.693596061470923 -0.163205651130187 0.229176136679142 0.0107209671927718
0.62017203454461 -0.117659642305204 -0.077020150916018 -0.11004248869524
0.511330254189243 -0.423145134529524 -0.117103639913501 0.0115968347232555
0.0144546041108526 -0.593837646608965 0.0387659777693866 0.03766953600655
-0.476641563124778 -0.358558364028385 0.0300743102593956 -0.0164621098787484
-0.524342312672836 0.0143094808432527 -0.0110512934854805 0.000331982232576042
-0.408960064434108 0.260343934338532 -0.0450884207216588 0.0510315600897465
-0.21394721729013 0.411818300764492 -0.0100237396604277 0.102923897268974
-0.124294579593808 0.414353199228214 0.0274312507734113 0.103382511609671
-0.151546073410279 0.419257383088414 -0.00713299479580377 0.0959250817590186
-0.381202872345543 0.322780010615738 -0.0286863467852251 0.0795190119664117
-0.508643516118913 0.060031070913357 -0.0717320473407736 0.0311458723014931
-0.550827510911776 -0.281666924390112 -0.0751917642758238 -0.0614939477046529
-0.0944715847515009 -0.608711553392374 -0.00836031147792436 -0.16546383687053
0.468364346310677 -0.472109034523702 0.0470237074076877 -0.0666897637796168
0.68618302640715 -0.200434404752399 -0.014718691425109 0.0565265578654605
0.565644711452558 -0.135403813097337 -0.333590121232176 -0.0893888494868401
0.4517322506537 -0.414076532104275 -0.260174870670598 0.108846605960578
-0.00361505204728888 -0.5444095505369 -0.00215530080684206 0.0575583593542983
-0.423974691543639 -0.310118641854106 -0.0200617504429053 -0.0404478983260936
-0.459700106599839 0.0113088352072156 -0.127368977816893 0.00515626880740979
-0.363332160534945 0.224282797182865 -0.172409387316352 0.142975557553577
-0.202149965504441 0.355703085534361 -0.0938995358881145 0.246540665090855
-0.122140854221065 0.34780957137935 -0.0236258366078041 0.253410472817532
-0.143541278067228 0.34172550885013 -0.0634816389759512 0.234881902134136
-0.327250808133128 0.251578812196909 -0.116096251001357 0.180882099499385
-0.413986696306261 0.0313685006259074 -0.165444881913719 0.0690996589777769
-0.424733097685325 -0.226663144031001 -0.122713855873118 -0.0572242073275856
-0.0763073091527763 -0.472231919718755 -0.0411901554041685 -0.141202441531786
0.36929309904511 -0.38221462137045 -0.0345742511420111 0.0016349575457597
0.571185952155879 -0.198412202474353 -0.22328549140353 0.103626482926128
0.408766534083149 -0.130086260596652 -0.560678533527164 -0.0625996925191132
0.302716029099656 -0.318331954586077 -0.383325763469234 0.192202879170064
-0.0222460147966342 -0.375752431084906 -0.0531359029410525 0.0806739733288853
-0.280587636683454 -0.193206573121821 -0.0631984754816784 -0.0438277063407719
-0.303005545396712 0.00366866272292632 -0.21381953539067 0.0142797978147226
-0.252400897284095 0.145618473661331 -0.266666180443812 0.214526479361271
-0.155965471590273 0.23974218347394 -0.160858628501858 0.354269362968045
-0.101374021785133 0.226826107939923 -0.0696263251643168 0.366349783417638
-0.11761916749601 0.215383204510795 -0.114340368893446 0.333373704548049
-0.23070536720308 0.146187700351024 -0.18953337796181 0.241216729877718
-0.265882741743606 -0.00375370252753805 -0.233036232984858 0.0782361483416937
-0.241553670253491 -0.151067008199928 -0.143982445855571 -0.0624045225833939
-0.039276570465633 -0.28102262455941 -0.0535459439816342 -0.115959278798744
0.231165977431519 -0.242481731175729 -0.0824380057155212 0.04870207824649
0.383518480140492 -0.16324981446515 -0.369798369478943 0.136886862221567
0.176962642096897 -0.101407338103138 -0.714435028891267 -0.0313016234539938
0.0975265381022145 -0.162074889480617 -0.457229958768547 0.25494615721524
-0.0417683852324001 -0.140520009081246 -0.0951862823075058 0.110603582198045
-0.0917713506000918 -0.0418385297588224 -0.0821655139027467 -0.0233918600372547
-0.0977412212560332 -0.00623616235208568 -0.248866772089069 0.0246807742246772
-0.101251341703777 0.0391870895141927 -0.305900742162803 0.250493203479064
-0.0853248584614094 0.0797907355539178 -0.195367853556264 0.405383994782558
-0.065732080526174 0.0704425475803503 -0.103885882263277 0.423172014678371
-0.0745107064063357 0.0638972865596543 -0.151192589135172 0.381059840427484
-0.106886809191571 0.0339654853826782 -0.241686193386407 0.258616816978573
-0.0992601577538866 -0.0238118955451131 -0.26956700668098 0.0633014565839604
-0.062417106263322 -0.0571866458732493 -0.144498537384519 -0.0741673335284899
-0.0206329092315301 -0.0871019683330819 -0.0511781998798035 -0.0906820618268505
0.0707647043320027 -0.104349142419828 -0.102768224915254 0.0711863842237461
0.157541854058644 -0.116084589371644 -0.43967406476987 0.150052020042424
0.0786093969640809 0.0411865040621185 0.481777131159994 -0.175668865837331
0.104640993064454 -0.0137160610337856 0.134289939434877 -0.20353963058292
0.0230900112822249 -0.0910530809182101 0.0317474191604931 0.05185668263496
-0.0941981685728634 -0.0611470473416942 0.121522188369647 0.102769303727544
-0.0777105251100736 0.0303000517977724 0.284274363077515 -0.0234281090040577
-0.0294303427202912 0.066733266655754 0.293217433396294 -0.256062351157713
0.0251466043257529 0.0842615717000192 0.184165405320271 -0.393463772814205
0.0284626062517633 0.0985332272298006 0.106391126789875 -0.435859540001048
0.0136870222141094 0.109498162891559 0.151830877836179 -0.425113447510263
-0.0570636530724253 0.0900427987258341 0.25962647912211 -0.302409032936541
-0.105763553060323 0.0224550167445674 0.266306518282404 -0.0942134335184327
-0.113171126362435 -0.0805264034174166 0.120231942060024 -0.0288027949383995
0.0443854391822617 -0.126149457526734 0.134581082824098 -0.114719534951539
0.133997970287921 -0.00152826309946558 0.410552431386612 -0.220479356328595
0.0887641176776764 0.0749228051207462 0.776959324568454 -0.0462876579692569
0.281240995037663 -0.0160992359162194 0.452546519550092 -0.167206408593954
0.246231657625942 -0.139428358924163 0.134858764705951 -0.189316272494357
0.0222539652266452 -0.245559375960368 0.0492981860033342 0.0276188808924205
-0.229246067566219 -0.15755559530719 0.103099063639567 0.0795069682630853
-0.239900967864645 0.0365876678175889 0.251205123864849 -0.0097319977460113
-0.163248805732749 0.159499374543872 0.26358692290776 -0.204385020059302
-0.0452194070115615 0.23560792589357 0.175567555440157 -0.323343265256807
-0.0152804738619425 0.25635281156653 0.110432134230039 -0.36221068424615
-0.0462015881378059 0.275484225853675 0.132184498461923 -0.353315989415622
-0.210373200704075 0.220022823098116 0.221553146223793 -0.257863508971688
-0.305221975828468 0.0400105072661385 0.223289362349171 -0.0917641473049823
-0.321716319230938 -0.20145266650571 0.0979986853200435 -0.0541786361456521
0.0193025677641866 -0.375542086582134 0.119648745867832 -0.156184028336862
0.337786151135943 -0.203362605738489 0.360899307410243 -0.230095333369735
0.379668347704739 -0.0157590139980451 0.673703955420573 -0.0573485636600344
0.458839754234453 -0.0673734714860877 0.345413079998335 -0.156037681294377
0.378566956187147 -0.268344547822851 0.0968778302757558 -0.149913930181862
0.0202720135114532 -0.399960583507647 0.0648475245837081 0.0148717649765791
-0.355935537137628 -0.250088644194602 0.0917452637969361 0.0476890449568228
-0.38924735562795 0.0383025715397696 0.194742332850803 -0.00812672172606573
-0.28715468078071 0.235320748586077 0.192937956510636 -0.135691745523845
-0.114304896785156 0.356476534822384 0.137481265418697 -0.20742614416622
-0.0552894869691049 0.375758338701747 0.0996654694093465 -0.233918637442757
-0.0915234840991933 0.398253629469863 0.0960035169733669 -0.226519298043955
-0.320918056561483 0.32258348545715 0.152019066453765 -0.169550198990548
-0.460479565642892 0.0699207856009733 0.142559648542901 -0.0681683295128694
-0.500989996039634 -0.269478194110057 0.0509907986985776 -0.0712204869260332
-0.0413059618776013 -0.566736368737606 0.0826814683716137 -0.184015661780219
0.466073363389537 -0.390146534084078 0.268978707920599 -0.210329951955034
0.600506281380741 -0.116903145666402 0.48231100051745 -0.0431846138873661
0.588181078095612 -0.115075952683766 0.160512856853199 -0.140301774868008
0.47839105047572 -0.391603660739502 0.00901361484328059 -0.0810222876709156
0.00531319833140114 -0.540245261115888 0.0667023306049178 0.0181670280759529
-0.464955834884277 -0.322278070470588 0.0711645422009248 0.0120756736824093
-0.504816708078655 0.0440443079389345 0.106564985467711 -0.0106020732317478
-0.376938162558006 0.286213085028084 0.0854863560898308 -0.0484646999242827
-0.17003922170956 0.430990532529221 0.0747337174979741 -0.0576130264553628
-0.0865243585420927 0.439098022423328 0.0726935044026963 -0.0707796031597001
-0.119611532740605 0.456363992694129 0.0488403962458501 -0.0666304477753838
-0.378095132544403 0.374939653767946 0.0654496310695968 -0.0478760626792627
-0.53960181657088 0.0941917402344597 0.0368879311244106 -0.0212018606267754
-0.604113410465971 -0.283100201429215 -0.0140143916793299 -0.0729154526279893
-0.10421685125909 -0.659143614348866 0.0298867426881803 -0.188541719995351
0.502518825798457 -0.508089826059567 0.155099482815107 -0.152904649051251
0.709938651408365 -0.201131756767126 0.240395011918548 0.00108608554671379
0.634663754178522 -0.149810724946772 -0.0845955838304371 -0.11483469670304
0.50907971354563 -0.469306758145913 -0.120615421669227 0.0172002230216793
-0.0139023725997761 -0.611967684715507 0.0450264623242312 0.0350867707676491
-0.513668146337053 -0.34349617510177 0.0313614240550086 -0.0213727563955277
-0.543480143241205 0.0460583842985533 -0.0101331588983111 -0.00676111381258038
-0.40886956829925 0.298561274207017 -0.0446324436348021 0.0550728938238827
-0.195883435158793 0.443619572935197 -0.00372352640422637 0.10726000827762
-0.103897208059894 0.436485826906548 0.0353118244811213 0.102472114129076
-0.131998396780339 0.442473676566746 -0.00174490957008012 0.100551001103082
-0.377577035726164 0.359156155010551 -0.024768743359693 0.0828393436208466
-0.526808122167419 0.0912686743722846 -0.0737006107668635 0.0366046536442257
-0.586511286046081 -0.257143465836097 -0.08023701070348 -0.0621381206082837
-0.130967685697648 -0.625637893366218 -0.0205179477412756 -0.170501674583477
0.462757202108374 -0.514970864036256 0.0455170067384627 -0.0724284206315829
0.699119172407731 -0.24116786019849 -0.00798180998354506 0.0623609398497018
0.5774272507279 -0.166258959298765 -0.349164433455027 -0.0811733157567078
0.448491150621871 -0.456357141406699 -0.263945568764717 0.1258121603517
-0.0317038303095799 -0.560072040639671 0.00187274544010948 0.0584927463042551
-0.453679551915302 -0.297190706587728 -0.0223231102952819 -0.0428982595493632
-0.476354130102343 0.0398753446162269 -0.130888560383993 0.00607922898901905
-0.363470510066355 0.257148834457593 -0.170927683230163 0.158754565809867
-0.185973162742452 0.384003343679972 -0.0816819048583254 0.261093196523203
-0.105783214590652 0.36775297697426 -0.00807285098784561 0.261477136279761
-0.128246496631937 0.36104134765616 -0.0517636533904863 0.247684870244734
-0.324162688198072 0.281542340645626 -0.110388768227457 0.193897275157877
-0.428585605776923 0.0560837240866576 -0.169362532172077 0.0814597606616349
-0.452662674335101 -0.208600261991877 -0.129628929616084 -0.0548402792325691
-0.105209380390403 -0.484895982161035 -0.0544889003302984 -0.14354029279828
0.363460400430258 -0.418716265159193 -0.0362227797271472 0.00394775184477094
0.580710913337943 -0.233000072739169 -0.221216533084734 0.121750908044079
0.415829229497265 -0.15502818030726 -0.584148031769191 -0.041507677276318
0.299334133315531 -0.347217394768895 -0.387227760145337 0.219638810922842
-0.0437719577538151 -0.386723111926937 -0.0504300144870281 0.0864110402349039
-0.30049460277369 -0.184645932806565 -0.0680649918625645 -0.0435740338078539
-0.313869580963669 0.0221422642158832 -0.219878180615772 0.0215367436244572
-0.252321658203089 0.169635387332288 -0.263716089310158 0.239352958102126
-0.145315749389424 0.259064934164756 -0.143616256722143 0.377470067099735
-0.0917050041497626 0.240868415302597 -0.0492373512247893 0.381388119314962
-0.110026477177243 0.228945885732507 -0.0977267686857037 0.353588961383569
-0.230493378048405 0.165474446052617 -0.182756129932837 0.261818471391088
-0.275979272565544 0.0109655710957946 -0.238643134724345 0.0949861283709712
-0.257363623024174 -0.140469475325485 -0.152852955446912 -0.0588925106869797
-0.0578873488591136 -0.287322797800016 -0.0654705638864737 -0.117371690293632
0.226284377827028 -0.265214030883716 -0.0837028722946981 0.0556640273290177
0.388414488876959 -0.188295780523319 -0.369756188085306 0.164214805358133
0.177904460734454 -0.115048876724875 -0.743280323908061 -0.00115978780613976
0.09306190751044 -0.17439072650425 -0.461194042458534 0.287756917754573
-0.051946835018117 -0.14270481016746 -0.0934438314515694 0.121313471664619
-0.0957425331026329 -0.0385189347519867 -0.0866951283700134 -0.0207883929843919
-0.10132792845797 -0.000371010458762552 -0.256063249179217 0.0370949681066772
-0.102266188772783 0.0483061049989266 -0.302741032021255 0.280056056558327
-0.082483675762053 0.0888087662133648 -0.176103625012215 0.434104433438468
-0.064170649702922 0.0769559162589072 -0.0809193564650435 0.444481878878722
-0.0745544347442986 0.0690988052340211 -0.133923504165743 0.404629313783131
-0.108371138907575 0.0408011466189436 -0.236672401939217 0.284132127644682
-0.102998987440665 -0.0183087758827468 -0.277544678993926 0.0821553150928156
-0.0664402067746562 -0.0538160674286463 -0.153527311016931 -0.0702457579665122
-0.0275339181498642 -0.0875031005501917 -0.0609653245995241 -0.0918034841811011
0.0668431769952514 -0.113308806165134 -0.102658361496579 0.0809798221442865
0.155711868265319 -0.129134409929155 -0.442690683138823 0.182199134425854
0.047773777632306 0.070417850926577 0.524463584233137 0.0487774693000421
0.100507449848857 0.0350724265265443 0.208768892461353 -0.13089855690436
0.0624996375903063 -0.0748140078598829 0.00660686269634724 0.0627896509762014
-0.0610033866083904 -0.0985333857680429 0.0671145980009287 0.149399033046746
-0.0873109602928941 -0.0107503713892183 0.272033810799744 0.105224891281117
-0.0587900627647778 0.0451074540432885 0.382732501138696 -0.107353370106038
-0.013044831414259 0.0837201755052189 0.339786314053606 -0.281170429571313
-0.0160819736180315 0.102665769946547 0.2807792775069 -0.353590682931766
-0.0345270847396314 0.105485767442552 0.31539837715998 -0.325565900438705
-0.0914838008463289 0.0573315109948747 0.362447705437188 -0.167852990259193
-0.108468960102989 -0.0266197692457375 0.282994187081806 0.0254399727793921
-0.0672216242050101 -0.122750395866294 0.121329702647223 0.0238141579469918
0.0994871514366509 -0.0970517358918139 0.179593156083004 -0.043178522982965
0.129955227289078 0.0552156800136288 0.479407813656904 -0.0149259679298649
0.0496354155311852 0.106330202118587 0.72756236946426 0.324851378891823
0.257630249065096 0.109402917102183 0.492407487047198 0.0382932144276437
0.285970675637828 -0.0196227987923857 0.198171709660353 -0.115877838236679
0.12869905408894 -0.215382932596751 0.0293182583383539 0.050398108901349
-0.142582223476693 -0.24187813134213 0.0574376197545837 0.124286331960279
-0.236963564430819 -0.075064168030783 0.236041358743953 0.110106433769698
-0.221021851612934 0.0747930758636395 0.336482794900547 -0.0701345244340084
-0.14273943471489 0.195500296449091 0.302956221848608 -0.219138339037084
-0.126184328541152 0.230535980253116 0.2545402867964 -0.282871061029708
-0.159363381893462 0.233194248186432 0.26736645786034 -0.26846650990993
-0.286561327833197 0.115297888809187 0.307397228917273 -0.145352253014058
-0.302699844017418 -0.0953284706031812 0.239807102917572 0.00421448794130602
-0.205998443095731 -0.320576389575927 0.111017751618752 -0.0172500784786416
0.186753637135094 -0.336201493367517 0.189950297288754 -0.0900857211981678
0.405208084793738 -0.0425573067925013 0.440772445699611 -0.0392240457937957
0.354583621097975 0.149032774647854 0.637466500431993 0.26949462999925
0.443805389787107 0.142286774463773 0.388406393418822 -0.00575887254301559
0.464071143814257 -0.0812735597214076 0.140290362902866 -0.0955441872852412
0.194973868665059 -0.358233763277152 0.0456755227267127 0.0487967948022361
-0.21831494132392 -0.37927586092882 0.0576953768164693 0.0929323079830994
-0.373971092523079 -0.137395416111101 0.184343866180593 0.0923139078504236
-0.367723687258125 0.0921246191614476 0.244900086871669 -0.0344660032942606
-0.259386120261412 0.280076732329509 0.219585469162314 -0.128004066459962
-0.215830818089968 0.324275476990564 0.190441150001866 -0.169998030089703
-0.253102537258601 0.326640705516175 0.180327653815204 -0.168114142015504
-0.433437240590174 0.164582517639635 0.204996961979958 -0.0948478814576022
-0.458488986270899 -0.132661812928377 0.152299045848411 -0.0133707465261517
-0.341356196594343 -0.459328189419634 0.0748576364164576 -0.0599859532184233
0.215734248707832 -0.540251609543571 0.170795279256902 -0.13635654577881
0.602648686238026 -0.158565250730047 0.34988925368814 -0.0566605467396782
0.599104619077187 0.153695913810437 0.45629850101239 0.198459449592092
0.584202818658162 0.158997680169438 0.210500885924939 -0.0768543349474504
0.612223130878754 -0.1514188872673 0.0250412176339308 -0.0693687782751804
0.242600955560657 -0.49326998008308 0.041496917410234 0.055396847346565
-0.287047318210879 -0.49112207977401 0.0526205652124054 0.0544097948097295
-0.480694972335747 -0.180484870136495 0.104538165852314 0.0560543644116151
-0.47137654446343 0.102870675043259 0.109649628010079 0.00113925571500254
-0.342742414948469 0.326832940234189 0.0979763916100716 -0.0182382950434417
-0.27285128862826 0.370939691338556 0.0985058828126669 -0.0321400254347537
-0.302999840080867 0.367728352300813 0.0695629654943264 -0.0417896996995932
-0.507000731998446 0.190044431982309 0.0739309236518234 -0.0216901234028611
-0.543509812529809 -0.145514385037258 0.0336654195240947 -0.0175117112299023
-0.430038780928796 -0.513155519857458 0.0149485279150836 -0.0935402601876253
0.194941004172383 -0.652375963783943 0.125342898763622 -0.167588386085969
0.686182270484304 -0.249159957017146 0.220628647699604 -0.053818094311438
0.737734228217868 0.12521092056018 0.215728382656901 0.126846347392582
0.647030509566446 0.148745776447821 -0.0280543001747755 -0.164771020683061
0.677281832610727 -0.209162002336984 -0.139823361657764 -0.0346356195779492
0.255745952556558 -0.567874177156607 0.0119090274075826 0.0632182336887149
-0.320310200099899 -0.531248135540794 0.0290058329572474 0.00695731602080918
-0.517043966619152 -0.194498626738306 -0.00401046065292804 0.00986403613750017
-0.504442789003007 0.102409940639531 -0.0543931824016327 0.0400499241861648
-0.371052975230751 0.328404990553957 -0.0453898884112945 0.0999020216128035
-0.288123802493573 0.3611766820401 -0.00892065648571631 0.109547959586949
-0.307473590185517 0.350029274044974 -0.0461333395272399 0.0901214488265037
-0.499207020863038 0.176681286770526 -0.0639803895010454 0.0596692301904445
-0.52940071242573 -0.139367292453564 -0.0928842054986635 -0.0115900681945914
-0.425400802721632 -0.481536622781359 -0.0501198336534287 -0.112370334325083
0.155848251724346 -0.631934576961459 0.0677912020593601 -0.174936024956306
0.650957829074248 -0.274035091277217 0.0825924355231064 -0.0295032033887175
0.743043098162865 0.085376733180537 -0.0383434077626087 0.0667307218368501
0.605458067649621 0.10965978470511 -0.288714429126546 -0.249982098568789
0.619770620612578 -0.224340380038828 -0.31825395682846 0.00247820301216797
0.218232352105556 -0.531179559528224 -0.0376668302125924 0.0651320143358341
-0.286122713471953 -0.463404352831826 -0.0101418241793362 -0.0376421611695798
-0.451573719243311 -0.169642861148205 -0.120298060819862 -0.0342147149523371
-0.444258858904599 0.085011280962176 -0.217009545441908 0.0794552517558458
-0.336667308576016 0.280706854995511 -0.184245236735227 0.207349028711423
-0.2597795583491 0.297143119113251 -0.115313923836348 0.236453206873637
-0.269873054623025 0.276911458099379 -0.153596827456877 0.203866985342982
-0.416780938414183 0.127485109011029 -0.186770269512377 0.126326019519713
-0.423289999946451 -0.129224413497162 -0.197982218112411 -0.00970262413046824
-0.323877476593887 -0.377085786944639 -0.0971806707400162 -0.123482978561805
0.115635337315839 -0.490717499605038 0.0216557826057496 -0.164201809409803
0.515209047118817 -0.226047107183042 -0.0298741777710544 0.00087288228676358
0.630604785710654 0.0393747523129259 -0.259562054457313 0.0206989909303325
0.455159842416441 0.0493569000445406 -0.523658892369821 -0.3134950944587
0.436504494793262 -0.190912152143912 -0.466935092961092 0.0344429727450768
0.130166708041461 -0.375925516812384 -0.0940805139214521 0.0652583987808526
-0.193001464743698 -0.29511236112198 -0.0487692915717109 -0.0622898784510526
-0.294978674063082 -0.113232680409658 -0.210547216613832 -0.0649210810279293
-0.30299671306022 0.051324658820357 -0.340705616848955 0.110436571361677
-0.245411895591227 0.183354136066293 -0.292618676850917 0.287245530698901
-0.190407970038221 0.185230003747447 -0.203375001142762 0.328482015471394
-0.196405302133201 0.163672600721536 -0.238503614045546 0.280366783523911
-0.280958955976906 0.0585578308079998 -0.279301519595708 0.159286030800822
-0.260953234961928 -0.10479233051595 -0.263916034711596 -0.0226255728892198
-0.176716439715763 -0.234109273123151 -0.114141793039168 -0.130817218246821
0.0721901814105332 -0.288385135263753 -0.00503352882001064 -0.14231425261022
0.321432700352877 -0.145164826452588 -0.0992340731093167 0.0225152088293874
0.435136986433255 -0.00360428108449171 -0.413026582567899 -0.0128312611605914
0.221165194210082 -0.0196856996016373 -0.686475852548804 -0.338744420012438
0.170987825968319 -0.120615899854896 -0.556941132708189 0.0640526798642939
0.0161687331616498 -0.154730318174308 -0.143620223377486 0.0733450186820665
-0.0685176331194936 -0.0751084926638017 -0.0715088641074363 -0.0550499824406523
-0.0898899717522479 -0.0408144348167359 -0.250778840478044 -0.074791722368807
-0.112137292108825 0.00408849304489753 -0.398465933281678 0.127675099693249
-0.113797798663503 0.05178727337618 -0.348171338861536 0.323468118379268
-0.0938496197956801 0.044404549283925 -0.259083236621391 0.371424802407346
-0.0966193294798943 0.0328202996235523 -0.291282633134208 0.312599124611864
-0.116619294208837 -0.00550769437711566 -0.335310207379139 0.158992587148808
-0.0871601184093949 -0.0586478798773651 -0.290950194789528 -0.0475013297203158
-0.0392009967440089 -0.0746366809968467 -0.109044780619187 -0.13531926169651
0.0107016662940409 -0.0920409613030635 -0.015915502120929 -0.114320673958034
0.108870170149978 -0.0751493512970518 -0.130513035780888 0.031474610644118
0.198422124964778 -0.049352340577302 -0.486759582996986 -0.0359258832079817
0.0510947688958039 0.067880778973527 0.522677491968813 0.0177593829113072
0.102938060563791 0.0286878280204983 0.198309915428877 -0.142459068747361
0.0587628690551718 -0.077200399488911 0.0133083525255926 0.0614957058052404
-0.0681043660516546 -0.0931007920833448 0.0765916459664009 0.142739396796195
-0.0876081595929587 -0.00604172936796616 0.275020010894595 0.0858773105958498
-0.0561866956749113 0.0479236611022254 0.371063907500019 -0.132950515185868
-0.00793844806030502 0.0836869823439363 0.316631821027856 -0.301950090857869
-0.0091176450041062 0.102469788184414 0.25347377969696 -0.36822851145058
-0.0260032889327977 0.10719739886241 0.290736483524015 -0.342799664557403
-0.0871780013038985 0.0637199262716026 0.349342366385623 -0.191405256949973
-0.111056125613854 -0.020274254581401 0.284625993701629 0.00792155805903441
-0.0742580739714981 -0.117525599968676 0.121148409758579 0.0173814457266848
0.0937487255678987 -0.103034830954868 0.178241104244868 -0.0515567978521123
0.131943249636006 0.0476237661555328 0.475572783567975 -0.0444120956447623
0.0539225234026848 0.103022868611726 0.735121603876031 0.27835087872645
0.258991594842299 0.0948365622786007 0.490468388390125 0.00824158040149907
0.282909141751149 -0.0359712865548185 0.1887184941848 -0.126821408811157
0.115882868263093 -0.218604916497811 0.03579096234684 0.0472918468138648
-0.157536775313245 -0.228707050561183 0.0659900474793726 0.118012086073865
-0.24025143769611 -0.0591319492077112 0.240938571817861 0.0912324731364537
-0.215022935045862 0.0885668886527551 0.32803384724373 -0.0931996567530601
-0.128478531776099 0.203503008907769 0.285227810174334 -0.237610832757092
-0.108706480144598 0.237116731686092 0.232448577496123 -0.297626560064697
-0.141519196718897 0.242087209248029 0.246182102155294 -0.28235224762553
-0.277603148824484 0.134498263468364 0.29619117171406 -0.165552696863285
-0.308849153164536 -0.0768089264863348 0.240531371892234 -0.0112754007852777
-0.224068160954828 -0.303939073023374 0.109788373544876 -0.0236046400395669
0.165345634899443 -0.346286097795649 0.183687898263684 -0.0989970135412331
0.400266885039404 -0.0661909280202442 0.435915885585954 -0.0659797376948959
0.358949386426423 0.128842780000251 0.64399576030857 0.231989612509096
0.444085398032141 0.119257212518473 0.385751422827504 -0.0303532253245305
0.456744765776143 -0.107708537632397 0.133469072920486 -0.104060791690554
0.172753493466019 -0.361961299231512 0.0519914027996547 0.0443331838447407
-0.239962144284072 -0.359756439410565 0.0640233124776246 0.0866896024287753
-0.379614058782148 -0.112233182407664 0.189044417440013 0.0751423039720265
-0.35802917462759 0.116789814588606 0.239760677353987 -0.0519124666943248
-0.237932783957792 0.295641235198825 0.20865768016917 -0.14213050587019
-0.191506266969903 0.335392732975558 0.177426096142688 -0.181867133468046
-0.227740502265155 0.339675607344973 0.166339534121736 -0.177630490980301
-0.418930338883172 0.19329032602637 0.197364238547798 -0.109625886774279
-0.466723782286624 -0.103672319121827 0.152386294725143 -0.0233162439208686
-0.368974939377775 -0.433129331624572 0.071884406125194 -0.0649002037295816
0.18074536771405 -0.547394990119159 0.1608218255028 -0.144009019765435
0.589899032095443 -0.192119799925501 0.344845217122186 -0.0786288329733701
0.599762483098452 0.119648054943573 0.464580271538569 0.171345077958584
0.585199500342759 0.127663104183853 0.205685950073734 -0.0922047448782743
0.598202946971138 -0.187054175641615 0.0205285082495143 -0.0716304218967695
0.211823621029534 -0.497824658198298 0.0476349630920318 0.0513896542250032
-0.313639783092512 -0.466168581511141 0.0568890221168074 0.0484149131161239
-0.487934516476006 -0.147507285273037 0.109376003935653 0.0422727044078462
-0.460843326254883 0.135561633587322 0.108167442963698 -0.00813713044336173
-0.31571792411083 0.348258549140476 0.095522087930458 -0.0241321167620937
-0.246445906440024 0.383749620437106 0.0952717191014937 -0.0401666330967734
-0.275267708082254 0.383454835180439 0.0657215373986749 -0.0447795136349901
-0.491139695787896 0.2244911422396 0.0720241247567835 -0.0282887105169952
-0.552132719384082 -0.110663677805505 0.0329771104744243 -0.0197702698747685
-0.458055046738254 -0.479119175582084 0.0103209108055252 -0.0962749275555632
0.154550096682377 -0.658484525630231 0.11234084360206 -0.172758569851582
0.66819275593302 -0.290084633863673 0.215410607551139 -0.0668851166827317
0.734456681644442 0.0839369093342722 0.223406755141319 0.116202703932541
0.645420283074516 0.114173230692053 -0.0354362487026226 -0.166216914765009
0.66008066547579 -0.247499460374164 -0.140873854248286 -0.0281136260949186
0.220805706854762 -0.574310817085548 0.017176252327421 0.0608663599366993
-0.349640252266646 -0.503964410410501 0.0309481730842359 0.00393784472006657
-0.524445474475889 -0.159116122465124 -0.000627797484602619 0.00253264152628172
-0.493687374130171 0.137198605160587 -0.0523095496044898 0.0414230253451283
-0.344287905677691 0.352882931254749 -0.0382893511466652 0.101972987347491
-0.26129347206581 0.376597723769887 -0.00148258959197932 0.107088851293285
-0.281882034500461 0.365466092746293 -0.0407234380150983 0.0932487371779873
-0.48327744112154 0.208969881970496 -0.0596067086650115 0.0621099632633842
-0.53714658137739 -0.103792482216261 -0.0933380373020282 -0.00651131822253698
-0.451563650565118 -0.446676415867108 -0.0555346282017529 -0.111453844781704
0.116515672319503 -0.633852025011732 0.0533766793896301 -0.177376464726646
0.630963619380383 -0.310667242104393 0.0801319876729324 -0.0345991761774359
0.738817882641569 0.043134634825136 -0.0304398797570104 0.0715864415591114
0.602785826285072 0.0756042199241854 -0.298440683000424 -0.235334700106941
0.601648011444055 -0.260238862008256 -0.314793157208089 0.0196540018323905
0.18400360585973 -0.534303004076612 -0.0324208714985961 0.0666322950698073
-0.311780296475299 -0.440826400953882 -0.011227228677915 -0.0381357280962982
-0.460003508723596 -0.137626689232785 -0.119410893847591 -0.0336600092762063
-0.434051209222127 0.116276748551554 -0.211441754263035 0.0915308300248251
-0.312091294563797 0.302294085565108 -0.168508856658436 0.218443108898865
-0.236589246803404 0.310709071608622 -0.0979152815822063 0.23922393157576
-0.249313390225261 0.289673482914094 -0.138870441063121 0.212031391308792
-0.40466717299419 0.153979274277856 -0.177323643600684 0.13617027462236
-0.429434709027038 -0.10065054518598 -0.197515744279233 0.0025553458763448
-0.344522444979273 -0.349847015595636 -0.103151772509572 -0.119748862163816
0.0843183004977612 -0.490099150221378 0.00726194830482763 -0.164294699391305
0.498884467027737 -0.255600454470728 -0.0295885512651796 0.00273532709880957
0.625490328185584 0.00545136524858803 -0.251094932874697 0.0392505005022846
0.451607851978286 0.0242528553367684 -0.534839337732703 -0.285237403829404
0.422058052298134 -0.215920198592155 -0.461601312674386 0.0610240436721475
0.107657352328581 -0.377733060822689 -0.0899047833232827 0.0700614698629953
-0.208805403220501 -0.280330392372076 -0.0515501850515439 -0.0595251950767776
-0.299530245377797 -0.0934953263562307 -0.21125737572366 -0.0576289283672818
-0.296505149884801 0.0726300559265384 -0.331320753004106 0.132212770767708
-0.228321280940853 0.198686102621925 -0.269534444059661 0.304503939977207
-0.176196302020279 0.195240364398015 -0.178576443653281 0.337201457068794
-0.184601133827175 0.173028306862188 -0.217732385590093 0.293259117431655
-0.27425988526362 0.0757313963332683 -0.26736487054542 0.176191186382605
-0.264781766520148 -0.0864893584002927 -0.264350146133821 -0.00522002998733986
-0.189077269655137 -0.216366242010257 -0.120671102491408 -0.12562401808009
0.0519768592722339 -0.288021029776625 -0.0175922426550583 -0.141126858455035
0.310667091556765 -0.163412305605049 -0.0971457090594273 0.0293468951709656
0.428884761987706 -0.0285331467889501 -0.404893269715191 0.0154107985422506
0.2171913869129 -0.0317716884810012 -0.697650815861301 -0.300914530264726
0.163448510311542 -0.130267500164884 -0.548228958063208 0.0962660721197659
0.0058242646725259 -0.153094939839773 -0.139085304562033 0.081788366666643
-0.0711272092526933 -0.0700623691574218 -0.0742626857782454 -0.0504957058038003
-0.0914684739557767 -0.0347978188566573 -0.253265768794545 -0.0622112418915161
-0.109620873700717 0.0123231570427741 -0.386531146901833 0.153259625086639
-0.107823101696017 0.058704457909815 -0.322127152249553 0.343807810803329
-0.0904854212382679 0.0499193766477278 -0.23059498471038 0.382940378569259
-0.0945471073965839 0.0373897703598131 -0.267803758868177 0.327626300969669
-0.114992430569604 0.00120069993093742 -0.322394982058543 0.179076500754447
-0.0888359790821821 -0.0511296610772789 -0.293008815199393 -0.0281171456218971
-0.0431878246405637 -0.0691761659755248 -0.116549069133605 -0.129090618858873
0.00275983614993305 -0.0904840705574281 -0.0256021353931808 -0.11331161133828
0.102987065901392 -0.0821138056009376 -0.127856076617399 0.0401379457712615
0.193004945601197 -0.0609716513528209 -0.478875777380524 -0.00237212139582995
0.0525213987400426 0.0645806549286416 0.514951148984455 -0.00343377538018731
0.103130693897892 0.0236119227773608 0.187608158762838 -0.148723845409509
0.0552314757342128 -0.0789046453656622 0.0183043553703871 0.0588456425071054
-0.0722138166067653 -0.0878697718283123 0.0822000606184263 0.135887606070367
-0.0873211690663825 -0.00217396856080485 0.273469733671064 0.0720393322852455
-0.0539150569073747 0.0491529919200103 0.357782504099542 -0.149696380971651
-0.00451748122955345 0.0827479941291767 0.295851946780256 -0.312100779114992
-0.00283068672427932 0.100706888216298 0.228920636463648 -0.372144499414376
-0.0187666415328133 0.10721279374508 0.268732812803124 -0.34928406179147
-0.0835451696963163 0.067873091894908 0.334894527439106 -0.205534288616804
-0.11207502780174 -0.015523248819819 0.282728292768668 -0.00477490915246618
-0.0783337645587292 -0.112993604932638 0.119734711490777 0.0131816278738888
0.0887149896606024 -0.106182993029368 0.175221319561802 -0.0568508758690026
0.132321336636644 0.042334066614929 0.465451339746071 -0.0663185681545369
0.056628429963577 0.099190610833589 0.728017231271281 0.240503239867985
0.256070363358984 0.0848432719860396 0.481898727170917 -0.0132738853772393
0.27725748511604 -0.0476590595583388 0.179166238721467 -0.133280327287717
0.106198719761381 -0.217455461909073 0.0409770942832818 0.0440319624322319
-0.165039694237689 -0.215301817777969 0.0710460781117401 0.111215212824412
-0.239571262136457 -0.0474534369909608 0.241399001102629 0.0757559886589106
-0.207831959316029 0.0974353053063856 0.316553541705996 -0.108428020789888
-0.116613642228332 0.206439493120022 0.267656274873194 -0.248088651944197
-0.095188969347828 0.237252274706633 0.213405339665287 -0.302180401322915
-0.126581947941136 0.244347973685422 0.227937402504682 -0.288270037627001
-0.267473329814481 0.146265974116981 0.283791386833056 -0.179131477633593
-0.309939969415233 -0.061482830514789 0.237783186029164 -0.0224447299825208
-0.234010004522167 -0.288827609628795 0.107123737166559 -0.0278355484734234
0.149396134987105 -0.348008075708799 0.178200894842 -0.103516160015214
0.392668378370279 -0.0811780536544807 0.426222169989105 -0.0859226723692512
0.356650559011139 0.114055441059681 0.640079100532933 0.200069939464753
0.438979973643308 0.102939530539304 0.377982295445278 -0.0480947865881744
0.444674433098595 -0.124989427979747 0.12631700236183 -0.10898651724098
0.155944736017587 -0.358551297036876 0.0558419791416745 0.0400360664844861
-0.25182814118759 -0.339576688198716 0.0682045856419568 0.0805587137160808
-0.379506748145337 -0.0926626847202937 0.18976076489984 0.0602203516608045
-0.347320822369067 0.132791278330493 0.231170763626112 -0.0643604223012058
-0.218567739187343 0.302619509264961 0.197857179003193 -0.149077736844542
-0.171582500849698 0.33776604243956 0.164204382865794 -0.187510448698925
-0.206591907150693 0.344677137885602 0.154240857919236 -0.180523277343712
-0.403191140118158 0.210756313137971 0.189609445683977 -0.119539363353303
-0.467754844110413 -0.081489657201371 0.150026821408899 -0.0306051653608741
-0.381204139916867 -0.407726413478954 0.0682068985022405 -0.0685632274211642
0.156339388175084 -0.548160597829191 0.152127513537919 -0.146818707557091
0.576387981320723 -0.212868941093386 0.336147469115216 -0.0937099153815806
0.593957028109819 0.0970620432260765 0.461865046113093 0.151524162907318
0.575688512370654 0.105973484510146 0.198767876687026 -0.102513239987791
0.581989254522638 -0.208573375323479 0.0165479392622035 -0.0730878828839875
0.190026205923023 -0.493734188069437 0.0516041805441239 0.0470094287189238
-0.327954129734121 -0.439577633742646 0.0595647347489183 0.0433490681755395
-0.487262797867951 -0.12248503564155 0.110230770462702 0.0295285251055212
-0.446906444233709 0.155318184487262 0.104199966533901 -0.0147278824357985
-0.291778365570783 0.357982700541553 0.0928362467534635 -0.0279163598497115
-0.22169686121257 0.388140181906077 0.0910272832830699 -0.0453432482448303
-0.252422972901364 0.389242968899745 0.0623015678585466 -0.0458495901733852
-0.471968243428966 0.244762489014513 0.0692158471248567 -0.0335157858046314
-0.550802976194803 -0.0838280815778662 0.031581597589752 -0.0221636786506183
-0.471180453624743 -0.450765193907801 0.00633695191636167 -0.0967901326288876
0.124938945768929 -0.65382854137339 0.100561013843507 -0.173411089216998
0.649638239581983 -0.311738342608563 0.208614199717149 -0.0769157548176871
0.723925875598126 0.0562321706147956 0.226175300919572 0.107070858904271
0.635928471676315 0.0915222482512303 -0.0403585630186585 -0.166646375776866
0.640474588085699 -0.271568877679006 -0.140198599523137 -0.0235263303636118
0.195108566094611 -0.567883132770974 0.0218918843353408 0.0581802135170103
-0.364845081255658 -0.476009847075887 0.0314481148825377 0.000727940494570838
-0.523553079090866 -0.130808337956905 0.000336096346695072 -0.00542893651922535
-0.477914178774822 0.159414722067705 -0.0510708933043001 0.0415778924508667
-0.318712496969422 0.364896738513021 -0.0322857266933414 0.102686104286204
-0.237960818743879 0.381356275806327 0.00343534070563211 0.103654720507276
-0.259905228916734 0.371233385039062 -0.0358466238359195 0.0943058443617386
-0.464588157178585 0.228747335340838 -0.0563481024697919 0.0614005166888153
-0.534896634702984 -0.0789227235844087 -0.0924002164357741 -0.00262928243056142
-0.463631053775843 -0.415426397682868 -0.0592801295223417 -0.110423332990748
0.0875606164003061 -0.628276839129402 0.0424500360207375 -0.175730287904139
0.609432393098956 -0.331666573488369 0.0775501833679546 -0.0388529422928299
0.726974720619167 0.0133147836616089 -0.0237471086673799 0.074311688121664
0.592196241590103 0.0553193859431782 -0.30168522965554 -0.22460297158426
0.582781861045705 -0.282717780753973 -0.309684602630335 0.0312329069851817
0.161250998182904 -0.530190524963811 -0.0283924000161446 0.0663484662381876
-0.325037114151824 -0.416643599741344 -0.011775286597787 -0.0379712328892939
-0.457243320821981 -0.115165584210997 -0.11819655367699 -0.0352091573650534
-0.419945317512627 0.136353285785827 -0.204326113629056 0.0997216061794952
-0.290590920825799 0.312781215457651 -0.154114380468585 0.223671488201131
-0.217354831866878 0.316369802379074 -0.0850053604649511 0.237217290759363
-0.23132633930723 0.29538831978193 -0.126860156286286 0.215358074552758
-0.390618767977222 0.169689810789346 -0.168393014070964 0.140721976773291
-0.428252825035126 -0.0787714464274033 -0.195669002091484 0.011838480125107
-0.353255542879201 -0.325277937107666 -0.106741795133156 -0.1161814203662
0.060096646564428 -0.483401176208948 -0.00323140568512705 -0.161236068669921
0.481887782898118 -0.272884003282296 -0.0291715012246612 0.00373078079613027
0.611784849357991 -0.0178510983383812 -0.240167686366266 0.0512779085998349
0.442697382300158 0.00859860554928427 -0.536243951250493 -0.263248496007328
0.40714055647323 -0.230394623027962 -0.451490379704422 0.0770394302867601
0.090464732598215 -0.373142739176791 -0.0856101159978907 0.0727294853546841
-0.216077740420178 -0.265746214099209 -0.0527368620557296 -0.0571795337783471
-0.298841445088927 -0.0775849353868891 -0.209462400275795 -0.0529785789357492
-0.286546929956972 0.0869049271132534 -0.320675656400864 0.14541112687069
-0.212676486845693 0.206485830191803 -0.24871467084033 0.313076102135799
-0.163384586020225 0.199776824628202 -0.159075222374797 0.336090376164663
-0.173976678547734 0.177690295849209 -0.20000070877517 0.298881107146788
-0.265331797865157 0.0868212968595955 -0.255519171557833 0.185281927042544
-0.264281280323939 -0.0714182479434976 -0.26157569589837 0.00654161552332032
-0.193347116937945 -0.201203618498914 -0.124620851785179 -0.120788692104133
0.0374909938737958 -0.282982794725083 -0.026994459366102 -0.138397116792026
0.298490758411918 -0.174455693148911 -0.0939597425967549 0.0335895946343913
0.418800723617191 -0.0443635893376067 -0.390920612341294 0.0348274450518601
0.211114310037805 -0.0394696622531326 -0.695974704854431 -0.272687805121093
0.155526779410151 -0.134828892428843 -0.535414089834974 0.115087715037332
-0.000609493310237811 -0.149067078359847 -0.134862826973742 0.0865080012790072
-0.0718285288111457 -0.0663783342526618 -0.0750275045119593 -0.0469365297901413
-0.0910882469908842 -0.029321771927024 -0.251718357942175 -0.0533854556279414
-0.106535720953426 0.018300323884927 -0.373362669343588 0.169282396780414
-0.101679846008271 0.0625980221079892 -0.29883666667377 0.353546325022795
-0.0871522900432463 0.0526937367124556 -0.206965032327939 0.385330196269916
-0.0925447237848903 0.0403918545675526 -0.247259498736458 0.334005322504948
-0.113129189128008 0.00585262921796127 -0.3084456771503 0.192357374393791
-0.0880399421235952 -0.0453888103818547 -0.290980763679076 -0.0140881332467311
-0.0439381692910342 -0.0637281365527618 -0.120382736085187 -0.123365999522196
-0.00293346907512746 -0.0866660642413961 -0.0333698406432638 -0.111054466053072
0.0976816917170734 -0.0860319872976652 -0.123544456001311 0.0458628814201556
0.186809925360046 -0.0676930835886908 -0.465704752704629 0.0198361553470104
0.0525648396447252 0.062916247740403 0.508075439800082 -0.0182707584766977
0.103439259501513 0.0205125938829569 0.180883322803263 -0.152796608941581
0.0524956432716756 -0.0798685069929722 0.0232076410979298 0.0566265256363531
-0.0753356936662696 -0.0838814501040368 0.0858647208713052 0.130098224444897
-0.0874326613925623 0.000465870177888755 0.272071714171088 0.0623054691639857
-0.0531050098948902 0.0502130076710562 0.346823828208198 -0.161092910291587
-0.00236546698460684 0.0821550144038139 0.280779833082674 -0.318841642233938
0.00101999953773197 0.0997210918237475 0.213412292264691 -0.374105022905572
-0.0133882005805376 0.106173704805259 0.252752311948233 -0.353456951382657
-0.0807702550964373 0.0708996952532352 0.325197215999044 -0.217047375405721
-0.113352617793247 -0.0116515238184446 0.281111981772915 -0.0143896827823623
-0.0813217340956885 -0.110213128122553 0.118896954862887 0.0107973940099422
0.085453841402154 -0.109024553791547 0.174379551009617 -0.060524461507983
0.132091364769498 0.0388006915935752 0.458229873502598 -0.0800581641310018
0.0574692982311109 0.096789446615187 0.721924569808841 0.22194180362104
0.25348128974012 0.0796822476479713 0.476924431403339 -0.0284135640979322
0.273682758825678 -0.055083148559256 0.172214139502412 -0.138089154038611
0.100039832415978 -0.216220150148329 0.045581304686551 0.0406069341190881
-0.169561422892228 -0.205851543204478 0.074161053076272 0.106043139261088
-0.239281405424917 -0.0383565360926617 0.240525183057931 0.0652867418030963
-0.20297442267974 0.103750177498601 0.308139550003677 -0.119818875434007
-0.107892340762105 0.208343276506755 0.255633582668508 -0.254090378661979
-0.0848991667804914 0.236947038919468 0.199734189003553 -0.305219379041683
-0.115133510192885 0.245609074291304 0.215666965518306 -0.291011462613902
-0.260305540474487 0.155770058192124 0.275529799996699 -0.189023815828328
-0.311804596281186 -0.0508111852742058 0.236987503635713 -0.0309650144679323
-0.240815509332844 -0.278606852648302 0.105056595933941 -0.030693216305497
0.138574586125495 -0.350068580887481 0.175003510755473 -0.106228442404234
0.387385639052367 -0.0908017835866666 0.419363447609101 -0.0985660197528162
0.354825237279593 0.104916834211781 0.637341336347532 0.183767872091536
0.434137715953619 0.0936179687111093 0.372295694358309 -0.0603602379525389
0.436389569392725 -0.136231557047776 0.120049349257658 -0.113219929025118
0.146952038166016 -0.355982926260165 0.0601006774700943 0.0362228834054389
-0.257636957729589 -0.32451653027206 0.0708185196993549 0.0756306955159407
-0.378099840659594 -0.0780941236713399 0.189733826348605 0.0485770236282506
-0.338486194877743 0.144253639936147 0.225417618899402 -0.072489922529048
-0.20395911082924 0.306978514078701 0.190537110257846 -0.153807519014778
-0.157577201637192 0.339144044483774 0.155694036275621 -0.190885595031086
-0.192140911724259 0.347382120107649 0.146699200602607 -0.182434087872381
-0.392252343631726 0.223699599565867 0.183292554041935 -0.127832314788489
-0.467880431248898 -0.0652865574372969 0.14896916009258 -0.036829824597242
-0.388503019093285 -0.389404128970692 0.0652437360359517 -0.0716585308914597
0.139584528012242 -0.547736627816944 0.14703590435309 -0.148435696845817
0.565502796176995 -0.227997112139483 0.330248068376716 -0.1028152682056
0.5877125006938 0.082069169115548 0.462786603936579 0.138790512825957
0.569012635086774 0.0956923751109865 0.193924669358336 -0.110929219532226
0.569585967094079 -0.223415818332372 0.0126065429304792 -0.075033321256986
0.17685220871663 -0.490447054347899 0.0550535838153997 0.0437571083579938
-0.337287175276034 -0.421762123441589 0.0608804673841421 0.0395490338028586
-0.485222875872272 -0.102911268835963 0.110011858419801 0.0188537459562313
-0.43617880819385 0.170635182176606 0.100263026336059 -0.019741803167763
-0.274120919990498 0.364648338928048 0.091341076567666 -0.0303421860237976
-0.205900784166626 0.390945309665851 0.087786154253903 -0.0486648920450751
-0.236365925609728 0.392881978232834 0.0598592640284325 -0.0460477531179496
-0.459873090859257 0.258323334339409 0.067114443132904 -0.0385009918346621
-0.550941152502101 -0.0630372014173429 0.0314033156047158 -0.0247577872735279
-0.478923510886923 -0.428163049220127 0.00323730014998674 -0.099065926249397
0.105699255248209 -0.650852988679204 0.0939647410326183 -0.173676952033793
0.636809561179804 -0.32741127465934 0.205056050674742 -0.0829419824482767
0.7147139733913 0.039091208831724 0.229188933882895 0.101954396270495
0.629372725633745 0.0778352456396406 -0.0437199791647239 -0.168322430974429
0.626115829745272 -0.28692806353869 -0.141371121132144 -0.0216832450451936
0.178971494111063 -0.563245264369296 0.0247935508116294 0.0557549390240797
-0.373200210649385 -0.458182594215513 0.0319625593451929 -0.00177908085082287
-0.521951909065173 -0.110753550489844 7.91449981502281E-05 -0.013216283263654
-0.467422601866023 0.176014306013673 -0.0515468435650875 0.0419931971637886
-0.299752889663943 0.369738358175417 -0.027607914674969 0.103582361325713
-0.221584725473186 0.384394271169616 0.00587221895778826 0.100167867827263
-0.244166695804867 0.375283459982077 -0.0323242835709913 0.0958515586587921
-0.453381285661412 0.242008949380852 -0.0546386522598943 0.0603505437799644
-0.535584197147796 -0.0593545831931456 -0.0917181482635635 -0.00116466190059191
-0.469888541167009 -0.393042372732399 -0.0626359259827059 -0.110801150952272
0.0683633172723713 -0.623439803272584 0.0341321949827253 -0.173751755908892
0.59634586212846 -0.346331558884432 0.0753976759406584 -0.0409156335727665
0.716145397828529 -0.0024582590082483 -0.016920689767364 0.0758837141042538
0.585589049925191 0.0438276077997872 -0.303543661689432 -0.218402996808454
0.569981391132305 -0.29594584716337 -0.307845360342679 0.0366011825384579
0.147156583919008 -0.524374578298961 -0.0253169242311582 0.066150692272533
-0.333518842028006 -0.40107093277848 -0.0116199898786385 -0.0383155661374711
-0.457334393612047 -0.0971456422844255 -0.118351933820546 -0.038808333340891
-0.409322726524778 0.151656927678863 -0.201480001866655 0.105343654548225
-0.272985413978551 0.318945742741108 -0.143931911472524 0.227022442422828
-0.203798216638549 0.318954994525835 -0.0760079903772302 0.235521866720142
-0.219222250240146 0.298922632855604 -0.118217166755704 0.218406970254468
-0.381154220783374 0.181432364113493 -0.163080213949922 0.143390836784694
-0.426838784010354 -0.0632262475568484 -0.193580564205785 0.0167795286134201
-0.35696572278654 -0.306346148937574 -0.109674085464375 -0.114728687660984
0.0453147785810545 -0.478247007599595 -0.0120730505688922 -0.158909517946168
0.469617496872263 -0.284159001483269 -0.0286476147105091 0.00409282609490544
0.602078730931437 -0.0333624809429756 -0.230274856315135 0.0599853779088335
0.437133333347128 -0.000784105339217432 -0.535773290894863 -0.250364249954865
0.398030311983297 -0.24067027906038 -0.445763396376324 0.0871772667388283
0.0808072338470345 -0.369478056850731 -0.0830793755858138 0.0747066306945396
-0.220723832721076 -0.255658387133793 -0.05292310160006 -0.0557298891567804
-0.298018534860257 -0.0660408202706856 -0.209666977539506 -0.0518993308986813
-0.279562864957136 0.0968016393152876 -0.31366193497092 0.154341712153716
-0.200985276516453 0.21128379398687 -0.234513526523275 0.318354747163377
-0.154884873372294 0.202855443366304 -0.144915326815415 0.335530378100265
-0.166639102575009 0.181032485606638 -0.188059823031149 0.301748270709171
-0.259365639031331 0.0945092964614491 -0.246687311017523 0.191446843247848
-0.263201198681484 -0.0613742347348278 -0.259881711262166 0.0149100479508808
-0.195588453696038 -0.189324229029595 -0.127499240243893 -0.118621062840765
0.0275499797212724 -0.278122840223611 -0.0343094408058076 -0.135992122918542
0.290869658514214 -0.181526917847689 -0.0912571287624313 0.0360207212114003
0.410580726818831 -0.0537507931103125 -0.37973875142194 0.046812427377301
0.207127661635833 -0.0438415096544599 -0.69465626551167 -0.253874552715941
0.151451984199903 -0.138268502955882 -0.52687950722213 0.127925855509205
-0.00438713805112247 -0.145433214092491 -0.132961459095307 0.0905095289684167
-0.0717237993635021 -0.0641348776594532 -0.0748316750101766 -0.0445644916388884
-0.0907352577418542 -0.0257630678688408 -0.25191640522276 -0.0491233393519627
-0.103628332406996 0.0222174107066615 -0.364289198089138 0.180628259904996
-0.0971841664614967 0.0645911934126234 -0.282735268963008 0.359675859464846
-0.0844500484384799 0.0555461068149096 -0.191585795535385 0.384941531753003
-0.0910406774927368 0.0426075551570188 -0.233582637991042 0.337629509118332
-0.111807711026754 0.00900811619414656 -0.299423032356496 0.200699981991722
-0.0864408172107026 -0.0411867875080136 -0.289303399018188 -0.00416510108489882
-0.0440681797051911 -0.0592850964258505 -0.122780785540098 -0.119918947564073
-0.00670113732029616 -0.0833022085492047 -0.0394418783801801 -0.109235693217635
0.0936168450620617 -0.0884571482468265 -0.120058268522238 0.0497498552159828
0.182261439394284 -0.0716722268395131 -0.454313938089413 0.0346391077747862
0.0529441834388493 0.0619370163892047 0.506457026443927 -0.0317298698962917
0.103615437446434 0.0177708236862406 0.174808902019719 -0.158083034840051
0.0504128744690293 -0.0812493271165547 0.0270377344289437 0.0541124157819246
-0.0778658153811399 -0.0804169504186262 0.0890092329219275 0.126582507375753
-0.0883258595203994 0.00307649972254372 0.273394501121967 0.0539908138494302
-0.0531471216650253 0.0520052931229655 0.341019079718638 -0.17306412118752
-0.000524651065930609 0.0820750146012002 0.269515481290293 -0.327821701082461
0.00470784006577921 0.0992704321582103 0.203460980517737 -0.37723456557249
-0.00981763633537069 0.105534864021402 0.242718635631524 -0.358663847225863
-0.0784891104544673 0.0747872895366678 0.318164360606052 -0.22798524204106
-0.116090319499314 -0.00821233405442806 0.282358456525718 -0.0230471616460426
-0.0848594364844679 -0.108011458442722 0.119486903894408 0.0091154586272938
0.0828520856571515 -0.112093661201634 0.175268695600138 -0.064515450991061
0.133636565349407 0.0362837965851912 0.455026758024685 -0.0943635089343293
0.0588193886469201 0.0960256685161916 0.722733785668856 0.205114588048131
0.253119706498438 0.0761129295883985 0.47391550623528 -0.0420578126921099
0.270942377741027 -0.0625650565991214 0.166264523648631 -0.143397781068899
0.094980342330553 -0.217185492809548 0.0494216619781197 0.0369970309432595
-0.175089478747939 -0.198213884691692 0.0766677122455327 0.102107857957185
-0.24011014090735 -0.0301894383620292 0.24165224906089 0.0551298252093279
-0.20038531508367 0.110337033808736 0.301984392736903 -0.130033410922948
-0.100781693789009 0.211135319852106 0.24690587266999 -0.261133393931803
-0.0766692950741042 0.239192676505863 0.190241429421342 -0.310120175279366
-0.105970281903381 0.24838036304558 0.206296472762988 -0.296094617976136
-0.255977945910811 0.164953394245771 0.268972582762619 -0.200181507888833
-0.316088664828955 -0.0413657819562401 0.237049724125161 -0.0392339339686264
-0.249768861088715 -0.272110018911908 0.104963959438058 -0.0336393953481191
0.128558259253738 -0.354274120688263 0.174555529461141 -0.110192425942916
0.386722292094226 -0.100953424234755 0.41527982572143 -0.109899113594953
0.354881907428011 0.0966836860417634 0.637723360214776 0.169183158217041
0.433364113153746 0.0882645250390209 0.369248838161731 -0.0728538159517096
0.432118770541655 -0.148198427296787 0.113967765305014 -0.117390596695435
0.139000684793879 -0.356899231297685 0.0644067645965261 0.032935951569989
-0.265521609630223 -0.312837147311867 0.0732145884483023 0.0713616503196053
-0.380137560592579 -0.0645717382393938 0.190180043573971 0.0376809414025143
-0.334109371678498 0.154651149561685 0.220343563127411 -0.0809607548713073
-0.193589288631806 0.311988475802083 0.185698793359276 -0.159402718715464
-0.147155364395543 0.342139679778518 0.149602118291325 -0.19534725846351
-0.179821506953515 0.351960242703378 0.141170606428892 -0.185067588422905
-0.3865033633771 0.237997441891427 0.178575301351214 -0.13601360662007
-0.472163051429347 -0.0502647565079296 0.148763111952708 -0.0423718658177413
-0.399296074132 -0.377141402564512 0.0632854534931891 -0.074860098157476
0.125477687603785 -0.551075194055908 0.143526472635815 -0.152272394678697
0.561445415858842 -0.241491728546983 0.326116791271461 -0.114313659468574
0.58715423096809 0.0694616725900723 0.466346652090024 0.130346056020753
0.567901418268064 0.0873811800595144 0.189927795176542 -0.119420621606627
0.56188826529912 -0.237667682103699 0.00817155112256058 -0.0771037704390706
0.165919108453048 -0.490270578923606 0.0593383775130302 0.0403566527024273
-0.345877134938724 -0.408415321334113 0.0627769850882801 0.0360509839777637
-0.487254093091448 -0.0875891009736179 0.109674308314681 0.00922816849717055
-0.42975484041698 0.185035542404475 0.0976201176251077 -0.023117986403955
-0.259913379652685 0.374033154989323 0.0909567322396075 -0.0324035518795398
-0.19141610745427 0.395549726670792 0.0854140301945295 -0.0523518163422779
-0.222413165106585 0.398875104599986 0.0588685052204612 -0.0465718193480914
-0.451644291261751 0.273800252469484 0.0642877688951653 -0.0433569024166528
-0.55563021949146 -0.0467448077725744 0.0311006544191993 -0.0272538529481732
-0.490529804341368 -0.410877995466143 0.000450595160658947 -0.101769348485062
0.0867027377484758 -0.651186638767357 0.0886381438373552 -0.174671548296484
0.629283115704444 -0.343966255019706 0.202524479342299 -0.0900639654455859
0.71293558071553 0.0236879713827564 0.234737865214323 0.096010280436257
0.628462958466486 0.0685785912407815 -0.0487562807456912 -0.171643334471084
0.619610388283316 -0.305143860232459 -0.144608081476631 -0.0191191425541548
0.166653070316552 -0.564265356114118 0.0277908321938044 0.0546012330038265
-0.382997917968552 -0.443914021684314 0.033183577940887 -0.00387173034696437
-0.525418126675984 -0.0948120390296857 -0.00200503574624668 -0.0215495514524518
-0.457260071321303 0.191880192517087 -0.0521291610941168 0.0432276693152238
-0.284063422773058 0.380108393141774 -0.023243416309986 0.105528642344889
-0.207801624932379 0.390558235891521 0.00837381233436978 0.0976671964662738
-0.232003640165583 0.381693412303901 -0.028658445071165 0.0976730297406345
-0.445584374019107 0.258322115105399 -0.0541511719076939 0.0597262518809002
-0.538058237203587 -0.04434624899475 -0.0924020500034246 0.000618323064028057
-0.479414034757941 -0.37651109124604 -0.0671360827207351 -0.112312472509883
0.0507771817206916 -0.622228264633978 0.0269006352986944 -0.173820436742661
0.58867503494964 -0.361029285631183 0.0739150464569667 -0.0441378229015258
0.714121822118247 -0.01821073747708 -0.0104211166278752 0.0773013827432761
0.584559978383686 0.0349295403770555 -0.308808257623835 -0.216833887288043
0.56183654142894 -0.312528617633246 -0.30901190752021 0.0434733779723134
0.135562812385698 -0.524907900513622 -0.0225402627165001 0.0668299280470399
-0.342536332931688 -0.389407997443916 -0.0117013478470288 -0.0395363695394708
-0.457981822581833 -0.0811426085112414 -0.121045738627429 -0.042665799770345
-0.40338736890676 0.165051104630837 -0.199007106336476 0.111267109113302
-0.259567004759995 0.326190590854511 -0.135214149504436 0.232627415754202
-0.192151717185287 0.324887716275375 -0.0693220841036271 0.234346616587701
-0.210718477569901 0.304718046376267 -0.111058690215866 0.222891184471834
-0.375309396193934 0.19454942840952 -0.15933283296742 0.146460778566455
-0.429845776640027 -0.0480728802300342 -0.194378114920855 0.0219463808412671
-0.364633960210626 -0.292146246909289 -0.11413247835591 -0.115475586491453
0.0328301533944165 -0.47646642619023 -0.0197704391328244 -0.15731078110456
0.462217894615139 -0.296420194025733 -0.0277276385825483 0.00404653152040176
0.599172471573168 -0.0476760860582338 -0.223066055949048 0.0666936272615598
0.436782064973795 -0.00876347767488994 -0.539763944121724 -0.242224596514766
0.391658263206908 -0.251991047814753 -0.445152422100939 0.0981063546104932
0.0736547134897366 -0.36913686595513 -0.0810688315621853 0.0776413836381464
-0.226516159946042 -0.248092468169296 -0.0527347607898889 -0.0556036442566655
-0.29928589636257 -0.0562880115732531 -0.213124860612517 -0.052100756534399
-0.274303049250763 0.106340478453185 -0.31065798955964 0.165821970019819
-0.191366739072355 0.216154425893401 -0.22235167252467 0.32569682242729
-0.148497549098846 0.206795032162236 -0.135945559910341 0.336228558717971
-0.160947685826785 0.185251522240236 -0.178705767514571 0.307468101446663
-0.256402233995931 0.102686922265463 -0.241050394749418 0.19787393758228
-0.263744558176208 -0.0528642256156158 -0.260497152667139 0.0221141865661126
-0.198144235253712 -0.180648100015158 -0.132398529566468 -0.11707017044636
0.0194899991217834 -0.275372547121756 -0.0417639266952635 -0.134262339491138
0.285200405381928 -0.189666273806484 -0.0890971040287402 0.0384851419624148
0.407194268675659 -0.0625644526992553 -0.372082118908996 0.0578981601685595
0.205698832980948 -0.0474301674524634 -0.697761206402511 -0.242234688869584
0.147978917064743 -0.142561816634403 -0.524839808124722 0.140389865811635
-0.00719411395340188 -0.144056646188524 -0.131372372326756 0.095565262601913
-0.0720896006922445 -0.0624748306142279 -0.0746825888376047 -0.0432736104697767
-0.0906844659322195 -0.0230401660865311 -0.253826943772759 -0.0442026122178838
-0.10158301895383 0.0253244363253584 -0.358932692592959 0.19350991578355
-0.0941915008984801 0.0669316914449854 -0.268716781048425 0.369123685678213
-0.0829466684973557 0.0580443353304629 -0.177880087858548 0.387603403783789
-0.0905250071092104 0.0455645053711774 -0.222607752728528 0.343906013926586
-0.111306285973396 0.0121397583471259 -0.293333686430154 0.209904638009759
-0.0859775581308029 -0.0385084425953282 -0.290901075214164 0.00519404624813648
-0.0437078223569165 -0.0557909468029275 -0.126529142932437 -0.117815999374575
-0.0104443008945686 -0.0806473761901816 -0.0461926316707161 -0.107758068023309
0.0906523695206261 -0.0915660434762234 -0.117125481208964 0.0531423675706333
0.179467945395242 -0.0762055139680112 -0.447205286997905 0.0479601155923437
0.0338189131156707 0.0759923007568667 0.505220647192304 0.057931716052209
0.0967044534386989 0.0384572908314931 0.196049234801913 -0.121608905610706
0.0618391688101049 -0.0699475720662625 0.0214163175182855 0.058148317252988
-0.0633759798752935 -0.0898108146083846 0.0662855359997393 0.137520102934927
-0.0907081005145533 -0.012178783767238 0.260697804209733 0.100961934533352
-0.065048984833906 0.0420925233853312 0.368149434017303 -0.111348116759147
-0.0172781454609065 0.0796560012029492 0.327979335245313 -0.273857516575472
-0.0150120421941738 0.100407360147569 0.269139494275874 -0.329269129154495
-0.0306227419978465 0.102196528250979 0.303612435281407 -0.30562061788232
-0.0923318953390554 0.058047437031034 0.351753252465047 -0.161918724387302
-0.113808521175792 -0.0310192999567092 0.279557041129971 0.0294329635179516
-0.0603587526542587 -0.123544555595344 0.113200091935469 0.0303250078493795
0.107128028393634 -0.0948395034493904 0.191904775801812 -0.0339847057617387
0.12536760764703 0.0597555278953883 0.473766730240449 -0.00573370167061323
0.0361129676904104 0.105813679895111 0.684783865488937 0.360529409910212
0.224434301781542 0.12893015127798 0.47800554448733 0.0434408455455296
0.271238951437641 -0.00996051919988174 0.186965026033781 -0.102731527516161
0.129709354270242 -0.190637993743146 0.0510337956256982 0.0471635491875774
-0.133942052397428 -0.217323636784196 0.0614632014992279 0.109094173084398
-0.231098008835608 -0.0716799694282685 0.230881773240621 0.0949410759358427
-0.218732076287835 0.0728056695850019 0.322329593776894 -0.0802240354910556
-0.13677062635554 0.187625221798145 0.29231276286874 -0.211834065204594
-0.121025806507697 0.222748780257715 0.244494824929503 -0.266119850520965
-0.151887870811719 0.223418258791795 0.25566581621927 -0.251006550168702
-0.282127695329232 0.11324569051375 0.295238829972488 -0.145263788699323
-0.304374978362129 -0.102983571148268 0.231070391379334 0.00327751475606223
-0.185482838471609 -0.314049178492259 0.101769151492265 -0.0208956634365031
0.204902183457106 -0.324521268466812 0.200222896479081 -0.0870051538972013
0.402977428849505 -0.024237456799525 0.444788582196167 -0.027098190781351
0.327257248207421 0.169246215248641 0.611278881382323 0.306173051633746
0.396141144671195 0.174737254044872 0.381329920191336 -0.00430940281063161
0.440842634774642 -0.0656686834220603 0.133122825251876 -0.07969931343406
0.197798003088858 -0.317159265928803 0.0699990466769412 0.0480267303733718
-0.19788148886044 -0.341500619367353 0.0662934820111833 0.0767037398175886
-0.358892363161659 -0.129438314372114 0.186675903284005 0.0672508809578979
-0.355361269086173 0.09263293334215 0.232840037116402 -0.0488214429294095
-0.244387075078487 0.271398097684347 0.210920271763567 -0.123441033191649
-0.209487120078397 0.312903590688318 0.183419584159522 -0.162967245013373
-0.244320593474286 0.310211035287341 0.170954119099292 -0.154582158485925
-0.422795566719991 0.160906717516436 0.192042877169396 -0.100433984639621
-0.456153452233824 -0.142874316171821 0.139122425890822 -0.0176760080668623
-0.309805977396573 -0.446211797413951 0.0633980209156583 -0.073081303435017
0.243320592356884 -0.519008175644574 0.175736996978499 -0.141072573353099
0.602264980888083 -0.125730185251394 0.359329201775992 -0.0469857396055786
0.560266373961934 0.191001771404949 0.448076280165038 0.229437190207786
0.52871005727455 0.198777153278696 0.214838189513251 -0.0832335520586243
0.583153068554381 -0.132410227564486 0.0228853130131507 -0.0529095974005503
0.248177012525108 -0.440786592277479 0.0670026326289594 0.0567778450454704
-0.257322350161666 -0.446365240817692 0.0647316470679682 0.0385138356942939
-0.457015380073144 -0.172325553677118 0.11399425403425 0.0229604865043054
-0.451832875257479 0.104306693436358 0.101827105875134 -0.0161565754773236
-0.317160232473577 0.31876956346599 0.0916696745294468 -0.0148895750466764
-0.264027208257496 0.357262250251394 0.094402232353746 -0.0366689992274556
-0.293685047701477 0.347319981773435 0.0635477357482362 -0.0335893058843521
-0.493277984776618 0.183628479023462 0.0605925359727776 -0.0317000392113768
-0.537930210516973 -0.153815134341761 0.017521440818533 -0.0252039626833925
-0.391471306149614 -0.497035601542031 0.00326757192357743 -0.113532115187839
0.227834997140291 -0.625102199860163 0.122427815345578 -0.177061095751981
0.690449806476936 -0.21174082235157 0.232314457283031 -0.0475829487192234
0.693777491851053 0.170400032628373 0.224015064903691 0.147054289885858
0.59195635024058 0.190993073583895 -0.0102106608903259 -0.177802354242301
0.649880557302988 -0.18980214341104 -0.135169669799817 -0.0211317255974053
0.263309024161509 -0.513318530349944 0.0360671084572134 0.0659108962918298
-0.285611132206526 -0.488549713041096 0.0436571468239413 -0.00688705912133985
-0.489089143729128 -0.184354730863145 0.0106136075784079 -0.027002126083833
-0.480083155048827 0.105384753533545 -0.0578502790843996 0.0223506776009435
-0.341984702648333 0.321450278078634 -0.0472398895608341 0.100002368827656
-0.277076952129979 0.348698242706439 -0.00994629818403072 0.0953577750253799
-0.298539698342549 0.327715938524302 -0.0495048851952362 0.0910588586270241
-0.485283924807924 0.168336027569099 -0.0744389222261453 0.0462634076211544
-0.52056724244986 -0.147331341538554 -0.108962329385786 -0.0206217666973695
-0.385314190006074 -0.458573483508865 -0.0608969547439747 -0.137125369408485
0.184866609255118 -0.603296698927217 0.0581082104500848 -0.187278992600519
0.652915350761589 -0.236959086205667 0.0948772202756605 -0.0267880615203611
0.702455600477258 0.131691263077242 -0.0192562556277579 0.0752062636789065
0.561317897223799 0.147339014264088 -0.259513812318102 -0.268904336846051
0.598459861493009 -0.208893832402525 -0.307385468298517 0.010689065163937
0.226823980034173 -0.481287300591499 -0.0179259271036877 0.0678514096695212
-0.255478743877505 -0.42908304623731 0.00522560713781862 -0.0486801475646209
-0.426038183791406 -0.162171880751811 -0.104364866691848 -0.0695867827074569
-0.419531264839629 0.08878955619552 -0.216004507626103 0.0647105558885079
-0.30773667116029 0.273994964825695 -0.181587002533159 0.205278734245539
-0.249881754619452 0.285737141018845 -0.111589272448187 0.213806953028602
-0.264234992567983 0.256137974707865 -0.152728637768768 0.197882609145722
-0.402079812480061 0.119408586768576 -0.192287204117137 0.111783384883502
-0.411205642743679 -0.130823132244408 -0.209941059424831 -0.0182265286539783
-0.291165246638773 -0.35198625519742 -0.103409087074159 -0.147266197237794
0.134033580966256 -0.461208159809552 0.00730393565476402 -0.175126079813091
0.514193681114863 -0.19668234972703 -0.0189648512835395 0.00129681557493167
0.59644096601175 0.0802112136780162 -0.231811034877413 0.0198681993418411
0.42837746978587 0.074517328710394 -0.483647198301604 -0.336636845244841
0.424885823113473 -0.181377329235882 -0.452017136350752 0.0327805089110647
0.139353702037499 -0.344689741422592 -0.0825216558908993 0.0656147790020733
-0.169601133517852 -0.27625765220025 -0.035175707260814 -0.0701067743976567
-0.275332325972979 -0.10861412643164 -0.196030194979543 -0.0931580632997903
-0.282095442920428 0.0535412910046126 -0.335050099272521 0.101816117569854
-0.221376322563821 0.178191299280512 -0.284827520701412 0.281842481146409
-0.184332188826939 0.176997659692571 -0.19587814557668 0.300305546390982
-0.192889560859126 0.148369059140147 -0.234199247420684 0.267423563811015
-0.268994813479278 0.0530138151150079 -0.278686258082348 0.14618714993749
-0.247740285833881 -0.101857336977185 -0.269046607158463 -0.0283280902547896
-0.153826938137817 -0.210828546353698 -0.114557474706268 -0.149136319182389
0.0763783486084424 -0.265046442666805 -0.0190601452685385 -0.15009148509698
0.318316952818162 -0.127494184187464 -0.0899665215105807 0.0228846290222159
0.413013934057142 0.0223072858953207 -0.382003612931256 -0.0192014261725549
0.215679863475032 -0.0108277657001599 -0.64285671970089 -0.365645128874106
0.171806501031482 -0.120092928465635 -0.539743400568392 0.0522923263196045
0.0203471643639661 -0.1427020973753 -0.142490481112725 0.0710779092060055
-0.0557769610395406 -0.0732641834379726 -0.0626423228965184 -0.058600477919886
-0.0793449390694395 -0.039539690269522 -0.240193139280009 -0.0912099671308615
-0.0991436010067371 0.00527231367480592 -0.390021130085756 0.124320410996963
-0.100649741884975 0.0496351015444492 -0.337614834193434 0.31649092044974
-0.0925477378480765 0.0417409361771902 -0.247194929482087 0.342915329248097
-0.0971548497645059 0.0255599306463156 -0.282928224634935 0.294739358469115
-0.110259661401686 -0.0090590749311959 -0.328134540039295 0.148352177677933
-0.0745794980195462 -0.0534446142848419 -0.290176459654342 -0.0497207164556233
-0.030648189013086 -0.060189499211366 -0.104091296645076 -0.144363668912733
0.00463934172608045 -0.0794604661607626 -0.0289640200649153 -0.118600891406207
0.107627980906993 -0.0711454899678769 -0.124387630635633 0.0313413775423187
0.192549959629503 -0.0371512874553753 -0.457817272454235 -0.0439128832874714
0.0340294378888252 0.0751573154349674 0.501031857572592 0.0437184863321759
0.0966753286468196 0.0360911755882383 0.189618275972053 -0.126878230734932
0.0583308845329843 -0.0696739011958066 0.0252631044310259 0.0552615261276171
-0.065995906012249 -0.0861286360373758 0.069647478626901 0.133673876123493
-0.0912236262748172 -0.00907211942570501 0.261926794131578 0.092233102778224
-0.0652182945063703 0.0446021031196041 0.360683608495109 -0.124220495335273
-0.0149946515110108 0.0798385255497557 0.316710473532717 -0.282491690508102
-0.0107889729246471 0.100197930880723 0.2569330627327 -0.332656137380973
-0.026697149169769 0.102941856692323 0.291686971122179 -0.311429466518088
-0.0899625276969609 0.0613533539218956 0.344130410601028 -0.174384289327786
-0.116295977271841 -0.0269017891256817 0.28068312629437 0.0195047260735603
-0.0654417045649799 -0.121559555731112 0.114146466860219 0.0281355945894492
0.104072849617749 -0.0984011015930086 0.192604267979538 -0.03851606803751
0.125661211274223 0.0565283666376653 0.471104094291679 -0.0190304958123611
0.0364069318754699 0.10474321746415 0.686107767554682 0.341547723332218
0.223654059697025 0.12458663582644 0.47207944952961 0.0293698621773821
0.268171788085309 -0.0170333352801594 0.179588687646623 -0.107870917419066
0.123661781787903 -0.190442201125192 0.0545849424334598 0.0430353491174147
-0.139063088630767 -0.209406867275911 0.0641723238201076 0.104913764941387
-0.231774231039801 -0.0627153341105384 0.232153766314686 0.0848392708141407
-0.215854826743562 0.0803286117487859 0.316060725791888 -0.0908478750064756
-0.129397652662453 0.191337431115954 0.283126063506228 -0.220763292136089
-0.112181647288229 0.225634686998984 0.235531600934645 -0.271552951286623
-0.142741540694165 0.227071780612502 0.246450557753405 -0.256110572723693
-0.277321072259746 0.12332321566181 0.287191669428482 -0.15650161207315
-0.309233053748334 -0.0920653981522202 0.231296124558136 -0.00587294545592238
-0.195721444431521 -0.305950712636974 0.100660973983169 -0.0236593465166652
0.194820488404405 -0.328847102099344 0.198062167261498 -0.0917829356269521
0.400113197918972 -0.0331566998360579 0.439653522841229 -0.0404257672084481
0.325568053903945 0.160674244155766 0.613496232899554 0.288587824429377
0.396774232139625 0.166340178133451 0.376166577459391 -0.0175840536264726
0.43559496933877 -0.0775178886744958 0.126433128729531 -0.0832125850230018
0.189009023612768 -0.316323707434079 0.0742312392478267 0.0436591772031157
-0.205805567575604 -0.330475565855907 0.0681917327740482 0.0722807518343534
-0.359630467615893 -0.116175456004051 0.186380627430063 0.0559980007730215
-0.350991372339415 0.104764999113688 0.228921420465791 -0.0565609798770807
-0.233428577738652 0.276444332961101 0.20625491396684 -0.129672642149944
-0.197836482632227 0.318713587399563 0.177122121185073 -0.167785632778377
-0.23170727903401 0.316088237656141 0.165017160464042 -0.158438996014457
-0.416127356911315 0.175613911395813 0.185125564355982 -0.108902754911451
-0.46158844779725 -0.127709068534785 0.139476083777838 -0.0241342426655368
-0.322995530647235 -0.432842422062395 0.0609342229342099 -0.0766334910860525
0.227734204811314 -0.521924237918452 0.171470957629441 -0.144938968657162
0.597530006447766 -0.142487696060361 0.354793323921422 -0.0585542574951496
0.55741090484985 0.176053729005675 0.451596773797692 0.215842789770516
0.528338608570778 0.188543894213224 0.208856642653457 -0.091750980799196
0.575030992334188 -0.148671543294118 0.0177811562142787 -0.0535268126464608
0.238299748336772 -0.441077616178686 0.0720334381452616 0.052888032055486
-0.266533221480065 -0.431946459293376 0.0661068346964186 0.0342196504974796
-0.459319914244919 -0.154880901819403 0.112216495077906 0.0120454229546532
-0.445430237179904 0.120652595604186 0.0987054739368975 -0.019212468539106
-0.30331215516499 0.325634086382187 0.092712572587806 -0.0172594719626922
-0.25078433805502 0.36335167305212 0.0919771797973676 -0.0403674731694219
-0.280337385959283 0.353515762501847 0.0635360266489507 -0.0349508725216642
-0.485765873205199 0.200155891158092 0.0570977564501718 -0.0364446599683386
-0.543410569740676 -0.13538416543542 0.0170467498760754 -0.0271200861106641
-0.403407909194336 -0.479738290038774 -0.00103924923967754 -0.116673457821176
0.209044315605033 -0.625550298971789 0.115813030509313 -0.179162399533033
0.681137575884375 -0.22879970167668 0.22914533944764 -0.0554578055801085
0.688223900462547 0.154363874777138 0.22905317563248 0.140337474798047
0.591959017641928 0.179123549342691 -0.016231924727764 -0.180643036011917
0.641282596422644 -0.208274213737914 -0.139058883900724 -0.0172028587197755
0.250408480827895 -0.514656245257991 0.0406740186184184 0.0635624589339303
-0.295933932842524 -0.472503661447809 0.0444561121197893 -0.0101652375280014
-0.490903905219077 -0.166592349565379 0.00722728049006484 -0.0349779714932173
-0.471768930508654 0.120947583126953 -0.0586318641021013 0.0252561764085132
-0.326844288127406 0.329334535187498 -0.0417595272335653 0.102160478826854
-0.263775066309411 0.35591105193497 -0.00751179383115367 0.093110559728394
-0.285699741927937 0.334743420917006 -0.0457674542492142 0.0927911443012814
-0.476238711326725 0.185302263156345 -0.0751209398386972 0.0464029171673332
-0.524703802467935 -0.12785191214611 -0.109282373678593 -0.0179336061682656
-0.396356268827413 -0.439880156686392 -0.0654972019747601 -0.13803249865461
0.166392631636577 -0.601104079077386 0.0500030146355463 -0.187171858252183
0.64339018643388 -0.253380930705476 0.0932255496814707 -0.0313430170516111
0.696273434350294 0.114333177822771 -0.0120739234140829 0.0758799250612126
0.559780587960353 0.135000703725281 -0.265359719669744 -0.26497825180993
0.590102834388115 -0.226102115195016 -0.307981565017005 0.0190611658864504
0.215438616262212 -0.483557252016747 -0.0136510895477749 0.0682539558298403
-0.265176194484483 -0.417901362353883 0.00556668302308671 -0.0506322580127232
-0.427424925870433 -0.146744140007575 -0.1082133159111 -0.0734493139008924
-0.412710441321455 0.101570211587697 -0.213721621689864 0.0730904664733213
-0.294725553444305 0.282377478101108 -0.171010223803375 0.211177983208153
-0.239105664454994 0.290796694381576 -0.105390985283674 0.214120434334512
-0.252476277582034 0.26233256047989 -0.145096444166819 0.20135415472599
-0.3964485117054 0.132189960495521 -0.189504706248658 0.115392442860733
-0.413656496775965 -0.116747856441674 -0.20984009071046 -0.0121100403302196
-0.298822440378126 -0.337398226885574 -0.108688488168986 -0.146436572956628
0.11941461295598 -0.45752542240599 -0.00110124422637998 -0.173575000508024
0.506481019783033 -0.210362750766633 -0.0182040901341268 0.000451368472959586
0.590630638448097 0.0646337037761023 -0.223842105847822 0.027034807378494
0.426661182217167 0.0650073172966818 -0.489353011750149 -0.327523426048511
0.419381520362292 -0.193932737042581 -0.448285215774527 0.0454306491878499
0.130374878009207 -0.344914752918387 -0.0794661909101251 0.0682454820369638
-0.175603684050752 -0.269843440234271 -0.0357161973763113 -0.0705520153229955
-0.276833420562597 -0.0988722660259856 -0.199670791547169 -0.0920637746661489
-0.277812122763596 0.0620280710537901 -0.330326916055214 0.11418157295792
-0.212738117936478 0.183305627622703 -0.270551535470812 0.290842476170661
-0.177339154218297 0.181964235438207 -0.186131692631837 0.302447065174745
-0.186802033470057 0.15369230751863 -0.222699686748064 0.272981773254732
-0.265405504960619 0.0611908083078275 -0.272894397938165 0.15481567747154
-0.24857365719075 -0.0928460456930833 -0.269749100700815 -0.0194075830433436
-0.157187035203603 -0.201174465225438 -0.11984256673083 -0.147074435014245
0.0677282921783382 -0.26239614618396 -0.0269534581611084 -0.147902717997212
0.312635128460784 -0.135811395963918 -0.0872446454590118 0.0245812944954011
0.408819536385611 0.012597738075843 -0.373010992202308 -0.00862683053608704
0.213650964209499 -0.015096679665531 -0.645937819054905 -0.353749451723501
0.168728063516957 -0.125312031758542 -0.536099993340158 0.0660578802765546
0.0174940228450307 -0.14264101825882 -0.139126563075459 0.0758249203763068
-0.0570080170632432 -0.0720006833346705 -0.0626313444414656 -0.0577905215682399
-0.0796749103933928 -0.0370573714057369 -0.243128135658235 -0.0869863117637836
-0.0972646884440424 0.00825149123531963 -0.383013188153631 0.136655938959214
-0.0978657046519138 0.0517562059133412 -0.323187580693822 0.325383698490378
-0.0903529378511876 0.0448177097490756 -0.236405136834964 0.346427208894346
-0.096218431853729 0.0286814512061919 -0.272504916000264 0.299771897741588
-0.109716628365783 -0.0054292571192379 -0.321769508886644 0.159014856141224
-0.0740966496930439 -0.0502826805047353 -0.291140218591721 -0.0388875519071845
-0.0297164129903376 -0.0563164982458972 -0.10961041183159 -0.141235217526677
0.00129493435166024 -0.0766599697179459 -0.0359822048561071 -0.11626376917378
0.104549825778441 -0.0747686935519437 -0.121376534067894 0.0346116858790328
0.190738706326518 -0.042390279614595 -0.449874226959298 -0.0298463458460062
0.0341809417063387 0.0748869651708819 0.497160390816583 0.0361380505291378
0.0960305253004455 0.0350805980401054 0.182908713607622 -0.129167760268359
0.0568500831695823 -0.0683351515831139 0.0275350799409296 0.0529258396767548
-0.0676846950925274 -0.0825401669525618 0.0713976124786131 0.130657264695139
-0.0915674584385971 -0.00611573782371948 0.262878369405444 0.0864953143460788
-0.0652480908549602 0.0468388814013767 0.353072544308745 -0.132260116543791
-0.0138298148148274 0.0799386646291647 0.306143595865367 -0.29031406732684
-0.00794717465258423 0.0997975037770753 0.249740077896486 -0.335861111632386
-0.0240985885004474 0.102712121718188 0.283021270520973 -0.315349981595388
-0.0882045712540901 0.0638251329089894 0.336789637889154 -0.183136471231143
-0.118415543435829 -0.024545424704416 0.280737583689042 0.0126980994586653
-0.0679007275814556 -0.119420282696545 0.114425130651732 0.0266730090168883
0.101752411782421 -0.100639615666065 0.193292388255022 -0.0414242915207687
0.125510121934273 0.0550124542347388 0.465994662056407 -0.0269344462683113
0.0360330531661119 0.104083996469618 0.68262599872384 0.330349077241878
0.222914813042932 0.122777526141327 0.468368942997274 0.0201801120429059
0.26537534352793 -0.020452459798448 0.173352588573593 -0.10987811940669
0.120184165777378 -0.188406529569856 0.0575231461560254 0.0399292288749507
-0.141453775764316 -0.202244429038509 0.0652149715169228 0.101822823301906
-0.231393436500514 -0.0568281817768034 0.231061807851039 0.0765312530869873
-0.213310697264211 0.085505619095874 0.310535296487535 -0.0974575149559325
-0.124229768395517 0.192602198030729 0.275870086410839 -0.226265821249798
-0.10623050261882 0.226250712498036 0.228594779331375 -0.274557108231554
-0.136172746789711 0.228074222016435 0.23991856208486 -0.258437184584836
-0.272429972978565 0.129890080469825 0.280672624630854 -0.164399326205659
-0.311983303228394 -0.0842863700094285 0.2310489597617 -0.0123543311459783
-0.201630856116889 -0.298358971765817 0.100010440903716 -0.0265038910082964
0.187397845795489 -0.33100220533982 0.197401686968787 -0.094541658347943
0.397682771941982 -0.0405830641510934 0.43530018044159 -0.048854768223174
0.321583319792181 0.157068389326913 0.612271571518321 0.278839945513518
0.394718533539316 0.163343585192369 0.370602625576462 -0.0260559157693571
0.4309736877358 -0.0847018800393025 0.120148293243654 -0.0844374868625858
0.183486688801602 -0.313735621545944 0.0777098937931934 0.0394914136132894
-0.209533713275576 -0.320277078937079 0.0689327426941528 0.0689220001303102
-0.359750819220824 -0.106989245585036 0.183662383411726 0.0467886658712031
-0.346011614584715 0.112356111478871 0.224490042229108 -0.0613991387587878
-0.224280161034361 0.279243190230273 0.202688217344027 -0.132943936980505
-0.189499056693732 0.319778004171847 0.172260712063315 -0.170905457556879
-0.222116929900103 0.319516047343429 0.162071574289333 -0.159809549398559
-0.409141348633086 0.185588104326371 0.179653677838632 -0.114911204822882
-0.465065263367256 -0.115331803945796 0.138434992165918 -0.0292003018865406
-0.329608072114723 -0.421611063052629 0.0582028308369903 -0.0790141839303506
0.216930072251581 -0.523133767348587 0.168574100541483 -0.147031007955694
0.592354218019396 -0.150745775087028 0.351246234961986 -0.0654175615408585
0.55200821552296 0.169974767377315 0.453111564116611 0.207449446944669
0.526545539768952 0.183804373816585 0.203417148555006 -0.0971847069759707
0.568437995644919 -0.158270814276339 0.0122582079402161 -0.0529008616931945
0.230206821725927 -0.439393008307983 0.0757693180864372 0.0490978716506394
-0.27201853977905 -0.420016037516054 0.066551914103408 0.031475662844121
-0.457439985174478 -0.143788347899401 0.108806823573574 0.00317797646470954
-0.439793860423025 0.129662498523444 0.0964305739212481 -0.0209094560007046
-0.293624835794531 0.330230084928763 0.0928288333879157 -0.0182051817517924
-0.239736607103929 0.366387758256782 0.0898905489152507 -0.042642690977637
-0.269196246543577 0.35710650099809 0.0630388447613981 -0.0358246873326874
-0.476938134607051 0.210113080473739 0.0525529749496239 -0.0395467071580537
-0.546271393663318 -0.122286547474275 0.0163556598123358 -0.0292338628371614
-0.41031957367493 -0.465943615465039 -0.00437826197187895 -0.118490585082322
0.195873583809662 -0.625448554081742 0.111588432748978 -0.179930743996211
0.676437340438877 -0.239998695840305 0.225487120666447 -0.0612229949909218
0.681592225408339 0.146131408685036 0.233019580514099 0.135235543610886
0.590269567028925 0.172873534251929 -0.0216043722376349 -0.182473024999648
0.63427190441701 -0.21797877037002 -0.141386930676182 -0.0137941368357486
0.242869556298497 -0.513596018307062 0.0452346360829184 0.0604076151378671
-0.301464501747826 -0.463231124022191 0.0448989780086703 -0.0126653475462995
-0.489945958284747 -0.155830142362035 0.00315256462272229 -0.0418722500049847
-0.465354625145686 0.13069947929363 -0.058919292794917 0.0269602291198191
-0.317184684336056 0.333637686100252 -0.0358852377825287 0.103909989936666
-0.254834720135216 0.358264067549216 -0.00692224001172999 0.0918228943121714
-0.274454022469151 0.337350976921239 -0.0418247355773497 0.0929678743277868
-0.469299206593938 0.196454945361845 -0.0763311929021349 0.0456045399858941
-0.526691284538809 -0.115172230577996 -0.109095596219866 -0.0172480977890378
-0.402146402803571 -0.424932880847397 -0.0694260212616347 -0.139092067360192
0.154704850994901 -0.597686308660328 0.044553954611756 -0.186555154005326
0.636139004575432 -0.261970953125104 0.0919083588711851 -0.0350030937453826
0.687737663496216 0.104535268552639 -0.00619586180966564 0.0753472156613636
0.557093234005468 0.130458988452675 -0.26917481031739 -0.262337937901198
0.58239611714952 -0.237498012918358 -0.30844488629978 0.025120136808365
0.208442448701331 -0.483739465766688 -0.00928576399886565 0.0665609415065984
-0.270622608277828 -0.409002516530105 0.00540766149591131 -0.0524796125304159
-0.426792025586058 -0.137152278973373 -0.112922874169674 -0.0771431385363326
-0.40667498659173 0.110483700293787 -0.211078016372441 0.0783821393025808
-0.284358632938576 0.285025599845234 -0.161842049864226 0.215218830635866
-0.229946820625017 0.294004071627054 -0.101493464323402 0.213073517202071
-0.244980849818172 0.264309231659362 -0.138552482564577 0.202414168008041
-0.39094265414039 0.140687566804606 -0.18810970481508 0.118514247715924
-0.414540476836013 -0.106139584105489 -0.209636308667398 -0.00749008027411466
-0.301318935412794 -0.325587038569847 -0.11276142495666 -0.145914821713263
0.110961445370301 -0.455999872012758 -0.00727837093820456 -0.171577186878631
0.500887413770339 -0.218660481365076 -0.0175664854693266 -0.00126752825887004
0.58387036145801 0.0570634691478574 -0.215960143555615 0.0304386111776881
0.42487799656194 0.0604214770858834 -0.490309899345015 -0.322874489856065
0.414412107750966 -0.201268193420809 -0.446116943424004 0.0535213961600655
0.125044956958612 -0.346313064008535 -0.0754345392137137 0.0690612707763781
-0.17858785145889 -0.264516561365089 -0.0362319955728625 -0.070840730427196
-0.276480251620384 -0.0929422246296683 -0.203572847025399 -0.0930406313216106
-0.272882081498982 0.0670581225229417 -0.324440931423795 0.12112507011902
-0.205865848460813 0.185617175506388 -0.259640417413728 0.295995056192963
-0.171105001529689 0.184729577573332 -0.179897982130199 0.302744344794016
-0.182096093671134 0.155414922389861 -0.215155736730453 0.275889717829298
-0.262532276587408 0.0668031191692353 -0.268765592305206 0.159602589861901
-0.249007130099982 -0.0865411616976788 -0.269110200800229 -0.0131329639869138
-0.157559000938623 -0.194086789151851 -0.123543839359476 -0.146034983185
0.0614666800043107 -0.258532456474578 -0.0329295686313496 -0.145461551694041
0.308258032364138 -0.14112185418476 -0.0853291657363653 0.0246787492641308
0.403382668157636 0.00814645810634733 -0.364121098989736 -0.00199792964064339
0.211356552825416 -0.0171589873409256 -0.646071782820811 -0.343623613556066
0.166290823675507 -0.129169558257744 -0.530346391008311 0.075999867276724
0.0148382670133602 -0.142983570898532 -0.136784491572659 0.078878605110735
-0.0570330358835873 -0.0714369344101246 -0.0626697437574584 -0.0580930403122684
-0.0795864471230143 -0.0352427790674211 -0.244512968633729 -0.0846747605324312
-0.0952538514426521 0.00907089961851857 -0.375322490458105 0.145365355634241
-0.0950925437021489 0.0529757070187742 -0.310848029004395 0.331130358128768
-0.0885836135399533 0.0464193401065011 -0.228973484361173 0.346613997812251
-0.0951014539835367 0.0304223400482983 -0.262873928720837 0.303181113705067
-0.108890812366471 -0.0024743857942658 -0.315883327664074 0.166642690317926
-0.0733414822171359 -0.0485155259202942 -0.2909918798513 -0.0311764330352265
-0.0289010687267925 -0.0541641274202283 -0.112259592679241 -0.139037704069938
-0.000419893953873172 -0.0733735063362134 -0.0410554818420376 -0.113983022640276
0.102414820291428 -0.0764668462782055 -0.117792109614964 0.0357230454300037
0.189486434798802 -0.0458010727396367 -0.44188396899172 -0.0210762332018829
0.0335678361534747 0.0755621794227136 0.496447026982724 0.0318197734866622
0.096922567586985 0.0363573430089517 0.179970651155572 -0.130305777384073
0.0573680201163858 -0.066765434510997 0.0289433454062684 0.0517752971208533
-0.067750381601683 -0.0802432978628065 0.0722952584459256 0.130239289567722
-0.0922705871487022 -0.00443415082284305 0.265076557210026 0.0839671317815651
-0.0661661111135392 0.0493935278003582 0.352818419569598 -0.137780127931658
-0.0133832282742275 0.0812421878211773 0.301321745887482 -0.294284740432828
-0.00637079327559537 0.100147667578319 0.248315803855865 -0.339185679144412
-0.0229196376390681 0.10395401155576 0.280733261326249 -0.318261261794319
-0.0880202308810652 0.0657931705118519 0.33605941545109 -0.188244035592193
-0.121577190226019 -0.0226214326857146 0.283260888914135 0.00849676800277248
-0.0704337471274735 -0.119149121383035 0.115679309027733 0.0259548159156061
0.100888920699575 -0.102813341684941 0.196214598226673 -0.0429836344016963
0.126278662306962 0.0551675162145018 0.465602396919575 -0.0303139707188859
0.0340499239919924 0.105653144704 0.682015196857053 0.327307019840339
0.222321910222123 0.125236666905519 0.46745078097063 0.0167596285351685
0.265167718132119 -0.0213339038430055 0.169706135655156 -0.111009243618611
0.121080975438352 -0.186267346847108 0.0602389579131433 0.0371370655875344
-0.142036851071962 -0.198884516714124 0.0655820603878081 0.100487625068953
-0.232202037392981 -0.0538034840568097 0.231401150128701 0.0725264403891401
-0.213925700190465 0.0897855219957423 0.309146686735593 -0.102612172304991
-0.122901414042151 0.194630120458082 0.273858269475493 -0.230449776088779
-0.103400216237279 0.228282110305574 0.22656608079565 -0.278555013420744
-0.133195147425997 0.231056832584857 0.2389555675124 -0.261952888790929
-0.272010754142258 0.134743369709512 0.276638309430499 -0.170205887449104
-0.317687163969985 -0.0804546161568975 0.233313258124488 -0.0174343477991442
-0.204508017317591 -0.295642858063513 0.0996362764972615 -0.0287481291056152
0.186935492228238 -0.33333808687229 0.199260056500314 -0.0961991601563774
0.398794410529578 -0.041507093033104 0.43484481756362 -0.0526182613860524
0.319318296772051 0.159084794541555 0.613088800151947 0.27634130443594
0.394579117494499 0.166264290331192 0.36846886404771 -0.0279604186569175
0.429340642011168 -0.086406040245593 0.116367061623319 -0.0852171097415839
0.183709401866251 -0.311906487797979 0.081589338400246 0.035974837000067
-0.211188418177056 -0.316537229104069 0.0696737947740348 0.0682212328650569
-0.360614211498325 -0.103054520897563 0.182429581846288 0.041686527291349
-0.346914461761206 0.117824504483268 0.222992484981685 -0.0644000068875838
-0.220999418072971 0.282398047679688 0.202516960198057 -0.136313795319247
-0.185235202950664 0.322607106183754 0.171270619214829 -0.173093352862304
-0.218548317736935 0.323627466621227 0.162199546426894 -0.162038843618481
-0.407732976892088 0.191653053916944 0.175600360282763 -0.119550678556258
-0.471556183019176 -0.110135063816877 0.13914682291853 -0.0329954754325657
-0.33325688691337 -0.417574335759968 0.0567504689026763 -0.0823623415900221
0.214431775133496 -0.525767873518841 0.16872747016629 -0.148714216291651
0.594444712926312 -0.154240071614306 0.35072061033463 -0.0697021863695514
0.548611570360147 0.173108033113339 0.455633938714904 0.205755725714134
0.528109370269096 0.186435483715895 0.200112262503409 -0.0993274039426215
0.566376299335602 -0.162032276955896 0.00893726077232503 -0.0520726836873711
0.230887713697499 -0.43813575509556 0.0795815015414591 0.0454071037156831
-0.274739102738715 -0.416210844321082 0.0667444682449809 0.0298100618801972
-0.459669136191675 -0.139544816798595 0.105181760288816 -0.00244407228461391
-0.438985375003853 0.135319296607737 0.0955841160261142 -0.0213817773869363
-0.288589968012651 0.333155452173344 0.0953967384161587 -0.0187509303560705
-0.236875906029893 0.37058400159889 0.0887638572357316 -0.0446354217707286
-0.265157007137395 0.360270242508148 0.0641371548317321 -0.0363510114362785
-0.476960021002486 0.218694427504097 0.0491626579079333 -0.0423917355114033
-0.551982299057383 -0.115375043283521 0.0164401048529934 -0.0317580452984316
-0.414063109452898 -0.459992157517379 -0.00754842010237391 -0.121613471057175
0.194029632154956 -0.627300261656752 0.109522044178266 -0.180965111756336
0.677363358843535 -0.245466833193897 0.225487256380581 -0.0645128617149892
0.678855190656744 0.150081964488438 0.237283987051403 0.133420710604862
0.59133851782118 0.177553713647868 -0.0258406517105225 -0.185264511144939
0.633323103588586 -0.225195994684683 -0.145443938618592 -0.0119739612937123
0.243085293662489 -0.514189889929665 0.0484143847036466 0.0573249350790487
-0.303447742383545 -0.459365426952257 0.0445735730102165 -0.0138193645952425
-0.492559733960708 -0.150338649836242 -0.00188244601612832 -0.0471873710843774
-0.465443061114497 0.136023315662817 -0.0593041351202907 0.0286745399659238
-0.312645912701339 0.337080022096587 -0.0316652849729086 0.105108486809873
-0.251373740181093 0.361783396317982 -0.00750877642490063 0.0916414027216177
-0.271947202988202 0.339858812755142 -0.0400949824863715 0.0936820398676991
-0.468504561052526 0.201203862659493 -0.079466673336436 0.045632281903023
-0.531379543835049 -0.108675657231515 -0.109583066818423 -0.0173758666475613
-0.403798142400197 -0.420409635740186 -0.0734196670506827 -0.141815657547366
0.151431752985027 -0.59777693920845 0.041459265608522 -0.186494790715552
0.637377799731434 -0.26704981300491 0.0907911907305508 -0.0374288786650677
0.684793778282849 0.10714541094868 -0.00131835853939806 0.0743736865539511
0.558709696232507 0.133119134515036 -0.275354868380505 -0.265463596774652
0.582733006864456 -0.242910799280513 -0.311593164274166 0.027278217121567
0.206797999826674 -0.485720567695259 -0.00673167049452009 0.0643465746928835
-0.272677511500031 -0.406403138889561 0.00529940190231194 -0.0544012543957035
-0.428999977482092 -0.133528776241206 -0.118079632326867 -0.0821743840538689
-0.40690769534785 0.114343220779325 -0.210326121329272 0.0821217352515758
-0.281516266941196 0.287507079606592 -0.154863748899176 0.218934791767183
-0.226648034077143 0.297893949966291 -0.100850462200418 0.214923908290197
-0.242528099154275 0.267100952382045 -0.135883822042673 0.205033013833666
-0.390362207886048 0.146648944710441 -0.1890589536944 0.120245194619985
-0.418893346273003 -0.0991967285234508 -0.210066528550732 -0.006496197168804
-0.302822124631711 -0.321254219598381 -0.116571257665981 -0.147552007930919
0.107637633052195 -0.454730106308798 -0.0113375314301893 -0.1713253933416
0.501252399717367 -0.22289230852458 -0.0178086103622129 -0.00273564188598614
0.581010517317811 0.057114189737893 -0.210442193905767 0.0307798964540232
0.425200097343861 0.0624164438642176 -0.494397996724503 -0.324015403000969
0.41287937547308 -0.207579867046139 -0.448574845441806 0.056031306841836
0.123501381882295 -0.347925351122106 -0.0740177557698756 0.0675685397969269
-0.180984767665735 -0.264033904500746 -0.0362643033611453 -0.0729111423432105
-0.277747001569421 -0.090976239520801 -0.208493518082827 -0.0955583811683627
-0.272134331606902 0.0689350033485743 -0.323778596017861 0.126981909056304
-0.203840898178644 0.186630827821043 -0.252443460404062 0.301921430697195
-0.169757040293712 0.186705960380064 -0.178047854373193 0.305832686662856
-0.180685909277212 0.157307409610971 -0.211843418257255 0.278038713135644
-0.262669295881563 0.0697727308884589 -0.268508935728841 0.162862562106827
-0.250073904539857 -0.0833748260594291 -0.26944065653589 -0.0106290348977858
-0.15708647379713 -0.190944689945321 -0.127196852703836 -0.146485151846682
0.0600891239821694 -0.257845825435843 -0.0377653588123507 -0.144552087916298
0.307869666041633 -0.144639200632383 -0.0849266114375975 0.0237949872392995
0.402895320977115 0.0060600156037647 -0.359459476281061 0.000120368051344904
0.211770111512078 -0.0168644377136221 -0.647624168924214 -0.346749047667302
0.165742167215959 -0.132362543588461 -0.532213859270044 0.0787856521571896
0.0135505948542673 -0.144030623220865 -0.136844366422509 0.0793033086786351
-0.0582350374388323 -0.0721160908055451 -0.0631510430101689 -0.0600787615654693
-0.0798995595591553 -0.0356309839028537 -0.248119171237975 -0.0859513934568678
-0.0952224600204133 0.0086064781413945 -0.374713346148778 0.151953716068909
-0.0943708318117049 0.0527893665551934 -0.304773023246443 0.337887524217937
-0.0879874720620588 0.0476096489839006 -0.226022444632753 0.350224296532753
-0.0959170864522211 0.0313263740647656 -0.259832634959109 0.306658247125106
-0.109726540572017 -0.00153901508986917 -0.313983578334198 0.171696291893535
-0.0727137454011845 -0.0476133597376483 -0.291410498470461 -0.0264964879702664
-0.0274307576063426 -0.0529748583988775 -0.114870580223562 -0.138446907221254
-0.00174186907469069 -0.0713686174453694 -0.0447311762670677 -0.112782871448642
0.101811064674468 -0.0784954657834163 -0.116874031683078 0.0355658687354591
0.189256794907174 -0.0477131601941455 -0.436899574891004 -0.0192226564223009
0.0339031501282367 0.078329740773441 0.506697630494701 0.0317034340452627
0.100683390388422 0.0382030165366432 0.18027984323952 -0.132936252873946
0.0601941072480061 -0.0662877983137915 0.0322638945369395 0.0521042054487271
-0.0692801356934678 -0.0799472310520382 0.0749843925544518 0.132540308376952
-0.0942688074059771 -0.00279564540198818 0.272202777891666 0.0820663954450688
-0.0677939494157047 0.0530747922081527 0.356969085328758 -0.145660988676002
-0.0130473860904776 0.0843091152572124 0.303282029540986 -0.303714105729696
-0.00492156425469014 0.102696664781332 0.251663713390835 -0.34886873232528
-0.0212693415164672 0.107131130050431 0.284493162122064 -0.328129503653676
-0.0893438869017716 0.0686159629572984 0.337717139598089 -0.1972632964646
-0.126521064806628 -0.0206789235238415 0.290246040869811 0.00411979805381041
-0.0734069922591271 -0.120613658659609 0.118280107957009 0.0260665906344194
0.102431626488473 -0.105491550139709 0.20293925303505 -0.0456341525610635
0.128982219056309 0.0570014754106707 0.47432056777852 -0.0334454481106683
0.0330766130296865 0.110100022310101 0.693670521504106 0.332998676376018
0.227081166597111 0.129781822837926 0.474433413380106 0.0150333776594287
0.270026799094695 -0.0219092461197061 0.169578647608363 -0.112472730307511
0.125073693102223 -0.187628720773928 0.0641502643757698 0.0354532963331296
-0.144002093842409 -0.199635971164745 0.0679588947963081 0.102388482815774
-0.2379292433545 -0.0520695913297024 0.236591403548152 0.0706364830957694
-0.218287054564863 0.0955647264389069 0.313368242292878 -0.108237893247756
-0.122639247852708 0.200404829755618 0.276230209473114 -0.238457281130703
-0.102828057336429 0.234484704000341 0.228545844870239 -0.28679665313716
-0.132695278129925 0.238334158016703 0.24214577766162 -0.26972243781297
-0.276519607226934 0.140897064552337 0.278270535452099 -0.177970312888713
-0.327778796564088 -0.0776203690886326 0.238514376674102 -0.0223042794788973
-0.211986374660838 -0.298609532097882 0.101286697233819 -0.0311339103676891
0.18929683430558 -0.341161281057422 0.205387062211221 -0.0998329476351777
0.407688881023306 -0.0434439474462867 0.442161223548778 -0.0570006034173018
0.323980502669555 0.166238109647398 0.62448707252126 0.279125103823422
0.403459721118122 0.173020703447699 0.373174015568501 -0.0307216789236533
0.437284937021894 -0.089945194283118 0.114525436108223 -0.0853362161578231
0.190079787933516 -0.316023952126965 0.0861043590054975 0.0334730032725671
-0.212995529116258 -0.31855974394384 0.0709429413132955 0.0689568198704142
-0.368714564705446 -0.101608812359974 0.183244943159228 0.0383790705928863
-0.3531128393872 0.125348515246887 0.22591342968948 -0.0678106333858163
-0.222947874090067 0.290466422334627 0.205950832163697 -0.140399567825991
-0.185298406488811 0.330823582794248 0.172857922241942 -0.179557603474203
-0.218342018364274 0.330693594953572 0.165129405224469 -0.167120204576591
-0.416782995456391 0.200936597006262 0.174660695482972 -0.125062562356824
-0.486065103761573 -0.105870049044384 0.142359022567478 -0.0379480611416892
-0.343803052224417 -0.421395824259315 0.0558707826554998 -0.0864199338704638
0.21716302039709 -0.538411171194799 0.172844006733669 -0.152462674468774
0.607342359545679 -0.15978374531061 0.355692151982754 -0.0737816053369708
0.55733478579763 0.179874520482933 0.46679109416827 0.207756105349346
0.539694794037568 0.193697920689514 0.200593477433633 -0.103903310211716
0.57765957751222 -0.168573494272008 0.00422640118001912 -0.0513292272232364
0.236592742655325 -0.445642860198707 0.0842757629193989 0.0427495651732731
-0.279812729775335 -0.420718552891505 0.0681996487102965 0.0301049815013063
-0.470828570234488 -0.138063987839565 0.10364559232616 -0.00679037609860783
-0.447923384499481 0.142929276622112 0.0965493853546265 -0.0225282725686123
-0.290887805533315 0.34308793118857 0.100236752025676 -0.0201244026786696
-0.236980059761655 0.380362644923577 0.089450585866293 -0.0468883874314246
-0.266635254832217 0.370600047488909 0.06592333229264 -0.0382800684640224
-0.484962254619745 0.229383817071299 0.0456922839219928 -0.0449900816036019
-0.568310507044203 -0.110375587505333 0.0168369129394584 -0.0351525159100723
-0.425241821656644 -0.464241110767736 -0.0110014195219719 -0.12721787323308
0.195914464142288 -0.642161630945177 0.110901634454569 -0.185674050381237
0.692672620260746 -0.252667397501217 0.228491127144708 -0.0685964002477956
0.689974960159949 0.156475979929151 0.24502292032988 0.134438392145784
0.605067369494982 0.184283717655641 -0.030107886377419 -0.190155962675938
0.644594780438424 -0.23330809314037 -0.152574751273311 -0.00965675317185736
0.249416400027814 -0.526409930259484 0.0513198266815716 0.0551671166037356
-0.310542560510882 -0.464651900721706 0.0458451281098325 -0.0148345398637576
-0.504521096564765 -0.151116015806858 -0.00719484519331351 -0.0534603540934469
-0.475106552050499 0.142951694774331 -0.0605516262372333 0.0306140330341944
-0.316093905322522 0.346466506026914 -0.0268623912786761 0.108152852413355
-0.251963823594166 0.372308131055025 -0.00772682606107553 0.0938546813939205
-0.274656694761102 0.349798887982983 -0.039047937222381 0.0955239451078885
-0.477233035128911 0.211239264108938 -0.0849900614216817 0.0470355118353488
-0.546084915758947 -0.10435189356564 -0.112503116576763 -0.0186998334245814
-0.413618227039835 -0.422069494462762 -0.0793741197112646 -0.147357856354492
0.152698219386189 -0.610895418296743 0.039621139097495 -0.190182630021589
0.652197656229493 -0.276684337948921 0.0914135851610343 -0.040749399753476
0.695798303978271 0.112068344200657 0.00380501188053205 0.0745174993877199
0.571126299362352 0.138762029565687 -0.283475133965424 -0.271253671890606
0.593809823242721 -0.251776478535562 -0.321191095593275 0.0316664330733813
0.211316494828253 -0.496511954355202 -0.00476967344747264 0.0636397616822589
-0.280216643845651 -0.415041502682426 0.00485711682722877 -0.0564802811561817
-0.440230591915331 -0.13328338232189 -0.125864586227443 -0.0876062504628687
-0.415073690129228 0.118634447106407 -0.214798869004035 0.0864638584564401
-0.284134450007006 0.293786508741967 -0.151535183632419 0.225753933010752
-0.227443273514993 0.305001780948221 -0.10315168195482 0.220560894358294
-0.244968556460945 0.274346607569823 -0.135811537801574 0.210269760222964
-0.397706627050804 0.1534633920352 -0.196112771936559 0.124555167486589
-0.428779175358182 -0.0969273371436556 -0.215127773333187 -0.00498016822045323
-0.307550054613384 -0.324106057762373 -0.12285540734463 -0.151812986350116
0.108496013377036 -0.462486980774142 -0.0145854784199117 -0.174100377403839
0.510387238412966 -0.230217568679395 -0.0185938625406727 -0.00411763205493856
0.589662189878104 0.0602241176080692 -0.208771229971321 0.0304359909491266
0.435020292349858 0.0661149341395276 -0.506839500965797 -0.331764039707338
0.421483392658541 -0.215695137868039 -0.460383409585426 0.0602562611571289
0.125567923866688 -0.356012089602296 -0.0748858608273617 0.0680524781157726
-0.18558237581825 -0.268711585230061 -0.0381503386621873 -0.0756086525479675
-0.285119675053356 -0.0919288720097971 -0.217843345587741 -0.099669059995021
-0.278973563048425 0.0711561938036543 -0.328041367653346 0.132873555554697
-0.205749903229714 0.191504653164503 -0.249923383179014 0.310167623846412
-0.170658208942753 0.191468478589051 -0.179718456261614 0.313815612436871
-0.182911640610518 0.162004138034613 -0.21369835784461 0.286508311735656
-0.267880966743819 0.0743346042498252 -0.274209750986038 0.169455932739248
-0.255171399785142 -0.0821117667770369 -0.275503160198151 -0.00746710805913432
-0.159181003016697 -0.19205711174776 -0.132352722930432 -0.150375317390159
0.0598978617249095 -0.26007962047944 -0.0420025070867909 -0.146204530590308
0.313730248496542 -0.150062682911464 -0.0863121038080859 0.0228039877904054
0.408662068764912 0.00596418884990722 -0.360468029936104 0.00070687955504209
0.216531417889528 -0.0161458295372939 -0.663764509939478 -0.354998145734542
0.167750533058821 -0.137484113632166 -0.54275566670696 0.0824715869216085
0.0119844710749343 -0.148144512166978 -0.139971376766344 0.081009307838824
-0.0602349412541727 -0.0745066451788583 -0.0648097295215638 -0.0625765363707423
-0.0824777301203931 -0.0366518273779978 -0.25694820852123 -0.0888154436270106
-0.0976475406185494 0.00848637313868105 -0.380255535233767 0.159029720912723
-0.0957456917272352 0.0539685503699095 -0.303745904426215 0.347962828777304
-0.0896890146380467 0.0488954353722614 -0.227828849287196 0.360231725422353
-0.0980031508226771 0.0320687831567835 -0.262873022832083 0.315830354431214
-0.112314852456658 -9.88061795646304E-05 -0.318118111701442 0.178912769042579
-0.0728810573222734 -0.0485072479290074 -0.298188478633226 -0.0222619500207757
-0.0264107166356818 -0.0525287120595056 -0.119368800697858 -0.141596198818656
-0.00279056209209821 -0.0708630601674488 -0.0494410977233434 -0.114138603303937
0.103459025091093 -0.0820143319786353 -0.11896650355845 0.0362484866569677
0.193419864616486 -0.0513878659838563 -0.441470790740001 -0.0176963521055291
0.0760124458406516 0.0456980567801973 0.43548438575282 -0.295763672562068
0.104884955432547 -0.0295953654895372 0.0655942649750316 -0.221588311209357
0.012304879661562 -0.0911671430822484 0.0586496282868303 0.0164760572209123
-0.101002590692713 -0.0241482835940947 0.141614749248574 0.0616545842968042
-0.0785897486816784 0.0543074754071749 0.272448335543784 -0.104259230024812
-0.0227121722960506 0.0863085474141602 0.194583354513968 -0.34149207539046
0.0402119819103611 0.0767193600354466 0.0527127458542517 -0.442957712671413
0.061928323965408 0.0859373351641542 -0.0181123362336216 -0.445109666615316
0.051575542515807 0.0995094745979099 0.0214159745883155 -0.452314818770126
-0.029965310484369 0.113597975602579 0.150809371714328 -0.378019321999166
-0.118179306579481 0.0650441205704221 0.239391764328576 -0.182884996966645
-0.138616475301779 -0.0548993239094452 0.11547327482198 -0.0534694454467528
0.0190063501669859 -0.160859391324787 0.137253295196536 -0.169832781481108
0.151182548716396 -0.0412696663372706 0.365139391554529 -0.336493391928584
0.111994217204947 0.0774122465731396 0.789209504419105 -0.178000945296556
0.270258390804758 -0.0238139285664765 0.399987321451607 -0.301801184640334
0.20693502689755 -0.177405807718864 0.0723879213390439 -0.2045687835636
-0.00547685225290496 -0.229683300509752 0.0710182892185171 -0.0230822635669004
-0.230102627064377 -0.0766282590893243 0.109266674026767 0.0416280469842655
-0.224590490759652 0.101178550530299 0.230868386331633 -0.0878441292317639
-0.118770098331648 0.213783474940703 0.179285852938587 -0.281477491659619
0.0245219328154588 0.238595716250055 0.0736638731642226 -0.369905614352578
0.0659991798008746 0.25673790279302 0.00270746826767873 -0.380612614864806
0.0430600877991338 0.27854131902668 0.0220994887156161 -0.378007507839351
-0.137889313462974 0.294855343215924 0.113239427813517 -0.325770298782674
-0.322917822342611 0.148991864873039 0.180862791356186 -0.16941321681042
-0.36881613115864 -0.117509694109783 0.0648976771011451 -0.087540924445481
-0.0626613348273459 -0.420315634666026 0.103794544929825 -0.21209122175131
0.319683414298716 -0.310485489162692 0.326233341413844 -0.326511676327391
0.394726921555336 -0.0662274480086149 0.687583743696346 -0.166954361382207
0.445075511615248 -0.0889307907929337 0.290358980027018 -0.287530282707803
0.300438028980743 -0.330235277506282 0.0475344458345368 -0.154172868146817
-0.0295873496469068 -0.374946846712896 0.0832574110618483 -0.0443384527794017
-0.356231053691816 -0.13116642375506 0.0845756282294501 0.0119462306954995
-0.361055077018026 0.140698559501039 0.164257224094574 -0.0787784527391198
-0.210524547646534 0.320824643740954 0.130824807214085 -0.190206522343553
0.00130703420524384 0.372651159439473 0.0816703659229128 -0.243733420611966
0.0606698546431462 0.389040781391761 0.0249155828728458 -0.257703344514965
0.0317753659601169 0.412929590085472 0.0234421044239182 -0.246595063017357
-0.213901927971375 0.43546467574952 0.0602758187804783 -0.21568278878854
-0.473024873005846 0.229450953621857 0.0931097128676514 -0.118913528654344
-0.555757636079025 -0.13594285259513 -0.00788005981191461 -0.102948713917184
-0.168048520564236 -0.608788649223768 0.0421857543119593 -0.230327440583676
0.409070843889699 -0.540155346648004 0.24960171685968 -0.275863548511909
0.60066174133088 -0.208763802448048 0.503146487095192 -0.115763294279438
0.572666268215349 -0.149658212285874 0.103554157476189 -0.248176722451911
0.367474879922912 -0.47584350507063 -0.0193753965435785 -0.0626578874302869
-0.0686618975377286 -0.508524021979842 0.0829906898223377 -0.0402183169842577
-0.471068982256413 -0.176906510263408 0.0524647578858046 -0.0184518361251863
-0.46658122142401 0.172757994678076 0.0679587009927209 -0.0631669714433762
-0.276032584480574 0.393896898038235 0.0527912256071962 -0.0695197346997057
-0.0217159631396583 0.458589231322069 0.0737205803788487 -0.0750341771011122
0.0483172746947579 0.461966021614136 0.0412866182570369 -0.0962447242663774
0.018521731540745 0.475980431824692 0.0251282442608262 -0.0783428629294042
-0.253624566602015 0.50331307298127 0.00540623516852957 -0.0669079877084706
-0.545747191256919 0.280797319435834 -0.00670609986413975 -0.0350236259890863
-0.651458589021314 -0.118794976953394 -0.0887995223099754 -0.092914311758796
-0.256185044880312 -0.682139155684557 -0.0301035795621828 -0.21466962880383
0.41828180336524 -0.672495610913697 0.150637818387752 -0.186804107101609
0.69283987071532 -0.315724417506693 0.270151085051516 -0.0259958760347743
0.621657405427405 -0.196587841810373 -0.140665466265924 -0.178359820556008
0.383963219540561 -0.568535958718588 -0.120562705036807 0.0657639083814773
-0.10832284665387 -0.581218458092163 0.0607919739997331 -0.0111824676054575
-0.524680189906176 -0.194302913188755 0.00185646872931135 -0.040835613465525
-0.503901853921869 0.182594575584666 -0.0531083130252915 -0.0302905840097543
-0.298529912936486 0.410315895106945 -0.0407589461340486 0.0733846926992375
-0.0369437904936456 0.474950141399791 0.0530476378059403 0.112279471815756
0.0315337831677481 0.464460300808386 0.0518491042526903 0.0804556364514959
-0.000906395170365974 0.464813466605105 0.0259250443071114 0.0984458587802982
-0.257922159794226 0.484227494086781 -0.0426359034998705 0.0923311942818595
-0.523474692410173 0.270599153053406 -0.1009764799011 0.0612899429261614
-0.616556492850316 -0.0911983325071148 -0.157702157822388 -0.0658042217591523
-0.274114472541666 -0.625876030303651 -0.0912713989399555 -0.172173323712033
0.366576453661096 -0.665375337076534 0.0575018830317715 -0.0749402570470091
0.665495637903954 -0.358102707630587 0.032397027512022 0.0828289177103821
0.564936288913808 -0.214461470309374 -0.401318335692606 -0.0852755141990105
0.332331946550129 -0.552772913657409 -0.233838899035192 0.206123453545758
-0.123956348858222 -0.535589551960734 0.0181980858185981 0.0342654343096629
-0.469773048881974 -0.170827968404192 -0.0556914799134505 -0.0494579666872126
-0.439849387445825 0.157369273999342 -0.170390429020507 0.0163986915112345
-0.264313191733738 0.354486436906787 -0.127986208725273 0.215479219692938
-0.0432527753426273 0.413913750571639 0.0265776531734072 0.287300859842072
0.0086190189899956 0.395251886556736 0.0558153546530108 0.244263309826538
-0.0275573397336199 0.386308249278702 0.0214343291111691 0.255079395576998
-0.229886031457879 0.385761600990998 -0.0831747159006067 0.227832864129986
-0.420108503077053 0.200812299167193 -0.176162575741817 0.137669383492321
-0.46334618166449 -0.0740957279203874 -0.198010267945606 -0.0429766983060085
-0.21328786249933 -0.467256290728233 -0.126154579219 -0.124310636974721
0.27875952496706 -0.529954584050535 -0.0104667564560309 0.0224766534500251
0.537565532226302 -0.333631228056982 -0.167347635860088 0.182436070955713
0.404231683004573 -0.195819892996842 -0.625999942132359 0.0159817447175292
0.213080415518714 -0.42108674559465 -0.330134297371993 0.322148237926269
-0.111266417574206 -0.366503226239381 -0.0322952132254673 0.089090855340482
-0.310404101051898 -0.108100168512381 -0.0955151436569074 -0.0385666099214713
-0.288387120451013 0.0989206852711909 -0.249832263826717 0.0613488347985228
-0.182620477070239 0.230914666941644 -0.188111082637665 0.322461655762133
-0.0447062783449588 0.281758631270821 -0.000695434430978761 0.416711692556369
-0.0176890830300652 0.265958877020036 0.0523116508321503 0.370041060590562
-0.0486745715002389 0.253020620243748 0.00777226340123619 0.36806940988879
-0.173259677655839 0.236847603289462 -0.117783329955095 0.315126861495418
-0.266326200418264 0.0985539378299304 -0.227318342972819 0.173817940259143
-0.255039778512227 -0.0592134899368663 -0.205178024009762 -0.0357665526918939
-0.121704757624634 -0.260922811401576 -0.130476477934442 -0.0859919009433979
0.163646958311259 -0.332512330303199 -0.0503374168714658 0.0845480900634444
0.343886982078542 -0.262403042153935 -0.304859558790105 0.250428227484924
0.169672562603922 -0.139403927518148 -0.769848717341583 0.111358106342243
0.053939355754361 -0.208266782172071 -0.389296854209689 0.400535058678424
-0.0802961806069113 -0.126505542705642 -0.0718446008936511 0.150965287088749
-0.0945822171937084 -0.0244390403749947 -0.0990936921074741 -0.0104406825373642
-0.089664021257412 0.0211009223896878 -0.269596760283294 0.0908938815847554
-0.0740631093803403 0.0670820513894215 -0.209047817334455 0.371800664262899
-0.0415173251435425 0.102297724911975 -0.0221022388446617 0.47990441146332
-0.0419924086705033 0.0973020392007585 0.0427879351125047 0.438664635593589
-0.0608906334251764 0.0924627996754577 -0.0121992283523955 0.42488797898914
-0.0923301366426314 0.0743040336850493 -0.145913706201879 0.350752726202402
-0.0934915546934858 0.00700394028030175 -0.255746287312264 0.174935585719472
-0.0557137275347093 -0.0273200106523303 -0.188647678892381 -0.0376316177032838
-0.0496360732380845 -0.0569412801084682 -0.115626239778324 -0.056357769525644
0.0307920985157556 -0.136189549993068 -0.0701104096871755 0.110197834458533
0.121302247900022 -0.171650635283178 -0.375899415462402 0.282347099107284
0.0816251741814824 0.0461893639684128 0.437756300985975 -0.327519710690774
0.109950027009401 -0.0355625323533211 0.0563920396442821 -0.231857844097455
0.011241759956682 -0.0969336364013744 0.0632620250862655 0.0113774666806516
-0.104433866734837 -0.0207693247716233 0.150507498393796 0.0564400912396381
-0.0781626987351712 0.0603922673771938 0.278350038835333 -0.123613100448144
-0.0174852159828168 0.0920201878581501 0.184700188891964 -0.365549003015983
0.0471656676389277 0.0781747319361406 0.0307509482947402 -0.462570823584004
0.0701348387084546 0.0863045308611163 -0.0418042503973202 -0.46316693252353
0.0604807228444746 0.100369719210752 -0.000305810737629633 -0.472113776171906
-0.0253059013838213 0.120280861345303 0.136303898177306 -0.402912498082105
-0.120474437325012 0.0766551227553772 0.239880215180259 -0.204567604007369
-0.147329935092341 -0.0499264505645797 0.117917736390541 -0.0609789598122424
0.0119626767628752 -0.169341138565905 0.137843961747127 -0.187081707571449
0.157213444669565 -0.0488243554219709 0.364057484060136 -0.366622652212755
0.12167087572311 0.0786159952786767 0.813336645849136 -0.214300010298376
0.282581117508134 -0.0338888584315977 0.40289847247353 -0.330275572500474
0.208294801718389 -0.193228280076641 0.0645083632722683 -0.212833453709007
-0.0127855122200071 -0.240336197867507 0.0732075449725531 -0.0314103110128491
-0.241225197128918 -0.0690176640745888 0.116841837611455 0.0373615249519117
-0.228380734170945 0.1166581094681 0.234956222368498 -0.103592153945863
-0.11126608783572 0.230282044970612 0.171902489288216 -0.301268813606008
0.0386808486771202 0.247163329812242 0.0578078312486131 -0.38890562799084
0.0833952049899278 0.263381849549271 -0.0158372378547382 -0.395930487044936
0.0606139109199913 0.287170611058291 0.00330735067681646 -0.396495869193341
-0.127496885479153 0.315516406548814 0.0991463519704914 -0.342588616942286
-0.329563709804986 0.175772625859034 0.178166322578464 -0.18797396800766
-0.388660434327896 -0.104042069370183 0.061292421108161 -0.0938676120772588
-0.0844821040449565 -0.436229434109974 0.0997605264323132 -0.228402268458774
0.319303781326098 -0.337480971384525 0.32338261986397 -0.354413413859167
0.411598230386902 -0.0809105672727663 0.709127160032467 -0.203830258341104
0.463718848292363 -0.110030629833367 0.287746526433959 -0.310843035571954
0.299061178430939 -0.356703442229309 0.0415676612294875 -0.158071865351448
-0.0436367060471767 -0.389478111445365 0.0844634878107115 -0.0545024630698214
-0.373497986731782 -0.122010389543866 0.0898454901726322 0.00750191470903257
-0.369284852622477 0.165374784711797 0.164515127051209 -0.0906949454563579
-0.201892961175507 0.346275204040417 0.126445315673985 -0.203723271481979
0.0211981983870562 0.388315779803986 0.0738667633250855 -0.259220652683949
0.0845687896464702 0.403126148453098 0.0117415464676401 -0.268636592792997
0.0567877785686748 0.426611947471683 0.0116437876335464 -0.259391318576467
-0.200239095244443 0.465174388747905 0.049023603601167 -0.225112376484769
-0.482861403385569 0.265805613300922 0.0887295765049623 -0.130701021597022
-0.585863807112511 -0.113614016775327 -0.0163963708447361 -0.106365610111813
-0.203797822102548 -0.62863752940393 0.0335925877760186 -0.243353530617824
0.403985338363944 -0.583306320643629 0.244880139120279 -0.301044684431195
0.620733663482588 -0.23716427773818 0.518605192765461 -0.144259092938163
0.596414257936488 -0.179831527441378 0.0949481037851293 -0.261092529766961
0.361374316437214 -0.51249601600834 -0.0234945320528067 -0.0583745160962616
-0.0923836590026981 -0.530490970138491 0.083791767733943 -0.0493229004206067
-0.496559076756436 -0.162714579381674 0.0547052132994775 -0.022157079904146
-0.477854593959468 0.203333304665537 0.0638453290668008 -0.069044541879497
-0.26827537137183 0.426456242001777 0.0518418607407435 -0.0742713583694886
0.00201174695617079 0.477807167626909 0.0752293961380103 -0.0855225564294151
0.0744139955660022 0.477368157446611 0.0377775380822366 -0.101044485723573
0.043042046926832 0.493964647042961 0.0213798810274312 -0.0838095429971105
-0.238721470877593 0.539069830063969 -0.000682823622507074 -0.0659177289705679
-0.555205047084009 0.32312912936248 -0.011592373543464 -0.0380232999784025
-0.682026605131121 -0.0925779884411571 -0.101866376197808 -0.0919068809257663
-0.298166631382732 -0.700283618614302 -0.0417777158114141 -0.222536388241371
0.409230008148049 -0.723228734388486 0.145699324008255 -0.200448095565968
0.713188246515206 -0.352521558769082 0.279694270282723 -0.0433275687436593
0.644466579165216 -0.229561012292148 -0.156441098156467 -0.177720493772425
0.374872522780175 -0.608229904395036 -0.122220023820011 0.0802417715579561
-0.137273969098873 -0.602298881059206 0.0620382243432858 -0.0176277985816645
-0.553440997057901 -0.17773030810529 0.00101576971028547 -0.0426636696909819
-0.515742269519921 0.21754259739627 -0.0614416378189266 -0.0288121326397327
-0.289890929120014 0.444181307789185 -0.0384682943494023 0.0798384970612064
-0.0141729414891356 0.495399174723631 0.0641662328217777 0.109183416703045
0.057642880285979 0.480900665541682 0.0580683271735788 0.082605520403802
0.0226471252999612 0.482708541662589 0.0312016762380434 0.100917654352596
-0.244302552257679 0.521024594054588 -0.0419344078362194 0.103196881442195
-0.531900160445181 0.312479307055332 -0.104362826966749 0.0678267244807664
-0.643040525044812 -0.0658286382685117 -0.172459483511365 -0.0602211317058788
-0.313947091331489 -0.640416123896443 -0.105336556731565 -0.173568295520907
0.352902985603742 -0.710286959148474 0.0540845520241069 -0.079861980048259
0.682400672626201 -0.394995934953129 0.0382317799878958 0.0799380710234091
0.584357564893149 -0.249122044813154 -0.423926106614611 -0.0690517186694872
0.318792541962841 -0.593233571232501 -0.233027335988771 0.230897436739421
-0.151995105523122 -0.55265002573317 0.0192790403034145 0.0331279189221932
-0.498189312226674 -0.156372367581962 -0.0596084016450358 -0.0486842920552016
-0.451905698712065 0.186694686434444 -0.182213886432644 0.0262464623208078
-0.258692841557346 0.384608054770692 -0.121445286204195 0.231127539695447
-0.0246546653300982 0.433876513347347 0.0459850064122316 0.291962736899444
0.0285819812019485 0.410380690568316 0.070860714351339 0.253163908181122
-0.00778976832278326 0.402150254709584 0.0349940669150047 0.264069831273624
-0.220682882193447 0.415038086609188 -0.0752837053710093 0.245239452565152
-0.427643782495614 0.230190623067756 -0.177827121547068 0.151661199155688
-0.48322638868816 -0.0566422466647515 -0.212552019390646 -0.034356363485919
-0.241773655461391 -0.476318713170069 -0.13961149438084 -0.120398348835811
0.26456878660462 -0.568162372436849 -0.011461166744671 0.0245188180144427
0.54543465610973 -0.366168568786895 -0.164260165793647 0.192018018114502
0.41668346264261 -0.223586221435924 -0.653425683749693 0.0457890494558744
0.201189204964391 -0.449433555948773 -0.32954351262172 0.355494581401905
-0.133019602404132 -0.378507131544362 -0.0310511018957448 0.0939332898216634
-0.328974121766203 -0.0977771937458004 -0.101897979297563 -0.0356972686050539
-0.297635208008374 0.117984477385276 -0.261862566611682 0.0767598470194905
-0.180893035347123 0.251621158258234 -0.17909458001049 0.345701367297997
-0.032459620400329 0.295086282344737 0.0238376162805915 0.430183679283119
-0.0049944096764922 0.277317137105973 0.0730829143102854 0.38279374632686
-0.038559347266123 0.26560707279207 0.0273757905043444 0.383374377433582
-0.169203623858841 0.256277712363272 -0.106215947380884 0.337225125887658
-0.272217486234998 0.115648830344142 -0.228318449456942 0.19289278537541
-0.265173660255751 -0.0502414699770318 -0.218152433017673 -0.027144601822137
-0.136984759284751 -0.263864792503509 -0.142446056896727 -0.0798531987537043
0.153452631379674 -0.355299166768501 -0.0487852363413351 0.0903870139940821
0.345391899294386 -0.285464974072625 -0.303389172657967 0.269404095694703
0.173189586464097 -0.152789195735694 -0.799652292563439 0.148189972254286
0.0452957757444919 -0.220427729054462 -0.386976236677446 0.436906490036386
-0.0905133567047404 -0.127148686899424 -0.0688864587865174 0.162380421860692
-0.101075545529964 -0.0202019638374288 -0.105519479916682 -0.00652956502612586
-0.0936299052801494 0.0270732811611794 -0.279386756705757 0.108437147484989
-0.0756107103179304 0.0741785553937947 -0.198343069018439 0.39678248476587
-0.039178782323982 0.10792345198448 0.00433405736625193 0.496612550507041
-0.0401235900472324 0.103337444244075 0.066446404475857 0.454462937979487
-0.0598699763545941 0.0997209488791201 0.0084856446833839 0.444626980298221
-0.0915478026934442 0.0827074846407186 -0.133504792801226 0.374120600295963
-0.0964980726005484 0.0104148571276566 -0.256419134463984 0.195224680029298
-0.0577258667506586 -0.0266313901505495 -0.199610247196479 -0.030288123001889
-0.0531679834066184 -0.0550283039297604 -0.125265213265652 -0.0496583383601618
0.023609771411696 -0.144229513009729 -0.0670315122113338 0.118230377800402
0.11686882360828 -0.184544589819754 -0.374345127501214 0.306678802036519
0.0875483425230866 0.0438186065261794 0.424142516409813 -0.361786720260135
0.112102354171275 -0.0443928507709439 0.0395249230270986 -0.238078515436316
0.00733595749578847 -0.101929919286308 0.0656665324838986 0.00392888814326004
-0.10746702852815 -0.0151292960034067 0.158123930207254 0.0457365779842746
-0.0754416914212511 0.0670124405844459 0.275676519533427 -0.148414013235591
-0.00979822078459544 0.0957840331295573 0.160399609223634 -0.387035156964295
0.0546428459747184 0.0764330998772959 -0.00466376104465487 -0.473167852077894
0.079559797748129 0.0823471525870555 -0.0762626454911493 -0.470202814765917
0.0708583193598298 0.0974213681145637 -0.0367989782904789 -0.482439821755219
-0.0162213265078818 0.125840153238873 0.109513861998976 -0.419950224366779
-0.117180853405618 0.089914011472316 0.229465835415967 -0.227603711201039
-0.154602217862116 -0.0399371107884884 0.116346568175536 -0.0696855382673766
0.00102062911568007 -0.175053540318713 0.129991239985411 -0.205621574395234
0.159401537356266 -0.0601080639836353 0.344811245516085 -0.398345126253814
0.132148208412621 0.0746934959112182 0.818056447320644 -0.271221724764348
0.289768554520992 -0.0517608529676567 0.388034267756637 -0.363321133279188
0.200937406018871 -0.212504543542902 0.0501695733377794 -0.217506224691826
-0.026593830731195 -0.247173699987401 0.0721673298903596 -0.0412099795064852
-0.249250958730984 -0.0549678243666432 0.123306125594996 0.0280707261680229
-0.224354073675801 0.135884788214473 0.230862400958686 -0.124783429968906
-0.0953404878531541 0.243580582691816 0.15272376674168 -0.319687926944122
0.0591468945050158 0.249725180498812 0.0301233515862346 -0.401685925735504
0.106272502097914 0.263116812127525 -0.0462992318272212 -0.403307202114952
0.0852198391705398 0.287648140461882 -0.026723307164709 -0.40558262640249
-0.107017383561177 0.33388829374797 0.0741145717109049 -0.356223915738246
-0.323801329484931 0.206670165727308 0.166724947479179 -0.207297694902287
-0.405196498046319 -0.077556801624693 0.0548488927339529 -0.0992331398569272
-0.11623932519199 -0.442802566854902 0.0875267033376912 -0.243870123395515
0.306783693348531 -0.366849312456983 0.305754437326383 -0.384811307995696
0.419676528454403 -0.106498986449468 0.709318751875178 -0.254627305287001
0.4699678425689 -0.142499920364954 0.272255995260703 -0.334680760304734
0.281170708662532 -0.385718856475792 0.0313741291541312 -0.158618406051626
-0.0673922180204834 -0.398382832808507 0.0813217394110284 -0.0658439708667129
-0.38942207840068 -0.0985314658151349 0.0941250055831412 0.000188025904208117
-0.365880568602062 0.195382857803618 0.159342959940896 -0.105352793186723
-0.180007668726594 0.370572408003631 0.114631599115852 -0.217595123370613
0.0511642296798875 0.393559645320929 0.0563484004937474 -0.272237891209048
0.116731301309954 0.404330360020669 -0.00780975942784354 -0.274041205687081
0.0894360869603314 0.429975912147686 -0.00879191966365685 -0.265691267553875
-0.170217381739982 0.49238220901019 0.0320311136268343 -0.229625355536729
-0.47470726942494 0.311187670267052 0.0785825137579868 -0.141761035549296
-0.603878723899657 -0.0768955161033092 -0.0273159641721252 -0.106013496824158
-0.250138387000784 -0.631398844198199 0.0176646682628456 -0.253449808167061
0.375009178642695 -0.625441273584173 0.226448800957038 -0.322405123036256
0.625431501049277 -0.276354357223359 0.519589491011539 -0.181681741760205
0.602240870608711 -0.223555702904566 0.0789908591465667 -0.270276553345437
0.334661811199922 -0.548518543234695 -0.0264732145268918 -0.0521188381166253
-0.126155764624747 -0.53712850304064 0.0808921732756101 -0.0603319882114676
-0.517444485726746 -0.132633063347137 0.0563633358700988 -0.0274415861536439
-0.475033252188219 0.244092343068755 0.0564308922119164 -0.0757929238710224
-0.241075455631562 0.458336510246728 0.0482822355545441 -0.079445924431778
0.0386850286738987 0.485408698252521 0.0722468500713749 -0.0971915696575055
0.113451526358556 0.48233655750404 0.031487066070901 -0.104723560191584
0.0824044389839986 0.500289475977798 0.0142802972195065 -0.0869682730215608
-0.204931797723936 0.571786134746868 -0.00710080459168524 -0.0625612638161546
-0.54379124950919 0.373205506772423 -0.0175551463552334 -0.0396951777159765
-0.703438158315677 -0.0447498658596541 -0.11441591410145 -0.0852660099287098
-0.351104946485884 -0.697837326069906 -0.0597525980804626 -0.223877495804726
0.368546117324795 -0.770876600138943 0.133546916481424 -0.213698273329628
0.712992758420013 -0.39913058319004 0.28186860552234 -0.0663045094441012
0.650158384733398 -0.279930101391751 -0.172745593878881 -0.168619526024605
0.340156910249118 -0.650380288802324 -0.116888012980595 0.096617100835161
-0.178210184820199 -0.608058145200354 0.0601784779776478 -0.025220682717071
-0.578388007251494 -0.144045108181704 0.000284822143397332 -0.044126269416394
-0.51300506635756 0.260639848138533 -0.0694546142481187 -0.0242438143970292
-0.264878605232862 0.479751916885905 -0.0324818928694323 0.0846579953988251
0.0226895259061244 0.50614761604108 0.0755443504565789 0.101563278853108
0.0946185152732591 0.486604477915379 0.0649685573758293 0.0812158832233969
0.0581830059513189 0.489221792493944 0.0375371308265779 0.101716956623275
-0.211058511271777 0.552894914965465 -0.0367280321400922 0.11332480209403
-0.521110737573615 0.358513151503748 -0.104696325314402 0.0757220368210483
-0.660877675244944 -0.0219421032213247 -0.185188497317311 -0.0477274728899704
-0.362029850520953 -0.632795773713576 -0.122241536980294 -0.167954282999425
0.311486556916778 -0.754250056174144 0.0482436344578528 -0.0831618113033892
0.675912342754852 -0.444297543047376 0.0436466732473007 0.0747778745405842
0.586398243787046 -0.294011995875342 -0.439335401114201 -0.0399822892657009
0.285232372863554 -0.62911195770689 -0.220103895629054 0.257201433184912
-0.190713436515174 -0.557127767969098 0.0202446968714062 0.0312801147037656
-0.520130824783086 -0.123826888471997 -0.0634038331995778 -0.0447914005159406
-0.451060156818377 0.226470524904794 -0.189499021108244 0.0406285949368943
-0.237748256162922 0.415415610741932 -0.106899248193413 0.246375186888062
0.00765171142109162 0.442217504933113 0.0706753007554278 0.28940921469027
0.0590382696090408 0.41551334477688 0.0905419787824263 0.254039389560973
0.0211582073107321 0.408106161974805 0.0534783909398446 0.26833333218251
-0.195370750379964 0.442740419822659 -0.0596022080173085 0.260714118671474
-0.421944139247606 0.26751786711716 -0.172842206912595 0.167776956703453
-0.495660861778216 -0.0247797516388897 -0.223658630356989 -0.0187316882866133
-0.278673858761321 -0.468648379448 -0.153564081480847 -0.1094424117389
0.231532012355729 -0.600737520612715 -0.0104789413051811 0.0273717608595368
0.538364854113478 -0.405941090104125 -0.154743440215268 0.201507253007198
0.414845563104368 -0.256817032356795 -0.667894541828793 0.0898185862599548
0.172983482211067 -0.474752334817489 -0.310258056634395 0.388639566681429
-0.162516481817315 -0.378207126293768 -0.0262267375661871 0.0994159905945929
-0.344548199609393 -0.0767743602272667 -0.106809981683786 -0.0285179081732596
-0.29750255774326 0.143768177419723 -0.266578919560063 0.098736669048265
-0.167428498411538 0.271974828410469 -0.157077469638916 0.365881134221266
-0.0118719700378 0.302858461123556 0.0565676141400113 0.431497872794812
0.0140455825109067 0.28352718649133 0.10287695704713 0.386797004816909
-0.0208880582667042 0.273626361516449 0.0555583927850661 0.391388084904821
-0.153750477488367 0.275017396536641 -0.0831378238206668 0.354868948476621
-0.270338719201632 0.136854052073621 -0.22000203434607 0.213442413698979
-0.27198978813449 -0.0344324483864033 -0.227560631395727 -0.0112255788043398
-0.156458196081499 -0.259089997892695 -0.152959895683301 -0.0662913953606181
0.130892284250748 -0.374567773507551 -0.0432424570347435 0.0961061443262827
0.335364048653647 -0.312919864437453 -0.290924271574314 0.290094172601346
0.167379580332312 -0.169379110793114 -0.811697655318167 0.201019132313332
0.0295603547491031 -0.230187573212158 -0.364070976305322 0.473521122817337
-0.101647066583994 -0.122664983095269 -0.0602063237898566 0.173183080251314
-0.10558793558411 -0.0123659214361607 -0.1089605345445 0.001352043941887
-0.0943302405514107 0.0351934204177786 -0.281520712313026 0.132315026200122
-0.0734252124935991 0.0820961264968009 -0.173651991610585 0.419496916049774
-0.0329330849540762 0.112598910025982 0.0413260904138154 0.504367393194819
-0.0344655194009289 0.108602812784492 0.100308982567796 0.460106498324254
-0.0548805454708317 0.106696375300608 0.0420230350304284 0.453177375332895
-0.0881305713353514 0.0913390337735258 -0.108395208961345 0.392829010950084
-0.0984697492255592 0.0159863013344258 -0.247976459261721 0.219391202155235
-0.0593166583490444 -0.0240670230027984 -0.206904950543235 -0.0166954083486897
-0.057011939542856 -0.0503591300890852 -0.133068159304019 -0.0370862851043598
0.0124944990772486 -0.150254526074352 -0.0591450511919461 0.124902202094003
0.105549143569452 -0.196114359788829 -0.359073704706862 0.333670292307725
0.0914986361220959 0.0389856364043435 0.395476386886854 -0.388270291536447
0.11034700200324 -0.0531443633034286 0.0209762182150267 -0.235473429617314
0.00172850616255523 -0.104777563196639 0.065535083380686 -0.0041739719994899
-0.107816149922686 -0.00867408714255771 0.160267454995203 0.0333401447687475
-0.0702386206639335 0.0713844963531173 0.26215064129945 -0.169589316309285
-0.000788789677584068 0.0965113903759588 0.130845863622074 -0.396356197795677
0.062086904755869 0.0722257546605455 -0.0397150908626937 -0.468840330564921
0.0861209058393978 0.0748236939333444 -0.110498652592374 -0.463477558557269
0.0792009897003568 0.0908426616908286 -0.072689974967808 -0.479507192256553
-0.00627165292324349 0.127775881374241 0.0766174954459938 -0.426357721080295
-0.10932863306661 0.09965802694411 0.211130818395527 -0.243946148735223
-0.156466227259325 -0.0280664438396437 0.111235032812814 -0.076728323474745
-0.0115397276961464 -0.174595717283067 0.115687542865965 -0.218489261518949
0.156261004773485 -0.0708013406864963 0.315249436392604 -0.420073597850609
0.138191282278171 0.066784773648281 0.796101092225616 -0.319497016214094
0.287508295754089 -0.0705042105533379 0.359077983891948 -0.385588926186625
0.186921850372322 -0.226320753579396 0.0346101924572983 -0.214502463090927
-0.0406576719968816 -0.246998103916506 0.067198922879781 -0.0502298246356441
-0.250827862085319 -0.0383062734724462 0.124716753800294 0.0181203210894962
-0.213875879286201 0.151450486988301 0.219150918612242 -0.142440767463599
-0.0751779505091976 0.251096880703259 0.128580078882217 -0.32911415841551
0.0785140105556208 0.243083030014406 0.000264842729304376 -0.403209123105328
0.125996101560476 0.25230449866318 -0.0755383412508559 -0.397396083430034
0.107654920903281 0.277729885095181 -0.0574120510879255 -0.402139253214033
-0.0810078206292131 0.34155257195017 0.0461624637280686 -0.357883130631472
-0.307445770364812 0.231925002068508 0.149028073201391 -0.219102142425015
-0.407776560658161 -0.0498635433995243 0.0458776551634702 -0.100894113826679
-0.145057037638892 -0.43462826865245 0.0702326855368699 -0.25270451294235
0.281541035082819 -0.386882356823434 0.276145673144661 -0.401383861416529
0.41546796000765 -0.130327201558221 0.690213530034211 -0.295899178848965
0.463434813614957 -0.173399753642298 0.24836188953548 -0.347826910048862
0.253922340581214 -0.403678724174626 0.0218777250808903 -0.154123616636013
-0.0934079542066975 -0.394648904219012 0.0745580275224364 -0.0753624875896728
-0.393791769665274 -0.0721139804986446 0.0950492672452685 -0.00798970061203748
-0.348909110888885 0.22202817757137 0.148167336445748 -0.117303509762799
-0.151049228285207 0.383908036404998 0.0985486998646221 -0.224967783007654
0.0806226879921598 0.386421602773541 0.0362691226995987 -0.278174008114589
0.14783264845076 0.39295884219037 -0.0273494113210524 -0.271479823340748
0.122764171613952 0.416881472209654 -0.0299019052499154 -0.262651571233296
-0.132440736330478 0.504692912429564 0.0130406575183258 -0.227323512033205
-0.449836903934803 0.347682671052689 0.0652188465408779 -0.14791070470831
-0.605710863494695 -0.0331699733679512 -0.0383020060840471 -0.101550520880481
-0.29175218896622 -0.612943247269899 -0.00075652042838224 -0.254446227734546
0.332496696747439 -0.650992224881398 0.202951219642288 -0.333585460526741
0.61214312065079 -0.312442648699198 0.505522800670791 -0.217038655126114
0.590091112875581 -0.264001087582948 0.0608786775736268 -0.271056606757901
0.295504764047345 -0.569916578922115 -0.0266655076486483 -0.044401476547123
-0.16045757150477 -0.528685204108096 0.0740604093470956 -0.0685676776784094
-0.52190391014328 -0.0956825183912502 0.0567064058092609 -0.0320281047738759
-0.454822763463203 0.278724302414355 0.0470415361105487 -0.0799865289140695
-0.205870157084572 0.475654924948527 0.0426773156271677 -0.0826309808466313
0.0751016140305188 0.479380589485262 0.0645272015186268 -0.106808580975243
0.149627024076423 0.469357998396168 0.0238091684640993 -0.105127578924466
0.118793303625604 0.488392115083598 0.00611626761362648 -0.0862154343267919
-0.161492111430075 0.586716946507989 -0.0119075469012297 -0.0568073340606521
-0.515287996443347 0.414088702593483 -0.0241639414960135 -0.0385983593350717
-0.699682376745912 0.0030687459641012 -0.124660907566249 -0.0739268234811358
-0.396847147112439 -0.671927657289513 -0.0759232256634353 -0.217969869873782
0.313454312271166 -0.794014907797237 0.116704035392438 -0.219094046306742
0.69040825134934 -0.441263590134141 0.275145228094441 -0.0855617433876845
0.631931639456303 -0.324343007954693 -0.183584064017098 -0.153324776408243
0.293642704854358 -0.671410212454371 -0.105919343410072 0.109312757921496
-0.216526173305544 -0.597533090530757 0.0554661978297113 -0.031325199523776
-0.585171054345889 -0.102452531397467 -0.000604642098362898 -0.0447890133164206
-0.492334848908392 0.297695899602287 -0.075736301501659 -0.0190030016659423
-0.226456339013948 0.499689635340878 -0.0253890780426464 0.0864561266034979
0.0602279110212462 0.499971218754356 0.0831212213506593 0.0893364560621341
0.130278179965838 0.476825767721491 0.0718373985369352 0.0775869979720243
0.0926343868838371 0.481319981942939 0.0437579309037543 0.0995979687738131
-0.169482574163265 0.567231479684758 -0.0275611530629399 0.121032474628409
-0.492646796424991 0.39703321765556 -0.102015426371669 0.0832040685345266
-0.65459032639735 0.0228842895592388 -0.19304593324904 -0.031514572447346
-0.404401412147873 -0.607489905724784 -0.134570885983856 -0.155043949651178
0.259176737574592 -0.774775090662025 0.0414152147880402 -0.0844992916636265
0.650317402676896 -0.481410438960248 0.0470670504166838 0.0680633427342154
0.567695613845399 -0.33407683011654 -0.440167159705676 -0.00816027153048766
0.239694750684827 -0.647669384121648 -0.196678188839855 0.273925937622641
-0.227694816262545 -0.543854102015019 0.0209446413753056 0.0287290838539752
-0.527518656018004 -0.0871828903196257 -0.0644567752933189 -0.0399225694089856
-0.432662891174388 0.260322724382899 -0.189948972544734 0.0551976373327367
-0.205503163157597 0.434493554119711 -0.0881206526228763 0.253193386730104
0.0394320166288089 0.43751952648966 0.0921691065785733 0.276366675282895
0.0890342587623067 0.408530488060702 0.109280845911911 0.247920987345492
0.0492285565264085 0.403403693788235 0.0723163679446508 0.26500104632862
-0.161621479656933 0.456318112134671 -0.03892997388434 0.268150996782193
-0.400940674967784 0.297678861347411 -0.162127644193203 0.179746700483092
-0.491547431424142 0.00835171199392606 -0.228804757014601 -0.000444711958828419
-0.30869399243623 -0.448462223953349 -0.161632335274175 -0.0930392940572614
0.189038639147914 -0.614614138729283 -0.00884515171777606 0.0286829273849578
0.51250807308422 -0.434937668292425 -0.141714316877203 0.205546623043675
0.398588736955849 -0.285746969422691 -0.659756991551861 0.135857816456495
0.137773002519897 -0.486417517883855 -0.278563490272526 0.408258995773692
-0.185938960038081 -0.365073257186934 -0.0210054965081346 0.101334624690876
-0.348332851978539 -0.0504874506222041 -0.107367459929523 -0.0199109924179996
-0.286363113790577 0.165926368605692 -0.26221512529711 0.118835584824267
-0.147767010259972 0.285871085020593 -0.129600718611672 0.376304677399303
0.00943062417958182 0.301247600479133 0.0893486667116836 0.420787967606879
0.0344442258132434 0.280373701619997 0.130558507592945 0.37861119647687
-0.00216271306783817 0.272703033832243 0.0834909686568307 0.386376811587942
-0.133183159701792 0.286560970957487 -0.0556043867050145 0.362347233143889
-0.25929146080613 0.155564145630712 -0.205369732040189 0.228592751202524
-0.270857982409784 -0.0160295530436129 -0.230485992765503 0.00583175041296049
-0.171868921609658 -0.246111400321876 -0.157331254653269 -0.0494813781419623
0.102620299516476 -0.382778791059868 -0.0355012754134387 0.0982076277476557
0.315197852770129 -0.329908647100122 -0.270129060191468 0.303165596662583
0.155637910736513 -0.180992962503041 -0.796907192696999 0.254765613897956
0.0114836646844494 -0.231567399028257 -0.328244716506287 0.494786217094434
-0.109156324847687 -0.113756652012073 -0.0482507433828989 0.178890505252112
-0.105490052289226 -0.00349741835455033 -0.10943800540205 0.0103426077885901
-0.0916825964638676 0.0426529666492109 -0.274460861130076 0.153901905675691
-0.0681296457040895 0.0888712527527677 -0.143080565376875 0.429994614556206
-0.0258263843953442 0.113701618729935 0.0772305401834752 0.495139401356927
-0.0274597906319851 0.110361506100705 0.133783788250744 0.450446603089216
-0.0475145874269218 0.11037485972892 0.0748244895759402 0.450206758730093
-0.0807636087470018 0.0973376908606427 -0.0777121691498602 0.400812618635283
-0.0972048671778724 0.021690796693649 -0.23084544465482 0.237128811897314
-0.0595779867806653 -0.0212286737302664 -0.208649014861366 -0.00121334296765121
-0.0589870292246553 -0.0448173931123415 -0.134795300389154 -0.0218827563749693
-0.000432222786670605 -0.150842270221211 -0.0481050760123912 0.127112998512115
0.0901522987953871 -0.201788002956431 -0.332934330620399 0.351980310159461
0.0931664380476825 0.0341265332606668 0.366512863173257 -0.395884972257223
0.106804949285607 -0.0588193472969336 0.00830783095577997 -0.226523056175408
-0.00269087187450876 -0.105548248499497 0.0630124438114491 -0.0100034522120647
-0.106090903739073 -0.00403761309055753 0.158274559787073 0.0225524133037875
-0.0651745663241945 0.073372475808459 0.246120164898737 -0.181387700876999
0.00601943153189846 0.0942398715812995 0.10515260305436 -0.394865955671245
0.065912867674878 0.0670827922181335 -0.0652580147346657 -0.455859783058071
0.089517798762852 0.0668845169025557 -0.133456616650011 -0.44649835955059
0.083601113220581 0.0824486546059374 -0.0987431083822142 -0.463933020006867
0.00170575604555558 0.125662766754418 0.0512022315613292 -0.419960437985034
-0.100185167324575 0.105311105621464 0.191879466102231 -0.251170266982479
-0.154618129241581 -0.018580086784241 0.105417525552579 -0.080323249626564
-0.0205523475484093 -0.170759525999887 0.101113616362399 -0.224787894331426
0.150715610608787 -0.0764385654876053 0.285710407875815 -0.426038146977407
0.141385029349545 0.0596319691478566 0.765383287459057 -0.348104987234314
0.280487659997965 -0.0836901235903618 0.333199495762169 -0.391883859560324
0.171445230001235 -0.231019613738122 0.023794136004008 -0.206400590821162
-0.051264471905176 -0.24279292796263 0.0611639621025354 -0.0557254019585615
-0.246221863266529 -0.0262843340429809 0.122558751191285 0.00950362819496706
-0.200624256827437 0.159454243180288 0.204469698163829 -0.152627119683241
-0.0581485053649444 0.25012604435591 0.106937034645085 -0.330080824474123
0.0916045770845518 0.232226722133185 -0.0234721835664049 -0.394454793372805
0.138642763622 0.238218987453131 -0.0949422704565376 -0.383640263417938
0.120841221495719 0.263513166801362 -0.0793984722485648 -0.388663991824935
-0.0589437510244065 0.340054826997653 0.024990508881916 -0.349671857746602
-0.287670313156491 0.24539448461397 0.131463832490609 -0.222996487969667
-0.400674580802685 -0.0268489883150659 0.0389466363003125 -0.0991334711010022
-0.164770027462116 -0.420405407124012 0.0551690079536471 -0.254170471455595
0.256610146679188 -0.394538715933995 0.247924358478995 -0.404676216712795
0.406408018294953 -0.1453109603858 0.661106047444686 -0.322876611311311
0.447585891445862 -0.194156184770592 0.225388826111291 -0.349201400807498
0.227284274254244 -0.408683071961926 0.0157262942355167 -0.146418362406062
-0.107973268026216 -0.384027942161193 0.0664364429022767 -0.0804827195110584
-0.386517694237594 -0.0515291028150084 0.0937362441590254 -0.015193117729669
-0.329109026821128 0.235942757520243 0.135061099531835 -0.123682814214103
-0.124664807631393 0.384922773926201 0.0830975920805395 -0.22598944418726
0.100254079523621 0.371990496865164 0.0182455500469707 -0.277177493131562
0.167469076855956 0.373978622454281 -0.0415052189988846 -0.262954230993731
0.142320006431315 0.398914039435926 -0.0447151148372796 -0.253762114156331
-0.101190915333879 0.502551644648575 0.000299051337945316 -0.218988306637426
-0.421733204464922 0.367063956954315 0.0515853396723661 -0.148964640332135
-0.594097326918256 -0.00190804959556681 -0.0452923732569447 -0.0944637393223297
-0.317320781324674 -0.58816664208588 -0.0155958318620229 -0.249672290093276
0.29282971732796 -0.655305651447658 0.180411790831623 -0.33445115453427
0.592156692320645 -0.333632896703433 0.480921859416553 -0.235752053552027
0.568559512331119 -0.289964370345539 0.0470538442647133 -0.265252514604352
0.259406829747386 -0.572869063758173 -0.0248679539488848 -0.0372033711916003
-0.181585230908155 -0.512380167929758 0.0657215007617093 -0.0734642807998986
-0.514086362588072 -0.068214489780045 0.0557509171682617 -0.0364201570527812
-0.42962193902487 0.29816122324674 0.0373754930103786 -0.0813646819447065
-0.173481008360744 0.478443597664334 0.0372213965884595 -0.083455031029004
0.0986606149837673 0.462365957313982 0.055502830363247 -0.11227649438908
0.173540172403555 0.450450734156146 0.0185095906853181 -0.103008820207842
0.141311362906664 0.467080694114995 0.000661019630132332 -0.082317048762276
-0.126081923648319 0.584618453001141 -0.0136135224392601 -0.0504686163266138
-0.481413834317088 0.434422719548608 -0.0299546364768602 -0.0368541396059048
-0.684651452918141 0.0387650803634827 -0.12985396653524 -0.0624031517861859
-0.423012222914069 -0.640482210007062 -0.0868577733957313 -0.207676552705806
0.268238902693179 -0.797198698956986 0.101979239999046 -0.217939246439064
0.6621265992336 -0.462610694911313 0.263858865358765 -0.099109235372969
0.606651827079916 -0.351977547910824 -0.186103615146662 -0.13804779749042
0.251878203799327 -0.672366958790253 -0.0937649447842535 0.115729307006736
-0.240251133519468 -0.576514075773902 0.0498420806900129 -0.0346550036191032
-0.576784194248327 -0.0704709158494505 -0.000269059599660643 -0.0450220509545966
-0.465427721424362 0.318345115813808 -0.0795727136867175 -0.0140809804434655
-0.193592357829688 0.50273641288427 -0.0202005641889916 0.0862091694688921
0.08489204740791 0.482982063276656 0.0841336980886668 0.0770664895175522
0.154618390990506 0.455861096328895 0.0755463492153354 0.0732290438706907
0.114977318395136 0.46175292249855 0.0477685660210889 0.0978246387995377
-0.134565516273125 0.567008071433697 -0.0181747009975363 0.124212443044374
-0.460616759123269 0.416760676465435 -0.0993994890125691 0.0871592385907432
-0.637703394595203 0.055483971933462 -0.194785753396143 -0.0171424731824118
-0.425023827861711 -0.575652182334513 -0.140124067883353 -0.140754048420126
0.214878363033255 -0.773339920462019 0.0362370085036008 -0.0832889890196
0.620074806729201 -0.499309678523382 0.0480503269323344 0.0613716570451848
0.541776789411841 -0.357803748723801 -0.4306163922603 0.0145305138294788
0.198532754816178 -0.64627178075482 -0.174139797976342 0.279827873585918
-0.248686377997943 -0.523417566439733 0.0193858127220456 0.0267713530574153
-0.519584301043722 -0.0581836343031046 -0.062880811490437 -0.0363887203328702
-0.410706016291 0.279406857653462 -0.187481135893108 0.065592872573005
-0.175664636640865 0.437832659249772 -0.0719467223311155 0.252087549889602
0.0610379620620301 0.424269068950923 0.103739515855863 0.25941294824584
0.110958014687472 0.394244064688155 0.121214327893653 0.237217521024512
0.0681295262355559 0.389762309090153 0.0857635065352009 0.257530961770124
-0.13342258521471 0.457290889634013 -0.0211173826407 0.26759015759638
-0.375837494532531 0.312862210814253 -0.152144413747381 0.184878755783992
-0.478226994503704 0.0327745199299661 -0.228196243559615 0.0142853613570881
-0.323499722587636 -0.424610647266506 -0.162393864352227 -0.0766790089474119
0.151973822427545 -0.613036141591992 -0.00657124499764409 0.0296909750415399
0.485074406961906 -0.447352029983577 -0.129283458598302 0.204065982092866
0.377684065299383 -0.301243856826116 -0.638953977345287 0.163150972402097
0.108990382104571 -0.482339926703945 -0.247449140859168 0.413098447966288
-0.199570712254551 -0.349439382381371 -0.0168994334156398 0.101275924723697
-0.343418186829205 -0.0308308373943089 -0.104527789559166 -0.0133020487511673
-0.270843109901115 0.178837459586572 -0.254048298981356 0.132016594430863
-0.128093426488834 0.289817108164914 -0.105984199719063 0.37545560636711
0.0235212024299979 0.293132851490769 0.107517037254741 0.401742754568281
0.0482950823442932 0.271715939490018 0.148280206118239 0.363193718984581
0.0113290520928346 0.265944713718965 0.103484577899839 0.37433503431921
-0.114011096838489 0.288336882229839 -0.0313956935327978 0.359560360871739
-0.245962373653158 0.166500397974032 -0.189257658516481 0.236191248794042
-0.26483087030582 -0.00426063418963733 -0.228525595028796 0.0200066593348111
-0.178936787774448 -0.231037875098333 -0.155249063426316 -0.0348591462882287
0.0789321995602217 -0.379337431046376 -0.0283642809556208 0.0972208024452026
0.29296680966804 -0.336298618092063 -0.249863137795428 0.304821355034498
0.143427584018587 -0.186163996458699 -0.76933032993993 0.285892540922329
-0.00220977453109151 -0.227168656038178 -0.294752244016535 0.498789526614085
-0.111320884425771 -0.104976755955916 -0.037896300217548 0.180180813117459
-0.102296367416478 0.00298214186269427 -0.105475969027537 0.0172614138348606
-0.0873674120301935 0.0473148918291382 -0.262821958924975 0.167193001878894
-0.0617712640123078 0.0915077533434226 -0.115781608008608 0.429277398202532
-0.0204680494498436 0.112580045134745 0.10308662628643 0.476132735876185
-0.0217334410851672 0.109915736787191 0.153586486152248 0.434324152687865
-0.0415733731092085 0.111019705994933 0.0997438905290382 0.436552977764344
-0.0736048042304229 0.100223505698453 -0.0515854437725559 0.39662852495077
-0.094941251626275 0.025115873050637 -0.212421701758934 0.246284906447703
-0.0584071839541645 -0.0190234202307258 -0.205642030095165 0.0111392715510593
-0.0580556202797789 -0.0399329175940248 -0.131713779490299 -0.0093341748621663
-0.0102637087029534 -0.148271361371711 -0.0395565316402841 0.125096536030611
0.0765987983684219 -0.201461280301669 -0.307841978790152 0.356298477203125
0.0712291782429994 0.0725653976572013 0.489951417451879 -0.220648974625185
0.12040769917178 -0.00766088156471662 0.093022719953405 -0.203411407355032
0.0426204445486165 -0.0981736456496665 0.0541590076509509 0.0122524599107411
-0.0927590264459734 -0.0490592449542889 0.132866861260821 0.0871959091815915
-0.0910865706517771 0.0392129794349416 0.296022953499552 -0.0641284277586953
-0.030905240233401 0.0875982928427702 0.253060042270992 -0.312517567942727
0.034137216286513 0.0856536844796228 0.122614823860081 -0.434072980369586
0.0564976864707831 0.0936147903890452 0.0540737170808488 -0.454077240120864
0.043069884149089 0.103670800567659 0.0899915111453173 -0.454917246750666
-0.0475949616726192 0.113790101409916 0.208102472018363 -0.35957679264624
-0.131268309562089 0.0568797206139063 0.267964082634747 -0.149378429570355
-0.133564333458174 -0.0761376258204484 0.126786750724813 -0.0318128944093622
0.0418331101338117 -0.169683246648672 0.182500433773107 -0.167576131602509
0.16540627820042 -0.0232596080494852 0.425294171897642 -0.266542048609003
0.121120043136707 0.0984869532874269 0.826426389788276 -0.00466733213541676
0.295784043576946 0.0461776262082393 0.440080310879746 -0.248018540324701
0.249714677067295 -0.132342673161382 0.0909001593480817 -0.182358096621326
0.056532681708762 -0.240928134337156 0.0605771729742149 -0.0277496192017338
-0.205810768309882 -0.126093340625202 0.103000626861096 0.0692796720165276
-0.245961325926738 0.0605806467605423 0.248782568450454 -0.0464123164244684
-0.149803857488177 0.200315190000757 0.231946278585153 -0.247277684488097
-0.00828794468264706 0.241743935007033 0.136810254066833 -0.363605126879915
0.034741572033139 0.267455730740099 0.0642712556260766 -0.382651149044665
0.00790767246389417 0.2805586544879 0.0745942256000373 -0.377076398538399
-0.181986733082635 0.285500252615619 0.152174710593066 -0.304381141282252
-0.354022117002493 0.115815277055552 0.199423370841118 -0.148933945895719
-0.354299966766883 -0.176498258409613 0.0700578051364638 -0.0785219049822928
-0.00111156207679964 -0.453308870298688 0.156277868147396 -0.215046891244853
0.375555242807185 -0.274218087032651 0.399961483553319 -0.261960084964613
0.439046893095688 0.00569775404313087 0.726052856912138 -0.00497659517330627
0.499121482705655 0.0169437881595535 0.312027950360893 -0.267270419960998
0.373527101989964 -0.264472650610939 0.0518555302929257 -0.135061054050224
0.0641625999463199 -0.391831285629642 0.0651670108325002 -0.0450844560290595
-0.317593090228564 -0.20589288688306 0.0829397098840362 0.0432935619838221
-0.392289125882817 0.0749086756021709 0.176286842649195 -0.0395015755809829
-0.262206769587791 0.293884084689857 0.172998680228506 -0.156860653694854
-0.0564978214122909 0.367939417689604 0.129968440745839 -0.241363383573765
0.00898059752638634 0.400483633234683 0.0667074357460256 -0.25237280970772
-0.0234608151054244 0.411419357119238 0.0507984417790567 -0.240323113915243
-0.278433284369012 0.419171780063147 0.0757925498509529 -0.194305100395948
-0.520527403322765 0.178271178808808 0.0968883347321695 -0.113427889788078
-0.537810207479281 -0.225598775799507 -0.0111005066535386 -0.108958742535847
-0.0817782194849528 -0.663924844559292 0.0933162551068384 -0.241471143827252
0.503298894876139 -0.497885114207045 0.323493206909236 -0.226021118869763
0.675930219695961 -0.100191911220883 0.534908018550017 0.0132543785813035
0.651002608266922 -0.0181311484035886 0.104508773744039 -0.273669924857857
0.469757627067674 -0.398840111460502 -0.0361954677873781 -0.0553646768430422
0.0511966830299152 -0.537522585226983 0.0523340776728724 -0.034584719216423
-0.423435037442599 -0.272537445670663 0.0545801524455525 0.0164514888731057
-0.503481712462984 0.0902759967732269 0.0716158431321047 -0.0343231527777224
-0.343080366198598 0.358318380910187 0.0769155708536787 -0.0430921916342085
-0.0945828868140616 0.448210850286974 0.0999930377853521 -0.0780680286937059
-0.0154985137725792 0.473650047901491 0.0587551732494116 -0.0850771367910628
-0.0498550118426874 0.473782120823414 0.0236702556438411 -0.068045377845658
-0.330241970893197 0.48327452726155 -0.0037463590504984 -0.0462486872804151
-0.600340404601348 0.218536251978796 -0.0214870442135153 -0.0448950500598576
-0.634933963343278 -0.222432115882409 -0.103103792166056 -0.114617690804898
-0.160017539387927 -0.751099975037649 0.0118804827175168 -0.231896601402028
0.529554671926397 -0.6326671503729 0.216343662481415 -0.153960036463651
0.785922807559814 -0.190121181457919 0.287262183164849 0.0546417745171913
0.711811863529681 -0.0561505700081506 -0.163454026727414 -0.255678583749088
0.505575852844925 -0.48964225963646 -0.163554131034137 0.0538044507156
0.0227682057056311 -0.61890309942343 0.0181887505119846 -0.000643011868320661
-0.47786252242351 -0.30023984790802 0.0058048225900269 -0.00913409650372642
-0.543696161574662 0.0950429545907948 -0.0599756139968528 -0.0175931371220266
-0.370447469484949 0.372179205112147 -0.0412840853067481 0.0882290324166809
-0.114604763265964 0.461820277285946 0.0520915938713307 0.103854989382098
-0.0363893744434809 0.471831283503331 0.0418377188119578 0.0952785590996958
-0.071702231448253 0.460236616386104 -0.00332543185352952 0.112237498125787
-0.329557064182327 0.464896589381829 -0.0754913864338751 0.110017609945965
-0.575468034178335 0.210787192563708 -0.131961636116086 0.0394612478683437
-0.598708039088367 -0.190374584891111 -0.180419849165569 -0.0988122878160646
-0.186394627252979 -0.689482291546632 -0.0640201724013162 -0.190451419609621
0.471317122700997 -0.63093762188562 0.103447746426116 -0.060098198837924
0.75832292149488 -0.23506015999344 0.0308069090310697 0.110300408181346
0.657333215119193 -0.0906841462320959 -0.445083266783672 -0.210394731526067
0.449342504897362 -0.490208066455367 -0.301200014862966 0.170436426043728
-0.00629173080195504 -0.573324767196316 -0.0312212980092761 0.0446315045201829
-0.432926156826652 -0.26493134738867 -0.0534593461885254 -0.0286123874120646
-0.476136403526528 0.0806608401647505 -0.191093649449855 0.00896431033881678
-0.330918588270517 0.320501487127371 -0.15526546460993 0.215338538511457
-0.113502960644373 0.399037119892992 -0.00317710834355137 0.275260087340048
-0.0527180797422553 0.399034157538601 0.0188011703383884 0.260359475306732
-0.0858392891884092 0.378108392057962 -0.0296664939610606 0.269276479558952
-0.287877064939065 0.365868695878816 -0.131216490188929 0.237910170842782
-0.45759028225607 0.149403193670708 -0.215430507421219 0.106582800288368
-0.444368588706238 -0.149165075853388 -0.220662643580477 -0.081391660957157
-0.144626195663564 -0.509671119901361 -0.110254468487048 -0.137386323685391
0.356449006691448 -0.502118753515195 0.0139726244817227 0.0231210603267561
0.609854163242063 -0.235595361833783 -0.185483610108101 0.161193995158248
0.479820751390281 -0.110865749264301 -0.684526514437376 -0.143714130324538
0.299509419123924 -0.383751008150172 -0.413082434734995 0.266735370818696
-0.0341847262683893 -0.395808148922879 -0.0816919675980042 0.0968104843280475
-0.288830550203916 -0.167977923450621 -0.0968718569731206 -0.0329314813418096
-0.311659066914659 0.0486426134789838 -0.280736395935023 0.0348129573177425
-0.228596126248808 0.207118747035069 -0.238529177970871 0.30729733999308
-0.0948629812412948 0.268993451587346 -0.056094328466092 0.404480574860848
-0.0621411104013035 0.264729496820346 -0.00630788373681494 0.38438359169005
-0.090546894725555 0.245789076590305 -0.0562037833073407 0.379697451210726
-0.20712766881712 0.22093126190458 -0.173394350440016 0.314955513612502
-0.284699061809551 0.0631620782123735 -0.265711284496974 0.137432309469793
-0.237296346326459 -0.101547368447257 -0.219229724806903 -0.0747683432794752
-0.0819124134179481 -0.276901415568213 -0.122838149453394 -0.0917786027115271
0.206889308019026 -0.316968844463175 -0.0428945654834388 0.0751604688152819
0.389398958163337 -0.198657710425772 -0.33529215733451 0.193235104145287
0.212780130528487 -0.107275938695065 -0.83472192831118 -0.0631352295426362
0.0933716720686002 -0.202980733678361 -0.476716961375589 0.330040253549061
-0.0559456942285662 -0.138030710573825 -0.114835760379811 0.156539365762265
-0.0899870080811449 -0.0385341228428684 -0.104172328255288 -0.0182756422611721
-0.093860329827708 0.00613940113799473 -0.305100141593718 0.0518458534264225
-0.0915793642619491 0.0559687939054219 -0.273833162231242 0.344444034270381
-0.0640439142185347 0.0913616941471652 -0.0931902908077796 0.469646030886418
-0.0624748429988526 0.0916807129177813 -0.0303810409262721 0.450037148065536
-0.0785175909833333 0.0866219049324966 -0.0810981509926793 0.430901694792311
-0.100705020836281 0.0648069099545126 -0.201375992778199 0.339008575840229
-0.0950835715327395 -0.0094071472423325 -0.286516513040572 0.137887686387473
-0.0459961670968031 -0.0383323704596979 -0.191763376005715 -0.0724884532215788
-0.0403171394201653 -0.055220217268757 -0.11413123983122 -0.056078902010549
0.0418835582526207 -0.137919666714127 -0.0747818632594728 0.0939374513461127
0.137026123108121 -0.152015593804291 -0.409337792647154 0.203798551760571
0.0737995658781805 0.0714857147373262 0.481669356877065 -0.228771756540671
0.121638378436488 -0.0118497978091514 0.0867201182429812 -0.199752445343455
0.0406382834538418 -0.101562719778476 0.0543484923894678 0.00830153406096462
-0.0947610675311472 -0.0473908179813694 0.134250581560949 0.081449083505059
-0.0911474752489723 0.0418626864198251 0.293159650554588 -0.0744628323514123
-0.0271064245522371 0.0884130282067311 0.240787316206515 -0.320665217894029
0.0385353330722261 0.0835324589094263 0.105901299556502 -0.437526816154491
0.0597873968847925 0.0907965608204881 0.0393857793627512 -0.454355242922503
0.0472398053725403 0.100678093169358 0.0749815539696315 -0.457419091742964
-0.0438654198806218 0.115629364946237 0.195910970706471 -0.364157419484893
-0.129241602267966 0.061906297143467 0.262737784812141 -0.157957853366475
-0.135478257322931 -0.0716289139265417 0.126659868850306 -0.0341203500176086
0.0376530496095156 -0.171619760319804 0.176941619096214 -0.176292222692576
0.166597574070251 -0.0269743148966011 0.416866460541045 -0.276034449265065
0.124976093442073 0.0969118346348202 0.825438328452553 -0.0192673314268921
0.297489872317514 0.0384913124861198 0.431802595797676 -0.252334151014086
0.246250555986279 -0.138904282778187 0.086620614030219 -0.178377223163633
0.051267490879828 -0.245103135806405 0.0583219609185014 -0.0320917495960379
-0.208308370319866 -0.12072935992457 0.104978721672565 0.0646679663534
-0.24444746755541 0.0686350879225528 0.244317478293318 -0.0554210085538255
-0.141940588265632 0.205588197737928 0.222303815032147 -0.254457028927165
-0.000564379139103389 0.240308470006686 0.124575712168533 -0.367444394044641
0.043875404193943 0.26490094627054 0.0534809671547337 -0.38269386083842
0.0167419518178075 0.277362548514117 0.0613501289787905 -0.377398549071986
-0.172828689064746 0.291867885410733 0.140969769783702 -0.306271773941201
-0.35041801415007 0.128409413675312 0.192741169681801 -0.155243719323701
-0.357279036614809 -0.167578786547379 0.0674774286800795 -0.0789115836077265
-0.0116790862218412 -0.454992018510695 0.149916269629573 -0.221200483709363
0.371576855461378 -0.283870856654141 0.391621661275569 -0.267774549819205
0.444036381724213 -0.00266920242918543 0.723688363807029 -0.02014533300496
0.500813928212263 0.00375667887432496 0.304515512696416 -0.270106357914466
0.364791449139645 -0.273468088204017 0.0498144073510527 -0.130094111247294
0.0550893693543469 -0.395971835704039 0.0608463694187784 -0.0489506566811375
-0.321661279649502 -0.197032554454482 0.0856616619212657 0.0387640259571117
-0.388861082266724 0.0879591536705263 0.170950756736665 -0.0475784278936274
-0.251500852820777 0.302299143185044 0.166238644524049 -0.16325117328083
-0.043794246904878 0.368836312726354 0.120846833006387 -0.247302849191561
0.0227476224004005 0.398485940935021 0.0602347788904443 -0.253206756045106
-0.0115665431568301 0.408130893632251 0.0423417853697853 -0.239174974476549
-0.265321513103076 0.428375483932875 0.0692924477873397 -0.192999628471335
-0.516100058199333 0.196369103246331 0.0901917248914564 -0.117508756007712
-0.543248788059472 -0.211213113058502 -0.0172726508197679 -0.106246615961561
-0.0991465595780129 -0.664893898662503 0.0872331926367921 -0.244462878564338
0.49106570295118 -0.510176441824514 0.318143624556478 -0.231719446816354
0.679791072138705 -0.112316023144789 0.533235311039349 0.00246111571905645
0.651472681467138 -0.0363884179033013 0.0980674052867227 -0.272224269647679
0.45725662690654 -0.408929964978116 -0.034509385746562 -0.0489738576672474
0.0403035998834122 -0.541221804110196 0.0485951577674027 -0.0371149456045127
-0.429028723669202 -0.260201093255252 0.0579865407202754 0.012478275539422
-0.500912048705809 0.106117241062873 0.0656957053727135 -0.0381976565676191
-0.331058807308298 0.370832581873742 0.0744580439110608 -0.0462553999727278
-0.0805685839021199 0.447871385349051 0.0954239732030507 -0.0851842879683985
-0.000324622491022055 0.471047696756076 0.0578863776516945 -0.0858778322555143
-0.0363996475723464 0.47191073574564 0.0209825037149762 -0.0653825589884109
-0.314541753719061 0.495617268325718 -0.00539147415842533 -0.0421002308749813
-0.595000864291994 0.238043082386724 -0.0272021690524623 -0.044410947882314
-0.638671933456571 -0.20700539266499 -0.109793329180109 -0.107597589973492
-0.178844666310001 -0.749429650198901 0.00569110566680441 -0.230494828739441
0.515273124489492 -0.647500834369572 0.211044148214646 -0.157357753780298
0.788872743965196 -0.205210934413256 0.287066352707569 0.0475391044372973
0.712499738290595 -0.0770286989577552 -0.168243504291351 -0.248815171097434
0.48955722927549 -0.504004909176649 -0.159272865159606 0.0619020759083627
0.0106931844331745 -0.623294868054753 0.0148287527319524 -0.00202527341403702
-0.484669589215945 -0.287061655243175 0.00961386885976141 -0.0110259466138407
-0.541569387728506 0.112165431692459 -0.0661206196036924 -0.0163127480184903
-0.358106200968813 0.385201479720335 -0.0393800341900489 0.0893091625436467
-0.101600252842584 0.463018365348793 0.0534684573298162 0.0969834147880962
-0.0204485317384067 0.470103873899708 0.0460800856758696 0.094685414909105
-0.0607955777666764 0.458477455220225 0.000129128358508566 0.115341085097844
-0.315764292619533 0.476824788700495 -0.0708861644633251 0.11592852483934
-0.569207924504382 0.22989108827873 -0.135152450584788 0.0425301760024222
-0.601475988628358 -0.17529869657136 -0.187089484059865 -0.0897816656220894
-0.20220502062479 -0.684882689748622 -0.068552141157414 -0.184702355766984
0.456541292925332 -0.643115433143588 0.101607155193342 -0.0615147606812867
0.756811861031846 -0.252052010888919 0.0323927956425599 0.107492654540064
0.656581073238593 -0.109137736423076 -0.449335509966412 -0.198456009090026
0.432047510066062 -0.500314650170216 -0.292796154747268 0.180134333738655
-0.0186517875339895 -0.575480638469694 -0.0327830587719699 0.0456920839634146
-0.439465364293332 -0.252734941185473 -0.0503417473546074 -0.0277991425148099
-0.474577930180236 0.0955642981018358 -0.195891557940906 0.0146309276707995
-0.320822546822184 0.331481958829382 -0.149470511036085 0.219490840566508
-0.103924704437379 0.401205470468664 0.00379768968989467 0.269918329710623
-0.0392243706611433 0.397256954458148 0.0279750518947832 0.26033823964325
-0.0775569231434594 0.377570153505471 -0.020490518967029 0.272799644815573
-0.277336099314418 0.375780463776313 -0.122592294526613 0.24450093364702
-0.453485494641562 0.162706123587996 -0.215591714315687 0.113068141121575
-0.447061870492399 -0.138671539268728 -0.22696045089517 -0.0722164689871771
-0.158094224352463 -0.505914240634663 -0.113017681567481 -0.129117559773956
0.343716580710813 -0.513139800235725 0.015222518345462 0.0230407887180405
0.607290744669085 -0.247175504391659 -0.182596703058274 0.161905478639839
0.477775873915168 -0.12443736097672 -0.686948643960019 -0.129625338649408
0.287551299433929 -0.390899669536262 -0.403824403831909 0.27577433579487
-0.0423779601730412 -0.395591542355157 -0.0809769345564806 0.100133885569745
-0.291623947267451 -0.159298185614824 -0.0947886017407079 -0.0300347569253948
-0.30999650114348 0.0588040281310098 -0.283012754121379 0.043224718943327
-0.221192246666922 0.214440160200127 -0.228868740970654 0.314762364940573
-0.0881807004664637 0.270646995567516 -0.0438918790525876 0.402249084508676
-0.0537226911690016 0.264997904631634 0.00506347114578537 0.384319833052374
-0.0848983528875649 0.246837060570557 -0.0436551962931046 0.383005208077362
-0.200369569574856 0.228058288261259 -0.162413778435171 0.321612630179534
-0.282678112915411 0.0715105884506773 -0.263716584181941 0.146057644249466
-0.238470644838862 -0.0962537865049762 -0.224880618988582 -0.0663722876968111
-0.0885075840614882 -0.274480797971019 -0.124251542140714 -0.0828695054607544
0.197065512326756 -0.323031997008533 -0.0389751955242087 0.0748173942684126
0.384603648155994 -0.207083208492946 -0.33003096587957 0.197257152070485
0.210142561234245 -0.112672678522383 -0.834402607350364 -0.0474552977062216
0.0869377969025097 -0.204453459484255 -0.466945938967947 0.339979344464619
-0.0585667528248248 -0.13621165707499 -0.111155624862008 0.162105603576558
-0.089746658071393 -0.0354690215037074 -0.103598943937842 -0.014709929703317
-0.0933605896176686 0.00814518655206038 -0.306248359154626 0.0619832614881681
-0.0895447577060505 0.0590347097550119 -0.263492896451386 0.352746915056769
-0.0629170702910417 0.092902812083218 -0.0788638102721336 0.46820310191883
-0.0608092436398424 0.0932200659788599 -0.0170636223990011 0.450084895523003
-0.0767113354048765 0.0892716453281489 -0.0668362655637316 0.434577277371232
-0.0976938779910888 0.0680719114250105 -0.189531395597576 0.345178454854417
-0.0953625598707483 -0.0074500370389021 -0.282607325294023 0.147692690670347
-0.045960281600619 -0.0374808791090424 -0.195182563156539 -0.0657413912044361
-0.0413336533086233 -0.0532324728963622 -0.114470358104756 -0.0478471321606819
0.0357469657381048 -0.140098764202372 -0.0704419783684668 0.0936835131464071
0.131926291088896 -0.155046886422783 -0.402952041244457 0.210386742211713
0.0775504788962431 0.0698638667390824 0.477160147121104 -0.245643166694947
0.122848013856245 -0.0176801036300558 0.0807147879422455 -0.198915041673742
0.0376339433203505 -0.10709451599997 0.0541507829745648 0.00368014277570255
-0.0982265591127304 -0.0445667943704084 0.137635049941827 0.0759538021061023
-0.0912285463659877 0.0468217103675847 0.291320278660655 -0.090033890342067
-0.0228092830248242 0.0907346584924593 0.227403355822292 -0.333053813111678
0.0437550078104862 0.0817711048518131 0.0881382229585721 -0.443897320971149
0.065356216211442 0.0874668483301882 0.0212800834637255 -0.459069793816372
0.0530031935007096 0.0982630454622986 0.0546342933117247 -0.462737483901034
-0.0387271184804821 0.11903784781447 0.179998228230323 -0.373902850106815
-0.127364014821355 0.069546996813117 0.257636291063004 -0.171276793914868
-0.139271044054433 -0.0663462195833764 0.127258618434628 -0.0390226141558272
0.0316297490296971 -0.174977141217494 0.170996102297663 -0.18933498569794
0.169323476463526 -0.0328065448290855 0.40865700136176 -0.290787722065077
0.13202310528271 0.0942212561490188 0.834154167053813 -0.0462120903044614
0.302971836656362 0.0269313197789953 0.42721315000254 -0.267103623803347
0.242515479219313 -0.149070339350027 0.0818470292093622 -0.17759890903002
0.0427013548632565 -0.252488244431885 0.0556788594037556 -0.036617021448681
-0.214480991069985 -0.114510134227342 0.108763573162536 0.0590317088422035
-0.243941090137097 0.080600370814902 0.240453406460737 -0.06744555082712
-0.133601346312675 0.214446663644727 0.211191266097064 -0.267095753932943
0.0106479146927009 0.241364761491389 0.108127520357531 -0.376125540470537
0.0571468407068684 0.262614734645539 0.0390251534839633 -0.387863303489548
0.028787061625934 0.277140552482302 0.0448221447588736 -0.381670719751007
-0.161402628509069 0.302656703856877 0.128608851575461 -0.312903874116864
-0.347704164677183 0.146776664072263 0.185678946864867 -0.166346285583618
-0.367966903095391 -0.154246892332534 0.0643692706398912 -0.0804466766420678
-0.0304854440425957 -0.460985736338904 0.14289782426585 -0.232275614600208
0.365640208879312 -0.300025430481615 0.382478663631811 -0.282925154229636
0.453132978925069 -0.0180965518086471 0.72983216910282 -0.0440216310648141
0.506155087515025 -0.015371565363538 0.298681579975774 -0.279980884727746
0.355088136887301 -0.289978062596928 0.0481527694593614 -0.127258513275007
0.0405599769671094 -0.404658347669396 0.0573618300516454 -0.053262257925591
-0.330794494034925 -0.186830003489157 0.0887796086708359 0.0328227963996161
-0.389066868931381 0.107122346995544 0.165627353318116 -0.055883361669891
-0.238880826733301 0.318103667457743 0.158646587769579 -0.172412515809308
-0.0293194397014161 0.372702367400091 0.108529935727562 -0.256241556792074
0.0412693920345042 0.399803785748887 0.0521968530488926 -0.257849525993038
0.00483095187167325 0.410739147817139 0.0321984362280744 -0.240632586577467
-0.247788539347194 0.445057542530245 0.0612877488072615 -0.194877530120086
-0.513260831615313 0.221388450752837 0.0815827159452717 -0.122790970651511
-0.555846858574884 -0.191503673432528 -0.0229233267607132 -0.10339807344287
-0.124572469642033 -0.669851713936039 0.0784537654583648 -0.250609727965957
0.480066967432897 -0.535827778969031 0.310628591003881 -0.24349048794676
0.689891781616384 -0.13659996720274 0.538532986719034 -0.0155819950383396
0.658433897310052 -0.0617257853261284 0.0914545494863987 -0.275200609879247
0.445249123172551 -0.429006311702751 -0.033650065376386 -0.043057850390761
0.0187211929040973 -0.550903948345381 0.0450503345684583 -0.0398625893235581
-0.441795594043201 -0.246949983169502 0.0619477912040739 0.00733040091783103
-0.50158522886039 0.130016883037445 0.0592014276741728 -0.0421914838738642
-0.315053312777657 0.38816485943962 0.0709478302657729 -0.0503440470684887
-0.0629839702825399 0.455056977592707 0.0896497075742601 -0.0932143616281286
0.0209482447702247 0.473012149617832 0.0562398358841711 -0.0888297672342382
-0.0195261155432359 0.475158309219989 0.0187471859291882 -0.0636689528293608
-0.294599631531961 0.517951582608754 -0.00704558546165371 -0.038827471761705
-0.59093371312976 0.268583256940633 -0.034374429569773 -0.0440825995853692
-0.652723629354369 -0.183751627792357 -0.118185168477271 -0.099774501074219
-0.209275069656617 -0.75186251015821 -0.00313175625910317 -0.230950415328036
0.497544258367462 -0.675502753902522 0.207070298559315 -0.164362768406653
0.796440661410213 -0.23450326894007 0.291043279899441 0.0372079483834817
0.719728254067858 -0.106483772848855 -0.176761264472915 -0.243648562604681
0.474901743678092 -0.52547285930452 -0.155326505649417 0.0717632354341455
-0.0121990968437281 -0.631860477089682 0.0115519427836924 -0.00192343338181383
-0.497769149607492 -0.270867738121356 0.0131316936895823 -0.0141992088943313
-0.542006496659826 0.136200060962718 -0.0736009538217808 -0.0136403418291411
-0.344216385003591 0.405837831367405 -0.0374853034687219 0.0917311475931759
-0.0840848829847062 0.471032829133344 0.0546764157367681 0.0919593950167426
-0.000982653080381127 0.473266113570183 0.0521859608233869 0.0937959272088086
-0.0431902874426548 0.463460094224541 0.00625378795335051 0.119835560884761
-0.297944024886341 0.498230977655613 -0.065378500040637 0.123648469993211
-0.564988369918383 0.258782474980752 -0.139332532886702 0.0494551313550148
-0.612671775792964 -0.152998703478199 -0.196312960537617 -0.0785089263300882
-0.231616197937744 -0.685620816242404 -0.0757301098264578 -0.179828585251758
0.436893672619367 -0.670055298084829 0.100696096589198 -0.0642843712051364
0.76162762087281 -0.280522561700983 0.0352752597244034 0.106667933854678
0.658557836383425 -0.136932355988334 -0.458130041237389 -0.184300777262785
0.417161824798847 -0.520557827177043 -0.287327224054274 0.19340386267117
-0.0406435106195372 -0.584024383727823 -0.0342556347142133 0.0489817460946631
-0.451659297579211 -0.239940118769217 -0.0481191758963609 -0.0279047037220774
-0.47569720508366 0.118262859687002 -0.20248643215892 0.023830892146385
-0.307274250591536 0.34996827744702 -0.142175717595421 0.228425412159606
-0.0894361611644646 0.408854325868545 0.0125875679002028 0.267976370475832
-0.0226512789533803 0.400797976194243 0.0400671327419256 0.2607508168111
-0.0635868295593537 0.384853656662175 -0.00817182803741533 0.278595810704894
-0.26205781367586 0.393646488283051 -0.112158943842222 0.255099718115376
-0.452537043377765 0.185632316483835 -0.217036455196009 0.124394268598846
-0.455239465677047 -0.123517397206561 -0.235284308023451 -0.059765082031544
-0.177801125882795 -0.505236656427094 -0.118242024497042 -0.121039218355095
0.326199227713003 -0.533330861982679 0.0171226748429999 0.0219529972313026
0.608458650077715 -0.269056029422024 -0.179526289477028 0.167321075721463
0.478326367125412 -0.144626407302829 -0.697009197167315 -0.107732819941079
0.274388294304131 -0.404345564789303 -0.396703886883504 0.291754584132545
-0.0563890385140376 -0.400883725624621 -0.0797320661676793 0.106181500475164
-0.298843015557603 -0.150047170596098 -0.0938098794619654 -0.0282294001675641
-0.310886680539313 0.0717725928128018 -0.288597742704113 0.0572533984527396
-0.214062590087915 0.227245261149815 -0.218153279714886 0.328677112738585
-0.0797519279647189 0.276527105912697 -0.0292207588325987 0.402164180633577
-0.0436107342522091 0.268789006133532 0.0219600619685639 0.387188202020336
-0.0774227523219888 0.252941404388105 -0.0257196751940228 0.389162712644407
-0.192171257160595 0.240023176406381 -0.148031108442231 0.333800834598596
-0.283415872047061 0.0842288152153504 -0.26211938313511 0.159578631845649
-0.244008187052849 -0.0878142726688393 -0.233197160298611 -0.0549087251059198
-0.0997669370392761 -0.272894918196792 -0.127044654432528 -0.0733793642277304
0.184755082058558 -0.334771522645025 -0.0358780062477364 0.0748034142559877
0.382524870626639 -0.221042636320738 -0.326939607159564 0.207894738464312
0.207575506093792 -0.12287919186569 -0.844673354970551 -0.0210006644146659
0.0790436999057571 -0.209617853340306 -0.46095098377381 0.357043103966334
-0.0629835368223898 -0.135313297141659 -0.106648457662236 0.170032171460283
-0.0902249589953258 -0.0326738896970349 -0.103359090416006 -0.011227694912598
-0.0938757917236013 0.0116811318857215 -0.309447452514836 0.0766140435043017
-0.0879770376071244 0.0635167851816555 -0.249859281681196 0.368610517279357
-0.060808852462497 0.0962974049898725 -0.0610069695339229 0.473649360000314
-0.0579281537954709 0.0961536728348016 0.0023260956360045 0.454962826806891
-0.0744364960318928 0.0934037486443829 -0.0477006259881579 0.442364239356551
-0.0947646261730135 0.0735236760804134 -0.175422044980195 0.357140554894386
-0.0970267412332011 -0.00442764212433353 -0.279099317759776 0.162530171765669
-0.0475419461044307 -0.0362325804949194 -0.201951632399411 -0.0570265767789647
-0.0427803427280012 -0.0504192022503115 -0.115639129072186 -0.0390561075453528
0.0279916066240463 -0.143948858391186 -0.0659845176830216 0.0942374982956196
0.126388265788215 -0.160647677207876 -0.397556229952464 0.222714624977369
0.081876369737643 0.066744668307792 0.463676534701123 -0.26907106288163
0.122460256330837 -0.025711856841464 0.0710428735756256 -0.198492341833351
0.0311258413740164 -0.110891377436923 0.0537697209422486 -0.00140178013698413
-0.101734108738337 -0.0382388722364475 0.140554951407962 0.0673202171798717
-0.0884063477939993 0.053977427117443 0.282618088639209 -0.108953057479969
-0.0162842920619114 0.0919309056859649 0.205445096808072 -0.347858349897095
0.0494838831138281 0.0779668576345676 0.05981523479162 -0.446695678029652
0.0715836292549803 0.0822898517254987 -0.00610308957006407 -0.458959486905869
0.059651800565978 0.0930748806834617 0.0241052670788513 -0.462444598208004
-0.0314223380233895 0.122464127923329 0.156156289014641 -0.383776400341161
-0.122194847651118 0.0784089483558395 0.246703814219544 -0.187936540669292
-0.142966371042143 -0.0584428734691152 0.126609029441297 -0.0469048768623345
0.0210156099894871 -0.177882155290192 0.159205287473744 -0.203459154111905
0.169456449855678 -0.0419001895808387 0.390417005288736 -0.311317871907305
0.139029986612159 0.086469182883243 0.83314918880769 -0.0907420973379366
0.30401078318313 0.0107150660066142 0.414014984926002 -0.28736686943624
0.234255209059595 -0.16334713936334 0.0748717926956212 -0.1761189055093
0.0280584079442395 -0.256333459814581 0.051984654804352 -0.0412333766407956
-0.220988423679772 -0.101210910595042 0.111294016600641 0.0502706051743471
-0.239451154552313 0.0965408269946374 0.233053905385209 -0.0831840426597413
-0.118715917342981 0.222400370230376 0.191814446711053 -0.279373647560188
0.0258453322849742 0.239648370267901 0.0826103306857259 -0.380871646702225
0.0737845534358983 0.257619761434805 0.0157860783904488 -0.390087621527119
0.0449203666938548 0.272518182436622 0.0212559597610628 -0.381152459062227
-0.141843598940657 0.314042886812698 0.108453113457328 -0.317659205744386
-0.338482300965212 0.169942136983063 0.172799966898978 -0.178229133115739
-0.376139302170295 -0.132243392981452 0.0603945692021369 -0.0829375556839221
-0.0578664689296941 -0.460931281798818 0.128334987131875 -0.243628118009287
0.352507158515489 -0.321954866490134 0.366091537496974 -0.299856434960754
0.456218808232893 -0.0429441502910706 0.728169293146527 -0.0825148782085527
0.504591701349451 -0.0451773914855426 0.285439435796163 -0.292907108935952
0.338787014895227 -0.307928863651105 0.0442643795423826 -0.124416615758794
0.0164532836232007 -0.408734441541823 0.0526966973940167 -0.0570035769543624
-0.339762745692889 -0.167882932776724 0.0923904595526382 0.0242945433280894
-0.381846737300205 0.130667457007129 0.156882572365942 -0.0666745669973745
-0.217633074587787 0.332292073641645 0.144855023265458 -0.18132389554454
-0.00549564751440862 0.373432950486537 0.0891431604428349 -0.26290814796644
0.0664191739268212 0.394007400369278 0.0376638373279886 -0.261368739404389
0.0284312378143885 0.407473280575276 0.0175474382379325 -0.239337444492104
-0.220054078718374 0.462822968040745 0.0494351567276506 -0.194910269863606
-0.498951603092342 0.25564700353223 0.0697939505874192 -0.127861734126207
-0.56629529550915 -0.159952672460669 -0.0303369133353456 -0.0989164365106829
-0.165371014389505 -0.664926892921458 0.0640455548857152 -0.256077792970235
0.451334708296531 -0.56549857833061 0.296171463335556 -0.257220231007324
0.687974614720127 -0.175084448841522 0.536956353469832 -0.0460223367404515
0.654104361786581 -0.100899690845007 0.0791310714257859 -0.277116338826892
0.419211432497319 -0.452828526336704 -0.0325038695821939 -0.0372129039172877
-0.011784766375768 -0.554695168235721 0.0400530975292075 -0.0422117486021219
-0.453976037789325 -0.221102918031318 0.0647682966724144 -0.00010961879741566
-0.493299353160222 0.161076373646036 0.0509048038080421 -0.0450748613737767
-0.289016843468645 0.408805070912303 0.0654971442431729 -0.0535650551242623
-0.0363826780207589 0.458815470501096 0.0805369949879399 -0.100089676623414
0.0499112015055223 0.468119497412101 0.0524405086392662 -0.0931409985172786
0.00845132087237311 0.473535172035131 0.016640281559999 -0.0616289787121437
-0.261635921287156 0.535966195267873 -0.00877890382409559 -0.0344669366355466
-0.573495814653407 0.307465515274735 -0.0421733815895924 -0.040978750769922
-0.662274491438574 -0.145902537310723 -0.126570019997361 -0.0887473951237001
-0.253875458270055 -0.7416098227737 -0.0156773723904906 -0.229718700995557
0.460478280012747 -0.70431342117976 0.198102930604614 -0.173837874727126
0.789647478839793 -0.280134243509026 0.291625728061711 0.0218217800714711
0.713743243541362 -0.148514331485007 -0.187542031552709 -0.232374974046633
0.442175906690458 -0.550879288682738 -0.148324445462385 0.083223552916118
-0.04892802435642 -0.635103792706849 0.0091149513868478 -0.0012265236427849
-0.511263113743597 -0.2410006238212 0.0153868363857282 -0.0182678900231092
-0.533034192058655 0.172459594025195 -0.0796567581190787 -0.00823327643415126
-0.315513797874374 0.427472643831975 -0.033537178525433 0.0950736769080601
-0.0557337920571845 0.475491092421285 0.0574106875298699 0.0850599388760288
0.0279624844582404 0.471310584333396 0.0589714482157254 0.0889574002559773
-0.0165920378537731 0.464831393473214 0.0157481599669659 0.121678754748395
-0.263323553349663 0.516617158757271 -0.0568459122740638 0.130513786127216
-0.550284812314815 0.294894195228141 -0.141312785457848 0.0592947803529203
-0.621769781245937 -0.117608342291319 -0.203106437403116 -0.0620168154008607
-0.272406130582643 -0.672629427911187 -0.0843756307329327 -0.172446953405052
0.398155185030588 -0.694730130928236 0.0974328729112234 -0.0699407898083276
0.751582426995063 -0.322125772430234 0.039721810782566 0.102895283565483
0.650514363304924 -0.175752637965091 -0.467272249744766 -0.158044247804799
0.385868569881264 -0.543774824954875 -0.274583039258631 0.211168300044593
-0.0741767088419799 -0.58458076391627 -0.0340043314399181 0.0527901329608886
-0.463206964236129 -0.213630683802735 -0.0462215313860014 -0.0281375732523098
-0.468451546590397 0.147417286545494 -0.205699674348205 0.0380454693737849
-0.283887219654524 0.370800790099704 -0.12839773899509 0.238093781399779
-0.0650929595886821 0.414260803039141 0.0262173152102652 0.263047525158425
0.000241629328751033 0.400742799425776 0.0565420004861274 0.257138678421069
-0.042959675746448 0.385922571656853 0.0117312368489761 0.280354705721048
-0.235864574051087 0.41119835728686 -0.0944720848592534 0.264099638917359
-0.439619283136201 0.214103401103928 -0.213466574177485 0.139577092943301
-0.461204940445506 -0.0964701097899942 -0.241763884949974 -0.0406827467016011
-0.209222347381779 -0.494112118565802 -0.122932697281933 -0.109868434074915
0.293811005807983 -0.553323855769649 0.0192020093713778 0.0205450422144317
0.598088066842663 -0.303053755260842 -0.172103125667277 0.17568464488051
0.467683234710692 -0.172853144787524 -0.704190554456783 -0.0689211347509794
0.249982940978816 -0.419616318410969 -0.379239844378945 0.314515272604264
-0.0809055125408231 -0.398444577189691 -0.075361087599659 0.113462968485787
-0.30653427261844 -0.133890515785203 -0.0924297010242552 -0.0250297692759444
-0.306479353392799 0.091565438165982 -0.288888283310005 0.0767324576300653
-0.199192874457719 0.240113551737456 -0.197796918503875 0.34274459956583
-0.0640873931532475 0.280996382761931 -0.00702559606655652 0.400943973177603
-0.0278613710713954 0.269537680253558 0.0455811924798846 0.385196964754469
-0.0627697603373875 0.256957359018117 0.000116848138670088 0.391548282231242
-0.17495470447495 0.252261445356912 -0.125387099574235 0.342966152819502
-0.277563422392363 0.102162456174347 -0.254578548407974 0.178240261370609
-0.247399473153092 -0.0742691727422976 -0.238387214191576 -0.037462164543185
-0.114600563464786 -0.265184050132288 -0.128981021877213 -0.0615089252923405
0.162261911941392 -0.344769217373815 -0.030194270977777 0.0742751976280924
0.370721979798303 -0.242363832171114 -0.315855590941145 0.223290176490605
0.199651290611967 -0.135006953062091 -0.850011478178759 0.0225341355354619
0.0658824416821612 -0.213682150562606 -0.439703245034128 0.380858198362808
-0.0699783938136953 -0.132260855102317 -0.097293270947187 0.178521960898213
-0.0903826501783422 -0.0288217178398097 -0.101907665025106 -0.00501719534283061
-0.0931656733340698 0.0174817036316563 -0.306203904534017 0.0967931696119335
-0.0841530126152963 0.0684182682543989 -0.226417505823301 0.383282857679909
-0.0558613104355008 0.100246102342967 -0.0324289001372634 0.473418996309262
-0.0533212401438569 0.0993757948680617 0.0280363380507126 0.452679784452943
-0.0693906568221176 0.0987025588844572 -0.0189727033654517 0.443968814326321
-0.0886662332954057 0.0794702440406587 -0.151751592068213 0.367924100036972
-0.0973833595495315 0.00124701016391157 -0.268905563638172 0.180914025080952
-0.0494054570752636 -0.0338647572056387 -0.206946163871785 -0.0429347459614831
-0.0453943993021701 -0.046690657499349 -0.11554851152812 -0.0275204008691614
0.0163270853180071 -0.145671311020054 -0.0595147342633061 0.0943485384130837
0.116164746922219 -0.167413939521755 -0.386076308719651 0.242262163482462
0.084374736159262 0.0606660447244136 0.437711212524321 -0.283706245663841
0.118212505654502 -0.0331464913114744 0.0606076671530551 -0.192994447790634
0.0229425122220505 -0.11092226375483 0.0517201932072368 -0.00619759247440401
-0.101911674314811 -0.0301298661743929 0.139458105053194 0.0569041724252879
-0.0825428883044741 0.0585917990305605 0.266090284759697 -0.123803531753719
-0.00871134861608254 0.0904621587808409 0.176677971066322 -0.349019819911514
0.0536451598888333 0.0716964618475724 0.030262904163463 -0.434998437724567
0.0745965521228155 0.0743155801609924 -0.0326943601810268 -0.445131017302462
0.0633943730988737 0.0849327429518036 -0.0046331185919573 -0.447593479390817
-0.023016372839495 0.121813385875518 0.127360426005106 -0.380303618392615
-0.113183692608701 0.0854422437132334 0.227741524772238 -0.198264030160864
-0.141746106617262 -0.0484249592597038 0.12078346644361 -0.054611520953326
0.0105746121342854 -0.174769717755191 0.140773528215994 -0.210762758521215
0.164234773093712 -0.050877221287817 0.36152035591204 -0.322002964514991
0.141089391986662 0.0761029557687021 0.806682964070273 -0.133038929247411
0.296837489978438 -0.00701387807890643 0.389083003110297 -0.298320170734716
0.217605536625082 -0.170924197844671 0.0667350375871419 -0.171296707444014
0.0116354897298742 -0.252456461180573 0.0476298644484734 -0.0442544765626645
-0.220046445987896 -0.0846573271360401 0.110703314329882 0.0402796259273775
-0.226226675209942 0.109444745203558 0.217769930692057 -0.0947297788246938
-0.100217466977929 0.223541693883186 0.167461180134696 -0.282150975760925
0.0399750418790746 0.22982717821719 0.0549597782768516 -0.374385432898686
0.0876863473031509 0.243902541187781 -0.00678572266452402 -0.379592156974188
0.059925400900119 0.260323905975104 -0.00208681510769291 -0.368605055595845
-0.117232039593478 0.315277901711407 0.0855301941075105 -0.312650040401905
-0.318046152218875 0.187612387724028 0.154163322876024 -0.183935396572627
-0.37228964541295 -0.107067746891174 0.0541253420824527 -0.0836209836794117
-0.0827749343192283 -0.445420189748187 0.109370992730466 -0.246796675858282
0.325566638884416 -0.333235367871442 0.33822345021483 -0.310266670084735
0.444707254792479 -0.0677356157499897 0.704487458813811 -0.118631635217551
0.488467045868284 -0.0732278573429732 0.265042638248017 -0.298506357185432
0.310876515503344 -0.317122422459135 0.0398173864178123 -0.118924088774994
-0.00798084470846581 -0.399912031196467 0.0464821909698305 -0.058802731083776
-0.338716150012186 -0.14205244897827 0.0921719712545978 0.014562732601725
-0.362061114805241 0.153396119859424 0.14403599072845 -0.0734565879959
-0.189177659727964 0.336461802252318 0.127978892472206 -0.18389193931478
0.0165013507951766 0.36218993281939 0.06873393837959 -0.260296864333728
0.0878760134460172 0.376824619769357 0.0218037853552756 -0.25644835787689
0.0501802910145861 0.391860545905719 0.00433027029913972 -0.230198555241927
-0.183553462857901 0.463690542871226 0.036189087610665 -0.189389690988929
-0.468600619206779 0.282015694167776 0.0557148709557741 -0.128210524622113
-0.559641053646927 -0.121238700641593 -0.0354057559430065 -0.0922450273248027
-0.200049739910237 -0.636630559665115 0.0472188132551883 -0.253995638790484
0.408701777064611 -0.576726986563696 0.274442140819553 -0.264437448359967
0.664458289347562 -0.210008102880425 0.519396596131759 -0.0720624652671123
0.628873214918402 -0.136867613474569 0.0650755278329916 -0.272400541819932
0.379018961126351 -0.46167546587606 -0.0295131524395236 -0.0297076863525742
-0.044939014236973 -0.540005888218236 0.0352557888143529 -0.0422999454542578
-0.453446384943662 -0.189067456464419 0.0646476121867414 -0.00816058222279146
-0.467846980927512 0.187897078593038 0.0419282691976994 -0.0457088593823614
-0.253945464905641 0.415687469088417 0.0592228659698313 -0.0546693446271336
-0.00713159174607506 0.447163223276813 0.068962749308415 -0.102975263786128
0.0781088194461022 0.449924227795186 0.0464777163680188 -0.0949345536298792
0.0348592316738831 0.458721442247021 0.0137858983714336 -0.0586438896902296
-0.218114463312285 0.538625954073364 -0.00981368560393283 -0.0302839487577881
-0.538245952675914 0.336113184708157 -0.0480960068570484 -0.0362257150730738
-0.652510953739369 -0.102951381174171 -0.129176092188683 -0.0752403918050323
-0.291930989911969 -0.706561003567798 -0.0272551798162858 -0.221168532523183
0.407405531337597 -0.714183236973288 0.182776235637929 -0.178163796705952
0.758911124810509 -0.316319456720421 0.284644939676281 0.00571713403208388
0.683304300728004 -0.185281002823788 -0.191861084934254 -0.21475227602186
0.398251221657643 -0.5584823623587 -0.136076076078582 0.0927537317814214
-0.0861771097842484 -0.616931256130112 0.0072396168490532 0.000456114946561899
-0.512084487716351 -0.206289694143513 0.0159945272308248 -0.0237410453288281
-0.506948180624271 0.201194954374978 -0.0831047549612909 -0.000507062596276491
-0.278892644455301 0.43567610645802 -0.0273719259232833 0.0961801545593513
-0.0264475326887018 0.465247204607703 0.0577017422918583 0.0773047872323872
0.0554714482826105 0.453075024192747 0.06316276903607 0.0815265919718163
0.00941424365516977 0.451450282802547 0.0246490206403014 0.119000992274762
-0.224232065355772 0.520785081673372 -0.0457476466283001 0.133401444277318
-0.516761187269605 0.322394636163188 -0.137948799218451 0.0687300140210559
-0.610856057203856 -0.0789264913514464 -0.202843102559437 -0.0432253618357651
-0.304779181074734 -0.638692543158739 -0.0898115508341309 -0.16013949368036
0.347580356506891 -0.700725539695873 0.091746271969042 -0.0735912232682517
0.717670844880958 -0.357149730421309 0.0431708936336304 0.0982871730093414
0.621340899757591 -0.20891199344 -0.462751273749279 -0.128317000092519
0.342216589572739 -0.547776446922092 -0.253499858710206 0.22268641151074
-0.107233338204217 -0.565236342852848 -0.0311319610337066 0.0566187672166499
-0.461935645815906 -0.182134047422246 -0.0437407703143254 -0.0291613164481933
-0.446054554761 0.174020611338913 -0.201974508346619 0.0516239484186572
-0.253206175357699 0.378047659144995 -0.111436141651648 0.241252883437593
-0.0393161284487531 0.405854991682043 0.0383343457514212 0.251540203889484
0.02477149818759 0.386989964790006 0.0707290881716108 0.244776351322984
-0.0197869087553276 0.378316575556036 0.0302432462044376 0.27174238168464
-0.202385477181091 0.415169049216795 -0.0746521828210063 0.264469667565189
-0.413968764039626 0.236749476445631 -0.202774911853611 0.151739666419296
-0.452550282564123 -0.0667027527980933 -0.239089092902164 -0.0203373669980847
-0.230715822830885 -0.46719257367995 -0.122631161483705 -0.0960925826099015
0.251810398791731 -0.554931710565373 0.0201167941852968 0.0169946692612748
0.567169430654892 -0.327371254432438 -0.159018156254995 0.179311881911041
0.444742874970948 -0.194712551285171 -0.689322748264025 -0.0320376645450538
0.218061435856894 -0.420976112444792 -0.352383516579818 0.326869147954716
-0.0999219584825909 -0.383664185874335 -0.0681567372925532 0.11770107530695
-0.304700099042158 -0.11370356341453 -0.0896326656547344 -0.0219975709248225
-0.292656334122201 0.107901510106661 -0.278712349910835 0.0942889422634759
-0.177530137249668 0.246042100627725 -0.171739735973112 0.345523206535295
-0.0457035016993226 0.277518848492809 0.0168400928590445 0.386181810728227
-0.0118224023574213 0.262516705171017 0.0675661884805783 0.370371426537269
-0.0472654046335556 0.253936104561979 0.0262001568440621 0.379515424301155
-0.152271220992799 0.255827352870865 -0.0996271528913414 0.342830006895389
-0.263806669657783 0.116257706183362 -0.237660125681891 0.191292574759778
-0.243874917921206 -0.0572140625612518 -0.235855290380718 -0.0181821192907086
-0.126871198419333 -0.249775530330583 -0.124757033817369 -0.047896817983543
0.135689956755513 -0.344270615337701 -0.0253526058034157 0.0709636694744475
0.347700215117787 -0.255927926467423 -0.295290605817855 0.233394692769996
0.185024548613238 -0.142840521635691 -0.82765503482041 0.0656811985999425
0.050633699903901 -0.211103590462083 -0.410079302645189 0.393564442983623
-0.0754216616005701 -0.124965512859928 -0.084866570603938 0.18150717899473
-0.0886301875357399 -0.0236507419559819 -0.0985303030630291 -0.0006221797610026
-0.0901993100704486 0.0220589004810828 -0.293262234177986 0.114312437277869
-0.0776545639566082 0.0715198911831994 -0.197603223056351 0.387947189521056
-0.0500520091923214 0.10120989986579 -0.00387577106581311 0.459158558708922
-0.0466163065977696 0.0996256610766307 0.0544740120781432 0.437183696875198
-0.061792135757804 0.100769934654111 0.0108682546215609 0.42898736328819
-0.0797494146211797 0.0817250209078294 -0.123066011442293 0.366647256051236
-0.0947781425518938 0.00657528561912461 -0.249155639446561 0.194543242304858
-0.0492067735761249 -0.0300539217523474 -0.204868619135152 -0.0267548804816383
-0.0459035137617138 -0.0408929660533869 -0.110810796723891 -0.0167149913989775
0.00409946575903643 -0.141599080475012 -0.0524171664673707 0.0911111107282035
0.102210222396742 -0.168796251210743 -0.360884344494247 0.255020908410416
0.0927305536653078 0.0441108467704764 0.375077969194015 -0.325924476127458
0.107771736746544 -0.0468372261773217 0.0323591342398648 -0.186626826005399
0.00795704000708365 -0.109253626376594 0.0463153980118764 -0.00943315381928245
-0.0988416430636561 -0.0163259918743573 0.143516213540003 0.0371114550465681
-0.0696676840678541 0.0665981195746615 0.237296583251775 -0.154109724753399
0.00233154691382194 0.0851993018410421 0.123143374982765 -0.356202266550272
0.0579541299960215 0.057950539839195 -0.0231645939836744 -0.420381697579185
0.0794741846878099 0.0593297001065999 -0.0868845077778628 -0.413735171826766
0.0691237446515344 0.0717716273699541 -0.0577257214405638 -0.421185057210138
-0.00751058256850774 0.118672626971222 0.0717898627334495 -0.371837676462347
-0.097653261840746 0.095702845553782 0.191232171459601 -0.212103092501266
-0.139921438584214 -0.0283188893680071 0.105745888019326 -0.0645594533161418
-0.0161737927469923 -0.165769419061375 0.0998349853829379 -0.224145692036369
0.141071550280909 -0.070524075840589 0.305230278105291 -0.354259091060191
0.139781075292049 0.0412551723683582 0.757073719784991 -0.223743958404395
0.288193535617068 -0.0516609272547379 0.309592320652165 -0.324463225885234
0.186408968035106 -0.18737883220082 0.038544183558633 -0.161572789078878
-0.0203778966363043 -0.241086558724025 0.0364165350288094 -0.0376962489858214
-0.215021262028463 -0.0549781812414477 0.116171533554011 0.0272178308912637
-0.198408104158834 0.131632402358644 0.200746683888121 -0.118218772676634
-0.0667653145924487 0.221686127063959 0.130519260210732 -0.29011332056061
0.0628707485102963 0.208445883165361 0.0125187634121567 -0.364535282776379
0.113096374165262 0.217105361295302 -0.0531742888581834 -0.355917116175288
0.0873199318743473 0.236926109082817 -0.0425063887526334 -0.343427548344564
-0.0697825972007674 0.310765483650247 0.043321728975021 -0.297107305465486
-0.275017033860799 0.219241561407263 0.124337896707522 -0.183183420120981
-0.362272129127914 -0.0562401284415029 0.0333799574161651 -0.0774641250815134
-0.140132489155694 -0.405305230456575 0.0576773432859046 -0.257194337501038
0.256269314018797 -0.351396011510631 0.285078529284623 -0.354741519250813
0.402492808776959 -0.130980340991047 0.673256793157731 -0.201095573981968
0.464711118667734 -0.141477342822292 0.176941785135405 -0.301312034774398
0.25839524438167 -0.335422596975879 0.0180879599102831 -0.104053288336559
-0.0568834138462509 -0.378969664704714 0.0341563246846946 -0.0442438571321488
-0.333795087441813 -0.0976457364954265 0.0964619276563718 0.00826178639716017
-0.321550351586309 0.188170131768181 0.139128224373621 -0.0856169720534862
-0.137386321385171 0.338466758933882 0.111026101123865 -0.191868106822914
0.0572964291769277 0.335137873939734 0.0425895940329212 -0.256418485818402
0.129477979626635 0.341822892793735 -0.0103801707577108 -0.243912990304773
0.0949245695891568 0.361697421922256 -0.0171564219447156 -0.211632475785237
-0.112416735845153 0.458642735364729 0.015342637237464 -0.170515150301298
-0.403028006803925 0.327446901419648 0.0383972794588466 -0.112867030962454
-0.538206087540421 -0.0445892479223102 -0.0558149795657985 -0.068744607611088
-0.276294172081611 -0.569898352859385 -0.00903304883082023 -0.255667439305087
0.303080227744499 -0.586779267190024 0.227409638518975 -0.316695159814477
0.58742646473447 -0.290835723645867 0.50693601143813 -0.13715021156349
0.590525462042096 -0.222237789195891 -0.0211434262041147 -0.244620813691918
0.30589428566508 -0.480039293393123 -0.0382869350602934 -0.00580923706361357
-0.10996465644507 -0.506449993228414 0.0267651307117025 -0.0192050722184723
-0.445903060672239 -0.128472058098583 0.071453300791175 -0.00824442304399002
-0.41752676130459 0.234970491519977 0.0506594917551622 -0.0431484570258883
-0.188854300349724 0.42188954653215 0.0662325525085805 -0.0599433102202707
0.0456043260365343 0.419307905332045 0.0648504028508127 -0.105700387627542
0.12875666079322 0.412682505410804 0.0343037111623557 -0.0951758455838193
0.0890417078020327 0.426631817902536 0.0150617133295645 -0.049743626867952
-0.133888792421539 0.531447802169742 -0.00515612817510866 -0.0114102341099534
-0.461076479441002 0.388046819312464 -0.0481908125333439 -0.00975927933448402
-0.620824125608451 -0.017537088341167 -0.14389696640897 -0.0360278660855762
-0.371785615917243 -0.622069834504959 -0.0777789496932463 -0.213263598045246
0.285301121994383 -0.712812219455214 0.148535412469785 -0.231560037275291
0.661373411548482 -0.399712536469645 0.294691669353198 -0.0373622013092583
0.63422750387008 -0.273939263480021 -0.262382631672379 -0.15331364926613
0.31112329750854 -0.571365324096978 -0.12513920127864 0.126226809246901
-0.158775910321686 -0.572958078459806 0.00696795463876769 0.0298381009780543
-0.50300276665782 -0.139666769634854 0.0249731206045504 -0.0142590623159778
-0.453227366865599 0.250663468854585 -0.0597126050817756 0.0172147133488658
-0.210261631818497 0.444445019149571 0.00512862273065009 0.0947165074870097
0.0294120552616147 0.439977241252053 0.0769305731077083 0.0687221892110154
0.108777016596891 0.418938238555042 0.0718745304299429 0.0685656366304881
0.064763816787085 0.423802723099524 0.047241595657903 0.11592279223588
-0.140897382918671 0.514422156898629 -0.0178098117613793 0.147285952229584
-0.439741513300374 0.370860739645138 -0.120720834539408 0.10072319058727
-0.576871856076891 0.00221746150600348 -0.209497103642196 0.00258582998368617
-0.373631621642605 -0.554612592749043 -0.127326070098637 -0.14464074679254
0.232666367541706 -0.692481440560807 0.072598890878841 -0.118497582602273
0.620393128938135 -0.427997302459296 0.0751328101910889 0.0794383073281586
0.571247305927753 -0.285669522479819 -0.504661707621823 -0.0379899025272746
0.260941449470317 -0.555712446941266 -0.220012885826806 0.263334852675933
-0.171464109799222 -0.524189700552752 -0.0214356101359969 0.0874938649792423
-0.455167803421073 -0.121512147971016 -0.0342567808672299 -0.0119114704133356
-0.400901266713117 0.21619637898834 -0.168583244857523 0.0834219101128173
-0.192510671608968 0.387128611083626 -0.0574812692116681 0.243196064680604
0.0114117521712816 0.387432988930233 0.0788799931090442 0.238214899048912
0.0711919289834783 0.360894352970676 0.0992595117602976 0.221688325043317
0.028176045628637 0.358799772465896 0.0701583117032616 0.25911389705587
-0.132853132394544 0.410946886556233 -0.0282990899397523 0.271999133895492
-0.355297569452319 0.277073782212442 -0.171381846187036 0.183506480094988
-0.427524963374209 -0.00578258181713168 -0.238610132000892 0.024973297715583
-0.28066139586188 -0.403701618480371 -0.142729809506673 -0.077561321034594
0.164565330462506 -0.544137267747622 0.0160417044758287 -0.0170050321349033
0.48389039839521 -0.378433115396235 -0.112316757583504 0.182938800871104
0.400836154781227 -0.245653927126461 -0.695535274703868 0.0782866793173014
0.157809496021726 -0.420015106673085 -0.299757926219011 0.369919326190574
-0.143206077961181 -0.351617408489673 -0.0472795983604952 0.142129330772358
-0.299567761952633 -0.0744233204611718 -0.0804006092309211 -0.00171741155784616
-0.26405864007822 0.136183652455052 -0.241597940164957 0.133040589161308
-0.137909272505174 0.253684208905466 -0.108075242043761 0.350957222182915
-0.00982000261036395 0.267616119315444 0.0702576532335473 0.370039519137328
0.0203753890134595 0.248843143853316 0.110964248654914 0.340276695052613
-0.0118000639915069 0.244975842857564 0.0759353091366249 0.359025459604607
-0.106893650577813 0.255723015845663 -0.0435042235896257 0.34437916979805
-0.228882508450545 0.142795156821511 -0.201020700347782 0.220439607569116
-0.23160276733261 -0.0225479480205038 -0.232023091439237 0.0208563082829534
-0.151380397450864 -0.213942368996522 -0.130326165237484 -0.0300248894076412
0.0825971323815972 -0.333997124626028 -0.0192719111353355 0.0503874826342179
0.290962864029037 -0.279915217297551 -0.242337020544444 0.252105681649653
0.154869795860942 -0.158872839149544 -0.794959599356778 0.180813244818646
0.022396829157151 -0.202334818913405 -0.342794977925766 0.43193815394177
-0.0863006568141997 -0.109123478371132 -0.0547341615978354 0.193358303471403
-0.0862853672699721 -0.0142311093231631 -0.0902330616635123 0.0149305553071626
-0.083236863547236 0.0302194406293185 -0.259887790135725 0.151996514741289
-0.0648690247690771 0.0776725769013671 -0.133790317367941 0.393835429134914
-0.0339672993109499 0.10349635219912 0.0547811892571455 0.442622811063607
-0.0323561606512468 0.100272293480181 0.106860491706385 0.405696267084383
-0.043876173408169 0.102657312367147 0.0642655325582058 0.405825788620833
-0.0618705266505548 0.0830737180321181 -0.0661702186072214 0.365299365019558
-0.0855222116171955 0.0170744510942899 -0.211963952857055 0.21910913298977
-0.0473343203745916 -0.0204808087217626 -0.200382568920226 0.002893942512102
-0.0472302957697431 -0.0294545552470774 -0.105685179985568 0.000425722639371519
-0.0145359370904268 -0.129613646653127 -0.042353683239452 0.0834834682821014
0.0734354739319825 -0.1641730074456 -0.309249924598624 0.28274170461046
0.0887797922783701 0.0417106022170168 0.361929984968377 -0.309015077405105
0.103342535467328 -0.0450315971631305 0.0352919952414918 -0.176816044264221
0.00769500715533134 -0.105891298529516 0.0442119161830041 -0.0108861014178172
-0.0945020976506774 -0.015205683552597 0.137501265547731 0.03506464156401
-0.0669239174279047 0.0645175440474368 0.225299462897578 -0.148216114710572
0.0029249047762461 0.0814590407960764 0.117240937686647 -0.340197988007458
0.0552260372822193 0.0544354289649447 -0.0204896366891319 -0.401157571103927
0.0759511575115169 0.0558160064541844 -0.0827264670690802 -0.395981836824401
0.0650915600334682 0.0671632048793919 -0.0554831338886991 -0.401958099630998
-0.00678934746208316 0.114572442881867 0.0679484591433342 -0.354598337933965
-0.0926182017074709 0.0931531241161888 0.181858341100117 -0.203460438096785
-0.133638150757915 -0.0274214315342843 0.10104057917954 -0.0628838991390282
-0.0155005473433975 -0.159324439433321 0.0930689813234835 -0.216238004196697
0.136813148118406 -0.0670359365704996 0.295690839140039 -0.333664692354007
0.134139686236984 0.0405827281782778 0.727418198143092 -0.208836065229256
0.275651880778477 -0.0482664297642085 0.301112850325585 -0.30837148056989
0.178820828117375 -0.177825607505482 0.0425983452748564 -0.152144975547301
-0.0190470076809996 -0.231088553610617 0.0348218107377402 -0.0380036171700094
-0.204876410151017 -0.0529506632114114 0.110269633558618 0.0239089954447767
-0.18975812647567 0.126503250945495 0.189508414006661 -0.112305806921051
-0.0632743114316621 0.211494916479772 0.124470783406172 -0.276171704996292
0.0602220264768632 0.19831452676145 0.0117517297151997 -0.346820037747979
0.107985221701899 0.206095225228873 -0.049986668545142 -0.340964950319278
0.081927177529453 0.225644430439473 -0.0388686151466411 -0.326368929438502
-0.0660233811636049 0.298087884067795 0.0418325895312528 -0.282406071361245
-0.262330773463598 0.211930852302049 0.11564237905712 -0.175242533262175
-0.346871817945119 -0.0527739027659851 0.0316479425377604 -0.0742564941348738
-0.134424513213517 -0.389654665020513 0.0541981349542933 -0.247575807192885
0.248058414351733 -0.337930248151378 0.276131713016377 -0.337017585503741
0.387675483014519 -0.124256637243232 0.645262405236928 -0.187724862752239
0.443661004107586 -0.134323240714554 0.173863997444694 -0.287575819328852
0.24791294420644 -0.317581405067556 0.0236367234340574 -0.0968955649586992
-0.0536132147725271 -0.361183034738143 0.0324025291634105 -0.0431305385420016
-0.318034383709457 -0.0936449671676146 0.091682815004616 0.00391384285385656
-0.307194567381055 0.18149525283402 0.130394043154532 -0.0806043200112103
-0.129870816703467 0.324070985825299 0.105881455109117 -0.181634945376389
0.0542508159570331 0.319772619807866 0.0397157998746406 -0.244385702941044
0.123780414466778 0.325544678436284 -0.00940612289823711 -0.233792406093122
0.0888597585327027 0.345470777551419 -0.0137742843136753 -0.200762878543448
-0.1048984144762 0.439780242400616 0.0159316703105436 -0.160451634625982
-0.385239284349369 0.315269375889572 0.0326712799398305 -0.10658092513808
-0.512634031960578 -0.0440231538882275 -0.0538055206402871 -0.0643798590845682
-0.26325998147318 -0.548149679930876 -0.00846294482766041 -0.246372344810061
0.294459380890005 -0.561903668839162 0.221242703053097 -0.301109368944088
0.566756272648307 -0.277840511084414 0.48750646484624 -0.128376562664133
0.564485496268105 -0.209351118418874 -0.0152238950695766 -0.235265472283519
0.293874081085993 -0.455765343067092 -0.0308267547355876 -0.00299359469991267
-0.105291194653564 -0.483825024359084 0.0253756877669283 -0.0171008589337158
-0.425065223260443 -0.122789613128439 0.0674573404212509 -0.0117937352871146
-0.398276082336455 0.226768544559984 0.0449573574436381 -0.0385948716074315
-0.179779481140584 0.403397390048012 0.0638384865103155 -0.0556502158057717
0.0437594351066874 0.402145272273538 0.059878071613688 -0.101463347690456
0.121726432631023 0.393538263640859 0.031871901467976 -0.0921410405480996
0.0822055175257694 0.408069340269445 0.0171073657111515 -0.045983430641093
-0.127051658638373 0.510541321955881 -0.00354243377381278 -0.00872957260890672
-0.441702491811944 0.373478111074266 -0.0502293803607879 -0.00638977312755689
-0.593216828003351 -0.0168095594062325 -0.137855880901892 -0.0322414185199524
-0.35466529849848 -0.595387463636513 -0.0733048117332759 -0.20528421278002
0.27786792568924 -0.68386242492555 0.143689708872128 -0.220351187047047
0.6391853547943 -0.381205175505844 0.283953993978535 -0.0336869335600631
0.608589059576173 -0.259838406137093 -0.247754996402674 -0.149904850199176
0.299515378746233 -0.544254651307134 -0.115517292956156 0.122983676055008
-0.151695838591927 -0.549810108451126 0.00674949665920717 0.0312043207066382
-0.481700461636475 -0.133469723600553 0.0234923978996955 -0.0187586248662331
-0.433580425647038 0.241778491579562 -0.0600833359658327 0.0193397620763097
-0.20023108891198 0.424217560511665 0.00564126446926972 0.091998298216359
0.0283816647121708 0.421235269734601 0.0711185296579089 0.0644791607198164
0.102926645038739 0.399375507904338 0.0684098757122041 0.0651149466450003
0.0599557790495066 0.406560453771634 0.0472418719146147 0.11140929073555
-0.133393861646018 0.493139199086752 -0.0146978356460159 0.142343719274845
-0.420750063112091 0.357270909485841 -0.118892978347008 0.0997002287079911
-0.550879410266372 0.000155790956998463 -0.200779174879266 0.00624275904958701
-0.355810557416943 -0.531384979022987 -0.118755968449874 -0.138664576846577
0.226057121132794 -0.663197166572423 0.0700874741834596 -0.11418556737702
0.599866980873055 -0.408840286023453 0.0722319542618401 0.0761847953038499
0.546913072769016 -0.270608496262755 -0.481417870077329 -0.0399202939024332
0.251830587981981 -0.529505248311646 -0.208646293019704 0.253298715504563
-0.163412786298994 -0.502286274242171 -0.0205674647944406 0.0867931156313138
-0.434719469647109 -0.116585577390819 -0.0333413018129065 -0.0158478916343553
-0.383079456720098 0.20811107466956 -0.163914290629134 0.0826973040753569
-0.182084111207872 0.370836740171428 -0.0543025302286122 0.234176002356667
0.0111980923648673 0.371855043741298 0.0731294347936874 0.225725842876909
0.0656650866557825 0.344094335330151 0.0939035308468255 0.211981903978456
0.0253988403738648 0.343308766156866 0.0681026233278913 0.247098054015598
-0.126301904087481 0.393962123632098 -0.024978471718773 0.261336023135105
-0.339400556763596 0.266376704107906 -0.166431747014878 0.179476036657356
-0.409043068752273 -0.00642122675352418 -0.228737918612477 0.0276077322694558
-0.266889918195301 -0.384615857887759 -0.133135675942088 -0.0740104995299229
0.157299496359204 -0.522083166238392 0.014746764700308 -0.0175517390843008
0.466227229984341 -0.360895706985968 -0.107884214652019 0.1741279494155
0.384127539611491 -0.232564495892341 -0.666963098615663 0.0690061028955482
0.152754867338819 -0.400031640514639 -0.285973406240911 0.35470179303989
-0.136680991137095 -0.337656693629565 -0.045211311904 0.139487428767689
-0.287341201499187 -0.0725945183195639 -0.0770116821689332 -0.00438428112401804
-0.252648170834507 0.131500669610318 -0.233024977042914 0.130169009773217
-0.132318754881688 0.243146169072605 -0.101797187533065 0.33713565562589
-0.00977518513315154 0.256941318828485 0.0650172303348501 0.352125019894253
0.018203661919035 0.237423716792629 0.105540145852137 0.325836672407161
-0.0120189823881874 0.234801257366195 0.0738487667772118 0.341742977087231
-0.101542604246239 0.243558220087288 -0.0403530248997131 0.33011793990133
-0.218683892957523 0.137320986574843 -0.192664252491032 0.213582061920595
-0.219106694876736 -0.0217715064438655 -0.222340565260393 0.0227963494959648
-0.143500287881278 -0.202905371725917 -0.120763638855483 -0.0279853235494948
0.0784432258407551 -0.319230675554435 -0.0199686250641767 0.0454253992655942
0.280060410873558 -0.265602120256687 -0.233318332102145 0.239625986630381
0.149218347706874 -0.149709289588901 -0.765291462742394 0.167248518424857
0.0218505039834067 -0.192345750981435 -0.331024453359629 0.413169317817623
-0.082673774343888 -0.104446169636539 -0.0518750457646398 0.187969529676098
-0.0825022848606606 -0.0147522651055476 -0.0861910312422357 0.0132193842780668
-0.0798816778201275 0.0295024822437298 -0.24949488291608 0.146801790373967
-0.0628325513081795 0.0740647877645196 -0.128500226834969 0.377432969455594
-0.0332475999389156 0.0995496082080926 0.0508865479932477 0.420790976214934
-0.0325313067851743 0.0964979549886139 0.100694658848848 0.390443791391206
-0.0419516599280766 0.0985439710368209 0.0614224591162863 0.388863184333287
-0.0590068921450803 0.078293049333596 -0.0611930600620342 0.349296174048755
-0.0828640811270139 0.0159471492784547 -0.200678451467786 0.212357195022815
-0.0441017588785006 -0.0198785793290434 -0.191674795773605 0.00535076058810894
-0.0445824352030058 -0.02674779194472 -0.0975340477980352 0.00169225952149829
-0.0158788960575989 -0.123077212009674 -0.0433240127441769 0.0763634300144579
0.0700217090306589 -0.156064082859 -0.297534286912621 0.268433522386382
0.0856764421714316 0.0434277193048366 0.36851072537908 -0.294134945940448
0.102390820007991 -0.0420060674897949 0.0427957478597564 -0.171123615851235
0.00976554156797087 -0.105311491804696 0.0433741005483944 -0.0111597484232745
-0.0925104441443023 -0.0174593033016629 0.135402522248371 0.0377422334235358
-0.0674603287963059 0.0624821787762722 0.2244678260417 -0.140992272417927
0.00206513138809123 0.0801029457442598 0.123475188658451 -0.331669349065637
0.0526740022385846 0.0544704013218118 -0.00986810124264269 -0.393438305535355
0.0737730561854423 0.0560303423627954 -0.0701536919125879 -0.393817073569791
0.0617031742654097 0.0668484277172254 -0.0443746427495282 -0.395244748834771
-0.00937752457158877 0.114059702242169 0.0756534612072362 -0.346155248462575
-0.0933599080378305 0.0909820618611624 0.182375171513546 -0.196760373988789
-0.131522965325331 -0.0308728181486049 0.101188841588984 -0.0602738903551462
-0.0108146704220597 -0.158042300911559 0.0948178270488971 -0.212374675387513
0.138168882526529 -0.0626468214685148 0.302840870776513 -0.31759260023488
0.131635601995067 0.0444146381671335 0.723839078238214 -0.184958449270163
0.271673652937402 -0.0396292155649295 0.308727546787016 -0.295046302283276
0.181281633571705 -0.169146950813957 0.0499951515196711 -0.147632184835967
-0.0126663197637881 -0.228531089467491 0.0347682038829259 -0.036839602906117
-0.19932612300656 -0.0575167965987216 0.107732770621709 0.0247744453780843
-0.189533978599212 0.120767513447635 0.187784249533095 -0.105582033925163
-0.0663373726733015 0.206619473261256 0.129222186973063 -0.268900484300156
0.0541454412589678 0.196906433941909 0.0204905678119164 -0.340622882007142
0.100647886756451 0.204742002688662 -0.0395446440451299 -0.337381090168301
0.074027276054837 0.223487298760814 -0.0278379207740879 -0.321273774743174
-0.071597636426114 0.293755226063077 0.0487621791879898 -0.275149575418779
-0.263151515194796 0.204526894014594 0.115406414802274 -0.168795141956802
-0.340166451296888 -0.0612183165331599 0.033220035526714 -0.0720795540406379
-0.121901250626854 -0.389931663095392 0.0594217635520628 -0.243873511756449
0.256095095559371 -0.326458507878683 0.284035784138026 -0.320973458130819
0.387767878128701 -0.11199623522891 0.643607574618817 -0.164723174189531
0.439198380136783 -0.118348489281715 0.183485048260225 -0.279351265512874
0.253232605864303 -0.304914373960651 0.0318800542666851 -0.0930936614241775
-0.0449173347062166 -0.357935675300596 0.0334360156899886 -0.0410603574099758
-0.308220943930052 -0.100467835971972 0.0888245071267536 0.00269220821820977
-0.305336382861222 0.171505530337567 0.127533150073058 -0.0741952329917529
-0.134543538652927 0.316514199892411 0.108552315305756 -0.176269173525924
0.0457277033331429 0.317560801689118 0.0441838615198312 -0.239689018971127
0.114031979098974 0.322236837732345 -0.00358437534202692 -0.231090131747409
0.077538702196618 0.342191065045864 -0.00634133951321883 -0.197218368825929
-0.113919693477036 0.432059695510803 0.020693415384834 -0.155536332458138
-0.38642059278321 0.304042649689927 0.0306152856141555 -0.10195842483569
-0.504965778826562 -0.0565838860920098 -0.0518720769795419 -0.0630197237079837
-0.245033311599336 -0.545726356464054 -0.00103123884138121 -0.244161210614192
0.306702103282775 -0.547953065178016 0.22878322833916 -0.289217332368255
0.569336096869498 -0.25787076284618 0.486668070965684 -0.111966112868294
0.561533856681905 -0.189294949141022 -0.00561502446098363 -0.233809827726514
0.302909982800471 -0.43815984095861 -0.0240972958010604 -0.00254174250752072
-0.090456112013568 -0.479981711842939 0.0262201199581597 -0.0155121602731198
-0.414786197294062 -0.133277861591934 0.0651153074212189 -0.014531150379158
-0.397221995698606 0.2138062824307 0.0425484960728775 -0.0349389087992483
-0.185805945700501 0.393688767606482 0.0645848087623878 -0.0525253384534553
0.0328037816488657 0.39725003183527 0.0597577930735785 -0.0989137931047275
0.110241527886204 0.389036159503449 0.0335719878023909 -0.0901245054394351
0.0690032118907976 0.403175562352823 0.0205393786000285 -0.0440987358750483
-0.135809269401682 0.500076609842292 -0.00136105900706963 -0.00627103014108121
-0.441326395440492 0.360561580937608 -0.053955377626542 -0.00449282592856639
-0.582639602652214 -0.032721960302241 -0.135388719932455 -0.0326627782399593
-0.333587209709922 -0.596664205413308 -0.0652444023525702 -0.205417205824275
0.292693803558799 -0.66815237252345 0.149431141460569 -0.213260815391453
0.643303293184786 -0.361043517789155 0.281919433330358 -0.0256480522419356
0.605382316357876 -0.238746004951568 -0.237615087965831 -0.156211968259235
0.311396711566471 -0.526228855130815 -0.111756801725788 0.119501101527357
-0.135022595912428 -0.545125294844663 0.00730511998849667 0.0331236174346618
-0.46974890030248 -0.144721663107932 0.0221009865184382 -0.0216974176669328
-0.431738312472972 0.228139285519147 -0.0622662174748741 0.0202734060272465
-0.206065101771134 0.41431524698153 0.00393978628878719 0.0914023679638946
0.0175828939251898 0.416303572282337 0.0657131738023792 0.0641041683318111
0.0907385367232011 0.396018062223751 0.0651442655861182 0.0655878853032507
0.0471424901006929 0.402237958455697 0.0457629413089483 0.111605417013125
-0.142048165824433 0.483076023518012 -0.015717068422789 0.141675197306114
-0.422594580638965 0.344132591873251 -0.123215180334709 0.0994788519721398
-0.541336646365797 -0.0130246891229107 -0.197817369570201 0.00375077319408724
-0.336535799861059 -0.531173155094662 -0.110729212736446 -0.140603896707172
0.240595096192593 -0.64776683208475 0.0728426323260039 -0.111251386751835
0.603709717783958 -0.387022404443595 0.0700355267013324 0.0770010212411926
0.54692329387969 -0.250519163596671 -0.474000463156801 -0.055206854702141
0.264346107861838 -0.513968395427934 -0.209151882708013 0.24502856626014
-0.14959287363216 -0.497795028110785 -0.0209829397956839 0.0882183929351385
-0.426009160089738 -0.126575729175188 -0.0336513013672579 -0.0201481764298352
-0.380949296521995 0.197923822197991 -0.165052871615394 0.080960328359298
-0.188645437820722 0.360756077669081 -0.0579317793190992 0.229773048183825
0.00134753771915563 0.366309423899625 0.0635494454191747 0.222170502737422
0.0554648941425222 0.339984228728665 0.0871685973339597 0.210812566264926
0.0143151174638093 0.339673035079978 0.0627235128408449 0.245565311629703
-0.133011155134261 0.385532169405556 -0.0288852729662402 0.258076796425831
-0.340405390499293 0.256851140014939 -0.170183166008297 0.176219858618411
-0.399866370386486 -0.0179106737102653 -0.226425550269573 0.0248319384694971
-0.250775293182494 -0.385501215866141 -0.125551118957619 -0.0763324862352782
0.168731351666538 -0.510424720750095 0.0144225680566599 -0.0190741423466209
0.471057094469132 -0.34391013075746 -0.11022331797744 0.167538534749487
0.38546757389613 -0.217491265203902 -0.662154160102057 0.050330766046962
0.16124148890051 -0.389692371253236 -0.291538064717925 0.343939355117851
-0.126786164557724 -0.336267340150263 -0.0465770806759494 0.140132954935197
-0.280836177500098 -0.0793329150865137 -0.0769176028258414 -0.00893492603095208
-0.251716872845112 0.12316700034454 -0.234245936678679 0.125069539035864
-0.136569680870507 0.236318631339757 -0.108274026058951 0.33030654961158
-0.0162321701188825 0.253314341366704 0.0528924651763436 0.346536419166915
0.0107829914942516 0.23428232682312 0.0949321754122939 0.323493178066802
-0.0183444077464467 0.231766962219388 0.0646025300367079 0.339223335623807
-0.105235075654367 0.237112037392466 -0.0456984671352068 0.324532107638795
-0.21851998475085 0.130564703648596 -0.195549744174886 0.209144931998674
-0.213725005896269 -0.0275152815326781 -0.220294542128624 0.0196644280965796
-0.134270073233435 -0.201777645824642 -0.114913300182402 -0.0301630709771397
0.0842898129008294 -0.312079141196626 -0.0224846610530694 0.0419717770287047
0.283473348853327 -0.253785724348766 -0.236409357643237 0.228361227976768
0.151409970433769 -0.142173517831721 -0.763357893933089 0.142234860969772
0.0271152556009759 -0.189137219244547 -0.339140748844349 0.398252538347861
-0.0793637276088433 -0.104574426571295 -0.0551341523482134 0.187059205462489
-0.0808098672498773 -0.0175848493345529 -0.0855640116487395 0.00985255331881229
-0.0793630330437989 0.0268716004194239 -0.250287362859622 0.139892006547203
-0.0647870892179359 0.0715794500717951 -0.135804864867247 0.368896841325531
-0.0355051297506261 0.0974317917223008 0.0391678974218164 0.413418197318249
-0.0350978899781587 0.0945074858038159 0.0899550243390293 0.384935071678885
-0.0439944660898602 0.0963498003392504 0.0512760093234198 0.38330417967904
-0.0593596611336458 0.0741618447051546 -0.0674558408804071 0.342011956879549
-0.082179027443544 0.0130381865488283 -0.201377932924401 0.206116914023647
-0.0416415758174784 -0.021065781828682 -0.189177628755985 0.00232503618189235
-0.0415132616584947 -0.0259783283600965 -0.0930323266432184 -0.000316170055511497
-0.0146016481717065 -0.120959215807233 -0.0470216858681644 0.0718875289820428
0.0725926054505422 -0.150554756972506 -0.299422576198844 0.254499922652244
0.0861527377267907 0.0471435734078816 0.388453492330068 -0.29016961108637
0.106084189227897 -0.0405258745972397 0.0515361738964535 -0.173178176080109
0.0126662594065225 -0.108813574904705 0.0439990806653385 -0.0123616190232627
-0.0939944080490398 -0.0201737054244019 0.138471330556229 0.0404754306236098
-0.0709169209316342 0.0629330654458319 0.23203189136156 -0.139466681856242
0.00157022535314788 0.0821205257613161 0.133616116777484 -0.33713940249151
0.0530649260572904 0.0568417793763691 0.0017546776586375 -0.403301162296259
0.0741045968894225 0.0583759080242532 -0.0607121910936706 -0.40442185165918
0.0604297626194424 0.0696813993103595 -0.0317108627449671 -0.405968056472651
-0.012014810625504 0.118127929964211 0.0860602301862649 -0.351755730051434
-0.0967815629966237 0.0928442472680234 0.190242030761963 -0.197143725751254
-0.134750716647438 -0.0346945142125389 0.104870836546176 -0.0597727454266375
-0.00710954337160505 -0.163611526530464 0.100869615610285 -0.216641145956955
0.144335710832333 -0.0605190547015038 0.319592373927111 -0.315924649570681
0.134324414230489 0.0487412704686199 0.748119245925332 -0.166022278766317
0.277832670566723 -0.0329384421032844 0.328440126372498 -0.2953002191007
0.191095887171427 -0.1675643320113 0.0604011364480823 -0.14798832510515
-0.00766514068292939 -0.234665385758471 0.0365604997252715 -0.0386702330460699
-0.201880303197995 -0.0641326510307258 0.109089009712207 0.0256709456656904
-0.196886603214598 0.119764928346825 0.192809531251819 -0.102767799130345
-0.0723279146823188 0.210116815143983 0.138194680105607 -0.272631843247839
0.0511485982789461 0.202594480553702 0.029207144954139 -0.347807767412903
0.0981429487993273 0.211091525098266 -0.0319951816614564 -0.34716978687404
0.0683657258828713 0.23049825743768 -0.0178660329714607 -0.328040882823568
-0.0796753837268166 0.301424639095314 0.0576808045845222 -0.278794619095961
-0.273875571587391 0.204624511103738 0.118683531729376 -0.168629458682342
-0.34728836910073 -0.0717058530824856 0.0352401086686134 -0.0721848305552612
-0.115532094683553 -0.402776430368118 0.0660801092722697 -0.250303109477989
0.27274195257874 -0.329049806733318 0.302267054247827 -0.319573503032462
0.402814799613242 -0.104393753189983 0.667033095339318 -0.15269179342229
0.452441976325329 -0.110107870184709 0.19865964318591 -0.281622707585318
0.268849723861716 -0.303853420029568 0.0411124775708283 -0.0930318298111179
-0.0352512292410021 -0.366626148930794 0.0355526533177482 -0.0416563922023984
-0.311579142747373 -0.110731161932989 0.0898441265282484 0.00214161502606513
-0.31645483535151 0.168232440359625 0.130159859917151 -0.0714988859728248
-0.144507182316903 0.3207910118093 0.116355345640683 -0.177490238905487
0.0389017614163291 0.326601853073018 0.0499487694786194 -0.244423925792428
0.107979528126058 0.33233131465962 0.00255388731017634 -0.236790075070889
0.0688568288041097 0.352429110376049 0.00174362842820936 -0.201028281388601
-0.125820806087821 0.441490531460299 0.0263698713450714 -0.156664892495844
-0.402736880555351 0.303965480369879 0.029936082420451 -0.100778254412249
-0.516114833149728 -0.0713405046997261 -0.0510555098283438 -0.0645012400783272
-0.236589924290068 -0.568718478038569 0.00571231549523578 -0.251835343730538
0.329328241491324 -0.555438595868489 0.245146948640618 -0.289239537857921
0.593500541647066 -0.249799763781609 0.505245861633048 -0.100800608390074
0.579876950483429 -0.179224922600476 0.00374843948489913 -0.241469711929024
0.322707608612065 -0.439047974841366 -0.0178986360594447 -0.00158035786260947
-0.0806786372763231 -0.49269186962302 0.0285912620183919 -0.0142893235297392
-0.419782054528937 -0.148360449867498 0.0660160294243059 -0.0168900945183476
-0.411195783064639 0.210471578044071 0.0418381104258294 -0.0325345326190089
-0.19907664393503 0.399586857734965 0.0677478251984459 -0.051996130244988
0.02412401872745 0.407196603793803 0.061217428471902 -0.100801922764369
0.102467220556845 0.400787010953072 0.0368127199216541 -0.0912657018880023
0.059491117064196 0.41635554531965 0.0248967318272487 -0.0440598887385415
-0.150873687951899 0.509229631916436 0.000508843824058599 -0.00421380963787052
-0.461290830276354 0.360962601850371 -0.0586317410752069 -0.00192770368539417
-0.596126797271625 -0.0486067820948067 -0.138157488023366 -0.0345890675827991
-0.324907368806485 -0.619907965611335 -0.0606063757564021 -0.213621400561785
0.320077145335797 -0.679924252015012 0.160619957383677 -0.214090548620967
0.67137816527243 -0.351570383619854 0.293280140244774 -0.0194022349053489
0.626632985037493 -0.226762337461553 -0.237277217364086 -0.168833990442461
0.335637436666357 -0.528740497247899 -0.112299916634848 0.119679258540176
-0.123836740265625 -0.560100263841103 0.00790071343032418 0.0361106508730296
-0.476863233475352 -0.160599547426558 0.022087436238708 -0.0257527057574404
-0.446369710401507 0.22465978624006 -0.0665383229080123 0.0220684164622675
-0.221736582444555 0.419972767500752 0.003378697535546 0.0944398268536504
0.00947848432227453 0.427949468006268 0.0626614403796809 0.0656425378872653
0.0830019427820349 0.406414245531575 0.0650031369538983 0.0689228976287145
0.0358598914237005 0.412622073768489 0.0467874971731644 0.116055404940158
-0.155064055580542 0.492517358292506 -0.017589283064202 0.14758654441608
-0.439878593648661 0.345267161687143 -0.131516439876978 0.103584969918774
-0.55260949988437 -0.0276036943263598 -0.203399604677368 0.00252445631176613
-0.32920334016162 -0.553470123167882 -0.107909034932064 -0.14835595006495
0.263285347850523 -0.660222926330409 0.0782510616413103 -0.113164904680637
0.631383366876314 -0.380872931121288 0.0719867194258416 0.079273351404199
0.56836360354731 -0.240514233245772 -0.482382406537055 -0.0724206171539914
0.284803024748554 -0.518194202252472 -0.217328145689911 0.246094105994295
-0.137923453145524 -0.513780852087207 -0.022369649882135 0.0927317760236431
-0.432194019395496 -0.140910078409429 -0.0348744550380935 -0.024653411988289
-0.3954728324899 0.194198781887694 -0.172119467594986 0.0818511698127422
-0.202705418478785 0.365715136678551 -0.0646583539626482 0.235140937208121
-0.00776327750140325 0.376369149126629 0.0561643214981653 0.227524616561386
0.0476007729899175 0.349452549154324 0.0836442198259195 0.218342817739782
0.00541984721584951 0.349561708358697 0.0601419845604592 0.253534433759786
-0.144759568012941 0.391670107459145 -0.0333290531393346 0.265206696222489
-0.354432104353114 0.255406571034584 -0.180437353022596 0.180333171825958
-0.408097374485526 -0.0284470403920143 -0.232785715326774 0.0222451848549924
-0.246859818742789 -0.399384863543225 -0.123933983455434 -0.082585647684751
0.186648626055751 -0.519517021391809 0.0146340233649484 -0.0204101568581431
0.494807430467061 -0.339769100311233 -0.116726520915177 0.167651561313635
0.402355982859357 -0.210830670743806 -0.681155454956264 0.0297163008937282
0.176217296833468 -0.393858211239737 -0.307757552841515 0.343726836383913
-0.121579807872384 -0.34560874973829 -0.0495505349168765 0.145405634321329
-0.285121234098021 -0.0887767527757678 -0.0788127758739502 -0.0131899191473947
-0.260347678533736 0.120331989599782 -0.243677710321942 0.124450564831532
-0.146394279384257 0.239615476110429 -0.117836283201175 0.336782743531255
-0.0235333446827965 0.259778477496476 0.0432317736734383 0.354691574459865
0.00454559542668258 0.240642235496991 0.088954404863174 0.33360946427817
-0.0251507976904224 0.2380670723976 0.0581878631736867 0.348811708277907
-0.113502183245887 0.239700795126103 -0.0528685571968818 0.332078737158445
-0.228012498588009 0.128908332435814 -0.205377804409919 0.212739734851122
-0.217094931554469 -0.0345005616289124 -0.225832942125248 0.0169734526160343
-0.130998907955178 -0.208540786435288 -0.113881088483295 -0.0345208841069568
0.0926298844605302 -0.31724360975078 -0.0262068785859692 0.0402424056868683
0.297010802994492 -0.252074003270779 -0.247241159124705 0.226257183672929
0.159866323429306 -0.140186823522279 -0.789240173265131 0.122838469476363
0.0323669475795742 -0.192132992167271 -0.361631898514245 0.398949336840473
-0.0782808040438914 -0.107860939594064 -0.059756983922918 0.192903665640994
-0.0822675798279102 -0.020649716579924 -0.0875588677143995 0.00772286219751863
-0.0820532426518328 0.0258173215275697 -0.259603481048426 0.139099312236151
-0.0695670503465253 0.0723630524061054 -0.147356490760681 0.376364053902392
-0.0400219650705912 0.099922307209871 0.0250976056122488 0.423712786797105
-0.0398816981742234 0.0966519784384344 0.0813011133884027 0.398600387472751
-0.0473402663394981 0.0979083886616691 0.0426408409927314 0.393573275726997
-0.0625454958671104 0.0729461143080822 -0.0755181958302987 0.34875298283404
-0.0846121827929747 0.0115723620995444 -0.209250099454539 0.207237780148829
-0.0411286751695709 -0.02344578906685 -0.19444687825163 -0.000436926519507676
-0.0406318655820542 -0.0256552947222709 -0.0928242400850854 -0.00233880673975573
-0.013904832482286 -0.122625837724586 -0.052493894842594 0.0700520317130745
0.0779346145845444 -0.151469869901928 -0.314117927324128 0.250243987534807
0.0904468771709333 0.0504383248371864 0.414906700138297 -0.308795382421807
0.112730604578476 -0.0427878553087868 0.0581055381440251 -0.18195690247259
0.0126980278202631 -0.116540048251103 0.0468206146827199 -0.0142956167339555
-0.0996695197754345 -0.0216945668079598 0.147634322864761 0.0413496947464036
-0.0753639402966583 0.0676307293721708 0.244030136545214 -0.149059493105644
0.00244298982074719 0.0859871932438682 0.139942543170391 -0.357413105717195
0.0566554909020744 0.0597152885620048 0.00188910696642203 -0.424682801166115
0.0787827879620609 0.0603511062134377 -0.0637933559549644 -0.428813240353726
0.0631531256393606 0.0729131030885115 -0.0324952093628668 -0.427039829993899
-0.011624158354194 0.1275124922056 0.0913919598383718 -0.371105985179951
-0.100708940940763 0.0997504616943292 0.199472303995352 -0.207767348967826
-0.142795658531839 -0.0362307216133268 0.110164943648676 -0.0632189549738474
-0.00847453342015891 -0.174056544382602 0.104208136492528 -0.230678080273729
0.155081416732954 -0.0648667621593662 0.342761655592191 -0.332510590959888
0.142310694117143 0.051938523131277 0.793532023140313 -0.173809848712528
0.292965733167236 -0.0332669507005297 0.350143687144601 -0.31455220968526
0.202267805356435 -0.176354042991484 0.0693400990598229 -0.15522568762039
-0.00746121840794856 -0.24898299631977 0.0384073650728134 -0.0414051492501496
-0.21282297972151 -0.0685387273356479 0.114718011394702 0.0250090422455847
-0.208626833760625 0.128080893355008 0.20179808645055 -0.108925616596385
-0.0748768058782818 0.222171905208576 0.145265364100381 -0.288649427245083
0.0551439986786804 0.214387007757624 0.0315961191617892 -0.368354121427938
0.103628540072522 0.221996501848598 -0.0324194113103954 -0.366777102565217
0.0706429453009749 0.244568089471183 -0.0166049629650478 -0.347443269033333
-0.0834202281737146 0.320801947081728 0.0613967768810151 -0.293126061411619
-0.288001542137842 0.219443651378685 0.122132997586326 -0.176420333378802
-0.367540868947179 -0.075129150969692 0.0368387208319993 -0.0761370377955897
-0.122688167756031 -0.428402701521677 0.0693103477229892 -0.267177840523964
0.290150126287297 -0.350886166971448 0.325915349733109 -0.336789615014519
0.427923587887706 -0.110129363206032 0.70969368108515 -0.156795279450656
0.475863832674603 -0.114754091256029 0.214413685517909 -0.299268115176886
0.28571988282965 -0.320274074023021 0.0502262641739854 -0.0977819000497776
-0.0364934729298539 -0.387790486182583 0.0383331148882484 -0.0450468097565231
-0.32926760399563 -0.11795339091545 0.0938873465286471 -0.000762699129927915
-0.334716207938421 0.179724203228309 0.135449175414205 -0.074422696387124
-0.152613077609156 0.339480978672858 0.122654875151911 -0.188101394123216
0.0421256216881273 0.345930557486799 0.0509945513214917 -0.258226048590585
0.114022152470943 0.350027333734435 0.00393629968892881 -0.251458596649387
0.0714271553101189 0.373746100061716 0.00453442691372441 -0.212235480192395
-0.131971575762059 0.469055743489364 0.0294265572618487 -0.163445899740737
-0.425167117193288 0.326167366744109 0.0277460177284199 -0.10283648919458
-0.546060042672815 -0.0740431282109975 -0.054298788331019 -0.0665219215131052
-0.251536783067958 -0.60224232695304 0.00564471145274823 -0.269333566320159
0.351235263745844 -0.589967400128923 0.261895846558055 -0.305234857746167
0.631350261457631 -0.263610236393789 0.538535722394223 -0.105072650571952
0.612411643604215 -0.188051800241377 0.00723686238793289 -0.257146977627731
0.34407746819205 -0.462817757951029 -0.0124813444964942 -0.00176141135348322
-0.0843187815046908 -0.519919525821072 0.0320189221348543 -0.0146362956485932
-0.442263173249455 -0.15663697957912 0.0685655452028186 -0.0213974010041066
-0.434090487213809 0.223670729141936 0.0418758956257028 -0.0322876519514603
-0.209398234653145 0.423888515900647 0.0724682483442592 -0.0549785256264805
0.02646307641875 0.431970395873114 0.0624772016201194 -0.10683258800562
0.109196363339675 0.422453656755145 0.0392309977762397 -0.0969307059411556
0.0600581207201075 0.442892881637843 0.0296728289356934 -0.0460223926486986
-0.158744094921057 0.543200320732561 0.00280842994085923 -0.0021572731340841
-0.486505073196364 0.386468193984808 -0.066024731963828 0.00307359135121588
-0.630582624281306 -0.0498252679232137 -0.14553674720704 -0.0335983763760714
-0.344222488720775 -0.655902343410609 -0.0628243528503241 -0.228475736694271
0.337359483511537 -0.72152830894853 0.172831581389561 -0.226978812570947
0.714177002309348 -0.372869387579504 0.313614815581807 -0.0213662093438706
0.663246866641549 -0.239801433669959 -0.249833143854252 -0.180602477029699
0.355587952264215 -0.557736014920849 -0.112101455582748 0.126846318793101
-0.13066752427029 -0.591523164416115 0.0107642218448937 0.0399977120056964
-0.502117196331002 -0.171071426744304 0.0222594594565467 -0.0308780501491101
-0.472383707236331 0.238319753907761 -0.0720169127100972 0.0262080095091545
-0.234836427847167 0.446451575548295 0.00405548245850137 0.100593482657546
0.0093511663809071 0.453227801371649 0.0633915614853511 0.0691514918280347
0.0862322361581688 0.4289163474423 0.0691501954670187 0.072655289367216
0.0369535526821427 0.439642157057079 0.0525968168925931 0.123416266901717
-0.16316626553048 0.523242898802748 -0.0157356079221989 0.157593605258598
-0.464209048826467 0.369452404421265 -0.141943145071448 0.114441463011355
-0.583318703172127 -0.0296878291236929 -0.214089865409319 0.00607930488585139
-0.348266432379829 -0.585062696281742 -0.112930152741601 -0.158543344264334
0.277119363857757 -0.702367161194678 0.0837218152484927 -0.120965967378265
0.671076325770741 -0.404195821085064 0.0782108201001235 0.0822522282451912
0.601355605528356 -0.252313416962848 -0.510248810122439 -0.0783484238838179
0.304054150372366 -0.547253080172429 -0.226380411366067 0.260772014925079
-0.147106860854264 -0.542628180453246 -0.020926902274681 0.101179641166836
-0.457208430313984 -0.14958955765558 -0.0375398299517517 -0.0286730388450137
-0.418262500951606 0.206780829526998 -0.182934812681599 0.0903116651580806
-0.214260657852115 0.390063637186344 -0.0660164097854599 0.250202654983803
-0.0065989472462093 0.399653256578674 0.056274504603183 0.239876340358106
0.0492004919146592 0.36913385854011 0.0887732573120035 0.230911343095704
0.00509760943948563 0.370679015636198 0.0662245377039809 0.268342152547364
-0.151164859350122 0.416101690604212 -0.0318784678910415 0.281820291180862
-0.373859142512027 0.273695572545105 -0.192511379828457 0.196005333064074
-0.42938782261284 -0.0309987208782321 -0.246142182720938 0.0272473463018146
-0.259641789093743 -0.421755985630731 -0.128866302884722 -0.0884829587160039
0.19399603624787 -0.55102176204059 0.0150719352714402 -0.0233971272677027
0.523305012622086 -0.358740166783604 -0.122271220294261 0.175543398733984
0.426937608365061 -0.221935996083069 -0.722679582145565 0.029860459856504
0.188183448874175 -0.415506519131634 -0.325517348932644 0.363158166829847
-0.128232323346886 -0.366014611348513 -0.0508572488223124 0.15683864124171
-0.301815459084751 -0.0944429942275096 -0.083799444141944 -0.0154868156164515
-0.275944798254589 0.128539350706488 -0.257835384661965 0.135409311779816
-0.155648361272449 0.255647041364125 -0.123455544487204 0.357818634624437
-0.0250286477723184 0.276100563434954 0.0431235872158956 0.373967950168912
0.00375375094468324 0.254947944839893 0.0941851100155638 0.353438914901192
-0.0268271486519789 0.252162593248152 0.0633549512066686 0.368784861328308
-0.119439283872376 0.253869298108224 -0.0529171358422133 0.351688904155349
-0.24123664922263 0.138513293795985 -0.216103602623772 0.228327683585053
-0.227897932309202 -0.0370992951886448 -0.238863989254566 0.0211231715998816
-0.136362318682734 -0.218272750243269 -0.117601724999651 -0.0368529307281479
0.09561280771359 -0.335166384240191 -0.0289522028909912 0.0406419573535752
0.314332545523126 -0.266642090693941 -0.261464471930854 0.237331107424659
0.170600629336057 -0.147376285705206 -0.838126546099097 0.128110390407968
0.0342205751734026 -0.202297136238244 -0.383625234401066 0.42240958203673
-0.0825215637120678 -0.11327617011266 -0.061364996264992 0.20719730097302
-0.086683430103206 -0.0226933996869074 -0.0916643880753208 0.00770627838929234
-0.0865182051149131 0.0270410508103558 -0.274453924741275 0.148706362351716
-0.0742325636266759 0.077868035733396 -0.15490015641328 0.399383039087047
-0.0431273682394778 0.106362820025267 0.0272547170900871 0.447680137990598
-0.0430730136243966 0.103238239995486 0.0861433997978533 0.42015615879782
-0.0497873302017327 0.104087367896536 0.0456852412804175 0.415848830786455
-0.0666434379862587 0.0760740840783961 -0.0774345434831579 0.369633298550734
-0.0909919057911797 0.0126116773270004 -0.219584066738659 0.221396748214879
-0.0424364456887689 -0.0252086253303281 -0.205798037405213 0.00132887991478557
-0.0414416992086317 -0.0252135489250632 -0.0953824618003273 -0.00218655492415184
-0.0168218699289493 -0.127743992561495 -0.0579267097404713 0.0721090388258727
0.0816016579535522 -0.158703066016477 -0.332340381082971 0.263828444467012
0.105342340164332 0.0443122881632821 0.380057181800379 -0.402344493626813
0.114301925401373 -0.0619063885879758 0.0302878677790615 -0.197943839055506
-0.00650726213052312 -0.126772393135437 0.0498903089386248 -0.0181098803219549
-0.110374446381623 -0.00604646027317862 0.168262248643877 0.0143848599755506
-0.0673173918409348 0.0875868480303372 0.231192263091442 -0.206955353744308
0.018021953818182 0.0916740511637733 0.0838059420258843 -0.407881116498851
0.0703159688711799 0.054203034908253 -0.0754820716997814 -0.458892120594088
0.094919899862563 0.0503750743766966 -0.13672098414811 -0.440937659988495
0.0801960588816309 0.0657551617108605 -0.103475931024388 -0.448380235629115
0.0128351360975884 0.137469162741465 0.0353243175958808 -0.40524146971008
-0.0866028619920346 0.124697395055112 0.178006695221304 -0.252644961353526
-0.156437614122944 -0.0143836095746772 0.107616615574974 -0.0838810619134905
-0.039089838575549 -0.17985410540359 0.0668137282437922 -0.260930517051687
0.149021328394197 -0.0904377897472885 0.306740032684768 -0.407717987208935
0.151498025774155 0.0285929060163621 0.817991826937827 -0.308477258207965
0.307347908764176 -0.0833261092255408 0.303673815333438 -0.378432245384213
0.189834827904718 -0.216873373498571 0.048383862107631 -0.165180586915696
-0.0487435817754464 -0.262671433946845 0.0417506103429009 -0.0397330622463749
-0.234969474780324 -0.0398639085175426 0.135070342730553 0.00457594205887219
-0.197429789084827 0.169952804261561 0.201135755672427 -0.159777185279628
-0.0427449025956398 0.247867341992567 0.105612813101734 -0.343194221011443
0.091146224297588 0.218142113526517 -0.0321857493607742 -0.405370070095409
0.146584684340059 0.216531771479454 -0.0947408879149763 -0.381426534943945
0.115687156384583 0.243178703495055 -0.0721662832822267 -0.365001645396863
-0.0308780005005255 0.350893450839551 0.0204763927835822 -0.317155460104407
-0.260927480122078 0.279447624649303 0.103898003053121 -0.204866871779633
-0.396423509507297 -0.0223507980926951 0.0317434487527051 -0.0817684481036532
-0.200500285762298 -0.425592412494324 0.0209834787647132 -0.289645035385956
0.244400352956344 -0.409642936351071 0.280713774177236 -0.412822472072885
0.421999020473188 -0.184960001783225 0.730615031367369 -0.28082159330086
0.49080642692018 -0.205617285025991 0.153689079689793 -0.322379007338455
0.255976560196668 -0.381824954074516 0.0396247154782081 -0.0942713101625746
-0.100949226823209 -0.402983421863963 0.0476378611759205 -0.0356305878659098
-0.363293978496868 -0.0751288955873755 0.113678392486178 -0.017175508639635
-0.32160546210301 0.243542488764602 0.142928869798259 -0.113490064753216
-0.1062717005336 0.383801012505602 0.102049487564949 -0.237723258987938
0.0981778689272557 0.357869833220266 0.0112809737270837 -0.295499474932008
0.176572894615448 0.348678923215933 -0.03723551576133 -0.266084144541207
0.136461888868905 0.379750031687414 -0.0253051883438842 -0.226656221578054
-0.0593230719809862 0.513279185664586 0.0108236462043581 -0.17399562315651
-0.386146700114205 0.411905102714957 0.018417397033258 -0.111128082023116
-0.581798006014561 0.00498489332576296 -0.0606245554668815 -0.053730933549978
-0.364954422534153 -0.583516525004388 -0.0463382270664537 -0.277381962069824
0.268406176410765 -0.669626315164151 0.214262145251781 -0.372643643298166
0.609722329755747 -0.377224890919341 0.559466175942022 -0.200972636648787
0.623677337208641 -0.311525593501222 -0.0643425104176261 -0.225742955559864
0.294742206723481 -0.544901532920551 -0.00825950513419866 0.0260188019665571
-0.172745828609755 -0.536698888049476 0.0537217145804443 0.00445253011807979
-0.487458604275603 -0.0996782194725247 0.0880674186973696 -0.0335724507664858
-0.420625569996285 0.302977113128138 0.0585240894303431 -0.0540415575493185
-0.154178345687397 0.481120564388832 0.0750569267705565 -0.0925196539811133
0.0934374679977645 0.451736418770039 0.0505774166944911 -0.137102803045931
0.180652185828074 0.426736961150863 0.0247367441720174 -0.110579790571671
0.135356457562347 0.455006693720171 0.0282610115665656 -0.0550199942858636
-0.0740968069352689 0.59361517336147 0.0108868905930553 0.000194841912518362
-0.441012437736145 0.485159327591755 -0.0626957150505534 0.0169903547603918
-0.664901285540116 0.0424579043071939 -0.150465903214262 -0.00207631360108012
-0.471184206044134 -0.624862332593929 -0.111341940254832 -0.220168307092167
0.235170375755909 -0.80424937150291 0.128402996205141 -0.275770055539126
0.678084995576613 -0.502020450680565 0.332493958367668 -0.0775078377966828
0.67034129339165 -0.37698724738804 -0.324463802612535 -0.0921137457818764
0.293039441670413 -0.649723896355012 -0.0921560292129306 0.184594459606797
-0.234178962071542 -0.605853092827504 0.0466916882126495 0.070384267099487
-0.553833937149317 -0.105916429499244 0.0418805196694591 -0.0340848002748777
-0.459282912727841 0.321877373613913 -0.0486277386411975 0.0283606126108543
-0.175190595224383 0.508831628477703 0.0310277943524107 0.0827887045549265
0.0790809196050735 0.476117139572969 0.0837510090824049 0.0498931070815099
0.157223018985032 0.43684243335058 0.0836046967603882 0.062312881542437
0.109095973236973 0.455734351115533 0.0803386887146174 0.120547873254988
-0.0857361121239665 0.571471519210018 0.0184231940223058 0.172119156329873
-0.421396871767798 0.463746016747982 -0.124752931471153 0.147993544784355
-0.612192070235212 0.0582933697399508 -0.217223973426453 0.0514412958471867
-0.461699530566044 -0.549920755234482 -0.150038410898254 -0.13818987131568
0.176163368460115 -0.774726892347642 0.0501920078946761 -0.147762045427114
0.62945179688776 -0.527352821772809 0.0996981427993354 0.0691097311955182
0.603343341148123 -0.385296128976992 -0.580372855835916 0.0618866146017672
0.238577504168594 -0.633171545800428 -0.190468491336341 0.345225223339927
-0.24335139660489 -0.551146465011258 0.0238785240152497 0.138254733557236
-0.502993254690703 -0.0920642155932332 -0.0224679237540464 -0.020583891035921
-0.405344615124346 0.27843415980088 -0.156066296399321 0.117208864738662
-0.164884051510834 0.444150966970187 -0.017675346819 0.256212633445716
0.0516753122236261 0.422473106096275 0.107613455751835 0.235888946184683
0.10836483907015 0.381987549565134 0.130402523707262 0.225524705892319
0.0648405653193896 0.389029982367628 0.117609886813523 0.271997543104452
-0.0906847338861796 0.458331333277557 0.0206554830926548 0.304654527085004
-0.34547960692018 0.345566359643681 -0.164628567755113 0.242320051823047
-0.451949806668791 0.0325417032301352 -0.249551561873098 0.0778443537004496
-0.339088418576042 -0.393157976073047 -0.153335463198569 -0.0652135186869275
0.112022339027955 -0.603429514757299 -0.00273853139084706 -0.0327106748599134
0.485479579297936 -0.455136222699157 -0.0990247997363663 0.200028846446962
0.42241001583773 -0.322629341345353 -0.778805366655267 0.202492852903213
0.134961932005998 -0.476431013477496 -0.278230219909365 0.465630235759359
-0.194532695446105 -0.367933442896031 -0.00520684912502534 0.194182152766895
-0.331220135908519 -0.0561250364359314 -0.0758674213355552 0.00171172346610339
-0.270412609667497 0.173390534738264 -0.232532284151679 0.183843069162174
-0.124944720997339 0.293194595249933 -0.0606194587171654 0.387536434987941
0.0129866577095518 0.295674053411553 0.116102659214767 0.38529588182557
0.039772122590853 0.268709534475549 0.156287219092388 0.352986961766767
0.0108344725864387 0.269729867004037 0.130865525311902 0.379190755850836
-0.08617469260309 0.2822440076409 0.00910818480781511 0.380791045868465
-0.229841266900878 0.18210841281213 -0.186711208112513 0.280487518857826
-0.241266664592551 -0.00558746119034801 -0.246777331197987 0.0683794376156041
-0.176410181425511 -0.202404267646724 -0.130344016065914 -0.0160912546486396
0.0446340756651322 -0.36254941332167 -0.0339815603974875 0.0441531462722662
0.284651574026375 -0.325867987359592 -0.237587173272004 0.288808938207066
0.161546121624237 -0.197723598687113 -0.876166192639917 0.307166002755491
0.0036605066952274 -0.22629560304082 -0.334426539849372 0.526856789238415
-0.106533522147376 -0.107858805220842 -0.0173481943696514 0.23769664002968
-0.0950063300000671 -0.0131919814235918 -0.0895858655841699 0.0257593464051697
-0.0883957780662012 0.0373494004457025 -0.256876428682744 0.20599924231316
-0.0679364451623203 0.0923460771302375 -0.0908065374022266 0.445902044738217
-0.0312781543755713 0.119728126302265 0.110871160174895 0.470118084705008
-0.0333850195393368 0.117001657549151 0.158788704156258 0.427398524963128
-0.0373189412079675 0.117730272477898 0.117935415406786 0.432016434280825
-0.0604257818979635 0.0872148639845295 -0.0174137377736364 0.40209540363082
-0.0946372157659843 0.0251312147038565 -0.192676599943073 0.27200534815733
-0.0462018071339537 -0.0214497877573218 -0.217001866805037 0.0381316212630154
-0.0445702142481352 -0.0179929536601511 -0.0984737020998225 0.0140376790511469
-0.0390547408613841 -0.128975276576039 -0.0546696411326323 0.0850390129612396
0.0608973215950932 -0.175789156681631 -0.310455369668005 0.328332707662501
0.111618732237915 0.0375931561080368 0.352641640384246 -0.449145866770768
0.111428694451101 -0.0735323173862573 0.0180836159098692 -0.20662841070765
-0.0198487276838932 -0.1307387630744 0.0487655552958756 -0.0254548169428109
-0.11385863989155 0.00426876821230173 0.173449726609998 -0.00335955969972782
-0.0607689716642265 0.0977627965660572 0.215703973070768 -0.235055854487054
0.0271738589413674 0.090741691521875 0.0460853930412845 -0.427746814362448
0.0773343217546738 0.0476802407102888 -0.11789020928007 -0.464723252930209
0.102098491822959 0.0418414470957669 -0.180328154481474 -0.438304275430256
0.0874243278389216 0.0602847506769454 -0.145955513898087 -0.450135999082693
0.0281597968627186 0.140880065054075 -0.000300040104879064 -0.417634777738918
-0.0756275000587411 0.13608956496691 0.157537520338658 -0.273785007875648
-0.161913968103521 1.81870518232599E-05 0.101951706301096 -0.0959667907612864
-0.0575746494519174 -0.181833052062507 0.0413682595208487 -0.274999440392169
0.145045428517251 -0.1071579378535 0.28129495318431 -0.446235381419259
0.158014797546583 0.0154961869231537 0.813415379093163 -0.390659837866741
0.305987529903705 -0.111785365179902 0.278448614980175 -0.418235837711928
0.175023587612876 -0.239746246820214 0.040377171239292 -0.175838287295373
-0.074294434707914 -0.264860865657636 0.0389667051722355 -0.0462656904616246
-0.244310968509736 -0.0200436778452674 0.138076722198328 -0.010547714144165
-0.186208835375908 0.194285829574232 0.189112602765376 -0.181905885238542
-0.0200921086684858 0.257677558606213 0.0751500616145838 -0.361783685365468
0.1147208140176 0.214035487946555 -0.0701187515503881 -0.412998198013531
0.170006464049577 0.207802408578889 -0.129968435894927 -0.383680002722118
0.140530287870335 0.240501096804169 -0.105133162500153 -0.368872268183066
0.00349103208832072 0.363772807861578 -0.00627615225569533 -0.325222988664849
-0.239454764207541 0.312875222005091 0.0861870120028095 -0.2160211722248
-0.408787249965335 0.0149370528144023 0.0252503774825295 -0.0864281265274707
-0.245587128083256 -0.416352324185265 -0.00702087981304174 -0.301825990782132
0.21293734188785 -0.442825238719094 0.253374297682299 -0.450214410572466
0.416366320191726 -0.228488693648013 0.728343627484925 -0.35640200922381
0.482431240587709 -0.253943171348103 0.131067297363137 -0.347239927566975
0.227685646852331 -0.414091102973951 0.038457656051244 -0.102316922132935
-0.139784034038309 -0.403605316263223 0.0469463371013442 -0.0419167885039624
-0.378303657059482 -0.0449874604740063 0.113041633174838 -0.0307109229749137
-0.307103453057594 0.281432995054228 0.135084726599995 -0.128148427184876
-0.0725418922341385 0.404208613993556 0.0822375788203679 -0.253373000348335
0.134634553317609 0.357623191623394 -0.0163618191343309 -0.303201639212506
0.212584310956573 0.340275202268235 -0.0618099277515404 -0.270246117762581
0.174817366111221 0.379167877260192 -0.0437542005776496 -0.230394810375516
-0.00989498794900249 0.533764455812749 -0.00196863711366474 -0.177017741041313
-0.35437685194044 0.460337901192909 0.00636985586844448 -0.109882031621063
-0.595277848878912 0.0568922759571504 -0.0668002174958488 -0.0477448856406611
-0.428635008590664 -0.564881336618488 -0.0746404428734697 -0.283579616482945
0.212561888950704 -0.71155883035365 0.189305000525454 -0.403407049699583
0.590790897907847 -0.444452191141599 0.557781517169322 -0.260391505233215
0.607150695256867 -0.376502928216973 -0.0837305878162103 -0.228428771765148
0.253004728825484 -0.58388048823275 0.000430000473713167 0.0244106074490895
-0.224775583599069 -0.531685954042638 0.0583421725664743 -0.00113382916315693
-0.507673176818985 -0.0580428451015906 0.0860615121160924 -0.0452141750165768
-0.401526244648367 0.351966064795503 0.0539562671249056 -0.0589550815888032
-0.111826212416263 0.509608681115416 0.0687041075833262 -0.101719493550216
0.138525652497731 0.455141602075436 0.0375658203356445 -0.143927020434371
0.22304467946109 0.420645432662595 0.0165960408748543 -0.11637363076802
0.180855213273895 0.455428979153347 0.0275327656621886 -0.0595191110707045
-0.020182343100754 0.616927305504308 0.0157635379986001 0.00132071656304484
-0.40534116836907 0.541189506537145 -0.0640079004511451 0.0305266806754128
-0.676255391527192 0.103387659219633 -0.153437535294438 0.0144608544144092
-0.540138572987653 -0.596512657299927 -0.134618228034575 -0.218981411409163
0.163556603517292 -0.848048819188894 0.108577904322317 -0.29612951342638
0.65123618676807 -0.579002348830934 0.336900712393723 -0.113468755591222
0.651109808968389 -0.450335014494933 -0.339393421267882 -0.0662495630208456
0.240336527100316 -0.693106865371325 -0.0707995317006694 0.195715877188554
-0.294358862620091 -0.598672033335738 0.0583589078433783 0.0682426785631645
-0.577037123345157 -0.0590870061558044 0.0385228517855512 -0.0416635275995777
-0.439020596331249 0.374400324152314 -0.0466119162096442 0.0355831089950485
-0.131422437671825 0.540824213382832 0.0413704167115395 0.0822996384045284
0.125741360078673 0.482059623786462 0.0883305057686537 0.0446946789688803
0.200610112962809 0.434324559591311 0.0922421746831603 0.0559254680893261
0.155120178607352 0.459129033449708 0.0974811408007551 0.115270641442345
-0.0313796274229581 0.596911603201517 0.0393543699395195 0.175749172093239
-0.386499971841677 0.518629602512543 -0.114158391278542 0.17051041404352
-0.621045483323221 0.114559279238985 -0.216698138855476 0.075359909217517
-0.521063018180709 -0.519743868695008 -0.166470656057748 -0.131261503729376
0.104329982191644 -0.809270381446035 0.0390519352852031 -0.158772787329085
0.598631506015216 -0.597922665798962 0.109772992456186 0.058076207230317
0.582120007554002 -0.449580228314018 -0.587744689499237 0.115225532953889
0.1863573678429 -0.668496114415198 -0.159034682020563 0.370042524276565
-0.299541473307459 -0.540987597625099 0.0416465713977774 0.141606037639811
-0.523618696665809 -0.0484487414291392 -0.0253378935686598 -0.0212343997901905
-0.390130336356818 0.324281334770236 -0.147456210832702 0.137542294479117
-0.126846356417218 0.473115699926888 0.00845149543925185 0.265554060389185
0.0933147137041694 0.42974940069543 0.129736844940516 0.233084969027727
0.144208221219667 0.381509159309174 0.154199712688434 0.217998384554557
0.101661553344382 0.393402756396151 0.149850789443741 0.26717871954069
-0.0492409884157326 0.479060808655917 0.0540412971555488 0.310405526402572
-0.31947248743611 0.390583420584124 -0.145513440394133 0.269643026656654
-0.457433105276972 0.0729714332805076 -0.247356191829016 0.105980348796476
-0.380776124877529 -0.370506827718871 -0.161916689520814 -0.0549152515835213
0.0543564519985387 -0.627413364773893 -0.00566904452216459 -0.0350969030626228
0.456503861423864 -0.510459148338264 -0.082150655413785 0.210504638443561
0.404872271571319 -0.369395891321422 -0.78112670639956 0.278815597274058
0.0952490948532098 -0.499454170757301 -0.241728230272267 0.503375551287733
-0.231779901621719 -0.356747273854572 0.0172551541528259 0.201853253131709
-0.346471968429141 -0.0281787112654924 -0.0768638326139344 0.00709641741854938
-0.260882856243736 0.203190274657397 -0.219900433158895 0.210871085829508
-0.0999584596316314 0.315240934508833 -0.0234648966785379 0.403961675000835
0.0416555061789017 0.303304242694655 0.152876550280472 0.384759217755068
0.0645559064707204 0.272919435023029 0.192816913863266 0.348105103969243
0.0359672207390703 0.276472042304275 0.171105706431439 0.376170086066477
-0.0619472425824781 0.298052839847359 0.047396283913572 0.38943579934484
-0.217492775967089 0.211164870865415 -0.163671361958785 0.308672445536808
-0.246854272238527 0.0142860538556262 -0.245366026816805 0.0948517417676968
-0.195877032518606 -0.190247049493768 -0.133170482570424 -0.00629827864152516
0.00945118856688052 -0.3738758323173 -0.0326103823518267 0.0465574475744123
0.261859454518969 -0.358113360755624 -0.216959923212034 0.315070883917046
0.147802571476764 -0.217346461075787 -0.870263497626551 0.396673806539588
-0.0155596201632905 -0.231246344742284 -0.296258304667839 0.57430661764384
-0.117148934625124 -0.0995013299210884 0.00670564470303187 0.246995184032813
-0.0991482616883295 -0.00551704458913564 -0.0877389310579012 0.0330186740472067
-0.0869671656145151 0.046011748971873 -0.242845137741075 0.236140982846214
-0.0610056531200083 0.103426616261656 -0.0496588207630104 0.467848730773174
-0.021866709466862 0.127526981553041 0.155358494803913 0.472343550714326
-0.0237717293550165 0.124809607419404 0.202232464841589 0.423444400274538
-0.0276409116705519 0.124017073612665 0.161450197968243 0.433486672168584
-0.0546763407403761 0.0941685103052746 0.0220998999612134 0.413166949290134
-0.0952699905873744 0.0361581386046228 -0.170426686716109 0.298110177755376
-0.0493695849639446 -0.0187809450288896 -0.218379716426132 0.0621364529246052
-0.0445131110011112 -0.0132015428589151 -0.0979593484528474 0.0228074609671853
-0.0536507217094997 -0.125821632468045 -0.0511988091479068 0.0898999972900874
0.046338892201551 -0.183599180219015 -0.288384960410613 0.362804900605982
0.111740952978943 0.0290107345298099 0.30725578807173 -0.470842439090369
0.102195149672842 -0.0810385079956691 0.00404921388400834 -0.205177477349036
-0.0317746417675955 -0.127165661411665 0.0443693453396384 -0.0302779234633284
-0.110773160345602 0.0140158369842141 0.168716346129067 -0.0212367202338453
-0.0510599879030618 0.102122310860142 0.187124245142598 -0.247960766151285
0.0342587972717867 0.0853674428976775 0.00472321967801657 -0.420650180204323
0.0793036885280855 0.0386016387823998 -0.154461502196897 -0.443618975753331
0.102644530799563 0.0310483207894356 -0.211171748761229 -0.414272974726889
0.0898219854928453 0.0513758097235731 -0.179179048675453 -0.426071047733127
0.0412530363456126 0.135545448695466 -0.0353337301913978 -0.405243460957098
-0.060409795142645 0.13936826568477 0.129894089834046 -0.27918237344052
-0.157538312393025 0.0140197554032319 0.0900413449755407 -0.102574918034259
-0.0729080755889484 -0.171999723596589 0.0136559330455076 -0.271883075460043
0.133367737616388 -0.117012964700857 0.237424270070601 -0.458363059058716
0.154695727681185 0.00210399519115787 0.761294155347191 -0.44868916677092
0.287660046861434 -0.13345270270969 0.236166768350281 -0.434896616620016
0.149977467395458 -0.247289837460403 0.0296149066855493 -0.1780348900959
-0.094471827886894 -0.252037516497997 0.0343135911198474 -0.049890040940844
-0.239216286988476 0.0015860994473027 0.132487108838861 -0.023931359569502
-0.164595902374618 0.207581138164727 0.166476753557841 -0.192717649582073
0.00222188288763978 0.253155317029022 0.039945803549226 -0.359864515425345
0.130457561480772 0.197503245530911 -0.103854879379187 -0.397341150370387
0.182342170187282 0.186653436101194 -0.157926103710459 -0.364453880209999
0.156143219366732 0.223637137534572 -0.13107392649642 -0.351147989687093
0.0368681474335372 0.355008395520137 -0.0316919018977222 -0.314496795375797
-0.204439428484648 0.326309639997311 0.064320866944149 -0.213753811236283
-0.396892830975407 0.0480269196692541 0.016019321078036 -0.0859717527165717
-0.275442321580615 -0.385607551167244 -0.0347719333228656 -0.294846701895667
0.169307300800433 -0.449640524376545 0.213045167461998 -0.460021159403964
0.387245292094813 -0.258213876918276 0.681713723895308 -0.411934359227847
0.445606224034887 -0.285474523179414 0.0988212622760107 -0.353413515403192
0.186811981145072 -0.421335342178736 0.0352881198637962 -0.106796536402274
-0.170655792144827 -0.380823093755909 0.0429527202802374 -0.0464329589798673
-0.37153875197243 -0.0133138223804115 0.106142213533767 -0.0423012693644992
-0.274593447952385 0.301497621396821 0.119175693787637 -0.135288687484567
-0.0352720798372316 0.400809164499944 0.0574339625735505 -0.254678185658623
0.162291186437099 0.335829496267842 -0.0422984833163501 -0.293877268060824
0.234881154952707 0.313330469985867 -0.0810783559385351 -0.259719285400648
0.202109165956052 0.35549169630533 -0.0591583956813577 -0.22242218275946
0.0381513862366115 0.520678796901352 -0.0131293920453928 -0.171044978982565
-0.303598703484048 0.481259478319952 -0.00354313832747439 -0.101422245093745
-0.574663557801013 0.105839934804525 -0.0686525881044577 -0.0396859359174149
-0.465852295068347 -0.51379644827301 -0.0984088163788098 -0.271649655730712
0.146176979736627 -0.712177737190153 0.152930012478534 -0.409224095926471
0.539707925307248 -0.481232362624418 0.521896309323358 -0.305420148619887
0.557588599143738 -0.415462514187125 -0.0986795271507845 -0.218816512703645
0.1972324873582 -0.589719870422067 0.00916015945397948 0.0197001151326664
-0.262856399487981 -0.499027047409678 0.0594935232654526 -0.00688771492952246
-0.498937017080426 -0.0145092166066701 0.0788357004861359 -0.0549380315457581
-0.360805290175674 0.378510722151907 0.0476493807364335 -0.0601049331251086
-0.063574336428866 0.507069744765612 0.0592002148209502 -0.105434523550325
0.174913930299276 0.430629404731162 0.0241211091171108 -0.142469028366565
0.252536142761391 0.389837957549896 0.00732524370608454 -0.11618697724604
0.214138497979241 0.428727345273077 0.0259978279351336 -0.0622851829145319
0.0362707574823892 0.604005464610866 0.0197112245567512 0.00117684117724166
-0.345718228239234 0.565025976609879 -0.0592423658315284 0.042699382733266
-0.65190141654035 0.156717816172575 -0.146886177304868 0.0290429886348943
-0.576164726883063 -0.535588522270411 -0.15136138127853 -0.204128472171884
0.0859787697435171 -0.839193894486935 0.082203907449032 -0.299860262642524
0.586565199916742 -0.617488406789475 0.319719538183945 -0.143858936008621
0.592994312334567 -0.493228702687495 -0.334035701040564 -0.0384082062273314
0.176863352637509 -0.692097331126164 -0.0470945722840553 0.193204179763826
-0.334815584742024 -0.557272543748408 0.0664991556696844 0.0611050224557338
-0.566610755051915 -0.00993129390047687 0.0332286122002336 -0.0472285405054331
-0.395252361352983 0.404375010886774 -0.0410385539212803 0.040551910811588
-0.0798797675475554 0.539633440004638 0.0491074064403199 0.0768401447494405
0.164569080812764 0.45852389552108 0.0889049380204424 0.0380099310419284
0.231318367651578 0.405963642625058 0.0959705549020554 0.0454256880455574
0.18893381075023 0.434109844778566 0.108607912022037 0.10296011741663
0.0217084572595046 0.585116300868582 0.0580429544735685 0.168250021018678
-0.329104150463864 0.539971665236106 -0.0953615439497642 0.183343036701101
-0.595549513827857 0.162576170456822 -0.203223375022209 0.0945318090898256
-0.550984498989847 -0.461577795513226 -0.172949643963652 -0.116120541978612
0.0301629682129324 -0.795569319589597 0.0256520926461943 -0.16102530816358
0.533342414359275 -0.632312423345256 0.111649466163268 0.0421881065781376
0.526428923099822 -0.486448888471872 -0.561619578204483 0.159740133703275
0.124954351711875 -0.667253539388984 -0.119130870980349 0.372208679752623
-0.334087380906999 -0.502045652302033 0.0572024583673424 0.134476749070844
-0.514733570471014 -0.00236276742475337 -0.0267167909758992 -0.0214308431919325
-0.35384110647254 0.350274280503423 -0.13077824822757 0.147777535787319
-0.08061867065134 0.474204924234179 0.0338945904433499 0.25825408949715
0.127667222938792 0.409724012838808 0.144965678178867 0.217184678230658
0.171505973791334 0.360505511257083 0.169829819321237 0.200226221658552
0.13263750958261 0.377165792063552 0.17149288493833 0.247135782202041
-0.00700309247284489 0.472144027250562 0.0837232243158015 0.298519792103539
-0.275446938144836 0.410873879070814 -0.116407409752807 0.281352048197186
-0.440964823559363 0.107298315597405 -0.230514594191379 0.127037684567821
-0.399101700556205 -0.326524300837157 -0.161080056028538 -0.041531803942976
-0.0016418142038332 -0.613513255367727 -0.00984200547270667 -0.0370420035253579
0.401258614143736 -0.534370801594748 -0.0626864319960151 0.207839396442067
0.360749842266363 -0.393277670351488 -0.736022945653598 0.336639518354055
0.0514679028245951 -0.495764423265481 -0.190665697047168 0.509752913443197
-0.253270673571608 -0.328138570458243 0.0386919532300294 0.196102674947283
-0.339587224538597 0.00117464891268881 -0.0737881451719752 0.0115395539280143
-0.237676604572975 0.220848964768107 -0.194254188475935 0.226204384078147
-0.0691039698539441 0.318196604819423 0.0149329543262581 0.39598899845543
0.0672324281972984 0.29307330000351 0.181170651755033 0.363451259959196
0.0850721026232375 0.26239715052862 0.216803399078388 0.322868167627353
0.0581040306783343 0.266855260987065 0.200588045475047 0.351772205360927
-0.0352225380515411 0.295755989775231 0.082961614925872 0.374328370008139
-0.192856240673326 0.226108674485409 -0.130336396378969 0.318676680499848
-0.239422949350179 0.0338097686619184 -0.23064270469339 0.115313344372726
-0.204032422957974 -0.167687085644689 -0.128627485716602 0.00332479404077865
-0.0245325182059128 -0.361347983952347 -0.0297011092021482 0.0456280314854688
0.225323838454169 -0.368697784945215 -0.184868306894924 0.322723447247116
0.125769911966971 -0.224662334305222 -0.817109213191449 0.462920247932506
-0.0336869510178002 -0.223758969421451 -0.239851511466905 0.585975319608894
-0.120583833612184 -0.0858386037456012 0.0322085929350583 0.24167945692506
-0.0978252432147989 0.00252686015519635 -0.0810109126197826 0.0385920464074314
-0.081606860737373 0.0521272602240159 -0.214501748249584 0.250213930816581
-0.049686604696336 0.107775220769047 -0.00586322597051611 0.460025998314131
-0.010066907435543 0.128545383663155 0.189352713624807 0.448662726974488
-0.0132912469461103 0.125892874389943 0.230874733310612 0.396204467780985
-0.0168006294816785 0.12314134768803 0.195103230429652 0.407546963009345
-0.0466845152147589 0.0963553074912411 0.0586041239669339 0.400054856019859
-0.0892473096333001 0.0450893207886014 -0.137237397181015 0.306083302820884
-0.049517800305248 -0.0143758857979965 -0.207225238207665 0.0819371512202343
-0.0418299463805017 -0.00890537174422504 -0.0913076614875286 0.0300405278017794
-0.0643201947416072 -0.115337119760749 -0.0448022083589158 0.0906047481430097
0.0297276374883505 -0.180319589997229 -0.250538499960192 0.377061137708483
0.107898513051401 0.0240935919137993 0.269688306685031 -0.461977694049212
0.0936154204715996 -0.0808576693965076 -0.00246716882134903 -0.197005258708486
-0.0379375037439204 -0.120003907422415 0.0401884379332459 -0.0323954963635765
-0.105111790555535 0.0181627149477053 0.158812054348518 -0.0298930001483679
-0.0429140496779547 0.100388520926156 0.163056437116556 -0.244599301305018
0.0354672204092481 0.0785322435305189 -0.0172976357259295 -0.401310145046825
0.0772242926070728 0.0323034415332528 -0.167699786311083 -0.41764195222133
0.0984268061629308 0.0241968897213328 -0.218390657729677 -0.387267982987406
0.0876986074396552 0.0455045774267593 -0.188324701919442 -0.398628784875437
0.0474373500190494 0.127603699207598 -0.0499182747883526 -0.38340821268318
-0.0490290138304168 0.135410667606679 0.110240430308277 -0.269770601389676
-0.148945083410998 0.0200333202887808 0.0804982782488366 -0.100805762423903
-0.0776003445685909 -0.159386503123631 -0.00207830408838202 -0.259548938769011
0.122747700902683 -0.117565044299007 0.209258213067001 -0.446123715840612
0.146933319009467 -0.00450909277290703 0.704949222385499 -0.46081342849774
0.266385943755449 -0.137322145215001 0.205081094745669 -0.427252660408061
0.131802358937687 -0.24021864484789 0.0246126140942619 -0.173695547290165
-0.101836425918084 -0.235562827755377 0.0302285463487477 -0.0503595607764925
-0.227238686807044 0.010644111011486 0.123295934247701 -0.0314990923847761
-0.145675062977629 0.206253622351268 0.147027618956098 -0.19048932922752
0.0136079536024826 0.240439607836108 0.0197366014881844 -0.344451700013796
0.132436960530946 0.180467448268732 -0.115995792131925 -0.374460947704119
0.181311807071946 0.168142105669732 -0.165502699685669 -0.34182669260153
0.159078224142687 0.206582369906989 -0.138336546966722 -0.329391692367945
0.0525838291335153 0.33653945472854 -0.0411624892064949 -0.297161713260391
-0.177210385941138 0.320629754001897 0.0510655447484713 -0.201918138243682
-0.375546168380948 0.0632252945954701 0.0114794478474328 -0.0814169412324749
-0.280384183473081 -0.352942658384019 -0.0485585276982924 -0.279989284581807
0.142600474782864 -0.434790994517907 0.18556292408891 -0.448516338508019
0.356974717541999 -0.261738004296181 0.63014821906427 -0.42336650164601
0.40657366819894 -0.289097287662559 0.0790134354475139 -0.342725489989045
0.158440989549053 -0.405870970255757 0.0340430337339031 -0.108185968000276
-0.176040817767849 -0.354727882165008 0.0396876168702387 -0.0472503371213523
-0.353072827485728 0.00236768959250866 0.0973336262314813 -0.0480490245483988
-0.245794495758663 0.30118305539924 0.106522753850447 -0.132896471750384
-0.0139472900267077 0.384984877244729 0.0430548543174836 -0.245283236701126
0.168958336529999 0.310920511298523 -0.0534964192982861 -0.277535647005093
0.236000624936212 0.286826947223109 -0.0872767232062381 -0.245570030884833
0.208320921462666 0.330156857258287 -0.0628272427592308 -0.210445533989525
0.0616914259061187 0.494639479386182 -0.0166149815636438 -0.16164543102371
-0.263334609136032 0.472545425062676 -0.00698196774495166 -0.0898232039238759
-0.543083399011515 0.125036919981547 -0.0668924757453547 -0.0333752794649809
-0.464714752298591 -0.467975195348412 -0.107619915133429 -0.255984027682777
0.107187431204536 -0.681009556140973 0.130484898350908 -0.399183204921773
0.493627864759644 -0.479112847546542 0.481901994852328 -0.31732116432581
0.506809914741272 -0.418065646961899 -0.101930226968355 -0.206820916915245
0.162500522221671 -0.566164149516543 0.0152939357962073 0.0133062988663787
-0.269221778188486 -0.461853199261961 0.0580696629074639 -0.0105945840562994
-0.474757845881666 0.00732555374729217 0.0711340585732996 -0.0588467042276308
-0.324089449225857 0.378033467890302 0.0428024972984789 -0.0582719701282546
-0.035215600408725 0.486205586710415 0.0523643116837624 -0.102811535909759
0.186461975380864 0.40038532384632 0.0158727461956285 -0.136462544871067
0.256289790168799 0.358978367895749 0.00261397004584454 -0.112682722848334
0.222939542784054 0.399541144518208 0.0252677918976347 -0.0621539869314454
0.0630355124789839 0.573778861403431 0.0234865114498015 0.000169829196400646
-0.298268204819066 0.555570961484374 -0.0527825242486542 0.0505914666110179
-0.612260775064418 0.177038031119216 -0.137622662418877 0.0353762621972098
-0.568564386311689 -0.481866886947545 -0.153256727259205 -0.189707141170498
0.0432209887059427 -0.798603536184609 0.0656232722556192 -0.291830585121787
0.532646925496632 -0.611564704659861 0.294961659772341 -0.155366845722491
0.537075077812249 -0.490877969879218 -0.316492451885308 -0.0245381904815008
0.137891427667179 -0.665586233967347 -0.0307265505240367 0.181155004512374
-0.339567641607274 -0.513934632954789 0.0700466044752786 0.0539763617075738
-0.539182440726225 0.0138364328133877 0.0282749458772478 -0.049885083552651
-0.357383814938926 0.405109831930856 -0.0355547287235928 0.041482508597755
-0.0489925420796632 0.519229309268059 0.0529335494474326 0.07031417068924
0.177110360648577 0.428779502877282 0.0858058204034531 0.0328608269294989
0.236828231546203 0.375792818657525 0.0937755307103742 0.0383053042907704
0.199935560570717 0.406047001476383 0.111411322966709 0.0917231260679002
0.0479940732255895 0.554916216094477 0.0682087366646018 0.157574787574575
-0.284988270543885 0.531280886923924 -0.0794476916688345 0.186222528799651
-0.559644403455522 0.180012741072104 -0.188232875258333 0.101512386710341
-0.5409796748968 -0.413566488723526 -0.169347941834932 -0.105247413491757
-0.00706179361519111 -0.753589300435438 0.0162912353730758 -0.15747791165588
0.480313082144725 -0.621611052300034 0.106685381609773 0.0300796474049891
0.47514710623046 -0.48437783834305 -0.523425747376515 0.174511577015787
0.0917478578720578 -0.640545622006534 -0.0930038340728306 0.356295532417539
-0.336058769245409 -0.462476959966051 0.0650990581216378 0.12445442113191
-0.489866466643471 0.0192167120817801 -0.0267254674875808 -0.0223671438278115
-0.318671545252071 0.351070897149888 -0.114915074195928 0.146780135043274
-0.0527305058754403 0.456203711056383 0.0473099273472663 0.243120903540783
0.141068219412094 0.38505148084249 0.146601120126137 0.2021433489773
0.177987535021932 0.336160399737691 0.170458138603106 0.182794831404556
0.143082811723721 0.352397918843673 0.176894282491147 0.225909173486198
0.0157211255952216 0.449009854451122 0.0966975568143059 0.278483853716736
-0.240583483395111 0.404928675533268 -0.0943740128937224 0.27933473156016
-0.412213399544903 0.120878827304902 -0.212309233915148 0.133082871834084
-0.390130246771338 -0.292214965149244 -0.154456347998707 -0.0352070003593401
-0.0301552757180541 -0.578126901353501 -0.0125482112848757 -0.0380643720965526
0.360310515943264 -0.523555716324783 -0.0511577841109287 0.196813137611697
0.322386737167262 -0.388558002457255 -0.682622232389817 0.351472545554862
0.0278785471368814 -0.473469982617011 -0.15673487736639 0.493362948432329
-0.25317574685619 -0.300795099593461 0.0495831095225272 0.185168301909089
-0.323220127126228 0.0152121928381124 -0.0691036723012192 0.0117751981407341
-0.215495351420038 0.222148905091039 -0.171843215348081 0.222966767467003
-0.0497364439989169 0.307769991272684 0.0363373613266788 0.375238047008399
0.0773246309184545 0.275957160197794 0.186793610167982 0.33874881243348
0.0914834347542213 0.247270147525016 0.220234567612567 0.297916838765945
0.0663651825665149 0.251792606362045 0.208928486773227 0.324490453586244
-0.0195798571818655 0.282947230458153 0.0985109110862269 0.350824299670678
-0.171114962187847 0.22553179264999 -0.105625074466393 0.312318814286859
-0.226179229205825 0.0417006812623378 -0.212115413314988 0.122917663607578
-0.197811926498462 -0.150259252833404 -0.120150638163664 0.00670669945415817
-0.0415114814145637 -0.338884896297992 -0.0289200561643938 0.0413718911142104
0.200080310382804 -0.356722454001836 -0.161709998357962 0.311372912643392
0.109604711461086 -0.218811044338144 -0.755095315603458 0.47347780315299
-0.0408822481801835 -0.211916091586778 -0.201737655844731 0.569913481847232
-0.116224024122576 -0.0768956254142966 0.0450097643228397 0.229117892920476
-0.0933469863272345 0.0060870032503082 -0.0739238355642792 0.0384391377613264
-0.0762039762033971 0.0531740893220843 -0.191263207416112 0.246585830518873
-0.041546583828706 0.106115276922124 0.0186014013888497 0.438565189968843
-0.0030749877073752 0.124243744344015 0.199660999172833 0.418811164120903
-0.00714242158398011 0.122212116773478 0.237211770826591 0.368532200156503
-0.0112568987111089 0.117851887848732 0.205370393231764 0.379060289106425
-0.0406351347452916 0.0935143249491002 0.0763683009308088 0.37636988673651
-0.0825721018418156 0.0479788270091042 -0.113017790987593 0.298431711987968
-0.048230443062532 -0.0117343499510894 -0.191768361895691 0.0891789717234654
-0.0377796867676448 -0.00678218998799005 -0.0835472738437219 0.0310779741647186
-0.0673018892149965 -0.103821038355743 -0.0418213219946963 0.0867442265718454
0.0222013017916386 -0.171225562045715 -0.220862603000203 0.367616893854538
0.104912257541588 0.0237329542806094 0.256454788677342 -0.448823987511079
0.0906955259349698 -0.0772075238820007 -0.00114816698372002 -0.192975460324645
-0.0384189835815957 -0.116047387864667 0.037722278327819 -0.0328956426735805
-0.101886957574004 0.0188530207735891 0.152184007987119 -0.0329433783075185
-0.0398127284983056 0.0989692994152654 0.152689604255554 -0.236607865849312
0.0339196601249404 0.0750001049270567 -0.0235934280282528 -0.387279876504942
0.0744420985474179 0.0291299818271731 -0.16425773658079 -0.403042686434228
0.0951528450189885 0.0219250303495844 -0.212981556353055 -0.375519824234158
0.0848752287897215 0.0438102250063571 -0.183384284665243 -0.385117057845501
0.0479528474014551 0.12275969188308 -0.0493631296948655 -0.369295539941125
-0.045540095508644 0.130943309025946 0.104421623802724 -0.259817517560793
-0.144197125945152 0.0202949121683836 0.0760082943025667 -0.0972171681261352
-0.0758398946603212 -0.1527772029798 -0.00601192382823938 -0.249940035715134
0.118604434243906 -0.114637358360841 0.204329522772575 -0.430164743327359
0.140870075213773 -0.00403321050516466 0.677998485768964 -0.44841526516833
0.254643344142227 -0.131549915621509 0.194903192915678 -0.413867084202293
0.127046118185217 -0.230566454014618 0.0260101164658774 -0.17150510496717
-0.0989922503748052 -0.22656160827399 0.0289683730988844 -0.0498811104876821
-0.219741390109833 0.0112243537243411 0.116993083422617 -0.034071547964567
-0.138940799976386 0.202368667915001 0.138441132843799 -0.184146964214251
0.0149496729051417 0.232567758405052 0.0149323645859129 -0.332688096246458
0.128884578979477 0.173050159072275 -0.114952543179522 -0.361909518001602
0.174828020536437 0.160769004852704 -0.160700371291832 -0.332218933765389
0.155004495959872 0.199373155515278 -0.132636140861975 -0.319325497330465
0.0547989492697478 0.3252191856759 -0.039353823166303 -0.286066525569254
-0.167589030324822 0.310362042942707 0.0487765898796743 -0.190979135282992
-0.362181323571056 0.0615667990806844 0.00958491744742439 -0.0783334262161148
-0.269810406603316 -0.33894849148339 -0.0509106745978603 -0.271314918056165
0.136467376433688 -0.419875763314868 0.180653150133813 -0.434989278500337
0.344255555137213 -0.252202352916236 0.604842394274737 -0.414574655858981
0.388270842249031 -0.277825621301743 0.0752619930284212 -0.333786120983385
0.150253375040313 -0.39186834770978 0.0362360505351254 -0.109350443446983
-0.170269357268566 -0.341390751539914 0.0390067586190942 -0.0473524234065487
-0.340632791221085 0.0022059890694694 0.0910050812884503 -0.0502302598786162
-0.234495156688879 0.294181429794882 0.0999379779148195 -0.12825947458291
-0.00920805998004784 0.371579165232941 0.0387950950021887 -0.237830380824965
0.165137271605942 0.298816053721747 -0.0538578731919548 -0.268537409760363
0.229234142049063 0.276182402363109 -0.08473348556833 -0.238532795654681
0.202463149859989 0.319077575026071 -0.0589298405508281 -0.205115095372587
0.0642240009828724 0.478646383608751 -0.0127070092296974 -0.155855843945331
-0.248957095790465 0.458188239426844 -0.00629973764509895 -0.080238789093792
-0.52400285138418 0.121307379100326 -0.0644158745649173 -0.0304492481679095
-0.448306270383553 -0.447490014743175 -0.106639662137236 -0.248833639574829
0.101918206340361 -0.656403091391375 0.126093800902728 -0.388332746939591
0.474497735768831 -0.464834669974539 0.462772547514326 -0.312898314524256
0.482366573464597 -0.402118167812354 -0.0976361442790204 -0.201437193983913
0.15386075049829 -0.545143798745369 0.0195145377742722 0.00760526129238469
-0.25790191389079 -0.443646182220239 0.0585317217774798 -0.012766041811136
-0.458348673908336 0.00771972521436158 0.0661166515300382 -0.060924285692146
-0.309482239317946 0.368916586747654 0.0407265479554715 -0.0559810844762603
-0.0283823490354329 0.471294731255614 0.0510346196256255 -0.101033434287788
0.182247732526668 0.385194716436494 0.0141708979509884 -0.131442011296505
0.248658835363718 0.34610495057242 0.00319568742935594 -0.110050669803988
0.216982974824146 0.386258268680644 0.0279884284433787 -0.0620819710498039
0.066191425329436 0.55432092481038 0.0270841756080537 -0.000190587804497243
-0.281693843026853 0.538497806087518 -0.0480803684281415 0.0566125115117848
-0.591475543402786 0.17224457368493 -0.132743024075633 0.0373711905628295
-0.549577616000119 -0.464359029205083 -0.150333559010067 -0.185687261332783
0.0386004499047955 -0.767029326019267 0.0621929574142002 -0.2869112266394
0.513700411128818 -0.591406557199372 0.282822082162525 -0.156270623751721
0.511470457797168 -0.472281540147967 -0.302226704281247 -0.0259194571378764
0.130194143689832 -0.641216837303054 -0.0237947415157908 0.170261272014563
-0.326974749281243 -0.495011554455291 0.0711582550113216 0.0506846901439576
-0.520590621416086 0.0159351333255119 0.026357041688724 -0.0521120039658208
-0.34030243712896 0.394575477528551 -0.0332659534790578 0.0393178446994478
-0.0416048506755289 0.501830906005901 0.0544508401849208 0.0664472757068771
0.173725871310358 0.412851873957879 0.082328722587156 0.0322649420929291
0.228012746544599 0.362752118509655 0.0912856292079922 0.0355892274122103
0.19399601743621 0.392270166051495 0.111846640144506 0.0851187188259356
0.0525434815360255 0.538421928324886 0.0709124935940366 0.150604946168682
-0.267962942723681 0.51573815216951 -0.072117066078448 0.18756578882269
-0.539603356966334 0.174476744619501 -0.180187573999163 0.10114735270169
-0.519878084317035 -0.396712958914435 -0.164840977905652 -0.104098799134554
-0.0121134540668464 -0.724527649974763 0.0138991730329989 -0.156061771684766
0.462004819762069 -0.601962498122249 0.100974853771447 0.0240634312136258
0.453789401916835 -0.465635045053052 -0.502184162251342 0.168166774576067
0.0862201202320475 -0.616977065217944 -0.0844729895644673 0.34029225076061
-0.324025000000339 -0.444903158126398 0.0673847272588716 0.119192151410959
-0.471428415818901 0.0202462645445522 -0.026419083011851 -0.025200849821036
-0.305614781143432 0.341786452581843 -0.108294624098139 0.141125307354818
-0.0449232811583792 0.442712235299345 0.0507168455468092 0.233002399122908
0.138743362588217 0.37041625231166 0.14205814952248 0.19487668455556
0.172510504335126 0.324909283354901 0.165424269408244 0.175549997941929
0.138586213386606 0.341427069058264 0.175050327348672 0.214818763573805
0.0190583168599561 0.435664184337744 0.0994551455572699 0.267117632947412
-0.225708238707031 0.392752027472452 -0.0855418880487782 0.275695693359265
-0.398774690827544 0.117062276378383 -0.203135575751791 0.1326570514219
-0.374731250515692 -0.281294672469849 -0.148601103463883 -0.0364217129788322
-0.0332674387252868 -0.55277292544696 -0.0149843719557654 -0.0404948098449976
0.347697555035466 -0.50734176724555 -0.0503682023871297 0.185944487330709
0.308402967792603 -0.375165754495904 -0.655509481308472 0.340219374497121
0.0258522388690334 -0.456879143401745 -0.145678645836178 0.474752731620904
-0.243089773755311 -0.288803816530176 0.0533586155027294 0.177289914550595
-0.312149015092037 0.0152411740342173 -0.0666262673150345 0.00879410246422194
-0.207301876072847 0.216883206580921 -0.162899555719124 0.214753988206907
-0.0434926322294752 0.298539926042983 0.0407497169764043 0.360594486747195
0.0766901112983009 0.267829533926013 0.181540011585729 0.326757131247317
0.0889165978026942 0.239798515370722 0.213766774829155 0.28866276253294
0.0645264526712428 0.243266586701801 0.205732402564554 0.311266222956279
-0.0176647943404116 0.273576200206214 0.100172903717852 0.337693849709981
-0.161648123939017 0.220008823545935 -0.0965566139311354 0.305849380909112
-0.218296605833806 0.0410320488296657 -0.2031899380696 0.122699315242741
-0.1892506950336 -0.14496250915797 -0.114926856569902 0.00488497200787913
-0.0426591078224733 -0.322247330751508 -0.0312544146445366 0.0379549755135606
0.19287347532434 -0.344411187937031 -0.155081118632367 0.2988978540334
0.103806223168068 -0.210707248831947 -0.726050277580557 0.458891534333736
-0.0409048474767043 -0.205270280460143 -0.191084764230423 0.553126547024265
-0.110703056822548 -0.0745355469265775 0.0476835735996932 0.220971891376225
-0.09116137872458 0.00547596559281622 -0.0702343003837298 0.0353536051124966
-0.0739074789414959 0.0519527428193005 -0.181369757119958 0.237702906379137
-0.038012163733745 0.103936751277821 0.0241410784368635 0.421428253801555
-0.00166908638611035 0.121419982185898 0.19434231527165 0.405337489163101
-0.00622586456208466 0.119949293214011 0.229930377506373 0.357338022994662
-0.0113374872268871 0.114545937589912 0.201279687582961 0.364173164595468
-0.0403249474374728 0.0907156106500605 0.077628030915728 0.362546034296884
-0.078660421407327 0.0479982337280655 -0.104053748497379 0.290166054691383
-0.0465066988059448 -0.0110340838525808 -0.183625846968035 0.0894774867808504
-0.034863994435747 -0.00788328542722255 -0.0784683889129356 0.029226237787694
-0.0662032974554774 -0.0963545502613798 -0.0443976621378722 0.0824993901243209
0.0225926680464429 -0.16472590041503 -0.21057119674622 0.354882652468682
0.100096619122293 0.0400577726377615 0.30611032002637 -0.406138427977501
0.102816513190269 -0.0610150982559152 0.0265232200795569 -0.188228121046715
-0.0226896374106108 -0.119888526257682 0.0499096666657742 -0.0266448828811378
-0.102955558759285 0.00289569896092816 0.155660822442044 -0.0187327114887129
-0.052541923953621 0.0914219235230661 0.17871012369819 -0.217490150565587
0.0190690617502868 0.0806748211348815 0.0239848945826106 -0.390748934980294
0.0669398183203077 0.0388017538893525 -0.115056891187049 -0.425801480893642
0.0886553191265695 0.0343283554594603 -0.150786518039826 -0.405881557831912
0.0716107725861176 0.0547336089570866 -0.121815268010781 -0.411461192655206
0.0272897009332234 0.125629804572478 0.0119096638374682 -0.37339073850647
-0.0651605354185746 0.116497820271403 0.145673838848622 -0.239345196763922
-0.146391719874428 -0.00477609529134063 0.0917892030407287 -0.0842774863490343
-0.055899554777779 -0.162554808848287 0.028064781064485 -0.245618517461377
0.131125884528594 -0.0981559118148404 0.269560596183707 -0.394898935882569
0.134747028758853 0.00969438415208726 0.750085204372017 -0.338482327567144
0.266494501077742 -0.0919887014445524 0.245263961960579 -0.365418776618689
0.160383140364328 -0.206280728136649 0.0573365894519839 -0.1591612426618
-0.0646573613713662 -0.237676471549319 0.0513933441436301 -0.0446117323081262
-0.216158086590723 -0.02451898490517 0.12605793450017 -0.0268982579885375
-0.16437850100429 0.175902579686743 0.161550267094975 -0.173821028572257
-0.0217328013531513 0.232492639990597 0.0515985346698158 -0.337412111763412
0.09821958556922 0.190266799443977 -0.0699375102873911 -0.381324287443063
0.14576017019925 0.184816307193694 -0.105903335780538 -0.35351744168455
0.116242722679828 0.21724316045162 -0.0794253877169681 -0.339249348944761
0.00365824556234529 0.325235875307405 0.0138480800573589 -0.289797117806256
-0.210972893119306 0.274183493641243 0.0844500215435299 -0.17650920735907
-0.367863512022699 0.000282917920313283 0.0259687176564377 -0.0732490061350116
-0.216565708235626 -0.37498557868389 -0.0135839339609317 -0.270525697469855
0.196871872397132 -0.391683628840471 0.239292943393274 -0.403752610345187
0.375951817714028 -0.20015279863343 0.668408899353277 -0.316642266011639
0.416210539842365 -0.217114240174104 0.122080645189084 -0.287883533881489
0.207389413303478 -0.359832134411801 0.0663674956650653 -0.0901223878867982
-0.116521400170037 -0.358872079403795 0.070734519452342 -0.0409041699199321
-0.333830541256512 -0.053177236892229 0.107854354090081 -0.0488836641069119
-0.273207826843905 0.249904008994649 0.120139784466159 -0.128643606303409
-0.0659233803770618 0.366460569087255 0.0608735747600949 -0.245431052001236
0.115636905365461 0.32122228089229 -0.0206125283526044 -0.282078382817067
0.181257766924911 0.307155229968998 -0.0464981946848792 -0.249362824554797
0.146122197453446 0.341985385594448 -0.0212921007110438 -0.215739214176428
-0.0104259227127582 0.478475435031314 0.0237626922986376 -0.156925277321898
-0.313909264422218 0.407994255975615 0.0164303655900157 -0.072677034077521
-0.535437883333985 0.0345524206141148 -0.0522267854887026 -0.036418328561911
-0.373816745991539 -0.507526086967472 -0.072899816734655 -0.254390609285191
0.201309867037616 -0.627967565949876 0.170556355210844 -0.363763035474558
0.539785198967398 -0.384487103433436 0.504219635589589 -0.240075836983251
0.524191900568977 -0.326779746696396 -0.0615401454501619 -0.169209795263225
0.232801790246684 -0.511477428001054 0.0401369517628772 0.0275601445030456
-0.187526791504158 -0.473270655982305 0.0946184785433339 -0.00368603095779935
-0.446914618706163 -0.067758467898953 0.0887176086152442 -0.0662885850739505
-0.359694001269306 0.310365532370046 0.0548338801667302 -0.0706048051963451
-0.098985135448445 0.461368032784108 0.0531797599335274 -0.112658188496043
0.118160605040696 0.410038507319585 0.0291601258655453 -0.138255031142118
0.189268661596184 0.379718094732653 0.0203865955463824 -0.107792322615407
0.151003135442813 0.409917274628903 0.0442599540147919 -0.0605582316647624
-0.0177205094278003 0.552354245269342 0.042063696260393 0.0030120400821864
-0.355447104198718 0.482322195388267 -0.0435517782115811 0.0574681517231711
-0.609314871801754 0.0763682479554851 -0.128429344610201 0.0214925462763381
-0.468774500225297 -0.537060868079011 -0.125241878539977 -0.196693169019853
0.158627059908674 -0.744877160201383 0.0871663600150173 -0.269613387065104
0.598853728601879 -0.501094408675777 0.296260892898577 -0.113076014954693
0.563028094247485 -0.393444215058701 -0.283577034728874 -0.0176664735357702
0.223820462913013 -0.609402626091393 -0.0204814596411401 0.185688469406916
-0.245009462670606 -0.534260517153812 0.104197074197587 0.0592967213309517
-0.509775016465568 -0.0706338261130702 0.0512105412383485 -0.0645058476248862
-0.394888342517306 0.329626589558832 -0.0288562049829806 0.011325288798259
-0.112945733604932 0.487697704338449 0.0335453210517321 0.052195492208203
0.108342224000837 0.437040766924961 0.0762495786071863 0.0329490342210132
0.168088253926416 0.394075077990487 0.0846951111397289 0.0499275276377208
0.130181523338845 0.411966831349452 0.104257385348925 0.0986432669385885
-0.0286439652432133 0.534980519410714 0.0615711943892003 0.158611950315319
-0.337280908579983 0.462271253752014 -0.0875042129373103 0.183647725982707
-0.557716945314415 0.0858765260421091 -0.185736061207204 0.078095346971646
-0.448142292758009 -0.466965159474261 -0.150593312878749 -0.120005867031537
0.102695939240633 -0.706196569347015 0.0177034605371482 -0.148528546505385
0.553424953015987 -0.515792043764963 0.0854871925284561 0.0380473842499095
0.50612011904452 -0.396778375265588 -0.504950505359516 0.144227583798786
0.175191990169348 -0.592915723348229 -0.104482741441983 0.346186565146259
-0.250533649334503 -0.485168091555444 0.0889379500521771 0.125385474292098
-0.465376270272704 -0.0589982268429796 -0.00467910473883635 -0.043411142591963
-0.353998373254008 0.283918333390159 -0.116998647165788 0.103209773873861
-0.107666287675999 0.428832271197404 0.00947800917527466 0.219220711904311
0.0803512997828149 0.391214526405067 0.115794103276148 0.204075665693537
0.119067265818239 0.34960590850107 0.135676223195563 0.199934845788696
0.0843028356880277 0.354833111581965 0.146992096368437 0.238005722454085
-0.0451928686188193 0.429587682050987 0.0694331860912754 0.279114279708174
-0.275844050992769 0.351760465774059 -0.115611850326747 0.26764495078923
-0.409824768307637 0.0533060000527383 -0.215478722792514 0.105273726675365
-0.323773562235167 -0.330132680006681 -0.142810800160952 -0.0539714866950252
0.054892300181295 -0.542235437489511 -0.0260373180273957 -0.0393419096670743
0.42624662024423 -0.438638260999973 -0.0896120685861987 0.175957585729924
0.3532944479008 -0.327072877871147 -0.681108573884924 0.284253941287848
0.0919221019783417 -0.447760470023087 -0.192172559727 0.468127036661027
-0.194522136267582 -0.320950014367095 0.0553062577109395 0.181599079912538
-0.307828282880992 -0.0362129541872587 -0.0537068958139041 -0.0108166916919751
-0.238496625650048 0.176602577130696 -0.182075849740219 0.174988864611236
-0.0849181417238637 0.285649496576404 -0.0142120689498094 0.350673320865373
0.0364443460624887 0.279289090909285 0.139228925528173 0.344327005166113
0.0509855649225002 0.25488178472211 0.166067297709707 0.319691875065765
0.0282626851643531 0.248879781329644 0.15899889817944 0.339156113956996
-0.0564975286962795 0.266394284230039 0.0561390171683945 0.348594251829895
-0.187098075470229 0.193589709273935 -0.13443778981076 0.293171260355758
-0.21976276109329 0.00736562507638728 -0.216222902355482 0.0948038959496915
-0.16198612504278 -0.168987152194907 -0.114546871713932 -0.0117141367229076
0.00990399498735088 -0.31770353479334 -0.0488884197614547 0.0345160826607891
0.249410773826363 -0.303418744211537 -0.208266405145373 0.27276848062581
0.131478300916711 -0.194668477669539 -0.769581081031986 0.374763042913159
-0.0115890445969408 -0.21029687924863 -0.256590829287006 0.532541503805011
-0.0966491669960086 -0.0905422321140507 0.0280434672740085 0.223458252369996
-0.0907072111509153 -0.0101950569611513 -0.0689053755160959 0.0212520245281982
-0.0822348153693162 0.0374519243239012 -0.207972839780141 0.204353516346642
-0.0503730446294927 0.0946197890417901 -0.0343993698316547 0.41739434717316
-0.0176060747085502 0.122336041022951 0.143081609552845 0.427315323286103
-0.0239556389760624 0.12081203479011 0.171601179471684 0.390275067001855
-0.0249371675670632 0.111627915560334 0.145370720492471 0.39279044638314
-0.0516713645761063 0.0835762874406887 0.0256010991824222 0.37011676817805
-0.0810009102084567 0.0387416533642397 -0.143766549719777 0.273918505079924
-0.0423377606595605 -0.0154998913540798 -0.195172023514561 0.0642724421783733
-0.0319454677564105 -0.0112119901833965 -0.0809773935718942 0.0152740770858902
-0.0489377397767073 -0.100874287455578 -0.0625825451103031 0.0764859752808473
0.0538793040530931 -0.153725513822041 -0.268859182198885 0.32058003139076
0.103756432500824 0.0417810040723856 0.307271901063739 -0.418647731379041
0.107068498669086 -0.0629179050808916 0.0273153450096181 -0.196670153536272
-0.0258940054456776 -0.123639166142387 0.0511188155808809 -0.0304619419578633
-0.106363668085809 0.00406842689231939 0.158462025554791 -0.024265383175669
-0.0522558899583345 0.0961467045658545 0.178446985137724 -0.224656148280485
0.0196033836839013 0.083089759834215 0.0155450591277584 -0.40114611472233
0.0689582436853892 0.037824797069762 -0.12312250809978 -0.440571306199065
0.091705902019869 0.0336325012073914 -0.159184883537238 -0.420161797379776
0.0744494771148404 0.0561897662735424 -0.126159702351392 -0.424772648846997
0.0312892543209285 0.129535571547075 0.0104444926181293 -0.383812021885606
-0.0655765087157189 0.12060492731178 0.147640973367729 -0.245797532627684
-0.150624782768181 -0.00444353896103851 0.0912567723263902 -0.0869346849073792
-0.0575250396699418 -0.166323757654836 0.0240926951849105 -0.252319291701503
0.13528755758659 -0.102875964776807 0.278441151191653 -0.407651134367654
0.138495878106188 0.0111140179024866 0.767124958460961 -0.352421327392725
0.271524132512541 -0.0929574569854489 0.247976440219181 -0.379437606806208
0.165545518019354 -0.211976356869239 0.0595678968491118 -0.167592353540816
-0.0680467072083463 -0.244092736795123 0.0534630920872139 -0.0482956271752897
-0.223172664024614 -0.0237801534733774 0.126755011633778 -0.0318908526257335
-0.166243964292276 0.184692839968682 0.161650235628925 -0.178604281560999
-0.0198565007710329 0.240879357987769 0.0462589583200441 -0.347708520955847
0.102286455788184 0.193916964768329 -0.0769663559872733 -0.392596607322548
0.15149041889699 0.188646281546514 -0.112101985752433 -0.367536280733739
0.122174589337735 0.224572857779703 -0.0821959012983281 -0.351655368348678
0.00858425849656693 0.335693024969283 0.0138619290993415 -0.29827857164176
-0.213489625745356 0.284142150478839 0.0861321405294213 -0.178021577694089
-0.380186438699708 0.00332956373426984 0.0246972780244556 -0.0752306872853754
-0.224049853172512 -0.384478865657394 -0.0193683318151474 -0.280409549060655
0.202320152488317 -0.403848017085159 0.244870942560051 -0.418312446883757
0.385501194934944 -0.207743887133773 0.68201368790143 -0.333305640648635
0.422169782819632 -0.221497291551762 0.1226248740571 -0.298899559781985
0.212201721845725 -0.369729960372735 0.0689299930628158 -0.0982941756066527
-0.119620370871943 -0.368728154720938 0.0737751115069357 -0.043776494842327
-0.342874478723023 -0.0528082406004345 0.106883182190682 -0.0545656513445398
-0.276742883251102 0.26113461844658 0.120094581702717 -0.133094510008055
-0.0626992117856753 0.379091819901519 0.0585256479300187 -0.254811556538598
0.1215302626642 0.329320886898232 -0.025361036714076 -0.291267837972132
0.187925507650244 0.314390522752605 -0.0488678619802012 -0.25970142254769
0.153006296080127 0.352379227280446 -0.0202463662127869 -0.22484607256417
-0.00343932112602477 0.493576900595437 0.0269288163909543 -0.162169276275385
-0.316504178521741 0.423624884379939 0.0190488067279938 -0.0692253738209846
-0.552780834866762 0.0391668203310668 -0.0554952912923207 -0.0356307016757842
-0.383097565299789 -0.52063511214999 -0.0804523371088778 -0.265002619264116
0.205937411092862 -0.64563089375541 0.173161227750024 -0.378495010295859
0.554801776729713 -0.399757114740629 0.512592753495044 -0.253470207852948
0.533892380379391 -0.331666999630076 -0.06297677055197 -0.177810580776842
0.236509136174416 -0.5230810417491 0.0442149384379283 0.0225847687883218
-0.191621674584041 -0.486595522567059 0.0994806767301661 -0.00554597681207395
-0.460647370033233 -0.0687483530062477 0.0876904889020276 -0.0722700477837134
-0.365106570201708 0.324024093650355 0.0538281131899009 -0.0742413288552301
-0.0934977204778157 0.476121055953613 0.0533512475206261 -0.1187776250696
0.12650414649323 0.422263022674351 0.0277397370882835 -0.14285406218539
0.196914673182273 0.390695292254575 0.020706470872545 -0.113137674613204
0.158289550467943 0.422359738079049 0.0482786872772917 -0.0660633626960007
-0.0113698650493435 0.572163070340565 0.0476101659091894 0.00243079432280728
-0.359016292195898 0.499729692078761 -0.0405874070176163 0.0668394864461645
-0.626765934274579 0.080103531343891 -0.132308915062758 0.0250984372590681
-0.48205236808866 -0.55198785901511 -0.132601838416644 -0.206770063219799
0.160029241016078 -0.764252891717855 0.0853178300327074 -0.282653362275841
0.613969263646022 -0.519325268341648 0.2987508160763 -0.122748307107231
0.57300642710666 -0.400467272944476 -0.289658156496636 -0.0208486748815828
0.227546237161828 -0.62666482815706 -0.0180223254260718 0.185983734286027
-0.252278761795536 -0.548998574219931 0.111431155985469 0.0589526465754817
-0.526067046829935 -0.0704274652495381 0.0499925610767418 -0.0707338328653278
-0.401218060786374 0.34269991102407 -0.0314799965779808 0.0099089484840411
-0.10932461694758 0.503662570687424 0.0360283383477432 0.05034966161647
0.115693942890941 0.448151111427257 0.0777950721067225 0.0330310040326998
0.17482020489308 0.407085701614639 0.0879611158854845 0.0505329324138504
0.136471558631568 0.425548660757123 0.111286594800347 0.0975284553764957
-0.0220093044959194 0.552225604230239 0.0701016094749046 0.1614620751128
-0.339955652438124 0.479968438837621 -0.0834616075505238 0.196740226645032
-0.57450068241667 0.091348454681019 -0.190282664509805 0.0843525914194333
-0.461835651621574 -0.479307547900459 -0.157678323954091 -0.127807074886677
0.10298242609671 -0.723693517621119 0.0132552619466217 -0.157381167228888
0.56660884238614 -0.533873674165341 0.0843128880330326 0.0339059230320235
0.515455863026254 -0.40417856464015 -0.515646809161565 0.146336035317397
0.177346112547878 -0.610139999891007 -0.10288751866157 0.353644832268833
-0.257890930051981 -0.499018684410366 0.0968016047620459 0.128511192436073
-0.479868821684639 -0.0586216284366454 -0.00656142159094193 -0.0480782786902648
-0.359982069082618 0.295259232817117 -0.120102487396892 0.104377366568718
-0.103686021682885 0.442223190185938 0.0137184528897939 0.222352443036034
0.0874092118447417 0.402801105893005 0.11999752692381 0.20926280263314
0.123645043110076 0.361465656222686 0.141788596372505 0.205926403496856
0.0885447931656407 0.366173819019472 0.155032192817201 0.241712017586004
-0.0407820292298201 0.444286924541861 0.0778577042006865 0.284692219970232
-0.279299618591884 0.364912830017074 -0.112086020688738 0.281660887726861
-0.421329489314046 0.0573671059139825 -0.220257826472119 0.112943361287273
-0.333066647292371 -0.339432964980095 -0.149078448930457 -0.059528492708862
0.0533080223734488 -0.554835779869267 -0.0320898371090916 -0.043830350206185
0.437443903237138 -0.454284055853337 -0.0932298849001307 0.177162345153719
0.359655211405428 -0.334787651511901 -0.695881229107096 0.290680815489727
0.0902503140494996 -0.459781280765698 -0.191560545682446 0.481148567753039
-0.200627285670096 -0.330691338542836 0.0619734509138616 0.186976138616965
-0.318744110037851 -0.0361756951922612 -0.0557571621287838 -0.0135078002635062
-0.243534480187596 0.184159255428183 -0.186747523378218 0.178277856389819
-0.0820621073819491 0.295720381314437 -0.00861598327927283 0.357802547030223
0.0401291503332704 0.288430858224874 0.14601540725876 0.353268541075657
0.0534126524788062 0.263621340970738 0.173073019088217 0.330039196499952
0.0293311455512026 0.25728674687978 0.169692587174752 0.347232779218507
-0.0559361309013308 0.275740842381108 0.0641786277655512 0.35722552388365
-0.189244955505249 0.201536917544104 -0.131515784064626 0.306251480132736
-0.225459567559213 0.00887151270804447 -0.220883458418398 0.102972113079669
-0.165031300211829 -0.17407816959494 -0.117812885685389 -0.0148826246658286
0.00758277786722451 -0.323837652257617 -0.0557631201862081 0.0340374427983887
0.256284400492921 -0.313937315094878 -0.212961145831758 0.278363067978713
0.133711756960845 -0.199465847870205 -0.787378492125925 0.3854796426488
-0.0144595118156948 -0.216825278590618 -0.258042714977414 0.550074744626598
-0.0986650993724515 -0.0935060563923731 0.0333785221788847 0.230834311337178
-0.0946820951748083 -0.0104853438753724 -0.0689773208065931 0.0204100748183471
-0.085040514635931 0.0396459632136216 -0.212107243146454 0.208313927624273
-0.0497257827859526 0.097823991567756 -0.0294044038449135 0.426400281424353
-0.0170765958678747 0.127585927057153 0.149272206405171 0.439809466996358
-0.0242099318334767 0.126560987298166 0.178667469715139 0.405672804350464
-0.0266011372063847 0.115245927780793 0.153947573941263 0.403849744819835
-0.0535377920449832 0.0864642914447474 0.0324459868792279 0.380791745323856
-0.0819236983161483 0.0409367884933052 -0.14157995330909 0.284581400171992
-0.0436674596393868 -0.0150882607389381 -0.19872723605876 0.070536950380571
-0.0323760288316415 -0.0121072740797894 -0.0825611215013565 0.0144390297070699
-0.0514951358484913 -0.10134845048009 -0.0688360055087782 0.0793646149830829
0.055320714976435 -0.158704346961569 -0.272892702284396 0.329784946299607
0.11001164588557 0.0403632976007432 0.297475536961451 -0.445993239125549
0.110567034290149 -0.0699320831667479 0.0190511369292599 -0.205751767071418
-0.0338195482213942 -0.126329304208203 0.0506850917316835 -0.0364939379966381
-0.109427645735422 0.00933471585829799 0.160014398336705 -0.0346998072375988
-0.0476470505381143 0.103183299949817 0.171703227113269 -0.238683776779744
0.0237145826893708 0.0863287199820698 -0.00793764624890688 -0.413697500665222
0.0722990878243006 0.0345869413489033 -0.149163120825848 -0.449863344099785
0.096717862436208 0.0296333217554598 -0.183383391263998 -0.432029252781876
0.0804223525808273 0.05554271558391 -0.149528709704449 -0.43402214026046
0.040896996657737 0.132536432994223 -0.00652999835477015 -0.397102201115523
-0.0613629605659248 0.127437528621065 0.142009843998018 -0.259161840033688
-0.156882140943854 0.002809597455722 0.0880666196162891 -0.0934811480707477
-0.0658592056463121 -0.16944740823047 0.0101440676055185 -0.262141260190541
0.13630859555181 -0.112711830873489 0.273257651247336 -0.4361665075487
0.143727812473905 0.00703834480581216 0.774287757745355 -0.398681549995
0.27712311305515 -0.103119621045909 0.237418837281795 -0.403104009084419
0.164060033788087 -0.22531501470823 0.0536271006424746 -0.178993138484827
-0.0807132448381535 -0.24905340223974 0.0531464572946296 -0.055443052073948
-0.23226681444526 -0.0145035680368996 0.125921450762136 -0.0415109457780312
-0.160641760742706 0.199927236412661 0.155849102467537 -0.19052818550634
-0.00819292961110928 0.251733758555388 0.0268826052739993 -0.361610240427412
0.115146926369452 0.19542264955777 -0.099225262676735 -0.404198775358206
0.165059693257682 0.187264968904713 -0.132539671662719 -0.379390595495069
0.137149059788509 0.227120676824806 -0.0992036573253119 -0.362425567299975
0.0270978588371061 0.347977936172987 0.00295462969004104 -0.309442782613844
-0.206971108107084 0.303227363224731 0.0825999925205857 -0.18423667062672
-0.393017147944772 0.0208143631039869 0.0198283385816385 -0.0779373462375939
-0.246064972902623 -0.38839682906429 -0.0365146761425147 -0.291143854955446
0.19485947995495 -0.426922519270269 0.237157565048339 -0.446298529971271
0.390106440806148 -0.230761260785075 0.683878860619963 -0.374820991878175
0.426424042499098 -0.241444605970733 0.111685637030639 -0.316936646813097
0.205668604254756 -0.388814261085972 0.0677170642215507 -0.109410841950339
-0.137759368393965 -0.376564496349607 0.0756921074970354 -0.0519393965178155
-0.357498077424355 -0.0389820994702115 0.104196509794007 -0.0647114187205671
-0.269831411396714 0.285024940520066 0.114466194829675 -0.142843406501955
-0.0452004431247858 0.394662546374427 0.0454630963457202 -0.266589457710222
0.141439554013638 0.333822686150044 -0.0417152865254446 -0.300919359487598
0.208759868086144 0.316784620444729 -0.062253922774699 -0.27006289506488
0.175269703620817 0.358772010134011 -0.0292319733922006 -0.235148682090868
0.0228194440767997 0.513027138651059 0.0238378232711026 -0.169598348867908
-0.306456867060919 0.451686806072102 0.0200383087898132 -0.0664891232450763
-0.570954174682777 0.0658384738448106 -0.0601177753371615 -0.0326363470580445
-0.417623579057982 -0.52341512858688 -0.0994775192513573 -0.274731730970155
0.186526224524401 -0.676080043650528 0.160132748995006 -0.402277426603518
0.555028640616027 -0.435789696261132 0.513065676860721 -0.28741808927313
0.535258916489632 -0.358491885060326 -0.0732339781893524 -0.184822830740694
0.223776808506383 -0.548490940791214 0.0474594002527725 0.0159007681411172
-0.216511588549225 -0.495679159421641 0.105681950331242 -0.0130029098228767
-0.480401815550889 -0.0515798293106996 0.0834080675962184 -0.0825408444803296
-0.359111568003664 0.352012277081202 0.0490273771029442 -0.0796114803137433
-0.0718657793235417 0.496650918499828 0.0474421928769863 -0.127244658354432
0.151028640870787 0.43037445669053 0.0204360708581684 -0.14939893235917
0.220570378765729 0.396153393799807 0.016794953956594 -0.120376766511243
0.184188645279084 0.43042599750062 0.049502313420039 -0.0745622562064407
0.0178576560741885 0.593723425027988 0.0532885458801459 -0.00121097163443093
-0.347775447277423 0.533355498915388 -0.0336827212328047 0.0776454693369111
-0.646044577077587 0.111450224242268 -0.136219026782203 0.0344379792696141
-0.51854717495816 -0.552481515628056 -0.151295501466765 -0.212929628996996
0.135374783775057 -0.796547923249392 0.0720206530121052 -0.300459854431542
0.612714466806612 -0.562741638270881 0.297056371163583 -0.143387326102565
0.574475818733222 -0.431265383387457 -0.299323772505156 -0.0146738917686864
0.209021528693087 -0.654983246467468 -0.00935911101580896 0.188149222991584
-0.281819043962056 -0.559295211576465 0.121238378555964 0.0552519625172913
-0.549195709373349 -0.0489427888533936 0.0452858379587067 -0.0793908544068381
-0.396993000414048 0.374821339574908 -0.035091894023039 0.00911453992692073
-0.085473132114378 0.526218213640868 0.0392482011267409 0.0466588982441807
0.141645144409474 0.459025647203099 0.080516964339257 0.0311891733226082
0.198350632640817 0.413887021081647 0.093368287539444 0.047451530136852
0.159599988671106 0.434651265195197 0.12244371446887 0.0927815729904865
0.00506027764859391 0.574404740346049 0.0832811329935351 0.161988137269868
-0.327573461452654 0.511041938414748 -0.0712088442443544 0.213694246908299
-0.590559257936078 0.120787585242103 -0.1920306423483 0.0988114174650098
-0.494133926900517 -0.478783880365163 -0.173281790173129 -0.130092641675264
0.0761698639430837 -0.75121043333697 0.000386485220587704 -0.166917758944225
0.562638507955106 -0.579699599538237 0.082531099493845 0.027667744922515
0.514555227872959 -0.434216334204145 -0.524206694846716 0.168601829637109
0.15629579937695 -0.637098878393936 -0.0895213977471074 0.366004024351578
-0.286167924772531 -0.508802066565832 0.109794375143387 0.128145040628782
-0.500326159865215 -0.0397450739130776 -0.0113910373138214 -0.0529027642635964
-0.358014024981473 0.323807029214611 -0.122817353686603 0.111007692813606
-0.084342733261747 0.46158342390973 0.0252375691757716 0.224407256204879
0.109720814896346 0.413260264831628 0.13308626435428 0.2108285819939
0.143438338431348 0.369734144936848 0.156249054232811 0.207799855834787
0.107173780708764 0.375329625223027 0.174186412812727 0.240063781650622
-0.0200811318069471 0.462758899808276 0.0976287415923272 0.289208841977808
-0.268164999746405 0.391066980594677 -0.0961626622294406 0.301255516751847
-0.433334749594755 0.0779445028532925 -0.220559962316072 0.130521077264808
-0.35490889631538 -0.337535757675888 -0.160285049374124 -0.0597628798883461
0.0335135440477575 -0.572834674792656 -0.0427562555768854 -0.0459304722978598
0.430106915470109 -0.488589071329755 -0.0915483489854612 0.183712938569563
0.357619063519083 -0.356628695676526 -0.703830903058059 0.325414428910499
0.0735108523618086 -0.47824621546904 -0.174659047481603 0.504685927728109
-0.218825827087449 -0.335784845933763 0.0763362451907025 0.191641152216045
-0.332794012546247 -0.0236905811495953 -0.0590253320683647 -0.0142112402355223
-0.24381792638734 0.202011633524841 -0.187133342807374 0.190435997539968
-0.0689351734952937 0.308436205178088 0.00918266265716206 0.365660556436083
0.0563199503716825 0.297368579142073 0.166037335816144 0.358748609113281
0.0663728091726281 0.27246452725392 0.194562485582913 0.336903715231107
0.0411708115253182 0.265779448893233 0.192887834566032 0.350241846137386
-0.0448047929706179 0.288962936378102 0.0856288410357797 0.365142602189683
-0.183846939151951 0.21740845208149 -0.116072349375978 0.325888219347459
-0.232496827262463 0.0195759375957703 -0.222113985725094 0.119292429675575
-0.176995788587791 -0.174195016702328 -0.124782626545572 -0.0140416675049036
-0.00597209882973587 -0.331931954843721 -0.0625588942318258 0.0369273654052132
0.250308628865028 -0.338325321701748 -0.208541250808705 0.294147084783392
0.130362676783707 -0.210515940989951 -0.795251413676274 0.431010440095082
-0.0250312878305994 -0.22313271315983 -0.241020296467428 0.581823001154105
-0.10479270283903 -0.0945592307831395 0.0485396085044906 0.239710938578132
-0.0996945727925968 -0.0064846858612385 -0.0704933014114366 0.0215824506772433
-0.0871461041793779 0.0445090261662286 -0.212865100783927 0.222260695011427
-0.0454517043316342 0.103058574384686 -0.0091194659121488 0.439674975677783
-0.0102632159634338 0.133876636586104 0.175928596711995 0.447389943394314
-0.0192439050685701 0.134352229349767 0.205493789918618 0.414121579317155
-0.0230449346792234 0.121348928335116 0.179547115049955 0.41130723523059
-0.0521967155453115 0.0923605343017806 0.0539784634805812 0.391544775832093
-0.0812725722542765 0.0465524005200026 -0.128860149134715 0.302073669897482
-0.0448612320772372 -0.0140024113328756 -0.200173679131024 0.0856576537460345
-0.0338207407347174 -0.0115606964120151 -0.084852161981355 0.0167772661382932
-0.0578956294208447 -0.0999994227768355 -0.0730293071479193 0.0857427811224507
0.050026720285578 -0.167332475408987 -0.265847938137663 0.351345341431572
0.11444902746477 0.0349081327431214 0.264610519465497 -0.466611271855474
0.108576239840917 -0.0783405005967997 0.00410952694861114 -0.208798476964412
-0.0432341994628789 -0.123798566655267 0.0476054822452516 -0.0431130130783179
-0.109451079957158 0.0171386747946184 0.155210450768082 -0.0482834774131836
-0.0378301952911294 0.107721298736023 0.153532783397427 -0.250843455982512
0.0300953544921064 0.0868627700886918 -0.041684201380549 -0.412169519872655
0.0740880689024285 0.0285592003600489 -0.183812460172565 -0.44209292390804
0.0996851211116702 0.0215888839712615 -0.216355431224958 -0.426645453265398
0.0863938850853266 0.0504218043788404 -0.180329927713004 -0.428966490313587
0.0528263960720311 0.12996381992408 -0.0332978677838483 -0.399369569751862
-0.0522338597225294 0.132840747232659 0.124897047883126 -0.268712240778327
-0.158036065423158 0.0142172364165323 0.079620284037969 -0.098293451546877
-0.0768766250472417 -0.165693853796775 -0.0111299968912331 -0.262753020433226
0.130756353667155 -0.123338545798747 0.246899718873323 -0.458725358061036
0.146123070486737 -0.0011726098067872 0.746684947968142 -0.453135187494357
0.271679364471344 -0.118585764356158 0.206915963459324 -0.420792152430605
0.151677792394641 -0.236792210655377 0.0412490163606824 -0.185714049380949
-0.097807774649199 -0.244576035986574 0.0495921576605713 -0.0623995065781377
-0.233682125150373 0.00151737653404915 0.119120795048964 -0.0527868283259329
-0.144188281781221 0.212977467318951 0.140175904848078 -0.201333096991637
0.011728144951187 0.254913081553896 -0.00301661029464692 -0.363753053022476
0.128662355911822 0.187169462373343 -0.130978940750192 -0.399494331476791
0.179197528295938 0.176466083827691 -0.160935394260762 -0.37725753097856
0.155405038975018 0.219457750913732 -0.12410361980607 -0.361176899289549
0.0549980444286867 0.347840844258061 -0.0166938856628159 -0.312682919690068
-0.186436266776968 0.320295611409309 0.072244569784272 -0.18813378775984
-0.394064929842303 0.0489235714966309 0.0125917162797065 -0.0774719409574652
-0.272496329637798 -0.37582143675248 -0.0619164328959127 -0.291610460892608
0.168553227111652 -0.44289340421747 0.208654918404213 -0.468286173330443
0.376921694645741 -0.257086404916481 0.655829990156155 -0.423652273059212
0.413295122316117 -0.264497364675343 0.0885038430539981 -0.327542612358366
0.181714941962064 -0.403235225883739 0.0612598783613543 -0.117727100831022
-0.162642739080732 -0.368329345244139 0.073666178247637 -0.0608088913745857
-0.362475064904457 -0.0160066007527866 0.0950554373252268 -0.0740288751377041
-0.24994384152997 0.305750732661085 0.101243269027556 -0.150420378039909
-0.0140354373636174 0.401681308313874 0.0235802360129879 -0.271467313155302
0.165584093849174 0.325165293128064 -0.0647442268675642 -0.299083455933076
0.231683319091588 0.304566759891727 -0.0820805642357875 -0.271412965655468
0.20179004500723 0.348824888261483 -0.044789124073212 -0.238437273830219
0.0624273759361421 0.514388404624541 0.0149314609385594 -0.173651076598137
-0.276174555140951 0.475652605616945 0.0196706389701569 -0.0634763299326479
-0.569718666585095 0.105899955056983 -0.0642329480122895 -0.0264240295014728
-0.452835538641882 -0.50258425993112 -0.125535279833525 -0.272327152237644
0.145629544867685 -0.693970641602351 0.129116538505171 -0.41899921056432
0.528726563324298 -0.475423079640787 0.487698575550522 -0.324789379451431
0.514018901695886 -0.390231117979852 -0.0871084478712077 -0.184927744580321
0.189096185587973 -0.564962521680465 0.049073097036632 0.00846767753134523
-0.248564459412873 -0.48504236186435 0.108232666568353 -0.0228844718795826
-0.486462135379178 -0.0188728841080182 0.0736182905875587 -0.0909820174461985
-0.333599437478252 0.379662181282668 0.0392241099459767 -0.0830631842175481
-0.0334197268331995 0.504841680371972 0.0359248579651378 -0.132786126571603
0.181740481842233 0.421140679464753 0.00813575645547518 -0.151215276994928
0.248016386560641 0.384502581230556 0.00851059057747349 -0.124905983519232
0.21542109144351 0.421241827050874 0.0455464031698953 -0.0827324804991279
0.0638081146343291 0.597870506547336 0.0570098851154259 -0.00749520521058215
-0.308735402782676 0.562320421783886 -0.0220926944092079 0.0856359577302962
-0.641797073809935 0.156816856507155 -0.135407314648463 0.0463040844946248
-0.557677950285584 -0.524357360415179 -0.174376127561895 -0.207454305779459
0.0840432973428959 -0.80970495992751 0.0455856294825588 -0.309078339145564
0.576212227467594 -0.608403738322458 0.280829258179915 -0.165034831673193
0.548007508078766 -0.463476890950864 -0.301347962813684 0.000130365876502398
0.16659340321361 -0.670127389884804 0.00455192776218273 0.185537103505586
-0.31916493022092 -0.543494609060802 0.130417647643137 0.0446161482400619
-0.556022357655183 -0.0126515563144104 0.035993191474417 -0.0855259146941611
-0.370876110938104 0.403048064047583 -0.0400650579954451 0.01169524838226
-0.0459514110031518 0.534625883684672 0.0407863642247453 0.0411702116912013
0.17585734203512 0.450654626813017 0.0811962134290456 0.0255517556753597
0.22693369563129 0.405180339206516 0.098191790465052 0.0402335473201878
0.190830961287222 0.427529355521703 0.131209755819014 0.0809748325841627
0.0493600386999795 0.578793284503356 0.098608805326119 0.15503127226969
-0.290040224542044 0.537956112987966 -0.049494781390924 0.22430712598026
-0.584867655303092 0.160794016639838 -0.186404729205844 0.115684944434996
-0.528729865904946 -0.450062334805684 -0.189681304001256 -0.123151868878448
0.0279440270959802 -0.758411748529219 -0.0187662217902864 -0.168919912715801
0.522998970724229 -0.618567176562015 0.0782455910490637 0.0201095502979318
0.489465021841926 -0.464185020849176 -0.515170483459751 0.197841922167636
0.113213510430208 -0.64886559412073 -0.0635048310273045 0.371065216808899
-0.320459427812943 -0.493860899319447 0.124439956915725 0.120590749541694
-0.508650178285545 -0.00399185970044389 -0.0175258980174777 -0.0546981118815994
-0.335497447235453 0.351150046192055 -0.120532917059924 0.119011120468719
-0.0490379013587616 0.468223456731179 0.0405108821211998 0.220525987070913
0.140034398461025 0.407363452118069 0.146500679727453 0.20340516878882
0.169015884133324 0.364519020010194 0.172742285570112 0.198415901586947
0.133302555122339 0.371821577390869 0.193401088383547 0.226664026336071
0.0149410546617766 0.468588225406295 0.121613967698432 0.282135898815966
-0.24036837619499 0.412887656882348 -0.0688489691740365 0.313237898476713
-0.42889735244085 0.108653541294787 -0.211602124791269 0.149058945625211
-0.379223737671697 -0.318861488711367 -0.170706070214176 -0.0525024412826942
-0.00414790025477874 -0.575445967579456 -0.0531370369686545 -0.043505212641145
0.396180718926157 -0.521470497723585 -0.0837910811976165 0.188043422425505
0.335922575760749 -0.37787505966457 -0.683562926250264 0.369512833021973
0.0408014594707691 -0.485395972023515 -0.1392533463403 0.517761380660904
-0.242581350534021 -0.326273738944881 0.0955700010221316 0.187596492523624
-0.337602689612643 0.000329240021136048 -0.0616336290891092 -0.012077467317559
-0.230862654607531 0.221529831850277 -0.179216052518848 0.202689713281433
-0.0457304548234441 0.312516016621844 0.034669231279649 0.363372288443701
0.0783751275039083 0.295518165124101 0.191158975494268 0.349504936156587
0.0855606348302449 0.272337797059872 0.221442229157419 0.327092066647329
0.0584472882501303 0.266208940560008 0.219320469757937 0.337464178549277
-0.0230781012356421 0.294492510358203 0.115046427556446 0.359122854136405
-0.167237596642354 0.231638412241025 -0.0876535579380718 0.338495911925291
-0.231965049896184 0.0358018407593171 -0.212414747104373 0.13801599303294
-0.188378025367715 -0.164139185334205 -0.13014126408883 -0.00821925638856969
-0.0289452689731707 -0.330329191461888 -0.0667613211836197 0.042341850974324
0.226560370728622 -0.356146368650103 -0.19046668039564 0.307228804550519
0.117452438246613 -0.219083492865749 -0.7690082740355 0.481361591354902
-0.042731647940289 -0.22230262577982 -0.200235515485119 0.601048499310039
-0.111729064896486 -0.0900263156260234 0.0704272396133517 0.238305505147907
-0.101608115230258 0.0015473332433525 -0.0688513100991651 0.024479722027155
-0.0854794830955739 0.0511300374367941 -0.201803026960242 0.23735736009345
-0.0379129104851716 0.105506413321102 0.0225552459791247 0.440174967027187
0.000907433067676432 0.137050525246352 0.205760710351539 0.438947468043396
-0.00981536703004762 0.138662119726902 0.237013509611356 0.405559795000345
-0.016259494578749 0.125157488385117 0.21014009119333 0.403235412574264
-0.0467500059537275 0.0966877048026326 0.0841866204201255 0.387867376284128
-0.0772226766401493 0.0524013297826726 -0.102915057347595 0.312780543032763
-0.0455504374258264 -0.0111018827444334 -0.192532601428472 0.102267160788294
-0.0346288327074555 -0.00927031381240361 -0.0855580595295283 0.0208034155540604
-0.0650277939895869 -0.0938298363370154 -0.072056337112195 0.09331822829128
0.0373029566144726 -0.171819289314941 -0.240755159138365 0.368912411351241
0.114614798008391 0.0282073337458573 0.226250488898236 -0.464609967005561
0.103384736352044 -0.0834350031328299 -0.00839234541417454 -0.202769886434423
-0.0490878936851456 -0.116159419197627 0.0414278562542365 -0.0478199925312991
-0.105037617160548 0.0232039205574746 0.143633917176614 -0.0587989668880838
-0.0285100371607519 0.10682573417524 0.13064105865881 -0.251590664442626
0.0347860485802878 0.0838383804830249 -0.0693277830935589 -0.391892635648576
0.0719616004756033 0.0225755512151389 -0.207570781045916 -0.417353414240181
0.0974981404993708 0.0135767722862343 -0.238576832204529 -0.403509481619432
0.0881271925766096 0.043176102265726 -0.199953606119342 -0.405556941391211
0.0602746006058643 0.122118347027966 -0.0560809616028631 -0.384460202581659
-0.0418220377424103 0.13187812671914 0.104186993809886 -0.267165061626893
-0.152094729071456 0.0242813410866339 0.0696661091651354 -0.09754029179296
-0.082595903956417 -0.156914250159955 -0.0296377908164081 -0.253065206293147
0.120404978516646 -0.127933406301112 0.213838570783281 -0.460238143189176
0.141892385148849 -0.00827951097335382 0.691619199612155 -0.478969226727482
0.258056101249149 -0.1271787533885 0.172617696554099 -0.418019544752999
0.135189844384439 -0.238273439520583 0.0290568758960873 -0.184417857994782
-0.107594491121493 -0.230743169396182 0.0433906722595194 -0.0669366754626626
-0.226402302566756 0.0159583180460582 0.108031876381928 -0.0597690397099469
-0.124042114030816 0.214868887279438 0.120160158167293 -0.201865330344696
0.0284021714637354 0.246537886968212 -0.0296340556123251 -0.349354930877944
0.134793716566126 0.172779745010583 -0.15326466534533 -0.378789264644402
0.183913500495341 0.159334123671111 -0.181864492994411 -0.359724478816446
0.164480214042858 0.203514764022795 -0.142458868374684 -0.344756778425529
0.0771412140105066 0.333128287456992 -0.0333720791173019 -0.302069829999713
-0.159120606055065 0.321654908635167 0.0606368554285548 -0.183480049044789
-0.378768181173247 0.0722381572325425 0.00557104968893189 -0.0729707460541894
-0.283297898564389 -0.347784679276008 -0.0825650063229119 -0.279148065418777
0.139238875191676 -0.439993169413042 0.173147261187529 -0.46713930902641
0.34951866452747 -0.268997097298619 0.603897217784685 -0.446441654146744
0.385869062453893 -0.273980650154641 0.0632998012569858 -0.323185498073423
0.155059601771594 -0.398770706011459 0.0516593134142352 -0.120729517377436
-0.178428818244701 -0.348429894473408 0.0685913492015144 -0.0675324349439861
-0.350694654435833 0.00659662298839925 0.0823276842284118 -0.0789482888508386
-0.219572909717815 0.310734165030084 0.0854515689357012 -0.150055832530773
0.0146568872278649 0.389500084079422 0.00183241000339296 -0.26271745983294
0.179625292796835 0.304401355350308 -0.0831319349554406 -0.285167857188094
0.242639835839069 0.280732667493785 -0.0980020520633085 -0.261928282357064
0.218139755686911 0.326047282224571 -0.0575799555720436 -0.231468369015478
0.0946428296665643 0.49404127630244 0.00594355445048959 -0.171085333323956
-0.236556401076123 0.479403197221015 0.0199932010251049 -0.0594520025479974
-0.544826114426874 0.137442297264745 -0.0650753262580267 -0.0188965590028255
-0.466329156539851 -0.461958789774324 -0.145089248818767 -0.256869458033052
0.103597629822859 -0.6804627773538 0.0970686328263256 -0.415083667511038
0.481441430932285 -0.490415550377475 0.445768451470136 -0.340559822165428
0.475964524227219 -0.398952499252211 -0.0966543272880934 -0.176841217528412
0.151380692557271 -0.556024418244286 0.0481432842877089 0.00219120084825839
-0.267913012820466 -0.456891512804837 0.106106866964859 -0.0325172456116589
-0.471186394321667 0.0131163553290919 0.0607932473834857 -0.0945248560004945
-0.296774005147849 0.387789802880264 0.0285380908646922 -0.0808471473090674
0.00126547313761295 0.488231856019017 0.0235605984869525 -0.131473735416119
0.202103902161467 0.394880073848572 -0.00309148691829028 -0.146600415024634
0.263973987738399 0.359310374922529 -0.000835217415168535 -0.124488588732971
0.233933357925243 0.396380636390011 0.0401333573932099 -0.0870212486107593
0.102692881574425 0.574442681909239 0.0573757419477112 -0.0131995349086574
-0.26192235896314 0.564401245127716 -0.00903240563002916 0.0873152839482055
-0.610585832451544 0.190273601849316 -0.127789462639285 0.0561472373935009
-0.567862333271818 -0.478539497833051 -0.189638394068063 -0.19142497659917
0.0374613239164262 -0.787650000455628 0.0198258103879984 -0.302104779896433
0.519618649691266 -0.619760539328517 0.25477151254361 -0.176559617969348
0.50401781053825 -0.475397738842424 -0.292865660659826 0.0128732702071478
0.120845335212492 -0.655024448646599 0.0162040917099046 0.176057271976066
-0.33957383374886 -0.511144021837271 0.133212307282092 0.0318000098171838
-0.537253536921431 0.0219706171517337 0.0259466270434537 -0.0864609031744793
-0.331948469904013 0.413771408144954 -0.0425912522464009 0.0153699486520535
-0.0091226883060279 0.517496544527681 0.0394659664141771 0.0354943593197897
0.198966248375766 0.425227473913522 0.0789298041319454 0.0202842702354472
0.244026269258831 0.381146591212937 0.097232566681051 0.0318529876715574
0.210735494158176 0.404175383991933 0.132306116649464 0.0674020779534611
0.0863301418401968 0.5590759319059 0.108164836307754 0.141147622579337
-0.244999492435574 0.53955083190759 -0.0258721353780882 0.221987050671872
-0.556735097995632 0.191035276822181 -0.173115599837307 0.126057027088089
-0.536765884018893 -0.407836073136177 -0.199879085292224 -0.108746239180113
-0.0142019636986442 -0.735412061235622 -0.0354921977041388 -0.161410852730961
0.46828954610892 -0.627796532629493 0.0694201089041382 0.014980797786383
0.44780523681913 -0.47258205335477 -0.486976193251105 0.214963519087372
0.0735312275026059 -0.632723357088348 -0.0390236171493254 0.359847388310067
-0.339938662055441 -0.46326467853195 0.133796351056316 0.107211679400629
-0.490116663636693 0.0274155896681746 -0.0224981164099057 -0.0538969518229287
-0.302664274129888 0.360589603633734 -0.113592948373996 0.123580170460203
-0.0171318825815363 0.453765749564781 0.0510546934861551 0.207693476401598
0.161687284526873 0.385420870822109 0.153520407510106 0.188713775587467
0.185898996891774 0.345633448439188 0.180032991743746 0.183018239895399
0.150606345905481 0.354184678897438 0.201501510196204 0.20530229823533
0.0461930475809021 0.453052171075502 0.138406642191137 0.262728476214264
-0.205300353705863 0.41575279311988 -0.0395107773418879 0.309043173615348
-0.407504574663126 0.13123584039077 -0.194708322514713 0.159702656467788
-0.384510051688263 -0.289368942452857 -0.175112173097616 -0.0421139659581432
-0.0353036663953649 -0.555219415361854 -0.0620096675096835 -0.0362602626494645
0.35175270763243 -0.526069398361015 -0.0746421664251465 0.185685248905617
0.304356664956018 -0.383453695992943 -0.640197448267625 0.391386145293717
0.00963375801585178 -0.470326791027691 -0.103390946111994 0.506630777202033
-0.254225332928943 -0.30341752262985 0.109942765088226 0.174480026488317
-0.326734302654681 0.0215387858433145 -0.0608498815354161 -0.0096378830360123
-0.210115221560426 0.22895491473901 -0.165352684471349 0.207849173140466
-0.0243625486278649 0.304197795545408 0.0536035226919648 0.346015250888733
0.096057241693293 0.281058998717679 0.20597774404431 0.32765289531471
0.0992168765956916 0.260888671877033 0.236017314306967 0.306005424076794
0.0725612289521625 0.255722982583564 0.234105220698916 0.312238790101909
-0.00246399481850393 0.287451465816274 0.136139612009092 0.338250606687569
-0.145170315595486 0.234155152958501 -0.0576383920949134 0.333185270243011
-0.22164519397675 0.0482701284001009 -0.195182475553194 0.149009266266404
-0.192405894875031 -0.148655327125283 -0.130784920490006 -0.000995179095611988
-0.0461653403914689 -0.315540662469846 -0.067812955408303 0.0477489533458476
0.196293353146422 -0.356275119759271 -0.167616944276516 0.306384991769165
0.10173856132316 -0.217623578500974 -0.716177968008984 0.504544014000499
-0.0556108833135931 -0.211269972477259 -0.15533594118508 0.592837289865947
-0.11397358774901 -0.0823602777992208 0.0872173691431979 0.226796165926443
-0.0985217566036723 0.0082702209797591 -0.0649794922780618 0.0258809544874293
-0.0797852589126146 0.0554141884382706 -0.184000944923629 0.241314236924024
-0.0300519921399559 0.102746696275081 0.0492079865059979 0.420403108675638
0.0104700232926087 0.132113039197633 0.22780759648037 0.412441337902071
-0.000403794477352519 0.137287276191071 0.258049693486175 0.382543824742317
-0.00916596473270019 0.123112583864351 0.229916671171821 0.376081168779583
-0.0394308588858431 0.0965486055776983 0.107292579113117 0.368906391436631
-0.0701137330858127 0.0543207990057311 -0.0752136191466621 0.308471511077344
-0.0436985495773844 -0.00835654718414598 -0.177269755528627 0.113057956024415
-0.0342131661228673 -0.00664993675835365 -0.0834562887235033 0.025431698117321
-0.0686899099923825 -0.0841949299104932 -0.0682619531087349 0.0974355981232151
0.0252701483637338 -0.168199024426963 -0.208867666614526 0.367745383282733
0.105047038903172 0.040210850364591 0.254288730789374 -0.3998492503062
0.109118999712803 -0.0663814013218132 0.0186842516397827 -0.188741707007251
-0.0307594114301914 -0.113863243730314 0.0472620602368888 -0.0480736630334711
-0.102113496974075 0.00801781488803215 0.134895158703115 -0.0458566577466525
-0.0394528399503969 0.0966071853027314 0.140551226929027 -0.222842480085685
0.0257367030123356 0.0870608947706635 -0.0323340180069774 -0.369103465270027
0.0639163770112591 0.0307172223886704 -0.158350381352337 -0.415113001258147
0.0906138133310259 0.0222329913647293 -0.184485474891782 -0.414412416088358
0.0787195735311595 0.0536295039039921 -0.147923566386543 -0.41345284074205
0.044226646067756 0.124599190844004 -0.0105784722568259 -0.378434446416231
-0.0565704631136974 0.122255775428332 0.132495159894116 -0.246598688022784
-0.150082754555005 0.00668572545449934 0.0804050263356774 -0.0859027365452691
-0.0638492796216076 -0.156719375448288 -0.00105492501624433 -0.240464351189992
0.125753783477834 -0.108059744660469 0.251034130853497 -0.419387891145022
0.132409178481159 0.0085954145644432 0.716535604164482 -0.385104922968364
0.255193895264282 -0.0850573699856409 0.214333176912156 -0.357738346052802
0.156808502708757 -0.203731926221169 0.0587896601309544 -0.172143136741429
-0.0705151701056779 -0.22784800978905 0.0568647203596492 -0.0719577099962106
-0.213340985490457 -0.015300819371516 0.102548002687613 -0.0543504830412975
-0.143779183216778 0.185048054746266 0.123183460918257 -0.182990109017559
0.00031368778648515 0.237684269457047 -0.0053207656281794 -0.325011668717663
0.107290963348917 0.17945359088368 -0.112342673194716 -0.374223794411664
0.156384633921182 0.173133995411674 -0.133466812969954 -0.36674569987494
0.133218086708862 0.215108463259908 -0.0982456606716635 -0.35264517110589
0.036638687801364 0.327058437147066 0.00541806964613412 -0.303738542956041
-0.190418249463335 0.289935684071361 0.0907887708956007 -0.176647992661338
-0.372124344711775 0.0266219834263862 0.0226840260248083 -0.0709710862792773
-0.235093028973798 -0.362677267059711 -0.0472308403295971 -0.264712880813598
0.178483622051151 -0.403544747342999 0.210238942335396 -0.415823761878677
0.360062747802785 -0.219563172871998 0.624881397679511 -0.34866447178553
0.389989046358253 -0.205289165160491 0.115473900646533 -0.278428256950438
0.193913557665029 -0.347613739047077 0.0814490685852561 -0.114926064025616
-0.120968348897752 -0.345889058684779 0.0866923875839084 -0.0760886641975902
-0.327493433372901 -0.0412992179211232 0.0817516556590293 -0.0795364257411728
-0.245876395705598 0.260893528007978 0.0825318143802467 -0.143074724527245
-0.0303997149766575 0.367716790144518 0.00964100208017415 -0.241539402008104
0.135255289847344 0.309274536288522 -0.0559037226130006 -0.279889433352325
0.198901145800203 0.296821765820567 -0.0630494268184506 -0.263715536321641
0.169156445282187 0.338015681621647 -0.0286567768634712 -0.238083279935995
0.0352796196414968 0.480846932946826 0.0318964336762336 -0.17938732320551
-0.281927715696189 0.429692561693689 0.045149797819838 -0.065663230498374
-0.537222933790429 0.0692123283887569 -0.0470508497077736 -0.0276301779192629
-0.39747788006385 -0.489875271718294 -0.1074321817254 -0.245226413287544
0.171655687637877 -0.636720829557423 0.132589710196031 -0.361406814187958
0.511540727964427 -0.418532944457726 0.458760732018638 -0.253741039124251
0.489619054054689 -0.309250433445629 -0.0381824040542209 -0.158054991380781
0.210779043382718 -0.492001467420142 0.0729969507307667 -0.00564061366150846
-0.190381476189528 -0.459148154564535 0.123170417825185 -0.046568066973066
-0.440721728807711 -0.0534219849967654 0.0641074227910763 -0.101308679848358
-0.329507687908966 0.322573726320373 0.0210374277016845 -0.0891013093915365
-0.0553519637342718 0.458504169845317 0.0131740459241951 -0.11711314043481
0.14654074291575 0.397332951776027 0.00465206929329774 -0.142091668623664
0.211138399905279 0.373944287550995 0.0163891572034282 -0.121332356542879
0.176428901456399 0.405181891100954 0.0498120680732955 -0.0893815762399159
0.0346790368322429 0.558157256325519 0.0658734008906628 -0.0253799419839006
-0.315089521981158 0.506121520432531 0.00426192770016481 0.0694497282624748
-0.606035504844945 0.113146388660002 -0.113508477951396 0.0365638854426115
-0.494592347733501 -0.517135959038098 -0.155106977185647 -0.185898777064016
0.120223978869743 -0.746650792352074 0.0470042771320116 -0.254546882124287
0.562780868845825 -0.540892010654913 0.255048646051112 -0.109046329925872
0.523393004298678 -0.374039227539934 -0.232183038136922 -0.00364174772273733
0.194611840425558 -0.587202659523333 0.0288566766887144 0.150152241810637
-0.25132098561511 -0.518841682393967 0.144867073806231 0.0115670392461763
-0.503226386150621 -0.0523623857459705 0.0317467067734258 -0.100693211263373
-0.368555381128418 0.342428261693026 -0.0554934425557533 -0.00864022906338916
-0.0702854168853982 0.483585462579964 0.0108089298583977 0.039364935459206
0.140013577932231 0.425469390047318 0.0655352282112904 0.0236079868970578
0.190289436061249 0.394130429951192 0.0929559179873995 0.039487309246348
0.153596894008473 0.409450923732424 0.122256952264427 0.0682762164529317
0.0219396478098271 0.539566952989879 0.0976136355325926 0.128378704661461
-0.296371428813462 0.485022441569408 -0.026484860057345 0.197540524735514
-0.552518421390448 0.120318562044357 -0.164878645025306 0.0997393276789947
-0.469812074179712 -0.446652650250159 -0.174758963421729 -0.110031357946485
0.0660875690413002 -0.702938917925522 -0.020767029612071 -0.125421486929296
0.516890592121909 -0.553537314486134 0.0575267412681882 0.0557577515724618
0.469515087269383 -0.380776825654191 -0.434440545058894 0.161813502040858
0.144687611116443 -0.57380238575092 -0.0420668301783889 0.316583257297709
-0.25853107539813 -0.473966705948834 0.135803159624376 0.0833642082459418
-0.461793683721318 -0.0407637731465193 -0.0160947465088038 -0.0737589521524761
-0.33417840975676 0.295240547659694 -0.130821137845989 0.0859451418516656
-0.0718916614644946 0.419866016491105 0.00794528659024865 0.200601058726479
0.111952127937914 0.382864903328452 0.119851427109175 0.190092100191118
0.139420686358512 0.3548690920171 0.155643202451025 0.193497341408515
0.102516439618106 0.355113006063094 0.173557519729917 0.210774321647099
-0.00466914292049388 0.434395280342319 0.112034148909189 0.250991988369233
-0.239690728985554 0.369147487078474 -0.0525433998003511 0.281891572467213
-0.401937920409479 0.0778256531258643 -0.19238362805026 0.132472274067845
-0.336419313150676 -0.316990944364129 -0.161402868674224 -0.0475200928792826
0.0267684906350904 -0.530671673956212 -0.0588221033572206 -0.0154456038360303
0.394708422545622 -0.468276915791686 -0.0983060795399074 0.199546372836353
0.327525768884955 -0.317950459165385 -0.602486449548557 0.303572926150725
0.0656631957495645 -0.432337559524074 -0.125092382751968 0.451287295747643
-0.199392115885236 -0.315966593487674 0.100359871104478 0.153057406868692
-0.307325410596004 -0.0241492971986653 -0.0548551672587226 -0.0306469112261398
-0.229076284895864 0.185221738503396 -0.183819148772809 0.164184501383291
-0.0617284749433358 0.277304883997348 0.00366260365452543 0.329304608871729
0.0617851511055693 0.276182089848567 0.15760871292207 0.326982665635635
0.0669161238634838 0.264379734734462 0.194575033818946 0.318332549579916
0.0393158055351053 0.251020833779276 0.193182831134407 0.320424745200168
-0.0339182399864361 0.270608503258071 0.101216936427408 0.328066602542411
-0.162084053900034 0.204825399703574 -0.0775284239090718 0.308151844750304
-0.213860211685204 0.0209718466936869 -0.196844368730186 0.123821682546879
-0.167404336781811 -0.161114490489327 -0.125299872756707 -0.00922059247172062
-0.00868820114281965 -0.303758105605935 -0.0733053098675913 0.0555406890689778
0.227551543991783 -0.322675604125651 -0.196534823682351 0.296389888690912
0.119687429571897 -0.189719196018934 -0.699409800793124 0.39573569928039
-0.027458030600068 -0.202058226421976 -0.194369666591422 0.533910949433535
-0.0977079224953154 -0.0918957035835989 0.0647535362227339 0.212069129879472
-0.092945954239598 -0.00566522830600796 -0.0622391906133695 0.0114231127383577
-0.0835997318248054 0.0398710339416831 -0.198448281768996 0.20103413624661
-0.0435416736240436 0.0876472545467993 -0.000920113654521339 0.397062420525102
-0.00273875712336408 0.124629077712472 0.169984623423811 0.410113593802586
-0.0139353435281702 0.133664331780363 0.204894988268844 0.39455512494838
-0.0228169002972748 0.114948695548118 0.181894080526251 0.385612367981643
-0.0482444264693656 0.0853129819481527 0.0689636452845603 0.360024792661191
-0.0699767398212119 0.0416902816060815 -0.0984770968504666 0.286326681359307
-0.0367555333009364 -0.0132243339119123 -0.17998451396938 0.0932484787988901
-0.0307388863839475 -0.00823475010293614 -0.0846951203423081 0.0161176769548583
-0.0549477636986796 -0.0862910148359845 -0.0765679465599592 0.0939491251037802
0.0440230232144061 -0.160581634287613 -0.238668987621745 0.340808273256477
0.103370275058255 0.040938219566279 0.24918985891487 -0.382967177681603
0.10846597245442 -0.0659040631562367 0.0205473537608183 -0.183498064073596
-0.0286928018528512 -0.111752654271218 0.0456133384267637 -0.0489557411013933
-0.0995530659770377 0.00753748625046412 0.128807480304493 -0.045019259466255
-0.0382766705924493 0.0942022330327689 0.136417379990914 -0.214971481003085
0.0254169659843941 0.0862606150780414 -0.0321110607846855 -0.356172342490343
0.0607304538193961 0.0308794670963233 -0.1529352337963 -0.403309638577826
0.0874519806410766 0.0213516489977791 -0.178895942064453 -0.407406854268404
0.0773357717526418 0.0520716014489313 -0.140095449441239 -0.405608850246945
0.0436366572497311 0.121244440717844 -0.006053999100242 -0.367819630322645
-0.055609442229661 0.119238121832343 0.131433995553372 -0.237829706557829
-0.146006502807702 0.00574571907343552 0.0774345034360259 -0.0805702460926798
-0.0596068957334518 -0.15423193625062 -0.00175453632271974 -0.23308327815856
0.124815536609082 -0.104643067579059 0.248732952968533 -0.407106372988018
0.128831493808357 0.0120254724483259 0.696998736333222 -0.363452006111891
0.250583498700307 -0.0772179023068128 0.209598505561749 -0.345351337635362
0.156230802519342 -0.197526799487238 0.0596676062471619 -0.167223135465301
-0.0652257497292926 -0.222639229613667 0.0552811275212741 -0.0732403898399823
-0.207597407605728 -0.0170979674348956 0.0970583490469574 -0.0532420808259554
-0.139969153162089 0.17851112692031 0.11848033056323 -0.174998103991093
0.000133387814572803 0.232295727636519 -0.00576961270247171 -0.313103065847627
0.101747301743184 0.175670294455814 -0.108339328305081 -0.364545699863686
0.149940180533591 0.169349512434313 -0.129657865749219 -0.361600916610733
0.129266896816451 0.210090785406706 -0.0924231091508489 -0.346933101238333
0.0362587430383016 0.319090631891092 0.00967139211914057 -0.295724537180063
-0.186437205677974 0.281638236049341 0.0922524868660171 -0.16885301250207
-0.361637368910406 0.0225478728875712 0.0206378967550359 -0.0663017300724958
-0.224808915324381 -0.357346168430373 -0.049129684834831 -0.257236892864716
0.180614420001623 -0.391707645572966 0.209563881889126 -0.403654058935977
0.352041198532187 -0.206695482382592 0.605742018290064 -0.330067101131993
0.383690854311748 -0.189947274661298 0.113212782533842 -0.26974993730608
0.194808180326787 -0.336056595597793 0.0811238700167234 -0.112347175421236
-0.111609648185705 -0.339739938867426 0.0860678744709621 -0.0775346002692715
-0.317475396856635 -0.0430669937380486 0.0771845385987042 -0.0775732457343149
-0.240016613362869 0.251573089090781 0.0786267157680146 -0.135626247362069
-0.0310598439470589 0.357910878729347 0.00781736457165188 -0.232514581049492
0.127823558826074 0.302771446590169 -0.05403794991023 -0.273291846463686
0.190397810192616 0.291585299454859 -0.0616612078382976 -0.260484806137367
0.162139574124178 0.330680035732082 -0.0253072797744718 -0.235052356131021
0.0351182660310891 0.469280865358968 0.0341069337757915 -0.17560830574107
-0.276763211943855 0.418450206456409 0.0483711551158287 -0.0617219943620661
-0.523896854522369 0.0625120169671304 -0.046508559086188 -0.024885911365432
-0.382723941769911 -0.485117473231411 -0.109860983079625 -0.238980310602645
0.176149318666605 -0.61998052330155 0.130108957890168 -0.350310511216848
0.50205827612462 -0.397821375485703 0.442259646154031 -0.238709315493021
0.48011512380998 -0.288329526725945 -0.0370274001230202 -0.15596524037617
0.21135376107418 -0.474868381100976 0.0716374075548402 -0.00661254843995442
-0.178555134773075 -0.44915924130643 0.123060995245008 -0.0494726162535868
-0.426605903986549 -0.0558742231692246 0.0609389451911897 -0.0994185252175463
-0.32296044597264 0.310200052972092 0.0179050444572085 -0.0833754553469016
-0.0563524806184643 0.444900640501442 0.0107956820273711 -0.113332348377959
0.138277318804552 0.388892697701159 0.00428571985061392 -0.137876273345762
0.200204344471982 0.369281494344566 0.015600795917754 -0.120851560277988
0.168754585137391 0.398541904428199 0.0497125731494906 -0.0898346532410728
0.0323997428201931 0.544129891791674 0.0663316061535628 -0.0264089197029047
-0.309215708401127 0.492906551592449 0.00934956204584412 0.0688502700842683
-0.589091828952486 0.102822352969921 -0.111928496092327 0.0385841187057901
-0.475519594375649 -0.511904379646806 -0.157702083751808 -0.180750817572465
0.128077983273681 -0.728102284325598 0.0431490340912648 -0.245784375132961
0.551426581085582 -0.515704849283023 0.242485292544946 -0.0994399280119698
0.514757688972234 -0.353494102680084 -0.227500967323131 -0.00951842937028018
0.197852389774085 -0.566693059517338 0.0276214581519782 0.143668461452821
-0.23741130178639 -0.509167577876301 0.144969590552258 0.007888454131463
-0.488414687980729 -0.0567687241205306 0.0297546315689463 -0.0991704335313364
-0.360346647516302 0.329655929871745 -0.0573724317352606 -0.00613836843287288
-0.0712060142209677 0.467499732573261 0.00728119617048305 0.0376422486609641
0.131119727496453 0.415020262975009 0.0624750295384128 0.0238123390188933
0.181181638556464 0.387981049743645 0.0900744267122066 0.0377536954263466
0.144633650492239 0.40270069290046 0.119708235605978 0.0653159495062283
0.0199511413986072 0.526660606212418 0.0963378577301801 0.122761805629686
-0.288863750201754 0.470843003547784 -0.0207927353026148 0.193162122051444
-0.537330139584732 0.109670921565727 -0.161148831100916 0.0997278586262974
-0.452412334119451 -0.441870737171527 -0.177607177100382 -0.107001025503539
0.0753641128598223 -0.683604142554322 -0.0249047399051632 -0.119144744332974
0.505715257894896 -0.530702884679039 0.0505898487236994 0.0576461162864021
0.464015219442006 -0.361458937030791 -0.425864508909207 0.147935406760358
0.148352624751517 -0.552354270568364 -0.0436680633886049 0.305214362309312
-0.245490732660414 -0.463367128456913 0.136550172455904 0.0781164169711819
-0.447434894885117 -0.0446827959010353 -0.0154130984066226 -0.0735919629737606
-0.325869721910435 0.284946276608863 -0.131615506473873 0.0847203309822589
-0.0728504880439817 0.406914955896585 0.00303065448847195 0.192918853363111
0.104314690217865 0.373784220586936 0.11401633410855 0.186577023260697
0.131672515117388 0.350184756390321 0.151571785178136 0.189651415130246
0.095633997531669 0.348704260352429 0.168106230147278 0.204921444041827
-0.00685651023808959 0.42264710187597 0.109675253250223 0.242807271442159
-0.233604359377677 0.358817972563702 -0.0473024817429218 0.273921726329038
-0.390515495559321 0.0710057650276689 -0.187948619326038 0.130498362353629
-0.324842152536165 -0.312093825379788 -0.163259878372344 -0.0462682243250854
0.0325440521839027 -0.516827140698071 -0.0626221116452385 -0.0109376788074894
0.387259166486507 -0.449123236419962 -0.100176833260774 0.193682814433566
0.322882766092492 -0.302179277914383 -0.589826160085406 0.280701815397328
0.0685647685765304 -0.417471112940685 -0.124591592650119 0.43567223787234
-0.190722242464389 -0.309970492206146 0.100895769457604 0.147636557646777
-0.298042826499459 -0.0259656191068868 -0.0538201903745329 -0.0316079939179862
-0.22442252504526 0.178030941352187 -0.183035038792192 0.159492149698825
-0.0632518072331304 0.268164006739214 -0.00164062743584665 0.317248330042039
0.0575728004997445 0.26871197328223 0.149689660370303 0.319653303471298
0.0629741174533228 0.261465997411293 0.189423240708569 0.313408212131469
0.0350494081019634 0.247447975740203 0.186079607568485 0.312103569670372
-0.033891977201231 0.262686841073974 0.0982799119308159 0.31852196248295
-0.156738882025556 0.197450570388663 -0.0733150963505652 0.298545633479315
-0.206634362283228 0.0176885621524925 -0.190691308122418 0.122632302553183
-0.160751303808241 -0.158256096667701 -0.126843711662489 -0.00906633063563269
-0.00431140152485672 -0.293617369285272 -0.0762033902911983 0.0577359127150351
0.22321186486637 -0.309712643468109 -0.194090016883147 0.284830704521761
0.119972909652751 -0.18160551611542 -0.68682246075261 0.37155433233144
-0.02561189835515 -0.194892985619365 -0.193438534951247 0.516034592389089
-0.0948096398199969 -0.0908109535459956 0.0657976967112287 0.206129066546575
-0.0904420616592955 -0.00566920006625384 -0.0599429697714532 0.00887705085225886
-0.0816990982842477 0.0383391197486918 -0.198325039571344 0.194070464401171
-0.0440153129630238 0.0840194109803121 -0.00637863999646198 0.384296515641245
-0.00315010134472894 0.121571479837599 0.162740131917166 0.401085272142311
-0.0140439540952885 0.132256485518803 0.200330101630565 0.388605250842429
-0.0242271826203751 0.113473061482599 0.175050609108273 0.377101411836914
-0.0480955455887801 0.0822295227412834 0.0663305499716064 0.349484930641555
-0.0670590036809831 0.039419445155967 -0.0942865026266493 0.276860931453606
-0.0344344805379637 -0.013577072996134 -0.174026551640318 0.0922294700408863
-0.0300942294295971 -0.00689943902163413 -0.0843979649772475 0.0160396847216053
-0.0524793253957358 -0.0825428790519378 -0.0782071375363316 0.0942699657933483
0.0437316143728847 -0.155131778988098 -0.233125279184422 0.325878361682981
0.104504001131864 0.0439562062624114 0.258899262386167 -0.37746650441335
0.111668193473881 -0.0666780769778243 0.0258599571500579 -0.1847611856522
-0.0272942489712308 -0.114167806020684 0.0458696004138315 -0.051115632327085
-0.101518964551887 0.00574439509667856 0.128545015892159 -0.0452341027281978
-0.0402239927039328 0.0945098546316997 0.139069701812575 -0.213889920398881
0.0255498674408775 0.0883002921994873 -0.0285537551024582 -0.355771006759801
0.0593710844454443 0.0321781186382139 -0.1496247658602 -0.411590293756425
0.0874788737620559 0.0220007055683235 -0.17704543874352 -0.417953830563928
0.0780395300511331 0.0528251906726291 -0.133401761823016 -0.414147711958289
0.0434177059786533 0.123746964265255 0.00171434459106951 -0.371292100151256
-0.0575813489041605 0.119599350946976 0.137629489563148 -0.236243821516936
-0.148056696917201 0.00274472570347785 0.0782099556599962 -0.0775612475530667
-0.0562907380251168 -0.158302305802299 -0.000224764923544063 -0.234771862560993
0.128749445150943 -0.103365856041036 0.259480365507248 -0.407785698676076
0.130241849613593 0.0163468363268592 0.70589345567603 -0.347714400126789
0.256474138992103 -0.0704986608328649 0.216489163523668 -0.339744565549181
0.163265417888269 -0.196418662141148 0.0650106435447709 -0.167744184272629
-0.0604901013040392 -0.227541521049611 0.0575342130697695 -0.0765960956101034
-0.208487739910369 -0.0209952201884221 0.0962299429095979 -0.0531989889656893
-0.143404457040741 0.178495031416187 0.121104792572701 -0.17289491853791
-0.00259589286426731 0.234881057754591 -0.00308554645535176 -0.312923989701498
0.0977405792135726 0.180326550884576 -0.105059487734059 -0.369556296955679
0.147698115049223 0.173884120465687 -0.127663981344416 -0.370878867806621
0.127003350944942 0.213847958424 -0.0859502110274762 -0.355048784477583
0.03224609971913 0.322481164522804 0.0168277811594442 -0.299452734251033
-0.192498588331412 0.281867817824298 0.0978178119293429 -0.167427466382502
-0.36572274114941 0.0155915682983545 0.0205028649579658 -0.0633338811116557
-0.220156282431127 -0.368895297167128 -0.0499359285821388 -0.259217573040196
0.193689842520083 -0.393393801824471 0.217933520944545 -0.403951719831728
0.35935592145764 -0.198266211297838 0.613466290286863 -0.314627471873291
0.392007027307027 -0.179890776505075 0.117938215873122 -0.268422552087643
0.204338476072612 -0.334397143889245 0.0865316960543384 -0.113232816679588
-0.104613367141311 -0.3467319497249 0.0889078102649156 -0.080722858142812
-0.318729612554933 -0.0513197932210168 0.076864223238858 -0.0782337877536771
-0.24596149476921 0.249580129841431 0.0791949871075274 -0.132828876815293
-0.036194037293529 0.360612469995629 0.00934420046622617 -0.232229641555538
0.12204887803878 0.308160154537897 -0.0512855411259413 -0.276662878195314
0.185534795278364 0.299981116347318 -0.0602075383488944 -0.267702033098576
0.157799807239357 0.338634056893616 -0.0206734067964739 -0.241642049812542
0.0296338961415071 0.474428195620941 0.0393868951465615 -0.178296662510067
-0.28413868068949 0.418920095025107 0.054127939142805 -0.060331486761507
-0.529076487245944 0.0521022141072627 -0.0477751825176496 -0.0218879139744401
-0.375350767838495 -0.501116517346662 -0.112595021897187 -0.241799024320149
0.193954297159844 -0.62297595880643 0.136635716074322 -0.349387531949206
0.512820055813926 -0.386427223803057 0.445968081888737 -0.226080596388089
0.492605531104484 -0.277888135132771 -0.0356304360549719 -0.159814187600177
0.224459477717908 -0.470799228201724 0.0749539447913403 -0.00797886323594518
-0.169126539978071 -0.459102795760131 0.127836045271867 -0.0526352309779118
-0.428807321774875 -0.0661397725320789 0.0613149626063323 -0.100505710932524
-0.330436592381582 0.307383237760615 0.0168485926564699 -0.0802602073423312
-0.0645322539932464 0.447365783553821 0.00963518839284371 -0.113279430416481
0.130970892593718 0.395709982000013 0.00523462820955233 -0.1387844635224
0.195194809138878 0.379060045081638 0.015575823188264 -0.123903609897055
0.162477244735591 0.406506689370603 0.0524469194738854 -0.0928849681212658
0.0264211372989912 0.550101285555813 0.0694801574027575 -0.0271796250656222
-0.319255353989082 0.49425467775208 0.0136156120043686 0.0706651315395974
-0.598081287227533 0.0908968848686385 -0.11389531811611 0.0404797704057819
-0.468307839979965 -0.530860438161817 -0.164667745370694 -0.183680156579501
0.148070063156447 -0.732750026655408 0.0449715886046368 -0.243989689639052
0.566358669810458 -0.504847538254874 0.240992564069262 -0.0910000135710638
0.529255919364709 -0.340394866419496 -0.231700510403579 -0.0177916981177344
0.213812262418826 -0.564800665337292 0.0269118477809451 0.143174306667813
-0.229197192878581 -0.521216527999752 0.150332179968184 0.00607421222571524
-0.491243363967502 -0.0674769539668031 0.030707618139409 -0.101682548277774
-0.369401211317559 0.325452720295966 -0.0601904332986882 -0.00420274423977732
-0.0808381691299659 0.469941663201946 0.00410929956793792 0.0378766996921702
0.123277026425386 0.422336837872267 0.061189591514009 0.0260756857069344
0.175315020858948 0.400027117533786 0.0893348458007711 0.038774153759724
0.138562183692428 0.410550705383327 0.119746289772802 0.0656288122213737
0.0140117900240746 0.531994183844042 0.0967617488186174 0.123704315908921
-0.298187474567846 0.471615365581227 -0.0190940493529008 0.194668313582012
-0.544434944045251 0.0987840146488093 -0.16413141741201 0.100639884819244
-0.448799493357876 -0.458721483249948 -0.184887365982797 -0.108432138628556
0.091398610828445 -0.688115368609215 -0.0271372817289478 -0.11618293990831
0.520040584430098 -0.520620477886474 0.0454735923893021 0.0612238025949841
0.47749725462284 -0.350102007136554 -0.435647182074772 0.134582667442565
0.161591468731445 -0.553032543478687 -0.0480206058181188 0.304699543758443
-0.237380159961481 -0.476026362873849 0.141346712748627 0.0775275565172304
-0.4497323432601 -0.05547547782081 -0.0148636914180325 -0.0764030491131018
-0.333814595401383 0.2816864317504 -0.137338540670255 0.085704929014116
-0.0829481408583899 0.408272913019467 -0.00298519597467942 0.193373535355414
0.0979318936458353 0.3804372322325 0.110465559904122 0.190478807126909
0.127088827004688 0.360112652792915 0.149770993574153 0.194676237908952
0.0887797639864057 0.35652727480709 0.16698191836186 0.208820480097609
-0.0114715590666245 0.426623013519584 0.108456872000464 0.244324389592603
-0.241049105736537 0.358438375804227 -0.0470143757964835 0.276292383520663
-0.394502092903859 0.0635959220042333 -0.190939965266825 0.131488635673072
-0.32239687315155 -0.32280381712607 -0.170964656683119 -0.0469745897296943
0.0450040783347487 -0.519393485694662 -0.0675696391831728 -0.00739839345419103
0.397603857167958 -0.441377285322765 -0.106969933198819 0.193577625128879
0.335086537934807 -0.294727071659366 -0.603374937372596 0.266193450258238
0.0787865877474718 -0.417113081123497 -0.133269233487987 0.436168201680352
-0.186461859023967 -0.317905671659414 0.104582387221264 0.148152363350495
-0.299623432560263 -0.0324994016705941 -0.053088217578129 -0.0348686815946367
-0.23011480369239 0.175229832380213 -0.189727997277656 0.159723806347764
-0.0693726878913575 0.269038882800763 -0.00914515517302751 0.318591441179732
0.0520343472781012 0.273412759599609 0.143853420175312 0.325640803798659
0.0594600323600423 0.268590766854062 0.187091483486994 0.32141947279684
0.0292573738105953 0.253086349551048 0.18362782084772 0.318590089703499
-0.0372197045583224 0.264714050006475 0.0952771189914013 0.320686059759985
-0.159749845477849 0.196292818822432 -0.0741499103892633 0.298647865953053
-0.207736386873353 0.0137827235627502 -0.192899979782673 0.123376917826478
-0.158972298697766 -0.162590396917111 -0.132383930530567 -0.00915748975829432
0.00184352123758133 -0.295009295657288 -0.0812386783874254 0.0615676915861654
0.229736837877618 -0.306794794480878 -0.201351812237852 0.281995162404949
0.126417745336544 -0.180623930570497 -0.700662926452906 0.355616185944652
-0.0227361578534185 -0.195883985553331 -0.20450646180064 0.515454568239098
-0.0940399063549172 -0.0939324440766273 0.0664216999910396 0.208839127987303
-0.0903180809776771 -0.00743656428144457 -0.059924594415854 0.0060115477515444
-0.0835603293430143 0.036245623503962 -0.206280455862441 0.19344957151516
-0.047625886361134 0.0830089347798794 -0.014758060566339 0.384171069441198
-0.00487080886736875 0.122846953396285 0.155722365702323 0.407898823525605
-0.0158870033046986 0.136381301618328 0.197493285216682 0.398338157272493
-0.0275643390680796 0.116002109770979 0.170217947790497 0.38579950619168
-0.050038840151637 0.0816349800739546 0.06255880564407 0.351714546877757
-0.0677009376090091 0.0373814859195 -0.0956944752586106 0.277227195878715
-0.0330023852280331 -0.014220714536705 -0.174298863409831 0.0918609337918429
-0.0293557965222118 -0.00569072743276938 -0.087751774344791 0.0163003248272926
-0.0517269285450854 -0.0829569059209898 -0.08282562540749 0.0974165490202019
0.046539181223432 -0.155133771183292 -0.239085763750285 0.320657637444198
