TRXV5
3
4
4
9
string Extension=J
integer IsArchMeasurement=1
integer IsSpherical=1
string Generator=SPM
string GeneratorVersion=1.3.1 Dev
double ArchRadius=0.449999988079071
integer FrequencyAxisIndex=0
integer AzimuthAxisIndex=1
integer ElevationAxisIndex=2
Frequency
5 136 690000000 960000000 LIN
Azimuth
7 8 0 2.74889357189107 LIN
Elevation
7 15 -2.74889357189107 2.74889357189107 LIN
Polar H Real Part
13
Polar H Imaginary Part
14
Polar V Real Part
13
Polar V Imaginary Part
14
Polar H Magnitude (dB)
12 0xC0000002 0 1
Polar H Phase
7 0xC0000003 0 1
Polar V Magnitude (dB)
12 0xC0000002 2 3
Polar V Phase
7 0xC0000003 2 3
-0.0375900268554687 0.0421066284179688 0.0695457458496094 0.0248184204101563
0.0123329162597656 0.0495567321777344 0.0282001495361328 0.0245132446289063
0.03240966796875 0.0118255615234375 0.0178585052490234 0.0341644287109375
0.0264720916748047 -0.00930023193359375 0.0426712036132813 0.0407524108886719
0.0163040161132813 -0.0194740295410156 0.062835693359375 0.0220375061035156
0.00532722473144532 -0.0316390991210938 0.0686988830566406 -0.00709152221679688
0.00119781494140625 -0.0288906097412109 0.0604019165039063 -0.0165061950683594
0.00525474548339844 -0.0265541076660156 0.0447845458984375 -0.0106315612792969
0.015960693359375 -0.0321922302246094 0.0260372161865234 0.000389099121093748
0.0331687927246094 -0.0149002075195312 0.00622653961181641 0.00237321853637695
0.0357170104980469 0.0137786865234375 -0.0107421875 -0.0189628601074219
0.0197353363037109 0.0331935882568359 0.00294494628906251 -0.0431594848632813
-0.0162696838378906 0.0404396057128906 0.0537948608398437 -0.0545806884765625
-0.0443305969238281 0.0333595275878906 0.0767593383789063 -0.031707763671875
-0.0615730285644531 0.0181922912597656 0.0467071533203125 -0.00909042358398437
-0.0614395141601563 0.0367889404296875 0.0510711669921875 0.0401878356933594
-0.0132675170898438 0.0560684204101563 0.0150108337402344 0.0405387878417969
0.0180091857910156 0.0287971496582031 0.0142250061035156 0.0487594604492188
0.0246639251708984 0.0113506317138672 0.0407791137695313 0.0532569885253906
0.0255088806152344 -0.00308609008789063 0.0616455078125 0.0334815979003906
0.0249137878417969 -0.0206489562988281 0.07110595703125 0.004638671875
0.0213279724121094 -0.0252208709716797 0.0597076416015625 -0.00555038452148438
0.0219516754150391 -0.0219020843505859 0.0409889221191406 -0.000118255615234376
0.0339221954345703 -0.0256614685058594 0.0188236236572266 0.0110511779785156
0.0468177795410156 -0.00403213500976562 -0.00368690490722656 0.0116615295410156
0.0413589477539063 0.0270538330078125 -0.0241069793701172 -0.0126094818115234
0.018707275390625 0.0489234924316406 -0.0130271911621094 -0.0407295227050781
-0.0276527404785156 0.0518074035644531 0.0345687866210938 -0.0576362609863281
-0.062164306640625 0.0367584228515625 0.0522384643554687 -0.0312385559082031
-0.080352783203125 0.0165863037109375 0.0203914642333984 -0.00705528259277344
-0.0778274536132813 0.0228500366210937 0.023529052734375 0.0513648986816406
-0.0411376953125 0.0524139404296875 -0.00787734985351562 0.0556221008300781
-0.0021820068359375 0.04296875 0.00417327880859375 0.0640373229980469
0.0171146392822266 0.0336723327636719 0.0353431701660156 0.0658607482910156
0.0304508209228516 0.0173988342285156 0.0560264587402344 0.0436248779296875
0.0416679382324219 -0.00472640991210938 0.0662994384765625 0.0152702331542969
0.0391426086425781 -0.0164070129394531 0.0513725280761719 0.004638671875
0.0351333618164063 -0.0137233734130859 0.0306549072265625 0.0100727081298828
0.0457878112792969 -0.0158805847167969 0.00692367553710938 0.0209541320800781
0.0532798767089844 0.00460433959960938 -0.0169010162353516 0.0200767517089844
0.0424919128417969 0.0341339111328125 -0.0373077392578125 -0.00536727905273438
0.0185928344726563 0.0548591613769531 -0.0286464691162109 -0.0346927642822266
-0.0289154052734375 0.0563507080078125 0.0134735107421875 -0.0548782348632813
-0.0667266845703125 0.0378761291503906 0.0234355926513672 -0.0252418518066406
-0.0874099731445313 0.0133819580078125 -0.00995731353759766 -0.00428390502929688
-0.08135986328125 0.00551605224609376 -0.0104904174804688 0.05560302734375
-0.061279296875 0.0396919250488281 -0.0375137329101563 0.0647239685058594
-0.0243949890136719 0.0483360290527344 -0.0117111206054687 0.0761795043945312
0.00402069091796875 0.0505943298339844 0.0233688354492188 0.0738143920898438
0.0290145874023437 0.0360641479492187 0.0438079833984375 0.0490303039550781
0.050445556640625 0.0128593444824219 0.0531578063964844 0.0232276916503906
0.0501060485839844 -0.00539398193359375 0.0358352661132813 0.0132369995117188
0.0427780151367188 -0.00426101684570313 0.0152530670166016 0.0179405212402344
0.05078125 -0.00505828857421875 -0.00688743591308593 0.0286674499511719
0.0534210205078125 0.0124549865722656 -0.0292072296142578 0.0266780853271484
0.03839111328125 0.0361289978027344 -0.0473403930664063 0.0027923583984375
0.0155868530273438 0.0528717041015625 -0.0396957397460938 -0.0259361267089844
-0.0273361206054688 0.0528221130371094 -0.00403594970703125 -0.0454673767089844
-0.062744140625 0.0332260131835938 -0.00155258178710938 -0.0138711929321289
-0.0830459594726563 0.00698852539062499 -0.0390052795410156 0.00021743774414063
-0.0697975158691406 -0.01190185546875 -0.0435447692871094 0.0506057739257813
-0.0661468505859375 0.0192604064941406 -0.0678787231445313 0.0637054443359375
-0.03961181640625 0.0407905578613281 -0.0310134887695313 0.0803604125976563
-0.0112266540527344 0.0543632507324219 0.00847625732421874 0.074310302734375
0.0196151733398438 0.0462799072265625 0.0283241271972656 0.0467796325683594
0.0482711791992188 0.0281105041503906 0.0345211029052734 0.0251197814941406
0.0516929626464844 0.00787734985351563 0.0151119232177734 0.0177650451660156
0.0432014465332031 0.00566864013671875 -0.00328445434570312 0.0230731964111328
0.0492019653320312 0.00573348999023438 -0.0214061737060547 0.0332164764404297
0.0474891662597656 0.0200080871582031 -0.0401115417480469 0.0296592712402344
0.0302581787109375 0.0375442504882813 -0.0536880493164063 0.00822067260742189
0.00684356689453125 0.0486335754394531 -0.0433883666992188 -0.0181045532226563
-0.0292739868164062 0.0420722961425781 -0.0142631530761719 -0.0327682495117188
-0.0556488037109375 0.0202713012695313 -0.0202140808105469 -0.000438690185546877
-0.0710678100585938 -0.005828857421875 -0.063629150390625 0.0034637451171875
-0.0425987243652344 -0.0235595703125 -0.0664634704589844 0.040435791015625
-0.0514450073242187 -0.00159072875976563 -0.08990478515625 0.0552520751953125
-0.0401802062988281 0.0221290588378906 -0.0459976196289062 0.0754013061523438
-0.0222816467285156 0.0411300659179688 -0.00501251220703126 0.0666618347167969
0.00455093383789063 0.0428237915039063 0.0132789611816406 0.0386734008789063
0.0344161987304688 0.0355644226074219 0.0141944885253906 0.0223770141601563
0.0428733825683594 0.0191307067871094 -0.00521469116210937 0.0180187225341797
0.0369110107421875 0.0145263671875 -0.0210628509521484 0.0247268676757813
0.0419273376464844 0.0153007507324219 -0.0353889465332031 0.0332145690917969
0.0375785827636719 0.0267906188964844 -0.0492286682128906 0.0274200439453125
0.0189094543457031 0.038665771484375 -0.0560684204101563 0.007171630859375
-0.00396728515625 0.0434989929199219 -0.0432281494140625 -0.0149497985839844
-0.0338993072509766 0.0279388427734375 -0.0188827514648438 -0.0233211517333984
-0.0479393005371094 0.00197219848632812 -0.0320186614990234 0.00660133361816405
-0.0522499084472656 -0.0228042602539063 -0.0790176391601563 0.00191497802734375
-0.0070953369140625 -0.0278530120849609 -0.0764999389648438 0.0282974243164063
-0.0204029083251953 -0.0175895690917969 -0.0975418090820313 0.0436859130859375
-0.0255222320556641 -0.000642776489257814 -0.0534553527832031 0.0675926208496094
-0.0245475769042969 0.0159206390380859 -0.01153564453125 0.0558738708496094
-0.00996780395507813 0.0269584655761719 0.00507736206054688 0.0270404815673828
0.0119781494140625 0.0341854095458984 -0.00208377838134766 0.0135354995727539
0.0257740020751953 0.0270519256591797 -0.0219039916992188 0.0141849517822266
0.0240554809570313 0.0210628509521484 -0.0363044738769531 0.0226974487304688
0.0291728973388672 0.0221843719482422 -0.0480575561523438 0.03009033203125
0.024383544921875 0.0315017700195312 -0.0581512451171875 0.0219688415527344
0.00778579711914063 0.0371551513671875 -0.0594100952148438 0.00221252441406249
-0.013916015625 0.0373420715332031 -0.0422096252441406 -0.0179214477539062
-0.0388107299804688 0.0136184692382813 -0.0199718475341797 -0.0211429595947266
-0.0389404296875 -0.0178947448730469 -0.038238525390625 0.00623703002929687
-0.0300254821777344 -0.0399703979492188 -0.0877532958984375 -0.00567626953125
0.0286903381347656 -0.0276908874511719 -0.0699539184570313 0.0196952819824219
0.0139389038085938 -0.0274810791015625 -0.0902175903320313 0.0363845825195312
-0.00291252136230469 -0.0221138000488281 -0.0495796203613281 0.0618667602539062
-0.019866943359375 -0.0130252838134766 -0.00940704345703125 0.0471458435058594
-0.0219669342041016 0.00494194030761719 0.00446319580078125 0.0182723999023438
-0.0122032165527344 0.0257606506347656 -0.00960731506347656 0.00418281555175781
0.00436782836914062 0.0303401947021484 -0.0312366485595703 0.00665855407714843
0.00790977478027344 0.0248374938964844 -0.0460548400878906 0.0168418884277344
0.0127887725830078 0.0257587432861328 -0.0568580627441406 0.0229682922363281
0.0089874267578125 0.0315704345703125 -0.0649833679199219 0.0125198364257813
-0.00300025939941406 0.0318946838378906 -0.061981201171875 -0.00679779052734375
-0.0214557647705078 0.0277214050292969 -0.0422325134277344 -0.0244827270507812
-0.0390777587890625 -0.000564575195312495 -0.0211086273193359 -0.0259189605712891
-0.0264434814453125 -0.0343303680419922 -0.0403976440429688 -0.00413894653320312
-0.00457000732421875 -0.0529327392578125 -0.087066650390625 -0.0189437866210938
-0.0342826843261719 0.0537071228027344 0.0821533203125 0.0259246826171875
0.0226783752441406 0.0536613464355469 0.0367088317871094 0.0251350402832031
0.0394058227539062 0.00727081298828125 0.0223617553710938 0.0341320037841797
0.0275402069091797 -0.0163383483886719 0.0482597351074219 0.040863037109375
0.0132236480712891 -0.0265617370605469 0.0694198608398438 0.0203704833984375
-0.00130081176757813 -0.0366363525390625 0.0748519897460937 -0.0107803344726563
-0.00493431091308594 -0.0324935913085938 0.0673675537109375 -0.0210456848144531
-0.000690460205078127 -0.0306606292724609 0.0514488220214844 -0.0139541625976563
0.0108108520507813 -0.0394706726074219 0.0323200225830078 0.000194549560546873
0.0337371826171875 -0.0231342315673828 0.0105323791503906 0.00581932067871093
0.0424613952636719 0.00812149047851563 -0.0123481750488281 -0.0156211853027344
0.0287513732910156 0.0337696075439453 -0.001495361328125 -0.0442390441894531
-0.0111770629882812 0.0495338439941406 0.0526008605957031 -0.0637397766113281
-0.046051025390625 0.0473518371582031 0.0833053588867188 -0.0399246215820313
-0.0671424865722656 0.0315933227539063 0.0540428161621094 -0.00958251953125
-0.0619697570800781 0.0468902587890625 0.0636405944824219 0.0456428527832031
-0.00654983520507812 0.0618476867675781 0.0243415832519531 0.0445060729980469
0.0233993530273438 0.0271797180175781 0.0199546813964844 0.0509262084960938
0.0268764495849609 0.007598876953125 0.0480842590332031 0.054962158203125
0.0248069763183594 -0.00773239135742188 0.0704116821289063 0.0331878662109375
0.021575927734375 -0.0256614685058594 0.0795745849609375 0.000999450683593748
0.0188026428222656 -0.0292148590087891 0.06866455078125 -0.00914764404296875
0.0198421478271484 -0.0258579254150391 0.04949951171875 -0.00275039672851563
0.0323066711425781 -0.0319747924804688 0.0269012451171875 0.0124702453613281
0.0497970581054688 -0.0108566284179687 0.00120067596435547 0.0169229507446289
0.0492897033691406 0.0242805480957031 -0.0254459381103516 -0.00649833679199218
0.0271873474121094 0.052001953125 -0.0186805725097656 -0.038360595703125
-0.0251579284667969 0.0621795654296875 0.0310211181640625 -0.0639495849609375
-0.0673179626464844 0.0492820739746094 0.0563316345214844 -0.03582763671875
-0.0895156860351562 0.0290298461914063 0.0249538421630859 -0.00382614135742187
-0.0833816528320313 0.0306015014648438 0.0338592529296875 0.0609664916992187
-0.0404129028320313 0.0594024658203125 0.000572204589843743 0.0638389587402344
0.000137329101562504 0.0450859069824219 0.0111236572265625 0.0688896179199219
0.0199317932128906 0.0344009399414063 0.0434951782226562 0.0694808959960938
0.0324764251708984 0.01611328125 0.0657882690429688 0.0445518493652344
0.0428733825683594 -0.0088043212890625 0.0764312744140625 0.0130615234375
0.0407447814941406 -0.0206947326660156 0.0608978271484375 0.00244140625
0.0369644165039063 -0.0168724060058594 0.0394859313964844 0.00910568237304687
0.0477333068847656 -0.0212364196777344 0.015380859375 0.0242290496826172
0.0588340759277344 0.000591278076171875 -0.0114498138427734 0.0272884368896484
0.0499916076660156 0.0340156555175781 -0.0384063720703125 0.00246810913085937
0.0251998901367188 0.0596961975097656 -0.034332275390625 -0.0305461883544922
-0.0287551879882813 0.0660247802734375 0.00870132446289062 -0.05816650390625
-0.0738601684570313 0.048797607421875 0.0254993438720703 -0.025909423828125
-0.09881591796875 0.0226516723632812 -0.00925445556640626 0.00263881683349609
-0.09075927734375 0.00902557373046873 -0.00421142578125001 0.0684356689453125
-0.0664825439453125 0.04559326171875 -0.0319290161132813 0.0763931274414063
-0.0258293151855469 0.0528488159179687 -0.004913330078125 0.0842361450195313
0.0056915283203125 0.0555496215820313 0.0319900512695313 0.079620361328125
0.0328102111816406 0.0382499694824219 0.0530624389648437 0.0513648986816406
0.0558853149414062 0.0118064880371094 0.0630111694335938 0.0218353271484375
0.0558357238769531 -0.00838851928710938 0.0439605712890625 0.012451171875
0.0474510192871094 -0.00622940063476562 0.0231037139892578 0.0188770294189453
0.05621337890625 -0.008392333984375 0.000703811645507819 0.0329761505126953
0.0606002807617188 0.0107002258300781 -0.0230770111083984 0.0345630645751953
0.0445594787597656 0.0387077331542969 -0.0478019714355469 0.0117263793945312
0.0202064514160156 0.0595588684082031 -0.0441322326660156 -0.0198898315429688
-0.0292549133300781 0.0616073608398438 -0.0092315673828125 -0.0454826354980469
-0.0712356567382813 0.0409317016601563 -0.00123786926269532 -0.0110158920288086
-0.0956268310546875 0.012939453125 -0.0412254333496094 0.00927352905273437
-0.0805740356445313 -0.0133056640625 -0.0420455932617188 0.0642051696777344
-0.0749893188476563 0.0215988159179687 -0.0666122436523438 0.0782699584960938
-0.0451316833496094 0.0459098815917969 -0.0249099731445313 0.0904083251953125
-0.0119781494140625 0.0624046325683594 0.0161285400390625 0.0811386108398438
0.0231895446777344 0.0521354675292969 0.0362510681152344 0.04931640625
0.0563812255859375 0.0297775268554688 0.0424156188964844 0.0254096984863281
0.0604400634765625 0.00635910034179688 0.0211830139160156 0.01837158203125
0.0505027770996094 0.00528717041015625 0.00268173217773438 0.0253696441650391
0.057281494140625 0.00510787963867188 -0.0159072875976563 0.0378761291503906
0.0559806823730469 0.0212173461914063 -0.0354537963867188 0.03692626953125
0.0360374450683594 0.0428848266601563 -0.0533866882324219 0.0160636901855469
0.0102348327636719 0.0568695068359375 -0.0470237731933594 -0.0123939514160156
-0.0336341857910156 0.0494346618652344 -0.0181369781494141 -0.03094482421875
-0.0655555725097656 0.0246353149414063 -0.0211009979248047 0.00529098510742187
-0.08380126953125 -0.00466918945312499 -0.0685234069824219 0.0137596130371094
-0.0516090393066406 -0.0303421020507812 -0.0706100463867187 0.0538482666015625
-0.0616607666015625 -0.00438690185546874 -0.0925979614257813 0.0701751708984375
-0.0481109619140625 0.0254745483398437 -0.0424118041992187 0.0867462158203125
-0.0266227722167969 0.04986572265625 0.000450134277343741 0.0732269287109375
0.0068206787109375 0.0511512756347656 0.0185546875 0.04071044921875
0.0424423217773438 0.0411605834960938 0.0191783905029297 0.0224971771240234
0.0534133911132813 0.0199737548828125 -0.00245475769042969 0.0198516845703125
0.0454673767089844 0.0155830383300781 -0.0187759399414063 0.0281162261962891
0.0515174865722656 0.017425537109375 -0.0323905944824219 0.0384864807128906
0.0466995239257813 0.0310745239257813 -0.0473365783691406 0.0342292785644531
0.0244636535644531 0.0460472106933594 -0.0565223693847656 0.0138893127441406
-0.00249099731445313 0.0527496337890625 -0.0457916259765625 -0.0100631713867188
-0.0406532287597656 0.035064697265625 -0.0212001800537109 -0.0205802917480469
-0.0595321655273438 0.00287628173828125 -0.0341014862060547 0.0127983093261719
-0.0648460388183594 -0.0263023376464844 -0.086761474609375 0.0106735229492187
-0.0121803283691406 -0.0388908386230469 -0.0842971801757813 0.0384979248046875
-0.0287876129150391 -0.0252323150634766 -0.104331970214844 0.05712890625
-0.0336761474609375 -0.00224876403808594 -0.0512237548828125 0.0788803100585938
-0.0316734313964844 0.0217723846435547 -0.00708389282226563 0.0602951049804688
-0.0112838745117187 0.0354080200195313 0.00763320922851562 0.0275764465332031
0.01849365234375 0.0419349670410156 -0.00104427337646484 0.0140848159790039
0.0359458923339844 0.0304336547851563 -0.0233535766601562 0.0159549713134766
0.0331840515136719 0.0242252349853516 -0.0373992919921875 0.0266609191894531
0.038818359375 0.0256805419921875 -0.0484657287597656 0.0347938537597656
0.0335769653320313 0.0368614196777344 -0.0586929321289063 0.0272636413574219
0.0127830505371094 0.0454330444335938 -0.0613861083984375 0.00666427612304688
-0.0140228271484375 0.0474090576171875 -0.045166015625 -0.0148200988769531
-0.0471000671386719 0.0204696655273437 -0.0220012664794922 -0.0184974670410156
-0.0513114929199219 -0.0196380615234375 -0.0419502258300781 0.0120429992675781
-0.0414390563964844 -0.047943115234375 -0.0981369018554688 0.000518798828124991
0.029266357421875 -0.0405998229980469 -0.0789566040039062 0.0257644653320313
0.00998306274414063 -0.0388755798339844 -0.0970077514648437 0.0467681884765625
-0.00927352905273437 -0.0276966094970703 -0.0479583740234375 0.0711212158203125
-0.0282745361328125 -0.0112781524658203 -0.00574874877929687 0.0504989624023438
-0.0263099670410156 0.01190185546875 0.00584316253662109 0.0163450241088867
-0.00863838195800781 0.0349388122558594 -0.0112686157226563 0.00292015075683594
0.0126800537109375 0.0362968444824219 -0.0357742309570313 0.00849151611328125
0.0156383514404297 0.0284004211425781 -0.0506134033203125 0.0210494995117188
0.0213775634765625 0.0296993255615234 -0.0612640380859375 0.0281448364257813
0.0166549682617188 0.0374031066894531 -0.0688819885253906 0.0169296264648438
0.000934600830078127 0.0396614074707031 -0.0658226013183594 -0.00345611572265624
-0.0216140747070313 0.0370445251464844 -0.0464324951171875 -0.0225334167480469
-0.04742431640625 0.00519180297851563 -0.024505615234375 -0.0242748260498047
-0.0379981994628906 -0.0380630493164062 -0.0464591979980469 -0.000835418701171883
-0.0144615173339844 -0.0629692077636719 -0.0988693237304687 -0.0166778564453125
-0.026702880859375 0.0627517700195313 0.0945510864257813 0.0228042602539063
0.0348320007324219 0.0530204772949219 0.04559326171875 0.0228271484375
0.043792724609375 -0.000392913818359375 0.0260391235351563 0.032989501953125
0.0264053344726563 -0.0237789154052734 0.0525550842285156 0.0399360656738281
0.00827598571777344 -0.0313301086425781 0.0745086669921875 0.0177536010742188
-0.0100669860839844 -0.0388755798339844 0.0794219970703125 -0.015899658203125
-0.0121040344238281 -0.0331249237060547 0.0724334716796875 -0.027496337890625
-0.00695037841796875 -0.0317173004150391 0.05718994140625 -0.0193328857421875
0.00276565551757812 -0.0438117980957031 0.0389900207519531 -0.00167465209960938
0.0306282043457031 -0.0317878723144531 0.0164241790771484 0.00771903991699219
0.046875 0.000247955322265625 -0.0122003555297852 -0.0109424591064453
0.0372428894042969 0.0309638977050781 -0.00538253784179687 -0.0422554016113281
-0.00360107421875001 0.0567054748535156 0.0483665466308594 -0.0699729919433594
-0.0426712036132813 0.0603561401367188 0.0872421264648438 -0.0486907958984375
-0.0675506591796875 0.0466880798339844 0.0618247985839844 -0.0109367370605469
-0.0596656799316406 0.0565299987792969 0.0776596069335938 0.0468368530273438
0.000877380371093748 0.0642509460449219 0.0349617004394531 0.0449447631835938
0.0273628234863281 0.0232219696044922 0.0257530212402344 0.0503158569335938
0.0270786285400391 0.00310897827148438 0.0542106628417969 0.0551567077636719
0.0223712921142578 -0.0110702514648438 0.0774383544921875 0.0308151245117188
0.0166950225830078 -0.0288333892822266 0.0861587524414062 -0.00388336181640625
0.0147361755371094 -0.0316238403320313 0.0759811401367188 -0.0156478881835938
0.0167865753173828 -0.027984619140625 0.0575942993164063 -0.00727462768554688
0.0284156799316406 -0.0369720458984375 0.0359420776367187 0.0115127563476562
0.0503501892089844 -0.0179672241210938 0.00913047790527344 0.0205802917480469
0.0550117492675781 0.0195884704589844 -0.0237102508544922 -0.000160217285156245
0.0358657836914063 0.0517692565917969 -0.0219058990478516 -0.0340404510498047
-0.0192642211914063 0.0704727172851563 0.0259933471679688 -0.0670661926269531
-0.0672683715820313 0.0632095336914063 0.0592269897460937 -0.0412139892578125
-0.0935516357421875 0.0431137084960937 0.0312843322753906 -0.000989913940429685
-0.086395263671875 0.0389175415039062 0.0475883483886719 0.0667877197265625
-0.037445068359375 0.0644645690917969 0.0120811462402344 0.0681114196777344
0.0020751953125 0.0452804565429687 0.0189590454101563 0.0702743530273438
0.0209865570068359 0.033935546875 0.0512237548828125 0.0708847045898437
0.0332546234130859 0.0146923065185547 0.074737548828125 0.0428009033203125
0.0424346923828125 -0.011688232421875 0.0846176147460938 0.00786590576171875
0.0406684875488281 -0.0247077941894531 0.0698165893554688 -0.0031585693359375
0.0376014709472656 -0.0202293395996094 0.0487442016601563 0.00540542602539062
0.0484504699707031 -0.0261192321777344 0.0256443023681641 0.0239353179931641
0.0621719360351563 -0.00457763671875 -0.00240516662597656 0.0315608978271484
0.0567855834960938 0.0318641662597656 -0.0356292724609375 0.0106658935546875
0.0332298278808594 0.0622711181640625 -0.03656005859375 -0.0233039855957031
-0.0255203247070312 0.0748291015625 0.00377655029296875 -0.0579643249511719
-0.0776214599609375 0.060791015625 0.0284538269042969 -0.0269336700439453
-0.105796813964844 0.0350723266601563 -0.00439167022705079 0.00978565216064453
-0.0988388061523437 0.0147857666015625 0.00676727294921875 0.07830810546875
-0.0697288513183594 0.0514373779296875 -0.0216827392578125 0.0849838256835938
-0.0263938903808594 0.0575065612792969 0.00370025634765624 0.087738037109375
0.0077972412109375 0.0598258972167969 0.04107666015625 0.08154296875
0.0362167358398438 0.0398101806640625 0.0624656677246094 0.0505294799804688
0.06048583984375 0.0092315673828125 0.0718917846679688 0.0181655883789063
0.0598297119140625 -0.0123519897460938 0.0526161193847656 0.0084381103515625
0.0519523620605469 -0.00905990600585938 0.0309677124023438 0.0167160034179688
0.0607872009277344 -0.0121383666992188 0.00994682312011719 0.03338623046875
0.0666007995605469 0.00823593139648438 -0.0143699645996094 0.0390396118164063
0.05194091796875 0.040008544921875 -0.0438690185546875 0.0193557739257813
0.0262947082519531 0.0644760131835938 -0.0451812744140625 -0.0126380920410156
-0.0288543701171875 0.0698509216308594 -0.0123710632324219 -0.0430068969726562
-0.077880859375 0.0504150390625 0.00135040283203124 -0.00777769088745117
-0.105499267578125 0.0217437744140625 -0.0386543273925781 0.0191116333007813
-0.0915451049804687 -0.0122909545898438 -0.0363311767578125 0.0774002075195313
-0.0843582153320313 0.0262832641601562 -0.0599136352539063 0.0906906127929687
-0.0493927001953125 0.05279541015625 -0.0166397094726563 0.0970077514648438
-0.0109024047851562 0.0705184936523438 0.0242843627929687 0.0840301513671875
0.0282859802246094 0.0573387145996094 0.0438766479492188 0.0494766235351563
0.0646743774414063 0.0299530029296875 0.0495376586914063 0.0223236083984375
0.0683975219726563 0.00244903564453125 0.0276145935058594 0.0169944763183594
0.057586669921875 0.002655029296875 0.00867080688476563 0.0250625610351563
0.0651817321777344 0.00244903564453125 -0.0081939697265625 0.0399131774902344
0.06475830078125 0.0209274291992188 -0.0281562805175781 0.0419349670410156
0.043304443359375 0.0466156005859375 -0.0497207641601563 0.0227127075195313
0.0148658752441406 0.0644989013671875 -0.0466346740722656 -0.00576019287109375
-0.0356903076171875 0.0582199096679688 -0.0190773010253906 -0.0270252227783203
-0.0749435424804688 0.030853271484375 -0.0187282562255859 0.0109825134277344
-0.0961837768554688 0.000656127929687501 -0.0685501098632813 0.0244636535644531
-0.0633125305175781 -0.0343780517578125 -0.0702285766601563 0.0670967102050781
-0.0737838745117188 -0.0039520263671875 -0.0902862548828125 0.0848541259765625
-0.0557975769042969 0.0308189392089844 -0.0351791381835938 0.0950241088867188
-0.0284996032714844 0.0593147277832031 0.00720214843749999 0.0767974853515625
0.0108184814453125 0.0589370727539063 0.0233497619628906 0.0409317016601563
0.0527992248535156 0.0437889099121094 0.0233097076416016 0.0209999084472656
0.0633087158203125 0.0175247192382813 0.00076103210449219 0.0206623077392578
0.0550537109375 0.0140380859375 -0.0153331756591797 0.0301628112792969
0.0617408752441406 0.0151824951171875 -0.0281982421875 0.0414695739746094
0.0574760437011719 0.0320014953613281 -0.0423736572265625 0.038726806640625
0.0328140258789063 0.0513839721679688 -0.0540428161621094 0.019683837890625
0.00164413452148438 0.06219482421875 -0.0454673767089844 -0.00476837158203126
-0.0453681945800781 0.0441398620605469 -0.021728515625 -0.0169219970703125
-0.0714340209960938 0.00717163085937499 -0.032766342163086 0.0202655792236328
-0.0791015625 -0.02593994140625 -0.0898513793945313 0.0213546752929687
-0.0213737487792969 -0.0476570129394531 -0.088592529296875 0.0499267578125
-0.0400199890136719 -0.0303382873535156 -0.105674743652344 0.07135009765625
-0.0429267883300781 -0.000663757324218741 -0.0454254150390625 0.0870742797851563
-0.0367584228515625 0.0299034118652344 -0.00210189819335937 0.0633087158203125
-0.00994110107421875 0.0443801879882813 0.00983619689941406 0.0272331237792969
0.0278511047363281 0.0477561950683594 0.000314712524414065 0.0139493942260742
0.0468215942382813 0.03009033203125 -0.023956298828125 0.0185604095458984
0.0425300598144531 0.0237083435058594 -0.0373954772949219 0.0307044982910156
0.0493965148925781 0.0250053405761719 -0.047088623046875 0.0394058227539062
0.0443763732910156 0.0388298034667969 -0.0568962097167969 0.0315589904785156
0.0207939147949219 0.0516700744628906 -0.061187744140625 0.0112342834472656
-0.0102348327636719 0.0572624206542969 -0.0457878112792969 -0.0105781555175781
-0.0526466369628906 0.0294609069824219 -0.0227241516113281 -0.0153160095214844
-0.0643768310546875 -0.0167160034179688 -0.0429954528808594 0.0186653137207031
-0.056549072265625 -0.0512351989746094 -0.104652404785156 0.00923156738281251
0.0245132446289063 -0.0528488159179688 -0.0857696533203125 0.032989501953125
0.001434326171875 -0.0486335754394531 -0.1014404296875 0.0584564208984375
-0.0187301635742188 -0.0307865142822266 -0.0429534912109375 0.0783767700195313
-0.0360832214355469 -0.00617599487304687 -0.00160980224609375 0.0508308410644531
-0.0281715393066406 0.0205440521240234 0.0057535171508789 0.0138406753540039
-0.00209808349609375 0.0424079895019531 -0.0143623352050781 0.00295066833496094
0.0223159790039062 0.0383415222167969 -0.0406150817871094 0.011566162109375
0.0242767333984375 0.0292892456054688 -0.0535163879394531 0.0268440246582031
0.0308685302734375 0.0305881500244141 -0.063446044921875 0.0335731506347656
0.0269622802734375 0.0394554138183594 -0.0706634521484375 0.0212020874023438
0.00756072998046875 0.0455093383789063 -0.068756103515625 0.000534057617187494
-0.0190010070800781 0.0464973449707031 -0.0486526489257812 -0.0201759338378906
-0.0531806945800781 0.0131721496582031 -0.0263710021972656 -0.0218563079833984
-0.0505638122558594 -0.0367546081542969 -0.0511131286621094 0.00508880615234374
-0.0270423889160156 -0.0693702697753906 -0.109344482421875 -0.011383056640625
-0.0175323486328125 0.06787109375 0.105857849121094 0.0184097290039063
0.0443305969238281 0.049560546875 0.0522956848144531 0.0177383422851563
0.0455436706542969 -0.00796127319335938 0.0280666351318359 0.0309257507324219
0.0235481262207031 -0.0294628143310547 0.0554847717285156 0.0394859313964844
0.00261688232421875 -0.0341014862060547 0.079010009765625 0.01580810546875
-0.0184593200683594 -0.0382499694824219 0.0835494995117188 -0.0194473266601563
-0.0185413360595703 -0.0312576293945313 0.0770034790039063 -0.0334548950195313
-0.0128135681152344 -0.0307483673095703 0.0619697570800781 -0.025146484375
-0.00538253784179688 -0.0450553894042969 0.0456466674804687 -0.00496673583984375
0.0261344909667969 -0.0376243591308594 0.0230693817138672 0.00756454467773437
0.0484580993652344 -0.00748443603515625 -0.00920772552490234 -0.00697040557861328
0.0438423156738281 0.0257949829101562 -0.00695037841796875 -0.0390586853027344
0.0050811767578125 0.0606307983398438 0.044097900390625 -0.0732269287109375
-0.0356826782226563 0.0716400146484375 0.089996337890625 -0.0564804077148437
-0.0635910034179688 0.059661865234375 0.0704116821289063 -0.0136184692382812
-0.0556488037109375 0.0630760192871094 0.0914077758789063 0.0452194213867188
0.00725936889648438 0.0636825561523438 0.0439605712890625 0.0424003601074219
0.0288848876953125 0.0190162658691406 0.0297012329101563 0.0490798950195313
0.0255603790283203 -0.000179290771484375 0.059295654296875 0.0551223754882813
0.0192298889160156 -0.0126838684082031 0.0843658447265625 0.0283889770507813
0.0118694305419922 -0.0288658142089844 0.0927276611328125 -0.0091552734375
0.0112209320068359 -0.0319995880126953 0.0827178955078125 -0.0223464965820313
0.0139274597167969 -0.0286045074462891 0.0645217895507813 -0.0138282775878906
0.0235137939453125 -0.0394172668457031 0.0446739196777344 0.00790786743164062
0.0492362976074219 -0.0236892700195313 0.0182876586914063 0.0208778381347656
0.0589332580566406 0.0141410827636719 -0.0189113616943359 0.0048370361328125
0.0428085327148438 0.050140380859375 -0.0221309661865234 -0.0286579132080078
-0.0125808715820313 0.0766830444335938 0.0223426818847656 -0.0680351257324219
-0.06512451171875 0.0752716064453125 0.0623664855957031 -0.0453948974609375
-0.0940017700195313 0.0562210083007812 0.040283203125 0.00112152099609375
-0.08868408203125 0.0455245971679688 0.0608940124511719 0.06890869140625
-0.0355720520019531 0.0678634643554688 0.02239990234375 0.0685310363769531
0.00283050537109375 0.0453605651855469 0.0246772766113281 0.0699462890625
0.02191162109375 0.0342769622802734 0.0582199096679688 0.0703353881835938
0.0340232849121094 0.0142631530761719 0.0820541381835938 0.0403976440429688
0.0422554016113281 -0.0133171081542969 0.0920028686523438 0.00228118896484375
0.0409355163574219 -0.0265617370605469 0.076904296875 -0.009185791015625
0.0383186340332031 -0.0222282409667969 0.0562171936035156 -0.000717163085937501
0.0484199523925781 -0.0290908813476563 0.0343704223632813 0.0207881927490234
0.06488037109375 -0.00887680053710937 0.00747871398925782 0.0326576232910156
0.0621299743652344 0.0297622680664063 -0.0295429229736328 0.0161304473876953
0.0401458740234375 0.0635032653808594 -0.0355033874511719 -0.0168304443359375
-0.0216140747070313 0.0816574096679688 0.000949859619140629 -0.0565109252929688
-0.0792312622070313 0.0722274780273437 0.0316143035888672 -0.0271644592285156
-0.110671997070312 0.0467987060546875 0.00326824188232421 0.0148258209228516
-0.10614013671875 0.01995849609375 0.0189208984375 0.0842819213867188
-0.0734024047851563 0.0569686889648438 -0.011322021484375 0.0895462036132812
-0.0277061462402344 0.0618324279785156 0.0114288330078125 0.0887527465820312
0.00983428955078126 0.0644569396972656 0.0477981567382813 0.0820541381835938
0.0401039123535156 0.0420341491699219 0.0698356628417969 0.0481758117675781
0.0644798278808594 0.0074462890625 0.0793609619140625 0.0129928588867187
0.0639076232910156 -0.0164299011230469 0.0593223571777344 0.00363540649414062
0.0562820434570312 -0.0121574401855469 0.0382843017578125 0.0122299194335938
0.06488037109375 -0.0157089233398438 0.0189208984375 0.0315666198730469
0.0724029541015625 0.0054168701171875 -0.00518417358398437 0.0399703979492188
0.0588874816894531 0.0407943725585937 -0.0374641418457031 0.0240478515625
0.0328712463378906 0.0684127807617188 -0.0426216125488281 -0.0062408447265625
-0.0276718139648438 0.0778579711914063 -0.0127677917480469 -0.0403327941894531
-0.0828628540039063 0.0604934692382812 0.00586891174316406 -0.00537776947021484
-0.113983154296875 0.0309295654296875 -0.0326404571533203 0.0270709991455078
-0.10345458984375 -0.00980377197265624 -0.0283889770507813 0.0870819091796875
-0.0934295654296875 0.0322341918945313 -0.0515899658203125 0.0991897583007813
-0.0533332824707031 0.0596961975097656 -0.00882720947265626 0.0996627807617188
-0.00887298583984374 0.078521728515625 0.031158447265625 0.0848922729492188
0.03399658203125 0.0618247985839844 0.0497169494628906 0.04779052734375
0.072601318359375 0.0285568237304687 0.0554046630859375 0.0187530517578125
0.0753402709960938 -0.001739501953125 0.0329971313476563 0.0141410827636719
0.0646629333496094 -0.0006103515625 0.0138359069824219 0.0231761932373047
0.0730819702148438 -0.00118255615234375 -0.00202178955078125 0.0387496948242188
0.0734024047851563 0.0189590454101563 -0.0207481384277344 0.0427169799804687
0.0516242980957031 0.0495414733886719 -0.0443458557128906 0.0267486572265625
0.0209503173828125 0.0710372924804687 -0.0437393188476563 -0.000537872314453113
-0.0372200012207031 0.0670394897460938 -0.0179538726806641 -0.0240917205810547
-0.083282470703125 0.0396270751953125 -0.0137662887573242 0.0154314041137695
-0.107795715332031 0.00705718994140627 -0.0650672912597656 0.0337905883789062
-0.0763931274414062 -0.0364456176757813 -0.066986083984375 0.0782318115234375
-0.0858154296875 -0.000564575195312501 -0.0855255126953125 0.095245361328125
-0.0628433227539063 0.0374832153320313 -0.0282821655273438 0.0992050170898438
-0.028289794921875 0.0690460205078125 0.0123519897460938 0.0778121948242188
0.0167503356933594 0.0663032531738281 0.0275115966796875 0.0398635864257813
0.0627555847167969 0.0444107055664063 0.0272674560546875 0.0193328857421875
0.0730056762695313 0.0137710571289063 0.00324249267578125 0.0201244354248047
0.0631523132324219 0.0106048583984375 -0.0120582580566406 0.0302791595458984
0.0713729858398438 0.0120391845703125 -0.0241546630859375 0.0419960021972656
0.0681991577148438 0.030487060546875 -0.0377464294433594 0.0397224426269531
0.0409011840820313 0.0556564331054687 -0.0506629943847656 0.0219802856445312
0.00716400146484374 0.0704116821289063 -0.043243408203125 -0.001922607421875
-0.0480194091796875 0.0541534423828125 -0.0198116302490234 -0.0141525268554687
-0.0825347900390625 0.0145263671875 -0.0289134979248047 0.025634765625
-0.09295654296875 -0.0218429565429688 -0.0905838012695313 0.0305099487304687
-0.0331001281738281 -0.0544853210449219 -0.09100341796875 0.06036376953125
-0.0533256530761719 -0.0318260192871094 -0.104995727539063 0.0825576782226563
-0.0522804260253906 0.00331497192382812 -0.0400924682617188 0.0923614501953125
-0.0403099060058594 0.0393867492675781 0.00117111206054687 0.0635795593261719
-0.00560760498046876 0.0528335571289063 0.0108757019042969 0.0258331298828125
0.0382499694824219 0.0509796142578125 0.000177383422851564 0.0131721496582031
0.0571250915527344 0.0278167724609375 -0.0241718292236328 0.0207233428955078
0.0518569946289063 0.0209693908691406 -0.0366134643554687 0.0340118408203125
0.0593338012695313 0.022308349609375 -0.0462532043457031 0.0421371459960938
0.0556793212890625 0.0383033752441406 -0.0554924011230469 0.0337181091308594
0.0292510986328125 0.0563735961914063 -0.0600738525390625 0.0131568908691406
-0.00477218627929688 0.0657386779785156 -0.0450515747070313 -0.00866317749023436
-0.0563392639160156 0.0393257141113281 -0.0211811065673828 -0.0132369995117188
-0.0768356323242188 -0.0115280151367188 -0.041595458984375 0.0246315002441406
-0.0707626342773437 -0.0503768920898438 -0.109115600585938 0.0172500610351562
0.0161819458007813 -0.062835693359375 -0.09136962890625 0.0410232543945313
-0.00931930541992188 -0.0547561645507813 -0.102294921875 0.06829833984375
-0.0280647277832031 -0.0311775207519531 -0.0380706787109375 0.082183837890625
-0.0423088073730469 0.000583648681640625 0.000934600830078122 0.0496063232421875
-0.0270214080810547 0.0290279388427734 0.00408458709716797 0.0116758346557617
0.00723648071289063 0.0478057861328125 -0.0175514221191406 0.00243759155273438
0.032073974609375 0.0377197265625 -0.0444984436035156 0.0154228210449219
0.0323905944824219 0.0281715393066406 -0.0563430786132813 0.0322113037109375
0.0395622253417969 0.0284767150878906 -0.0653915405273438 0.0385894775390625
0.0367584228515625 0.0392074584960938 -0.0720672607421875 0.0241317749023438
0.0154037475585938 0.0492324829101562 -0.0700263977050781 0.0023193359375
-0.0136070251464844 0.0541458129882813 -0.0495033264160156 -0.0185928344726563
-0.0566902160644531 0.0226974487304688 -0.02587890625 -0.02001953125
-0.0623283386230469 -0.0330581665039062 -0.0538063049316406 0.0116386413574219
-0.0408096313476562 -0.0716018676757813 -0.117820739746094 -0.00508117675781253
-0.00951385498046876 0.0710906982421875 0.116905212402344 0.0132369995117188
0.0519065856933594 0.0447273254394531 0.0583343505859375 0.0123825073242188
0.0458450317382812 -0.0144386291503906 0.0291213989257813 0.0298633575439453
0.0200366973876953 -0.034210205078125 0.0588150024414063 0.0407600402832031
-0.0027313232421875 -0.0356559753417969 0.0842437744140625 0.0149688720703125
-0.0253372192382812 -0.0362701416015625 0.08905029296875 -0.0220870971679688
-0.0241260528564453 -0.0288829803466797 0.0825271606445313 -0.0396881103515625
-0.0173625946044922 -0.0289020538330078 0.0671501159667969 -0.0315284729003906
-0.0122261047363281 -0.0446968078613281 0.052215576171875 -0.009765625
0.0206413269042969 -0.0419578552246094 0.0305023193359375 0.0061492919921875
0.0489883422851563 -0.0147895812988281 -0.00469779968261718 -0.00442934036254883
0.048675537109375 0.0207481384277344 -0.006072998046875 -0.0363388061523437
0.0137596130371094 0.063446044921875 0.0428314208984375 -0.0751724243164063
-0.0280838012695312 0.0805282592773437 0.09381103515625 -0.063873291015625
-0.0583267211914063 0.0699844360351563 0.0803909301757812 -0.0173492431640625
-0.053009033203125 0.0681114196777344 0.1043701171875 0.0429458618164063
0.0117988586425781 0.0632820129394531 0.0517768859863281 0.0385627746582031
0.028594970703125 0.0155487060546875 0.0322303771972656 0.0482139587402344
0.0236835479736328 -0.00125885009765625 0.0640640258789063 0.0563774108886719
0.0169572830200195 -0.0131988525390625 0.0907516479492188 0.02734375
0.00813674926757813 -0.0288829803466797 0.0993881225585938 -0.0132522583007813
0.00927734375 -0.0313034057617187 0.0895919799804688 -0.0297775268554688
0.0124549865722656 -0.0287494659423828 0.071319580078125 -0.021331787109375
0.020904541015625 -0.0409164428710938 0.0527000427246094 0.00258255004882812
0.0481224060058594 -0.0272979736328125 0.0269908905029297 0.0196323394775391
0.0617752075195313 0.00998687744140625 -0.0128135681152344 0.0081634521484375
0.0491142272949219 0.0488548278808594 -0.0199985504150391 -0.0240936279296875
-0.00682830810546875 0.0821456909179688 0.0211219787597656 -0.0684928894042969
-0.062103271484375 0.0860977172851563 0.067169189453125 -0.0494308471679687
-0.09478759765625 0.0679168701171875 0.0499839782714844 0.000862121582031254
-0.09173583984375 0.0518951416015625 0.0745391845703125 0.0696868896484375
-0.0359649658203125 0.0711669921875 0.0313911437988281 0.0670127868652344
0.00138092041015625 0.0464668273925781 0.0287551879882813 0.0697059631347656
0.0223007202148437 0.0361824035644531 0.0634994506835938 0.0716781616210938
0.0351829528808594 0.0156364440917969 0.0895538330078125 0.0389862060546875
0.04241943359375 -0.0141983032226562 0.0998611450195313 -0.00252532958984375
0.0423431396484375 -0.0286941528320313 0.0843353271484375 -0.016998291015625
0.040191650390625 -0.023895263671875 0.0624961853027344 -0.00738525390625
0.0496368408203125 -0.0320358276367188 0.0426902770996094 0.0160255432128906
0.0676803588867188 -0.0122413635253906 0.0164890289306641 0.0311317443847656
0.0672187805175781 0.0284423828125 -0.0231227874755859 0.0191020965576172
0.0465469360351562 0.0651359558105469 -0.0324325561523438 -0.0124568939208984
-0.0185928344726562 0.0894012451171875 0.00118255615234375 -0.055450439453125
-0.08056640625 0.0833206176757813 0.0366439819335937 -0.0288658142089844
-0.116119384765625 0.0580062866210938 0.0125274658203125 0.0180625915527344
-0.115089416503906 0.0253372192382812 0.0300827026367188 0.0889205932617188
-0.0785446166992188 0.0637283325195312 -0.00267028808593751 0.0917434692382813
-0.0300025939941406 0.0672035217285156 0.0163040161132813 0.0891799926757813
0.0118179321289062 0.0703125 0.05364990234375 0.0836410522460938
0.0442314147949219 0.045318603515625 0.0762863159179688 0.0471954345703125
0.0693588256835938 0.00606918334960938 0.0864944458007813 0.00830078125
0.0684013366699219 -0.0205116271972656 0.0660476684570313 -0.00183486938476563
0.0613517761230469 -0.0149803161621094 0.0444869995117188 0.00669097900390625
0.0699195861816406 -0.0192413330078125 0.0254726409912109 0.0274181365966797
0.079315185546875 0.00262451171875 0.00255966186523438 0.038421630859375
0.0660400390625 0.0424308776855469 -0.0314769744873047 0.0266551971435547
0.0390167236328125 0.0739059448242188 -0.0392570495605469 -0.00238800048828124
-0.027099609375 0.0868453979492188 -0.0117454528808594 -0.0387039184570313
-0.088623046875 0.071258544921875 0.0113410949707031 -0.00478172302246093
-0.122566223144531 0.0409088134765625 -0.0253391265869141 0.0321254730224609
-0.116226196289063 -0.00685119628906252 -0.020721435546875 0.0946731567382813
-0.103622436523438 0.0391616821289063 -0.0451202392578125 0.104545593261719
-0.0582122802734375 0.0668144226074219 -0.00415802001953126 0.101692199707031
-0.00746154785156251 0.0875778198242187 0.0360183715820313 0.0872116088867188
0.0402946472167969 0.0669746398925781 0.0548248291015625 0.0467414855957031
0.0811767578125 0.0279388427734375 0.0608787536621094 0.0154075622558594
0.0829696655273438 -0.00659942626953125 0.0375328063964844 0.0110702514648438
0.0718765258789063 -0.00466156005859375 0.0181846618652344 0.0199775695800781
0.08087158203125 -0.005859375 0.00316619873046876 0.0364189147949219
0.0826416015625 0.0164413452148437 -0.0149993896484375 0.0413627624511719
0.06005859375 0.0528144836425781 -0.0394630432128906 0.0278053283691406
0.027313232421875 0.0780181884765625 -0.0405845642089844 0.00197982788085937
-0.0384292602539062 0.0769577026367188 -0.0154571533203125 -0.0233497619628906
-0.092315673828125 0.0496749877929688 -0.00866889953613282 0.0181903839111328
-0.119369506835938 0.0144577026367188 -0.0609092712402344 0.0404701232910156
-0.0912399291992187 -0.0367584228515625 -0.0649185180664062 0.0875701904296875
-0.0991973876953125 0.00413513183593752 -0.0822067260742187 0.104057312011719
-0.07012939453125 0.0451774597167969 -0.02398681640625 0.102462768554688
-0.0279083251953125 0.0800018310546875 0.0159530639648438 0.07958984375
0.0232391357421875 0.073486328125 0.0301437377929688 0.0394515991210938
0.0735855102539063 0.0445098876953125 0.0299034118652344 0.0177478790283203
0.0821075439453125 0.00897979736328125 0.00544357299804688 0.0197601318359375
0.0715866088867188 0.0061798095703125 -0.00996780395507812 0.0304107666015625
0.0809402465820313 0.00704193115234375 -0.0223045349121094 0.0421333312988281
0.0789413452148438 0.0288162231445313 -0.0351829528808594 0.0395317077636719
0.05084228515625 0.0593833923339844 -0.0486526489257813 0.0224266052246094
0.014373779296875 0.0786361694335938 -0.0412254333496094 -0.000827789306640615
-0.0505638122558594 0.0642967224121094 -0.0168771743774414 -0.0137481689453125
-0.0937652587890625 0.0231475830078125 -0.0251808166503906 0.0297927856445313
-0.10675048828125 -0.016998291015625 -0.0898361206054688 0.037506103515625
-0.0460128784179688 -0.0584564208984375 -0.0936279296875 0.0699996948242188
-0.0672721862792969 -0.0306472778320313 -0.105209350585937 0.0924224853515625
-0.0610885620117188 0.00875473022460939 -0.0365829467773438 0.0955429077148438
-0.0419998168945313 0.0495071411132812 0.002838134765625 0.0647087097167969
-0.00101852416992187 0.0610580444335938 0.0107593536376953 0.0253067016601563
0.0494651794433594 0.05291748046875 -0.000226020812988278 0.0124979019165039
0.0671768188476563 0.0241546630859375 -0.0250244140625 0.0235061645507812
0.0602302551269531 0.0172271728515625 -0.0372848510742187 0.0368766784667969
0.0691719055175781 0.0182609558105469 -0.047210693359375 0.0443115234375
0.0670127868652344 0.0355987548828125 -0.0560073852539063 0.0350456237792969
0.0382194519042969 0.0595245361328125 -0.0603752136230469 0.0134620666503906
0.00202178955078125 0.0742874145507813 -0.0441131591796875 -0.00831985473632812
-0.058837890625 0.0491981506347656 -0.0189952850341797 -0.0127773284912109
-0.088714599609375 -0.00388336181640625 -0.0402793884277344 0.0300025939941406
-0.0853729248046875 -0.0477142333984375 -0.113517761230469 0.0242691040039062
0.00672149658203126 -0.070831298828125 -0.0989913940429688 0.0489730834960937
-0.0206108093261719 -0.0583610534667969 -0.1058349609375 0.0768203735351563
-0.0366325378417969 -0.0296249389648437 -0.035797119140625 0.0853347778320313
-0.0468559265136719 0.00814819335937499 0.000480651855468745 0.0485191345214844
-0.0247993469238281 0.0371818542480469 0.00112342834472656 0.0104560852050781
0.0159568786621094 0.0509529113769531 -0.0216560363769531 0.00340080261230469
0.0416336059570313 0.0352134704589844 -0.0485382080078125 0.0197639465332031
0.0401039123535156 0.0250625610351562 -0.05914306640625 0.0376701354980469
0.0479202270507813 0.025299072265625 -0.0688209533691406 0.0435409545898438
0.045806884765625 0.037353515625 -0.0758514404296875 0.0262069702148438
0.0235824584960938 0.0522232055664063 -0.0729598999023437 0.00297546386718751
-0.007843017578125 0.06060791015625 -0.0504722595214844 -0.0187835693359375
-0.0587692260742187 0.0312080383300781 -0.0255622863769531 -0.0190296173095703
-0.07330322265625 -0.02801513671875 -0.0554275512695313 0.0168685913085938
-0.0534896850585937 -0.072265625 -0.126930236816406 0.000495910644531243
-0.00284576416015624 0.074554443359375 0.129432678222656 0.00724029541015625
0.0586509704589844 0.0401802062988281 0.0632972717285156 0.00680160522460938
0.0460281372070313 -0.0204505920410156 0.0303440093994141 0.0301685333251953
0.01605224609375 -0.0382461547851563 0.0636672973632813 0.042938232421875
-0.00770187377929688 -0.03656005859375 0.09228515625 0.0144424438476562
-0.0321884155273438 -0.0336170196533203 0.0968856811523438 -0.0272903442382813
-0.0283851623535156 -0.0256061553955078 0.0896148681640625 -0.048553466796875
-0.0213832855224609 -0.0269203186035156 0.0733261108398438 -0.0400619506835938
-0.0191230773925781 -0.0437545776367188 0.0596656799316406 -0.0170326232910156
0.0156021118164063 -0.0459327697753906 0.0382614135742188 0.0028076171875
0.0491142272949219 -0.0217666625976563 0.00062966346740723 -0.00338435173034668
0.0532188415527344 0.0159111022949219 -0.00355529785156249 -0.0352096557617188
0.0220909118652344 0.0656166076660156 0.0429916381835937 -0.0788040161132813
-0.01971435546875 0.0892333984375 0.099517822265625 -0.0733795166015625
-0.0529861450195312 0.0803298950195313 0.0923614501953125 -0.0234298706054687
-0.0518951416015625 0.0732269287109375 0.119255065917969 0.039398193359375
0.0153579711914062 0.0635986328125 0.0589752197265625 0.0345802307128906
0.0283489227294922 0.0135917663574219 0.0354537963867188 0.0479583740234375
0.0228862762451172 -0.00263404846191406 0.07073974609375 0.0583724975585938
0.0152645111083984 -0.0132207870483398 0.0996322631835938 0.0262680053710938
0.00557899475097657 -0.0275211334228516 0.109024047851563 -0.0190811157226563
0.00777816772460937 -0.0312976837158203 0.0978927612304688 -0.039581298828125
0.0115432739257813 -0.0288867950439453 0.07830810546875 -0.0303573608398438
0.0184745788574219 -0.042327880859375 0.0609664916992188 -0.00479507446289063
0.0477256774902344 -0.0319480895996094 0.036407470703125 0.01654052734375
0.0659217834472656 0.005828857421875 -0.00658702850341796 0.00959396362304688
0.0555610656738281 0.0475616455078125 -0.0165271759033203 -0.0218620300292969
-0.000816345214843756 0.0879135131835938 0.0218467712402344 -0.0697479248046875
-0.05908203125 0.098297119140625 0.0731201171875 -0.05596923828125
-0.0951919555664063 0.0804595947265625 0.0622749328613281 -0.00145339965820312
-0.0972518920898437 0.0589218139648438 0.08941650390625 0.0701675415039063
-0.0373001098632813 0.0771560668945313 0.0396957397460938 0.0658798217773438
0.00052642822265625 0.0495719909667969 0.0327911376953125 0.0706024169921875
0.0232009887695312 0.0399513244628906 0.0708084106445313 0.0744705200195313
0.0371360778808594 0.017303466796875 0.0985488891601563 0.0379791259765625
0.0445175170898438 -0.0143585205078125 0.108963012695312 -0.00860595703125
0.0445175170898438 -0.0314674377441406 0.092315673828125 -0.0252609252929688
0.0431671142578125 -0.0265731811523438 0.069793701171875 -0.0165748596191406
0.0522956848144531 -0.0350837707519531 0.0510406494140625 0.00950241088867188
0.072174072265625 -0.0158615112304688 0.0266933441162109 0.0282611846923828
0.074615478515625 0.02728271484375 -0.0167427062988281 0.0206718444824219
0.0538787841796875 0.0685691833496094 -0.0286540985107422 -0.00942993164062499
-0.0150985717773438 0.0984954833984375 0.00206756591796874 -0.0562744140625
-0.0826492309570312 0.097564697265625 0.042755126953125 -0.0330352783203125
-0.122459411621094 0.0707778930664063 0.0233860015869141 0.0188980102539063
-0.1265869140625 0.0329360961914063 0.0423049926757812 0.0932540893554687
-0.085235595703125 0.072845458984375 0.004608154296875 0.0940170288085937
-0.0332794189453125 0.0748748779296875 0.0209579467773437 0.0918121337890625
0.0150146484375 0.0786972045898438 0.060516357421875 0.08685302734375
0.0505714416503906 0.0493202209472656 0.0845108032226562 0.0460662841796875
0.07666015625 0.0040740966796875 0.0943222045898438 0.0024261474609375
0.0751190185546875 -0.0251693725585937 0.0730133056640625 -0.0086517333984375
0.067840576171875 -0.019256591796875 0.0496559143066406 0.000442504882812499
0.0776596069335938 -0.0244369506835938 0.0318470001220703 0.0229206085205078
0.08807373046875 -0.0012054443359375 0.0105094909667969 0.0364952087402344
0.0758514404296875 0.0434799194335938 -0.0261745452880859 0.0273113250732422
0.0478134155273437 0.0796890258789063 -0.0351448059082031 0.000127792358398437
-0.0261688232421875 0.0973892211914063 -0.00971603393554688 -0.0392227172851563
-0.0946578979492188 0.085205078125 0.0172309875488281 -0.0057840347290039
-0.132865905761719 0.0525665283203125 -0.0174560546875 0.0362396240234375
-0.132034301757812 -0.000305175781249979 -0.012847900390625 0.103134155273438
-0.114898681640625 0.04913330078125 -0.0399703979492188 0.111412048339844
-0.0639724731445313 0.0782241821289063 2.54269881586273E-18 0.105499267578125
-0.00420379638671875 0.0991744995117188 0.04150390625 0.0909576416015625
0.048553466796875 0.0733795166015625 0.0608787536621094 0.0472908020019531
0.09173583984375 0.025970458984375 0.0671653747558594 0.0111885070800781
0.0923919677734375 -0.0129241943359375 0.0418701171875 0.00747299194335937
0.080596923828125 -0.00977325439453125 0.0218448638916016 0.0171947479248047
0.0907440185546875 -0.01190185546875 0.00678443908691407 0.0345821380615234
0.0943756103515625 0.01312255859375 -0.0103683471679687 0.0401725769042969
0.071441650390625 0.0559768676757813 -0.0365104675292969 0.0282058715820313
0.0365676879882812 0.086273193359375 -0.0381851196289063 0.00283432006835938
-0.03912353515625 0.089324951171875 -0.0131206512451172 -0.0239009857177734
-0.102279663085937 0.0631256103515625 -0.0027313232421875 0.0193920135498047
-0.133552551269531 0.024658203125 -0.0566787719726563 0.04632568359375
-0.107795715332031 -0.0341720581054688 -0.0630111694335937 0.0979766845703125
-0.11358642578125 0.01226806640625 -0.0814285278320313 0.113471984863281
-0.0779495239257812 0.0556640625 -0.02099609375 0.107559204101562
-0.0267257690429688 0.0930633544921875 0.019317626953125 0.083160400390625
0.0313949584960937 0.08111572265625 0.0325126647949219 0.0403099060058594
0.0861740112304688 0.0437088012695313 0.0319671630859375 0.0153961181640625
0.0927963256835937 0.0022735595703125 0.00697135925292969 0.0197734832763672
0.0815658569335938 0.00098419189453125 -0.00911903381347656 0.03082275390625
0.0918807983398437 0.0004730224609375 -0.0214805603027344 0.0429191589355469
0.0914688110351562 0.0253143310546875 -0.0341796875 0.0397834777832031
0.0625991821289063 0.0630531311035156 -0.0486831665039063 0.0220756530761719
0.023223876953125 0.0879974365234375 -0.0401992797851563 -0.000888824462890627
-0.0523834228515625 0.0767974853515625 -0.0148000717163086 -0.0151309967041016
-0.10540771484375 0.0350265502929688 -0.0212688446044922 0.0330295562744141
-0.122550964355469 -0.00926971435546878 -0.0909194946289063 0.0452499389648438
-0.0613479614257812 -0.0605239868164063 -0.097625732421875 0.081451416015625
-0.0812759399414063 -0.0269317626953125 -0.107528686523438 0.102874755859375
-0.0707931518554688 0.0160903930664063 -0.0348434448242188 0.100418090820313
-0.0435066223144531 0.0618438720703125 0.00317764282226562 0.067535400390625
0.00560379028320312 0.0700531005859375 0.00991630554199219 0.0259685516357422
0.0618782043457031 0.0529708862304688 -0.00160789489746093 0.0130081176757813
0.0773696899414062 0.0179214477539063 -0.0273475646972656 0.0265998840332031
0.0694351196289063 0.0120048522949219 -0.0389633178710937 0.0407638549804688
0.0796585083007813 0.011993408203125 -0.0493621826171875 0.0481491088867187
0.078094482421875 0.0330429077148438 -0.0587997436523438 0.036041259765625
0.0493087768554688 0.0633010864257813 -0.0632858276367188 0.0140304565429688
0.0103759765625 0.0827255249023438 -0.0453605651855469 -0.00979995727539062
-0.0611724853515625 0.0609512329101562 -0.0175180435180664 -0.0136318206787109
-0.101020812988281 0.00568389892578124 -0.0395278930664063 0.0347862243652344
-0.100906372070313 -0.0434188842773437 -0.119255065917969 0.0316390991210937
-0.00383758544921874 -0.0772857666015625 -0.107337951660156 0.0587844848632812
-0.0331993103027344 -0.0609207153320312 -0.110588073730469 0.0872039794921875
-0.0459136962890625 -0.0273017883300781 -0.0346450805664062 0.0899276733398438
-0.0513420104980469 0.0164833068847656 -0.000686645507812498 0.0496101379394531
-0.0212669372558594 0.0450859069824219 -0.0025787353515625 0.0108270645141602
0.0256195068359375 0.05303955078125 -0.0263729095458984 0.00554656982421876
0.0496482849121094 0.031646728515625 -0.0534515380859375 0.0262908935546875
0.0473365783691406 0.0213394165039063 -0.0631141662597656 0.04473876953125
0.0565605163574219 0.020965576171875 -0.07342529296875 0.0499954223632812
0.0551033020019531 0.0349922180175781 -0.0817031860351563 0.03009033203125
0.0319709777832031 0.0549354553222656 -0.0784683227539063 0.00376892089843749
-0.00139236450195312 0.0678863525390625 -0.0534477233886719 -0.02044677734375
-0.0609817504882812 0.0406913757324219 -0.0252819061279297 -0.0197658538818359
-0.0840377807617188 -0.0214614868164062 -0.0571060180664063 0.0233573913574219
-0.0673446655273437 -0.0710983276367188 -0.13763427734375 0.00727844238281249
0.0048980712890625 0.0775680541992187 0.143402099609375 -0.0025787353515625
0.0668411254882813 0.0349960327148438 0.0684776306152344 -0.000751495361328123
0.0452232360839844 -0.0275650024414063 0.0327110290527344 0.0303955078125
0.0115509033203125 -0.04229736328125 0.0712738037109375 0.0443191528320313
-0.0133247375488281 -0.0369720458984375 0.102005004882812 0.0115814208984375
-0.03857421875 -0.0297012329101563 0.106552124023438 -0.035125732421875
-0.0332088470458984 -0.0220756530761719 0.0960464477539063 -0.0604019165039063
-0.0255146026611328 -0.0240039825439453 0.0784530639648437 -0.0521469116210938
-0.026031494140625 -0.041839599609375 0.0662651062011719 -0.0267295837402344
0.00981521606445312 -0.0494384765625 0.0461578369140625 -0.00307083129882813
0.0480194091796875 -0.0289421081542969 0.00676250457763672 -0.00406122207641602
0.0578842163085938 0.00995254516601563 -0.000720977783203124 -0.0353965759277344
0.0324211120605469 0.0673027038574219 0.0434188842773438 -0.0845489501953125
-0.009307861328125 0.0978775024414063 0.105239868164063 -0.0862350463867187
-0.0465011596679688 0.0920181274414062 0.105705261230469 -0.0336074829101562
-0.0507888793945313 0.08123779296875 0.135612487792969 0.031982421875
0.0200996398925781 0.0648651123046875 0.0666046142578125 0.0285072326660156
0.0278339385986328 0.0128097534179688 0.0388221740722656 0.0488510131835938
0.0219535827636719 -0.00227737426757813 0.0799713134765625 0.0602645874023438
0.0144290924072266 -0.0127630233764648 0.110954284667969 0.0230712890625
0.00382614135742187 -0.0266532897949219 0.119392395019531 -0.0287399291992188
0.00700950622558594 -0.032135009765625 0.105987548828125 -0.052947998046875
0.0117015838623047 -0.0298671722412109 0.0841751098632813 -0.0434951782226563
0.0165863037109375 -0.0441169738769531 0.0690765380859375 -0.0153770446777344
0.04779052734375 -0.0367965698242188 0.0459518432617188 0.0106163024902344
0.0701065063476563 0.00086212158203125 0.000407218933105473 0.00945568084716797
0.063262939453125 0.0465621948242188 -0.013336181640625 -0.0212268829345703
0.00724792480468749 0.0955352783203125 0.021942138671875 -0.0745162963867188
-0.0534439086914063 0.112007141113281 0.0788726806640625 -0.0666961669921875
-0.0945358276367187 0.0957794189453125 0.0755691528320313 -0.00796508789062499
-0.103851318359375 0.0701675415039063 0.106582641601562 0.0673751831054688
-0.0376510620117188 0.0850830078125 0.0488624572753906 0.0640525817871094
0.00020217895507813 0.0553855895996094 0.0372238159179688 0.072052001953125
0.026702880859375 0.0445442199707031 0.08111572265625 0.0769424438476563
0.0413017272949219 0.019256591796875 0.110282897949219 0.0347747802734375
0.0485267639160156 -0.016357421875 0.119415283203125 -0.0185089111328125
0.0477943420410156 -0.0363044738769531 0.100418090820313 -0.038055419921875
0.0471076965332031 -0.0311050415039063 0.0760955810546875 -0.0275955200195313
0.0554275512695313 -0.0411300659179688 0.0587120056152344 0.000400543212890623
0.0780258178710938 -0.0219192504882813 0.0350704193115234 0.023101806640625
0.083831787109375 0.0247573852539062 -0.00996017456054687 0.0204124450683594
0.06402587890625 0.0709686279296875 -0.0247631072998047 -0.00834274291992187
-0.00907135009765625 0.109550476074219 0.00282669067382813 -0.0595550537109375
-0.083038330078125 0.114288330078125 0.0495567321777344 -0.0396690368652344
-0.127479553222656 0.0881729125976563 0.0349788665771484 0.0174064636230469
-0.140060424804688 0.04541015625 0.0567779541015625 0.0963211059570313
-0.091644287109375 0.0868148803710938 0.0128173828125 0.0972137451171875
-0.0347824096679687 0.08697509765625 0.0264053344726562 0.09521484375
0.0216064453125 0.087890625 0.0706329345703125 0.0910720825195313
0.0592498779296875 0.0528945922851563 0.0951156616210938 0.0441131591796875
0.0848464965820312 0.0004425048828125 0.103286743164063 -0.00588226318359375
0.0811309814453125 -0.0332260131835938 0.0800704956054688 -0.01800537109375
0.0748062133789063 -0.0269851684570313 0.0546646118164063 -0.00754928588867188
0.0851058959960938 -0.0328140258789063 0.037750244140625 0.0166702270507812
0.0982666015625 -0.0079498291015625 0.0172500610351563 0.0323429107666016
0.0884246826171875 0.0428543090820312 -0.0209789276123047 0.0269813537597656
0.0599594116210937 0.085906982421875 -0.0316905975341797 0.000822067260742186
-0.0219039916992187 0.111785888671875 -0.00868225097656251 -0.0416946411132812
-0.0998687744140625 0.104011535644531 0.0239162445068359 -0.00885772705078124
-0.143814086914063 0.0700225830078125 -0.00851058959960938 0.0386314392089844
-0.149368286132813 0.00950622558593752 -0.00347137451171876 0.111358642578125
-0.1265869140625 0.0651931762695313 -0.0341033935546875 0.119789123535156
-0.0677490234375 0.0936508178710937 0.00527191162109376 0.110862731933594
0.0030364990234375 0.113594055175781 0.0492401123046875 0.0950469970703125
0.060516357421875 0.0795974731445313 0.0683441162109375 0.0459747314453125
0.104644775390625 0.0211029052734375 0.0725784301757813 0.0055084228515625
0.101486206054688 -0.0228805541992188 0.0468826293945313 0.00226593017578125
0.09063720703125 -0.018341064453125 0.0245780944824219 0.0133819580078125
0.101707458496094 -0.022125244140625 0.0101470947265625 0.0322799682617188
0.107856750488281 0.00604248046875 -0.00659179687499999 0.038787841796875
0.0865097045898438 0.0567703247070313 -0.0345401763916016 0.0279350280761719
0.049468994140625 0.094482421875 -0.0358467102050781 0.00299835205078126
-0.0374755859375 0.10443115234375 -0.0117511749267578 -0.0260601043701172
-0.110809326171875 0.0818023681640625 0.00312042236328124 0.0194320678710938
-0.147918701171875 0.040496826171875 -0.0524101257324219 0.0529556274414063
-0.126945495605469 -0.0274276733398437 -0.0602264404296875 0.111404418945312
-0.128822326660156 0.0255355834960937 -0.07916259765625 0.126213073730469
-0.085205078125 0.0705337524414063 -0.0169296264648438 0.114044189453125
-0.021820068359375 0.108833312988281 0.0237884521484375 0.0879135131835938
0.0430374145507812 0.0892333984375 0.0361709594726563 0.0406036376953125
0.100967407226563 0.0395660400390625 0.0347652435302734 0.0134620666503906
0.103591918945313 -0.00737762451171875 0.00871086120605469 0.0197868347167969
0.0915069580078125 -0.0076904296875 -0.00843620300292968 0.0318489074707031
0.103446960449219 -0.0093841552734375 -0.0214691162109375 0.0446891784667969
0.105400085449219 0.01751708984375 -0.0343132019042969 0.0404434204101563
0.0772933959960938 0.0647506713867188 -0.0499954223632812 0.0226173400878906
0.0355758666992188 0.096405029296875 -0.04095458984375 -0.00117492675781249
-0.0518264770507813 0.0921249389648438 -0.0131759643554688 -0.0174751281738281
-0.116363525390625 0.0520172119140625 -0.0163764953613281 0.0361824035644531
-0.138816833496094 0.00350189208984372 -0.0915069580078125 0.0539627075195313
-0.0781936645507813 -0.05987548828125 -0.100967407226563 0.0965118408203125
-0.0978240966796875 -0.020233154296875 -0.1097412109375 0.118179321289063
-0.0803909301757813 0.0268478393554688 -0.0322265625 0.107749938964844
-0.0430145263671875 0.0762176513671875 0.00559234619140624 0.0717849731445313
0.0148544311523437 0.0787200927734375 0.00928306579589844 0.0277042388916016
0.0760269165039063 0.0512466430664063 -0.00336551666259765 0.0140485763549805
0.08819580078125 0.00965118408203125 -0.0287342071533203 0.0310783386230469
0.0788497924804688 0.00484466552734375 -0.0401077270507812 0.0464515686035156
0.0907516479492188 0.003265380859375 -0.0516281127929688 0.0545539855957031
0.0912628173828125 0.0263824462890625 -0.0626449584960938 0.0397262573242188
0.0627861022949219 0.0649566650390625 -0.0679969787597656 0.0151748657226562
0.0211715698242187 0.0907974243164063 -0.04827880859375 -0.0105323791503906
-0.0615234375 0.0752182006835938 -0.0171213150024414 -0.0162734985351562
-0.113143920898438 0.0198440551757812 -0.037200927734375 0.0404891967773437
-0.117942810058594 -0.0348434448242188 -0.12603759765625 0.0427398681640625
-0.0165328979492188 -0.08270263671875 -0.115829467773437 0.0734634399414063
-0.0472602844238281 -0.0611648559570313 -0.11553955078125 0.102096557617187
-0.0566139221191406 -0.022369384765625 -0.0337142944335937 0.0961837768554688
-0.0542945861816406 0.0275421142578125 -0.00180053710937501 0.0529365539550781
-0.0163841247558594 0.053192138671875 -0.00613975524902344 0.0121641159057617
0.0370979309082031 0.0534934997558594 -0.0314769744873047 0.00946426391601563
0.0590248107910156 0.0265655517578125 -0.0579414367675781 0.0347061157226563
0.0549087524414063 0.0157928466796875 -0.0664710998535156 0.054595947265625
0.065093994140625 0.0147056579589844 -0.0778350830078125 0.0597610473632812
0.0658149719238281 0.02984619140625 -0.0884780883789063 0.0362472534179688
0.0424118041992187 0.0563621520996094 -0.0858001708984375 0.00630187988281251
0.00749969482421874 0.0746841430664063 -0.0586128234863281 -0.0214004516601562
-0.0616645812988281 0.0518341064453125 -0.0262928009033203 -0.0211200714111328
-0.095550537109375 -0.0117263793945313 -0.0583076477050781 0.0312423706054688
-0.082061767578125 -0.067596435546875 -0.149795532226563 0.018218994140625
0.0151138305664062 0.0794601440429688 0.15655517578125 -0.018829345703125
0.0737457275390625 0.0263214111328125 0.0718841552734375 -0.0109634399414063
0.0432777404785156 -0.0349884033203125 0.0352630615234375 0.0303955078125
0.00555038452148437 -0.0463371276855469 0.081207275390625 0.0432510375976563
-0.0202255249023438 -0.0366744995117188 0.113304138183594 0.0050048828125
-0.044586181640625 -0.0246772766113281 0.114921569824219 -0.0484466552734375
-0.0362434387207031 -0.0177764892578125 0.100143432617188 -0.0783157348632813
-0.0294189453125 -0.0199928283691406 0.080535888671875 -0.0672378540039063
-0.0327873229980469 -0.038787841796875 0.0702400207519531 -0.0412330627441406
0.00214004516601563 -0.0524139404296875 0.0532035827636719 -0.0120620727539063
0.0455513000488281 -0.0375404357910156 0.0126438140869141 -0.00779342651367188
0.0613288879394531 0.00186920166015625 0.000999450683593757 -0.0374679565429688
0.0443115234375 0.0657997131347656 0.0411224365234375 -0.0928802490234375
0.0054473876953125 0.104087829589844 0.106842041015625 -0.103752136230469
-0.0351409912109375 0.102653503417969 0.116889953613281 -0.0500411987304687
-0.0470657348632812 0.0906906127929688 0.1533203125 0.0186004638671875
0.0261802673339844 0.0657234191894531 0.073883056640625 0.019439697265625
0.0275344848632813 0.0116710662841797 0.0434646606445312 0.0489234924316406
0.0213775634765625 -0.00251960754394531 0.0915374755859375 0.0588912963867188
0.0136280059814453 -0.0128507614135742 0.123725891113281 0.014862060546875
0.00183868408203125 -0.0255527496337891 0.128273010253906 -0.0435638427734375
0.00593185424804687 -0.0328445434570313 0.110755920410156 -0.07159423828125
0.0111274719238281 -0.0319633483886719 0.0871124267578125 -0.06005859375
0.0136756896972656 -0.0474395751953125 0.07452392578125 -0.0297775268554688
0.0464630126953125 -0.0428848266601562 0.0548858642578125 0.000854492187499997
0.0738601684570313 -0.0066680908203125 0.0078425407409668 0.00598239898681641
0.07177734375 0.042236328125 -0.00934410095214843 -0.0215511322021484
0.0188369750976562 0.101127624511719 0.0204696655273437 -0.0801925659179688
-0.0438079833984375 0.126388549804688 0.0820541381835938 -0.0817489624023437
-0.0894851684570313 0.112892150878906 0.0886688232421875 -0.0195770263671875
-0.107017517089844 0.0857086181640625 0.124870300292969 0.0592803955078125
-0.035003662109375 0.0951309204101562 0.0583992004394531 0.0593452453613281
0.00193786621093751 0.0617103576660156 0.0447921752929687 0.0724105834960938
0.0326614379882813 0.0488319396972656 0.0938568115234375 0.0759124755859375
0.0477523803710937 0.0195121765136719 0.123214721679688 0.0263748168945313
0.0512886047363281 -0.020599365234375 0.128265380859375 -0.0335006713867188
0.0494766235351563 -0.0430564880371094 0.105857849121094 -0.0551071166992188
0.0500679016113281 -0.0379257202148438 0.078826904296875 -0.0424575805664063
0.0575828552246094 -0.0496978759765625 0.064208984375 -0.0121574401855469
0.0827255249023438 -0.031585693359375 0.0437965393066406 0.0141792297363281
0.0936203002929688 0.0184555053710938 -0.00284004211425781 0.0185146331787109
0.0773696899414063 0.0699005126953125 -0.0209236145019531 -0.00838279724121093
0.001434326171875 0.121009826660156 0.001617431640625 -0.0636253356933594
-0.077423095703125 0.134941101074219 0.0534248352050781 -0.0495033264160156
-0.128379821777344 0.110275268554687 0.0469741821289062 0.0116348266601563
-0.150848388671875 0.0642547607421875 0.07427978515625 0.0957412719726562
-0.0940170288085937 0.104652404785156 0.0243377685546875 0.0986175537109375
-0.0328369140625 0.101188659667969 0.033905029296875 0.0970916748046875
0.0313796997070312 0.0972900390625 0.0842132568359375 0.0914382934570313
0.0712432861328125 0.0537109375 0.10662841796875 0.0380401611328125
0.0936050415039063 -0.0080108642578125 0.111404418945313 -0.0189971923828125
0.0860061645507813 -0.044830322265625 0.0851669311523438 -0.0307159423828125
0.0805435180664063 -0.0377120971679688 0.0580482482910156 -0.0185775756835938
0.091278076171875 -0.0458450317382813 0.0430984497070313 0.00828170776367187
0.10797119140625 -0.0192184448242187 0.0241069793701172 0.0269508361816406
0.10321044921875 0.0379638671875 -0.0160961151123047 0.026153564453125
0.0759124755859375 0.0887603759765625 -0.0288658142089844 0.00110816955566407
-0.0130233764648437 0.126373291015625 -0.00919723510742187 -0.0445976257324219
-0.0988845825195312 0.127204895019531 0.0301342010498047 -0.0152912139892578
-0.150177001953125 0.093719482421875 0.00181579589843749 0.0398521423339844
-0.16644287109375 0.028045654296875 0.00939178466796874 0.119636535644531
-0.134429931640625 0.08807373046875 -0.0240402221679688 0.128448486328125
-0.067626953125 0.112266540527344 0.0133819580078125 0.115577697753906
0.0160446166992187 0.126922607421875 0.0607681274414063 0.097930908203125
0.0757675170898438 0.0821304321289062 0.0770111083984375 0.0436477661132813
0.118064880371094 0.0106582641601563 0.07794189453125 -0.00313568115234375
0.1083984375 -0.038055419921875 0.0513534545898438 -0.00418472290039063
0.0984039306640625 -0.0316238403320313 0.0269927978515625 0.00868797302246094
0.111160278320313 -0.037200927734375 0.0128021240234375 0.0288906097412109
0.120582580566406 -0.0066375732421875 -0.00302886962890624 0.0364151000976562
0.103797912597656 0.0520553588867187 -0.0322189331054687 0.0282974243164063
0.0673751831054688 0.099090576171875 -0.0345516204833984 0.00340652465820314
-0.0301666259765625 0.121322631835938 -0.011383056640625 -0.0291213989257812
-0.114097595214844 0.1055908203125 0.00940132141113281 0.0181770324707031
-0.158981323242188 0.063018798828125 -0.0455970764160156 0.0584564208984375
-0.146011352539063 -0.013763427734375 -0.0531387329101563 0.126136779785156
-0.141265869140625 0.0458831787109375 -0.07269287109375 0.142074584960938
-0.0886154174804688 0.089691162109375 -0.00956726074218752 0.121246337890625
-0.0109786987304687 0.125473022460938 0.0313339233398438 0.0919189453125
0.0597457885742187 0.0941925048828125 0.0403213500976563 0.0401992797851563
0.117088317871094 0.0304336547851563 0.0369071960449219 0.0101737976074219
0.112907409667969 -0.0228652954101563 0.0104141235351563 0.0191154479980469
0.100975036621094 -0.0210037231445313 -0.00722885131835937 0.0338077545166016
0.114089965820313 -0.0257110595703125 -0.0202484130859375 0.0474357604980469
0.119468688964844 0.00461578369140625 -0.0334815979003906 0.0427017211914062
0.095367431640625 0.061553955078125 -0.0515518188476563 0.0249748229980469
0.0525054931640625 0.102630615234375 -0.0416526794433594 -0.000507354736328117
-0.046539306640625 0.109931945800781 -0.0136051177978516 -0.0199985504150391
-0.123130798339844 0.0751571655273438 -0.00997543334960939 0.0384902954101563
-0.154098510742187 0.0237579345703125 -0.0898361206054688 0.0657730102539063
-0.0970230102539062 -0.0534515380859375 -0.100662231445313 0.114830017089844
-0.113349914550781 -0.00636291503906252 -0.106689453125 0.136886596679688
-0.0865859985351562 0.0420379638671875 -0.0260772705078125 0.116950988769531
-0.0365371704101563 0.0917510986328125 0.00910186767578125 0.0760269165039063
0.0287857055664062 0.0857925415039063 0.00902175903320313 0.0293197631835938
0.0910720825195313 0.0442352294921875 -0.00498199462890625 0.0163908004760742
0.0979995727539062 -0.00284576416015625 -0.0288505554199219 0.0380821228027344
0.087371826171875 -0.00687408447265625 -0.0400276184082031 0.054595947265625
0.100776672363281 -0.00992584228515625 -0.0518531799316406 0.0630111694335938
0.104751586914063 0.01446533203125 -0.0658683776855469 0.0467681884765625
0.0781784057617188 0.0627288818359375 -0.0732040405273438 0.0192184448242188
0.0366592407226563 0.0968399047851563 -0.052490234375 -0.00978469848632813
-0.0576858520507812 0.0912551879882813 -0.0178813934326172 -0.0181522369384766
-0.122978210449219 0.039520263671875 -0.03314208984375 0.0465927124023438
-0.134223937988281 -0.01934814453125 -0.130416870117188 0.0573196411132813
-0.0317916870117188 -0.0847702026367188 -0.121162414550781 0.0936431884765625
-0.0622482299804688 -0.0570335388183594 -0.116195678710937 0.121376037597656
-0.0663642883300781 -0.014190673828125 -0.02886962890625 0.103866577148438
-0.0545768737792969 0.0400581359863281 -0.00168228149414063 0.0562705993652344
-0.00842285156250001 0.0614280700683594 -0.0101299285888672 0.0151329040527344
0.0493850708007812 0.0506477355957031 -0.035888671875 0.0161552429199219
0.0676383972167969 0.017852783203125 -0.0605926513671875 0.0468597412109375
0.0613899230957031 0.0078582763671875 -0.0671539306640625 0.0671882629394531
0.0732955932617188 0.0042724609375 -0.079833984375 0.0724258422851563
0.0760955810546875 0.0214996337890625 -0.0937576293945313 0.0469589233398438
0.055206298828125 0.0541343688964844 -0.0942230224609375 0.0129470825195313
0.0194549560546875 0.079559326171875 -0.0652236938476563 -0.0195770263671875
-0.0597305297851562 0.0651664733886719 -0.0277843475341797 -0.0224819183349609
-0.10498046875 0.00222015380859373 -0.0575790405273438 0.0405120849609375
-0.0983123779296875 -0.0593490600585938 -0.15972900390625 0.033843994140625
0.0245208740234375 0.076904296875 0.162643432617188 -0.0403900146484375
0.0778656005859375 0.0151901245117187 0.0716018676757813 -0.0221633911132813
0.0384368896484375 -0.0416145324707031 0.0391387939453125 0.0285797119140625
-0.00152969360351562 -0.04730224609375 0.09051513671875 0.0370101928710937
-0.0264987945556641 -0.0332431793212891 0.122337341308594 -0.00756072998046875
-0.0493011474609375 -0.0157012939453125 0.117744445800781 -0.0653152465820313
-0.0380401611328125 -0.0119056701660156 0.0969161987304688 -0.0964431762695313
-0.0311393737792969 -0.0162868499755859 0.0756072998046875 -0.0839385986328125
-0.0386009216308594 -0.0329322814941406 0.069244384765625 -0.0549430847167969
-0.006500244140625 -0.0524711608886719 0.056915283203125 -0.0244483947753906
0.04052734375 -0.0452346801757813 0.0181293487548828 -0.0120964050292969
0.0623512268066406 -0.00693130493164063 0.00284576416015625 -0.0399398803710938
0.0553436279296875 0.0599899291992188 0.0342025756835938 -0.09979248046875
0.021514892578125 0.105903625488281 0.101394653320313 -0.121383666992187
-0.0204925537109375 0.109970092773438 0.121681213378906 -0.0707168579101563
-0.04193115234375 0.0991897583007813 0.16375732421875 -0.00180053710937499
0.0319137573242188 0.0638961791992188 0.0773544311523438 0.00836944580078125
0.0274162292480469 0.0102062225341797 0.0479736328125 0.0462570190429688
0.0215091705322266 -0.00314140319824219 0.103202819824219 0.0516738891601563
0.0126857757568359 -0.0124893188476562 0.132217407226563 0.0019683837890625
0.000131607055664064 -0.0254364013671875 0.131233215332031 -0.0631256103515625
0.00358200073242187 -0.0339298248291016 0.1070556640625 -0.0923538208007813
0.00971221923828125 -0.0336761474609375 0.0830154418945313 -0.0777664184570313
0.0105209350585938 -0.0492210388183594 0.0738067626953125 -0.0463943481445313
0.0425682067871094 -0.0487709045410156 0.0598869323730469 -0.0128097534179688
0.076507568359375 -0.0161972045898438 0.0147075653076172 0.00190067291259766
0.0797271728515625 0.0349273681640625 -0.00648880004882812 -0.0249004364013672
0.0325698852539062 0.103240966796875 0.0158157348632813 -0.0848312377929688
-0.0281295776367188 0.137435913085938 0.0790939331054688 -0.09661865234375
-0.0775985717773437 0.128433227539063 0.09747314453125 -0.0360946655273437
-0.105323791503906 0.104545593261719 0.139610290527344 0.0430374145507813
-0.0270309448242188 0.104644775390625 0.0673332214355469 0.0512008666992188
0.00593948364257813 0.0671844482421875 0.051605224609375 0.0689544677734375
0.0407333374023438 0.0509147644042969 0.106590270996094 0.0699462890625
0.0535240173339844 0.0167427062988281 0.132339477539063 0.0131988525390625
0.0533523559570313 -0.0268287658691406 0.130470275878906 -0.0526199340820313
0.0486564636230469 -0.0505561828613281 0.104034423828125 -0.0750656127929688
0.0501785278320313 -0.0463333129882813 0.0760498046875 -0.0588607788085938
0.0553131103515625 -0.0590782165527344 0.0641937255859375 -0.02606201171875
0.083526611328125 -0.0427703857421875 0.048492431640625 0.00243377685546875
0.100921630859375 0.00792694091796875 0.00362873077392579 0.0143461227416992
0.0914230346679687 0.0653228759765625 -0.0166788101196289 -0.009185791015625
0.01605224609375 0.127830505371094 -0.00126647949218749 -0.0666465759277344
-0.0654296875 0.152435302734375 0.0534858703613281 -0.0615882873535156
-0.120246887207031 0.132316589355469 0.058197021484375 0.000900268554687508
-0.15594482421875 0.087799072265625 0.09075927734375 0.0883102416992188
-0.0881118774414063 0.1243896484375 0.0360107421875 0.0959701538085938
-0.0242843627929687 0.113533020019531 0.0446624755859375 0.0957183837890625
0.0467453002929687 0.101570129394531 0.0966796875 0.08648681640625
0.0837936401367188 0.0493698120117187 0.116317749023438 0.026702880859375
0.0994644165039063 -0.0190658569335938 0.112220764160156 -0.0352935791015625
0.0863800048828125 -0.0593414306640625 0.0849990844726563 -0.0460357666015625
0.0828170776367188 -0.0518035888671875 0.0563774108886719 -0.0299797058105469
0.0912704467773438 -0.0622100830078125 0.045135498046875 -0.000984191894531254
0.112922668457031 -0.0359649658203125 0.028472900390625 0.0187625885009766
0.116119384765625 0.0279922485351563 -0.0104732513427734 0.02374267578125
0.0927047729492187 0.0852508544921875 -0.0263271331787109 0.00111770629882813
0.00183868408203125 0.136672973632813 -0.0116844177246094 -0.0484657287597656
-0.0886688232421875 0.15020751953125 0.0332317352294922 -0.0232372283935547
-0.147705078125 0.119476318359375 0.0118675231933594 0.0365409851074219
-0.176361083984375 0.052978515625 0.0251998901367187 0.121040344238281
-0.131996154785156 0.112327575683594 -0.0113677978515625 0.133056640625
-0.0594558715820312 0.131156921386719 0.0246734619140625 0.117919921875
0.0344085693359375 0.135200500488281 0.0734786987304687 0.0940475463867188
0.0929183959960937 0.0788803100585937 0.082763671875 0.0359039306640625
0.127128601074219 -0.00490570068359375 0.0800247192382813 -0.013519287109375
0.111236572265625 -0.055328369140625 0.0523605346679688 -0.0123214721679688
0.102455139160156 -0.0477523803710938 0.0270195007324219 0.00338363647460937
0.114715576171875 -0.0555191040039062 0.01519775390625 0.0265865325927734
0.128273010253906 -0.0252532958984375 -0.000978469848632805 0.0331554412841797
0.119178771972656 0.0421676635742188 -0.0307960510253906 0.0282669067382813
0.0860137939453125 0.0970077514648438 -0.0327320098876953 0.00368118286132814
-0.0155715942382813 0.135063171386719 -0.0134811401367188 -0.0326690673828125
-0.108184814453125 0.131134033203125 0.0154018402099609 0.0140209197998047
-0.161331176757812 0.0904388427734375 -0.035736083984375 0.0640792846679687
-0.16021728515625 0.00714111328124997 -0.0407485961914062 0.137763977050781
-0.1448974609375 0.0707855224609375 -0.060089111328125 0.153228759765625
-0.08441162109375 0.110595703125 0.000801086425781248 0.125709533691406
0.00664520263671876 0.136604309082031 0.0412063598632813 0.0931854248046875
0.078125 0.0922927856445313 0.0451011657714844 0.0376930236816406
0.127906799316406 0.0149002075195313 0.0373992919921875 0.00634384155273438
0.116851806640625 -0.0404739379882813 0.0129356384277344 0.0196380615234375
0.105506896972656 -0.0381927490234375 -0.00420951843261718 0.0349502563476563
0.118560791015625 -0.0441207885742187 -0.0171852111816406 0.0502891540527344
0.127723693847656 -0.0133819580078125 -0.0325279235839844 0.0449790954589844
0.11212158203125 0.051544189453125 -0.0518875122070312 0.0292320251464844
0.0718612670898437 0.101478576660156 -0.0428390502929688 -0.000698089599609365
-0.0345001220703125 0.125068664550781 -0.0141429901123047 -0.0228385925292969
-0.122360229492188 0.100082397460937 -0.00421142578125 0.0390625
-0.160247802734375 0.0486907958984375 -0.0828170776367188 0.0762557983398438
-0.114273071289062 -0.0408554077148438 -0.0927276611328125 0.134376525878906
-0.123588562011719 0.0108795166015625 -0.095916748046875 0.153945922851563
-0.0880508422851562 0.06097412109375 -0.0176467895507813 0.121742248535156
-0.0240707397460937 0.104804992675781 0.0161285400390625 0.0795745849609375
0.0446929931640625 0.0876235961914063 0.0100955963134766 0.0303459167480469
0.103973388671875 0.0326080322265625 -0.00488471984863281 0.0179882049560547
0.103340148925781 -0.0187606811523438 -0.025146484375 0.0431327819824219
0.092254638671875 -0.0216751098632813 -0.0363616943359375 0.0625686645507813
0.10552978515625 -0.0278244018554688 -0.0499725341796875 0.0713348388671875
0.112052917480469 -0.0024261474609375 -0.0667800903320313 0.0537261962890625
0.09307861328125 0.0548477172851563 -0.0762786865234375 0.0259933471679687
0.0525970458984375 0.098419189453125 -0.0571136474609375 -0.00685882568359374
-0.0473480224609375 0.1051025390625 -0.0207996368408203 -0.0205020904541016
-0.122222900390625 0.0629425048828125 -0.0269508361816406 0.0495758056640625
-0.145065307617188 0.000381469726562526 -0.127494812011719 0.0746917724609375
-0.0469741821289062 -0.08331298828125 -0.119277954101563 0.115142822265625
-0.0751953125 -0.0476608276367187 -0.108657836914063 0.14068603515625
-0.0736923217773438 -0.00257110595703123 -0.0219802856445313 0.109527587890625
-0.049957275390625 0.0521125793457031 0.000289916992187497 0.059051513671875
0.00266265869140626 0.0656700134277344 -0.0126838684082031 0.0186481475830078
0.0595016479492187 0.041839599609375 -0.0383758544921875 0.024139404296875
0.0732040405273438 0.005126953125 -0.0579071044921875 0.0596122741699219
0.0656509399414063 -0.001434326171875 -0.0628128051757813 0.0802230834960938
0.0769882202148438 -0.00867462158203125 -0.0780258178710938 0.0871658325195313
0.0832061767578125 0.0097808837890625 -0.0961837768554688 0.0597381591796875
0.067138671875 0.0481910705566406 -0.0998916625976563 0.0221023559570312
0.0334396362304687 0.079437255859375 -0.0711441040039063 -0.0149154663085937
-0.05224609375 0.0777206420898438 -0.0313205718994141 -0.0230941772460938
-0.110084533691406 0.0203781127929688 -0.0528488159179688 0.0492362976074219
-0.111717224121094 -0.0447998046875 -0.164535522460938 0.0553436279296875
0.0327911376953125 0.0733795166015625 0.1600341796875 -0.0590667724609375
0.0761871337890625 0.0040740966796875 0.066986083984375 -0.0312538146972656
0.0312538146972656 -0.0455055236816406 0.0402297973632813 0.027191162109375
-0.0083465576171875 -0.0472068786621094 0.09576416015625 0.03033447265625
-0.0308666229248047 -0.029205322265625 0.124740600585938 -0.0204925537109375
-0.0502128601074219 -0.00794601440429689 0.114700317382813 -0.0798797607421875
-0.0383110046386719 -0.00611495971679687 0.0867691040039063 -0.111442565917969
-0.0320377349853516 -0.0117435455322266 0.0673065185546875 -0.0963058471679688
-0.0420989990234375 -0.0252189636230469 0.0628280639648438 -0.0679740905761719
-0.0128173828125 -0.0493583679199219 0.0564079284667969 -0.0362701416015625
0.0328521728515625 -0.0492820739746094 0.0198383331298828 -0.0188331604003906
0.0610694885253906 -0.0150985717773438 0.00321960449218751 -0.0426979064941406
0.0632438659667969 0.0526351928710938 0.0294189453125 -0.103424072265625
0.0358810424804687 0.100845336914063 0.0915069580078125 -0.134796142578125
-0.0062408447265625 0.109375 0.1199951171875 -0.08935546875
-0.0317916870117187 0.103652954101563 0.165771484375 -0.02154541015625
0.0362739562988281 0.0605316162109375 0.0759353637695313 -0.00252532958984375
0.0269050598144531 0.00993728637695313 0.0510673522949219 0.0426826477050781
0.0210914611816406 -0.00357437133789063 0.109298706054688 0.043548583984375
0.0128412246704102 -0.0124845504760742 0.136260986328125 -0.0129165649414062
-0.00118827819824219 -0.0222206115722656 0.128128051757813 -0.0794525146484375
0.00207138061523438 -0.0343914031982422 0.09735107421875 -0.108551025390625
0.0081634521484375 -0.0349407196044922 0.0739898681640625 -0.09130859375
0.0058441162109375 -0.0496444702148438 0.0681343078613281 -0.0594940185546875
0.0381355285644531 -0.0526771545410156 0.0593109130859375 -0.0251502990722656
0.0740737915039063 -0.0239486694335938 0.0176010131835938 -0.00562286376953125
0.0835037231445313 0.0263442993164063 -0.00380134582519531 -0.026641845703125
0.0444488525390625 0.0991744995117188 0.0101089477539063 -0.0868988037109375
-0.012359619140625 0.140457153320313 0.0720977783203125 -0.107704162597656
-0.0629119873046875 0.137290954589844 0.0991897583007813 -0.0522994995117187
-0.0979080200195312 0.117332458496094 0.147262573242188 0.026885986328125
-0.0193634033203125 0.110443115234375 0.0701522827148438 0.0401268005371094
0.0111312866210938 0.0714645385742188 0.0562057495117187 0.0658378601074219
0.0475616455078125 0.0488243103027344 0.114540100097656 0.0605316162109375
0.0581398010253906 0.0125961303710938 0.13543701171875 7.71265064300821E-19
0.0522384643554688 -0.0316810607910156 0.126663208007812 -0.0690155029296875
0.0449485778808594 -0.0578956604003906 0.0957794189453125 -0.0902252197265625
0.0477027893066406 -0.0541229248046875 0.0688552856445313 -0.0717086791992188
0.05157470703125 -0.066375732421875 0.0606117248535156 -0.0391120910644531
0.0813751220703125 -0.053741455078125 0.0492134094238281 -0.00859451293945313
0.105484008789062 -0.00296783447265625 0.00692987442016602 0.00786781311035156
0.10015869140625 0.0560073852539062 -0.0133447647094727 -0.0117359161376953
0.0303115844726563 0.128669738769531 -0.00585174560546874 -0.068817138671875
-0.0477294921875 0.163589477539063 0.0502777099609375 -0.0712966918945312
-0.107620239257812 0.147979736328125 0.0634727478027344 -0.0106239318847656
-0.15106201171875 0.108261108398438 0.101951599121094 0.0770111083984375
-0.0772705078125 0.138175964355469 0.0448989868164062 0.0888748168945313
-0.014556884765625 0.122627258300781 0.0505752563476563 0.0926666259765625
0.0608596801757813 0.100875854492188 0.105278015136719 0.077301025390625
0.093658447265625 0.0425491333007812 0.118827819824219 0.01446533203125
0.100593566894531 -0.0311431884765625 0.109573364257813 -0.0483627319335938
0.0827178955078125 -0.0712661743164063 0.0789108276367188 -0.0583267211914063
0.0795211791992188 -0.0641555786132813 0.052276611328125 -0.039642333984375
0.0876998901367188 -0.0752029418945312 0.0422782897949219 -0.0105476379394531
0.112411499023437 -0.0510101318359375 0.0293846130371094 0.00961875915527343
0.123870849609375 0.013885498046875 -0.00879287719726562 0.0189399719238281
0.107139587402344 0.0757293701171875 -0.0228500366210937 -0.0013885498046875
0.0175018310546875 0.141830444335938 -0.0131378173828125 -0.0493736267089844
-0.073822021484375 0.165924072265625 0.0331611633300781 -0.0301532745361328
-0.137168884277344 0.140098571777344 0.0211200714111328 0.0297451019287109
-0.176559448242188 0.0767822265625 0.0397720336914062 0.118316650390625
-0.123321533203125 0.132156372070313 0.00191497802734373 0.132354736328125
-0.04754638671875 0.144805908203125 0.032806396484375 0.114173889160156
0.0527877807617188 0.136573791503906 0.080902099609375 0.0888214111328125
0.106971740722656 0.07110595703125 0.0863189697265625 0.0281524658203125
0.130119323730469 -0.0195770263671875 0.076873779296875 -0.0229034423828125
0.106887817382812 -0.0707244873046875 0.0498275756835938 -0.0196990966796875
0.0990219116210938 -0.063323974609375 0.0269260406494141 -0.00167274475097657
0.109756469726563 -0.0742340087890625 0.0159492492675781 0.020904541015625
0.129524230957031 -0.044097900390625 0.0014629364013672 0.0290470123291016
0.129707336425781 0.0275039672851563 -0.0285243988037109 0.0270271301269531
0.10333251953125 0.0893402099609375 -0.0320930480957031 0.00321197509765625
-0.00012207031250001 0.142822265625 -0.0156784057617188 -0.0337066650390625
-0.0950469970703125 0.149749755859375 0.0194053649902344 0.00859642028808595
-0.154129028320313 0.113418579101562 -0.0265045166015625 0.0634841918945313
-0.165420532226563 0.02923583984375 -0.0258331298828125 0.142715454101563
-0.141586303710938 0.0919952392578125 -0.04473876953125 0.159194946289062
-0.0753250122070312 0.12640380859375 0.0095062255859375 0.124305725097656
0.0253143310546875 0.14093017578125 0.0490188598632812 0.0894699096679688
0.0933609008789063 0.085693359375 0.0465927124023438 0.0351600646972656
0.133193969726563 -0.00247955322265625 0.0364227294921875 0.00293731689453125
0.113929748535156 -0.0578765869140625 0.0140705108642578 0.0178546905517578
0.102554321289063 -0.0534133911132813 -0.00212478637695312 0.0359458923339844
0.115081787109375 -0.0629425048828125 -0.0140037536621094 0.0517158508300781
0.129814147949219 -0.0321807861328125 -0.0306663513183594 0.0467376708984375
0.122695922851563 0.0377731323242188 -0.0515899658203125 0.0309867858886719
0.08880615234375 0.094818115234375 -0.0429840087890625 0.00112152099609376
-0.0192184448242188 0.133720397949219 -0.0165138244628906 -0.0243930816650391
-0.111572265625 0.120895385742188 0.00271224975585937 0.0367698669433594
-0.157852172851563 0.07177734375 -0.0741729736328125 0.0833511352539063
-0.122520446777344 -0.02532958984375 -0.0802001953125 0.146087646484375
-0.124641418457031 0.0307540893554687 -0.0817413330078125 0.164352416992188
-0.0844345092773438 0.074737548828125 -0.00877380371093751 0.122886657714844
-0.010040283203125 0.11322021484375 0.0199356079101562 0.0780563354492188
0.0586929321289062 0.0830612182617188 0.00980186462402344 0.0322818756103516
0.110511779785156 0.0166854858398437 -0.00538444519042968 0.0217399597167969
0.102066040039063 -0.0340118408203125 -0.0215072631835937 0.0494308471679688
0.090484619140625 -0.0358200073242188 -0.0309181213378906 0.0682868957519531
0.1031494140625 -0.044189453125 -0.043426513671875 0.0777359008789063
0.115127563476563 -0.0178909301757813 -0.0636253356933593 0.0607070922851563
0.10369873046875 0.0422821044921875 -0.0775909423828125 0.0322418212890625
0.0685577392578125 0.0913772583007813 -0.0579719543457031 -0.00438690185546874
-0.035247802734375 0.114456176757813 -0.0219001770019531 -0.0219001770019531
-0.118217468261719 0.081268310546875 -0.01983642578125 0.0526924133300781
-0.14617919921875 0.0221405029296875 -0.121078491210938 0.0873031616210938
-0.0598068237304688 -0.0760345458984375 -0.110687255859375 0.131011962890625
-0.0837326049804687 -0.03564453125 -0.0968170166015625 0.153350830078125
-0.0754470825195313 0.00879669189453126 -0.01324462890625 0.111717224121094
-0.0412368774414063 0.0618324279785156 0.00296401977539062 0.0616798400878906
0.0136451721191406 0.0657844543457031 -0.0138797760009766 0.0234031677246094
0.0676498413085938 0.0326919555664063 -0.0372810363769531 0.0318145751953125
0.0734405517578125 -0.00609588623046875 -0.0514678955078125 0.069000244140625
0.0653724670410156 -0.0124320983886719 -0.0540924072265625 0.0906448364257812
0.07659912109375 -0.0200958251953125 -0.069427490234375 0.0968475341796875
0.0848541259765625 -0.00399017333984375 -0.0928573608398438 0.0710678100585937
0.074127197265625 0.0386734008789063 -0.100563049316406 0.0319137573242187
0.04486083984375 0.0756301879882813 -0.0740280151367188 -0.0105361938476563
-0.0426712036132813 0.0844268798828125 -0.0328464508056641 -0.0230007171630859
-0.108375549316406 0.0363845825195313 -0.0452880859375 0.0546379089355469
-0.116806030273438 -0.028961181640625 -0.160354614257813 0.0732574462890625
0.0371475219726562 0.0693626403808594 0.155776977539063 -0.0718231201171875
0.0741500854492188 -0.001983642578125 0.0616264343261719 -0.0369796752929687
0.0265159606933594 -0.0468063354492188 0.0408782958984375 0.0262184143066406
-0.0127983093261719 -0.0444450378417969 0.0982208251953125 0.0252227783203125
-0.0333232879638672 -0.0257701873779297 0.12530517578125 -0.030303955078125
-0.0490493774414062 -0.00175094604492188 0.111183166503906 -0.0904006958007812
-0.0369606018066406 -0.001922607421875 0.0780105590820313 -0.120468139648438
-0.0314769744873047 -0.00868034362792969 0.05841064453125 -0.104393005371094
-0.0420417785644531 -0.0195579528808594 0.0559844970703125 -0.0766754150390625
-0.0171890258789062 -0.0457878112792969 0.0537071228027344 -0.0452957153320313
0.0266456604003906 -0.0510978698730469 0.0216503143310547 -0.0245838165283203
0.0577507019042969 -0.0203666687011719 0.00426864624023438 -0.0442962646484375
0.0665817260742188 0.0452003479003906 0.0250701904296875 -0.104301452636719
0.0443572998046875 0.0936355590820313 0.0833740234375 -0.141921997070312
0.00331115722656251 0.106536865234375 0.115791320800781 -0.102210998535156
-0.0260543823242188 0.105598449707031 0.16339111328125 -0.0352325439453125
0.0375862121582031 0.0582199096679688 0.0724945068359375 -0.00942993164062499
0.0258522033691406 0.0107078552246094 0.0519027709960938 0.0404853820800781
0.0215339660644531 -0.00323104858398438 0.112358093261719 0.0368270874023438
0.0127677917480469 -0.0119600296020508 0.135734558105469 -0.0233383178710938
-0.000606536865234374 -0.0204238891601562 0.122207641601563 -0.0907211303710938
0.00156784057617188 -0.0346584320068359 0.0882034301757812 -0.118461608886719
0.00665664672851562 -0.0364341735839844 0.0647048950195313 -0.099853515625
0.00340652465820312 -0.048736572265625 0.0612220764160156 -0.0691947937011719
0.0338020324707031 -0.0549736022949219 0.0574874877929688 -0.0349235534667969
0.0710601806640625 -0.0294418334960938 0.0194263458251953 -0.0119476318359375
0.0851821899414063 0.02001953125 -0.00177955627441406 -0.0287876129150391
0.0516128540039063 0.09521484375 0.00795745849609376 -0.0884552001953125
-0.000602722167968735 0.13983154296875 0.0656967163085937 -0.115089416503906
-0.0520782470703125 0.140609741210938 0.0987472534179687 -0.0649566650390625
-0.0919647216796875 0.1258544921875 0.14794921875 0.0131683349609375
-0.0129547119140625 0.11309814453125 0.0696945190429688 0.0326576232910156
0.0155792236328125 0.0744552612304688 0.0576934814453125 0.0624885559082031
0.0524787902832031 0.047332763671875 0.117401123046875 0.0527877807617188
0.0613136291503906 0.009063720703125 0.135177612304688 -0.0105667114257813
0.0518569946289063 -0.0350379943847656 0.120742797851563 -0.0796127319335938
0.0418472290039063 -0.0626602172851563 0.086822509765625 -0.100189208984375
0.04486083984375 -0.0592269897460937 0.0608749389648437 -0.0794143676757812
0.0474472045898438 -0.0711593627929688 0.0546226501464844 -0.0482139587402344
0.0780792236328125 -0.0606307983398437 0.0478096008300781 -0.0184516906738281
0.106414794921875 -0.0118408203125 0.00871467590332032 0.00181150436401367
0.105720520019531 0.0486068725585938 -0.0114479064941406 -0.0149040222167969
0.0406036376953125 0.127891540527344 -0.00723648071289062 -0.0692672729492187
-0.035125732421875 0.168701171875 0.0468902587890625 -0.0776824951171875
-0.09613037109375 0.15667724609375 0.0667533874511719 -0.0216445922851562
-0.145553588867187 0.122482299804687 0.108123779296875 0.06707763671875
-0.0682525634765625 0.147125244140625 0.048431396484375 0.0822830200195313
-0.00620269775390626 0.128646850585938 0.0526657104492188 0.0886001586914063
0.0710830688476562 0.09808349609375 0.109375 0.0706787109375
0.0996932983398438 0.0360183715820313 0.118392944335938 0.0073394775390625
0.099273681640625 -0.0399398803710938 0.104393005371094 -0.0564041137695313
0.0782470703125 -0.0794754028320313 0.0734024047851563 -0.0665130615234375
0.0759735107421875 -0.0730056762695313 0.0467453002929688 -0.0453338623046875
0.0825576782226563 -0.0850143432617188 0.0384941101074219 -0.0180511474609375
0.109413146972656 -0.062103271484375 0.0284214019775391 0.00299644470214843
0.127433776855469 0.002899169921875 -0.00710201263427733 0.0144767761230469
0.115280151367188 0.0678024291992188 -0.0207595825195312 -0.00436210632324218
0.0291290283203125 0.143875122070313 -0.0152740478515625 -0.0502357482910156
-0.0601959228515625 0.175308227539063 0.0328254699707031 -0.0361976623535156
-0.126449584960937 0.1527099609375 0.026641845703125 0.0224838256835938
-0.173782348632813 0.093963623046875 0.0482711791992187 0.11322021484375
-0.114349365234375 0.145172119140625 0.00994110107421875 0.128547668457031
-0.037567138671875 0.153106689453125 0.0363922119140625 0.1114501953125
0.0660629272460937 0.134735107421875 0.0854263305664063 0.0839767456054688
0.115699768066406 0.062103271484375 0.0864105224609375 0.0234222412109375
0.129829406738281 -0.0321121215820313 0.0731048583984375 -0.0279464721679688
0.102386474609375 -0.082061767578125 0.0481185913085938 -0.0247650146484375
0.0948715209960938 -0.0748672485351563 0.0253219604492188 -0.00460624694824219
0.104598999023438 -0.0861740112304688 0.0143213272094727 0.0171136856079101
0.127174377441406 -0.0576095581054688 0.00090217590332032 0.0258522033691406
0.135177612304688 0.0159454345703125 -0.0277900695800781 0.0250949859619141
0.1126708984375 0.081085205078125 -0.0312309265136719 0.000474929809570312
0.01239013671875 0.14630126953125 -0.0164909362792969 -0.0353012084960938
-0.082977294921875 0.162948608398438 0.0215511322021484 0.00321006774902345
-0.145339965820312 0.128616333007812 -0.0189018249511719 0.0604019165039063
-0.16656494140625 0.0457305908203125 -0.0158233642578125 0.143447875976563
-0.135063171386719 0.107063293457031 -0.0345001220703125 0.158966064453125
-0.0662078857421875 0.137161254882813 0.0150833129882813 0.122940063476563
0.0394439697265625 0.14141845703125 0.05267333984375 0.0865554809570313
0.103416442871094 0.0784072875976563 0.0466423034667969 0.0335350036621094
0.134109497070313 -0.0153350830078125 0.0340785980224609 0.000904083251953124
0.109336853027344 -0.0694198608398438 0.0155963897705078 0.0170793533325195
0.098876953125 -0.0651779174804687 -9.91821289062474E-05 0.0360603332519531
0.109931945800781 -0.0760650634765625 -0.0121498107910156 0.0515632629394531
0.128562927246094 -0.0463638305664063 -0.0296745300292969 0.0471878051757813
0.128768920898438 0.0258407592773437 -0.0519523620605469 0.0323295593261719
0.09942626953125 0.0879669189453125 -0.0436515808105469 0.000450134277343754
-0.00740051269531249 0.138595581054688 -0.0181121826171875 -0.0263385772705078
-0.101394653320312 0.134819030761719 0.00625991821289062 0.0332832336425781
-0.152420043945312 0.087860107421875 -0.0661544799804688 0.085052490234375
-0.127182006835938 -0.011688232421875 -0.07049560546875 0.152572631835937
-0.123214721679688 0.0444717407226563 -0.07073974609375 0.168746948242187
-0.0799331665039062 0.0862808227539063 -0.00298309326171877 0.122001647949219
0.00186920166015625 0.115386962890625 0.0229415893554688 0.078033447265625
0.0688323974609375 0.0781936645507813 0.0101909637451172 0.0338783264160156
0.112464904785156 0.0046844482421875 -0.00573158264160155 0.02374267578125
0.0982437133789063 -0.0451431274414063 -0.0175323486328125 0.0521354675292969
0.087615966796875 -0.0457229614257813 -0.0247802734375 0.0715103149414063
0.099578857421875 -0.0559234619140625 -0.0390090942382812 0.0812454223632813
0.11370849609375 -0.0314178466796875 -0.06121826171875 0.0650291442871094
0.109649658203125 0.0319442749023438 -0.077239990234375 0.0365524291992188
0.07891845703125 0.0850677490234375 -0.0593986511230469 -0.00281906127929686
-0.0243988037109375 0.119293212890625 -0.0233421325683594 -0.0230617523193359
-0.110595703125 0.0952606201171875 -0.0139999389648438 0.0519981384277344
-0.144210815429687 0.037200927734375 -0.113937377929688 0.0933761596679687
-0.0670967102050781 -0.0683021545410156 -0.101608276367188 0.141250610351563
-0.0873870849609375 -0.0253829956054688 -0.086517333984375 0.159927368164063
-0.075592041015625 0.018646240234375 -0.00885772705078124 0.111038208007812
-0.0334205627441406 0.0669937133789063 0.00376129150390624 0.0628128051757813
0.0217666625976562 0.0636062622070313 -0.0149993896484375 0.0275688171386719
0.0707778930664063 0.0236358642578125 -0.0356521606445312 0.0373573303222656
0.0715789794921875 -0.0145797729492187 -0.0439071655273438 0.075592041015625
0.0638160705566406 -0.0201301574707031 -0.0462722778320313 0.0963821411132812
0.0742034912109375 -0.028839111328125 -0.0626144409179688 0.103507995605469
0.083953857421875 -0.0134124755859375 -0.0897750854492188 0.0781478881835937
0.0782012939453125 0.0309906005859375 -0.100387573242187 0.038482666015625
0.0525054931640625 0.0706634521484375 -0.0756759643554688 -0.00749206542968749
-0.0348663330078125 0.0877151489257812 -0.0337295532226563 -0.0228843688964844
-0.103279113769531 0.047698974609375 -0.0394210815429688 0.0566673278808594
-0.117256164550781 -0.0166473388671875 -0.154739379882813 0.083892822265625
0.0401573181152344 0.0671157836914063 0.154205322265625 -0.0796356201171875
0.0718917846679688 -0.0058441162109375 0.0578536987304688 -0.0399513244628906
0.0233383178710938 -0.04656982421875 0.0415763854980469 0.026580810546875
-0.0157318115234375 -0.0429344177246094 0.100776672363281 0.022918701171875
-0.0353469848632813 -0.0230522155761719 0.126930236816406 -0.0368423461914063
-0.0481338500976563 0.00218582153320313 0.110137939453125 -0.098876953125
-0.0361862182617188 0.000183105468749998 0.0728530883789062 -0.127738952636719
-0.0311813354492188 -0.00687789916992187 0.0524978637695313 -0.110374450683594
-0.0422286987304688 -0.0164794921875 0.0515899658203125 -0.0833511352539063
-0.019744873046875 -0.0434646606445313 0.0515594482421875 -0.05267333984375
0.022552490234375 -0.0519905090332031 0.0225429534912109 -0.0295696258544922
0.0556602478027344 -0.0236701965332031 0.006439208984375 -0.0475578308105469
0.0686492919921875 0.0406951904296875 0.024871826171875 -0.106201171875
0.0490570068359375 0.089874267578125 0.0800323486328125 -0.1484375
0.0091400146484375 0.105232238769531 0.116020202636719 -0.112800598144531
-0.02264404296875 0.108955383300781 0.162979125976562 -0.043914794921875
0.0386619567871094 0.0578689575195312 0.0699119567871094 -0.013702392578125
0.0253829956054688 0.0126800537109375 0.0522842407226563 0.0403060913085938
0.0218429565429688 -0.00260162353515625 0.114990234375 0.03369140625
0.0138406753540039 -0.0114574432373047 0.137382507324219 -0.0297317504882812
0.000183105468750002 -0.0199012756347656 0.119926452636719 -0.0990219116210938
0.00115203857421875 -0.0355033874511719 0.0820541381835937 -0.126068115234375
0.00648117065429688 -0.0382575988769531 0.0578842163085938 -0.106216430664063
0.00232315063476563 -0.0487442016601562 0.0562057495117187 -0.0761871337890625
0.0322074890136719 -0.0565147399902344 0.0556182861328125 -0.0432815551757812
0.0699577331542969 -0.0327987670898438 0.0204067230224609 -0.0174655914306641
0.086669921875 0.0162506103515625 0.000577926635742195 -0.0319690704345703
0.0560150146484375 0.0937042236328125 0.00769805908203126 -0.0898590087890625
0.00584411621093751 0.141250610351563 0.0632705688476563 -0.120712280273437
-0.0460968017578125 0.143585205078125 0.100288391113281 -0.0751495361328125
-0.0890045166015625 0.133934020996094 0.149810791015625 0.00532531738281251
-0.00956726074218751 0.116905212402344 0.0686378479003906 0.0274391174316406
0.0188522338867187 0.0786666870117188 0.0580291748046875 0.0620307922363281
0.0569343566894531 0.0472526550292969 0.121147155761719 0.04962158203125
0.0645179748535156 0.0065460205078125 0.136260986328125 -0.016357421875
0.0527725219726563 -0.0376968383789062 0.117866516113281 -0.08648681640625
0.0411643981933594 -0.0668258666992188 0.0820083618164063 -0.107276916503906
0.0435523986816406 -0.0645065307617188 0.055389404296875 -0.0855484008789063
0.045806884765625 -0.0756149291992188 0.0500144958496094 -0.0540504455566406
0.0769729614257813 -0.0660629272460938 0.0463485717773438 -0.0255966186523438
0.107994079589844 -0.0181198120117187 0.00961971282958985 -0.00405502319335938
0.110557556152344 0.0441818237304688 -0.00940322875976562 -0.0188674926757812
0.047515869140625 0.12908935546875 -0.00774383544921875 -0.0709457397460937
-0.026641845703125 0.173751831054688 0.0452117919921875 -0.0838088989257812
-0.090087890625 0.163650512695312 0.0693168640136719 -0.0302619934082031
-0.14385986328125 0.134323120117188 0.111358642578125 0.0610504150390625
-0.0637054443359375 0.154861450195313 0.0496368408203125 0.078521728515625
-0.000541687011718742 0.1353759765625 0.0540084838867188 0.0878448486328125
0.0785675048828125 0.0976028442382813 0.111900329589844 0.0677413940429688
0.105331420898438 0.0312042236328125 0.119346618652344 0.00275421142578125
0.0999526977539063 -0.045745849609375 0.10150146484375 -0.0618362426757812
0.0760345458984375 -0.086639404296875 0.07000732421875 -0.0723342895507812
0.0739288330078125 -0.0806808471679688 0.0430984497070313 -0.0501136779785156
0.0799102783203125 -0.092498779296875 0.0351676940917969 -0.0225334167480469
0.108985900878906 -0.0706863403320313 0.0268726348876953 -0.00239372253417969
0.131416320800781 -0.0051116943359375 -0.00726985931396484 0.0104942321777344
0.122421264648438 0.0632553100585938 -0.0197181701660156 -0.00775909423828124
0.0372467041015625 0.14739990234375 -0.0157089233398437 -0.0522117614746094
-0.0521392822265625 0.183746337890625 0.0323028564453125 -0.0420036315917969
-0.120437622070313 0.1624755859375 0.0304279327392578 0.0162906646728516
-0.174163818359375 0.10711669921875 0.0529327392578125 0.1109619140625
-0.109527587890625 0.155517578125 0.0131988525390625 0.126792907714844
-0.0314788818359375 0.16204833984375 0.0377960205078125 0.110992431640625
0.0760955810546875 0.13470458984375 0.088043212890625 0.0823745727539063
0.1236572265625 0.0568084716796875 0.0868911743164063 0.0216827392578125
0.130668640136719 -0.0403289794921875 0.07073974609375 -0.029998779296875
0.100006103515625 -0.0908203125 0.0464630126953125 -0.0278739929199219
0.092803955078125 -0.0838088989257813 0.024078369140625 -0.00700950622558594
0.101432800292969 -0.0958175659179688 0.0133199691772461 0.0149116516113281
0.126350402832031 -0.0679092407226563 0.000337600708007819 0.0232734680175781
0.1402587890625 0.006866455078125 -0.0284099578857422 0.023223876953125
0.121322631835938 0.0765914916992188 -0.0313186645507812 -0.00182151794433593
0.0204925537109375 0.151092529296875 -0.0177955627441406 -0.0375518798828125
-0.0747528076171875 0.173202514648438 0.0224895477294922 -0.000888824462890614
-0.141220092773437 0.140029907226563 -0.0147285461425781 0.0571823120117188
-0.1688232421875 0.05853271484375 -0.010528564453125 0.14556884765625
-0.131523132324219 0.118179321289063 -0.029510498046875 0.1602783203125
-0.0604705810546875 0.146865844726563 0.0166778564453125 0.123008728027344
0.0493316650390625 0.14306640625 0.054595947265625 0.0863800048828125
0.112396240234375 0.07318115234375 0.046630859375 0.0340309143066406
0.135231018066406 -0.0244903564453125 0.0324916839599609 0.00189590454101562
0.106788635253906 -0.078582763671875 0.0163812637329102 0.0165567398071289
0.0970001220703125 -0.0742874145507812 0.00140762329101563 0.0363311767578125
0.107017517089844 -0.0861358642578125 -0.0120773315429687 0.0519447326660156
0.128036499023438 -0.0571746826171875 -0.0299224853515625 0.0478401184082031
0.134254455566406 0.0171127319335938 -0.0530433654785156 0.0331382751464844
0.108360290527344 0.0833663940429688 -0.0450439453125 -0.000389099121093745
0.000656127929687511 0.14361572265625 -0.0197429656982422 -0.0281734466552734
-0.0948333740234375 0.1458740234375 0.00898933410644531 0.0305557250976563
-0.149826049804687 0.0993194580078125 -0.0621109008789063 0.0854110717773437
-0.131317138671875 -0.00248718261718747 -0.06591796875 0.157516479492188
-0.122642517089844 0.0543060302734375 -0.0655975341796875 0.171859741210938
-0.076263427734375 0.0953903198242188 -0.00112152099609376 0.122871398925781
0.0108184814453125 0.118316650390625 0.0238723754882813 0.07867431640625
0.0766067504882813 0.0756149291992188 0.00931549072265626 0.0365982055664063
0.114151000976562 -0.0036773681640625 -0.00547790527343749 0.0271797180175781
0.0968093872070312 -0.0539016723632813 -0.0144805908203125 0.0548286437988281
0.0860443115234375 -0.0534896850585938 -0.02166748046875 0.0739364624023438
0.0970687866210938 -0.0654830932617188 -0.0367965698242187 0.0849609375
0.113777160644531 -0.0405426025390625 -0.0613288879394531 0.0687980651855469
0.114494323730469 0.0240097045898438 -0.0788421630859375 0.0399703979492188
0.08642578125 0.0814437866210938 -0.0612869262695312 -0.00227737426757811
-0.01849365234375 0.123756408691406 -0.0250015258789062 -0.0243263244628906
-0.105415344238281 0.105697631835938 -0.0101470947265625 0.0508689880371094
-0.142990112304688 0.047576904296875 -0.110443115234375 0.097198486328125
-0.0726470947265625 -0.0631561279296875 -0.098663330078125 0.148941040039063
-0.0898056030273438 -0.0184402465820313 -0.0821685791015625 0.1646728515625
-0.075286865234375 0.0257034301757813 -0.00730133056640627 0.1123046875
-0.0279388427734375 0.0709228515625 0.00341796875 0.0646705627441406
0.0283317565917969 0.0619544982910156 -0.0157470703125 0.0320072174072266
0.0727310180664062 0.017425537109375 -0.035125732421875 0.0429306030273438
0.0706787109375 -0.0206375122070313 -0.0392379760742188 0.08038330078125
0.0631523132324219 -0.0256271362304688 -0.0409927368164063 0.100738525390625
0.072662353515625 -0.0356903076171875 -0.05865478515625 0.108833312988281
0.0838470458984375 -0.0204315185546875 -0.0885009765625 0.0835952758789062
0.0818710327148438 0.025390625 -0.102256774902344 0.0433807373046875
0.0576400756835937 0.0671958923339844 -0.0780868530273438 -0.00600433349609375
-0.0299530029296875 0.0910873413085938 -0.0352668762207031 -0.024169921875
-0.0999603271484375 0.05584716796875 -0.0352630615234375 0.0578384399414063
-0.117294311523437 -0.00904846191406252 -0.152999877929688 0.090789794921875
0.0434608459472656 0.0673866271972656 0.15826416015625 -0.087554931640625
0.0718765258789063 -0.00859832763671875 0.0561561584472656 -0.0430755615234375
0.0220718383789063 -0.0478782653808594 0.0433311462402344 0.02783203125
-0.0179405212402344 -0.0424575805664063 0.106452941894531 0.021392822265625
-0.0372581481933594 -0.021484375 0.132064819335938 -0.0438995361328125
-0.0483474731445313 0.00546264648437499 0.111923217773438 -0.109718322753906
-0.0367164611816406 0.00235366821289063 0.07073974609375 -0.137702941894531
-0.0318012237548828 -0.006195068359375 0.0490646362304688 -0.119171142578125
-0.0426788330078125 -0.0135154724121094 0.0486526489257813 -0.091766357421875
-0.0224418640136719 -0.0426483154296875 0.051239013671875 -0.0617179870605469
0.0194854736328125 -0.0541610717773438 0.0244178771972656 -0.0358123779296875
0.0559234619140625 -0.0265884399414063 0.00843429565429688 -0.0517692565917969
0.07275390625 0.03826904296875 0.025421142578125 -0.111160278320313
0.0541152954101563 0.0891647338867188 0.0800933837890625 -0.157516479492188
0.0136184692382812 0.107284545898438 0.119384765625 -0.125526428222656
-0.021240234375 0.114639282226563 0.168853759765625 -0.051513671875
0.0402107238769531 0.0599212646484375 0.0693168640136719 -0.0169601440429687
0.0270538330078125 0.0153884887695313 0.0545997619628906 0.0422401428222656
0.0236568450927734 -0.00165176391601562 0.121475219726562 0.0328216552734375
0.0145788192749023 -0.0117378234863281 0.14288330078125 -0.0362396240234375
0.00152397155761719 -0.0202980041503906 0.121749877929687 -0.108596801757812
0.00137710571289062 -0.037750244140625 0.079437255859375 -0.136604309082031
0.00605392456054687 -0.041229248046875 0.0542068481445312 -0.114913940429687
0.00218582153320312 -0.0509033203125 0.0527191162109375 -0.0844573974609375
0.0321464538574219 -0.0593376159667969 0.0549850463867188 -0.0522003173828125
0.0715484619140625 -0.0373458862304688 0.0217399597167969 -0.0241184234619141
0.0907211303710938 0.0138320922851563 0.00238037109375001 -0.0366706848144531
0.0616607666015625 0.0956039428710937 0.00792694091796876 -0.094482421875
0.0104217529296875 0.146224975585938 0.0630569458007813 -0.129554748535156
-0.042999267578125 0.149765014648438 0.104438781738281 -0.0866165161132813
-0.0896759033203125 0.14453125 0.155517578125 -0.000244140624999991
-0.0068511962890625 0.124542236328125 0.0692253112792969 0.0246925354003906
0.0227584838867187 0.085540771484375 0.0603179931640625 0.0639801025390625
0.0633964538574219 0.0485420227050781 0.126625061035156 0.0486526489257813
0.0694084167480469 0.0046844482421875 0.141433715820313 -0.0211181640625
0.0552177429199219 -0.0415496826171875 0.119453430175781 -0.094573974609375
0.0406036376953125 -0.0726089477539063 0.0796585083007812 -0.116340637207031
0.043304443359375 -0.0710601806640625 0.051544189453125 -0.0931396484375
0.0453414916992188 -0.0817413330078125 0.0469398498535156 -0.0614395141601563
0.0778427124023437 -0.0726394653320313 0.0451240539550781 -0.0332603454589844
0.112770080566406 -0.023590087890625 0.00976753234863282 -0.00896549224853516
0.117774963378906 0.042236328125 -0.00825119018554687 -0.0231494903564453
0.0548934936523438 0.134147644042969 -0.00778961181640624 -0.0752182006835937
-0.0212249755859375 0.183563232421875 0.0450668334960938 -0.091217041015625
-0.08837890625 0.174240112304688 0.0738067626953125 -0.039154052734375
-0.147186279296875 0.149124145507813 0.117195129394531 0.0582656860351563
-0.060577392578125 0.166183471679688 0.051300048828125 0.0778427124023438
0.00506591796875001 0.1455078125 0.055816650390625 0.090576171875
0.0882034301757813 0.100341796875 0.117698669433594 0.0676498413085938
0.113533020019531 0.027618408203125 0.123397827148438 0.000213623046875002
0.10394287109375 -0.05255126953125 0.102310180664063 -0.067230224609375
0.075958251953125 -0.0956878662109375 0.0682525634765625 -0.0792388916015625
0.07379150390625 -0.0899505615234375 0.0407218933105469 -0.0554962158203125
0.0796279907226562 -0.10223388671875 0.0322113037109375 -0.0272006988525391
0.111091613769531 -0.08056640625 0.0257339477539063 -0.00776481628417969
0.138580322265625 -0.0123443603515625 -0.00824499130249022 0.00718402862548828
0.132698059082031 0.060821533203125 -0.0198936462402344 -0.0112209320068359
0.046295166015625 0.1551513671875 -0.0169754028320312 -0.0556793212890625
-0.046051025390625 0.196975708007813 0.0329093933105469 -0.0473785400390625
-0.120162963867187 0.175765991210938 0.0337486267089844 0.0104827880859375
-0.178680419921875 0.122573852539063 0.0577850341796875 0.112617492675781
-0.10833740234375 0.169601440429688 0.0156784057617187 0.128890991210938
-0.0254974365234375 0.175247192382813 0.0397109985351563 0.114715576171875
0.087554931640625 0.138908386230469 0.09210205078125 0.0838241577148438
0.133583068847656 0.0535354614257813 0.0900497436523438 0.0216293334960938
0.13543701171875 -0.0485000610351562 0.0707778930664063 -0.0317001342773438
0.100242614746094 -0.101425170898438 0.0464401245117188 -0.0317268371582031
0.0932159423828125 -0.0949172973632812 0.0239410400390625 -0.00929641723632813
0.101600646972656 -0.107391357421875 0.0114908218383789 0.0141582489013672
0.129348754882813 -0.0793380737304688 -0.000736236572265618 0.0215682983398437
0.149169921875 -0.0015106201171875 -0.0306510925292969 0.0223503112792969
0.133010864257813 0.0739288330078125 -0.0328006744384766 -0.00448226928710937
0.0293121337890625 0.160202026367187 -0.0193862915039063 -0.0404014587402344
-0.0699005126953125 0.186981201171875 0.0244083404541016 -0.00483703613281249
-0.14190673828125 0.153610229492187 -0.0117607116699219 0.0555648803710938
-0.175521850585938 0.0717010498046875 -0.007537841796875 0.151687622070313
-0.132652282714844 0.131294250488281 -0.027252197265625 0.165054321289063
-0.0573577880859375 0.160018920898438 0.0182037353515625 0.127052307128906
0.0601806640625 0.1483154296875 0.0573806762695313 0.0885848999023438
0.122970581054688 0.0706253051757813 0.0482139587402344 0.0368995666503906
0.1405029296875 -0.0329666137695313 0.0323505401611328 0.003631591796875
0.107650756835937 -0.089202880859375 0.0178737640380859 0.0169162750244141
0.09759521484375 -0.0850448608398438 0.00270462036132813 0.0374031066894531
0.107452392578125 -0.0977020263671875 -0.0123443603515625 0.054473876953125
0.131103515625 -0.0683822631835937 -0.0315437316894531 0.0493698120117187
0.143264770507813 0.0101470947265625 -0.0563011169433594 0.0344886779785156
0.119361877441406 0.0816268920898438 -0.0480537414550781 -0.00164031982421874
0.00823974609375 0.15252685546875 -0.0213127136230469 -0.0306816101074219
-0.0913543701171875 0.16015625 0.0114383697509766 0.0285472869873047
-0.1513671875 0.112106323242188 -0.0615310668945313 0.0878219604492187
-0.138534545898438 0.00617980957031248 -0.0647735595703125 0.166656494140625
-0.125267028808594 0.0634918212890625 -0.0642547607421875 0.1793212890625
-0.0764617919921875 0.105865478515625 -0.000495910644531252 0.126716613769531
0.0186843872070312 0.123893737792969 0.0244979858398438 0.0824432373046875
0.0858154296875 0.0736618041992188 0.00939178466796876 0.0413627624511719
0.118637084960938 -0.0109710693359375 -0.00644493103027343 0.0315361022949219
0.0972976684570313 -0.0626449584960938 -0.0119285583496094 0.0586318969726562
0.0869293212890625 -0.0627670288085938 -0.018585205078125 0.078369140625
0.0976409912109375 -0.074981689453125 -0.0363922119140625 0.090362548828125
0.116043090820313 -0.0498199462890625 -0.0625228881835937 0.0737533569335938
0.121849060058594 0.0178070068359375 -0.0829925537109375 0.0439376831054687
0.09515380859375 0.0796661376953125 -0.0656700134277344 -0.00263977050781251
-0.0125885009765625 0.131332397460937 -0.0268878936767578 -0.0266189575195312
-0.104156494140625 0.117599487304688 -0.00819015502929689 0.0513458251953125
-0.14599609375 0.057586669921875 -0.111831665039063 0.1031494140625
-0.07928466796875 -0.0603866577148438 -0.099365234375 0.16021728515625
-0.09405517578125 -0.0131683349609375 -0.08148193359375 0.17364501953125
-0.0776519775390625 0.0327835083007813 -0.00692749023437499 0.116203308105469
-0.023712158203125 0.0756454467773438 0.00368881225585937 0.0687408447265625
0.0344161987304688 0.0621490478515625 -0.0168266296386719 0.0377120971679688
0.076202392578125 0.0129318237304688 -0.0350227355957031 0.0496482849121094
0.0713119506835938 -0.0266876220703125 -0.0361404418945313 0.086761474609375
0.0636215209960938 -0.0313720703125 -0.0367584228515625 0.107284545898438
0.0731124877929688 -0.0419387817382813 -0.05731201171875 0.116462707519531
0.0850143432617188 -0.0266036987304687 -0.0908355712890625 0.0912704467773438
0.087005615234375 0.0211029052734375 -0.106697082519531 0.0488815307617187
0.06353759765625 0.0661964416503906 -0.0831527709960938 -0.00530242919921873
-0.0269699096679688 0.0963058471679688 -0.0376243591308594 -0.0259666442871094
-0.100051879882813 0.0640716552734375 -0.0325393676757813 0.0600471496582031
-0.120323181152344 -0.00239562988281251 -0.156158447265625 0.098785400390625
0.0489845275878906 0.069244384765625 0.165069580078125 -0.10113525390625
0.0747909545898438 -0.012176513671875 0.0561065673828125 -0.0478286743164062
0.0213127136230469 -0.0509681701660156 0.0466575622558594 0.0297698974609375
-0.0214424133300781 -0.0435752868652344 0.1156005859375 0.0189361572265625
-0.0410728454589844 -0.0194931030273438 0.139167785644531 -0.054718017578125
-0.049774169921875 0.0100784301757813 0.114151000976563 -0.125785827636719
-0.0381202697753906 0.00467300415039062 0.0661468505859375 -0.15252685546875
-0.0338191986083984 -0.00459861755371094 0.043182373046875 -0.131462097167969
-0.0443382263183594 -0.0115280151367188 0.0445556640625 -0.102890014648438
-0.025390625 -0.0420951843261719 0.049530029296875 -0.0730056762695313
0.0167732238769531 -0.0576019287109375 0.0256614685058594 -0.0436630249023438
0.0573654174804688 -0.0316314697265625 0.0094146728515625 -0.0587387084960937
0.0796432495117188 0.0360183715820313 0.0246658325195312 -0.119735717773438
0.06201171875 0.0906906127929688 0.079193115234375 -0.172378540039063
0.020233154296875 0.111495971679688 0.124008178710938 -0.14508056640625
-0.0178298950195313 0.124542236328125 0.177017211914063 -0.0634765625
0.0447196960449219 0.0643806457519531 0.0703887939453125 -0.0215988159179688
0.0304508209228516 0.0178890228271484 0.0583305358886719 0.0439682006835938
0.0261745452880859 -0.00192832946777344 0.130897521972656 0.0298309326171875
0.0163078308105469 -0.0129022598266602 0.150604248046875 -0.0465850830078125
0.00220489501953125 -0.0213031768798828 0.123771667480469 -0.124565124511719
-0.000301361083984375 -0.041595458984375 0.075775146484375 -0.151687622070313
0.00427627563476562 -0.045654296875 0.0485382080078125 -0.127250671386719
0.000473022460937495 -0.054779052734375 0.0484695434570313 -0.0951309204101563
0.0312385559082031 -0.0651588439941406 0.0537872314453125 -0.0639991760253906
0.0738601684570313 -0.0430068969726562 0.0225830078125 -0.0316791534423828
0.097381591796875 0.0100479125976563 0.0034332275390625 -0.0429229736328125
0.071136474609375 0.0989913940429688 0.00658416748046876 -0.101593017578125
0.0192718505859375 0.155410766601563 0.061981201171875 -0.14324951171875
-0.0387115478515625 0.161849975585937 0.109565734863281 -0.103187561035156
-0.0889129638671875 0.162063598632813 0.16510009765625 -0.00877380371093749
-0.00164794921875001 0.135101318359375 0.0714797973632813 0.0224227905273438
0.0301284790039063 0.0938720703125 0.0648612976074219 0.06695556640625
0.0721206665039063 0.0495758056640625 0.136550903320313 0.04681396484375
0.0761871337890625 0.00054168701171875 0.1490478515625 -0.0294189453125
0.0578498840332031 -0.047760009765625 0.121162414550781 -0.107955932617187
0.0392227172851563 -0.0815353393554687 0.0768585205078125 -0.130233764648437
0.0418472290039063 -0.0805740356445313 0.0471038818359375 -0.103569030761719
0.0441513061523438 -0.0918197631835938 0.04315185546875 -0.0697517395019531
0.0792617797851563 -0.08349609375 0.0438385009765625 -0.0432929992675781
0.1199951171875 -0.0327529907226563 0.00998210906982423 -0.0153160095214844
0.129600524902344 0.0380935668945312 -0.00886917114257812 -0.0276908874511719
0.06689453125 0.142181396484375 -0.0101547241210937 -0.0812759399414062
-0.0122833251953125 0.198898315429688 0.04425048828125 -0.10186767578125
-0.0857086181640625 0.191131591796875 0.0788955688476563 -0.0510711669921875
-0.149307250976563 0.1708984375 0.126731872558594 0.0558090209960938
-0.055938720703125 0.183685302734375 0.0545425415039063 0.0785369873046875
0.0147857666015625 0.159912109375 0.060791015625 0.0949172973632813
0.102386474609375 0.103317260742188 0.126976013183594 0.0673751831054688
0.12518310546875 0.0222396850585938 0.131210327148437 -0.00481414794921875
0.108535766601562 -0.0631103515625 0.104133605957031 -0.0756454467773438
0.0750198364257813 -0.108909606933594 0.067108154296875 -0.0893325805664063
0.072723388671875 -0.103248596191406 0.0383491516113281 -0.062774658203125
0.079132080078125 -0.116912841796875 0.0300579071044922 -0.0316448211669922
0.113906860351563 -0.0948715209960938 0.0246639251708984 -0.0136375427246094
0.14910888671875 -0.0234222412109375 -0.00947189331054687 0.00402355194091796
0.147064208984375 0.0568084716796875 -0.0218563079833984 -0.0144863128662109
0.0594635009765625 0.165618896484375 -0.0195083618164062 -0.0605697631835937
-0.0368804931640625 0.215911865234375 0.0333938598632813 -0.0553932189941406
-0.119277954101562 0.19598388671875 0.0382499694824219 0.00410079956054689
-0.185150146484375 0.145172119140625 0.0662918090820312 0.116981506347656
-0.1058349609375 0.189910888671875 0.019866943359375 0.1343994140625
-0.0161590576171875 0.193466186523437 0.04473876953125 0.120590209960938
0.104263305664063 0.144332885742188 0.100578308105469 0.0852203369140625
0.148849487304688 0.0479278564453125 0.0964736938476563 0.0206069946289063
0.142135620117188 -0.0616607666015625 0.072906494140625 -0.034942626953125
0.100387573242188 -0.116920471191406 0.0472335815429688 -0.0369529724121094
0.0926971435546875 -0.109939575195313 0.0232753753662109 -0.0122623443603516
0.101158142089844 -0.124305725097656 0.0105438232421875 0.0138559341430664
0.133155822753906 -0.0956268310546875 -0.00225830078124999 0.0201778411865234
0.161178588867188 -0.01287841796875 -0.0332469940185547 0.0229473114013672
0.14874267578125 0.07061767578125 -0.0360794067382812 -0.00620269775390625
0.0432586669921875 0.172103881835938 -0.0222320556640625 -0.0443115234375
-0.0626068115234375 0.208175659179688 0.0260601043701172 -0.0095996856689453
-0.142852783203125 0.1744384765625 -0.00885391235351564 0.0558280944824219
-0.184310913085938 0.0904693603515625 -0.00201416015625002 0.16192626953125
-0.13421630859375 0.150588989257812 -0.0235595703125 0.175689697265625
-0.051239013671875 0.179336547851563 0.0220794677734375 0.134323120117188
0.075592041015625 0.155731201171875 0.0633544921875 0.0932235717773438
0.137886047363281 0.0667953491210938 0.0523834228515625 0.0395889282226563
0.148345947265625 -0.0454254150390625 0.0342502593994141 0.00565719604492187
0.108688354492188 -0.104682922363281 0.0199317932128906 0.0170555114746094
0.098052978515625 -0.0995254516601563 0.00466918945312501 0.0388717651367187
0.108177185058594 -0.114326477050781 -0.0120048522949219 0.0593490600585937
0.135162353515625 -0.0846481323242188 -0.0328788757324219 0.0533561706542969
0.155288696289063 -0.0006103515625 -0.0602073669433594 0.0385284423828125
0.134574890136719 0.0787353515625 -0.0525245666503906 -0.00158309936523438
0.0195465087890625 0.165237426757813 -0.0249710083007812 -0.0337104797363281
-0.0864410400390625 0.1795654296875 0.0141315460205078 0.0272789001464844
-0.154403686523438 0.131072998046875 -0.06036376953125 0.0934906005859375
-0.14837646484375 0.018341064453125 -0.0630950927734375 0.182723999023437
-0.1300048828125 0.0778884887695312 -0.061492919921875 0.19329833984375
-0.0748443603515625 0.122116088867188 0.00327301025390623 0.134803771972656
0.0293121337890625 0.132118225097656 0.0281600952148438 0.0878067016601563
0.098175048828125 0.072021484375 0.011199951171875 0.0467147827148438
0.125900268554688 -0.0208358764648437 -0.00481414794921874 0.0378990173339844
0.0987167358398438 -0.0750503540039063 -0.00812530517578125 0.0641403198242188
0.0880584716796875 -0.0745010375976563 -0.0147628784179688 0.0845184326171875
0.0981216430664062 -0.0881805419921875 -0.0343246459960937 0.0995407104492188
0.119888305664062 -0.0635833740234375 -0.0643157958984375 0.0825958251953125
0.132720947265625 0.00997161865234375 -0.0882568359375 0.0508041381835938
0.10833740234375 0.0780258178710938 -0.0712661743164063 -0.000793457031249995
-0.0041046142578125 0.1427001953125 -0.0308971405029297 -0.0283966064453125
-0.101577758789062 0.133804321289063 -0.00450515747070313 0.0527229309082031
-0.150253295898437 0.07208251953125 -0.1138916015625 0.113433837890625
-0.088409423828125 -0.0572280883789063 -0.10009765625 0.178421020507813
-0.101051330566406 -0.00726318359375 -0.0796661376953125 0.188888549804688
-0.0802154541015625 0.0420379638671875 -0.00435638427734375 0.12353515625
-0.018707275390625 0.0823516845703125 0.0043182373046875 0.0749588012695313
0.0425033569335938 0.0625495910644531 -0.0173759460449219 0.0448455810546875
0.0816802978515625 0.00682830810546875 -0.0341911315917969 0.0589141845703125
0.0731658935546875 -0.035003662109375 -0.0314559936523438 0.0957794189453125
0.065093994140625 -0.0391769409179688 -0.031646728515625 0.116645812988281
0.0743560791015625 -0.0513153076171875 -0.05474853515625 0.128997802734375
0.088653564453125 -0.0361328125 -0.092376708984375 0.103378295898437
0.094696044921875 0.016082763671875 -0.113555908203125 0.0581130981445313
0.073150634765625 0.0655899047851563 -0.0902328491210938 -0.00274658203124998
-0.0226974487304688 0.104248046875 -0.0419044494628906 -0.0275917053222656
-0.101333618164063 0.074981689453125 -0.0299491882324219 0.0640487670898438
-0.1259765625 0.00563049316406252 -0.16259765625 0.113006591796875
0.0569343566894531 0.069183349609375 0.169647216796875 -0.1214599609375
0.0770263671875 -0.017669677734375 0.0540695190429688 -0.0539703369140625
0.0186767578125 -0.0551872253417969 0.0517234802246094 0.0300712585449219
-0.0261688232421875 -0.0437812805175781 0.125785827636719 0.0123443603515625
-0.04534912109375 -0.0156898498535156 0.14434814453125 -0.070709228515625
-0.0504531860351563 0.0164108276367188 0.110794067382813 -0.146926879882813
-0.0393104553222656 0.00889968872070312 0.0562896728515625 -0.170852661132813
-0.0363731384277344 -0.00209045410156251 0.0323028564453125 -0.145309448242188
-0.0470046997070313 -0.0074310302734375 0.0360565185546875 -0.116340637207031
-0.0304107666015625 -0.0415496826171875 0.0444412231445312 -0.0868148803710938
0.0114288330078125 -0.0616302490234375 0.0244255065917969 -0.0536537170410156
0.0575218200683594 -0.0381965637207031 0.00857162475585937 -0.0667877197265625
0.0872955322265625 0.0306472778320313 0.019500732421875 -0.13037109375
0.0727157592773437 0.09027099609375 0.072113037109375 -0.192031860351563
0.0304794311523437 0.11590576171875 0.12286376953125 -0.169891357421875
-0.00992584228515626 0.136024475097656 0.184677124023438 -0.0821380615234375
0.0520553588867188 0.0664825439453125 0.0704574584960938 -0.02783203125
0.0353431701660156 0.018951416015625 0.064697265625 0.04425048828125
0.02923583984375 -0.00350189208984375 0.142120361328125 0.022705078125
0.0169172286987305 -0.0151433944702148 0.156600952148438 -0.0626678466796875
0.00189590454101563 -0.0226783752441406 0.121078491210938 -0.145111083984375
-0.0035247802734375 -0.0448074340820313 0.0657958984375 -0.169876098632813
0.000247955322265623 -0.0498313903808594 0.0380096435546875 -0.141494750976563
-0.00302886962890626 -0.0590972900390625 0.0408401489257812 -0.108146667480469
0.0280990600585938 -0.0718460083007813 0.0491561889648438 -0.0776443481445313
0.074951171875 -0.05267333984375 0.0210494995117188 -0.0403671264648437
0.105094909667969 0.00260162353515625 0.0022125244140625 -0.0501823425292969
0.0848617553710938 0.100601196289063 0.000968933105468757 -0.110244750976562
0.033477783203125 0.164840698242188 0.0554351806640625 -0.159439086914062
-0.0287628173828125 0.176254272460938 0.110435485839844 -0.12445068359375
-0.082244873046875 0.183578491210938 0.17578125 -0.0232391357421875
0.00979614257812499 0.147720336914063 0.074981689453125 0.017974853515625
0.041839599609375 0.101425170898438 0.0726699829101563 0.067962646484375
0.0835342407226563 0.0478439331054688 0.148651123046875 0.0399017333984375
0.0829391479492188 -0.00666046142578125 0.156509399414063 -0.042938232421875
0.0592803955078125 -0.0565681457519531 0.119880676269531 -0.125465393066406
0.0347518920898438 -0.0926437377929688 0.0683441162109375 -0.146469116210938
0.0366897583007813 -0.091766357421875 0.0380020141601563 -0.11566162109375
0.0390090942382813 -0.103675842285156 0.0365982055664063 -0.0801544189453125
0.0775604248046875 -0.0975723266601563 0.0400733947753906 -0.0543861389160156
0.125885009765625 -0.0460205078125 0.00776863098144532 -0.021697998046875
0.142791748046875 0.0291900634765625 -0.0105667114257812 -0.0329723358154297
0.0852813720703125 0.148391723632813 -0.0156021118164062 -0.087799072265625
0.0049591064453125 0.215301513671875 0.0398101806640625 -0.114776611328125
-0.0758819580078125 0.213058471679687 0.0819473266601563 -0.0669326782226562
-0.146209716796875 0.199462890625 0.138893127441406 0.0491943359375
-0.043548583984375 0.204238891601563 0.061309814453125 0.0783233642578125
0.03173828125 0.174484252929688 0.0698776245117188 0.098175048828125
0.121009826660156 0.102317810058594 0.139076232910156 0.0633087158203125
0.137901306152344 0.0113372802734375 0.139350891113281 -0.0143966674804688
0.111618041992188 -0.078094482421875 0.10504150390625 -0.08819580078125
0.06939697265625 -0.124977111816406 0.06195068359375 -0.101921081542969
0.0671768188476563 -0.120002746582031 0.0328521728515625 -0.0717544555664063
0.0729598999023437 -0.13427734375 0.0258102416992188 -0.0377235412597656
0.112503051757812 -0.113998413085938 0.0221652984619141 -0.0207595825195313
0.15838623046875 -0.0406494140625 -0.0116682052612305 0.00131702423095703
0.16497802734375 0.046722412109375 -0.024993896484375 -0.0177783966064453
0.0811004638671875 0.174774169921875 -0.0247688293457031 -0.0651435852050781
-0.0192413330078125 0.237594604492188 0.0312232971191406 -0.0644721984863281
-0.11126708984375 0.2220458984375 0.0426788330078125 -0.00414276123046874
-0.186050415039063 0.175460815429687 0.0791168212890625 0.119522094726563
-0.096588134765625 0.215423583984375 0.0290679931640625 0.140594482421875
0.00144958496093748 0.213363647460938 0.0540847778320313 0.125923156738281
0.12677001953125 0.145950317382813 0.111137390136719 0.08441162109375
0.165298461914062 0.03564453125 0.104118347167969 0.016143798828125
0.147232055664063 -0.08001708984375 0.0751800537109375 -0.040985107421875
0.0953521728515625 -0.136474609375 0.0462646484375 -0.0436210632324219
0.0875244140625 -0.129112243652344 0.0222015380859375 -0.0163803100585938
0.0954132080078125 -0.145355224609375 0.00983333587646485 0.0136823654174805
0.132049560546875 -0.117568969726563 -0.00312232971191406 0.0199489593505859
0.172897338867188 -0.0312652587890625 -0.0358543395996094 0.0249176025390625
0.168167114257813 0.060455322265625 -0.040435791015625 -0.00622177124023438
0.063629150390625 0.183639526367187 -0.0274314880371094 -0.0474472045898437
-0.04632568359375 0.232177734375 0.0270786285400391 -0.0147876739501953
-0.137649536132813 0.201583862304687 -0.00436401367187501 0.0555534362792969
-0.190032958984375 0.116775512695312 0.00932312011718749 0.174636840820312
-0.129241943359375 0.17559814453125 -0.0137939453125 0.18798828125
-0.0370025634765625 0.200836181640625 0.031097412109375 0.142013549804688
0.09735107421875 0.160873413085938 0.0721054077148438 0.0953216552734375
0.155548095703125 0.0572052001953125 0.0583038330078125 0.0407638549804688
0.154983520507813 -0.0643463134765625 0.0371246337890625 0.0068511962890625
0.105026245117187 -0.124320983886719 0.0232143402099609 0.0167179107666016
0.093963623046875 -0.11846923828125 0.00794601440429688 0.0409278869628906
0.103507995605469 -0.135505676269531 -0.00904464721679687 0.0651016235351562
0.135635375976563 -0.105552673339844 -0.032470703125 0.0591659545898437
0.1676025390625 -0.0177154541015625 -0.0632247924804687 0.0455780029296875
0.15350341796875 0.07061767578125 -0.0582389831542969 0.00109481811523438
0.0379638671875 0.17755126953125 -0.0300445556640625 -0.035675048828125
-0.0738983154296875 0.202774047851562 0.0179901123046875 0.0256671905517578
-0.153228759765625 0.155960083007813 -0.0567092895507813 0.102043151855469
-0.157821655273438 0.0358428955078125 -0.054779052734375 0.202682495117188
-0.13214111328125 0.0975875854492187 -0.052734375 0.210418701171875
-0.0681304931640625 0.140869140625 0.0107879638671875 0.14312744140625
0.046173095703125 0.139633178710938 0.03399658203125 0.093170166015625
0.113357543945313 0.0659713745117188 0.0152816772460938 0.0524940490722656
0.132835388183594 -0.0359115600585937 -0.00116729736328124 0.0453224182128906
0.0970840454101562 -0.0912628173828125 -0.00127029418945312 0.0695686340332031
0.0856475830078125 -0.0903396606445312 -0.00751495361328124 0.0914993286132813
0.0956573486328125 -0.106094360351562 -0.0289382934570312 0.110893249511719
0.121498107910156 -0.0814971923828125 -0.0626678466796875 0.094024658203125
0.143203735351562 -0.00347900390625 -0.0919189453125 0.0619888305664063
0.124717712402344 0.0720596313476563 -0.0784988403320312 0.00395965576171876
0.00952148437499999 0.15460205078125 -0.0358734130859375 -0.0293617248535156
-0.0947113037109375 0.154251098632813 0.000804901123046869 0.055145263671875
-0.152557373046875 0.0918426513671875 -0.113090515136719 0.129585266113281
-0.099517822265625 -0.0506439208984375 -0.0951995849609375 0.202041625976563
-0.10809326171875 0.00358581542968751 -0.072052001953125 0.208480834960938
-0.0816650390625 0.0546035766601562 0.00267791748046876 0.132186889648438
-0.01055908203125 0.0909500122070313 0.00821685791015625 0.08160400390625
0.0526161193847656 0.061309814453125 -0.0149078369140625 0.0534439086914063
0.0871429443359375 -0.00209808349609375 -0.0294990539550781 0.070159912109375
0.073516845703125 -0.0453414916992188 -0.022552490234375 0.105873107910156
0.0644950866699219 -0.0494194030761719 -0.0212860107421875 0.127960205078125
0.0736083984375 -0.0629043579101563 -0.0462799072265625 0.144317626953125
0.090057373046875 -0.0478897094726563 -0.090606689453125 0.119697570800781
0.103256225585938 0.007049560546875 -0.117652893066406 0.072509765625
0.084259033203125 0.0621719360351562 -0.0990066528320313 0.00391387939453127
-0.013885498046875 0.114227294921875 -0.0470695495605469 -0.0280265808105469
-0.0992584228515625 0.090301513671875 -0.0251617431640625 0.06884765625
-0.131622314453125 0.0174942016601563 -0.164688110351563 0.1341552734375
0.06549072265625 0.0666313171386719 0.166030883789063 -0.144546508789063
0.077484130859375 -0.0254592895507813 0.0493621826171875 -0.0608253479003906
0.0135955810546875 -0.0583572387695313 0.0566673278808594 0.0281410217285156
-0.0318870544433594 -0.0424346923828125 0.13360595703125 0.00122833251953125
-0.0489273071289063 -0.00987625122070312 0.143264770507813 -0.08935546875
-0.0491714477539063 0.0233688354492188 0.0980224609375 -0.167373657226563
-0.0391998291015625 0.0139961242675781 0.0380859375 -0.185287475585938
-0.0374679565429688 0.00217437744140625 0.0155181884765625 -0.155715942382813
-0.0483932495117188 -0.00235748291015625 0.02203369140625 -0.126930236816406
-0.0362892150878906 -0.0387992858886719 0.0334701538085938 -0.0986251831054688
0.00411605834960938 -0.0639724731445313 0.0199241638183594 -0.0625839233398438
0.0551071166992188 -0.0455207824707031 0.00457763671875 -0.0740966796875
0.0936965942382812 0.0219573974609375 0.00971221923828125 -0.139198303222656
0.0845108032226563 0.0859527587890625 0.0565643310546875 -0.208709716796875
0.043182373046875 0.117088317871094 0.112319946289062 -0.195419311523438
0.0032806396484375 0.145355224609375 0.1854248046875 -0.105300903320312
0.0612716674804687 0.0667304992675781 0.0682525634765625 -0.0355186462402344
0.0401039123535156 0.0182113647460938 0.0706253051757813 0.0420379638671875
0.0312881469726563 -0.00628471374511719 0.15118408203125 0.01019287109375
0.0174970626831055 -0.0173530578613281 0.156463623046875 -0.081573486328125
0.000974655151367189 -0.0239963531494141 0.109832763671875 -0.1654052734375
-0.00894927978515625 -0.047119140625 0.0477142333984375 -0.185317993164063
-0.00600051879882813 -0.0534210205078125 0.02081298828125 -0.15203857421875
-0.00914382934570312 -0.0625267028808594 0.0267562866210937 -0.118759155273438
0.0212860107421875 -0.0783538818359375 0.0386428833007813 -0.0904541015625
0.0721511840820313 -0.0629196166992188 0.0171089172363281 -0.049102783203125
0.110641479492188 -0.008544921875 -0.00140762329101561 -0.0564079284667969
0.0998611450195313 0.0965347290039063 -0.0077362060546875 -0.116432189941406
0.0527191162109375 0.16925048828125 0.04229736328125 -0.174026489257813
-0.012298583984375 0.187271118164063 0.103729248046875 -0.147933959960938
-0.0663604736328125 0.203536987304687 0.181015014648438 -0.0423736572265625
0.0261077880859375 0.156112670898438 0.0765609741210937 0.011199951171875
0.0573577880859375 0.104568481445313 0.08056640625 0.06610107421875
0.0944900512695313 0.041259765625 0.158843994140625 0.0286102294921875
0.0869140625 -0.0168075561523438 0.158248901367188 -0.060821533203125
0.0569000244140625 -0.0662879943847656 0.111373901367187 -0.1434326171875
0.02471923828125 -0.101638793945313 0.0523223876953125 -0.160919189453125
0.02655029296875 -0.101150512695313 0.0237960815429687 -0.125450134277344
0.0287246704101563 -0.114425659179687 0.025665283203125 -0.0885772705078125
0.0696334838867188 -0.111640930175781 0.0317573547363281 -0.0651168823242188
0.126739501953125 -0.0640029907226563 0.00373840332031251 -0.0276660919189453
0.153549194335938 0.014617919921875 -0.0138931274414062 -0.0371856689453125
0.107009887695312 0.147491455078125 -0.0240325927734375 -0.0911941528320312
0.0298919677734375 0.226852416992187 0.0297470092773437 -0.1259765625
-0.05767822265625 0.232284545898437 0.0793304443359375 -0.0849761962890625
-0.13153076171875 0.2275390625 0.14947509765625 0.0374603271484375
-0.0228118896484375 0.220733642578125 0.0685501098632813 0.0753631591796875
0.0551910400390625 0.183013916015625 0.0797805786132812 0.0971603393554688
0.140327453613281 0.0936965942382813 0.150222778320313 0.0534515380859375
0.146713256835937 -0.005126953125 0.14300537109375 -0.028350830078125
0.108642578125 -0.0955047607421875 0.0999603271484375 -0.101806640625
0.0569915771484375 -0.14031982421875 0.0524139404296875 -0.112846374511719
0.0544967651367188 -0.1346435546875 0.0236740112304688 -0.078704833984375
0.0599365234375 -0.15081787109375 0.0197868347167969 -0.0424690246582031
0.103759765625 -0.133956909179688 0.0168437957763672 -0.0270824432373047
0.161849975585938 -0.0622100830078125 -0.0145244598388672 -0.000653266906738288
0.179428100585937 0.0289764404296875 -0.0283260345458984 -0.0190086364746094
0.106063842773437 0.176467895507813 -0.0321807861328125 -0.0672531127929687
0.00784301757812502 0.253433227539063 0.0259933471679688 -0.072906494140625
-0.0927886962890625 0.246231079101563 0.0445785522460937 -0.0142440795898437
-0.175338745117188 0.207595825195312 0.0935516357421875 0.118011474609375
-0.0760498046875 0.238250732421875 0.04107666015625 0.1429443359375
0.0281982421875 0.227157592773438 0.065643310546875 0.126937866210938
0.151290893554688 0.138824462890625 0.122894287109375 0.0786056518554688
0.17840576171875 0.0166168212890625 0.110237121582031 0.0089569091796875
0.145156860351563 -0.10198974609375 0.0752487182617188 -0.047760009765625
0.0821685791015625 -0.154937744140625 0.0427284240722656 -0.0502853393554688
0.074432373046875 -0.146987915039062 0.0196857452392578 -0.0196514129638672
0.081512451171875 -0.16552734375 0.00997257232666016 0.0132083892822266
0.123939514160156 -0.140327453613281 -0.00455856323242187 0.0186080932617187
0.177902221679688 -0.0546112060546875 -0.03753662109375 0.0280532836914062
0.184341430664062 0.0425262451171875 -0.043914794921875 -0.00491714477539063
0.0898590087890625 0.18719482421875 -0.0339431762695313 -0.0482521057128906
-0.02032470703125 0.250213623046875 0.0266609191894531 -0.0210456848144531
-0.121490478515625 0.22808837890625 0.00130081176757812 0.0539627075195313
-0.185348510742188 0.146957397460937 0.0260009765625 0.183135986328125
-0.115585327148438 0.200210571289063 0.00177001953125 0.197280883789063
-0.013916015625 0.218246459960938 0.04339599609375 0.145492553710937
0.12249755859375 0.157821655273438 0.0821380615234375 0.09381103515625
0.170501708984375 0.039794921875 0.0653495788574219 0.0398597717285156
0.154388427734375 -0.0862579345703125 0.0409927368164063 0.00642776489257812
0.093536376953125 -0.143234252929688 0.0263462066650391 0.0153388977050781
0.08258056640625 -0.136665344238281 0.0122451782226563 0.0412521362304687
0.0904998779296875 -0.155685424804688 -0.00267791748046874 0.06976318359375
0.128257751464844 -0.128662109375 -0.02923583984375 0.064361572265625
0.173797607421875 -0.040130615234375 -0.0631179809570312 0.0535812377929688
0.169952392578125 0.054962158203125 -0.0624160766601562 0.00576782226562501
0.0617218017578125 0.1837158203125 -0.0358428955078125 -0.0354118347167969
-0.052734375 0.223007202148437 0.0215530395507812 0.0225067138671875
-0.141677856445313 0.181640625 -0.0486907958984375 0.109443664550781
-0.160629272460938 0.058074951171875 -0.037750244140625 0.220046997070313
-0.126327514648438 0.11822509765625 -0.03607177734375 0.224990844726563
-0.053466796875 0.1588134765625 0.02239990234375 0.148666381835937
0.066162109375 0.1412353515625 0.0420455932617187 0.0959701538085938
0.127410888671875 0.0542678833007812 0.02117919921875 0.0568771362304688
0.134223937988281 -0.05413818359375 0.00565719604492188 0.0510330200195313
0.0890731811523438 -0.108207702636719 0.0070037841796875 0.0732803344726562
0.0775299072265625 -0.105804443359375 0.00258636474609375 0.0955734252929687
0.0857315063476562 -0.124275207519531 -0.0171279907226563 0.119834899902344
0.116004943847656 -0.101142883300781 -0.0563430786132812 0.105125427246094
0.150360107421875 -0.0224609375 -0.0905380249023438 0.0752182006835937
0.1392822265625 0.0599746704101563 -0.0833206176757812 0.0118255615234375
0.0287322998046875 0.162246704101563 -0.0415000915527344 -0.0282478332519531
-0.0800628662109375 0.173873901367188 0.00719070434570312 0.0555572509765625
-0.147979736328125 0.113616943359375 -0.104293823242188 0.145782470703125
-0.108863830566406 -0.0397491455078125 -0.080047607421875 0.224441528320313
-0.111366271972656 0.0176239013671875 -0.0558929443359375 0.225570678710938
-0.0776214599609375 0.0690765380859375 0.0124130249023437 0.137657165527344
0.00140380859375001 0.096221923828125 0.01409912109375 0.08697509765625
0.0624275207519531 0.0565834045410156 -0.00981521606445312 0.0617408752441406
0.0904006958007813 -0.0137939453125 -0.0209121704101562 0.0798187255859375
0.0699043273925781 -0.0564498901367188 -0.00949859619140624 0.114021301269531
0.0602149963378906 -0.06011962890625 -0.00659942626953124 0.135459899902344
0.0681381225585938 -0.0752029418945313 -0.0313873291015625 0.156982421875
0.0873031616210938 -0.0619583129882813 -0.0817489624023438 0.136184692382813
0.108634948730469 -0.00551605224609375 -0.116310119628906 0.089691162109375
0.09503173828125 0.0546112060546875 -0.104171752929688 0.014129638671875
-0.0018463134765625 0.121559143066406 -0.052520751953125 -0.0258445739746094
-0.0925979614257813 0.105300903320313 -0.0176010131835938 0.0726699829101563
-0.133049011230469 0.03228759765625 -0.158203125 0.157424926757812
0.0725860595703125 0.0615005493164063 0.1558837890625 -0.163589477539063
0.07574462890625 -0.03216552734375 0.043121337890625 -0.0650787353515625
0.00856399536132812 -0.0599899291992188 0.0600318908691406 0.0254898071289062
-0.0363883972167969 -0.0394744873046875 0.13653564453125 -0.01055908203125
-0.0500411987304688 -0.00391387939453125 0.135826110839844 -0.104629516601563
-0.0454635620117187 0.0294761657714844 0.0807342529296875 -0.181060791015625
-0.0376205444335938 0.0189857482910156 0.0178985595703125 -0.192276000976563
-0.0377693176269531 0.00630950927734375 -0.00273132324218751 -0.159194946289063
-0.0481986999511719 0.0027313232421875 0.00583648681640624 -0.132164001464844
-0.0402488708496094 -0.034332275390625 0.02001953125 -0.106231689453125
-0.00312042236328125 -0.0639114379882812 0.0131759643554687 -0.0699577331542969
0.0507736206054688 -0.0516281127929688 -0.000450134277343738 -0.07904052734375
0.0973358154296875 0.0127410888671875 -0.000717163085937496 -0.142562866210938
0.0939407348632812 0.0786666870117188 0.0383758544921875 -0.21917724609375
0.0541000366210938 0.114173889160156 0.0953216552734375 -0.214630126953125
0.0171051025390625 0.148651123046875 0.179580688476563 -0.12548828125
0.0690727233886719 0.0629959106445313 0.0641212463378906 -0.0413780212402344
0.0443916320800781 0.0163078308105469 0.074981689453125 0.0386962890625
0.0326023101806641 -0.00977516174316406 0.1552734375 -0.00201416015625
0.0164604187011719 -0.019195556640625 0.150909423828125 -0.0978851318359375
0.00011634826660156 -0.0250587463378906 0.0930023193359375 -0.179351806640625
-0.0142784118652344 -0.0471038818359375 0.02728271484375 -0.1932373046875
-0.0126304626464844 -0.0536537170410156 0.00242614746093749 -0.155975341796875
-0.0157318115234375 -0.0630226135253906 0.01129150390625 -0.1240234375
0.0135116577148438 -0.0815811157226563 0.0255661010742188 -0.098602294921875
0.06658935546875 -0.0711212158203125 0.0103225708007813 -0.0561256408691406
0.111320495605469 -0.0194320678710938 -0.00567626953124999 -0.0608062744140625
0.111862182617188 0.0890274047851563 -0.01708984375 -0.118148803710937
0.070404052734375 0.168136596679688 0.0266876220703125 -0.182373046875
0.00529479980468748 0.192047119140625 0.0916290283203125 -0.166213989257813
-0.047149658203125 0.215866088867188 0.180374145507813 -0.060638427734375
0.043060302734375 0.158233642578125 0.07568359375 0.00518035888671876
0.0717849731445312 0.103240966796875 0.085845947265625 0.0614852905273438
0.102081298828125 0.0324478149414063 0.163116455078125 0.0159149169921875
0.0873336791992188 -0.0272369384765625 0.154769897460937 -0.0761260986328125
0.0517044067382813 -0.0742416381835938 0.0980224609375 -0.156082153320313
0.013702392578125 -0.106521606445313 0.035430908203125 -0.169189453125
0.0146865844726562 -0.106330871582031 0.00797271728515624 -0.128768920898438
0.0162506103515625 -0.120880126953125 0.0135574340820313 -0.0932998657226563
0.0580520629882812 -0.1219482421875 0.0203857421875 -0.0723190307617188
0.122024536132813 -0.0790252685546875 -0.00092697143554687 -0.032257080078125
0.15850830078125 -0.0013885498046875 -0.01776123046875 -0.0398101806640625
0.125251770019531 0.140388488769531 -0.0320968627929687 -0.0919342041015625
0.05438232421875 0.229843139648437 0.01849365234375 -0.133140563964844
-0.0357208251953125 0.2435302734375 0.0720977783203125 -0.100090026855469
-0.1099853515625 0.247711181640625 0.155075073242188 0.0239410400390625
0.000640869140625023 0.228790283203125 0.0727157592773438 0.0700759887695313
0.0780487060546875 0.183151245117188 0.0869522094726563 0.0927810668945313
0.154983520507813 0.08111572265625 0.155792236328125 0.0422821044921875
0.1492919921875 -0.021697998046875 0.142318725585938 -0.040679931640625
0.100791931152344 -0.109535217285156 0.0918960571289063 -0.11181640625
0.0413970947265625 -0.149703979492188 0.0398788452148437 -0.120262145996094
0.039276123046875 -0.143585205078125 0.0131988525390625 -0.0820159912109375
0.042724609375 -0.16162109375 0.0128097534179688 -0.0453109741210938
0.0902557373046875 -0.148910522460938 0.00958824157714844 -0.0314464569091797
0.158721923828125 -0.0827789306640625 -0.0175018310546875 -0.00184440612792969
0.1868896484375 0.00970458984375 -0.031463623046875 -0.0194625854492188
0.12908935546875 0.17034912109375 -0.0388336181640625 -0.0665702819824219
0.0361175537109375 0.260101318359375 0.0193405151367188 -0.07977294921875
-0.0693206787109375 0.2618408203125 0.0434074401855469 -0.0245704650878906
-0.156204223632812 0.232925415039063 0.105690002441406 0.112144470214844
-0.0522308349609375 0.251937866210937 0.0518646240234375 0.141159057617188
0.054931640625 0.23150634765625 0.0751571655273437 0.123802185058594
0.171066284179687 0.125656127929688 0.129829406738281 0.0710601806640625
0.183380126953125 -0.00299072265625 0.112319946289063 0.00075531005859375
0.13623046875 -0.120597839355469 0.0732498168945313 -0.0539474487304688
0.064697265625 -0.167404174804688 0.0375785827636719 -0.0554237365722656
0.057952880859375 -0.158676147460938 0.0160388946533203 -0.0219860076904297
0.0628814697265625 -0.179153442382813 0.00980472564697266 0.0131072998046875
0.109359741210938 -0.158248901367188 -0.00596237182617187 0.0178928375244141
0.175567626953125 -0.077362060546875 -0.0377311706542969 0.0307159423828125
0.193695068359375 0.0223236083984375 -0.0464134216308594 -0.00209808349609375
0.114425659179688 0.182815551757813 -0.0387649536132813 -0.0469894409179687
0.00785827636718749 0.259613037109375 0.0249881744384766 -0.02667236328125
-0.099365234375 0.245712280273438 0.0068511962890625 0.0502090454101563
-0.173004150390625 0.171493530273437 0.043121337890625 0.185745239257813
-0.0952911376953125 0.21673583984375 0.0180816650390625 0.199951171875
0.010986328125 0.226333618164063 0.0541839599609375 0.14404296875
0.143157958984375 0.148223876953125 0.0896759033203125 0.090484619140625
0.178192138671875 0.0208740234375 0.0704116821289063 0.0371017456054688
0.147705078125 -0.105636596679688 0.0451011657714844 0.00555038452148437
0.077880859375 -0.156845092773438 0.0287666320800781 0.0133171081542969
0.0666961669921875 -0.148666381835937 0.01568603515625 0.0405235290527344
0.072601318359375 -0.170303344726563 0.00344085693359375 0.0718841552734375
0.11474609375 -0.146682739257813 -0.025299072265625 0.0676040649414062
0.173004150390625 -0.0623626708984375 -0.0610542297363281 0.06097412109375
0.180068969726563 0.0358123779296875 -0.064361572265625 0.0115318298339844
0.0845794677734375 0.1817626953125 -0.0402488708496094 -0.0339317321777344
-0.027801513671875 0.234527587890625 0.0242691040039063 0.0180931091308594
-0.12396240234375 0.200286865234375 -0.0389785766601563 0.112777709960938
-0.15667724609375 0.078643798828125 -0.018341064453125 0.230728149414063
-0.115440368652344 0.13470458984375 -0.0176239013671875 0.232437133789062
-0.035247802734375 0.169754028320313 0.0332183837890625 0.14874267578125
0.0844802856445313 0.136672973632813 0.0488433837890625 0.0961074829101563
0.135269165039062 0.0395660400390625 0.0280685424804688 0.0595321655273438
0.129859924316406 -0.0710067749023438 0.0142822265625 0.054046630859375
0.0769424438476563 -0.120025634765625 0.0160675048828125 0.0738677978515625
0.0654754638671875 -0.116943359375 0.0130157470703125 0.0964889526367187
0.0714645385742187 -0.1370849609375 -0.00485229492187499 0.124336242675781
0.105087280273437 -0.116706848144531 -0.0475311279296875 0.113319396972656
0.150680541992187 -0.0410614013671875 -0.0862655639648437 0.0861282348632813
0.148300170898438 0.0449371337890625 -0.08477783203125 0.0201492309570313
0.04815673828125 0.162933349609375 -0.0454673767089844 -0.0256156921386719
-0.0612945556640625 0.1865234375 0.0129547119140625 0.0530776977539063
-0.136726379394531 0.131141662597656 -0.0922698974609375 0.156448364257813
-0.113990783691406 -0.0273208618164063 -0.061187744140625 0.240478515625
-0.110588073730469 0.0304031372070313 -0.0373077392578125 0.2349853515625
-0.0701522827148437 0.0806961059570313 0.0222854614257813 0.138603210449219
0.0136032104492188 0.0977325439453125 0.0201644897460937 0.089935302734375
0.0696296691894531 0.048614501953125 -0.00300216674804687 0.0676803588867188
0.090179443359375 -0.0245513916015625 -0.009735107421875 0.0862350463867187
0.0632820129394531 -0.0653419494628906 0.00458526611328125 0.116645812988281
0.0530738830566406 -0.0680389404296875 0.00899505615234375 0.136863708496094
0.059295654296875 -0.0850448608398438 -0.0147705078125 0.163009643554688
0.0808334350585938 -0.0730133056640625 -0.0692596435546875 0.147537231445313
0.109779357910156 -0.018341064453125 -0.109764099121094 0.10418701171875
0.102340698242188 0.0443801879882813 -0.105995178222656 0.0245285034179687
0.0113983154296875 0.124351501464844 -0.0563087463378906 -0.0225868225097656
-0.0815277099609375 0.117172241210937 -0.00975799560546876 0.0734481811523438
-0.129615783691406 0.0458450317382812 -0.14544677734375 0.174896240234375
0.0765914916992188 0.0578384399414062 0.14678955078125 -0.1768798828125
0.0734024047851563 -0.036407470703125 0.0380096435546875 -0.0670852661132813
0.00431442260742187 -0.0609321594238281 0.0623550415039062 0.024261474609375
-0.0395431518554688 -0.0365180969238281 0.137847900390625 -0.0187911987304688
-0.0498695373535156 0.000728607177734372 0.128646850585938 -0.114669799804688
-0.0416069030761719 0.0328636169433594 0.0660400390625 -0.187728881835937
-0.0354652404785156 0.0220947265625 0.00117492675781252 -0.194931030273438
-0.038116455078125 0.00988388061523437 -0.0172271728515625 -0.1595458984375
-0.0471725463867188 0.00644302368164063 -0.00763702392578127 -0.133819580078125
-0.0426139831542969 -0.0307159423828125 0.0077362060546875 -0.10955810546875
-0.0089263916015625 -0.0627593994140625 0.00642395019531249 -0.0753250122070313
0.0469589233398438 -0.0550193786621094 -0.00457763671875001 -0.0831451416015625
0.0984573364257813 0.00521087646484375 -0.0080108642578125 -0.143814086914063
0.0993804931640625 0.0721282958984375 0.0247344970703125 -0.224502563476562
0.0617599487304688 0.111083984375 0.0815277099609375 -0.22802734375
0.027862548828125 0.14990234375 0.172607421875 -0.139633178710938
0.07470703125 0.06011962890625 0.0600967407226563 -0.044342041015625
0.04736328125 0.0140800476074219 0.0773468017578125 0.0362396240234375
0.0329570770263672 -0.0121421813964844 0.156021118164063 -0.011260986328125
0.0156879425048828 -0.0203037261962891 0.14398193359375 -0.10809326171875
-0.000101089477539062 -0.0257701873779297 0.0789794921875 -0.18743896484375
-0.0180931091308594 -0.0460929870605469 0.010406494140625 -0.195892333984375
-0.0177421569824219 -0.0530319213867187 -0.0120697021484375 -0.155914306640625
-0.0209159851074219 -0.0629463195800781 -0.00192260742187501 -0.126007080078125
0.007110595703125 -0.082977294921875 0.0131683349609375 -0.102706909179688
0.0615158081054688 -0.0763702392578125 0.0045318603515625 -0.0611648559570313
0.110977172851563 -0.0280990600585938 -0.00892639160156249 -0.0643157958984375
0.119827270507813 0.081390380859375 -0.0235443115234375 -0.118843078613281
0.08355712890625 0.1649169921875 0.0146026611328125 -0.187393188476562
0.0179595947265625 0.194351196289063 0.0800933837890625 -0.179901123046875
-0.0313720703125 0.2236328125 0.177871704101563 -0.0738067626953125
0.0559844970703125 0.157638549804688 0.07452392578125 0.00102996826171876
0.0826492309570313 0.100257873535156 0.08905029296875 0.058258056640625
0.107032775878906 0.0245361328125 0.164886474609375 0.00665283203125
0.086334228515625 -0.0342636108398438 0.150070190429687 -0.085540771484375
0.0473785400390625 -0.0799560546875 0.0869903564453125 -0.163619995117187
0.00424194335937499 -0.109161376953125 0.021026611328125 -0.171844482421875
0.00434112548828124 -0.10894775390625 -0.00424957275390624 -0.129432678222656
0.00515747070312501 -0.124313354492188 0.00315093994140626 -0.0946121215820313
0.0485763549804687 -0.128616333007812 0.0102386474609375 -0.0762939453125
0.117118835449219 -0.0898895263671875 -0.00605010986328124 -0.03558349609375
0.160858154296875 -0.0142974853515625 -0.0205574035644531 -0.0424575805664063
0.138465881347656 0.133430480957031 -0.0370864868164062 -0.0912857055664063
0.0731201171875 0.228988647460938 0.009368896484375 -0.13726806640625
-0.0187835693359375 0.249221801757813 0.0647125244140625 -0.111869812011719
-0.0915985107421875 0.26068115234375 0.158096313476563 0.0135650634765625
0.019012451171875 0.231964111328125 0.075531005859375 0.06610107421875
0.09613037109375 0.181015014648438 0.0913238525390625 0.0896759033203125
0.164505004882813 0.0696563720703125 0.159027099609375 0.0341339111328125
0.14874267578125 -0.0347442626953125 0.139930725097656 -0.0486907958984375
0.0932998657226562 -0.119903564453125 0.085357666015625 -0.118499755859375
0.0278472900390625 -0.15447998046875 0.0294418334960938 -0.123428344726563
0.0257568359375 -0.14837646484375 0.00448608398437501 -0.0825347900390625
0.0279083251953125 -0.16796875 0.0070037841796875 -0.0464401245117188
0.0774383544921875 -0.159530639648437 0.00249862670898438 -0.0341053009033203
0.153228759765625 -0.0985565185546875 -0.0209445953369141 -0.00305557250976563
0.190658569335937 -0.0056610107421875 -0.033700942993164 -0.0196075439453125
0.145721435546875 0.162841796875 -0.0427970886230469 -0.0654945373535156
0.058746337890625 0.261001586914063 0.013641357421875 -0.0833969116210937
-0.0503692626953125 0.270751953125 0.0406875610351562 -0.0334854125976562
-0.13970947265625 0.248764038085937 0.113983154296875 0.106712341308594
-0.0317230224609375 0.258819580078125 0.0588531494140625 0.138786315917969
0.076629638671875 0.231292724609375 0.0806045532226562 0.120750427246094
0.1845703125 0.113189697265625 0.133270263671875 0.0649261474609375
0.184600830078125 -0.01959228515625 0.113410949707031 -0.004241943359375
0.128158569335938 -0.133529663085938 0.0714492797851563 -0.0579071044921875
0.0500640869140625 -0.174301147460937 0.0329322814941406 -0.0583419799804688
0.0428924560546875 -0.1649169921875 0.0127334594726563 -0.0229396820068359
0.046173095703125 -0.186813354492188 0.00971698760986328 0.013026237487793
0.0955352783203125 -0.170120239257813 -0.00831413269042968 0.017547607421875
0.170883178710938 -0.094818115234375 -0.0381965637207031 0.0325164794921875
0.198287963867188 0.0057830810546875 -0.0481681823730469 -8.39233398437485E-05
0.131805419921875 0.177093505859375 -0.0427894592285156 -0.0456390380859375
0.031280517578125 0.263442993164063 0.0230903625488281 -0.03094482421875
-0.0808258056640625 0.256668090820313 0.00902175903320312 0.0452728271484375
-0.160247802734375 0.188629150390625 0.0560302734375 0.186614990234375
-0.078460693359375 0.226913452148437 0.0290069580078125 0.2003173828125
0.031463623046875 0.229965209960937 0.059906005859375 0.142425537109375
0.158248901367187 0.138076782226563 0.0938034057617188 0.0874786376953125
0.181350708007813 0.005615234375 0.0740509033203125 0.0354080200195313
0.139968872070313 -0.119682312011719 0.0478324890136719 0.00406646728515624
0.063690185546875 -0.164596557617188 0.0303115844726563 0.010833740234375
0.053131103515625 -0.155975341796875 0.0181427001953125 0.0392341613769531
0.0570526123046875 -0.178756713867188 0.00878143310546876 0.0721588134765625
0.102401733398438 -0.15869140625 -0.0226783752441406 0.0695419311523437
0.169708251953125 -0.079010009765625 -0.0582008361816406 0.065460205078125
0.185745239257813 0.02044677734375 -0.0652923583984375 0.0154914855957031
0.102005004882812 0.178237915039063 -0.0431098937988281 -0.0323905944824219
-0.00709533691406249 0.240081787109375 0.0257358551025391 0.0141105651855469
-0.108978271484375 0.21197509765625 -0.0323333740234375 0.113113403320313
-0.150985717773437 0.0938568115234375 -0.00326538085937501 0.236923217773438
-0.104660034179688 0.1456298828125 -0.0037078857421875 0.235000610351563
-0.020111083984375 0.175643920898438 0.0394287109375 0.147811889648438
0.0977325439453125 0.131355285644531 0.0532913208007813 0.096160888671875
0.139686584472656 0.028411865234375 0.0334434509277344 0.0610504150390625
0.124763488769531 -0.0832138061523438 0.0210838317871094 0.0552940368652344
0.0660629272460938 -0.127395629882813 0.02294921875 0.0729522705078125
0.0546340942382813 -0.123245239257813 0.02032470703125 0.0951995849609375
0.058807373046875 -0.144546508789063 0.00539398193359376 0.125770568847656
0.0947799682617188 -0.1275634765625 -0.0401153564453125 0.116897583007813
0.148574829101562 -0.05499267578125 -0.0810699462890625 0.0935211181640625
0.154006958007813 0.03265380859375 -0.08544921875 0.02606201171875
0.062713623046875 0.162078857421875 -0.0485763549804688 -0.0240287780761719
-0.0451202392578125 0.1937255859375 0.0173797607421875 0.0505027770996094
-0.126495361328125 0.142181396484375 -0.082244873046875 0.162567138671875
-0.1158447265625 -0.0171661376953125 -0.045318603515625 0.25048828125
-0.108238220214844 0.0401077270507812 -0.023529052734375 0.24017333984375
-0.062469482421875 0.08746337890625 0.028350830078125 0.138534545898438
0.0230331420898438 0.0969924926757813 0.0240020751953125 0.0924835205078125
0.0735626220703125 0.0424728393554688 0.00331115722656251 0.0717391967773437
0.0869369506835938 -0.0332565307617188 0.000106811523437506 0.0891647338867187
0.05670166015625 -0.0707244873046875 0.0153274536132813 0.116058349609375
0.0466537475585938 -0.0731658935546875 0.0202865600585938 0.136077880859375
0.0518035888671875 -0.09100341796875 -0.000778198242187503 0.165023803710938
0.07415771484375 -0.0807647705078125 -0.05859375 0.154251098632813
0.108970642089844 -0.0281829833984375 -0.103729248046875 0.113723754882812
0.106147766113281 0.0361404418945313 -0.1063232421875 0.0323867797851562
0.0213775634765625 0.124893188476562 -0.0588340759277344 -0.0201301574707031
-0.0720291137695313 0.124351501464844 -0.00332641601562501 0.0724639892578125
-0.125480651855469 0.0544357299804688 -0.134521484375 0.18658447265625
0.080963134765625 0.0557479858398438 0.14178466796875 -0.189712524414063
0.0735092163085938 -0.04046630859375 0.0353660583496094 -0.0694160461425781
0.0012359619140625 -0.062164306640625 0.0655441284179688 0.0236320495605469
-0.0430221557617187 -0.0353431701660156 0.14093017578125 -0.025726318359375
-0.0498733520507813 0.00399780273437499 0.124954223632813 -0.123619079589844
-0.0391159057617188 0.0358963012695313 0.05560302734375 -0.194992065429688
-0.0341606140136719 0.0251121520996094 -0.0112457275390625 -0.198806762695313
-0.0383796691894531 0.0126991271972656 -0.0287017822265625 -0.160736083984375
-0.0475006103515625 0.00924682617187501 -0.0188217163085938 -0.135345458984375
-0.0449714660644531 -0.0282173156738281 -0.00157928466796876 -0.112823486328125
-0.0128402709960938 -0.0620498657226563 0.00089263916015624 -0.0813217163085938
0.0443267822265625 -0.0586318969726563 -0.00738525390624999 -0.088104248046875
0.100227355957031 -0.0005950927734375 -0.01275634765625 -0.147674560546875
0.105545043945312 0.067718505859375 0.014617919921875 -0.232177734375
0.067718505859375 0.111061096191406 0.070587158203125 -0.242019653320313
0.036468505859375 0.153732299804687 0.170150756835938 -0.152542114257813
0.0808792114257813 0.0585861206054688 0.0577621459960938 -0.04730224609375
0.0512657165527344 0.0123710632324219 0.0801162719726563 0.0356292724609375
0.0339946746826172 -0.0145988464355469 0.159164428710938 -0.018310546875
0.0155601501464844 -0.0217761993408203 0.14111328125 -0.1165771484375
-0.000343322753906253 -0.0274429321289063 0.0693511962890625 -0.194869995117188
-0.0215072631835938 -0.0462493896484375 -0.00173950195312498 -0.200363159179688
-0.0217170715332031 -0.0532722473144531 -0.023651123046875 -0.157272338867188
-0.0255622863769531 -0.0639572143554688 -0.01214599609375 -0.127632141113281
0.00199127197265625 -0.0854949951171875 0.00282287597656251 -0.106185913085938
0.0579299926757813 -0.0811614990234375 -0.000957489013671864 -0.0664443969726563
0.112266540527344 -0.03515625 -0.0114631652832031 -0.0689048767089844
0.128074645996094 0.0771026611328125 -0.027191162109375 -0.121139526367188
0.0958709716796875 0.1644287109375 0.00617980957031251 -0.19287109375
0.0278778076171875 0.199493408203125 0.0717620849609375 -0.19354248046875
-0.0198516845703125 0.232223510742188 0.1783447265625 -0.085479736328125
0.0675201416015625 0.159149169921875 0.0740737915039063 -0.00137329101562499
0.0934219360351563 0.0993499755859375 0.0919570922851563 0.0580825805664063
0.1126708984375 0.0180282592773438 0.16864013671875 0.000320434570312501
0.0867996215820313 -0.041046142578125 0.147979736328125 -0.093597412109375
0.0441131591796875 -0.086181640625 0.0792999267578125 -0.171401977539063
-0.003021240234375 -0.111587524414063 0.010009765625 -0.176284790039062
-0.00299072265625 -0.111862182617188 -0.014068603515625 -0.130836486816406
-0.00384521484375001 -0.128425598144531 -0.00537872314453125 -0.0960617065429688
0.0402450561523438 -0.135139465332031 0.00112152099609375 -0.0795364379882813
0.114028930664062 -0.0999679565429687 -0.0112495422363281 -0.0391693115234375
0.164505004882813 -0.02447509765625 -0.0231895446777344 -0.0456161499023437
0.151443481445313 0.12908935546875 -0.0405426025390625 -0.0926055908203125
0.0896759033203125 0.232025146484375 0.00263977050781249 -0.142532348632812
-0.00642395019531253 0.257736206054688 0.059112548828125 -0.123275756835937
-0.0785980224609375 0.273880004882813 0.162765502929688 0.00614929199218752
0.033843994140625 0.23724365234375 0.0777969360351563 0.0646133422851563
0.112091064453125 0.180511474609375 0.0948867797851562 0.0894927978515625
0.174453735351563 0.0605621337890625 0.162857055664063 0.0293731689453125
0.150405883789063 -0.04541015625 0.140701293945313 -0.0548553466796875
0.088348388671875 -0.1297607421875 0.08099365234375 -0.124168395996094
0.017974853515625 -0.159637451171875 0.0221405029296875 -0.127525329589844
0.0157012939453125 -0.15350341796875 -0.00200653076171875 -0.0836410522460938
0.0160369873046875 -0.174301147460938 0.0024871826171875 -0.047515869140625
0.0676422119140625 -0.169281005859375 -0.00395584106445312 -0.0359001159667969
0.150100708007813 -0.1116943359375 -0.0240058898925781 -0.00428771972656251
0.19573974609375 -0.018646240234375 -0.0357246398925781 -0.0206069946289063
0.161666870117188 0.159164428710938 -0.0462760925292969 -0.066192626953125
0.0786590576171875 0.26495361328125 0.00983428955078126 -0.0875625610351562
-0.0364990234375 0.28118896484375 0.0380516052246094 -0.0412101745605469
-0.12725830078125 0.265350341796875 0.122222900390625 0.104652404785156
-0.0165863037109375 0.267623901367188 0.0641937255859375 0.138900756835938
0.0955657958984375 0.233551025390625 0.0847625732421875 0.12158203125
0.197677612304688 0.104446411132813 0.13763427734375 0.0626068115234375
0.18768310546875 -0.031646728515625 0.116195678710938 -0.007537841796875
0.122360229492188 -0.145767211914063 0.0716094970703125 -0.0619049072265625
0.0387725830078125 -0.18145751953125 0.030426025390625 -0.0613250732421875
0.0316925048828125 -0.171142578125 0.0103282928466797 -0.0240192413330078
0.0328216552734375 -0.194961547851562 0.00917434692382813 0.0125360488891601
0.0849609375 -0.181396484375 -0.0110931396484375 0.0175991058349609
0.169113159179688 -0.109893798828125 -0.0392875671386719 0.0343132019042969
0.2042236328125 -0.0078582763671875 -0.0499343872070312 0.0014495849609375
0.149139404296875 0.174102783203125 -0.0458793640136719 -0.0458335876464844
0.05035400390625 0.269561767578125 0.0216236114501953 -0.035074234008789
-0.06805419921875 0.268661499023437 0.00949478149414062 0.0417251586914063
-0.152542114257812 0.204421997070313 0.0665740966796875 0.190093994140625
-0.0661773681640625 0.237335205078125 0.0366668701171875 0.203323364257813
0.0491485595703125 0.235000610351563 0.0643157958984375 0.143722534179688
0.172683715820312 0.131149291992188 0.098358154296875 0.0880203247070313
0.185150146484375 -0.0059356689453125 0.0782928466796875 0.0353240966796875
0.1351318359375 -0.132194519042969 0.0519599914550781 0.00276565551757812
0.0530242919921875 -0.172256469726563 0.0320014953613281 0.00978660583496093
0.0428466796875 -0.163009643554688 0.0205345153808594 0.0388679504394531
0.0443878173828125 -0.187240600585938 0.0131683349609375 0.0731201171875
0.092132568359375 -0.170379638671875 -0.0214004516601563 0.0720596313476563
0.168304443359375 -0.093780517578125 -0.0576286315917969 0.07012939453125
0.1915283203125 0.0083770751953125 -0.0670166015625 0.0188064575195313
0.117828369140625 0.177810668945313 -0.0458717346191406 -0.0316085815429687
0.0103607177734375 0.247756958007813 0.0272178649902344 0.0105457305908203
-0.0987548828125 0.223236083984375 -0.0282516479492188 0.114326477050781
-0.148101806640625 0.105636596679687 0.00895690917968747 0.245956420898438
-0.0979461669921875 0.156082153320313 0.00573730468749998 0.241302490234375
-0.00785827636718751 0.181915283203125 0.0432281494140625 0.1505126953125
0.109786987304688 0.127967834472656 0.05712890625 0.0990676879882813
0.144088745117188 0.019287109375 0.0381050109863281 0.0635261535644531
0.121650695800781 -0.0939254760742188 0.0278549194335938 0.0568466186523437
0.0582122802734375 -0.134635925292969 0.0286865234375 0.0724258422851562
0.0460662841796875 -0.129783630371094 0.0266265869140625 0.095428466796875
0.0495758056640625 -0.152603149414063 0.0132827758789062 0.127639770507813
0.0875396728515625 -0.137748718261719 -0.035430908203125 0.121688842773437
0.1488037109375 -0.0671844482421875 -0.0785675048828125 0.100326538085937
0.15966796875 0.0229949951171875 -0.0864334106445312 0.0313720703125
0.075225830078125 0.162857055664063 -0.0506401062011719 -0.0232429504394531
-0.032073974609375 0.201126098632813 0.0207099914550781 0.0479240417480469
-0.12017822265625 0.151779174804688 -0.077117919921875 0.169097900390625
-0.118698120117188 -0.00966644287109377 -0.0339508056640625 0.263351440429688
-0.10791015625 0.04840087890625 -0.0140380859375 0.247314453125
-0.057373046875 0.09466552734375 0.031463623046875 0.141433715820313
0.0315017700195313 0.097564697265625 0.027252197265625 0.0968551635742188
0.07769775390625 0.03802490234375 0.0086822509765625 0.0757827758789063
0.0860443115234375 -0.040374755859375 0.00820159912109375 0.0923614501953125
0.052276611328125 -0.0761795043945313 0.0240859985351562 0.117050170898437
0.0417404174804688 -0.0780181884765625 0.0293426513671875 0.136520385742188
0.0457916259765625 -0.0968246459960938 0.0102996826171875 0.168563842773437
0.0700454711914063 -0.08758544921875 -0.0511016845703125 0.160903930664063
0.109634399414062 -0.0365142822265625 -0.09942626953125 0.122100830078125
0.110679626464844 0.03057861328125 -0.107772827148437 0.0387954711914063
0.0301055908203125 0.127418518066406 -0.0616035461425781 -0.0189895629882812
-0.06451416015625 0.1314697265625 0.00100708007812499 0.07177734375
-0.123504638671875 0.0614395141601562 -0.128005981445313 0.197463989257812
0.0874099731445312 0.0548019409179688 0.139816284179687 -0.208099365234375
0.075286865234375 -0.0458984375 0.0332107543945313 -0.0736083984375
-0.00207901000976562 -0.0651130676269531 0.0698928833007813 0.0235977172851562
-0.046844482421875 -0.0340652465820312 0.14739990234375 -0.0330963134765625
-0.0516128540039063 0.00729751586914063 0.124107360839844 -0.134391784667969
-0.0376319885253906 0.0385971069335938 0.046539306640625 -0.205718994140625
-0.03350830078125 0.0282459259033203 -0.024078369140625 -0.206573486328125
-0.0393409729003906 0.0158805847167969 -0.0411224365234375 -0.165817260742187
-0.0492515563964844 0.0125656127929687 -0.02978515625 -0.139869689941406
-0.0482406616210937 -0.0259590148925781 -0.0111007690429688 -0.118186950683594
-0.0172233581542969 -0.0627899169921875 -0.00518035888671875 -0.0888671875
0.0429916381835938 -0.0637474060058594 -0.01092529296875 -0.09637451171875
0.104461669921875 -0.00649261474609375 -0.0179290771484375 -0.155120849609375
0.113426208496094 0.0652008056640625 0.00505065917968749 -0.244461059570312
0.0762252807617188 0.114166259765625 0.06134033203125 -0.2628173828125
0.0466156005859375 0.16082763671875 0.17144775390625 -0.17022705078125
0.0889358520507813 0.0579376220703125 0.0574913024902344 -0.0517845153808594
0.0562744140625 0.0104217529296875 0.0855026245117188 0.0353775024414063
0.0354652404785156 -0.0179023742675781 0.166275024414062 -0.0258636474609375
0.0152759552001953 -0.0241889953613281 0.141448974609375 -0.128128051757813
-0.00116539001464844 -0.0303955078125 0.0615386962890625 -0.206741333007813
-0.0247459411621094 -0.0473976135253906 -0.0150146484375 -0.208343505859375
-0.0267066955566406 -0.0538749694824219 -0.0352020263671875 -0.161758422851563
-0.0312728881835938 -0.0657958984375 -0.023468017578125 -0.132247924804688
-0.00343322753906249 -0.0902175903320313 -0.00759124755859374 -0.112678527832031
0.0556106567382813 -0.0887908935546875 -0.00759124755859374 -0.0728530883789063
0.115943908691406 -0.0437393188476563 -0.0150070190429687 -0.0753860473632813
0.139389038085938 0.073089599609375 -0.0324630737304687 -0.127098083496094
0.109786987304687 0.167922973632813 -0.002471923828125 -0.2042236328125
0.039520263671875 0.209014892578125 0.06439208984375 -0.211334228515625
-0.0072479248046875 0.246963500976563 0.183761596679687 -0.09844970703125
0.08111572265625 0.163955688476562 0.0758132934570313 -0.00426483154296874
0.105995178222656 0.0990753173828125 0.0975418090820313 0.0589218139648438
0.120429992675781 0.011383056640625 0.176742553710938 -0.00628662109375
0.0892486572265625 -0.0483932495117188 0.150543212890625 -0.10369873046875
0.0416336059570313 -0.0943756103515625 0.0737152099609375 -0.182601928710938
-0.0101242065429688 -0.116355895996094 -0.000640869140624999 -0.184066772460937
-0.011077880859375 -0.116813659667969 -0.024261474609375 -0.134071350097656
-0.0128631591796875 -0.134559631347656 -0.0134429931640625 -0.0997467041015625
0.03302001953125 -0.144317626953125 -0.00824737548828125 -0.0833587646484375
0.113014221191406 -0.112602233886719 -0.0170173645019531 -0.0431747436523438
0.171646118164063 -0.0359344482421875 -0.0261001586914063 -0.0498619079589844
0.167877197265625 0.126800537109375 -0.0454864501953125 -0.09637451171875
0.109268188476563 0.238861083984375 -0.00424194335937501 -0.1507568359375
0.0070343017578125 0.271774291992187 0.0535430908203125 -0.13763427734375
-0.065643310546875 0.29388427734375 0.171051025390625 -0.00154113769531248
0.050018310546875 0.247055053710937 0.0823516845703125 0.0650634765625
0.131561279296875 0.183578491210937 0.100669860839844 0.091461181640625
0.18853759765625 0.0525054931640625 0.17095947265625 0.0253143310546875
0.154830932617188 -0.057159423828125 0.1448974609375 -0.062225341796875
0.0850372314453125 -0.142532348632812 0.0792617797851563 -0.133255004882813
0.00819396972656251 -0.168075561523437 0.014984130859375 -0.133674621582031
0.0052490234375 -0.161666870117188 -0.00788116455078124 -0.0862350463867188
0.0038299560546875 -0.184661865234375 -0.00231170654296875 -0.0496063232421875
0.05804443359375 -0.182464599609375 -0.0107269287109375 -0.037750244140625
0.150863647460938 -0.128372192382813 -0.0285015106201172 -0.0047893524169922
0.205032348632812 -0.032379150390625 -0.0390090942382812 -0.0223007202148438
0.181991577148438 0.15814208984375 -0.0506134033203125 -0.0684547424316406
0.100860595703125 0.274795532226563 0.005279541015625 -0.0945510864257812
-0.023162841796875 0.2977294921875 0.0356636047363281 -0.0500144958496094
-0.11749267578125 0.28717041015625 0.13385009765625 0.10504150390625
-0.00128173828124999 0.28204345703125 0.0712890625 0.143508911132813
0.117279052734375 0.240310668945312 0.0905838012695313 0.12603759765625
0.215316772460938 0.0968475341796875 0.146530151367188 0.062103271484375
0.194778442382813 -0.045135498046875 0.121932983398438 -0.0111160278320313
0.11920166015625 -0.162033081054688 0.0734481811523438 -0.0669937133789063
0.028350830078125 -0.192123413085938 0.0278053283691406 -0.0658378601074219
0.0210723876953125 -0.181106567382813 0.00799560546875 -0.0252151489257813
0.019744873046875 -0.207351684570313 0.0090179443359375 0.0124368667602539
0.0753173828125 -0.197036743164063 -0.0146770477294922 0.0186996459960937
0.16937255859375 -0.12835693359375 -0.0415611267089844 0.0370635986328125
0.214752197265625 -0.0223236083984375 -0.052825927734375 0.00234603881835937
0.170013427734375 0.174896240234375 -0.0493965148925781 -0.046783447265625
0.0724639892578125 0.28057861328125 0.0204620361328125 -0.0401954650878906
-0.05584716796875 0.28643798828125 0.00965499877929687 0.0391349792480469
-0.146636962890625 0.225341796875 0.0794219970703125 0.198562622070313
-0.055694580078125 0.252883911132813 0.0461273193359375 0.211776733398438
0.0676116943359375 0.244033813476563 0.069915771484375 0.149856567382813
0.190780639648438 0.12701416015625 0.105979919433594 0.0912857055664063
0.193679809570313 -0.01806640625 0.0848159790039063 0.03570556640625
0.132583618164063 -0.147720336914063 0.057098388671875 0.00138473510742187
0.0433502197265625 -0.18402099609375 0.0350093841552734 0.00832748413085936
0.032806396484375 -0.173233032226563 0.0232696533203125 0.0392684936523437
0.0324554443359375 -0.199554443359375 0.0178909301757812 0.0750808715820312
0.0836181640625 -0.185714721679688 -0.0210952758789062 0.0761489868164062
0.170013427734375 -0.110916137695313 -0.05743408203125 0.0767288208007813
0.20220947265625 -0.0043487548828125 -0.0694160461425781 0.0230026245117188
0.136978149414063 0.179641723632813 -0.049468994140625 -0.0320281982421875
0.02874755859375 0.259994506835938 0.0291957855224609 0.00693893432617189
-0.090911865234375 0.2398681640625 -0.0257797241210938 0.119285583496094
-0.147994995117187 0.121475219726562 0.0216217041015625 0.26141357421875
-0.093048095703125 0.170272827148438 0.0150146484375 0.253570556640625
0.0037994384765625 0.192367553710938 0.0481414794921875 0.157424926757812
0.125328063964844 0.126640319824219 0.0633621215820313 0.104118347167969
0.151779174804688 0.0106048583984375 0.0450630187988281 0.0674171447753906
0.121131896972656 -0.106834411621094 0.0354576110839844 0.0590705871582031
0.051177978515625 -0.14508056640625 0.0353012084960938 0.074371337890625
0.0390243530273437 -0.138648986816406 0.0332489013671875 0.0975570678710937
0.040771484375 -0.163467407226563 0.0217437744140625 0.131851196289063
0.0813140869140625 -0.150421142578125 -0.0311965942382813 0.129104614257813
0.151504516601563 -0.08148193359375 -0.07733154296875 0.10968017578125
0.168914794921875 0.0135345458984375 -0.0895919799804687 0.03753662109375
0.0904998779296875 0.16748046875 -0.0542793273925781 -0.0228271484375
-0.0195159912109375 0.21331787109375 0.0243072509765625 0.0469703674316406
-0.11761474609375 0.164993286132813 -0.0733642578125 0.179519653320313
-0.123771667480469 -0.00254058837890624 -0.021484375 0.282196044921875
-0.109199523925781 0.0566024780273438 -0.00500488281250002 0.260940551757813
-0.0533294677734375 0.102882385253906 0.0362091064453125 0.147781372070312
0.0406875610351563 0.100074768066406 0.032501220703125 0.103797912597656
0.0840377807617188 0.0342941284179688 0.0151596069335938 0.0819168090820313
0.087066650390625 -0.048126220703125 0.016876220703125 0.0968093872070313
0.0491485595703125 -0.0830841064453125 0.033294677734375 0.120674133300781
0.037994384765625 -0.0836410522460938 0.0394134521484375 0.140022277832031
0.0410690307617188 -0.104087829589844 0.0212554931640625 0.175003051757813
0.0666275024414063 -0.09661865234375 -0.0441131591796875 0.1710205078125
0.112434387207031 -0.0462875366210938 -0.0977859497070313 0.133651733398437
0.117179870605469 0.0249710083007813 -0.111213684082031 0.0461502075195312
0.0397109985351563 0.132789611816406 -0.0653953552246094 -0.0182723999023438
-0.058990478515625 0.140518188476563 0.0052947998046875 0.0724105834960938
-0.12554931640625 0.0691986083984375 -0.124298095703125 0.212600708007813
0.0975112915039063 0.0520782470703125 0.134109497070312 -0.234481811523438
0.07745361328125 -0.0544815063476563 0.0295257568359375 -0.0812530517578125
-0.00679397583007812 -0.0685462951660156 0.0765609741210938 0.0219268798828125
-0.053253173828125 -0.0322265625 0.155349731445313 -0.044769287109375
-0.0537872314453125 0.0120773315429688 0.12274169921875 -0.151153564453125
-0.0358810424804688 0.0426445007324219 0.0329437255859375 -0.221328735351563
-0.0320930480957031 0.0318260192871094 -0.043060302734375 -0.216354370117187
-0.0407028198242188 0.021026611328125 -0.0579833984375 -0.171524047851563
-0.0514144897460938 0.0171775817871094 -0.045013427734375 -0.145309448242188
-0.0537300109863281 -0.0227317810058594 -0.0243301391601563 -0.125198364257813
-0.0232276916503906 -0.0646247863769531 -0.01483154296875 -0.0973358154296875
0.0405120849609375 -0.071075439453125 -0.018280029296875 -0.10687255859375
0.110206604003906 -0.01605224609375 -0.027496337890625 -0.164901733398438
0.125099182128906 0.060516357421875 -0.011932373046875 -0.261367797851563
0.0896682739257813 0.116264343261719 0.045623779296875 -0.289093017578125
0.0620880126953125 0.169082641601563 0.171951293945312 -0.195907592773438
0.100265502929688 0.055145263671875 0.0567169189453125 -0.0593299865722656
0.0624275207519531 0.00673294067382813 0.093475341796875 0.0340957641601563
0.0369110107421875 -0.021636962890625 0.176177978515625 -0.0379486083984375
0.0154075622558594 -0.0277652740478516 0.142105102539063 -0.14495849609375
-0.00372123718261719 -0.0336952209472656 0.0499267578125 -0.224212646484375
-0.0305061340332031 -0.0488433837890625 -0.032958984375 -0.2197265625
-0.0335350036621094 -0.0552787780761719 -0.051513671875 -0.16796875
-0.0396156311035156 -0.0681228637695313 -0.0375137329101562 -0.137214660644531
-0.0116958618164062 -0.0953826904296875 -0.0199966430664062 -0.118576049804688
0.0516433715820312 -0.098297119140625 -0.0162124633789062 -0.0798492431640625
0.120429992675781 -0.0555648803710937 -0.0211410522460937 -0.0837249755859375
0.154281616210937 0.0668792724609375 -0.0407943725585937 -0.134384155273438
0.1314697265625 0.1702880859375 -0.0172271728515625 -0.21856689453125
0.05712890625 0.221160888671875 0.05078125 -0.23541259765625
0.0120849609375 0.265335083007812 0.1900634765625 -0.119369506835937
0.1009521484375 0.168487548828125 0.0792007446289063 -0.00907897949218749
0.12353515625 0.0967864990234375 0.107032775878906 0.0590744018554688
0.130294799804688 0.00206756591796875 0.187347412109375 -0.017120361328125
0.0911407470703125 -0.0596771240234375 0.153640747070313 -0.119461059570313
0.0364990234375 -0.106124877929688 0.0652313232421875 -0.19830322265625
-0.0209579467773438 -0.123146057128906 -0.0161590576171875 -0.19482421875
-0.0225372314453125 -0.122749328613281 -0.0378799438476563 -0.1397705078125
-0.0268096923828125 -0.14227294921875 -0.0250167846679688 -0.103965759277344
0.021331787109375 -0.156814575195313 -0.01995849609375 -0.0882110595703125
0.110443115234375 -0.130302429199219 -0.024627685546875 -0.0468521118164063
0.180374145507813 -0.053314208984375 -0.0312843322753906 -0.0551185607910156
0.191116333007813 0.121871948242187 -0.0529937744140625 -0.101287841796875
0.138153076171875 0.246017456054687 -0.0151519775390625 -0.162185668945312
0.02813720703125 0.291748046875 0.0446319580078125 -0.155471801757812
-0.046295166015625 0.319671630859375 0.183364868164062 -0.014434814453125
0.0748443603515625 0.259231567382813 0.0903244018554688 0.0642318725585938
0.15814208984375 0.184768676757813 0.111312866210938 0.0936508178710938
0.206588745117188 0.03948974609375 0.18328857421875 0.0178680419921875
0.16070556640625 -0.074615478515625 0.1510009765625 -0.0741119384765625
0.0782623291015625 -0.160491943359375 0.0755767822265625 -0.146881103515625
-0.0057830810546875 -0.179183959960938 0.00495910644531249 -0.142898559570313
-0.00935363769531252 -0.171920776367187 -0.01690673828125 -0.09051513671875
-0.01373291015625 -0.196929931640625 -0.00793075561523438 -0.0518531799316406
0.0445556640625 -0.199951171875 -0.0186729431152344 -0.0387725830078125
0.14886474609375 -0.150863647460937 -0.0336532592773438 -0.00412178039550782
0.216644287109375 -0.0529327392578125 -0.0430068969726562 -0.0239143371582031
0.20928955078125 0.153091430664063 -0.0574188232421875 -0.0710372924804687
0.132354736328125 0.284820556640625 -0.000862121582031236 -0.102973937988281
-0.00146484374999998 0.321441650390625 0.0313186645507813 -0.0605888366699219
-0.1011962890625 0.316864013671875 0.152145385742188 0.103286743164063
0.02276611328125 0.300537109375 0.0843505859375 0.148147583007813
0.147186279296875 0.24639892578125 0.102485656738281 0.130691528320313
0.239166259765625 0.083892822265625 0.15887451171875 0.0588531494140625
0.204376220703125 -0.06427001953125 0.130302429199219 -0.0184326171875
0.112777709960938 -0.18377685546875 0.0751571655273437 -0.0768508911132813
0.012908935546875 -0.207061767578125 0.02423095703125 -0.0720062255859375
0.00573730468750002 -0.194534301757812 0.00576591491699218 -0.0279159545898438
0.00122070312499998 -0.222686767578125 0.00950813293457031 0.0123004913330078
0.060333251953125 -0.216964721679688 -0.0174369812011719 0.0208969116210937
0.168930053710938 -0.152740478515625 -0.044158935546875 0.0423736572265625
0.227752685546875 -0.0431671142578125 -0.0557212829589844 0.00453567504882813
0.198822021484375 0.172286987304688 -0.0546226501464844 -0.0481605529785156
0.104034423828125 0.292938232421875 0.0185394287109375 -0.0468406677246094
-0.037628173828125 0.31072998046875 0.01080322265625 0.0379409790039063
-0.13677978515625 0.253280639648438 0.100265502929688 0.208480834960938
-0.037261962890625 0.274459838867188 0.0623931884765625 0.223648071289063
0.093780517578125 0.254409790039063 0.0816497802734375 0.15740966796875
0.215591430664062 0.11810302734375 0.117568969726563 0.0933609008789063
0.204925537109375 -0.03582763671875 0.0945053100585938 0.0347061157226563
0.127944946289063 -0.169509887695313 0.0635452270507813 -0.00211334228515626
0.0301666259765625 -0.19921875 0.0381126403808594 0.00554275512695311
0.019317626953125 -0.187286376953125 0.0270614624023438 0.0388679504394531
0.0157470703125 -0.215530395507813 0.0244064331054688 0.0779266357421875
0.0707855224609375 -0.205673217773438 -0.0184326171875 0.0825271606445312
0.171096801757813 -0.134414672851563 -0.0566635131835937 0.08612060546875
0.215927124023438 -0.022705078125 -0.0717315673828125 0.0289459228515625
0.163589477539063 0.180953979492188 -0.0546951293945312 -0.0324592590332031
0.0552825927734375 0.273529052734375 0.0313758850097656 0.00311470031738283
-0.0782012939453125 0.263198852539063 -0.0201492309570312 0.126655578613281
-0.146316528320313 0.142868041992188 0.0434417724609375 0.280548095703125
-0.0849151611328125 0.188919067382813 0.031951904296875 0.26947021484375
0.021575927734375 0.204452514648437 0.0586090087890625 0.166732788085938
0.145477294921875 0.124237060546875 0.0735321044921875 0.110389709472656
0.162857055664063 -0.001190185546875 0.0546722412109375 0.071014404296875
0.118904113769531 -0.124427795410156 0.0451316833496094 0.0605316162109375
0.0412139892578125 -0.158477783203125 0.0444259643554687 0.0755157470703125
0.0286712646484375 -0.150466918945313 0.0431671142578125 0.0994873046875
0.0272216796875 -0.177459716796875 0.0337142944335938 0.137588500976563
0.0714263916015625 -0.167984008789063 -0.0241622924804688 0.139877319335938
0.153945922851563 -0.100814819335938 -0.07403564453125 0.122795104980469
0.181655883789063 0.000457763671875 -0.0924530029296875 0.0460433959960937
0.112152099609375 0.170989990234375 -0.0597610473632812 -0.0219688415527344
-0.00112915039062498 0.228363037109375 0.0292129516601562 0.0455513000488281
-0.111541748046875 0.184310913085938 -0.0653839111328125 0.196075439453125
-0.13055419921875 0.00872039794921878 -0.00241088867187498 0.30657958984375
-0.111198425292969 0.0695571899414062 0.0111083984375 0.280731201171875
-0.0471649169921875 0.114418029785156 0.0444793701171875 0.15728759765625
0.052978515625 0.101821899414063 0.0409011840820313 0.112228393554688
0.0921554565429688 0.02880859375 0.0240097045898438 0.0886077880859375
0.0875091552734375 -0.058929443359375 0.0288467407226563 0.101760864257812
0.0442352294921875 -0.0924758911132812 0.0462722778320313 0.124649047851562
0.0327911376953125 -0.0924148559570312 0.0526885986328125 0.144058227539062
0.0335159301757812 -0.1143798828125 0.0366668701171875 0.1827392578125
0.0614852905273437 -0.108993530273437 -0.033935546875 0.185501098632813
0.116539001464844 -0.0588760375976562 -0.0931243896484375 0.150405883789062
0.127082824707031 0.017120361328125 -0.115585327148438 0.0578231811523438
0.0538253784179688 0.138923645019531 -0.071502685546875 -0.016265869140625
-0.0499267578125 0.153457641601563 0.0108871459960937 0.0742645263671875
-0.128349304199219 0.0823898315429688 -0.116989135742188 0.236282348632813
0.108482360839844 0.0451507568359375 0.117584228515625 -0.264739990234375
0.0764999389648438 -0.06622314453125 0.0216598510742187 -0.0893707275390625
-0.0143814086914062 -0.071380615234375 0.083587646484375 0.0171966552734375
-0.0598945617675781 -0.0274162292480469 0.161117553710937 -0.06268310546875
-0.0550003051757812 0.0188026428222656 0.115264892578125 -0.171707153320313
-0.0334358215332031 0.0480613708496094 0.0111083984375 -0.23638916015625
-0.0298919677734375 0.0371665954589844 -0.0695343017578125 -0.223556518554687
-0.0404205322265625 0.0272216796875 -0.0810546875 -0.173370361328125
-0.0520172119140625 0.0242195129394531 -0.0658111572265625 -0.147445678710938
-0.0583419799804688 -0.0173912048339844 -0.0419158935546875 -0.129234313964844
-0.0319938659667969 -0.0644912719726563 -0.0287551879882813 -0.104507446289063
0.0349197387695312 -0.0801925659179688 -0.0302047729492188 -0.11578369140625
0.1141357421875 -0.0292510986328125 -0.04278564453125 -0.17327880859375
0.138595581054688 0.0508880615234375 -0.0384368896484375 -0.27667236328125
0.107521057128906 0.114875793457031 0.016754150390625 -0.31610107421875
0.0846099853515625 0.173370361328125 0.161117553710938 -0.2279052734375
0.1136474609375 0.0469131469726563 0.0534820556640625 -0.0683746337890625
0.0682296752929688 0.00016021728515625 0.102157592773438 0.0289764404296875
0.0374832153320312 -0.0275688171386719 0.183197021484375 -0.0566864013671875
0.0136222839355469 -0.0309944152832031 0.1363525390625 -0.1669921875
-0.00786972045898437 -0.0372352600097656 0.028900146484375 -0.2403564453125
-0.0372047424316406 -0.0484809875488281 -0.059661865234375 -0.227005004882813
-0.0423316955566406 -0.0537452697753906 -0.0740509033203125 -0.170120239257813
-0.0505218505859375 -0.067108154296875 -0.0568161010742188 -0.140060424804688
-0.0236968994140625 -0.099639892578125 -0.0383453369140625 -0.122589111328125
0.0439453125 -0.110023498535156 -0.0289382934570312 -0.085052490234375
0.121841430664062 -0.0727767944335938 -0.0307540893554687 -0.091461181640625
0.17144775390625 0.0537261962890625 -0.0540313720703125 -0.139701843261719
0.158218383789063 0.166229248046875 -0.0390167236328125 -0.230453491210938
0.084228515625 0.23016357421875 0.027496337890625 -0.260284423828125
0.04205322265625 0.281402587890625 0.18927001953125 -0.148544311523437
0.126617431640625 0.165786743164063 0.0818328857421875 -0.01739501953125
0.143692016601563 0.0881500244140625 0.117973327636719 0.05450439453125
0.139457702636719 -0.014129638671875 0.197036743164063 -0.0344696044921875
0.090789794921875 -0.074310302734375 0.1512451171875 -0.140289306640625
0.0261917114257813 -0.118583679199219 0.0487823486328125 -0.215591430664063
-0.0356369018554687 -0.1278076171875 -0.0390777587890625 -0.202835083007813
-0.0385055541992187 -0.126579284667969 -0.05633544921875 -0.142181396484375
-0.0456695556640625 -0.147735595703125 -0.0392608642578125 -0.106468200683594
0.00297546386718749 -0.168960571289063 -0.0348892211914063 -0.0898666381835938
0.101608276367188 -0.150955200195313 -0.0340690612792969 -0.0486869812011719
0.185989379882813 -0.07806396484375 -0.0389175415039062 -0.0595741271972656
0.217559814453125 0.106903076171875 -0.0644607543945313 -0.10394287109375
0.175277709960938 0.244918823242188 -0.0318145751953125 -0.171676635742187
0.06121826171875 0.307647705078125 0.02789306640625 -0.174072265625
-0.013153076171875 0.345947265625 0.194046020507813 -0.0350341796875
0.1090087890625 0.266021728515625 0.100959777832031 0.0593643188476563
0.190170288085938 0.17755126953125 0.125625610351563 0.091766357421875
0.224884033203125 0.016937255859375 0.195892333984375 0.0034027099609375
0.162185668945313 -0.0977935791015625 0.153900146484375 -0.0922088623046875
0.0634002685546875 -0.180618286132813 0.0662078857421875 -0.162704467773438
-0.0271148681640625 -0.189056396484375 -0.0104217529296875 -0.151535034179688
-0.0302581787109375 -0.179946899414063 -0.0290451049804687 -0.0931320190429688
-0.03887939453125 -0.20635986328125 -0.01593017578125 -0.0538253784179688
0.02197265625 -0.216842651367188 -0.0278205871582031 -0.0383453369140625
0.139556884765625 -0.178558349609375 -0.0390777587890625 -0.00195693969726564
0.224227905273438 -0.08221435546875 -0.0478363037109375 -0.0247116088867187
0.241744995117188 0.137969970703125 -0.065887451171875 -0.07196044921875
0.1751708984375 0.285614013671875 -0.0116119384765625 -0.111274719238281
0.033599853515625 0.34234619140625 0.0240325927734375 -0.0712127685546875
-0.071533203125 0.3487548828125 0.17266845703125 0.093780517578125
0.058807373046875 0.31549072265625 0.10296630859375 0.149490356445313
0.18487548828125 0.243392944335938 0.118583679199219 0.131576538085938
0.26446533203125 0.0602874755859375 0.1739501953125 0.0509033203125
0.208908081054688 -0.0923919677734375 0.137802124023438 -0.030731201171875
0.097625732421875 -0.209030151367188 0.0743179321289063 -0.088531494140625
-0.0108795166015625 -0.219741821289063 0.0181655883789063 -0.0788497924804688
-0.0171661376953125 -0.205780029296875 0.00206565856933593 -0.0299453735351563
-0.026702880859375 -0.235137939453125 0.00991344451904297 0.0114688873291015
0.0364837646484375 -0.237350463867188 -0.0187873840332031 0.0245380401611328
0.16070556640625 -0.182968139648438 -0.0437202453613281 0.0486984252929687
0.237030029296875 -0.073211669921875 -0.0582809448242187 0.0081024169921875
0.232879638671875 0.158554077148438 -0.0623970031738281 -0.0475234985351563
0.146148681640625 0.296966552734375 0.0146484375 -0.0538902282714844
-0.005889892578125 0.33447265625 0.0130500793457031 0.0359840393066406
-0.115997314453125 0.284698486328125 0.130264282226563 0.212371826171875
-0.00769042968749999 0.293975830078125 0.087432861328125 0.231796264648438
0.129714965820313 0.25872802734375 0.0992584228515625 0.161895751953125
0.243087768554687 0.0990447998046875 0.133209228515625 0.090972900390625
0.2132568359375 -0.0618438720703125 0.105400085449219 0.02947998046875
0.115493774414063 -0.195571899414063 0.0702857971191406 -0.00873947143554689
0.00808715820312498 -0.213577270507813 0.0416984558105469 0.000988006591796862
-0.001678466796875 -0.199554443359375 0.0323028564453125 0.037811279296875
-0.00997924804687501 -0.230194091796875 0.0337371826171875 0.0791397094726562
0.0483551025390625 -0.2259521484375 -0.012725830078125 0.090118408203125
0.164825439453125 -0.1639404296875 -0.0520248413085938 0.0967483520507812
0.226394653320313 -0.050018310546875 -0.0727310180664062 0.0361862182617187
0.196563720703125 0.172012329101563 -0.0607070922851562 -0.0309715270996094
0.09149169921875 0.28302001953125 0.0332717895507813 -0.00291061401367186
-0.0537109375 0.287567138671875 -0.0100326538085937 0.134666442871094
-0.137374877929688 0.16864013671875 0.0770263671875 0.2955322265625
-0.0679779052734375 0.209808349609375 0.060302734375 0.284942626953125
0.0463104248046875 0.214263916015625 0.0757904052734375 0.17352294921875
0.169052124023437 0.113433837890625 0.087921142578125 0.114105224609375
0.173187255859375 -0.0204620361328125 0.0670318603515625 0.0719070434570313
0.111129760742188 -0.146621704101563 0.0572738647460938 0.0592155456542969
0.02496337890625 -0.171524047851563 0.056427001953125 0.0738906860351562
0.0125732421875 -0.162567138671875 0.0560150146484375 0.0997390747070312
0.00698852539062499 -0.19122314453125 0.050537109375 0.140838623046875
0.0546417236328125 -0.186386108398438 -0.01171875 0.150527954101563
0.150955200195313 -0.12548828125 -0.0654830932617187 0.138351440429688
0.192825317382813 -0.021392822265625 -0.092742919921875 0.0581130981445313
0.14031982421875 0.168548583984375 -0.0655899047851562 -0.0185623168945312
0.0262298583984375 0.240036010742188 0.0353813171386719 0.0425186157226563
-0.0982818603515625 0.207290649414063 -0.0492401123046875 0.214019775390625
-0.13580322265625 0.0240936279296875 0.0318603515625 0.330108642578125
-0.108818054199219 0.0869903564453125 0.040130615234375 0.2978515625
-0.0363082885742187 0.126480102539063 0.060150146484375 0.165115356445312
0.068817138671875 0.100517272949219 0.0538864135742188 0.118942260742188
0.101150512695313 0.0196685791015625 0.0366897583007813 0.0932998657226563
0.0854034423828125 -0.0734100341796875 0.04473876953125 0.104095458984375
0.0355758666992187 -0.102561950683594 0.06427001953125 0.125633239746094
0.0233993530273437 -0.101226806640625 0.071380615234375 0.145095825195313
0.02191162109375 -0.124687194824219 0.0589752197265625 0.188095092773437
0.0517807006835938 -0.122505187988281 -0.016265869140625 0.198684692382813
0.115959167480469 -0.0763931274414063 -0.0825653076171875 0.168731689453125
0.136528015136719 0.00368499755859375 -0.116218566894531 0.0729751586914062
0.073760986328125 0.140670776367188 -0.077789306640625 -0.0115127563476562
-0.0349578857421875 0.166854858398438 0.0192794799804688 0.0747909545898438
-0.127388000488281 0.0996017456054687 -0.0989532470703125 0.262161254882813
0.116836547851563 0.0339126586914063 0.087554931640625 -0.2906494140625
0.0710372924804688 -0.0784683227539063 0.00991821289062501 -0.0954132080078125
-0.0232467651367188 -0.07159423828125 0.0891342163085938 0.0100936889648437
-0.0639991760253906 -0.0200271606445312 0.16021728515625 -0.0828704833984375
-0.0545692443847656 0.0259666442871094 0.0995635986328125 -0.189971923828125
-0.0284996032714844 0.0528488159179688 -0.0169525146484375 -0.243148803710938
-0.0262069702148438 0.0419692993164063 -0.0996246337890625 -0.220596313476563
-0.0376396179199219 0.0344352722167969 -0.10565185546875 -0.166412353515625
-0.0501670837402344 0.0319557189941406 -0.087127685546875 -0.142730712890625
-0.062255859375 -0.00981521606445313 -0.0618133544921875 -0.127212524414063
-0.0408668518066406 -0.0615768432617188 -0.0455245971679687 -0.106887817382813
0.0253753662109375 -0.0868911743164063 -0.0460433959960938 -0.121025085449219
0.113327026367188 -0.0434722900390625 -0.0620269775390625 -0.175689697265625
0.148773193359375 0.035736083984375 -0.0703125 -0.281463623046875
0.125686645507813 0.10601806640625 -0.022613525390625 -0.33233642578125
0.108795166015625 0.170425415039063 0.138397216796875 -0.25677490234375
0.123908996582031 0.0339279174804687 0.044921875 -0.077423095703125
0.0720672607421875 -0.00859832763671875 0.108612060546875 0.0202178955078125
0.0355453491210938 -0.0340919494628906 0.183624267578125 -0.0793609619140625
0.0108928680419922 -0.0349178314208984 0.121902465820313 -0.18756103515625
-0.0134735107421875 -0.0389213562011719 0.00103759765625 -0.250030517578125
-0.0442924499511719 -0.0463066101074219 -0.0898590087890625 -0.22552490234375
-0.0505905151367188 -0.0494308471679687 -0.0977935791015625 -0.16436767578125
-0.0612335205078125 -0.062225341796875 -0.0772018432617188 -0.135581970214844
-0.0383758544921875 -0.0990753173828125 -0.05853271484375 -0.120407104492187
0.0308914184570312 -0.118446350097656 -0.04315185546875 -0.085968017578125
0.11676025390625 -0.09149169921875 -0.0437774658203125 -0.0962982177734375
0.183425903320313 0.0331878662109375 -0.0694198608398437 -0.139793395996094
0.184173583984375 0.151840209960938 -0.065948486328125 -0.2352294921875
0.1156005859375 0.229339599609375 -0.00543212890624999 -0.275863647460938
0.079437255859375 0.285980224609375 0.17779541015625 -0.178009033203125
0.151931762695313 0.155227661132813 0.081298828125 -0.0273056030273437
0.161331176757813 0.072265625 0.127487182617188 0.0463104248046875
0.143234252929688 -0.033294677734375 0.200119018554688 -0.0560302734375
0.084014892578125 -0.0889892578125 0.14093017578125 -0.162078857421875
0.0106658935546875 -0.127426147460938 0.0252685546875 -0.2276611328125
-0.053466796875 -0.128013610839844 -0.06512451171875 -0.203506469726563
-0.0559463500976563 -0.1251220703125 -0.0763473510742187 -0.138473510742187
-0.06756591796875 -0.145462036132813 -0.0556869506835937 -0.104110717773438
-0.0203399658203125 -0.174087524414063 -0.050872802734375 -0.0871658325195313
0.0849151611328125 -0.169418334960938 -0.0445365905761719 -0.0472793579101563
0.1817626953125 -0.104736328125 -0.0485343933105468 -0.0612640380859375
0.239242553710938 0.0817413330078125 -0.0763626098632812 -0.102157592773438
0.212387084960937 0.229568481445312 -0.0525054931640625 -0.17547607421875
0.101837158203125 0.312713623046875 0.00505065917968749 -0.186630249023437
0.030517578125 0.359588623046875 0.197677612304688 -0.0608978271484375
0.14666748046875 0.259231567382813 0.109207153320313 0.0489501953125
0.2200927734375 0.157516479492188 0.138603210449219 0.0838088989257813
0.234771728515625 -0.012939453125 0.20361328125 -0.0160064697265625
0.155120849609375 -0.122589111328125 0.149673461914062 -0.111099243164062
0.041015625 -0.196319580078125 0.050933837890625 -0.175918579101563
-0.0525054931640625 -0.191375732421875 -0.029571533203125 -0.153915405273438
-0.0541839599609375 -0.181121826171875 -0.0424728393554688 -0.0918197631835938
-0.06817626953125 -0.20758056640625 -0.0253067016601563 -0.0530624389648438
-0.0079498291015625 -0.226287841796875 -0.037353515625 -0.034515380859375
0.119598388671875 -0.203231811523437 -0.0436286926269531 0.00207519531249999
0.222274780273438 -0.11590576171875 -0.0535545349121094 -0.0239524841308594
0.268524169921875 0.11041259765625 -0.0757369995117187 -0.0696640014648438
0.218902587890625 0.270706176757813 -0.024932861328125 -0.115745544433594
0.0770263671875 0.35064697265625 0.0126876831054688 -0.0795364379882812
-0.02764892578125 0.3690185546875 0.19122314453125 0.075469970703125
0.10101318359375 0.316558837890625 0.122909545898438 0.14190673828125
0.222946166992188 0.2271728515625 0.135322570800781 0.126480102539063
0.281341552734375 0.027435302734375 0.184951782226563 0.03558349609375
0.203994750976562 -0.123077392578125 0.140945434570312 -0.0463409423828125
0.0722198486328125 -0.229476928710938 0.068572998046875 -0.101020812988281
-0.039642333984375 -0.225357055664063 0.00869750976562499 -0.0841445922851563
-0.0445404052734375 -0.209732055664063 -0.00279045104980469 -0.0312957763671875
-0.0597381591796875 -0.238922119140625 0.0105381011962891 0.0101842880249023
0.00421142578125 -0.248031616210937 -0.019775390625 0.0287704467773437
0.140823364257813 -0.211349487304687 -0.0406417846679688 0.0553016662597656
0.235733032226563 -0.107986450195313 -0.0597610473632812 0.0122108459472656
0.26336669921875 0.132553100585938 -0.0696220397949219 -0.0448684692382813
0.1907958984375 0.285736083984375 0.00864028930664063 -0.0597419738769531
0.03564453125 0.347320556640625 0.0142784118652344 0.0338172912597656
-0.08209228515625 0.30914306640625 0.162582397460938 0.204788208007813
0.029815673828125 0.303497314453125 0.1165771484375 0.2294921875
0.167129516601563 0.249771118164063 0.11810302734375 0.15966796875
0.2635498046875 0.070068359375 0.147842407226563 0.082183837890625
0.21173095703125 -0.091400146484375 0.114646911621094 0.0196380615234375
0.0927734375 -0.21832275390625 0.074615478515625 -0.0185165405273438
-0.0197296142578125 -0.221649169921875 0.0435066223144531 -0.00522994995117189
-0.0281219482421875 -0.204864501953125 0.0365486145019531 0.0339736938476562
-0.04205322265625 -0.23590087890625 0.0434494018554688 0.0767593383789062
0.0176544189453125 -0.23876953125 -0.00373840332031249 0.0945053100585937
0.147811889648438 -0.192123413085938 -0.0428619384765625 0.106277465820313
0.228897094726563 -0.0830535888671875 -0.0712509155273437 0.043914794921875
0.226913452148438 0.150680541992188 -0.0662765502929687 -0.0269241333007812
0.132644653320312 0.277664184570313 0.0340137481689453 -0.00910949707031248
-0.02001953125 0.30438232421875 0.00378417968750001 0.138603210449219
-0.118728637695313 0.191146850585937 0.11846923828125 0.2987060546875
-0.042999267578125 0.223861694335938 0.093902587890625 0.287322998046875
0.0763092041015625 0.215362548828125 0.0953521728515625 0.174087524414063
0.18988037109375 0.0942840576171875 0.104713439941406 0.111419677734375
0.176040649414063 -0.044189453125 0.080108642578125 0.0679931640625
0.094146728515625 -0.167144775390625 0.0701408386230469 0.0535545349121094
0.00277709960937501 -0.179794311523438 0.0684013366699219 0.0679435729980468
-0.008575439453125 -0.16888427734375 0.0694427490234375 0.0944976806640625
-0.0188140869140625 -0.198257446289063 0.0688323974609375 0.13775634765625
0.030303955078125 -0.198532104492188 0.00531005859374999 0.156509399414063
0.139083862304688 -0.150833129882813 -0.050567626953125 0.150909423828125
0.197280883789063 -0.0470428466796875 -0.0879974365234375 0.0698623657226562
0.167938232421875 0.15557861328125 -0.0712051391601562 -0.0136260986328125
0.058685302734375 0.243209838867187 0.0409088134765625 0.0365333557128906
-0.0765838623046875 0.225830078125 -0.0257720947265625 0.2264404296875
-0.135330200195313 0.0427780151367188 0.075958251953125 0.340057373046875
-0.100196838378906 0.103202819824219 0.0753173828125 0.30535888671875
-0.0212020874023438 0.1353759765625 0.078399658203125 0.166885375976562
0.08453369140625 0.0941238403320313 0.06964111328125 0.120155334472656
0.106910705566406 0.0066986083984375 0.0517807006835937 0.0941925048828125
0.0773849487304687 -0.0876541137695312 0.0618896484375 0.101760864257812
0.0226516723632812 -0.110244750976563 0.0825119018554688 0.120857238769531
0.0107498168945312 -0.107223510742188 0.0914306640625 0.140373229980469
0.0056610107421875 -0.131820678710938 0.083587646484375 0.18585205078125
0.0358352661132812 -0.132743835449219 0.007537841796875 0.205718994140625
0.109809875488281 -0.093536376953125 -0.06365966796875 0.184341430664063
0.141494750976562 -0.013458251953125 -0.110542297363281 0.0886993408203125
0.0951080322265625 0.135932922363281 -0.0821762084960938 -0.00465393066406251
-0.0148162841796875 0.174957275390625 0.029052734375 0.0729522705078125
-0.11956787109375 0.117523193359375 -0.0703125 0.283416748046875
0.120384216308594 0.0223541259765625 0.054443359375 -0.30242919921875
0.0626602172851563 -0.0879364013671875 -0.00304412841796875 -0.0956497192382813
-0.0297126770019531 -0.0690040588378906 0.0906448364257813 0.00231170654296875
-0.0670852661132813 -0.0134391784667969 0.153396606445313 -0.100326538085938
-0.0522003173828125 0.0324440002441406 0.079132080078125 -0.201416015625
-0.0232315063476563 0.0556869506835938 -0.0433502197265625 -0.241241455078125
-0.0215301513671875 0.0440101623535156 -0.12469482421875 -0.208770751953125
-0.0333251953125 0.0391387939453125 -0.125534057617188 -0.15325927734375
-0.0465469360351562 0.0392494201660156 -0.105415344238281 -0.133003234863281
-0.0636825561523438 -0.00204467773437499 -0.0781707763671875 -0.119606018066406
-0.0480155944824219 -0.0557022094726562 -0.0611190795898438 -0.103080749511719
0.0150070190429688 -0.0904312133789063 -0.0612640380859375 -0.119873046875
0.107887268066406 -0.05670166015625 -0.07861328125 -0.17279052734375
0.1533203125 0.01849365234375 -0.100570678710937 -0.277252197265625
0.138175964355469 0.0918807983398438 -0.061767578125 -0.33575439453125
0.127639770507813 0.158416748046875 0.109542846679688 -0.27679443359375
0.127677917480469 0.0183258056640625 0.0353775024414063 -0.0833816528320313
0.0721359252929688 -0.015533447265625 0.111183166503906 0.0125732421875
0.0326461791992187 -0.0381126403808594 0.176849365234375 -0.09722900390625
0.00525665283203125 -0.0367469787597656 0.102386474609375 -0.200973510742188
-0.0192527770996094 -0.0375137329101563 -0.0265045166015625 -0.249603271484375
-0.0509300231933594 -0.0406646728515625 -0.11639404296875 -0.21435546875
-0.0559158325195313 -0.0430679321289062 -0.118377685546875 -0.152099609375
-0.0688209533691406 -0.0535163879394531 -0.0946426391601563 -0.126052856445312
-0.0515518188476563 -0.0932464599609375 -0.074859619140625 -0.112068176269531
0.0177536010742188 -0.122848510742188 -0.05596923828125 -0.0833587646484375
0.1055908203125 -0.105476379394531 -0.0558319091796875 -0.0964279174804688
0.188430786132812 0.011962890625 -0.0822677612304688 -0.136238098144531
0.203887939453125 0.130050659179688 -0.0905609130859375 -0.230316162109375
0.142578125 0.219268798828125 -0.0399932861328125 -0.279998779296875
0.112701416015625 0.27886962890625 0.157928466796875 -0.200851440429688
0.170135498046875 0.137557983398438 0.0765609741210938 -0.0369796752929687
0.171127319335938 0.0522918701171875 0.133613586425781 0.0367279052734375
0.141006469726562 -0.052337646484375 0.195632934570312 -0.077239990234375
0.0748825073242187 -0.101112365722656 0.12591552734375 -0.176513671875
-0.00601959228515624 -0.129844665527344 0.000427246093750003 -0.23162841796875
-0.0689468383789063 -0.122932434082031 -0.088714599609375 -0.196258544921875
-0.0723648071289062 -0.118904113769531 -0.0936203002929688 -0.128662109375
-0.0864486694335937 -0.137924194335938 -0.0693206787109375 -0.0973739624023438
-0.042236328125 -0.171173095703125 -0.06536865234375 -0.0799942016601563
0.0646209716796875 -0.181289672851563 -0.052886962890625 -0.0432968139648438
0.170822143554687 -0.128433227539063 -0.0576553344726562 -0.0619277954101562
0.250289916992188 0.0535430908203125 -0.086761474609375 -0.0977096557617188
0.241134643554687 0.205459594726563 -0.0703125 -0.172378540039063
0.139251708984375 0.3038330078125 -0.0202178955078125 -0.190994262695313
0.073211669921875 0.3577880859375 0.191696166992188 -0.08465576171875
0.1773681640625 0.242080688476563 0.113937377929688 0.0374755859375
0.239578247070313 0.133026123046875 0.147918701171875 0.0740203857421875
0.234939575195312 -0.04168701171875 0.203948974609375 -0.034820556640625
0.1409912109375 -0.141876220703125 0.139862060546875 -0.12744140625
0.0161285400390625 -0.203598022460938 0.032806396484375 -0.181884765625
-0.0754241943359375 -0.185455322265625 -0.0471038818359375 -0.149688720703125
-0.0772705078125 -0.175186157226562 -0.05523681640625 -0.0860137939453125
-0.0961151123046875 -0.197677612304688 -0.0326881408691406 -0.050079345703125
-0.037841796875 -0.224349975585938 -0.043609619140625 -0.0288848876953125
0.0941619873046875 -0.21990966796875 -0.0442886352539062 0.00626754760742186
0.208541870117188 -0.144271850585938 -0.0582733154296875 -0.0229034423828125
0.28363037109375 0.0777587890625 -0.0831375122070312 -0.0647430419921875
0.252212524414063 0.244430541992188 -0.0376434326171875 -0.115447998046875
0.117919921875 0.345306396484375 0.000762939453125002 -0.0834884643554687
0.015869140625 0.37371826171875 0.20147705078125 0.0532379150390625
0.138671875 0.3040771484375 0.137481689453125 0.130439758300781
0.251861572265625 0.201889038085937 0.148910522460938 0.115676879882813
0.286865234375 -0.00830078125 0.191375732421875 0.0191650390625
0.18963623046875 -0.146881103515625 0.139007568359375 -0.0590896606445313
0.04339599609375 -0.239730834960938 0.0590896606445313 -0.109603881835938
-0.06787109375 -0.221588134765625 -0.000167846679687498 -0.0865249633789063
-0.0700225830078125 -0.203887939453125 -0.00801086425781251 -0.0297012329101563
-0.0902099609375 -0.231918334960938 0.0101985931396484 0.00796413421630858
-0.028839111328125 -0.247756958007813 -0.0194683074951172 0.0325298309326172
0.114974975585938 -0.23028564453125 -0.0356788635253906 0.0599174499511719
0.222702026367188 -0.1380615234375 -0.0588111877441406 0.0147781372070312
0.280624389648438 0.100997924804688 -0.074371337890625 -0.0393829345703125
0.22625732421875 0.261337280273438 0.00155639648437502 -0.0630836486816406
0.075592041015625 0.345367431640625 0.0164012908935547 0.0298786163330078
-0.044708251953125 0.319122314453125 0.188339233398438 0.187576293945313
0.065826416015625 0.298492431640625 0.141281127929688 0.217758178710938
0.197998046875 0.231338500976563 0.133926391601563 0.150665283203125
0.272445678710938 0.0373687744140625 0.157791137695313 0.07080078125
0.201339721679688 -0.117218017578125 0.119056701660156 0.00839996337890624
0.065155029296875 -0.231124877929688 0.0748138427734375 -0.02825927734375
-0.0470123291015625 -0.219390869140625 0.042938232421875 -0.0107192993164063
-0.05352783203125 -0.201736450195312 0.039154052734375 0.0303535461425781
-0.072662353515625 -0.23052978515625 0.0515022277832031 0.0701255798339844
-0.01287841796875 -0.240509033203125 0.00489044189453125 0.0961990356445313
0.124053955078125 -0.212921142578125 -0.0312118530273438 0.111305236816406
0.218795776367187 -0.111785888671875 -0.0673904418945312 0.0494232177734375
0.2464599609375 0.123489379882813 -0.0707321166992187 -0.0223846435546875
0.166168212890625 0.261642456054688 0.0316638946533203 -0.0162773132324219
0.01513671875 0.308349609375 0.0174942016601563 0.138496398925781
-0.0948944091796875 0.205123901367188 0.1541748046875 0.286468505859375
-0.017578125 0.2288818359375 0.126541137695313 0.280349731445313
0.101882934570312 0.207748413085938 0.111740112304688 0.168136596679688
0.202224731445313 0.070159912109375 0.118179321289063 0.104232788085938
0.171859741210938 -0.0662841796875 0.0899124145507813 0.0614852905273437
0.0736846923828125 -0.179000854492187 0.0790176391601563 0.0434188842773437
-0.0211029052734375 -0.181442260742187 0.0772476196289062 0.0596389770507812
-0.028961181640625 -0.16790771484375 0.0780258178710938 0.0853118896484375
-0.043548583984375 -0.196945190429688 0.0842437744140625 0.129127502441406
0.00546264648437502 -0.20257568359375 0.0218505859375 0.155517578125
0.120742797851562 -0.1693115234375 -0.034149169921875 0.155288696289063
0.19317626953125 -0.072052001953125 -0.0804367065429687 0.0777664184570313
0.18890380859375 0.135391235351563 -0.0730361938476562 -0.00863647460937498
0.0881805419921875 0.235000610351563 0.0443267822265625 0.0307464599609375
-0.052001953125 0.235076904296875 -0.001800537109375 0.230422973632813
-0.128578186035156 0.0581588745117188 0.116455078125 0.3360595703125
-0.0866317749023438 0.113937377929688 0.109100341796875 0.3001708984375
-0.00455474853515626 0.138885498046875 0.093841552734375 0.162109375
0.095001220703125 0.0839614868164062 0.0828018188476563 0.117424011230469
0.107688903808594 -0.00765228271484375 0.0648040771484375 0.09039306640625
0.0664215087890625 -0.0986785888671875 0.0766525268554688 0.0936660766601563
0.00788116455078125 -0.113075256347656 0.0978164672851562 0.109565734863281
-0.00202178955078125 -0.108970642089844 0.105445861816406 0.127212524414063
-0.0104904174804687 -0.132072448730469 0.10394287109375 0.174560546875
0.0200576782226562 -0.137924194335938 0.0297088623046875 0.204421997070312
0.100868225097656 -0.109786987304687 -0.045135498046875 0.191909790039063
0.142074584960938 -0.0308837890625 -0.100799560546875 0.100044250488281
0.112533569335938 0.124267578125 -0.085601806640625 0.00133514404296876
0.00555419921875 0.1754150390625 0.0364990234375 0.0671157836914063
-0.107376098632812 0.129684448242188 -0.038330078125 0.29144287109375
0.122314453125 0.01129150390625 0.025390625 -0.308135986328125
0.0540618896484375 -0.0933380126953125 -0.0143814086914062 -0.0951156616210938
-0.0349197387695313 -0.0669784545898438 0.0912704467773437 -0.00209808349609375
-0.0677604675292969 -0.00639724731445313 0.145095825195313 -0.1134033203125
-0.0468940734863281 0.0371932983398437 0.063140869140625 -0.206497192382813
-0.0182609558105469 0.0579948425292969 -0.06488037109375 -0.234664916992188
-0.0171852111816406 0.0459480285644531 -0.143600463867187 -0.195205688476563
-0.0288047790527344 0.0438156127929687 -0.138404846191406 -0.139442443847656
-0.0420608520507813 0.0440139770507813 -0.11883544921875 -0.120071411132813
-0.0620956420898438 0.00480651855468751 -0.090728759765625 -0.111328125
-0.0529708862304688 -0.0503196716308594 -0.0727310180664062 -0.0994338989257813
0.00653076171875 -0.090850830078125 -0.0736770629882812 -0.118598937988281
0.102020263671875 -0.0673294067382813 -0.089752197265625 -0.1669921875
0.155044555664063 0.005706787109375 -0.121566772460938 -0.270553588867188
0.146453857421875 0.081695556640625 -0.0943603515625 -0.332916259765625
0.1435546875 0.149200439453125 0.082550048828125 -0.28643798828125
0.129539489746094 0.00646209716796875 0.0247955322265625 -0.08514404296875
0.0723419189453125 -0.024627685546875 0.113327026367187 0.00521087646484375
0.0300254821777344 -0.0433769226074219 0.169631958007812 -0.1119384765625
0.00243759155273437 -0.0385208129882813 0.0870208740234375 -0.208099365234375
-0.0248336791992188 -0.0362434387207031 -0.047637939453125 -0.24627685546875
-0.0547218322753906 -0.0368881225585938 -0.134674072265625 -0.201873779296875
-0.0598068237304688 -0.0367584228515625 -0.131416320800781 -0.138725280761719
-0.0744400024414063 -0.047119140625 -0.107719421386719 -0.115737915039063
-0.059844970703125 -0.0877227783203125 -0.0872116088867188 -0.1036376953125
0.00471496582031249 -0.123252868652344 -0.0663833618164062 -0.0785675048828125
0.0955963134765625 -0.115577697753906 -0.0668106079101563 -0.0954360961914063
0.189132690429688 -0.0053253173828125 -0.0919570922851563 -0.1317138671875
0.215240478515625 0.111648559570313 -0.107864379882813 -0.224517822265625
0.163360595703125 0.206192016601563 -0.0674896240234375 -0.279571533203125
0.1390380859375 0.269744873046875 0.138946533203125 -0.21722412109375
0.182510375976563 0.120010375976563 0.0706024169921875 -0.0435256958007812
0.177764892578125 0.0365447998046875 0.135810852050781 0.0283966064453125
0.136222839355469 -0.0663223266601563 0.190933227539063 -0.09075927734375
0.0641860961914063 -0.10791015625 0.11236572265625 -0.18524169921875
-0.0209426879882813 -0.129615783691406 -0.017822265625 -0.230010986328125
-0.081878662109375 -0.116241455078125 -0.10595703125 -0.185745239257813
-0.0827102661132813 -0.110603332519531 -0.105728149414063 -0.117324829101562
-0.100143432617188 -0.127410888671875 -0.0795516967773437 -0.0885238647460938
-0.059661865234375 -0.165695190429688 -0.0740585327148438 -0.0716171264648438
0.045379638671875 -0.186279296875 -0.0599021911621094 -0.0391654968261719
0.1578369140625 -0.144912719726563 -0.0650100708007812 -0.0612106323242188
0.254592895507813 0.0301971435546875 -0.0930404663085938 -0.092987060546875
0.260513305664063 0.18109130859375 -0.0835418701171875 -0.168212890625
0.166168212890625 0.292388916015625 -0.039886474609375 -0.191665649414062
0.106170654296875 0.350555419921875 0.18389892578125 -0.103561401367187
0.19915771484375 0.223541259765625 0.114540100097656 0.0273284912109375
0.252700805664063 0.109832763671875 0.15216064453125 0.06549072265625
0.231369018554688 -0.0657196044921875 0.201431274414063 -0.0487060546875
0.126937866210938 -0.156173706054687 0.130401611328125 -0.136543273925781
-0.00598144531249999 -0.204437255859375 0.0176544189453125 -0.184478759765625
-0.0944061279296875 -0.178329467773438 -0.060943603515625 -0.144699096679687
-0.09381103515625 -0.1661376953125 -0.0636825561523437 -0.0784988403320313
-0.115127563476562 -0.187545776367188 -0.038604736328125 -0.0457611083984375
-0.0606231689453125 -0.218582153320313 -0.0499420166015625 -0.0224685668945313
0.0717620849609375 -0.228988647460938 -0.0464096069335937 0.0103263854980469
0.193740844726563 -0.165496826171875 -0.0622100830078125 -0.0216560363769531
0.29083251953125 0.0498046875 -0.0876998901367187 -0.0604629516601563
0.275802612304688 0.219680786132812 -0.04620361328125 -0.114830017089844
0.14971923828125 0.335479736328125 -0.0111083984375 -0.0858688354492188
0.05157470703125 0.371307373046875 0.207015991210938 0.0345306396484375
0.165863037109375 0.289581298828125 0.14605712890625 0.1160888671875
0.270233154296875 0.176773071289063 0.156158447265625 0.107696533203125
0.28399658203125 -0.03582763671875 0.192642211914063 0.006561279296875
0.174972534179688 -0.167266845703125 0.134742736816406 -0.0691757202148438
0.0172119140625 -0.243942260742187 0.0510482788085938 -0.116050720214844
-0.0895843505859375 -0.215011596679688 -0.00861358642578125 -0.08514404296875
-0.090667724609375 -0.196044921875 -0.0131111145019531 -0.0288848876953125
-0.114898681640625 -0.221160888671875 0.00944519042968749 0.00811767578124999
-0.054168701171875 -0.242782592773438 -0.0189933776855469 0.0356712341308594
0.09014892578125 -0.242721557617188 -0.0321884155273438 0.0624465942382812
0.209381103515625 -0.161972045898437 -0.0606689453125 0.0159187316894531
0.28997802734375 0.071868896484375 -0.0788955688476562 -0.0371170043945312
0.25048828125 0.239410400390625 -0.00431060791015624 -0.0662040710449219
0.10687255859375 0.3387451171875 0.0155792236328125 0.0270462036132813
-0.01416015625 0.32330322265625 0.20556640625 0.170135498046875
0.09271240234375 0.29132080078125 0.157821655273438 0.204635620117188
0.218612670898438 0.2132568359375 0.145217895507813 0.143341064453125
0.2767333984375 0.00982666015625 0.1644287109375 0.0615692138671875
0.189804077148438 -0.13787841796875 0.12213134765625 0.000869750976562492
0.0400390625 -0.23681640625 0.075042724609375 -0.0360488891601563
-0.0695648193359375 -0.21417236328125 0.0424461364746094 -0.0154685974121094
-0.0739288330078125 -0.196334838867188 0.0394515991210937 0.0259437561035156
-0.0962677001953125 -0.22247314453125 0.05633544921875 0.0658378601074219
-0.0380859375 -0.238143920898437 0.0111083984375 0.0957794189453125
0.102371215820313 -0.225311279296875 -0.0216064453125 0.11358642578125
0.20831298828125 -0.134857177734375 -0.0635528564453125 0.0515518188476562
0.25872802734375 0.0985870361328125 -0.0734024047851562 -0.018951416015625
0.190765380859375 0.24407958984375 0.0301094055175781 -0.0205116271972656
0.04296875 0.30780029296875 0.0280303955078125 0.134941101074219
-0.0749664306640625 0.214263916015625 0.182647705078125 0.275283813476562
0.00419616699218748 0.22808837890625 0.148605346679688 0.267913818359375
0.1214599609375 0.197891235351563 0.124725341796875 0.161529541015625
0.208709716796875 0.0501556396484375 0.12591552734375 0.0992965698242188
0.1644287109375 -0.082122802734375 0.097259521484375 0.0546875
0.053466796875 -0.185470581054688 0.0849456787109375 0.0359344482421875
-0.0386505126953125 -0.178298950195313 0.0830459594726563 0.051544189453125
-0.0467071533203125 -0.165206909179688 0.0848159790039063 0.077880859375
-0.064117431640625 -0.192306518554687 0.094451904296875 0.120918273925781
-0.016082763671875 -0.20147705078125 0.0346221923828125 0.153305053710937
0.1036376953125 -0.181777954101563 -0.0206451416015625 0.15863037109375
0.185272216796875 -0.0914764404296875 -0.07501220703125 0.0818939208984375
0.200912475585938 0.116592407226562 -0.0752334594726562 -0.00426483154296874
0.109634399414062 0.224502563476563 0.0462989807128906 0.0239334106445313
-0.0294647216796875 0.23974609375 0.0180511474609375 0.229232788085938
-0.120552062988281 0.068267822265625 0.150482177734375 0.32733154296875
-0.0761337280273437 0.12115478515625 0.133575439453125 0.291015625
0.0078582763671875 0.138473510742188 0.106735229492188 0.158157348632812
0.103530883789063 0.0728912353515625 0.0947647094726563 0.114212036132813
0.107261657714844 -0.0182418823242188 0.07464599609375 0.086334228515625
0.0552978515625 -0.104637145996094 0.0862579345703125 0.0848007202148438
-0.00304412841796876 -0.113067626953125 0.10772705078125 0.0997848510742187
-0.0126876831054688 -0.108245849609375 0.117233276367187 0.117355346679688
-0.0239715576171875 -0.131904602050781 0.119735717773438 0.16473388671875
0.0051727294921875 -0.138771057128906 0.0475311279296875 0.201614379882813
0.0884475708007813 -0.119216918945313 -0.026397705078125 0.193817138671875
0.138694763183594 -0.043243408203125 -0.0928573608398438 0.107048034667969
0.12469482421875 0.114715576171875 -0.0849456787109375 0.00801086425781252
0.021575927734375 0.173965454101563 0.0416526794433594 0.0619010925292969
-0.0960922241210937 0.139663696289062 -0.011688232421875 0.293975830078125
0.124313354492188 0.00411224365234375 0.00100708007812499 -0.31317138671875
0.048248291015625 -0.0979537963867187 -0.023956298828125 -0.0927734375
-0.0396080017089844 -0.0652694702148437 0.0928726196289063 -0.005950927734375
-0.0685081481933594 -0.00174331665039061 0.140434265136719 -0.124038696289063
-0.0445480346679688 0.0412406921386719 0.050567626953125 -0.212799072265625
-0.0140495300292969 0.0607795715332031 -0.08148193359375 -0.231048583984375
-0.013153076171875 0.0477638244628906 -0.159225463867188 -0.185211181640625
-0.0240516662597656 0.0470657348632813 -0.149642944335937 -0.128555297851563
-0.0380783081054687 0.0487518310546875 -0.129318237304688 -0.110443115234375
-0.0618629455566406 0.0105056762695312 -0.102020263671875 -0.103988647460938
-0.056854248046875 -0.04620361328125 -0.0840606689453125 -0.0960464477539063
-0.000953674316406252 -0.0912246704101563 -0.0848922729492188 -0.117332458496094
0.0975418090820313 -0.074615478515625 -0.0991973876953125 -0.165634155273438
0.157012939453125 -0.0057830810546875 -0.140182495117187 -0.265579223632813
0.15545654296875 0.07244873046875 -0.122528076171875 -0.332550048828125
0.156814575195312 0.141311645507813 0.0609130859375 -0.29693603515625
0.132041931152344 -0.0040435791015625 0.0164337158203125 -0.0864028930664063
0.0731887817382813 -0.0312347412109375 0.115440368652344 0.0010223388671875
0.0267906188964844 -0.0472984313964844 0.164947509765625 -0.123947143554688
-5.72204589843726E-05 -0.0395469665527344 0.074432373046875 -0.215316772460938
-0.0292224884033203 -0.034637451171875 -0.0652923583984375 -0.244247436523437
-0.0590171813964844 -0.0321846008300781 -0.150772094726562 -0.1923828125
-0.0626602172851563 -0.0310211181640625 -0.14324951171875 -0.127655029296875
-0.0787582397460938 -0.0402145385742187 -0.118461608886719 -0.107177734375
-0.0675430297851563 -0.0819625854492188 -0.0978164672851563 -0.0960845947265625
-0.00581359863281249 -0.124710083007812 -0.0761337280273438 -0.075164794921875
0.08721923828125 -0.124526977539063 -0.076995849609375 -0.0949554443359375
0.18994140625 -0.019195556640625 -0.0998458862304687 -0.129348754882813
0.226760864257813 0.0962066650390625 -0.124053955078125 -0.221343994140625
0.181503295898437 0.19793701171875 -0.0921783447265625 -0.280319213867188
0.161148071289062 0.263992309570313 0.123046875 -0.23028564453125
0.19354248046875 0.106781005859375 0.0657691955566407 -0.0484199523925781
0.184051513671875 0.0233154296875 0.139915466308594 0.0233688354492188
0.131980895996094 -0.079315185546875 0.187896728515625 -0.102874755859375
0.0557098388671875 -0.115379333496094 0.102294921875 -0.193283081054688
-0.0332260131835938 -0.129005432128906 -0.0344390869140625 -0.230514526367188
-0.0923843383789063 -0.110336303710938 -0.120651245117187 -0.178878784179688
-0.0923995971679687 -0.104156494140625 -0.115806579589844 -0.108489990234375
-0.112258911132813 -0.119430541992187 -0.0888214111328125 -0.0822067260742188
-0.0748138427734375 -0.1597900390625 -0.082672119140625 -0.0637359619140625
0.0302276611328125 -0.192459106445313 -0.0652275085449219 -0.0355644226074219
0.147018432617188 -0.159912109375 -0.073333740234375 -0.0604324340820313
0.259567260742188 0.01019287109375 -0.0994033813476562 -0.0905609130859375
0.277206420898438 0.162704467773438 -0.0957794189453125 -0.167007446289063
0.191009521484375 0.284088134765625 -0.0580596923828125 -0.193069458007812
0.134033203125 0.34698486328125 0.176605224609375 -0.118377685546875
0.216995239257813 0.209243774414063 0.114410400390625 0.019775390625
0.265106201171875 0.0915374755859375 0.158554077148438 0.0594482421875
0.22784423828125 -0.0865020751953125 0.201522827148438 -0.060333251953125
0.11505126953125 -0.1680908203125 0.124374389648438 -0.145233154296875
-0.0248260498046875 -0.204971313476563 0.00588989257812498 -0.188156127929688
-0.110794067382812 -0.172683715820312 -0.073028564453125 -0.1416015625
-0.109054565429688 -0.15985107421875 -0.0718536376953125 -0.0731201171875
-0.133346557617187 -0.17938232421875 -0.0450019836425781 -0.0426101684570313
-0.0807037353515625 -0.21380615234375 -0.0548248291015625 -0.0164833068847656
0.05218505859375 -0.237396240234375 -0.0487327575683594 0.0133781433105469
0.18121337890625 -0.183502197265625 -0.068572998046875 -0.0209617614746094
0.29754638671875 0.026947021484375 -0.0931243896484375 -0.0583648681640625
0.295928955078125 0.199005126953125 -0.0547637939453125 -0.1156005859375
0.1767578125 0.32940673828125 -0.0202255249023437 -0.0869674682617187
0.08013916015625 0.370941162109375 0.2110595703125 0.01861572265625
0.188323974609375 0.277374267578125 0.153060913085938 0.107192993164063
0.28668212890625 0.159332275390625 0.164199829101563 0.102447509765625
0.284332275390625 -0.0606689453125 0.196380615234375 -0.002197265625
0.162582397460938 -0.182144165039063 0.133644104003906 -0.076995849609375
-0.0052032470703125 -0.24615478515625 0.0449600219726562 -0.121536254882813
-0.1090087890625 -0.2095947265625 -0.0153732299804688 -0.0855484008789063
-0.1083984375 -0.190719604492188 -0.0168933868408203 -0.0267066955566406
-0.135574340820313 -0.2135009765625 0.00788927078247069 0.00789737701416014
-0.076385498046875 -0.23974609375 -0.0189971923828125 0.0389976501464844
0.0694122314453125 -0.253799438476562 -0.0292015075683594 0.06512451171875
0.1973876953125 -0.18206787109375 -0.0638771057128906 0.017730712890625
0.2987060546875 0.0487060546875 -0.0833587646484375 -0.034210205078125
0.271881103515625 0.220596313476562 -0.00920486450195311 -0.0691795349121094
0.133209228515625 0.3363037109375 0.0156974792480469 0.0250205993652344
0.011260986328125 0.3270263671875 0.221038818359375 0.156051635742188
0.114593505859375 0.28564453125 0.17071533203125 0.194992065429688
0.237594604492188 0.199188232421875 0.15447998046875 0.138961791992188
0.279693603515625 -0.0133514404296875 0.171371459960938 0.0545501708984375
0.18023681640625 -0.154739379882813 0.125205993652344 -0.00560760498046876
0.019073486328125 -0.241302490234375 0.0740966796875 -0.0435943603515625
-0.08905029296875 -0.210723876953125 0.0413246154785156 -0.0191154479980469
-0.0914154052734375 -0.192153930664063 0.0397911071777344 0.0243606567382812
-0.11761474609375 -0.216934204101563 0.0602264404296875 0.0617752075195312
-0.05926513671875 -0.235885620117188 0.0160446166992187 0.0974197387695312
0.0831451416015625 -0.237899780273437 -0.0143508911132812 0.115287780761719
0.19873046875 -0.154037475585938 -0.0636825561523438 0.0542793273925781
0.270065307617188 0.07781982421875 -0.0771408081054688 -0.0164871215820312
0.212249755859375 0.229324340820313 0.0279178619384766 -0.0254268646240234
0.066070556640625 0.30828857421875 0.037078857421875 0.13330078125
-0.0581512451171875 0.220138549804688 0.206207275390625 0.264816284179688
0.0219879150390625 0.228790283203125 0.167694091796875 0.260604858398438
0.137557983398438 0.191207885742188 0.13458251953125 0.15869140625
0.214157104492187 0.0338287353515625 0.13543701171875 0.0950241088867188
0.159103393554687 -0.097198486328125 0.104331970214844 0.0515518188476562
0.036590576171875 -0.191421508789063 0.0897903442382813 0.0279693603515625
-0.0545196533203125 -0.176803588867188 0.08709716796875 0.0442428588867187
-0.06097412109375 -0.163528442382812 0.089996337890625 0.0724105834960938
-0.0819549560546875 -0.189437866210938 0.103256225585938 0.113883972167969
-0.034759521484375 -0.201889038085937 0.044097900390625 0.153274536132813
0.0887603759765625 -0.19378662109375 -0.008514404296875 0.161453247070312
0.180328369140625 -0.107864379882813 -0.0714569091796875 0.0862884521484375
0.2132568359375 0.101211547851562 -0.0782928466796875 -0.000946044921875002
0.127471923828125 0.216888427734375 0.0476608276367188 0.0196990966796875
-0.012664794921875 0.244720458984375 0.0352935791015625 0.2288818359375
-0.115936279296875 0.07647705078125 0.17919921875 0.3212890625
-0.0672683715820312 0.12689208984375 0.155242919921875 0.28570556640625
0.01904296875 0.139785766601563 0.116790771484375 0.155044555664062
0.110992431640625 0.064422607421875 0.104316711425781 0.112380981445313
0.106842041015625 -0.0273971557617187 0.083251953125 0.0834808349609375
0.045196533203125 -0.110023498535156 0.0952606201171875 0.0778121948242188
-0.0132217407226563 -0.113914489746094 0.1165771484375 0.0909576416015625
-0.0223617553710938 -0.109260559082031 0.125640869140625 0.109443664550781
-0.0361251831054688 -0.1324462890625 0.132858276367188 0.156082153320313
-0.00596618652343751 -0.140533447265625 0.062255859375 0.19989013671875
0.0792770385742188 -0.128684997558594 -0.0123748779296875 0.19757080078125
0.137916564941406 -0.0558242797851563 -0.0872802734375 0.112709045410156
0.134269714355469 0.105644226074219 -0.0873489379882812 0.0116424560546875
0.034149169921875 0.172378540039063 0.0457077026367188 0.0575065612792969
-0.086944580078125 0.1480712890625 0.01019287109375 0.2974853515625
0.12823486328125 -0.00339508056640625 -0.02490234375 -0.321563720703125
0.0413818359375 -0.105712890625 -0.0341949462890625 -0.0908355712890625
-0.04498291015625 -0.0648727416992187 0.0969772338867188 -0.0096893310546875
-0.0702781677246094 0.00410079956054686 0.135879516601563 -0.136833190917969
-0.0427627563476563 0.0460090637207031 0.0374298095703125 -0.222702026367187
-0.00941848754882812 0.06439208984375 -0.0996551513671875 -0.23065185546875
-0.00944900512695313 0.0505905151367188 -0.1783447265625 -0.17626953125
-0.0195388793945312 0.0510749816894531 -0.163162231445313 -0.11846923828125
-0.0340690612792969 0.0541877746582031 -0.142807006835938 -0.101287841796875
-0.0616416931152344 0.0165863037109375 -0.113998413085938 -0.0978927612304688
-0.0621833801269531 -0.0415191650390625 -0.0970840454101563 -0.0927886962890625
-0.00852203369140624 -0.0933837890625 -0.0980911254882813 -0.117095947265625
0.0942153930664063 -0.0841827392578125 -0.110931396484375 -0.166732788085938
0.161666870117188 -0.0179595947265625 -0.162521362304687 -0.265533447265625
0.166671752929688 0.0626373291015625 -0.154571533203125 -0.33599853515625
0.172927856445313 0.134811401367188 0.03814697265625 -0.310577392578125
0.135269165039063 -0.0155868530273437 0.0073089599609375 -0.0886764526367188
0.0742340087890625 -0.0388412475585937 0.120254516601563 -0.00371551513671875
0.022979736328125 -0.0514411926269531 0.162109375 -0.138076782226563
-0.00438690185546875 -0.0408973693847656 0.06280517578125 -0.22662353515625
-0.0344257354736328 -0.0327243804931641 -0.08453369140625 -0.24554443359375
-0.0636367797851563 -0.0278816223144531 -0.1695556640625 -0.18487548828125
-0.0666618347167969 -0.0253257751464844 -0.156494140625 -0.118011474609375
-0.0843734741210938 -0.0332565307617187 -0.13140869140625 -0.098846435546875
-0.0759506225585938 -0.077056884765625 -0.109649658203125 -0.088653564453125
-0.0164871215820312 -0.127166748046875 -0.0869598388671875 -0.071624755859375
0.0786590576171875 -0.134834289550781 -0.0895538330078125 -0.09515380859375
0.193984985351563 -0.034210205078125 -0.1097412109375 -0.129692077636719
0.24139404296875 0.08099365234375 -0.14324951171875 -0.222320556640625
0.20294189453125 0.19049072265625 -0.120574951171875 -0.284393310546875
0.1866455078125 0.26007080078125 0.107406616210938 -0.246231079101562
0.206893920898437 0.0930938720703125 0.0604972839355469 -0.05303955078125
0.192626953125 0.0080718994140625 0.14605712890625 0.018707275390625
0.128814697265625 -0.0936660766601563 0.187896728515625 -0.1170654296875
0.0467147827148438 -0.123817443847656 0.0933074951171875 -0.205291748046875
-0.0470352172851563 -0.128349304199219 -0.0511627197265625 -0.234451293945312
-0.10577392578125 -0.105155944824219 -0.13800048828125 -0.173309326171875
-0.103790283203125 -0.097686767578125 -0.127754211425781 -0.0999069213867188
-0.12548828125 -0.111785888671875 -0.0994949340820313 -0.0763931274414063
-0.0911407470703125 -0.155776977539063 -0.09197998046875 -0.0566864013671875
0.012420654296875 -0.199920654296875 -0.0729217529296875 -0.0317459106445313
0.137069702148438 -0.176971435546875 -0.0838775634765625 -0.0599517822265625
0.268051147460938 -0.0102996826171875 -0.108154296875 -0.0896530151367187
0.299163818359375 0.14434814453125 -0.110580444335937 -0.16827392578125
0.219253540039063 0.279556274414063 -0.0784759521484375 -0.195587158203125
0.165313720703125 0.34771728515625 0.171188354492188 -0.136505126953125
0.238510131835938 0.196762084960938 0.116096496582031 0.0122756958007813
0.281158447265625 0.073028564453125 0.166976928710938 0.054901123046875
0.22564697265625 -0.109237670898438 0.20404052734375 -0.0732421875
0.10296630859375 -0.182937622070313 0.1207275390625 -0.156402587890625
-0.0453033447265625 -0.207412719726563 -0.00701904296875 -0.19403076171875
-0.129592895507813 -0.167221069335937 -0.0856781005859375 -0.139183044433594
-0.126022338867187 -0.153762817382813 -0.080291748046875 -0.0668716430664063
-0.153884887695313 -0.171234130859375 -0.0511283874511719 -0.0387382507324219
-0.10211181640625 -0.210617065429688 -0.0596580505371094 -0.0105133056640625
0.0313262939453125 -0.24908447265625 -0.0510673522949219 0.0172042846679687
0.169586181640625 -0.204696655273437 -0.076446533203125 -0.0189208984375
0.308349609375 0.00299072265625 -0.100296020507812 -0.0562286376953125
0.320343017578125 0.179229736328125 -0.0656280517578125 -0.118293762207031
0.20819091796875 0.326507568359375 -0.030853271484375 -0.0890350341796875
0.111358642578125 0.375701904296875 0.217971801757813 0.00209045410156252
0.21417236328125 0.26910400390625 0.161575317382813 0.0992584228515625
0.3077392578125 0.14141845703125 0.17486572265625 0.098480224609375
0.28607177734375 -0.08709716796875 0.20367431640625 -0.0127410888671875
0.150802612304688 -0.201400756835938 0.134803771972656 -0.0864944458007813
-0.0284881591796875 -0.251068115234375 0.038055419921875 -0.129127502441406
-0.131134033203125 -0.204879760742187 -0.0226593017578125 -0.0865936279296875
-0.128219604492187 -0.18487548828125 -0.0210208892822266 -0.0239238739013672
-0.159835815429688 -0.2064208984375 0.00674772262573241 0.00794601440429686
-0.100006103515625 -0.238021850585938 -0.0187225341796875 0.0443496704101562
0.0472259521484375 -0.2677001953125 -0.0266036987304687 0.0687179565429687
0.185882568359375 -0.204513549804688 -0.0680427551269531 0.0203094482421875
0.311798095703125 0.02520751953125 -0.0899505615234375 -0.0316543579101563
0.297576904296875 0.203460693359375 -0.0157394409179687 -0.0731201171875
0.16400146484375 0.33642578125 0.0154247283935547 0.0237998962402344
0.03759765625 0.334197998046875 0.239410400390625 0.143081665039063
0.13958740234375 0.282684326171875 0.18707275390625 0.187973022460938
0.26043701171875 0.186859130859375 0.1669921875 0.136260986328125
0.28582763671875 -0.037994384765625 0.181503295898438 0.0483245849609375
0.171661376953125 -0.17474365234375 0.13140869140625 -0.0124435424804688
-0.00315856933593748 -0.248443603515625 0.0742874145507812 -0.051177978515625
-0.110626220703125 -0.208099365234375 0.0405426025390625 -0.0232200622558594
-0.111160278320312 -0.189498901367188 0.041412353515625 0.0230903625488281
-0.141937255859375 -0.212554931640625 0.0646896362304687 0.0584678649902344
-0.0828399658203125 -0.235870361328125 0.0227890014648437 0.1002197265625
0.0625152587890625 -0.25262451171875 -0.00641632080078124 0.119049072265625
0.19012451171875 -0.176467895507813 -0.0646743774414063 0.0584373474121094
0.2845458984375 0.0576171875 -0.0829086303710938 -0.0129013061523437
0.235794067382813 0.217147827148438 0.0259838104248047 -0.0308551788330078
0.0924072265625 0.313690185546875 0.0470199584960938 0.132957458496094
-0.041534423828125 0.229827880859375 0.23388671875 0.256179809570313
0.0391998291015625 0.232376098632812 0.18902587890625 0.256072998046875
0.156661987304688 0.186492919921875 0.14813232421875 0.157333374023437
0.222610473632813 0.0156097412109375 0.1474609375 0.091583251953125
0.15521240234375 -0.113723754882813 0.113906860351563 0.0472259521484375
0.019256591796875 -0.198822021484375 0.0956192016601563 0.020660400390625
-0.072113037109375 -0.176284790039063 0.0931854248046875 0.0377883911132812
-0.077484130859375 -0.162811279296875 0.0969390869140625 0.0681610107421875
-0.102676391601563 -0.187408447265625 0.114097595214844 0.108650207519531
-0.05328369140625 -0.203842163085938 0.05633544921875 0.154525756835938
0.0736846923828125 -0.20904541015625 0.00343322753906249 0.164993286132813
0.175323486328125 -0.127273559570313 -0.0694961547851562 0.0928192138671875
0.227920532226563 0.0859375 -0.08270263671875 0.00356292724609375
0.147796630859375 0.211990356445313 0.0506057739257813 0.0140762329101563
0.0062255859375 0.25372314453125 0.05340576171875 0.231674194335938
-0.112342834472656 0.085968017578125 0.211090087890625 0.316864013671875
-0.05987548828125 0.134101867675781 0.179412841796875 0.28350830078125
0.0308074951171875 0.143768310546875 0.129974365234375 0.1552734375
0.119171142578125 0.0562286376953125 0.117111206054688 0.111862182617188
0.106376647949219 -0.037628173828125 0.0941848754882812 0.081878662109375
0.035369873046875 -0.116127014160156 0.105079650878906 0.0713729858398437
-0.0235595703125 -0.115081787109375 0.127883911132813 0.0833282470703125
-0.03302001953125 -0.110282897949219 0.136863708496094 0.102104187011719
-0.0505523681640625 -0.134193420410156 0.147979736328125 0.1494140625
-0.01898193359375 -0.14453125 0.077545166015625 0.201370239257813
0.0702743530273438 -0.140228271484375 0.00202941894531252 0.203262329101563
0.137138366699219 -0.0694732666015625 -0.0835723876953125 0.121253967285156
0.146041870117188 0.0978851318359375 -0.09112548828125 0.0171890258789062
0.0475311279296875 0.174346923828125 0.0512313842773438 0.0543060302734375
-0.0790252685546875 0.15869140625 0.033905029296875 0.304107666015625
0.133842468261719 -0.0136871337890625 -0.058868408203125 -0.330841064453125
0.0321502685546875 -0.114219665527344 -0.0456008911132813 -0.088623046875
-0.0522422790527344 -0.0648117065429688 0.102310180664063 -0.016021728515625
-0.07257080078125 0.0116195678710937 0.129867553710937 -0.154067993164063
-0.0397987365722656 0.0523605346679688 0.01934814453125 -0.235565185546875
-0.002899169921875 0.0681114196777344 -0.123764038085938 -0.228378295898438
-0.00449752807617187 0.0539054870605469 -0.20086669921875 -0.164215087890625
-0.0132179260253906 0.055023193359375 -0.180099487304688 -0.105865478515625
-0.0280799865722656 0.0609016418457031 -0.158889770507813 -0.089263916015625
-0.0615119934082031 0.0249137878417969 -0.128486633300781 -0.0893478393554688
-0.0683212280273438 -0.0356712341308594 -0.112556457519531 -0.0874176025390625
-0.0178909301757812 -0.0953903198242187 -0.115310668945313 -0.115066528320312
0.0897979736328125 -0.09613037109375 -0.12847900390625 -0.167373657226563
0.166763305664063 -0.03460693359375 -0.193222045898438 -0.26324462890625
0.179855346679688 0.0496826171875 -0.198028564453125 -0.33612060546875
0.194122314453125 0.125564575195313 0.00793457031250005 -0.3258056640625
0.138153076171875 -0.0308074951171875 -0.00321197509765624 -0.090606689453125
0.0740966796875 -0.0498275756835937 0.127098083496094 -0.0109100341796875
0.0179328918457031 -0.056671142578125 0.15643310546875 -0.157333374023438
-0.0102958679199219 -0.0420570373535156 0.0461578369140625 -0.2413330078125
-0.0400810241699219 -0.0288238525390625 -0.10986328125 -0.245941162109375
-0.0696907043457031 -0.0219841003417969 -0.194564819335938 -0.174224853515625
-0.0708236694335938 -0.0186996459960938 -0.173446655273438 -0.104507446289063
-0.090545654296875 -0.0239486694335938 -0.147445678710938 -0.0876312255859375
-0.0869598388671875 -0.0703353881835937 -0.123756408691406 -0.0792007446289063
-0.0315933227539062 -0.128585815429688 -0.100753784179688 -0.066619873046875
0.067352294921875 -0.1474609375 -0.105262756347656 -0.0927886962890625
0.198013305664063 -0.0549774169921875 -0.124374389648438 -0.128639221191406
0.2587890625 0.0594940185546875 -0.1697998046875 -0.220474243164062
0.230987548828125 0.17889404296875 -0.15631103515625 -0.28472900390625
0.22039794921875 0.253250122070313 0.086212158203125 -0.267547607421875
0.222900390625 0.075286865234375 0.0546493530273438 -0.0591773986816406
0.202590942382813 -0.0118408203125 0.155441284179687 0.0105743408203125
0.122291564941406 -0.111846923828125 0.186050415039063 -0.1368408203125
0.0342178344726562 -0.132499694824219 0.0806884765625 -0.22161865234375
-0.0640106201171875 -0.126472473144531 -0.0744476318359375 -0.238250732421875
-0.122085571289063 -0.0970993041992188 -0.16021728515625 -0.164764404296875
-0.117874145507812 -0.0892562866210938 -0.142105102539062 -0.0880584716796875
-0.143035888671875 -0.100479125976562 -0.112625122070313 -0.0670700073242187
-0.110702514648438 -0.150054931640625 -0.102470397949219 -0.047210693359375
-0.008697509765625 -0.207687377929687 -0.0814056396484375 -0.026519775390625
0.123519897460937 -0.19775390625 -0.0973892211914062 -0.0562820434570313
0.27752685546875 -0.0373077392578125 -0.119979858398437 -0.0872421264648438
0.3248291015625 0.118377685546875 -0.131240844726563 -0.167831420898438
0.256393432617188 0.270339965820313 -0.104324340820313 -0.197097778320312
0.205841064453125 0.345489501953125 0.16375732421875 -0.15875244140625
0.265625 0.179031372070313 0.117950439453125 0.00299072265625001
0.300445556640625 0.047149658203125 0.179458618164063 0.0471954345703125
0.222030639648438 -0.137451171875 0.20758056640625 -0.092010498046875
0.0861663818359375 -0.200393676757813 0.114120483398438 -0.172683715820313
-0.070770263671875 -0.207901000976563 -0.0244293212890625 -0.201400756835937
-0.153350830078125 -0.158645629882812 -0.103416442871094 -0.135704040527344
-0.146835327148438 -0.144668579101563 -0.0899581909179688 -0.058746337890625
-0.17889404296875 -0.159530639648437 -0.0591354370117188 -0.0338783264160156
-0.128494262695312 -0.205001831054688 -0.0646018981933594 -0.00203323364257815
0.00358581542968748 -0.261062622070313 -0.0538902282714844 0.0223236083984375
0.1527099609375 -0.229721069335938 -0.0855941772460937 -0.0140228271484375
0.3209228515625 -0.027587890625 -0.109970092773437 -0.051513671875
0.35015869140625 0.152801513671875 -0.08001708984375 -0.120201110839844
0.249176025390625 0.321258544921875 -0.043914794921875 -0.0903472900390625
0.1524658203125 0.379119873046875 0.225921630859375 -0.0199737548828125
0.246414184570313 0.256454467773438 0.1729736328125 0.0888824462890625
0.334381103515625 0.116455078125 0.190216064453125 0.0916290283203125
0.28668212890625 -0.120819091796875 0.2119140625 -0.0285491943359375
0.134521484375 -0.224258422851562 0.135818481445313 -0.101005554199219
-0.0576629638671875 -0.255447387695313 0.0281906127929687 -0.138496398925781
-0.158676147460938 -0.197357177734375 -0.0326004028320313 -0.0872116088867188
-0.15264892578125 -0.1781005859375 -0.0250835418701172 -0.0199947357177734
-0.1895751953125 -0.195083618164062 0.00538063049316405 0.00836467742919921
-0.129867553710937 -0.233688354492188 -0.0168418884277344 0.0497665405273437
0.0174560546875 -0.28228759765625 -0.0231552124023438 0.0733795166015625
0.169723510742188 -0.23260498046875 -0.07330322265625 0.02667236328125
0.32623291015625 -0.005645751953125 -0.0975799560546875 -0.0262603759765625
0.329010009765625 0.179534912109375 -0.0242462158203125 -0.0778732299804688
0.2039794921875 0.33551025390625 0.015045166015625 0.0224990844726563
0.072052001953125 0.34271240234375 0.262603759765625 0.125106811523438
0.170913696289062 0.278640747070313 0.208786010742188 0.178970336914063
0.290130615234375 0.169219970703125 0.184539794921875 0.131149291992187
0.290679931640625 -0.06951904296875 0.195037841796875 0.0367279052734375
0.15869140625 -0.198028564453125 0.139617919921875 -0.0235061645507813
-0.0316925048828125 -0.254745483398438 0.0737152099609375 -0.0618515014648438
-0.137481689453125 -0.202926635742188 0.0396156311035156 -0.0288619995117188
-0.135986328125 -0.183578491210938 0.0441055297851562 0.02191162109375
-0.172256469726563 -0.203750610351563 0.07073974609375 0.0541534423828125
-0.112289428710938 -0.234329223632813 0.0316619873046875 0.103439331054687
0.0356903076171875 -0.269882202148438 0.003753662109375 0.123176574707031
0.177398681640625 -0.203567504882812 -0.0653419494628906 0.0660667419433594
0.3011474609375 0.0302734375 -0.0893402099609375 -0.00656890869140627
0.266387939453125 0.199935913085938 0.0229110717773438 -0.0374412536621094
0.126434326171875 0.3177490234375 0.0596771240234375 0.133415222167969
-0.0201416015625 0.241607666015625 0.269393920898438 0.242752075195313
0.06207275390625 0.235687255859375 0.21856689453125 0.249359130859375
0.1817626953125 0.179855346679688 0.16668701171875 0.153900146484375
0.230911254882813 -0.0084991455078125 0.163894653320313 0.084991455078125
0.148162841796875 -0.133834838867188 0.126487731933594 0.040313720703125
-0.00224304199218751 -0.207046508789062 0.102485656738281 0.0112075805664062
-0.094085693359375 -0.174331665039063 0.100357055664063 0.0287628173828125
-0.098602294921875 -0.159774780273438 0.105728149414063 0.0617904663085937
-0.128738403320313 -0.183212280273437 0.127601623535156 0.100654602050781
-0.078399658203125 -0.204940795898438 0.07244873046875 0.156448364257813
0.052154541015625 -0.224945068359375 0.0186309814453125 0.169952392578125
0.168838500976563 -0.15155029296875 -0.066375732421875 0.101997375488281
0.244964599609375 0.0660400390625 -0.0876693725585937 0.01055908203125
0.174102783203125 0.204025268554687 0.0532798767089844 0.00780487060546876
0.0311279296875 0.263015747070313 0.0773773193359375 0.234512329101563
-0.108390808105469 0.099212646484375 0.251495361328125 0.309234619140625
-0.0498046875 0.144241333007813 0.211563110351563 0.278411865234375
0.0463409423828125 0.14752197265625 0.14825439453125 0.1531982421875
0.129165649414063 0.0450820922851563 0.134147644042969 0.108551025390625
0.105514526367188 -0.0508041381835937 0.108245849609375 0.0773468017578125
0.023773193359375 -0.12286376953125 0.117362976074219 0.062286376953125
-0.0372772216796875 -0.116691589355469 0.141799926757812 0.072174072265625
-0.0466995239257813 -0.110977172851563 0.150909423828125 0.0918731689453125
-0.0688934326171875 -0.134529113769531 0.167190551757813 0.139755249023438
-0.036041259765625 -0.147476196289063 0.0993194580078125 0.201171875
0.0572052001953125 -0.153854370117188 0.02093505859375 0.209259033203125
0.135353088378906 -0.086669921875 -0.0772705078125 0.133232116699219
0.162307739257813 0.0866546630859375 -0.0957183837890625 0.0252838134765625
0.0649261474609375 0.175460815429688 0.0580596923828125 0.0500717163085938
-0.0673675537109375 0.172531127929688 0.06494140625 0.3114013671875
0.137428283691406 -0.027374267578125 -0.102020263671875 -0.330963134765625
0.0174407958984375 -0.121559143066406 -0.0589828491210938 -0.0816116333007813
-0.0616073608398438 -0.0612831115722656 0.106948852539063 -0.0262374877929688
-0.0715866088867188 0.0203475952148438 0.116592407226562 -0.172836303710937
-0.0340423583984375 0.0585746765136719 -0.0079193115234375 -0.243545532226563
0.00605773925781249 0.0704116821289063 -0.153228759765625 -0.218460083007813
0.00219345092773437 0.055908203125 -0.224761962890625 -0.142837524414062
-0.00500488281250001 0.0576934814453125 -0.195510864257813 -0.0845794677734375
-0.0188484191894531 0.0663566589355469 -0.17364501953125 -0.06964111328125
-0.0590972900390625 0.0340385437011719 -0.144134521484375 -0.0742034912109375
-0.0738983154296875 -0.026519775390625 -0.128875732421875 -0.07537841796875
-0.0299453735351563 -0.0953292846679688 -0.134040832519531 -0.10601806640625
0.0800323486328125 -0.109207153320313 -0.14990234375 -0.160507202148438
0.16650390625 -0.05615234375 -0.229507446289062 -0.24871826171875
0.191497802734375 0.0292205810546875 -0.2467041015625 -0.32061767578125
0.21588134765625 0.106613159179688 -0.033447265625 -0.334075927734375
0.136299133300781 -0.0489120483398438 -0.0160903930664063 -0.0895614624023438
0.0704116821289063 -0.0620803833007812 0.131858825683594 -0.022552490234375
0.0108146667480469 -0.0609283447265625 0.14385986328125 -0.178207397460938
-0.0164756774902344 -0.0414505004882813 0.02020263671875 -0.252655029296875
-0.0457954406738281 -0.0223197937011719 -0.140625 -0.238113403320313
-0.0750350952148438 -0.0118865966796875 -0.219070434570313 -0.153472900390625
-0.0734786987304688 -0.00984954833984374 -0.188980102539063 -0.083740234375
-0.0947723388671875 -0.0113067626953125 -0.162307739257812 -0.0689697265625
-0.0970230102539063 -0.0589981079101563 -0.13763427734375 -0.06439208984375
-0.049285888671875 -0.126602172851563 -0.114089965820313 -0.0554885864257812
0.0498809814453125 -0.158889770507813 -0.122413635253906 -0.084320068359375
0.196395874023438 -0.08074951171875 -0.141616821289063 -0.121505737304687
0.272811889648438 0.0278472900390625 -0.200439453125 -0.207550048828125
0.259048461914063 0.15618896484375 -0.19891357421875 -0.272689819335938
0.25823974609375 0.234527587890625 0.0538330078125 -0.28411865234375
0.235214233398438 0.0487060546875 0.0455169677734375 -0.0653266906738281
0.207015991210938 -0.03887939453125 0.163131713867188 -0.0034027099609375
0.110031127929688 -0.130943298339844 0.17694091796875 -0.159744262695312
0.0167465209960938 -0.139625549316406 0.0594329833984375 -0.236801147460938
-0.0829620361328125 -0.118621826171875 -0.102981567382813 -0.23480224609375
-0.138130187988281 -0.0820083618164063 -0.183334350585937 -0.148284912109375
-0.130836486816406 -0.0751190185546875 -0.155288696289062 -0.0697021484375
-0.159027099609375 -0.08258056640625 -0.124610900878906 -0.0526199340820312
-0.132797241210938 -0.136306762695312 -0.112075805664063 -0.033233642578125
-0.0374603271484375 -0.20989990234375 -0.0901031494140625 -0.0172348022460937
0.100051879882812 -0.216644287109375 -0.110298156738281 -0.0474700927734375
0.28021240234375 -0.072509765625 -0.132911682128906 -0.0790939331054688
0.347869873046875 0.079437255859375 -0.156112670898438 -0.159332275390625
0.29681396484375 0.24664306640625 -0.134902954101563 -0.188705444335937
0.253997802734375 0.32958984375 0.146499633789063 -0.182540893554687
0.290740966796875 0.14971923828125 0.117485046386719 -0.00829315185546874
0.315185546875 0.00982666015625 0.19097900390625 0.0325775146484375
0.207504272460938 -0.169036865234375 0.20477294921875 -0.116043090820313
0.061370849609375 -0.214752197265625 0.100540161132813 -0.190170288085938
-0.100326538085937 -0.200820922851563 -0.048004150390625 -0.204177856445313
-0.178070068359375 -0.141021728515625 -0.122123718261719 -0.125244140625
-0.168182373046875 -0.127639770507812 -0.0987396240234375 -0.0455780029296875
-0.2041015625 -0.137252807617187 -0.0666389465332031 -0.0253067016601563
-0.158599853515625 -0.190292358398437 -0.0673942565917969 0.00868606567382812
-0.0329742431640625 -0.265960693359375 -0.0550918579101563 0.0291061401367187
0.125396728515625 -0.254562377929688 -0.0938796997070312 -0.00479888916015627
0.324951171875 -0.068328857421875 -0.119392395019531 -0.0429534912109375
0.37762451171875 0.111328125 -0.09808349609375 -0.116844177246094
0.2952880859375 0.299713134765625 -0.0600967407226562 -0.0874557495117188
0.202789306640625 0.369903564453125 0.22796630859375 -0.0480804443359375
0.280426025390625 0.231353759765625 0.184051513671875 0.072296142578125
0.359161376953125 0.0784912109375 0.206619262695313 0.0771484375
0.27490234375 -0.160049438476563 0.217041015625 -0.0505828857421875
0.107940673828125 -0.24530029296875 0.132377624511719 -0.1192626953125
-0.0928497314453125 -0.250701904296875 0.0141143798828125 -0.146896362304688
-0.188095092773437 -0.179779052734375 -0.0442123413085937 -0.0851821899414063
-0.179183959960938 -0.160736083984375 -0.0280818939208984 -0.0146484375
-0.220809936523438 -0.172744750976563 0.00431346893310545 0.00899600982666014
-0.164321899414063 -0.219558715820313 -0.0123367309570313 0.0554885864257813
-0.0211181640625 -0.28955078125 -0.01702880859375 0.0770797729492187
0.14239501953125 -0.259307861328125 -0.076019287109375 0.0362472534179687
0.3328857421875 -0.04730224609375 -0.10443115234375 -0.0172576904296875
0.35784912109375 0.1417236328125 -0.0357208251953125 -0.0800247192382812
0.251190185546875 0.32025146484375 0.0151348114013672 0.020986557006836
0.115447998046875 0.341796875 0.2838134765625 0.095550537109375
0.206268310546875 0.26251220703125 0.232040405273438 0.1597900390625
0.318695068359375 0.138397216796875 0.20465087890625 0.118209838867188
0.28668212890625 -0.109100341796875 0.206893920898438 0.0185546875
0.136322021484375 -0.222152709960938 0.144775390625 -0.039306640625
-0.066558837890625 -0.253402709960937 0.0690689086914063 -0.07391357421875
-0.167282104492187 -0.188720703125 0.0367317199707031 -0.0349349975585938
-0.163131713867187 -0.16876220703125 0.046875 0.0190544128417969
-0.205322265625 -0.184356689453125 0.077301025390625 0.047210693359375
-0.145980834960938 -0.222869873046875 0.0445556640625 0.103599548339844
-0.00161743164062499 -0.279983520507812 0.01715087890625 0.123977661132812
0.153533935546875 -0.231094360351563 -0.0624542236328125 0.0756454467773437
0.312255859375 -0.007415771484375 -0.0933380126953125 0.00261688232421876
0.297637939453125 0.170379638671875 0.0176849365234375 -0.0437660217285156
0.169036865234375 0.310699462890625 0.0752105712890625 0.128158569335938
0.00814819335937499 0.248397827148438 0.306121826171875 0.215545654296875
0.090362548828125 0.233001708984375 0.250885009765625 0.230392456054688
0.209320068359375 0.163314819335938 0.187957763671875 0.142898559570312
0.23394775390625 -0.03741455078125 0.180191040039063 0.07171630859375
0.132949829101563 -0.15478515625 0.138504028320312 0.0272979736328125
-0.0299072265625 -0.209182739257813 0.107833862304687 -0.00281524658203126
-0.11932373046875 -0.16534423828125 0.106163024902344 0.0160446166992187
-0.121826171875 -0.14996337890625 0.114845275878906 0.0512008666992187
-0.158706665039063 -0.168838500976563 0.141555786132812 0.0868072509765625
-0.107986450195312 -0.198226928710938 0.092071533203125 0.151596069335938
0.0215911865234375 -0.236953735351563 0.0388641357421875 0.170211791992187
0.15203857421875 -0.17730712890625 -0.058563232421875 0.112808227539062
0.259414672851562 0.0366973876953125 -0.09051513671875 0.0210189819335937
0.202484130859375 0.18658447265625 0.0541915893554688 -0.00134277343749999
0.0638275146484375 0.266616821289063 0.106552124023438 0.229141235351563
-0.0992660522460938 0.113388061523437 0.297454833984375 0.284423828125
-0.0349578857421875 0.153121948242188 0.248733520507813 0.262374877929688
0.0662078857421875 0.147140502929688 0.169052124023438 0.143768310546875
0.136611938476563 0.0290985107421875 0.152053833007813 0.0982818603515625
0.101051330566406 -0.0656814575195313 0.123451232910156 0.06683349609375
0.00767517089843749 -0.127609252929688 0.129371643066406 0.0480422973632813
-0.05279541015625 -0.114173889160156 0.15338134765625 0.0546417236328125
-0.0624923706054688 -0.1068115234375 0.164474487304688 0.074859619140625
-0.0900421142578125 -0.127197265625 0.186981201171875 0.121551513671875
-0.05718994140625 -0.146194458007813 0.125198364257813 0.193801879882813
0.037567138671875 -0.165817260742188 0.045867919921875 0.21044921875
0.127510070800781 -0.106613159179688 -0.06512451171875 0.14508056640625
0.17645263671875 0.068939208984375 -0.0966873168945312 0.0367660522460937
0.0868988037109375 0.17108154296875 0.064971923828125 0.0411186218261719
-0.0480804443359375 0.184463500976562 0.103851318359375 0.308746337890625
0.136054992675781 -0.0434188842773438 -0.144561767578125 -0.31427001953125
0.00104522705078124 -0.12298583984375 -0.0702590942382812 -0.071044921875
-0.0703125 -0.0551528930664063 0.107032775878906 -0.0380325317382813
-0.0689239501953125 0.0292282104492188 0.0965423583984375 -0.186111450195313
-0.0265922546386719 0.0627784729003906 -0.037841796875 -0.241592407226563
0.0156402587890625 0.0696067810058594 -0.178131103515625 -0.1976318359375
0.0102348327636719 0.05609130859375 -0.240692138671875 -0.112716674804687
0.00395584106445312 0.057647705078125 -0.20355224609375 -0.058624267578125
-0.00793075561523438 0.0682792663574219 -0.182022094726562 -0.04522705078125
-0.0530509948730469 0.0425910949707031 -0.153717041015625 -0.0542449951171875
-0.0765151977539063 -0.015472412109375 -0.140670776367188 -0.0577239990234375
-0.0417327880859375 -0.0911636352539063 -0.14935302734375 -0.0910491943359375
0.0663909912109375 -0.119186401367188 -0.169189453125 -0.146438598632813
0.159088134765625 -0.077606201171875 -0.259002685546875 -0.22113037109375
0.194992065429688 0.005035400390625 -0.2899169921875 -0.2872314453125
0.230926513671875 0.08062744140625 -0.07781982421875 -0.32806396484375
0.127395629882813 -0.0664138793945313 -0.0298233032226563 -0.084320068359375
0.0615234375 -0.0729141235351563 0.132492065429688 -0.0369033813476563
0.00155639648437499 -0.0624809265136719 0.124191284179687 -0.19427490234375
-0.0225334167480469 -0.0384254455566406 -0.010009765625 -0.254898071289063
-0.0483741760253906 -0.0145416259765625 -0.168548583984375 -0.219329833984375
-0.0758514404296875 -0.000251770019531266 -0.23687744140625 -0.12359619140625
-0.0731201171875 0.000846862792968757 -0.196578979492187 -0.0578460693359375
-0.0938796997070312 0.00241851806640626 -0.170578002929687 -0.04534912109375
-0.102920532226562 -0.0430374145507813 -0.146148681640625 -0.0442962646484375
-0.0657958984375 -0.117118835449219 -0.123703002929687 -0.0402297973632813
0.0291748046875 -0.164505004882813 -0.135482788085937 -0.0700912475585938
0.186111450195313 -0.105087280273438 -0.15655517578125 -0.10845947265625
0.274566650390625 -0.00823974609375 -0.226242065429688 -0.184127807617187
0.279281616210938 0.122573852539063 -0.23614501953125 -0.2452392578125
0.288482666015625 0.202423095703125 0.015625 -0.2894287109375
0.23822021484375 0.0177154541015625 0.0343055725097656 -0.0676803588867188
0.201553344726563 -0.0671844482421875 0.165298461914063 -0.020172119140625
0.09039306640625 -0.14459228515625 0.159103393554688 -0.179534912109375
-0.00267791748046875 -0.139846801757813 0.032501220703125 -0.243545532226563
-0.0988082885742187 -0.104324340820313 -0.131576538085937 -0.221694946289063
-0.14801025390625 -0.060791015625 -0.201248168945313 -0.123291015625
-0.138565063476562 -0.0564422607421875 -0.161468505859375 -0.047454833984375
-0.168930053710937 -0.0584259033203125 -0.131553649902344 -0.0335693359375
-0.148971557617188 -0.115310668945312 -0.116859436035156 -0.0163955688476563
-0.06646728515625 -0.200851440429688 -0.0951309204101563 -0.00527191162109377
0.07025146484375 -0.227737426757813 -0.119575500488281 -0.0339508056640625
0.269912719726563 -0.108551025390625 -0.14239501953125 -0.0663604736328125
0.3551025390625 0.03338623046875 -0.1761474609375 -0.142059326171875
0.32855224609375 0.208892822265625 -0.161834716796875 -0.170196533203125
0.29534912109375 0.29705810546875 0.1209716796875 -0.200531005859375
0.305755615234375 0.111175537109375 0.112159729003906 -0.0205154418945312
0.316009521484375 -0.03173828125 0.197097778320313 0.0135498046875
0.182449340820313 -0.194900512695313 0.192337036132813 -0.13787841796875
0.0320281982421875 -0.220382690429688 0.0804901123046875 -0.202728271484375
-0.127044677734375 -0.182891845703125 -0.0730133056640625 -0.198196411132813
-0.196258544921875 -0.11492919921875 -0.137054443359375 -0.10821533203125
-0.182846069335938 -0.10369873046875 -0.102806091308594 -0.03045654296875
-0.221725463867188 -0.105911254882813 -0.0708847045898438 -0.0139999389648438
-0.182296752929688 -0.165008544921875 -0.0668296813964844 0.0195198059082031
-0.07012939453125 -0.257797241210938 -0.0544891357421875 0.0361557006835938
0.0903778076171875 -0.268661499023438 -0.0979843139648438 0.00686645507812498
0.315185546875 -0.111053466796875 -0.125389099121094 -0.0317153930664062
0.389678955078125 0.0611572265625 -0.1143798828125 -0.107185363769531
0.33355712890625 0.26251220703125 -0.0744094848632812 -0.0784683227539063
0.249176025390625 0.343719482421875 0.219955444335938 -0.077178955078125
0.305694580078125 0.194244384765625 0.18865966796875 0.051361083984375
0.368621826171875 0.03106689453125 0.21697998046875 0.056671142578125
0.25042724609375 -0.194366455078125 0.213165283203125 -0.0742950439453125
0.0746002197265625 -0.2562255859375 0.121528625488281 -0.135658264160156
-0.126052856445313 -0.2337646484375 -0.0041961669921875 -0.1497802734375
-0.211273193359375 -0.152008056640625 -0.0546875 -0.0789260864257813
-0.198532104492188 -0.134765625 -0.0287609100341797 -0.00877952575683595
-0.243850708007813 -0.138427734375 0.0032987594604492 0.0100040435791016
-0.192550659179688 -0.193115234375 -0.00589752197265627 0.0584602355957031
-0.0631103515625 -0.2830810546875 -0.00996398925781251 0.0781784057617187
0.105422973632812 -0.2757568359375 -0.0744247436523438 0.0458221435546875
0.32635498046875 -0.090911865234375 -0.107452392578125 -0.00655364990234376
0.37396240234375 0.093353271484375 -0.0481491088867187 -0.0781021118164063
0.291717529296875 0.28814697265625 0.0144500732421875 0.0190162658691406
0.15850830078125 0.325103759765625 0.294189453125 0.058349609375
0.235763549804688 0.235061645507813 0.247711181640625 0.132049560546875
0.336578369140625 0.09674072265625 0.218658447265625 0.097991943359375
0.268997192382813 -0.14398193359375 0.21087646484375 -0.00395202636718751
0.105560302734375 -0.23663330078125 0.143661499023438 -0.0577850341796875
-0.100296020507813 -0.240631103515625 0.06024169921875 -0.0837631225585938
-0.191604614257813 -0.163726806640625 0.0318641662597656 -0.0396690368652344
-0.184127807617188 -0.144912719726562 0.0495147705078125 0.0147285461425781
-0.230026245117188 -0.151641845703125 0.080841064453125 0.0376129150390625
-0.176132202148437 -0.19915771484375 0.056488037109375 0.098602294921875
-0.04217529296875 -0.277114868164062 0.0303115844726562 0.120231628417969
0.120498657226563 -0.250091552734375 -0.0553970336914063 0.0833892822265625
0.310028076171875 -0.048309326171875 -0.0947036743164062 0.0130996704101563
0.316650390625 0.130584716796875 0.0101699829101563 -0.0489082336425781
0.208831787109375 0.28948974609375 0.088623046875 0.118385314941406
0.0394744873046875 0.245468139648438 0.331451416015625 0.175140380859375
0.117660522460937 0.219757080078125 0.276657104492188 0.1998291015625
0.231185913085938 0.136749267578125 0.204681396484375 0.124343872070313
0.226425170898438 -0.067230224609375 0.1904296875 0.0522308349609375
0.111557006835938 -0.170547485351563 0.145233154296875 0.00941467285156249
-0.0579986572265625 -0.202133178710938 0.108009338378906 -0.0182952880859375
-0.1400146484375 -0.1475830078125 0.107337951660156 0.00161743164062499
-0.141021728515625 -0.132171630859375 0.120765686035156 0.037322998046875
-0.182449340820313 -0.143875122070313 0.14971923828125 0.0680084228515625
-0.134796142578125 -0.181503295898437 0.110458374023438 0.139724731445313
-0.0118255615234375 -0.238037109375 0.0584869384765625 0.163101196289062
0.1263427734375 -0.196640014648438 -0.0465850830078125 0.119361877441406
0.262680053710937 0.0032196044921875 -0.088836669921875 0.0312957763671875
0.224609375 0.158721923828125 0.0522422790527344 -0.0109367370605469
0.09747314453125 0.25811767578125 0.133804321289063 0.21356201171875
-0.0848922729492188 0.124168395996094 0.33331298828125 0.2445068359375
-0.0167694091796875 0.156692504882812 0.2794189453125 0.231781005859375
0.0866546630859375 0.139183044433594 0.184799194335938 0.126068115234375
0.138595581054688 0.0113143920898438 0.166152954101563 0.0815887451171875
0.090789794921875 -0.0780105590820312 0.13482666015625 0.05120849609375
-0.0100021362304687 -0.127067565917969 0.136268615722656 0.0302581787109375
-0.068115234375 -0.106178283691406 0.159698486328125 0.0331878662109375
-0.076629638671875 -0.0978851318359375 0.172134399414062 0.053802490234375
-0.108116149902344 -0.113410949707031 0.200027465820313 0.09600830078125
-0.076751708984375 -0.137306213378906 0.14874267578125 0.17694091796875
0.014068603515625 -0.17059326171875 0.0712738037109375 0.202301025390625
0.112442016601563 -0.123809814453125 -0.0485076904296875 0.1531982421875
0.1845703125 0.04620361328125 -0.0933914184570312 0.0480880737304688
0.107162475585938 0.15960693359375 0.0694351196289062 0.0298004150390625
-0.025115966796875 0.190567016601562 0.142120361328125 0.2921142578125
0.131240844726562 -0.0564422607421875 -0.177032470703125 -0.288726806640625
-0.013641357421875 -0.119186401367188 -0.0779342651367188 -0.0576553344726562
-0.075927734375 -0.0469589233398438 0.103431701660156 -0.0479812622070313
-0.0644950866699219 0.03558349609375 0.0763702392578125 -0.191360473632813
-0.0192413330078125 0.0642242431640625 -0.061737060546875 -0.231369018554688
0.0230178833007813 0.0668449401855469 -0.1929931640625 -0.173370361328125
0.0169944763183594 0.0541954040527344 -0.246139526367188 -0.082916259765625
0.0114479064941406 0.0550880432128906 -0.202835083007813 -0.034881591796875
0.00200653076171875 0.0666351318359375 -0.181243896484375 -0.021728515625
-0.0454025268554688 0.048614501953125 -0.156723022460938 -0.034332275390625
-0.0753707885742188 -0.00537872314453126 -0.144973754882812 -0.03948974609375
-0.0511932373046875 -0.0847702026367187 -0.15802001953125 -0.074615478515625
0.0519561767578125 -0.123725891113281 -0.180526733398438 -0.129425048828125
0.145782470703125 -0.09356689453125 -0.275344848632813 -0.189361572265625
0.191497802734375 -0.016357421875 -0.315582275390625 -0.247589111328125
0.237457275390625 0.0536651611328125 -0.113006591796875 -0.3092041015625
0.114601135253906 -0.078399658203125 -0.0408172607421875 -0.0755691528320313
0.0507965087890625 -0.0798873901367188 0.128822326660156 -0.0481491088867188
-0.00711441040039062 -0.0611915588378906 0.102462768554687 -0.201828002929688
-0.0266990661621094 -0.0337314605712891 -0.0359954833984375 -0.247894287109375
-0.0486183166503906 -0.00668716430664061 -0.186477661132813 -0.195816040039062
-0.0735092163085937 0.00988769531250002 -0.243392944335937 -0.093658447265625
-0.0694198608398438 0.00838470458984374 -0.195556640625 -0.0336456298828125
-0.08917236328125 0.0141143798828125 -0.170791625976562 -0.02288818359375
-0.104286193847656 -0.0284576416015625 -0.14776611328125 -0.02459716796875
-0.0771636962890625 -0.104621887207031 -0.127342224121094 -0.0242385864257813
0.00947570800781249 -0.162933349609375 -0.142684936523438 -0.055145263671875
0.169586181640625 -0.123214721679688 -0.16400146484375 -0.09381103515625
0.266082763671875 -0.0395660400390625 -0.240997314453125 -0.1578369140625
0.28717041015625 0.08929443359375 -0.2587890625 -0.211410522460938
0.30584716796875 0.16619873046875 -0.018951416015625 -0.282806396484375
0.230926513671875 -0.0088653564453125 0.0231704711914063 -0.0672492980957031
0.188323974609375 -0.08990478515625 0.162429809570313 -0.03460693359375
0.0695648193359375 -0.150863647460938 0.138870239257813 -0.190597534179688
-0.0187530517578125 -0.134170532226563 0.00784301757812502 -0.242324829101562
-0.107894897460937 -0.0872650146484375 -0.151779174804687 -0.202392578125
-0.151031494140625 -0.040313720703125 -0.209075927734375 -0.097503662109375
-0.139907836914063 -0.038787841796875 -0.159957885742188 -0.0269012451171875
-0.16925048828125 -0.035003662109375 -0.131919860839844 -0.0158157348632813
-0.157684326171875 -0.092071533203125 -0.115745544433594 -0.000617980957031264
-0.0883941650390625 -0.185379028320313 -0.0959701538085938 0.006317138671875
0.0419769287109375 -0.229034423828125 -0.123451232910156 -0.0205764770507813
0.251785278320313 -0.135940551757813 -0.147232055664062 -0.0537872314453125
0.34881591796875 -0.008026123046875 -0.188644409179687 -0.12225341796875
0.34442138671875 0.16912841796875 -0.178756713867187 -0.1463623046875
0.322296142578125 0.25811767578125 0.0939483642578125 -0.2086181640625
0.30767822265625 0.0758056640625 0.103721618652344 -0.0294342041015625
0.304595947265625 -0.0672607421875 0.196243286132813 -0.003875732421875
0.153213500976563 -0.209823608398438 0.176605224609375 -0.15301513671875
0.00637817382812499 -0.2164306640625 0.0599212646484375 -0.207000732421875
-0.144195556640625 -0.160659790039063 -0.0917816162109375 -0.186447143554687
-0.203903198242188 -0.08685302734375 -0.145599365234375 -0.090057373046875
-0.188522338867188 -0.0789947509765625 -0.1011962890625 -0.0168075561523437
-0.226821899414062 -0.0743865966796875 -0.0719451904296875 -0.00371551513671875
-0.195999145507812 -0.136550903320313 -0.0637130737304688 0.0284500122070312
-0.099151611328125 -0.240081787109375 -0.05255126953125 0.0417747497558594
0.0563201904296875 -0.270477294921875 -0.0978851318359375 0.0173416137695312
0.2943115234375 -0.14337158203125 -0.127044677734375 -0.0205307006835938
0.384490966796875 0.0146484375 -0.125244140625 -0.0947113037109375
0.35491943359375 0.220458984375 -0.08270263671875 -0.0668411254882812
0.2811279296875 0.308013916015625 0.203964233398438 -0.0990142822265625
0.315765380859375 0.15576171875 0.185791015625 0.0322418212890625
0.36383056640625 -0.01177978515625 0.219345092773438 0.037445068359375
0.219985961914063 -0.217208862304688 0.202682495117188 -0.0920257568359375
0.0431976318359375 -0.256027221679688 0.107803344726563 -0.14654541015625
-0.149032592773437 -0.20947265625 -0.0199737548828125 -0.147247314453125
-0.222900390625 -0.12139892578125 -0.0628280639648438 -0.0709915161132813
-0.207290649414063 -0.107772827148437 -0.0277671813964844 -0.00344848632812501
-0.252609252929688 -0.102981567382812 0.00274753570556639 0.0114650726318359
-0.209716796875 -0.163116455078125 -4.19616699218865E-05 0.0592918395996094
-0.0962677001953125 -0.266128540039062 -0.003936767578125 0.0772171020507812
0.069976806640625 -0.279190063476563 -0.0705032348632812 0.0529098510742187
0.30792236328125 -0.12554931640625 -0.10736083984375 0.00283050537109375
0.37420654296875 0.04754638671875 -0.0579376220703125 -0.0733566284179687
0.31658935546875 0.2496337890625 0.0142364501953125 0.01800537109375
0.190093994140625 0.299652099609375 0.29205322265625 0.024444580078125
0.252944946289063 0.203140258789063 0.252944946289063 0.10406494140625
0.3402099609375 0.057098388671875 0.224441528320313 0.0773162841796875
0.243988037109375 -0.169967651367187 0.208419799804688 -0.0228424072265625
0.0759124755859375 -0.241180419921875 0.137565612792969 -0.0721359252929688
-0.124786376953125 -0.2197265625 0.0499649047851562 -0.090728759765625
-0.205795288085938 -0.135818481445313 0.0262527465820312 -0.0431556701660156
-0.195220947265625 -0.119613647460938 0.05059814453125 0.0105781555175781
-0.24200439453125 -0.11749267578125 0.0804977416992188 0.0289688110351562
-0.194686889648438 -0.17120361328125 0.0648956298828125 0.0906448364257812
-0.075103759765625 -0.262893676757812 0.0400390625 0.113601684570312
0.0879974365234375 -0.257125854492188 -0.0472183227539062 0.088165283203125
0.2969970703125 -0.081756591796875 -0.0923919677734375 0.0211563110351562
0.32196044921875 0.0906982421875 0.00216293334960939 -0.0509109497070312
0.236358642578125 0.25933837890625 0.0971755981445313 0.105720520019531
0.064544677734375 0.234390258789062 0.342620849609375 0.13360595703125
0.135971069335938 0.201644897460938 0.288970947265625 0.16680908203125
0.242507934570312 0.10845947265625 0.212722778320313 0.103729248046875
0.212081909179688 -0.090484619140625 0.193771362304688 0.0334320068359375
0.089599609375 -0.178146362304687 0.14642333984375 -0.00628662109375001
-0.0794677734375 -0.1878662109375 0.103958129882813 -0.0317840576171875
-0.153961181640625 -0.126983642578125 0.104133605957031 -0.011993408203125
-0.152053833007812 -0.111801147460937 0.121177673339844 0.024078369140625
-0.194931030273438 -0.115997314453125 0.15118408203125 0.0498809814453125
-0.153366088867188 -0.1590576171875 0.121757507324219 0.123802185058594
-0.041656494140625 -0.229522705078125 0.07257080078125 0.1513671875
0.100143432617188 -0.20623779296875 -0.0339202880859375 0.121826171875
0.257461547851563 -0.026611328125 -0.0850753784179687 0.0392608642578125
0.235336303710938 0.129409790039063 0.0483589172363281 -0.01898193359375
0.1236572265625 0.2412109375 0.152023315429688 0.192459106445313
-0.070587158203125 0.1290283203125 0.35247802734375 0.200164794921875
-0.000747680664062497 0.155014038085938 0.29693603515625 0.197235107421875
0.101821899414063 0.127037048339844 0.194000244140625 0.107742309570313
0.136077880859375 -0.004730224609375 0.173080444335938 0.06494140625
0.0793533325195313 -0.0854568481445313 0.1400146484375 0.0353469848632812
-0.0242919921875 -0.1219482421875 0.137321472167969 0.0125274658203125
-0.0787429809570312 -0.09625244140625 0.15911865234375 0.0126800537109375
-0.0862503051757813 -0.0865631103515625 0.17254638671875 0.0336456298828125
-0.119941711425781 -0.0963058471679688 0.20367431640625 0.071014404296875
-0.0922393798828125 -0.124420166015625 0.163177490234375 0.15545654296875
-0.00729370117187498 -0.167587280273438 0.0897674560546875 0.188186645507812
0.0953903198242188 -0.133079528808594 -0.032318115234375 0.154159545898438
0.185699462890625 0.0250701904296875 -0.0874176025390625 0.055938720703125
0.120849609375 0.144577026367188 0.0698432922363281 0.0188140869140625
-0.00424194335937499 0.188507080078125 0.169158935546875 0.267349243164063
0.125984191894531 -0.0666961669921875 -0.197952270507813 -0.26348876953125
-0.0245895385742187 -0.113853454589844 -0.081390380859375 -0.0450820922851563
-0.080291748046875 -0.0401840209960937 0.100105285644531 -0.0548248291015625
-0.0601310729980469 0.0396728515625 0.060546875 -0.1932373046875
-0.0133285522460938 0.0646705627441406 -0.0788421630859375 -0.21942138671875
0.0293045043945313 0.0640335083007813 -0.2005615234375 -0.151824951171875
0.0225296020507813 0.0518074035644531 -0.244949340820312 -0.058502197265625
0.0175094604492188 0.0513076782226563 -0.19903564453125 -0.0161590576171875
0.00980758666992188 0.0633430480957031 -0.1776123046875 -0.00369262695312498
-0.0379066467285156 0.0518836975097656 -0.155960083007813 -0.0183258056640625
-0.0728607177734375 0.00236511230468749 -0.145980834960938 -0.025421142578125
-0.0581283569335937 -0.0779190063476563 -0.1627197265625 -0.0608978271484375
0.0392913818359375 -0.125312805175781 -0.186935424804687 -0.114990234375
0.133262634277344 -0.104690551757813 -0.2838134765625 -0.1629638671875
0.18634033203125 -0.03228759765625 -0.32904052734375 -0.21258544921875
0.238510131835938 0.0316925048828125 -0.138519287109375 -0.28924560546875
0.102912902832031 -0.0850601196289063 -0.048004150390625 -0.0657577514648437
0.0410995483398438 -0.08355712890625 0.124458312988281 -0.0569534301757813
-0.0134925842285156 -0.0586891174316406 0.0853118896484375 -0.205047607421875
-0.0293121337890625 -0.0294895172119141 -0.053863525390625 -0.238601684570313
-0.0472755432128906 0.000320434570312499 -0.1964111328125 -0.174545288085937
-0.0693016052246094 0.0175628662109375 -0.244155883789062 -0.069427490234375
-0.0657424926757812 0.0144004821777344 -0.191574096679688 -0.01544189453125
-0.083587646484375 0.0223464965820312 -0.1673583984375 -0.00541687011718748
-0.101844787597656 -0.0163650512695313 -0.14617919921875 -0.00933837890625003
-0.083770751953125 -0.0926742553710938 -0.127754211425781 -0.0117263793945312
-0.00611877441406248 -0.158950805664063 -0.146728515625 -0.042724609375
0.154464721679688 -0.13592529296875 -0.16864013671875 -0.0818328857421875
0.2547607421875 -0.0628814697265625 -0.248428344726562 -0.135604858398438
0.2880859375 0.062835693359375 -0.271072387695313 -0.182540893554688
0.315338134765625 0.135772705078125 -0.04412841796875 -0.2718505859375
0.221908569335938 -0.02740478515625 0.0140380859375 -0.0627822875976563
0.174942016601563 -0.105850219726563 0.159011840820313 -0.0448760986328125
0.052459716796875 -0.152236938476563 0.122634887695312 -0.196426391601563
-0.0305938720703125 -0.127426147460938 -0.0108795166015625 -0.2376708984375
-0.111915588378906 -0.0720748901367188 -0.16375732421875 -0.184356689453125
-0.149871826171875 -0.023712158203125 -0.21142578125 -0.075927734375
-0.138465881347656 -0.0249176025390625 -0.15618896484375 -0.0116729736328125
-0.165908813476562 -0.0166778564453125 -0.129722595214844 -0.00140380859375001
-0.159347534179688 -0.072540283203125 -0.112747192382813 0.0112533569335938
-0.102523803710937 -0.168975830078125 -0.095306396484375 0.0153961181640625
0.0197906494140625 -0.225082397460938 -0.125030517578125 -0.0106964111328125
0.232955932617188 -0.155181884765625 -0.149200439453125 -0.044219970703125
0.33721923828125 -0.040008544921875 -0.195846557617188 -0.105438232421875
0.350860595703125 0.135101318359375 -0.18792724609375 -0.125808715820313
0.337127685546875 0.22344970703125 0.0712127685546875 -0.209762573242188
0.301849365234375 0.048431396484375 0.0954360961914063 -0.03375244140625
0.291107177734375 -0.093719482421875 0.194366455078125 -0.0164642333984375
0.128952026367188 -0.217025756835938 0.162368774414063 -0.161880493164063
-0.0128021240234375 -0.209320068359375 0.043975830078125 -0.20855712890625
-0.153900146484375 -0.139617919921875 -0.105438232421875 -0.174591064453125
-0.206024169921875 -0.063568115234375 -0.149276733398437 -0.07391357421875
-0.188888549804687 -0.05950927734375 -0.0977325439453125 -0.00623321533203123
-0.225433349609375 -0.04864501953125 -0.0706329345703125 0.005218505859375
-0.201461791992188 -0.111663818359375 -0.059967041015625 0.0355072021484375
-0.11907958984375 -0.220672607421875 -0.04998779296875 0.0460319519042969
0.029693603515625 -0.267196655273438 -0.096893310546875 0.0245895385742187
0.27496337890625 -0.166885375976563 -0.127479553222656 -0.0133132934570313
0.374664306640625 -0.021392822265625 -0.132057189941406 -0.0836715698242188
0.365631103515625 0.183990478515625 -0.0881271362304687 -0.0561904907226563
0.300567626953125 0.275299072265625 0.1878662109375 -0.113662719726562
0.317138671875 0.125213623046875 0.180267333984375 0.01873779296875
0.3538818359375 -0.04437255859375 0.218597412109375 0.02252197265625
0.193344116210938 -0.228836059570313 0.193771362304688 -0.104019165039063
0.02032470703125 -0.251312255859375 0.096221923828125 -0.153076171875
-0.162582397460938 -0.187225341796875 -0.03216552734375 -0.143035888671875
-0.227890014648438 -0.0957489013671875 -0.0673713684082031 -0.0633583068847656
-0.21063232421875 -0.085296630859375 -0.0256423950195313 0.000410079956054679
-0.254058837890625 -0.0733489990234375 0.00210571289062499 0.0133342742919922
-0.217880249023437 -0.136062622070312 0.00394439697265624 0.0591049194335937
-0.119033813476563 -0.246292114257812 -0.000167846679687501 0.0759429931640625
0.042236328125 -0.277236938476563 -0.0659713745117188 0.0574798583984375
0.2889404296875 -0.149871826171875 -0.106040954589844 0.00930023193359374
0.365966796875 0.011505126953125 -0.065216064453125 -0.0685691833496094
0.331298828125 0.216522216796875 0.0135717391967774 0.0173635482788086
0.209671020507813 0.275115966796875 0.28466796875 -0.00137329101562498
0.260238647460938 0.176971435546875 0.251785278320313 0.08160400390625
0.338134765625 0.024658203125 0.226028442382813 0.0613861083984375
0.221099853515625 -0.185806274414063 0.204559326171875 -0.0369415283203125
0.0530242919921875 -0.2392578125 0.131904602050781 -0.0836563110351563
-0.140274047851563 -0.199920654296875 0.0410690307617187 -0.09429931640625
-0.212753295898438 -0.111495971679687 0.0212364196777344 -0.0442314147949219
-0.200363159179687 -0.0983428955078125 0.0508880615234375 0.00694274902343749
-0.245086669921875 -0.0883636474609375 0.0792236328125 0.023193359375
-0.205108642578125 -0.145843505859375 0.069488525390625 0.083221435546875
-0.0986328125 -0.246109008789063 0.04608154296875 0.10650634765625
0.0611419677734375 -0.257293701171875 -0.0399246215820313 0.0896148681640625
0.28204345703125 -0.10711669921875 -0.0896224975585937 0.0271453857421875
0.3197021484375 0.058807373046875 -0.00421142578124997 -0.0520744323730469
0.253219604492188 0.232528686523437 0.102447509765625 0.0948638916015625
0.082305908203125 0.222137451171875 0.343414306640625 0.099212646484375
0.148086547851563 0.185348510742188 0.2933349609375 0.13861083984375
0.24713134765625 0.084381103515625 0.216033935546875 0.0883331298828125
0.198074340820313 -0.105606079101563 0.194839477539063 0.0195770263671875
0.0720367431640625 -0.179367065429688 0.14581298828125 -0.0192718505859375
-0.09381103515625 -0.173721313476562 0.0988006591796875 -0.0422592163085938
-0.162017822265625 -0.108673095703125 0.099517822265625 -0.0219650268554688
-0.158294677734375 -0.0951690673828125 0.120346069335938 0.0134048461914062
-0.200210571289063 -0.09173583984375 0.14898681640625 0.03619384765625
-0.163619995117187 -0.13861083984375 0.128082275390625 0.110275268554687
-0.0629119873046875 -0.218490600585938 0.0814590454101562 0.140403747558594
0.0785369873046875 -0.209274291992188 -0.0234222412109375 0.121376037597656
0.248764038085938 -0.0486297607421875 -0.0803985595703125 0.0439453125
0.239364624023438 0.104934692382813 0.0435447692871094 -0.0251884460449219
0.141021728515625 0.223831176757812 0.163558959960938 0.173858642578125
-0.0580978393554688 0.131401062011719 0.359954833984375 0.163909912109375
0.0115509033203125 0.1517333984375 0.304595947265625 0.16802978515625
0.112289428710938 0.114776611328125 0.197723388671875 0.0924072265625
0.132080078125 -0.016571044921875 0.17681884765625 0.05181884765625
0.0694122314453125 -0.0895767211914063 0.14276123046875 0.0223541259765625
-0.0348129272460937 -0.115745544433594 0.134963989257813 -0.00235748291015626
-0.0864181518554688 -0.0863723754882813 0.15509033203125 -0.00347900390625001
-0.0916671752929688 -0.0768966674804687 0.170501708984375 0.0181884765625
-0.125900268554688 -0.080841064453125 0.201873779296875 0.0510406494140625
-0.101470947265625 -0.111907958984375 0.170333862304688 0.136871337890625
-0.0235443115234375 -0.162353515625 0.10137939453125 0.174209594726562
0.0811538696289062 -0.138755798339844 -0.0196075439453125 0.152679443359375
0.183792114257812 0.008331298828125 -0.0820236206054687 0.0612030029296875
0.129478454589844 0.131340026855469 0.0684013366699219 0.00965881347656251
0.011871337890625 0.183670043945313 0.1864013671875 0.244491577148438
0.123039245605469 -0.0763397216796875 -0.213363647460937 -0.243804931640625
-0.0332260131835938 -0.10986328125 -0.083770751953125 -0.033843994140625
-0.0839004516601563 -0.0336227416992187 0.0979843139648438 -0.0611724853515625
-0.0572700500488281 0.0438385009765625 0.0476226806640625 -0.195297241210938
-0.00849533081054687 0.0657196044921875 -0.0923004150390625 -0.211044311523438
0.0350837707519531 0.0625801086425781 -0.206985473632813 -0.136383056640625
0.0273017883300781 0.0500869750976562 -0.24505615234375 -0.0393066406249999
0.0219688415527344 0.0486412048339844 -0.197052001953125 -0.001708984375
0.0162391662597656 0.0612716674804688 -0.1748046875 0.0105438232421875
-0.0311851501464844 0.0546035766601562 -0.15509033203125 -0.005279541015625
-0.0709686279296875 0.00867462158203126 -0.147781372070313 -0.0139007568359375
-0.0642929077148438 -0.0727386474609375 -0.167770385742188 -0.0503082275390625
0.0294342041015625 -0.127166748046875 -0.1943359375 -0.1053466796875
0.123924255371094 -0.113632202148438 -0.292022705078125 -0.1435546875
0.183258056640625 -0.04522705078125 -0.34130859375 -0.18536376953125
0.2415771484375 0.0130615234375 -0.158050537109375 -0.273345947265625
0.0945968627929688 -0.0906524658203125 -0.0536575317382812 -0.0565872192382813
0.0326766967773438 -0.0867767333984375 0.122421264648438 -0.0642547607421875
-0.0194931030273437 -0.0565910339355469 0.0720367431640625 -0.208282470703125
-0.0316066741943359 -0.0255622863769531 -0.0689544677734375 -0.232803344726563
-0.0453834533691406 0.00614166259765626 -0.205474853515625 -0.158615112304687
-0.0658721923828125 0.0247268676757812 -0.245376586914063 -0.049957275390625
-0.0625419616699219 0.0184860229492188 -0.188186645507813 -0.00115966796875003
-0.078857421875 0.0285491943359375 -0.165420532226563 0.00868225097656249
-0.099090576171875 -0.00695037841796877 -0.145172119140625 0.00343322753906252
-0.08880615234375 -0.0828399658203125 -0.128875732421875 -0.00142669677734374
-0.018585205078125 -0.15582275390625 -0.150924682617188 -0.033447265625
0.142242431640625 -0.14581298828125 -0.173995971679688 -0.0738525390625
0.245529174804688 -0.0818939208984375 -0.2568359375 -0.11895751953125
0.290679931640625 0.041778564453125 -0.282257080078125 -0.159912109375
0.32415771484375 0.109832763671875 -0.0642852783203125 -0.2637939453125
0.215530395507812 -0.0414276123046875 0.00724792480468752 -0.0586929321289063
0.163772583007813 -0.1190185546875 0.15740966796875 -0.053375244140625
0.039031982421875 -0.153793334960938 0.110305786132812 -0.202468872070313
-0.0393753051757813 -0.122100830078125 -0.025146484375 -0.236083984375
-0.11505126953125 -0.0604324340820312 -0.174102783203125 -0.171142578125
-0.148605346679688 -0.00935363769531247 -0.214065551757812 -0.0584869384765625
-0.13763427734375 -0.0140457153320313 -0.152496337890625 9.15527343750105E-05
-0.162673950195313 -0.00238037109374999 -0.12799072265625 0.0100250244140625
-0.16046142578125 -0.0572509765625 -0.110687255859375 0.0214004516601563
-0.114044189453125 -0.156570434570312 -0.0953369140625 0.0233840942382812
0.000839233398437477 -0.223419189453125 -0.127662658691406 -0.00284576416015624
0.21881103515625 -0.171234130859375 -0.152664184570313 -0.0378570556640625
0.32879638671875 -0.065460205078125 -0.202423095703125 -0.092132568359375
0.3575439453125 0.108001708984375 -0.195480346679687 -0.109375
0.351318359375 0.19720458984375 0.05377197265625 -0.211181640625
0.2996826171875 0.027618408203125 0.0891189575195313 -0.0357894897460938
0.279953002929687 -0.115829467773438 0.193923950195313 -0.026519775390625
0.109359741210938 -0.222793579101563 0.15380859375 -0.170440673828125
-0.0281219482421875 -0.2049560546875 0.031646728515625 -0.211746215820313
-0.161102294921875 -0.12298583984375 -0.1163330078125 -0.16656494140625
-0.2069091796875 -0.044464111328125 -0.153076171875 -0.0616455078125
-0.1907958984375 -0.044403076171875 -0.0950851440429688 0.00148010253906251
-0.224563598632813 -0.0283203125 -0.0697784423828125 0.0129356384277344
-0.205825805664063 -0.0921478271484375 -0.0573234558105469 0.0411109924316406
-0.13458251953125 -0.205245971679688 -0.0488853454589844 0.0504188537597656
0.00871276855468751 -0.264984130859375 -0.09674072265625 0.0304336547851562
0.25927734375 -0.186416625976563 -0.129470825195312 -0.00769042968749999
0.36688232421875 -0.0501708984375 -0.138992309570312 -0.075531005859375
0.376434326171875 0.15594482421875 -0.0920944213867188 -0.0482101440429687
0.318389892578125 0.25048828125 0.17572021484375 -0.124710083007812
0.320465087890625 0.10302734375 0.17626953125 0.00912475585937501
0.34698486328125 -0.070404052734375 0.220611572265625 0.0113983154296875
0.173080444335938 -0.239822387695313 0.188507080078125 -0.114044189453125
0.00173950195312499 -0.248367309570313 0.088104248046875 -0.160568237304688
-0.17364501953125 -0.169906616210938 -0.0421600341796875 -0.140525817871094
-0.231765747070313 -0.0750885009765625 -0.071533203125 -0.0572738647460938
-0.213623046875 -0.0686798095703125 -0.0236167907714844 0.00304031372070313
-0.254638671875 -0.0496063232421875 0.00252342224121092 0.0151834487915039
-0.224700927734375 -0.114334106445312 0.00764846801757811 0.0599822998046875
-0.137298583984375 -0.231124877929688 0.00260925292968749 0.0755691528320312
0.0191497802734375 -0.2762451171875 -0.0640602111816406 0.0609359741210937
0.2747802734375 -0.170974731445313 -0.10614013671875 0.0137786865234375
0.3619384765625 -0.01666259765625 -0.0712814331054687 -0.0654678344726563
0.345367431640625 0.19024658203125 0.013641357421875 0.0176467895507813
0.227401733398438 0.2567138671875 0.279586791992188 -0.0223541259765625
0.267257690429688 0.157470703125 0.251846313476563 0.0654754638671875
0.33685302734375 -0.00115966796875 0.229873657226563 0.0503387451171875
0.203689575195313 -0.1988525390625 0.203704833984375 -0.048187255859375
0.0355987548828125 -0.239486694335938 0.128707885742187 -0.0944137573242188
-0.15277099609375 -0.18450927734375 0.0333175659179687 -0.0983047485351563
-0.218185424804688 -0.0923309326171875 0.0163803100585937 -0.0455284118652344
-0.205596923828125 -0.081573486328125 0.051788330078125 0.003662109375
-0.248123168945313 -0.0654144287109375 0.0781936645507812 0.0190200805664062
-0.2135009765625 -0.125152587890625 0.0733413696289062 0.0782546997070312
-0.118087768554688 -0.232879638671875 0.0507431030273437 0.10223388671875
0.040069580078125 -0.25775146484375 -0.0351715087890625 0.0906219482421875
0.27166748046875 -0.127777099609375 -0.0881423950195313 0.0313720703125
0.319061279296875 0.03375244140625 -0.0100250244140625 -0.053070068359375
0.2685546875 0.2120361328125 0.10723876953125 0.0866241455078125
0.0967254638671875 0.213470458984375 0.345855712890625 0.072113037109375
0.1572265625 0.173736572265625 0.297637939453125 0.117584228515625
0.25286865234375 0.0647430419921875 0.220794677734375 0.0766754150390625
0.186981201171875 -0.118576049804687 0.198272705078125 0.00848388671874999
0.058868408203125 -0.181930541992188 0.146591186523438 -0.0312652587890625
-0.105377197265625 -0.163070678710938 0.09429931640625 -0.0511322021484375
-0.169418334960938 -0.093994140625 0.0956573486328125 -0.0298538208007813
-0.164230346679688 -0.0818328857421875 0.119728088378906 0.00501251220703124
-0.2042236328125 -0.0725860595703125 0.147842407226563 0.025970458984375
-0.17303466796875 -0.12225341796875 0.132575988769531 0.100555419921875
-0.0806427001953125 -0.209381103515625 0.0883026123046875 0.132354736328125
0.0610809326171875 -0.213119506835937 -0.0168914794921875 0.121238708496094
0.243728637695313 -0.0672454833984375 -0.078125 0.0481643676757812
0.24359130859375 0.0864105224609375 0.0394706726074219 -0.0302276611328125
0.157135009765625 0.2115478515625 0.172943115234375 0.159591674804687
-0.048797607421875 0.133758544921875 0.366485595703125 0.133758544921875
0.021514892578125 0.150238037109375 0.312164306640625 0.14422607421875
0.121788024902344 0.105026245117188 0.202407836914063 0.08203125
0.129608154296875 -0.02618408203125 0.182144165039063 0.041015625
0.0629806518554688 -0.0938491821289063 0.1456298828125 0.0108642578125
-0.0431747436523438 -0.111679077148437 0.133956909179688 -0.0145950317382813
-0.0933303833007812 -0.0790328979492188 0.152374267578125 -0.0163116455078125
-0.097320556640625 -0.0690994262695312 0.169021606445313 0.005462646484375
-0.13031005859375 -0.069091796875 0.2012939453125 0.03656005859375
-0.110275268554688 -0.101661682128906 0.176345825195312 0.122833251953125
-0.036407470703125 -0.15887451171875 0.110870361328125 0.164169311523438
0.0697479248046875 -0.144271850585938 -0.009918212890625 0.1517333984375
0.183792114257813 -0.004852294921875 -0.0777511596679687 0.0653762817382813
0.137290954589844 0.121002197265625 0.0673484802246094 0.00162506103515626
0.025665283203125 0.181198120117188 0.200302124023437 0.227066040039062
0.120521545410156 -0.0893630981445313 -0.233474731445313 -0.226852416992188
-0.0423507690429687 -0.107376098632813 -0.0859451293945313 -0.0225982666015625
-0.0893783569335938 -0.0263290405273437 0.0966949462890625 -0.0695953369140625
-0.0553169250488281 0.049072265625 0.0335540771484375 -0.200729370117188
-0.00349044799804687 0.0678520202636719 -0.108566284179687 -0.204864501953125
0.0422325134277344 0.0605659484863281 -0.217041015625 -0.121475219726562
0.0339126586914063 0.0479698181152344 -0.247802734375 -0.0195617675781249
0.0271987915039062 0.0462379455566406 -0.196945190429688 0.0139617919921875
0.0228462219238281 0.058563232421875 -0.173782348632813 0.025634765625
-0.0242156982421875 0.057647705078125 -0.156585693359375 0.00820922851562498
-0.0700187683105469 0.0157890319824219 -0.1505126953125 -0.00192260742187501
-0.0715179443359375 -0.0672836303710938 -0.175994873046875 -0.0388946533203125
0.0182723999023437 -0.131027221679688 -0.20587158203125 -0.0949707031250001
0.113990783691406 -0.124900817871094 -0.305023193359375 -0.122467041015625
0.18267822265625 -0.0603485107421875 -0.35980224609375 -0.158660888671875
0.246414184570313 -0.00811767578125 -0.18060302734375 -0.260101318359375
0.0871124267578125 -0.097900390625 -0.0587348937988281 -0.0473899841308594
0.0242843627929688 -0.0904922485351563 0.121559143066406 -0.0739212036132813
-0.0256767272949219 -0.0546150207519531 0.058563232421875 -0.21588134765625
-0.0341453552246094 -0.0221824645996094 -0.0867462158203125 -0.229522705078125
-0.0430488586425781 0.0116386413574219 -0.218002319335938 -0.143585205078125
-0.0623435974121094 0.031707763671875 -0.249649047851563 -0.03021240234375
-0.0606155395507812 0.0240058898925781 -0.187362670898438 0.0132293701171875
-0.07470703125 0.03546142578125 -0.164520263671875 0.023712158203125
-0.097747802734375 0.00254821777343749 -0.145401000976563 0.0157928466796875
-0.0952377319335938 -0.0737457275390625 -0.131690979003906 0.00963592529296874
-0.0328826904296875 -0.15399169921875 -0.157669067382813 -0.0231170654296875
0.130752563476563 -0.15936279296875 -0.183639526367188 -0.065338134765625
0.238357543945313 -0.102920532226563 -0.2681884765625 -0.100677490234375
0.297027587890625 0.018829345703125 -0.298187255859375 -0.137664794921875
0.337066650390625 0.084075927734375 -0.086181640625 -0.258148193359375
0.212081909179687 -0.057464599609375 0.00157546997070313 -0.0542793273925781
0.15325927734375 -0.134506225585938 0.158096313476563 -0.0645294189453125
0.0248260498046875 -0.15679931640625 0.0987091064453125 -0.212173461914063
-0.0493316650390625 -0.1190185546875 -0.0421142578125 -0.2374267578125
-0.118705749511719 -0.0483322143554687 -0.1883544921875 -0.158798217773438
-0.148513793945312 0.00469970703125003 -0.218734741210938 -0.0410003662109375
-0.138351440429687 -0.002838134765625 -0.151840209960938 0.0123291015625
-0.161544799804688 0.0121917724609375 -0.127479553222656 0.0224838256835938
-0.163162231445313 -0.0420379638671875 -0.109855651855469 0.0324172973632813
-0.127090454101563 -0.144760131835937 -0.0960159301757813 0.0323028564453125
-0.0175933837890625 -0.223373413085937 -0.132110595703125 0.0067901611328125
0.20556640625 -0.191146850585938 -0.159683227539062 -0.0301666259765625
0.322967529296875 -0.094085693359375 -0.213394165039062 -0.0790863037109375
0.3707275390625 0.08087158203125 -0.206268310546875 -0.09393310546875
0.371917724609375 0.16949462890625 0.0365753173828125 -0.215408325195312
0.30169677734375 0.00616455078125 0.0844650268554688 -0.0383987426757813
0.271835327148438 -0.14117431640625 0.196807861328125 -0.03863525390625
0.0900421142578125 -0.231689453125 0.145599365234375 -0.182327270507813
-0.0443878173828125 -0.202651977539062 0.01751708984375 -0.217880249023438
-0.1705322265625 -0.107559204101563 -0.13079833984375 -0.15826416015625
-0.210540771484375 -0.0249481201171875 -0.158294677734375 -0.0490875244140625
-0.194503784179688 -0.0287628173828125 -0.093292236328125 0.00934600830078123
-0.225448608398438 -0.00756835937500003 -0.0689048767089844 0.0211639404296875
-0.211868286132812 -0.07208251953125 -0.0547103881835938 0.0479698181152344
-0.152145385742188 -0.19189453125 -0.0475273132324219 0.0557403564453125
-0.0142822265625 -0.266357421875 -0.09820556640625 0.0379867553710937
0.245758056640625 -0.210113525390625 -0.133651733398437 -0.001220703125
0.362518310546875 -0.08184814453125 -0.148117065429687 -0.0666961669921875
0.39324951171875 0.127288818359375 -0.0973739624023437 -0.0404891967773438
0.3408203125 0.226898193359375 0.165695190429688 -0.138504028320312
0.327728271484375 0.079803466796875 0.175384521484375 -0.001129150390625
0.343170166015625 -0.10186767578125 0.226852416992188 -0.00144958496093751
0.152725219726563 -0.254058837890625 0.185501098632813 -0.128463745117188
-0.017547607421875 -0.249465942382812 0.079376220703125 -0.17181396484375
-0.187179565429687 -0.1533203125 -0.054443359375 -0.1396484375
-0.238372802734375 -0.0532684326171875 -0.077239990234375 -0.0512542724609375
-0.220672607421875 -0.04998779296875 -0.0218334197998047 0.00531959533691406
-0.258071899414063 -0.02569580078125 0.00298690795898436 0.0175800323486328
-0.233200073242188 -0.09234619140625 0.0113410949707031 0.0617637634277344
-0.157821655273438 -0.217361450195313 0.00611877441406249 0.0771408081054687
-0.00431823730468749 -0.2784423828125 -0.0625534057617188 0.0660209655761718
0.26214599609375 -0.19622802734375 -0.108207702636719 0.0201644897460937
0.360565185546875 -0.0479736328125 -0.0796051025390625 -0.062164306640625
0.36376953125 0.163604736328125 0.0145282745361328 0.0169715881347656
0.249526977539063 0.240219116210938 0.278411865234375 -0.04443359375
0.279327392578125 0.1396484375 0.255111694335938 0.0489349365234375
0.3394775390625 -0.02972412109375 0.238037109375 0.037200927734375
0.18804931640625 -0.215866088867188 0.206298828125 -0.0629119873046875
0.0173187255859375 -0.244033813476563 0.125213623046875 -0.107978820800781
-0.167922973632812 -0.171157836914063 0.0244598388671875 -0.103240966796875
-0.227310180664063 -0.0725250244140625 0.0121231079101562 -0.0477142333984375
-0.213104248046875 -0.06353759765625 0.0534629821777344 -0.000152587890625004
-0.2525634765625 -0.0414886474609375 0.0788116455078125 0.0146636962890625
-0.224090576171875 -0.104583740234375 0.079010009765625 0.074462890625
-0.138916015625 -0.221725463867187 0.0565261840820312 0.0989532470703125
0.01788330078125 -0.262664794921875 -0.030975341796875 0.0934295654296875
0.263168334960938 -0.151290893554688 -0.0882339477539062 0.03680419921875
0.322998046875 0.00640869140625 -0.0165176391601562 -0.0554695129394531
0.288330078125 0.191986083984375 0.113945007324219 0.0788650512695313
0.114105224609375 0.207565307617188 0.352386474609375 0.04498291015625
0.1707763671875 0.1644287109375 0.3062744140625 0.096832275390625
0.26141357421875 0.043853759765625 0.230560302734375 0.065155029296875
0.178680419921875 -0.13409423828125 0.205337524414063 -0.00485229492187501
0.045166015625 -0.18841552734375 0.147689819335938 -0.045318603515625
-0.119674682617188 -0.15380859375 0.09002685546875 -0.0614166259765625
-0.178604125976563 -0.0789031982421875 0.0925979614257812 -0.0388336181640625
-0.172103881835938 -0.068267822265625 0.121139526367187 -0.0044403076171875
-0.211029052734375 -0.053741455078125 0.149459838867187 0.01593017578125
-0.184005737304688 -0.10552978515625 0.139640808105469 0.0914688110351563
-0.100067138671875 -0.202377319335938 0.0965728759765625 0.126235961914063
0.04290771484375 -0.219314575195313 -0.00861358642578124 0.122520446777344
0.240570068359375 -0.088531494140625 -0.07611083984375 0.0535202026367188
0.251434326171875 0.066558837890625 0.0352058410644531 -0.0367584228515625
0.175537109375 0.200790405273438 0.185989379882812 0.146514892578125
-0.039306640625 0.138465881347656 0.378387451171875 0.104827880859375
0.033477783203125 0.151123046875 0.324127197265625 0.12158203125
0.132781982421875 0.0959091186523438 0.211959838867188 0.0712738037109375
0.128654479980469 -0.0374984741210938 0.190536499023438 0.0286407470703125
0.0569229125976562 -0.0995559692382813 0.150238037109375 -0.00210571289062501
-0.0530929565429688 -0.107696533203125 0.13299560546875 -0.0279083251953125
-0.102081298828125 -0.0709152221679687 0.150466918945313 -0.0303955078125
-0.104598999023437 -0.0618057250976562 0.170089721679688 -0.0078582763671875
-0.137115478515625 -0.0569610595703125 0.20361328125 0.021392822265625
-0.12005615234375 -0.0910720825195313 0.185699462890625 0.11041259765625
-0.0513153076171875 -0.156890869140625 0.122024536132813 0.155975341796875
0.0577392578125 -0.15185546875 0.000381469726562512 0.152725219726563
0.186248779296875 -0.0200958251953125 -0.0744171142578125 0.0707244873046875
0.148361206054688 0.111404418945313 0.0661087036132813 -0.00714111328124999
0.0400543212890625 0.180679321289063 0.21923828125 0.211380004882813
0.114021301269531 -0.105499267578125 -0.257049560546875 -0.203720092773438
-0.0541305541992188 -0.103485107421875 -0.087127685546875 -0.00961303710937499
-0.094635009765625 -0.0170135498046875 0.0929031372070313 -0.080352783203125
-0.052093505859375 0.0556144714355469 0.0156097412109375 -0.205154418945313
0.00339126586914062 0.0695724487304687 -0.12860107421875 -0.195388793945312
0.0511627197265625 0.0566902160644531 -0.228179931640625 -0.101119995117188
0.0417213439941406 0.0448379516601562 -0.250717163085938 0.00541687011718756
0.0333328247070312 0.0428276062011719 -0.195236206054688 0.033203125
0.030853271484375 0.0548934936523438 -0.171478271484375 0.04443359375
-0.0156059265136719 0.0600929260253906 -0.15643310546875 0.024688720703125
-0.0672149658203125 0.0247573852539063 -0.153427124023438 0.014129638671875
-0.0797805786132813 -0.0596542358398437 -0.185073852539063 -0.0222015380859375
0.0038604736328125 -0.134521484375 -0.219451904296875 -0.0784301757812501
0.101043701171875 -0.137519836425781 -0.31939697265625 -0.094329833984375
0.179702758789063 -0.0802154541015625 -0.37896728515625 -0.1229248046875
0.250457763671875 -0.036895751953125 -0.207809448242187 -0.242874145507812
0.0772628784179688 -0.106056213378906 -0.0628547668457031 -0.0367469787597656
0.01287841796875 -0.09393310546875 0.118415832519531 -0.0862274169921875
-0.0333709716796875 -0.0512809753417969 0.0399017333984375 -0.222900390625
-0.03692626953125 -0.0178489685058594 -0.1097412109375 -0.223434448242187
-0.0396461486816406 0.0179290771484375 -0.232254028320313 -0.123855590820312
-0.0569648742675781 0.039093017578125 -0.252838134765625 -0.00439453125000003
-0.0569725036621094 0.0299148559570313 -0.186553955078125 0.032501220703125
-0.0689239501953125 0.04290771484375 -0.162399291992188 0.04144287109375
-0.0947418212890625 0.01312255859375 -0.144775390625 0.0322418212890625
-0.102676391601563 -0.0624008178710938 -0.133377075195313 0.023773193359375
-0.049468994140625 -0.150604248046875 -0.165878295898437 -0.00804138183593749
0.114395141601563 -0.174545288085938 -0.194793701171875 -0.0507812500000001
0.227767944335937 -0.128555297851563 -0.281524658203125 -0.075836181640625
0.30340576171875 -0.01141357421875 -0.314697265625 -0.10809326171875
0.351318359375 0.04827880859375 -0.11309814453125 -0.250762939453125
0.207183837890625 -0.077178955078125 -0.00470733642578124 -0.0501670837402344
0.139266967773438 -0.1524658203125 0.156646728515625 -0.079345703125
0.00714111328125001 -0.158828735351563 0.0812530517578125 -0.223587036132813
-0.0623092651367187 -0.114151000976563 -0.0649566650390625 -0.237289428710938
-0.121589660644531 -0.0338134765625 -0.205307006835937 -0.14178466796875
-0.146591186523437 0.021942138671875 -0.22393798828125 -0.018280029296875
-0.138473510742188 0.0116348266601562 -0.150177001953125 0.0268096923828125
-0.158248901367188 0.0300445556640625 -0.125144958496094 0.037750244140625
-0.165451049804688 -0.0237884521484375 -0.107322692871094 0.0449371337890625
-0.14105224609375 -0.129486083984375 -0.095733642578125 0.0438690185546875
-0.0410003662109375 -0.222259521484375 -0.136848449707031 0.0190582275390625
0.186660766601563 -0.215591430664063 -0.16766357421875 -0.0179443359375
0.31317138671875 -0.128814697265625 -0.22491455078125 -0.059234619140625
0.383514404296875 0.044158935546875 -0.218002319335937 -0.07318115234375
0.3936767578125 0.13226318359375 0.01446533203125 -0.219146728515625
0.304168701171875 -0.0223388671875 0.0793991088867188 -0.0425262451171875
0.258026123046875 -0.171371459960938 0.199539184570313 -0.05621337890625
0.0653839111328125 -0.241806030273438 0.13311767578125 -0.19842529296875
-0.064910888671875 -0.199417114257812 -0.0028228759765625 -0.224533081054687
-0.180282592773437 -0.0890350341796875 -0.147705078125 -0.14727783203125
-0.21295166015625 -0.00157165527343749 -0.164093017578125 -0.032470703125
-0.198226928710938 -0.00767517089843753 -0.0914154052734375 0.0185928344726563
-0.225494384765625 0.0174102783203125 -0.0668106079101563 0.0302352905273438
-0.2181396484375 -0.04852294921875 -0.0506591796875 0.0561370849609375
-0.172683715820312 -0.17449951171875 -0.0446434020996094 0.0625839233398437
-0.04266357421875 -0.265182495117187 -0.0994033813476562 0.0474700927734375
0.225143432617188 -0.23858642578125 -0.13824462890625 0.00950622558593748
0.353424072265625 -0.121185302734375 -0.158340454101562 -0.0539398193359375
0.41119384765625 0.088348388671875 -0.102500915527344 -0.0302734375
0.367645263671875 0.193511962890625 0.15252685546875 -0.156158447265625
0.337615966796875 0.0501708984375 0.174606323242188 -0.014678955078125
0.33563232421875 -0.138214111328125 0.232894897460938 -0.0205078125
0.127105712890625 -0.270111083984375 0.179885864257813 -0.147445678710938
-0.0426025390625 -0.24981689453125 0.064117431640625 -0.184539794921875
-0.202911376953125 -0.132858276367188 -0.0698013305664063 -0.135749816894531
-0.244369506835937 -0.0264129638671875 -0.0828781127929688 -0.0430526733398437
-0.227371215820313 -0.0268402099609375 -0.0197944641113281 0.007354736328125
-0.25933837890625 0.00335693359375004 0.00481796264648436 0.0201168060302734
-0.242050170898438 -0.0661163330078125 0.0171699523925781 0.0633888244628906
-0.181259155273438 -0.19921875 0.0115127563476562 0.0786895751953125
-0.0339508056640625 -0.278610229492188 -0.0595626831054687 0.0724029541015625
0.243499755859375 -0.226242065429688 -0.110145568847656 0.028350830078125
0.355377197265625 -0.08636474609375 -0.0894851684570312 -0.0561981201171875
0.3848876953125 0.128082275390625 0.0161619186401367 0.0160408020019531
0.277023315429688 0.2169189453125 0.275009155273438 -0.0722808837890625
0.294708251953125 0.11468505859375 0.259552001953125 0.0269012451171875
0.340118408203125 -0.0654296875 0.247528076171875 0.0184173583984375
0.167160034179688 -0.235702514648437 0.207366943359375 -0.0834808349609375
-0.00666809082031251 -0.247772216796875 0.117729187011719 -0.124595642089844
-0.185699462890625 -0.152114868164063 0.013031005859375 -0.107490539550781
-0.236495971679688 -0.0471038818359375 0.00661087036132811 -0.0487480163574219
-0.22149658203125 -0.04107666015625 0.0551490783691406 -0.00510787963867188
-0.257186889648438 -0.0130615234375 0.0804901123046875 0.009552001953125
-0.234542846679688 -0.078887939453125 0.0859603881835937 0.06951904296875
-0.16357421875 -0.205978393554687 0.0644149780273437 0.0951919555664062
-0.0103759765625 -0.26593017578125 -0.0242156982421875 0.09722900390625
0.249786376953125 -0.181716918945312 -0.0880355834960938 0.0436859130859375
0.324066162109375 -0.02703857421875 -0.0249252319335937 -0.0565872192382813
0.311065673828125 0.16436767578125 0.1220703125 0.067901611328125
0.135787963867188 0.198135375976563 0.357818603515625 0.00979614257812501
0.188140869140625 0.150527954101563 0.315887451171875 0.069183349609375
0.269149780273438 0.01739501953125 0.241851806640625 0.046539306640625
0.166412353515625 -0.153152465820313 0.21173095703125 -0.0248260498046875
0.02740478515625 -0.195220947265625 0.14727783203125 -0.063018798828125
-0.136062622070313 -0.141494750976562 0.0828933715820312 -0.0722427368164063
-0.18865966796875 -0.0586395263671875 0.0883255004882812 -0.0486526489257813
-0.181320190429688 -0.0499114990234375 0.122444152832031 -0.0166473388671875
-0.2169189453125 -0.0298614501953125 0.151336669921875 0.0032806396484375
-0.196304321289062 -0.0850067138671875 0.148788452148437 0.0800323486328125
-0.122634887695312 -0.191650390625 0.107894897460937 0.117843627929687
0.0197296142578125 -0.226119995117188 0.00112152099609375 0.124076843261719
0.23431396484375 -0.114654541015625 -0.073394775390625 0.0601348876953125
0.259628295898438 0.0415191650390625 0.0294265747070313 -0.0437126159667969
0.198196411132812 0.184677124023438 0.201553344726563 0.12841796875
-0.026214599609375 0.144317626953125 0.390777587890625 0.066436767578125
0.04925537109375 0.14984130859375 0.336944580078125 0.091522216796875
0.145721435546875 0.0827789306640625 0.22296142578125 0.0542144775390625
0.125900268554687 -0.0516586303710937 0.200210571289063 0.0109100341796875
0.047882080078125 -0.108001708984375 0.15423583984375 -0.0187225341796875
-0.0654220581054688 -0.102218627929688 0.130020141601563 -0.0428085327148438
-0.111579895019531 -0.059661865234375 0.147079467773438 -0.0472869873046875
-0.113380432128906 -0.0506515502929688 0.171295166015625 -0.0249176025390625
-0.144256591796875 -0.0418853759765625 0.206100463867187 0.0027618408203125
-0.131294250488281 -0.0781173706054688 0.19683837890625 0.0936737060546875
-0.0693817138671875 -0.152191162109375 0.135848999023438 0.1448974609375
0.042694091796875 -0.159820556640625 0.0140380859375 0.154144287109375
0.18780517578125 -0.0395050048828125 -0.0697784423828125 0.077484130859375
0.161209106445313 0.0977935791015625 0.063812255859375 -0.0178756713867187
0.0590362548828125 0.17803955078125 0.2412109375 0.189697265625
0.0998916625976563 -0.121627807617188 -0.278167724609375 -0.170440673828125
-0.0662078857421875 -0.0951156616210938 -0.0845947265625 0.00565338134765624
-0.0971603393554688 -0.00408172607421876 0.08453369140625 -0.09088134765625
-0.0459403991699219 0.0621414184570313 -0.00735473632812499 -0.2044677734375
0.0121231079101562 0.0702095031738281 -0.148590087890625 -0.177505493164063
0.0600051879882812 0.0489120483398438 -0.235885620117188 -0.0750274658203125
0.0490913391113281 0.0381507873535156 -0.24554443359375 0.0347595214843751
0.0384330749511719 0.0369110107421875 -0.188735961914063 0.0562744140625
0.03826904296875 0.0483894348144531 -0.16314697265625 0.0653076171875
-0.0057525634765625 0.0604171752929688 -0.151885986328125 0.0442962646484375
-0.0621452331542969 0.0332260131835938 -0.151535034179688 0.03253173828125
-0.0875091552734375 -0.04852294921875 -0.189315795898437 -0.000717163085937507
-0.014556884765625 -0.133522033691406 -0.229095458984375 -0.0539703369140626
0.0821685791015625 -0.147979736328125 -0.326629638671875 -0.0558776855468749
0.16998291015625 -0.10302734375 -0.39019775390625 -0.0746154785156251
0.244338989257812 -0.0700531005859375 -0.234725952148437 -0.2142333984375
0.0632095336914063 -0.113418579101563 -0.065582275390625 -0.0242080688476563
-0.00116729736328125 -0.093902587890625 0.10986328125 -0.0994720458984375
-0.0408744812011719 -0.0447502136230469 0.0150909423828125 -0.2255859375
-0.0385513305664063 -0.01177978515625 -0.13409423828125 -0.20855712890625
-0.0339221954345703 0.0231285095214844 -0.24359130859375 -0.0959625244140625
-0.0488166809082031 0.04620361328125 -0.249252319335937 0.026275634765625
-0.0516929626464844 0.0358238220214844 -0.179641723632813 0.0532989501953125
-0.06072998046875 0.049591064453125 -0.154708862304688 0.0615997314453125
-0.088958740234375 0.0248260498046875 -0.139129638671875 0.0503768920898437
-0.106552124023438 -0.0472412109375 -0.130828857421875 0.0404891967773437
-0.0676727294921875 -0.141632080078125 -0.1689453125 0.0110626220703125
0.089874267578125 -0.186920166015625 -0.202499389648438 -0.029815673828125
0.206741333007813 -0.15460205078125 -0.287872314453125 -0.043243408203125
0.30059814453125 -0.049407958984375 -0.325347900390625 -0.0681152343750001
0.354217529296875 0.00262451171875 -0.14215087890625 -0.233291625976563
0.194778442382813 -0.100540161132812 -0.0108184814453125 -0.0437965393066406
0.117340087890625 -0.168060302734375 0.149795532226563 -0.0965423583984375
-0.01373291015625 -0.155868530273438 0.0573883056640625 -0.231063842773437
-0.0754318237304688 -0.104148864746094 -0.09222412109375 -0.22845458984375
-0.121604919433594 -0.01715087890625 -0.219390869140625 -0.116104125976562
-0.139633178710938 0.0412063598632813 -0.221939086914062 0.00924682617187503
-0.134368896484375 0.0280303955078125 -0.143463134765625 0.0438690185546875
-0.150115966796875 0.0490264892578125 -0.11859130859375 0.0536117553710937
-0.163314819335938 -0.0020751953125 -0.100631713867188 0.0591964721679688
-0.153427124023438 -0.108428955078125 -0.0913162231445313 0.05596923828125
-0.06842041015625 -0.212997436523438 -0.13751220703125 0.0347824096679687
0.156631469726563 -0.236343383789063 -0.172348022460938 -0.000656127929687477
0.2908935546875 -0.165283203125 -0.231475830078125 -0.032867431640625
0.3873291015625 -0.003387451171875 -0.224838256835937 -0.045440673828125
0.40716552734375 0.08087158203125 -0.0127410888671875 -0.218460083007813
0.297576904296875 -0.056915283203125 0.07305908203125 -0.0466232299804688
0.233444213867188 -0.201553344726563 0.195266723632813 -0.0776519775390625
0.0341644287109375 -0.245391845703125 0.11224365234375 -0.212890625
-0.088592529296875 -0.188812255859375 -0.0289459228515625 -0.224655151367188
-0.186477661132813 -0.063690185546875 -0.164077758789063 -0.128448486328125
-0.208282470703125 0.0270843505859375 -0.16534423828125 -0.011871337890625
-0.195968627929688 0.0168609619140625 -0.0864028930664063 0.0290298461914062
-0.217437744140625 0.0458526611328125 -0.0616302490234375 0.0402069091796875
-0.218231201171875 -0.0189666748046875 -0.0429191589355469 0.0640525817871094
-0.19012451171875 -0.148025512695313 -0.0384712219238281 0.0685997009277344
-0.0753021240234375 -0.255233764648438 -0.0973434448242188 0.05908203125
0.192031860351562 -0.264328002929687 -0.139862060546875 0.02325439453125
0.33160400390625 -0.16229248046875 -0.165924072265625 -0.0353851318359375
0.41943359375 0.037261962890625 -0.105621337890625 -0.0172576904296875
0.389404296875 0.145965576171875 0.130706787109375 -0.17242431640625
0.339874267578125 0.010498046875 0.169113159179688 -0.030670166015625
0.314544677734375 -0.17828369140625 0.232940673828125 -0.04473876953125
0.0919952392578125 -0.280685424804688 0.165359497070312 -0.167938232421875
-0.07196044921875 -0.242156982421875 0.04302978515625 -0.193862915039063
-0.214263916015625 -0.104461669921875 -0.0857696533203125 -0.126167297363281
-0.243133544921875 0.00614929199218752 -0.0867996215820313 -0.0322113037109375
-0.22735595703125 0.00161743164062504 -0.0169305801391602 0.00951385498046875
-0.252777099609375 0.0373687744140625 0.00765419006347654 0.0225067138671875
-0.244873046875 -0.033111572265625 0.0243377685546875 0.0625877380371094
-0.202728271484375 -0.171340942382813 0.0180282592773437 0.0776748657226562
-0.06805419921875 -0.269851684570313 -0.0543746948242187 0.0786590576171875
0.211883544921875 -0.254776000976563 -0.1097412109375 0.03961181640625
0.337860107421875 -0.12835693359375 -0.098480224609375 -0.0465164184570312
0.3985595703125 0.08001708984375 0.0175552368164063 0.0139589309692383
0.30120849609375 0.18157958984375 0.26165771484375 -0.1043701171875
0.304473876953125 0.080322265625 0.257720947265625 -0.000717163085937495
0.329437255859375 -0.106781005859375 0.251327514648437 -0.00857543945312501
0.136062622070313 -0.252182006835938 0.200042724609375 -0.107589721679688
-0.036346435546875 -0.24609375 0.102951049804687 -0.140609741210938
-0.200225830078125 -0.125259399414062 -0.00100708007812501 -0.108375549316406
-0.23870849609375 -0.01513671875 0.00052642822265624 -0.0486221313476563
-0.223953247070312 -0.012725830078125 0.0550804138183594 -0.012054443359375
-0.253646850585938 0.0210113525390625 0.0809173583984375 0.00213623046875
-0.240142822265625 -0.0460052490234375 0.0928802490234375 0.0607070922851563
-0.186630249023438 -0.180496215820313 0.0727615356445312 0.0882339477539062
-0.043121337890625 -0.260696411132813 -0.0161666870117188 0.0994338989257812
0.22412109375 -0.211883544921875 -0.0850906372070313 0.0521163940429687
0.31475830078125 -0.06646728515625 -0.0353736877441406 -0.054901123046875
0.329833984375 0.124908447265625 0.128616333007813 0.0517807006835938
0.158462524414063 0.179779052734375 0.35369873046875 -0.0335693359375
0.204635620117188 0.128570556640625 0.317962646484375 0.033416748046875
0.269683837890625 -0.0157928466796875 0.247909545898438 0.020599365234375
0.146102905273438 -0.171188354492188 0.21075439453125 -0.0501708984375
0.00349426269531252 -0.197921752929688 0.139869689941406 -0.0828857421875
-0.15093994140625 -0.121551513671875 0.0722885131835938 -0.0818634033203125
-0.194305419921875 -0.032196044921875 0.0804290771484375 -0.0588607788085938
-0.18646240234375 -0.02630615234375 0.119903564453125 -0.0311203002929688
-0.21722412109375 -0.00102233886718754 0.149795532226563 -0.0130462646484375
-0.203750610351562 -0.0566253662109375 0.156143188476563 0.0632781982421875
-0.145980834960937 -0.17279052734375 0.117904663085937 0.105117797851562
-0.00932312011718749 -0.2254638671875 0.0131301879882812 0.122589111328125
0.218536376953125 -0.143844604492187 -0.0686988830566406 0.0659332275390625
0.260772705078125 0.00933837890625 0.0203018188476563 -0.0495948791503906
0.219345092773438 0.1593017578125 0.2137451171875 0.101821899414063
-0.00871276855468751 0.146148681640625 0.39288330078125 0.018768310546875
0.0670166015625 0.143661499023438 0.343048095703125 0.051849365234375
0.15631103515625 0.0635528564453125 0.229721069335938 0.0301361083984375
0.118667602539063 -0.06756591796875 0.203521728515625 -0.013580322265625
0.0345840454101563 -0.1134033203125 0.152755737304688 -0.0394439697265625
-0.077789306640625 -0.092620849609375 0.122688293457031 -0.0593719482421875
-0.119178771972656 -0.0432815551757812 0.138015747070313 -0.0643768310546875
-0.119804382324219 -0.0356521606445313 0.166107177734375 -0.0453338623046875
-0.148605346679687 -0.022369384765625 0.203521728515625 -0.0199432373046875
-0.139671325683594 -0.0590362548828125 0.2054443359375 0.0706787109375
-0.0887908935546875 -0.141555786132813 0.149810791015625 0.127914428710938
0.021392822265625 -0.163711547851562 0.030426025390625 0.150985717773438
0.182723999023437 -0.06329345703125 -0.0621414184570312 0.08331298828125
0.17230224609375 0.077789306640625 0.0571746826171875 -0.0286216735839844
0.080657958984375 0.16937255859375 0.259963989257813 0.15789794921875
0.0808334350585937 -0.1317138671875 -0.286407470703125 -0.1292724609375
-0.0750503540039062 -0.0833282470703125 -0.0768814086914063 0.0187301635742188
-0.09527587890625 0.0098114013671875 0.0728073120117188 -0.0973129272460938
-0.0380363464355469 0.0673103332519531 -0.0277099609375 -0.19525146484375
0.0207405090332031 0.0673408508300781 -0.160781860351563 -0.152801513671875
0.0653800964355469 0.0387611389160156 -0.233291625976563 -0.046905517578125
0.0532455444335938 0.0287132263183594 -0.230331420898438 0.061553955078125
0.04156494140625 0.0290107727050781 -0.17401123046875 0.075164794921875
0.0431327819824219 0.0390090942382813 -0.147506713867188 0.0823822021484375
0.00394058227539062 0.0572013854980469 -0.141021728515625 0.0606842041015625
-0.0532455444335938 0.0400619506835937 -0.142898559570313 0.0488128662109375
-0.0899200439453125 -0.0345077514648438 -0.185028076171875 0.0217742919921875
-0.0312576293945313 -0.125045776367188 -0.227783203125 -0.026123046875
0.060211181640625 -0.150482177734375 -0.318359375 -0.0178833007812501
0.151153564453125 -0.120773315429688 -0.381988525390625 -0.0250549316406249
0.2252197265625 -0.09979248046875 -0.25079345703125 -0.17681884765625
0.0465545654296875 -0.115676879882813 -0.0633621215820313 -0.0107917785644531
-0.0144119262695313 -0.0886001586914063 0.0968551635742188 -0.108177185058594
-0.0456314086914063 -0.0360374450683594 -0.00849914550781249 -0.218215942382813
-0.0378074645996094 -0.00529479980468749 -0.15130615234375 -0.185150146484375
-0.0269660949707031 0.0257587432861328 -0.243194580078125 -0.0644989013671875
-0.0383949279785156 0.0489997863769531 -0.23431396484375 0.05340576171875
-0.044464111328125 0.0391464233398438 -0.164627075195313 0.0708160400390625
-0.0507087707519531 0.0533714294433594 -0.139747619628906 0.0781173706054687
-0.0792236328125 0.0333938598632813 -0.127174377441406 0.06549072265625
-0.105400085449219 -0.0311203002929687 -0.121856689453125 0.054443359375
-0.08209228515625 -0.126251220703125 -0.16455078125 0.030914306640625
0.0617828369140625 -0.188446044921875 -0.200515747070312 -0.00622558593750003
0.177291870117187 -0.171600341796875 -0.28070068359375 -0.00825500488281255
0.283294677734375 -0.0845947265625 -0.318939208984375 -0.0263061523437501
0.34014892578125 -0.042083740234375 -0.164825439453125 -0.206634521484375
0.174118041992188 -0.117706298828125 -0.014678955078125 -0.0352668762207031
0.0902099609375 -0.174667358398438 0.136322021484375 -0.108932495117188
-0.0328216552734375 -0.1456298828125 0.031646728515625 -0.228927612304687
-0.0847854614257812 -0.0898056030273438 -0.114166259765625 -0.209793090820313
-0.115257263183594 -0.00104522705078126 -0.222702026367188 -0.0867462158203125
-0.125701904296875 0.056549072265625 -0.210494995117188 0.0350494384765625
-0.124183654785156 0.0423812866210938 -0.131370544433594 0.0580215454101562
-0.1353759765625 0.0638656616210937 -0.105705261230469 0.0666580200195313
-0.15240478515625 0.0179901123046875 -0.088714599609375 0.0699844360351563
-0.15728759765625 -0.083465576171875 -0.0825653076171875 0.06549072265625
-0.0910797119140625 -0.194366455078125 -0.131980895996094 0.0504684448242187
0.119552612304687 -0.2440185546875 -0.1693115234375 0.01800537109375
0.255416870117187 -0.19140625 -0.226364135742187 -0.00523376464843755
0.371246337890625 -0.050994873046875 -0.221023559570313 -0.0167236328125
0.399627685546875 0.027618408203125 -0.039520263671875 -0.207901000976563
0.277374267578125 -0.08795166015625 0.0641517639160156 -0.0477714538574219
0.198715209960938 -0.221115112304688 0.182769775390625 -0.0963287353515625
0.00262451171874999 -0.236495971679688 0.0869598388671875 -0.21844482421875
-0.107131958007812 -0.170303344726563 -0.0533294677734375 -0.214431762695312
-0.183151245117188 -0.0369415283203125 -0.171783447265625 -0.10369873046875
-0.193008422851563 0.0518798828125 -0.158370971679688 0.0084381103515625
-0.18426513671875 0.0391845703125 -0.077728271484375 0.0366363525390625
-0.199188232421875 0.0702056884765625 -0.0530509948730469 0.048095703125
-0.207077026367188 0.00892639160156248 -0.0331535339355469 0.068115234375
-0.197235107421875 -0.116317749023438 -0.0304794311523438 0.0723800659179687
-0.102523803710938 -0.23419189453125 -0.0908279418945313 0.068939208984375
0.149856567382812 -0.275924682617188 -0.13616943359375 0.0377273559570312
0.29534912109375 -0.193695068359375 -0.165374755859375 -0.015106201171875
0.407501220703125 -0.01556396484375 -0.103721618652344 -0.00373077392578126
0.389801025390625 0.09320068359375 0.1031494140625 -0.180694580078125
0.326171875 -0.0279541015625 0.15643310546875 -0.0440216064453125
0.279556274414062 -0.2091064453125 0.22283935546875 -0.068450927734375
0.05426025390625 -0.278656005859375 0.142990112304687 -0.18145751953125
-0.09759521484375 -0.223373413085938 0.0188140869140625 -0.193405151367188
-0.214736938476563 -0.072479248046875 -0.0974655151367188 -0.110954284667969
-0.2293701171875 0.037139892578125 -0.0865402221679688 -0.0201873779296875
-0.216033935546875 0.0293426513671875 -0.0137939453125 0.0101919174194336
-0.235092163085937 0.0664672851562501 0.0107955932617187 0.0221843719482422
-0.234207153320313 -0.000381469726562544 0.0310859680175781 0.0598869323730469
-0.213165283203125 -0.137252807617188 0.0251693725585937 0.073944091796875
-0.098236083984375 -0.248947143554688 -0.046844482421875 0.08294677734375
0.170974731445313 -0.269546508789063 -0.104881286621094 0.0494308471679687
0.305145263671875 -0.16204833984375 -0.102806091308594 -0.0334701538085938
0.3924560546875 0.028411865234375 0.0171833038330078 0.0111894607543945
0.308990478515625 0.1373291015625 0.236221313476563 -0.130523681640625
0.30078125 0.043121337890625 0.244674682617188 -0.0268402099609375
0.302703857421875 -0.141448974609375 0.244400024414063 -0.0352935791015625
0.1004638671875 -0.256423950195312 0.182937622070312 -0.127975463867188
-0.0640106201171875 -0.231521606445312 0.082611083984375 -0.149566650390625
-0.20513916015625 -0.0952301025390625 -0.0146636962890625 -0.102996826171875
-0.228286743164063 0.0168914794921875 -0.00574493408203127 -0.0463600158691406
-0.21551513671875 0.015533447265625 0.052398681640625 -0.0187835693359375
-0.23748779296875 0.0523834228515625 0.07830810546875 -0.00457763671875
-0.232147216796875 -0.0126495361328125 0.0962905883789062 0.049346923828125
-0.199752807617188 -0.147705078125 0.0782546997070312 0.0771102905273437
-0.0732879638671875 -0.243423461914063 -0.00701904296875 0.097564697265625
0.1884765625 -0.230300903320313 -0.0794601440429688 0.05902099609375
0.291046142578125 -0.10064697265625 -0.0439262390136718 -0.0492134094238281
0.33203125 0.079254150390625 0.128227233886719 0.0339584350585938
0.172332763671875 0.154022216796875 0.3331298828125 -0.07330322265625
0.21075439453125 0.100357055664063 0.30645751953125 -0.00213623046874999
0.258010864257813 -0.048248291015625 0.243118286132813 -0.0060882568359375
0.1195068359375 -0.181259155273438 0.199462890625 -0.0738677978515625
-0.0201873779296875 -0.191070556640625 0.124893188476563 -0.0984039306640625
-0.158615112304688 -0.0975189208984375 0.0584716796875 -0.0868453979492188
-0.189651489257813 -0.00502014160156247 0.0695533752441406 -0.065704345703125
-0.18194580078125 -0.00117492675781251 0.111869812011719 -0.0442886352539063
-0.206619262695313 0.0277862548828125 0.141677856445313 -0.0277099609375
-0.199981689453125 -0.0272674560546875 0.156753540039063 0.0447235107421875
-0.16107177734375 -0.145919799804688 0.122856140136719 0.0879669189453125
-0.0368804931640625 -0.214630126953125 0.0242538452148437 0.116348266601562
0.192779541015625 -0.165267944335938 -0.0612106323242187 0.0709457397460937
0.250244140625 -0.0212860107421875 0.00943374633789064 -0.0510673522949219
0.230422973632812 0.126022338867188 0.21551513671875 0.0716705322265625
0.00874328613281249 0.141647338867188 0.376495361328125 -0.02813720703125
0.081939697265625 0.130744934082031 0.3321533203125 0.01116943359375
0.159332275390625 0.0413055419921875 0.226058959960937 0.005218505859375
0.105415344238281 -0.0788116455078125 0.196151733398438 -0.0377044677734375
0.0191650390625 -0.114501953125 0.143585205078125 -0.0579071044921875
-0.0856781005859375 -0.0783462524414063 0.108901977539063 -0.0715408325195312
-0.120155334472656 -0.024078369140625 0.12353515625 -0.0787353515625
-0.119796752929688 -0.0181655883789062 0.154067993164063 -0.062774658203125
-0.14495849609375 -0.00169372558593751 0.192672729492187 -0.04205322265625
-0.140571594238281 -0.0375823974609375 0.204421997070313 0.0455169677734375
-0.103630065917969 -0.124366760253906 0.156600952148438 0.105926513671875
0.000457763671874995 -0.16009521484375 0.04425048828125 0.14141845703125
0.16912841796875 -0.0840301513671875 -0.0529632568359375 0.0864028930664063
0.174514770507813 0.05487060546875 0.0473747253417969 -0.0359954833984375
0.0974578857421875 0.152786254882813 0.265945434570313 0.119216918945313
0.0620956420898438 -0.133247375488281 -0.281005859375 -0.0943450927734375
-0.0787582397460937 -0.071136474609375 -0.0666923522949219 0.02734375
-0.08892822265625 0.020050048828125 0.0622482299804687 -0.0986480712890625
-0.0292816162109375 0.0686798095703125 -0.04144287109375 -0.18218994140625
0.026702880859375 0.0625686645507813 -0.162841796875 -0.13006591796875
0.0666122436523438 0.0285377502441406 -0.222518920898438 -0.025848388671875
0.0541343688964844 0.0200119018554688 -0.209762573242188 0.077911376953125
0.0416679382324219 0.0217933654785156 -0.156417846679688 0.085235595703125
0.0437812805175781 0.0305557250976563 -0.130584716796875 0.0904922485351563
0.0109519958496094 0.0511550903320313 -0.126853942871094 0.070068359375
-0.0444526672363281 0.0427932739257813 -0.132560729980469 0.0591812133789062
-0.0883941650390625 -0.0227279663085938 -0.17523193359375 0.0383148193359375
-0.04241943359375 -0.113311767578125 -0.217742919921875 -0.00556945800781248
0.0421905517578125 -0.146621704101563 -0.299224853515625 0.00979614257812503
0.13031005859375 -0.130020141601563 -0.36102294921875 0.01263427734375
0.201004028320313 -0.11627197265625 -0.252365112304688 -0.142776489257812
0.0326080322265625 -0.112190246582031 -0.0575790405273437 -0.000556945800781266
-0.0226593017578125 -0.0802230834960938 0.084716796875 -0.110687255859375
-0.0465888977050781 -0.0271873474121094 -0.02496337890625 -0.205657958984375
-0.0353965759277344 0.000141143798828133 -0.157424926757813 -0.161209106445313
-0.02069091796875 0.0261154174804687 -0.23333740234375 -0.04071044921875
-0.0292892456054688 0.0484046936035156 -0.214492797851563 0.071197509765625
-0.037689208984375 0.0398635864257813 -0.147964477539063 0.080108642578125
-0.0413627624511719 0.0528755187988281 -0.123298645019531 0.0862655639648438
-0.0678558349609375 0.0371284484863281 -0.113533020019531 0.0742340087890625
-0.0990676879882813 -0.0184402465820313 -0.111831665039062 0.0627593994140625
-0.0884017944335937 -0.109565734863281 -0.156036376953125 0.045166015625
0.03912353515625 -0.181427001953125 -0.191757202148437 0.0110626220703125
0.149383544921875 -0.175857543945313 -0.264724731445313 0.0161590576171874
0.258270263671875 -0.107711791992188 -0.302276611328125 0.00482177734374995
0.315093994140625 -0.074005126953125 -0.17462158203125 -0.178558349609375
0.152496337890625 -0.125900268554688 -0.0151290893554687 -0.0276775360107422
0.0672454833984375 -0.17181396484375 0.122283935546875 -0.115440368652344
-0.0451126098632813 -0.131217956542969 0.01251220703125 -0.220489501953125
-0.0876693725585938 -0.0754852294921875 -0.125808715820313 -0.188278198242188
-0.105400085449219 0.00963592529296877 -0.216720581054688 -0.06201171875
-0.110008239746094 0.0650558471679688 -0.19329833984375 0.0514068603515625
-0.111488342285156 0.0507431030273437 -0.11749267578125 0.064666748046875
-0.119300842285156 0.0719528198242188 -0.092132568359375 0.072845458984375
-0.13800048828125 0.030487060546875 -0.0768280029296875 0.0752487182617188
-0.152542114257812 -0.0626220703125 -0.0732955932617188 0.0701141357421875
-0.103073120117188 -0.172775268554687 -0.123886108398438 0.0606842041015625
0.088165283203125 -0.2392578125 -0.161026000976563 0.03143310546875
0.219573974609375 -0.201339721679687 -0.214370727539063 0.014404296875
0.345062255859375 -0.083770751953125 -0.209564208984375 0.00444030761718745
0.37811279296875 -0.01336669921875 -0.05743408203125 -0.190658569335938
0.252700805664063 -0.106689453125 0.0559425354003906 -0.0458908081054688
0.164901733398438 -0.2265625 0.168258666992187 -0.10650634765625
-0.0195770263671875 -0.220626831054688 0.065704345703125 -0.215225219726563
-0.116867065429688 -0.149246215820312 -0.0694427490234375 -0.1988525390625
-0.1724853515625 -0.016815185546875 -0.170761108398438 -0.082427978515625
-0.173812866210938 0.0674896240234375 -0.14776611328125 0.0222015380859375
-0.168807983398438 0.053680419921875 -0.0694007873535156 0.0401802062988281
-0.1781005859375 0.0841064453125 -0.0440330505371094 0.0507164001464844
-0.189666748046875 0.0279083251953125 -0.0244483947753906 0.0690231323242188
-0.193832397460938 -0.0893402099609375 -0.023345947265625 0.072235107421875
-0.117691040039063 -0.20892333984375 -0.0833892822265625 0.0744171142578125
0.11370849609375 -0.271728515625 -0.128730773925781 0.047027587890625
0.255844116210938 -0.207000732421875 -0.158798217773437 9.15527343749822E-05
0.3829345703125 -0.052490234375 -0.0986328125 0.00543975830078125
0.3746337890625 0.050323486328125 0.0788726806640625 -0.177719116210938
0.303802490234375 -0.054046630859375 0.142379760742188 -0.0508270263671875
0.243148803710938 -0.222732543945313 0.208328247070313 -0.083404541015625
0.0252685546875 -0.264312744140625 0.121658325195313 -0.185699462890625
-0.112503051757813 -0.20147705078125 0.00030517578124999 -0.18621826171875
-0.205551147460938 -0.047119140625 -0.101661682128906 -0.095245361328125
-0.209503173828125 0.057769775390625 -0.0825958251953125 -0.0108642578125
-0.199951171875 0.0485076904296875 -0.0111827850341797 0.00919246673583985
-0.211761474609375 0.0854034423828125 0.0135917663574219 0.0218353271484375
-0.216659545898438 0.0228729248046875 0.0355911254882812 0.0550727844238281
-0.21099853515625 -0.106842041015625 0.0287437438964844 0.0693511962890625
-0.115447998046875 -0.223419189453125 -0.0402984619140625 0.083892822265625
0.134078979492187 -0.269241333007813 -0.0983657836914063 0.05609130859375
0.269119262695313 -0.179168701171875 -0.102378845214844 -0.0223007202148438
0.3721923828125 -0.010833740234375 0.0166854858398438 0.00914382934570313
0.30352783203125 0.100341796875 0.20806884765625 -0.1436767578125
0.286590576171875 0.0147705078125 0.225753784179688 -0.04290771484375
0.27264404296875 -0.16180419921875 0.230804443359375 -0.0533905029296875
0.0706634521484375 -0.24908447265625 0.164306640625 -0.138534545898438
-0.0820159912109375 -0.212295532226562 0.0643157958984375 -0.150344848632813
-0.199478149414062 -0.0682525634765625 -0.0236434936523438 -0.095367431640625
-0.2109375 0.039581298828125 -0.010040283203125 -0.0427627563476563
-0.200347900390625 0.0361175537109375 0.0482025146484375 -0.0231590270996094
-0.216033935546875 0.072662353515625 0.0737228393554688 -0.00982666015625
-0.215988159179688 0.011199951171875 0.0955352783203125 0.0401840209960938
-0.201080322265625 -0.118240356445312 0.0786056518554687 0.0671157836914062
-0.092315673828125 -0.221145629882812 -0.001007080078125 0.0939712524414063
0.154693603515625 -0.234603881835938 -0.0733795166015625 0.0627365112304687
0.262405395507812 -0.119964599609375 -0.049530029296875 -0.0428657531738281
0.31939697265625 0.043121337890625 0.122238159179688 0.0201568603515625
0.176528930664063 0.128692626953125 0.304229736328125 -0.098876953125
0.207443237304687 0.076568603515625 0.28509521484375 -0.02655029296875
0.239654541015625 -0.0701751708984375 0.231826782226563 -0.025634765625
0.0956878662109375 -0.181106567382813 0.183624267578125 -0.088287353515625
-0.03741455078125 -0.17919921875 0.109176635742188 -0.105812072753906
-0.156692504882812 -0.0751495361328125 0.0465850830078125 -0.0869598388671875
-0.177719116210938 0.0158233642578125 0.0584869384765625 -0.0679702758789063
-0.170974731445313 0.0170440673828125 0.101570129394531 -0.0521163940429687
-0.190536499023438 0.04656982421875 0.131233215332031 -0.03692626953125
-0.18878173828125 -0.00491333007812504 0.151702880859375 0.0295562744140625
-0.16497802734375 -0.119888305664063 0.121902465820312 0.0730361938476562
-0.055206298828125 -0.1981201171875 0.0302810668945312 0.108230590820312
0.1651611328125 -0.174102783203125 -0.0548782348632812 0.0715789794921875
0.23211669921875 -0.0422821044921875 -6.48498535156111E-05 -0.0494346618652344
0.227890014648437 0.0966339111328125 0.2073974609375 0.0471954345703125
0.0211715698242188 0.133201599121094 0.349700927734375 -0.060150146484375
0.0895614624023438 0.115936279296875 0.311065673828125 -0.016632080078125
0.156143188476562 0.023101806640625 0.215103149414063 -0.01336669921875
0.0918350219726562 -0.0851516723632812 0.183563232421875 -0.0544281005859375
0.00669860839843751 -0.1103515625 0.130226135253906 -0.0691757202148438
-0.0878982543945312 -0.064666748046875 0.0957107543945313 -0.07769775390625
-0.115692138671875 -0.00880432128906252 0.107986450195313 -0.0850067138671875
-0.1156005859375 -0.00397491455078125 0.13909912109375 -0.0732498168945313
-0.136672973632813 0.0138168334960938 0.177017211914063 -0.05535888671875
-0.13525390625 -0.020721435546875 0.196136474609375 0.0261383056640625
-0.1104736328125 -0.1060791015625 0.154708862304688 0.0869140625
-0.0152587890625 -0.150619506835937 0.0522689819335938 0.129852294921875
0.15191650390625 -0.0958404541015625 -0.0455169677734375 0.0861663818359375
0.169601440429688 0.0360107421875 0.0369300842285156 -0.0394439697265625
0.105796813964844 0.134849548339844 0.259353637695313 0.087371826171875
0.04827880859375 -0.131271362304688 -0.27191162109375 -0.069976806640625
-0.0797576904296875 -0.0615463256835938 -0.0578651428222656 0.0322990417480469
-0.0829010009765625 0.0268096923828125 0.0546112060546875 -0.097991943359375
-0.0225028991699219 0.06927490234375 -0.0479278564453125 -0.17120361328125
0.0308265686035156 0.0585441589355469 -0.160064697265625 -0.114151000976563
0.0654220581054688 0.0204696655273437 -0.21221923828125 -0.012847900390625
0.0533638000488281 0.012054443359375 -0.192962646484375 0.0853118896484375
0.0408859252929688 0.016448974609375 -0.143112182617188 0.090118408203125
0.0427513122558594 0.0237007141113281 -0.117057800292969 0.0936279296875
0.014923095703125 0.0449867248535156 -0.115715026855469 0.0750274658203125
-0.0367622375488281 0.0434913635253906 -0.123420715332031 0.0651092529296875
-0.0850906372070313 -0.0139541625976562 -0.165695190429688 0.04815673828125
-0.0481185913085937 -0.103355407714844 -0.206771850585937 0.00671386718750004
0.029876708984375 -0.140396118164063 -0.281890869140625 0.025360107421875
0.113700866699219 -0.132720947265625 -0.338531494140625 0.0353088378906249
0.18035888671875 -0.125152587890625 -0.247756958007813 -0.116806030273438
0.02294921875 -0.107307434082031 -0.05169677734375 0.0064544677734375
-0.0277175903320313 -0.0725860595703125 0.07611083984375 -0.111297607421875
-0.04541015625 -0.0195236206054688 -0.03399658203125 -0.194610595703125
-0.0325107574462891 0.00380897521972657 -0.15753173828125 -0.143875122070312
-0.0154266357421875 0.0249671936035156 -0.222702026367188 -0.025665283203125
-0.0218124389648438 0.0455589294433594 -0.1971435546875 0.080322265625
-0.0325546264648437 0.0387649536132813 -0.134979248046875 0.0843505859375
-0.0349655151367187 0.0506248474121094 -0.110145568847656 0.0896072387695312
-0.058990478515625 0.037811279296875 -0.102775573730469 0.0782623291015625
-0.0917587280273438 -0.0109100341796875 -0.103622436523438 0.0674057006835937
-0.0906524658203125 -0.0961990356445313 -0.147247314453125 0.053619384765625
0.0240020751953125 -0.1724853515625 -0.18212890625 0.0213623046875
0.127700805664063 -0.1741943359375 -0.248886108398437 0.0296630859375
0.23590087890625 -0.12017822265625 -0.28460693359375 0.0242919921875
0.29119873046875 -0.091796875 -0.177642822265625 -0.155624389648437
0.135452270507813 -0.128074645996094 -0.0142955780029297 -0.0208320617675781
0.0508880615234375 -0.165725708007813 0.112335205078125 -0.117301940917969
-0.0510101318359375 -0.118438720703125 0.00065612792968751 -0.210723876953125
-0.08770751953125 -0.0644454956054688 -0.129531860351563 -0.171875
-0.0959243774414063 0.0156097412109375 -0.208221435546875 -0.0460357666015625
-0.0960540771484375 0.0675125122070312 -0.179046630859375 0.060638427734375
-0.101615905761719 0.0540618896484375 -0.106437683105469 0.067138671875
-0.105842590332031 0.0740127563476563 -0.0814971923828125 0.07525634765625
-0.124710083007812 0.0363006591796875 -0.0672760009765625 0.0770034790039063
-0.145584106445313 -0.0485687255859375 -0.06689453125 0.0721588134765625
-0.1080322265625 -0.154678344726562 -0.117057800292969 0.0669403076171875
0.066314697265625 -0.2303466796875 -0.152664184570313 0.0394134521484375
0.19232177734375 -0.2021484375 -0.202255249023438 0.0254974365234375
0.320068359375 -0.102935791015625 -0.197723388671875 0.01800537109375
0.355316162109375 -0.037994384765625 -0.0681915283203125 -0.175003051757813
0.231185913085938 -0.115142822265625 0.0513420104980469 -0.0418472290039063
0.140289306640625 -0.224929809570313 0.156723022460937 -0.112045288085938
-0.0327301025390625 -0.204620361328125 0.0514984130859375 -0.209136962890625
-0.119949340820313 -0.133155822753906 -0.0778350830078125 -0.185531616210938
-0.160263061523438 -0.00459289550781248 -0.165618896484375 -0.06787109375
-0.155975341796875 0.0751953125 -0.137191772460938 0.0303192138671875
-0.154754638671875 0.0617828369140625 -0.06243896484375 0.0406455993652344
-0.159942626953125 0.0907745361328125 -0.0369224548339844 0.0515937805175781
-0.173385620117188 0.03863525390625 -0.0177040100097656 0.0680198669433594
-0.18621826171875 -0.0703125 -0.0195999145507813 0.0711288452148438
-0.1243896484375 -0.188751220703125 -0.07769775390625 0.0776443481445312
0.0887298583984375 -0.263153076171875 -0.122047424316406 0.0530853271484375
0.226715087890625 -0.209304809570313 -0.151901245117187 0.00938415527343749
0.357177734375 -0.076324462890625 -0.0932235717773437 0.0121841430664062
0.356536865234375 0.021759033203125 0.060882568359375 -0.171432495117188
0.2828369140625 -0.06854248046875 0.131065368652344 -0.0516433715820313
0.215347290039062 -0.227020263671875 0.196258544921875 -0.09173583984375
0.00677490234375 -0.249603271484375 0.106491088867188 -0.185028076171875
-0.120040893554687 -0.182403564453125 -0.01153564453125 -0.177444458007812
-0.194473266601563 -0.0300140380859375 -0.101600646972656 -0.0835342407226563
-0.190704345703125 0.0694122314453125 -0.0788345336914063 -0.00435638427734373
-0.1846923828125 0.0591583251953125 -0.00924205780029298 0.00836658477783203
-0.191925048828125 0.0944671630859375 0.0159530639648437 0.02093505859375
-0.198806762695313 0.035980224609375 0.0379371643066406 0.0516281127929688
-0.2042236328125 -0.0850677490234375 0.0298728942871094 0.0656967163085938
-0.123321533203125 -0.201751708984375 -0.0364151000976563 0.0837173461914063
0.108749389648438 -0.262344360351563 -0.0928115844726563 0.0600509643554688
0.240859985351562 -0.184127807617187 -0.100906372070312 -0.0149688720703125
0.3505859375 -0.03533935546875 0.014704704284668 0.00794696807861328
0.2923583984375 0.07525634765625 0.185256958007813 -0.147994995117188
0.271270751953125 -0.0022430419921875 0.208999633789063 -0.050048828125
0.2471923828125 -0.171554565429688 0.21893310546875 -0.0638580322265625
0.04998779296875 -0.23870849609375 0.149093627929688 -0.143035888671875
-0.092254638671875 -0.195755004882812 0.0510101318359375 -0.1483154296875
-0.190170288085937 -0.05059814453125 -0.0283889770507813 -0.088165283203125
-0.193435668945313 0.0536346435546875 -0.0122337341308594 -0.0394248962402344
-0.186737060546875 0.048095703125 0.0445938110351562 -0.0258712768554687
-0.19683837890625 0.0834503173828125 0.0708160400390625 -0.0120620727539062
-0.199920654296875 0.0256805419921875 0.0933380126953125 0.03350830078125
-0.196746826171875 -0.0960540771484375 0.0773468017578125 0.0603790283203125
-0.102188110351563 -0.200973510742188 0.00170135498046874 0.090545654296875
0.130325317382813 -0.231414794921875 -0.068878173828125 0.0650863647460938
0.238327026367188 -0.128326416015625 -0.0524063110351562 -0.03692626953125
0.305023193359375 0.01922607421875 0.115623474121094 0.0120010375976563
0.174530029296875 0.111129760742187 0.2791748046875 -0.112380981445313
0.201141357421875 0.0608978271484375 0.265701293945313 -0.0392303466796875
0.222900390625 -0.0825347900390625 0.2203369140625 -0.037139892578125
0.07830810546875 -0.177200317382813 0.170150756835938 -0.0964813232421875
-0.0478363037109375 -0.16741943359375 0.0970916748046875 -0.108741760253906
-0.151519775390625 -0.0594329833984375 0.0377960205078125 -0.0845794677734375
-0.164596557617187 0.029388427734375 0.0503387451171875 -0.0677261352539063
-0.160903930664063 0.02935791015625 0.092803955078125 -0.056427001953125
-0.175155639648438 0.0582427978515625 0.122756958007812 -0.041778564453125
-0.176437377929688 0.00946044921874998 0.145309448242188 0.0203399658203125
-0.164169311523437 -0.1007080078125 0.118064880371094 0.0626449584960938
-0.06591796875 -0.182571411132812 0.0330886840820312 0.10205078125
0.144241333007813 -0.176223754882813 -0.0511016845703125 0.0722732543945312
0.21612548828125 -0.0531768798828125 -0.00713348388671873 -0.0468215942382813
0.221237182617188 0.076141357421875 0.197265625 0.031524658203125
0.0284805297851563 0.125572204589844 0.324188232421875 -0.079010009765625
0.0924530029296875 0.104560852050781 0.290679931640625 -0.0325927734375
0.149948120117188 0.010162353515625 0.20367431640625 -0.0237274169921875
0.08062744140625 -0.0869064331054688 0.171783447265625 -0.0634307861328125
-0.002197265625 -0.106491088867188 0.119583129882812 -0.0750656127929687
-0.0871124267578125 -0.0543289184570312 0.0842742919921875 -0.0797500610351563
-0.109283447265625 0.00228118896484376 0.0952987670898438 -0.0871505737304687
-0.109718322753906 0.00566101074218749 0.126548767089844 -0.0786819458007813
-0.127838134765625 0.0244216918945313 0.16510009765625 -0.061737060546875
-0.128700256347656 -0.00843048095703123 0.187484741210938 0.014129638671875
-0.11248779296875 -0.0913467407226563 0.150054931640625 0.0738983154296875
-0.0258331298828125 -0.141952514648438 0.0556106567382813 0.120246887207031
0.137809753417969 -0.102401733398437 -0.04107666015625 0.0854721069335938
0.1636962890625 0.023712158203125 0.0285415649414063 -0.0398750305175781
0.108589172363281 0.119712829589844 0.248947143554688 0.0660400390625
0.0379486083984375 -0.130592346191406 -0.2652587890625 -0.0529937744140625
-0.080535888671875 -0.054931640625 -0.0503311157226563 0.0352706909179688
-0.0785369873046875 0.031829833984375 0.0502777099609375 -0.0985488891601563
-0.0172920227050781 0.0699043273925781 -0.0524139404296875 -0.164779663085938
0.0346908569335938 0.0557289123535156 -0.158294677734375 -0.104598999023437
0.0652542114257813 0.0147628784179688 -0.20526123046875 -0.00465393066406252
0.0522651672363281 0.00575637817382813 -0.181716918945313 0.0908966064453125
0.0402755737304687 0.0123710632324219 -0.134300231933594 0.0928115844726563
0.0418357849121094 0.0186424255371094 -0.108673095703125 0.0959930419921875
0.01727294921875 0.0399703979492187 -0.108436584472656 0.0788116455078125
-0.0311737060546875 0.0426177978515625 -0.118339538574219 0.0703125
-0.0825576782226562 -0.007415771484375 -0.159744262695312 0.0555267333984375
-0.0518875122070313 -0.0957717895507813 -0.199737548828125 0.0140533447265625
0.0208663940429688 -0.136833190917969 -0.269851684570313 0.034637451171875
0.101722717285156 -0.134857177734375 -0.323699951171875 0.0502319335937501
0.166259765625 -0.131118774414063 -0.245468139648438 -0.0983734130859375
0.0158462524414062 -0.103736877441406 -0.0462799072265625 0.0114860534667969
-0.0305595397949219 -0.0671730041503906 0.0710067749023437 -0.112396240234375
-0.0437850952148438 -0.0144729614257813 -0.0402679443359375 -0.188446044921875
-0.0295486450195313 0.00617027282714844 -0.158172607421875 -0.133132934570313
-0.0110797882080078 0.0230026245117188 -0.215866088867188 -0.016448974609375
-0.01690673828125 0.0422897338867188 -0.185760498046875 0.0858612060546875
-0.02886962890625 0.0375823974609375 -0.126693725585938 0.0869979858398437
-0.0306472778320313 0.0487518310546875 -0.101898193359375 0.0914688110351562
-0.0532302856445312 0.036407470703125 -0.0953521728515625 0.0805816650390625
-0.0864410400390625 -0.00614929199218749 -0.0989227294921875 0.0713577270507813
-0.0914077758789063 -0.086761474609375 -0.143157958984375 0.060272216796875
0.01470947265625 -0.1658935546875 -0.175827026367188 0.0275115966796875
0.113616943359375 -0.172882080078125 -0.239227294921875 0.037750244140625
0.221145629882813 -0.128448486328125 -0.272933959960938 0.0372161865234375
0.274765014648437 -0.10491943359375 -0.180084228515625 -0.139572143554687
0.123893737792969 -0.12872314453125 -0.0122299194335937 -0.0153980255126953
0.0402069091796875 -0.16180419921875 0.106063842773437 -0.120651245117188
-0.0542449951171875 -0.109321594238281 -0.00697326660156252 -0.206008911132813
-0.0867080688476563 -0.0561981201171875 -0.133056640625 -0.161117553710938
-0.08892822265625 0.0193710327148438 -0.2030029296875 -0.0361785888671875
-0.0864105224609375 0.068328857421875 -0.169204711914063 0.0664215087890625
-0.094329833984375 0.0566482543945312 -0.100051879882812 0.0684661865234375
-0.0970687866210938 0.0754318237304688 -0.0742416381835938 0.0769195556640625
-0.115234375 0.039459228515625 -0.0609207153320313 0.0785293579101563
-0.139579772949219 -0.0389556884765625 -0.0627899169921875 0.0743865966796875
-0.111236572265625 -0.142501831054687 -0.113182067871094 0.0723800659179688
0.052459716796875 -0.2239990234375 -0.148025512695313 0.04486083984375
0.174636840820313 -0.201858520507813 -0.195220947265625 0.0327148437499999
0.30340576171875 -0.115631103515625 -0.190200805664062 0.0277557373046875
0.340118408203125 -0.0556640625 -0.0758361816406249 -0.1634521484375
0.217697143554688 -0.120773315429687 0.0492630004882813 -0.0379295349121094
0.122940063476562 -0.223709106445313 0.15032958984375 -0.117507934570313
-0.0417022705078125 -0.193450927734375 0.0418701171875 -0.206741333007813
-0.122756958007813 -0.121253967285156 -0.08392333984375 -0.177444458007812
-0.151657104492188 0.00321960449218747 -0.16290283203125 -0.0582275390625
-0.143173217773438 0.079986572265625 -0.130630493164063 0.03594970703125
-0.145492553710938 0.0668792724609375 -0.0584297180175781 0.04107666015625
-0.147872924804688 0.09466552734375 -0.0322189331054688 0.0524330139160156
-0.16168212890625 0.04443359375 -0.0133705139160156 0.0675086975097656
-0.180465698242188 -0.057586669921875 -0.0172271728515625 0.0716171264648438
-0.12884521484375 -0.1744384765625 -0.0746078491210938 0.0810394287109375
0.0724639892578125 -0.256683349609375 -0.118217468261719 0.0572357177734375
0.207107543945313 -0.210189819335938 -0.147689819335938 0.0153350830078125
0.34161376953125 -0.091461181640625 -0.0896148681640625 0.0169754028320312
0.344390869140625 0.003082275390625 0.04833984375 -0.167022705078125
0.2694091796875 -0.077606201171875 0.124404907226563 -0.0511245727539063
0.196029663085938 -0.230209350585938 0.189208984375 -0.099395751953125
-0.00544738769531252 -0.239822387695313 0.0965728759765625 -0.185791015625
-0.125732421875 -0.169723510742188 -0.0196533203125 -0.172607421875
-0.185623168945313 -0.01959228515625 -0.101814270019531 -0.0759963989257813
-0.176528930664062 0.077178955078125 -0.07611083984375 -0.000846862792968758
-0.174407958984375 0.0663604736328125 -0.00870180130004884 0.00757074356079102
-0.177581787109375 0.100067138671875 0.0179195404052734 0.0205173492431641
-0.186187744140625 0.0446014404296875 0.0398902893066406 0.0490875244140625
-0.199432373046875 -0.0700531005859374 0.030059814453125 0.0631599426269531
-0.128646850585938 -0.188034057617188 -0.0343399047851563 0.0847320556640625
0.0910797119140625 -0.257400512695313 -0.0897598266601562 0.0634613037109375
0.221893310546875 -0.186660766601563 -0.100257873535156 -0.00954437255859375
0.337066650390625 -0.051513671875 0.0142526626586914 0.00765037536621093
0.2855224609375 0.058013916015625 0.169174194335938 -0.150238037109375
0.262069702148438 -0.01318359375 0.198379516601563 -0.05328369140625
0.230575561523438 -0.17889404296875 0.212081909179688 -0.072357177734375
0.0368804931640625 -0.232131958007813 0.139404296875 -0.146392822265625
-0.0993804931640625 -0.184173583984375 0.04290771484375 -0.14752197265625
-0.183517456054688 -0.0388031005859375 -0.0318145751953125 -0.083740234375
-0.180130004882813 0.062744140625 -0.0140953063964844 -0.0369529724121094
-0.177047729492188 0.056640625 0.0419158935546875 -0.0282020568847656
-0.183517456054688 0.0910491943359375 0.0695915222167969 -0.0140266418457031
-0.188858032226562 0.035858154296875 0.0928115844726562 0.0292816162109375
-0.193618774414063 -0.0808563232421875 0.0754623413085938 0.0562286376953125
-0.10845947265625 -0.188247680664062 0.00341033935546873 0.0891647338867187
0.113845825195313 -0.230255126953125 -0.0663566589355469 0.0676193237304688
0.2232666015625 -0.133773803710937 -0.0552215576171875 -0.0330924987792969
0.29473876953125 0.00372314453125 0.111190795898438 0.00634002685546875
0.174285888671875 0.0987396240234375 0.2618408203125 -0.12060546875
0.197860717773438 0.050537109375 0.252670288085938 -0.0464935302734375
0.212509155273438 -0.0922698974609375 0.213653564453125 -0.04498291015625
0.06634521484375 -0.174514770507813 0.16156005859375 -0.102020263671875
-0.0560760498046875 -0.159530639648438 0.088714599609375 -0.111404418945313
-0.14794921875 -0.048858642578125 0.03179931640625 -0.0834732055664062
-0.154678344726563 0.038543701171875 0.0444450378417969 -0.0674552917480469
-0.153213500976563 0.0378875732421875 0.0867538452148437 -0.0600662231445313
-0.16436767578125 0.0661773681640625 0.118324279785156 -0.0448150634765625
-0.167327880859375 0.0192108154296875 0.141937255859375 0.014129638671875
-0.16363525390625 -0.0868072509765625 0.115013122558594 0.05609130859375
-0.073638916015625 -0.172576904296875 0.03448486328125 0.0986557006835937
0.1304931640625 -0.177749633789063 -0.048095703125 0.0740966796875
0.206100463867188 -0.061004638671875 -0.012298583984375 -0.0447196960449219
0.217361450195313 0.0623321533203125 0.190414428710938 0.0211944580078125
0.0341796875 0.120277404785156 0.30694580078125 -0.09112548828125
0.0951309204101562 0.0973281860351563 0.2767333984375 -0.041900634765625
0.146163940429688 0.0005340576171875 0.197357177734375 -0.0305328369140625
0.072601318359375 -0.0883255004882812 0.1649169921875 -0.069854736328125
-0.0087432861328125 -0.103561401367188 0.112991333007813 -0.0796127319335938
-0.0867691040039063 -0.0472564697265625 0.076446533203125 -0.0813140869140625
-0.104324340820312 0.0100631713867188 0.0865631103515625 -0.0886764526367188
-0.106361389160156 0.0132675170898437 0.118240356445313 -0.0824432373046875
-0.121658325195313 0.0318756103515625 0.157089233398438 -0.066375732421875
-0.123725891113281 -9.1552734374994E-05 0.182159423828125 0.005889892578125
-0.114540100097656 -0.0806427001953125 0.146774291992188 0.065643310546875
-0.0323562622070313 -0.135421752929688 0.0575332641601563 0.115127563476562
0.128181457519531 -0.106941223144531 -0.03839111328125 0.0861434936523438
0.159759521484375 0.01495361328125 0.0214805603027344 -0.0403556823730469
0.109970092773438 0.110641479492188 0.241546630859375 0.0518798828125
0.0281906127929687 -0.131370544433594 -0.264083862304688 -0.03521728515625
-0.0829315185546875 -0.0488128662109375 -0.0441246032714844 0.0385360717773438
-0.0747833251953125 0.0371551513671875 0.046142578125 -0.101020812988281
-0.011627197265625 0.0713653564453125 -0.0595703125 -0.162094116210938
0.0391273498535156 0.05352783203125 -0.160614013671875 -0.0968170166015625
0.0660285949707031 0.00845718383789063 -0.203659057617188 0.00433349609374998
0.0518302917480469 -0.00035858154296875 -0.174163818359375 0.0982666015625
0.0403900146484375 0.00809097290039063 -0.128105163574219 0.0988998413085938
0.0416908264160156 0.0148239135742188 -0.101730346679687 0.100997924804688
0.0203132629394531 0.0363044738769531 -0.102882385253906 0.0842056274414063
-0.0265426635742188 0.0430221557617187 -0.1142578125 0.0776138305664062
-0.08172607421875 -0.00155639648437499 -0.156204223632812 0.0649871826171875
-0.05731201171875 -0.0903854370117188 -0.197235107421875 0.0218963623046875
0.0124053955078125 -0.135581970214844 -0.264541625976563 0.0459136962890625
0.0926437377929688 -0.139610290527344 -0.315673828125 0.067291259765625
0.1546630859375 -0.1397705078125 -0.248062133789063 -0.0814971923828125
0.00940704345703126 -0.101943969726563 -0.0413131713867188 0.0166893005371094
-0.0340347290039062 -0.0635299682617188 0.0663070678710938 -0.116569519042969
-0.0423088073730469 -0.00964355468750001 -0.0481414794921875 -0.186111450195313
-0.0268077850341797 0.00924873352050781 -0.162628173828125 -0.1246337890625
-0.00731468200683593 0.0218029022216797 -0.2147216796875 -0.00582885742187503
-0.0132026672363281 0.0402908325195313 -0.17864990234375 0.0940093994140625
-0.0260162353515625 0.03729248046875 -0.121322631835937 0.092742919921875
-0.0266876220703125 0.0480232238769531 -0.0954208374023438 0.0967483520507813
-0.0485305786132812 0.0366477966308594 -0.0899734497070313 0.0858154296875
-0.0826416015625 -0.00209808349609375 -0.0952682495117187 0.0778732299804688
-0.0945358276367188 -0.0793075561523437 -0.140472412109375 0.0691909790039063
0.00454711914062499 -0.162628173828125 -0.173721313476563 0.0348052978515625
0.101593017578125 -0.1749267578125 -0.234115600585938 0.04840087890625
0.210952758789063 -0.139328002929688 -0.266799926757813 0.0526733398437499
0.263748168945312 -0.1207275390625 -0.186248779296875 -0.125381469726563
0.115081787109375 -0.1322021484375 -0.00931072235107421 -0.0105857849121094
0.0301055908203125 -0.160797119140625 0.101325988769531 -0.12713623046875
-0.0587310791015625 -0.1025390625 -0.016754150390625 -0.205245971679688
-0.0877761840820313 -0.0495681762695313 -0.140090942382813 -0.153366088867188
-0.0835342407226562 0.0225982666015625 -0.201934814453125 -0.0257110595703125
-0.0791473388671875 0.0699920654296875 -0.162857055664062 0.0743865966796875
-0.0887374877929688 0.060577392578125 -0.095794677734375 0.0729141235351563
-0.0901031494140625 0.078094482421875 -0.0688247680664063 0.0805740356445313
-0.108917236328125 0.042572021484375 -0.0555038452148438 0.0814971923828125
-0.137260437011719 -0.0308914184570312 -0.0595245361328125 0.0789718627929688
-0.116401672363281 -0.133338928222656 -0.111061096191406 0.079833984375
0.0391387939453125 -0.222457885742188 -0.14617919921875 0.051544189453125
0.160308837890625 -0.206787109375 -0.192153930664063 0.041534423828125
0.292388916015625 -0.13104248046875 -0.185623168945312 0.038421630859375
0.33111572265625 -0.07562255859375 -0.0850982666015625 -0.155120849609375
0.207916259765625 -0.129837036132813 0.0481529235839844 -0.0356101989746094
0.1082763671875 -0.227584838867188 0.144927978515625 -0.126541137695313
-0.0507354736328125 -0.18646240234375 0.0330352783203125 -0.208984375
-0.127197265625 -0.111526489257813 -0.0927276611328125 -0.172317504882813
-0.146286010742188 0.0109710693359375 -0.163604736328125 -0.0493011474609375
-0.133026123046875 0.0852432250976563 -0.127059936523438 0.0423965454101563
-0.138641357421875 0.0741653442382812 -0.0556831359863281 0.0429649353027344
-0.13909912109375 0.100547790527344 -0.0275497436523438 0.0543365478515625
-0.153762817382813 0.051055908203125 -0.00862884521484376 0.0683822631835938
-0.178970336914063 -0.0460052490234375 -0.0148162841796875 0.073394775390625
-0.13592529296875 -0.163970947265625 -0.07269287109375 0.08673095703125
0.056884765625 -0.2564697265625 -0.115272521972656 0.0631484985351562
0.191665649414063 -0.216827392578125 -0.146530151367187 0.0222625732421875
0.331878662109375 -0.109039306640625 -0.0875473022460938 0.0224761962890625
0.339569091796875 -0.0169677734375 0.0368804931640625 -0.165771484375
0.26202392578125 -0.0897674560546875 0.121009826660156 -0.0519866943359375
0.18017578125 -0.238357543945312 0.184600830078125 -0.10992431640625
-0.0183563232421875 -0.234161376953125 0.087371826171875 -0.1907958984375
-0.13409423828125 -0.159088134765625 -0.029052734375 -0.171676635742188
-0.181411743164062 -0.00923156738281252 -0.104660034179688 -0.0692672729492187
-0.166488647460938 0.085662841796875 -0.0753707885742188 0.00341796875000001
-0.1671142578125 0.076019287109375 -0.00832557678222657 0.00648307800292969
-0.16766357421875 0.10888671875 0.0204563140869141 0.0196952819824219
-0.178237915039063 0.0535888671875 0.0428924560546875 0.0479545593261719
-0.198684692382813 -0.056182861328125 0.0313987731933594 0.0630874633789063
-0.137039184570313 -0.176803588867187 -0.0319671630859375 0.088409423828125
0.0755157470703125 -0.258804321289063 -0.0870742797851563 0.0686569213867188
0.20806884765625 -0.194290161132813 -0.101577758789062 -0.00417327880859376
0.32977294921875 -0.0694580078125 0.0143203735351563 0.00755214691162109
0.2847900390625 0.04095458984375 0.156600952148438 -0.15545654296875
0.257781982421875 -0.0254364013671875 0.192108154296875 -0.0585479736328125
0.217514038085938 -0.19024658203125 0.207687377929687 -0.0830841064453125
0.02362060546875 -0.229690551757812 0.131256103515625 -0.1536865234375
-0.109344482421875 -0.175796508789063 0.033447265625 -0.149612426757813
-0.180831909179688 -0.0279083251953125 -0.035888671875 -0.0806350708007813
-0.171463012695312 0.072357177734375 -0.0161552429199219 -0.0350608825683594
-0.17041015625 0.0670013427734375 0.0393714904785156 -0.0310707092285156
-0.173721313476563 0.100494384765625 0.069366455078125 -0.0168800354003906
-0.180831909179687 0.046173095703125 0.0938720703125 0.025421142578125
-0.194229125976563 -0.0662841796875 0.0760345458984375 0.0534896850585937
-0.117889404296875 -0.178543090820313 0.00568389892578125 0.090484619140625
0.0991668701171875 -0.232803344726563 -0.0637359619140625 0.0721817016601562
0.21258544921875 -0.143051147460938 -0.0586433410644531 -0.0290565490722656
0.2908935546875 -0.013214111328125 0.10906982421875 0.000572204589843749
0.177688598632813 0.0883026123046875 0.248565673828125 -0.1322021484375
0.198501586914063 0.0406951904296875 0.245758056640625 -0.05462646484375
0.20501708984375 -0.104751586914063 0.2109375 -0.0554656982421875
0.055938720703125 -0.175369262695313 0.1552734375 -0.110641479492188
-0.0656585693359375 -0.154586791992188 0.0814361572265625 -0.11688232421875
-0.147933959960938 -0.04010009765625 0.0265960693359375 -0.0835418701171875
-0.147781372070313 0.0482940673828125 0.0392532348632812 -0.0682868957519531
-0.148117065429688 0.047943115234375 0.0819625854492187 -0.0644912719726563
-0.157363891601563 0.0762939453125 0.115631103515625 -0.0500411987304687
-0.1619873046875 0.0293426513671875 0.141845703125 0.0076751708984375
-0.166488647460937 -0.0739898681640625 0.115333557128906 0.051666259765625
-0.08251953125 -0.166000366210937 0.037261962890625 0.0974273681640625
0.118804931640625 -0.183929443359375 -0.045562744140625 0.078277587890625
0.200607299804688 -0.0709228515625 -0.0172348022460937 -0.0426292419433594
0.217361450195313 0.0495758056640625 0.188400268554688 0.010467529296875
0.0414505004882813 0.11724853515625 0.295623779296875 -0.105316162109375
0.100204467773437 0.0912933349609375 0.2684326171875 -0.0531158447265625
0.1456298828125 -0.0098419189453125 0.195236206054688 -0.0384368896484375
0.06591796875 -0.0912551879882813 0.1602783203125 -0.078521728515625
-0.0160369873046875 -0.101921081542969 0.107215881347656 -0.086944580078125
-0.0886993408203125 -0.040863037109375 0.0707626342773438 -0.0837860107421875
-0.100471496582031 0.0184326171875 0.0797271728515625 -0.091644287109375
-0.10369873046875 0.0210723876953125 0.112052917480469 -0.0886459350585938
-0.1180419921875 0.040069580078125 0.152694702148438 -0.074554443359375
-0.121772766113281 0.00799560546875 0.180343627929687 -0.0025634765625
-0.118675231933594 -0.0714950561523438 0.14715576171875 0.0591583251953125
-0.0409774780273438 -0.132064819335938 0.061187744140625 0.112373352050781
0.120452880859375 -0.1143798828125 -0.0352706909179687 0.088897705078125
0.159255981445313 0.0064849853515625 0.0158233642578125 -0.040313720703125
0.115432739257813 0.103462219238281 0.239990234375 0.0374298095703125
0.0156631469726562 -0.133331298828125 -0.263580322265625 -0.0127868652343751
-0.0868682861328125 -0.0411148071289062 -0.037109375 0.0427742004394531
-0.0702590942382813 0.0436248779296875 0.0397109985351562 -0.105728149414062
-0.00355529785156249 0.0727005004882813 -0.0700225830078125 -0.158279418945313
0.0459442138671875 0.0497512817382813 -0.165802001953125 -0.0857696533203125
0.0668182373046875 0.000469207763671875 -0.202911376953125 0.0174560546875
0.0503501892089844 -0.00739669799804688 -0.165603637695312 0.110870361328125
0.0402297973632813 0.003265380859375 -0.119743347167969 0.1092529296875
0.0421600341796875 0.0095367431640625 -0.09295654296875 0.109359741210938
0.0226173400878906 0.0321903228759766 -0.0957260131835938 0.0926513671875
-0.021087646484375 0.0434074401855469 -0.10845947265625 0.0878677368164062
-0.080352783203125 0.00690460205078123 -0.15203857421875 0.0782318115234375
-0.0642776489257813 -0.083648681640625 -0.195541381835938 0.0340118408203125
0.00147247314453125 -0.135414123535156 -0.259658813476563 0.0628204345703125
0.0800933837890625 -0.14642333984375 -0.3057861328125 0.092041015625
0.140090942382813 -0.151962280273438 -0.251052856445313 -0.0589752197265625
0.001251220703125 -0.101089477539063 -0.035491943359375 0.0212936401367187
-0.0389442443847656 -0.0593147277832031 0.05841064453125 -0.123138427734375
-0.0409088134765625 -0.00462722778320313 -0.06072998046875 -0.1829833984375
-0.02349853515625 0.0121421813964844 -0.170455932617188 -0.112762451171875
-0.00407218933105469 0.0198554992675781 -0.213424682617188 0.00932312011718748
-0.00931930541992188 0.03778076171875 -0.169967651367188 0.107131958007813
-0.0224075317382813 0.0372085571289063 -0.113670349121094 0.1016845703125
-0.0228195190429687 0.0481300354003906 -0.0871505737304688 0.104347229003906
-0.044158935546875 0.0372123718261719 -0.082183837890625 0.092681884765625
-0.0799484252929687 0.00311279296874999 -0.0895233154296875 0.086700439453125
-0.0987777709960937 -0.0695877075195313 -0.136528015136719 0.0819931030273438
-0.00831604003906251 -0.16046142578125 -0.1717529296875 0.0459442138671875
0.0870513916015625 -0.179397583007813 -0.2296142578125 0.063446044921875
0.197113037109375 -0.1553955078125 -0.25921630859375 0.0735626220703124
0.25042724609375 -0.141815185546875 -0.194732666015625 -0.106597900390625
0.10321044921875 -0.139060974121094 -0.0064249038696289 -0.00665760040283204
0.016082763671875 -0.161834716796875 0.0925140380859375 -0.136917114257813
-0.0645217895507813 -0.09515380859375 -0.03125 -0.204483032226563
-0.08935546875 -0.0406417846679687 -0.1507568359375 -0.143157958984375
-0.0783920288085938 0.0272598266601563 -0.202392578125 -0.0110321044921875
-0.0706634521484375 0.072845458984375 -0.155364990234375 0.0863494873046875
-0.0832061767578125 0.0653533935546875 -0.0901412963867188 0.0794677734375
-0.0821609497070312 0.0830154418945313 -0.0609664916992188 0.0861968994140625
-0.102645874023438 0.0484619140625 -0.048431396484375 0.0865631103515625
-0.135734558105469 -0.0204010009765625 -0.0543670654296875 0.0852203369140625
-0.125411987304688 -0.122459411621094 -0.106712341308594 0.0906143188476562
0.0212860107421875 -0.22235107421875 -0.142868041992188 0.061492919921875
0.142257690429688 -0.21575927734375 -0.188751220703125 0.054534912109375
0.279754638671875 -0.15399169921875 -0.180755615234375 0.053436279296875
0.3211669921875 -0.10186767578125 -0.097503662109375 -0.144500732421875
0.196380615234375 -0.143905639648438 0.0479011535644531 -0.0348854064941406
0.08807373046875 -0.234390258789062 0.136489868164063 -0.139007568359375
-0.063629150390625 -0.17950439453125 0.0177154541015625 -0.212234497070313
-0.134674072265625 -0.098907470703125 -0.105728149414062 -0.165008544921875
-0.141616821289062 0.02105712890625 -0.166000366210937 -0.0364990234375
-0.122550964355469 0.0933074951171875 -0.1224365234375 0.0523834228515625
-0.131210327148437 0.0833816528320313 -0.0528564453125 0.04620361328125
-0.127899169921875 0.109840393066406 -0.0217056274414063 0.0563545227050781
-0.146286010742188 0.06103515625 -0.00248336791992188 0.0693397521972656
-0.17767333984375 -0.0312957763671875 -0.0102462768554688 0.0768661499023438
-0.147140502929688 -0.151275634765625 -0.067901611328125 0.0953598022460937
0.0365753173828125 -0.257736206054687 -0.111701965332031 0.071868896484375
0.173355102539062 -0.227569580078125 -0.145721435546875 0.0332183837890625
0.319732666015625 -0.13507080078125 -0.0849533081054688 0.0300369262695312
0.3345947265625 -0.044281005859375 0.02178955078125 -0.164306640625
0.253387451171875 -0.10772705078125 0.1177978515625 -0.0569076538085938
0.159194946289062 -0.252212524414063 0.177154541015625 -0.1251220703125
-0.0355682373046875 -0.22943115234375 0.073974609375 -0.19818115234375
-0.145736694335938 -0.146102905273438 -0.0424346923828125 -0.169784545898438
-0.178131103515625 0.00445556640624999 -0.109237670898438 -0.0609512329101562
-0.154708862304688 0.0969390869140625 -0.0743789672851563 0.00998687744140626
-0.158294677734375 0.08856201171875 -0.00868844985961915 0.00661611557006836
-0.1551513671875 0.120773315429688 0.0235786437988281 0.0188770294189453
-0.169540405273438 0.0657958984375 0.0475845336914062 0.0457305908203125
-0.199203491210938 -0.038818359375 0.0353164672851562 0.0627937316894531
-0.14959716796875 -0.1640625 -0.0276718139648438 0.0934295654296875
0.05462646484375 -0.261627197265625 -0.0827865600585937 0.0760650634765625
0.191497802734375 -0.207809448242188 -0.10333251953125 0.00363922119140623
0.321563720703125 -0.095458984375 0.0151195526123047 0.00699615478515624
0.284759521484375 0.018280029296875 0.140243530273438 -0.164352416992187
0.254989624023438 -0.044281005859375 0.1866455078125 -0.06805419921875
0.200271606445313 -0.20751953125 0.201995849609375 -0.0996856689453125
0.0065460205078125 -0.228179931640625 0.12017822265625 -0.164108276367188
-0.12298583984375 -0.164993286132813 0.02142333984375 -0.153167724609375
-0.179855346679688 -0.013763427734375 -0.0419082641601563 -0.0770034790039063
-0.160720825195312 0.0850677490234375 -0.0190582275390625 -0.03277587890625
-0.162246704101563 0.0809173583984375 0.0357513427734375 -0.0345840454101562
-0.162246704101562 0.114212036132812 0.0690994262695312 -0.0217208862304687
-0.173202514648438 0.0596466064453125 0.0966949462890625 0.0191879272460938
-0.196456909179688 -0.04852294921875 0.0783615112304687 0.0494461059570313
-0.131240844726562 -0.167327880859375 0.0102767944335937 0.0925979614257813
0.079864501953125 -0.239898681640625 -0.0590057373046875 0.0781402587890625
0.200363159179688 -0.156494140625 -0.0633430480957031 -0.0238494873046875
0.2882080078125 -0.0360107421875 0.1083984375 -0.0076904296875
0.183273315429687 0.0738372802734375 0.234146118164063 -0.148651123046875
0.201339721679688 0.0256195068359375 0.238967895507813 -0.0685577392578125
0.194854736328125 -0.1217041015625 0.206985473632813 -0.0712432861328125
0.0416107177734375 -0.177719116210937 0.147018432617188 -0.1229248046875
-0.07879638671875 -0.14776611328125 0.0716094970703125 -0.124038696289063
-0.148651123046875 -0.0276336669921875 0.0198745727539062 -0.084442138671875
-0.140243530273437 0.0606765747070313 0.0331840515136719 -0.070220947265625
-0.14208984375 0.0606536865234375 0.0756378173828125 -0.0713958740234375
-0.147903442382813 0.0895538330078125 0.111854553222656 -0.0585479736328125
-0.156982421875 0.0422210693359375 0.142532348632813 -0.0019683837890625
-0.170639038085938 -0.0581207275390625 0.117439270019531 0.0444412231445312
-0.0959320068359375 -0.157562255859375 0.0430679321289062 0.0961837768554688
0.10302734375 -0.193511962890625 -0.0403594970703125 0.0826797485351562
0.193939208984375 -0.0855255126953125 -0.0238838195800781 -0.0404739379882813
0.220443725585938 0.0322723388671875 0.186737060546875 -0.0046844482421875
0.0511245727539063 0.113288879394531 0.282562255859375 -0.1265869140625
0.107589721679688 0.08331298828125 0.26171875 -0.0696258544921875
0.144577026367188 -0.0233154296875 0.192489624023438 -0.051605224609375
0.0576324462890625 -0.09619140625 0.1544189453125 -0.0909881591796875
-0.0261917114257812 -0.0997467041015625 0.0998077392578125 -0.09649658203125
-0.0911636352539063 -0.0323867797851562 0.063446044921875 -0.0882568359375
-0.0963668823242188 0.02734375 0.070709228515625 -0.0968017578125
-0.100830078125 0.0311813354492188 0.103713989257813 -0.0970458984375
-0.113006591796875 0.0512313842773438 0.146820068359375 -0.086029052734375
-0.119155883789062 0.0194091796875 0.179824829101562 -0.0155181884765625
-0.124214172363281 -0.0588455200195312 0.14984130859375 0.0492706298828125
-0.052001953125 -0.128150939941406 0.0683670043945313 0.1083984375
0.110877990722656 -0.125251770019531 -0.0295333862304688 0.0931549072265625
0.160415649414063 -0.0063934326171875 0.00917434692382814 -0.0408515930175781
0.12261962890625 0.0945281982421875 0.240005493164063 0.0181121826171875
0.000427246093749998 -0.131706237792969 -0.256240844726563 0.0150146484374999
-0.088836669921875 -0.03082275390625 -0.0279655456542969 0.0445976257324219
-0.0635452270507813 0.0501594543457031 0.0297317504882812 -0.108383178710938
0.00568389892578126 0.071502685546875 -0.0826416015625 -0.1497802734375
0.05267333984375 0.0431175231933594 -0.170028686523438 -0.0698394775390625
0.0654296875 -0.00870132446289063 -0.19708251953125 0.0351409912109375
0.0468063354492188 -0.0147590637207031 -0.150802612304688 0.123733520507813
0.038818359375 -0.0023345947265625 -0.106483459472656 0.119140625
0.0411376953125 0.00352859497070313 -0.0800628662109375 0.116767883300781
0.0252456665039063 0.0269718170166016 -0.0846405029296875 0.100685119628906
-0.0147285461425781 0.0428085327148437 -0.0983047485351563 0.0987777709960938
-0.0768890380859375 0.0165939331054688 -0.142333984375 0.092529296875
-0.0709991455078125 -0.0736160278320313 -0.190399169921875 0.0497894287109375
-0.0123519897460937 -0.131195068359375 -0.247314453125 0.084075927734375
0.0625457763671875 -0.151443481445313 -0.287322998046875 0.11920166015625
0.119522094726563 -0.162643432617188 -0.249099731445313 -0.030670166015625
-0.0089263916015625 -0.09747314453125 -0.0282764434814453 0.0253467559814453
-0.0434913635253906 -0.0531959533691406 0.04620361328125 -0.128074645996094
-0.0380706787109375 0.000408172607421883 -0.0762481689453125 -0.1749267578125
-0.0192031860351563 0.0142269134521484 -0.176971435546875 -0.0952606201171875
-0.000275611877441406 0.0169086456298828 -0.2078857421875 0.028106689453125
-0.00545501708984375 0.0343036651611328 -0.1551513671875 0.120925903320312
-0.0185050964355469 0.0370559692382812 -0.101783752441406 0.111183166503906
-0.0171699523925781 0.0472984313964844 -0.074127197265625 0.112060546875
-0.038787841796875 0.0382499694824219 -0.071197509765625 0.0996246337890625
-0.075469970703125 0.00958251953125 -0.0801544189453125 0.0960845947265625
-0.101844787597656 -0.05706787109375 -0.126670837402344 0.0956573486328125
-0.0233001708984375 -0.154342651367188 -0.165664672851563 0.059600830078125
0.067413330078125 -0.182708740234375 -0.218917846679688 0.082794189453125
0.175872802734375 -0.171768188476563 -0.243972778320313 0.097625732421875
0.228195190429688 -0.163421630859375 -0.19964599609375 -0.082305908203125
0.087371826171875 -0.145309448242188 -0.00297927856445312 -0.00365543365478517
-0.000167846679687491 -0.158828735351563 0.0784149169921875 -0.1453857421875
-0.0707015991210938 -0.0851287841796875 -0.0487060546875 -0.198944091796875
-0.0890960693359375 -0.0298919677734375 -0.161239624023438 -0.126220703125
-0.0712814331054688 0.0315628051757813 -0.1988525390625 0.00752258300781248
-0.0608062744140625 0.0751190185546875 -0.143447875976563 0.0996246337890625
-0.0740280151367188 0.0704879760742188 -0.0809402465820313 0.0866241455078125
-0.0707321166992188 0.087646484375 -0.0504074096679688 0.0913772583007813
-0.0939483642578125 0.0545120239257812 -0.0385971069335938 0.0902786254882813
-0.131584167480469 -0.00772094726562499 -0.045806884765625 0.0909576416015625
-0.133560180664063 -0.106185913085937 -0.097381591796875 0.102127075195313
-0.000427246093749979 -0.217514038085938 -0.135688781738281 0.0724258422851562
0.117889404296875 -0.2220458984375 -0.180633544921875 0.070343017578125
0.257278442382813 -0.178466796875 -0.169891357421875 0.0704803466796875
0.301605224609375 -0.132354736328125 -0.109489440917969 -0.127967834472656
0.17840576171875 -0.158203125 0.0472183227539063 -0.03558349609375
0.06201171875 -0.237442016601563 0.1207275390625 -0.15155029296875
-0.0784149169921875 -0.167083740234375 -0.00167846679687501 -0.2113037109375
-0.140228271484375 -0.0819549560546875 -0.119781494140625 -0.152450561523437
-0.133834838867188 0.0326766967773438 -0.165557861328125 -0.0202178955078125
-0.108230590820313 0.1005859375 -0.113815307617188 0.0629043579101563
-0.118705749511719 0.0932388305664062 -0.0479583740234375 0.0502815246582031
-0.111991882324219 0.118484497070313 -0.014495849609375 0.0580940246582031
-0.134033203125 0.0713882446289063 0.00533294677734375 0.0696868896484375
-0.173797607421875 -0.013458251953125 -0.00318908691406251 0.0790328979492188
-0.15753173828125 -0.13214111328125 -0.0596771240234375 0.103179931640625
0.010894775390625 -0.25469970703125 -0.103912353515625 0.0804824829101562
0.147171020507813 -0.237060546875 -0.140838623046875 0.04620361328125
0.299102783203125 -0.164031982421875 -0.078887939453125 0.037933349609375
0.3211669921875 -0.076202392578125 0.00398254394531253 -0.159744262695313
0.237442016601563 -0.128173828125 0.111656188964844 -0.0625686645507813
0.1292724609375 -0.261611938476563 0.16168212890625 -0.141311645507813
-0.0562286376953125 -0.21868896484375 0.05413818359375 -0.202468872070312
-0.156341552734375 -0.126693725585938 -0.05865478515625 -0.162918090820313
-0.171417236328125 0.02093505859375 -0.112052917480469 -0.04876708984375
-0.139183044433594 0.108123779296875 -0.0715408325195313 0.0178680419921875
-0.1453857421875 0.10198974609375 -0.0087118148803711 0.00712728500366212
-0.1376953125 0.132942199707031 0.0259838104248047 0.0165271759033203
-0.156478881835938 0.0795440673828125 0.0521202087402344 0.0411338806152344
-0.195755004882813 -0.0180816650390625 0.0396461486816406 0.0607414245605469
-0.16217041015625 -0.144515991210938 -0.0197067260742188 0.0976791381835937
0.027557373046875 -0.260940551757812 -0.0749664306640625 0.0822601318359375
0.166122436523438 -0.219635009765625 -0.103126525878906 0.0141677856445312
0.304595947265625 -0.12542724609375 0.0159578323364258 0.0055246353149414
0.279571533203125 -0.0106964111328125 0.119552612304688 -0.1708984375
0.24560546875 -0.066619873046875 0.176956176757813 -0.07940673828125
0.174468994140625 -0.2235107421875 0.188644409179688 -0.11749267578125
-0.0155487060546875 -0.22259521484375 0.102584838867187 -0.173690795898438
-0.13739013671875 -0.147445678710937 0.00526428222656249 -0.152755737304688
-0.175277709960937 0.00379943847656247 -0.0476417541503906 -0.0702095031738281
-0.145797729492187 0.0977783203125 -0.0221366882324219 -0.0296440124511719
-0.149703979492187 0.0951995849609375 0.0304985046386719 -0.0377388000488281
-0.144638061523438 0.127914428710938 0.0662384033203125 -0.0282402038574219
-0.1605224609375 0.0751495361328125 0.097625732421875 0.01031494140625
-0.194244384765625 -0.0263519287109375 0.0804290771484375 0.0437240600585938
-0.145065307617188 -0.149246215820313 0.0172348022460937 0.0923690795898437
0.054534912109375 -0.242156982421875 -0.0509262084960937 0.08306884765625
0.180282592773438 -0.171417236328125 -0.0669746398925781 -0.016876220703125
0.277740478515625 -0.063507080078125 0.104728698730469 -0.0180282592773438
0.186477661132813 0.053955078125 0.21087646484375 -0.1644287109375
0.2001953125 0.0062408447265625 0.226852416992188 -0.0851593017578125
0.17828369140625 -0.140029907226563 0.196502685546875 -0.0883636474609375
0.0234375 -0.177169799804688 0.1331787109375 -0.135307312011719
-0.092742919921875 -0.135330200195313 0.0568695068359375 -0.129158020019531
-0.147415161132813 -0.0117034912109375 0.0115737915039062 -0.0837326049804688
-0.128143310546875 0.0732192993164063 0.0250244140625 -0.0709075927734375
-0.132034301757813 0.0740280151367187 0.0654830932617187 -0.0770721435546875
-0.134208679199219 0.103721618652344 0.1048583984375 -0.068756103515625
-0.146820068359375 0.057525634765625 0.140182495117188 -0.0152053833007812
-0.171432495117188 -0.0375823974609375 0.117988586425781 0.0343704223632813
-0.110183715820313 -0.143356323242188 0.0492630004882812 0.0924758911132812
0.080810546875 -0.200057983398437 -0.0318450927734375 0.0863189697265625
0.181625366210937 -0.1024169921875 -0.0301055908203125 -0.0359954833984375
0.219039916992188 0.0098724365234375 0.181137084960938 -0.0227203369140625
0.0612411499023437 0.105628967285156 0.260482788085938 -0.148345947265625
0.113533020019531 0.0706024169921875 0.248321533203125 -0.0882568359375
0.138801574707031 -0.0394973754882813 0.1849365234375 -0.0669403076171875
0.0464859008789062 -0.0993423461914063 0.1429443359375 -0.10418701171875
-0.0374374389648438 -0.0943679809570312 0.087646484375 -0.105804443359375
-0.0928268432617187 -0.02154541015625 0.0531997680664062 -0.0919418334960938
-0.0895233154296875 0.0376129150390625 0.0591278076171875 -0.100898742675781
-0.0941390991210938 0.0419387817382813 0.0907211303710938 -0.105758666992188
-0.1038818359375 0.063873291015625 0.135246276855469 -0.0994186401367187
-0.113365173339844 0.0319290161132812 0.175521850585938 -0.0317535400390625
-0.127464294433594 -0.0429840087890625 0.150177001953125 0.035400390625
-0.0659332275390625 -0.119232177734375 0.0759201049804687 0.101158142089844
0.0952529907226563 -0.135185241699219 -0.0205078125 0.0952835083007812
0.157150268554688 -0.0229034423828125 0.00145339965820313 -0.0400619506835938
0.130012512207031 0.0803756713867188 0.2353515625 -0.00653076171875
-0.0146255493164062 -0.124351501464844 -0.238525390625 0.0397491455078125
-0.087158203125 -0.0198593139648438 -0.0186271667480469 0.0442237854003906
-0.0542984008789062 0.0547866821289063 0.0187759399414063 -0.106964111328125
0.0145149230957031 0.0679435729980469 -0.092315673828125 -0.135810852050781
0.0565872192382812 0.0342674255371094 -0.167404174804688 -0.0519866943359375
0.0610847473144531 -0.017822265625 -0.1849365234375 0.05035400390625
0.0404243469238281 -0.0209732055664063 -0.130813598632813 0.131317138671875
0.0355377197265625 -0.00742721557617188 -0.0882720947265625 0.123451232910156
0.038055419921875 -0.00232315063476563 -0.0629196166992187 0.119247436523438
0.0260658264160156 0.0204982757568359 -0.0703201293945313 0.104240417480469
-0.00870895385742188 0.0400886535644531 -0.0828857421875 0.104499816894531
-0.0696487426757813 0.02447509765625 -0.126380920410156 0.102859497070313
-0.0739059448242188 -0.0611495971679688 -0.177490234375 0.0635528564453125
-0.0254135131835938 -0.122001647949219 -0.226669311523438 0.101654052734375
0.0433349609375 -0.149993896484375 -0.257095336914062 0.140060424804688
0.094573974609375 -0.165267944335938 -0.236419677734375 -0.00286865234375001
-0.0179519653320312 -0.0900344848632812 -0.0206127166748047 0.0267906188964844
-0.0460777282714844 -0.0442886352539062 0.0317840576171875 -0.127388000488281
-0.0338554382324219 0.00508499145507812 -0.087982177734375 -0.160629272460938
-0.0137615203857422 0.0146999359130859 -0.17620849609375 -0.07464599609375
0.00183200836181641 0.01300048828125 -0.19537353515625 0.0452423095703125
-0.00313568115234375 0.0302581787109375 -0.134780883789063 0.128929138183594
-0.014617919921875 0.0354995727539063 -0.0851211547851563 0.115249633789062
-0.0118370056152344 0.0440444946289063 -0.0579605102539062 0.114028930664063
-0.0327415466308594 0.0373077392578125 -0.0573272705078125 0.102630615234375
-0.0688133239746094 0.0144767761230469 -0.0666885375976563 0.100669860839844
-0.100494384765625 -0.0427017211914063 -0.111953735351563 0.105209350585938
-0.036163330078125 -0.141647338867188 -0.153564453125 0.071075439453125
0.0458831787109375 -0.176971435546875 -0.200088500976562 0.0980377197265625
0.149261474609375 -0.180465698242188 -0.21881103515625 0.115280151367187
0.197341918945313 -0.177383422851562 -0.195358276367188 -0.0559234619140625
0.0682525634765625 -0.144546508789063 0.000753641128540043 -0.00203454494476319
-0.01715087890625 -0.148544311523438 0.060211181640625 -0.146697998046875
-0.0731048583984375 -0.0724029541015625 -0.0640106201171875 -0.18597412109375
-0.0847320556640625 -0.0192489624023438 -0.164382934570312 -0.105072021484375
-0.0627517700195313 0.0345497131347656 -0.187591552734375 0.0255584716796875
-0.0498428344726562 0.0742874145507813 -0.125724792480469 0.108367919921875
-0.0636367797851563 0.0725326538085938 -0.0682449340820312 0.0904922485351563
-0.0574722290039062 0.087799072265625 -0.037322998046875 0.09185791015625
-0.082489013671875 0.0583343505859375 -0.0268096923828125 0.0904464721679688
-0.123085021972656 0.00382232666015627 -0.0349197387695313 0.0931777954101563
-0.135299682617188 -0.0864944458007813 -0.0834426879882813 0.10919189453125
-0.0203857421875 -0.204315185546875 -0.124031066894531 0.0806350708007812
0.0907135009765625 -0.219207763671875 -0.165328979492188 0.08367919921875
0.225494384765625 -0.194564819335938 -0.151779174804688 0.08282470703125
0.269973754882813 -0.15423583984375 -0.115516662597656 -0.107757568359375
0.1536865234375 -0.16571044921875 0.0442924499511719 -0.035186767578125
0.033966064453125 -0.22998046875 0.0998992919921875 -0.156539916992188
-0.0889892578125 -0.149139404296875 -0.0210418701171875 -0.201492309570313
-0.138496398925781 -0.062835693359375 -0.128036499023438 -0.133720397949219
-0.121040344238281 0.0421981811523437 -0.1583251953125 -0.00382995605468751
-0.0913543701171875 0.103019714355469 -0.101486206054688 0.0714111328125
-0.103240966796875 0.0991897583007812 -0.0412025451660156 0.0529632568359375
-0.093017578125 0.121734619140625 -0.00690078735351564 0.0570526123046875
-0.118438720703125 0.078521728515625 0.0126876831054687 0.0667304992675781
-0.1634521484375 0.00373840332031252 0.00429534912109374 0.07794189453125
-0.1607666015625 -0.108291625976563 -0.0477142333984375 0.107200622558594
-0.0141448974609375 -0.240814208984375 -0.0930023193359375 0.0861282348632812
0.116500854492188 -0.237060546875 -0.130447387695313 0.0572967529296875
0.267547607421875 -0.185104370117188 -0.0694465637207031 0.0433998107910156
0.293975830078125 -0.103729248046875 -0.0126495361328125 -0.14801025390625
0.212753295898438 -0.143157958984375 0.102210998535156 -0.065826416015625
0.0953826904296875 -0.260406494140625 0.139495849609375 -0.15020751953125
-0.073486328125 -0.200180053710938 0.0332183837890625 -0.198699951171875
-0.158920288085938 -0.103469848632812 -0.0717620849609375 -0.1494140625
-0.157623291015625 0.035400390625 -0.110374450683594 -0.0356521606445313
-0.118965148925781 0.113235473632812 -0.0653305053710938 0.0245323181152344
-0.12664794921875 0.110084533691406 -0.00834989547729493 0.00786113739013673
-0.114822387695312 0.138786315917969 0.0278778076171875 0.0132389068603516
-0.138298034667969 0.0888824462890625 0.0547142028808594 0.0351104736328125
-0.184219360351562 0.00253295898437496 0.0428276062011719 0.0568618774414062
-0.166915893554688 -0.1192626953125 -0.0106048583984375 0.0983810424804687
0.000854492187500025 -0.249771118164063 -0.06494140625 0.0857162475585937
0.136337280273438 -0.222213745117188 -0.0981674194335938 0.0240707397460937
0.27642822265625 -0.1488037109375 0.0155553817749024 0.0036935806274414
0.262115478515625 -0.0370025634765625 0.0944671630859375 -0.169937133789063
0.226776123046875 -0.0853729248046875 0.161392211914063 -0.0877532958984375
0.141860961914063 -0.228927612304688 0.1676025390625 -0.129119873046875
-0.0354461669921875 -0.20758056640625 0.0810699462890625 -0.175033569335937
-0.144134521484375 -0.124649047851563 -0.0110321044921875 -0.145736694335937
-0.164230346679688 0.0206756591796875 -0.0517234802246094 -0.0618782043457031
-0.125762939453125 0.105400085449219 -0.023712158203125 -0.0247097015380859
-0.131546020507813 0.1046142578125 0.0242652893066406 -0.0380592346191406
-0.122116088867187 0.13531494140625 0.0612525939941406 -0.0329513549804687
-0.142547607421875 0.0857391357421875 0.0946578979492187 0.00154876708984375
-0.184524536132812 -0.00473022460937503 0.0797958374023437 0.0364303588867187
-0.15191650390625 -0.125259399414063 0.0241470336914062 0.089324951171875
0.0271453857421875 -0.235076904296875 -0.04150390625 0.0838699340820312
0.1541748046875 -0.178909301757813 -0.067596435546875 -0.00809097290039062
0.25689697265625 -0.0872802734375 0.0969467163085938 -0.0274658203125
0.180862426757812 0.0326690673828125 0.180770874023438 -0.173324584960938
0.190902709960938 -0.0125885009765625 0.20721435546875 -0.09814453125
0.15460205078125 -0.151779174804688 0.17864990234375 -0.101348876953125
0.00520324707031252 -0.169525146484375 0.113937377929687 -0.141220092773438
-0.101814270019531 -0.118110656738281 0.0405044555664062 -0.128898620605469
-0.139434814453125 0.00380706787109376 0.00300598144531248 -0.0800323486328125
-0.11212158203125 0.0813674926757812 0.0166854858398437 -0.0687141418457031
-0.116523742675781 0.0837249755859375 0.0535964965820312 -0.0793075561523438
-0.114410400390625 0.112152099609375 0.0928573608398437 -0.075592041015625
-0.131477355957031 0.0691757202148438 0.132499694824219 -0.0267562866210937
-0.16461181640625 -0.01629638671875 0.11444091796875 0.0239105224609375
-0.119651794433594 -0.12335205078125 0.054718017578125 0.0851287841796875
0.0562896728515625 -0.198287963867188 -0.0230026245117188 0.085357666015625
0.162078857421875 -0.11468505859375 -0.035186767578125 -0.0298690795898438
0.2083740234375 -0.0124359130859375 0.167556762695313 -0.0392608642578125
0.068389892578125 0.0937881469726563 0.229598999023438 -0.162765502929688
0.114662170410156 0.0556488037109375 0.2261962890625 -0.103042602539063
0.127105712890625 -0.0528335571289063 0.170639038085937 -0.079376220703125
0.0334701538085938 -0.0986099243164062 0.126777648925781 -0.112747192382813
-0.0456390380859375 -0.0843734741210938 0.0718841552734375 -0.109619140625
-0.0893707275390625 -0.0100479125976563 0.0415573120117187 -0.0914764404296875
-0.079742431640625 0.0454788208007812 0.0454788208007812 -0.101005554199219
-0.0838851928710938 0.0507965087890625 0.0743408203125 -0.10858154296875
-0.0907058715820312 0.0725936889648438 0.118125915527344 -0.107742309570313
-0.103050231933594 0.0427474975585938 0.163970947265625 -0.0467071533203125
-0.123977661132813 -0.0252304077148438 0.145187377929688 0.021514892578125
-0.0753707885742187 -0.105606079101563 0.08062744140625 0.09027099609375
0.0758743286132813 -0.139335632324219 -0.0109176635742187 0.0934982299804687
0.146987915039063 -0.0376434326171875 -0.00600433349609374 -0.0364990234375
0.131202697753906 0.0633392333984375 0.219161987304687 -0.0288238525390625
-0.024688720703125 -0.113441467285156 -0.216796875 0.0542144775390625
-0.0823440551757812 -0.0110855102539062 -0.0118370056152344 0.0411758422851563
-0.0452690124511719 0.0557327270507813 0.0102767944335937 -0.10150146484375
0.0202140808105469 0.0616531372070312 -0.0954360961914063 -0.121688842773438
0.05755615234375 0.0255241394042969 -0.158920288085938 -0.03778076171875
0.0539054870605469 -0.0236244201660156 -0.170318603515625 0.0593719482421875
0.0336017608642578 -0.0237274169921875 -0.112556457519531 0.130683898925781
0.03106689453125 -0.0103378295898438 -0.072784423828125 0.121513366699219
0.0340576171875 -0.00654411315917969 -0.0481109619140625 0.115730285644531
0.0248985290527344 0.0154438018798828 -0.056976318359375 0.102912902832031
-0.00431060791015625 0.0362014770507813 -0.0694198608398437 0.104293823242187
-0.06097412109375 0.0290412902832031 -0.1103515625 0.105804443359375
-0.072479248046875 -0.0499191284179687 -0.162704467773438 0.07025146484375
-0.0322799682617187 -0.11102294921875 -0.203704833984375 0.1082763671875
0.0273895263671875 -0.142471313476563 -0.2257080078125 0.146820068359375
0.0729522705078125 -0.159011840820313 -0.21783447265625 0.015869140625
-0.0225677490234375 -0.081787109375 -0.0138111114501953 0.0261306762695312
-0.0451698303222656 -0.0366897583007813 0.0205612182617187 -0.121932983398438
-0.0289154052734375 0.00748825073242188 -0.0932464599609375 -0.144882202148438
-0.00938701629638672 0.0130243301391602 -0.168930053710938 -0.0579376220703125
0.00270986557006836 0.00876379013061523 -0.179168701171875 0.0551910400390625
-0.00164985656738281 0.0264148712158203 -0.115676879882813 0.129478454589844
-0.0120620727539063 0.0327110290527344 -0.0702438354492188 0.113914489746094
-0.00809860229492188 0.0402603149414063 -0.0439071655273437 0.110763549804688
-0.0278701782226563 0.0345478057861328 -0.0452728271484375 0.100326538085938
-0.0616264343261719 0.0165443420410156 -0.0545654296875 0.100006103515625
-0.0943984985351563 -0.0318222045898438 -0.0974273681640625 0.107955932617187
-0.0428924560546875 -0.127479553222656 -0.139991760253906 0.0756301879882812
0.0295562744140625 -0.166290283203125 -0.179458618164063 0.103652954101562
0.124099731445313 -0.178466796875 -0.192184448242188 0.121627807617188
0.167388916015625 -0.177993774414063 -0.183868408203125 -0.0356597900390625
0.0530014038085938 -0.137802124023438 0.00415158271789551 -0.000972032546997079
-0.0266799926757813 -0.13482666015625 0.045745849609375 -0.141616821289063
-0.0713119506835938 -0.0606613159179688 -0.0724945068359375 -0.17022705078125
-0.0776443481445312 -0.0117034912109375 -0.1602783203125 -0.0870819091796875
-0.055145263671875 0.0343055725097656 -0.173233032226562 0.0365753173828125
-0.0417213439941406 0.0702095031738281 -0.10858154296875 0.109603881835938
-0.0540847778320313 0.0712051391601562 -0.0571136474609375 0.0895462036132812
-0.0465164184570312 0.0838470458984375 -0.0267791748046875 0.0886917114257813
-0.071990966796875 0.0575714111328125 -0.0175628662109375 0.0870437622070313
-0.111793518066406 0.0110397338867187 -0.0254974365234375 0.0917892456054688
-0.130279541015625 -0.0698165893554688 -0.0706634521484375 0.110992431640625
-0.0328369140625 -0.18743896484375 -0.111778259277344 0.0834808349609375
0.06854248046875 -0.20819091796875 -0.148391723632812 0.0887451171875
0.194564819335938 -0.197036743164062 -0.133460998535156 0.0868377685546875
0.236526489257813 -0.16278076171875 -0.114852905273438 -0.0888671875
0.131011962890625 -0.163787841796875 0.042327880859375 -0.0339546203613281
0.013885498046875 -0.214447021484375 0.0820159912109375 -0.152801513671875
-0.0914840698242188 -0.130622863769531 -0.0332183837890625 -0.188018798828125
-0.131309509277344 -0.0478439331054687 -0.128448486328125 -0.115737915039063
-0.107620239257813 0.0460968017578125 -0.147491455078125 0.00718688964843752
-0.0768051147460938 0.100311279296875 -0.088653564453125 0.074066162109375
-0.088623046875 0.0990447998046875 -0.0348091125488281 0.0525054931640625
-0.075897216796875 0.117988586425781 -0.00106048583984376 0.05340576171875
-0.103111267089844 0.0793304443359375 0.0176467895507812 0.062103271484375
-0.149169921875 0.01397705078125 0.00959777832031248 0.0746536254882813
-0.155914306640625 -0.0877685546875 -0.0371780395507813 0.106521606445313
-0.02984619140625 -0.222198486328125 -0.0830154418945313 0.086334228515625
0.09161376953125 -0.226287841796875 -0.118728637695313 0.0629196166992188
0.233901977539062 -0.191482543945313 -0.0604476928710937 0.04498291015625
0.2630615234375 -0.117355346679687 -0.0226364135742187 -0.133155822753906
0.188095092773438 -0.147506713867188 0.0930328369140625 -0.06512451171875
0.0687408447265625 -0.24774169921875 0.118942260742187 -0.148834228515625
-0.0817718505859375 -0.179244995117188 0.0176239013671875 -0.188720703125
-0.154022216796875 -0.08343505859375 -0.077545166015625 -0.134193420410156
-0.142059326171875 0.04290771484375 -0.10443115234375 -0.0252151489257813
-0.101676940917969 0.112152099609375 -0.0585174560546875 0.0282020568847656
-0.109634399414063 0.111434936523437 -0.00746822357177735 0.00854110717773438
-0.0946578979492188 0.135673522949219 0.0275859832763672 0.00982666015625001
-0.120155334472656 0.090972900390625 0.0541152954101562 0.0296363830566406
-0.168716430664063 0.015533447265625 0.0441246032714844 0.0525856018066406
-0.162918090820313 -0.097320556640625 -0.00383758544921877 0.0958175659179687
-0.0173492431640625 -0.2315673828125 -0.0561904907226563 0.0840911865234375
0.111083984375 -0.214401245117188 -0.0915069580078125 0.0300979614257812
0.245849609375 -0.158447265625 0.0151214599609375 0.00225734710693359
0.239578247070313 -0.0533905029296875 0.0742950439453125 -0.16107177734375
0.205307006835938 -0.0946807861328125 0.145843505859375 -0.0891876220703125
0.114120483398437 -0.222976684570313 0.147201538085938 -0.131088256835938
-0.04742431640625 -0.189712524414062 0.064208984375 -0.169418334960938
-0.142303466796875 -0.10394287109375 -0.0209197998046875 -0.134963989257813
-0.149383544921875 0.031219482421875 -0.0516281127929688 -0.0536880493164063
-0.107826232910156 0.105636596679687 -0.0231056213378906 -0.020416259765625
-0.113784790039063 0.107131958007812 0.0192527770996094 -0.0369338989257813
-0.101524353027344 0.134422302246094 0.0548095703125 -0.0355224609375
-0.124397277832031 0.0894546508789063 0.0893936157226563 -0.00469207763671874
-0.169342041015625 0.00997924804687503 0.0766372680664062 0.0311279296875
-0.150222778320313 -0.103851318359375 0.027862548828125 0.0843429565429688
0.00744628906250001 -0.220382690429688 -0.0341644287109375 0.0817337036132812
0.13043212890625 -0.176376342773438 -0.0654449462890625 -0.00130462646484377
0.231903076171875 -0.100662231445313 0.0872116088867188 -0.0324859619140625
0.169586181640625 0.0178070068359375 0.153915405273438 -0.17034912109375
0.1771240234375 -0.0247650146484375 0.18597412109375 -0.101028442382812
0.131698608398438 -0.152725219726562 0.160018920898438 -0.105133056640625
-0.0073394775390625 -0.157302856445313 0.096771240234375 -0.139915466308594
-0.102867126464844 -0.100868225097656 0.0275955200195312 -0.122810363769531
-0.128349304199219 0.0144424438476563 -0.00188446044921876 -0.0739822387695313
-0.0969696044921875 0.0835723876953125 0.0105361938476562 -0.0639457702636719
-0.101303100585938 0.0864334106445312 0.04302978515625 -0.0768203735351563
-0.0957565307617187 0.113151550292969 0.0805816650390625 -0.0770111083984375
-0.115020751953125 0.0739669799804688 0.121726989746094 -0.034454345703125
-0.152420043945312 -0.00160217285156252 0.108070373535156 0.0165786743164063
-0.121185302734375 -0.104202270507813 0.0557785034179687 0.0783615112304688
0.0369415283203125 -0.1893310546875 -0.0163955688476562 0.0811080932617187
0.14306640625 -0.118316650390625 -0.0373992919921875 -0.0235023498535156
0.192855834960937 -0.0271759033203125 0.151321411132813 -0.048583984375
0.0696182250976563 0.0819320678710938 0.19879150390625 -0.163848876953125
0.111534118652344 0.0436248779296875 0.203079223632813 -0.107666015625
0.11322021484375 -0.0602264404296875 0.154647827148438 -0.0835723876953125
0.0237197875976563 -0.0937118530273437 0.110893249511719 -0.113670349121094
-0.0498580932617187 -0.0735855102539063 0.0583114624023438 -0.107147216796875
-0.0841140747070313 -0.00154113769531252 0.0327224731445312 -0.087890625
-0.0690727233886719 0.0484771728515625 0.0345916748046875 -0.0965347290039062
-0.0732803344726563 0.0539398193359375 0.0597000122070312 -0.106452941894531
-0.0768890380859375 0.0756683349609375 0.101402282714844 -0.108993530273438
-0.0909881591796875 0.0487213134765625 0.150039672851563 -0.0549774169921875
-0.116409301757813 -0.0127792358398437 0.136726379394531 0.011749267578125
-0.0794754028320312 -0.0913772583007813 0.0800018310546875 0.080535888671875
0.0587005615234375 -0.136360168457031 -0.0045623779296875 0.08837890625
0.134628295898438 -0.0464553833007813 -0.0108642578125 -0.0318202972412109
0.127006530761719 0.0485763549804688 0.199493408203125 -0.042327880859375
-0.0294189453125 -0.10235595703125 -0.197463989257813 0.060699462890625
-0.07769775390625 -0.005340576171875 -0.00682830810546875 0.0375595092773438
-0.0386734008789062 0.0542869567871094 0.00564575195312499 -0.0960235595703125
0.0236015319824219 0.0564918518066406 -0.0941238403320313 -0.110801696777344
0.0558929443359375 0.0188369750976563 -0.149917602539063 -0.0296783447265625
0.0475616455078125 -0.0268821716308594 -0.157974243164063 0.062774658203125
0.0279788970947266 -0.0240821838378906 -0.0994720458984375 0.127418518066406
0.0271816253662109 -0.0115394592285156 -0.0614852905273438 0.116645812988281
0.0298233032226562 -0.0086822509765625 -0.0382461547851563 0.110160827636719
0.0233535766601562 0.0114898681640625 -0.048065185546875 0.0989913940429687
-0.00159263610839844 0.0324058532714844 -0.0602645874023438 0.10150146484375
-0.0532646179199219 0.0304908752441406 -0.0987777709960938 0.105018615722656
-0.0686225891113281 -0.0419998168945313 -0.1505126953125 0.0718231201171875
-0.0351409912109375 -0.101264953613281 -0.18475341796875 0.107376098632813
0.017425537109375 -0.134269714355469 -0.201217651367188 0.144454956054688
0.0588226318359375 -0.150161743164063 -0.200119018554688 0.0254364013671875
-0.025299072265625 -0.0735244750976563 -0.00895881652832032 0.0242595672607422
-0.0433082580566406 -0.0308303833007812 0.0141067504882813 -0.115165710449219
-0.0242347717285156 0.00880241394042969 -0.0932159423828125 -0.133216857910156
-0.00591182708740234 0.010920524597168 -0.159912109375 -0.0483551025390625
0.00215816497802734 0.00535821914672852 -0.165878295898438 0.05877685546875
-0.00223350524902344 0.0233707427978516 -0.102218627929687 0.12615966796875
-0.0108814239501953 0.0302963256835937 -0.0600204467773438 0.109809875488281
-0.00684356689453125 0.03594970703125 -0.0345916748046875 0.105392456054687
-0.0242958068847656 0.0313186645507812 -0.036895751953125 0.0961685180664063
-0.0553245544433594 0.0163307189941406 -0.0463638305664063 0.097076416015625
-0.0872650146484375 -0.0244827270507813 -0.0866928100585937 0.107696533203125
-0.044677734375 -0.115715026855469 -0.129478454589844 0.0760040283203125
0.0204010009765625 -0.15447998046875 -0.162643432617188 0.103546142578125
0.106185913085938 -0.171951293945313 -0.171539306640625 0.120269775390625
0.145294189453125 -0.171920776367188 -0.171539306640625 -0.023101806640625
0.0433731079101562 -0.129829406738281 0.00708770751953125 -0.000315189361572274
-0.031494140625 -0.123085021972656 0.0368804931640625 -0.134269714355469
-0.0673713684082031 -0.0526313781738281 -0.0747833251953125 -0.157470703125
-0.0706939697265625 -0.0084991455078125 -0.153106689453125 -0.0753173828125
-0.0492515563964844 0.0315513610839844 -0.160598754882813 0.041259765625
-0.0357475280761719 0.0651321411132813 -0.09625244140625 0.10748291015625
-0.0478591918945313 0.0681686401367187 -0.0488815307617188 0.0866012573242188
-0.039459228515625 0.07843017578125 -0.0195846557617188 0.0841522216796875
-0.0640983581542969 0.0548019409179688 -0.0114517211914063 0.082855224609375
-0.102035522460938 0.0134811401367187 -0.019439697265625 0.0885696411132813
-0.122489929199219 -0.0576324462890625 -0.0617141723632813 0.109878540039062
-0.038238525390625 -0.17236328125 -0.103126525878906 0.08251953125
0.0546112060546875 -0.195144653320313 -0.13543701171875 0.0887985229492187
0.17132568359375 -0.19281005859375 -0.118705749511719 0.08551025390625
0.210357666015625 -0.160919189453125 -0.110198974609375 -0.0743637084960938
0.1148681640625 -0.15728759765625 0.0404548645019531 -0.031494140625
0.00260925292968749 -0.198837280273438 0.0696868896484375 -0.145706176757813
-0.0901718139648438 -0.116432189941406 -0.03900146484375 -0.175567626953125
-0.122360229492187 -0.037994384765625 -0.124916076660156 -0.10302734375
-0.0965347290039063 0.045654296875 -0.13739013671875 0.0131149291992188
-0.067230224609375 0.0951385498046875 -0.0784225463867187 0.0733489990234375
-0.0781478881835938 0.0961761474609375 -0.0299110412597656 0.0509986877441406
-0.065032958984375 0.112205505371094 0.00240325927734375 0.0501327514648438
-0.0914993286132813 0.076507568359375 0.0208015441894531 0.0581016540527344
-0.136077880859375 0.0188827514648438 0.012725830078125 0.0716781616210938
-0.147445678710937 -0.073699951171875 -0.0307769775390625 0.104568481445313
-0.03741455078125 -0.205154418945312 -0.0762405395507812 0.0840911865234375
0.0753326416015625 -0.212814331054688 -0.109169006347656 0.063934326171875
0.208084106445313 -0.18914794921875 -0.0535240173339844 0.0438995361328125
0.237518310546875 -0.120010375976563 -0.0275344848632812 -0.119544982910156
0.169296264648438 -0.1444091796875 0.086578369140625 -0.0623245239257813
0.051116943359375 -0.2327880859375 0.105545043945313 -0.143692016601563
-0.0825958251953125 -0.162490844726563 0.0081634521484375 -0.178146362304687
-0.145904541015625 -0.0698089599609375 -0.078887939453125 -0.122482299804688
-0.129013061523438 0.0450973510742188 -0.0984573364257813 -0.0192184448242187
-0.0885543823242188 0.10784912109375 -0.052947998046875 0.0296478271484375
-0.0970916748046875 0.108619689941406 -0.00717926025390626 0.00890922546386719
-0.0809097290039063 0.129875183105469 0.0268211364746094 0.00823974609375001
-0.106880187988281 0.0888442993164063 0.053314208984375 0.026092529296875
-0.153610229492188 0.0219268798828125 0.0438957214355469 0.0497245788574219
-0.155364990234375 -0.082489013671875 0.000106811523437491 0.0930633544921875
-0.0267333984375 -0.214584350585938 -0.0511245727539063 0.0816268920898437
0.0941314697265625 -0.203536987304687 -0.0854263305664063 0.0331344604492187
0.220687866210938 -0.1590576171875 0.0141401290893555 0.00079345703124999
0.218353271484375 -0.0597381591796875 0.0614776611328125 -0.149627685546875
0.187637329101563 -0.09698486328125 0.134002685546875 -0.0857162475585938
0.0948333740234375 -0.212677001953125 0.132415771484375 -0.127487182617187
-0.0518035888671875 -0.173416137695312 0.052947998046875 -0.162307739257813
-0.136421203613281 -0.0896148681640625 -0.0262374877929688 -0.125411987304688
-0.136245727539063 0.0347747802734375 -0.0502815246582031 -0.0480384826660156
-0.0951156616210938 0.102745056152344 -0.0221385955810547 -0.0171012878417969
-0.100730895996094 0.105400085449219 0.0154666900634766 -0.0343475341796875
-0.08673095703125 0.129257202148438 0.0500335693359375 -0.0357170104980469
-0.110137939453125 0.0882949829101562 0.084136962890625 -0.00782775878906249
-0.155303955078125 0.01763916015625 0.0731201171875 0.0279769897460938
-0.143951416015625 -0.08831787109375 0.0287322998046875 0.0809707641601563
-0.00460815429687498 -0.2056884765625 -0.0304412841796875 0.0779037475585938
0.113815307617188 -0.169784545898438 -0.0626373291015625 0.003570556640625
0.211196899414063 -0.104415893554687 0.0783920288085938 -0.0338592529296875
0.157760620117187 0.0089874267578125 0.134689331054688 -0.161087036132813
0.16497802734375 -0.0305633544921875 0.170516967773438 -0.098846435546875
0.114151000976562 -0.148666381835937 0.145675659179688 -0.103729248046875
-0.0138397216796875 -0.145767211914063 0.084686279296875 -0.135345458984375
-0.100982666015625 -0.088165283203125 0.0193557739257812 -0.115402221679687
-0.1180419921875 0.0197296142578125 -0.00437927246093751 -0.0692901611328125
-0.0854949951171875 0.0817413330078125 0.00718307495117187 -0.0594215393066406
-0.0899200439453125 0.0863037109375 0.0358428955078125 -0.0730514526367188
-0.0821151733398438 0.110702514648438 0.0716400146484375 -0.0755157470703125
-0.10198974609375 0.074432373046875 0.113067626953125 -0.0368881225585937
-0.140495300292969 0.00676727294921875 0.101242065429688 0.0132369995117188
-0.117866516113281 -0.0898590087890625 0.0545806884765625 0.0726394653320313
0.023590087890625 -0.17901611328125 -0.0134201049804688 0.0773239135742187
0.127937316894531 -0.116989135742188 -0.037567138671875 -0.0184555053710938
0.178192138671875 -0.034637451171875 0.137306213378906 -0.0513153076171875
0.068817138671875 0.073516845703125 0.176193237304688 -0.1580810546875
0.106513977050781 0.0355453491210938 0.185928344726563 -0.105545043945313
0.101409912109375 -0.0626373291015625 0.142913818359375 -0.0833282470703125
0.0176315307617188 -0.08795166015625 0.0989913940429688 -0.111854553222656
-0.0502586364746094 -0.0654296875 0.0486297607421875 -0.102737426757813
-0.0778427124023437 0.00346374511718749 0.0267715454101563 -0.0831527709960938
-0.06109619140625 0.0488967895507813 0.0277481079101563 -0.0907516479492188
-0.0652618408203125 0.0547523498535156 0.0500946044921875 -0.101142883300781
-0.0662384033203125 0.0753250122070313 0.0895156860351563 -0.106178283691406
-0.0812911987304688 0.0503463745117188 0.137741088867188 -0.05780029296875
-0.1083984375 -0.00444793701171875 0.127220153808594 0.0068511962890625
-0.0792388916015625 -0.0799560546875 0.077301025390625 0.0732803344726563
0.046783447265625 -0.131103515625 -0.0016937255859375 0.083099365234375
0.123985290527344 -0.0509490966796875 -0.0142955780029297 -0.027801513671875
0.121109008789062 0.0388946533203125 0.182266235351563 -0.0482330322265625
-0.0319061279296875 -0.0940170288085937 -0.183837890625 0.063934326171875
-0.0738677978515625 -0.00157928466796875 -0.00336265563964844 0.0349693298339844
-0.0337104797363281 0.0533485412597656 0.0034942626953125 -0.0919723510742188
0.0264053344726562 0.0522193908691406 -0.093017578125 -0.104385375976563
0.0546913146972656 0.0137710571289062 -0.143508911132813 -0.0257720947265625
0.0420379638671875 -0.0281295776367187 -0.14910888671875 0.0644378662109375
0.0239753723144531 -0.0233879089355469 -0.0904541015625 0.124336242675781
0.0242271423339844 -0.0126247406005859 -0.0553131103515625 0.113189697265625
0.0267047882080078 -0.00957107543945313 -0.0322494506835938 0.105720520019531
0.0216274261474609 0.00876235961914062 -0.0422592163085938 0.096160888671875
-0.000488281250000001 0.0292701721191406 -0.0540695190429687 0.0990142822265625
-0.0478019714355469 0.0310249328613281 -0.090179443359375 0.103858947753906
-0.0655288696289063 -0.0362091064453125 -0.143173217773438 0.07183837890625
-0.0370559692382813 -0.0942459106445312 -0.172698974609375 0.105560302734375
0.0108718872070312 -0.127593994140625 -0.1846923828125 0.140731811523437
0.0496673583984375 -0.141876220703125 -0.186935424804688 0.0314788818359375
-0.0262069702148438 -0.0673370361328125 -0.00542068481445313 0.0230598449707031
-0.0415611267089844 -0.0268974304199219 0.0108642578125 -0.10986328125
-0.0203990936279297 0.00870132446289062 -0.0924224853515625 -0.124725341796875
-0.00405025482177734 0.00883960723876953 -0.152862548828125 -0.04266357421875
0.00141334533691406 0.00228333473205566 -0.156326293945312 0.06048583984375
-0.00270843505859375 0.0211200714111328 -0.0928955078125 0.123458862304687
-0.0102767944335937 0.0284881591796875 -0.0535125732421875 0.106918334960938
-0.00615501403808593 0.0335063934326172 -0.0287933349609375 0.10113525390625
-0.0230007171630859 0.0281200408935547 -0.0316543579101563 0.0935592651367187
-0.0512847900390625 0.0150680541992187 -0.0411148071289063 0.0957183837890625
-0.0817031860351563 -0.0201263427734375 -0.079132080078125 0.106781005859375
-0.0442352294921875 -0.107292175292969 -0.123291015625 0.07525634765625
0.0150299072265625 -0.14581298828125 -0.1517333984375 0.101211547851562
0.0936279296875 -0.16571044921875 -0.157913208007813 0.116943359375
0.130569458007813 -0.165496826171875 -0.1612548828125 -0.0149078369140625
0.0371170043945313 -0.122787475585938 0.0090627670288086 6.19888305663987E-05
-0.0333023071289062 -0.114410400390625 0.031402587890625 -0.128585815429688
-0.0631866455078125 -0.0474510192871094 -0.075927734375 -0.148849487304688
-0.0652885437011719 -0.00686264038085938 -0.1475830078125 -0.068511962890625
-0.0459403991699219 0.0291633605957031 -0.151229858398438 0.0435943603515625
-0.0328178405761719 0.0620841979980469 -0.0873641967773438 0.105262756347656
-0.0442008972167969 0.0657157897949219 -0.0432662963867188 0.0848312377929688
-0.0359878540039063 0.0744400024414063 -0.0153350830078125 0.080810546875
-0.0591011047363281 0.0515556335449219 -0.00758361816406251 0.0798187255859375
-0.095550537109375 0.0143356323242187 -0.0156936645507813 0.0867462158203125
-0.116218566894531 -0.0511627197265625 -0.0553665161132812 0.108970642089844
-0.0401611328125 -0.161605834960937 -0.0984115600585937 0.0811386108398437
0.046661376953125 -0.185317993164063 -0.126792907714844 0.0876846313476563
0.15472412109375 -0.18798828125 -0.1092529296875 0.0836715698242187
0.193130493164063 -0.156784057617188 -0.105377197265625 -0.06488037109375
0.1046142578125 -0.151992797851563 0.0404891967773438 -0.0299911499023438
-0.00430297851562499 -0.187362670898438 0.0621871948242188 -0.140037536621094
-0.0869064331054688 -0.106544494628906 -0.0422821044921875 -0.167739868164063
-0.115676879882813 -0.0329666137695312 -0.122123718261719 -0.0953292846679688
-0.0902023315429687 0.0443191528320313 -0.130035400390625 0.0162353515625
-0.0608139038085938 0.0903778076171875 -0.0714187622070312 0.0728530883789063
-0.0717544555664063 0.0930557250976563 -0.0268287658691406 0.0502967834472656
-0.0579452514648437 0.106651306152344 0.00442886352539062 0.0477218627929688
-0.0841522216796875 0.072906494140625 0.0223846435546875 0.0551643371582031
-0.127296447753906 0.0206451416015625 0.0144424438476562 0.0703659057617188
-0.140838623046875 -0.0650482177734375 -0.0262603759765625 0.104339599609375
-0.0416107177734375 -0.193405151367188 -0.072418212890625 0.0827407836914062
0.0657958984375 -0.202880859375 -0.102958679199219 0.063995361328125
0.191421508789063 -0.185714721679688 -0.0490036010742187 0.0427093505859375
0.220321655273438 -0.11907958984375 -0.0285568237304687 -0.109077453613281
0.1563720703125 -0.140960693359375 0.08270263671875 -0.0595779418945313
0.0406341552734375 -0.2213134765625 0.0966339111328125 -0.138595581054688
-0.08184814453125 -0.150558471679688 0.00294494628906249 -0.171112060546875
-0.139251708984375 -0.0621566772460937 -0.0789566040039063 -0.114250183105469
-0.120162963867188 0.0449371337890625 -0.0936279296875 -0.0155410766601562
-0.0804443359375 0.1036376953125 -0.0486373901367188 0.0306549072265625
-0.0888748168945313 0.106559753417969 -0.00656318664550782 0.00955390930175782
-0.0719528198242187 0.124664306640625 0.0263519287109375 0.00732612609863282
-0.0971221923828125 0.0859222412109375 0.0526390075683594 0.0235099792480469
-0.14349365234375 0.024810791015625 0.0435791015625 0.0484619140625
-0.148284912109375 -0.07232666015625 0.0023193359375 0.0922622680664062
-0.0327606201171875 -0.202377319335938 -0.0491409301757812 0.0800399780273437
0.083648681640625 -0.194595336914063 -0.0812759399414063 0.0348968505859375
0.203781127929687 -0.157699584960937 0.0132417678833008 8.01086425781153E-05
0.204376220703125 -0.0610504150390625 0.0533218383789063 -0.139472961425781
0.1759033203125 -0.0968780517578125 0.126548767089844 -0.0821151733398437
0.0828399658203125 -0.204071044921875 0.123085021972656 -0.12384033203125
-0.053924560546875 -0.162628173828125 0.045745849609375 -0.156982421875
-0.131820678710938 -0.0805587768554687 -0.028472900390625 -0.118553161621094
-0.127647399902344 0.03631591796875 -0.0483551025390625 -0.0443801879882812
-0.086273193359375 0.0998306274414062 -0.0215187072753906 -0.0148391723632812
-0.09197998046875 0.104080200195313 0.0131092071533203 -0.0328445434570312
-0.076416015625 0.124916076660156 0.0466880798339844 -0.0351829528808594
-0.100082397460938 0.0863494873046875 0.0808639526367188 -0.009124755859375
-0.144866943359375 0.02178955078125 0.07080078125 0.0273513793945313
-0.138885498046875 -0.0784759521484375 0.0293807983398437 0.0794143676757813
-0.0113983154296875 -0.195404052734375 -0.0285873413085937 0.0757293701171875
0.102996826171875 -0.163864135742188 -0.0609588623046875 0.00632858276367188
0.196441650390625 -0.105911254882813 0.0728912353515625 -0.034088134765625
0.149566650390625 0.00506591796875 0.121673583984375 -0.15313720703125
0.156082153320313 -0.0337982177734375 0.160720825195313 -0.0950469970703125
0.10357666015625 -0.14501953125 0.136940002441406 -0.101730346679688
-0.0171585083007813 -0.13763427734375 0.0771865844726562 -0.132293701171875
-0.0984725952148437 -0.079925537109375 0.0148162841796875 -0.110687255859375
-0.111083984375 0.0221405029296875 -0.00590896606445313 -0.0656814575195313
-0.0771102905273437 0.080291748046875 0.00489044189453124 -0.0561676025390625
-0.08221435546875 0.0857467651367187 0.0309295654296875 -0.0698928833007813
-0.0729293823242188 0.107208251953125 0.0658035278320313 -0.0739212036132813
-0.0931930541992187 0.073516845703125 0.107269287109375 -0.0383758544921875
-0.131431579589844 0.0121002197265625 0.0964584350585938 0.0120315551757813
-0.1142578125 -0.0801162719726563 0.0534820556640625 0.0710601806640625
0.015472412109375 -0.171188354492188 -0.0119171142578125 0.074737548828125
0.1177978515625 -0.115806579589844 -0.0381889343261719 -0.01507568359375
0.167617797851563 -0.039398193359375 0.127265930175781 -0.0521392822265625
0.0670814514160156 0.0681076049804688 0.161453247070313 -0.151321411132813
0.103080749511719 0.0303497314453125 0.174301147460937 -0.102676391601562
0.0930862426757813 -0.0635223388671875 0.135665893554688 -0.0824966430664063
0.0136260986328125 -0.0841751098632813 0.092010498046875 -0.109336853027344
-0.0503196716308594 -0.0600814819335937 0.043487548828125 -0.099212646484375
-0.073394775390625 0.00680541992187501 0.0236587524414063 -0.0799942016601563
-0.0560111999511719 0.0492935180664063 0.02288818359375 -0.08673095703125
-0.0595474243164062 0.0552902221679688 0.0427322387695312 -0.0969696044921875
-0.0587844848632813 0.0743408203125 0.080841064453125 -0.103599548339844
-0.0738296508789063 0.0507049560546875 0.129653930664063 -0.0594863891601563
-0.102272033691406 0.000823974609374982 0.12139892578125 0.004547119140625
-0.0785598754882813 -0.0715866088867187 0.0747604370117188 0.0695724487304688
0.0381088256835938 -0.126800537109375 -0.000228881835937493 0.0796890258789062
0.11572265625 -0.0538177490234375 -0.0163497924804687 -0.0243644714355469
0.115959167480469 0.0326766967773438 0.169525146484375 -0.0502166748046875
-0.0342330932617188 -0.0886917114257813 -0.174758911132813 0.06756591796875
-0.0714569091796875 0.00251770019531251 -0.000247955322265627 0.0331230163574219
-0.0303192138671875 0.0535163879394531 0.00123596191406249 -0.0897369384765625
0.0291748046875 0.0486602783203125 -0.0933761596679687 -0.0991592407226563
0.0538215637207031 0.00888824462890625 -0.140357971191406 -0.0223770141601562
0.0374755859375 -0.0301589965820312 -0.1434326171875 0.067718505859375
0.0204296112060547 -0.0237026214599609 -0.0839080810546875 0.1236572265625
0.0223064422607422 -0.0130271911621094 -0.0487518310546875 0.112113952636719
0.0246696472167969 -0.0108814239501953 -0.0264892578125 0.10321044921875
0.0201930999755859 0.00615119934082031 -0.0377120971679688 0.0946807861328125
0.000856399536132813 0.0269832611083984 -0.04913330078125 0.0995864868164062
-0.0431251525878906 0.0317764282226563 -0.0841903686523438 0.104736328125
-0.0634231567382813 -0.0322265625 -0.13861083984375 0.0734481811523438
-0.0395889282226562 -0.089080810546875 -0.164642333984375 0.105560302734375
0.00469207763671874 -0.123077392578125 -0.17327880859375 0.139144897460938
0.0424270629882812 -0.137321472167969 -0.17822265625 0.036834716796875
-0.0276870727539063 -0.0630531311035156 -0.00213813781738281 0.0225944519042969
-0.0402908325195312 -0.0233840942382813 0.00775146484375 -0.107376098632813
-0.0172605514526367 0.00888633728027344 -0.0941543579101562 -0.119537353515625
-0.00258970260620117 0.00690603256225586 -0.150665283203125 -0.037750244140625
0.000163137912750244 0.000902116298675537 -0.151138305664063 0.064056396484375
-0.00337409973144531 0.0200958251953125 -0.0858917236328125 0.123138427734375
-0.00983810424804688 0.0280666351318359 -0.047698974609375 0.106063842773438
-0.00619125366210937 0.0315914154052734 -0.0231170654296875 0.0992355346679688
-0.0217151641845703 0.0264930725097656 -0.0270309448242187 0.0920791625976562
-0.048736572265625 0.014312744140625 -0.036346435546875 0.0959701538085938
-0.0775833129882812 -0.0169906616210938 -0.0728836059570313 0.108406066894531
-0.0452194213867188 -0.101837158203125 -0.119277954101563 0.0766372680664062
0.009674072265625 -0.14080810546875 -0.145050048828125 0.10150146484375
0.0837860107421875 -0.163116455078125 -0.147735595703125 0.116683959960938
0.120223999023437 -0.1622314453125 -0.154556274414063 -0.00773620605468754
0.032379150390625 -0.119300842285156 0.0113344192504883 0.00047111511230468
-0.0359115600585938 -0.107925415039063 0.0271453857421875 -0.125602722167969
-0.0603218078613281 -0.0435943603515625 -0.0787506103515625 -0.143356323242187
-0.0619583129882813 -0.00574493408203125 -0.14581298828125 -0.062896728515625
-0.0437431335449219 0.0279273986816406 -0.146438598632813 0.0468597412109375
-0.0305023193359375 0.0601882934570312 -0.0802688598632812 0.105712890625
-0.0409812927246094 0.0654106140136719 -0.0391387939453125 0.084503173828125
-0.0325851440429687 0.0717849731445313 -0.0106658935546875 0.07958984375
-0.0560836791992188 0.0501289367675781 -0.00370788574218751 0.0785293579101563
-0.0911178588867188 0.014739990234375 -0.0121383666992188 0.0869674682617188
-0.112655639648438 -0.0456466674804688 -0.0497970581054688 0.1107177734375
-0.0433502197265625 -0.154983520507813 -0.0955657958984375 0.0823211669921875
0.0399627685546875 -0.179595947265625 -0.120994567871094 0.0880508422851562
0.14300537109375 -0.186676025390625 -0.102119445800781 0.0837020874023438
0.1806640625 -0.156402587890625 -0.102752685546875 -0.0565032958984375
0.0965118408203125 -0.149124145507813 0.0413475036621094 -0.0287361145019531
-0.010772705078125 -0.180206298828125 0.0571441650390625 -0.13739013671875
-0.0859146118164063 -0.0999679565429687 -0.046600341796875 -0.162460327148438
-0.111946105957031 -0.0288314819335937 -0.121894836425781 -0.0895004272460938
-0.08575439453125 0.0440826416015625 -0.126213073730469 0.0195083618164062
-0.0561904907226563 0.0891265869140625 -0.0663833618164063 0.0735092163085938
-0.0669631958007813 0.0934219360351562 -0.0243339538574219 0.0507583618164063
-0.052734375 0.104270935058594 0.0069427490234375 0.0466156005859375
-0.0787734985351563 0.072052001953125 0.0244293212890625 0.0535392761230469
-0.121757507324219 0.0225906372070312 0.0168838500976562 0.0702171325683594
-0.137252807617187 -0.0581207275390625 -0.0218276977539063 0.105598449707031
-0.0461883544921875 -0.185836791992188 -0.0703811645507813 0.08404541015625
0.058197021484375 -0.19775390625 -0.0988922119140625 0.0653915405273438
0.177642822265625 -0.187042236328125 -0.046234130859375 0.0421180725097656
0.209228515625 -0.120635986328125 -0.03070068359375 -0.101722717285156
0.147613525390625 -0.141265869140625 0.0810470581054688 -0.058013916015625
0.0314178466796875 -0.214401245117188 0.0905532836914063 -0.136581420898438
-0.0831146240234375 -0.142684936523438 -0.00291442871093751 -0.167266845703125
-0.136367797851563 -0.0558013916015625 -0.0806045532226563 -0.109245300292969
-0.114845275878906 0.0463714599609375 -0.0915679931640625 -0.0127105712890625
-0.0740737915039063 0.102272033691406 -0.0451583862304688 0.0315704345703125
-0.0826568603515625 0.107017517089844 -0.00629043579101563 0.0102033615112305
-0.0651168823242188 0.121963500976563 0.0261611938476562 0.00611305236816407
-0.0907211303710937 0.0848159790039063 0.0530471801757812 0.0218162536621094
-0.136787414550781 0.027618408203125 0.0442276000976562 0.0486564636230469
-0.14483642578125 -0.0647125244140625 0.00571441650390623 0.093231201171875
-0.0388031005859375 -0.19537353515625 -0.0473251342773438 0.0802001953125
0.0751495361328125 -0.191009521484375 -0.0791015625 0.0371551513671875
0.191909790039063 -0.159622192382813 0.0123882293701172 -0.000417709350585947
0.195831298828125 -0.063934326171875 0.047332763671875 -0.133445739746094
0.168136596679688 -0.0991973876953125 0.122039794921875 -0.081329345703125
0.0730438232421875 -0.200515747070313 0.116851806640625 -0.123313903808594
-0.0567626953125 -0.155548095703125 0.0393218994140625 -0.154983520507813
-0.130195617675781 -0.0738296508789063 -0.0316925048828125 -0.11444091796875
-0.122299194335937 0.0385513305664062 -0.0486526489257813 -0.0416717529296875
-0.079559326171875 0.0982437133789062 -0.0201053619384766 -0.0131721496582031
-0.0858383178710937 0.10455322265625 0.0115547180175781 -0.0312786102294922
-0.0690841674804688 0.123161315917969 0.0445556640625 -0.0354118347167969
-0.0933151245117188 0.0863037109375 0.0789947509765625 -0.0112075805664062
-0.138092041015625 0.0254058837890625 0.0703125 0.0269851684570312
-0.136360168457031 -0.0701980590820313 0.0311813354492187 0.0796890258789063
-0.0184783935546875 -0.189178466796875 -0.0275497436523437 0.0758514404296875
0.0946807861328125 -0.162368774414063 -0.0603370666503906 0.00938415527343748
0.185989379882813 -0.109664916992188 0.0680427551269531 -0.0349349975585938
0.144744873046875 0.0013427734375 0.113006591796875 -0.148513793945313
0.151123046875 -0.0377197265625 0.154022216796875 -0.0945587158203125
0.0942230224609375 -0.1448974609375 0.131629943847656 -0.10235595703125
-0.0208206176757813 -0.132835388183594 0.0710372924804688 -0.131690979003906
-0.0986404418945312 -0.0738143920898438 0.0107269287109375 -0.108200073242188
-0.106857299804688 0.0252838134765625 -0.0074920654296875 -0.0640411376953125
-0.0711746215820313 0.0806121826171875 0.00281524658203125 -0.0539474487304687
-0.0760955810546875 0.08673095703125 0.0269393920898438 -0.0680503845214844
-0.065155029296875 0.106285095214844 0.0612411499023438 -0.0737075805664063
-0.0866546630859375 0.0741500854492187 0.103286743164062 -0.040557861328125
-0.125518798828125 0.0165252685546875 0.0947341918945313 0.0104598999023438
-0.113685607910156 -0.0725326538085938 0.0541343688964844 0.0702629089355469
0.00733947753906248 -0.166183471679687 -0.0110015869140625 0.0737457275390625
0.110160827636719 -0.11651611328125 -0.0398406982421875 -0.0113525390625
0.160690307617188 -0.043670654296875 0.120346069335938 -0.05401611328125
0.0678825378417969 0.0648536682128906 0.15057373046875 -0.148117065429688
0.101547241210937 0.025482177734375 0.166702270507813 -0.102157592773438
0.0875701904296875 -0.0658721923828125 0.131202697753906 -0.0836334228515625
0.00995635986328126 -0.082061767578125 0.08673095703125 -0.109909057617187
-0.0518264770507813 -0.0555686950683594 0.0389633178710938 -0.0979843139648438
-0.0708694458007813 0.00985717773437501 0.0207290649414062 -0.0785446166992188
-0.0506591796875 0.0502433776855469 0.0187301635742187 -0.08416748046875
-0.0548973083496094 0.056915283203125 0.0376052856445312 -0.0950927734375
-0.0528488159179688 0.0750503540039063 0.07452392578125 -0.103317260742188
-0.0689964294433594 0.0520820617675781 0.124649047851563 -0.0621490478515625
-0.0981292724609375 0.00569915771484374 0.118011474609375 0.0025482177734375
-0.0788345336914063 -0.06512451171875 0.074462890625 0.0675048828125
0.0307540893554688 -0.124847412109375 0.000732421874999995 0.0785751342773437
0.1097412109375 -0.057769775390625 -0.0185832977294922 -0.0211963653564453
0.11279296875 0.027099609375 0.161361694335938 -0.05328369140625
-0.0377120971679688 -0.0831527709960938 -0.165084838867188 0.0738525390625
-0.0689010620117188 0.00755310058593749 0.00288009643554687 0.0318508148193359
-0.0262794494628906 0.0544052124023438 -0.00141143798828125 -0.0885848999023438
0.0325775146484375 0.0446090698242188 -0.0960922241210937 -0.0932388305664062
0.052703857421875 0.00402450561523438 -0.1392822265625 -0.0159835815429688
0.0331974029541016 -0.0317764282226563 -0.13726806640625 0.0730514526367187
0.0168952941894531 -0.0239276885986328 -0.07525634765625 0.125213623046875
0.0198993682861328 -0.0141506195068359 -0.0408706665039063 0.112289428710938
0.0220718383789063 -0.0124778747558594 -0.0195693969726563 0.101905822753906
0.0187931060791016 0.00341987609863281 -0.0318527221679688 0.0942840576171875
0.00229644775390625 0.0250225067138672 -0.0426254272460938 0.100570678710938
-0.0385055541992187 0.0327491760253906 -0.0767593383789063 0.106925964355469
-0.0618667602539062 -0.0278167724609375 -0.133087158203125 0.0778427124023438
-0.0430908203125 -0.0840911865234375 -0.156173706054687 0.10894775390625
-0.00292968749999999 -0.118858337402344 -0.16064453125 0.141357421875
0.03466796875 -0.133979797363281 -0.170166015625 0.044830322265625
-0.0297927856445312 -0.0590171813964844 0.00136947631835937 0.0217418670654297
-0.039642333984375 -0.0198097229003906 0.00394439697265624 -0.105125427246094
-0.0143318176269531 0.00868701934814453 -0.0976715087890625 -0.112869262695312
-0.00192832946777344 0.00474643707275391 -0.1492919921875 -0.031219482421875
-0.00161135196685791 -0.000479459762573242 -0.1446533203125 0.070281982421875
-0.00353050231933594 0.0194530487060547 -0.077545166015625 0.124649047851562
-0.00948524475097656 0.0275592803955078 -0.0402755737304688 0.106712341308594
-0.00558662414550781 0.0299358367919922 -0.0163345336914063 0.09814453125
-0.0209236145019531 0.0246429443359375 -0.0209426879882812 0.0917510986328125
-0.0466537475585937 0.0146141052246094 -0.0307769775390625 0.0968704223632813
-0.0747146606445313 -0.012847900390625 -0.065399169921875 0.110580444335938
-0.047943115234375 -0.0965042114257813 -0.114723205566406 0.0807113647460938
0.00302124023437499 -0.135978698730469 -0.137008666992188 0.103889465332031
0.072540283203125 -0.161727905273438 -0.137565612792969 0.118606567382812
0.108444213867187 -0.16229248046875 -0.149246215820313 0.00152587890624998
0.02569580078125 -0.116676330566406 0.0138978958129883 0.000164985656738274
-0.04010009765625 -0.102241516113281 0.021636962890625 -0.123359680175781
-0.0585861206054688 -0.0394554138183594 -0.08392333984375 -0.137367248535156
-0.059906005859375 -0.00394058227539064 -0.146209716796875 -0.0554656982421875
-0.042205810546875 0.0270233154296875 -0.140869140625 0.05303955078125
-0.0275650024414062 0.058868408203125 -0.0723190307617188 0.107452392578125
-0.0377159118652344 0.06573486328125 -0.033172607421875 0.085723876953125
-0.0294723510742187 0.0704803466796875 -0.00563812255859375 0.0783615112304688
-0.0528335571289062 0.0496025085449219 0.001220703125 0.0775604248046875
-0.0880889892578125 0.0171432495117187 -0.0069427490234375 0.0877609252929688
-0.11029052734375 -0.03955078125 -0.0425643920898438 0.113151550292969
-0.0490264892578125 -0.148269653320313 -0.0916290283203125 0.0855712890625
0.030487060546875 -0.175750732421875 -0.114479064941406 0.0909881591796875
0.12847900390625 -0.188385009765625 -0.0947799682617187 0.0846786499023438
0.167648315429688 -0.159286499023438 -0.101234436035156 -0.0480575561523438
0.08673095703125 -0.14910888671875 0.0414810180664063 -0.0289459228515625
-0.01934814453125 -0.173202514648437 0.0502700805664062 -0.136444091796875
-0.0868606567382812 -0.0931549072265625 -0.0536651611328125 -0.157684326171875
-0.109382629394531 -0.0230484008789062 -0.124183654785156 -0.082489013671875
-0.0815048217773437 0.0455093383789063 -0.122817993164063 0.0251846313476562
-0.0502395629882813 0.0885467529296875 -0.06024169921875 0.075469970703125
-0.0609588623046875 0.094757080078125 -0.0205574035644531 0.0514259338378906
-0.045928955078125 0.103164672851563 0.0100517272949219 0.0453338623046875
-0.0732803344726562 0.0719528198242188 0.0277938842773438 0.05169677734375
-0.116775512695313 0.0265274047851563 0.0209884643554687 0.0699996948242188
-0.135513305664063 -0.0504684448242187 -0.0152740478515625 0.107643127441406
-0.0540008544921875 -0.178375244140625 -0.0672988891601563 0.0863723754882812
0.04705810546875 -0.194244384765625 -0.0943374633789063 0.06878662109375
0.162933349609375 -0.190185546875 -0.04278564453125 0.0424652099609375
0.197540283203125 -0.125747680664063 -0.0338668823242187 -0.0943450927734375
0.137435913085938 -0.144515991210938 0.0788040161132813 -0.0586318969726563
0.0199127197265625 -0.209732055664063 0.08270263671875 -0.137641906738281
-0.0862350463867187 -0.13446044921875 -0.0116119384765625 -0.16436767578125
-0.134529113769531 -0.0477294921875 -0.084686279296875 -0.103485107421875
-0.109352111816406 0.0495834350585938 -0.0897216796875 -0.00807952880859377
-0.067138671875 0.102302551269531 -0.0413665771484375 0.0341720581054688
-0.0750961303710938 0.109161376953125 -0.00548458099365235 0.011286735534668
-0.0565872192382813 0.121475219726563 0.0265045166015625 0.00529670715332032
-0.0841445922851563 0.0853347778320313 0.0540542602539062 0.0189781188964844
-0.130653381347656 0.0330657958984375 0.0466728210449219 0.0477066040039063
-0.143325805664063 -0.0561065673828125 0.011199951171875 0.094482421875
-0.0478057861328125 -0.188308715820313 -0.0439987182617187 0.0821914672851563
0.0641632080078125 -0.188690185546875 -0.0769271850585938 0.04083251953125
0.177764892578125 -0.165802001953125 0.0120820999145508 -0.00122833251953126
0.18756103515625 -0.07098388671875 0.0397796630859375 -0.128791809082031
0.159423828125 -0.1048583984375 0.117324829101563 -0.0825881958007813
0.06005859375 -0.198867797851563 0.109336853027344 -0.124900817871094
-0.0613555908203125 -0.148239135742188 0.0307464599609375 -0.1541748046875
-0.130516052246094 -0.0649337768554687 -0.0372543334960938 -0.110725402832031
-0.116783142089844 0.04296875 -0.0494613647460938 -0.0386390686035156
-0.0716552734375 0.0992813110351563 -0.0201549530029297 -0.0111141204833984
-0.0777206420898437 0.107032775878906 0.00945854187011718 -0.0302085876464844
-0.0603485107421875 0.1229248046875 0.0415878295898438 -0.0364799499511719
-0.0855941772460938 0.087066650390625 0.0777359008789063 -0.0151290893554687
-0.132034301757812 0.0316925048828125 0.0702743530273437 0.0254974365234375
-0.135543823242188 -0.0607376098632812 0.0351791381835937 0.080169677734375
-0.0289154052734375 -0.18280029296875 -0.0250701904296875 0.0768814086914062
0.0844268798828125 -0.16253662109375 -0.0600547790527344 0.0134773254394531
0.17529296875 -0.116180419921875 0.0643539428710938 -0.0371322631835938
0.141693115234375 -0.00445556640625 0.102081298828125 -0.146224975585937
0.146240234375 -0.0446319580078125 0.147201538085938 -0.096893310546875
0.0836944580078125 -0.14666748046875 0.124954223632813 -0.105354309082031
-0.026763916015625 -0.128562927246094 0.0633926391601563 -0.132682800292969
-0.100669860839844 -0.066741943359375 0.00542449951171873 -0.106803894042969
-0.102348327636719 0.0302658081054688 -0.0104103088378906 -0.0623741149902344
-0.0640411376953125 0.0818862915039063 0.000514984130859377 -0.0517349243164062
-0.0690841674804687 0.0897140502929688 0.0227394104003906 -0.0668563842773438
-0.0570907592773438 0.107490539550781 0.05596923828125 -0.074554443359375
-0.0793914794921875 0.0758209228515625 0.0995330810546875 -0.0447616577148438
-0.120040893554687 0.0229415893554688 0.0935821533203125 0.00817108154296875
-0.113876342773438 -0.0634231567382812 0.0565948486328125 0.0686759948730469
-0.00311279296875 -0.162521362304688 -0.00849914550781251 0.0741195678710937
0.100723266601563 -0.119285583496094 -0.0409889221191406 -0.00774002075195313
0.153488159179688 -0.0511322021484375 0.1134033203125 -0.0578460693359375
0.069976806640625 0.060302734375 0.13916015625 -0.147293090820313
0.10089111328125 0.0191497802734375 0.15863037109375 -0.1051025390625
0.0805511474609375 -0.0703811645507813 0.126335144042969 -0.087249755859375
0.0051422119140625 -0.080596923828125 0.079986572265625 -0.112777709960937
-0.0541534423828125 -0.0506744384765625 0.0331039428710938 -0.0982589721679688
-0.0684242248535156 0.0142631530761719 0.0167999267578125 -0.0786056518554688
-0.0450019836425781 0.0522079467773438 0.0139007568359375 -0.0824508666992188
-0.0495948791503906 0.059661865234375 0.0308151245117187 -0.0942001342773438
-0.0456695556640625 0.0759201049804688 0.067230224609375 -0.104278564453125
-0.0634117126464844 0.0545768737792969 0.118263244628906 -0.0670166015625
-0.09423828125 0.0114059448242187 0.115684509277344 -0.00124359130859375
-0.0805740356445312 -0.0583648681640625 0.07574462890625 0.0648651123046875
0.0209808349609375 -0.123123168945312 0.003570556640625 0.0777053833007812
0.103485107421875 -0.06280517578125 -0.0213336944580078 -0.0180740356445313
0.111282348632812 0.0205078125 0.152999877929688 -0.0588226318359375
-0.041046142578125 -0.0768508911132813 -0.152938842773438 0.08123779296875
-0.0657234191894531 0.01287841796875 0.00637817382812499 0.0294589996337891
-0.0204429626464844 0.05450439453125 -0.00567626953124999 -0.086181640625
0.0354843139648438 0.0392646789550781 -0.0984573364257813 -0.0852203369140625
0.0507850646972656 -0.00161361694335938 -0.135810852050781 -0.00875091552734377
0.0285587310791016 -0.0329189300537109 -0.128684997558594 0.079376220703125
0.0140972137451172 -0.023529052734375 -0.0647964477539062 0.125556945800781
0.0174446105957031 -0.0149297714233398 -0.031494140625 0.110801696777344
0.0188426971435547 -0.0135459899902344 -0.0112457275390625 0.0985336303710938
0.0166749954223633 0.000989913940429688 -0.0244369506835938 0.09356689453125
0.00327491760253906 0.0226383209228516 -0.0345230102539062 0.100448608398438
-0.0334281921386719 0.0336112976074219 -0.0671463012695313 0.108108520507812
-0.0601348876953125 -0.0226554870605469 -0.124916076660156 0.0825119018554688
-0.0471267700195313 -0.0767364501953125 -0.144012451171875 0.11187744140625
-0.0112457275390625 -0.112510681152344 -0.14447021484375 0.1429443359375
0.0248641967773437 -0.129447937011719 -0.158950805664062 0.053802490234375
-0.0320625305175781 -0.0534553527832031 0.00500869750976563 0.0200958251953125
-0.0381698608398438 -0.0150032043457031 -0.00141906738281251 -0.102127075195313
-0.0111579895019531 0.00765228271484375 -0.101318359375 -0.103904724121094
-0.000782966613769531 0.00256061553955078 -0.1470947265625 -0.0218658447265625
-0.00301027297973633 -0.00136661529541016 -0.13592529296875 0.0767745971679687
-0.00330352783203125 0.0182552337646484 -0.0654830932617187 0.1248779296875
-0.00800132751464844 0.0268726348876953 -0.0310745239257812 0.105537414550781
-0.004730224609375 0.0285301208496094 -0.00855255126953125 0.09539794921875
-0.020263671875 0.0236663818359375 -0.0138702392578125 0.0901718139648438
-0.0441818237304688 0.0155677795410156 -0.0228729248046875 0.09698486328125
-0.0709686279296875 -0.00806427001953125 -0.0554122924804687 0.111808776855469
-0.0508193969726562 -0.0899810791015625 -0.10791015625 0.0849685668945312
-0.00521087646484375 -0.129608154296875 -0.126388549804687 0.106956481933594
0.0584869384765625 -0.158798217773438 -0.123687744140625 0.120025634765625
0.093994140625 -0.161041259765625 -0.14208984375 0.0113525390625
0.0175323486328125 -0.112091064453125 0.0165328979492188 -0.000824928283691413
-0.043975830078125 -0.0941390991210938 0.0148696899414062 -0.120506286621094
-0.0565338134765625 -0.0351638793945313 -0.089447021484375 -0.128097534179688
-0.0574378967285156 -0.00136947631835937 -0.145004272460938 -0.04510498046875
-0.0400428771972656 0.0273361206054687 -0.132888793945313 0.060394287109375
-0.0237350463867188 0.0578193664550781 -0.0619735717773437 0.107925415039063
-0.03253173828125 0.0657691955566406 -0.025970458984375 0.0851364135742188
-0.0241661071777344 0.0689163208007813 0.000923156738281241 0.0758285522460938
-0.0484237670898438 0.0486640930175781 0.00662994384765625 0.0748062133789062
-0.0836639404296875 0.02008056640625 -0.000473022460937497 0.0867462158203125
-0.106636047363281 -0.0317306518554688 -0.0330352783203125 0.113937377929687
-0.0558929443359375 -0.139450073242188 -0.0851058959960938 0.0890045166015625
0.019073486328125 -0.169052124023438 -0.105766296386719 0.0937042236328125
0.110641479492187 -0.18817138671875 -0.0850067138671875 0.0857467651367187
0.151229858398438 -0.1619873046875 -0.0982589721679687 -0.038238525390625
0.074493408203125 -0.147964477539063 0.0409812927246094 -0.0293617248535156
-0.0294189453125 -0.163787841796875 0.0410842895507813 -0.134429931640625
-0.0867996215820313 -0.08416748046875 -0.0618743896484375 -0.149429321289063
-0.105949401855469 -0.0162582397460937 -0.125419616699219 -0.0728225708007813
-0.076324462890625 0.0473861694335937 -0.1168212890625 0.0317611694335937
-0.043609619140625 0.0870895385742187 -0.0518569946289063 0.0766143798828125
-0.0522994995117188 0.0950927734375 -0.0161552429199219 0.052154541015625
-0.0383682250976563 0.101089477539063 0.013458251953125 0.0435981750488281
-0.06658935546875 0.0720977783203125 0.031219482421875 0.0481491088867188
-0.109954833984375 0.0310287475585937 0.0254783630371094 0.0689010620117188
-0.1318359375 -0.0405731201171875 -0.00631713867187501 0.107597351074219
-0.0629425048828125 -0.1685791015625 -0.06158447265625 0.0886001586914062
0.0340728759765625 -0.18804931640625 -0.0871810913085937 0.0718536376953125
0.143600463867188 -0.192123413085938 -0.0382232666015625 0.0422782897949219
0.181838989257813 -0.13250732421875 -0.03729248046875 -0.0862808227539063
0.123580932617188 -0.1468505859375 0.0745468139648438 -0.0593490600585938
0.005615234375 -0.20220947265625 0.072723388671875 -0.136466979980469
-0.0895004272460938 -0.124137878417969 -0.021514892578125 -0.158096313476563
-0.132095336914063 -0.0375137329101562 -0.0886154174804688 -0.0954971313476562
-0.101860046386719 0.0532760620117188 -0.0873641967773438 -0.00229644775390624
-0.0579986572265625 0.101158142089844 -0.0367927551269531 0.0354042053222656
-0.0645980834960937 0.109962463378906 -0.00437736511230469 0.0120840072631836
-0.046295166015625 0.11993408203125 0.0265007019042969 0.00364303588867188
-0.075103759765625 0.0860595703125 0.05438232421875 0.0150871276855469
-0.122657775878906 0.038726806640625 0.0488243103027344 0.0451698303222656
-0.140029907226562 -0.0448074340820313 0.01824951171875 0.0936203002929688
-0.0580596923828125 -0.177566528320312 -0.0392837524414062 0.083251953125
0.05029296875 -0.18487548828125 -0.0726776123046875 0.044677734375
0.159088134765625 -0.169342041015625 0.0112228393554688 -0.00216960906982423
0.176361083984375 -0.078369140625 0.03167724609375 -0.1229248046875
0.1473388671875 -0.1103515625 0.109977722167969 -0.0841598510742187
0.044769287109375 -0.194976806640625 0.0993804931640625 -0.126213073730469
-0.0671844482421875 -0.139144897460938 0.019805908203125 -0.150405883789063
-0.129524230957031 -0.0544509887695313 -0.0433883666992188 -0.105010986328125
-0.109512329101563 0.048095703125 -0.0496978759765625 -0.034454345703125
-0.0619430541992187 0.0992507934570312 -0.0189037322998047 -0.00893974304199218
-0.0669403076171875 0.10870361328125 0.00727081298828124 -0.0286102294921875
-0.0491104125976563 0.121566772460938 0.0379257202148438 -0.0375099182128906
-0.0764999389648437 0.0876388549804688 0.0745697021484375 -0.0197372436523437
-0.123428344726563 0.0379104614257812 0.0708160400390625 0.021942138671875
-0.133232116699219 -0.0499649047851563 0.0401687622070313 0.0777740478515625
-0.040130615234375 -0.173568725585938 -0.021026611328125 0.0771102905273437
0.070648193359375 -0.161285400390625 -0.0582160949707031 0.0175590515136719
0.1602783203125 -0.121994018554688 0.0589523315429688 -0.0397796630859375
0.136970520019531 -0.0125274658203125 0.0904541015625 -0.142730712890625
0.137969970703125 -0.0524520874023437 0.137580871582031 -0.099578857421875
0.0704345703125 -0.146987915039063 0.115501403808594 -0.108657836914063
-0.0334701538085937 -0.122413635253906 0.0528030395507812 -0.132637023925781
-0.100982666015625 -0.0570755004882812 -0.00196075439453125 -0.103324890136719
-0.095977783203125 0.0360183715820312 -0.0137405395507813 -0.059722900390625
-0.0550689697265625 0.0821685791015625 -0.00224304199218751 -0.0492706298828125
-0.0595932006835937 0.0920639038085938 0.0168342590332031 -0.0649147033691406
-0.0463638305664062 0.10693359375 0.0489883422851563 -0.0754165649414063
-0.070770263671875 0.0775604248046875 0.0935287475585938 -0.0498580932617188
-0.112953186035156 0.0296096801757812 0.091705322265625 0.003997802734375
-0.112953186035156 -0.0529022216796875 0.0594406127929687 0.0652923583984375
-0.014984130859375 -0.155776977539062 -0.00479888916015625 0.0731124877929687
0.0888519287109375 -0.121810913085937 -0.0410957336425781 -0.00338745117187501
0.144149780273438 -0.0585784912109375 0.104347229003906 -0.0620193481445313
0.0722503662109375 0.0535659790039063 0.125106811523438 -0.146011352539062
0.098175048828125 0.01153564453125 0.14776611328125 -0.10748291015625
0.0716629028320313 -0.0740509033203125 0.117462158203125 -0.0917892456054688
-0.000679016113281246 -0.0782699584960937 0.0701065063476563 -0.114051818847656
-0.0560722351074219 -0.0444107055664063 0.0258026123046875 -0.0969924926757813
-0.0643272399902344 0.0191497802734375 0.0111160278320312 -0.0774688720703125
-0.0385627746582031 0.0528717041015625 0.00806427001953125 -0.0796966552734375
-0.0427436828613281 0.0612411499023438 0.0229415893554688 -0.0915451049804688
-0.0373153686523438 0.0769424438476563 0.05755615234375 -0.104339599609375
-0.0562324523925781 0.0562362670898437 0.109649658203125 -0.0722808837890625
-0.0887908935546875 0.0177001953125 0.112396240234375 -0.0066986083984375
-0.0804443359375 -0.0492172241210938 0.0771942138671875 0.0600433349609375
0.0103836059570312 -0.119903564453125 0.00731658935546876 0.0762252807617187
0.0944290161132813 -0.0682907104492188 -0.0236949920654297 -0.0141754150390625
0.108055114746094 0.0127944946289063 0.142532348632813 -0.0652923583984375
-0.0428886413574219 -0.0687446594238281 -0.138809204101563 0.0842437744140625
-0.0597076416015625 0.0169029235839844 0.00913238525390625 0.0260848999023437
-0.0145912170410156 0.0527915954589844 -0.00899505615234376 -0.0821609497070313
0.0364265441894531 0.0327606201171875 -0.0976104736328125 -0.07562255859375
0.0470161437988281 -0.00609970092773438 -0.129631042480469 -0.00125122070312499
0.0231704711914062 -0.0325717926025391 -0.11761474609375 0.0817184448242188
0.0102901458740234 -0.0226650238037109 -0.053619384765625 0.122093200683594
0.0146036148071289 -0.0146818161010742 -0.0220947265625 0.105995178222656
0.0154838562011719 -0.013981819152832 -0.0043182373046875 0.09259033203125
0.0142965316772461 -0.000870704650878906 -0.0179290771484375 0.0894241333007813
0.00417518615722656 0.019866943359375 -0.0265350341796875 0.0979461669921875
-0.0278472900390625 0.0329265594482422 -0.0574493408203125 0.1060791015625
-0.0569953918457031 -0.01739501953125 -0.114730834960938 0.0840225219726563
-0.0488929748535156 -0.0687980651855469 -0.130500793457031 0.111564636230469
-0.0181884765625 -0.103836059570313 -0.12744140625 0.13873291015625
0.0164337158203125 -0.121627807617187 -0.145034790039063 0.059356689453125
-0.032470703125 -0.0466232299804688 0.00810813903808593 0.0176219940185547
-0.0353584289550781 -0.0114173889160156 -0.00564575195312499 -0.0974197387695313
-0.00870609283447265 0.00625467300415039 -0.101150512695313 -0.093231201171875
-0.000651717185974121 0.00101244449615479 -0.140609741210938 -0.013580322265625
-0.00432610511779785 -0.00183248519897461 -0.123970031738281 0.0802764892578125
-0.00339889526367188 0.0173511505126953 -0.053924560546875 0.121879577636719
-0.00634384155273438 0.0258007049560547 -0.022216796875 0.101821899414062
-0.00416183471679688 0.0268173217773437 -0.00156402587890625 0.0899276733398438
-0.0195121765136719 0.0219020843505859 -0.00764465332031251 0.0863189697265625
-0.0414009094238281 0.0153427124023437 -0.015625 0.0935821533203125
-0.0655899047851563 -0.00456619262695311 -0.0456314086914063 0.10943603515625
-0.0518341064453125 -0.0812606811523438 -0.0984573364257812 0.0857315063476563
-0.0118789672851562 -0.120384216308594 -0.1142578125 0.106246948242187
0.045318603515625 -0.15106201171875 -0.109268188476563 0.116600036621094
0.0793914794921875 -0.155426025390625 -0.13067626953125 0.0190963745117187
0.0104598999023437 -0.10479736328125 0.0184516906738281 -0.00164794921875001
-0.0458526611328125 -0.0850830078125 0.00862884521484374 -0.114761352539062
-0.0534210205078125 -0.0310745239257812 -0.0917816162109375 -0.11639404296875
-0.0536727905273438 0.000526428222656241 -0.140357971191406 -0.035430908203125
-0.0368690490722656 0.0269432067871094 -0.1221923828125 0.0643081665039062
-0.019866943359375 0.0546722412109375 -0.0513992309570313 0.105339050292969
-0.0271682739257813 0.0637664794921875 -0.0186691284179688 0.0820388793945313
-0.0202102661132812 0.0658721923828125 0.00603485107421875 0.071258544921875
-0.0442657470703125 0.0471763610839844 0.0114212036132813 0.0704498291015625
-0.0780410766601563 0.0218048095703125 0.00531005859374999 0.08355712890625
-0.100959777832031 -0.0245208740234375 -0.0239791870117188 0.111015319824219
-0.059356689453125 -0.128005981445312 -0.077423095703125 0.0893630981445312
0.00968933105468751 -0.1590576171875 -0.095306396484375 0.093231201171875
0.0926666259765625 -0.181076049804688 -0.0752792358398438 0.0831375122070312
0.133468627929688 -0.15899658203125 -0.0927658081054687 -0.0286026000976563
0.0617218017578125 -0.142288208007813 0.0403900146484375 -0.0294990539550781
-0.03631591796875 -0.15142822265625 0.0332412719726563 -0.128791809082031
-0.0845870971679688 -0.0750579833984375 -0.067169189453125 -0.137947082519531
-0.100051879882813 -0.00993347167968749 -0.123329162597656 -0.0619125366210938
-0.06951904296875 0.0471572875976562 -0.108413696289063 0.0365982055664063
-0.0365219116210938 0.08355712890625 -0.0433120727539063 0.0751495361328125
-0.0438385009765625 0.0931854248046875 -0.011749267578125 0.0504570007324219
-0.0304794311523437 0.0970306396484375 0.0161705017089844 0.0402412414550781
-0.0592765808105469 0.069915771484375 0.0332565307617187 0.0435333251953125
-0.101844787597656 0.0336380004882812 0.0292854309082031 0.06524658203125
-0.125221252441406 -0.03155517578125 0.00139617919921875 0.103729248046875
-0.0680389404296875 -0.154159545898438 -0.0547561645507813 0.087982177734375
0.0220794677734375 -0.17816162109375 -0.0797576904296875 0.0725021362304688
0.12371826171875 -0.187362670898438 -0.033294677734375 0.0408248901367187
0.1640625 -0.132186889648438 -0.0382156372070313 -0.076416015625
0.108322143554688 -0.143844604492188 0.0701522827148438 -0.05865478515625
-0.005889892578125 -0.189682006835937 0.062591552734375 -0.132209777832031
-0.0897979736328125 -0.112030029296875 -0.0298309326171875 -0.148468017578125
-0.1259765625 -0.0281143188476562 -0.090057373046875 -0.0852890014648437
-0.0931396484375 0.0547027587890625 -0.08294677734375 0.00294494628906252
-0.04876708984375 0.097564697265625 -0.0315513610839844 0.0353622436523438
-0.0542373657226562 0.107711791992188 -0.00284004211425781 0.0123577117919922
-0.0366668701171875 0.114608764648438 0.0263290405273438 0.00235366821289063
-0.066131591796875 0.0835037231445312 0.0533981323242187 0.0106239318847656
-0.113174438476562 0.0421600341796875 0.05029296875 0.0418739318847656
-0.133209228515625 -0.034637451171875 0.024017333984375 0.0894851684570313
-0.06524658203125 -0.163497924804688 -0.034423828125 0.0824813842773437
0.0374755859375 -0.175811767578125 -0.0668411254882813 0.0467987060546875
0.13970947265625 -0.167343139648438 0.0103416442871094 -0.00300598144531251
0.162078857421875 -0.0827178955078125 0.0247421264648438 -0.114326477050781
0.132431030273437 -0.111831665039062 0.101661682128906 -0.0837326049804687
0.03106689453125 -0.185317993164063 0.088226318359375 -0.124046325683594
-0.070526123046875 -0.127510070800781 0.010345458984375 -0.143218994140625
-0.124320983886719 -0.04351806640625 -0.0475234985351562 -0.0967636108398438
-0.099945068359375 0.05108642578125 -0.0490531921386719 -0.0298118591308594
-0.052032470703125 0.0956268310546875 -0.0170097351074219 -0.00747203826904296
-0.0558090209960937 0.106742858886719 0.00525093078613281 -0.0264396667480469
-0.0382537841796875 0.116806030273438 0.0340843200683594 -0.0371856689453125
-0.0663299560546875 0.0859909057617188 0.0700187683105469 -0.0228195190429687
-0.113471984863281 0.04229736328125 0.069976806640625 0.0191116333007813
-0.126960754394531 -0.0388870239257813 0.0436553955078125 0.0736083984375
-0.0481414794921875 -0.160568237304688 -0.01715087890625 0.0755233764648438
0.056976318359375 -0.15496826171875 -0.0554351806640625 0.02130126953125
0.1429443359375 -0.122879028320313 0.0525703430175781 -0.0399971008300781
0.12908935546875 -0.0193634033203125 0.0779571533203125 -0.135711669921875
0.127510070800781 -0.057098388671875 0.126243591308594 -0.0988388061523438
0.0566253662109375 -0.142745971679688 0.104438781738281 -0.107742309570313
-0.0383453369140625 -0.113311767578125 0.0422821044921875 -0.127700805664063
-0.09844970703125 -0.04766845703125 -0.00788116455078126 -0.0981292724609375
-0.087921142578125 0.039398193359375 -0.0162620544433594 -0.0564498901367188
-0.0457534790039062 0.0795364379882813 -0.00448989868164062 -0.0465888977050781
-0.0493087768554687 0.0904006958007813 0.0120887756347656 -0.0610580444335938
-0.0357818603515625 0.102790832519531 0.0418319702148438 -0.0729446411132813
-0.0610885620117187 0.0761795043945313 0.08575439453125 -0.05255126953125
-0.103279113769531 0.0342025756835938 0.0885162353515625 0.000823974609375002
-0.108718872070313 -0.0427627563476562 0.0607414245605469 0.06060791015625
-0.0242156982421875 -0.144790649414063 -0.00174713134765625 0.0704421997070312
0.07623291015625 -0.119613647460938 -0.0404739379882813 0.000862121582031248
0.13177490234375 -0.0626296997070313 0.0937652587890625 -0.0633468627929688
0.071929931640625 0.0459823608398438 0.110565185546875 -0.141189575195312
0.093170166015625 0.00443267822265625 0.134872436523437 -0.107231140136719
0.061614990234375 -0.0742034912109375 0.107505798339844 -0.0928115844726563
-0.005645751953125 -0.0735549926757813 0.0601348876953125 -0.112236022949219
-0.0555152893066406 -0.0376052856445313 0.0184326171875 -0.093841552734375
-0.0587501525878906 0.0224533081054688 0.00554656982421874 -0.0744171142578125
-0.0317268371582031 0.0515251159667969 0.00318145751953125 -0.0751571655273438
-0.0348014831542969 0.0609703063964844 0.0157928466796875 -0.0863189697265625
-0.0291061401367187 0.0744094848632812 0.0481185913085938 -0.101493835449219
-0.048370361328125 0.0565757751464844 0.0990219116210938 -0.0744705200195313
-0.0812454223632813 0.0221481323242187 0.106300354003906 -0.0110702514648437
-0.0784378051757813 -0.0412445068359375 0.076629638671875 0.0539932250976563
0.00148010253906251 -0.112579345703125 0.0105056762695312 0.0724639892578125
0.0838165283203125 -0.0705490112304687 -0.0242023468017578 -0.0102100372314453
0.102027893066406 0.00566864013671875 0.129539489746094 -0.0680694580078125
-0.0416374206542969 -0.06243896484375 -0.125663757324219 0.0824813842773438
-0.0541191101074219 0.0189361572265625 0.0107746124267578 0.0236282348632813
-0.01043701171875 0.0499992370605469 -0.00984191894531249 -0.0775146484375
0.0354347229003906 0.0276260375976563 -0.0936508178710938 -0.0693206787109375
0.0427474975585938 -0.00873947143554688 -0.122734069824219 0.00158691406250002
0.0190525054931641 -0.0312519073486328 -0.107574462890625 0.0804290771484375
0.00779533386230469 -0.0211162567138672 -0.0450668334960938 0.116096496582031
0.0124721527099609 -0.0144577026367187 -0.0164260864257813 0.0993881225585938
0.0124845504760742 -0.0134668350219727 -0.000663757324218749 0.0855255126953125
0.0115556716918945 -0.00141620635986328 -0.0132293701171875 0.0850677490234375
0.0042266845703125 0.0171957015991211 -0.0207138061523437 0.09320068359375
-0.0228919982910156 0.0312156677246094 -0.0505142211914062 0.101158142089844
-0.0528602600097656 -0.0139884948730469 -0.106475830078125 0.081329345703125
-0.0479011535644531 -0.0609664916992187 -0.119514465332031 0.106033325195312
-0.0204010009765625 -0.094635009765625 -0.114219665527344 0.129623413085937
0.0113677978515625 -0.113128662109375 -0.131523132324219 0.0593185424804687
-0.0307388305664062 -0.0410232543945313 0.00991153717041015 0.0153999328613281
-0.0320491790771484 -0.00927543640136718 -0.00733184814453124 -0.0918197631835938
-0.00704479217529297 0.00469541549682617 -0.0982666015625 -0.084808349609375
-0.000806689262390137 -0.000624477863311768 -0.132659912109375 -0.00838470458984374
-0.0053563117980957 -0.00198841094970703 -0.113456726074219 0.0791473388671875
-0.00381088256835937 0.0162820816040039 -0.0458526611328125 0.115226745605469
-0.0057525634765625 0.0245895385742188 -0.015960693359375 0.0956649780273438
-0.00430107116699219 0.0252552032470703 0.00274658203125 0.0835037231445313
-0.0187797546386719 0.0201988220214844 -0.00383758544921875 0.0813522338867187
-0.0382919311523438 0.0143852233886719 -0.0110244750976562 0.0896987915039062
-0.0598182678222656 -0.00318908691406251 -0.0389251708984375 0.104362487792969
-0.0499114990234375 -0.0740585327148437 -0.091766357421875 0.082672119140625
-0.0146636962890625 -0.110549926757812 -0.104423522949219 0.101142883300781
0.0367660522460938 -0.140190124511719 -0.09814453125 0.109199523925781
0.0690155029296875 -0.145797729492187 -0.119209289550781 0.0224761962890625
0.00713348388671874 -0.0969772338867187 0.0193367004394531 -0.00290679931640626
-0.0441513061523437 -0.0773773193359375 0.00573730468750001 -0.108238220214844
-0.0494766235351562 -0.0285987854003906 -0.0900344848632813 -0.106307983398437
-0.0496406555175781 0.000812530517578122 -0.133346557617188 -0.0289993286132812
-0.0340766906738281 0.0253105163574219 -0.1123046875 0.0644454956054687
-0.0177040100097656 0.0511589050292969 -0.0438690185546875 0.0998001098632813
-0.0235443115234375 0.0606422424316406 -0.0136032104492188 0.0775070190429688
-0.0176963806152344 0.0618515014648438 0.00957489013671875 0.0660934448242188
-0.0410232543945313 0.0443077087402344 0.0135002136230469 0.0655746459960938
-0.0727310180664063 0.021453857421875 0.00910949707031249 0.0795364379882813
-0.0936813354492187 -0.0204010009765625 -0.0177536010742188 0.105903625488281
-0.0591583251953125 -0.1171875 -0.0715789794921875 0.086578369140625
0.0042266845703125 -0.147445678710938 -0.087310791015625 0.0893783569335937
0.0799407958984375 -0.170013427734375 -0.0674972534179687 0.07769775390625
0.119247436523438 -0.151779174804688 -0.0858306884765625 -0.0225982666015625
0.053436279296875 -0.132896423339844 0.0394096374511719 -0.0285110473632813
-0.0384674072265625 -0.138664245605469 0.0283050537109375 -0.122085571289063
-0.0797348022460937 -0.0682373046875 -0.0671463012695312 -0.12713623046875
-0.0930557250976563 -0.00701904296875 -0.118354797363281 -0.054351806640625
-0.063507080078125 0.0453987121582031 -0.100341796875 0.0377197265625
-0.0316696166992188 0.0778121948242188 -0.0373001098632812 0.0713424682617188
-0.0373992919921875 0.088470458984375 -0.00825119018554688 0.0482025146484375
-0.0259323120117188 0.0913238525390625 0.0174331665039063 0.0372123718261719
-0.053863525390625 0.0657577514648438 0.033447265625 0.03948974609375
-0.0937347412109375 0.0334930419921875 0.031036376953125 0.0613441467285156
-0.116340637207031 -0.0261001586914062 0.00617218017578124 0.0990982055664062
-0.0680389404296875 -0.14117431640625 -0.0503463745117187 0.0855331420898437
0.0155792236328125 -0.1658935546875 -0.072998046875 0.0702285766601563
0.108200073242188 -0.176895141601563 -0.0298881530761719 0.0379753112792969
0.149124145507813 -0.12811279296875 -0.0357933044433594 -0.0684127807617188
0.09698486328125 -0.136970520019531 0.0664443969726563 -0.0558090209960938
-0.011932373046875 -0.175765991210938 0.0557479858398438 -0.125663757324219
-0.0859603881835938 -0.102256774902344 -0.032196044921875 -0.137977600097656
-0.118270874023438 -0.0223541259765625 -0.0876998901367188 -0.0774612426757812
-0.0852584838867188 0.0533676147460937 -0.0772628784179688 0.00547027587890626
-0.0423583984375 0.0913467407226563 -0.0269203186035156 0.0337276458740234
-0.04595947265625 0.102790832519531 -0.00154399871826172 0.012110710144043
-0.0299072265625 0.107872009277344 0.0257320404052734 0.00148391723632813
-0.0591201782226562 0.078521728515625 0.0506439208984375 0.00825119018554688
-0.104118347167969 0.0414886474609375 0.0501632690429687 0.0393600463867188
-0.124343872070312 -0.028411865234375 0.0274581909179687 0.0849533081054688
-0.0662841796875 -0.14959716796875 -0.03106689453125 0.0796890258789062
0.0290069580078125 -0.164093017578125 -0.0620536804199219 0.0465469360351562
0.12408447265625 -0.15911865234375 0.00911426544189454 -0.00373363494873048
0.149703979492188 -0.081634521484375 0.020843505859375 -0.104721069335938
0.120391845703125 -0.108413696289063 0.0948028564453125 -0.0795059204101563
0.0221710205078125 -0.17364501953125 0.07965087890625 -0.118202209472656
-0.0690689086914062 -0.1171875 0.00485992431640624 -0.134712219238281
-0.117713928222656 -0.03668212890625 -0.0481796264648438 -0.0895614624023438
-0.09130859375 0.05029296875 -0.0469322204589844 -0.0267257690429688
-0.0451202392578125 0.0901260375976563 -0.0151786804199219 -0.00669479370117187
-0.0477981567382813 0.101493835449219 0.00461959838867187 -0.0241756439208984
-0.0307235717773438 0.109390258789063 0.0314559936523438 -0.0356025695800781
-0.0587158203125 0.0811309814453125 0.0652809143066406 -0.0237808227539062
-0.103790283203125 0.0421371459960937 0.0674285888671875 0.0163955688476563
-0.118705749511719 -0.032318115234375 0.0450668334960938 0.0693550109863281
-0.050933837890625 -0.147232055664063 -0.0147171020507813 0.0725936889648437
0.048065185546875 -0.146224975585937 -0.0521163940429688 0.0228233337402344
0.128570556640625 -0.118278503417969 0.0472908020019531 -0.03875732421875
0.121131896972656 -0.02191162109375 0.0694503784179688 -0.125633239746094
0.117080688476563 -0.0577011108398438 0.116539001464844 -0.093994140625
0.0468597412109375 -0.134864807128906 0.0957565307617188 -0.103591918945313
-0.03955078125 -0.105010986328125 0.0353240966796875 -0.120834350585937
-0.0936126708984375 -0.0405502319335937 -0.011138916015625 -0.0917510986328125
-0.080291748046875 0.0393905639648438 -0.0174636840820313 -0.0521659851074219
-0.0396270751953125 0.0748977661132813 -0.00461959838867188 -0.0430793762207031
-0.0415191650390625 0.08642578125 0.00938034057617188 -0.0566596984863281
-0.0281448364257812 0.0964202880859375 0.0370216369628906 -0.069183349609375
-0.0538558959960937 0.0720748901367188 0.0787353515625 -0.0519485473632812
-0.094085693359375 0.03558349609375 0.08392333984375 -0.000892639160156248
-0.101783752441406 -0.0358657836914062 0.0598564147949219 0.0567359924316406
-0.028350830078125 -0.133201599121094 -0.00046157836914062 0.0672264099121094
0.0661697387695313 -0.114028930664063 -0.03887939453125 0.00379562377929687
0.12005615234375 -0.0623855590820313 0.0849685668945313 -0.0605621337890625
0.0698432922363281 0.03985595703125 0.0998611450195313 -0.131683349609375
0.0870742797851563 -0.0001983642578125 0.123954772949219 -0.101806640625
0.0533905029296875 -0.0718002319335938 0.098876953125 -0.0895767211914062
-0.00862884521484376 -0.0687141418457031 0.0523147583007812 -0.107147216796875
-0.0535736083984375 -0.0319252014160156 0.01348876953125 -0.0891647338867188
-0.0533256530761719 0.0235710144042969 0.00292205810546874 -0.0702972412109375
-0.0261726379394531 0.0486907958984375 0.000911712646484379 -0.0700836181640625
-0.0293655395507812 0.0581779479980469 0.011688232421875 -0.0800933837890625
-0.0226249694824219 0.069732666015625 0.0407638549804688 -0.095794677734375
-0.0422744750976562 0.0540771484375 0.089813232421875 -0.0729217529296875
-0.0740280151367188 0.023834228515625 0.100326538085938 -0.0121841430664062
-0.0739974975585938 -0.0346603393554688 0.07464599609375 0.0500259399414063
-0.00388336181640624 -0.104927062988281 0.0109024047851563 0.0683059692382813
0.0745925903320313 -0.0688629150390625 -0.0243473052978516 -0.00698280334472657
0.0955810546875 0.00213623046875 0.117942810058594 -0.0663604736328125
-0.0400543212890625 -0.0580177307128906 -0.1168212890625 0.0784530639648438
-0.0496330261230469 0.0195541381835938 0.0113735198974609 0.0209503173828125
-0.00778961181640625 0.047119140625 -0.00961303710937501 -0.0749282836914063
0.0338344573974609 0.0242519378662109 -0.0895919799804688 -0.0653228759765625
0.0397415161132813 -0.00973892211914063 -0.116554260253906 0.00231933593750002
0.0163040161132813 -0.0296192169189453 -0.102012634277344 0.0774993896484375
0.00597381591796875 -0.0194377899169922 -0.0410842895507812 0.11053466796875
0.0106563568115234 -0.0136299133300781 -0.0130386352539062 0.0941009521484375
0.0103645324707031 -0.0126667022705078 0.000297546386718749 0.0799636840820313
0.00931835174560547 -0.00169086456298828 -0.0115203857421875 0.0810470581054688
0.00369548797607422 0.0153379440307617 -0.018035888671875 0.0889663696289063
-0.02008056640625 0.0283870697021484 -0.0470123291015625 0.0961532592773438
-0.0489883422851563 -0.0123863220214844 -0.101287841796875 0.0776596069335938
-0.0456352233886719 -0.0555305480957031 -0.112953186035156 0.0993804931640625
-0.0197219848632812 -0.0873031616210938 -0.107009887695312 0.119972229003906
0.00981140136718749 -0.10546875 -0.122642517089844 0.0573196411132813
-0.02813720703125 -0.0373725891113281 0.0111322402954102 0.0132312774658203
-0.0287685394287109 -0.00783729553222656 -0.00685882568359376 -0.08746337890625
-0.00596904754638672 0.00313758850097656 -0.0937957763671875 -0.0796051025390625
-0.00140237808227539 -0.00167739391326904 -0.126235961914063 -0.00696563720703124
-0.00655460357666016 -0.00212430953979492 -0.107032775878906 0.075958251953125
-0.00441932678222656 0.0154600143432617 -0.0414581298828125 0.109619140625
-0.00625228881835937 0.0235710144042969 -0.013031005859375 0.0902938842773438
-0.005218505859375 0.0239143371582031 0.00360107421874999 0.0783233642578125
-0.0192356109619141 0.0190048217773438 -0.002471923828125 0.0772247314453125
-0.036895751953125 0.0129432678222656 -0.00845336914062499 0.0859146118164063
-0.0549774169921875 -0.003143310546875 -0.0354461669921875 0.100006103515625
-0.0471076965332031 -0.0692672729492188 -0.0873184204101563 0.0792465209960938
-0.01409912109375 -0.102340698242188 -0.0984039306640625 0.0950469970703125
0.0333023071289063 -0.130828857421875 -0.0916061401367187 0.101280212402344
0.0633468627929688 -0.136932373046875 -0.110671997070313 0.0223922729492188
0.00618743896484375 -0.0902328491210937 0.0204486846923828 -0.00349998474121094
-0.041290283203125 -0.071319580078125 0.00530242919921875 -0.103042602539062
-0.0459785461425781 -0.0275306701660156 -0.0864639282226562 -0.100715637207031
-0.0469245910644531 0.000289916992187506 -0.1270751953125 -0.0264739990234375
-0.0333843231201172 0.0234527587890625 -0.105781555175781 0.0616607666015625
-0.017059326171875 0.0482673645019531 -0.039154052734375 0.0947189331054688
-0.0219573974609375 0.0575714111328125 -0.0104904174804688 0.0734481811523438
-0.01678466796875 0.0582962036132813 0.0104331970214844 0.0622215270996094
-0.0397109985351563 0.0410728454589844 0.0139312744140625 0.0620574951171875
-0.0688705444335938 0.0198783874511719 0.0102615356445312 0.0767135620117188
-0.0876693725585938 -0.0195465087890625 -0.0145492553710938 0.101593017578125
-0.056121826171875 -0.109809875488281 -0.0686569213867187 0.0830307006835938
0.00339508056640625 -0.137779235839844 -0.0828170776367188 0.0848159790039062
0.0735626220703125 -0.159576416015625 -0.0632247924804688 0.0714111328125
0.110626220703125 -0.142410278320313 -0.0791854858398438 -0.0197219848632813
0.0497512817382812 -0.125335693359375 0.0392417907714844 -0.027374267578125
-0.0368499755859375 -0.129753112792969 0.0269012451171875 -0.115959167480469
-0.0747451782226562 -0.0642318725585938 -0.0649032592773437 -0.119796752929687
-0.0875701904296875 -0.00650787353515625 -0.113540649414063 -0.0507354736328125
-0.0601654052734375 0.0419807434082031 -0.094573974609375 0.0367584228515625
-0.029693603515625 0.0734176635742188 -0.0332908630371094 0.0673065185546875
-0.0346221923828125 0.0839767456054688 -0.00623703002929688 0.0456809997558594
-0.0240020751953125 0.0858993530273438 0.018280029296875 0.0347747802734375
-0.0512771606445313 0.0617141723632812 0.0328598022460938 0.0372962951660156
-0.0890350341796875 0.0316009521484375 0.0311050415039062 0.0590858459472656
-0.109809875488281 -0.0241165161132812 0.00859832763671874 0.0951309204101563
-0.0650711059570313 -0.13232421875 -0.048492431640625 0.0829010009765625
0.0138397216796875 -0.155624389648438 -0.069854736328125 0.0671310424804687
0.100021362304688 -0.166519165039062 -0.0280857086181641 0.034423828125
0.139640808105469 -0.121299743652344 -0.0324249267578125 -0.0622901916503906
0.0903244018554688 -0.129623413085938 0.0647773742675781 -0.0527153015136719
-0.0131683349609375 -0.165481567382813 0.053070068359375 -0.119659423828125
-0.0811920166015625 -0.0964431762695313 -0.0323104858398438 -0.130126953125
-0.111740112304687 -0.02056884765625 -0.084625244140625 -0.0725021362304688
-0.0800399780273438 0.0501327514648438 -0.072845458984375 0.00572204589843749
-0.0396041870117188 0.0857391357421875 -0.0244827270507813 0.0319843292236328
-0.041900634765625 0.0975341796875 -0.000200271606445315 0.0122489929199219
-0.026763916015625 0.101493835449219 0.0253753662109375 0.00118446350097657
-0.0553665161132812 0.0736007690429688 0.0486602783203125 0.0074310302734375
-0.0977401733398438 0.0394134521484375 0.0496139526367187 0.0379409790039063
-0.117164611816406 -0.0261611938476562 0.02850341796875 0.082366943359375
-0.0638580322265625 -0.140144348144531 -0.0298538208007813 0.0771560668945312
0.026947021484375 -0.154342651367188 -0.0593338012695313 0.0454864501953125
0.115066528320313 -0.150177001953125 0.00789642333984376 -0.00442266464233399
0.140945434570313 -0.078521728515625 0.020538330078125 -0.0962448120117188
0.112831115722656 -0.103118896484375 0.0911178588867188 -0.074951171875
0.0184173583984375 -0.163818359375 0.0756072998046875 -0.11224365234375
-0.0658035278320313 -0.11029052734375 0.00311279296875 -0.126876831054688
-0.111076354980469 -0.0328140258789063 -0.047271728515625 -0.0844573974609375
-0.0854568481445313 0.047882080078125 -0.0442924499511719 -0.0248489379882812
-0.0415420532226563 0.0844955444335938 -0.0138568878173828 -0.00643444061279296
-0.042816162109375 0.0966033935546875 0.00489425659179687 -0.0222816467285156
-0.0271759033203125 0.103073120117188 0.0301666259765625 -0.0336742401123047
-0.0543060302734375 0.0759048461914062 0.0619049072265625 -0.0235061645507812
-0.0966110229492188 0.0406570434570312 0.0656852722167969 0.0170440673828125
-0.111915588378906 -0.0295562744140625 0.0449485778808594 0.066986083984375
-0.0497512817382813 -0.137611389160156 -0.0145034790039063 0.0702056884765625
0.0440673828125 -0.137611389160156 -0.0500297546386719 0.0232315063476562
0.120162963867188 -0.111953735351562 0.0440483093261719 -0.0367240905761719
0.114410400390625 -0.0229339599609375 0.0658950805664063 -0.117141723632813
0.109603881835938 -0.0557785034179688 0.111610412597656 -0.0879058837890625
0.0420989990234375 -0.127540588378906 0.0908966064453125 -0.098602294921875
-0.0383682250976563 -0.0987319946289063 0.0323867797851562 -0.113861083984375
-0.0885772705078125 -0.0365371704101563 -0.0119781494140625 -0.0866470336914063
-0.0745773315429688 0.0380096435546875 -0.0169677734375 -0.0499801635742188
-0.0359878540039063 0.070526123046875 -0.00464630126953125 -0.0408935546875
-0.0373306274414062 0.0819244384765625 0.00882339477539062 -0.052978515625
-0.0244827270507813 0.0906448364257813 0.0342941284179688 -0.0655555725097656
-0.0490875244140625 0.0675697326660156 0.074432373046875 -0.0501022338867187
-0.0875701904296875 0.0340118408203125 0.0807952880859375 -0.000686645507812498
-0.0956497192382812 -0.0324859619140625 0.05889892578125 0.0540809631347656
-0.0287551879882813 -0.124969482421875 -0.000537872314453129 0.0648269653320312
0.06072998046875 -0.107955932617187 -0.037750244140625 0.00539779663085937
0.112998962402344 -0.0595626831054688 0.0793228149414063 -0.0575485229492188
0.0666618347167969 0.0357933044433594 0.0942230224609375 -0.122207641601563
0.0819549560546875 -0.001678466796875 0.118301391601562 -0.0950927734375
0.0478057861328125 -0.0682525634765625 0.0947647094726562 -0.0856246948242188
-0.00972366333007813 -0.0639877319335938 0.04901123046875 -0.101295471191406
-0.0508003234863281 -0.0286064147949219 0.01220703125 -0.0846405029296875
-0.0495223999023437 0.0233497619628906 0.00178146362304687 -0.0670051574707031
-0.0235710144042969 0.0453033447265625 0.000347137451171874 -0.0662002563476562
-0.025421142578125 0.0551300048828125 0.0103378295898437 -0.075103759765625
-0.0189247131347656 0.0655670166015625 0.03765869140625 -0.0909576416015625
-0.0383796691894531 0.0511665344238281 0.0842437744140625 -0.069915771484375
-0.0690536499023438 0.0237693786621094 0.0962600708007813 -0.0118942260742187
-0.0699577331542969 -0.0311965942382813 0.0718231201171875 0.0473785400390625
-0.00618743896484374 -0.0979995727539062 0.0103645324707031 0.0657730102539063
0.0686759948730469 -0.0663909912109375 -0.0240058898925781 -0.00440788269042969
0.090240478515625 0.00072479248046875 0.110328674316406 -0.0629425048828125
-0.0387840270996094 -0.0546493530273437 -0.112190246582031 0.0754776000976563
-0.0465812683105469 0.0195541381835938 0.0120105743408203 0.0194664001464844
-0.00597763061523437 0.0450859069824219 -0.00901031494140624 -0.0737075805664063
0.0325279235839844 0.0222854614257812 -0.0871734619140625 -0.0639114379882812
0.0378761291503906 -0.0104942321777344 -0.113670349121094 0.00222015380859373
0.0146369934082031 -0.0284214019775391 -0.0990753173828125 0.075408935546875
0.005035400390625 -0.0182743072509766 -0.0392532348632812 0.107040405273438
0.00957202911376953 -0.012852668762207 -0.0119400024414062 0.090423583984375
0.00868034362792969 -0.0117607116699219 9.91821289062491E-05 0.0771865844726563
0.00751495361328125 -0.00168704986572266 -0.0109939575195312 0.0789566040039063
0.00306129455566406 0.0139045715332031 -0.0166168212890625 0.0875244140625
-0.0178585052490234 0.0266494750976563 -0.0453720092773438 0.0934982299804688
-0.0465660095214844 -0.0117683410644531 -0.100044250488281 0.0750198364257813
-0.0436363220214844 -0.0514411926269531 -0.109527587890625 0.0945053100585938
-0.0189437866210938 -0.083160400390625 -0.104660034179688 0.112167358398437
0.00909423828125001 -0.100578308105469 -0.116981506347656 0.0547256469726563
-0.0264053344726563 -0.0348949432373047 0.0122127532958984 0.0120811462402344
-0.0265636444091797 -0.0074005126953125 -0.00642395019531251 -0.0859909057617188
-0.00519514083862305 0.00156879425048828 -0.0910797119140625 -0.0774765014648438
-0.00144457817077637 -0.00300478935241699 -0.123329162597656 -0.0069732666015625
-0.00711965560913086 -0.0025019645690918 -0.103622436523437 0.0738906860351562
-0.00538253784179688 0.0153713226318359 -0.039215087890625 0.106101989746094
-0.00663185119628906 0.0228443145751953 -0.0112457275390625 0.0875167846679688
-0.00608634948730469 0.0231132507324219 0.004150390625 0.0752182006835938
-0.0203037261962891 0.0181503295898438 -0.00167846679687501 0.07513427734375
-0.036346435546875 0.0117759704589844 -0.00714111328125001 0.0843582153320313
-0.0520896911621094 -0.00476455688476562 -0.0340957641601563 0.0976333618164063
-0.0446510314941406 -0.0668411254882813 -0.0866317749023438 0.0772018432617188
-0.0130538940429688 -0.0973892211914063 -0.096466064453125 0.0908737182617187
0.0325851440429688 -0.124923706054688 -0.089569091796875 0.0947494506835938
0.0610733032226562 -0.130592346191406 -0.105308532714844 0.0217971801757813
0.00714874267578125 -0.0858001708984375 0.0216808319091797 -0.00442314147949219
-0.0392799377441406 -0.0680389404296875 0.00629425048828125 -0.100868225097656
-0.0432395935058594 -0.0275611877441406 -0.0838699340820313 -0.0974655151367187
-0.0445709228515625 -0.00054550170898438 -0.124221801757812 -0.0254974365234375
-0.0329914093017578 0.0217666625976562 -0.102531433105469 0.0603790283203125
-0.0176773071289062 0.0462493896484375 -0.03729248046875 0.09130859375
-0.0215950012207031 0.05609130859375 -0.00876617431640626 0.070953369140625
-0.017120361328125 0.0562782287597656 0.010986328125 0.0595207214355469
-0.040130615234375 0.0393180847167969 0.0146026611328125 0.0603446960449219
-0.0670661926269531 0.0187339782714844 0.0113372802734375 0.0753707885742188
-0.0837020874023438 -0.0202255249023438 -0.0130844116210938 0.0992965698242187
-0.0532455444335938 -0.106010437011719 -0.0682601928710937 0.081329345703125
0.00434112548828126 -0.131515502929688 -0.08111572265625 0.0809555053710937
0.0717010498046875 -0.152389526367188 -0.061920166015625 0.0666732788085937
0.106895446777344 -0.13641357421875 -0.0748443603515625 -0.0182571411132813
0.0485076904296875 -0.119941711425781 0.0404548645019531 -0.0271568298339844
-0.0354461669921875 -0.124794006347656 0.027374267578125 -0.11285400390625
-0.0712127685546875 -0.0630111694335938 -0.063201904296875 -0.115989685058594
-0.0844192504882813 -0.00706481933593751 -0.110862731933594 -0.0489044189453125
-0.0584716796875 0.0400276184082031 -0.0917816162109375 0.036224365234375
-0.0294456481933594 0.0700836181640625 -0.0317153930664062 0.0648231506347656
-0.0329666137695313 0.0814971923828125 -0.0047454833984375 0.0444145202636719
-0.0233993530273438 0.0827178955078125 0.0188369750976562 0.0333518981933594
-0.0507316589355469 0.0585174560546875 0.03228759765625 0.0359992980957031
-0.08660888671875 0.029571533203125 0.03173828125 0.0590553283691406
-0.105049133300781 -0.0244979858398437 0.00978851318359374 0.0936126708984375
-0.0624160766601563 -0.127609252929688 -0.0485763549804687 0.0813522338867187
0.01397705078125 -0.14935302734375 -0.0685768127441406 0.0652008056640625
0.097076416015625 -0.159271240234375 -0.0277023315429687 0.0316200256347656
0.135116577148438 -0.116371154785156 -0.0296363830566406 -0.0589256286621094
0.0880813598632812 -0.124198913574219 0.0650672912597656 -0.050933837890625
-0.012725830078125 -0.158599853515625 0.0525741577148438 -0.11578369140625
-0.077545166015625 -0.0939407348632813 -0.0309906005859375 -0.125999450683594
-0.107566833496094 -0.0206146240234375 -0.0828933715820313 -0.0703811645507813
-0.0775527954101563 0.0473175048828125 -0.0707931518554688 0.00602722167968749
-0.0383758544921875 0.0820388793945312 -0.0235309600830078 0.0302772521972656
-0.0397720336914063 0.094268798828125 0.00069332122802734 0.01220703125
-0.026123046875 0.0975875854492188 0.0252857208251953 0.00127410888671876
-0.0542488098144531 0.07000732421875 0.0478248596191406 0.00661468505859376
-0.0944976806640625 0.0374755859375 0.050018310546875 0.03826904296875
-0.112464904785156 -0.0258636474609375 0.0290679931640625 0.081085205078125
-0.061004638671875 -0.134979248046875 -0.0305862426757813 0.0764389038085937
0.02606201171875 -0.14849853515625 -0.0587120056152344 0.0446357727050781
0.111419677734375 -0.142959594726563 0.00737190246582032 -0.00470066070556641
0.136428833007813 -0.0753097534179688 0.0215606689453125 -0.09130859375
0.108795166015625 -0.0991973876953125 0.090545654296875 -0.0713958740234375
0.0173492431640625 -0.156951904296875 0.0748748779296875 -0.108482360839844
-0.0629653930664063 -0.107040405273438 0.00319671630859375 -0.12255859375
-0.107246398925781 -0.0322799682617187 -0.046600341796875 -0.0822982788085938
-0.0822982788085938 0.0456085205078125 -0.0427703857421875 -0.0241470336914062
-0.0400619506835938 0.0807266235351563 -0.0127096176147461 -0.00662136077880859
-0.0405960083007813 0.0934371948242188 0.00537300109863281 -0.0210533142089844
-0.0255584716796875 0.098907470703125 0.0300521850585938 -0.0325679779052734
-0.0526351928710938 0.072601318359375 0.0603065490722656 -0.0230712890625
-0.0933456420898438 0.0385055541992188 0.0655250549316406 0.0173263549804688
-0.10693359375 -0.02880859375 0.0453910827636719 0.0660514831542969
-0.0487060546875 -0.132339477539062 -0.0150032043457031 0.0696678161621094
0.0423583984375 -0.132492065429688 -0.049163818359375 0.0240364074707031
0.116539001464844 -0.107337951660156 0.0422325134277344 -0.0356216430664063
0.111587524414063 -0.0220794677734375 0.0656814575195312 -0.1103515625
0.105941772460938 -0.0540924072265625 0.110160827636719 -0.08349609375
0.0393218994140625 -0.123321533203125 0.08941650390625 -0.0954818725585938
-0.0371322631835937 -0.0955047607421875 0.0317916870117187 -0.1104736328125
-0.0857696533203125 -0.0350265502929688 -0.0119705200195312 -0.084686279296875
-0.0711517333984375 0.0367584228515625 -0.0165519714355469 -0.0481605529785156
-0.0343399047851563 0.0674247741699219 -0.00415802001953125 -0.0399322509765625
-0.03460693359375 0.0790863037109375 0.00904464721679687 -0.0505599975585937
-0.0220794677734375 0.0869064331054688 0.0334510803222656 -0.0636863708496094
-0.046844482421875 0.0646209716796875 0.0718765258789063 -0.0481338500976563
-0.08367919921875 0.0332412719726562 0.0801010131835938 0.000564575195312502
-0.0913848876953125 -0.0309677124023438 0.0584144592285156 0.0539894104003906
-0.0285186767578125 -0.119941711425781 -0.00162887573242188 0.0643348693847656
0.0581207275390625 -0.104576110839844 -0.0375099182128906 0.00694274902343749
0.109260559082031 -0.0567169189453125 0.0763931274414063 -0.0546951293945313
0.0653724670410156 0.0334663391113281 0.0928878784179688 -0.114875793457031
0.0787353515625 -0.00212860107421875 0.116348266601563 -0.0897598266601563
0.0447769165039063 -0.0660324096679688 0.0924835205078125 -0.0828399658203125
-0.00975418090820312 -0.0615158081054687 0.0479965209960938 -0.0984039306640625
-0.0495223999023438 -0.0272331237792969 0.0113906860351562 -0.0824737548828125
-0.0468406677246094 0.0232582092285156 0.00112533569335937 -0.06512451171875
-0.0217475891113281 0.043243408203125 0.000396728515625001 -0.0638923645019531
-0.0228500366210938 0.0533027648925781 0.0103607177734375 -0.0719375610351563
-0.0164070129394531 0.0628547668457031 0.0361251831054688 -0.0873870849609375
-0.0356826782226563 0.0490264892578125 0.08160400390625 -0.06793212890625
-0.0658721923828125 0.0230636596679687 0.0947723388671875 -0.0107955932617187
-0.0670509338378906 -0.0297737121582031 0.0707244873046875 0.0472030639648438
-0.00719451904296874 -0.0937576293945312 0.00888824462890624 0.0645790100097656
0.0651626586914063 -0.0645751953125 -0.0241966247558594 -0.00261497497558595
0.0870513916015625 0.0004425048828125 0.1064453125 -0.0603256225585937
-0.0390052795410156 -0.0525016784667969 -0.109184265136719 0.07513427734375
-0.0444602966308594 0.0205154418945312 0.0126934051513672 0.0183830261230469
-0.00444793701171875 0.0443916320800781 -0.00921630859375 -0.0737228393554688
0.0324058532714844 0.0204067230224609 -0.0869064331054688 -0.0629501342773437
0.0364456176757813 -0.0123062133789062 -0.1136474609375 0.00344085693359373
0.0128440856933594 -0.0279159545898438 -0.098236083984375 0.076568603515625
0.00370311737060547 -0.0171680450439453 -0.0367202758789063 0.106132507324219
0.00875377655029297 -0.0129051208496094 -0.0098724365234375 0.0889968872070313
0.00750541687011719 -0.0109128952026367 0.00055694580078125 0.0754623413085937
0.00644159317016601 -0.00128602981567383 -0.0099639892578125 0.0785140991210938
0.00256633758544922 0.012690544128418 -0.0146408081054687 0.0869522094726563
-0.0162410736083984 0.0252208709716797 -0.0442657470703125 0.0930404663085938
-0.0451850891113281 -0.0112152099609375 -0.0998001098632813 0.074859619140625
-0.0424537658691406 -0.0487442016601563 -0.108230590820313 0.0923843383789063
-0.0193710327148438 -0.0807723999023437 -0.103569030761719 0.108573913574219
0.00814819335937501 -0.0981292724609375 -0.113914489746094 0.054840087890625
-0.0249805450439453 -0.0333423614501953 0.0130577087402344 0.0103015899658203
-0.0255546569824219 -0.00716590881347656 -0.00645446777343751 -0.0858917236328125
-0.0049891471862793 0.000232219696044921 -0.0907821655273438 -0.0767440795898437
-0.00173473358154297 -0.00478649139404297 -0.123138427734375 -0.00548553466796876
-0.00858974456787109 -0.00309181213378906 -0.102256774902344 0.0747833251953125
-0.00612354278564453 0.0153160095214844 -0.0367660522460938 0.105064392089844
-0.00690841674804688 0.0229911804199219 -0.00931549072265625 0.086212158203125
-0.00712203979492187 0.0234889984130859 0.00510406494140626 0.073699951171875
-0.0214729309082031 0.0174179077148437 -0.000877380371093758 0.0750656127929688
-0.0364608764648438 0.0111808776855469 -0.0052490234375 0.084625244140625
-0.0505638122558594 -0.005645751953125 -0.03204345703125 0.0976028442382812
-0.0437393188476563 -0.0653076171875 -0.087005615234375 0.0773162841796875
-0.0122833251953125 -0.0946197509765625 -0.0952682495117188 0.0891571044921875
0.0307693481445313 -0.121917724609375 -0.089080810546875 0.0913925170898437
0.0589599609375 -0.127998352050781 -0.102638244628906 0.0223846435546875
0.00677490234375 -0.0835952758789063 0.0227890014648438 -0.00564193725585938
-0.0380744934082031 -0.0666542053222656 0.00572204589843749 -0.100509643554688
-0.0421714782714844 -0.0282859802246094 -0.084014892578125 -0.095703125
-0.04400634765625 -0.00139999389648437 -0.123893737792969 -0.0239334106445312
-0.033294677734375 0.0210914611816406 -0.100738525390625 0.0608901977539063
-0.0176467895507813 0.0458259582519531 -0.0350875854492187 0.0902557373046875
-0.0211753845214844 0.0559043884277344 -0.00665283203125 0.0706405639648438
-0.0173835754394531 0.0560646057128906 0.0122756958007812 0.0585365295410156
-0.0403594970703125 0.0384597778320313 0.0153694152832031 0.0603675842285156
-0.0670280456542969 0.0180015563964844 0.0130233764648438 0.0758132934570312
-0.082061767578125 -0.0209808349609375 -0.0112991333007813 0.0997238159179688
-0.05267333984375 -0.104347229003906 -0.0689468383789063 0.0820465087890625
0.00388336181640624 -0.128890991210938 -0.0806732177734375 0.0801925659179687
0.0694427490234375 -0.149642944335938 -0.0618400573730469 0.0647430419921875
0.104583740234375 -0.134346008300781 -0.0721282958984375 -0.01690673828125
0.0475234985351563 -0.117599487304688 0.0418624877929688 -0.0280990600585938
-0.035064697265625 -0.121894836425781 0.0263824462890625 -0.112205505371094
-0.0698089599609375 -0.0626564025878906 -0.0635604858398438 -0.114555358886719
-0.082794189453125 -0.00697326660156249 -0.111320495605469 -0.047149658203125
-0.0585060119628906 0.0389289855957031 -0.0901031494140625 0.0368118286132813
-0.02886962890625 0.0690727233886719 -0.0296287536621094 0.0641632080078125
-0.0318374633789063 0.0807571411132812 -0.00289535522460938 0.0437545776367188
-0.0230026245117188 0.0816650390625 0.0196342468261719 0.0322647094726563
-0.0507011413574219 0.0574607849121094 0.0327491760253906 0.03582763671875
-0.0859298706054688 0.0293045043945313 0.0338859558105469 0.0593528747558594
-0.103584289550781 -0.0246047973632813 0.0120391845703125 0.0937881469726563
-0.0622100830078125 -0.125205993652344 -0.0488357543945312 0.0825347900390625
0.01373291015625 -0.146347045898438 -0.0681495666503906 0.0654525756835937
0.0950775146484375 -0.156906127929688 -0.0280494689941406 0.0300941467285156
0.132614135742188 -0.1156005859375 -0.0281867980957031 -0.0564384460449219
0.0858001708984375 -0.12261962890625 0.0661506652832031 -0.0508003234863281
-0.01422119140625 -0.155685424804688 0.0522308349609375 -0.11541748046875
-0.0765533447265625 -0.0927886962890625 -0.0321273803710938 -0.124053955078125
-0.105941772460938 -0.0193252563476563 -0.0838851928710938 -0.0680389404296875
-0.0767440795898438 0.04681396484375 -0.0697975158691406 0.00638961791992189
-0.0374908447265625 0.0811538696289063 -0.0217952728271484 0.0299892425537109
-0.037750244140625 0.0937728881835937 0.00176239013671875 0.012115478515625
-0.0245361328125 0.0962448120117188 0.0257148742675781 -3.24249267578066E-05
-0.0533981323242187 0.0691642761230469 0.0478134155273438 0.00658416748046875
-0.0927658081054688 0.0368728637695313 0.0515823364257812 0.0387496948242188
-0.110374450683594 -0.0256423950195312 0.0314788818359375 0.0806655883789062
-0.0617294311523438 -0.1322021484375 -0.0300979614257812 0.0779495239257812
0.0254058837890625 -0.146072387695313 -0.0579605102539062 0.0454864501953125
0.109329223632813 -0.1414794921875 0.00668811798095704 -0.00546216964721681
0.134864807128906 -0.07562255859375 0.0217361450195313 -0.0881881713867187
0.10723876953125 -0.09783935546875 0.0915145874023438 -0.0706787109375
0.015228271484375 -0.1549072265625 0.0747146606445312 -0.108535766601563
-0.062591552734375 -0.10589599609375 0.00262451171874999 -0.120903015136719
-0.106025695800781 -0.0304718017578125 -0.0482101440429688 -0.0802536010742188
-0.081024169921875 0.0456008911132813 -0.0426902770996094 -0.0232505798339844
-0.0389556884765625 0.0797882080078125 -0.0121192932128906 -0.00664997100830077
-0.038177490234375 0.092742919921875 0.00594711303710938 -0.0210475921630859
-0.0232315063476563 0.0974197387695313 0.03021240234375 -0.0330619812011719
-0.0510711669921875 0.0714035034179688 0.059844970703125 -0.0232505798339844
-0.0914535522460938 0.0382156372070312 0.0668449401855469 0.0176658630371094
-0.105758666992188 -0.0277175903320313 0.0472831726074219 0.0660324096679688
-0.048858642578125 -0.129959106445313 -0.0150909423828125 0.0710525512695312
0.0404739379882812 -0.131233215332031 -0.0492706298828125 0.0254783630371094
0.113975524902344 -0.1060791015625 0.0409469604492188 -0.0351448059082031
0.110198974609375 -0.0234222412109375 0.0655975341796875 -0.107315063476562
0.104278564453125 -0.0542373657226563 0.110450744628906 -0.082366943359375
0.03643798828125 -0.121444702148438 0.089324951171875 -0.0946426391601563
-0.0374069213867187 -0.094024658203125 0.0305938720703125 -0.109306335449219
-0.085052490234375 -0.0331573486328125 -0.0137557983398438 -0.0835037231445313
-0.0693244934082031 0.0370712280273438 -0.0167312622070313 -0.0476455688476563
-0.0329360961914063 0.066131591796875 -0.00395965576171875 -0.039337158203125
-0.0319747924804688 0.0785751342773438 0.00866317749023438 -0.0498504638671875
-0.0200958251953125 0.0853118896484375 0.0329971313476563 -0.0635528564453125
-0.045501708984375 0.063995361328125 0.0707626342773438 -0.0487594604492187
-0.0818023681640625 0.0332717895507812 0.0808334350585937 0.000602722167968752
-0.0900421142578125 -0.0299606323242187 0.0599708557128906 0.0539474487304687
-0.0300140380859375 -0.116645812988281 -0.0019683837890625 0.0650863647460937
0.0552902221679687 -0.103599548339844 -0.0371513366699219 0.00948715209960937
0.107841491699219 -0.0570449829101562 0.0747833251953125 -0.0542678833007813
0.0650138854980469 0.0312309265136719 0.0916824340820312 -0.111869812011719
0.0769500732421875 -0.00362396240234375 0.116004943847656 -0.0882949829101563
0.042449951171875 -0.0649681091308594 0.0927886962890625 -0.0826263427734375
-0.0106887817382813 -0.0606727600097656 0.0467529296875 -0.0979156494140625
-0.0490760803222656 -0.0250930786132813 0.00935363769531251 -0.0821609497070313
-0.0452690124511719 0.0241584777832031 0.00028228759765625 -0.064666748046875
-0.0201530456542969 0.0424079895019531 -0.000118255615234381 -0.0637779235839844
-0.0205917358398438 0.0528068542480469 0.009674072265625 -0.0705337524414063
-0.0142326354980469 0.0613174438476563 0.03448486328125 -0.0866546630859375
-0.0348701477050781 0.0484695434570313 0.0797042846679688 -0.067535400390625
-0.0636520385742187 0.0239601135253906 0.0949783325195313 -0.0105819702148437
-0.0658493041992187 -0.0284805297851563 0.07110595703125 0.0473403930664063
-0.008697509765625 -0.091583251953125 0.00846862792968749 0.0653266906738281
0.0624847412109375 -0.0643234252929688 -0.0243778228759766 -0.000762939453125001
0.086181640625 -0.0008544921875 0.104408264160156 -0.0593719482421875
-0.0100842261163334 0.0472083121615016 -0.112701643632875 -0.0512310130186608
0.0416548367803679 0.0206602909787688 -0.00708869769206811 0.011774813990937
0.0408230020912373 -0.0160249055684194 0.0553690435549589 -0.0527789749048842
0.00295007218302586 -0.0364106442001944 0.00520901725212966 -0.103493553061591
-0.0242637890799055 -0.0180989942533901 -0.0642898441027751 -0.096848273896951
-0.0170028567569833 0.00205021887214656 -0.10743687895459 -0.0505509224666007
-0.0136620809170709 -0.000366732204100798 -0.109744841503449 0.00435359997962738
-0.0137646724457396 -0.00371692863370916 -0.0879259821904953 0.0332702499634503
-0.0104713587525337 -0.00432288835126468 -0.069354703268375 0.0317416558347949
-0.00483004449374209 -0.00782205699458721 -0.0714561875401676 0.0288208417076733
0.00871311545381889 -0.013583264690083 -0.0877354630591732 0.0276354929966412
0.0319027795794996 -0.00591557179111226 -0.107084699485527 -9.7784813560322E-05
0.0321434101094194 0.0337481628999478 -0.11144036319449 -0.0448710494539972
-0.00514153270678191 0.0538508310372883 -0.123051690683772 -0.0474899073199119
-0.0472275655331797 0.047022220938696 -0.137620963018528 -0.0104429748435138
-0.0692912983607306 0.0347964936101035 -0.0966468592770457 -0.0559187364763501
-0.0129050768543171 0.0389262737003964 0.00571903674051049 0.0185173326851947
0.0106730397402599 0.0317199210288754 0.081654323577771 -0.0553945208942329
0.010651783679865 0.00983325209218205 0.0251844467987028 -0.119710675643268
0.00978253532941522 0.00434347450495341 -0.0615366828295918 -0.116479982165622
0.0151845931638685 0.00308484646220104 -0.109785234706173 -0.0594428381204079
0.0196242405599395 -0.00778046375625333 -0.110480914837723 -0.00144341389939971
0.0211757147364207 -0.0147554828306435 -0.0864224451002203 0.0305104659932635
0.0261699563545017 -0.0117703168224184 -0.0668346616171025 0.0314777900626087
0.0270977084523325 0.00208665101588693 -0.0627072482853743 0.030293972411555
0.0325248494283332 0.0166935067134233 -0.0774107542089171 0.0322751591307023
0.0257865246019381 0.0410146782798323 -0.0980909587803473 0.0135047553670253
-0.00545136767088752 0.0701847229833914 -0.103364672200645 -0.0290777067183206
-0.0572198569632602 0.0573875577514577 -0.116012586500029 -0.0315972236827202
-0.103428693140601 0.0285790548167121 -0.121921445338165 -0.00478863552702082
-0.120107461995837 0.0134348788307509 -0.0638496926249073 -0.0550535291604274
-0.0735853467807165 0.0457131726167373 0.0292354601030665 0.0314421632680135
-0.0313303101582951 0.0780547546043889 0.116817178043602 -0.0479938641644453
0.0115809359243954 0.0624508275442242 0.0577104013899553 -0.128606489570572
0.0419526843844941 0.0347314476758081 -0.0447221099476584 -0.133171243416448
0.0475007407288943 0.0089768815051775 -0.0984625598565086 -0.0688062370453771
0.0521801141447768 -0.0121555598550152 -0.0978127547769006 -0.00892018366739101
0.0530941199352669 -0.0241041972266278 -0.0731912748381811 0.0226713955908542
0.0586416937982233 -0.0203561987065349 -0.0513022225963437 0.0285891438953951
0.0542580847084745 0.00539152027963796 -0.0422138154982409 0.0332126071130491
0.0574176284983204 0.0347225556487748 -0.0580192768249967 0.0418266099956916
0.0308911935302914 0.0769608702641168 -0.0841087356017163 0.0332440014369057
-0.0260519243956391 0.102933624896172 -0.094466788742004 -0.00942435971657535
-0.0929640908947117 0.0652477265922199 -0.101848553342715 -0.0188824379969383
-0.143471275074666 0.013592512872733 -0.0902698036643504 0.00363849648746048
-0.151487311297021 -0.0147582077791568 -0.0174996667457341 -0.0444012396937595
-0.126874848696398 0.0368918639762085 0.0586116711971011 0.0491675922224605
-0.079335163462285 0.10900207483924 0.150391488409042 -0.0270099801968111
5.03369468268918E-05 0.111380198318227 0.0963726787002235 -0.122584209602127
0.0650414819015921 0.0686805410579468 -0.0149679593487815 -0.139856852985062
0.0745568383892552 0.018875790063347 -0.0733920247902551 -0.0742370211704295
0.0776141588902017 -0.0127173876797145 -0.0719050012153792 -0.0172607490070195
0.077609404270028 -0.0307060865120455 -0.0482535317172299 0.0122957993480343
0.0820367316466195 -0.028872684601793 -0.0254527981962768 0.0226637572847973
0.0740501845596535 0.00283752561295781 -0.0140647821344004 0.0336183947210661
0.0764656793665003 0.0409042985558409 -0.0322945580479275 0.0504082650750478
0.0395486998418113 0.0977639158366914 -0.0645904186920524 0.0500595977349525
-0.0345128245896213 0.123445883181115 -0.0820543236471785 0.00812436346231716
-0.112592576246963 0.0696507388287785 -0.0837577028651928 -0.0127845605332268
-0.163093306523791 -0.000319883162637499 -0.0483417669968204 0.010586933789113
-0.155369459166058 -0.0414996035539287 0.0350027202638626 -0.026652346628876
-0.156480483419504 0.0124299231374331 0.0871964050931974 0.0677163590680881
-0.121149413228535 0.111858438385804 0.171366808374254 0.00327803603850812
-0.023384508765476 0.138632752781868 0.128980847440957 -0.0970052091025932
0.0706221750727949 0.0964351393525224 0.0219828028613693 -0.129711124851284
0.089223769598253 0.0304265761145742 -0.037677527036474 -0.0724813227990393
0.0915066035074745 -0.00967568704488732 -0.0377408382046258 -0.0239867825984059
0.0903945703467675 -0.0318864466708131 -0.0164624467745408 0.000825715678163844
0.0938766739472931 -0.0336085164490184 0.00515455804045006 0.0139863515939794
0.0841770108630571 -0.000412257041553158 0.0167370271781227 0.031075590714529
0.0855830420472015 0.0413319581364218 -0.00470019635598276 0.0553894178174421
0.0418835428638584 0.10433242570959 -0.0424982264244282 0.0615094362425088
-0.0411637491231637 0.127779535529523 -0.0677068914514877 0.0214725777916902
-0.119604115446065 0.0619643232061127 -0.0637708095213316 -0.0125263044702412
-0.160066828564855 -0.0166187576922567 -0.00343186247478495 0.0152954061243462
-0.129866458201115 -0.0585709912794358 0.0835327105939618 -0.00427775818638216
-0.152185392303043 -0.0174269496431601 0.110267399118115 0.0822307643014429
-0.139524917974478 0.0877342834196031 0.172813422692022 0.0351962381374416
-0.0460892758009983 0.1362539714252 0.144156937027555 -0.0595043319409852
0.0595240271056617 0.10544155115867 0.0543582611258727 -0.103215577749243
0.0874640707464399 0.0366505497367546 0.000877165697948984 -0.0620984599659292
0.0901103402062902 -0.00578459360699973 5.04371733939397E-05 -0.0273218190996696
0.0892628640938245 -0.0291112291418245 0.016484619227072 -0.0104808688741849
0.0925737752373794 -0.0331541373958406 0.0369907101489862 0.00456822665790852
0.0837614609543873 -0.0020097063947253 0.0467888799469445 0.0276560327997332
0.0845882724796309 0.0399921164081888 0.0217911754476857 0.0593496644936639
0.0361027375344002 0.101759154633198 -0.0220365785804419 0.0695758657866475
-0.0486214444248811 0.117900752373056 -0.0551232932654369 0.0312469976024304
-0.117630265503013 0.0434318892247094 -0.0450316619101348 -0.0149626296764348
-0.136920923207849 -0.0349964439835441 0.0386005932142053 0.0210593385914236
-0.0807210968997181 -0.0630795562234259 0.118085925750822 0.0148975458900913
-0.116723282859002 -0.0403464020438324 0.123049461240418 0.0882486944511089
-0.126120104059299 0.0505573740387146 0.158230477448118 0.056367821052088
-0.0554278775385089 0.106118769768109 0.141668144236162 -0.0235160740298531
0.0395951344067699 0.0929330265425685 0.0759836127014273 -0.070154897857392
0.0715596758450515 0.034773157870588 0.0341387922939432 -0.0479898525169973
0.0747076230907811 -0.00267335503176655 0.0338024284345666 -0.0289764257853584
0.0750955141222585 -0.0228371461977686 0.045788531854235 -0.0204070724651668
0.0792019177840345 -0.0274058455923103 0.0664694321707726 -0.00360219601757232
0.074183876245233 -0.0011555186663209 0.0728186632364339 0.0264148728652079
0.0736534580551373 0.0363744852728669 0.0434978544338197 0.0660281421377122
0.0246776184867304 0.0906003581793437 -0.00675747718433123 0.0766168856745782
-0.0538498992162871 0.0967205332336127 -0.0453745453922994 0.0393644092871723
-0.106463656085387 0.018050204898286 -0.0278799985566545 -0.0141842089181236
-0.0981916606905936 -0.0524236231907108 0.0724789382224781 0.0315482501208993
-0.0178401525233336 -0.0531457961099226 0.13405128745387 0.0247334782966401
-0.0597202581984558 -0.04882002526365 0.127470584390128 0.0803315792423585
-0.082803426892011 0.013624331643649 0.135772570531517 0.0607791496897341
-0.0464168858440915 0.0597709570873292 0.127603744932076 -0.00124142341109426
0.0179617602612803 0.0606956538637579 0.0851590345213602 -0.0432291167357573
0.0445057272710256 0.0248326234955453 0.0564311810134758 -0.0355604325379941
0.0470111786039231 -0.000482977834945074 0.0581379250767877 -0.0290673377435905
0.0494156668817439 -0.0136785165985701 0.0677019595957647 -0.0271002662311329
0.05471341577721 -0.0180783400259592 0.0895795125157428 -0.00951268194113035
0.0552197051201515 0.00105339229639683 0.0928094142873711 0.028211361015284
0.0541547214610523 0.0295047643696421 0.0595581991838795 0.0753946729257875
0.0115410337598282 0.0690507172069803 0.00141686209431678 0.0854934479654416
-0.0524402967499642 0.0648886429401045 -0.042535717861111 0.0475735562216751
-0.0814889808874521 -0.00852112748646198 -0.0165079510201067 -0.0112252505383902
-0.0466251035243862 -0.0616023522969224 0.0956684314482724 0.0453296086381527
-0.00717739396145671 0.0460142082415398 -0.112741063108406 -0.0450963090813222
0.0412922101957567 0.0171998584449126 -0.005980889063441 0.012385616169474
0.0383514060670092 -0.0178069496137357 0.0530852921826231 -0.0544443455787587
0.000438219597073195 -0.0352279189042947 0.00133190535553158 -0.102198607964397
-0.024585871814994 -0.0146748062206584 -0.0674406039027438 -0.0937605479515466
-0.0154427772308018 0.00330755308617919 -0.108587666688188 -0.0451495154597862
-0.0125492592760527 0.000194684095372358 -0.107479759522582 0.00975886374248021
-0.013255246540959 -0.00290206317171891 -0.0835933267717881 0.036711420289482
-0.00963805674797799 -0.00358111151800314 -0.0664726033149399 0.0337693677355926
-0.00410355365267637 -0.00670951292978037 -0.0691453292583689 0.0321723262071453
0.00815896878996411 -0.0128548031534239 -0.0847012847867711 0.0320689634606508
0.0297783159628594 -0.0069219390020482 -0.105779477626839 0.00476583751508254
0.0329780759214989 0.0312118025093698 -0.113066584470386 -0.0405680266120232
-0.00286600721726246 0.0513503671201878 -0.122088425431629 -0.0431782541252255
-0.0434053978674412 0.0477991502145174 -0.134901739799894 -0.00736973123755067
-0.0654543663352694 0.0360931559914621 -0.0969214885605158 -0.0503359795020437
-0.0114424655021416 0.0372591023568381 0.00793918778364533 0.0184182439432838
0.011054627859251 0.0301177612660993 0.0792056304922613 -0.0582618008019342
0.00993550126504228 0.00999531587925928 0.0202837552436187 -0.119523083005914
0.00891034591054178 0.00563471135417671 -0.0656479903006082 -0.112537131482762
0.0159815471052542 0.00328513557947121 -0.110693859338974 -0.0533850297406918
0.0200334646680411 -0.00859973965233848 -0.10821045887935 0.0041545038500197
0.0206072050030461 -0.015266526968668 -0.0831999465931549 0.0341065986773421
0.0262679821889991 -0.0123734038650355 -0.0639091030392095 0.0339684123976303
0.0271729858820054 0.00180244855389467 -0.0605224448868752 0.0336778746365972
0.0332064899188314 0.015669449035649 -0.0746507451688272 0.0365868964724004
0.0258156284565273 0.0395814820850408 -0.0962840056245955 0.0186040276710041
-0.00285851654363229 0.0687749129962554 -0.104745111939155 -0.0253394538443394
-0.0536974406459591 0.0569803845482582 -0.114734421090481 -0.0284484151787639
-0.0990981823796159 0.0317627482162466 -0.119562106069093 -0.00223053107130368
-0.116059988833163 0.0170260677315961 -0.0645706166925507 -0.0506986453578562
-0.0700590888780002 0.0468508862212832 0.0314325837527301 0.0303696971967138
-0.0277864918422049 0.076921919689434 0.11343171494698 -0.0517454630038305
0.0125748274531005 0.0616195554758635 0.0517530633763136 -0.129099549107701
0.0419451179485561 0.0332825608139109 -0.0501686756651858 -0.129310307415206
0.0475917253964049 0.00826351433353694 -0.099945243498338 -0.0632404928861169
0.0512117816693995 -0.0138484689943214 -0.095719929092752 -0.00386356151120194
0.0517642993568766 -0.0260936547104233 -0.0696034589836661 0.0260122744055294
0.0575504597026231 -0.0224157259627119 -0.0487940920446249 0.0307771715260282
0.0540381795208393 0.00342906929761011 -0.0402966996206226 0.035465037783579
0.0576993022374592 0.0324539145654834 -0.0553022065908504 0.0455516481526062
0.0321800981309296 0.0747135786588525 -0.081645425905892 0.0374524651608343
-0.0219090330547112 0.101770547410039 -0.0950643132995696 -0.00593864612275965
-0.0885842052507831 0.0663257557843902 -0.101312361976971 -0.01552819649483
-0.139914114870181 0.01885800063228 -0.0885715900224109 0.00546113832616827
-0.148745279743748 -0.00877641681463912 -0.0187083463963205 -0.0413058443994648
-0.122525941641762 0.0404096307052505 0.0609780936923066 0.0468195821962054
-0.073370162267336 0.10928796689113 0.147408800226459 -0.0327800157107816
0.00306391664674672 0.10949641814605 0.0897918112818822 -0.124393029343936
0.0668470631260069 0.0654261089233902 -0.0215057430287367 -0.137746445239788
0.074339725629453 0.0167581758655335 -0.075062555444055 -0.0693236724634271
0.0759947016133627 -0.0154726934911745 -0.0709831048857547 -0.0132093050284178
0.074865524354468 -0.0334993097432173 -0.045948870006876 0.0150691863648504
0.0796629589335424 -0.0318547446424213 -0.0234346599812879 0.0239975686394043
0.0734360539193013 0.000909808055658787 -0.0122066307280993 0.0346507568875822
0.0767652302170188 0.0377498706859341 -0.0294422812231443 0.053080499120582
0.0416943178994929 0.0950208284511159 -0.0611707577887635 0.0542217410799508
-0.0292129832410608 0.122242812614726 -0.0828303297291397 0.0116328203009797
-0.107457688952683 0.0716588145626074 -0.0836106574185022 -0.00955519390124038
-0.159851588193139 0.00597594821255021 -0.0473229703729793 0.0108067602717551
-0.154050201460051 -0.0345657385654646 0.0330602708631006 -0.0257973904103194
-0.152799676437324 0.0177877178493491 0.0894762826445827 0.0640075637851761
-0.113799075197948 0.114387437949002 0.169435315649097 -0.00305058539168327
-0.0185184818073134 0.137423888904498 0.122595308944794 -0.100567571490806
0.0730818758563263 0.0917008389286827 0.0147123761540207 -0.129427979380368
0.0889485620147928 0.0267585740861087 -0.040509648769734 -0.0696021997915937
0.0893707674333942 -0.0127980773270318 -0.0374642681902178 -0.0214916673929326
0.0870009880324997 -0.03587881928225 -0.0153217260446466 0.0022790740693638
0.0906732345397753 -0.0370065508552266 0.0066994292776409 0.0142160982030321
0.0830913829069771 -0.0032389550183155 0.018402467625853 0.0310092553919878
0.0861506285094954 0.0376100979976855 -0.00183919823102661 0.0570786714830279
0.0450380865710887 0.101722919766846 -0.0386201857246963 0.064421984599334
-0.0345407319017768 0.127073566407439 -0.0680793395175478 0.0245943442722173
-0.114857364513743 0.0648682327753038 -0.0646713377247235 -0.00975205527507839
-0.157430794710555 -0.0102246695030403 -0.00262416176419334 0.0145332217827781
-0.130329679765982 -0.0522434225901365 0.0813393855154335 -0.00538950494082308
-0.149975166144282 -0.0116351700526237 0.112440892273247 0.0775604309859379
-0.132986940989269 0.0915328473416263 0.171784868822689 0.0279132837982846
-0.0404767399413506 0.136102320943705 0.139595554101128 -0.0645420895435299
0.0635545295301982 0.101075683506887 0.0478552591874806 -0.104311353329536
0.0876097659125642 0.0324812138735988 -0.00175313177127414 -0.0607843688760332
0.0879941462609043 -0.00918411498792247 -0.000699769618516127 -0.0267026754144407
0.0857386754086879 -0.0329399657919524 0.0163734262178922 -0.0106161473249459
0.0889489912303931 -0.0369385576427661 0.0376586875943013 0.00321535936633686
0.0821172151554347 -0.00473858405130117 0.0477279439254727 0.0258261837826088
0.0846933513918721 0.035197649505685 0.0244033672562793 0.0597418485896677
0.0394154465507727 0.09856793321167 -0.0187909834987629 0.0712451462116117
-0.0425713216991407 0.117748240378514 -0.0550064940468619 0.0335351416106807
-0.113394674612688 0.0471232278240147 -0.0462398981177203 -0.0123332005319722
-0.136013812131475 -0.0291509357633909 0.0381799681887872 0.0187620662330762
-0.0831127057031332 -0.0581006732403405 0.116226389152184 0.0121971953736245
-0.116916458348244 -0.0346286321146525 0.125020977591094 0.0839411609413224
-0.119979766100289 0.0552868933098242 0.158366043966094 0.0492465627443021
-0.0502302054856989 0.107036918581111 0.13892460932251 -0.0288152609216166
0.0437524707822009 0.0887489475977188 0.0707696774574375 -0.0730716495597692
0.0716949122970425 0.0303817527204653 0.0314227214135487 -0.0483304015393355
0.0726263360664124 -0.00591321385473277 0.0321661853829339 -0.0294351262691904
0.0718115931231973 -0.0261207676852884 0.0444809521876739 -0.0214726038270029
0.0758249306528549 -0.0310781748246149 0.0656318694253446 -0.00648222232460441
0.0721686238817887 -0.00386237256283849 0.0733468725610983 0.0233996061297704
0.0732070009447483 0.0323716256157062 0.0461325005924718 0.0645619672189789
0.0282524725502968 0.0874988207031887 -0.00357299408421091 0.0773080783779243
-0.0479964181699524 0.0971406072269216 -0.0448626306141464 0.0412210905864721
-0.103039256776636 0.0221926953053106 -0.0298111345051792 -0.0121942066830148
-0.0988205085179247 -0.0469811038187229 0.0722939552489033 0.0278464091641149
-0.0206326151299288 -0.0511252366479759 0.131812058665207 0.0213990901399947
-0.0608312397156032 -0.0450431200014196 0.128469218063577 0.0755414830369093
-0.0797901576677214 0.0176634631513603 0.136837549925748 0.0541605127468843
-0.0422293070792967 0.0607352138449458 0.125626577795567 -0.00657443873970985
0.0207351069617892 0.0583836669416517 0.0814074147248407 -0.0467042217008561
0.0449062532364073 0.0216387587983439 0.0537474422749431 -0.0379590813692853
0.0451913797268745 -0.0031355842462359 0.0556410495883833 -0.0313773296855423
0.0469994650127549 -0.0160873527340746 0.0650690577420985 -0.029457349487429
0.0515536135851767 -0.0204036354639323 0.0874074085061521 -0.0131288131555838
0.053645847974127 -0.00202894998790552 0.0925948363649922 0.0237401009764108
0.0544129637545023 0.0258018155877383 0.062204968550339 0.0726800284527367
0.0139320461437534 0.0671442702443346 0.00515427541734947 0.0853302529053536
-0.0472826987101959 0.0657461641329617 -0.0415378046240653 0.0491127335541708
-0.0796306711297209 -0.00425839301617771 -0.0182227531693371 -0.00946188069940173
-0.0489762573319204 -0.0587818416434684 0.095444890855917 0.0406277877539071
-0.0045043999758071 0.0440840308365551 -0.109110840532834 -0.0386485900421718
0.039807264136972 0.0140749894831828 -0.00433361987119255 0.01244060877106
0.0352157215963295 -0.0189722384332516 0.0506183627204749 -0.0552405614421254
-0.00196486557169154 -0.0329114884722867 -0.0017624694710014 -0.0998775284873549
-0.024141140709113 -0.0112656344821738 -0.0688896193162327 -0.0886712369186657
-0.0138075842735702 0.00413519274855573 -0.107498145566745 -0.039285274708086
-0.0111774482429486 0.000701707490862283 -0.102858551767388 0.0139999720789584
-0.012073743335348 -0.00186795065294818 -0.0780782525395704 0.0387252187033573
-0.0085486034310522 -0.00333423090651852 -0.063291636953712 0.0353255107432326
-0.00332367066527646 -0.00598083960422451 -0.0657407140068831 0.034102618538785
0.00729189669262452 -0.012165221152484 -0.0801717664847429 0.035058999790549
0.0273557225593235 -0.00730587666822945 -0.102002134801379 0.00915711895766198
0.0326330382973241 0.0280814904577767 -0.111879238269392 -0.0355152509969598
-0.000693193139614729 0.0480322621618844 -0.119083965810271 -0.0395416792309814
-0.0390505800569484 0.0472147582642544 -0.130480320134864 -0.00492047319674237
-0.061171728126298 0.0360928323317036 -0.0949920833062756 -0.0442872002998525
-0.0103141068889647 0.0349154824280598 0.00950377650102292 0.0180074424562274
0.0105917753198853 0.0279636011348446 0.0753179678974957 -0.0591692167105191
0.00866290850189348 0.0101774529720684 0.0157022989282644 -0.116615457180394
0.00898989388375367 0.00661284166291147 -0.0683700696380927 -0.106695603485774
0.0164948702068522 0.00359823355493499 -0.109973447795038 -0.0477915735730111
0.0196586628751653 -0.00868919320097583 -0.103264392625062 0.00910840500962823
0.0200982454667161 -0.0152061074355338 -0.0775606581809856 0.0366769846555217
0.0260865008135506 -0.0124982020605734 -0.0602529505755058 0.0352215510195443
0.027284309853576 0.00160962414097122 -0.0571632797757816 0.0355569794692051
0.0327720046017778 0.0151298438267059 -0.0699460778953379 0.0396770431473736
0.0247989107069062 0.0385178950270749 -0.0923496761226699 0.0226752132412997
-0.000841420373205809 0.0658588012187611 -0.103781233519456 -0.0209073720500009
-0.0500358563239245 0.0554386470591492 -0.111834173263472 -0.0247289092777147
-0.0938822800945276 0.0335219368755827 -0.115463114356767 -0.000314714642543914
-0.111009043316841 0.0201534190674143 -0.0635999625296508 -0.045103832289978
-0.0658710973025232 0.0463879781579074 0.0326907666610728 0.0283132879448677
-0.0239560650128444 0.0743973260110084 0.108640202806613 -0.0544137233009022
0.0129388016879535 0.0597870563246327 0.0457007563771405 -0.127017231486182
0.0417841597267113 0.0316647208734305 -0.0543600755793752 -0.123398412152874
0.0469135115670637 0.00719050706107575 -0.0991479172616251 -0.0570187017383892
0.04939998720812 -0.0148358238280999 -0.0918912667639223 0.000391755679015598
0.0488968077498783 -0.0271185559704245 -0.0648492473045025 0.0288047229531367
0.0550430343796955 -0.0238716335803206 -0.045269870264368 0.0318329830080672
0.0531205905093359 0.00258984899615559 -0.0371604684664551 0.03704366559189
0.0570642936726036 0.0299715945900795 -0.0511252280703993 0.0481514514860905
0.0330513934492961 0.0720355082635552 -0.077156922215224 0.0409924439721559
-0.0172831225833289 0.0984384020932959 -0.0947706786285642 -0.00187843960032018
-0.0838958332262516 0.065616390438904 -0.0988520972986005 -0.0124552470157648
-0.133979342958238 0.0224129762470263 -0.0850197348873796 0.00672913017223511
-0.143018587947279 -0.00344288239186285 -0.01943373594163 -0.0378579505436016
-0.116822877163264 0.0420778372129748 0.0618929949646417 0.0431855467664064
-0.066562916065682 0.107714191529601 0.142124160148936 -0.037113579575861
0.00585407521315763 0.106390682143935 0.0821958513105292 -0.123229111402587
0.0661758726111154 0.0612222443276296 -0.0271492323048492 -0.131709104447746
0.0726774921969348 0.0144997168427375 -0.0755012390204954 -0.0641239433885537
0.0730822841789214 -0.0170378780484545 -0.0680825055930029 -0.00952460109123681
0.0709936645732437 -0.0352832043889321 -0.042336235305343 0.0170430208439574
0.0758400767228968 -0.0339396932654581 -0.0208950341464463 0.0244926311936771
0.071285706867476 -0.00144569835061575 -0.0100160412854154 0.0346834506285405
0.075437325852426 0.0343056879884068 -0.0254201522401396 0.054623151725733
0.042931460217146 0.0911039732351013 -0.0567262132801588 0.0565717678059266
-0.0238203257581413 0.11927382489591 -0.0817884521597257 0.0152364668473022
-0.101657770409226 0.0720242185336261 -0.0819524249445322 -0.00671297262974825
-0.153837359902188 0.0107130269305795 -0.0451063406990439 0.0110028169388371
-0.150086238847682 -0.0278207304488648 0.0304913819781931 -0.0238517951103148
-0.146522573606027 0.0218019940161933 0.0898394688101708 0.0595239712593824
-0.10530589402513 0.11423773309026 0.164123457392314 -0.00904676190791028
-0.0137400812877713 0.133746813521769 0.115383476283346 -0.101285397305198
0.0741743753435002 0.0862640827676057 0.0082351353231133 -0.125236491790724
0.0870299876067326 0.0231358140022279 -0.0416882864608668 -0.0654491242849565
0.0855617591845805 -0.015281657721951 -0.0365531330034239 -0.0186000511969275
0.0826342066501285 -0.0378754174132814 -0.0138851615421313 0.00358796086815528
0.0857161693449489 -0.0395588022187057 0.00782061090706453 0.0134870795476491
0.079894151781261 -0.00513982442465939 0.0195684663549313 0.0295727310760962
0.0841526935761771 0.0331714164147506 0.00134243950435656 0.05753643161437
0.0466868929377925 0.097069784339118 -0.0348434612380628 0.065739604349075
-0.0284174015271519 0.123927542676952 -0.0669294186834803 0.0270948481184879
-0.108697580007199 0.066708691312119 -0.0640970766763215 -0.00693108818252646
-0.152396833352447 -0.00432896045842058 -0.00231892484003179 0.0132456235094738
-0.128271150549946 -0.045691535448562 0.0775051366761495 -0.00600209482359703
-0.145214570333995 -0.00641889766612178 0.111950307637776 0.0720714965775164
-0.123951404672858 0.094056176281847 0.167791343551989 0.0209520423594494
-0.0347282839588696 0.133495730148423 0.13304284929362 -0.0668684794690585
0.0654776023556963 0.0949549487221872 0.0409125194623936 -0.102429128648597
0.085946568111754 0.0278967579124438 -0.0044713996276992 -0.0586858637826964
0.0843217967514316 -0.0119931480986468 -0.0012180515102744 -0.0254783775193188
0.0808037267350744 -0.0356996820864934 0.0159629595322223 -0.0101045061527114
0.0835423276649025 -0.0393551943893327 0.0370254439144262 0.00170663737853991
0.0792719553562894 -0.00739640745735026 0.0480529525198403 0.0236122652529836
0.0823290853157777 0.0314459329867777 0.0267980043743367 0.0590670045804261
0.0417356804312972 0.094158478856385 -0.0149187783084311 0.0711690111714421
-0.0359164955644541 0.115128179322513 -0.0535925787463469 0.0356287511995913
-0.107288451528613 0.0495900448627399 -0.0466870339267444 -0.00957683340909409
-0.132533127848582 -0.0231002957694782 0.0374333711311933 0.0165097364573391
-0.0828814001974201 -0.0528456242890844 0.111713635587523 0.0101944897057601
-0.114184743550502 -0.0295274079010667 0.124352968005254 0.0779375526247549
-0.113035351859915 0.0583751352283942 0.155516669084095 0.0417140347399029
-0.0442657278261238 0.105962970043094 0.133521983941822 -0.0329295202036818
0.0459811316487859 0.0832404115523647 0.0644656078813316 -0.073576962297805
0.0703613142497213 0.0260715199403038 0.0281041701961288 -0.0483056785164737
0.0691619966849724 -0.00873840830433771 0.0300101136463477 -0.0297249271891653
0.0678616043612832 -0.0283612572081072 0.0423182400588666 -0.0221199763010574
0.0708131192577108 -0.0335291467182164 0.0633296812767175 -0.00897342457174832
0.069320660826302 -0.00644193056806877 0.0727819533411323 0.0198704263482312
0.0715417981432917 0.028190767815953 0.048219655715061 0.0624283529367992
0.0300019256501693 0.0831948315823459 -0.000623192432125606 0.0763273553649183
-0.041902945078171 0.095300492315415 -0.0432106835238531 0.0422092177161856
-0.0977800023406218 0.0255049953020354 -0.030545301401641 -0.00983189315897849
-0.0976088235474949 -0.041778004312484 0.0707834236506052 0.0239255656354395
-0.0224065804625035 -0.048128609824316 0.127261753726009 0.0185894615795412
-0.0605438296182415 -0.0407300973715401 0.126390759251395 0.070008671030053
-0.0754388330497487 0.0207578043672064 0.134808289945297 0.0479930347772628
-0.0381454545542064 0.0604220734479664 0.121990819421408 -0.0107990775509108
0.0229297721788559 0.0544257924664924 0.0760991190081415 -0.0488117910844653
0.0437897438643057 0.0180565147630834 0.0503144305188247 -0.0388908077204813
0.0428776997766544 -0.00486372842066742 0.052338512843436 -0.0324788566441915
0.0438221061493438 -0.0177824690310856 0.0614590062877938 -0.0309827949563997
0.0481357821240092 -0.0221588743253962 0.0842851636787849 -0.0161549038322398
0.0515925258644393 -0.00414325829810245 0.0910690145579828 0.0191916962315066
0.0527193883087666 0.0223925743247976 0.0638420366967864 0.0691779006303719
0.0164339884288228 0.0639755995467527 0.00766894281568763 0.0833226239619332
-0.0421505912288421 0.0653197701358587 -0.0397655442937884 0.0494064573284361
-0.0762035315753407 -0.000135872637661558 -0.0190410124224701 -0.0079466192108897
-0.049995588382436 -0.0543920818417334 0.0935582720367725 0.035408793457383
0.00974882306881586 0.0420085705070734 -0.112693612580655 -0.00207840996629737
0.0401824279800005 -0.000997364290691108 -0.000859439488445774 0.0140431805713687
0.0242271701396782 -0.029300956052545 0.0308878502247557 -0.0639686024204439
-0.013515019639561 -0.0285516154726304 -0.0312415356971786 -0.0916265915110306
-0.0254997732253704 -0.00178927843491529 -0.0908959770466404 -0.0610777053039127
-0.0114234160980682 0.00720205000667406 -0.110975506039772 -0.00160483444083277
-0.010658089656502 0.00452903168929065 -0.0874612196622601 0.0456108774270474
-0.0110200934782443 0.00247172895462295 -0.0566434727619477 0.0595955683873651
-0.00804288673338846 -0.000157016591034308 -0.046557845450263 0.0518652994165422
-0.00419477615177178 -0.00440753173129237 -0.0491876386447649 0.0521725040947266
0.00316379678278242 -0.01269909506081 -0.0605549643729723 0.0578308182782013
0.0214751194041972 -0.0142394384145154 -0.0900896779277957 0.0399273770597994
0.0371061966743269 0.0152506385920088 -0.114184103674337 0.000967073194326847
0.0151962462598728 0.0437931292256673 -0.11965106761835 -0.00323970758161752
-0.0203768895416315 0.0538489673779834 -0.117163127071221 0.0306559227604717
-0.0450858661562434 0.0543715996400648 -0.0992554138282557 -0.01363023605289
0.00170126101927508 0.0349075285791104 0.0141837624199313 0.0119540511450358
0.0178536978887744 0.0209480032606198 0.049184755647211 -0.0779143962985003
0.0107288145588814 0.00644622451437461 -0.0222292949457398 -0.112430571491408
0.00979563547883842 0.00415351627246213 -0.0965087347097478 -0.0759852862568945
0.0154819903190237 -0.00212253993294928 -0.115440308744829 -0.0073286844124538
0.0151772194711303 -0.0139938996300655 -0.0907462953195269 0.0423947078998525
0.0133188323005455 -0.0198064153564491 -0.0566199703141571 0.0585301850668861
0.0199353949031589 -0.019823269203871 -0.0432761596205146 0.0517730009607454
0.0265797361802 -0.00683979551157745 -0.0411379519882878 0.0508482400083158
0.0343112794126825 0.00369267647555942 -0.0506100384592226 0.0590808924326815
0.0338846028156401 0.0283599708344134 -0.0772000535404346 0.048730532995859
0.018775354383289 0.0596451304759442 -0.101808545036381 0.0118464685087663
-0.0279004843450837 0.0656022384823571 -0.108209990846887 0.00954053991795622
-0.0753979914112902 0.0581179551421694 -0.101970815496322 0.0326452452451274
-0.0967706313789852 0.0552984633116965 -0.0696978576788527 -0.0247041200665721
-0.0453195077991987 0.0636977888157304 0.0396897168348089 0.0118378045259995
0.00194835479549571 0.074700510516166 0.0795070412611285 -0.0864330303000283
0.0317029291953103 0.0498656468621061 -0.00100934977183825 -0.131232185008516
0.0474056981018955 0.0154560573640719 -0.090748564699282 -0.0944414295110751
0.0442037760553113 -0.00850195537625882 -0.109573557586866 -0.0181603388928474
0.040671888381849 -0.0290720551971404 -0.0838387778887268 0.0317365522821176
0.0354962784174709 -0.0396482790206178 -0.0476113271363474 0.0486048367029671
0.0427685364718012 -0.0388375140782577 -0.0301418073389376 0.0438315668721965
0.0501246690236277 -0.0136321108759968 -0.0227953018652679 0.0462876758718351
0.0611094158830849 0.00960321267197285 -0.0310345326239386 0.061198028170113
0.0517643856644455 0.0564234707000351 -0.0582266651757142 0.0602704402229458
0.0137866214661399 0.0943997008944301 -0.0871234543172976 0.026072662579806
-0.0550606759120508 0.0857885021426346 -0.0923367572874124 0.0178789617785066
-0.115834013816423 0.0599823961654421 -0.0724010309717581 0.0318608374079718
-0.134191818612902 0.0439338674242326 -0.0257401975019173 -0.0312113081873167
-0.0929095539276421 0.0771654778046432 0.0728811467148171 0.0143474399576728
-0.0248226812966752 0.118599157133482 0.11424902122482 -0.0845986183418314
0.0408960977436678 0.0941468657916181 0.031615218666434 -0.140714571966192
0.0791830445693762 0.0335571273512202 -0.0703480272361026 -0.109859533884154
0.0700749774784872 -0.010156369168972 -0.0906962694444969 -0.0313209215943458
0.0618307449012719 -0.0386765210295148 -0.0662007205856039 0.0154779772626169
0.0527568104574295 -0.0537411181169247 -0.0314873743435993 0.031636854120034
0.057934090627038 -0.0549587848983312 -0.0105953534448216 0.02986617397591
0.0651679281234979 -0.0227057881726164 0.00124577564955399 0.036312347194269
0.0794049348787847 0.00753115680570921 -0.00626602521232722 0.0593932054551798
0.0673323019102443 0.0702680023925486 -0.034935079494407 0.0680310899728619
0.0152662895372724 0.115238828276144 -0.069760774383417 0.0377681983548776
-0.0698509159005259 0.0967416420717426 -0.0757699884688319 0.0191438328360528
-0.13820241592172 0.0554188145667682 -0.0350267521750827 0.0257776501456465
-0.148523551589452 0.0239918072048804 0.0251061222511101 -0.0339163748804739
-0.127064083734978 0.0685900606712024 0.105024474930112 0.0207395153772481
-0.0572971520479405 0.137344535912249 0.143856444656692 -0.0676113824032172
0.033648726356996 0.126151884504471 0.0675483902838966 -0.132756398641684
0.0943894236889241 0.053218301520549 -0.0372795692715101 -0.114770760297841
0.0854123287219526 -0.00714030341227454 -0.0605401967375545 -0.0428980703183441
0.0742227470448493 -0.0415346509233347 -0.0409936609992343 -0.00332300551866419
0.0617585917303533 -0.0598432119394305 -0.0103685650718577 0.0103378477142831
0.0641068229052163 -0.0626706488062953 0.0122168150171521 0.0112773790889643
0.0714136334493636 -0.0293905475269859 0.0260760433517813 0.0225745698182885
0.086293669789733 0.00353440766067562 0.0189116415780472 0.0540467931985541
0.0723939129539991 0.0739429740056366 -0.0122603581659555 0.0698647455390317
0.012361841603638 0.120645870782691 -0.0526668265906982 0.0445340149169699
-0.0775702757863897 0.0940013742767617 -0.0595084424225646 0.0143556036298815
-0.14188837476134 0.0414363984362345 0.00388285322811822 0.0159403482262299
-0.134506590428123 -5.96338276599578E-05 0.0739854263075643 -0.0300939855023361
-0.134763304348668 0.0424179966305853 0.130330661428413 0.026753188765849
-0.0803357981355042 0.12559818124344 0.158070151006704 -0.0422986379805644
0.0151615613711598 0.132613657364936 0.0947624381886215 -0.107478173946519
0.0901413854550166 0.0636947391018547 -0.000272701752983937 -0.104714194002631
0.086372133248606 -0.00280420597364597 -0.0248861655453587 -0.0490222378972712
0.0737395971020945 -0.0381247993073936 -0.0112933423046968 -0.0210672998953508
0.0616185985021571 -0.0572568425597801 0.0115834084280211 -0.0122862875917947
0.0625964682972994 -0.0620106606387895 0.034600432949417 -0.00938137693327771
0.069527555538389 -0.0311447275409269 0.050216392385831 0.00820190447705155
0.0837397462389885 0.00213176190113104 0.0423172380010625 0.0468931294182309
0.0665387791434151 0.0731875952277014 0.00763599052211306 0.0688166763403764
0.00321038921237318 0.115415124482853 -0.0375520233695822 0.0483969438131704
-0.081608119125582 0.0785035950942126 -0.0439175087663728 0.00730964264964725
-0.12953164784293 0.0184327900588713 0.0400459897590224 0.00710323574898645
-0.0941352060678711 -0.0214644505513823 0.108780900564718 -0.0242999929236444
-0.113938487814791 0.0109629269540775 0.143078258702122 0.0301193289132285
-0.0821302068000314 0.0902207086246182 0.155197056841067 -0.0175080307936691
-0.00299929714318574 0.110353257972652 0.107440878047029 -0.0763395176794347
0.0693064381456728 0.0592084111176126 0.0313258900683294 -0.0862619805277869
0.071942883028416 0.000271504220033243 0.00806418135024587 -0.0506649938252037
0.0609921631401212 -0.0302443907841434 0.0157101277241207 -0.0360503209144358
0.0515113583249581 -0.0466021452813931 0.0308718687936567 -0.0315675219970952
0.0527470325661078 -0.0521456490486996 0.0551363669248576 -0.0271085134511861
0.0603742156913736 -0.0279317786009744 0.0712216006029603 -0.0030449378456243
0.0725624207452471 0.00266778812277505 0.062580416104477 0.0427077277192854
0.0533031110753978 0.0665325677268874 0.0224382559014949 0.069043712401699
-0.00795859481904247 0.0987703960730756 -0.0261105767707889 0.0514333158480658
-0.0802050553097756 0.0541528645249682 -0.0303121313171195 0.00241307655946672
-0.103181207092562 -0.00849072126253842 0.0713132657444045 0.00393200796718957
-0.036530064642473 -0.037047510522114 0.124353480613043 -0.0195579038493212
-0.0681087592331658 -0.017273042971368 0.141962725888456 0.0252482266707425
-0.0599361524810586 0.0433365972545826 0.139706915410843 -0.00290832378371319
-0.0120301605552787 0.0677784174032517 0.106786534727647 -0.0518173917330761
0.0391629588617972 0.0403893768045724 0.0509546261480668 -0.0683725425345715
0.0450760016770169 0.000990076541033505 0.0318299424074576 -0.0500827537733428
0.0374335704342326 -0.0187594665060959 0.0354326497253655 -0.0463148827693772
0.0331307836107178 -0.0296824806015288 0.0446527504467301 -0.046514787351248
0.035338270973747 -0.0352456237677497 0.0703456852052575 -0.0404693322023071
0.0446455506275093 -0.0206049714059974 0.0879564120697827 -0.00988202993505702
0.0540703513007099 0.00321341003752918 0.0787252197364003 0.0432150466987713
0.0347445507617204 0.0521999239477044 0.031642434137411 0.0731653628983089
-0.0171579654604666 0.0712814022965124 -0.0204789503582883 0.0575786642108915
-0.0682065727187806 0.0243366093886736 -0.0196082797729903 0.000679029829700006
-0.0631008870340656 -0.0344143689184955 0.0938520012076203 0.00680123906221786
0.00972561785216224 0.0398738181936897 -0.108969085671637 -0.000947108121895275
0.0380811342105822 -0.00183680932752515 0.000526850839942781 0.013723418597782
0.0214923042631511 -0.0284818150061741 0.0303276612909791 -0.0632592124786701
-0.0137224161265306 -0.0267207825658424 -0.0310889418581603 -0.0892491396339769
-0.0234184934175268 8.54739665011057E-05 -0.0898563613709187 -0.0586382853717193
-0.0103243746648415 0.00684093191526639 -0.108986796504152 -0.000218753696727765
-0.00962222641546409 0.00404490347338997 -0.0839637646271015 0.0455768505778015
-0.0102564766108443 0.00269107258714857 -0.0539078371304258 0.0581808799302315
-0.00716781300370834 -0.000452049791346963 -0.0448372687809505 0.0513101452043614
-0.003243714924113 -0.00370406269929731 -0.0465203812016716 0.0519236618717868
0.00320818742906605 -0.0118759493963024 -0.0575024524436766 0.05703347442167
0.0199581901089229 -0.0129325757437853 -0.0870401722472563 0.0404340561153201
0.0356042615713296 0.0133107564857654 -0.112106177817765 0.00207490730570452
0.0144540226453602 0.0414782821638387 -0.117158354004632 -0.00324621082633491
-0.0186705063659129 0.0518140241754639 -0.114458237451137 0.0286053560646075
-0.0434987321137144 0.0521770550761276 -0.0955105219294597 -0.0119541530944662
0.00124360977609789 0.0328192734536094 0.0147470475901651 0.0111198679499968
0.0163499575174383 0.0199773369232428 0.0482393564409979 -0.0768591937144943
0.0101277193717842 0.00766933132536292 -0.0229997741869257 -0.109717539743044
0.0106158368205929 0.00488295799204267 -0.0954420346647458 -0.0730052035403159
0.015812989117755 -0.00197371323215674 -0.112966440739103 -0.00559408501476687
0.0153710019975625 -0.0139704540635538 -0.0869695458961124 0.0426612735843647
0.0130975312062849 -0.0194592264439063 -0.0530046924998012 0.0571923909898074
0.0195323677973637 -0.0199039231432429 -0.0410848498424294 0.0513222682158523
0.0265048173536483 -0.00652523522111606 -0.0385366734081709 0.0509137238246425
0.0340761951825625 0.00372338853973925 -0.0474396008674111 0.058521032870272
0.0327951843608853 0.0283731372427415 -0.0741606779171134 0.0486677941161445
0.0182874892602074 0.0576383965331055 -0.100498655915175 0.0130750065281141
-0.0270253349814551 0.0630703762776896 -0.105679072634012 0.00897898173323594
-0.0722637136487652 0.0565041940499979 -0.0995598581152913 0.0307329274636409
-0.0931862546631659 0.0541212421178807 -0.0666431215131827 -0.0226887157594935
-0.0444784358350336 0.061454528661929 0.0400574364140522 0.0110939809268182
0.00179928542175727 0.0719236800198214 0.077108812538834 -0.0857999245224426
0.0302284240594215 0.0494393134368066 -0.00211127052455474 -0.128456141102216
0.0469033207199703 0.0157274238303544 -0.0898954682715254 -0.0906648672859011
0.0431532866621815 -0.00849671961479847 -0.106731889513151 -0.0162452830515716
0.0400575845647743 -0.0285842177920499 -0.0799306399596973 0.0318094182304749
0.0344694574818865 -0.0387386986735416 -0.04413289242561 0.0476041530732007
0.04132660957739 -0.0387640802490394 -0.0281956698595523 0.0434585554311272
0.0494642748573968 -0.0135810688485425 -0.0205226485249871 0.0458689387786386
0.0601783241242759 0.00912512882234786 -0.0282840600137252 0.0609758903311325
0.0505201940834074 0.0557950657877479 -0.0553183071425173 0.0603818731261149
0.0139713708727211 0.0921754742417696 -0.0863296142101664 0.0275552663572103
-0.0537664931453916 0.0831128734710302 -0.0904760134608368 0.0176964281483207
-0.111721672619898 0.0587909759815834 -0.0707497291068944 0.029994788983597
-0.130010982596841 0.0434721544847062 -0.0243416927894019 -0.0289087939167518
-0.0900234140294938 0.0748900763517323 0.0716740981029761 0.0136922319890657
-0.0230817158565263 0.114559697317059 0.110892445950677 -0.0835503458638542
0.0404041361789613 0.0922715095571393 0.0294131148243927 -0.137377092505703
0.0776749559590357 0.0326991575275436 -0.0704310005536023 -0.105672596631902
0.0682929468735706 -0.010528663311184 -0.0884452430567822 -0.0291258349823369
0.0600808359770514 -0.0378435146950058 -0.0633209124253803 0.0159897183731701
0.0505235172864479 -0.0531476941168473 -0.0284466666635968 0.0306992684054886
0.0551614729565409 -0.0543222019301318 -0.0089858635758799 0.0293334532447326
0.064049760241145 -0.0225086601505818 0.0028813170393604 0.0357281528456602
0.0776589367635963 0.00704742279275022 -0.0033956482969793 0.0593117138603963
0.0659773877512824 0.0686083079405591 -0.0327614567535003 0.067905201660707
0.0157228731488989 0.11176995785832 -0.0692436852996268 0.039075684247463
-0.0672722857636955 0.0942613265100981 -0.0737534330476964 0.0190368398479338
-0.13381890182023 0.0549941117772964 -0.0343706457946607 0.0238696904512508
-0.144129946706288 0.0245109174484021 0.0250425687890907 -0.0311112394758794
-0.122950365575319 0.0670854894997019 0.103176393868859 0.0193551375107444
-0.0541855477672987 0.133655445766736 0.140093577658261 -0.0676037289368338
0.0333804779417879 0.123201186742176 0.0649462821682926 -0.129067188013154
0.0926279352683004 0.0507672084306675 -0.0382379691798675 -0.11049302114248
0.08342224552401 -0.00796438661278148 -0.0594230290114854 -0.0408124402567168
0.0719955075530433 -0.0406601494010991 -0.0387698269660023 -0.00275542079799253
0.0590153315783186 -0.0591309651570174 -0.00867710340388156 0.00999550765580952
0.0609099234590112 -0.0623001539317789 0.012843475448819 0.0108950220275513
0.0693645189456158 -0.0290664935318687 0.0271136020685415 0.0218730265441563
0.0838859749984395 0.00302031380513823 0.0208464854577159 0.0533527956197367
0.0707398068823106 0.0721215395579672 -0.0100948305257222 0.069526693850872
0.0132180556000338 0.117488751154025 -0.0521328717038832 0.0456790683011275
-0.074500195964915 0.0920846844040697 -0.0579468829305381 0.0152508954389131
-0.137906929254414 0.0415754569191899 0.0033760589060059 0.0145632169155167
-0.13026892017251 0.00110548587732006 0.071908800050041 -0.0277121766856098
-0.130930384464997 0.0424956454759934 0.128007515478187 0.0252833066584678
-0.0765037018645137 0.122420636028756 0.153924172146011 -0.0428814329185154
0.0163921831408555 0.129349093162031 0.0913714518536009 -0.105731849774759
0.0884323295817079 0.060452237467911 -0.00235663131053853 -0.101276519906886
0.0838366840812765 -0.00394959939284822 -0.0243258795795112 -0.0468098294975412
0.0713590891641391 -0.0376225131219945 -0.0109326035001644 -0.0203696736049885
0.0583031452708061 -0.0569102079885601 0.0116615267981595 -0.0115300163313518
0.0586272216580151 -0.0612682060279053 0.0340517552565127 -0.00930196676564726
0.0670793067734713 -0.0309547377347902 0.0497994197838061 0.00709399666058958
0.0809551012774521 0.00142893137849549 0.043615642455069 0.0458224261230698
0.0655335700422281 0.0706474246816631 0.00897632096256083 0.0684954304135139
0.00481973197404598 0.111432342821661 -0.0371637776237609 0.048959120272009
-0.0780222041393723 0.077245092158505 -0.0433117294906256 0.00855361165331925
-0.126293834411341 0.0196544523889118 0.0387370501633706 0.00625379564487298
-0.0918865216250606 -0.0192925476998955 0.106027187506992 -0.0222259072764069
-0.111060317525842 0.0117099168195284 0.13999965099695 0.0293918177563892
-0.0782790426876628 0.0882489761499848 0.151762486096339 -0.0184972275497089
-0.00121596821051069 0.108241009543434 0.104371324364357 -0.0759483642488362
0.0681369535315486 0.056267807890991 0.0288033106712129 -0.0839443469857195
0.0694349943835816 -0.00124486834686915 0.00759095495652433 -0.0487253831964583
0.0586055464165258 -0.03009973369745 0.0149741575991506 -0.0351391071434851
0.0487198294669823 -0.046211984611949 0.0294482493561161 -0.0312505867081387
0.0491586348122398 -0.0516233941917199 0.0531263725063844 -0.026923424398118
0.0581613498180191 -0.027554089189996 0.0701024138047814 -0.00402372074239444
0.0699100865848442 0.00182524558658903 0.0630724901759838 0.0417140762543143
0.0525028756123022 0.0640770548247732 0.0231638253394731 0.0680744371034201
-0.00586714812608981 0.0954611646230264 -0.025755064563831 0.0517531853875297
-0.0769318911622684 0.0535215431210958 -0.0297664382620732 0.00368109145233424
-0.101028621060038 -0.006661202970075 0.0690358640665993 0.00294361457066668
-0.0362165362711505 -0.0351613074579115 0.120912429253718 -0.0178592214036064
-0.0666724697086324 -0.0157236192289106 0.138994759438923 0.0251078959141599
-0.0566513038907895 0.0426158658896952 0.136401021930013 -0.00438375797481765
-0.0102273838265424 0.0654386511257352 0.103402949174878 -0.0521572671487494
0.0385612825995402 0.0375998381721581 0.0484548787637481 -0.0668924172803317
0.0431836152834464 -0.000182200152624643 0.030064027549266 -0.048976301987708
0.0355030613352902 -0.0186035817706888 0.0338606562853366 -0.0454360072196161
0.0311439224994099 -0.0290168620698321 0.043002804824885 -0.0453605368625119
0.032532574773443 -0.0345626325247905 0.0683410062591607 -0.0403236062321549
0.0420684768237861 -0.0206103166001999 0.085729639634122 -0.0109018423563485
0.0517096919506287 0.00206508499054432 0.0784272651470557 0.0416817309870575
0.034312559893738 0.0503087308109572 0.0322466093175407 0.0722013268023328
-0.0146186163725684 0.0687585941006795 -0.0202874871172249 0.0573729730731219
-0.0648181639969506 0.0244655909973225 -0.0195285090190545 0.0017192084652922
-0.0621576286950866 -0.0318873753304812 0.0911206013669765 0.0054277323084806
0.010249321113969 0.0383004969526227 -0.106952103841469 0.000185604303046533
0.0366212565279328 -0.00273839680431233 0.00170439108097752 0.0133109461737237
0.0197448622691272 -0.0278532767886255 0.0304572547414006 -0.0642271598058733
-0.0142864275575234 -0.0247262614005026 -0.031747260041603 -0.0892308353714597
-0.0221738041869514 0.000928449149036822 -0.09036991246382 -0.0575332853077125
-0.00959031006741144 0.00698112313416971 -0.108321836334582 0.002070839441369
-0.00887132653238324 0.00379744966221124 -0.0822819061488996 0.0459840965405087
-0.00930249665745161 0.00320682182820472 -0.0512927369481232 0.0573034460767933
-0.00649764527725594 -0.000813326546927058 -0.0433775220397441 0.0521774637636834
-0.00252616654334203 -0.00383513806359154 -0.0451892410814059 0.0522385097841608
0.00352593435917207 -0.0110282592440208 -0.055016951422433 0.0571776221786538
0.0191908794867602 -0.0122849498734431 -0.0856609643844625 0.0415136123406746
0.0342661969042992 0.0128506049627635 -0.112224847548223 0.00350471755858599
0.0141637922044797 0.0400402023948562 -0.116471293813411 -0.00405576777588025
-0.0171876194945624 0.0506974177895837 -0.113752090606625 0.027361661857433
-0.0421112439105744 0.0509853908115126 -0.0940059188330881 -0.0107261377045002
0.000291615259058901 0.0317359456455603 0.0158713032708597 0.0109215880275808
0.0151964402475457 0.0198367648608103 0.0476743169861503 -0.0772838307565347
0.00925608217372343 0.00903446874974806 -0.0235369396272577 -0.108552890140131
0.0113932341193655 0.00574189287452449 -0.0961518284386425 -0.0715394389060151
0.0158713877554532 -0.00213482333531949 -0.112210065011365 -0.00326544021479147
0.0158642977359713 -0.0139135295255672 -0.084675456051044 0.0427292688220024
0.0132591226364173 -0.0195650613419831 -0.0504265691811062 0.0566557060924916
0.0194121642611936 -0.0202079548629317 -0.0395897672265684 0.0516271778592885
0.0270758345547821 -0.00669622635367846 -0.0370022418961583 0.0515388120994945
0.0343195630698203 0.00389184917882413 -0.0451478551347911 0.0594160868430363
0.0321058298571333 0.0290097757869993 -0.072746763129469 0.0502857469474768
0.0178827417462711 0.056416639377704 -0.100490766591079 0.0147816752550548
-0.0270850472134557 0.0623084510275767 -0.10496754667136 0.00877098639681423
-0.0705622191580307 0.0556480673443985 -0.0989551982765317 0.0300026483227044
-0.0913294550650541 0.0537697941303795 -0.0654144271616628 -0.0210698422464513
-0.043861707802624 0.0604798962698771 0.0404709820639004 0.0100547580571281
0.00196964645657578 0.0709406810671142 0.0759474946223271 -0.0865751297179735
0.03010290102203 0.0497696872446622 -0.00363280894959727 -0.126927989685764
0.0467869594497537 0.01624737807486 -0.0908711904839324 -0.0886719870997003
0.0435349362028005 -0.008407206956408 -0.10606912060901 -0.0139441502241804
0.039870409958812 -0.0285318993154993 -0.0778543126140109 0.0324937030106998
0.033736215043247 -0.0392196852352672 -0.0417911069283793 0.0473298331150529
0.0403058530046239 -0.0395216761649334 -0.0267069146274328 0.0442054307654171
0.0497501970311501 -0.0140028060560485 -0.0192109658573718 0.0462255308690741
0.0599428209762944 0.00846125192902569 -0.0257360512672267 0.0618635905926124
0.05090873852994 0.0554469011160862 -0.0535440773086473 0.0616161048059048
0.0147492750924955 0.0904067636715479 -0.0864459689035098 0.0293109930586085
-0.0530267849755956 0.0826079505607756 -0.0900149644706679 0.0178475855575307
-0.110377640634076 0.0588353485395174 -0.0704006673633424 0.0293264712603617
-0.128044675940318 0.0442764939601598 -0.023518669687817 -0.0272316970821926
-0.0890028968369479 0.0742124792167282 0.0719452822809556 0.0127755029742709
-0.0220032744812803 0.113348927127393 0.10931458869064 -0.0844600113730718
0.0405456897876689 0.0920622400105893 0.0281564165398808 -0.136563805063963
0.0775080926259994 0.0313638589603715 -0.0722410878416933 -0.102948657572497
0.0679833448358862 -0.0106941878832064 -0.0877643924571497 -0.0273499381400234
0.0596395095610911 -0.038541954274113 -0.0614664432660173 0.0167091463137254
0.0489821674885527 -0.0537434065464464 -0.0267679760232733 0.0306919597671489
0.0537472693038947 -0.0548361704154202 -0.00782305671101613 0.0294384925092945
0.0639874004952631 -0.0228704340324117 0.0038180850739065 0.0355405705104408
0.0771556391144548 0.00588584460370003 -0.000786760025238175 0.0598308553030968
0.0661985689880713 0.068186998580829 -0.0306385580863531 0.0686728473289475
0.0164532828262956 0.110692546273018 -0.0695838433341668 0.0410590716527832
-0.0663972272464876 0.094004486123371 -0.0732128899540957 0.0198801248266554
-0.131997077361313 0.0557529942856241 -0.0344987659151233 0.0232518510148066
-0.142398134064852 0.0252304937767084 0.0251489840177366 -0.0290297143603448
-0.122177015959987 0.0672017449618485 0.103362657540755 0.0186188820366943
-0.0520422079871581 0.13237737023673 0.138111757230158 -0.0692953220470339
0.0346088257592793 0.121705323254933 0.0627114096353998 -0.129137367995553
0.0928399199378781 0.0486790276082132 -0.040127619819277 -0.108046885967206
0.0823143867963279 -0.00850962432632283 -0.0590775016272849 -0.0387296927566985
0.0708323630089387 -0.0412905992994187 -0.0374162757112647 -0.00185960788794883
0.0570518123351439 -0.059829150292214 -0.00758427267370908 0.0102064950741527
0.0588815775982105 -0.0631334225795668 0.013560816192852 0.0106042709281829
0.068616800426698 -0.0294038049845365 0.0282278709791263 0.0213080285823639
0.0831396491380618 0.00207808244638803 0.0237410841234967 0.052981902412957
0.071264776158007 0.071273016373967 -0.0080719429352208 0.0705452621950544
0.0144690046084983 0.115899051195419 -0.0519883909855741 0.0477917219488488
-0.0732544911970588 0.091785876464598 -0.0572904135677845 0.0160156583229394
-0.136142214902883 0.043174431169618 0.00294853694363515 0.0143707644438328
-0.129127424232243 0.00311844401961737 0.0721352449641894 -0.0261221645736182
-0.130382606320108 0.0427741933472255 0.127369542688476 0.0252850531649441
-0.0740520238488506 0.121901586561908 0.152565055526345 -0.0446997354667219
0.0173582558675316 0.128531089862062 0.090061019157835 -0.106305203404146
0.0882238577583352 0.0583129938578307 -0.00438902965426617 -0.0996528422260926
0.0825579312821798 -0.00507118447186411 -0.0243331561806035 -0.0457299813693604
0.0702456953467288 -0.0383646381292175 -0.0105183705727333 -0.0201262073515198
0.0562566213424591 -0.057282284604552 0.0121436604884209 -0.0114621671759664
0.0561292556637725 -0.0615083074457744 0.0342085976918746 -0.00976243471763255
0.0661040089425278 -0.0312573508821904 0.0504555935444379 0.006433534597481
0.0798050832605777 0.000305929761771726 0.0460152527845686 0.0454507563669662
0.0656499371257764 0.0697742040658731 0.0106469486354433 0.0689688682471726
0.00674820712988928 0.109886929162082 -0.0373307809422692 0.050708836787473
-0.0761596222927037 0.0772660291851926 -0.0431808755182588 0.00951780868517981
-0.125252939950733 0.0211744831368408 0.0375681077922765 0.00555209195952051
-0.0914172626553112 -0.0175264183730295 0.105318852670362 -0.0204005669715625
-0.110361187463856 0.0126148094613397 0.140142637927905 0.028891234577703
-0.0757109205243778 0.0884194756767572 0.150465869178036 -0.0206399729103922
0.000600651781075898 0.107366376848669 0.103063905591815 -0.0769696825651271
0.0679731492440073 0.0539373952713653 0.0265547473220878 -0.0830627733512882
0.0677460640270599 -0.00245119533814309 0.0073352912280522 -0.0476143402266414
0.0572520414885897 -0.0307533116626486 0.0145232876064686 -0.034886797632502
0.0466430955822645 -0.0466248984335543 0.0292065427541323 -0.030600535775994
0.0467198508151886 -0.0516780452742196 0.0528653976969027 -0.0273194898049866
0.0566538390490312 -0.0281290961174974 0.0697161467545971 -0.00537663249105486
0.0686182531684911 0.000515519701288809 0.0645637061993182 0.0411347454124458
0.0529800947099583 0.0626233775806793 0.0245538009200623 0.0682850969028111
-0.00390707636978131 0.0939662982729816 -0.0260606364963327 0.0536721461108294
-0.0745220827935045 0.0536470348508955 -0.0295698669061171 0.00509677989973152
-0.100132249893317 -0.00513423645372216 0.0678614294637804 0.00220652627222968
-0.0361972603749913 -0.0337813528985145 0.119976333132992 -0.0164094514475035
-0.0665384965272627 -0.0144221882780731 0.139152487309194 0.024788357836218
-0.0546495388593951 0.0430863877554841 0.135814518484589 -0.00619352401208765
-0.00899989537267177 0.0646721052984791 0.102398045734489 -0.0536813431931024
0.0392688859532304 0.0356862012122496 0.0464470164793817 -0.0670962026899731
0.0415450956745498 -0.00148190362908921 0.029533069560432 -0.0484607008180331
0.0339424999568081 -0.0187471308115434 0.0325833791518892 -0.0452554290830234
0.0296014316867834 -0.0294834131180695 0.0414871382638193 -0.0449768826732835
0.0304305970676681 -0.0344273397216092 0.0664157412804993 -0.0405730397245209
0.0406384794742373 -0.0213891289799936 0.084617136997186 -0.0122246596603678
0.0509604440321556 0.000716385730814456 0.0791512097838504 0.0401097330838912
0.0346784414394857 0.0489862354180709 0.0330734906210962 0.0722158371934501
-0.0128742460336623 0.0677590914130532 -0.0201103260000255 0.0582845688642342
-0.0633799754018911 0.0251441750961702 -0.019751879752558 0.00288865581994092
-0.0622888504978409 -0.0302292112065456 0.0900598122031244 0.00377615772316191
0.0111466943623535 0.0365722062096727 -0.106165152007106 0.00367342832750004
0.0354496881410024 -0.00392510454932165 0.00328058350051936 0.0129977498745186
0.0174221228701664 -0.0273381874231057 0.0295535734162069 -0.0659981432886094
-0.0150678510317967 -0.0232143443314998 -0.0345531066574421 -0.088520531546774
-0.020567782357892 0.00230906514429433 -0.0932731122335628 -0.0542924606985546
-0.00863479620121226 0.00751546693603842 -0.108555559589755 0.00606741491717751
-0.00786752095252187 0.00396545696281204 -0.0803349197905703 0.0482771785054476
-0.00878656869075169 0.0034025558222405 -0.0489105937629533 0.0581644526441132
-0.00611239834736519 -0.000389194590211518 -0.0414740824025854 0.0536825060794582
-0.00195840451679131 -0.00398576309879614 -0.042577600542598 0.0541368200622671
0.00342645587347565 -0.0103404027157369 -0.0523601930093177 0.0589501442509346
0.0177541146163425 -0.0119035600027614 -0.0833942132462625 0.0446854649137595
0.0338165388137226 0.0114920851549999 -0.112448856165619 0.00704200272914822
0.0148780642475815 0.0389857254821976 -0.116845403413467 -0.00202462953218844
-0.0153114021024792 0.0498406975788443 -0.113098964913805 0.0286093874825267
-0.0405919492421484 0.0506859392772213 -0.0935357768690695 -0.00721056171809611
0.000549725792988943 0.0315755634881872 0.0171707794333832 0.0101482243320001
0.0143748520406568 0.0195404312790778 0.0461030136025735 -0.0791941045326526
0.00919547650178024 0.00988502004948194 -0.0268411577331876 -0.108130814420923
0.0125308449102907 0.00634831835056944 -0.0988154556154687 -0.0679871553976985
0.0166719198189937 -0.00239767037734063 -0.112402269424503 0.0005771546435707
0.0157221813516794 -0.0144821950619135 -0.0823715319526007 0.0454628188153091
0.0130048894843533 -0.0196249991057463 -0.0471929592429512 0.0573402600167578
0.018782695046224 -0.0208781457114589 -0.0371015248523773 0.0533996341862465
0.0277750463370218 -0.00746371479756205 -0.0344460809660611 0.0529335562660385
0.0347799795322112 0.00312219422298618 -0.0421768373417227 0.0612777777000693
0.0324732747068135 0.0288708565737881 -0.0702480949381757 0.0535846783318434
0.018876289038317 0.0556961232818173 -0.101363805841887 0.0186459891547966
-0.0255522183541425 0.0620351033133471 -0.105300439442147 0.0106108476579931
-0.0683351488546139 0.0570964081429433 -0.0984766158231483 0.0310341632021909
-0.089625530378084 0.0553181243905421 -0.064617833270102 -0.0181631789485705
-0.042909757368828 0.0608466649871479 0.0412634576209794 0.00891527111715954
0.00263218799571155 0.0704787834675067 0.0735348684591103 -0.0885093070686792
0.0310537762831248 0.0501862445943804 -0.00706092833175296 -0.127029798409597
0.0480539735208554 0.0147607516237305 -0.0940858463025371 -0.0846028912135397
0.0437109228111151 -0.00950397860349036 -0.106157298518352 -0.0104509157928333
0.0393927430430308 -0.0300931006420039 -0.0759929358064286 0.0350873586320656
0.0323464584141504 -0.040180738447441 -0.0384858779428846 0.0475490567802237
0.0387358458935687 -0.0406628899977413 -0.0242701523339349 0.0447247110698517
0.0498905435355711 -0.0152146024190337 -0.0162033490024492 0.0474068909169356
0.0606431761090405 0.00687818316096189 -0.0220743962478964 0.0630547089958118
0.0522079123163222 0.0550252672253073 -0.0508257023523352 0.064750046274918
0.0167653727604302 0.0903362414041657 -0.086290891010569 0.0331296767075187
-0.0509096324945769 0.08313221935868 -0.0893651461468504 0.0197976696645084
-0.107955188045023 0.0615579624243102 -0.0699427461517767 0.0302516438459356
-0.125866491054431 0.0474767738171348 -0.02302486904725 -0.0254789654477291
-0.0876870274894646 0.0761754670450452 0.0730735833317515 0.0109315559082139
-0.0195853370776527 0.112721501953438 0.106984195656457 -0.0875663843249903
0.0424985220763091 0.0916095005633027 0.0242040255376886 -0.137364066465437
0.0782362904285604 0.0295710989179892 -0.0752451811266581 -0.0996822414733482
0.0679259941988076 -0.0127029605148287 -0.0875994524344195 -0.0243101815595361
0.0588345271049259 -0.0398615195180411 -0.0600477804528183 0.0186540969709111
0.0468443620427435 -0.0551713110480575 -0.0240118624623313 0.0310660977151889
0.0511533984728309 -0.056233510399869 -0.00563675094482694 0.0297517226286323
0.0641328415413863 -0.0247145802642257 0.00644750317845717 0.035650862111197
0.0772463551432476 0.00370889516875132 0.00277413879901201 0.0602480131809188
0.0678619371413207 0.0666806950786884 -0.027497501408398 0.0713128058750521
0.0196018219855616 0.109422882321755 -0.068729404401057 0.0447798825520716
-0.0644302399457738 0.0953671875705356 -0.0732078862197978 0.0217060053627255
-0.129960310082993 0.0597125834531082 -0.0339551226443718 0.0233995273993477
-0.140742936320954 0.029547128800588 0.0252874345102973 -0.0283854798600434
-0.12031517679375 0.0698532083533031 0.104175268554416 0.0161335896639116
-0.0480066589733292 0.13277912919339 0.135789327653234 -0.0736040140097001
0.0376259561453308 0.121711664578515 0.0593664917905108 -0.1310856260534
0.0939059097258916 0.0458477204928812 -0.0441643583864247 -0.105389693480805
0.0822277532003785 -0.0115437412214689 -0.059604763454488 -0.0367467640757243
0.0695246191135961 -0.0433759845072029 -0.0368595589237373 -0.000738734482974289
0.0543577826051743 -0.0617977542978505 -0.00583403417514473 0.0102601924662264
0.0556706244297185 -0.064770748584383 0.0146244612712849 0.0101368289198061
0.0679836867836809 -0.0314042160895215 0.0297654682455609 0.0204011063004548
0.0823959597925429 -0.00040884477381881 0.0270342822184491 0.0531223507104204
0.0734491681182444 0.0694396338177735 -0.00486494310725272 0.0716886897413805
0.0184429584051054 0.115084371546463 -0.0511401537509311 0.0511416433294932
-0.0706626615853397 0.0937170292205244 -0.0569993875160107 0.0177902725938065
-0.13442830370321 0.0473987340015647 0.00316560197853041 0.0132493495684857
-0.128703433182527 0.00704885837495737 0.0717182691201581 -0.026054041706428
-0.129467590125758 0.0465666525937033 0.128919556714714 0.0219372722263782
-0.0696776076521023 0.122645460256936 0.150262559442906 -0.0493802364792266
0.0211895822372272 0.127710601457267 0.0865535853715344 -0.108971800663677
0.0898915623250173 0.0546453178322721 -0.0081752651248534 -0.0981532253590476
0.081879522178507 -0.00814645635614539 -0.0253330359346108 -0.0444819092529124
0.0685741181023212 -0.040516901422218 -0.0103448269519247 -0.0191588306390289
0.0537258616111867 -0.0591296167201742 0.0127584777107406 -0.0118319339814453
0.0531859182482916 -0.0630040481568146 0.0342973867550665 -0.0106102498427299
0.0651103921228798 -0.0334289477287502 0.0511506011481771 0.00464983485378403
0.0787538385238989 -0.00236180195067291 0.0488452841900952 0.0440549093619093
0.0681673081146564 0.0678991150398821 0.0141287581587484 0.0694833516478798
0.0104382904082809 0.1090351691491 -0.0359618714644425 0.0538274686872131
-0.073767823522333 0.0790280761111092 -0.0429693670210018 0.0114891967329008
-0.124377345315513 0.025306283532063 0.0372751083187703 0.00389860036500054
-0.0918394619368355 -0.0148527706551423 0.105585722136261 -0.0209454473644131
-0.110448954316433 0.0163257492668318 0.141577754926855 0.0260533050248306
-0.0726125915247183 0.0892993644064451 0.149835294281796 -0.0251813892413468
0.00425621707385238 0.107110340752874 0.100852039128526 -0.0803523060486887
0.0702939899251575 0.0503574482824588 0.0230471734421114 -0.0836636534502986
0.0670227495474249 -0.00531414646727272 0.00651310375616986 -0.0478329866280174
0.0554662580040901 -0.0319185312578615 0.0134643562731089 -0.0349180452811064
0.0446788871475006 -0.0482137444985385 0.0284803269438612 -0.0308312009255321
0.043841658809438 -0.0528066227061604 0.0515568503054199 -0.0291148772033357
0.0552645138226148 -0.0302135201563837 0.069953213478381 -0.00765347545190182
0.0680331718687349 -0.00171181913816128 0.0671129343475516 0.0388707863432249
0.0548631704683628 0.0608322307118676 0.0273342308465195 0.0684561867503406
-0.000644206681129591 0.093057590547024 -0.0245642331345153 0.0560061874781407
-0.0723479895425379 0.0559240484187618 -0.0293872174197724 0.00675411565138524
-0.100507658507127 -0.000824207298868631 0.0671700759697129 -0.000414843446151345
-0.037515618642612 -0.031883797731359 0.120412882267333 -0.0176445324174832
-0.0669419595239555 -0.0117656156593856 0.140501154360245 0.0217780176286615
-0.0525179485359959 0.0440735710085812 0.135431622332646 -0.00986336005534144
-0.00625693780779156 0.0646980782960255 0.100576059648546 -0.0573113026275903
0.040019348106457 0.0335039314860056 0.043750031238073 -0.0684958654551119
0.0400969262742676 -0.00392919247049862 0.0279065522320332 -0.0488946842850031
0.0325719508919282 -0.0197842182691303 0.0308400546202247 -0.0456149553753707
0.0276435223037429 -0.0302588644857045 0.0393372744274286 -0.0460020914089507
0.0277030226640526 -0.0349418781097151 0.0647616781457517 -0.043227889859568
0.0394867061691141 -0.022712601388063 0.0839466215883601 -0.0155715501224449
0.0494841465473402 -0.00107627060462157 0.0813013173926027 0.0378920464987235
0.0365381970803173 0.0477742023166986 0.0363005185634602 0.0719139015673167
-0.0101073785940621 0.06699865090435 -0.0183684554932669 0.0606927370128422
-0.0613552301803261 0.0268521140382553 -0.0195950499005585 0.00395318080538108
-0.0627944908689599 -0.0269705615629631 0.0895102600840894 0.000793849410516409
0.0123050999039237 0.0346445713973045 -0.10439448861401 0.00884111504391057
0.0332961573678514 -0.00579681546204474 0.00470990316550852 0.0120824481443726
0.0151558330369201 -0.0271781079977536 0.0267079250011096 -0.0673401970002337
-0.0158896040303283 -0.0207997539588631 -0.0383933624504081 -0.0861677606957115
-0.0190331231042853 0.00386630905274446 -0.0955696960456256 -0.0489469454780965
-0.00772782441911399 0.00754711036625382 -0.107279248184413 0.0120249435430633
-0.0074297276209271 0.00382572478511647 -0.0770281975941175 0.051395812973554
-0.0076344709486111 0.0038373663444659 -0.045117843763163 0.058842092201267
-0.00550152834847709 -0.000332140338824703 -0.0379185055884318 0.0556007168210999
-0.0018349756158342 -0.00394458542745954 -0.0394964271423313 0.0560832392165749
0.00329098946047868 -0.0104312629664865 -0.0482129888649208 0.0609719866464047
0.0167768976713465 -0.0111142336616369 -0.0794475854235037 0.0483157594713008
0.0329943098327874 0.00932403164212591 -0.112004909022276 0.0126426597678374
0.0163620834533269 0.0368359703636661 -0.11607766237264 0.00187306534725135
-0.0123129357546858 0.0486649480747254 -0.111186614801424 0.0315390909352921
-0.0377373428978102 0.0513441499655941 -0.091563251112997 -0.00247998353761381
0.000558618507394213 0.0306273059302075 0.0180246838188545 0.00885716417231882
0.0139761477508909 0.0195391761364788 0.0421735712244155 -0.0811386391354359
0.00967798039288795 0.0106373102432821 -0.0315340178987456 -0.105853205420874
0.0134876574562781 0.00628941342759786 -0.101303949036338 -0.0612050904314463
0.0171799387357193 -0.0029557031116502 -0.111088833666708 0.00658610898268477
0.0155909615104467 -0.0153761722869947 -0.0784050613542694 0.0490034567488706
0.0119026173001769 -0.0202098385694442 -0.0426945582288091 0.0579938119244151
0.0176953095398718 -0.0216838780935974 -0.0329139256401227 0.0548126663508949
0.0277737924241284 -0.00903322227817361 -0.0303770999377289 0.0541573440939486
0.034672778721701 0.00157715707642963 -0.0375696963787908 0.0623105350594708
0.0334003827395147 0.0283046666659027 -0.0658281433019022 0.0564133919113805
0.0205571522056385 0.0536951443246465 -0.100066557563594 0.0236608159224642
-0.0230869245267427 0.0615403419523856 -0.103919000958638 0.014146279976078
-0.0646241375564532 0.0584965687230571 -0.0960232973158578 0.0335875795573285
-0.0860254272587803 0.0579717722206135 -0.0639478540565509 -0.0143862852510789
-0.0408189857861444 0.0614557708779663 0.0422396662785306 0.0066924667572916
0.0048948950581081 0.0690405081989284 0.0688057036389882 -0.0912501112484582
0.0328786501426818 0.0490664441070201 -0.012197642043393 -0.125462545214682
0.0483436651840637 0.0128444077624986 -0.0975411539301897 -0.0781039688385015
0.0435326251760668 -0.0112661692472865 -0.105134198356955 -0.00508631859542527
0.0380946059631554 -0.0321924806396048 -0.072294876451786 0.0382146668313273
0.0298177580723959 -0.0414618926569534 -0.0343503544812745 0.0483455872702217
0.035747181089891 -0.0424149344125014 -0.0205196839816063 0.0461015937243998
0.0495359460412343 -0.0176625164538546 -0.0129602689889933 0.0478307269180555
0.060230922106247 0.00438403162969586 -0.0173279324124367 0.0635285647168056
0.0541224660405105 0.0533568167420246 -0.045930809719009 0.066898000618483
0.0202646352621628 0.0874539492828109 -0.0845216085285232 0.0380730793923081
-0.0475737833610709 0.0837811528924055 -0.0882784369770001 0.0227253424372483
-0.102869381440193 0.0651698544788099 -0.0684269497621128 0.0314446243884659
-0.121623310197252 0.0515272908901404 -0.0225123378877511 -0.0233751402812037
-0.0838672208387314 0.0783789566755416 0.0736537878421319 0.00749428935084818
-0.014863879904533 0.111366964532563 0.101382481727339 -0.0917969067218703
0.0460487182128749 0.089589116038079 0.0178018054496116 -0.136486395113975
0.0788406516424118 0.0255889132469994 -0.0793090347858837 -0.0934492539604264
0.0666053010461729 -0.0159980677495979 -0.0875075312630419 -0.0189257215867877
0.0567060726556078 -0.0427723798488678 -0.0574709613873109 0.0214478903615275
0.0433598054949549 -0.0569617924580425 -0.020773269213644 0.0310702540768019
0.0470615635520458 -0.0585532781429751 -0.00300844301938412 0.030243620000675
0.0625696331851873 -0.0277799002109992 0.00925706473151741 0.0351109040177789
0.0762394083513327 0.000607018920810109 0.00755089804689447 0.0599054069501637
0.0707082658259249 0.0638148122849815 -0.0224441285991551 0.0724697106255825
0.0244448126786622 0.10696576182654 -0.0664135541461349 0.0488585839146557
-0.0592625816355049 0.0969926520502425 -0.0713810674504123 0.0245437414615075
-0.124978676152861 0.0647141498750286 -0.0331621144814417 0.0238172912462981
-0.137347858765508 0.0350489380462288 0.0249411708511828 -0.0277256675763853
-0.116424220180111 0.074382359434746 0.104802915144271 0.0117170121019715
-0.0416035881242221 0.13208964759658 0.130404391418119 -0.0785593448480582
0.0430134011475318 0.119501425628606 0.0530836952970764 -0.131992992867085
0.0949184861044156 0.0401628060647057 -0.0488951503196366 -0.100865193509856
0.0801529640729311 -0.0152596935361227 -0.0598635872490625 -0.0333678743547083
0.0672416553291073 -0.0468475426625334 -0.0356924344057271 0.00119200084588012
0.050049206949688 -0.063769161490341 -0.00425318310209979 0.0100315105520058
0.0509717575792845 -0.0663782726649823 0.0158114072049324 0.00903906187769859
0.066102056704813 -0.0345626687424935 0.0314891781289764 0.018966303288208
0.0814422513841519 -0.00452129782563438 0.0311799946357916 0.0514403276881908
0.0762393846172713 0.0661477326612068 -2.95960741101333E-05 0.0725965280318502
0.0235524385662326 0.112005552220481 -0.0485253020725832 0.0547235167563509
-0.065074701336468 0.0954732862672569 -0.0557430020612661 0.0207911708360086
-0.13063722644362 0.0528888679854793 0.00293528543323627 0.0127443550776978
-0.125697376808772 0.0127917116882673 0.0707917336353247 -0.0276717412194804
-0.125914438141649 0.0515586599849764 0.129095656971628 0.0162943930777495
-0.0629290124154346 0.123751200442486 0.145975087489463 -0.0547902005925492
0.0271277068619339 0.126334300228442 0.0808064793151314 -0.111865086095771
0.0910112539939245 0.0490492926297046 -0.013017475907133 -0.0955686197291194
0.0798235892998433 -0.011782965963341 -0.0263794074263859 -0.0425224785616037
0.0662133335887783 -0.0434121219976585 -0.0107162245378914 -0.0185041688140026
0.0493450024623076 -0.0611912196245447 0.0125016399893586 -0.0119853334710815
0.0481588175961364 -0.0644661027515006 0.033651336790185 -0.0124820969443618
0.0621084102522645 -0.0360300074631533 0.0517778630629828 0.00194951323908212
0.0772816121061443 -0.00628963829807739 0.0519540065635964 0.0413833282717228
0.0704839170160061 0.0637001357926806 0.0180570803951087 0.0694370834991467
0.0156730557348412 0.106472040702853 -0.0336088728917877 0.0562814770992058
-0.0684219533889933 0.0814367674969544 -0.0419927406507863 0.013625072658274
-0.121316801832453 0.0318804032636613 0.036633433395046 0.00212641099828854
-0.0912148443573184 -0.00978856214476378 0.104366063870502 -0.0234176537949702
-0.108684176770749 0.0216207723862991 0.141947436404664 0.0203372027300255
-0.0666074011878613 0.0914305069760216 0.146051436225038 -0.0311693420009726
0.00965654321232778 0.105288131384732 0.0953550521111497 -0.0846525257143893
0.0713183673334776 0.0452096160124699 0.0183616703358409 -0.0820731281891768
0.0649128492363362 -0.00869033266771708 0.00419417176743756 -0.0472066707680743
0.0529209596044429 -0.0344658874115361 0.0119847418469282 -0.0351464414875401
0.0401108508196453 -0.0499406166881429 0.0272864412822293 -0.0315934426688933
0.0394684202842627 -0.0538848604313568 0.0493577549183507 -0.0314837603745837
0.052524707170257 -0.0322252850713968 0.0689016824262779 -0.0116564469687779
0.0660576252865941 -0.0052571665827523 0.0693406201270448 0.0351757471494516
0.0570762407357451 0.057591197173868 0.0316310740970062 0.067903422368266
0.00406420329983476 0.0909504308604869 -0.0217623099456123 0.057963324953771
-0.0679622880299239 0.0584203493549171 -0.0292246805499288 0.00813708031560992
-0.0990497455139051 0.00451059372437717 0.0659323495977664 -0.00324728166311653
-0.0383878790588394 -0.0290543974934276 0.119197381995118 -0.0209272807323208
-0.0665195929148548 -0.00811658178957575 0.140610122051333 0.01613047856916
-0.048764198750427 0.0457266750630163 0.133664259131541 -0.0165947714995742
-0.00267123625437629 0.0637120376305517 0.0962647823401886 -0.0622563186145315
0.0405173897866111 0.0299032637518443 0.0394038007820966 -0.0692313286433144
0.038179714409475 -0.00630919994612822 0.0256561132787422 -0.0494048639713972
0.0305631534703279 -0.0205944827638126 0.0283077901728774 -0.0461447109236475
0.0249720848912439 -0.031251640807039 0.036791047519952 -0.0462032793470695
0.0245404711686783 -0.0355423082630254 0.061177401390692 -0.0452272668476813
0.036733528442859 -0.0242957098251569 0.0821017356247036 -0.0199621936000502
0.0480718259191144 -0.00423324659485338 0.0827546699980827 0.033520482223576
0.0384830423760252 0.0447072513143797 0.0396159802716984 0.0696464653489584
-0.0061464387730564 0.0655407485043469 -0.0153982987169298 0.0618980587119687
-0.0582936183806399 0.02966464328047 -0.0194708514296213 0.00559481495726138
-0.0633153960899475 -0.0227863007456544 0.0877135772667214 -0.003041403702218
0.01535244519219 0.0312745360291543 -0.0979997728506922 0.0228877090684808
0.0295867262074763 -0.0107944490905787 0.00621159081944891 0.0116896794800182
0.00873546669285193 -0.0285076895510827 0.0163950809426806 -0.0678388684617025
-0.0192725591197061 -0.01717105593625 -0.0481832315415802 -0.0771643794895063
-0.0187989720961504 0.00727928627804088 -0.0985604217371819 -0.0327197286685496
-0.00749233145861467 0.00987167272167007 -0.100149496644416 0.0281068122069022
-0.00684138449912363 0.00618996011016781 -0.0646081628106991 0.0599614157361999
-0.00608802611811431 0.00555360542145611 -0.0343204083121776 0.0612105996907091
-0.0046953465627702 0.00151668760280743 -0.0284056804521516 0.0578255121638363
-0.000908562478179987 -0.00310790099445708 -0.0300679203405912 0.0587938750282197
0.00222416281480785 -0.0097940672720399 -0.0375321805467668 0.0643530869217289
0.0147575950018096 -0.0118153034061463 -0.0700189742361834 0.0564149829491076
0.0329006204632859 0.00576880959718394 -0.107217211539912 0.0257525219482115
0.020954012622118 0.0329382946021166 -0.111610556250901 0.0144475313134942
-0.00456572953033061 0.0481686719012718 -0.101924303637106 0.0406656158340496
-0.0291639933606704 0.0551272508275826 -0.0868878332288857 0.00858500577254239
0.00470544597224048 0.0287302356616341 0.0177552295518459 0.00449019097696708
0.0159103464590849 0.0152222482299544 0.0269531362536159 -0.084002396248867
0.00989024090109735 0.00768469298535529 -0.0466509845864612 -0.0955951952822192
0.012035761096744 0.00403666997755077 -0.10681215036707 -0.0416868941385725
0.0141507961354891 -0.00386130907601462 -0.104076880278899 0.0243700713417105
0.0124815031568251 -0.0167414116852299 -0.0671686282087374 0.0592342500241994
0.00902676169714074 -0.0202096217555062 -0.0314189956130331 0.0601947632688256
0.0146164319239171 -0.0229806395922879 -0.0237402454989847 0.0567866910033147
0.0265793630307128 -0.0126942237068841 -0.0220165478441127 0.0565383811661988
0.0341625912318104 -0.00299328044727968 -0.0274138477383314 0.0650120292981929
0.0376073104791621 0.0237219169466033 -0.0568743063889364 0.0615700134560188
0.0274841204143598 0.0498568343856353 -0.0939574885694791 0.0344628815119113
-0.0128340445782636 0.0619380931358 -0.0977015759669193 0.025566055445463
-0.0533586666824364 0.0642683076631788 -0.0867079742010826 0.0422757127617094
-0.0727674607747107 0.0693301501262181 -0.0614813796657988 -0.00847667660820961
-0.0281271568242244 0.0641381566104066 0.0396358554147418 -0.00314906300651153
0.0155739979867647 0.0633910657324445 0.0479479595438142 -0.0984555840109136
0.0386841351480476 0.0401983500103671 -0.0335181288378105 -0.117419020751218
0.0458330314544521 0.00435354566841779 -0.105917566983087 -0.0571633025820638
0.0374140476948229 -0.0158103066287641 -0.0997238836276916 0.0132698488268643
0.0316385173421121 -0.0367920626611735 -0.0635669840090966 0.0485944566292325
0.0227204565608581 -0.0429653943352738 -0.0244972114609975 0.0500698766505204
0.0279975171006646 -0.0454715747955508 -0.012566842753764 0.0469185016365596
0.0460045761502597 -0.0246825447998336 -0.00559589347480044 0.0481081660000895
0.0591753894506218 -0.00485554976163189 -0.00809776582235397 0.0636480824668726
0.0616312679201944 0.0440186539085378 -0.0365699067919417 0.0691771258600664
0.0322632355352232 0.081394513067869 -0.0764389480941894 0.0456400072941417
-0.0328405311327971 0.0867546897832264 -0.080553234036908 0.0332642812948777
-0.0898855766490776 0.0761318508267895 -0.0592637818752577 0.0386922849726999
-0.107370560978413 0.0689461096339216 -0.0227630922570374 -0.0237144469864045
-0.0652943052770232 0.0873810823251259 0.0695591452930098 -0.00898753146675119
0.00462274662312488 0.10606729163618 0.0772782880788567 -0.105662889346683
0.0585625752885966 0.0753614598282614 -0.00892089765441561 -0.133319957911665
0.0760541806422154 0.0106799980635987 -0.0919759260005391 -0.0726739875458251
0.058658134930442 -0.0240781107781696 -0.0858377041381373 -0.00214381122754267
0.0477969587633699 -0.0506400077176883 -0.0522392457513794 0.0311453616351789
0.0327514580314539 -0.0596243972280863 -0.0136197405292588 0.0322994555390246
0.0357540608538635 -0.0629368341035752 0.00224821873302383 0.0291635442561892
0.0567505567283988 -0.0363135006544657 0.0136638632291048 0.0332468844345204
0.0734789302946545 -0.0116823863764775 0.0151396487103983 0.0567912576577006
0.0792708207039174 0.0510830290636005 -0.013317157112303 0.0715497245188696
0.0395045433177641 0.0987037149796025 -0.0575980242655279 0.0543225363212315
-0.0421776047759012 0.100539659777718 -0.0634831962447164 0.0332342455809693
-0.111031712197687 0.078740166389232 -0.0263825342524027 0.0277931126669571
-0.12395774479406 0.0553999328993345 0.022539161126424 -0.0349415718523398
-0.0961638080023599 0.0882586947521253 0.100196917682032 -0.0109482619985279
-0.0168038434219025 0.129618737282483 0.106118818006083 -0.0988581863574424
0.0615161694813114 0.103781528609318 0.0231105336663146 -0.135257458835391
0.0936628601103172 0.0213876490274663 -0.0648035010810231 -0.0837992935977671
0.0717703446476684 -0.026152171008518 -0.0613083373267831 -0.0194090297266599
0.0568951453343297 -0.0564719432464588 -0.0350372443520177 0.00914111240398658
0.0377973453996914 -0.0672382145757282 -0.00074542574776263 0.0104461925688664
0.0381019954967123 -0.0712791082243092 0.017555011941511 0.00704268678340845
0.0586446733067355 -0.0437892318811482 0.032722044315677 0.014585212216499
0.0772584920109598 -0.0167912467134324 0.0363977847914188 0.0459453511619898
0.0844749160732037 0.0512989324440451 0.00777071694915196 0.0688378386198958
0.0399675377202338 0.103316824647302 -0.0395348073456758 0.0569721273970283
-0.0481199972943389 0.100193535730752 -0.0486767648862612 0.0279158053407462
-0.117682190563364 0.0688179126335424 0.00696660235140966 0.0132904076740593
-0.116672655966323 0.0320957166416215 0.0661884050740052 -0.0402437546100611
-0.10808895123778 0.0693657003850386 0.12596604731012 -0.0100358211664845
-0.037586238828165 0.125081018613573 0.125432561819129 -0.0799916919129224
0.048149170762595 0.112348968677155 0.0533442001897863 -0.120846785434887
0.0923278720904643 0.029498700815408 -0.0308058827252884 -0.0849870879700236
0.0718873786061356 -0.0239387709843219 -0.0309764695263988 -0.0334539706620744
0.0557139270703568 -0.0536008058490757 -0.0144098694392659 -0.0134979286814157
0.0370777125093654 -0.0649577432378915 0.0114441352024795 -0.0126903881003892
0.0351685669887351 -0.0692721981481631 0.0314880100759714 -0.0161273862487974
0.0542064252457517 -0.0449918749479604 0.0495456992974326 -0.00423016692097735
0.0723717876550953 -0.0182046623726334 0.0552210927775644 0.0336431187198644
0.0791002479479865 0.0500134247861632 0.0250594661997112 0.0639047929968126
0.0312908903007805 0.0986411147621385 -0.0241254522579148 0.0574397657801665
-0.0529596653683118 0.0872014175978404 -0.0364261301367944 0.0197375713343178
-0.111710647320654 0.0465221045687323 0.0367546075716174 -0.000174581256635467
-0.086741303452929 0.00427451405300425 0.0986454458955901 -0.0395824657406423
-0.0965512688622199 0.037916100101047 0.139888819815947 -0.00712578844554992
-0.0460036252334865 0.095785910171166 0.130932651735269 -0.0565834526350531
0.0286596704448214 0.0964486624289359 0.0728790064264441 -0.0971480285060638
0.0734585337825129 0.0292276283317148 0.00217838425971946 -0.0782050681100924
0.0586068916492788 -0.0191527507338408 -0.00281982073980677 -0.0434436667583269
0.0446257012791429 -0.0428508089188767 0.00523449940262666 -0.0331332093363753
0.0303966011649408 -0.0532437413084564 0.0223304141646336 -0.0329756537973972
0.0281155632528169 -0.0579395505068527 0.0438475761279573 -0.0359571023763898
0.0446021766171012 -0.0398755111214342 0.0641576299743416 -0.0192869946936838
0.0618155492952192 -0.0154236458810548 0.0708217323744457 0.0252293041875555
0.0644735680024817 0.0454687740287645 0.0379811460185462 0.0602345494638638
0.0184231820525508 0.0851525228699371 -0.0130003188533095 0.0575633061560542
-0.0557004741833271 0.0653515745165681 -0.0254534389341558 0.0129292306929314
-0.0945498578327672 0.0174389395902597 0.0631694398964044 -0.00865155972988241
-0.0398347019077801 -0.0224841143242031 0.112634879716309 -0.0359495701380942
-0.061685968750214 0.00275938769755002 0.13832915627701 -0.00810465223951845
-0.0363726047277698 0.0492549144335768 0.122952516485303 -0.038813278871518
0.0100484530922639 0.0583513170800023 0.079323153230276 -0.0760190031642691
0.0427517151612971 0.0189346093555805 0.0246770209861195 -0.0702999509591229
0.0337428202440559 -0.0129455722540799 0.0172485548620944 -0.0497111110391317
0.0252823930965061 -0.0255752509134527 0.0189542174130067 -0.0473535880839128
0.0181699700150469 -0.0334210403378153 0.0285523371413305 -0.0478659132339073
0.0170154233801104 -0.0381690925868908 0.0527620773697105 -0.0507153921450186
0.030510989889873 -0.0296265417045691 0.0758437354894915 -0.0292816967497956
0.0445954547133771 -0.0120132182303628 0.0832470298256275 0.0212606778000152
0.0445873727589497 0.0355175641984143 0.0465664220091231 0.0616122551507503
0.00494097554780573 0.0621631181372434 -0.00623530250981695 0.0605509442491291
-0.0501479652671274 0.0363402417729273 -0.0171831135346543 0.00950411874729977
-0.0637506525979814 -0.0133569191065473 0.0829503338893507 -0.0120214900815379
0.014772634598859 0.028674935031914 -0.0910595583807688 0.0252305460180702
0.0269337004817373 -0.010638826195501 0.00638030780293647 0.010714444739417
0.00672896558334363 -0.0262937299219574 0.0135476815803836 -0.0653584290984333
-0.0183069152027059 -0.0147626285874661 -0.0484582866380948 -0.0719460963249785
-0.0162760307815049 0.0072170635649543 -0.0945938695895361 -0.0276320890976711
-0.00590283340330757 0.00921837919146944 -0.094126044100063 0.0306834757766562
-0.0058036536784519 0.00577661421892439 -0.0594870016665409 0.059207420253658
-0.0051359649152334 0.00510290126818938 -0.030609544701353 0.058466427674704
-0.00375988326493103 0.000874324211969957 -0.024489981964688 0.0556748994636617
-0.000629854922635844 -0.0030112530503014 -0.0262620718847854 0.0570450534120252
0.00213892904714246 -0.00906213685692587 -0.0330358561550007 0.0611283542057574
0.0138164696253484 -0.0106572926930671 -0.0640735503013887 0.0551636263164523
0.0306032922026281 0.00441867143001528 -0.101357297042377 0.0282920092350414
0.0200992435864777 0.0294395690457278 -0.106233418494035 0.0161937057804494
-0.003284206871628 0.0444556022939112 -0.0967397623776576 0.0397350538678867
-0.026634369742409 0.0523521957199449 -0.0812025783076274 0.0106472114018193
0.00439236576333533 0.0268146936006496 0.0166911909870997 0.00338090682024914
0.0145869517340636 0.0148138494413549 0.0230733762480151 -0.0806683797027001
0.00951558716391653 0.00876600522266385 -0.04698304107432 -0.0899207957763266
0.0124233066584122 0.00351990398702251 -0.102334758029734 -0.035673589739313
0.014176884055239 -0.00400502874887642 -0.0974545578143923 0.027296641724725
0.0115185628196928 -0.0168853897568787 -0.0612873738212037 0.0579496123656363
0.00834476687992691 -0.0200064016610232 -0.0277588827257557 0.0568916915805788
0.0129632885079975 -0.0224760903966284 -0.0196409224487919 0.0544435937925626
0.0252061532995553 -0.0129926331103967 -0.0181851077331703 0.0542697045368594
0.0323717823681566 -0.00377084065499236 -0.022982357886526 0.0619757423313052
0.0363337886050692 0.0221650764416159 -0.0513214012482526 0.0602194598474694
0.026707323481049 0.0462666579446032 -0.0878907291567466 0.0363791546436709
-0.0112863538898615 0.0583842104400511 -0.0926910312259764 0.0265905643510238
-0.049091051793813 0.061139970950034 -0.0820380964600524 0.0413828325340584
-0.0670591893426911 0.066298923139748 -0.0572492633757031 -0.0060651511298009
-0.0257223981703661 0.0616199419005694 0.0376682028884299 -0.00462581978879667
0.0158657900176566 0.0599185884105766 0.0430878534223377 -0.0954353985172508
0.037882282166255 0.038286639139444 -0.0352354118619883 -0.110474718229213
0.0438958569393257 0.0031242669692276 -0.101547861863686 -0.0500019778085686
0.0356070214809699 -0.0163819595087309 -0.0938970288836759 0.016699959408061
0.0288082568365209 -0.0362621244050077 -0.0580633058941317 0.0478141072739749
0.0202615162045395 -0.0415503705595623 -0.0212020211528223 0.0467074095434711
0.0250391651634171 -0.044040051868375 -0.00906852286824735 0.0446684409735457
0.0434553728692241 -0.0248206945601435 -0.00327014679261743 0.045825924398475
0.0557931176655191 -0.00612916579991954 -0.004545909696721 0.0602796287604105
0.0600088746223548 0.0404385803291345 -0.0315184933953869 0.0666720294617936
0.0329576921720559 0.0762775737408909 -0.0717696442599389 0.046723169272644
-0.0292484631427712 0.0826232928654685 -0.076202608463338 0.0330050069071657
-0.0828223102696146 0.0736663669993048 -0.0559724794455657 0.037434261651341
-0.0994726217608486 0.0673012291564613 -0.0214422582262653 -0.0212053005994356
-0.0598575046473184 0.0838989422123914 0.065503536712391 -0.0108876415755115
0.00647913735189793 0.0999347141704941 0.0703858482671255 -0.102139771046556
0.0575399816035266 0.0710902733345615 -0.011817544624229 -0.12647074586223
0.0725181836410206 0.00815756561362062 -0.0888682947583205 -0.0650621629702408
0.0553480407337889 -0.0240065101623462 -0.0806674904202674 0.000229965033000709
0.043453803158174 -0.0500819799940089 -0.0476421978177367 0.0311695999023106
0.0290839992193031 -0.0575525159226681 -0.0110803824665834 0.0299383777073477
0.0315742591748238 -0.0603700079127952 0.00403732948527904 0.0268477624146258
0.053107560854317 -0.0366397649263429 0.0147003420937234 0.030781495810551
0.0692368422062954 -0.012523674111405 0.0176093342151878 0.0531400394064766
0.0770331798346206 0.0462119036528953 -0.00949642437250196 0.0690472084385021
0.0400310445630852 0.0920469134342465 -0.0527812547250886 0.0542044748221342
-0.0373975149840615 0.0958552144829137 -0.0597834342669329 0.0329269638778985
-0.102340098988772 0.0769450182258966 -0.0248363921191933 0.026834356813161
-0.115303843813119 0.0552905794643125 0.0215188470542567 -0.0328894514465367
-0.089219458584526 0.0864253325366155 0.0951828931126264 -0.013399821785684
-0.0128905387963848 0.12261895016328 0.0975852229227489 -0.0961534412458292
0.0612178378366069 0.0978205128964526 0.0183894687695782 -0.129100008128238
0.0892180095686944 0.0172449792095691 -0.0634773523248816 -0.0763366892614341
0.0670945955062278 -0.0268910951972196 -0.0580247605161731 -0.0162656387515804
0.0518212548200707 -0.0556703066669845 -0.032087268673568 0.00991493444842386
0.0333387500779964 -0.0649566839692072 0.000140444252526296 0.0091178783808501
0.03302928775892 -0.0684056542745924 0.017531782865653 0.00575183737683301
0.0547365380797002 -0.0433200797830551 0.0320945731139367 0.0121200256092424
0.0723634023966538 -0.0176462676261851 0.0376988043306294 0.0421958246225502
0.0825401794857476 0.046852184128201 0.0106911468609562 0.0656252432341872
0.04035661432418 0.0962110481566793 -0.0352798111291883 0.0569436099266256
-0.0425236641030855 0.0957295523952 -0.0460215054920706 0.0275018172823296
-0.109050071702199 0.0682375180697469 0.00605845541855586 0.012497728770663
-0.108818888258625 0.0336673305167754 0.0629205788081668 -0.0391273075000552
-0.100854518790021 0.0684536824629089 0.119442873052039 -0.0126799901714241
-0.0323704429546387 0.119421727098347 0.116514855542955 -0.079186613145947
0.0492980654199838 0.105855911886791 0.04729616482186 -0.116446511900572
0.0877561522228758 0.0248494530577724 -0.0314407856401586 -0.0781255481275
0.0666749198657827 -0.0250132752158407 -0.0301063622680068 -0.0305923131067193
0.050932952142385 -0.0527875316291427 -0.0134758442210123 -0.0125082402686143
0.0324671414555107 -0.0625666307720098 0.0113338658301153 -0.0128126845302422
0.0302262954493212 -0.0664056087266892 0.0295306009833732 -0.0163169946578048
0.0498557250856219 -0.0442243406993149 0.0471782758294396 -0.00624125003161098
0.0676288612353273 -0.0189375492253765 0.0546329058297185 0.0299482919820784
0.0763983584068509 0.0448407253234403 0.0268443963356032 0.0599441652037658
0.032736677463898 0.0914425838997455 -0.0211907274090285 0.0562992940786672
-0.0475187192040416 0.0836674627937681 -0.0340646374931439 0.0199275102150372
-0.103894865939177 0.0472157322410793 0.0342669869087317 -0.000825491175415521
-0.0818115442049633 0.00679677263506877 0.0936873353662748 -0.0391543295263079
-0.0902491647326009 0.0388741886982712 0.132294509100799 -0.0103499473254521
-0.040423357704212 0.0916994611317739 0.122664558055151 -0.0572014899701721
0.0307406977440334 0.0905028307620261 0.0656836215999122 -0.0947267589021275
0.0702403921812019 0.0248878183409255 -0.000439046175995013 -0.0732342743949052
0.0540726477678512 -0.0195958192473184 -0.00360799722182571 -0.0409277755009067
0.0406130244783236 -0.041946325687229 0.00419362826289878 -0.0313108929632028
0.0264334335742951 -0.0511140512861906 0.0207699077831533 -0.0316463975825085
0.024134428441608 -0.0548503597051972 0.0403061863385776 -0.0355548021883103
0.0405609439430672 -0.0391525361870382 0.060094276488516 -0.0205717576849475
0.056792638797188 -0.0167399418394144 0.0682906947978937 0.020992951673921
0.0629592205377098 0.0407258065383365 0.0387687336922076 0.0565863893982064
0.0202386282250915 0.0788893962379111 -0.0102822195869745 0.0560588752893952
-0.0498058321446159 0.0630102227729169 -0.0235168171682087 0.0135000075383452
-0.0881094881536893 0.0195799119035825 0.0586191653562733 -0.00962509166893438
-0.0382184029176561 -0.0197284940582268 0.106785627804052 -0.036003152378841
-0.0581698690190389 0.00537552764656543 0.131641727084842 -0.0110420183734456
-0.0329853609541201 0.0473664670067355 0.115454174656741 -0.0397776917590128
0.0114719941150618 0.0546041731188424 0.0719723792655809 -0.074123826321042
0.0403904964645003 0.0161783958384755 0.0211019361504956 -0.0666130332083728
0.0307274578779684 -0.0129533230634156 0.0147831176384354 -0.0477556472856955
0.022437501352153 -0.0251286503128649 0.0166489368142389 -0.0451913215597304
0.0156412166708075 -0.0318647566777619 0.025900484414873 -0.045775959409277
0.0142770657879771 -0.0358452397138499 0.0476209595177069 -0.0492775154076524
0.027235006930395 -0.0288333201868877 0.070475304378935 -0.0302373735126109
0.0411459698745455 -0.0127949785463875 0.0803868724003637 0.0175465930162036
0.0436199728564837 0.0321419771350733 0.0459644598671549 0.0575207002768055
0.00654726421676899 0.0576342187449201 -0.00433387654265565 0.0584281816850623
-0.0456878998907511 0.0351819693252698 -0.0163872214299285 0.0098931982983726
-0.0609276796597554 -0.0102710686512625 0.0775215489554508 -0.0132609628634991
0.0134847902735827 0.0264812207161925 -0.0858260891693562 0.0239375280439168
0.0246073408782011 -0.00996114572357295 0.00611431981670463 0.00981648140239852
0.00647901064684765 -0.0235481358833353 0.0123072132769462 -0.0633403815404283
-0.0174373064749928 -0.0131555416630212 -0.0461356787192008 -0.0684054121296364
-0.0143787641166728 0.00717765466198267 -0.0895749226701991 -0.0256216132034032
-0.00520709107626549 0.00907288877357323 -0.0884412564590683 0.0305550805389539
-0.00519351201744686 0.00493929050605501 -0.0559434535218232 0.0567439232463096
-0.00420060790418734 0.00434752234248048 -0.0294386350814245 0.0554414669901441
-0.00290918551401165 0.000797467800450516 -0.0229905116642361 0.0527943223752019
-0.000233543279563865 -0.00313053568771261 -0.0243478665466069 0.0545504129361849
0.00213344867101483 -0.00861174816349126 -0.0304293422354072 0.0585948482976183
0.0127721467664046 -0.00919351236847383 -0.060734225666909 0.052108723939685
0.028233918174421 0.00440497512272935 -0.0964875560135908 0.027632019472553
0.0181767213470658 0.0273911217215413 -0.101318114475398 0.0150198476253609
-0.00335106488380956 0.0413925076392382 -0.0927480501165285 0.0368379833253579
-0.0255252759954619 0.0486916961914845 -0.0763782614835925 0.0103803798846675
0.00367005662937295 0.0256404948687249 0.0160050145671927 0.00308749948411386
0.0132035198349621 0.0148775175150285 0.0216304773286854 -0.0774467874673513
0.00997766090652351 0.00886568280144985 -0.0448908724302902 -0.0855013696965476
0.0125988180696869 0.00350742316079523 -0.0974273980768117 -0.0329134736373481
0.0140294427996136 -0.00383703002405842 -0.09226584801137 0.0271482867568145
0.0109142531913983 -0.0161147790944477 -0.057472444677434 0.0553302401852714
0.00815225961470489 -0.0189840538679411 -0.0257183989841974 0.053865495520546
0.0127242088422323 -0.0217893596324886 -0.0179278990440292 0.0517296084409848
0.0246036261495053 -0.0127200336233041 -0.0166600126069576 0.051937344022
0.0310920736655068 -0.00368743289270529 -0.0207431176119632 0.0587194262807312
0.0351176633843491 0.0224152450620368 -0.0477169423788345 0.0572289043168331
0.0243802778083247 0.0438106116442996 -0.0843044174041207 0.0353702437880461
-0.0112500372323531 0.0548107594690792 -0.0891249437351942 0.0243727867444199
-0.0463421865536833 0.0576430715649646 -0.0788998618701169 0.0382172121663433
-0.0640529701978476 0.0625641126073152 -0.0535265969635245 -0.00552361977346452
-0.0251540419964379 0.0585230505501459 0.0356038534465701 -0.00467054073220896
0.0144447868718168 0.0568851562514052 0.0407235954789082 -0.0909267627233095
0.0364825783532383 0.0371289635813417 -0.0335679940830494 -0.105159242511222
0.0424231852833761 0.00287473079270526 -0.0964375503923398 -0.0461185232478189
0.0347509362891269 -0.0153949054565999 -0.0887055527304427 0.0163212414768688
0.0273228892304635 -0.0356971617167706 -0.0543053760005196 0.0460986115906169
0.0190202382623511 -0.0401719192973098 -0.0198211847418879 0.0440938031414271
0.0240591468125997 -0.0417449198278751 -0.00782798072914189 0.0417822197686131
0.0419363773439403 -0.0245915598829515 -0.00215223166252774 0.0432783247038821
0.0538910526677635 -0.00607591279636459 -0.0031163567698023 0.0571828706190171
0.0577636150728047 0.0391226507113833 -0.0288614071186769 0.0639091255262963
0.0307584592833071 0.072430742642621 -0.0680162524299409 0.0459189270927337
-0.0283209763046449 0.07772108931151 -0.0735166769391619 0.0314092204494463
-0.0789049071921489 0.069481927422065 -0.053796092484469 0.0347439852131423
-0.0942891584147842 0.0634629086980956 -0.0190531900618438 -0.0201184383637194
-0.0577724807976172 0.0798098699329568 0.0623339037049772 -0.0100460383591947
0.00562255135152656 0.0952478264634773 0.066808158900032 -0.097338624206375
0.0551776627814786 0.0686373350560792 -0.0117996775561514 -0.120812861334301
0.0689601480698635 0.00758185599974484 -0.0846906536613049 -0.0604165114556519
0.0527506784967001 -0.0230597734574989 -0.0761440269980849 0.00117988364073945
0.0413289992720796 -0.0483175446101796 -0.0444063508368142 0.0295299278868381
0.0273853292753739 -0.0553041739908591 -0.0100421590105185 0.0278731598592705
0.0294687745665401 -0.0571871913359804 0.00483568782564869 0.0250401477350523
0.0505764691519359 -0.0351886657685401 0.0150153544604406 0.0285605870083367
0.0658374264283146 -0.0127171335657369 0.0176887726521163 0.0501951288483334
0.074335336156093 0.0444753730777407 -0.00758345732637631 0.0658050172836558
0.037929471586218 0.087329759913987 -0.0501620433032422 0.0528583373516467
-0.0354963263553166 0.0906536622289485 -0.0578409603269066 0.0311777168640432
-0.0970117248775881 0.0729842283272545 -0.0242188880991702 0.0250010518324009
-0.108993233554002 0.0520918172928238 0.0211372674227421 -0.0312626223660789
-0.0848687277870849 0.0822006140594105 0.0905854621830235 -0.012442865078902
-0.0126347164534834 0.116637192177106 0.0931441100185561 -0.0912590035438157
0.0588974970608795 0.0935063803748877 0.0174389478470497 -0.123434668998316
0.0846827629356939 0.0163791671381133 -0.0604896990248423 -0.0710821976553573
0.0640599202013231 -0.0256505398978822 -0.0553722181945556 -0.0150235922123831
0.0493344145387386 -0.0536420964201849 -0.0296723466875007 0.00928087731030708
0.0312447807924046 -0.0622867381601281 0.000442582493142947 0.00792103204697884
0.0303524265205401 -0.0645018559523663 0.0172228024381546 0.0053180025853036
0.0512778719641598 -0.0418708511449401 0.0307102106484685 0.0112532229762792
0.0685662107947732 -0.0172698730829861 0.0370860577225361 0.0394564711397307
0.0793099214449581 0.0442546123811114 0.0119812112873392 0.0629845570991174
0.0385962143904447 0.090656291645423 -0.0333621987744652 0.0551655976498926
-0.0401265942238544 0.0905547402956816 -0.0444118206581905 0.0265262512064404
-0.103293915901919 0.0645876236566724 0.00512862011199348 0.0113078814455048
-0.103074908463937 0.0317316006852601 0.0604838184429287 -0.0365436006920364
-0.096065284969787 0.0659782446607028 0.113865850451309 -0.0121940729543912
-0.0310236463637881 0.113300919535426 0.110901094426407 -0.0747811752465207
0.0481222435943084 0.101077380069599 0.0442036067645064 -0.111048486687251
0.0832118591862206 0.0231309713008791 -0.0295636934179579 -0.0731744752245182
0.063443315767263 -0.0235984248406096 -0.0287918493775958 -0.0295740310438143
0.0484599078753334 -0.0507547123253916 -0.0119307312212159 -0.0118800297581097
0.0301415347041966 -0.059770618805668 0.010845541681492 -0.0124321023725864
0.0277511028722604 -0.0621779818832077 0.0284071487399502 -0.0158829493867203
0.0471266036801115 -0.0422022122032061 0.0447742914785832 -0.00679345154521832
0.064223333418229 -0.0182723847763081 0.0529293005023239 0.0278149405376807
0.0734761181924431 0.0426241609939974 0.0272445468249251 0.0576975364438364
0.0311727643199479 0.0864843380467816 -0.0193855859935367 0.0547058323770194
-0.0444446634823496 0.0789664253012722 -0.0328391175246533 0.0195579697120709
-0.0985696499176409 0.0454336066452622 0.0322144144057487 -0.00118482549153489
-0.0773347409635502 0.00649511548225997 0.0899820313044388 -0.0360074074789637
-0.0856697802418196 0.0378030119912357 0.126409648559086 -0.00974553982861122
-0.0383257387127708 0.0866828290905719 0.116287722849884 -0.0540688558841747
0.0300012508870103 0.0858431827674038 0.0615755487453688 -0.0904830010149908
0.0662528367303018 0.0230014991957869 -0.000739596038054375 -0.0683922956324347
0.0500755376856355 -0.0185197355498039 -0.00328372322567199 -0.0393032831236003
0.0380391108839764 -0.0401505490539512 0.0041000640331902 -0.0299620316307324
0.0245384668279138 -0.0484684042564313 0.0190897631334745 -0.0302888900913321
0.0217728827375642 -0.0515313468330014 0.0380382013673437 -0.0337872861354517
0.0379172026614515 -0.0367447891675255 0.0568334522320897 -0.0206812461895763
0.0537859506693196 -0.0162176138215569 0.065941656384433 0.0198967253124888
0.0599601789566706 0.0381978750424503 0.0382344323996202 0.0536722537176775
0.0195895248999085 0.0743928632695698 -0.00931252506026557 0.054182961058717
-0.0463387824021155 0.0589056553351235 -0.0227214714848336 0.0137009090095207
-0.0834396219594778 0.0192670352841131 0.0555166003362992 -0.00972420504732747
-0.0363676672645097 -0.0187129269680779 0.102300095836601 -0.0332502028487526
-0.055196146351933 0.00544706597150772 0.12595213103073 -0.010600874384143
-0.0306378574564431 0.0446941578753028 0.109767730867608 -0.0376783551140649
0.0120591486682567 0.0519007941398287 0.0678454489367142 -0.0713906930427845
0.0381463883840622 0.0146565151530267 0.019493585998073 -0.0629830851620301
0.0276937571490155 -0.0122239868257256 0.0140776486861736 -0.0458398041675746
0.020919789044754 -0.0236259290098596 0.0152251158271786 -0.0431176354160498
0.0143105950980779 -0.0298885271917618 0.0246327916581724 -0.0433724666989068
0.0127489673955032 -0.0335401368336334 0.0450325172262869 -0.0469348869661285
0.025252357506274 -0.0274801250422235 0.0662235171640376 -0.0291734909112872
0.0382922111633306 -0.0125743970314127 0.0765166523954912 0.0161714275906446
0.0415374472570588 0.0294539092329895 0.0449212916199941 0.0548917647682235
0.00665068705016813 0.0537376015964659 -0.00338761214190103 0.0566375566373171
-0.0424036124225726 0.0332569740072653 -0.0156544152846479 0.0095551594578193
-0.0574207837790232 -0.00909487853621093 0.0729308137495397 -0.0126233302564563
0.0121501673734853 0.0256319973900467 -0.083213197706865 0.022498773071362
0.0232287401308568 -0.00916035664559119 0.00579893135267027 0.00985339883015505
0.00643331024854357 -0.0221549427988993 0.0124784467213424 -0.0616704733962318
-0.0160729059279977 -0.0123930873705344 -0.0444447125218706 -0.0674540452194864
-0.0127898099159282 0.00643247551975797 -0.0874329728132612 -0.0251657161193426
-0.00401485032410872 0.00830608368631991 -0.0866900886806538 0.02990157144363
-0.00463364204811919 0.0048597764503928 -0.0545304919572416 0.0545921885993995
-0.0038584707959733 0.00381777886745676 -0.0291931731084075 0.0532739484237835
-0.00230738561681337 0.000353739769096225 -0.0225440225281379 0.0508946893624682
0.000262288427190081 -0.00306391683710756 -0.0238385968588015 0.0529677764892043
0.00251652546896532 -0.0079452919943574 -0.0300761006745304 0.0560258447740205
0.0127116903841632 -0.00804238956629454 -0.0594840502602267 0.0495814426026275
0.026473392482245 0.00470547401650985 -0.094814750377484 0.026169218834689
0.0161666802956718 0.0260105117633817 -0.0995146469670861 0.0124917377934509
-0.0042502240450117 0.0395053304004919 -0.0919211759770553 0.0332941522597238
-0.0256646481366954 0.0465676277602274 -0.0731397323224612 0.00902391947762422
0.00269749582816109 0.0252011938559835 0.0153466582715556 0.00310223546929202
0.0127089860969309 0.0156698853196918 0.0222292333622701 -0.0750492577065586
0.0100556547889024 0.0102356730591269 -0.0423662161895433 -0.0843192451656424
0.0132522145480072 0.00373497164404334 -0.0935942380847138 -0.0329876315886544
0.0147148337627837 -0.00388832429373629 -0.0894877580838938 0.0261295837623838
0.0108807580265738 -0.0162577417052486 -0.0558126153208456 0.0535174324414065
0.00841095564848213 -0.0191080242690701 -0.0258379530791007 0.0516286824994558
0.0128546537234022 -0.0209203766556654 -0.0170294311488438 0.0493364267935326
0.0246349598318011 -0.0121458086765991 -0.0163274732142062 0.0503866661860779
0.030984481354387 -0.0032621361885116 -0.0203105147281611 0.0567323406405808
0.0340758353579774 0.0224186445524854 -0.0470547784451249 0.0547484165397305
0.0232346419196238 0.0432312670938 -0.0827985098150017 0.0338965290668814
-0.0129682046920478 0.0523300670686151 -0.0871283323745333 0.0225914228190919
-0.0463004840703953 0.0542466994714433 -0.0782206058003097 0.0350374074520096
-0.0630040028830901 0.0587042426532799 -0.0513088160904205 -0.00603938673490266
-0.0255105410980413 0.0562888764164256 0.0344566103897144 -0.00351489968861464
0.0130871212856768 0.0562697836867041 0.0407632946573701 -0.0878915822698129
0.0358081185655584 0.0377930554264131 -0.0310796908719054 -0.10330610978376
0.0416987771680109 0.00385258455677508 -0.0929832939192799 -0.0453892892840635
0.0345185602966873 -0.0147776826664662 -0.0862706030098352 0.0157079644811265
0.0269351915491946 -0.0342643687927101 -0.0520143346753289 0.0442203149363992
0.0193048137741151 -0.0392213263811445 -0.0191435998140266 0.0420773312035072
0.0236341055102496 -0.0405277695646341 -0.00720145701142504 0.0405254204436421
0.0415384867984202 -0.0237132107023901 -0.00221783661000135 0.0419364215481588
0.0522436933597829 -0.00550467686616425 -0.00261813659695942 0.0555134346764763
0.0561305735901724 0.0392016850800983 -0.02802025008302 0.061841824375787
0.0285879889684016 0.0707813729932344 -0.0673962986037691 0.0442734707015078
-0.0292728621672687 0.074222045081307 -0.0722776040694132 0.0289936314753598
-0.0774934445166019 0.065567631362575 -0.0538190427743435 0.0323372426878518
-0.0927279605933204 0.0595774845552366 -0.0178691109376856 -0.0196760998176063
-0.057207406994934 0.0765819640150361 0.0606014831820144 -0.00926916105402345
0.00343397006338948 0.092765802018967 0.066346012910858 -0.0935133497012425
0.0538189044943753 0.0681960368306486 -0.0102692060088119 -0.117811974373136
0.0670959867499231 0.0084281602522058 -0.0805635501362994 -0.0588806144259331
0.0523523901360211 -0.0219301254098747 -0.0737367216181574 0.000993716947447506
0.0399879062177357 -0.046755522869182 -0.041871407873403 0.0283328297584909
0.0269996744359812 -0.0540322258710421 -0.00999692912838697 0.0257089820182144
0.0293022416622764 -0.0550386695488244 0.00501848182111579 0.0240475412080996
0.0495310115070217 -0.0341749264546624 0.0141925285094684 0.0279957550299813
0.0642609675065662 -0.0110008639737346 0.0180136405765016 0.0487406108804596
0.0725502872982026 0.0441515616364201 -0.00702292176269161 0.0640356267151341
0.0355906694441152 0.0854828741863332 -0.0494040611585496 0.0518352636797786
-0.0362358595547687 0.086739492078638 -0.0575739257470752 0.0301559543693868
-0.0951191912197498 0.0689542845608988 -0.0246994401192986 0.0230843640956896
-0.106448415965914 0.0483585579477035 0.021881013857642 -0.0299417268957734
-0.0837820366410988 0.0786385519299012 0.0879492304656838 -0.0114351393680895
-0.0142797970083459 0.113566004318616 0.0919022415581504 -0.0874649087624811
0.0568783534765283 0.092298670084288 0.0183439443046345 -0.119944208589645
0.0820227218926253 0.0164919984980207 -0.0571251370680763 -0.0684713912064371
0.0625317035341811 -0.0236532983274499 -0.0528687606568752 -0.0151811809354604
0.0478464328890386 -0.0519837627742911 -0.0281233822061276 0.00879502156655097
0.0307049875836005 -0.0602932310394866 0.000955349779869262 0.00680511590356778
0.0299446620483689 -0.0619083747612716 0.0173849500952835 0.00452911353448967
0.0506195715407436 -0.0401621562432298 0.0297605736504042 0.0105969207194632
0.0667002428684747 -0.0158183717243287 0.0367166405852195 0.0382790563032617
0.0768536187328611 0.0438462353996988 0.0117991941207983 0.0613180905289375
0.0361321550507963 0.0884453029348166 -0.0327491395007257 0.0543384669200318
-0.0400867819301087 0.0867079193102493 -0.0438046312912878 0.0255355428654544
-0.101135806126265 0.0610418109159262 0.00458720879556393 0.0111486533840618
-0.10015430952961 0.0288567484893021 0.0600997118993212 -0.0335516356340285
-0.0944920451255571 0.0628382335910281 0.110784941710361 -0.0102879561970226
-0.0318071806713779 0.10944899233684 0.109149603918933 -0.071202587041722
0.0462762172602015 0.0991103296691249 0.0438220480572208 -0.107878206949776
0.0803813947450773 0.022961826886044 -0.0276486288946966 -0.070354501118467
0.0612132129303997 -0.0218546218079938 -0.0268765517107905 -0.0290642930781407
0.046592536513213 -0.0487975422475956 -0.0107954158369831 -0.0114282479256845
0.029437257667855 -0.0581331548691219 0.0113295698889129 -0.0125898932247735
0.0269787731134638 -0.059684733426691 0.0279371319722916 -0.0151959860924356
0.0457843026653558 -0.0404090972841113 0.043302646152323 -0.00617238641509255
0.0621809683473379 -0.0165660976884304 0.0522670743281258 0.027331201848368
0.0710994824435786 0.041714744311287 0.0268715340325778 0.0565049793829583
0.029141103996843 0.0838028073368665 -0.0191261044415125 0.0539896860288031
-0.0438801015854255 0.0756164893393175 -0.0326235245613239 0.0189930944380725
-0.0963627976766211 0.0428847389277172 0.0307611616646421 -0.000863611608472971
-0.0751660040076092 0.00541990465265266 0.0887346504737632 -0.0331704002372266
-0.0834265627181194 0.036189697574852 0.12366855928702 -0.00772120668023126
-0.0382247219823598 0.0838088745628311 0.113837033061236 -0.0513515681412528
0.0288807428301597 0.0835698873056032 0.060835003814148 -0.0874251546341023
0.0638520867675773 0.0224591268216604 0.00027515140047882 -0.065698194443359
0.0485195009341196 -0.0168561172348346 -0.00234050051254059 -0.0381320241916885
0.0366424770008993 -0.0381484617950735 0.00489488383984844 -0.0290675915094303
0.0237974120446477 -0.0467594134327064 0.0198023055365445 -0.0297656402049571
0.0212155495491178 -0.0492064164853301 0.037766244820531 -0.0324965562632047
0.036539032489956 -0.0355430949421885 0.05491137953351 -0.0194702498225514
0.0519227297821997 -0.015250550908005 0.0646980389597783 0.019598719620225
0.057907323689216 0.0376032526388709 0.0372838471299156 0.0533123491502347
0.0183059799818621 0.0718776254210111 -0.0096383398560415 0.0530881343728499
-0.0452539672984538 0.0561597799855998 -0.0227891445642034 0.0130782210989799
-0.0807586898103855 0.0180032804173922 0.0536076488884199 -0.00862939808457005
-0.0356343268629228 -0.0183113578102853 0.100681396494822 -0.0293258133543867
-0.0526922683264382 0.00514980517186093 0.122723044790399 -0.00857205681835113
-0.0297610722631724 0.0431966420116278 0.107482274684561 -0.0355346312099653
0.0112387796305191 0.0500586545734334 0.0664925391675869 -0.069014676349227
0.0364098070643602 0.0140468858578176 0.0195990673444559 -0.0603149213483071
0.026198925449665 -0.0110315435776385 0.0144406188126385 -0.0442018496056422
0.0201095946733498 -0.022126353785655 0.0155453992872425 -0.0415879206830362
0.0136121545725435 -0.0288507798364949 0.0248846986611107 -0.0415901001106265
0.0123277573404983 -0.0318939424761404 0.0439726645559223 -0.0448428543628
0.0238086064972744 -0.0262470150910038 0.0639472344959018 -0.0274069471159081
0.0367370834434336 -0.0116036300111317 0.0742159911284293 0.0166126275384255
0.0397208293903255 0.0286735930490913 0.043140031050096 0.0538953156892305
0.00593459966593438 0.0518555027363018 -0.00404945091546542 0.0551491324054428
-0.0406504288268492 0.0309527865026554 -0.0158408824759713 0.00924559596544015
-0.0552099882083973 -0.0089200130528358 0.0706418391537232 -0.0115093619497102
0.0114833350991053 0.025252244916884 -0.0824439237064709 0.0210954938368585
0.0223048820224861 -0.00889594484867201 0.00564708802618759 0.0102186120893544
0.00724637681020766 -0.0215314349128663 0.0131252178159339 -0.06186377707639
-0.0155542489136454 -0.0113859599491801 -0.0436941156858437 -0.0684621544396687
-0.0118063970592299 0.00631927703025454 -0.087228055875905 -0.0258935881983177
-0.00375318589373719 0.00810880519756719 -0.0857894037583462 0.0301400577694544
-0.00455021449257261 0.00461189147930222 -0.0546588759739782 0.0541749779988552
-0.00336030900463324 0.00334153772801194 -0.0300078841860436 0.0527436250149635
-0.00242740363721338 -0.000214814096930651 -0.0225095154590812 0.0510491147026199
0.000695730443277418 -0.00347498736121238 -0.023607971786891 0.0526319874679412
0.00261339753601389 -0.00735498520395921 -0.0298784160938852 0.0551903076071323
0.0129275943474579 -0.00705731226785856 -0.0598012919289135 0.0486124429886246
0.0262305132299391 0.00495040721720217 -0.0952998602724543 0.0254504057736393
0.014508079461017 0.0256680890606145 -0.0995712193065853 0.0108355511594646
-0.00492128065794934 0.0385275595804555 -0.0931587377351757 0.0306784333701026
-0.0268768354220517 0.0455989158955659 -0.0727998685898526 0.00784271195865132
0.00149831465992367 0.0253803749872611 0.0157248515671957 0.00387110336653492
0.0122999716494155 0.0159946906897895 0.0229888344040978 -0.0752561831757258
0.0105382385784821 0.0107966535411475 -0.0417607696335559 -0.085132542102762
0.0137967605023603 0.00374082053768268 -0.0928118248038116 -0.0329825589528935
0.0154863671337004 -0.00401520415687151 -0.0887931052064092 0.0262706855511685
0.0115448751174666 -0.0160564680388447 -0.0553568288938551 0.0523278192819002
0.00836479555502116 -0.0197286413039795 -0.0263080489291013 0.0503180723541295
0.0135594715185388 -0.0214193476881052 -0.0171178487969786 0.0491991238789367
0.0251132214514446 -0.0122670135391295 -0.0158381913888423 0.0500991905452402
0.0307541455981451 -0.00253490580170162 -0.0201523054282782 0.0560337424384895
0.0343497402213907 0.0235552349724814 -0.0471394626874598 0.0542934214590596
0.0221829070866498 0.043329915291214 -0.0832142406780366 0.0339201591708109
-0.0147564203762571 0.0514363590767638 -0.0877705174202563 0.0214431490125019
-0.0471344970962926 0.0532324662827587 -0.0794194455695042 0.0328186543596656
-0.0637368207031074 0.0574100448869629 -0.0503938263900226 -0.00682975652632582
-0.0269434336871191 0.05567364440203 0.0344380350010488 -0.00319495589735229
0.0116745060627919 0.0568942842244438 0.0418904587177311 -0.0873986962324774
0.0359003375671017 0.0388928144400079 -0.0305348219080689 -0.103657289490963
0.041965381316253 0.00464394164322427 -0.0911296707419709 -0.0453791394806283
0.0355433359982103 -0.0142845617675986 -0.0854902490704105 0.0156037504869934
0.0271214819042147 -0.0340548085927023 -0.051029819651161 0.043405981911111
0.0192753694066777 -0.0395789574512288 -0.0200196988505181 0.0406450998061502
0.0240901017123411 -0.0401990398580804 -0.00680504654850853 0.0393883223135591
0.0418395886219673 -0.0238499952940237 -0.00201849081259473 0.0419155274150489
0.0522792736389957 -0.00462775717541384 -0.00187673914934532 0.0549752359103398
0.0561293854227329 0.0401384492396587 -0.0279453715292127 0.0613162986447242
0.0272220678749842 0.071199238603233 -0.0677224610887981 0.0442781168920607
-0.0309113045527038 0.0735986220452361 -0.0729040617589301 0.0281870257578889
-0.0781649359081367 0.0639240680238917 -0.0547118791388601 0.0306235577860091
-0.0925002404656178 0.0575585569930702 -0.0168259101519492 -0.0198082832214764
-0.0586934041248798 0.0757146750576257 0.0606067560608073 -0.00842606083224565
0.00213980546306326 0.0928165795688717 0.0676660408955822 -0.0928523169301449
0.0539388623591647 0.0695290282685757 -0.00877418037878505 -0.118361357306577
0.0673704421220526 0.00915484126364961 -0.0789718812996093 -0.0585294269249958
0.0528302565043408 -0.0212352092688179 -0.072962761895312 0.000465662185106097
0.0399922419878399 -0.0470251091243616 -0.0412218893098002 0.0279218485858605
0.0267804621511571 -0.053822290022253 -0.00997755102590639 0.0250863215726171
0.0294675096989315 -0.0545257530438843 0.00547744385649765 0.0234839519121529
0.0502777248378813 -0.0338733517855828 0.0147328561596996 0.0276614155189007
0.0643544530438137 -0.0106181161830937 0.018627244257684 0.0483711972643471
0.0724148301911759 0.0450597607162662 -0.0068046181426613 0.0637771499328603
0.0343071025859375 0.085628990675171 -0.0500523722483831 0.0523048123030004
-0.0374767249130527 0.0854420879679889 -0.0580319318977378 0.0294916467234198
-0.0958330596526848 0.0671596847897073 -0.0256138720768746 0.0223848423574775
-0.106891035411179 0.0464694375063988 0.0223619478565502 -0.028839501099488
-0.0845160210018115 0.0772354992513356 0.0876379336815077 -0.0100627022554752
-0.0158946018540605 0.113402731348736 0.0928956267406026 -0.0866532437845417
0.0568711679473826 0.0935361568818652 0.0189140784988902 -0.119914196099725
0.0818063849982648 0.0174811920725929 -0.0558167927444295 -0.0681769167144414
0.0625987346367094 -0.0233310787427099 -0.0523393799572588 -0.0154804215577399
0.0476151180178735 -0.0516180460778452 -0.026995384010717 0.00847222396115341
0.030464678855016 -0.0605912662722551 0.00115370416011849 0.00627088480984478
0.0300475234623594 -0.061008933637573 0.017798205314934 0.00413279569129578
0.0507079184580683 -0.0399645389899867 0.0300860109916118 0.0108103220221828
0.0666788291235107 -0.0148845918566962 0.037384310197564 0.0384817114507491
0.0770415701330115 0.0445385228998567 0.0124422614033558 0.0614013654059276
0.0347087518827549 0.0883256803168323 -0.0331982018627875 0.0548379692871948
-0.0413810822253179 0.0852216664639504 -0.0447196408767394 0.0254729032177891
-0.101501859791206 0.0598625948281092 0.00393385202491241 0.0107743577216034
-0.100763221199307 0.0271985272705162 0.0605722905308892 -0.0320761079582995
-0.0947869453456566 0.061600997362915 0.110237814503871 -0.00902481322833605
-0.0326337022138845 0.10878751358248 0.109510529059476 -0.0697127728635002
0.0459213506362005 0.0995765800545897 0.0442825674059008 -0.107683115690427
0.0798751507641316 0.0233458424533613 -0.0268050063663855 -0.0696690577623561
0.0612941926901167 -0.0208268330446146 -0.0264197503983989 -0.029102309047314
0.0467645597370724 -0.0487773932649419 -0.0102379363694889 -0.0116383861561004
0.0295811623282643 -0.0577104354054794 0.0112590339120383 -0.0134196817898769
0.0276677579928837 -0.0582828694386836 0.0284121723564896 -0.0156186104015802
0.0456328041508252 -0.0398623499656114 0.0432167657778785 -0.00618715986105938
0.0616543750418896 -0.0159719553935884 0.0528906025805912 0.0276557208197517
0.0708650115200556 0.0421122087006962 0.0272959044336902 0.0569351315897089
0.0283223683049159 0.0835004937058712 -0.0195602519255268 0.0543424299198787
-0.0443403935657808 0.074251218291871 -0.0331435066729633 0.0188835313198307
-0.0962623966140182 0.0415635486031972 0.0302754934021063 -0.00049714740144102
-0.07512618561626 0.0044551037285701 0.0891110157183248 -0.0307174604798184
-0.0834101188599044 0.0351660589189852 0.123001953753854 -0.00628873750024359
-0.0385854600842768 0.0831768686257688 0.114546095805751 -0.0494115817701498
0.0287186270074338 0.0837489576365383 0.0609368320397867 -0.0869922424964434
0.0628782002476601 0.0224124724245335 0.000717645935738186 -0.0652708222112711
0.0479866931482218 -0.0159998458854182 -0.00189164420099683 -0.0387456076656398
0.0366454767002443 -0.0379355881582986 0.00521732707401107 -0.0290920255102696
0.0236052494755686 -0.0465127333558506 0.0202380694618942 -0.0296505403317796
0.0208841267623979 -0.0480816560905618 0.0377041524726391 -0.0323799425196498
0.0366890584514026 -0.034655763368004 0.0544855818852009 -0.0192743309825108
0.051404606530576 -0.0139869340008926 0.0650698522261327 0.0198998342840383
0.0578937995601153 0.0376169046648594 0.0374252694649131 0.0538094739087682
0.0169884174831182 0.07125856992564 -0.00973926583234046 0.0539340445240566
-0.0455668494252824 0.0548720318230878 -0.0232713581268825 0.0130623774930223
-0.0804138416545353 0.0175572781318661 0.0531867707152061 -0.00814048894989227
-0.0352200602884078 -0.0180313249553602 0.101747648226136 -0.0270891230896654
-0.0526539507362498 0.00520202261041669 0.122629717250225 -0.00633474337499302
-0.02959678953626 0.0425086707726354 0.107348127766108 -0.0343681051874368
0.011682326774678 0.0497037292227196 0.0660081790477948 -0.0685124412158443
0.035347474715081 0.0135342389092733 0.0195047263549343 -0.0595821320231058
0.0255875651474906 -0.0103658998611068 0.014482141775634 -0.0445704972561167
0.0199110995454849 -0.0215153210902207 0.0157327447135359 -0.0413036012753301
0.0135801731467671 -0.0282896889287709 0.0252563492714571 -0.0412012068014257
0.012179949939275 -0.0305935358285201 0.04425797331384 -0.0446077774830626
0.0235064480546727 -0.0258000719708541 0.063474350612911 -0.0268469185837444
0.0360151699124197 -0.0107660447493186 0.0747408861949853 0.0170241094855729
0.0397996533007987 0.0286314501464354 0.0433342313037639 0.054383411065776
0.00531880368660594 0.0508884171195704 -0.00439924691707161 0.0556321321286725
-0.0404092514139854 0.0299514182395561 -0.0162043451528909 0.00932363238785699
-0.0545341596695704 -0.00866161522168173 0.0702123773167548 -0.0107363956945364
0.0125905828951163 0.0249873397908386 -0.0833775688439238 0.0253396043187908
0.0204399922441976 -0.0103989171287158 0.00731467984956805 0.0119369096777029
0.00406963655223966 -0.0219655258721037 0.0109715918406611 -0.0622733667261657
-0.0170500951898826 -0.00987570988353752 -0.0467077963767493 -0.0670762726856203
-0.011622173235249 0.00779542119655434 -0.0896958628812704 -0.0204896046908757
-0.00255382908855681 0.00911942988609453 -0.0835206901156632 0.0361662272904506
-0.00370794542644358 0.00530605176340379 -0.0500951842109465 0.0578200711064096
-0.00285438061598284 0.0033714868476825 -0.0261374536603774 0.0552843886980453
-0.00168642487659145 -6.88853342783388E-05 -0.0192351426156275 0.0537378926706033
0.0009102491685428 -0.00422785763933881 -0.0205771864948167 0.05638582087411
0.00161446755697568 -0.00844403485453282 -0.0270617895369654 0.0583884420773509
0.011940976243625 -0.00915137363918033 -0.0594470295056316 0.0544051184181293
0.0263353939480869 0.00112949584070842 -0.0982290466321444 0.0333811928103214
0.0161176306659222 0.0234589792619883 -0.102595409004356 0.0153192269407988
-0.00353870646593877 0.0383332029329964 -0.0940045915902108 0.032972749878572
-0.0222286845091586 0.0483992717688011 -0.0751951322022983 0.00849577255656457
0.00320730138892177 0.0248531737299099 0.0141225793355736 0.00303320070445656
0.0129881096042102 0.0144816759202154 0.0169960831299811 -0.0760554191627101
0.0110605237143871 0.00955134350127354 -0.0480559422168327 -0.0822554784040337
0.0130467598541953 0.00353242078466764 -0.0951474059864158 -0.0261172625115159
0.0153955078478957 -0.00432424930174744 -0.0864836313825615 0.0331353378086791
0.00980312004020223 -0.0170854983885398 -0.0505675432502835 0.0579602528469375
0.00749407815502243 -0.0200175554321841 -0.0225042487580055 0.0518160420450215
0.0115333472206967 -0.0228196132584232 -0.0134802680113524 0.0512215949017764
0.0238821826042951 -0.0151958456131275 -0.0127429845892019 0.0534980348323275
0.0300516172912139 -0.00535293209139911 -0.0169917804738916 0.059207645772128
0.0365316864232091 0.0196129510962101 -0.0464662425819834 0.0588076341527915
0.0248048578573534 0.0404279743615223 -0.0852868577624333 0.0398134786553669
-0.0121843121242302 0.0521281807796771 -0.0875673786553538 0.0249533331441163
-0.0460999529626719 0.0564785282311278 -0.076182448319812 0.0355563263098261
-0.0579882814164193 0.0627245610520472 -0.0540629147540466 -0.00976304947589443
-0.0218525676669597 0.0568461282227982 0.0312901939092769 -0.00671537245669302
0.0168166953174763 0.0546079867589589 0.0317984462343672 -0.08992610744549
0.039149545278298 0.0343153065925683 -0.0409139046832679 -0.100178959363739
0.0407309069053761 0.00122553622491666 -0.0945939638786685 -0.0361883293488725
0.0340315395837468 -0.015998168077233 -0.083398473875811 0.0229434427496448
0.0234191805438062 -0.0370050531433908 -0.0466090524882916 0.0502201454217351
0.016689646418727 -0.0409114225066601 -0.0160524515388085 0.0418355665970621
0.0206186989546882 -0.042517360538225 -0.00353330383396854 0.0403439707505518
0.03973688945636 -0.0277435573887735 0.00090948493612532 0.0440153264859559
0.0512346238945757 -0.00958388975530838 0.00169423309160677 0.0573604454428668
0.0600093220677979 0.034238983115965 -0.026998103817684 0.0654284351479804
0.0327490103092431 0.0685657029407122 -0.0688965920039678 0.0483727511582151
-0.0272332970532026 0.0755871948500771 -0.070491126819886 0.0308875375165264
-0.0773048818300467 0.0695602737862709 -0.0492941091740627 0.0333069518067174
-0.0859424293223139 0.0649417347102525 -0.0208072885434029 -0.0257008061791962
-0.0505455153212392 0.0787925788366684 0.0560002796456858 -0.0149719429779973
0.0107256631450665 0.0909249598908579 0.0541808001645621 -0.0980542069374727
0.0606003288410376 0.0618269931062046 -0.0231110085304515 -0.115174854253396
0.0658457144040577 0.00346677766902653 -0.0831744562424036 -0.0484086858144104
0.0511552733685739 -0.0245871333090509 -0.0714306857277497 0.00806753881797312
0.0350359646215336 -0.051118318844793 -0.0375742484781342 0.0351197505015545
0.0228537174719628 -0.0557755321224779 -0.00738097436114715 0.0251737129063338
0.0239714726948767 -0.0571081130384771 0.00747409418892593 0.0234252132700186
0.0472532171691733 -0.0388333612155997 0.0170942939930594 0.0288231538599164
0.0626886025793089 -0.015955132850458 0.0229654958544879 0.0496944165173602
0.0762244628765609 0.0383242958605119 -0.00467583006468875 0.0667507116610072
0.0409368885417246 0.0823515711812845 -0.0504298524938971 0.0545981798369496
-0.0332179801612663 0.0887096264134024 -0.0540990080281834 0.0309684449342196
-0.0953772656158778 0.0747674804927483 -0.0183395588045402 0.0237346124722189
-0.100485041544193 0.0551234916243714 0.0189316490704073 -0.037623683041058
-0.0760770687197747 0.0830440444284934 0.0833611579589408 -0.0198447730285304
-0.0048898916950925 0.111955714869813 0.0783043885529056 -0.0942448580427778
0.0664382616109711 0.0846492058279591 0.00279924735114714 -0.119147100499746
0.0805649911186847 0.00964684022046895 -0.0609065234782484 -0.0585005095419997
0.0601769293795273 -0.0268763575975663 -0.0517749191178921 -0.00903064238752124
0.0420934706986683 -0.0574160831320525 -0.0253158656704642 0.0151614005470731
0.0259879825225023 -0.0621335417582236 0.00263196408344912 0.00557874039650737
0.0243893212851776 -0.0626837139796008 0.0190942541420948 0.00240154258214936
0.047057076532055 -0.044462546833955 0.0320020408113328 0.0100343130495038
0.0648025128170877 -0.0201332270584784 0.0410456267468755 0.0376426243858882
0.0807971272610342 0.037546269360009 0.0149379807023936 0.0630334654798699
0.0418815389506794 0.0853980263334972 -0.0330932547536313 0.0559346104789648
-0.0366831398435715 0.0890095273567457 -0.0400614925239083 0.0265604026254894
-0.101037834851384 0.0684101775604491 0.0114137932767211 0.0108087220968793
-0.0968242267035282 0.0357481846201912 0.0588773605851976 -0.0417691285146148
-0.0868127974671098 0.0681877467143213 0.107052890600898 -0.0204713864409659
-0.0215134185727453 0.109553291217726 0.0969203084821137 -0.0803380435631626
0.0569365959297646 0.0917989211969524 0.0281642327255818 -0.109043162442635
0.0797611689032131 0.0153565042496693 -0.0320086923854153 -0.0621129305815544
0.0588074035031575 -0.0250724208541284 -0.0270658629697415 -0.0244964049702981
0.041038751469506 -0.053817763155307 -0.0100943867860837 -0.00606461047586839
0.025001532600198 -0.0597291318651124 0.0115809376630283 -0.0145131866484173
0.0217426788907498 -0.0602459138577111 0.0280230414627722 -0.0185751047625756
0.0420886676456421 -0.0436408153805214 0.0437109769980332 -0.0079917265317776
0.0591428104045531 -0.0205418542859167 0.0565197616655962 0.0254042491144949
0.0742509782279647 0.0354453518156452 0.0303218116863509 0.0572992747619308
0.0346759687136309 0.0807739175463977 -0.018538468434202 0.0549298867578894
-0.0397358777310644 0.0776775009729842 -0.0291179685721971 0.0195376293597827
-0.096071408696317 0.0502405342577225 0.0371163207402398 -0.000874672803531925
-0.0736932849106371 0.0107060975752133 0.0894916835681004 -0.0394245713850718
-0.0782389622048984 0.0409679474284408 0.121495865721419 -0.0175455890950618
-0.0292939281133277 0.0843396630361695 0.104780229521422 -0.0605266066279992
0.0380429252027839 0.0778832680689671 0.0473351368306164 -0.0903874056957164
0.0633495313632887 0.0154499808919854 -0.0047256111305855 -0.0607901572381228
0.0459245557448335 -0.0197527450722964 -0.0036238125152686 -0.0362553275527154
0.0324237786909286 -0.0427079922722168 0.00359470745449106 -0.0256834830770857
0.0194004006919208 -0.0481858619119264 0.0191650218317312 -0.031724519934745
0.0164060029294995 -0.0488860476417599 0.0363074266445222 -0.0362390591214316
0.0331952885551611 -0.0373181442206503 0.0544306787193591 -0.0222964515859429
0.0486826299720586 -0.0174215086152352 0.0681917948208123 0.0172782813213475
0.0603011158401478 0.0320562258390873 0.0405031246282794 0.0531429266450672
0.0224043077864177 0.0691217148577198 -0.00790450551565737 0.0537160043292016
-0.0424054489742615 0.0579448347654311 -0.019833735329282 0.0140043367709223
-0.081806177021492 0.0247897526492343 0.0586266346047571 -0.00875736379967313
-0.0365949488429089 -0.0149499623592986 0.103275983924143 -0.0330849696987649
-0.0502421934688788 0.00799747229618467 0.122972996932033 -0.0161243111256703
-0.0242577413981407 0.0432402184079509 0.101964940773937 -0.0430726181306597
0.0175313850685029 0.0456155730594507 0.0572275674289705 -0.0728819448974767
0.0351651778397595 0.00871711173357032 0.0149907787384401 -0.0586319246333442
0.0239699217441067 -0.0121944068115342 0.0124686904921093 -0.0446655488621016
0.0170725672608604 -0.0239284323144553 0.0133210334149004 -0.0402962648175873
0.0108326361475265 -0.0295896238705289 0.0228324166074848 -0.0431964461469137
0.00937401290474232 -0.0310577004215005 0.0421412612235905 -0.0484655204967364
0.0211810715972878 -0.0268542887947136 0.0632695761365678 -0.0310018757496898
0.0335073468147632 -0.0134053641119036 0.07771145523049 0.0130695334643395
0.0412803386126643 0.0246361353718087 0.0472880752333028 0.0536546433632003
0.00890503932650235 0.0499504105223119 -0.0018438431912152 0.0557943779650732
-0.0390838726991062 0.0324941006692075 -0.0136639041280827 0.0111444100315724
-0.0566085256591251 -0.00374217940659523 0.0733386359483762 -0.0119220235633482
0.0135465069766812 0.0245288379709494 -0.0821269630622666 0.0274544084170063
0.0195868542430416 -0.0105443643946833 0.00808378724957028 0.0122847380807278
0.00326368753722675 -0.0215025914828212 0.00855523925646475 -0.0636221974069776
-0.016668649334535 -0.00822985640415213 -0.0499352179720448 -0.0659320147027844
-0.0107839589424652 0.00783960968348561 -0.090466153486133 -0.0169698599795586
-0.00159131739331528 0.00879400013686094 -0.0812782640923548 0.0398895178334651
-0.00333836618742798 0.00550707546501906 -0.0473620538618842 0.0600184730540969
-0.00257691674723739 0.00318686776819263 -0.0242464167915442 0.0558733472798232
-0.00142067614344703 -0.000546134187426304 -0.0168228953777843 0.0544150683499954
0.00081021197159045 -0.00421679859719925 -0.0176218184635272 0.0569520677327418
0.00165421185333561 -0.00780005165530746 -0.0247223607395438 0.0591477019315591
0.0121195348110664 -0.00879778853937855 -0.0572134116921077 0.0568798181396754
0.0253434371031379 0.000328451306351753 -0.0967159952675838 0.0377450207846648
0.0158878319666885 0.0227555210665336 -0.102709583217704 0.0180556242369387
-0.00189954952077968 0.0383073651139214 -0.0943317422687285 0.0354110209066379
-0.021248500185849 0.0490024708431827 -0.0743467127793867 0.0113253054753141
0.00311598003925368 0.0246374668543552 0.0152252184511087 0.00299972927208291
0.0133758404005625 0.0143536767403111 0.0140001699303911 -0.0772723970259992
0.0123577914472503 0.00989240477212018 -0.0515839764234194 -0.0810620800430239
0.0141612094932139 0.00291736540442926 -0.0961684395284818 -0.0220571186726313
0.0160843021077985 -0.00556949126574271 -0.0845387047204377 0.036811749194031
0.00900908483411988 -0.0177560235943218 -0.0476616050321945 0.0597580384008001
0.00652961336079981 -0.0208417274441035 -0.0208149915077456 0.0525481185665957
0.0110613954749725 -0.0238142329963968 -0.0112119197060813 0.0517126205527726
0.0240575882600939 -0.0168648186915279 -0.0101262833298104 0.0535869048239216
0.0302383409460854 -0.00645416052561969 -0.0144635550344311 0.0594692952166596
0.0379106699367295 0.0188357982009092 -0.0442741423217395 0.060803319753233
0.0259163938215031 0.0398513375532992 -0.0840677826786628 0.0434491417552974
-0.0115578241329072 0.0528080096666504 -0.0870696081046451 0.0276460429599389
-0.044153422675365 0.0576851377171482 -0.0765347185798702 0.0379113211468646
-0.0557703868227226 0.0648650992616007 -0.0542061039398621 -0.00815120735597186
-0.02060151312372 0.0576000548370612 0.0313360538546225 -0.0074297356967813
0.0182213796484236 0.0546353383869485 0.0287823245595084 -0.0913672347664887
0.0419767213590277 0.0331729480811573 -0.044898977792492 -0.0992471835747387
0.0416096380333442 -2.10191676301283E-05 -0.0949753368816614 -0.0328878864824421
0.034429747807011 -0.0178676442945622 -0.0815275515216426 0.0268735101116355
0.0217846340797737 -0.0386531807318469 -0.0433856982048458 0.051514540297618
0.0146840926018533 -0.0418889159794558 -0.0140007436147152 0.0420926559838129
0.0187850054382648 -0.0434399207462201 -0.00149476078853984 0.0401560257576095
0.0391949673878309 -0.0301076594846453 0.00336169253187535 0.0438453376017798
0.0514566704280726 -0.0109759836794706 0.00452646199034362 0.0565141790022353
0.062502780147132 0.0327144417691451 -0.0242050579125316 0.0662973552867346
0.0345390962886274 0.0672329834138656 -0.0678236286531289 0.0524401850272895
-0.0256272248466308 0.0769676508179815 -0.0695196411937028 0.0336956615946095
-0.0752672394513206 0.0724760555341282 -0.0492641279935172 0.0342769528152327
-0.0841715694910523 0.0680334880489657 -0.0210843874633459 -0.0252301508623556
-0.0485698045571368 0.0808051859374125 0.0557909636134524 -0.016633776929372
0.0139156680573604 0.0911606680264878 0.0507976286735053 -0.10005310172602
0.0637839954658219 0.0605384312903949 -0.0280173661530275 -0.114740562825481
0.0664701501014449 0.00138584004238582 -0.0842167785773962 -0.0457282244087346
0.0507616155173858 -0.0268752969477069 -0.0706674855937958 0.011056557195654
0.0329063717814662 -0.0531388930352973 -0.0352015081586344 0.0358505167606703
0.0201363120151719 -0.0571871376536877 -0.0060809633752864 0.0249616036069353
0.0218325948989769 -0.0578810062805317 0.00906901272375307 0.0218931989101877
0.045934402974014 -0.0408758536691722 0.0187815849824691 0.0277722399163491
0.0625797946716252 -0.018311076441764 0.0254334464095712 0.0482274702556554
0.0791403024040825 0.0351260158446467 -0.0015059405324233 0.0666642573767095
0.0437602096687293 0.0809559199845931 -0.0486567595936392 0.0580019664744169
-0.0306564877920911 0.0901943774008169 -0.0533658676832084 0.0332940718575339
-0.0924527690995731 0.0784362502344162 -0.0181637837401686 0.0239607496481065
-0.0994113636546383 0.0586784925749643 0.0183053659701542 -0.0377086805350001
-0.073642728662158 0.0857103270203698 0.0826733987618083 -0.0222685632356509
-0.000664890685679043 0.112951956487437 0.075517051049436 -0.0978783453769828
0.0706994888246262 0.0828467182871829 -0.00242367982438168 -0.119199795966214
0.0812026252769698 0.00662459795828838 -0.0622037661143734 -0.0558728524769716
0.0598673637958561 -0.0294991758872223 -0.0520546285711303 -0.00733493804873954
0.0396545267199886 -0.0593374423228344 -0.0238544999297117 0.0156485776075657
0.0228873704300014 -0.0638455734140537 0.00287367888655586 0.00475863848663597
0.0217826037452498 -0.0639683514897379 0.0192877396230834 0.000851628880189685
0.0455907444445595 -0.0462622630264481 0.0325913313373318 0.00842155271729516
0.0636370939281069 -0.022805814821079 0.0440328250593722 0.0355194559687843
0.0827848360094014 0.033953503262606 0.0183291580970749 0.062290401165262
0.0451803272657666 0.0839097687288967 -0.0311199267299195 0.0586772959359184
-0.0339561336432358 0.0900309051372134 -0.0395661323085435 0.0283669860344414
-0.0982995624821373 0.0723115864395596 0.0111391851755607 0.0101931454043017
-0.0959363975994459 0.0385180327949228 0.0581281994611232 -0.0427810161261635
-0.0852668564909585 0.0710385566921141 0.106451526086433 -0.0236984934698236
-0.017070081365759 0.110998518423975 0.0942984355568795 -0.0836489831367244
0.0610374615287278 0.089913253545195 0.0234436219158829 -0.11010974435769
0.0801020883479203 0.0121790749956048 -0.0334071721313006 -0.0603568219267228
0.0583966181260161 -0.0266694908908396 -0.0278089116651817 -0.0238742353909543
0.0381466513899143 -0.0556882187144945 -0.00938012370046431 -0.00614620566927325
0.0217978087428098 -0.0606341847967213 0.011295233948161 -0.0158917916143733
0.0189112887160066 -0.0604949686142796 0.0279175996190945 -0.0200514691974569
0.0403563529060622 -0.0456591793711369 0.0438939272499823 -0.00995053166898713
0.058314075013424 -0.0228248135563401 0.0581009519731585 0.0226428506842262
0.0766266372451528 0.0323130177809087 0.0333401654578638 0.0556143710186199
0.0374596623192807 0.0791671145758865 -0.0166203503458474 0.0567443272165054
-0.0377857984518859 0.0788882585239448 -0.0285365593368633 0.0210950299887969
-0.0941257320263071 0.0537272920629919 0.0364655170674628 -0.00228747762883186
-0.0733213944259243 0.0136093736295063 0.0891201966284997 -0.0416274901927818
-0.077017381377352 0.0439079122851883 0.121345042106105 -0.0211486186300738
-0.0258136768676025 0.0857251143074212 0.102904251239058 -0.0637425293954152
0.0419527226982455 0.0760557689650983 0.0432544113534402 -0.0921535120168519
0.0630835443602737 0.0125536858045551 -0.00632053362234603 -0.060153282505909
0.0452766092620505 -0.020823768588571 -0.00497685810106389 -0.0367414683645803
0.0298918939041916 -0.0433699318374954 0.00344951570872748 -0.0261033900167108
0.0169513535346274 -0.0489893853402434 0.0180903283782524 -0.0322651972922634
0.0145572788224198 -0.0489565357178294 0.0353432745950281 -0.0376041564223469
0.0317178825951399 -0.0386741138921831 0.0535432727369372 -0.0244477871016388
0.0476665248756026 -0.0191585193018436 0.0697899904017517 0.0137691043008338
0.0617769185060202 0.0290609747862118 0.0434295016775856 0.0516221324111151
0.0250912631043591 0.0678596986633029 -0.00598096979557928 0.0549080821955645
-0.0402857281958 0.0590889742051343 -0.0195294752864617 0.0150383469994365
-0.0804060264775993 0.0280286123591763 0.05801365732916 -0.0111974013244977
-0.0372749972290095 -0.0134720478356283 0.103706357569208 -0.0357304147030558
-0.0500062404255189 0.0105371920320342 0.123038226731761 -0.0202073502758274
-0.0221799772746361 0.0441364195241205 0.101384154904917 -0.0469376737169955
0.0192622342682468 0.044376824821876 0.0534534207521853 -0.0745749654561895
0.0347081583511178 0.00709838519545771 0.012054862604708 -0.0581315753401494
0.0232966607771307 -0.012455551107063 0.0101871121062574 -0.0451960185069408
0.0158020378073637 -0.0244488139775011 0.0115292007720211 -0.0408864582358534
0.00954659959718359 -0.0294551580437916 0.0218223908563503 -0.044455170183652
0.0080916875490842 -0.0306470367786279 0.0401356679450113 -0.0502699866338751
0.0193591682663752 -0.0274279862120357 0.0615784195015349 -0.0334259730734058
0.0331756172923685 -0.0139694486321161 0.0792885276668866 0.00983392977246142
0.0420328422440859 0.0229427749957667 0.050115264439297 0.0514897958483897
0.0107941613020577 0.0486867571789512 0.000626811582262815 0.0568667030127228
-0.0375280095316705 0.033357020640383 -0.013376155222301 0.0120207642241591
-0.0559264870237212 -0.00101874868517016 0.0726147315092128 -0.0149230494860451
0.013956728830609 0.0232505186782876 -0.0785308171150861 0.0300872313546647
0.0181506395470056 -0.0107076469250906 0.00917502468454162 0.0113860697256389
0.00206430183048845 -0.0207776819254402 0.00614408638635017 -0.0630676353211853
-0.0165929140761642 -0.00722939592812396 -0.0516775223237946 -0.0626652086806511
-0.00920504915214862 0.00777625650743681 -0.0892128040773805 -0.0124749809674411
-0.000587468013952287 0.0080542884390963 -0.076865668700065 0.0425586963218725
-0.00268241287368263 0.00538701344804043 -0.0429631159908165 0.0606184163707225
-0.00234153159970547 0.00315900413911756 -0.0211118740796994 0.0557929630082539
-0.00101085087742089 -0.000694516458630917 -0.013749211207494 0.0535189540736631
0.000738300100164352 -0.00462893705356829 -0.0142851595024301 0.056226970394048
0.00162061377072938 -0.00764965347244253 -0.0217502879927831 0.0583924075281037
0.0118689381412022 -0.00857514371174704 -0.0540325475048147 0.0579314839222794
0.0241654764942261 -0.000640718562429162 -0.0923520453204476 0.0416030127164397
0.0150893149270176 0.0223353458058286 -0.0995016217088547 0.020885309061458
-0.000712720232055175 0.0370679537951385 -0.0917860000977228 0.0378691071202324
-0.0193920093714432 0.0482439706757826 -0.0721495049347078 0.0134570386841577
0.00332951516286421 0.0246176221273675 0.015810324913747 0.00288502739340133
0.0140034132828225 0.0144467115986212 0.010537152468873 -0.0769969059757711
0.0134992227105534 0.00946712358895142 -0.054133246040877 -0.077153385347112
0.0146855812378447 0.00202467947962603 -0.09419487607174 -0.0173146879562254
0.0157819611964703 -0.00655358393139111 -0.0799598998389468 0.0395660578641965
0.00795482423908048 -0.0180356203956675 -0.0428456685375035 0.0599510833959069
0.00547270663889199 -0.0212156743918811 -0.0178450435102487 0.0521082984420474
0.00984022639671762 -0.023902567143635 -0.00791784393847234 0.0501770066161872
0.0228065579732525 -0.0179343202833817 -0.0066184538962071 0.0525439649333216
0.0296698010501717 -0.00739303409114509 -0.0110365970172272 0.0584395993977592
0.0387146271732899 0.0171784080618562 -0.0408171129365636 0.0612424270425473
0.0263099455582471 0.0380887234476285 -0.0801612756247937 0.0471914345379994
-0.0101794452369597 0.0524290106128754 -0.0844245560294072 0.0302062936712041
-0.0409990849554941 0.0576508834233253 -0.0740610397056657 0.039479274948102
-0.0522345818108647 0.0650952272536696 -0.0527199446900149 -0.00602820734327811
-0.018327253656558 0.0572393790247307 0.0307418919533146 -0.00770751108010276
0.0199787968044625 0.0530094701689379 0.0246943147012021 -0.0910453554989496
0.0429583168896526 0.0312693840300791 -0.0483740736384954 -0.0953590511304336
0.041146706602209 -0.00162022594258407 -0.0934957088530543 -0.0281344265939171
0.0332098801334703 -0.0197177761818275 -0.0776463332712009 0.029498226027252
0.0194753512081402 -0.0386295294271437 -0.0394729507160869 0.0509946330456952
0.0118779331515378 -0.04226380450693 -0.0124392609163931 0.0407520250608214
0.0164386749687129 -0.0434664833960166 0.000729613293828584 0.0383221773523943
0.0371880007287577 -0.0314608013576264 0.00614952484648492 0.0424390291209673
0.0500522616969971 -0.0126665525767105 0.00777646836937184 0.0548009092359
0.0632539267066071 0.02914490268037 -0.0206686979028477 0.0652192644303005
0.0363552974327392 0.0648217481113325 -0.0632536196284324 0.0548646614963916
-0.0228614952316788 0.0764215236346823 -0.0676437827607552 0.0356049798437154
-0.07068528205795 0.0736026145797991 -0.047358621052023 0.0349054741775264
-0.0799080355422971 0.0692116594690403 -0.0215724679971028 -0.0235269141148581
-0.0452194960682337 0.0811651525292087 0.054008513656182 -0.0180299923275965
0.0175794227827841 0.0887822702551677 0.0455703230226565 -0.100340187614524
0.0661798971619485 0.0563665930768851 -0.0324315705232561 -0.111095357684739
0.0651168074134911 -0.00179217573778537 -0.0830097975918295 -0.040757273489249
0.048726592887158 -0.0282886624788138 -0.0678473034229982 0.0133405909366233
0.0293053101932023 -0.0533418308497992 -0.0316197161309421 0.0354626787159346
0.0166475397326322 -0.0571222771662379 -0.00541837236301438 0.024262070636353
0.0188554821182739 -0.0576855109078684 0.0107130313047354 0.0204795925707617
0.0429391440331221 -0.042293567406258 0.0202797842046833 0.0259246029059953
0.0606840177647285 -0.0207447384576807 0.0276081793355338 0.0447283831993703
0.0797824329914751 0.0308533800336398 0.0020785512292448 0.0649655434524856
0.0456475210179261 0.0774000278338266 -0.0446464479623612 0.0598387726468087
-0.0273118439822156 0.0892127601915047 -0.0512785430045811 0.0350932312031532
-0.087125760867812 0.080769334685089 -0.0176336427624958 0.023921154851092
-0.0951038974252362 0.0610159173136072 0.0173083009977198 -0.0370322899704671
-0.0693241173942645 0.0863840936514081 0.0795660679540488 -0.024838513949625
0.00414480965463258 0.110906084976121 0.0698864085502531 -0.0989568334538419
0.0733636279008832 0.0775070455823176 -0.00788295488779551 -0.115911516867109
0.0798647438298161 0.00325520229077238 -0.0622767509150838 -0.0520474861181687
0.0574692584541697 -0.0312821734567422 -0.0504096778904889 -0.0046851990579593
0.034752689493628 -0.0594966594358246 -0.0212349463781104 0.0155057948847863
0.0184129686899495 -0.0635773564147081 0.00295811356637774 0.00388528379240278
0.0181264508915737 -0.0633448879434936 0.0189930361816862 -0.000457351283057268
0.0422688233518213 -0.0471788546349349 0.0325972900464558 0.00666878692549072
0.0615563996521858 -0.02480215687728 0.0450710158242313 0.031921451143885
0.0829913570752121 0.0292085045132122 0.0212710018656174 0.0593872479556852
0.0475106060792451 0.0797835313701277 -0.0273379946555528 0.0596281713453204
-0.0300190305572063 0.0895056948326817 -0.0378449337535331 0.0299323163098933
-0.0926357735040922 0.0746951316055886 0.0102647996536091 0.00928259145978732
-0.0924483085106306 0.0416394416343949 0.0561964559718641 -0.043455578654721
-0.0805158262532505 0.0731223411927193 0.103100173194591 -0.027165525893017
-0.0120795695098247 0.10886672410749 0.0887236527524907 -0.0857967862349241
0.0641090440283064 0.0847339345535848 0.0174565313147805 -0.108013398557335
0.0783827114005085 0.00865232584642039 -0.0346362321420101 -0.0570677949765019
0.0557815248389675 -0.0287047611735099 -0.0280630595232315 -0.0221560249410919
0.0344732942282856 -0.0559224041507906 -0.00870483573144167 -0.00654981369265361
0.0179312861979199 -0.0603460085239535 0.00992419985671347 -0.0160406620465198
0.0157778760593586 -0.059695324461508 0.0261351048211741 -0.0214522193728533
0.0372075049146361 -0.0461864555114157 0.0421979606608876 -0.0119761551473248
0.0560006507070908 -0.0243942119103934 0.0584640443341228 0.0185518930014396
0.0762514879692403 0.0280625701987294 0.0356001944732052 0.0524683685381473
0.0402826634208841 0.0754027467306221 -0.0132414819500416 0.0565986810471931
-0.0339674448998425 0.0778952003741784 -0.0271854944696466 0.0223338868957553
-0.0891544613523172 0.0567762108152628 0.0351247655247008 -0.00392861597350576
-0.0717120907791291 0.0167494786598926 0.0863367596278886 -0.0430902406714392
-0.0733272067383163 0.0463833601774417 0.117728404860983 -0.0251458223021582
-0.0210357898753728 0.0843848050842873 0.0978418756493332 -0.066433095762087
0.04441159161451 0.0721058947732014 0.0379163277977001 -0.0912568141735733
0.0617098452935123 0.00971811862008378 -0.00840573547161674 -0.0573452666315295
0.0425979892838154 -0.0226417243324929 -0.00670916709886582 -0.0356540428266779
0.0269870011693106 -0.0436956759569483 0.0024685495587985 -0.0256794509866274
0.0140949982449667 -0.0485672381626945 0.0158914939978971 -0.0327622807724724
0.012072445191672 -0.0480846476075319 0.0323779298618238 -0.0385583127675122
0.0285787179479043 -0.0387446824932853 0.05125889103602 -0.0263242793491112
0.0456475027693874 -0.020060796741884 0.0694331429319349 0.00982473791912857
0.0619475566973611 0.025510507099383 0.0451952814396806 0.0482000003009091
0.0275116362113697 0.0644459572291701 -0.00349071017434962 0.0546437821768543
-0.0375451593558682 0.0589793803226385 -0.018761248916753 0.0164871809504305
-0.076444105147102 0.0315587857066137 0.0557464714667696 -0.0134002001185391
-0.0367301643684323 -0.0111627187467984 0.100600064214694 -0.0378812903352238
-0.0482036372290546 0.0126469389480016 0.119421098229039 -0.0240595440303421
-0.0193914342154985 0.043593112942244 0.0970658180571234 -0.0498904012556578
0.0211633477082969 0.0418056069738797 0.0481591519766996 -0.0747439843039359
0.0336733754613055 0.00515440893109144 0.0100710412694632 -0.0572587316283627
0.0217063833215959 -0.0125209061584325 0.00777407080353013 -0.0450652825462102
0.0140861193126517 -0.024192027209883 0.00957909182551709 -0.0403624194700942
0.00781983954096558 -0.0290712613513933 0.0193493549758557 -0.0441499329471874
0.00651335346432252 -0.0300452523837525 0.0366093473429768 -0.0507212839199884
0.0174692360121697 -0.0275620188922748 0.0582015335703298 -0.0351120872888622
0.0308866472905533 -0.0152366544605016 0.0776926476550409 0.00580305116411322
0.0420273402444124 0.0196474340377523 0.0511550874244658 0.0483524034581278
0.0127428560125013 0.0465116191675815 0.00317692351523613 0.0561126530233522
-0.0348429297313005 0.0336960582746509 -0.0132376550675357 0.0122869300492894
-0.0537691889744261 0.00233392512940495 0.0698906453024158 -0.0177685784939414
0.013519081133969 0.0221698818197997 -0.074575992884256 0.029990740264145
0.0164874812252037 -0.00944440119697099 0.0101614989358241 0.0106504987026916
0.00186889132968349 -0.0191136746683744 0.00388821961458043 -0.0614641541582231
-0.0151383204584845 -0.00612853535856404 -0.0517643206947209 -0.05903452127762
-0.00828071723262711 0.00724219131190732 -0.0852496178956624 -0.00963704100090869
-0.000250368981521689 0.00691934036357418 -0.0714468237420745 0.0425296305347014
-0.00267655511382316 0.00485291952145647 -0.0392755308357622 0.0589726797524875
-0.00199436534287053 0.00233093534133924 -0.0191191486187986 0.0537052006788689
-0.001089570164608 -0.00110915363526497 -0.0113397165012139 0.0517557520506695
0.000825374393178032 -0.00437048529718813 -0.0117330243404413 0.0540500786052447
0.00103201750228136 -0.00698095053014474 -0.0194922409844624 0.0556377900314279
0.0112951837362837 -0.00843548676636196 -0.0503527015150801 0.0565637918411038
0.0223680621705193 -0.000735148797621951 -0.0871434542441328 0.0421975472649355
0.0146507527271747 0.0218768544742039 -0.095377120500089 0.021393479410183
0.000354701183524412 0.0345508676730923 -0.0887125988423354 0.0375978009875171
-0.0175505725854592 0.0468751829517286 -0.068629515374511 0.0143715503433668
0.00331034748779487 0.0235920489075533 0.0156950191608616 0.00221437947307236
0.0138487458948605 0.0141856610445897 0.00835428725720808 -0.0747154822327422
0.0133911674202585 0.00922608923433539 -0.0532666173218074 -0.0732634679344761
0.014935817018151 0.00131111514624129 -0.089709380170044 -0.015038385816718
0.0154624163179128 -0.00670087145685407 -0.0745798562190326 0.0394139012469446
0.00695443688172772 -0.0176702411544834 -0.0387993115402205 0.0583504599912473
0.00404935136987043 -0.0205544740106651 -0.0158926641783122 0.0501328863421127
0.00874218831197248 -0.0234428861016349 -0.00568656237651571 0.0479512756391898
0.0218091006786492 -0.0180538168892341 -0.00472484688842155 0.0502787914615381
0.0284386287545559 -0.00763034424930838 -0.0089805742611153 0.0558320350941487
0.0379513345702903 0.015704678071896 -0.0374108552205268 0.0594330595139248
0.0254538134553204 0.0364908814563609 -0.0754408552570003 0.0476002868015671
-0.00964896003268341 0.0507288826871933 -0.0809539849791459 0.030359073851922
-0.0384443882788021 0.055941558536081 -0.0716590978815313 0.0388450199725083
-0.0492192797882397 0.063277155967006 -0.0508042005559231 -0.00448818877023066
-0.0173933844909504 0.0557410263250494 0.0296652147681809 -0.00792567805308148
0.0206752327416792 0.0507474944947147 0.0212618674606041 -0.0881848377070904
0.0429594037716532 0.0289913775024648 -0.0487904107848024 -0.0906911743125649
0.0402226479446901 -0.00254694761812854 -0.089402314927858 -0.0250939183807428
0.0320332448738536 -0.0200172930362868 -0.0730924112864594 0.0299664748788844
0.0176602889755369 -0.0376921025371416 -0.0355708870075305 0.0490797643564955
0.0101340604291883 -0.0407914650011162 -0.0107729623564568 0.0395058928977945
0.0147671761052437 -0.0425735160302361 0.00193134260295186 0.0364892776806236
0.0349621369154687 -0.0314364703858323 0.0071612973164329 0.039932492988867
0.0480261763266075 -0.0134959325275751 0.00904673169519874 0.0515439899853361
0.0619290134154329 0.0264363247870767 -0.0175076615983574 0.0631872279734094
0.0357690411183924 0.0612320333928685 -0.0592843336275164 0.0548412558465035
-0.0213495301167222 0.0741346940586531 -0.0643172927575715 0.0348869483109556
-0.0661601878691126 0.0718788292813112 -0.0458816134704132 0.0337302722352432
-0.0757602915723581 0.0678069142179457 -0.0206109928400427 -0.0213414197032705
-0.0422216187450263 0.0786258169344329 0.0514755002244417 -0.0181661226514661
0.0185796059479005 0.0850309106093984 0.04163448746937 -0.0976873605986943
0.0656185159112984 0.0522737093488924 -0.0338067990988421 -0.10566025612544
0.0628319869545507 -0.00319550624988821 -0.0797491173136345 -0.0375069388009207
0.0464057943306359 -0.0290089253069258 -0.0641582792240754 0.0143102335882757
0.0261896706724219 -0.0518559036610536 -0.0287571899994308 0.0340753711703663
0.0136820218935277 -0.0553201900929752 -0.00445946335997161 0.0227034782520937
0.0164208005371005 -0.0560942326851475 0.0108315525028749 0.018739089989983
0.040148534980384 -0.0420234387521801 0.0205112991560779 0.0240204648866803
0.0578820837607625 -0.0208926805645138 0.0283808642097639 0.041914802109832
0.0776495091854809 0.027510232611945 0.00355253306457662 0.0622960481565955
0.0455371784005493 0.0733907215321215 -0.041230582844278 0.0597136812238165
-0.0247831097305137 0.0862013487780815 -0.0487407255418145 0.0347455130035084
-0.0818304464702449 0.0789297363541845 -0.0171274013358901 0.0225979588941156
-0.0904110652790381 0.0602202816452913 0.0165799658638304 -0.0349865546127947
-0.0651583770632626 0.0848900196543861 0.0763540844897913 -0.0246634398506567
0.00636937178836957 0.106338273714124 0.0649901531717357 -0.0963357120755935
0.0725299571880956 0.0722423814045695 -0.0107579069579946 -0.11097289624848
0.0765598491907402 0.00134613804681159 -0.060173981419741 -0.0484527989783443
0.054397797790328 -0.0319342126898847 -0.0481503045316158 -0.00363831313794775
0.0319962823345979 -0.0578469155767139 -0.0190914851701894 0.0142990606414105
0.0151371400537752 -0.0619275761273693 0.00272553424222769 0.00346073722236324
0.0158701453018655 -0.061207756697504 0.0179694563086297 -0.00166530017409226
0.0391316511729206 -0.0466107076093751 0.0318372876942927 0.00540485804284172
0.0585708322396041 -0.0250385613120964 0.0447052907987486 0.0285445205596704
0.0807702525477459 0.0256551467909552 0.0227452383873628 0.0560029261838264
0.0471132786055224 0.0753096469308299 -0.02446266519929 0.0588781200881426
-0.0272038910807587 0.0865928472100467 -0.0355868550720619 0.0293159056384864
-0.0867401010788032 0.0737478171379056 0.00973497581980652 0.00847447230810372
-0.0880125516591547 0.0421616073752442 0.0538712885068889 -0.0417634924367541
-0.0762166331670479 0.0723957733657545 0.0982100808956115 -0.0273686530354142
-0.00904928634728088 0.104911490553922 0.0833611412430306 -0.0839423558145015
0.0640858406793143 0.0798213735943634 0.01443917708756 -0.103862315385096
0.0750001992326005 0.00607971863571577 -0.0341516428831657 -0.0538820751575747
0.0527948794681221 -0.029181167538995 -0.0275403547450277 -0.0205984819942641
0.0309493741550666 -0.0542290779706867 -0.00790060474688549 -0.00680221050903587
0.0147423262943406 -0.0586035081191975 0.00932658760605365 -0.0159394487969974
0.013450545225809 -0.0574730171474569 0.0245941970964796 -0.0211491196038295
0.0343948354880394 -0.0447989252820242 0.0409261164829443 -0.0124606870866503
0.0529748407631071 -0.0243160667599462 0.0573957840089535 0.0158618293283386
0.0740022040176294 0.0243488570097335 0.0365991684980573 0.0495026526873109
0.0399484959264479 0.0709537718365341 -0.0112315717884894 0.0556683542701982
-0.0311371368220768 0.0754643985057012 -0.0259848453120971 0.0222370887322434
-0.0834165216096614 0.0568117887326853 0.0328057813259211 -0.00474956679680398
-0.06840805983953 0.0173636729472584 0.0828476516444321 -0.0421663408689436
-0.0693180921413536 0.0463889795433317 0.112596175406782 -0.0264041301656616
-0.0186536997953477 0.0815027214548674 0.0930012918626987 -0.0661110495064013
0.0445067486644228 0.0673219107096589 0.0337193205786054 -0.0874425152709856
0.0582942928355145 0.00784006064991894 -0.00855867924243148 -0.0544169615284252
0.0404689405438332 -0.0225194674455626 -0.00760733012692719 -0.0340356772547186
0.0244073920599248 -0.0418791098271845 0.00242538028262268 -0.0249946573599841
0.0115425556490853 -0.0466387064730842 0.0148781599477804 -0.0316112221685549
0.0101646013510621 -0.0463333904947342 0.0299582929068699 -0.0381613237628185
0.026583570613307 -0.0376496837688736 0.0488010205845767 -0.0264745799420817
0.0432596492440429 -0.0206447604651096 0.0670175050959204 0.00717797896279385
0.0603669338499606 0.0226925261591667 0.0452517032210755 0.0445246290080676
0.0281245334019492 0.0606427392927216 -0.0017441351809227 0.0529654937300507
-0.0345151679844261 0.0567679195357293 -0.0177007206008887 0.0164151884756638
-0.0718800992013471 0.0319102305629926 0.0523088952871921 -0.013982993594387
-0.0356608879415937 -0.00900107137216259 0.0974668991262387 -0.0376796989621863
-0.0453993701575742 0.0135828595663487 0.114177468702773 -0.025374281679791
-0.0176496755889213 0.0418373661966645 0.0921832647357441 -0.0493397351120551
0.0210798030170013 0.0392774909548362 0.0443531830982817 -0.0720750568679582
0.0313511920797615 0.00421758959471418 0.00859069784816773 -0.0540490304441649
0.0203999993706904 -0.012258369140189 0.00604342580112201 -0.0433586170458495
0.0123346232269498 -0.0230152907757066 0.00874254024999831 -0.0390226782977273
0.00624329627038003 -0.0277652308526966 0.0173974472707119 -0.0427239288948034
0.00519682214213441 -0.0281689079223257 0.0334042716499362 -0.0494455086971943
0.0158313618486492 -0.026464095869628 0.0549575761320813 -0.0347559629011371
0.0291218373810616 -0.0149384479271481 0.0747682355510332 0.00322785139733563
0.0408837568413673 0.0169961019777185 0.0501672591981976 0.0449948006701793
0.0129477269042419 0.0434808812206838 0.00438897871025919 0.0542276137779689
-0.032538086351376 0.0326261310537473 -0.0129329078583556 0.0128677163990644
-0.0509031869077827 0.00381586974970029 0.0659395519477523 -0.0183513389797898
0.0126938417528004 0.0218203410117804 -0.0717266307907638 0.0283525095810077
0.0160306479265469 -0.00864427224747544 0.0103586806896182 0.00967231886949919
0.0020339408488305 -0.0181028465730425 0.00342028336498196 -0.0601748068013579
-0.0139397626470862 -0.0057785871022499 -0.0499954332308753 -0.0571819324969834
-0.00748955397383198 0.0064057116126238 -0.0824120911732234 -0.00956356410238519
4.16223657045099E-05 0.00641858716067484 -0.0682660555646305 0.0404373968786317
-0.00217863710462605 0.00456091026711558 -0.0376082370078984 0.0571123150356497
-0.00182898855473656 0.00217065092177508 -0.018625239691582 0.0518541947048247
-0.000906986053531081 -0.00178313549373547 -0.0113011242557667 0.0497108899367798
0.000805619479979792 -0.0042169188991168 -0.0112883712128752 0.051470098335642
0.0014898939455874 -0.00629173160836998 -0.0191464451926994 0.0534883360293114
0.011068822061312 -0.00801993186577718 -0.0489566676619293 0.0548615989186644
0.0209861713520942 -0.000581726819005261 -0.0837221557772878 0.0407887883297753
0.0134515813139563 0.0216835333810673 -0.0929563833880881 0.0192270272396904
-0.000652628019195716 0.0331684434852378 -0.0870643925353593 0.0354156955821065
-0.0174806730927137 0.0450483450531038 -0.0661580779682565 0.01303286038496
0.00277191760793796 0.023731481568196 0.0155558605755317 0.00216318288795442
0.0131745321570493 0.0140239159092627 0.00764514376206093 -0.0725097328000573
0.0139755196024372 0.0086906690988971 -0.0523145986084019 -0.070726326660166
0.0147193708596887 0.00079075976742218 -0.0868601930138884 -0.0147199130139435
0.0153675726334548 -0.00795510311046841 -0.07155349787679 0.0378207733467979
0.00715977393289747 -0.0174484859997531 -0.0373469792131173 0.0550449364663508
0.00378095548110846 -0.0201973532914504 -0.0155677875999196 0.0479829310072768
0.00869712221400652 -0.0231833268448708 -0.00564092249017151 0.0459450703853087
0.0209553187370645 -0.0177873183476866 -0.00408515833511254 0.0480952551445301
0.0280968421238571 -0.00700487177542195 -0.00815484652863624 0.0531269767593699
0.0374449635259737 0.0149869984991076 -0.0363203313520944 0.0575345965352368
0.0240174472610853 0.0355185972042883 -0.0725165770408429 0.0460140210548665
-0.0102693706961253 0.0494665267930304 -0.0784411590983135 0.0282252774865983
-0.0376617751458088 0.0534774818362526 -0.0704010181139096 0.0366862591155854
-0.0486012636761457 0.0605779054822749 -0.0482463385536603 -0.00460097157654745
-0.0174589759529636 0.0540242541984626 0.0294334203901273 -0.00744442691235648
0.0199167351382286 0.0496069576577113 0.0206938721620468 -0.0860885736395411
0.042040184042811 0.0286024200943868 -0.0468512992599812 -0.087612266142143
0.0394643399667179 -0.00260519036507087 -0.0858490771432826 -0.0249959437848212
0.0312187491303542 -0.0201238842776227 -0.0704072223407392 0.02829623327219
0.016970613966961 -0.0361599318499834 -0.034166538604085 0.0464157183042978
0.0092960570138389 -0.03978310271406 -0.0105578931640906 0.0375579366396421
0.0141167282278475 -0.0414893590152782 0.00225733349471005 0.0346764183928416
0.0340075498200443 -0.0303946707073127 0.0076872906559586 0.0381940033566023
0.0468689407087797 -0.0127806706062448 0.00917929682445651 0.0490472411499335
0.060599706987244 0.0255719947700158 -0.0173384119234093 0.0612404932772784
0.033950418761227 0.0596237863512069 -0.056925041666817 0.0536564472101164
-0.0214947973257681 0.0719007168281828 -0.0625200498908823 0.0331099268401361
-0.0641006887509553 0.0687331638802269 -0.0455429339454903 0.0323247225953404
-0.073699106292679 0.0649464002912347 -0.0192145597460847 -0.0208694827488415
-0.0418118471007878 0.0758740757506571 0.0501731222323202 -0.0166685492643638
0.0180483878020412 0.0823420223315678 0.0401111257082924 -0.0946493284345258
0.0636401571857029 0.050507106699436 -0.0330104061424666 -0.101829331618902
0.0612154101858771 -0.00274921766091359 -0.076480987213254 -0.0369253176854252
0.0453640217578544 -0.0287779778625666 -0.0619606005030436 0.0136430786931492
0.0256625297600351 -0.049987876940601 -0.0277571442703302 0.031292050566802
0.0126466498242685 -0.0535732992856105 -0.00399910062401171 0.0218375743059392
0.0159565199784254 -0.0539485935971675 0.0105439230113541 0.017390561138073
0.0388557039712919 -0.0404190803859219 0.0202781410369627 0.0226170030566212
0.0560296391258934 -0.0201222931548666 0.0275297278727782 0.0397969958524152
0.0757343918636893 0.026290439931847 0.00391195349483835 0.0600143986527061
0.0435790994328481 0.070887113263118 -0.0394885613857516 0.0581682816511249
-0.0250826324671018 0.0837458683568562 -0.0471745218732479 0.0331398322921392
-0.079293337300525 0.0759024694764106 -0.0176955044857589 0.0216449366223952
-0.0878237738386425 0.0577526410471636 0.0168557822091485 -0.033330988754137
-0.0638943374334983 0.0815885648778095 0.0737071117493522 -0.0229629393902719
0.00588783226177263 0.102888068432781 0.0628512656491697 -0.0927141259806914
0.0710113381975834 0.0696253215329231 -0.0106034838150154 -0.106824731699836
0.0743078278264825 0.00152803806987909 -0.057490324681821 -0.0472060663447858
0.0529563220732255 -0.0311837344407961 -0.0465720824133647 -0.00395580277488755
0.0309052758859098 -0.055747866525336 -0.0179881210445955 0.0125665759924052
0.0140859695087894 -0.0593262537723138 0.00268560278244375 0.00286334731464107
0.0151642697469231 -0.0588542306145259 0.0177110227606224 -0.00216419710944667
0.0379726943961612 -0.0449029770872348 0.0311081266005396 0.00488215391647508
0.0567207516365659 -0.0242293239111026 0.0433126204767462 0.0268931818218068
0.0788279096406789 0.0243294146418067 0.0217858748804456 0.0544733137711422
0.0453672157557685 0.0730289779087219 -0.0232383599560019 0.0576115101044431
-0.0270402565850988 0.0828478009892002 -0.0352349957072798 0.0281705313380126
-0.0839689043425929 0.0709334047769761 0.00888822962945338 0.00865261848086452
-0.0854309658979472 0.0404993279405145 0.0528923871833173 -0.0397696766336505
-0.0744663125535839 0.0695109746986911 0.0951632819422116 -0.0253984479105282
-0.00877833275000933 0.101272364828642 0.0809243642635694 -0.0810773848682645
0.0623045738323527 0.0760751484171651 0.013251990025394 -0.099405390487274
0.0721177323270744 0.00642750481164098 -0.0319882100378575 -0.0519514969393718
0.0510513129646218 -0.0282073907166876 -0.0265953728568833 -0.0202375877249828
0.0296425832439255 -0.0521905957676055 -0.00709058105175705 -0.00750004820224699
0.0133755305807545 -0.0561563556539318 0.00904015117109923 -0.0151761337352686
0.0131272668639746 -0.0557183925950409 0.0233457965214342 -0.0211962385826024
0.0330084321200202 -0.0429800861798719 0.0391410737147204 -0.0118804147013015
0.051379237967512 -0.0232653840931589 0.0556253529497845 0.0149336375547249
0.0719929116165423 0.0231052879685811 0.0349539489047915 0.0475060904842607
0.0383536430168791 0.0685364329752557 -0.0104995508018404 0.0547393939533134
-0.0305250513957876 0.0725452869677465 -0.0254131236263141 0.0217015506047689
-0.0806285490089629 0.0543849860222892 0.0310807450804079 -0.00402193069764795
-0.066322936066853 0.017647323668791 0.0812313282034469 -0.0401177910435636
-0.0672381104183575 0.044823449805767 0.108939878471079 -0.0244407317585154
-0.0176783284040087 0.0783653465600512 0.0898874146510669 -0.0628944874573546
0.0430106927903324 0.0648104539201452 0.0322979143019983 -0.0837080510247875
0.0561182178979863 0.00755023311029415 -0.00786990912586583 -0.0526343184628223
0.0390646615251725 -0.0211895680234037 -0.00707983873935359 -0.0330277756625855
0.0231675092181493 -0.0400248650736011 0.00268789846778172 -0.0248153609173035
0.0104295516507415 -0.0451620986398505 0.0146540865856586 -0.0307864877323162
0.00979231062806735 -0.0447904721934933 0.0287021983780294 -0.0367418753391614
0.0253944774721418 -0.0363031909046576 0.0470696539123298 -0.0252679961250345
0.0414918788603436 -0.0198615501836166 0.0649868167571612 0.00640913111602882
0.0578916242291579 0.0213704403179976 0.0435012179336993 0.043460208292678
0.0265181402605514 0.0582226813239723 -0.00134656736827088 0.0521139511055241
-0.033507025128729 0.0545615621646313 -0.0176952821405456 0.0161843407349761
-0.0687664048589514 0.0308996461645976 0.0503017012313106 -0.0131582447461535
-0.0342826593827626 -0.00803383238152464 0.095391151346077 -0.0357096894371144
-0.04386082637629 0.013248778659747 0.110908408274292 -0.0236558164109986
-0.0172111748571572 0.0398559772618819 0.0894412100207213 -0.0475372497352664
0.0200870955734625 0.0372415115769074 0.0423050539486445 -0.0689241769070961
0.029143046335353 0.0043404072343445 0.00890764144807423 -0.0519259951167937
0.0194595049417209 -0.0115092957653688 0.00583260410480707 -0.0416397176727465
0.011732878990686 -0.0219508645128152 0.00859579070019326 -0.0375046763676164
0.00529374950484054 -0.0269048301726985 0.0176155418318394 -0.0409939686369371
0.0047090082198926 -0.0274104599214343 0.0321534916133379 -0.0471971380007527
0.0148649661468156 -0.0250669038996177 0.0529819811413019 -0.0334711279321868
0.0275397626661648 -0.0144239237901388 0.0724869107944899 0.00297754943982907
0.0395472702283075 0.0158594074497909 0.049012855429918 0.043125634726849
0.0125438545620623 0.0411507461078991 0.00381296518456985 0.0528899263128661
-0.0310835188494564 0.0312095430205464 -0.0126772880746466 0.0122580523790109
-0.0483604829468612 0.00350282967793993 0.0631450668317147 -0.0173518198979237
0.0145692834397333 0.0184790438221258 -0.0678565958877545 0.0431421372110318
0.0134292189434676 -0.0102136475560707 0.0132266232489505 0.00806136508534905
-0.00149166715553341 -0.0173999321247987 -0.00613196592198523 -0.0612480449540211
-0.0146933246991763 -0.00299308822802938 -0.0598424758149032 -0.0498699780433804
-0.00649739443517797 0.00747666215302328 -0.084022595989544 0.0048118826649467
0.00165927691393324 0.00636584779189664 -0.0603671538173362 0.052024149012261
-0.000869472181263074 0.00483324438765063 -0.0278340491370511 0.06149177620008
-0.00135647969725021 0.00246183250400598 -0.00952545745128606 0.0540617413747142
-0.00118449601833839 -0.00126554232561518 -0.00235248862369588 0.0511362920061569
0.000208069016139358 -0.00439836137544229 -0.00174963065377477 0.0537681182947126
0.000323529009916617 -0.00596186400200369 -0.00948283355762974 0.0568624499905018
0.00816743495851047 -0.00904506647592178 -0.038303910469369 0.0645421304094164
0.0180121017324621 -0.0036205563251898 -0.0758624891752784 0.0569702494694237
0.0154529835534458 0.0180561698469876 -0.0911252997731005 0.0356655415905097
0.00338933608826497 0.0323793052122809 -0.0832861487992079 0.0486911274886543
-0.00962601166249185 0.0450320326826583 -0.0672577295935522 0.0260576366737788
0.00638059122801626 0.0226953396252085 0.015684772133413 4.34078430694625E-05
0.0148432048888522 0.0106268195968169 -0.0054370026864363 -0.0724436511797992
0.0143732768669676 0.00595212189125801 -0.0644139115616996 -0.0609146655436881
0.0139692894027933 -0.00119761950303116 -0.0880902758538393 0.000517086675307084
0.013880289258549 -0.0099480716620715 -0.0629618667937385 0.049755963974719
0.00343231110754348 -0.0172339913385187 -0.0261250709789097 0.059802707367078
0.000480446230384636 -0.0199448654153086 -0.006976951011117 0.0500119828629679
0.00448116278764919 -0.0235330445586485 0.00225038214604393 0.0465616924123788
0.0173383819993888 -0.0202675192388372 0.00469724197414602 0.0492968793097773
0.0252702055623233 -0.0102956699202727 0.00117819521698043 0.054920046080442
0.0369644426982524 0.00883810798945604 -0.026487279788809 0.0652243156795201
0.0268417815551703 0.0298636131339728 -0.0652162070094176 0.0603818542016088
-0.00234924695012908 0.0499192418889766 -0.0750226312884416 0.0401443590403167
-0.0289028728619091 0.0580347421785229 -0.065512633650869 0.0447592841107578
-0.0359676930008816 0.0645586204705186 -0.0543202210586405 0.00414082013397779
-0.00753444550618965 0.0541697212647496 0.0257846284597257 -0.0116178784216417
0.0273116859771056 0.0431634362099218 0.00286633615111239 -0.0856025647479671
0.0443956623864993 0.0185430051676743 -0.0628861949481364 -0.0754741457782062
0.0363736362793033 -0.00888372869297435 -0.0878186740892612 -0.00820952467358086
0.0271432982040228 -0.0241954639685337 -0.0624548166797911 0.0405829240716278
0.00907056546074658 -0.0371848486124452 -0.0226763852402816 0.0509005649163866
0.00214140239265539 -0.039376762335676 -0.00392710435275735 0.038351724249316
0.00675825301699565 -0.0417961078686401 0.00784250289151663 0.0340061092194717
0.0276489805570216 -0.0350445273881178 0.0146110669214177 0.0376739711278519
0.0421110993337532 -0.0190664732000163 0.01813131090233 0.0480085454932367
0.0616946662271001 0.0145187387625147 -0.0071556666883425 0.0654529302558825
0.0409989171657691 0.0511206377458916 -0.0497267825886354 0.0656125647096817
-0.0094071264003328 0.0731192947751871 -0.0579734247177901 0.0415236111532204
-0.0518495134475656 0.07832935893802 -0.0397922116910149 0.0343937017753233
-0.0598780470269033 0.0728404310848669 -0.0286992574552898 -0.0181565221117557
-0.0267501332865215 0.0791174067920459 0.0434350413526538 -0.0246349106114221
0.0311588001289452 0.074371102804141 0.0188358355063494 -0.0961678958694069
0.0689568154847649 0.0350264645914653 -0.0519611883851444 -0.0893299473818107
0.0568989769075961 -0.012680884878825 -0.0789991439318427 -0.0203318796313048
0.0385797642601703 -0.0345041990721528 -0.0557121370399262 0.0246412195633206
0.0147784846568266 -0.0514435292592594 -0.0172495461274322 0.0351071175048042
0.00319221167821358 -0.0532767749205752 4.67235403347991E-05 0.0214952396855229
0.0061769256365225 -0.0546840826481665 0.012727291438359 0.0156671264472093
0.0306839762149171 -0.0450836839166295 0.024548220347345 0.0201651039397502
0.0499849152151282 -0.0273980328257351 0.0351299140217313 0.0348450999605979
0.0765377297589148 0.0127980510292145 0.0136802022971875 0.0604620439536648
0.0520222831810751 0.0607428471880733 -0.0315622827863989 0.0669730927878803
-0.0107116245345829 0.0856883379524168 -0.0426957989351614 0.0380495265011068
-0.0647017143963326 0.0877693403619153 -0.0134318075741237 0.0184914459635094
-0.0736119714148664 0.0679253096383952 0.00539928524416649 -0.0377395083662543
-0.0465763709522786 0.0885597987600966 0.065666570132832 -0.0358980031253631
0.0236019576124877 0.095193716918753 0.0399402461352251 -0.0978986536690963
0.0791522762109814 0.0513579376167468 -0.031686063175674 -0.0966619648863103
0.0697667340805144 -0.010930977786537 -0.0614185024870677 -0.0335943152774063
0.0455467375448739 -0.0383313188374133 -0.0432939485222475 0.00561896372218511
0.0183273075865991 -0.0580959061607632 -0.0102911027314069 0.0155624912259934
0.00357258310749923 -0.0590308418876198 0.00367753292514965 0.00252562996396465
0.0049833417811989 -0.058631132978698 0.0167835906104069 -0.00450243626569402
0.0292900210685883 -0.0490142620985971 0.0322535594896374 0.000325078717872311
0.0502687842775793 -0.0311957711545746 0.0486320976817486 0.0192970694615451
0.0793373381898719 0.0107708663377023 0.0310343724592898 0.0517571588114504
0.0542340500334112 0.0617071460943334 -0.0152204136852428 0.0636674355493565
-0.0125537250110726 0.0857746252660587 -0.030604216005225 0.0308830727232903
-0.0691900284326046 0.0834656190701913 0.0111322412463493 0.000737971554265917
-0.0736033276074063 0.0521116456749943 0.0419505756091145 -0.0512295300245796
-0.0584834616235382 0.0787454380358123 0.0869932516369847 -0.0426485921028031
0.00990030405273418 0.0962674989309033 0.0591818511253266 -0.0903346577664541
0.0723437906268268 0.0589616061740149 -0.00723052783832996 -0.0935067932825672
0.0688767940758916 -0.00634202693934622 -0.0372963190947929 -0.0422606681882144
0.0437753470538675 -0.0351459545816067 -0.0266940615865518 -0.0136770328926116
0.0182957679305618 -0.0546408176135281 -0.00332408846558864 -0.00564342281228233
0.00357970260036423 -0.0558384071075676 0.00645383322873098 -0.0164108436274998
0.00329418528461941 -0.0549799471722533 0.019429092948454 -0.0243015328197545
0.0247181931394361 -0.046455968123007 0.037838425824819 -0.0179822193929168
0.0453576759316257 -0.0294206843114047 0.0585685334941421 0.00499220749257519
0.0723524157551468 0.0105405768148418 0.0431915784865867 0.0423322904032488
0.0470097818844771 0.0583545446429016 -0.00287816186098229 0.0581962328418911
-0.0174833038671083 0.0754668373225146 -0.021980358752265 0.0229125679181208
-0.0682763734040377 0.0673221462741253 0.0324618879758858 -0.0143576885481163
-0.0592665786036255 0.0278286999089526 0.0732753547731891 -0.0564887144515204
-0.0560414570677924 0.05358617311782 0.102060336371913 -0.0444588142991482
-0.00282222648225219 0.0763217345664847 0.0726777717050739 -0.0760260350964318
0.0524146898064725 0.0514116519184545 0.0147043163116003 -0.0831482021375231
0.0536510351107115 -0.002675316376184 -0.0144179858055257 -0.0471398960226265
0.0336492252341338 -0.0267013131302941 -0.0103950070306689 -0.0302775607099216
0.0136052961623456 -0.0424724493403065 0.0022240206741528 -0.0242271540179048
0.00224924278526025 -0.0447060431803718 0.00958650439682312 -0.0326388690737345
0.00191309076701734 -0.0439590033222149 0.0217458450458465 -0.0408267390204243
0.0184550696276983 -0.0385937106031084 0.0427101841736113 -0.0330449082980473
0.0365307703499873 -0.0242776502339204 0.0663461231478336 -0.00552832758877168
0.0583505550708181 0.0111785762656735 0.0510068752087756 0.0361565632567845
0.0340863476299495 0.0503258391021709 0.00610829572748358 0.0535607046753668
-0.0229316880775733 0.0585421929455327 -0.0147089514743216 0.0164107625849882
-0.0606207391248016 0.0420575673162641 0.0501181474534355 -0.0249826118774999
-0.0330008607669706 -0.00108783911659502 0.0906336275808378 -0.0544802127985672
-0.0389989022562533 0.0193345442687901 0.106403146767289 -0.0435737343568306
-0.00860966835630433 0.039561271396296 0.077538938282629 -0.0615928213979112
0.0254590111269576 0.0295961154355962 0.0286831051323135 -0.072030134356842
0.0279711560531491 -0.00158328376396763 0.00107168111882866 -0.0508838878139993
0.0160261474583498 -0.0139639966697752 2.64115945593184E-05 -0.0419057064590971
0.00686360905572877 -0.0228644193015649 0.00455061342418356 -0.0379025836180396
0.000494120560937411 -0.026253900839834 0.0105851583064488 -0.0431974962731702
0.000748208543944767 -0.0270398735512401 0.0230737995216838 -0.0521243890987999
0.0104639020009899 -0.0262100806801082 0.0475934073549614 -0.0418343920346639
0.0246299671186769 -0.0169771266466882 0.0726413912278157 -0.0103468283872026
0.0397246488209842 0.00931010258460955 0.0565758426181368 0.0350674820361681
0.0182783565448378 0.0370307263608371 0.0122558318558489 0.0527134545927257
-0.0247720805260436 0.0353521891523741 -0.0101481386035005 0.0127693142043403
-0.0449222771351811 0.0120310344631251 0.0621173650384151 -0.0294626834046032
0.0151966660145296 0.0191403276165153 -0.0692737298512156 0.0428254196574994
0.013687470228718 -0.0100778654519344 0.0134044759853097 0.00820195500270316
-0.00114468374461762 -0.0172294414773248 -0.00668570845342278 -0.0624727763539777
-0.0142871893176812 -0.00301729863490248 -0.0612042430501419 -0.0508023705278464
-0.00622623243160896 0.00737722931466463 -0.0853046338981227 0.00427828686260357
0.00161840784993517 0.00567117864501072 -0.0613263827520041 0.0523274709259052
-0.000305061067240579 0.00433851255037425 -0.0280915302466657 0.0620728746980871
-0.00142632959690141 0.0022066424511686 -0.00960969472663673 0.0547094471324654
-0.00102281713236854 -0.00148845671207566 -0.00248276611022893 0.0517938536414521
0.000439980008407298 -0.00447938355742852 -0.00132607960023482 0.0545970051510531
0.000608628898207583 -0.00546115614486144 -0.00955234960914853 0.0576564813763505
0.00845864820179242 -0.00900643173257863 -0.0386490523486638 0.0656585935048683
0.0174646919878942 -0.00330111206932017 -0.077017773042789 0.0574881107701636
0.0153532833111107 0.0188324414996039 -0.093019845300484 0.0353591311243378
0.00342150821278772 0.0320435928029926 -0.0861252209536174 0.0491715424208881
-0.0100030158607295 0.0458709411280971 -0.0686075366494986 0.0255096010660041
0.00613009920826354 0.0232225624914451 0.0159074443508581 0.000256879695201621
0.0158059099720883 0.0107850425230483 -0.00651503264668014 -0.0733543019694039
0.0153004910144958 0.00553884331356766 -0.0656675990278375 -0.0612700090532798
0.0145952527541688 -0.00197980306431982 -0.089575799938386 0.000479216170274192
0.0142708312652633 -0.0104143969469928 -0.0635944949297015 0.0502041845995732
0.00386480659244462 -0.0179444606764115 -0.0262341634688056 0.0601941055605048
0.00029531232151852 -0.0204788167359109 -0.00745480775914883 0.0503176237045723
0.004385076467233 -0.0242769975826153 0.00210314646381119 0.046610372531893
0.017845744278744 -0.0207561563781 0.00512584932197555 0.0495937142520215
0.0258796523035444 -0.0106745998508151 0.00127197824426784 0.0555919742975044
0.0378738785317944 0.00863700104067543 -0.0269264523013786 0.0666633932357807
0.0269840982304538 0.0312091298848334 -0.0661585287189299 0.0612366117990304
-0.00285253338748899 0.0506875372414234 -0.0772684300665709 0.040335217276085
-0.0295684751069772 0.0590445059880831 -0.0677287586000472 0.045390283903784
-0.0368317135194063 0.0655699045963073 -0.0550489474277433 0.00397102236192403
-0.00795448624092977 0.0559448222577158 0.0265584605466645 -0.0115737138764012
0.0282095356332143 0.043871414426219 0.00243422073926197 -0.0868510163604655
0.0457102588649087 0.0185920970943565 -0.0642953307497376 -0.0762031207447951
0.0370112890210943 -0.00941807488030833 -0.0891222410385798 -0.00905742478579078
0.0275838361386663 -0.0248688877544818 -0.0626840009045015 0.040357877339613
0.00962109801474332 -0.0379552965953961 -0.0230398861237661 0.0506484878623659
0.00161402641503935 -0.0399263956684506 -0.00384215071680262 0.0386820874655253
0.00685886047009894 -0.0429502480201195 0.00790282288898898 0.0338036291807867
0.0283651881122905 -0.035735315539988 0.0151237990140385 0.0378127380783067
0.0433802527290233 -0.0191821397512408 0.0181919042824674 0.0478140464613701
0.0628958978642369 0.0146220468800186 -0.00703275854146187 0.0666689202821406
0.041532571788951 0.0529048473441618 -0.0497142068380428 0.0664981196785552
-0.0102818966925475 0.0745700129073988 -0.0600627087215683 0.0420856332328701
-0.0526787582646259 0.0794688027501593 -0.0420972893486587 0.0347498380055403
-0.0609418833209896 0.0736979645583788 -0.0286206556340285 -0.0184249973200433
-0.0279801127868144 0.0804470451018041 0.0445992181544191 -0.0246263179862646
0.0321885825975194 0.075720911873319 0.0185524017477782 -0.0971875511377496
0.0704322875839673 0.0356285202547152 -0.0530295906509331 -0.0901989579352384
0.058495369765385 -0.0129788253446766 -0.0804851019878807 -0.0212274741384902
0.0391837336058838 -0.0357190785795815 -0.0566648208569722 0.0251026758882004
0.0148442906547715 -0.0524273167994598 -0.0178623544024766 0.0349080645029522
0.00269529185281067 -0.0540761152244962 -0.00051153878603328 0.0219079202601982
0.00624742674080188 -0.0550214963445401 0.0130547862521992 0.0157007386306462
0.0315481833817158 -0.0464274929336088 0.0252036605210719 0.0198275191654065
0.0513142280036245 -0.0275649805981276 0.035766289947744 0.0346555870740513
0.0776997347642396 0.012560358836765 0.0141769524311297 0.0618430115484063
0.0530382156252764 0.0618767275673021 -0.0319069851196919 0.0687352334489338
-0.0115249207345661 0.0870979826510787 -0.0441668081606706 0.0388222689323499
-0.0657404618861834 0.0889600589661369 -0.0142922888813575 0.0187299454379722
-0.0752432402918422 0.0693591718725342 0.0062444618932487 -0.0382129859371624
-0.0480254113997068 0.0902212110539864 0.0671757400467155 -0.0356542248385198
0.0241787074943898 0.096832395208526 0.0398180643363093 -0.0995023621611698
0.0810381133792863 0.0518854537053615 -0.0324265460952515 -0.0976665063362128
0.07097490370678 -0.011230503759644 -0.0621519536470897 -0.0341099774460522
0.0460383003076014 -0.0392582208382609 -0.0437231867178867 0.00548336051798389
0.0183779654870629 -0.0587669711591319 -0.0108276592073216 0.0147638628365831
0.00337742178466974 -0.0596965897961035 0.00360103440706264 0.00200422477845231
0.00486718585721692 -0.0596625378775447 0.0163945150489639 -0.0049845785218745
0.0296786348364384 -0.0501025949618888 0.0326969226580914 0.00015445227955535
0.0511259471935903 -0.0319002061344596 0.0494870579326236 0.0190316051223582
0.0806119316603139 0.0101590376772816 0.03175804873418 0.0525129306558466
0.054803912333494 0.0627524600500878 -0.0149238132720096 0.0653459176972601
-0.0133404252185924 0.0867601040788912 -0.0319925835791121 0.032068645238533
-0.0702615365274145 0.0847868526982926 0.01103149292781 0.00100498197931938
-0.0751703137859448 0.0529126595419716 0.0436523357913916 -0.0514843248864713
-0.0593163622550645 0.0802867162324081 0.0887831058992734 -0.0427165174019902
0.0102508809664546 0.0980416997650412 0.0599703418797966 -0.0909599873116838
0.0738622380437829 0.0593804505932342 -0.00755799641206485 -0.0941292118794475
0.0701150134800203 -0.0061846387346262 -0.0380217961965798 -0.0430132303759382
0.0446131582456443 -0.035608773902419 -0.0268781762757817 -0.0139354492868244
0.0182034369688335 -0.0552271316557688 -0.00330684888137233 -0.00643726219446512
0.00285372000410382 -0.056240951048319 0.00726360022433781 -0.0173378548311112
0.00321443697518682 -0.0557423553852662 0.0193964513925857 -0.024751805553752
0.0252353066328856 -0.0472697388598099 0.0380384237523903 -0.0186931077854875
0.0462370874047849 -0.0296729292724032 0.0599581253930059 0.00410889269052559
0.0736264882526366 0.0100880255984179 0.0439861748854731 0.0430571210481193
0.0478502277045686 0.059440933655433 -0.00223312293195862 0.0597003475255348
-0.0182121515341212 0.076628390647861 -0.0230398619143689 0.0240434920730721
-0.0691543606758677 0.0684809370376281 0.0326224505592587 -0.0144852500170195
-0.0601855086323012 0.0285512384291729 0.075399860103979 -0.0566478746989076
-0.0566390292800551 0.0551347780985335 0.104030120256934 -0.0448015748140714
-0.00257330090937883 0.0773601258830485 0.0736925449620701 -0.0763889387575421
0.0531828639964588 0.0519740917431517 0.0145945863645912 -0.0830036782320739
0.0545597441033731 -0.00226183603818913 -0.0144006612899868 -0.0479785369689399
0.033935922602145 -0.0264633970668842 -0.0102597349623866 -0.0304443853818761
0.0139053024645562 -0.0423723651884194 0.0026753813860452 -0.0253999803760068
0.00161799583552994 -0.0447272283761137 0.0102413357023831 -0.0332827402080933
0.00185632987396654 -0.0446660811625329 0.0219426455894401 -0.0412864673672055
0.0188888255762198 -0.0389937405824996 0.0433874649246873 -0.0332585614052078
0.0370563889718628 -0.0247313986436108 0.0670301146067216 -0.00576060766337756
0.0593544531485229 0.0102993731130096 0.0520894331613896 0.0367407787730354
0.0341867286999655 0.0511846901962044 0.00628373575551182 0.0550699018762131
-0.0234051231100108 0.0590980534408641 -0.015208239421607 0.0175338898953564
-0.0610522859366993 0.042602844527562 0.0509008202328613 -0.0249954212518413
-0.0330145856585136 -0.000852987151411002 0.0932168499984344 -0.0544403359029261
-0.0390759111278266 0.0203678932464635 0.108181679771258 -0.0441835776813978
-0.00879695314251208 0.0404120130207557 0.0787596935620863 -0.0623130403241903
0.0254314210165597 0.030051932050004 0.0289368720645298 -0.0720209697897415
0.0278981677672319 -0.00127345326290064 0.00122303777244161 -0.0512171328382992
0.0163737182854516 -0.0135628929552571 4.99581099824171E-05 -0.0420894965347092
0.00678437146711509 -0.0228541382577972 0.00485671529211399 -0.0384486850907147
0.000269135911150885 -0.0262282911549317 0.0110059505193877 -0.0441856338608616
0.000325364606650589 -0.0269562623290151 0.0239429201485473 -0.0526375413239518
0.01056246184466 -0.0263361458642796 0.0482257934364618 -0.0421034513864011
0.0245335045563891 -0.0169734100996633 0.0741028854834481 -0.0110550494117834
0.0399960846783689 0.00909418972878598 0.0577106396673983 0.0356000708644412
0.0180082722658248 0.0368478891062712 0.0127447180826179 0.0541633314779308
-0.0252436868327911 0.0358099942399408 -0.0104345102416795 0.0139583240013301
-0.0453496188185818 0.0121532458142157 0.0634365591325951 -0.0293059423528371
0.0161459343650162 0.0187799573808509 -0.0696465669718496 0.0457657190354617
0.01366979727029 -0.0100621793552204 0.0139291322924262 0.00826774504947633
-0.00139178364703176 -0.017976034190942 -0.00942918056614958 -0.0627983961944441
-0.014290436383621 -0.0024348082215922 -0.0641901857085971 -0.049672340488689
-0.00644515901446474 0.00675264607445231 -0.0870514596187676 0.00743007353709441
0.00180128067191506 0.00509256334795807 -0.0603253488454756 0.0550184248946052
-0.000173092715097351 0.00405304090142 -0.0266773996098405 0.0645821916341092
-0.00117363107653172 0.00207661154152758 -0.00802749813750762 0.056560724283488
-0.00109652523799467 -0.00206859046007968 -0.000825591364604892 0.0528391243057261
0.000519563869854485 -0.00465896718033621 0.00014695831302457 0.055686161195395
0.000898651061769004 -0.00557545004009381 -0.00809151563923429 0.0592546017979147
0.0084584231013725 -0.00899131165251288 -0.0377893971748495 0.0685855018059138
0.0173283500663497 -0.00292945194178401 -0.0767532710691326 0.060854730963552
0.0157196763141216 0.019173978488805 -0.0951530331587385 0.0385187367314593
0.0043494036384077 0.032556903314237 -0.0879903728192666 0.0528294305130484
-0.00870885010673242 0.0468533229239812 -0.0694103188446867 0.0283520201823374
0.00681005004130261 0.0239168628844135 0.0157069591797582 -0.000320769922712488
0.0164770838439678 0.0108756401934545 -0.00908281196963029 -0.074164131146271
0.0166442596330219 0.00506466187215367 -0.0691430668378284 -0.0604287526536372
0.0151964532362467 -0.00267070640127084 -0.0917709571892349 0.00310220414646504
0.0141570152022428 -0.0116828320467223 -0.0630269530638802 0.0528778020698308
0.00339368034039646 -0.0182675471712328 -0.0246930491393193 0.0618652502514838
-0.000770989764736751 -0.0208707041460481 -0.00591965344344708 0.0514224604837876
0.00357006187929131 -0.0252911910914962 0.00363437900390019 0.0473125695471565
0.0177904949931313 -0.0221601631679992 0.0068220226965562 0.0501866120351218
0.0263834308398025 -0.0115588545040367 0.00294619151071506 0.05642611408258
0.0392907245418345 0.00767409022802516 -0.0248244369888438 0.0692384091613592
0.0281678423688665 0.0314536971601312 -0.0650644652147156 0.0646172542617708
-0.00169868800053573 0.0522914391602829 -0.0785339558959037 0.0427518385769879
-0.0285021368929538 0.0609143180016159 -0.0690888942664385 0.0479042534849681
-0.0359004163910902 0.0675320595967756 -0.0562771925905698 0.00560292490563889
-0.00697976702204108 0.0575097726437631 0.0263028666232029 -0.0124370220745083
0.0305356800490936 0.0441573329219642 -0.000775726141152967 -0.0885441084715182
0.0481362480096687 0.0172609986307576 -0.0683168832346497 -0.0756603540879199
0.038364813693246 -0.011048697065768 -0.0912194131325939 -0.00650739259881111
0.0274189003191712 -0.0266776308370987 -0.0624226309427935 0.043426988362152
0.00848209989990381 -0.0394543293748036 -0.0220875969658859 0.0518445585702308
-0.000128472823558421 -0.0408572439196023 -0.00317917120319917 0.0391134105506967
0.00536593403492725 -0.044544290024015 0.00903095957104956 0.03416865900287
0.0282176762606115 -0.0379442220131034 0.0169590987580349 0.0374259931592088
0.0441545240467246 -0.0212141739216871 0.0203936038300829 0.0480445418609479
0.0649058192827297 0.0123081193015056 -0.00477526137477563 0.0687150207857497
0.0436806977689872 0.0530874209475674 -0.0486779776788969 0.06991458731915
-0.00859753688811629 0.0771675909301462 -0.0606927768850067 0.0446642828831885
-0.0516977947910286 0.0824919260477542 -0.0431777441561286 0.0370648030483248
-0.0598268383222146 0.0768353418010446 -0.0297356197782568 -0.018095899376094
-0.0266256404853237 0.0831646848285191 0.044497497129548 -0.0261556763727534
0.0352514126915788 0.0766977255482498 0.0155250526496983 -0.0994101586266215
0.0736705617853848 0.0336567909871797 -0.0575682952758043 -0.0902595483350089
0.0595586678976251 -0.0153544169535792 -0.0829729089737559 -0.019614319826597
0.039036930884489 -0.0379618501615166 -0.0565987649102299 0.0274007041268978
0.0134337257284203 -0.054207000014776 -0.0172911220919944 0.0354386970976991
0.000133656882350405 -0.0549583480971885 0.000198085822504052 0.0217080411863916
0.00432883802444699 -0.056958691791834 0.0133981714982787 0.0150043018171543
0.0311002489733169 -0.0488243864626336 0.0263559497998296 0.0191189960976994
0.0516305305723747 -0.0302649864911344 0.0379665026220199 0.0343223859382702
0.0805049056748985 0.00993655704170543 0.0171572719675007 0.0629092114509071
0.056022859071521 0.0620102333036987 -0.0298154021513721 0.0712694469403704
-0.00980596019187079 0.0894711605499528 -0.0444713313585456 0.0412525338452707
-0.0646861327900739 0.0930998436848278 -0.0148854897138516 0.0199091460716412
-0.0749608778851399 0.0730956390525908 0.00573790523011779 -0.0391213378648634
-0.0464599296353797 0.0943280494166903 0.0671941423948617 -0.0382105428729542
0.0283397432790592 0.098436234510914 0.0369521248300407 -0.102489359143023
0.0844424616733414 0.0503212478311915 -0.0364286513318206 -0.0981318802721757
0.072866994536394 -0.013861902775527 -0.0643532616014883 -0.0329676509740345
0.0459347048317313 -0.04125584261092 -0.0441029907575937 0.00759702833332949
0.0170234812265697 -0.0604354069978381 -0.0109380159212542 0.0141851051225223
0.000561218064508093 -0.060480816469599 0.00380802580508348 0.00156058501829968
0.00239530741660945 -0.0609972553947168 0.016779918879286 -0.00602347182820888
0.0287239885913033 -0.0524085503886784 0.0330238033064119 -0.00186153245816308
0.0513243294465642 -0.0339094240104636 0.0516245563135633 0.0172232937893363
0.0827169675530537 0.00721186172392409 0.0344017874343864 0.0529055933961961
0.0581863081989835 0.0627246617538832 -0.0131677269833923 0.0674613729524387
-0.0112412330570479 0.0890930235993074 -0.0320144973878516 0.0340459621663548
-0.0694851838728044 0.0885254525899907 0.0107888204734838 0.000920212083532184
-0.0746868746904611 0.0565809957403872 0.0441495182590092 -0.0539582857788833
-0.0582493044883946 0.0844481106964508 0.089340195983794 -0.0458693322164325
0.0137190676639746 0.0997471706882224 0.0577179308410885 -0.094317346966884
0.0774882042291759 0.0583818751788931 -0.0103317267719349 -0.0949176485419562
0.071595353666438 -0.00832556508057611 -0.0398068646111761 -0.0424419329954286
0.0444192392827889 -0.0379379872213004 -0.0273357269119063 -0.0131019337969125
0.0168723599649043 -0.0567566566126859 -0.00381831170819811 -0.00746647742984227
0.000688116135473949 -0.0571449613909298 0.00665216746295126 -0.0179625430418379
0.00128723486977047 -0.0569862565954406 0.0188782799788253 -0.0262777478931654
0.0242625669617906 -0.0488489883118904 0.0383715631452439 -0.0205669031865539
0.0461638258665704 -0.0319579842542283 0.0609635170824655 0.00219171488951608
0.0750765155019403 0.00748676527205351 0.0469471899942037 0.0427215025331331
0.0505908911434568 0.0587435151048251 -4.29145106836969E-05 0.0614999321413608
-0.0164131459415952 0.0787602154402233 -0.0225147069247297 0.0254680145640229
-0.0680605549897978 0.0718473086930785 0.0324628784838754 -0.0157728692174
-0.0599681967563193 0.0309872046904671 0.0763313367559613 -0.0603468494824782
-0.0556182932120084 0.0581648982879763 0.104721430344159 -0.0484220086645607
0.000130048350797743 0.0790087847862077 0.0725772079832415 -0.079585755635938
0.0559193822600007 0.0508230515969049 0.0126761785984172 -0.0846040154235093
0.0552199721279183 -0.00395870734153578 -0.0153983460972754 -0.0484272677639995
0.034136543915327 -0.0278349768668832 -0.0110830687741402 -0.0306604624947674
0.0130789250688278 -0.0434022230196149 0.00192874030420267 -0.0267757651702193
-0.000205797188165563 -0.0454915988145629 0.00957005325407286 -0.034669837164123
0.000240101663680831 -0.0450425425808583 0.0208670628186772 -0.0430204606903847
0.0181262959028782 -0.040020733763774 0.0433598505561842 -0.035458035865523
0.0371827315794974 -0.0258818982178853 0.0689999803333251 -0.00871752396477523
0.0602768689059971 0.00856487539435573 0.0544516577414126 0.0362775929939533
0.0369137604600146 0.0508601255306471 0.00884352277950484 0.05669534769284
-0.0220355588864988 0.0605892487762771 -0.0152757855608471 0.0186546313421944
-0.0607049720453652 0.0455237355433821 0.0508808530388396 -0.0268963962969693
-0.0328947151674553 0.000578024427093295 0.0947772863261139 -0.0580048493960468
-0.0382886699570957 0.0224182244259883 0.109337573223846 -0.048305484065703
-0.00753941430863031 0.0413163655748261 0.0784843650159189 -0.0656014685901925
0.0268084764600987 0.0295939934009562 0.0276849270080254 -0.073921808163544
0.0282586788114211 -0.00147359157468818 0.000347525843748085 -0.0520995986448742
0.0162281276462916 -0.0139431000900646 -0.000892316286157069 -0.042715532826846
0.00604671708055296 -0.0232179310395886 0.00403771084807617 -0.0402181222654429
-0.00105681603614627 -0.0264033749814001 0.010089272641117 -0.0453605421615501
-0.000355893354010881 -0.0272776607094184 0.0225271720198599 -0.0541368899978098
0.00957444554433676 -0.0265740205282998 0.0482278208729175 -0.0442485387811525
0.02437957149263 -0.0182880631839262 0.0752829314351463 -0.0138432982704125
0.0402513164574129 0.00774287325354152 0.0604465876577553 0.0348741476663285
0.0192688980616646 0.0365542436577356 0.015045540325801 0.0554122560491837
-0.0247570905225205 0.0365846243143691 -0.0104903041731463 0.0150610570169411
-0.0449083817983542 0.0137784585667001 0.0637046864526078 -0.0322180854681389
0.0174258079279515 0.0178213662338453 -0.0673028434040178 0.0497406143561198
0.0134559333321369 -0.0105564696875977 0.0142182216677245 0.00741534172984036
-0.002482121754679 -0.017823962451358 -0.013124754535367 -0.0618660555356748
-0.0136654006940087 -0.00173820380609985 -0.0669157133056289 -0.0461580685445113
-0.00586174873594259 0.00716176728147677 -0.0860218580649647 0.0122552574537908
0.00221743027545201 0.00435240475582491 -0.0567524788845004 0.0582279464251001
0.000154095247578373 0.00381310349974657 -0.0223849053765562 0.0656851857136893
-0.00121211582199722 0.00185148513620209 -0.00475258877918113 0.0566854546416832
-0.0013880106819005 -0.00252940048499184 0.00206272389965476 0.0526621287845314
0.000247891825680388 -0.00547792648621015 0.00335352386313056 0.0551050201349195
0.00109171898331397 -0.00559962705595949 -0.00461723393757757 0.0597196119657265
0.00807360473036689 -0.00930178242473585 -0.0330760943926189 0.0704584518540638
0.0168040552714018 -0.0034928978255234 -0.072825747670788 0.0645677355910612
0.0168533730936888 0.0183144721733398 -0.0934827743329954 0.042457490328883
0.00580143252841067 0.0317073860322153 -0.0863589238301378 0.0576796755842404
-0.00596103980634048 0.0470894131554003 -0.0682493955063069 0.0320640616195536
0.00810450796072555 0.0236905302658752 0.0159997844557746 -0.000972526943605788
0.0173919626062203 0.00979173498180814 -0.0133102748999629 -0.0732309006409669
0.017108326697981 0.00403298895202782 -0.0725739916337782 -0.0561600009558912
0.014753523520203 -0.00354849399020589 -0.0913629988180226 0.00821946582479778
0.0135121613061666 -0.0132508039611901 -0.0598662119238951 0.0561236885454024
0.0024177040809475 -0.0192931125978368 -0.0215774050166973 0.0628828734684968
-0.00212516751139914 -0.0209721079649075 -0.00312812614110699 0.0511289791985643
0.0018029283417441 -0.0255439529254963 0.00610927159212321 0.0464555713758899
0.0166309547220704 -0.0240322270919275 0.00983621934406147 0.049035772343943
0.0262004344680775 -0.0133082141263852 0.00580553527787774 0.0558916067622823
0.040023411023853 0.00557678516922418 -0.0205400354717169 0.0706362635474078
0.0297912713223749 0.0304780832429687 -0.0612756405704262 0.0681539437651551
0.000663598979325765 0.0526753949283136 -0.0765270840909044 0.046662141082401
-0.0250855836520225 0.0621632831897139 -0.0678490808674773 0.0519798045950416
-0.0320558575262559 0.0692462707625377 -0.0561466856722186 0.00847495232257073
-0.00403507632033394 0.057827703857104 0.0255711360965357 -0.0136448272731825
0.0330800040850575 0.0421227639477257 -0.00628395857536339 -0.0874689066460636
0.0496541918733459 0.0142264763213265 -0.0722991688238256 -0.0709701658626023
0.0377870089871361 -0.0132018218879265 -0.0917086449578922 -0.00138591164689504
0.0259597796700254 -0.0289542172686315 -0.0597024636262029 0.0467224538189614
0.00617795204649121 -0.0400567348132471 -0.0193978733783626 0.0522741660882412
-0.00277111713117695 -0.0403862689843858 -0.000836548637629726 0.0389565763259729
0.0023685655519388 -0.0446814245845342 0.0102124821030623 0.0329464190742377
0.0259467966617977 -0.0398945788334532 0.0189470884941378 0.0363303116301449
0.0430391786013647 -0.0237296336602859 0.0226653843333482 0.0466757478824256
0.0661957659666008 0.00853539318479386 -0.000361926750642399 0.069373042254164
0.0470377747220937 0.0512920111013615 -0.0442675756430317 0.0723417534787895
-0.00449314714424347 0.0784520563619646 -0.0587610835745819 0.0469356945855311
-0.0467853673266441 0.0849772110252084 -0.0421673356188426 0.0390462249607777
-0.0559460777160833 0.0799601931850133 -0.0309206917084958 -0.0162280635079404
-0.0221920008364023 0.0853299115805071 0.043307889918343 -0.0281739968756709
0.0397925924241737 0.0744128728252893 0.00947721240047783 -0.0990494154465724
0.0760693888375116 0.0294922015962343 -0.0620374490742412 -0.0858278289207012
0.0588751712531944 -0.0190275857184108 -0.0840118428015151 -0.0149729331067917
0.0370291540244897 -0.0403084907998786 -0.0543199948471157 0.0304078899305785
0.0104654389166942 -0.0550383806440475 -0.0155195589383996 0.0352157387643382
-0.00359237981414645 -0.0542501318299535 0.00131194447940496 0.0211640304046861
0.000569591507794593 -0.0571117537011897 0.0138789686510154 0.013799615620504
0.0278865906821106 -0.0507590934144528 0.027327040744162 0.0168799254423065
0.0503034179602718 -0.0332820911941821 0.0398758916915067 0.0317201659957287
0.0807099997757502 0.00483704618977818 0.0211801968268104 0.0622970504931504
0.0595763366595392 0.0590364024271285 -0.0254978389571373 0.0728871507636165
-0.00497956353328856 0.0903016304184222 -0.0425330317672109 0.0434610949518715
-0.0587226634596897 0.0957445136114994 -0.0148729244577354 0.0206305085272862
-0.070710277405469 0.0766614838456551 0.00403321382682854 -0.0395383754780473
-0.0416610269163788 0.0962881577267571 0.0646793347531435 -0.0411549565048668
0.0339015610278898 0.0963827161802678 0.0309245789036312 -0.102886063508051
0.0876759760673601 0.0455629924660166 -0.0413061197596388 -0.0945731061920199
0.0719002346732107 -0.0175172814728847 -0.0660138228006645 -0.0287058735319597
0.0437059704051366 -0.0439917398380411 -0.0430513015222157 0.00981142177317471
0.0134624146391821 -0.0609941461043719 -0.00996291564462191 0.0141587193909248
-0.00311986771412215 -0.0599865750539557 0.003455337701671 0.00115922761605403
-0.00146619907177072 -0.06061498759434 0.0161592472279931 -0.00733786805433963
0.0261135363988292 -0.0537812236854695 0.0332529062688677 -0.00365178314705955
0.0497106016129268 -0.0370022387342601 0.0519083041452548 0.0141331957709705
0.0826661703524719 0.0022714836365401 0.0380249164888889 0.0510787465905773
0.0620411857983642 0.0595233757638967 -0.0090085385705568 0.0684351216144062
-0.00656491293914815 0.0898314442659372 -0.030022570915749 0.0357703761223624
-0.0638628167627757 0.092201665199305 0.0104696680018237 0.000355012151703888
-0.0715396794124697 0.0603991743118789 0.0419323771623515 -0.0560105798969964
-0.0534264049948397 0.0872118054463796 0.0862851463987675 -0.0504301785005771
0.0196857550484144 0.0986523250509636 0.0523531758806893 -0.0962288867954543
0.0807614026787347 0.0535878980596587 -0.0154326592213049 -0.0932456051319538
0.0710475305257262 -0.0121489966945928 -0.0416342581112877 -0.040129547331542
0.0429435469817998 -0.0401958481148157 -0.0274295326222639 -0.0115672923840195
0.0135352418024606 -0.057049569177658 -0.00443920237404393 -0.00808468016671224
-0.00315226558999696 -0.0563876796667265 0.00556495577334898 -0.0191060416815365
-0.0024147127327019 -0.0565592339329168 0.0173666211555209 -0.0272108905312941
0.0214666470266996 -0.0502000360119896 0.0371283085361326 -0.0229984433782435
0.0444432958860751 -0.0346139003065401 0.060657977053996 -0.00176852505534534
0.075301846582504 0.0028506333800337 0.0492601077186214 0.0399825495410381
0.0533279978244778 0.0559041373730586 0.00397402764437245 0.0617870513130801
-0.0121405539330989 0.0794549351107672 -0.0211794359454936 0.0273000049508703
-0.0631614368294867 0.0752843652584166 0.0317582230891101 -0.0179933612835058
-0.0577969990277262 0.034604103797847 0.0736388527481847 -0.0640725724899626
-0.0518992181372698 0.0610748109428081 0.10183885121365 -0.0532727664191844
0.00516943902538713 0.07864755584588 0.0677608684533122 -0.0827473742758136
0.0587650088174734 0.0477966472793572 0.00799095572061428 -0.0840803979679837
0.0550171397813144 -0.00670661599878115 -0.017747734567381 -0.0468166302188257
0.0324877159413965 -0.0293821790141885 -0.0121812999197743 -0.0299811978337674
0.0103624373100809 -0.0437965902784247 0.000331380192735439 -0.0271485462792873
-0.00337176589716911 -0.0446381296281824 0.0072813059214121 -0.03563824068207
-0.00240561328036471 -0.0447095855041367 0.018580865821759 -0.0438343269091367
0.0156270545546816 -0.0407235079601167 0.0410476217500057 -0.0377798400269216
0.0355120130149175 -0.0275649947562374 0.0678978098608607 -0.0128165191236848
0.0607496273815501 0.00476531933070038 0.0566749140310735 0.0329193800653638
0.0389616963616619 0.0481340066496156 0.0121764205929366 0.0562931497444873
-0.0192335885809505 0.061492105708384 -0.0139415781587605 0.0198556766777932
-0.0570421472760055 0.0486308533094286 0.0494531172683001 -0.0298582045478233
-0.0325556019345527 0.00284687608042761 0.0929795299520379 -0.0630929682562549
-0.0361380164024362 0.0243523220029814 0.106110693467964 -0.053409103372183
-0.00455148125019747 0.041564822486106 0.0746576020279132 -0.0690175634383774
0.0288178670618905 0.0279967226177408 0.0237171036436734 -0.0743721228160174
0.0279110975642168 -0.00281478737603348 -0.00165465820652947 -0.0517227702472763
0.0159883079963745 -0.0145890019198639 -0.00331808585390907 -0.0429800057620309
0.00466849616670144 -0.0234596805003796 0.00207579263589921 -0.040739806455932
-0.00266973504529184 -0.0256387431470516 0.00793709902731268 -0.0464067792325413
-0.00182513297851931 -0.0269216409469605 0.0190886597357219 -0.0553376840509419
0.00801951377819492 -0.0268249931941172 0.0453019728387673 -0.0466145847668183
0.0231790986098062 -0.019006686664732 0.0742551229158753 -0.0179432945982277
0.0405867598246858 0.00510254973329193 0.0621528176999646 0.0314304189506917
0.0209748063320241 0.0350820940077907 0.0181917223586389 0.054853526907699
-0.022629230399582 0.0375744433628367 -0.00954864988215532 0.0160909941860536
-0.0435028519968323 0.0165404010732665 0.0617009214091945 -0.0357638954357971
0.0177444375816531 0.0157951272152265 -0.0625698898488693 0.0510381514960643
0.0125514811377946 -0.0103013105993848 0.0145579977069486 0.00653845975874504
-0.00315383192178132 -0.0169483663866823 -0.0158343207926594 -0.0584412885611564
-0.0128582873778937 -0.0013380450479873 -0.0668600501288871 -0.0408918633925645
-0.00543432638986575 0.00702226986640697 -0.0822571202954255 0.0159783302826773
0.00217533547181022 0.00323043937719382 -0.052016643249746 0.0586193084734402
0.000258433412800479 0.00314617749735056 -0.018018223434263 0.0636497954047164
-0.000894959714734661 0.0014861740082851 -0.00196132880908511 0.0547187678582392
-0.00136595453612804 -0.00287453467995471 0.00460986180391613 0.0508246961716943
0.000111186897318846 -0.00577183942925985 0.00581477390752254 0.052493185101388
0.000989373057911563 -0.0056355198884289 -0.0020593888594743 0.057165943667371
0.0075158233541698 -0.0090637768849311 -0.0279345822206952 0.069113231094677
0.0157685782497735 -0.00335345168905639 -0.06672426674905 0.0653364672856049
0.016985451540542 0.0171815561908782 -0.0886955079864061 0.0450481435198697
0.0070734063088963 0.0298473978960114 -0.0815674362407835 0.0599282506506044
-0.00365189832815707 0.0452846239084425 -0.0639074618510223 0.0342067051120034
0.0089030923526427 0.0225682907258284 0.0156298248798526 -0.000857162744378109
0.0173781179545459 0.00853931062819581 -0.0166999353705859 -0.0692784803223102
0.0173351366414286 0.00298573801961133 -0.0719272733663643 -0.0506626842789005
0.014658511935408 -0.00437712368018602 -0.0871676313487573 0.0126957848375659
0.0119992610391543 -0.0137694640583702 -0.0542986997710122 0.0570952180578543
0.00131297277544031 -0.0192499823407875 -0.0175081091360556 0.0611080397774484
-0.00299051481190767 -0.0202564748682853 -0.000482233272794237 0.0494867439893774
0.000213752486733652 -0.0252714321049673 0.0078017997996715 0.0443507975230366
0.0148845999859585 -0.0242001351300957 0.0113938851476688 0.046388763670624
0.0250072066873992 -0.014419221562525 0.00823411077955053 0.0529129874306717
0.038827207848087 0.003281673004697 -0.0159112048718617 0.0685864545801037
0.0304790546888797 0.0285611747010394 -0.0554802268555969 0.068369634273026
0.00297840275142687 0.0507167642424203 -0.0720761935544979 0.0480340930758541
-0.0210835169629173 0.060280582409784 -0.0641764924795705 0.0532219339309786
-0.0275085103664544 0.0678984427390144 -0.0538410575495525 0.0110589673512408
-0.00131196062658957 0.0561689490466894 0.0238994193103094 -0.0134173727510693
0.0340385114867241 0.038907371958505 -0.0105123109582751 -0.0826941264733733
0.0487888173765455 0.0109949701253062 -0.0725677932761472 -0.0647224447214738
0.0361351306002091 -0.0148726218609804 -0.0877362561893145 0.00322099072916137
0.0234511068451558 -0.0297211419323231 -0.0547027738900677 0.0474991574215317
0.0041301948227928 -0.0388455212993992 -0.0160502800042705 0.0505372575829453
-0.00470716338830088 -0.0388082255858793 0.000848971689606159 0.0373146142317285
-0.000553331196685454 -0.0432054419040794 0.0114154823307181 0.0310487775721005
0.0230424211396076 -0.0399165513195261 0.0200509640227524 0.0329999209299166
0.0404873004492933 -0.0256546273617828 0.0240543544727728 0.0431043643139879
0.0639175146419206 0.0047926305917598 0.00387851240253026 0.0666266448342922
0.0474028098823284 0.0473494586850094 -0.0388571743509959 0.0718404777933035
-0.000527852434573943 0.075219705561473 -0.0549384542402993 0.0484319188329185
-0.0409719617820745 0.0833719174688267 -0.0395675616742325 0.0396392924330553
-0.0496479053620326 0.0789551558603995 -0.0304093566862701 -0.0140123520269557
-0.0176881807936066 0.0829731899068335 0.0398297645888676 -0.0287217196469401
0.0418384189627318 0.0697114102169708 0.00442268108191246 -0.0950527303197696
0.0751358311946194 0.0241671999237907 -0.0634489229714598 -0.0790532066840983
0.0562613936948559 -0.0208529136227667 -0.0809950923057836 -0.00977947132961815
0.0336584722119739 -0.040808767007156 -0.0503861139516 0.0316580074255765
0.00730193208208491 -0.0531487562569506 -0.0135091123703343 0.034072960015561
-0.00619288623718472 -0.0517092173252187 0.00192258637614265 0.0203208627487452
-0.00259229003640096 -0.0548594900019801 0.0137758241119914 0.0121735312149385
0.0244441787875041 -0.0504944936387252 0.0270337941368175 0.0144719974696756
0.0469530169473346 -0.0350192212639505 0.0396154003845047 0.0273870494010408
0.078060555860009 0.000491216656555609 0.0237438395166976 0.0587824882473824
0.060491236196127 0.0544805767029131 -0.0200448751632266 0.0713950015720874
-0.000738363014053753 0.087302906472807 -0.0392061758776916 0.043944085331068
-0.0517611569907684 0.0944729273340046 -0.0142219899920869 0.0202980547696311
-0.0643314666613413 0.0774941196021772 0.00210304144822606 -0.0377966467258725
-0.0354654951674312 0.0948220501879021 0.0601282804490568 -0.0419346573629305
0.0376785794915355 0.0910159689469986 0.0247307865064116 -0.099524550540374
0.0872019602387842 0.0388655919649481 -0.0441080655869882 -0.0883502847218534
0.0684320837453032 -0.020710867304674 -0.0645183102398144 -0.0242339055402614
0.0400049928694605 -0.0449436034597724 -0.0405047963055315 0.0111028181768343
0.00986882483366113 -0.0592767409622415 -0.00918601393123381 0.0136333826655927
-0.00658632444076086 -0.0570836166352421 0.00336478745265383 0.000299010040964907
-0.0045525422748495 -0.0580181590073803 0.0148238383841494 -0.00807400761786229
0.0226703554090551 -0.0532340747113838 0.0316304459396556 -0.00576234605936572
0.0461111901569527 -0.0387016739741564 0.0504750190378131 0.0106572666082107
0.0797309886477668 -0.00279994558698163 0.0394714872638489 0.0470646260444886
0.0621842106652711 0.0536837676932093 -0.0047088163855653 0.0665131220064342
-0.00202405235521983 0.0869112267314863 -0.0272451938633039 0.036357979893739
-0.0559783819341563 0.0913800302176112 0.00898564311204338 -0.00019285494176474
-0.0659031312615218 0.0614617756827903 0.0383796574809558 -0.0554091110681826
-0.046880519894377 0.0864714833953739 0.080077413295112 -0.0514157354875294
0.0245462739214629 0.0934107081150754 0.0454917138880938 -0.0940749370500702
0.0807739376965761 0.0473650433603061 -0.0189140032690695 -0.0883427444646345
0.0685161792011258 -0.0155334339138298 -0.0415637190210694 -0.0361020876367101
0.0394188275078356 -0.0406714778241147 -0.0264801353898603 -0.00991210477672823
0.0102436164153166 -0.0554706354719954 -0.00472152912893123 -0.00828175278009261
-0.00611666653103945 -0.053445198393965 0.00440927398831252 -0.0193793138565978
-0.00536827374959332 -0.0539079031942048 0.014518974209446 -0.0268333823799554
0.0182780800954115 -0.0494101954115886 0.034247207411471 -0.0238964176816492
0.0412961745465561 -0.035234132554007 0.0580093105838342 -0.00527712575724064
0.0721963041848532 -0.00126479693315734 0.0496438819312245 0.0359472732417084
0.0543739841080512 0.0504673294282178 0.00705464151123051 0.0593890274833112
-0.00818552195175489 0.0767127450698974 -0.0189157738698485 0.0274308710554493
-0.0565357426863076 0.075425893135182 0.0289005999285342 -0.0186467792987186
-0.0534321556201175 0.0358854857395088 0.0689159896945165 -0.0651451712089089
-0.0466193064892718 0.0609606270322108 0.0951336013083843 -0.0554872795208467
0.00935194311880675 0.0747779393483994 0.0613880376223424 -0.0822759492532164
0.0591140126471995 0.0426478282097981 0.00447847926057756 -0.0803029747024552
0.0526081983131969 -0.00925820630005812 -0.0187196811443257 -0.0439898196731651
0.0302199938800189 -0.0299725670965705 -0.0128169323389406 -0.0284173714967992
0.00775970188786072 -0.0424684131603867 -0.00105710536705954 -0.0267787130270273
-0.00542277325006801 -0.0421714270839575 0.00518848130044816 -0.0354991631452827
-0.00488523097316331 -0.0424099920314709 0.0149957004833923 -0.0429382525311477
0.0131417602024336 -0.0397592301421069 0.0373640303802402 -0.0380889037232225
0.0329329985888731 -0.0284963495789345 0.0643817120058217 -0.0156890756608877
0.057798553457813 0.00144809719870313 0.0567498956597908 0.0290423252105411
0.0394973133344677 0.0441169404232653 0.0150392390586477 0.0539715703190721
-0.0155140893885126 0.0599651832206068 -0.0122374345907486 0.0204645345222383
-0.0516296316117369 0.0496757864983931 0.0456653079722862 -0.0316635356826181
-0.0304288360971941 0.0042548668870509 0.0875556349565712 -0.0648808714004865
-0.0327817959122106 0.0245580536315764 0.0994686967997531 -0.0556772470663431
-0.00204781584624368 0.0399322173302396 0.0684434957058921 -0.0693611100997662
0.0288904966746892 0.0252656091831374 0.0200754943812029 -0.0722088650714346
0.0266757449627765 -0.00398469823296564 -0.00344033938278154 -0.0493532304272298
0.0147950525853199 -0.0145470392529925 -0.00474921273992261 -0.0412906019340019
0.00366394739660717 -0.0221911174967088 0.000141080062927891 -0.040042266956668
-0.0039376586066905 -0.0242049264285793 0.00551400330605242 -0.0454283119407985
-0.00328953057640174 -0.0253061084077049 0.0157197579333174 -0.053606101513979
0.00654277682708368 -0.0260581183949029 0.0411105098113643 -0.0470750874651
0.0215018860423548 -0.0190869817413046 0.07041358807239 -0.0216342466397029
0.0383387738668012 0.0028579630066464 0.0616477797962982 0.0271140707280319
0.0215111030905092 0.0322956323454432 0.020669381652061 0.052040913276763
-0.0200485681515482 0.0372002542110345 -0.00819663733675671 0.0163901487758552
-0.0400038447960573 0.0181546958767093 0.0571474599344606 -0.0381974309655331
0.017611585418339 0.0135474254026279 -0.0496428160684292 0.0583489211446924
0.0105673910266441 -0.011151052320721 0.0158381277222878 0.00402586895774281
-0.00608374988890043 -0.0154394643652223 -0.0233184746944748 -0.053443569220126
-0.012844386921409 0.00154202144410676 -0.0698818528971466 -0.0292692568130471
-0.0037146469418027 0.00862148550470246 -0.0759372243480452 0.0279538324432323
0.0028704386686122 0.00305052562988382 -0.040589409537623 0.0630575887908683
0.00105459840041095 0.002904239695951 -0.00817435281132715 0.0639993533360618
-0.000284698381148666 0.0016463676121057 0.00598638943971802 0.0519093983589965
-0.00165023706787213 -0.00237349659949311 0.011855827456521 0.0474669246893224
-0.000182733426815366 -0.00491058555506669 0.0137583309706782 0.0487491861108269
0.000905739271094319 -0.00532759537982377 0.00692610231710791 0.0541188959962969
0.00571590720487417 -0.00860775681041682 -0.0153516416164591 0.068769830091097
0.0135244889347039 -0.00360110819424333 -0.0521388280554876 0.070801764845091
0.0164749318436813 0.0145423896095972 -0.0766011422382584 0.0556537466552994
0.00899752804834751 0.0281112629793411 -0.0694933683476003 0.067134031690634
0.00111961227002705 0.0434188096031174 -0.055178283473933 0.0438216410322794
0.0109410467707818 0.0195257439891856 0.0146933332980087 -0.00221937020519045
0.015490137467321 0.00532484159420347 -0.0246160286155358 -0.0609019976274507
0.0155520072609494 0.00147363018300708 -0.0752886323656048 -0.0359905774264447
0.0124961267645929 -0.00470462308179635 -0.0796353074691736 0.0249493471154256
0.0102542783269791 -0.0144677683505858 -0.0424361828495515 0.0607727705705377
-0.000849146582989818 -0.0178434495596104 -0.007977735292238 0.0598486808063867
-0.00485402907719592 -0.0181864725950845 0.00603743587034464 0.0464567598640082
-0.00275681042015634 -0.0233527036505691 0.0141210053548776 0.0414593973476208
0.0110993005249746 -0.0246994109165305 0.018939082902103 0.042436835889886
0.0223939650857709 -0.015794351928106 0.0156251668541316 0.0486997751307425
0.0369852113501564 -0.000722623928021046 -0.00465192856768839 0.0668589265484287
0.0305075188371973 0.0243254408726166 -0.0414597336932881 0.0731360435729012
0.00786216341076984 0.047634093045063 -0.0613933255796113 0.0556612989658946
-0.013709916898466 0.0596929493521796 -0.0543623997495175 0.0583031228112089
-0.0187011016517845 0.0662193707020653 -0.0501638160107919 0.0219632671907551
0.00545686469379457 0.0513403983824716 0.0203999745002346 -0.0138531716364158
0.034794022733784 0.0308410446547592 -0.0205077208907526 -0.0719096235050948
0.0449649640471725 0.00399185173618713 -0.0759082009867693 -0.0476028328353206
0.0310494157407259 -0.0169044057285653 -0.07994630043885 0.0157551230940422
0.0188218674305772 -0.0301076290969669 -0.0434562363146736 0.0517518305273533
-0.00107988366909821 -0.0365575412869965 -0.0075919113034772 0.0488079539676004
-0.00870199408941431 -0.035381260425149 0.0058631342276366 0.0349158627516475
-0.00585852515057454 -0.0403744424872301 0.0160131996862499 0.0282898371896815
0.0166970647275675 -0.0406451961352287 0.0246822535392235 0.0289010576274669
0.0356686297146544 -0.0280992662163001 0.0289157943824367 0.0370872009184297
0.0610970309458392 -0.00282094344992071 0.0129955119227741 0.0622262281698488
0.0489890928321647 0.0396630028225028 -0.0250636730874916 0.0746829450979657
0.0075462576646037 0.0709999920940227 -0.0454087462646029 0.0530901875223017
-0.0295345141450598 0.0837540811494899 -0.0334536487889738 0.0423113009699244
-0.0379524755337964 0.0786316531556999 -0.032921850098704 -0.00432995873153903
-0.00618554093888955 0.0778377607863078 0.0319160976051682 -0.0295652107482799
0.0458378463642517 0.0573833612574758 -0.00856423685176531 -0.0833704406334074
0.0701575347490358 0.0124786186202276 -0.0680709974097062 -0.0606868459337266
0.0490595629894403 -0.025166043779889 -0.0737315376174144 0.00204610759597128
0.0270884740003578 -0.0420775248207274 -0.041387491170433 0.0355125288665778
-0.000139813945184385 -0.0505441946933711 -0.00693970359232568 0.0319338383931469
-0.0117418261842053 -0.0470864846864813 0.00490150948086254 0.017939054087873
-0.00954490415166795 -0.0508899201726682 0.0152500470664321 0.010062151295994
0.0169256076762986 -0.0510581939891793 0.0288980545199452 0.0101395579849142
0.040639742022289 -0.0373139672319542 0.0413086874520518 0.0201494200594176
0.0736152383173035 -0.00902113938444291 0.0306190486192547 0.0519014489787192
0.0619708827452222 0.0442453548520997 -0.00759748191296035 0.0717266567289201
0.00989768082563392 0.0819742044126907 -0.0314002590713479 0.0465558662761326
-0.0375892623434244 0.094916027872614 -0.0120793117293294 0.020320903066196
-0.0512311355216867 0.0776530938293447 -0.00702925532371374 -0.0316738476275158
-0.0209704167983179 0.0905771028066806 0.0477382568133945 -0.0446761957476041
0.0447638968620428 0.076979747354676 0.00917743502150994 -0.0897657052106681
0.0827244953507861 0.0236879856458787 -0.0504018674639434 -0.0709394395849824
0.0601057006159898 -0.0267292185298542 -0.0596434130642402 -0.013973026312824
0.0321210500903376 -0.0465158796574307 -0.0344857919022401 0.0143642249870972
0.00144659950254273 -0.0560968197603881 -0.00566586805029307 0.0113001854354524
-0.012699860628711 -0.0519955336180307 0.00324945322486126 -0.0011423078022362
-0.012078102274376 -0.0538642821186814 0.0133077553718828 -0.00914821164524511
0.0143413307868912 -0.0531540578098417 0.029796705131631 -0.00971000961648856
0.0397814869549882 -0.0406572062423148 0.0490252596623896 0.00161213858231199
0.075113826384699 -0.0119173142191373 0.0436569431594298 0.0388451081658579
0.0636778744417357 0.0437132583453817 0.00645532780987097 0.0648566374682889
0.00847588503283656 0.0813987082538536 -0.0213219425217144 0.0369824475356932
-0.0422953020867358 0.0924712227416577 0.00717220290161843 -0.00224053582586711
-0.0540317700623457 0.0627585965837479 0.0240979851339532 -0.0548967184526723
-0.0327339658462861 0.083936471733267 0.0652152770656225 -0.0573904086418019
0.032780653032082 0.0805419234587077 0.028571212481067 -0.0876225332586573
0.0785780129315301 0.0315200233072101 -0.027246266591 -0.0741581865401472
0.0596492722919336 -0.0222512679719412 -0.0397007561752075 -0.0281980311186034
0.0319306905982903 -0.0425690047392419 -0.0243205574113403 -0.00787189794678737
0.00215164220953927 -0.0525557821141981 -0.00420188537457652 -0.00977033352728688
-0.012018243131763 -0.0488578598817149 0.00166068832006069 -0.019467181527334
-0.0118356940737135 -0.0496280312211009 0.0109543020379581 -0.0277821286797101
0.0112906428997809 -0.0486364379962726 0.0298788874771985 -0.0275935958794257
0.035550361292385 -0.0375816094109846 0.0537408767789776 -0.0142961118126722
0.068486718020388 -0.00974064934308791 0.051468607391682 0.0263679381687992
0.0554099834781908 0.0413719510778121 0.0163341968518273 0.0561019423312207
0.00166385781457546 0.0732329816061889 -0.0142344162301976 0.0273707698734249
-0.0439017505350614 0.0765384724255085 0.023437067321352 -0.0216259060526456
-0.044663003902058 0.0373211258273392 0.052062032596171 -0.0693672462148579
-0.034618766233909 0.059957674523585 0.0789924651391539 -0.0640877573817402
0.0170283171194061 0.0651472581224592 0.0446808589501954 -0.0802007514339232
0.0585702369294299 0.0296495383582611 -0.00517731279985222 -0.0717572833403033
0.046454835776857 -0.0151626091853888 -0.0203989824377261 -0.0389408302987011
0.0244691803708661 -0.0310475146137022 -0.0144679331953622 -0.026661182172278
0.00151348821454006 -0.0403585000282931 -0.00378848006726079 -0.0277384762104466
-0.0102378706490709 -0.0384510031274467 0.000659891449241422 -0.0349304403577887
-0.0100176011982476 -0.0391439101584014 0.00890693424580042 -0.0428031530650241
0.00729035008342204 -0.0389947076603977 0.0302073904052732 -0.0411853895418752
0.0278684198045623 -0.0301244015993984 0.057655478339032 -0.0249664174712818
0.0553128023520733 -0.005580462017498 0.0561516916241403 0.0189533616789563
0.041263172347638 0.0367068844155239 0.0228309381387175 0.0491959517844158
-0.00699430512536704 0.0579584691219485 -0.00865017904963584 0.0199525819760043
-0.0421698552701826 0.0516259811628477 0.0376861865508285 -0.0359450065770095
-0.0262903924386449 0.00515789252630062 0.0709467179961617 -0.0750068019460499
-0.0269958313064496 0.0250673179598152 0.084407221480979 -0.066729090020133
0.00263271336814636 0.0341833247669395 0.0533055399787557 -0.0726342404603407
0.0287607902034036 0.018137081388731 0.0092817649119876 -0.0677371403520105
0.0227374004661673 -0.00726522688678983 -0.00906623891910662 -0.0464614157024636
0.0112838149451035 -0.0151085924807989 -0.00978764831916341 -0.0394378201253431
0.000409647173211071 -0.0207651851789789 -0.00468437203493348 -0.0395249617235994
-0.00686042185303498 -0.0216512695602815 -0.00118041363545279 -0.0446054579371915
-0.00668662365981703 -0.0231349546048482 0.00733347509803048 -0.0528380000469646
0.0027945135757615 -0.0251675726679939 0.0324720324792534 -0.0507003529025443
0.0183307822587166 -0.0202834085690196 0.0628664972275784 -0.0312908696028521
0.0367586998241149 -0.00146668590374264 0.0612453399992424 0.0165589998717069
0.0229404952668691 0.0277662751283888 0.0277746194613687 0.0462224411331373
-0.0139563888090883 0.0374639697170082 -0.00499300852543102 0.0155817514675276
-0.0345179722536939 0.0206202316494401 0.0480886023148685 -0.0435576881678037
0.0168505258318889 0.0131263985998706 -0.0488758229487974 0.0555022279256918
0.0104776286810715 -0.0101699512643802 0.015410276130803 0.00447324990257402
-0.00561303598948439 -0.0139702752905688 -0.0210589021504156 -0.0518210292011944
-0.01196193744956 0.00107785734407603 -0.0667726345839696 -0.0295483190056114
-0.0032658014214994 0.00775864192761359 -0.0731762153244854 0.0253195933709322
0.00249713596038389 0.0029818766786305 -0.0394530579299094 0.0590561858745334
0.00112405282112694 0.00233518534624798 -0.00870099743072466 0.0607594166173283
-0.000201808794728622 0.00127100000879365 0.00474604958291265 0.0498018913711769
-0.00121080202892101 -0.00219346817125174 0.0102409908204904 0.0460347239464078
-3.3595056427662E-05 -0.00491197484271351 0.012318338431584 0.0465522430172627
0.00106517389253492 -0.00486904188627036 0.00531979097161822 0.0519240025751723
0.00595927325711725 -0.0075478069533597 -0.015940381128554 0.0645794538695327
0.0131202564672051 -0.00261151414768675 -0.0511131774190842 0.0666682981765343
0.0153282944270062 0.0145288612672735 -0.0756313589958418 0.0512096696744849
0.00775681315683948 0.0266971302371044 -0.0690490144256019 0.0631349639794667
0.000202660294865503 0.0410314323372703 -0.0538724864571584 0.0415133154859906
0.009827873366129 0.019429857380505 0.0146757241887497 -0.00191100100624869
0.0147558962819665 0.00586635323672979 -0.0223645619445041 -0.0586005107033507
0.0148310625535742 0.00108702809863569 -0.0711888270705586 -0.0362161152430213
0.0130194000875571 -0.0044556868413653 -0.0767564897802258 0.0222896859037156
0.00974407424692474 -0.0138882919847586 -0.0415301832770895 0.0570885470101817
-0.000413086322184187 -0.0176807032316773 -0.00847698555134969 0.0565061204439658
-0.00449390756638138 -0.0174774005395427 0.00511730400912526 0.0449100154314941
-0.00266624314717934 -0.0226867286584581 0.0131520193817876 0.0398066861954497
0.011297444005208 -0.0236793392107243 0.0169169022601783 0.0405411785395952
0.0219107593674279 -0.0146973303947444 0.0139303139476656 0.0466441623318847
0.0360906662029179 0.000102147338342488 -0.00540758132303252 0.0634290190735953
0.0288048326608851 0.0243895059941359 -0.0409582124779623 0.0692216901210172
0.00624214293715875 0.0461133945852153 -0.0608741939741818 0.0525409478109212
-0.0148388299556858 0.0566013918864823 -0.0541045129201491 0.0553113634920696
-0.0194008040329146 0.0630391645206544 -0.0485816873461279 0.0204665569517542
0.00418752830415196 0.0501838765013457 0.0200880441284113 -0.0123197256806046
0.0330193542967147 0.0301278195555658 -0.0178473176940282 -0.069444939074272
0.0433892847823261 0.0047630178161856 -0.071709329723379 -0.04712268241833
0.0306173779568691 -0.0156395664124111 -0.0768186803906445 0.0137153533985442
0.0183692180255378 -0.0290243251911149 -0.0425440854337975 0.0479786734177946
-0.000628716617438104 -0.0351326289103844 -0.00819219873834186 0.0462476121252679
-0.00802185924632117 -0.0334884416506128 0.00472719827502492 0.0332289361613416
-0.00500470019597133 -0.0386898530344211 0.0142519911411706 0.026837523555504
0.0166926784420001 -0.0390521523920024 0.0228938031351393 0.0273565636062605
0.0347654143002881 -0.0265728591882991 0.0270207805912178 0.03559714708336
0.058820305966808 -0.00161429491727075 0.011683693777649 0.0596472778663656
0.0464318148453419 0.0391766136912155 -0.0254631399768687 0.0709968085095591
0.00545910948744283 0.0689999419706275 -0.0448148110829067 0.0502739483964465
-0.0300041784491049 0.0791843691174585 -0.0339634816250043 0.0402288771112255
-0.0381779801753181 0.0745622640583673 -0.031639722265982 -0.00453973810347129
-0.00780052777339721 0.0750851314139707 0.031624019650273 -0.0266959634308189
0.0429201984229734 0.0557699557526436 -0.00638408572426151 -0.0798363731753908
0.0679471247755647 0.0125986195407936 -0.0634472241258247 -0.0590140254558259
0.0477049400956995 -0.0235145000299961 -0.0703171613384357 0.000572052473240611
0.0266092535393882 -0.0400802775819108 -0.0398422848605455 0.0326991282383499
0.000852959887742343 -0.0482367934798599 -0.00746607149575359 0.0297754487002463
-0.0105043498170944 -0.0450250547497781 0.00422322789577896 0.0173475677731934
-0.00818675454875966 -0.048583615190321 0.0144322915587733 0.00977750512224988
0.017011724410496 -0.0488205763557427 0.0269568349083786 0.00976874933447441
0.0401170377049219 -0.0355810887071815 0.0391711596769154 0.0192387484174402
0.0709416261945498 -0.00731791997123808 0.0287555274526023 0.0497233645607919
0.0584467521558525 0.0438215055253255 -0.00874046469170327 0.0689164828199636
0.00754604946953952 0.0788265073725725 -0.0314175954347353 0.0443403348829278
-0.0379551798514732 0.0901078363022713 -0.012750859417474 0.0197024523810615
-0.0506067382759666 0.0733573740295177 -0.00566938951455618 -0.0305487040696784
-0.0225533699985532 0.0870734575406767 0.0472352545651531 -0.0408980643469282
0.0417557488313113 0.0741791339579254 0.0107402977581687 -0.0846113468464472
0.0796870063391507 0.0240414116386797 -0.046186183591944 -0.0685867135342974
0.058023074677289 -0.0245291877653822 -0.0565092930773248 -0.0154805404481465
0.0321777547707912 -0.0442244014422982 -0.0330061536510579 0.0130354107065685
0.00245908931515306 -0.0540447972863316 -0.00609216176430573 0.0100900911278583
-0.0114519543617953 -0.0497891463446459 0.00254758449735934 -0.00121965332243148
-0.0106437127841035 -0.0514435344428319 0.0130716498074659 -0.00896460869168676
0.0150832156979411 -0.0512539315853565 0.0287919900599585 -0.00922549242203639
0.0389378826040344 -0.0387224602979702 0.0466472029507771 0.00190035027717239
0.0721611668079107 -0.0100808934955783 0.0414543373357349 0.0373826625952553
0.0601311276476626 0.0429709757964864 0.0057492567062341 0.0623904914410349
0.00591246125571445 0.0785418406801964 -0.0214185543723014 0.0359343814610417
-0.042116693798186 0.087432302957672 0.00588189825467575 -0.00173596520863447
-0.0527793961373359 0.0588763677285364 0.0245047384880192 -0.052131810147763
-0.0327359905178233 0.079840176177608 0.0640452319867564 -0.0526210092119411
0.0300097823151138 0.0777169253209253 0.0295465890895731 -0.0828846013890137
0.075257350410567 0.031426242196437 -0.0242037408305112 -0.0710878076378027
0.0579833189930796 -0.0202911755757354 -0.0368825795865942 -0.0280220457041238
0.0314802729943427 -0.0401027647979014 -0.0227999299906792 -0.00845588615401898
0.00308968943289616 -0.0502406487998836 -0.00434682646159038 -0.0103199357331571
-0.0108506480833611 -0.046520316042413 0.00185963408098926 -0.0191943686646014
-0.0109272843341467 -0.0475325598834868 0.0106761752955234 -0.0260912643825743
0.0112923785743008 -0.046712847998438 0.028789413481775 -0.0263431189596823
0.0345255497916297 -0.0354775656048869 0.0515926651510335 -0.0131063749192746
0.0655329132248203 -0.0085384001532102 0.0491259420620048 0.0257513017138149
0.0525391307453391 0.0406465977387119 0.015025965721929 0.0540796271256725
0.000174037601898967 0.0697173271607321 -0.0143518897293309 0.0268317855857467
-0.0431943744939648 0.0722016268034563 0.0225475052237643 -0.0207444949152167
-0.0432415452735626 0.0348149004137565 0.0524487210748496 -0.0658591340933931
-0.0344296249178652 0.0565974021348834 0.077188668017703 -0.0589355497008198
0.0152167768059407 0.0623476624584568 0.0448780678778964 -0.0759323146199519
0.05579098428979 0.0291855777838321 -0.00285557140735852 -0.0687237457846982
0.0449268345551118 -0.0131712134635821 -0.0185860485234586 -0.0382059457171173
0.0242978492737529 -0.029733931076664 -0.0133275137141769 -0.0262256987527947
0.00217558284311709 -0.0382787635203569 -0.00285387164342016 -0.0275853810929651
-0.0091031559320686 -0.0364819069301745 0.000687684151539128 -0.0340847739540575
-0.00905650585286693 -0.0372298055183296 0.00950544762050838 -0.0408868211644355
0.00762699720248991 -0.0369658926466298 0.0297846207109921 -0.0395078693978529
0.0274273289754432 -0.0285041371811981 0.0555496314261281 -0.0233679325441832
0.0529868879773304 -0.00418757675396405 0.0541609152360453 0.0187248628196209
0.0387724765548922 0.0358895181609128 0.0214160129711618 0.0475354755074701
-0.00799768348439112 0.0552018812717021 -0.00904581343727688 0.0190584328444255
-0.0408603740766956 0.048549959740134 0.0363550094433539 -0.0338469187892178
-0.0248965122021035 0.00452709103742469 0.0704774918859314 -0.0701603253195212
-0.0258535986546619 0.0230136043634596 0.0825294731784436 -0.061695932948521
0.00205523123203571 0.0326435057744246 0.0533496030171004 -0.0685243722997484
0.0278114643464427 0.01769111474975 0.0108992432447918 -0.0649316743142466
0.0220882873937906 -0.00626451663290563 -0.00740192964332757 -0.0445812764850956
0.0115599092114034 -0.0142405261554126 -0.00856538017956142 -0.0381164386162326
0.000549359575260304 -0.0197566338800138 -0.00395114091199267 -0.0384796721487996
-0.00609536058454159 -0.0206838847358445 -0.000527225494838241 -0.0433876819214698
-0.00607724902691501 -0.0221021666920718 0.00821984843708036 -0.0508875805986532
0.00305487198259052 -0.023958040981558 0.0318457394178817 -0.0476716219560359
0.017875797796962 -0.0189876401324103 0.0604721550856151 -0.0287720277590224
0.0350437376384253 -0.00111781524994306 0.0588024806895257 0.0171632779159111
0.0213952735133413 0.0269792010494259 0.0260280761584586 0.0451075422096636
-0.0143144997149515 0.0352394198201058 -0.00543522391873965 0.015129244839291
-0.032659209511601 0.0189680812158365 0.0463177047016966 -0.0409909769847582
0.0162633223255136 0.0130214409819838 -0.0506825032717403 0.053380280197252
0.011287062074406 -0.00972836431252449 0.0156443478006409 0.00487362083721092
-0.004960838640619 -0.013869951675214 -0.0188413433836109 -0.0518563634994125
-0.0113354735794604 0.000480577544728758 -0.0652163701416438 -0.0311602694161267
-0.00353758455063357 0.00691546029352147 -0.0736644986353116 0.0224628146966335
0.00228320145391324 0.0023950946320655 -0.0409923034334182 0.0570296657246108
0.00087109325071647 0.00177025075026714 -0.0105867779664518 0.0596375417773315
-0.000288556814182565 0.00122081329179272 0.00295416148162702 0.050039775901496
-0.00130606899828951 -0.00278809749169668 0.00887740886362541 0.0460212381294947
0.000439206861250575 -0.0049244708316286 0.00999404014017207 0.0466655057435666
0.00149424148268276 -0.00493450392627883 0.00345696018223664 0.0516228596418692
0.00664854449107147 -0.00701874765604184 -0.018634522021163 0.0632127068854215
0.0127949375796873 -0.00159209061416957 -0.0532091697974005 0.0638055925415353
0.0143122147778696 0.0151976936266952 -0.0776615451071509 0.0481038530435973
0.00658976923737953 0.0264206252136896 -0.0717749721010631 0.0608198251947006
-0.0012696870499336 0.0401030918620314 -0.0551869661792433 0.040398128690013
0.00926325969024433 0.0199270826683314 0.014976902058627 -0.00108445243302972
0.0147095670466075 0.0064954600996936 -0.0198440303407317 -0.0586543053124713
0.0152845698198018 0.00113627113795849 -0.0694056680501139 -0.037894468782712
0.012929498373863 -0.00417469102601981 -0.0768469832989618 0.0196383672268107
0.0102964013115678 -0.0138150157122125 -0.0429672599197637 0.0547579185078252
0.000189067949933829 -0.017658973658743 -0.01044541762894 0.0556064602751546
-0.00406237271684087 -0.0175008512664158 0.00293598399838077 0.0446698014633937
-0.00188458147774483 -0.0226570117814454 0.0114390490822948 0.0400186637848764
0.0116797742478826 -0.0235997731396138 0.0150052784843145 0.040745599849932
0.0222552073553299 -0.0140704404992397 0.0117328059524171 0.0468059307608778
0.0358744673938279 0.00120975538396046 -0.0073138341439866 0.0625761660397922
0.0278692838498237 0.0256765208258593 -0.0428669236676211 0.0671963979961571
0.00426324116289151 0.0463364460553126 -0.0628738253714177 0.0495406818336398
-0.0167546165787123 0.0552517201876936 -0.0567335364235758 0.0533638049450871
-0.0216316313230806 0.0613533847648638 -0.0489553039042571 0.0194190793888371
0.00174174713385734 0.0502571763675196 0.0205090562296478 -0.0112971562971863
0.0315808878027903 0.031103298523713 -0.0148649977177286 -0.0689135647969384
0.0434225152300436 0.00579748429265257 -0.0691238236950538 -0.0488367148740002
0.0314775403449424 -0.0151208826458093 -0.0769375407208096 0.0108262450972155
0.0192910807418258 -0.0284424524137252 -0.0435362994203461 0.045941579532348
0.000649360504402989 -0.0354551652082027 -0.00996450458856159 0.0449173845217538
-0.00698190499276502 -0.0335618928296154 0.0035652938814984 0.033010067263993
-0.0038575939252181 -0.0386498206035263 0.0131179681087307 0.0272271344050421
0.0178242026628793 -0.0384998923690977 0.0218966553936587 0.0279568007804429
0.0359036452899485 -0.0252823052318866 0.0257044930927889 0.036018098580111
0.0585683639013899 0.000339082106347882 0.00945645142409515 0.0590205999720245
0.0450542004176498 0.0407966192756286 -0.0275563226083881 0.0699369491719171
0.00279402971280988 0.0684620900003669 -0.046887914104353 0.0484757982692382
-0.0324582530803549 0.077051047867502 -0.0360817126748723 0.039016390493589
-0.0407943012305718 0.0721179073979988 -0.0313176602909743 -0.0050707940083813
-0.0105381012926196 0.0750417739063248 0.0326580439373698 -0.0249032861426709
0.0408199516909328 0.0565715640013507 -0.00313404189066406 -0.078941000926547
0.0673337819325981 0.0146622604446166 -0.0606619265740417 -0.0606610965350419
0.0485582871902794 -0.0220370790064001 -0.0701440867129784 -0.00208146673596077
0.0280529607798245 -0.0393362968149417 -0.0404419165309635 0.0303785658841557
0.00227864519531895 -0.0480653383979371 -0.00911306626395368 0.0285982045265449
-0.00877671059973973 -0.0448389900215591 0.00325451264665712 0.0170627993794511
-0.00690730642535986 -0.0483770663450987 0.0136036666125915 0.0100500769509747
0.0185317970135428 -0.0483575729787693 0.0264161495598899 0.010106388014495
0.0409205962466367 -0.0343290159712232 0.0380195687709797 0.0203508113759962
0.0710835799949384 -0.00514565315536537 0.0273260717492002 0.0502130820582929
0.0568748232532189 0.0453782785595297 -0.0106164002146763 0.0682831029214029
0.00422453996351596 0.0791542758072626 -0.0327958151005346 0.0429594322216212
-0.0411702343986019 0.087389938864308 -0.0142548924583369 0.0194442569938618
-0.0528422320067948 0.0712203153602377 -0.00385142774101295 -0.0303914630129257
-0.0252201858190944 0.0854171475193569 0.0485324472783936 -0.0382981775672831
0.0390410680869258 0.0749737941827384 0.0141104299344951 -0.0834213796294428
0.0790366852104732 0.0260060756972593 -0.043066451377625 -0.0693400468670356
0.059311787694346 -0.0226446885841145 -0.0549833139011221 -0.0167340549274406
0.0334856439068071 -0.0427909076515356 -0.0326803441339058 0.0108888910002045
0.00408209801923381 -0.0533034789104607 -0.00678794546730846 0.00878115631465261
-0.00966324497261776 -0.0492586171461456 0.0025485928754377 -0.00126212769554473
-0.00912770225337653 -0.0509632220888394 0.0129039971797992 -0.00855524427340418
0.0162313335516065 -0.0503008782992585 0.028727724209903 -0.00843145982055486
0.0398710569477508 -0.0372719591713627 0.0463016995203546 0.0033973147698783
0.0722531097046748 -0.00774031043726227 0.0402039005577801 0.0378734816082496
0.058506516204176 0.0450579796002429 0.00334481610653254 0.062651172428016
0.0028466954888014 0.0787802204927605 -0.0223265081616209 0.0349841293364656
-0.0445506066861176 0.0844940076854836 0.00527677903293758 -0.0012382697122577
-0.0539757435011549 0.0564611200977738 0.0272672655463205 -0.0503485300203291
-0.035615163920328 0.0784774097296458 0.0664468360464453 -0.0487486811089977
0.0272166423415121 0.0774184326862489 0.0329491196500024 -0.0805522977890955
0.0740883879544637 0.0332855444648364 -0.020863703973877 -0.0714090540042863
0.0585313177028177 -0.0179896275610351 -0.0353370339961644 -0.0290755138318729
0.0329499994602632 -0.0388825752991266 -0.0221405388137821 -0.00945740257843326
0.00467662851208122 -0.0493274126774007 -0.00443722697002957 -0.0113079283231098
-0.00940420770564388 -0.0462898847132503 0.0022951863260192 -0.0198139120042025
-0.00917682805617588 -0.0468409382783386 0.0114780601319076 -0.026133682714578
0.0129037058365595 -0.0462439792420053 0.029243767608729 -0.0252772285490372
0.0354989897126339 -0.0343904858019782 0.0515959316479821 -0.0115502115891897
0.0652113888983528 -0.00606285836509728 0.0487420832932115 0.0271243940581296
0.0507356131301599 0.041900027403619 0.0134273212640311 0.0547481122334147
-0.002748733446268 0.0692774818157009 -0.0153335326879141 0.0261843899207465
-0.0448158752231678 0.0698635341594022 0.0227317328524291 -0.0197150238516658
-0.0440147382343724 0.0331656591878399 0.0555519285677865 -0.0632258791390268
-0.0363812572935128 0.054963351282949 0.0792728021594414 -0.0550269394393153
0.0129007619447232 0.061835938325622 0.0477134163138476 -0.0729838530003109
0.0548388272515615 0.0303714830957396 -0.000273010733249538 -0.0673776506516096
0.0451529233989507 -0.0119099580881985 -0.0164663432996078 -0.038517287487404
0.0253542391265505 -0.0285272081351297 -0.012065135212508 -0.0271340887595392
0.00349742440127126 -0.0378739542778428 -0.00247043459942225 -0.0281751505563812
-0.00785155036984172 -0.0360742353031406 0.00161165548776282 -0.0343963692572066
-0.00787301454141045 -0.0369103117054091 0.0108870484041922 -0.0404043937509192
0.0087859892121361 -0.0365110617247634 0.0308741994197265 -0.0378393322920158
0.028619604810554 -0.0271585216411193 0.0560326826600923 -0.0218343952302943
0.0524393826954681 -0.00238687121467845 0.0538879106675968 0.0200313149338108
0.0366658037448431 0.0368483911243343 0.0201631574646724 0.0482022848682326
-0.00971449514741242 0.0545152684936441 -0.0097611385275682 0.0186699140411408
-0.0415113016702468 0.0463514973983562 0.036945890718165 -0.0327670646250811
-0.0247526167590878 0.00358653301228835 0.0734043216630395 -0.0674023778353927
-0.0260714704962955 0.021810052740753 0.0849389399672856 -0.0574833153446744
0.00110469710319172 0.0318185042717131 0.0554066296497549 -0.0656792029493191
0.026887411393426 0.0179304070293276 0.0133731545889127 -0.0634257574066895
0.0218041016694037 -0.00539410858306112 -0.00566019635281753 -0.0447663103329563
0.0120071247440537 -0.0132477191401057 -0.00708937207574415 -0.0388015585592844
0.00110533417042847 -0.0193040334481355 -0.0026469231595968 -0.0389628723192428
-0.00556666429806531 -0.0202896386122028 0.00115630258472499 -0.043895513880674
-0.00528204608849718 -0.0219334001142114 0.0100804190729469 -0.0502978683057484
0.00351721586732749 -0.0231151611482935 0.0337062461240933 -0.0462169136890024
0.0184172484569167 -0.0181193092399643 0.0605867925442818 -0.0267559713860742
0.0343715526475557 0.00028693161246635 0.0580546093563409 0.0187240805391471
0.0195515902057988 0.0272553629830586 0.0245986887616498 0.0455999288424057
-0.014819113804014 0.0342070496894444 -0.00602622956375749 0.0148115427383616
-0.0326110756075873 0.0172690525064791 0.0472771479516964 -0.0390416842758043
0.0160814793578095 0.0131993139514684 -0.0534860524528284 0.0541517455951319
0.0117434571016252 -0.0100576743640592 0.0161669242567777 0.00554592280077232
-0.00463460526145532 -0.0142746126870811 -0.0178133648358906 -0.0533065886273001
-0.0113218597470642 0.000326879123391261 -0.0667032670630822 -0.0333953303808049
-0.00347177362266809 0.00692020322491497 -0.0761615147160758 0.0213248063064622
0.0020306170724685 0.00210543277628293 -0.0436321507349173 0.0572417214408373
0.000745758584437138 0.00177526254628754 -0.0118527252029676 0.0608469580495785
-0.000390558652492831 0.00108688637073643 0.00194348274836882 0.0517324694340068
-0.00119131792439558 -0.00286861132386106 0.00800288103826967 0.0474783933817585
0.00059794329325394 -0.0052838968046744 0.00958990503714149 0.0483590662182792
0.00179536886229371 -0.00502433983121762 0.00150300254281274 0.0528937292702132
0.00707583345944401 -0.00681703796290522 -0.0205250168549257 0.0642262303161933
0.0135897347041307 -0.000418506484902157 -0.0561686332345046 0.063617197719995
0.0142466361431423 0.0164904280328056 -0.0810935837745519 0.047544041989328
0.00571661808410915 0.0270443895541436 -0.0759803492930378 0.0612008779658544
-0.00244577769084215 0.0409143977785815 -0.0581657647613474 0.0405077418156231
0.00903796436650887 0.0209002415136071 0.0155246639976385 0.000219535709852937
0.01483821262 0.00714807185197091 -0.0185980028335608 -0.0608246707413342
0.0162452226382481 0.00167379461782471 -0.0706713023665185 -0.0406103094987469
0.0141017475388038 -0.00486467175606684 -0.0795017306146004 0.0181910068028383
0.0104328054969736 -0.0145065433480538 -0.0453304409688638 0.0550085737380816
-7.54876339500283E-05 -0.0181410988254635 -0.011951406135431 0.0566636520467324
-0.00375423001840573 -0.0180835811658568 0.00199714578376481 0.0461519097195845
-0.00129242003550355 -0.0233845756895138 0.0108964034786987 0.0415154148194591
0.0126853010871666 -0.0242108988209429 0.0144776012759504 0.0421347653841371
0.0234943261766971 -0.0141737539311338 0.0111611304805822 0.04815658968472
0.0373019968269578 0.0021127850702975 -0.00925777928354946 0.063572549846994
0.0285938326499973 0.0276612384450936 -0.0458798919976492 0.0673112157758973
0.00310632838396222 0.0484424348830515 -0.0664989721323169 0.0492806617952641
-0.018896057109257 0.0559994294780513 -0.0603941179262097 0.0537677842614286
-0.0241853273993675 0.0627115892032181 -0.0509388137099752 0.019178911485758
0.000777755409167448 0.0519972686461577 0.0221690464835241 -0.0106242963505428
0.0317790435917272 0.0327928052010214 -0.01342057557703 -0.0705430399859811
0.0450469756690692 0.0060618752659621 -0.0700260500698215 -0.0517604827960879
0.0333834671321704 -0.0149489051451465 -0.0788037667911216 0.00879737466871397
0.0204991617732348 -0.0294341306388663 -0.0456134124730464 0.0457815531013571
0.00106387695622504 -0.0365597949309732 -0.011505501169017 0.0455651692792218
-0.00656534293533801 -0.0346450453728665 0.0022863974201115 0.0342462152977121
-0.00321989992313163 -0.0396488764214402 0.0128813829773097 0.0279816976973347
0.0190948219683994 -0.0395445908024683 0.0214717081515101 0.0286956983898217
0.0377529138419543 -0.025482910830879 0.0250956413228454 0.0373194240361057
0.0605392550838152 0.00146565925888235 0.00926825726605454 0.0605517919775871
0.0458521648657176 0.0435773121117069 -0.0300256984688303 0.0711240882373771
0.000618796911877067 0.0713086171850781 -0.0495387851445989 0.0485550656699027
-0.0355673944800657 0.0781368321490554 -0.0389260424298554 0.0393962643810185
-0.0435499814839083 0.0731294455214302 -0.0315123833714372 -0.00535505886342991
-0.0128347782391347 0.07741499744834 0.0348063873211764 -0.0236419784483925
0.0409427595177458 0.0591293258022825 -0.000844305959867534 -0.0801842657848851
0.06940395761695 0.01615934817469 -0.060925158198328 -0.0642775986129469
0.0508726838460932 -0.02186144119943 -0.0718848454422582 -0.00414069261004744
0.0298476340871354 -0.0403811914493252 -0.0420667207151479 0.0299373052152287
0.00330818470877875 -0.0494843241361032 -0.0102368463094568 0.0287397903373976
-0.00856027949553058 -0.0461139975228089 0.00244531679587834 0.0172691751503532
-0.00580457397590478 -0.0496857454772903 0.0137480202305151 0.010339559385125
0.0199161364412781 -0.0495678265863441 0.0267025673635457 0.0109923380369303
0.0431061843676076 -0.0345105431511499 0.0383748049747598 0.0210910215113783
0.0736580032368658 -0.00380837400995691 0.0275300199853995 0.0514275879305617
0.0578241582776809 0.0485247017787099 -0.0119674236193403 0.0706410527198159
0.00198226682245673 0.0818520795968395 -0.0348284317392384 0.0437129592971237
-0.0442144479242696 0.0885167738890981 -0.0158735848482119 0.0199919537587716
-0.0563880663367472 0.0715224294762567 -0.00255910044928664 -0.0306854855085865
-0.0286422853784806 0.0879485566137299 0.0522274484358864 -0.0372424663894404
0.0382037035706072 0.0783615275619242 0.0169852023847908 -0.0847962514716714
0.0811945436580199 0.0279163538847845 -0.0425869934857853 -0.0721818988130294
0.0617850501652606 -0.0221179221823167 -0.0563862045108617 -0.0193131670891994
0.0355270592680158 -0.0439425457494354 -0.0339716872856961 0.00931918814717249
0.00505166626886594 -0.0549525502622998 -0.00795170356986399 0.00831768793728926
-0.00947845487186382 -0.0505366873241437 0.00248953261574976 -0.00177248851019026
-0.00851675163055166 -0.0526623521838855 0.0133850932565425 -0.00872444241940667
0.017758795891171 -0.0517510376758042 0.0293341364024732 -0.00810199535550805
0.0419085956110115 -0.0373154571044784 0.0475496850430432 0.00383790495351015
0.0746238708644063 -0.00644914193162045 0.0415362547224165 0.0396077876982276
0.0593726336232103 0.047087612866562 0.0028499714388247 0.0645083535025757
0.000767733048780306 0.0809380108695651 -0.0237669519839457 0.0356480767489845
-0.0479933423344097 0.0854503657025062 0.00548685485340758 -0.00109013106331681
-0.0569151657273185 0.0568820918785378 0.0301326831859155 -0.0512052106257335
-0.0384410426417468 0.0801065807077497 0.0698572368305844 -0.0478620087140376
0.0260414695697934 0.0801044697478392 0.0360109722639565 -0.0816545061370532
0.07576794022674 0.0352381177710998 -0.0196288631392971 -0.0734709917710806
0.061108194300104 -0.0174487898980896 -0.0352698711987226 -0.0311789225201056
0.0346451962709848 -0.0398301855548168 -0.0221579686717863 -0.0110140939366267
0.00582921156716232 -0.0507540834160931 -0.00455862545797563 -0.0121884152191136
-0.0088008935229801 -0.0473550823095264 0.00221337000293962 -0.0208359237099194
-0.00845868638818519 -0.0480026894490919 0.0125607099354219 -0.0269653129391074
0.0140134513406819 -0.0471574250185597 0.0308888608638251 -0.0251226436819865
0.0372622738991416 -0.0345269532457731 0.0530917797160272 -0.0110130983201717
0.067502868152763 -0.00481761713446724 0.0499647187505659 0.0285875097236883
0.0510429566579525 0.0441362145481854 0.0130264043794229 0.0568667862356578
-0.00450634211877309 0.071261942779804 -0.0159895881186289 0.0266339440564502
-0.0477837752899057 0.07024660876924 0.0236097158075188 -0.0195043884932775
-0.0457617964113514 0.0328360210837501 0.0597588256393116 -0.0642977801165549
-0.0384411199637288 0.0556127242174 0.0844251456202436 -0.0532209280485665
0.0121258944100304 0.0636464208199383 0.0513379015672366 -0.0731631806016604
0.0558995262258636 0.0321652356148719 0.00147671137488093 -0.0692859271236242
0.0466051757188826 -0.0113552920114238 -0.0155827984461988 -0.0404482161665854
0.026502911819757 -0.0287414894093606 -0.0118146500397322 -0.0284088367867246
0.00431399833005152 -0.0385230149466803 -0.00211146383722435 -0.0298338830392909
-0.00743015996071704 -0.0371962058983581 0.00228735741845754 -0.0360016758220314
-0.00735845539918105 -0.0377888181430643 0.0117108112643152 -0.0418582139389283
0.0093814165945687 -0.0375076046181475 0.0327046634853053 -0.0381941379071306
0.0297396056009429 -0.0271249937633604 0.0581305064060026 -0.0210736159959965
0.054033773849887 -0.0013929295068763 0.0549894257712753 0.0219552061370531
0.0368951921658422 0.0380769607169569 0.0198444244366636 0.0506029330100852
-0.0117660680366133 0.055991855256509 -0.00986068430282948 0.0191885015174678
-0.0434118862273 0.0461334680224859 0.0387697357903003 -0.0327868785260701
-0.0251001836006248 0.00293700602084518 0.0784633610627657 -0.0677663145667641
-0.0270233307254492 0.0212063747855834 0.0898481265805894 -0.0565526822701696
0.000391596422192844 0.0323922502874087 0.0593017424276421 -0.0656581923591718
0.0271034254650946 0.0187004086988681 0.0152742607102878 -0.0651668988882263
0.0225170433124817 -0.00484637805410269 -0.0044329123357508 -0.0460045048687871
0.01255305419581 -0.0134229698420723 -0.00615117134829089 -0.0402323560786788
0.00169610327119914 -0.0193082214883434 -0.00198987493757129 -0.0403843697776686
-0.00527847816157262 -0.0207817590930805 0.00127594356372494 -0.0455393798667691
-0.00489586880453808 -0.0223913275822781 0.0116514477793585 -0.0509309630740364
0.00415855996109094 -0.0236735650100074 0.0359375092277446 -0.0468146849268239
0.0193009600809481 -0.0183731334508313 0.0628390035310262 -0.0254490175685821
0.0351564218466432 0.000946077440453076 0.0594207981778015 0.0204718153381007
0.0191002890641717 0.0278402454895461 0.0244487424834332 0.0475907380549279
-0.0159278554861368 0.034518126218397 -0.00635989817843452 0.0152171255395299
-0.0332862876182021 0.0167505946769675 0.0492354971138299 -0.039341849740502
0.0166823080712055 0.0130347561406171 -0.0553319421087171 0.0578701886352632
0.0116636892456601 -0.0100791229480753 0.0181252240192139 0.00548893333181737
-0.00532691411038427 -0.0145458040337141 -0.0190329819842445 -0.055767641711817
-0.0117071928399441 0.000150756802900079 -0.069905714215057 -0.0334614995428161
-0.00363749765051792 0.00691043982489783 -0.0796715417708745 0.0238509318071921
0.00196294329009685 0.00205989585901054 -0.0451873464401234 0.0607285875041289
0.000912183914008605 0.00149414323081159 -0.0110847447412629 0.0640294905227464
-0.000370017191822828 0.00106001199144933 0.00300121787694118 0.0543772438178091
-0.00165563676262314 -0.00352968852098647 0.00897070138195561 0.0503333068122704
0.000645554557185578 -0.00585538535031979 0.0104495550211429 0.0504729813128605
0.00180798638938367 -0.0052706924773382 0.00238474349973388 0.0556898612860879
0.00771561623271829 -0.00732439122907891 -0.0207369013059415 0.0673290845235516
0.0147040677372416 -0.000320171266316205 -0.0578224326310252 0.0666746449584569
0.0152945142485592 0.017484413067883 -0.0853512750591593 0.0501382432162713
0.00593129858842825 0.0278036637897887 -0.0804015610733029 0.0657222431932517
-0.00260446928425684 0.042335462932764 -0.0602640442502546 0.0439294071756511
0.00962556190304344 0.0225515816918925 0.0169777041678541 2.07589499489957E-05
0.015752716662406 0.00772361181846363 -0.0195640894104429 -0.0631681462597107
0.0175420405744158 0.00122116083169797 -0.0744612438344334 -0.0411615225034972
0.0147220046705346 -0.00584684282453675 -0.0830543933428232 0.0196819107076599
0.0109959245686187 -0.0153695846276199 -0.0468552746375341 0.0578469347995128
-0.000330870301774773 -0.0196259844876582 -0.0117365522895021 0.0593511921430003
-0.00430681245512429 -0.0189657368521695 0.00276973654495994 0.0485988467853314
-0.00177334812045161 -0.0248080827176076 0.0115824653596513 0.042901892398519
0.0134855152441719 -0.0259174854033829 0.0156550302647144 0.0440937191563398
0.0244538268199174 -0.0152081062715078 0.0115678906228321 0.0499933351463326
0.0393223117856659 0.00156169153517178 -0.00868309394009484 0.0662973596269533
0.0304307376514964 0.0289026820365406 -0.0468860729066171 0.0713238305643567
0.00360926493811572 0.0510198972022577 -0.0694236042902958 0.0527705042171383
-0.0193179570488792 0.0585248968630733 -0.0641870082308232 0.0580442016972292
-0.0245029616372765 0.0656856487555419 -0.0527857474447704 0.0221125191662983
0.00131609326054338 0.0553476836997274 0.0237621968291025 -0.0108678308239776
0.0341445233475792 0.0342406557601428 -0.0143594763137182 -0.0737957789193088
0.0480903583477856 0.00563799829856304 -0.0737844090443013 -0.0531952908946983
0.0350484704794099 -0.0172243592590225 -0.0832452318556668 0.0101351180800601
0.0209886690803665 -0.0315656498685314 -0.0472271078303876 0.0485024489153791
0.000317555956764112 -0.0381697805776767 -0.0119365536757892 0.0474271653467051
-0.00765455706700767 -0.0362524838518297 0.00269787331266436 0.0357955891065102
-0.00389659254532023 -0.0418607547377618 0.0137710371281398 0.0293345851286121
0.0197826669097707 -0.0423405237167215 0.0224896068481666 0.029925685728912
0.0393704985334613 -0.0276283875123063 0.026148583651169 0.0386999612836174
0.0642263670328811 0.000154998142861416 0.0105547299400369 0.0627789790006068
0.048996119376866 0.0452014318350012 -0.0299991479567932 0.0750662963366211
0.00143314608087115 0.0754737132014102 -0.0517495996102189 0.0515315143260744
-0.0366692425916092 0.0822306961043786 -0.040975966297763 0.0430512640775864
-0.0451050247650232 0.0771925987547496 -0.0327426592093683 -0.00459263524911476
-0.0128967173507572 0.0818012062919222 0.0367227462628653 -0.0248447644591459
0.0436899290946546 0.061584744181793 -0.00147066769764242 -0.0836570016684292
0.074103894182196 0.0153710902824622 -0.0645912342295333 -0.0660849162820704
0.0535530352721243 -0.0245301093640581 -0.0757058641328431 -0.00396491350506849
0.0307235853563336 -0.0433588062940841 -0.0436879962775332 0.031429504354364
0.00279342991438345 -0.0521693324149909 -0.0108484506414972 0.029613093764975
-0.00999591306708581 -0.0482783177680969 0.0023045525744381 0.0177091189801766
-0.00751171240571739 -0.0519231557566186 0.0141032927367438 0.0100049985134109
0.0201941391197349 -0.0525563900634841 0.0279083227216209 0.0110827076618737
0.0446078437789435 -0.0372394728492028 0.0403887200852917 0.0216188612992868
0.077206329059635 -0.00535840626650398 0.0301449964197277 0.053531559068863
0.0621571431924197 0.0497613864888067 -0.011464704609539 0.0742618023797897
0.00295258245887399 0.0866341268393639 -0.0361698978149227 0.0465519833944234
-0.0456769887731051 0.0930137927443979 -0.0168263901442795 0.0213228929139012
-0.0581319251221106 0.0753603469956105 -0.00284609064128319 -0.0315618704801094
-0.0284102643056207 0.0932721271827685 0.0544068184804176 -0.038984956679101
0.0410138929797447 0.0811403077593188 0.0169804593009753 -0.088832121534559
0.086183757172328 0.0278292097350046 -0.0457234065945815 -0.0747876688878303
0.065301289663865 -0.0244747088446053 -0.0587400609065948 -0.0193697741984983
0.0368109265475749 -0.0468730963098522 -0.0353143280293085 0.0103627985170188
0.00469503635100482 -0.0577842533539647 -0.00846894194669669 0.00820407468472284
-0.0106681891553595 -0.0526947558164628 0.00205724858669246 -0.00245822403573235
-0.00931875570828788 -0.0547290817838397 0.013668594208132 -0.00983417392887764
0.0176845915636373 -0.0545468929901132 0.0305458154766592 -0.00886644668386313
0.0436971027475878 -0.0402555053506594 0.0496372438127201 0.00300291819322148
0.0783344013548165 -0.00817787323517671 0.0445938574262561 0.0402672929155545
0.0633330671165661 0.048639648735699 0.00439197104687931 0.0682066320399568
0.00193680319284971 0.0854398318118327 -0.0245110345619532 0.0377315159830907
-0.049017636114666 0.0901420039346954 0.00532493375943468 -0.00126936865838982
-0.0591625979876723 0.0604092823629366 0.0321871986965545 -0.0538692653912352
-0.0393701939083177 0.0849297279510313 0.0736689831873505 -0.0506638421911968
0.0284145891634643 0.0833838160303361 0.0372713373371077 -0.0853144407904474
0.0803744457828747 0.035722819762946 -0.0211414373819436 -0.0764155521053679
0.0641718511859328 -0.0197458038563855 -0.0373145640448628 -0.0321798500238419
0.0361192491805977 -0.0424283550738118 -0.0234017226368682 -0.0116640440910866
0.00531229563117345 -0.0535259575872574 -0.00565615023559705 -0.0130573185261811
-0.0103372788297021 -0.049291496385771 0.00149204091765845 -0.0221276292749291
-0.00981034271252443 -0.0500275035460547 0.0124187453481636 -0.0288460003571432
0.0140125329421462 -0.0495186484419721 0.0321937275711998 -0.0269481272458902
0.0383899162397873 -0.0366251180110464 0.055524564549578 -0.0125360187311755
0.070718004204687 -0.00629606933419396 0.052999048709339 0.0286871835964823
0.0543187054107443 0.0454028656122342 0.015161008536692 0.0593839970215743
-0.00399865950390198 0.0755618139826759 -0.0164110004283797 0.0283637441515322
-0.0489719768225054 0.0740382963681761 0.024020542073746 -0.0211863420595515
-0.0471856269619842 0.0349964537313936 0.0627484523421524 -0.0679459833081409
-0.0396255325154549 0.0589259480067543 0.0880412805399128 -0.0570199909029289
0.0134662198399846 0.0661531824744151 0.0529920540946887 -0.0773050283796138
0.0594355390837635 0.0324743821453398 0.00117014621171071 -0.0723512326069813
0.0491658971835608 -0.012817291256126 -0.0168217413143976 -0.0417459303287434
0.0277789631890465 -0.0310265847187233 -0.0123505277943822 -0.0302239571847362
0.00366943776270586 -0.0406703729237206 -0.00331796269685069 -0.0310774712889952
-0.00867631261509524 -0.0384993720287309 0.000741610920159568 -0.0386027144462077
-0.00822478868197258 -0.0392922362111498 0.0118154343810021 -0.0440920855977608
0.00962439638858954 -0.0392194759028119 0.0340686206473008 -0.0409254657125706
0.0307358894109531 -0.0293285634760999 0.0604824451672052 -0.0231841426331811
0.0566690162053436 -0.00214767453937568 0.058889570745373 0.0217193083181189
0.0389377261191894 0.0395321452546117 0.0219893121202327 0.052744333034085
-0.0115769065457444 0.0584212298364414 -0.00986614711944546 0.0205550236383036
-0.0443049491017742 0.0483642033058172 0.0399624189811544 -0.035161645593024
-0.0259898429039733 0.00341295247737915 0.0828929681958583 -0.0729037649217587
-0.0282969127222132 0.0226742858238003 0.0940355365657776 -0.0600713800555174
0.000760830321734495 0.0334038283028003 0.0612509651214358 -0.0691928861893891
0.0292464987036326 0.0187388086941322 0.0159111078913966 -0.0678215635272292
0.0239266043874307 -0.00519614444265879 -0.00475885214234825 -0.04805962297443
0.0132046417167796 -0.0141955872601209 -0.00662838152851397 -0.042332414639029
0.00142560726152122 -0.0202261592384566 -0.0030761393898261 -0.0433312586603266
-0.00617645861061955 -0.0212680718453845 0.000489879405142117 -0.0488100961397643
-0.00600599672291272 -0.0230626359203543 0.0116873869482164 -0.0542060974913309
0.0041661062977697 -0.0246305482172247 0.0374110022328544 -0.0495629803192581
0.0200681591659602 -0.0192664147960847 0.0656842973115489 -0.0282688211667621
0.0372967577188823 0.000694138542360855 0.0629152617987946 0.0205961214799268
0.0202416152817243 0.0291935500327713 0.0266160864099542 0.0499276041700621
-0.0163037164258024 0.0361274063091131 -0.00639251753747894 0.0162230278745339
-0.0338677361547065 0.0179971124859983 0.0508353387454165 -0.0426499489138173
0.0143770572643804 0.0174059543749296 -0.0647093702635171 0.0505165089002791
0.0138889532920557 -0.0082773183400279 0.0184047503211162 0.00851224905764743
-0.00278281087117561 -0.0151195250573458 -0.0106229731010718 -0.0611385014848562
-0.0124088979192873 -0.000953585219438449 -0.0670189137299198 -0.0466447629058229
-0.00487168269189648 0.00752234425638439 -0.086504184623036 0.0118087643797772
0.00164090375596075 0.00265931913617874 -0.0561293521496464 0.0553738243790745
0.000492516425093986 0.00169727336965034 -0.0217393789700702 0.0640757881725638
-0.000197059945911268 0.00126661792904555 -0.00629038629045516 0.0570907233062404
-0.000749422761602515 -0.00428926551926243 0.00133275821717988 0.0539053899056788
0.00227598525559375 -0.00554024657988896 0.00233387779373333 0.0539986198468662
0.00331159829908082 -0.00407873837954381 -0.00686831983134443 0.0578120276511188
0.00920856348773476 -0.00513107529533736 -0.0334742473318439 0.0655984697145441
0.01362812476301 0.0036278121047682 -0.0704696251204268 0.0585061301030842
0.0109623846277215 0.0212398405289899 -0.0966966041757366 0.0352898546309214
-0.000265653882194863 0.0309115497393104 -0.0949368865008146 0.0515967531448832
-0.010735198268409 0.0433324004381409 -0.068246948356916 0.0364274135798
0.00554664076845468 0.024243992524625 0.0184054643626235 0.0038803186334786
0.0138209242784077 0.0105347356036939 -0.00878882726022904 -0.0672526096749666
0.0165101688442383 0.00465473553012495 -0.0689840386008479 -0.0540653824454926
0.0161440198710055 -0.00169384486897605 -0.0880933471102952 0.00668634851645951
0.0139151141457528 -0.0134381933848149 -0.0573481854583596 0.0512873627041449
0.00309987119336014 -0.0196820820083887 -0.0213530203168172 0.0587415124163334
-0.000275531395439688 -0.0201652398256918 -0.00506478136991183 0.0505041959012095
0.00281702591683556 -0.0262105332125067 0.00498388437346466 0.0471091257271489
0.0185183988961618 -0.0237921785389449 0.00923215086057786 0.0481033269431259
0.0290026446603924 -0.0100090521254962 0.0031170818036619 0.0540481382821229
0.040152504605366 0.00938593543729871 -0.0221625056982779 0.0666965368292524
0.0244684399409416 0.0368589154103455 -0.0598702315852455 0.0642405649120332
-0.00797149525724401 0.0540184090991962 -0.0798211576255673 0.038767427671744
-0.0334192507060148 0.0581451877237247 -0.0750025386787444 0.0457196102431961
-0.0374384890136445 0.0618906630078076 -0.0582739405442158 0.0157515209478996
-0.00855905724236362 0.0552076628145251 0.0262231051022279 -0.00563608302692319
0.0269412842354674 0.0401829004264465 -0.000144519683845432 -0.0752208642557219
0.0465339175790156 0.0141995967355723 -0.0642008674887655 -0.0650062816082169
0.0383964044620445 -0.00976228558042083 -0.0853075056529429 -0.00435907264107244
0.0274563279307112 -0.0282735608583887 -0.0557046461316357 0.0408180961033453
0.00704605513718473 -0.0386945605777817 -0.0195136169056901 0.0462188483849867
-0.000138976632732995 -0.0385441149156823 -0.00343689323158863 0.0375766086115305
0.00377881180803081 -0.0435643370225825 0.0096194935940576 0.0332466721927124
0.0282820153012529 -0.0400822404035249 0.0186919376419252 0.0356034614046857
0.0466331148734845 -0.0200631759639131 0.0193033097776048 0.0446321658394038
0.0660635583244481 0.0124405493501057 -0.00355704615191194 0.0670019916968315
0.0400642191628713 0.05749672593059 -0.0434140880186694 0.0708385401276743
-0.0146977075044843 0.0787009594589502 -0.0610084414410976 0.0405714396079132
-0.0557121016692705 0.0795914528590454 -0.0473521759464311 0.0335030344948851
-0.0606613757869376 0.0691773287944635 -0.0342589887587783 -0.00707936185717341
-0.0273649407649307 0.0791735963281327 0.0414560530597471 -0.0161396255219842
0.0315049457121732 0.0691246827489564 0.0150223412376781 -0.0812996467321192
0.0705482277770525 0.0279099521739456 -0.0511199506947362 -0.075630086900509
0.0585697286941744 -0.0140561438562429 -0.074293053309547 -0.0177457123600731
0.0389904212987568 -0.0387407069025659 -0.0490937797441926 0.0238729296496643
0.0117060169061054 -0.0519927285300813 -0.0154767464213238 0.0273935087640836
-0.000494326341246181 -0.050767220504948 -0.00050333085155663 0.018149144660775
0.00270483673122553 -0.0542917880151505 0.0135270621668446 0.0136723306256566
0.030582325347637 -0.0503830746925335 0.0271925496909413 0.0169367445555528
0.0542529163209707 -0.0287275960559075 0.0357536972313408 0.0292818619322269
0.0813655914838208 0.00883229302472775 0.0178186878151849 0.060703352814372
0.0522700927494571 0.0650017466817649 -0.024490057743372 0.0728959066003935
-0.0148856530879077 0.0903931937170366 -0.0443368814740382 0.0374164246939615
-0.0671950781785799 0.0890589183191032 -0.0174670206213258 0.0153018000950672
-0.0731992176269162 0.0643172403551675 0.000781876272728166 -0.0295836034769895
-0.0454506698177766 0.0877104714084214 0.0616394069130636 -0.027617702148501
0.025248131610596 0.087861287424802 0.0349740751615237 -0.0817078630246087
0.0805298787919631 0.0419619657327247 -0.0296492258567586 -0.0806356414957656
0.0698701260837674 -0.0124871330310011 -0.0540724560895629 -0.0312930154959737
0.0458717358258991 -0.0411879663492844 -0.0364565350623377 0.00338222630642452
0.0144402059945704 -0.0576249846456947 -0.00944657921339334 0.00595594132082455
-0.000720269693010527 -0.055864748492842 0.00207384838942886 -0.00258847302306841
0.000852649062125052 -0.0572752912789974 0.0161746177424768 -0.00753713163771015
0.0286236888817324 -0.0528860006405793 0.033550415084494 -0.00366630690780366
0.0537495187074072 -0.0324383288633718 0.0484092798497403 0.0121234354436451
0.0826936652190101 0.00603365053890988 0.0348823396883684 0.0501490372608341
0.0541725506658207 0.0635919381021597 -0.00691215389841363 0.0690962628348218
-0.0159780420570892 0.0887403872957419 -0.030987069598155 0.0309219663572336
-0.0697210172692352 0.0850672945546078 0.00982449071920306 -0.00390507590401473
-0.0708677781550187 0.0482093640058784 0.039678021029436 -0.0469454620701309
-0.0549477902367345 0.0767586234148581 0.0826005862669946 -0.036775764171862
0.0125499607668657 0.0873548876277225 0.053658084426296 -0.0754681304200095
0.0735367094961306 0.0481274930033285 -0.00452513227568814 -0.0773921874494854
0.0677801169706728 -0.0080228170593427 -0.0293701970240706 -0.0408582946820719
0.0443772227363798 -0.0374213760412152 -0.0209488812521032 -0.0171332326586867
0.0142634485458505 -0.0530888938695411 -0.00280029120608082 -0.0164579765998722
-0.00102507646549449 -0.0525174006415405 0.00489040739168249 -0.0230366627072017
-0.000833972259995363 -0.0527174680256635 0.0181022344110009 -0.0276279291837584
0.0233314990549001 -0.0484114085618372 0.0379447129567148 -0.0215681876127653
0.0478723556617596 -0.0301561404034605 0.0573765977448779 -0.00323115159469451
0.0747898731463388 0.00657423736875676 0.0457721459699099 0.0395016495837366
0.0456824910514095 0.0584940345455803 0.00563445569222068 0.0625845710190833
-0.0193976953532516 0.0769474947881451 -0.0207481454713278 0.0229668799386833
-0.0661617673350159 0.0675277204982972 0.0322472226985427 -0.0199704868241353
-0.0542932371359249 0.0238745424563086 0.0739779539581403 -0.0572137552037719
-0.0503999965133319 0.0501346807051702 0.0990843369028742 -0.0424350029025604
0.000655866722039402 0.0668639871768679 0.0673726072063645 -0.0656060055763285
0.0529394149602819 0.0410327869567964 0.0169649257709986 -0.0696038346780056
0.0506696092183315 -0.0036849496066603 -0.00732833149513689 -0.0469223461592954
0.0337229605834093 -0.0271905827402146 -0.00728397880475375 -0.0338879140820424
0.011207251297265 -0.0401849018941269 0.00265364895850643 -0.0345073380758339
-0.00149728127720306 -0.0406944990361313 0.00687329028371873 -0.04016772569697
-0.00127672905545685 -0.041406486729771 0.0196173776944702 -0.0436876610472412
0.0171372787865607 -0.0382684074102553 0.0422179545577091 -0.0361926171453294
0.038325378226309 -0.0238221423602083 0.0644985529879722 -0.0131642700401591
0.0592140983959247 0.00778646317188568 0.0529899005250971 0.0326409034769898
0.0308664887700543 0.049303504145243 0.0141707429666398 0.0567824269332973
-0.0234643246709805 0.0581424090398259 -0.0129734395613426 0.0166485064714208
-0.0559931852980427 0.0414205707098297 0.0508052069778174 -0.0302224145042933
-0.0259558990037075 -0.00368624810824576 0.0962929742995828 -0.0601024289662183
-0.0324109641360085 0.0155475347527798 0.105644411320283 -0.0456489407864925
-0.0060024820060662 0.0319701645418689 0.0743078993234466 -0.0577017071334128
0.0248793761511842 0.0220232364335193 0.0292631473990789 -0.0650252218626863
0.0236568933587794 -0.000985564132846032 0.00469712605529757 -0.0507326307670168
0.0159299373853441 -0.012069612264784 0.000245912798049651 -0.0454396991253795
0.00501521181191829 -0.0203387701844056 0.00379683243721647 -0.0465963222585813
-0.00213080188961992 -0.0231404879943145 0.00822219700191446 -0.0506059804069652
-0.00163317603698603 -0.0244858143298039 0.0209333706784332 -0.0542715110493942
0.00840438508061418 -0.0243192345766834 0.046937081327247 -0.0447127711912902
0.0250266228650998 -0.0155730539764383 0.0710473451186491 -0.0176482412221803
0.037679485085976 0.00757745476794415 0.0591034868597351 0.0325502197055965
0.0140248522069288 0.0344686704128867 0.0192006217483352 0.0545947885510238
-0.0238550338579527 0.0339894522809906 -0.00863081913055694 0.013924800089429
-0.0384118520256519 0.0111695103441134 0.0614856933069292 -0.0345347280579971
0.0152281772349131 0.0154785173896581 -0.06033356711927 0.0554604574695317
0.0131825412775232 -0.00902265693571138 0.01926428571358 0.00676097719303364
-0.00396694068014417 -0.0148640892541704 -0.0146700703643899 -0.0593152584135053
-0.0120773401329289 -0.00027716306888766 -0.0693724088418526 -0.0410598813874435
-0.00370750269806227 0.00734912217900287 -0.084508778114476 0.0180613777544752
0.00174232482595662 0.00251072595519825 -0.0514126640902587 0.058438658171576
0.000449134750477063 0.000997427800665104 -0.016615789256089 0.0651465627341384
0.000167911482486799 0.000598598034505697 -0.00189467387290399 0.0573009335017878
-0.00103539304484002 -0.00450234220748967 0.00553938780015408 0.0538173182416432
0.00190943922077797 -0.00634138581645229 0.00604795612435672 0.0532943029382747
0.00329523683753618 -0.00459647233456753 -0.00283740835880127 0.0576885861375463
0.00857873736005195 -0.00572657086135394 -0.0285803064170493 0.067099840995973
0.0141329240407271 0.00280105419121739 -0.0657714508483444 0.0622235958021236
0.0126482970922894 0.020408459803358 -0.0940431190461921 0.0417138029603285
0.0018307860133089 0.0298695415579603 -0.0917162223225378 0.0586868975599127
-0.00783499475438713 0.0431159649285356 -0.0645094998365299 0.0418721970599968
0.00734247672936168 0.0234042121296211 0.0189633302068081 0.00252495853922696
0.0148308519543212 0.00933553700869862 -0.0135248024076019 -0.0654937976895922
0.0170104285073541 0.00311042841485617 -0.0717987688674335 -0.048369834420968
0.0161854127626315 -0.00336563240498395 -0.086676403662898 0.0126963873901104
0.0127277571153275 -0.0150128092326237 -0.0529142429698731 0.054962531325304
0.00129853579273246 -0.0201827766416928 -0.016873895078282 0.0595821364748013
-0.00163318709508763 -0.0200019989748847 -0.00125862638456166 0.0510369271570761
0.000460035287064771 -0.0263828276602665 0.00841797047178341 0.0465611571868298
0.0167882356483187 -0.0255777547881157 0.0124716341180537 0.0474451633563368
0.0283355443776722 -0.0123294550309649 0.00635214171275369 0.0531595197955545
0.0406406075788634 0.00617275883778474 -0.0170958140026273 0.0677531463305219
0.0271709487559027 0.0350918104274272 -0.0546446949320424 0.0674764298035551
-0.00391811228863552 0.054719486978259 -0.0769195608963937 0.0445473684350812
-0.0289899406000139 0.059551750612079 -0.0717500222973395 0.0516526471064182
-0.0331753273799144 0.0640293883215648 -0.0559932335453366 0.0206712534866992
-0.00439651933482109 0.0561238877978473 0.0259700105854058 -0.00668082340044475
0.0296842432044506 0.0378221469438652 -0.005138324684154 -0.0739633456872247
0.0476200067905056 0.0099379184189238 -0.0681018717750169 -0.0593658813697682
0.0375975289142143 -0.0130876998468862 -0.0847422468400807 0.00178061153999795
0.0245610631983401 -0.0307112369658191 -0.0522102706088296 0.0443176592999198
0.00417383507918415 -0.0390016663332959 -0.0159718060500092 0.0468239547966998
-0.00323599610326714 -0.0379776029099419 -0.000821675562897666 0.0374530395120889
0.000457299702980131 -0.0436173802797995 0.0114624225857277 0.0319218161241501
0.0254669564348084 -0.0420928548272902 0.0205535539674979 0.0333824790947565
0.0450364378661526 -0.0235546445953038 0.0217917693995366 0.0427485731478663
0.0667935998509371 0.00726091540021835 0.00190516842207429 0.0661937540399023
0.0441154596102791 0.0542193724191476 -0.037393626631177 0.0734486661131235
-0.00892743352087149 0.0795893566731321 -0.057961541072685 0.0444152620913028
-0.0497444871925722 0.0819321175504065 -0.045394761394969 0.0371409082544332
-0.0550720610111467 0.0727143167187941 -0.0335300995849298 -0.00398568894923495
-0.0215706914156191 0.0813527355070371 0.040692585490655 -0.0185667962360546
0.0365241394665372 0.0659138966976317 0.00962924644890471 -0.0812651884534446
0.0722829704465168 0.021295884902475 -0.0557963287723826 -0.070700892353919
0.0572950257087484 -0.0187391063877982 -0.0744294502420617 -0.0125867877539713
0.0359706131593761 -0.0416216464038805 -0.0465635587339281 0.0267434063465344
0.00704790741287933 -0.0529298444455093 -0.0134758189264107 0.0278098394125633
-0.00459651517670749 -0.0501250222861183 -4.06408899114353E-06 0.0186674439725636
-0.00194417650821518 -0.0537614328162583 0.0137721622780295 0.0122463508930158
0.0268377200395738 -0.0525999281965551 0.0280586960563963 0.0142183976588429
0.0518563274461668 -0.0328542885072199 0.0373723955656931 0.0262192648711427
0.0817645525039205 0.00218916769280337 0.0222803310512615 0.0582730202491489
0.0570724650475099 0.0602888177454809 -0.0181662744000196 0.0738772429059963
-0.00832450844790939 0.0911838346962733 -0.0414477431301995 0.0400811257655719
-0.0599450350800765 0.0928648109054276 -0.0171289524145534 0.0167516548706086
-0.0678726210130034 0.0691189155743318 -0.000543758122244036 -0.029077417517018
-0.0389138706067697 0.0906193854501961 0.0597528972573436 -0.0314173240678724
0.0318284365475953 0.0849460198357986 0.0287556773696072 -0.0826282049901161
0.0830745927201961 0.0347102924498203 -0.0346277049306748 -0.0773523828495935
0.0686329943424544 -0.0184147919451733 -0.0555514770143565 -0.0273665531462609
0.0426093944461535 -0.0452257487206737 -0.036156453843192 0.00552148806530197
0.00978695739084146 -0.0581898528541091 -0.00936612490982898 0.0060961531633471
-0.00535806634974487 -0.0548720974082305 0.00127328029325322 -0.00287783035560943
-0.00425168486536313 -0.0571660349360179 0.0149609038986763 -0.00866934132436066
0.0242809454903094 -0.0549413674501935 0.0328505653101643 -0.00640041463158177
0.0510469521488914 -0.0364123901900449 0.0486518877470243 0.00812719156919393
0.0833667568957672 -0.000942955302400011 0.0383408718124577 0.0468206038299903
0.058433732745519 0.0586155955084978 -0.00144489881673749 0.069099512086724
-0.00941956911239573 0.0892998520119285 -0.028458040738321 0.0329229411379826
-0.0630692740698942 0.0890928026123136 0.00854908789383859 -0.00428504210893284
-0.0668627456868736 0.052562727106796 0.0369936859726921 -0.0496335416255791
-0.0487783702714314 0.0804662279240606 0.0797702624677597 -0.0426037135713703
0.0187645789355171 0.0852528915096974 0.0481823643738501 -0.0773024614406357
0.0764528148149371 0.0411861045475078 -0.00963137408095784 -0.0757794754274041
0.06638204895037 -0.0131772365772181 -0.0315385726759438 -0.0386281447541975
0.0412961413861623 -0.0407526582424945 -0.0220780243424144 -0.0160882006238487
0.0106265408600819 -0.0540229437920224 -0.00431894160283753 -0.0162313563820532
-0.00523305040271325 -0.0512538166805169 0.00223055760164099 -0.0231868056485462
-0.00476817540507459 -0.0522448061511961 0.0150307346458212 -0.0287768175441619
0.0197915768801953 -0.0500143918399401 0.0357268674624751 -0.0250273603878743
0.0452773995273341 -0.0331839544748918 0.0562031433350481 -0.00744375291314674
0.0747562183483909 0.000105068812799542 0.0488970258599291 0.0357190075897918
0.0495324973002765 0.0543886699272169 0.0106793525593189 0.0616445721591813
-0.0136477465738036 0.0779843577645823 -0.0188111181996462 0.0242589004994053
-0.0602575517931316 0.071079844070533 0.0299536100135763 -0.0221356002742402
-0.0516321660406316 0.0277787348426884 0.0698674994923713 -0.0627079570573158
-0.0458229214238272 0.0536158604850153 0.0952434604272888 -0.0486163524449583
0.00540893095674006 0.0657820293664596 0.0629669073507265 -0.0690541435312371
0.0553929657896064 0.035682586060131 0.011911310665221 -0.0699382796036959
0.0502150522330372 -0.00773130895649888 -0.0100945317588076 -0.0457564792982513
0.0314166084326368 -0.0294946905962509 -0.00923748275905796 -0.0337088947551347
0.00790448193253867 -0.0408696655518956 -0.000285551468452509 -0.0350383544359519
-0.00494235439886337 -0.0397819948946932 0.003446562643182 -0.040659307005825
-0.00478830495496982 -0.0407617247701399 0.0155468579940371 -0.0450440894799605
0.0140195572120304 -0.0392601536353203 0.0392663829913173 -0.0388864509044469
0.0360342252652349 -0.0265144451146565 0.0623955469723083 -0.0176579469863811
0.0594893722646456 0.00334724675748246 0.0554605914714984 0.0288351824032174
0.0339049117173295 0.0462102342401307 0.018807832897027 0.0556020379986734
-0.0192165128363374 0.0591527254166999 -0.0117958083953603 0.0177633064670438
-0.0520621043678079 0.0449088702754041 0.0475663534314604 -0.034420426038722
-0.0259498043488964 -0.00194704452039887 0.0912817588112658 -0.0670670473542835
-0.0299889638006851 0.0179980557510243 0.101482179003642 -0.0529312788190751
-0.00330748556384087 0.031700551152799 0.0696722463576986 -0.0621351614173439
0.0260418388745867 0.0189149815661792 0.0248235031001408 -0.0652718531179896
0.0234783790733083 -0.00298293982350801 0.00162231387511206 -0.0504004499849785
0.0150328572512293 -0.0133486001178843 -0.002809881226738 -0.0453658150182116
0.00333044913379669 -0.0204152301591037 0.00029073526653852 -0.046789360236875
-0.00418477043256638 -0.0220415260565923 0.00308816165203568 -0.0510839621159443
-0.00396325071786241 -0.0239587373661111 0.0165317670910518 -0.0553272756668864
0.00646071493027477 -0.0244662784176167 0.0433093820187462 -0.048153500457445
0.0235875740839589 -0.0175455958677603 0.0689619215535667 -0.0228174243478132
0.0383939630593486 0.00434927738417878 0.0609246047415904 0.0277734133094866
0.0158778780409624 0.0330790945110597 0.0236974306458138 0.0527052880764305
-0.0211070735022587 0.035176153023372 -0.00750055777574856 0.0149734368661338
-0.0367424153414527 0.0129924505636694 0.0580137529145552 -0.0390062075541435
0.0145479693826253 0.0138988720435128 -0.0548007442741219 0.0561347290423251
0.0120640627916759 -0.00942724597176243 0.0189276495771842 0.00541916089513471
-0.00473139415996588 -0.013609761363155 -0.0163881969560471 -0.056198904871794
-0.0114653617078238 0.000292683029741286 -0.0680481026885655 -0.035728967922493
-0.00315776560720155 0.00718968351744595 -0.0801283823466415 0.0217510028501985
0.00147489053109505 0.00200722790049394 -0.0466061194849636 0.0585123873183608
0.000457513543450047 0.000891993629917061 -0.0127619176239208 0.0626319640722823
0.000343785228944668 0.000291957519082008 0.00151750757195786 0.0551827228285509
-0.00172967921638561 -0.00428566555007096 0.00818846775184059 0.0514416463105581
0.00122135378674081 -0.00633560682149548 0.00846171865832015 0.0508339840164768
0.00332260510819213 -0.00463556111677588 9.20408790247753E-05 0.0549230589396184
0.00829273005818292 -0.00625635923318927 -0.0241335367275501 0.0655485528602288
0.0136906665167405 0.00257491612689569 -0.0597700349570542 0.0622046649966063
0.0130310014080152 0.0190485992568289 -0.0883616631638181 0.0441729079975235
0.00289595975059477 0.0277308727446493 -0.0856006197735084 0.0609285569201068
-0.00579767033777633 0.0410973924089347 -0.0588761728495513 0.0435630279466209
0.00856663720980862 0.0221744198757002 0.0188149115737241 0.00207683854191888
0.0145458909221676 0.00827016149934368 -0.01548693635635 -0.0619479294299027
0.0169345146414999 0.00158563817595567 -0.0706197884458335 -0.0423490741887519
0.0154260334693787 -0.00467056744269834 -0.0824119093351753 0.016368572395694
0.0108101936048733 -0.0154725164636465 -0.0481003986474835 0.0550864597052885
0.000277634809717772 -0.0195509549562158 -0.0131994363177115 0.0577886149592869
-0.00252642793037389 -0.0188864862326662 0.00140191230580655 0.0492457274315902
-0.000963856079387525 -0.0255309946955914 0.0105745908402827 0.0444019720028213
0.0148609010433339 -0.025849872989161 0.014029144682817 0.0445831646162676
0.0267666364254923 -0.0134480085350634 0.00839441936868492 0.0508266274406153
0.0392768627891476 0.00370891004144968 -0.0129919581818199 0.0654920345529492
0.0278493380758162 0.0322716713890202 -0.0488546118905373 0.0671869236483321
-0.00125163194017676 0.0527249834554715 -0.0715539168707235 0.0465159101744378
-0.0250373934811869 0.0574806050914609 -0.0672104754072207 0.053561257541903
-0.0287275047324713 0.0621388837165583 -0.0520080085660116 0.0230478137783397
-0.00157020756849807 0.0540492822235508 0.025277172492707 -0.00706962679213052
0.0307270717463888 0.0347223940760332 -0.00810394008252223 -0.0700107429192499
0.0462962716520536 0.00653647007198701 -0.0673353743038289 -0.0534309778398382
0.0356840742616651 -0.0152888971170647 -0.0811007527650472 0.00607803393770544
0.0218499270698173 -0.0310361472037086 -0.0477976416617955 0.0447149424800985
0.00165728698894785 -0.0379404634326409 -0.0134728181719906 0.045943376506865
-0.0052652897810545 -0.0359727741930777 0.00117251050211982 0.036486711521891
-0.00220637536703966 -0.041854959002668 0.0127861885151342 0.0304330079790537
0.0216736803431605 -0.0420931207792271 0.0215466916638112 0.0309917881183685
0.0420629415967802 -0.0250050978903573 0.0229488603316143 0.0399397644780984
0.0642351959699316 0.00295254154115303 0.00565840612251296 0.0629161893665538
0.0451580864150078 0.0493187687724343 -0.0319939256363758 0.072007170119405
-0.00462906364785422 0.0769289535831365 -0.0533882570453483 0.0454511519805704
-0.0433995600578753 0.0805251546253946 -0.0421790761982678 0.0382495826785642
-0.0496533913568013 0.0722358330665452 -0.0314143878009556 -0.00185403363725453
-0.0162279035422809 0.078939451133518 0.0381655928769677 -0.0198165802979321
0.0386164352075363 0.0609217981865498 0.00591984791612422 -0.0771920670209459
0.0708197874155979 0.0163506485152231 -0.055812334210685 -0.0641127877365095
0.0541266302999472 -0.0216815815887237 -0.0717741541074075 -0.00853756775628015
0.0321333325037363 -0.0423216689029041 -0.0432063728949515 0.0277436862883007
0.00414539036869493 -0.0510517482370363 -0.0120135062455905 0.0270628528822115
-0.00750231675790945 -0.047325281068315 0.00103130006147929 0.0174800000538449
-0.0045297634492834 -0.0514663894278048 0.013385663587069 0.0113351021475469
0.0227118933791997 -0.0519505771562269 0.027687859887427 0.0122656312484492
0.0481947855598053 -0.0343383845050122 0.0367860187167873 0.0230153385736111
0.0779025715719482 -0.00276498618424726 0.0245914881611718 0.0546219202041727
0.0578968223374999 0.0545703033102091 -0.0130986849630282 0.0715157614440225
-0.00360076135067412 0.0877659941358313 -0.0377434005706827 0.0404585064270463
-0.0527013824085904 0.0914626293960149 -0.0163140044553692 0.017149483202622
-0.0618100867275824 0.0688244317620435 -0.00155794623251021 -0.0279225875983647
-0.0326080236705256 0.0890615087436162 0.0559564281337237 -0.0320681051687256
0.0348617504266163 0.0794204520824265 0.0241882095977497 -0.0795509207624791
0.0818723604357701 0.0278880774063459 -0.035737479576187 -0.0717802025698439
0.0650064681959245 -0.0217226525210491 -0.0545274124695162 -0.0234864644023789
0.0382289266771097 -0.0461163955535644 -0.0339570779423981 0.00633675594749005
0.00634694073901684 -0.0564665209008305 -0.00905590312080605 0.00573782224117508
-0.00806354113731913 -0.0520014253198554 0.000686075131403823 -0.00270569258350268
-0.00706800114854195 -0.0540176319718149 0.013330361290887 -0.00928438534526102
0.0204780070141898 -0.0539966811381211 0.0313291162267345 -0.00822877712554783
0.047075847062442 -0.0372996088807896 0.0467188226286754 0.00522029484064124
0.0794787608337982 -0.00561678120514114 0.0392683053611409 0.0420579402077961
0.0589800640450512 0.0531983255231895 0.0026410589937519 0.0661662116290386
-0.00487384182164782 0.086502311270566 -0.0250194491583249 0.0327167731363971
-0.0550884510389442 0.0871010120296506 0.00728064772070152 -0.00435159270912375
-0.0616277429946387 0.0535501087849567 0.0333726764225995 -0.0493729251276207
-0.0426562327318783 0.0793463584047416 0.0746366867959256 -0.0438496034981533
0.0224645997806743 0.0800461930972169 0.042971735299238 -0.0758390191633885
0.0756446582226955 0.0342186200766379 -0.0122251495004213 -0.071267819261643
0.0628458701602705 -0.0167150418744186 -0.0315597854692626 -0.0357270750127442
0.0373281069993011 -0.0415595147723812 -0.0217074741820729 -0.0146956508677352
0.00719313110892915 -0.0523841570883266 -0.00546240549017583 -0.0156802735773123
-0.00809306036222756 -0.0482819434361337 0.000672297883078275 -0.0227000981184345
-0.00753336016433237 -0.0494096271270335 0.0126872357071053 -0.0280650391161222
0.0161498932269785 -0.0484307433282388 0.0333287056868022 -0.0259639471143211
0.0417730192877248 -0.0343754341947055 0.0531968622156402 -0.0102615901263845
0.0714371423886398 -0.00423988266711531 0.0488881931721907 0.0307798393481016
0.0494170998764568 0.0492398090062913 0.014461757795121 0.0583516750025427
-0.00950093876440433 0.075381254795577 -0.0165609392211219 0.0241668678116415
-0.0534715891342992 0.0707935848982785 0.0268516183929396 -0.0228423317688564
-0.0479413086923444 0.0288530298606957 0.064052604635833 -0.0634054912128013
-0.0411256062635609 0.0534091239680659 0.089377797928833 -0.0508301864515634
0.00849633538926466 0.0622004937603107 0.0572805452058942 -0.0682872569291203
0.0550590269207196 0.0303916059442321 0.00837837301366222 -0.0671217310929124
0.0473115589433177 -0.0105246984041069 -0.0114367877558194 -0.0437638255074826
0.0283230955837844 -0.0298951662603888 -0.0103083883845131 -0.0322226575355114
0.00563175182868622 -0.0394688440956441 -0.00280696333427336 -0.0341011657892342
-0.00737307119240142 -0.0376094699015224 0.000610234187426385 -0.0387409560056308
-0.00686180552893849 -0.038621816146285 0.0124443899730691 -0.0438618342737838
0.0112585107027339 -0.0379903555672221 0.0354715367511715 -0.0395969364736597
0.0327838959805386 -0.0273626638949033 0.0587164438550134 -0.0203696533144055
0.0567690421509729 -0.000742285678224772 0.0544941357378392 0.0243633419180714
0.0341741416615866 0.0423982375345298 0.0212395526889904 0.0518480316276972
-0.0152334796484448 0.0576130003925888 -0.00975710079048575 0.0172847986750644
-0.0471236808309812 0.0445488946399734 0.0425741190969433 -0.0348778769449775
-0.0247516744898754 -0.000570076564175608 0.0843713531074686 -0.0694265145142342
-0.0277324822730169 0.018662239664251 0.0948853061077349 -0.0556301478824949
-0.00174839207633765 0.0302255809749674 0.0638818962429964 -0.0626199299650314
0.025562753332707 0.016052769940236 0.0205525574755338 -0.0642205942612839
0.022203482206567 -0.00425313541155533 -0.000827892797434696 -0.0487568600285028
0.0132905334287664 -0.0136283694411085 -0.00511256475030967 -0.0435713353645852
0.00181301570716323 -0.0196307752350992 -0.00240029062316086 -0.0450725551858271
-0.00542447916857346 -0.0207592697062417 -0.000112124804935179 -0.0493026192397547
-0.00508684538172044 -0.0222300209539087 0.0125907203461295 -0.05359588746373
0.00491613244915164 -0.0236080134395177 0.0394224692832601 -0.0485194310491476
0.0213460409040368 -0.0181696590751846 0.0645956263916488 -0.0253543098726334
0.0364605572950065 0.00205378293810205 0.0600835114018111 0.023240922640632
0.0161518515802407 0.0307606073090786 0.0254297784061478 0.0492602747149043
-0.0180563766868223 0.0342408627940268 -0.00626533249896351 0.0142092842537925
-0.0339634631589258 0.0137684138743483 0.0527563921505954 -0.0405762002012488
0.013247646862731 0.0127722377747267 -0.0501805673149582 0.0546665833976058
0.0109604716857757 -0.00892569329268597 0.0186905230550542 0.00535145987796835
-0.0042631365663351 -0.0123913911772678 -0.0160799397719377 -0.0536444576142564
-0.0106064830036636 0.000196097956519982 -0.0646013094708324 -0.0332789938868601
-0.00282855857693231 0.00643393246270883 -0.0759438873836736 0.0213295629174966
0.00133847750084487 0.00184004664620793 -0.0434345206302639 0.0560930242058168
0.00012529512955312 0.000611238021983452 -0.0110269488837679 0.0595340681360057
0.000130262226373669 0.000243958674669014 0.00241050542838607 0.0526378433734921
-0.001891165588217 -0.0043693292832671 0.00859051485647825 0.0491020715360822
0.00142832138562195 -0.00640838917774014 0.00877360388658409 0.048879906104075
0.00314758961002288 -0.00440056096866373 0.000588198806816094 0.0528812838872815
0.00791702351158973 -0.00602975676345241 -0.0222728176078622 0.0618038844006916
0.0133818094144148 0.00242333760848785 -0.0561124532274534 0.0590207319380094
0.0129379308767187 0.0183268430426282 -0.0840342914701732 0.0428165638523579
0.00269734200305017 0.0259498319260473 -0.0812877240226645 0.0597019459460397
-0.00559262124897108 0.0389267490931149 -0.0553310354736817 0.042562240977023
0.00777835357264834 0.0213034424356271 0.0180604337056782 0.00142164456351623
0.0142565057866917 0.0080519374244153 -0.0151519672883851 -0.0583935576258883
0.0162717401778631 0.000930331603585686 -0.0672181572696632 -0.0395443241330979
0.0149494616738428 -0.00526316100001004 -0.0782246762308842 0.01651231851677
0.0098658561131759 -0.0149997971711932 -0.0450834914460492 0.0526586118416498
-0.000425409551215829 -0.0190502766384647 -0.0117179494870677 0.0548241927908314
-0.00311668670867213 -0.0179587976383939 0.00201232712815598 0.0469962316374226
-0.00173346339228444 -0.0243152229334648 0.011019207416329 0.0423979638851578
0.0139334045311253 -0.0251066339568054 0.0137732719635592 0.0423443548355502
0.0255966468172101 -0.0131166511914467 0.00885201456283172 0.0484241225589272
0.0380189135969753 0.0031256013910215 -0.0118021570696581 0.0618498192691297
0.0272050734626528 0.0305568248175079 -0.0452537764675492 0.0638824716919767
-0.000415379366769683 0.0505012347107214 -0.0675792576153308 0.0447717926802896
-0.0234936154563528 0.0547766477572794 -0.0639425178313647 0.0524117927079758
-0.0269623925137938 0.0595348672544292 -0.0484638960212562 0.022963387562309
-0.000604785174834969 0.0519356859133489 0.0242762274855659 -0.00647320328694692
0.0297684101858237 0.0324436874837131 -0.00788463659651758 -0.0659427144414703
0.0441472614545564 0.0045902940964665 -0.0645866906514853 -0.0499799511476892
0.0337687837188676 -0.0155444664486871 -0.0767769595921302 0.00642178605398634
0.0198406731995583 -0.0300637094676046 -0.0449906747188428 0.0429019723622366
0.000494067362756014 -0.0364683069819944 -0.0124451177648778 0.0434227716276684
-0.00594165010284954 -0.0339243632249719 0.00133101523188902 0.0346973569384169
-0.00312775955519716 -0.0398677285456716 0.0124317730847673 0.0287184359957498
0.0204192681904521 -0.0404545087819409 0.0207660421554407 0.0291620437320519
0.0400486048455559 -0.0247266566596741 0.0221034875913194 0.0378363684585687
0.0615639696535555 0.00170954563153289 0.00582434447193767 0.0591198582642765
0.0438269229298746 0.0465076604148237 -0.0287599437428915 0.0685589620065866
-0.00373384922959041 0.073944512403941 -0.0506736643312273 0.0436452738687405
-0.0405625844987376 0.0767798084476722 -0.0401575801472721 0.0371271340941877
-0.0464805895685821 0.0690614026965465 -0.0296510490143902 -0.000934519814656777
-0.01469184566144 0.0758240977430319 0.0367624680914519 -0.0182328438573928
0.0377303809471683 0.0572052247073664 0.00541445282196004 -0.0731084441462389
0.0675956553033617 0.0132630258653611 -0.0534606157913901 -0.0603696748465854
0.0511761400998611 -0.0217501582742009 -0.0681960976777538 -0.00735043856763294
0.0293843290800943 -0.0408703246888313 -0.040994305810293 0.0265640765519242
0.00277755589162091 -0.0490605748704299 -0.0114410457389062 0.0262156653129009
-0.0080040630144284 -0.0449316953689022 0.000783483636867787 0.0170074916212978
-0.00580600190167762 -0.0492547859205107 0.0127345243237502 0.0109070298349553
0.0208678442073326 -0.0501681808870998 0.0259472504791076 0.0110388811618184
0.0449081362464191 -0.0339107689537221 0.0353800473100886 0.0218597600427636
0.074293817452437 -0.00417434154485193 0.0241963929352832 0.0509327598291283
0.0554393178097639 0.0511154231310022 -0.0108010351592302 0.0681983336107094
-0.00254621788899294 0.0841288270281117 -0.0354015081412465 0.0385798456006566
-0.0487901049490843 0.0871403398658565 -0.0156644149574349 0.016807085470143
-0.058190145062949 0.0663369092289591 -0.0012832210194927 -0.0262397716791801
-0.0297608606285533 0.0849957216216661 0.0532571962150273 -0.0311100596341512
0.0344458575249119 0.0745052229435437 0.0228534244402942 -0.0752377121741479
0.0779578486809981 0.0245429588607767 -0.0343193541576713 -0.0673191865118582
0.061591586671861 -0.0222724149022523 -0.051288118742985 -0.0220159921598622
0.0353177636489256 -0.0445134430892445 -0.0324213899249733 0.00645771573263102
0.00470660040934113 -0.0540997995211103 -0.00882676945391854 0.00549921412117017
-0.00906022620927745 -0.0490626833932867 0.000555821829521642 -0.00230041680811953
-0.00777236172368454 -0.0515685998464725 0.0120866790278812 -0.00863861045250838
0.0183308210525183 -0.0515853141164072 0.0295214491444229 -0.00806243173336863
0.0440729776809894 -0.0364333644327735 0.0438507070317035 0.00466493128625156
0.0757267031722121 -0.00720339184515641 0.0379582436962786 0.0388585872449964
0.0563049174803189 0.0493983188652747 0.00452210555117429 0.0627040556600269
-0.00337877433020016 0.0825381449076677 -0.023590672551927 0.0306710651516484
-0.0514077179098181 0.0833115423833082 0.00678207224533138 -0.00412861376164199
-0.0580153164134784 0.0515661260040498 0.031868886969994 -0.0472482429862202
-0.0395590716567623 0.0759251793153638 0.0709015508219963 -0.0421987947254269
0.0224053592355304 0.0754654740022981 0.0407042392832319 -0.0718617890639581
0.0722315809777984 0.0308425218212618 -0.0115068640830099 -0.0676584308686551
0.059914197530603 -0.0175403136185755 -0.0303939507960541 -0.0337026253113809
0.034735927528563 -0.040133310082134 -0.0208865091242145 -0.0140578302891886
0.0056818576644517 -0.0498630788286664 -0.00552696409892156 -0.0154622188520933
-0.00884005985719294 -0.0456449329121425 -4.08966413825241E-05 -0.0216886494754076
-0.00817675881931576 -0.0465716956157462 0.0113502797901981 -0.0268945304027729
0.0148528578631669 -0.0467044314460238 0.0309214765373783 -0.0249689442335544
0.0393207625785645 -0.0331707599246894 0.0499830638126061 -0.0100998358644936
0.0677651524502918 -0.00557396890009176 0.0467095636820522 0.0286127935682632
0.047653746801787 0.0458924813730444 0.0148633755584393 0.0552784819959316
-0.00793399006647395 0.0719353729479271 -0.0152700693194038 0.022706904966113
-0.0496529938686849 0.0671587757568098 0.0247620158550742 -0.022305846479175
-0.04517795215812 0.0280178669907144 0.0607560635804315 -0.0616957539839826
-0.0380674876000599 0.0513038746064522 0.0844165657247856 -0.049368242782339
0.00899851774630625 0.0585339440777726 0.053898458727166 -0.065158914369995
0.0522518507340486 0.0275396380462711 0.00745667663633683 -0.0636128127057004
0.0450746544348227 -0.0107770263907696 -0.0107512516151027 -0.0413511612024533
0.0265515820177345 -0.0291222367561917 -0.0104503348935866 -0.0312163609799848
0.00438734731074437 -0.0375966497486255 -0.003409820230644 -0.0324127086517026
-0.00739346896131547 -0.0347606643334342 -0.000791918986604227 -0.0372928956885417
-0.0072539532467876 -0.0363405694867836 0.0110387018657425 -0.0418965880102208
0.0106708760097984 -0.036312691228398 0.0332188563726314 -0.0386610589241118
0.0314207276825617 -0.026201325198373 0.0555715645958172 -0.0198258631575788
0.0536612667945582 -0.001998560740524 0.0523115519358997 0.0218152731148918
0.0328129159906355 0.0397013900091276 0.021509676307431 0.0490838662517628
-0.0137280690465962 0.0546557651642734 -0.00927945586094523 0.0165462735370424
-0.0435144896825469 0.0425195661741442 0.0396481284798454 -0.0341826889228841
-0.0236156342639278 -1.3425623646732E-05 0.0798391807215701 -0.0672398679698904
-0.026074102854078 0.0175533157565988 0.089558880030045 -0.0540495103476704
-0.00103856065078268 0.028231372651954 0.060363875256966 -0.0599468501673784
0.0242776604568642 0.0147051633168422 0.0194095006284828 -0.0608588564827984
0.0210418974343664 -0.00399797561016471 -0.000589376297332156 -0.0465364152447284
0.0130019981507085 -0.0131470332415108 -0.00543404528612679 -0.0418305674655979
0.00175298408876835 -0.0186434129904183 -0.00348281801900688 -0.0436716603109307
-0.005266726121041 -0.0189094579481325 -0.00120740133941361 -0.0468389068867293
-0.00528396637895179 -0.0211009592926118 0.0109237443852999 -0.0514884798416865
0.00457491816224014 -0.0221624642856485 0.0362048175348887 -0.047283517111575
0.0198629328658319 -0.0176656526793135 0.0611786452391589 -0.0243725140585778
0.0345270027351688 0.00137914636606832 0.057647124517068 0.0208210987880569
0.015694479322169 0.0291715370125304 0.0251016997076846 0.0457010863152699
-0.0167405673904283 0.0321689709336386 -0.00595835470696814 0.0137709680244443
-0.0318979361067443 0.0132706622532711 0.0491576822990085 -0.0391665359403858
0.0125653473165999 0.0121878683498908 -0.0494313471221821 0.0525737128437206
0.0105479462267685 -0.00848794040501425 0.0185386592108306 0.00526083082816244
-0.00393109809503304 -0.011802601579055 -0.01469648692937 -0.0524479532892168
-0.00993507439802063 -0.000179009007573151 -0.0620820700562824 -0.0334343409476487
-0.00263885462979349 0.00565082073508836 -0.0741919708716735 0.020008524464238
0.00108291843679864 0.00154353690113815 -0.0430153841362567 0.0541012871676333
-0.000131727493046166 0.000728274947961285 -0.0110368446778698 0.0569296448602502
0.000459127731188957 -0.000126899460546123 0.0022832177767601 0.0514892630011641
-0.0014790028196826 -0.0044643192409442 0.00820769858546436 0.0483482671916646
0.00184310713150502 -0.00625715245374213 0.00766363784618126 0.0472169127933694
0.00337265154836756 -0.00446663999623505 -0.000201019110659649 0.0512259736955459
0.00809198181024198 -0.00525642297366594 -0.0225815052291917 0.0597527321468766
0.0131726703052397 0.00273296192819063 -0.0554551598335878 0.056003149573846
0.0121063069945036 0.0179520026886654 -0.0829949863218336 0.040210912346975
0.00167390147487129 0.0253473640155143 -0.080123172981709 0.0576828895342709
-0.00640404910072307 0.0378142707341144 -0.0535234402320562 0.0409886830589422
0.00741638592093976 0.0212105916398329 0.0188022604574173 0.00194731156780524
0.0138828581427033 0.00829263776403605 -0.0132972443049515 -0.0572349780912856
0.0161433982313076 0.000252185936925805 -0.0643451651236767 -0.0394611716299052
0.0143623774578973 -0.00513046199699824 -0.076442373475534 0.014769828981668
0.00990950554510009 -0.0145175025007527 -0.0442810716835225 0.0501958525705102
-0.000670958979641707 -0.0184847745363114 -0.0121242691396635 0.0530026035006106
-0.00261485636672946 -0.0178906129485974 0.00174454833818643 0.045821821995362
-0.00135672449193145 -0.023917902796983 0.0101603762864568 0.042004126370543
0.0141809959569931 -0.0246159724482683 0.012628679490868 0.0414436145155625
0.0252234206727681 -0.0127250747979003 0.00751954547052547 0.04718109819527
0.0369527521506432 0.0034998997487989 -0.0121575548798417 0.0594340187535744
0.0259939488105167 0.0302154346157566 -0.0446174735392778 0.0613917035337012
-0.000931655452383753 0.049357099208837 -0.0671561940830645 0.0420512346235431
-0.0236721873893226 0.0523062002300868 -0.0630824842510109 0.0502700877600173
-0.0274975603629558 0.0572102097043149 -0.0469556041177016 0.0216184302909629
-0.00148312895079863 0.0505165861092191 0.0244026496451751 -0.00602426153275049
0.028959984061337 0.0318524194170242 -0.00612337204013991 -0.0642730251249866
0.0432173487667936 0.00458741521577792 -0.0612761690472239 -0.0493383271744111
0.0330893782504381 -0.0158064519944158 -0.0751211021268768 0.00526498288277327
0.0198305342419817 -0.0291711941354587 -0.0440293432937049 0.0407612088498867
0.000557376957121345 -0.0352450716423225 -0.0122973598303073 0.0419951743209665
-0.0057091218926134 -0.0332265577974959 0.00133291005726479 0.0340654742440043
-0.00276597996476285 -0.038932035583492 0.0116405816519533 0.0283848956637499
0.0204102874983249 -0.0395934433654441 0.0194677967068098 0.0287324160125433
0.0387587287747509 -0.0240205729220512 0.0210559316549442 0.0370046079099963
0.0599904227904729 0.00197355803252268 0.00497507079380185 0.0575082212151784
0.0420278819315839 0.0456385772036565 -0.0284502564544782 0.0659437248693878
-0.00452313860376959 0.0720033860926013 -0.0499702708272911 0.0415118344652207
-0.040576279786102 0.0735300460258156 -0.0399598837196532 0.0361908947233424
-0.0462395860516222 0.0668034089552407 -0.0280297584410704 -0.00139007011095615
-0.0151395095407535 0.07336875129124 0.0364272927662909 -0.016539753380898
0.0360702316209303 0.055739803269253 0.00704978810070716 -0.070947737815528
0.0655852233680955 0.0132605019994806 -0.0504687727383848 -0.0594580460565555
0.0501859953808412 -0.0215205114864114 -0.0665531804214453 -0.00848734432295439
0.0288970676802282 -0.039291257438289 -0.0399945473063101 0.0251158419944638
0.00289719017839932 -0.0477853589549455 -0.0113203991618911 0.0250788665050367
-0.00756958316840951 -0.0435522884218435 0.00080034197377547 0.0163825735968817
-0.00549708427604066 -0.0478108519341156 0.0124779164474812 0.0106460263860676
0.0208552805102054 -0.048817525637583 0.0252650997994394 0.0112312520938344
0.0445373287869451 -0.0326817963878964 0.0340489185617738 0.0215628494565819
0.0725684776158652 -0.0038542023934021 0.0225416088251381 0.0493909694636098
0.0530612013872319 0.0503376585850318 -0.0109118147608311 0.0661349732219911
-0.00362832204357682 0.0825225295556139 -0.0349013098985082 0.0368622320872616
-0.0486319158850839 0.0829428358833664 -0.0162599570762729 0.0164613416999367
-0.0577608222406001 0.0635702367369555 -0.000142365816503225 -0.0255016827509542
-0.0298914038683955 0.0826932484441292 0.052355167815149 -0.0293361488050006
0.032554759604727 0.0725797659781226 0.023828855147698 -0.0726004592884964
0.0755672595174409 0.0235767186947708 -0.0314831071878551 -0.0656662962177186
0.0601137458229595 -0.021339340021713 -0.0503030649430265 -0.0222681592962462
0.0348040709401806 -0.0427530512063928 -0.0314823983563882 0.00512613789177992
0.00504518199686394 -0.0527144827914646 -0.00925786008781291 0.00477052298502177
-0.0081961874657438 -0.0473525355135386 9.03967090339679E-05 -0.00233387279642879
-0.00695727917448727 -0.049964348615228 0.0119168198782476 -0.0082021805651403
0.018661409095614 -0.0502546752740269 0.0283890099016884 -0.00810855592308051
0.0435461450458089 -0.0350653016633304 0.0425675791054271 0.00515937405119894
0.0738649698206411 -0.00664466668247164 0.0361059251166604 0.0381128044417304
0.053914849237311 0.0490627593861182 0.00421089090863087 0.0606975154005268
-0.00458149679664163 0.0801994662675504 -0.0236522201557075 0.0295562344455123
-0.0507649712607793 0.079512824126266 0.00590315880563363 -0.00415369708277503
-0.0573451297200605 0.0495938546602271 0.0319775234064123 -0.0456920520901039
-0.03932319893636 0.0734973738564101 0.0692606741518764 -0.0400779022231531
0.0208263023866902 0.073381710567433 0.0402906528038766 -0.0691990249730867
0.0694445197261322 0.0301210659593684 -0.0100498525310101 -0.0658416750559667
0.0584604885975675 -0.0167177077786268 -0.029170122087316 -0.0334546261614278
0.0340637660088542 -0.0389788669537609 -0.0202705824415102 -0.0144374696609059
0.00571460765521492 -0.0486704245914273 -0.00577474448301403 -0.0152796054736651
-0.00840496913832791 -0.0438196823782355 -1.13956300334404E-05 -0.0209924621386993
-0.00773690849375526 -0.0453710154382393 0.0113657733755232 -0.0258627535028098
0.0150309764407153 -0.0453475937816169 0.0302531754017339 -0.0243968712635623
0.0381589535981926 -0.0325543600209494 0.0487956073961282 -0.00926702630247838
0.0663660151030465 -0.00521637033112233 0.0446740677785967 0.0277821687614364
0.0458314332243723 0.0458018886629876 0.0145336944144998 0.0534441287266762
-0.00858971414120156 0.0702037083068183 -0.0156131546157375 0.0215266072938708
-0.0490856272497109 0.0635516980192953 0.0237446602152918 -0.0212882859414792
-0.0442281837663692 0.0268527610542067 0.0598995624148436 -0.059230706956971
-0.03784497865548 0.0491973640193852 0.0830191953433504 -0.0468595517549035
0.00805090522348405 0.0568196373328149 0.053644578203351 -0.0622365411904323
0.0502102550911297 0.0267332880879647 0.00880041802307009 -0.0615496565605127
0.0441272305805229 -0.00988866571218298 -0.00994312768561525 -0.0407189334779356
0.0264774746084819 -0.0283896275319539 -0.00979929662426826 -0.0309518665116296
0.00470798501751322 -0.0364181947307401 -0.00302203082184912 -0.0319872663908039
-0.00709989212088293 -0.0336440703214648 -0.000508200115890881 -0.036339795822426
-0.00709377773075376 -0.0354421860925737 0.0112470269248739 -0.0404926470767642
0.0104465124431667 -0.0348865246714823 0.0325931784866492 -0.0377711647514256
0.0304311680124088 -0.0253259333631195 0.0537537611862271 -0.0184199115251242
0.0521564348795185 -0.00150583220161311 0.0503502316060198 0.0218132585069116
0.0310823730084968 0.0391608210622159 0.0203046619285421 0.0474320040857432
-0.0142022792036942 0.0528265918609593 -0.0090934651433579 0.0158304550299695
-0.0426253413382742 0.0400178736320288 0.0383255730161766 -0.0332482032985145
-0.0227502590404809 -0.000744148123996656 0.078327241387374 -0.0647107373149007
-0.0250940024712397 0.016325754171758 0.0879377897099125 -0.0514414663010753
-0.00182008913799522 0.0271723813428601 0.0595145696131997 -0.0576616121252165
0.0230235748212079 0.0139332568056376 0.0197822830928984 -0.0589691707754442
0.0206086094751625 -0.00378386224723624 3.25797531248248E-05 -0.0451160907883433
0.0124863662118764 -0.0124990162012279 -0.00469506436910607 -0.0410053817020014
0.00169759824185067 -0.0179726429586598 -0.00328315640698838 -0.0428442323948802
-0.00518905552858086 -0.0179373576403418 -0.000988086285217372 -0.0456080751596812
-0.00507047216798189 -0.0203220901718277 0.0110579174709331 -0.0500319069687331
0.00505794285778849 -0.0210711331409871 0.0357892225084767 -0.0457685622884966
0.0193258701534052 -0.0167939581064764 0.0594330080634044 -0.0229584236238692
0.0332711650960216 0.0011831589027753 0.0557503898381325 0.0208377016338953
0.0144394839693555 0.0285795698978899 0.0240285404274048 0.0448897806967886
-0.0166906003136111 0.0307256962086793 -0.00623038150443713 0.0132463968515603
-0.030772493026734 0.0120023875604805 0.0476956697279596 -0.0378681668387056
0.0164040351170052 0.00634880106568838 -0.0231245104178053 0.0676585903329741
0.00661235372808815 -0.0115310226251566 0.0191811312401626 -0.00340420715811208
-0.0082823987936206 -0.00879927541797447 -0.0353613200756348 -0.0418016512072978
-0.00866638063041219 0.00474324319091244 -0.0711657795676381 -0.00470216870030193
0.000670144855436851 0.00688089684635577 -0.0596197080088878 0.0495503104905545
0.0021651107218289 0.00075776262099243 -0.0169349114899216 0.0669316030943838
-0.000149777921259075 0.000465749010689599 0.0135322509094423 0.0564871106324204
-2.63083665127455E-05 -0.000907650015985558 0.0240419465956585 0.0455546463855589
-0.00309337992197394 -0.00327310041864715 0.0284405864901054 0.0403841214298061
-0.0010839335057923 -0.00694228225885346 0.0268557850155281 0.0400272719262248
0.00185836797100541 -0.00513484499407297 0.0208125581449504 0.0465400141358757
0.0051400817570315 -0.00722834782609453 0.0041525206809198 0.0633671905632413
0.0130028134981597 -0.0021581881366425 -0.0276199121015843 0.0736301786687117
0.0179478519730056 0.0117755344768145 -0.0609409652143805 0.0708145797047349
0.011671941333439 0.023376121939486 -0.0520527845306457 0.0856445335694023
0.00891420585442772 0.0372796310369352 -0.0310931946916892 0.060007072229164
0.0145187861466837 0.0165364944377372 0.0188466753921637 -0.00622097411728642
0.0155873776304304 0.00259346362502062 -0.0343838523673114 -0.0471544217209281
0.0145820353020996 -0.00542938960403446 -0.0745407912456735 -0.0102869331359434
0.0120031524742251 -0.00998187743619435 -0.0635369034964206 0.0448730126594224
0.00348857328334319 -0.0173085512651309 -0.0194451138029703 0.0639698183621558
-0.00794710207498561 -0.0164419409823342 0.0111145041535543 0.0524083263587884
-0.00979494956183902 -0.0160100387014799 0.0214402063861502 0.0412110942199945
-0.0106953814506713 -0.02135857642415 0.0274585409658188 0.0334586156267242
0.0030809119353144 -0.0285884529545537 0.0299038007717785 0.0326906319736341
0.0186944889993184 -0.0220078907766818 0.0269443170489574 0.0406280579555729
0.0350597781283477 -0.0112784492224076 0.0139661399724398 0.0617867349039882
0.0359340449275719 0.0184425982588277 -0.0163031464471262 0.0744901372187538
0.0184531229517506 0.046462326329372 -0.0470632152604383 0.0656592595151844
-0.000259178724636967 0.0600611179507841 -0.0405676624428785 0.070059297282701
-0.00295919445705903 0.0633760599417895 -0.0323646747637009 0.0410388890349743
0.0181212877111954 0.0465268618432647 0.0219598216427407 -0.0150353143928074
0.0378908090399913 0.0187981187790867 -0.02925861446559 -0.0567268808796146
0.040164907511678 -0.0123352148621293 -0.0747329656121321 -0.0214654975691577
0.0248658023121188 -0.026692651240328 -0.0665517703721039 0.0347456439843147
0.00632436438277307 -0.0346515536106808 -0.0234092609785008 0.0544856998831856
-0.0141694908867768 -0.0326036246708942 0.0054915228089794 0.0420768772277911
-0.0178982288894565 -0.0286239384021291 0.0157931284392189 0.0298722794119971
-0.0184308410899206 -0.03454988930828 0.0238003350088864 0.0205004763041313
0.00254621480579586 -0.0451792638363125 0.0311586359972264 0.0179283150313401
0.0271615954446194 -0.0385802854771433 0.0353682343249104 0.0267269242638883
0.0558321596521851 -0.0224010716082007 0.0297761250804387 0.0536718332668722
0.0574141372114597 0.0263593509192682 1.08574648808608E-05 0.0730918199466226
0.0251599824734624 0.0694251917006612 -0.0328265999109634 0.057961887302912
-0.00648560007195381 0.0870277423894653 -0.025949068776652 0.0464641880446111
-0.0174006699852549 0.0791157010641778 -0.0247459254779797 0.0128114790119594
0.0141743986044087 0.0727424698174968 0.0286148797363826 -0.029389926231863
0.0534359851618028 0.037482401317866 -0.019197986173071 -0.0679453541960492
0.0632761759042242 -0.013498323160613 -0.0678805857242682 -0.0355186912171414
0.0377059664781005 -0.0387178730824043 -0.0642873916565281 0.0182442289843818
0.0105672961825742 -0.0480300361429324 -0.0267239521550287 0.0383659698821302
-0.016807711886872 -0.0443024232326659 -0.000841124281708132 0.0260724333455111
-0.0242717081840387 -0.0374285779355441 0.00815458814628119 0.0144155553162275
-0.0243994642786548 -0.0419322479136021 0.0166536717268878 0.0042544886812652
-0.000472501673692176 -0.0541971433284718 0.028900339858063 -0.000946893118531231
0.0286462968633251 -0.0488040522659894 0.0411494587106549 0.00777640906149808
0.0649517603111661 -0.0331177664071486 0.0430491092145772 0.0399881089994527
0.0699311357092745 0.0260496322184853 0.0159576281626858 0.0665798384329104
0.0305252080433192 0.0782016800954606 -0.0216328239032904 0.0477648927163746
-0.00960202956100496 0.0992824827379951 -0.0122923632216897 0.0182307995710958
-0.0294972820106149 0.0808148660412649 -0.00949838326367251 -0.0202092824949502
0.00379141847362999 0.0866354349675987 0.0383617822228795 -0.0470015821243255
0.0560872288009415 0.0539356962828466 -0.0036828935379474 -0.0759131893713877
0.0762215786297343 -0.00777944577845242 -0.0523435117941282 -0.049446666759388
0.0461471946508851 -0.0429407872382463 -0.0547995361844036 -0.00206958547009996
0.0150623059881139 -0.0534580127240187 -0.0271028674338251 0.0167820973348949
-0.0166452027351233 -0.0497490136963235 -0.00752309962054846 0.00642835226878865
-0.0265570485044126 -0.0404728672963442 -0.00113571851561765 -0.00290674175555749
-0.026952231786071 -0.0431722463565969 0.00831978325299305 -0.0129709937865927
-0.00319209364549732 -0.0543137297930368 0.0240571053868332 -0.0195289251127759
0.0263575674302506 -0.051249750791152 0.0427972369305168 -0.0114381274498214
0.06477354248012 -0.0368347985368472 0.0513755556436298 0.0238508431345177
0.0703977782453126 0.0247366661943293 0.0275802241236969 0.0552040456093997
0.0289464744517188 0.0767499177704803 -0.0138369085367988 0.0360828598428412
-0.0131664118767677 0.0970256042589525 -9.79020538505069E-05 -0.009501684114758
-0.0347677652877927 0.0670713457352374 0.0115319075721896 -0.0519352035524878
-0.00879704103563875 0.0816577236041158 0.0490229976353922 -0.0634450956389118
0.0456179338779685 0.0589355409923138 0.0128872574885426 -0.0790137866289605
0.0730140973866125 -0.000330908815023826 -0.0324808716786396 -0.0576070861416763
0.0460413909350357 -0.0376114725381135 -0.0402468960209118 -0.021098694098343
0.0152595927849769 -0.0494232001538901 -0.0247435650489284 -0.00645007544409228
-0.0141656562276723 -0.0465830997792739 -0.0130762844340014 -0.0133816725416415
-0.025153890209646 -0.0373676728835836 -0.00929878779827593 -0.019693751389949
-0.0255640040094407 -0.0387209070754767 -0.0001933493694427 -0.0289042914049289
-0.00462255373047177 -0.0483336526024236 0.0180928019124318 -0.0355714703017105
0.022974796068567 -0.0461415502302746 0.0416828501132925 -0.0270576629363893
0.0587440763004279 -0.032449723169938 0.0549584590077866 0.0104904943874019
0.0612843977342342 0.0245578380342246 0.0337848294100636 0.0443669324101326
0.0210441886327224 0.0687177942371907 -0.00904685217296461 0.0255398043768195
-0.0182477482788568 0.0807808160950108 0.00982653040225474 -0.0326060220842183
-0.0320295343085346 0.041363231216548 0.0314213640951113 -0.0764442916272353
-0.0166060654479758 0.058898078470351 0.0574247821475683 -0.0755886909762991
0.0273520274007519 0.0483730761225077 0.0261866038562788 -0.0776983230702758
0.0541854999212937 0.0043792269832522 -0.0145629646670291 -0.0609548034675789
0.0353703502323303 -0.0263201371776202 -0.0258177649515311 -0.0350056318166781
0.0122578792688352 -0.0359734650951229 -0.0222097950496285 -0.0253463883684501
-0.0105252796564768 -0.0346812600779607 -0.0177541495835912 -0.0298699289404118
-0.0199991619261284 -0.0279652260235562 -0.0160808250978947 -0.0329787803058002
-0.0206162411794154 -0.0293141013272213 -0.00696921276354873 -0.041860778874962
-0.0043826598854418 -0.0370709486380859 0.0145997526739002 -0.0481345906030675
0.0180824566958628 -0.0362596614029733 0.042618800618745 -0.037945849985873
0.0474065892849801 -0.0227969031760608 0.0569818683241942 0.00171757573752232
0.0449984600868253 0.024795957550382 0.0366810777954336 0.0355862742504052
0.00888551229110173 0.0548501943982986 -0.00482756893430656 0.0178309829088725
-0.0220285682204967 0.0557303729963709 0.0194521439736941 -0.0489779751974798
-0.0222239317656408 0.00775242108370467 0.0456694685751094 -0.0904646463912784
-0.018041020975154 0.0240706119763985 0.0593561533050894 -0.0822977361151253
0.00757563142630467 0.0249371785315221 0.0326181293147008 -0.0758988292522873
0.0248188332959623 0.00384593881215116 -0.00456610994721839 -0.0621606798210545
0.0168862530207755 -0.0111292887575691 -0.0183039514541802 -0.042404866184017
0.00629606141720855 -0.0163951701674442 -0.0215665599684837 -0.0363587010934027
-0.0052925816311062 -0.0167676674852927 -0.0217834625752566 -0.0385471915946524
-0.0122143316292818 -0.0140242000070428 -0.0206744153766049 -0.0414416641946762
-0.0126181002204573 -0.0161776463734158 -0.0111721498385966 -0.0509180561757817
-0.00396552066416747 -0.0215660364316882 0.013048891441205 -0.0573681462246049
0.011212426774626 -0.0237237620731411 0.045433953909966 -0.0448059057929825
0.0314005526735409 -0.012083581432739 0.0604689242602149 -0.0017072249742476
0.0254909131553175 0.0214841917065416 0.0389843996820569 0.0313109995479289
-0.00264564146393683 0.0349509827695477 -0.00181269611656606 0.0137879608739234
-0.0234564988589538 0.0234896469861564 0.0274232145373606 -0.0559506549422805
0.0166034341655046 0.00623991014099359 -0.0222224115074602 0.0692259962905394
0.00654738159810845 -0.0117679431162882 0.0200691160526139 -0.00390676869920533
-0.00789380466581379 -0.00851222832256228 -0.0361687932306173 -0.0426591467584368
-0.00908864982380472 0.00486560305915687 -0.0724357353375607 -0.00476374467772483
0.000888616689790256 0.00674211663167891 -0.0606845807038706 0.0510338703415341
0.00179569088892104 0.000812033623899503 -0.0168905071582274 0.0687150224187361
-0.000122801293034323 0.000487055616410529 0.0146868037905383 0.0575460859124797
0.000162511913352558 -0.000755694397002651 0.0254844000987267 0.0468199140014182
-0.00342629583232959 -0.00321540883416598 0.0299081939660104 0.0409102043090383
-0.00113843236597203 -0.00731001809563867 0.0281690653956706 0.0410728193105892
0.00205142922657114 -0.00510566142881968 0.0216612706095776 0.0473024408550342
0.00502915351133723 -0.00677905963428241 0.0052028887684779 0.0648759772582261
0.0130549939401506 -0.00238294552890987 -0.0279862313174138 0.074829668479668
0.0183830199877463 0.0117282215973734 -0.0618450153021483 0.0725055018455178
0.0115005213146528 0.0233904410477794 -0.0521306009219661 0.0883578492681515
0.00936941474200965 0.0381945573387456 -0.030498167749862 0.0615181117845448
0.0151838615017287 0.0166830510424554 0.0195924019125708 -0.00618978904330759
0.0159423414487884 0.00241076963179131 -0.0353008667338389 -0.0485482437915534
0.0146428264846688 -0.00570973909565781 -0.0762060113077795 -0.0105431516032335
0.0119170510492894 -0.0110492080884785 -0.0651183518382604 0.0465235026479376
0.00312911313610803 -0.0178267356364732 -0.0196339367049382 0.0654022519001976
-0.00878378013987184 -0.0166843998291935 0.0116022202568297 0.0533653172757021
-0.0100079572191277 -0.0161708299558136 0.0223238478003418 0.0413348489815818
-0.0118825369789942 -0.0217751814137245 0.0291279517605461 0.0339248311666
0.0029110109880075 -0.029899578703073 0.0309411285537451 0.0332998138934044
0.0192715543160592 -0.0230819609766493 0.0278809022095075 0.0411773470203722
0.0359486756568688 -0.0121977229982342 0.0145965807679325 0.0625940221315522
0.0371623005048861 0.0182701153355837 -0.0163955606064514 0.0755808270513337
0.0194130364727669 0.0476056707351433 -0.0483550442746429 0.0676194120948462
-0.000187143693880145 0.0606648390802743 -0.0405819173925158 0.0728258390690521
-0.00273055291489704 0.0646601850874563 -0.0320891271377518 0.0420436335963299
0.0190585556629315 0.0473448182387891 0.0226612545712434 -0.0155671816342248
0.0389090808322969 0.0186942511229897 -0.0302985564242351 -0.0583099866186989
0.040442686323753 -0.0135009233123426 -0.0761222332449813 -0.0215649560436261
0.0245494216037501 -0.0280611563416398 -0.068080899956176 0.0359145991134968
0.00574937549416822 -0.0353440335737903 -0.0236362252850453 0.0557597978444413
-0.0148707483800325 -0.0328873101299224 0.00606726017744916 0.0430606882368797
-0.0189125646389365 -0.0292527565431719 0.0162264814151369 0.030560465810125
-0.0196359618727363 -0.035302110460435 0.0245248559041614 0.0209562719071154
0.0020226999805777 -0.0468356887352934 0.0318769846150279 0.0180327013787062
0.0272268446575667 -0.0395365757312862 0.0367337303060766 0.0272853124605487
0.0567995087991582 -0.0236235811290208 0.0306402961046905 0.0538706430303204
0.058826879594768 0.0265047583314295 0.000596376140237543 0.0742312300309771
0.0267047948396083 0.0710480037467212 -0.0336035661163391 0.0590450419102082
-0.00624583152428901 0.0886593058136434 -0.0264750036983659 0.0482970667655989
-0.0169496393285918 0.0808195298727818 -0.0245194769322237 0.0131477076474265
0.0153775106266316 0.074470412657063 0.029544201018155 -0.0303267806825063
0.0548306017754312 0.0375541429079357 -0.0196956230871809 -0.0690664068225695
0.0641648658685075 -0.0151727482217075 -0.0693884720585406 -0.0361712633443528
0.0370535717856947 -0.040492525761574 -0.0660334496552586 0.018986681986917
0.0100688763723632 -0.0494722293916009 -0.0271493303370982 0.0388841437785502
-0.018125369517703 -0.0448150401599677 -0.00106777540763032 0.0266009277878045
-0.0250331650912662 -0.0374347193915584 0.00796571451032259 0.0145050891195264
-0.0258136121965016 -0.0420881451385783 0.0170992455414858 0.003959474073137
-0.0015037683674891 -0.0558012829506505 0.0296032952678666 -0.00112453454010063
0.0288037124256663 -0.0503922595354466 0.0424620232373754 0.00745622556958909
0.0657916978777965 -0.0351704747990015 0.0441047462272419 0.0399886615730841
0.0715459444957067 0.0259587398504197 0.0171623441226067 0.0669232757573218
0.0319226636354503 0.079765442562924 -0.0218796232114029 0.0485510032118804
-0.00922409966174811 0.101046075943849 -0.0128577086759122 0.0188333437344889
-0.0291630212129281 0.082546718223203 -0.00939455470095396 -0.0206860367377611
0.00472189242568815 0.0882694572931508 0.0393611036780157 -0.0480935545027218
0.0576029781621207 0.0541291026085816 -0.00378279112158651 -0.0776663707679755
0.0768186282370994 -0.00966705891915826 -0.0535928490127718 -0.0496003920439232
0.0464729174707722 -0.0445241988426391 -0.0564383972532356 -0.00186764884603327
0.0141046478451623 -0.055187786932714 -0.0276135123736486 0.0167861500726489
-0.0179905277449841 -0.050354013676588 -0.00773402783074253 0.00642191445413336
-0.0273115456214648 -0.0405676370106932 -0.00110287588816034 -0.00300661301435009
-0.0283917684077987 -0.0430759357046646 0.00824582851097153 -0.0132332633075265
-0.00429004868960451 -0.056118331613987 0.0240244830700288 -0.0200408917120393
0.026143029096189 -0.0526596110375048 0.0431271595362 -0.0116821311283959
0.0654482816241041 -0.0389481097758388 0.0523607982707501 0.0235701800719709
0.0724592084736669 0.0246182310056482 0.0289855329742507 0.0557199676243942
0.0305994632720933 0.0786562965903613 -0.0140613212053378 0.0370331614072413
-0.0125837345389405 0.0981420304826505 -0.001036893409288 -0.00929486811810921
-0.0346867012367286 0.0687733928602254 0.0112568680347619 -0.0532011473489758
-0.00806482323683086 0.0836758729952547 0.0497189838401977 -0.0649105372942785
0.046869872152142 0.059512337114816 0.0126864357596293 -0.0807422091295635
0.0739521694547271 -0.00153815726632865 -0.0335061923258835 -0.0583274240521959
0.0465791419499297 -0.0394016764271424 -0.0416497655116119 -0.0213024374895657
0.01533194478226 -0.0508949668666452 -0.0256361604134363 -0.00664384156100019
-0.0154110000559725 -0.046995070885147 -0.0137985223730648 -0.0137227970532992
-0.0257517978365242 -0.0371324189546344 -0.0101884450091898 -0.0196530189522592
-0.0266960010453895 -0.0382673326835197 -0.000743979673488079 -0.0294816543376783
-0.0053063174160156 -0.0495238056243139 0.0175983726932946 -0.0367677195265486
0.0225922666155493 -0.0474870787995306 0.0426201383815284 -0.0281505688400896
0.0589757193469468 -0.0338661854330567 0.0556124877465913 0.00990555386104901
0.0624817189128989 0.0245771343485734 0.0352824570112406 0.0441227694103452
0.0219509353913344 0.0697930232374094 -0.00929622335058402 0.0262853125738604
-0.0179311661504629 0.082326070108971 0.00922197658452343 -0.0333928423582886
-0.0320852929670939 0.042409739708396 0.0314764975625715 -0.0785008912343189
-0.0165048892910584 0.0603427184788501 0.0583029749726415 -0.0771874256104276
0.0284424760503179 0.0491064581135808 0.0261774404140812 -0.0792538300954949
0.0544857234778186 0.00343208746576864 -0.0149127136668507 -0.0619507442958997
0.0357768726869995 -0.0274938728870052 -0.0270553807903906 -0.0355840013824621
0.0122388332538781 -0.0373222142340111 -0.0230121926179128 -0.0263232406993415
-0.0112192372544329 -0.0351209781447023 -0.0191666118746113 -0.030784921433519
-0.0203673792351476 -0.0279261027345579 -0.0174448904716058 -0.0336439176010648
-0.0212487569652035 -0.0291272342995276 -0.00793930963159474 -0.0427527829405951
-0.0050107262129569 -0.0374731106301547 0.0139272964493344 -0.0495582687184651
0.0180852178426748 -0.0376078769244176 0.0427773596979179 -0.0393852497273128
0.0476597797244116 -0.0239583651742577 0.0576558536088352 0.00141835655489013
0.0463610700569431 0.0247124467808491 0.0381584181794724 0.0355979189159795
0.00890959954666064 0.0557121347168001 -0.00513324460306233 0.0181493709767498
-0.0226881586129019 0.0565719625716388 0.0191903934514937 -0.0498301378725021
-0.0228330918091918 0.00821091514681052 0.045590772493915 -0.0925058787152521
-0.0178158117057865 0.0250244986420355 0.0597703576345655 -0.0844182284383985
0.00761479477397633 0.0253549095835935 0.0326133521220668 -0.0768102195689826
0.0247016856510376 0.00334696568891161 -0.00502963099840514 -0.063229872284837
0.0169581430484068 -0.0118977337976298 -0.019165811722642 -0.0439238639229671
0.00622901754086571 -0.0169438900003237 -0.0226959217020377 -0.0371420494837922
-0.00563559729713405 -0.0171155394540461 -0.0235366202651585 -0.0397028713593907
-0.0118069077136934 -0.0136709303619892 -0.022544715858493 -0.0419430271187028
-0.0130880420740108 -0.0158137741538954 -0.0122699405503425 -0.0518965353784794
-0.00423344681165815 -0.0221116545790034 0.0131039075746079 -0.0584433730529534
0.0112258116320196 -0.0244596841991619 0.0461191227734046 -0.0462495308943911
0.0314071982565819 -0.0125368685601507 0.0614283479465307 -0.0025581277047936
0.0265379851754086 0.0219074100222695 0.0395668345013466 0.0313901755479755
-0.00250735350088804 0.035233749803877 -0.00200169104726708 0.0141939070223286
-0.0239116652171398 0.0241858135178481 0.0267649098530148 -0.0571013575837103
0.0164449799540717 0.00602898942962078 -0.0193814288717956 0.0703349882032777
0.00617265869860043 -0.0119466013036269 0.0202185282017134 -0.00499527367025176
-0.00825079762553128 -0.00820143334624349 -0.0381402179892294 -0.0420731003493233
-0.00892123272696621 0.00517812669210028 -0.0736390941487828 -0.00239253549379032
0.000610973055543692 0.00625791880675413 -0.0592100041479605 0.0540758382161669
0.00162800295246332 0.000462723565405987 -0.0142132762326753 0.0700073633574169
-0.000474624766000734 0.000761348288830787 0.0163793306291831 0.0574699984247127
-0.000237418365589678 -0.00116622074952547 0.0279779932611977 0.046164170909268
-0.00394756860753992 -0.00351969022928726 0.0321964332807606 0.0402316426063654
-0.00168021437026575 -0.00744476194625292 0.0304845127962977 0.0408414109233863
0.00220515489065443 -0.0055130085687876 0.0236136484136364 0.0471900283155054
0.0054089781313536 -0.00743957025926636 0.00708133659493259 0.0652052578794584
0.0131664766133398 -0.00250051910447565 -0.0261533424786048 0.0758567117124912
0.0188694541853955 0.0109844296315687 -0.0604916689469222 0.0753566469966481
0.0118883851360673 0.0233397182427544 -0.0495728386178713 0.0916559221760685
0.0103280278782217 0.038159424389432 -0.027855716330714 0.062869454147328
0.0162600373096838 0.0164671629893215 0.0199447080393904 -0.00745122473761803
0.0165848428343283 0.00160937177781913 -0.0373773295706825 -0.0479171744187984
0.0144272738194543 -0.00658543083254757 -0.0774574863829662 -0.00834515972507378
0.0111620665050082 -0.0120667801091658 -0.0644067773354966 0.049970587876968
0.00234260512827107 -0.0185419929303505 -0.0178461418562156 0.0668060189631166
-0.00970527319350649 -0.0166083629654964 0.0131856176658234 0.053389693610903
-0.0108994539954414 -0.01586557978021 0.0247531037771407 0.0405845377975642
-0.013295481106327 -0.0213273670510286 0.0311726117951551 0.0332602042033282
0.0012971455745365 -0.0306220760752043 0.0326094693598183 0.032702157417004
0.0185150409934655 -0.0240035651810847 0.0298232956446077 0.0412450628687762
0.0357100500990202 -0.0138550926602771 0.017377359867131 0.0625864857778961
0.0383942326771696 0.0172003224077195 -0.0141451695696608 0.0765027597376072
0.0214068902282598 0.0474072749905997 -0.0466587038406186 0.069861064445068
0.00133882413472773 0.0614320203745212 -0.0383881885122968 0.0754079616658123
-0.000620059784845405 0.0656716793848135 -0.0304831438845321 0.0432715410675715
0.0208576791944124 0.047417781824692 0.0230498923958213 -0.0164661174615269
0.0399362008569466 0.0167292814695357 -0.0321544025260397 -0.0578335211623167
0.0400001978005479 -0.0154958459002303 -0.0777370291314351 -0.0194917307090469
0.0235692211852465 -0.0299560739956231 -0.0682158056731601 0.039332651271483
0.00442087246347042 -0.0366192660899159 -0.0221096229541941 0.0572824115416113
-0.0165618339501392 -0.0323090916578714 0.00723298800167397 0.0428990468030277
-0.0202783558873875 -0.0283241709726464 0.0178386270164787 0.02977841850863
-0.0216123723102993 -0.0344967251886769 0.0260162055667484 0.0199679615143963
-0.000261526146506398 -0.0479484269942576 0.0334029172621619 0.0170246966742252
0.0262361957958911 -0.041107519051084 0.0382024198356403 0.0264850682551465
0.0566132236701812 -0.0264105129746092 0.0327585048107473 0.0533635182528687
0.060535037418258 0.0247753705974085 0.00354171728204359 0.0741753459289511
0.0294433367555871 0.0702808320070181 -0.0322255558686023 0.0613192583882953
-0.00360013207648739 0.0896477310364787 -0.0250911871481285 0.0502433130440802
-0.0141248970958824 0.0825666477490416 -0.0243463450539899 0.0139872714266308
0.0180539188820398 0.0746268084144478 0.0293380281167932 -0.0314550668660732
0.0566194810204552 0.0357500089606719 -0.0216967044682526 -0.0690663279440262
0.0634563797012889 -0.0181820456255974 -0.0712788059736354 -0.0344216038902125
0.0359951896021195 -0.0431983402867983 -0.0671180053491721 0.0220997423752379
0.00838525932115108 -0.0506097731673647 -0.0257823663884688 0.0403761874511393
-0.0200354997748556 -0.044676365245982 -0.0002910370298554 0.0268247738532192
-0.0266060954142004 -0.0365792879316654 0.0086136246045849 0.0143818015674306
-0.0280855378096676 -0.0413521615513654 0.0179241060549843 0.00333244516249953
-0.00400220802245265 -0.0568116313089467 0.0296802441246608 -0.00232772371894823
0.0269287048685527 -0.0522643799579985 0.0433337638379392 0.00629888286424389
0.0649671232120493 -0.0385388307826535 0.0458474993543483 0.0385697725878323
0.0733739382215577 0.0239702376507831 0.0200336525045087 0.0662085658266564
0.0355227317838025 0.0796935094646285 -0.0206067374911714 0.050272772679348
-0.00596423364974757 0.101884099824744 -0.0126722775041744 0.0199827544033404
-0.0262176395315266 0.0847213869692124 -0.0101844882129985 -0.0204731030778564
0.00787367773801021 0.0894249696061913 0.0378026453202661 -0.0498504009284956
0.0603133491873799 0.0522908679494347 -0.00625232584748209 -0.0780145928045836
0.0771895049660911 -0.0131659115407402 -0.0559178548747559 -0.0488140879603405
0.0450365204562377 -0.047369595295037 -0.0580080441976429 0.00036334535323981
0.0118729888388862 -0.0570110178464354 -0.0271726744105416 0.0177648122931013
-0.0202428978879086 -0.0502704475740511 -0.00801777839319203 0.00676109409593427
-0.0291848058365437 -0.0394757559341079 -0.00168599106011296 -0.00296124658428292
-0.0306875659145883 -0.0420341108395425 0.00789135697232779 -0.0141345153943902
-0.0068990822435982 -0.0566142381784535 0.0233062559595482 -0.020744582662739
0.0244693892970895 -0.0545221824123989 0.0435082826460813 -0.0135023257853042
0.0643425354584565 -0.0425250669303791 0.0533015784889728 0.0221595598747978
0.0740193620920696 0.0221269992619277 0.0319024115735898 0.0546777771286212
0.0340549367501305 0.0782472329967848 -0.0134834941072492 0.0383262178372943
-0.00952389007632623 0.0993653291372791 -0.00203562705772704 -0.00944528960852128
-0.0325577269331013 0.0710441730350068 0.0103571852732645 -0.0543563147862315
-0.00498734465962727 0.0850072808919088 0.0480564792265022 -0.0671286391442348
0.0493617210952561 0.0579822214605417 0.0107721763161352 -0.0812202629891502
0.0738840577311242 -0.00451642536661426 -0.0354891097983413 -0.0578908617103636
0.0452025225343044 -0.0416886036223944 -0.0430393342885089 -0.0197414251632311
0.0133712284403198 -0.0522736469111059 -0.0265091036381689 -0.00592307881327722
-0.0177847516945531 -0.0470504591951994 -0.0151922989743849 -0.0137696766770376
-0.0271994915016439 -0.0358225221490224 -0.011547246799358 -0.0195418909994789
-0.0287375646332142 -0.037472316483513 -0.00230338201676473 -0.0298342407972043
-0.00748021645996038 -0.0499297568605113 0.0161207117946021 -0.0377468286992741
0.0209722598029595 -0.0487395811349049 0.0424075435950557 -0.029868296047431
0.0579271325096353 -0.0371891827566836 0.0559179428248671 0.00795096420410323
0.0642178761281289 0.0227301907871893 0.0376059621913021 0.0426483010924809
0.0246214320720113 0.0695082049789257 -0.00833495857014198 0.0270091077467888
-0.0150495986366201 0.0834178859309474 0.00732301774439502 -0.0339639725361541
-0.0304178883509377 0.0440561227805281 0.0290434024449235 -0.0807918257634326
-0.0138732188073587 0.0616712880798528 0.055557471267652 -0.0796020853231513
0.0303509226666007 0.0481101466499164 0.0243169942823606 -0.080452709558652
0.0546378736627815 0.00110457955347482 -0.0171664221571388 -0.061928423650208
0.0350926608226041 -0.0293098090165434 -0.0284171482404432 -0.0352188084581071
0.0110481696561523 -0.0386097354933315 -0.0247913053127576 -0.0259397968790442
-0.0128719805818877 -0.0348891900234794 -0.020931158105789 -0.0303647925495944
-0.0214868738865858 -0.0267155102687898 -0.0198683453901944 -0.0333530033088537
-0.0227358123267968 -0.0281472135538784 -0.0100550600886452 -0.04309882170521
-0.00666109921890878 -0.0377093829030519 0.0116057028589889 -0.0504917403560977
0.0165386564356003 -0.0383648798101748 0.0422260722282155 -0.041336508128072
0.0470286293949807 -0.0265636773081509 0.0578876304576377 -0.000762585420041989
0.0482306544111801 0.0232497365397451 0.0399026767161211 0.0342448223194849
0.0113721135328167 0.0556398997090935 -0.00457875038450402 0.018419620940292
-0.0207399875914795 0.0578150066906736 0.0166107744271913 -0.05132555587455
-0.0223156128538047 0.00906451740032056 0.0429176260834558 -0.0951152058362946
-0.0170702184712383 0.0254003350150025 0.0569410804163322 -0.0867943376263641
0.00856193174103142 0.0254217961113614 0.0308127552719113 -0.0784968685797188
0.024501549914631 0.00199897454827793 -0.00690934362749846 -0.0635272292952915
0.0167161843211893 -0.0126666322505735 -0.0208461308548294 -0.0436707078036669
0.0056448160042976 -0.01735966759469 -0.0248611353145989 -0.0370728032298625
-0.00599682225827825 -0.0166707301063168 -0.0259256212485943 -0.0395355071131724
-0.012244972776967 -0.0132236381158496 -0.0251413708199811 -0.0414918626310131
-0.0134723355591637 -0.0151578481422871 -0.0145685961165208 -0.0518283552546857
-0.00499349804157624 -0.0217817223272385 0.0102846702670075 -0.0595334863182304
0.0101513114229313 -0.0249220115450797 0.0451415015396543 -0.0486765459181685
0.0311119819708694 -0.0144022746440837 0.0614203867439172 -0.00451436423052663
0.0274087509072277 0.0212694873707641 0.0412567668202603 0.0299953453817487
-0.00160040701414695 0.0355007900763731 -0.00179763711370272 0.0149630708671039
-0.0228475428007907 0.0249466408085713 0.0240711421931085 -0.0586424838906238
0.0160333865673975 0.00537243611773441 -0.0162829384367551 0.0694558558825888
0.00558406126350837 -0.0116738721513868 0.0202641721145139 -0.005530233108169
-0.00814830380941031 -0.00794469623951567 -0.039054901889552 -0.040277476374595
-0.008159351774378 0.0056200992035367 -0.0724040072143326 0.000229039368055313
0.000833235278260513 0.00587091577063692 -0.0563225736839243 0.0562065260209373
0.00158764385140092 0.000702343035303541 -0.0114446921634154 0.0700541008278598
-0.000556695503372878 0.000556581940401942 0.0185545488134609 0.0558547946175652
-0.000241693294758826 -0.00128527760788469 0.0296639671840412 0.0437446243779521
-0.00413081757813571 -0.00312980676511085 0.0340176364120249 0.0382745739308626
-0.00193413392131038 -0.00736323522374445 0.0315522164844796 0.0390871125649831
0.00215745223724422 -0.00544313052667678 0.0242975522062783 0.045368126096505
0.0051581057052681 -0.00747091595468437 0.00947339812909979 0.0634951155658129
0.0127059727854728 -0.00293263240664347 -0.0228612547379908 0.0752205092075741
0.0189604431284207 0.0102285443886318 -0.0569182901060408 0.0766645839850824
0.0119776776071632 0.0222456057584101 -0.0448379763599251 0.0928616574015756
0.0115785843091304 0.0369461693784546 -0.0242856372284719 0.0627943247852948
0.0167061372319368 0.0158683324127243 0.0199503915490246 -0.00826347957641575
0.016158211467407 0.000833229308808638 -0.0384065697830133 -0.0457795392310322
0.0135883796827812 -0.00739276005590706 -0.0764061382176946 -0.00534040265507685
0.0103780825435676 -0.012401089180166 -0.0614923141559539 0.0520654427143344
0.00111942604175923 -0.018365264336268 -0.0150344558859009 0.066801667591598
-0.010266580384581 -0.0155787311798761 0.0152535077684966 0.0518192686760545
-0.0114941286339465 -0.0150705471139182 0.026290765218207 0.0388945665081979
-0.0143052828131023 -0.0204307338291629 0.0323257510599961 0.0311944481534792
-0.000746115231399068 -0.0305487648810903 0.0339329952117035 0.0308435723253459
0.0177322999186837 -0.0246038050574701 0.0311362898424553 0.0389010714581615
0.034748346920651 -0.0152304591142835 0.0191909878260658 0.060224943533217
0.0381929041787871 0.0155963742530973 -0.0107222141970159 0.0751739025808807
0.0231880873592616 0.0456791540083141 -0.0436333647307377 0.070674476056636
0.00334408160816163 0.0600919495063301 -0.0345841394826408 0.0760762633650353
0.0024397245508502 0.0643174014732377 -0.0274970477411772 0.0436907720463717
0.022883107180561 0.0457956207650132 0.0223814231736522 -0.0172736950444926
0.0401458202696916 0.0146371841720537 -0.0338676905785947 -0.0558865584968826
0.0381767636078398 -0.017042976402823 -0.077319699099358 -0.0162508065046822
0.0214894357660899 -0.0306107180034877 -0.0653265155959095 0.0424480460673064
0.00256395412692405 -0.0365708745070004 -0.0197027307012907 0.0573461339022415
-0.0180238744988403 -0.0307602169368929 0.00877949135066442 0.0420279185053983
-0.0213608396943411 -0.0268832100293994 0.0188683285534187 0.0284618965954571
-0.0232156388082781 -0.0327144634662468 0.0269548864283705 0.0182029200860032
-0.0029891612620276 -0.0472625937992237 0.0335904937593861 0.0158815426434627
0.0242738385452202 -0.0418816280867034 0.0385037763746756 0.0243128569023771
0.0541842319628985 -0.0289588831694316 0.0340745957506024 0.0514253161346917
0.0606734311699158 0.0216993541034241 0.00634798635482317 0.0723055957868959
0.0316969023861395 0.068817186716142 -0.0294413446447237 0.0616498032081513
-0.000534391947076931 0.0875975739495672 -0.0227056809580804 0.050952372492845
-0.0100783741087999 0.0814410303565242 -0.0227508575805683 0.0148723812541515
0.0212435724348024 0.0730653510708982 0.0279837586710174 -0.032063899746881
0.0571275550314039 0.0324285474421919 -0.0235578280231672 -0.0672846573064393
0.0612034472067689 -0.0208247764956988 -0.0712913359743487 -0.0308394637679326
0.0330513806156057 -0.0444995866214498 -0.0648299526147663 0.025315594175803
0.00557841739454287 -0.0508127761285204 -0.0241233929454004 0.0407854390274996
-0.0224619066535627 -0.0427539521641358 0.00104229626625482 0.0259918188554068
-0.0279391973577104 -0.0347353653957233 0.00880792178659587 0.0136422683469135
-0.0295395712742681 -0.038946121035268 0.0178790361055884 0.00221883434639806
-0.00687369891839183 -0.055917662640794 0.0292213884358473 -0.00301003992151796
0.0239752467641361 -0.0526630952146257 0.043274155595291 0.00443028572393127
0.0618201498023055 -0.0408889154142366 0.0464609780770661 0.03593337729483
0.0734974768159337 0.0202936391082144 0.0225995051916513 0.0636760334367081
0.0383347797640525 0.0771510807994886 -0.0184375686680165 0.0504960228938076
-0.00240949993774522 0.10039682831253 -0.0119221213185185 0.0208470991961287
-0.022080558182944 0.0842104482951262 -0.0104735789324514 -0.0195369171642228
0.0116980427633016 0.0879446912198267 0.0358047313442109 -0.0496495731682918
0.0611447700114052 0.0487863888120561 -0.0091120194115391 -0.0761643335704161
0.0745164678318619 -0.0164033228915653 -0.0568297422676569 -0.0457365894435352
0.0420072543016675 -0.0491153136615055 -0.0571045392301436 0.00385122460519977
0.00916091502467168 -0.0570390320191422 -0.0265324511751971 0.018558453456288
-0.0227291247516064 -0.0483704161793179 -0.00764698120439769 0.00672557287539727
-0.0304513419702392 -0.0372697703914248 -0.00192721954365615 -0.00260734414748874
-0.032054772009284 -0.0395808661658717 0.00743892959600348 -0.0142568220574761
-0.00936829572474488 -0.0562167096643223 0.0216406191010342 -0.02170712651996
0.0216289868466886 -0.0547714251213822 0.0426167087517908 -0.0150045505562156
0.0608442586310104 -0.0446522916512245 0.0529476650716713 0.0189894865902386
0.073551729708956 0.0184445000499782 0.0337238097335563 0.0515478177800944
0.0364100867798169 0.0759070590648497 -0.0113658016108133 0.0385824643664713
-0.00596638655837998 0.0974446632115533 -0.00297907934124273 -0.00896215127684932
-0.0287749864608129 0.0708525274085617 0.00786098601058526 -0.053590791568803
-0.00157036311119338 0.0838898221475012 0.0445272084193414 -0.0672809509427141
0.0509797964090517 0.0548863766900407 0.00768381125176484 -0.0801493466705944
0.0722195636369544 -0.00780377874903427 -0.0370227257575736 -0.0553765419179042
0.0424230816540623 -0.0436554559775534 -0.0436882303506064 -0.0168881870284903
0.0102825974973984 -0.0528579654513502 -0.0264143366408117 -0.00494911583131264
-0.0196568023282853 -0.0455826254002066 -0.0161539341258083 -0.0128476536033269
-0.0283139369349107 -0.0338265682249605 -0.0126350462841922 -0.0186994374908227
-0.0297935804042641 -0.0348674356356243 -0.00333858965863579 -0.0295545504046209
-0.00971238741874375 -0.0490644532177659 0.0143427757898164 -0.0374198541244645
0.0183887333107 -0.0489837979972918 0.0406699451736166 -0.0308188693229406
0.054717686787324 -0.0391097497257395 0.0552088924193505 0.00575607367981576
0.0642974938304514 0.0194943384771867 0.0385816464244028 0.040019657491017
0.0273170020635753 0.0675399569178372 -0.00734555485235536 0.0270309133246695
-0.0115589855552111 0.0821548808743522 0.00493517109745277 -0.0333504650629527
-0.02802016447706 0.0441856363977781 0.0256353067236677 -0.080224272620981
-0.0113453647636265 0.0610724281422632 0.0515934489092327 -0.0799886446518261
0.0319496111131265 0.045989785284541 0.0212359140111533 -0.0800968198616228
0.053277182833789 -0.0015578760274772 -0.0189743999081192 -0.0603300564807028
0.0332085540389933 -0.030608208547342 -0.0296153047799709 -0.0331856301627715
0.00917198425780274 -0.0386357915862947 -0.0254944046207059 -0.0248921573351685
-0.0140648692659312 -0.0338208133506351 -0.0228068382775026 -0.028979758234407
-0.0217691400514406 -0.0249039909500899 -0.021282622571207 -0.0316730534127316
-0.0231414167077631 -0.0261682325158754 -0.0119401873033507 -0.0419623025957395
-0.00819146037234989 -0.0369207619721901 0.00918399155978978 -0.049893651294941
0.0147378311026095 -0.0382628887456155 0.0398816841744246 -0.04266336538654
0.044772937020627 -0.0282296116438806 0.0571985458818564 -0.00274870654205362
0.0481548977018411 0.020671022878667 0.0406872374565795 0.0317608382552963
0.0130724112748125 0.0540380871439277 -0.00420617787490228 0.0185436005843988
-0.017996410407058 0.0570831344857721 0.0132818657100743 -0.0506146099971787
-0.0211156514907114 0.00951197768831214 0.0382288449460013 -0.0956068909253774
-0.0157449812890024 0.0255238874066387 0.0523199218321739 -0.0867435818816631
0.00947789682839951 0.0243749904820314 0.0274817744859273 -0.0782399170269687
0.0235689334349121 0.000924782496229751 -0.00914575133275713 -0.061962670126167
0.0160179649699143 -0.013526477559001 -0.0223525193936632 -0.0422175859683199
0.00447135525223505 -0.017655918151336 -0.026125582958148 -0.0358289165073665
-0.00657990777039214 -0.0159584813035629 -0.028340201580229 -0.0375275295208941
-0.0118811426636668 -0.011816504813181 -0.027058371700017 -0.0394330267728588
-0.0137123758687535 -0.0136125180352389 -0.0171184531218348 -0.050249390210774
-0.00598518828028416 -0.0211057707584496 0.00749107385158008 -0.0586407525630058
0.00892964925066597 -0.0247631305916873 0.0418705725508079 -0.0498964287888297
0.029519761113425 -0.0153974083222511 0.0603781715089043 -0.00669719422765156
0.0278726855590014 0.0195700788528572 0.0418500668702763 0.0279410615884695
-6.33487565614647E-05 0.034459934401538 -0.00133595962717654 0.0146930774614484
-0.0214940403392664 0.0253449557218024 0.0205784997162612 -0.0587005065238853
0.0149963184901488 0.0051829903350395 -0.0135192556334744 0.0670312019557009
0.00519891452918174 -0.0114555792710971 0.0195081437800914 -0.00596380904742906
-0.00777363260155245 -0.00733277981302234 -0.0384760360318232 -0.0380400396143136
-0.00797118709962836 0.00572139698277247 -0.0705749149613599 0.00147878397099156
0.000576249355810468 0.00566941514040121 -0.0530677165557621 0.0556052043713966
0.00115998710585047 0.000326385146690648 -0.00928418965459487 0.0681870900540407
-0.000909038054840573 0.000649198177173479 0.0190292894686769 0.0533279247968997
-0.000409862783733166 -0.00104741940654731 0.0300868856899819 0.0414546235271788
-0.00434818797609717 -0.00324645956510784 0.0339073426465509 0.0360277370473835
-0.0025370939858241 -0.00752695303744627 0.0316421198861061 0.0372702824320758
0.00225187062719006 -0.00528179254984866 0.0242642501150017 0.0434222763676521
0.00469703881652019 -0.00696621952795888 0.0103568959267346 0.0608548469778867
0.0128015982788309 -0.00294913393138279 -0.021191395763914 0.0725604026999303
0.0182553260646641 0.00956096282614017 -0.0538736232388826 0.0753576164224856
0.0114476735174082 0.021204653893647 -0.0410646634404483 0.0910921769074718
0.0116169107206587 0.0356007125619808 -0.0219461277123601 0.0607538686466074
0.0163434561639307 0.0148738635963389 0.0197022986764218 -0.00812724072424976
0.0159885420171791 0.000393875807213785 -0.0380325822833473 -0.0431862059878062
0.0131326206003289 -0.00726166889922652 -0.0740308531241588 -0.0036882762403645
0.00935435306747206 -0.0127295181356077 -0.0578694051702315 0.0526482756215512
0.000280280563830037 -0.017844507787521 -0.0126443784785357 0.0651162416657294
-0.0105859092948368 -0.0145147704981512 0.0161351908655896 0.0496321870499023
-0.011357117617953 -0.0142435929046527 0.0264901753811546 0.0370211456584128
-0.0144256097698791 -0.0193198568163651 0.032611050465801 0.0293609791342712
-0.00178484439858772 -0.0298426632397322 0.0335450902743859 0.0291942753473867
0.0164807682664732 -0.0243960095607082 0.0309148181731944 0.0370863307432027
0.0334480457441687 -0.0156549602497575 0.0197417344909597 0.0577767011528822
0.0373825077350346 0.0147092406247875 -0.00949267626640757 0.072065091408866
0.0233231542274854 0.0437148952142811 -0.040922553192355 0.0691926724776838
0.00375710893307054 0.0579959246951172 -0.0315480331075518 0.0749265531678357
0.00359599812157076 0.0620644614481526 -0.0252800578062268 0.0427079412459328
0.0231397210997628 0.0439285660336595 0.0216467124493267 -0.0169392682638504
0.0389428820716821 0.0126324234717882 -0.0334506429270683 -0.0530774539885743
0.0360002674329197 -0.017593756886453 -0.0744847547283721 -0.0143108356379401
0.0192172667044087 -0.0305389561165122 -0.0621506354871386 0.0427562711450365
0.0011491949051271 -0.0358169743579459 -0.0174910334526207 0.0562262072920776
-0.0183307661381736 -0.0292443037425578 0.00963945152075689 0.039979840897044
-0.0210765371048806 -0.0254635700473756 0.0186017314966974 0.0271782525835132
-0.022763765809504 -0.0308037748015872 0.0263780261344574 0.0168891438571408
-0.00399620726344438 -0.0460185014599301 0.0325036061056026 0.0142910907926376
0.0224505559750153 -0.0415195787693382 0.0381529683820113 0.0227781142326023
0.0510671933027875 -0.029622204407178 0.033853448893384 0.0485102872120272
0.0592382486027494 0.0197547946493468 0.00731847115479855 0.0687990974104424
0.0324322056305041 0.0656094075144157 -0.0273607872410667 0.0601117301380781
0.000979839236760975 0.0841419034226616 -0.0211049496623302 0.0501419859035788
-0.00814564930524375 0.0789049479689303 -0.0212748909206967 0.0150178366525689
0.0220723708065081 0.0702049847455162 0.0266782098606039 -0.0309566558617022
0.0554954645560706 0.0295735178708631 -0.0240861703283401 -0.0642605824677738
0.0578053572406352 -0.0219699629931932 -0.0691241401337757 -0.0282477705617828
0.0306855216272754 -0.0442243703678402 -0.0615783748603187 0.0267760864550862
0.00380156271648494 -0.0495024962072473 -0.0222717545926028 0.0398856910728447
-0.0226274576343009 -0.0406133937097992 0.00110627404570171 0.025155382699289
-0.0279069348293462 -0.0328179576207504 0.00824811451715351 0.0134497446346019
-0.0297896697080763 -0.0363831742836828 0.0173338425773356 0.00158593004846357
-0.0083015552539302 -0.0541214684812646 0.0280274445891611 -0.00349990912117865
0.0220888203744773 -0.0516874948461782 0.0415789331274556 0.00332992311937292
0.0583845221973906 -0.0417930299874888 0.0453552080393285 0.0335731078172526
0.0715456510065139 0.0182317975391104 0.02314725218814 0.0601818870644606
0.038896081683074 0.0740794596840041 -0.0171150154106291 0.0490319337269605
-0.000451004809704061 0.0960885854120774 -0.0115930899902574 0.0207679999796728
-0.0190756935700326 0.081477429979391 -0.0102249072180902 -0.0186888683230287
0.0133581877215605 0.0846023673554647 0.0336439383714729 -0.0482763731000681
0.0597236917654689 0.0452251844254404 -0.00974327342328708 -0.0732127569827742
0.0711145247847513 -0.0175740355202314 -0.0551597012327018 -0.0421707356726045
0.0386703235405825 -0.0487768286306656 -0.054776028959819 0.00552654559156606
0.00700041104552732 -0.0559169619705092 -0.0254759976352895 0.0185365439579277
-0.0229864511602903 -0.0464591452310292 -0.00808675171204607 0.00674433921735416
-0.0301474581858629 -0.034907603514722 -0.0028499598503169 -0.00218697180054179
-0.0319371688892497 -0.0370754288206772 0.00645790991142292 -0.0135714220279557
-0.0111307007888856 -0.0539961232556031 0.0207238151624354 -0.0210316603637134
0.0197543316413536 -0.0532989694844225 0.0406508505580929 -0.0153950237376959
0.0572409380538038 -0.0450079999704552 0.0513192400207593 0.0174962908294544
0.0714228422823557 0.0159133301927031 0.0332189141647992 0.0483007023401008
0.0370462505866147 0.0721599752926622 -0.0102653484673151 0.0373025722502721
-0.00384402561156215 0.0937858531562135 -0.00388145149583777 -0.00796729033151392
-0.0256861013841284 0.0686657136331345 0.00640393308991811 -0.0516857696906258
0.000782189647835482 0.0811470997871805 0.0413672881169837 -0.0651958487572619
0.0500107856612478 0.0515073483102976 0.0060938148730173 -0.0772602820757124
0.0687418444129423 -0.00947318891605245 -0.0363151652744637 -0.0524386739756937
0.0399771231882647 -0.0435163104487 -0.0425227245473019 -0.0153662192022838
0.00860505481575926 -0.0516656347598764 -0.0260188902381364 -0.00438095325367347
-0.0201852344237042 -0.0434675360891856 -0.0165230724894774 -0.0123818015625973
-0.0277389089269285 -0.0316508501483377 -0.0131292304933298 -0.01719075512524
-0.0293555678576261 -0.0324306997009189 -0.00419131411206086 -0.028130014367308
-0.010998393745679 -0.0467691832972164 0.0127557473727545 -0.036420630789963
0.0167325492727291 -0.0479593270472259 0.0385795753708033 -0.0309992650660294
0.0513956838275139 -0.0394085958359819 0.0535374091996615 0.00433900454483597
0.0624524684250709 0.0171213334752489 0.0381359335505322 0.0371645760816347
0.0277224142354565 0.0645789594174487 -0.00659340507455184 0.0263918344491793
-0.00962819619185085 0.0794585478384723 0.00355386189232089 -0.0321182446070582
-0.0258239034631674 0.0431210173473725 0.0225497862733273 -0.0776182027570523
-0.00963826385003032 0.0593260545680988 0.0475898163793192 -0.0778459992378457
0.0312014190682701 0.0435497894599659 0.0190443301947805 -0.0767722350570648
0.0510263388250143 -0.00264097744329526 -0.0191120564851423 -0.0574709087563087
0.0313822982565778 -0.0306620882576453 -0.029315810467176 -0.0315371255378665
0.00744631814136273 -0.0379770823837361 -0.0253408376098113 -0.023738734672817
-0.0146166438377683 -0.0321735162089654 -0.0237521658953517 -0.0279142633859305
-0.0214383560120416 -0.0234402545630776 -0.0223364868661045 -0.0299273816630985
-0.0231064610703384 -0.024008772394839 -0.0130887946604114 -0.0400190138492387
-0.00900644767093877 -0.0352421590342798 0.00774019539929287 -0.0485455308945764
0.0133482343674829 -0.0375987579649214 0.0373936328216928 -0.0422159891609054
0.0418202077451584 -0.0282183769508758 0.0546827069598735 -0.00373843379017252
0.0470600759272146 0.0188481794673936 0.0395406273107954 0.0295909614488922
0.0141882435589745 0.0518519955877875 -0.00372357819972913 0.0179383712626972
-0.016083039523763 0.0552784374308393 0.010752600154034 -0.0488549179157912
-0.0196997951173841 0.00987580812461268 0.0345912272541213 -0.0928479033759385
-0.0145637357133167 0.0247783428564197 0.0484667018531685 -0.0844730262706234
0.00957630887046903 0.0232899059749038 0.0255041116412385 -0.0752260731518295
0.0224129803130124 0.000311277198672833 -0.00976283591798707 -0.0594137903493724
0.0147264641478003 -0.0134827780813615 -0.0225287376460297 -0.0404724654894188
0.00399025829918397 -0.0169026545789368 -0.0260532502135511 -0.0344937255888298
-0.00672996413780738 -0.0151574215807697 -0.0288981748218369 -0.0358018095988997
-0.0114450845712463 -0.0107751703930375 -0.0274699154513487 -0.0369641394387634
-0.0130620614212768 -0.0125112834291598 -0.0182377740807837 -0.0480019958350337
-0.00616313160228302 -0.0200521107563513 0.00551818984601189 -0.0569447309336707
0.00793663626821619 -0.0239712199895981 0.0398786910684982 -0.0489334098159101
0.0279770150697807 -0.0154425156735408 0.0582159460360908 -0.00771437155274992
0.0274532024139485 0.0181435932718302 0.0407957269007089 0.0256930232755025
0.000340813966593097 0.033333111530288 -0.0011473356446455 0.0144042828433664
-0.0199892328773684 0.0248787070157711 0.0174408335509646 -0.0565262085043159
0.0148778649117031 0.00621710132983342 -0.0168376424438202 0.0631118508636486
0.00568324427269309 -0.0107278159248158 0.0192729112373047 -0.00459790896587764
-0.00722947576670618 -0.00706615706532423 -0.034968675003871 -0.0382208454365251
-0.00743193354276645 0.00537542317276358 -0.0684111286528332 -0.00258532156404374
0.000925468450458802 0.00596554376201383 -0.0533845252323506 0.0509316733365855
0.00103852564334125 0.000408671850204062 -0.0122124111700485 0.065232352561487
-0.000866427021941744 0.00123251635272579 0.0161445678083296 0.0525320532604166
-0.000622451884850444 -0.00137751341423966 0.0278705076757718 0.0410858720973245
-0.0036872297336257 -0.00323840557761632 0.0323781719822086 0.0359715348098331
-0.00192661677899608 -0.00751020732082013 0.0298002994165415 0.0371599987547933
0.00319526911204481 -0.00524938885871577 0.0214584415951682 0.0433042945382286
0.00571205836268006 -0.00591019412182205 0.00666182130010452 0.0587894955712564
0.0115399602249346 -0.000860477935192951 -0.0246232926730209 0.0677987538597244
0.0163180235484902 0.010837296434755 -0.0568181762732256 0.0697236174082818
0.0100143374689226 0.022089493156771 -0.0456177715739961 0.084608002025952
0.00947652471688713 0.035746814581557 -0.023112958219694 0.0574126149614108
0.0149221837436041 0.0159477879790466 0.0200435541280219 -0.00731694997623665
0.0149901417773182 0.00171739965322463 -0.0335927953254862 -0.0446728257215415
0.012919937823667 -0.00555679518986771 -0.0707802346316182 -0.00869132682054506
0.0103841366766533 -0.0113363205119611 -0.0577111685848558 0.0473264973295661
0.00138045649215644 -0.0176208897741002 -0.0155613979477354 0.0616219259930418
-0.00967358529874807 -0.0143467266122697 0.0125001095810058 0.0485149909126535
-0.0107623982799651 -0.0147551823391024 0.0244620337220067 0.0364319327708538
-0.0130602229941367 -0.0191630330523478 0.0310339813714945 0.0292429335889248
-0.00027517818320743 -0.0295295582677942 0.0320499307122088 0.0295143675863998
0.0178398899406432 -0.0230137046641496 0.0287909275526058 0.0375365428355685
0.0333873437107648 -0.0126932803175255 0.0174327943189434 0.0567881652617704
0.035517811566165 0.017417298833234 -0.0130837772139935 0.069461708549406
0.0198099853147158 0.0449427915375269 -0.0450700383332249 0.0647809399407936
0.00122184690903015 0.0572478317179874 -0.036647707778548 0.0700255115006389
-0.000888626253984493 0.061095402823103 -0.0243151120552092 0.0402488254769279
0.0192616187595003 0.0446026951368913 0.0235945835408438 -0.0156656286182867
0.0363332186622429 0.0154083915939092 -0.0279265633199346 -0.0543977021368324
0.0354181112143967 -0.0139611300194193 -0.0707945686054369 -0.0196333789998586
0.0211626465176084 -0.0278064266750082 -0.0621907702341137 0.0370646454894761
0.00308473105571675 -0.0348869620986044 -0.0206557026250653 0.0520942350579779
-0.016443677004334 -0.0291928435486713 0.00616268697024819 0.0387186548119039
-0.019321576291503 -0.0262118444458931 0.0173154620790989 0.0267066683835144
-0.0216191632859228 -0.0310862632071115 0.0258277662471432 0.017036319246052
-0.00262419787293101 -0.0458286205152078 0.0321645763331726 0.0149791779931481
0.0244430926027145 -0.0399018253318386 0.037493374315764 0.0239548459484143
0.0516666406116708 -0.0257676650895561 0.0320141978044193 0.0488034097352616
0.0567259681493039 0.023441344241455 0.00328099985680066 0.0673834602245657
0.0279982570430279 0.0660442064026532 -0.0319396449300848 0.0574105042477076
-0.0023638780919523 0.0822657862634359 -0.0257610585497429 0.047258843298244
-0.0135869053989747 0.0766305429411395 -0.0185707428435419 0.0148462255933565
0.0162773654169549 0.0698303712202703 0.0300380139010703 -0.0289456423402636
0.0511604837888331 0.0331259541779855 -0.0171978549656571 -0.0650469160210715
0.0565340434234461 -0.0164991305143544 -0.064002780128059 -0.0337139315632185
0.0323166015997043 -0.0404330952179148 -0.0612530861615426 0.0206718263763453
0.00624570667628871 -0.0480954273945816 -0.0245737772544577 0.0360453372407213
-0.0197964210348913 -0.040877665623869 -0.00191458802562409 0.0240392411842579
-0.0254584902896059 -0.0336070868688921 0.00772678537887071 0.0129657746652609
-0.0272721436945295 -0.037072217207716 0.0170452029515565 0.00182033277383663
-0.00647436432357868 -0.0541455984174263 0.028041287153711 -0.00285968511017824
0.0248407798257614 -0.0504542233198148 0.0423186748475501 0.00491176012695892
0.0590453276178507 -0.0378080648005855 0.0450325151829703 0.0351209427282001
0.0692429213682874 0.0219146814092082 0.0190073525032977 0.060790712974081
0.0338221199412545 0.0744387019973537 -0.0215075898714407 0.0479056207113944
-0.00436957808980918 0.0932614984107878 -0.0152561252725101 0.01991446581863
-0.0255703164025176 0.0786064258176705 -0.00555542189052463 -0.016679269220716
0.00609976449824548 0.0835666091956809 0.0380953120134557 -0.0446198845061502
0.0541319507374289 0.0487271434597481 -0.00206118197189471 -0.0728334397105874
0.0681178536169213 -0.0120912616056394 -0.0492645412976813 -0.0470638706819306
0.0403386764741904 -0.0443952372897304 -0.0536599892704422 0.000291016687995388
0.00988301830636121 -0.0538662068437967 -0.0264530732239198 0.0155999749019236
-0.0201494445790307 -0.0460648539751321 -0.00996568655075798 0.00567780267213928
-0.0278394660618331 -0.0360148421803257 -0.00316751086038258 -0.00240587652680291
-0.0292544258796117 -0.0373556608792742 0.00700577242975119 -0.0140550074790734
-0.00896035293454175 -0.0542114001284883 0.0213908407864171 -0.0200923662514271
0.0220249966384005 -0.0522883693280529 0.0423586456926553 -0.0131968381696471
0.057793815721137 -0.0410048709176365 0.0517544513896886 0.0196183764925492
0.0699577284748275 0.0200502279848523 0.0295797585558526 0.0500698372457049
0.0324894187365826 0.0726364361018751 -0.014164743546773 0.0364932316176266
-0.00710039555930829 0.0907920509595832 -0.00601283273310507 -0.0071166429372748
-0.0311551376787515 0.0653178754601586 0.0118296087835368 -0.0473523072888803
-0.00589875076662595 0.0790969208910352 0.046703905057707 -0.0601560546827607
0.0443573626578736 0.0541467213798712 0.0133490730874681 -0.0747107692328879
0.0652610279445515 -0.00425979804981187 -0.0299652719751163 -0.0547803652740889
0.0411660015421827 -0.0394218528811828 -0.0398415252691161 -0.0187605926423538
0.010781160369439 -0.0495136489836381 -0.025600421305485 -0.00674115281789635
-0.0175302877533651 -0.0432474856425501 -0.0169484534142957 -0.013041416490424
-0.0254780681550513 -0.0327270273702578 -0.0129287317721693 -0.0173222229055523
-0.0275051706720757 -0.0330294252129368 -0.00328884806958949 -0.0283038054281207
-0.00903813676819714 -0.0469718797552717 0.014088570048838 -0.0351753066306283
0.0187705217798921 -0.0470143086572284 0.0401466769242656 -0.0282216322221235
0.0520622537232451 -0.0361468029832076 0.0543197393912474 0.00744175481217606
0.0606073450127403 0.02019552507745 0.0349854639491272 0.0394575284537932
0.0237369658890313 0.064831987039973 -0.00956976218695602 0.0259955614672837
-0.0118970753307615 0.0762148030239032 0.00275309592965019 -0.0299743482503773
-0.0292323182168839 0.0404110124168234 0.0288093735090343 -0.0721472477463597
-0.0144170732404998 0.0571594652653144 0.0525082301848959 -0.0711390449935873
0.0262978291463968 0.0446109993591525 0.0260656497462411 -0.073076217948373
0.0478309714743981 0.00135297798539899 -0.0136217774504433 -0.0580577276967429
0.031467897949659 -0.0276391674806302 -0.0272231329025978 -0.0334488597762865
0.00888317672521033 -0.0361881350937795 -0.0241338878706595 -0.0253313751626397
-0.0128636631207813 -0.0323863174938526 -0.0232413503963977 -0.0277733498203927
-0.0196082342199854 -0.0242638365596876 -0.0212092535372919 -0.0295196067568767
-0.0211028695273543 -0.0246359907018345 -0.0112539864676815 -0.0395816505783046
-0.00763565641039899 -0.0351369735613089 0.00978920680882122 -0.0469689775022489
0.0146965112270509 -0.036662495477324 0.0395416771206204 -0.0389268594804718
0.0426101397235201 -0.0258582218934432 0.0552474613990228 -0.000553529664788624
0.0454610262453816 0.0213767719119534 0.0366754434350784 0.0320965502142886
0.0108101857833217 0.0514731511187065 -0.0059175830958885 0.0177726481654222
-0.0176602330590372 0.0521637419666116 0.0112069649050354 -0.0460537306058483
-0.0216122007096217 0.00747101736440352 0.0397718575563391 -0.0863130272703852
-0.0170567716534304 0.0230405663295808 0.0525858491951276 -0.0774497925137991
0.00647168768874224 0.0230940596158902 0.0307815783143538 -0.0707606479820921
0.0202391368828811 0.00239799679504399 -0.00486244383424823 -0.0584696779855045
0.0144510963826286 -0.0121524363169618 -0.0199171174521878 -0.0407594680283272
0.00456068635704822 -0.0162450856406038 -0.0243043484894985 -0.0353127137135864
-0.00600789450010394 -0.0155621242571282 -0.0274788538176832 -0.0360013734647921
-0.0104738553546112 -0.0114519818145116 -0.025917664825857 -0.0368498390429081
-0.0120493024031814 -0.0126338778500014 -0.0159725065299265 -0.047096573046787
-0.00534069252166576 -0.0205238242021151 0.00787830617816418 -0.0551167042887429
0.00878509733994429 -0.0232509450171707 0.0417642975088954 -0.0457907561861204
0.028260774730549 -0.013945636668482 0.0578938516874599 -0.00376560218549572
0.026233975228088 0.0194368519857435 0.0373981067853585 0.0280873857797155
-0.00163498082201264 0.032632182195984 -0.0026815646269453 0.0136802196256486
-0.020101392008729 0.0224985158213162 0.0191368740308362 -0.0533380460271782
0.0142675406226286 0.00671990517018832 -0.0178112146369496 0.0618888245324454
0.0061377473670765 -0.0101913490618297 0.0197335993033649 -0.0045804759775454
-0.00706985970132486 -0.00745666666647559 -0.0336330179722 -0.0395904749817118
-0.00733141639997794 0.00547681315483474 -0.0677241958385338 -0.00422811725707511
0.000711778777488239 0.00568485120920231 -0.053727860800459 0.0501475896672622
0.000974057192841597 0.000625437276947715 -0.0132925191537542 0.0647624730453428
-0.000839542537939206 0.00103010413168852 0.0150058235904976 0.0523213645621949
-0.000804895053580061 -0.00148302252365457 0.0275195388741282 0.0410082567558117
-0.00395299265143285 -0.00298153800225752 0.0320456456514642 0.0363361589369147
-0.00186177795167265 -0.00729367651028186 0.0288263501281485 0.0378952438675579
0.00354269971994752 -0.00525258965415954 0.0200816345221208 0.0435644868192131
0.00612494404275262 -0.0054353280099381 0.00531513904332433 0.0580611346683587
0.0119373205220586 -0.000279636980956948 -0.0265269593945119 0.0660794885959815
0.0161823521033851 0.0111131408894478 -0.0580587736548287 0.0678736941568366
0.0089401639922341 0.0221655539189131 -0.0469178715355723 0.0833060647881017
0.00831746182313544 0.0352351015816699 -0.0237515722862843 0.0560177312891816
0.0143667167691923 0.0161473567851659 0.0207240260940242 -0.00651570520257352
0.0151477953707493 0.00167786299519275 -0.0319177220734506 -0.0449499743362335
0.0131745200175626 -0.00540650344682637 -0.0702831458841818 -0.0103728496426921
0.0103417969238406 -0.0111385722167476 -0.0583731934691782 0.0461543454409356
0.00115431930054452 -0.0173918277871183 -0.0168285491681281 0.0609459143107767
-0.00933577999290459 -0.0141159876777226 0.0119235569198769 0.0486846602936969
-0.0105709795327496 -0.014902769222062 0.0240495557799842 0.0366421436048595
-0.0128326599868952 -0.0193858847092798 0.0303884587753138 0.0297482908678638
-0.000451873545093968 -0.0296385005019717 0.0312721902065546 0.0299404534184603
0.0185997092474863 -0.0231214612271491 0.0277339074850404 0.0384192807324661
0.0335689116669385 -0.0123149260553379 0.0156515713037715 0.0568816327894964
0.0350778028206747 0.0181397098660631 -0.0150017387216055 0.0680177975443597
0.0183594996696902 0.0449572568819556 -0.0462538638614101 0.063340848116309
-0.000397532618164316 0.0561838011579353 -0.0381133124093675 0.0693061507022175
-0.00202447627405658 0.0601495368030671 -0.0245637944496729 0.0393214010796212
0.0182930603781874 0.0444950064867342 0.0242311038239336 -0.0147201916858566
0.0356272176426073 0.0157344400277483 -0.0262128779714398 -0.0544471802518322
0.0355060520973639 -0.0135096116753972 -0.0698873932161797 -0.0209875099557459
0.0211789047573231 -0.0272934070420893 -0.0619369654975662 0.0362471249921947
0.00321929238117998 -0.034808143303455 -0.0213004588295339 0.051448644709229
-0.0152975290073974 -0.029226027306378 0.00526856110008843 0.0387944758559965
-0.0190304642855316 -0.0264744527764722 0.0162387093247409 0.0268939661552957
-0.0209262668316426 -0.0311824631904209 0.0254149841185192 0.0174082490099941
-0.00186260621056459 -0.0460563164299998 0.0316262825129698 0.015471644042845
0.0251552103799311 -0.0395936220811901 0.0369901487081737 0.0247067392569326
0.0520087956303229 -0.0245398055071838 0.0306304540609158 0.0493026203342042
0.0558635382343507 0.0246106009475384 0.00175598139373981 0.0667831913984589
0.0259711503363142 0.0666587289668656 -0.033173363183606 0.0567884720173493
-0.0046801327244046 0.0812641660759447 -0.0269138137669972 0.0466748089930038
-0.0148595613022065 0.0751370336103828 -0.0178918665022072 0.0142828580200004
0.0148359053277332 0.069956795505084 0.0307052099002164 -0.0273858002258174
0.0496194436199531 0.0337214606751405 -0.015476704916388 -0.0648434387832941
0.0562714618790203 -0.0157696392440195 -0.062130045393378 -0.0349091300634044
0.0324679835628443 -0.03966019239614 -0.0611235696531856 0.0198161990162291
0.00616867259094877 -0.0481484203626517 -0.0250373740867927 0.0356107438865488
-0.019448440821048 -0.0407734195921778 -0.00221732172745446 0.0240560308189393
-0.0247756231047299 -0.0339765998106793 0.00691988803674316 0.0134657276633072
-0.0265262484277563 -0.0372972227932566 0.0168302423824665 0.00194759057599575
-0.00536119515217631 -0.0539539114532967 0.0280874656602856 -0.0019929366268911
0.0253669152890112 -0.0500327293878139 0.0418032955480566 0.00606314417958875
0.059149839552751 -0.0363063813798471 0.0437520834292166 0.0360024534403728
0.0683490368864785 0.0233205592644857 0.0171673022253526 0.0601122736412857
0.031781530922461 0.0748302244759683 -0.0224777839769255 0.0471242609434815
-0.00630241385826106 0.0922794602538591 -0.0161207850184068 0.0195875744028616
-0.0264762855539977 0.076981952237243 -0.00483787306298666 -0.0164250759011082
0.00468171851797014 0.0831138118858515 0.0394344463218033 -0.0426893305563292
0.0523605186333975 0.049233058507521 -0.000168206266240318 -0.0715682230829171
0.06757812434981 -0.0110265834283749 -0.0474890489922374 -0.0476931063214957
0.0405459516774309 -0.0435359155240847 -0.0525343308668545 -6.0299536532903E-05
0.0097828478253757 -0.0538253831350782 -0.0268414366350993 0.0143924283237631
-0.0193618280148202 -0.0463562419891386 -0.0105747899538972 0.00551333221986959
-0.026891365137561 -0.0362230435745645 -0.00374575927643718 -0.00180089207164627
-0.0285440299719197 -0.0375705950479727 0.00694096300200581 -0.0136919644887384
-0.00837929312663601 -0.0540585557554246 0.021635361902763 -0.0193288752601514
0.0228990150223733 -0.0518891897187601 0.0422087302201311 -0.0124085270193283
0.0578404727309757 -0.0402022686008743 0.0508075308612966 0.0209252428075806
0.0690128668322908 0.0211839304591851 0.0281448775856184 0.0497539555745994
0.0302178011832668 0.0730191057824626 -0.0148353718760546 0.0363890084586287
-0.00946558078506035 0.0896877200510541 -0.00626186124866748 -0.00681733184453406
-0.0320628485682034 0.0635355341548271 0.0134430928034643 -0.0462064559263127
-0.00775344457382959 0.0785445586567924 0.0477972815021474 -0.0582163496519613
0.0421201947782671 0.0543995016586473 0.0158926676049789 -0.0737920839638862
0.0647729632275844 -0.00274373111672744 -0.0281522509375814 -0.0548395394738734
0.0406739877558186 -0.0383096176932523 -0.0391063274968036 -0.0192462548391219
0.0112210166898478 -0.0497781129738811 -0.0256453599923948 -0.00762481273821013
-0.0165179969424322 -0.0431420723433649 -0.0178466649394027 -0.0132979858378378
-0.0247186622506891 -0.033265961815618 -0.0130471835288844 -0.0172454121455893
-0.0264570467014884 -0.0328594023248511 -0.00275626048187178 -0.027633053819115
-0.00853625811542191 -0.046666455781013 0.015291429841985 -0.0343920393255766
0.0195860913785157 -0.0465073183457617 0.0407995623047545 -0.0274534284192652
0.0521480861610398 -0.0353341174633584 0.0536132922931865 0.00890843616570759
0.059941112517444 0.0212480156831232 0.0336750804785413 0.0399555426173748
0.0221258000813008 0.0646507976791896 -0.00989631283557804 0.0256890825350037
-0.0137091974071571 0.0750477249202265 0.00262193539953203 -0.0295643436162095
-0.0297984371361521 0.0390550900473475 0.0305474298845919 -0.0706844742918923
-0.0157122180565231 0.0562628107247581 0.053909839143422 -0.0688999005729995
0.025020731886603 0.0446094645883013 0.0278309203805469 -0.0720199278824474
0.0471924091561245 0.0022695622694145 -0.0117917026304665 -0.0574724527217819
0.0315507336920164 -0.026924718987043 -0.0258598321916445 -0.0336195708247123
0.00922443729209158 -0.0360146438231778 -0.0238169638742585 -0.025756159256864
-0.0121954010165539 -0.0328183283308062 -0.0232846446205508 -0.0283336865730125
-0.0187553505360232 -0.0242008163968884 -0.0209879046953719 -0.0291244523893554
-0.0206557608349798 -0.0245589056794402 -0.0106461319014978 -0.0394904925903961
-0.00708903186568478 -0.035352076010905 0.0103333269916612 -0.0460700000539013
0.0155911697266915 -0.036265264645707 0.0400732061963406 -0.0381808489511232
0.0426588063696213 -0.025095654415588 0.0552435941346416 0.000978339117648194
0.0446302216724188 0.0217693595071606 0.0355861710276403 0.032344100814109
0.00944954964705852 0.0513189832219805 -0.00626357431987666 0.0176922617772004
-0.0186115872315657 0.0515147849082009 0.0112811533002805 -0.0452779377518876
-0.0214809429553179 0.00682071644260314 0.041770549561542 -0.0845546715964874
-0.0166644404915337 0.0222903994777179 0.0542089285556069 -0.075263379351472
0.00590588840649357 0.0229482792699398 0.0324915531847988 -0.0693859375900375
0.019819793445956 0.00309777999970516 -0.00348729764064702 -0.0579025891065426
0.0143764232385873 -0.0113611100229167 -0.0187705710914387 -0.0412361759301894
0.00485479893245807 -0.0159947057047834 -0.023734477842418 -0.0360527286403097
-0.00558072208411053 -0.0155459563585104 -0.0273414662825928 -0.0360942274898349
-0.00974088940255935 -0.0115172372713817 -0.0257961573658259 -0.0364667025489493
-0.0115017462828179 -0.0127305724070423 -0.0152336547273864 -0.0465704261713503
-0.0052160601536917 -0.0198545839227131 0.0087688729484107 -0.0543264980322619
0.00916990301070201 -0.0228512553174688 0.0422543558662338 -0.044657346183756
0.0282610406170604 -0.0133786308120366 0.0574988721965988 -0.00262537138014813
0.0255091711714692 0.0200480963755415 0.0364968727762975 0.0285882808493757
-0.00226701806988051 0.032187996204623 -0.00361406579421385 0.0136202095553035
-0.0204484221342553 0.0217493178672255 0.0191563533578233 -0.0524972302962318
0.0138711581326762 0.00701302205733241 -0.0189729514808962 0.0625147126011156
0.00627717871704108 -0.0101651577233575 0.0202292592709783 -0.00435084748002427
-0.00679977849707805 -0.00796131126762394 -0.033737606374692 -0.0409418005031065
-0.00757966133460579 0.00532043768045682 -0.0697791381473745 -0.00581339556365885
0.000656313199360919 0.00613008507523258 -0.0554321155789863 0.0506534664741155
0.000677949455212895 0.00112298687952289 -0.0141346349444208 0.0663324969210849
-0.000911888500353818 0.00117112766374804 0.0148290962965146 0.0537872327152153
-0.000768361982511202 -0.00144661639526663 0.0280291116516701 0.0422349404753581
-0.00396954042197407 -0.00347905412179332 0.0325363927041295 0.0375798537637147
-0.00208602635790526 -0.00743458634066333 0.0293322329647272 0.0396483330503212
0.00388225683671011 -0.00574089919323986 0.01947141617932 0.0453017310065939
0.00654345384301868 -0.00536826417563673 0.00438930717508999 0.0589530024374702
0.0118474585407191 0.000190459747850201 -0.0288472236764425 0.0669476154074643
0.0159935524745395 0.0118381286767059 -0.0605864600645051 0.0682573789087944
0.00817576916020834 0.0233223091339397 -0.0494355680980357 0.08465780739255
0.00763060392358129 0.0365402684896129 -0.0251692290037055 0.0567292744834838
0.0144454367959673 0.0168630509824994 0.0216368617086696 -0.00671344191787502
0.0150397845573525 0.00157362751972554 -0.0319264773269043 -0.0469501296978056
0.0134836808441093 -0.00575869388219343 -0.0718994788955576 -0.0114139667008176
0.0103894347488364 -0.0112747958396847 -0.0600248027060383 0.0466599367458594
0.00115909293325739 -0.0178027481714763 -0.0175822700621663 0.0625493652976683
-0.00964842389200334 -0.0147793593407458 0.0114222155023059 0.0496036796844205
-0.0108211816060393 -0.0155191121819858 0.0242283912437514 0.0378396964027597
-0.0129086369819431 -0.0198479457180934 0.0314298754627754 0.0305038041532011
-3.37142693376381E-05 -0.0304801132414548 0.0317349660558809 0.0316015860132509
0.0197290671964931 -0.0240972323702724 0.0275647817146202 0.0397301023400013
0.0346779639307123 -0.0117584782468947 0.0150066359044896 0.0581113987406011
0.0355690674906887 0.0193866792717946 -0.0172921619375287 0.0685661271715695
0.0181432656478122 0.0464700464317046 -0.0481946672839658 0.0641896762077656
-0.00172351554801355 0.0578008730195338 -0.0404798182641734 0.0700537513739506
-0.00311232135088119 0.0609561997199202 -0.0257351881606316 0.0398391642889753
0.0181583251940018 0.0462783135253545 0.0256404080654398 -0.0144529014783962
0.0359765136751328 0.0164011845320454 -0.0256904266857695 -0.0558916840596067
0.0358931949262921 -0.0135866026089005 -0.070774817357246 -0.0229215256408127
0.0215664118252428 -0.0279760298134954 -0.0636604210433809 0.0362037262055823
0.00323365524073601 -0.0353730860159238 -0.0228442175828441 0.0526316031186107
-0.0159080944562879 -0.0301660567576971 0.00495368700916205 0.0398042397522151
-0.0190230720781655 -0.0270014123379519 0.0165650408389567 0.02829738602474
-0.0206714166866406 -0.031898575892649 0.0258116344726215 0.01790198887358
-0.00210233253888707 -0.0470406858087323 0.0324257193251568 0.0168665999685133
0.0265697902347226 -0.0407502228196384 0.0373103857244493 0.0259872086312678
0.053204964835511 -0.0249705679788787 0.0304512092193055 0.0508413824864409
0.0570126350669235 0.0261160276043749 2.77829817012382E-05 0.0677455635845325
0.0255506291848175 0.0689636470370596 -0.0348623272896637 0.0572214955618477
-0.00693822548008769 0.0833012237026316 -0.0281762171412599 0.0477472510093045
-0.0171344535632443 0.0753435505427569 -0.0186013187575096 0.0147588044526689
0.0139497564604484 0.071652308455915 0.0325922522184628 -0.0273242001873194
0.0502828970434589 0.034801572700064 -0.0137313788582044 -0.0662478287731859
0.0571594826152598 -0.0153028360321497 -0.0628560337270434 -0.0369904364158541
0.033231496777971 -0.0403611042065175 -0.0622716541001969 0.0198476414485148
0.00651727237752014 -0.0493597301437995 -0.0261358489876122 0.0359917355413324
-0.0193903814516539 -0.0418739675579287 -0.00319099640277201 0.0242797143693202
-0.0249582911775278 -0.0347544583387462 0.00686415773185886 0.0140043624977751
-0.0268346363286678 -0.0381147491244488 0.0171672760973359 0.00225421615239884
-0.00563269538949148 -0.0555444165908297 0.0290112141312163 -0.00159364389103583
0.0267965977723995 -0.0513171655844611 0.0427731407892963 0.00686423107086818
0.060878278476268 -0.0367366511273947 0.0439814792855436 0.0377241962770579
0.0698129472428087 0.024611198359432 0.0163342750532615 0.0612601946417524
0.03109672929318 0.0775296013731381 -0.0235153842830969 0.0479251949757821
-0.00882583044610117 0.0943649210112662 -0.0170412353244885 0.0200653136994675
-0.0286932639114792 0.0768489023251002 -0.00399966243896047 -0.0164556321264321
0.00350049604293778 0.0852828925226706 0.0411250072347775 -0.0425185592513519
0.0522698390754707 0.0507908686078498 0.00213376232512716 -0.0730360485465682
0.0688303465033172 -0.0103986412211791 -0.0471573398105253 -0.0496305098039038
0.0415111535651681 -0.0444118898323297 -0.0536896025669531 -0.000668139558728481
0.0102482474476331 -0.0552185825572064 -0.0277703249308435 0.0146282387088672
-0.0194390322991822 -0.0477838523920222 -0.0107300313990601 0.00565307283066513
-0.0266186687018146 -0.0372511637209534 -0.00356773668100166 -0.00169415891204258
-0.0281088710590282 -0.0383590713470308 0.00684781539188311 -0.0140293466681766
-0.00824560115143121 -0.0552127146827052 0.0225134004059927 -0.019378681621206
0.0241420566677724 -0.0529239903337592 0.0436435474905927 -0.0122532375389033
0.059577770582592 -0.0406133844759988 0.0518216063910277 0.0224404086965345
0.0701741922302934 0.0224410270903025 0.0279472949677358 0.0510657079544017
0.0296488644733513 0.0753428494083064 -0.015912293931041 0.0366112622586073
-0.0116775298636673 0.0910205652027154 -0.00699806298979638 -0.00664387853741687
-0.0338027301811379 0.0641528640820544 0.0152117088479997 -0.0472500845432786
-0.00895375000756117 0.0800126829252965 0.0501538631781015 -0.0578219445072286
0.0419179935267111 0.0558096549070985 0.0177166238911694 -0.0743177442339941
0.0657188701637496 -0.00233756581275352 -0.0275865853880116 -0.0568087080072368
0.0415033607282684 -0.038907584353084 -0.0393633015073744 -0.0196291325819762
0.0115196697780254 -0.0506491435333066 -0.0262167280250214 -0.00831502726568111
-0.016945978821999 -0.044862918387503 -0.0182836482302839 -0.0137654796300612
-0.0247552561393699 -0.0339828116270717 -0.0136020667250582 -0.0172556940547988
-0.0263269681645828 -0.0338231464929974 -0.00280962951654577 -0.0284395177466724
-0.00815888086561146 -0.0481064733764069 0.0156487696488917 -0.0350130215867878
0.0206047459447605 -0.0473869741016181 0.0422269888012907 -0.0274478370855652
0.0532557615791162 -0.0358180309342058 0.0546068846880709 0.00978805861177338
0.0609778740706177 0.0221414869430654 0.0340117958150786 0.0413764910730516
0.0214154692525297 0.0670235331289192 -0.0109124394516356 0.0259715929340388
-0.0157664458238929 0.0761342167367178 0.00197429741776716 -0.0299031693923794
-0.0313336627259873 0.0389770468696644 0.0329697346339142 -0.0712330358648811
-0.0168198312962785 0.0571820611002709 0.0566498733278981 -0.0684322256452765
0.0244544963510394 0.0458198249954105 0.0304697881514425 -0.0725665421831058
0.0477835960625893 0.00317072267180387 -0.01060480860707 -0.058891711188874
0.0321688340472428 -0.0271717126736391 -0.0257001486596538 -0.0343197678429733
0.00940873478572149 -0.036835525792736 -0.0247030537328361 -0.0270443783296692
-0.0121125791936743 -0.0333063478000753 -0.0244543755021124 -0.0290124372750195
-0.0186363108782685 -0.0250553194139454 -0.0217317849415855 -0.0295071516010019
-0.0201712901469987 -0.0248561128839602 -0.0111007102963609 -0.0402728042221568
-0.00664883026507077 -0.0357335823535036 0.0109214826768292 -0.0472916080972753
0.0163863964225583 -0.036861082335917 0.0416693993219699 -0.038859042046792
0.0430756720548278 -0.0255921713870666 0.0563095465304143 0.00192014083889463
0.0456416127662469 0.0224379800925033 0.035577268504295 0.033457083882057
0.0088664624287129 0.0526336335113522 -0.00726472613541496 0.0178862357198611
-0.0197349709559574 0.0518625693938774 0.0116052110705994 -0.0459446536461333
-0.0217662756698973 0.00674202756736392 0.0442556266132082 -0.0855143229911823
-0.0176643557901075 0.0221998974144944 0.0565308692570313 -0.0751327769939174
0.00545354942951512 0.0232370271997604 0.0350072256382623 -0.0705310789791562
0.019912209324476 0.00340219326586728 -0.00205574657844816 -0.0585292657020473
0.0144198603317213 -0.0120326130828391 -0.0182108925316102 -0.042360181110352
0.00456450712877907 -0.0162302206333343 -0.0247092788104707 -0.0370694475273795
-0.0055161731024246 -0.01568893232519 -0.0286359518285674 -0.0373986457201075
-0.00949042626892262 -0.0119150300445728 -0.02615893105273 -0.0370673890710635
-0.0111739429386968 -0.0130936609667818 -0.0155499027291214 -0.0476580811692776
-0.00455156351365621 -0.0200553872712814 0.00969287146279849 -0.0554625922884921
0.00951748039823185 -0.0231081209705015 0.0441317972766409 -0.0451368542839566
0.0286884396227667 -0.0130781598780567 0.0590018466682947 -0.00174755421581233
0.0260052684944808 0.0205246217094899 0.0372009422812647 0.0299841698860528
-0.00296774063007444 0.0329906864346615 -0.00409707870979953 0.013747706998548
-0.0209165139142833 0.0211979922564529 0.0192830642999225 -0.0528666097942107
0.0140870044813171 0.0075140117083162 -0.018952409624019 0.0649428938888063
0.00673705963784473 -0.010800807608389 0.0219846560400491 -0.00505936751535234
-0.00730544604906885 -0.0082270780873858 -0.0352660918852072 -0.0424994778790934
-0.00744271677036622 0.00522738620137683 -0.0730906890634085 -0.00510689271743413
0.000750239398756697 0.00640006736928819 -0.0571886844363163 0.0530358737653905
0.000606636718180369 0.00135238503922279 -0.0133247646360425 0.0694147277360637
-0.00115966164303349 0.00124338361787408 0.0166731741157763 0.0559487760399842
-0.000887014967455054 -0.00181874362526211 0.030265290141223 0.043528213459147
-0.00452184944034866 -0.00366434899093236 0.0347725167880609 0.0383810674910079
-0.00268878006796853 -0.00829878135593415 0.0314030575993274 0.0410114955979299
0.00424618409244988 -0.00646919282892192 0.0204571539304501 0.0469806066662762
0.00684870185221875 -0.00589973373697375 0.00447064681899406 0.0613836888546613
0.0127708565092323 0.000204174695851667 -0.0307914592894175 0.0695550791765204
0.0166691899694655 0.012260244406892 -0.0631539408860362 0.0714879337722147
0.00832239859467132 0.0241193212792079 -0.0508108392902784 0.0880721088983813
0.00793026496821658 0.0372689015089507 -0.0252960800378164 0.0591593942203334
0.0155994397315509 0.0173684820156932 0.0231822563547198 -0.00688543618340164
0.0155661270850935 0.00133098588524233 -0.0336377551417738 -0.0484949579218208
0.0139136516938566 -0.00622245406890857 -0.0750797865723967 -0.0119929859263313
0.0103844916286603 -0.0117841175546619 -0.062302990853956 0.04888048896764
0.000887881402433 -0.0185583535541138 -0.0175059288199757 0.0656217954216578
-0.0101560738390456 -0.0153442891671842 0.0125706185918431 0.0517112761357832
-0.0114892849635893 -0.0162421074814558 0.0259434975151726 0.038636113142657
-0.0140371238316546 -0.0207899010000904 0.0329053631394893 0.0310346871808717
-0.000955217289551429 -0.032145622587611 0.0338298446229044 0.0327418267735223
0.02017653130048 -0.025448901324686 0.0290183579994207 0.0414014719758669
0.0363080599143749 -0.0128819424327851 0.0156236257168957 0.0602411068000605
0.0371873698359495 0.0199524989632328 -0.0177124130956373 0.0712841795801401
0.0187750243006986 0.0481020300626917 -0.0500771269305158 0.0671496390705225
-0.00197660251847404 0.060195446063238 -0.0412760403221105 0.0729997591767352
-0.00364214787570025 0.0629829487525602 -0.0258953118909927 0.0416383019124783
0.0193707916169598 0.0480546558277819 0.0275112111741323 -0.0148494860103564
0.0372708900145311 0.0164613814809042 -0.0264862999672269 -0.0580569405005983
0.0374348774814286 -0.0147695189900831 -0.073599767623971 -0.0235943247926149
0.0217327359418583 -0.0295609350889404 -0.0652805481360946 0.0380472495884044
0.00246841371217963 -0.0368780027538797 -0.0226955021967489 0.0553927982584825
-0.0170652832720757 -0.0312418140203571 0.00526953629814802 0.0416127518041193
-0.0205650601824134 -0.0280164370864094 0.0182673093221092 0.0287683242063302
-0.0222319008387895 -0.0324595154616054 0.0268367841468452 0.0182277873128676
-0.00326206408158123 -0.0492833830703929 0.0340601076590688 0.0173340889001653
0.0275194484915236 -0.0429527779199946 0.0386773216703926 0.0263019501825377
0.0552481702005288 -0.0268561401379958 0.0316352487321793 0.0528049349314532
0.0596216762695132 0.026666836004023 8.5436366946394E-05 0.0698953299084268
0.0269584042116554 0.0718183812551356 -0.0361570616462743 0.059650881433097
-0.0065751250460822 0.0863482585790986 -0.0294242099760198 0.0498379198116509
-0.0170729384053659 0.0781810888033216 -0.0184397619472146 0.0153728828816672
0.0154716821112494 0.0744345665519459 0.0342444628180979 -0.0281410916722264
0.0519756445954626 0.0353618394808404 -0.0143144301394366 -0.0684599300079744
0.0589637288388414 -0.0168634107210269 -0.065608942918548 -0.0377670741670807
0.0337147635625273 -0.0423665655609786 -0.0641679951863479 0.0214426501658299
0.00586369880187544 -0.0518053596450722 -0.0268062566122055 0.0380474699839416
-0.0210879492426953 -0.0434413483375987 -0.00290003234312164 0.0256209581683161
-0.0264112666118518 -0.035858079387315 0.00738209573854554 0.0146588280114313
-0.0286080326067366 -0.0389467076946025 0.017768278723581 0.00218082572329766
-0.0070906936073802 -0.0578102335268672 0.0305214455480666 -0.001394997363004
0.0275906356590316 -0.0537348623220331 0.0445752603202405 0.00642246472189708
0.0623978294586829 -0.0392711547701767 0.0459182040809867 0.0390421955489868
0.0726345496685872 0.0253090882214398 0.0172440612146892 0.0630488406408498
0.0334453030254944 0.080601047239696 -0.0240854802968631 0.0499133806654706
-0.00885134916026087 0.0977777253117573 -0.0179750983908696 0.021569773195149
-0.0294069132715493 0.0798271109961421 -0.00432800541368672 -0.0167820152810781
0.00457084669321941 0.0887809047263929 0.043167642976724 -0.0438473439874065
0.0546385284482409 0.0521111071776766 0.00193167658765247 -0.0755057203251827
0.0713232403296289 -0.0115698207879833 -0.04884808540353 -0.0509665943712582
0.0423743464010329 -0.0466001756922729 -0.0552247601294943 0.000631884063322494
0.00951770726078526 -0.0576767753079703 -0.0286112800513708 0.015538111946979
-0.0214928697574853 -0.0492509006560478 -0.0119353779079029 0.00592555365932147
-0.0282135245280798 -0.0384445255522004 -0.00392478341425794 -0.00151439393733342
-0.0297346483491969 -0.0395005983250699 0.00700881814162205 -0.0142634896689585
-0.00948316485991316 -0.0577278274583721 0.0236236843844793 -0.0203483060701783
0.0243933618566488 -0.0558772525657186 0.0453983650878388 -0.0129397487395814
0.0614005359123499 -0.043555585504624 0.0538894211237261 0.0230219204267877
0.0731601427517506 0.0224811824916443 0.0292435306591604 0.0526194872249768
0.0318324007456036 0.0785260331928012 -0.0164191249775495 0.0380927876141449
-0.0112145994436888 0.0948276637519223 -0.00781484460243741 -0.00648307284238628
-0.0349771720136777 0.0660218018728637 0.0158553918175704 -0.0485658862682658
-0.00847277313769767 0.0835848851401752 0.0520878445068253 -0.0598048129918769
0.0441031735778668 0.0577423979369247 0.0186836210744095 -0.0771808775734733
0.0681173520444864 -0.00282079246371153 -0.0283904072789108 -0.058479694984842
0.04262741746369 -0.0408824203928154 -0.0408438790313027 -0.0199268136753404
0.0110796779583302 -0.0530679802356975 -0.0276132290148404 -0.00829443614402892
-0.018558440937667 -0.0462211000159574 -0.0200171275411019 -0.0139515272768594
-0.0257209870471721 -0.0349510251121729 -0.0146061728361112 -0.0171300284636592
-0.027793212738342 -0.0349067665961986 -0.00350100830304489 -0.0291063742971293
-0.00949973744241767 -0.0499308240825867 0.0159880824119017 -0.0364332072243508
0.0206840800464178 -0.0497151976954225 0.0437429585386618 -0.0290917225044289
0.0541439984125307 -0.0381497822064249 0.0570549177775077 0.0103797975256604
0.0639651667411337 0.0226005789619319 0.0352516414057153 0.0417406940064456
0.0231521229146417 0.0693404728673813 -0.0115309673440157 0.0271429411944442
-0.0158479686516237 0.0791242829300646 0.00125340406011811 -0.0304565624710297
-0.0323570115616706 0.0404070587152247 0.0339009074062814 -0.0740421571115534
-0.0170467345056494 0.059634844396163 0.0585076473819437 -0.0707887854139031
0.0259894782734749 0.04745876611083 0.031510888495089 -0.0749764621844641
0.04959486649955 0.00253540837067777 -0.0110237191275912 -0.0607366267931024
0.0328315782201764 -0.0288025197681551 -0.02674199098856 -0.0348892651399146
0.00899971253256158 -0.0385561946281349 -0.0259368766236662 -0.0278709651068901
-0.0133387483605854 -0.0345315800178995 -0.0263854571398624 -0.0298256219992029
-0.0198720780827087 -0.0256927600476942 -0.0229684928982246 -0.0296412615097917
-0.0212631242349263 -0.0255524394630543 -0.0118157178640494 -0.0411504494390618
-0.00751433975461369 -0.0372917639458469 0.0106501700999242 -0.049132570285001
0.0164003301028849 -0.0385422248458485 0.0433702861870362 -0.0406376040265685
0.0438887612264392 -0.0267771221066973 0.0584468689099193 0.0016730259991152
0.047347839264063 0.0229039599473152 0.0373303491878951 0.0340868223005679
0.00995609479243078 0.0546338085263447 -0.00770594312928301 0.0185676878958908
-0.020430979557756 0.0535688965788982 0.0105650979982682 -0.047496277032361
-0.0225452346015615 0.00731145858006827 0.0455705034590824 -0.0894789844198306
-0.0184753898100741 0.0231918846745895 0.0586634322662629 -0.0776905771515454
0.00614143607252712 0.0242115307508813 0.0364458745882244 -0.0734428810828008
0.0205100089329422 0.0036963799418379 -0.00228735926885364 -0.0607105927542229
0.0150225502531299 -0.0124799822337863 -0.0194565672137226 -0.0436348636911965
0.00477078863247539 -0.0171800988409948 -0.0260601759455729 -0.0388932763988292
-0.00602005518094747 -0.0164967851767349 -0.031012840604328 -0.0380993933667775
-0.0101501200062212 -0.0122226315133361 -0.0281886547268658 -0.0376573826801221
-0.0114131261198346 -0.0132932906549068 -0.0169715236838939 -0.0489984699408746
-0.00515803501783305 -0.0203933907256928 0.00909445432622566 -0.0576407175245653
0.00962425593001321 -0.0241089603302481 0.045185208534256 -0.0476158841507291
0.0296775300970839 -0.0139354491453564 0.0614051628157042 -0.00227566048555902
0.0268264555349537 0.0209362152887985 0.0384631911713747 0.0308685331645821
-0.00280999269717302 0.0340988907777007 -0.00446304809013327 0.0141308965717277
-0.021747708894492 0.0219406931007795 0.0190028589304671 -0.0549559217270122
0.0143801685426736 0.00735994093584396 -0.0170269292068474 0.0677471743523019
0.00647232483812052 -0.0113803739353331 0.0225844407892346 -0.00591133135958333
-0.00813851235742302 -0.00795092380873611 -0.0384775160103175 -0.0421096101873056
-0.00730010742034327 0.00542029861997974 -0.0758382187377311 -0.00257642855799086
0.00117373646311597 0.00656711251381063 -0.0559857501784793 0.0576426563127416
0.000886830884811289 0.00141324445251696 -0.0103635609376549 0.0728985179347551
-0.000936955308511879 0.00154453500242504 0.019815664493502 0.057141356315697
-0.00124272477203941 -0.00189079197451973 0.033408070442489 0.0428471289062457
-0.00506600118106249 -0.0032992576042792 0.0380043493180644 0.0380087702518911
-0.00315796463027943 -0.00830432679242001 0.0341361941030161 0.0415810771644102
0.0043372995625389 -0.00700476674469968 0.0224934171510779 0.0484596303051434
0.00703817099021035 -0.00680622665521476 0.00667865783850486 0.0628856436548505
0.013026554819812 0.000105224299256577 -0.0296771259916048 0.0727525997500299
0.0178773550605269 0.0120364526176034 -0.0625580544834921 0.0766789234140882
0.00941492624141047 0.0247090795771746 -0.048446099111043 0.093302277786161
0.00871950736908703 0.0380757710389048 -0.0233340308073272 0.0621304884612588
0.0168579123417811 0.0172707237334636 0.0241650610895771 -0.00818787466704103
0.0158021809271162 0.000829200209384832 -0.0366315320852843 -0.048995831205294
0.0142411229267606 -0.00726586238252156 -0.0784324510859933 -0.00901526311968039
0.0102199849309661 -0.0127967095326949 -0.061574006009202 0.0536179884578301
-0.000414062312794332 -0.0190232886379896 -0.0146437596997014 0.0688263742011698
-0.011324776097201 -0.0153843729992308 0.0154064741115664 0.0528279298013835
-0.0130499113760667 -0.0158954492035202 0.0293658677572251 0.0384861322877934
-0.0155743862351588 -0.0206469628516316 0.0360312820790872 0.0306985755906355
-0.0028316979110377 -0.0332471270737535 0.0369110688918193 0.0328818936439949
0.0200393591189954 -0.02796334408837 0.0314742968443553 0.0419154024641175
0.0365913297728584 -0.0149350131126597 0.0179722642554556 0.0615236657228761
0.039501331795493 0.0193833361287498 -0.0161527858444636 0.0736082916653482
0.0213650622000738 0.049602425829529 -0.0492492667942412 0.0717889878917898
3.96221945489633E-05 0.0623881441184299 -0.0396744259923761 0.0779172927314311
-0.00141434441596768 0.0643878720773064 -0.0240974791937496 0.0443206447385831
0.0219666608487198 0.0488207138924956 0.0284338374626064 -0.0163475615943732
0.0387066728593898 0.0152916696382542 -0.0296623486196808 -0.0590806814843909
0.0376727174175921 -0.0173208315159287 -0.0776076629003599 -0.0214719802135522
0.0210866680014808 -0.0314662034431818 -0.0655570551872334 0.0430710375567854
0.00059185202409103 -0.0382829718484081 -0.0206666549552444 0.0584826581614627
-0.0195934966644911 -0.0314713184246416 0.00756629589194938 0.0429450024620196
-0.0223247463940771 -0.0279412375582956 0.0202477193297166 0.0288713651872628
-0.0249049474151831 -0.0326935912292976 0.0290710567484268 0.0174541623301759
-0.00640809299171455 -0.0509900703727465 0.0365226093577002 0.016445298684808
0.0265901157962929 -0.0458456365956929 0.0413759278914658 0.0258380769286008
0.056080732549456 -0.0302242081516135 0.0346843011692724 0.0534611170094657
0.0630425095819385 0.0253893551775664 0.00216827577766971 0.0722337266668732
0.0308326850938989 0.0734821122428672 -0.0349622255665432 0.0633295921471752
-0.00385428390736 0.0893734134985201 -0.0289393726117428 0.0534980408125894
-0.0151940774791087 0.0812652657397776 -0.017859078810409 0.016950716122787
0.0191392034907439 0.0765544475014427 0.0349683021910562 -0.0300409085818186
0.0547520962960835 0.0342884197684875 -0.0173624953428489 -0.0700783240848839
0.0600879695800767 -0.0203886677602002 -0.0693067760532774 -0.0364249318772803
0.0325182172486781 -0.0455282989258552 -0.0645557277408078 0.0256666657516924
0.00308061859018482 -0.0535588500239264 -0.0258398579610665 0.0406605948141139
-0.0243436304651926 -0.0438009501686829 -0.00241198229522134 0.0266750163037369
-0.0289968767325668 -0.0353391405883562 0.00854558127127598 0.0150787244755412
-0.0313005577663867 -0.0386183684316422 0.0186582116882542 0.0013681830391406
-0.0106034967236138 -0.0595719581307549 0.0317917490193381 -0.00289329170280736
0.0260381250801885 -0.057489059398464 0.0464055377535089 0.00484226206360179
0.0623867685278607 -0.043679384126939 0.0491486743728767 0.0390659801219447
0.076639121039008 0.0225718108660022 0.0199490635433095 0.0644776130153912
0.0381617317971588 0.0821094942642855 -0.0232294094541803 0.0526733083914801
-0.00510304315199355 0.101383688652685 -0.0183001903796876 0.0235981573367168
-0.0279720230545659 0.0831521402000666 -0.0044374197749165 -0.0171122181817976
0.00827164396034009 0.0921532372390962 0.0433727150908128 -0.0466490317417888
0.0582692716384251 0.0516048297560658 -0.000144719725270605 -0.0779396473584912
0.0731523984589188 -0.0155169375489417 -0.0524978847766044 -0.050765672674547
0.0413361072958115 -0.0504556172437691 -0.0562619377003049 0.00362704891348215
0.00643316426682564 -0.0601973060085137 -0.0288001514437689 0.0170367479824313
-0.0251431856747211 -0.0499152276841949 -0.0123975361356847 0.0070455344222378
-0.0312884823565423 -0.0383491299212841 -0.00398754439933428 -0.000512527723807922
-0.0329174983442381 -0.0390266365756999 0.00641995243894521 -0.0153836035388679
-0.0132991748483021 -0.0592555966019413 0.023623018337105 -0.0220521288358378
0.0224905528083851 -0.0590613732398009 0.0461115077302043 -0.0156427218540943
0.0605378619498744 -0.0481021795812035 0.0565409758028367 0.0220569449130957
0.0769593661973733 0.0200024034279003 0.0320092716620755 0.0528213770583104
0.0363201936162676 0.0802885722030765 -0.0154313982410103 0.0398611164880048
-0.00800085180400991 0.0983440275013343 -0.00926149643031683 -0.00642207074133831
-0.0336223617957057 0.0694535110178264 0.0149224664238263 -0.050814456613522
-0.0047359906921175 0.0872298072296925 0.0516270776982601 -0.0627803142497475
0.0478980036894372 0.0579311050827268 0.0170251629136213 -0.0802846452772322
0.0703825236403655 -0.0060330045039006 -0.0311367957459476 -0.0595157550696476
0.0417176314514507 -0.0446470520708742 -0.0421495818332719 -0.0178690780688885
0.00809953486048165 -0.0554641001426088 -0.0290919139503898 -0.00768946513576481
-0.0220675973625311 -0.0467708567021096 -0.0218020851205775 -0.0132133112531705
-0.0287542393463651 -0.034748031151291 -0.0157643785596914 -0.0164637660069425
-0.0298360561844136 -0.0343564718957933 -0.00496735852124751 -0.0296521994273005
-0.0126499014976179 -0.0508061181822757 0.0147593952428823 -0.038277639082486
0.0190745968661296 -0.0524837108439769 0.0440677892990909 -0.0324707972544524
0.0542030386312996 -0.0421123811820247 0.059666156167338 0.00824981362758036
0.0668157617759259 0.0200821438509129 0.0380673916441834 0.0414437920163599
0.0267505718092979 0.0709512904062247 -0.0109357217490811 0.0283046932437049
-0.0130787478863707 0.0820431916626857 -0.000873955461056452 -0.0313611585789923
-0.0321258680139924 0.0428443647712581 0.032319578095341 -0.0779301189659372
-0.014856568204936 0.0623844072274408 0.0579362289233536 -0.0752406971740539
0.0284656914321394 0.0474891612257576 0.0300484894359711 -0.0786844766898144
0.0510436503135658 0.000622522205862345 -0.0130578757766 -0.0624389248283227
0.0320144458649893 -0.0312138408964951 -0.0286696069070783 -0.0349229331066915
0.00680342172753173 -0.0402587722874913 -0.0284260749513302 -0.0277968782716936
-0.0158691017730694 -0.0349966024504409 -0.0294584708901874 -0.0290947687746661
-0.0214434483421964 -0.0258232768817387 -0.0254712982571341 -0.0295110241574836
-0.0223306268815104 -0.0255861314127213 -0.0145524315232305 -0.041503651966484
-0.00954382274648565 -0.0378838446498657 0.00905945824284332 -0.0513066775490897
0.0146482460707696 -0.0403274769893875 0.0430010684829489 -0.0441241828649017
0.0440257040514168 -0.0295763546371664 0.0608869243876984 -0.000659953221919561
0.0499831981965523 0.0214782232679489 0.0400541461079581 0.0336254986819109
0.0125105422297402 0.0561051482408804 -0.00701195675757322 0.0194255618988583
-0.0185705672829026 0.0561152239789482 0.00791239495443752 -0.0491928924128157
-0.0230485496268364 0.0082677712447666 0.0441595165864218 -0.0940245195878193
-0.0179642178476451 0.0245846592551407 0.0573501669163177 -0.082351104965694
0.00701551447912429 0.0245095448774372 0.0351379773532736 -0.0767941995020708
0.0212322401542357 0.00250843823029991 -0.00408346109549803 -0.0626899612762583
0.0141846072193427 -0.01344184776777 -0.0214438579799416 -0.0439720870183666
0.00380970410224883 -0.0174669297377611 -0.0292116187550602 -0.0389183216460284
-0.00731067305001799 -0.0164106489321134 -0.0344750077174829 -0.0375270240108152
-0.0104328575046999 -0.01244144658401 -0.0308568756497612 -0.0370002604230451
-0.0118483639996976 -0.0136345546415448 -0.0196361197849772 -0.0491920400717803
-0.00590592467535583 -0.0205872000187755 0.00696293601071035 -0.0604667736695566
0.00881513018368781 -0.0251815063195829 0.0446329125971955 -0.0514812183418432
0.0297216799781517 -0.0154201906298114 0.0640241966008442 -0.00483267090969508
0.0289570093201777 0.0203595289499294 0.0412038347948736 0.0301949828366695
-0.00162590862362131 0.0352497096167012 -0.00424306949106699 0.0148025950832121
-0.0215855111289287 0.0230614452601267 0.0165314555428785 -0.056876985825676
0.00943701336970369 0.0133852060984225 -0.0457444628321804 0.0541412265266374
0.0105543434234739 -0.00725358716095497 0.0231588152314189 0.00521215758610882
-0.00415790806013584 -0.00994792905458703 -0.0162126676527143 -0.0555833865696867
-0.00808707477930352 0.00255009925231836 -0.0686129791773846 -0.0357553976036775
-0.000394128953139865 0.0067227656327877 -0.076366626297957 0.0272189697571037
0.0006396192295289 0.00200616061138348 -0.0416039637150201 0.0615092539641314
-0.000799568067595902 0.00126682129710769 -0.0074670622860095 0.0605067868774783
-0.000253975379348888 -0.0020500874825981 0.0123626691890342 0.0528867874233891
-0.00288980891329478 -0.00540736233828396 0.0188926717675394 0.0506205020398979
0.000838829308106005 -0.00910366880997707 0.0136951135474389 0.0522974322551465
0.00779648241966442 -0.00448422444644855 -0.00070488157406525 0.0541448128049122
0.00931939700018803 -0.002157505927529 -0.022315414684967 0.0591674638275643
0.0116702455588717 0.00711763961237873 -0.0604838696152301 0.0522592259126929
0.00980194843995858 0.0193664150848704 -0.0932071411864947 0.0406544708679552
-0.00265009493863834 0.0267246849518613 -0.0892096903683255 0.0613330952273376
-0.00912641055998922 0.0386452002949154 -0.0479478601391593 0.0460336457360027
0.00740944757910235 0.0231804114529317 0.0257216215316472 0.00266041562410012
0.0135324652286927 0.00899274873781547 -0.0117230421228225 -0.0608581947616831
0.0164595723574145 -0.000112309282206462 -0.0679650562013168 -0.0435543247852193
0.0162000174205973 -0.00687108262056634 -0.080252541976664 0.0212967394856836
0.00827731174023263 -0.0168772865592533 -0.0447637965914936 0.0558563345971023
-0.00328914873117689 -0.0184104416607429 -0.00965115395920144 0.0543608294552592
-0.00478675710031959 -0.0204184522919994 0.00974039832227275 0.0472266605638026
-0.00536281800131411 -0.0253051505503564 0.019916852999534 0.0425783976740568
0.0115830926484376 -0.0318099787553 0.019830404072141 0.0453756180772194
0.0308682320493728 -0.0170545550700814 0.0106949404824958 0.0521769375272231
0.0397831910736993 0.00298650320905711 -0.0100443203772954 0.0637630781115984
0.0268294632825763 0.0365486174148326 -0.0492002985285592 0.0600767057727823
-0.00295426848919405 0.0553326461248385 -0.0796737635159178 0.042402938393662
-0.0274822403205229 0.0566527874373155 -0.074346941707115 0.0510943271516261
-0.030236792728097 0.057860955256093 -0.0402086274035726 0.0297073018288671
-0.00202419059167785 0.0544964528345512 0.0339171471286449 -0.00360917986450041
0.0280916185497782 0.0320284679793339 -0.000535830654958253 -0.0678648005479697
0.0421025047097171 0.00130604230100667 -0.0616179806367858 -0.0549341596456332
0.033662866971572 -0.0188881618117763 -0.0794717956761225 0.00965167542232348
0.0170887401459989 -0.0350248312343708 -0.0460762878525075 0.0443190475883192
-0.00425144503641483 -0.0371061348260523 -0.0126546329367345 0.0419340711175613
-0.00831959154009028 -0.0356459171502863 0.00599732827013149 0.0348939335803992
-0.00860918912410629 -0.0404007837201378 0.0192372720155834 0.0280164259194592
0.0159925615456961 -0.0496507158197111 0.0269701770913167 0.0303986691834745
0.0449296182339574 -0.0315126190434476 0.0276612464151008 0.0419651941918311
0.0640827591027525 -0.00269808463374306 0.00916981308953499 0.0646530463092001
0.0460579693588445 0.0522198580377946 -0.0311847310427684 0.0677347974035858
-0.00457737541549518 0.0810652152671944 -0.0638259696416732 0.0414693665531065
-0.0426880605761737 0.0793794418530609 -0.05271556524801 0.0336035329253474
-0.0503732754445968 0.0664771480834878 -0.0215123222564981 0.00811064125932234
-0.0169590957751344 0.0784873437526282 0.0463140514042225 -0.0135468332251403
0.034284507781018 0.0562510399418774 0.0158114956521446 -0.0731032548929693
0.0628530660802412 0.00846406419587919 -0.0472585443618708 -0.0655436254745234
0.0502022811562813 -0.0263738963359913 -0.0714054809538996 -0.006497533810339
0.0262115490526084 -0.0479722369065427 -0.0429477040859903 0.025397934906417
-0.00356822924047408 -0.0507924766031186 -0.0145891241183184 0.0232266590715254
-0.01119276251282 -0.0458574606408859 0.000964637188094984 0.0174211855969883
-0.0120379575746617 -0.0482428919034516 0.0166633114098214 0.00887741647226858
0.0154643716260279 -0.0596978046437141 0.0307071554808759 0.0110354928831988
0.0490797077594973 -0.0419053816384394 0.0413811793840159 0.0245579263607123
0.0759976858944599 -0.0125982216044646 0.029302507695474 0.0579216980989804
0.0595802902292913 0.055799487924626 -0.0110463606067485 0.0690509115368105
-0.0022229622616133 0.0923478516031284 -0.0479329544997459 0.0371155448887557
-0.0494559921094991 0.0898584744031257 -0.0293637463007473 0.0117755465188634
-0.0632915801321869 0.0631240712929401 0.00672205243803337 -0.0161313905945293
-0.0339691790003101 0.0881981026113099 0.0622634285367047 -0.0247685949070678
0.0293623984507506 0.0739202951533926 0.0354125207008243 -0.0726909701575455
0.0721710091388223 0.0185075501259533 -0.0253351687808864 -0.071415750125755
0.0599829219797933 -0.0268632621504101 -0.0544536387069881 -0.0229859539895469
0.0315692535756079 -0.0521280621490031 -0.0355220980919512 0.00281555569711466
-0.00184036489254324 -0.0564729239596493 -0.0154933971662323 0.000803998691689453
-0.0117678774000299 -0.04910771988524 -0.00373439394427735 -0.00224018984585009
-0.0134276867464344 -0.0496907737063738 0.0125775004036386 -0.0107530051513983
0.0123526647701976 -0.0596394342420288 0.0315292993855933 -0.00998654256059646
0.0467721784595611 -0.0451641932979084 0.0508603926699374 0.00574318215670275
0.0757522142419564 -0.0173363465185419 0.0436001656084314 0.0455654916623371
0.0611254364914194 0.0530618977420791 0.00527962128673437 0.0641625136537031
-0.00179010195402576 0.0897093137144108 -0.0353986372402754 0.0290170252086092
-0.0509877121048317 0.0853057900630012 -0.00720275985186597 -0.0104776937800759
-0.0629015576071315 0.0481717817696431 0.0387772221751697 -0.0384195198682049
-0.0441982571577358 0.0781515106119632 0.0768944533897428 -0.0354773397475288
0.016592141041663 0.0744934800586377 0.0522395964880032 -0.0667714256303185
0.0651182162543574 0.0256830973696381 -0.00157978232602304 -0.0696620417819454
0.0574462797789747 -0.0214230807134778 -0.0315608734137166 -0.0371693025536238
0.0309774006123513 -0.0475129981129581 -0.0247133710153402 -0.019635411788102
-0.000629664105948157 -0.0524720877582652 -0.0152956919251292 -0.0218435700645799
-0.0110689150854424 -0.0447071972718458 -0.00807034493207993 -0.0215560506914378
-0.0127625372493729 -0.0437377846239501 0.00811901676380747 -0.0290312103110639
0.00992679590076974 -0.0518875205751521 0.0301389111054401 -0.0281857080899775
0.0400236666498102 -0.0403152421602243 0.0556186128455424 -0.0104788810098899
0.0674181279868626 -0.0151070187498588 0.0521374195498617 0.0344572925816075
0.0518046628752012 0.0483825819241592 0.0160152649213599 0.0562271366254808
-0.00678849089787954 0.0767825583803076 -0.02500580569144 0.0201467220559431
-0.0478991005202387 0.0682273501646496 0.0123983730719876 -0.0295103013537826
-0.0497513874746121 0.0250152138828469 0.0663321149199804 -0.0554062757011934
-0.0427440977751845 0.0511843792297991 0.0879794435752488 -0.0430229787128452
0.00362189973215523 0.056958396259703 0.0635657742994969 -0.0587310912999717
0.0454329508292198 0.0234822725144499 0.015917939562119 -0.0635076247265086
0.0425940602892634 -0.0135868635276331 -0.0112930482739595 -0.0450926067126355
0.0235754996330238 -0.0335569256770104 -0.0143590261212218 -0.0382767310896832
7.60679795990249E-05 -0.039112947767512 -0.0149877596016333 -0.0389263641561674
-0.00856449150878956 -0.0331977775544457 -0.011535509366742 -0.0369166821259824
-0.00986271462459412 -0.0326786590992889 0.00475718354640046 -0.0438939278070971
0.00723503477516666 -0.0387675671498233 0.0301156274034667 -0.0423041269626842
0.0308506945181333 -0.0308872324403241 0.0593845380260957 -0.0216273807593755
0.0527090841811497 -0.00862401741511935 0.0569379562403513 0.0272294136539829
0.0359842416830722 0.0418861347612638 0.0210276419035165 0.0496880081225425
-0.0129235852594104 0.0565983816651742 -0.0174848145513631 0.0137094184738354
-0.0411204146989176 0.0419357394565568 0.0289209130413007 -0.0410101826071117
-0.0261076801847187 -0.00261617210872384 0.0830306431680631 -0.0651763863937048
-0.0288807111513943 0.0147488962438644 0.090162678252022 -0.0489147182555846
-0.00585832637694623 0.0255313613284331 0.0670821935433992 -0.0538410619986913
0.0171909149054641 0.0122423012307359 0.0243681201685003 -0.0589037659091755
0.0183961888004073 -0.00512631980687596 -7.82000924346661E-05 -0.0499832567198304
0.0108474454843897 -0.0139198649568557 -0.00983345766074086 -0.0487500709855464
0.000109423130261678 -0.0181605984592248 -0.0155197650552598 -0.0490738556567488
-0.00419129804930927 -0.01617032825674 -0.0128914928338575 -0.0462399927040917
-0.00524005471301709 -0.0168920866100202 0.00274039770118111 -0.0523303008708017
0.00336498286564888 -0.0218750357347804 0.0317024728548904 -0.0514158645686639
0.0188122425261177 -0.0199707925441937 0.0631881094551332 -0.0272364183681372
0.0339538097992853 -0.00192557321154802 0.0609670238150819 0.0244326299798173
0.0173396976661343 0.031484625000749 0.0235058168675065 0.0468860990844683
-0.0170351981807871 0.0311061712663742 -0.0123369821515191 0.0110011542785769
-0.0298350334711546 0.0114245982539167 0.0408096801668297 -0.0440206639570699
0.00983571024448062 0.0128778569244169 -0.0418616619517107 0.0552783951999837
0.0100812198657691 -0.00758829379249789 0.0234099317852805 0.00389661304433897
-0.00442684118589476 -0.00936959835592073 -0.0187659240368638 -0.0534958694866827
-0.00760306058708414 0.00266339628277011 -0.0695876725020697 -0.0313940512260379
-0.000179678027498969 0.00658080981672567 -0.0735018396169471 0.0312127048866618
0.00110798555786136 0.00198137518857845 -0.0370087610703251 0.0634503318152487
-0.000825008021643991 0.00169017567767155 -0.0035388498830882 0.0598202540033294
-0.000287779521364906 -0.00226144081821949 0.0154096526502183 0.0512188482806129
-0.00322945121348254 -0.00525535599003823 0.022011550788687 0.0488737633743472
0.000504772934204671 -0.00913915636780151 0.0164255641248533 0.0508458635909711
0.00754032687770315 -0.00501911007371056 0.0017909941969898 0.0537156875588957
0.0095724335113403 -0.00207040162459441 -0.0191953188287301 0.0590318887999276
0.0120273675653499 0.00680266541942826 -0.0578385495964374 0.0542364547685402
0.0105228539435056 0.0185527689079669 -0.0896101354315891 0.0450727044656524
-0.00159151680038954 0.0263149326466182 -0.0843915622467445 0.0648477549839566
-0.0074088724508963 0.0384652161666297 -0.0444598090872955 0.0475842434901247
0.00857577698574368 0.0227378429329752 0.0259441435043058 0.00195904155275137
0.0138724776838331 0.00783375004370649 -0.0144603426764772 -0.0586952661954981
0.0163776176369615 -0.00118124552184394 -0.0690956279634979 -0.0390829450882509
0.0154515108740395 -0.00766989416160348 -0.0772159646868094 0.0256046820554876
0.00726398937560759 -0.0170880944405753 -0.0405269965701313 0.0579844713391106
-0.00459361700024745 -0.017844433252233 -0.00674668313204484 0.0540060844224334
-0.00560360927960421 -0.0198531854507906 0.0125768002845719 0.045409593265616
-0.00689148196567005 -0.0246500120906863 0.0223000328489901 0.0409093103323565
0.00933612119441475 -0.0321289271080148 0.0224617501679023 0.0440335735681871
0.0298484290341465 -0.0187545503337258 0.0132787451188629 0.0513154051391334
0.0401424697957212 0.000532045455768679 -0.00706295023463624 0.0630272173922577
0.0285536723294368 0.034475528607065 -0.0457952130214934 0.0610556082467787
-7.19237973043942E-05 0.0548573072069237 -0.0760308854025831 0.0458587266735425
-0.0242764843636986 0.0568341403561244 -0.0700804182105185 0.054090224911267
-0.0273749161613247 0.0581054898378122 -0.0375564346784886 0.0313912168576332
0.000979691368657744 0.0535973703044945 0.0335888520309236 -0.00475750444261509
0.0285474613887756 0.0300389498734681 -0.00404613414073598 -0.0661820398368211
0.0410908260448714 -0.00131219134307904 -0.0631134292024721 -0.0504244967162018
0.0319618183761124 -0.0203113328423366 -0.0773898535369791 0.0142290771960089
0.0146292695068726 -0.035125205031516 -0.0422529216874271 0.0458244069135215
-0.00667872459799739 -0.0358381813206417 -0.00998901535945936 0.0418632311466006
-0.0101403105540592 -0.0343369530810959 0.00791224716803067 0.033868799480541
-0.010731019440825 -0.0391990788454489 0.0208127917092562 0.0261887045075288
0.0126281633954356 -0.0499447582788886 0.0282179547392062 0.0290156587204538
0.0428155389726399 -0.0337096437495727 0.0286301549156555 0.0403100124533072
0.062903332676953 -0.00646228167761325 0.0121640878647371 0.0631221971486357
0.0480976804224234 0.0488839988367128 -0.027558407271815 0.0673980833739954
-0.000604267988862364 0.0805631932700283 -0.060553238729688 0.0441483187089008
-0.0382342143321923 0.0802342547380041 -0.0507713297307705 0.0360766520486635
-0.046670656687713 0.0676603282133697 -0.020273177147299 0.00910920429819678
-0.0124955090094594 0.0783811059865514 0.0456331048654605 -0.0148164364098321
0.036090943210006 0.053340132994901 0.0120100748537701 -0.0718792032088482
0.0621989997374127 0.00458091814115613 -0.0492927640689645 -0.0618063521908853
0.0476265174116667 -0.0289374061969281 -0.0699235833440213 -0.00160522516242885
0.0221988927969042 -0.0480543156658582 -0.040688898930269 0.0274342201622
-0.00685078631815851 -0.0492828069125414 -0.0131657242705933 0.0232451890771301
-0.013505108329877 -0.043876302675124 0.00216038490276503 0.0170694580784425
-0.0146256025254349 -0.0469468270112495 0.0169603038001457 0.00799835301770537
0.0112842710319851 -0.0596470382860117 0.030807621483218 0.00912528067452379
0.0461146282112398 -0.0445838461060085 0.0424950001400093 0.0223608807447859
0.0735157325205766 -0.0168355671401268 0.0316949129196456 0.0551353644455265
0.0616458931567605 0.0516828370211395 -0.00753043070338368 0.06775595655681
0.00273982702030638 0.0917542022714623 -0.0455107026410484 0.0389743895692475
-0.0439181874363993 0.0906302723905415 -0.0290252832273766 0.0130830951750968
-0.0592255803157954 0.0649572577245929 0.00614334956836841 -0.0159605873634233
-0.0284721032012454 0.0890302702797099 0.0599312843803327 -0.0265276584700202
0.0323268025118048 0.0709515874664685 0.0313453734842119 -0.0723286217885051
0.0717957542213065 0.0142527955866946 -0.0282696779859217 -0.0687911484970506
0.0570957201064969 -0.0299983064391159 -0.0535826187121065 -0.0193901661097708
0.0277605924777465 -0.053461478052611 -0.0345768848218852 0.00461751839678698
-0.00546316659157651 -0.0553517159207934 -0.0155370746024868 0.00122163437027449
-0.0142589760905837 -0.047298845180159 -0.00369883135537986 -0.00203494046861197
-0.0162676628751746 -0.047743703282498 0.0117947684825421 -0.0109614954667102
0.00878839606911274 -0.0599579107653751 0.0304540942252092 -0.0110781688326007
0.0435481937567726 -0.0474133096344068 0.0505033701051992 0.00309989383887065
0.0735961648639035 -0.021292649631113 0.0456883059454851 0.0432839388678433
0.0631699119316565 0.0485360910532099 0.00861226009559965 0.0619729467035319
0.00267720175921286 0.0887982441699353 -0.0333270770824687 0.0304817118254016
-0.0453973752718678 0.0864093653201122 -0.00848735477942421 -0.00980374860865581
-0.0600060473052723 0.0503728838930128 0.0361987751799148 -0.0396684001234292
-0.0394172779143992 0.078899266848591 0.0741588080554718 -0.0378554071642253
0.0198132760185272 0.0722123944276441 0.0486222873491205 -0.0674566849203788
0.0653292196837314 0.0216270229987359 -0.0051084761123679 -0.0683141402000874
0.0549615815358104 -0.0245014365562696 -0.0320436060513325 -0.0338102117214458
0.0273327706194419 -0.0480938477926168 -0.0249653623781001 -0.01823751731895
-0.00414314555991491 -0.0514700032155888 -0.016913768749219 -0.0204211121045982
-0.0136230137600828 -0.0430717364223595 -0.00900831427520893 -0.0202819353809911
-0.0150295024394471 -0.0420586834611844 0.00613042914527626 -0.0290922323549772
0.00660067883565734 -0.051762735543048 0.0282964928021608 -0.0293648824522466
0.0374799871581014 -0.0424764196906876 0.0543483701677917 -0.0134084508885413
0.0647230825483979 -0.0189953364546302 0.0537968061343904 0.0316755996839893
0.0537479743357162 0.0444697598379085 0.0184284564439985 0.0540276000782702
-0.00242299529637852 0.0759561576322492 -0.0242090000143046 0.0213328350253424
-0.0435188983290339 0.0692584460852775 0.00986159997117256 -0.0296281346901175
-0.0477728435000748 0.0268289673705225 0.0628509538380203 -0.0576186276383622
-0.0393242029534822 0.0524449371775629 0.0838863989500575 -0.0456902881528732
0.00637669919914505 0.0554557269354607 0.0606651701399973 -0.0606809827345902
0.0450695221932324 0.0207050719139309 0.0136240821046027 -0.0630385488746775
0.0406504585702701 -0.0157669649321571 -0.0123481203528207 -0.0434832203258105
0.0204894368916525 -0.0343659249468107 -0.0165594674570642 -0.0371586898059006
-0.00276924837348311 -0.0379431303512535 -0.0176913235812716 -0.037571824913301
-0.0102121749626396 -0.0317003876719847 -0.0132176085745105 -0.0351780919602906
-0.0112538591572665 -0.0314062625087049 0.00196854992899148 -0.0429130920727411
0.00451219537691965 -0.0382947076493805 0.0273384129382253 -0.0429388501417773
0.028938883458923 -0.0324837056295077 0.0569438776993931 -0.0242449182316714
0.0508238535984617 -0.0116504512235993 0.0579127240800082 0.024094797951857
0.0378613568568879 0.0387997669251788 0.0235399097111222 0.0475614769148269
-0.0101638042339654 0.0562439574626744 -0.0169204148868656 0.0146523030306786
-0.0382627455502307 0.0430585004242029 0.0251351808550086 -0.0413714498322329
-0.0257453385275842 -0.0011224020761258 0.0782859451285226 -0.0682969211225311
-0.0275352101544223 0.015784187574388 0.0860617571374874 -0.0515641698618841
-0.00404302004742639 0.0254831021199985 0.0635340199973707 -0.0563763546584971
0.0174944868091571 0.0112413530834543 0.0218151471880044 -0.0587401583686948
0.0177492460378531 -0.00632231601729771 -0.00214732708455001 -0.0486267311198395
0.00931102961894544 -0.0145619706852151 -0.012500005988623 -0.0475369364380939
-0.00114117362837976 -0.0175942256974981 -0.018430072697484 -0.0470555913113318
-0.00541066767636401 -0.0155356619777975 -0.0158432803677607 -0.0439681467602073
-0.00621907194289191 -0.0162858460644364 -0.000114562686809684 -0.0516513292836931
0.00215364470659477 -0.021428166035003 0.0283823636095599 -0.0520400748788078
0.0171027063960933 -0.0202350542742808 0.0609966444724452 -0.0301673882483836
0.0329491555142935 -0.00384096463404017 0.0612376009706817 0.0209669195575503
0.0187282045221373 0.0295595527628205 0.0254979544579308 0.0443941667154844
-0.0150173567854627 0.0311073399032899 -0.0116589690894259 0.0116009630771793
-0.0285538243517538 0.0120415582413635 0.0367922633903996 -0.0449306133995038
0.00985401470381229 0.012841937430046 -0.0390143728095998 0.055190489456565
0.00938288385543133 -0.00762409099438831 0.0233395337685337 0.00351195294424374
-0.00438736840542815 -0.00882751132529606 -0.0202313860054066 -0.0510572608613496
-0.00735287322853046 0.00265352614629271 -0.0685922262749246 -0.0278225477659127
0.00023155823469964 0.00604464543213219 -0.0701785198251284 0.0329931053490999
0.00122363229704142 0.0017925676821892 -0.0330763675684134 0.0627456607496081
-0.000504294913890092 0.00140661099992306 -0.000875882414439545 0.0581626090286494
-0.000321135600831881 -0.00231855091003587 0.016954270295729 0.0483662352843712
-0.00337708599171932 -0.00465226891762173 0.0236200173795012 0.0465007808041851
-3.11550169303863E-05 -0.009014503263177 0.018356665756707 0.0495652972122869
0.00711403712371244 -0.00529324019107766 0.00372249335848372 0.052718377775088
0.00945507987402123 -0.00219921597602241 -0.0171370807756506 0.057261406918954
0.0119448177924357 0.00650234816646762 -0.0546807742492828 0.0537283603505239
0.0109714186129302 0.0175351584542925 -0.0855661546252467 0.0468255154669952
-0.00079255573742716 0.0254947437943771 -0.0796830567379061 0.0659258352260318
-0.00589347762688936 0.0376265446269223 -0.0415975860627254 0.047908269378102
0.00953210663153364 0.0221359666443121 0.0258332313164668 0.00134919462315582
0.0136457283674412 0.00706696077446583 -0.0160113033297121 -0.0565587981073547
0.0154955969622587 -0.00214399962813834 -0.0685421832166844 -0.0355808930400997
0.0147432574602153 -0.00788783466301072 -0.0739718293436263 0.0274741219867489
0.00596756414010635 -0.0170350112671565 -0.0365037365620658 0.0577889711832787
-0.00517256620794103 -0.0172863201282532 -0.00397623239436442 0.0529248863949941
-0.00626320844739115 -0.0190780182878891 0.013863016085818 0.0436497479567152
-0.00769412521192784 -0.023993999783596 0.0235342479231627 0.0387428781680957
0.00764214466411836 -0.031904538460412 0.0237866336583197 0.0423389711492975
0.0282961333132131 -0.0198258380345703 0.0145564990989922 0.0496560155649937
0.0391039831445311 -0.000800105597472216 -0.00500494126266874 0.0611496353931272
0.028957959738019 0.0332415891093307 -0.0429462730458569 0.0605725081868688
0.00169684828338406 0.053504658802244 -0.0727400798435183 0.0471660334511946
-0.0221253806542018 0.0560526875284649 -0.0665339110359151 0.0552081655162259
-0.0252505071893604 0.0574206824474494 -0.0349905514994964 0.0320141744125661
0.00299020586962084 0.0522594540763726 0.0328008548711765 -0.00499532275392967
0.0285921502859695 0.0279034869158759 -0.00553959915510679 -0.0636119162294452
0.0396129557919492 -0.00303444364726113 -0.0632047139734651 -0.0470264145059693
0.0303460527261219 -0.0213384626147299 -0.0743730604818165 0.0164144195796821
0.0124293525581212 -0.0346300587406061 -0.0388468375591169 0.0461817079293661
-0.00819037332774758 -0.0344729703286929 -0.00835294799670699 0.0410302281410572
-0.0112840342003753 -0.0331131742218537 0.00933685423000331 0.0324553376297087
-0.0123422374219796 -0.0376669002594487 0.0211893641478179 0.0248383929663259
0.0095823457731881 -0.0491259042303071 0.0288441460312306 0.0271882125111467
0.0404428263240577 -0.0349423830023752 0.0296892098093697 0.0382821206103409
0.0608427210604122 -0.0087645647690696 0.0141354007714029 0.0608904036911084
0.048834527301576 0.045979689808742 -0.0249891102220923 0.0657098348067332
0.00251487338530171 0.0786212138925532 -0.0574914582186269 0.0451077048661055
-0.0348735190010569 0.0790369117174536 -0.0481194678978197 0.0372150288688463
-0.043537384198709 0.0669732103528842 -0.0188356630996664 0.00993745543686993
-0.00912736180473546 0.0770822318053978 0.0442650727287992 -0.0150554739964713
0.0366740715776178 0.0509317022270058 0.0100918181358622 -0.0699311425892274
0.0602326547259663 0.00201116006921409 -0.0498659649010928 -0.058280516049864
0.045008871632436 -0.0298168016264303 -0.0673073246549707 0.00104048450444164
0.0194422097298356 -0.0479666098245831 -0.0381504623880774 0.0284605412597067
-0.00887110738283843 -0.0471129095354998 -0.0123100800199464 0.0231806140138224
-0.0148755631298146 -0.0418905021748271 0.00296400294390281 0.0164308078972676
-0.015888221762188 -0.0451007128996392 0.016778492279104 0.00724286260276296
0.00833549945209668 -0.0584743861516249 0.0311611302120843 0.0077635314347503
0.0435130460739456 -0.0453918134135717 0.0426121299940276 0.0204950649448232
0.0703877686589406 -0.0195669695998413 0.0332374905779822 0.0528318764832994
0.0622164622690104 0.0480719066659783 -0.00572341235981488 0.0656883604555588
0.00595833725158615 0.0891462455636357 -0.0428361516168687 0.0396170830698913
-0.0401150593932249 0.0891431048795326 -0.0282240874336301 0.0144176628280359
-0.0560178836411413 0.0648340931102632 0.00593091364296421 -0.0156707860878965
-0.0245327982655105 0.0879554021974571 0.0582758718045839 -0.0267399834365425
0.0335292443904596 0.0676492399334941 0.028792520488559 -0.0710465800463004
0.0698572271111715 0.0107594416604912 -0.0289609782136168 -0.0657876031949601
0.0544475501221559 -0.03163002865014 -0.0514918117079561 -0.016540890818328
0.0244843029652476 -0.052880598418206 -0.0331904100186197 0.00589446042058191
-0.00832675885002841 -0.0531746903894064 -0.0153857781321617 0.00199209901593245
-0.0162899144975838 -0.0450721378760177 -0.0034745681347133 -0.00117511350574808
-0.0177000039447879 -0.0453851074242251 0.0110830940317177 -0.0116819340222135
0.0058060245003532 -0.0581989880078207 0.0296817211039348 -0.0119039974529919
0.0407010120797705 -0.0483734533459595 0.0492139808470709 0.00135360921184334
0.0699512221923308 -0.0242168725072194 0.0461205218425937 0.0401573580805622
0.0634461453850902 0.0448957923806537 0.0100206259180428 0.0597341508898915
0.00579899357576103 0.0864666578573002 -0.0316525836674786 0.0306763092935225
-0.0412816366693649 0.0855231602035406 -0.00927860843674245 -0.00900038858306546
-0.0566843916554044 0.0506919078401607 0.03446023850745 -0.0394931792579386
-0.0352225000547933 0.0789274532029869 0.0713788969160931 -0.0382252387978378
0.0219497827843986 0.0692863327968686 0.0457710116485138 -0.0670263521027903
0.0640591885507618 0.0182328096052401 -0.00646955036745447 -0.0660007241283721
0.0524392242033571 -0.0263362675783385 -0.0312108894269508 -0.0316943915729249
0.0241394071114624 -0.0479142920006119 -0.0251937992550893 -0.017275980429277
-0.00652604211724814 -0.0491435129849171 -0.0175948727816064 -0.0191880780472981
-0.0152391261815678 -0.0411233261399265 -0.00961949689115822 -0.0187621291797389
-0.0163144955150314 -0.0400313586548854 0.00486576025039529 -0.0284516840907002
0.00400749620301552 -0.0505707493586884 0.0265927504549845 -0.0293503555465158
0.0346272210659636 -0.0429884406730767 0.052206407893154 -0.0144792597721681
0.0618184873404416 -0.021294774231219 0.0537536561146497 0.0288826685530512
0.0538768814254861 0.0412119766896678 0.0195403228281753 0.051538406097317
0.000407164363117711 0.0741408699203406 -0.0228847349590394 0.0217326312556596
-0.0402833659157261 0.0684808031460103 0.00753508991668808 -0.0282780301859713
-0.0455610568722146 0.0275107008544469 0.0594978289617197 -0.0580066902156496
-0.0362068733054304 0.0526454278477535 0.0808614195869196 -0.0463567701250165
0.00786009830873603 0.0534601758841707 0.056980663851145 -0.0605365545546147
0.0444930497755457 0.0184548813794578 0.0112943317739792 -0.0610628862801764
0.0386791771669164 -0.0174839456446981 -0.0124061006222301 -0.0418343371155133
0.0185983285440169 -0.033983159584472 -0.0174484123220573 -0.0359065441481302
-0.00455724985616398 -0.0364760542551451 -0.0193525433334015 -0.0358234700248711
-0.0110894232675533 -0.0306410257830164 -0.0143012228699289 -0.0330955189634711
-0.0123626435405553 -0.0299309324277304 0.000468276604734832 -0.0414527054391884
0.00293049744860514 -0.0376148966818083 0.0249246058513745 -0.042862089358531
0.026719748637652 -0.032429743376998 0.0547297835583986 -0.0257379721835085
0.0488210082607525 -0.0133159553216885 0.0574790622518867 0.0215210106225903
0.0380885563422601 0.036626630006513 0.0243674358034863 0.0452986037523829
-0.00753800397380348 0.0549197667412759 -0.0161904867643075 0.0149322970433996
-0.0355905226317761 0.042697944463471 0.0224041411989181 -0.0408215905498782
-0.0251217797670496 -0.000155724737965237 0.0745742021450297 -0.0685723581315333
-0.0260676100922644 0.0162058382422356 0.0818395514186421 -0.0522343048808156
-0.00311323744222678 0.02470649780488 0.0608055503128253 -0.0564166027883993
0.0169597825290896 0.0105071241767467 0.0195334918797857 -0.0578214343529347
0.0165269828730195 -0.00684245723010771 -0.00313154198885635 -0.0474482473138322
0.00851073389536818 -0.0140534108521248 -0.0141170405326882 -0.0465824515142896
-0.00185445732187088 -0.0171132377585715 -0.0206838659187594 -0.0447009302896962
-0.00530712897615581 -0.014899739866698 -0.0170680237266015 -0.0415957065535181
-0.00651825729564297 -0.0153391265304438 -0.00175097778030151 -0.0495615326881623
0.00125777936052286 -0.021035143142437 0.025595839589846 -0.0511037433295641
0.0158174472697109 -0.0201153520705312 0.0583578576499695 -0.0319241681014098
0.0313685780309468 -0.00531222085475913 0.0605678149702185 0.0184847363399579
0.0195579798175393 0.0280064728519585 0.0266300047280787 0.0420872370683738
-0.0138378565309668 0.0309171693399111 -0.0116293518787598 0.011729673762325
-0.0273214213069087 0.012345369210645 0.0334015627007992 -0.0447214329314583
0.0100665059584452 0.0127905512360088 -0.0369285252141358 0.0546192877888633
0.00901189792364328 -0.00764417696615529 0.0236471056903228 0.00344806721513818
-0.00411387899391563 -0.00867711454958688 -0.0206313850526588 -0.048767070282401
-0.00689563900074658 0.00273725073092228 -0.0677044483052802 -0.0256004152759754
0.000669232991915732 0.00605543872332857 -0.0675433914120219 0.0335679300323171
0.00145634515128957 0.00180181601003302 -0.0302279101820789 0.0620233145005227
-0.00016176944939229 0.00134320299812424 0.00089673244953144 0.0568639330246022
-0.000298013041342466 -0.00259290154231817 0.0177814789546123 0.0470285245068723
-0.00365895730321196 -0.00457665760849162 0.0239834349308037 0.0449010813225611
-0.000391379743219543 -0.00891180169587672 0.0196688821762306 0.0481833902320449
0.00672595554644546 -0.00560607778601572 0.00450889243911935 0.0516915558267324
0.00925679321601708 -0.00235024498421698 -0.0160474309596066 0.0560744557669651
0.0123647620986527 0.00613739699240042 -0.0533329640569348 0.0535062988707782
0.0109505929120469 0.0165517963715291 -0.0825566781852844 0.0477488764333118
-0.00044333689852755 0.0248403720491844 -0.0759222617468043 0.0659555447988057
-0.00521176222689569 0.0368766005179187 -0.0392286691985129 0.0475236562303178
0.00970440671376579 0.0213577230014341 0.0259474862575097 0.00128014470256407
0.013243225837628 0.00658387748116475 -0.0166406054232282 -0.0540323552616682
0.0149028961081405 -0.00246355963197548 -0.0676363260230227 -0.0331997732408593
0.0142062216568403 -0.00858276991069062 -0.0710527221302887 0.0284568951930385
0.00576284813465584 -0.0167705243617652 -0.0338533891374405 0.0572186046236557
-0.00533753705976995 -0.0166912307954576 -0.00251450025960929 0.0513108943324414
-0.00667430860924731 -0.0185416300176978 0.0150372591985099 0.0419787167666259
-0.00809233133441704 -0.0226992826190824 0.0243169931717736 0.0370079381582359
0.00646230208361108 -0.0312550854968908 0.0246664472098781 0.0408869226499961
0.0276705146818794 -0.0205271541347319 0.0151460242493891 0.0485774274498561
0.0380561460020306 -0.00156679558654113 -0.00371119774811798 0.0599214898862731
0.0293166858250149 0.0315607543323513 -0.0416709540461854 0.059811990003674
0.00294746153051815 0.051983859031269 -0.0699785188646347 0.0474759307082406
-0.0207566977506882 0.0547948198645647 -0.0635178190811914 0.0551523320621801
-0.0238141348885064 0.0566092926507459 -0.0330925254882529 0.0319313634949861
0.0040945571574871 0.0510532599619967 0.0328992379167894 -0.0047641243912476
0.0286170664686548 0.0265017835236546 -0.00634152192477176 -0.0615908973474035
0.0381076274284275 -0.0039057633994738 -0.0624318967473995 -0.0443952165154992
0.0291241263975076 -0.021526242310616 -0.0713675183610148 0.0180026032014705
0.0113142913800509 -0.034474381904587 -0.0365305723640762 0.0459276389516434
-0.0090231208274106 -0.0331416641707274 -0.00704198726260451 0.0401085950167428
-0.0119097666303945 -0.0318792857778359 0.0101515860764635 0.0314211450412271
-0.0131131803060908 -0.0358626474286882 0.0213446946663514 0.0237270457804729
0.00803752940961028 -0.0485151545284713 0.0294754612332635 0.0262443455885578
0.0390459736049505 -0.0354711609287896 0.0300678561652528 0.0372806980889074
0.0589509171410225 -0.00998882784068936 0.0150893602447633 0.0587415503968276
0.0487821355206607 0.043844905859559 -0.0240254443162691 0.0645660013076546
0.00380617130252877 0.0769915970458325 -0.0552295606405325 0.0451125696690556
-0.0322872303516498 0.0773220721028183 -0.0467056143903894 0.0373897064866923
-0.0421355367102643 0.0662280373112473 -0.0174772405567348 0.0104137460902298
-0.00710740932790233 0.0756874893488719 0.0440891785871648 -0.0149133448131307
0.0367163631931647 0.0487395759909715 0.00878606934321693 -0.0677330543376279
0.058312591636872 0.000190069811025451 -0.0497604268876818 -0.0561997580434244
0.0429412402406134 -0.0305515107398493 -0.0646416156543957 0.00258158492194847
0.0174223861467414 -0.0475307179235332 -0.0361264104972871 0.0281658056338576
-0.0102298731036173 -0.0458409458949515 -0.0118019377704626 0.0228794060284917
-0.015847242938265 -0.0406681725196665 0.00359232456295738 0.0160473989189324
-0.0171175462881141 -0.042915900929766 0.0169383772639385 0.00609931415468992
0.00603537595035709 -0.0571942328948798 0.0310000895263404 0.00725357708971692
0.0411379730280787 -0.0460010424051274 0.041963307163523 0.0189724892511954
0.068297181316098 -0.0208621925603886 0.0337753902445398 0.0508315349828966
0.0623090325715095 0.045568694871104 -0.00466990416936371 0.0640716391744971
0.00813489714572214 0.0874110010798011 -0.0412213044100563 0.0392359650552275
-0.0376358851224505 0.0876132116325266 -0.0277428450668664 0.0149791615585206
-0.0536682542264767 0.0644643900536801 0.00605684462112375 -0.0151832654366133
-0.0216971545652502 0.0865299433953288 0.0565530223480275 -0.0267111577325399
0.0338711761796161 0.0652232616169707 0.0270628918646601 -0.0694388772037751
0.0681702819064631 0.00904856625940171 -0.0293810818697131 -0.0637687114092967
0.0516824441528647 -0.0322314914457536 -0.0498638556032579 -0.0148950080743306
0.0217938769599364 -0.0524795375394511 -0.0315790230383135 0.00603734319361486
-0.00987708157840338 -0.0513878361851613 -0.0154224444664665 0.0025427332692414
-0.0170276537825343 -0.043254322266157 -0.00324963812505735 -0.00106866552297221
-0.0184815693311917 -0.043202930265403 0.0106917706874203 -0.0116196401043365
0.00383671442328304 -0.0571057141158411 0.0291285330906381 -0.012250877147759
0.0380833478748819 -0.0482211627469594 0.048166593020815 0.000464713037196197
0.067287520646655 -0.0254818064377206 0.0464431783438074 0.0382001010916511
0.0630298937203402 0.0424153151614719 0.0108043690047493 0.057538079082095
0.00786023960937886 0.0845237963838739 -0.0301237673817882 0.0302653558934375
-0.0387475512136206 0.0842898791296228 -0.00973509614000061 -0.00821852350731135
-0.0547506187446661 0.0507160455644685 0.0331889144931197 -0.0393065317865842
-0.0321911462076879 0.0777211560849693 0.0695409621746789 -0.0382019740730714
0.0220270056481542 0.0671287119538541 0.0440361110993992 -0.0653842892240338
0.0625987455993435 0.0161651355785843 -0.00682115628768121 -0.0641467581610168
0.0500402179503125 -0.0271323397773657 -0.0299599504692453 -0.0302973515745317
0.0221014471881755 -0.0471894176799165 -0.024498791861464 -0.0170182139971759
-0.00780394143355433 -0.0474739519224948 -0.0180867994817324 -0.0181874667353711
-0.015684377286084 -0.0396588959472011 -0.00997552733913824 -0.0175125771514515
-0.0171261275430163 -0.0387317636386162 0.00405431756500143 -0.0275537460012661
0.00222822615252361 -0.0489155557249115 0.0256447052540066 -0.0291539295670263
0.0327384682511743 -0.0429125392452434 0.0507107094549809 -0.0158551806946491
0.0590185222369008 -0.0222789087401562 0.0534069320566175 0.0273263095914919
0.0535225962635558 0.0386681970386845 0.020176659284281 0.0492612949634764
0.00230206278898867 0.0724247689356072 -0.0221696240467223 0.0214564833309225
-0.0376413897197911 0.0674603265168167 0.00595094676630034 -0.0273144229774274
-0.0441097128291508 0.0275955502692575 0.0569691364037463 -0.0577332851273903
-0.0338159245290128 0.0520127158469214 0.078172457099094 -0.0458879830477486
0.00864755109911377 0.0523018598902883 0.0553104195537823 -0.0598513187039485
0.043556523338761 0.0167183434941843 0.010448595883441 -0.0601207951216461
0.0370071140857952 -0.0176679066078356 -0.012268641160914 -0.040318093526836
0.0169635819044384 -0.0333906298272935 -0.017925394969862 -0.0351501700140142
-0.00537990183757051 -0.0349341958039167 -0.0204872125150479 -0.0346549967197749
-0.0117600723100953 -0.0291733223789941 -0.0149669653684927 -0.0314331736500917
-0.0128126808081098 -0.0283371243433487 -0.000668479812953054 -0.0404308516135031
0.00211998433459589 -0.0364653525295875 0.023511915723719 -0.0422633760015204
0.0251547221274508 -0.0327788461952786 0.0530411350260155 -0.0266245958292185
0.0465629951779762 -0.0147348723967294 0.0570290078650742 0.0199394434927392
0.0378555598330295 0.0342278876859293 0.024732716818172 0.0430875261653321
-0.00634866353927172 0.0539131222472315 -0.0158092835494959 0.0149543709321123
-0.0340334817284672 0.0419577147936014 0.0200790088866706 -0.0399299529170612
-0.0242220651275004 0.000555952308941338 0.0712735192079122 -0.0683398260392338
-0.0248665408344143 0.0167475428567375 0.0791062848627772 -0.0519076057340064
-0.00269170584298822 0.0240186466935876 0.0585919089066655 -0.0563507982412726
0.0168584708909098 0.00974502295331013 0.0184446104040316 -0.0562727627503371
0.0157584879197427 -0.00687544865154384 -0.0031572108580541 -0.0462784798495601
0.0077387570417254 -0.013882143294795 -0.0153186814171943 -0.0452465376140361
-0.00187955223544587 -0.0160821627598726 -0.0220486869771303 -0.0428946004720853
-0.00555241620869232 -0.0145585761011676 -0.0180079590369084 -0.0394786809283413
-0.00662708575373373 -0.0149554345291644 -0.00331371696104691 -0.0479454216498004
0.000947487905018393 -0.0203913724164721 0.023902739130508 -0.0504393635198686
0.0147571219932059 -0.0201133469713646 0.0561457168988065 -0.0326345275453978
0.0304746984617998 -0.00576557293591028 0.0599708800995208 0.0166655222775639
0.0194322641999695 0.0267085060010468 0.0265252920925351 0.0405246924752575
-0.0128710158177872 0.0303968405892623 -0.0114122149798463 0.0120179604364096
-0.0263420006034733 0.0122830419878809 0.0308556553480922 -0.0439441842684371
0.009904212188177 0.0126842254118251 -0.0350066059474124 0.0541447549901858
0.00897285042999998 -0.00790891640111785 0.0238611156000868 0.00297791589978091
-0.00387625340699416 -0.00833253377897313 -0.0205086413242747 -0.0473604594348678
-0.0069582802735994 0.00287571863480081 -0.0665622390881817 -0.0241010320737233
0.000932664873368315 0.00582499681626553 -0.0655149452958508 0.034244562599092
0.00169754233777525 0.00167322242837073 -0.0280949570543045 0.0617561145281454
-0.00020758608756327 0.000923985352402333 0.00220639536254785 0.0554582140194447
-0.000292869258385743 -0.00252322907271066 0.0189901673266099 0.0451318497475929
-0.00338654569018754 -0.00398221876301684 0.02520799940058 0.0432095258825531
-0.000863219135921127 -0.00844884143485769 0.0207680268282651 0.0475871188714817
0.0070843614094112 -0.00592979671068796 0.00521578458925071 0.0511495184374955
0.00918688918210816 -0.00269936987817571 -0.0151848879990624 0.0549745776251532
0.0124599232383463 0.00571773476460388 -0.0520382453994044 0.0532181707069319
0.0108820046785464 0.0160590641810947 -0.079832243949303 0.0474742624987913
-0.000244299838776443 0.0243804328911709 -0.0736225384690222 0.0658989962327799
-0.0050691742299478 0.0369201101060955 -0.0375804607674622 0.0473632955293281
0.00990644323095609 0.0209315663378399 0.0263035332948333 0.000907809093730816
0.0130509345679745 0.00623216496531609 -0.0165832640941312 -0.0527428437803537
0.0141784050980819 -0.00320556460184057 -0.0671775345185124 -0.0316521592195657
0.0138266936488799 -0.00833992208067167 -0.0692964889099695 0.0291416121733469
0.00561506734761779 -0.0169073502916214 -0.0316627317112478 0.0565178557849936
-0.00592011633995324 -0.0159760332732433 -0.00109342083586102 0.0506860004338032
-0.00691729818437406 -0.0178145126938471 0.0157329781101482 0.0410773257995886
-0.00871957076803422 -0.0219275688194022 0.0249551400216069 0.0358990638925579
0.00526245776572556 -0.03105187508546 0.0258864459712317 0.0400366274615614
0.0268157256612509 -0.0207790077022741 0.0162113059908096 0.0480796080808835
0.0377803395070982 -0.00260132293582895 -0.0029552484503595 0.0587994792303021
0.0298278184916039 0.0308846609092958 -0.0405893820899526 0.058985831284038
0.00368018224262528 0.0515410859244497 -0.0679690176528394 0.0477832334916604
-0.0197413347424132 0.0541052909026603 -0.0617771196676398 0.0552167342422833
-0.022844647189102 0.0559804805922416 -0.0317950720020681 0.0322225781803338
0.00563760336832358 0.0502261455815029 0.0331360900148581 -0.00556596793719803
0.0286269522205246 0.0255956734840148 -0.0069443037801076 -0.0599368655338241
0.0368519569644198 -0.00480762145614572 -0.0618277323962547 -0.0425245915843197
0.0278543501245787 -0.0222656939759135 -0.0692123610196529 0.0186416167585766
0.0100597671441631 -0.0339139251048045 -0.0343264329493097 0.0456504878908521
-0.0097620631238691 -0.0320462932577452 -0.006610731374079 0.0396024502312399
-0.0124122539124839 -0.0306769345592079 0.0103952464498762 0.0300644768134876
-0.0136246983801629 -0.0352029938478907 0.0218062083806032 0.0229292033706096
0.00633301722656003 -0.0477387906036275 0.0300620276449457 0.0253992036831332
0.0376336073019302 -0.0361363050930318 0.0300981719910222 0.0361875367310036
0.0575340450780503 -0.0116630848579711 0.0159145266360065 0.0577500150262653
0.0489850405366218 0.0427663605117021 -0.023378769665476 0.063261043159271
0.00546344393050747 0.0759984704835539 -0.0535376348254869 0.045146891595489
-0.0308818328492674 0.0762628623149379 -0.04550831301412 0.0382940074993546
-0.040612613839408 0.0654359260958485 -0.0166013902993732 0.0106298063108023
-0.0052661297283912 0.0750330525340218 0.0442266121988819 -0.0147746048235111
0.0365318888327479 0.0472714041114912 0.00829104184229654 -0.0665831360703445
0.0568589702169949 -0.00110937850790504 -0.0493312259137234 -0.0541079301663133
0.0417496441584806 -0.0313361944093404 -0.0624076235663712 0.00387714601937152
0.0157829324785147 -0.0468517834684428 -0.034491202289056 0.0279173862238724
-0.0114334979287828 -0.0445129618275327 -0.0113105621306012 0.0228836930086472
-0.0162630108101348 -0.0398290729017133 0.00397829204938957 0.0157252862070226
-0.0174438793677132 -0.041344392805569 0.0161389607009738 0.00564293594223099
0.00417306965214374 -0.0564018921545846 0.0311824366655722 0.00629735267703201
0.0394996514077094 -0.0469028119237579 0.0416571425467358 0.0182652354186571
0.0663688558368548 -0.0222792052548529 0.034459827007176 0.0496870578311627
0.0617919359741144 0.0433205468894726 -0.00396450696222209 0.0627256920496551
0.00940234820781724 0.0862158292861456 -0.0396964986472031 0.038839303771902
-0.0353713281055429 0.0865326620180599 -0.0273576592099387 0.0154647197202163
-0.0523373743225625 0.0637244306996321 0.00592578142476357 -0.01490425528602
-0.0197782971184956 0.085440280749941 0.0566250670125056 -0.0262061185802662
0.0342372211397096 0.0634099561601645 0.0262999631056929 -0.0682253985695915
0.0665912364925951 0.00720997610383384 -0.029484791540881 -0.061395039381205
0.0501459294575524 -0.0328619615781458 -0.0481020859059733 -0.0138709318700998
0.020239737273946 -0.0518055413650223 -0.0305652792132567 0.00577772636964137
-0.0109748500002378 -0.0497683523292312 -0.0153642818843061 0.00258027442836493
-0.0175234893935791 -0.0420871210481734 -0.00292078062633762 -0.00109885735233268
-0.0191899124477668 -0.041723822115564 0.0102542065492861 -0.0116448813873245
0.00218820503443424 -0.056065643976005 0.0288775277887118 -0.0128197875627287
0.036518324423881 -0.0487084821134116 0.0475743401304172 -0.000873794789086476
0.0651519303196394 -0.0262865874235716 0.0460238655776701 0.0370949773777286
0.0632235975120944 0.0398983906179236 0.0107921788476716 0.0561078567286666
0.00931810909784308 0.08287729687223 -0.0293227331244347 0.0305386496567719
-0.0366192683713677 0.0828659430337475 -0.0103913628449199 -0.00720884678392455
-0.0529528783584749 0.0502847580817224 0.0329574843090362 -0.0385934101390211
-0.03027530651296 0.0769903730917839 0.0682762901080644 -0.0376781215792899
0.0227522672994603 0.0656567735167052 0.0426641732792168 -0.0650370823711881
0.0614126637196153 0.0148372115706268 -0.00789055725742382 -0.0623815397779625
0.0484166536261018 -0.0276920123505458 -0.0289670409655991 -0.0288262753804032
0.0203078943782121 -0.0466906749220365 -0.0242217088940589 -0.0166742518611926
-0.00931962086104176 -0.0461098016622948 -0.0188750377187599 -0.0173030911421503
-0.0160207207311184 -0.0382294997166409 -0.00983768569932687 -0.0170506481446739
-0.0175328424319186 -0.0368414595652302 0.00327628040048843 -0.0270548219879697
0.000856495274306244 -0.0483710149781086 0.0246756986997158 -0.0295426714211872
0.0313490272733037 -0.0436463711180063 0.0495159910493967 -0.0165938562090063
0.057213858438803 -0.0231821433129507 0.0532930296548397 0.0256707918027205
0.0537692250858389 0.0368995115348461 0.0200775796914019 0.0478829912047386
0.00373583437512681 0.0708140718094394 -0.0216452933562841 0.0215190111946675
-0.0357609266105362 0.066445399000611 0.00467974094519802 -0.0265541235514674
-0.0426604843103013 0.027691460595224 0.0556694519645762 -0.0571282353356221
-0.0319655109686565 0.0516309178696239 0.0763981493009895 -0.0458992868146879
0.00845629009070874 0.050743422411263 0.053537278049715 -0.059094686238462
0.0429274926930229 0.0152956230664807 0.00970305524623902 -0.0587024337865386
0.0357302086991477 -0.0186517567074916 -0.0113396225055348 -0.0395861906654823
0.015459780104857 -0.0331837225123517 -0.0184046223859884 -0.0345969124064189
-0.00610287691969129 -0.0336174227402452 -0.0211690576879162 -0.033050792488159
-0.0124127952952353 -0.0284316484040675 -0.0154097373105871 -0.0301292659966175
-0.0130282207030694 -0.027506904182027 -0.00168801164463981 -0.0394205406320242
0.0011459967017527 -0.0353084118942051 0.0222945259703826 -0.0417601871896033
0.0238601385593825 -0.0327375418645337 0.0519147509183756 -0.026817866978744
0.0452668280625562 -0.0158702282925562 0.05682247945419 0.0186700385542452
0.0377153111543093 0.0329118443995589 0.0247381197812283 0.0411693581268127
-0.00531765375112391 0.0527325741143546 -0.0152470421146344 0.0151232426675235
-0.0331863837050184 0.0416958965658754 0.0181129170855066 -0.0390109480151106
-0.0236566385383635 0.000487570405813384 0.0690337050894365 -0.0681060090800289
-0.0241526232292555 0.0166658365735194 0.0773526055200665 -0.051534687920552
-0.00286817333245428 0.0234326289553699 0.0567337206120328 -0.0558359093742537
0.0164535474416587 0.00933778354595698 0.0177152496954538 -0.0555714448331318
0.014966673038521 -0.00746686097946069 -0.00340439935089948 -0.045381689927898
0.00700154030390101 -0.0137578963636241 -0.0161850569784011 -0.0443490555745245
-0.00260143135181653 -0.0155906017587081 -0.0229008755402741 -0.0419655195218067
-0.00555211486555572 -0.0140453840096841 -0.0180693276224984 -0.0382243062143387
-0.00679961181270786 -0.0143783269893674 -0.00427407452432654 -0.0470543625199744
0.000388964101817469 -0.0198953047022009 0.0223090463347998 -0.050035111183759
0.0141331835170157 -0.0197220255720616 0.0546803456313378 -0.0330458098224767
0.0292424031636081 -0.00638244700723607 0.0593164927290936 0.0148458792837292
0.0193310324766586 0.0253462186601646 0.0265129245582624 0.0389467206504933
-0.011932300268885 0.029716250902044 -0.0112334839303998 0.0119340352439555
-0.0257143925776757 0.0124093723193165 0.0288605778587399 -0.0432967186799446
0.00697167272027598 0.0131787253892898 -0.0436518820557377 0.0463629668306404
0.00963351375800205 -0.00533954744544949 0.02384193834692 0.00779747321237946
-0.00149666082760856 -0.00854201398086036 -0.00984530704675507 -0.0494406357053121
-0.00615162117122589 0.00106664616696678 -0.0602266490466356 -0.0358879572729257
0.000471854842237477 0.00464136865990742 -0.0699142461305339 0.0202851058178748
0.00189922784465928 0.00137205230711934 -0.0386279879373035 0.0540284441228311
4.54874644131755E-05 0.00125153885527948 -0.00836864671238953 0.0548302465078294
0.000357642318999555 -0.00266279311480929 0.00946614870543062 0.0469311024427458
-0.00251676394179315 -0.00453903168399361 0.0167019651113552 0.0464549723119787
0.0013419304512315 -0.00871077840809342 0.0110120557140532 0.0492934010403807
0.00809877477477295 -0.0045044908267117 -0.00526099657037971 0.0502708780359699
0.00999499487783447 -0.000208566448450116 -0.0260005075028857 0.0494716257969763
0.0105159968556895 0.00928729687706913 -0.0617027581471887 0.0410325423686752
0.00702616557560496 0.0183687783869061 -0.0881937954096691 0.0306220628037941
-0.00551843050893514 0.0231654626459678 -0.0866549172653491 0.0494853974447009
-0.01183287937796 0.0326986439448522 -0.0452484403205553 0.0395671874323837
0.0056093275532086 0.0215890395625575 0.0255291313901714 0.00641287834294057
0.0119505224052689 0.00868657214704247 -0.0056069433936077 -0.0525690877054247
0.0149927445403212 -0.000625692354671954 -0.0584460458973251 -0.042195668541347
0.0157669734483494 -0.00638716983466648 -0.071826663747623 0.0154337851041983
0.00859952509470282 -0.0155253127117508 -0.0408656051737139 0.0490894184798554
-0.00266112989335312 -0.0165103772048213 -0.0112398482835719 0.0490132421052981
-0.00286625782785657 -0.0190969601466246 0.00736650023686513 0.0419318348223055
-0.00331480837617805 -0.0227831543692507 0.0173276205014064 0.0393913838525206
0.0109537971084363 -0.0288789445357339 0.0173914596980702 0.0432314363501252
0.0303888277688086 -0.0148639770080975 0.00700183115354783 0.0488023131565696
0.0367258231847513 0.0054061076836019 -0.0140471496571761 0.0560716648081532
0.0220755913514207 0.0369708913060972 -0.0508351256743497 0.0498480186487383
-0.0073600760684034 0.0509253031472785 -0.0764334812139069 0.0335001735914846
-0.0304063351255488 0.04760541334508 -0.0731767012589681 0.0419139247440983
-0.0330363385308969 0.0475023642876785 -0.0367253647978809 0.0258354099785154
-0.00365482205606069 0.0485464700016907 0.032111973257859 0.00129580406297285
0.022708881873181 0.0298057162794181 0.00434100952105116 -0.0577448048876527
0.0363354896860519 0.00204623320462033 -0.051818015718866 -0.0515646537510781
0.0318068520756397 -0.0163073824883205 -0.0700517851025194 0.00570518988372658
0.0162557334983885 -0.0307393489631219 -0.0411166844914517 0.0378498940892112
-0.00334102641874416 -0.0322835593116784 -0.0135672197274856 0.0371701788487622
-0.00588825724077432 -0.0326807784828403 0.00405302708686903 0.0308940599534159
-0.00604446921616156 -0.0363567939023565 0.0170420701666174 0.0262589946838248
0.0151914040231083 -0.0447898699767644 0.0245291618682788 0.0301244150443704
0.0434137636381806 -0.0274650375363381 0.0232193748163237 0.0402166606691622
0.0578463608111537 0.000988502114538927 0.0050334470850569 0.0586233682956173
0.0380590417797291 0.0527341384731617 -0.0343384016622972 0.0580893048883019
-0.0107673571018211 0.0748772564182272 -0.0627417021578936 0.0348865743536384
-0.0458806301647682 0.0668972061425501 -0.0534931945367087 0.0284313344979719
-0.0513763420778707 0.0533425552215509 -0.0183886832346745 0.00760668703061742
-0.0181608645650783 0.0700489605765849 0.0432037497900946 -0.00640797768837466
0.0260837077408164 0.0521164424202962 0.0196861583477089 -0.0605710566446
0.0538383828887621 0.00910470733465998 -0.036810630624701 -0.0602699091266001
0.0461226533717854 -0.02237010945705 -0.0607410709532396 -0.00732164000888301
0.0237004600973561 -0.041676114767947 -0.037971185871149 0.02084378061222
-0.00333218207546488 -0.0441325946012563 -0.0152592519844892 0.0195823976145233
-0.00813406370740726 -0.0415941381825448 0.000955537578393827 0.0158007855339231
-0.00850396224857543 -0.0430876742686365 0.0148783702022453 0.00907552655255199
0.0147348436283082 -0.0531221696797983 0.0293258543544587 0.0116195229465308
0.0475804231269557 -0.0375334940875482 0.0377365580329678 0.0241838498591364
0.0678770064220827 -0.00738871168275615 0.0253127825398431 0.0535265086008801
0.0510279935843716 0.0558603322334074 -0.0147563875073175 0.061259502206306
-0.00834708513443723 0.0852218478996098 -0.0485697732427818 0.0309860209014153
-0.0524205214204338 0.0758785295483156 -0.0307718621152404 0.0104578315135612
-0.0620963433651041 0.0501146353951012 0.00778117395506714 -0.0121861264817652
-0.0337731054006861 0.0785826378908838 0.0568616890049961 -0.0158331937028464
0.0208208814169134 0.067581008247356 0.0372000741228371 -0.0591594095408949
0.0612560811579236 0.0192505060411365 -0.0163795063056858 -0.0633622307076586
0.0541908463450817 -0.0225152374351951 -0.04374741795402 -0.0217199856773851
0.0287875029219393 -0.0455198112272119 -0.02962956271833 0.0004636825422841
-0.00201678124003959 -0.0492124876895075 -0.015629761074235 -0.000713130126332732
-0.00917855980513308 -0.0439824936153536 -0.00296565663205029 -0.00159362019920136
-0.010233964506694 -0.0434427159520979 0.0121379425678709 -0.00966276653730969
0.0123828422062652 -0.0536138825759955 0.0309563650370869 -0.00668761087251124
0.0447653106187116 -0.0395528295070548 0.0472094250422083 0.00730372973352675
0.0670119226157239 -0.0118274474066672 0.0394700719059788 0.0441556414378916
0.0523000592020169 0.0529930289172108 0.00121340072408544 0.0573729572623487
-0.00821819112321833 0.0825319814802598 -0.035743146001382 0.0248119864245391
-0.0529035848355043 0.0715250926940032 -0.0093668544415743 -0.00885129080346878
-0.0604457770368013 0.0377196884014634 0.038098682515297 -0.0309936478927103
-0.0424920536342337 0.0688369034975324 0.0707567206908138 -0.0247344482658205
0.0100340449464336 0.0677915439538786 0.0515382532145 -0.0533597883646732
0.0552388977626976 0.0257426807934747 0.00454498765479639 -0.0600282481971607
0.0515136982915517 -0.016887082387215 -0.0221124110093779 -0.0329144854057737
0.0278277416253056 -0.0408313516133436 -0.0196420887701838 -0.0205465832281016
-0.000825123737670293 -0.0452944183326712 -0.0146791495156774 -0.0208886548001508
-0.0087749997231971 -0.0401819335272058 -0.00591674042045607 -0.0180512399233681
-0.00948466047962819 -0.0384309967676775 0.00875752485379427 -0.0260203221532036
0.0100027126666914 -0.0461470195674036 0.0303311224120393 -0.0235171217657213
0.0384899386179035 -0.0354010988367335 0.0521847635779409 -0.00757408366740843
0.0587674713513644 -0.0106675379157542 0.048736350439618 0.034654720620805
0.043729061905758 0.0470345342621874 0.0113671144209287 0.051448287287395
-0.0114052409145321 0.069098980587192 -0.0264560184598929 0.0177912269599011
-0.0484814444322639 0.0562134582879486 0.0094295333725375 -0.0246230010163647
-0.0462004948556396 0.0190915425185324 0.0636102309943575 -0.0442993105419435
-0.0399272637309286 0.0448053183398571 0.0809245559840948 -0.0311151674916383
-0.000897567972822473 0.0512226199197786 0.0612543617524777 -0.0460355805374105
0.0374056193130071 0.0229298311487515 0.0207101399246968 -0.0534845744237442
0.0375594980697543 -0.0103132698995195 -0.00368074687556928 -0.0405362875236409
0.0210668414036911 -0.0282484850019184 -0.0106779079605727 -0.0367291007344082
0.000146504264178223 -0.0328884229830807 -0.0140047580238716 -0.0367191300164952
-0.00622936521165147 -0.029922191936348 -0.00878111412135526 -0.031569512327035
-0.00700307729056873 -0.0279901088915637 0.00659285492978264 -0.0379520402710465
0.00725061503504965 -0.0341318286817017 0.0301766715223214 -0.0357351398792871
0.0288668922770652 -0.0262606089911583 0.0559961784099114 -0.0168736058156067
0.0457088263927812 -0.00609134052104102 0.0528239216469468 0.028724048292476
0.0293746100871327 0.0397753615355238 0.0171476804277244 0.0462428308830895
-0.0158444960938612 0.0496157815125402 -0.0188848781018517 0.012239701909216
-0.0407518083157295 0.0328223309952595 0.0252868164999204 -0.0338523085228169
-0.0226851015986363 -0.00268976234012416 0.0799820042666283 -0.0523661351718597
-0.0259488515999441 0.0127731313278123 0.0835772390701285 -0.0361167785473501
-0.00660884533543485 0.0233052591208136 0.0645372620631488 -0.0426205332363391
0.0136555617796175 0.0122314286112644 0.0275192177521347 -0.0491395404737651
0.0156188166343924 -0.00338871941017092 0.00588642389167962 -0.0441141316152914
0.00968317385328586 -0.011388763339581 -0.00684680641862778 -0.0470508679241028
0.000562542044127577 -0.0151746162260457 -0.014701899725224 -0.0451528730700057
-0.0026504372220032 -0.0152232521618816 -0.0102818505248033 -0.0394077482527148
-0.0031370253598182 -0.0147730885958603 0.00538954593076425 -0.0458548951064047
0.00425779028656367 -0.0188056822679281 0.0310879477540319 -0.0437003012963095
0.0169348278675942 -0.015807914268766 0.0595036586571619 -0.0220324878293433
0.0292180500132894 -8.41999822857949E-05 0.055342661080969 0.0262079577345439
0.0134323905496285 0.0290228794264546 0.0187671216652747 0.0437888164183731
-0.0177103023215414 0.0258878035074825 -0.0143321988600513 0.00992857565397372
-0.0276955377930061 0.00626388144189171 0.0369876135678587 -0.0362080365359551
0.00692414151250074 0.0129179976148274 -0.0420251146874407 0.0461101890238134
0.0097828312133874 -0.00531861722348153 0.0240126777403403 0.0077539643886795
-0.00123672194414136 -0.00820293261907249 -0.00981604505910787 -0.0483187529120434
-0.00569816392391952 0.00110175926558795 -0.058980034883569 -0.0341149908077098
0.00079417359862051 0.00420215503902213 -0.0678303224137791 0.0201191110995445
0.00182469591295756 0.000915373634896143 -0.0363010566643885 0.0533238450335748
0.00031430300564521 0.000543194323495824 -0.00699310243028626 0.0530058658870836
0.00045421104587677 -0.00330382213256484 0.00976946687227012 0.0450898513439435
-0.00212886989363858 -0.00446834298645252 0.0172898485102997 0.0448984331803703
0.000986461857723208 -0.00828828032471149 0.0116422501211736 0.0482082885812315
0.0076158338806739 -0.00456183464809523 -0.00387844658505992 0.0493650674615747
0.00973815729341284 -8.54580736616765E-05 -0.025246714163881 0.0485868806683022
0.0104984555445004 0.00907715313494931 -0.0601049677227519 0.0404038755421166
0.00686365595774908 0.0179728513137667 -0.0851968629847571 0.0306390144130852
-0.00547136345967122 0.0219008809019224 -0.0842111136394951 0.0490791035397957
-0.0112993702615744 0.0323820560266059 -0.0436850284884886 0.0392255574378957
0.00597066204507835 0.0211503395893932 0.0254531032791347 0.00587169759300541
0.0119275295488971 0.00819497548420666 -0.00562354331378211 -0.0513756260554261
0.0138965481454703 -0.00097899251891273 -0.0573276788916454 -0.0406006501901606
0.0152539785334341 -0.00720251924356312 -0.0702076000300877 0.0160590809209219
0.00808425465200266 -0.0154136727862941 -0.0387882972220363 0.0483071339904275
-0.00253243592866891 -0.0161492633768664 -0.00959669918120647 0.0478952848403028
-0.00353074771221879 -0.0189343049199422 0.00795241014693726 0.0406742670027244
-0.00414101825864007 -0.0220187652171012 0.0183877224248895 0.038094830688261
0.0100429544571335 -0.0283739502026346 0.0180718345723497 0.0418985528965598
0.0292132568724542 -0.0155107892654257 0.00747467923918861 0.0481127509877835
0.0357553669701291 0.00488632467926659 -0.0132416810244839 0.0541552798811997
0.0220863398176841 0.0361211886009366 -0.0492525724558198 0.0488992616420713
-0.00634318327507285 0.0497173878098842 -0.074253273064605 0.0332476024102513
-0.029608349378171 0.0463253943827885 -0.071035383213015 0.0420663199720921
-0.0319852148581336 0.0470558228850383 -0.0355353303355121 0.0254290878354348
-0.00302921850075733 0.0477382452304467 0.0320989406697026 0.00165651924505133
0.022031746702017 0.0286933857665482 0.00393885996467121 -0.0558398759726646
0.0349433422580094 0.00111431729781676 -0.05035329264462 -0.0497142092520516
0.03011690067377 -0.0167757919995167 -0.0678738331973009 0.00648876695787471
0.0154798423115094 -0.0306548835875639 -0.0391593255065319 0.0375994913730881
-0.00390723081852659 -0.0313456677289345 -0.0126025410708097 0.0364373610030958
-0.00644435804423897 -0.0317175891417894 0.00532231828364096 0.0303192052190545
-0.0065627538866155 -0.034797747479158 0.0170995855333614 0.0249018390032863
0.0138387280290617 -0.0440684363097131 0.0253407939292171 0.0287695430864385
0.0420125099595347 -0.0283404743183852 0.0233772529725028 0.0390190433668346
0.0560390895660642 -0.000269851633127698 0.00581325532308311 0.0566659563379595
0.0387084768874306 0.0507072266357354 -0.0325794576607512 0.056846228450956
-0.00948125847508811 0.0737054923118142 -0.0602486863166483 0.033791894377058
-0.0441206520555685 0.0648775989506734 -0.0517430831360223 0.0289369255043338
-0.0498194034847081 0.052764569490367 -0.0172480899980349 0.00812551382007847
-0.0164808462748544 0.0688429445394938 0.0431324915214313 -0.00594594417072342
0.0259272647821345 0.0505827409306244 0.0185752844999419 -0.0586380215442097
0.0521800744875727 0.00802054952815793 -0.0362480294191217 -0.0579036459792558
0.0439485815141967 -0.0228273302389676 -0.0585764821782419 -0.00652324885837214
0.0220944292584847 -0.0415250931339225 -0.0361800383755571 0.0208910797247674
-0.00407605959383192 -0.0427596634066214 -0.014853866097488 0.0189121357088239
-0.00891476757930733 -0.0402226606564263 0.00155974835922352 0.0155347864920049
-0.00918928787904194 -0.0414532428628141 0.0151112128587555 0.00824414040311154
0.0130113528592867 -0.0521224706612344 0.0292432331274762 0.010871629390119
0.0453192613164028 -0.0376265925115058 0.0372868420522925 0.0230486678256389
0.0656790625378186 -0.00886187330864168 0.0254693425237635 0.052177619224044
0.0503729215676076 0.0539982810739837 -0.013562086052432 0.0593338895143379
-0.0066984318108356 0.083566502507814 -0.0465835498909243 0.0308737026348128
-0.0503703516005664 0.0736130259539629 -0.0302914229568487 0.0113014464462642
-0.059746984397252 0.0494318404260686 0.00824041446791697 -0.011985441539942
-0.0313761419543745 0.0771627868959633 0.0563793364956464 -0.0155804020078054
0.0210263125910402 0.065717445302506 0.0356041638062969 -0.0576532839619182
0.0597163036325266 0.0178312005533091 -0.0164062909404855 -0.0616003219304452
0.0520753701278964 -0.0226077481097538 -0.0421769871615474 -0.020281752744506
0.0266787091076439 -0.0450593855064351 -0.029271326046833 0.000292056080114763
-0.00294808484881107 -0.0474252931189623 -0.0151125825825884 -0.000303379076251962
-0.00996554905253803 -0.0430397342795232 -0.00283561063403242 -0.00136164632540272
-0.0100619442195141 -0.0420086949039172 0.0115838968874462 -0.00930357742779689
0.0105667727826299 -0.0522968046506392 0.0304726794951307 -0.00712004661828864
0.0424920011518774 -0.040302899317912 0.0465017295816042 0.00597727227819466
0.0650436422869066 -0.0133170693674638 0.0395366965380559 0.0425456372147192
0.0522191864844264 0.0504428317649747 0.00168266653588347 0.0554545632652627
-0.0065352926630713 0.0802641578252404 -0.0346845731976536 0.0246880723938592
-0.0504228831236966 0.0701032444178022 -0.00990125457924439 -0.00745634834657864
-0.0587546749614967 0.0374277711301801 0.03729022696453 -0.0304112637369883
-0.0403217756395983 0.0676776269756106 0.0692431618027071 -0.0245362170307063
0.00994545753536752 0.0658819494276523 0.0503197460297915 -0.0516233171101304
0.0540141589267444 0.0240688145082938 0.00471378382328025 -0.0581339403931293
0.0500089789178886 -0.0173303033614764 -0.0209943967255051 -0.0317331105345868
0.0264956997213069 -0.0399505760988581 -0.0198852432893225 -0.0200400965567511
-0.00203555748454083 -0.0434306902451689 -0.015711439202842 -0.019856888812006
-0.0093287410002134 -0.03885417298824 -0.00598690793359373 -0.0171654618738152
-0.00992375834857746 -0.0370059159208433 0.00771830573848023 -0.0248218376166019
0.00862894684005344 -0.0448309025313854 0.0293887248900991 -0.0239085413498752
0.0363092242753084 -0.0356850032063525 0.0509318317201069 -0.00824682000517173
0.0567591835479427 -0.0118508706399634 0.048428788569323 0.0333969928002503
0.0436673289857009 0.044972132937143 0.0118903636827624 0.0491220344872757
-0.0103875042787624 0.0674262845429031 -0.0254736993719256 0.0176437661287806
-0.0464431166684958 0.0548688599683395 0.0085968055650779 -0.0232992227145545
-0.0445358846785764 0.0190262522421868 0.061746473887362 -0.0438585721535223
-0.0380472697284043 0.0442709746602151 0.0787000950654203 -0.0312345701388005
-0.000124447142291045 0.0502245708080151 0.0596229188065243 -0.044695341733104
0.0365990272298257 0.0219681797243581 0.0198257516228628 -0.0520215193948373
0.0359870682640736 -0.010724780741948 -0.00355115165578099 -0.0389220510059287
0.0199209348806296 -0.0277158952278884 -0.0114984495737243 -0.0363963463329231
-0.000945584418586034 -0.0317810698364415 -0.0151196209539877 -0.0354320105371845
-0.00692672006300827 -0.0288100789768384 -0.00868104547450593 -0.0301960534327888
-0.0069416792305381 -0.0271492680417878 0.00546357979780291 -0.0372417454848115
0.00666466459199312 -0.0327699308216696 0.0291225300175907 -0.0355686613500376
0.0276188243787851 -0.0265563094251047 0.0540050388868913 -0.0176870552189161
0.0437074412573401 -0.00621608900756749 0.0518751007484484 0.0267785869584551
0.0289897034948614 0.0379990637705169 0.016972506165244 0.0443772916675649
-0.0151572472381003 0.0485564448117849 -0.0185098881466825 0.0123260102508093
-0.0393756012050155 0.0323198237478041 0.0237859969290448 -0.0331279468474926
-0.0218486349834739 -0.00232439978531669 0.0770441654594664 -0.0520433018261825
-0.0250169748306253 0.0130379559951603 0.0809306434009138 -0.0358033483411167
-0.00616309193892474 0.0230093947723507 0.0628343801330148 -0.0420675615627532
0.0138380762770198 0.0121413651759899 0.0268630836019916 -0.0483500910672781
0.0151073669469445 -0.00323582468386406 0.00549398683315956 -0.0434891022439665
0.00903011308400733 -0.010713682413169 -0.0083527313061049 -0.0459795758085396
-0.000152501005066554 -0.0143123079578839 -0.0152809056085811 -0.0441426132548746
-0.0031396560773702 -0.0142994223960073 -0.0102718684774102 -0.0382698725289069
-0.00375501517544004 -0.0139298036490245 0.0045488323026341 -0.0445124557970342
0.00411338958867934 -0.0183953832061418 0.0299748652253042 -0.043072590563169
0.0161424601650677 -0.0159457931919327 0.0580948749866676 -0.0225004772128982
0.027746480486235 -0.000719009379344327 0.054588785399893 0.0246123159626117
0.0134293560044764 0.0278949217504514 0.0187451867627305 0.0418363040164568
-0.0175742418226818 0.0256504181798651 -0.0142360998671756 0.010203623647842
-0.0270173760974991 0.00643867495678276 0.0347358867754676 -0.0357811409622048
0.00684519580524824 0.0127006564565505 -0.0409651877447816 0.0447230123555375
0.00932232460474376 -0.00544950396616273 0.0241363983552419 0.00750422281472651
-0.00154231469398375 -0.00855870370067689 -0.00944719548789678 -0.0467807082545696
-0.00572055014793818 0.000997174489966563 -0.0576273108358312 -0.0331920718040862
0.000753119486069501 0.00393338053414081 -0.0661325044614648 0.0202943374774104
0.00189336467171407 0.000562283292397527 -0.034734466182764 0.0516693257546686
4.97651888029117E-05 0.000573288765090306 -0.00598598617234722 0.0516290085428354
2.51268351048124E-05 -0.00309183167592295 0.0100509487387476 0.0440390444907999
-0.00155099921296943 -0.00469831588226545 0.0173127863177197 0.0432065957953254
0.000988375020640682 -0.00839624260920062 0.0117072616395642 0.0471290485412158
0.00788645670051041 -0.0048377353485543 -0.00422150487676155 0.0484376732278478
0.00960816024715919 -8.38942091732797E-05 -0.0251423525988358 0.0471064251367207
0.0106213794672023 0.00886291589197944 -0.059197042529009 0.03925441307893
0.00656890117694251 0.017198740445335 -0.0829086163453281 0.0294402196884346
-0.00543997047286732 0.0217017751187032 -0.0815803106910659 0.0476495684597473
-0.0113724341400133 0.0318762006141312 -0.0422035805620487 0.0382154388084443
0.00615849926934689 0.0201286633264245 0.0260488284320772 0.00625262652464124
0.011349057544102 0.00765439221345896 -0.00508216073285598 -0.0495232876570232
0.0136915850582361 -0.00118246533210423 -0.0560557421056622 -0.0391802160647858
0.0146388845034807 -0.00708380369844884 -0.0675390138446317 0.0151722657586869
0.00764281455428491 -0.0153458689934208 -0.0369912019980566 0.0467878801237655
-0.0024575283787086 -0.0157996568819605 -0.00900173354546696 0.0466000895675517
-0.00344151055252703 -0.0182813980807549 0.00808626190677677 0.0395220309487759
-0.00425605087717713 -0.0213870005227144 0.0182117710522514 0.0368733408285273
0.00949738879854351 -0.0278532079210806 0.0185936899068495 0.0411290151841221
0.0286269784027968 -0.0157335698885244 0.00746754613554936 0.0468864174028867
0.0349288402149231 0.00423460464707337 -0.0127868165761006 0.0529836976966296
0.0219708559624738 0.0349664631590999 -0.0486839905879755 0.0472565923150892
-0.00648217469683975 0.0483688289668007 -0.0724964890443841 0.0322540557131432
-0.0289371310477106 0.0443610704660292 -0.0693725402020877 0.0410162885776901
-0.0312009635819303 0.0453190079657418 -0.0340361024097807 0.0249770949915827
-0.00267307029489035 0.0463900392090053 0.0319770208630204 0.00127494708706224
0.0212916476156707 0.0282262533582549 0.00458530488164999 -0.0542976012289732
0.0338631072719413 0.000652090368106937 -0.0490238760850772 -0.0485376962997112
0.0293242083056416 -0.0169895356810942 -0.0653786130968301 0.00646567764459897
0.0148545039801358 -0.0299986744801954 -0.0381539594006837 0.0361704930773621
-0.00383614958601847 -0.0303384711614217 -0.0122046609308533 0.0356632716518002
-0.00629983502893086 -0.0316264294044249 0.00523030948274388 0.0294957715137475
-0.00664126186752883 -0.0340176092278086 0.0170195577735736 0.0243967046949129
0.0130312086130405 -0.0431657685689974 0.0253832411179662 0.0277041167787207
0.0411100425144952 -0.0279983700162782 0.022927556201439 0.0380620197986569
0.0545028421142243 -0.000539655808792832 0.00563776567463645 0.0554484319665744
0.0374400386252901 0.0491896705312537 -0.0322209181859176 0.0552406653279442
-0.00874648450040631 0.0720000772162416 -0.0585290757981364 0.0328309907984679
-0.0433955788597107 0.0627765187570989 -0.0509052991438715 0.0284872227736667
-0.0489628291637074 0.051290567136339 -0.0166918309555082 0.00779528486920574
-0.0159167947839995 0.0671350655854171 0.0424731333610584 -0.00600381305753619
0.0252487262400246 0.0493129695639159 0.0189353968635858 -0.05711117493809
0.0507274989232041 0.00744624223097416 -0.0351531918219581 -0.0569051485370321
0.0426237955232193 -0.0224102736317262 -0.0560210713298611 -0.00609662130479738
0.0214630341003245 -0.040619938746356 -0.0353656735023717 0.0199834614429208
-0.00454462606128531 -0.0418479539620642 -0.0143805877990525 0.0191757012493687
-0.00875791262430523 -0.0394589866769221 0.00132756475123008 0.0149195599532504
-0.00897246768472012 -0.040431313343221 0.0149610661100651 0.00823718569605142
0.0121142008704509 -0.0508571411500569 0.0292854486755526 0.0101223463633744
0.0442348026367824 -0.0373885537505724 0.0369012084292583 0.022547818435119
0.0638633083612512 -0.00893179952892561 0.0252335618590515 0.0508835919702782
0.049271630118822 0.0519127687439866 -0.0136459704930334 0.0576560305608206
-0.00669893219948597 0.0816622210506724 -0.0450787132587641 0.0301020517490148
-0.0491554301978298 0.0717325637050671 -0.029562514530027 0.010995155568063
-0.0591122149683081 0.0482770298411735 0.00846539999584199 -0.0113665489347961
-0.0302441718551175 0.0752936084985536 0.0555136851899474 -0.0147087989331216
0.0202667512595885 0.0644426901544533 0.0352875025699729 -0.0556655383424417
0.0581010432434333 0.017315656936045 -0.015283737634667 -0.0598447868829909
0.0504168390345936 -0.0227610611646713 -0.0397093758278948 -0.0204321876751351
0.0255905501879995 -0.0440295422488366 -0.0285137558125726 -0.000273624909159138
-0.0033411558087295 -0.0458176725930354 -0.0154648315682532 -6.97973156823163E-05
-0.00989823635912817 -0.0420162463452764 -0.00247886484443284 -0.00107828031528457
-0.0103882985751113 -0.040564096284898 0.0110316523110432 -0.00881857517805327
0.0100494431707716 -0.0505470449122845 0.0303721037842305 -0.00743147096633208
0.0414284058076741 -0.0400014835982596 0.045372722208812 0.00571296802222744
0.0625932041487845 -0.0138563889988869 0.0391198618338196 0.0414191749167337
0.0508807509617126 0.0489425916963536 0.00127589667005282 0.0538145141827468
-0.00637291659043532 0.078477244973845 -0.0336740345011589 0.0243411095534884
-0.0490765382239856 0.0671242180400974 -0.00967708387107134 -0.00672485658705836
-0.0571257931628835 0.0362304007544597 0.0368830636907897 -0.0294292652205096
-0.0388372798837284 0.0663254469806963 0.0681290302773942 -0.0236212093727651
0.00999941072462162 0.064849586964388 0.049387897078577 -0.0499799121007386
0.0521107264456478 0.0231963248162532 0.00441703132103866 -0.0565972655415021
0.0479850414543098 -0.0174894740891211 -0.0197467747582304 -0.0310684692589674
0.025323830865162 -0.0389649389249285 -0.0196543001370074 -0.0204628764214142
-0.0024196840102671 -0.0421355599175293 -0.0154743263113353 -0.0195555251202945
-0.00950513990937054 -0.0378633275973842 -0.0058780581128796 -0.0167604607808388
-0.00992467262876343 -0.0358312520043743 0.00737059391846968 -0.0243643427307979
0.00791274486365278 -0.0437771861452756 0.0290058307534304 -0.0232414936335687
0.0350407467677251 -0.0353983785779705 0.0492910240139 -0.00832828294486065
0.0545953809682093 -0.0121003294386853 0.0473626662014191 0.0323325393393503
0.0425635241169724 0.0435086226973207 0.0113425025562991 0.0477790560016319
-0.00968644360862595 0.0661284402985985 -0.0248591144085391 0.0171840143319803
-0.0454874216615771 0.0530819410522534 0.00780271654871315 -0.02260423686937
-0.0433618433602192 0.0183606535652334 0.0608926813484434 -0.0424028719543114
-0.0366938722231246 0.0432249943342164 0.0764333824923507 -0.0299627334681806
-3.79472017097826E-05 0.0490508806970909 0.0582287688617216 -0.0437011129476654
0.0358665040315991 0.0214770575659524 0.0200661645628681 -0.0501324903832812
0.0352715915940104 -0.0106734802248542 -0.00260183391400272 -0.038328774805606
0.0189669524461332 -0.0272261505522819 -0.0118679933019525 -0.0365449368934525
-0.00107718964364489 -0.0310504087953146 -0.0151193969865007 -0.0340615821149175
-0.00714574430211356 -0.0279508416906946 -0.00898311147158155 -0.0293149787641973
-0.00701236688197745 -0.0265483234502899 0.00478519543292373 -0.0363322605432743
0.00636395097817467 -0.0322967128801611 0.0282177011938895 -0.0350210935801138
0.026756369075951 -0.0261976119558742 0.0527832052529114 -0.0173009186159399
0.0422486259987342 -0.00646628916825362 0.0511908814515271 0.0261685565570383
0.0283352630899547 0.0365202920847909 0.016486662891299 0.0426954335660314
-0.0145252594350067 0.0475303388403859 -0.018096525363732 0.0122535595615746
-0.0384983742428478 0.0314116228484926 0.0226231147276329 -0.0319337531466717
-0.0213439020940907 -0.00263334955929474 0.0756991990297376 -0.0505176297330862
-0.0241288517799726 0.0128419220000927 0.0793922099435585 -0.0343215352137765
-0.00607347980627955 0.022396669909224 0.0615122370990124 -0.0407810480316093
0.0132701526644186 0.0117536348596221 0.0266183972862387 -0.0460379568194885
0.0143390574907148 -0.00335511104581939 0.00616795651817875 -0.0429737101839662
0.00861152226835501 -0.0107116503544004 -0.00865341129991764 -0.0453317462187425
-0.000220939793971041 -0.0143098438027586 -0.0156467338285467 -0.0427790844048185
-0.0037445960167572 -0.0140245534877386 -0.0100036833845106 -0.0367413482883047
-0.00347226423445982 -0.0138243195740464 0.00443193461972593 -0.0432472924174546
0.003759739822084 -0.0179096575725051 0.028749924268383 -0.0419200423161784
0.0156273407441128 -0.015466283900788 0.0560541198351161 -0.022119785107891
0.0267760026339951 -0.00119967011918585 0.0539443057895013 0.0244374499486748
0.0127594972105856 0.026610937909555 0.0180913501089032 0.040732843708143
-0.0167907993845406 0.0244561145289844 -0.0147299524358996 0.0100910640614049
-0.0265241370733675 0.00594921533300944 0.032597834987687 -0.0345157300193509
0.00649672128769021 0.0128602731448651 -0.0405157216498018 0.0440768068772736
0.00896735003435606 -0.00531771900348015 0.0245183338646821 0.00768858043754915
-0.0012003062265445 -0.00821878332078589 -0.00804156963023407 -0.046347790952904
-0.00565509235130766 0.00083322901607518 -0.0561854066071575 -0.0338725401616967
0.000457667465766484 0.00339070367354411 -0.0657317578765843 0.0189358338003592
0.00178314735346139 0.00030833010560046 -0.0344114481459978 0.0503520251791248
0.00046599334001727 0.000446482159735661 -0.00522619140230871 0.0506292633577028
0.00021196214447402 -0.0035353550764694 0.00980708847709543 0.0435856066302601
-0.00190815630016743 -0.00476849384616077 0.0172986641705355 0.0428426439895334
0.000945337835870376 -0.008090076214639 0.011817577683672 0.0467155320222869
0.00749091844152544 -0.00498335755676119 -0.00452384358021218 0.0481104277927684
0.0093873184940419 -0.000348381242112032 -0.0256840710991244 0.0455353869640226
0.00991636733036578 0.00891579754102009 -0.0590354083083945 0.0375245633196117
0.00670880479999402 0.0166083133705225 -0.0822599931228737 0.0271987341196105
-0.0066753203333639 0.0206361361727591 -0.0809358526833183 0.0453342667362763
-0.0115463505786865 0.0309044875939236 -0.0418079208649317 0.0372485044388626
0.00578037935846803 0.0197149226339744 0.0262896330501773 0.00652116596107701
0.0112181449419118 0.00763074777870867 -0.00381586579693426 -0.04922453593369
0.0134402324593448 -0.00089266140331375 -0.0541710284317638 -0.0397223644622021
0.0143656308471705 -0.00695700457169563 -0.0669247932549026 0.0142207973310232
0.00762909209987293 -0.015483140528244 -0.0366211041681949 0.0456511309612003
-0.00234804913223662 -0.015402460869798 -0.00879150259948877 0.045218023874801
-0.00336355544824634 -0.0188088510481748 0.00800590773588183 0.0389446956396352
-0.00365129718930253 -0.0212351316696305 0.0180251303428265 0.0365853264885513
0.00991374246533806 -0.0274689373613626 0.0178788822710027 0.0405298683624666
0.0281124323889342 -0.015718802909824 0.00692760264266512 0.0465475583299182
0.0342181690929664 0.0043607292720819 -0.013676330211458 0.0518110315880694
0.0212430527186725 0.0351762824988282 -0.0490379140474146 0.046072457316386
-0.00668045512882886 0.0474451527995293 -0.071556155331067 0.0302265650485676
-0.0298096754034927 0.0432176035994232 -0.0684549648574282 0.039130782238864
-0.0315954596672992 0.0442396886201425 -0.0336770406326755 0.0245964230933985
-0.00259277471179826 0.0456395193487902 0.0323016376188262 0.00197099999593832
0.0204264471198639 0.0280117387918392 0.00571314874254258 -0.0528531350698828
0.0330410648025339 0.00107831238474755 -0.0473091706653595 -0.0484866686852936
0.0289675769467473 -0.0163690967463299 -0.0638789929623804 0.00502356858161285
0.0144679788853345 -0.0293248321345017 -0.0379224046955402 0.0346496437342234
-0.00404719562360772 -0.0296661676770126 -0.0119290081044496 0.0348926197034338
-0.00636587986373111 -0.0306202537227877 0.00483249701885631 0.0291090802947723
-0.00625228662867978 -0.0331017038607002 0.0174227723653711 0.0238997930384757
0.0126571246066543 -0.0419947742572681 0.0251985192241295 0.0276965313127049
0.0405699292760876 -0.0279780453405941 0.0228570163790569 0.0379910528365244
0.0533055877505917 -0.000156414661289128 0.00500495446572637 0.0540462771442842
0.0364967368321572 0.0488491142412182 -0.0334074842249874 0.0538671583850547
-0.00970079057580023 0.0706555424676381 -0.0578894594370668 0.031565608496701
-0.0440748020957658 0.0604680062688765 -0.0502682097217318 0.0272473109343958
-0.0493241953699098 0.0495585566735993 -0.0161770640141207 0.00752257653034184
-0.016151555055641 0.0658826861953889 0.0427995794583343 -0.00461399955341471
0.0240651456339807 0.0489482724864484 0.0198914146642156 -0.0552967570717173
0.0494715609713689 0.00803905818685334 -0.0339537551296309 -0.0557604301877951
0.0422945334733546 -0.02219339613394 -0.0547748718402866 -0.00699958161790857
0.0208855823525111 -0.0398577666349486 -0.0347913091046001 0.018687748059498
-0.00392099243841821 -0.0402851543419921 -0.0145300711686247 0.01850469015916
-0.00883820517616496 -0.039008765620748 0.00114830607117101 0.0149312371520573
-0.00861242504442532 -0.0397027606055719 0.0148474849722125 0.00820102701639137
0.012109499462557 -0.0499866246831284 0.0295109782116518 0.0103184386462301
0.0439039516490079 -0.0372221622387159 0.0360814169979499 0.0230999453803316
0.0624247825649717 -0.00890315475184456 0.0243909413742641 0.0500696922879624
0.0479974549920069 0.0520085401416604 -0.0148852174708114 0.0559480934065029
-0.00751010645537603 0.0804445650574718 -0.0450067115515492 0.0286120033787555
-0.0495776086836453 0.0688737681273634 -0.0295134486872824 0.010761718342109
-0.0592522543504837 0.0464494160461412 0.00888837545906083 -0.0111532862597185
-0.0303651336606652 0.0741481819586823 0.0553974799930092 -0.0138492935291242
0.0193101131394771 0.0637237514814827 0.0360040815924164 -0.053395329151299
0.0565257656380873 0.0173983173477186 -0.0139742195300967 -0.0590053922388436
0.0498106421570021 -0.021818823375885 -0.0384635174594559 -0.0206598041956493
0.0255492849621583 -0.0432232634304991 -0.0279727980174832 -0.00103347307915233
-0.0030206838989929 -0.0452556948101611 -0.0154686819938937 -0.000480382499432117
-0.00956473787492373 -0.04129312066379 -0.00178959052133231 -0.00115462450788029
-0.00955898907607575 -0.0399495927087708 0.0112369972423513 -0.00843859930534984
0.0100854484989064 -0.0494053571107276 0.0302825030090144 -0.00718941691839347
0.0408457384854532 -0.0393327349763941 0.0447616350446337 0.00644795514932822
0.0612106465303871 -0.0127834653623772 0.038466751531332 0.0412088341813111
0.0497127154176476 0.0485646706879391 0.000373288386083806 0.0524782054936372
-0.00716605201999365 0.0772724567052083 -0.0336389094055922 0.0230068268040932
-0.0497616915618104 0.0654868911383768 -0.0096281490460093 -0.00640407683844927
-0.0572546061859243 0.0348359996765824 0.0367258380841664 -0.0279054813375028
-0.0391848659473781 0.0650831552409559 0.0678303335508788 -0.0215135190407473
0.0089277153947536 0.0639435432927369 0.0494789695637835 -0.0478029771413441
0.0510516596040714 0.0234594268851222 0.00624917941261552 -0.055496510087036
0.0473736503887175 -0.0168105696008015 -0.0180737964259835 -0.0312490613409626
0.0249988423628012 -0.0382246255929919 -0.0193198239298358 -0.0204016714663344
-0.00217418330972459 -0.0410678562499434 -0.0158842377290048 -0.0193043908355847
-0.00925237041161816 -0.0371365189371215 -0.00569068006114987 -0.0167307790670288
-0.00919757273970141 -0.0350682532359125 0.00796391630329104 -0.0234468264332911
0.00789690984062568 -0.0425344992437547 0.0287905864229507 -0.022701742210335
0.0347237647330362 -0.0344549421393438 0.0488921795362302 -0.007642684853223
0.053120856173885 -0.0113762206651097 0.0465658259604443 0.032100917269657
0.0413551856046114 0.0432086992699169 0.0105391209107205 0.046474314629132
-0.010031633268302 0.0649200519639763 -0.0254558922775945 0.0165193251809636
-0.0451190416329591 0.0513941226435413 0.00735595537597624 -0.0218036371815406
-0.0437552352605571 0.0176865450765789 0.0611825997701334 -0.0404239693608604
-0.0361789389518139 0.0424697316099567 0.0760202041568316 -0.0278499121766521
-0.000587697248410521 0.0484269754465929 0.0582091438981615 -0.041502190878272
0.0347861979125143 0.0212387079275594 0.0209467307659493 -0.0487854904200338
0.0344042953543951 -0.0100875951287073 -0.000943872723069488 -0.0385222050737309
0.0192060725523289 -0.0268098388033806 -0.0115793781832187 -0.0361610152129717
-0.000903057068611708 -0.0301294309702741 -0.0157003745492446 -0.033511213069167
-0.00708400176907416 -0.02763259490485 -0.00821562240769939 -0.0289201597027053
-0.0068026162438222 -0.0256642767394361 0.00522461819070791 -0.0351254246348061
0.00650125185672858 -0.0314433042208675 0.0282604393666043 -0.0340170562356086
0.026224129421587 -0.0252041725667596 0.0518814945754842 -0.016693649437453
0.0409838156162747 -0.00591626277923092 0.0503892761768693 0.0262237936827377
0.0275341822700334 0.0363752983897095 0.0151783017385314 0.0417799332851581
-0.0151415696347916 0.0460431207329899 -0.0184342724907857 0.0118224351733677
-0.0378870197514913 0.030149871165969 0.0215166232522593 -0.0303193101925952
-0.0207075445194735 -0.00269402015911185 0.0762050105210807 -0.0480159126016125
-0.0239262642685705 0.0124236709138173 0.0782418745450142 -0.0320426480224215
-0.00556859883918827 0.0221816265374219 0.0614484076370127 -0.0385607657876976
0.0130276326830137 0.0114916583275947 0.0275194185269782 -0.0448700221009944
0.0143097448920785 -0.0032683966683931 0.00714614792206987 -0.042277301204165
0.00845458145012007 -0.0101733274179895 -0.00869177276736288 -0.0448710543078149
4.9670289497063E-05 -0.01357664974873 -0.01618727665983 -0.0422793568370883
-0.00329717299865575 -0.0135983659127184 -0.00887719543949717 -0.0362500621674166
-0.00309290604184042 -0.0133508547235819 0.00394565545365394 -0.0422428295203109
0.00371068853449229 -0.0173957837030655 0.0287474478517999 -0.0404439723647265
0.0153736681496686 -0.0144391490902546 0.0552866093391063 -0.0212003076252278
0.0259215498619956 -0.000760679019363313 0.0526303412115163 0.0241906919048845
0.0123775794841084 0.0264734704852071 0.0173813238727343 0.0402345349480533
-0.0170494593548274 0.0241558969464719 -0.0144958880962197 0.00973659461391378
-0.0264145968854258 0.00647287761806535 0.0322017612740285 -0.0330918464768191
0.00651448434578457 0.0130530356494933 -0.0413607388035089 0.0436384517067797
0.00923251271667217 -0.00540606832276322 0.0253151213759484 0.00849934976561482
-0.00122336914488568 -0.00822619129930672 -0.00697076806653199 -0.0464881400559505
-0.0056777158246937 0.000488774944353421 -0.0562040102783534 -0.0345300273767784
0.000459419408838265 0.00335047928902583 -0.066614690964654 0.01800230562805
0.00169832601587835 5.91141115635145E-05 -0.0354435997780937 0.0499156436618804
-0.000103373907085137 -0.000133872316719217 -0.0061262807352346 0.0503419334794956
0.0002379536925415 -0.00386365040171354 0.00942527663778252 0.043609117508739
-0.00167933923427175 -0.00502598328363427 0.0171156444369369 0.0429755842951431
0.00112105354330317 -0.00803697713212036 0.011384565097455 0.0471704822523256
0.00790905441688148 -0.00467492421241622 -0.00545332673419119 0.0486854752751473
0.0091555683840708 -0.000248483977524602 -0.0269147596234473 0.0450698013638529
0.0102372326738445 0.00912434215334071 -0.0605365529958609 0.0361732975230646
0.00596625801216476 0.0166699350845792 -0.0827148897326774 0.02521237605628
-0.00714206954518815 0.0205202672105169 -0.0815426116179939 0.0436397420033171
-0.0126961866013175 0.0309368915887602 -0.0420741923868131 0.0366665386007824
0.00543838839287897 0.0199733616406198 0.0271541540798752 0.00713094287643141
0.0109486054174676 0.00748812203398841 -0.00249988025812452 -0.0490421048456308
0.0132628675501141 -0.000648495197409682 -0.0540943263133591 -0.0407636137323492
0.014180755963322 -0.00703244450723951 -0.0675128656309921 0.0132430560223555
0.0078700357923835 -0.0152710209068612 -0.0379388976820278 0.0449800796912098
-0.00234207636919012 -0.0156063897708167 -0.00892226421054325 0.0455021061617502
-0.00303238242006633 -0.0191745500946783 0.00799781592060057 0.0392688632149948
-0.00355167785328977 -0.0215419113106154 0.0179143039046242 0.0363397384463888
0.00990212633922664 -0.0273276359223836 0.0185608708623565 0.0410251323917033
0.0287795274044039 -0.0156105855734307 0.00619036528282044 0.0474643913994314
0.0342011520412112 0.00482352911487867 -0.0145948428935234 0.0516492881737913
0.020986404162162 0.0352140887288927 -0.0511336252374461 0.0441741671822373
-0.00777500269832745 0.0475752271926955 -0.0722600139434436 0.0290117790556736
-0.0311105171813029 0.0420808081084119 -0.0695858251488953 0.0380702993826907
-0.0330987064496017 0.0435635117461599 -0.0338012550603805 0.0238085375725035
-0.00356579616433354 0.0458687168068775 0.0337251901779385 0.00309767941304406
0.0196766488943633 0.0281524917180619 0.00755429952153367 -0.0526079496280857
0.0329250492833233 0.00163198097291988 -0.0467029533516816 -0.0498603713167922
0.0289702060736021 -0.0164279909031464 -0.064346334545968 0.0037633293318024
0.0147067158541743 -0.0298675334040024 -0.0385276151262056 0.0341767238713449
-0.00378020777420674 -0.0299723651295311 -0.0127062958078394 0.0344507691985575
-0.00619461996089754 -0.0311394346948928 0.00507077388700355 0.029229835901829
-0.0059772960813497 -0.0333154372233623 0.017237904839304 0.0250114496785173
0.0135031482373367 -0.0423768877150353 0.0249264898241503 0.0276876192069621
0.0410465048763908 -0.0278723651239437 0.0223057504895928 0.0389930930978417
0.0534650249486222 0.000730783763925074 0.0043549519027799 0.0543263277352801
0.0359009923606196 0.0499438669232386 -0.0343886939949781 0.0530042502555135
-0.0109029366146834 0.070687756700826 -0.0588126165737163 0.0303099482328623
-0.0460090594015622 0.0594204519361574 -0.0507778976268733 0.0269046263268745
-0.0508385760649848 0.0491983157557045 -0.0156590125576814 0.00729475366074123
-0.0174037180934962 0.0660228752813114 0.0438639948993321 -0.0043273160034282
0.0230104204960513 0.0500446889321536 0.0217887317219253 -0.0544329507614676
0.0495702352061554 0.00876479211352916 -0.032607698691443 -0.0571550036003372
0.0423807925375701 -0.0219207607292011 -0.0545265404915402 -0.00832415123900411
0.0213553348696175 -0.0398634835629276 -0.0354050033296408 0.0179570217470303
-0.0037283887753326 -0.040881751148604 -0.0149542717980676 0.0185186133256056
-0.00872039647436428 -0.039182134072948 0.00152495912373689 0.0148984320344835
-0.00874751997547544 -0.0398604717110007 0.0148102436346135 0.00836523283560387
0.0128381277518099 -0.0500532916551536 0.0294964235043461 0.0105428390852248
0.0443538270427554 -0.0372491238204063 0.0359458567644512 0.0236389520554303
0.0627065717052948 -0.0079226369686591 0.0241509787525049 0.0505039803789891
0.0478522935514431 0.0527588738083177 -0.0164366942911582 0.0559897969144237
-0.00860748092962191 0.0809185692061946 -0.0458132990779144 0.0279215310366807
-0.051844744530744 0.0675900480162707 -0.0303766475237286 0.0107474127631816
-0.060912377128979 0.045667392946088 0.00906710634738851 -0.0106603061399355
-0.031242039972956 0.0737520882072718 0.0566493334851334 -0.0120855804486168
0.0178152235086906 0.0644996582427212 0.037922283095011 -0.0520896053075317
0.0565573573411906 0.0183398121231112 -0.0125563729770533 -0.0594140825339754
0.050152622283196 -0.0214173603107734 -0.0371238256122512 -0.0215860325504286
0.0261685217454665 -0.0430315392285414 -0.0282871496617506 -0.00199621792515755
-0.0026856986508392 -0.0451541813184179 -0.0164350731181191 -0.000126206039366026
-0.00970287008734849 -0.0411963086675716 -0.00185781148747688 -0.00107909160491916
-0.00917321329311529 -0.040387858622095 0.0116648218212387 -0.00823811396192818
0.01031284877579 -0.0497279134779904 0.0306261486091898 -0.00710813139876402
0.0414059944738632 -0.0395249680019393 0.0446505372567049 0.00733662784353073
0.0612839776483151 -0.0122618403208605 0.0383500306756714 0.0417024692739957
0.0493561303656072 0.049449146899933 -0.00107161104731349 0.0526544026731528
-0.00856823565257354 0.0778109691075087 -0.0342943109918471 0.0219082698906235
-0.0516343000395495 0.0642591016142017 -0.0101320276484956 -0.00625311594877816
-0.0586225143414056 0.0341740688135312 0.0381218580937565 -0.0270378817929507
-0.0393529390662055 0.0643507777565005 0.0685154198358016 -0.020199701618238
0.00780588447988273 0.0646540388709639 0.05094489946734 -0.0465539279049891
0.0508799499406052 0.0243841340013502 0.00740372380681894 -0.0552888144329531
0.0479039266460752 -0.0164101040575707 -0.016955228231335 -0.0321626831062499
0.0254031591516394 -0.0379718890796504 -0.0195540303355786 -0.021026741846291
-0.0016190448673918 -0.0412702666383122 -0.0165268157032442 -0.0191938085670072
-0.00890662756058224 -0.0374233502301978 -0.00503825263350631 -0.0167867893672566
-0.0085639528068044 -0.0348529076833482 0.00805361921464765 -0.0236603539021805
0.008441984506785 -0.04238400160307 0.0299740198270516 -0.0226021079801233
0.0351911805743774 -0.0344683381227157 0.0491140907772177 -0.00696092826140965
0.0529275015357151 -0.0106722904689059 0.0465387564762212 0.0331733000995549
0.0408162217128948 0.0437524082468643 0.00888041876644219 0.046798167486178
-0.0113210778636295 0.0650795559287016 -0.0255178261252749 0.0155176893708613
-0.0465111091328112 0.0501162651084435 0.0070117657711078 -0.0210704274229363
-0.044256493332256 0.0165875193581081 0.0623151257711356 -0.0392147841377809
-0.0369506121769646 0.0420165955502397 0.0772683833898518 -0.0257767792133609
-0.00134459198732263 0.0485073102883234 0.0597822863814835 -0.0400278458096885
0.0345680246940805 0.0217509422213041 0.0224284751520486 -0.0484180683044565
0.0350469736669625 -0.0100444179258731 0.000166278987636926 -0.0384720664783876
0.0195472828660801 -0.0263189416238851 -0.0116611823797966 -0.0367187030753986
-0.000595924378838908 -0.0299365551590077 -0.0158991126634559 -0.0339361688045476
-0.00708503051270101 -0.0275940538564906 -0.00766758778316247 -0.0294473538189324
-0.0063948868973934 -0.0261407364043844 0.00548393040647778 -0.0350096028481376
0.00723671659623719 -0.0312796197361788 0.0289074652682806 -0.033820418763984
0.0260081174949935 -0.025041746711297 0.0524723332488977 -0.0158021366055031
0.0407546706258275 -0.00589856332168302 0.0501701110512874 0.027307092759986
0.0269320970446392 0.0366253701788986 0.0143829628410135 0.0420236138409956
-0.0161107122363706 0.0462639863068952 -0.0186126229243923 0.0112781703677512
-0.0389420036154096 0.0291657720287973 0.0218842008945161 -0.0297936411001863
-0.0212169460232881 -0.00332400838260941 0.0777229332176949 -0.0463755936192041
-0.0238411288768678 0.0120852473812902 0.0794996877572022 -0.0303516794636812
-0.00559656880754985 0.021740007572565 0.0624128811448148 -0.0371007503780243
0.0132243496574202 0.0116083082043096 0.0292666324797749 -0.0440007319909967
0.0142624658144092 -0.00297265615086119 0.00802504865000733 -0.042291375640273
0.00892329024406301 -0.00963392674744024 -0.00865043624502498 -0.0449336080130275
0.000365522835180451 -0.0136047632600739 -0.0162767789651562 -0.0414054842902131
-0.0028849845972041 -0.0135358310977422 -0.00954599992843596 -0.0363835012315156
-0.00287302509521683 -0.0135299549471257 0.00482712293136559 -0.0424612153983723
0.00424796057950755 -0.0177476522872459 0.0294500313153747 -0.0405956990473549
0.0150445829867444 -0.0144396428574312 0.0556666652838329 -0.0207907503005716
0.0257706533726437 -0.000248388199409076 0.0523670657176862 0.0249825438643618
0.0121147290835509 0.0264972048781419 0.0161748516156562 0.040392474002009
-0.017683271021784 0.0235712883096764 -0.0149901055767703 0.0092633946455447
-0.0263947198951783 0.00536242145764987 0.0322117555612559 -0.0321773602741186
0.0127056730351112 0.00777079496462526 -0.00629606273300508 0.0600971455321351
0.00439219907059007 -0.00948905168932069 0.026382735851709 -0.00912146681057412
-0.00617928628701802 -0.00636521726757757 -0.0336225927937872 -0.0343850478539129
-0.00470872068933138 0.00396584186710085 -0.0672945124903221 0.00585005763310477
0.00211842135810785 0.00269662954323759 -0.0436043061455408 0.0551712515500613
0.00186976207762819 -0.000810767146842101 0.00138855904169497 0.0619000651054386
0.000467378695570729 -0.0003978852610056 0.0264278203331353 0.0448112187666657
-0.00225528716866675 -0.00339439392052164 0.0342826007293739 0.0298974765796477
-0.0043095990404736 -0.00296404970011868 0.0415194410860668 0.0244164837993199
-0.00347746063959681 -0.00795085675509892 0.0385592216456816 0.0319798637239728
0.00427128090509192 -0.00907318164287294 0.0251067701131567 0.0437325072811009
0.00852581361542347 -0.00572491523662999 0.00438729379455614 0.0535453770999305
0.0145621110393838 0.00243120241208652 -0.0280040610455941 0.067691734402155
0.014523818898338 0.0116553278910442 -0.0527331313195361 0.0729165309119863
0.00509142448975584 0.02332742976727 -0.0416312923051846 0.0862590655958385
0.00689801834176579 0.0335827059893082 -0.0100028486373335 0.0561269665987985
0.0153772448866999 0.0128121040941968 0.0279164362845677 -0.0106834735453651
0.0132006295959728 0.00010186196947428 -0.0298447567851701 -0.0392422227025735
0.00980475232274388 -0.00797232622852434 -0.0687811239152577 -0.00154816032372116
0.00763842018339211 -0.0140439237777348 -0.0475493142056411 0.0511594637300876
-0.00271426066775132 -0.0174195241826087 -0.00346694708849915 0.0589887681774523
-0.0110863546887038 -0.0116891561852003 0.0201678227891833 0.0429288652270848
-0.0145783420612329 -0.0134223285870472 0.0304066798678143 0.0272965398109109
-0.0157125685568439 -0.0156575172304464 0.0377382977863037 0.0189275293974689
-0.00865546954433543 -0.0289021573671138 0.0406548607934958 0.0227639598971528
0.0145197173302031 -0.0309841775566177 0.0341401599860987 0.0350861018168875
0.0321612195976405 -0.0162459546589104 0.0183952866056839 0.0514176888054694
0.0404444872952057 0.0184009685199075 -0.0148575878117681 0.0681420993693838
0.0225905578405917 0.0462077737722438 -0.0427128657945583 0.0692150937632186
-0.00106187357138969 0.0563105679200658 -0.0351394982287335 0.0730357345584349
-0.00354463154828867 0.0561064852693104 -0.00960129740204767 0.0417647624454843
0.0230674204840336 0.0385724815954256 0.0311321090960159 -0.016653300956212
0.0322548681640907 0.0116408180767452 -0.0231235380902431 -0.0480593110875734
0.0265331153524771 -0.0167575646558678 -0.0677863102525165 -0.0142099979753178
0.0142710445634389 -0.0299499473201074 -0.0500498070997509 0.0410999938444367
-0.00559510904411105 -0.0329774883606059 -0.0104830382766324 0.0500601207492371
-0.0203537500635845 -0.0223738139367516 0.0106850817587842 0.0357910727413859
-0.0244973406375727 -0.0219836653369272 0.0220421570910732 0.0208252865018134
-0.0252749291175763 -0.0245330534946863 0.0301497091141769 0.00912026801278375
-0.0151798272430201 -0.0435997975218099 0.0387322001596476 0.00740253700607133
0.016779206723661 -0.0489897440089008 0.0417910884439808 0.0183775870513967
0.0456764306303632 -0.0319845043976015 0.0365593415918431 0.0418755949978107
0.0629728856409915 0.0210822012644473 0.00283891786853418 0.0648653165860288
0.0351460213785623 0.0673493030271629 -0.031701048901733 0.0620960206241078
-0.00313208484876615 0.0804041967623088 -0.0273366780327241 0.0513420859719048
-0.016220137436507 0.0703087031503874 -0.00462209084576652 0.0184463183020729
0.0234534158654796 0.062970317275699 0.0352986896642376 -0.0280583405394049
0.0469851499845953 0.0273808080328952 -0.0110330249496825 -0.0582623087389619
0.0446021488841045 -0.0202293774186073 -0.059415894316776 -0.0296304963895954
0.0221701899485336 -0.0421915007259049 -0.0495872867614041 0.0242589366124043
-0.00601105315502021 -0.0453713419823856 -0.0179948046258097 0.0347605059488039
-0.0270957379889183 -0.0307023078561763 -0.00177009570746167 0.0243712062539571
-0.0312583238861271 -0.0271348291342171 0.0106020866152317 0.0112759905835719
-0.0312904102021706 -0.0279101650550799 0.0187090546687537 -0.00280637310982963
-0.0206385519221408 -0.0492279316393104 0.0317455459352821 -0.00986483814448024
0.0139614043128761 -0.0589968174930587 0.0437164305736179 -0.00220808741300727
0.0485776778173898 -0.0448997062799787 0.0503628336392506 0.0269863004067425
0.0750945638358875 0.0158739238984577 0.0199803683874697 0.0555957802811528
0.0430921104052249 0.0745646680765397 -0.0229439008667685 0.0520505421645564
-0.00235490681431504 0.0904052959695405 -0.0199502951310797 0.024131757289511
-0.02631296931853 0.0726588448422192 0.00505225982581301 -0.0112279792538692
0.0159150156196696 0.0772575944834612 0.0410042115444115 -0.0409501596690414
0.0517650212956857 0.0426356864161008 0.00394892161823809 -0.0651823383459341
0.0556760626365815 -0.0169194448268503 -0.0436535798889156 -0.0435669926979818
0.0286564327753288 -0.046040435560738 -0.043283683990258 0.00295005004137698
-0.00418100358922612 -0.0504955910464205 -0.0246294274992619 0.0144958064593067
-0.028799772557579 -0.0342323907453254 -0.0148310268681961 0.00953121512304019
-0.0330821598769703 -0.0282109457204147 -0.00227071043701709 0.000103172144548858
-0.0323483570473276 -0.0274493105034591 0.0052278263534283 -0.0137538840525996
-0.0220159271764771 -0.047951488889719 0.0211781141242378 -0.0249511331654512
0.0100582042150196 -0.0589191072008387 0.0401888085859295 -0.021783007039414
0.0442489951584408 -0.0480993029805895 0.0565737867576861 0.0110385312298995
0.0740413299457851 0.011870227124422 0.030669770533276 0.0432698024472078
0.0422203292598587 0.0715895264858361 -0.0170999347095574 0.0400924914462295
-0.00378762325918185 0.0872952592247533 -0.0140085539725064 -0.00214163014442773
-0.0308642688585646 0.0614429202469137 0.0181434172036052 -0.0421371942537642
0.00429227938576136 0.0745669891790645 0.0452895490602988 -0.0544105703107158
0.0437183075133603 0.0481214268251889 0.0185515573430769 -0.0673870520205739
0.0549098362668652 -0.00895058321675799 -0.0242468626859089 -0.0517107805645085
0.0294347887879447 -0.0412093489720372 -0.0328101027085945 -0.0181994519472087
-0.00160713962579152 -0.0461814062912017 -0.0289013673777372 -0.00662644302439723
-0.0261590511382168 -0.0324231714671289 -0.0263527838469495 -0.00594478445365276
-0.0303994210005369 -0.0248241526663327 -0.0143364031546091 -0.0104945842885185
-0.0288100402468318 -0.0237457162444125 -0.00696952695366763 -0.0241730042737
-0.0194694677368066 -0.0410046342249487 0.0110202453773569 -0.0366522681681187
0.00774874066257038 -0.0506216281274314 0.0354253418378364 -0.0355567352192731
0.0380427176494736 -0.0410539183249499 0.058001817898604 -0.0014325291371538
0.0631906118844935 0.0119405480469306 0.0351660746597064 0.0321186262896073
0.031009487397427 0.0624684577593354 -0.0134930791939304 0.0290310136435496
-0.00836902290310383 0.072207961192773 -0.00797002652255306 -0.0248043961958822
-0.0279829093391844 0.0387856195661118 0.0295282658738641 -0.0672807060510835
-0.00641297506472822 0.0545411868162141 0.0484030738403844 -0.0652197506313186
0.0272739257758607 0.0401530328730652 0.0283848913992002 -0.0674694086117268
0.0403087850323062 -0.00204074035451084 -0.00781420613725743 -0.0545377865523916
0.0223177842987078 -0.0279152096183233 -0.0221370635132412 -0.0331845432252502
0.000273186799654533 -0.033096134102386 -0.0321862225897869 -0.0235533024807449
-0.0186628827757275 -0.0236305880013692 -0.0350352329255202 -0.0181325275978177
-0.0224973293907167 -0.0182933490282065 -0.0241455848267656 -0.0186860449975686
-0.0212790278205538 -0.0179510131907263 -0.01619984612398 -0.0322469960486898
-0.0135479767517104 -0.0301742182965363 0.00369069604806686 -0.0454889955332574
0.00656746586269823 -0.0378382809668449 0.0327314970810316 -0.0450612186896705
0.0311716659118148 -0.0296343130288926 0.0575786051601286 -0.00863491634368189
0.0468724409615409 0.0146218411495932 0.0373171913778873 0.0250840287599409
0.0152373649460623 0.0492165240390726 -0.0102730884962055 0.0212697706529182
-0.0144468469777729 0.0491282342605963 -0.000875637682273239 -0.0403416169736991
-0.019303369145379 0.00871338498766643 0.0360973910456604 -0.0833283717336312
-0.0125365022159189 0.0226589976907663 0.0464400814379364 -0.071629159356045
0.00780507891329201 0.0206405871465533 0.0310008997398305 -0.0672318321771987
0.0169169331847443 0.0016816579697482 -0.000667694189571926 -0.0542731273122351
0.00964536382029149 -0.0107145918374684 -0.0182018132113832 -0.0403972846117269
0.00140185483540014 -0.0133237698796653 -0.0347013773915434 -0.0317745797919124
-0.00783800068595769 -0.0106856836756182 -0.0397427929036984 -0.0240258386982134
-0.0108250535901463 -0.00898329724767372 -0.0297247829162859 -0.0240717569224684
-0.0109618216718576 -0.00980931591323123 -0.0219826034423712 -0.0374134527688303
-0.00752581386648601 -0.017046980092087 -6.8333457757036E-05 -0.0514039214819695
0.00414138786458078 -0.0220815025675369 0.0324893398573927 -0.0506777316411956
0.0219027896322439 -0.0159709041950821 0.0580746666659813 -0.0118030644965897
0.0277350206122591 0.0153879180439215 0.0372388420493217 0.0227678913087642
-0.00044058711373401 0.0311511754381515 -0.00699129985717221 0.0168232406653424
-0.0185953753812495 0.0209310668392444 0.00660731737201559 -0.0481409375415867
0.0133459733245918 0.00792137446944527 -0.00505586184409729 0.0626877518412403
0.00417759173713291 -0.0103502683350687 0.0278639688202713 -0.0112332361007089
-0.00673627808783022 -0.00621046179485743 -0.0352230432444808 -0.0349338981662675
-0.00501349126021112 0.00422210741577129 -0.0692532700592361 0.00756880871632725
0.00230453755649088 0.00265916822966158 -0.044049733895594 0.0581696849545048
0.00149078617592166 -0.00136402893168409 0.00303180556388738 0.0641818393369527
0.000217847201855535 -0.000502958386923723 0.0279655890910088 0.0448633838657584
-0.00268163130575649 -0.00372991863009251 0.036172659664629 0.0297475209132428
-0.00453252231975236 -0.00326274851343028 0.0431960016391814 0.0236404665140973
-0.00419770129940398 -0.00769853643407077 0.0410642800744665 0.031517996629321
0.00415042485517572 -0.00924162532595708 0.0273517208882265 0.0447375656516802
0.00856295321126351 -0.005530629008527 0.00505524390446474 0.0554311469528692
0.015142505140997 0.00248031738766594 -0.0285624706854192 0.070301278225263
0.0148505247785792 0.0113957563910298 -0.0527062255386212 0.0761333510519868
0.00575987059345686 0.0239265909253829 -0.0416929318542149 0.0898664047576568
0.00736682481151341 0.0346569213149724 -0.00872099483572309 0.0583826002228266
0.0163676676035667 0.0129294125345399 0.0291687878136283 -0.0120565168541366
0.0134463359680178 -0.000159328115082259 -0.0309221193466235 -0.0399858901836171
0.00974045512900486 -0.00801969423081068 -0.0710745176210995 -0.000519184774022962
0.00760058793728493 -0.0146964567348038 -0.0479473337653978 0.0537399928284834
-0.00371404071018128 -0.0176525227481005 -0.00228822412832305 0.0607029574717867
-0.0119719432925466 -0.0115987448698127 0.0220184990274059 0.0434940962784737
-0.0156048722712864 -0.013838357158175 0.0316749807524229 0.0268183623437346
-0.0169560572899709 -0.0154151291785114 0.0399606135162744 0.0179720115081672
-0.0097509186487187 -0.0298576729210039 0.0428768445008022 0.0223924144093761
0.0142261336395507 -0.0325567286965571 0.0360970070260808 0.0360383918320276
0.0326454236857475 -0.0175653167551774 0.0198549934893822 0.0526209048396929
0.0420811362685861 0.0179819190011956 -0.014356158348146 0.0712188153397019
0.0240807747323907 0.0470242555928575 -0.042700278941354 0.0717941258976913
-0.00110264844667219 0.0587036100792011 -0.0347877045262197 0.0758560883226208
-0.00291903007865786 0.0580357933461485 -0.00877536874763228 0.0431463104232444
0.0246143472840186 0.0395214599840114 0.032264031257041 -0.0188210191634638
0.0335840567224708 0.011635283188868 -0.0235981451510718 -0.0490179880340165
0.0270290909037881 -0.0180072871751819 -0.0698165233244806 -0.0135396838370873
0.0137636791316108 -0.0315377982640655 -0.0514345123288947 0.0431504488489109
-0.00681448724492378 -0.0335513308017782 -0.0103060075408143 0.0518645900654691
-0.021588327805123 -0.0218602789329251 0.011603175439478 0.0368149293623517
-0.0258532901246261 -0.0217864529524752 0.023425960948607 0.0204663603637347
-0.0268398483598598 -0.0241377397058764 0.0318103439476251 0.00791705884407979
-0.0167957964313285 -0.0449113184337026 0.0400772655605415 0.00660710309256504
0.0161888562802177 -0.0513176010742296 0.0439596783073877 0.0183100532511768
0.0464215686963308 -0.0342271659502126 0.0383453506498889 0.0429367966065928
0.0654518521053254 0.0201937960562528 0.00370042862654064 0.0668650120785686
0.0378762694035606 0.0695103962024821 -0.0315151388779249 0.0641328925050765
-0.00207477996759806 0.0835741377406837 -0.0265764182107918 0.053401421178251
-0.0156936085333894 0.0732283316734341 -0.00372270836487748 0.019096944937531
0.0255391669983526 0.064514323445974 0.0367268590880939 -0.029539875345275
0.0494621261414747 0.0277324365443111 -0.0119334873428084 -0.0593899476873256
0.0455129646761395 -0.0219106360595639 -0.0617695172528261 -0.0296591065018325
0.02177320410391 -0.0441526371159102 -0.0504957720166429 0.0253627625824791
-0.00776998509061859 -0.0464630017365622 -0.0184977105584482 0.0364589462531521
-0.0284088036116916 -0.0304752356693188 -0.00148912018467648 0.025227908987549
-0.0328917741895644 -0.0269865459899619 0.0110121422834912 0.0108783485547536
-0.0329564555855252 -0.0281154045970496 0.0192381192331742 -0.00326043368606452
-0.0226426756773923 -0.0504978736873487 0.0327809519920174 -0.0113157614554122
0.0124482099012437 -0.0615160360505205 0.045689125930647 -0.00304483274514113
0.0485264051449451 -0.0473594177547493 0.0522368313642457 0.0267490946778858
0.0783510936247226 0.0145973947644175 0.0208433670071702 0.0571704497526637
0.0463359017120125 0.0767029748847222 -0.0226470566285861 0.0531612919372753
-0.00136822768379733 0.0935515852041667 -0.0194721201442308 0.0259427690856513
-0.0264017832128233 0.0758115585483874 0.00567723247527753 -0.0118887225395581
0.0183091532358979 0.079046511134987 0.0414708139669158 -0.0436273962746581
0.0545293009210751 0.0426229035731068 0.00346406929853986 -0.0669117158251037
0.0572294814153962 -0.0184887417657251 -0.0455094325644263 -0.0441516899642968
0.0283440858386284 -0.0487754889955035 -0.0445591329262733 0.00294198477494407
-0.00582088702582266 -0.0522439961591025 -0.025581304530386 0.0151848964926093
-0.0306016171989292 -0.0345392638927349 -0.0149670501157356 0.0108384850716044
-0.0353659059586452 -0.0278027049236224 -0.00231616919328681 9.38753453285384E-05
-0.0340749366776521 -0.0276295089412626 0.00550967412610181 -0.0147236447953181
-0.0239700752898151 -0.0490180342426235 0.021431118841897 -0.0268912337938589
0.00877503460514675 -0.0611921208565234 0.0418123018211925 -0.0230853670553605
0.0443134704348536 -0.0502459681631462 0.0584640318831223 0.00998104602991188
0.0767957275241617 0.0103148819498107 0.032022494970132 0.0440868282748582
0.0454468546988023 0.0730730247908827 -0.0171498272546974 0.041308962655331
-0.003300109525333 0.0899311419892939 -0.01408784012678 -0.00170778998312351
-0.0311139651113415 0.0645045193659859 0.0182836429545182 -0.0434526574870258
0.0061745812701388 0.0764007354343772 0.0461939069038904 -0.0571550494508486
0.0462539920590596 0.0489270350106432 0.018513193275726 -0.0702366074581385
0.0563948097637107 -0.0104735246820554 -0.0256135375681996 -0.0533612840581041
0.0289873233724913 -0.0432442102868215 -0.0339617732984589 -0.0183022466608641
-0.003181674838841 -0.0480305370276355 -0.0305024334866363 -0.0063960765247725
-0.0274974274132338 -0.0323756017977046 -0.027746949786615 -0.0042786710580258
-0.0315809357932718 -0.0249248001735803 -0.0150704817316117 -0.0103533596609393
-0.0298588350000276 -0.0236300566417382 -0.00718680908840601 -0.0246628987852249
-0.0210243240292788 -0.041479340233176 0.0104408688583433 -0.0388641863842288
0.00685681857871587 -0.0521797943964689 0.036052059756855 -0.0373137397591401
0.0381283753719872 -0.0433504870769918 0.0596081978936388 -0.00276318254837964
0.06522890871267 0.0107188250651411 0.0365206399205591 0.0331188741307147
0.0334661100540278 0.0639884664260447 -0.0135370114398634 0.0301993222555125
-0.00720935593343707 0.0744564472281818 -0.00889675194924587 -0.0248574262526416
-0.0285098876739753 0.0403942970029846 0.029355868862974 -0.0704317968023963
-0.00507318294773189 0.0562873138997858 0.0485540594766843 -0.0680412857199304
0.0291038850069981 0.0405475207180783 0.0286761653301574 -0.0699479011737992
0.0417022358911888 -0.00306348787120268 -0.00803986094296445 -0.0562164056253684
0.0225398161589671 -0.0294982545620661 -0.0235359183322658 -0.0345460526931946
-0.000874054601325642 -0.0343329353083542 -0.0342728248968791 -0.0234477094127689
-0.0192296430524986 -0.0242835513705128 -0.0363802325071165 -0.0168606468804974
-0.0235652305226958 -0.0178037845268837 -0.0251820436847745 -0.0187138764520786
-0.0220569907390498 -0.0177738386072968 -0.0171599264698901 -0.0327939307193042
-0.0146613094687457 -0.0308205477120807 0.00283374390824087 -0.0474205328750854
0.00555663447087922 -0.0388627883509038 0.0329943325760602 -0.0467317084481654
0.0312146517461636 -0.0309002364106522 0.059430726385684 -0.0100876055952422
0.0485434616668431 0.0137433366543263 0.0382957516314104 0.0255961004492809
0.016980821562508 0.0507294359873897 -0.010636637915392 0.0220724292243881
-0.0141529929846398 0.0510172535096023 -0.00225460642491953 -0.0408451407250469
-0.0196806802550139 0.0096138889262203 0.0357208182740237 -0.0870923211668532
-0.0122906188356523 0.0235291874786026 0.0471101043846088 -0.0739333289075098
0.00898275689716954 0.0205686672093032 0.0310977180055586 -0.069877419510731
0.0176057381196241 0.00121701921737764 -0.000901686737335111 -0.0564094300848933
0.00936074692860996 -0.0113480958345478 -0.0197330107434421 -0.0418936985421117
0.00127352188508476 -0.014112313036949 -0.0371336596435597 -0.0319240179778612
-0.00843848758320339 -0.0110073749012621 -0.0419617243196159 -0.0234452556978422
-0.0115951704632716 -0.00902983089558807 -0.0315101221004937 -0.0237563129498293
-0.0109985389153244 -0.00980389514696887 -0.0231852315979133 -0.0379245354045372
-0.00802149803466542 -0.0174641316420941 -0.0014228509706764 -0.0528636961042101
0.00425351219212233 -0.0225590032267959 0.0327949139176129 -0.0530719560275463
0.021939375222438 -0.0168029283691991 0.0601358960798298 -0.0135550214765642
0.028642751864972 0.0150474920671126 0.0386532011349028 0.0228056413234296
0.000385206357508156 0.0327191036665927 -0.00726624394903179 0.0180623401232639
-0.0184418027469989 0.0217511843868278 0.00583441486341372 -0.0491791067510772
0.0138576744096653 0.00704243305216015 -0.00165731091430199 0.063605430598044
0.00371130414907205 -0.0103453369249665 0.0283145795542715 -0.0133251134836821
-0.00697410409532321 -0.00611829515042711 -0.0366365884108405 -0.0342329023566569
-0.00484051574664694 0.00448613529991272 -0.0698947257962483 0.0102897740595736
0.00262389593860934 0.00255729809425184 -0.0422564360277495 0.0618334711006503
0.00147462921157807 -0.000931795560860986 0.00585766906841888 0.0647588792036057
3.31298805750523E-05 -0.000829592099902708 0.0305712108631741 0.0440039782243722
-0.00319618055928661 -0.00318648969650353 0.0385524620479369 0.0275127492302678
-0.00484000706684264 -0.00351176340463556 0.0453454528723412 0.0216659553343109
-0.00466525442264832 -0.00791398368584198 0.0437504072572388 0.0305486617195127
0.00375725968465973 -0.010053107472237 0.0298241115464335 0.0448570433307555
0.00840560207575698 -0.00580321649733511 0.00640369280621889 0.0560901818074007
0.0155872228101609 0.00149285858216657 -0.0263790758213335 0.0732998447621114
0.0154599525473741 0.0107886660615375 -0.0511400126646396 0.0789313568333285
0.00663517217866214 0.0249215149599335 -0.0388083285443602 0.0931926164814753
0.00883869539367576 0.0350605004383176 -0.0056767736883054 0.0596730083686628
0.0174249590845498 0.0124470243908952 0.0296438894565723 -0.0144651798867583
0.0138758891747053 -0.000325648947144104 -0.0330044813175628 -0.0395350373795347
0.00916242613333387 -0.00866961236648889 -0.0724469959967135 0.00237779712038961
0.00660278999738773 -0.0151137838020267 -0.0464533341961347 0.0568614770441216
-0.00479410964057247 -0.017771398101429 6.81982946011762E-05 0.0617944025929516
-0.012486584647534 -0.0109943189539275 0.0244337835442824 0.0426351786123313
-0.0163426121683357 -0.0129306020561258 0.0339331558571801 0.0255999873557738
-0.0184751684578984 -0.0150825021160814 0.0419233963745424 0.0160466823346581
-0.0113903714351394 -0.0299980475757206 0.045313471850107 0.0203062283940111
0.012618371706378 -0.0339281858392117 0.0386912028277964 0.0353130829548205
0.0327332394406822 -0.0189816116209702 0.0218850653993893 0.0526568379736332
0.0434918414939318 0.0164235219516605 -0.0124606966340238 0.0730652684721473
0.0260556163839055 0.047287962667515 -0.040684874673177 0.0738145417215265
0.000760988168408359 0.0607310163245272 -0.0325025365404985 0.0785294756565101
-0.000653214631913371 0.0597907732103718 -0.00690711610892171 0.0441491325719564
0.0266672606094532 0.0390088814771749 0.0325496971075364 -0.0207096557157535
0.0344995878292997 0.0104366855438151 -0.025295503606226 -0.0492244792569908
0.0267293540586668 -0.0190093628436212 -0.0714628237064266 -0.01089920614893
0.0124798348215988 -0.0329048915870316 -0.0501213707793989 0.0460250225984779
-0.00891735367236072 -0.0339884968199058 -0.0081890508341172 0.052947668290696
-0.0231608024358266 -0.0212400562026425 0.013342602435712 0.0369047829973303
-0.0276227481519806 -0.0207284348539706 0.0248443144955538 0.0193664364621223
-0.0282982153090992 -0.0232273349930788 0.0324617816244681 0.00653199090433125
-0.0195713087412705 -0.0445486400806002 0.0414184627655536 0.00386414323893493
0.0131893465759032 -0.0525847357309711 0.0462337921642393 0.0168389210994071
0.0453081116921329 -0.0368519936747876 0.0404540029272278 0.0417130797020697
0.0677945074971383 0.0175560018388327 0.00620968196535828 0.0686312866428202
0.0412931979681446 0.0688888797550231 -0.0296530916950214 0.0661352759063521
0.000216064375884369 0.08536820534069 -0.0250624122453052 0.0556953779915568
-0.0129610717193976 0.075722711329299 -0.00334233272501959 0.0192786529414438
0.0290966779053313 0.0641272216671852 0.0364164006811934 -0.0320563752831939
0.051532713322237 0.0260612679941938 -0.0132076833215776 -0.0602398873528081
0.0452013070052237 -0.0241031467490632 -0.0638201569644559 -0.0276937422936091
0.0200118768971365 -0.0460446116312897 -0.0502174157815767 0.0282297698040833
-0.0106463636285031 -0.0472538148636342 -0.017171779594267 0.0373386026406596
-0.0303729575080332 -0.0297571516426574 0.000103900334068249 0.0260325531313831
-0.0350776316122571 -0.0254189752478742 0.0118949672831699 0.0103320391848609
-0.0348137743234356 -0.0266961123661446 0.0199638276231202 -0.00447526364009414
-0.0256429123428834 -0.0505538079761075 0.0324690937341323 -0.0136627254280335
0.00962865453585491 -0.0632800695051804 0.0469191334160528 -0.00517469775515039
0.0470770209856929 -0.0499133497318663 0.0538387722256995 0.024549724915582
0.0798000121419365 0.0113230430609954 0.0230291585921685 0.0577893264641395
0.0506379859154256 0.0758526127848659 -0.0208275178885085 0.054698172257187
0.00116941215320505 0.0958983793597616 -0.0189799899076336 0.0273342560616978
-0.0240000293688179 0.0788990707962585 0.00509796520238428 -0.0128283632829118
0.0221889534514092 0.0801357366011816 0.0409137896227759 -0.0463607720734901
0.0577602332003286 0.0412246855990813 0.00241636244993127 -0.0686284595553422
0.0570940862275707 -0.0214384345719923 -0.0480143702262401 -0.0439374719489266
0.0262810637454358 -0.0508462460845808 -0.045334016216454 0.00483528760645995
-0.00835713665311853 -0.0530113683188803 -0.0261891183488064 0.0170958413269457
-0.0329161508333913 -0.0333963491049706 -0.0149956093327415 0.0121391456668391
-0.0370691613309359 -0.0265626466999382 -0.00240540276829835 -0.000130930112926813
-0.0358070526380267 -0.0259763665098931 0.00549912270450609 -0.0155329239614621
-0.0268941512382651 -0.0488755548148405 0.0203986653819333 -0.0287983971741614
0.00563384488931991 -0.0626715553145869 0.0419214104956391 -0.0250638550309
0.0426818824664187 -0.0530717468769503 0.0601271834889509 0.00716884566392023
0.0785570886729056 0.00685700253334361 0.0338870006012955 0.0441885054969873
0.0491705380507668 0.0722087482958662 -0.01582889895585 0.0425416552081785
1.41043392101426E-05 0.0921133646439653 -0.0143235097262199 -0.000475910146024024
-0.0292940224936316 0.0676184451344279 0.0170283598383765 -0.04572309175166
0.00987457076298661 0.0772238704344891 0.0447164704589595 -0.0602003972485348
0.0490199937632534 0.0476789861874991 0.0168675646731576 -0.0720184743099041
0.0565948126401287 -0.0134262061777298 -0.0273453579292719 -0.0537955147203796
0.0274801622045676 -0.0453874397354205 -0.0350005356670348 -0.0178833663315151
-0.00540729041918498 -0.0485046329127612 -0.0320465306599121 -0.00471601491053399
-0.0292428386396302 -0.030891255695943 -0.0279744575570414 -0.00260144708801153
-0.0334760969815176 -0.0234126565658713 -0.0160977613494283 -0.00973886974293308
-0.0313823170421054 -0.0224939176820834 -0.00869837814283822 -0.0250644015885219
-0.0235689313866167 -0.0411326455517973 0.0085852621648399 -0.0405109792066774
0.00420287796117923 -0.0535691601355258 0.035411845609434 -0.0398097591266093
0.0365682515670081 -0.0455669957940026 0.0607654628565093 -0.00625342184277119
0.0670159976059719 0.00762436280132415 0.0383576472983301 0.0321259674591512
0.0369902719965129 0.0636380964600694 -0.0124575211223895 0.0311958514335942
-0.0053999215864402 0.0762282382964799 -0.00995970781533187 -0.0240886389740657
-0.027846100419357 0.0430832403806839 0.0276077472113222 -0.0730616005264098
-0.00293865937574287 0.0571049796516836 0.0472634880343947 -0.0709554453799034
0.0307973025119457 0.0396814600536075 0.0271890620658283 -0.0719382204474415
0.042067971268113 -0.00540053863333949 -0.010242915369363 -0.0571537558516925
0.0213333518331303 -0.0312646363510154 -0.0252023321191097 -0.0349183888120231
-0.00248716535792089 -0.0351973081842393 -0.0362667905561044 -0.0224932039330861
-0.0207684319434404 -0.0229362532374908 -0.0380468766056346 -0.014576265289752
-0.0248180637646329 -0.0171979410585429 -0.0267220588372782 -0.0176799575648766
-0.0229590715015141 -0.0167385302811649 -0.0193743104235366 -0.0327817665053476
-0.0163795750266826 -0.0306917260719765 0.000294890189764985 -0.0482393215685427
0.00417441653627142 -0.0393829399556894 0.031901377270483 -0.0492179187284674
0.0298848018823501 -0.0324135725340317 0.059911449394264 -0.0136083305159468
0.0500303940813821 0.0114597528893372 0.0396179331490445 0.0243080677402439
0.0196136557964409 0.0509534888850676 -0.00992116368165338 0.0230003497087181
-0.0127612985322066 0.0524733701539974 -0.00415487970145023 -0.0409561380122758
-0.0199932034442212 0.0108302752603346 0.0331516234410893 -0.0899877167444425
-0.0117480751538903 0.0243425397191977 0.0449375026749273 -0.0765595766698746
0.00998105591458278 0.0202453873338452 0.0293606382027261 -0.072430206731699
0.0173788544191288 0.000449373294157816 -0.00230779895944204 -0.057444496378711
0.00884679537101378 -0.0122232635522041 -0.0216305887993724 -0.0428242551437885
0.000565320431177603 -0.0146667726704611 -0.0392570049572559 -0.0304696710503487
-0.00883670877227957 -0.0105844532551255 -0.0440489177649036 -0.0208133578385774
-0.0122552380865369 -0.00868174222304895 -0.0331507703347753 -0.0227385020727791
-0.0115777429328358 -0.0096816690839148 -0.0251832065905217 -0.0379342639874235
-0.00909135945540935 -0.0173500384418646 -0.00384885472652386 -0.0536182384403804
0.00299143701938876 -0.0229042808715558 0.031178039066818 -0.0552706611227521
0.0217186824260232 -0.0177863159024016 0.0603479796252787 -0.0162356492975767
0.0297350375548842 0.014075051212596 0.0399797373245609 0.0217563726952568
0.00179704389648354 0.0330090762951066 -0.00756418363743178 0.0185118310624677
-0.0179543602080093 0.022792106477054 0.00310234194595596 -0.0493848794138003
0.0144102021633592 0.00661289972754773 0.00138633980965099 0.062882570635663
0.00284296152119241 -0.0107336927378261 0.0280320987165516 -0.0153756453006571
-0.00698603836110099 -0.00570222768022703 -0.0375082651790108 -0.0331951676027759
-0.00418469450108235 0.00442417841951067 -0.0688457158453924 0.0132357234418871
0.00259187136068565 0.00241404820080621 -0.0389862991250598 0.0638367715088837
0.00111572210674125 -0.000956347895148582 0.00921486919017566 0.0638942523441776
2.71834870788286E-05 -0.000822751268236077 0.0322620852686439 0.0415271902326928
-0.00362671602331888 -0.00285629487844756 0.0397962250221872 0.0254647843352215
-0.00505541521579375 -0.00285110503703403 0.0464289894019263 0.0184378284567971
-0.00481692835304341 -0.00739107141288639 0.0451711038608645 0.0283436117118913
0.00307918543840518 -0.0102065014147004 0.0319878149276226 0.0432342402661408
0.00842594531446878 -0.00617793354595089 0.00789807842466245 0.056088873151041
0.0154975124960181 0.000812339033440725 -0.0237830424329831 0.0747883194333483
0.0152076192569042 0.0101387249043097 -0.0475396679249441 0.080459370673487
0.0074463555959288 0.0246093010819995 -0.035241183744868 0.0942133027754546
0.0100391255350249 0.0345673518842668 -0.00278363757724174 0.0589672570750604
0.0175030962204393 0.0116790444136605 0.0290280177993143 -0.016682565958024
0.0133150040109158 -0.000878144050293097 -0.0338076202767391 -0.0385670586331995
0.00891095552272494 -0.00896902810251447 -0.0715771522952055 0.00590763580595922
0.0056377865822202 -0.0158282996657638 -0.0436079351776737 0.0591064026647853
-0.00546664629647999 -0.0172432686087045 0.00314281772613021 0.061579990726893
-0.012516480695269 -0.0103124190114739 0.0267732764372814 0.0410376188597024
-0.0173392250782909 -0.0115198186739845 0.0354387599796205 0.0230265989973424
-0.0185663411985851 -0.0139239388028336 0.0425930373649156 0.0128396985211683
-0.0132229061758292 -0.0292754825016586 0.0462034131879652 0.0178465043516211
0.0108739943655302 -0.0346622093195407 0.0410201689517106 0.0333574553628469
0.0316798605083818 -0.0205244070887756 0.0228951543906177 0.0512363927469384
0.0442145499878469 0.0140512440592854 -0.00953737355214128 0.0739814036213897
0.0284532356843278 0.0458929084237528 -0.0373625365625311 0.0745695579272745
0.00265624940475042 0.0606183452979526 -0.0289623609687136 0.0793293763741933
0.00151856420482212 0.0597334479587184 -0.00462083083522916 0.0440780416940548
0.0281820411355667 0.037807117797465 0.0316367536324126 -0.0230819094895979
0.0351352994722255 0.00921656358672267 -0.0267493610336669 -0.0481416189619677
0.0254385329098035 -0.0203936454132164 -0.0715730604341022 -0.00795384846434992
0.0105261407292991 -0.0330950774048356 -0.0478752659172882 0.0483155239316984
-0.0108367572740917 -0.0332329839399755 -0.00562629915113724 0.0533267182455999
-0.0239237760482626 -0.0198097609506401 0.0153988094187384 0.0362695225576533
-0.0285595658624109 -0.0189536320968108 0.02555778558379 0.0177102306463175
-0.0296374652380456 -0.0215626393573979 0.033386465804016 0.00414204507077755
-0.021708715119642 -0.0433698027875929 0.0419098391009525 0.00185544935118046
0.0105681816068237 -0.0539992638100689 0.0471906858206128 0.0148998842628206
0.0436159342634163 -0.0386842211175229 0.0410340990849002 0.0395399393785033
0.0682695438886339 0.0144100787646604 0.00872061174318088 0.0678598578624535
0.0441789064838037 0.0667970500519122 -0.0272720410057911 0.0669708667313553
0.00326435175748194 0.0857594849840485 -0.0227892234850531 0.0563985105365703
-0.00983492339668803 0.0762576829067056 -0.00210848708001684 0.0191603205095816
0.0317500925099184 0.0624615396204835 0.0354093444287929 -0.0341128409961574
0.0526303171673881 0.0240242524254597 -0.0146646034992785 -0.0595203717225761
0.0433865367765904 -0.0260743475895991 -0.0646310857257065 -0.0245716995981226
0.0170911557173764 -0.0469567649683199 -0.048808199145593 0.0297485803989734
-0.013089253904141 -0.0464023761752622 -0.015570122219827 0.0383271633707582
-0.0313973630644621 -0.0273510515304423 0.00125717352613694 0.0265465988472044
-0.0359291540215739 -0.0232488737803199 0.0121674979484561 0.00934574194549012
-0.0355932374742815 -0.0246256313370935 0.0191738274441174 -0.00638423284812378
-0.0283896590309395 -0.0485578963897907 0.0317508477769423 -0.0156988208412273
0.0062621625861292 -0.0635482441136316 0.0468592464538564 -0.00739942219485186
0.0440413106387819 -0.0514888797821856 0.0547145345697688 0.0216799636306613
0.0802651036468846 0.00743166332633455 0.0250530584625397 0.0562975600101131
0.0540583710011139 0.0733401246589589 -0.0189639108071683 0.0551484337914028
0.00464184430740986 0.0958558818021554 -0.0175800687844889 0.0284905597101904
-0.0200318275400059 0.0799552758602594 0.00491468748883279 -0.0129662300532329
0.0257806275085415 0.0784222392762885 0.0385663745318658 -0.0476568126092849
0.0593069593529773 0.0384995129566046 0.000237166481177758 -0.0684033397144715
0.0557776421675481 -0.0237856429410696 -0.0489971074629477 -0.0415835043878032
0.0233067746763107 -0.0523899756544044 -0.0445816928767271 0.00594137356963312
-0.0115178428814407 -0.0517827966316301 -0.0253430240756935 0.0177965621220239
-0.0338659501623566 -0.0310650654218155 -0.0137751993037277 0.0134537179870886
-0.038049945502629 -0.0238848642351406 -0.00242982564638047 0.0002668129689352
-0.0364411389270853 -0.023945958332895 0.00471375341040968 -0.0159395332293696
-0.0288916055658965 -0.0468983551336189 0.0185869511262652 -0.030223108681297
0.00230417899355767 -0.0625306916887337 0.0410894317638728 -0.0268097041111896
0.0394090735654878 -0.0539262028438837 0.0595594196745 0.00319780261275797
0.0783759218387021 0.00304956383791009 0.0350833333913615 0.0422014894828445
0.0522544785887056 0.0701889570323378 -0.0144387155648835 0.0425606213163978
0.00327271665204126 0.0917989304280875 -0.0141485954410325 0.000655128721301526
-0.0262786307934962 0.0683679727235026 0.0150798094788803 -0.046670603776077
0.013515815535621 0.0764627115729129 0.0413236001549646 -0.0612025019553766
0.0510890019622598 0.0449784533937503 0.0152849645432809 -0.0722309261150577
0.0553511934496754 -0.0159391681378933 -0.0291886241855276 -0.0521458167648113
0.0248796304534765 -0.0462816828514257 -0.0355731401851228 -0.0171770094393781
-0.00829778148176365 -0.0487952115186096 -0.0322715696097701 -0.00361226774709668
-0.0303265409582214 -0.0294908349687706 -0.0282207197224822 -0.000723718492716501
-0.0343345539465848 -0.0213429716131538 -0.0165763332207522 -0.00928967390139136
-0.0320408904151413 -0.0204677304605288 -0.0100019619755523 -0.0245659208283974
-0.0252117798243818 -0.0397613081227711 0.00668481888542294 -0.0406845201408941
0.00126336465058568 -0.0534329067763496 0.0341740861142247 -0.0410829623478448
0.0337851355764039 -0.0467950750685934 0.0597704105908525 -0.00900781086031334
0.0667999626313782 0.00447913300088577 0.0390008069358073 0.0301830811318339
0.0402589256990745 0.0613814416856732 -0.0120563602625782 0.0316427378882681
-0.00274456066206661 0.0763577255280373 -0.0109566320739614 -0.0231697759948287
-0.0254144908176133 0.0442140360810507 0.0242625552258741 -0.0737809533863081
0.000237138713844569 0.0570490235265411 0.0431876263836511 -0.0715087980711784
0.032882788854001 0.0380612349823732 0.0243787559295765 -0.0728111683220924
0.0412217902825559 -0.0073233910251725 -0.0117810358365567 -0.0564502819095417
0.0192341150742011 -0.0322715700370657 -0.0264305374104777 -0.0345012457032902
-0.00401089174340426 -0.0345868516019546 -0.0374202973422668 -0.0205204836639541
-0.0216083546691604 -0.0220163280693265 -0.0379479661365814 -0.0121625718119133
-0.0254851768654042 -0.0153994345945141 -0.0277060183401672 -0.0160402769159799
-0.0236986283168982 -0.0154028889589364 -0.0206943830876353 -0.031671623089575
-0.0183508646453583 -0.0295246918421655 -0.00200058127119312 -0.0483295814850964
0.00214672932511221 -0.0393617323812442 0.0295749417043097 -0.0504043533573585
0.0280035931765973 -0.0334303220224417 0.0590010018358625 -0.0161392670931998
0.0497816112382266 0.00937200001779721 0.0400762799313331 0.0225119335990791
0.0221930421145447 0.0497311256735595 -0.00877994101005157 0.0231585183700998
-0.0105391523402081 0.0526001424118709 -0.00555819562743263 -0.0400182456160242
-0.0187174484869986 0.0116619179579053 0.0290769866885366 -0.0911016244530651
-0.010516507915663 0.0248174884517487 0.0411617189720152 -0.07736604982193
0.0106762867740228 0.0192392534333909 0.0265197323170331 -0.0729717387440958
0.0170902596175659 -0.000433994674648774 -0.00382076115676247 -0.0578567697250931
0.0077834196262308 -0.0120859262352861 -0.0230797753135843 -0.0427466863611753
-0.00026220432749147 -0.0145600190094707 -0.0407200557298742 -0.0286448852382992
-0.0091370074891282 -0.0103075595860685 -0.0441270997199227 -0.0178617845864804
-0.0123846689918024 -0.00745064439940062 -0.0342795217085031 -0.0206620591355441
-0.0117400723464443 -0.00886303445509289 -0.0269637992211012 -0.0363037934352129
-0.00982231388348552 -0.0168595747066762 -0.00636078138327918 -0.053422720498872
0.0018645639340294 -0.0228013209075881 0.0283948401345098 -0.0562305911486502
0.0205041868253443 -0.0182520323869194 0.0588924177885332 -0.0187243022907759
0.0296002229070605 0.0125682697776288 0.0400408877930289 0.0202680941272709
0.00276463837353389 0.0333346927328132 -0.00624945275808678 0.0188874370602047
-0.0167883008313605 0.0237712145166695 0.00147778873059046 -0.0485384160035275
0.013398370383522 0.00605716390539818 0.00349372356059558 0.061373624842336
0.00220141399188995 -0.00994654587834883 0.0267184015157222 -0.0169061812458909
-0.00723212430796209 -0.00543345438809648 -0.037874833818805 -0.0316308716550911
-0.00392594316556787 0.00508932659237537 -0.0666766375344478 0.015253238896579
0.00289949519424864 0.00225761256567546 -0.0363578358463161 0.0640394019089299
0.00103581533889551 -0.00133430770740228 0.0111181330433113 0.0623281119226545
0.000142922723574598 -0.00121728523463779 0.0327495296202083 0.0395272261946488
-0.00384592531114158 -0.00285352553772839 0.0397765185862436 0.0232481204041896
-0.00522947768082649 -0.00251617509185807 0.0457319537535734 0.0164311505739502
-0.00525265025586502 -0.0073900527621898 0.0456321350043853 0.0257960477043323
0.00290829159940343 -0.0103366240086486 0.0331134141919355 0.0416293494450535
0.00800637131812398 -0.00648913744878893 0.00866884787266352 0.0551676188864547
0.0150837430470286 -0.000321084512935851 -0.0211685605964616 0.0741734264241716
0.0150298702287528 0.00992509267656535 -0.0444486572918288 0.0787888161890363
0.00793692658594162 0.0243020920546242 -0.0321943465822647 0.0926249757869523
0.010687646446412 0.0337410755779083 -0.000643593425387149 0.0578011439369311
0.0174534122246232 0.0108088908978804 0.0280944136126762 -0.0178891607978051
0.0131921935689657 -0.000988965503382482 -0.0335255376307971 -0.0367058414632034
0.00861408274289878 -0.00877654227474634 -0.0696087221607422 0.00766303194736852
0.00518550970913132 -0.0152699015078419 -0.0405325583083003 0.0596235779963924
-0.00638771042126218 -0.0164963883902668 0.00516078061324028 0.0598705424459809
-0.012793600433659 -0.00956710921125085 0.0270790632424387 0.0390292720439696
-0.0175084771015642 -0.0107826467163102 0.0352067244543919 0.0209269879789366
-0.0187276589510997 -0.012756650364788 0.0419770650130265 0.0102819874262239
-0.0139468142227427 -0.0281448644555227 0.0457874347676591 0.0154300896305768
0.00970448008842071 -0.0343976729955273 0.0415282381125766 0.0313104310537905
0.0300438653865546 -0.0212400794143776 0.0237953632408883 0.0501332650895109
0.044100622273645 0.0127277033461966 -0.00775321046607755 0.0731717411125182
0.0287046382487607 0.0445832905070053 -0.0344250041009706 0.0736394368324946
0.00446272885954001 0.0601542285943796 -0.0267215793946442 0.07857692430443
0.00336800227174549 0.0589273323382035 -0.00323105499910763 0.0427086331600059
0.0290818142644171 0.0359065596662083 0.030471443948147 -0.0239359085712888
0.0345563239389952 0.00819250796013233 -0.0262853811622902 -0.047270523327191
0.0243219289519952 -0.0205712017126459 -0.0701100475518908 -0.00556721479212763
0.00895104894049539 -0.0331177442373389 -0.0450287451549525 0.0484488509800396
-0.0118224349840247 -0.0321504001425016 -0.00388191369468022 0.0526243918840418
-0.0242356720945444 -0.0186132212168571 0.0165623319411621 0.0344220093326
-0.0288735119013404 -0.017599090977156 0.0253185714801798 0.0163138501283847
-0.0292332990737395 -0.0196878485127059 0.0326686497768295 0.00189083119786546
-0.0230299315400404 -0.0417442573080613 0.0410680163217351 -0.000457053904730242
0.00866290351839864 -0.0528399154222332 0.047052310828048 0.0124466812245422
0.0413393743690463 -0.0389524538682714 0.0407568128090644 0.0374259341102192
0.0674518996767723 0.0118661660588272 0.00999242531503183 0.0671395838449995
0.0454102029953585 0.0642261960564949 -0.0251396359184584 0.065621336848233
0.00517171820380595 0.0843870926538873 -0.020485587140337 0.0557098959936583
-0.00753713538004107 0.0756765523014464 -0.00137636872268858 0.0186770238528123
0.0334170311491048 0.0601406606382193 0.0338991804784324 -0.0347456862865444
0.0524980516339543 0.02186673701926 -0.0151968802600823 -0.0586275578820107
0.0417929071022691 -0.0267993018731938 -0.0642553612109275 -0.0229736688684179
0.0151580060349303 -0.0463555814646769 -0.047216662675599 0.030592191656788
-0.0145665709014308 -0.044675289174566 -0.0142825667691142 0.0383812086923489
-0.0316817299468542 -0.0255149770525038 0.0024635239876626 0.0260889335835655
-0.0361199926501108 -0.0210902841218019 0.0120379654515004 0.00860479113079341
-0.0352530413618154 -0.02244141940173 0.0186843900102488 -0.00775302025387412
-0.0295179161906638 -0.0464354760104421 0.0301239339069311 -0.0168278479109373
0.0036346475283105 -0.0622339271077278 0.0462265816903173 -0.00903211845054242
0.0413980701984007 -0.0520237489248853 0.0535321409519997 0.0195554087994192
0.0788145433771052 0.00446567335277343 0.0254981866904453 0.0552534091001432
0.0555616963344717 0.070259555070512 -0.018018808416785 0.0542946112806258
0.00654931582686174 0.0945772795434412 -0.0164873884844185 0.0279547120379838
-0.0176320008397958 0.0795919642100652 0.00436063023081564 -0.013255644431741
0.0278632790707231 0.0758403176143834 0.036777735950045 -0.0480173165437153
0.0595297563851774 0.0361443839348624 -0.000606657951016711 -0.0672279826167146
0.053818306326869 -0.0254761975269623 -0.048742879190489 -0.0394983400808593
0.0209954176593784 -0.0517579510693285 -0.043374399593063 0.00690858590124407
-0.0133054525905398 -0.050619537610206 -0.0240763583669449 0.0184674974886592
-0.0338042332091354 -0.029013193459269 -0.012780568610305 0.0142180322991349
-0.0377471787897699 -0.0218922605357315 -0.00279759556340085 1.16893745289678E-05
-0.0360583914628632 -0.0219877449242672 0.00401336094090536 -0.016329661617901
-0.030437617017939 -0.0449483040870771 0.0173559390057807 -0.0304656931345199
-8.70485112093827E-06 -0.0615514007673088 0.0398261936563311 -0.0276929776488198
0.0368311657182332 -0.0536201736319004 0.0584688258316605 0.00170750966354138
0.0770825437543265 0.000217006919957021 0.0350654287772411 0.040883681200269
0.0534190177708849 0.0668834744518519 -0.0133162386297253 0.0424492563700487
0.00519579855531587 0.090127073411437 -0.0137120412753528 0.000992243791668018
-0.0231657735062387 0.0684251680161729 0.0132875306373044 -0.0459031149001273
0.0157008134181549 0.0744758388864613 0.0393067025898862 -0.0612082963057626
0.0512666927624747 0.042496604476992 0.0137048516504905 -0.0715660601679459
0.0538180006390445 -0.0171811563178411 -0.0294829549950635 -0.0508650609632852
0.0226040391535473 -0.0465030770470066 -0.0350258821033467 -0.0166101774413166
-0.0101418942726299 -0.0472291102202564 -0.032075570296596 -0.00210631027380046
-0.0303193556510134 -0.0276179665597087 -0.0270294662240592 0.00115039086016306
-0.0344181111731095 -0.018925865594988 -0.0166678690354536 -0.00787052310845612
-0.0319323149937398 -0.0189411913678178 -0.0101186474573086 -0.024316425608205
-0.0260005727884949 -0.0378775979317062 0.00459484508159441 -0.0402492771995518
-0.00028756563438596 -0.0523592866170308 0.0324532467036768 -0.0421337131581404
0.0314659237462031 -0.0458626622930258 0.0585587466851028 -0.011109367343921
0.0657809443776244 0.00228699831567722 0.0380952105318291 0.0288773083286317
0.0407167673976548 0.0589140170332393 -0.0113647597650352 0.0309298715033205
-0.000749118563972669 0.0752487811880396 -0.0112232684654745 -0.0219802762553431
-0.0235965106931857 0.0446187278633248 0.0216182134982972 -0.0733144528031622
0.00201995925092237 0.0557678104948646 0.0408351684122293 -0.0713829687375661
0.0333276214303708 0.0360617514135949 0.0224693682180068 -0.0719178404580093
0.0402883275703932 -0.00862873123687397 -0.012713397824244 -0.0555899825318539
0.0174084557656083 -0.0320216475184633 -0.0269469390033881 -0.0337748957019249
-0.00580704845237091 -0.0341368856805331 -0.0376406602787089 -0.0187291280808615
-0.0217107722623413 -0.0205134048563746 -0.0376980335194499 -0.00985929124806531
-0.0253939790633466 -0.0139595369074866 -0.0276245027592363 -0.0147470084480718
-0.023231782757579 -0.0140713702156699 -0.0210610975325624 -0.0303063388180822
-0.0191793626035157 -0.028226738260231 -0.00369887088732668 -0.0472196257066539
0.000836055827724593 -0.0386087097173895 0.0279472177450667 -0.0505388490396792
0.0262393312229895 -0.0329803186953929 0.0567746869888806 -0.0179518449507014
0.0489468528429703 0.00711379814234171 0.0391428782662998 0.0208114730748471
0.0229979152608493 0.0480520308235097 -0.00903625305765042 0.0236821678274435
-0.00893702780891512 0.0518649456814788 -0.00658493445880664 -0.0385031005413208
-0.0187360674517589 0.012236032853282 0.0263329499779857 -0.0904650036520785
-0.00920269183517355 0.0241760616032729 0.0384984468795779 -0.0766057533046387
0.0107157274046846 0.0183241136619199 0.0244280354458033 -0.0723564654683501
0.0163447714327009 -0.00135983336147359 -0.00501947363364035 -0.0568719271929833
0.00739211367331984 -0.0123542983444846 -0.0234844057261403 -0.0415702373330055
-0.000859873913177749 -0.0145344271583188 -0.0411982796227538 -0.026386146472207
-0.00925236433057048 -0.00988214177825782 -0.0438080659885233 -0.0152569364798545
-0.0121774925228361 -0.00699904344100425 -0.0336895040245907 -0.0185677066799364
-0.011529000273381 -0.00843674672419271 -0.0278171579196232 -0.0346728865421659
-0.0103954708367909 -0.0159655742721299 -0.00803782626194418 -0.0517817957844274
0.00133436099161858 -0.0221373548164692 0.0261579279136149 -0.0560274969370605
0.0195381402098787 -0.0185213931287545 0.0571479290896539 -0.0204290762626236
0.0293282437319612 0.0111325575573633 0.0396317560185173 0.0186675857221543
0.00369674443669893 0.0325340962991916 -0.00607169486306281 0.0191792971089848
-0.0160453870514487 0.0238221558209837 -0.000298061125333682 -0.0468263409589835
0.00990611938330647 0.0120093509679255 -0.0213810128450435 0.05483300541154
0.00637139647045127 -0.00768577454375672 0.0306897233221339 -0.00543151681423594
-0.00412834135569299 -0.0077790996949003 -0.0204780346131073 -0.0438793332693472
-0.00536620270061799 0.00265706969623648 -0.066354168134502 -0.0140314310563238
0.00174284243802285 0.0029672609403341 -0.0586748070253083 0.0421838503977719
0.00147115769739066 -0.000798547436049998 -0.0159859916042975 0.0595935618480779
0.000463144165228916 -0.00111502522930533 0.0129302535632854 0.0480473521009421
-0.00211259301945847 -0.00383259201260734 0.0262420614938636 0.0363555374254153
-0.00343208359902136 -0.00492733996303147 0.0341846584865914 0.0325285265071961
-0.00131065570732517 -0.00863935969082518 0.0311868899143721 0.0414176398318551
0.00682683415513667 -0.00829689051084338 0.0120874909713445 0.0505756518428788
0.0103801841630595 -0.00230499778515946 -0.0159852588832604 0.052925901712862
0.0146985023803181 0.00690073740144325 -0.0494626744543614 0.0575344869285984
0.00919470197569616 0.0161284904521797 -0.0715843154178934 0.0529118120287288
-0.00198073451621333 0.0271487225758553 -0.0693489075712951 0.0692879478873058
-0.00555033894334346 0.0361471380552737 -0.020827364958384 0.0492569940974709
0.0102909146572897 0.0173035363574855 0.0336536861029868 -0.00603651369701379
0.0121801816793391 0.00452408198747281 -0.0137972216217899 -0.0488137451230866
0.0111008479261783 -0.00386251102274346 -0.0663691138165248 -0.0227305522975379
0.0112196135852875 -0.0120594408601575 -0.0616133772356487 0.0366932554998904
0.00106241094111958 -0.0174533588634976 -0.020693828057414 0.0552248260157546
-0.00737121990720539 -0.0141643284353937 0.00819480031561585 0.0454227391871676
-0.0114461759851174 -0.01684167969988 0.0227339859791235 0.0327962449970335
-0.0113038224076613 -0.0194302928557094 0.033310414031592 0.0254643211602776
-0.00168573854887256 -0.0311809885696085 0.0358999351615784 0.031951567732654
0.0225528701672061 -0.0277424290189905 0.0244079649603206 0.0447104143299707
0.0362495649658408 -0.00689449264437507 -4.31775961868461E-05 0.0544893131299875
0.0361291911253494 0.0289194178523278 -0.0370411616236768 0.0624948608881925
0.00934490740179524 0.0523574594142996 -0.0630363641001743 0.053156734501592
-0.0189617988139463 0.0579652165089726 -0.0595352651685864 0.0586232339466073
-0.0239144334602661 0.0554086520315857 -0.0142095200394697 0.0351511416157804
0.00944567239180627 0.0443131176877475 0.0399097818993209 -0.0107568865662147
0.0272519029303837 0.0218072133850126 -0.00244924806550976 -0.0560296731344368
0.029983936946217 -0.00737813870935009 -0.0612466273929068 -0.0359212860583523
0.0224589241554946 -0.025620115456392 -0.061777773089044 0.0241442059813539
0.00256103881214322 -0.0333762574624265 -0.0266763725651602 0.0444946036114432
-0.0138711242680334 -0.0258058514721426 0.000155115162211433 0.0375461448401216
-0.0191395852265393 -0.0271383115768416 0.0160473523956981 0.0244821227678873
-0.0179509018062182 -0.0292223849562506 0.0286904785489798 0.0138718356991588
-0.00462655545809327 -0.0467196504850506 0.0380548591357178 0.0152775514483613
0.028847155168835 -0.0452887656146898 0.0373301934700878 0.0304189591623754
0.0527929714669925 -0.019150594353619 0.0214777792319486 0.0507450313152778
0.0581277564823996 0.0370175081954184 -0.0187342029055168 0.0648679698200436
0.016830693508318 0.0765791456496249 -0.0516592360783438 0.0510778566451301
-0.0276798276630426 0.0808537968769045 -0.0456316431164586 0.0401069966863721
-0.0411227143532553 0.0661687146830957 -0.000491955362658536 0.0149458590658324
0.00262550095152961 0.0673761365307878 0.0484210584682693 -0.018971278117645
0.0371213609392001 0.0423150516988133 0.0141260756918893 -0.0622727330459688
0.0477421134869789 -0.00535770755318221 -0.0486192127865012 -0.0499542040829289
0.0328669505704938 -0.0348040603422978 -0.0563435289251536 0.0062665366697662
0.00541440849340185 -0.045738583884259 -0.0303820047287309 0.0271144790683078
-0.0172016286034088 -0.0354483837684963 -0.00872687094349647 0.02438927953499
-0.023816649618354 -0.0329831354553874 0.00731885995319565 0.0123410819022837
-0.0226222194809745 -0.0342325901839119 0.0205841552775789 -0.000583471812860993
-0.00866806962187049 -0.0535105149566829 0.034866241640788 -0.00355501958486759
0.0276089595830065 -0.0556898545705833 0.0457826365067584 0.0105004395292288
0.0580017190587066 -0.030780390034352 0.0409905894633737 0.0390659355014606
0.0715147596804789 0.0344387875064736 1.40315355481886E-05 0.0606985034309253
0.0243513002608532 0.0850574073842976 -0.0408579074257728 0.0445743627210006
-0.0297609879000459 0.0899011857588674 -0.0313107102701991 0.0170123860699928
-0.0524124013228462 0.0647270553699994 0.0180965034802427 -0.00963436569789019
-0.00863440574927634 0.0787980611861288 0.0568841681741754 -0.0289255799062189
0.0376156325211661 0.0571488453358433 0.0316275119869083 -0.0646448334520147
0.0577774659640156 0.00118266857512776 -0.0281160561650875 -0.0602869125083595
0.0404640611847694 -0.0369153550715243 -0.043460882062228 -0.0140212166391734
0.00903656883375642 -0.0507542491734496 -0.0314933129108297 0.00560393144765053
-0.0180639829322443 -0.0396314659361958 -0.0178896517470761 0.00721569603988829
-0.0253058141567221 -0.0343906059254636 -0.00239379562876955 -0.00092676021371442
-0.0233026108198204 -0.0340022601605642 0.010850900233352 -0.0145525410834015
-0.0103418761331257 -0.052453760700346 0.0283306957741503 -0.0211564686697432
0.0233814379900762 -0.0561296316369188 0.0474890251766918 -0.00918792612119703
0.0541962466484606 -0.0347165936530052 0.0523673820089113 0.0253205457444263
0.0715141888922179 0.029063648682668 0.0136369334000893 0.0519223990297664
0.0234539122182271 0.0815308767744752 -0.0322909399702886 0.035293895242375
-0.0293227016663642 0.0854783860721121 -0.0175943143721814 -0.00596881076358575
-0.0526982803656817 0.0519612132782753 0.0391816322568841 -0.034821832402564
-0.018706035196007 0.0722204683607795 0.0642464783755933 -0.0380783548992984
0.0277890487590426 0.0594328415949716 0.0461353178036282 -0.0620303821515011
0.0542505422814072 0.00801518285976768 -0.00530724323272535 -0.0626727344009039
0.0394490018782242 -0.0309473845252753 -0.0267086912720001 -0.0314957727919455
0.0103665347550695 -0.0457062818027588 -0.0297157837991973 -0.0166348451810493
-0.0154848422522796 -0.0364312490526223 -0.0252907780672943 -0.00976199048433142
-0.0232713366442975 -0.0305674513105164 -0.0116590723104142 -0.0139034594425218
-0.0206942419331421 -0.0295152312167592 0.000837798371056866 -0.0268849794434278
-0.00920320902469273 -0.044160667217835 0.0214868946365769 -0.0346154652386505
0.0194194351087136 -0.0482667022773736 0.0465222144049933 -0.0239101057202597
0.0462721491495844 -0.0298005736658007 0.0578344747295475 0.0138872228733624
0.0597391192126581 0.0265231891900774 0.0221810587808282 0.0424960374021586
0.0149381790724028 0.069037861540735 -0.0256819590369412 0.0259550365021325
-0.0292924480378771 0.0684327693401565 -0.0046372421769438 -0.0252592725552688
-0.0420442676707099 0.0299080475811913 0.0553507752739015 -0.0550348643800751
-0.0228116132646655 0.049662361003044 0.0690251434608176 -0.0454958070978178
0.01386989521566 0.0455244974954815 0.0540551459616742 -0.0569983742237681
0.0380691077218177 0.0097949673985522 0.012496055996152 -0.0587159077741942
0.0288304305354423 -0.0201811651996081 -0.0110218570993382 -0.0436825107670799
0.0089319532403318 -0.0322835397481367 -0.0271241387093217 -0.0326603363718991
-0.0104628699316322 -0.0268765810015508 -0.0304542178233535 -0.0236648784497966
-0.0176076169909442 -0.0226303036485005 -0.0185432881512814 -0.0238736610788396
-0.0152999866394228 -0.0221260163134098 -0.00623134909469674 -0.0365125907105279
-0.00608395601341508 -0.0329793068129621 0.0160534500613722 -0.0444655536643057
0.0154714228200332 -0.0352022151341024 0.0456721538861958 -0.0337634113032606
0.0367566353976525 -0.0197277881347447 0.0586953290135154 0.00739462431740718
0.0424904619952818 0.0250019055217936 0.0257078629025074 0.0359842183218077
0.00319025550308332 0.0526346198301433 -0.0195587599507005 0.0193632768569827
-0.0280338859456375 0.0441565539176723 0.00780050898960469 -0.0381247307200647
-0.0220588527517005 0.00297006907219926 0.0629960085063488 -0.067888734045014
-0.0188155058418167 0.0175989343651898 0.0676174065090443 -0.0508506923769758
0.00157546283935847 0.0204165322156238 0.0540370740570827 -0.0551336846943996
0.0148107137717632 0.00577459867711696 0.0199553872631944 -0.0550784312616472
0.0113038706178792 -0.00718494597474715 -0.00433595202343745 -0.0483566079894811
0.00504340463216887 -0.0127836989435734 -0.0264950510273981 -0.0411481043149144
-0.00393396031764979 -0.0125307131736439 -0.0335934740605322 -0.0315326049444838
-0.00833601542449157 -0.0108487936547636 -0.0224322002963233 -0.030254686828013
-0.00736651974672463 -0.0122051160650264 -0.0103334667770916 -0.0422188836193169
-0.00322320895919362 -0.0182972866151721 0.014536317706153 -0.0496081879737435
0.00969588895940193 -0.0203097128596738 0.0465400687435938 -0.0392395816517805
0.0245307105368985 -0.00946241151394699 0.0596290952122668 0.00564450866635641
0.0231938731776753 0.0213174908783447 0.0268471941174456 0.0332871660020957
-0.00849086890141933 0.0312617654574718 -0.0151966368739496 0.0152420363671503
-0.0232292740296132 0.0151189855390688 0.0181297952872692 -0.042819172286402
0.00989507337147722 0.0120967973254981 -0.0202932981752596 0.0550407824574436
0.00569761675257368 -0.00761758832651513 0.0302082752854833 -0.00575759153376505
-0.0043705338663491 -0.00811295761602806 -0.0211502712484488 -0.0443130072547448
-0.0049939998436211 0.00282703242563 -0.0661336755328358 -0.0133066630847896
0.00196261664432224 0.00304872991769098 -0.058141955828003 0.0433713587984255
0.00147232199123445 -0.00074744879219903 -0.0148747870573988 0.0600726883718646
-0.000172973182386559 -0.00126344545669879 0.0137198529183861 0.0470388225854865
-0.00248670426143205 -0.00402211693254644 0.0262156955038658 0.0357458690381438
-0.00344022447144207 -0.00452001747053341 0.0352596240728242 0.0316835288461292
-0.00153454066967097 -0.00904687478670386 0.0323148073342937 0.0410096286992212
0.00709122248992517 -0.00864373499670244 0.0127951611303749 0.0506932703323939
0.01028499907871 -0.00201327853827299 -0.0166156768085662 0.0535871368772828
0.0150107970480085 0.00657283230938336 -0.0496236461619344 0.0582641526203686
0.00946559458554381 0.0165403718497019 -0.0719852116579628 0.0528774135329075
-0.00215068642660291 0.0273611280958914 -0.0694721730537053 0.0699773449754775
-0.00532207024367591 0.0362626592299601 -0.0203171904359429 0.0492726310425686
0.0103844964429043 0.0173816243112545 0.0340341795754096 -0.0072803499540591
0.0121462082349187 0.00450648732853817 -0.0140057339503337 -0.0493245773213422
0.0112216848482397 -0.00377961873906528 -0.0661547973670423 -0.0224641658955897
0.0110001906135478 -0.0122907425116355 -0.0611150791155622 0.0369336696223326
0.000839176139490429 -0.017669888550889 -0.0199755745443335 0.0557579476626857
-0.00760654862221348 -0.0141644908637591 0.00875124839804412 0.0450631697898048
-0.0116186820974083 -0.0165826203920955 0.0230378936993361 0.0321817904707906
-0.0115701403877134 -0.0191218425661083 0.0341208190858861 0.0242513403430734
-0.00224289809991223 -0.031466472586604 0.0366920937795893 0.0313607432899337
0.0221134795774257 -0.0284131860204396 0.0253464245254515 0.0443310240857092
0.0361959649815946 -0.00752002562114181 -8.61546534899199E-05 0.0547482594393859
0.0367285609089154 0.0287360887797695 -0.0369856172045935 0.0631349546858733
0.00964082057340338 0.0525498720391913 -0.0623599240927945 0.0533963061931544
-0.0190869814878559 0.0589477814780217 -0.059386202795177 0.0588155359877959
-0.0237031408218969 0.0564436092927607 -0.0136815228664397 0.0351460226003796
0.0097293951026641 0.0441876631651277 0.0396099554166456 -0.0117036049837703
0.0279944973944068 0.021515626156795 -0.00217314419272334 -0.0566299672500319
0.0297233951491015 -0.00739598730328382 -0.0619492458756243 -0.035542117015636
0.0216559525932881 -0.0258949043441044 -0.0616699599421269 0.0251157724514685
0.00192781204296901 -0.0333690658128052 -0.0256237114656568 0.0452265570271968
-0.0137308292032021 -0.0258958596922604 0.00113985441660091 0.03756359704581
-0.0196509034677347 -0.0264284625792348 0.0161392147011979 0.0241836843439235
-0.0186518910305398 -0.0293449951632311 0.0289545010699602 0.0130464444820875
-0.0060251708302122 -0.0468978443675517 0.0380246616716811 0.0148297128521087
0.0278515316368891 -0.0461304603134336 0.0386546148350943 0.0301172763811724
0.0526209171891545 -0.0194232636045548 0.0213786501869742 0.0502963076591482
0.0589083619965735 0.0363551594596838 -0.018835806343419 0.0650973454491997
0.0173990058416932 0.076922491467807 -0.0510783921558027 0.0508398763947315
-0.0272966040430667 0.081299893305369 -0.0456730903942641 0.0406436030907137
-0.0412125397606462 0.0668722608648467 -0.000112164590312506 0.0149811542844818
0.0035164139158897 0.0672453161607826 0.0486283109288579 -0.0194475182947885
0.0382650659962029 0.0420718714113172 0.0145251728008517 -0.0631361332222176
0.0478948134685136 -0.00554691062203446 -0.0492818103807087 -0.0499303656737779
0.0324167673683276 -0.0354602517752327 -0.0559541896511764 0.0067048410298577
0.0042900045888409 -0.0456544736224312 -0.0298245117715923 0.0280362740791266
-0.0177013035985625 -0.0353413452624109 -0.0082704352646757 0.024308156890165
-0.0244820818696584 -0.0323113722072988 0.00710884892317634 0.0121588822233594
-0.0223814273842103 -0.0337693655220314 0.0202130172441953 -0.00152412137452004
-0.00986784014508881 -0.0534610635333356 0.0354051277282701 -0.00451054206266644
0.0267149410765816 -0.0564688773642157 0.0463154344088356 0.0100457909259394
0.0572367326805798 -0.0314444154415245 0.0408945010768332 0.0389197178909006
0.0721225605764188 0.0334393750899327 7.67361254509474E-05 0.0613684001874821
0.0248847942078114 0.0855230025388615 -0.0410342446233715 0.0446475290514485
-0.0296818813257032 0.0909861199808763 -0.0312841374908022 0.0176204793347306
-0.0520035459076995 0.0658500681980591 0.0184639004198973 -0.0102141092010472
-0.00757196361985655 0.0788689362174151 0.0570070834131367 -0.0292121045110232
0.0380742379273568 0.057225072562621 0.032441928712419 -0.0651088736721321
0.0580250631800232 0.000728543128051276 -0.028337891165348 -0.0594681228502137
0.0397877244005938 -0.0375004866975632 -0.0437552866481376 -0.0142918344899048
0.00767450372619589 -0.050737224866776 -0.0313697503807355 0.00598785215163849
-0.0180066064777312 -0.0387851468265833 -0.0179979612273859 0.00774982656550876
-0.0260972437632377 -0.0339641744596803 -0.0024882626455783 -0.00110734059463702
-0.0234063853596403 -0.0327147430905035 0.00988988480989772 -0.0150542562861006
-0.0113775931535664 -0.0519329486825432 0.0281753411269957 -0.0218906577705241
0.0224572393663732 -0.0563291975679567 0.0482128922996436 -0.010244300523411
0.0537842097435183 -0.035096245988943 0.0519986389642835 0.0241633898794092
0.0718033269417392 0.0282713088085801 0.0139570738861616 0.0519560042130139
0.0246137076399287 0.081529945287165 -0.0325934562302782 0.0360385335879382
-0.0296785094371386 0.0862614189920016 -0.0176042069465189 -0.0056126257044151
-0.0523520338349327 0.0529060126845884 0.0390286499454888 -0.0352228326711464
-0.0177358348453843 0.0722081971034011 0.0644399457439385 -0.0387939174603723
0.0286410125108697 0.0592660002657811 0.0467993062287356 -0.0624929982714632
0.0541122541450348 0.00734154369311749 -0.00497968669163324 -0.0618516266425811
0.0385962978828097 -0.0314099032174098 -0.0262181777607642 -0.0322851518907022
0.00941917792862988 -0.0460179118185918 -0.0299613185497569 -0.0156639546466269
-0.0158809657311332 -0.0362958835488489 -0.0254735838205873 -0.00928202575578966
-0.0236025113583302 -0.0301252510479365 -0.0115194636384506 -0.0136247761934515
-0.0212702284027445 -0.0289792414410681 5.88588334591066E-05 -0.0272789107110119
-0.00972790215362397 -0.0441082632736658 0.0204817565578425 -0.035121556678018
0.0187091984140387 -0.0483647512730515 0.0465573714695223 -0.0248527194734961
0.0459366725271967 -0.0300346541665756 0.0574437773862906 0.0133026460208912
0.0599860107587079 0.0253918957254964 0.0215580603120848 0.0423516701691886
0.0158718966586926 0.0696219760873872 -0.0257662521747301 0.0263349144390197
-0.0287772889380271 0.0691236474649167 -0.0049807792458984 -0.0247602419189846
-0.0414973440803724 0.0307538242204196 0.0547595929140925 -0.0558447381748593
-0.0222433477574334 0.0498956114703575 0.0689581961012418 -0.0456032334299409
0.0145336870396939 0.0455853081767775 0.05427468704086 -0.0575155938670147
0.0378675392225357 0.00893111778670617 0.0124872450987346 -0.0589690675305981
0.028305348221767 -0.020739958906566 -0.0111938938303255 -0.0445444965941522
0.00774917986121474 -0.0326782425903231 -0.0277584177739642 -0.0326001529182855
-0.0107682948116825 -0.0267609460080896 -0.0306492277020834 -0.0231449299730556
-0.0176327712552438 -0.0219063738955054 -0.019455197447235 -0.0239634997785616
-0.0155046652632365 -0.0213829573470615 -0.0072630714400556 -0.0364781054575084
-0.00707729913093655 -0.0327356699681447 0.015746472767636 -0.0442586091459871
0.0148188249886536 -0.0352405651283211 0.0456014708480888 -0.034572461885559
0.0364214325646786 -0.0202750908896518 0.0592624822487518 0.00670168819635945
0.042805780084941 0.0240544697736706 0.025174847364232 0.0356407500563579
0.00354500056139719 0.0527302812702314 -0.0203528468653791 0.0195945965729881
-0.0277738758772111 0.0444270649510741 0.00754783400638982 -0.0378543737840458
-0.0217828537178616 0.00347051571698598 0.0629246974717902 -0.0687484492623598
-0.0185597079871829 0.0176048703040441 0.0671545005444809 -0.0509481647623257
0.00155574803327541 0.0205441118324533 0.05438685103058 -0.0555749597822367
0.0141762546994929 0.00544807867806812 0.0196736905634053 -0.0557033992455397
0.0111686447352027 -0.00741031205268768 -0.00445222640878231 -0.0494445191284741
0.00472421893757242 -0.0133089440101337 -0.0277041311974095 -0.0402642394710119
-0.00399725047737241 -0.0122377570526926 -0.0339450204298889 -0.0310500275104476
-0.00884486250756826 -0.0109129502870552 -0.0231259746469038 -0.0301560978906342
-0.00764134991686634 -0.0120252437254971 -0.0111296726356216 -0.0419772775164056
-0.00368467569749715 -0.0182377243868769 0.0138989588893045 -0.0498524254378159
0.00919047440030789 -0.0199801336020449 0.0463272199989062 -0.0397284671454908
0.0241727967503599 -0.00979064514528328 0.059902814482618 0.00470470427664206
0.0232508091685008 0.0204556359003146 0.0268392946851896 0.0333121088840839
-0.00799739028707958 0.031852716972568 -0.0152999471064267 0.0159211283018232
-0.023251505855209 0.0153891197540139 0.0176757939109907 -0.0429606022530137
0.00993648297200561 0.0118527637796512 -0.0190611950024177 0.0552505977817008
0.00586490589854426 -0.00771510128050004 0.030388940825989 -0.00794425444888878
-0.00460342873128576 -0.00779978629140314 -0.0215390854516183 -0.0443899936922181
-0.00510280122027197 0.00305217335926872 -0.0670386286541859 -0.0116745657006762
0.00203211456233909 0.00282061522295537 -0.0568895337748611 0.0459888334639651
0.00139351290261156 -0.000918244689010317 -0.0131541277934578 0.061343967598901
-0.000159451861701468 -0.0013918870067203 0.0150001094652993 0.0470643308544313
-0.00250025932034265 -0.00384342026997502 0.0276289831544132 0.0349884968981105
-0.00376532443114722 -0.00443217622136466 0.0365047976826346 0.0301521577687517
-0.00213423244692978 -0.00851534730688675 0.034192956092013 0.040041331624295
0.00697356223985865 -0.00930022529547747 0.0144309049926932 0.0512404202577935
0.010756760481027 -0.002512162451547 -0.0156677214609891 0.0547136697807767
0.0147669465944093 0.00638798649382927 -0.0489998689535502 0.0605146990784362
0.00976041734065451 0.0167769010228946 -0.0718221646788888 0.0543023461386779
-0.00113909718597322 0.0281027861521692 -0.0688066978364303 0.0723379498852423
-0.00455153791079982 0.037601003857722 -0.0191049599238689 0.0501755590402781
0.0113018377806137 0.0173217913615369 0.033731694271038 -0.00893656981450106
0.0122107278377376 0.00428297164502489 -0.0144223562252291 -0.0499179192660095
0.0109728400041051 -0.00397747827275553 -0.0674953119374542 -0.0208390913993218
0.0107728961907472 -0.0123059539378238 -0.0604007111885753 0.0392311481408351
0.000220306997310878 -0.0177651297615025 -0.0183240340319425 0.056947123735738
-0.00825697830188039 -0.0140009382593009 0.0101757426589345 0.0449755164954871
-0.012682490762363 -0.0162156896432441 0.0243019706354281 0.0315762674023228
-0.012443479123034 -0.0192467439498201 0.0349258074708026 0.0229641161496903
-0.00330131635555704 -0.0314476390715052 0.0383355464335677 0.0305236502779479
0.0210695066958373 -0.029761464445902 0.0272938396618107 0.0444823506932433
0.0365788241315721 -0.00838004057468102 0.000666077309429932 0.055792943943325
0.0377799713650825 0.0285363847360516 -0.0366561997717823 0.0648317372460719
0.0109081394260946 0.0535600608255835 -0.06250220599535 0.0542360307545247
-0.0182580627953803 0.0602911714451299 -0.0588335477171502 0.0608173847289471
-0.0224669669301879 0.0576502125765546 -0.013014910006196 0.0362593750869449
0.0111119630307616 0.0441315658178772 0.0400770494345561 -0.0129707837150533
0.0286740355624272 0.0214132656534354 -0.00257907996400459 -0.0575663077815393
0.0298431186191776 -0.00819376899593735 -0.0630856652769074 -0.0345139908735371
0.0211282312813717 -0.0269221237859265 -0.0607381427103497 0.0265918310571544
0.000795627466151992 -0.0336022867613067 -0.0246949232001604 0.0465266546431039
-0.0148958153239117 -0.0259840098178826 0.00214398433115913 0.0374315873316794
-0.0204804735875767 -0.0259398557218538 0.0172113680267405 0.0235670805944716
-0.0194471169328714 -0.0288792831544858 0.0298301279290139 0.0112972673457684
-0.00722686727200633 -0.0473375855164604 0.0394029780083413 0.0131237782084778
0.0264559252473547 -0.0477379285300219 0.0400402833146211 0.0292632025495225
0.0528154215668248 -0.0209940509058513 0.0223784499360193 0.0504420455227057
0.0608686602927308 0.0353591664242742 -0.0179617492190938 0.0664835136162302
0.0194191937733814 0.0776957956826406 -0.0510378433203756 0.0523095010777047
-0.0264956154502516 0.0840558245516961 -0.0452724419871355 0.0424028882710453
-0.039582829942486 0.0690960597414032 0.000206276213752343 0.0150507312981945
0.00550183295743183 0.0676264951855606 0.0486895367077852 -0.0207765282265481
0.0396585646813158 0.0411769824923812 0.0145673098514456 -0.0644465381644573
0.0482811273214507 -0.00756853222612232 -0.0500830087377134 -0.0489263947969282
0.0320653528809701 -0.036658536967465 -0.0562214160394349 0.00830031482983594
0.00282329169879557 -0.0463461950048004 -0.0294548199714183 0.028913069296256
-0.0186831994237247 -0.0350278640906286 -0.00768636601062212 0.0251308275923247
-0.025914191329763 -0.0321929110163495 0.00755942987189091 0.0125475837278442
-0.0240365739459535 -0.033114499701382 0.0205702636892948 -0.00266513295258584
-0.0113912543436157 -0.0540563865233875 0.0349896723119791 -0.00588867724290347
0.0248410213922979 -0.0584901514548328 0.0478173850525127 0.0081452657960255
0.0572244436084099 -0.0331477085921719 0.041470376183112 0.0379715656165869
0.074185541170483 0.0321811318421605 0.000435114458757411 0.0620041638726789
0.027576060879529 0.086177554696101 -0.0407738082995854 0.0460033704835259
-0.0281316127875344 0.0935792522307311 -0.0312208900625472 0.018494601162054
-0.0508345836570763 0.0683606830128741 0.0178377593928867 -0.0107181087520086
-0.00564567783895771 0.0795003058949794 0.0567113677040828 -0.0304068572922369
0.0405594571303308 0.0570558118086827 0.0322256895382268 -0.0673313432057659
0.0585839522106114 -0.000848603001208628 -0.0292813287830937 -0.0598440404685011
0.0391246513421328 -0.039371590751486 -0.0437651540562955 -0.0136933171874625
0.00569332385860873 -0.051728813030676 -0.0315457350668322 0.00696591205221324
-0.0194792455714943 -0.0390190085182215 -0.017317225883274 0.00804857247828644
-0.027363139521333 -0.0330971517312297 -0.00258584921675756 -0.000939753199189557
-0.0244968138953376 -0.0332027764255216 0.00902935057160688 -0.0160899714298501
-0.0129391537467679 -0.0519608896728213 0.0278051960464881 -0.0231652049289308
0.0208912212981657 -0.0582636179242231 0.0492227384818542 -0.0119688023824225
0.0535738545074511 -0.0369911903129195 0.0534661319257993 0.022903891594934
0.0732060233095838 0.0264557250070367 0.0148994907288122 0.052226284127753
0.0272465241040164 0.0824567975168234 -0.032583213415549 0.0368562691115619
-0.0284437928445078 0.0885955264704147 -0.0181783185445976 -0.00443927189955423
-0.0518636488126 0.0551851268734241 0.0381732967449159 -0.0363933006462715
-0.0163368363143235 0.0732668805797404 0.0644284206679671 -0.0401785062396848
0.0302182723137334 0.0595751839254188 0.046402514251627 -0.0643646474305925
0.0546893019539393 0.00618939856333293 -0.00607135719760823 -0.0627130942810526
0.0383131067655259 -0.0330846009142711 -0.0275225501573692 -0.0326295517315133
0.00717268345914643 -0.0465536981189803 -0.0306639775795757 -0.0153558371830658
-0.017050899466355 -0.0358297168939421 -0.0255805911543151 -0.0083058991587553
-0.0247213264303408 -0.0292565756605252 -0.013014017099323 -0.0135049302242092
-0.0215658560140475 -0.0284942134102963 -0.000989291237330023 -0.0277375350261158
-0.0114889626390345 -0.0441150737310158 0.0200013633646675 -0.0362858342434942
0.0175053102331571 -0.0495479883637722 0.0472709372349222 -0.0266638690813505
0.0453272819904047 -0.0313491182227694 0.0580655653250707 0.0110686602132271
0.0615337612905522 0.023923484647542 0.022551833085504 0.0423610694239987
0.0180995278015116 0.0701652611806447 -0.0262072657315389 0.0276424554043948
-0.0281268318295959 0.071149036171048 -0.00582939763243881 -0.0249927787105277
-0.0409434168117865 0.0320850510461738 0.0545964004328146 -0.0578014452218142
-0.0208146139324976 0.050832153194181 0.0688101411734631 -0.0472425447405437
0.0159097331624509 0.045608590852197 0.0541260317688789 -0.0594338077507182
0.0380850504761847 0.00859432369176787 0.0118362702213597 -0.0601143735517508
0.0278052440229907 -0.0219487417361663 -0.0118070053644167 -0.0453570488514001
0.00688482507247208 -0.0328910922646929 -0.0292471800706052 -0.0318360670444249
-0.0118857652658102 -0.0266187635827048 -0.0312265408499169 -0.0216655049421083
-0.0184998166082229 -0.0211665143559065 -0.0199712193091493 -0.0234463970233988
-0.016244950548736 -0.020996746292 -0.00885395645573141 -0.0368354252628249
-0.00772004024590526 -0.0326293231697587 0.0142451758616212 -0.0458050680265383
0.0136756155284784 -0.035781668212297 0.0457324472255314 -0.0366473215504899
0.0357347523903816 -0.0212626150351204 0.0599361571418449 0.00504381197098611
0.0436141134182703 0.0233312161164662 0.0259841577925022 0.0353509626134135
0.00524343016627786 0.0535752022632314 -0.0203566360985206 0.0205075847676298
-0.0274061263077304 0.0456364302674832 0.00646090717165775 -0.0381534490599501
-0.021962172910218 0.00445267138134033 0.0624339948913555 -0.0710240728983029
-0.018348951235638 0.0183676894857512 0.0673049559244952 -0.0519982863747501
0.00199982290243888 0.0199825549435886 0.0536614686655719 -0.0568835711717814
0.0143609560901622 0.00517543800662394 0.0195784317808298 -0.0570042356062024
0.0108426720159433 -0.00719110979919888 -0.00566136101301062 -0.0505089307711529
0.00418545109538157 -0.0134642727133532 -0.028834283419867 -0.0401482696627747
-0.00438851523889254 -0.0122458787097621 -0.0351206800301141 -0.0298780548541653
-0.00912844443831707 -0.0100837460448783 -0.0243657363410152 -0.0294352740972025
-0.00862123682145934 -0.0118570889977356 -0.0127656979410999 -0.0423553667968275
-0.00444939609846556 -0.0180876120622475 0.012611613617116 -0.0509230303475124
0.00869029479480558 -0.0208507552251614 0.046519065698948 -0.0416336086877792
0.0242190175119037 -0.0104537247795907 0.0610154512951455 0.00344231532702724
0.023826723007602 0.0200984635337672 0.0273460342293425 0.0330336286377936
-0.00716293437428545 0.0325795051634311 -0.0154196124842986 0.0168573564866008
-0.0231508059290252 0.016133738064938 0.0168545473854803 -0.0435495160159597
0.010894745646965 0.0115917190847632 -0.0163398135082161 0.0561760764540683
0.0055680120975927 -0.00768618382138313 0.0296190530351588 -0.00921650888270308
-0.00522445855851812 -0.00765673866324674 -0.0237348813593798 -0.0433778465844093
-0.00509983215325442 0.00317556863426455 -0.0673367831698768 -0.00924068613972893
0.00251738137068697 0.00256892676211797 -0.0543053439046981 0.0488483468488754
0.00105215820467648 -0.00134885740780209 -0.010252391102219 0.0613637494038416
-0.00044088842941637 -0.00140417169378575 0.0167611473124645 0.0458041033484798
-0.00303952787288882 -0.00375700693900039 0.0300533386177755 0.0331159875731768
-0.00402791005503913 -0.00453449714744994 0.0383918337668981 0.0277837989422926
-0.00214441093165729 -0.00886239722770276 0.0368216751063685 0.0382564539001684
0.00657860123201817 -0.00941115707261808 0.0169632323504909 0.0507890914466597
0.0111177997288261 -0.00274641231781952 -0.0142822427328287 0.0563180794042705
0.0145764297808869 0.00582803911701277 -0.0462603311048754 0.062737345188854
0.0100399924138438 0.0164905941728825 -0.0692015899010884 0.0567546216568058
-8.45646717642732E-06 0.0286982477640535 -0.0655573097228827 0.0756611067952686
-0.00278966775108002 0.0375570846194509 -0.0171228650216894 0.0510829864139828
0.0119807743116818 0.0167709993394123 0.0328094939494819 -0.0103099773947009
0.0129129644856745 0.00332834084333836 -0.0167087399165744 -0.0499297483701068
0.0109355385283505 -0.0047637356109029 -0.0678311684940823 -0.0178229343910449
0.0100690120708561 -0.0132003772806433 -0.057868475465906 0.0417866255969978
-0.00103562696850095 -0.0176841511203312 -0.0156145133294468 0.0575442091460577
-0.00920251309572138 -0.0136992976513406 0.0127586962798273 0.0439328350027882
-0.0133745382853994 -0.0156767612225024 0.025978539550034 0.0301502629767208
-0.0128587264962929 -0.0183534402440585 0.0361087553809605 0.0205175163643361
-0.00538400836633078 -0.0313220940288742 0.0402289786607999 0.0279384441194863
0.0191861841467392 -0.0311887694876799 0.0295571289554412 0.0436047773977667
0.0361243221935302 -0.0100899844241499 0.00227193608422817 0.056100073884795
0.0392584925288031 0.0266926083497281 -0.0336826056488084 0.0667342925871718
0.0133967219779995 0.0533862522125319 -0.0603404481655334 0.0567567584825045
-0.0155951966755473 0.0620074875644438 -0.0563240255370656 0.0634943980678903
-0.0198490079326139 0.0593059450744337 -0.0116619159044464 0.0370717626533207
0.0135296283118072 0.0437023077456568 0.0391623560676449 -0.015192845526932
0.0300123147379534 0.0200444671876711 -0.00429240281935704 -0.0583705707634508
0.0291841675894312 -0.00984806437679103 -0.0637422913965896 -0.0313821834324172
0.019619893492126 -0.0279713199460772 -0.0594643767778884 0.0295632333632042
-0.00149488422813611 -0.0337706041920486 -0.0222185318958988 0.0472729508887654
-0.01647213687499 -0.0256055991660615 0.00412608574475616 0.0368126517718626
-0.0222974253563782 -0.0246296769574814 0.0190095433961844 0.0229694445996799
-0.0207228121562501 -0.0276896273640271 0.0299892738655024 0.00898355089614777
-0.00998832684366663 -0.0466779457264206 0.0402535616047172 0.0108556232382079
0.0238708317489724 -0.0497554073506729 0.0420930054591257 0.0270679943207928
0.0517902885568044 -0.0234188838340256 0.0240296370703614 0.0492772981476277
0.0623670017386313 0.0325689816481771 -0.0155150477536305 0.0681319610437647
0.0236474236704667 0.0769745329423781 -0.0496709418384722 0.0540152428392681
-0.0226694190056742 0.0857489668500124 -0.0435575387041829 0.0444051700155964
-0.0364471968600065 0.071730627095168 0.000245101187936481 0.0149053693518248
0.00883558819811524 0.0675258934980468 0.0469494512406692 -0.023239449618586
0.0418761170218661 0.0393249135624168 0.0121443938397304 -0.0657940875546151
0.0477630552473026 -0.00974288419058679 -0.0520031310230891 -0.0467605139633926
0.0292940286377867 -0.0383808804573083 -0.0552814748317638 0.00990819966981648
-6.96897912154298E-05 -0.0463217997035406 -0.027974326065401 0.0303723424460912
-0.0206153084171369 -0.0339936894799424 -0.00605647927852851 0.0250391726652022
-0.0274485564394831 -0.0303507783778982 0.0081799265316461 0.0117329367227723
-0.0254780054679061 -0.0319090178511294 0.019791591957976 -0.00422991205463347
-0.0147060494725905 -0.053020326581049 0.0350869672109423 -0.00831539678230709
0.0215534193341527 -0.0599220992038156 0.0485902581616429 0.0056876238544533
0.0556534330633959 -0.0359118296543517 0.0425787658100026 0.0356090388068434
0.0758747285067827 0.0276751157967388 0.00303656342402409 0.0624242031255765
0.0318567120294465 0.0851160934277475 -0.0394558093155801 0.0474024121655226
-0.0240485456067036 0.095662911657377 -0.0307535136241921 0.020306219075716
-0.0475881256164337 0.070715884103502 0.0173458441473218 -0.011408988543963
-0.00191951995195358 0.0795202852743732 0.0554409226890872 -0.0326957254493517
0.0430615623054607 0.0550784360406248 0.0301891552652286 -0.0692429763862961
0.0580387119377175 -0.00386978650286838 -0.0314068199753542 -0.0587476450229867
0.0366642804395296 -0.0411821072708726 -0.0444213243723842 -0.0124668522925747
0.00254468282439224 -0.0514506395774819 -0.0312444768543121 0.00809661448512575
-0.0214008595254472 -0.0376856316417147 -0.0166401036054757 0.00922324195606242
-0.0289621846611619 -0.0312422903317265 -0.0029571741942598 -0.000978245858176895
-0.0258710307268904 -0.0317987316230038 0.00846378774791446 -0.0169618012646178
-0.0161821323826974 -0.0515785771717091 0.0265312917374689 -0.0252025864323707
0.0174291464563222 -0.0592376500472988 0.0488839617426186 -0.0146819670993085
0.0511839782596946 -0.0395784315761515 0.0537107837061609 0.0201627350258541
0.0744663464983854 0.0226814069082573 0.0165057940827875 0.052042560986443
0.0315579283709042 0.0810854948661479 -0.0316726078540222 0.0384790620619933
-0.0248458396935789 0.0906064016046394 -0.0178614236438858 -0.00451374918947123
-0.0488919858900459 0.057598509076226 0.0366009095181667 -0.0380873226401345
-0.0128657239649401 0.0741088211737458 0.0628880143063503 -0.0425964629169959
0.0330901449665407 0.0585016062203548 0.04482372043568 -0.0668886022436765
0.0552692152665108 0.00352245604491256 -0.00836454490165116 -0.0624956155511523
0.0365069132753306 -0.0354424320443489 -0.0283304811515005 -0.0320324262927519
0.00472587492124689 -0.0467981469965997 -0.0318850270868362 -0.0139932993541825
-0.0187379024535789 -0.035415275197768 -0.0258682650378255 -0.00689782019656294
-0.0260478792542591 -0.0274284399192555 -0.0131589068371953 -0.012532825615273
-0.0226979790794705 -0.0278672106838831 -0.00272278020906931 -0.0278471562669374
-0.0135932004638705 -0.0441003137529579 0.0181912821425911 -0.0380578344726707
0.0149142211332411 -0.0501077875281056 0.0463063627581016 -0.0297773364900959
0.0435111194284075 -0.0336693542638843 0.058246006740477 0.00836198555155959
0.0627743107291842 0.0204060658248533 0.0236681434349506 0.0415251030937348
0.0216361874783228 0.0693694652188789 -0.0255630639550255 0.0290937799741968
-0.0246932309380457 0.07312114300003 -0.00694170419335163 -0.0246667791967588
-0.0393423803908111 0.0344596178524772 0.0519787704522134 -0.0601597518271783
-0.0187716465422703 0.0517159199869471 0.0668001238207954 -0.0499044265441433
0.0178663690971222 0.0450086160641304 0.0523269040231792 -0.0618758305589719
0.0383685237585758 0.00648474244825236 0.0103135825252672 -0.0607834812038898
0.0267052649884497 -0.0232235747773228 -0.0140332071055551 -0.0452329696233014
0.00486157213550792 -0.0336012863012841 -0.0308666903750454 -0.0309361466772557
-0.0131278237589526 -0.0259094648905368 -0.0329618858889033 -0.0202330803697659
-0.0194390605346276 -0.0197007368218546 -0.0206983940697735 -0.0216939075648883
-0.0170529448327395 -0.0203347919901167 -0.0105257282603271 -0.0362697383263254
-0.00983382530235776 -0.0325676850909709 0.0125357311887364 -0.0465384880154896
0.0123483990642079 -0.0369219052901605 0.0442890408069867 -0.0392604054843891
0.0345032494920793 -0.0228272294776367 0.0604290805413117 0.00199971456915305
0.0449412668989396 0.0207057323843752 0.0269467007868831 0.0343376806118171
0.00782081261929482 0.0533533136583491 -0.0197228021086083 0.0219965102002494
-0.0257332019639429 0.0476353434466165 0.00455162992145242 -0.0380769747777428
-0.0218409874049404 0.00529800867466803 0.0597250331557913 -0.0738806251191215
-0.0174666462777539 0.019146739084415 0.0655933075967172 -0.0540725346247285
0.00288570618599676 0.020497743711379 0.0517324112807624 -0.0595258767073909
0.0142092782734824 0.00448913715055692 0.0176509810039627 -0.0585110871513273
0.0102578994178111 -0.00783010737727941 -0.00830930911914687 -0.0510194408622406
0.00340567105036352 -0.0135341594900741 -0.0312064181866281 -0.0379947357539773
-0.00541176290269657 -0.012025586090932 -0.036385412465368 -0.0273813393040402
-0.00958737497003027 -0.00948934802749133 -0.0256814682997187 -0.0278380628013076
-0.00879855149319515 -0.011391686086804 -0.0151301707536008 -0.0414546440974686
-0.00571862717991672 -0.0178426708854514 0.00998387828310735 -0.051323112889915
0.00803104059623292 -0.0207080057183708 0.044031800219766 -0.0437448005124839
0.0236654979338284 -0.0111857837545253 0.0609453171228293 0.000247069259375056
0.0250976324797936 0.0186135687986346 0.0282425564762187 0.0324047107106492
-0.00522473205666207 0.0327489981217612 -0.0151430674583139 0.0182464863832227
-0.0219151559535619 0.0175068500456293 0.0148184865303484 -0.0440007263062437
0.0112372051107749 0.0106619158276995 -0.0130470246165594 0.0551444373950117
0.00461576771448283 -0.00747196332456511 0.0284758167221758 -0.0105488511778602
-0.00523172869501067 -0.00727731759239656 -0.0251212556959706 -0.0413699031184906
-0.00463498324885975 0.00305971706103153 -0.0655182043143234 -0.00597591465312512
0.00239530393933704 0.00250475407502632 -0.0502938566524907 0.0498834043165422
0.000736297775195545 -0.00112663475234416 -0.00683525839526602 0.0597187967050919
-0.000466325720663952 -0.00126620057946469 0.018317548031249 0.0433309921656291
-0.00353461553254659 -0.00342511330782418 0.0304255193688405 0.0307071381849047
-0.00376950374721594 -0.00428489326864111 0.0387103277977237 0.0245498446065681
-0.00274062387986018 -0.00858311826245822 0.0377242741208246 0.0348433993030797
0.00564906206100316 -0.00991012753092881 0.018969302769573 0.0488159784342377
0.0104309770675839 -0.00316092102299383 -0.011438018761834 0.056254329989479
0.0141039642592147 0.00440828234149988 -0.0418162887944368 0.0633852481180721
0.0104344192746634 0.0155954661139411 -0.0649317104895153 0.0579941331542918
0.00163060317583815 0.0275985842464765 -0.0605265010840148 0.0763068425130919
-0.000780104082831989 0.0371206202777906 -0.0141613135163997 0.0506067471548452
0.0124194682491886 0.015445195671765 0.0314235582990146 -0.0119096101685938
0.0125002629697566 0.00277511556612553 -0.0179574096961091 -0.0474300979055764
0.0102558491636324 -0.00499045600386605 -0.0668199395617294 -0.0143496456499586
0.00896869642082576 -0.0132398552406185 -0.0539253720692589 0.0437011966056378
-0.0021974646595421 -0.0169547572119581 -0.0118631492420681 0.05630947815952
-0.00989448192729559 -0.0125646600138593 0.0144164329227043 0.0412941037586648
-0.0141512587234935 -0.0138966754798591 0.0270733027377993 0.0273361671017829
-0.0137405645192798 -0.0169931498859665 0.0361275602460642 0.0174247624850428
-0.00665119986261284 -0.0300440382656422 0.0408076243024853 0.0246096945226049
0.0165961143202162 -0.0312347535901051 0.031723699872513 0.0405844636014232
0.0348707246101218 -0.0112530227740574 0.00413031899423055 0.0550361653179953
0.0392024512605488 0.0238077775224859 -0.0295279648678949 0.0666236551895087
0.0156329176739843 0.0512951850677607 -0.0562776995788006 0.0571733223145931
-0.0121567391523191 0.0612541756319081 -0.0518479294972136 0.0644943563466805
-0.0161925213235418 0.0590382760869503 -0.00974798152504852 0.0364003182692704
0.015390383967136 0.0416839951053088 0.0367302130900782 -0.0162275753640129
0.0303474770652098 0.0175832455500032 -0.00692885565631394 -0.0564663420675731
0.0278852254437508 -0.0106882823993913 -0.0634531907790848 -0.0276528343936437
0.0174754638125473 -0.0282259683557313 -0.055861010457028 0.0307723381794772
-0.0033686182518404 -0.0323207648989366 -0.0186743964944422 0.0463529361084149
-0.0170853273857384 -0.0234249714481006 0.00624330007634562 0.0356078187514163
-0.0229168641990765 -0.0223242271023608 0.0192098297433745 0.0209631750234957
-0.0215104409191505 -0.0256808485568978 0.0288285036234445 0.00696317020974281
-0.0126134704172139 -0.0448209815332963 0.0396663994778115 0.0078861144781966
0.020166186432226 -0.0494072495160086 0.0427041858382646 0.0239884637757561
0.0492507953107182 -0.0255186150181987 0.0251965811466446 0.0468650139621421
0.0624361129304282 0.028272019950452 -0.0120568594345478 0.0667860331270752
0.0261756181276592 0.0738092495000648 -0.045624142133274 0.0541500433557748
-0.0183365590747254 0.0851044312337898 -0.0403455664915725 0.045760238828713
-0.0315272849261355 0.0714762795524036 0.000514666661808938 0.0146846572394218
0.0119467594486931 0.0648795034784638 0.0446957842277396 -0.0247813051867883
0.0427473927676146 0.0362092090309846 0.00910321834813285 -0.0647807138506869
0.0455697449004756 -0.0119184522579528 -0.0522086516633521 -0.0429562202359834
0.026466151498106 -0.0394793910483732 -0.0531506617059174 0.0121021684310017
-0.00273601659858422 -0.0449273599172074 -0.0255510197760561 0.030688438971083
-0.0218818056696547 -0.0318775982318142 -0.00410680638658089 0.0245336300753109
-0.0279542933665228 -0.0278707823861564 0.00857290473361915 0.0108312962935922
-0.0262325622156113 -0.0298850917680833 0.0186757371339892 -0.0056771604833786
-0.0171138487491841 -0.0507981329080478 0.0338589952603642 -0.0100204126101137
0.0174726104187384 -0.0596524300154302 0.0480658602205981 0.00239471660070053
0.0522091812390124 -0.0381116509440996 0.0426819684490101 0.033162548203622
0.0749406520231883 0.0230323533134741 0.00573644337140781 0.0605865143622139
0.0354619757335056 0.0812521202544406 -0.0366573669016907 0.0480734059723605
-0.0192040826760515 0.0946838947092336 -0.0286122794016266 0.0213658433872025
-0.0422899456020201 0.0716694824927698 0.0161433669726622 -0.0117730204821034
0.00241720214831242 0.0773487012054237 0.0523766949640247 -0.03434287681931
0.0450645474358495 0.0511032546901677 0.0264459585684993 -0.0689226283575507
0.0560199634179483 -0.00648279849667528 -0.0331435697967121 -0.0554204373881238
0.0332898984978029 -0.0424062135499793 -0.0430992953922032 -0.0104859404898544
-0.00059886827286994 -0.0501237983937557 -0.0300558925013931 0.00929917388111671
-0.022866424334046 -0.0357593974203879 -0.0158152371103313 0.0102056075143845
-0.0296666094627268 -0.0284758410040429 -0.00278091766010395 -0.000431110136030315
-0.0266373835968784 -0.0296460283420356 0.00683329653424472 -0.017047254668036
-0.0186420649345125 -0.0491845498815269 0.0244885140948797 -0.026269465664949
0.013722435886488 -0.0587764591223016 0.0471923951836758 -0.0173333780731688
0.0477236593046213 -0.0407735522495881 0.0524273592840339 0.0170397731042441
0.0737218980247143 0.0178528409221026 0.0178194836502643 0.0500448160025198
0.0349905480686687 0.077408401960368 -0.0295089997866094 0.039087244478267
-0.0196007338008233 0.0899152079618864 -0.0179227005697121 -0.00270005874108452
-0.044217316790725 0.0589584304800224 0.0342443704236977 -0.0387055084295464
-0.0089895693417081 0.0725247884053706 0.0592794108584241 -0.043746501372356
0.0351657372188526 0.054733296943139 0.0408117779169196 -0.0670157489595221
0.0535832710545614 0.000415591686900121 -0.01033966303444 -0.0602643421344278
0.0332676493165729 -0.0359916086419681 -0.0285748032259252 -0.0304360908605508
0.00149358107908937 -0.0455462267456067 -0.0320408289655659 -0.0114005849037867
-0.0203492487380851 -0.033474993790614 -0.0252102834499951 -0.00533723615392089
-0.0267879796437899 -0.0248587095799894 -0.0132068440320867 -0.0115107268667764
-0.0236813120451293 -0.0255052150786212 -0.00421515101265385 -0.0268784430267676
-0.016054773303404 -0.0414149035169979 0.015384711050991 -0.0379057592727335
0.0112995804377812 -0.0498294457414157 0.0439091168917756 -0.0319462208631534
0.0403081572967411 -0.0345622929697404 0.0568698574615102 0.00462058698581245
0.0615392014322285 0.0164545411256107 0.0242010173266745 0.0396034157863681
0.0248875152795867 0.0662995084440778 -0.0237616463546455 0.0296875387673569
-0.02075224093475 0.0727930091029574 -0.00785434782251559 -0.0232517347995457
-0.0363228944991752 0.0352546320413457 0.0482824586019617 -0.0607436022520558
-0.0153955549953272 0.0512116786408304 0.0627623195053573 -0.0509500712275017
0.0199334059121213 0.0428833687187908 0.0485914397473894 -0.0631414999183055
0.0376934613853136 0.00424278019468372 0.00777946586977549 -0.0593763350925748
0.0244048716081031 -0.0238261317573454 -0.0153587991867814 -0.0442041951865584
0.00231218484148847 -0.0326292949811072 -0.0318535364674495 -0.0282231713370533
-0.0140507998891291 -0.0243083546067952 -0.0325174556195524 -0.0174228089248535
-0.0192821688102286 -0.0175944316634264 -0.0214757647251439 -0.0199485832512261
-0.0174098852191973 -0.0190156806257615 -0.0125102261375124 -0.0343302283553764
-0.0113743425659256 -0.0303984859747254 0.00988804884526675 -0.0454723331487961
0.00982644298026273 -0.035962194399045 0.0409034941494518 -0.0406023531008289
0.0320777379979182 -0.0235594000020922 0.0583410331080574 -0.00127754216131349
0.043874125850413 0.0175359244940027 0.0271657575389513 0.0329064514058566
0.0107932978724597 0.051410903089029 -0.018223538103899 0.0228465307055612
-0.0218977313606692 0.0475215937382904 0.00240740988805158 -0.0369318886474655
-0.0201344923736155 0.00613196410145355 0.05503827521 -0.0744205391030206
-0.0158817222831677 0.0194647786009894 0.0616735910842256 -0.0551537448810098
0.00356953384975535 0.0195517923052058 0.0480040273550687 -0.0600562553564451
0.0133756630334723 0.00375387654222427 0.0152238034718889 -0.0576134340578687
0.00967039595400932 -0.00842951193165973 -0.0103943990959854 -0.0500872595481848
0.00258304477404761 -0.0130227862621709 -0.0323011006856916 -0.0361420972589468
-0.00594138333468589 -0.0114411841520753 -0.0366748192896519 -0.0241989564889709
-0.00922426720753194 -0.008233196285145 -0.0263361689909725 -0.0255957016287887
-0.00904822016306249 -0.0106075946582401 -0.0169450246666245 -0.0390936845368218
-0.0065021390197248 -0.0168726521508632 0.00697507272002558 -0.0500045563922965
0.00659650385169083 -0.0204693223827326 0.040759546347201 -0.0451130146400866
0.0220956976367389 -0.0124179281852302 0.0586396687863942 -0.00258412655394583
0.024508502517903 0.0167528598999497 0.0291155846870935 0.0300713402188561
-0.00324053384036687 0.0323412553785414 -0.0135260681053958 0.0188028576780265
-0.0208682882943294 0.0179400119817864 0.0118633380884168 -0.043148011416088
0.0122038009036615 0.00952218938025695 -0.00693368922491408 0.0527498147527431
0.00397186785054447 -0.0078221347364551 0.0251144366734628 -0.0132372904899776
-0.00647423271819728 -0.00633899775904971 -0.0282892089314174 -0.0357642443764298
-0.00446500747439448 0.00373344072119643 -0.0628210631927269 0.00244804459059535
0.00262304092382194 0.00202368863447753 -0.0412619063662338 0.0536913116384474
0.00101352454762707 -0.00108800991594031 0.00113394476084149 0.0573191326111703
-0.000523546220347323 -0.000812149683536902 0.0224411145366434 0.0388593214053802
-0.00343643125099879 -0.00341998052512513 0.0321096314144741 0.0243253105598286
-0.00455712434008996 -0.00368997942781097 0.0389053478285065 0.0183377348330309
-0.00360728459905769 -0.00806285416389664 0.0401248055473765 0.0275475645275578
0.0043217878425047 -0.0102045557990392 0.0238426230508665 0.0438096036598461
0.00984817107664657 -0.00426496727800571 -0.00505802018629645 0.0550892131849655
0.0142982243686584 0.00286177575087881 -0.0317605865868406 0.0642926724671744
0.0125570649199439 0.013762997546595 -0.05401086692155 0.0622841444705505
0.00575979751619609 0.0260652181713686 -0.0486277574589311 0.080702469297126
0.00446112223165832 0.0360874089466105 -0.00771391151521146 0.0467206714716997
0.0132914333038257 0.0133113226351352 0.0276069665739813 -0.0154347066225056
0.0116639485184962 0.00065330897988956 -0.0233384240376797 -0.0434356351151597
0.00842986470370466 -0.00570617064620322 -0.0651713555850597 -0.00478787004032584
0.00650402868233424 -0.0136409749113992 -0.0455677808295595 0.0485566998476629
-0.00375071668987712 -0.0153516103582853 -0.00448877331720395 0.0549275127008019
-0.0104868405515193 -0.0105270503150041 0.0175852841998134 0.0382394636884997
-0.0147917458346589 -0.0113869467370257 0.0285547830735037 0.0221278818030399
-0.0148334986907739 -0.0145689966792333 0.0351223326877875 0.0112869035972123
-0.0103547307631366 -0.0276227696455079 0.0407464488649365 0.0170417376136471
0.0114323065092412 -0.0318703789719172 0.0336783976796842 0.0339523796273796
0.0320002078137623 -0.0147269802454001 0.0102166378367474 0.051058815638109
0.0401246401946324 0.0167735194278527 -0.019029568366516 0.0662633142401702
0.0213587957183014 0.045781277203429 -0.0445074147696768 0.0623026764947695
-0.0021597914380897 0.058530780253108 -0.0423306435815106 0.0690029213606365
-0.00771299986324816 0.0597907900780367 -0.0045503801251264 0.030212417546985
0.0189641999157531 0.0371792843942958 0.0324048561182376 -0.0214464741377543
0.0301118799429213 0.0125926263638789 -0.0141612035583118 -0.0541783928505181
0.0248303124340404 -0.0131897851509285 -0.0644984758989562 -0.0184563984368017
0.0128756219921417 -0.0288181692412187 -0.0500324539361544 0.0365178780863885
-0.00668931835936191 -0.0299146677711233 -0.0131541763624901 0.0469515083285697
-0.0185826123857563 -0.0199826616574702 0.00944349323557447 0.0333070240374922
-0.0235064759173518 -0.0182840572348572 0.0203887089062085 0.0171537984357965
-0.0233805099840325 -0.0218734661226894 0.027463457745956 0.00254311779840641
-0.0174623740571201 -0.0401221947009756 0.0374564214511793 0.00148098526158768
0.0124541631691581 -0.0493318538181702 0.0424084950773935 0.0167514414723373
0.0428958678203486 -0.0300091379870547 0.0290179788268934 0.040525098981825
0.0620053325907524 0.0178771177855233 -0.00180723779069938 0.0640861818566978
0.0339594482205128 0.0655780583345804 -0.0340818561023066 0.0588389147306733
-0.0051426951743613 0.0816232763070985 -0.0340190852596918 0.0500827871034852
-0.0206984864449507 0.0736360446571945 0.00348138739086581 0.00774848130482713
0.0183453557533981 0.0597622649699772 0.0384465789915487 -0.0303430350276354
0.0444563923801248 0.0285485511500726 -0.000599685826574228 -0.0651779413244943
0.0418172173982638 -0.0160240470893566 -0.0567616100543392 -0.0342020529661553
0.0202142814236927 -0.0401904097130185 -0.0502469478356631 0.0182663903894554
-0.00780107021417986 -0.0420070263848104 -0.021504380640827 0.0328288310991865
-0.0241560511665467 -0.0274447978655509 -0.00252519310229389 0.024546141936115
-0.0296177675894108 -0.0225448857769386 0.00945101396815927 0.00901281501488664
-0.0282244934446125 -0.0252479176855002 0.0160696119666884 -0.00751906210045338
-0.0227601347737812 -0.0451711798896519 0.0290909571281021 -0.0154126167907563
0.00811402097817626 -0.0580574512486999 0.0444084297252879 -0.00463544880926648
0.0439825370618005 -0.0417489997681723 0.043595779515526 0.0249971759357362
0.073136129199675 0.0114642211509098 0.0140607066077841 0.0557347476483397
0.0434299863522901 0.0711408831094119 -0.0253862402044386 0.0521540431414499
-0.0051620676191618 0.0910298672501907 -0.0255539642106409 0.0266735524356961
-0.0318079562582344 0.0749691421972638 0.0162837631134965 -0.0193055627179874
0.0106422074777914 0.0726257461734308 0.0450713857012032 -0.0406834549548325
0.0480030491287695 0.0425455473377305 0.0153453250675745 -0.0715894186651814
0.0519975133049679 -0.0122324322393589 -0.0398670499242082 -0.0488722719242309
0.0262695731604267 -0.0437804905058636 -0.044027136053022 -0.00398459519463129
-0.00649233386379005 -0.0466830155005674 -0.0290007065174023 0.0136128372293893
-0.0254941486282484 -0.0304804148389235 -0.0146437972073688 0.0112833406748805
-0.0311857453914705 -0.0229317096564256 -0.00284247421219043 -0.00041258868448413
-0.0284530065936838 -0.0247137464221701 0.00303064190306376 -0.0170967683759319
-0.0235447590458122 -0.0432013872380687 0.0184293890176303 -0.0283220423678081
0.00521898101486109 -0.0565842336489721 0.0415625943531864 -0.0232892631360596
0.039484673599883 -0.0439249251642631 0.0516232612578594 0.00851161950161347
0.0712766749550388 0.00646958855916788 0.0239350932948407 0.0438911869346386
0.0418197894582293 0.0675189786496141 -0.0199106046507571 0.0430166485502139
-0.00695296198131131 0.0859352746724973 -0.0181290367147204 0.00233391358014919
-0.0349544407820147 0.062194801778339 0.0306659239509945 -0.04616336251782
-0.000407143973672565 0.0692915064170331 0.0508082937119255 -0.0504103547144768
0.0394615708461943 0.0469288971624576 0.0297061009357736 -0.0715559180129356
0.0500942070050164 -0.00517258062376627 -0.0190012123464867 -0.0573340715067224
0.0266732357760798 -0.038268309187454 -0.0333963399523743 -0.0252947944955079
-0.00376070873968105 -0.043188391189063 -0.0331827088454601 -0.00630794243907421
-0.0224633387193457 -0.028483477079482 -0.0256145833528175 -0.00139276824911668
-0.0275608019751392 -0.0200648415137433 -0.0139692947891294 -0.00872748718399226
-0.0251099937847204 -0.0208083699447299 -0.00790189562811147 -0.0250420332558252
-0.0200738779947169 -0.0364780515131222 0.00873470064766485 -0.0381903770407981
0.00390303708292529 -0.0477696513635708 0.0370392326142775 -0.0361406237960485
0.0332044442691188 -0.0375167963436395 0.0539409710706195 -0.00320745219186968
0.0595194785272697 0.00715470174445173 0.0287219262659931 0.0340883585809073
0.031584193968162 0.0584878705966987 -0.0162491006910497 0.0335304933777631
-0.00983872457792778 0.0703165687645003 -0.0108381044549741 -0.0189676815341683
-0.0300413254698729 0.0384135933139094 0.0413468670993402 -0.0665559037410085
-0.00900279899394759 0.0495457544902061 0.0539884694864211 -0.0565122467215821
0.023198815669451 0.0374268929120281 0.0381799177390064 -0.067553455877554
0.0356739853791901 -7.33362146034612E-05 -0.00166282362220898 -0.0581691937639609
0.0203344695091707 -0.0254760724878448 -0.022077605420967 -0.0399657830943999
-0.00119569389069129 -0.0306623800873742 -0.0346348729369598 -0.0224138637701751
-0.0161997740735484 -0.0213273689850641 -0.0341296178973018 -0.0119573213313364
-0.0202954872053413 -0.0142544381678177 -0.0227690996912063 -0.0163875178810276
-0.0185350793344096 -0.0156556303172684 -0.0168708951661586 -0.0303824288799838
-0.0147431291233802 -0.0266307995855315 0.00249192287481602 -0.0446185379066927
0.00406587688988252 -0.0346810459196227 0.0332439289104793 -0.0438593823443108
0.0270563173279955 -0.0261223491539688 0.0549710089768687 -0.00884528580077014
0.0432679898231687 0.0101033965864315 0.0304861375427181 0.0274354996633913
0.0163727683837493 0.0457643863503315 -0.0126317774099569 0.0262185141882843
-0.0146145963876426 0.0471579725907061 -0.00299062141441968 -0.0340717025843775
-0.0187909373963319 0.00808979239242047 0.045056645484132 -0.077816814247554
-0.0126005664188727 0.0197352870245428 0.0526238151623067 -0.0597517822537855
0.00556352318506274 0.0172551222701323 0.0387571149088305 -0.0637452915295808
0.0133092046803734 0.0021765009078074 0.00682092400828784 -0.0573231013929623
0.00817120453808791 -0.0090563922875596 -0.0167460726296969 -0.0465105543039869
0.000695253573814354 -0.0127017237424657 -0.0356930188597445 -0.0297020712278936
-0.00690396893166539 -0.00951453430794372 -0.0385232900812392 -0.0189718693503564
-0.00995425201219284 -0.00654122384244276 -0.0274803250465399 -0.0202988257591631
-0.0101014697632952 -0.00834356550123741 -0.0203744239184053 -0.0345994819745162
-0.00836238219277965 -0.0144788839273512 0.000229606606716339 -0.0485225887695807
0.00286017852498137 -0.0198227583005595 0.032543099191779 -0.0480322877862732
0.0187870677746486 -0.0146192677116489 0.0554096174800292 -0.0098152695708023
0.0249464019251365 0.0118202970349351 0.0314873324021675 0.0253593242178462
0.00147430002699466 0.0301069517515681 -0.00944048062448797 0.0213072069627971
-0.0167947144425236 0.0192977697252435 0.00489186794094395 -0.0415523227609183
0.0117326879706316 0.00926184885277327 -0.00692418389492978 0.0507407453777956
0.00384700318921262 -0.00717160736223521 0.0235225506649512 -0.0118999483803681
-0.00589050779304813 -0.00597259420535092 -0.0262641298973528 -0.0346315258461281
-0.00411139220987227 0.00355641328405006 -0.0594973557701885 0.0013130944303494
0.00207337400616256 0.00132614836428029 -0.0388267926834429 0.0503083099880756
0.000739037293164796 -0.0010367688128915 0.000529984026300634 0.0544667114496047
-0.000670649074257085 -0.00107516648770308 0.0205526844701382 0.0369911634763917
-0.00339320579288808 -0.0030525224864899 0.0305349328920945 0.0236740396928855
-0.00403142570672255 -0.00377988225918655 0.036102604519151 0.0168564332329068
-0.00360626073272192 -0.00768055349316472 0.0377597150704472 0.0256557037443394
0.00379180765807453 -0.00998136776832627 0.0223126932708585 0.0421638341361874
0.00970642219166506 -0.00383935695879648 -0.00529130175666102 0.0526393016674182
0.0137588341400581 0.00274791780956737 -0.0308178213541949 0.0611479927950544
0.0115188012637788 0.0128775433933173 -0.0526142172318906 0.0582055000106763
0.00542236874102255 0.0249760139133663 -0.0472422394723182 0.0759331126863611
0.00389394833595476 0.0346229524235268 -0.0080900657766329 0.0440577030517355
0.0123193169568572 0.0123243517478001 0.0262636774149483 -0.0143340892283876
0.0109757279356572 0.000900777165165335 -0.0215323522586147 -0.0418326089149857
0.00810880067240504 -0.00501740154888295 -0.061493268419034 -0.00607873905199269
0.00635012703044849 -0.0133870693791767 -0.0438142585964792 0.0454999558126771
-0.00363623629098362 -0.0150331027332019 -0.00504016925594781 0.0522026513633018
-0.00961098331067948 -0.00977491725852809 0.0161921159947559 0.0359772513546583
-0.0139896939499102 -0.0107303623247612 0.0266932312687725 0.0211519200799992
-0.0141344901360077 -0.0143536839808905 0.0332074223404763 0.0114851695894006
-0.00995350685583295 -0.0262072959803743 0.0389521717018553 0.0156549574309984
0.010951001137789 -0.0304343047483592 0.0318861577290237 0.0327698196009569
0.0303875095369303 -0.0141253483647841 0.00896487007412255 0.0491991182383335
0.0380555743573362 0.016327938362772 -0.0189968005931208 0.062848402468315
0.0197962407863089 0.0439318464306946 -0.043728016823236 0.0580459042173567
-0.00289334935901515 0.0560067449422641 -0.041411918616581 0.0653609554159538
-0.00707634961341526 0.0567916510434116 -0.00437931019244585 0.028975071435117
0.0178245303373748 0.0355693868778887 0.0303077901066571 -0.0198710252277391
0.0283717103464777 0.0123425332582129 -0.0128958897057801 -0.0520703785198465
0.0234834761533107 -0.0120942533177882 -0.0608670874685031 -0.018301413538661
0.0121081420564273 -0.0274119976410544 -0.0477108257529004 0.0344642206307775
-0.00652808046635302 -0.0288461359778701 -0.0126797730786118 0.0444201239743294
-0.0176047385778924 -0.0188583199373501 0.00819103424889575 0.031445087773522
-0.0228337267698543 -0.0176474669389247 0.0189862821660611 0.0157647262214972
-0.0216470699237098 -0.0213213227419896 0.0255833465481855 0.00242890855741111
-0.0163634440999444 -0.0384469330018932 0.035610004610966 0.00130214681749937
0.0114783711198687 -0.0471596362918426 0.0405807343870347 0.01578074637009
0.0410868473164686 -0.0280000237113509 0.0270185663034652 0.0396277085801693
0.0589183040452049 0.0172226358572965 -0.00269580087018574 0.0613792133620674
0.0323510725811702 0.0627854470453336 -0.0338932942170952 0.0558561969500086
-0.00585218684670676 0.0779293534970289 -0.033330389198598 0.0477140974690533
-0.0205122259682457 0.0698468693261564 0.00365066288641161 0.00813789486215767
0.0170298143452083 0.056460045806784 0.036888977231884 -0.0282540409512468
0.0417863620729679 0.0275697302357337 0.000556671528490789 -0.0621974983318731
0.0395389773830743 -0.0146465273590835 -0.052790031863642 -0.0334003498612865
0.0191806666852881 -0.0381392116189376 -0.0474845990629234 0.0164941368733608
-0.00735530327658648 -0.0395724692521788 -0.020994294633259 0.0307704674750793
-0.0228265294027216 -0.0255888779903695 -0.00234738749712181 0.0228620860565219
-0.0281077613085813 -0.0213184532017814 0.00855385880812088 0.00862972879474473
-0.0265476891532685 -0.0236851038713401 0.0144838110711988 -0.00721521447236507
-0.021510343354731 -0.0428306382565892 0.0280666505954268 -0.0143501370947288
0.00776777398218173 -0.0553402815253426 0.0426934801198751 -0.00382461965305198
0.0417745837556571 -0.0397795674589873 0.0412748433264973 0.0241894183586303
0.0696008823994815 0.0110973373822216 0.0128480395506975 0.0534631076308034
0.0404995783553159 0.0683734011385095 -0.0256887922213848 0.0494180980089957
-0.00593573238133504 0.0866677432537551 -0.0243534529332026 0.0250502268932384
-0.0306389558934674 0.0709261059142032 0.015750041384355 -0.0177639218707265
0.00988041825130044 0.0689065048880149 0.0429819717778324 -0.0375578465523685
0.0453870988310544 0.0405542610862079 0.0160756154421994 -0.0686340069017721
0.0492693630116861 -0.0113140794427039 -0.0368192818154826 -0.0474681511864729
0.0246853371685624 -0.0415031382532997 -0.0418742991767537 -0.0048142912778113
-0.00614541497742313 -0.0444664919633108 -0.0277839290448066 0.0132221246412029
-0.0240801840090827 -0.0292243879787676 -0.0139003472885545 0.0113620095634645
-0.028956898654429 -0.0219809768438506 -0.00278544075422789 -0.000297983336383371
-0.0272817561998332 -0.0239459434737518 0.00296190822891755 -0.0161897743285416
-0.0221721724455629 -0.0407866975737164 0.0171644786045055 -0.0271661717504884
0.00469419993839529 -0.0540746186144523 0.0398569414606747 -0.0218019641578167
0.0373319389580514 -0.0412898253811351 0.0485541016958122 0.00898624921110387
0.0672087188022315 0.00636838034757467 0.0224741948261452 0.0426694168914376
0.0394240527157533 0.0647591076382082 -0.0198222410652794 0.0409721479903381
-0.00696418685797314 0.0820044800587769 -0.0173353038979101 0.00195922943305697
-0.0340082077738903 0.058739150059728 0.0297037528124127 -0.0432588243607935
-0.00129986400451772 0.0655889809296376 0.0485613788612639 -0.0471687174941424
0.0370813199273211 0.0447374177704933 0.0292887064604496 -0.0681559845718089
0.0475241456638357 -0.00451630592608852 -0.0168964967609904 -0.0548243734285755
0.0255059840969883 -0.0359088729400176 -0.0310990975723389 -0.0254397964866941
-0.00390225719958306 -0.0411830379137522 -0.0317379850648408 -0.00646558564896569
-0.0214277264153491 -0.0274547559970366 -0.0244694745739271 -0.000833828729332136
-0.0263539007348346 -0.0186660149373612 -0.0133489375604489 -0.00886817324802831
-0.0237574653666948 -0.020534462410395 -0.00739429363066996 -0.0234596993656053
-0.019139796621154 -0.0343443015693252 0.00874930957377234 -0.0365436340443751
0.00360606478137985 -0.0452229408572829 0.0351343039042043 -0.0341817373062139
0.0316141822606703 -0.0354511532057167 0.0511574610077077 -0.0024133819316717
0.0561348727261281 0.00664399683782988 0.0270317418255097 0.0331274884572644
0.0297061929630762 0.0558204210573876 -0.016054556641741 0.031616096434684
-0.010065861282198 0.0670485418492177 -0.0101013967069126 -0.0180324973275695
-0.0292966794211101 0.0360681221346584 0.0398932514277507 -0.0628149418632758
-0.00905835553579396 0.0470702389182564 0.0519213022447084 -0.0526900917464806
0.0215240782815606 0.0357888274910261 0.0375354869056907 -0.0636509896932718
0.0339070415162668 0.000212734279123557 -1.82707411198693E-05 -0.05638350604314
0.0193534598679235 -0.0239419160624407 -0.0204448121771142 -0.0391259391114817
-0.00135981576205029 -0.0294514870284322 -0.0332845745014024 -0.0211943594848177
-0.0154038388518478 -0.0202607471512658 -0.0325102585070287 -0.0118183094367342
-0.0187519527133991 -0.0135675894797347 -0.0210510720220469 -0.015411541322862
-0.0180389850517439 -0.0148892679004798 -0.0155678874798729 -0.0290885361126775
-0.0139429051176413 -0.0252076747043628 0.00260846592909935 -0.0427345512292185
0.00405449134098875 -0.0331152215237879 0.0323772858810956 -0.04215687724088
0.0256036832616578 -0.0247602128943943 0.0518455845187248 -0.00831768281318061
0.0406265464866818 0.00956680635865187 0.0287095551560925 0.0269551375549477
0.0151854199323628 0.0437641723685199 -0.0122649278144219 0.0251762511591407
-0.0140729848987679 0.0445372411408959 -0.00223342304679856 -0.0322141272036355
-0.017956149692318 0.00690046066997073 0.0440187801599788 -0.0732761113956014
-0.0120468211991736 0.0186206139820833 0.0511050702179623 -0.0557886743945291
0.00511691726366597 0.0161732152330002 0.0377913909660775 -0.0604532157629364
0.0125894873017416 0.00199465133259693 0.00762075961736224 -0.0547685744050587
0.0079568989318397 -0.00852615934475236 -0.0158732745676415 -0.0450892106136022
0.000615491592419506 -0.0121377514268628 -0.0335093563251235 -0.0286935169575294
-0.00651753919672247 -0.00920684980493996 -0.0363892938482673 -0.0176920242601256
-0.00880246599592888 -0.00598670993753481 -0.0260221487718464 -0.0195770165522602
-0.00959264559418297 -0.00743704628770619 -0.0194096642416841 -0.0326557914171346
-0.00803462823572292 -0.0131588753496436 0.000699200761332737 -0.0464233914914944
0.00333728890487551 -0.0188309316846551 0.0311883118566829 -0.0454069210151883
0.0176693934070867 -0.0134633915742473 0.0527463754617025 -0.00859254957388724
0.02375325043101 0.0112492442911899 0.0292234478796041 0.02492036516506
0.00127521217784456 0.0285988764604334 -0.00968392157850072 0.0203068657317225
-0.016073579280597 0.0180313318841905 0.00493163319917504 -0.0395709500797842
0.0112265744002954 0.00960289300655559 -0.00852260870791815 0.0489162561980455
0.00421530542672584 -0.00681921169551889 0.0233187680487175 -0.0102591591733856
-0.00579784782651413 -0.00559492902147824 -0.0241245951622247 -0.0343506940540641
-0.004248852204424 0.00338489554245903 -0.0583915155545626 -0.00129879741727194
0.00218620729082781 0.00156433010754887 -0.0401674355436021 0.0478913840756681
0.000478849328450549 -0.00130797800107703 -0.00128906380775876 0.0531221211624115
-0.000782315942259376 -0.000897954527089116 0.0184415061441955 0.0361163821717308
-0.00296059082752453 -0.00303583675474383 0.0288887669168601 0.0233597471602787
-0.00374108094689832 -0.00400829456719022 0.0350182600865923 0.0177536166737871
-0.00295019921381658 -0.00799648957169447 0.0358021266738791 0.0261587790709111
0.00413706612022282 -0.00962612575523311 0.0204919835814935 0.0418511044413441
0.00966204361994646 -0.00381378090060389 -0.00703904857234018 0.0521098891182792
0.0131998336275632 0.0033343894892809 -0.0324051941291066 0.0578307410730818
0.0108085326570045 0.0129396138995251 -0.0536751447532244 0.0542853415023777
0.00442205914695148 0.024533139646212 -0.0491357868743698 0.072422538716613
0.00316400489008 0.0342273188629155 -0.00934965744854904 0.0427294357171107
0.0119758137312206 0.0128460788585515 0.0260810260177471 -0.0124805523277227
0.0102362263655832 0.00138009819326701 -0.0197808506123862 -0.0416649902550745
0.00775224358058418 -0.0049956850663249 -0.0598710587407569 -0.00825217102094943
0.00660431145018859 -0.0126554591126398 -0.0441363420714515 0.0426540903550491
-0.00312780393734509 -0.0145623438398427 -0.00649498513848416 0.0504950787660596
-0.00936004157700564 -0.010060294873871 0.0141614786812963 0.0354383038479646
-0.0134348081446508 -0.011038877365968 0.0252954563267681 0.0210902951754654
-0.0133340969037471 -0.0142595146253287 0.0317166806767137 0.0113293067988072
-0.00886353009311767 -0.0259568483834529 0.0372814856899612 0.0160616406361762
0.0120711606864353 -0.029651583015582 0.030582989514128 0.0330724432895575
0.0300789227765643 -0.012342764419579 0.00691358538777296 0.0484748259800585
0.0364606953454622 0.0173300604350718 -0.0209184584301465 0.0605575016158346
0.0178391731889404 0.0437739094981142 -0.0453720297116707 0.0550903998602619
-0.00501465952800262 0.0546241466185438 -0.0427754960644055 0.0622436999111012
-0.00871337380749838 0.0554902494741808 -0.00564468430803141 0.0284856565765896
0.0161805891239616 0.0351136605661212 0.0303985539203299 -0.0178292655029474
0.0271478359213769 0.0129203832730436 -0.0102945578984744 -0.0518272255285264
0.0227865904082074 -0.0107888921092145 -0.0578298840726348 -0.0205268226662343
0.0123911846246384 -0.0265018498379805 -0.0478705645590695 0.0316234168638179
-0.00564873206659392 -0.0277562027505326 -0.0137889047515391 0.0429302559412565
-0.0165918747235965 -0.0189248289413303 0.00697182768261755 0.0308369055871264
-0.021387507604751 -0.0174647633359179 0.0181231127756652 0.0154520702429882
-0.0210081651599504 -0.0215863854515424 0.0246422654136857 0.00282429492144651
-0.015165798248225 -0.0378778669377359 0.0347365562925691 0.00210348826217226
0.0126169389314613 -0.0455307292795488 0.0389808566597447 0.0162248875578501
0.0408419935914201 -0.0262013941634767 0.0244834415503118 0.039671296658519
0.0566061460398838 0.01928388268793 -0.00498098076957381 0.0598626196875542
0.0294184884430316 0.0626010536614291 -0.0358940178920328 0.0529190524771847
-0.00829881732307189 0.0761923562605383 -0.0340153961082439 0.0456258182222893
-0.0219575581978031 0.0673559455830577 0.0031111937937762 0.00829491416968301
0.0141791392381847 0.0559004253121586 0.0366739772918758 -0.0255628182597982
0.0400642976842296 0.0279843946088449 0.00282996117644868 -0.0615012518324507
0.0383499801502543 -0.0130283480339046 -0.0496070143367763 -0.0353526620828068
0.0195519253583049 -0.0367640045059602 -0.046996329156104 0.013906245407804
-0.00598623416152633 -0.0386871574405297 -0.0214404115813799 0.0297019570483323
-0.0215648464136306 -0.025977977999166 -0.00330001385550889 0.0221722870015249
-0.0267454968675436 -0.0214350822975198 0.00823051528476833 0.00846597118620239
-0.0251649594033219 -0.0244537605482723 0.0141796392777888 -0.00670177548584971
-0.0201356573314805 -0.0425254419144523 0.0272613635368928 -0.0134999836250354
0.00897135623587348 -0.0539281410891699 0.0419378680187014 -0.0035806625150978
0.0417994384768439 -0.0369681970209757 0.038990467695522 0.0253736175882723
0.0675683583461841 0.0132353283619594 0.00977888971780282 0.0529954369307976
0.0379493380210726 0.0679731970133265 -0.0272365690909161 0.0476900322527454
-0.00876847691677299 0.0846917602510852 -0.0255476196289882 0.0234778497100594
-0.0318305501331026 0.0683060021511944 0.0159491564113335 -0.0169103034835205
0.00701145385396494 0.0676724268326751 0.0431090487675558 -0.0346182311109025
0.0425609489354648 0.0409508148823439 0.0186196316785094 -0.0665907474192174
0.0482806528584937 -0.00953720759364809 -0.0335075513703577 -0.0479142202895697
0.0252878796033318 -0.039637054745948 -0.0403620230148535 -0.0065148331608665
-0.00453689319726219 -0.0434047279680154 -0.0275339499695505 0.0114244777248689
-0.0230370994051664 -0.0291612361813184 -0.0136971819697395 0.0106833933911196
-0.0275444460759674 -0.0220175340104183 -0.00262305495737604 -0.000439199558882539
-0.0256305158712955 -0.023965517516378 0.00304613953935614 -0.0156686343181693
-0.020750122744828 -0.0408185777780394 0.0176391877769415 -0.0261258066713033
0.00575707378788068 -0.0527327223084328 0.039552902584323 -0.0207238904113604
0.037487910429006 -0.0390950233830338 0.0468172677812925 0.010643489906
0.0652796384339209 0.00806241742931057 0.0195700139238283 0.0433051829674969
0.0371595278663265 0.064600380519281 -0.021251227442378 0.0396385786212506
-0.00951323669563754 0.0808387308218796 -0.0172251331989412 0.00116964970786536
-0.0352791949927156 0.0565687824802838 0.0306171103360719 -0.0409309527563522
-0.00313317427045718 0.0639688839276909 0.0491137240499255 -0.0432846240631998
0.0343653429484993 0.0449464720099483 0.0314629432270161 -0.0654020206981843
0.0462735532093974 -0.00282043532735387 -0.0138074311352231 -0.0542790783879655
0.0258640059436329 -0.0343082677236742 -0.0297224426462127 -0.0264362457276266
-0.00260741323268331 -0.0398494199654421 -0.0309227093335027 -0.00721391770743823
-0.0201275271436676 -0.0268655585666893 -0.0236222760523153 -0.00170142066452596
-0.0245412556488976 -0.0191764468391139 -0.0122488015609414 -0.00875556229362784
-0.0227160599866598 -0.0202688667725654 -0.00693213525541813 -0.0229918590398419
-0.0172945314925432 -0.033828722140277 0.00945298538855278 -0.0356813981892157
0.00523526151962049 -0.0446209014082336 0.0355279407248427 -0.032774238096297
0.0317107924784885 -0.0332648524715418 0.0495577904988285 -0.00117220664026484
0.0544025331095806 0.00839816910356552 0.0244365595319932 0.0334818315244106
0.027163318327017 0.0560368983833055 -0.0165891057002968 0.0309177511358477
-0.0118408843815335 0.0651679237564667 -0.00968338982486882 -0.0177929584761268
-0.0298958024370495 0.0344111117683651 0.041638786781406 -0.0596771135103496
-0.0101709342472979 0.0454951316433246 0.0526410780331758 -0.0495971053328136
0.0198323562362328 0.0354089257979561 0.0384840046011542 -0.0610847892636464
0.0323370245801674 0.00134418894983148 0.00264947235795524 -0.0552173415889033
0.019156820169141 -0.0228947471898922 -0.0190936869049949 -0.0393979597463466
-0.000259495639935725 -0.028471656795643 -0.0319411150794791 -0.0218556899495861
-0.0146823839001912 -0.0200891372974409 -0.0309450619519064 -0.0123671199894652
-0.0177727993543658 -0.0133608485251475 -0.0201808659502201 -0.0157077544018947
-0.016624449882991 -0.0149677090617017 -0.0143207445157275 -0.0290905914640043
-0.0125299033622416 -0.0245616836572511 0.0040106081474025 -0.0415191344183202
0.0044906302767845 -0.032330255186763 0.0326925709188728 -0.0402664917594365
0.0253929111958736 -0.022961393992735 0.0511093236057166 -0.00608367277509843
0.0391403088213287 0.0109345963036117 0.0267396389218834 0.0278133409454238
0.0134236287251028 0.0434598293134375 -0.0128467691046969 0.0240988180432538
-0.0149942567482365 0.0430390448307411 -0.00120584397019047 -0.0314646645788438
-0.0175256628937754 0.00644543851991146 0.0459339066676262 -0.0701617146288667
-0.0119197474805618 0.0174973945075071 0.052001147127493 -0.0520810850687865
0.0045534753747628 0.0159514478796518 0.0389885256873135 -0.0572551583258796
0.0117722758657882 0.00242496963150637 0.0099970983384533 -0.0537764230909839
0.00784303681987304 -0.0080738270453341 -0.0141815538767691 -0.0450187745217808
0.000953346719960883 -0.0117527849048864 -0.0323336703820094 -0.0292446470842362
-0.00608472391652466 -0.00908296584116874 -0.0344641809856607 -0.0179200301470314
-0.00874752830454987 -0.00580281304026468 -0.0249323252468717 -0.019932463138635
-0.0089921540090737 -0.0077049568956365 -0.0179419436957362 -0.0324972183141741
-0.00724132045626444 -0.0134391778679495 0.00197604480467422 -0.0455581707506866
0.00387980826946859 -0.0179541978968309 0.0319917572813608 -0.0434763673557694
0.0177506085624633 -0.0124343185258734 0.0515874093326998 -0.00637607922490151
0.0223442597285226 0.011975072187475 0.0270273911943841 0.0256517869632881
0.000484776382191426 0.0275092247479882 -0.00969895277423839 0.0196892910327718
-0.0158476689038871 0.017008120123844 0.00582019703994755 -0.038208999459624
0.0112911972348767 0.0096465295935217 -0.0102995923417131 0.0489926849231725
0.0041748556042176 -0.00670122691131425 0.0241210443417403 -0.00967628055283149
-0.00562019293348557 -0.00580678359821662 -0.0231191797767116 -0.0362059494438079
-0.00415567106464804 0.00335548218444725 -0.0596081625273458 -0.00352602076944516
0.00237596300056736 0.00129652690720669 -0.0418543658475626 0.0472215596896822
0.000458252082815546 -0.00110827913684888 -0.00343330488558641 0.0535370701905632
-0.000473670131917445 -0.00114926947556109 0.0163859085342226 0.0376609605892145
-0.00325972468513859 -0.00341271397089545 0.0280067797802822 0.0246280540637376
-0.00387105974838258 -0.00456493396717292 0.0343024572642164 0.0188688755244605
-0.00317839529272937 -0.00817283206796316 0.0356715742909746 0.0271129174556985
0.00434595623862938 -0.00971365828392438 0.0196140585064224 0.0428970867549255
0.0101866638924866 -0.0033441969350911 -0.00963631815846774 0.0526350650874868
0.0130344447765606 0.00410983970867521 -0.0349556041674122 0.05735524508728
0.0103658211120734 0.0137151544140953 -0.0572705727011752 0.052371866621336
0.00360515416386216 0.0249127770435633 -0.0520382012947394 0.0717876713816743
0.0018960661217085 0.0344571817874793 -0.0107350621174166 0.0435933220771181
0.0113530848826569 0.013563656453295 0.0266365901967662 -0.011172243670827
0.0105632476514282 0.00172278513112082 -0.0177267398468133 -0.0432601806128893
0.00797954850179896 -0.00416884306718522 -0.0601571974821007 -0.0108271277853446
0.00693094016293876 -0.0126169761649107 -0.0458658059516905 0.0412521272973184
-0.00309790052244557 -0.0148504497756475 -0.00827742769448298 0.0507363463080493
-0.00928135250600964 -0.01033347255697 0.0132222681166362 0.0360113477279221
-0.0132864769857426 -0.0117486697981425 0.0248848117836213 0.0219548082449761
-0.0129376357400635 -0.0151806586418791 0.0313110952292937 0.0123050235946615
-0.00810736743027433 -0.0265865574657627 0.0367993791498961 0.0176661901082386
0.0123775748629175 -0.0294513023544097 0.0297873155641199 0.0339799301761357
0.0308043524045279 -0.0118372933877536 0.00482082622163034 0.050040491233732
0.0361224253498323 0.0186849290424085 -0.0239656478360016 0.060277516584806
0.0164689469620343 0.0446043394289231 -0.0488118507236276 0.0535062675221814
-0.00671060315602222 0.0553168847755954 -0.0457753457329795 0.0620753735001394
-0.0107643568485041 0.0556636548294782 -0.00668656676905083 0.0291829970403444
0.014892252131692 0.0359096517443782 0.0313700851425479 -0.0159833465493898
0.0268938112463811 0.0138910396593365 -0.00789019553822496 -0.0529427632607606
0.0235302756288857 -0.010332925950333 -0.0581485654410503 -0.0230766877076252
0.0132904933705904 -0.0262148974341202 -0.0491045901432855 0.0297491522458414
-0.00513650263420875 -0.0283202302808351 -0.0156250107149486 0.0428043423218384
-0.0162401870667449 -0.0197065148188632 0.0057023921130926 0.0312974748853165
-0.0210072268826713 -0.0184649269076301 0.0175199786719444 0.0165148673960433
-0.020647801505262 -0.022393253977996 0.024065219458399 0.00362014333222694
-0.0144501187876676 -0.0389555731092671 0.0346669121736724 0.00257076252309787
0.0135871803250454 -0.0455942522289148 0.0390903793609162 0.0173656428621756
0.0422872299251931 -0.0250934155716713 0.0227659852482089 0.0415780651871495
0.0570614116561981 0.0213175474054541 -0.00791543694015104 0.0606365109985984
0.0278180988956202 0.0647209689859444 -0.0385661864917904 0.0525108199552389
-0.0115689943396231 0.0775145074854209 -0.0363701230931631 0.04496504160614
-0.0249210549330297 0.0680159609546905 0.00298879429370952 0.00911641751233326
0.0126810512736236 0.0569942290562613 0.0378866657252544 -0.0236156912552936
0.0391649839886456 0.0296684438802479 0.00561146151683859 -0.0622582758190625
0.0393801410840403 -0.0116527226288658 -0.0487161153631188 -0.0376999546818791
0.0207777567987581 -0.0363873598569666 -0.0479603969728762 0.0122492318720172
-0.00528734096535873 -0.0397123794082768 -0.0231595187740929 0.0291991174173307
-0.0208962867514533 -0.0268559617900991 -0.00402252847528755 0.0223932478547724
-0.0261910041375863 -0.0225712242312726 0.00799482677225196 0.0083720933717594
-0.0242870812185795 -0.0262542294402631 0.0145445095466922 -0.00677658261575586
-0.0190140043479791 -0.0438290853560096 0.0277284614678033 -0.0127151283917906
0.0103444899411596 -0.0543743473484029 0.0424962099737259 -0.00232166722391252
0.0436464112812792 -0.0361212385944714 0.0380502063757419 0.0272072761318084
0.0676998260427256 0.0154141977296588 0.00759722081777578 0.0543891134520294
0.0360821009718393 0.0704882214023432 -0.0297033080604407 0.0471904164930209
-0.0124706728431092 0.0860119878516084 -0.0264354008446611 0.0233563919447611
-0.0351186855451619 0.0682522206481157 0.0170893186561869 -0.0158334653810096
0.00461671843491852 0.0686440661920884 0.0447073356133855 -0.0330898804465192
0.0419473690571457 0.0431667276258325 0.0211670275691186 -0.0669351050689242
0.0492701263278874 -0.00792298751418654 -0.031678868941695 -0.0500786889578421
0.026761140814426 -0.0393455826711171 -0.0407702423087365 -0.0092306194260938
-0.00371360135267209 -0.0445033298171847 -0.0283927347939098 0.0106707173050284
-0.0222157275538962 -0.0302020153202519 -0.0143516912214719 0.00985705861383514
-0.0271974046709119 -0.0230683088234007 -0.00252023622927254 -0.000455896454025826
-0.0250322494064135 -0.0248847851794298 0.00322139580277624 -0.0161839666130364
-0.0198264016783947 -0.0417147094849682 0.0188473757566618 -0.0264553649994015
0.00718420164502257 -0.0534627717940286 0.0412038341898289 -0.0206071932801107
0.0394382930777859 -0.0383958959102108 0.046703842044901 0.0122790133509012
0.0656577270373611 0.0105662742698844 0.0179699936874067 0.044832644573498
0.035396272575957 0.0668590481496052 -0.0234410014450594 0.0395596246036419
-0.012222088230155 0.0815634807527773 -0.0177596486101436 0.00114609660775163
-0.0375215276947121 0.0558961948975976 0.0323254043173157 -0.0400613282337387
-0.00540824937672762 0.0644574831554095 0.0513893561556774 -0.0412411230325147
0.0331942850753863 0.046752836417583 0.0343337936080101 -0.0650889713469469
0.0471725289234749 -0.00125896629591525 -0.0114369326289185 -0.0564984576521965
0.0270751412063431 -0.0339483287055173 -0.02928924017601 -0.0286427751208017
-0.00144101596528528 -0.0406084003824539 -0.031105052420721 -0.00850040511570158
-0.0198787568388261 -0.0278520160573822 -0.0240946905728995 -0.00255051824791941
-0.0243359027683954 -0.0196506580319242 -0.0125344012814961 -0.00942337550446278
-0.0221017398205344 -0.0214054262116881 -0.00659970864791257 -0.023787545079028
-0.0166746327504073 -0.0350864466957928 0.010408679512621 -0.0357204898767062
0.00559925080375465 -0.0452187364922577 0.037116211749772 -0.032918733878073
0.0329482941528637 -0.0321508022926276 0.0499551859611214 0.00176264242644721
0.0544078764439236 0.0102483184456001 0.0228999420743241 0.0359340642905088
0.0259240621380027 0.0572384284277458 -0.0184382828130545 0.031015853295338
-0.0146557233372731 0.0657768094563643 -0.00908840934155123 -0.0182251966132424
-0.0313249311752553 0.0333869804553045 0.044400319327027 -0.0591345287747559
-0.0118081384110096 0.0458722525970456 0.0554257330412882 -0.0466522610798682
0.0189324175057708 0.0362878840589457 0.0418428714022516 -0.0604162044419903
0.0328567791199919 0.00210820150820942 0.00514869346049496 -0.0562804735362197
0.0201307979213359 -0.0222583302087971 -0.0179897686927973 -0.0416600548761534
0.000416090247784022 -0.0289571686594952 -0.0316969212633858 -0.0235394413135975
-0.014227167013147 -0.0206437361255463 -0.0305068048358519 -0.0130119902319033
-0.0170863366636871 -0.0137430034053321 -0.0202596014950172 -0.0172154004876398
-0.0165423865465858 -0.0153287217157503 -0.0133260235642091 -0.0293155903688969
-0.0119295597736783 -0.02551524679749 0.00551507354341778 -0.0422105554604707
0.00564528400370171 -0.0321939865965427 0.0346393089692891 -0.0394582283240218
0.0263500185531347 -0.0221408545908485 0.051358277916825 -0.00393179221891311
0.0386194422458742 0.0119462482907011 0.0252213328392844 0.0296018219560599
0.0127126110948285 0.0439289598299848 -0.0142015860802302 0.0241032930173725
-0.0165853252064953 0.0432749756587431 -0.000922251800822192 -0.0316062718792551
-0.0178806225995947 0.00567118930247169 0.0493375265759972 -0.0698564839059792
-0.0126933074515082 0.0173125522558291 0.05519663135532 -0.050440888691406
0.00364380703567176 0.0162813238972561 0.0421235883994617 -0.0565273491778578
0.0120056915816784 0.00337423892550826 0.0125299604789669 -0.0544239687694108
0.00788724863373965 -0.00756453106030916 -0.0131437313546145 -0.0465687752218951
0.00134393619342258 -0.0119996803010494 -0.0319195007496068 -0.0306908139373717
-0.00563203924154904 -0.00923845876403602 -0.0344587589934921 -0.0192228663332392
-0.00830846237137702 -0.00643385244254139 -0.0247456939874315 -0.0206701036320465
-0.00894118469241414 -0.00783949292434786 -0.0166693656597201 -0.0334441432115352
-0.00680375818009682 -0.0134449398846193 0.00367150834870967 -0.0456864035017839
0.00447668295983015 -0.0184721628023244 0.0336476057279191 -0.0428461382140485
0.0181936278368345 -0.0117039207638174 0.0525404188723045 -0.0051069686873108
0.0216508533266596 0.0128290542016053 0.0261201953349624 0.0275045558214477
-0.00012391928234337 0.0279022591820647 -0.0108778232495433 0.0196847026104656
-0.0165664591684838 0.0165572718530205 0.00782729649791075 -0.0381351377086929
0.011977759594198 0.0101742133250225 -0.0118708934979083 0.0517840713144793
0.00451961960965118 -0.00701865855040864 0.0256262752272943 -0.00946115445053382
-0.0058471648881344 -0.00583650834741544 -0.0232288219574347 -0.0384503607632314
-0.00433412754208403 0.00362195469466071 -0.0620352528425378 -0.0052420318689191
0.00254134100867903 0.0013470917658466 -0.0446148798663655 0.0485593098220744
0.000354086335566629 -0.0014784665331211 -0.00393020875939567 0.0556721166092045
-0.000460428315714997 -0.000783911771327842 0.0164021210486238 0.0397548800907225
-0.00366248656138578 -0.00350668836119862 0.0290726894260682 0.0259168732780022
-0.00396519395951835 -0.0048160523420704 0.0353837785421237 0.0199496866098049
-0.00282616966970411 -0.0088942964340615 0.0367023503950747 0.0289030034507934
0.00460380628483699 -0.0105787162291852 0.0201725220740821 0.0453265367119015
0.0109105515227554 -0.00282641853868244 -0.0109354256948256 0.055117216960148
0.013447228425726 0.0045466187769851 -0.037860226023161 0.0592078635370088
0.0105043420608328 0.0146586298699844 -0.0604870099445166 0.0537396228635975
0.0031176553778362 0.0261688893550535 -0.0560479379272856 0.0740050761000316
0.00224875519012672 0.0363242292139571 -0.0120616624548628 0.0456112781519269
0.011975872283432 0.0140659072517159 0.0284763652448582 -0.0108467032119769
0.0106932893167056 0.00189454157101606 -0.017509885071355 -0.0454638661614718
0.00837358253078589 -0.0044692843503245 -0.0628554478405097 -0.0124755226757564
0.00743892192827195 -0.0134728928446655 -0.0484561965282182 0.0427945765178122
-0.00286280874531535 -0.0155758875455189 -0.00971896058431299 0.0528703573653085
-0.00955245021776381 -0.0108513439218758 0.0128312347759176 0.0378207963851798
-0.0134802075502213 -0.0124671659865575 0.0254150791263041 0.0226683127822539
-0.013369776633155 -0.0161172962358737 0.0320445402843353 0.0134877684569315
-0.0082202115877285 -0.0281340417075449 0.0383671415858115 0.0182339696970845
0.0131626192332331 -0.0307322864707576 0.0307852965816647 0.0355930739105834
0.0325646986702689 -0.0116424042012545 0.00427407514813822 0.0527137058732068
0.0372353143847104 0.0205782958541521 -0.0258000142065065 0.0633408015960537
0.0170564164633108 0.0470935397292737 -0.0517668975717975 0.0549198831792569
-0.00792242876428328 0.0582829754538035 -0.0489464800793465 0.0639050492773137
-0.0118808246720508 0.0581791383562599 -0.00727624676286934 0.0311220558383144
0.0151738840497426 0.0376574372908692 0.0328076564925627 -0.0159845190638424
0.0277048154429356 0.0148460126119803 -0.00744543549306514 -0.0552596607019748
0.0246250430158379 -0.0103492724423633 -0.0599327765347554 -0.0257835320214943
0.0142332454179751 -0.0273369189222706 -0.0516830720133247 0.0304730917806518
-0.00519099125268571 -0.0296669111756111 -0.0167453202273738 0.044871242066508
-0.0170010722441857 -0.020916929891944 0.00559330798697763 0.032338218160277
-0.0218103886858041 -0.0195694340920334 0.0179405431274711 0.0169865521841306
-0.0209929719489861 -0.0239241540630088 0.0251348089799862 0.00366912856609186
-0.0151376864477299 -0.0411431837995287 0.0359647358920984 0.00273332839405433
0.0143535109095512 -0.0478357380726163 0.0406678851711978 0.0185213728990315
0.0445119608516411 -0.0254740043145295 0.0233218445712542 0.0444114237138086
0.0590667181595299 0.0228020261821928 -0.00945049584003472 0.06346390673846
0.028733974911013 0.0675151799324449 -0.0418783370827674 0.0537064156818754
-0.0128160172550147 0.0812423439847793 -0.0386792079925387 0.046743469668272
-0.0264796367946533 0.0708482068235115 0.00311993709734494 0.0100526488612983
0.0126736584643975 0.0595087560298433 0.0397773471341636 -0.0233400167566112
0.0403081502518444 0.0314551996570266 0.00729386628030719 -0.0650972730287053
0.0411072244163791 -0.0117391983985292 -0.049783398418018 -0.04087034549549
0.0217921241516039 -0.0382044103214935 -0.0504166014983619 0.0117566222327301
-0.00534680447440096 -0.0410206130248576 -0.0238562928361877 0.0301202924016063
-0.0218027170728258 -0.0284007194974853 -0.00426882045261422 0.0231762828825494
-0.026964302501844 -0.0235622506772066 0.00800872023655824 0.00853325369980296
-0.0254576456190894 -0.0274315302205055 0.0149005702713055 -0.00680192456495003
-0.0197501858727158 -0.0459588820478506 0.0289967618345501 -0.0137858777076925
0.0108231426525904 -0.0569959595496404 0.0446889430014821 -0.0030278897912433
0.0461599822825626 -0.0374307630227906 0.0392869757790668 0.0295605951578634
0.0705325210185973 0.0165800891668134 0.00662813560282375 0.0575862393540468
0.0370840685755165 0.0744360868449801 -0.032077841359341 0.0488991701939897
-0.0136144974462869 0.0903235582046705 -0.0282953052174349 0.0241350844853569
-0.0375690757491349 0.0713168745749972 0.0184637105810299 -0.0160668869891005
0.00364868690677092 0.0717649385049738 0.0474394052465061 -0.033244265011384
0.0429689881173992 0.045293940179532 0.0233931337039093 -0.069811415715996
0.0516242992216986 -0.00785911621978572 -0.0318770634216015 -0.0538056186865086
0.0282080896244635 -0.0412337882848649 -0.0430378503598939 -0.0108691019731223
-0.00392684069963001 -0.046556113644505 -0.0298544518058893 0.0106399570860514
-0.0229013537856463 -0.031530997406067 -0.0149192057518097 0.0107703943429922
-0.0280159588474149 -0.0236294460965784 -0.00295030855491298 -0.000708383018854921
-0.026021540266278 -0.0267532884260443 0.00337571309241082 -0.0165893430793356
-0.0203516412611357 -0.0437724828332073 0.0191834846108259 -0.0273129420151715
0.0072724856556572 -0.0560209469924938 0.042917000910457 -0.0216009789741138
0.0411645558528812 -0.0397204383659588 0.0483041327231583 0.0136936056120803
0.0686565705439916 0.0114009956343867 0.0174774826103218 0.0477327174713917
0.0366594154247331 0.070132561738483 -0.0253898394435183 0.0410683602419447
-0.0135422397906445 0.0852606333363593 -0.0187613129907466 0.00109977131361169
-0.0402155598900933 0.0582449815591257 0.0349420359649766 -0.0416260413981166
-0.00601418485336017 0.0678499071474551 0.0541373068380865 -0.042051683146302
0.0343950444784747 0.0491041217968419 0.0370955222479132 -0.068436611498369
0.0490829112805011 -0.00101594225262676 -0.0102954410673602 -0.0597891252203323
0.0282849636650992 -0.0352518495209502 -0.030662364649094 -0.0311932762296116
-0.00144054789321262 -0.0426743397800677 -0.0325249190397335 -0.00911305051229509
-0.0207627424101831 -0.0294744918905107 -0.0244916141655424 -0.00271938601632388
-0.0249331971733519 -0.020628094065857 -0.0131048766388064 -0.0102650758010826
-0.0228490359807894 -0.0221113877226739 -0.00684344316104119 -0.0246061129458861
-0.0171231678474012 -0.0368673955164991 0.0105399109018762 -0.0377070394742053
0.00665944369714246 -0.0470690335342302 0.0391098442690698 -0.0345709931853756
0.0346605091788004 -0.0331538811662032 0.0521595226074103 0.00209374874056083
0.0560600401439978 0.0106402564937571 0.0235144040121426 0.0382055527778096
0.0270775116187561 0.059925686853994 -0.0198140667316886 0.0323596133169262
-0.0155275287280835 0.0688395912110259 -0.00970067617432531 -0.0191693765139142
-0.0331719572765177 0.0352947662122358 0.0474610710069679 -0.0608906618625127
-0.0128458530364006 0.0477755862769778 0.0584680026160535 -0.048113087390562
0.0190217793273511 0.0382206914252233 0.0449347431035592 -0.0629286444478571
0.0344424627310475 0.00318473796812635 0.00671919938244824 -0.0590346623307668
0.021303065087951 -0.0233045866048876 -0.0182736345989846 -0.044348821915833
0.000810509305292482 -0.0304997420908429 -0.0331314037994481 -0.0250836452996517
-0.0147630153889065 -0.0214987989532181 -0.0317681497856958 -0.013967522696064
-0.0180336417772562 -0.014697853096516 -0.02079570692733 -0.0176068275193748
-0.0169321767519773 -0.0163091253195041 -0.0139509626321872 -0.0308094916280895
-0.0122634857679476 -0.0268075819471767 0.00541441846842721 -0.0442388083014414
0.00635227415279825 -0.0338715209936606 0.0365183886124164 -0.0417943502244214
0.0274590526332682 -0.0226518499394959 0.0540366906698825 -0.00314740972114662
0.040220847084611 0.0130501576102356 0.026009191796475 0.0320858328870921
0.0129985750057233 0.04636442258291 -0.0152256673425988 0.0251775007497781
-0.017744261440109 0.0450243310256997 -0.000681327000852156 -0.0329917747644281
-0.0188423319906538 0.00629708203795081 0.0529285043737229 -0.0724049191678685
-0.0130489143568568 0.0181858454138808 0.0588909638945226 -0.0511729764699325
0.0034439843331101 0.016782964254628 0.0450711546064947 -0.0583702412950932
0.0121841313083156 0.00331064812414919 0.0141434523311881 -0.0574795838513102
0.0077603723585617 -0.00781541719874928 -0.0132900063324885 -0.0493004892133722
0.00161494051990437 -0.0126815874851792 -0.0330332475234472 -0.0324965458326908
-0.00596802099484654 -0.00987657576526712 -0.0356699453968688 -0.019934209884032
-0.00804760308841754 -0.0064295616628937 -0.0256158017066294 -0.0222578380461056
-0.00912064710879767 -0.00813518182634393 -0.0173392175401288 -0.0354811273934908
-0.00662504169170371 -0.0138717067529514 0.00421368284669799 -0.0481153322707508
0.00463325352253322 -0.0190753011986006 0.0358998811184826 -0.0448738959216055
0.0191072715786194 -0.0116785944925693 0.054944793317637 -0.00449065582858155
0.0223071786682673 0.0134460579846863 0.0269644712478466 0.0294421371348172
-0.00081882556933663 0.028957455008967 -0.0117680802194526 0.0207220415040426
-0.0170700032622078 0.0170042848616456 0.00824292292919597 -0.0394999234445373
0.0140661914700295 0.00834249588313541 -0.00486123084723925 0.0567770869427773
0.00446368696712489 -0.00735919753582423 0.025984915587957 -0.013005925412967
-0.00680598909384205 -0.00496075495503507 -0.0296958954757883 -0.0366120542033466
-0.00325993062801775 0.0038778001150223 -0.0654606598185765 0.00481796361756406
0.00206240240216023 6.93109616615761E-05 -0.0379150645195416 0.0576100614617772
-9.04571079159305E-05 -0.00163260744592064 0.00437174955462516 0.059139642371118
-0.000698005905243885 -0.00141758136699174 0.0233260051964757 0.0390098581696553
-0.00436646363373944 -0.00270888137306201 0.0335740176593056 0.0223181917764269
-0.005242858121252 -0.00453770734981774 0.0396197560683904 0.015568918755876
-0.0047261546265001 -0.00888595962729768 0.0421684870608605 0.0243861194884746
0.00272286535268962 -0.0111339348040644 0.0271032072051985 0.0449004229425706
0.0111898729158873 -0.00520684537649388 -0.00387970423865315 0.0602744543537655
0.0149182382959573 0.00271321879138715 -0.0311805186317914 0.0668937363844393
0.0132536349618512 0.0133627616829355 -0.0558684745180784 0.0642456124241571
0.00783951793401973 0.0262884858518526 -0.0487341043089227 0.0854724916516444
0.00793905074615771 0.0376411203499196 -0.00706161584599 0.0482453655343522
0.0142457847495397 0.0133771475995104 0.0272843947145015 -0.015379012261051
0.0120036373064367 0.00129198199112489 -0.0257016402318001 -0.0453098110902514
0.00899042379435423 -0.00606943150378832 -0.0682759072920267 -0.00319467179548485
0.00551518937742673 -0.0158141928650665 -0.0439632466086888 0.0527249189533759
-0.0056039173011943 -0.0159981204231267 -0.00145094844811916 0.0574704826808309
-0.0117752164534841 -0.00987162723869256 0.0197436429497392 0.0381028452644887
-0.0158421160666048 -0.0104681530641839 0.0292069605898052 0.0195024152775469
-0.0162761910067652 -0.0146042143590661 0.0351216884608787 0.00892649917408237
-0.0129961850063875 -0.0273493215545423 0.0420858483146763 0.0128702282288789
0.00834942635417053 -0.0337343750581662 0.0375068466783094 0.0332032854889544
0.0320934225431132 -0.0168065972753941 0.0109588517247201 0.0554546467717653
0.0417834235349488 0.015586983445025 -0.0186390314878827 0.0692940968116198
0.0242923525225883 0.0457917596356256 -0.0460013045959162 0.0643655704261483
0.000525114942364478 0.0611668852377601 -0.0424525737419888 0.0745123119070787
-0.00300526994174397 0.0631876300971073 -0.00514441806356102 0.0295919150292267
0.0213186769214296 0.0382397584002262 0.0305647832420817 -0.0216950439904422
0.0316055004247615 0.0121828362874597 -0.0180226815313057 -0.0578750343154278
0.0248210337656843 -0.0142153106106864 -0.0678868146836567 -0.0166950840803238
0.0104672124874952 -0.031131658799309 -0.0491886256764495 0.0410245357614251
-0.00983084824620946 -0.0303006807059635 -0.0103182734207955 0.050802454701417
-0.0206099450625652 -0.0189447893274666 0.0109689919260099 0.0338141613341788
-0.0255231475246147 -0.0166519478770273 0.0210448407852095 0.0148163177464871
-0.0252189384279766 -0.0214113942468437 0.0262134080171808 0.000461826980663153
-0.0214809638363883 -0.039579412980246 0.0373010093465254 -0.00285948614229623
0.00690816067717 -0.0512542390726042 0.0451328053382012 0.0132685135642868
0.0425447104923701 -0.032915326296163 0.0295764622778804 0.0439909306202604
0.0642179754475198 0.0143017093770654 -0.00111771140903836 0.0674110145086489
0.0395957532899121 0.0656658241254624 -0.0342722831257014 0.061509005712866
-0.00085347635783564 0.085365356372706 -0.034294100846766 0.0546722019265267
-0.0162793291712942 0.0795860717098719 0.00263314238282162 0.00420890136742595
0.0219392775975295 0.061721150953326 0.0364246030152306 -0.0322862555389585
0.0470828566662101 0.0274021761643512 -0.00523029941291665 -0.0701488612234134
0.0418484471104913 -0.0180149873694901 -0.0603928257860924 -0.0340527710801979
0.017374905790692 -0.0430783699870061 -0.0519144571043307 0.0220691289889878
-0.0120612078331225 -0.0425166209581086 -0.0201389479143753 0.0373639726755185
-0.0266124301067589 -0.0262026677278687 -0.000423793310946955 0.025933205649063
-0.0312641567423247 -0.0204811553797046 0.00931758821882686 0.00727878203629489
-0.0303030329129691 -0.0239987792260089 0.0140109308047647 -0.00945707680692185
-0.0273744808869608 -0.0440655137597401 0.0276739524342207 -0.0189783589370208
0.00192671004484445 -0.0599747297306151 0.0465830733035992 -0.00922147472538553
0.0417097515539849 -0.0444849532671492 0.0441380011400719 0.0257433352273337
0.0749183268479224 0.00611970030055155 0.0142936107610587 0.0586197424530108
0.0495504292693186 0.0708690460301081 -0.0248296324360565 0.0548721330985577
-0.00078454618247745 0.0950015668374165 -0.025991983448438 0.029829132608498
-0.0276312449306287 0.0820405500647039 0.0142966139808683 -0.0264733778621614
0.0145696099096353 0.0758966943025057 0.043299684742299 -0.0441671796671288
0.0520281505632441 0.0418808031619389 0.0103351467623595 -0.0785930041267866
0.0527841348034069 -0.0147494587061236 -0.0442116621381478 -0.0506028332860415
0.0230979734105848 -0.0468006421360494 -0.0477755436452152 -0.00273036033242374
-0.0110508851928199 -0.0480677924661461 -0.029430082707464 0.0181804399595576
-0.0287142687837543 -0.0297198226196359 -0.0137734646342658 0.0148117468169546
-0.0322428257426948 -0.0206489153936309 -0.00318214459095443 -0.000909602077449859
-0.0308807900263781 -0.0233155318710582 0.00100437889706477 -0.0180274889664373
-0.0275915583382885 -0.041768779116766 0.0156278142205845 -0.0317177692247805
-0.00122133667002852 -0.0581878412347342 0.0416052075133744 -0.0286660012423086
0.0369417194725966 -0.0466643931817029 0.0514895443329629 0.00764522939272283
0.0719732305978254 0.000873440622781684 0.0246426332225117 0.0465734910845416
0.0483632043429658 0.0661309767778933 -0.0191125220029113 0.0456270342756143
-0.00148559375579793 0.0897886380785289 -0.0194911372385132 0.00443277839592465
-0.0327227451145585 0.0690073384009301 0.0285559762580564 -0.0548759999034485
0.00275486227207699 0.0732063108211548 0.0492021463509995 -0.0536866468638059
0.042744385581132 0.0473055743515837 0.0253386104081767 -0.0793889398260211
0.0517642312626343 -0.00679228539067809 -0.0227359252247781 -0.060484513759829
0.0249249481889352 -0.0408587600948366 -0.0385440665857796 -0.0261761222425436
-0.00744811276067783 -0.0444090279283951 -0.0351803476865223 -0.00272388282902167
-0.0251558578846002 -0.0279303356339035 -0.0262999849902162 0.00208187783970594
-0.0281705421540643 -0.0179118832338884 -0.0150246377512594 -0.00840655794929305
-0.0270744221117237 -0.0194973362981076 -0.010782421465442 -0.0248550426271229
-0.0230850935283818 -0.0348167616438075 0.00527566519088869 -0.0406031732966866
-0.000430731624671469 -0.0487016197309092 0.0353537613125694 -0.0417322237077643
0.0305835657225327 -0.0387027248434109 0.0542739543848045 -0.00541424307244839
0.0594569385414216 0.00245271794924243 0.0296059313899435 0.035980033708184
0.0364304429031522 0.0576815621143872 -0.014662068281397 0.0359920537108016
-0.00569370602696048 0.0729114778157668 -0.0126225182016099 -0.0175893330503825
-0.0290113143344853 0.0436867148478988 0.0402467538822625 -0.0758215322304402
-0.00654774638160065 0.0524486938908603 0.0541938024797787 -0.0609550371079123
0.0253093054290621 0.0383772531231804 0.0353429438627906 -0.074075841601914
0.0369553670687324 -0.000493151679335753 -0.00454610730182839 -0.0637101494353102
0.0191056122093997 -0.0269511295560514 -0.0281369295119484 -0.0424906243716383
-0.00389338934490927 -0.0318201128654667 -0.0385939111849632 -0.0198389782637868
-0.0182177733141816 -0.0202900323886307 -0.0361364517478471 -0.00870534947912489
-0.0198726431595868 -0.0127761730022112 -0.024148135760972 -0.0149436050291154
-0.0194168028894449 -0.0141644885669705 -0.019227806001174 -0.0300877942786806
-0.0159736458505127 -0.0253427489798533 -0.00108717640807526 -0.0465608878220094
0.00167326980951315 -0.0352441648247843 0.0312760047367076 -0.0487365349142156
0.0254148894366798 -0.0267363186456796 0.0550271117745622 -0.0113567242806855
0.0427872055674833 0.0074060417097558 0.0315110490196523 0.0290965507472412
0.0200971505866963 0.0449061074189268 -0.0109860210263253 0.0278348460203596
-0.0114389675931931 0.0486002505401373 -0.004901938613247 -0.034061615988156
-0.0185860139900813 0.010403479136066 0.0449314564364542 -0.0863984454448935
-0.0109742476032838 0.021944570053047 0.0544133738361535 -0.0642228121800405
0.00620537159508304 0.0177633550485298 0.0375989559299675 -0.0690347547428023
0.0137425422595338 0.00244379355619716 0.00458146532104044 -0.0627794202979222
0.00772085196309879 -0.00918612431656984 -0.0227220912318352 -0.049408161196412
-0.000235125322558456 -0.0136440092450525 -0.0396690739742524 -0.0281282578822719
-0.006997909528687 -0.00927123161265537 -0.0410266055092837 -0.0148747832130761
-0.00879012096012114 -0.00552901459099212 -0.029383258147162 -0.0191455202513711
-0.0102909734852512 -0.00684304576339557 -0.023261062463831 -0.0340361752198898
-0.00887710957268741 -0.0132863324371859 -0.00284506925010424 -0.0499865645173267
0.00206502995152767 -0.019683484660356 0.0308764925419114 -0.0520228374068036
0.0176836875231564 -0.0147205269243474 0.0566002577721436 -0.0125221360247696
0.0246849698801249 0.0102224010748521 0.0321614843808506 0.0268225135045023
0.00359984099296386 0.0293997774698551 -0.00867727189233276 0.0229559414842441
-0.0154747552992622 0.0194310111270658 0.00293797363442681 -0.0424427618136873
0.0150853711025011 0.00737598810890697 -0.000861751898114055 0.0578440427262875
0.00395031711508118 -0.0081728864706824 0.0253479057862986 -0.0147922959899256
-0.00713380392169434 -0.00453615478455964 -0.032150799145333 -0.0352964861714654
-0.00281820783140535 0.00416805286474132 -0.0666137803486839 0.00907684753656192
0.00210680714165313 -0.00022953498851361 -0.034297458541318 0.0613200332381115
-9.97158301643569E-05 -0.00141645637190781 0.00901726410035272 0.0592391122686621
-0.0006713855400301 -0.00080134142764468 0.0267295438222291 0.0383019082172567
-0.00476644503920088 -0.00277035234773091 0.0352501166490213 0.0201102787094511
-0.00577148307953385 -0.0040326182927015 0.041226524844775 0.0126510873412199
-0.0055679541826186 -0.00834694665290408 0.0444373779976425 0.0210081600931139
0.00166487232803014 -0.0114228122809264 0.0310520773609836 0.0432609557349585
0.0111228938686573 -0.00599602066359006 0.000210080059715629 0.0615635128468535
0.0151809931537048 0.00165842663412632 -0.0270947475582863 0.0699362030949668
0.0138072196781091 0.0121890691928707 -0.052866579036648 0.068164426591311
0.00990908877323308 0.0261788227650751 -0.0437270804777073 0.0904440693182827
0.010763212532412 0.0372893876574683 -0.00359836274012006 0.0499572435281611
0.01588275294336 0.012282165458007 0.0268952913051981 -0.0169679944264589
0.0120488282344654 0.000551291811999239 -0.028854729132899 -0.0446415382640412
0.00860819125163599 -0.00621310210607599 -0.0693583269723755 0.00110570997225327
0.00395022609735571 -0.0163130921324197 -0.0404292798869941 0.056694981382857
-0.00683099847749927 -0.0158010768208139 0.00290739934228403 0.0583946632191813
-0.012432823146678 -0.00933003612494291 0.0224523378260141 0.0375522813402973
-0.0173286349725407 -0.00960757170868996 0.0309626945598093 0.0180934686291854
-0.0179091032830292 -0.0135016999906311 0.036054415792126 0.0066033775202426
-0.0155518251809333 -0.0267468039401116 0.043192829847584 0.00975007451055948
0.00584175983645167 -0.0344858579851682 0.0402846739498764 0.0304595203311762
0.0318164678216376 -0.0196417086629943 0.0151458505339943 0.0556551133425673
0.0436171477325581 0.0128228237102142 -0.0136346556402793 0.0711325367416062
0.027619790037735 0.0449430621326735 -0.0423201952112966 0.0680196066192269
0.00544512110507908 0.0617331160862268 -0.0380790403037517 0.078768180559706
0.00190748211583998 0.0641586138576799 -0.00316161250750512 0.0307146551556973
0.0242018730249943 0.0369352251537262 0.0300534875614172 -0.0239293109833809
0.0327203003955012 0.00978513450563868 -0.0217661355171001 -0.0576196495843091
0.0241996466605955 -0.0159818367936102 -0.0698758547021701 -0.0126496038939361
0.00796119389329744 -0.0323664145104273 -0.0469151812732165 0.0449785774095453
-0.0124447896931241 -0.0301649613575332 -0.00637518122410612 0.0521499078531936
-0.0218039254424856 -0.0172407543919295 0.0139108997056153 0.0336476725423626
-0.0266351657615995 -0.0151839669541096 0.0220647095806231 0.0130299062113632
-0.0271808967869456 -0.0198947142703906 0.0259058677180497 -0.00205465949765896
-0.0253681076845093 -0.0382583553858343 0.0373676935682493 -0.00598052816968926
0.00268187269426327 -0.0520555787376318 0.0468395129291797 0.00922719695885847
0.0403299120214965 -0.0365617427912973 0.0330378586059778 0.0427374845906947
0.0664743913203243 0.00953733064271444 0.00308582137821445 0.068246680057771
0.0447088152158828 0.0632877302189634 -0.0305984167572992 0.0645394007648137
0.00552335421733547 0.0864047770496046 -0.0312110654071638 0.0587005332851905
-0.0105385715734547 0.0819409650496241 0.00294498758825028 0.0046409996643321
0.0265521530051037 0.0609187720356141 0.0352666698205808 -0.0342935167995786
0.0496314132584839 0.0245100424024003 -0.0104529983588935 -0.0714768750460376
0.0411022573521599 -0.0210813053273535 -0.0640399228042762 -0.0305726364115712
0.0134325242122141 -0.0451929851902968 -0.0513240801661118 0.0256340784867589
-0.0158010436008902 -0.0418610999427282 -0.0175986634704409 0.0389579600725339
-0.0290412001095666 -0.024482517565259 0.00140409107684509 0.0258698572775036
-0.0327284741596301 -0.0183380699180697 0.00975812804068664 0.00662782387439054
-0.0326676650331131 -0.0223257350130225 0.0125513215248091 -0.0106402434908357
-0.0312253304068751 -0.0425202820505509 0.0254899715224198 -0.0212024648521978
-0.00314504580676932 -0.0604688890329175 0.0455159890220533 -0.0135059037379672
0.0396695114384243 -0.0486817185589892 0.0468680652303115 0.0236763050794062
0.0766306274061852 0.000728321336629142 0.0188424236391503 0.0587479458798704
0.0556242532886764 0.0679350058794431 -0.0220811249057273 0.0576139925989517
0.00685947383318985 0.0961633907324913 -0.0242831177837206 0.0324422635514023
-0.0215356098706552 0.0851863669748289 0.0128337486481831 -0.0274563325083307
0.0205479506993527 0.0756193944913307 0.0403992569708232 -0.0469195579116807
0.0555419877241859 0.038583712349163 0.00484841246385872 -0.080850047596734
0.0528728568521742 -0.0183836398451204 -0.0484732745863484 -0.0487516870576546
0.0196811971808168 -0.0491548580316977 -0.0492315817276749 0.000759887137038946
-0.0153345206033236 -0.0476236323196159 -0.0284479646675471 0.0203962138329328
-0.0309709902925256 -0.0274688901024549 -0.0124341223516786 0.0163059070275374
-0.033912926165795 -0.0183297029581017 -0.0033173231521096 -0.000518748494370341
-0.0328179393215204 -0.0213587280046255 -0.00101778208764772 -0.0178892078086951
-0.0315529388334078 -0.0403292730338671 0.0127227735085804 -0.0329236881624678
-0.00600764270339231 -0.0588617674542296 0.0397638476306993 -0.0331964608831622
0.0337355279217413 -0.0494998962475523 0.0523362874060274 0.0043350198505626
0.0726623224030488 -0.00413363927782817 0.0285339800323839 0.0462849914092261
0.0541443230551465 0.063589439678391 -0.0163541138023254 0.0479215748304992
0.00537840375331383 0.0913940133878184 -0.0192604627327068 0.00607610779606894
-0.0278571835188938 0.0724213672895963 0.0255958066473364 -0.0577664501975889
0.00842498892824375 0.0738500672076843 0.046623423535762 -0.0578362365651251
0.0465788228862173 0.0445496688764316 0.0206365846206445 -0.0821164591425421
0.0520393705739 -0.01098752425043 -0.0276181860243636 -0.0605448805706891
0.0222308259375394 -0.0433391331862699 -0.041468513652179 -0.0242857080241436
-0.0117771971708959 -0.0439084981485053 -0.0364473743982302 -0.000238214937241107
-0.0279096540853458 -0.0260866551825979 -0.0259718486897812 0.00406167214390287
-0.0297653447791149 -0.0156367913643119 -0.0160109066295495 -0.00784287476316914
-0.0286438545674211 -0.017952676485291 -0.0136260671055298 -0.0242906475188721
-0.0260507201087586 -0.0338064433653222 0.00196177962347967 -0.0414603888144108
-0.00484291911360287 -0.0491085129823127 0.0326118772892837 -0.0456625032471694
0.0280371561712389 -0.0414361271472022 0.0542525979527454 -0.00863550522179765
0.0596390819870829 -0.00162878944547543 0.0325655715125586 0.0352032289367684
0.0416292462746601 0.0549938925840497 -0.0130449304037501 0.0379610578703191
-0.000292815985359063 0.0740687916190817 -0.0139930345117087 -0.017010214856795
-0.025793050961915 0.046297430775636 0.0351255519267858 -0.0800507900640649
-0.00297241828713846 0.0540796768459066 0.0504849999598887 -0.0655200140548897
0.0281853762298548 0.0371013094880743 0.0307987834831021 -0.0783008716231682
0.0374665352108316 -0.00316745718103168 -0.00869629431219053 -0.0644004796768632
0.0173377058791341 -0.0287701407151636 -0.0317486844156729 -0.0412546693216841
-0.00662494644091839 -0.0320385101400122 -0.0405864142066204 -0.0171389699880702
-0.019336013208866 -0.0191448941402814 -0.0368427219450296 -0.00618592555719371
-0.0207737383148661 -0.0112301347257516 -0.025381531559232 -0.0134162634362425
-0.0209278320345751 -0.012383672658115 -0.0219686562449181 -0.0295577630053704
-0.0179207478472283 -0.0242694591338632 -0.00474897816802772 -0.0475508553758537
-0.00174925227447008 -0.035718977552105 0.0282589629218084 -0.0527779839859608
0.022953487009014 -0.0289301094757771 0.0549067202795053 -0.0153507408176978
0.043352122054439 0.00455197177453378 0.0337471684993767 0.0280235714421947
0.023541222514762 0.0442145266665936 -0.00933946488383189 0.0299893441481022
-0.0083360514528375 0.049562120526932 -0.00753223428282834 -0.0342146055879408
-0.0179120759747871 0.0122341670724279 0.0394371004767363 -0.0906248681002173
-0.00967334274157582 0.0226724359130086 0.0504898869979885 -0.0683320781191625
0.00764191700130525 0.0173437982218868 0.0334300098747586 -0.073115945506864
0.0141376018978124 0.00155984530509185 0.00033651405314223 -0.064524988245713
0.00724298576942723 -0.00966393401343304 -0.0269928935381652 -0.0487498812540495
-0.00165509866454804 -0.0136814554807637 -0.0426882115936127 -0.0256068979476659
-0.00803065251273467 -0.00869375333094584 -0.0422689737521451 -0.0117801238518312
-0.00894284575682228 -0.00488719795155749 -0.0311276077388215 -0.0175263708543074
-0.0108131561536746 -0.0058189999927849 -0.0260791235502985 -0.0327303645781664
-0.00971922871379317 -0.0124236713410751 -0.00685390865148381 -0.0506746191627107
0.000469020095723763 -0.0202743519027305 0.0272007129031952 -0.0551320922921224
0.0169009778690972 -0.0155204095458296 0.0562958196300005 -0.0165763116439989
0.0255554392051252 0.00911956716414266 0.0347113658144547 0.0252667984806443
0.00596461554897554 0.0294495436189006 -0.00703765983186522 0.024378840457747
-0.0142738980180604 0.0206514796029252 -0.000487167452313894 -0.0429852865166832
0.0149878713385365 0.00562662471319345 0.00333570080480345 0.0562715583743812
0.00311320914611972 -0.0084323039785857 0.0245882394373156 -0.0159125453648163
-0.00684283449431443 -0.00381341453522427 -0.0327005737819144 -0.0326308011131678
-0.00225715990522981 0.00437425766893117 -0.0641375870183795 0.0129392324755801
0.00205731398288244 -0.000559963571262 -0.0287587219393424 0.0609808354355099
-0.000138881808329187 -0.00155566689969588 0.0125362203840122 0.0566277645837794
-0.000843898519347787 -0.00123392730499603 0.0279577867011573 0.035383074854197
-0.00457133246649572 -0.00243759622059 0.035064501373723 0.0171650511384412
-0.00609950235015121 -0.00343509569815748 0.0406236163598936 0.00904118796531951
-0.00606953148134639 -0.00780715227305742 0.0443320476256711 0.0173739241635248
0.00130946827518969 -0.0114108147000203 0.0328020339284221 0.0399619078255076
0.010740058205879 -0.00668821661894973 0.00396533745606325 0.0598192607363244
0.0145966189125042 0.000852818385666817 -0.0217821574258825 0.0687812740846125
0.0141411365194273 0.0112199819948672 -0.0472879064022025 0.0685831761962323
0.0111473528075469 0.0243198811967618 -0.0364032161350061 0.0897865595862993
0.0129580090168141 0.0357247715083736 0.000105918982293251 0.0487305027615386
0.0160637530859161 0.0107042299384337 0.0254602921190491 -0.017948629355367
0.0112744721223 -0.000340230702610947 -0.0308145492083977 -0.0413707157280251
0.00798397310503821 -0.0067850834103604 -0.0671888326819225 0.00549922012234031
0.0028480329093024 -0.0162371500941489 -0.0352504270160502 0.0568015578389357
-0.00773105414337024 -0.0147434189543435 0.00651927981162544 0.0556002932460939
-0.0123725404311873 -0.00825360020988444 0.0240081295371678 0.0343466547695052
-0.0171840045343008 -0.00811081913318812 0.0306285546856522 0.0152184922475116
-0.0187001181032507 -0.0124348223801832 0.0345513021492613 0.00410746779650689
-0.0173888536571663 -0.0246962035339041 0.0418792088242837 0.00624152814136347
0.00283870031224116 -0.0337517916973346 0.0408949011955435 0.0263051049004395
0.0295106351252826 -0.0211431246973849 0.0182208085119571 0.0537892780027625
0.0427991258243009 0.00950336848213971 -0.00883834453935733 0.0696060827824277
0.0295857203854216 0.0415912147181406 -0.0373802807613499 0.0680576460975062
0.00896137058760885 0.0592243624358355 -0.0313961523820571 0.0783345396930715
0.00656067412220329 0.0616999355738643 -0.000533152369491994 0.0304899788575839
0.0260348557781269 0.0336429433705439 0.0284156210649744 -0.0239143115780699
0.031996124764469 0.0073158734251073 -0.024512929895448 -0.0545584664316284
0.0223709982429041 -0.0169291948724383 -0.0686823583106301 -0.00805963546866873
0.00542584261147512 -0.0316101700477845 -0.0427287716974943 0.0460306181687698
-0.0146777291625488 -0.0281526795862133 -0.00284319404709076 0.0504625994928789
-0.0224671863635582 -0.0153561309488349 0.0153719018270607 0.0311098107238152
-0.0271817410844281 -0.0125865758839479 0.0216794065364139 0.0111302302327503
-0.0279752431938375 -0.0170793917694938 0.0246716505939421 -0.00327215512068519
-0.027058223046745 -0.0353327252548498 0.0348806384198803 -0.00843943953532987
-0.00121856344178021 -0.0503712597218433 0.0455658005160927 0.00559530604517677
0.0370957360206066 -0.0376740440054151 0.0348846776300886 0.0396439595802626
0.0643845986624733 0.0052597374632741 0.00753078905080924 0.0660412188578219
0.0472721966911112 0.0577448058892532 -0.0263965769081853 0.0646916821857882
0.010792889431442 0.083532545112142 -0.0261031926340408 0.0589032834987455
-0.0043370465482823 0.079252670116153 0.0035066337060374 0.00472570926464573
0.0297609436993807 0.0564377983408538 0.0322950407119371 -0.0346883520777745
0.0494422823379779 0.0201459735862773 -0.0140832326128261 -0.068645927791095
0.0385479009848932 -0.0230425374276718 -0.0633988942589198 -0.0260181185477777
0.00993642059176684 -0.0440894074324233 -0.0479929186291234 0.0276672969284491
-0.0185405158191703 -0.0393314065849897 -0.0147183860418486 0.0384845479114082
-0.0293466934201541 -0.0211507985466332 0.00294838094646998 0.0246609587390381
-0.0326821383351836 -0.0150105139305358 0.00984229108436388 0.00562951723061045
-0.03352047754907 -0.0194876983753969 0.01104304815104 -0.0108945448275143
-0.0334603023396564 -0.0387191459088159 0.0230829139195067 -0.0226061350660613
-0.00752031690240928 -0.0584294788159118 0.0430971087730782 -0.0168684540471737
0.0347403071354445 -0.0493368730229776 0.046597040870946 0.0201480147324495
0.0729694387905682 -0.00462871801132194 0.0219626783462788 0.0561587958648621
0.0581425866600806 0.0615874113966363 -0.0175001730338543 0.0573930780790335
0.0125898035282403 0.0927460021078608 -0.0211202443361835 0.0333188621430539
-0.0151630160921146 0.0837665769733464 0.0110853106189463 -0.0267444332532159
0.0243988681337514 0.0715916070633466 0.0371244714171706 -0.0464973240238081
0.0561234623321515 0.0337696087036653 0.00037128519814834 -0.0781509887993339
0.0495992195898267 -0.0215177203787079 -0.0501176004683605 -0.0443919702031608
0.0154274269592527 -0.0491288537425715 -0.0474601827014903 0.00333046747001306
-0.0182676487991444 -0.0448058718969466 -0.0262167494452122 0.0215087346303843
-0.0315744678280925 -0.0243583190699901 -0.0113517096696724 0.0160197618881892
-0.0336787056849162 -0.015304293062642 -0.0034621249357745 7.64655731694911E-05
-0.0332302171215353 -0.0179670678854522 -0.00257707367068949 -0.017402552600298
-0.0332650339564968 -0.036125865283228 0.00972848938795897 -0.0331461104784282
-0.010192066203298 -0.0567447086345516 0.035694561635172 -0.0349748125842879
0.0288479011390442 -0.049927237593577 0.0512442290138226 0.00126649055196507
0.0693878403224624 -0.00908194844145917 0.030414834527481 0.0436145729629355
0.0564126549377144 0.0573170858390859 -0.0129560172056913 0.0480259296086663
0.0104005996339083 0.0880090829601129 -0.0179829764850968 0.00749392805695416
-0.0215644678580814 0.0721112351655395 0.0208786657835224 -0.0567989103556327
0.0127358843294022 0.070473240956484 0.0416754065182156 -0.0577542119902657
0.0476394371794369 0.0402606555395782 0.0147600996334637 -0.0807096610008165
0.0494361252668977 -0.0140285534851172 -0.0297323484526851 -0.0572892427956585
0.018056606335202 -0.042832316356204 -0.0420463052109532 -0.0206971617118232
-0.0146753690912305 -0.0417002967667103 -0.0352166201470799 0.00237127991124262
-0.0286299415139182 -0.0225247924044854 -0.0253050575952725 0.00563682246526978
-0.0294724171567831 -0.0131320088725592 -0.0158743238300799 -0.00599175853505786
-0.0286813842867965 -0.0149221713841468 -0.014912288911362 -0.0220672604808312
-0.0273986995403676 -0.0308790674710847 -0.000996458309220402 -0.0402608454546699
-0.0080935747394085 -0.0473962470160378 0.02820877748687 -0.0467433565004232
0.0246701960087951 -0.0414988825458291 0.0519564300311184 -0.0118705614139559
0.0569618620166438 -0.00542856574598999 0.0339279731783442 0.0327000589174099
0.0436765746675149 0.0502695854695789 -0.00954181687585805 0.0378159487938981
0.00447818305627226 0.0715338435109684 -0.0145702721314713 -0.0154195741765479
-0.021805611129609 0.046760817408184 0.0291450458911638 -0.0792030284256803
0.00068798593154951 0.051938261135683 0.0453880916815015 -0.0658661976170182
0.0295813650803384 0.0340768722161841 0.0253124251559482 -0.0767810104355115
0.0358876265516102 -0.00538160361848233 -0.0119771083524831 -0.0622237563188699
0.0149343337881897 -0.0287245376576184 -0.0342354833515012 -0.0384964819154516
-0.00915467203230495 -0.0301369697749276 -0.0404449067182047 -0.0136574478619629
-0.0200321081062374 -0.0169849966176191 -0.036017386037815 -0.00318053616765207
-0.0205276534656671 -0.00948651275078571 -0.0257395986398683 -0.0114332838162727
-0.0203957724700531 -0.0100915492123128 -0.0233172350146335 -0.0266188457626135
-0.0188184880891518 -0.0218280302286809 -0.00773487776167331 -0.0450464338695349
-0.00427297188159686 -0.0345180454445587 0.0236620532363769 -0.0529795137958157
0.020511153479202 -0.0289331594088062 0.0514359394589578 -0.0185052362695042
0.0418893672685851 0.00171559332337237 0.0347277389643714 0.0254251307259064
0.0256672969788614 0.0408753933165039 -0.00749974236303032 0.0291731656253662
-0.00506396190733793 0.0484309353072634 -0.00921247920647858 -0.0322015235750503
-0.0158067129574277 0.012988179604645 0.0325650265350362 -0.090201291622353
-0.00735701329105027 0.0225094368222168 0.045277717364618 -0.0688440864432605
0.00772989080109852 0.0165694773956499 0.028059864314942 -0.0722574933678733
0.0137672990842927 0.000951257274575131 -0.00364399637002038 -0.0624226408777775
0.00630041613568917 -0.00973047962182855 -0.0300695046166512 -0.0454166618237112
-0.00302594350388329 -0.0127524315942545 -0.0431817902555186 -0.0223272612625554
-0.00857994364020552 -0.00777509036752542 -0.0415842922705392 -0.00871255736128521
-0.0087331340092261 -0.004180860719539 -0.0310388083472625 -0.0147409590851942
-0.0105119075887629 -0.00466137173234916 -0.0271507960432999 -0.0294177204383128
-0.00979752378943159 -0.0110578908805898 -0.0102582309423601 -0.0491814941828723
-0.000658128281528946 -0.0192988481196371 0.0224112679612973 -0.0553287590262068
0.0151617669216776 -0.0164172768089772 0.0535450514452398 -0.0193790890223704
0.0249480238307994 0.00720079066265657 0.0344674440293362 0.022494393387648
0.00767495059969574 0.0277314992960148 -0.00526130060013982 0.0236739265122107
-0.0125156747271121 0.0202461168816082 -0.00323978018095046 -0.0415878100328483
0.0144720834389667 0.0047800352678775 0.00492441817192842 0.0531617076960664
0.00237397307695509 -0.00813247039823854 0.0234560765905042 -0.0153039668603811
-0.0063425489052261 -0.00301870959479715 -0.0310808801624761 -0.0306447338983828
-0.00183791665527156 0.0039447424178719 -0.0610420749477216 0.0133844231348289
0.00178361726543974 -0.000785245544629669 -0.0260317210198361 0.0579050792157721
-8.19617815025271E-05 -0.00118207493725209 0.0138241595616469 0.0530623039450424
-0.0010837666308179 -0.0014614385649203 0.0277678694355986 0.0330416791302836
-0.00441759648463659 -0.00192503234464087 0.0332636732670491 0.0158661390523492
-0.00565621575080737 -0.00297167932530454 0.038385539882389 0.00840541355480302
-0.00635571014995467 -0.00724584942226165 0.0415094326396005 0.0152506525718475
0.000981301100466237 -0.0106997759032492 0.0318404830285607 0.0370877078115036
0.0100133567339311 -0.00671359245623448 0.00484140357793236 0.0567136629113102
0.0136339206709497 0.000532172879194524 -0.0199080624500173 0.0654062295030176
0.0128950410987756 0.0103613718097048 -0.0437095299069321 0.0655734104144883
0.0108624270386739 0.0225313264844287 -0.0321480639227937 0.0851039979494248
0.0132071148813738 0.0323331707445396 0.00203507899422136 0.0462064619891399
0.0149948884368707 0.00973004264445684 0.0244521211055875 -0.0172411816688645
0.0108093887005409 -0.000249133580330217 -0.0292902369114851 -0.0389456757965989
0.00783500018256039 -0.00643230912260577 -0.0634712734475524 0.00622126806772604
0.00224492574259735 -0.0152859212444741 -0.0318912301317221 0.0543261375242398
-0.00800468264572771 -0.0130458060479763 0.00745110236840336 0.0518145568126433
-0.0119241826774916 -0.00765307843834103 0.023628538456161 0.0318253971216542
-0.0164644304290308 -0.00745050678654622 0.0292235846109157 0.0140457261404872
-0.0179573473479919 -0.0104707115874121 0.0324665994325574 0.00309495844358762
-0.01716006766207 -0.0228362547448859 0.0395701657884261 0.0046716791595181
0.0019757325313484 -0.0314032243956634 0.039288889659168 0.0235216308406824
0.0274954005422279 -0.0202473192003625 0.018513616627224 0.0499364728332499
0.0402915302435823 0.00790167631862236 -0.00727408965483192 0.0658704739814415
0.0280980462607952 0.0382626338914904 -0.0342560891278656 0.064996039763323
0.0100677461269992 0.055883460741696 -0.0276778655795958 0.0746176312152911
0.00780836807855833 0.0572784578058687 0.00073463032748488 0.0295632634058323
0.0249420235594524 0.0307844784614305 0.0271472808682614 -0.0228446137408375
0.0300077905469305 0.00635389081098067 -0.0240520026148008 -0.0513748391018797
0.0209103435110461 -0.0164636863476417 -0.0646335977277759 -0.00635566118801746
0.003940782015694 -0.0300700898085508 -0.0391500216015676 0.0443740720639732
-0.0146668601391648 -0.0256899508649863 -0.00153107832496857 0.0476561461868715
-0.0212635144296567 -0.0140759966041804 0.0152222508563249 0.0293706814483876
-0.0255700788317594 -0.0110240126912287 0.0207017203775668 0.0106392381783372
-0.0269797486321858 -0.0158335746492331 0.0227647533816346 -0.0035085328914337
-0.0265081835381828 -0.0324136963258083 0.03243672953773 -0.00861746480611454
-0.00301286549359647 -0.0474887575000161 0.0427790081143305 0.00385930586381719
0.0337346233791664 -0.0364199701656735 0.0336830710382558 0.0368406341166033
0.0605097138343519 0.00327399209219009 0.00854927919971614 0.0625944844332398
0.0457014327127651 0.0534372973343047 -0.0240496380887407 0.0614086133310942
0.0119380303140152 0.0784417518917336 -0.0226109674325052 0.056202112017999
-0.00172691493225841 0.0743575720679179 0.00384215007211556 0.00496547988966515
0.0292721176238414 0.0523805213397897 0.0304534664355671 -0.032364424309709
0.0465728999886196 0.0179878373588584 -0.0145685260756751 -0.064295518125792
0.0357014340677045 -0.0225500749654131 -0.0603687261581345 -0.0234792785980337
0.00827018687500204 -0.0420684340857459 -0.0446222070409736 0.0270165700591001
-0.0185911100050725 -0.036094618009567 -0.0128874281590163 0.036799421021284
-0.0281400035319439 -0.0192793932838128 0.00356295291911283 0.0233705267328547
-0.0312012129355678 -0.0132823765360304 0.00927661221696096 0.00562019717914025
-0.0319191372900407 -0.0170916899448998 0.0099715259298284 -0.00988118198960372
-0.032762166759841 -0.035313991115241 0.0206539560319763 -0.0218828786040044
-0.00910129988403672 -0.0544179828249783 0.0396376574357394 -0.0173535717551425
0.0310858685086099 -0.0476796062960773 0.0441184327464493 0.0180991113486414
0.0685316768632784 -0.00598226022349589 0.0222514811973411 0.0529900391902041
0.0565064345862911 0.0560393094886783 -0.0155591502271092 0.0548002619685204
0.014133745828743 0.0874877087607856 -0.0188259123829088 0.0320667364020249
-0.011929712470727 0.078695303153232 0.0101653214903576 -0.0250309574714385
0.0249393939594448 0.0667047796759311 0.0346392209791049 -0.0443443853894517
0.0532647844194759 0.0305451814607922 -0.000880413526708007 -0.0738458139258805
0.0466484863430497 -0.021278498587337 -0.0478615886436576 -0.0414602377328661
0.013127534304662 -0.0464600987913145 -0.0454932362662197 0.00406301988667614
-0.0188764943350896 -0.0415553718910655 -0.0242451474130806 0.0212700082073502
-0.0306848836104422 -0.021989077470917 -0.0101642898325249 0.0153266347231352
-0.031962856408658 -0.0135706210481175 -0.00346591666678672 -3.26756360982392E-05
-0.0321838616969934 -0.0158111694507287 -0.00311827236819741 -0.0155579424334709
-0.0322983859178089 -0.0334730602037525 0.00803938891223534 -0.0314507263590015
-0.0117282491496123 -0.0527444229759661 0.0321382581920245 -0.0341390211002797
0.0257979634254455 -0.0480417972521521 0.0482004140863817 0.00028266071445166
0.0647841110278616 -0.0099814744961868 0.0293690062994295 0.0405571516729325
0.0544791211280372 0.0523064682596518 -0.0114479287267914 0.0459790335271508
0.0125569537075812 0.0824781615283709 -0.0167342575677772 0.00782580007515427
-0.0185443823464388 0.0681609675133553 0.0189149872678087 -0.0535536855326766
0.0134081379444146 0.0654999250853918 0.0386430840991499 -0.0547601193560711
0.0457221018987657 0.0370149017161518 0.0122004319952189 -0.0761721452756218
0.0463241753310083 -0.0142719603389188 -0.0292793825551941 -0.0535528779776077
0.0158756321163955 -0.0410495449571294 -0.0405317247321394 -0.0190420592452662
-0.0153112379489429 -0.0385862332562655 -0.0333251243051198 0.00226410599510783
-0.0274711928227031 -0.0209804520675828 -0.0232698181631339 0.00600674884066234
-0.027510019130364 -0.0115316057563127 -0.0156566471819782 -0.00566343544415254
-0.0276741035227884 -0.0132839509133081 -0.0148028918751048 -0.0202577609471956
-0.0271051151707183 -0.0278588127359516 -0.00251148165989238 -0.0378607746453632
-0.00920747008278462 -0.0438280909999585 0.0248188478338827 -0.0451059469681492
0.0219082165628589 -0.0395632395704429 0.0486061856836475 -0.0121298948668647
0.052716045813902 -0.00624681073737193 0.0322618466145249 0.0303499368411728
0.0423919083876526 0.0457109148000969 -0.00844582567313988 0.036703838896152
0.00601938266366941 0.0673721460790777 -0.0138543519038061 -0.0142933404848923
-0.0187516629798994 0.0441166381695834 0.0256217772711921 -0.0750383255234894
0.00225476139210102 0.0490306230754765 0.0418444989246382 -0.0620275580910104
0.0283501833786898 0.0310387832633814 0.0219965746329369 -0.0729437668129067
0.033506199758913 -0.00598145236733593 -0.012486883615133 -0.0587492097360352
0.013108274279381 -0.027217969607766 -0.0327789000489726 -0.0354812772777718
-0.00984125942689379 -0.0278817456269159 -0.0389342919084735 -0.0120306496289439
-0.0195176512281418 -0.0152558057489036 -0.0332654692361261 -0.00238167621836822
-0.0194218596143457 -0.00838103928299784 -0.0244728956296335 -0.0100149734355638
-0.019492590295584 -0.00911095434841974 -0.0224901155242757 -0.024315396308326
-0.018454347271221 -0.0201907503919785 -0.00840757683645062 -0.0427003943529302
-0.00481174443102866 -0.0323631053274497 0.0205280735160236 -0.0510123066266082
0.0186905826797638 -0.0278122059836757 0.0482493917996078 -0.017768716019504
0.0386372986827485 0.00108255205140994 0.0329661107458353 0.0238591906298917
0.0249998024263298 0.0375500829214963 -0.00590978837407917 0.0283929846571985
-0.00370205774298639 0.0453305104760381 -0.00937263185824178 -0.0301141136004183
-0.0145726966944137 0.0125368792169188 0.0288418090750853 -0.0852998863793465
-0.00652743928379291 0.021083500053531 0.0413003627343086 -0.065720968532339
0.00757724051128024 0.0151779697515351 0.0251505878339445 -0.0682217418014033
0.0129818225407478 0.000171097947226716 -0.00413378682574114 -0.0592715599206472
0.00564429978940906 -0.00926726638031649 -0.0294568118840305 -0.0424099617849388
-0.00362841653895045 -0.0119529164179714 -0.0414965566312134 -0.0196675594905841
-0.00822358359680345 -0.00746916582972344 -0.0394397369347073 -0.00724505538032249
-0.0082677349483328 -0.00361251420620564 -0.0298169382951458 -0.0128226565501799
-0.0100071066324932 -0.00397190324927615 -0.0263756846368736 -0.0271076801226455
-0.00938315968786227 -0.00993262243569271 -0.0106506704825538 -0.0458713908761746
-0.00143326908002806 -0.018521532085538 0.0199251012635372 -0.0525261806558846
0.0140535852037255 -0.015836972370668 0.0499023056608219 -0.0189812687007121
0.0237610172873704 0.00639766493931052 0.0332013686050813 0.0209237966017924
0.00764481336662675 0.0259920885784065 -0.00416858153539328 0.0232595662005803
-0.0120157685707847 0.0195620330560538 -0.00415481941428232 -0.0390325121810201
0.0131462798139629 0.00469946973137945 0.00435937155503497 0.0513071007187006
0.00249968986327376 -0.00769552499839526 0.0226950553441475 -0.0141460932517618
-0.00615727097832684 -0.00298773135459765 -0.0290955973496486 -0.0300720152517685
-0.00174902275221707 0.00324888880673187 -0.0584099600344738 0.0116019697562071
0.00185990815757821 -0.000631815309997208 -0.025891583005534 0.0548144188523128
-1.56373893831589E-05 -0.00117995567273146 0.0122051666047167 0.0507476849782011
-0.000878019916826561 -0.000977203618663706 0.0260003287315778 0.0322369157154161
-0.00439554966281179 -0.00232247759910963 0.0317888528034721 0.0159745027493505
-0.00590343475901155 -0.00297858004280012 0.0362867233091173 0.00840375224126709
-0.00600893822517942 -0.00702756444149858 0.0396963119944323 0.0154581906651229
0.00112279897240504 -0.0104319193161143 0.0300746003359833 0.036652792947288
0.00988653064539642 -0.00651684738421083 0.00373795994858175 0.0549532415623968
0.0132567242219974 0.000817153780075057 -0.0202418121153859 0.061709497069298
0.01215583972537 0.0106328642113651 -0.0435734879458557 0.0617247116397662
0.00956725915319056 0.0220719488643768 -0.0323966075282891 0.0809308329440554
0.0119688098960727 0.0310514174883681 0.00148315790007943 0.0445092581895101
0.0138667690850372 0.00964179929334669 0.0245886415641079 -0.0156704294392684
0.0103088731387898 -0.00014245343403836 -0.0268813624034902 -0.0379485793422163
0.00777138118340554 -0.00633326790072853 -0.0612154841541663 0.00456148063350302
0.00207831456029651 -0.0148501735772417 -0.0314965175580811 0.0510347257896903
-0.00750823932433603 -0.0129012671226979 0.00661794196943128 0.0502537634394655
-0.0110437805085417 -0.00748547881115428 0.0218956370703567 0.0313190102198882
-0.0156810383125965 -0.00722893590243535 0.0278160015299258 0.0135536391986373
-0.0171219058833676 -0.0107736423302311 0.0306750200393721 0.00378139656216321
-0.0163425599807213 -0.0219223744016956 0.0376152307620651 0.00514237683077729
0.00226090199980716 -0.0304149046761023 0.036528510281123 0.0232523010931714
0.026535076513248 -0.0191018080726092 0.0164948654674848 0.0491985101946168
0.0381777023472271 0.00861294265116961 -0.00858819222453669 0.0632097130121957
0.0261425397401179 0.0375579326214698 -0.0342702103901754 0.0617444092459149
0.00802357915309343 0.053744470025426 -0.0281430748640938 0.0709419030741431
0.00638042889177816 0.0550000535432875 0.00094694534436292 0.0287627438668357
0.0233637214527008 0.0298405586876486 0.0267268999936123 -0.0208447661224623
0.028731512429702 0.006685809487027 -0.0219419879290963 -0.0499112456961376
0.0202019478415075 -0.0151794471836139 -0.0622698708971452 -0.00779217199435221
0.00390066732943029 -0.0286890867784683 -0.0384504135491303 0.0415446221228807
-0.0137897882325976 -0.0245935859971097 -0.00226653290611181 0.045395007341132
-0.0207429851210103 -0.013995597951361 0.0137902383192636 0.0281583554085802
-0.0245005541372061 -0.011452467419594 0.019285364046957 0.0104927090206473
-0.0259530725349542 -0.0151928949730215 0.0216664236704963 -0.00269832483052418
-0.0254043875014223 -0.0314816778887456 0.0305833077047963 -0.00807559425541869
-0.00204516547608063 -0.0457902433863799 0.0403399521302453 0.00422273226641543
0.0329860506733634 -0.0348707343539464 0.0318481527460645 0.0361655026461049
0.0582516069997779 0.00416731767526427 0.00658078518103537 0.0604787815190907
0.0428415199401198 0.0516212373458291 -0.0239883916284834 0.0587682706459614
0.00972691576314469 0.0757578320032148 -0.0222790303337678 0.0533264374003298
-0.00286598635345519 0.0710148208393482 0.00421317055372386 0.00526466486116217
0.0270146216818105 0.05090295016255 0.030638591675288 -0.0299112104604825
0.044329493903918 0.0180641049086749 -0.0121555420285318 -0.0622521653440584
0.0346436269246891 -0.0206224634854706 -0.057456237877759 -0.0246470794736647
0.00811238037800306 -0.0400026459763499 -0.0437797798919799 0.024589068644492
-0.0177795926731596 -0.034962653558852 -0.0127532269281991 0.0345520595351284
-0.0266595889642267 -0.0188390783676199 0.00316018253577361 0.0221795393714814
-0.0296825179765061 -0.0135119476927418 0.00861725350363118 0.00546634176554606
-0.0305534387168731 -0.0168056867995886 0.00938200004616489 -0.00921727758547586
-0.0308929614280015 -0.034165109897364 0.019727208971568 -0.0206323098150512
-0.00795750822176705 -0.0519396239777254 0.0379291280256711 -0.0166190574286977
0.0309208744101314 -0.0448845992207405 0.0419928038338631 0.0186061087747515
0.0659207358200738 -0.00450226607996598 0.0198209966247576 0.0513271797175689
0.0526048194859898 0.0547760625187173 -0.0162469944759247 0.052669857281741
0.0121726327203227 0.0840429864126928 -0.0183795471400112 0.0302318168368747
-0.0128128954214928 0.0747615794870295 0.0102219446525378 -0.0231765852354567
0.0225306544443207 0.064110245483325 0.0342715273555641 -0.0401464999057941
0.049824359271882 0.0301526375510256 0.000192357959391419 -0.0707735167166459
0.0448977017114187 -0.01953364347542 -0.0447271880066752 -0.0407996249351939
0.0132229779716199 -0.0445702259935171 -0.0443728618172721 0.00300848718144842
-0.017292961544695 -0.0395498444034333 -0.0240207446932234 0.0195712488777741
-0.0290677224143908 -0.0214739504414632 -0.00992194510710013 0.0141627176646771
-0.0299004987544679 -0.0134957386978594 -0.00344949563420497 -0.00015202164835278
-0.03051023088268 -0.0159647407737723 -0.00329696180100352 -0.0146931783830199
-0.0311955315403696 -0.0324135528755683 0.00793102348360529 -0.0299637356492406
-0.0107439540244614 -0.0502497566970646 0.0310926315728596 -0.0328446500114797
0.0258284001518587 -0.0455311058892735 0.0464272550733391 0.00180998916886792
0.0622005295069025 -0.00820673989312383 0.0278329142830863 0.0400989301037541
0.0513534702294215 0.0503881553766398 -0.0117057311115029 0.0441965435755382
0.0101161475004016 0.0794878854207619 -0.0154149349405119 0.00692484739179944
-0.0186575627201417 0.0643198208733491 0.0189994547120882 -0.0505524177363774
0.0119157209568637 0.0632286400886377 0.0380476608573487 -0.0508346186181095
0.0429622943475925 0.0361187623366087 0.0139544615755689 -0.0728483256316903
0.0444053537585449 -0.0128595426913794 -0.0268795086660152 -0.0522244368665394
0.0156778024696847 -0.038980441613287 -0.0391015393538885 -0.0189208826771729
-0.0148537606754338 -0.0367664253387509 -0.0325408663964294 0.00246798849987512
-0.0259214879196544 -0.0200581140998899 -0.0227974083206152 0.00529230819048481
-0.0262037063620054 -0.0120515662565089 -0.014872613893715 -0.00553934193336934
-0.0259109002789232 -0.0128962972773342 -0.0141047868712485 -0.0194204840959045
-0.0257990608011142 -0.0269579056062788 -0.00168284329339991 -0.0363473120172859
-0.00869689420194163 -0.0423997868987718 0.0238098731329795 -0.0429565768711355
0.0218337733786958 -0.0377894351611092 0.0466993068853501 -0.0105917764973264
0.0504389493817879 -0.0050544951841586 0.0303175414233848 0.0301617237796121
0.0397928376771459 0.0442956072719263 -0.00860297409513111 0.034897794336493
0.00457890056127453 0.0641586126272718 -0.0127299108593968 -0.013541429682845
-0.0188973807520805 0.0416878794842403 0.0262919560916101 -0.0712495343294456
0.00129271805251566 0.047031334151447 0.0413691834531303 -0.0584466776238797
0.0263221502924529 0.0306833518525167 0.0229309061324967 -0.069256708215429
0.0325063567626195 -0.0050982394468308 -0.0108142562747588 -0.0570019685158939
0.012856749025076 -0.0262384201236907 -0.0319702999363946 -0.0342156055737316
-0.009693879156812 -0.0266290302683243 -0.0376374331609352 -0.0121473477772112
-0.0186312846480677 -0.0147563075823161 -0.0324511428856672 -0.00255810966339193
-0.0183522937720082 -0.00851522366852458 -0.0233310981466378 -0.0101962750166805
-0.0180712841945222 -0.0090714837035839 -0.0214857058252359 -0.0232884247513914
-0.017625121796259 -0.0195553900425912 -0.00753609055109402 -0.0406226668644463
-0.00437459677477955 -0.0312556213663926 0.0199796531583368 -0.0482976872633091
0.0186332379734427 -0.0264304014114771 0.0468612342973922 -0.0164585058831529
0.0370786078260983 0.00177114223834957 0.0310903347765414 0.0239451938786251
0.0235832852209707 0.0361657122521689 -0.00641255720331564 0.0274799772064103
-0.00434514332630552 0.0434333512477764 -0.00856367749778403 -0.0291916199597478
-0.014198260145566 0.0113630744008842 0.0291523814567358 -0.0815828576523387
-0.00618232337943261 0.0198282748370624 0.0408857484505254 -0.0618965709772487
0.0069781563507089 0.0150653270102104 0.0251873101394106 -0.0650271226252613
0.0125158115318106 0.000388695565409052 -0.00294437516156717 -0.0571962384429167
0.00565210208054807 -0.00870964322938164 -0.0276255467361713 -0.0406424788651492
-0.0029972180682089 -0.0112883700712169 -0.0399076222194234 -0.0197552039083962
-0.0079834460151776 -0.00648338524245895 -0.0377896237413201 -0.00766407368774094
-0.00760132315118721 -0.00394179580360863 -0.0285386335173958 -0.013080287395891
-0.00929590831443738 -0.00366364311048201 -0.0248717075392566 -0.0264060852802335
-0.00910408510893388 -0.0102276084171399 -0.00936349446107919 -0.0441365719302187
-0.000936754013052709 -0.0179307121211794 0.0194257049315941 -0.0503858345605633
0.0135475949767558 -0.0145513083874977 0.0481798450142299 -0.0172423289053676
0.0221053294800305 0.00657632011075171 0.0307911685306996 0.0213505207497354
0.00678111923098229 0.0248905335750546 -0.004527885708355 0.0221670260356498
-0.0112827269674321 0.0183191432942017 -0.00352099073580638 -0.0374183184020268
0.0122010215288794 0.00646687495084841 -0.00371021260255312 0.0521264991808644
0.00359704265329688 -0.00676971224699174 0.0263076141848732 -0.0101645179499282
-0.00533339990338213 -0.00390363054840145 -0.0234201554222152 -0.034757609671665
-0.00205141014994694 0.0027021945130891 -0.0590741185602851 0.00256647273250295
0.00150689732251322 -0.00051670156548054 -0.0338189081701394 0.049593743762097
0.000367543776987821 -0.00140251175547474 0.00367748936247278 0.0521893225195351
-0.000352820403223148 -0.00167234587182759 0.0206615091764484 0.0361840108873742
-0.00346493588414105 -0.00333410319224528 0.0280702698138476 0.020962026502207
-0.00490355807345321 -0.00433685617719957 0.0343641180811398 0.01503356066097
-0.00458884601995585 -0.00805723900145054 0.035610648630428 0.0220322734894993
0.00326083810087675 -0.00965768658408753 0.0227703663163479 0.0414828883438676
0.0115042698914234 -0.00408126972844548 -0.00619276693822113 0.0548175458447427
0.0130573871233645 0.00463355204519035 -0.0314940427827248 0.0560394139790864
0.0100340117116831 0.0133997397669881 -0.0547386251442129 0.0519167988147941
0.0061240243057477 0.0237924327800822 -0.0476436533407353 0.0735885974885988
0.00743924723602077 0.0316519335834655 -0.00713961976137947 0.0440421198157127
0.0117784499856457 0.0116949758658737 0.0265938441289267 -0.0108392066138315
0.0103103231703155 0.00153905443158538 -0.0210456048932422 -0.0415594459777966
0.00861953485755135 -0.00486047398678317 -0.0606446389203181 -0.00424776640249907
0.00450107305648003 -0.0141969421319807 -0.0388246489460095 0.0452741871902221
-0.00516373575671265 -0.0137608145267518 -0.00105433317383898 0.0508120569988699
-0.00954619631139508 -0.00969461959198754 0.016952283905709 0.0348305200326677
-0.0138106837755577 -0.0101235769538468 0.024506710026459 0.0187696275985803
-0.0146656531240467 -0.0135744897997473 0.0297519232375433 0.00983635408677116
-0.0111806696492797 -0.0244730797798716 0.0353922014057742 0.0122897376469006
0.00785363404490582 -0.0291782831628689 0.0310937536881033 0.0299322117040521
0.0303077728070602 -0.0139932818754549 0.00701168115663251 0.0518482423154856
0.0363865602590326 0.0160791259704263 -0.0203931619128781 0.0597565338663206
0.0190686398493567 0.0416905799098482 -0.0447401478733261 0.053129133925388
-0.00166569926315033 0.0543691370282635 -0.0406530529451836 0.0647959960322633
-0.0020376214765535 0.0540257208132782 -0.00674968940602401 0.027097258246114
0.0175092748715334 0.033320162527731 0.0290850981716159 -0.0155749648704154
0.0268193031500936 0.0116053953231671 -0.0146863108413123 -0.0520264718582636
0.0230399208457114 -0.0112786997307063 -0.0598212452503028 -0.0166894418948671
0.00874396560680573 -0.0273164270441019 -0.0439107614401013 0.0353414150925307
-0.00885784630370117 -0.026672523368812 -0.0087074024376541 0.0445405689616796
-0.0175361441076419 -0.0172445474885188 0.00996173502113097 0.0304568119705344
-0.0214065872495356 -0.0154351731765815 0.0173083197554023 0.0139524558527251
-0.0222311491863823 -0.0198240694676671 0.0209879735435355 0.00157136360730549
-0.0190124724915059 -0.0353000786530328 0.0308613090646071 -0.00204414682732191
0.0059686021025825 -0.0445971551832609 0.0377744526756091 0.011581841134097
0.0393136900002238 -0.0281350726216107 0.0235645301609857 0.0422286277823054
0.0564430330915704 0.0152049494760131 -0.00501749717652819 0.059486736357759
0.0323970342324512 0.0584511385714219 -0.0337129281266078 0.0518944643599486
-0.00369138329013306 0.0762572335370342 -0.0317790298278733 0.0480495021693552
-0.013656270168446 0.0683711933464953 -0.000962158640090054 0.00300122356078569
0.0173706741695288 0.0538615315969955 0.0330480016339153 -0.0239659113518596
0.0401148855387336 0.0254601539180992 -0.00464656279470807 -0.0623916994139062
0.0377665266960574 -0.0140901771921436 -0.053318216553186 -0.0308023096193297
0.01475223173915 -0.0373555925856147 -0.0467258860839105 0.0190134119555236
-0.0113505763279873 -0.0366943441729728 -0.0170613166537983 0.0331563768016758
-0.0228006643264324 -0.0232661526171216 -0.000141534539106629 0.0230038353480081
-0.0262116552641022 -0.0183427656130703 0.00729631789975543 0.00710384811189905
-0.0263467445536457 -0.0218997581942491 0.0105587571624247 -0.00677197700103566
-0.0243611097950134 -0.0385456490880949 0.022109389811519 -0.0157337441764417
0.00120607113761436 -0.052141202555331 0.0388489654410833 -0.00920909421523147
0.0389496928740351 -0.0385849722294444 0.0370766516474659 0.0263155985616687
0.0653494629962542 0.00732773736509034 0.00956646333848449 0.0534473079342015
0.0417518037713691 0.063018034390938 -0.0245822117105024 0.0473454105086998
-0.00349775346987152 0.0844279678390658 -0.0229187683418341 0.0260308496609185
-0.0236975838625352 0.0709444730883713 0.00994646022776854 -0.0246873847731168
0.0111336930760458 0.0663729093431087 0.0376470353394394 -0.0345586129207378
0.0437817578218125 0.0386335070089929 0.00920420090557429 -0.0680111591626552
0.0475671127625217 -0.0112880667034994 -0.0388908146586791 -0.0451449962668517
0.0205953987247412 -0.0406080091754009 -0.0436292507065824 -0.00231531683358969
-0.0107449104199728 -0.0415290293906718 -0.0255436481563693 0.0162029074102138
-0.0245213663970622 -0.0263824331570543 -0.0118624958770039 0.0130488521640122
-0.0268403426779607 -0.0186601793021777 -0.00359904506249478 -0.000734022515315951
-0.0265791972544009 -0.021152309695225 -0.00124769295843579 -0.0144591940625446
-0.0240912588282946 -0.0369660061486212 0.0120332680013841 -0.0276353764631488
-0.00193389107885049 -0.0508005176798846 0.034876118309241 -0.0265810710755616
0.0335871169474093 -0.0401235636125392 0.0442989039795168 0.0108438281979817
0.0622423250879983 0.00278023903135623 0.0193451145004939 0.0441631163437102
0.0411175425619229 0.0586892972999491 -0.0183361952533451 0.0393244967208136
-0.00467331985819506 0.0797418220022073 -0.0161350283432697 0.0029405926206086
-0.0278571806333156 0.059757395468028 0.0237651763088266 -0.0500867389264417
0.001283509862958 0.0634914879909215 0.0436321887042309 -0.0442689210880599
0.035627191346186 0.0430333153294068 0.0219696463983044 -0.0681634724968326
0.0462083530747723 -0.00447764305858866 -0.0198033872969842 -0.0541042339814547
0.0221922870211182 -0.0349479020307273 -0.0353989486124755 -0.0225872452118981
-0.007645164407624 -0.0382309610342878 -0.0313037526781698 -0.00159301300972972
-0.022520447873072 -0.0240546977432705 -0.0224394475141029 0.00231185194294351
-0.0235802641826681 -0.0162267721262264 -0.013657938313684 -0.00776222317137338
-0.0227013779447354 -0.0170416847775588 -0.0108770055666918 -0.0209744304252752
-0.0200915549029246 -0.0308809859525479 0.00392732371350314 -0.0352703004113576
-0.00122832589784617 -0.0427352573927712 0.0300023337493034 -0.0381402436647858
0.0279364454154485 -0.0332832774508469 0.0474722511694131 -0.000988245188828594
0.0507467002773499 0.00411831403766698 0.0240250196631818 0.0350325319201353
0.0309721750670769 0.0503556908626631 -0.0136386817787735 0.0317243768041513
-0.00810349314968473 0.0639711329359601 -0.0098385415056341 -0.0168038640563198
-0.0250101743013994 0.0378415358681628 0.0355493438742652 -0.0685292971817274
-0.00660077217596951 0.0461509413754294 0.048911775120454 -0.0515847630844163
0.0204249450118819 0.0348844082655642 0.0316855025252597 -0.0641230841541177
0.032430420949431 0.000722627599150882 -0.00242883689016708 -0.0562035736756781
0.0170263006279741 -0.0229203579993907 -0.0256787917867735 -0.0375274761094785
-0.00479002686692447 -0.0271669264952418 -0.0342171922053663 -0.0172565931430054
-0.0156914459739064 -0.0180528288790915 -0.0316827237825907 -0.00743818790124748
-0.0163378709029755 -0.011766042795718 -0.0212272778556601 -0.0141581633611885
-0.0161601219147322 -0.0119171564329872 -0.0173452312161525 -0.026149492920017
-0.0143079406454392 -0.022249476702504 -0.000901543359417806 -0.0407480042255425
0.000858471737421092 -0.0311453647619219 0.0277221682805278 -0.0442225360229405
0.0227572251500051 -0.0229746202097393 0.0487258228966801 -0.00718226666025099
0.0360548779364051 0.00822933162802518 0.0255646487309957 0.0295294065253705
0.0160963135116795 0.0393712159661107 -0.0100920069775134 0.0251446298158489
-0.0128477299048539 0.0415732324376646 -0.00263007970399398 -0.0311308343147104
-0.0156101500358153 0.00894490844461469 0.0412857422420127 -0.0761922548850457
-0.00924345885957499 0.0187540634333007 0.0504313517030703 -0.0546716897708547
0.00466412852263111 0.0162387034393854 0.0351736739849222 -0.0596798639549049
0.0121981641612412 0.00279863679287067 0.00575724451220961 -0.0559962505650432
0.00730438981682038 -0.00780483109752455 -0.0205145765942241 -0.0440550612537242
-0.00156149900846513 -0.0107868186284342 -0.0366253538958044 -0.0259327694747306
-0.00662452308123136 -0.00827389261441855 -0.0363886046626356 -0.0129742045665858
-0.006755997055215 -0.0051691189971885 -0.0257376265719144 -0.0180107360751935
-0.00803826339637809 -0.00528533716785288 -0.0204581207866691 -0.0297559956403392
-0.00694104008021723 -0.0112571258152067 -0.00157789938190054 -0.044592052837919
0.00146333073465863 -0.0177171340121833 0.0277100282239967 -0.0460737358274239
0.0160156773899567 -0.0126564914532414 0.0506673223526572 -0.00835029963827299
0.0207404714977893 0.0102898601939857 0.026897864897805 0.0265529426341686
0.00250381774878733 0.0249969595384531 -0.00825104105432246 0.0204694820958472
-0.0156509791891578 0.0153424900906727 0.00390428920262283 -0.0379730443570589
0.0125047032181858 0.00661230767817066 -0.00424250660817169 0.0534430305898425
0.00371710132444874 -0.00723616032753808 0.0281176318939449 -0.009676329074699
-0.00507152322168516 -0.00431542486048908 -0.0227635820334894 -0.0364977363202753
-0.00204164431772685 0.0024297972564915 -0.0613370689602814 0.000692574496335772
0.00116551602355292 -0.000770096295454333 -0.0359785011187714 0.0504698277339424
0.000415677892579368 -0.00129871909398666 0.00306388422506544 0.0538644382268668
-0.00064727259068465 -0.00185068183347954 0.0205678645346726 0.0376231004559813
-0.00404652725511125 -0.00340143809650628 0.0288802356612164 0.0227921960287521
-0.00520174820172918 -0.00457450972497479 0.0349590752533056 0.0166350903003239
-0.00438163656997894 -0.00833120347678315 0.0366843657555509 0.0234628477808195
0.00422371161153663 -0.00982410984505794 0.0223901337485445 0.0431486771051811
0.01202755751404 -0.00459817177450872 -0.00759506152190343 0.0569731374556968
0.0133457280786109 0.00480413023593181 -0.0339744236117575 0.0567517732618862
0.00987145165050136 0.0141764383309982 -0.0578044885143921 0.0521036984857102
0.00618337883275074 0.0246492128932358 -0.0506070013660406 0.0746143677813573
0.00690957425799583 0.0322862431024067 -0.00781483086576229 0.0456079781413384
0.0118208027151202 0.0122039339850396 0.0285140421473973 -0.0107289196112969
0.0107487089717291 0.00195846636340229 -0.0200179713471902 -0.0434636864118804
0.00922889513613716 -0.00474472702103717 -0.0626179844844239 -0.00620654097624111
0.0044225132609879 -0.0144672266219512 -0.0409340911221977 0.0459835323247542
-0.00490643905817176 -0.0144519136471145 -0.00209730313320589 0.0523517430340418
-0.00986754394979907 -0.0103934675195815 0.0163743414104315 0.0361923315468232
-0.0138041062443159 -0.0106417953182113 0.0244681180082417 0.0197111444158484
-0.0150110937502417 -0.0142044056253173 0.0300068387183327 0.0105659396764955
-0.0118271534941727 -0.0253208818889148 0.0360122277882231 0.0131385683716907
0.00880761919169585 -0.0296981496165655 0.0313119130576787 0.031473884005333
0.0315582776856282 -0.0139989642627598 0.00616145777476426 0.0538886721013023
0.036697606741868 0.0173961046517598 -0.0224328112347504 0.0607453269845361
0.0182137857577808 0.0435692954596804 -0.0477263737817159 0.0535787863287868
-0.00251603261038554 0.0561675464237006 -0.0429920191356913 0.0656808522623559
-0.00285684436176377 0.0551450208590802 -0.00659442751677706 0.0280250506160464
0.0172603075552016 0.0343243571198225 0.0309423422441004 -0.0149464245078012
0.0273188407938431 0.0125398390069714 -0.01380031132214 -0.0541544544736932
0.0234265430192927 -0.0111449856228954 -0.0614567001236657 -0.018228753037866
0.00918319032788934 -0.0281915340316528 -0.0459012103142579 0.0354636957404399
-0.00910416156410582 -0.0274141519571803 -0.00963931863983405 0.0460136514028944
-0.017638323230332 -0.0180462096572233 0.00942191383557139 0.031308064480496
-0.0221186532301933 -0.0162832888065529 0.0172363938143441 0.014627864831305
-0.0226236370064522 -0.0203395630564384 0.0212682169220768 0.00259306802653293
-0.019483484635646 -0.0360389412262529 0.0314758312339651 -0.00126912082593672
0.00664020025485684 -0.0457642817276069 0.0383168786034854 0.0125218972814945
0.0410495408137831 -0.0281691373753309 0.0236554124004116 0.0445711369703247
0.0575334351981462 0.0168081278170483 -0.00666064880435611 0.0614977457172971
0.0319472172111213 0.0613971282933967 -0.0361885075081526 0.052425902468468
-0.00541995639712104 0.078314799147278 -0.0328967375698606 0.0485544573986645
-0.0154046947450424 0.0698149337292479 -0.000420533007416102 0.00427790806780167
0.0169554601422145 0.0552355627808464 0.0354125049916158 -0.0233122846915484
0.0403488835914276 0.0267651778407611 -0.00303867110199127 -0.0639846969627921
0.038839471377244 -0.0141554718376456 -0.0542426987150714 -0.0330829810392459
0.0156187531425586 -0.0384026150702872 -0.0484422953417957 0.0184342345939958
-0.0114689456276942 -0.0376902920059893 -0.018111108677566 0.0338726241570748
-0.0234325041394678 -0.0241685586494299 -0.000855652125125046 0.0236861164138244
-0.0266684263967111 -0.0196155968306305 0.00706368536429278 0.00747685772406834
-0.0268608754919662 -0.022705265490044 0.0106520819880524 -0.00643242337508871
-0.0248092276515924 -0.0401021719504165 0.0227930155741666 -0.0158763394610841
0.00174873413219521 -0.053739550279217 0.0394831047357624 -0.00923000408243772
0.040411675295592 -0.0394498571081658 0.037626628954681 0.0285179010522353
0.0667753712263221 0.00892379609784035 0.00887758967004889 0.0559734987295664
0.0414862999240485 0.0652663477037611 -0.0264230262462087 0.047804053211068
-0.00529024426626984 0.0872333921407725 -0.0241162894231745 0.026265710337435
-0.0256629496613265 0.071836415278468 0.0107435709226812 -0.0242170431446041
0.010171172782196 0.0684820259314602 0.040195909009175 -0.033696163589175
0.0443182586473743 0.0406636310931704 0.0110003195601639 -0.0705463801428958
0.0487291269649291 -0.0107931724627344 -0.0386270044186654 -0.0478706370728438
0.0212283415312736 -0.0417770091416765 -0.0446861502370638 -0.0028108504431976
-0.0105338693940079 -0.0423454127026393 -0.0268183951657272 0.0163304390600897
-0.0252490555854434 -0.0270883888733093 -0.012548719437934 0.013171746184661
-0.0272761733321855 -0.0198174099102651 -0.00344842244917649 -0.000638167936392622
-0.0268072300735918 -0.0216747504201538 -0.000926528943003593 -0.0148066076257155
-0.0249144386796844 -0.0381941355090059 0.012323069654835 -0.0276229382520973
-0.00115068363045109 -0.0522834805712439 0.0353061064158286 -0.0274644930410301
0.0352066902789767 -0.0409776550501078 0.0455424976782864 0.012321512546191
0.0634058440013327 0.00426628614373616 0.0191380244810726 0.0464590099983924
0.0410282068175411 0.061076939184658 -0.0196722274125297 0.0404810602571648
-0.00565659202197475 0.0820656961491716 -0.0164864760780169 0.00309353257479026
-0.0301572506154577 0.0606372225134551 0.0256240348541166 -0.0503803767672007
-0.000112533080051174 0.0653141363896997 0.0467431240992479 -0.0437219588051556
0.0357822138572422 0.0452398031367139 0.0241286032380307 -0.0696864760473073
0.0475308113574351 -0.00421444686133067 -0.0187261701106247 -0.0563481592558659
0.0232161430230536 -0.0357435324152523 -0.036010409305641 -0.0240975817271462
-0.00832819974660932 -0.0388816727816293 -0.0325000332970376 -0.00217035191093735
-0.022586452810502 -0.0255316880725471 -0.0235233680070818 0.00178540353126401
-0.0235193517948219 -0.0173674254257408 -0.0140401598130208 -0.00863855231084422
-0.0230878014625053 -0.0174772231592179 -0.0110521675391684 -0.0213350104494256
-0.0202650262451263 -0.032278465679218 0.00413672080207218 -0.0365306641047989
-0.00102129513253227 -0.043890621089951 0.0308360425034464 -0.038883303167243
0.0293386258998751 -0.0337675404778367 0.0486249190008429 0.000269801199427398
0.0516606041734871 0.00538105738894698 0.0241373550051397 0.0373441026903816
0.0304513444751505 0.0518363213350838 -0.014714959458377 0.0324594959483367
-0.00966369938984996 0.0655035700737761 -0.00944392299394521 -0.0174810641479539
-0.0263311171514895 0.0380050159521495 0.0374973133310694 -0.069518434308484
-0.00733295653523201 0.0467240934787159 0.0511650732890444 -0.0508390840879343
0.020078161073215 0.0366468321058194 0.0343769411976729 -0.0648316484407427
0.0334054942442157 0.00120928901549675 -0.00115795679109457 -0.0581065605760496
0.0179272551557132 -0.0235628386641774 -0.0259880798312161 -0.0388828353519259
-0.00465972239762661 -0.0273375169352108 -0.0354455210915219 -0.0182229449188413
-0.0164238895938501 -0.0186795025634283 -0.0322718825745672 -0.008229475997396
-0.0166052041371837 -0.0124200416640021 -0.0219950670463369 -0.0148302653331135
-0.016368031252181 -0.0124784050042241 -0.0172016510561366 -0.0272844276404011
-0.0139637786079743 -0.0230400888478668 -0.00036737284123501 -0.0421335521994595
0.000926055310120933 -0.0320176075719167 0.0285781762796609 -0.0447793548941724
0.0236686088831129 -0.0234813604073726 0.0504328959914937 -0.00605955887486929
0.0370379292173215 0.0091444752572861 0.0262937685874327 0.0312580288800293
0.0160383098399281 0.0406298117233975 -0.0107933208447772 0.0257939120921709
-0.0138664232492463 0.0424052701113001 -0.00222879339972824 -0.0317407850328582
-0.0157841735453002 0.00889518208869472 0.0442667030527021 -0.0782765250779749
-0.00945324010486935 0.018400074880557 0.0523516550835815 -0.0542187207377688
0.00381696158305253 0.0166893653872132 0.0374734330784459 -0.0603131159068607
0.0123514015737732 0.00288759283479162 0.00752538994397202 -0.0579809798255333
0.00760060616831588 -0.00770947437281646 -0.0202030867385857 -0.0457972441686104
-0.00139530949673982 -0.0112017797963205 -0.0372283015563305 -0.0268368824090983
-0.00694664056332182 -0.00835187674387504 -0.0372449419596734 -0.0137200527761944
-0.00658403550580469 -0.00552283040247425 -0.0261584344811592 -0.0188622319469591
-0.00793181917877465 -0.0054100383221386 -0.0199795092660298 -0.0309535221943414
-0.00704285341631283 -0.0114911602718897 -0.00137619929582755 -0.0456137368631424
0.00186904782314347 -0.0182856015530987 0.0286821281605143 -0.0468681964958723
0.0162844932581425 -0.012989725888689 0.0516019674293788 -0.0070343270801451
0.0215261829296893 0.0113750982252328 0.02659225922757 0.0287097444363477
0.00204253151372356 0.0256173771195745 -0.00884434182884789 0.0212558493375011
-0.0163094839462083 0.0157302154225301 0.00381546003873535 -0.038611228560701
0.0130051862455663 0.00632972890443126 -0.00239935178669207 0.0555827397942785
0.00344382827606851 -0.00741746984087224 0.0299990916567384 -0.0109091269956949
-0.00500484004567403 -0.00450857182780625 -0.0247614019234928 -0.0374648962149193
-0.00233158067423135 0.00262820809814501 -0.0638737884956969 0.00190430548376302
0.00135590763827153 -0.000833851722669903 -0.0365847863217451 0.0529966211118102
0.000511247541073639 -0.00131841322219944 0.00438407493671624 0.055276878406448
-0.000629181221107293 -0.00218478579332247 0.0223890963649381 0.0392866023928867
-0.00400596102301029 -0.00332258776671935 0.0304211683197228 0.0228574524819101
-0.00521605557949417 -0.00474209050601198 0.0369276547151524 0.0162503971540989
-0.0049184941841319 -0.00878013088208493 0.038363148165729 0.0239895101111811
0.00369196483884244 -0.0105013126646324 0.0244441257461025 0.0446852541427974
0.012691445634362 -0.00468622225801594 -0.00690219738812258 0.0594232673887584
0.0138437709859502 0.00519297229536606 -0.0343895386614432 0.059254051976933
0.0103724147863674 0.0147754790739914 -0.0594040180767828 0.055050313195537
0.00647156193145211 0.0259157701975759 -0.0505563868001278 0.0781376571726005
0.00777534702838861 0.0334350538345848 -0.00602771177813705 0.0472068209246655
0.0121028519918671 0.0123260600102108 0.0303115377437077 -0.0112888805783052
0.0108674861680052 0.00137822469789523 -0.0214417714837904 -0.0446973047025015
0.00929657354203476 -0.00524941850944437 -0.0648596597322902 -0.00485269448623206
0.00406006674202584 -0.0156149508929164 -0.0416085009545138 0.0483263890538755
-0.00576183592203936 -0.0147320226099384 -0.000745299248214774 0.0544079992043065
-0.0101438786954452 -0.0100978994610689 0.0179465436381199 0.0374016307943974
-0.0149958145658493 -0.0108044350062338 0.0264877149843972 0.0200987702011605
-0.016084601888294 -0.0144998172272978 0.031728576551224 0.0106979456731358
-0.0132959260413701 -0.0256958944382886 0.0374528438634095 0.0127800241315794
0.00847229992696075 -0.0310605529131481 0.0329097404070268 0.0323077610361946
0.0326741057921572 -0.0155824613786301 0.00707971916597412 0.0564905081494761
0.0390150877652806 0.0173174007164241 -0.0225764269264285 0.0634181406226132
0.0194264047622623 0.0450390852068022 -0.0486833194178459 0.056169043196624
-0.00132068990190553 0.0584625214743296 -0.0433098269262543 0.0685936763592572
-0.00230600195980638 0.0565486497096985 -0.00563577906185816 0.0297370936504635
0.0184124069282764 0.0351077017101511 0.0332224662424927 -0.0157358667554902
0.0283852316173189 0.0121131350893554 -0.0149031140708027 -0.0558986792025062
0.0242374180665517 -0.012463696593261 -0.0641797524571927 -0.0181009059744967
0.00826115626847016 -0.029487098231621 -0.0470224118317807 0.0379183669283984
-0.0103067932741268 -0.0277465854642074 -0.00906021464291018 0.0476009774135049
-0.0186643440471968 -0.0178256059761325 0.0100737744775183 0.0323016859450332
-0.0232010546436786 -0.0165380380372285 0.0182309136622317 0.0150005706114675
-0.0240885581088767 -0.0209102555817455 0.0226007735715148 0.00248864530090238
-0.0213737838892836 -0.0370155011895052 0.0319947656826369 -0.00184259394866817
0.0056582763344683 -0.0475970601445858 0.0396792494514059 0.012107252290537
0.0418718065144935 -0.0305835035357917 0.0249366861761439 0.0457277860172954
0.0597147764704531 0.0163853141156754 -0.00549639295388534 0.0640423132390172
0.034060100967791 0.0626959392983432 -0.0364596975224903 0.0552197728824975
-0.00405524201985601 0.0819350937594673 -0.0330637808228932 0.0509846604500124
-0.0143787175222726 0.0719447511382598 -0.000164833383040416 0.00466920354073717
0.018862816492358 0.056999223466929 0.0370691959651136 -0.0239370566056958
0.0422853176722466 0.0272189373289345 -0.00369797281736568 -0.0665063146378419
0.0402132045711935 -0.0157235895626545 -0.056965712492972 -0.0338451131610624
0.014798092793169 -0.0403219785418254 -0.0497818472950846 0.0203407197376473
-0.0130855783463753 -0.038591763322732 -0.0182856318040092 0.0355264073481421
-0.0251090919632804 -0.0244281382698316 -6.4050081153498E-05 0.0247998759678328
-0.0278693266375406 -0.0197190065264622 0.00750205626667256 0.00793268963800347
-0.0286579356733318 -0.0233380425237156 0.0106621148938108 -0.00624314581291672
-0.0270737218984113 -0.0410623161437271 0.0226911265769253 -0.0169137854195411
-0.000170648140703106 -0.0558547176724002 0.0397767871261213 -0.010299716656981
0.0405915781452665 -0.041735077788942 0.0398531863176049 0.0291723240711934
0.0692659250045122 0.00805341556451475 0.0101923434186007 0.0585207660046335
0.0445362030013566 0.0666961869989395 -0.0260786996968065 0.0502400465791008
-0.00326720729988732 0.0910783922561954 -0.0239577283088624 0.0275794732485289
-0.0252345964353024 0.0744159732581479 0.0108606759325159 -0.0251371580886112
0.0119822109197757 0.0702063769808091 0.0418076394369774 -0.034529420506369
0.0465641068995132 0.0413391229174103 0.0103780906445872 -0.0724078154542616
0.0504460941851401 -0.012482425808087 -0.0414888558547223 -0.0492180289942063
0.0210005335416433 -0.0438375684375349 -0.0461703488150511 -0.00241317449757352
-0.0126703226503448 -0.0429874085395294 -0.026796177636923 0.017923504177341
-0.0267431714777811 -0.0273434386905366 -0.0124328391468516 0.0139072992090899
-0.0284312415891661 -0.0200474639241087 -0.00398074216102598 -0.000344329978577122
-0.0282442545579945 -0.0218001662551184 -0.00156424747462989 -0.014682661490628
-0.027256052173708 -0.0388414704676044 0.0125922069075953 -0.0286919165829963
-0.00314026158603764 -0.0542394951019257 0.035568304373138 -0.0290259896453473
0.0352918443669394 -0.0433265077640535 0.0476923242929462 0.0120686039608872
0.0656226120103959 0.00356464863457596 0.020985906804865 0.0486173551479577
0.0438154261472065 0.0624379912614392 -0.01895858847622 0.0427709008059439
-0.00414338579791475 0.0856502766658759 -0.016516741668913 0.00326228488007559
-0.029814130483934 0.0630096082167585 0.025902240109535 -0.0518215557626055
0.00116929784902022 0.0670798467954176 0.0481053718273932 -0.0450723990986625
0.0380184459151258 0.0463404041780886 0.0241676381676324 -0.0724160966418518
0.0492287227366788 -0.00524512016572469 -0.0203381159409768 -0.0582831822133853
0.0230235031200149 -0.0379492247058203 -0.0375744677930483 -0.0241509526573142
-0.00960717750306963 -0.03955556210254 -0.0335448399714306 -0.00111482373051122
-0.0243739516977281 -0.0256181273093971 -0.0245575144394279 0.00268378557234797
-0.0245658226150455 -0.0174870985805197 -0.0150639490671034 -0.0083424149521019
-0.0234405847614502 -0.0178896798145256 -0.0119528326681966 -0.0214241260340477
-0.0223862616676116 -0.0327701710336017 0.00323981042728874 -0.0374475204987533
-0.00255881076018121 -0.0451184267325756 0.0304269189085657 -0.0411379373884346
0.0295212887158161 -0.0360144103997647 0.0502897926378833 -0.00054863409991533
0.053658850925701 0.0046904496035496 0.0257472251420855 0.0390604005803836
0.0327331233960647 0.0532533662477436 -0.0140550566756104 0.0342449852049734
-0.00823338278692779 0.0685314417776443 -0.0102207199931761 -0.0178743572545531
-0.0264611436070521 0.0396552147918203 0.0378144571991883 -0.0723154205665326
-0.00664068359717447 0.0481800281261661 0.0523012239309758 -0.0529846471240069
0.0217008364113927 0.0374181997243608 0.0344027249106224 -0.0678414627459298
0.0347397342282064 0.000278067409690702 -0.00193620271801656 -0.0602704172682636
0.0177911257631052 -0.0247643054453579 -0.0278429047854195 -0.0401289722431526
-0.00586522962153623 -0.0282014074560652 -0.0373659662939565 -0.0173484856263181
-0.0171760512442796 -0.0189031761225462 -0.0341536361001255 -0.00724227307008831
-0.0170630500150938 -0.0127840069582153 -0.0233340004162553 -0.0152309035749646
-0.0167599980754417 -0.0124500157138523 -0.0187026578741061 -0.0272600730489747
-0.0151613285375711 -0.0234408914212361 -0.00178503940822777 -0.0437360316593441
0.000128902560189057 -0.0332304729038587 0.0281537098883722 -0.0470221710083349
0.0241083231673072 -0.0245484577206159 0.0520536911367064 -0.00698758967995293
0.03831276155144 0.00920444758966051 0.0282851036934619 0.0322943052649867
0.0174996236258436 0.0414440655266859 -0.0105614186277352 0.026504628459136
-0.0131591938531625 0.0442856142367643 -0.00379077467180022 -0.0328341998943187
-0.0160422125800836 0.00957275372680836 0.0441906898663255 -0.0808483036476364
-0.0092403594460269 0.0191275763272107 0.0537358450156675 -0.0572178201456633
0.00456106987156594 0.0172233942572618 0.0376547850080087 -0.0634108352644304
0.0127716961420322 0.00276028979397757 0.00693775137452451 -0.059828143656136
0.00727715142667839 -0.00864345781962463 -0.0218304406481123 -0.0473897154229229
-0.00232456595124234 -0.0112463193137018 -0.039313572426723 -0.0265632361656014
-0.00747692178077595 -0.00826624784415854 -0.0395088197199433 -0.0130624904262112
-0.00701471119363433 -0.00589903634427413 -0.0277914523039609 -0.0189362280864985
-0.00819136379111076 -0.00542232658234055 -0.0216376059637835 -0.0312751665344123
-0.00772692337787835 -0.0116414629138635 -0.00278197854516582 -0.0475993179365444
0.00120633115461165 -0.0187941559565855 0.0286061188121098 -0.049471544026155
0.0168655839944834 -0.0138923268430745 0.053874154260009 -0.00862990542800574
0.022458092029325 0.011461688750628 0.0287114931232067 0.0296792169596911
0.00260098260693084 0.0264595061678067 -0.00853751972150438 0.0221554099077997
-0.0165142609690319 0.0164924697260812 0.00266203468386181 -0.0400280780217677
0.0130393649717024 0.00593169358612675 0.000890782025677584 0.0561656881637621
0.00291649295755262 -0.00738657852374215 0.0300254707884153 -0.0125342523184431
-0.00550273473605046 -0.00464245614083467 -0.0259339014813477 -0.0371639716702913
-0.00228411528525875 0.00263642940489466 -0.0645255440520494 0.00518361840523809
0.000948330521338935 -0.0012953634208054 -0.0344397098605057 0.0553432451235619
0.000421883980038164 -0.00170210723606037 0.00768114049550245 0.0553710214276488
-0.000813407098015961 -0.00191612628579695 0.0250244426768892 0.0381727452078198
-0.00446034914108081 -0.00361340179643103 0.0322767248995228 0.0218735017268666
-0.00587707712991849 -0.00446253161051313 0.038029971997751 0.0145985405991652
-0.00521504560571084 -0.00827855144972299 0.0399726328289557 0.0220012791494116
0.00302967006881392 -0.0109457347835616 0.0267863928773248 0.0440072972909772
0.0124596773781299 -0.0053850138151761 -0.00449652109624644 0.0606991345129598
0.0145568267373529 0.00458778640414206 -0.0326413408021639 0.0608432562176559
0.0110622378163341 0.0149239541005533 -0.0580859803442438 0.0584132467154104
0.00789588892750036 0.0256314439700674 -0.0477633673429638 0.0813532556206888
0.00914189044170156 0.0327131910653811 -0.00273690611957439 0.0481620090579797
0.013009593440469 0.0115033114702614 0.030984035163806 -0.0134375048385175
0.0110994604204173 0.00107346537662817 -0.0230964668477151 -0.0448121858581625
0.00895709696051773 -0.00574587784425443 -0.0661818754560262 -0.00238046307338018
0.00286622455242918 -0.0157846620181746 -0.0401580234029828 0.0507470549635289
-0.00618598961693225 -0.0146873003600529 0.00176533071473385 0.0543897561697311
-0.011093219708563 -0.00974289894437595 0.0204000831085475 0.0365584826381791
-0.0153061935153215 -0.0102926680469108 0.0278289029448117 0.019453147940787
-0.0169887505330164 -0.0137208467471168 0.0331119684560472 0.009255364901513
-0.0150280284336778 -0.0255809689713385 0.0383662254846994 0.011267317099397
0.00693661632901389 -0.032085612035926 0.0345080304203909 0.0307563821384806
0.0323681825036309 -0.0172388136647069 0.00987151625488772 0.0566226475136654
0.0399196186290082 0.0159532320077317 -0.0193723173011134 0.0652806944042352
0.0216868631228484 0.0450953260864317 -0.0468571192815485 0.0593579855363422
0.0013754064367966 0.0593657702922257 -0.0395847355109159 0.070964580397903
0.000173225866221611 0.0569474587152539 -0.00343315210899175 0.0306245714416934
0.0196383899166884 0.0343472408338437 0.0339785970466765 -0.0172806374732511
0.029324669890567 0.0109760432250135 -0.0169723105636444 -0.0558453357471312
0.0236272417954168 -0.0137461136712329 -0.0655419283035224 -0.0151612356522905
0.00685793629376025 -0.030025379865782 -0.0460169084380786 0.0404260483859674
-0.0117788007188181 -0.0274148604731017 -0.00664129695372799 0.0484392182069933
-0.0196204441490474 -0.0170889489785145 0.0116484831505567 0.0322276274042245
-0.0244645681233272 -0.0158418334493833 0.0194374811417734 0.0145401357951716
-0.0252292498742385 -0.0199372726863441 0.022979546492124 0.00169470734275218
-0.0243961991947772 -0.0361693196500329 0.0321259473394328 -0.00335385743927536
0.00338037229076857 -0.0489243365095528 0.0396018957264657 0.0101403461384989
0.0408378716081102 -0.0330163464740972 0.027712560405868 0.0452134371891514
0.0613295400029584 0.0141219288488831 -0.00249479166624944 0.0653504717388186
0.037256686161009 0.0620305547666233 -0.0344996800557467 0.0576322828332104
0.000224288127201596 0.0828768242073787 -0.0305655979030708 0.053020382474434
-0.0115789521678779 0.0725819924964213 0.00143370940533347 0.00522401311529529
0.0215029728103383 0.0561761755628561 0.0379946264053104 -0.0249939107106831
0.044258600654005 0.0257462211802609 -0.00674106031704788 -0.0672086017138007
0.0396313896990382 -0.0173303701360295 -0.0585580260365694 -0.0319427186444632
0.0123353108083809 -0.0417571892074621 -0.0487195445977037 0.0228104227807937
-0.0157084872075856 -0.0377540038696382 -0.0164256448766217 0.0368691382077932
-0.0262355759028446 -0.0231142756762662 0.00089699826749115 0.0246033692060531
-0.0291847999497422 -0.0189566318615117 0.00803309390068943 0.00736018618801788
-0.030071938340501 -0.0220217301358892 0.010542607749513 -0.00674293677749966
-0.0300994844206049 -0.039877829218428 0.0223200420568887 -0.0178916276176742
-0.00309490098819999 -0.0562965849808179 0.0392957158538692 -0.0125675244481986
0.0391344195382394 -0.0444836205777487 0.0417831527387344 0.0283962357975681
0.0704838357483486 0.00524702000707643 0.0136389742081622 0.0588945092007236
0.048088538923346 0.0651951900355995 -0.0235659497780584 0.0518479038828331
0.00161906627643601 0.0921067452713966 -0.0222875135315267 0.028730139964694
-0.021757101454244 0.0756315912823779 0.010952762522144 -0.0252699797183901
0.0154480458041301 0.0698942601772948 0.0418205180610569 -0.0364694241380977
0.0490038583383871 0.0397887933072088 0.00696611996248687 -0.0738165405433711
0.0502475327623746 -0.0150514885259325 -0.0436741270294391 -0.0479233525785712
0.0188284341920217 -0.0455059710432412 -0.0471547629346024 -0.000300134309691872
-0.0151333643003717 -0.042519663232844 -0.0266209983894692 0.0195132442868069
-0.028607751709349 -0.0258010588517908 -0.0121636927726127 0.0152111742093886
-0.0295950502708904 -0.0190941541307672 -0.00418668576792861 -0.000155797898706752
-0.0294922534340981 -0.0205851999123982 -0.00198453708732607 -0.0141105683756676
-0.0295072379828328 -0.0380826632169205 0.0106787335051445 -0.0294533755300495
-0.00605984663960955 -0.0544210094783474 0.033478632694864 -0.0314013586636713
0.0329663050396914 -0.0456900471430999 0.0490352496137526 0.010101981738857
0.0665482259695419 0.000556559761770459 0.023730227262975 0.0483319946010207
0.0473258441104169 0.0603499189525192 -0.0170469436727264 0.0436195476973838
0.000399225905958572 0.0867166682553342 -0.0161319993037437 0.00384102439202435
-0.0272944648005901 0.0650514981738946 0.0240214983914284 -0.0534258104785869
0.004809264395113 0.067880216261277 0.0468406828462428 -0.0472050161283167
0.0408563571764142 0.0454725428805291 0.0211957602537861 -0.0743401214853403
0.049178861302048 -0.00816509742299206 -0.0232511061420272 -0.0580293463423469
0.0210219703223736 -0.0394673827060809 -0.0391062960437046 -0.0227405180200467
-0.0120662782122724 -0.03917818349167 -0.0339629077651417 0.000765176280529026
-0.0259210012562598 -0.0242122868602349 -0.0248500935795147 0.00412926897608114
-0.0255269812758184 -0.0170733743863661 -0.0154683216545814 -0.00776689569070573
-0.0247312116093354 -0.0169509728679278 -0.0129251738004015 -0.0209251469829902
-0.0247294435215687 -0.0315801669228648 0.00151085283722893 -0.0378044319621204
-0.0051541100562738 -0.045479638916985 0.0278963994542708 -0.042961497063741
0.0276980654132655 -0.0376546232413166 0.0508722000055697 -0.00304183268210502
0.0546314175051742 0.00226703764801168 0.0282407349667918 0.038731048652723
0.0358894285890543 0.0522278247250905 -0.0125974852273151 0.0350999934350942
-0.00494116972787787 0.0694448588020009 -0.010884630047682 -0.0183446048241764
-0.0248125689198514 0.0406391376599256 0.0351753633962868 -0.0739500231021635
-0.00410934749366784 0.0492407967558261 0.0511960865739781 -0.0556020463581253
0.024226424070593 0.0372074764203423 0.0317222843242066 -0.0702638091954193
0.0352206440858777 -0.00130971891000214 -0.00476705032532742 -0.0613607056752188
0.0168752850608466 -0.0264827882956979 -0.0293567010761015 -0.0390226897398771
-0.00761525167047694 -0.0275924645862232 -0.0383746625028256 -0.0157948186956696
-0.0187829217606109 -0.0178088129003136 -0.0353048235305153 -0.00560111176655253
-0.0177670698248259 -0.0121185710855494 -0.0249210946869628 -0.0142207159148158
-0.0169659845824926 -0.011669389922156 -0.0202039176205352 -0.026501985615607
-0.0167499055593005 -0.0227567954846025 -0.00394782803076239 -0.0437145420715076
-0.00157025105606028 -0.0332196873183705 0.0252977990096535 -0.0491817158590506
0.0224803484852726 -0.0259196823412038 0.0523941792204053 -0.00985085052647967
0.03919652632802 0.00761283589738895 0.0299234106723885 0.0316348703212138
0.0197617962020287 0.0408465255945637 -0.00910988600861569 0.0269277210804236
-0.0110850089991476 0.0455064729335943 -0.00520266136793783 -0.0329092129471495
-0.0155848020462716 0.00984693907837119 0.041026258808353 -0.0838708317399675
-0.00835034063306785 0.0194673284434564 0.0518983072450918 -0.0596691204595922
0.00581004055729358 0.0171749559452367 0.0355603404693122 -0.0654094312162835
0.0132854531458429 0.00175173253242093 0.00476614566708108 -0.06098536067932
0.00748452656825965 -0.00886235147273865 -0.0244469753173544 -0.0467247847766547
-0.00272877854964337 -0.0108821793584306 -0.0412290270547511 -0.0247119276503608
-0.00800919718201221 -0.00773298121162846 -0.0405189829827553 -0.0112926045979036
-0.00708351151530313 -0.00591759857301707 -0.0293026080229752 -0.0178888432640072
-0.00817559484085481 -0.00515091956108615 -0.0236683529262073 -0.0301914276149955
-0.00810201416216265 -0.0114577721455705 -0.00536769217012178 -0.0479550275865045
3.43278371124609E-05 -0.0188851321503958 0.0258597070743417 -0.0515302720765403
0.0160872722704698 -0.0149217952147361 0.0541271504251248 -0.0114168518913304
0.0230309202255876 0.0104261699456271 0.0300513423712405 0.0293372735589794
0.00415897089393142 0.0264824836032199 -0.00738584939628598 0.0222074592761968
-0.0155509917771715 0.017428859142749 0.000311563329529756 -0.0404504995508626
0.0129624018617647 0.00465482304089313 0.00418903148378802 0.0542830049754485
0.00287050340217739 -0.00735119527957226 0.0295852815509615 -0.0141012926237546
-0.00565143498407046 -0.00414011563942384 -0.0264947998682405 -0.0356347634440075
-0.00177581317767727 0.00282639044823167 -0.0622517721140934 0.00792975869679077
0.000822800820759932 -0.00135104387417363 -0.0314960848086712 0.0554355889803785
0.000608621937614743 -0.00198764693043089 0.00945589806611463 0.0534452427501822
-0.000976045575423299 -0.00225032502731983 0.026287050664581 0.0362916064128147
-0.00474471533870075 -0.00296142690723534 0.0326733845906504 0.0195679740663604
-0.00599021947093527 -0.00384585730256057 0.0382669248208745 0.0126985614382428
-0.00572990843245217 -0.00793976782644647 0.0397265160260823 0.0199000129512901
0.0028755580817728 -0.0110689430769832 0.0278070276997254 0.0424443874488061
0.0118297014313999 -0.00568288135128884 -0.00184824979218912 0.0598998912369681
0.0143504892209669 0.00414148450394338 -0.0297825177695614 0.060507594057584
0.011130306725459 0.0144926902524272 -0.055009548158527 0.0588121178942185
0.00865205179950018 0.0247541301350168 -0.0428557828107873 0.0807124764502675
0.00995332059292024 0.0314699346432718 -0.000193163618484889 0.0467630018813442
0.0128231987750721 0.0107972239535326 0.030392164600801 -0.0142083550494327
0.0109080071023124 0.00088984916382465 -0.0240696934150076 -0.0430941279434
0.00856668056345392 -0.00603586775204423 -0.064333877901373 0.00074912813354623
0.00186254536980303 -0.0153760204699085 -0.037065157343059 0.051034730250076
-0.00680496569392167 -0.0140017624682533 0.00448602445930451 0.0525289081172574
-0.0106230640514674 -0.00895066203644611 0.0217232257110998 0.0346541685102917
-0.0161792757717718 -0.00924067939376762 0.028267507368807 0.0178408042693125
-0.0174074485180148 -0.0127698428398441 0.0327782328992223 0.00731342691104782
-0.0158995207023865 -0.0237901775195868 0.0378415575596215 0.00927641854557911
0.00498202713388718 -0.0319279340340913 0.0346564149936306 0.0289652904645321
0.0304154567632969 -0.0181107392729928 0.0118799421504115 0.0551139970883818
0.0396636111610419 0.0142717711729921 -0.0167918734145553 0.0640405170636667
0.0232490459070837 0.0433113504926246 -0.0434341331231148 0.0591011263705838
0.00359763438467235 0.0575721655174019 -0.0355457420053389 0.0702387520161451
0.00261113703141839 0.055439118130432 -0.000682087711714553 0.029674437890215
0.0203880253053004 0.0326316373334407 0.0331344586489994 -0.0180744546898515
0.0288749592335793 0.0101215142802601 -0.0187590289083358 -0.0541678172743157
0.0225535905339111 -0.0143013705060948 -0.0644364069216055 -0.0128426055740967
0.00472723532551604 -0.0296598401331004 -0.0432902119129141 0.0411157638564112
-0.0129594501520173 -0.0260961947740775 -0.00379625067180319 0.0476087663054647
-0.0199010577653848 -0.0160989993811757 0.0133691915226547 0.030976413255762
-0.0243477810318152 -0.0144312208790448 0.0195821007858442 0.0132402395986062
-0.025666448354727 -0.0182132203811098 0.0230496518661164 0.000624164960429762
-0.0255235726740775 -0.0341183954640759 0.0311469328211255 -0.00448433423194239
0.000306447336342199 -0.0479535827250213 0.0386838813757365 0.0084445277266046
0.0380780518250428 -0.034127504568035 0.0290437447062918 0.0436060419227076
0.0604603179284282 0.011492398556151 0.000298551191241737 0.0638227604065239
0.0392071554587547 0.0592056992146118 -0.0313339868378306 0.0573723129261188
0.00428006550055928 0.0809317824904488 -0.0270533828781516 0.0522788399494787
-0.00843483654118436 0.0709914122182086 0.00266653800244349 0.00552394741548446
0.0229184236756139 0.0541053298097106 0.0371850063032972 -0.0262411484608496
0.0439932459754139 0.0232996024069907 -0.00881611718499763 -0.065212498056119
0.0375162553013821 -0.0190151839656255 -0.058507439654656 -0.0288667715710637
0.00995069230715836 -0.040870719810372 -0.0467374560181312 0.0239312220692816
-0.0165818382468905 -0.0357651751481634 -0.0142794109470067 0.0361871126957
-0.0263375862882952 -0.0211511626905699 0.00141349476041407 0.0241698847058985
-0.0292010049170622 -0.0170248109714129 0.00871048480323612 0.00698615442669773
-0.0302725258718217 -0.0200863995924516 0.0100763313132389 -0.00680169591267114
-0.0311065242100537 -0.0375809749314565 0.0207272041146436 -0.0182289755146595
-0.00521560287764239 -0.0549509102546378 0.0370338295776585 -0.0139153548101324
0.0358623766782612 -0.0448446166511016 0.0418136934486071 0.0261477957208451
0.0690057252999901 0.00231906262415559 0.0156378041795886 0.0567095240122832
0.0493743861982311 0.0618658814604016 -0.0211495155907976 0.0511380553255696
0.00554882154161808 0.0898606597023033 -0.0201430112892794 0.0279149765313159
-0.018869044906501 0.0745362831554681 0.0101548530580461 -0.0243200378337247
0.0179013532508804 0.0673367961393478 0.0402994634730082 -0.0362998400057194
0.0496809653061919 0.0369272506010575 0.00427385913879174 -0.0722285987187541
0.0483825569961661 -0.0171169377791614 -0.0443977892676568 -0.0452707987517117
0.0156943079991984 -0.0448014706748617 -0.0462376139550354 0.00129019903982998
-0.0170770663241764 -0.0403978299149556 -0.0247067912478378 0.0207149615132779
-0.0289863947364444 -0.0239320897680314 -0.0116805050542186 0.0149329608270256
-0.0294466080727314 -0.0173771687586256 -0.00415657572152955 0.000195854533008419
-0.0294980535770045 -0.0187867439222649 -0.00234448420938622 -0.0132230349867454
-0.0314117682312894 -0.0352524203796271 0.00858558364797315 -0.0291146939165663
-0.00897627223295368 -0.0528545293108654 0.0306620186058879 -0.031382697375091
0.0297831613405071 -0.0455949204917806 0.0478944372297393 0.00846632795852304
0.0647181916514691 -0.00225855038959088 0.0256216830796107 0.0465865814191383
0.0482915494269241 0.0572781232279978 -0.0146756589445635 0.0428253818982432
0.00422726811317097 0.0844975802862162 -0.0156956249356018 0.00360134166432542
-0.0242761613231003 0.063859532511498 0.0214848101206441 -0.0524281381121834
0.00780247304546262 0.065402005550516 0.0446496525413914 -0.0473526704120368
0.0420909093595767 0.0428144753607001 0.0180433864464931 -0.073054768825155
0.0478136562944823 -0.0099528180824889 -0.0243921366234201 -0.0558371286065289
0.0186653593005741 -0.0398106381933721 -0.0391154671399656 -0.0207318486615362
-0.0134650561002352 -0.0371530521791468 -0.033132717427141 0.00229163029336504
-0.0262181326150032 -0.0218677310485477 -0.0242017833203296 0.00523961640431857
-0.0257242713324958 -0.0154252180032386 -0.0157821978100415 -0.00648312763845947
-0.0246556554128478 -0.0155904365446623 -0.013623280468655 -0.019113784985801
-0.0254974479610652 -0.0292696503093707 -0.000543889512529777 -0.0364087201666104
-0.0074307393647498 -0.0440140575806293 0.0248795087852023 -0.0428049119586188
0.0250750352445338 -0.0379465072734646 0.0502929171109683 -0.00473203219853732
0.0533035616783634 0.000238110019763784 0.0298663045143313 0.036690246349666
0.0371668478984278 0.0492923062461285 -0.010775984938546 0.0340939827553478
-0.000913915230436726 0.0680191075528119 -0.0116338044382331 -0.0173502741150772
-0.0226070366593833 0.0406097980714084 0.0317926000398777 -0.0734751400912499
-0.0020909222186195 0.0474164304697055 0.0482015898646516 -0.0554167700641596
0.0251025458722501 0.0351238628020406 0.0282287592424443 -0.0690755851849484
0.0342536493868889 -0.00303312843754545 -0.00644569037491078 -0.0600479654982781
0.0152347379494254 -0.0265342785825795 -0.0307224315436955 -0.0376030496482571
-0.00882748892683531 -0.0261811984527088 -0.0382201056092306 -0.0131973084358362
-0.0191398533855437 -0.0163859676135529 -0.0345204557106959 -0.00358156522295938
-0.0177642960581123 -0.0113260332448864 -0.0251873849832839 -0.0126581527439269
-0.0170598032367595 -0.0110404474012253 -0.0210222003741079 -0.0247707027781523
-0.0172544064976465 -0.0212484684156655 -0.00563835168602005 -0.0425805113390529
-0.00403532869458365 -0.0325360983002919 0.0220564399186987 -0.0484442186341276
0.0207744205057895 -0.0265030912393273 0.0508094690068131 -0.0114137952974667
0.0391134011565674 0.00583371781206551 0.0309604113814227 0.0300982238214995
0.0205921204128514 0.0389090494134156 -0.00815056345295547 0.02635399158361
-0.00865255280561409 0.0447270224259066 -0.00695928511442457 -0.0317962385722826
-0.0150991395061241 0.00988017775121567 0.0368310101989394 -0.0829486757195701
-0.00675333319385376 0.0185589396540334 0.0482787405405245 -0.0592883801510346
0.0062704227295452 0.0164029341160162 0.031990597447313 -0.0645240449489386
0.0130936878735955 0.00162966930228658 0.00258695968083141 -0.0604145605631649
0.00628802140131534 -0.00939941743071868 -0.0260380407441941 -0.0448501259533445
-0.00296371215181771 -0.0102069004672035 -0.0414650214056289 -0.0223205936976612
-0.00830466798070965 -0.00723528958602401 -0.040502805219477 -0.00855470082732642
-0.0072613633994204 -0.00554620491309401 -0.0298616730678937 -0.0161588537388718
-0.00777918892472727 -0.00507721945770821 -0.0245544092730311 -0.0285391493608282
-0.00852520717886911 -0.0103161647590035 -0.00734273724460145 -0.0465387019449689
-0.000874881349143598 -0.01844369304161 0.0228854706222762 -0.0505308822167994
0.0145626957680646 -0.0153172136175811 0.0522945013758736 -0.0132814895781296
0.0233608385533117 0.0090236045844607 0.0306090521919281 0.027963337366349
0.00463410788553244 0.0257589810094678 -0.00655989101006868 0.0219997724329078
-0.0142638976325199 0.0175871747873438 -0.00185503807185316 -0.0391217474525354
0.0108772525440443 0.00613799324702883 -0.0017919411462182 0.0516519543157018
0.00323169222416368 -0.0062384182254955 0.0303224528244337 -0.0107213400199018
-0.00474459104564547 -0.00415622932289969 -0.0201492298455581 -0.0376804331512077
-0.00254926585088526 0.00191017428511137 -0.059047044119202 -0.000548385522663937
0.000452654818503317 -0.000786704182096726 -0.0358175689854348 0.0482317252170081
0.000516408240367396 -0.00235654261635938 0.00321778706922144 0.0513259170938181
-0.000102045122194976 -0.00248477391691591 0.0207507192688673 0.0370859166731436
-0.00436740484893546 -0.00375289950863901 0.0294518482293136 0.0229839124915837
-0.00554308963893324 -0.00497022825413337 0.0353515315809885 0.0168806577037087
-0.00490656708196318 -0.00845588521275993 0.03582273065137 0.0238522639772378
0.00393541697129024 -0.0106294939117575 0.0215169480637797 0.0452293146676479
0.0123495502368811 -0.00507662085057303 -0.00973399833892333 0.0578436996119738
0.0139018772208335 0.00575589525984691 -0.0375662191009192 0.0541147100963187
0.00935059440874074 0.0152350661940187 -0.0616687010737842 0.0492736768350608
0.0058129303399099 0.0244540250752878 -0.0529670352431028 0.0722302577110569
0.00518954550829217 0.0304100342885947 -0.00653276377220631 0.0450559825569211
0.0102281855755998 0.0118418119801657 0.0311686808157164 -0.00919540074181287
0.0100807778449485 0.0022943518222785 -0.0172288891018468 -0.0425703593204909
0.00901110610595514 -0.00496939917541013 -0.059513894696964 -0.00725602018795008
0.00379919067399288 -0.0143030291982388 -0.0400061299853728 0.0441157647394152
-0.00484472997804232 -0.0146592482727791 -0.00105622869197661 0.0496959067345055
-0.00903311225247682 -0.0102011835683328 0.0162989359710935 0.0357876237158256
-0.0145499210621744 -0.0111486322368686 0.0249030642424693 0.020696530460412
-0.0152139247242681 -0.0145438517834995 0.0306586005481672 0.0120632361628284
-0.0125273362234394 -0.0251689173376985 0.0352593153596404 0.0144563894655252
0.00838098042461063 -0.030545515544657 0.0291053776022553 0.0337324979187066
0.0326676132770758 -0.0144276831746735 0.00395657975207382 0.0558799764880072
0.0372380215916064 0.0184355096889626 -0.0257149906199728 0.0592996202555878
0.0172483369988455 0.0440638281964277 -0.051197988959188 0.0500947114907739
-0.00298780353445475 0.056094802814625 -0.0449109090890148 0.0620097924486467
-0.00510139501042099 0.051623410951886 -0.00678631328157483 0.0293568669158993
0.0146421414814212 0.0331298299264539 0.034006041508332 -0.0118592462528141
0.0260058639225655 0.0133476300635285 -0.010699602695281 -0.0517245791237792
0.0231470953155413 -0.0101635050982161 -0.0574866539525047 -0.0187786830994543
0.00900525934247934 -0.0273091379846214 -0.0439113277762837 0.0341790599284565
-0.00890042535819499 -0.0263794459986783 -0.00821274067646065 0.043255741975617
-0.0169326827626557 -0.0176461100400319 0.0094079930434946 0.0312717953553497
-0.0217925475343868 -0.0172749498636556 0.0169376150842045 0.0153174506173285
-0.0223373910053946 -0.0207698699180266 0.0222048029870863 0.0042276771653721
-0.0203296375641681 -0.0357669905787281 0.030657235688317 0.00109261629435669
0.00634306664293922 -0.0458300786229982 0.0354833721969428 0.0151202877129023
0.0408237516877254 -0.0282669336813649 0.0215246765050611 0.0470671747408689
0.057317377476943 0.0178680924547952 -0.00987471065558577 0.0607025042316186
0.0304719029324974 0.0617705122326216 -0.0396176335726172 0.0492356759615329
-0.00513833654450762 0.0784609462495968 -0.0350238641282829 0.0439703938476032
-0.0171869279621869 0.0647069558718672 -0.00251359540364637 0.00651044828992287
0.013760939221418 0.0531075217797992 0.0367138471312245 -0.0174562077243217
0.0380434266713443 0.0281798673108597 -0.000262295673881997 -0.0596615947407412
0.0380889694207053 -0.0122743303258769 -0.0500900361872971 -0.0328332065377433
0.0153265834074791 -0.0373381651960285 -0.0450410410698319 0.0176410477668947
-0.011101573215491 -0.0360014331080576 -0.0165360063111946 0.0315084929933747
-0.0223448496901382 -0.0233586791072701 -0.00078356005992248 0.022899357409685
-0.0259962475453132 -0.0206270153594175 0.00657147133645231 0.00795990165183446
-0.0262243476671011 -0.023294755685817 0.0106942941737041 -0.00459209185411725
-0.025744706752224 -0.039485854121438 0.0222082429408086 -0.0134907388765924
0.00117529286218176 -0.0534164892611354 0.0364985740856059 -0.00602340446276662
0.039991898586037 -0.0392493602452248 0.0366416190457992 0.032167075229476
0.0671206276755791 0.00988001075270047 0.00629249586975621 0.0566313476092363
0.0405290177923963 0.0657146607334845 -0.0291564142395576 0.044580285540901
-0.00506792058519367 0.087523599627775 -0.0255696368779875 0.0213322066036706
-0.0273038641035672 0.0668575005736204 0.00765538259904695 -0.0207636389756702
0.00722175696880571 0.0645420182163681 0.0406997711356697 -0.0266092556434416
0.0414614277783933 0.0415895626328129 0.0123881436484844 -0.0635105649713562
0.0480096187098285 -0.00899528881542046 -0.0349219495485423 -0.0454521930989278
0.0215219018839495 -0.0402526990553027 -0.0417555902588116 -0.00316131146790787
-0.0105232157019281 -0.0399948671544667 -0.0244615939316004 0.0150732118063196
-0.024383516501844 -0.0260752164339077 -0.0121739320717512 0.0127056847825727
-0.0264378496972105 -0.0208481671972193 -0.00471777841120032 -0.000661464726621884
-0.0255294939676231 -0.0217536682240506 -6.94734557355482E-05 -0.0126063827463578
-0.0259541416680134 -0.0374899024089145 0.0121275554596832 -0.0248447896841458
-0.00241101342921779 -0.0516437700418073 0.0324367643224961 -0.0243511599902421
0.0342971572151756 -0.0406232855919932 0.0448457861991671 0.0153983770739824
0.0630143904129531 0.00513195807118515 0.0168491177522545 0.0479511739660387
0.0398114635888645 0.0605109016571187 -0.0215983338731503 0.0373531705662192
-0.00561308560477185 0.0819943375045388 -0.0176945831962352 -0.00226585806829706
-0.031151559823579 0.0559748830548548 0.0221972340075942 -0.0461667970665533
-0.0020452936074625 0.0615045519811238 0.0455710366135505 -0.0365765260878739
0.0334601311540053 0.0457080587452307 0.0246512465188161 -0.062923344292269
0.0462565187056247 -0.0023930525199761 -0.0153571263156655 -0.0532076911085542
0.0233872188513597 -0.0346030466226746 -0.0329914049922245 -0.0234492024924757
-0.00775785335933311 -0.0365738758587463 -0.0302221885705914 -0.00250189453014273
-0.0225528735752384 -0.0240026694337247 -0.0234926699913923 0.00194966754703869
-0.0229082312180628 -0.0181960019853403 -0.0150595446331328 -0.00819562067884446
-0.0216728910825213 -0.0180450682743728 -0.0103360558812497 -0.0194919141666821
-0.0210617429380135 -0.0312272778722854 0.00422973236158426 -0.0336013490126052
-0.00172260519194331 -0.0433525115650654 0.0283647634580594 -0.0368226010033124
0.0282569381795737 -0.0336428176333803 0.0481722680722131 0.0029198147361403
0.0514289254287556 0.00623309053891047 0.0228828326463189 0.0391143311714176
0.0296555965455612 0.0518794465852464 -0.0163876297928017 0.0292250809948032
-0.00902929209707255 0.0658135550293672 -0.010538667801046 -0.0215012822164004
-0.0263106106903477 0.0343804228119556 0.0355300787515474 -0.0647125434159714
-0.00871612452394825 0.0434601277780054 0.0501953940702708 -0.0448753361385972
0.0191458197824232 0.0364693035307349 0.0337147999622079 -0.0588871097218408
0.0326508873986698 0.00233289113371484 0.00145320684789534 -0.0551086385408462
0.0180758583099474 -0.023114613770441 -0.0231882199973902 -0.0375071003845448
-0.00415979097993022 -0.0256982537637323 -0.0336724872464083 -0.0176938258150486
-0.0163125732728243 -0.0175232363704211 -0.0320231622959595 -0.00714018243735082
-0.01560872553021 -0.0133658374050313 -0.0229783514029386 -0.0149475506838361
-0.0145719589184498 -0.0124193072285898 -0.0171169282351839 -0.0257737403990163
-0.0140688322328044 -0.0222049033760652 -0.000529816578242474 -0.0402089222317675
-2.12164425952742E-05 -0.0313080930958815 0.0267556792834768 -0.0430290842707366
0.022724293425194 -0.0228194260372634 0.0499988316224342 -0.00406435788230988
0.0364662833476819 0.00968655752278357 0.0250204057468781 0.033146674368663
0.0153721785894287 0.0399774081593681 -0.0121180906773339 0.022455193384924
-0.0134394684272774 0.0421048630102711 -0.0039783556738297 -0.0344053305356852
-0.0153065688193265 0.00696903314243289 0.0432220859440919 -0.0738448579319075
-0.00938609625682331 0.0164307476151431 0.0516962115255235 -0.0499198263563539
0.00369827617618076 0.0165206058654825 0.0375635468183212 -0.0560385014265081
0.0121152592107294 0.00308842870528374 0.0100927929252249 -0.0556580763032863
0.00736086122551624 -0.00770715018011503 -0.0183849448648725 -0.0453737477648039
-0.000968165770364284 -0.00956388934634271 -0.0361785125417242 -0.0258017113140222
-0.00695194516061072 -0.00762518283926708 -0.0372277213402634 -0.0126942481597349
-0.00630708946999337 -0.00680546814528572 -0.0268159156518661 -0.0189854085745914
-0.00677039638230317 -0.00570714154475123 -0.0205961846891162 -0.0297795629277019
-0.00646573783283215 -0.0109958837559596 -0.00162377992541611 -0.044807898976581
0.00119853743339942 -0.0175697787422143 0.0278523057602879 -0.0453566507309452
0.0152238244456402 -0.0128613602944438 0.0521693165486534 -0.00557806816210909
0.0216070940523964 0.0108858717073884 0.0259602500103254 0.0304121228580313
0.0016019466710259 0.0252661216550125 -0.0094551018829113 0.0190954966833979
-0.0162545763835045 0.015896576457841 0.00292174864740759 -0.0395511112163152
0.010393965475239 0.00618185148592438 -0.00246463109441915 0.0501843398962327
0.00293765886506197 -0.00609910451484518 0.0306532539504657 -0.0102426213510507
-0.00448459220104067 -0.00442559975555369 -0.0179622385820234 -0.0377282592113571
-0.00209833314417609 0.00201611473331179 -0.0578615627670723 -0.00215794916213249
0.000444323686170563 -0.00113607005902553 -0.0361870776815549 0.0468326432626348
0.000630368776401803 -0.00231880542703441 0.00194665402443803 0.0500665676900901
-0.000523639968355057 -0.00285568080938711 0.0199483459612663 0.0372199833725694
-0.00423997552829827 -0.00340446319605092 0.0285192780400677 0.0235369318015822
-0.00520433954570877 -0.00532700564589715 0.0348584455443059 0.0170082342620766
-0.00416003570875269 -0.00863937840121081 0.0346873312572698 0.0245830465399481
0.00426875266727872 -0.0104459762131045 0.019931562043295 0.0449950954351326
0.0125343616373929 -0.00435615326910401 -0.0112726714103487 0.057197342903384
0.0137133254565192 0.00608749352748689 -0.0386423864571247 0.0520220656698571
0.0090433903639592 0.0157220271051517 -0.0615644027099255 0.0464732312182563
0.00519683566734651 0.0238696274385931 -0.0539525854624036 0.0689560733312937
0.00419017005810771 0.0294607673492616 -0.00732933544615073 0.043956190563146
0.00945974454329009 0.0121842358443041 0.0316650821445239 -0.00813937314063971
0.00953791430232479 0.00250324554845962 -0.0148808415457302 -0.0429483572157818
0.00883499735378908 -0.00435188408463783 -0.0577841934859251 -0.0087017339119842
0.00351325275036461 -0.0139170149537606 -0.0399220764005269 0.0422233986120497
-0.00466549099248079 -0.0143024277891145 -0.00241138128809655 0.0483738416346213
-0.00901551623656775 -0.0105236940951616 0.0157443131570356 0.0350089744318749
-0.0137794333512076 -0.0113056717058021 0.0243756264148529 0.0202576135336965
-0.0149791564483107 -0.0146271134768314 0.0296848108929587 0.0121793299262938
-0.0116806726691975 -0.0245697937315533 0.0342824969708198 0.0150660950904745
0.00927009773855838 -0.0295585434597427 0.0278228510330281 0.0336862222657002
0.0317933866342997 -0.013525373741391 0.0024059844678001 0.0551600351371241
0.0363707979009834 0.0195660306803464 -0.0272323113831925 0.0569089283247451
0.0157387598660266 0.0443531772335775 -0.0515210000053969 0.0471537775128429
-0.00374982862005185 0.05520240677591 -0.0458091597111033 0.0588068321784128
-0.00676176860631599 0.0497905039760291 -0.00668071527163602 0.028954313430278
0.0131630315361535 0.0325913906884686 0.0339419263180569 -0.010725596942272
0.0246434132165031 0.0138622493584166 -0.00838770830829363 -0.0510907473271647
0.0226804900089561 -0.00931939439605137 -0.0559127682648311 -0.0202015310889938
0.00866323926382788 -0.0265250376559367 -0.0440005375882662 0.031998783029581
-0.00851193883055682 -0.0263274150925088 -0.00889056440824518 0.042234906377276
-0.0163418342081271 -0.0179865524870016 0.00842073525973258 0.0302370229442055
-0.0209834139827756 -0.0170617126049237 0.0165647680675922 0.0155384275809677
-0.0217095026236416 -0.0205794612485235 0.0216053661908609 0.00461403855862933
-0.0197690104537862 -0.0352372807718629 0.0302939421435843 0.00145063797361091
0.0067822306654301 -0.0450731608549424 0.0340587566994694 0.0163773715402877
0.0405239440182191 -0.0272488336188191 0.0206433347287797 0.046584449715727
0.0562084446631905 0.0191457690478215 -0.0110399078307649 0.0594140475113091
0.0282878602795989 0.0612906216258601 -0.0403298116759292 0.0460839420160723
-0.0070779994542564 0.0771214292016435 -0.0352258420510369 0.0421947456050359
-0.0185871466207924 0.062730222375274 -0.00171648100693361 0.00658069414830746
0.0121874518323407 0.0521337410647057 0.0373295077751413 -0.0161154202922667
0.0368554481343383 0.0286770710492032 0.0019903183152486 -0.0583547792235625
0.0376396046364163 -0.0114216707900522 -0.048066549859753 -0.0338201379779951
0.0153389811334144 -0.0361367820893902 -0.0446929251303944 0.0156874745364465
-0.0101753313195673 -0.0350503129714186 -0.0168622649618995 0.0305571053616969
-0.0212553304658772 -0.0235176931956802 -0.00126213802124167 0.0225754585669833
-0.0251346410110781 -0.0207687297387493 0.00664956771375778 0.00798185102028688
-0.0254613681082738 -0.0235809798901322 0.0108424266746211 -0.00407587029570178
-0.0247210902166022 -0.0389366552517394 0.0220256631297989 -0.0124494548660686
0.00182098063126301 -0.0527505775391924 0.0352062346185172 -0.0050145803114051
0.0398720533554799 -0.0375577605243195 0.0352636458957548 0.0325048933390439
0.0652284693098639 0.0112505524127212 0.00450244626366769 0.0552556032530543
0.0381028664710375 0.065421395505327 -0.0298763451575247 0.042413520155404
-0.00648639352785961 0.085406828855711 -0.0251746619772915 0.0196505779349263
-0.0287772367903254 0.0642064163634551 0.0086500384630694 -0.0195228014537806
0.00534413629991756 0.0633555263431458 0.0414673424208847 -0.0249057933121084
0.0402466685437748 0.0418709302707895 0.0137482904563914 -0.0623623368168573
0.0470878984127316 -0.00747269661584013 -0.0324623415510587 -0.0459317338278261
0.0214051535757709 -0.0389154638739 -0.0399821234719262 -0.00445185633103902
-0.0091898782857532 -0.0391126209975559 -0.0240184752891872 0.0141367598142818
-0.0234231581144415 -0.0261500359200479 -0.0121914082060006 0.0121798632079045
-0.0253873171291936 -0.0210808531811821 -0.00439323545084588 -5.40590485678172E-06
-0.0249290765460123 -0.0222174029757472 -0.000406438494526651 -0.0120624036791403
-0.025071547381183 -0.0363830701373859 0.0125662124639136 -0.024312977842547
-0.00204573692480615 -0.0505162574503387 0.032105295246062 -0.0226572455598658
0.0338409064374071 -0.0389109534475672 0.0437796028813471 0.0164657833441514
0.0619145254480298 0.00650517184094241 0.0153891766529934 0.0474722733179725
0.0379220187806891 0.060558574110346 -0.0225890250673563 0.0350568288663019
-0.00731614247950869 0.0803880691854157 -0.0174429649175773 -0.00286384595871446
-0.0318311704469439 0.054243243947823 0.0233592091085087 -0.044029720459585
-0.0038152333247998 0.0603102810098152 0.0461052950607341 -0.0342621940487099
0.0318525690297686 0.0459988596775093 0.026093390127658 -0.0603330710840251
0.0453862201390247 -0.00118967276708494 -0.0134531339229646 -0.0527574237798411
0.0229270512412013 -0.0334613370002441 -0.0318773395851478 -0.0239856264831763
-0.00671347137019532 -0.0354088140558707 -0.0294140496325084 -0.00345783008115976
-0.0213073416704616 -0.024072863022752 -0.0228761361695015 0.00191942670916472
-0.022176294741434 -0.0186463115088152 -0.0145553617774414 -0.0083058472229587
-0.0204074884230593 -0.0179435112808894 -0.00917718546636737 -0.01907084192479
-0.0203925572511488 -0.030354373886397 0.00492945127722018 -0.0329275805338859
-0.00156552395014719 -0.0422785452828935 0.0281989203476838 -0.0348023275595262
0.0280079257041317 -0.0320430624129753 0.0473278596119475 0.0038416640652784
0.0503769742426434 0.00697497416845507 0.0215692265964568 0.039022095809235
0.0280573147403006 0.0513735981155441 -0.0174090655375068 0.0279789062578218
-0.0101856694219985 0.0636567163065295 -0.0103241884917689 -0.0214901585946888
-0.0269031770466168 0.0331785083403418 0.036489345944567 -0.0624516717934591
-0.00937755007390328 0.0420805529696947 0.0505980189528701 -0.0421273446406619
0.0177706051021454 0.0361579276825483 0.0348020327084676 -0.0563646149157797
0.0318791943406446 0.00280382646968524 0.00352061288177286 -0.0544765112051568
0.0175664244844157 -0.021997267094957 -0.0217430582157878 -0.0382665932794233
-0.00342552335601669 -0.0246120469349347 -0.0326737065476082 -0.0180741738354221
-0.0152218762724037 -0.0172949912264928 -0.0315949349158146 -0.0077471660269717
-0.0155767994984849 -0.013732759721987 -0.0222150263474456 -0.0152012474029651
-0.0135782431068042 -0.0127872625556357 -0.0161716682486873 -0.0255937917694404
-0.0136871994968766 -0.0215479649663006 4.11533602426555E-05 -0.0394255472424031
0.00033281443121819 -0.0308568568050241 0.0267314283673935 -0.0410275291516842
0.0223873704180573 -0.0214114342959843 0.0492169791256419 -0.00295053888705271
0.035768917060179 0.0104709937770686 0.024228679597704 0.0331083250787905
0.0141878177457876 0.0394535103788888 -0.0130739149690564 0.0219809033448835
-0.0145151761713507 0.0409628732989787 -0.00302185994012716 -0.0336573865558326
-0.0151250973154227 0.00655915951204926 0.0444109364594427 -0.0711301506047018
-0.00926804721912 0.0152978093463071 0.0517540386576299 -0.047277111449184
0.00346673891868133 0.0159820513462215 0.0383893075958457 -0.0536141128187737
0.0114155031297496 0.0030586624261199 0.0112351166916364 -0.0544120115849843
0.00708945149796679 -0.0071923325971781 -0.0169413897611194 -0.0448100807545319
-0.000619580962924273 -0.00888638058409641 -0.0351828950688345 -0.0259169624039123
-0.00671343006138144 -0.00705025181766917 -0.0364833820658905 -0.0128171106166784
-0.00610704928075351 -0.00653308698099633 -0.0271468258304474 -0.0192836375756686
-0.00612240672656553 -0.00542980285664406 -0.0190590872121178 -0.029736073071507
-0.00627251657866296 -0.0105742106436463 -0.000749929265219313 -0.043489749689591
0.00132869644564355 -0.0166456874869057 0.0281885670486029 -0.0434886549300716
0.0152147514474916 -0.0121252260513474 0.0511954094880073 -0.00428088619751913
0.020794958635954 0.0112957146733137 0.0241709119843743 0.0306462416996888
0.00119217569885316 0.0241987578012087 -0.0105686841066357 0.0179451549723401
-0.0158376376614719 0.0149592666217043 0.00314297479637803 -0.038306101795355
0.0101344917319135 0.00645304179886175 -0.00371436217851721 0.0502758888306267
0.00299547459507201 -0.00574558967992075 0.0318222358168406 -0.00933507396507519
-0.00435714826156132 -0.00446874662123554 -0.0168129699098503 -0.0395006286828494
-0.00228952770439073 0.00212097051127286 -0.058225802015868 -0.00377256837516997
0.000115918919075701 -0.00116006095328689 -0.0381066388841686 0.0458066441250566
6.40362962958777E-05 -0.0025328168546971 0.000797050329688133 0.0509336012264291
-0.000246569312619467 -0.00317546709619869 0.019427124664838 0.0384909763686186
-0.00427441223189542 -0.00400300527238182 0.0288822984725933 0.0242808465978939
-0.00529131540085678 -0.00498020285730882 0.0351558963715306 0.0184748486767373
-0.00459753640781352 -0.00885073834873676 0.0347881546255517 0.0258437690564713
0.0043690243170628 -0.0104705286954475 0.0190622368555694 0.0462847592691429
0.0129800861603109 -0.00417024060381327 -0.0133472469131966 0.0576265659720613
0.0136378765744987 0.00680275956903205 -0.0409068018101061 0.0509477040925695
0.00847873475643089 0.0164849020587064 -0.06457478387649 0.045279585909826
0.00427706485472057 0.024518904657187 -0.0564905657218715 0.067676735683073
0.0025044735309143 0.0300645311346868 -0.00720243340055649 0.0435805600680067
0.00899740108322385 0.012730418481162 0.0326616091574581 -0.00818555853737588
0.00964234628387652 0.00300418572409733 -0.013244081370253 -0.0439324041212809
0.00914985650697921 -0.00403048212004932 -0.0588045520073636 -0.0107279911725869
0.00401330702917369 -0.0141454889923645 -0.0421825048974555 0.040952609139778
-0.00440412189795322 -0.0147263691515293 -0.00325417201258141 0.0486966143569138
-0.00850184479477958 -0.0110217400190154 0.015478197277575 0.0362271865163333
-0.0137394082636471 -0.0121230844077519 0.0246329679989065 0.0214332234770919
-0.0146087023672216 -0.0153734914522246 0.0309220036473909 0.0131220415439886
-0.0115402628761197 -0.0254074545563925 0.0347397271196271 0.0163804765814031
0.00951722293440921 -0.0301979086607773 0.0270739470641922 0.0358028979073736
0.032271663886724 -0.0124228409131837 0.000749301840628099 0.0560123498830461
0.0361662006986498 0.0211667458628191 -0.0296132907223299 0.0564636467063116
0.0142807079465667 0.0459181426098688 -0.0542654922272984 0.0462600038271593
-0.00615203389970143 0.0559915870607246 -0.0480661453996547 0.0578953983492762
-0.00808221038728323 0.0505508670834409 -0.00684637453418684 0.0287739461502895
0.011857366325747 0.0337948731592943 0.035748037653515 -0.00991074337010728
0.0244658357923282 0.0150607138107818 -0.00633114893731997 -0.051987918943482
0.0238026532331934 -0.00919889990442669 -0.0558788090720759 -0.0222480218777152
0.00945640880630041 -0.0266848494824348 -0.0453881206086186 0.0308810904463934
-0.00825713518707896 -0.02658162905195 -0.00987938714515776 0.0425507603159864
-0.0159427651504154 -0.018730974257243 0.00762099519006172 0.0310029296371355
-0.0210855077572206 -0.0183143875603324 0.0166734647570446 0.0159951337820108
-0.0214083355027113 -0.0219933671110194 0.0220089295167575 0.00570415041829537
-0.0192757005446582 -0.0363498563961869 0.0309508963619705 0.00234920884220073
0.00797851742834569 -0.0453715822299753 0.0341017266378496 0.0173726864063635
0.0418527089821954 -0.0264477005756803 0.0190623185200909 0.0487492864507274
0.0565587558298473 0.0213847615516665 -0.0131791537605976 0.0594628639917358
0.0271675574200131 0.0638246960075267 -0.0424971800490775 0.0452962759986435
-0.00936016065083405 0.0779570461962838 -0.0372738110187633 0.0404664439444968
-0.0213552192720364 0.0627644211160867 -0.00134192417141888 0.00687781028448182
0.0106199934447355 0.0533634967396813 0.0394116802424763 -0.0146066122027681
0.0365196092151468 0.0303490232850284 0.00417331584073975 -0.0590662395405959
0.0383394567999742 -0.0101928068345169 -0.047392766350862 -0.0362123843601025
0.0165653096201063 -0.0361231692896664 -0.0459899585176596 0.0142004504871485
-0.00990836480667713 -0.0362232592641087 -0.0174157238777926 0.0305210044205394
-0.021330103813063 -0.0244657977389339 -0.00217450007988065 0.0227650763781018
-0.0250583532326281 -0.0216783236217754 0.00671052368296879 0.00832093702032499
-0.0249632815507191 -0.0242353188366913 0.011595879917868 -0.00354103841453075
-0.024685354008911 -0.039627490943582 0.0231078282092649 -0.0120600374359376
0.00235337249507218 -0.0529703734619196 0.0359937086279732 -0.00380959010841711
0.041312909603494 -0.0371047373293354 0.0352079157888512 0.0344336713255883
0.0662786343123899 0.014100087424735 0.00312776269620113 0.0562301356952978
0.036541975791828 0.0680644805375725 -0.0320211782674404 0.0409535862457548
-0.00926387434962611 0.0864919466026776 -0.0265843430739867 0.0183445468059962
-0.0314813732409774 0.0644065703601755 0.0105039979892086 -0.0193962280454456
0.00282067181160468 0.0643219753771923 0.0436575506397263 -0.02296239055301
0.039191319837198 0.0435702667644065 0.0167719966311805 -0.0616505500606468
0.0477735180575343 -0.00622732803565716 -0.031100337992383 -0.0482531376627356
0.022612800611426 -0.0392554254900816 -0.0410772759798256 -0.00626751583172486
-0.00872256272477577 -0.0393137505859231 -0.0251996657504467 0.0135932692600895
-0.0230704109972456 -0.0268913942640266 -0.0129855448519227 0.0122221641088464
-0.0254494633393366 -0.0222631760688882 -0.00440176924106095 -0.00031264505271381
-0.0246190185786637 -0.0229174587304243 0.000592321837806432 -0.0118468979555615
-0.0246772702019678 -0.0375766873954967 0.0135045427574701 -0.0241404218448039
-0.000922679980459529 -0.051251066866674 0.0330201343845144 -0.0215319897728364
0.0353432085697122 -0.0385585163871879 0.0439339325318319 0.0181233377533715
0.0629794232608609 0.00815012829304719 0.0144358588812393 0.0488054806029043
0.0371085433869443 0.0625653197474683 -0.0251509689048748 0.0343420533887985
-0.00965369266117996 0.0810204524959887 -0.0176884777008376 -0.00384216477057325
-0.0343164116479418 0.0538218578491283 0.0254611814701474 -0.0438289738456533
-0.00608178087232328 0.0607567518165949 0.048176560895816 -0.0327510754707994
0.0312220318570841 0.0475848330676488 0.0284997419598442 -0.0601291065396741
0.046046800802386 -0.000190555521770907 -0.0111793161268736 -0.054277855742119
0.0241840864139429 -0.0333475530785156 -0.0309924698781602 -0.0258408326052222
-0.00576544679133783 -0.035919679837669 -0.0298697727070053 -0.00439786000991793
-0.0208235144321443 -0.0244415895163637 -0.023426114804862 0.00167703767719518
-0.0220954629149804 -0.0199920817022638 -0.0145998075635393 -0.00838991315763326
-0.0199350941905347 -0.0189929949934952 -0.00897339206461715 -0.0194041280070378
-0.0201497346719539 -0.0310406995184891 0.005637187457856 -0.0330797346035454
-0.000778533531605746 -0.0425929076219157 0.029355721876815 -0.0339750200827058
0.0292767835197831 -0.0320491212730811 0.0479050959890163 0.00577312530176603
0.0513229290821269 0.00856753992591635 0.0208038563253381 0.0402710619294468
0.0273186683834354 0.0528834132030586 -0.0189034348142363 0.0270772435556791
-0.0121257405929379 0.0640417860958888 -0.0102592288808976 -0.0220391042614423
-0.0288618112263402 0.0323836087882025 0.0394711578683199 -0.0616271214914014
-0.0110162934970483 0.0423298011149796 0.053075273919132 -0.0406184340583573
0.0170679107368138 0.0376194754623868 0.0375572555333305 -0.055656505342543
0.0317887087818187 0.0038907042657611 0.00621786577672607 -0.0556937348000462
0.0184339754163256 -0.0216325975970323 -0.0208314461009332 -0.0399791580410185
-0.00284828318913171 -0.0250410450242798 -0.032324468986794 -0.0191807503664133
-0.01512813892638 -0.0183279975244475 -0.0316395120161309 -0.00841842450508054
-0.0150511818548299 -0.0146248577778122 -0.0223272423027999 -0.0159976652850949
-0.0133324530395821 -0.0134549196701121 -0.0154846705661549 -0.0260651291530838
-0.013143547989653 -0.0220434544557967 0.00136863134331423 -0.0400651273092609
0.000912228347693767 -0.03080207884839 0.0281531135240166 -0.040437170854753
0.0231957786077466 -0.0213455497992504 0.0500338972707271 -0.00154357334581506
0.0363714645031113 0.0111386042586467 0.0236891922373168 0.0346331376815997
0.0133943510767017 0.0403501636534584 -0.0142478855019315 0.0214722043671886
-0.0155344537371007 0.0409272190720814 -0.00268491915867049 -0.0341895859828093
-0.015660077218691 0.00596407880441236 0.0474330456092144 -0.0707771223360927
-0.0102252791698776 0.014912282176453 0.0540946511193245 -0.0454971093187446
0.00313154245912609 0.0166289216805749 0.0404491614303495 -0.0527705939444022
0.0117046537341359 0.00353937050302307 0.0139167003055704 -0.0552985936997665
0.00711328429562898 -0.0069158190195765 -0.015705679859496 -0.0464510301954827
-0.000391273750537894 -0.00909841333217025 -0.0349780628181079 -0.0269471394475137
-0.00631432605484601 -0.00714028470844495 -0.0365917815062465 -0.0138016226901212
-0.00614145340970569 -0.00694086237532077 -0.0270984202227478 -0.020344543691714
-0.00568966726968923 -0.00597070323139554 -0.0185105802789939 -0.0309910447717441
-0.00606611105684131 -0.0106403782482199 0.000510685237928565 -0.044426129839857
0.00114280074208885 -0.0169988171684551 0.0294913335852017 -0.0432631161616406
0.015521076780991 -0.0113611001894988 0.0516472458668597 -0.00309965320388971
0.0209115529104707 0.0118535621646885 0.0239209777386138 0.0320727363518514
0.000484268117652764 0.0249491031588453 -0.0113362138698257 0.0180839303456846
-0.0166256902357462 0.0141615576353353 0.00420778098581765 -0.0385144513299477
