TRXV5
3
4
4
9
string Extension=J
integer IsArchMeasurement=1
integer IsSpherical=1
string Generator=SPM
string GeneratorVersion=1.3.1 Dev
double ArchRadius=0.449999988079071
integer FrequencyAxisIndex=0
integer AzimuthAxisIndex=1
integer ElevationAxisIndex=2
Frequency
5 136 690000000 960000000 LIN
Azimuth
7 8 0 2.74889357189107 LIN
Elevation
7 15 -2.74889357189107 2.74889357189107 LIN
Polar H Real Part
13
Polar H Imaginary Part
14
Polar V Real Part
13
Polar V Imaginary Part
14
Polar H Magnitude (dB)
12 0xC0000002 0 1
Polar H Phase
7 0xC0000003 0 1
Polar V Magnitude (dB)
12 0xC0000002 2 3
Polar V Phase
7 0xC0000003 2 3
-0.0247020721435547 0.0150260925292969 0.0336475372314453 0.0165157318115234
0.00118064880371094 0.0249309539794922 0.0115461349487305 0.0122661590576172
0.0123357772827148 0.00860118865966797 0.00353717803955078 0.017298698425293
0.0121088027954102 -0.000780105590820313 0.0157413482666016 0.0234603881835938
0.00990486145019531 -0.00665092468261719 0.0283927917480469 0.0157852172851563
0.005950927734375 -0.0134067535400391 0.0327587127685547 0.0029144287109375
0.0038604736328125 -0.0123691558837891 0.0296134948730469 -0.00218009948730469
0.00481700897216797 -0.0108861923217773 0.0218887329101563 -0.000995635986328125
0.0108118057250977 -0.012120246887207 0.0122108459472656 0.00305652618408203
0.0168828964233398 -0.00232982635498047 0.00242495536804199 0.00306868553161621
0.0146055221557617 0.0110788345336914 -0.00417232513427734 -0.00957584381103516
0.004425048828125 0.0181121826171875 0.00568389892578125 -0.0200901031494141
-0.0132513046264648 0.0154008865356445 0.0317726135253906 -0.0192584991455078
-0.0237178802490234 0.0101737976074219 0.0381240844726563 -0.0032958984375
-0.0330753326416016 0.000789642333984368 0.0179786682128906 0.00253486633300781
-0.0348033905029297 0.00984573364257813 0.0231590270996094 0.0217571258544922
-0.0118198394775391 0.0248126983642578 0.00377655029296875 0.0190887451171875
0.00447463989257813 0.0145998001098633 0.00127029418945312 0.0243034362792969
0.00923538208007813 0.0083465576171875 0.0143909454345703 0.0292148590087891
0.0122718811035156 0.00181007385253906 0.0265693664550781 0.0203609466552734
0.0136594772338867 -0.00641632080078125 0.0325965881347656 0.00757789611816406
0.0128879547119141 -0.00860404968261719 0.027984619140625 0.00253486633300781
0.0122823715209961 -0.00695037841796875 0.0187358856201172 0.00348854064941406
0.0185470581054688 -0.007781982421875 0.00739431381225586 0.00720882415771484
0.0221633911132813 0.00395011901855469 -0.00336885452270508 0.00543594360351562
0.0158348083496094 0.0186023712158203 -0.0108203887939453 -0.00858688354492187
0.00214576721191406 0.0256156921386719 -0.00153732299804688 -0.02081298828125
-0.0197925567626953 0.0198249816894531 0.0237522125244141 -0.0219020843505859
-0.0324878692626953 0.00934982299804688 0.026458740234375 -0.00529098510742187
-0.0413627624511719 -0.00186538696289063 0.00509023666381836 0.000676155090332031
-0.0414009094238281 0.00130462646484375 0.00807380676269531 0.0236110687255859
-0.0247688293457031 0.020660400390625 -0.00886154174804687 0.0240192413330078
-0.00692558288574219 0.0193004608154297 -0.00509452819824219 0.0313014984130859
0.00365066528320313 0.0181541442871094 0.0112361907958984 0.0346279144287109
0.0128593444824219 0.0119705200195313 0.0234489440917969 0.0242290496826172
0.019805908203125 0.00241279602050781 0.0294895172119141 0.0116348266601562
0.0201988220214844 -0.0030517578125 0.0227890014648438 0.0064239501953125
0.0175971984863281 -0.00219535827636719 0.01226806640625 0.00714015960693359
0.0231189727783203 -0.00207710266113281 0.000503540039062501 0.0102882385253906
0.0250988006591797 0.00828361511230469 -0.0106983184814453 0.00780105590820312
0.0162868499755859 0.0216865539550781 -0.0180168151855469 -0.00694656372070312
0.00196456909179688 0.0286960601806641 -0.0092620849609375 -0.0201416015625
-0.0210113525390625 0.0225143432617187 0.0145931243896484 -0.0227870941162109
-0.034759521484375 0.00980758666992187 0.0128278732299805 -0.00479221343994141
-0.0446891784667969 -0.00447463989257812 -0.00971126556396485 -0.00103092193603516
-0.0410537719726563 -0.00698089599609376 -0.00853347778320313 0.0219612121582031
-0.032501220703125 0.0125389099121094 -0.024200439453125 0.0251235961914063
-0.0172405242919922 0.0195198059082031 -0.0137825012207031 0.0355796813964844
-0.0038604736328125 0.0249404907226563 0.00539398193359375 0.0372276306152344
0.0103206634521484 0.0201206207275391 0.0173835754394531 0.0255680084228516
0.0224990844726562 0.0111045837402344 0.0226154327392578 0.0136852264404297
0.023712158203125 0.00312423706054687 0.0142736434936523 0.00815963745117188
0.0200481414794922 0.00283050537109375 0.00397300720214844 0.00917816162109375
0.0239200592041016 0.00288772583007813 -0.00700950622558593 0.0124244689941406
0.0238323211669922 0.0111370086669922 -0.0172843933105469 0.00940799713134765
0.0145168304443359 0.0216579437255859 -0.0233345031738281 -0.00464439392089843
0.000389099121093749 0.0272426605224609 -0.0150947570800781 -0.0172443389892578
-0.0192813873291016 0.0211410522460938 0.0052032470703125 -0.0203380584716797
-0.0322322845458984 0.00809478759765625 -0.000340104103088381 -0.0020146369934082
-0.0413856506347656 -0.00683212280273437 -0.0235137939453125 -0.00181770324707031
-0.0336093902587891 -0.0128974914550781 -0.0234508514404297 0.0155582427978516
-0.0326042175292969 0.0034637451171875 -0.038818359375 0.0222053527832031
-0.0235843658447266 0.0151424407958984 -0.0229873657226563 0.0362205505371094
-0.0108509063720703 0.0251541137695313 -0.00116729736328125 0.0360336303710938
0.00569534301757813 0.0236949920654297 0.0109081268310547 0.0226764678955078
0.0198268890380859 0.0172977447509766 0.0137548446655273 0.0122747421264648
0.0231304168701172 0.00853919982910156 0.00392580032348633 0.00806140899658203
0.01849365234375 0.00694656372070313 -0.00508594512939453 0.00952243804931641
0.0212554931640625 0.00745201110839844 -0.0145397186279297 0.0133466720581055
0.0201663970947266 0.0138607025146484 -0.0229988098144531 0.00998497009277344
0.0103645324707031 0.0209941864013672 -0.0272731781005859 -0.00282669067382812
-0.00227546691894531 0.0242557525634766 -0.0179767608642578 -0.0144329071044922
-0.0190963745117188 0.0157070159912109 -0.000743865966796875 -0.0153560638427734
-0.0271816253662109 0.00294113159179687 -0.0104160308837891 0.00267314910888672
-0.0344333648681641 -0.0110664367675781 -0.0357131958007812 -0.003143310546875
-0.0194892883300781 -0.0156154632568359 -0.0327663421630859 0.00878906249999999
-0.0237026214599609 -0.004180908203125 -0.0475997924804688 0.0155601501464844
-0.0209827423095703 0.00693893432617187 -0.030181884765625 0.0320510864257813
-0.0142498016357422 0.0177631378173828 -0.00722503662109375 0.0312023162841797
-0.000438690185546874 0.0205001831054687 0.00456619262695312 0.0176925659179688
0.0125637054443359 0.0188407897949219 0.00438594818115234 0.00893211364746094
0.0178089141845703 0.0124645233154297 -0.0055241584777832 0.0064849853515625
0.0144939422607422 0.0101633071899414 -0.013671875 0.00861167907714844
0.0167751312255859 0.0108041763305664 -0.0208530426025391 0.0118961334228516
0.0142765045166016 0.0155267715454102 -0.0270195007324219 0.00786590576171876
0.005035400390625 0.0195789337158203 -0.0280971527099609 -0.00339698791503907
-0.00671958923339844 0.0198822021484375 -0.0181026458740234 -0.0128307342529297
-0.0191402435302734 0.00873947143554688 -0.00420093536376953 -0.0111188888549805
-0.021575927734375 -0.00452613830566406 -0.0168418884277344 0.00408935546875
-0.0234088897705078 -0.0168437957763672 -0.0423965454101563 -0.00564956665039063
-0.00193881988525391 -0.0128698348999023 -0.0365867614746094 0.00233459472656249
-0.00656270980834961 -0.00803470611572266 -0.0499496459960937 0.00944900512695313
-0.010955810546875 -0.00228691101074219 -0.0323619842529297 0.0274219512939453
-0.0115499496459961 0.00581264495849609 -0.00955963134765625 0.0251350402832031
-0.00577354431152343 0.0108861923217773 0.00127506256103516 0.0114202499389648
0.00217247009277344 0.0153007507324219 -0.00280308723449707 0.00368452072143555
0.00846481323242188 0.0141849517822266 -0.0128498077392578 0.00338077545166016
0.0076446533203125 0.0117368698120117 -0.02001953125 0.0066070556640625
0.00969409942626953 0.0124435424804687 -0.0261116027832031 0.00942420959472656
0.00731945037841797 0.0158939361572266 -0.0301151275634766 0.00512504577636719
0.000280380249023438 0.0176219940185547 -0.0289669036865234 -0.00543785095214844
-0.0103178024291992 0.0160102844238281 -0.0177707672119141 -0.0135173797607422
-0.01971435546875 0.00135231018066407 -0.00490665435791016 -0.0106668472290039
-0.0148773193359375 -0.0127143859863281 -0.0188579559326172 0.00343513488769531
-0.0111865997314453 -0.0222263336181641 -0.0454788208007813 -0.00959777832031249
0.0150995254516602 -0.00902557373046875 -0.0321540832519531 -0.000324249267578131
0.00999164581298828 -0.00899410247802734 -0.0452499389648438 0.00631713867187499
0.00174427032470703 -0.0097198486328125 -0.0304698944091797 0.0238571166992188
-0.00644540786743164 -0.00772285461425781 -0.00812721252441406 0.0211734771728516
-0.0091257095336914 -0.000749588012695313 0.00144386291503906 0.00779342651367188
-0.00829839706420899 0.00878524780273437 -0.00521659851074219 -0.000905990600585936
-0.00216102600097656 0.0132207870483398 -0.0160417556762695 -0.000555038452148437
0.000105857849121094 0.0112743377685547 -0.02349853515625 0.00297355651855469
0.00197124481201172 0.0122385025024414 -0.0292148590087891 0.00528526306152344
0.00025177001953125 0.0142078399658203 -0.0318698883056641 -0.000158309936523438
-0.00433444976806641 0.0136804580688477 -0.0290241241455078 -0.00940895080566407
-0.0121831893920898 0.0104188919067383 -0.0168399810791016 -0.0164785385131836
-0.0179595947265625 -0.00442695617675781 -0.00574779510498047 -0.0134115219116211
-0.0076751708984375 -0.0186691284179688 -0.0189800262451172 -0.00288581848144531
0.00233650207519531 -0.0249900817871094 -0.0430984497070313 -0.0158805847167969
-0.0238895416259766 0.0201282501220703 0.038177490234375 0.0184783935546875
0.00531959533691406 0.0272636413574219 0.0155305862426758 0.0133562088012695
0.0159673690795898 0.00697135925292969 0.00517845153808594 0.0179080963134766
0.0135335922241211 -0.00349712371826172 0.0176563262939453 0.0238704681396484
0.0091104507446289 -0.00936794281005859 0.0305023193359375 0.0156669616699219
0.00347805023193359 -0.0162029266357422 0.0355415344238281 0.00165939331054687
0.00168895721435547 -0.0146427154541016 0.0327033996582031 -0.00352287292480469
0.00336360931396485 -0.0129184722900391 0.0247859954833984 -0.00115203857421875
0.00909233093261719 -0.0158767700195313 0.0149335861206055 0.00382614135742187
0.0175657272338867 -0.00579071044921875 0.0041813850402832 0.0048069953918457
0.0178241729736328 0.00936317443847656 -0.00499725341796875 -0.00804376602172852
0.00811004638671875 0.0192985534667969 0.00390434265136719 -0.0206680297851563
-0.0119438171386719 0.020050048828125 0.0319862365722656 -0.0231552124023438
-0.0255393981933594 0.015289306640625 0.0416183471679688 -0.00546646118164063
-0.0365180969238281 0.00623703002929688 0.0207996368408203 0.0039520263671875
-0.0359420776367188 0.0141410827636719 0.0277309417724609 0.0254020690917969
-0.00937080383300781 0.0279579162597656 0.00745201110839844 0.021484375
0.00655937194824219 0.0143651962280273 0.00325775146484375 0.0253181457519531
0.0102300643920898 0.00709724426269531 0.0167484283447266 0.0304946899414062
0.0121011734008789 7.05718994140625E-05 0.0300216674804688 0.0215530395507813
0.0127573013305664 -0.0091257095336914 0.0362701416015625 0.00689315795898438
0.0122432708740234 -0.0107269287109375 0.0315666198730469 0.00207901000976562
0.0119857788085938 -0.00885009765625 0.0225028991699219 0.00362014770507813
0.0182666778564453 -0.0102901458740234 0.0110149383544922 0.0088958740234375
0.0239925384521484 0.00118064880371094 -0.00156831741333008 0.00873613357543945
0.0194873809814453 0.0179977416992188 -0.0117578506469727 -0.00582599639892578
0.0054779052734375 0.0280666351318359 -0.0037384033203125 -0.0201854705810547
-0.0196437835693359 0.0242195129394531 0.0230369567871094 -0.0249843597412109
-0.0358924865722656 0.0140037536621094 0.0288867950439453 -0.00635719299316406
-0.0462303161621094 0.00254821777343749 0.00659418106079101 0.00322866439819336
-0.044525146484375 0.00393295288085937 0.0116233825683594 0.0288448333740234
-0.0248374938964844 0.0231266021728516 -0.00623893737792969 0.0283145904541016
-0.00599479675292969 0.0200099945068359 -0.00268745422363282 0.0334949493408203
0.0043487548828125 0.0185070037841797 0.0142707824707031 0.0367889404296875
0.0137910842895508 0.011347770690918 0.0269355773925781 0.0257816314697266
0.0205364227294922 0.00091552734375 0.0334529876708984 0.0114669799804687
0.0210094451904297 -0.00452613830566406 0.0267677307128906 0.00647544860839844
0.0185928344726563 -0.00329780578613281 0.0161895751953125 0.00809001922607422
0.0240879058837891 -0.00416374206542969 0.00386333465576172 0.0126371383666992
0.0270557403564453 0.007171630859375 -0.00850391387939453 0.0117807388305664
0.0195579528808594 0.0220909118652344 -0.0195045471191406 -0.00337982177734375
0.00409126281738281 0.0314006805419922 -0.0120277404785156 -0.0187473297119141
-0.0220069885253906 0.0262317657470703 0.0128574371337891 -0.0245876312255859
-0.0391616821289063 0.0130195617675781 0.0136804580688477 -0.004608154296875
-0.0506553649902344 -0.00124359130859375 -0.00968456268310547 0.00290107727050781
-0.0444984436035156 -0.00658416748046876 -0.00687026977539063 0.0279293060302734
-0.0351829528808594 0.0140190124511719 -0.0225582122802734 0.0307979583740234
-0.0182743072509766 0.0215740203857422 -0.0113639831542969 0.0392112731933594
-0.00399398803710937 0.0268535614013672 0.0085906982421875 0.0401763916015625
0.0112934112548828 0.0213966369628906 0.0208816528320313 0.0268936157226562
0.0244636535644531 0.0111064910888672 0.0265846252441406 0.0142612457275391
0.0264530181884766 0.00244331359863281 0.0179538726806641 0.00862312316894531
0.0222454071044922 0.00267982482910156 0.00723743438720703 0.0102367401123047
0.0261478424072266 0.00267601013183594 -0.00395298004150391 0.0154600143432617
0.0264472961425781 0.0114822387695313 -0.0153598785400391 0.0135116577148437
0.0168437957763672 0.0236492156982422 -0.0242691040039062 -0.000696182250976563
0.00208663940429688 0.0301837921142578 -0.0171527862548828 -0.0149440765380859
-0.0215282440185547 0.0243988037109375 0.00334548950195313 -0.0205745697021484
-0.037017822265625 0.0101432800292969 -0.000487506389617922 -0.000778734683990478
-0.0469131469726563 -0.00591278076171876 -0.0249652862548828 0.00218963623046875
-0.037353515625 -0.0149650573730469 -0.0244922637939453 0.022064208984375
-0.0366249084472656 0.00282669067382812 -0.0394515991210938 0.0281944274902344
-0.0266304016113281 0.0165348052978516 -0.0214347839355469 0.0407791137695313
-0.0123367309570312 0.0282840728759766 0.000965118408203128 0.0393333435058594
0.00617408752441406 0.0263633728027344 0.0135765075683594 0.0240802764892578
0.0225849151611328 0.0189552307128906 0.0163860321044922 0.0130901336669922
0.0264682769775391 0.00897216796875 0.00627613067626953 0.009429931640625
0.0218143463134766 0.00799942016601563 -0.00315284729003906 0.0112075805664063
0.0249748229980469 0.00824737548828125 -0.0127143859863281 0.0159463882446289
0.023223876953125 0.0156135559082031 -0.0214214324951172 0.0135517120361328
0.0123920440673828 0.0239906311035156 -0.0278167724609375 0.000686645507812506
-0.00219345092773437 0.0280017852783203 -0.0193252563476563 -0.0120754241943359
-0.0216751098632813 0.0185165405273437 -0.00204181671142578 -0.0147256851196289
-0.0322322845458984 0.00344848632812501 -0.0106983184814453 0.00496578216552734
-0.0398712158203125 -0.01239013671875 -0.0386466979980469 0.00112533569335937
-0.0220165252685547 -0.0193843841552734 -0.0358657836914063 0.0139198303222656
-0.0273113250732422 -0.00692558288574219 -0.0502967834472656 0.0212516784667969
-0.0249881744384766 0.00695037841796875 -0.0292816162109375 0.0365982055664063
-0.0168552398681641 0.0208835601806641 -0.00560760498046875 0.0337295532226562
-0.000801086425781252 0.0241107940673828 0.00626945495605469 0.0189437866210938
0.0151653289794922 0.0223007202148437 0.006072998046875 0.00981616973876953
0.0215015411376953 0.0141944885253906 -0.00453472137451172 0.00721979141235352
0.0181159973144531 0.0118160247802734 -0.0127573013305664 0.01025390625
0.02056884765625 0.0127487182617187 -0.0200233459472656 0.0144176483154297
0.0177078247070312 0.0180816650390625 -0.0262641906738281 0.0105724334716797
0.00661849975585937 0.0232124328613281 -0.0286045074462891 -0.000494003295898441
-0.00693511962890625 0.0241947174072266 -0.0192432403564453 -0.0105781555175781
-0.0226535797119141 0.0108299255371094 -0.00533771514892578 -0.0102748870849609
-0.026580810546875 -0.00600433349609375 -0.0177803039550781 0.0066375732421875
-0.0286693572998047 -0.0197181701660156 -0.0463943481445313 -0.00240707397460937
-0.00215339660644531 -0.0178928375244141 -0.0408363342285156 0.00551605224609375
-0.00911521911621094 -0.0123987197875977 -0.053558349609375 0.0141677856445312
-0.014826774597168 -0.00400257110595703 -0.0326251983642578 0.0318527221679688
-0.0153446197509766 0.00708675384521484 -0.00804328918457031 0.0271778106689453
-0.00741958618164062 0.0139093399047852 0.00211811065673828 0.0116710662841797
0.0041961669921875 0.0193233489990234 -0.00248980522155762 0.00372099876403809
0.0121345520019531 0.0167598724365234 -0.0136337280273438 0.00408744812011719
0.0110645294189453 0.0142965316772461 -0.0210170745849609 0.0078277587890625
0.0133028030395508 0.0153970718383789 -0.0266895294189453 0.0114498138427734
0.0106010437011719 0.0193233489990234 -0.0306892395019531 0.00681877136230468
0.00102806091308594 0.0217304229736328 -0.0301799774169922 -0.00341606140136719
-0.0116558074951172 0.0201683044433594 -0.0189437866210938 -0.0125961303710937
-0.0239963531494141 0.00322151184082031 -0.00597572326660157 -0.00984954833984375
-0.0203475952148438 -0.0153732299804688 -0.0207557678222656 0.00546455383300781
-0.0151557922363281 -0.0267181396484375 -0.0501518249511719 -0.00770950317382813
0.0170421600341797 -0.0146303176879883 -0.0361061096191406 0.000816345214843746
0.00997734069824219 -0.0145835876464844 -0.0487899780273438 0.00955963134765625
-0.000709533691406249 -0.013031005859375 -0.0302581787109375 0.0274276733398437
-0.0103340148925781 -0.00757408142089844 -0.0073089599609375 0.0223369598388672
-0.0116300582885742 0.00125026702880859 0.00203609466552734 0.00671148300170898
-0.00789833068847656 0.0131254196166992 -0.00642681121826172 -0.00154256820678711
0.00105953216552734 0.0165367126464844 -0.0182209014892578 -0.00051689147949219
0.00282096862792969 0.0140790939331055 -0.0255489349365234 0.00426292419433594
0.00488376617431641 0.0147428512573242 -0.0312423706054688 0.00687789916992187
0.00286769866943359 0.0173921585083008 -0.0335216522216797 0.00093841552734375
-0.00333881378173828 0.0171899795532227 -0.0309009552001953 -0.00831222534179687
-0.0135784149169922 0.0142059326171875 -0.0187206268310547 -0.0160560607910156
-0.0221576690673828 -0.00348472595214844 -0.00715255737304687 -0.0126323699951172
-0.0125370025634766 -0.0217361450195313 -0.0218906402587891 -0.00186538696289063
-0.000591278076171875 -0.0303840637207031 -0.0483207702636719 -0.0161285400390625
-0.0215244293212891 0.0245132446289062 0.0434761047363281 0.0188827514648437
0.00995635986328125 0.0280513763427734 0.0189113616943359 0.0128955841064453
0.0182933807373047 0.00431251525878906 0.00665760040283203 0.0172080993652344
0.0139989852905273 -0.00655555725097656 0.0195407867431641 0.0240135192871094
0.00768280029296875 -0.0124292373657227 0.0328826904296875 0.0152702331542969
0.000156402587890627 -0.017852783203125 0.037506103515625 0.000747680664062499
-0.000899314880371094 -0.0153427124023438 0.0353355407714844 -0.00461196899414063
0.0010223388671875 -0.0137109756469727 0.0277881622314453 -0.00226211547851563
0.00606536865234375 -0.0179843902587891 0.0182895660400391 0.00363731384277344
0.0172920227050781 -0.00925064086914062 0.00651168823242188 0.00608634948730469
0.0207672119140625 0.00656700134277344 -0.00486040115356445 -0.00564813613891602
0.0118122100830078 0.018890380859375 0.00214004516601563 -0.0195674896240234
-0.00962638854980469 0.0238933563232422 0.0306892395019531 -0.025390625
-0.0252265930175781 0.0211372375488281 0.0442619323730469 -0.0086669921875
-0.0379409790039063 0.0125770568847656 0.02423095703125 0.00450515747070313
-0.0354347229003906 0.0181198120117187 0.0332183837890625 0.0275287628173828
-0.00616073608398438 0.0289764404296875 0.0117225646972656 0.0224475860595703
0.00839710235595703 0.0129728317260742 0.00516128540039063 0.0258045196533203
0.0109739303588867 0.00526905059814453 0.0195388793945312 0.0309543609619141
0.011845588684082 -0.00201797485351563 0.0324287414550781 0.0209827423095703
0.0108261108398438 -0.0105571746826172 0.0388755798339844 0.0062255859375
0.0108919143676758 -0.0116262435913086 0.0353012084960938 0.000823974609374999
0.0106134414672852 -0.00936603546142578 0.0263957977294922 0.0025177001953125
0.0168237686157227 -0.0122671127319336 0.0149927139282227 0.00901699066162109
0.0245189666748047 -0.00135040283203125 0.00181865692138672 0.0106782913208008
0.022308349609375 0.0163135528564453 -0.0116243362426758 -0.00251865386962891
0.00896263122558594 0.0284862518310547 -0.00556755065917969 -0.0181446075439453
-0.0183162689208984 0.0283317565917969 0.0209236145019531 -0.0264263153076172
-0.0372200012207031 0.0193252563476562 0.0306568145751953 -0.00781631469726562
-0.0491485595703125 0.00797653198242188 0.00916385650634765 0.00564956665039063
-0.0459785461425781 0.00665283203125 0.0164642333984375 0.0324325561523438
-0.0240631103515625 0.0252227783203125 -0.00180625915527344 0.0310401916503906
-0.00546836853027344 0.0204696655273438 0.000226974487304685 0.0344200134277344
0.00523757934570313 0.0186252593994141 0.0171279907226563 0.0370826721191406
0.0140590667724609 0.0105876922607422 0.0301914215087891 0.0256786346435547
0.0202198028564453 -0.000247955322265625 0.0366477966308594 0.0103492736816406
0.0215187072753906 -0.00595855712890625 0.0303688049316406 0.00531387329101563
0.0193386077880859 -0.00400924682617188 0.0204296112060547 0.00707244873046875
0.0245113372802734 -0.00519943237304688 0.00832653045654297 0.0137434005737305
0.0288257598876953 0.0056915283203125 -0.00505447387695313 0.0142726898193359
0.0223064422607422 0.021881103515625 -0.0184764862060547 0.000207901000976567
0.00676536560058593 0.0332107543945312 -0.0133390426635742 -0.0156059265136719
-0.0212020874023438 0.030120849609375 0.0102901458740234 -0.024627685546875
-0.0418624877929688 0.0173912048339844 0.0150537490844727 -0.00441169738769531
-0.0545616149902344 0.00279998779296875 -0.00812530517578125 0.00671577453613281
-0.0481147766113281 -0.005401611328125 -0.0035400390625 0.033416748046875
-0.0369491577148438 0.0153732299804688 -0.0191078186035156 0.0349082946777344
-0.0190658569335937 0.0225982666015625 -0.00806808471679688 0.0408439636230469
-0.0033721923828125 0.0286960601806641 0.0116195678710937 0.0412559509277344
0.0125503540039063 0.0224151611328125 0.0241165161132813 0.0274620056152344
0.0262241363525391 0.0108566284179688 0.0300712585449219 0.0133438110351562
0.0283565521240234 0.0015869140625 0.0213832855224609 0.00825691223144531
0.0240802764892578 0.0020294189453125 0.01104736328125 0.0100994110107422
0.0281181335449219 0.00160408020019531 0.000156402587890625 0.0164299011230469
0.0292224884033203 0.0113792419433594 -0.0117454528808594 0.0159730911254883
0.0191726684570313 0.0243968963623047 -0.0232982635498047 0.00312614440917968
0.00412368774414063 0.0329475402832031 -0.01837158203125 -0.0117683410644531
-0.0220165252685547 0.0276012420654297 0.0016632080078125 -0.0200138092041016
-0.04071044921875 0.0126838684082031 0.00104594230651855 0.00118601322174072
-0.0518035888671875 -0.00327682495117187 -0.0249805450439453 0.0068817138671875
-0.04205322265625 -0.0159530639648438 -0.0233058929443359 0.0274391174316406
-0.0409049987792969 0.00292587280273437 -0.0373420715332031 0.0333976745605469
-0.0286922454833984 0.0186023712158203 -0.0183029174804688 0.0433540344238281
-0.0125560760498047 0.0312099456787109 0.00409698486328125 0.0406646728515625
0.00769805908203125 0.0287609100341797 0.0162448883056641 0.0248279571533203
0.0256080627441406 0.0197296142578125 0.0193252563476563 0.0127105712890625
0.030242919921875 0.00861740112304688 0.00892257690429688 0.00935935974121094
0.0252170562744141 0.00761222839355469 -0.000603675842285154 0.0119199752807617
0.0286579132080078 0.00826835632324219 -0.00892543792724609 0.0174036026000977
0.0265045166015625 0.0161418914794922 -0.0182304382324219 0.0162773132324219
0.0146026611328125 0.02593994140625 -0.0264320373535156 0.00387573242187501
-0.000856399536132811 0.0314292907714844 -0.0199356079101563 -0.00910949707031249
-0.0238933563232422 0.0212211608886719 -0.0029296875 -0.0134973526000977
-0.0371665954589844 0.0050506591796875 -0.00975227355957031 0.00785350799560547
-0.0457611083984375 -0.0112876892089844 -0.0393180847167969 0.00633621215820312
-0.0263595581054687 -0.0226268768310547 -0.0367240905761719 0.0190467834472656
-0.0321903228759766 -0.00866889953613281 -0.0498542785644531 0.0271148681640625
-0.0288639068603516 0.00815582275390625 -0.0268898010253906 0.0401802062988281
-0.0185413360595703 0.0242271423339844 -0.00338363647460937 0.0357208251953125
-0.000213623046874998 0.0272693634033203 0.00767135620117188 0.0188331604003906
0.0184688568115234 0.0243167877197266 0.00777912139892578 0.00937080383300781
0.0260944366455078 0.0143394470214844 -0.00328779220581054 0.00811862945556641
0.0219802856445313 0.0122203826904297 -0.0116100311279297 0.0114927291870117
0.0246944427490234 0.0132560729980469 -0.0181198120117188 0.0156745910644531
0.0216903686523438 0.0198040008544922 -0.0242328643798828 0.0128135681152344
0.00898551940917969 0.0265216827392578 -0.0281734466552734 0.00179862976074219
-0.00657081604003906 0.0283012390136719 -0.0194644927978516 -0.0085601806640625
-0.0258102416992188 0.0140323638916016 -0.00543785095214844 -0.00902080535888672
-0.0322036743164063 -0.005462646484375 -0.0178108215332031 0.00996780395507812
-0.0340595245361328 -0.0213603973388672 -0.048370361328125 0.00174331665039062
-0.00509262084960938 -0.0231647491455078 -0.0433158874511719 0.00959396362304688
-0.0134897232055664 -0.0162429809570312 -0.055206298828125 0.0188522338867187
-0.0187168121337891 -0.00463676452636719 -0.0305137634277344 0.0355300903320312
-0.0184917449951172 0.00999641418457031 -0.00629425048828125 0.0279083251953125
-0.00779151916503906 0.0178661346435547 0.00283050537109375 0.0113182067871094
0.00697135925292968 0.0228080749511719 -0.00243210792541504 0.00363826751708985
0.0165462493896484 0.0181636810302734 -0.0140781402587891 0.00496387481689453
0.0154361724853516 0.0152206420898438 -0.0213661193847656 0.00984764099121094
0.0179214477539063 0.0160293579101563 -0.0261344909667969 0.0132598876953125
0.0147838592529297 0.0213356018066406 -0.0296401977539063 0.00875473022460938
0.00400161743164063 0.0246086120605469 -0.0300426483154297 -0.00166511535644531
-0.0109329223632813 0.024322509765625 -0.0190277099609375 -0.0107994079589844
-0.0271358489990234 0.00632286071777343 -0.00634765625 -0.00858116149902344
-0.0262088775634766 -0.0155925750732422 -0.0217685699462891 0.00812339782714844
-0.0210151672363281 -0.0293178558349609 -0.0530548095703125 -0.00497436523437499
0.0158920288085938 -0.020233154296875 -0.0398902893066406 0.00298309326171875
0.00735092163085938 -0.0200824737548828 -0.0509681701660156 0.0131874084472656
-0.00444316864013672 -0.0152044296264648 -0.0287532806396484 0.0306205749511719
-0.0139169692993164 -0.00679302215576172 -0.00533103942871094 0.0225982666015625
-0.0130615234375 0.00490283966064453 0.00188636779785156 0.00545215606689453
-0.00569820404052734 0.0172157287597656 -0.00728321075439453 -0.0019540786743164
0.00488662719726562 0.0183658599853516 -0.0204505920410156 0.000246047973632818
0.00661468505859375 0.0153636932373047 -0.0276889801025391 0.00605201721191406
0.00885677337646484 0.0160112380981445 -0.0324497222900391 0.00822639465332031
0.00674057006835938 0.0194225311279297 -0.0342311859130859 0.00220108032226562
-0.00122451782226563 0.0203742980957031 -0.0316658020019531 -0.00700759887695312
-0.0133705139160156 0.0184860229492188 -0.0194129943847656 -0.0148830413818359
-0.0251903533935547 -0.000505447387695309 -0.00798988342285156 -0.0120935440063477
-0.0176563262939453 -0.0227184295654297 -0.0238456726074219 0.000307083129882813
-0.00521469116210938 -0.0342636108398438 -0.0525321960449219 -0.0150222778320313
-0.0179672241210937 0.0272655487060547 0.0478858947753906 0.0178794860839844
0.0144062042236328 0.0272064208984375 0.0223197937011719 0.0114841461181641
0.0197372436523438 0.00142288208007813 0.00760746002197266 0.0165061950683594
0.0129375457763672 -0.00949764251708984 0.0202674865722656 0.0238628387451172
0.00529003143310547 -0.0138092041015625 0.0339145660400391 0.0152015686035156
-0.00351524353027344 -0.0180435180664062 0.0393409729003906 -0.000202178955078126
-0.0039215087890625 -0.0154447555541992 0.037506103515625 -0.00627517700195313
-0.00150775909423828 -0.0138025283813477 0.0304813385009766 -0.0041961669921875
0.00263214111328125 -0.0192089080810547 0.0212821960449219 0.00326156616210937
0.0154829025268555 -0.012603759765625 0.00930500030517578 0.00710487365722656
0.0223045349121094 0.00376319885253906 -0.00393271446228027 -0.00310420989990234
0.0150728225708008 0.0173501968383789 0.00108528137207031 -0.0180778503417969
-0.00599479675292969 0.0264167785644531 0.029388427734375 -0.0270061492919922
-0.0237503051757813 0.0259990692138672 0.0463180541992188 -0.0109939575195312
-0.0370635986328125 0.0184707641601563 0.0282955169677734 0.00452041625976563
-0.0338268280029297 0.0209445953369141 0.0385208129882813 0.0279426574707031
-0.00362014770507812 0.0290927886962891 0.0158538818359375 0.0220279693603516
0.00930118560791016 0.0110807418823242 0.00693893432617188 0.025054931640625
0.0105304718017578 0.00378322601318359 0.0204143524169922 0.0310039520263672
0.0104560852050781 -0.00299263000488281 0.0349407196044922 0.0206890106201172
0.00856304168701172 -0.0110692977905273 0.0415611267089844 0.00519180297851562
0.00894355773925781 -0.0117702484130859 0.0386695861816406 -0.00125885009765625
0.00990104675292969 -0.0101633071899414 0.0296840667724609 0.000986099243164062
0.0151834487915039 -0.0137100219726563 0.0189018249511719 0.0088653564453125
0.0244045257568359 -0.0036163330078125 0.00550937652587891 0.0117158889770508
0.0244331359863281 0.014495849609375 -0.00984001159667969 0.000192642211914063
0.0119457244873047 0.0282573699951172 -0.00610733032226563 -0.0154647827148437
-0.0158519744873047 0.0314998626708984 0.0192031860351562 -0.0269088745117187
-0.0374565124511719 0.024169921875 0.0326595306396484 -0.00886726379394531
-0.0501060485839844 0.0130691528320313 0.0128793716430664 0.00786018371582031
-0.0466575622558594 0.00888824462890625 0.0214691162109375 0.0349254608154297
-0.0233192443847656 0.0262680053710938 0.00249671936035156 0.0317211151123047
-0.00517082214355468 0.0199928283691406 0.00275993347167969 0.0343818664550781
0.00471115112304688 0.0188312530517578 0.0190620422363281 0.0378494262695313
0.0138397216796875 0.0110206604003906 0.0330219268798828 0.0252494812011719
0.0201454162597656 -0.000936508178710937 0.0399322509765625 0.0097198486328125
0.0215053558349609 -0.00656509399414063 0.033905029296875 0.00367546081542969
0.0197868347167969 -0.00443077087402344 0.0237598419189453 0.00574874877929688
0.0247669219970703 -0.00654792785644531 0.0126209259033203 0.0136623382568359
0.0301380157470703 0.00420761108398438 -0.000926971435546872 0.0156784057617188
0.0241012573242188 0.021697998046875 -0.016291618347168 0.00370979309082031
0.00951385498046875 0.0341720581054687 -0.0129013061523438 -0.0124111175537109
-0.0206813812255859 0.0331954956054687 0.00929832458496093 -0.024139404296875
-0.0433464050292969 0.0213851928710937 0.016911506652832 -0.00441646575927734
-0.0571250915527344 0.00703811645507813 -0.0054922103881836 0.00973796844482422
-0.0510902404785156 -0.00436782836914062 0.000316619873046872 0.0364990234375
-0.0389747619628906 0.0170402526855469 -0.0149154663085938 0.0374298095703125
-0.0202255249023438 0.0236778259277344 -0.00522994995117188 0.0413780212402344
-0.00321769714355469 0.0303955078125 0.0137519836425781 0.0417327880859375
0.0131549835205078 0.0234012603759766 0.0268535614013672 0.027252197265625
0.0274887084960938 0.0105934143066406 0.0330524444580078 0.0125579833984375
0.0301036834716797 0.000322341918945313 0.0245437622070313 0.00728034973144531
0.0262222290039063 0.00161933898925781 0.0142707824707031 0.00924301147460937
0.0303211212158203 0.00112152099609375 0.00380706787109375 0.0158119201660156
0.031494140625 0.0110149383544922 -0.00767326354980469 0.0175743103027344
0.0214633941650391 0.0257778167724609 -0.0207061767578125 0.00593948364257813
0.00588226318359375 0.0354385375976563 -0.0176525115966797 -0.00878334045410156
-0.0224533081054688 0.0302829742431641 0.00121498107910156 -0.0186691284179687
-0.0439720153808594 0.0157508850097656 0.00310873985290527 0.00230121612548828
-0.0559806823730469 -0.000568389892578121 -0.0227222442626953 0.01068115234375
-0.0464248657226563 -0.0163040161132813 -0.0211296081542969 0.0323123931884766
-0.0446510314941406 0.00436782836914062 -0.0343093872070313 0.0371475219726563
-0.0308551788330078 0.0204505920410156 -0.0155410766601562 0.0446319580078125
-0.0126914978027344 0.0344886779785156 0.00628280639648438 0.0413856506347656
0.00885963439941406 0.0311126708984375 0.0182571411132813 0.0246124267578125
0.0285816192626953 0.02020263671875 0.0220966339111328 0.0121116638183594
0.0334739685058594 0.00770378112792969 0.0112400054931641 0.00884246826171875
0.0281543731689453 0.00732803344726563 0.00211334228515625 0.0118083953857422
0.0317974090576172 0.00753211975097656 -0.00614166259765625 0.0172634124755859
0.0299491882324219 0.0164508819580078 -0.0152788162231445 0.0167465209960937
0.0172290802001953 0.0281276702880859 -0.0242938995361328 0.006011962890625
0.000301361083984375 0.0346508026123047 -0.0190086364746094 -0.00687980651855469
-0.0252437591552734 0.0245361328125 -0.00236892700195313 -0.0120840072631836
-0.0412788391113281 0.006744384765625 -0.00782203674316407 0.0100374221801758
-0.0505409240722656 -0.00993347167968751 -0.0382575988769531 0.0103111267089844
-0.0310134887695313 -0.0247821807861328 -0.0371208190917969 0.0238838195800781
-0.0375595092773438 -0.00896072387695313 -0.0489006042480469 0.0315971374511719
-0.0321140289306641 0.00982093811035157 -0.0247917175292969 0.0420570373535156
-0.0198116302490234 0.0280647277832031 -0.00181198120117188 0.036163330078125
0.00111198425292969 0.0307178497314453 0.00890159606933594 0.0189895629882813
0.0224819183349609 0.0257911682128906 0.00924873352050781 0.0088348388671875
0.0300979614257813 0.0137977600097656 -0.00248050689697265 0.00801610946655273
0.0257987976074219 0.0120697021484375 -0.00993251800537109 0.0117197036743164
0.0290565490722656 0.0132904052734375 -0.0164852142333984 0.0161771774291992
0.0260028839111328 0.0209846496582031 -0.0222759246826172 0.0133781433105469
0.01190185546875 0.0291194915771484 -0.02630615234375 0.00341987609863282
-0.00519943237304688 0.032318115234375 -0.0184574127197266 -0.00676727294921875
-0.0279445648193359 0.0173625946044922 -0.00455808639526367 -0.00800180435180664
-0.0374870300292969 -0.00407791137695313 -0.0163288116455078 0.0121994018554687
-0.0398406982421875 -0.0210914611816406 -0.0484123229980469 0.00525283813476563
-0.00904083251953125 -0.0271739959716797 -0.0453262329101563 0.0134620666503906
-0.0183429718017578 -0.0189113616943359 -0.0557975769042969 0.02294921875
-0.0229759216308594 -0.004119873046875 -0.0286483764648438 0.0369911193847656
-0.0211505889892578 0.0131378173828125 -0.00533294677734375 0.0283317565917969
-0.00726699829101563 0.0215034484863281 0.00288486480712891 0.0106544494628906
0.0108089447021484 0.025360107421875 -0.00264334678649902 0.00344538688659668
0.0211753845214844 0.0181407928466797 -0.0146026611328125 0.00588130950927734
0.0195732116699219 0.0149669647216797 -0.0214424133300781 0.0106792449951172
0.0224628448486328 0.0161876678466797 -0.0257415771484375 0.0135517120361328
0.0194053649902344 0.0222339630126953 -0.0285701751708984 0.00900840759277343
0.00637435913085938 0.0275707244873047 -0.0292472839355469 -0.000898361206054686
-0.00974082946777343 0.0286884307861328 -0.0184459686279297 -0.009918212890625
-0.0293846130371094 0.00977325439453125 -0.00556850433349609 -0.00760412216186523
-0.0315990447998047 -0.0146427154541016 -0.0213527679443359 0.0102310180664062
-0.0266571044921875 -0.030487060546875 -0.0552101135253906 -0.00209426879882814
0.0141887664794922 -0.0252552032470703 -0.0428199768066406 0.00490951538085937
0.00347328186035156 -0.0240459442138672 -0.0525131225585938 0.0165061950683594
-0.00818729400634766 -0.016301155090332 -0.0270881652832031 0.0319347381591797
-0.0174055099487305 -0.00423717498779297 -0.0048065185546875 0.0216960906982422
-0.0138826370239258 0.00868606567382812 0.000950098037719725 0.00434684753417969
-0.00263023376464844 0.0202865600585938 -0.008758544921875 -0.00242471694946289
0.00870323181152344 0.0192718505859375 -0.0224342346191406 0.00121307373046875
0.0101919174194336 0.0157556533813477 -0.0293006896972656 0.00751686096191407
0.0128364562988281 0.0166215896606445 -0.0334377288818359 0.00962448120117187
0.0108737945556641 0.0203647613525391 -0.0349521636962891 0.00298500061035157
0.00152587890625 0.0225563049316406 -0.0316600799560547 -0.00666999816894531
-0.0119819641113281 0.0222129821777344 -0.0194091796875 -0.0145912170410156
-0.0275249481201172 0.00279998779296875 -0.00798416137695313 -0.0111312866210938
-0.0227222442626953 -0.0223102569580078 -0.0251350402832031 0.00230216979980468
-0.0103683471679688 -0.0362930297851562 -0.0560188293457031 -0.0135917663574219
-0.0146980285644531 0.0290794372558594 0.0524177551269531 0.0177383422851563
0.0175876617431641 0.026123046875 0.0244922637939453 0.0100631713867188
0.0207099914550781 -0.000814437866210938 0.00796794891357422 0.0159807205200195
0.0120067596435547 -0.0117673873901367 0.0206947326660156 0.0254039764404297
0.00358772277832031 -0.0150308609008789 0.0355453491210938 0.0157012939453125
-0.00610733032226563 -0.0181045532226563 0.0412368774414063 4.19616699218739E-05
-0.00611972808837891 -0.0147552490234375 0.040191650390625 -0.00837326049804688
-0.00305461883544922 -0.0134181976318359 0.0335750579833984 -0.00547218322753906
-0.000204086303710939 -0.0195541381835938 0.0248832702636719 0.00248336791992187
0.0140171051025391 -0.014805793762207 0.013127326965332 0.00769519805908203
0.0226993560791016 0.000341415405273438 -0.00224590301513672 -0.00150942802429199
0.017425537109375 0.0158519744873047 0.00183773040771484 -0.0163908004760742
-0.00322914123535156 0.0278072357177734 0.0287456512451172 -0.0273513793945312
-0.02178955078125 0.0303535461425781 0.0488624572753906 -0.0132026672363281
-0.0358619689941406 0.0229263305664062 0.032806396484375 0.00477409362792969
-0.033203125 0.0230293273925781 0.0430641174316406 0.0288009643554688
-0.00201225280761718 0.0289440155029297 0.0192527770996094 0.0211143493652344
0.00970363616943359 0.00947666168212891 0.00824737548828125 0.0249137878417969
0.00998878479003906 0.00282001495361328 0.0219688415527344 0.0320529937744141
0.00900650024414063 -0.003448486328125 0.0370826721191406 0.0212020874023438
0.00742912292480469 -0.0108442306518555 0.044342041015625 0.00484848022460938
0.00840473175048828 -0.0118217468261719 0.0421676635742188 -0.00309371948242188
0.00947761535644531 -0.0101394653320313 0.0331535339355469 -0.0011444091796875
0.014378547668457 -0.0144538879394531 0.0224456787109375 0.00742912292480469
0.0242099761962891 -0.00531196594238281 0.00940418243408203 0.0124959945678711
0.0257587432861328 0.0128917694091797 -0.00732707977294922 0.00278425216674805
0.0143394470214844 0.0283164978027344 -0.00553989410400391 -0.0133686065673828
-0.0141353607177734 0.0338191986083984 0.0188426971435547 -0.0266551971435547
-0.0373497009277344 0.0285797119140625 0.0346851348876953 -0.00961875915527344
-0.0514068603515625 0.0174179077148437 0.0169296264648437 0.00895023345947266
-0.0480728149414063 0.0100746154785156 0.0262031555175781 0.0369644165039062
-0.0239925384521484 0.0267372131347656 0.00637054443359375 0.0319309234619141
-0.00585746765136719 0.0199642181396484 0.00445556640625 0.0342960357666016
0.00505447387695313 0.0193233489990234 0.0203475952148437 0.0387802124023438
0.0135679244995117 0.0116195678710938 0.0352401733398438 0.0259208679199219
0.020111083984375 -0.000446319580078125 0.0433616638183594 0.00850296020507813
0.0223255157470703 -0.0071258544921875 0.0374183654785156 0.0019989013671875
0.0209407806396484 -0.0044403076171875 0.0276260375976563 0.00378799438476563
0.0251903533935547 -0.00695610046386719 0.0162229537963867 0.0123653411865234
0.0310726165771484 0.00324440002441406 0.00338363647460938 0.0162754058837891
0.0258464813232422 0.0218219757080078 -0.0130577087402344 0.00567436218261719
0.0113296508789063 0.035369873046875 -0.0120878219604492 -0.0101566314697266
-0.0201072692871094 0.0358619689941406 0.00966453552246094 -0.0235252380371094
-0.0451583862304688 0.0253219604492187 0.0191307067871094 -0.00371551513671875
-0.0593414306640625 0.0105056762695312 -0.00161361694335938 0.0118131637573242
-0.0550880432128906 -0.00369644165039064 0.00458145141601563 0.0397071838378906
-0.0415802001953125 0.0182151794433594 -0.0119132995605469 0.0384941101074219
-0.0218753814697266 0.0250453948974609 -0.00358200073242188 0.0417137145996094
-0.00323486328125 0.0324268341064453 0.0153465270996094 0.0428199768066406
0.0142230987548828 0.0250091552734375 0.0290412902832031 0.0275344848632813
0.0291996002197266 0.0110511779785156 0.0361785888671875 0.0117607116699219
0.0320835113525391 -0.000135421752929687 0.0278759002685547 0.00601005554199219
0.0284843444824219 0.00127410888671875 0.0169782638549805 0.00748252868652344
0.0326461791992188 0.00052642822265625 0.00728511810302735 0.0151472091674805
0.0343799591064453 0.0107059478759766 -0.00411510467529297 0.0170230865478516
0.0240135192871094 0.0272579193115234 -0.0180187225341797 0.00727462768554688
0.00739288330078125 0.0377998352050781 -0.0157604217529297 -0.00687313079833984
-0.0234279632568359 0.0338306427001953 0.00169944763183594 -0.0175609588623047
-0.0472946166992188 0.0192108154296875 0.00531387329101562 0.00360298156738281
-0.0600700378417969 0.00220489501953124 -0.0198593139648438 0.0134677886962891
-0.05108642578125 -0.0172538757324219 -0.0188636779785156 0.0356292724609375
-0.0492515563964844 0.00559997558593751 -0.032470703125 0.0392875671386719
-0.0338592529296875 0.0226669311523437 -0.0143775939941406 0.0449180603027344
-0.0128669738769531 0.0379829406738281 0.00728988647460937 0.0425186157226563
0.0105876922607422 0.0336437225341797 0.0201129913330078 0.0247898101806641
0.0316848754882813 0.0212211608886719 0.0240631103515625 0.0109405517578125
0.0369186401367187 0.00690460205078125 0.0132207870483398 0.00821495056152344
0.0319404602050781 0.00680351257324219 0.00392723083496094 0.0107355117797852
0.035308837890625 0.0078125 -0.00359916687011719 0.0164556503295898
0.03375244140625 0.0171260833740234 -0.0124931335449219 0.0168018341064453
0.0201930999755859 0.0302143096923828 -0.0217094421386719 0.00711250305175782
0.00209426879882813 0.0381660461425781 -0.0174236297607422 -0.00566959381103515
-0.0265674591064453 0.0282001495361328 -0.001312255859375 -0.0112695693969727
-0.045928955078125 0.00940322875976563 -0.00562477111816407 0.0112409591674805
-0.0555458068847656 -0.00859832763671876 -0.0362625122070312 0.0131187438964844
-0.0364227294921875 -0.0266342163085937 -0.0367622375488281 0.0275650024414062
-0.0430679321289063 -0.00882339477539062 -0.048583984375 0.0343818664550781
-0.0359611511230469 0.0119895935058594 -0.023284912109375 0.0431480407714844
-0.0210247039794922 0.03204345703125 -0.000659942626953126 0.0368232727050781
0.00244712829589844 0.0341053009033203 0.00978660583496094 0.0185871124267578
0.0266571044921875 0.0272293090820313 0.0101213455200195 0.00864982604980469
0.0341377258300781 0.0133152008056641 -0.00102710723876953 0.00817012786865234
0.0298786163330078 0.0114345550537109 -0.00944232940673828 0.0117664337158203
0.0336685180664063 0.0129356384277344 -0.0156106948852539 0.0156755447387695
0.0304393768310547 0.0211467742919922 -0.0205612182617187 0.0133323669433594
0.0149459838867187 0.0320510864257813 -0.0246944427490234 0.00352478027343751
-0.0033721923828125 0.0357627868652344 -0.0172147750854492 -0.00592708587646484
-0.0302028656005859 0.0212287902832031 -0.00335216522216797 -0.00702333450317383
-0.0430259704589844 -0.0019683837890625 -0.0148611068725586 0.0140886306762695
-0.0458297729492188 -0.0211181640625 -0.0487709045410156 0.00771331787109374
-0.0134124755859375 -0.0303764343261719 -0.0475654602050781 0.0162010192871094
-0.0240287780761719 -0.0200347900390625 -0.05682373046875 0.0268325805664063
-0.0270099639892578 -0.00217437744140625 -0.0276222229003906 0.0382499694824219
-0.0234546661376953 0.0167217254638672 -0.00472831726074219 0.0285816192626953
-0.00624656677246093 0.0257015228271484 0.00231552124023437 0.0103797912597656
0.0153236389160156 0.0274791717529297 -0.00270390510559082 0.00342154502868652
0.0255393981933594 0.0178756713867188 -0.0147972106933594 0.00654220581054687
0.0233249664306641 0.0145893096923828 -0.0218830108642578 0.0117778778076172
0.0266437530517578 0.0159263610839844 -0.0263614654541016 0.0137653350830078
0.0235767364501953 0.0226898193359375 -0.0285911560058594 0.00879859924316407
0.00927734375 0.0299892425537109 -0.0288734436035156 -0.000997543334960937
-0.00824928283691406 0.0324344635009766 -0.0177993774414063 -0.010223388671875
-0.0316524505615234 0.0138034820556641 -0.00448846817016602 -0.00766229629516602
-0.0372428894042969 -0.0126304626464844 -0.0208892822265625 0.0120697021484375
-0.0323047637939453 -0.0307903289794922 -0.056854248046875 -0.00056076049804688
0.0112323760986328 -0.0290393829345703 -0.0462417602539063 0.00683975219726562
-0.000610351562499998 -0.0265445709228516 -0.0544662475585938 0.0189933776855469
-0.0116653442382813 -0.0164833068847656 -0.0265998840332031 0.0327243804931641
-0.0203971862792969 -0.00223731994628906 -0.00507736206054688 0.0214672088623047
-0.0135555267333984 0.0121755599975586 -0.000320196151733399 0.00333285331726074
0.000488281250000001 0.0226593017578125 -0.0105819702148438 -0.00215053558349609
0.0126895904541016 0.0193977355957031 -0.0242481231689453 0.00248527526855469
0.0135297775268555 0.0151872634887695 -0.0306415557861328 0.00899887084960938
0.016362190246582 0.0161666870117188 -0.0350055694580078 0.0105609893798828
0.0146236419677734 0.0207653045654297 -0.0360870361328125 0.00299072265624999
0.00421333312988281 0.0245342254638672 -0.0326747894287109 -0.00730705261230469
-0.0102729797363281 0.0252513885498047 -0.0196819305419922 -0.0144577026367187
-0.0291633605957031 0.00597763061523438 -0.00748920440673828 -0.0106077194213867
-0.0279369354248047 -0.0213413238525391 -0.0263824462890625 0.00428009033203125
-0.0152549743652344 -0.0373802185058594 -0.0593490600585937 -0.0125732421875
-0.0119056701660156 0.0309810638427734 0.0579071044921875 0.0174827575683594
0.0204505920410156 0.0246410369873047 0.0275650024414063 0.00839042663574219
0.0212821960449219 -0.00345802307128906 0.00816822052001953 0.0160579681396484
0.0107250213623047 -0.0133266448974609 0.0218772888183594 0.0264377593994141
0.00152778625488281 -0.0158119201660156 0.03778076171875 0.016876220703125
-0.00933837890625 -0.0169916152954102 0.0447235107421875 -0.000942230224609376
-0.00844860076904297 -0.0141181945800781 0.0441818237304688 -0.00981903076171875
-0.00541591644287109 -0.0128192901611328 0.036224365234375 -0.00811767578125
-0.00267410278320313 -0.0196151733398438 0.0283069610595703 0.000288009643554686
0.0125179290771484 -0.0164480209350586 0.0162925720214844 0.00674533843994141
0.0234661102294922 -0.0019683837890625 0.00017252564430237 -0.000300019979476929
0.0196647644042969 0.0142726898193359 0.00273036956787109 -0.0155000686645508
8.77380371093733E-05 0.029296875 0.0288429260253906 -0.0278587341308594
-0.0190181732177734 0.0341854095458984 0.0514984130859375 -0.0154876708984375
-0.0346927642822266 0.0276165008544922 0.0378150939941406 0.00438308715820313
-0.0332717895507813 0.0242862701416016 0.0489654541015625 0.0294303894042969
-0.00090789794921875 0.0293254852294922 0.0224571228027344 0.0201969146728516
0.00914096832275391 0.00829887390136719 0.0085601806640625 0.0245990753173828
0.00890350341796875 0.00222969055175781 0.0237369537353516 0.0338993072509766
0.00844907760620117 -0.00299739837646484 0.0396041870117188 0.0226821899414063
0.00599765777587891 -0.010096549987793 0.0481681823730469 0.00408554077148437
0.00766372680664063 -0.0117464065551758 0.0461845397949219 -0.00511932373046875
0.00926399230957031 -0.00999355316162109 0.0368690490722656 -0.00331497192382813
0.0134601593017578 -0.0147905349731445 0.0266323089599609 0.00529289245605469
0.0242710113525391 -0.006134033203125 0.0136632919311523 0.0127840042114258
0.0271224975585938 0.0116100311279297 -0.00468254089355468 0.00379514694213867
0.0164451599121094 0.0280933380126953 -0.00393581390380859 -0.0116119384765625
-0.0129280090332031 0.0365333557128906 0.0194358825683594 -0.0262966156005859
-0.0372352600097656 0.0330352783203125 0.0378837585449219 -0.0111770629882813
-0.0527763366699219 0.0215530395507813 0.0222530364990234 0.00949668884277344
-0.0509872436523438 0.0120620727539062 0.0321731567382812 0.0389518737792969
-0.02557373046875 0.0281791687011719 0.00908279418945312 0.0319252014160156
-0.00701332092285156 0.0205726623535156 0.00495719909667968 0.0347576141357422
0.00441169738769531 0.0207195281982422 0.0222740173339844 0.0409355163574219
0.0139026641845703 0.0121068954467773 0.0384521484375 0.026611328125
0.0212211608886719 -0.00025177001953125 0.0466728210449219 0.00738143920898437
0.0237445831298828 -0.00743293762207031 0.0416793823242188 6.48498535156245E-05
0.0221652984619141 -0.00533103942871094 0.0306758880615234 0.00160980224609375
0.0267810821533203 -0.00731849670410156 0.0204143524169922 0.0105648040771484
0.0333957672119141 0.00295639038085937 0.00732898712158203 0.0156803131103516
0.0287132263183594 0.0221767425537109 -0.0105867385864258 0.00660991668701172
0.0137062072753906 0.0371551513671875 -0.0102987289428711 -0.00873661041259765
-0.0198440551757812 0.0395278930664063 0.0102367401123047 -0.0231075286865234
-0.04766845703125 0.0301589965820313 0.0222644805908203 -0.00447463989257812
-0.0630874633789063 0.0146331787109375 0.00289726257324218 0.0139579772949219
-0.0597496032714844 -0.00223922729492188 0.0089263916015625 0.0425529479980469
-0.0451393127441406 0.02081298828125 -0.00947952270507813 0.0397071838378906
-0.0243873596191406 0.0279102325439453 -0.00243377685546875 0.0423507690429688
-0.00379180908203125 0.0357170104980469 0.0168342590332031 0.0447158813476563
0.0158672332763672 0.0274124145507813 0.0319499969482422 0.0281028747558594
0.0319442749023438 0.0110263824462891 0.0395698547363281 0.0103340148925781
0.0353012084960938 -0.00127792358398437 0.0309429168701172 0.00398826599121094
0.0315151214599609 0.000753402709960938 0.020111083984375 0.00616836547851563
0.0360832214355469 -0.00048065185546875 0.0102300643920898 0.0139217376708984
0.0380630493164063 0.0110397338867188 -0.000333786010742184 0.0168609619140625
0.0274009704589844 0.0291347503662109 -0.0156545639038086 0.00808525085449219
0.0101394653320312 0.0409393310546875 -0.0143165588378906 -0.00543594360351563
-0.0245628356933594 0.03765869140625 0.003021240234375 -0.0174198150634766
-0.0512161254882813 0.0233612060546875 0.00784778594970703 0.00388669967651367
-0.0653343200683594 0.00514221191406249 -0.0168857574462891 0.0159988403320312
-0.0576858520507812 -0.0172538757324219 -0.0165023803710938 0.0395469665527344
-0.0549812316894531 0.00745391845703125 -0.0308036804199219 0.04156494140625
-0.0374488830566406 0.0257682800292969 -0.0126838684082031 0.0470314025878906
-0.014129638671875 0.0427894592285156 0.00826263427734375 0.0445098876953125
0.0123863220214844 0.037567138671875 0.0218181610107422 0.0254535675048828
0.0359725952148438 0.0218582153320313 0.0266361236572266 0.00990867614746094
0.0406455993652344 0.00569915771484375 0.0154561996459961 0.00743865966796875
0.0351829528808594 0.00589752197265625 0.005889892578125 0.00920867919921875
0.0399703979492188 0.00625228881835938 -0.00254249572753906 0.0156412124633789
0.0385398864746094 0.01727294921875 -0.0104379653930664 0.016047477722168
0.0241909027099609 0.0329856872558594 -0.0205287933349609 0.00694084167480469
0.00431442260742187 0.0425491333007812 -0.0157918930053711 -0.00443935394287109
-0.0291347503662109 0.0326900482177734 -0.000110626220703127 -0.0115079879760742
-0.0515098571777344 0.0134696960449219 -0.00325107574462891 0.0125532150268555
-0.0617027282714844 -0.00649642944335938 -0.035125732421875 0.0158557891845703
-0.0426979064941406 -0.028289794921875 -0.0371818542480469 0.0315017700195313
-0.0495452880859375 -0.00755691528320313 -0.0484123229980469 0.0375442504882812
-0.0407638549804688 0.0148200988769531 -0.0223197937011719 0.0444831848144531
-0.0221824645996094 0.0371284484863281 -0.000373840332031247 0.0385246276855469
0.00456619262695312 0.0382041931152344 0.0103130340576172 0.0193843841552734
0.0316295623779297 0.0285224914550781 0.01153564453125 0.00799083709716797
0.0388221740722656 0.0115165710449219 -0.000648021697998044 0.00803041458129883
0.0341911315917969 0.0106163024902344 -0.00894069671630859 0.0118780136108398
0.038177490234375 0.0116004943847656 -0.0154628753662109 0.0156669616699219
0.0354156494140625 0.0214118957519531 -0.0200119018554687 0.0129451751708984
0.0190353393554687 0.0343360900878906 -0.0244178771972656 0.00283622741699219
-0.001312255859375 0.0409202575683594 -0.0167303085327148 -0.00651836395263671
-0.0324287414550781 0.0257186889648438 -0.00207042694091797 -0.00728750228881836
-0.0488204956054688 0.00117874145507813 -0.0134458541870117 0.0157899856567383
-0.0523529052734375 -0.0193214416503906 -0.0491256713867188 0.0102462768554687
-0.0186176300048828 -0.0325431823730469 -0.0499267578125 0.0197029113769531
-0.0301761627197266 -0.0210437774658203 -0.05828857421875 0.029296875
-0.0320262908935547 -0.00115585327148438 -0.0274085998535156 0.0403099060058594
-0.0256443023681641 0.0212917327880859 -0.00556373596191406 0.0295200347900391
-0.00523948669433594 0.0298976898193359 0.00160121917724609 0.0104522705078125
0.0197963714599609 0.0291595458984375 -0.00331950187683105 0.00319123268127442
0.0302543640136719 0.0169506072998047 -0.0162935256958008 0.00777244567871094
0.0273075103759766 0.0136775970458984 -0.0229244232177734 0.0126628875732422
0.0310401916503906 0.0151519775390625 -0.0268440246582031 0.0149326324462891
0.0284423828125 0.0227622985839844 -0.0299015045166016 0.0085906982421875
0.0132541656494141 0.0327053070068359 -0.0299949645996094 -0.00135040283203125
-0.005950927734375 0.0365142822265625 -0.0179195404052734 -0.0106372833251953
-0.0339603424072266 0.0176563262939453 -0.00403451919555664 -0.00775146484375
-0.0430488586425781 -0.0101814270019531 -0.0210514068603516 0.01422119140625
-0.0389060974121094 -0.0308303833007812 -0.0599861145019531 0.00168991088867189
0.00756072998046875 -0.0330257415771484 -0.0509376525878906 0.009307861328125
-0.00532150268554688 -0.02874755859375 -0.0571479797363281 0.0214653015136719
-0.0159807205200195 -0.0165948867797852 -0.0271358489990234 0.0339908599853516
-0.022613525390625 0.00121688842773438 -0.00591659545898438 0.0210418701171875
-0.0135707855224609 0.0153789520263672 -0.00176453590393066 0.00298500061035156
0.00452041625976562 0.0240306854248047 -0.0127372741699219 -0.00239944458007812
0.0163555145263672 0.0190715789794922 -0.0268115997314453 0.00451278686523438
0.0166025161743164 0.0145673751831055 -0.0330333709716797 0.0114345550537109
0.0205059051513672 0.0157051086425781 -0.0372886657714844 0.0124855041503906
0.0188674926757812 0.0203666687011719 -0.0387191772460938 0.00313949584960938
0.00714874267578125 0.0267124176025391 -0.0341510772705078 -0.00746726989746094
-0.00885772705078125 0.0285015106201172 -0.0197563171386719 -0.0156707763671875
-0.0308322906494141 0.00959014892578125 -0.00699615478515625 -0.0110902786254883
-0.0322151184082031 -0.0198574066162109 -0.0272083282470703 0.00625228881835938
-0.0206451416015625 -0.0386543273925781 -0.0638504028320312 -0.0116081237792969
-0.00951576232910156 0.0327491760253906 0.0639762878417969 0.0153617858886719
0.0240497589111328 0.0232696533203125 0.0302200317382813 0.0061492919921875
0.0214309692382813 -0.00609779357910156 0.00857639312744141 0.0163087844848633
0.00960159301757812 -0.0153217315673828 0.0241203308105469 0.0281925201416016
-0.000542640686035156 -0.0168685913085937 0.0421218872070313 0.0171318054199219
-0.0120000839233398 -0.0169200897216797 0.0491104125976562 -0.00269699096679688
-0.00984573364257813 -0.0124902725219727 0.0476417541503906 -0.0137710571289063
-0.00676631927490235 -0.0123291015625 0.0394210815429688 -0.0113525390625
-0.00505447387695313 -0.0190906524658203 0.0320339202880859 -0.00255393981933594
0.0103263854980469 -0.0184345245361328 0.0205459594726563 0.00572395324707031
0.0230388641357422 -0.00482368469238281 0.00286698341369629 4.48226928710935E-05
0.0216999053955078 0.0123863220214844 0.00401496887207031 -0.0148763656616211
0.00388336181640625 0.030792236328125 0.0300102233886719 -0.0295696258544922
-0.0159530639648438 0.0381546020507813 0.0548744201660156 -0.0193061828613281
-0.0328884124755859 0.0323333740234375 0.0437965393066406 0.00175094604492188
-0.0330963134765625 0.0272483825683594 0.0565299987792969 0.02886962890625
0.00034904479980469 0.0297813415527344 0.0256137847900391 0.0185317993164063
0.009124755859375 0.00808238983154297 0.00955009460449219 0.0251865386962891
0.00868988037109375 0.00241994857788086 0.0264053344726563 0.0357513427734375
0.00763607025146484 -0.0032963752746582 0.0446281433105469 0.0225486755371094
0.00462150573730469 -0.0101318359375 0.05316162109375 0.00184249877929687
0.00772953033447266 -0.0118074417114258 0.0507164001464844 -0.00936126708984375
0.00942802429199219 -0.00989627838134766 0.0403022766113281 -0.00763702392578125
0.0129785537719727 -0.0152730941772461 0.0313453674316406 0.00221443176269531
0.0248546600341797 -0.00812721252441406 0.0182743072509766 0.0106678009033203
0.0290584564208984 0.0104656219482422 -0.00149011611938476 0.00459051132202148
0.0194377899169922 0.0282974243164063 -0.00233936309814453 -0.0108184814453125
-0.0106315612792969 0.0396614074707031 0.0199871063232422 -0.0277214050292969
-0.0368080139160156 0.0388832092285156 0.0411720275878906 -0.0138969421386719
-0.0536231994628906 0.0270271301269531 0.0278358459472656 0.00911521911621094
-0.0545387268066406 0.0153121948242188 0.0386619567871094 0.0395431518554688
-0.0264759063720703 0.0312137603759766 0.0130634307861328 0.0317649841308594
-0.00775337219238281 0.0226154327392578 0.00681686401367188 0.0355110168457031
0.00501632690429688 0.0227336883544922 0.0254402160644531 0.0428390502929688
0.0155467987060547 0.0137519836425781 0.04290771484375 0.0265617370605469
0.0223674774169922 -0.000246047973632813 0.0520973205566406 0.00552749633789063
0.0248699188232422 -0.00868797302246094 0.0458755493164063 -0.00414276123046875
0.0241775512695313 -0.00591468811035156 0.0345382690429688 -0.00226783752441406
0.0290260314941406 -0.00901222229003906 0.0242195129394531 0.00759506225585937
0.0357704162597656 0.00170516967773438 0.0117597579956055 0.0146799087524414
0.0322608947753906 0.0226001739501953 -0.0073251724243164 0.00746011734008789
0.0169219970703125 0.0396003723144531 -0.0086827278137207 -0.00706815719604492
-0.0191917419433594 0.0442276000976563 0.0107059478759766 -0.0238189697265625
-0.0495414733886719 0.0360946655273438 0.0257320404052734 -0.0060272216796875
-0.0668220520019531 0.0198745727539063 0.00761413574218749 0.0146703720092773
-0.066070556640625 0.000419616699218736 0.0138397216796875 0.0455436706542969
-0.0492477416992188 0.0247764587402344 -0.00651931762695313 0.0417747497558594
-0.0263843536376953 0.0314388275146484 -0.00070953369140625 0.0438804626464844
-0.00288772583007813 0.0400543212890625 0.019805908203125 0.0474014282226563
0.0181255340576172 0.0297412872314453 0.035736083984375 0.0286521911621094
0.03546142578125 0.0109748840332031 0.0436363220214844 0.00821685791015625
0.0384559631347656 -0.00311279296875 0.0347328186035156 0.0014801025390625
0.0349369049072266 -0.0009613037109375 0.0226020812988281 0.00338172912597656
0.0397529602050781 -0.00196456909179688 0.0136051177978516 0.0116653442382812
0.0422286987304688 0.0097808837890625 0.00269889831542969 0.015538215637207
0.0321807861328125 0.030120849609375 -0.0131292343139648 0.00840854644775391
0.0134201049804688 0.0445365905761719 -0.0129203796386719 -0.00475788116455078
-0.025177001953125 0.043304443359375 0.00364875793457031 -0.0177898406982422
-0.0548820495605469 0.0296287536621094 0.0110349655151367 0.00378513336181641
-0.07080078125 0.0104141235351562 -0.0140037536621094 0.0180282592773438
-0.0654144287109375 -0.0155487060546875 -0.0138740539550781 0.0435104370117188
-0.060699462890625 0.0118865966796875 -0.0293922424316406 0.0446548461914062
-0.0409584045410156 0.0306930541992188 -0.0116348266601563 0.0482673645019531
-0.01287841796875 0.0485115051269531 0.01104736328125 0.046539306640625
0.0162887573242187 0.0406303405761719 0.0243549346923828 0.0256710052490234
0.0409622192382813 0.02191162109375 0.0290908813476563 0.00878334045410156
0.0453720092773438 0.00296401977539063 0.017974853515625 0.00586700439453125
0.0399894714355469 0.00418472290039063 0.00734663009643555 0.00847959518432617
0.04498291015625 0.0042572021484375 -0.000245094299316403 0.0149316787719727
0.0446052551269531 0.0163345336914063 -0.00798988342285156 0.0158872604370117
0.0292434692382813 0.0350379943847656 -0.0188083648681641 0.00709915161132813
0.00817489624023438 0.0466995239257813 -0.0148715972900391 -0.00437545776367187
-0.0299034118652344 0.0383949279785156 0.000835418701171873 -0.0122432708740234
-0.0569839477539063 0.0191574096679687 -0.00142860412597656 0.0132074356079102
-0.0689353942871094 -0.00223159790039064 -0.0339336395263672 0.0183830261230469
-0.051116943359375 -0.0277481079101563 -0.0373573303222656 0.0362930297851563
-0.0570716857910156 -0.00490570068359375 -0.0487556457519531 0.0414085388183594
-0.0449790954589844 0.0195541381835937 -0.0218429565429687 0.0468025207519531
-0.0223464965820313 0.0435562133789063 0.00090789794921875 0.0401115417480469
0.00814437866210937 0.0424270629882813 0.0115852355957031 0.0200653076171875
0.0371589660644531 0.0283355712890625 0.012211799621582 0.007476806640625
0.0441131591796875 0.00959014892578125 -0.000554084777832028 0.00800561904907227
0.038909912109375 0.00823211669921875 -0.00893974304199219 0.0120401382446289
0.04376220703125 0.00922775268554688 -0.0152273178100586 0.0159206390380859
0.041473388671875 0.0203895568847656 -0.0200347900390625 0.0127582550048828
0.0245208740234375 0.0366668701171875 -0.0247097015380859 0.002685546875
0.00229263305664063 0.0454902648925781 -0.016413688659668 -0.00653076171875
-0.0340595245361328 0.0313186645507813 -0.0013127326965332 -0.00794839859008789
-0.0553245544433594 0.00605010986328124 -0.0121593475341797 0.0173969268798828
-0.0599822998046875 -0.01678466796875 -0.0505828857421875 0.0134544372558594
-0.0254898071289063 -0.0347766876220703 -0.0529060363769531 0.0247268676757812
-0.0373268127441406 -0.0202789306640625 -0.0603981018066406 0.0342216491699219
-0.0366134643554687 0.00165557861328126 -0.0273284912109375 0.041748046875
-0.0265884399414063 0.0268115997314453 -0.00574874877929688 0.0310573577880859
-0.00252723693847657 0.0344333648681641 0.00117683410644531 0.0108795166015625
0.0254421234130859 0.0298748016357422 -0.00417780876159668 0.00342488288879395
0.0350379943847656 0.014617919921875 -0.0172595977783203 0.00875282287597657
0.0318679809570313 0.0117835998535156 -0.0238418579101562 0.0149745941162109
0.0365829467773437 0.0127754211425781 -0.0288333892822266 0.0166492462158203
0.0341873168945313 0.0215682983398437 -0.0320758819580078 0.00970268249511719
0.0183467864990234 0.0346927642822266 -0.0311756134033203 -0.00199127197265625
-0.00255203247070313 0.0411224365234375 -0.0186347961425781 -0.0110893249511719
-0.0359115600585938 0.02276611328125 -0.0031881332397461 -0.00864791870117187
-0.0493316650390625 -0.00704956054687501 -0.0205440521240234 0.0165138244628906
-0.0460433959960938 -0.0295639038085937 -0.062744140625 0.00472259521484376
0.00342941284179687 -0.0361709594726563 -0.0553054809570313 0.0137405395507813
-0.010772705078125 -0.0302162170410156 -0.0600738525390625 0.0261001586914062
-0.0200958251953125 -0.0162200927734375 -0.0267753601074219 0.0359840393066406
-0.0251064300537109 0.00458908081054688 -0.00702667236328125 0.0217647552490234
-0.0125579833984375 0.0193653106689453 -0.00346994400024414 0.00326204299926758
0.00847434997558594 0.0254669189453125 -0.0155830383300781 -0.00161647796630859
0.0208778381347656 0.0177211761474609 -0.0297393798828125 0.00671386718750001
0.0202178955078125 0.0132617950439453 -0.035369873046875 0.0142021179199219
0.0240306854248047 0.0142440795898438 -0.0399856567382813 0.0152053833007812
0.0230484008789062 0.0199260711669922 -0.04156494140625 0.00440979003906251
0.0109176635742188 0.0281009674072266 -0.0369033813476563 -0.00778961181640625
-0.00604820251464844 0.0321426391601563 -0.0216255187988281 -0.0163383483886719
-0.0325222015380859 0.01336669921875 -0.00711154937744141 -0.0116729736328125
-0.0378875732421875 -0.0174674987792969 -0.02862548828125 0.00878143310546875
-0.0268020629882813 -0.038726806640625 -0.0695457458496094 -0.00925064086914062
-0.00609779357910156 0.0344867706298828 0.0705718994140625 0.0105056762695313
0.0273151397705078 0.0203704833984375 0.0323333740234375 0.00232887268066406
0.0214118957519531 -0.00889396667480469 0.00959968566894531 0.0162353515625
0.00801753997802734 -0.0169353485107422 0.0278854370117188 0.0282192230224609
-0.0031585693359375 -0.0165777206420898 0.0468215942382813 0.0158920288085938
-0.0156087875366211 -0.0147829055786133 0.0530815124511719 -0.0062255859375
-0.0116748809814453 -0.0109004974365234 0.0511322021484375 -0.0197906494140625
-0.00855255126953125 -0.0112237930297852 0.0418472290039063 -0.0165519714355469
-0.00780105590820313 -0.0189609527587891 0.0349254608154297 -0.0079193115234375
0.00768852233886719 -0.0196495056152344 0.0240840911865234 0.003204345703125
0.0231342315673828 -0.00839424133300781 0.00570249557495117 -0.000205039978027344
0.0237941741943359 0.00963592529296875 0.00573253631591797 -0.0150852203369141
0.00829696655273437 0.0322246551513672 0.0298671722412109 -0.0322227478027344
-0.0111465454101562 0.0425605773925781 0.0572738647460938 -0.0250778198242187
-0.0292549133300781 0.0373001098632813 0.0501365661621094 -0.00301742553710937
-0.0331764221191406 0.0304145812988281 0.0641670227050781 0.0257072448730469
0.00282669067382812 0.0309486389160156 0.0288314819335937 0.0155773162841797
0.00914192199707031 0.00784492492675781 0.0111408233642578 0.0258293151855469
0.00838708877563477 0.00200128555297852 0.03057861328125 0.036651611328125
0.00720977783203125 -0.00328826904296875 0.0495681762695313 0.0211067199707031
0.00421810150146484 -0.00931644439697266 0.0580329895019531 -0.00302886962890625
0.00711917877197266 -0.0121402740478516 0.0544776916503906 -0.0151901245117188
0.00994586944580078 -0.0104875564575195 0.0433464050292969 -0.0139350891113281
0.0124778747558594 -0.0164108276367188 0.0349884033203125 -0.0024871826171875
0.0245532989501953 -0.009918212890625 0.0223770141601563 0.00791549682617188
0.0310840606689453 0.00821495056152344 0.00196313858032227 0.00380587577819824
0.0231761932373047 0.0275211334228516 -0.000262260437011717 -0.00965499877929687
-0.00714874267578125 0.0426979064941406 0.0198383331298828 -0.0290145874023437
-0.0343208312988281 0.0444450378417969 0.0438385009765625 -0.0187873840332031
-0.0535888671875 0.0341300964355469 0.0338935852050781 0.00629997253417969
-0.0571632385253906 0.0200119018554687 0.0464820861816406 0.0380592346191406
-0.0267181396484375 0.0352859497070313 0.0171356201171875 0.0310955047607422
-0.0085601806640625 0.0258083343505859 0.00851058959960937 0.0361900329589844
0.00617218017578125 0.0252227783203125 0.030029296875 0.044036865234375
0.0176467895507813 0.0152759552001953 0.0482711791992188 0.0254325866699219
0.0239410400390625 -0.00089263916015625 0.0559234619140625 0.00109100341796875
0.0264472961425781 -0.0106964111328125 0.0497856140136719 -0.00984573364257813
0.026123046875 -0.00848007202148437 0.0370674133300781 -0.007476806640625
0.0309429168701172 -0.0120449066162109 0.0275173187255859 0.00352668762207031
0.0385475158691406 -0.0012969970703125 0.0161457061767578 0.0117998123168945
0.0363731384277344 0.0213279724121094 -0.0043034553527832 0.0074467658996582
0.0220222473144531 0.0406227111816406 -0.00635433197021484 -0.00672626495361328
-0.0167236328125 0.0486221313476563 0.0111751556396484 -0.0249881744384766
-0.0500450134277344 0.0440864562988281 0.0286884307861328 -0.00905799865722656
-0.0696563720703125 0.0275421142578125 0.0126686096191406 0.0141706466674805
-0.0726089477539063 0.0063934326171875 0.0203590393066406 0.0468902587890625
-0.0521507263183594 0.0307540893554688 -0.0024566650390625 0.0426177978515625
-0.0275993347167969 0.0370979309082031 0.0013580322265625 0.0452079772949219
0.000183105468750002 0.0443763732910156 0.0240592956542969 0.048126220703125
0.0226535797119141 0.0315761566162109 0.0404243469238281 0.0277290344238281
0.0397262573242188 0.00933456420898438 0.0473899841308594 0.00485610961914063
0.0415115356445313 -0.0069580078125 0.037872314453125 -0.00333404541015625
0.0383834838867188 -0.00443649291992188 0.0247039794921875 7.62939453124973E-06
0.0433578491210938 -0.00608062744140625 0.0158195495605469 0.00873088836669922
0.0472679138183594 0.00659942626953125 0.005706787109375 0.014404296875
0.0378227233886719 0.0301971435546875 -0.0106363296508789 0.00796318054199219
0.0191879272460938 0.04742431640625 -0.0111045837402344 -0.00397014617919921
-0.023223876953125 0.0494346618652344 0.00420570373535156 -0.0186901092529297
-0.0573196411132813 0.0381851196289063 0.013946533203125 0.00248908996582031
-0.0754470825195313 0.0179214477539063 -0.00979995727539063 0.0193996429443359
-0.0738983154296875 -0.0111007690429688 -0.0100822448730469 0.0470504760742187
-0.0661354064941406 0.019561767578125 -0.0265617370605469 0.0493202209472656
-0.0430984497070313 0.0376091003417969 -0.00982666015625 0.0504226684570313
-0.0089569091796875 0.0546226501464844 0.0144615173339844 0.0481834411621094
0.0217018127441406 0.04388427734375 0.0274333953857422 0.0250473022460938
0.0469512939453125 0.0201873779296875 0.0317306518554687 0.00633811950683594
0.0497283935546875 -0.0009765625 0.0193290710449219 0.00347900390625
0.0447578430175781 -0.000148773193359375 0.00833940505981446 0.00742483139038086
0.05010986328125 -0.00025177001953125 0.000767707824707034 0.0136356353759766
0.05010986328125 0.0126495361328125 -0.00657176971435546 0.0145244598388672
0.03607177734375 0.03582763671875 -0.0180206298828125 0.00704765319824219
0.0143241882324219 0.0504913330078125 -0.0139322280883789 -0.00344657897949219
-0.0289993286132812 0.0452728271484375 0.000808715820312499 -0.0127553939819336
-0.0607681274414062 0.0277366638183594 0.00214767456054687 0.0124530792236328
-0.0755386352539063 0.0049285888671875 -0.0316181182861328 0.0213680267333984
-0.0597991943359375 -0.02459716796875 -0.0360069274902344 0.0421600341796875
-0.0641365051269531 0.00114059448242187 -0.0478630065917969 0.0474700927734375
-0.0485687255859375 0.02587890625 -0.0202255249023438 0.0498199462890625
-0.0202102661132812 0.0506134033203125 0.0031280517578125 0.0423736572265625
0.0136566162109375 0.0460968017578125 0.0131511688232422 0.0201148986816406
0.0439491271972656 0.0269851684570313 0.0132846832275391 0.00629806518554688
0.0486907958984375 0.00484466552734375 -0.000250816345214842 0.00823974609375
0.0436515808105469 0.00437545776367188 -0.00866317749023437 0.0127372741699219
0.0493736267089844 0.00504684448242188 -0.0153484344482422 0.0170764923095703
0.0483970642089844 0.0172233581542969 -0.0200119018554687 0.0131797790527344
0.0311965942382812 0.0373954772949219 -0.0256900787353516 0.00342941284179688
0.00786590576171875 0.0497703552246094 -0.0164175033569336 -0.00683021545410156
-0.0342483520507813 0.0386962890625 -0.000657081604003908 -0.008758544921875
-0.0604667663574219 0.0138664245605469 -0.00960922241210938 0.0194282531738281
-0.06756591796875 -0.0109786987304688 -0.0507278442382813 0.0177459716796875
-0.0323333740234375 -0.0342121124267578 -0.0547065734863281 0.030975341796875
-0.0446968078613281 -0.0164985656738281 -0.0607261657714844 0.0408821105957031
-0.0408172607421875 0.00659179687500001 -0.0267143249511719 0.0445556640625
-0.0263099670410156 0.0339546203613281 -0.00546646118164063 0.0329170227050781
0.00196075439453125 0.0378570556640625 0.00130939483642578 0.0112953186035156
0.0315914154052734 0.0288658142089844 -0.00533819198608398 0.00426340103149414
0.0401039123535156 0.01068115234375 -0.0177345275878906 0.0112667083740234
0.0361099243164063 0.0079498291015625 -0.0247077941894531 0.0175724029541016
0.0418624877929688 0.00971221923828125 -0.0294170379638672 0.0194339752197266
0.0402107238769531 0.0190505981445312 -0.0330371856689453 0.0112934112548828
0.0239982604980469 0.0358963012695313 -0.0331916809082031 -0.000989913940429681
0.00234222412109375 0.0442237854003906 -0.0195713043212891 -0.0114574432373047
-0.0369873046875 0.0289077758789063 -0.00276279449462891 -0.00978279113769531
-0.0549812316894531 -0.000885009765624998 -0.0196685791015625 0.0192394256591797
-0.0536918640136719 -0.0258064270019531 -0.06640625 0.00945281982421875
-0.00196075439453125 -0.0384712219238281 -0.0593528747558594 0.0200271606445313
-0.0172996520996094 -0.0308341979980469 -0.0623626708984375 0.0327568054199219
-0.0246696472167969 -0.0136184692382812 -0.0258255004882813 0.0382003784179687
-0.0260219573974609 0.00936508178710938 -0.00750350952148438 0.0229206085205078
-0.0102100372314453 0.0227222442626953 -0.00489473342895508 0.00383949279785156
0.01348876953125 0.0253658294677734 -0.0184574127197266 0.000572204589843754
0.0247440338134766 0.0151405334472656 -0.0316963195800781 0.0109748840332031
0.0234031677246094 0.0107936859130859 -0.0373268127441406 0.0189476013183594
0.0281772613525391 0.0109901428222656 -0.0421943664550781 0.0195808410644531
0.0275249481201172 0.0175628662109375 -0.0448837280273438 0.00749969482421875
0.015533447265625 0.02813720703125 -0.0411796569824219 -0.00637435913085936
-0.00155258178710938 0.0351753234863281 -0.0242519378662109 -0.0164260864257812
-0.0327396392822266 0.0182819366455078 -0.00728321075439453 -0.0117931365966797
-0.0429153442382812 -0.013092041015625 -0.0293254852294922 0.0123977661132812
-0.0329704284667969 -0.036895751953125 -0.0754928588867188 -0.00469207763671874
-0.00136566162109375 0.0354576110839844 0.0750579833984375 0.0024261474609375
0.0311012268066406 0.0154476165771484 0.033172607421875 -0.00230598449707031
0.019805908203125 -0.0116672515869141 0.0100221633911133 0.0157070159912109
0.00477981567382813 -0.0179481506347656 0.0302238464355469 0.0268383026123047
-0.00585746765136719 -0.0156126022338867 0.0506095886230469 0.0122718811035156
-0.0183753967285156 -0.010711669921875 0.0553245544433594 -0.0121994018554687
-0.0129671096801758 -0.00850009918212891 0.0514907836914063 -0.0263328552246094
-0.00952816009521484 -0.00852775573730469 0.0422859191894531 -0.0234375
-0.0109853744506836 -0.0171003341674805 0.0354843139648437 -0.0126609802246094
0.00477218627929687 -0.0205173492431641 0.0265350341796875 -0.0018310546875
0.0206661224365234 -0.0110034942626953 0.00790166854858399 -0.00146722793579102
0.0247516632080078 0.00648689270019531 0.00595855712890625 -0.0156211853027344
0.0124034881591797 0.0308170318603516 0.0283012390136719 -0.0355453491210938
-0.00554656982421875 0.0447349548339844 0.0577888488769531 -0.0323715209960938
-0.0233955383300781 0.0411453247070313 0.0542678833007813 -0.00920867919921875
-0.0310935974121094 0.0344371795654297 0.0696945190429688 0.019134521484375
0.00525283813476562 0.0302238464355469 0.0311698913574219 0.0123310089111328
0.00811433792114258 0.00716495513916016 0.0120563507080078 0.0257930755615234
0.00711870193481445 0.00176191329956055 0.0342617034912109 0.0340862274169922
0.00648736953735352 -0.00224161148071289 0.0528640747070313 0.0167121887207031
0.00404024124145508 -0.00817632675170899 0.0606269836425781 -0.00829315185546875
0.00733089447021484 -0.0127763748168945 0.0560417175292969 -0.02447509765625
0.00909614562988281 -0.0119686126708984 0.0430564880371094 -0.0211563110351562
0.0109443664550781 -0.0160417556762695 0.0361480712890625 -0.00880813598632813
0.0232372283935547 -0.0120220184326172 0.0261459350585937 0.00387382507324219
0.0314159393310547 0.0045928955078125 0.00587558746337891 0.00271129608154297
0.026214599609375 0.0263595581054688 0.0016632080078125 -0.0105857849121094
-0.00197982788085937 0.0443649291992188 0.0187015533447266 -0.0311870574951172
-0.0287017822265625 0.0496559143066406 0.0442237854003906 -0.0237655639648438
-0.0518684387207031 0.0405769348144531 0.0385246276855469 0.00140762329101563
-0.0579910278320313 0.0264511108398438 0.0524482727050781 0.0333709716796875
-0.0259971618652344 0.0380935668945313 0.0212497711181641 0.0279254913330078
-0.00769615173339844 0.0272693634033203 0.0117321014404297 0.0349521636962891
0.00865364074707031 0.0261459350585938 0.0359382629394531 0.0421676635742188
0.0194034576416016 0.0148048400878906 0.0534095764160156 0.0218048095703125
0.0249767303466797 -0.00217056274414063 0.0580101013183594 -0.00623321533203125
0.0271339416503906 -0.0132026672363281 0.0505447387695313 -0.0161247253417969
0.0254192352294922 -0.0113544464111328 0.0379753112792969 -0.0131912231445313
0.0309925079345703 -0.0150966644287109 0.0281505584716797 -0.00213623046875
0.038970947265625 -0.00383758544921875 0.0195960998535156 0.00846481323242188
0.0408134460449219 0.0178871154785156 -0.00084257125854492 0.00579214096069336
0.0275192260742188 0.0401573181152344 -0.00426959991455078 -0.00691890716552734
-0.0123672485351563 0.0529136657714844 0.009185791015625 -0.0268211364746094
-0.0470466613769531 0.0510139465332031 0.0291996002197266 -0.0126190185546875
-0.0686721801757813 0.0365791320800781 0.019287109375 0.0122509002685547
-0.0749969482421875 0.0128707885742187 0.0272140502929688 0.0456657409667969
-0.0526351928710938 0.0381965637207031 0.00268173217773437 0.0418739318847656
-0.0264129638671875 0.0423164367675781 0.00489425659179687 0.0456657409667969
0.00598526000976562 0.0478858947753906 0.0286102294921875 0.0484466552734375
0.0283412933349609 0.0305500030517578 0.0449333190917969 0.0249900817871094
0.0419502258300781 0.00556182861328125 0.0487480163574219 -0.00069427490234375
0.0428047180175781 -0.0117225646972656 0.039215087890625 -0.00805282592773438
0.0402450561523438 -0.00963592529296875 0.0251598358154297 -0.005401611328125
0.0455818176269531 -0.0112075805664063 0.0182933807373047 0.00555229187011719
0.0498313903808594 0.001983642578125 0.00894641876220703 0.0109834671020508
0.0434951782226563 0.0265579223632813 -0.00865554809570312 0.00733232498168946
0.0263328552246094 0.047454833984375 -0.009002685546875 -0.00409030914306641
-0.0187835693359375 0.0541610717773437 0.004486083984375 -0.0205955505371094
-0.0559234619140625 0.0470123291015625 0.0162315368652344 -0.000357627868652341
-0.0773239135742188 0.02825927734375 -0.00512313842773438 0.019317626953125
-0.0791473388671875 -0.00348663330078125 -0.00390625 0.0493354797363281
-0.0682334899902344 0.0277824401855469 -0.0214157104492188 0.0518302917480469
-0.0425872802734375 0.04486083984375 -0.00728607177734375 0.0519256591796875
-0.00397109985351563 0.0594902038574219 0.0187263488769531 0.0484695434570313
0.0278129577636719 0.0440635681152344 0.0314159393310547 0.0241584777832031
0.0518341064453125 0.0155105590820313 0.0328483581542969 0.00156784057617188
0.0510482788085938 -0.00771713256835938 0.0204334259033203 0.00183677673339844
0.0475654602050781 -0.00591659545898438 0.00987625122070313 0.00465202331542969
0.0540008544921875 -0.00762939453125 0.00159263610839844 0.0127391815185547
0.0554733276367188 0.00803756713867188 -0.00514984130859375 0.0131216049194336
0.0428810119628906 0.0335159301757813 -0.0170364379882812 0.007110595703125
0.0216293334960938 0.0507774353027344 -0.0138235092163086 -0.00430488586425781
-0.0258445739746094 0.0519256591796875 0.00146102905273437 -0.0140886306762695
-0.0611495971679688 0.0366973876953125 0.00520801544189453 0.0125255584716797
-0.0771942138671875 0.0153045654296875 -0.0287399291992188 0.0249614715576172
-0.0663795471191406 -0.018646240234375 -0.0311393737792969 0.0480079650878906
-0.0677757263183594 0.0101661682128906 -0.0438041687011719 0.0527305603027344
-0.0478630065917969 0.033935546875 -0.0170555114746094 0.0504150390625
-0.0155906677246094 0.0571632385253906 0.00538253784179687 0.0438461303710938
0.0203170776367187 0.0480995178222656 0.0148487091064453 0.0192604064941406
0.0501937866210938 0.02294921875 0.0128135681152344 0.00515937805175782
0.0518798828125 -0.00223541259765625 0.000962257385253909 0.00775146484375
0.0469818115234375 -0.00106430053710938 -0.00815010070800781 0.0141668319702148
0.0520858764648437 -0.00267791748046875 -0.0154552459716797 0.0176658630371094
0.0528640747070313 0.011199951171875 -0.0197391510009766 0.01361083984375
0.0381240844726563 0.034454345703125 -0.0252456665039062 0.00434112548828125
0.0154571533203125 0.0511741638183594 -0.0163793563842773 -0.0065927505493164
-0.0311851501464844 0.045806884765625 -0.00123691558837891 -0.0103883743286133
-0.0621299743652344 0.0232963562011719 -0.00646591186523438 0.0195178985595703
-0.0718002319335938 -0.00260162353515624 -0.0481605529785156 0.0229339599609375
-0.0400123596191406 -0.0308914184570312 -0.05224609375 0.0402908325195313
-0.0506324768066406 -0.0104293823242188 -0.0584907531738281 0.0474510192871094
-0.0439109802246094 0.0125007629394531 -0.0223731994628906 0.0470924377441406
-0.0220375061035156 0.0392837524414063 -0.00372505187988281 0.0331306457519531
0.00787734985351563 0.0398025512695313 0.000320434570312501 0.011754035949707
0.0372886657714844 0.0258903503417969 -0.00525665283203125 0.00480365753173828
0.041534423828125 0.00449371337890625 -0.0169229507446289 0.0150146484375
0.0385971069335938 0.00235366821289062 -0.0234260559082031 0.019500732421875
0.0452461242675781 0.00316619873046875 -0.0299568176269531 0.0236454010009766
0.0445480346679688 0.0130195617675781 -0.0337047576904297 0.0141868591308594
0.0300674438476562 0.0335044860839844 -0.0344619750976563 0.000909805297851557
0.00886917114257812 0.0470809936523438 -0.020721435546875 -0.0113925933837891
-0.03350830078125 0.0344047546386719 -0.00442981719970703 -0.00967884063720703
-0.0585060119628906 0.00617218017578126 -0.0172252655029297 0.0216693878173828
-0.0587806701660156 -0.0188560485839844 -0.0676040649414063 0.0156211853027344
-0.0084686279296875 -0.0391807556152344 -0.0600242614746094 0.0273666381835937
-0.0226497650146484 -0.0271720886230469 -0.0608749389648438 0.0396308898925781
-0.0276699066162109 -0.010833740234375 -0.0239181518554688 0.0403480529785156
-0.0258235931396484 0.0155391693115234 -0.0073394775390625 0.0227470397949219
-0.0053253173828125 0.0254287719726563 -0.00769233703613281 0.00373935699462891
0.0180320739746094 0.0248661041259766 -0.0197181701660156 0.00325202941894531
0.0273017883300781 0.0109672546386719 -0.0323123931884766 0.0162448883056641
0.0244426727294922 0.00680732727050781 -0.0371170043945313 0.023834228515625
0.0310840606689453 0.00679588317871094 -0.0424537658691406 0.0249290466308594
0.0304660797119141 0.0139942169189453 -0.04656982421875 0.0111274719238281
0.0208072662353516 0.0283946990966797 -0.0434112548828125 -0.00346374511718749
0.0031890869140625 0.0368995666503906 -0.0255889892578125 -0.0152473449707031
-0.0315704345703125 0.0243015289306641 -0.00763607025146484 -0.0132503509521484
-0.0460052490234375 -0.00705337524414062 -0.0280227661132813 0.0162601470947266
-0.039031982421875 -0.0333175659179687 -0.07861328125 0.00243377685546874
0.00106048583984375 0.0329074859619141 0.074493408203125 -0.0041046142578125
0.0298652648925781 0.0120773315429688 0.0316982269287109 -0.0063323974609375
0.0176181793212891 -0.0138053894042969 0.0109739303588867 0.0158796310424805
0.00222396850585937 -0.0187892913818359 0.0331783294677734 0.0251522064208984
-0.00768089294433594 -0.0154180526733398 0.0518646240234375 0.00772857666015625
-0.0186119079589844 -0.00888633728027344 0.0555267333984375 -0.0164260864257812
-0.0139827728271484 -0.00687503814697265 0.0491905212402344 -0.0322723388671875
-0.0105094909667969 -0.00825119018554688 0.0397529602050781 -0.0286369323730469
-0.0120668411254883 -0.0145177841186523 0.0349102020263672 -0.0184898376464844
0.00160598754882812 -0.0200023651123047 0.0272407531738281 -0.00559616088867188
0.0190219879150391 -0.0136852264404297 0.0101308822631836 -0.00384330749511719
0.0246105194091797 0.00318336486816406 0.00684738159179688 -0.0159006118774414
0.0160102844238281 0.0274372100830078 0.0258293151855469 -0.0362968444824219
0.000656127929687502 0.0423774719238281 0.0542221069335938 -0.0371322631835938
-0.0188789367675781 0.0414505004882813 0.0543251037597656 -0.0158271789550781
-0.0287513732910156 0.0360984802246094 0.0712890625 0.0117568969726563
0.0063018798828125 0.0286579132080078 0.0316200256347656 0.0070953369140625
0.00779294967651367 0.00648260116577148 0.0136032104492188 0.0232772827148438
0.00738906860351563 0.00232076644897461 0.0372123718261719 0.0319328308105469
0.00657892227172852 -0.00288009643554688 0.0559234619140625 0.0121192932128906
0.00282096862792969 -0.00781917572021484 0.0600776672363281 -0.0150680541992188
0.00607013702392578 -0.0122098922729492 0.0523414611816406 -0.0300941467285156
0.00905513763427734 -0.0116786956787109 0.0406913757324219 -0.0259666442871094
0.009429931640625 -0.0172433853149414 0.0352287292480469 -0.0137672424316406
0.0222263336181641 -0.0142707824707031 0.0273914337158203 -0.00164222717285156
0.0317459106445313 0.00153923034667969 0.00792360305786133 0.000473499298095703
0.0273323059082031 0.0224742889404297 0.0020294189453125 -0.0103769302368164
0.0016632080078125 0.0438880920410156 0.0171680450439453 -0.0321025848388672
-0.0250587463378906 0.0511856079101563 0.0423049926757813 -0.0284233093261719
-0.0453300476074219 0.044921875 0.0415534973144531 -0.00362777709960937
-0.0567054748535156 0.0316314697265625 0.056671142578125 0.0275802612304688
-0.0225105285644531 0.04083251953125 0.0220489501953125 0.0235424041748047
-0.00657081604003906 0.0293292999267578 0.0129318237304687 0.0335636138916016
0.0113773345947266 0.0263252258300781 0.0379905700683594 0.0393791198730469
0.0208988189697266 0.0130252838134766 0.0545082092285156 0.0166206359863281
0.0248126983642578 -0.00465965270996094 0.058135986328125 -0.011932373046875
0.0258579254150391 -0.0161418914794922 0.0493278503417969 -0.0226631164550781
0.0266990661621094 -0.0137195587158203 0.0356674194335938 -0.0191307067871094
0.0304431915283203 -0.0185146331787109 0.0290069580078125 -0.00740814208984375
0.0401687622070313 -0.00886154174804688 0.0209140777587891 0.00339508056640625
0.0421371459960938 0.0141334533691406 0.00161504745483399 0.00383210182189942
0.03076171875 0.0373687744140625 -0.00305080413818359 -0.00704431533813476
-0.00746917724609375 0.05413818359375 0.00904083251953125 -0.0274524688720703
-0.0415267944335937 0.0558662414550781 0.0295124053955078 -0.0167407989501953
-0.0642738342285156 0.0426177978515625 0.0219192504882813 0.00763511657714844
-0.0749969482421875 0.0208053588867187 0.0320205688476562 0.0412178039550781
-0.049530029296875 0.0437240600585938 0.00603485107421875 0.0399703979492187
-0.0230865478515625 0.0460624694824219 0.00691604614257812 0.0436363220214844
0.00928115844726563 0.0480079650878906 0.032379150390625 0.0448722839355469
0.0309658050537109 0.0291996002197266 0.0455894470214844 0.0199089050292969
0.0437240600585937 0.00197219848632812 0.0485191345214844 -0.00593185424804688
0.04248046875 -0.0165977478027344 0.0377464294433594 -0.012969970703125
0.0407752990722656 -0.0137901306152344 0.0242767333984375 -0.00879478454589844
0.0446968078613281 -0.0168418884277344 0.0176010131835938 0.00136375427246094
0.05133056640625 -0.0042572021484375 0.00944805145263672 0.00779438018798828
0.0466880798339844 0.022857666015625 -0.00657939910888672 0.00585460662841797
0.0306625366210938 0.04608154296875 -0.00777578353881836 -0.0044565200805664
-0.0140647888183594 0.0575523376464844 0.0033416748046875 -0.0209236145019531
-0.0521240234375 0.053985595703125 0.0173444747924805 -0.00347423553466796
-0.0752105712890625 0.0352935791015625 -0.000274658203125004 0.0181884765625
-0.0813446044921875 0.00592803955078124 0.0010223388671875 0.0492210388183594
-0.0664024353027344 0.0363121032714844 -0.0168495178222656 0.0509910583496094
-0.0389747619628906 0.0496940612792969 -0.00288772583007812 0.0505561828613281
0.0019378662109375 0.0611915588378906 0.0223274230957031 0.0469703674316406
0.0333442687988281 0.0423812866210938 0.0316829681396484 0.0210647583007813
0.0540084838867188 0.0104408264160156 0.0321788787841797 -0.000804901123046874
0.0512733459472656 -0.0131607055664063 0.0208263397216797 -0.00139617919921875
0.0476799011230469 -0.01123046875 0.00914955139160157 0.00296688079833984
0.0531349182128906 -0.013458251953125 0.00292015075683594 0.0103845596313477
0.056640625 0.00051116943359375 -0.00415897369384765 0.0122032165527344
0.0469017028808594 0.0289764404296875 -0.0157299041748047 0.00655746459960938
0.0270919799804687 0.0497245788574219 -0.0119657516479492 -0.00442886352539062
-0.0204505920410156 0.055328369140625 0.000849723815917968 -0.0147914886474609
-0.0581817626953125 0.0451927185058594 0.00644302368164062 0.0106840133666992
-0.0778350830078125 0.022430419921875 -0.0238742828369141 0.0244941711425781
-0.0700302124023438 -0.0111732482910156 -0.0270843505859375 0.0492935180664063
-0.0674629211425781 0.0172195434570313 -0.038970947265625 0.0543670654296875
-0.04705810546875 0.0401611328125 -0.0130500793457031 0.0509109497070312
-0.00920486450195313 0.0596084594726563 0.00883865356445313 0.0420989990234375
0.0264244079589844 0.0461502075195313 0.0148200988769531 0.0177383422851563
0.0526885986328125 0.0167694091796875 0.0122556686401367 0.00400257110595703
0.0519866943359375 -0.00766372680664062 0.00196313858032227 0.00805091857910156
0.0477142333984375 -0.00701904296875 -0.00748920440673828 0.0139474868774414
0.0528106689453125 -0.00853347778320313 -0.0131168365478516 0.0180530548095703
0.0547370910644531 0.00508499145507813 -0.0189380645751953 0.0138931274414063
0.0431556701660156 0.0312423706054688 -0.0254383087158203 0.00444793701171875
0.02154541015625 0.0500640869140625 -0.0165367126464844 -0.00646781921386719
-0.0263595581054688 0.0490226745605469 -0.00121212005615234 -0.0112476348876953
-0.060272216796875 0.0313072204589844 -0.00409507751464844 0.0186309814453125
-0.0734100341796875 0.00618743896484375 -0.0453987121582031 0.0252799987792969
-0.0448417663574219 -0.0266265869140625 -0.0497589111328125 0.0432243347167969
-0.0529823303222656 -0.00469589233398437 -0.0542411804199219 0.0511398315429687
-0.0427703857421875 0.0181999206542969 -0.0203933715820313 0.04742431640625
-0.0186347961425781 0.042572021484375 -0.00187301635742188 0.0341663360595703
0.0125045776367187 0.0403785705566406 -0.000452041625976561 0.0118980407714844
0.0404014587402344 0.0210685729980469 -0.00678920745849609 0.00564765930175781
0.0440025329589844 -0.0006103515625 -0.0162944793701172 0.0159788131713867
0.0396766662597656 -0.00151443481445313 -0.0225067138671875 0.0233497619628906
0.0454978942871094 -0.0030975341796875 -0.0279464721679687 0.0247592926025391
0.0471267700195313 0.00802993774414063 -0.0337162017822266 0.0158901214599609
0.0348930358886719 0.0297431945800781 -0.0354881286621094 0.00299835205078126
0.0150299072265625 0.0451202392578125 -0.0219516754150391 -0.0104484558105469
-0.0300445556640625 0.0398902893066406 -0.00411224365234375 -0.0107412338256836
-0.0575065612792969 0.0148811340332031 -0.0142345428466797 0.0217781066894531
-0.0610427856445313 -0.0111122131347656 -0.0641860961914063 0.0206565856933594
-0.013885498046875 -0.0376396179199219 -0.0580711364746094 0.033599853515625
-0.0275077819824219 -0.0242900848388672 -0.0579566955566406 0.0445442199707031
-0.0303630828857422 -0.00580787658691407 -0.0206565856933594 0.0416450500488281
-0.0235309600830078 0.0184917449951172 -0.00661468505859375 0.0242347717285156
-0.00204658508300781 0.0268096923828125 -0.00877857208251953 0.00543403625488282
0.0218009948730469 0.0209693908691406 -0.0202484130859375 0.00580406188964844
0.0284709930419922 0.00731468200683594 -0.0312271118164062 0.0202732086181641
0.0269889831542969 0.00359916687011719 -0.0337696075439453 0.0286674499511719
0.0318870544433594 0.00224494934082031 -0.0401496887207031 0.0286483764648438
0.0331802368164063 0.00957870483398438 -0.0463905334472656 0.0154571533203125
0.0242404937744141 0.0247249603271484 -0.0438041687011719 -0.000667572021484382
0.00764083862304687 0.035675048828125 -0.0276279449462891 -0.0148811340332031
-0.0284309387207031 0.0270557403564453 -0.0086660385131836 -0.0129051208496094
-0.0469436645507812 -0.00043487548828126 -0.0253486633300781 0.0184097290039063
-0.0424041748046875 -0.0276374816894531 -0.0774612426757813 0.00962066650390624
0.0032501220703125 0.0315093994140625 0.0732421875 -0.00768280029296875
0.02880859375 0.00943374633789063 0.0297756195068359 -0.00836181640625
0.0155305862426758 -0.0146245956420898 0.0107498168945313 0.0149307250976562
0.0005035400390625 -0.0181522369384766 0.0338287353515625 0.023406982421875
-0.00904369354248047 -0.0136432647705078 0.0523109436035156 0.0050506591796875
-0.0185146331787109 -0.00666618347167969 0.0542449951171875 -0.0200119018554687
-0.0128822326660156 -0.00479984283447266 0.045989990234375 -0.0353164672851563
-0.0101041793823242 -0.00670337677001953 0.0372810363769531 -0.0317306518554688
-0.0125789642333984 -0.0120944976806641 0.0327606201171875 -0.0213699340820313
-0.000274658203125002 -0.0185585021972656 0.0270404815673828 -0.00921821594238282
0.0166702270507813 -0.0142068862915039 0.0116310119628906 -0.00541496276855469
0.0238094329833984 0.00104713439941406 0.00804710388183594 -0.0166645050048828
0.0179195404052734 0.0249843597412109 0.0245590209960937 -0.0357513427734375
0.00355148315429688 0.0405197143554687 0.0516014099121094 -0.0391426086425781
-0.0149803161621094 0.0411911010742188 0.0543327331542969 -0.0199966430664062
-0.0261955261230469 0.0363845825195313 0.0709075927734375 0.00771331787109375
0.00646591186523438 0.0273723602294922 0.0303478240966797 0.00440406799316406
0.00714921951293945 0.00679302215576172 0.0133018493652344 0.0222244262695313
0.00748109817504883 0.00200510025024414 0.0381965637207031 0.0292091369628906
0.00633478164672852 -0.0024113655090332 0.0558967590332031 0.00873947143554688
0.00254106521606445 -0.00684976577758789 0.0586814880371094 -0.0185585021972656
0.00605678558349609 -0.0117883682250977 0.0495643615722656 -0.0337600708007813
0.00855064392089844 -0.0123977661132813 0.0380592346191406 -0.0295333862304688
0.00876140594482422 -0.0169086456298828 0.0333118438720703 -0.0177993774414062
0.0209255218505859 -0.0148334503173828 0.0275688171386719 -0.00531768798828125
0.0314083099365234 -0.000398635864257812 0.00901126861572266 -0.00151920318603516
0.0284061431884766 0.020782470703125 0.00390243530273438 -0.0113382339477539
0.004608154296875 0.0424003601074219 0.0164051055908203 -0.0317363739013672
-0.0206375122070313 0.0518951416015625 0.0411720275878906 -0.0310096740722656
-0.0410728454589844 0.0462532043457031 0.0421943664550781 -0.008209228515625
-0.0543479919433594 0.0344467163085938 0.0573158264160156 0.0232124328613281
-0.0209121704101563 0.0414619445800781 0.0229396820068359 0.0207614898681641
-0.00542831420898438 0.0299358367919922 0.0130691528320313 0.0324058532714844
0.0131549835205078 0.0259590148925781 0.0387802124023438 0.0368881225585938
0.0222587585449219 0.0124530792236328 0.0540313720703125 0.0131683349609375
0.024871826171875 -0.00521087646484375 0.05621337890625 -0.0153083801269531
0.0254383087158203 -0.0177803039550781 0.0465469360351563 -0.0269317626953125
0.0263099670410156 -0.0157699584960938 0.033416748046875 -0.0223159790039063
0.0290050506591797 -0.0199012756347656 0.0272655487060547 -0.0106792449951172
0.03857421875 -0.0113029479980469 0.0210494995117188 -0.000106811523437501
0.0420989990234375 0.0114402770996094 0.00310850143432617 0.0021357536315918
0.0327281951904297 0.0349674224853516 -0.00112533569335937 -0.00784778594970703
-0.00402069091796875 0.0538902282714844 0.00839424133300781 -0.0268115997314453
-0.037567138671875 0.0581092834472656 0.0289058685302734 -0.0192623138427734
-0.0600738525390625 0.0459938049316406 0.0240116119384766 0.00433731079101563
-0.0741653442382813 0.025970458984375 0.0345611572265625 0.0381851196289063
-0.04656982421875 0.0465087890625 0.0071868896484375 0.0371170043945313
-0.0212516784667969 0.0485382080078125 0.00752639770507812 0.0418930053710938
0.0127983093261719 0.04833984375 0.0335273742675781 0.0424461364746094
0.0331153869628906 0.0276412963867188 0.0456886291503906 0.0173110961914063
0.0434761047363281 -0.0008392333984375 0.0467681884765625 -0.00947952270507813
0.0412673950195313 -0.0192604064941406 0.0363349914550781 -0.0161933898925781
0.0397567749023438 -0.0168418884277344 0.0231246948242188 -0.0114479064941406
0.0437393188476563 -0.0199966430664063 0.0164203643798828 -0.00168418884277344
0.05072021484375 -0.0074005126953125 0.00998020172119141 0.00492286682128906
0.0484733581542969 0.0193748474121094 -0.00500679016113281 0.00416088104248047
0.03399658203125 0.0430641174316406 -0.00654506683349609 -0.00537395477294922
-0.0106163024902344 0.0582695007324219 0.00293922424316406 -0.0204410552978516
-0.0482978820800781 0.0574798583984375 0.0179347991943359 -0.00505638122558593
-0.0713348388671875 0.0397491455078125 0.00231266021728515 0.0149879455566406
-0.0810928344726563 0.0112228393554688 0.00489425659179688 0.047332763671875
-0.0641975402832031 0.0399665832519531 -0.01373291015625 0.0491867065429688
-0.0363502502441406 0.0531654357910156 -0.00150299072265625 0.0485801696777344
0.0067596435546875 0.06103515625 0.0229225158691406 0.0445213317871094
0.0363883972167969 0.0396957397460938 0.0310325622558594 0.0187454223632813
0.0541839599609375 0.0054779052734375 0.0304660797119141 -0.00296401977539062
0.0506629943847656 -0.0174140930175781 0.0202121734619141 -0.0035858154296875
0.0470123291015625 -0.0150413513183594 0.00887012481689453 0.00186061859130859
0.0518798828125 -0.0180130004882813 0.00262737274169922 0.00849676132202148
0.0562095642089844 -0.00414657592773438 -0.00363636016845703 0.00988388061523438
0.0497932434082031 0.0249061584472656 -0.0146760940551758 0.0056600570678711
0.0315589904785156 0.0474624633789063 -0.011199951171875 -0.00493049621582031
-0.0170097351074219 0.0575752258300781 0.00045490264892578 -0.0158424377441406
-0.0550155639648438 0.049407958984375 0.0077676773071289 0.00858688354492188
-0.0749282836914063 0.0282135009765625 -0.0202999114990234 0.0235023498535156
-0.0709457397460938 -0.00583648681640625 -0.0236587524414063 0.0500679016113281
-0.0666427612304688 0.0225296020507813 -0.0349540710449219 0.0546722412109375
-0.0450325012207031 0.0438461303710938 -0.0116615295410156 0.0498008728027344
-0.00426483154296876 0.0598831176757812 0.00969314575195313 0.0405502319335938
0.0293846130371094 0.0441474914550781 0.01422119140625 0.0177345275878906
0.0532112121582031 0.012237548828125 0.0116891860961914 0.00300979614257813
0.0509262084960938 -0.0119781494140625 0.00180768966674805 0.00762653350830078
0.0463790893554687 -0.0107994079589844 -0.00645256042480468 0.0132980346679688
0.0522689819335937 -0.0135154724121094 -0.0128765106201172 0.0176639556884766
0.0550613403320312 0.00014495849609375 -0.0186882019042969 0.0137977600097656
0.0455589294433594 0.0276298522949219 -0.0249805450439453 0.00473976135253907
0.0257911682128906 0.0477714538574219 -0.015782356262207 -0.00664806365966797
-0.0233116149902344 0.0510597229003906 -0.00158786773681641 -0.0119733810424805
-0.0578536987304688 0.0363693237304687 -0.00205802917480469 0.0175991058349609
-0.0714340209960938 0.0116043090820312 -0.0419731140136719 0.025604248046875
-0.0477142333984375 -0.0221748352050781 -0.0461235046386719 0.0455513000488281
-0.0524635314941406 0.000408172607421875 -0.0499114990234375 0.0526847839355469
-0.0422821044921875 0.0224723815917969 -0.0186271667480469 0.0458526611328125
-0.0144996643066406 0.0443458557128906 -0.00102424621582031 0.0331401824951172
0.0162429809570312 0.0382575988769531 0.000105857849121095 0.0126066207885742
0.0417976379394531 0.0164909362792969 -0.00721311569213867 0.00650596618652344
0.0429534912109375 -0.00453948974609375 -0.0153388977050781 0.0170183181762695
0.0392951965332031 -0.00563430786132813 -0.0206508636474609 0.0238571166992188
0.0447731018066406 -0.0075225830078125 -0.0271415710449219 0.0260219573974609
0.0467681884765625 0.00303268432617188 -0.0333328247070313 0.0170364379882813
0.0372657775878906 0.02685546875 -0.0348033905029297 0.00333595275878907
0.0183219909667969 0.0434379577636719 -0.0217342376708984 -0.00966835021972656
-0.0267257690429688 0.0415420532226562 -0.00452423095703125 -0.0114898681640625
-0.0554924011230469 0.0200729370117187 -0.0122261047363281 0.022125244140625
-0.0610694885253906 -0.00578689575195312 -0.0606918334960938 0.0228271484375
-0.0168876647949219 -0.0351047515869141 -0.0559577941894531 0.0373420715332031
-0.0289516448974609 -0.0207729339599609 -0.0545730590820313 0.0463829040527344
-0.0310440063476563 -0.002716064453125 -0.0195465087890625 0.0407905578613281
-0.0211601257324219 0.0210380554199219 -0.00678443908691406 0.0241947174072266
0.000469207763671875 0.0263805389404297 -0.00955581665039063 0.00733470916748047
0.0235519409179688 0.0177745819091797 -0.0204887390136719 0.00825881958007813
0.0283699035644531 0.00342369079589844 -0.0283584594726562 0.0226707458496094
0.026336669921875 0.000520706176757812 -0.0314350128173828 0.0302410125732422
0.0312232971191406 -0.00110626220703125 -0.0386810302734375 0.0310440063476563
0.0327625274658203 0.00578880310058594 -0.0448112487792969 0.0173721313476563
0.0257301330566406 0.0218372344970703 -0.0438652038574219 0.00118637084960937
0.0105171203613281 0.0343284606933594 -0.0271778106689453 -0.0139560699462891
-0.0257244110107422 0.0282993316650391 -0.00864315032958984 -0.0129766464233398
-0.0461158752441406 0.00336456298828126 -0.0229969024658203 0.0194492340087891
-0.0428657531738281 -0.0225257873535156 -0.07489013671875 0.0131301879882812
0.00398445129394531 0.0302009582519531 0.072509765625 -0.00982666015625
0.0280685424804687 0.00786209106445312 0.0285491943359375 -0.00919532775878906
0.0144681930541992 -0.0144109725952148 0.0104990005493164 0.0149822235107422
-0.000502586364746093 -0.017298698425293 0.0339298248291016 0.0231361389160156
-0.00982952117919922 -0.0131683349609375 0.0526695251464844 0.003662109375
-0.0181369781494141 -0.00527572631835938 0.0546913146972656 -0.0217819213867188
-0.0128297805786133 -0.00412750244140625 0.0451545715332031 -0.0373153686523438
-0.00945472717285156 -0.0062255859375 0.0354118347167969 -0.0335540771484375
-0.0125360488891602 -0.0107002258300781 0.0313014984130859 -0.0234622955322266
-0.00164985656738281 -0.0177040100097656 0.0275077819824219 -0.0117511749267578
0.0153741836547852 -0.0154085159301758 0.0127019882202148 -0.00679397583007813
0.0225315093994141 4.00543212890625E-05 0.00947952270507813 -0.0165548324584961
0.0183982849121094 0.0236854553222656 0.0247955322265625 -0.0353279113769531
0.00514602661132812 0.0384597778320313 0.0509719848632813 -0.0403022766113281
-0.013092041015625 0.0400733947753906 0.0548629760742188 -0.0229415893554687
-0.0254135131835937 0.03692626953125 0.0705795288085938 0.00482940673828125
0.006317138671875 0.0267734527587891 0.0291481018066406 0.00251579284667969
0.00637388229370117 0.00753211975097656 0.0132045745849609 0.0221786499023438
0.00749444961547852 0.00228691101074219 0.038238525390625 0.0289573669433594
0.00647926330566406 -0.00211477279663086 0.0560455322265625 0.00763320922851563
0.00288105010986328 -0.00649356842041016 0.0579681396484375 -0.0208816528320313
0.00618743896484375 -0.0122518539428711 0.0484657287597656 -0.0358848571777344
0.00858306884765625 -0.0127744674682617 0.0368194580078125 -0.0313606262207031
0.00863456726074219 -0.0161972045898438 0.0317916870117188 -0.0204238891601563
0.0200653076171875 -0.0150070190429688 0.0271034240722656 -0.00805473327636719
0.0305671691894531 -0.000881195068359375 0.0102748870849609 -0.00351333618164063
0.0285549163818359 0.0196819305419922 0.00562381744384766 -0.0120000839233398
0.00561904907226563 0.0413360595703125 0.0167236328125 -0.0313987731933594
-0.0183944702148437 0.051483154296875 0.0402412414550781 -0.0323028564453125
-0.0392608642578125 0.0458831787109375 0.0433769226074219 -0.0110206604003906
-0.0538482666015625 0.0358695983886719 0.0577316284179688 0.0212211608886719
-0.0202903747558594 0.0418510437011719 0.0221538543701172 0.0186443328857422
-0.00518226623535156 0.0313796997070313 0.0125331878662109 0.0315189361572266
0.0134372711181641 0.0262470245361328 0.0391464233398438 0.03582763671875
0.0226955413818359 0.0121116638183594 0.0537910461425781 0.0117149353027344
0.0247898101806641 -0.00583457946777344 0.0554122924804687 -0.0172920227050781
0.0249366760253906 -0.0183162689208984 0.0448455810546875 -0.0288505554199219
0.0262775421142578 -0.0173225402832031 0.0323200225830078 -0.0240859985351563
0.0283374786376953 -0.0207862854003906 0.0262775421142578 -0.0132465362548828
0.0382118225097656 -0.0122566223144531 0.0209331512451172 -0.00290298461914063
0.0431594848632813 0.0101242065429688 0.00397038459777832 -0.000504970550537109
0.0336856842041016 0.0338020324707031 2.24113464355492E-05 -0.00878286361694336
-0.0027618408203125 0.0539779663085938 0.00881195068359375 -0.0268135070800781
-0.0359306335449219 0.0590591430664063 0.0285205841064453 -0.0206146240234375
-0.0585517883300781 0.0469017028808594 0.0256938934326172 0.00172042846679688
-0.07415771484375 0.0284347534179687 0.0349655151367187 0.0364341735839844
-0.0457420349121094 0.0481986999511719 0.00750160217285156 0.0349025726318359
-0.0205116271972656 0.0496368408203125 0.00743484497070312 0.0409011840820312
0.014617919921875 0.0483131408691406 0.0334815979003906 0.0412254333496094
0.0343971252441406 0.0270729064941406 0.0451850891113281 0.0160789489746094
0.0436477661132813 -0.00217819213867188 0.0459518432617188 -0.0102729797363281
0.0409507751464844 -0.021026611328125 0.0349025726318359 -0.0178260803222656
0.0395164489746094 -0.0190505981445313 0.0222740173339844 -0.0127983093261719
0.0435981750488281 -0.0222320556640625 0.0156707763671875 -0.00344371795654297
0.050506591796875 -0.00997161865234375 0.0098104476928711 0.00246143341064453
0.0498085021972656 0.0174751281738281 -0.00438261032104492 0.00232911109924316
0.03607177734375 0.0420303344726563 -0.00523853302001953 -0.00657558441162109
-0.00919342041015625 0.059417724609375 0.00335884094238281 -0.0211257934570312
-0.0466270446777344 0.059722900390625 0.0181331634521484 -0.00672721862792968
-0.0696678161621094 0.0419540405273437 0.00441360473632812 0.013427734375
-0.0811920166015625 0.0142669677734375 0.00575256347656249 0.0463142395019531
-0.0631904602050781 0.0425643920898437 -0.013031005859375 0.0476417541503906
-0.0356063842773437 0.0560417175292969 -0.00189208984375 0.047698974609375
0.0092926025390625 0.0616378784179687 0.0231246948242187 0.0436325073242188
0.038238525390625 0.0387229919433594 0.0306034088134766 0.018585205078125
0.0544281005859375 0.00392532348632813 0.0296421051025391 -0.00328254699707031
0.0500602722167969 -0.0197639465332031 0.0197257995605469 -0.00485038757324219
0.0468025207519531 -0.0182304382324219 0.00854206085205078 0.000818252563476562
0.0510482788085938 -0.0209274291992188 0.0019068717956543 0.0072016716003418
0.0564002990722656 -0.00699234008789063 -0.00381803512573242 0.00871419906616211
0.0513992309570313 0.0229682922363281 -0.0146732330322266 0.00426197052001953
0.0338020324707031 0.0463790893554688 -0.0105667114257812 -0.00616836547851562
-0.0153465270996094 0.0585784912109375 0.000568389892578124 -0.0160608291625977
-0.0532989501953125 0.0525894165039062 0.00877285003662109 0.0070333480834961
-0.0736923217773438 0.0307464599609375 -0.0183010101318359 0.0222282409667969
-0.0718536376953125 -0.00270080566406251 -0.0223312377929688 0.0495872497558594
-0.0660629272460937 0.0253753662109375 -0.033905029296875 0.0541114807128906
-0.0438270568847656 0.0462493896484375 -0.01190185546875 0.0487442016601563
-0.00160980224609375 0.0608673095703125 0.00945281982421875 0.040191650390625
0.0320510864257813 0.0428123474121094 0.0135927200317383 0.0174369812011719
0.0536918640136719 0.00992202758789063 0.0104780197143555 0.00315952301025391
0.0504798889160156 -0.0143318176269531 0.00183677673339844 0.00768804550170898
0.0463752746582031 -0.0138473510742188 -0.00607013702392578 0.0132808685302734
0.0516166687011719 -0.0162887573242188 -0.0125207901000977 0.017237663269043
0.0553245544433594 -0.00338363647460937 -0.0182437896728516 0.0129241943359375
0.0473747253417969 0.0253257751464844 -0.0248222351074219 0.00423240661621094
0.0281257629394531 0.0470504760742187 -0.0159511566162109 -0.00780868530273438
-0.021331787109375 0.0527114868164062 -0.00158977508544922 -0.0125885009765625
-0.0564422607421875 0.039520263671875 -0.00121212005615235 0.0163393020629883
-0.070770263671875 0.0148696899414062 -0.0400619506835938 0.0252609252929688
-0.0490455627441406 -0.0198516845703125 -0.0447311401367188 0.046234130859375
-0.0525245666503906 0.00337982177734374 -0.0486602783203125 0.0519371032714844
-0.0421142578125 0.0248908996582031 -0.0184326171875 0.0455169677734375
-0.0116958618164062 0.0457382202148438 -0.00150299072265625 0.0328617095947266
0.0184783935546875 0.0378684997558594 -0.000843048095703123 0.0128927230834961
0.0425682067871094 0.01416015625 -0.0077214241027832 0.0071406364440918
0.0427627563476563 -0.00670242309570313 -0.0144767761230469 0.0180854797363281
0.0391082763671875 -0.00809860229492188 -0.0191802978515625 0.02392578125
0.04425048828125 -0.0100517272949219 -0.0262737274169922 0.0261974334716797
0.0472297668457031 0.0002899169921875 -0.03253173828125 0.0170860290527344
0.0386314392089844 0.0245323181152344 -0.0351524353027344 0.00311279296875
0.020294189453125 0.0423698425292969 -0.0219898223876953 -0.0103416442871094
-0.0252952575683594 0.0426750183105469 -0.00442695617675782 -0.0116691589355469
-0.05450439453125 0.0234947204589844 -0.0108261108398438 0.0212078094482422
-0.0606918334960938 -0.00315856933593751 -0.0594100952148437 0.0228118896484375
-0.0180892944335938 -0.0336666107177734 -0.0551948547363281 0.0386810302734375
-0.0301532745361328 -0.0190029144287109 -0.0532798767089844 0.0470466613769531
-0.03155517578125 -0.000497817993164062 -0.0194244384765625 0.0404243469238281
-0.0194168090820313 0.0224723815917969 -0.00764656066894532 0.0243663787841797
0.002685546875 0.0260696411132813 -0.0104122161865234 0.00803184509277344
0.0239582061767578 0.0159034729003906 -0.0202960968017578 0.00970458984375001
0.0282707214355469 0.00141334533691406 -0.0271816253662109 0.0239448547363281
0.0263957977294922 -0.00119590759277344 -0.0298290252685547 0.0315837860107422
0.0312080383300781 -0.00347137451171875 -0.0375823974609375 0.0320053100585938
0.0331249237060547 0.00333213806152344 -0.0446739196777344 0.0185546875
0.0263767242431641 0.0202102661132812 -0.0442276000976563 0.00170135498046876
0.0122604370117188 0.0330123901367188 -0.0278530120849609 -0.0137577056884766
-0.0244884490966797 0.0289211273193359 -0.00891685485839844 -0.0136318206787109
-0.0451316833496094 0.00573348999023437 -0.021759033203125 0.0192317962646484
-0.0431022644042969 -0.02008056640625 -0.0740203857421875 0.0137405395507813
0.00450706481933594 0.0303783416748047 0.0734329223632813 -0.0099334716796875
0.0279026031494141 0.00769805908203125 0.0281009674072266 -0.00986480712890625
0.0142993927001953 -0.0144891738891602 0.0102157592773438 0.0158042907714844
-0.00135040283203125 -0.0177268981933594 0.0352706909179688 0.0235557556152344
-0.0101604461669922 -0.0128154754638672 0.0542488098144531 0.0026092529296875
-0.0180950164794922 -0.00375175476074219 0.0559844970703125 -0.023834228515625
-0.0128288269042969 -0.0037384033203125 0.0452194213867188 -0.0394783020019531
-0.00990867614746094 -0.00627040863037109 0.0352439880371094 -0.0359001159667969
-0.0126218795776367 -0.0103940963745117 0.0316944122314453 -0.0257472991943359
-0.00181961059570313 -0.0172252655029297 0.0282497406005859 -0.0141487121582031
0.0144586563110352 -0.0156517028808594 0.0142507553100586 -0.00849056243896485
0.0228672027587891 -0.000736236572265625 0.0110950469970703 -0.0173931121826172
0.0188331604003906 0.0229644775390625 0.0258255004882813 -0.0358047485351563
0.006103515625 0.0386924743652344 0.0516281127929688 -0.0416259765625
-0.0116844177246094 0.0400047302246094 0.0569229125976562 -0.0251197814941406
-0.0258255004882813 0.0377731323242188 0.0719833374023438 0.00461578369140625
0.00616264343261719 0.0274753570556641 0.0286064147949219 0.001983642578125
0.00639247894287109 0.00879669189453125 0.0128688812255859 0.0223789215087891
0.00771856307983398 0.00305938720703125 0.0395698547363281 0.029022216796875
0.00681781768798828 -0.00184917449951172 0.0572242736816406 0.0067901611328125
0.00308656692504883 -0.00614690780639648 0.0594825744628906 -0.022552490234375
0.00660324096679688 -0.0124492645263672 0.04840087890625 -0.0382003784179688
0.00888347625732422 -0.0133934020996094 0.0365486145019531 -0.0339012145996094
0.00921821594238281 -0.0165529251098633 0.0318012237548828 -0.022735595703125
0.0206298828125 -0.0148868560791016 0.0282039642333984 -0.0106906890869141
0.0306854248046875 -0.0016326904296875 0.0114545822143555 -0.00506591796875
0.0294761657714844 0.0189170837402344 0.00669670104980469 -0.0127773284912109
0.00630569458007813 0.0421714782714844 0.0175437927246094 -0.0319404602050781
-0.0179977416992188 0.0525932312011719 0.0417251586914063 -0.0336990356445313
-0.0384254455566406 0.0469512939453125 0.0455780029296875 -0.0134620666503906
-0.0547256469726562 0.03814697265625 0.0590782165527344 0.0208549499511719
-0.0208663940429688 0.0432624816894531 0.0219573974609375 0.0175285339355469
-0.00550270080566406 0.0334682464599609 0.0116825103759766 0.0315532684326172
0.01495361328125 0.0276222229003906 0.0397872924804688 0.0361595153808594
0.024261474609375 0.0123634338378906 0.0550537109375 0.0116004943847656
0.0259914398193359 -0.00625419616699219 0.0560455322265625 -0.0182304382324219
0.0260467529296875 -0.0198898315429688 0.0448989868164063 -0.0310211181640625
0.0268898010253906 -0.0187911987304687 0.0318450927734375 -0.0262031555175781
0.0293636322021484 -0.0219230651855469 0.0257148742675781 -0.01544189453125
0.0391464233398437 -0.0139045715332031 0.02130126953125 -0.00577545166015625
0.0438919067382813 0.00901412963867188 0.00483226776123047 -0.00209999084472656
0.0350551605224609 0.03363037109375 0.001251220703125 -0.0102300643920898
-0.0023956298828125 0.0558509826660156 0.009735107421875 -0.0274124145507813
-0.03546142578125 0.0612411499023438 0.0296993255615234 -0.0222206115722656
-0.0586433410644531 0.0487785339355469 0.0275135040283203 -0.00026130676269531
-0.076080322265625 0.03106689453125 0.036224365234375 0.03631591796875
-0.0461807250976563 0.0506782531738281 0.00751495361328124 0.0341472625732422
-0.0203170776367188 0.053070068359375 0.006317138671875 0.0411453247070313
0.0166168212890625 0.0498161315917969 0.0340538024902344 0.0416946411132813
0.0370903015136719 0.0268020629882813 0.0459022521972656 0.0164985656738281
0.0450782775878906 -0.00328826904296875 0.0458450317382813 -0.0115089416503906
0.0416450500488281 -0.0228500366210938 0.0347576141357422 -0.0195388793945313
0.0403938293457031 -0.0212783813476563 0.021820068359375 -0.0141887664794922
0.0441017150878906 -0.024505615234375 0.0148649215698242 -0.00521945953369141
0.0521469116210938 -0.0119552612304688 0.0103416442871094 0.000696182250976562
0.051910400390625 0.0166053771972656 -0.00426149368286132 0.000858068466186524
0.0379600524902344 0.0422096252441406 -0.00456047058105468 -0.0077977180480957
-0.00783157348632812 0.0617713928222656 0.00407791137695313 -0.0221042633056641
-0.0470123291015625 0.0627326965332031 0.0188789367675781 -0.00851058959960937
-0.0708541870117188 0.0444488525390625 0.00627326965332031 0.01165771484375
-0.0833511352539063 0.0174026489257812 0.00646209716796874 0.0465469360351563
-0.0644149780273438 0.045318603515625 -0.0128936767578125 0.0473861694335937
-0.0355491638183594 0.0595169067382813 -0.00307464599609375 0.0480270385742188
0.0111541748046875 0.0635528564453125 0.0228462219238281 0.0437736511230469
0.0409202575683594 0.0389595031738281 0.0311031341552734 0.0191001892089844
0.0560874938964844 0.00218963623046875 0.0295314788818359 -0.00348091125488281
0.0512428283691406 -0.0220108032226563 0.0200119018554688 -0.00567817687988282
0.0478096008300781 -0.0203742980957031 0.00893020629882813 0.000222206115722655
0.0524330139160156 -0.0235099792480469 0.00139570236206055 0.00650739669799805
0.0579071044921875 -0.00951004028320312 -0.00403833389282226 0.00735235214233398
0.0538749694824219 0.0217971801757812 -0.0150041580200195 0.00323963165283204
0.0367164611816406 0.0470848083496094 -0.0101737976074219 -0.00750446319580078
-0.0140724182128906 0.0612869262695313 0.00125503540039062 -0.0169715881347656
-0.0536575317382812 0.0563125610351563 0.00941848754882812 0.00588417053222657
-0.075103759765625 0.032958984375 -0.0173721313476563 0.0209999084472656
-0.0746231079101563 -0.000701904296875002 -0.0222549438476563 0.0506095886230469
-0.0673713684082031 0.0284919738769531 -0.0340614318847656 0.0539627075195313
-0.0445137023925781 0.0495185852050781 -0.0126724243164063 0.0490379333496094
0.00047683715820312 0.0629997253417969 0.009063720703125 0.0408096313476563
0.0347442626953125 0.0437545776367188 0.0135269165039063 0.0183982849121094
0.0555305480957031 0.0080108642578125 0.0101947784423828 0.00363636016845703
0.051513671875 -0.0169219970703125 0.00222444534301758 0.00758695602416992
0.0477294921875 -0.0165328979492188 -0.00586414337158203 0.0134811401367187
0.052642822265625 -0.0193748474121094 -0.0135993957519531 0.0175609588623047
0.056854248046875 -0.00571823120117188 -0.0193748474121094 0.0130672454833984
0.0497932434082031 0.0244865417480469 -0.0255756378173828 0.00358009338378906
0.030853271484375 0.0468482971191406 -0.01611328125 -0.00882720947265624
-0.0203323364257813 0.0554161071777344 -0.00177097320556641 -0.0136222839355469
-0.0569801330566406 0.0428810119628906 -0.000208854675292973 0.0158376693725586
-0.0721054077148438 0.0173568725585937 -0.0399742126464844 0.0248489379882813
-0.0509986877441406 -0.0181465148925781 -0.0455360412597656 0.0480079650878906
-0.054229736328125 0.00511550903320312 -0.0493850708007813 0.0532035827636719
-0.0427055358886719 0.0281410217285156 -0.019134521484375 0.0457992553710938
-0.0107002258300781 0.0479049682617188 -0.00232124328613282 0.0335102081298828
0.0208549499511719 0.0381813049316406 -0.00195693969726562 0.0141353607177734
0.0438919067382812 0.0128898620605469 -0.00796794891357422 0.00850009918212891
0.0439834594726563 -0.00942230224609375 -0.0143280029296875 0.0186672210693359
0.0400009155273437 -0.0104713439941406 -0.0191173553466797 0.0254669189453125
0.045562744140625 -0.0126495361328125 -0.0267963409423828 0.0271015167236328
0.0482826232910156 -0.00151443481445313 -0.0335655212402344 0.0171718597412109
0.0408744812011719 0.0236968994140625 -0.0362892150878906 0.00334930419921876
0.0227432250976562 0.0428276062011719 -0.0225448608398438 -0.0115261077880859
-0.0242576599121094 0.0445785522460938 -0.00446796417236328 -0.0131187438964844
-0.0549774169921875 0.0262413024902344 -0.0102901458740234 0.0209236145019531
-0.0616302490234375 -0.00105285644531251 -0.0596733093261719 0.02313232421875
-0.0200386047363281 -0.0330390930175781 -0.0563240051269531 0.040374755859375
-0.0315914154052734 -0.0177516937255859 -0.0538978576660156 0.0482711791992187
-0.0322322845458984 0.00115013122558594 -0.0201492309570313 0.0404930114746094
-0.0180740356445313 0.0237903594970703 -0.00830078125 0.0248298645019531
0.00413703918457031 0.0262928009033203 -0.0112237930297852 0.00968742370605469
0.0254745483398438 0.0146999359130859 -0.0211811065673828 0.0114059448242188
0.0285606384277344 -8.96453857421875E-05 -0.0266876220703125 0.0256576538085938
0.0272502899169922 -0.00275039672851563 -0.0295791625976563 0.0331764221191406
0.0316486358642578 -0.00502967834472656 -0.0378990173339844 0.0336189270019531
0.0340538024902344 0.00205421447753906 -0.0459480285644531 0.0192947387695313
0.0287494659423828 0.0193672180175781 -0.0456657409667969 0.00185012817382813
0.0138320922851563 0.0326251983642578 -0.0287590026855469 -0.0142269134521484
-0.0238685607910156 0.0305519104003906 -0.00909709930419922 -0.0141849517822266
-0.0453414916992188 0.00744247436523438 -0.0209789276123047 0.019683837890625
-0.0437240600585938 -0.0185546875 -0.074981689453125 0.0148773193359375
0.00532150268554688 0.0310020446777344 0.0767059326171875 -0.0120773315429687
0.0283889770507812 0.00682830810546875 0.0283184051513672 -0.0108833312988281
0.0138654708862305 -0.0151357650756836 0.0103883743286133 0.0162067413330078
-0.00181961059570313 -0.0179023742675781 0.0373764038085938 0.0245780944824219
-0.0111227035522461 -0.0122547149658203 0.0573501586914062 0.00121307373046875
-0.0186500549316406 -0.0029296875 0.0586967468261719 -0.0275039672851563
-0.0131549835205078 -0.00331306457519531 0.0461273193359375 -0.0433883666992188
-0.0101528167724609 -0.00591659545898438 0.0353050231933594 -0.039337158203125
-0.0131616592407227 -0.00938606262207031 0.0317611694335938 -0.0290794372558594
-0.00241279602050781 -0.0171566009521484 0.0293922424316406 -0.0174331665039063
0.0137519836425781 -0.0164480209350586 0.0155906677246094 -0.0105409622192383
0.0233612060546875 -0.0015106201171875 0.0126113891601563 -0.0187263488769531
0.0202045440673828 0.0230426788330078 0.0272407531738281 -0.0375137329101562
0.00757598876953125 0.0391960144042969 0.0532455444335938 -0.044647216796875
-0.0109024047851563 0.0411605834960938 0.0601425170898438 -0.0288352966308594
-0.0259666442871094 0.0400581359863281 0.0752792358398438 0.00323486328125
0.00655937194824219 0.0287532806396484 0.0292339324951172 0.000917434692382814
0.00699806213378906 0.0100431442260742 0.0130348205566406 0.0235557556152344
0.00868129730224609 0.00389528274536133 0.041778564453125 0.029937744140625
0.00722742080688477 -0.00181674957275391 0.0600776672363281 0.00524139404296875
0.0039215087890625 -0.00566196441650391 0.0614662170410156 -0.0259132385253906
0.00673198699951172 -0.0139436721801758 0.0487442016601563 -0.0420341491699219
0.00944328308105469 -0.0145349502563477 0.0361175537109375 -0.0376243591308594
0.00981330871582031 -0.017669677734375 0.0318050384521484 -0.0262546539306641
0.0209484100341797 -0.0164279937744141 0.028594970703125 -0.0138797760009766
0.0317058563232422 -0.00286102294921875 0.0129451751708984 -0.00738143920898438
0.0314750671386719 0.0189800262451172 0.00886249542236328 -0.0144672393798828
0.0076904296875 0.0437278747558594 0.0189151763916016 -0.0331306457519531
-0.017425537109375 0.0551414489746094 0.042633056640625 -0.0367279052734375
-0.0392112731933594 0.0495109558105469 0.0491714477539063 -0.0167160034179687
-0.0573272705078125 0.0416679382324219 0.062103271484375 0.0199432373046875
-0.0210494995117188 0.0467033386230469 0.0222377777099609 0.0170326232910156
-0.00525665283203125 0.0364456176757813 0.0121269226074219 0.0335311889648437
0.0169162750244141 0.0286388397216797 0.0419082641601563 0.0373306274414063
0.0262222290039063 0.0121192932128906 0.0575752258300781 0.010528564453125
0.0275421142578125 -0.00694847106933594 0.0578994750976562 -0.0210037231445312
0.0268592834472656 -0.0216999053955078 0.0452919006347656 -0.0345420837402344
0.0276718139648438 -0.0211009979248047 0.0314102172851563 -0.0292625427246094
0.0303592681884766 -0.0243854522705078 0.0255756378173828 -0.0180397033691406
0.0409317016601563 -0.0160331726074219 0.0222454071044922 -0.00885391235351563
0.0465354919433594 0.008087158203125 0.00560235977172852 -0.004241943359375
0.0384025573730469 0.0341529846191406 0.00240802764892578 -0.0117902755737305
1.90734863281286E-05 0.0587882995605469 0.0105037689208984 -0.0287933349609375
-0.035247802734375 0.0660591125488281 0.0308551788330078 -0.0245819091796875
-0.0605545043945312 0.0525932312011719 0.0306148529052734 -0.00273323059082031
-0.0790939331054688 0.0352783203125 0.0386962890625 0.0365791320800781
-0.0473098754882812 0.0549850463867188 0.00794410705566406 0.0343875885009766
-0.020172119140625 0.0576400756835937 0.00641632080078125 0.0427589416503906
0.019439697265625 0.0516700744628906 0.0357513427734375 0.0430793762207031
0.0402412414550781 0.0269775390625 0.0477027893066406 0.0163230895996094
0.0473175048828125 -0.0047607421875 0.047271728515625 -0.0126800537109375
0.0429496765136719 -0.026275634765625 0.0356712341308594 -0.0224533081054688
0.0416603088378906 -0.0245704650878906 0.0219383239746094 -0.0166854858398437
0.0456733703613281 -0.0281906127929687 0.0146732330322266 -0.00708580017089844
0.0545501708984375 -0.015106201171875 0.0103607177734375 -0.00156497955322266
0.0558700561523438 0.0154075622558594 -0.00408005714416504 -0.000823259353637694
0.041900634765625 0.0428733825683594 -0.00422286987304687 -0.0096435546875
-0.00627517700195313 0.0660934448242188 0.00392913818359375 -0.0231170654296875
-0.0465507507324219 0.0684432983398438 0.0196018218994141 -0.010162353515625
-0.072509765625 0.0491104125976563 0.00806045532226562 0.00990772247314453
-0.0879058837890625 0.02166748046875 0.0080413818359375 0.0480384826660156
-0.0659751892089844 0.0501785278320312 -0.013275146484375 0.0486412048339844
-0.0359077453613281 0.0649757385253906 -0.0030059814453125 0.0498809814453125
0.0140800476074219 0.0667991638183594 0.0241661071777344 0.0453414916992188
0.0454902648925781 0.039093017578125 0.0317649841308594 0.019500732421875
0.0592422485351563 0.000301361083984375 0.0299396514892578 -0.0034637451171875
0.0526123046875 -0.0255851745605469 0.0206375122070313 -0.00663185119628906
0.0495567321777344 -0.0239982604980469 0.00877618789672852 -0.00120353698730469
0.054412841796875 -0.0272941589355469 0.00083255767822266 0.00613832473754883
0.0608940124511719 -0.0130271911621094 -0.00424003601074218 0.00638437271118164
0.0583534240722656 0.0202522277832031 -0.0154886245727539 0.00213432312011719
0.0406875610351563 0.0479736328125 -0.0107154846191406 -0.00863075256347656
-0.0125465393066406 0.0659980773925781 0.00113296508789062 -0.0179882049560547
-0.0541839599609375 0.0618782043457031 0.0103864669799805 0.0045928955078125
-0.0777130126953125 0.0378646850585938 -0.0162181854248047 0.020599365234375
-0.0788803100585938 0.00254058837890625 -0.0225791931152344 0.0531959533691406
-0.0699844360351563 0.0322494506835937 -0.0343551635742188 0.0562477111816406
-0.0455169677734375 0.0553054809570313 -0.0131149291992188 0.0513267517089844
0.00292205810546875 0.0664291381835938 0.00978469848632813 0.0421371459960938
0.0390281677246094 0.0442237854003906 0.013702392578125 0.0198726654052734
0.0588302612304688 0.00615310668945313 0.0099935531616211 0.00474357604980469
0.0534896850585938 -0.0205955505371094 0.00258302688598633 0.00806188583374023
0.0491752624511719 -0.0201454162597656 -0.00554561614990234 0.0141592025756836
0.0547866821289063 -0.0233497619628906 -0.0141754150390625 0.0184535980224609
0.0594558715820313 -0.00878524780273438 -0.0201148986816406 0.0130996704101563
0.0541534423828125 0.0229949951171875 -0.0268688201904297 0.00353240966796875
0.0348930358886719 0.0482864379882813 -0.0170841217041016 -0.00955486297607421
-0.019439697265625 0.0597343444824219 -0.0017852783203125 -0.0144805908203125
-0.0576171875 0.0483474731445312 0.000377655029296873 0.0155620574951172
-0.0747222900390625 0.021270751953125 -0.0404052734375 0.0256843566894531
-0.0547256469726562 -0.0163307189941406 -0.04718017578125 0.0512657165527344
-0.0569839477539063 0.00816726684570312 -0.0504608154296875 0.0561866760253906
-0.0441970825195313 0.0321464538574219 -0.019683837890625 0.0479354858398438
-0.00888824462890625 0.0512847900390625 -0.00207138061523438 0.0347175598144531
0.0245437622070313 0.0391921997070313 -0.00213527679443359 0.0157356262207031
0.0468673706054687 0.0109214782714844 -0.00897026062011719 0.0107183456420898
0.045440673828125 -0.0120887756347656 -0.0140914916992187 0.0202922821044922
0.0416374206542969 -0.0129165649414063 -0.0186309814453125 0.0270061492919922
0.0472755432128906 -0.0161552429199219 -0.027679443359375 0.0292720794677734
0.0509490966796875 -0.00494384765625 -0.0349369049072266 0.0186748504638672
0.0446891784667969 0.0228500366210938 -0.0384101867675781 0.00402069091796875
0.0259742736816406 0.0435523986816406 -0.023651123046875 -0.0118904113769531
-0.0238761901855469 0.0485343933105469 -0.00484848022460938 -0.0139007568359375
-0.0560569763183594 0.030487060546875 -0.00949287414550781 0.0214729309082031
-0.0643653869628906 0.00158309936523438 -0.0614051818847656 0.0248641967773438
-0.0228366851806641 -0.0329990386962891 -0.0588188171386719 0.0443572998046875
-0.0333251953125 -0.0165843963623047 -0.0556640625 0.0509529113769531
-0.0338020324707031 0.00321388244628906 -0.0209808349609375 0.042266845703125
-0.0177726745605469 0.0264339447021484 -0.0095367431640625 0.0263214111328125
0.006439208984375 0.0267333984375 -0.0126733779907227 0.0117034912109375
0.0273208618164062 0.0132884979248047 -0.0218868255615234 0.0138816833496094
0.0295696258544922 -0.00201988220214844 -0.0266857147216797 0.0282955169677734
0.0280933380126953 -0.00452423095703125 -0.0295257568359375 0.0362167358398438
0.0328311920166016 -0.00720596313476563 -0.0383567810058594 0.0367546081542969
0.0355110168457031 -0.0001373291015625 -0.0481491088867188 0.0219345092773437
0.0307350158691406 0.0188865661621094 -0.0478134155273438 0.00318908691406251
0.0157337188720703 0.0334529876708984 -0.0302448272705078 -0.0148582458496094
-0.0235252380371094 0.0327033996582031 -0.00958156585693359 -0.0153388977050781
-0.04656982421875 0.0103874206542969 -0.0206584930419922 0.0207576751708984
-0.0450973510742188 -0.0176239013671875 -0.0779953002929687 0.0169754028320313
0.00704574584960938 0.0319595336914063 0.0804443359375 -0.016021728515625
0.0294628143310547 0.00610733032226563 0.0284709930419922 -0.0126419067382813
0.0134344100952148 -0.0164003372192383 0.0115194320678711 0.0171241760253906
-0.00283050537109375 -0.0183925628662109 0.0403976440429687 0.0241546630859375
-0.0126705169677734 -0.0119571685791016 0.0600852966308594 -0.00209808349609375
-0.01898193359375 -0.00104141235351563 0.0597648620605469 -0.0326919555664063
-0.0137443542480469 -0.00235462188720703 0.0454673767089844 -0.0491104125976563
-0.0110445022583008 -0.00549793243408203 0.0345382690429688 -0.0438766479492188
-0.0136070251464844 -0.00853252410888672 0.0312480926513672 -0.0333919525146484
-0.00363731384277344 -0.0171794891357422 0.0293292999267578 -0.0214633941650391
0.0124034881591797 -0.0178604125976563 0.0169954299926758 -0.0134220123291016
0.0238113403320312 -0.00335121154785156 0.0137958526611328 -0.0205593109130859
0.0224971771240234 0.0222320556640625 0.0277366638183594 -0.0400466918945313
0.0102310180664063 0.0400733947753906 0.0541038513183594 -0.0498085021972656
-0.00876998901367187 0.0434532165527344 0.0631141662597656 -0.0349807739257813
-0.0257949829101562 0.0436668395996094 0.0796661376953125 -0.000267028808593747
0.00758171081542969 0.030120849609375 0.0297660827636719 -0.000885009765624998
0.00757026672363281 0.0106172561645508 0.0142498016357422 0.0245304107666016
0.00937557220458984 0.00402069091796875 0.0450859069824219 0.0299530029296875
0.007843017578125 -0.00197696685791016 0.063385009765625 0.00233078002929688
0.00415372848510742 -0.00632190704345703 0.0630226135253906 -0.0312843322753906
0.00691032409667969 -0.0147008895874023 0.0485649108886719 -0.047637939453125
0.00891971588134766 -0.0160036087036133 0.0346565246582031 -0.0421943664550781
0.00940704345703125 -0.0189685821533203 0.0309810638427734 -0.0302238464355469
0.0212860107421875 -0.0182723999023438 0.0292243957519531 -0.0183258056640625
0.0331935882568359 -0.00461006164550781 0.0140285491943359 -0.0103464126586914
0.0337505340576172 0.0185050964355469 0.00961017608642578 -0.0169782638549805
0.010589599609375 0.0454063415527344 0.0189437866210937 -0.0357780456542969
-0.0150260925292969 0.0589485168457031 0.0434761047363281 -0.0410194396972656
-0.0382537841796875 0.0537376403808594 0.0523757934570313 -0.0218048095703125
-0.0578231811523438 0.0481071472167969 0.0663528442382813 0.0174942016601563
-0.0197944641113281 0.050811767578125 0.0234527587890625 0.0159816741943359
-0.00278091430664062 0.04010009765625 0.0137519836425781 0.0342292785644531
0.0196380615234375 0.0294456481933594 0.0452232360839844 0.0371284484863281
0.0287685394287109 0.0112838745117188 0.060821533203125 0.00822067260742188
0.0290603637695313 -0.0089111328125 0.0595512390136719 -0.0251579284667969
0.0268192291259766 -0.0253505706787109 0.0448722839355469 -0.039642333984375
0.0276203155517578 -0.0246410369873047 0.0303401947021484 -0.0333995819091797
0.0307540893554688 -0.0275974273681641 0.0249195098876953 -0.0215816497802734
0.0419425964355469 -0.0195045471191406 0.0219078063964844 -0.0123519897460938
0.0497283935546875 0.0054931640625 0.00615310668945313 -0.00654172897338867
0.0427627563476563 0.0338020324707031 0.002655029296875 -0.0137825012207031
0.00307464599609375 0.0623703002929688 0.0102195739746094 -0.0306301116943359
-0.033233642578125 0.0718154907226563 0.0314521789550781 -0.0281524658203125
-0.06060791015625 0.0584564208984375 0.0333824157714844 -0.00666427612304687
-0.0816726684570313 0.0429611206054688 0.042449951171875 0.0363807678222656
-0.0471458435058594 0.0613250732421875 0.00879859924316406 0.0344810485839844
-0.0176849365234375 0.0633506774902344 0.00782394409179687 0.0449142456054688
0.0242195129394531 0.0540313720703125 0.0386962890625 0.0434188842773438
0.0446243286132813 0.0256996154785156 0.0506095886230469 0.0148239135742188
0.0502738952636719 -0.00831985473632813 0.0485649108886719 -0.0153083801269531
0.0435523986816406 -0.0309066772460937 0.0359153747558594 -0.0256156921386719
0.0420684814453125 -0.0293159484863281 0.0212821960449219 -0.0194206237792969
0.0465049743652344 -0.0331077575683594 0.0139389038085938 -0.0091390609741211
0.0563507080078125 -0.0199317932128906 0.0103139877319336 -0.00417900085449219
0.06011962890625 0.0121650695800781 -0.00415682792663574 -0.00244045257568359
0.0477142333984375 0.0427131652832031 -0.00419425964355468 -0.0110616683959961
-0.00215911865234376 0.0707473754882813 0.0036773681640625 -0.0247459411621094
-0.044769287109375 0.0756454467773438 0.0207386016845703 -0.0122203826904297
-0.0732650756835937 0.05621337890625 0.00994300842285156 0.00859451293945313
-0.091583251953125 0.028778076171875 0.010498046875 0.0500259399414063
-0.0668716430664062 0.0576286315917969 -0.011627197265625 0.0505409240722656
-0.0335464477539063 0.0722579956054688 -0.00162506103515625 0.0518302917480469
0.0197105407714844 0.0698394775390625 0.0269546508789062 0.0461654663085938
0.0506858825683594 0.037994384765625 0.0340938568115234 0.0196743011474609
0.062652587890625 -0.004058837890625 0.0307579040527344 -0.00474739074707031
0.0535888671875 -0.0311622619628906 0.0207271575927734 -0.00869560241699219
0.0501594543457031 -0.0297355651855469 0.00876712799072266 -0.00261020660400391
0.0555229187011719 -0.0337333679199219 0.000391960144042972 0.0057377815246582
0.062957763671875 -0.0184059143066406 -0.00481033325195312 0.00564670562744141
0.0635528564453125 0.0168952941894531 -0.016362190246582 0.00193405151367188
0.0466270446777344 0.0476341247558594 -0.0114336013793945 -0.00959777832031249
-0.00890350341796876 0.0712738037109375 0.000225067138671872 -0.019317626953125
-0.0531158447265625 0.0695152282714844 0.0116462707519531 0.00361919403076172
-0.0791854858398438 0.0453720092773437 -0.0152015686035156 0.0208072662353516
-0.0835418701171875 0.00878906249999999 -0.0213508605957031 0.0572166442871094
-0.071380615234375 0.0393447875976563 -0.0337677001953125 0.0594215393066406
-0.0448455810546875 0.0623512268066406 -0.0120201110839844 0.0537757873535156
0.00780487060546875 0.0706024169921875 0.011138916015625 0.0438041687011719
0.0444717407226563 0.0432701110839844 0.0146903991699219 0.0208702087402344
0.0628738403320312 0.0023651123046875 0.0104026794433594 0.00580692291259766
0.054656982421875 -0.0255546569824219 0.00355625152587891 0.00835514068603515
0.050506591796875 -0.0253067016601563 -0.00477313995361328 0.0146970748901367
0.0558433532714844 -0.0290069580078125 -0.0144882202148437 0.0202789306640625
0.0616798400878906 -0.0144462585449219 -0.0208797454833984 0.0141124725341797
0.0591049194335938 0.0202827453613281 -0.0285396575927734 0.00453948974609375
0.0404510498046875 0.0484046936035156 -0.0184173583984375 -0.0100498199462891
-0.0160102844238281 0.0649909973144531 -0.00264358520507813 -0.0157032012939453
-0.0573196411132813 0.0553932189941406 0.00154113769531249 0.0156974792480469
-0.0768508911132813 0.0276107788085938 -0.0401496887207031 0.0279655456542969
-0.0591659545898438 -0.0128707885742188 -0.047149658203125 0.0564842224121094
-0.059417724609375 0.0127487182617187 -0.0503044128417969 0.0603485107421875
-0.0450363159179688 0.0377159118652344 -0.0190658569335938 0.0503768920898438
-0.00553512573242187 0.0544929504394531 -0.00148773193359375 0.0363349914550781
0.0291748046875 0.0396308898925781 -0.00209808349609375 0.017822265625
0.0502548217773437 0.0080108642578125 -0.00891208648681641 0.0131158828735352
0.04644775390625 -0.0162467956542969 -0.01300048828125 0.0226402282714844
0.0428581237792969 -0.017547607421875 -0.0179157257080078 0.0293674468994141
0.0483360290527344 -0.0210647583007813 -0.0271682739257813 0.0324554443359375
0.0529098510742187 -0.00937271118164063 -0.0363006591796875 0.0216026306152344
0.0491065979003906 0.0204315185546875 -0.0406570434570313 0.00625228881835937
0.0308418273925781 0.0435829162597656 -0.0259971618652344 -0.0118236541748047
-0.0216331481933594 0.0529861450195313 -0.0061330795288086 -0.0145368576049805
-0.0564804077148437 0.0363235473632813 -0.00853919982910156 0.0225124359130859
-0.066558837890625 0.00624847412109375 -0.0629043579101563 0.0283050537109375
-0.0258884429931641 -0.0327625274658203 -0.060455322265625 0.0502281188964844
-0.0364913940429688 -0.0148162841796875 -0.0560379028320312 0.0556793212890625
-0.0351905822753906 0.00671386718749999 -0.0208816528320313 0.0444869995117188
-0.0162105560302734 0.0291042327880859 -0.00941085815429688 0.0285682678222656
0.00907516479492188 0.027679443359375 -0.0129814147949219 0.0141572952270508
0.0299835205078125 0.0117740631103516 -0.0221042633056641 0.0176429748535156
0.0311126708984375 -0.00469207763671875 -0.0254764556884766 0.0317649841308594
0.0291423797607422 -0.00724411010742188 -0.0279006958007813 0.0394363403320312
0.034393310546875 -0.0105991363525391 -0.0382843017578125 0.0414085388183594
0.0368461608886719 -0.0030975341796875 -0.0490188598632812 0.0258827209472656
0.0337600708007813 0.0174617767333984 -0.0507431030273438 0.00592422485351563
0.0194129943847656 0.0335865020751953 -0.032928466796875 -0.0144252777099609
-0.0231094360351562 0.036041259765625 -0.0106954574584961 -0.0156621932983398
-0.0478134155273438 0.0143547058105469 -0.0196895599365234 0.0226039886474609
-0.0473594665527344 -0.0150680541992188 -0.0811386108398437 0.0211410522460938
0.00956344604492188 0.0318088531494141 0.08197021484375 -0.0217437744140625
0.0301666259765625 0.0041351318359375 0.0274505615234375 -0.0147571563720703
0.0129613876342773 -0.0173578262329102 0.0127429962158203 0.0171680450439453
-0.00448799133300781 -0.0179958343505859 0.0429649353027344 0.0222091674804688
-0.0140810012817383 -0.0104122161865234 0.0611991882324219 -0.00629043579101563
-0.0194969177246094 0.000728607177734378 0.0589332580566406 -0.0390090942382813
-0.0140647888183594 -0.0010528564453125 0.0426712036132813 -0.0541152954101563
-0.011631965637207 -0.00425338745117187 0.03057861328125 -0.0482330322265625
-0.0144433975219727 -0.00699901580810547 0.0287055969238281 -0.0377693176269531
-0.00543975830078125 -0.0166940689086914 0.0277690887451172 -0.0262393951416016
0.0110759735107422 -0.0189437866210937 0.0170764923095703 -0.0165719985961914
0.0239524841308594 -0.00520706176757813 0.0142745971679688 -0.0229816436767578
0.0249423980712891 0.0206794738769531 0.0261993408203125 -0.0422401428222656
0.0135536193847656 0.0398445129394531 0.0524864196777344 -0.0549545288085938
-0.00555801391601563 0.0443916320800781 0.0635528564453125 -0.0421257019042969
-0.0230979919433594 0.0469932556152344 0.081756591796875 -0.005828857421875
0.0099029541015625 0.0312290191650391 0.0296249389648438 -0.00253486633300781
0.00880908966064453 0.011693000793457 0.0155982971191406 0.0245590209960937
0.0101432800292969 0.00340080261230469 0.0481681823730469 0.0283088684082031
0.00780105590820313 -0.00197410583496094 0.0649223327636719 -0.00230026245117188
0.00457429885864258 -0.00660896301269531 0.0620079040527344 -0.0370254516601563
0.00588035583496094 -0.0158824920654297 0.04541015625 -0.0527877807617188
0.00793170928955078 -0.0171175003051758 0.0313644409179687 -0.0465011596679688
0.00815391540527344 -0.0204238891601563 0.0283946990966797 -0.0344333648681641
0.0203819274902344 -0.0203399658203125 0.0278434753417969 -0.0230808258056641
0.0330410003662109 -0.00708770751953125 0.0138034820556641 -0.0129728317260742
0.0358161926269531 0.0161514282226563 0.0101776123046875 -0.0186252593994141
0.0143852233886719 0.0462455749511719 0.0176620483398438 -0.0378036499023438
-0.0112342834472656 0.0615119934082031 0.0417556762695313 -0.04534912109375
-0.0352287292480469 0.0576248168945312 0.0531044006347656 -0.0280075073242187
-0.0558052062988281 0.0537681579589844 0.0692977905273438 0.01336669921875
-0.0164947509765625 0.0545654296875 0.0243301391601563 0.0142593383789063
0.000492095947265624 0.0424995422363281 0.0154132843017578 0.0346736907958984
0.0231075286865234 0.0291862487792969 0.04827880859375 0.0354118347167969
0.0306015014648437 0.00890350341796875 0.0623855590820312 0.00391006469726563
0.0298309326171875 -0.0113582611083984 0.0588493347167969 -0.0302391052246094
0.0255126953125 -0.0283489227294922 0.0424461364746094 -0.0440406799316406
0.0262298583984375 -0.0279750823974609 0.0277442932128906 -0.0372886657714844
0.0291004180908203 -0.0314140319824219 0.0224990844726563 -0.0249366760253906
0.0418777465820313 -0.0235671997070312 0.0211048126220703 -0.0163211822509766
0.0515327453613281 0.0012969970703125 0.00600957870483399 -0.00877666473388672
0.0463180541992188 0.0314483642578125 0.00270748138427735 -0.0149717330932617
0.00846481323242187 0.064361572265625 0.00874900817871093 -0.0321674346923828
-0.0286483764648437 0.0767288208007813 0.0302257537841797 -0.0315341949462891
-0.0580482482910156 0.0647239685058594 0.0347423553466797 -0.0111465454101562
-0.081024169921875 0.05096435546875 0.0458183288574219 0.0339851379394531
-0.0433692932128906 0.0675048828125 0.0109710693359375 0.0339603424072266
-0.0130043029785156 0.0676689147949219 0.0103721618652344 0.0448570251464844
0.0298004150390625 0.0538177490234375 0.041900634765625 0.0419883728027344
0.0487861633300781 0.0225143432617187 0.0525665283203125 0.0122108459472656
0.0509719848632813 -0.0128898620605469 0.0483016967773438 -0.0188102722167969
0.0419540405273438 -0.0360946655273438 0.0342006683349609 -0.0295963287353516
0.0405197143554688 -0.0342063903808594 0.0193500518798828 -0.0222873687744141
0.0449638366699219 -0.0385551452636719 0.0127410888671875 -0.0112285614013672
0.0562934875488281 -0.0256195068359375 0.00968265533447266 -0.00623703002929688
0.0630722045898437 0.007049560546875 -0.00445079803466797 -0.0036163330078125
0.052947998046875 0.0400505065917969 -0.00474262237548828 -0.0118064880371094
0.00341796875 0.0735855102539063 0.00247383117675781 -0.0260753631591797
-0.0397491455078125 0.0819625854492188 0.0206356048583984 -0.0151500701904297
-0.0716476440429688 0.0635986328125 0.0120716094970703 0.00583553314208985
-0.092254638671875 0.0379867553710937 0.01348876953125 0.0509300231933594
-0.0640983581542969 0.0649948120117187 -0.00968933105468751 0.0517959594726563
-0.0286102294921875 0.0783004760742187 0.000804901123046874 0.05322265625
0.0265655517578125 0.0702552795410156 0.0294036865234375 0.0459442138671875
0.0558738708496094 0.0343551635742188 0.0359573364257813 0.0184059143066406
0.0642127990722656 -0.0091552734375 0.0311183929443359 -0.00586318969726563
0.0523262023925781 -0.0373344421386719 0.0206279754638672 -0.0103816986083984
0.0484619140625 -0.0356788635253906 0.00804710388183594 -0.00342416763305664
0.0538101196289063 -0.040069580078125 6.19888305664101E-05 0.00589179992675781
0.0633201599121094 -0.0252418518066406 -0.00508451461791992 0.00517606735229492
0.0668258666992188 0.0119552612304688 -0.0169801712036133 0.00214767456054688
0.0525703430175781 0.0448570251464844 -0.0124006271362305 -0.0101661682128906
-0.00323486328125001 0.074981689453125 -0.000946044921874998 -0.0199527740478516
-0.0486373901367187 0.0771484375 0.0122919082641602 0.00224113464355469
-0.07763671875 0.053314208984375 -0.0131416320800781 0.0208950042724609
-0.0854034423828125 0.0168609619140625 -0.0184059143066406 0.0603599548339844
-0.0705642700195312 0.0465164184570312 -0.0311050415039063 0.062744140625
-0.0405235290527344 0.0692825317382813 -0.0100326538085938 0.055328369140625
0.014434814453125 0.0719223022460938 0.0134658813476563 0.0442886352539063
0.0500030517578125 0.0406341552734375 0.0164604187011719 0.0214824676513672
0.0647048950195313 -0.0030975341796875 0.011260986328125 0.00655555725097656
0.0536880493164063 -0.0318260192871094 0.00464725494384766 0.00825357437133789
0.0489501953125 -0.03131103515625 -0.00429439544677734 0.0150957107543945
0.0548553466796875 -0.0359001159667969 -0.0135269165039062 0.0216579437255859
0.0621757507324219 -0.0209693908691406 -0.0205535888671875 0.0154762268066406
0.0631103515625 0.0150833129882813 -0.0295276641845703 0.00611305236816406
0.046173095703125 0.0458183288574219 -0.0198192596435547 -0.00953292846679687
-0.0109748840332031 0.0690689086914063 -0.00364398956298828 -0.0163640975952148
-0.0541038513183594 0.0628471374511719 0.00337886810302734 0.0148963928222656
-0.0766372680664063 0.0348587036132812 -0.0384712219238281 0.0300750732421875
-0.0623016357421875 -0.00738143920898439 -0.0452766418457031 0.0616722106933594
-0.060089111328125 0.0187911987304688 -0.0480155944824219 0.0651473999023438
-0.043243408203125 0.0438423156738281 -0.0170249938964844 0.0525550842285156
-0.000347137451171877 0.0571441650390625 -0.000507354736328123 0.0378799438476563
0.0337257385253906 0.037628173828125 -0.00157356262207031 0.01983642578125
0.0524978637695313 0.00326156616210938 -0.00800323486328124 0.0156106948852539
0.0464210510253906 -0.0214424133300781 -0.0107002258300781 0.024169921875
0.0420646667480469 -0.022735595703125 -0.0156822204589844 0.0313072204589844
0.047515869140625 -0.0267257690429687 -0.0259513854980469 0.0362358093261719
0.0537223815917969 -0.0147895812988281 -0.035858154296875 0.0245552062988281
0.0525474548339844 0.0162582397460937 -0.0417404174804688 0.00930404663085939
0.0356826782226563 0.0419502258300781 -0.0277214050292969 -0.0106258392333984
-0.017822265625 0.056640625 -0.00731849670410156 -0.0148134231567383
-0.0545501708984375 0.0425071716308594 -0.00658035278320313 0.0230922698974609
-0.0673027038574219 0.0124893188476562 -0.0623435974121094 0.03277587890625
-0.029144287109375 -0.0306320190429688 -0.0591506958007812 0.0567092895507812
-0.038299560546875 -0.0112686157226563 -0.0539093017578125 0.0611114501953125
-0.0357780456542969 0.0107307434082031 -0.0188255310058594 0.0461235046386719
-0.0133800506591797 0.0317707061767578 -0.00907135009765625 0.0300769805908203
0.0122737884521484 0.0271472930908203 -0.0128021240234375 0.0168933868408203
0.03204345703125 0.00895881652832031 -0.0211830139160156 0.0213546752929687
0.0307502746582031 -0.00789833068847656 -0.0224456787109375 0.0351371765136719
0.0288906097412109 -0.0104789733886719 -0.0249176025390625 0.0427970886230469
0.0337257385253906 -0.0141239166259766 -0.0360221862792969 0.0456161499023438
0.0375289916992188 -0.00695037841796875 -0.0487136840820313 0.0304527282714844
0.0364570617675781 0.0145492553710937 -0.0520362854003906 0.00991058349609374
0.0228519439697266 0.0326194763183594 -0.0351352691650391 -0.0128326416015625
-0.0202713012695312 0.0393867492675781 -0.0119762420654297 -0.0159568786621094
-0.0469284057617187 0.0189628601074219 -0.0178451538085938 0.0239906311035156
-0.0486373901367188 -0.0115547180175781 -0.0819320678710938 0.0273513793945313
0.01141357421875 0.0312480926513672 0.0811614990234375 -0.026702880859375
0.0296154022216797 0.00243568420410156 0.0262088775634766 -0.0164051055908203
0.0116920471191406 -0.0180683135986328 0.0131587982177734 0.0173807144165039
-0.00558090209960938 -0.0175533294677734 0.0446624755859375 0.0198898315429688
-0.015263557434082 -0.00889301300048828 0.0602149963378906 -0.0104446411132813
-0.0183448791503906 0.00274467468261719 0.0555839538574219 -0.043212890625
-0.0138025283813477 0.000520706176757813 0.0383186340332031 -0.0572891235351562
-0.0116710662841797 -0.00364780426025391 0.0264472961425781 -0.0508499145507813
-0.0145683288574219 -0.00620651245117188 0.0247230529785156 -0.0404701232910156
-0.00637340545654297 -0.0157289505004883 0.0251407623291016 -0.0289592742919922
0.00896263122558594 -0.0189647674560547 0.0166664123535156 -0.0190391540527344
0.0230998992919922 -0.006591796875 0.0138683319091797 -0.024505615234375
0.02642822265625 0.0185642242431641 0.0246658325195313 -0.0431022644042969
0.0158348083496094 0.0387763977050781 0.0489959716796875 -0.0580406188964844
-0.00292205810546875 0.0441398620605469 0.061126708984375 -0.0475006103515625
-0.0202407836914063 0.0486564636230469 0.081817626953125 -0.0109329223632812
0.0120525360107422 0.0310077667236328 0.0285663604736328 -0.00478172302246094
0.0100851058959961 0.0117359161376953 0.016387939453125 0.0241565704345703
0.0104990005493164 0.00299358367919922 0.0494842529296875 0.0256233215332031
0.0079808235168457 -0.00241994857788086 0.0643463134765625 -0.00624465942382812
0.00470447540283203 -0.00636911392211914 0.0588874816894531 -0.0410194396972656
0.00448417663574219 -0.0161428451538086 0.0410614013671875 -0.056427001953125
0.00637245178222656 -0.0178127288818359 0.0268211364746094 -0.0490150451660156
0.00671005249023438 -0.0212383270263672 0.0249481201171875 -0.0367088317871094
0.0187549591064453 -0.0211219787597656 0.0251045227050781 -0.0261917114257813
0.0323066711425781 -0.00913619995117188 0.0136232376098633 -0.0156278610229492
0.0364761352539063 0.0136947631835938 0.00970649719238281 -0.0196380615234375
0.0179672241210938 0.0453262329101563 0.0160293579101563 -0.0384368896484375
-0.00713729858398438 0.062652587890625 0.0391082763671875 -0.048187255859375
-0.0316276550292969 0.0598716735839844 0.0518722534179687 -0.0333290100097656
-0.0525245666503906 0.0582351684570313 0.0702552795410156 0.00898742675781251
-0.0132560729980469 0.0564193725585938 0.024169921875 0.0122852325439453
0.003753662109375 0.0440139770507813 0.0165519714355469 0.0338649749755859
0.0257759094238281 0.0277442932128906 0.049896240234375 0.0326690673828125
0.0316505432128906 0.00700759887695313 0.062225341796875 0.000576019287109375
0.0290584564208984 -0.0134544372558594 0.056182861328125 -0.03369140625
0.023284912109375 -0.0306606292724609 0.0386619567871094 -0.0472068786621094
0.0235366821289063 -0.0302505493164062 0.0237846374511719 -0.0392799377441406
0.0266227722167969 -0.034149169921875 0.0193920135498047 -0.0270233154296875
0.0398788452148438 -0.0267219543457031 0.0189552307128906 -0.0194511413574219
0.0516853332519531 -0.00217819213867188 0.00574302673339844 -0.0107412338256836
0.0488052368164063 0.0275192260742188 0.0024871826171875 -0.0159940719604492
0.0130195617675781 0.0644493103027344 0.00731849670410156 -0.0324878692626953
-0.0234298706054687 0.0794677734375 0.0286674499511719 -0.0338573455810547
-0.053802490234375 0.0690689086914062 0.0352935791015625 -0.0155868530273437
-0.0776824951171875 0.0578536987304688 0.0481300354003906 0.0312881469726563
-0.0389175415039062 0.070892333984375 0.0116539001464844 0.0329017639160156
-0.00759124755859376 0.0703811645507813 0.0118026733398438 0.0444717407226563
0.0343475341796875 0.0520439147949219 0.0438575744628906 0.0396652221679687
0.0505599975585938 0.0188217163085938 0.0524711608886719 0.00945663452148438
0.0507087707519531 -0.01629638671875 0.0468368530273438 -0.0213546752929688
0.0386848449707031 -0.0393333435058594 0.0317630767822266 -0.0318698883056641
0.0376319885253906 -0.0378227233886719 0.0167999267578125 -0.0240592956542969
0.0419158935546875 -0.04266357421875 0.0110740661621094 -0.0123720169067383
0.0540504455566406 -0.0306320190429688 0.0078878402709961 -0.00886631011962891
0.0637359619140625 0.00193023681640625 -0.00504398345947265 -0.00437068939208984
0.0559196472167969 0.0356864929199219 -0.00522136688232422 -0.0121660232543945
0.0095062255859375 0.074249267578125 0.00127220153808594 -0.0264015197753906
-0.0338973999023438 0.0861282348632813 0.0196914672851562 -0.0169925689697266
-0.067138671875 0.0687255859375 0.0129499435424805 0.00299358367919922
-0.08953857421875 0.04541015625 0.0168075561523437 0.049835205078125
-0.0590019226074219 0.0702667236328125 -0.00706100463867187 0.0516929626464844
-0.0227279663085937 0.0817337036132812 0.00281143188476562 0.0523757934570313
0.0320358276367188 0.0688552856445313 0.0311164855957031 0.0440521240234375
0.0584831237792969 0.0300025939941406 0.0363388061523438 0.0170516967773438
0.063751220703125 -0.0142745971679688 0.0309581756591797 -0.00682640075683594
0.0490951538085938 -0.0415229797363281 0.0194683074951172 -0.0121612548828125
0.0450515747070313 -0.0399398803710938 0.00742292404174805 -0.00451517105102539
0.05029296875 -0.0451507568359375 -0.000104904174804684 0.00531768798828125
0.061065673828125 -0.0305633544921875 -0.00542020797729492 0.00389623641967773
0.0685539245605469 0.00583648681640625 -0.0170764923095703 0.00240898132324218
0.0566825866699219 0.0406913757324219 -0.0127906799316406 -0.00972366333007812
0.00289154052734374 0.0760574340820313 -0.00209999084472656 -0.0204067230224609
-0.04266357421875 0.081878662109375 0.0128765106201172 0.000775337219238286
-0.0741348266601563 0.0592803955078125 -0.011322021484375 0.0202255249023438
-0.0845565795898438 0.0238418579101563 -0.0149154663085938 0.0620994567871094
-0.0668716430664063 0.0519981384277344 -0.0277557373046875 0.0637397766113281
-0.0355453491210937 0.073211669921875 -0.00763320922851562 0.0552330017089844
0.0203475952148437 0.0713119506835937 0.0146751403808594 0.0438346862792969
0.0532569885253906 0.0366134643554688 0.0169277191162109 0.0212059020996094
0.0644989013671875 -0.00842666625976563 0.0118141174316406 0.00702762603759766
0.0509376525878906 -0.0361518859863281 0.00515937805175782 0.00808095932006836
0.0456619262695312 -0.0353927612304688 -0.00311183929443359 0.0149154663085937
0.0517234802246094 -0.0406990051269531 -0.0122604370117187 0.0230197906494141
0.060394287109375 -0.0266571044921875 -0.0200843811035156 0.0162086486816406
0.0646476745605469 0.00989913940429688 -0.02960205078125 0.00780868530273437
0.0501861572265625 0.0421905517578125 -0.0209140777587891 -0.00887870788574218
-0.00547790527343751 0.0706100463867188 -0.00482177734375 -0.0163393020629883
-0.0492362976074219 0.068023681640625 0.00464534759521484 0.0141210556030273
-0.0735244750976563 0.04058837890625 -0.0360984802246094 0.0313873291015625
-0.0628089904785156 -0.00225448608398437 -0.0418014526367188 0.0654144287109375
-0.0588188171386719 0.023345947265625 -0.0444717407226563 0.0676689147949219
-0.0395050048828125 0.0481185913085938 -0.0146942138671875 0.0521163940429687
0.00437545776367188 0.0576934814453125 0.000621795654296874 0.0380363464355469
0.0367584228515625 0.0347251892089844 -0.000648498535156247 0.0209903717041016
0.0526771545410156 -0.001251220703125 -0.00625610351562499 0.0177001953125
0.0439300537109375 -0.0252189636230469 -0.00915718078613281 0.0250473022460937
0.0395622253417969 -0.0261039733886719 -0.0130271911621094 0.0323028564453125
0.0449676513671875 -0.0312538146972656 -0.0232315063476563 0.03826904296875
0.0521392822265625 -0.0192604064941406 -0.0339641571044922 0.0269184112548828
0.0539436340332031 0.0117111206054687 -0.0413169860839844 0.011749267578125
0.0391921997070313 0.0392723083496094 -0.0290031433105469 -0.00896835327148438
-0.0135765075683594 0.0587959289550781 -0.00802421569824219 -0.014714241027832
-0.0506591796875 0.0474166870117188 -0.00467300415039063 0.0232715606689453
-0.0655288696289063 0.0171012878417969 -0.0602798461914063 0.0357475280761719
-0.0316562652587891 -0.0275173187255859 -0.0563240051269531 0.0618057250976563
-0.0392265319824219 -0.00793075561523437 -0.0505714416503906 0.0642013549804688
-0.0348682403564453 0.0146312713623047 -0.0170707702636719 0.0465888977050781
-0.0106010437011719 0.0330581665039063 -0.00826835632324219 0.0306987762451172
0.0147781372070312 0.0256824493408203 -0.0121326446533203 0.0190238952636719
0.0322246551513672 0.005889892578125 -0.0189113616943359 0.0242881774902344
0.0299034118652344 -0.0104866027832031 -0.0194015502929687 0.0370559692382813
0.0273361206054688 -0.0132694244384766 -0.0214424133300781 0.0440139770507812
0.0320682525634766 -0.0171451568603516 -0.0324363708496094 0.0485725402832031
0.0368385314941406 -0.0102767944335938 -0.0463714599609375 0.0340156555175781
0.0375213623046875 0.0116043090820312 -0.0518150329589844 0.0134620666503906
0.0251712799072266 0.0308380126953125 -0.0363693237304688 -0.01080322265625
-0.0177688598632813 0.0407066345214844 -0.0128498077392578 -0.01544189453125
-0.0453033447265625 0.0228767395019531 -0.0157337188720703 0.0250816345214844
-0.0488510131835938 -0.00740814208984376 -0.0793228149414063 0.0326004028320313
0.0119361877441406 0.0302371978759766 0.0799331665039063 -0.0294570922851563
0.0290298461914063 0.00144767761230469 0.0249481201171875 -0.0164413452148438
0.0107669830322266 -0.0184154510498047 0.0133962631225586 0.0174741744995117
-0.00671482086181641 -0.0170011520385742 0.0446510314941406 0.019012451171875
-0.0151491165161133 -0.00785446166992188 0.0589447021484375 -0.0124588012695312
-0.0175437927246094 0.00366306304931641 0.0527305603027344 -0.045166015625
-0.0133333206176758 0.00155258178710938 0.0346755981445313 -0.058502197265625
-0.0119237899780273 -0.00282001495361328 0.0233268737792969 -0.0514373779296875
-0.0144243240356445 -0.0048360824584961 0.0219192504882813 -0.0417518615722656
-0.00754928588867188 -0.0147533416748047 0.0228328704833984 -0.0310459136962891
0.00738525390625 -0.0191421508789063 0.015899658203125 -0.02130126953125
0.0219497680664063 -0.00760650634765625 0.0136985778808594 -0.0251865386962891
0.0265769958496094 0.0168781280517578 0.0234375 -0.0431671142578125
0.0171852111816406 0.0373611450195313 0.0468788146972656 -0.0593032836914063
-0.00120925903320312 0.0434684753417969 0.0600509643554688 -0.0505218505859375
-0.0185279846191406 0.0491905212402344 0.080902099609375 -0.0134353637695312
0.0124683380126953 0.0304374694824219 0.0275688171386719 -0.00519371032714844
0.0109081268310547 0.0115280151367188 0.0165367126464844 0.0237045288085938
0.0110311508178711 0.00252819061279297 0.0496902465820313 0.0238533020019531
0.0076746940612793 -0.0025639533996582 0.0627784729003906 -0.0084228515625
0.00481510162353516 -0.00641584396362305 0.0562057495117188 -0.0433311462402344
0.00341415405273437 -0.0161571502685547 0.0374526977539063 -0.0572929382324219
0.00496101379394531 -0.0180149078369141 0.0234031677246094 -0.0492439270019531
0.00616264343261719 -0.0214672088623047 0.0220184326171875 -0.038360595703125
0.0177021026611328 -0.0221290588378906 0.0227031707763672 -0.0286026000976563
0.0310688018798828 -0.0106143951416016 0.0124835968017578 -0.0178852081298828
0.03662109375 0.0124473571777344 0.00987052917480469 -0.0206394195556641
0.0189208984375 0.0444412231445313 0.0153007507324219 -0.0381546020507812
-0.00465393066406249 0.0624237060546875 0.0371437072753906 -0.049285888671875
-0.0296134948730469 0.0603599548339844 0.0513954162597656 -0.0367584228515625
-0.0496177673339844 0.0603446960449219 0.070159912109375 0.00693130493164063
-0.0110435485839844 0.0565605163574219 0.0235824584960938 0.0117416381835938
0.00606918334960938 0.0440673828125 0.0166015625 0.0337352752685547
0.0272121429443359 0.0268688201904297 0.0498733520507813 0.031494140625
0.0321712493896484 0.00499153137207031 0.0612602233886719 -0.00114822387695312
0.028778076171875 -0.0148239135742188 0.0540542602539062 -0.0356712341308594
0.0213966369628906 -0.0314483642578125 0.0352020263671875 -0.04876708984375
0.0217418670654297 -0.0307998657226563 0.0208396911621094 -0.0397300720214844
0.0250091552734375 -0.03521728515625 0.0175209045410156 -0.0279064178466797
0.0380401611328125 -0.0283851623535156 0.0165653228759766 -0.0214767456054688
0.050994873046875 -0.00495147705078125 0.00483226776123047 -0.0126075744628906
0.0498428344726563 0.0257568359375 0.00242996215820313 -0.0169000625610352
0.0159149169921875 0.0637092590332031 0.00662422180175782 -0.0324211120605469
-0.0200881958007813 0.0806350708007813 0.0271530151367187 -0.0352249145507812
-0.05084228515625 0.0703277587890625 0.0350856781005859 -0.0188789367675781
-0.0745162963867188 0.06097412109375 0.0485954284667969 0.0294990539550781
-0.0356826782226563 0.0726242065429688 0.0118618011474609 0.0319786071777344
-0.00382995605468749 0.0713119506835937 0.0118522644042969 0.043670654296875
0.0364761352539063 0.0507316589355469 0.04364013671875 0.038299560546875
0.0508880615234375 0.0163002014160156 0.0523796081542969 0.0079193115234375
0.0497055053710938 -0.0191116333007813 0.0453109741210938 -0.0227241516113281
0.0362167358398438 -0.0413398742675781 0.0293464660644531 -0.0330581665039063
0.0345573425292969 -0.0396461486816406 0.0148773193359375 -0.0245418548583984
0.0389900207519531 -0.0448570251464844 0.00946807861328125 -0.0130519866943359
0.0520210266113281 -0.0331802368164063 0.00646305084228516 -0.0103464126586914
0.0635795593261719 -0.00144577026367188 -0.00558996200561523 -0.00575399398803711
0.0576629638671875 0.0335350036621094 -0.00550174713134765 -0.0127706527709961
0.0129241943359375 0.074127197265625 0.000545501708984375 -0.0260543823242187
-0.0297775268554687 0.087738037109375 0.0189895629882813 -0.0181159973144531
-0.0639801025390625 0.0704116821289063 0.013702392578125 0.000410079956054692
-0.0872802734375 0.0491867065429688 0.0185813903808594 0.0490455627441406
-0.05560302734375 0.0724411010742188 -0.00645065307617188 0.0509719848632813
-0.0183334350585938 0.0832366943359375 0.0027923583984375 0.051727294921875
0.0354804992675781 0.0672378540039063 0.0309715270996094 0.0430908203125
0.0597190856933594 0.0271377563476563 0.0359382629394531 0.0162887573242188
0.0628547668457031 -0.0174446105957031 0.0307826995849609 -0.00721359252929688
0.0456695556640625 -0.0438194274902344 0.0185146331787109 -0.0130481719970703
0.0421562194824219 -0.0417900085449219 0.00669097900390625 -0.00498151779174805
0.047027587890625 -0.04779052734375 -0.000370979309082029 0.00510883331298828
0.0588645935058594 -0.033935546875 -0.00558233261108398 0.0032663345336914
0.0682601928710938 0.00194168090820313 -0.0176124572753906 0.00197410583496093
0.0583305358886719 0.0377273559570313 -0.0132465362548828 -0.00974655151367187
0.006927490234375 0.0766067504882813 -0.00231742858886718 -0.0201168060302734
-0.0380706787109375 0.0836868286132813 0.012385368347168 -0.00077438354492187
-0.0708541870117187 0.061920166015625 -0.00987243652343751 0.0185737609863281
-0.0826187133789063 0.0277557373046875 -0.0131072998046875 0.0628509521484375
-0.0641632080078125 0.0551719665527344 -0.0260391235351563 0.0637092590332031
-0.0318069458007813 0.0755615234375 -0.00688552856445312 0.054046630859375
0.0235137939453125 0.0704116821289063 0.0145721435546875 0.0430183410644531
0.0543708801269531 0.0333900451660156 0.0171394348144531 0.0216693878173828
0.0635108947753906 -0.0116615295410156 0.0128593444824219 0.00750255584716797
0.0480575561523438 -0.0385780334472656 0.00554943084716797 0.00788784027099609
0.0433807373046875 -0.0378952026367188 -0.00312232971191406 0.0146379470825195
0.048431396484375 -0.0434722900390625 -0.0112342834472656 0.0232887268066406
0.0581436157226563 -0.0299949645996094 -0.0198497772216797 0.0162544250488281
0.0649147033691406 0.00563812255859375 -0.0294628143310547 0.00834465026855469
0.0519828796386719 0.0392532348632813 -0.0209197998046875 -0.00792884826660156
-0.001800537109375 0.0710830688476563 -0.00509357452392578 -0.0161046981811523
-0.0452880859375 0.070343017578125 0.00545406341552734 0.0132865905761719
-0.0710372924804688 0.0434417724609375 -0.034393310546875 0.0309734344482422
-0.0627212524414063 0.00139999389648438 -0.0402374267578125 0.0673294067382812
-0.0569229125976562 0.02642822265625 -0.0421028137207031 0.0678215026855469
-0.0367584228515625 0.050201416015625 -0.0147552490234375 0.0516624450683594
0.00751113891601563 0.057159423828125 0.000698089599609372 0.0381050109863281
0.0382461547851563 0.0323829650878906 -1.1444091796874E-05 0.0224800109863281
0.0526466369628906 -0.0039520263671875 -0.00466346740722656 0.0189666748046875
0.0415992736816406 -0.0276718139648438 -0.00725173950195312 0.0253791809082031
0.03753662109375 -0.028106689453125 -0.0115737915039062 0.0321540832519531
0.0428237915039062 -0.0336952209472656 -0.0210037231445312 0.0388908386230469
0.0502548217773438 -0.0224189758300781 -0.0332202911376953 0.0280570983886719
0.0546455383300781 0.00870895385742187 -0.0406837463378906 0.0128211975097656
0.0406913757324219 0.0367927551269531 -0.0292091369628906 -0.00815582275390625
-0.01055908203125 0.0595932006835937 -0.00848770141601563 -0.0144500732421875
-0.04791259765625 0.0500755310058594 -0.00320053100585938 0.0224113464355469
-0.0637626647949219 0.0201225280761719 -0.0580863952636719 0.0372161865234375
-0.0321846008300781 -0.0253734588623047 -0.0544013977050781 0.0642662048339844
-0.0391273498535156 -0.00552368164062501 -0.0483741760253906 0.0652618408203125
-0.0335350036621094 0.0165901184082031 -0.0162315368652344 0.0461273193359375
-0.008697509765625 0.0336494445800781 -0.0084381103515625 0.0315093994140625
0.0160884857177734 0.0242958068847656 -0.0113906860351563 0.0207710266113281
0.0321159362792969 0.00390815734863281 -0.0170440673828125 0.0258903503417969
0.0284996032714844 -0.0123043060302734 -0.0173263549804687 0.0375251770019531
0.0259380340576172 -0.0145034790039062 -0.0185813903808594 0.0448036193847656
0.0305099487304688 -0.0186977386474609 -0.0293006896972656 0.0496025085449219
0.0355987548828125 -0.01202392578125 -0.0451583862304688 0.0359344482421875
0.0378990173339844 0.00949478149414063 -0.0508613586425781 0.0157585144042969
0.0263195037841797 0.029388427734375 -0.0363273620605469 -0.00936126708984375
-0.0153541564941406 0.0413627624511719 -0.0129919052124023 -0.0152406692504883
-0.0436592102050781 0.0250434875488281 -0.0141372680664062 0.0244579315185547
-0.0477523803710938 -0.00583267211914063 -0.0772018432617188 0.0347518920898438
0.0126819610595703 0.0305862426757812 0.0804290771484375 -0.0306777954101563
0.0292015075683594 0.00160789489746094 0.0246257781982422 -0.0164432525634766
0.0104751586914062 -0.0187549591064453 0.0128917694091797 0.0177478790283203
-0.00688743591308594 -0.0171804428100586 0.0451316833496094 0.01861572265625
-0.0156307220458984 -0.00687885284423828 0.0586318969726563 -0.0133476257324219
-0.0169544219970703 0.00465679168701172 0.0512924194335938 -0.046417236328125
-0.0135698318481445 0.00184059143066406 0.0327606201171875 -0.0596122741699219
-0.0122861862182617 -0.00210666656494141 0.0216331481933594 -0.0516929626464844
-0.0142107009887695 -0.00458812713623047 0.0201377868652344 -0.0427513122558594
-0.00786781311035157 -0.0143747329711914 0.0210762023925781 -0.0323085784912109
0.00666999816894531 -0.0187835693359375 0.0159130096435547 -0.0228939056396484
0.0217018127441406 -0.00812721252441406 0.0147933959960937 -0.0264396667480469
0.0271091461181641 0.0162773132324219 0.0240669250488281 -0.043121337890625
0.0177040100097656 0.0369529724121094 0.0461807250976563 -0.0605697631835938
-0.00115203857421875 0.0431747436523438 0.0600509643554688 -0.0536537170410156
-0.0179328918457031 0.0501213073730469 0.0817031860351563 -0.0148391723632813
0.0129528045654297 0.0308303833007813 0.0268726348876953 -0.00562477111816406
0.0110588073730469 0.0118265151977539 0.0158653259277344 0.0242633819580078
0.0107946395874023 0.00225067138671875 0.0498237609863281 0.02386474609375
0.00792360305786133 -0.00271034240722656 0.0624275207519531 -0.00889205932617188
0.00515985488891602 -0.00636434555053711 0.0551490783691406 -0.0448760986328125
0.0031290054321289 -0.0163688659667969 0.0357017517089844 -0.058380126953125
0.00466156005859375 -0.018341064453125 0.0218505859375 -0.0500144958496094
0.0055084228515625 -0.0215778350830078 0.0199356079101563 -0.0392532348632813
0.0167293548583984 -0.0227870941162109 0.0208797454833984 -0.0304183959960937
0.0308094024658203 -0.0110244750976562 0.0123100280761719 -0.0196094512939453
0.0374679565429687 0.0114974975585937 0.01104736328125 -0.0219764709472656
0.020233154296875 0.0440902709960938 0.0153961181640625 -0.0385627746582031
-0.00331878662109375 0.0629653930664063 0.0369033813476563 -0.0502433776855469
-0.0289840698242188 0.0613479614257812 0.05108642578125 -0.0394325256347656
-0.0496025085449219 0.0626564025878906 0.0709152221679688 0.0061492919921875
-0.00966644287109375 0.0576324462890625 0.0230998992919922 0.0113124847412109
0.00761032104492188 0.0448532104492187 0.0161666870117188 0.0337295532226563
0.0280818939208984 0.0265846252441406 0.0499382019042969 0.0310440063476563
0.0321083068847656 0.0048675537109375 0.0606803894042969 -0.0014495849609375
0.0291767120361328 -0.0153388977050781 0.0535812377929688 -0.0365180969238281
0.020477294921875 -0.0320529937744141 0.0340957641601563 -0.0496940612792969
0.0206489562988281 -0.0320148468017578 0.0190277099609375 -0.0408210754394531
0.0237579345703125 -0.0366706848144531 0.0155811309814453 -0.0289821624755859
0.0372505187988281 -0.0302047729492188 0.014801025390625 -0.0231399536132813
0.051025390625 -0.00625228881835937 0.00400447845458985 -0.013920783996582
0.050750732421875 0.0244903564453125 0.00326156616210938 -0.0179977416992188
0.0174217224121094 0.0645027160644531 0.00693893432617187 -0.0324993133544922
-0.0178680419921875 0.0817337036132813 0.0270462036132813 -0.0357589721679687
-0.0501708984375 0.07159423828125 0.0351276397705078 -0.0211257934570312
-0.0740203857421875 0.0634841918945313 0.0495643615722656 0.0291481018066406
-0.0340652465820313 0.0738372802734375 0.0115756988525391 0.0314807891845703
-0.00173187255859374 0.0720672607421875 0.0110397338867188 0.0437164306640625
0.0385704040527344 0.0501022338867188 0.0435218811035156 0.0382843017578125
0.0515975952148438 0.0148200988769531 0.0518264770507813 0.00777816772460938
0.0497970581054688 -0.0205116271972656 0.0453567504882813 -0.0227012634277344
0.0351371765136719 -0.0425529479980469 0.028167724609375 -0.0339946746826172
0.0331039428710938 -0.0407676696777344 0.0134201049804688 -0.0251255035400391
0.0373344421386719 -0.0468940734863281 0.00868415832519531 -0.0133066177368164
0.051177978515625 -0.0355453491210938 0.00496482849121094 -0.0118522644042969
0.0640296936035156 -0.00333404541015625 -0.00621175765991211 -0.0070185661315918
0.0589942932128906 0.0317192077636719 -0.00524139404296875 -0.0136547088623047
0.0150833129882812 0.0749740600585937 0.000715255737304689 -0.0261478424072266
-0.0271682739257813 0.0900497436523438 0.0187873840332031 -0.0192108154296875
-0.0633697509765625 0.0726242065429688 0.0141801834106445 -0.00171375274658203
-0.0865707397460938 0.052154541015625 0.0193405151367187 0.0494155883789063
-0.0543746948242188 0.0749588012695313 -0.00651168823242188 0.0503120422363281
-0.0159072875976562 0.085357666015625 0.00225067138671875 0.0514297485351563
0.0376701354980469 0.0673370361328125 0.0302085876464844 0.0435791015625
0.0606307983398438 0.0255661010742188 0.0365028381347656 0.0171890258789063
0.0626716613769531 -0.01953125 0.0310745239257813 -0.00673294067382813
0.0449409484863281 -0.045501708984375 0.0181159973144531 -0.0133018493652344
0.0410881042480469 -0.04351806640625 0.00624227523803711 -0.0049886703491211
0.0458412170410156 -0.0498199462890625 -0.000737667083740232 0.00523710250854492
0.058013916015625 -0.0363616943359375 -0.00717544555664062 0.00221824645996094
0.0688400268554688 -1.1444091796875E-05 -0.017578125 0.00174713134765625
0.0602455139160156 0.0361061096191406 -0.0134067535400391 -0.00967693328857422
0.009246826171875 0.0776138305664063 -0.00275039672851563 -0.0205097198486328
-0.0359115600585937 0.0863189697265625 0.0125637054443359 -0.00164604187011718
-0.0699958801269531 0.0634689331054687 -0.00954246520996094 0.016932487487793
-0.0823287963867188 0.030548095703125 -0.0124855041503906 0.0639724731445313
-0.0632171630859375 0.05712890625 -0.0260848999023438 0.0637626647949219
-0.0297698974609375 0.077667236328125 -0.00764846801757813 0.0544052124023438
0.025909423828125 0.0705795288085938 0.0142364501953125 0.0438957214355469
0.0554580688476563 0.032379150390625 0.0173873901367188 0.0226287841796875
0.0637702941894531 -0.0135955810546875 0.0134038925170898 0.00830650329589844
0.0464591979980469 -0.0405616760253906 0.00613021850585938 0.00758314132690429
0.0420875549316406 -0.0394210815429688 -0.00267982482910156 0.0144166946411133
0.0469436645507813 -0.045745849609375 -0.0106716156005859 0.0235252380371094
0.0577201843261719 -0.0321731567382813 -0.0204238891601563 0.0163116455078125
0.0658149719238281 0.00382232666015625 -0.0298938751220703 0.00889205932617187
0.0536308288574219 0.0375442504882813 -0.0211944580078125 -0.00831604003906249
0.000106811523437495 0.0724945068359375 -0.00553989410400391 -0.0160751342773437
-0.0432281494140625 0.0729598999023438 0.00578594207763672 0.0124454498291016
-0.0701751708984375 0.0452690124511719 -0.0341587066650391 0.0304889678955078
-0.0626792907714844 0.00383377075195313 -0.0395469665527344 0.0689773559570313
-0.0567855834960938 0.0279045104980469 -0.0422019958496094 0.0684814453125
-0.035614013671875 0.0522956848144531 -0.0152626037597656 0.0513954162597656
0.00928115844726563 0.0579452514648437 -0.000164031982421876 0.038543701171875
0.0391311645507813 0.0311355590820313 0.00017166137695313 0.0235347747802734
0.0527801513671875 -0.00576400756835937 -0.00362777709960937 0.0201129913330078
0.0408668518066406 -0.0288505554199219 -0.00686073303222656 0.0256366729736328
0.0364303588867188 -0.0297393798828125 -0.0105667114257812 0.0321903228759766
0.0416259765625 -0.0355758666992188 -0.0197715759277344 0.0392417907714844
0.0495834350585938 -0.0243034362792969 -0.0330753326416016 0.0282802581787109
0.05499267578125 0.00673675537109375 -0.0411949157714844 0.0140266418457031
0.0421066284179688 0.0361175537109375 -0.0293922424316406 -0.00782966613769531
-0.00874710083007813 0.0606460571289062 -0.00835800170898438 -0.0147600173950195
-0.0465621948242188 0.0519828796386719 -0.00247383117675782 0.0220489501953125
-0.0634040832519531 0.0211868286132813 -0.0575408935546875 0.0369415283203125
-0.033233642578125 -0.024261474609375 -0.054534912109375 0.0666236877441406
-0.0397071838378906 -0.00424957275390626 -0.0483169555664062 0.0661087036132813
-0.0330390930175781 0.0181121826171875 -0.0172996520996094 0.0455894470214844
-0.00735282897949219 0.0343399047851563 -0.00931930541992188 0.0319633483886719
0.0169849395751953 0.0238056182861328 -0.0112838745117188 0.0223331451416016
0.0321121215820313 0.00304031372070313 -0.0157432556152344 0.0273628234863281
0.0283107757568359 -0.013397216796875 -0.0155677795410156 0.0378379821777344
0.0255203247070313 -0.0156269073486328 -0.0172157287597656 0.0448074340820313
0.0298671722412109 -0.0201988220214844 -0.0284271240234375 0.050262451171875
0.035247802734375 -0.01361083984375 -0.0445060729980469 0.0368423461914062
0.038421630859375 0.00833892822265625 -0.0508193969726562 0.0165672302246094
0.027069091796875 0.0283088684082031 -0.0370864868164063 -0.0089111328125
-0.0148811340332031 0.0423240661621094 -0.0130863189697266 -0.015437126159668
-0.0427780151367188 0.0260467529296875 -0.0131187438964844 0.0242595672607422
-0.0476799011230469 -0.00516510009765626 -0.0772781372070313 0.0355758666992187
0.0131587982177734 0.03118896484375 0.0831146240234375 -0.033050537109375
0.0300731658935547 0.00114059448242188 0.0245208740234375 -0.0173053741455078
0.0105476379394531 -0.0189952850341797 0.0137748718261719 0.0182571411132813
-0.00790596008300781 -0.0176219940185547 0.0463523864746094 0.0191917419433594
-0.0160646438598633 -0.00653839111328125 0.0598869323730469 -0.0140876770019531
-0.017094612121582 0.00488376617431641 0.0518608093261719 -0.0484504699707031
-0.013270378112793 0.00216579437255859 0.0327644348144531 -0.0620384216308594
-0.0130691528320312 -0.00196933746337891 0.0208358764648437 -0.0539588928222656
-0.0148382186889648 -0.00449657440185547 0.0194053649902344 -0.0440254211425781
-0.00838851928710938 -0.0143527984619141 0.02032470703125 -0.0341091156005859
0.00609016418457031 -0.0191745758056641 0.0161552429199219 -0.0251045227050781
0.0220241546630859 -0.00879478454589844 0.015960693359375 -0.0283775329589844
0.0282840728759766 0.0159988403320313 0.0249519348144531 -0.0442314147949219
0.0190200805664063 0.0377235412597656 0.0474052429199219 -0.0621223449707031
-0.000896453857421879 0.0447769165039063 0.0623092651367188 -0.0573883056640625
-0.0182075500488281 0.0524826049804688 0.08447265625 -0.0163726806640625
0.0147686004638672 0.0320911407470703 0.0277347564697266 -0.005767822265625
0.0122718811035156 0.0124063491821289 0.0162792205810547 0.0252590179443359
0.0115680694580078 0.00227451324462891 0.051239013671875 0.0243492126464844
0.00821018218994141 -0.00275421142578125 0.0642204284667969 -0.0094757080078125
0.00575017929077149 -0.00689983367919922 0.0554122924804688 -0.0466537475585938
0.00310420989990234 -0.0163908004760742 0.0351142883300781 -0.0612525939941406
0.00354576110839844 -0.01885986328125 0.0206413269042969 -0.0517425537109375
0.00532913208007813 -0.0223827362060547 0.0188789367675781 -0.0414237976074219
0.0172023773193359 -0.0234584808349609 0.0199527740478516 -0.0329837799072266
0.0316600799560547 -0.0120582580566406 0.0122127532958984 -0.0216312408447266
0.038055419921875 0.0114326477050781 0.0115127563476563 -0.0234375
0.02197265625 0.0453376770019531 0.0166130065917969 -0.0391769409179688
-0.00241470336914063 0.0649452209472656 0.0378036499023438 -0.0525016784667969
-0.0293159484863281 0.0637893676757813 0.0531387329101563 -0.0430679321289062
-0.049713134765625 0.0652503967285156 0.07373046875 0.0055389404296875
-0.00872039794921874 0.0600662231445313 0.0236034393310547 0.0116386413574219
0.00899124145507812 0.0469779968261719 0.015655517578125 0.0347175598144531
0.029693603515625 0.0268764495849609 0.0515289306640625 0.0320510864257813
0.0335044860839844 0.00446319580078125 0.0625457763671875 -0.00186538696289063
0.0301036834716797 -0.0170478820800781 0.0541915893554688 -0.0380706787109375
0.0199871063232422 -0.0331802368164063 0.0339622497558594 -0.0520362854003906
0.0200691223144531 -0.0338153839111328 0.0179977416992188 -0.041778564453125
0.02325439453125 -0.0389785766601563 0.0145359039306641 -0.0308856964111328
0.0375633239746094 -0.0322685241699219 0.0134983062744141 -0.0251712799072266
0.0525703430175781 -0.00769805908203125 0.00374126434326172 -0.0156745910644531
0.0525932312011719 0.0243988037109375 0.0038909912109375 -0.0195541381835937
0.0196762084960937 0.0663642883300781 0.00760841369628906 -0.033355712890625
-0.016845703125 0.0853042602539063 0.0277938842773438 -0.0378799438476563
-0.0511627197265625 0.0752029418945313 0.0364952087402344 -0.024749755859375
-0.0746688842773438 0.0673294067382813 0.0515899658203125 0.0297355651855469
-0.0333023071289062 0.0774459838867187 0.0114116668701172 0.0322856903076172
-5.34057617187458E-05 0.0752716064453125 0.0106277465820313 0.0448379516601563
0.0413360595703125 0.0511894226074219 0.0444793701171875 0.0400619506835938
0.0538444519042969 0.0142974853515625 0.0535926818847656 0.00830078125
0.0512428283691406 -0.0223808288574219 0.0466880798339844 -0.0239181518554688
0.0350685119628906 -0.044677734375 0.0284690856933594 -0.0352325439453125
0.0329170227050781 -0.0431022644042969 0.0127487182617188 -0.0262336730957031
0.0368843078613281 -0.0495262145996094 0.00793838500976563 -0.014744758605957
0.05157470703125 -0.0382232666015625 0.00390815734863282 -0.0130863189697266
0.0662841796875 -0.00539016723632813 -0.00680303573608398 -0.00785303115844727
0.0620841979980469 0.0317039489746094 -0.00474166870117187 -0.0142602920532227
0.0179214477539063 0.0780181884765625 0.0010986328125 -0.0269889831542969
-0.0255203247070312 0.0939865112304688 0.0194072723388672 -0.0203838348388672
-0.064422607421875 0.0769882202148437 0.0148220062255859 -0.00432872772216796
-0.0880126953125 0.0559234619140625 0.0206527709960937 0.0512847900390625
-0.0546722412109375 0.0784378051757813 -0.00657272338867188 0.0519943237304688
-0.0138168334960938 0.088775634765625 0.001373291015625 0.053497314453125
0.0409431457519531 0.0687408447265625 0.0312538146972656 0.0455169677734375
0.0631027221679687 0.0246658325195312 0.0375022888183594 0.0179519653320313
0.0643196105957031 -0.0220947265625 0.032470703125 -0.00684356689453125
0.04443359375 -0.0481033325195313 0.0188674926757813 -0.0143013000488281
0.0406608581542969 -0.0461616516113281 0.00564050674438477 -0.00542926788330078
0.0454521179199219 -0.0532798767089844 -0.000776290893554685 0.00508737564086914
0.0588035583496094 -0.039886474609375 -0.00779581069946289 0.00177860260009765
0.0717239379882813 -0.00226593017578125 -0.0189800262451172 0.00127410888671875
0.0633201599121094 0.0357131958007813 -0.0136499404907227 -0.0108547210693359
0.01214599609375 0.0807266235351563 -0.00267219543457031 -0.0211410522460937
-0.0344314575195313 0.0909881591796875 0.0136919021606445 -0.00265026092529296
-0.07147216796875 0.06756591796875 -0.00964927673339845 0.0155506134033203
-0.0848846435546875 0.034027099609375 -0.0125160217285156 0.0669593811035156
-0.0643501281738281 0.0606460571289063 -0.0266189575195313 0.0655593872070313
-0.0286636352539062 0.0814437866210938 -0.00917816162109375 0.0555648803710938
0.0289840698242188 0.0723342895507813 0.0137405395507813 0.0455284118652344
0.0582542419433594 0.0316810607910156 0.0183391571044922 0.0239219665527344
0.0655593872070313 -0.0159454345703125 0.0149250030517578 0.00909423828125
0.0469093322753906 -0.0430717468261719 0.00647497177124024 0.00804853439331054
0.0420494079589844 -0.0418853759765625 -0.00250244140625 0.0147333145141602
0.0469932556152344 -0.0489387512207031 -0.010589599609375 0.0242996215820313
0.0583877563476563 -0.035552978515625 -0.0212440490722656 0.0166988372802734
0.068359375 0.00156402587890625 -0.030914306640625 0.00933647155761719
0.0565834045410156 0.0374870300292969 -0.0221290588378906 -0.00830650329589844
0.00243377685546875 0.0755691528320313 -0.00537776947021484 -0.0171480178833008
-0.04229736328125 0.0769805908203125 0.00605487823486328 0.0120182037353516
-0.071685791015625 0.0482330322265625 -0.0344276428222656 0.0304851531982422
-0.064666748046875 0.00567626953124999 -0.0407028198242188 0.0730209350585938
-0.0582122802734375 0.0303840637207031 -0.0431594848632813 0.0708847045898438
-0.0355262756347656 0.0552749633789062 -0.0167579650878906 0.0526504516601563
0.0117607116699219 0.0599365234375 -0.00123977661132812 0.0408134460449219
0.0412330627441406 0.0313682556152344 0.000144958496093755 0.0249710083007813
0.0541648864746094 -0.00748825073242188 -0.00278091430664062 0.021270751953125
0.041107177734375 -0.0310287475585937 -0.00565910339355468 0.026458740234375
0.0364418029785156 -0.0316658020019531 -0.010162353515625 0.0333385467529297
0.0416069030761719 -0.0382881164550781 -0.0198211669921875 0.040740966796875
0.0507164001464844 -0.0267410278320313 -0.0336513519287109 0.0292015075683594
0.057220458984375 0.00558853149414063 -0.0420570373535156 0.0152664184570312
0.0446929931640625 0.0354804992675781 -0.0306892395019531 -0.00753593444824219
-0.00702285766601562 0.0632057189941406 -0.00905418395996094 -0.0152015686035156
-0.0465278625488281 0.0552597045898437 -0.00232315063476563 0.0218582153320313
-0.0644264221191406 0.022674560546875 -0.0589599609375 0.0381660461425781
-0.03466796875 -0.0235786437988281 -0.0560836791992188 0.0704345703125
-0.0407943725585938 -0.00320053100585937 -0.0496368408203125 0.0683326721191406
-0.0336532592773438 0.0196018218994141 -0.0187835693359375 0.0471649169921875
-0.00603485107421875 0.0353736877441406 -0.0105113983154297 0.0344791412353516
0.0182685852050781 0.0240402221679688 -0.0113582611083984 0.0241127014160156
0.0331134796142578 0.00163650512695313 -0.0150375366210937 0.0291690826416016
0.0280952453613281 -0.0146350860595703 -0.0146827697753906 0.0393295288085938
0.0257167816162109 -0.0171566009521484 -0.0167427062988281 0.0464019775390625
0.0299358367919922 -0.0220394134521484 -0.0276908874511719 0.0524711608886719
0.0357894897460938 -0.0151176452636719 -0.0445365905761719 0.0388069152832031
0.0398483276367188 0.00771331787109375 -0.0520210266113281 0.0180473327636719
0.0284004211425781 0.0286331176757813 -0.0387001037597656 -0.00827407836914063
-0.0142784118652344 0.0441246032714844 -0.0135040283203125 -0.0160436630249023
-0.0430145263671875 0.0285072326660156 -0.0128593444824219 0.0245647430419922
-0.0485343933105469 -0.00490188598632812 -0.079376220703125 0.03753662109375
0.0154609680175781 0.0319786071777344 0.08660888671875 -0.037322998046875
0.0317802429199219 7.2479248046875E-05 0.0257244110107422 -0.0189018249511719
0.0103416442871094 -0.0206470489501953 0.0144176483154297 0.0189018249511719
-0.00896644592285157 -0.0181465148925781 0.0492935180664063 0.0190200805664063
-0.0172300338745117 -0.00585365295410156 0.0620765686035156 -0.016204833984375
-0.0175113677978516 0.005645751953125 0.0521430969238281 -0.052001953125
-0.0137233734130859 0.00319957733154297 0.0312080383300781 -0.0659523010253906
-0.0138015747070313 -0.00112628936767578 0.0192718505859375 -0.0569038391113281
-0.0154638290405273 -0.00391960144042969 0.0174026489257812 -0.0468711853027344
-0.00954055786132813 -0.0145463943481445 0.0190467834472656 -0.0369338989257813
0.00550460815429687 -0.0196018218994141 0.0155868530273438 -0.0282726287841797
0.0225849151611328 -0.009857177734375 0.0166912078857422 -0.0311412811279297
0.0299148559570313 0.0157623291015625 0.025604248046875 -0.0466995239257813
0.0209274291992188 0.038330078125 0.0478134155273438 -0.0667037963867188
0.000434875488281254 0.0470619201660156 0.0642280578613281 -0.0641136169433594
-0.0170860290527344 0.055908203125 0.0888214111328125 -0.0201263427734375
0.0163326263427734 0.0337371826171875 0.0287818908691406 -0.00712013244628906
0.0133733749389648 0.0126857757568359 0.0174541473388672 0.0268726348876953
0.0124588012695313 0.00197505950927734 0.0543975830078125 0.0245895385742187
0.00858545303344727 -0.00333929061889648 0.0664596557617188 -0.0116310119628906
0.00629949569702148 -0.00770425796508789 0.0562705993652344 -0.0503501892089844
0.00276374816894531 -0.0177574157714844 0.0341567993164063 -0.0650405883789063
0.00296974182128906 -0.0199489593505859 0.019012451171875 -0.0549850463867188
0.00444602966308594 -0.0241107940673828 0.0174827575683594 -0.0441131591796875
0.0166854858398438 -0.0253849029541016 0.0184249877929687 -0.0355720520019531
0.0325222015380859 -0.0138301849365234 0.0121116638183594 -0.0243511199951172
0.040740966796875 0.0103225708007813 0.0124969482421875 -0.0260848999023438
0.0247421264648437 0.0464820861816406 0.0169486999511719 -0.0415267944335938
0.0005645751953125 0.0686721801757813 0.0378684997558594 -0.0565986633300781
-0.0292396545410156 0.067901611328125 0.0548324584960938 -0.0490798950195312
-0.0502777099609375 0.071319580078125 0.0780029296875 0.00312042236328125
-0.006500244140625 0.0634880065917969 0.0239734649658203 0.0110607147216797
0.012359619140625 0.0491714477539063 0.0162010192871094 0.0366287231445312
0.0327110290527344 0.0268821716308594 0.0544662475585937 0.0325965881347656
0.0353813171386719 0.00309371948242188 0.065460205078125 -0.00350570678710938
0.0310611724853516 -0.0195941925048828 0.0558547973632813 -0.0417709350585937
0.0197868347167969 -0.0357780456542969 0.0329093933105469 -0.0554084777832031
0.0192222595214844 -0.0358924865722656 0.0165138244628906 -0.0448417663574219
0.0223884582519531 -0.0421104431152344 0.0133323669433594 -0.0328083038330078
0.0376167297363281 -0.0355186462402344 0.0118942260742188 -0.0279350280761719
0.0546073913574219 -0.0105552673339844 0.00286293029785157 -0.0182342529296875
0.0568923950195313 0.023284912109375 0.00409126281738282 -0.0214195251464844
0.023529052734375 0.0692329406738281 0.00759506225585938 -0.0350875854492187
-0.0131759643554688 0.0905532836914062 0.027862548828125 -0.0407638549804687
-0.0513839721679687 0.0808258056640625 0.0376853942871094 -0.0288581848144531
-0.07647705078125 0.0742340087890625 0.0558242797851563 0.0297126770019531
-0.0315093994140625 0.0831146240234375 0.0124874114990234 0.0331478118896484
0.00434875488281249 0.0792999267578125 0.0108299255371094 0.0471992492675781
0.0462074279785156 0.0519981384277344 0.0469818115234375 0.0411415100097656
0.057281494140625 0.0124855041503906 0.0561180114746094 0.00797271728515625
0.0530624389648437 -0.0264015197753906 0.0482978820800781 -0.02642822265625
0.0345726013183594 -0.0482215881347656 0.0281791687011719 -0.0383682250976563
0.0322761535644531 -0.0468559265136719 0.0121135711669922 -0.0275936126708984
0.0359916687011719 -0.0539169311523437 0.00695991516113281 -0.0157003402709961
0.0521049499511719 -0.0431365966796875 0.00221824645996094 -0.0149507522583008
0.0692825317382813 -0.00942611694335937 -0.00825977325439453 -0.00899124145507812
0.0670738220214844 0.029998779296875 -0.00482749938964843 -0.0160417556762695
0.0227737426757812 0.081695556640625 0.00107002258300782 -0.0278511047363281
-0.0227279663085938 0.100135803222656 0.0200004577636719 -0.0226058959960937
-0.0649642944335937 0.0828933715820313 0.0156192779541016 -0.00673484802246093
-0.0909271240234375 0.063018798828125 0.0232429504394531 0.0539817810058594
-0.05377197265625 0.0849075317382813 -0.00627899169921875 0.0539894104003906
-0.010589599609375 0.0945968627929688 0.00194931030273437 0.0561447143554688
0.0466079711914062 0.0706405639648438 0.0328826904296875 0.0473594665527344
0.0674705505371094 0.0231971740722656 0.0396537780761719 0.0183753967285156
0.0669136047363281 -0.026214599609375 0.0340747833251953 -0.00788688659667969
0.0443572998046875 -0.0524559020996094 0.0191860198974609 -0.0155887603759766
0.0404243469238281 -0.0507698059082031 0.00522232055664063 -0.00646209716796875
0.0447959899902344 -0.0582923889160156 -0.00132608413696289 0.00474262237548828
0.0589675903320313 -0.0451126098632813 -0.00968742370605468 0.00162792205810547
0.0754852294921875 -0.0066375732421875 -0.0203113555908203 0.00150871276855469
0.0683403015136719 0.0345458984375 -0.0140933990478516 -0.0111370086669922
0.016632080078125 0.0846633911132813 -0.00289726257324219 -0.0223255157470703
-0.0313262939453125 0.0972900390625 0.0145854949951172 -0.00350856781005859
-0.0721817016601563 0.0737838745117188 -0.00947761535644532 0.015289306640625
-0.0879058837890625 0.0391159057617188 -0.0106430053710938 0.0717620849609375
-0.0648765563964844 0.0664253234863281 -0.0271415710449219 0.0698318481445313
-0.0263442993164062 0.0871429443359375 -0.00999832153320312 0.0585403442382813
0.034027099609375 0.0754547119140625 0.0146522521972656 0.0479316711425781
0.0627632141113281 0.0313568115234375 0.0196552276611328 0.0258636474609375
0.0681190490722656 -0.0202865600585938 0.0163469314575195 0.00976943969726562
0.047210693359375 -0.0471343994140625 0.00716495513916016 0.00777149200439453
0.041778564453125 -0.0460968017578125 -0.00254344940185547 0.0157585144042969
0.0469551086425781 -0.0541648864746094 -0.0102176666259766 0.0251884460449219
0.0590896606445313 -0.0406990051269531 -0.0221366882324219 0.0172328948974609
0.0719528198242188 -0.00180816650390625 -0.0324611663818359 0.0100727081298828
0.0614013671875 0.0369796752929688 -0.0232181549072266 -0.00802230834960938
0.00635528564453125 0.07989501953125 -0.00569629669189453 -0.0175390243530273
-0.0402755737304687 0.0829238891601563 0.00701141357421875 0.0118570327758789
-0.0734481811523438 0.05322265625 -0.0354995727539063 0.0321846008300781
-0.0678901672363281 0.00907897949218751 -0.0406723022460938 0.0792999267578125
-0.0597190856933594 0.0347900390625 -0.0439071655273438 0.0761184692382813
-0.0344085693359375 0.0597648620605469 -0.0172195434570313 0.0555496215820313
0.0150947570800781 0.0624732971191406 -0.00127029418945313 0.0434112548828125
0.0448951721191406 0.0313262939453125 0.000928878784179691 0.0278682708740234
0.0567359924316406 -0.0106010437011719 -0.00133132934570312 0.0229701995849609
0.0410041809082031 -0.0346488952636719 -0.00467109680175781 0.0279560089111328
0.0365753173828125 -0.0351219177246094 -0.00995254516601562 0.0352630615234375
0.0415267944335938 -0.0421066284179688 -0.0193519592285156 0.0430831909179688
0.05120849609375 -0.0307502746582031 -0.0343151092529297 0.0321254730224609
0.0604476928710938 0.00286865234375 -0.0436592102050781 0.0167770385742188
0.0481910705566406 0.0355796813964844 -0.0326213836669922 -0.00694847106933593
-0.00482559204101563 0.0668869018554688 -0.0093374252319336 -0.0158109664916992
-0.0454673767089844 0.0598831176757812 -0.00177192687988282 0.0223960876464844
-0.0670547485351563 0.0260848999023437 -0.0609283447265625 0.0416908264160156
-0.0369453430175781 -0.0234298706054688 -0.0572586059570313 0.0772247314453125
-0.0432395935058594 -0.00169754028320312 -0.0509719848632813 0.0731201171875
-0.0340538024902344 0.0222930908203125 -0.0196990966796875 0.0495262145996094
-0.004364013671875 0.0379257202148437 -0.0111846923828125 0.037017822265625
0.0200691223144531 0.0245418548583984 -0.0111808776855469 0.0263824462890625
0.0351219177246094 3.62396240234375E-05 -0.0137615203857422 0.0314197540283203
0.0286769866943359 -0.0166168212890625 -0.0139312744140625 0.0417556762695312
0.02593994140625 -0.0185699462890625 -0.0156745910644531 0.0487632751464844
0.0305595397949219 -0.0245437622070313 -0.0270309448242187 0.0557441711425781
0.03668212890625 -0.0178184509277344 -0.045806884765625 0.0421791076660156
0.0424613952636719 0.00595855712890625 -0.0540428161621094 0.0204353332519531
0.0310573577880859 0.0291996002197266 -0.0406608581542969 -0.00800323486328124
-0.0131072998046875 0.0477333068847656 -0.0144033432006836 -0.0168256759643555
-0.0436134338378906 0.0313301086425781 -0.0123691558837891 0.0257053375244141
-0.0512466430664063 -0.00365829467773438 -0.0822219848632813 0.0416946411132813
0.0180225372314453 0.0327091217041016 0.089202880859375 -0.0452728271484375
0.033416748046875 -0.00167655944824219 0.0255985260009766 -0.0218105316162109
0.00967216491699219 -0.0219249725341797 0.0156745910644531 0.0195198059082031
-0.0109958648681641 -0.0182361602783203 0.0530509948730469 0.0171318054199219
-0.0180511474609375 -0.00473213195800781 0.0644493103027344 -0.0200958251953125
-0.0174856185913086 0.00697231292724609 0.0506973266601563 -0.05780029296875
-0.0136308670043945 0.00435924530029297 0.0279693603515625 -0.0712356567382812
-0.0149459838867188 -0.000158309936523435 0.01544189453125 -0.0606498718261719
-0.0166234970092773 -0.00284385681152343 0.0143318176269531 -0.0509262084960938
-0.0107784271240234 -0.0141716003417969 0.0168228149414063 -0.0407485961914063
0.00388717651367187 -0.0207099914550781 0.0146923065185547 -0.0319328308105469
0.0225696563720703 -0.0121612548828125 0.0168075561523438 -0.034820556640625
0.0322914123535156 0.0137348175048828 0.0250053405761719 -0.0502243041992188
0.02435302734375 0.0391769409179688 0.04644775390625 -0.0730209350585938
0.00340652465820313 0.04931640625 0.063446044921875 -0.07257080078125
-0.0142669677734375 0.0596809387207031 0.0924301147460938 -0.0267257690429687
0.0198459625244141 0.0339088439941406 0.0294742584228516 -0.00916099548339844
0.0153064727783203 0.0125885009765625 0.0191459655761719 0.0269107818603516
0.013092041015625 0.0013580322265625 0.0581550598144531 0.0227890014648438
0.00894927978515625 -0.00397872924804687 0.0686187744140625 -0.0156669616699219
0.00593090057373047 -0.00936603546142578 0.0557708740234375 -0.0557975769042969
0.00156974792480469 -0.0188865661621094 0.0306968688964844 -0.0699310302734375
0.00141716003417969 -0.0208091735839844 0.0155677795410156 -0.0584602355957031
0.00231742858886719 -0.0256328582763672 0.014373779296875 -0.0476303100585938
0.0152397155761719 -0.0275974273681641 0.01611328125 -0.03887939453125
0.0328865051269531 -0.0166454315185547 0.0109634399414063 -0.0279464721679687
0.042999267578125 0.00809097290039063 0.0123672485351563 -0.0290584564208984
0.0292129516601562 0.0470123291015625 0.0164299011230469 -0.0440826416015625
0.0049591064453125 0.0717620849609375 0.036285400390625 -0.0612258911132812
-0.0261688232421875 0.0736312866210938 0.0548744201660156 -0.0561408996582031
-0.0472564697265625 0.0778884887695313 0.0823745727539063 -0.00160980224609375
-0.00167465209960938 0.0672340393066406 0.0258693695068359 0.00992584228515625
0.0165634155273438 0.0505485534667969 0.0187835693359375 0.0376853942871094
0.0366096496582031 0.0258064270019531 0.0580825805664063 0.03167724609375
0.0377006530761719 0.000988006591796875 0.0680999755859375 -0.0064544677734375
0.0314540863037109 -0.0231761932373047 0.055389404296875 -0.0462265014648438
0.0180168151855469 -0.0391197204589844 0.0303192138671875 -0.0604057312011719
0.0169029235839844 -0.0389785766601562 0.014007568359375 -0.0479164123535156
0.0198020935058594 -0.0454864501953125 0.0115242004394531 -0.03533935546875
0.0366706848144531 -0.0402145385742188 0.00955772399902343 -0.0303306579589844
0.0564460754394531 -0.0153274536132813 0.00162506103515625 -0.0203456878662109
0.0611953735351563 0.0202369689941406 0.00391960144042969 -0.0236110687255859
0.0297317504882813 0.0706253051757813 0.0072479248046875 -0.0368270874023437
-0.0075225830078125 0.0956802368164062 0.02655029296875 -0.0446434020996094
-0.0482559204101563 0.08819580078125 0.0376014709472656 -0.0343856811523438
-0.0748291015625 0.0829391479492187 0.0605697631835937 0.0279083251953125
-0.0270767211914062 0.08880615234375 0.0147323608398438 0.0337295532226563
0.0102005004882812 0.08294677734375 0.013275146484375 0.0490684509277344
0.0526809692382813 0.0506248474121094 0.0507431030273437 0.0409507751464844
0.0606613159179688 0.00911712646484375 0.0591545104980469 0.00566482543945313
0.0536155700683594 -0.0317840576171875 0.0492477416992188 -0.0301475524902344
0.0326614379882812 -0.0532379150390625 0.0265312194824219 -0.0417594909667969
0.0303001403808594 -0.0511283874511719 0.0102767944335938 -0.0298919677734375
0.0335540771484375 -0.0596885681152344 0.00583934783935547 -0.017308235168457
0.0505218505859375 -0.0491790771484375 0.000164985656738284 -0.0162582397460938
0.0718460083007813 -0.0150222778320313 -0.00952339172363281 -0.00983428955078125
0.0724105834960938 0.0268936157226563 -0.0056772232055664 -0.0175714492797852
0.0305099487304687 0.0838470458984375 0.000141143798828128 -0.0298252105712891
-0.0157928466796875 0.106605529785156 0.0197257995605469 -0.0254726409912109
-0.0621871948242187 0.0912551879882813 0.0156898498535156 -0.00922775268554687
-0.0905303955078125 0.0723800659179687 0.028472900390625 0.0553665161132813
-0.0501556396484375 0.092041015625 -0.00368881225585937 0.0572624206542969
-0.00414276123046875 0.0997314453125 0.00323104858398438 0.0582809448242188
0.0541458129882813 0.0702247619628906 0.0362968444824219 0.0485458374023438
0.0724105834960937 0.01983642578125 0.0428466796875 0.0181159973144531
0.0680046081542969 -0.0328407287597656 0.035491943359375 -0.0101509094238281
0.0424919128417969 -0.0580024719238281 0.0186805725097656 -0.0176830291748047
0.038299560546875 -0.0558433532714844 0.00495100021362305 -0.0075678825378418
0.0417251586914063 -0.0645332336425781 -0.00109386444091797 0.0048384666442871
0.0580940246582031 -0.0520210266113281 -0.0108127593994141 0.00157356262207031
0.078277587890625 -0.0129623413085938 -0.0212268829345703 0.001800537109375
0.0745468139648438 0.0309524536132813 -0.0147333145141601 -0.0113391876220703
0.023895263671875 0.0875778198242188 -0.00369071960449219 -0.0227565765380859
-0.0247344970703125 0.104225158691406 0.0147523880004883 -0.00540924072265624
-0.071197509765625 0.081756591796875 -0.00909423828125 0.0150356292724609
-0.0890960693359375 0.0475692749023438 -0.006561279296875 0.07635498046875
-0.063140869140625 0.073822021484375 -0.024688720703125 0.07415771484375
-0.0212249755859375 0.0930099487304688 -0.00809860229492188 0.0618934631347656
0.0417327880859375 0.0759353637695313 0.0172195434570313 0.0503807067871094
0.0682716369628906 0.0280685424804687 0.0221405029296875 0.0266170501708984
0.0701179504394531 -0.0268669128417969 0.0188579559326172 0.00975608825683594
0.0457839965820313 -0.0528411865234375 0.00865411758422852 0.00746107101440429
0.0400962829589844 -0.0516242980957031 -0.00121021270751953 0.015864372253418
0.0444145202636719 -0.0606498718261719 -0.00917243957519531 0.0267524719238281
0.0580024719238281 -0.0474319458007813 -0.0223789215087891 0.0193996429443359
0.0751190185546875 -0.00772857666015625 -0.0330314636230469 0.0123996734619141
0.0671424865722656 0.0340003967285156 -0.0242099761962891 -0.00720787048339844
0.0135345458984375 0.083282470703125 -0.00648307800292969 -0.0182666778564453
-0.0355377197265625 0.0898590087890625 0.00870037078857422 0.0110464096069336
-0.073883056640625 0.060699462890625 -0.0356903076171875 0.0347518920898438
-0.0703887939453125 0.0145263671875 -0.03790283203125 0.0864334106445313
-0.0599250793457031 0.040069580078125 -0.0419845581054688 0.081512451171875
-0.031707763671875 0.0650672912597656 -0.0161170959472656 0.0596961975097656
0.0207176208496094 0.0642509460449219 0.000579833984374999 0.0464019775390625
0.0493011474609375 0.0293312072753906 0.00295257568359375 0.0294914245605469
0.0581283569335938 -0.015655517578125 0.000982284545898443 0.0248699188232422
0.0407524108886719 -0.03955078125 -0.00302505493164062 0.0295810699462891
0.0354766845703125 -0.039337158203125 -0.0076904296875 0.036590576171875
0.0398597717285156 -0.0475120544433594 -0.0168304443359375 0.0459747314453125
0.050933837890625 -0.0367393493652344 -0.0345497131347656 0.0351715087890625
0.063690185546875 -0.00199508666992188 -0.0448493957519531 0.0205421447753906
0.0534324645996094 0.0336723327636719 -0.0338916778564453 -0.00549697875976562
0.000411987304687504 0.0712509155273437 -0.0105829238891602 -0.0163183212280273
-0.043212890625 0.0660743713378906 0.000125885009765623 0.0229244232177734
-0.0680198669433594 0.0314712524414062 -0.0611495971679688 0.0462532043457031
-0.04022216796875 -0.0212516784667969 -0.0551223754882812 0.086090087890625
-0.0449333190917969 0.00187683105468749 -0.0500335693359375 0.079925537109375
-0.0340900421142578 0.0262813568115234 -0.0193939208984375 0.0529937744140625
-0.00127792358398438 0.0398788452148438 -0.0103073120117187 0.0401649475097656
0.0232257843017578 0.0241775512695312 -0.00989913940429687 0.0293254852294922
0.0365943908691406 -0.00308609008789063 -0.0116958618164062 0.034454345703125
0.0290699005126953 -0.0198440551757813 -0.0109138488769531 0.044769287109375
0.0254611968994141 -0.0217227935791016 -0.0124740600585937 0.0514373779296875
0.0296115875244141 -0.0281009674072266 -0.0238533020019531 0.0592613220214844
0.0370712280273438 -0.0216217041015625 -0.0452766418457031 0.0466842651367188
0.0448112487792969 0.00270462036132813 -0.0549125671386719 0.0252494812011719
0.0342426300048828 0.0282382965087891 -0.0427589416503906 -0.00585174560546874
-0.00977325439453125 0.0512008666992188 -0.0161914825439453 -0.0172119140625
-0.0428848266601563 0.035614013671875 -0.0106754302978516 0.0266475677490234
-0.0531044006347656 -0.00107574462890626 -0.083587646484375 0.0485916137695313
0.0204143524169922 0.0312919616699219 0.0871963500976563 -0.0531692504882813
0.033905029296875 -0.00479888916015625 0.0244007110595703 -0.0246868133544922
0.00775146484375 -0.0230503082275391 0.0175571441650391 0.0196247100830078
-0.013066291809082 -0.0172348022460937 0.0557060241699219 0.0141563415527344
-0.0187492370605469 -0.00332832336425781 0.0643424987792969 -0.0256538391113281
-0.017024040222168 0.00865554809570312 0.0465431213378906 -0.0626068115234375
-0.0131568908691406 0.00523090362548828 0.0230331420898438 -0.0739593505859375
-0.0150995254516602 0.00173282623291016 0.0107307434082031 -0.0628852844238281
-0.0177822113037109 -0.00103950500488282 0.0100555419921875 -0.0528335571289062
-0.012446403503418 -0.0135049819946289 0.0132331848144531 -0.0427131652832031
0.00251388549804688 -0.0214157104492187 0.0124855041503906 -0.0346527099609375
0.0218353271484375 -0.0142269134521484 0.0151329040527344 -0.0386962890625
0.0335865020751953 0.0116405487060547 0.0233306884765625 -0.0531578063964844
0.0276756286621094 0.0371971130371094 0.041717529296875 -0.077880859375
0.007659912109375 0.0501823425292969 0.0597152709960938 -0.0807952880859375
-0.00954818725585937 0.0629692077636719 0.0930252075195313 -0.0349578857421875
0.0225238800048828 0.0332050323486328 0.0296058654785156 -0.0119781494140625
0.0172834396362305 0.011469841003418 0.0205478668212891 0.0266838073730469
0.014430046081543 0.000324249267578125 0.0605888366699219 0.0190696716308594
0.00893402099609375 -0.00457954406738281 0.0689506530761719 -0.0206184387207031
0.00522422790527344 -0.010767936706543 0.0522575378417969 -0.0605850219726563
0.000738143920898438 -0.0194625854492187 0.025360107421875 -0.0736923217773437
7.24792480468769E-05 -0.0209712982177734 0.0105628967285156 -0.06103515625
-0.000116348266601563 -0.0264205932617188 0.0105056762695312 -0.049774169921875
0.0126895904541016 -0.0291957855224609 0.0118865966796875 -0.0413627624511719
0.0321254730224609 -0.0196552276611328 0.0089874267578125 -0.0298976898193359
0.0450439453125 0.004364013671875 0.0114841461181641 -0.0323257446289063
0.0340843200683594 0.0454940795898438 0.0140495300292969 -0.0462112426757813
0.0116043090820313 0.0733566284179688 0.0335578918457031 -0.0650482177734375
-0.021087646484375 0.07720947265625 0.0522537231445313 -0.0633583068847656
-0.0425262451171875 0.0835952758789063 0.0849685668945313 -0.00865936279296874
0.00379180908203124 0.068450927734375 0.0268611907958984 0.00732040405273438
0.0220298767089844 0.050079345703125 0.0203933715820312 0.0374526977539063
0.0396537780761719 0.023651123046875 0.0613021850585938 0.0289039611816406
0.0384254455566406 -0.00201416015625 0.0691413879394531 -0.0112533569335937
0.0303058624267578 -0.0268821716308594 0.0532379150390625 -0.0509834289550781
0.0152854919433594 -0.0411872863769531 0.0262832641601563 -0.0634994506835938
0.0138206481933594 -0.0411605834960938 0.00983428955078125 -0.049774169921875
0.0158309936523437 -0.0479698181152344 0.00807952880859376 -0.0374069213867188
0.0338897705078125 -0.0438766479492188 0.00590896606445313 -0.0321788787841797
0.0561790466308594 -0.0210723876953125 -0.000904083251953122 -0.0216827392578125
0.0641975402832031 0.0153923034667969 0.00311851501464844 -0.0258102416992188
0.0367279052734375 0.0695953369140625 0.006011962890625 -0.0379714965820312
0.000556945800781251 0.0983047485351563 0.024261474609375 -0.0478134155273437
-0.0428848266601562 0.0945510864257813 0.0362892150878906 -0.0397796630859375
-0.0690231323242188 0.09130859375 0.0645484924316406 0.0235786437988281
-0.019317626953125 0.0929489135742188 0.0171489715576172 0.0332298278808594
0.0178146362304687 0.0837249755859375 0.015869140625 0.0494194030761719
0.0584182739257813 0.0474777221679687 0.0543174743652344 0.0389366149902344
0.0629501342773438 0.00394821166992188 0.0605697631835938 0.00198745727539063
0.0516738891601563 -0.0377693176269531 0.0479545593261719 -0.0338859558105469
0.0284423828125 -0.0564079284667969 0.0234107971191406 -0.0442924499511719
0.0253982543945313 -0.0547561645507813 0.00712013244628906 -0.0312938690185547
0.0284080505371094 -0.0634536743164063 0.00406837463378906 -0.0187263488769531
0.0464935302734375 -0.0550346374511719 -0.00233936309814453 -0.0171136856079102
0.0720291137695313 -0.0221176147460938 -0.0105915069580078 -0.00976848602294922
0.0764083862304688 0.020904541015625 -0.00631904602050781 -0.0184822082519531
0.0386734008789063 0.0829391479492187 -0.000829696655273432 -0.0307254791259766
-0.00642395019531251 0.110420227050781 0.0186061859130859 -0.0278358459472656
-0.056640625 0.09844970703125 0.0152921676635742 -0.0130481719970703
-0.0858306884765625 0.0818710327148438 0.0333747863769531 0.0549774169921875
-0.042572021484375 0.0975189208984375 9.91821289062512E-05 0.0585823059082031
0.00449371337890625 0.10235595703125 0.00634765625000001 0.0603790283203125
0.0614662170410156 0.0674400329589844 0.0406303405761719 0.0475082397460938
0.0760879516601563 0.0141677856445313 0.0452804565429688 0.0157318115234375
0.0663528442382813 -0.0401496887207031 0.0367355346679688 -0.0126724243164063
0.0382957458496094 -0.0633277893066406 0.0175724029541016 -0.0195350646972656
0.0336189270019531 -0.0605049133300781 0.00451421737670899 -0.00840759277343751
0.0365333557128906 -0.0700874328613281 -0.00169801712036133 0.00457477569580078
0.0539627075195313 -0.0579757690429688 -0.012359619140625 0.00217628479003906
0.0784378051757813 -0.0209197998046875 -0.0223598480224609 0.00317573547363281
0.0790939331054688 0.0248870849609375 -0.0157108306884766 -0.0119552612304688
0.0338287353515625 0.0868453979492188 -0.00443077087402343 -0.0240039825439453
-0.0163192749023438 0.109092712402344 0.0145788192749023 -0.00715351104736327
-0.065765380859375 0.0891036987304688 -0.00820446014404298 0.0148677825927734
-0.0867156982421875 0.0561065673828125 -0.000389099121093749 0.0790176391601563
-0.0581512451171875 0.0805130004882813 -0.0200271606445313 0.0774612426757812
-0.0129852294921875 0.0969467163085938 -0.0052490234375 0.0640106201171875
0.0493087768554688 0.0739974975585938 0.0203170776367188 0.05084228515625
0.0720748901367188 0.0229721069335938 0.0249519348144531 0.0268344879150391
0.0691680908203125 -0.0337448120117188 0.0207023620605469 0.00902938842773437
0.0419158935546875 -0.0582084655761719 0.00964736938476563 0.00676441192626953
0.036712646484375 -0.0554008483886719 -0.000526428222656248 0.0158910751342773
0.0390357971191406 -0.0659065246582031 -0.00692939758300781 0.0274333953857422
0.0547676086425781 -0.0534019470214844 -0.0227870941162109 0.0209560394287109
0.0766754150390625 -0.014923095703125 -0.0336170196533203 0.0144538879394531
0.0718612670898438 0.0288314819335938 -0.0247077941894531 -0.00604057312011719
0.0212173461914062 0.084014892578125 -0.00755500793457031 -0.0189228057861328
-0.0280075073242188 0.0946197509765625 0.00957298278808594 0.00959968566894532
-0.0702896118164063 0.0680046081542969 -0.0340652465820313 0.0373077392578125
-0.0703887939453125 0.0211639404296875 -0.0308761596679688 0.0927963256835938
-0.0571327209472656 0.0456619262695313 -0.036895751953125 0.0869598388671875
-0.0268478393554687 0.0689659118652344 -0.0141830444335937 0.0615386962890625
0.0270576477050781 0.0632057189941406 0.003082275390625 0.0477371215820313
0.0534248352050781 0.0254325866699219 0.00529670715332032 0.0314178466796875
0.0580902099609375 -0.0217514038085938 0.00314521789550781 0.0256996154785156
0.0378303527832031 -0.043670654296875 1.90734863281377E-06 0.0299453735351562
0.0327262878417969 -0.0432281494140625 -0.00484085083007812 0.0374946594238281
0.0368576049804688 -0.05194091796875 -0.0126380920410156 0.0479087829589844
0.0483970642089844 -0.0418930053710938 -0.032745361328125 0.0381965637207031
0.0647697448730469 -0.00787734985351562 -0.0440864562988281 0.02392578125
0.0573387145996094 0.0299530029296875 -0.0346584320068359 -0.00311851501464844
0.0074615478515625 0.073028564453125 -0.011962890625 -0.0167207717895508
-0.0372772216796875 0.0713424682617188 0.00141143798828125 0.0220127105712891
-0.06671142578125 0.0372657775878906 -0.0584526062011719 0.0522308349609375
-0.0427665710449219 -0.0185127258300781 -0.05035400390625 0.0933609008789063
-0.0457611083984375 0.00605010986328124 -0.0451812744140625 0.0855560302734375
-0.0322399139404297 0.0293464660644531 -0.0167579650878906 0.0551719665527344
0.0025482177734375 0.0402488708496094 -0.0084228515625 0.0423660278320313
0.0262565612792969 0.0226573944091797 -0.00774955749511718 0.0321044921875
0.0370140075683594 -0.006561279296875 -0.0074615478515625 0.0361518859863281
0.027099609375 -0.0228252410888672 -0.0075836181640625 0.04632568359375
0.0240325927734375 -0.0242042541503906 -0.00849151611328124 0.0530281066894531
0.0279388427734375 -0.0312919616699219 -0.0195159912109375 0.0628738403320312
0.0353164672851563 -0.025604248046875 -0.0422210693359375 0.05059814453125
0.0458717346191406 -0.0005645751953125 -0.0534286499023438 0.0293693542480469
0.0376625061035156 0.0260009765625 -0.0437698364257813 -0.00250244140625
-0.00588226318359375 0.0528907775878906 -0.017115592956543 -0.0171098709106445
-0.0407257080078125 0.0394020080566406 -0.00890159606933594 0.0274200439453125
-0.0543479919433594 0.002838134765625 -0.081512451171875 0.0562667846679687
0.0230159759521484 0.0307273864746094 0.0835342407226563 -0.0595245361328125
0.0348052978515625 -0.00661277770996094 0.0227489471435547 -0.0259952545166016
0.00589370727539063 -0.0233898162841797 0.0179557800292969 0.0190792083740234
-0.0137300491333008 -0.0170574188232422 0.0558700561523438 0.0116996765136719
-0.0186939239501953 -0.00295829772949219 0.0612907409667969 -0.0293350219726563
-0.015894889831543 0.00911712646484375 0.0419540405273438 -0.0654373168945313
-0.0133266448974609 0.00596141815185547 0.0160980224609375 -0.0754470825195313
-0.0147876739501953 0.0023956298828125 0.00499725341796876 -0.0624732971191406
-0.0167093276977539 0.000795364379882812 0.00545883178710938 -0.0530166625976562
-0.0121536254882812 -0.0123615264892578 0.0100288391113281 -0.044036865234375
0.000331878662109373 -0.0210399627685547 0.00933074951171875 -0.0367774963378906
0.0206375122070313 -0.0153980255126953 0.0129623413085938 -0.041229248046875
0.0341930389404297 0.00829887390136719 0.0211906433105469 -0.05316162109375
0.029693603515625 0.0351486206054688 0.0369033813476563 -0.0791854858398438
0.0120697021484375 0.0501937866210938 0.0539169311523437 -0.0860061645507813
-0.00533676147460938 0.0629348754882813 0.0897445678710938 -0.0418624877929687
0.0250110626220703 0.0306930541992188 0.0277442932128906 -0.0154247283935547
0.0176563262939453 0.010955810546875 0.0224399566650391 0.0251655578613281
0.0142745971679688 -0.000789642333984375 0.0612983703613281 0.01568603515625
0.00858688354492188 -0.00591802597045899 0.0659217834472656 -0.0235710144042969
0.00485706329345703 -0.012120246887207 0.0477867126464844 -0.0644989013671875
-0.000436782836914064 -0.0194587707519531 0.0202789306640625 -0.0745849609375
-0.00197601318359375 -0.0214157104492188 0.00532150268554688 -0.0600128173828125
-0.00154495239257812 -0.0266799926757812 0.00570297241210937 -0.0499076843261719
0.010406494140625 -0.0297908782958984 0.00770950317382813 -0.0415687561035156
0.0296955108642578 -0.0217208862304687 0.00537872314453125 -0.0320930480957031
0.0447120666503906 0.00072479248046875 0.00953292846679688 -0.0340423583984375
0.0363388061523438 0.0415382385253906 0.01165771484375 -0.0454025268554688
0.01763916015625 0.0713958740234375 0.0297966003417969 -0.0670814514160156
-0.0158615112304688 0.0788345336914062 0.0470733642578125 -0.0683937072753906
-0.0352554321289063 0.0869903564453125 0.0835647583007812 -0.0140380859375
0.00942611694335938 0.0670242309570313 0.0270233154296875 0.00642585754394532
0.02593994140625 0.0481834411621094 0.0230827331542969 0.0366668701171875
0.0422439575195313 0.0213851928710938 0.0628929138183594 0.0264739990234375
0.0381927490234375 -0.00622940063476563 0.0677108764648438 -0.0155563354492188
0.0284767150878906 -0.0300426483154297 0.0487442016601562 -0.0543174743652344
0.0122032165527344 -0.0423965454101563 0.02044677734375 -0.0644264221191406
0.0109710693359375 -0.0419082641601563 0.00585174560546876 -0.0494270324707031
0.0114784240722656 -0.0480308532714844 0.00449371337890625 -0.0377349853515625
0.0297203063964844 -0.0466232299804687 0.002349853515625 -0.0326919555664063
0.0543289184570313 -0.0247650146484375 -0.00211906433105469 -0.0220165252685547
0.06463623046875 0.00999069213867188 0.00257301330566407 -0.0270709991455078
0.0402908325195313 0.0660972595214844 0.00412368774414063 -0.0388221740722656
0.00814056396484374 0.0975875854492188 0.0219001770019531 -0.0497970581054688
-0.0366134643554688 0.0974502563476563 0.0337066650390625 -0.0437393188476562
-0.0609970092773438 0.0957794189453125 0.0674896240234375 0.0194664001464844
-0.0129928588867188 0.0932388305664063 0.0191936492919922 0.0308952331542969
0.02447509765625 0.0821762084960938 0.0180206298828125 0.0492134094238281
0.0623130798339844 0.0428848266601563 0.0564918518066406 0.0355491638183594
0.0634994506835938 -0.000659942626953125 0.0607757568359375 -0.00115585327148438
0.0484733581542969 -0.0425643920898438 0.046875 -0.0368843078613281
0.0244712829589844 -0.0583038330078125 0.0198249816894531 -0.0457534790039063
0.0207252502441406 -0.0560531616210937 0.00487709045410156 -0.0323696136474609
0.0228843688964844 -0.0651435852050781 0.00290298461914063 -0.0194263458251953
0.0415382385253906 -0.058990478515625 -0.00464534759521484 -0.0174722671508789
0.0703353881835938 -0.0269546508789063 -0.0116729736328125 -0.0106077194213867
0.0778045654296875 0.0140457153320313 -0.00602531433105468 -0.0193710327148437
0.04510498046875 0.0792617797851563 -0.00185966491699218 -0.0299549102783203
0.00193023681640625 0.110061645507813 0.0173492431640625 -0.0289707183837891
-0.049774169921875 0.1016845703125 0.0142402648925781 -0.0148887634277344
-0.079925537109375 0.0872344970703125 0.03802490234375 0.0513076782226563
-0.0353775024414062 0.100563049316406 0.003570556640625 0.0576057434082031
0.0125732421875 0.100067138671875 0.00859832763671876 0.0595970153808594
0.0660781860351562 0.0619239807128906 0.0409202575683594 0.0459213256835938
0.0750961303710938 0.00830078125 0.0459213256835938 0.013153076171875
0.0629425048828125 -0.0465164184570313 0.0368385314941406 -0.0148849487304688
0.0332794189453125 -0.0657844543457031 0.0158824920654297 -0.0202827453613281
0.0286903381347656 -0.0611724853515625 0.00287914276123047 -0.00839757919311524
0.0310745239257813 -0.0713043212890625 -0.00150728225708008 0.00335264205932617
0.0481109619140625 -0.063812255859375 -0.0131216049194336 0.00219249725341797
0.0779190063476563 -0.0276641845703125 -0.0226802825927734 0.0046234130859375
0.08050537109375 0.0186004638671875 -0.0160160064697266 -0.0122270584106445
0.0407867431640625 0.0833587646484375 -0.00589942932128906 -0.0228843688964844
-0.00634765624999999 0.109245300292969 0.0149154663085938 -0.00893211364746093
-0.0587692260742188 0.0928955078125 -0.00780010223388672 0.0130367279052734
-0.08135986328125 0.0620803833007813 0.00618743896484374 0.07861328125
-0.0513153076171875 0.0833892822265625 -0.0140151977539063 0.0777969360351562
-0.00535583496093749 0.09710693359375 -0.00225067138671875 0.0642929077148438
0.0547370910644531 0.0689659118652344 0.0226097106933594 0.0499801635742188
0.0728836059570313 0.0168838500976563 0.0264396667480469 0.0258731842041016
0.0650863647460938 -0.039764404296875 0.0216102600097656 0.00719642639160156
0.0365676879882813 -0.0615043640136719 0.00988197326660156 0.00653266906738281
0.0315437316894531 -0.0575294494628906 0.000659942626953127 0.0150156021118164
0.0335731506347656 -0.0683784484863281 -0.00564956665039062 0.0274429321289062
0.0493736267089844 -0.0580978393554688 -0.0215339660644531 0.0218734741210937
0.0745010375976563 -0.0208969116210938 -0.0313034057617188 0.0166282653808594
0.07440185546875 0.0233306884765625 -0.0239543914794922 -0.00522994995117187
0.0288162231445313 0.08160400390625 -0.00789833068847656 -0.0195083618164062
-0.0198135375976563 0.0948562622070312 0.0107192993164063 0.00855731964111329
-0.0643463134765625 0.0728378295898438 -0.0309410095214844 0.0380058288574219
-0.0674667358398438 0.0271263122558594 -0.0254440307617187 0.0956268310546875
-0.0542335510253906 0.0504493713378906 -0.0311279296875 0.087860107421875
-0.02239990234375 0.0718765258789062 -0.0110816955566406 0.063079833984375
0.03326416015625 0.0612030029296875 0.00438308715820313 0.0485267639160156
0.055206298828125 0.0217552185058594 0.00685119628906251 0.0315265655517578
0.0556869506835938 -0.0259475708007813 0.00616455078125 0.0264739990234375
0.032623291015625 -0.0464935302734375 0.00364875793457031 0.03106689453125
0.0282096862792969 -0.0464553833007812 -0.00207138061523438 0.0376853942871094
0.0310211181640625 -0.0562782287597656 -0.00957489013671874 0.0461997985839844
0.0428581237792969 -0.0449104309082031 -0.02984619140625 0.0403518676757813
0.0646171569824219 -0.0137672424316406 -0.0421295166015625 0.0272636413574219
0.0605926513671875 0.0252342224121094 -0.0329437255859375 -0.00178527832031249
0.013092041015625 0.0713729858398438 -0.0119104385375977 -0.0163965225219727
-0.03125 0.07318115234375 0.00385475158691406 0.0197868347167969
-0.0625152587890625 0.0420036315917969 -0.0553398132324219 0.0544281005859375
-0.0433998107910156 -0.013671875 -0.0419464111328125 0.0972671508789062
-0.0451164245605469 0.00883865356445313 -0.0388336181640625 0.0880203247070313
-0.0304126739501953 0.0328845977783203 -0.015289306640625 0.0568695068359375
0.00640487670898438 0.0381240844726563 -0.00645065307617188 0.0440940856933594
0.0279312133789062 0.0209236145019531 -0.00515556335449219 0.0326595306396484
0.03594970703125 -0.00931930541992188 -0.00384902954101562 0.0365715026855469
0.0252532958984375 -0.0246372222900391 -0.00285720825195313 0.0453109741210937
0.0214595794677734 -0.0265464782714844 -0.00504684448242187 0.0527915954589844
0.0246543884277344 -0.0334339141845703 -0.0151939392089844 0.0626983642578125
0.0331916809082031 -0.0288505554199219 -0.0384788513183594 0.0527114868164062
0.0456123352050781 -0.00560760498046875 -0.0511054992675781 0.0329742431640625
0.0396194458007813 0.0233078002929688 -0.0437431335449219 -0.000217437744140618
-0.0021209716796875 0.052642822265625 -0.0176906585693359 -0.0154800415039062
-0.0368537902832031 0.0419044494628906 -0.00621414184570313 0.0268173217773438
-0.0538063049316406 0.00692367553710937 -0.0773773193359375 0.06158447265625
0.023468017578125 0.0286178588867187 0.079193115234375 -0.0626449584960938
0.0324554443359375 -0.00885772705078125 0.0199680328369141 -0.0276870727539063
0.00558853149414062 -0.0230922698974609 0.0182228088378906 0.0180130004882813
-0.0146770477294922 -0.0155067443847656 0.0558433532714844 0.0092315673828125
-0.0185565948486328 -0.000881195068359373 0.060150146484375 -0.0302696228027344
-0.0160160064697266 0.00978374481201172 0.0389251708984375 -0.064605712890625
-0.0126371383666992 0.00696372985839844 0.013397216796875 -0.074127197265625
-0.014155387878418 0.0042877197265625 0.00224685668945313 -0.0613975524902344
-0.0170745849609375 0.00176143646240235 0.00282669067382813 -0.0524520874023438
-0.0134353637695313 -0.0104513168334961 0.006591796875 -0.0432205200195313
-0.000871658325195314 -0.0201416015625 0.00729751586914063 -0.037139892578125
0.0195102691650391 -0.0164070129394531 0.0124778747558594 -0.0412216186523438
0.0343551635742187 0.00670051574707031 0.0192108154296875 -0.0531082153320313
0.0310459136962891 0.0336647033691406 0.0346450805664063 -0.0801239013671875
0.0129814147949219 0.0485191345214844 0.0497283935546875 -0.0881576538085938
-0.00281524658203125 0.0625228881835938 0.0871429443359375 -0.0450439453125
0.0268039703369141 0.0291996002197266 0.0259666442871094 -0.0161170959472656
0.0192089080810547 0.00998687744140625 0.0221805572509766 0.0254173278808594
0.01409912109375 -0.00129032135009766 0.0615577697753906 0.01470947265625
0.00908470153808594 -0.00623989105224609 0.0655975341796875 -0.0258674621582031
0.00400924682617188 -0.0116901397705078 0.0447120666503906 -0.0637321472167969
-0.00162315368652344 -0.0192375183105469 0.0159759521484375 -0.0741424560546875
-0.00290107727050781 -0.02020263671875 0.00293350219726562 -0.059844970703125
-0.00366592407226563 -0.0253200531005859 0.00323486328125 -0.0492630004882813
0.00815582275390625 -0.0297622680664063 0.0054931640625 -0.0419464111328125
0.0284957885742187 -0.0225315093994141 0.00393104553222656 -0.0328273773193359
0.043975830078125 -0.00123214721679688 0.00873184204101563 -0.0351352691650391
0.0378608703613281 0.0397453308105469 0.01165771484375 -0.0463294982910156
0.0199546813964844 0.0700836181640625 0.0272445678710938 -0.0672111511230469
-0.0120010375976562 0.077667236328125 0.0437393188476563 -0.0706863403320313
-0.03204345703125 0.086334228515625 0.0823211669921875 -0.0188751220703125
0.0122909545898437 0.0661277770996094 0.0261173248291016 0.00411415100097657
0.0279312133789063 0.0469017028808594 0.0223464965820312 0.0357475280761719
0.0424118041992187 0.01788330078125 0.0626068115234375 0.0235519409179687
0.0371932983398438 -0.0071563720703125 0.0662307739257813 -0.0165176391601563
0.0252265930175781 -0.0312423706054688 0.0465507507324219 -0.055328369140625
0.009857177734375 -0.0416297912597656 0.017608642578125 -0.0644721984863281
0.00798797607421875 -0.0413169860839844 0.00231170654296875 -0.0487174987792969
0.00925064086914062 -0.0487098693847656 0.00262451171875 -0.0370941162109375
0.0258331298828125 -0.0472145080566406 -0.000209808349609372 -0.0327262878417969
0.0522613525390625 -0.0267410278320313 -0.00400352478027343 -0.0230045318603516
0.06488037109375 0.006683349609375 0.00190353393554688 -0.0284385681152344
0.0443229675292969 0.0628471374511719 0.00386810302734375 -0.0386810302734375
0.0127716064453125 0.0950241088867188 0.020172119140625 -0.0495681762695313
-0.0314102172851563 0.097381591796875 0.0302009582519531 -0.0460357666015625
-0.0564498901367188 0.09698486328125 0.0662345886230469 0.0154457092285156
-0.007720947265625 0.09136962890625 0.0194282531738281 0.0299625396728516
0.0276641845703125 0.0800704956054688 0.0183944702148438 0.0482101440429688
0.0631828308105469 0.03851318359375 0.0558547973632813 0.0343475341796875
0.0621871948242188 -0.00414276123046875 0.0597343444824219 -0.00244140625
0.0450286865234375 -0.0443992614746094 0.0439491271972656 -0.0384101867675781
0.0208663940429688 -0.0589637756347656 0.0179710388183594 -0.0456390380859375
0.0182037353515625 -0.0559844970703125 0.00238800048828125 -0.0314292907714844
0.0187568664550781 -0.0655441284179688 0.00076103210449219 -0.0189361572265625
0.037567138671875 -0.0597114562988281 -0.00672435760498047 -0.0166463851928711
0.0677413940429688 -0.0315437316894531 -0.0128717422485352 -0.00990390777587891
0.077362060546875 0.0099639892578125 -0.00691795349121093 -0.0202770233154297
0.0485382080078125 0.0754318237304688 -0.0018768310546875 -0.0308666229248047
0.00795745849609376 0.107231140136719 0.0159587860107422 -0.0296611785888672
-0.044281005859375 0.103286743164063 0.0129070281982422 -0.0164833068847656
-0.0738525390625 0.0896987915039062 0.04034423828125 0.0495529174804688
-0.0303802490234375 0.0993881225585938 0.00608444213867187 0.0549964904785156
0.0165786743164063 0.0990371704101563 0.00979614257812501 0.0591506958007813
0.0693244934082031 0.0575981140136719 0.04229736328125 0.0443611145019531
0.0755462646484375 0.00371551513671875 0.0456504821777344 0.0122947692871094
0.0587272644042969 -0.0480308532714844 0.0357208251953125 -0.0153732299804688
0.0296287536621094 -0.0663032531738281 0.0149421691894531 -0.0212059020996094
0.0254249572753906 -0.0630416870117188 0.00177383422851563 -0.00914669036865235
0.0258026123046875 -0.0730972290039063 -0.00116705894470215 0.00360965728759765
0.0440635681152344 -0.064056396484375 -0.0133094787597656 0.002777099609375
0.0744247436523438 -0.0310592651367187 -0.0212192535400391 0.0038299560546875
0.0806961059570312 0.013458251953125 -0.0151996612548828 -0.0116281509399414
0.044189453125 0.0803756713867188 -0.00559806823730468 -0.0238742828369141
-0.00144195556640626 0.1065673828125 0.0144968032836914 -0.00991058349609374
-0.054473876953125 0.0946044921875 -0.00730133056640625 0.0132417678833008
-0.0764541625976563 0.0653839111328125 0.00933837890625 0.077667236328125
-0.046875 0.0843353271484375 -0.0115737915039062 0.0763626098632813
-0.00135040283203125 0.0959548950195313 -0.0010528564453125 0.0631523132324219
0.0579490661621094 0.0655059814453125 0.0235748291015625 0.0503997802734375
0.0731201171875 0.0131454467773437 0.0268363952636719 0.0245265960693359
0.0622596740722656 -0.0422248840332031 0.0226802825927734 0.00673294067382812
0.0331077575683594 -0.062286376953125 0.0106325149536133 0.00528717041015625
0.0284194946289062 -0.0589981079101563 0.000787734985351564 0.0145807266235352
0.0288963317871094 -0.0701675415039063 -0.00422286987304687 0.0266933441162109
0.0447921752929688 -0.0595932006835938 -0.0209026336669922 0.022186279296875
0.0727462768554688 -0.025177001953125 -0.0307197570800781 0.0175323486328125
0.0743026733398438 0.0181045532226563 -0.0234813690185547 -0.00508308410644531
0.0322952270507812 0.0794143676757813 -0.00834083557128906 -0.018524169921875
-0.014923095703125 0.0945510864257813 0.0111627578735352 0.00743770599365235
-0.0606536865234375 0.0739517211914062 -0.0289421081542969 0.0379638671875
-0.0653190612792969 0.0287094116210938 -0.0187530517578125 0.0952301025390625
-0.0499725341796875 0.0518913269042969 -0.0272598266601563 0.087432861328125
-0.0184173583984375 0.0709609985351563 -0.0105400085449219 0.0620803833007813
0.0353813171386719 0.0583343505859375 0.00611495971679688 0.0488548278808594
0.0556144714355469 0.0183677673339844 0.00819778442382813 0.0309581756591797
0.0534629821777344 -0.0288505554199219 0.00839996337890625 0.0243358612060547
0.0309028625488281 -0.0475387573242188 0.00446891784667969 0.0286712646484375
0.0261459350585937 -0.04705810546875 -0.000225067138671876 0.0363540649414062
0.0286521911621094 -0.0562248229980469 -0.0074462890625 0.0472946166992187
0.0405426025390625 -0.0475654602050781 -0.0279083251953125 0.0402641296386719
0.0628509521484375 -0.0165596008300781 -0.0402145385742187 0.0282669067382813
0.0600776672363281 0.0212669372558594 -0.0331687927246094 -0.000728607177734368
0.0158767700195313 0.0701217651367188 -0.0126008987426758 -0.0162038803100586
-0.0270843505859375 0.0731430053710938 0.00517845153808594 0.0203113555908203
-0.0606422424316406 0.0433998107910156 -0.0521926879882813 0.056671142578125
-0.0425796508789063 -0.0115890502929688 -0.0378189086914063 0.0991134643554688
-0.042572021484375 0.0112342834472656 -0.0358810424804688 0.08892822265625
-0.0283851623535156 0.0326728820800781 -0.0132675170898438 0.056427001953125
0.00823974609375 0.03936767578125 -0.0053863525390625 0.0447158813476563
0.0284061431884766 0.0185718536376953 -0.00331687927246093 0.0336704254150391
0.0348320007324219 -0.0120429992675781 -0.00155258178710937 0.0366859436035156
0.0236358642578125 -0.0262317657470703 -0.000919342041015619 0.0454063415527344
0.0205783843994141 -0.0269069671630859 -0.0025634765625 0.0510482788085938
0.0233402252197266 -0.0348529815673828 -0.0111923217773438 0.06182861328125
0.031097412109375 -0.0299854278564453 -0.0355453491210938 0.0530815124511719
0.045623779296875 -0.0071868896484375 -0.0489158630371094 0.0344810485839844
0.0401878356933594 0.0209312438964844 -0.0423202514648438 0.00127792358398437
0.00153350830078126 0.0525093078613281 -0.0178470611572266 -0.0159015655517578
-0.0342750549316406 0.0426559448242187 -0.005279541015625 0.0268688201904297
-0.0524520874023438 0.007781982421875 -0.07330322265625 0.0633468627929688
0.0237808227539063 0.0281944274902344 0.078094482421875 -0.0645751953125
0.0326347351074219 -0.00930976867675781 0.0182781219482422 -0.0280685424804687
0.00552177429199219 -0.0227088928222656 0.0180416107177734 0.0188579559326172
-0.0146875381469727 -0.0145254135131836 0.0557975769042969 0.0084228515625
-0.0185508728027344 -0.000375747680664063 0.0596656799316406 -0.0309371948242188
-0.0156545639038086 0.0106296539306641 0.0375022888183594 -0.0653343200683594
-0.011474609375 0.00716495513916016 0.0115203857421875 -0.0738677978515625
-0.0140724182128906 0.00487518310546875 0.000350952148437496 -0.0609626770019531
-0.0171098709106445 0.00267124176025391 0.000911712646484373 -0.0522270202636719
-0.0135812759399414 -0.0100221633911133 0.0048828125 -0.0437126159667969
-0.00171852111816406 -0.0199203491210938 0.00635147094726563 -0.0384445190429688
0.0182762145996094 -0.0169601440429688 0.0112991333007813 -0.0425796508789063
0.0342769622802734 0.00580978393554688 0.019805908203125 -0.05322265625
0.0319480895996094 0.0333576202392578 0.033599853515625 -0.08056640625
0.0143623352050781 0.0483322143554688 0.0481338500976563 -0.0902786254882813
-0.00191497802734375 0.0623092651367188 0.0859146118164063 -0.0478591918945312
0.0273723602294922 0.0283565521240234 0.0251140594482422 -0.0167446136474609
0.0198631286621094 0.00950050354003906 0.021820068359375 0.0260467529296875
0.0142660140991211 -0.00203895568847656 0.0615997314453125 0.0131416320800781
0.00842618942260742 -0.00612735748291016 0.0650215148925781 -0.0268821716308594
0.00333595275878906 -0.0117673873901367 0.0428390502929688 -0.0647621154785156
-0.00250434875488281 -0.0191516876220703 0.0139923095703125 -0.0737457275390625
-0.00370597839355469 -0.0196151733398438 0.000919342041015626 -0.0589599609375
-0.00459861755371094 -0.0247840881347656 0.0016632080078125 -0.0488929748535156
0.00731849670410156 -0.0299472808837891 0.00318527221679687 -0.0421562194824219
0.0272712707519531 -0.0232524871826172 0.00301742553710938 -0.0332965850830078
0.0438499450683594 -0.00250244140625 0.0084075927734375 -0.0366592407226563
0.0386085510253906 0.0388221740722656 0.0122146606445313 -0.0459175109863281
0.0214080810546875 0.0691719055175781 0.0265159606933594 -0.0678367614746094
-0.0102386474609375 0.0788497924804688 0.0420455932617188 -0.072601318359375
-0.0296096801757813 0.0876846313476563 0.0822830200195313 -0.0201568603515625
0.0135383605957031 0.0649147033691406 0.0256824493408203 0.0028839111328125
0.0290756225585938 0.046173095703125 0.0218734741210938 0.0366325378417969
0.0432205200195313 0.0162391662597656 0.0627250671386719 0.0231552124023438
0.0373725891113281 -0.00864791870117188 0.0653343200683594 -0.0170555114746094
0.0240039825439453 -0.0317916870117188 0.0455589294433594 -0.0555992126464844
0.00856399536132813 -0.0428619384765625 0.0155906677246094 -0.0643882751464844
0.00719833374023438 -0.0413322448730469 0.000961303710937505 -0.0488014221191406
0.00731658935546875 -0.0488700866699219 0.000591278076171877 -0.0373878479003906
0.0238037109375 -0.0474586486816406 -0.00162506103515625 -0.0325660705566406
0.0506362915039062 -0.0285110473632813 -0.004791259765625 -0.0235862731933594
0.0649452209472656 0.00475692749023438 0.00144386291503906 -0.0300102233886719
0.0459136962890625 0.0618438720703125 0.00391387939453125 -0.0387344360351562
0.0156021118164062 0.0947418212890625 0.0198516845703125 -0.0500679016113281
-0.0288543701171875 0.0980453491210938 0.0288314819335937 -0.0477790832519531
-0.053985595703125 0.0986404418945313 0.0669097900390625 0.0135383605957031
-0.00545501708984374 0.0909500122070313 0.0194854736328125 0.0283164978027344
0.029998779296875 0.0788955688476563 0.0179595947265625 0.0484848022460938
0.0648269653320313 0.0363349914550781 0.0560111999511719 0.0341682434082031
0.0620536804199219 -0.006134033203125 0.0592994689941406 -0.002838134765625
0.0435028076171875 -0.0459060668945312 0.0437431335449219 -0.0385513305664063
0.0187339782714844 -0.0594749450683594 0.0160446166992188 -0.0467910766601563
0.0163116455078125 -0.0567779541015625 0.00092887878417969 -0.0311470031738281
0.0163230895996094 -0.0659027099609375 -0.000244140624999997 -0.0190525054931641
0.0345954895019531 -0.0601081848144531 -0.00792121887207031 -0.016998291015625
0.0658416748046875 -0.0333404541015625 -0.0131139755249023 -0.0100364685058594
0.0780410766601563 0.00719451904296875 -0.00707244873046874 -0.0213718414306641
0.0508880615234375 0.0739517211914062 -0.00186920166015624 -0.0309276580810547
0.0111770629882813 0.107177734375 0.0162105560302734 -0.0302314758300781
-0.04241943359375 0.103919982910156 0.0115489959716797 -0.0183792114257812
-0.071258544921875 0.0912246704101563 0.0417251586914062 0.0479393005371094
-0.027496337890625 0.0991668701171875 0.00629043579101563 0.0544776916503906
0.019775390625 0.0982131958007812 0.00904846191406251 0.0590782165527344
0.0705718994140625 0.0550308227539063 0.0425491333007813 0.0444755554199219
0.0756607055664063 0.00148773193359375 0.0459442138671875 0.0125846862792969
0.0569534301757813 -0.0508232116699219 0.0360374450683594 -0.0166206359863281
0.0264205932617188 -0.0674057006835938 0.014495849609375 -0.0216751098632813
0.0226974487304688 -0.0630531311035156 0.00102615356445313 -0.009613037109375
0.02294921875 -0.0736312866210938 -0.00165820121765137 0.00328564643859863
0.040802001953125 -0.0651702880859375 -0.0142278671264648 0.00263595581054687
0.07257080078125 -0.0339813232421875 -0.0216388702392578 0.00437736511230468
0.0811538696289063 0.0105819702148438 -0.0153532028198242 -0.0130233764648438
0.0464248657226563 0.0789642333984375 -0.00568389892578125 -0.0246124267578125
0.00203704833984375 0.106414794921875 0.0147418975830078 -0.010650634765625
-0.0517196655273437 0.0966110229492188 -0.00740623474121094 0.0119171142578125
-0.0744781494140625 0.0674896240234375 0.01141357421875 0.0773696899414063
-0.0438919067382813 0.0844268798828125 -0.0107574462890625 0.0759735107421875
0.000747680664062493 0.0959625244140625 -0.000980377197265622 0.0636482238769531
0.0598907470703125 0.0632972717285156 0.0238037109375 0.0501518249511719
0.0730972290039063 0.0107955932617188 0.0274314880371094 0.0252876281738281
0.0599708557128906 -0.0447807312011719 0.0235157012939453 0.00600433349609375
0.0310478210449219 -0.0633125305175781 0.0102758407592773 0.00453472137451172
0.0262184143066406 -0.0600166320800781 0.000406265258789063 0.0138626098632812
0.0266036987304687 -0.0704421997070313 -0.0037994384765625 0.026092529296875
0.0424613952636719 -0.06097412109375 -0.0207500457763672 0.0224704742431641
0.071624755859375 -0.0283355712890625 -0.0302162170410156 0.0182361602783203
0.075164794921875 0.0158462524414062 -0.0234813690185547 -0.00581550598144531
0.034637451171875 0.0778350830078125 -0.00891304016113281 -0.0196380615234375
-0.0112152099609375 0.0946502685546875 0.0115728378295898 0.00670337677001954
-0.0587234497070313 0.0755233764648437 -0.0282554626464844 0.0380821228027344
-0.0633392333984375 0.0304946899414063 -0.0166549682617188 0.0959091186523438
-0.0487709045410156 0.0521965026855469 -0.0264358520507812 0.0879745483398438
-0.0160369873046875 0.0717239379882813 -0.0102920532226562 0.0624427795410156
0.03680419921875 0.0574264526367187 0.006500244140625 0.0496444702148438
0.0557441711425781 0.0166664123535156 0.00934219360351563 0.0317535400390625
0.0520668029785156 -0.0314369201660156 0.00988769531250001 0.0243110656738281
0.0289268493652344 -0.0491943359375 0.00527381896972657 0.0284099578857422
0.0247726440429687 -0.0477027893066406 -0.000350952148437498 0.0357513427734375
0.02655029296875 -0.0570945739746094 -0.006011962890625 0.046356201171875
0.0390892028808594 -0.0489006042480469 -0.0277366638183594 0.040496826171875
0.0624275207519531 -0.0191688537597656 -0.0392112731933594 0.0289230346679687
0.061126708984375 0.0196113586425781 -0.0325660705566406 -0.000669479370117179
0.0188369750976563 0.0693893432617188 -0.0127248764038086 -0.0163497924804687
-0.0246505737304688 0.0731353759765625 0.00486564636230469 0.0193920135498047
-0.0600128173828125 0.0453605651855469 -0.0507736206054688 0.0567054748535156
-0.0416641235351562 -0.0108299255371094 -0.035186767578125 0.100814819335938
-0.0420761108398438 0.0120468139648437 -0.0342025756835938 0.0893173217773438
-0.0273990631103516 0.0338516235351563 -0.0134735107421875 0.0567855834960938
0.00964736938476563 0.0387458801269531 -0.00461959838867187 0.0457763671875
0.0289878845214844 0.0173702239990234 -0.00301551818847656 0.0345573425292969
0.0342082977294922 -0.0133495330810547 -0.000480651855468747 0.0362472534179687
0.022308349609375 -0.0268173217773438 0.000770568847656249 0.0452003479003906
0.0192375183105469 -0.0279655456542969 -0.000709533691406245 0.0511550903320313
0.0220489501953125 -0.0358085632324219 -0.00999832153320312 0.0615119934082031
0.0302085876464844 -0.0304145812988281 -0.0350608825683594 0.0537948608398438
0.0454292297363281 -0.00928878784179688 -0.0478324890136719 0.0357894897460937
0.041351318359375 0.0195426940917969 -0.0422554016113281 0.00125122070312501
0.00315093994140625 0.0521888732910156 -0.0182418823242187 -0.0160140991210938
-0.0328445434570312 0.0432472229003906 -0.00444602966308594 0.0266056060791016
-0.052490234375 0.0090789794921875 -0.07135009765625 0.0643386840820313
0.0243053436279297 0.02850341796875 0.077484130859375 -0.0672225952148438
0.0332527160644531 -0.0106086730957031 0.0171699523925781 -0.0287380218505859
0.005340576171875 -0.0232658386230469 0.0182933807373047 0.0197162628173828
-0.0154495239257813 -0.0146894454956055 0.0570907592773437 0.00812149047851562
-0.0192356109619141 0.000101089477539065 0.0599746704101562 -0.0322647094726563
-0.0155172348022461 0.0114068984985352 0.0367698669433594 -0.0661239624023438
-0.0120687484741211 0.00835132598876953 0.00942230224609374 -0.0745773315429688
-0.0141582489013672 0.00597000122070312 -0.00109863281250001 -0.0608940124511719
-0.0171871185302734 0.00373268127441406 -0.000968933105468748 -0.0528068542480469
-0.0144157409667969 -0.00919628143310547 0.00350570678710937 -0.0445709228515625
-0.00184249877929688 -0.0201053619384766 0.00548553466796875 -0.0397987365722656
0.0181961059570313 -0.0177154541015625 0.0113563537597656 -0.0440864562988281
0.0343589782714844 0.00498390197753906 0.0208473205566406 -0.054718017578125
0.0334434509277344 0.0333232879638672 0.0331649780273438 -0.082763671875
0.0153999328613281 0.0490875244140625 0.0472564697265625 -0.0941009521484375
-0.000373840332031255 0.0643234252929688 0.086517333984375 -0.0502166748046875
0.0283737182617187 0.0278244018554688 0.0244655609130859 -0.0177478790283203
0.0208282470703125 0.0096282958984375 0.021514892578125 0.0266246795654297
0.014556884765625 -0.00255012512207031 0.0628814697265625 0.0134544372558594
0.00872182846069336 -0.00666046142578125 0.0661239624023438 -0.0278205871582031
0.00301265716552734 -0.0122613906860352 0.0428695678710938 -0.0656890869140625
-0.00300788879394531 -0.0193290710449219 0.01220703125 -0.0749588012695313
-0.00454330444335937 -0.0193920135498047 -0.000980377197265628 -0.0594406127929687
-0.00543975830078125 -0.0247554779052734 -0.000499725341796873 -0.0497016906738281
0.00574493408203125 -0.0300407409667969 0.00177764892578125 -0.0428466796875
0.0273265838623047 -0.0239124298095703 0.00201606750488282 -0.0343341827392578
0.0439338684082031 -0.0038604736328125 0.00802993774414063 -0.0390357971191406
0.0400161743164063 0.0387306213378906 0.0129508972167969 -0.0469245910644531
0.0236549377441406 0.0701446533203125 0.026214599609375 -0.0692367553710938
-0.00893402099609375 0.0810546875 0.0413665771484375 -0.0767898559570313
-0.0286712646484375 0.0896530151367187 0.0831069946289062 -0.0228958129882812
0.0156288146972656 0.06488037109375 0.0253753662109375 0.00212669372558594
0.031280517578125 0.0466461181640625 0.0221939086914063 0.0377769470214844
0.0444183349609375 0.0147590637207031 0.063720703125 0.0231437683105469
0.0372772216796875 -0.00986099243164063 0.0666656494140625 -0.0174293518066406
0.0230979919433594 -0.033538818359375 0.0453071594238281 -0.0571708679199219
0.00667572021484375 -0.0440826416015625 0.0146331787109375 -0.0657081604003906
0.00562286376953125 -0.0416221618652344 -0.000640869140625002 -0.0491447448730469
0.00555801391601562 -0.0493545532226563 -0.000808715820312502 -0.0376129150390625
0.0223541259765625 -0.0485420227050781 -0.00385665893554688 -0.0331478118896484
0.0504150390625 -0.0308609008789063 -0.00559616088867187 -0.0244808197021484
0.0656280517578125 0.00259017944335938 0.000719070434570315 -0.0320148468017578
0.0482254028320313 0.0612831115722656 0.00420379638671875 -0.0398368835449219
0.0183868408203125 0.095794677734375 0.0200958251953125 -0.0512924194335937
-0.0273284912109375 0.100944519042969 0.0281600952148438 -0.0503196716308594
-0.0531158447265625 0.101158142089844 0.0687141418457031 0.0120086669921875
-0.00370788574218751 0.0922317504882813 0.0195808410644531 0.0275440216064453
0.0329132080078125 0.0798492431640625 0.017974853515625 0.0499763488769531
0.0662879943847656 0.0351982116699219 0.0569343566894531 0.0348243713378906
0.0630455017089844 -0.00849151611328125 0.0606613159179688 -0.00302886962890625
0.0417327880859375 -0.0481185913085938 0.0438041687011719 -0.0396652221679688
0.0168952941894531 -0.0611572265625 0.0156326293945313 -0.047210693359375
0.014251708984375 -0.0577583312988281 -0.00050544738769531 -0.0315132141113281
0.0138893127441406 -0.0674209594726563 -0.00165748596191406 -0.0197868347167969
0.0327415466308594 -0.0620574951171875 -0.00956249237060547 -0.0168952941894531
0.0652503967285156 -0.036468505859375 -0.013606071472168 -0.0108098983764648
0.0789642333984375 0.004638671875 -0.00734519958496093 -0.0231819152832031
0.0528564453125 0.0736541748046875 -0.00203895568847656 -0.0319995880126953
0.0142745971679687 0.108192443847656 0.0165824890136719 -0.0316581726074219
-0.040679931640625 0.107101440429687 0.0106372833251953 -0.0200309753417969
-0.0700302124023438 0.0943222045898437 0.0434646606445313 0.0476341247558594
-0.0251617431640625 0.1014404296875 0.00698471069335937 0.0543098449707031
0.0220184326171875 0.09979248046875 0.00905990600585938 0.0602226257324219
0.073699951171875 0.0536956787109375 0.0427970886230469 0.0460548400878906
0.0765914916992188 -0.0007476806640625 0.0468292236328125 0.013153076171875
0.0556411743164063 -0.0531959533691406 0.0365219116210938 -0.0169601440429688
0.0249671936035156 -0.0692253112792969 0.0140876770019531 -0.0225963592529297
0.0211219787597656 -0.0647735595703125 0.000237464904785157 -0.00931262969970704
0.0204849243164063 -0.075775146484375 -0.0024874210357666 0.0033724308013916
0.0387077331542969 -0.0671005249023438 -0.0151176452636719 0.0031290054321289
0.072540283203125 -0.0371170043945313 -0.0219783782958984 0.00484657287597656
0.082183837890625 0.0081939697265625 -0.0160331726074219 -0.0142707824707031
0.0491714477539062 0.0790023803710938 -0.00586891174316406 -0.0251235961914063
0.004974365234375 0.107666015625 0.0150079727172852 -0.0113067626953125
-0.0513076782226563 0.09912109375 -0.00781536102294922 0.0113296508789063
-0.0742721557617187 0.0698318481445313 0.013580322265625 0.0785675048828125
-0.0428237915039063 0.0865936279296875 -0.00976562500000001 0.0767593383789063
0.00283813476562501 0.0979995727539063 -0.00144577026367188 0.065338134765625
0.0625381469726563 0.0626373291015625 0.0240707397460938 0.0518302917480469
0.0745620727539063 0.0089874267578125 0.0284557342529297 0.0263710021972656
0.0593185424804688 -0.0472793579101563 0.0248088836669922 0.00562667846679687
0.029083251953125 -0.0655441284179687 0.0106468200683594 0.0043649673461914
0.0244331359863281 -0.0617904663085938 0.000273704528808594 0.0143871307373047
0.0243988037109375 -0.0731430053710938 -0.003997802734375 0.0261764526367187
0.0404930114746094 -0.0633926391601563 -0.0217208862304688 0.0233840942382812
0.071685791015625 -0.0317306518554688 -0.03021240234375 0.0184116363525391
0.076568603515625 0.0131149291992188 -0.0241718292236328 -0.00646018981933594
0.0378265380859375 0.0779876708984375 -0.00897979736328124 -0.0198860168457031
-0.00901031494140625 0.0960845947265625 0.0117473602294922 0.00579261779785157
-0.0587387084960937 0.078582763671875 -0.028228759765625 0.0382957458496094
-0.0634727478027344 0.03271484375 -0.0148239135742188 0.0978622436523438
-0.0480918884277344 0.0540733337402344 -0.0254592895507813 0.0893402099609375
-0.0147323608398438 0.0734481811523438 -0.0104751586914063 0.0638198852539063
0.03924560546875 0.0567550659179688 0.00640869140625 0.0516548156738281
0.0574989318847656 0.0153694152832031 0.0100193023681641 0.0332679748535156
0.0514488220214844 -0.0338821411132812 0.0112037658691406 0.0247650146484375
0.0279655456542969 -0.0505294799804688 0.00609588623046875 0.02862548828125
0.0233116149902344 -0.0488853454589844 0.000347137451171875 0.0359992980957031
0.02484130859375 -0.0593833923339844 -0.00591278076171875 0.0468826293945312
0.0377655029296875 -0.0509223937988281 -0.0274925231933594 0.041595458984375
0.0629310607910156 -0.0218963623046875 -0.0393142700195312 0.0298500061035156
0.0629768371582031 0.0178031921386719 -0.0334396362304687 -0.0011749267578125
0.020965576171875 0.0702285766601563 -0.0129938125610352 -0.0169677734375
-0.0232009887695312 0.0746231079101563 0.00616073608398438 0.0192775726318359
-0.0598907470703125 0.0469818115234375 -0.0503044128417969 0.058074951171875
-0.0419578552246094 -0.00983810424804687 -0.0328521728515625 0.1036376953125
-0.0425796508789063 0.0128173828125 -0.03350830078125 0.0907363891601562
-0.0269317626953125 0.0355682373046875 -0.0140380859375 0.0582084655761719
0.0109214782714844 0.03863525390625 -0.00468826293945313 0.0475616455078125
0.0303611755371094 0.0169467926025391 -0.00285720825195312 0.035980224609375
0.0336475372314453 -0.01495361328125 0.000843048095703124 0.0370903015136719
0.0215969085693359 -0.0280189514160156 0.00217437744140625 0.0461349487304688
0.0188255310058594 -0.0291366577148438 -0.000404357910156248 0.051788330078125
0.0210418701171875 -0.0375518798828125 -0.00888824462890625 0.0626602172851563
0.0293998718261719 -0.0322990417480469 -0.034210205078125 0.0552101135253906
0.0460586547851563 -0.0107002258300781 -0.0476875305175781 0.0371627807617187
0.042633056640625 0.0193214416503906 -0.0426445007324219 0.001678466796875
0.004669189453125 0.0532798767089844 -0.0190277099609375 -0.0165767669677734
-0.0321426391601563 0.0442886352539062 -0.00401878356933594 0.0262298583984375
-0.05291748046875 0.0103759765625 -0.0709457397460937 0.066650390625
0.0258655548095703 0.0292282104492188 0.0770950317382813 -0.0721206665039063
0.0334663391113281 -0.0121231079101563 0.0160331726074219 -0.0300827026367187
0.00498771667480469 -0.0244197845458984 0.0187225341796875 0.0207843780517578
-0.0163984298706055 -0.0141334533691406 0.0590629577636719 0.00681304931640625
-0.0195751190185547 0.00123023986816407 0.0614509582519531 -0.0346641540527344
-0.0156688690185547 0.0124635696411133 0.0357017517089844 -0.0690841674804688
-0.0120201110839844 0.0090188980102539 0.00730133056640625 -0.0771560668945313
-0.0141630172729492 0.00721931457519531 -0.00362014770507813 -0.0625419616699219
-0.0175504684448242 0.00491428375244141 -0.003448486328125 -0.0542068481445313
-0.0152320861816406 -0.00852108001708984 0.00184249877929688 -0.0461235046386719
-0.00331306457519531 -0.0202999114990234 0.00337982177734375 -0.0419654846191406
0.0173702239990234 -0.0188236236572266 0.0100936889648438 -0.0470352172851563
0.0355072021484375 0.00389862060546875 0.0212516784667969 -0.0567550659179688
0.0359458923339844 0.03302001953125 0.0319671630859375 -0.0866317749023438
0.0180625915527344 0.0500373840332031 0.0450592041015625 -0.0998992919921875
0.00098800659179688 0.0667190551757813 0.086883544921875 -0.0554733276367188
0.0309047698974609 0.0272998809814453 0.0237808227539063 -0.0194988250732422
0.0227622985839844 0.0085601806640625 0.0227184295654297 0.0281658172607422
0.014958381652832 -0.00341224670410156 0.0647544860839844 0.012298583984375
0.00827884674072266 -0.00727653503417969 0.0673408508300781 -0.0299758911132813
0.00168800354003906 -0.0127525329589844 0.0417861938476562 -0.0690498352050781
-0.00457382202148437 -0.0197029113769531 0.009765625 -0.0775680541992188
-0.00553321838378906 -0.0195598602294922 -0.00355911254882813 -0.0609054565429687
-0.00675392150878906 -0.024810791015625 -0.00286865234375 -0.0510063171386719
0.0046844482421875 -0.030914306640625 -0.000537872314453126 -0.0442428588867188
0.0261726379394531 -0.0259971618652344 0.000217437744140623 -0.0367050170898438
0.0451507568359375 -0.00589752197265625 0.00706481933593751 -0.0416412353515625
0.0427093505859375 0.0383453369140625 0.01287841796875 -0.0491600036621094
0.0271682739257813 0.07147216796875 0.0257415771484375 -0.07305908203125
-0.00560760498046874 0.0838623046875 0.039215087890625 -0.0818023681640625
-0.0264816284179688 0.0939559936523438 0.0845108032226563 -0.0270156860351562
0.0183753967285156 0.0662651062011719 0.0255928039550781 0.000738143920898442
0.0344123840332031 0.0466346740722656 0.0232772827148438 0.0395584106445313
0.0460205078125 0.0130729675292969 0.0663032531738281 0.022796630859375
0.0382041931152344 -0.012054443359375 0.0685539245605469 -0.0193061828613281
0.0218696594238281 -0.0355148315429688 0.0450439453125 -0.0599212646484375
0.00506591796874999 -0.0452308654785156 0.0121002197265625 -0.0680084228515625
0.00424575805664062 -0.0430259704589844 -0.0032806396484375 -0.0499534606933594
0.00294876098632812 -0.0510940551757812 -0.00278091430664063 -0.0390472412109375
0.0203666687011719 -0.0504341125488281 -0.00583648681640625 -0.0340003967285156
0.0498123168945313 -0.0339775085449219 -0.00701332092285156 -0.0260391235351563
0.0671768188476563 -0.000194549560546875 -0.000150680541992187 -0.034271240234375
0.0516624450683594 0.0617218017578125 0.00407409667968751 -0.0412864685058594
0.022857666015625 0.0979537963867187 0.0195808410644531 -0.0543937683105469
-0.024871826171875 0.105239868164063 0.0263595581054688 -0.0540084838867187
-0.0512619018554687 0.106048583984375 0.070648193359375 0.00951385498046876
-0.000480651855468744 0.0943756103515625 0.0201606750488281 0.02685546875
0.0369796752929688 0.0811080932617188 0.0188636779785156 0.0519943237304688
0.0693550109863281 0.0324821472167969 0.0595550537109375 0.0353736877441406
0.0636215209960938 -0.0109519958496094 0.0626068115234375 -0.00324249267578125
0.0403327941894531 -0.0511093139648438 0.0443992614746094 -0.0419845581054687
0.0142555236816406 -0.0638504028320313 0.0138778686523438 -0.0490608215332031
0.0120964050292969 -0.0597152709960938 -0.00238800048828125 -0.0320949554443359
0.011016845703125 -0.0700111389160156 -0.00295639038085937 -0.0203952789306641
0.029998779296875 -0.0645904541015625 -0.0114612579345703 -0.0172100067138672
0.0657882690429688 -0.0405082702636719 -0.0151481628417969 -0.0114536285400391
0.0813751220703125 0.00127410888671875 -0.00863456726074218 -0.0249462127685547
0.0572662353515625 0.0740814208984375 -0.00208854675292968 -0.0337944030761719
0.0189895629882813 0.110466003417969 0.0161819458007812 -0.0340328216552734
-0.03875732421875 0.112144470214844 0.009979248046875 -0.0223007202148437
-0.06927490234375 0.0990676879882813 0.0463485717773437 0.0474739074707031
-0.0226669311523437 0.103836059570313 0.00793075561523437 0.0553016662597656
0.0264663696289063 0.102119445800781 0.00982666015625 0.0627098083496094
0.077423095703125 0.051422119140625 0.0452232360839844 0.0470161437988281
0.0788421630859375 -0.00371551513671875 0.0488319396972656 0.0133171081542969
0.0537834167480469 -0.0568923950195312 0.0376205444335938 -0.0193061828613281
0.0221099853515625 -0.0723800659179688 0.0131969451904297 -0.0236015319824219
0.0188179016113281 -0.0675277709960938 -0.00101470947265625 -0.00931358337402344
0.0169219970703125 -0.0791549682617188 -0.00302290916442871 0.00294137001037597
0.036468505859375 -0.0707855224609375 -0.0166559219360352 0.00360679626464843
0.0727386474609375 -0.0420761108398437 -0.0225238800048828 0.00507164001464843
0.0849227905273438 0.0043182373046875 -0.0170907974243164 -0.0155534744262695
0.054046630859375 0.07928466796875 -0.00631141662597656 -0.0261936187744141
0.00954437255859376 0.110755920410156 0.0153865814208984 -0.012974739074707
-0.0494613647460938 0.104537963867188 -0.00790691375732422 0.0111246109008789
-0.0735702514648438 0.0746841430664063 0.0172119140625 0.080169677734375
-0.0404815673828125 0.0898895263671875 -0.00799560546875 0.0787734985351562
0.00673675537109374 0.101631164550781 -0.00139236450195313 0.0677986145019531
0.0669174194335938 0.0614128112792969 0.0259895324707031 0.0536537170410156
0.0769729614257813 0.005706787109375 0.0302619934082031 0.0277099609375
0.058197021484375 -0.0514297485351563 0.0262660980224609 0.00511741638183593
0.0267829895019531 -0.0684127807617188 0.0112142562866211 0.0038614273071289
0.021759033203125 -0.0645751953125 -0.000189781188964841 0.0145750045776367
0.0213546752929687 -0.0767059326171875 -0.0031280517578125 0.0266208648681641
0.0385360717773438 -0.0667228698730469 -0.0216732025146484 0.0242805480957031
0.0723953247070312 -0.0363311767578125 -0.030426025390625 0.0195827484130859
0.0794525146484375 0.00970458984375 -0.0255641937255859 -0.00698661804199219
0.0419692993164063 0.0790557861328125 -0.00991249084472656 -0.0209999084472656
-0.0052490234375 0.0991439819335938 0.0127038955688477 0.00482559204101563
-0.0576705932617187 0.0830307006835938 -0.0280799865722656 0.0397529602050781
-0.0638160705566406 0.0356101989746094 -0.011322021484375 0.101570129394531
-0.0472412109375 0.0571327209472656 -0.0239105224609375 0.0922012329101562
-0.0128631591796875 0.0768890380859375 -0.01025390625 0.0667190551757813
0.0425529479980469 0.0566978454589844 0.00792694091796875 0.0536651611328125
0.0596122741699219 0.0125083923339844 0.0116615295410156 0.0356101989746094
0.0508613586425781 -0.0369682312011719 0.0125846862792969 0.0250377655029297
0.0262298583984375 -0.0534019470214844 0.00751876831054687 0.0292644500732422
0.0216712951660156 -0.0518150329589844 0.000930786132812498 0.0366249084472656
0.0218582153320312 -0.0633316040039063 -0.00429153442382813 0.0485572814941406
0.0363578796386719 -0.0543670654296875 -0.0277900695800781 0.0434455871582031
0.0636940002441406 -0.0258674621582031 -0.0391464233398437 0.0317955017089844
0.0657768249511719 0.0153694152832031 -0.0347423553466797 -0.00114440917968749
0.0246124267578125 0.0711288452148438 -0.0144081115722656 -0.0179271697998047
-0.0207061767578125 0.077362060546875 0.00669670104980469 0.019012451171875
-0.0605583190917969 0.0510025024414063 -0.0495262145996094 0.0614166259765625
-0.0430488586425781 -0.00915145874023437 -0.0295639038085937 0.108741760253906
-0.0434150695800781 0.0144767761230469 -0.0323715209960938 0.0945663452148438
-0.027313232421875 0.0379714965820312 -0.0133628845214844 0.0605545043945313
0.0133819580078125 0.0392990112304688 -0.00423431396484375 0.0501785278320312
0.0319881439208984 0.0156841278076172 -0.00154876708984375 0.0379180908203125
0.0336894989013672 -0.0171566009521484 0.00281524658203125 0.0378303527832031
0.0206985473632813 -0.0295352935791016 0.00439453125 0.0468025207519531
0.0181293487548828 -0.0309810638427734 0.0016021728515625 0.0533065795898438
0.0193824768066406 -0.0400123596191406 -0.00716781616210938 0.0644760131835938
0.0289649963378906 -0.0347671508789063 -0.0333976745605469 0.0583953857421875
0.0473670959472656 -0.0132675170898438 -0.0478744506835938 0.0391654968261719
0.0448455810546875 0.0177154541015625 -0.0439682006835938 0.00212860107421876
0.00666046142578125 0.0550422668457031 -0.0203208923339844 -0.0171089172363281
-0.0319252014160156 0.04644775390625 -0.00261878967285157 0.0269813537597656
-0.0543060302734375 0.0124855041503906 -0.0707931518554687 0.0714569091796875
0.0277366638183594 0.0291404724121094 0.0745086669921875 -0.0784759521484375
0.0334854125976563 -0.0144233703613281 0.0141525268554687 -0.0317306518554688
0.00414085388183593 -0.025543212890625 0.0202198028564453 0.0216903686523438
-0.0176944732666016 -0.0131893157958984 0.0606536865234375 0.00454330444335937
-0.0197544097900391 0.00230979919433593 0.06109619140625 -0.0387840270996094
-0.015467643737793 0.0137615203857422 0.0328521728515625 -0.0715408325195313
-0.0119552612304688 0.0101957321166992 0.00273895263671875 -0.079071044921875
-0.0136966705322266 0.00860786437988281 -0.00714874267578125 -0.0628929138183594
-0.0176353454589844 0.00678443908691406 -0.00744247436523438 -0.0550498962402344
-0.0163240432739258 -0.00736522674560547 -0.00151824951171875 -0.0475425720214844
-0.00497055053710938 -0.0202102661132813 0.000671386718750004 -0.0438728332519531
0.0168361663818359 -0.0202178955078125 0.00833892822265625 -0.0495567321777344
0.0367469787597656 0.0020599365234375 0.019989013671875 -0.0592803955078125
0.0385551452636719 0.03192138671875 0.0290298461914063 -0.0903778076171875
0.0213737487792969 0.0506782531738281 0.0405502319335937 -0.106117248535156
0.00493240356445313 0.0688362121582031 0.0858306884765625 -0.06158447265625
0.0324230194091797 0.0259246826171875 0.0221118927001953 -0.0212554931640625
0.0239181518554687 0.00734519958496094 0.0240650177001953 0.0289077758789062
0.014958381652832 -0.00493049621582031 0.0668220520019531 0.0102195739746094
0.00768613815307617 -0.00830650329589844 0.0675544738769531 -0.0339851379394531
0.000469207763671875 -0.0129508972167969 0.0393600463867187 -0.0726242065429688
-0.00609779357910156 -0.0198001861572266 0.00606536865234375 -0.0793609619140625
-0.00646591186523437 -0.0190238952636719 -0.00748062133789063 -0.0612449645996094
-0.00896453857421875 -0.0241603851318359 -0.0066375732421875 -0.0521125793457031
0.00240135192871093 -0.0311069488525391 -0.00386810302734375 -0.0448341369628906
0.0245780944824219 -0.0280017852783203 -0.00225830078125 -0.0380363464355469
0.0454292297363281 -0.00836944580078125 0.00522232055664063 -0.0440940856933594
0.0461311340332031 0.0368118286132813 0.012176513671875 -0.0511093139648438
0.0315399169921875 0.0714492797851563 0.0230178833007812 -0.0759811401367188
-0.001678466796875 0.0862503051757813 0.035247802734375 -0.0869369506835938
-0.0218734741210938 0.0980987548828125 0.0847549438476562 -0.0324935913085937
0.0224266052246094 0.0662651062011719 0.0249614715576172 -0.000951766967773433
0.0384941101074219 0.0461502075195313 0.0247154235839844 0.0405426025390625
0.0478019714355469 0.0101814270019531 0.0688362121582031 0.0203704833984375
0.0378799438476563 -0.0146026611328125 0.0697975158691406 -0.0225372314453125
0.01904296875 -0.0374946594238281 0.0432281494140625 -0.0634803771972656
0.00177383422851562 -0.0465354919433594 0.00836181640625 -0.0696220397949219
0.0011749267578125 -0.0439453125 -0.0064697265625 -0.050262451171875
-0.000545501708984378 -0.0519256591796875 -0.00583267211914062 -0.0399551391601563
0.016876220703125 -0.0520553588867188 -0.00873947143554687 -0.0344009399414062
0.0482330322265625 -0.0379219055175781 -0.00905418395996094 -0.0266456604003906
0.0684356689453125 -0.00396728515625 -0.00217056274414062 -0.0362548828125
0.0566596984863281 0.0602569580078125 0.00333786010742188 -0.0431594848632812
0.028533935546875 0.0984268188476563 0.0171699523925781 -0.0572013854980469
-0.0200119018554687 0.109275817871094 0.0233230590820312 -0.0579948425292969
-0.046783447265625 0.111564636230469 0.0727767944335938 0.00578308105468751
0.00443267822265624 0.0954742431640625 0.0208950042724609 0.0258960723876953
0.0427093505859375 0.0811080932617188 0.020477294921875 0.05364990234375
0.0728836059570313 0.0287704467773438 0.0621833801269531 0.0341987609863281
0.0639076232910156 -0.0153579711914062 0.0644989013671875 -0.00614547729492188
0.0367889404296875 -0.0544204711914063 0.0433769226074219 -0.0453834533691406
0.010345458984375 -0.0660209655761719 0.01129150390625 -0.0507164001464844
0.00849533081054687 -0.0614356994628906 -0.00510787963867188 -0.0322055816650391
0.0059814453125 -0.0719528198242188 -0.00493049621582031 -0.0208377838134766
0.0261459350585938 -0.0674476623535156 -0.0137701034545898 -0.0169849395751953
0.0635452270507813 -0.0459938049316406 -0.0162010192871094 -0.01153564453125
0.0822601318359375 -0.0037689208984375 -0.0105247497558594 -0.0264244079589844
0.0630035400390625 0.072509765625 -0.00330924987792968 -0.0345993041992187
0.0257186889648437 0.111358642578125 0.0152015686035156 -0.0362014770507812
-0.033447265625 0.116973876953125 0.00843048095703125 -0.0242481231689453
-0.06475830078125 0.105445861816406 0.050048828125 0.0456466674804688
-0.01739501953125 0.10650634765625 0.00974655151367187 0.0553970336914063
0.0330276489257813 0.103408813476562 0.0113487243652344 0.06488037109375
0.0819015502929688 0.0475845336914063 0.0480308532714844 0.0467910766601563
0.0796279907226563 -0.00904083251953125 0.0512657165527344 0.0123176574707031
0.0503959655761719 -0.0611381530761719 0.0376930236816406 -0.0216140747070313
0.0176773071289063 -0.0749359130859375 0.0125331878662109 -0.0252037048339844
0.0144805908203125 -0.0700607299804688 -0.00259685516357422 -0.00903892517089844
0.011566162109375 -0.0822906494140625 -0.00355172157287598 0.00277924537658691
0.0314788818359375 -0.0744171142578125 -0.0176448822021484 0.00484085083007812
0.0709686279296875 -0.0481109619140625 -0.0231819152832031 0.0051898956298828
0.086578369140625 -0.0013275146484375 -0.0187187194824219 -0.0160961151123047
0.060028076171875 0.0779571533203125 -0.00761032104492187 -0.0273170471191406
0.0164108276367188 0.111923217773438 0.0151805877685547 -0.0150270462036133
-0.0448150634765625 0.109886169433594 -0.00826358795166016 0.010746955871582
-0.0710983276367187 0.0798110961914063 0.0221939086914062 0.0813140869140625
-0.0367584228515625 0.0937271118164063 -0.00496673583984374 0.0797042846679688
0.0125732421875 0.1036376953125 0.000610351562499999 0.0703582763671875
0.071380615234375 0.0584182739257812 0.0282325744628906 0.0549125671386719
0.0784530639648438 0.001251220703125 0.0325393676757813 0.0281219482421875
0.0556106567382813 -0.0559463500976563 0.0275974273681641 0.00357627868652343
0.0224838256835938 -0.0717315673828125 0.0116634368896484 0.00313091278076171
0.0180740356445313 -0.0673751831054688 -0.000239372253417968 0.0152969360351562
0.0159988403320313 -0.080108642578125 -0.00238227844238281 0.0271167755126953
0.034271240234375 -0.0708236694335938 -0.0215129852294922 0.0261573791503906
0.0709915161132813 -0.0425338745117188 -0.0301322937011719 0.0209827423095703
0.0813674926757813 0.004302978515625 -0.0264472961425781 -0.0065765380859375
0.047576904296875 0.078399658203125 -0.0115146636962891 -0.0215587615966797
0.0001220703125 0.101242065429688 0.0134391784667969 0.00390148162841797
-0.05462646484375 0.0883255004882813 -0.0265731811523438 0.0418357849121094
-0.0632553100585938 0.0393447875976563 -0.00584411621093749 0.104331970214844
-0.0455131530761719 0.0603256225585937 -0.0204620361328125 0.0947036743164063
-0.00923919677734376 0.0795974731445313 -0.0083770751953125 0.0691299438476563
0.046661376953125 0.0550079345703125 0.0103912353515625 0.0555839538574219
0.0612411499023438 0.0095977783203125 0.014190673828125 0.0366363525390625
0.0489425659179688 -0.0407447814941406 0.0150585174560547 0.0246963500976563
0.0226669311523438 -0.0558815002441406 0.00931930541992188 0.0290603637695312
0.0186805725097656 -0.0539627075195313 0.00289535522460938 0.0373306274414063
0.0175209045410156 -0.0661964416503906 -0.00212478637695312 0.0489997863769531
0.0332374572753906 -0.057891845703125 -0.0260505676269531 0.0462074279785156
0.06317138671875 -0.0315399169921875 -0.0383834838867188 0.0341415405273438
0.0682029724121094 0.0110702514648438 -0.03570556640625 0.000362396240234377
0.0294418334960937 0.0710983276367188 -0.0157375335693359 -0.0179672241210937
-0.0165481567382813 0.0799484252929688 0.00821876525878906 0.0190715789794922
-0.0589981079101563 0.0558547973632813 -0.0472373962402344 0.0649375915527344
-0.0445213317871094 -0.00763320922851563 -0.0240478515625 0.112899780273438
-0.0439071655273438 0.0167350769042969 -0.0284957885742187 0.098175048828125
-0.025390625 0.0409889221191406 -0.0118255615234375 0.0630683898925781
0.0160560607910156 0.0392112731933594 -0.0022125244140625 0.0522804260253906
0.0334854125976563 0.0137729644775391 0.000984191894531252 0.03936767578125
0.0331478118896484 -0.019439697265625 0.00567245483398437 0.0390243530273438
0.0191001892089844 -0.0317592620849609 0.0076904296875 0.0475654602050781
0.0164947509765625 -0.0328941345214844 0.00442886352539063 0.0537872314453125
0.017120361328125 -0.0428428649902344 -0.00350952148437499 0.0657310485839844
0.0269241333007812 -0.0376701354980469 -0.0311012268066406 0.0611000061035156
0.0473556518554688 -0.0172805786132813 -0.0466651916503906 0.0426101684570313
0.0467681884765625 0.0149459838867187 -0.044952392578125 0.00455093383789063
0.00975418090820313 0.0554275512695312 -0.0216808319091797 -0.0170421600341797
-0.0298690795898438 0.0492668151855469 -0.00100135803222657 0.0275955200195313
-0.055023193359375 0.0153656005859375 -0.0681381225585937 0.0758819580078125
0.0293865203857422 0.0283164978027344 0.069671630859375 -0.0830612182617187
0.0324535369873047 -0.01708984375 0.0110511779785156 -0.0325756072998047
0.00265312194824219 -0.0265731811523437 0.0217418670654297 0.0214347839355469
-0.0182838439941406 -0.0122489929199219 0.0608444213867187 0.00188446044921875
-0.0197219848632813 0.00330734252929688 0.0587844848632813 -0.0422515869140625
-0.0144205093383789 0.015141487121582 0.0286941528320312 -0.0733871459960938
-0.0113391876220703 0.0108709335327148 -0.0019073486328125 -0.0787353515625
-0.0126094818115234 0.00952434539794922 -0.0108146667480469 -0.0620384216308594
-0.0168962478637695 0.00852203369140625 -0.0108604431152344 -0.0544166564941406
-0.0170412063598633 -0.00587558746337891 -0.00490188598632812 -0.0476875305175781
-0.00628471374511719 -0.0193252563476563 -0.00244140625 -0.0443878173828125
0.0157871246337891 -0.0211601257324219 0.00579071044921876 -0.0510711669921875
0.0369758605957031 -0.000278472900390625 0.0180931091308594 -0.061126708984375
0.0403861999511719 0.0293807983398438 0.0239486694335938 -0.0919189453125
0.0244941711425781 0.0496864318847656 0.0330810546875 -0.109336853027344
0.00863265991210937 0.0692825317382813 0.081787109375 -0.0669403076171875
0.03436279296875 0.0238151550292969 0.0201206207275391 -0.0228042602539063
0.0246429443359375 0.00571632385253906 0.0257301330566406 0.02880859375
0.0148801803588867 -0.00619125366210938 0.067535400390625 0.0072479248046875
0.00691795349121094 -0.00861120223999024 0.066009521484375 -0.0373458862304687
-0.00098705291748047 -0.0127620697021484 0.0353469848632813 -0.07415771484375
-0.00782203674316406 -0.0192775726318359 0.000877380371093755 -0.0796279907226563
-0.00772285461425781 -0.0180282592773438 -0.0111923217773438 -0.05987548828125
-0.010528564453125 -0.0228538513183594 -0.01043701171875 -0.0518035888671875
-0.000308990478515622 -0.0305919647216797 -0.00738906860351562 -0.0449600219726563
0.0223369598388672 -0.0296859741210937 -0.00498199462890624 -0.03875732421875
0.0445556640625 -0.0112380981445313 0.00285720825195313 -0.0448799133300781
0.0479393005371094 0.0343399047851563 0.0104522705078125 -0.0522575378417969
0.036163330078125 0.0692024230957031 0.0191574096679687 -0.0778732299804688
0.00333404541015625 0.0869064331054688 0.0297622680664063 -0.08953857421875
-0.0164413452148438 0.100006103515625 0.0826416015625 -0.03802490234375
0.0258712768554687 0.0639610290527344 0.0236225128173828 -0.00305366516113281
0.0414085388183594 0.0435791015625 0.026397705078125 0.0406379699707031
0.0484275817871094 0.0063629150390625 0.0697822570800781 0.0184059143066406
0.0363845825195313 -0.0170783996582031 0.0687828063964844 -0.0258140563964844
0.0161819458007813 -0.03814697265625 0.0399818420410156 -0.0659637451171875
-0.00167083740234375 -0.0466957092285156 0.00444793701171875 -0.0701942443847656
-0.00147628784179688 -0.0433769226074219 -0.009979248046875 -0.0493659973144531
-0.00443267822265625 -0.0511474609375 -0.00933837890625 -0.039215087890625
0.0127487182617188 -0.0528144836425781 -0.0113887786865234 -0.0336704254150391
0.0450897216796875 -0.0409584045410156 -0.0112800598144531 -0.0270977020263672
0.0680122375488281 -0.00832366943359375 -0.00449371337890625 -0.0373954772949219
0.06011962890625 0.0571365356445312 0.00216293334960938 -0.0437164306640625
0.0352935791015625 0.0965652465820312 0.0148506164550781 -0.0589408874511719
-0.0133438110351562 0.110862731933594 0.0192642211914063 -0.0598869323730469
-0.0406494140625 0.1146240234375 0.0729827880859375 0.00103759765625001
0.00952148437499999 0.0945587158203125 0.0211448669433594 0.0241355895996094
0.0480270385742188 0.0789260864257813 0.0224571228027344 0.0536422729492188
0.0741043090820313 0.0237960815429687 0.0636062622070313 0.0317840576171875
0.0623626708984375 -0.0192184448242188 0.0647354125976563 -0.00847244262695313
0.0327110290527344 -0.0570030212402344 0.0413703918457031 -0.0477828979492188
0.00545120239257813 -0.0664291381835938 0.00798416137695313 -0.0512771606445313
0.004150390625 -0.0611953735351563 -0.00733757019042969 -0.0308494567871094
0.000602722167968747 -0.0716400146484375 -0.007171630859375 -0.0204277038574219
0.0208778381347656 -0.0687713623046875 -0.0154094696044922 -0.0160045623779297
0.0599098205566406 -0.05023193359375 -0.017308235168457 -0.011744499206543
0.0814971923828125 -0.009124755859375 -0.0125370025634766 -0.0267162322998047
0.0672836303710938 0.0688438415527344 -0.00448417663574219 -0.0351352691650391
0.0330657958984375 0.109603881835938 0.0135154724121094 -0.037811279296875
-0.0265960693359375 0.119651794433594 0.00623321533203125 -0.0256214141845703
-0.0591278076171875 0.109428405761719 0.0528144836425781 0.0422172546386719
-0.0115585327148437 0.106781005859375 0.0119819641113281 0.0539360046386719
0.0393142700195312 0.101463317871094 0.0135383605957031 0.0652008056640625
0.0843734741210938 0.0420379638671875 0.0500679016113281 0.0457534790039063
0.0786209106445312 -0.013885498046875 0.0527000427246094 0.0104179382324219
0.0456161499023438 -0.0643043518066406 0.0372238159179688 -0.0237350463867188
0.0122528076171875 -0.0761337280273438 0.0105133056640625 -0.0259323120117188
0.00962448120117188 -0.0702095031738281 -0.00371217727661133 -0.00855684280395508
0.004669189453125 -0.0823211669921875 -0.00410079956054688 0.00264787673950195
0.026153564453125 -0.0758819580078125 -0.0178356170654297 0.00577354431152343
0.066802978515625 -0.0530509948730469 -0.0231304168701172 0.00583076477050781
0.0861129760742188 -0.00728607177734375 -0.0204925537109375 -0.0159702301025391
0.0645523071289063 0.0738449096679688 -0.008880615234375 -0.0274753570556641
0.0233383178710937 0.110702514648438 0.0148448944091797 -0.0168437957763672
-0.039154052734375 0.112510681152344 -0.00783538818359375 0.0103235244750977
-0.0665359497070313 0.0841445922851563 0.0269927978515625 0.079803466796875
-0.0316925048828125 0.0948867797851563 -0.00163269042968751 0.0794830322265625
0.018463134765625 0.10321044921875 0.00272369384765626 0.0708084106445313
0.074951171875 0.0531005859375 0.0311737060546875 0.0545272827148438
0.0780181884765625 -0.00374603271484375 0.0350608825683594 0.0272388458251953
0.0510025024414063 -0.059295654296875 0.0283660888671875 0.002044677734375
0.0175018310546875 -0.0730361938476563 0.0117530822753906 0.00232791900634765
0.0135116577148437 -0.0680809020996094 0.000571250915527345 0.015538215637207
0.00943756103515625 -0.08099365234375 -0.00114822387695312 0.0268001556396484
0.0285873413085938 -0.0729446411132813 -0.0205650329589844 0.0273609161376953
0.0671501159667969 -0.0477027893066406 -0.0288524627685547 0.0218887329101563
0.0814208984375 -0.00087738037109375 -0.0276222229003906 -0.00561714172363282
0.0524826049804688 0.07550048828125 -0.0123233795166016 -0.0212593078613281
0.00686645507812499 0.100669860839844 0.0141420364379883 0.00228500366210938
-0.0497283935546875 0.0916061401367188 -0.0246391296386719 0.0426254272460938
-0.060760498046875 0.0431938171386719 0.000572204589843737 0.104606628417969
-0.0420913696289062 0.0623855590820313 -0.01611328125 0.095947265625
-0.00478363037109376 0.0811691284179688 -0.00611495971679687 0.0697746276855469
0.0496749877929688 0.0518150329589844 0.0126228332519531 0.0562591552734375
0.0615463256835938 0.0055694580078125 0.0166130065917969 0.0367240905761719
0.0457878112792969 -0.0441551208496094 0.0171947479248047 0.0242805480957031
0.0189437866210937 -0.0579147338867188 0.0113067626953125 0.0279293060302734
0.0150566101074219 -0.0553398132324219 0.0044097900390625 0.0376243591308594
0.0122833251953125 -0.0673141479492188 0.000785827636718756 0.0487327575683594
0.02850341796875 -0.060211181640625 -0.0233879089355469 0.0467910766601562
0.0607261657714844 -0.0357818603515625 -0.0358543395996094 0.0354423522949219
0.0681076049804687 0.00674057006835937 -0.0362358093261719 0.00178909301757813
0.0335731506347656 0.0693855285644531 -0.0167026519775391 -0.0176200866699219
-0.0117645263671875 0.080413818359375 0.01019287109375 0.0177726745605469
-0.0559234619140625 0.059112548828125 -0.0439376831054687 0.0669212341308594
-0.0445899963378906 -0.00469970703125 -0.017120361328125 0.114456176757813
-0.042816162109375 0.0188331604003906 -0.0232772827148438 0.09991455078125
-0.023284912109375 0.04315185546875 -0.00988388061523438 0.0641365051269531
0.01824951171875 0.0379714965820312 0.000244140625000002 0.053314208984375
0.0340003967285156 0.0117473602294922 0.00342178344726563 0.0408592224121094
0.0314826965332031 -0.0216522216796875 0.00821685791015625 0.0386810302734375
0.0171947479248047 -0.0331153869628906 0.0105171203613281 0.0463447570800781
0.013824462890625 -0.0340919494628906 0.00732803344726563 0.053131103515625
0.0134620666503906 -0.0444297790527344 0.000408172607421878 0.0656776428222656
0.0241775512695312 -0.0394859313964844 -0.0279769897460938 0.0620613098144531
0.0463523864746094 -0.0209426879882813 -0.0440864562988281 0.0445480346679687
0.0480575561523438 0.0122222900390625 -0.045257568359375 0.00619888305664062
0.0127716064453125 0.0549812316894531 -0.0226287841796875 -0.0159111022949219
-0.0273246765136719 0.0502433776855469 0.00123214721679687 0.0267868041992188
-0.0541915893554688 0.0184593200683594 -0.063079833984375 0.0789794921875
0.0300731658935547 0.0274085998535156 0.0646820068359375 -0.0840530395507812
0.0311546325683594 -0.0184364318847656 0.00870323181152344 -0.0324115753173828
0.00193405151367188 -0.0268192291259766 0.0220413208007812 0.0213775634765625
-0.0185279846191406 -0.0114536285400391 0.0599861145019531 -0.000316619873046876
-0.0190925598144531 0.00435256958007813 0.0565948486328125 -0.0431861877441406
-0.0139055252075195 0.0153684616088867 0.0257492065429688 -0.0728836059570313
-0.0106630325317383 0.0113515853881836 -0.00504302978515626 -0.0775299072265625
-0.0118408203125 0.0103483200073242 -0.0131301879882812 -0.0606498718261719
-0.0158243179321289 0.00937557220458984 -0.0138587951660156 -0.0526084899902344
-0.0170259475708008 -0.00453948974609375 -0.0068511962890625 -0.0468978881835938
-0.00769805908203125 -0.0184307098388672 -0.00477981567382813 -0.0439453125
0.0143032073974609 -0.0219039916992187 0.0040283203125 -0.0510597229003906
0.0360183715820313 -0.0019378662109375 0.0166664123535156 -0.0612602233886719
0.0414962768554688 0.0273170471191406 0.020660400390625 -0.0915145874023438
0.0259056091308594 0.0477371215820313 0.027862548828125 -0.109588623046875
0.0112838745117187 0.0687484741210938 0.0772552490234375 -0.0695037841796875
0.0340747833251953 0.0214748382568359 0.0179519653320313 -0.0235843658447266
0.024658203125 0.00386428833007813 0.0264739990234375 0.0282058715820313
0.0141077041625977 -0.00744438171386719 0.0669288635253906 0.00519180297851563
0.00597190856933594 -0.00910758972167969 0.0637969970703125 -0.0388870239257813
-0.00178050994873047 -0.0122222900390625 0.031951904296875 -0.0741348266601563
-0.00888252258300781 -0.0183887481689453 -0.00242614746093751 -0.0780792236328125
-0.00820350646972656 -0.0171117782592773 -0.0131378173828125 -0.0578689575195312
-0.0113945007324219 -0.0217533111572266 -0.0128822326660156 -0.0502815246582031
-0.00179672241210938 -0.0295467376708984 -0.00945663452148438 -0.0438995361328125
0.0202732086181641 -0.0295867919921875 -0.00707626342773438 -0.0388336181640625
0.0432929992675781 -0.0129966735839844 0.00113296508789062 -0.0454483032226563
0.0487327575683594 0.0320053100585938 0.00983810424804688 -0.0527420043945313
0.0385780334472656 0.0664520263671875 0.01641845703125 -0.0780029296875
0.00654602050781249 0.0856399536132813 0.024658203125 -0.0903549194335938
-0.0126800537109375 0.0994644165039063 0.0799179077148437 -0.0412445068359375
0.0274276733398438 0.061279296875 0.0220165252685547 -0.00470352172851562
0.0432624816894531 0.0407218933105469 0.0270462036132813 0.0398979187011719
0.0474128723144531 0.00382614135742188 0.0693511962890625 0.0162887573242188
0.0349006652832031 -0.0182228088378906 0.0675811767578125 -0.0274696350097656
0.0133934020996094 -0.0382499694824219 0.0372467041015625 -0.0662574768066406
-0.00428390502929688 -0.0455474853515625 0.00152587890625001 -0.0690574645996094
-0.00314712524414062 -0.0421066284179687 -0.0119247436523438 -0.0472145080566406
-0.00688934326171875 -0.0497703552246094 -0.0111770629882813 -0.0386619567871094
0.00981140136718751 -0.0520744323730469 -0.013397216796875 -0.0325069427490234
0.0419807434082031 -0.0421028137207031 -0.0130672454833984 -0.0270137786865234
0.066192626953125 -0.01104736328125 -0.00611495971679687 -0.0379562377929688
0.0612983703613281 0.0536766052246094 0.00186538696289063 -0.0436630249023437
0.0387802124023437 0.0932846069335938 0.0129737854003906 -0.0594367980957031
-0.00914001464843751 0.109764099121094 0.015869140625 -0.0607490539550781
-0.03564453125 0.114791870117188 0.0719070434570313 -0.00221252441406249
0.0128173828125 0.0918655395507813 0.0206146240234375 0.0221805572509766
0.050689697265625 0.075836181640625 0.0232276916503906 0.0533256530761719
0.0734634399414063 0.0198516845703125 0.0638160705566406 0.0307044982910156
0.0601806640625 -0.0212669372558594 0.0643577575683594 -0.0096893310546875
0.0290374755859375 -0.0567054748535156 0.0389938354492188 -0.0489425659179688
0.00182723999023438 -0.065460205078125 0.00600814819335937 -0.05072021484375
0.0016326904296875 -0.0601768493652344 -0.00921630859375 -0.029632568359375
-0.00353240966796875 -0.0704727172851563 -0.00855445861816406 -0.0200576782226563
0.0168724060058594 -0.0682334899902344 -0.0164413452148437 -0.0150003433227539
0.0555458068847656 -0.052215576171875 -0.0179977416992188 -0.0113353729248047
0.0793533325195313 -0.0125656127929688 -0.0137252807617188 -0.0268230438232422
0.0691680908203125 0.0651435852050781 -0.00501632690429687 -0.0348663330078125
0.0367431640625 0.105766296386719 0.0118598937988281 -0.0387687683105469
-0.0218887329101563 0.118743896484375 0.00424385070800781 -0.0262165069580078
-0.0537948608398438 0.109519958496094 0.0531387329101563 0.0388031005859375
-0.0080413818359375 0.104652404785156 0.0123291015625 0.0517387390136719
0.0430374145507813 0.0989837646484375 0.0148887634277344 0.0646629333496094
0.0841522216796875 0.0374984741210938 0.05078125 0.0443153381347656
0.076019287109375 -0.0170135498046875 0.0534248352050781 0.0092620849609375
0.0412635803222656 -0.0646133422851563 0.0362548828125 -0.0250358581542969
0.00809478759765625 -0.0751266479492188 0.0095672607421875 -0.0258865356445313
0.00634765625000001 -0.0691413879394531 -0.00417852401733399 -0.00780057907104493
0.000144958496093746 -0.0809478759765625 -0.00517749786376953 0.0027008056640625
0.021697998046875 -0.0757064819335938 -0.0181465148925781 0.0063018798828125
0.0626068115234375 -0.0556182861328125 -0.0229454040527344 0.00570678710937499
0.0840225219726562 -0.011016845703125 -0.0209445953369141 -0.0158138275146484
0.0669708251953125 0.0703201293945313 -0.00927543640136718 -0.0275115966796875
0.0277557373046875 0.107398986816406 0.0139636993408203 -0.0179290771484375
-0.0339126586914063 0.112701416015625 -0.00827980041503907 0.00978088378906251
-0.0621185302734375 0.0851974487304688 0.0296783447265625 0.0771255493164063
-0.0279312133789062 0.0933074951171875 0.000419616699218756 0.0776824951171875
0.02264404296875 0.101356506347656 0.0042877197265625 0.0702896118164063
0.0750961303710938 0.0493621826171875 0.0316963195800781 0.0535621643066406
0.0760574340820313 -0.0068359375 0.0359268188476563 0.026580810546875
0.0467567443847656 -0.0602035522460938 0.0286312103271484 0.000520706176757809
0.0135955810546875 -0.0726394653320312 0.0115432739257813 0.00133228302001953
0.0100288391113281 -0.0673713684082031 0.000409126281738281 0.0153036117553711
0.00427246093750001 -0.079833984375 -0.000911712646484372 0.0257091522216797
0.02410888671875 -0.073028564453125 -0.0195426940917969 0.0274524688720703
0.0633010864257813 -0.0503196716308594 -0.0278549194335938 0.0218219757080078
0.079559326171875 -0.00470733642578125 -0.0275516510009766 -0.00546073913574218
0.0550079345703125 0.0718307495117188 -0.0127410888671875 -0.0208187103271484
0.0108489990234375 0.0985794067382813 0.0143051147460938 0.000826835632324225
-0.0455169677734375 0.092681884765625 -0.0231208801269531 0.0424118041992188
-0.0583076477050781 0.0441970825195312 0.0050506591796875 0.103034973144531
-0.0395927429199219 0.0623359680175781 -0.012664794921875 0.093841552734375
-0.00119018554687501 0.080718994140625 -0.00467300415039063 0.0695724487304687
0.0509033203125 0.048614501953125 0.0143547058105469 0.0560646057128906
0.0605850219726562 0.00310134887695313 0.0180854797363281 0.0370292663574219
0.0424270629882813 -0.044769287109375 0.0185756683349609 0.0228595733642578
0.015411376953125 -0.05780029296875 0.0123100280761719 0.0271778106689453
0.0121231079101562 -0.0550193786621094 0.0055084228515625 0.0367317199707031
0.00811004638671875 -0.0670089721679688 0.00228881835937501 0.047271728515625
0.0247306823730469 -0.0609016418457031 -0.0213508605957031 0.0473175048828125
0.0573883056640625 -0.03863525390625 -0.0337715148925781 0.0357704162597656
0.0675582885742188 0.00345230102539062 -0.0354957580566406 0.00267791748046874
0.0362739562988281 0.0672569274902344 -0.0170669555664062 -0.0170116424560547
-0.00833129882812499 0.0793609619140625 0.0109119415283203 0.0166091918945313
-0.0529022216796875 0.0605392456054688 -0.0407333374023437 0.0669517517089844
-0.0443611145019531 -0.00345993041992187 -0.0119094848632812 0.113716125488281
-0.0418624877929687 0.01983642578125 -0.0200347900390625 0.0988922119140625
-0.0212783813476563 0.0440559387207031 -0.00861740112304688 0.0638084411621094
0.0193977355957031 0.0366172790527344 0.00157546997070313 0.0537033081054688
0.0337619781494141 0.00982856750488281 0.00549697875976563 0.040496826171875
0.0300102233886719 -0.0226211547851563 0.0103034973144531 0.0378036499023438
0.0152778625488281 -0.0338802337646484 0.0127372741699219 0.0450897216796875
0.0122165679931641 -0.0342636108398438 0.00933456420898438 0.0518836975097656
0.0106468200683594 -0.0444183349609375 0.00301742553710937 0.0639991760253906
0.021575927734375 -0.0403480529785156 -0.0249519348144531 0.0618667602539063
0.0442924499511719 -0.0229263305664062 -0.0416221618652344 0.0450096130371094
0.0477867126464844 0.0098114013671875 -0.0440559387207031 0.00747299194335938
0.0150527954101563 0.0536880493164062 -0.0231723785400391 -0.0153617858886719
-0.0252952575683594 0.0504837036132813 0.0027008056640625 0.0262603759765625
-0.052764892578125 0.0199661254882813 -0.0592041015625 0.080047607421875
0.0306167602539063 0.0275764465332031 0.0621871948242188 -0.0839920043945313
0.0299873352050781 -0.0188198089599609 0.0069122314453125 -0.03216552734375
0.00122451782226563 -0.0273513793945313 0.0225410461425781 0.0217342376708984
-0.0183200836181641 -0.0116653442382812 0.060028076171875 1.14440917968743E-05
-0.0191535949707031 0.00453758239746094 0.0553855895996094 -0.0433502197265625
-0.0137214660644531 0.0159187316894531 0.0245590209960937 -0.0721282958984375
-0.0105743408203125 0.0119457244873047 -0.00635528564453125 -0.0759124755859375
-0.0112209320068359 0.0108652114868164 -0.0135154724121094 -0.0592117309570313
-0.0148849487304688 0.0100545883178711 -0.0149879455566406 -0.0516242980957031
-0.0168495178222656 -0.00395679473876953 -0.0081634521484375 -0.0462760925292969
-0.00775146484375 -0.017852783203125 -0.0054473876953125 -0.0439949035644531
0.0141773223876953 -0.0220584869384766 0.00334548950195313 -0.0513763427734375
0.0356178283691406 -0.00256729125976563 0.0171470642089844 -0.0615425109863281
0.0414466857910156 0.0262069702148437 0.0200271606445313 -0.0908966064453125
0.0266990661621094 0.0471954345703125 0.0257339477539063 -0.109573364257813
0.0128936767578125 0.0686912536621094 0.0743865966796875 -0.0697174072265625
0.0334701538085938 0.0202541351318359 0.0161991119384766 -0.0239963531494141
0.0249137878417969 0.00299644470214844 0.0267200469970703 0.0289554595947266
0.0134677886962891 -0.00746059417724609 0.0665054321289063 0.00553512573242187
0.00557327270507813 -0.00909900665283203 0.0631599426269531 -0.0389251708984375
-0.00310134887695312 -0.0118942260742188 0.0308609008789063 -0.0734024047851563
-0.00944232940673828 -0.017242431640625 -0.00388336181640625 -0.0772171020507813
-0.00852870941162109 -0.0165700912475586 -0.0137977600097656 -0.0568122863769531
-0.0118179321289062 -0.0206146240234375 -0.0142936706542969 -0.0491714477539062
-0.00267791748046875 -0.0283851623535156 -0.0106430053710938 -0.0433998107910156
0.0190086364746094 -0.0294895172119141 -0.00799179077148437 -0.0385246276855469
0.0422782897949219 -0.0137596130371094 0.000587463378906253 -0.0462722778320313
0.0486984252929688 0.0303955078125 0.0104255676269531 -0.0527763366699219
0.03936767578125 0.0646896362304688 0.0157394409179688 -0.0776824951171875
0.00798797607421875 0.084930419921875 0.0227890014648438 -0.0898361206054688
-0.0106201171875 0.099395751953125 0.0778884887695313 -0.0421295166015625
0.027740478515625 0.0599136352539062 0.0205173492431641 -0.00508880615234375
0.0439071655273438 0.0395050048828125 0.0268898010253906 0.0403633117675781
0.0469627380371094 0.00272750854492188 0.068572998046875 0.0161361694335938
0.0337715148925781 -0.018768310546875 0.0670166015625 -0.0273818969726562
0.0116691589355469 -0.0372962951660156 0.0360336303710938 -0.0659370422363281
-0.0057373046875 -0.04443359375 0.000122070312500003 -0.0678024291992188
-0.00365447998046875 -0.0413665771484375 -0.0124244689941406 -0.0462265014648438
-0.00799942016601562 -0.0485992431640625 -0.012664794921875 -0.0377388000488281
0.00836944580078124 -0.0506935119628906 -0.0142707824707031 -0.0318717956542969
0.0400161743164063 -0.0420455932617188 -0.0134658813476563 -0.0274085998535156
0.06475830078125 -0.0122146606445313 -0.00640487670898437 -0.038177490234375
0.0615921020507813 0.0519523620605469 0.00228118896484375 -0.0440483093261719
0.0401763916015625 0.0912628173828125 0.0125961303710938 -0.0591773986816406
-0.00803375244140626 0.109146118164063 0.0141334533691406 -0.060516357421875
-0.033447265625 0.114395141601562 0.0705032348632813 -0.00366210937499999
0.0131759643554688 0.0897064208984375 0.0196723937988281 0.0211353302001953
0.051788330078125 0.0737762451171875 0.0226783752441406 0.0536956787109375
0.0728530883789063 0.018280029296875 0.0632438659667969 0.0303382873535156
0.0588722229003906 -0.0221633911132812 0.064300537109375 -0.00968551635742188
0.0265731811523438 -0.0559349060058594 0.0387840270996094 -0.0490379333496094
-0.000110626220703121 -0.0647048950195313 0.00470733642578125 -0.0504951477050781
0.000511169433593745 -0.0593490600585937 -0.00941658020019531 -0.0284862518310547
-0.005523681640625 -0.0687141418457031 -0.00970649719238281 -0.0196380615234375
0.0147628784179687 -0.0671501159667969 -0.0173025131225586 -0.0147562026977539
0.0527725219726563 -0.05267333984375 -0.0187339782714844 -0.0121974945068359
0.0778045654296875 -0.0141220092773438 -0.0142383575439453 -0.0271511077880859
0.0697669982910156 0.062957763671875 -0.0042877197265625 -0.0352745056152344
0.0385284423828125 0.103675842285156 0.011871337890625 -0.0392684936523437
-0.0202484130859375 0.118522644042969 0.00324249267578125 -0.0260639190673828
-0.0515975952148438 0.109573364257813 0.0530052185058594 0.0376968383789063
-0.00714111328124999 0.102630615234375 0.0120735168457031 0.0502510070800781
0.0444488525390625 0.0973663330078125 0.0142974853515625 0.0649452209472656
0.0834426879882813 0.0351943969726563 0.0503768920898438 0.0448112487792969
0.0745162963867188 -0.01763916015625 0.0534324645996094 0.00988388061523437
0.0390892028808594 -0.0642967224121094 0.0358619689941406 -0.0256729125976563
0.0062103271484375 -0.0742416381835937 0.00883293151855469 -0.0258026123046875
0.00505447387695312 -0.0682144165039063 -0.00485324859619141 -0.00688743591308594
-0.00221252441406249 -0.079376220703125 -0.00557136535644531 0.00251483917236328
0.0189743041992188 -0.0743331909179687 -0.0186386108398438 0.00633430480957031
0.0597190856933594 -0.0562019348144531 -0.0226058959960937 0.00496482849121094
0.08221435546875 -0.0123214721679688 -0.0212059020996094 -0.0157794952392578
0.0677528381347656 0.0686264038085938 -0.00875091552734374 -0.0273876190185547
0.02947998046875 0.105331420898438 0.0137176513671875 -0.0184783935546875
-0.0322647094726562 0.112335205078125 -0.00881481170654297 0.00933265686035157
-0.06005859375 0.0850753784179688 0.0306243896484375 0.0751266479492188
-0.0271453857421875 0.0919570922851563 0.000595092773437491 0.0761947631835937
0.0237884521484375 0.100410461425781 0.003570556640625 0.0700912475585938
0.0750961303710938 0.047576904296875 0.0316352844238281 0.0542068481445312
0.0750198364257812 -0.0075225830078125 0.0368728637695313 0.0271987915039062
0.0449142456054687 -0.0598564147949219 0.0290145874023438 1.52587890624963E-05
0.01153564453125 -0.0720367431640625 0.0117416381835938 0.00118827819824218
0.00878906249999999 -0.0668449401855469 0.000713348388671875 0.0152883529663086
0.0015869140625 -0.0785980224609375 -0.000988006591796875 0.0250759124755859
0.0217666625976562 -0.0720901489257813 -0.0194129943847656 0.0272483825683594
0.0606002807617188 -0.0515708923339844 -0.0271968841552734 0.0210285186767578
0.0786666870117188 -0.00630950927734375 -0.0273513793945312 -0.00539398193359375
0.0557937622070313 0.0699462890625 -0.0125160217285156 -0.0211219787597656
0.0127334594726563 0.096832275390625 0.0140953063964844 9.05990600585997E-05
-0.0436553955078125 0.0924148559570313 -0.0225715637207031 0.0416374206542969
-0.0569953918457031 0.0445518493652344 0.00655364990234374 0.101425170898438
-0.0386314392089844 0.0615692138671875 -0.0117950439453125 0.0928802490234375
0.000190734863281247 0.0802459716796875 -0.00530624389648438 0.06939697265625
0.0507659912109375 0.0471649169921875 0.0137367248535156 0.0563468933105469
0.0597038269042969 0.0021820068359375 0.0192604064941406 0.0370979309082031
0.04095458984375 -0.0448417663574219 0.019195556640625 0.0219573974609375
0.0141944885253906 -0.0575790405273438 0.0130596160888672 0.0260276794433594
0.0107383728027344 -0.0547218322753906 0.00580215454101563 0.0363197326660156
0.00611114501953126 -0.0657997131347656 0.00212478637695313 0.046417236328125
0.0224952697753906 -0.0603256225585938 -0.020904541015625 0.0466117858886719
0.0556144714355469 -0.0396003723144531 -0.0330028533935547 0.0350437164306641
0.0667495727539063 0.00191879272460938 -0.0354347229003906 0.00279998779296875
0.0372657775878906 0.0658378601074219 -0.0169353485107422 -0.0169858932495117
-0.00696563720703125 0.0783615112304688 0.0115633010864258 0.0158824920654297
-0.0515365600585938 0.0602760314941406 -0.03924560546875 0.0662269592285156
-0.043731689453125 -0.00337600708007813 -0.009979248046875 0.112274169921875
-0.0414543151855469 0.0202751159667969 -0.0186691284179688 0.098114013671875
-0.02032470703125 0.0441932678222656 -0.00885391235351562 0.0634727478027344
0.0199432373046875 0.0359420776367188 0.00185775756835938 0.0538139343261719
0.0336856842041016 0.00918960571289063 0.00661087036132813 0.0408935546875
0.0286922454833984 -0.0229759216308594 0.0114593505859375 0.0371284484863281
0.0141429901123047 -0.033538818359375 0.0134658813476562 0.0439949035644531
0.0113430023193359 -0.0344944000244141 0.0096282958984375 0.0507164001464844
0.009185791015625 -0.0440673828125 0.0033721923828125 0.0625648498535156
0.0205039978027344 -0.0406341552734375 -0.0236549377441406 0.0615081787109375
0.043365478515625 -0.0239219665527344 -0.0402488708496094 0.0439567565917969
0.0475959777832031 0.00893783569335938 -0.0439186096191406 0.00766754150390625
0.0156784057617188 0.0531120300292969 -0.0228919982910156 -0.015533447265625
-0.0244140625 0.0502510070800781 0.00336647033691406 0.0250873565673828
-0.0518722534179687 0.0204849243164063 -0.0571060180664063 0.07928466796875
0.0317020416259766 0.0285720825195313 0.0626907348632813 -0.0846633911132813
0.0301742553710938 -0.0189914703369141 0.00607681274414063 -0.0320358276367188
0.00104713439941406 -0.0281200408935547 0.0226974487304688 0.0230388641357422
-0.0189208984375 -0.01202392578125 0.0607337951660156 0.000671386718749999
-0.0198917388916016 0.00445556640625 0.0563888549804688 -0.0433311462402344
-0.0139474868774414 0.0170269012451172 0.025482177734375 -0.072357177734375
-0.0107269287109375 0.0125770568847656 -0.00647735595703124 -0.076507568359375
-0.0110177993774414 0.011082649230957 -0.0138893127441406 -0.0598564147949219
-0.0145759582519531 0.0106191635131836 -0.0154647827148438 -0.051727294921875
-0.0173053741455078 -0.00299263000488281 -0.00856781005859375 -0.0468254089355469
-0.00811290740966797 -0.0175008773803711 -0.0058746337890625 -0.0451316833496094
0.0138587951660156 -0.02264404296875 0.00406265258789062 -0.0531234741210937
0.0367050170898438 -0.003326416015625 0.0190048217773438 -0.0625991821289063
0.0417633056640625 0.0259323120117188 0.0205230712890625 -0.0924453735351562
0.0271873474121094 0.0479354858398437 0.026092529296875 -0.111122131347656
0.013092041015625 0.0703659057617188 0.0756149291992188 -0.0703811645507813
0.0336322784423828 0.0198783874511719 0.0145664215087891 -0.0243015289306641
0.0253524780273438 0.00233268737792969 0.0265178680419922 0.0304775238037109
0.0134592056274414 -0.00836181640625 0.0675201416015625 0.006561279296875
0.00531101226806641 -0.00903892517089844 0.0645637512207031 -0.0391159057617188
-0.003570556640625 -0.0117120742797852 0.031341552734375 -0.0742034912109375
-0.00991344451904297 -0.0168542861938477 -0.00390624999999999 -0.0775375366210938
-0.00814723968505859 -0.0162534713745117 -0.0139923095703125 -0.0569190979003906
-0.0115737915039063 -0.0204868316650391 -0.0149574279785156 -0.0492057800292969
-0.00341033935546875 -0.0276641845703125 -0.0108795166015625 -0.043914794921875
0.0185680389404297 -0.0294456481933594 -0.00818252563476562 -0.0394477844238281
0.0427093505859375 -0.0142059326171875 0.001068115234375 -0.0477218627929687
0.0497894287109375 0.0306396484375 0.0121345520019531 -0.054168701171875
0.0405426025390625 0.0647430419921875 0.016326904296875 -0.0791549682617188
0.00762176513671875 0.086639404296875 0.0229721069335937 -0.0916061401367187
-0.0104827880859375 0.101722717285156 0.078399658203125 -0.0426712036132812
0.02728271484375 0.0600433349609375 0.0192813873291016 -0.00578880310058593
0.0448799133300781 0.039459228515625 0.0268630981445313 0.0420646667480469
0.0470428466796875 0.00188827514648437 0.0695266723632813 0.0174636840820313
0.0338077545166016 -0.0189151763916016 0.0687255859375 -0.0274581909179688
0.0110931396484375 -0.0376853942871094 0.0367813110351563 -0.066650390625
-0.00624465942382812 -0.044647216796875 -0.000122070312500003 -0.0688896179199219
-0.00390625 -0.0411949157714844 -0.0124778747558594 -0.0459861755371094
-0.00872039794921875 -0.0482521057128906 -0.0134620666503906 -0.0377922058105469
0.00737380981445312 -0.0504722595214844 -0.0150928497314453 -0.0322189331054688
0.0392684936523438 -0.0424690246582031 -0.01422119140625 -0.0284690856933594
0.0652656555175781 -0.0126991271972656 -0.00632858276367187 -0.0398330688476563
0.0628166198730469 0.0526847839355469 0.00373077392578126 -0.0458335876464844
0.0411376953125 0.09161376953125 0.0132713317871094 -0.0610694885253906
-0.00783538818359374 0.110893249511719 0.0140876770019531 -0.0613975524902344
-0.0340423583984375 0.116378784179688 0.0708770751953125 -0.00414276123046874
0.01239013671875 0.0899200439453125 0.0183582305908203 0.0207099914550781
0.052703857421875 0.0748214721679688 0.0222053527832031 0.0559272766113281
0.0729751586914063 0.0179672241210938 0.0639114379882813 0.0322494506835938
0.0590476989746094 -0.02191162109375 0.0661811828613281 -0.009033203125
0.0262794494628906 -0.0564346313476563 0.0393562316894531 -0.0495491027832031
-0.000598907470703125 -0.0648040771484375 0.0046844482421875 -0.0513916015625
0.000549316406249995 -0.0594749450683594 -0.00944137573242188 -0.0283908843994141
-0.00623703002929687 -0.0687217712402344 -0.0102920532226562 -0.0198593139648438
0.0140190124511719 -0.0667190551757813 -0.0177726745605469 -0.0153541564941406
0.0522613525390625 -0.0532035827636719 -0.0193424224853516 -0.0130596160888672
0.0782241821289062 -0.0146026611328125 -0.0139026641845703 -0.0284862518310547
0.070831298828125 0.063873291015625 -0.0029296875 -0.0367622375488281
0.039459228515625 0.104530334472656 0.0123443603515625 -0.0402565002441406
-0.02032470703125 0.120414733886719 0.00270652770996093 -0.0268115997314453
-0.0525360107421875 0.110977172851562 0.0531883239746094 0.0376968383789063
-0.00828552246093749 0.103317260742187 0.0105400085449219 0.0501480102539063
0.0454788208007812 0.0986862182617188 0.012969970703125 0.0668678283691406
0.08404541015625 0.035675048828125 0.0501708984375 0.0466995239257813
0.0750503540039063 -0.0172653198242188 0.055267333984375 0.0109939575195312
0.0387115478515625 -0.06463623046875 0.0366134643554688 -0.0258407592773438
0.0053863525390625 -0.0749664306640625 0.00905799865722656 -0.0264129638671875
0.0049285888671875 -0.0690498352050781 -0.00475835800170898 -0.0064840316772461
-0.0035858154296875 -0.0794830322265625 -0.0064697265625 0.00213050842285156
0.018218994140625 -0.0750198364257813 -0.0194301605224609 0.00618553161621093
0.0590324401855469 -0.0569648742675781 -0.0236644744873047 0.00415802001953124
0.08294677734375 -0.0131301879882813 -0.020843505859375 -0.0168876647949219
0.0690345764160156 0.069305419921875 -0.00748443603515625 -0.0284461975097656
0.0301437377929688 0.105804443359375 0.0143775939941406 -0.0198001861572266
-0.0327682495117188 0.113990783691406 -0.00945758819580078 0.00908851623535157
-0.061187744140625 0.0858993530273438 0.0309219360351563 0.0754241943359375
-0.0284423828125 0.0926055908203125 -0.000328063964843759 0.0762710571289063
0.0247955322265625 0.101722717285156 0.00195312499999999 0.0723037719726563
0.0756072998046875 0.0476608276367188 0.0314140319824219 0.0561485290527344
0.0757369995117188 -0.007476806640625 0.0382156372070313 0.0280609130859375
0.0442466735839844 -0.0600166320800781 0.0299224853515625 -0.000312805175781254
0.010894775390625 -0.0729293823242188 0.0117712020874023 0.000933647155761714
0.0084381103515625 -0.067626953125 0.000560760498046876 0.015899658203125
0.000381469726562503 -0.079010009765625 -0.00161552429199219 0.025115966796875
0.0211029052734375 -0.0729141235351563 -0.0197353363037109 0.0269145965576172
0.0603141784667969 -0.0526313781738281 -0.0280132293701172 0.0203437805175781
0.0792465209960938 -0.0070343017578125 -0.0278587341308594 -0.00636291503906249
0.0573959350585938 0.0709609985351563 -0.0121307373046875 -0.0221519470214844
0.01312255859375 0.0974807739257813 0.0146369934082031 -0.000745773315429682
-0.0443267822265625 0.0936660766601563 -0.0231475830078125 0.0415992736816406
-0.0577125549316406 0.0445785522460937 0.00699615478515625 0.102226257324219
-0.0400238037109375 0.0620155334472656 -0.0125732421875 0.0933074951171875
0.000686645507812495 0.081878662109375 -0.00711822509765625 0.0706024169921875
0.0514602661132813 0.047576904296875 0.0134315490722656 0.0584259033203125
0.0606575012207031 0.00226211547851562 0.0200233459472656 0.0383148193359375
0.0406303405761719 -0.0454902648925781 0.0200634002685547 0.0222225189208984
0.0139846801757813 -0.0581893920898438 0.0131282806396484 0.0260601043701172
0.0109825134277344 -0.0553855895996094 0.00598526000976562 0.0366554260253906
0.00495147705078125 -0.0666961669921875 0.00194931030273438 0.0460662841796875
0.0221710205078125 -0.0612831115722656 -0.021240234375 0.04644775390625
0.0552444458007812 -0.0409774780273438 -0.0335311889648437 0.0345802307128906
0.067657470703125 0.00130081176757813 -0.0355072021484375 0.00214767456054687
0.0376358032226563 0.0668601989746094 -0.0167951583862305 -0.0174789428710938
-0.00666809082031251 0.0786972045898438 0.0118885040283203 0.0152053833007813
-0.0523910522460938 0.0611190795898438 -0.0400886535644531 0.0665664672851563
-0.0443267822265625 -0.0036468505859375 -0.00945281982421876 0.113670349121094
-0.0424003601074219 0.0202064514160156 -0.0194244384765625 0.0988006591796875
-0.0199737548828125 0.0458335876464844 -0.0102043151855469 0.0645332336425781
0.02020263671875 0.0365524291992188 0.000991821289062503 0.055877685546875
0.0340480804443359 0.00926017761230469 0.00701141357421875 0.0423011779785156
0.0294532775878906 -0.0234546661376953 0.0121650695800781 0.0374069213867188
0.0142307281494141 -0.0349521636962891 0.0143661499023438 0.0445213317871094
0.0114383697509766 -0.0350856781005859 0.0100631713867188 0.0514564514160156
0.00841903686523437 -0.0446929931640625 0.00299835205078125 0.06256103515625
0.0204086303710937 -0.0413169860839844 -0.0242576599121094 0.0616569519042969
0.0436668395996094 -0.0247650146484375 -0.0408058166503906 0.0437774658203125
0.0484352111816406 0.00849533081054688 -0.04425048828125 0.00673675537109374
0.0158843994140625 0.0542526245117187 -0.0227699279785156 -0.0163192749023437
-0.0248641967773438 0.0508193969726562 0.00415611267089843 0.0253849029541016
-0.0526161193847656 0.0207557678222656 -0.0577850341796875 0.0796737670898437
0.0344295501708984 0.0300216674804688 0.0641326904296875 -0.088043212890625
0.0310344696044922 -0.0203514099121094 0.0042877197265625 -0.0332279205322266
0.000602722167968748 -0.0298328399658203 0.0241107940673828 0.0243492126464844
-0.0197162628173828 -0.0124053955078125 0.0635604858398438 0.000297546386718749
-0.0206928253173828 0.00463676452636719 0.0580978393554688 -0.0449447631835938
-0.0142841339111328 0.0179538726806641 0.0261993408203125 -0.0747146606445313
-0.0110397338867188 0.0139074325561523 -0.007110595703125 -0.0789794921875
-0.011113166809082 0.0120553970336914 -0.0146217346191406 -0.0615119934082031
-0.0145273208618164 0.011845588684082 -0.0166015625 -0.0533599853515625
-0.0176906585693359 -0.00189971923828125 -0.0097503662109375 -0.0486373901367188
-0.009033203125 -0.0179901123046875 -0.00690460205078126 -0.0471115112304688
0.0141830444335938 -0.0238838195800781 0.00435638427734375 -0.056427001953125
0.0382156372070313 -0.00358200073242187 0.0200080871582031 -0.0662040710449219
0.0437355041503906 0.02630615234375 0.0213394165039063 -0.0960235595703125
0.0286102294921875 0.0502471923828125 0.0255813598632813 -0.115859985351563
0.0157394409179687 0.0737838745117188 0.0773773193359375 -0.073333740234375
0.0347938537597656 0.0200424194335938 0.0138492584228516 -0.0250720977783203
0.0267658233642578 0.00150108337402344 0.0276432037353516 0.0325927734375
0.0136442184448242 -0.00925254821777344 0.0702857971191406 0.00635910034179687
0.00510597229003906 -0.00986957550048828 0.0670814514160156 -0.0404510498046875
-0.00429534912109375 -0.0107564926147461 0.0324554443359375 -0.07672119140625
-0.0110445022583008 -0.0171613693237305 -0.00467681884765625 -0.0803070068359375
-0.00836277008056641 -0.0171146392822266 -0.0148124694824219 -0.0586509704589844
-0.0122604370117188 -0.0203685760498047 -0.0160675048828125 -0.0506248474121094
-0.00368309020996094 -0.0282726287841797 -0.0126991271972656 -0.0451622009277344
0.0183010101318359 -0.0302867889404297 -0.00923538208007812 -0.0414772033691406
0.0438613891601563 -0.0152816772460938 0.00115966796875 -0.0506324768066406
0.0520858764648438 0.031280517578125 0.0135574340820313 -0.0573463439941406
0.0429458618164063 0.0666275024414063 0.0166091918945313 -0.083099365234375
0.00923156738281249 0.0904541015625 0.02252197265625 -0.0958404541015625
-0.00942230224609374 0.106010437011719 0.0808029174804688 -0.04510498046875
0.0282096862792969 0.0616912841796875 0.0186347961425781 -0.00611495971679687
0.0470542907714844 0.0399131774902344 0.0278778076171875 0.0453605651855469
0.04840087890625 0.00123214721679688 0.0728378295898438 0.0188674926757813
0.034881591796875 -0.0198593139648437 0.0720291137695313 -0.0286483764648438
0.0105094909667969 -0.0382499694824219 0.0385971069335938 -0.0690460205078125
-0.00768280029296875 -0.0455741882324219 -0.000480651855468744 -0.0714645385742187
-0.00459671020507813 -0.0426673889160156 -0.0130882263183594 -0.0473403930664063
-0.00977325439453125 -0.04931640625 -0.0148429870605469 -0.0388221740722656
0.00691223144531251 -0.0515518188476563 -0.0163688659667969 -0.0338478088378906
0.03955078125 -0.0442771911621094 -0.0153884887695312 -0.0301246643066406
0.0672035217285156 -0.0138359069824219 -0.00650405883789062 -0.0422515869140625
0.0662918090820313 0.0541610717773438 0.00489044189453126 -0.0484809875488281
0.0431747436523438 0.0940780639648437 0.0134086608886719 -0.06378173828125
-0.00743865966796876 0.115737915039063 0.0138626098632812 -0.0642356872558593
-0.0341796875 0.121559143066406 0.073516845703125 -0.00483703613281249
0.0127792358398438 0.0933990478515625 0.017608642578125 0.0208797454833984
0.0559005737304688 0.076690673828125 0.0226974487304688 0.0591201782226563
0.07574462890625 0.0176239013671875 0.0666427612304688 0.03485107421875
0.0613822937011719 -0.0230369567871094 0.069793701171875 -0.00908279418945313
0.0259132385253906 -0.0581283569335937 0.0409812927246094 -0.0517005920410156
-0.0021514892578125 -0.0668792724609375 0.00426483154296875 -0.0531005859375
-7.62939453125193E-06 -0.0621337890625 -0.00985145568847656 -0.0288887023925781
-0.00740814208984375 -0.0707855224609375 -0.0119380950927734 -0.0202217102050781
0.0130233764648437 -0.0689010620117188 -0.0194740295410156 -0.0156021118164063
0.0528526306152344 -0.055450439453125 -0.0204944610595703 -0.0142402648925781
0.080963134765625 -0.0159530639648438 -0.0144977569580078 -0.0307960510253906
0.0748062133789063 0.0654830932617188 -0.00282669067382813 -0.0389251708984375
0.0422515869140625 0.107368469238281 0.0129127502441406 -0.0428085327148437
-0.0203628540039062 0.125831604003906 0.00255203247070313 -0.0279483795166016
-0.0538101196289062 0.11627197265625 0.0555419921875 0.0382499694824219
-0.00846099853515624 0.106452941894531 0.0102462768554688 0.0511245727539063
0.0486526489257812 0.102210998535156 0.0124969482421875 0.0711593627929688
0.0875396728515625 0.0358047485351563 0.052459716796875 0.0503082275390625
0.0779037475585937 -0.0183258056640625 0.0589485168457031 0.0117988586425781
0.0387191772460938 -0.0666313171386719 0.0387344360351563 -0.02740478515625
0.00408935546874999 -0.0778121948242188 0.00877952575683594 -0.0276470184326172
0.00397491455078126 -0.071746826171875 -0.00511693954467773 -0.00597810745239258
-0.00537872314453125 -0.0813674926757813 -0.00760602951049805 0.00234556198120117
0.0169754028320313 -0.0773849487304687 -0.0209236145019531 0.00628662109374999
0.0597953796386719 -0.0597877502441406 -0.0251846313476562 0.00377845764160156
0.0858154296875 -0.014617919921875 -0.02166748046875 -0.0184726715087891
0.0729598999023438 0.0711288452148438 -0.00783157348632812 -0.0304450988769531
0.0325851440429688 0.109207153320313 0.0152606964111328 -0.0211887359619141
-0.0334396362304688 0.119087219238281 -0.00976371765136719 0.00948524475097657
-0.0631027221679687 0.0897445678710938 0.03289794921875 0.0780715942382813
-0.0295791625976563 0.0958786010742188 -0.000541687011718759 0.0782470703125
0.0273971557617187 0.105987548828125 0.000816345214843756 0.0760955810546875
0.078460693359375 0.0485305786132813 0.0328102111816406 0.0602645874023438
0.07867431640625 -0.00800323486328125 0.0413017272949219 0.0300559997558594
0.04498291015625 -0.0628013610839844 0.0314445495605469 -0.00115585327148438
0.00992584228515624 -0.075653076171875 0.0121860504150391 0.000719070434570308
0.00787353515625001 -0.070648193359375 0.000530242919921876 0.0169181823730469
-0.000915527343749998 -0.0814971923828125 -0.00224113464355469 0.0260143280029297
0.0199127197265625 -0.0751953125 -0.0213661193847656 0.0280113220214844
0.0613174438476562 -0.0553779602050781 -0.0289993286132812 0.0208721160888672
0.0821075439453125 -0.00811767578125 -0.0283641815185547 -0.00703620910644531
0.060760498046875 0.0732879638671875 -0.0118732452392578 -0.0232295989990234
0.015106201171875 0.1005859375 0.0156459808349609 -0.00160121917724609
-0.045745849609375 0.0982284545898438 -0.0240516662597656 0.043426513671875
-0.0597305297851563 0.0466461181640625 0.0084381103515625 0.10552978515625
-0.0420112609863281 0.0643768310546875 -0.0129928588867188 0.0962905883789063
0.00139617919921875 0.0854568481445312 -0.00832366943359374 0.0743789672851563
0.0538063049316406 0.0492515563964844 0.0140342712402344 0.0624008178710938
0.0627288818359375 0.0019989013671875 0.0223312377929688 0.0405502319335938
0.0415191650390625 -0.0474395751953125 0.0217819213867188 0.0221824645996094
0.0130615234375 -0.0610084533691406 0.0142269134521484 0.0263118743896484
0.010528564453125 -0.0580825805664063 0.00651168823242188 0.0379447937011719
0.0034637451171875 -0.0689353942871094 0.001678466796875 0.0479888916015625
0.0211181640625 -0.0636329650878906 -0.0222091674804688 0.0481185913085937
0.0565910339355469 -0.0433120727539063 -0.0350227355957031 0.0354728698730469
0.0700950622558594 0.00095367431640625 -0.0371055603027344 0.00136947631835937
0.0405082702636719 0.0690155029296875 -0.0170364379882812 -0.0187397003173828
-0.00624847412109374 0.0819168090820313 0.0132846832275391 0.0151567459106445
-0.0538520812988281 0.064117431640625 -0.0407371520996094 0.0692710876464844
-0.0462493896484375 -0.00396728515625 -0.00843048095703126 0.117576599121094
-0.0442543029785156 0.0212821960449219 -0.019683837890625 0.102554321289063
-0.0202178955078125 0.0485382080078125 -0.0120925903320313 0.0678977966308594
0.0216522216796875 0.0375747680664063 0.001434326171875 0.0595703125
0.03558349609375 0.00997161865234375 0.00852584838867188 0.0447273254394531
0.0297126770019531 -0.0249366760253906 0.0136871337890625 0.038421630859375
0.0144119262695313 -0.0364456176757813 0.0158653259277344 0.0455436706542969
0.011383056640625 -0.036865234375 0.0105400085449219 0.0531005859375
0.00770187377929688 -0.0461578369140625 0.00350189208984375 0.0647964477539063
0.0199661254882813 -0.0439682006835938 -0.0252151489257813 0.063507080078125
0.0450706481933594 -0.0264663696289062 -0.04217529296875 0.0451850891113281
0.0503654479980469 0.00848770141601563 -0.0457382202148437 0.00708389282226563
0.0174560546875 0.0568656921386719 -0.0237998962402344 -0.0171165466308594
-0.0256385803222656 0.0532188415527344 0.00531578063964844 0.0255031585693359
-0.0548133850097656 0.0218849182128906 -0.0591659545898437 0.08245849609375
0.0381278991699219 0.0306358337402344 0.0643463134765625 -0.0943832397460937
0.0317020416259766 -0.021881103515625 0.00227737426757813 -0.0341281890869141
-0.000316619873046876 -0.0318527221679688 0.0265274047851563 0.0256595611572266
-0.0216846466064453 -0.012603759765625 0.066802978515625 -0.00104141235351563
-0.0222301483154297 0.00592613220214844 0.0594215393066406 -0.0489387512207031
-0.0142650604248047 0.0205402374267578 0.0256118774414063 -0.078521728515625
-0.0105924606323242 0.0155315399169922 -0.0101852416992187 -0.0824661254882813
-0.010676383972168 0.0133695602416992 -0.0174560546875 -0.0637016296386719
-0.0139951705932617 0.0132455825805664 -0.0192604064941406 -0.0553092956542969
-0.0184745788574219 -0.000570297241210938 -0.0121192932128906 -0.0505332946777344
-0.0102710723876953 -0.0181064605712891 -0.00878143310546875 -0.049560546875
0.0134258270263672 -0.025909423828125 0.00267410278320313 -0.0606193542480469
0.040069580078125 -0.00537872314453125 0.0199661254882813 -0.0709686279296875
0.0470924377441406 0.0258445739746094 0.0191879272460938 -0.101478576660156
0.0324287414550781 0.0525131225585938 0.02301025390625 -0.122932434082031
0.0198898315429687 0.077362060546875 0.0785751342773438 -0.07965087890625
0.03668212890625 0.0201454162597656 0.0121746063232422 -0.0267543792724609
0.0279006958007813 3.814697265625E-06 0.0305004119873047 0.0341396331787109
0.0135469436645508 -0.0107297897338867 0.0743637084960938 0.00504302978515625
0.00442981719970703 -0.0104284286499023 0.0693092346191406 -0.0444984436035156
-0.00485324859619141 -0.0106420516967773 0.0318679809570312 -0.0814056396484375
-0.0122957229614258 -0.0166234970092773 -0.0078125 -0.084075927734375
-0.00905513763427734 -0.016942024230957 -0.0171928405761719 -0.0607566833496094
-0.013397216796875 -0.0204563140869141 -0.0190582275390625 -0.0523605346679688
-0.00501251220703125 -0.0281276702880859 -0.01483154296875 -0.04730224609375
0.0174751281738281 -0.0320854187011719 -0.0115432739257812 -0.0438575744628906
0.0446014404296875 -0.0175666809082031 -0.000144958496093743 -0.0544815063476563
0.0558815002441406 0.0303497314453125 0.0135574340820312 -0.0620155334472656
0.0474472045898438 0.0675201416015625 0.01513671875 -0.0876693725585937
0.0131301879882812 0.0950698852539063 0.0199050903320313 -0.101959228515625
-0.0055999755859375 0.112327575683594 0.0832901000976563 -0.0497207641601562
0.0310173034667969 0.0637931823730469 0.0177841186523438 -0.00740623474121093
0.0513763427734375 0.0396804809570313 0.0302085876464844 0.0478477478027344
0.0504684448242187 -0.00078582763671875 0.0770263671875 0.0188674926757813
0.0354690551757813 -0.0220718383789063 0.0756988525390625 -0.0317459106445313
0.00892257690429687 -0.0397186279296875 0.0382003784179688 -0.0740737915039063
-0.0101432800292969 -0.0472221374511719 -0.00299072265625 -0.0749893188476563
-0.00641250610351563 -0.0443305969238281 -0.0154342651367188 -0.0483207702636719
-0.0120620727539063 -0.0506973266601563 -0.0170783996582031 -0.0400238037109375
0.00517654418945313 -0.0533790588378906 -0.0191612243652344 -0.0344676971435547
0.0390243530273437 -0.0471305847167969 -0.0174217224121094 -0.0316123962402344
0.0695762634277344 -0.0170936584472656 -0.00816345214843749 -0.045623779296875
0.0718994140625 0.0541152954101563 0.00441741943359376 -0.052276611328125
0.0495376586914063 0.0963592529296875 0.012237548828125 -0.0681953430175781
-0.00390624999999999 0.122421264648438 0.0117759704589844 -0.0684242248535156
-0.0314483642578125 0.128982543945313 0.0769500732421875 -0.00728607177734374
0.0157546997070313 0.0973281860351563 0.0175132751464844 0.0210437774658203
0.062103271484375 0.0785751342773438 0.0249176025390625 0.063079833984375
0.079620361328125 0.0151824951171875 0.0716934204101563 0.0357284545898437
0.0634307861328125 -0.0261497497558594 0.0740509033203125 -0.0118255615234375
0.0245780944824219 -0.0611572265625 0.0415306091308594 -0.0560874938964844
-0.00517654418945312 -0.069549560546875 0.00246429443359375 -0.0554771423339844
-0.00243377685546874 -0.0648002624511719 -0.0110626220703125 -0.0292778015136719
-0.0113983154296875 -0.07269287109375 -0.0137748718261719 -0.0208034515380859
0.0106735229492188 -0.0721206665039063 -0.0214500427246094 -0.0157356262207031
0.0527076721191406 -0.0594406127929688 -0.0229892730712891 -0.0148754119873047
0.084075927734375 -0.0193405151367188 -0.0161590576171875 -0.0333976745605469
0.0813446044921875 0.06591796875 -0.00297164916992187 -0.0421867370605469
0.0484085083007813 0.11065673828125 0.0124168395996094 -0.0462379455566406
-0.0174331665039062 0.133399963378906 0.00119209289550781 -0.0300045013427734
-0.052337646484375 0.124198913574219 0.0595588684082031 0.0380973815917969
-0.00637817382812499 0.112281799316406 0.0108718872070312 0.0531158447265625
0.0547103881835938 0.105491638183594 0.0142974853515625 0.0758132934570313
0.0925140380859375 0.0341949462890625 0.0567474365234375 0.0528106689453125
0.0812606811523438 -0.0217361450195312 0.0632400512695313 0.0109367370605469
0.03765869140625 -0.0707778930664063 0.0396881103515625 -0.0308990478515625
0.000938415527343756 -0.0814437866210938 0.00767135620117188 -0.0296249389648438
0.00173950195312499 -0.0753326416015625 -0.00552511215209961 -0.00573921203613282
-0.0090179443359375 -0.0847091674804688 -0.00823593139648438 0.00260305404663085
0.0143585205078125 -0.0811233520507813 -0.022216796875 0.00701141357421875
0.0596923828125 -0.0646247863769531 -0.0266742706298828 0.00415420532226563
0.0891571044921875 -0.0184478759765625 -0.0235977172851562 -0.0200366973876953
0.07952880859375 0.0721817016601563 -0.00810050964355468 -0.0328178405761719
0.03851318359375 0.112533569335938 0.0157203674316406 -0.0239677429199219
-0.0309219360351563 0.127006530761719 -0.0102901458740234 0.0101165771484375
-0.0633544921875 0.0967254638671875 0.0367660522460937 0.0807571411132813
-0.0285720825195313 0.101593017578125 0.000457763671875002 0.0814437866210938
0.0323944091796875 0.110733032226563 0.00215911865234375 0.08160400390625
0.083770751953125 0.0483779907226563 0.0362892150878906 0.0637893676757813
0.0828094482421875 -0.0106201171875 0.0453529357910156 0.0307273864746094
0.0442466735839844 -0.067230224609375 0.0332984924316406 -0.00252151489257813
0.0070953369140625 -0.07977294921875 0.012969970703125 -0.00024795532226563
0.00566864013671876 -0.0739898681640625 0.000972747802734374 0.0185623168945312
-0.00494384765624999 -0.084716796875 -0.00252914428710937 0.0273170471191406
0.0169830322265625 -0.0795440673828125 -0.0218830108642578 0.0296554565429687
0.0614662170410156 -0.0603561401367188 -0.0301742553710938 0.0218353271484375
0.0854873657226563 -0.0117950439453125 -0.0302276611328125 -0.00751876831054687
0.0665512084960938 0.0748367309570313 -0.0127239227294922 -0.0246238708496094
0.0193023681640625 0.104660034179688 0.0173425674438477 -0.00301837921142577
-0.0445022583007813 0.104850769042969 -0.0237922668457031 0.045867919921875
-0.0612945556640625 0.0508460998535156 0.01226806640625 0.110107421875
-0.0424537658691406 0.0688018798828125 -0.0115814208984375 0.100860595703125
0.00507354736328125 0.0902252197265625 -0.00760650634765625 0.0796661376953125
0.0584602355957031 0.0499229431152344 0.0164146423339844 0.0666656494140625
0.0666084289550781 0.0006103515625 0.02581787109375 0.0426483154296875
0.04107666015625 -0.051666259765625 0.0240879058837891 0.022125244140625
0.0112838745117187 -0.0650978088378906 0.0160560607910156 0.0271034240722656
0.00864410400390624 -0.0614089965820313 0.00780868530273438 0.0405044555664062
0.000732421875000006 -0.0723190307617188 0.0028228759765625 0.0498199462890625
0.0189056396484375 -0.067596435546875 -0.0225601196289063 0.0513420104980469
0.0574493408203125 -0.048095703125 -0.0356483459472656 0.0371780395507813
0.073883056640625 -0.0020599365234375 -0.0382347106933594 0.00243377685546875
0.0455398559570313 0.0718154907226563 -0.0178890228271484 -0.0193252563476563
-0.00376129150390624 0.0859527587890625 0.0153102874755859 0.0146560668945313
-0.0544471740722656 0.0691986083984375 -0.0406036376953125 0.07366943359375
-0.048492431640625 -0.00246810913085938 -0.00472259521484375 0.123199462890625
-0.0461196899414063 0.0238571166992187 -0.0178375244140625 0.107643127441406
-0.0192718505859375 0.0522613525390625 -0.0115585327148438 0.0723342895507813
0.0244865417480469 0.0388374328613281 0.00305557250976563 0.0640869140625
0.0387191772460938 0.00926589965820313 0.0108642578125 0.0474281311035156
0.0303535461425781 -0.0275363922119141 0.0161666870117188 0.0395431518554687
0.0132560729980469 -0.0394935607910156 0.0183677673339844 0.0465774536132813
0.0107269287109375 -0.0397720336914063 0.01287841796875 0.055633544921875
0.00644683837890625 -0.0492744445800781 0.00511932373046875 0.06732177734375
0.0187759399414063 -0.0466232299804688 -0.0247688293457031 0.0672607421875
0.0464935302734375 -0.0300025939941406 -0.0426406860351562 0.0480308532714844
0.053741455078125 0.00674819946289063 -0.0473365783691406 0.0085906982421875
0.02056884765625 0.0595283508300781 -0.0247440338134766 -0.0177783966064453
-0.0249786376953125 0.0568275451660156 0.00737953186035156 0.0256023406982422
-0.0568428039550781 0.0249481201171875 -0.059051513671875 0.0884017944335938
0.0426712036132813 0.0296630859375 0.0609817504882813 -0.101387023925781
0.0315017700195313 -0.0251846313476562 -0.000844955444335932 -0.0343837738037109
-0.00295448303222656 -0.0335178375244141 0.0291156768798828 0.0258140563964844
-0.0237541198730469 -0.0124874114990234 0.068634033203125 -0.00470352172851563
-0.0229244232177734 0.00760078430175781 0.0587806701660156 -0.0536270141601563
-0.0131168365478516 0.02264404296875 0.0222625732421875 -0.0829010009765625
-0.009490966796875 0.0177669525146484 -0.0153579711914062 -0.0845794677734375
-0.00947284698486328 0.0149307250976563 -0.0217971801757813 -0.0648727416992188
-0.0129117965698242 0.0147647857666016 -0.023468017578125 -0.0557060241699219
-0.0187549591064453 0.00132179260253906 -0.0156021118164063 -0.0517349243164063
-0.0122213363647461 -0.0174036026000977 -0.0119094848632813 -0.0511283874511719
0.0120258331298828 -0.0279788970947266 -0.000698089599609381 -0.0644302368164063
0.0413169860839844 -0.00882339477539062 0.0173721313476563 -0.0756912231445313
0.0505599975585937 0.0234107971191406 0.0144195556640625 -0.106101989746094
0.0372390747070313 0.052642822265625 0.0153427124023438 -0.12896728515625
0.0266036987304688 0.0791549682617187 0.0767364501953125 -0.0875396728515625
0.0390701293945312 0.0182685852050781 0.00922966003417969 -0.0280380249023438
0.0289726257324219 -0.00248336791992188 0.0339488983154297 0.0345573425292969
0.0129184722900391 -0.0123729705810547 0.077423095703125 0.0018157958984375
0.0038299560546875 -0.0107364654541016 0.0695877075195313 -0.05023193359375
-0.00580883026123047 -0.0093994140625 0.02880859375 -0.0864715576171875
-0.0133190155029297 -0.0155096054077148 -0.0132980346679688 -0.0860748291015625
-0.0103673934936523 -0.0165491104125977 -0.02142333984375 -0.0613174438476563
-0.0144805908203125 -0.0194625854492188 -0.0233001708984375 -0.0530891418457031
-0.00705337524414063 -0.0280361175537109 -0.0186882019042969 -0.0480003356933594
0.0156288146972656 -0.0333690643310547 -0.0148353576660156 -0.0452957153320313
0.0448951721191406 -0.0216217041015625 -0.00344467163085937 -0.0585060119628906
0.0600433349609375 0.0275039672851562 0.0109214782714844 -0.0658912658691406
0.05316162109375 0.0666999816894531 0.010711669921875 -0.0922012329101563
0.01959228515625 0.0985336303710937 0.0145263671875 -0.107063293457031
0.00176239013671875 0.1175537109375 0.0835342407226562 -0.05682373046875
0.0356712341308594 0.0642051696777344 0.0160884857177734 -0.00842475891113281
0.0558853149414063 0.0374984741210938 0.034149169921875 0.049346923828125
0.0516700744628906 -0.00452041625976562 0.0815048217773438 0.0161361694335938
0.0353507995605469 -0.0247688293457031 0.0775527954101563 -0.0373153686523438
0.00665664672851563 -0.0404624938964844 0.0353622436523438 -0.07928466796875
-0.0138320922851563 -0.0471687316894531 -0.00812530517578124 -0.0768280029296875
-0.00911331176757813 -0.0456352233886719 -0.0185432434082031 -0.0488929748535156
-0.0154953002929687 -0.05078125 -0.0211830139160156 -0.0402488708496094
0.0019989013671875 -0.0547599792480469 -0.0226821899414063 -0.0351905822753906
0.036865234375 -0.0510177612304688 -0.0205497741699219 -0.0326004028320313
0.0709686279296875 -0.0222625732421875 -0.0109214782714844 -0.0483894348144531
0.0779495239257813 0.050933837890625 0.00290679931640626 -0.055755615234375
0.0571441650390625 0.0958709716796875 0.00886535644531249 -0.0723648071289062
0.0041351318359375 0.127960205078125 0.00823211669921874 -0.0717926025390625
-0.0240707397460937 0.136871337890625 0.079193115234375 -0.0126495361328125
0.0220718383789063 0.100151062011719 0.0177745819091797 0.0208110809326172
0.0696487426757813 0.0776138305664063 0.0291099548339844 0.0654792785644531
0.0828323364257813 0.0104522705078125 0.0762863159179688 0.03460693359375
0.0641059875488281 -0.0312538146972656 0.0774688720703125 -0.0166168212890625
0.0210151672363281 -0.0642204284667969 0.040008544921875 -0.060760498046875
-0.0101776123046875 -0.0711898803710938 -0.000820159912109378 -0.0579566955566406
-0.00686264038085938 -0.066650390625 -0.0131340026855469 -0.0290679931640625
-0.0164413452148437 -0.0737457275390625 -0.0164108276367188 -0.0204906463623047
0.00597381591796875 -0.074127197265625 -0.0241928100585937 -0.0149192810058594
0.0498390197753906 -0.0649986267089844 -0.0248680114746094 -0.0149402618408203
0.0854263305664063 -0.025726318359375 -0.0190582275390625 -0.0349178314208984
0.08868408203125 0.0627670288085938 -0.0047607421875 -0.0448493957519531
0.0572891235351563 0.110313415527344 0.0102958679199219 -0.049713134765625
-0.00969696044921876 0.140113830566406 -0.000627517700195316 -0.0310440063476562
-0.0468978881835937 0.132179260253906 0.0640525817871094 0.0358734130859375
-0.000434875488281243 0.116813659667969 0.0129280090332031 0.0533103942871094
0.0636215209960938 0.106452941894531 0.0188140869140625 0.07958984375
0.0974273681640625 0.0297927856445313 0.0626792907714844 0.0532341003417969
0.0836257934570313 -0.0275650024414063 0.0675086975097656 0.00792312622070312
0.0343704223632812 -0.0751724243164063 0.0396041870117188 -0.0346260070800781
-0.00508880615234374 -0.0840835571289063 0.00646018981933594 -0.0310630798339844
-0.00312805175781251 -0.0778579711914063 -0.0061488151550293 -0.00513267517089844
-0.0148849487304688 -0.0864944458007813 -0.00946998596191406 0.00375652313232421
0.00922393798828126 -0.0839385986328125 -0.0237388610839844 0.00840950012207031
0.0567626953125 -0.070587158203125 -0.0283317565917969 0.00497627258300781
0.0910568237304688 -0.02508544921875 -0.0252723693847656 -0.0206642150878906
0.087554931640625 0.0693511962890625 -0.00966262817382812 -0.0347270965576172
0.0471267700195313 0.113868713378906 0.0149955749511719 -0.0265083312988281
-0.0242843627929688 0.133934020996094 -0.0100898742675781 0.0109148025512695
-0.0596694946289062 0.104164123535156 0.0430831909179688 0.08074951171875
-0.0245208740234375 0.107261657714844 0.00375366210937499 0.0837936401367188
0.0410919189453125 0.11297607421875 0.00541687011718751 0.086029052734375
0.0895233154296875 0.0450592041015625 0.0419540405273438 0.0656890869140625
0.0857315063476563 -0.0161972045898437 0.0502204895019531 0.0297012329101563
0.04144287109375 -0.0718536376953125 0.0343570709228516 -0.00507926940917969
0.0012969970703125 -0.0829315185546875 0.0135383605957031 -0.00124168395996094
0.000694274902343747 -0.0774078369140625 0.002410888671875 0.0195102691650391
-0.0112762451171875 -0.0866317749023438 -0.00177192687988281 0.0285053253173828
0.0118865966796875 -0.0826416015625 -0.0218353271484375 0.0320663452148437
0.0590171813964844 -0.0667228698730469 -0.03057861328125 0.0237617492675781
0.088104248046875 -0.0180435180664063 -0.0319309234619141 -0.00690269470214844
0.0742721557617188 0.0732040405273438 -0.0140953063964844 -0.0262031555175781
0.0264663696289062 0.106788635253906 0.0182952880859375 -0.00519180297851562
-0.0395584106445312 0.11212158203125 -0.0220451354980469 0.0490226745605469
-0.0608291625976563 0.0566368103027344 0.0189132690429688 0.113113403320313
-0.040008544921875 0.0740890502929688 -0.00713348388671876 0.104049682617188
0.0108108520507813 0.0938796997070313 -0.00439453125000001 0.0845794677734375
0.06341552734375 0.0481414794921875 0.0212135314941406 0.06964111328125
0.0699005126953125 -0.00345230102539062 0.0300750732421875 0.0431976318359375
0.0393104553222656 -0.0559730529785156 0.0261917114257813 0.0205650329589844
0.00635147094726563 -0.0679740905761719 0.0182743072509766 0.0266036987304687
0.00460052490234375 -0.0644912719726563 0.0106582641601562 0.0412101745605469
-0.00492095947265625 -0.07440185546875 0.00479125976562499 0.0516586303710937
0.0148696899414062 -0.0707168579101563 -0.0207710266113281 0.0539970397949219
0.0558433532714844 -0.0537033081054688 -0.0349998474121094 0.0400733947753906
0.0765457153320313 -0.00689697265625 -0.0395050048828125 0.00326538085937499
0.0520477294921875 0.0718612670898438 -0.0190505981445312 -0.0199470520019531
0.00106048583984376 0.0891189575195313 0.0175704956054688 0.0130758285522461
-0.052276611328125 0.0760726928710937 -0.0374679565429687 0.0785064697265625
-0.0506820678710937 0.000167846679687489 0.00263977050781248 0.127754211425781
-0.0464744567871094 0.0279579162597656 -0.0124282836914063 0.112091064453125
-0.0164833068847656 0.0559883117675781 -0.00875854492187501 0.0770111083984375
0.0277481079101563 0.0390090942382813 0.00730133056640626 0.0677337646484375
0.0410652160644531 0.007110595703125 0.0146446228027344 0.0494384765625
0.0294551849365234 -0.0304965972900391 0.01934814453125 0.0397720336914063
0.0106773376464844 -0.0426368713378906 0.0219345092773437 0.0467605590820313
0.00815963745117188 -0.0420417785644531 0.0166015625 0.0570907592773438
0.00276565551757812 -0.0513687133789063 0.00922012329101562 0.0695419311523438
0.0158576965332031 -0.0497665405273438 -0.0223846435546875 0.0710601806640625
0.0463294982910156 -0.0345191955566406 -0.0419502258300781 0.0514373779296875
0.0566253662109375 0.00339889526367188 -0.04888916015625 0.0106658935546875
0.02545166015625 0.061126708984375 -0.0260448455810547 -0.0175399780273438
-0.0229721069335938 0.0605049133300781 0.0101470947265625 0.0249881744384766
-0.0575637817382813 0.0295867919921875 -0.0556259155273438 0.0948638916015625
0.0463218688964844 0.02630615234375 0.0546646118164063 -0.106002807617187
0.0296592712402344 -0.0278549194335938 -0.00495338439941406 -0.0336894989013672
-0.00613975524902344 -0.0342502593994141 0.0313053131103516 0.0245571136474609
-0.0255470275878906 -0.01116943359375 0.0690956115722656 -0.00803756713867188
-0.0233936309814453 0.00946617126464844 0.0561180114746094 -0.0567245483398438
-0.0117626190185547 0.024383544921875 0.0183258056640625 -0.0843734741210938
-0.00794029235839844 0.0194511413574219 -0.021026611328125 -0.0838088989257813
-0.00816917419433594 0.0159702301025391 -0.0257225036621094 -0.0635108947753906
-0.0109128952026367 0.0158958435058594 -0.0275459289550781 -0.0544548034667969
-0.0183010101318359 0.00380325317382813 -0.0193748474121094 -0.0507316589355469
-0.0141725540161133 -0.0156421661376953 -0.0153732299804688 -0.051849365234375
0.00970840454101563 -0.0291843414306641 -0.0051422119140625 -0.0655479431152344
0.0405426025390625 -0.012420654296875 0.0131607055664062 -0.07781982421875
0.0522041320800781 0.0198326110839844 0.00848388671875 -0.107254028320312
0.0422477722167969 0.0509452819824219 0.0069732666015625 -0.130813598632813
0.0335159301757813 0.0780715942382813 0.0715789794921875 -0.0934524536132813
0.0404586791992188 0.0159645080566406 0.00629234313964844 -0.0280532836914063
0.0285396575927734 -0.00502395629882813 0.036346435546875 0.0336952209472656
0.0112285614013672 -0.0137643814086914 0.0786895751953125 -0.00225067138671875
0.002899169921875 -0.0110139846801758 0.067047119140625 -0.0544662475585938
-0.00693750381469727 -0.00823211669921875 0.0239334106445313 -0.0884552001953125
-0.0148820877075195 -0.0135641098022461 -0.0189895629882813 -0.0858306884765625
-0.0111455917358398 -0.015437126159668 -0.0251541137695312 -0.0603675842285156
-0.0155315399169922 -0.0177268981933594 -0.02734375 -0.051361083984375
-0.00833702087402344 -0.0266323089599609 -0.0224266052246094 -0.0474739074707031
0.0127677917480469 -0.0337371826171875 -0.0182762145996094 -0.045501708984375
0.0433616638183594 -0.0246353149414063 -0.0074615478515625 -0.0598030090332031
0.062164306640625 0.0229072570800781 0.00756072998046876 -0.0685615539550781
0.0578575134277344 0.0626869201660156 0.00537109375 -0.0935897827148438
0.0272293090820313 0.0984725952148437 0.00714874267578126 -0.108726501464844
0.0109481811523438 0.118476867675781 0.0803604125976563 -0.0629501342773437
0.0398597717285156 0.0618515014648437 0.0140037536621094 -0.00917243957519531
0.0585975646972656 0.0334281921386719 0.0377540588378906 0.0488624572753906
0.0510520935058594 -0.00822067260742188 0.0832977294921875 0.01202392578125
0.0337066650390625 -0.0276908874511719 0.0764312744140625 -0.0423126220703125
0.00355148315429688 -0.0405540466308594 0.0307998657226563 -0.0821456909179688
-0.0172119140625 -0.0457572937011719 -0.0133132934570312 -0.0766830444335938
-0.011993408203125 -0.0446929931640625 -0.0214385986328125 -0.0479469299316406
-0.0187721252441406 -0.0492286682128906 -0.0241889953613281 -0.0390663146972656
-0.00199508666992188 -0.0538101196289063 -0.0252666473388672 -0.0334663391113281
0.0331001281738281 -0.0526542663574219 -0.0233497619628906 -0.0319595336914063
0.069183349609375 -0.0271949768066406 -0.0140495300292969 -0.0495109558105469
0.082244873046875 0.0451278686523438 -0.000514984130859366 -0.058197021484375
0.063690185546875 0.0917434692382812 0.00388336181640626 -0.0735321044921875
0.0126495361328125 0.129554748535156 0.00336456298828125 -0.0730972290039062
-0.0145797729492188 0.139854431152344 0.0791244506835937 -0.0183944702148437
0.0281829833984375 0.0991287231445312 0.0177383422851563 0.0193233489990234
0.0755386352539063 0.0729598999023438 0.0335693359375 0.0659103393554688
0.0839996337890625 0.004730224609375 0.0800094604492188 0.0316009521484375
0.0626487731933594 -0.0362358093261719 0.0780487060546875 -0.0212860107421875
0.0163764953613281 -0.0650596618652344 0.0363197326660156 -0.0642013549804688
-0.0155410766601563 -0.0697021484375 -0.00477218627929687 -0.0580558776855469
-0.0113983154296875 -0.0663604736328125 -0.0150051116943359 -0.0279045104980469
-0.0218505859375 -0.072265625 -0.0182914733886719 -0.0189342498779297
0.000457763671874994 -0.0736465454101562 -0.0263633728027344 -0.0130710601806641
0.0450248718261719 -0.0680084228515625 -0.0270195007324219 -0.0139064788818359
0.0842208862304688 -0.03204345703125 -0.0212821960449219 -0.0359344482421875
0.0939559936523437 0.05633544921875 -0.00700378417968749 -0.0467605590820313
0.0647506713867187 0.106307983398438 0.0076141357421875 -0.0514068603515625
-0.000289916992187501 0.142745971679688 -0.00264739990234375 -0.0316982269287109
-0.0383453369140625 0.136741638183594 0.0669059753417969 0.0314674377441406
0.00625610351562499 0.117362976074219 0.0149078369140625 0.0526275634765625
0.0716400146484375 0.10272216796875 0.02288818359375 0.0810470581054687
0.099884033203125 0.0235443115234375 0.0671157836914063 0.0511245727539063
0.0824127197265625 -0.0331649780273438 0.069915771484375 0.00358963012695312
0.0291366577148438 -0.0774154663085938 0.0378494262695313 -0.0378684997558594
-0.0115432739257813 -0.0833206176757813 0.00428581237792969 -0.0315322875976563
-0.00856781005859375 -0.0779953002929688 -0.00578451156616211 -0.0041799545288086
-0.0217666625976563 -0.0848922729492188 -0.00986862182617188 0.00455379486083984
0.00290679931640626 -0.0841522216796875 -0.0243721008300781 0.0107498168945312
0.0513992309570313 -0.0745697021484375 -0.0283031463623047 0.0062122344970703
0.0894012451171875 -0.0314178466796875 -0.0269298553466797 -0.0204391479492188
0.0931243896484375 0.063812255859375 -0.0112876892089844 -0.0362167358398438
0.0548782348632813 0.110260009765625 0.0135555267333984 -0.0285758972167969
-0.014923095703125 0.137641906738281 -0.00976276397705078 0.0115108489990234
-0.0532989501953125 0.108734130859375 0.0484161376953125 0.0780868530273438
-0.0183029174804688 0.1094970703125 0.00791931152343749 0.0835113525390625
0.0490798950195312 0.111671447753906 0.010772705078125 0.087738037109375
0.0930862426757813 0.0392379760742188 0.0471000671386719 0.0648956298828125
0.08575439453125 -0.0222625732421875 0.0533905029296875 0.0267677307128906
0.0360260009765625 -0.0746002197265625 0.0341682434082031 -0.00801467895507813
-0.00511169433593749 -0.0830230712890625 0.0132246017456055 -0.00230789184570313
-0.005035400390625 -0.0778884887695313 0.00388145446777344 0.01971435546875
-0.0178298950195312 -0.08587646484375 -0.00115585327148438 0.0290813446044922
0.00531005859374999 -0.0831222534179688 -0.0207195281982422 0.0339622497558594
0.0538253784179687 -0.070892333984375 -0.0299587249755859 0.0249691009521484
0.0871429443359375 -0.0243606567382813 -0.032562255859375 -0.00642585754394532
0.0802154541015625 0.0686264038085938 -0.0151576995849609 -0.0267009735107422
0.03369140625 0.104606628417969 0.0182838439941406 -0.00772857666015624
-0.0322799682617188 0.116165161132813 -0.0188446044921875 0.0505752563476563
-0.0572967529296875 0.0611953735351563 0.02685546875 0.112068176269531
-0.0366439819335938 0.0773391723632813 -0.00135040283203125 0.104835510253906
0.0175857543945313 0.0945053100585938 0.000389099121093746 0.0865478515625
0.0671768188476562 0.0445518493652344 0.0263137817382813 0.0703964233398438
0.0707931518554688 -0.00868988037109375 0.0338973999023438 0.0416603088378906
0.0351333618164063 -0.0585174560546875 0.0278587341308594 0.0190601348876953
0.000923156738281243 -0.0690574645996094 0.0204181671142578 0.0252113342285156
-0.000152587890625005 -0.0655555725097656 0.0130386352539062 0.0412406921386719
-0.0104827880859375 -0.0743026733398438 0.0075225830078125 0.0515899658203125
0.00916290283203126 -0.072021484375 -0.0185165405273437 0.05572509765625
0.0521354675292969 -0.0582084655761719 -0.0331611633300781 0.0419845581054687
0.0765380859375 -0.0124740600585938 -0.0397377014160156 0.004974365234375
0.0584487915039063 0.0686492919921875 -0.0202045440673828 -0.0204868316650391
0.00698852539062499 0.0895614624023438 0.0190982818603516 0.0107631683349609
-0.04754638671875 0.0801162719726563 -0.03240966796875 0.0811767578125
-0.0513191223144531 0.00346374511718751 0.0108184814453125 0.127891540527344
-0.0457725524902344 0.0316429138183594 -0.00598144531250001 0.11309814453125
-0.0126991271972656 0.0587310791015625 -0.0042266845703125 0.0788803100585938
0.0313529968261719 0.0374946594238281 0.011962890625 0.068939208984375
0.0421104431152344 0.00448226928710937 0.0189094543457031 0.0492362976074219
0.0270538330078125 -0.0328445434570313 0.0224113464355469 0.0380058288574219
0.00695419311523438 -0.0438156127929688 0.0256309509277344 0.0453948974609375
0.004974365234375 -0.043731689453125 0.0206756591796875 0.0562057495117187
-0.00118637084960937 -0.0520820617675781 0.0128173828125 0.0694313049316406
0.0118980407714844 -0.0512657165527344 -0.018585205078125 0.0725860595703125
0.0435523986816406 -0.0384750366210938 -0.0391006469726562 0.0539131164550781
0.0576896667480469 -0.0004425048828125 -0.0488624572753906 0.0129508972167969
0.0300064086914062 0.0600204467773438 -0.02691650390625 -0.0172100067138672
-0.0188369750976562 0.0626716613769531 0.0126323699951172 0.0232906341552734
-0.05596923828125 0.0336189270019531 -0.0499725341796875 0.098876953125
0.0479774475097656 0.0235176086425781 0.0489044189453125 -0.107818603515625
0.0280914306640625 -0.0289039611816406 -0.00745010375976563 -0.0318737030029297
-0.00795745849609375 -0.0340633392333984 0.0322589874267578 0.0241355895996094
-0.0265560150146484 -0.00983238220214843 0.0684394836425781 -0.0101547241210937
-0.0232124328613281 0.0113086700439453 0.0530853271484375 -0.0579414367675781
-0.00970268249511719 0.0254783630371094 0.0151443481445313 -0.0840377807617188
-0.00585746765136719 0.0204315185546875 -0.0236434936523437 -0.08209228515625
-0.00673198699951172 0.0156593322753906 -0.0281867980957031 -0.0618820190429688
-0.009246826171875 0.0164937973022461 -0.0298919677734375 -0.0524177551269531
-0.016963005065918 0.00513076782226562 -0.0216941833496094 -0.0498237609863281
-0.0147466659545898 -0.0139017105102539 -0.0178413391113281 -0.0511856079101563
0.00763130187988281 -0.0294456481933594 -0.007568359375 -0.0658950805664063
0.0389442443847656 -0.0148391723632812 0.00986480712890625 -0.0782852172851563
0.0527763366699219 0.0169448852539063 0.00396728515625 -0.106086730957031
0.0449676513671875 0.0485725402832031 0.000793457031249994 -0.130096435546875
0.0374755859375 0.0753402709960938 0.0661773681640625 -0.0958786010742188
0.0405044555664063 0.0136566162109375 0.00341033935546875 -0.0264053344726563
0.0277080535888672 -0.0068359375 0.0376205444335938 0.0330009460449219
0.00960350036621094 -0.0143880844116211 0.07806396484375 -0.004241943359375
0.00144577026367187 -0.0105218887329102 0.0642051696777344 -0.0564460754394531
-0.00689697265625 -0.00695276260375976 0.0202255249023438 -0.0883255004882812
-0.0145263671875 -0.011836051940918 -0.022369384765625 -0.0835342407226563
-0.0111122131347656 -0.0147647857666016 -0.0270156860351563 -0.0584526062011719
-0.0158834457397461 -0.0164985656738281 -0.0295562744140625 -0.0490798950195313
-0.00897026062011719 -0.02471923828125 -0.024627685546875 -0.0457649230957031
0.0107135772705078 -0.0331897735595703 -0.0201988220214844 -0.0444831848144531
0.0411376953125 -0.026519775390625 -0.00983428955078125 -0.0605545043945313
0.0621833801269531 0.0190048217773437 0.00477981567382813 -0.068817138671875
0.0598793029785156 0.0586509704589844 0.00151062011718751 -0.0926132202148438
0.032379150390625 0.09588623046875 0.001739501953125 -0.108291625976563
0.0171279907226563 0.116783142089844 0.0764846801757813 -0.0662612915039062
0.0414810180664062 0.0594596862792969 0.0116653442382813 -0.00902271270751953
0.0598869323730469 0.0296058654785156 0.0395469665527344 0.0485801696777344
0.0490493774414063 -0.0108757019042969 0.0839462280273438 0.0098419189453125
0.0314617156982422 -0.0288448333740234 0.074066162109375 -0.0456085205078125
0.00139617919921875 -0.0393142700195313 0.0277099609375 -0.0824661254882812
-0.0191268920898437 -0.0432167053222656 -0.0167312622070313 -0.0751190185546875
-0.0135002136230469 -0.0434379577636719 -0.0226936340332031 -0.04583740234375
-0.0209121704101562 -0.0472755432128906 -0.0260505676269531 -0.03680419921875
-0.00462341308593751 -0.05181884765625 -0.0269966125488281 -0.0320167541503906
0.0297737121582031 -0.0527839660644531 -0.0249519348144531 -0.0314464569091797
0.0668907165527344 -0.0294380187988281 -0.0164871215820312 -0.0504875183105469
0.0831527709960937 0.0405349731445312 -0.00274276733398437 -0.0582389831542969
0.0668411254882813 0.0870742797851563 0.00169372558593751 -0.0732879638671875
0.0194625854492188 0.127777099609375 -0.000358581542968756 -0.0729141235351563
-0.00724792480468751 0.13897705078125 0.0774002075195312 -0.0222320556640625
0.0317916870117187 0.0971145629882813 0.01611328125 0.0185546875
0.0784378051757813 0.0688247680664062 0.0356712341308594 0.0660362243652344
0.0827560424804688 0.00092315673828125 0.0808334350585937 0.0291366577148437
0.06024169921875 -0.0387535095214844 0.0771865844726563 -0.0242080688476563
0.0128288269042969 -0.0642051696777344 0.0332221984863281 -0.0651092529296875
-0.0196113586425781 -0.0674629211425781 -0.00736618041992188 -0.0568962097167969
-0.0143852233886719 -0.0648460388183594 -0.0155220031738281 -0.0267181396484375
-0.0246963500976562 -0.0696487426757813 -0.019775390625 -0.0176124572753906
-0.0030975341796875 -0.0715789794921875 -0.0273303985595703 -0.0116024017333984
0.0403861999511719 -0.0682754516601563 -0.0278472900390625 -0.0131607055664062
0.0813140869140625 -0.0352935791015625 -0.0230216979980469 -0.0360908508300781
0.0956802368164063 0.051116943359375 -0.00885772705078124 -0.046966552734375
0.068328857421875 0.101417541503906 0.00538253784179688 -0.0518951416015625
0.00668334960937499 0.14166259765625 -0.00432586669921875 -0.0314521789550781
-0.0312347412109375 0.137191772460937 0.0676803588867188 0.02716064453125
0.0104751586914063 0.115814208984375 0.0150413513183594 0.0512504577636719
0.0759658813476563 0.0987625122070313 0.0259017944335937 0.0811386108398437
0.0992507934570312 0.0190048217773437 0.0690765380859375 0.0492134094238281
0.0801162719726563 -0.0372772216796875 0.0701217651367188 0.000877380371093748
0.024322509765625 -0.0770263671875 0.0354957580566406 -0.0390396118164063
-0.0157852172851563 -0.081207275390625 0.00304412841796875 -0.0315399169921875
-0.0122909545898437 -0.076812744140625 -0.00566577911376953 -0.00346851348876954
-0.0258026123046875 -0.0821075439453125 -0.0107307434082031 0.00578784942626953
-0.001922607421875 -0.081695556640625 -0.0244178771972656 0.0114212036132812
0.0466690063476562 -0.0754547119140625 -0.0289382934570313 0.00679016113281249
0.0865936279296875 -0.035400390625 -0.0284252166748047 -0.0211467742919922
0.0949172973632813 0.0582962036132812 -0.012725830078125 -0.0364265441894531
0.0583877563476562 0.105758666992188 0.0122718811035156 -0.0297527313232422
-0.00867462158203124 0.137054443359375 -0.00898933410644531 0.0112695693969727
-0.04779052734375 0.110466003417969 0.0512847900390625 0.0742645263671875
-0.0141448974609375 0.109169006347656 0.00982666015625 0.0815277099609375
0.0537872314453125 0.10888671875 0.0136947631835938 0.0883331298828125
0.09356689453125 0.0349578857421875 0.0496025085449219 0.0635337829589844
0.0844039916992188 -0.0263290405273438 0.0550270080566406 0.0242042541503906
0.0319671630859375 -0.0748214721679688 0.0334243774414063 -0.00948905944824219
-0.0102081298828125 -0.0814132690429688 0.012843132019043 -0.0026397705078125
-0.00888061523437501 -0.07696533203125 0.00508689880371094 0.0198497772216797
-0.02215576171875 -0.0830459594726563 -0.000421524047851564 0.0293426513671875
0.000564575195312491 -0.0821533203125 -0.0201416015625 0.0348396301269531
0.0492935180664063 -0.0722808837890625 -0.0291500091552734 0.0254859924316406
0.084747314453125 -0.028076171875 -0.0330638885498047 -0.00632476806640625
0.0828781127929688 0.0639190673828125 -0.0160388946533203 -0.0270938873291016
0.0375900268554687 0.101921081542969 0.01800537109375 -0.00940322875976562
-0.0264205932617187 0.116722106933594 -0.0159873962402344 0.050506591796875
-0.0544776916503906 0.0625877380371094 0.0314865112304688 0.109024047851563
-0.0338592529296875 0.0785140991210938 0.001953125 0.102958679199219
0.0220489501953125 0.0936660766601562 0.00341796874999999 0.0871429443359375
0.0685272216796875 0.0412559509277344 0.0294914245605469 0.0692977905273438
0.070404052734375 -0.011932373046875 0.0363426208496094 0.0402030944824219
0.031829833984375 -0.059417724609375 0.0281257629394531 0.0170230865478516
-0.00348663330078125 -0.0677871704101563 0.0210285186767578 0.0239505767822266
-0.00357818603515625 -0.0650634765625 0.0155715942382813 0.04052734375
-0.0144729614257813 -0.0725173950195313 0.0093841552734375 0.0512619018554688
0.00489044189453125 -0.071044921875 -0.0165367126464844 0.0563125610351562
0.0480232238769531 -0.0600395202636719 -0.0318717956542969 0.0421943664550781
0.0749435424804688 -0.0163192749023438 -0.0396270751953125 0.00554656982421875
0.0611000061035156 0.065399169921875 -0.0204410552978516 -0.0202693939208984
0.0108108520507812 0.0878372192382812 0.0198040008544922 0.00870132446289063
-0.0433120727539063 0.0819168090820312 -0.028594970703125 0.081390380859375
-0.0510597229003906 0.00542068481445312 0.0162582397460938 0.125396728515625
-0.0442390441894531 0.0336112976074219 -0.00159454345703124 0.111328125
-0.00918579101562501 0.0593223571777344 -0.00183105468750001 0.0791091918945313
0.0331573486328125 0.0359725952148438 0.0148887634277344 0.0684738159179688
0.0429267883300781 0.0023193359375 0.0215415954589844 0.0488052368164062
0.0249519348144531 -0.0341033935546875 0.0241622924804688 0.0363426208496094
0.00332260131835937 -0.04376220703125 0.0269241333007813 0.04339599609375
0.00181198120117188 -0.0436286926269531 0.0231285095214844 0.0549201965332031
-0.00477218627929687 -0.0517997741699219 0.0154075622558594 0.0686302185058594
0.00868988037109375 -0.0511322021484375 -0.01580810546875 0.0729293823242188
0.0411186218261719 -0.0405960083007813 -0.0370559692382812 0.0543785095214844
0.057220458984375 -0.00356674194335938 -0.0477485656738281 0.0142364501953125
0.0333213806152344 0.058624267578125 -0.0271320343017578 -0.0172195434570312
-0.0165328979492188 0.0634918212890625 0.0138416290283203 0.0212593078613281
-0.05426025390625 0.035980224609375 -0.0445022583007813 0.0995407104492188
0.0489463806152344 0.02142333984375 0.0461578369140625 -0.107864379882813
0.0269832611083984 -0.0299530029296875 -0.00873947143554688 -0.0301322937011719
-0.00961112976074219 -0.0336112976074219 0.0327587127685547 0.0241050720214844
-0.0276966094970703 -0.00906944274902344 0.0680694580078125 -0.0104827880859375
-0.0230159759521484 0.0118770599365234 0.0522689819335938 -0.0577507019042969
-0.00820350646972656 0.0258769989013672 0.01434326171875 -0.0837249755859375
-0.00448989868164063 0.020599365234375 -0.0252456665039063 -0.0807418823242187
-0.00549411773681641 0.0158834457397461 -0.0287437438964844 -0.0611152648925781
-0.00840091705322266 0.0165901184082031 -0.0307846069335937 -0.05108642578125
-0.0160970687866211 0.00644397735595703 -0.0229072570800781 -0.0490951538085938
-0.014857292175293 -0.0129365921020508 -0.0190849304199219 -0.0511474609375
0.00631332397460937 -0.0299110412597656 -0.00931930541992187 -0.0667724609375
0.0382575988769531 -0.0161361694335938 0.0092010498046875 -0.0779037475585938
0.0524559020996094 0.0152778625488281 0.00273895263671876 -0.104972839355469
0.0463409423828125 0.0468406677246094 -0.00257873535156249 -0.12890625
0.0399246215820313 0.073150634765625 0.0633010864257813 -0.0971527099609375
0.0401268005371094 0.0125083923339844 0.00139808654785156 -0.0255908966064453
0.0267848968505859 -0.00776290893554688 0.03839111328125 0.0332603454589844
0.00841331481933594 -0.0143098831176758 0.077789306640625 -0.00501251220703125
0.000683784484863281 -0.0101566314697266 0.0635299682617187 -0.0570907592773438
-0.00671625137329102 -0.00573921203613281 0.0189361572265625 -0.0880355834960938
-0.0143976211547852 -0.0106258392333984 -0.0239791870117187 -0.082611083984375
-0.0111579895019531 -0.0141153335571289 -0.0278778076171875 -0.0579147338867188
-0.0149059295654297 -0.0157070159912109 -0.0302734375 -0.0480766296386719
-0.00869178771972656 -0.0230140686035156 -0.0254783630371094 -0.0451202392578125
0.0100269317626953 -0.0318412780761719 -0.0212478637695313 -0.0452384948730469
0.0396232604980469 -0.0274162292480469 -0.0115509033203125 -0.0612678527832031
0.0616264343261719 0.016998291015625 0.00401306152343751 -0.0689811706542969
0.0604286193847656 0.055877685546875 0.000205993652343763 -0.091796875
0.0346603393554688 0.0948257446289063 -0.000480651855468749 -0.1075439453125
0.0202865600585938 0.115379333496094 0.0744781494140625 -0.0680618286132812
0.0425376892089844 0.0582008361816406 0.00922107696533204 -0.00849628448486328
0.0597801208496094 0.0279006958007813 0.0404243469238281 0.0492782592773438
0.0478401184082031 -0.0118980407714844 0.0841445922851563 0.00916290283203125
0.0302066802978516 -0.0296382904052734 0.073455810546875 -0.046173095703125
0.00028228759765625 -0.0377082824707031 0.02532958984375 -0.0821685791015625
-0.0199203491210937 -0.0411262512207031 -0.017822265625 -0.0742263793945313
-0.0143241882324219 -0.0424728393554687 -0.0231437683105469 -0.0450820922851563
-0.0212898254394531 -0.0454292297363281 -0.0265274047851562 -0.0353736877441406
-0.00534820556640625 -0.0499992370605469 -0.0281887054443359 -0.0309619903564453
0.0279617309570312 -0.052093505859375 -0.0260181427001953 -0.0315361022949219
0.064605712890625 -0.0312309265136719 -0.0181846618652344 -0.0513153076171875
0.083099365234375 0.0377731323242188 -0.00342941284179687 -0.0592689514160156
0.0677871704101563 0.0838241577148438 0.000244140625000006 -0.0731735229492188
0.0226593017578125 0.126792907714844 -0.00213623046874999 -0.072540283203125
-0.00397491455078125 0.138595581054688 0.0764694213867188 -0.0246658325195312
0.0325698852539063 0.095733642578125 0.0142345428466797 0.0184288024902344
0.0796585083007813 0.0661468505859375 0.0368881225585938 0.0668220520019531
0.0812759399414063 -0.00115966796875 0.0819778442382813 0.028564453125
0.0587539672851562 -0.0398063659667969 0.0769577026367188 -0.0257720947265625
0.0109214782714844 -0.0629959106445312 0.0319900512695313 -0.0652847290039063
-0.0213203430175781 -0.0653762817382813 -0.00850677490234376 -0.0562858581542969
-0.0152931213378906 -0.0637435913085938 -0.0152950286865234 -0.0260505676269531
-0.0261955261230469 -0.067596435546875 -0.0202198028564453 -0.0163326263427734
-0.00472259521484375 -0.06951904296875 -0.0278472900390625 -0.010711669921875
0.0382575988769531 -0.0680122375488281 -0.0286121368408203 -0.0136451721191406
0.0793609619140625 -0.0366897583007813 -0.0242462158203125 -0.0371513366699219
0.0956649780273437 0.0485763549804687 -0.00924682617187499 -0.0481643676757813
0.0691680908203125 0.0982437133789063 0.00452423095703125 -0.0520820617675781
0.00985717773437499 0.140838623046875 -0.00525665283203125 -0.0314559936523437
-0.0280532836914063 0.137062072753906 0.0673599243164063 0.0249710083007813
0.0122451782226563 0.115257263183594 0.0138931274414062 0.0503311157226563
0.0779495239257813 0.0965042114257812 0.027313232421875 0.0820846557617188
0.0983810424804688 0.0167083740234375 0.0705413818359375 0.0490341186523438
0.0789337158203125 -0.0388412475585938 0.071014404296875 -0.000656127929687502
0.0218276977539063 -0.0759811401367188 0.0341949462890625 -0.039703369140625
-0.0185089111328125 -0.0787277221679688 0.00217247009277344 -0.0311775207519531
-0.0145950317382812 -0.0756072998046875 -0.0052490234375 -0.00301694869995118
-0.0276031494140625 -0.0800552368164063 -0.0110902786254883 0.00612068176269531
-0.00432586669921875 -0.0798797607421875 -0.0246620178222656 0.012359619140625
0.0437164306640625 -0.07574462890625 -0.028961181640625 0.00668716430664062
0.0848617553710938 -0.0368804931640625 -0.0291233062744141 -0.0220470428466797
0.095245361328125 0.0551223754882813 -0.0132331848144531 -0.0374069213867188
0.0597763061523438 0.10284423828125 0.0117225646972656 -0.0306720733642578
-0.00511169433593749 0.136550903320313 -0.00897407531738281 0.010991096496582
-0.0452880859375 0.110305786132813 0.0523681640625 0.07177734375
-0.0123367309570313 0.108863830566406 0.00992584228515625 0.080322265625
0.0561599731445313 0.107398986816406 0.0152511596679688 0.0894699096679688
0.0935287475585938 0.0323944091796875 0.0514068603515625 0.0635604858398438
0.0834884643554688 -0.0280075073242188 0.0561943054199219 0.02325439453125
0.0289764404296875 -0.0744094848632813 0.0326900482177734 -0.0105438232421875
-0.0131072998046875 -0.0794677734375 0.0125284194946289 -0.00332069396972657
-0.0110549926757812 -0.076324462890625 0.00560951232910156 0.0197811126708984
-0.0246505737304688 -0.0811309814453125 -0.000450134277343749 0.029510498046875
-0.00154876708984375 -0.079986572265625 -0.0200996398925781 0.0351028442382812
0.0463714599609375 -0.072723388671875 -0.029205322265625 0.0253829956054687
0.0831222534179688 -0.0302200317382813 -0.0334701538085937 -0.00686073303222656
0.083587646484375 0.0610427856445313 -0.0170269012451172 -0.0283584594726562
0.0390243530273438 0.0996170043945313 0.0176601409912109 -0.01104736328125
-0.0234832763671875 0.117012023925781 -0.015411376953125 0.0499725341796875
-0.0530128479003906 0.0638618469238281 0.032928466796875 0.107261657714844
-0.0323257446289062 0.0789718627929688 0.00263214111328125 0.100982666015625
0.0244369506835938 0.0931930541992188 0.00435638427734376 0.0876541137695313
0.0689201354980469 0.0391426086425781 0.031341552734375 0.0694160461425781
0.0698509216308594 -0.0133857727050781 0.0377845764160156 0.0395736694335938
0.0294952392578125 -0.0589828491210937 0.0283412933349609 0.0164203643798828
-0.00643539428710937 -0.0666275024414063 0.0215167999267578 0.0233116149902344
-0.0057220458984375 -0.065032958984375 0.0164909362792969 0.0398139953613281
-0.01702880859375 -0.0714263916015625 0.00974655151367188 0.0510482788085937
0.00188446044921875 -0.07000732421875 -0.0163612365722656 0.0563583374023437
0.0455245971679688 -0.0609703063964844 -0.0308494567871094 0.0414199829101562
0.0738754272460937 -0.0184783935546875 -0.0393600463867188 0.00542068481445313
0.0620841979980469 0.0632286071777344 -0.0212993621826172 -0.0211772918701172
0.0122451782226562 0.08685302734375 0.0197391510009766 0.00693130493164063
-0.0412826538085938 0.0824127197265625 -0.0267105102539063 0.0809326171875
-0.0512237548828125 0.00663757324218751 0.0185699462890625 0.12384033203125
-0.0436782836914063 0.0344924926757812 -0.000366210937500008 0.110038757324219
-0.00724411010742188 0.0597915649414063 -0.00124359130859375 0.07916259765625
0.0337028503417969 0.0347251892089844 0.0165748596191406 0.0685272216796875
0.04327392578125 0.000621795654296875 0.0231285095214844 0.048309326171875
0.0235805511474609 -0.0344982147216797 0.0247573852539062 0.0354499816894531
0.00142288208007812 -0.0439033508300781 0.0278358459472656 0.042083740234375
0.00029373168945312 -0.0441055297851562 0.0240859985351562 0.05389404296875
-0.00666046142578126 -0.0511703491210938 0.0161628723144531 0.068084716796875
0.00642013549804688 -0.0510597229003906 -0.0147476196289063 0.0730209350585938
0.0396842956542969 -0.0417938232421875 -0.0360336303710937 0.0541191101074219
0.0571327209472656 -0.00516510009765625 -0.0479812622070312 0.0145225524902344
0.0348358154296875 0.0581626892089844 -0.0274391174316406 -0.01800537109375
-0.0149955749511719 0.0636634826660156 0.0145683288574219 0.0193901062011719
-0.0529403686523438 0.0368270874023437 -0.0423202514648437 0.0992507934570313
0.0501289367675781 0.020721435546875 0.045135498046875 -0.10980224609375
0.0268955230712891 -0.0304508209228516 -0.0100822448730469 -0.0292282104492188
-0.0111541748046875 -0.0339183807373047 0.0339431762695313 0.0249919891357422
-0.0290718078613281 -0.00857353210449219 0.0697479248046875 -0.0102195739746094
-0.0241928100585938 0.0130729675292969 0.0528984069824219 -0.0582046508789063
-0.00713539123535156 0.0268230438232422 0.0147781372070313 -0.0852203369140625
-0.00309562683105469 0.0213375091552734 -0.0256729125976563 -0.0816802978515625
-0.00485324859619141 0.0164356231689453 -0.029693603515625 -0.0620765686035156
-0.00735950469970703 0.0166130065917969 -0.031524658203125 -0.0516242980957031
-0.0151824951171875 0.00707244873046875 -0.0240058898925781 -0.0498733520507813
-0.0153312683105469 -0.0117359161376953 -0.0203208923339844 -0.0530242919921875
0.00539970397949219 -0.0303668975830078 -0.00994110107421875 -0.068817138671875
0.0379142761230469 -0.0170364379882813 0.009765625 -0.0793533325195313
0.0531845092773438 0.0148963928222656 0.00325775146484376 -0.105537414550781
0.0475044250488281 0.0464630126953125 -0.00392150878906251 -0.130226135253906
0.0419235229492188 0.0733413696289063 0.0621566772460938 -0.0988540649414063
0.0407333374023437 0.0118942260742188 -0.000215530395507812 -0.02520751953125
0.0263004302978516 -0.00871467590332031 0.0394706726074219 0.0349578857421875
0.00681018829345703 -0.0143642425537109 0.0794754028320313 -0.00473785400390625
9.15527343749999E-05 -0.0101699829101563 0.0647239685058594 -0.0578804016113281
-0.00605106353759766 -0.00473880767822266 0.0191192626953125 -0.0893936157226563
-0.0136432647705078 -0.00933456420898437 -0.0246200561523437 -0.0833816528320313
-0.011195182800293 -0.0137767791748047 -0.02838134765625 -0.0583229064941406
-0.0146865844726563 -0.0155134201049805 -0.0310249328613281 -0.0485343933105469
-0.00837898254394531 -0.0222377777099609 -0.0267562866210937 -0.0456085205078125
0.00913619995117188 -0.0315284729003906 -0.0223503112792969 -0.04669189453125
0.0393257141113281 -0.0275421142578125 -0.012420654296875 -0.06365966796875
0.0621147155761719 0.0160179138183594 0.00433349609375 -0.070343017578125
0.06109619140625 0.05560302734375 0.000534057617187494 -0.09271240234375
0.036468505859375 0.095184326171875 -0.00191497802734374 -0.108833312988281
0.0229644775390625 0.116554260253906 0.0738601684570313 -0.0705108642578125
0.04351806640625 0.0584907531738281 0.00806665420532227 -0.00784111022949218
0.0607185363769531 0.0273971557617187 0.0420989990234375 0.0510330200195312
0.0472679138183594 -0.0124053955078125 0.0862274169921875 0.0097503662109375
0.0293064117431641 -0.0296440124511719 0.0750579833984375 -0.0472946166992188
-0.000186920166015629 -0.037200927734375 0.0260086059570312 -0.0835723876953125
-0.0203704833984375 -0.0403938293457031 -0.0186386108398437 -0.0748214721679688
-0.0149192810058594 -0.0429000854492188 -0.023193359375 -0.045928955078125
-0.0216331481933594 -0.0455207824707031 -0.0279121398925781 -0.0356826782226563
-0.00513839721679688 -0.0493545532226563 -0.0294532775878906 -0.0312671661376953
0.027313232421875 -0.0515937805175781 -0.0269546508789062 -0.0325965881347656
0.0653343200683594 -0.0321807861328125 -0.0191001892089844 -0.0536270141601563
0.0840225219726563 0.03704833984375 -0.00345230102539062 -0.0607452392578125
0.0682220458984375 0.0838546752929687 0.000526428222656252 -0.0745315551757813
0.0244903564453125 0.128349304199219 -0.00294494628906249 -0.0738525390625
-0.00198364257812499 0.140205383300781 0.0767822265625 -0.0263137817382812
0.0332107543945313 0.096466064453125 0.0129280090332031 0.0189952850341797
0.0816879272460937 0.0658950805664062 0.0383224487304688 0.0694618225097656
0.0814285278320312 -0.0018768310546875 0.0845870971679688 0.029449462890625
0.0590629577636719 -0.04071044921875 0.0788650512695313 -0.0267181396484375
0.0103759765625 -0.0625724792480469 0.0317955017089844 -0.0663604736328125
-0.0221786499023437 -0.0646514892578125 -0.00940704345703125 -0.0569267272949219
-0.0164451599121094 -0.0645484924316406 -0.0152912139892578 -0.0262508392333984
-0.0268707275390625 -0.0675048828125 -0.0210819244384766 -0.0161170959472656
-0.00526428222656251 -0.0689430236816406 -0.0290431976318359 -0.0104236602783203
0.0376968383789063 -0.0683555603027344 -0.0296630859375 -0.0144062042236328
0.0794906616210938 -0.0382080078125 -0.0257072448730469 -0.0387229919433594
0.0969467163085938 0.0478134155273438 -0.00991058349609375 -0.0496559143066406
0.0701065063476563 0.0982589721679688 0.00458145141601563 -0.0534133911132812
0.01177978515625 0.14263916015625 -0.006011962890625 -0.0320472717285156
-0.0267715454101562 0.138984680175781 0.0681648254394531 0.0240554809570313
0.0123977661132813 0.116355895996094 0.0121536254882812 0.0509986877441406
0.080596923828125 0.0967636108398438 0.0285873413085938 0.0849685668945313
0.0994949340820313 0.0160064697265625 0.0726242065429688 0.050384521484375
0.0797348022460938 -0.040435791015625 0.0724105834960937 -0.001129150390625
0.02105712890625 -0.0761260986328125 0.0344429016113281 -0.0409049987792969
-0.0199356079101563 -0.0787200927734375 0.00168800354003906 -0.0319232940673828
-0.0160064697265625 -0.0762557983398437 -0.00481319427490234 -0.0031728744506836
-0.02923583984375 -0.079925537109375 -0.01171875 0.0066995620727539
-0.00514221191406251 -0.0796661376953125 -0.0253391265869141 0.0130500793457031
0.0429611206054688 -0.0763626098632813 -0.0302677154541016 0.00562095642089843
0.085235595703125 -0.038482666015625 -0.0308361053466797 -0.0233058929443359
0.0973663330078125 0.0547714233398438 -0.0141105651855469 -0.0390853881835938
0.060699462890625 0.103401184082031 0.0123653411865234 -0.0321712493896484
-0.00381469726562499 0.138885498046875 -0.00964260101318359 0.0107746124267578
-0.0453414916992187 0.11248779296875 0.0532608032226563 0.0716629028320313
-0.0128707885742188 0.110557556152344 0.00838470458984376 0.08062744140625
0.0585708618164062 0.108634948730469 0.0158309936523438 0.09197998046875
0.0948867797851563 0.0319671630859375 0.0529861450195313 0.0651664733886719
0.08477783203125 -0.0295486450195312 0.05792236328125 0.0232200622558594
0.0285720825195312 -0.074554443359375 0.0331268310546875 -0.0109767913818359
-0.015106201171875 -0.0793685913085937 0.0124120712280273 -0.00372028350830079
-0.0121841430664063 -0.0768356323242188 0.00677680969238281 0.0205078125
-0.0263595581054688 -0.0816726684570313 -0.000905990600585937 0.0305156707763672
-0.0028839111328125 -0.079742431640625 -0.020538330078125 0.0360221862792969
0.0456619262695313 -0.074249267578125 -0.0297946929931641 0.0249061584472656
0.08355712890625 -0.0316162109375 -0.0345821380615234 -0.0081787109375
0.0854415893554687 0.0611953735351563 -0.0177555084228516 -0.0295524597167969
0.0399856567382813 0.100112915039063 0.0177764892578125 -0.0123653411865234
-0.0228729248046875 0.118873596191406 -0.0154342651367187 0.0504798889160156
-0.0534477233886719 0.0650062561035156 0.0340805053710937 0.107315063476563
-0.033203125 0.0806350708007813 0.0020599365234375 0.102012634277344
0.02630615234375 0.0949630737304688 0.004119873046875 0.0899581909179688
0.0703659057617188 0.0388259887695313 0.0325851440429688 0.071044921875
0.0710296630859375 -0.0148544311523437 0.0394630432128906 0.0398292541503906
0.0290145874023438 -0.0597877502441406 0.0286102294921875 0.0163764953613281
-0.00815200805664062 -0.0666236877441406 0.0213470458984375 0.0227088928222656
-0.00739669799804687 -0.06573486328125 0.017425537109375 0.0404090881347656
-0.018707275390625 -0.0716781616210938 0.00930404663085937 0.0521049499511719
0.00071334838867188 -0.0702362060546875 -0.0166740417480469 0.0572700500488281
0.0448379516601563 -0.0624542236328125 -0.0318336486816406 0.0419158935546875
0.07470703125 -0.019287109375 -0.0406341552734375 0.00485992431640626
0.064453125 0.0638313293457031 -0.0220279693603516 -0.0228157043457031
0.0127029418945312 0.0881881713867188 0.02008056640625 0.00541687011718751
-0.0409317016601562 0.083831787109375 -0.0264053344726563 0.0819091796875
-0.0524482727050781 0.00728988647460937 0.0196990966796875 0.124710083007813
-0.044525146484375 0.0363235473632813 -0.000755310058593755 0.110466003417969
-0.00618743896484375 0.0615081787109375 -0.0017547607421875 0.0812911987304688
0.0347099304199219 0.0348320007324219 0.0175819396972656 0.0701904296875
0.04425048828125 -0.000118255615234375 0.0242424011230469 0.04913330078125
0.0231094360351563 -0.0352401733398438 0.0252265930175781 0.0358009338378906
-0.000522613525390626 -0.0438919067382813 0.0288200378417969 0.0423049926757813
-0.00129318237304688 -0.0449333190917969 0.0253982543945312 0.0550270080566406
-0.00789260864257813 -0.0520172119140625 0.0164031982421875 0.0689697265625
0.00577545166015626 -0.0516090393066406 -0.015167236328125 0.074371337890625
0.0392417907714844 -0.0436019897460938 -0.0368804931640625 0.0545425415039062
0.0577354431152344 -0.006317138671875 -0.0489044189453125 0.0139999389648437
0.0365638732910156 0.0590629577636719 -0.0286178588867187 -0.0188426971435547
-0.0153732299804688 0.0648345947265625 0.0152568817138672 0.0180568695068359
-0.0538063049316406 0.0379180908203125 -0.0420455932617188 0.100654602050781
0.0528984069824219 0.0199661254882813 0.0441970825195313 -0.114738464355469
0.0273838043212891 -0.0325679779052734 -0.011138916015625 -0.0285396575927734
-0.0124664306640625 -0.0349502563476563 0.0360603332519531 0.0259895324707031
-0.0305709838867188 -0.00792694091796875 0.073333740234375 -0.0107498168945312
-0.0250473022460937 0.0148200988769531 0.0550117492675781 -0.0604209899902344
-0.00607681274414062 0.0287456512451172 0.0150299072265625 -0.0886917114257813
-0.00133132934570313 0.0221996307373047 -0.02801513671875 -0.0840835571289062
-0.00431346893310547 0.0170936584472656 -0.0317497253417969 -0.0644607543945313
-0.00644779205322266 0.0175638198852539 -0.033782958984375 -0.0531196594238281
-0.0145969390869141 0.00779056549072265 -0.026123046875 -0.0513343811035156
-0.0157575607299805 -0.0108852386474609 -0.0222244262695313 -0.0554580688476563
0.00412750244140625 -0.0315284729003906 -0.012176513671875 -0.0717544555664063
0.0382652282714844 -0.0189361572265625 0.010345458984375 -0.0823974609375
0.0554733276367188 0.0139541625976563 0.00263977050781251 -0.109596252441406
0.0506019592285156 0.0470046997070313 -0.006927490234375 -0.134620666503906
0.0453033447265625 0.07452392578125 0.0625991821289063 -0.103790283203125
0.0420303344726563 0.0113143920898438 -0.00201034545898437 -0.0246944427490234
0.0266056060791016 -0.00956916809082031 0.0419349670410156 0.0365028381347656
0.00574779510498047 -0.0146961212158203 0.0833511352539062 -0.00550079345703125
-0.000788688659667968 -0.00957965850830078 0.066680908203125 -0.0606422424316406
-0.00580501556396484 -0.00372695922851563 0.01898193359375 -0.0928955078125
-0.0131654739379883 -0.00883960723876953 -0.026519775390625 -0.0855026245117188
-0.0107307434082031 -0.0142917633056641 -0.0302314758300781 -0.0607070922851563
-0.0148429870605469 -0.0154914855957031 -0.0335769653320313 -0.0496788024902344
-0.00802421569824219 -0.0224437713623047 -0.0292282104492188 -0.0463447570800781
0.00908851623535157 -0.0313854217529297 -0.0246467590332031 -0.0488395690917969
0.0393943786621094 -0.0294380187988281 -0.0145988464355469 -0.0670814514160156
0.0639686584472656 0.0153083801269531 0.0045013427734375 -0.0734786987304688
0.0637092590332031 0.055938720703125 9.82019900012097E-18 -0.0966720581054688
0.0397262573242187 0.09783935546875 -0.00400543212890625 -0.112686157226562
0.02655029296875 0.119430541992188 0.074676513671875 -0.0750503540039062
0.0456695556640625 0.0597801208496094 0.00620603561401367 -0.00760889053344726
0.0631561279296875 0.0268440246582031 0.0453376770019531 0.0539169311523438
0.0474433898925781 -0.0134773254394531 0.090667724609375 0.0094146728515625
0.0299129486083984 -0.0311641693115234 0.077850341796875 -0.0502777099609375
-0.000522613525390624 -0.0372657775878906 0.0254287719726562 -0.0870285034179688
-0.0212821960449219 -0.0402259826660156 -0.0208740234375 -0.0773696899414063
-0.0156593322753906 -0.0436363220214844 -0.0245552062988281 -0.0475654602050781
-0.0228729248046875 -0.0460586547851562 -0.0298614501953125 -0.0367546081542969
-0.00540924072265625 -0.0495948791503906 -0.0313796997070313 -0.0317859649658203
0.0272865295410156 -0.0530014038085938 -0.0291843414306641 -0.0345249176025391
0.066375732421875 -0.0338363647460938 -0.0214691162109375 -0.0567588806152344
0.087005615234375 0.0369415283203125 -0.00381851196289061 -0.0639381408691406
0.0717086791992188 0.0853042602539063 -0.000137329101562499 -0.0774688720703125
0.0280380249023438 0.132492065429688 -0.00501251220703124 -0.076568603515625
0.001220703125 0.14508056640625 0.077880859375 -0.0296249389648437
0.0356826782226563 0.0998458862304688 0.0115756988525391 0.0199451446533203
0.0857009887695313 0.0667190551757813 0.041900634765625 0.0732040405273438
0.0838623046875 -0.003387451171875 0.0888214111328125 0.0302734375
0.059814453125 -0.0437850952148438 0.0822982788085938 -0.0289993286132813
0.00938415527343751 -0.0636367797851563 0.0321006774902344 -0.0694618225097656
-0.0238265991210938 -0.0651397705078125 -0.0104866027832031 -0.0587806701660156
-0.0179862976074219 -0.0662727355957031 -0.0157642364501953 -0.0271396636962891
-0.0294685363769531 -0.0686721801757813 -0.0227432250976563 -0.0159111022949219
-0.00634384155273437 -0.0701942443847656 -0.0305805206298828 -0.0102119445800781
0.0372276306152344 -0.0702896118164063 -0.0317821502685547 -0.0153427124023438
0.0816650390625 -0.0405731201171875 -0.0285072326660156 -0.0417900085449219
0.100921630859375 0.0473709106445312 -0.0108528137207031 -0.0528450012207031
0.073577880859375 0.100120544433594 0.00421905517578125 -0.056365966796875
0.0153045654296875 0.148178100585937 -0.00696754455566406 -0.0334053039550781
-0.02490234375 0.1446533203125 0.0702400207519531 0.0228157043457031
0.01397705078125 0.12078857421875 0.0117149353027344 0.052642822265625
0.0856094360351563 0.0989532470703125 0.0315322875976563 0.0893630981445312
0.102996826171875 0.0145416259765625 0.0772247314453125 0.0521469116210938
0.0817794799804688 -0.0440444946289063 0.0763015747070313 -0.00212860107421875
0.0201568603515625 -0.0779342651367187 0.0347404479980469 -0.0426826477050781
-0.0224227905273438 -0.0795974731445313 0.000749588012695311 -0.0334262847900391
-0.017852783203125 -0.0788192749023438 -0.00430583953857422 -0.00342011451721192
-0.0317153930664063 -0.0817947387695313 -0.012019157409668 0.00812435150146484
-0.00659942626953124 -0.0810699462890625 -0.0269298553466797 0.0146656036376953
0.0426559448242188 -0.0794296264648437 -0.0322914123535156 0.00608444213867187
0.087310791015625 -0.0411148071289063 -0.0329570770263672 -0.0254573822021484
0.101280212402344 0.055450439453125 -0.015380859375 -0.0413551330566406
0.0637054443359375 0.105545043945313 0.0117912292480469 -0.0340156555175781
-0.0015411376953125 0.144287109375 -0.00977516174316406 0.0116539001464844
-0.0445022583007813 0.117393493652344 0.0558929443359375 0.0721511840820313
-0.012847900390625 0.114761352539063 0.00782775878906249 0.082916259765625
0.0633163452148438 0.111976623535156 0.0177154541015625 0.0967636108398438
0.0983963012695313 0.031494140625 0.0566787719726563 0.0676651000976562
0.0869598388671875 -0.0329666137695313 0.0614204406738281 0.0232086181640625
0.0280303955078125 -0.0773162841796875 0.0339679718017578 -0.0118865966796875
-0.0177230834960937 -0.080718994140625 0.0124444961547852 -0.0041189193725586
-0.0149383544921875 -0.0792007446289063 0.00773811340332031 0.0206851959228516
-0.0294570922851563 -0.0832672119140625 -0.000894546508789067 0.0325260162353516
-0.00482177734375001 -0.0817337036132812 -0.0219650268554687 0.0383033752441406
0.0448837280273438 -0.0777511596679687 -0.0316276550292969 0.0254077911376953
0.0859832763671875 -0.0341720581054688 -0.0366058349609375 -0.00960922241210938
0.0897979736328125 0.0619277954101563 -0.019287109375 -0.03131103515625
0.0422286987304688 0.1029052734375 0.0184860229492188 -0.01397705078125
-0.0218048095703125 0.123764038085938 -0.0156326293945312 0.05218505859375
-0.0544624328613281 0.0689315795898437 0.037200927734375 0.109588623046875
-0.0337905883789063 0.0841827392578125 0.00222015380859374 0.105056762695313
0.0295944213867188 0.0984039306640625 0.00558471679687499 0.0942916870117188
0.0731964111328125 0.0397567749023438 0.0346603393554688 0.0742645263671875
0.073638916015625 -0.0177230834960938 0.0421600341796875 0.0409126281738281
0.02874755859375 -0.0622367858886719 0.0293960571289063 0.0164089202880859
-0.0104522705078125 -0.0679206848144531 0.0227203369140625 0.0229740142822266
-0.00986099243164063 -0.0679435729980469 0.0192718505859375 0.0418739318847656
-0.021575927734375 -0.073394775390625 0.0104103088378906 0.0546875
-0.000556945800781249 -0.0723724365234375 -0.0171852111816406 0.0602607727050781
0.0445098876953125 -0.0656929016113281 -0.0332260131835938 0.0431480407714844
0.077423095703125 -0.0219879150390625 -0.0430145263671875 0.00416564941406251
0.0674705505371094 0.0654983520507813 -0.0240402221679687 -0.0239753723144531
0.01397705078125 0.0911331176757813 0.0208606719970703 0.00419807434082032
-0.0409088134765625 0.0878524780273438 -0.0259246826171875 0.0849380493164063
-0.0545272827148438 0.00886535644531249 0.0224685668945313 0.127952575683594
-0.045928955078125 0.0382423400878906 -0.000595092773437499 0.113616943359375
-0.004852294921875 0.0645599365234375 -0.0012054443359375 0.0847244262695313
0.037017822265625 0.034912109375 0.0190963745117188 0.0731887817382813
0.0463218688964844 -0.00177001953125 0.0268669128417969 0.051055908203125
0.0230064392089844 -0.0371360778808594 0.02630615234375 0.0362701416015625
-0.00224685668945313 -0.0452003479003906 0.0299758911132813 0.042449951171875
-0.0028839111328125 -0.046783447265625 0.027374267578125 0.0562286376953125
-0.0101280212402344 -0.0536041259765625 0.0181121826171875 0.0720977783203125
0.00447463989257812 -0.0535011291503906 -0.0149078369140625 0.0773696899414063
0.038818359375 -0.0466346740722656 -0.038360595703125 0.0564460754394531
0.06011962890625 -0.00780105590820313 -0.0512962341308594 0.0144081115722656
0.0399246215820313 0.0605506896972656 -0.0307331085205078 -0.0203018188476562
-0.0148239135742187 0.0681304931640625 0.0160446166992188 0.0169878005981445
-0.0549278259277344 0.0402679443359375 -0.041748046875 0.104324340820312
0.056610107421875 0.0178947448730469 0.0405044555664063 -0.120803833007812
0.0264968872070313 -0.0353469848632813 -0.0137233734130859 -0.0275821685791016
-0.0149650573730469 -0.0354766845703125 0.0391311645507812 0.0264472961425781
-0.0330276489257813 -0.006103515625 0.0761947631835938 -0.0137863159179688
-0.0254173278808594 0.0182247161865234 0.0552139282226563 -0.0648841857910156
-0.004486083984375 0.0305633544921875 0.0129547119140625 -0.093017578125
0.000974655151367185 0.0230216979980469 -0.0326995849609375 -0.0868606567382813
-0.00300025939941406 0.0180721282958984 -0.0360183715820313 -0.06597900390625
-0.00504875183105469 0.0181369781494141 -0.0380439758300781 -0.0537986755371094
-0.013493537902832 0.00893497467041015 -0.0296669006347656 -0.0528945922851563
-0.0166425704956055 -0.0100717544555664 -0.0266227722167969 -0.0577392578125
0.00220298767089844 -0.0330047607421875 -0.0160446166992187 -0.0750961303710938
0.0385208129882813 -0.0216140747070313 0.00865936279296875 -0.086517333984375
0.0585098266601562 0.0117034912109375 -0.000579833984374993 -0.114448547363281
0.055328369140625 0.0466423034667969 -0.0131301879882812 -0.13934326171875
0.051605224609375 0.0748214721679688 0.05926513671875 -0.111030578613281
0.0438575744628906 0.00966262817382813 -0.00399017333984375 -0.023651123046875
0.0267887115478516 -0.0113105773925781 0.0464019775390625 0.0370330810546875
0.00455856323242188 -0.0145978927612305 0.0878372192382813 -0.0082855224609375
-0.00210046768188477 -0.008758544921875 0.0678367614746094 -0.0655708312988281
-0.00537252426147461 -0.00298595428466797 0.0165863037109375 -0.0981216430664063
-0.0127496719360352 -0.00818729400634765 -0.0318222045898437 -0.0884323120117188
-0.0114555358886719 -0.0138683319091797 -0.0340499877929688 -0.0621719360351563
-0.0152797698974609 -0.015172004699707 -0.0372047424316406 -0.0506744384765625
-0.00858116149902344 -0.0218105316162109 -0.0325202941894531 -0.0476799011230469
0.00877189636230469 -0.0317497253417969 -0.0286216735839844 -0.050933837890625
0.0391273498535156 -0.0324134826660156 -0.0190811157226563 -0.07025146484375
0.0663337707519531 0.0126380920410156 0.0027313232421875 -0.0776443481445313
0.0680999755859375 0.0549240112304688 -0.00304412841796875 -0.100845336914063
0.046356201171875 0.100326538085938 -0.00967407226562501 -0.117134094238281
0.0335693359375 0.122787475585938 0.0732498168945313 -0.0813827514648438
0.0492668151855469 0.0600395202636719 0.00493288040161133 -0.00669527053833008
0.0670242309570313 0.0247077941894531 0.0505409240722656 0.0553169250488281
0.048248291015625 -0.0155372619628906 0.0957107543945313 0.00687408447265625
0.0286960601806641 -0.0332412719726562 0.0797348022460938 -0.055389404296875
-0.00119400024414063 -0.037445068359375 0.0238037109375 -0.0918731689453125
-0.0227890014648438 -0.0401344299316406 -0.0249481201171875 -0.0797882080078125
-0.0179824829101563 -0.0444831848144531 -0.0275192260742188 -0.04888916015625
-0.0251693725585938 -0.0463829040527344 -0.0330543518066406 -0.036712646484375
-0.00693511962890625 -0.0503730773925781 -0.0346164703369141 -0.0320167541503906
0.0261001586914062 -0.0553474426269531 -0.0330429077148438 -0.0354690551757813
0.0669326782226563 -0.0382041931152344 -0.0256690979003906 -0.0601997375488281
0.0915756225585938 0.0347518920898438 -0.00579452514648437 -0.0674171447753906
0.0774307250976563 0.085052490234375 -0.0030517578125 -0.0811386108398438
0.0353317260742188 0.137062072753906 -0.00906372070312499 -0.0793304443359375
0.0082855224609375 0.151046752929688 0.079193115234375 -0.0345230102539062
0.0409622192382813 0.102401733398438 0.0111370086669922 0.0215263366699219
0.0926895141601563 0.0653228759765625 0.0477523803710938 0.0757827758789063
0.086029052734375 -0.006561279296875 0.0949554443359375 0.02880859375
0.0597991943359375 -0.0480842590332031 0.085205078125 -0.033538818359375
0.0074310302734375 -0.0655174255371094 0.0308685302734375 -0.073455810546875
-0.0274276733398437 -0.0652656555175781 -0.0137596130371094 -0.0612831115722656
-0.0216217041015625 -0.0677986145019531 -0.0173244476318359 -0.0280113220214844
-0.0333099365234375 -0.0698471069335938 -0.0247611999511719 -0.0153121948242188
-0.00920867919921874 -0.0716323852539063 -0.0332508087158203 -0.00923347473144532
0.0350723266601563 -0.0740737915039063 -0.0349502563476563 -0.0154323577880859
0.0829010009765625 -0.0452880859375 -0.0326576232910156 -0.044189453125
0.107337951660156 0.0455245971679688 -0.0132980346679687 -0.0551948547363281
0.0801544189453125 0.100837707519531 0.0023651123046875 -0.0593833923339844
0.0223846435546875 0.153884887695313 -0.00941848754882812 -0.0344295501708984
-0.01922607421875 0.151687622070313 0.0732498168945313 0.0198745727539063
0.018798828125 0.125724792480469 0.0121002197265625 0.0551109313964844
0.0938568115234375 0.0997238159179688 0.0378875732421875 0.09307861328125
0.107208251953125 0.0109939575195313 0.0829620361328125 0.0521011352539063
0.083404541015625 -0.049285888671875 0.0801925659179688 -0.00586700439453125
0.0177688598632812 -0.0812835693359375 0.0349273681640625 -0.0460319519042969
-0.0268936157226562 -0.080108642578125 -0.000795364379882813 -0.034637451171875
-0.0223770141601563 -0.0807418823242188 -0.004547119140625 -0.00324106216430664
-0.0369415283203125 -0.0829925537109375 -0.0132722854614258 0.00953674316406249
-0.0102386474609375 -0.0830535888671875 -0.0283374786376953 0.0162124633789062
0.0397796630859375 -0.083709716796875 -0.0342121124267578 0.00653457641601562
0.0888595581054687 -0.0462799072265625 -0.036407470703125 -0.0265274047851563
0.108375549316406 0.0532913208007812 -0.01812744140625 -0.0433845520019531
0.070068359375 0.106620788574219 0.0114669799804688 -0.0368995666503906
0.00463867187500001 0.150283813476563 -0.0105676651000977 0.0123872756958008
-0.0413970947265625 0.124168395996094 0.0609359741210937 0.0714950561523438
-0.00888824462890625 0.12091064453125 0.00978088378906251 0.0859603881835938
0.0712661743164063 0.113937377929688 0.0229644775390625 0.101028442382813
0.103324890136719 0.0293197631835938 0.0625381469726563 0.0690765380859375
0.0890655517578125 -0.0388107299804688 0.0657730102539063 0.0220527648925781
0.0257949829101563 -0.0810623168945313 0.0345382690429688 -0.0138950347900391
-0.0222930908203125 -0.0817413330078125 0.0127420425415039 -0.00513935089111329
-0.0198516845703125 -0.0817413330078125 0.0095062255859375 0.0209980010986328
-0.0346527099609375 -0.085174560546875 -1.45984453418542E-20 0.0344142913818359
-0.00872802734375 -0.0836334228515625 -0.0219306945800781 0.0411643981933594
0.0425186157226563 -0.082305908203125 -0.0326461791992188 0.0272121429443359
0.0880126953125 -0.0397186279296875 -0.0400428771972656 -0.00955963134765625
0.0968704223632813 0.0606613159179687 -0.0220623016357422 -0.0325736999511719
0.0481491088867188 0.105545043945313 0.0186882019042969 -0.0164718627929687
-0.017242431640625 0.129936218261719 -0.0146026611328125 0.0550117492675781
-0.0538711547851563 0.0744094848632813 0.0428237915039063 0.111251831054688
-0.0321273803710938 0.0899505615234375 0.00430297851562499 0.108634948730469
0.035919189453125 0.101478576660156 0.00958251953125 0.0988311767578125
0.0778427124023438 0.0378875732421875 0.0399169921875 0.0764617919921875
0.0761947631835938 -0.0218505859375 0.0464553833007813 0.0410804748535156
0.0270233154296875 -0.0657691955566406 0.0311527252197266 0.0156784057617187
-0.0146865844726562 -0.0695457458496094 0.024200439453125 0.0225238800048828
-0.0138778686523437 -0.0701675415039063 0.0222434997558594 0.0423583984375
-0.02655029296875 -0.0753707885742187 0.0128860473632812 0.0571937561035156
-0.00441741943359375 -0.07391357421875 -0.0159225463867188 0.0638275146484375
0.0422439575195312 -0.0708847045898438 -0.0337333679199219 0.0456047058105469
0.0791168212890625 -0.0267105102539063 -0.0452651977539062 0.00504684448242188
0.0746002197265625 0.0652694702148438 -0.0266761779785156 -0.0249099731445312
0.0182647705078125 0.0948333740234375 0.0220108032226562 0.00238609313964844
-0.0393829345703125 0.0935592651367187 -0.0237655639648438 0.0892410278320313
-0.0563621520996094 0.0121726989746094 0.0286102294921875 0.131240844726563
-0.046417236328125 0.0427169799804687 0.00235748291015625 0.117660522460938
-0.00117874145507812 0.0682144165039063 0.00124359130859376 0.0887908935546875
0.0403594970703125 0.0345306396484375 0.0231246948242188 0.0761871337890625
0.0484962463378906 -0.00484466552734375 0.0310096740722656 0.0522193908691406
0.0222320556640625 -0.039947509765625 0.02874755859375 0.0367202758789063
-0.00521087646484375 -0.0465126037597656 0.0331497192382812 0.0428390502929688
-0.00589370727539062 -0.0486602783203125 0.0311775207519531 0.0571136474609375
-0.01416015625 -0.0553169250488281 0.0218429565429687 0.0749130249023438
0.00129318237304687 -0.0559310913085937 -0.0134658813476562 0.0820770263671875
0.0375938415527344 -0.0507850646972656 -0.0383949279785156 0.0595703125
0.0625686645507813 -0.0114669799804688 -0.0532608032226562 0.0164413452148437
0.0452499389648437 0.061279296875 -0.0335617065429687 -0.0208530426025391
-0.0123062133789062 0.0723114013671875 0.0177078247070313 0.0156459808349609
-0.0560340881347656 0.0441665649414063 -0.0393295288085938 0.109825134277344
0.0594482421875 0.01348876953125 0.0330276489257813 -0.125694274902344
0.0247306823730469 -0.0380630493164063 -0.0160255432128906 -0.0255794525146484
-0.0182571411132813 -0.0353317260742188 0.0424346923828125 0.0252914428710937
-0.0350818634033203 -0.00289154052734375 0.0784225463867188 -0.018035888671875
-0.0250396728515625 0.0216102600097656 0.0537567138671875 -0.0697975158691406
-0.000944137573242185 0.0322494506835938 0.00834655761718751 -0.09661865234375
0.00435829162597656 0.0232982635498047 -0.0388107299804688 -0.0868072509765625
-0.000976562499999999 0.0186176300048828 -0.0418663024902344 -0.065673828125
-0.00336074829101563 0.0189476013183594 -0.042877197265625 -0.0527267456054688
-0.0123815536499023 0.0103902816772461 -0.0339164733886719 -0.052581787109375
-0.0172538757324219 -0.00830078125 -0.0318031311035156 -0.0581626892089844
-0.000751495361328125 -0.0334320068359375 -0.022125244140625 -0.0774307250976563
0.0373802185058594 -0.0250205993652344 0.0048065185546875 -0.0903244018554687
0.0601806640625 0.00790023803710938 -0.00690460205078126 -0.117218017578125
0.0603675842285156 0.0438461303710938 -0.022369384765625 -0.141021728515625
0.05828857421875 0.0727462768554688 0.0526657104492188 -0.117179870605469
0.0451927185058594 0.00674057006835938 -0.00643730163574218 -0.0225467681884766
0.0266170501708984 -0.0134487152099609 0.051239013671875 0.0358428955078125
0.00311470031738281 -0.0144033432006836 0.0901870727539063 -0.0130844116210938
-0.00304079055786133 -0.00796842575073242 0.0661849975585938 -0.0711822509765625
-0.00476884841918945 -0.001373291015625 0.0119476318359375 -0.101127624511719
-0.0122184753417969 -0.00687694549560547 -0.0380783081054688 -0.088348388671875
-0.0115346908569336 -0.013432502746582 -0.0397415161132813 -0.0622367858886719
-0.0159244537353516 -0.0141878128051758 -0.0424919128417969 -0.04962158203125
-0.00886917114257813 -0.0213851928710938 -0.0369949340820313 -0.0470008850097656
0.00720024108886719 -0.0321445465087891 -0.0338020324707031 -0.0509262084960938
0.037353515625 -0.0350532531738281 -0.024383544921875 -0.0724029541015625
0.0683441162109375 0.00902175903320312 -0.00104522705078125 -0.0807113647460938
0.0724258422851563 0.051849365234375 -0.00876617431640624 -0.103126525878906
0.0545272827148438 0.0995407104492188 -0.0178604125976563 -0.118705749511719
0.0433807373046875 0.1229248046875 0.0687942504882813 -0.0886459350585937
0.053680419921875 0.058380126953125 0.0027613639831543 -0.00555610656738281
0.0702056884765625 0.0203514099121094 0.0567359924316406 0.0542526245117188
0.0474777221679688 -0.0187644958496094 0.0998764038085938 0.001800537109375
0.0269088745117188 -0.0347995758056641 0.0788040161132812 -0.0620040893554687
-0.00292587280273438 -0.0368881225585938 0.0188827514648437 -0.0954437255859375
-0.0246200561523438 -0.0382537841796875 -0.03106689453125 -0.0800247192382812
-0.0204620361328125 -0.044097900390625 -0.0317573547363281 -0.0487861633300781
-0.0287017822265625 -0.0452423095703125 -0.0371360778808594 -0.0354080200195313
-0.00933837890625 -0.0505180358886719 -0.0380973815917969 -0.0303459167480469
0.0234642028808594 -0.0569610595703125 -0.0372047424316406 -0.0352287292480469
0.0655937194824219 -0.0431137084960938 -0.0317649841308594 -0.0614204406738281
0.09515380859375 0.0297088623046875 -0.00943374633789062 -0.0695304870605469
0.0835113525390625 0.0821380615234375 -0.007598876953125 -0.0834503173828125
0.0460662841796875 0.138359069824219 -0.0146713256835937 -0.0804519653320312
0.018951416015625 0.153533935546875 0.0778427124023438 -0.041046142578125
0.0480499267578125 0.102867126464844 0.0107097625732422 0.02252197265625
0.0993881225585938 0.0604629516601563 0.0550537109375 0.0753021240234375
0.0874557495117188 -0.01220703125 0.100601196289062 0.0244216918945312
0.0573196411132812 -0.0529289245605469 0.085906982421875 -0.04010009765625
0.00375747680664063 -0.0665817260742188 0.0270156860351563 -0.0774002075195313
-0.0315093994140625 -0.0639801025390625 -0.0184211730957031 -0.0617561340332031
-0.0262603759765625 -0.0681190490722656 -0.019622802734375 -0.028350830078125
-0.0385284423828125 -0.0683517456054688 -0.0271987915039063 -0.0138092041015625
-0.0130615234375 -0.0718231201171875 -0.0354080200195313 -0.00707626342773439
0.0309906005859375 -0.076995849609375 -0.0380630493164062 -0.0142326354980469
0.0814971923828125 -0.0521011352539063 -0.0375289916992188 -0.044708251953125
0.112373352050781 0.0397415161132813 -0.0169944763183594 -0.0566902160644531
0.0878067016601563 0.0978851318359375 -0.00104141235351562 -0.0615005493164063
0.033355712890625 0.156768798828125 -0.0123729705810547 -0.0343990325927734
-0.00962829589843751 0.156265258789063 0.0755081176757813 0.0146484375
0.0270538330078125 0.127792358398438 0.0137596130371094 0.0563507080078125
0.103836059570312 0.0952606201171875 0.0457534790039063 0.093780517578125
0.110061645507813 0.00469970703125 0.0897598266601563 0.0491104125976563
0.0814666748046875 -0.0562744140625 0.0826416015625 -0.011322021484375
0.0132217407226563 -0.0836944580078125 0.0328178405761719 -0.0491294860839844
-0.0322418212890625 -0.0794219970703125 -0.00315856933593751 -0.0355567932128906
-0.028076171875 -0.081146240234375 -0.00496864318847657 -0.00369310379028321
-0.0434112548828125 -0.0816268920898437 -0.0133752822875977 0.0114212036132812
-0.0156707763671875 -0.0829620361328125 -0.0286178588867188 0.018798828125
0.03497314453125 -0.0873489379882813 -0.0359535217285156 0.00812530517578125
0.0879364013671875 -0.0538482666015625 -0.04083251953125 -0.0267257690429688
0.114509582519531 0.047607421875 -0.0212669372558594 -0.0443115234375
0.0783920288085938 0.105186462402344 0.00949859619140625 -0.0398139953613281
0.0149688720703125 0.154571533203125 -0.0101032257080078 0.013920783996582
-0.0342330932617188 0.129959106445313 0.0658187866210938 0.0686302185058594
-0.00208282470703124 0.125198364257813 0.0130767822265625 0.087860107421875
0.0813522338867187 0.112289428710938 0.030609130859375 0.103042602539063
0.107711791992187 0.0233688354492187 0.0692977905273437 0.0676727294921875
0.08856201171875 -0.0458984375 0.0698318481445313 0.0178718566894531
0.0210037231445313 -0.0843124389648438 0.0346031188964844 -0.0162506103515625
-0.0280990600585938 -0.0809097290039063 0.0119857788085938 -0.00622749328613282
-0.0257720947265625 -0.082183837890625 0.0110664367675781 0.0206336975097656
-0.0413589477539062 -0.0837326049804688 0.00223922729492187 0.0358963012695313
-0.0146942138671875 -0.0840835571289063 -0.0204505920410156 0.0439414978027344
0.0370330810546875 -0.0866851806640625 -0.0332164764404297 0.0290088653564453
0.0872802734375 -0.0467605590820313 -0.0428962707519531 -0.00886154174804688
0.103477478027344 0.0562973022460938 -0.0243988037109375 -0.0329647064208984
0.0558090209960938 0.1053466796875 0.0182647705078125 -0.0193996429443359
-0.009246826171875 0.134536743164063 -0.0108528137207031 0.0575218200683594
-0.0503463745117188 0.07958984375 0.0502471923828125 0.110176086425781
-0.0279006958007812 0.0948104858398438 0.00948333740234375 0.110710144042969
0.0443954467773438 0.102333068847656 0.0158920288085937 0.101219177246094
0.0823440551757813 0.0338134765625 0.046356201171875 0.0767669677734375
0.0766143798828125 -0.0285110473632813 0.0507850646972656 0.0391807556152344
0.0234718322753906 -0.069061279296875 0.0327167510986328 0.0142574310302734
-0.0199966430664062 -0.0693016052246094 0.0258255004882813 0.0214500427246094
-0.0196685791015625 -0.0707168579101562 0.0257415771484375 0.0416259765625
-0.033447265625 -0.0748291015625 0.0169715881347656 0.05859375
-0.00995635986328126 -0.075225830078125 -0.013275146484375 0.0674552917480469
0.0376815795898438 -0.075439453125 -0.0328598022460938 0.0481643676757812
0.0797271728515625 -0.0332107543945313 -0.0472755432128906 0.00716018676757812
0.0815353393554688 0.0622406005859375 -0.0292282104492187 -0.0244941711425781
0.0248336791992188 0.0964508056640625 0.0226783752441406 -0.000448226928710932
-0.03424072265625 0.0987625122070313 -0.018341064453125 0.0928726196289062
-0.0573348999023438 0.01617431640625 0.037445068359375 0.131256103515625
-0.0452651977539063 0.0470046997070313 0.0081634521484375 0.119529724121094
0.0044097900390625 0.0703506469726563 0.00603485107421876 0.0916061401367188
0.0439376831054688 0.0327377319335938 0.0287246704101562 0.0774688720703125
0.0492286682128906 -0.00951004028320313 0.0356979370117187 0.0517921447753906
0.0194129943847656 -0.0430259704589844 0.03173828125 0.0360946655273438
-0.00922775268554688 -0.0468254089355469 0.0366249084472656 0.0412940979003906
-0.0102958679199219 -0.0492286682128906 0.0362930297851562 0.05633544921875
-0.0195388793945313 -0.055908203125 0.0277938842773438 0.0758056640625
-0.00323867797851563 -0.0571403503417969 -0.00851440429687501 0.0853118896484375
0.0344047546386719 -0.0554847717285156 -0.0363616943359375 0.0632705688476563
0.0635452270507813 -0.0166893005371094 -0.0543441772460937 0.0192413330078125
0.0514678955078125 0.0604972839355469 -0.0362777709960938 -0.0194969177246094
-0.00796508789062501 0.0756988525390625 0.01910400390625 0.0136680603027344
-0.055023193359375 0.0491943359375 -0.032745361328125 0.115058898925781
0.060333251953125 0.00863265991210938 0.0241165161132813 -0.12646484375
0.0219154357910156 -0.0395469665527344 -0.0177059173583984 -0.0230808258056641
-0.0209445953369141 -0.0338172912597656 0.0441703796386719 0.0231361389160156
-0.03515625 -0.000213623046875005 0.0775604248046875 -0.0224990844726562
-0.0229396820068359 0.0246505737304687 0.0498809814453125 -0.07275390625
0.00241470336914062 0.0323085784912109 0.00327301025390625 -0.0971832275390625
0.00682830810546875 0.0221195220947266 -0.0441436767578125 -0.083831787109375
0.00125694274902344 0.0183315277099609 -0.0463104248046875 -0.06231689453125
-0.00129890441894531 0.0190582275390625 -0.0466690063476563 -0.0493850708007812
-0.0105562210083008 0.0113000869750977 -0.037841796875 -0.0500259399414062
-0.0170907974243164 -0.00652790069580078 -0.0362930297851563 -0.0555152893066406
-0.00380325317382813 -0.0325336456298828 -0.027587890625 -0.0758590698242188
0.0350418090820313 -0.0273017883300781 0.0003662109375 -0.091033935546875
0.060455322265625 0.0036468505859375 -0.01348876953125 -0.1158447265625
0.0637741088867188 0.0390548706054688 -0.0315704345703125 -0.1378173828125
0.062774658203125 0.067230224609375 0.043487548828125 -0.119186401367188
0.0451736450195313 0.00387954711914062 -0.00829315185546874 -0.0202312469482422
0.0246639251708984 -0.0154457092285156 0.0540618896484375 0.0331077575683594
0.00130844116210937 -0.0138797760009766 0.0897293090820313 -0.018524169921875
-0.00364255905151367 -0.00596141815185547 0.0620040893554688 -0.0747756958007813
-0.00356507301330566 -0.000184297561645507 0.0061187744140625 -0.10235595703125
-0.0114154815673828 -0.00601387023925781 -0.0437545776367187 -0.0855331420898438
-0.011631965637207 -0.0129671096801758 -0.0441398620605469 -0.0592269897460938
-0.0158939361572266 -0.0128135681152344 -0.04620361328125 -0.0462379455566406
-0.00916290283203125 -0.0200748443603516 -0.0406761169433594 -0.0442047119140625
0.0056915283203125 -0.0313587188720703 -0.0377082824707031 -0.0491104125976562
0.0340499877929688 -0.0364151000976563 -0.0301971435546875 -0.0714187622070313
0.0676307678222656 0.00467681884765625 -0.00517272949218749 -0.0810928344726563
0.0749282836914063 0.0466461181640625 -0.014984130859375 -0.102218627929688
0.0609970092773437 0.0950927734375 -0.025726318359375 -0.115890502929688
0.051910400390625 0.118377685546875 0.06109619140625 -0.0925674438476562
0.057037353515625 0.0542488098144531 0.00140619277954102 -0.00435423851013183
0.0707550048828125 0.0149993896484375 0.0608940124511719 0.0508003234863281
0.0455513000488281 -0.0209693908691406 0.100364685058594 -0.004180908203125
0.0236701965332031 -0.0355567932128906 0.0751419067382813 -0.066497802734375
-0.00418853759765625 -0.0355873107910156 0.0131301879882813 -0.096710205078125
-0.0257568359375 -0.0358161926269531 -0.036224365234375 -0.0773162841796875
-0.0229530334472656 -0.0423431396484375 -0.0348281860351563 -0.0465469360351563
-0.0307426452636719 -0.0422630310058594 -0.0395660400390625 -0.0321922302246094
-0.0116615295410156 -0.0484733581542969 -0.0407981872558594 -0.0275306701660156
0.020050048828125 -0.0568275451660156 -0.0405540466308594 -0.0330543518066406
0.0621414184570313 -0.0465965270996094 -0.0367660522460937 -0.0602760314941406
0.0962905883789063 0.023223876953125 -0.0131492614746094 -0.0695686340332031
0.0878372192382813 0.0755691528320312 -0.0122222900390625 -0.0826644897460938
0.0548782348632813 0.134468078613281 -0.0202102661132812 -0.0781478881835937
0.0295562744140625 0.150711059570313 0.0732040405273438 -0.0466537475585937
0.0535507202148438 0.0992279052734375 0.0104312896728516 0.0225925445556641
0.103042602539062 0.0527572631835937 0.0606307983398438 0.0719985961914063
0.0855026245117188 -0.0174331665039063 0.102127075195313 0.0190582275390625
0.0530509948730469 -0.0560340881347656 0.0833969116210937 -0.0454177856445312
3.05175781250021E-05 -0.0652580261230469 0.0218429565429688 -0.078582763671875
-0.0346603393554688 -0.060760498046875 -0.0229644775390625 -0.0601005554199219
-0.0302162170410156 -0.0658187866210938 -0.0216350555419922 -0.0269584655761719
-0.0423851013183594 -0.0645523071289062 -0.0284214019775391 -0.0114345550537109
-0.0168991088867187 -0.0692825317382813 -0.0367164611816406 -0.00467300415039063
0.0255126953125 -0.0775146484375 -0.0401153564453125 -0.0123786926269531
0.0772476196289062 -0.0570144653320313 -0.0417861938476562 -0.043487548828125
0.113990783691406 0.032196044921875 -0.0197792053222656 -0.0565376281738281
0.0927505493164063 0.091400146484375 -0.00454330444335937 -0.06231689453125
0.0439300537109375 0.153610229492188 -0.0146503448486328 -0.0326004028320312
0.00114440917968751 0.15576171875 0.0747756958007813 0.00868225097656251
0.0344924926757813 0.125892639160156 0.0152740478515625 0.0557365417480469
0.109535217285156 0.0875015258789063 0.0519180297851563 0.0909576416015625
0.109542846679687 -0.00208282470703125 0.0931930541992187 0.044158935546875
0.0765609741210938 -0.0614547729492188 0.0817642211914063 -0.0167236328125
0.00795745849609375 -0.0826873779296875 0.029449462890625 -0.0508460998535156
-0.0369491577148438 -0.075714111328125 -0.00639724731445313 -0.0354347229003906
-0.0331192016601562 -0.0789413452148437 -0.00501108169555664 -0.00430822372436524
-0.0486831665039063 -0.0772247314453125 -0.0124197006225586 0.012822151184082
-0.0209197998046875 -0.0808029174804688 -0.02801513671875 0.0210723876953125
0.0281295776367188 -0.0884323120117188 -0.0369606018066406 0.00979995727539061
0.0832061767578125 -0.0596084594726563 -0.0440673828125 -0.0248680114746094
0.117164611816406 0.0398635864257813 -0.0237464904785156 -0.0434608459472656
0.0839462280273438 0.099365234375 0.00678253173828126 -0.0410385131835937
0.0252838134765625 0.152938842773438 -0.00907325744628906 0.0144309997558594
-0.0254287719726562 0.131423950195312 0.0688591003417969 0.062652587890625
0.00566864013671874 0.124824523925781 0.0161209106445313 0.0866241455078125
0.0893020629882813 0.10595703125 0.0374374389648438 0.100776672363281
0.108787536621094 0.0163345336914063 0.0740509033203125 0.0637283325195313
0.084564208984375 -0.0519180297851563 0.0711441040039063 0.0127716064453125
0.0154037475585937 -0.0840301513671875 0.0333805084228516 -0.0180110931396484
-0.03289794921875 -0.0775833129882813 0.0110712051391602 -0.00734329223632813
-0.0310592651367188 -0.0799636840820312 0.012420654296875 0.0191917419433594
-0.04766845703125 -0.0793533325195312 0.00454711914062499 0.0363426208496094
-0.0201568603515625 -0.0816421508789063 -0.0181999206542969 0.0458297729492187
0.0302352905273438 -0.08782958984375 -0.0328540802001953 0.0302238464355469
0.0830841064453125 -0.0526580810546875 -0.0448150634765625 -0.00675582885742189
0.107032775878906 0.0485610961914063 -0.0265426635742187 -0.0317497253417969
0.0614089965820313 0.101394653320313 0.0167598724365234 -0.0215835571289062
2.28881835937364E-05 0.134773254394531 -0.00708770751953125 0.0579032897949219
-0.0450439453125 0.0825424194335938 0.0560760498046875 0.105384826660156
-0.0216598510742188 0.0965957641601563 0.0143203735351562 0.109367370605469
0.0520172119140625 0.0987777709960937 0.021453857421875 0.0998611450195313
0.0845184326171875 0.0283355712890625 0.051116943359375 0.0740280151367188
0.07415771484375 -0.0343017578125 0.05438232421875 0.0353775024414062
0.0179977416992187 -0.0699043273925781 0.0332984924316406 0.0123672485351562
-0.0246238708496094 -0.0667991638183594 0.0266017913818359 0.0194549560546875
-0.0248489379882813 -0.0687789916992188 0.028594970703125 0.0390663146972656
-0.0386199951171875 -0.071502685546875 0.0207595825195313 0.0572319030761719
-0.01544189453125 -0.073516845703125 -0.0092010498046875 0.0684242248535156
0.0311508178710938 -0.0772705078125 -0.0307960510253906 0.0494537353515625
0.0769500732421875 -0.0389404296875 -0.0477256774902344 0.00888442993164062
0.0860977172851562 0.0565338134765625 -0.0307331085205078 -0.0228195190429687
0.03094482421875 0.0943222045898438 0.0227375030517578 -0.00342369079589843
-0.0276718139648438 0.101104736328125 -0.0120315551757813 0.0931930541992188
-0.0562553405761719 0.0194969177246094 0.0446624755859375 0.126785278320313
-0.0417633056640625 0.0505638122558594 0.0139541625976562 0.117942810058594
0.0102577209472656 0.0700225830078125 0.0107574462890625 0.0915374755859375
0.0459709167480469 0.0294914245605469 0.033447265625 0.0759048461914063
0.0483589172363281 -0.0134239196777344 0.0395011901855469 0.048919677734375
0.016082763671875 -0.0440826416015625 0.0340023040771484 0.0337696075439453
-0.0131187438964844 -0.0451240539550781 0.0388870239257813 0.0382118225097656
-0.0141830444335938 -0.048095703125 0.0397682189941406 0.0532379150390625
-0.0240707397460938 -0.0539283752441406 0.0330047607421875 0.0740585327148438
-0.00776672363281251 -0.0562362670898438 -0.00335693359374999 0.0862197875976563
0.0291824340820313 -0.0576515197753906 -0.0335159301757813 0.0648117065429688
0.0622177124023438 -0.0218429565429688 -0.0537376403808594 0.0218925476074219
0.056243896484375 0.0564727783203125 -0.0379219055175781 -0.0176544189453125
-0.00272369384765625 0.0767288208007813 0.0200290679931641 0.0106067657470703
-0.0514335632324219 0.053070068359375 -0.024566650390625 0.116226196289062
0.0590591430664063 0.00495529174804688 0.0179214477539063 -0.123832702636719
0.0191841125488281 -0.0399322509765625 -0.0177726745605469 -0.0199985504150391
-0.0230331420898438 -0.0318164825439453 0.0452041625976563 0.0211715698242187
-0.0350227355957031 0.00261688232421876 0.07611083984375 -0.0245895385742188
-0.0207176208496094 0.0266304016113281 0.04693603515625 -0.0724563598632813
0.00581550598144531 0.0315303802490234 0.000297546386718761 -0.0965957641601563
0.00873947143554688 0.020599365234375 -0.0461807250976562 -0.080474853515625
0.00288581848144531 0.0174598693847656 -0.0478286743164063 -0.0588455200195313
0.000761032104492186 0.0183010101318359 -0.048248291015625 -0.0457382202148437
-0.00895977020263672 0.0114498138427734 -0.0393486022949219 -0.0473403930664063
-0.0161848068237305 -0.00487804412841797 -0.0382308959960937 -0.0533485412597656
-0.00611305236816406 -0.0311374664306641 -0.0303955078125 -0.0740890502929688
0.0320663452148438 -0.0282993316650391 -0.00187683105468749 -0.0901870727539063
0.0591011047363281 0.00067138671875 -0.0169906616210938 -0.112281799316406
0.0644340515136719 0.0352973937988281 -0.0358200073242187 -0.13140869140625
0.0645980834960938 0.0615997314453125 0.0372161865234375 -0.117401123046875
0.0440139770507813 0.00229263305664063 -0.00926017761230468 -0.0176773071289063
0.0229778289794922 -0.0157737731933594 0.05499267578125 0.0306205749511719
0.000218391418457031 -0.0124378204345703 0.088134765625 -0.0205307006835938
-0.00348806381225586 -0.00425052642822266 0.0586624145507812 -0.07525634765625
-0.00160312652587891 0.000252842903137207 0.00260162353515625 -0.100555419921875
-0.00981235504150391 -0.00596332550048828 -0.0459823608398437 -0.0818099975585938
-0.0112056732177734 -0.0120792388916016 -0.0455513000488281 -0.0563697814941406
-0.0152196884155273 -0.0120744705200195 -0.0476646423339844 -0.0428962707519531
-0.00842857360839844 -0.0187511444091797 -0.0418891906738281 -0.0417709350585938
0.00460433959960937 -0.0299491882324219 -0.0397720336914063 -0.04656982421875
0.0308609008789063 -0.0364341735839844 -0.0330543518066406 -0.0693321228027344
0.0656318664550781 0.00195693969726563 -0.00722503662109374 -0.080596923828125
0.0744171142578125 0.04229736328125 -0.01776123046875 -0.0992965698242188
0.0642318725585938 0.0900039672851563 -0.0292739868164063 -0.110847473144531
0.0555343627929688 0.11199951171875 0.0550460815429688 -0.0923004150390625
0.0575790405273438 0.0510673522949219 0.00030612945556641 -0.00252318382263183
0.0690345764160156 0.0111541748046875 0.06182861328125 0.0472145080566406
0.0422935485839844 -0.0214614868164063 0.0991287231445313 -0.00701904296875
0.0212078094482422 -0.0343494415283203 0.07122802734375 -0.06781005859375
-0.004669189453125 -0.0329914093017578 0.00964355468750001 -0.0953598022460937
-0.0257968902587891 -0.0338973999023438 -0.0389251708984375 -0.0740585327148438
-0.0237159729003906 -0.0408401489257813 -0.0365447998046875 -0.0446357727050781
-0.0308074951171875 -0.0395736694335938 -0.0407829284667969 -0.029388427734375
-0.0123519897460938 -0.0466995239257813 -0.0416450500488281 -0.025238037109375
0.0179824829101563 -0.0552482604980469 -0.0419235229492188 -0.0311813354492188
0.0578994750976563 -0.0473098754882813 -0.0397872924804688 -0.0586891174316406
0.09423828125 0.019073486328125 -0.014678955078125 -0.0684471130371094
0.087799072265625 0.07073974609375 -0.014984130859375 -0.0811843872070312
0.0596847534179688 0.128692626953125 -0.0228118896484375 -0.0747146606445312
0.0352935791015625 0.144805908203125 0.0682334899902344 -0.0486984252929687
0.0564422607421875 0.0954208374023438 0.00960731506347657 0.0231533050537109
0.102508544921875 0.0465927124023438 0.0624008178710938 0.0678977966308594
0.082122802734375 -0.0199737548828125 0.102241516113281 0.0151519775390625
0.0488548278808594 -0.05596923828125 0.0806655883789062 -0.0479507446289062
-0.00170135498046875 -0.0627555847167969 0.0189895629882813 -0.0776290893554687
-0.0354194641113281 -0.0574226379394531 -0.02520751953125 -0.0577659606933594
-0.0321540832519531 -0.0630035400390625 -0.0227165222167969 -0.0257282257080078
-0.0437393188476563 -0.0606727600097656 -0.0284271240234375 -0.00954055786132813
-0.0188217163085937 -0.0662612915039062 -0.0367927551269531 -0.002838134765625
0.0218429565429687 -0.0755081176757813 -0.0413856506347656 -0.0110282897949219
0.0725479125976563 -0.0580520629882813 -0.0446891784667969 -0.0422592163085938
0.112876892089844 0.026611328125 -0.0208396911621094 -0.0557174682617188
0.0932846069335938 0.086181640625 -0.00703048706054688 -0.0611457824707031
0.0491943359375 0.148101806640625 -0.0157108306884766 -0.0307598114013672
0.00762939453124998 0.151046752929688 0.0717697143554688 0.00485992431640626
0.0385589599609375 0.122489929199219 0.0153579711914062 0.0548019409179688
0.110908508300781 0.080322265625 0.0546112060546875 0.0865478515625
0.106468200683594 -0.006500244140625 0.0937881469726563 0.0400848388671875
0.071441650390625 -0.06256103515625 0.0804672241210938 -0.01959228515625
0.00460052490234375 -0.0801467895507813 0.0266075134277344 -0.0504951477050781
-0.038330078125 -0.0714492797851563 -0.00796318054199219 -0.0340461730957031
-0.03631591796875 -0.0753097534179688 -0.00551128387451172 -0.00408411026000977
-0.0510787963867188 -0.0729293823242188 -0.0118818283081055 0.0136594772338867
-0.0234527587890625 -0.077301025390625 -0.0271015167236328 0.0224723815917969
0.0235977172851562 -0.0863571166992188 -0.0373649597167969 0.0108375549316406
0.0780715942382813 -0.0612335205078125 -0.0458641052246094 -0.0239677429199219
0.116004943847656 0.034149169921875 -0.0246467590332031 -0.042510986328125
0.0853118896484375 0.0937042236328125 0.00480270385742188 -0.0412826538085937
0.0314178466796875 0.148468017578125 -0.00798225402832031 0.0144271850585938
-0.0193405151367188 0.128883361816406 0.0678253173828125 0.0573043823242188
0.00951385498046876 0.122909545898438 0.0167465209960937 0.0844345092773438
0.0922317504882812 0.0993804931640625 0.039825439453125 0.0971603393554687
0.106742858886719 0.0116500854492188 0.0748367309570313 0.0603790283203125
0.0796737670898438 -0.0544586181640625 0.0701332092285156 0.0098114013671875
0.0111236572265625 -0.0823898315429688 0.0314617156982422 -0.0185604095458984
-0.0347900390625 -0.0734481811523437 0.00998878479003906 -0.0074453353881836
-0.0341720581054688 -0.0767364501953125 0.012481689453125 0.0177211761474609
-0.0501022338867187 -0.0749893188476563 0.0057220458984375 0.0358314514160156
-0.023040771484375 -0.0782852172851563 -0.0163383483886719 0.0460853576660156
0.0250015258789062 -0.0865707397460937 -0.0322494506835938 0.0306110382080078
0.0788040161132812 -0.055267333984375 -0.0456047058105469 -0.00622177124023437
0.107101440429688 0.0430221557617188 -0.0273551940917969 -0.0309562683105469
0.0639190673828125 0.0963516235351563 0.01519775390625 -0.0230770111083984
0.00556945800781251 0.132087707519531 -0.00464248657226563 0.0565910339355469
-0.0407867431640625 0.0818710327148437 0.05743408203125 0.0992965698242188
-0.018035888671875 0.0959701538085938 0.0158462524414063 0.106468200683594
0.0554275512695313 0.0945587158203125 0.0241851806640625 0.09710693359375
0.08392333984375 0.0243301391601563 0.0532073974609375 0.0706558227539063
0.0701828002929688 -0.0370216369628906 0.054656982421875 0.032196044921875
0.0143814086914063 -0.0688972473144531 0.0326519012451172 0.0112266540527344
-0.02667236328125 -0.0630226135253906 0.0264530181884766 0.0179100036621094
-0.0278053283691406 -0.0661239624023437 0.0293655395507813 0.0366172790527344
-0.0417442321777344 -0.067626953125 0.0231094360351563 0.0554046630859375
-0.0186386108398437 -0.0707321166992188 -0.00646591186523437 0.0675201416015625
0.0262374877929688 -0.07659912109375 -0.0296516418457031 0.0492134094238281
0.0732421875 -0.042144775390625 -0.0475997924804687 0.00978469848632812
0.0873794555664063 0.0508956909179688 -0.0310516357421875 -0.0218658447265625
0.034088134765625 0.091583251953125 0.0214061737060547 -0.00559997558593749
-0.0226821899414063 0.100135803222656 -0.0075836181640625 0.0908126831054687
-0.0538978576660156 0.021697998046875 0.0472259521484375 0.120857238769531
-0.0390663146972656 0.0511589050292969 0.0162353515625 0.11474609375
0.0141334533691406 0.0677833557128906 0.0130462646484375 0.0896759033203125
0.046234130859375 0.0266799926757812 0.0360183715820313 0.0737380981445313
0.0467491149902344 -0.015533447265625 0.041259765625 0.0463981628417969
0.01348876953125 -0.0438652038574219 0.0342121124267578 0.0318145751953125
-0.0148124694824219 -0.0427932739257813 0.0395317077636719 0.0355949401855469
-0.0170326232910156 -0.0462799072265625 0.0416946411132813 0.0497970581054688
-0.0273399353027344 -0.0511283874511719 0.0355758666992188 0.070953369140625
-0.01092529296875 -0.0542488098144531 -6.103515625001E-05 0.0849761962890625
0.0252227783203125 -0.0577354431152344 -0.03106689453125 0.0646018981933594
0.0594139099121094 -0.0250663757324219 -0.0523338317871094 0.0226402282714844
0.0584678649902344 0.0524864196777344 -0.0383071899414062 -0.0161552429199219
0.000816345214843755 0.0756072998046875 0.0197029113769531 0.00808143615722657
-0.0478553771972656 0.0542945861816406 -0.0192489624023438 0.113685607910156
0.0574188232421875 0.00324630737304688 0.0156707763671875 -0.121139526367188
0.0182991027832031 -0.0396995544433594 -0.0175228118896484 -0.0184497833251953
-0.0229721069335938 -0.0306491851806641 0.0446319580078125 0.0209884643554687
-0.0344982147216797 0.00409698486328125 0.0757369995117188 -0.0249176025390625
-0.0192680358886719 0.0274372100830078 0.0463027954101563 -0.0714035034179688
0.00743484497070313 0.0306911468505859 -0.000892639160156246 -0.0956497192382813
0.00993537902832031 0.0190715789794922 -0.0465774536132813 -0.0788345336914063
0.00341892242431641 0.0165987014770508 -0.0485153198242188 -0.0572853088378906
0.00142860412597656 0.0171613693237305 -0.0482063293457031 -0.0435371398925781
-0.00762557983398438 0.0114812850952148 -0.0402641296386719 -0.0458831787109375
-0.0151338577270508 -0.00379848480224609 -0.0392723083496094 -0.0521774291992188
-0.00745391845703125 -0.0295047760009766 -0.0313568115234375 -0.0727157592773438
0.030059814453125 -0.0274600982666016 -0.00201416015624999 -0.0891036987304688
0.0578498840332031 -0.0002288818359375 -0.0165481567382813 -0.11004638671875
0.0644073486328125 0.0327987670898438 -0.0365066528320312 -0.127174377441406
0.0637435913085938 0.0587615966796875 0.0338287353515625 -0.115020751953125
0.0426445007324219 0.00113677978515625 -0.00953292846679687 -0.0157203674316406
0.0215549468994141 -0.0161342620849609 0.054443359375 0.0297966003417969
-0.000604629516601563 -0.0115346908569336 0.0876388549804687 -0.021240234375
-0.00288891792297363 -0.00262284278869629 0.05731201171875 -0.0745468139648438
-0.000149965286254883 0.000794172286987305 0.00195312500000001 -0.0993499755859375
-0.00901126861572266 -0.00600624084472656 -0.0462646484375 -0.0798110961914063
-0.0105810165405273 -0.0119390487670898 -0.0458526611328125 -0.054656982421875
-0.0140590667724609 -0.0113620758056641 -0.0478897094726563 -0.0407028198242188
-0.00737190246582031 -0.0182838439941406 -0.0425338745117188 -0.0400238037109375
0.00495147705078125 -0.0284805297851563 -0.0406227111816406 -0.0458145141601563
0.0292453765869141 -0.0350627899169922 -0.03436279296875 -0.06878662109375
0.0632362365722656 0.0015411376953125 -0.00726318359375 -0.079833984375
0.0730667114257813 0.0404052734375 -0.0178985595703125 -0.0972900390625
0.064666748046875 0.0870285034179688 -0.0303192138671875 -0.107460021972656
0.0557174682617188 0.107917785644531 0.0515213012695313 -0.0909881591796875
0.0568656921386719 0.0489158630371094 -0.00036513805389404 -0.0013514757156372
0.067596435546875 0.0097198486328125 0.0615692138671875 0.0459136962890625
0.0409660339355469 -0.0208587646484375 0.098114013671875 -0.00762176513671875
0.0203533172607422 -0.0330696105957031 0.07012939453125 -0.0671272277832031
-0.00398063659667968 -0.0321521759033203 0.00861358642578125 -0.0941619873046875
-0.0248146057128906 -0.0328617095947266 -0.0393218994140625 -0.0723495483398438
-0.0232658386230469 -0.0397300720214844 -0.036834716796875 -0.0432052612304688
-0.0303459167480469 -0.0380783081054687 -0.0409736633300781 -0.0277595520019531
-0.0118408203125 -0.0446434020996094 -0.0422401428222656 -0.0235176086425781
0.0172462463378906 -0.0532646179199219 -0.0431632995605469 -0.0308303833007813
0.0556373596191406 -0.0466880798339844 -0.0416488647460938 -0.0579452514648438
0.0925521850585938 0.0178985595703125 -0.0143775939941406 -0.0687484741210938
0.0862503051757813 0.0679168701171875 -0.015411376953125 -0.07977294921875
0.0607376098632813 0.125648498535156 -0.023101806640625 -0.07177734375
0.0367889404296875 0.140731811523437 0.0647926330566406 -0.0489311218261719
0.0559234619140625 0.092529296875 0.00829315185546875 0.0237216949462891
0.10089111328125 0.0436325073242188 0.0621261596679688 0.0662460327148438
0.0793991088867187 -0.0199661254882812 0.101524353027344 0.014129638671875
0.0471038818359375 -0.0550689697265625 0.0788650512695313 -0.0475616455078125
-0.00209426879882812 -0.0604896545410156 0.0177993774414063 -0.0766067504882813
-0.0344963073730469 -0.0552406311035156 -0.0260848999023437 -0.0561676025390625
-0.0319557189941406 -0.0614814758300781 -0.0230388641357422 -0.0253639221191406
-0.0432548522949219 -0.058197021484375 -0.0280017852783203 -0.00823402404785157
-0.0186271667480469 -0.0640907287597656 -0.0367507934570313 -0.00141906738281251
0.0210800170898437 -0.0733642578125 -0.042144775390625 -0.0106239318847656
0.0697784423828125 -0.0573577880859375 -0.0456008911132812 -0.0420188903808594
0.110649108886719 0.0254058837890625 -0.0209579467773437 -0.0560188293457031
0.0921478271484375 0.08294677734375 -0.00753021240234374 -0.0607261657714844
0.0507659912109375 0.14471435546875 -0.0156383514404297 -0.0292892456054687
0.0090789794921875 0.146987915039063 0.0686454772949219 0.00341033935546876
0.038726806640625 0.120002746582031 0.0136070251464844 0.0545463562011719
0.109855651855469 0.07672119140625 0.0543212890625 0.0845108032226563
0.103759765625 -0.0072784423828125 0.0939865112304688 0.038665771484375
0.0689048767089844 -0.0621261596679688 0.0792388916015625 -0.0203170776367188
0.00402069091796875 -0.0781936645507813 0.0257644653320313 -0.0496025085449219
-0.0379219055175781 -0.0690155029296875 -0.00893020629882813 -0.0330257415771484
-0.0364608764648438 -0.0739822387695313 -0.00545692443847656 -0.0038905143737793
-0.0504837036132813 -0.0697860717773437 -0.0115737915039063 0.0139865875244141
-0.02349853515625 -0.0744171142578125 -0.0274372100830078 0.0230445861816406
0.021728515625 -0.0838623046875 -0.0379295349121094 0.0106620788574219
0.0756759643554688 -0.0611724853515625 -0.0471954345703125 -0.0239372253417969
0.11480712890625 0.031829833984375 -0.0241165161132813 -0.0431556701660156
0.0843505859375 0.091278076171875 0.00426864624023438 -0.0418357849121094
0.0330810546875 0.1455078125 -0.00766086578369141 0.0148735046386719
-0.0176544189453125 0.1258544921875 0.0657997131347656 0.0544242858886719
0.0104446411132812 0.120635986328125 0.0155792236328125 0.0832672119140625
0.0916748046875 0.0962066650390625 0.0397720336914063 0.0949935913085938
0.1046142578125 0.0103988647460937 0.0754928588867188 0.0591049194335938
0.0774917602539063 -0.05389404296875 0.0698051452636719 0.00838088989257812
0.0103378295898437 -0.0802688598632813 0.0307579040527344 -0.0184707641601563
-0.0351409912109375 -0.0710906982421875 0.00930023193359375 -0.00747680664062501
-0.0349884033203125 -0.0748825073242188 0.0123176574707031 0.0170135498046875
-0.0509033203125 -0.0719680786132813 0.0065460205078125 0.0355453491210937
-0.0236129760742187 -0.0756759643554688 -0.0161705017089844 0.0460166931152344
0.0226287841796875 -0.0841445922851563 -0.03271484375 0.0302867889404297
0.0756149291992188 -0.0552597045898437 -0.0465850830078125 -0.00690078735351563
0.106216430664063 0.0409088134765625 -0.0267772674560547 -0.0311031341552734
0.0635833740234375 0.0941696166992188 0.0143203735351563 -0.0240764617919922
0.00771331787109375 0.130020141601563 -0.00341415405273437 0.0555000305175781
-0.03912353515625 0.080718994140625 0.0560073852539063 0.0951461791992187
-0.016845703125 0.0946426391601562 0.0146636962890625 0.105010986328125
0.0565032958984375 0.0915298461914063 0.0241775512695313 0.0951995849609375
0.0820999145507813 0.0226974487304688 0.0536651611328125 0.0699920654296875
0.0681266784667969 -0.0373497009277344 0.0542182922363281 0.0307769775390625
0.0126991271972656 -0.0674285888671875 0.0324192047119141 0.0107021331787109
-0.0271224975585938 -0.0612068176269531 0.0259075164794922 0.0172767639160156
-0.0284538269042969 -0.0647239685058594 0.0291481018066406 0.0349826812744141
-0.0426521301269531 -0.0650100708007813 0.0234413146972656 0.0543251037597656
-0.0196151733398437 -0.0684967041015625 -0.00609970092773437 0.0673332214355469
0.0239715576171875 -0.0752182006835938 -0.0299949645996094 0.0483589172363281
0.0702590942382813 -0.042724609375 -0.048126220703125 0.00883865356445312
0.0872726440429688 0.048614501953125 -0.0305995941162109 -0.0222721099853516
0.034759521484375 0.0898513793945312 0.020843505859375 -0.00713348388671874
-0.0208053588867188 0.0988006591796875 -0.006317138671875 0.088714599609375
-0.0532760620117188 0.0220069885253906 0.0464630126953125 0.115936279296875
-0.0378799438476563 0.0512275695800781 0.015411376953125 0.112464904785156
0.0153999328613281 0.0664863586425781 0.0124435424804688 0.0884857177734375
0.0460014343261719 0.0252265930175781 0.0358810424804688 0.0724868774414063
0.045257568359375 -0.0163726806640625 0.04107666015625 0.0448570251464844
0.0117607116699219 -0.0436592102050781 0.0345611572265625 0.0312232971191406
-0.0158309936523438 -0.0414390563964844 0.0390281677246094 0.0344963073730469
-0.0182571411132812 -0.0449485778808594 0.0414161682128906 0.0475654602050781
-0.028533935546875 -0.0494461059570313 0.0366554260253906 0.0690650939941406
-0.0118637084960938 -0.0528602600097656 0.000862121582031249 0.0840225219726563
0.0228996276855469 -0.056976318359375 -0.0308761596679688 0.0633049011230469
0.057708740234375 -0.0260772705078125 -0.0522651672363281 0.0219993591308594
0.0593070983886719 0.0504875183105469 -0.0373954772949219 -0.0164299011230469
0.00202178955078126 0.0747833251953125 0.019256591796875 0.00635719299316407
-0.046173095703125 0.0544052124023438 -0.0171890258789063 0.110504150390625
0.0569915771484375 0.002593994140625 0.0152053833007813 -0.120346069335938
0.0180625915527344 -0.0402297973632812 -0.0177173614501953 -0.0174751281738281
-0.0237293243408203 -0.0304203033447266 0.0447311401367188 0.0219192504882812
-0.034912109375 0.00555992126464843 0.0765914916992188 -0.024688720703125
-0.0181007385253906 0.0285911560058594 0.048126220703125 -0.0713882446289063
0.00888252258300781 0.0300025939941406 -6.10351562500012E-05 -0.0969314575195313
0.0102767944335938 0.0178260803222656 -0.0468292236328125 -0.0793609619140625
0.003814697265625 0.0161638259887695 -0.0486259460449219 -0.0576286315917969
0.00219249725341797 0.0167255401611328 -0.0485763549804687 -0.0435028076171875
-0.00692844390869141 0.0115137100219727 -0.0399818420410156 -0.0461769104003906
-0.0145540237426758 -0.00310134887695312 -0.0397567749023438 -0.0530357360839844
-0.00812339782714844 -0.0287303924560547 -0.0319061279296875 -0.0736846923828125
0.0296077728271484 -0.0270404815673828 -0.000747680664062508 -0.0906295776367188
0.0579452514648437 -0.00038909912109375 -0.0154800415039062 -0.110282897949219
0.0646934509277344 0.0321426391601563 -0.0347366333007812 -0.126373291015625
0.0631294250488281 0.0580291748046875 0.0333023071289063 -0.114349365234375
0.0417900085449219 0.000682830810546875 -0.0102500915527344 -0.0145654678344727
0.0209255218505859 -0.0158672332763672 0.0544395446777344 0.0300559997558594
-0.00133705139160156 -0.00973129272460938 0.0887451171875 -0.0208740234375
-0.0021895170211792 -0.00157713890075684 0.0586395263671875 -0.0742721557617188
0.00111901760101318 0.000464558601379394 0.00228118896484376 -0.100372314453125
-0.00797080993652344 -0.00704288482666016 -0.04669189453125 -0.0802230834960938
-0.00973129272460937 -0.0123977661132813 -0.046783447265625 -0.0548973083496094
-0.013117790222168 -0.0118551254272461 -0.0484848022460937 -0.0404205322265625
-0.00615310668945312 -0.0180149078369141 -0.0430679321289063 -0.0402374267578125
0.00625419616699219 -0.0277500152587891 -0.0417709350585938 -0.0462265014648438
0.0285453796386719 -0.0343074798583984 -0.0355033874511719 -0.0696487426757813
0.0626411437988281 0.00192642211914063 -0.00605010986328124 -0.0813217163085938
0.0721206665039063 0.0407562255859375 -0.016693115234375 -0.0973739624023438
0.0651626586914063 0.0866622924804688 -0.0292587280273438 -0.106391906738281
0.0550537109375 0.107322692871094 0.050445556640625 -0.0904922485351563
0.0560951232910156 0.0491218566894531 -0.00156641006469726 0.000147104263305667
0.0668525695800781 0.0100593566894531 0.0615081787109375 0.0466499328613281
0.0399322509765625 -0.01953125 0.0998001098632813 -0.0070953369140625
0.021026611328125 -0.0316200256347656 0.0713577270507813 -0.0668411254882813
-0.00255393981933594 -0.0317840576171875 0.00904083251953124 -0.0946273803710938
-0.0239448547363281 -0.0330924987792969 -0.04010009765625 -0.0725479125976563
-0.0226402282714844 -0.0402984619140625 -0.0375404357910156 -0.0437278747558594
-0.0294532775878906 -0.0379219055175781 -0.0417709350585937 -0.0277175903320313
-0.0103759765625 -0.0445060729980469 -0.0428123474121094 -0.0236129760742188
0.0179710388183594 -0.0524749755859375 -0.0444526672363281 -0.0309600830078125
0.0553703308105469 -0.0455322265625 -0.04327392578125 -0.0592727661132813
0.0918045043945313 0.018890380859375 -0.013763427734375 -0.0702323913574219
0.0849533081054688 0.068695068359375 -0.0142669677734375 -0.080078125
0.0602874755859375 0.125213623046875 -0.0225296020507813 -0.0714950561523437
0.0354080200195312 0.139541625976563 0.0631866455078125 -0.0488433837890625
0.0552902221679687 0.0929946899414063 0.00674057006835938 0.0248699188232422
0.100364685058594 0.043548583984375 0.0623817443847656 0.0669631958007813
0.0786819458007813 -0.018951416015625 0.1026611328125 0.0152053833007812
0.04681396484375 -0.0541419982910156 0.07989501953125 -0.0480804443359375
-0.000450134277343749 -0.0598335266113281 0.01873779296875 -0.0768280029296875
-0.0340309143066406 -0.0553359985351563 -0.0265617370605469 -0.056396484375
-0.0321540832519531 -0.0621109008789062 -0.0234718322753906 -0.0259151458740234
-0.0426063537597656 -0.0578422546386719 -0.0290164947509766 -0.00807571411132813
-0.0175361633300781 -0.0633468627929688 -0.0377273559570313 -0.001434326171875
0.02166748046875 -0.0724716186523437 -0.0438079833984375 -0.0109329223632813
0.0693855285644531 -0.05694580078125 -0.0481758117675781 -0.0436553955078125
0.110801696777344 0.0257797241210937 -0.0205345153808594 -0.0579147338867188
0.0910568237304688 0.0836944580078125 -0.00711822509765625 -0.0614128112792969
0.0510406494140625 0.14501953125 -0.0153484344482422 -0.029214859008789
0.00823974609374999 0.146484375 0.0671577453613281 0.00300598144531251
0.0378646850585937 0.120285034179687 0.0113677978515625 0.0556297302246094
0.109336853027344 0.0764999389648438 0.0540542602539063 0.0853347778320313
0.103073120117187 -0.006591796875 0.0946578979492187 0.03912353515625
0.0688133239746094 -0.0617485046386719 0.0802536010742188 -0.02001953125
0.00504302978515626 -0.0775985717773438 0.0262451171875 -0.0499458312988281
-0.0371208190917969 -0.0686492919921875 -0.00953292846679688 -0.0328483581542969
-0.0363998413085938 -0.07464599609375 -0.00593852996826172 -0.00411701202392578
-0.0505104064941406 -0.069000244140625 -0.0119838714599609 0.0139312744140625
-0.0226821899414063 -0.0737838745117188 -0.027923583984375 0.0233745574951172
0.0219268798828125 -0.0833511352539063 -0.0399971008300781 0.0100975036621094
0.0750656127929688 -0.0605697631835938 -0.0496788024902344 -0.0254478454589844
0.115127563476563 0.0322113037109375 -0.0241584777832031 -0.0452003479003906
0.0836334228515625 0.091522216796875 0.00395965576171876 -0.0425529479980469
0.0332183837890625 0.145858764648438 -0.0074920654296875 0.0149164199829102
-0.018341064453125 0.125267028808594 0.0641326904296875 0.0539093017578125
0.00946044921874999 0.121513366699219 0.013092041015625 0.0843887329101563
0.0920639038085938 0.0962677001953125 0.0387420654296875 0.0958023071289063
0.104225158691406 0.0107955932617188 0.07611083984375 0.0594863891601563
0.0770416259765625 -0.054443359375 0.07037353515625 0.0084991455078125
0.0110244750976562 -0.0797653198242188 0.0309352874755859 -0.0180950164794922
-0.0349273681640625 -0.0707168579101563 0.00842857360839844 -0.00714731216430665
-0.035552978515625 -0.0752716064453125 0.0121183395385742 0.0167570114135742
-0.0507278442382813 -0.0713653564453125 0.00627899169921875 0.0351314544677734
-0.0234451293945313 -0.0750579833984375 -0.0167350769042969 0.0465660095214844
0.0223770141601562 -0.0840225219726563 -0.0346870422363281 0.0297737121582031
0.0752182006835938 -0.05523681640625 -0.0487709045410156 -0.00794601440429689
0.106979370117188 0.0405502319335938 -0.0269260406494141 -0.0329093933105469
0.0633468627929688 0.0948104858398438 0.0143680572509766 -0.0249500274658203
0.0077667236328125 0.1300048828125 -0.003692626953125 0.0549697875976563
-0.0400314331054688 0.0801010131835937 0.0538101196289063 0.0945663452148438
-0.0172805786132813 0.0958099365234375 0.0121078491210937 0.104888916015625
0.0570526123046875 0.0914154052734375 0.0231170654296875 0.0963821411132812
0.0823211669921875 0.0227432250976562 0.0536880493164063 0.0710220336914063
0.0688743591308594 -0.0376663208007812 0.0548362731933594 0.0308876037597656
0.0132904052734375 -0.0677146911621094 0.0325756072998047 0.0113048553466797
-0.0270271301269531 -0.061309814453125 0.0253963470458984 0.0174560546875
-0.0292549133300781 -0.06494140625 0.0289421081542969 0.0347251892089844
-0.043243408203125 -0.0641403198242188 0.0233039855957031 0.0545692443847656
-0.0201530456542969 -0.0681304931640625 -0.00618362426757812 0.0680885314941406
0.0227203369140625 -0.0746688842773438 -0.0315895080566406 0.0480308532714844
0.070037841796875 -0.0428962707519531 -0.0497894287109375 0.00793838500976561
0.0880966186523437 0.0481796264648438 -0.0307426452636719 -0.0231246948242187
0.0348129272460937 0.0904388427734375 0.0204505920410156 -0.00851440429687499
-0.0206451416015625 0.0985946655273437 -0.006378173828125 0.088165283203125
-0.053314208984375 0.0217094421386719 0.0444412231445313 0.115676879882812
-0.0384292602539063 0.0518913269042969 0.0129776000976563 0.112564086914062
0.0163154602050781 0.0664329528808594 0.011077880859375 0.0900192260742188
0.0460739135742188 0.0254478454589844 0.0360870361328125 0.0738906860351563
0.0449600219726563 -0.0171546936035156 0.0412635803222656 0.0450401306152344
0.0113067626953125 -0.0438652038574219 0.0341510772705078 0.0316658020019531
-0.0164527893066406 -0.0414543151855469 0.039276123046875 0.034820556640625
-0.0187873840332031 -0.04510498046875 0.0415725708007812 0.0476264953613281
-0.0294418334960938 -0.0483551025390625 0.0363121032714844 0.0687675476074219
-0.0128517150878906 -0.0524368286132813 0.000267028808593746 0.0846633911132813
0.02197265625 -0.05731201171875 -0.0322532653808594 0.062957763671875
0.0571937561035156 -0.0267601013183594 -0.0536422729492188 0.0209541320800781
0.060211181640625 0.0495643615722656 -0.0377655029296875 -0.0177268981933594
0.00299835205078126 0.075469970703125 0.0190982818603516 0.00485038757324219
-0.0459976196289063 0.0546913146972656 -0.0176239013671875 0.110328674316406
0.0577583312988281 0.00189971923828125 0.0154647827148437 -0.122566223144531
0.0170822143554687 -0.0421218872070313 -0.0182037353515625 -0.0168342590332031
-0.0249977111816406 -0.0312004089355469 0.0461578369140625 0.0233840942382812
-0.0358123779296875 0.00680923461914063 0.0796356201171875 -0.0250625610351563
-0.0173397064208984 0.0304927825927734 0.0505523681640625 -0.0730819702148438
0.0100879669189453 0.0297222137451172 -3.05175781250091E-05 -0.100395202636719
0.0107154846191406 0.0175914764404297 -0.0485610961914063 -0.0817413330078125
0.00457382202148438 0.0167055130004883 -0.051055908203125 -0.0590438842773438
0.00305557250976563 0.0168743133544922 -0.0506477355957031 -0.0438613891601563
-0.00594806671142578 0.0113162994384766 -0.0417060852050781 -0.0474929809570313
-0.01434326171875 -0.00305652618408203 -0.0416145324707031 -0.0543937683105469
-0.00908660888671875 -0.0285797119140625 -0.03369140625 -0.0758590698242188
0.0295372009277344 -0.0278186798095703 1.52587890624934E-05 -0.0941925048828125
0.0590553283691406 -0.0005035400390625 -0.0142059326171875 -0.112922668457031
0.0666465759277344 0.0319061279296875 -0.035247802734375 -0.128372192382813
0.0643692016601563 0.0585823059082031 0.0333099365234375 -0.116828918457031
0.0424690246582031 0.000164031982421875 -0.0105876922607422 -0.0138225555419922
0.0207138061523438 -0.0162296295166016 0.0562019348144531 0.0316658020019531
-0.00184154510498047 -0.00896453857421875 0.0921249389648437 -0.02154541015625
-0.00170707702636719 -0.00028073787689209 0.0615005493164062 -0.0764083862304688
0.00222945213317871 0.000457525253295898 0.00280761718749999 -0.104026794433594
-0.00744438171386719 -0.00764751434326172 -0.0487060546875 -0.0824356079101563
-0.0101852416992187 -0.0130348205566406 -0.0488014221191406 -0.0565185546875
-0.0127773284912109 -0.0124921798706055 -0.0505867004394531 -0.0411758422851562
-0.00534629821777344 -0.0183353424072266 -0.0450477600097656 -0.0413894653320312
0.00737953186035157 -0.0277137756347656 -0.0437889099121094 -0.0477180480957031
0.0288219451904297 -0.0345020294189453 -0.0381546020507812 -0.071929931640625
0.0636138916015625 0.00226211547851563 -0.00551605224609375 -0.0847854614257813
0.07379150390625 0.0416259765625 -0.0165176391601563 -0.0999603271484375
0.0665969848632813 0.0880661010742188 -0.0294723510742187 -0.108184814453125
0.0560760498046875 0.109054565429688 0.0505905151367187 -0.0924224853515625
0.0566482543945313 0.0498428344726563 -0.00279855728149414 0.0013427734375
0.0676765441894531 0.00948333740234375 0.063812255859375 0.0480232238769531
0.0405235290527344 -0.0191993713378906 0.103157043457031 -0.0072021484375
0.0215682983398438 -0.0317878723144531 0.0740890502929688 -0.069122314453125
-0.00145912170410156 -0.0321922302246094 0.00923156738281251 -0.0979385375976563
-0.0239677429199219 -0.0343894958496094 -0.0420379638671875 -0.0741958618164063
-0.0237808227539063 -0.0415763854980469 -0.0398521423339844 -0.0449485778808594
-0.0294151306152344 -0.03900146484375 -0.0436820983886719 -0.0279083251953125
-0.0097503662109375 -0.0453872680664063 -0.0451393127441406 -0.0239105224609375
0.0194091796875 -0.0534553527832031 -0.0472068786621094 -0.0325508117675781
0.0565414428710938 -0.0457115173339844 -0.0463180541992188 -0.0618896484375
0.094024658203125 0.0197525024414063 -0.013519287109375 -0.073974609375
0.08709716796875 0.070098876953125 -0.0147018432617187 -0.0827484130859375
0.06292724609375 0.128372192382813 -0.0234756469726563 -0.0723114013671875
0.0357513427734375 0.142532348632812 0.0635643005371094 -0.0498542785644531
0.05621337890625 0.0955810546875 0.00548553466796875 0.0269107818603516
0.1026611328125 0.0442581176757813 0.0633621215820313 0.0692062377929688
0.0802459716796875 -0.0192718505859375 0.106712341308594 0.0155029296875
0.0480003356933594 -0.0547676086425781 0.0833740234375 -0.049041748046875
-0.000152587890624999 -0.0613670349121094 0.0190887451171875 -0.0796661376953125
-0.0343894958496094 -0.0567283630371094 -0.0281181335449219 -0.0578536987304688
-0.0336265563964844 -0.0636405944824219 -0.0250568389892578 -0.0268135070800781
-0.0432395935058594 -0.0593338012695313 -0.0303020477294922 -0.00795745849609375
-0.0172271728515625 -0.0647010803222656 -0.0396194458007813 -0.000526428222656254
0.0225296020507813 -0.073211669921875 -0.0465164184570312 -0.0116119384765625
0.0705032348632812 -0.05780029296875 -0.052032470703125 -0.0452384948730469
0.11346435546875 0.0263595581054688 -0.0205421447753906 -0.0609550476074219
0.0928955078125 0.0858001708984375 -0.00719070434570312 -0.0636863708496094
0.053436279296875 0.148590087890625 -0.0156822204589844 -0.0292835235595703
0.0077972412109375 0.149734497070313 0.0670280456542969 0.00267791748046876
0.0385971069335937 0.124107360839844 0.00997543334960938 0.0584678649902344
0.112693786621094 0.0781707763671875 0.05499267578125 0.0881805419921875
0.105377197265625 -0.00621795654296875 0.0980606079101563 0.0413284301757813
0.0704421997070313 -0.063262939453125 0.0832138061523438 -0.0210800170898438
0.00533294677734376 -0.0787734985351563 0.0268669128417969 -0.0512771606445313
-0.0379219055175781 -0.0702171325683594 -0.0105876922607422 -0.0338325500488281
-0.0380172729492188 -0.0763626098632812 -0.0069732666015625 -0.00489425659179688
-0.0518341064453125 -0.0705642700195313 -0.0125226974487305 0.0148124694824219
-0.0230560302734375 -0.0748977661132813 -0.0294437408447266 0.0250473022460938
0.0221786499023437 -0.084716796875 -0.0430450439453125 0.0102119445800781
0.0765304565429688 -0.0621871948242187 -0.0533866882324219 -0.0269546508789063
0.118766784667969 0.0324783325195313 -0.0249862670898437 -0.0481719970703125
0.0857620239257813 0.0943527221679688 0.00411224365234376 -0.0447845458984375
0.034881591796875 0.149765014648438 -0.00775527954101562 0.0152006149291992
-0.0197677612304688 0.128326416015625 0.0635948181152344 0.0548744201660156
0.00994873046875 0.125526428222656 0.011566162109375 0.0869522094726563
0.09466552734375 0.0982131958007813 0.0394821166992188 0.0990371704101563
0.10693359375 0.0114288330078125 0.0786895751953125 0.0617752075195312
0.0793685913085938 -0.0559005737304688 0.072601318359375 0.00855255126953125
0.011322021484375 -0.081939697265625 0.0319442749023438 -0.0186195373535156
-0.0357589721679687 -0.0723037719726563 0.00803613662719726 -0.00719070434570313
-0.03741455078125 -0.0775222778320313 0.0119705200195313 0.0164804458618164
-0.0521087646484375 -0.0724563598632813 0.00605392456054688 0.0367012023925781
-0.024444580078125 -0.0761032104492188 -0.0178909301757813 0.0489158630371094
0.0230026245117188 -0.0854873657226563 -0.0372314453125 0.0299263000488281
0.076324462890625 -0.0569686889648438 -0.0524635314941406 -0.00911712646484375
0.110572814941406 0.0407257080078125 -0.0274848937988281 -0.0356063842773438
0.0648727416992188 0.0973129272460937 0.0142669677734375 -0.0270328521728516
0.00840759277343749 0.133384704589844 -0.00365447998046875 0.056304931640625
-0.0420379638671875 0.0822525024414063 0.0537261962890625 0.0962295532226563
-0.017852783203125 0.0991058349609375 0.0105972290039063 0.108139038085938
0.0595474243164063 0.0941696166992188 0.0223541259765625 0.10003662109375
0.0849761962890625 0.023406982421875 0.0554733276367188 0.0731201171875
0.070404052734375 -0.0395431518554688 0.0566596984863281 0.0319023132324219
0.0128402709960937 -0.0696945190429688 0.0333995819091797 0.011810302734375
-0.0290107727050781 -0.0622177124023438 0.0261650085449219 0.0175666809082031
-0.0311393737792969 -0.0666389465332031 0.0296611785888672 0.0346622467041015
-0.0454330444335938 -0.0648727416992188 0.0238380432128906 0.0560188293457031
-0.0207595825195313 -0.0688896179199219 -0.00664138793945312 0.0701255798339844
0.022918701171875 -0.076416015625 -0.0337944030761719 0.0493354797363281
0.070648193359375 -0.0449981689453125 -0.0529403686523437 0.00710296630859376
0.0912399291992188 0.04815673828125 -0.0317668914794922 -0.0252208709716797
0.0365066528320312 0.0931243896484375 0.0208358764648438 -0.0100803375244141
-0.0207138061523437 0.101409912109375 -0.00626373291015626 0.0899581909179687
-0.0557479858398438 0.0221748352050781 0.0441741943359375 0.117622375488281
-0.0391845703125 0.0540809631347656 0.0117263793945313 0.115943908691406
0.017822265625 0.0684242248535156 0.0102157592773437 0.09375
0.047698974609375 0.0257911682128906 0.0372238159179688 0.076568603515625
0.0460395812988281 -0.0184097290039063 0.0430564880371094 0.046478271484375
0.0110740661621094 -0.0453567504882813 0.0353546142578125 0.033233642578125
-0.0179214477539062 -0.0420684814453125 0.0403213500976563 0.0349578857421875
-0.0205307006835938 -0.04608154296875 0.0428962707519531 0.0483512878417969
-0.0316390991210938 -0.0492744445800781 0.03759765625 0.0710296630859375
-0.0140800476074219 -0.0531959533691406 0.000457763671875001 0.0873184204101562
0.0215911865234375 -0.0587387084960938 -0.0346717834472656 0.0645980834960938
0.0580711364746094 -0.0283432006835937 -0.0569190979003906 0.0206947326660156
0.0631523132324219 0.0500450134277344 -0.0391387939453125 -0.0190315246582031
0.00424957275390624 0.0780181884765625 0.0191020965576172 0.00313758850097657
-0.046966552734375 0.0561637878417969 -0.0180816650390625 0.1121826171875
0.0591239929199219 0.000690460205078125 0.01275634765625 -0.126693725585938
0.0163536071777344 -0.0439491271972656 -0.019378662109375 -0.0158157348632813
-0.0274028778076172 -0.0311374664306641 0.0486106872558594 0.0239105224609375
-0.0370254516601563 0.00969696044921875 0.0828475952148438 -0.02728271484375
-0.0162601470947266 0.0327491760253906 0.0518341064453125 -0.0774765014648438
0.0118274688720703 0.0298213958740234 -0.0024871826171875 -0.104866027832031
0.0122814178466797 0.0173406600952148 -0.0522613525390625 -0.0836181640625
0.00519943237304687 0.0164375305175781 -0.0550956726074219 -0.0595932006835938
0.00427436828613281 0.0168390274047852 -0.0536422729492187 -0.0438957214355469
-0.00483512878417969 0.0115900039672852 -0.044921875 -0.0481224060058594
-0.0143957138061523 -0.00250720977783203 -0.0454559326171875 -0.0561981201171875
-0.0106620788574219 -0.02801513671875 -0.0368270874023438 -0.0781021118164063
0.0294227600097656 -0.029022216796875 -0.00125885009765624 -0.098419189453125
0.0606613159179688 -0.00290679931640625 -0.0158309936523438 -0.116653442382812
0.0696754455566406 0.0300941467285156 -0.0384140014648437 -0.13128662109375
0.0669441223144531 0.058502197265625 0.0309677124023438 -0.120628356933594
0.04296875 -0.0009307861328125 -0.0120973587036133 -0.012303352355957
0.0204219818115234 -0.0174903869628906 0.0587425231933594 0.0322036743164063
-0.00198650360107422 -0.00792646408081055 0.0958099365234375 -0.0242233276367188
-0.000831127166748047 0.000579416751861572 0.0632171630859375 -0.0808944702148438
0.00362420082092285 -0.00029301643371582 0.000709533691406244 -0.108688354492188
-0.00764226913452149 -0.00860309600830078 -0.0530319213867187 -0.0840682983398437
-0.0105476379394531 -0.013707160949707 -0.0530281066894531 -0.0570068359375
-0.0130119323730469 -0.013371467590332 -0.0539054870605469 -0.0409317016601563
-0.00449752807617187 -0.0188961029052734 -0.0478248596191406 -0.0417251586914063
0.0076904296875 -0.0285415649414063 -0.0480308532714844 -0.0493583679199219
0.0284042358398438 -0.0349884033203125 -0.04217529296875 -0.07415771484375
0.0655746459960938 0.00168228149414063 -0.00666046142578124 -0.08917236328125
0.076141357421875 0.0410537719726563 -0.0182266235351563 -0.103492736816406
0.0712356567382813 0.0885086059570313 -0.0323333740234375 -0.110153198242188
0.0597763061523438 0.110893249511719 0.0491256713867188 -0.0962677001953125
0.0596847534179688 0.0503349304199219 -0.00391101837158203 0.00300812721252442
0.0696067810058594 0.00823211669921875 0.0666122436523438 0.0489959716796875
0.040740966796875 -0.0195045471191406 0.108024597167969 -0.00968170166015625
0.0218448638916016 -0.0325336456298828 0.0763015747070312 -0.0736236572265625
-0.000877380371093747 -0.0331974029541016 0.00809478759765624 -0.102066040039063
-0.0249614715576172 -0.0350322723388672 -0.0457077026367188 -0.0762786865234375
-0.025390625 -0.0430717468261719 -0.0428276062011719 -0.0459136962890625
-0.0306167602539063 -0.040130615234375 -0.0462570190429688 -0.0274581909179687
-0.00990676879882812 -0.046600341796875 -0.0481300354003906 -0.0236396789550781
0.0200576782226563 -0.0550041198730469 -0.0516548156738281 -0.0329437255859375
0.0572967529296875 -0.0478439331054687 -0.0515556335449219 -0.0630683898925781
0.0975418090820313 0.0185012817382813 -0.0151443481445312 -0.078094482421875
0.091156005859375 0.070953369140625 -0.0158462524414062 -0.085723876953125
0.0683364868164063 0.130622863769531 -0.0249176025390625 -0.0735702514648437
0.03961181640625 0.146224975585938 0.0627899169921875 -0.052734375
0.0603179931640625 0.0975570678710938 0.00488471984863282 0.0292263031005859
0.106971740722656 0.0428466796875 0.0667800903320313 0.0707855224609375
0.0819091796875 -0.0207366943359375 0.111854553222656 0.013641357421875
0.0484962463378906 -0.057281494140625 0.0864486694335938 -0.0532302856445313
-0.000373840332031256 -0.0628280639648438 0.0179061889648437 -0.0834808349609375
-0.0364227294921875 -0.0576286315917969 -0.0311813354492188 -0.0587387084960937
-0.0369415283203125 -0.0657768249511719 -0.0271511077880859 -0.0271530151367188
-0.0457954406738281 -0.0599479675292969 -0.0321559906005859 -0.00718116760253907
-0.0184478759765625 -0.0658302307128906 -0.042144775390625 0.0010223388671875
0.0226593017578125 -0.0758895874023438 -0.050811767578125 -0.0115928649902344
0.0715484619140625 -0.0605392456054687 -0.0572319030761719 -0.0465087890625
0.11871337890625 0.0247344970703125 -0.0229644775390625 -0.0650863647460938
0.097198486328125 0.0870895385742187 -0.00875091552734375 -0.066619873046875
0.0588226318359375 0.152206420898438 -0.0164756774902344 -0.029703140258789
0.0110321044921875 0.154327392578125 0.0675430297851562 0.00119781494140626
0.0423583984375 0.127769470214844 0.00960922241210937 0.0612449645996094
0.1182861328125 0.0778579711914063 0.0581817626953125 0.0902938842773438
0.108757019042969 -0.00817108154296875 0.103706359863281 0.0405426025390625
0.071990966796875 -0.0667037963867188 0.0865325927734375 -0.0240402221679688
0.00449371337890626 -0.0817642211914063 0.0269966125488281 -0.0540885925292969
-0.040802001953125 -0.0714569091796875 -0.0124416351318359 -0.0341377258300781
-0.04217529296875 -0.07843017578125 -0.0078582763671875 -0.00540685653686524
-0.0552749633789063 -0.0712890625 -0.0129623413085938 0.0155172348022461
-0.024932861328125 -0.07647705078125 -0.0305194854736328 0.0273418426513672
0.021759033203125 -0.0873489379882812 -0.0460090637207031 0.0114555358886719
0.0773239135742188 -0.0655136108398438 -0.0585784912109375 -0.0273780822753906
0.123870849609375 0.0303802490234375 -0.0267791748046875 -0.051025390625
0.0904464721679688 0.0955657958984375 0.00343322753906251 -0.0478057861328125
0.0400543212890625 0.153915405273438 -0.00724601745605468 0.0158395767211914
-0.0188980102539062 0.132957458496094 0.0651016235351563 0.054962158203125
0.0126190185546875 0.130172729492188 0.0118026733398438 0.0911865234375
0.100914001464844 0.099395751953125 0.042083740234375 0.102951049804688
0.110824584960938 0.0099334716796875 0.0839385986328125 0.0625457763671875
0.0811309814453125 -0.0599365234375 0.0762252807617188 0.00716400146484375
0.00979614257812499 -0.0847702026367188 0.0328922271728516 -0.0194072723388672
-0.0386123657226563 -0.0735702514648438 0.0077672004699707 -0.00715398788452149
-0.0418014526367187 -0.079071044921875 0.0121517181396484 0.0166482925415039
-0.0565872192382813 -0.0733108520507813 0.00698089599609375 0.0379066467285156
-0.0268707275390625 -0.0775375366210938 -0.0178031921386719 0.0518074035644531
0.0209579467773438 -0.0880050659179688 -0.039825439453125 0.0320510864257813
0.0772628784179688 -0.0606002807617187 -0.0569343566894531 -0.00901031494140625
0.115676879882813 0.0390472412109375 -0.0300064086914062 -0.0377616882324219
0.0699462890625 0.0992813110351563 0.0140819549560547 -0.0294837951660156
0.0128097534179688 0.137710571289062 -0.00246047973632813 0.0579109191894531
-0.0422592163085938 0.0862884521484375 0.0553970336914063 0.0976715087890625
-0.0162124633789063 0.103614807128906 0.0114974975585938 0.11224365234375
0.0644912719726563 0.0958328247070313 0.0248947143554687 0.103927612304688
0.0888519287109375 0.0228118896484375 0.06024169921875 0.075408935546875
0.0717544555664063 -0.0429534912109375 0.0595932006835938 0.0321044921875
0.0116729736328125 -0.0725250244140625 0.0355110168457031 0.0115699768066406
-0.0312347412109375 -0.0630683898925781 0.0269145965576172 0.0177536010742187
-0.0349845886230469 -0.0682144165039063 0.0311698913574219 0.0354232788085937
-0.0491180419921875 -0.0656013488769531 0.0258598327636719 0.0575599670410156
-0.0236396789550781 -0.0701904296875 -0.0054779052734375 0.073577880859375
0.0214691162109375 -0.0793228149414063 -0.0358200073242188 0.0513496398925781
0.0717391967773438 -0.048492431640625 -0.0568695068359375 0.00803756713867187
0.0964126586914063 0.0468978881835938 -0.0340290069580078 -0.0270576477050781
0.0406951904296875 0.09564208984375 0.0206794738769531 -0.0125522613525391
-0.0188446044921875 0.105453491210938 -0.00481414794921875 0.0926132202148438
-0.0578041076660156 0.0245513916015625 0.0463790893554687 0.119880676269531
-0.0391731262207031 0.0572357177734375 0.0118331909179688 0.120193481445313
0.0212211608886719 0.0699577331542969 0.0116729736328125 0.0983200073242188
0.0503273010253906 0.0252265930175781 0.0410079956054687 0.0797958374023438
0.0472679138183594 -0.0210456848144531 0.0462226867675781 0.0474052429199219
0.0100059509277344 -0.0473747253417969 0.0378150939941406 0.0340118408203125
-0.0202484130859375 -0.0423049926757812 0.0423545837402344 0.03509521484375
-0.0238571166992187 -0.047119140625 0.0457725524902344 0.0482940673828125
-0.0350227355957031 -0.0495414733886719 0.0408782958984375 0.072235107421875
-0.0166778564453125 -0.0544166564941406 0.00318145751953125 0.0914382934570312
0.0196380615234375 -0.0612220764160156 -0.0354995727539063 0.0677833557128906
0.0588569641113281 -0.0312995910644531 -0.0599708557128906 0.0222969055175781
0.067413330078125 0.0490951538085938 -0.0415916442871094 -0.0200309753417969
0.006988525390625 0.0805511474609375 0.0195388793945313 0.00169563293457032
-0.0477561950683594 0.0593643188476563 -0.0165786743164063 0.115875244140625
0.0602226257324219 -0.00220870971679688 0.00823974609375 -0.130172729492187
0.0136528015136719 -0.0461692810058594 -0.0207901000976563 -0.0142421722412109
-0.0304183959960938 -0.0308475494384766 0.050811767578125 0.02398681640625
-0.0370597839355469 0.0127105712890625 0.0845565795898438 -0.0311050415039063
-0.0137767791748047 0.0345783233642578 0.0511856079101562 -0.082000732421875
0.0145225524902344 0.0290317535400391 -0.00659942626953125 -0.108543395996094
0.0134830474853516 0.0161027908325195 -0.05767822265625 -0.0838851928710938
0.00648880004882813 0.0160722732543945 -0.0596466064453125 -0.0586700439453125
0.00542163848876953 0.0164422988891602 -0.0570602416992187 -0.0423698425292969
-0.00304603576660156 0.0118522644042969 -0.0481109619140625 -0.0479736328125
-0.0139274597167969 -0.0014495849609375 -0.0499382019042969 -0.0557022094726563
-0.0125389099121094 -0.0271587371826172 -0.0415573120117188 -0.0786590576171875
0.0279693603515625 -0.03106689453125 -0.00421905517578125 -0.101898193359375
0.0617637634277344 -0.00598907470703125 -0.0197296142578125 -0.118911743164063
0.0723114013671875 0.0275955200195313 -0.04290771484375 -0.131309509277344
0.0702629089355469 0.0570068359375 0.0267715454101562 -0.124137878417969
0.0433273315429688 -0.0027313232421875 -0.0136594772338867 -0.0107517242431641
0.0191459655761719 -0.0186042785644531 0.0613288879394531 0.0314521789550781
-0.00216293334960938 -0.00637578964233398 0.0984115600585938 -0.0284271240234375
0.000167727470397949 0.00121223926544189 0.0627899169921875 -0.086029052734375
0.00477695465087891 -0.00102519989013672 -0.00406646728515624 -0.112281799316406
-0.00710821151733399 -0.0087590217590332 -0.05804443359375 -0.084228515625
-0.0111875534057617 -0.0144786834716797 -0.0577354431152344 -0.0559272766113281
-0.0129766464233398 -0.0133447647094727 -0.0576667785644531 -0.038726806640625
-0.00406646728515625 -0.0197486877441406 -0.0517234802246094 -0.0410041809082031
0.00796127319335938 -0.0289440155029297 -0.0528373718261719 -0.0491485595703125
0.0276412963867188 -0.0356330871582031 -0.0474929809570312 -0.0748443603515625
0.0671424865722656 -0.0001373291015625 -0.00956726074218749 -0.0925750732421875
0.0795745849609375 0.038665771484375 -0.0214385986328125 -0.105812072753906
0.0766143798828125 0.0867538452148438 -0.0364532470703125 -0.110366821289063
0.0652389526367188 0.110939025878906 0.0452117919921875 -0.0994949340820313
0.06219482421875 0.0491104125976563 -0.00502252578735351 0.00528860092163086
0.0706024169921875 0.0054931640625 0.0700569152832031 0.0487480163574219
0.0407905578613281 -0.0200309753417969 0.111160278320312 -0.0140533447265625
0.0220394134521484 -0.0334529876708984 0.076263427734375 -0.079132080078125
-0.00133705139160157 -0.0345115661621094 0.00376892089843749 -0.105621337890625
-0.0261821746826172 -0.0349292755126953 -0.05035400390625 -0.0754623413085937
-0.0277900695800781 -0.0434417724609375 -0.0469779968261719 -0.0446243286132813
-0.0325927734375 -0.040130615234375 -0.0495147705078125 -0.0250091552734375
-0.0109596252441406 -0.0472412109375 -0.0507469177246094 -0.021759033203125
0.019134521484375 -0.0564231872558594 -0.0553627014160156 -0.0319366455078125
0.0565986633300781 -0.0507583618164063 -0.0573577880859375 -0.0633392333984375
0.100761413574219 0.0153045654296875 -0.0183334350585937 -0.0816497802734375
0.095001220703125 0.0689010620117188 -0.0192794799804687 -0.0878448486328125
0.0752716064453125 0.130088806152344 -0.027740478515625 -0.0734329223632812
0.046173095703125 0.147720336914063 0.0605888366699219 -0.0563087463378906
0.064971923828125 0.097808837890625 0.00449371337890626 0.03155517578125
0.110374450683594 0.0386123657226563 0.07086181640625 0.0706329345703125
0.0826950073242188 -0.0232315063476563 0.116348266601563 0.00931549072265625
0.047882080078125 -0.0601806640625 0.08721923828125 -0.058563232421875
-0.00229644775390625 -0.0644111633300781 0.0154266357421875 -0.086578369140625
-0.0389251708984375 -0.0576896667480469 -0.03509521484375 -0.0583038330078125
-0.0406837463378906 -0.066192626953125 -0.0298500061035156 -0.0265350341796875
-0.0489120483398438 -0.0598869323730469 -0.0341548919677734 -0.00533103942871094
-0.020263671875 -0.0668678283691406 -0.0433425903320313 0.0031280517578125
0.0206375122070313 -0.0784072875976563 -0.0544967651367188 -0.00975036621093751
0.071197509765625 -0.0641860961914063 -0.0630760192871094 -0.0456428527832031
0.122726440429688 0.0203399658203125 -0.0261421203613281 -0.0679855346679688
0.102569580078125 0.0853500366210938 -0.0109214782714844 -0.0685157775878906
0.0666046142578125 0.152755737304688 -0.0174655914306641 -0.0294017791748047
0.0161895751953125 0.157913208007813 0.0673751831054687 -0.00139617919921874
0.0482635498046875 0.129600524902344 0.0106430053710937 0.0639610290527344
0.124618530273438 0.0742340087890625 0.0623245239257813 0.0917205810546875
0.110641479492188 -0.0120773315429687 0.10882568359375 0.037261962890625
0.0706863403320313 -0.0710983276367188 0.0888595581054688 -0.02813720703125
0.00172424316406251 -0.0840072631835938 0.02569580078125 -0.0567588806152344
-0.044036865234375 -0.0711669921875 -0.0149936676025391 -0.0339431762695313
-0.0472946166992188 -0.0792312622070312 -0.00887584686279297 -0.00480747222900391
-0.0596275329589844 -0.07012939453125 -0.0132474899291992 0.0168266296386719
-0.0276870727539063 -0.07696533203125 -0.0309257507324219 0.0299777984619141
0.0187301635742188 -0.089935302734375 -0.0487937927246094 0.0137519836425781
0.076141357421875 -0.0697708129882813 -0.0642242431640625 -0.0260200500488281
0.127967834472656 0.0251998901367188 -0.0304946899414062 -0.0536842346191406
0.0958023071289063 0.0944366455078125 0.00143814086914063 -0.0499000549316406
0.047515869140625 0.155471801757813 -0.006622314453125 0.0170021057128906
-0.0144424438476563 0.137176513671875 0.0664443969726563 0.0531158447265625
0.0181961059570313 0.1334228515625 0.0135269165039063 0.0934906005859375
0.107803344726563 0.0974502563476563 0.046356201171875 0.104339599609375
0.113990783691406 0.0061187744140625 0.08905029296875 0.06097412109375
0.0800857543945313 -0.0648727416992188 0.0789871215820313 0.00411224365234375
0.00649261474609376 -0.0875091552734375 0.0333633422851562 -0.0218830108642578
-0.0424041748046875 -0.0731582641601562 0.00708532333374023 -0.00740575790405274
-0.047119140625 -0.0799484252929688 0.0127897262573242 0.0164241790771484
-0.0611114501953125 -0.0721893310546875 0.00885772705078125 0.0384979248046875
-0.0301437377929687 -0.077880859375 -0.0163078308105469 0.0545539855957031
0.0178375244140625 -0.0904617309570313 -0.0415687561035156 0.0347328186035156
0.076019287109375 -0.0649642944335938 -0.0613250732421875 -0.00695800781249999
0.120414733886719 0.0340347290039063 -0.0327720642089844 -0.0394172668457031
0.0755615234375 0.0990829467773438 0.0131111145019531 -0.0319881439208984
0.0185546875 0.140213012695313 -0.000232696533203129 0.0592308044433594
-0.041229248046875 0.0905380249023437 0.0583343505859375 0.0971450805664063
-0.0130844116210937 0.107391357421875 0.01397705078125 0.11529541015625
0.0708770751953125 0.095306396484375 0.028411865234375 0.106941223144531
0.0918045043945313 0.019989013671875 0.065032958984375 0.0748519897460938
0.0715408325195313 -0.0475540161132813 0.0634422302246094 0.0300407409667969
0.00872039794921874 -0.074676513671875 0.0371437072753906 0.0106010437011719
-0.0351791381835938 -0.0621566772460938 0.0275917053222656 0.0173988342285156
-0.040283203125 -0.068389892578125 0.0330619812011719 0.0343780517578125
-0.0536613464355469 -0.0643310546875 0.0294303894042969 0.0576248168945312
-0.0271453857421875 -0.0704727172851563 -0.00273895263671876 0.0764694213867188
0.018096923828125 -0.081695556640625 -0.0360565185546875 0.0544281005859375
0.0708389282226563 -0.0528640747070313 -0.0601043701171875 0.0100746154785156
0.101486206054688 0.0428466796875 -0.0364913940429687 -0.0279960632324219
0.045928955078125 0.0963592529296875 0.0201683044433594 -0.0147953033447266
-0.0151443481445312 0.108810424804688 -0.00105285644531251 0.094451904296875
-0.0587158203125 0.0286293029785156 0.0498275756835937 0.120010375976563
-0.0377120971679688 0.0609893798828125 0.015411376953125 0.122413635253906
0.026092529296875 0.070465087890625 0.0154647827148438 0.101470947265625
0.05340576171875 0.0236587524414063 0.0455474853515625 0.080535888671875
0.047393798828125 -0.024688720703125 0.0498085021972656 0.0469017028808594
0.00703048706054687 -0.0494270324707031 0.0410919189453125 0.0333633422851563
-0.0230751037597656 -0.0417366027832031 0.0445098876953125 0.0341949462890625
-0.0273475646972656 -0.0472564697265625 0.0485954284667969 0.0467643737792969
-0.0388908386230469 -0.0482559204101563 0.0452423095703125 0.0721282958984375
-0.0195236206054687 -0.0545082092285156 0.006988525390625 0.093841552734375
0.0164947509765625 -0.0633697509765625 -0.035064697265625 0.0710220336914063
0.0584259033203125 -0.0350875854492187 -0.062042236328125 0.0245170593261719
0.0720291137695313 0.04632568359375 -0.0437850952148437 -0.0201759338378906
0.01153564453125 0.0823974609375 0.0193500518798828 -0.00112533569335937
-0.0465774536132813 0.0627861022949219 -0.0121307373046875 0.118667602539063
0.0604209899902344 -0.00481033325195313 0.00347900390625001 -0.129859924316406
0.0108108520507813 -0.0467338562011719 -0.0212345123291016 -0.0124416351318359
-0.0328273773193359 -0.0289211273193359 0.0526542663574219 0.0226478576660156
-0.0358428955078125 0.0150833129882812 0.0848007202148438 -0.0343780517578125
-0.0115318298339844 0.0358047485351563 0.0496444702148438 -0.08544921875
0.0163593292236328 0.0275135040283203 -0.01068115234375 -0.10931396484375
0.0145225524902344 0.0144491195678711 -0.0619735717773438 -0.0823898315429688
0.00768661499023438 0.0154695510864258 -0.0626907348632813 -0.0558967590332031
0.00669193267822266 0.0153617858886719 -0.0588569641113281 -0.0395736694335938
-0.00182342529296875 0.0112314224243164 -0.0509033203125 -0.0466117858886719
-0.0134372711181641 -0.00072765350341797 -0.0532646179199219 -0.0540122985839844
-0.0140743255615234 -0.0255031585693359 -0.04498291015625 -0.0778274536132813
0.0267486572265625 -0.0313701629638672 -0.00762176513671876 -0.103706359863281
0.061431884765625 -0.00930404663085938 -0.0228652954101563 -0.118896484375
0.07293701171875 0.0236358642578125 -0.0465621948242187 -0.128494262695313
0.072418212890625 0.0542068481445313 0.0215911865234375 -0.124778747558594
0.0421867370605469 -0.00496292114257813 -0.0141172409057617 -0.00863838195800781
0.0174083709716797 -0.0187339782714844 0.0636711120605469 0.0305862426757812
-0.00184059143066406 -0.0049595832824707 0.0987701416015625 -0.0319671630859375
0.00139784812927246 0.00151276588439941 0.0606307983398438 -0.0896453857421875
0.0059208869934082 -0.00173568725585938 -0.00849914550781249 -0.113166809082031
-0.00729656219482422 -0.00924110412597656 -0.062652587890625 -0.0823593139648438
-0.0113229751586914 -0.0144004821777344 -0.0608787536621094 -0.0532798767089844
-0.012852668762207 -0.0134878158569336 -0.0596199035644531 -0.0359420776367188
-0.00334358215332031 -0.0201797485351563 -0.0542221069335938 -0.0392341613769531
0.00806427001953125 -0.0296802520751953 -0.0563125610351562 -0.0472221374511719
0.0263710021972656 -0.0360183715820313 -0.0514907836914063 -0.073333740234375
0.0666275024414063 -0.002349853515625 -0.012115478515625 -0.0943603515625
0.0803756713867188 0.0355072021484375 -0.0244522094726562 -0.105392456054688
0.0792160034179688 0.0832672119140625 -0.0390548706054688 -0.108184814453125
0.0687713623046875 0.108451843261719 0.0404586791992187 -0.100875854492188
0.0637779235839844 0.04638671875 -0.00557327270507812 0.00721502304077149
0.0702095031738281 0.00295257568359375 0.0719833374023438 0.0474777221679687
0.0402984619140625 -0.0204048156738281 0.112419128417969 -0.0185394287109375
0.0215587615966797 -0.0338535308837891 0.074676513671875 -0.0830001831054687
-0.00137901306152344 -0.0349407196044922 -0.000457763671874989 -0.107170104980469
-0.0267715454101562 -0.0348377227783203 -0.053985595703125 -0.073455810546875
-0.0298347473144531 -0.0432357788085938 -0.0494766235351563 -0.0427627563476563
-0.0336380004882813 -0.0397682189941406 -0.0513458251953125 -0.0231132507324219
-0.0111618041992188 -0.0478935241699219 -0.0525131225585938 -0.0200767517089844
0.0184783935546875 -0.0574989318847656 -0.0590972900390625 -0.0299034118652344
0.054962158203125 -0.0515174865722656 -0.0619163513183594 -0.06170654296875
0.101692199707031 0.0116958618164063 -0.0213699340820312 -0.0832443237304688
0.0970840454101563 0.0653152465820313 -0.0217666625976563 -0.0881423950195313
0.08013916015625 0.126617431640625 -0.0297470092773437 -0.0717239379882812
0.05133056640625 0.146560668945312 0.0570564270019531 -0.0580902099609375
0.06866455078125 0.0953369140625 0.00434875488281251 0.03326416015625
0.111961364746094 0.03466796875 0.0736312866210938 0.0696258544921875
0.0822219848632813 -0.0251617431640625 0.118125915527344 0.00531768798828125
0.0460357666015625 -0.0616912841796875 0.0864486694335938 -0.0630035400390625
-0.00393295288085938 -0.0647468566894531 0.01153564453125 -0.0883560180664063
-0.0405235290527344 -0.0566215515136719 -0.0380134582519531 -0.0565032958984375
-0.04388427734375 -0.0649490356445313 -0.0320835113525391 -0.0254268646240234
-0.0513572692871094 -0.0581893920898438 -0.035186767578125 -0.00347518920898438
-0.0214881896972656 -0.0667915344238281 -0.0445556640625 0.00550079345703124
0.0188064575195313 -0.0788116455078125 -0.0571556091308594 -0.00735855102539064
0.069122314453125 -0.0665130615234375 -0.0674972534179688 -0.0438079833984375
0.123405456542969 0.0158767700195313 -0.0292320251464844 -0.0693130493164063
0.105903625488281 0.081787109375 -0.0133285522460937 -0.0696258544921875
0.0724029541015625 0.149887084960938 -0.0181159973144531 -0.0283260345458984
0.021942138671875 0.158050537109375 0.0654716491699219 -0.00358963012695311
0.0531539916992188 0.128196716308594 0.0111846923828125 0.0649566650390625
0.127685546875 0.0695877075195313 0.0654983520507813 0.0904159545898438
0.110488891601563 -0.0152740478515625 0.111534118652344 0.0335006713867188
0.068145751953125 -0.0740280151367188 0.0889816284179688 -0.0322341918945313
-0.000762939453125 -0.0833969116210938 0.0237655639648437 -0.0582199096679688
-0.046722412109375 -0.0695381164550781 -0.0165138244628906 -0.0331897735595703
-0.0511016845703125 -0.0771331787109375 -0.00991249084472657 -0.00467491149902344
-0.0622711181640625 -0.0682640075683593 -0.0132522583007813 0.0179958343505859
-0.0299530029296875 -0.076141357421875 -0.0301914215087891 0.0322799682617187
0.0160369873046875 -0.0905990600585938 -0.0504264831542969 0.0159339904785156
0.0742340087890625 -0.0723876953125 -0.0676040649414063 -0.0233650207519531
0.129707336425781 0.0202178955078125 -0.0330772399902344 -0.0544853210449219
0.099761962890625 0.0910797119140625 -0.000286102294921867 -0.0515518188476563
0.053131103515625 0.153228759765625 -0.00549983978271484 0.0174293518066406
-0.0103073120117187 0.138626098632812 0.0663719177246094 0.0510368347167969
0.0229949951171875 0.133438110351563 0.015167236328125 0.0944290161132813
0.112716674804688 0.0930862426757813 0.0498504638671875 0.104469299316406
0.11444091796875 0.00225067138671875 0.0927963256835938 0.0577392578125
0.0784225463867188 -0.068328857421875 0.0806808471679688 0.000427246093749996
0.00325775146484375 -0.0879440307617188 0.0326690673828125 -0.0230464935302734
-0.0455093383789063 -0.0712509155273438 0.00650691986083984 -0.00692939758300782
-0.0514602661132812 -0.0780563354492188 0.0128688812255859 0.0157337188720703
-0.0642166137695312 -0.0689888000488281 0.00956726074218749 0.0389366149902344
-0.0325851440429687 -0.0763473510742188 -0.0143470764160156 0.0561676025390625
0.0145339965820313 -0.09112548828125 -0.0422477722167969 0.0371322631835937
0.0740203857421875 -0.068267822265625 -0.0643463134765625 -0.00448608398437501
0.122474670410156 0.0287322998046875 -0.0346755981445312 -0.04010009765625
0.0797119140625 0.0964813232421875 0.0114955902099609 -0.0341262817382812
0.02386474609375 0.139434814453125 0.00240325927734375 0.0590705871582031
-0.0376663208007812 0.0932235717773438 0.0598373413085938 0.095550537109375
-0.00878906250000001 0.108741760253906 0.0158462524414062 0.11578369140625
0.0755844116210938 0.0926971435546875 0.0318222045898438 0.107162475585938
0.0933303833007812 0.016632080078125 0.0686798095703125 0.0729446411132813
0.0697059631347656 -0.0509223937988281 0.0650253295898438 0.0278472900390625
0.00545501708984375 -0.0756072998046875 0.0379219055175781 0.00926589965820312
-0.0377044677734375 -0.0606002807617188 0.0284271240234375 0.0166587829589844
-0.043609619140625 -0.0661888122558594 0.0340290069580078 0.0328826904296875
-0.0570793151855469 -0.0617141723632813 0.0314292907714844 0.0566978454589844
-0.03009033203125 -0.0687484741210938 0.000740051269531248 0.077362060546875
0.01409912109375 -0.0821304321289063 -0.0363616943359375 0.05682373046875
0.0689468383789063 -0.0558433532714844 -0.0623779296875 0.0127029418945312
0.103523254394531 0.0378875732421875 -0.0381736755371094 -0.0279693603515625
0.0504150390625 0.095062255859375 0.0194664001464844 -0.0174827575683594
-0.0106658935546875 0.109512329101562 0.00188446044921874 0.0944747924804688
-0.0584640502929688 0.0315666198730469 0.0520553588867188 0.117835998535156
-0.03472900390625 0.063720703125 0.0182113647460938 0.122955322265625
0.0300445556640625 0.0690155029296875 0.0186004638671875 0.102256774902344
0.0548095703125 0.0214195251464844 0.0495071411132812 0.0793228149414063
0.0460281372070313 -0.0273704528808594 0.0525245666503906 0.0453338623046875
0.00415420532226563 -0.0495414733886719 0.0431861877441406 0.0320892333984375
-0.0251617431640625 -0.0401496887207031 0.0460662841796875 0.0328788757324219
-0.0308151245117188 -0.0457382202148437 0.0500221252441406 0.0448951721191406
-0.0419425964355469 -0.0458793640136719 0.0483779907226563 0.0709304809570313
-0.022369384765625 -0.0531768798828125 0.0108489990234375 0.0944747924804688
0.0136909484863281 -0.0642433166503906 -0.0341720581054687 0.0731353759765625
0.0563735961914063 -0.0381965637207031 -0.0630226135253906 0.0270156860351563
0.0747909545898438 0.0422515869140625 -0.0450592041015625 -0.0193557739257812
0.0162124633789063 0.082183837890625 0.0192890167236328 -0.00349617004394531
-0.0440711975097656 0.0650863647460938 -0.00833892822265626 0.118751525878906
0.0597915649414063 -0.00606536865234375 0.000595092773437494 -0.128929138183594
0.00866317749023438 -0.0469093322753906 -0.0214004516601563 -0.0110530853271484
-0.0338649749755859 -0.0274429321289063 0.0536308288574219 0.0230979919433594
-0.0345726013183594 0.0171909332275391 0.0849227905273438 -0.0355911254882812
-0.00948715209960938 0.0358238220214844 0.0489501953125 -0.0863113403320313
0.0173530578613281 0.0260601043701172 -0.01275634765625 -0.109756469726563
0.0149507522583008 0.0134000778198242 -0.0637130737304688 -0.0810394287109375
0.00828742980957031 0.0145969390869141 -0.0641593933105469 -0.0537261962890625
0.00786209106445313 0.0143041610717773 -0.0590324401855469 -0.0380096435546875
-0.000641822814941407 0.010498046875 -0.0521736145019531 -0.0457382202148438
-0.0124216079711914 -0.000218391418457031 -0.0550651550292969 -0.0532913208007813
-0.0146408081054688 -0.0237274169921875 -0.0465927124023437 -0.077392578125
0.0254421234130859 -0.0319232940673828 -0.0080413818359375 -0.104461669921875
0.0600929260253906 -0.0110816955566406 -0.0230789184570313 -0.118263244628906
0.0722732543945313 0.0213088989257813 -0.0461654663085938 -0.125953674316406
0.07244873046875 0.052093505859375 0.0190048217773437 -0.123809814453125
0.0407752990722656 -0.00579452514648438 -0.0144844055175781 -0.0066385269165039
0.0160369873046875 -0.0185489654541016 0.0643692016601563 0.0302009582519531
-0.00160813331604004 -0.00356650352478027 0.0986862182617188 -0.0339889526367188
0.00254082679748535 0.00225019454956055 0.059814453125 -0.09124755859375
0.00670289993286133 -0.00242424011230469 -0.0108108520507812 -0.113807678222656
-0.00720596313476562 -0.0103302001953125 -0.0644683837890625 -0.0803375244140625
-0.0111637115478516 -0.0148496627807617 -0.0626869201660156 -0.0510597229003906
-0.0125446319580078 -0.014495849609375 -0.0603790283203125 -0.0342597961425781
-0.0024261474609375 -0.021087646484375 -0.0555686950683594 -0.0379104614257813
0.00848579406738281 -0.02935791015625 -0.0578193664550781 -0.0460395812988281
0.0259151458740234 -0.0347194671630859 -0.0533981323242188 -0.0730056762695313
0.0662040710449219 -0.00286483764648438 -0.0133209228515625 -0.09539794921875
0.0798187255859375 0.0337066650390625 -0.024810791015625 -0.104873657226563
0.0798263549804687 0.0807418823242187 -0.0388031005859375 -0.105903625488281
0.0702285766601563 0.106414794921875 0.0376815795898438 -0.100196838378906
0.0636405944824219 0.0447998046875 -0.0057077407836914 0.00924205780029297
0.0691795349121094 0.0017242431640625 0.0729904174804687 0.0466384887695312
0.0402107238769531 -0.0201377868652344 0.112190246582031 -0.0204696655273437
0.0218086242675781 -0.0337409973144531 0.073974609375 -0.0851898193359375
-0.00125694274902343 -0.0348091125488281 -0.00283050537109375 -0.107429504394531
-0.02685546875 -0.0349025726318359 -0.0559921264648437 -0.0718231201171875
-0.03082275390625 -0.0426445007324219 -0.05120849609375 -0.0408439636230469
-0.0335655212402344 -0.039306640625 -0.0519371032714844 -0.0208854675292969
-0.0109024047851562 -0.0482292175292969 -0.0532646179199219 -0.0185089111328125
0.0184555053710938 -0.0574378967285156 -0.0609626770019531 -0.0288238525390625
0.0538711547851563 -0.0513877868652344 -0.0644073486328125 -0.0605010986328125
0.101341247558594 0.010589599609375 -0.0225982666015625 -0.084564208984375
0.097015380859375 0.0634231567382813 -0.0220184326171875 -0.08807373046875
0.0813522338867188 0.123825073242188 -0.0289039611816406 -0.0698814392089844
0.053131103515625 0.14434814453125 0.0545845031738281 -0.0581016540527344
0.0693817138671875 0.0936355590820313 0.0035991668701172 0.0350379943847656
0.111640930175781 0.0321731567382813 0.0746383666992188 0.0687789916992188
0.0814132690429688 -0.0254592895507813 0.118797302246094 0.00311279296875
0.045257568359375 -0.0620155334472656 0.0862197875976563 -0.0647125244140625
-0.004302978515625 -0.0642967224121094 0.0100555419921875 -0.0887985229492188
-0.0403900146484375 -0.0556297302246094 -0.0392112731933594 -0.0548820495605469
-0.0451278686523438 -0.0640525817871094 -0.0333251953125 -0.0240058898925781
-0.0516586303710938 -0.05731201171875 -0.0356216430664062 -0.00234985351562501
-0.0214385986328125 -0.0659675598144531 -0.0441169738769531 0.00674819946289061
0.0186386108398437 -0.0784759521484375 -0.0589370727539063 -0.00593185424804689
0.0676803588867188 -0.0663261413574219 -0.0702362060546875 -0.0418014526367188
0.123336791992188 0.0136642456054688 -0.0304489135742187 -0.0706405639648438
0.106071472167969 0.07958984375 -0.014190673828125 -0.0700302124023438
0.07427978515625 0.147064208984375 -0.0172157287597656 -0.0270366668701172
0.0243072509765625 0.156356811523438 0.0636138916015625 -0.00365066528320312
0.0549240112304688 0.126693725585938 0.01055908203125 0.0664710998535156
0.128044128417969 0.0663223266601563 0.0668106079101563 0.0903778076171875
0.110275268554688 -0.0165557861328125 0.112495422363281 0.031158447265625
0.0669326782226563 -0.0747222900390625 0.0893783569335938 -0.0345382690429688
-0.0014495849609375 -0.0837249755859375 0.0225753784179688 -0.0589523315429688
-0.0469398498535156 -0.0686607360839844 -0.017425537109375 -0.0319328308105469
-0.053009033203125 -0.0756301879882813 -0.0108680725097656 -0.00431251525878907
-0.0634078979492188 -0.0665435791015625 -0.0135879516601563 0.0188331604003906
-0.03057861328125 -0.0753173828125 -0.0297317504882813 0.0332393646240234
0.0157089233398438 -0.0900497436523438 -0.0521965026855469 0.0172805786132813
0.072235107421875 -0.0730438232421875 -0.0703048706054688 -0.0216445922851563
0.129890441894531 0.0177154541015625 -0.0347671508789062 -0.0556869506835938
0.100715637207031 0.0891342163085938 -0.00122833251953124 -0.0525894165039062
0.05548095703125 0.151168823242187 -0.00452423095703124 0.0175514221191406
-0.00807952880859374 0.138671875 0.0650444030761719 0.0498733520507813
0.0253829956054688 0.132904052734375 0.01434326171875 0.09588623046875
0.114585876464844 0.0901718139648438 0.05084228515625 0.103660583496094
0.114540100097656 0.00086212158203125 0.093963623046875 0.0560531616210938
0.0766677856445313 -0.0698318481445313 0.0813217163085938 -0.00130462646484375
0.00199127197265625 -0.0874481201171875 0.0322399139404297 -0.0239963531494141
-0.0459976196289063 -0.0696907043457031 0.00625419616699218 -0.00653314590454102
-0.0532989501953125 -0.0761032104492188 0.0126972198486328 0.0156688690185547
-0.0658035278320313 -0.0666923522949219 0.01019287109375 0.0388069152832031
-0.033935546875 -0.0750350952148438 -0.0134506225585938 0.0568580627441406
0.012969970703125 -0.0903778076171875 -0.0436248779296875 0.0383529663085937
0.0719985961914063 -0.0688552856445312 -0.0664253234863281 -0.00347137451171875
0.12225341796875 0.0258026123046875 -0.0363960266113281 -0.0409393310546875
0.080841064453125 0.094635009765625 0.0108261108398438 -0.0356597900390625
0.0261688232421875 0.137847900390625 0.00362396240234376 0.0586624145507813
-0.0365982055664062 0.0947647094726562 0.0588455200195313 0.0935592651367187
-0.00625610351562499 0.109100341796875 0.0159225463867188 0.116043090820313
0.0780258178710937 0.0900039672851563 0.03302001953125 0.107276916503906
0.0940170288085938 0.0148086547851563 0.0698699951171875 0.0714263916015625
0.0683403015136719 -0.0526695251464844 0.0663871765136719 0.0262489318847656
0.00377655029296875 -0.075408935546875 0.038818359375 0.00861740112304687
-0.0382728576660156 -0.0591583251953125 0.0287036895751953 0.0166110992431641
-0.0456695556640625 -0.0650215148925781 0.0339374542236328 0.0319747924804687
-0.0582313537597656 -0.0590744018554687 0.0324172973632812 0.0562171936035156
-0.03167724609375 -0.0673446655273438 0.00202178955078125 0.0780181884765625
0.0122909545898437 -0.0816574096679687 -0.0367889404296875 0.0577545166015625
0.066680908203125 -0.0565681457519531 -0.0638313293457031 0.0136947631835937
0.103973388671875 0.0348052978515625 -0.0395050048828125 -0.0287246704101563
0.0522003173828125 0.0933761596679688 0.0183181762695313 -0.0191593170166016
-0.00941467285156249 0.109039306640625 0.00359344482421875 0.093231201171875
-0.0576553344726563 0.0334281921386719 0.0514144897460938 0.116416931152344
-0.0332908630371094 0.0642166137695313 0.0181655883789063 0.123085021972656
0.0329513549804688 0.0670318603515625 0.0193634033203125 0.102867126464844
0.0553741455078125 0.0193367004394531 0.0507354736328125 0.0791015625
0.0450325012207031 -0.0289649963378906 0.0536880493164063 0.0443458557128906
0.00264358520507813 -0.0495758056640625 0.0442047119140625 0.0315895080566406
-0.0263633728027344 -0.0385398864746094 0.0463790893554688 0.0318336486816406
-0.0321922302246094 -0.0440483093261719 0.0503921508789063 0.0429878234863281
-0.0430717468261719 -0.0435256958007813 0.0494232177734375 0.0690727233886719
-0.0239486694335937 -0.0520286560058594 0.0129852294921875 0.094146728515625
0.0114898681640625 -0.0638847351074219 -0.0339584350585938 0.0739212036132813
0.0550079345703125 -0.0391998291015625 -0.0642890930175781 0.0284767150878906
0.0756683349609375 0.0396728515625 -0.04583740234375 -0.0199432373046875
0.0185089111328125 0.081085205078125 0.0182647705078125 -0.00530433654785156
-0.0425491333007813 0.0656166076660156 -0.006805419921875 0.117759704589844
0.0598869323730469 -0.0060882568359375 0.000564575195312498 -0.129096984863281
0.00796127319335937 -0.0470046997070313 -0.0211772918701172 -0.00951004028320313
-0.0349292755126953 -0.0268192291259766 0.0547676086425781 0.0242080688476563
-0.0338058471679688 0.017669677734375 0.0869674682617188 -0.0360260009765625
-0.00820541381835938 0.0365333557128906 0.0501708984375 -0.0876998901367187
0.0179615020751953 0.0255222320556641 -0.0127182006835938 -0.111648559570313
0.0150947570800781 0.0126142501831055 -0.0648193359375 -0.0815048217773437
0.00874805450439453 0.0143842697143555 -0.0651206970214844 -0.0535507202148438
0.00810146331787109 0.013275146484375 -0.0592155456542969 -0.0377578735351563
0.000555992126464844 0.00926971435546875 -0.053436279296875 -0.0463905334472656
-0.0116395950317383 -0.000205039978027344 -0.0569114685058594 -0.0537872314453125
-0.0150012969970703 -0.0228214263916016 -0.0472030639648437 -0.0785140991210938
0.0250339508056641 -0.0316829681396484 -0.0071258544921875 -0.106414794921875
0.0592994689941406 -0.012054443359375 -0.0214920043945313 -0.119522094726563
0.0723953247070313 0.020843505859375 -0.0434722900390625 -0.125923156738281
0.0724639892578125 0.0520095825195313 0.018829345703125 -0.123908996582031
0.0397872924804688 -0.00580215454101563 -0.0144071578979492 -0.00488567352294922
0.0154647827148438 -0.0177078247070313 0.0650825500488281 0.0317497253417969
-0.000843048095703125 -0.0024263858795166 0.100929260253906 -0.0341796875
0.00370264053344727 0.00257349014282227 0.061248779296875 -0.0926513671875
0.00748157501220703 -0.00338220596313477 -0.0107269287109375 -0.1151123046875
-0.00651741027832031 -0.0112924575805664 -0.0650177001953125 -0.0808639526367188
-0.0112943649291992 -0.0154438018798828 -0.0637130737304687 -0.051300048828125
-0.0118875503540039 -0.0152568817138672 -0.0604019165039063 -0.0336990356445313
-0.00164794921875 -0.0222873687744141 -0.056365966796875 -0.0382041931152344
0.0099334716796875 -0.0294723510742188 -0.0601272583007812 -0.0471649169921875
0.0262680053710938 -0.0335330963134766 -0.05450439453125 -0.0738296508789063
0.0663299560546875 -0.00259780883789062 -0.012939453125 -0.098052978515625
0.0790939331054688 0.0335311889648438 -0.0235977172851562 -0.106277465820313
0.07940673828125 0.0810394287109375 -0.036407470703125 -0.105613708496094
0.070220947265625 0.106727600097656 0.0376510620117188 -0.0998687744140625
0.0624961853027344 0.0452537536621094 -0.00603961944580078 0.0111160278320313
0.0687828063964844 0.00188827514648438 0.0740127563476563 0.0485687255859375
0.0406913757324219 -0.0190505981445313 0.114082336425781 -0.0207595825195313
0.0226345062255859 -0.0331916809082031 0.0754928588867188 -0.0866470336914063
-0.000431060791015627 -0.0356330871582031 -0.00276947021484375 -0.109100341796875
-0.0260696411132813 -0.0355300903320312 -0.0569534301757812 -0.0720291137695313
-0.0306930541992187 -0.0436248779296875 -0.0527992248535156 -0.0404205322265625
-0.03350830078125 -0.04034423828125 -0.0529022216796875 -0.020721435546875
-0.00925445556640625 -0.0491294860839844 -0.054351806640625 -0.0183563232421875
0.0199432373046875 -0.0578231811523438 -0.0629005432128906 -0.0290107727050781
0.0548324584960937 -0.050537109375 -0.0659523010253906 -0.061279296875
0.101890563964844 0.0107574462890625 -0.022369384765625 -0.0871200561523438
0.0963211059570312 0.0642318725585937 -0.021270751953125 -0.0891952514648438
0.080841064453125 0.124008178710938 -0.0279731750488281 -0.0700912475585937
0.0526580810546875 0.145339965820313 0.0536994934082031 -0.0574455261230469
0.0692138671875 0.0942306518554688 0.00307464599609375 0.0373001098632813
0.111885070800781 0.0326004028320313 0.0752105712890625 0.0712051391601563
0.0825119018554688 -0.0245590209960938 0.120040893554688 0.00261688232421875
0.0460319519042969 -0.06201171875 0.087799072265625 -0.0665283203125
-0.00289535522460938 -0.0647048950195313 0.0100326538085937 -0.0897293090820313
-0.0403022766113281 -0.0564498901367188 -0.0396690368652344 -0.0550193786621094
-0.0458335876464844 -0.0646934509277344 -0.0342369079589844 -0.0237159729003906
-0.0517539978027344 -0.0579032897949219 -0.0362892150878906 -0.00132369995117187
-0.0204963684082031 -0.0668373107910156 -0.0454063415527344 0.00725173950195311
0.0195999145507812 -0.0796127319335938 -0.0608749389648438 -0.00592041015625
0.0689201354980469 -0.0661048889160156 -0.0730133056640625 -0.0421142578125
0.123985290527344 0.0137252807617188 -0.03106689453125 -0.0734176635742188
0.105674743652344 0.0806045532226563 -0.013458251953125 -0.07159423828125
0.0740966796875 0.147491455078125 -0.0160198211669922 -0.0272636413574219
0.0236663818359375 0.157852172851562 0.0623817443847656 -0.00321197509765624
0.0549850463867187 0.128005981445313 0.00938034057617188 0.0691566467285156
0.12908935546875 0.066864013671875 0.066680908203125 0.0924301147460938
0.111106872558594 -0.0156326293945313 0.11383056640625 0.0312423706054688
0.0676193237304688 -0.075042724609375 0.0907135009765625 -0.0357131958007813
-0.00101470947265625 -0.083984375 0.0227813720703125 -0.0598220825195313
-0.0468368530273438 -0.068817138671875 -0.0175685882568359 -0.0315532684326172
-0.0539093017578125 -0.0758895874023437 -0.011744499206543 -0.00365447998046875
-0.0636100769042969 -0.0665473937988281 -0.0141658782958984 0.0197486877441406
-0.0298614501953125 -0.0755767822265625 -0.0302810668945312 0.0340118408203125
0.0160980224609375 -0.0906143188476563 -0.0545310974121094 0.0178947448730469
0.0732650756835938 -0.0728836059570312 -0.0734100341796875 -0.0215988159179688
0.130401611328125 0.0176544189453125 -0.0352325439453125 -0.0585250854492188
0.10076904296875 0.090087890625 -0.000881195068359371 -0.0545196533203125
0.055145263671875 0.152450561523438 -0.00382328033447265 0.0173549652099609
-0.00849914550781251 0.140457153320313 0.0633392333984375 0.0507774353027344
0.0250701904296875 0.134315490722656 0.0130615234375 0.0981216430664063
0.115203857421875 0.0902023315429687 0.0503463745117188 0.105857849121094
0.115882873535156 0.00186920166015625 0.094879150390625 0.0567398071289063
0.0773696899414062 -0.0704498291015625 0.0824813842773438 -0.00215911865234375
0.0023956298828125 -0.0882797241210938 0.0327777862548828 -0.0242595672607422
-0.0457801818847656 -0.0697479248046875 0.00608968734741211 -0.00596666336059571
-0.054718017578125 -0.076080322265625 0.0119218826293945 0.0162458419799805
-0.06610107421875 -0.0663261413574219 0.00978469848632812 0.0397567749023437
-0.033111572265625 -0.0750045776367188 -0.0135726928710937 0.0579452514648438
0.013275146484375 -0.0908737182617188 -0.0458526611328125 0.0397682189941406
0.0725784301757813 -0.0688323974609375 -0.0694770812988281 -0.00265502929687499
0.123611450195313 0.0255126953125 -0.0372085571289062 -0.0430488586425781
0.08160400390625 0.095489501953125 0.0103721618652344 -0.0374832153320312
0.0255966186523438 0.138763427734375 0.00356292724609375 0.058837890625
-0.0372238159179687 0.0961227416992188 0.0568084716796875 0.0947036743164063
-0.00645446777343751 0.110282897949219 0.0140457153320313 0.118209838867188
0.0791244506835938 0.0902328491210937 0.0323028564453125 0.109306335449219
0.095123291015625 0.0148544311523437 0.0703125 0.0728683471679688
0.0688743591308594 -0.0535545349121094 0.0674476623535156 0.0266494750976562
0.00318908691406249 -0.0755081176757813 0.0391807556152344 0.00889968872070312
-0.0385971069335938 -0.0587005615234375 0.0288944244384766 0.0169143676757812
-0.0470199584960938 -0.0642890930175781 0.0339145660400391 0.0322341918945312
-0.0591659545898438 -0.0578689575195312 0.0321044921875 0.0568199157714844
-0.03125 -0.0668983459472656 0.00195312499999999 0.0789108276367188
0.0119705200195313 -0.0814666748046875 -0.0385169982910156 0.0589485168457031
0.0668792724609375 -0.0572395324707031 -0.0665664672851563 0.0144271850585938
0.104583740234375 0.0341949462890625 -0.0403823852539062 -0.0304641723632813
0.0528717041015625 0.0939483642578125 0.0178394317626953 -0.0209999084472656
-0.00941467285156251 0.110000610351563 0.0032196044921875 0.0937347412109375
-0.0580253601074219 0.0347023010253906 0.0496826171875 0.117530822753906
-0.0325202941894531 0.0651741027832031 0.0155792236328125 0.124542236328125
0.033966064453125 0.066558837890625 0.0186080932617188 0.105018615722656
0.0565261840820313 0.0190963745117187 0.0512161254882813 0.0801162719726562
0.04486083984375 -0.029754638671875 0.0549468994140625 0.0449714660644531
0.00194168090820312 -0.0498580932617187 0.0447959899902344 0.0317649841308594
-0.0266265869140625 -0.0375328063964844 0.0470466613769531 0.03240966796875
-0.0332069396972656 -0.0434036254882813 0.0506439208984375 0.0430870056152344
-0.0440940856933594 -0.0421714782714844 0.0501365661621094 0.069854736328125
-0.0241241455078125 -0.0516853332519531 0.0131607055664062 0.0949630737304687
0.0109405517578125 -0.0638885498046875 -0.0357818603515625 0.07568359375
0.0548896789550781 -0.039794921875 -0.06671142578125 0.0284271240234375
0.0764007568359375 0.0386581420898438 -0.0469017028808594 -0.0213127136230469
0.0194320678710938 0.0812835693359375 0.0179538726806641 -0.00725173950195312
-0.0433158874511719 0.0664482116699219 -0.00717163085937501 0.118507385253906
0.0617942810058594 -0.00640106201171875 0.00159454345703126 -0.132820129394531
0.0070953369140625 -0.0479354858398437 -0.0213470458984375 -0.00901603698730469
-0.0361900329589844 -0.0266456604003906 0.057342529296875 0.0267066955566406
-0.0340805053710938 0.0186138153076172 0.0911178588867188 -0.0362548828125
-0.00716781616210937 0.0377998352050781 0.053466796875 -0.0915374755859375
0.018890380859375 0.0257415771484375 -0.012420654296875 -0.116744995117188
0.0157232284545898 0.0121393203735352 -0.0668792724609375 -0.0840225219726563
0.00916576385498047 0.0139436721801758 -0.0671615600585938 -0.0547904968261719
0.00855922698974609 0.0125112533569336 -0.0605735778808594 -0.0393714904785156
0.00098276138305664 0.00871944427490235 -0.055267333984375 -0.0485420227050781
-0.0112028121948242 -7.53402709960928E-05 -0.0594367980957031 -0.0558815002441406
-0.0148410797119141 -0.0219402313232422 -0.0484771728515625 -0.0818328857421875
0.0258045196533203 -0.0319843292236328 -0.00553894042968749 -0.11187744140625
0.0601119995117188 -0.0127296447753906 -0.01995849609375 -0.123191833496094
0.0735855102539063 0.0216598510742188 -0.0410919189453125 -0.129119873046875
0.073974609375 0.0538787841796875 0.0205307006835938 -0.126396179199219
0.0400543212890625 -0.00546646118164063 -0.0148286819458008 -0.00379753112792969
0.0152168273925781 -0.0174779891967773 0.0682106018066406 0.034027099609375
-2.81333923339844E-05 -0.00150227546691895 0.104751586914063 -0.034423828125
0.00487756729125977 0.00336551666259766 0.0644912719726562 -0.09619140625
0.00889492034912109 -0.00401782989501953 -0.0106964111328125 -0.120048522949219
-0.00605583190917969 -0.0128345489501953 -0.067535400390625 -0.083709716796875
-0.0112142562866211 -0.0166330337524414 -0.0658302307128906 -0.0519065856933594
-0.0117454528808594 -0.0170097351074219 -0.0625572204589844 -0.0350074768066406
-0.000604629516601563 -0.0241565704345703 -0.0590629577636719 -0.0400047302246094
0.0114383697509766 -0.0306415557861328 -0.0630722045898438 -0.0484619140625
0.0278568267822266 -0.032989501953125 -0.0569076538085938 -0.0767974853515625
0.0681800842285156 -0.0017547607421875 -0.0113754272460938 -0.103248596191406
0.0797500610351563 0.03515625 -0.0217514038085937 -0.110000610351563
0.0803298950195313 0.0834884643554688 -0.0340423583984375 -0.108528137207031
0.0708160400390625 0.109825134277344 0.0390090942382813 -0.101600646972656
0.063201904296875 0.0473213195800781 -0.00645637512207031 0.0133533477783203
0.0700263977050781 0.00298309326171875 0.07635498046875 0.0517044067382813
0.0427742004394531 -0.0180435180664063 0.118270874023438 -0.0208892822265625
0.0241813659667969 -0.0334053039550781 0.079254150390625 -0.0899734497070313
0.00119781494140625 -0.0370368957519531 -0.00233459472656251 -0.112983703613281
-0.0262222290039063 -0.0373954772949219 -0.05816650390625 -0.0736541748046875
-0.0314178466796875 -0.0454635620117187 -0.0546226501464844 -0.0413665771484375
-0.0332298278808594 -0.0427017211914062 -0.0545196533203125 -0.0207672119140625
-0.00796127319335937 -0.0514373779296875 -0.0568809509277344 -0.0192985534667969
0.0218963623046875 -0.0599441528320313 -0.0667228698730469 -0.0301971435546875
0.05743408203125 -0.0505142211914063 -0.0694808959960937 -0.0634765625
0.104324340820313 0.0120925903320313 -0.0223007202148438 -0.0927047729492188
0.0978317260742188 0.0668563842773438 -0.020263671875 -0.0930633544921875
0.0814743041992188 0.128265380859375 -0.0252532958984375 -0.071990966796875
0.0528106689453125 0.149642944335938 0.0547370910644531 -0.0579261779785156
0.0696487426757813 0.0973587036132813 0.00231170654296875 0.0408439636230469
0.114280700683594 0.0339431762695313 0.0771865844726563 0.074737548828125
0.0857696533203125 -0.0232391357421875 0.12481689453125 0.0037689208984375
0.0483779907226563 -0.0631866455078125 0.0916595458984375 -0.069305419921875
-0.00187301635742187 -0.06707763671875 0.0109329223632813 -0.0932693481445312
-0.0405158996582031 -0.0589981079101563 -0.0410194396972656 -0.0561981201171875
-0.0473442077636719 -0.0669326782226562 -0.0362281799316406 -0.0239448547363281
-0.0529708862304688 -0.0603370666503906 -0.0379867553710938 -0.000843048095703133
-0.01971435546875 -0.0697822570800781 -0.0476760864257813 0.00774765014648436
0.022003173828125 -0.0820159912109375 -0.0651741027832031 -0.00578308105468751
0.0721664428710938 -0.0670700073242188 -0.0771331787109375 -0.0433578491210938
0.127616882324219 0.0156021118164063 -0.0320053100585938 -0.0782623291015625
0.107460021972656 0.0838470458984375 -0.0125732421875 -0.0750885009765625
0.0745697021484375 0.152542114257813 -0.0148468017578125 -0.0277156829833984
0.0224761962890625 0.16302490234375 0.063018798828125 -0.00190734863281249
0.0545806884765625 0.132301330566406 0.00807952880859375 0.0732421875
0.132057189941406 0.069183349609375 0.0677947998046875 0.096923828125
0.115196228027344 -0.014129638671875 0.117713928222656 0.0332107543945313
0.0710601806640625 -0.076690673828125 0.0946884155273438 -0.0372161865234375
0.000396728515625004 -0.08612060546875 0.0239486694335937 -0.0616836547851562
-0.0468826293945313 -0.0714187622070313 -0.0178680419921875 -0.0318431854248047
-0.055694580078125 -0.078704833984375 -0.0128040313720703 -0.00305652618408204
-0.0651054382324219 -0.0688018798828125 -0.0153675079345703 0.0211563110351563
-0.028900146484375 -0.0782318115234375 -0.0318107604980469 0.03546142578125
0.0177993774414062 -0.0931396484375 -0.0582313537597656 0.0192375183105469
0.07659912109375 -0.0742645263671875 -0.0778350830078125 -0.0220184326171875
0.134109497070313 0.0187225341796875 -0.0370407104492188 -0.06280517578125
0.102409362792969 0.0938949584960937 -0.000633239746093744 -0.0574150085449219
0.0545654296875 0.15704345703125 -0.00345230102539062 0.0182895660400391
-0.0101318359375 0.1451416015625 0.0630455017089844 0.0533370971679688
0.0246505737304687 0.138496398925781 0.0110702514648437 0.102737426757813
0.118049621582031 0.093353271484375 0.0503158569335938 0.111000061035156
0.119834899902344 0.0032196044921875 0.0976791381835938 0.0592803955078125
0.0807266235351563 -0.0726318359375 0.086212158203125 -0.00212860107421875
0.00339508056640625 -0.0902099609375 0.0340709686279297 -0.0243759155273438
-0.046112060546875 -0.0723190307617188 0.00676250457763672 -0.00541257858276368
-0.0564422607421875 -0.0782470703125 0.0117607116699219 0.0169191360473633
-0.0677871704101562 -0.0682563781738281 0.00948715209960937 0.0417060852050781
-0.0330352783203125 -0.0773239135742188 -0.0146369934082031 0.0602569580078125
0.014739990234375 -0.0934295654296875 -0.0495071411132813 0.0415534973144531
0.0752944946289063 -0.0699844360351563 -0.0736160278320312 -0.00226593017578125
0.12713623046875 0.0264968872070313 -0.0391197204589844 -0.0468177795410156
0.0835418701171875 0.0987777709960938 0.01092529296875 -0.0400733947753906
0.024383544921875 0.143646240234375 0.00338363647460937 0.060577392578125
-0.038909912109375 0.0995864868164063 0.0559158325195313 0.0983352661132813
-0.00735473632812499 0.114303588867188 0.01104736328125 0.123512268066406
0.0818252563476563 0.0928268432617188 0.031494140625 0.1143798828125
0.098419189453125 0.0161056518554688 0.0719680786132813 0.0756759643554688
0.0712051391601563 -0.0551528930664062 0.0704803466796875 0.0277023315429688
0.00396728515624999 -0.0774917602539063 0.0409469604492187 0.00983810424804687
-0.039306640625 -0.0604782104492187 0.0298061370849609 0.0184993743896484
-0.0487632751464844 -0.0657501220703125 0.0341892242431641 0.0341320037841797
-0.0606918334960938 -0.0587043762207031 0.0330810546875 0.0594825744628906
-0.0314865112304688 -0.0687294006347656 0.00149536132812499 0.0815505981445313
0.0127792358398438 -0.0835723876953125 -0.0417823791503906 0.0616416931152344
0.0689849853515625 -0.0578231811523438 -0.0708541870117188 0.0149078369140625
0.107551574707031 0.03515625 -0.0422592163085937 -0.0333213806152344
0.054534912109375 0.0968170166015625 0.0179195404052734 -0.0230331420898437
-0.0106964111328125 0.113677978515625 0.0022430419921875 0.0962905883789063
-0.0596771240234375 0.0369911193847656 0.0473098754882812 0.1217041015625
-0.0332870483398437 0.0669288635253906 0.0135116577148437 0.129508972167969
0.0351524353027344 0.0679664611816406 0.0176925659179688 0.10992431640625
0.0578994750976562 0.0195198059082031 0.0524444580078125 0.0835647583007812
0.0457801818847656 -0.030975341796875 0.0571327209472656 0.0469932556152344
0.00138092041015625 -0.05084228515625 0.0465850830078125 0.033172607421875
-0.0269203186035156 -0.0383949279785156 0.0483741760253906 0.0338897705078125
-0.0347976684570313 -0.0433921813964844 0.0512504577636719 0.0448417663574219
-0.0454750061035156 -0.0424423217773437 0.0514450073242188 0.0720367431640625
-0.0247001647949219 -0.0529403686523438 0.0131683349609375 0.0986099243164063
0.0110740661621094 -0.0655097961425781 -0.0388107299804687 0.0786209106445313
0.0560226440429688 -0.040557861328125 -0.07037353515625 0.0292129516601563
0.07879638671875 0.0391311645507813 -0.0485916137695312 -0.0239677429199219
0.02044677734375 0.0836715698242188 0.0175056457519531 -0.00874042510986328
-0.0450210571289063 0.0687026977539062 -0.00860595703125 0.121574401855469
0.0641136169433594 -0.0078582763671875 0.000778198242187502 -0.138900756835937
0.00601959228515625 -0.0495948791503906 -0.0221824645996094 -0.00816917419433594
-0.0388031005859375 -0.0264663696289063 0.06170654296875 0.0283775329589844
-0.0347042083740234 0.0205039978027344 0.0967025756835938 -0.0391845703125
-0.00586700439453125 0.0401535034179688 0.0562286376953125 -0.0974044799804688
0.0206546783447266 0.0256576538085938 -0.0145034790039062 -0.123451232910156
0.0165605545043945 0.011143684387207 -0.0715866088867188 -0.0875167846679687
0.0102195739746094 0.0139999389648438 -0.0710678100585937 -0.05615234375
0.00945568084716797 0.0121612548828125 -0.063995361328125 -0.040985107421875
0.00120306015014648 0.00799751281738281 -0.0593223571777344 -0.050811767578125
-0.0107603073120117 -4.00543212890606E-05 -0.0639610290527344 -0.0579605102539063
-0.0152149200439453 -0.0214271545410156 -0.05206298828125 -0.0863189697265625
0.0262928009033203 -0.0335655212402344 -0.00592041015625 -0.119400024414063
0.0614089965820313 -0.0142593383789063 -0.0199813842773437 -0.129852294921875
0.07672119140625 0.0218429565429688 -0.040557861328125 -0.135498046875
0.077301025390625 0.0554046630859375 0.0204849243164063 -0.132774353027344
0.0411186218261719 -0.00529861450195313 -0.015110969543457 -0.00234699249267578
0.0151777267456055 -0.0175199508666992 0.0728759765625 0.0366363525390625
0.000647604465484619 -0.000787854194641113 0.110855102539062 -0.0371170043945313
0.00650930404663086 0.00403976440429688 0.0676803588867187 -0.103179931640625
0.0098419189453125 -0.00537681579589844 -0.0123519897460937 -0.126930236816406
-0.00629997253417969 -0.0141773223876953 -0.0726242065429688 -0.0865478515625
-0.0121974945068359 -0.0182838439941406 -0.0702896118164063 -0.0531768798828125
-0.011993408203125 -0.0190486907958984 -0.066192626953125 -0.0360832214355469
-0.000120162963867186 -0.0266132354736328 -0.0632820129394531 -0.0418891906738281
0.0127220153808594 -0.0323390960693359 -0.0682716369628906 -0.0501785278320313
0.0298957824707031 -0.0332679748535156 -0.061187744140625 -0.0808792114257813
0.0714645385742188 -0.0016021728515625 -0.0122833251953125 -0.111061096191406
0.0825881958007813 0.036346435546875 -0.022613525390625 -0.116249084472656
0.0842132568359375 0.0869674682617188 -0.0336227416992187 -0.1141357421875
0.074127197265625 0.114395141601562 0.0400238037109375 -0.106391906738281
0.0658111572265625 0.0491294860839844 -0.00685787200927734 0.0164051055908203
0.0731735229492188 0.00331878662109375 0.0813369750976563 0.0552902221679688
0.0460319519042969 -0.0177764892578125 0.125518798828125 -0.022979736328125
0.0263500213623047 -0.0347042083740234 0.0831680297851563 -0.0965805053710938
0.002349853515625 -0.0396270751953125 -0.00385284423828124 -0.119598388671875
-0.0273780822753906 -0.0399169921875 -0.06243896484375 -0.0764007568359375
-0.033538818359375 -0.0480079650878906 -0.0588150024414063 -0.0418624877929687
-0.0353775024414063 -0.0455856323242187 -0.0575828552246094 -0.0202865600585938
-0.00848770141601563 -0.054931640625 -0.0608062744140625 -0.0193328857421875
0.0239067077636719 -0.0634346008300781 -0.0722427368164063 -0.0307159423828125
0.0615692138671875 -0.0524635314941406 -0.0753250122070312 -0.0662155151367188
0.109992980957031 0.012542724609375 -0.0243682861328125 -0.100044250488281
0.102043151855469 0.0699234008789063 -0.02130126953125 -0.098602294921875
0.0855560302734375 0.133995056152344 -0.0251388549804688 -0.074981689453125
0.0555572509765625 0.156768798828125 0.0560798645019531 -0.0600090026855469
0.0727767944335938 0.102577209472656 0.002044677734375 0.0451736450195313
0.119911193847656 0.0352554321289063 0.0820846557617188 0.0795059204101563
0.0904464721679688 -0.0239334106445313 0.131759643554688 0.00287628173828125
0.0516815185546875 -0.06622314453125 0.0968170166015625 -0.0752182006835938
-0.000938415527343756 -0.0703506469726563 0.0101394653320313 -0.0985336303710938
-0.0424575805664062 -0.0618705749511719 -0.0434112548828125 -0.0581092834472656
-0.0505485534667969 -0.0702133178710937 -0.0388526916503906 -0.0240058898925781
-0.0560531616210937 -0.0635337829589844 -0.0400428771972656 0.00055694580078124
-0.0204238891601563 -0.0736618041992188 -0.0501594543457031 0.00886535644531249
0.023040771484375 -0.0864791870117188 -0.0706863403320313 -0.0048828125
0.076385498046875 -0.0702285766601563 -0.0836334228515625 -0.0446243286132813
0.134284973144531 0.0155792236328125 -0.0349960327148437 -0.08428955078125
0.112449645996094 0.0881576538085938 -0.0134506225585937 -0.0801773071289063
0.078521728515625 0.160110473632813 -0.0140476226806641 -0.0291881561279297
0.024200439453125 0.1717529296875 0.0645561218261719 -0.00160980224609374
0.0576934814453125 0.1387939453125 0.00833129882812499 0.0791473388671875
0.139259338378906 0.0715713500976563 0.0720367431640625 0.103012084960938
0.121253967285156 -0.0148468017578125 0.124649047851563 0.0343475341796875
0.0743408203125 -0.0811233520507813 0.0998458862304688 -0.041351318359375
0.000633239746093741 -0.0909805297851563 0.0247116088867188 -0.0654144287109375
-0.0497970581054687 -0.0756301879882813 -0.0193004608154297 -0.0328941345214844
-0.0599517822265625 -0.0821456909179688 -0.0140199661254883 -0.00203990936279297
-0.0688095092773438 -0.0713882446289063 -0.0162010192871094 0.02337646484375
-0.0306167602539062 -0.0819473266601563 -0.0335350036621094 0.0378379821777344
0.0186386108398438 -0.0983428955078125 -0.0631332397460938 0.0213165283203125
0.0807723999023438 -0.0775146484375 -0.084075927734375 -0.02191162109375
0.141586303710938 0.0190582275390625 -0.0405654907226563 -0.0678596496582031
0.107658386230469 0.0982437133789062 -0.00150299072265624 -0.0614051818847656
0.057769775390625 0.164718627929688 -0.00240516662597656 0.0190143585205078
-0.00988769531250001 0.153671264648437 0.0645332336425781 0.0562744140625
0.0264434814453125 0.146026611328125 0.0109710693359375 0.10992431640625
0.125106811523438 0.0964431762695313 0.0534515380859375 0.117988586425781
0.12664794921875 0.003204345703125 0.103378295898438 0.0619735717773438
0.0843353271484375 -0.0771560668945312 0.0915908813476562 -0.00366973876953125
0.0032806396484375 -0.0951690673828125 0.0360145568847656 -0.0266075134277344
-0.0488662719726562 -0.0753402709960938 0.00721883773803711 -0.00568056106567383
-0.0605010986328125 -0.0811767578125 0.0120410919189453 0.0186061859130859
-0.0716934204101563 -0.0704269409179688 0.00999832153320312 0.0448188781738281
-0.0344772338867187 -0.0809555053710937 -0.0150871276855469 0.0640411376953125
0.014617919921875 -0.0979156494140625 -0.0537948608398437 0.04522705078125
0.0790786743164063 -0.0737152099609375 -0.0800704956054688 -0.000961303710937492
0.133476257324219 0.0267333984375 -0.042724609375 -0.0511054992675781
0.0880508422851563 0.1036376953125 0.0103683471679688 -0.0433807373046875
0.026031494140625 0.151260375976562 0.00450134277343751 0.0639801025390625
-0.0401153564453125 0.105964660644531 0.0572891235351563 0.103469848632813
-0.007049560546875 0.11981201171875 0.010406494140625 0.131622314453125
0.0868072509765625 0.0959930419921875 0.0329971313476563 0.121681213378906
0.103981018066406 0.016632080078125 0.0763626098632812 0.0802383422851562
0.0743408203125 -0.0590591430664063 0.0751190185546875 0.0277938842773438
0.0029754638671875 -0.0814895629882813 0.0434722900390625 0.00983428955078124
-0.041351318359375 -0.0631065368652344 0.0315628051757813 0.0195446014404297
-0.0526847839355469 -0.0675849914550781 0.0358734130859375 0.0358352661132812
-0.064666748046875 -0.0598411560058594 0.0352935791015625 0.0628089904785156
-0.0330657958984375 -0.07159423828125 0.00215148925781249 0.0867233276367188
0.0123138427734375 -0.0877456665039062 -0.0457000732421875 0.0665245056152344
0.0725631713867188 -0.0609207153320312 -0.0757522583007813 0.0170745849609375
0.113594055175781 0.0351791381835938 -0.0460090637207031 -0.0367622375488281
0.057830810546875 0.100921630859375 0.0177497863769531 -0.0260295867919922
-0.0108184814453125 0.120361328125 0.00301361083984374 0.101264953613281
-0.0616493225097656 0.0398025512695313 0.0479888916015625 0.127548217773438
-0.0342483520507812 0.07061767578125 0.012725830078125 0.137588500976563
0.0376625061035156 0.0701026916503906 0.0187149047851563 0.117225646972656
0.0617446899414063 0.0200576782226563 0.0560455322265625 0.0886459350585938
0.0474967956542969 -0.0337600708007813 0.0615501403808594 0.0488624572753906
0.000350952148437502 -0.0535621643066406 0.0503997802734375 0.034759521484375
-0.0286140441894531 -0.0393257141113281 0.0516433715820313 0.0354118347167969
-0.0374832153320312 -0.0441818237304688 0.0539970397949219 0.0468063354492188
-0.0486068725585938 -0.0423240661621094 0.0547332763671875 0.0757598876953125
-0.0267829895019531 -0.054840087890625 0.0147933959960938 0.103523254394531
0.0103950500488281 -0.0685615539550781 -0.0411529541015625 0.0844268798828125
0.0582351684570313 -0.0429840087890625 -0.0753555297851562 0.0315704345703125
0.0830154418945313 0.0393905639648438 -0.0528602600097656 -0.0259017944335937
0.0228729248046875 0.0871353149414063 0.0171060562133789 -0.0112323760986328
-0.0469284057617188 0.0733642578125 -0.00907135009765625 0.128074645996094
-0.0395396670726342 -0.0328962943458241 0.119949223576353 -0.0705603036014406
-0.0423653696271144 0.028221279783708 0.00286284936420202 -0.0181592524536378
-0.00543109102636384 0.0490332431962284 0.0167354429550068 0.0712924146452872
0.0358673291074561 0.0201027260928024 0.0861475384012584 0.0599724875668872
0.0297207653667171 -0.0162521331249781 0.121884492723108 -0.00369597951856386
0.00527478565106782 -0.0192158209220417 0.105250090358694 -0.070013631988692
0.00530510519935133 -0.0151942478869014 0.0569762527374302 -0.102528884081078
0.00856111299171163 -0.0134365863114478 0.0194085307261429 -0.0985779547061937
0.00774327192444266 -0.0111494114067472 0.0112478367192252 -0.0799719695381424
0.0088469222238973 -0.00417814458930959 0.0151410269511879 -0.0791068610533455
0.00985418429505725 0.0114156799563398 0.0245397975849483 -0.0932506938567483
-0.00595855816535136 0.0309923517266195 0.0614730159337425 -0.0936025798458666
-0.0443283438732434 0.0153804236667341 0.102376430568733 -0.0691232766226691
-0.0474866136070606 -0.0313835631915223 0.10303979356339 -0.077687971969602
-0.0182553800309284 -0.0664117940770534 0.0772210990998445 -0.114693950281106
0.0046835564793934 -0.0786171241358764 0.115387021908372 -0.0534048900009368
-0.0287652100671118 -0.0310906621297088 -0.0113369306668246 -0.00788071534846606
-0.0319732139012369 -0.00431551454371664 0.00581150366199025 0.0989679394571948
-0.0103692325114979 0.00285578076645653 0.0935293696942856 0.0868639216263756
-0.00838033817524907 0.00269968127383056 0.139258158844815 0.00723804072062573
-0.0127071197643203 0.00904098831528184 0.114062037267076 -0.0689966649696826
-0.00604384396538971 0.0195024068442604 0.0616981577765615 -0.101807720117003
-0.00127886808689448 0.0246710278320397 0.0200779297410997 -0.0969453049242656
-0.00711535532664687 0.0271153076271828 0.00930231242764783 -0.0786350034214848
-0.0187697831363758 0.0190491827787179 0.00846882846990719 -0.0742316659594504
-0.0320142419422584 0.0151280297601814 0.0153367764820832 -0.0882061844092324
-0.0452341407842596 -0.00263007554209808 0.0464577555007401 -0.0940980458894084
-0.0554446756582763 -0.0402858097762241 0.0859885659458725 -0.0691681772657261
-0.0199586291229501 -0.0797968615847097 0.0846490074705297 -0.0781221209317452
0.0307017976209584 -0.105949561702708 0.0634520283284363 -0.103467194868083
0.0538292679433959 -0.11068305259568 0.0955945332776752 -0.0270701314647054
-0.000287669097816232 -0.090102007564589 -0.0381622782669109 0.00653892607152463
-0.0502682896822453 -0.0689907158489732 -0.0195307186642978 0.128704488475618
-0.0602455124318674 -0.0259847323525692 0.0860052662720321 0.12302803326387
-0.0547529004925975 0.0164566182726759 0.147494606937503 0.0298405793011372
-0.0357968614583118 0.036130645845068 0.116452253699165 -0.0555749742441513
-0.0194562169617856 0.0520321238427072 0.0606628482373661 -0.0869344698814222
-0.0102146953212067 0.0599919731024298 0.0185911679830896 -0.0806047199001784
-0.0174163607717121 0.0626278109794681 0.0020051962501453 -0.063584980476804
-0.0373672226065735 0.0437304422529695 -0.00655308675160405 -0.0584332176456221
-0.0637134764019409 0.0275314135907479 -0.00441257835173504 -0.0777111641720343
-0.0815901484245107 -0.0196889511372347 0.0222209739768712 -0.0941756485767724
-0.0724304234836975 -0.0792327975180441 0.0652553662310174 -0.0718689704700046
-0.00501963487514555 -0.11670745836785 0.0659098769411322 -0.0709974129725359
0.0674931465345118 -0.132506643010328 0.0375559834634067 -0.0787770270904589
0.0974585716925878 -0.123519316821655 0.0593726358990652 0.00800796742148282
0.0384258308870662 -0.1336036167964 -0.0718505556381746 0.0232588470487112
-0.0519328836282529 -0.131218295863582 -0.0569291855472948 0.150221529995876
-0.0989030778230787 -0.0642245337514358 0.0600921083584725 0.154860867610944
-0.099173409971341 0.0192973525423104 0.138708227551148 0.060300621076098
-0.0596692804705327 0.0564733540444714 0.107899006598579 -0.0310680653874064
-0.0330223404859348 0.0767889220113411 0.05340875971412 -0.0600827587487291
-0.0170609401248336 0.0865337204371365 0.0123522047856967 -0.052690910371222
-0.0213884490312809 0.0895990528563476 -0.00816526147725932 -0.037959612557689
-0.0458494724415715 0.063924327969921 -0.0243071637556348 -0.0338421133310942
-0.0806968103344712 0.0429187436872309 -0.0267191328178206 -0.0607408834373954
-0.106913335236348 -0.0227070252287985 -0.00377422470878248 -0.087168366943671
-0.0875744491281371 -0.099467267775677 0.0436393206391972 -0.0711275524930394
0.00221379110750777 -0.137546881725872 0.0509886286528931 -0.0573840114901901
0.0913129455531651 -0.142142606361454 0.00720125574304803 -0.0449957437520479
0.125091491279474 -0.111939391318433 0.0129316484969835 0.0435948206293251
0.078637472313279 -0.148144889344814 -0.106601574589164 0.0387484139117549
-0.0316079206371526 -0.172779819243958 -0.0969456062555145 0.153221605007257
-0.113059983336579 -0.10151047754252 0.0192846980345259 0.171298033157858
-0.128866617193731 0.00979024576429935 0.109487574330668 0.0874861678332211
-0.0782396526747159 0.0647550507256691 0.0860585619165235 -0.000495641983326436
-0.0425116383599126 0.0885902562759361 0.0392706016002262 -0.025291377936354
-0.0218244960514998 0.100107904079688 0.00483311704486288 -0.0172540349651569
-0.0220754122523321 0.103708630014008 -0.0186960620863757 -0.00429531247404803
-0.0469171989104429 0.0763488138847208 -0.0402102661773553 -0.00452920317963563
-0.086280522998352 0.0534057995561033 -0.047932182876919 -0.0391826349666923
-0.116046132709992 -0.0230797411767544 -0.0263526139844233 -0.0749020937768443
-0.0898086452695484 -0.107818469808312 0.0245533484693848 -0.0663313628502032
0.0122841480113951 -0.141136529228408 0.0402664172357801 -0.0385507516941609
0.104926448596074 -0.131068448957541 -0.0221344931980472 -0.00743330473833867
0.127770746692208 -0.0808432041521631 -0.0343289216254144 0.0737279952148624
0.104103641023128 -0.129422938396145 -0.132628089972194 0.0503745872906568
-0.000258442020243336 -0.177930420520063 -0.126496079814196 0.13709572042989
-0.0995373467576157 -0.121792242113207 -0.0237408172640915 0.164161795674388
-0.132893992153388 -0.00430397970271189 0.0673619853054665 0.102588217532945
-0.0831827461743169 0.0617222770303112 0.0552151019676261 0.0287515139608147
-0.0443466746540518 0.0863211753001528 0.0213156627586435 0.0107116166297986
-0.022054993248739 0.097965896990743 -0.00343479717225241 0.019104337395314
-0.0200771445918489 0.103281549972241 -0.027793820000115 0.0301108695095713
-0.0438720863315778 0.0778893262792384 -0.0537907015159256 0.0241545993258092
-0.0831593491410818 0.0549466429263348 -0.0656978048661699 -0.017824462492786
-0.111607044382052 -0.025019287505922 -0.0442847620199699 -0.0606088787527151
-0.0788421242300751 -0.108812590360222 0.00886551779203142 -0.0595398158242425
0.0275956037212294 -0.130108082709701 0.0314287345750284 -0.0213727739260827
0.109164531748908 -0.100631584302564 -0.0509381907692404 0.026285022681342
0.103584301172637 -0.0354537876843591 -0.0719179191889058 0.0941011902768657
0.103674411263394 -0.0863323057550932 -0.144933434475359 0.0585994344367865
0.0239617031780322 -0.144880816656928 -0.136592148117568 0.109465421181056
-0.0691578100108645 -0.112633749671506 -0.054994719975435 0.140614608224366
-0.109875640414112 -0.0136411666170401 0.024172349872441 0.102616852893582
-0.0716281344705914 0.0485899210075612 0.0226640757404932 0.0516455022433133
-0.0376564597946565 0.0707315113418716 0.00354323972801155 0.0430134719413982
-0.0190962610821429 0.0822681878457983 -0.00990409331889987 0.0523767466232723
-0.015854505746134 0.0886201300347764 -0.0357398383471517 0.0615288875653591
-0.0379583467179946 0.0693950670991197 -0.0659446333304286 0.0499366691871158
-0.0729643903390733 0.0487990808751041 -0.0825427508922992 -0.000707936656381225
-0.0959376465863849 -0.0274355351718232 -0.0595666885632611 -0.0500286786474098
-0.0574674286279155 -0.101889362812597 -0.00477686706141897 -0.055910077172534
0.0423807004663676 -0.106452242215596 0.0219326060546004 -0.00698056165522444
0.102524150387782 -0.0571793749932355 -0.0782001599622153 0.0509778672183089
0.0599804549406605 0.0148514022814775 -0.0887008137488072 0.103520356072821
0.0784668735418832 -0.0310616333945597 -0.137674387003093 0.0654264729149848
0.0318048140281704 -0.0867074998460646 -0.128269639251258 0.0844535530245966
-0.0332442947798366 -0.0774045690280705 -0.0693338026649165 0.113970349408351
-0.0687826937012773 -0.0142185441969593 -0.00728115496962564 0.097290728919184
-0.0470894441830749 0.0309203767947212 -0.000927461701780646 0.0669562213597572
-0.023768805052349 0.0455883692888621 -0.00870732552047962 0.0663059498937991
-0.0120749621127819 0.0546786280605517 -0.0149762020422906 0.0762160084429479
-0.0104834719755545 0.0615576403006289 -0.0427126688374933 0.0856259715895952
-0.0287610324577599 0.0526678234277532 -0.0772312506714749 0.0680744272106645
-0.0564999130367063 0.0362104666182929 -0.0996479104215748 0.00983076667092804
-0.0711851686639586 -0.0267809719256112 -0.0732059667019024 -0.0457097720792974
-0.0318955518120155 -0.0839627241115701 -0.0159202440989954 -0.0580444410197321
0.0526838808263105 -0.0709302085300534 0.0123934355579972 -0.000157525883467431
0.082910432316334 -0.00603170760464173 -0.103425797060888 0.0629671013453854
-0.0426714713827277 -0.0314297145200742 0.121007547469602 -0.0795468557493859
-0.0418411603065747 0.0313950911082617 0.000995845390024155 -0.0181903812323803
-0.00163129304999356 0.050543117596954 0.0200078695243667 0.0750091816489081
0.0379401845793191 0.0185291548669531 0.0931190173196235 0.0598682937346038
0.0286095729997751 -0.0194428487808133 0.128705296851321 -0.00989384456793424
0.00381925060356334 -0.0199559224000849 0.106791539225128 -0.0789830074367932
0.00412145708082707 -0.0152335684528863 0.0535854365795505 -0.109908115836308
0.00749306025163785 -0.014464344105578 0.0142370133786195 -0.10300419380878
0.00672665406518137 -0.0110335447716875 0.00844514924023544 -0.0843332588413266
0.00808132009977567 -0.00436255032913176 0.0117183935784372 -0.0840548184238924
0.010208244719046 0.0108496320274861 0.0198997293249787 -0.0985985877044005
-0.00382012255111816 0.0312946838216071 0.0593776185235812 -0.101621991461919
-0.0445033429246818 0.0186237079970991 0.105475464287133 -0.0778204734423248
-0.0494883163761947 -0.0295436800002952 0.105124656415056 -0.0842406179971238
-0.0225728758893558 -0.06718766533149 0.0773867368005988 -0.120777948372349
0.00138023433299717 -0.081326289891511 0.116822940166538 -0.0611843742384277
-0.0305610889778617 -0.0306741684988033 -0.0133584741818981 -0.00651078653003428
-0.0320788784742186 -0.003249633390549 0.0103698339213996 0.103997281428207
-0.0105642321216573 0.00202687488068929 0.101318396383988 0.0869010054277067
-0.0096023571683155 0.00214936557640947 0.146819949874818 -3.59499148316213E-05
-0.0137224324726366 0.0101390384872227 0.115996234415102 -0.0779054509974538
-0.00611960438017517 0.021261536289914 0.058267132806016 -0.109348138201185
-0.000241530848342673 0.0262431929163307 0.0150455646857396 -0.101892735818013
-0.00695990844572857 0.0294661484285996 0.00568167870335199 -0.0830990092143775
-0.0197340104079906 0.0211050706589595 0.00430271966974229 -0.0785898339943486
-0.0334958700472237 0.0172710845494512 0.0102709321985744 -0.0935184978094838
-0.0470243174248232 -0.00230437707404882 0.0429609370616072 -0.101208967771965
-0.0583985541356252 -0.0393647148774041 0.0881952074783241 -0.0781097886502545
-0.0227262196774851 -0.0811922407167385 0.0861152208217577 -0.084472994381871
0.0267065159934977 -0.111187664165136 0.0631524258028662 -0.109093640709941
0.0513235680613297 -0.11722032773263 0.0968526451488556 -0.0326936235520903
-0.00336434492581458 -0.0930830190266925 -0.0407970359382601 0.00950554962009958
-0.0547393173219067 -0.0693329758918219 -0.0150540597562592 0.136258298728224
-0.0634274141449824 -0.0262222348451542 0.0950023105660077 0.124414070323803
-0.0565277556262862 0.0184213624118791 0.15655108953623 0.0232622251535585
-0.0368121894872518 0.0394503363750621 0.11873777191731 -0.0643791374440039
-0.0185385069105842 0.0556935321383797 0.0579321305127622 -0.0934921502171673
-0.00791106432507785 0.0635869627607238 0.0136993588648398 -0.0846548738829467
-0.0154780833273521 0.0668000694036891 -0.00184020638145864 -0.0665677067537266
-0.0381844763497037 0.0473042483157624 -0.0108431661996531 -0.0615042207215036
-0.0658980571430274 0.0318789515180497 -0.0104912248559357 -0.0821564126835166
-0.0863168375133085 -0.0179156319770968 0.0170894585680116 -0.100276988562549
-0.079171525751741 -0.0789393672847238 0.0669053770947778 -0.0804628483260347
-0.0089487564238128 -0.120754596401348 0.0666857103557188 -0.0768653600114761
0.0647088164740842 -0.141105865791233 0.0370310629682434 -0.082323735358544
0.0962308479081424 -0.132413233223019 0.0612967900794821 0.00483380707526709
0.0347332706632164 -0.140389285044728 -0.0759185097237716 0.0290648557486487
-0.0598135441123594 -0.133604694309065 -0.0525897402473766 0.160306732385009
-0.105839059405926 -0.0639859229368873 0.0699952255349708 0.159356880877311
-0.102603380350874 0.0242425422974647 0.148864045354491 0.0554079996756552
-0.0607780385376841 0.0611994117712615 0.110870613670565 -0.038471448757991
-0.0312546841474113 0.0815473867985512 0.0518048126970068 -0.0653738135031897
-0.0134132288699527 0.0914755686171546 0.00905638672788018 -0.0550793577820265
-0.0181863270334513 0.0949430054861393 -0.011587667692949 -0.038850784379201
-0.0452891665727615 0.0687170958300205 -0.028138956348614 -0.0347737502210245
-0.0826477131142147 0.0487441044307634 -0.0333994206059736 -0.06360876098025
-0.112973994538922 -0.0202091412449932 -0.0100819015126196 -0.091960599962274
-0.0960952812098653 -0.0995657724441556 0.0435511055290622 -0.0791265795194186
-0.00294807669867786 -0.142895839454902 0.0513129603859281 -0.0628053791890908
0.0892196886869592 -0.152687805698579 0.00734453453640488 -0.0463495035842252
0.125630322410758 -0.122790412248968 0.0138749366890737 0.0432724972112158
0.0757505574792265 -0.157853046127399 -0.111587319625763 0.0465381678220387
-0.0415990170772775 -0.178337279498997 -0.095101552973137 0.165114608301691
-0.122747318860584 -0.101866891592479 0.0287659635061182 0.17828409792644
-0.134533254181765 0.0166078584657794 0.119863401368374 0.0851278661329965
-0.0792462722065688 0.0712116666962583 0.0896798512001241 -0.00517555466747217
-0.0403798271842015 0.094068636622986 0.0387669766250736 -0.0282279670674323
-0.0167499241749554 0.105609618087828 0.00307612616138793 -0.0181099430910671
-0.0172537516917936 0.109401166046414 -0.020381701604572 -0.00346038759632175
-0.046212761416112 0.0813734515552326 -0.0430410337064933 -0.00277315284813999
-0.0873041425330717 0.0593355834384732 -0.0542996234938101 -0.0396455157229761
-0.12263012759568 -0.0197639671411364 -0.0336166067586452 -0.0781111384029912
-0.0991087175740275 -0.108031157199322 0.0236897144422224 -0.0732168133743845
0.00677377351468873 -0.147730061724795 0.0409036478282197 -0.0439092861124614
0.103838736417451 -0.141524156506302 -0.0224489903455862 -0.00614385665515077
0.129364260991244 -0.0902677247348161 -0.0334394865571427 0.0769338895444963
0.102893461236049 -0.139646527166413 -0.138272615514965 0.0588879793447167
-0.00923302916846269 -0.185549565172071 -0.126767935991661 0.149294293924195
-0.110460989033584 -0.123474904829281 -0.0171201722394177 0.173271890477673
-0.138832480477411 0.00278773861883956 0.0765042428803158 0.102553463294246
-0.0837796566988168 0.0679850184772185 0.0586062375186777 0.0267820809492222
-0.042518606531475 0.0917719420545777 0.0222775875064814 0.0104147339048783
-0.0172936937723613 0.103383954463967 -0.00322849738373694 0.0205546400693548
-0.015046245575395 0.108449355974228 -0.0281331434249301 0.033015717347779
-0.0422904896702193 0.0831789117336048 -0.0558087243067689 0.0284133145483073
-0.0834994515308362 0.0613930663138345 -0.0719059156160745 -0.0163393286286039
-0.117551917218581 -0.0216309220941253 -0.051691495742645 -0.0619099281732612
-0.0872738724889264 -0.10912020943357 0.00702473697957671 -0.0651906295829896
0.021973114648771 -0.136483752084452 0.0323457120702385 -0.0252184237859671
0.109519970721338 -0.110477641846191 -0.0513873966656954 0.0301583592932375
0.107053062893926 -0.0424506500935202 -0.0720791165629293 0.099652845969042
0.103964253635483 -0.0950177321729658 -0.150413486862073 0.0671157574259584
0.0172495194705572 -0.152466516527297 -0.138441023763396 0.121436459528878
-0.0778383239676833 -0.11448368447926 -0.0509531746896264 0.149572865927669
-0.115697078598812 -0.00757993593857352 0.0315324899445783 0.105406705811536
-0.0718873947638725 0.0547623800477496 0.0261742106687307 0.0525577069518866
-0.0352378323855338 0.0753462248638065 0.00599929221480754 0.0452827652952708
-0.0143001692968943 0.0860500009717893 -0.00867644886722396 0.0546746642616507
-0.0109909946513626 0.0924706464151302 -0.0344798764220864 0.0661240133099713
-0.0360149092268373 0.0739978507291396 -0.0668931051961139 0.0557291118786824
-0.0732918220493437 0.0545429350297583 -0.0890029500285836 0.00304391204328092
-0.101239027475481 -0.0240477452477244 -0.0667166269179561 -0.0501291046734869
-0.0654107149721983 -0.102516921403869 -0.00713699376373075 -0.0606449961319298
0.0386889302928499 -0.113016945042409 0.0229905948671007 -0.0102430228515904
0.105246782720523 -0.0651011667245181 -0.0792554419437811 0.056832177508353
0.063438896369215 0.0117589907233848 -0.0891207689448175 0.109656851747619
0.0800918325139724 -0.0368952725902462 -0.142914041380573 0.0741174847715914
0.0275436036689816 -0.0915885320575551 -0.130869027414954 0.0951624845892024
-0.0396329766671205 -0.0786168406484415 -0.0670731020481693 0.12274087209362
-0.0724295541490172 -0.0100013464968347 -0.00161951889730736 0.101432057346785
-0.0464461295612821 0.0346339933800584 0.00247979423534044 0.0698368147303626
-0.0212138146715755 0.0482664512300308 -0.00568121928082737 0.0702010359393962
-0.00850978487938521 0.0565544576567594 -0.0121015571925869 0.0800567958672255
-0.0065189750130119 0.064307757067372 -0.0400973502558197 0.0917931698614424
-0.0267370650130155 0.0556567373966286 -0.0780693354425621 0.0746950224247856
-0.0564918182950386 0.0410527530221495 -0.105175795391316 0.0151459308190987
-0.0750882527559752 -0.0243523668526172 -0.0802631126917871 -0.0451219409557355
-0.037437569715294 -0.0845118006375259 -0.0188068937808104 -0.0621660961603094
0.0503572495151328 -0.0760959788535148 0.0134180198206923 -0.00242464660579336
0.0864989688904638 -0.0110670343744301 -0.104624858505238 0.0708984575497594
-0.0446611463362595 -0.0293712073349177 0.119316683259975 -0.0866310185691647
-0.0398442935679371 0.0342110718029083 -0.000488303212962954 -0.0183360247187763
0.00170212542063911 0.0508419089043414 0.0237854340684036 0.0770651227786412
0.0395779260953317 0.0156200019426592 0.0990005080392647 0.0577128467564106
0.0263939147756989 -0.0221501950877945 0.131999749303857 -0.0162690668825404
0.00212216509851261 -0.0197278343315718 0.106104918333167 -0.0870898316041088
0.00275897664129011 -0.0149211898186298 0.0487634659446204 -0.115041447659305
0.00675025511862035 -0.0149289947685094 0.00856657937372774 -0.105650235848632
0.00526084089901657 -0.0108110798293347 0.00451743636262967 -0.0871745714188561
0.0075437192679292 -0.00436485425159697 0.007205617040847 -0.0875450905379721
0.0104484301072634 0.00990751835714093 0.014519438492354 -0.10198860627818
-0.00230413485513898 0.0303420489126534 0.055355301790178 -0.10698582313667
-0.0439666986039295 0.0213645727166406 0.105677160639885 -0.0856314873849763
-0.0501687358667141 -0.0269519738975905 0.105356528440193 -0.0893731649166294
-0.0266533414550174 -0.0669593734349368 0.0760773847840864 -0.125208174964701
-0.00168390751358687 -0.0822404257190145 0.11577334607466 -0.0677997726977468
-0.0309349551060409 -0.0295836287490304 -0.0150791941109726 -0.00548758124945321
-0.0317526832493897 -0.0025771190247623 0.0151410797703902 0.107218310669516
-0.0110668042504629 0.00125173568432848 0.108005077337961 0.0852092515726092
-0.0116217516834951 0.00120444788347897 0.151294380740115 -0.00659703997850169
-0.0151047611088646 0.0115052405038711 0.115157198905057 -0.0863467137404418
-0.00623032297746567 0.0225130730587479 0.0534651592817047 -0.114532679132767
0.000113930585245607 0.0274442264485277 0.00920000589115514 -0.103800596874312
-0.00651519665196602 0.0311777727550846 0.00138397138051864 -0.0851007098053608
-0.0202762749443663 0.0229304991455607 -0.000372621774677929 -0.0816588149002201
-0.0343517263790711 0.0183145526646208 0.00427375942884474 -0.0966562237549164
-0.0479606351418841 -0.00177101285523321 0.0382476862049037 -0.10638074070307
-0.0606157487598421 -0.0375522362016686 0.0880800860301227 -0.085693782178639
-0.0252243355301422 -0.0812464163005286 0.08628558074138 -0.0889647960918524
0.0224674025848358 -0.114062285695499 0.0620040421536768 -0.112774826042163
0.0473974123486201 -0.121478738313 0.0964777419429382 -0.0379075547297667
-0.00627329815961163 -0.0945559174034655 -0.0426761484455891 0.0128942121011177
-0.0582991404641546 -0.0681251106084623 -0.00963787415447499 0.141123371980838
-0.0659279185502691 -0.0253029413409062 0.103165158223496 0.12357920684417
-0.0582426154934077 0.0206082017130092 0.162152177876306 0.0161784730936502
-0.0369958277351602 0.0422963619265815 0.11852280405859 -0.0720156287439828
-0.0172926950101095 0.0577255758230248 0.0538520083060605 -0.0982434821147064
-0.00521086175025751 0.0655415286156062 0.00809912655062191 -0.0865994388744221
-0.0127174445381035 0.0696715927875551 -0.00581539885975599 -0.0680328897856455
-0.038082431868828 0.0503889244563146 -0.015262415633913 -0.0630971956290133
-0.0671904167523196 0.0353021707924815 -0.0167765212260702 -0.0846462076562439
-0.0894535961758518 -0.0162065445160437 0.0114894532432401 -0.104558458175787
-0.0838857006592258 -0.0773775856159935 0.0656970920536687 -0.0876318162519161
-0.0132337240382554 -0.122906085034712 0.0663042352906181 -0.0816408563371383
0.0599984893020382 -0.146090633542243 0.036067223082216 -0.0850933332821698
0.0924540910015729 -0.139394766162913 0.0615805838918434 0.00164694569446589
0.0303630251701564 -0.144906105951245 -0.0777061914817784 0.0343781373445596
-0.0669731840087952 -0.133789125093901 -0.0476103662033314 0.167269064497863
-0.111339727272889 -0.0620895527348351 0.0791481962129742 0.15991139753286
-0.104435988949011 0.0292354625694571 0.155699435614138 0.0483695104140835
-0.0601687087716353 0.0658077924324932 0.111474970020241 -0.0447359508240349
-0.0288197592755516 0.085054005328089 0.0486957393469329 -0.068805685285257
-0.00935647820871392 0.094467771004772 0.00548148928331461 -0.0563484238785927
-0.0137135123714318 0.0984374537004771 -0.0144684915003309 -0.0388105127122044
-0.044671919251741 0.0727165593294576 -0.0314827748970426 -0.0343948062075709
-0.0830511007497317 0.0534185150857616 -0.0400728154356784 -0.0639638555978421
-0.116804541082549 -0.0165554613495288 -0.0163620034888087 -0.0949554017750317
-0.102171665017224 -0.0970765649405931 0.0418805237855177 -0.0857761269517418
-0.00807431603695054 -0.145855252382859 0.0511462487765581 -0.0674587050473833
0.0842960679171368 -0.159646944795417 0.0065386061142888 -0.0471246570774097
0.123152719814617 -0.131493199513545 0.0147146151340424 0.0428520093221959
0.0712223455835549 -0.164451339086938 -0.113547604222321 0.0529695242651145
-0.0503179298588873 -0.179803788631839 -0.0904597250851945 0.1741062797016
-0.130242957028599 -0.100293735394814 0.0371004726476507 0.181525276440705
-0.137107287964585 0.0232932919964432 0.127687714401509 0.079979886115179
-0.0785782708263691 0.0768690114114028 0.0915452267038618 -0.00962365960693017
-0.0372582845517989 0.0981118748777502 0.0376403403481387 -0.0307201664088508
-0.0116198719367532 0.108836658928327 0.00112148299733042 -0.0184972491947605
-0.0121703296336407 0.112474005694447 -0.022179584446362 -0.00179418585465591
-0.0442426112117081 0.0852599059087952 -0.0455179346998802 -0.000767495730200532
-0.0868038476014065 0.0648990365775183 -0.0604276142845786 -0.0389227411214747
-0.126885645555359 -0.0149249510699782 -0.0397621620892882 -0.0789432547429683
-0.105957169134065 -0.105513391818971 0.0213377200981203 -0.0790050124306594
0.0010260022920333 -0.151215564270371 0.040589258373051 -0.048398986670794
0.100329884658606 -0.149647328862125 -0.0223613086800584 -0.00499869571071013
0.128660257249718 -0.0990552466645866 -0.0328261675760316 0.078520683195677
0.0997704635928386 -0.147404454408536 -0.140726976154058 0.0662668364244919
-0.0181202988104713 -0.18864045357868 -0.123258596255349 0.159707866521763
-0.118234095768324 -0.121948759742366 -0.00989890464142731 0.177790502080263
-0.142380241811257 0.00956244825357679 0.0839615939910215 0.100556531632618
-0.0829192256936857 0.0736388072084905 0.0614005675027424 0.0245494997386834
-0.0390001714060127 0.095981328336633 0.0227390043115352 0.00990536090868425
-0.0123625632390124 0.10631425826154 -0.00330836525842942 0.0213423958058525
-0.009309353716012 0.111415095566283 -0.0278065057980397 0.0356908752532464
-0.0398277325566144 0.0869148570447596 -0.0571077161340371 0.0322755764310246
-0.082379212283561 0.0666727560080474 -0.0773496476764951 -0.013803500530869
-0.121600794274899 -0.0168648270719784 -0.0578204775037206 -0.0620731267711698
-0.0942998719320845 -0.107301269718538 0.00408796854511749 -0.069888525603962
0.016478120756537 -0.140567523935632 0.0321952415485739 -0.0288769610078868
0.107618211431782 -0.118378338468078 -0.0505693802272171 0.0331624137945756
0.107411995095748 -0.0493709044197348 -0.0714093495585556 0.103104841122629
0.103134303094904 -0.102231208680578 -0.153082760212616 0.0754771449640133
0.00939822194727096 -0.156011942194989 -0.137671117986885 0.131445996449438
-0.0859341373672447 -0.114654177404805 -0.0462613131999908 0.156257423629182
-0.118276967436973 -0.00140901206247684 0.0381197162042227 0.106110279750719
-0.0707206884490068 0.0594303532085841 0.0296289170399659 0.0527385451950302
-0.0322954393117536 0.0788234901835157 0.00784893801774558 0.0458685292082151
-0.00973454648618897 0.0887714653427188 -0.00680347661643242 0.0566305205183005
-0.00592219831082046 0.094530950434271 -0.0327239891875324 0.0697376071476662
-0.0332373125165886 0.0767875936480061 -0.0668251267679456 0.0601960160184929
-0.0716307447268069 0.0586474232860823 -0.0931905027886596 0.0075283234164116
-0.104870177143392 -0.0198822083130335 -0.072404398121954 -0.0493073301992993
-0.0719446179891966 -0.101062322116185 -0.00990130980947655 -0.0639741876993828
0.033661614551684 -0.11677231575822 0.0230617414322447 -0.0134704361419422
0.104336519029261 -0.0722733300539029 -0.078038152544793 0.0618720395467425
0.065543842806801 0.00809583890368718 -0.0883169142502548 0.114263291330153
0.0804478830215191 -0.0413114127580887 -0.145140064082309 0.0813401773883909
0.0226563207389068 -0.0947544206143989 -0.131082423651974 0.104296054516907
-0.045061986370914 -0.0784135006883616 -0.0630729490090932 0.12957500655743
-0.0743287023508107 -0.00582509796417842 0.00352347568883909 0.104009041436174
-0.0448622604236612 0.0383466341382794 0.00587474627029317 0.0712954761066578
-0.0184630775710994 0.0498440744967605 -0.00244044139021808 0.07237075360347
-0.00488710223339398 0.0581475022494942 -0.00825148104906863 0.0820118410734431
-0.00237813277149988 0.0651749294843265 -0.0367090901752848 0.0961793570410185
-0.0241730673248069 0.0585606815448868 -0.0762876261536577 0.0806939859485809
-0.0547102000116328 0.0443554067601853 -0.108631308858689 0.0209083207281326
-0.0778541538060739 -0.0210010589746419 -0.0855705772125281 -0.0435887146433547
-0.0427832440556379 -0.0835330820648943 -0.0220141250082216 -0.064754864745114
0.0466972392009924 -0.0800697117653547 0.013539767782624 -0.00526595165716878
0.0883509420694403 -0.0161452015933188 -0.104038246840278 0.0771804022288575
-0.0540529516661311 -0.0134545683520643 0.0870538551156331 -0.123991543677569
-0.0253042495422377 0.0467987039200518 -0.00786052002545534 -0.0186780121023147
0.0213801283967924 0.0470244491473638 0.0455457874410437 0.0669843855900799
0.0432336737807575 -0.000305818406600496 0.114993949034142 0.0252051755867747
0.0165658080704551 -0.0307997482435059 0.123365980038562 -0.0588434054220785
-0.00365327108874993 -0.0191329909818226 0.072514914118372 -0.120556492336357
-0.00213405528981606 -0.0159942093627743 0.00560366326085196 -0.126402965084558
0.000661028628371699 -0.0159853398442839 -0.0287137302385169 -0.102292851834417
0.00144980882507597 -0.0114260728537234 -0.024922804143603 -0.08493491352215
0.00436314843816612 -0.00542330002921176 -0.0230204375504488 -0.0861877277292593
0.0123509427532698 0.00594016278616087 -0.0221465511772642 -0.101445180395292
0.00798253966403991 0.0285790055491381 0.0172188972568987 -0.121872556717133
-0.0339228734579106 0.0344678197494674 0.07482390754531 -0.11867742002879
-0.0572342875109227 -0.00789775818342188 0.0749564925227271 -0.118225789090013
-0.0471059863090008 -0.0545921122920587 0.0352274114040541 -0.140364290973739
-0.0306484292476056 -0.0805463960670725 0.0906584640167901 -0.102193980878788
-0.0394021172312779 -0.0177056753894446 -0.0148388270257877 0.000713558475784519
-0.0295988412008581 0.00844906716042533 0.0514866778949022 0.0973722444677558
-0.0100813296522614 0.00427084474626322 0.134567654546769 0.0461475226903678
-0.0108500502753492 0.00442723887051927 0.144259135214213 -0.0585489412477892
-0.00982405310867402 0.0158079213971521 0.0800635008274016 -0.123827439995
0.00185284656511083 0.0240699592900255 0.00994119995472236 -0.128665484934267
0.00906341111247205 0.0254740848532173 -0.0293266211810076 -0.100671843277449
0.00461778591287656 0.0327754738598798 -0.0284956097478674 -0.0824230616816258
-0.0128796419114009 0.0298087179417234 -0.0282113736417963 -0.0788020690790929
-0.0274312077551423 0.02952551914268 -0.030181513521829 -0.0940503090417611
-0.0473608533568021 0.0130477838488265 0.00152228823585147 -0.114889773609807
-0.0698780268034123 -0.0165031721773784 0.057900306983639 -0.112026736148431
-0.0512757706033211 -0.069199697859359 0.0547631975882934 -0.111888719737943
-0.0148011026731161 -0.116416333452974 0.0229426507678362 -0.12416282299327
0.00339617838423424 -0.136469583421371 0.082241266587291 -0.0640694765426534
-0.0393424920079263 -0.0888776661608212 -0.0331218248935707 0.0306038766316384
-0.078296295748528 -0.0445724490458815 0.043663531899598 0.138598502898034
-0.0720006011945878 -0.000656093595010477 0.14485944281255 0.0819300287808727
-0.0483165389350012 0.0393782208702744 0.162061927697827 -0.0427515521905001
-0.0205411736855113 0.0521538693142898 0.0873903272161722 -0.112264591051093
0.00272941983922084 0.0623224950219928 0.0156455863465278 -0.114459172657364
0.0167727842697867 0.0637084773701969 -0.0252766209599883 -0.0844118302318246
0.0115293805819684 0.0712836165689861 -0.0304258815463334 -0.0630382251428454
-0.0208190405230408 0.0618124261927922 -0.0368761306960418 -0.0562194363662246
-0.0524939802761304 0.0561128437688297 -0.0464379763462641 -0.0763651276367924
-0.0922995868369463 0.0137011654497517 -0.0227416451401164 -0.104085853352397
-0.105662548506065 -0.0466893317884355 0.0349717756249168 -0.106271529908915
-0.0537323981427855 -0.113286736743966 0.0369473370411543 -0.0986558248173042
0.011225186218992 -0.160736972646885 0.00510633147910248 -0.0903370878008308
0.0408912096478406 -0.170217831515576 0.0606925447322874 -0.0127546177702059
-0.0223358702824576 -0.150273512100911 -0.0585855183691358 0.065864341686336
-0.110519579730861 -0.103461058060304 0.0195934802254653 0.177056788963172
-0.128572918841217 -0.0184098509035635 0.136297401951711 0.123257543468284
-0.0888836692603977 0.0639699046708174 0.16711802837146 -0.0117593539388033
-0.034728229714547 0.0827170798492642 0.0893788534945582 -0.084623972275092
0.00094183704420826 0.0924954913828549 0.021360513171422 -0.0860310101308903
0.0229723065609123 0.0919293385322778 -0.0180841242523581 -0.0553698697864726
0.0204497125819344 0.0985719515733354 -0.0292013271997892 -0.0317172603300854
-0.0191674461392251 0.0851506461101292 -0.0430524631067929 -0.0240281759139394
-0.0614791422698942 0.0793303881306595 -0.0616302068606376 -0.0490798781268738
-0.118482114898299 0.0226973708475854 -0.0466642033556365 -0.0855945305015745
-0.130623489141887 -0.0592908078971494 0.0126272837229062 -0.0958621296105974
-0.0571121588474938 -0.137136731363859 0.0260473316246921 -0.0804136024755064
0.030739834951189 -0.182495724813126 -0.0124500615581172 -0.0457974420918088
0.0740376794393843 -0.173286086510543 0.027811599883194 0.0433407835692972
0.00948883237144933 -0.184264426101418 -0.0879433253807068 0.0983091225417968
-0.11195733538955 -0.153331043246582 -0.0168370517089803 0.200522020895614
-0.161470774359808 -0.0471118471169747 0.105187095599277 0.157961354746596
-0.121470521481643 0.0704451328113656 0.151505963088505 0.0263467692322815
-0.0478045823636682 0.099640714123418 0.0818948910575986 -0.0453043792187069
-0.00272737528886308 0.107962387967976 0.0242197734747979 -0.0456872136117894
0.0257182579226164 0.10638244504889 -0.00870356459799859 -0.0177923072511865
0.0269584565418875 0.111161273227445 -0.0235981246973662 0.00577363411870814
-0.0141787649456295 0.0967307341970442 -0.0454186910813791 0.0130006297449558
-0.0610629300134803 0.091198563588506 -0.0727819935217533 -0.0180803921873697
-0.127441231133908 0.0279708579365476 -0.0637638850990794 -0.0629864491290495
-0.136632604139198 -0.0656497434046484 -0.00517614288805947 -0.0823943737368447
-0.0501343309486881 -0.144832930491979 0.0215787542397694 -0.0593875837897365
0.0493582408620376 -0.177754990435231 -0.0275387867635778 0.00291090791008987
0.091191498190176 -0.143267902588133 -0.00772881304349118 0.0927085312054753
0.0434614905185539 -0.178437045392353 -0.111413692175342 0.120866550240383
-0.0850107451631573 -0.172827159456538 -0.0545966151426331 0.198976558219999
-0.158933050013885 -0.0714071763578879 0.0601229005777814 0.171731043252913
-0.131044407118223 0.0597632123939881 0.116382127301416 0.0608687804044844
-0.0529459278652159 0.0987976985836757 0.0653201422974343 -0.00180111371408183
-0.00468209469909463 0.106881255965854 0.024966860868606 -0.00175005520021661
0.0245902207171403 0.104629278669649 0.00149113490971387 0.0207565984099802
0.0296032767129752 0.108436001238313 -0.0161615794968268 0.0439257657624466
-0.00866771404563779 0.096132815384533 -0.045270115642466 0.0481296655054568
-0.0558042466696328 0.0904599336350368 -0.0802558684174593 0.0114453389625934
-0.122612756993065 0.0246757869358318 -0.0753251809315222 -0.0408446040098808
-0.126279979688799 -0.0704170610324749 -0.0188241220987999 -0.0681082834376248
-0.031765965331161 -0.140113987641758 0.0191019804670363 -0.0388755204346659
0.066505567026013 -0.150688464644972 -0.041775159512593 0.0468033175589334
0.0878568704061087 -0.0867890681562479 -0.0379617466453349 0.126973350432614
0.0629669760394755 -0.135501327943414 -0.123062725763024 0.131552703041639
-0.0470845587056378 -0.15155706139503 -0.0800913242736097 0.177957300044652
-0.124725868357894 -0.0759466306924155 0.0164697072697903 0.164901932184261
-0.112606396118874 0.04169030924219 0.0747286938309573 0.0831644807992997
-0.0456180022003018 0.0815996046594595 0.044785454945994 0.0365083539032185
-0.00336601949230477 0.0875657199327003 0.0237621297864794 0.038618163788356
0.0211802202556571 0.0868888052036278 0.0113646255671478 0.055153211892363
0.0270743270865819 0.0906978840219241 -0.00862026683958275 0.0774877863339974
-0.00521699616728784 0.0848965173893942 -0.044610311725315 0.0787207520484023
-0.0478388248703766 0.0796664782339983 -0.0877438679158242 0.0371070601861491
-0.106881790545956 0.0161118225981441 -0.0852542551891889 -0.0238148788852091
-0.102637519300482 -0.0716183364075682 -0.0310717147496547 -0.0579578416925753
-0.00745614033769641 -0.12305283218063 0.0153963720610641 -0.0210426036791067
0.0786246178991908 -0.105339429403571 -0.058419794310269 0.0820282402473554
0.0673415836598867 -0.0152273246726276 -0.052054568439508 0.140395766595371
0.0626743821188161 -0.0685112467924109 -0.115686894499177 0.131395425945528
-0.0126827247976809 -0.0968055812766506 -0.0867540429750611 0.148903735956124
-0.0727372598775109 -0.0559333605355464 -0.0116246581613897 0.146653793992334
-0.0717302942809509 0.0227095666947883 0.0405628786121952 0.0946829446751192
-0.0282191693735395 0.0525914495257664 0.0296614053428994 0.0636786339429831
-0.000136683036502746 0.0547405318319852 0.0236299492646523 0.0678349116267384
0.0155868953378647 0.0564082382416897 0.0198430858715874 0.079737673772742
0.0206095830448868 0.0615874032778168 -0.00274933848060748 0.103549035179007
-0.00224898962038609 0.063633139496749 -0.0465668204205467 0.102109052129525
-0.036276085329343 0.0606266499860731 -0.0975980044114772 0.0556397343259022
-0.0818023378871973 0.00612540317770715 -0.09588832140049 -0.0139264146867446
-0.0687732808975888 -0.0643343673252199 -0.0431390830176434 -0.0544925047819508
0.0170764533464429 -0.0921971439390167 0.0088732120454509 -0.0103286443440394
0.0805969464698666 -0.0459663458879238 -0.0761641845597917 0.104244495909984
-0.0546203112113986 -0.0117568051427363 0.0865505743415431 -0.128112160754144
-0.023997820621885 0.0477986119538799 -0.00930805482917041 -0.0177252636918546
0.0237733740086789 0.0464010021307516 0.0482573283624701 0.0695557076323809
0.043435064055222 -0.00258700885955613 0.119376661470106 0.0242532203709927
0.0142464172926831 -0.0313499264582436 0.12670162015399 -0.063795538788873
-0.00476982965341084 -0.0192814590757604 0.0720624606652662 -0.126853173269589
-0.00308616093951158 -0.0154845356620901 0.00291897172575911 -0.129209203282429
-0.000404424407282091 -0.0159271179163996 -0.0311617861066892 -0.102919767716862
0.000925319224176517 -0.011020575919594 -0.0279518968374616 -0.087490214916506
0.00418722698716384 -0.00508470370944955 -0.0264432974255276 -0.0884764724800932
0.0123215716542339 0.00576625162061289 -0.0254355118771795 -0.102844266564364
0.00793346555944221 0.0281577545799175 0.0146469681674805 -0.125235744658619
-0.032908801018577 0.0356816452048636 0.0754545267928136 -0.12509618141323
-0.0576435695636248 -0.00684195740061291 0.0770231853767608 -0.122147308280717
-0.0491894043001521 -0.0536670483126918 0.0366140475651303 -0.14354219099231
-0.0318474216114256 -0.0812716504217152 0.0905907840870396 -0.105704743588177
-0.0394394875672548 -0.017932417526105 -0.0161307638027588 0.00207073350054813
-0.0295299839896989 0.00807092209270923 0.0542325638469847 0.100384571729249
-0.0112275306950597 0.00306141842328948 0.139320988879475 0.0448683016193328
-0.0130036612985137 0.00466743035675212 0.147538916500917 -0.0640114343787975
-0.0102896205114721 0.0174735355731044 0.0797852499411606 -0.12991620257281
0.0019898376366989 0.0255593105304054 0.00692435614236631 -0.131582944285027
0.00938417550346559 0.0264118187286275 -0.0323043215094609 -0.101286578040304
0.00512470734412316 0.0341019737857916 -0.0319386541018394 -0.0841470483229618
-0.0139390678879235 0.0317363300978082 -0.0322503135590159 -0.0801269249127803
-0.028600011093367 0.031255869276131 -0.0341185239469125 -0.0955155375460365
-0.0496136376697258 0.0128338532241804 -0.00190884374996077 -0.118177926738954
-0.0712041854805373 -0.0163393620498375 0.0574444607607768 -0.118117029865334
-0.0528694873131537 -0.0702478203583689 0.0562583582870513 -0.115430746227422
-0.0168064450791401 -0.118065152333509 0.0240849390549134 -0.127492688566468
0.00195419715620823 -0.139462310299834 0.0815179795800871 -0.0673453216301008
-0.0406384185943773 -0.0908277884869789 -0.0337486670844344 0.0332052514944242
-0.080388316751921 -0.0448471078652938 0.0476390120382204 0.142755763152712
-0.0752276207706966 -0.000659395768633225 0.150709233812194 0.0818515239314966
-0.0502746274720401 0.0407758855423702 0.165745745229642 -0.0481790621768162
-0.0210060223044505 0.0546451474203647 0.0868969394530214 -0.117203639236198
0.0036247860813778 0.0645457630744802 0.0125316591218119 -0.116914884980513
0.0188601869174706 0.0652815346699946 -0.0285605084907379 -0.084694374253474
0.0136073830663899 0.0733088143588907 -0.0333081152538142 -0.0636178891404374
-0.0215048768575529 0.0648655146704543 -0.0402892263461628 -0.0568875380346174
-0.0536333471504256 0.059363477174369 -0.0511563562589548 -0.0766986437809179
-0.0955340095936229 0.0143678113524697 -0.0273103071803493 -0.106980236888299
-0.108609604281983 -0.0465147702657918 0.0342598524895493 -0.1120511809341
-0.055990081679619 -0.115461714681026 0.0377473322242778 -0.102351734213606
0.0090325101302452 -0.164947983337174 0.00521753789883657 -0.0926452386056223
0.0393986895913795 -0.175342464150801 0.0595577729435233 -0.0139444121872271
-0.0240437195854441 -0.15405490764682 -0.0598501140885157 0.0699541422238534
-0.114382479882128 -0.103723852659229 0.0236833326697703 0.182521447907601
-0.133508518417668 -0.0177016332789405 0.142726997381133 0.124694025107639
-0.0907669528509541 0.0674361592061205 0.171352240340292 -0.0168832891042155
-0.0346899214426954 0.0861281221031984 0.0893364887976396 -0.0890209825423501
0.00230895704834345 0.0952683375033365 0.0192458591671393 -0.0878245889572978
0.0257469339493696 0.0943697125481581 -0.0208917067580991 -0.0547913601176586
0.0237431932778274 0.100564453973635 -0.0315054395537115 -0.0312500731498276
-0.0188912557525446 0.0889546594292995 -0.0462901175774348 -0.0229568793513779
-0.0620173173721657 0.0826958562529762 -0.066799759688356 -0.0485808313561058
-0.122581434001548 0.0248078584953929 -0.0512854681960037 -0.0870909780325716
-0.134713183649256 -0.0585274925149099 0.0104171376968344 -0.101344948772743
-0.0605313081988456 -0.140196021028955 0.0255608009179645 -0.0838768956251151
0.0288304750488943 -0.187985235712508 -0.0123013015929588 -0.0467995281956933
0.0726220919880595 -0.178988695677721 0.0262864866535677 0.0431636155042036
0.0076811274989294 -0.189734119897535 -0.0890885780838216 0.103763199642917
-0.11711317378806 -0.154120890394044 -0.0134367751213035 0.206649333154176
-0.167485381826631 -0.0464454877704882 0.110582708051833 0.160738525574399
-0.123484314565621 0.0750565596058885 0.15582284969311 0.0224424782130488
-0.0477558678335867 0.103735645872649 0.082675855215123 -0.0478916266826793
-0.000590503489817615 0.111550118104196 0.0235084815601758 -0.0464126202854823
0.0289945423380434 0.108893889307242 -0.0103965890029509 -0.0171257803219057
0.031097516692845 0.113026585606607 -0.0250646865264599 0.00694315748872166
-0.0130957018024131 0.0997745231301532 -0.0473138008850674 0.0151982099921471
-0.0605501302836533 0.0946677664859774 -0.0778976921616548 -0.0160956384004082
-0.131260284872474 0.0305734099812359 -0.0687361113593557 -0.0633786780546291
-0.141523808472441 -0.0644449461695431 -0.00824862466035525 -0.0873073681361953
-0.0537415046653803 -0.148058902890163 0.0209287544547423 -0.0625871281297302
0.0477996125310096 -0.184206827226014 -0.0269426054015031 0.00312607866803525
0.0906874012649918 -0.148960713355809 -0.00894522378012787 0.0941728543145745
0.0428656854049186 -0.184076391867191 -0.113847060675538 0.126264711890048
-0.0903844719258973 -0.174929001480287 -0.0523673022556075 0.206727391936866
-0.1649200042819 -0.0711709521756105 0.0643533340187442 0.175914724130836
-0.13341011002818 0.0648443832898674 0.121102146952747 0.0588125582734061
-0.0518121367744732 0.102718433047346 0.0666241179776962 -0.0031749698355602
-0.00251052474751766 0.1094669921864 0.0249803603839628 -0.00174575341576981
0.0283737811083425 0.1068546856159 0.00121803395944972 0.0216124379762186
0.0335849328054183 0.109857988992572 -0.0160904656470681 0.0456448120043625
-0.00739645083715095 0.0988740328638681 -0.0458810534372792 0.0514677470039997
-0.0547920745306977 0.0938557898920308 -0.0847594854072599 0.0149571487901635
-0.125792375738123 0.0272693830734241 -0.0800546562450569 -0.0405918980819077
-0.13069710884315 -0.0692106293673495 -0.0224744058242976 -0.0722990455566497
-0.0358297078049142 -0.142905833496475 0.0183113176502089 -0.0415177875649635
0.0655423174198681 -0.156948939651545 -0.0414454371124496 0.0487328558190935
0.0880958431684596 -0.091441021080091 -0.0397633482766644 0.129813576582371
0.0624560189543529 -0.14053524597112 -0.125889920178528 0.137700884987281
-0.0513056748668387 -0.153494088181236 -0.0788744706369969 0.184781330005059
-0.130559451702754 -0.0748581453849821 0.0199535463703113 0.169973341408985
-0.114500404081873 0.0460765968369967 0.0783207966428509 0.0828263748750224
-0.0443211951984009 0.0847324308244353 0.0460655226268937 0.036800571661725
-0.00223173227115078 0.0895332068868601 0.0250396724217945 0.039288363877357
0.0245209500326187 0.0882385577252834 0.0125911368992659 0.0562091935653411
0.0304133192930985 0.0912027082925892 -0.00723952283325056 0.0798476291493947
-0.00308572210472106 0.0866710579845787 -0.0446373196158331 0.0827497442220906
-0.0465936551210177 0.0822439932609853 -0.0912731671586099 0.0411850417781914
-0.109729112744288 0.0188295860608037 -0.0896189773138935 -0.0232060861037737
-0.106137428944988 -0.0701656971899245 -0.0340742474020641 -0.0611933367746417
-0.01082759220103 -0.125548510533751 0.0142499138587856 -0.0233241217732827
0.0786277224056329 -0.110479801945629 -0.0576870863793624 0.0851839574910487
0.0678587283730706 -0.0177126146466542 -0.0538689949667301 0.144087655405337
0.0624511410109632 -0.0722782785076936 -0.118890180465179 0.137100399489096
-0.0156526557583449 -0.0981319952558538 -0.0865826517449282 0.155464369473805
-0.0762949645925546 -0.0551532160798518 -0.0092445875725508 0.152473388450017
-0.0721922964770202 0.025534925753397 0.0439772145086533 0.0962314746256694
-0.0263860448721642 0.0544520703101549 0.0318191680546303 0.0650118864576958
0.00147912804205097 0.0554046309440245 0.0257307956082736 0.0688907255861031
0.017816630256838 0.0565259771654004 0.0217076105839737 0.080695513540201
0.0233170851853688 0.0613130901096399 -0.000381176848250207 0.105783080645293
-3.01650351309845E-05 0.0646794023456585 -0.0458575994797474 0.106251746726799
-0.0350416731538177 0.0625071880426755 -0.100155306121015 0.0601748677285228
-0.0837013607527202 0.0085683121618135 -0.100346295040968 -0.0127095922951083
-0.071451238929729 -0.0630023598981676 -0.0462880169979149 -0.0573795691161149
0.0145998171224107 -0.094005148613359 0.00834798002202027 -0.0124775999620238
0.0812527838706481 -0.0495380922285026 -0.0760866653302931 0.108518563900089
-0.0564286784638322 -0.0107302750322607 0.087273703383962 -0.134822721513516
-0.0227947110426856 0.0499413881246391 -0.0102421969256124 -0.0169129142412352
0.0254956003750049 0.0462709184265173 0.0520294324609376 0.0734489559782557
0.0439358396632441 -0.00469516518332483 0.126513738078016 0.0231791883272632
0.0122450463974773 -0.0320315232374271 0.132234778079486 -0.0702821328063038
-0.00580724474521421 -0.0191128482044114 0.0723093772110586 -0.134769720278619
-0.0033239832547642 -0.0153537075990609 0.000254267537243759 -0.134650162480606
-0.00190199946449182 -0.0160147128051626 -0.0346224791194352 -0.10543307294768
0.000264007852482847 -0.0107195609028306 -0.0318471909373533 -0.0907659756499509
0.00359456208162852 -0.00476833544565501 -0.03038002277195 -0.0914358239457427
0.0117419491406976 0.00583972750983867 -0.0299421271779543 -0.106383736804468
0.00819086857632973 0.0274918735537224 0.0120354376753938 -0.131707161604616
-0.0324494009039501 0.0373197344506069 0.076819320180612 -0.133744474224461
-0.05896310530856 -0.0064189711426643 0.0803734331895533 -0.128779164613729
-0.0519317835893602 -0.0539193157197161 0.0384659544958036 -0.149619394033091
-0.0339036811616187 -0.0833618533822456 0.0914731569538365 -0.111520551895216
-0.0403374879104223 -0.0187471407406606 -0.0168497295792377 0.00419405942863774
-0.0299198356916416 0.00710214610724913 0.0591795095796724 0.10522995118884
-0.0129379091611917 0.00207467234789228 0.147370880528876 0.0442682628280289
-0.0149998603731409 0.005810422537612 0.153072525950503 -0.0711631207534891
-0.0116008526926683 0.0191481867770301 0.0805115266066906 -0.13770119672962
0.00185895730851963 0.0277473906781187 0.00379460789517036 -0.136473246041146
0.00999432227914022 0.0282212975123215 -0.0368641393053726 -0.10300664183609
0.00628410525195619 0.0363026346380104 -0.0359867423277397 -0.0871252129570763
-0.0146203131012034 0.0344324531451592 -0.037088009886547 -0.0829572225107492
-0.030273343191111 0.0330303669493661 -0.0394167878661964 -0.0982159116379148
-0.0521797712106166 0.0129456244471913 -0.00573890201483986 -0.123757708235894
-0.0738568168060097 -0.0159303643709576 0.0577069974685292 -0.12725429949762
-0.0556833554327656 -0.0724869928387072 0.0585408514499633 -0.122251208140772
-0.0196512158619644 -0.122365251138053 0.0248790980872192 -0.132980525893887
-0.000534567458732172 -0.145123940485648 0.082202177706318 -0.0707965292336573
-0.0430277249130709 -0.0948279120461951 -0.0349040977791581 0.0369746620763278
-0.0839173719653567 -0.0458710452291685 0.0524726530476793 0.149124215793095
-0.0792092453450214 -0.000331262520844332 0.159533833506586 0.0828765776855757
-0.052855778859934 0.044153220287417 0.172313305343528 -0.0551405479919044
-0.0217558526412782 0.057848348488617 0.0878928063296705 -0.125164467732326
0.00448877968180578 0.0683152547910942 0.0104249912989373 -0.121566053239791
0.0211242334368573 0.0683185634898538 -0.0324588930023665 -0.0856802465765367
0.0159790366528922 0.076700142433827 -0.0374767380006032 -0.0651564297951573
-0.0217058887344374 0.0689925373541794 -0.0450532669348041 -0.0575834314939371
-0.0556517808721621 0.0632145615455829 -0.0573682660220598 -0.0775530029748133
-0.101071761418913 0.0162421079956713 -0.0327674126021556 -0.110940135374679
-0.113870777296055 -0.0464649947046803 0.0326712925535063 -0.120926082356073
-0.0596091956045867 -0.120065755285032 0.038845822086931 -0.108474187521881
0.00638732009565119 -0.171667849442421 0.00609784905606581 -0.0967097890215214
0.0377445646302514 -0.183053214728144 0.0598726208082499 -0.0152888860830358
-0.0275557774253289 -0.160767832336597 -0.0612990950536922 0.0754104614198565
-0.120673506830199 -0.106339008690768 0.0289561939223998 0.19139920132535
-0.14094324569793 -0.0168238321100809 0.151441518834511 0.127810000765288
-0.0939569816844073 0.0723723900523548 0.178202043942604 -0.0228904128604349
-0.0349581884690156 0.0913602046761336 0.0906909730651933 -0.0950631672832987
0.00382612047729192 0.100274335359115 0.0174761499802345 -0.0905657366599075
0.0293741005507388 0.0976903571395622 -0.0241969455980352 -0.0549783876569107
0.0277187402570124 0.104755535711314 -0.0342864814196127 -0.0311593752339772
-0.0187599874699648 0.0939323294298609 -0.0499025914318748 -0.0219569587474846
-0.0634262922685455 0.0878605233065284 -0.0732011695424322 -0.0474396520047998
-0.128694607001268 0.0277305947744612 -0.0577945632864404 -0.0898115435023382
-0.141553796792228 -0.058484732148575 0.00761186582366029 -0.109262347194985
-0.0649598813293204 -0.145651870634292 0.025584037674064 -0.08894655194401
0.0263916579371875 -0.196884868428636 -0.0119742933558029 -0.0486802570008789
0.0720423757307337 -0.188170366392887 0.0257998676866131 0.044638294015495
0.00618613568224052 -0.198538320514207 -0.0927020991778262 0.110293161402248
-0.124696712747446 -0.15779002220121 -0.00920183625376628 0.2166377988157
-0.177348214203613 -0.0457633281453529 0.119230402157896 0.166238314725597
-0.127323009076295 0.0816580935522248 0.162880564184132 0.0182665634137312
-0.0475055653611089 0.109593384554078 0.0850786789863668 -0.0518472004687117
0.00120961917844924 0.11668364546958 0.0228466352907228 -0.0484915543988676
0.033353309493437 0.112468606583336 -0.0122502755991356 -0.0161579398970356
0.0357668797570962 0.11665807109546 -0.0264289833026311 0.00880501367772404
-0.0121711707312423 0.104932785392449 -0.0498176549986827 0.0179477589900363
-0.0615229219454455 0.100510301736802 -0.0838099706193184 -0.0135251019105773
-0.137500453583427 0.0346042024933522 -0.0757520338262127 -0.0643933185294236
-0.14918905890595 -0.0641436559500075 -0.0120386488567323 -0.0936436472314848
-0.0588277012581877 -0.154021074753069 0.0203267957367832 -0.0668377042209216
0.04596735985801 -0.193496186169385 -0.0265890400312405 0.00349054354356738
0.0911979804493627 -0.157558325052345 -0.0106267452051136 0.0981270477280686
0.0413652291692895 -0.193830763307188 -0.117811810624321 0.134891051289032
-0.0975465786286211 -0.179647236397946 -0.0503097824345225 0.21723593572572
-0.175212203514138 -0.0710451773722669 0.0710762922199254 0.1833733905767
-0.136908742883801 0.0711033582405277 0.127862035322971 0.0566868700562805
-0.0516375758830264 0.108555898203526 0.0684659139576612 -0.00460283300876087
-0.000573327919203452 0.114672163759875 0.0254954761581426 -0.00177970719724729
0.0328849757794055 0.110210528004775 0.00103944664329362 0.023252494825872
0.03801820646717 0.112423127249221 -0.0160214810932421 0.0489908741781776
-0.00593445594321487 0.103264641104922 -0.0472747130196489 0.0562277612828057
-0.0547687669643413 0.099161237106863 -0.0897349986535415 0.0191806180288413
-0.131485540998002 0.0311310568023313 -0.0871414373269705 -0.0401659855992581
-0.138025561923436 -0.0688136783662724 -0.0261619775496802 -0.0774246634688937
-0.040135907126659 -0.148480527329905 0.0170579048571458 -0.0447763567707424
0.0646297923721416 -0.165865572825165 -0.0413165883386649 0.0517925264447824
0.0898593758547816 -0.0975759779239679 -0.0422931269441279 0.135610324011764
0.0624647221257634 -0.149016336677365 -0.130717794075785 0.146744501731236
-0.0573690897536665 -0.157593897672077 -0.0782585470211377 0.195208234158163
-0.138348716706744 -0.0749270845746944 0.0247654346760396 0.177522456603457
-0.117234540852135 0.0517827333664779 0.083730174897627 0.0834738896828286
-0.0432153050529726 0.0890290387370166 0.0485217775691606 0.037167909519937
0.000483788230843985 0.0930517039155835 0.0267256697869814 0.0408838168394569
0.0284008507566413 0.0909534147369225 0.0136391702321673 0.0585512937625921
0.0349161719798863 0.092972369177129 -0.00539038740916648 0.0838792627012556
-0.000951405273819754 0.0903956561319365 -0.0448578813246951 0.0884893318262135
-0.0455739379419607 0.0867955738964877 -0.0957678246177494 0.0465051998513428
-0.114762239622512 0.0220845984083389 -0.0961741676957567 -0.0220321080438853
-0.1121291254761 -0.0698981252817737 -0.0387881905378257 -0.0649252792423123
-0.0141881928364266 -0.130063600586367 0.0137781101271692 -0.0260977406721901
0.078784688215236 -0.117912373547528 -0.0581697471766954 0.0899890703939826
0.0699702380356921 -0.0202003185432091 -0.0566553959635796 0.150345546315827
0.0638604490083051 -0.0769534498535321 -0.123809204553321 0.145903176031393
-0.0188651590398052 -0.100165527104975 -0.0870220709941344 0.164987162153293
-0.0805881135412958 -0.0547869800167356 -0.00528958591930054 0.159688577721078
-0.0734570917486965 0.0297766194674328 0.0481919829332041 0.0986544400309881
-0.0245190768157477 0.0566568260815335 0.033923012742012 0.067125734377595
0.00316843376533845 0.0567639681824504 0.0286187792717053 0.0713781838905415
0.0202397636958531 0.057381748513338 0.0245435061472912 0.0834975674304415
0.0264030490759073 0.0620462802031217 0.00241569090923296 0.110516022396153
0.00226150724990504 0.0668167586438153 -0.0450787050059154 0.11259655226248
-0.0338460872348035 0.0658877801105777 -0.104146886874557 0.0666013856433026
-0.0868468824609463 0.0116872075959172 -0.106704959977688 -0.0114742757811367
-0.0758462259310552 -0.0630531350629623 -0.050935377190943 -0.0602680626251139
0.0126034141645342 -0.0977829883714749 0.00774858692916546 -0.014017896356967
0.0830974384726193 -0.0545711279786798 -0.0765926365977805 0.114560673103969
-0.0582159736660007 -0.00833155904460293 0.0859810228796795 -0.145235577189435
-0.0209777975921325 0.0521686619325944 -0.0119254473631836 -0.0157114576102119
0.0288244523372893 0.0451198114165292 0.0583606608951243 0.0769251455184681
0.0446441928273193 -0.00782855230717241 0.134783272275731 0.0193184448391331
0.00928355612797709 -0.0332715666286788 0.136661434933873 -0.0806586917429986
-0.0075997902738885 -0.0189238293346777 0.0701396283453646 -0.146210886669249
-0.00442575279182739 -0.014916166281951 -0.00556435056897531 -0.141085345386876
-0.00331069461493673 -0.016127303905235 -0.0407625863104788 -0.107749631272738
-0.00034890143941585 -0.0104044851518746 -0.0380352564541773 -0.0941468151629281
0.003101974048578 -0.00430111990608722 -0.0369554043186273 -0.0947730594102389
0.0120076324007853 0.00571754272896267 -0.0362689624854672 -0.110040204316678
0.00921074964750506 0.0267757375218022 0.00640404274907793 -0.138771964917073
-0.031529033963891 0.0398572439689783 0.076028448318968 -0.145019492266737
-0.0612622379945666 -0.00387066893083293 0.0823493818868415 -0.137824738022365
-0.0561297521309884 -0.0530139930411155 0.037745196340093 -0.158694958327437
-0.0381929708163068 -0.0861319899938996 0.0906224750848031 -0.120096410207984
-0.0417804291194255 -0.0192483510107507 -0.0179243700774641 0.00630928380780118
-0.0306297595669877 0.00729911463847044 0.0672322817992168 0.109757579223636
-0.0148724936097233 0.00127838359398773 0.157098212916179 0.0412691132201963
-0.017760291717892 0.00730546769262789 0.158664156458084 -0.0819947018221331
-0.0122766178812118 0.0209682864689311 0.0779526354104931 -0.149360315516092
0.00298575546965191 0.0298589477821631 -0.00223582689157284 -0.14306148727549
0.0115175504674735 0.029393674759615 -0.0427103686485501 -0.105007113658184
0.00847158691648476 0.0382935458176756 -0.043025963222607 -0.0888879140087323
-0.0146958285735768 0.0379159960521185 -0.0431562087645134 -0.0848828738870322
-0.030796050487479 0.036648638184361 -0.0467738520429859 -0.100688249208277
-0.0558901666796418 0.0147266424324294 -0.0121401410626194 -0.129273896051784
-0.0774633473444163 -0.0145074817096085 0.0556248092134496 -0.13777775173273
-0.0599579663699765 -0.0741421672566128 0.0587809237764445 -0.130452973842796
-0.0248685985547158 -0.126691288003617 0.0239128110732444 -0.140336808028165
-0.00510559741030358 -0.151772535757467 0.0825120687778529 -0.0769304577669611
-0.0470981332923779 -0.0983081388892204 -0.0357307509759843 0.0415246944504651
-0.0894900018807994 -0.0456157711714441 0.0616006811935023 0.155970575627462
-0.085224661628176 0.00142926668126774 0.171080991883222 0.0812587221815256
-0.0547579657994705 0.0488619546384158 0.178507780930714 -0.0664954649474334
-0.0214849527922436 0.0627517910956969 0.0870595908899822 -0.1352418559031
0.00714377967720381 0.0726662131863431 0.00520663305717236 -0.12730097299972
0.0250588723462811 0.0710593619183544 -0.0377485517199608 -0.0865624467601565
0.0203803995369308 0.0800274570581266 -0.0432488613777685 -0.0660782069873171
-0.0204975628962491 0.0743540327515873 -0.0511348277394703 -0.057776639849129
-0.0564473990220671 0.0688896746493911 -0.0656736130552281 -0.0778474859221477
-0.106918746984548 0.0200068568006659 -0.041012512661753 -0.115335460067872
-0.121425616806875 -0.0447340035515394 0.0283647959386301 -0.130675653637244
-0.0669232303023242 -0.124373888937317 0.0380745898069001 -0.115568616919409
-1.05286228346529E-05 -0.18020669373235 0.00497707329075383 -0.101786246313281
0.0333043243743184 -0.193728679965384 0.0603473828868973 -0.018026095518082
-0.0334476935619608 -0.168408049817668 -0.0623766482775219 0.082642054794114
-0.130151540952599 -0.106897621039375 0.0385570972974788 0.200337972852752
-0.149281603440752 -0.0134147187304753 0.164468580693736 0.128408295590914
-0.0964417339610497 0.0802707191243201 0.185446048302502 -0.0328489902740981
-0.0337789245303503 0.097914682395994 0.0907233632901948 -0.103481087035149
0.00785320868470468 0.106391324112113 0.0134779005315266 -0.0950093558638021
0.0355906526595997 0.101656556824121 -0.0279952147868341 -0.0544747138513191
0.0340698580755385 0.108065666369718 -0.0387616227874291 -0.030218153847935
-0.0167532764810731 0.100332103632115 -0.0546733169070757 -0.0195729592970464
-0.0636198597635726 0.0953065735038021 -0.0818587763242694 -0.0451698672893874
-0.135324678458618 0.0340935211654142 -0.0669272015941154 -0.091903823865832
-0.15120270616341 -0.0561017669321954 0.0015542974676392 -0.117357364393728
-0.0734185189954102 -0.15125211397442 0.0243060864703694 -0.0951955168817277
0.0196403731945897 -0.207984661001083 -0.0128812065692273 -0.0505494388377128
0.0684070625513415 -0.200060689605692 0.0264881503438912 0.0461730170866348
-0.000414642338662473 -0.208948946293699 -0.0937765582837775 0.120676168300221
-0.136450492494235 -0.160789039231821 -0.00144160624922248 0.228972116685153
-0.188897388545648 -0.0416473128886964 0.131952695393037 0.170955363362319
-0.130158210611709 0.091380405968938 0.171363671339454 0.0109193299181703
-0.045556809129601 0.116983535585451 0.0862886468575194 -0.0574786598582538
0.00609774560971008 0.123700936929451 0.0212612113848811 -0.0509006254728618
0.0411254516354967 0.116731656797011 -0.0140530420435631 -0.0150203102705247
0.0434159011222302 0.120045642493507 -0.0283311599561667 0.0110279015147677
-0.00879731515347513 0.111314696725103 -0.0527035362343214 0.0226432153122499
-0.0604325100282419 0.107517574810976 -0.091157222687132 -0.0082067012908681
-0.144033630793604 0.0416732729509246 -0.0846900012916149 -0.0643017782882407
-0.159418162288234 -0.0610973727971988 -0.0184538147766563 -0.100805824873018
-0.0676004523511662 -0.159327336108444 0.0187942559480685 -0.0718255853433809
0.0399940729514467 -0.206255977909693 -0.0268762792599006 0.00476428092420681
0.089406455009289 -0.168836511943229 -0.0106206817379165 0.103609875843418
0.03644245874079 -0.206183605644997 -0.120311359014816 0.147169149539916
-0.109199410545642 -0.18422714880492 -0.0438208524289842 0.231083401009095
-0.187782918720022 -0.0679476424396256 0.0823679138744976 0.190719571270797
-0.140559238516278 0.0814110016349182 0.135900544026772 0.0531010538283542
-0.0493025152591733 0.116215997453435 0.0713522357388702 -0.00704546127206242
0.00423227867156935 0.120688928604618 0.0263341323553155 -0.00207858386717305
0.0400777917062252 0.113594793397098 0.00138319702363533 0.0253076990481115
0.0460952702299241 0.115490553341729 -0.0147922717423577 0.0525371693535541
-0.00180856248786309 0.108731399011223 -0.0476864821035667 0.0618568201273925
-0.0534366954027366 0.105730629974609 -0.0956232766258843 0.0259967277378778
-0.137620441145612 0.0383354181615912 -0.0956030026199852 -0.0384904571985928
-0.147785883863906 -0.0658356547225075 -0.0330206725720707 -0.082424631753965
-0.0479469221583742 -0.154179434263453 0.0160128909888935 -0.0488772537215013
0.0604982956510527 -0.17770016451822 -0.0404737431042957 0.0556540400132448
0.0900089850566777 -0.106622892731614 -0.0424634549468597 0.143934135971312
0.0598789340140793 -0.159495944618082 -0.133695505736636 0.159773697805499
-0.0667764632899568 -0.162693193891819 -0.0741857813626022 0.209174061874142
-0.149420391707498 -0.0734324812789779 0.0337937809572007 0.186159549004307
-0.119646053210474 0.0599872936535411 0.0915840782055875 0.0831337120943118
-0.0409121424134017 0.095159662534646 0.0519165811790401 0.0379533318825803
0.00425512896472079 0.0974249071574718 0.0293347004142458 0.0420028163839888
0.034525592484845 0.0933953795824649 0.0163572919361268 0.0613671831490963
0.0413417130132269 0.0950479338449381 -0.00233857877797993 0.0887453251848081
0.00318035975249001 0.0939267038859403 -0.0432080182994861 0.0958244731784734
-0.0437318148376728 0.0922478245987356 -0.100267033710365 0.0548500169778693
-0.120007340099888 0.0282196926342527 -0.104396469680968 -0.0185107285912702
-0.120770051327607 -0.0678788754651113 -0.0450891546258712 -0.0687680941817047
-0.0202881077991242 -0.135824396167417 0.0126514230053215 -0.0288339215574831
0.077435160563927 -0.127879454777659 -0.0564389927311472 0.0965710660807431
0.0719881782548797 -0.0249859985106983 -0.0575405656553294 0.159825728653195
0.0638972959511879 -0.0841501323622944 -0.12669510400187 0.158389002758227
-0.0239985792990891 -0.103849454886696 -0.0851271339177192 0.177512759125382
-0.0875773482375299 -0.0535869168758716 0.00168734145770192 0.169013441533701
-0.0746051947321315 0.0348992684377763 0.0551762676585328 0.100710296459967
-0.0222191006109042 0.0601062410085682 0.0382972115336269 0.0694804338192989
0.00629794067951371 0.0588235802721468 0.0331242532790729 0.0732070556998398
0.0245668624669275 0.0584289547129404 0.0286272248768206 0.0855320595962271
0.0306433511375642 0.0621411161530871 0.00731037553937461 0.115661630908747
0.00566914505394405 0.0691077125957324 -0.0419622585396304 0.12029917516794
-0.0315089879568947 0.0700872933310855 -0.107383598492585 0.0752927659335056
-0.0908100283777066 0.0162360760266602 -0.114254315160474 -0.00722327959996489
-0.0820691724251678 -0.0614506992569395 -0.0574925848217092 -0.0629947241495217
0.00826806731910057 -0.101613665968492 0.00674068438113744 -0.0159079386505019
0.0839001335268801 -0.0614640095447535 -0.075019441876196 0.12354655538965
-0.0595770135175336 -0.00548875690040514 0.0803200607103149 -0.155157803865706
-0.017811916574991 0.0538223177941767 -0.0134030586176569 -0.0142997565211684
0.0318182012689794 0.043411837709439 0.0662136215273097 0.0784075388810737
0.0448366663741706 -0.0112469228990789 0.142021407213122 0.0122716054899148
0.00651005513342348 -0.0337774642923282 0.137777492603685 -0.0930988548740193
-0.00928178107274396 -0.01852885422176 0.0636492375046882 -0.157552660879375
-0.00566006975308908 -0.0146683816413493 -0.0142832761466148 -0.14624285339302
-0.00499549578806777 -0.0153674127844286 -0.0476664001811424 -0.1085318568899
-0.00130102451344246 -0.0100672155354977 -0.046335641402239 -0.0951774452874124
0.00324067784974711 -0.00374917713201864 -0.0445207176514091 -0.0963939048428923
0.0123412985658975 0.00601747654173999 -0.0446524821596237 -0.111424954822836
0.0101680970891665 0.0264477803706391 -0.00230083828655005 -0.143938109200384
-0.029589770155137 0.0418635350861489 0.0705857578717085 -0.156443160401541
-0.0629443229405575 -0.000375400546707092 0.0804536435541163 -0.14813949947212
-0.0603055883236663 -0.0508530719498777 0.0339550985994842 -0.167165162287011
-0.0431182958254984 -0.0871424048865307 0.0863588078616757 -0.129101551896577
-0.0432255783645654 -0.018570557921541 -0.0180448874110336 0.00934311148199066
-0.0319303441610333 0.0074723523526719 0.0768100067591675 0.111759489960581
-0.0172121807580929 0.00141100510924861 0.166434941562725 0.0337921228649313
-0.0193588959420463 0.00942553127692343 0.159458760980415 -0.0960779745484967
-0.0120770840268598 0.0233832733681255 0.0717222874528579 -0.160675735581992
0.00448394734000667 0.0319181903473393 -0.0108829396528037 -0.147804226822913
0.013320170751503 0.0308234282800828 -0.0503273735714177 -0.10470830137882
0.0108460578764407 0.0398994623410095 -0.0508067721232093 -0.0894306793012263
-0.013295744198744 0.0411428023341915 -0.0512112373556912 -0.0849482779272632
-0.030088592947921 0.039840893063027 -0.0554922567443016 -0.100473014072466
-0.0586674524012897 0.0178233090614738 -0.0214565054804796 -0.133884515268496
-0.0808717229277477 -0.0120883947165033 0.0495792648294772 -0.148678012677626
-0.0652302921880814 -0.0741341851535199 0.0560528761646146 -0.139357418125168
-0.0323941501988743 -0.129210711427208 0.0199643345528191 -0.147402461154656
-0.0133323972159919 -0.156734553259255 0.0800904873129566 -0.0834248810015363
-0.053393248270384 -0.100747779875812 -0.0347629238840362 0.0464361370279817
-0.0947282293072785 -0.0436192351340987 0.0737330080168684 0.158864111343823
-0.0905298814918367 0.00469929520628347 0.183036623199678 0.0751269784888145
-0.055000449220976 0.0541681923276485 0.180830514436834 -0.081007849060376
-0.0197856592089094 0.0669354878670294 0.0815919760768666 -0.145989017462951
0.0114880246644974 0.0760622679791077 -0.00295362234707124 -0.13156548213884
0.0306647562857606 0.0726376061132714 -0.0445045156100761 -0.0851691308575036
0.0263201927296861 0.0815423903426499 -0.0504389946973347 -0.0650019574674188
-0.0175965064757613 0.0798408744026535 -0.0579366408299298 -0.0560795569868139
-0.05490703711113 0.0755058366547873 -0.0741600594649519 -0.0756746093041771
-0.111448896450931 0.0260318954191345 -0.050984576242186 -0.116856804077241
-0.128621324913932 -0.0404489679833771 0.0209699474074899 -0.13944687494968
-0.0756331505552315 -0.12583007788565 0.0342974451698219 -0.122596769470625
-0.00978217085575236 -0.186723861243995 0.00144484051206693 -0.10577651340694
0.0234541258170027 -0.202390457495016 0.0600972708770071 -0.0202761924628352
-0.04305799112504 -0.174326648863184 -0.0603101461338229 0.0905919790100414
-0.139865249932802 -0.104104334342589 0.0519162443821401 0.206744308108771
-0.157808078765306 -0.00644185947057811 0.178489809176331 0.125431041543348
-0.0956309805177376 0.0895702064019442 0.190048722547251 -0.0471134816330471
-0.0299331220846011 0.103972184591149 0.0879158990440243 -0.11256018117824
0.0143563698815842 0.110452388070491 0.00772554046088634 -0.0988222757751881
0.0438940608191778 0.103291356036114 -0.0324906995110105 -0.0531483409783943
0.0426041446627634 0.10945937271217 -0.0429994787944214 -0.0278477598600928
-0.0118471463288543 0.105944726074212 -0.0592802529769726 -0.0155998950499198
-0.0607702347736065 0.102985455671452 -0.0890964761880818 -0.0401923124695267
-0.140591324166338 0.0430284852949222 -0.0777706050421527 -0.0910354369597115
-0.160073479614311 -0.0499233497716263 -0.00700673180191042 -0.12465318562169
-0.0844579389811111 -0.153154820072556 0.0206252189809055 -0.101193070617647
0.00847847234100529 -0.21663055200495 -0.01432976194085 -0.0520412288830391
0.059514724938245 -0.211333275228394 0.027455399147828 0.047844287811162
-0.0117109539662628 -0.218071628014818 -0.0911563355486691 0.131454786513472
-0.149723053567328 -0.158923291991899 0.0117814455379078 0.237959048774919
-0.19954812486273 -0.0329352479000168 0.147530751842674 0.17010074716473
-0.129549148085362 0.10258186943141 0.177397491688753 -0.000675343702848482
-0.0404096237180457 0.124691377124695 0.0854526576022192 -0.0648488840659424
0.0137788371561216 0.128935283679667 0.0182861558286013 -0.0531157059451185
0.050488816788942 0.118303205906005 -0.0154554979574033 -0.0129635012776475
0.052894440905173 0.120922633133017 -0.0295332325583096 0.0147831463590696
-0.00278296054702249 0.116984285745742 -0.053864218310361 0.0281267862362703
-0.0565395126921788 0.115137874137215 -0.0967654126748433 -0.0010110683989965
-0.148715303867101 0.051620391576782 -0.0945567925105854 -0.0612518957061668
-0.168642720279659 -0.053567959593804 -0.0272733523142598 -0.105718107420859
-0.0793097882297649 -0.162013111502412 0.0152742924308742 -0.0765745746084993
0.0288761977071488 -0.216914253009064 -0.0265556002662045 0.00593362385128693
0.0829702284092805 -0.180900364030112 -0.00863420144790617 0.109054022567883
0.0268956254043588 -0.216964692088475 -0.11804703905848 0.160956287564882
-0.123709586495249 -0.184086267638893 -0.0321128755225926 0.242537914792498
-0.199955750851714 -0.0604657245600593 0.0970487898024587 0.194041281750681
-0.140233474350937 0.0935625883302146 0.143418638314058 0.0454194259097818
-0.043551693749716 0.122878565198999 0.0731290951104027 -0.0111182544143125
0.0116808701989057 0.125952575946341 0.0269041072907541 -0.00303797935445449
0.0493099668294678 0.115050322070114 0.00277345923383974 0.0272050468413253
0.0553581932779185 0.115359754008269 -0.012956969959589 0.0562930735097464
0.00439160918155433 0.113448492410643 -0.0457667561818262 0.0689594116054654
-0.0484841882018028 0.11204975902392 -0.099181666801435 0.034719322516261
-0.141510506001418 0.0483498871736678 -0.104059384600218 -0.0333986162001936
-0.156856575646528 -0.0591683073919898 -0.0415673889877565 -0.085427182417076
-0.0592868999809444 -0.156937220721784 0.0133788956678385 -0.0522898758848857
0.0518557509308414 -0.188889602655544 -0.0379783336824674 0.0597381347018294
0.0874081426402237 -0.115509955276058 -0.0397493473882271 0.152147323978242
0.0535837822696067 -0.170202520288712 -0.131813824600859 0.174284289433672
-0.0784240966178561 -0.164408428905777 -0.0654181135026868 0.220929059796137
-0.159997960479662 -0.0674994765018018 0.0464280810831344 0.192636077557659
-0.119693051604035 0.070031763854088 0.0992826049474275 0.0798644640168244
-0.0357286782218016 0.100539532629444 0.0557587642763554 0.0369985643049149
0.01066572178786 0.100899295674483 0.0325389020783098 0.042378801164995
0.0419051342968239 0.093691779630384 0.019882194722077 0.0630515502909125
0.0493941360442454 0.0944298383195325 0.00277393635975752 0.0924451837603569
0.00873036705821308 0.0971747506092888 -0.0386672155959032 0.102919448773788
-0.0393655228730442 0.0974627204904724 -0.101581876318391 0.0647920894410425
-0.122992924906631 0.0370234934329141 -0.111660982953693 -0.012618375491957
-0.129078093075592 -0.0621284937177823 -0.053193816179329 -0.0702413651974405
-0.0296249303353906 -0.138815324960369 0.0111392267174933 -0.031413179158322
0.0719495898977596 -0.137775590510012 -0.0525639391681527 0.103494717739829
0.0736065556425992 -0.030274076384792 -0.0537570697556731 0.169575375913474
0.0607952787648287 -0.0919323897167416 -0.125131381689047 0.17344317711527
-0.0310805910220693 -0.105237932648526 -0.0780514033455782 0.189445917066756
-0.0941447271588744 -0.0497458387528129 0.0124110609521163 0.176131555812281
-0.0736234279587219 0.0410524194067747 0.063355562634289 0.100418656552413
-0.0177889099727371 0.0624384627813661 0.0435949934782793 0.0705423053473533
0.0100765660989406 0.05968885000623 0.0382799571667848 0.0744808295753678
0.0293738547496416 0.05825071502412 0.0341831510284772 0.0872925708640281
0.036376381925345 0.0608288073876279 0.014993628988375 0.118958826002947
0.0111438934939516 0.0703718549152678 -0.0354609076967234 0.128194600214627
-0.0278059100039293 0.0734747179845872 -0.107894956744866 0.0858706039112649
-0.0931180739446227 0.0230359333009306 -0.12113042460143 -0.000408945923895689
-0.0884854313943227 -0.0574572311832233 -0.0654808702283081 -0.0635479016120356
0.00215816171775856 -0.105527552896118 0.00581729090089859 -0.0177338072152228
0.0828641566413559 -0.0695242252694728 -0.0703846124810006 0.132440974750573
-0.0600153444962057 0.00148505554110857 0.0551403345311095 -0.168617749472546
-0.00735675716166322 0.0556139629935101 -0.0168575486328966 -0.0127150915909952
0.041376468987768 0.0360248822546422 0.0784179021811028 0.0696602857792158
0.0435588604502252 -0.0211796406297717 0.144593241176743 -0.008601714820916
0.00116554583717542 -0.0371685074057742 0.124004383210955 -0.117422233487593
-0.0135727577217789 -0.0205235484937949 0.0365792373935793 -0.168861612800006
-0.0104569533165123 -0.0149268020724165 -0.0383701263883769 -0.142986603014893
-0.00930415423108522 -0.0138742883738888 -0.0635218335151043 -0.0999127786174906
-0.0044804759320773 -0.00909144114409844 -0.0611196879596022 -0.0885022531475171
0.000839586010791388 -0.00297799411877447 -0.0596832387779144 -0.091131096124179
0.0115013389974355 0.00425006718031005 -0.0613674510601221 -0.104503228307495
0.0115862624486486 0.024811598252742 -0.0221325293233321 -0.144814235979039
-0.0252025516709653 0.0457691736981589 0.0507562902888677 -0.170642635394605
-0.0637958885632426 0.00999160206916681 0.0635692729645885 -0.160937037305205
-0.0688921391858499 -0.0415736708262717 0.0153806380351209 -0.17051889630701
-0.0583601988130113 -0.0826085989977618 0.0683439049074441 -0.140773395578723
-0.0462587006741873 -0.0114365362404889 -0.0141478751159213 0.012166077288348
-0.0284480960828446 0.0126582746550846 0.0971225881332238 0.0981251717732563
-0.0155090622631778 0.00293358361142849 0.173171342296289 0.00568339383906275
-0.0166009543189476 0.0101197448101796 0.143099677365711 -0.125473569077503
-0.0095457541325905 0.0214933641521464 0.0428011535013318 -0.173471503716271
0.00957528923476592 0.0308573202862139 -0.0363825248537873 -0.146890969666249
0.0166661940718063 0.0289043273513468 -0.0655828155734132 -0.0951287627640747
0.0162048319820709 0.0390159189908977 -0.0657648510682367 -0.0813118304334043
-0.00804737817875973 0.0455141138972994 -0.0648119873722273 -0.0786376338561214
-0.0253278061700027 0.0462252298992856 -0.0708324106128108 -0.0927503447041731
-0.0597545654006512 0.0280801204079618 -0.0391635154023957 -0.131967649293408
-0.085128893191702 0.000643341231958302 0.030997624705237 -0.157934236717782
-0.0773065757580228 -0.063879648571638 0.0381832269486419 -0.147913472445305
-0.0524374168292643 -0.125477584774527 0.00127509037564911 -0.148409826097031
-0.0415702900512172 -0.157442003585716 0.0717080668309299 -0.0911279591722128
-0.0719114908751575 -0.0900087980171361 -0.0211344722463537 0.0526959415335247
-0.100020934997304 -0.0259598302544247 0.105845631902328 0.143141672092737
-0.0867161201528473 0.0210220976069932 0.198617964186835 0.0400938379334715
-0.0436604672529069 0.0606812402810545 0.165145045944015 -0.11607259018443
-0.00951072467711394 0.0662415543539554 0.0541658363130409 -0.160362369968067
0.0251221878429938 0.0749228934141685 -0.0266729040465278 -0.132807969564495
0.0405345852789858 0.0677536383173332 -0.0582857514189794 -0.0757232308472739
0.0399979345120446 0.0782592603312588 -0.061683501287332 -0.056514569286685
-0.00529363143080796 0.0859075455390773 -0.067780648618502 -0.048462476356676
-0.0435782887379854 0.0860401262703316 -0.086099278773167 -0.0658204238971277
-0.112107346718709 0.0473323087331479 -0.0658024269342126 -0.111240849672637
-0.13750020334062 -0.019902124129103 0.00338397363777527 -0.143408457923428
-0.0961526066841029 -0.114503892571315 0.0164752414565564 -0.127592741681351
-0.0379658154762152 -0.187518409976063 -0.0144021989781991 -0.1039864851373
-0.012918731921602 -0.207867715032897 0.0618496991379217 -0.0227340556703754
-0.0748607301511551 -0.163512022961772 -0.0365752367870683 0.102692886464616
-0.15589308594073 -0.076964816085062 0.0954307153397828 0.193549515667028
-0.15668578449666 0.0230568720086209 0.204874573306825 0.0890096204539258
-0.0767148262879017 0.102910843095019 0.178816411308724 -0.0852695490990042
-0.0127560104845416 0.104850362133255 0.0643725060631557 -0.128599684972379
0.0346751124103926 0.110280221580518 -0.0109780372258793 -0.102787383056458
0.0588940764277198 0.0959828731834674 -0.0416985342883836 -0.0452555307918002
0.0614245482321327 0.103272221035154 -0.0487529248044682 -0.0202327651230042
0.00580309275364667 0.111132167897313 -0.0631143564530368 -0.0076652517911054
-0.0443669173351325 0.114315410661449 -0.0968447522108995 -0.0276202176191843
-0.137668362400565 0.0695349407376739 -0.0891980172804244 -0.0818253284161887
-0.170532440756534 -0.0234415454062496 -0.0228379781517744 -0.124192974057593
-0.109547950822191 -0.140315383175672 0.00425086716966737 -0.103165683931582
-0.0242904485933986 -0.220374985154526 -0.0251738515083319 -0.0480751038899425
0.0216861049104088 -0.222237503461711 0.0403270414360213 0.0520070119569955
-0.0524615267112325 -0.212717519840576 -0.0597030638669211 0.151296868824155
-0.175924251153161 -0.128504989082641 0.0636748984907572 0.232173053443575
-0.203598484364466 0.00570220802110645 0.184181881177237 0.13802698239238
-0.107082591622572 0.122813394270494 0.173826422457705 -0.0379253471465924
-0.0185606228248775 0.128157195389784 0.0701301375680398 -0.0805419505221475
0.0381837817622107 0.129166911669931 0.00682888527091525 -0.0600866423267331
0.0684644715901249 0.109143361037625 -0.0195931111793371 -0.00808783473247116
0.0745928031504032 0.112493728173938 -0.0282881679872699 0.0209726035014017
0.0173032485979543 0.120214570089783 -0.0516626932706944 0.0357667381161636
-0.0375802297872918 0.125578302301306 -0.0990134473954301 0.013058644906035
-0.14384384556717 0.0798950410463965 -0.102437869924069 -0.0494399670706221
-0.179005655993137 -0.0256465850637597 -0.041635336872951 -0.101159557408415
-0.105968948412551 -0.149891055971892 0.00164413772765919 -0.0770012182183795
-0.00315209176928987 -0.223523110133105 -0.0305026997668128 0.0112557690541671
0.0503237186625079 -0.193956762219961 0.0122746296229601 0.118880858246701
-0.0141565470126962 -0.217398444386728 -0.0828918402039178 0.18694821211801
-0.15494401925556 -0.157853515485551 0.02066550644748 0.245044703922364
-0.208933127597022 -0.0190180975778345 0.139142642074758 0.17047215847453
-0.119177784400578 0.116745463104025 0.147608711137218 0.0132033345244071
-0.0209709890903847 0.127852450037219 0.0665423130421401 -0.0247089118424954
0.0358509780498078 0.125912495610209 0.0241802675775535 -0.0113265390521924
0.0678828271899882 0.106051582618065 0.00437880604588826 0.0286322820073096
0.0763599097127072 0.105903102648368 -0.00565594456395108 0.060027502562653
0.0249057008512193 0.114432946646379 -0.0376008368124164 0.0753367147095121
-0.0291685473023951 0.120972121654354 -0.0962169194483588 0.0492786700233691
-0.136271188718572 0.0753643741792194 -0.108277224649679 -0.0200883731669495
-0.167428338633332 -0.032050989104612 -0.0528321641730214 -0.0790536462211222
-0.0846474256951892 -0.148110084213244 0.00277326810928846 -0.0530029089159028
0.024238761990126 -0.199000960683039 -0.0354458990603003 0.0657909539811907
0.0667622013060321 -0.12915244260908 -0.0149801194796795 0.165115393654394
0.02066037926389 -0.175270579696557 -0.0973367256027184 0.20357169827066
-0.10659100029973 -0.145988668755079 -0.0187664351352773 0.231997224133466
-0.17133060362847 -0.0331502818003315 0.0875488666992073 0.17950002711629
-0.102542134045105 0.0908838022462861 0.110756310411464 0.0560884044574812
-0.0159058646240235 0.104328638755975 0.0585819054702261 0.0261293510686062
0.0308925178929347 0.100998691310246 0.0383809775056517 0.0336577240648915
0.0579283052237117 0.0858268668931107 0.0274361550073754 0.0602719692346543
0.0669842142897706 0.0855547815722789 0.0155161930692805 0.0933424474419343
0.027296394719086 0.09700549648058 -0.0247412205371882 0.109341519356418
-0.0216968660812311 0.10450133218472 -0.0940476146029939 0.0793578044832278
-0.118383880802571 0.0606980757776676 -0.11329531371238 0.00246911852723268
-0.139293606173752 -0.0395815561365581 -0.0629847673902421 -0.0617464424126285
-0.0520440401400284 -0.133656752116475 0.00292524776335065 -0.0321681276536239
0.0525345625268266 -0.150568112637203 -0.0434587765026844 0.109649960916359
0.068483340151911 -0.0406670419408707 -0.0302191051875553 0.182231291257876
0.0423778751835757 -0.0987640862782498 -0.0948952881965046 0.199937765941146
-0.0492093435438728 -0.0950149887635652 -0.0403743750645266 0.203951259403858
-0.101845593351645 -0.028022891019692 0.0479540500976336 0.171367492327017
-0.0622551037198158 0.0552879255694506 0.0794702279226828 0.0860557650095664
-0.00398811870276306 0.0640546345244438 0.0528796938047263 0.0623504352688456
0.0229245349613347 0.0582599267176755 0.0493217212873444 0.0659530990292933
0.0397515027810344 0.0524708126148968 0.0462227013529126 0.0815476689739885
0.048149053950753 0.0543093760275926 0.0318482208897564 0.117769017643003
0.0252248439351381 0.068793501290066 -0.0175478884065198 0.133498823156939
-0.0133061573871184 0.0784361249618468 -0.0966161628845415 0.101601924830892
-0.0892410089032307 0.0414839011051814 -0.121185509064561 0.0160251782927658
-0.0971921612195908 -0.0411142588962106 -0.0747861032675325 -0.0534619193780283
-0.0151594416267152 -0.104628525135977 0.000348981959044851 -0.0191659779863777
0.073504832744985 -0.0830643419291252 -0.0555902498328497 0.140492452153148
-0.0585006206373865 0.00351790969957603 0.0484021865342049 -0.170102598908077
-0.00480911802143542 0.0541714897716462 -0.0167287332025752 -0.0113883388828949
0.041241406587081 0.0328257729266222 0.0826225062782965 0.0671149838669735
0.0408514886970168 -0.023221154817809 0.145164142329424 -0.0146004910240771
-0.00154443932010959 -0.0359045242098741 0.118836054056899 -0.123315985230036
-0.0150691549363358 -0.0187783007551895 0.0279210072110955 -0.17166473304728
-0.010828203486821 -0.0142849992355029 -0.0447168837688274 -0.141557305469426
-0.00996335483244335 -0.012432227243222 -0.0668695817354218 -0.0972478861263911
-0.00513328372702014 -0.00788976304791082 -0.065238141267418 -0.0856971082688427
0.00052622844912393 -0.00244996030024195 -0.0641451826540664 -0.0880083867297691
0.0113688095600522 0.0035822577180021 -0.0654548749859272 -0.100938566806235
0.0111298507756456 0.0232403208253917 -0.0279412399861074 -0.143174368125418
-0.0229404445965806 0.045533219693129 0.0435484567460767 -0.173823680233065
-0.0616904240999221 0.012015228968357 0.0594686202523962 -0.164375159654133
-0.0690370959975935 -0.0384718005949506 0.0118456698491296 -0.171257759778859
-0.0609810349921999 -0.0801259461424683 0.062298987047913 -0.142089433339011
-0.0459372602960194 -0.0114642525376629 -0.0132039556074676 0.0131308408849379
-0.0287941348551351 0.0121507491293334 0.102170028764931 0.0950585378876743
-0.0170560073304495 0.00277522554020928 0.174183317769542 -0.00102943442264927
-0.0173861362061671 0.0117509896920501 0.137168190872419 -0.131623389219205
-0.00931150644907727 0.0232388111423563 0.0345275839367822 -0.175662697865992
0.0112946339035806 0.0309568129368675 -0.0435792202563116 -0.144584734006539
0.0178397560150074 0.0291932159285681 -0.0687046816556379 -0.0911485378396336
0.01811648927731 0.0391411491648879 -0.0699549667258576 -0.0773296679859038
-0.00580601748843291 0.0472219207806386 -0.0694215843784515 -0.075141011136703
-0.0237290953869428 0.0473153030590221 -0.0754174238713308 -0.0885947255894586
-0.0604080064093955 0.0299156533118735 -0.045169720239719 -0.129525348995129
-0.0845422113099943 0.00263389071274117 0.0238706605024528 -0.161000116897871
-0.078117326194598 -0.0618768977700798 0.0345194849052628 -0.150796956946842
-0.0560871071170076 -0.12294038088516 -0.0018474938970315 -0.14912283782837
-0.0463328220399754 -0.155326758121188 0.0672666315332008 -0.0925791217603722
-0.0741527197973062 -0.0880307872985734 -0.0183835339736693 0.0541521786833181
-0.101093834441722 -0.0235517401432725 0.111879194377841 0.140061234518921
-0.0881294900215458 0.0239099187972357 0.200861612236553 0.0330425085746568
-0.0419799529049193 0.0629316157847404 0.158768772981489 -0.12294609673531
-0.00717637710230183 0.0677471731488433 0.0464335064677628 -0.163056679962778
0.0292183762155516 0.0746636104702727 -0.0331690034891323 -0.131096884413597
0.0438743100796792 0.0666905035813094 -0.0601829154815552 -0.0720087713626515
0.0433312948058395 0.0764488271711994 -0.0647035683524595 -0.0520074107464666
-0.00175122639134105 0.0874586054794981 -0.0707392103209482 -0.044298888344727
-0.0406740826933423 0.0879913126572539 -0.0902797541429045 -0.0601654699376035
-0.111783721627262 0.0520490546271225 -0.0717672622565295 -0.107634368082814
-0.137785491534886 -0.0152559222905887 -0.00407906496739675 -0.145545063531336
-0.0994550970922166 -0.110862647393365 0.0133114614675025 -0.129373710328719
-0.0445142769369759 -0.185085557213529 -0.0161753311853589 -0.104218988312877
-0.0203251298982197 -0.206632875449633 0.0602143931282035 -0.023707501313145
-0.0803717783558462 -0.162118217582272 -0.0326478200258958 0.10503393112024
-0.158175008056622 -0.0721708998362395 0.102810836298399 0.190093501749583
-0.157838814158251 0.0295338731658852 0.209166704731096 0.0810309650927404
-0.072590957661202 0.105626559796404 0.173245604058004 -0.0932256082890698
-0.00885951276166882 0.106137755076658 0.0588305353028686 -0.131472757067564
0.0403395670525345 0.109427977405643 -0.0161242921184282 -0.101332152926764
0.0638800783666885 0.0935416626617321 -0.0429622574437738 -0.0416815230321409
0.0657725937726018 0.0999198718015231 -0.0501261181176835 -0.0160248922682749
0.0103660543723622 0.112366095971734 -0.0643255418114653 -0.00363388235880774
-0.0400871280614986 0.116322684755663 -0.0993186400626702 -0.0214342605586478
-0.136267674292475 0.0757519275178972 -0.0940641851090524 -0.0766759628295175
-0.171126064217752 -0.0168842999051005 -0.0301497558986429 -0.124360697307078
-0.114302731848395 -0.13593382021773 0.001302864135142 -0.104314540469635
-0.0321275844671647 -0.218869376722149 -0.0253297594910178 -0.0480598506825157
0.0133637857035247 -0.221979787298613 0.0406193901150371 0.0519217872952929
-0.0595946817349136 -0.211587049574198 -0.0541444735899486 0.155052601153091
-0.180264167128623 -0.122858109853091 0.0724062907204377 0.229841381934081
-0.205796376020491 0.0140945860955717 0.191132306587568 0.131568231753289
-0.102022703917978 0.127077009666216 0.170168902413085 -0.045944059613468
-0.013434504960215 0.128995364938495 0.0665043936452115 -0.0829114496251275
0.0441918660679833 0.128169666289475 0.00380084995659431 -0.0594677822996235
0.0735431296815377 0.105921591938678 -0.0194739032723527 -0.00551681354178769
0.0791389003944892 0.10790070415411 -0.027803471695507 0.0237169709464458
0.0225281241449488 0.120143593035596 -0.0498813649805607 0.0392854891783256
-0.0322702689680902 0.126633047000084 -0.0995397086179907 0.0194227739380251
-0.141306867625463 0.0872509520704698 -0.106414175222943 -0.0437078034436415
-0.17975705410224 -0.0180450737792286 -0.047857969725849 -0.100624090413703
-0.111403043338829 -0.145562100351792 -0.00103667371637447 -0.0780332345952806
-0.011970170458584 -0.223011324929059 -0.0291036871763797 0.0119129911329078
0.0433827295543617 -0.195806900352187 0.0150129182239763 0.119852972807493
-0.0225536895222321 -0.21837695976227 -0.0761274422597254 0.191681260211239
-0.160069727983631 -0.152275742858221 0.0291659969378405 0.244773370297641
-0.212193778507113 -0.0108529486196095 0.146803538058309 0.165544104272982
-0.113463407659673 0.121365536882882 0.146537321322369 0.00679505541502671
-0.0155274119436237 0.12827069973863 0.0654619359788886 -0.0266612473508294
0.0419697178510183 0.124521256312346 0.0229115985498068 -0.0114077381904985
0.0730335791660444 0.102687962560747 0.00620839865389139 0.0298652146586109
0.0807903203536663 0.10112195935998 -0.00324555231646163 0.0611790161530256
0.0299434471507003 0.113378255023977 -0.0333315161326345 0.0782378204882566
-0.0241674145614265 0.121543763168643 -0.0947759250613621 0.0552670471109105
-0.133129467254007 0.0819194057526302 -0.111232515876728 -0.0144738031113134
-0.168076749544531 -0.0249507655554949 -0.0587510038133085 -0.077257028327529
-0.0902682772076525 -0.143403311013519 0.000524061527671137 -0.053949570134981
0.0157389082312879 -0.199772691158774 -0.0320927337646421 0.066381213858516
0.0619586255302054 -0.131835250477765 -0.0114642474321131 0.166841262825201
0.0132514839654564 -0.177241633219751 -0.0902811871989089 0.208725002061274
-0.112400481435217 -0.141631864137844 -0.0102939354668713 0.233123870550965
-0.173420417662549 -0.0255995875293558 0.0956281984230056 0.175975904401724
-0.0982467986809338 0.0954321822213719 0.111782627788935 0.0507668112248983
-0.0114142511725635 0.103933167725384 0.0597379673401363 0.0245111587576318
0.0354870243304753 0.099241196153056 0.0390806348021388 0.0328971029958772
0.0618660849653113 0.0828988852008161 0.0300201538966357 0.059916733913301
0.070152476315504 0.0809859528980126 0.0193721511342823 0.0930563955751548
0.031317154979691 0.0948673544353419 -0.0195226644688724 0.110840828170631
-0.016948937435657 0.104515820874752 -0.091455359102922 0.0850827559792763
-0.115624412274712 0.0666909731343742 -0.114772472171447 0.00831711402508854
-0.14004377864435 -0.0326611546094165 -0.0676374151159315 -0.0595368313459546
-0.057279269632788 -0.130804821179241 0.000873115765640711 -0.033045909697316
0.0456617934738711 -0.152897228616407 -0.0386736488371688 0.111158854731019
0.0669348683461143 -0.04372138328788 -0.025680759851151 0.184279045073879
0.0374245449494288 -0.100801464211659 -0.0881355503447582 0.205443709284849
-0.0530148795385972 -0.0924196972708076 -0.0333862555966115 0.206420801664185
-0.103184586219268 -0.0230466777873356 0.0559208240943254 0.169461940461845
-0.0585329117309213 0.0574064134431315 0.0828427194273462 0.0821293175812246
-0.00061478416150143 0.0624675554353382 0.0561824425013556 0.0612208549765718
0.0252323461903016 0.0562242868976399 0.0522162805036205 0.064301894731262
0.0420816018609698 0.0498406708852624 0.0487567994446567 0.0795730024237927
0.0501961144136584 0.0501729312389648 0.0365976393288388 0.115959844990348
0.0284013337972563 0.0667551139466133 -0.0111522445862971 0.134136138721324
-0.00926411238037678 0.077359706386929 -0.0929173136826778 0.106467046322651
-0.087175468103159 0.0456607648800611 -0.121899597658164 0.0217322743025995
-0.0981213343003186 -0.0361984577959026 -0.0787047247103188 -0.0505940589567826
-0.0195845072569306 -0.102342464360034 -0.000977788494035935 -0.0196251299168702
0.0694195061075142 -0.0861839808974105 -0.0495933943018305 0.142128144848701
-0.0581107745172821 0.00323718225387455 0.0450686968429065 -0.170923501368721
-0.00342921045950406 0.0530319822304467 -0.0172943794241358 -0.0110778930456057
0.0406420019481407 0.0316002287281112 0.0859765547352442 0.0673281276908481
0.0397433626568162 -0.0242020692618943 0.146931434681124 -0.0172649582716142
-0.00325096476207753 -0.0344996872119171 0.116914478748369 -0.126493061272221
-0.0162096585837357 -0.0176114842856727 0.023686432112309 -0.17340949568416
-0.0106287802773747 -0.0134761532462564 -0.0479736001760761 -0.141848476020456
-0.0102316316137508 -0.0113315995583206 -0.0680514433408853 -0.097524755221216
-0.0055059303352913 -0.00683403190667125 -0.0678494241278568 -0.0842712374958134
0.000221838942089194 -0.00199380386738074 -0.0670084351389833 -0.0877840948158102
0.0111254760528791 0.00362709048101812 -0.0679049609415567 -0.0996957078359894
0.0105509155029642 0.0223150981252953 -0.030104112629446 -0.143554099549557
-0.022052370147484 0.0450494042883744 0.0407158662892138 -0.177342427177887
-0.0596886063738457 0.0121004887819135 0.0590363982250299 -0.167069197601508
-0.0686279063812626 -0.0375779225538982 0.0130266918723703 -0.173616492935636
-0.0609007828972429 -0.0804773441929292 0.0595973786108045 -0.143227622926806
-0.0460884436600956 -0.0120329589476323 -0.0127448312466824 0.0134081324369496
-0.0295040831627582 0.0110650476890029 0.105150519062705 0.0950287716239538
-0.0192906899411537 0.00305334352916149 0.176131097732741 -0.00316182318841057
-0.0183687954218745 0.013032319394873 0.135191442544803 -0.135279290342794
-0.00980565578339977 0.0249633684678206 0.0303367604370916 -0.17826942635834
0.0122993489567534 0.0317837607896904 -0.047348245513323 -0.144251292636646
0.0189425003491822 0.0299135387083657 -0.0699941210269662 -0.0905089670074309
0.0189335156898501 0.0398150956703937 -0.0722283985706705 -0.0753438728465546
-0.00588303149014976 0.0489294812566324 -0.0714757259544253 -0.0736579515594519
-0.0239171896468287 0.0484103928664586 -0.0781922909439817 -0.0871678011326464
-0.0620240264369832 0.0308313873516231 -0.0476655704155284 -0.129273242555387
-0.0850452058911709 0.0029018540665126 0.0204764632102557 -0.16391016351627
-0.0778831223104408 -0.0619148044080453 0.0335209137642236 -0.153331015701959
-0.0562069045348114 -0.122841117470999 -0.000818187522087989 -0.150898733934264
-0.0478700033636038 -0.155511372133305 0.0657423328140677 -0.0926140072399062
-0.0752923628481921 -0.0895192434522825 -0.0178888561309309 0.0548502661636931
-0.102255023990352 -0.023318291973996 0.115704501834718 0.139753903875161
-0.0905265900894183 0.024919848520106 0.203963336554369 0.0311082944493852
-0.0426620261935666 0.0647735991443158 0.15648430628432 -0.126410350523981
-0.00694957202593826 0.0699142250360674 0.0430250336632747 -0.165411292148782
0.0312112854383278 0.075196884562237 -0.0368884163480044 -0.130353403430594
0.046439735075908 0.0667348621985505 -0.0604068862569363 -0.0703647609767841
0.0447093774056334 0.0767706034713954 -0.0663145856135317 -0.0496985483182431
-0.000590548621134905 0.0895341731531321 -0.0719699171830361 -0.0418408511879314
-0.0400631984969171 0.0897430776912471 -0.0929404634850884 -0.0572950140299462
-0.113797512092411 0.0543555911634947 -0.0749561494488313 -0.106279818092796
-0.138992255213608 -0.0147777307591501 -0.00819085568635177 -0.147673046004772
-0.100118776882903 -0.111579785853443 0.0127709407863578 -0.13195190611055
-0.0463920660462554 -0.186216682728003 -0.0154385658309976 -0.105488898925841
-0.0222383111641512 -0.207413132929517 0.059475927143212 -0.0235581710438454
-0.0824079742059315 -0.162748137257067 -0.0312057224222754 0.106774213985948
-0.160149345614548 -0.0715723760026982 0.106450443564941 0.190900120863583
-0.161057530645326 0.0314837508439258 0.213202773438913 0.0798976370047936
-0.0727972359055064 0.108066106279398 0.171438646860309 -0.096707948630628
-0.00781809884193497 0.107996075752482 0.0562267942048878 -0.133158747919641
0.0435862096818768 0.11005634655466 -0.0190754298665386 -0.100593603610462
0.0665666289806542 0.0932703194556044 -0.0430330192844327 -0.0395204445156018
0.0677104167850445 0.0990347178079246 -0.050524816532416 -0.0132551840894106
0.0123630566027644 0.113729239862498 -0.0645400005422095 -0.00105150416917766
-0.0388158949047727 0.118306494500114 -0.101202535844199 -0.0176840911561804
-0.137669043010379 0.0797079204513225 -0.0976585113993081 -0.0738633343767476
-0.17232371937339 -0.0153111029526219 -0.034428075408281 -0.125876902348816
-0.115958330556474 -0.136502290241046 0.000422421074415889 -0.106282327917482
-0.0349003562231352 -0.220096595706561 -0.0249009275903889 -0.0483799321518701
0.0115768793710032 -0.223013558820316 0.0403728903360761 0.0525141309466379
-0.0628171204494975 -0.21343400075892 -0.0522194078631096 0.157238101827706
-0.182238041789486 -0.12186290145178 0.0753314209899601 0.231235791012153
-0.209126490434203 0.0173971275046863 0.194788714506975 0.130634120366574
-0.101022372677904 0.129307272394601 0.168578471122265 -0.0488496036560765
-0.0120166017860528 0.130598758388123 0.0651576505082638 -0.0841481753458099
0.0479058680151529 0.128492400415448 0.0016537952623272 -0.0584456611683594
0.0767121460848862 0.105442835939796 -0.0187480173646388 -0.00384776697516657
0.0812791788705811 0.106073708965049 -0.0275035726194156 0.0258142356522313
0.0247700216697836 0.121231866124759 -0.049337989171759 0.041577838274106
-0.0307945646241927 0.128516438087507 -0.100919339539824 0.0236510297994508
-0.141963948830623 0.0905035021956456 -0.110149129029364 -0.0405557073770224
-0.18106951301155 -0.0157484049550289 -0.0520329102096136 -0.101361029444121
-0.113529284028509 -0.144807996531734 -0.00209992405060179 -0.0799707099359784
-0.0155181531685616 -0.224302435124442 -0.0282625696006192 0.0121497478815517
0.0412176365174714 -0.196812695429302 0.0148696874691829 0.121402298943794
-0.0256062918591845 -0.220535574011093 -0.0747527393418517 0.194399469121103
-0.16299699724331 -0.151906505015731 0.0322168196555941 0.247049861722643
-0.215108351710717 -0.00673812939771391 0.151277445795231 0.164979912112806
-0.11208573770832 0.123867344992961 0.145714928876853 0.00388127142986984
-0.0141561076542161 0.128561613532526 0.0656885397810118 -0.027461194040609
0.0455310371598877 0.12449545947407 0.022147536306072 -0.0109989920712538
0.0760425651222858 0.10136880447493 0.00715645284558936 0.0308888413973088
0.0826021314745506 0.0985869933242019 -0.00205926425441797 0.0626571212544888
0.0324084011711041 0.113684512277319 -0.0316223619559274 0.0801329742590618
-0.0225376044304904 0.122300063905098 -0.09532074330137 0.0594455924197505
-0.133503891623417 0.0856969685955103 -0.114096128315433 -0.0107018727720113
-0.169085831026047 -0.0219125363564187 -0.062729030126319 -0.0776337277354198
-0.0925462066873918 -0.142792258459068 -0.000480469667676251 -0.0555705514147564
0.0125530673993113 -0.201079897812049 -0.0308918992254382 0.0668998518036186
0.060508901206105 -0.134034885560949 -0.0111538804058499 0.16918986103208
0.0104891321266712 -0.179600511457683 -0.0889040374403501 0.212834316156398
-0.114663396708588 -0.140626339826295 -0.00781019323403724 0.235618971388559
-0.176465068024281 -0.0221648735945741 0.0998972261312834 0.176590435510483
-0.0956013980267401 0.0974723880140714 0.111379352942314 0.0490827647585744
-0.00985018395767571 0.103208698768226 0.0606030943630901 0.0249382493114506
0.037781596702738 0.0985655613598664 0.0395921422009345 0.0328233939417638
0.0639891231441258 0.0813852752413071 0.0310245608821661 0.0607700169367819
0.0711218052122514 0.0787450102361772 0.0213656729011707 0.0935037905395519
0.0337858792172792 0.0944313858893496 -0.01700995378596 0.112008333434238
-0.0153643600377253 0.104649319058046 -0.0908789614153621 0.0889194808872275
-0.115274679996211 0.0695116301131003 -0.117169969606715 0.011356008463969
-0.140394702062346 -0.0304126888043606 -0.0711692334781382 -0.0596885520606417
-0.0595073678569595 -0.129411333122312 0.00030351272637227 -0.0342963347174831
0.0427418794938424 -0.154530026830942 -0.0369364526312076 0.11225265505603
0.0664251810853775 -0.0455841967529813 -0.0264774636644248 0.187065205415651
0.0355335360445301 -0.102271744507843 -0.0873471393532563 0.209556472258907
-0.0546693972414369 -0.0921096220533094 -0.0309503585966048 0.20855020790117
-0.104538602428356 -0.0202503984640242 0.0600439931491474 0.169811395324789
-0.0565958361371059 0.0585133952911718 0.0835048179936605 0.0804850887804758
0.000289900964410313 0.0606320974513611 0.0577779126967061 0.0612028685610208
0.026387893615621 0.0554369982384105 0.0539940192269964 0.0640572163866321
0.043233537951886 0.0482257317220299 0.0496792826772923 0.0798027596130061
0.0503331569653732 0.0479721481319546 0.0386147135061778 0.115766568440205
0.0300421426925549 0.0654014884101225 -0.00801682341886332 0.13449284612533
-0.00744047867982255 0.0774840669709035 -0.0920334627467554 0.109930481353963
-0.0861771550188463 0.0481917883945149 -0.123893667585864 0.0248615133894051
-0.0983559000752324 -0.0341789669482187 -0.0813422706172416 -0.0503618186746089
-0.021281513601462 -0.101134640025619 -0.00118343574559641 -0.0204561415871776
0.0677017362026368 -0.0880700211702253 -0.0474837175124755 0.142925587323242
-0.0590109941644838 0.00298604512622335 0.0454659985272192 -0.174780277888066
-0.00369228491803465 0.0530972104612162 -0.0184858886254813 -0.0113918490294438
0.040553530381722 0.0318996674728427 0.0897740612437433 0.0690911671981333
0.0388504618834082 -0.0249417394769606 0.152212299064067 -0.0176964845070084
-0.00396214579052626 -0.0337936746427547 0.120129844829331 -0.131569934375091
-0.0170123241677535 -0.0164208804028935 0.0215724970369832 -0.180347219966723
-0.0112533753284347 -0.0130963036616182 -0.0510072306719049 -0.145803387252635
-0.0104440092581767 -0.0104375961916354 -0.0698249779431757 -0.10010696634639
-0.00549846322855542 -0.00610660970725633 -0.0703827220654097 -0.0862923889123847
0.000155937899712313 -0.00120918921938266 -0.0704129104507962 -0.0893641854378387
0.0107908883633851 0.00387932030028186 -0.0698602888456408 -0.101481862671183
0.0098808862018451 0.022224693958339 -0.0309793173415788 -0.147227158607488
-0.0224762552979299 0.0456166699409069 0.041084973773211 -0.184163753688168
-0.059438456445058 0.0106909706025919 0.0620588921847961 -0.172903596034947
-0.0692574532050207 -0.0391426224301587 0.0166584671477031 -0.180100269277694
-0.062022614481359 -0.0829197021742444 0.0617232188205137 -0.146484105185677
-0.0469160311464303 -0.0135554773948155 -0.0140540160418163 0.0138470522055455
-0.0320954187646818 0.0110315774057411 0.109569745760665 0.098375798226445
-0.0222472105220632 0.00348128219012834 0.182626168655002 -0.00321822027498042
-0.0202434501411007 0.014832024402609 0.137736695565564 -0.139826750530303
-0.0105221339208689 0.0274046109403743 0.028647799896737 -0.183771689848751
0.0131164252454607 0.0332346203920856 -0.0499306604504144 -0.147503674237075
0.020554681220729 0.031715453457864 -0.0714365618352305 -0.0921424669840044
0.0199041361575966 0.0416659508715757 -0.074711684531934 -0.0763053168471713
-0.00573751346639844 0.0515313206613167 -0.0751302407570034 -0.0748580219197241
-0.0249040067277879 0.0502060210218986 -0.0809135442726088 -0.0883043823758405
-0.06559732456258 0.032061683294938 -0.0497589366041435 -0.132765499925324
-0.087370264296881 0.00175717566254241 0.0202079473968184 -0.17045275212059
-0.0785350037072025 -0.0651985405788105 0.0361639022740194 -0.159032363704759
-0.056262767155258 -0.126645730730001 0.00187490910717597 -0.156626342766207
-0.0481732066042397 -0.159721353776319 0.0675577633394749 -0.094811382064559
-0.0769222353624592 -0.0929038041998396 -0.0181958907536262 0.0566885430619384
-0.106462842311637 -0.0251675496973077 0.119243592369268 0.144731582552683
-0.095939124488832 0.0261927500141065 0.211023047011569 0.032190993849329
-0.0443824648325289 0.0675119526120766 0.159494322510282 -0.130670420327364
-0.0072189377908261 0.0735765257440635 0.0419416411146296 -0.170867632105837
0.0333046240624457 0.0783339686068129 -0.0390577440592133 -0.132665803707373
0.0484512357273032 0.0695558953977268 -0.0614943029784459 -0.0709689148066419
0.0467791699275715 0.079152650695505 -0.068518864660348 -0.0491476901283518
7.88326573633808E-05 0.0935145938106227 -0.0752207622725934 -0.0420631722624818
-0.0413483922007925 0.0928773456114461 -0.0963589671795774 -0.0574723502278561
-0.118622868655869 0.0571343843908377 -0.0784581255517863 -0.107973287727898
-0.143585189950703 -0.0157622990308116 -0.00974720289789053 -0.153944952661628
-0.101745199505433 -0.115684473392604 0.013611687550817 -0.137667175859108
-0.0464141005069111 -0.191412254106048 -0.0140413296218415 -0.109561369104248
-0.0216879945069497 -0.212965351731407 0.0605386948948351 -0.0230739358847879
-0.0844144099199275 -0.169206590590786 -0.0323148741936354 0.109950969772671
-0.165142806623657 -0.075136068810551 0.109828017607173 0.19667485223374
-0.168813031455054 0.0332206949896402 0.221350997318222 0.082287795687125
-0.0749679288607895 0.111736023784187 0.173837180154489 -0.0996568574321823
-0.00881571122886078 0.112712678395416 0.0566956565053631 -0.13718547356607
0.0460871800054118 0.113156563630713 -0.0214799742499861 -0.101799280608414
0.0696294810081117 0.09580577717256 -0.0429127436531304 -0.0393533178119507
0.0701455000186844 0.101256676765855 -0.0522918024539005 -0.011772165947012
0.0130656245866506 0.118116359046711 -0.0668269324562108 0.000457567443711477
-0.0398064248037847 0.122457578133772 -0.105221025645677 -0.0156835467726879
-0.143572190168545 0.0832445544384555 -0.102485580172639 -0.0746862299664989
-0.177894169720412 -0.0155030048678851 -0.0372892206738667 -0.130373747488572
-0.118411209861249 -0.140977805752426 0.000570733604276608 -0.111429252685825
-0.0357792824899119 -0.22689097227941 -0.0241526242618889 -0.0504243896049353
0.0126556870716821 -0.229397111551092 0.0406698636589663 0.0553490593911656
-0.0643762858969991 -0.220908985140611 -0.0538510454296544 0.162434724947711
-0.187921403144896 -0.126578021684202 0.0774727308864796 0.239028937715515
-0.217796140723702 0.0187415329635519 0.202087618547642 0.134229535058368
-0.103329454344358 0.133579051739029 0.171260663518835 -0.0506758073894081
-0.0123720358962789 0.134795660202004 0.0664170299103293 -0.0865045798569575
0.050951085856977 0.131953896112763 0.00106728439392668 -0.0584087703669287
0.080397996959431 0.108124121935255 -0.0181460181240105 -0.00280445408584772
0.0837833118443397 0.107727449790911 -0.0280896926682335 0.0284588021006966
0.0261217312289779 0.125246824341753 -0.0502445881137248 0.0439914991364259
-0.0315674147652533 0.13236210181004 -0.104401827979092 0.0267833116102018
-0.146999250332046 0.0952641471470012 -0.115073428033832 -0.0396580226686715
-0.186404292278743 -0.0161756468070179 -0.0557838851091127 -0.104824847826118
-0.116064189402654 -0.148646237011404 -0.00232776485909501 -0.0842212612130609
-0.0159632775191701 -0.231042625789897 -0.0279928631632213 0.0115271362972966
0.0429050893292098 -0.203084752051671 0.0135332935021197 0.125877697961184
-0.0265610283084084 -0.228039788763162 -0.0764246571491091 0.201487750902759
-0.168551166174012 -0.15654369927579 0.0326430447886125 0.255402948664536
-0.223732401673591 -0.00652621021444792 0.157381551084131 0.170128761349483
-0.114364332412125 0.1279753971599 0.148063966780533 0.00407803117119829
-0.0139842273753071 0.13170894797608 0.0675690349685976 -0.027604629812694
0.0483203920790908 0.127617708354189 0.0223128942995985 -0.00977235769396348
0.079050451375249 0.10358624626184 0.00796475991295281 0.0333549017213946
0.0849145652531547 0.100451302917544 -0.00200737072785971 0.0656963870032547
0.0335880671256168 0.116569925275574 -0.0315516168713782 0.0831175241270878
-0.0228653321706638 0.125638171383727 -0.0981673410653093 0.06391239323911
-0.13788233538217 0.0893762662627587 -0.119469902152245 -0.00908308883506667
-0.173573731382535 -0.0224610709122901 -0.0669130624845005 -0.0801332020817206
-0.0948920268812089 -0.146185260791999 -0.00120325322920352 -0.0584625088965157
0.0126783287684087 -0.207395869255718 -0.0310376771711602 0.068264814359911
0.0624235833591211 -0.138238205754567 -0.0140124604601072 0.175476868517521
0.00992443322087468 -0.185759490709595 -0.0921835603845689 0.220200699958924
-0.118631871235376 -0.14522819214322 -0.00909872505257066 0.24376764400142
-0.18253887743256 -0.0214929931287256 0.104300062313582 0.181225172293931
-0.0976885740255812 0.10041454443711 0.113476261712433 0.0499380940378713
-0.00967118448473054 0.105542401187627 0.0630882259313741 0.0260995429019488
0.0397257276877898 0.100946162512426 0.0409880720398766 0.0346720894478735
0.066792549881761 0.0827800256370462 0.0324097091357246 0.063257128296413
0.0728642880630206 0.0794771658935888 0.0224571845293878 0.0971054630258476
0.0350104461699576 0.0961836860053304 -0.0162763216240873 0.115177022892105
-0.0153102890360381 0.106814628460737 -0.0937900863582004 0.0935629247861498
-0.118397929034972 0.072717475965264 -0.122365737349011 0.0134730831779906
-0.143974554562704 -0.0305876203437405 -0.0753630741709307 -0.0614305613585258
-0.0608362364408747 -0.131879417779672 0.000152717575755877 -0.0365416471365012
0.0431199304452008 -0.15931154570901 -0.0374342600076311 0.115442767407288
0.0680814162349311 -0.0478106381909972 -0.0302830110411443 0.193578784349694
0.0355185571339309 -0.10577210460463 -0.0902036717833425 0.216589817601246
-0.0569162576745339 -0.093912820315501 -0.0318149359292621 0.216011415868056
-0.107540386829925 -0.0193476330695113 0.0634515540592207 0.174602832595692
-0.056669489942755 0.0601812178639617 0.0857779224793874 0.0818812127168761
0.000526485658206272 0.0609047546918757 0.060079421637758 0.0632424774899767
0.0271552780877505 0.0559039405135383 0.0558481950278247 0.065960174217949
0.0444595812663466 0.0483756136662973 0.050983038837436 0.0822303608629568
0.051174356277443 0.0475232870287908 0.0403853052397676 0.119351843074017
0.031675149782139 0.0661039144443256 -0.00749270941202272 0.137979239683692
-0.00706462676570221 0.0785961149200863 -0.0949938489881533 0.114814614742004
-0.0876567969964783 0.0507771445799343 -0.128599903390041 0.0272200481453175
-0.100263237920799 -0.0342492189394841 -0.0852619699817639 -0.0520192538774566
-0.0215654300680588 -0.102483614073274 -0.00158429530437297 -0.0224182793298524
0.0680465030252665 -0.0908059725589838 -0.0484658918560654 0.147063224420331
-0.0616894270382538 0.00271508124042431 0.0465006110913526 -0.184602223729616
-0.00271702380056919 0.0548402425049764 -0.020356566195641 -0.0124082380269707
0.0424374124229021 0.0326436964786208 0.0972222996490833 0.0733161565040014
0.039688652655409 -0.0265876390497322 0.162258267256036 -0.0203053344328163
-0.0052269429936932 -0.0339735267210776 0.125376009221031 -0.141294922639584
-0.0183340119075 -0.0148824406257107 0.0185047158864398 -0.190539898785255
-0.0119526784799898 -0.0129957116231004 -0.0564968380322695 -0.153664115128976
-0.0104273063828853 -0.0099526205011907 -0.075161761010481 -0.105326622220938
-0.00506902269931261 -0.00469624790960742 -0.0760967075301616 -0.0902039869311719
-0.000362440361121113 0.000136932946449504 -0.0764643462978067 -0.0928717278465209
0.0109077598544321 0.00422598357175435 -0.0748508494778592 -0.106122387589186
0.00931805324126145 0.0232560607475261 -0.0334115894865375 -0.155906220912796
-0.0228034369873206 0.0475210084517713 0.0407626899735431 -0.197724802505123
-0.0614060883440774 0.0100432170729529 0.0658451005827584 -0.18431843752276
-0.0727444592040623 -0.0410719105502732 0.0195603502470808 -0.192280350783019
-0.0654406778628978 -0.0879973969763453 0.0635262242729163 -0.154641232075324
-0.0489852034154002 -0.0152523712007776 -0.0152000333374936 0.0146760043228424
-0.0342763825197313 0.0112495604916163 0.117829424379589 0.103348295296926
-0.0253048674936455 0.00391898514858281 0.194490600095615 -0.00506885945069722
-0.0216969559716286 0.0171215417385542 0.143664732726857 -0.14964102072003
-0.0109742085710549 0.0314761335146068 0.0259566335501912 -0.194888476280736
0.0147152824744151 0.0356504201841839 -0.0555388639866556 -0.154500728187085
0.0232829116568179 0.0343640692391939 -0.0763206433114826 -0.0968992385932764
0.0215258636425224 0.0446561494470188 -0.0806150632460828 -0.0784088389281816
-0.00542781042194554 0.0564366103111604 -0.081255415839612 -0.0772623236001621
-0.0263416022058443 0.0537713305098237 -0.0872848164224864 -0.0908589134176277
-0.0710123170967191 0.0345132640490185 -0.0538696477307838 -0.139244253150372
-0.0925148411067935 0.001831828202419 0.0186528783313598 -0.182819163201236
-0.0819353099738373 -0.0704687117937369 0.0380241570253361 -0.169695917932304
-0.060104594703043 -0.133846657990121 0.00322297405719888 -0.167626441170277
-0.0514757984143102 -0.169243262950451 0.0701533103414765 -0.099450566806933
-0.0817914770568555 -0.0990190494522645 -0.0195824530123773 0.0599046133463022
-0.113751954712108 -0.0270287123598727 0.127872664669427 0.153255061715209
-0.10408961014545 0.0288488006928071 0.225369164271815 0.032582211201939
-0.0474856306161221 0.0727641950156275 0.166122255617316 -0.138952892276445
-0.00753627207118854 0.0794117686474213 0.0407522605182249 -0.180535423831128
0.0367702956665461 0.0826072266028829 -0.0445049658373054 -0.137920421557326
0.0534281930320495 0.0736785697643409 -0.0650823021139768 -0.0741121735746257
0.050311277176323 0.0837922657668174 -0.0733637830713857 -0.0495011566221947
0.00131211531786471 0.100436104926673 -0.0807533042172656 -0.0425575255969703
-0.0428847499744876 0.0992516138775213 -0.103557089350404 -0.0574689384177619
-0.126507769078196 0.0624197847443609 -0.0849250759839505 -0.112612617807263
-0.152025605430515 -0.0160008956432906 -0.0135153218473056 -0.164327556821068
-0.107076580510268 -0.123463466423212 0.0139529825195803 -0.1469939306093
-0.0498284568099267 -0.203380687710432 -0.0138587180040964 -0.117174805200673
-0.0232191045177477 -0.225030707703372 0.0634877387332384 -0.0241711757096895
-0.0902215077277559 -0.179238528185515 -0.0332649683441973 0.11648539632052
-0.176597264304965 -0.0796222676192672 0.117760865561544 0.208750235432984
-0.180763762776455 0.0375833831119393 0.236448380126528 0.0850084127658682
-0.0791442108792211 0.119646180557123 0.181823227871564 -0.106494865679692
-0.00848099917949882 0.120658193395473 0.0572481662379989 -0.145165515275814
0.0517075505145671 0.119676902043039 -0.0244343253125237 -0.105549390944612
0.076880776855496 0.101204664616115 -0.0449023557376591 -0.0406747488773169
0.0751156642872228 0.106332108153817 -0.0553844197126284 -0.0101745656824729
0.0156566441878293 0.126373742765461 -0.0708916399901214 0.00208639398787741
-0.0413350007667473 0.130019130386457 -0.112108074018993 -0.0133446129391839
-0.152332327083866 0.0911454953418547 -0.110557211761505 -0.0760974009377661
-0.188827181949099 -0.0159805436424372 -0.0425539145698706 -0.139429736455604
-0.125312011089743 -0.149032530567312 0.000108672302487785 -0.119716489152685
-0.0386529000406915 -0.240809651565512 -0.0243258776146411 -0.0541106700905178
0.0125332237810212 -0.243378715371019 0.0425487075884574 0.0592565792185286
-0.0696823466728295 -0.233762395823134 -0.0559736415717243 0.171875740164755
-0.201162323721805 -0.134104558885372 0.0844979698786808 0.253431225035803
-0.232798723696898 0.0233850919026119 0.217350657061765 0.140058144733138
-0.108373891965952 0.143133806948614 0.178911923332041 -0.0550152151842666
-0.0123591482841975 0.143872977927801 0.0692817844486097 -0.0914367981429201
0.0565613647023566 0.138845242718383 -0.000503348609603421 -0.0601313804452723
0.0881127775199918 0.113414619226299 -0.0182790729149029 -0.00221577161965732
0.0897294810398074 0.112531629835188 -0.0288134913255667 0.0319987379406463
0.0294740371433483 0.132773651586309 -0.0523345039094776 0.0482995106011931
-0.0318024337669206 0.140642786529712 -0.111356214756927 0.0319778750570676
-0.155579595063693 0.103561363427095 -0.12415270910236 -0.0384872992033211
-0.197787527109541 -0.0157375032959626 -0.0626110784784536 -0.111528410973409
-0.123414655278265 -0.157168650813127 -0.00337563998207815 -0.0903396606843102
-0.0182611048140653 -0.244907577678906 -0.0282999695430565 0.0117990730740881
0.044948389915524 -0.215411564860732 0.0135677810591973 0.133874296035165
-0.0300698052467832 -0.242308561159676 -0.0799069402176981 0.213634033334251
-0.180126049724862 -0.16551004064801 0.0363606445484953 0.270982096120614
-0.238781258928049 -0.0022462355593977 0.170137870759815 0.177732847111372
-0.119334005015947 0.136706436429915 0.155046941064747 0.00266153475339243
-0.0142789957880283 0.139643159974001 0.0712359443194678 -0.0293409235007565
0.0534214764990039 0.133981046487492 0.0228485956213928 -0.00917301392961497
0.0867612173161469 0.108246569692511 0.00960026735824364 0.0357087872545829
0.090300157733988 0.10394889609595 -0.00051253427643551 0.0706509952998839
0.037170431436772 0.122974590247731 -0.0322960847003598 0.0888691808527373
-0.0230269018842579 0.132667602835686 -0.104222660010303 0.0712416187443461
-0.14522927978312 0.0975870441259384 -0.128070825482243 -0.00607354974318476
-0.184030942859509 -0.0220583413296144 -0.0733059384900513 -0.0843247173905401
-0.100506456800266 -0.153505103711341 -0.00185692234269715 -0.0633147560407367
0.0111302602623906 -0.219617830474562 -0.0314802597319349 0.0723247042284779
0.0654303248017449 -0.147827392541168 -0.0162740976125779 0.186372148568671
0.00814382088834684 -0.197216976916561 -0.0962444411513235 0.234246473442529
-0.127273476908878 -0.152254748988384 -0.0072112176218368 0.258635903501695
-0.194380149689112 -0.0186757079535187 0.114146747798689 0.190811587511567
-0.101185351273571 0.107111994469028 0.119411437162269 0.0519763984426361
-0.00985751326538892 0.110695679221192 0.0676588177835564 0.0275274874872373
0.0438703490017535 0.105258405775016 0.0435749505821423 0.0372840635263442
0.0722158344439139 0.0862249608898516 0.034825780346457 0.0673387465233164
0.0777491871647339 0.0820143208801972 0.0250605975598625 0.103074866989106
0.0380827534113629 0.1012488426036 -0.0153358251178679 0.12189806364078
-0.0147179763776034 0.11244410758223 -0.0990995592573628 0.102074677672321
-0.124663161139884 0.0791131473696324 -0.130662747796734 0.0172176880544236
-0.152502748455519 -0.0301798725817639 -0.0815014888998578 -0.0647380145982418
-0.0644312406004395 -0.137855817479548 -0.000469481722443988 -0.0399792937332989
0.0435057886570884 -0.16945307575143 -0.0386562435800942 0.121685528856974
0.0716653071211823 -0.0517968388451788 -0.0331842071938681 0.206280609544795
0.0360801651569731 -0.112058698013728 -0.0948138668230679 0.231252008756905
-0.0611941842667637 -0.0981762791913904 -0.0324086061501129 0.22950556470978
-0.113789802884503 -0.0178034749897018 0.0706568873715947 0.182837439216581
-0.0576272591501281 0.0639501705972277 0.0911848751012071 0.0854211095925352
0.000952929400685223 0.0628267384968187 0.0655779210165526 0.0668952487823951
0.0295401356805172 0.0582439221699623 0.0600196778208525 0.0691208941245259
0.0479573323609701 0.0502411121646192 0.054666393026653 0.0871906385310958
0.0541368986947252 0.0489121058299646 0.0438897315524123 0.125589954673771
0.0341289821574121 0.0680173739137484 -0.00578944055212195 0.145820809245492
-0.00602224981355981 0.0823730816092033 -0.0993166563818415 0.123284557039602
-0.091919455038334 0.0553642226710653 -0.136530794127759 0.0308112079873407
-0.105633709418617 -0.0343414939005919 -0.0924548985715896 -0.0540933870300915
-0.0229278444108554 -0.107061503711585 -0.00213024389419822 -0.0245462152459173
0.0700529570126597 -0.0970404424895264 -0.0491915366637871 0.155650846973483
-0.0661197509735718 0.00838416345498798 0.0363684007408365 -0.204217285677673
0.00363985649943236 0.0561234879605657 -0.0278339455277998 -0.0108396885584585
0.0492074703534065 0.0276911012393548 0.107703715928463 0.0730105808095072
0.0381384616184503 -0.0350921244866453 0.173317297497191 -0.0321718220895702
-0.00998378034317859 -0.0366867655220255 0.122089606753868 -0.163903631608875
-0.0232509080519824 -0.014556006428759 0.000557224165559254 -0.204614840468892
-0.0154026065732994 -0.0118188856525507 -0.0760927788755558 -0.157206359264624
-0.0123344343675228 -0.00846936308853138 -0.0913539971771152 -0.105777489694723
-0.00575020424914616 -0.00388481668445074 -0.0920134412563556 -0.0898748364002477
0.00138717716858811 0.000713148542280394 -0.0936071760114244 -0.0940366753126794
0.0128161817298464 0.0019820187435123 -0.0916510176736919 -0.108013383100493
0.0142264806820161 0.0235868969026305 -0.0523573975888782 -0.169297834577362
-0.0152897753081324 0.0537040526985014 0.0246627586115075 -0.223467195350915
-0.0613515649632137 0.0177374176496623 0.0603688657833482 -0.207072547838944
-0.0795807703196408 -0.0378922166936227 0.0121842817612226 -0.207807207119938
-0.0804844447222074 -0.0860191144211664 0.0634987926958912 -0.172615390814427
-0.0530153977541256 -0.0111223183149931 -0.0149146092676667 0.014217848498649
-0.0333094861631178 0.0147273782415435 0.134915739332591 0.0964334723852853
-0.0254531034746573 0.0065864985714547 0.207431121945358 -0.0252814853200623
-0.0215942373367557 0.0181412963233342 0.136888130923992 -0.174785923872547
-0.0105702706360322 0.0340824474369713 0.00605892061245258 -0.209647065265015
0.0204790667335835 0.0358076504782519 -0.0793143090266888 -0.157933542468945
0.028123642859953 0.0344020543955143 -0.0910687324998865 -0.0943869728438585
0.0288418786635477 0.0451479032856519 -0.0958702619263368 -0.0763481449829933
0.00260631271339106 0.0611210708997945 -0.0979480497780222 -0.0768626163273413
-0.0205613485873565 0.0594530017005633 -0.103884729146358 -0.0911386836875329
-0.069787622454154 0.0457956116338554 -0.0713830834835882 -0.150908649114669
-0.0952994380317604 0.0122757007283879 0.00559887088739727 -0.204604032494319
-0.0919299832479244 -0.0680744853194645 0.0295636732103606 -0.184765369828244
-0.0749407671579474 -0.141582599672104 -0.00782872372594913 -0.174418506827686
-0.0760267300807733 -0.171855064379625 0.08059186348949 -0.113293043091646
-0.0965592224577367 -0.0937963373332399 -0.00993136636506769 0.0607397905072677
-0.120945351968905 -0.0146417609845352 0.154269156208499 0.141528298372988
-0.103706030096804 0.0439079370004576 0.243284632522571 0.00432997735078104
-0.0414911386534718 0.0791117071888364 0.156719925131836 -0.166608699203505
-0.00172738218571829 0.0843323181264099 0.0209931553974321 -0.195368198459048
0.0506165211947253 0.0825518058489561 -0.0685863711817502 -0.14253927410065
0.0645212747936995 0.0728377694102612 -0.0769387341290563 -0.0707110911792224
0.0640974098954113 0.082265401741523 -0.0848687848683077 -0.0446591006448084
0.0147708991212844 0.107341355052126 -0.094629786955413 -0.0395434185538065
-0.0331920458917304 0.109270653053567 -0.120077016436316 -0.0538260839379468
-0.126090392359804 0.0824280566891596 -0.102322915081119 -0.119264317086332
-0.161487790100411 -0.000306178393771757 -0.024796144547187 -0.181367054571254
-0.125687823894343 -0.123420623006696 0.00433652941501163 -0.153960170758369
-0.0715386679419191 -0.218955599258669 -0.0264092820720105 -0.114386786513191
-0.0521718081544381 -0.23334297338774 0.0827233507307977 -0.0307432052043603
-0.115023330402981 -0.175892840486033 -0.0151580189772468 0.121586653066773
-0.193341391159246 -0.0612313945026614 0.153309159610146 0.197013588738274
-0.182625962012004 0.0649189938313124 0.260631412057245 0.0524043643353374
-0.0684429032781305 0.131538310968056 0.172727966740026 -0.135612453916658
0.00260807923247058 0.127433405257707 0.0399113082086419 -0.15990726154778
0.0714678006047586 0.120099266983579 -0.0471154251113805 -0.110944256985142
0.0915227491126315 0.0993694948505406 -0.0515115548834994 -0.035939048503483
0.0927884018842662 0.102496753714639 -0.0605275279883166 -0.00354527975154414
0.0329985461774379 0.132755436805674 -0.0791086499501597 0.00836911232790782
-0.0280908403780272 0.140814551041295 -0.125926303374685 -0.00401012826000798
-0.149549473420653 0.115899156614414 -0.126513133338992 -0.0779525350763164
-0.200863294386363 0.00425420842362371 -0.0531491394968913 -0.151661647963134
-0.147883484096903 -0.149183686411702 -0.00940044333337068 -0.120858531027191
-0.0641624271249119 -0.260456683824397 -0.0359513888925204 -0.043116971553769
-0.0158814133889515 -0.255776556486058 0.0670149280806228 0.0626804336765047
-0.0994472706735203 -0.234936453824433 -0.0306868717359204 0.18469001050466
-0.225786327608844 -0.114018312999243 0.126680566036422 0.245632416653128
-0.238815801101167 0.057678029365523 0.247317445051701 0.108489880041471
-0.0953150675612941 0.160409737093344 0.173374351570889 -0.0822026127141221
0.00094726575832006 0.151526871976255 0.0565808850010392 -0.103898784039692
0.0800677889604713 0.139785971379114 -0.01810796776042 -0.0653193793147843
0.104860843981316 0.110283227642678 -0.0195003504473855 0.00292254360503919
0.108364634976708 0.107543132329658 -0.0276167528857059 0.0391990543360669
0.0481853573640658 0.137107279687205 -0.0551058064029238 0.0565903898026082
-0.017425266285099 0.150083495172449 -0.120259069471844 0.0452313448850642
-0.151331094592819 0.128831921575918 -0.138150282177399 -0.0346635899165056
-0.210967240398058 0.00549678953260783 -0.0722212632178512 -0.118383995845177
-0.146964039892432 -0.157639050973394 -0.0113514099444153 -0.0877419470440037
-0.0437119110913453 -0.267534625164847 -0.0372744724394889 0.0289362449847955
0.0217863638571152 -0.23072718715947 0.0380341992278197 0.147329644555819
-0.058930053501588 -0.247588606986397 -0.0529679274204467 0.23354756636175
-0.208024144758597 -0.148717647204149 0.0798918892646028 0.269627297344928
-0.24816166690388 0.0326779200459617 0.202650137202101 0.152456254699969
-0.10573877725941 0.156111633043013 0.15359250807801 -0.0192076030972845
-0.000499753548843704 0.148081694487813 0.0660572868349513 -0.038525857027204
0.0761467942901403 0.134992535406286 0.012866661947875 -0.014415836636782
0.102781199400603 0.105128898833413 0.0141342835643926 0.0406899556760096
0.107419681624729 0.0977812520947221 0.00710980081158773 0.0782135154859487
0.0541365226227654 0.125677192167059 -0.028975721372915 0.0983683908893918
-0.00925678287158899 0.140744373350104 -0.109059544582789 0.0871694096659065
-0.140950596954929 0.120788640740608 -0.13993104939504 0.00174586252559474
-0.196791330848572 -0.00302079131364784 -0.0817561902645582 -0.0875711929137044
-0.123051979674086 -0.155672233345096 -0.00831646127918038 -0.0591187865375883
-0.0102795438739992 -0.242754062770837 -0.0373886174111231 0.0925603621911388
0.0521090843552382 -0.162014006366727 0.0045534884594568 0.206955253430589
-0.0127219794284123 -0.204474332172417 -0.0713010446759599 0.258517668620397
-0.15167021924293 -0.141184395200221 0.0297638183135363 0.266230368228054
-0.203372098241958 0.0100913127636281 0.144532714173265 0.174538379243272
-0.0896340730212947 0.123229126432674 0.122783368841476 0.0368059985867148
0.00208540373468246 0.116753042874195 0.0690562760355635 0.0224968415700314
0.0623680667222421 0.105439330798881 0.041631520948355 0.0330823054649967
0.085823295438971 0.0828114361873331 0.0444785770143094 0.0709006955123095
0.0907868791985062 0.0758925364934031 0.0380496478706023 0.109893066598354
0.0520079008105831 0.100959813851774 -0.00706995553985379 0.133475501870986
-0.00321577002894731 0.117410321680466 -0.100221087196407 0.120400051242414
-0.120855790963141 0.0981567472392857 -0.140643216788983 0.0281156354727667
-0.163607166974196 -0.0156087920388433 -0.0900472835746012 -0.0640265500635379
-0.0827437969129946 -0.142247293256064 -0.00616906903147505 -0.0355436691843205
0.0283035838627669 -0.19036137936205 -0.0407499513245337 0.142924046471665
0.0700340353651609 -0.0628516880522477 -0.0208582321433231 0.22992503074923
0.0260167863578204 -0.118498908309967 -0.0761005899766369 0.257458255443452
-0.0747231547636412 -0.0923114183392692 -0.00516438102234661 0.242569985987226
-0.1182921538976 -0.000166505925292063 0.0955708376715308 0.177689254011227
-0.0486186314979074 0.0737529877450884 0.0993329507467359 0.0779412350394547
0.00898063427188884 0.0644071688060558 0.0730483710013326 0.065173294862548
0.0398174505206429 0.0575437848518116 0.0661270934648407 0.0664615988577935
0.0559031326618004 0.0474245144792792 0.066878310585453 0.089586941364477
0.0622769584974827 0.0441844315208233 0.0603778619694765 0.131969817295637
0.0428597990353708 0.0668340184383567 0.00640475006352807 0.158384201517786
0.00217522295678315 0.0844916519091671 -0.0978432140208587 0.144593374362228
-0.0894874332507021 0.0675876017988072 -0.146053031203462 0.0445781481146688
-0.114130529016574 -0.0254471038989256 -0.102227093162174 -0.0507661831925452
-0.0342789901335229 -0.112385726697988 -0.00768116559151082 -0.0218274795233848
0.06379499407886 -0.113997272425927 -0.0489851238010895 0.175745470727242
-0.0695949600511792 0.0125021676452053 0.0247585643862836 -0.217835052488841
0.00697223119230234 0.05770074475298 -0.0313487348651068 -0.00798504571317379
0.0534546683744636 0.0256684276733999 0.12081124022302 0.0706666942035935
0.0362099603466384 -0.0392030963586704 0.183129530998369 -0.047471424353363
-0.0134602151996092 -0.0359948377265469 0.11786017138621 -0.182792245495004
-0.0249247433707626 -0.01184245821534 -0.016248900897956 -0.21646609559684
-0.0167880371134879 -0.0108756320695936 -0.0924460644725219 -0.160369794497954
-0.0128894319556463 -0.00731991027629372 -0.104612222064334 -0.105657183779118
-0.00567966369501724 -0.00258702282389196 -0.104742985477003 -0.0885085827058707
0.0014521161377459 0.00138119139579304 -0.10717268174359 -0.091989573622015
0.0132599827099272 0.0012495589724774 -0.104236512353739 -0.107884367173664
0.015160697498584 0.0244985502487806 -0.0673061135532037 -0.176788916128664
-0.0118164663011798 0.0566653422169418 0.00937999797700124 -0.239768270817372
-0.0638298134322253 0.0204446153544061 0.0521937252995078 -0.224312728192865
-0.0866431320759072 -0.0343497810595569 0.00217358712627239 -0.22449969927898
-0.0910472834441634 -0.0864008584695927 0.0562277269375694 -0.187002743623856
-0.0573705488507802 -0.0100298946694402 -0.0163997269593456 0.0168799277700992
-0.0358498823334275 0.0174738201622055 0.151400696389344 0.0942678172293431
-0.0290782292732574 0.00969388916180772 0.220181265139106 -0.041766368978644
-0.0222216763802443 0.0228713087449436 0.131593335090787 -0.194101623502446
-0.00814919663243233 0.0391571729338967 -0.0104075375025603 -0.221514166130077
0.0246173540808049 0.0372684367124105 -0.095564409680973 -0.160138516879873
0.033133342841854 0.0352807521698304 -0.103026550073168 -0.0936525186336349
0.0353614349510451 0.0468252050434768 -0.106895719976291 -0.0725865617134511
0.00779887700611828 0.065865549840964 -0.110481153666256 -0.0731163461188653
-0.0182904083567222 0.0651180396703781 -0.116738931785794 -0.0882086077950438
-0.0725359261198145 0.055096991180331 -0.0868357027098559 -0.155095042170956
-0.100414402377918 0.0184766205568774 -0.0107784982904989 -0.218505282294703
-0.102338058137214 -0.0690862877442659 0.0202558284933411 -0.198789639622045
-0.0885517615598905 -0.145613787736147 -0.0179889008541948 -0.186747785779145
-0.0914393260528959 -0.177867203848899 0.0779381362978658 -0.125253309930796
-0.108381744617254 -0.0945476039305705 -0.00776537317892591 0.065416697337038
-0.130635057520456 -0.00796239366224589 0.174772699939848 0.140697387735434
-0.109298458596782 0.0559404097452808 0.259529267063757 -0.0127232424973549
-0.038848330254214 0.0883920744948733 0.154067964751305 -0.186529259132698
0.00461634846027225 0.0920090344560319 0.00671627077558935 -0.207661692633476
0.0605770066733464 0.0846887553717618 -0.0829882042208927 -0.143607097640126
0.0747709260081505 0.0725331884822059 -0.0857118670787601 -0.0687085946494128
0.0746133016887561 0.083480700758011 -0.0927893521508796 -0.0394564405014171
0.0240193203659486 0.114284432163552 -0.103777924468582 -0.0331312036411399
-0.0280906818124141 0.119205314515785 -0.131050116488647 -0.0458969068019687
-0.129799563857172 0.0982386211501435 -0.11749435106006 -0.118508818653672
-0.17175327770941 0.0103112690641238 -0.0418774467616723 -0.192043078164562
-0.1410190394504 -0.12491203344712 -0.00563655078753432 -0.165380383329129
-0.0903935076728773 -0.227917261418477 -0.0339536528524303 -0.121902261914915
-0.0708444722683501 -0.245331702760151 0.0845963662781547 -0.0364340117992874
-0.133057950015355 -0.180640947964663 -0.00839573156905072 0.130278087740627
-0.210608683740014 -0.0524238148061618 0.177140471681486 0.199097401410765
-0.191068687917461 0.0838035267450334 0.280974919707528 0.0360716238715281
-0.063750277657143 0.145610565137028 0.172841514727461 -0.154384950037829
0.0121112122445653 0.137062173018595 0.0304124294577943 -0.171568962659474
0.0856668937134801 0.121869957086481 -0.0575622812909169 -0.110981213173024
0.106001554951621 0.0977352984239674 -0.0562223854925344 -0.0339637473274492
0.106151756674371 0.102933383287222 -0.0637687314852524 0.00220196150448786
0.0454195999001823 0.139467410238961 -0.0840089273829982 0.0161036135465384
-0.0200351216589216 0.152176362980678 -0.134044007260267 0.00756425670161822
-0.151459287798062 0.135866460425043 -0.14051309717377 -0.0719060899584432
-0.213321769542466 0.0180757192958489 -0.0702643055553074 -0.158320050806422
-0.167042456355088 -0.149981472468782 -0.0181908875407429 -0.128947613075786
-0.0858860780611795 -0.273005576270504 -0.0391544006280367 -0.0450081702839902
-0.0331975492272866 -0.271228733862796 0.0738176193734084 0.0627720594775784
-0.121168947284693 -0.243966051522136 -0.0210149690750217 0.197628451371265
-0.248724080553757 -0.10606747316475 0.152349360540996 0.2525942338837
-0.250752738095188 0.08033638025759 0.271336908325296 0.096325624963824
-0.0898847053964228 0.177022108656027 0.176329361363273 -0.0975681395224651
0.0119230023761973 0.162135263460105 0.0526128310954852 -0.113554263171803
0.0962229450102281 0.141949873653401 -0.0234057076314224 -0.065077502290096
0.121150600547613 0.109004961941803 -0.0191434750142529 0.00467700008833411
0.122671435415298 0.106180893280217 -0.0254688012335474 0.0450579605069046
0.0613388943677399 0.143115312598278 -0.0543394129976161 0.0650682458896611
-0.00827233641086552 0.160636446478365 -0.124481634304372 0.060083649977028
-0.152420413446688 0.150314040124951 -0.149360777374123 -0.0252063401764654
-0.22320980871016 0.0206901692981271 -0.0878734546032387 -0.12148592933369
-0.166052942855406 -0.158298673789652 -0.018506293791233 -0.0939671231665473
-0.0653804718050177 -0.281657301233772 -0.0360526581223048 0.0320866669470649
0.0082133379801585 -0.247386940534804 0.048301259203298 0.154760699515879
-0.0788168061527016 -0.259336522682113 -0.0409202838334849 0.25117268745259
-0.232203300658731 -0.143570975035517 0.103458108474142 0.282160968901159
-0.261968634472855 0.0548761692203469 0.226433587147611 0.145999861390872
-0.101437439169027 0.172189219010081 0.159749512092134 -0.030146220049956
0.0100526872239898 0.157647918392087 0.0677284425298303 -0.044857742948514
0.0918845892961453 0.137387085172 0.013004683058278 -0.0139865219846261
0.118108693379999 0.103109148424301 0.0186704499189437 0.0424044521421575
0.120782251855931 0.0956758810189573 0.0141910088370087 0.0832598241007263
0.0672291922755521 0.129093142705962 -0.0236610393592789 0.107463506258134
-2.35676566317413E-05 0.149347817046839 -0.109530178649195 0.103469084309721
-0.14134123048658 0.139806097692717 -0.14858423528634 0.0135636272811825
-0.208637035126178 0.0109252130638407 -0.0957224899126554 -0.0878702245866019
-0.140014083034396 -0.156800729526301 -0.0137043826321016 -0.063507089400582
-0.0288155634225955 -0.25747236575192 -0.0317014992869729 0.0998636451371253
0.043857602563245 -0.176765778053418 0.0157723619471833 0.221335467269178
-0.0286381408808777 -0.216880450392664 -0.0590355215094484 0.2802574120258
-0.171152825307665 -0.138824766036547 0.0503497219495999 0.281193445973328
-0.214930047196572 0.0268180503741655 0.166065232946619 0.173561058625622
-0.0851570000980475 0.136491502195316 0.131586633104098 0.0316584021533679
0.0096458402535903 0.123884237982994 0.0758898652882993 0.0192851022452367
0.0744246205787414 0.107153969279445 0.04694171824733 0.0334553543224508
0.0980241543302344 0.0807150128798591 0.052422466091529 0.072301204282362
0.101001618218359 0.0731993132300323 0.0488314788114577 0.114388676499646
0.0623452515848692 0.103068135602885 0.00207323053358404 0.141409352152106
0.00472186266296559 0.124164115972219 -0.0973541790444604 0.137593874508263
-0.120997737329123 0.114254557338351 -0.147591484879576 0.0415757934140803
-0.174233924775634 -0.00483553056733507 -0.102273876044574 -0.061863579196995
-0.096199714831197 -0.145042620095141 -0.00988442474643237 -0.0390983164778438
0.0155001558062351 -0.204305222182081 -0.0329320563233468 0.154114939925519
0.0698060470208122 -0.0727245670569489 -0.00976367811737317 0.247498845018397
0.018603842818147 -0.127612216991764 -0.0642029374790675 0.278881211359432
-0.0852511391185334 -0.0915254107398109 0.0112335640680692 0.258712906609162
-0.124596886324955 0.00956245251153937 0.114775654620328 0.179762860741858
-0.0450365202601151 0.0799742218974937 0.10996258932066 0.0754275155089792
0.0131412458799528 0.0668194169159215 0.083075250030004 0.0638823828117578
0.0464815439084652 0.0569339012929922 0.0748649817132648 0.0659949781213288
0.0634543515229138 0.045402236870442 0.0771652037739161 0.0902316172925187
0.0683645803387736 0.0416707952484733 0.0741401987892199 0.135163260661718
0.0501847233426963 0.0665086798517893 0.0179548045297601 0.167019883896866
0.00801369150330577 0.0884142846037424 -0.0931672607072649 0.162533635854339
-0.0889845120042173 0.0792826440191886 -0.152486796063199 0.0586395564300012
-0.121841749049348 -0.0180086112254266 -0.113777602517324 -0.0473396086771631
-0.0435267700819479 -0.116350667888877 -0.00990583519787909 -0.0237688744030257
0.0579830088641839 -0.125192156777858 -0.0388967934402209 0.189457392094773
-0.0707642953777869 0.0174899958279315 0.00860486061826848 -0.22644540469115
0.0107237195206609 0.0571772686128072 -0.0339965056008606 -0.00409976733961881
0.0560349351514999 0.0218099024229407 0.133155393692623 0.064431799821245
0.0333084893804708 -0.0428084538302199 0.186350600992871 -0.0643948649736146
-0.0163816976990296 -0.0342417333503685 0.10602804667844 -0.198354715738321
-0.0255585985783966 -0.00847522119013667 -0.0358806423090895 -0.220457586961063
-0.0180765750760582 -0.00876321090069578 -0.109481866583349 -0.157334002200193
-0.013402947303439 -0.00608003662521022 -0.116418782749411 -0.100419644309046
-0.00501455606158891 -0.00144520868368275 -0.116025046586038 -0.0820919662807878
0.00211650816840936 0.00212002226217401 -0.118451163187631 -0.084878603528803
0.013233288586469 0.000521356805702615 -0.115737744367225 -0.102765067723865
0.0168023258958675 0.0241389041646617 -0.0838461919067532 -0.177742579868225
-0.00739252278008879 0.0571094180823094 -0.0118149518814414 -0.247981042709283
-0.0651865811155642 0.0234671486268204 0.0387020893016345 -0.236626867331905
-0.0909516825856394 -0.0287991415546779 -0.0127368140884935 -0.234525034942686
-0.100859435333447 -0.0831849023576488 0.0441321661914996 -0.196962888179456
-0.0605620055094654 -0.0075635254100113 -0.0163107258405663 0.0200408130966089
-0.0374911891205645 0.0202311159550072 0.165887279231447 0.0864085209610334
-0.0310498094597711 0.0141346773078954 0.225660789868998 -0.0613122085288484
-0.0214005459663257 0.0276542253993298 0.12030764435171 -0.209935619590749
-0.00410409687412539 0.0429292576236052 -0.0301873959263431 -0.226062391907954
0.0294497950989594 0.036642824802424 -0.111542925546024 -0.155248346413915
0.0388729494011398 0.0333043976526004 -0.113491379893996 -0.0883173379927652
0.0411129738213357 0.0465588455971156 -0.116298762445789 -0.0647973621253121
0.0139341105421298 0.0688106382361968 -0.120325455046051 -0.0644110676962356
-0.0142753213574893 0.0694013805750249 -0.127353769700824 -0.0808262244410761
-0.0723997426235031 0.0644551084629292 -0.102123869064605 -0.15370359395953
-0.102146197865223 0.0250446131145791 -0.0314094657389554 -0.225555606616422
-0.111216990598366 -0.0658097387936321 0.00662715500209818 -0.207960304695736
-0.102373899710529 -0.143920146531226 -0.030488325328358 -0.19441643820234
-0.107488812837633 -0.17774487317877 0.0705063267533755 -0.134938760948247
-0.119493188220945 -0.0914852219363966 -0.00389493050465151 0.0687197345070361
-0.137117073861032 0.00195066226144604 0.19310601623837 0.132474610370427
-0.109870639271941 0.0688206152177559 0.267932989745619 -0.0348487902176056
-0.0343531129039205 0.0954918692643807 0.144006550099511 -0.203497351610908
0.013187304867534 0.0965490218124013 -0.0106934347609904 -0.21322334422545
0.0702140901073599 0.0819534688871469 -0.0967099154989504 -0.138309918973862
0.0849996184851175 0.0680072379657396 -0.0930732167800181 -0.064077098250468
0.0847846057484056 0.081029875270324 -0.0979066014526874 -0.0315972906552727
0.0353963434816092 0.117431031901269 -0.110033688881181 -0.0239904295489325
-0.0196529652830543 0.126396206583084 -0.13883597128544 -0.0350353251334542
-0.127289607193409 0.114175647765985 -0.131007503722131 -0.112795068928995
-0.176758732320124 0.0230837447146976 -0.0614773069470648 -0.196266927292589
-0.155908069161691 -0.120874636032331 -0.0180562698461502 -0.171138199717188
-0.111304948211288 -0.228732147286253 -0.0420446265459821 -0.125008809488916
-0.0906875009140812 -0.248924156567065 0.0844698372754747 -0.0440742936763593
-0.151301056501001 -0.177589258673742 0.00030156365421299 0.135486373712561
-0.222999866735356 -0.0375022651141092 0.20001139470132 0.192965446909205
-0.192652671064808 0.104271623348406 0.294829800353705 0.0144147430132693
-0.0545691009281515 0.156527850659681 0.165542935718764 -0.170689538534921
0.0241443112022039 0.142242879852847 0.0168875626387541 -0.178204460569686
0.0995496231838531 0.118360518861744 -0.0674018928402758 -0.10668266127723
0.119267278577803 0.0913855326619072 -0.0594711745691454 -0.0304520013444602
0.118366825195227 0.09750819401779 -0.0641544159497482 0.0088594930770349
0.0592309691234255 0.140657353169992 -0.0855765418023162 0.0254727074288278
-0.0085522078997918 0.159758473300461 -0.137179752476026 0.0212137059353523
-0.146465388089905 0.155037245187003 -0.151023140176295 -0.0615766234848572
-0.219355388680173 0.0350650567836736 -0.0886913688740156 -0.158414525986964
-0.184047084569658 -0.144095134666175 -0.0293377980670978 -0.133458539787867
-0.110946228657787 -0.276045894969627 -0.0422787892996626 -0.0446919647684263
-0.0548479147397494 -0.279279615089221 0.0794441261268158 0.0600091299051889
-0.144076408524048 -0.244406524969166 -0.00781143644304575 0.20570221294853
-0.266689042601356 -0.0903729136109569 0.176992784142852 0.250246021697497
-0.254034113580739 0.105906089885722 0.287862876420564 0.0769044790575121
-0.0788099170966754 0.190116365662314 0.173679295516499 -0.112579284779238
0.0259671256692724 0.167862058486167 0.0453923632904569 -0.120655147809679
0.111324833935615 0.138331997917308 -0.0284496052063456 -0.0623857232087614
0.135363993310076 0.101335421194688 -0.0187020764521911 0.00696202965559833
0.135503047808456 0.0993394152861711 -0.0208401652410813 0.0496045616393085
0.0762417737939197 0.142559568353075 -0.0506574620268839 0.0725119068910877
0.00458403448544976 0.167074302899762 -0.122764372392155 0.0745861792643341
-0.144784762806708 0.16981400718244 -0.157265562796477 -0.0117285304148965
-0.229032119442334 0.0386038896673645 -0.103564013230716 -0.118748261653176
-0.183413568140248 -0.151820273261851 -0.0270820580508189 -0.097146514534571
-0.0910422471962085 -0.285975208632456 -0.0333759867937397 0.0347194093540342
-0.0105660488472741 -0.257776183906519 0.0590508397841472 0.15743525805889
-0.102024780016251 -0.263196559120729 -0.0236626247520613 0.262574597237419
-0.25223049853453 -0.130020555203057 0.129062441041162 0.284270667064959
-0.26659349768734 0.0796585367292764 0.245880558174539 0.131281316178872
-0.0903195626809507 0.185959588659928 0.161117442462932 -0.0424317594317618
0.023064168918979 0.162712993549972 0.0665946921317437 -0.0509805638192119
0.106167368224107 0.13239110022314 0.0129434178080404 -0.0126634557827234
0.13162117953539 0.0949502791188154 0.0234422277709008 0.0423982837769133
0.132656430771802 0.0884698334329709 0.0225905084261304 0.0849854754773253
0.0802217704696199 0.127805576584364 -0.0155991993101317 0.1131491375159
0.011856544183353 0.154262277766697 -0.10330630138021 0.118183505036077
-0.134125747865261 0.15767121935585 -0.152911230227637 0.0281267248323091
-0.21484712424389 0.0284514792445481 -0.109088874137647 -0.0833917961201048
-0.15664280968514 -0.151496185196804 -0.0200594969561989 -0.0659107893605994
-0.0519921412998127 -0.263804779446324 -0.0243390915522907 0.104682265550605
0.0313687726394153 -0.187005479791129 0.0305075208907558 0.229228144303675
-0.0464538913442037 -0.22289888950075 -0.0406637188604068 0.294296748915496
-0.188114861156284 -0.129315526227425 0.0733539594456072 0.28678754931591
-0.219313264749821 0.0468787383450184 0.185308358932793 0.164384286696367
-0.0765852548631127 0.146559708719159 0.136729881877627 0.0231293886254691
0.019452253418295 0.126251296949808 0.0804274244632174 0.0141338769549827
0.0858253382241255 0.103369253356799 0.0514049071577867 0.0324350852565405
0.108423341391759 0.0739798725710112 0.0606254217665598 0.0710681515019733
0.109866507333561 0.0671385860627628 0.0608717552153874 0.11411115740196
0.07326307785731 0.10064988968585 0.0136042709423933 0.14566310403306
0.0146618505929741 0.127007891077651 -0.0884340826444045 0.152398975853616
-0.115141645486466 0.129340765058152 -0.14961252670236 0.0567936869756655
-0.179081148922918 0.0100954088149882 -0.112974097924135 -0.0561842836496105
-0.109740262225987 -0.142177513936932 -0.0142496616977526 -0.0406169187538647
-0.00199404653358714 -0.211812287265397 -0.0208145885753061 0.160608714613204
0.0650028247099455 -0.0818688532704158 0.00531740850306898 0.259197104742726
0.00833604373621427 -0.133521306331037 -0.0456301741463067 0.294168613810441
-0.0947232406743615 -0.0868410160137082 0.031013565386549 0.266781460873548
-0.126651726439925 0.0206941083008357 0.132036420784462 0.174564867393771
-0.0387479728627624 0.0841757934621241 0.118571081162147 0.0695595674911062
0.0178987506458895 0.066899120069183 0.0922152511446219 0.0594255745185169
0.0527553454036985 0.0542197252926151 0.0822461033685774 0.0627210505093874
0.0695243840072168 0.0404775144827857 0.0870714218491901 0.0876419882961738
0.0729898434062465 0.0368949445585908 0.0882869717851422 0.133487102602192
0.0571732104243464 0.0638496144104737 0.0316883354590005 0.169997649886413
0.0153403051665428 0.0897685620354169 -0.0826228153649228 0.176529569721715
-0.0840178723860993 0.0902029819692832 -0.153528838939016 0.0740050567869563
-0.125658174752692 -0.00782388429713397 -0.123452769622606 -0.0399495019315717
-0.0529443361415263 -0.116028171488543 -0.0126462664743291 -0.0253683707439234
0.0475475792258024 -0.133222554890112 -0.0240306569225601 0.19803823383059
-0.0706785116209083 0.0218369526084464 -0.00487725337265196 -0.229428498441192
0.0133525270282005 0.0556377549261831 -0.0352979526907224 4.65839869296102E-05
0.0569266566579661 0.0184994383383085 0.140830647543297 0.0565908976252441
0.0294572551720976 -0.043940428321886 0.186003292114105 -0.0784439646654093
-0.0180095577518877 -0.0314898901433554 0.0944298920890625 -0.207580479657711
-0.0252567154587888 -0.00550061781437565 -0.0519176604449925 -0.218744014188843
-0.0182218457589419 -0.00695538055723621 -0.12159741956184 -0.150350464215519
-0.0130361679201717 -0.00477408683589386 -0.124619205591232 -0.0943079576749905
-0.00442759466155326 -0.000232263595291219 -0.122586319118584 -0.0746705291035041
0.00277397616472922 0.00264382119430611 -0.125268855739648 -0.0772058786354237
0.012347603719871 0.00015352112375825 -0.122794307423861 -0.0968129771396103
0.0174590724060855 0.0243491238217669 -0.0968247496904666 -0.175494308546618
-0.00361051745586208 0.0564364456131857 -0.0295213365968316 -0.249597490698931
-0.0652177625950109 0.0259743842453833 0.0270158447904072 -0.242650197351723
-0.0933342781060843 -0.0235425694103323 -0.024234966790028 -0.240574133357818
-0.10754183230667 -0.0790604551044847 0.0325151173928455 -0.201392669383266
-0.062358920596057 -0.00566870447353819 -0.0161634971833586 0.0227372513125892
-0.0378642729614593 0.0229526935152975 0.175597019006172 0.0769983865531201
-0.0315853941117038 0.0180044787973663 0.225910959348427 -0.0777067688448457
-0.0199141607029959 0.0312674310846825 0.108551461982352 -0.219959618188449
-0.000172119700683364 0.0454205429059062 -0.0454539214577299 -0.225011847722087
0.0330641823945051 0.035282695658992 -0.121921822840944 -0.148239435062994
0.0425359488994049 0.0313029746818625 -0.120277889499459 -0.0819630365407265
0.0457397158065826 0.0447815338333331 -0.121424089230443 -0.0565496154469869
0.0196382044976457 0.0697187951784666 -0.12546527631932 -0.0561222413090798
-0.0107028402353311 0.0719583332602376 -0.13366489435079 -0.0725266749666414
-0.069916741951354 0.0710326070264206 -0.113609321299861 -0.14948968716607
-0.10235145440918 0.0301883391420009 -0.0485959920536939 -0.226173228101032
-0.117366111253661 -0.0620739227747671 -0.00401199517307532 -0.212278671541675
-0.112018285370937 -0.139101580265797 -0.0399771307939156 -0.197768532194004
-0.119746074093898 -0.174895891487227 0.0634227348541928 -0.140024638518888
-0.126764733833014 -0.0866711112536973 -0.000568779190344408 0.0709879603623123
-0.140765607376001 0.0100534051010244 0.205997542822333 0.121926029804651
-0.108532666411178 0.0787990796533563 0.270044264375814 -0.0524816075690939
-0.0288405328243336 0.100758714215733 0.133017492770435 -0.213472797336798
0.0209983843038713 0.0988884455045074 -0.0242669328706292 -0.213656465646535
0.0771435959401262 0.0781294982875309 -0.105046186937483 -0.131479708844946
0.0918244534468043 0.0624764809873529 -0.0977591004211767 -0.0589219853570279
0.0920549171464427 0.0760565331894738 -0.100069528431878 -0.0241208265356918
0.0446667130792596 0.117263150993037 -0.11270805674358 -0.0150255140737984
-0.0121152664850811 0.130124305863247 -0.141668135007517 -0.0253300325794114
-0.122087623209116 0.126026973284157 -0.140062083819476 -0.105693732722498
-0.178835906031933 0.0330067954106197 -0.0778528838011007 -0.193999529629222
-0.165663640286876 -0.115024695566227 -0.0282213611047298 -0.174423350702213
-0.126218863935222 -0.225363154944981 -0.0486026439136388 -0.127137162439512
-0.106856344290179 -0.247271721108179 0.0819393372325647 -0.0484877414240364
-0.164244033424947 -0.172177483791634 0.00735468852291696 0.137416025840799
-0.229964594719321 -0.0246410323322437 0.216228643313488 0.183227342485646
-0.189399230999421 0.12020155291938 0.29978945307041 -0.00528474137683617
-0.0458782630474855 0.163263483538015 0.15696193656558 -0.181613270331161
0.0349890595239549 0.144167101192579 0.00579106309732835 -0.180111661546881
0.108306208115304 0.112813077671991 -0.0729828247744624 -0.101142011456031
0.128549756190292 0.0831606078727601 -0.0617144626132129 -0.0265515493492692
0.127369131644762 0.0913643700283955 -0.0627042099552165 0.0145711802545569
0.0698679209336936 0.139091383462762 -0.0842435689470688 0.0332221120140079
0.0013430761422967 0.163206294099009 -0.136293887961767 0.0323311123759993
-0.138558136318141 0.168972005174111 -0.157560188266418 -0.0518208416460448
-0.220310809953674 0.0488102310508394 -0.102779037649321 -0.154598917880357
-0.19570275823678 -0.136088203001751 -0.0378810803759541 -0.134727255310123
-0.129370224302294 -0.272568210492805 -0.0438921375029042 -0.0449970488195321
-0.0715970729787672 -0.280380497306138 0.0823477988203887 0.0573093646407548
-0.160444596560582 -0.240830724649299 0.00326282226304618 0.209072945730451
-0.276886398100805 -0.0748520810351519 0.195668084947745 0.243201951504658
-0.250310327213215 0.12530428862719 0.296662339945608 0.0583668081144313
-0.0682869975021001 0.198170867471087 0.168699004616725 -0.123141711234014
0.0381482529092665 0.169655339601848 0.0380167628951491 -0.124547318440982
0.122555441087637 0.131175329127906 -0.0309441351646646 -0.0589307413108701
0.145318276466195 0.0917444220299433 -0.017808755530594 0.00813684867551951
0.143832131815855 0.0914269884858678 -0.0166175006069648 0.0523542710501607
0.0867020463019134 0.139542008888065 -0.0462821013156525 0.0786401634823251
0.0143526067072165 0.169522700329219 -0.118497429956471 0.0861649141241322
-0.135824120793183 0.182568979162225 -0.160311207256831 -0.00030959810328293
-0.229869277081191 0.0541221346744679 -0.115415393529143 -0.114012820495255
-0.19551370303424 -0.143993634327276 -0.0341116668825616 -0.0976757841791145
-0.110590835808109 -0.284065752574691 -0.0307621613103174 0.0357557094872534
-0.0268044293290167 -0.262045597592919 0.0676374964682796 0.157680239974631
-0.120499210920568 -0.262365444289846 -0.0095725926756348 0.267521247030309
-0.264564152917492 -0.115987221293536 0.148551654678844 0.280664089358092
-0.264203456967046 0.0995697173079811 0.256566136189929 0.115923568864429
-0.0800480808314035 0.193925314548698 0.160433882702658 -0.0510007182043371
0.0338788515376176 0.163949098492594 0.0646442382647598 -0.0557042570762477
0.116627507122153 0.125977626465528 0.0140058272357719 -0.0117673775110733
0.141184063556415 0.0854933860067366 0.0272092200441243 0.0415804263761464
0.139975817433007 0.0801794687878641 0.0297210992427123 0.0851257740486176
0.0893916033251638 0.123551063267944 -0.00806232605776082 0.116255719057467
0.0212786766246097 0.155753175963128 -0.0955889031035137 0.128952205525066
-0.12474428351505 0.170428701459006 -0.153189189815132 0.040021597951622
-0.21490616194021 0.042579398506575 -0.118676210073859 -0.07718564098311
-0.167042599809963 -0.145113622801492 -0.0257215706233098 -0.0669302471223393
-0.0698028926733685 -0.262832873972364 -0.0171067852431901 0.106048500752963
0.0194777876979875 -0.192694845073221 0.0419633001207699 0.232949822243104
-0.062021634545101 -0.223952389144739 -0.0248443754039027 0.300600661252561
-0.198636525385076 -0.119001874681197 0.0923496270866949 0.287283771128097
-0.21826553356469 0.0626862039394255 0.196520931587805 0.153279415072478
-0.0679582193672488 0.152295417551112 0.139364930095735 0.0162070091301667
0.0279366673225943 0.126708481709953 0.0829363100862498 0.00905709134822638
0.0931461351546308 0.097213585536667 0.0548788314774462 0.0309239592607115
0.115205636695108 0.0658263458839288 0.0661903549334596 0.0684469652059142
0.115759005568043 0.0599284192976114 0.0694392571727061 0.11085158534853
0.0803133045714021 0.0963878102370269 0.0236163404037449 0.14705839747463
0.022550619492684 0.127051762110228 -0.0789289736200274 0.161199520095416
-0.106678009365872 0.139550786289139 -0.147824371909108 0.0682171885437639
-0.179915962889595 0.0216936172518245 -0.120587632929694 -0.0499090359116185
-0.119259797869122 -0.136795945397783 -0.0175510890521467 -0.0416766010091487
-0.0165524493736442 -0.212920054013318 -0.0106497722137013 0.163206531821653
0.05892856444829 -0.0880482346357881 0.0188643237510759 0.265270645288084
-0.000618166104721346 -0.136302465329418 -0.0295680860817972 0.301842300662622
-0.101277986737404 -0.0819580958283321 0.0482245438549938 0.269534166942615
-0.125820759967232 0.0299781121839559 0.143971370483462 0.166777941026646
-0.0334491675654391 0.086412917695761 0.123220439248716 0.0630778753429791
0.0218566784373547 0.065901970266234 0.0976082502589333 0.0535655414003684
0.0563810251902712 0.0501404999153562 0.0873560117955878 0.0585104232093936
0.0728567427976648 0.035500992045223 0.093685586905825 0.0833607433040369
0.0752194152053321 0.0322235415473675 0.0981451805106661 0.128672029791549
0.0620736690681363 0.059730918645346 0.0424909632867966 0.169506396429998
0.0211635948559787 0.0887456154902842 -0.0714142119656094 0.184563056581469
-0.0782986870581864 0.09753571822305 -0.151040498610299 0.0857289213894018
-0.126366690814212 0.000498106499213164 -0.128921401635691 -0.0330212723426396
-0.0603285812722229 -0.114077237252856 -0.0152936576599032 -0.0262307033701164
0.0386850464026274 -0.13631806532799 -0.0122682320980923 0.200563171423992
-0.0718963634942832 0.0241998682181234 -0.0132335569433497 -0.233083101802488
0.01409122685617 0.0551468432187428 -0.0355157949549337 0.00381542290258606
0.057490890394151 0.0163017963785641 0.148172871022941 0.0508447927674893
0.0273940105591741 -0.0449736651243101 0.186530865249808 -0.0884606334233287
-0.0182807265961564 -0.0297266502031432 0.0871020223153261 -0.215067361287114
-0.0246235090844271 -0.00299928659961427 -0.062101402619503 -0.218204629323753
-0.0187902797039757 -0.00550773675887679 -0.130286146211551 -0.146528335064651
-0.0131520320158186 -0.00357987232802566 -0.130948398601835 -0.0908585691220419
-0.00361256080888032 0.000793215639748256 -0.127208972281982 -0.0699967051975565
0.00309854585679058 0.00353517969521812 -0.130546292499887 -0.0722293961767003
0.0116091595845751 -0.000288182160167478 -0.128252048762563 -0.0936155822314722
0.0183867916583854 0.0244708264643575 -0.105695554714858 -0.175325927958677
-0.00174993371915736 0.0557285081214028 -0.0413972504548105 -0.251546027240088
-0.0659678997717374 0.027411812832624 0.0197496780812301 -0.249434920462103
-0.0947174623680754 -0.0202608509884143 -0.0321393556748905 -0.247253345140093
-0.11236065064945 -0.0765672899882651 0.0254679851576362 -0.205779557863106
-0.0648248353567231 -0.00475110982327542 -0.015729181304869 0.0253378749393942
-0.0386496742983695 0.0252952383324234 0.183720702798251 0.070097758208418
-0.0327082884756975 0.0215663787549486 0.226858613530416 -0.0889191144554308
-0.018472360727624 0.0347450506945613 0.102135237105924 -0.22715511004487
0.00321583673987772 0.0476986222471951 -0.0559018737784208 -0.224625950879815
0.0354141162634456 0.0353078290226906 -0.129293776962282 -0.143800180310894
0.0455388689218413 0.0296947049573713 -0.125410009154904 -0.0786430594656179
0.0494510640910771 0.0443285514251699 -0.124815366795157 -0.0512241196979251
0.0236030973051008 0.0708257537673436 -0.129832606976905 -0.0503822727414712
-0.00843575650239824 0.0742302487092897 -0.13780715792141 -0.067466208920096
-0.0687544446113229 0.0762346658075452 -0.122273690980969 -0.147407922846197
-0.103337961723993 0.033109899766949 -0.0602839260682878 -0.227388486801129
-0.122638231552656 -0.0608373253521529 -0.0113994308071316 -0.217018224938497
-0.118978355341134 -0.137965997801571 -0.0464995338980225 -0.20260685779338
-0.128274295706926 -0.173656525815467 0.0594382526438726 -0.144648354340866
-0.133152481791038 -0.0845744622886267 0.00145006140152747 0.0730112173455815
-0.144064306740357 0.0160996411401122 0.216267412765816 0.115512465928734
-0.10796445244194 0.0865115452270531 0.273980097155935 -0.0660237478248096
-0.0250793989787835 0.105576980927777 0.127931151773383 -0.221411246355711
0.0271046103396743 0.101411027056314 -0.0339377521495972 -0.215244845252693
0.082017940592989 0.0764387766813081 -0.11041417929617 -0.127588901319548
0.0974081600334447 0.0586631732114271 -0.101217562805085 -0.0554695942652556
0.0978226042440644 0.0741828909779017 -0.101538554499633 -0.0188487866744859
0.0511407908164606 0.118523656429315 -0.114487819639081 -0.00866895142767547
-0.00747072855196389 0.133715165739264 -0.143996483924245 -0.0178330684860587
-0.118416856762705 0.135656730831326 -0.147559384687129 -0.101679568698976
-0.181569392787566 0.0397011245376243 -0.0894571660601717 -0.194114981027873
-0.174247883302694 -0.112500925261478 -0.0345939903623002 -0.177774053228131
-0.137201690162481 -0.22448136537484 -0.0526245121163792 -0.129913739397304
-0.118062900372387 -0.2487041637291 0.0810576198738996 -0.0520458281318114
-0.174105880625723 -0.171315185021603 0.0117313344378012 0.140206928276391
-0.23633216102378 -0.0155198534612661 0.228906697214801 0.177984556624557
-0.18762161154703 0.132666933120947 0.305136303326318 -0.018763362408041
-0.0403709075908779 0.168672988298257 0.153180143662857 -0.189666275840914
0.0431597669816165 0.146599187859172 -0.00141704922572312 -0.182747773054471
0.115888926570018 0.109520512053744 -0.0759304207678032 -0.0973032604336978
0.135126394424168 0.0776057206099373 -0.0628489315103151 -0.0246307564237369
0.134018800022993 0.0870196898967593 -0.0617136145874703 0.01830270898035
0.0785193310281075 0.139185538521532 -0.0836417009898906 0.0388986572989188
0.00857636048493368 0.16708328726252 -0.136123476308074 0.0409635092868455
-0.133001345901278 0.179971719613171 -0.162651551633489 -0.0453862016618577
-0.223348177207178 0.058314053113345 -0.113655270923378 -0.15230997313908
-0.205653838541089 -0.133118150639034 -0.0440639522013628 -0.136981616811277
-0.143166767718985 -0.272259214485513 -0.045179181139134 -0.0464791675032968
-0.0843508914227393 -0.284492573254281 0.0849068182072588 0.0565176866336911
-0.173767210213346 -0.240705491253447 0.0103068209526197 0.21313693836724
-0.286229663053733 -0.0648607757703033 0.211151729509475 0.240106069470912
-0.249670650846089 0.140013331141128 0.304632156600677 0.0451622999820668
-0.0613120368303045 0.204949268710095 0.167239930464109 -0.13091391086358
0.0469348182617207 0.171925076980595 0.0341025852833524 -0.128080426813241
0.130625307205451 0.127657109570938 -0.0315419889585709 -0.0562136418391347
0.152965292473896 0.0849392208530083 -0.0166782010011798 0.0095180837200187
0.151065058650026 0.0863096409962133 -0.0130552454403657 0.0543154998589469
0.0941571479672416 0.138440118722447 -0.0429496400265675 0.0831333482497698
0.0220314683480938 0.172503559394295 -0.115327484873303 0.0944446665029017
-0.129037441333651 0.19424523027184 -0.163220074850982 0.00712813734782428
-0.232137552905736 0.0641444043341583 -0.125437066169362 -0.110115067936245
-0.204711626044284 -0.139588241449923 -0.0396432366972945 -0.0999638488599589
-0.124259147003428 -0.283985495510603 -0.0291394304694553 0.0354640975728621
-0.0381201002248692 -0.267018174628935 0.0724804540722225 0.160337284979007
-0.133604280547533 -0.264144458663568 -0.000815497843127019 0.273610591933109
-0.274781250653602 -0.107250384431504 0.163564029071969 0.280245833712316
-0.264923145548091 0.113456871684491 0.265467697828879 0.106164228434578
-0.0733975776658308 0.200684756071839 0.161718598297492 -0.0571885172101146
0.0420889638094008 0.165432470335211 0.0634611950866604 -0.0598782498763131
0.12426401606405 0.122188994377553 0.0154929411748691 -0.0108204420002925
0.147759569165154 0.0788175990535457 0.030037567370778 0.0416234545028791
0.145624558767543 0.0752399455175549 0.0350941844566586 0.0853461793519349
0.0965851575049438 0.121945334770467 -0.0024206010857856 0.119420282106386
0.0281387809768569 0.157552725939179 -0.090603727516371 0.13664321009315
-0.118539818778637 0.180106050289306 -0.154388778900499 0.0487988925910484
-0.216263927788604 0.0528946826436 -0.1265864716997 -0.0729160923834307
-0.175615049468171 -0.141538202901202 -0.0293270802376431 -0.0683612044462648
-0.0828391440937906 -0.263782163268203 -0.0132099949649746 0.107153948400415
0.0108720063100973 -0.198255296184634 0.049459790256819 0.237945376577452
-0.0730358316063538 -0.226761411349764 -0.0146108516060287 0.307836104467681
-0.207337558511236 -0.112910745921541 0.10601633194784 0.288957115718361
-0.219481910137808 0.0740508515505477 0.205553606361167 0.14621013151797
-0.0627927740158254 0.156906256082836 0.141952844638685 0.011540389512019
0.0337581331339506 0.127164324068608 0.0852771789071792 0.00540182849844191
0.0989874286453762 0.0941641583485688 0.0586655375365712 0.0302996093015244
0.120667903560198 0.0600920023831351 0.0703630237768453 0.0673095914121785
0.119825514583283 0.05541103138199 0.0761533621992016 0.109685074685155
0.0856746132981046 0.0938761520646851 0.029739967594117 0.148937863165696
0.0277792357399826 0.128103962872499 -0.0719014161041 0.168970119830836
-0.101204484835065 0.147716215913291 -0.148180097328713 0.076605717389234
-0.181025298097874 0.0301484951939447 -0.127240813852839 -0.0453780053754351
-0.126547031662048 -0.135030699770435 -0.0206093736011239 -0.0430824902979376
-0.0269598167453916 -0.214622037690402 -0.00450301385980609 0.165019645333699
0.0542814430447493 -0.0924665182173343 0.0268731941128272 0.272941248941519
-0.00753736041720951 -0.138572542274331 -0.0191113529504839 0.309763863796978
-0.105977697654862 -0.0787081921227974 0.0598122476376702 0.272662698532682
-0.125053935448282 0.0359670327259806 0.152028877937762 0.162068190954784
-0.0301625718514482 0.0872016156113655 0.127018247009083 0.0599250891911372
0.0244179090373323 0.0647367989181592 0.101602724207547 0.0500191774119353
0.0582839149723587 0.0476656708800181 0.0915489598680339 0.056781624619803
0.0754647525387681 0.0312590866823559 0.0988771237574324 0.0817973463246508
0.0771623828549929 0.028844689193037 0.105412095374642 0.125928754853244
0.0653397574652334 0.0568460914295897 0.0496263120655647 0.170159376092139
0.0251752192513156 0.0883782673339739 -0.0639471244645918 0.192110608587972
-0.0736876573711924 0.102568543603564 -0.150601126061554 0.094192005851311
-0.127150885583801 0.00637544192556689 -0.134512432352593 -0.0279519530982183
-0.0652394770844548 -0.112756543589576 -0.0171385097474807 -0.0280120395288569
0.0324521569438985 -0.138624044410807 -0.00445428886763503 0.203156352265227
-0.0655808276764019 0.0382499061179409 -0.0728948476623942 -0.243975765395255
0.0249953818427503 0.0510357144363698 -0.0370375484675874 0.0149557289925659
0.0602319668899673 0.00260055202103922 0.168443684592468 0.0211775389152843
0.0160935547451628 -0.0522231186848158 0.178333043374992 -0.134517011742467
-0.0261077088234071 -0.0268502411193224 0.0406454866243687 -0.244781627357218
-0.0263055518196915 0.00363617993050906 -0.113296144614352 -0.210320671790722
-0.0208242671632484 0.000151926546133599 -0.164435508578615 -0.121828394279161
-0.0139244259726235 -0.000546455845996763 -0.15426610605873 -0.0628705259000397
-0.00314866931531178 0.00140242619152986 -0.148139489944127 -0.0425184973500689
0.00301494377070718 0.00250721523587369 -0.153753093780101 -0.0434057646518278
0.00919097739004769 -0.00355249807304575 -0.155556713018964 -0.0665958582862936
0.0234150319096257 0.0167812529515278 -0.154796367506136 -0.155954421195896
0.011455676512725 0.0502761049638377 -0.106805400117 -0.25112916167047
-0.0580054086149941 0.0397024252422454 -0.0373379280815184 -0.270388193684062
-0.0988433787687983 -0.00335435995402619 -0.0838119796006503 -0.256238290535235
-0.126648543252223 -0.0512326477387408 -0.0231342596326332 -0.231241005963706
-0.0659246343144294 0.00954917233117336 -0.0118461430089035 0.0284052046134509
-0.0317277868031115 0.033606867072344 0.204199581007282 0.027929698780728
-0.0258954528859217 0.0274038582261733 0.213040886641368 -0.14626573783264
-0.0116975847888222 0.0366725878220857 0.0508258623707563 -0.257406351306995
0.0127172688129264 0.0480485200201274 -0.109831287743522 -0.215554994256294
0.0421726218903651 0.0264603718373685 -0.164114233677109 -0.113354296030828
0.0514535224317272 0.0193326916846221 -0.145167060624345 -0.0509165683193625
0.0591248535877316 0.033027994484222 -0.140760737544088 -0.0241172294043401
0.0391026355665174 0.0654875239028315 -0.14814708939465 -0.020649580038688
0.00522480217777629 0.0744041611011464 -0.159940372638414 -0.0370156442976347
-0.0514010208218527 0.0891355443189875 -0.164755275914287 -0.125634593982687
-0.0947500752733087 0.0512706707898355 -0.119305464818936 -0.225864837168398
-0.136792790865762 -0.0356252978889529 -0.0565601525471064 -0.226929604353919
-0.151250304780826 -0.116445858001055 -0.0832849143328673 -0.201217390837944
-0.162636379116268 -0.143361737173376 0.0307534764374902 -0.179367970693158
-0.151198072082927 -0.0541484010356364 0.0171906527950372 0.0688727081206941
-0.136523093995973 0.049351623404335 0.243382207604382 0.0602849032396733
-0.0827811927752872 0.109657497604321 0.258697903376704 -0.136616707725223
-0.00183933602738508 0.108908297613463 0.0751868103414125 -0.253865772352807
0.0489413076080463 0.0958011402136576 -0.086583415350488 -0.207616138934907
0.0985332565414757 0.0550600954880786 -0.14246508064424 -0.0963457180327641
0.109772958952965 0.0367849509038161 -0.115115588250003 -0.0331547099044539
0.113396560630002 0.0519092867156503 -0.10871739315794 0.00315784752437813
0.0768564374083988 0.10749707619663 -0.123754336866327 0.0181533953681754
0.0193652585832812 0.133178617605227 -0.154988124184758 0.0169284258734526
-0.0887187114245568 0.159538291416777 -0.180583479594868 -0.072919968190811
-0.170572753271979 0.0761130377782008 -0.141838968471927 -0.18762327356932
-0.201272163911435 -0.0759943572267227 -0.0681369207987454 -0.178505511222624
-0.190754833661521 -0.198294990339139 -0.0683788612040531 -0.120139170781979
-0.168704870563104 -0.219045429099288 0.0779636960855954 -0.0895693598261925
-0.210792706629786 -0.130589715500562 0.0454451709176488 0.132088941873918
-0.234057294654157 0.0394763770985846 0.267462736917306 0.113982642885703
-0.149424116403447 0.173633999322753 0.295289340925834 -0.0992996390778167
-0.00216969282371039 0.174689300709417 0.105277078329761 -0.22413030709166
0.0743562741733306 0.136727701769363 -0.0473493494098416 -0.179404078715782
0.13993535509054 0.0800014272041668 -0.102275711573515 -0.0696291784120939
0.151631710876612 0.0471702036508813 -0.0689223195040749 -0.00993443249645275
0.152081389843871 0.0571564749741258 -0.0595898332835494 0.0319157539686824
0.107892265137126 0.122659742165182 -0.0806700853422696 0.0605364179021712
0.0413329135262933 0.162988820570459 -0.13240287497723 0.0761084135865648
-0.0929257933276568 0.207589495363575 -0.183167809442252 -0.0109565960459738
-0.20796845516576 0.104306570926646 -0.158606896174246 -0.140117894348706
-0.23763213966879 -0.0886486686310597 -0.0656052330912835 -0.134053768146073
-0.208232180229932 -0.244480369686468 -0.0399033536211287 -0.0320356956300014
-0.143652525748557 -0.260796477649815 0.109948271256804 0.0245432309390726
-0.225538801250606 -0.198809114864487 0.0626620499716129 0.20723382293239
-0.293876692132637 0.00307894567160185 0.263049996336689 0.176743440849507
-0.207023438173034 0.197256306676564 0.30582492325003 -0.036603568615452
-0.0146492558785127 0.214441464438448 0.129365058384589 -0.165375568973431
0.0840935101545355 0.16033646214994 -2.82174223098578E-05 -0.130328820370092
0.158589234688711 0.0930434442742803 -0.0482494110319203 -0.035853188021146
0.170302518500096 0.0507236521533068 -0.0145736268397088 0.0149208658122404
0.168119538874503 0.0530700714327694 -0.00224206155992122 0.057715404722185
0.124094474757357 0.118288935974368 -0.0280347567719724 0.0971160448086104
0.0562274100259877 0.166509816934433 -0.0975810960898629 0.127222189031864
-0.08600024598757 0.221354088761082 -0.170799302975696 0.0442901841931549
-0.214737758524727 0.114224248902417 -0.160323071415364 -0.0938189154421439
-0.238874338131375 -0.0951080506248469 -0.0529577211828134 -0.0955108758344979
-0.192699394997838 -0.258771809637986 -0.00575005543704456 0.0510712063276599
-0.09544939937425 -0.252940521473524 0.122448188200586 0.140109032023583
-0.191781985575771 -0.230361120559828 0.0670658790859546 0.273662103026425
-0.292000738989381 -0.0401306061907113 0.226207983195824 0.228549867151591
-0.227858251591604 0.175566303599543 0.279425070399874 0.0327376034530595
-0.0266564734597059 0.212531553871118 0.139224642081847 -0.088952757950106
0.0778438922411327 0.154829191598316 0.0457587835456629 -0.0677513611593727
0.151452737043397 0.0893144206861118 0.00887592766773065 -0.000424168332937893
0.164672694404852 0.0456703235322486 0.0399340896503917 0.0367475283064682
0.161024026010003 0.0425688727952776 0.0544692337226398 0.07833572657179
0.122313314025689 0.101136620876031 0.0224617441507573 0.12557152244822
0.0591511083604055 0.15035614158079 -0.0618041108449465 0.165267389718375
-0.0782211250308118 0.204189561035346 -0.151539885010877 0.0852114179811557
-0.201428588855617 0.0983271491829049 -0.152267269716088 -0.0547487984466304
-0.209284633853783 -0.102820239758246 -0.0361188428664672 -0.0643875440188452
-0.145993722620014 -0.246504650864994 0.0238291787403532 0.123099412434878
-0.0342783108216354 -0.196267361858355 0.115813472922036 0.233759073865134
-0.123207839002859 -0.207189801295644 0.0611503422760476 0.317343291274413
-0.227911857339691 -0.0607091881529515 0.17239315087736 0.254998769014331
-0.192183902216493 0.125926170012895 0.230355762734757 0.0899601506625656
-0.025486074378591 0.166995593640483 0.137665904124003 -0.0150743700302843
0.0613101844297549 0.117826970363104 0.0839892429164059 -0.00681015308825548
0.120058468990599 0.0675487570598386 0.0627053611497734 0.0294140521348772
0.132583570019886 0.0325153622979961 0.0866579275353738 0.0542579585528805
0.130859225303795 0.0293155355185613 0.102857884050602 0.0947304577551082
0.105664116218899 0.0755685099575055 0.0633586933632484 0.147957075117775
0.0523734117458711 0.121191568885218 -0.0346657579888925 0.193978196512226
-0.0686286660400379 0.167753846938079 -0.137722797925152 0.11253251789859
-0.171161023888178 0.0682921001416626 -0.145350302859821 -0.0236994808025314
-0.158170520235133 -0.106869027124444 -0.0232173320844072 -0.0385307989646959
-0.0785234313792019 -0.207894687397909 0.0418704517939452 0.181017104395943
0.031195251898646 -0.101150673056386 0.0970246146845794 0.283055090210246
-0.038183241137504 -0.134000175210156 0.0557686939814388 0.326023046013575
-0.119838164370582 -0.0511940811129349 0.123935517342686 0.258305378391509
-0.109486314080806 0.0654730607674093 0.184822024636244 0.125123495036171
-0.00888651894714149 0.0908856567569941 0.137782521157592 0.0359507721440023
0.0380459903944009 0.0572992580925975 0.113683579782504 0.032190094206053
0.0693317868863574 0.0320581554015675 0.103975139420404 0.0446693608947552
0.0821961020795357 0.0139341946088542 0.119033686508544 0.0619789556568945
0.083307342102938 0.0123288678117944 0.136467418002561 0.10480168219847
0.0767321316560927 0.0433611088466396 0.0896487071069157 0.165578484681353
0.0411617038490829 0.0824411939622856 -0.0200202978228907 0.215578177321948
-0.0512004479698351 0.117132614657259 -0.135188112162608 0.132626904248562
-0.123372213184986 0.0325248357195634 -0.147810175415664 -0.00171700964554897
-0.0915203126046545 -0.0983985800652691 -0.0197597260460364 -0.0226896487840919
-0.00143963963961489 -0.144321360923008 0.0452556777262317 0.220262596783728
-0.0678430211086775 0.04432153470643 -0.0883870283592646 -0.255123535617189
0.0273701040467288 0.052690163172474 -0.0377862421872507 0.0184214551020135
0.063387731446349 0.000545650221971799 0.17994662581749 0.0112592168746096
0.0137540396164096 -0.0545544073667222 0.181875677841138 -0.152571484324748
-0.0274130440943997 -0.0263568923662712 0.0305558563370923 -0.261312450479272
-0.0255194355015572 0.00612045224660641 -0.130990400597926 -0.215765040712664
-0.0208468975770391 0.00208015605841618 -0.180447395370294 -0.119681377553899
-0.0143341663996122 0.000415813385909014 -0.167176401038933 -0.058682758714832
-0.0025461401711482 0.0020691597384607 -0.158748274619337 -0.0372552904879381
0.00421705943619925 0.00313968026355213 -0.164346039280541 -0.0373198691391315
0.00868061008518681 -0.00339777078067071 -0.167568868054235 -0.0630159125436925
0.0251036452696622 0.0162958287393011 -0.17321652792627 -0.156676115357088
0.0132705882296085 0.0501988941681942 -0.125210627454306 -0.259289450321368
-0.0608685267331137 0.044109455593333 -0.0503736073966124 -0.286442884700455
-0.103692632309257 0.000869078557299363 -0.100039074231418 -0.271969395634285
-0.136822171133322 -0.0478162086809889 -0.035472159358758 -0.244504685441081
-0.070532554994074 0.0129537581047543 -0.0109159776078515 0.0308007959128109
-0.0326412253004966 0.0382305079698867 0.217970873357767 0.0169588291558933
-0.0263608860122109 0.0324405927611207 0.217904932760107 -0.167002557702635
-0.00922845247414993 0.0409925701078604 0.0412636260712563 -0.275695723878069
0.0183186181094801 0.0512287629314007 -0.126924440825859 -0.221528378949425
0.0469855312414001 0.0263398907807149 -0.177950379104471 -0.110852359874025
0.0564556351606673 0.0172401262148656 -0.155835404034816 -0.0463015653178391
0.0655076066459183 0.0319913754023445 -0.148892504432356 -0.0182349836500789
0.0457357428550462 0.0682788769479281 -0.157150774686412 -0.0132732815050525
0.00913034044968925 0.0795542160537076 -0.170402531610849 -0.0310228511627242
-0.0498452295270188 0.0980111274987772 -0.182969126107587 -0.124056187622502
-0.0992576555990791 0.0576695623595018 -0.138450289476402 -0.23242928466588
-0.148019798298812 -0.0325285169290764 -0.0693493152995005 -0.239874708785697
-0.165164383468402 -0.116538042887944 -0.0968171915217326 -0.213853106329045
-0.179278419807362 -0.143882651464494 0.0234369310936534 -0.191373800585914
-0.163939188831342 -0.0513204191706839 0.0217897329607502 0.0726743339790261
-0.142685041392212 0.0601979634755187 0.261052159090244 0.0486722119201321
-0.0824106729679038 0.123039616249084 0.266647426274068 -0.159166585645593
0.00446410447802196 0.116896648179133 0.0676366091141866 -0.273405355328601
0.0583203033876367 0.0995003435796715 -0.101776679995458 -0.214291421155378
0.108012064479294 0.053817786205106 -0.15287062100998 -0.0944490784152012
0.118589202918306 0.0316878978134205 -0.122664288982 -0.0285348903245895
0.124542527877281 0.0488669752118672 -0.113596571941312 0.00894760466607282
0.0882095534830904 0.110636589251167 -0.128659301647811 0.0269536262066471
0.0273098006446251 0.141511475993158 -0.161634245219823 0.0258680248532577
-0.0846087963378454 0.17514180140504 -0.196896421697486 -0.0677041318373809
-0.178380977775049 0.0882412576759934 -0.16137299426488 -0.19039710233644
-0.217953870550181 -0.0722988827939197 -0.0805147709451653 -0.18818830669667
-0.212362963987626 -0.201412637576252 -0.07767801762152 -0.12775700603741
-0.189410130301711 -0.224085692790849 0.0780342831967884 -0.0980486454455795
-0.231256764027512 -0.1288441733682 0.0537518314486653 0.138346843892039
-0.246919048439058 0.0550174507095745 0.28956550526124 0.105086485217923
-0.149000754856813 0.194658883061331 0.306569667553518 -0.122007061686349
0.00684234323447837 0.186939650475593 0.10135979711938 -0.243624683449071
0.0878994342758972 0.141816447788063 -0.0595258447064697 -0.187329494772179
0.152435077572961 0.0770053757313671 -0.108471516158128 -0.0682189621808401
0.162995559214831 0.0401532355033501 -0.0728602625608812 -0.00661191285247436
0.164969215978752 0.0518847130290722 -0.0599483127905331 0.0367526690947071
0.121977112258467 0.125134679719632 -0.0809809584780227 0.0691459647877985
0.0523794067519948 0.171945724672704 -0.134709822905918 0.08825965107212
-0.0862099063005236 0.226472031821507 -0.195819866000203 -0.00120109268901102
-0.216369781893463 0.121373329350683 -0.17689640117825 -0.138520261469009
-0.257064339528122 -0.0835725157475235 -0.0771498615812622 -0.140311590162586
-0.232868266152518 -0.248909898723522 -0.043581802822816 -0.0350466227683657
-0.165320846617665 -0.270279970290918 0.117604984059696 0.0221632123894251
-0.250282562422959 -0.200658510042905 0.0765364309863005 0.216488712583668
-0.312569757415067 0.01907251549849 0.287880015863145 0.172112006105997
-0.209230671440731 0.221386960155893 0.319275371985015 -0.0561986997021776
-0.00426660137467109 0.229434889670992 0.12920084158895 -0.182100691926687
0.0985293760316081 0.165431057023016 -0.00710059815131988 -0.137711665790608
0.172944846327422 0.0898281345578997 -0.0503877154835585 -0.0350127635894018
0.183276359972687 0.0420187846958431 -0.0136615034861887 0.0164363222712257
0.181325324587375 0.0459227595296072 0.00260679863689183 0.0605643358122329
0.137933455956256 0.119034509815276 -0.0236001938372951 0.104837674440398
0.0683590872534243 0.174100763184403 -0.0946076204795623 0.140943543732991
-0.0777808563797253 0.240527100524349 -0.179117340817729 0.0567999421766349
-0.222379314095869 0.131389996851927 -0.177198746262723 -0.0897704469170009
-0.258536274177369 -0.0895822648716988 -0.0619233351206149 -0.100071670724655
-0.217227420576982 -0.263614955356534 -0.00328421313183564 0.0523669983563253
-0.114633789535592 -0.264308687139822 0.13613939726713 0.145572355254799
-0.216262837067913 -0.235329186616428 0.0849129728865524 0.286962590300747
-0.312709457874391 -0.0269484449390364 0.25138527963942 0.229146283953843
-0.231337491717034 0.199236084407204 0.295195797653865 0.0192122670956964
-0.0175357588152416 0.226971748206342 0.143535816479126 -0.100874103295408
0.0904233279638952 0.16007427186286 0.0444406116205054 -0.0735670839236515
0.164649547380379 0.0856588785145139 0.0124514643425952 -0.000142393736287117
0.175814357568523 0.03725598053628 0.0453648076054058 0.0374041571786686
0.172432175704332 0.0361713889660801 0.0628752853396664 0.0797648275169367
0.134459218890539 0.100630640079332 0.0315286074532978 0.131835743855947
0.0700312271478 0.156052426481672 -0.0548178863944417 0.179261881408665
-0.0706057844744374 0.221793324524104 -0.15615887814512 0.0989855908311551
-0.207734412079554 0.114695472965802 -0.166746858978136 -0.0481735449510019
-0.22688727506184 -0.0990369756150831 -0.0435054795537013 -0.0675084580030614
-0.167397214935289 -0.252523446490808 0.0310620728877073 0.128063862357394
-0.0472310231229201 -0.20618169767975 0.133010525891541 0.245265326783313
-0.142360534602434 -0.212397803231717 0.0807121851664962 0.3330916589796
-0.244889187402292 -0.0523226045236013 0.195624608695963 0.261288692988317
-0.196740658770865 0.143686086140589 0.246025836904812 0.0824625159973858
-0.0192054787790767 0.177848158744812 0.144376329692917 -0.0223722412682738
0.070031435935731 0.121495432664564 0.0877892429478667 -0.0117693633856755
0.12977658549249 0.0644705390068693 0.0698593019269427 0.0285298474171673
0.141841852324899 0.0254919868184798 0.095847715287112 0.0539187535351477
0.139341610535004 0.0233849593099788 0.113560883500681 0.0946528675404663
0.114894446159938 0.0740224940746381 0.0753159953985229 0.15313582915097
0.0616161383498368 0.125268972725397 -0.0251163445340528 0.20797655773644
-0.0617659340389258 0.18139374131842 -0.140120019868427 0.128016483103058
-0.176417023196735 0.0805709697512876 -0.157571756823763 -0.0163779032178413
-0.172305544228056 -0.105325578795689 -0.0286726666637186 -0.0411462537661148
-0.094066708956654 -0.215468144989017 0.0528206283305442 0.189750223577647
0.025877210627628 -0.107662541481723 0.115873285465523 0.299129139230764
-0.0490258450373415 -0.138685148081455 0.0749869342290311 0.343470442042365
-0.129639423408704 -0.0475346939008758 0.143751096939704 0.26791173191361
-0.112195660231018 0.0745238674140643 0.199817278248053 0.122463493887115
-0.00525193057202669 0.0958732501348196 0.146443930110803 0.0320013747791851
0.0418093106739867 0.0587125482994219 0.121472092517194 0.0287479376359365
0.0735710680746051 0.0298089218987071 0.113280839403639 0.04294595723379
0.0867620474615104 0.00882540569182225 0.129643051129397 0.0613030820746846
0.0882772489289449 0.00828268549757008 0.149960050291823 0.103321644539996
0.0821989660856137 0.0407283274133824 0.103077621936436 0.170815753724834
0.0473237965694728 0.0842385621349995 -0.00935871136278118 0.230126869219841
-0.0466174720497187 0.125790848564307 -0.136449859706689 0.148659243581895
-0.127233087127535 0.0399885917522606 -0.158729659633666 0.00637317134656217
-0.100833612204712 -0.0994214859435883 -0.0240153166179624 -0.0241993351369178
-0.00892583829730214 -0.151122432813099 0.0584941795290005 0.230403516785153
-0.0686528895091452 0.0539055631138175 -0.115491346695692 -0.263838758932351
0.0320290662686197 0.0533786580887018 -0.0382974060274657 0.0226367582439294
0.0666565731043754 -0.00470239886796743 0.190720818803545 -0.00482261317506621
0.00948016244914213 -0.057247076050296 0.179209687955765 -0.177877503074213
-0.0302352476703493 -0.0250526292399899 0.0102636215572189 -0.280020335003798
-0.0241334484527766 0.0090662820242982 -0.156006884054552 -0.216635810161521
-0.0204795952174464 0.00503036186082126 -0.201712191479566 -0.110102554488527
-0.0138688001716838 0.00202194133537961 -0.182648994367663 -0.0474761901571799
-0.00100097179031021 0.00280395470353078 -0.17096674159485 -0.0258096377692813
0.00549982779730226 0.0034594420327306 -0.176280738997677 -0.0247597811253217
0.00861724431956913 -0.00308319529924832 -0.183097837929353 -0.0527525351720986
0.027023411063776 0.0154337692212482 -0.197755564958681 -0.149969283059181
0.0164000901472286 0.0506224385215722 -0.154285152904969 -0.262687101573289
-0.0617502672513253 0.0515566351446258 -0.0757309545212415 -0.301752708207539
-0.109278668149516 0.0098049852794575 -0.128557058522036 -0.284211340746904
-0.14837233577063 -0.0387692235129304 -0.0574736501113468 -0.256829653109039
-0.0746306508553912 0.0196322074341309 -0.00911380936546501 0.0339791398098718
-0.0313384380268483 0.0443243605947258 0.231469741363183 -0.00330427324427628
-0.0250666969236522 0.038863985138964 0.215856086919487 -0.196437055731539
-0.00504228507857497 0.0450146500659241 0.0202874975284449 -0.295679299741754
0.0260826488854344 0.0524938720341659 -0.152822132738832 -0.222664358779691
0.0535727738551635 0.0246317497586921 -0.196599044600928 -0.101657113255256
0.0620471013123352 0.0128540279051787 -0.169070429018362 -0.0358797929076622
0.0733717272783471 0.0275783512122943 -0.158280809084373 -0.00613024811387422
0.0559664211907566 0.0689791544836887 -0.166550120172178 0.000452407031332455
0.0163770267040398 0.0853232007344639 -0.182526892455875 -0.0183392866157455
-0.0440379202114136 0.109239857308992 -0.205512251623798 -0.115260595967853
-0.102276507129071 0.0684058433552128 -0.166909014272153 -0.232269273288498
-0.161007701960965 -0.0226377290845852 -0.0926228516831856 -0.251158231846032
-0.18464358311429 -0.109333507501203 -0.120311866050778 -0.222740995256243
-0.201956203744187 -0.137530477515206 0.00956350419943804 -0.204918684330836
-0.179158186240137 -0.040521545687842 0.0286683859590918 0.075006904211297
-0.146295052841311 0.0773663644898602 0.279622363767291 0.0267987063868229
-0.0767219450001562 0.139497280514818 0.268278030353133 -0.192636192505059
0.0153744323352076 0.1248223080017 0.0486735560587993 -0.296028867166911
0.0725724792199695 0.100266185640474 -0.12618584541113 -0.217207053922202
0.120282457428138 0.0475546939750117 -0.167685451586773 -0.0865147331197652
0.128318809658053 0.0217262812918327 -0.131797640099205 -0.0203507112512843
0.137339271389329 0.0398531326477946 -0.117841449280223 0.0186873582512142
0.10498210397776 0.110329452174969 -0.132663621335288 0.0399595962734176
0.0415427971782024 0.148985444449945 -0.167868942441145 0.0418409775236361
-0.0735840182814966 0.194248920453303 -0.215151197835143 -0.0535595662856358
-0.183401301111105 0.109150885331579 -0.188274922406241 -0.186111539252992
-0.238808481624522 -0.0585786027752343 -0.101232819461213 -0.19498030651138
-0.241496349329346 -0.195138715284903 -0.0923065429459183 -0.133047187648073
-0.219680466274387 -0.222291599821635 0.0747236707046244 -0.109883233398072
-0.256864498483393 -0.118184200721824 0.0685947213580069 0.141794852916586
-0.257454704014822 0.080291470757055 0.314270247338376 0.0838913612971191
-0.140768324432088 0.220921856501991 0.312213827523412 -0.156109549207709
0.0240668754190905 0.198620062793906 0.0856012883997737 -0.266942612028682
0.10621649010048 0.142655636771389 -0.079744548396672 -0.192520895180032
0.16875490792887 0.0675462944910259 -0.117684718408574 -0.0625682437875651
0.175779372808825 0.0259607888491871 -0.0763077029466359 -0.000993524069077203
0.180596061025946 0.0392113952378768 -0.0585264845005588 0.0433309143513843
0.141771755193023 0.122343629011586 -0.0779824119921739 0.0811182668859846
0.0709908438244295 0.178922830242718 -0.133532674999237 0.105757176130078
-0.0702588033913104 0.248755590474956 -0.208853335503303 0.0166544502045271
-0.219940809128328 0.147924302271249 -0.201012102551804 -0.130495899011322
-0.280480748941036 -0.0680544762260224 -0.0945820604515659 -0.144489666090851
-0.26828182776848 -0.243211528058828 -0.0492738681577853 -0.0363404560814109
-0.198964184568645 -0.272603625924001 0.125944169673717 0.015235632030739
-0.283488977753429 -0.192000611374077 0.0986334253226873 0.222387745186824
-0.330186928910764 0.0484593808245261 0.318345993695732 0.155716471156087
-0.201752704235807 0.254751662351521 0.33151476451434 -0.0878214317277089
0.0157579472611838 0.244723073176376 0.120920478989946 -0.204041443467215
0.118870075470046 0.167470447678726 -0.0200343088963751 -0.144617949029234
0.190741236653631 0.0797571952281403 -0.0530393864845087 -0.0327567251047963
0.197243812659141 0.0261628861765627 -0.0116529949738022 0.018572922319128
0.19627878899952 0.0317533901466634 0.00915204913910053 0.0632029410726155
0.157657666941092 0.11485571178779 -0.0143110407865202 0.113695376899345
0.0878735824315554 0.179619909080536 -0.0863114211905593 0.157557309420039
-0.0600400674079345 0.262330621681412 -0.185507674891103 0.0772940983336501
-0.224518251302052 0.158491504659948 -0.197588944721372 -0.0777412381577763
-0.281868941813683 -0.0741304859119332 -0.0761149820721245 -0.102250052745302
-0.253965595259949 -0.260499933006927 0.00123090766889665 0.0538985090408922
-0.14504191908365 -0.270371797606995 0.156266613781518 0.144709104175595
-0.249883137933636 -0.23049328934361 0.113566880841566 0.296558216725321
-0.333906779282353 8.6091020666524E-05 0.284683209241531 0.219225838492457
-0.22735263839431 0.231822178591768 0.311430880824927 -0.00567630949602117
0.000755102209219254 0.242964207032393 0.142449123228811 -0.118654214926401
0.109905657805492 0.162503940440798 0.0401791240836267 -0.0806676581363348
0.18105587298675 0.0766130026316645 0.0162817020560471 -0.00159640140629602
0.188170761159052 0.0215512086034945 0.0527832709979956 0.036198630021097
0.185463204744191 0.0219816021416298 0.0743026656267156 0.0784665666694171
0.151278436582274 0.094642084248313 0.045740984401496 0.136961717672377
0.0878984658275498 0.160301559590178 -0.0403193732453756 0.194858489573271
-0.0535927286121276 0.241309504641197 -0.157514704539822 0.119609082076183
-0.209904531933568 0.139635818183618 -0.182557648895155 -0.0352090845274119
-0.248670873808662 -0.0859775209829842 -0.0536000832824169 -0.0687365859462412
-0.199776666516619 -0.252328082160405 0.0441526202306583 0.132725713255238
-0.0696529884848853 -0.213163656547082 0.161061982546698 0.252131776630261
-0.170573282743264 -0.211942045963535 0.113255217275756 0.345993791648658
-0.264026707082858 -0.033015344576303 0.227904280186717 0.259132913667237
-0.195317814933728 0.169574073523278 0.264521893469243 0.0660623619640989
-0.00487954891434428 0.190240867721678 0.150403005818774 -0.0348585440515932
0.0844186856721786 0.123381438615489 0.0916091459614136 -0.0189770472033668
0.142060554645271 0.056882109524027 0.0786470856606663 0.0244461689916053
0.15126813417917 0.0125846769811674 0.107397536948122 0.0493138222917327
0.149263098808599 0.0116843147997125 0.12919645503331 0.0895839472740821
0.127598751356124 0.0675775695990962 0.0929148340022814 0.155820854366135
0.0754993142587719 0.127138646818058 -0.00648632049596429 0.222601536989915
-0.0478439074775103 0.19676078646507 -0.137214704192559 0.148412976300143
-0.178878155482418 0.100273177181332 -0.170270122151549 -0.00248781675273007
-0.190880742454435 -0.0972994691820909 -0.036471094163285 -0.0414810766406016
-0.118726776990661 -0.218654641931394 0.0725780316268675 0.19624431168186
0.0163102909363998 -0.11444495996198 0.147192943182831 0.312133730435728
-0.0651175695485501 -0.141489313834468 0.108039927841091 0.357171638164447
-0.141326895021407 -0.0382453083698566 0.175154974781296 0.271080774505393
-0.111972753220933 0.0885978592928216 0.21956905098563 0.112890151802344
0.00169829263617774 0.101147684947543 0.157517982062662 0.0227320120015894
0.0478481430541354 0.0584795380490605 0.130661686201534 0.020297922487866
0.0797812219923395 0.0247036327140355 0.124706535696847 0.0363211843648346
0.0914852624237305 0.000380827698200961 0.14350919215881 0.0546247203344596
0.092810925736998 0.000377996922769281 0.167075812255844 0.095807403046786
0.0897159998712425 0.0351567510896682 0.123374972156541 0.171846831118472
0.0567285994343459 0.0846738331401156 0.0110464044828199 0.244969469270552
-0.0367704922752534 0.135841234409491 -0.132327016338898 0.169976028435784
-0.129934748229379 0.0528544566807325 -0.169687700247855 0.0218599415781174
-0.11427143284309 -0.0963891042290817 -0.0293265454798154 -0.0242763203155323
-0.0235566378741127 -0.1573171662478 0.0823666860405081 0.239380039739325
-0.0636667206713539 0.0636200478979938 -0.147746899756076 -0.258907886204594
0.0372851038738492 0.0525530982026926 -0.037777950853518 0.0280407510085808
0.0681579268877297 -0.0123520408016369 0.194007009201973 -0.0272001288817883
0.00336722813650655 -0.0583935206640134 0.164186961214226 -0.202770919227461
-0.0331169847217494 -0.0220337090164837 -0.0206432340338339 -0.288673131092792
-0.0218345184866368 0.0117438731983895 -0.184203436983461 -0.204298248956893
-0.0185963743856853 0.00817367221499823 -0.218694335934832 -0.0901889222705996
-0.0129663705975887 0.00376596077905471 -0.192793245848529 -0.0282056505714567
0.000605814145216229 0.00246616734302247 -0.178476407692978 -0.00724308836257294
0.00718986672729126 0.00333657896276977 -0.183718906864822 -0.0055423826854592
0.00856448932913675 -0.00255186173407327 -0.193573541560126 -0.0344458894077469
0.0283803431721558 0.0128650723286742 -0.219673284344614 -0.130422066009032
0.0202154104358142 0.0483979241764006 -0.186277604047315 -0.251425782221957
-0.0590310375009845 0.0593879032223817 -0.108341632483392 -0.304276061391185
-0.109872339034208 0.0216729207706102 -0.163935330953137 -0.282356410082273
-0.156029446320468 -0.0229084311779615 -0.0874385018818957 -0.258600121810632
-0.0755694059290478 0.0279056331238814 -0.00666928699157284 0.0360500112137504
-0.0268935422327102 0.0494917678289813 0.235895963712264 -0.0303708605530931
-0.0211700490608739 0.0447104976410835 0.199930055740447 -0.226408360580944
0.00103751322329652 0.0479322232950207 -0.0118720389972721 -0.306295340030379
0.0348540696371738 0.0512140344346565 -0.181046326319765 -0.210692156523295
0.0590456249431924 0.0192171746857165 -0.212420166921245 -0.0824862418314012
0.0653779721367551 0.00557558021785276 -0.176849241933784 -0.0182134242243942
0.0798184033456088 0.0193210018930811 -0.162592666479909 0.0109066348084672
0.0667516062408615 0.0651162281801713 -0.169566649413197 0.0191328951820623
0.0267899172529385 0.0873771898033295 -0.188591671396093 0.00105903016418884
-0.0333716434565717 0.117727045632195 -0.225051548416462 -0.0936287327896575
-0.100355559488476 0.0812026478301831 -0.1968455920396 -0.21886044361326
-0.169225624676667 -0.00658457089301779 -0.121769292256667 -0.250112320645224
-0.201135748488165 -0.0915291841217182 -0.14813460460443 -0.220098457272304
-0.221877344479528 -0.119510498128949 -0.0125068990852046 -0.212535952126578
-0.188748304832955 -0.0234660556422302 0.0366397421178669 0.0739990517922942
-0.142049946890255 0.0965654471358058 0.288783929400858 -0.00459670966062681
-0.0622406510557749 0.154140153927206 0.252896979362363 -0.227864964156474
0.0310086590735973 0.127850473136175 0.016596178079126 -0.310075318812479
0.0876420013167656 0.0951260912592449 -0.153629189626062 -0.208342102656081
0.129749464622106 0.0351276534098672 -0.180349003177512 -0.0708052708890265
0.134560467921697 0.00660269960643563 -0.136404401141426 -0.0066287751818259
0.14618126143475 0.0247195025955511 -0.117836661887975 0.0320711437530818
0.121823000103231 0.101807094059074 -0.129568442262556 0.0565077751243426
0.0604920737330577 0.149939514689962 -0.166715633903146 0.0613067427769698
-0.0523772988441256 0.209362154087119 -0.228695491628916 -0.0297043914206029
-0.178901338362688 0.131960723243121 -0.214711415080873 -0.168651717996544
-0.252384495793717 -0.0351582188358518 -0.125560822269803 -0.192548619476975
-0.269894192446365 -0.173158953237912 -0.109873535470444 -0.130361830565289
-0.249094143328765 -0.204859717545563 0.065019172945195 -0.121631960019631
-0.277693263529942 -0.0937270686475109 0.0844667386229939 0.137696930632534
-0.255861747775835 0.112839982798615 0.330146602918745 0.0496486755728743
-0.119160633828696 0.244949814358846 0.302078417750975 -0.19510311980323
0.0479260562684685 0.202683921515374 0.0582834710561071 -0.284476906789739
0.127154486469206 0.1353300949667 -0.102967442721968 -0.187408081634192
0.181696594717909 0.0507125789546752 -0.124993971228908 -0.0521155876249337
0.182999930702331 0.00516308061861946 -0.0772503624077785 0.00706171567660318
0.189810094521311 0.0190667261537797 -0.0540710402586426 0.0502796402943274
0.160726738610163 0.110194061556619 -0.06912619709198 0.0919586829935182
0.0941394092214227 0.176952050327977 -0.123795219267852 0.123745775496737
-0.042531695656465 0.264721055577745 -0.213809553339255 0.0416645348925332
-0.210747638999957 0.176528754592111 -0.22212261505462 -0.110116538420731
-0.297383998222686 -0.0395742622390461 -0.114268518366289 -0.139916252643405
-0.302800151280947 -0.219829327612767 -0.0545961083867301 -0.0350784036870558
-0.234060601650183 -0.257977682068047 0.130781406033388 0.00243333509156534
-0.313980305263269 -0.166776910720631 0.123756111118806 0.217083238833433
-0.333943442561619 0.0877257874519586 0.342085261803165 0.122601347026093
-0.178723838955082 0.285658947602435 0.328066693532825 -0.12638980244774
0.042786049282091 0.251105803446132 0.101279533319573 -0.222950218839431
0.141619000440469 0.159905899196353 -0.036827953988124 -0.144679099604935
0.205213546898287 0.0605776658805849 -0.0552234395837061 -0.0286424970166718
0.204091891871655 0.00298442211167492 -0.00837526691016928 0.0201051645398795
0.205036409078835 0.00910038406447459 0.0174698784262891 0.0631049962707289
0.175610781997908 0.10023229517767 -0.000848049697009352 0.118195088632695
0.111042815008564 0.175169383542463 -0.0691802292834556 0.171605069390251
-0.0297249229745147 0.276926100376952 -0.183156791125444 0.101214952851148
-0.213886258901346 0.189127774051921 -0.212558192767838 -0.0562356644479973
-0.298445300432453 -0.0456583227374365 -0.090655274600658 -0.097919320516473
-0.289751930718884 -0.238612865311996 0.00697908148617295 0.0537695991827582
-0.179075444332754 -0.261635596711204 0.175829959540577 0.133888760008364
-0.283434499519898 -0.209441256835783 0.147417588323932 0.291064041333806
-0.34326879171913 0.0391892981955735 0.314336458495666 0.192455309000651
-0.206927665084352 0.265399813552112 0.316638655250436 -0.0396530623533878
0.0280342181410865 0.249988357588366 0.132484271460302 -0.136831723976903
0.130657267516584 0.155416562750286 0.0316764746181927 -0.0858347277048302
0.194282314742412 0.0581802470003096 0.0186849658305232 -0.00365936895087603
0.194550866682714 -0.000722819051679063 0.0598831408761122 0.0312186391041247
0.192029408983279 0.000650009740891348 0.0855131266300973 0.0716254109087337
0.166233499308164 0.080920389799559 0.0632166866526802 0.135400954092539
0.108138326357617 0.154871270191084 -0.0184536531238021 0.20467185678996
-0.0263796608250567 0.25367337691827 -0.149084650579406 0.142170122671339
-0.200168711294065 0.1669789302044 -0.193348012352577 -0.0139470428049311
-0.26520631175381 -0.0616682246706778 -0.0646580250412259 -0.0655076081053827
-0.233955431039755 -0.235397396181107 0.0603449006804298 0.130668395425503
-0.0959787323950286 -0.210165817367868 0.191863024361679 0.245186698308493
-0.199390762347896 -0.198129638726402 0.152791806355452 0.342525248248736
-0.274720442849632 -0.00310924635588224 0.260646682504383 0.240437371102336
-0.181385693560427 0.196837490148183 0.276425022515574 0.0397891108055306
0.0157383468627246 0.196157452506479 0.149877876093484 -0.0514634712288139
0.0998382996747094 0.118265154152333 0.0920654617469162 -0.0282807199029791
0.151780669214859 0.0421946061835185 0.0858297707861285 0.0166746534676757
0.154976414029696 -0.00573727027352374 0.117231047632841 0.0395270945561972
0.153597766742633 -0.00549033604279677 0.142502048300814 0.0770749595807633
0.138094084552198 0.055199463835518 0.113112654432704 0.149723143379579
0.0912435533196999 0.122396857465119 0.0201155616267663 0.228979219114951
-0.0258800727706683 0.206944007987667 -0.124720484283944 0.16963739142174
-0.171782116030653 0.123292871545314 -0.176585156261296 0.0180009758453551
-0.2059440356226 -0.0796338287540041 -0.0435480440335513 -0.0387852294746931
-0.146768081712113 -0.209292052333025 0.0967225364384294 0.193470536681732
0.00279160470508917 -0.117566414505178 0.184685480000855 0.308622588284059
-0.0832120975720023 -0.135438747434166 0.148788673905933 0.354446927978551
-0.1492866029227 -0.0219094103019926 0.207336788450729 0.259123060189756
-0.104875532131369 0.103680094076009 0.235919558230242 0.0932238655668906
0.0123876972676679 0.103321005960854 0.163624668443398 0.00764777750354044
0.0547801781721073 0.0556210171759522 0.137180173890273 0.00809995156330169
0.0836089460777349 0.0163933379430365 0.134151329814886 0.0243798246227333
0.0921431405829534 -0.0109917276710779 0.155555706814657 0.041431326952584
0.0943291739541516 -0.00998176753127277 0.182027822673811 0.0801410307260223
0.0950347795559643 0.0253758780722463 0.145096813771166 0.162721638652664
0.0664884823260544 0.0799023148952178 0.0396928533027322 0.25015551224683
-0.0214250541192676 0.142163187745015 -0.117018876164508 0.190311373383515
-0.125882205284108 0.0676255288973455 -0.173257222803941 0.0426182671834917
-0.127228920982455 -0.0869851143984103 -0.0357124059832043 -0.0215093092402417
-0.0424356509233155 -0.157726775175143 0.111778286032475 0.237363646858518
-0.0550888452010838 0.0697693243278981 -0.171576160709984 -0.241526847735505
0.0416574766002039 0.0487764933766682 -0.035110827040496 0.0322172892892248
0.0654223629865313 -0.0188562264038317 0.187595921218897 -0.0461296873587424
-0.0022708417690508 -0.0563669573462732 0.141744058945968 -0.217632439186204
-0.0341300849771015 -0.0175149339383979 -0.0493499751447419 -0.283020989025503
-0.0183058673861299 0.0129547239430936 -0.201892384575289 -0.181833353551839
-0.0153533881100976 0.00951139772265596 -0.224724421740751 -0.0654447420239758
-0.0115023843728001 0.00547403085470379 -0.192616425880307 -0.00803672870341381
0.00198211848949818 0.00222101107732878 -0.176956961868836 0.0107767988886711
0.0082716471578454 0.00288861758265903 -0.180710195623857 0.0130288510906337
0.00855981020683973 -0.00244077552847867 -0.19383706449993 -0.0153128862071863
0.0281751835585047 0.010540312752865 -0.229105475750578 -0.104050791498931
0.0219472931528141 0.0449793060569719 -0.207687031501915 -0.228241880385378
-0.0533155650137002 0.0642795915996948 -0.134928772756417 -0.293364961329114
-0.10492493076961 0.0325053467543044 -0.190821532599258 -0.267082445409995
-0.155417758611749 -0.00679111433128613 -0.112078406275511 -0.247524076936372
-0.0724550163031437 0.0350323045884438 -0.00392088720116691 0.0368496191639349
-0.0218845558010238 0.0519063264315228 0.227537043266239 -0.0535616242104856
-0.0154748488203701 0.0485960003681166 0.173624016795121 -0.244007283003601
0.00643806255349638 0.048167888015673 -0.0427416223350597 -0.301514204906029
0.0413599640095337 0.0459650621313068 -0.199506942604511 -0.18839980598386
0.0618029897471425 0.0130224839985387 -0.216839229802017 -0.0599179294207249
0.0651527983358261 -0.00146125111053504 -0.175499045573343 -0.000671981403424581
0.0817528699012319 0.0102609982794056 -0.158512237109265 0.0267966800093117
0.0740034575636689 0.0572253756383792 -0.164376652662334 0.0357097233640721
0.0361834526400612 0.0848885769575063 -0.185130782105248 0.019876778356081
-0.0210822178103608 0.120687291376722 -0.231522714646421 -0.0672174995162902
-0.0929968345401303 0.0898493895158345 -0.216284896346229 -0.195598321314663
-0.168339885258644 0.010345126719581 -0.144146255167734 -0.238025080708366
-0.20579293502752 -0.0696852699195065 -0.169232472520406 -0.207150808891939
-0.229839585843816 -0.0955005640355128 -0.0342675495937093 -0.210248094024596
-0.189568655557635 -0.00490071162725034 0.0418946321342193 0.0688790235758777
-0.13009392206237 0.10988227476246 0.281543993731613 -0.0341453410219665
-0.0450143682080048 0.160501369616179 0.224942085126546 -0.25059438436372
0.043989153436452 0.124139683732345 -0.0148312435269747 -0.307347241670486
0.0978264111319245 0.0848890105635191 -0.172318673231653 -0.188196020917936
0.132264011575641 0.0212425262083316 -0.183072174447423 -0.0517238342398371
0.13246992484965 -0.0081323496128427 -0.134369892953222 0.00640424987010659
0.146751368861547 0.00773915623981551 -0.111622653554162 0.0429487318918671
0.132154432794086 0.0882877561404198 -0.119821696407786 0.0689452397387413
0.0757482908827645 0.143384906527204 -0.156681158899311 0.0773763850670341
-0.0296725326619363 0.212610558568548 -0.22915594015277 -0.00367500358585562
-0.164283254485726 0.148868758292081 -0.229490695943591 -0.144766467820801
-0.254213841742727 -0.0100597602294303 -0.143382248354138 -0.179328974694625
-0.282237715757939 -0.142927063700327 -0.121851866782778 -0.122002260547247
-0.266190282980709 -0.177387114310674 0.0509745636324892 -0.126679052901587
-0.283851699123211 -0.0659053756999162 0.0949014999059331 0.12684245244595
-0.239977674801352 0.137847000981835 0.327492994683639 0.0147190881212871
-0.0925465664814667 0.255906662399909 0.276375797943984 -0.222641360469628
0.0680068859078566 0.196743565282142 0.0284256117789723 -0.286071296129731
0.139801005633749 0.120680417355312 -0.119938094236165 -0.172805488076472
0.184675373916931 0.0312665518625073 -0.126438392828505 -0.0396932117348889
0.180008157090268 -0.0148760667986395 -0.0743207458406909 0.0136310937332122
0.189213377471652 -0.00221162690073335 -0.0474043652809245 0.0543734801145973
0.171369706410751 0.0918114092639602 -0.0572448461304221 0.0976520604218046
0.112017886346202 0.166398381253894 -0.107906191933134 0.133824337540381
-0.0132308278338959 0.265629900078364 -0.206992424262441 0.065272641472161
-0.191335040968186 0.196883173057161 -0.230978248291464 -0.0850551890270958
-0.298060159929469 -0.0105819912412273 -0.12800754887661 -0.127812526592763
-0.31988517643864 -0.184603389366084 -0.0572793666566197 -0.0323287695757843
-0.256475486287292 -0.231461501013609 0.128555486419944 -0.0101988607478912
-0.326653654466053 -0.133852999178821 0.141203726981292 0.200275475045752
-0.319872617404522 0.121925215024814 0.346334056542929 0.0855805628706707
-0.146371548200102 0.302288000718753 0.308951170071884 -0.157150754773121
0.0687587851599283 0.24413616585737 0.0769634587591614 -0.22925761196161
0.156982294502398 0.143868110821084 -0.0506286768947198 -0.137303473591727
0.207980213714763 0.0386592493603753 -0.0546555706019377 -0.023598354777938
0.200001338535429 -0.0192711541978046 -0.00482947669472183 0.0199163165978524
0.202946171449604 -0.0131036890125808 0.0241868038455705 0.0598683389727638
0.183971030036919 0.0809851699076172 0.0128743715553037 0.116406674420355
0.128079668167063 0.162739212881184 -0.0489978469734529 0.176177982398113
0.000430690610466035 0.275460597097545 -0.170201013882834 0.120927882171607
-0.191550072547244 0.208139525396794 -0.21609877288986 -0.0319854623755817
-0.299240676920921 -0.0161183628922192 -0.101421030568005 -0.0882404894302825
-0.309254268889544 -0.203886705475215 0.0127672492859089 0.0498012234385185
-0.20287835631261 -0.238709852288824 0.186076927359038 0.116525611093972
-0.300864353707916 -0.177475044415507 0.171995202141863 0.271223047874573
-0.334156186521392 0.0743228758773834 0.326672362534746 0.157391856234181
-0.177292657673439 0.284136206962511 0.305382299629428 -0.0694089501396084
0.0531056652807931 0.245024133802798 0.116214428855032 -0.146463097912677
0.145104953467495 0.140851899485656 0.0231652169985442 -0.0857787447707394
0.197086603405364 0.0374924817926227 0.0210904931588615 -0.00597519467020236
0.189613245005868 -0.0220602013665994 0.0638132388807096 0.0244781061256694
0.188823507044872 -0.0200363936761701 0.0919745290029683 0.0608969090491531
0.172177168721476 0.0623156054500829 0.0766913320940019 0.126884376650034
0.122337643005343 0.142298043133432 0.00431468430534822 0.203516145775558
0.00126589116084251 0.252069245124912 -0.132894100907869 0.157402455742067
-0.179397730330167 0.18514774942432 -0.192958804486903 0.00773419577945976
-0.266890931719202 -0.0348884229656123 -0.0725027569496513 -0.0579615312908129
-0.254519036110696 -0.206143323024379 0.0729592488044355 0.12141746236457
-0.116125449341917 -0.196355249158167 0.213519906595621 0.225801173781824
-0.216257369459367 -0.174067869920183 0.181703660705768 0.321336334148513
-0.270248320191267 0.0265319900146527 0.278759470222496 0.209991558010182
-0.158509017597598 0.214324401483579 0.274797883438551 0.0127920978096155
0.0353717529023679 0.192229601899958 0.142097053234202 -0.0640921728866679
0.109742390026182 0.107600167493178 0.0888030151863791 -0.0357293078435113
0.152840956442681 0.0265617427455434 0.0886525680586468 0.0076078237554116
0.150139748247958 -0.0222120469299151 0.121844191128678 0.0267158983413657
0.149269911684244 -0.0217451639052929 0.148462846473208 0.0610139245892117
0.140981676630231 0.0400695906262561 0.127037331055544 0.136062586030144
0.101850518976662 0.111775897916496 0.0439418800481055 0.223084215290203
-0.00357241537074984 0.205099383719472 -0.105833168903109 0.181173840902386
-0.155651109698124 0.137992749248574 -0.173578717877432 0.0374673029390117
-0.210433877097679 -0.0583585087592247 -0.0487054578025494 -0.0336116293951455
-0.166204751879819 -0.189192801967902 0.115725045330505 0.180141465132455
-0.00976054668192885 -0.114410999137836 0.212908628983276 0.291029064404986
-0.0953077905159922 -0.122625558569151 0.18000750212276 0.335070583247062
-0.148284509963183 -0.00520039098720622 0.229361349465658 0.234682137175845
-0.0926321552172313 0.113509056588397 0.240342963230823 0.0692401138340056
0.0220697641582571 0.100496099832731 0.161654541550995 -0.00732747911107739
0.0588491719925905 0.0497920802580059 0.137141231347222 -0.00482593644082344
0.083042242326655 0.0077435419436491 0.136632448104849 0.0104685977664322
0.0881574409051597 -0.02120870559552 0.159603359780461 0.0255056383368557
0.0907564445993543 -0.0196134010360899 0.187121451908371 0.0600081592753361
0.0947546255530303 0.0153642182584151 0.159514264584576 0.146645086162192
0.0727661631308328 0.0722064102503128 0.0658488075013634 0.241857512259385
-0.00568608825006031 0.140655700241286 -0.0964404459704152 0.200225113413442
-0.116152386468127 0.0784846250931258 -0.167354189077977 0.0607692418806309
-0.133649810379305 -0.0725709770247878 -0.0383037801437795 -0.0168218058699411
-0.0584150605745456 -0.1484501642866 0.135206809678502 0.222025087647118
-0.0446888883474576 0.0743469339227844 -0.217723982422755 -0.189438155235424
0.0472999625772637 0.0397549779190492 -0.0262775766847552 0.0421411166473233
0.057494909052922 -0.0324298197314641 0.173750839653512 -0.0829945971791805
-0.0159768342620079 -0.0551157702829242 0.0942806944206522 -0.242333955775181
-0.0399080949841968 -0.0103028843811949 -0.107557486238064 -0.263812600374815
-0.0158233546241549 0.0175354197653947 -0.230198383399997 -0.134226839930791
-0.0122600282504907 0.0135579637601903 -0.232545913909029 -0.0199752383182219
-0.00986465126398008 0.00834792391128954 -0.187368296203605 0.0288708594854247
0.00262392046430432 0.00273805834111347 -0.169302341529223 0.0460986414171366
0.00825103233373346 0.00264616989433594 -0.17110451758476 0.0497083510604519
0.00642496609354092 -0.0016943933986835 -0.188657624711988 0.0255254496184925
0.024851199861804 0.00479750976108024 -0.238390573491614 -0.0519794529190131
0.0241336682403783 0.0366939699755461 -0.245489819214467 -0.173872897423517
-0.0405601201192633 0.0654326898456574 -0.189338435908538 -0.254421146679211
-0.0982202706745787 0.0448686928532333 -0.232999276164857 -0.224494311763391
-0.150840737617781 0.0167141575008472 -0.167041108342593 -0.212063427519719
-0.0617435337205803 0.0457075413916123 -0.000614053416888039 0.0382072612467504
-0.0107665173662103 0.0480787106355644 0.203236342101875 -0.0940271744220446
-0.00846562961490456 0.0443976914001126 0.115284615082952 -0.267400805376206
0.00930824746257071 0.0445285784184813 -0.103353517881489 -0.277453600704079
0.0468045844726566 0.0392064133215709 -0.227301667225046 -0.139828956209587
0.0610180604861343 0.00223140045828413 -0.219625536385413 -0.015172959884055
0.0614165517402711 -0.0113330623043557 -0.168793145002555 0.0325847243124032
0.0801325082498934 -0.0041461750427263 -0.148682000569748 0.0580858509135618
0.0812236352853158 0.0429665200507476 -0.151457515226828 0.0697626080681609
0.0468512271825818 0.0773347672635337 -0.173096580955307 0.0564614663267802
-0.00191944297839737 0.119303218672042 -0.234151344531301 -0.0184597120254279
-0.0771826883416679 0.0983015359239768 -0.248338230295695 -0.142050955608911
-0.159675062383368 0.0347401544826525 -0.18528663431833 -0.202115876691152
-0.211413330133013 -0.0357449987100075 -0.199921038442772 -0.171202900937347
-0.234763399589124 -0.0556848854167049 -0.0888153545249739 -0.197622486066479
-0.178398828046413 0.0279992174925987 0.0453960695018725 0.0568790090243442
-0.100165577670439 0.120735507349647 0.249778924672409 -0.0840089666172551
-0.0142243964054405 0.15314705074685 0.156827060156197 -0.276970470468491
0.0579773907726161 0.108955841502302 -0.0750510327758938 -0.283776187810351
0.106864902154761 0.066172045639458 -0.198422181127118 -0.143513044114275
0.128785434996958 -0.00296156046491038 -0.181430147027498 -0.0127076067670102
0.123692840790465 -0.0298248925909901 -0.126331971432226 0.0321212634907522
0.142196159782188 -0.0181196092756913 -0.101308718189872 0.0652273881652908
0.143286051822059 0.0614015433217557 -0.103848182870636 0.0934436044064337
0.0941105631150364 0.126321986518731 -0.133965263979997 0.105695945130773
0.0065980898276593 0.209750674963325 -0.219861573026406 0.0404963327972177
-0.134698356514993 0.166382857272738 -0.253074841377656 -0.0900484376629435
-0.24503219758889 0.0320227853706786 -0.171739557134216 -0.147059837910701
-0.296442914310814 -0.0921765387215918 -0.138288750219605 -0.0992562618626818
-0.279899988300463 -0.127009939774195 0.0075225643436545 -0.139617635433371
-0.276576524350796 -0.0137319047535659 0.104442246074821 0.0984737195614137
-0.197102544358117 0.165664986385186 0.294726857373101 -0.0463475656638888
-0.0392787690741867 0.249875597447699 0.204666856946271 -0.256280642623215
0.0934946476762037 0.171622418008501 -0.0280665736006404 -0.266059378057978
0.153233028533355 0.0928263145282898 -0.142466170662184 -0.13680195571574
0.180115394801726 -0.00303926488210719 -0.121514707288408 -0.0111022385415518
0.167494111113938 -0.043891264200201 -0.0665217553051874 0.0282199381874651
0.179857404213282 -0.0357100457862402 -0.0367563825028389 0.0640527678462682
0.181796427733471 0.0586509516441232 -0.037026822924051 0.109236291289918
0.133077661372981 0.143463631100745 -0.0747848721005235 0.150336152102708
0.0326529885257057 0.258477915700213 -0.185379571232263 0.10155464089661
-0.151780999923025 0.215997320211744 -0.243072746833296 -0.0325066044139591
-0.286644445094881 0.0405480723993166 -0.145869535516539 -0.100931485862177
-0.337490133473471 -0.124061869565032 -0.0590113934822181 -0.0254043697199903
-0.27674439449229 -0.178909705797517 0.106622859233178 -0.0472991476411372
-0.326940189404846 -0.0694712778827888 0.163007982070075 0.155484485629144
-0.271607071241219 0.165202895025191 0.321809912549646 0.0151971643560785
-0.0796027510888311 0.302360969943078 0.243379852055847 -0.197365806586678
0.103838328097882 0.21594524773299 0.0297464162863302 -0.217532402583471
0.173222919406498 0.111224673904429 -0.0676119534706412 -0.114662101259142
0.203427280064097 -0.00120103308658163 -0.0473863372332511 -0.00790805122349272
0.186108133106451 -0.0515924807228285 0.00178280404721088 0.0208497165704591
0.19078531885128 -0.0487716068243878 0.0338774956890742 0.0555200520622461
0.19225342552335 0.044981358706412 0.0346627349448985 0.112484805954194
0.148089765788219 0.136849369683393 -0.00934024211636733 0.178408367061249
0.0476119998979028 0.26552407478011 -0.139178806324217 0.147081791149369
-0.149455054682374 0.227807821859778 -0.218683973444033 0.0159098789327478
-0.288667617511909 0.0355514399641534 -0.112080540657686 -0.0680622973182152
-0.329425327581864 -0.143257679596566 0.023455821337274 0.0403391718843201
-0.225744272212884 -0.192383890160764 0.190905214994662 0.0619983155232852
-0.308316081282865 -0.11398785196187 0.208045097868526 0.216525818185788
-0.291365699115702 0.124042333773801 0.317652517076082 0.0849847768293249
-0.109379614844979 0.291892963634654 0.256984750061466 -0.1142922960793
0.09088850965103 0.217843117086243 0.0836099598285036 -0.146470532929691
0.16147999054539 0.109365443347433 0.0136531994361061 -0.0804476393289012
0.192575057310357 -0.000111324864019776 0.0295632792277641 -0.00485925533041899
0.175571558614239 -0.0525983749427109 0.0692718559141921 0.0119408967925163
0.176505324009941 -0.0533405389631641 0.099054187909294 0.0430694323606629
0.177230351404925 0.0295472938654287 0.0984795195177636 0.109371926241691
0.139567260829472 0.118937496837394 0.047529063638368 0.193273313251157
0.0445101250281389 0.243041977934497 -0.0961718647876015 0.1740772266724
-0.141209215831307 0.202894741909898 -0.188075058252755 0.0487057580388312
-0.260904444962747 0.0128509864732789 -0.0779068771399043 -0.0440011266993741
-0.275521665785759 -0.153432329740142 0.0946544136401208 0.0982045854216315
-0.134751577407418 -0.164468833265063 0.245488761123744 0.161588701431592
-0.22682164347775 -0.124663621934316 0.231595389011532 0.263287334227417
-0.239420939493761 0.0700816896842433 0.288382427253801 0.143078664955283
-0.103821112966531 0.224199053970136 0.247187671004388 -0.0330638186056172
0.0664577061001861 0.170703491629456 0.124815636209267 -0.0757868254791084
0.122500370765234 0.0829450576718939 0.085092049897846 -0.0456951734613391
0.148245417534928 -0.00351713977571134 0.0965244061705601 -0.00541752108564289
0.138540951053852 -0.0467678663302129 0.12548907550594 0.00342818782071272
0.138815792695297 -0.0483859101296246 0.154414188288461 0.031689636783708
0.142728864072589 0.0137685463749225 0.149259302905237 0.10777937536459
0.115273391822728 0.0928257373985272 0.0899040030852826 0.204395895858958
0.0316438265666411 0.198813757770139 -0.0655668136148712 0.191895903965633
-0.12573767893994 0.154400115055697 -0.161956938801934 0.0733540723398467
-0.211011315993908 -0.0189452441613987 -0.0507700446422614 -0.0237552911200342
-0.187594066020406 -0.150195743972401 0.146672774853706 0.147379923244017
-0.0206081602414962 -0.102946327205959 0.264158088345473 0.228033552285126
-0.103662702098242 -0.0972117736710598 0.238059032507282 0.279768908860475
-0.131800957155123 0.0191956305019764 0.255340462246479 0.176259275641366
-0.0606532320790978 0.119382012047464 0.233435237827546 0.0238703278350578
0.0386678242234458 0.0862800456041362 0.155384890741673 -0.0315220248796385
0.0636583002258271 0.0362649399377398 0.135561118429058 -0.0290814355142895
0.0790029511842618 -0.00849199644620715 0.14087550118197 -0.0139980792364483
0.0795808527363885 -0.0355442781877246 0.161066098537018 -0.00556705911855869
0.0831117931985984 -0.0359938993542684 0.191401681641218 0.0219677055765097
0.0937839552671045 -0.00206683905405176 0.182819157273393 0.110290982231545
0.0818654121977029 0.0595015954075077 0.113863625820262 0.217314498449526
0.0178364461069934 0.13670464383588 -0.051841119014958 0.209276895784683
-0.0978273047202225 0.0914371505234511 -0.150560297558411 0.0936476639437924
-0.139754368731306 -0.0459107734488364 -0.0378148456651329 -0.00905239438553537
-0.0772717762409565 -0.12851571265113 0.172095422476878 0.184618639201893
-0.0402158479343245 0.0744059023502497 -0.218868941833367 -0.180771553259531
0.0475384884045124 0.0383222052650022 -0.0249345793889734 0.0438747681851579
0.0548355844578262 -0.0335419876499292 0.167620489235188 -0.0853111058277644
-0.016873523202791 -0.0519607458034766 0.0859186490499593 -0.241041085924287
-0.0381927812008301 -0.00794251944292064 -0.113005549936655 -0.255901950862129
-0.0136875989447296 0.0169937244777902 -0.229249595063196 -0.124747488687017
-0.0104055713790062 0.0128748754026686 -0.227563073964253 -0.0116087190506613
-0.00863569081140349 0.00842779871634811 -0.183381559128051 0.0333445709978066
0.00346522764705668 0.00265460058358438 -0.16506356078732 0.049904214609883
0.00870960999452296 0.00237927991853626 -0.166205063514853 0.0533502289534243
0.00656073487392721 -0.000953998964660094 -0.183786982532515 0.0293198946249226
0.0237503586807492 0.00542529574951257 -0.233313734469222 -0.0447150795676912
0.0224168310318622 0.0355799009249345 -0.243472889907549 -0.164080485785233
-0.0386858077836713 0.0648047322426141 -0.192457728015043 -0.247458818318686
-0.0939185767074746 0.045798600289688 -0.236648161087328 -0.217163524010323
-0.146348092356314 0.0200974992934201 -0.171630648417342 -0.204144367085306
-0.0600401872874945 0.0462910421156922 -8.32522082759312E-05 0.0387792083380903
-0.00955168224054373 0.0473699656502187 0.195718335034384 -0.096966327646245
-0.00602964622564825 0.0453525917589085 0.105150086979756 -0.265543929948685
0.0118118610714466 0.0447313894369519 -0.108730200616616 -0.269940049241219
0.0485162118947589 0.0365988944907229 -0.225705052926663 -0.130073006696296
0.060991746785161 -0.000109526768100283 -0.215004972428277 -0.00860697434173337
0.0600665405090906 -0.0133668929384299 -0.164924366081959 0.0360838205122876
0.0788643344654762 -0.00658316075559983 -0.144227468856369 0.0607810969415938
0.0823253679762336 0.0397808223782698 -0.145802276932104 0.0721095971491982
0.0491427605699489 0.0751837311789651 -0.16752555030241 0.0597676021512841
0.00149703967140933 0.11817030318699 -0.229235524931559 -0.010763922229965
-0.074495047840385 0.0994249604509891 -0.246695129948115 -0.132471483333346
-0.156928866386857 0.0374042397775338 -0.188059136834882 -0.195614745416896
-0.207551208339326 -0.0302044269790576 -0.202447394290195 -0.166850275266425
-0.23093425156311 -0.048521704950941 -0.09402856414173 -0.192158771518697
-0.175289647740183 0.0315559791498271 0.0443185442249822 0.0556600189261437
-0.0949262950395467 0.121466321407334 0.24095701931778 -0.0886488283733593
-0.0081063074365674 0.152937288833813 0.145987636041183 -0.276698259467496
0.0612426177984921 0.107195939937845 -0.0812058151171055 -0.276033588236913
0.108522409104813 0.0619877018757265 -0.197607377984563 -0.134051928528555
0.127518930286113 -0.00711096382176215 -0.177180942092433 -0.00838455721573372
0.119964643141354 -0.0328839881597576 -0.12297696349853 0.0338121159517906
0.139102316521225 -0.0226520998086375 -0.0970240411385752 0.0660621590491574
0.143426951889047 0.056196186347254 -0.0979220349408369 0.0940380457411259
0.0975150233297501 0.122146131192414 -0.127625178482472 0.106894809936022
0.0125648157848291 0.206617200745288 -0.213299036675606 0.0471862621563545
-0.12873765136776 0.168150797052605 -0.251245648002152 -0.0810988880598458
-0.241003454784805 0.0373317859123177 -0.173261448800844 -0.141090338023026
-0.291524063674668 -0.0830618835245714 -0.140181061341681 -0.0969791712638108
-0.277201895940087 -0.117413351963657 0.00246179431463222 -0.137289588799743
-0.273448313711823 -0.00662413484894151 0.102172988075538 0.0940148126482581
-0.188301916038362 0.168795598856961 0.285920295614409 -0.0525800029901321
-0.0302753566051101 0.248623007343354 0.192961582884305 -0.256284860273107
0.0978496110503184 0.167566741110451 -0.0345111906802598 -0.25936789559209
0.154348402549618 0.0868748145624118 -0.142154369206797 -0.128989529303055
0.177088670089217 -0.00876750308388183 -0.117619214871484 -0.00868152514078815
0.162042937605279 -0.0483978787876295 -0.0639016679437494 0.0283973855008089
0.174544683020893 -0.0411955310374135 -0.0330991135794118 0.0630253676183426
0.181254814948592 0.0514852049586181 -0.0316941033558125 0.106842783504641
0.135484815188333 0.137078550712961 -0.0674931540095019 0.148644267928706
0.0405567991417961 0.253127147055447 -0.178012913431128 0.106910845861266
-0.143258237883089 0.217827520051531 -0.240138401812257 -0.0234673891309629
-0.281496533318305 0.0466528512646424 -0.147107997405692 -0.0960237654858296
-0.333216520812257 -0.112980394889039 -0.0600928690602406 -0.02649257862662
-0.277045351151998 -0.167732481832902 0.101917912208955 -0.0481975920486847
-0.32374403791941 -0.05991977760879 0.160779287923147 0.149464581641682
-0.261573928420352 0.170461938365823 0.313764182238974 0.0079430064634281
-0.0675553941242386 0.300717536119816 0.233221581068308 -0.198863212059976
0.109519733640297 0.209488350890441 0.0238576058154074 -0.213362093925234
0.174603259430822 0.104660389961863 -0.0678492124045455 -0.109675076690294
0.199980064183815 -0.00737574847874678 -0.0440299083305769 -0.00796283987090499
0.179822490080687 -0.0563947807064703 0.00400767272579736 0.0192966132966208
0.184619028689296 -0.0540233001405548 0.0352291785370678 0.0527593557044937
0.190606759233613 0.0385564149618837 0.0382745703655529 0.108465270284741
0.150469911222243 0.130698035406104 -0.00283949184721574 0.174037676129764
0.0555904937196595 0.259821562630234 -0.131013873957522 0.150192620889083
-0.14028467352182 0.228538197232434 -0.214928063411343 0.0231125853424224
-0.283052545705588 0.0422115551051744 -0.113313348584621 -0.0640142328205902
-0.325761270848382 -0.130612358273181 0.0231851428393843 0.0364890068943553
-0.227000931561187 -0.182900096472954 0.187951446304942 0.0575964226515866
-0.306330954269667 -0.103924871412603 0.205951646115366 0.208013748057688
-0.281520965001435 0.130409029314975 0.311546847740579 0.0761486453197956
-0.0973914901408406 0.291709236163797 0.248568827086751 -0.118105372571328
0.0959940892516225 0.212220619790285 0.0787387482666702 -0.144542978825452
0.162820339228482 0.103753959164939 0.0130572914122467 -0.0784249189971069
0.188548456395976 -0.00644206358830276 0.0313777556735982 -0.00729707612569865
0.169452352497214 -0.057045297127112 0.0699486511679325 0.00883170419537805
0.169537931218721 -0.0576157536347767 0.0996651241117907 0.0391332366924712
0.174536141100914 0.0235601938308884 0.100423447269608 0.104359064612371
0.141030404479207 0.113132237738744 0.0538467906812292 0.186947304944713
0.0512309172169207 0.236903481191389 -0.0879932416908762 0.176210891575048
-0.132378779986304 0.203047591520837 -0.183866841943991 0.0551522579880883
-0.255855302299816 0.0193083692202613 -0.0789843083849937 -0.0407871119003211
-0.272908235980156 -0.141595389627457 0.0950906968874319 0.0917113844025111
-0.136782040294527 -0.156943626780025 0.244996674261733 0.155887897961841
-0.225539665637367 -0.115305201821427 0.230788409336387 0.254178475132366
-0.23182719908817 0.0754184546804402 0.285590401367255 0.133753778261298
-0.0939307505666528 0.224235311387294 0.241272451551692 -0.0375514226118025
0.0703511132660255 0.166072759165644 0.12075625297415 -0.0764001373723343
0.122781726163182 0.0782849962072897 0.0842565005179506 -0.0470555153965597
0.145345299499696 -0.00762538678295248 0.0971147027977233 -0.00959629106758375
0.132841695898107 -0.0505670972719256 0.125255521250686 -0.00158323124362975
0.133172815905658 -0.0517325573650021 0.153049274136525 0.0265360706468219
0.140083116486581 0.00945811497563508 0.149687230836313 0.101167426127666
0.115707888001862 0.0879453270211065 0.0946495711152084 0.196901332002896
0.0370589745979588 0.193162404819726 -0.0579425196980812 0.191761769665172
-0.118304314895019 0.154065558430213 -0.15801598473548 0.0780262705480198
-0.207682697880718 -0.0130290800285217 -0.051372884012373 -0.0216272713392424
-0.186774124657601 -0.140437287905013 0.147773691696716 0.139231674021588
-0.0226714830545404 -0.0987934979859914 0.266430366203485 0.221273184223682
-0.103184064246958 -0.0910857649727174 0.238458535825685 0.270538781487463
-0.126800440996069 0.0230248577627049 0.25502091027823 0.167232106834839
-0.0548501840532919 0.119678065015989 0.229107479306395 0.0182939130090967
0.0398885210240761 0.0834226759990638 0.151688642116314 -0.0344940665127017
0.0632862495807384 0.0343294619481452 0.133631350889864 -0.0326036588630322
0.0769294620236002 -0.0108333638374075 0.140018168427981 -0.01800673815676
0.0756425898648119 -0.0374266737109186 0.160636996062854 -0.0108124524674541
0.0794193108734934 -0.0377064969492526 0.188915702268266 0.0163317556595642
0.0909268324517263 -0.00500768826127975 0.182472810288507 0.102656662038587
0.0815209475531393 0.0559861183342638 0.118995074145279 0.208969670605505
0.0213197523037966 0.132835111966574 -0.0448490784479922 0.207181239009458
-0.092772870342818 0.0912417226721431 -0.145342863248964 0.0971269599026129
-0.138440860442754 -0.0410888779399449 -0.0381320481287359 -0.00728539552068089
-0.078754448477352 -0.121419114580141 0.174764332739941 0.17509829015147
-0.0380433248708603 0.075402018817407 -0.226641769196173 -0.181640360499537
0.0487447630704523 0.0388823912955879 -0.0249387440513323 0.0467457821384221
0.0546075491490669 -0.034410379251241 0.169320220861648 -0.088064552236207
-0.0170911717604674 -0.0514842041242406 0.0825265763985554 -0.2464164402735
-0.037675170921843 -0.00690808665831782 -0.118894186565208 -0.259290870420228
-0.0123962748942009 0.0161491644612021 -0.233181182771714 -0.123417785967817
-0.00921213444436747 0.0129710426383069 -0.230518627987694 -0.00778617985807765
-0.00782954597639252 0.00884755995262654 -0.186839174971083 0.0362664865665246
0.00400645967300927 0.00288664772382464 -0.167742099206927 0.0523922330566515
0.00965003613579762 0.00282902981437785 -0.168402779744576 0.0557387484727919
0.00652700522613083 -0.000353414361062684 -0.18625604166346 0.0308747046605087
0.0240132517597493 0.00677774080008317 -0.235199663996486 -0.0437488167918745
0.0212888901685206 0.0366353737974692 -0.247057771631057 -0.163768537635391
-0.0394928633506804 0.066123282782593 -0.197858464842528 -0.252123043903432
-0.0935394688937551 0.046439468594262 -0.244613946526086 -0.221345034767469
-0.146606977580325 0.0219515158111578 -0.179599318441377 -0.206949110137291
-0.0612116849633071 0.0479889811519366 -0.000793893764526345 0.0410279954006758
-0.00977995894431841 0.0485256306674474 0.19648394014966 -0.100431093323822
-0.00433139966517634 0.0476598101108741 0.10207349217073 -0.271548074430354
0.0141890827916668 0.0465890486430433 -0.114055206847885 -0.272673151890022
0.0513135255541806 0.0355943260427362 -0.229845173073244 -0.12807617405187
0.0628752698186951 -0.00138679766020152 -0.216873294975338 -0.00562639272695726
0.0607989829635014 -0.0143245818927881 -0.167128562236577 0.0382306609779037
0.0800831238797931 -0.00802439626904188 -0.14552738499526 0.0629509423820622
0.0851900332936839 0.0394432798763833 -0.146765744577425 0.0739613422588953
0.0514162105285726 0.0767897234364221 -0.169376256113302 0.06133388678728
0.00334596219623079 0.121350579297595 -0.23084919308382 -0.00787737689749848
-0.0766446788684434 0.103074144554694 -0.251750750089159 -0.131404604734218
-0.160235044755119 0.0391031797433146 -0.19373458667142 -0.198763520642031
-0.208982562423024 -0.0293965021237624 -0.209468219685125 -0.170249507504821
-0.234433717720659 -0.0469109852950018 -0.100628350847076 -0.194676093410379
-0.179702976803518 0.0337329371084218 0.0437370895534796 0.057570907535033
-0.0949566509551811 0.125199234829605 0.241697136182172 -0.0916322268574706
-0.00488833023017008 0.157069756291535 0.143469480998905 -0.282191241281146
0.0656556786673685 0.109032563604552 -0.0858857076735604 -0.279030610682256
0.112804806358692 0.0608254983396521 -0.200261885172461 -0.13313558045123
0.129781249515381 -0.00975798184522872 -0.178504711800506 -0.00717982438705401
0.121042210662066 -0.0354287919878186 -0.124450857248211 0.0351395697748213
0.140333153571649 -0.0251789998459919 -0.0970895214073158 0.0671078473928673
0.147709382851055 0.0549724610895302 -0.0971198190026554 0.0957558891807078
0.101828985829018 0.123465591359716 -0.127004832028907 0.108674443415898
0.0168533476159889 0.210626612182528 -0.214859351577308 0.0524552491174702
-0.13023815569914 0.174292507538011 -0.256310695503289 -0.0780954451453546
-0.246123773366622 0.0393499967513465 -0.179706652175621 -0.143624869350252
-0.29561501199948 -0.0815612204234055 -0.145229275431208 -0.100540617169415
-0.282772582824463 -0.116136850158743 -0.00122190954029883 -0.13886985114314
-0.279453964437435 -0.00397133956944213 0.10231849279117 0.0962973372447431
-0.188709109632795 0.174272764311178 0.287471150956667 -0.0553314270415029
-0.0255168561396002 0.254907499317744 0.192620547721749 -0.261474273940609
0.103016080349067 0.170386943745489 -0.0369818015624654 -0.262377395528741
0.159634662390252 0.0862786459804676 -0.144344082382283 -0.128245758507943
0.180398595787378 -0.0120076244913696 -0.117757047349673 -0.00879123878047233
0.163114713539527 -0.0516140876716604 -0.0633150359155263 0.0284046967769401
0.175555159319375 -0.044304084676573 -0.031629310277629 0.0631034565605739
0.185902895801643 0.0499667472604575 -0.029789916364942 0.107843798586098
0.141400969371139 0.137810385534809 -0.0651662397486109 0.150647732330587
0.0454511681232642 0.257625328953155 -0.17735424813446 0.112684760886301
-0.142436730949195 0.224662780340725 -0.245686669282354 -0.0203691000594146
-0.287150513312899 0.0499794343598893 -0.152225331540384 -0.0963108694445109
-0.338492621391817 -0.110941470689731 -0.062834652471417 -0.0293154221478233
-0.28301852244503 -0.16690659977182 0.10146775236985 -0.0482197827115752
-0.331413050466986 -0.0572269297210747 0.161691426824477 0.151620430699442
-0.262911672865983 0.176993965270761 0.316983448783415 0.00561669463724323
-0.0633705940958575 0.309295634344753 0.233496481640815 -0.204015255631788
0.114945058605675 0.213058624931669 0.0226094871356529 -0.21558221980156
0.180043379001801 0.104464327819745 -0.0682622613012891 -0.109545804331251
0.203204526259953 -0.0106364746187302 -0.0425895146636253 -0.00972836759181905
0.1804223393661 -0.0606084259423183 0.00566140965312032 0.0177217609021019
0.184998770093164 -0.0582489743374887 0.0379324351264986 0.0517707858681161
0.195014501188868 0.0363945323580064 0.0413817331521186 0.108875967108134
0.15546995237462 0.131325775169336 0.00107177379834996 0.176432933934161
0.0604558422475975 0.262861609323151 -0.129299131747017 0.156657943657381
-0.139001586916462 0.234776966956592 -0.218969726026852 0.0270436470127695
-0.288120362384944 0.045690330998804 -0.117274623222327 -0.0634413341686996
-0.330712376573227 -0.128644294396443 0.0235380615243706 0.0342003909755094
-0.23236766593229 -0.182082040277839 0.191069491675988 0.0587257572966541
-0.313389958663007 -0.101980331859519 0.208629278470499 0.211585823889109
-0.282473673049069 0.136975421533557 0.315881673081289 0.0747117054447562
-0.0930467913110214 0.299564554812494 0.250261525341258 -0.121370987423786
0.101018408186072 0.21498186963938 0.0792075514055676 -0.146585610358609
0.167892496893602 0.10379852334607 0.014432760174803 -0.0787545303761212
0.191216819881456 -0.00922362157514656 0.0346275817149271 -0.00969934313022332
0.169608746841718 -0.0612331349132545 0.0731735156001042 0.00657720910940824
0.169951438536611 -0.0616392697388541 0.102817657654393 0.0375163019801044
0.177868732007993 0.0216338101420378 0.104030801215364 0.104237049652004
0.145694198185347 0.113145212870063 0.0583886384113916 0.189011348475562
0.0556083622793648 0.240074844800727 -0.0848075782119807 0.181688863771677
-0.131122547502714 0.20848004740595 -0.186573211514259 0.0604283805331113
-0.26041466706247 0.0224360185807729 -0.0817797387724568 -0.0400364204799702
-0.277987999120202 -0.139460577225676 0.0977942991014686 0.0906173946798075
-0.140550545791425 -0.156520445870864 0.250540420470305 0.159211337474406
-0.230665759773249 -0.113771962385682 0.234582933639416 0.258382480731916
-0.232464762424029 0.079674868362058 0.289863111950802 0.133960515850473
-0.0907878737522798 0.230308315356318 0.243674243205478 -0.0404140279814734
0.0739548718349874 0.168305572276273 0.12278674861268 -0.0779341993769326
0.126323726750427 0.0785488842920034 0.0864529323593243 -0.0485877694895884
0.14671884905609 -0.00983466210915526 0.101104067831584 -0.0128155580754497
0.132668530305814 -0.053486629636092 0.129619840978551 -0.00451891656101161
0.133088082480054 -0.0540203984174293 0.156735531967853 0.024814910408433
0.141815149168666 0.00763737884501692 0.153803034745827 0.100847869491052
0.118661176560483 0.0880333050114458 0.0997054829337727 0.198062709020082
0.0400136560785633 0.195295282514844 -0.0546866241907662 0.197205242461394
-0.117862696987136 0.157152253626392 -0.159758496598733 0.0829617923036138
-0.210983141073197 -0.0104163661167733 -0.0538025209241869 -0.0210737663621806
-0.190298589693137 -0.138666332477003 0.152785565763363 0.138650816987572
-0.0243650301194777 -0.0987349174859355 0.275150940806861 0.225910724790496
-0.104736958240226 -0.0900366501718813 0.243434382732303 0.275005221566971
-0.126749583523405 0.025305234598501 0.260521527755333 0.16843275879204
-0.0526670767271036 0.122585374639223 0.232772613577478 0.0166656486233321
0.041369442395542 0.0841411585062722 0.15447153388099 -0.0356956451662496
0.064217865475737 0.0348066257228854 0.136452920227034 -0.0348896692895699
0.0772496528518545 -0.0115520524565735 0.144327518514352 -0.0218741388272519
0.0749684647831851 -0.0391874885883069 0.165476413572104 -0.0147773346413439
0.0789000066905034 -0.0395286899465595 0.192556183162492 0.0143400293398675
0.0917187553128813 -0.0062936567263225 0.186545927628035 0.102664396681614
0.0835695164796649 0.0560343790342222 0.123592255723436 0.209975350777586
0.0231734696603229 0.133547738982194 -0.0422972006549313 0.212032079268985
-0.0925618084394704 0.0926506036842299 -0.146331949588485 0.102107657134896
-0.140638278718528 -0.0394795431101636 -0.0390795700595739 -0.00729350385207784
-0.0800794078702734 -0.120048597230405 0.180618927988462 0.174747166926249
-0.0357456365313342 0.0793253153713425 -0.245324172810408 -0.185738286137901
0.0524545563211981 0.0398908681518318 -0.0246739804112031 0.0518813685609064
0.0551637204724658 -0.0376530929536375 0.176133651363792 -0.0956847237702475
-0.0182054441525798 -0.0524551830439841 0.0791856023345652 -0.261813429038153
-0.0382209537236025 -0.00555157276082918 -0.131861572849959 -0.269651385300274
-0.0116165520946317 0.0163531356014369 -0.248227635472118 -0.124206915546881
-0.00855774556894668 0.0136386713090132 -0.240977836358957 -0.000934119209161884
-0.00758806431671754 0.00964190380327238 -0.196346249800612 0.0430191724080859
0.00552762318132296 0.00278511153616792 -0.175700986980685 0.0598003772064164
0.0111024768213318 0.00280338696727799 -0.176099303206243 0.062595120921198
0.00711043770480449 0.000559346202498964 -0.195426729836375 0.0355642496617512
0.0251005221958782 0.00787300616858284 -0.247297345894548 -0.0409689859377981
0.0208882665013461 0.0387390938016561 -0.261631698955234 -0.166207496835446
-0.0417233493050985 0.0707292348386882 -0.21422712850702 -0.263285131827261
-0.0960908376276786 0.0500931300341984 -0.265275098224839 -0.230556125012281
-0.152140898970212 0.026313202182956 -0.196077526852067 -0.212501901538023
-0.0642252312905746 0.0516418461278913 -0.000499244884483062 0.0450114497228703
-0.00980161271483489 0.0516991618251216 0.203631580536527 -0.108989847910432
-0.0017420164842337 0.0521675836548092 0.100027881885363 -0.288505168443319
0.0180789697317211 0.0496636796469301 -0.126205154292216 -0.284290426755227
0.0564571892828316 0.0359317587484075 -0.243443105357547 -0.12908455414453
0.066535550206153 -0.00347774878872553 -0.226806940518956 -0.000312646006721479
0.0636090625570019 -0.0168069014648407 -0.175324852655444 0.0442978458508006
0.0847839319315249 -0.010893294608155 -0.151326702127108 0.0693956717719245
0.091699342060424 0.0393164188852812 -0.152054663654253 0.0809588731048362
0.0570005125226854 0.0801526117708885 -0.175500963989016 0.067421237221256
0.0069729534097016 0.129349069839511 -0.241379117260742 -0.00258149091159793
-0.0795537919012022 0.111678053963622 -0.267772439010049 -0.131221383866366
-0.169836315358215 0.0446383511236725 -0.209716504351996 -0.206794933892368
-0.219586827135443 -0.0267117576493709 -0.227707833577035 -0.178062603418422
-0.246581228601907 -0.044328965256802 -0.113364478702307 -0.20160545128546
-0.18949086915979 0.0402101184576902 0.0455334381455538 0.0612719388159498
-0.097419686548408 0.13470637340359 0.250862396316118 -0.100694106281732
0.000480319621842737 0.167500221793726 0.143338773606844 -0.300419831500557
0.0736130273815039 0.114836439870085 -0.0965315792785811 -0.29157322872054
0.122080258291306 0.0607890636774001 -0.212478247148722 -0.134265038781793
0.137201321811047 -0.0141431456670623 -0.185862298689667 -0.00394661330978616
0.12598652235048 -0.0408384261111425 -0.13010972754801 0.0388726895101649
0.147197320483506 -0.0305382422253713 -0.0992318870868027 0.0721403622664024
0.158297018993407 0.0532539980726959 -0.0994027230456386 0.102076270916048
0.111403838595328 0.127927854010577 -0.130111390186389 0.116415331809984
0.023963588385538 0.222246163286778 -0.222635139246746 0.061190478455187
-0.132905199705127 0.188634906154778 -0.271681174979036 -0.0753060507465804
-0.259532433022395 0.0470111671404708 -0.193386679675799 -0.14781519802333
-0.312271689735503 -0.0790086922561384 -0.158118628923873 -0.105166548698639
-0.300124466384924 -0.115431676374801 -0.00760106937592265 -0.144887220791692
-0.296687732501738 0.00280138384015095 0.107604194803589 0.100989045212015
-0.194104587766619 0.188826295666421 0.299678770732553 -0.0636467085683257
-0.0180694274207015 0.271107031904937 0.195811374283325 -0.279691460921655
0.114944607615045 0.178395052626231 -0.0446166271195169 -0.275211807424634
0.172534138302618 0.0867137156232977 -0.153307986462723 -0.130993806116627
0.189440363347036 -0.01839586673361 -0.122219488121883 -0.00835243493271151
0.169357712251722 -0.0597623482833052 -0.0658094275039053 0.0297232123599702
0.183532091751513 -0.0517527391140938 -0.0309453516430778 0.0660575761661843
0.198248852541683 0.0468420231118424 -0.0278205478328579 0.113373820732766
0.15370782428458 0.141619525283842 -0.0632478356864896 0.159045306169144
0.0553460703368526 0.271121915328947 -0.181279052235925 0.124686633755103
-0.144555636145008 0.241441428735809 -0.258911176617771 -0.0132669609865515
-0.301895385725663 0.0592062768311348 -0.163672260209424 -0.0982021945845994
-0.357734804376364 -0.107836002638708 -0.0686241692197762 -0.0321152468346718
-0.302009434105066 -0.168612562734026 0.104214911528178 -0.0511980179504055
-0.352274507930924 -0.052404219869588 0.171181488861287 0.158565491718478
-0.270537909658606 0.193654892061104 0.331434887919814 -0.000703253336813254
-0.0558297754849379 0.329067380909616 0.240123725184426 -0.219829029052138
0.128179742633653 0.222749857526347 0.0193611624352852 -0.226827023606699
0.194246165944065 0.105416809094255 -0.0725870174477297 -0.11320825862097
0.213438161813723 -0.0172825392849183 -0.0429234161363177 -0.0118173636945665
0.186702029040341 -0.069247071677142 0.00761019236637852 0.0170676208955388
0.192205489040493 -0.0654586367851926 0.0423024351575493 0.0524464599441054
0.206193938037877 0.0327702875048604 0.0469190454033046 0.11282623779642
0.168478462170896 0.133674599088267 0.00774341627835847 0.184538927645352
0.0719895737176867 0.276506990106076 -0.128967688130323 0.169309154228781
-0.139161200823397 0.252005722730491 -0.23100922509549 0.0366497927936984
-0.303293117439426 0.0549006712576579 -0.125876913246661 -0.0638162205680004
-0.349987893588708 -0.125636827805756 0.024652059988271 0.0337734076204127
-0.248696737096867 -0.184662643368763 0.202213864555623 0.0608567976976383
-0.332607090300654 -0.0992183643738312 0.222079403557786 0.220918584875491
-0.292310195014219 0.150967127688407 0.332042135999907 0.0716012137621239
-0.0886176543139663 0.31995294829843 0.259154461628822 -0.133736246062259
0.113302132449307 0.224672644366897 0.0801429873712247 -0.155414574154538
0.180550484009295 0.105561371856348 0.0149479255904686 -0.0830034344909067
0.20025052218731 -0.0154123570264667 0.0385673646667238 -0.0138125987773506
0.175468653189302 -0.0698279404320356 0.0793807579943065 0.00255560320406459
0.175858402495208 -0.0689228819604419 0.110816361363063 0.0363222367495773
0.188002664876076 0.0178738138777469 0.112553073588524 0.106112411966063
0.156884424742935 0.1150626387616 0.0680130999954811 0.196013520871408
0.0660322885182329 0.251759651046206 -0.0820539358801221 0.194616512564016
-0.131287132256151 0.222774541872937 -0.19555013496174 0.0703100138934082
-0.274232301007172 0.0296281862142297 -0.0885303820989009 -0.0393514596470534
-0.294813850069908 -0.138386976375105 0.105038343199406 0.091489466993694
-0.151819885875115 -0.15980426598032 0.268331285797603 0.16479521213943
-0.245656484664125 -0.114120840567597 0.251337525140459 0.2693353110682
-0.241147866489343 0.0895908065681424 0.307414488736611 0.134496570922911
-0.0867697109185565 0.245954936199937 0.254484722379987 -0.047838115140875
0.08307905473305 0.176113103746626 0.127612999725717 -0.0837464972330822
0.135830545434333 0.0803267632875592 0.091515991716206 -0.0533110937595539
0.153953782941458 -0.0148358836153388 0.108047949206815 -0.018066844530819
0.136714508090043 -0.0608850336485285 0.138589579100312 -0.0107813638052091
0.136893510221217 -0.0607230795625217 0.166426147026984 0.021703696219236
0.148774472014872 0.00354686056293202 0.16495679105029 0.101907711999371
0.127691278792768 0.0892021732714223 0.110647341420678 0.205077761299105
0.0481409122104522 0.204593524100733 -0.0509721106815668 0.209603429691129
-0.119155401347147 0.168100414681873 -0.167050199718872 0.0935451006345941
-0.222304855037193 -0.00598283402750598 -0.057599898216497 -0.020267085058309
-0.202870147270143 -0.139295079720412 0.164723890075073 0.140806099846091
-0.0275569750673116 -0.101583306183037 0.296733396750751 0.23438243781156
-0.112195885638751 -0.0919101993021029 0.262360839788865 0.286416682856045
-0.131515736569263 0.0294782935187477 0.277877949538641 0.171499167023901
-0.0501201156569964 0.131177489135564 0.24400876819616 0.01213372390645
0.045352456532366 0.0873882453194575 0.161479934846972 -0.0403320308357548
0.0680901742076368 0.0356024381630535 0.144204928663184 -0.0408577044451033
0.0801924397286405 -0.0145677748654668 0.153341748201765 -0.0287081937806588
0.076359003036904 -0.0436087159499865 0.175648014420132 -0.0224559816241258
0.0811174917542776 -0.0437866357553799 0.203257409974585 0.0100200800958575
0.0946023284165295 -0.00918330884573472 0.199481533828234 0.103923405776342
0.0893935456145643 0.0565209355355854 0.135614870090657 0.217081605513269
0.0286618649046973 0.139131744307964 -0.0384033802113302 0.224955562804038
-0.0943110692459789 0.0986576193160008 -0.152071435862501 0.112340729693864
-0.148060531915886 -0.0370776292403811 -0.0426572249946204 -0.00665140865454783
-0.086300993349403 -0.121802420638295 0.19562304083593 0.177400554372024
-0.0310438259653014 0.0854837737201541 -0.27684992162458 -0.180707341133178
0.0584122898762058 0.0390587905850652 -0.0225276367342974 0.0591196988561949
0.0557914144876945 -0.0431081489750607 0.182491111466831 -0.113316228866355
-0.0226173697201858 -0.0540002233179072 0.0662469726084289 -0.284599238928207
-0.0394133326239436 -0.00340345976482445 -0.159535792352915 -0.280623374890568
-0.0107097793864427 0.017430089888995 -0.272168147600883 -0.115982908895724
-0.00756569008976008 0.0144180845606875 -0.256676159602675 0.0156626725701878
-0.00650251215831857 0.0109897507120616 -0.208803323079773 0.0596581219414555
0.00736424186811893 0.00242529671849306 -0.185135977559757 0.0759008054687013
0.013024999494254 0.00261098706729488 -0.184233225492021 0.0779833660785854
0.00785042980279507 0.00120023555192711 -0.206950818989433 0.0496263095983857
0.0271443385978426 0.00806978726784074 -0.266301243177525 -0.0296205072200749
0.0226614827260147 0.0413830843305976 -0.288310543381432 -0.161373392383635
-0.0411628601832962 0.0787220021249416 -0.246315854342341 -0.270196714189031
-0.0980856067786165 0.0588171098914546 -0.301820725537197 -0.233386650981189
-0.159884400781515 0.0363232082421985 -0.227044396451996 -0.213904947307821
-0.0662151498934106 0.0597125195527967 0.00191859412541448 0.0506873921254947
-0.00764870557491166 0.0570007532992016 0.211052974656423 -0.128819710703211
0.00295328345768291 0.057518822433097 0.08730047512816 -0.314413498807112
0.0247519149609557 0.0526175352043185 -0.153900642073339 -0.295739746566493
0.0640034248398568 0.0333350620318755 -0.267715713076309 -0.122221957267331
0.0718636240825653 -0.00922387869013229 -0.24079538596368 0.0141101266390522
0.0674304683310664 -0.0224917532367765 -0.185919726241562 0.0587704722755161
0.0911336039565363 -0.0178302656596517 -0.157836110422644 0.0836985404288496
0.10172330523791 0.0359509606685301 -0.157000285047731 0.096017665977843
0.0665380782058336 0.0829981453611175 -0.182939084434675 0.0824796522464336
0.0158686157213426 0.139251199519266 -0.257430507755229 0.0128259835200668
-0.0788556560130002 0.126061527239558 -0.29419002368925 -0.122443039755181
-0.180776780834442 0.0587740241941858 -0.238109996211733 -0.210073200371015
-0.236163204091803 -0.0149806193844829 -0.25839194150572 -0.179240150485013
-0.265790285772981 -0.0322615190075161 -0.137279495200868 -0.206762178968059
-0.202097573012764 0.0556389765589619 0.0517884061424658 0.065495594833831
-0.0953409435093627 0.151398870977827 0.260641975190963 -0.122276941252604
0.0142119149802683 0.181537185566735 0.132856836103881 -0.330853797079809
0.0890123243272348 0.1187169875046 -0.121729901940536 -0.306381747538842
0.136475918780606 0.0565517000405946 -0.234466495899368 -0.129720410410871
0.146153717483628 -0.0251152486139638 -0.197967693203319 0.00651272745503557
0.131722844441611 -0.0527271526369424 -0.137088815149271 0.0494714255755652
0.155535540159695 -0.0425312181250141 -0.101414384066061 0.0824458725940639
0.174094435968167 0.0463097607894894 -0.0990543812111263 0.114453645885034
0.129183787444201 0.129956589471387 -0.130749139071242 0.131266978571113
0.0419649155702197 0.238076761775816 -0.231754061257539 0.0803073247432502
-0.130126085163057 0.212259911018793 -0.295581307598678 -0.0610903486600652
-0.277330797998835 0.067058762920517 -0.21735173613086 -0.146230266982694
-0.33892838685204 -0.0651217674781968 -0.179033239987158 -0.105836430753587
-0.328325861240406 -0.10422067829963 -0.0193934801480073 -0.152112240459462
-0.318770311958429 0.0226553979082641 0.119985722138368 0.104032259051555
-0.194747773055613 0.215832188058847 0.314570247911519 -0.085747471383532
0.00148104870062525 0.293778013830976 0.189478338318845 -0.311719779512033
0.137462680447459 0.184939405212421 -0.0654033876383354 -0.291153657551328
0.192265194994641 0.0810064465534513 -0.170545886407386 -0.129835596656532
0.201998329926313 -0.0327875245638612 -0.129390540820608 -0.0031789317767098
0.176025711354287 -0.0764083465343066 -0.0678048076094574 0.0343556264765138
0.192245407334877 -0.0676559239305435 -0.0283047452962255 0.071258751719622
0.215969935902295 0.0364400206474651 -0.0214601384214043 0.122103165631655
0.174781129730807 0.141827047091654 -0.0563483948692756 0.172879579425383
0.0788956985587012 0.286800691591625 -0.183214302111384 0.146423804109532
-0.137960332003317 0.27000386925093 -0.278874422117724 0.00456244586370271
-0.321461345234292 0.0826927853653644 -0.183007786128113 -0.0944944566181382
-0.389335401322441 -0.0924860358290186 -0.0771480101325001 -0.0322719344628238
-0.332795131464046 -0.160556376127851 0.107336573112427 -0.0584329809940773
-0.382048396303073 -0.0320743286065143 0.191483839553342 0.161843487522628
-0.277024736954802 0.225563664109188 0.352301873820767 -0.0210287349984254
-0.0349061960163211 0.358530360711942 0.241196843366811 -0.25032503514612
0.154372409078385 0.231474269307171 0.00665632567495841 -0.243252737166416
0.217232032790957 0.0998136784969487 -0.0827299702164366 -0.116345559680456
0.227323187689038 -0.0333295742104855 -0.0448083319351986 -0.0124939787700461
0.19431017959905 -0.0878050487400928 0.0105331365851848 0.0150547380746487
0.200328779919565 -0.0827618074315052 0.0505686724885987 0.0512611445028482
0.224107355840012 0.0208443164533862 0.0587652643590535 0.116659111025303
0.190128720759359 0.131699477292549 0.0217939715742496 0.195303919848073
0.0969698881034089 0.292001182492903 -0.123956467587299 0.19068668388458
-0.130938959251079 0.279878151992083 -0.244978476859431 0.0570220614609775
-0.32232198672754 0.0777582629000718 -0.140472315954269 -0.0587956160691319
-0.381755972208177 -0.112472246717447 0.0271982987233527 0.0330920527469422
-0.277480118701129 -0.181376372043778 0.220486532219801 0.0555234798666577
-0.364001372230791 -0.0839789547480326 0.250968790555024 0.225515463374316
-0.302212771226927 0.181524080391367 0.358358946935882 0.0568427905220791
-0.0694843025002421 0.349816502533441 0.266293226523318 -0.159245242371555
0.137916099747947 0.234259731865245 0.0769562259328732 -0.170779412526279
0.202037895190161 0.100667442955498 0.0125829909523835 -0.0896451970916061
0.213521775471629 -0.030047440953038 0.0417637022028995 -0.0201462489674163
0.181983619812974 -0.0876417096798672 0.0861976794337776 -0.00520584219165827
0.182545407019367 -0.0850498607858428 0.122303012583236 0.0294776389177434
0.201831199656682 0.00623748107975168 0.128165309521825 0.105931154631051
0.175811222534273 0.112668792931152 0.0874205846072739 0.203593785427574
0.0885124150809806 0.264913110483452 -0.0722131932961922 0.214856152902013
-0.124924776008376 0.247511033659741 -0.204931429514379 0.0907046940439667
-0.292365878918948 0.0491160825061335 -0.0977487035007018 -0.03561107873751
-0.322736021459918 -0.127874744276964 0.118873924292043 0.089555794659248
-0.172250267810195 -0.160295904539085 0.300229242886491 0.163174401824153
-0.270297985692377 -0.105524403344957 0.286141628892387 0.275146076534894
-0.250939086378333 0.111109431281967 0.336180619656112 0.12520469730047
-0.0738139239770725 0.27010197318934 0.267463214854539 -0.0668622060455542
0.101249472547452 0.183568861380769 0.131895950029488 -0.0966222451574991
0.152048318262796 0.0772803310446389 0.0963867987853815 -0.0633596134349572
0.163203483593671 -0.0258377420969025 0.116122163723876 -0.0292501811994758
0.140603558901395 -0.074981648794648 0.149498654355475 -0.0238315138997465
0.141819265036991 -0.0739384481358674 0.181240280955776 0.0103681813260247
0.158617060198698 -0.00593492393009797 0.183824504204666 0.0988114731451952
0.142923571912642 0.0864671709782029 0.133208584455929 0.210203491240889
0.0660665449690537 0.21634128737254 -0.0384695309848894 0.228806366320345
-0.115718355274229 0.187158997187223 -0.172640048480932 0.113558735752648
-0.237765241273313 0.00822896328745901 -0.063619887469159 -0.0171954132686988
-0.224485857695411 -0.134099544740127 0.185970799172737 0.138421792945943
-0.035584539450745 -0.105329806419937 0.336776647097362 0.235880568659509
-0.125106088236721 -0.0899882374807882 0.299536777405701 0.293294998613783
-0.137266593914915 0.0396181454012556 0.306884791358101 0.166749838840572
-0.0426930055434356 0.143600320016925 0.26052989432477 -0.00172648035785693
0.0540684985587399 0.0908905796061233 0.170127612639347 -0.0522731843740864
0.0756451179210816 0.0342382348074538 0.152786556048921 -0.0528548882610946
0.0840160524403355 -0.020412552708306 0.163497216388257 -0.0427416022078709
0.0770654788795293 -0.0518994625297708 0.188723408252959 -0.0390227449056826
0.0823700595703041 -0.052126795733693 0.219198514142772 -0.00386447103113138
0.0996527277389111 -0.0163117103148829 0.22050365928322 0.0989849925028924
0.0989127346802465 0.0537654667356544 0.159194557647885 0.222781223274123
0.0399547939156834 0.146262518638072 -0.0253645036148245 0.243952147277265
-0.0934790930585342 0.110209668338779 -0.155726372349781 0.132058619644836
-0.159805301884156 -0.0297321892940228 -0.0466341165638592 -0.00408957738263882
-0.0985944872427802 -0.122911630668039 0.221977406195224 0.175363501960452
-0.0488602593353651 0.0842774956225038 -0.269694087617597 -0.217241836852883
0.0558446803866891 0.0477395745576387 -0.0277445418985938 0.0628193275925326
0.0613818164829013 -0.0396550546507458 0.207184007736426 -0.0994017385390659
-0.0207986437751329 -0.0581346611462238 0.102658361920067 -0.296573154610805
-0.0449712678548017 -0.00616439244527082 -0.138991427101234 -0.313673070282299
-0.0151183689258292 0.0178535698898926 -0.274174370651398 -0.153905671711585
-0.00932763087982423 0.0141959881474689 -0.274043524041738 -0.0115510918615804
-0.00851692873242121 0.0125418498568095 -0.228937818747 0.0391132990857471
0.00858638673781478 0.00299680233521034 -0.206818965801207 0.0605490046639957
0.0132433168042406 0.00617565884173054 -0.20391306334032 0.0621745808148545
0.00626964166947866 0.00392559491305095 -0.223533045641458 0.0286159930482918
0.0239425706655308 0.0106602869994284 -0.276389146435021 -0.0622748390527957
0.0141929850206094 0.0445905182804834 -0.283079255831013 -0.203083147388322
-0.0576778664910576 0.0729250420069184 -0.222171292108196 -0.319312903469184
-0.118304449999339 0.0457702162318898 -0.282873849654383 -0.291974936623806
-0.1754318653073 0.0150573583241521 -0.217858474964303 -0.247286613754143
-0.0761825520395505 0.0526553624729404 -0.00611694062512766 0.0575824070772316
-0.0169637962747895 0.0542167003874496 0.235018196812229 -0.10542605469061
-0.00774076168828088 0.0581055834479334 0.126969404973022 -0.318225852445332
0.0142224290313089 0.0604483874139957 -0.127046584456537 -0.327549500805211
0.0615171304751504 0.0446442902821586 -0.26640459947828 -0.158047390618845
0.0757385237699348 -0.000931698761534423 -0.254621178901524 -0.0112767872429368
0.0732813104783455 -0.0121115640254639 -0.204801145298557 0.0394515092746268
0.0987485137074886 -0.00648634755193765 -0.178904527167503 0.0725171459858859
0.102733536888157 0.0528937908856866 -0.178937429610554 0.0849132277452206
0.0560073641463083 0.10062625442198 -0.204672448529917 0.0620720106675788
-0.00361714653509105 0.14878496423131 -0.274861220697499 -0.0246431116099009
-0.107613332875745 0.118331877773391 -0.29209537184466 -0.163690763263212
-0.2036000910294 0.0311585860016983 -0.215516305558575 -0.252110093694946
-0.255618333885008 -0.0556076626685876 -0.238585703871311 -0.221495205176058
-0.273654061311224 -0.0717798586688115 -0.129912725295584 -0.231970056818792
-0.21500179423347 0.0305742934618589 0.0393135113036342 0.0786137276265436
-0.118638308383666 0.139349375848207 0.280669752914725 -0.0875147439049535
-0.0100452854120773 0.185762644512365 0.175197202604617 -0.321215676323552
0.0724335286275097 0.137167967664558 -0.0879994115516643 -0.330630438829421
0.134584851723024 0.0777232211065268 -0.227891340231217 -0.162153203812332
0.154442749603702 -0.00819435731157336 -0.205410376032109 -0.0142671077900669
0.144977197726635 -0.0342076065859461 -0.150885561395316 0.0349880066440246
0.169282115605384 -0.0236152185285835 -0.118546853264159 0.0781767516513968
0.177981202443829 0.0735849927273941 -0.120318770730932 0.111915861551595
0.115448691564927 0.160182232882672 -0.155750533632166 0.117756964013448
0.0109649329157622 0.258061962863009 -0.25931286269884 0.0453415543418291
-0.174535499820228 0.201412267028124 -0.299784289966168 -0.100939721784904
-0.307061538549996 0.0264350141711905 -0.197147971973812 -0.183211735836087
-0.358840111691759 -0.124339579199322 -0.160178562574351 -0.127895809001822
-0.325828190864441 -0.155864521222803 -0.0157040370679334 -0.163681565566977
-0.330285660534004 -0.0189818687300574 0.102889836077639 0.126371948116008
-0.228644206413816 0.190891491467476 0.32597599769852 -0.0384474661317996
-0.0353972052141878 0.298230882039548 0.229516365687478 -0.287357651198732
0.114309658793995 0.210455558098161 -0.0255076073914173 -0.305859207388243
0.190616610474623 0.111121419729516 -0.158638663849075 -0.153648255336065
0.213865811977602 -0.00924828786400504 -0.130053032881258 -0.0163896768790445
0.194933671832159 -0.0526848691234584 -0.0753139552889499 0.0267328430300016
0.210871580687779 -0.0447862977584925 -0.0393722453594951 0.0744517190784292
0.223728329660712 0.0683445777341674 -0.0399353409277274 0.129062514290287
0.162993002169143 0.180310343807842 -0.0824242671318249 0.16851915311544
0.0450163817936618 0.316377191360942 -0.217904063017113 0.11879155417845
-0.192066336250039 0.261494507799279 -0.289465921505326 -0.0304159794816032
-0.356070383597269 0.0371723726183484 -0.16593642224712 -0.124284019657678
-0.408335902929682 -0.1612950188596 -0.0606044723639324 -0.0336693324844124
-0.320569300302114 -0.215075570960018 0.105399460287897 -0.0524184083365388
-0.386553481898209 -0.083995448740104 0.169633809145853 0.193693266136671
-0.313007176204368 0.188958948703674 0.352349717900338 0.0338959932259151
-0.0778867259986181 0.35861469956384 0.272474626979724 -0.212875778018925
0.126229011968407 0.259769222493402 0.0471318467899128 -0.244523795661841
0.214317231382427 0.133919822802112 -0.0670040908285254 -0.128508025893386
0.239797575303385 -0.00637406206132583 -0.0379199740557244 -0.0164288717216058
0.215813007719094 -0.0632218137961369 0.0105078093917618 0.0147146676868251
0.220396427892183 -0.0596736853878627 0.0469184250415602 0.0622210774037906
0.233852638334839 0.0526707781086273 0.0458976543343854 0.133079954056632
0.180511344893569 0.172095012684563 -0.00393458582061151 0.201177415331514
0.0637315429668022 0.323830589696507 -0.162305048441389 0.172872178682017
-0.185847514122347 0.273450163175576 -0.25997036261083 0.0289837588844748
-0.355241249111806 0.0333392063820076 -0.124973215030766 -0.0814955479304311
-0.396013425988723 -0.179876540794693 0.0414305403584844 0.0503400207078934
-0.256832029343258 -0.228675744507261 0.212760604344271 0.0792800794519843
-0.360033896825426 -0.136030065439756 0.225659832027 0.265166092314067
-0.331599407335019 0.140505744894088 0.347622767600459 0.112892993267311
-0.111045958592352 0.345956281655716 0.286703146312963 -0.113340963128581
0.110231063968994 0.258704195340434 0.110911375830573 -0.158595557252309
0.199341546850089 0.132171935537601 0.0308020492495182 -0.0898465838901264
0.225139623910585 -0.00469995760551901 0.0549514428799482 -0.014894012288299
0.203202964356789 -0.065021395454924 0.0933659572124982 0.0016627046992376
0.201873908837211 -0.064421650655943 0.125992177723294 0.0464815027475777
0.213127939969055 0.0338833193279647 0.121861481614136 0.129150539799839
0.169153515939175 0.148920954653915 0.064577110808588 0.218238707254647
0.0592039724254317 0.294768723301337 -0.109417574760048 0.205232400124356
-0.172983963829961 0.23954111501215 -0.22236745928073 0.0699150030849918
-0.317535069653676 0.0078948483889568 -0.085049888855051 -0.0501413195536615
-0.328213167751838 -0.187320624420723 0.12730070953771 0.121907333073304
-0.147417181113155 -0.191302474578573 0.287616536626216 0.201761664305853
-0.259105364332878 -0.145280566433579 0.260499886143567 0.321205395411749
-0.267749727517957 0.0769285204367197 0.319939647958684 0.177916506333923
-0.104208142160178 0.263320911033075 0.277193648479664 -0.0209853430334364
0.0796973806411819 0.199724661942736 0.15749294881007 -0.0759791794718538
0.149650591768053 0.0998228189588686 0.114658812687632 -0.0529722166961245
0.17302734512336 -0.00727871080729641 0.13379128327586 -0.0167874615090508
0.158417036076629 -0.0585872863347624 0.162596309809742 -0.0110953091151454
0.157536220862696 -0.0578081702765033 0.191644825042774 0.0323863526031429
0.168212070030699 0.0150720721337885 0.181904683881723 0.127675689493022
0.138376319527087 0.116337561541013 0.113413602557283 0.231122121344363
0.0419073829069027 0.238852395091042 -0.0747865064226458 0.225889217556847
-0.153532226736581 0.177289879468301 -0.191330816725782 0.0987606041515477
-0.253362703373797 -0.0263684448484051 -0.0542611982881865 -0.0251307226242264
-0.21924836818647 -0.177053084295887 0.187891081517253 0.180766141491786
-0.0130469053628912 -0.115152023383557 0.322667273035599 0.28418031421299
-0.110320476497745 -0.111041539894581 0.277571663053826 0.341038641983042
-0.140895208173102 0.0184996442962086 0.292620412675058 0.212611676056771
-0.0562067152611116 0.136884791138749 0.267941128027833 0.0389081335193586
0.0435372019530651 0.0974208573851115 0.189875838967508 -0.0293019604258306
0.0751979770659227 0.0441475616159745 0.170578065549483 -0.0373363164831746
0.0899843350548665 -0.0112423614262747 0.183558825979543 -0.0273550204485755
0.0881134924686567 -0.0437416617398586 0.205566119265916 -0.0214698317596362
0.0925141528199461 -0.0429719904875409 0.233475580181524 0.0214730090263921
0.107056242311944 -0.00305483226775651 0.222647762058038 0.131035737069002
0.0972886006061179 0.0747752681575689 0.140040882982261 0.248631982789262
0.0219159032573753 0.161357101986399 -0.0608263811757699 0.246932142498056
-0.118807802289416 0.0991906869175353 -0.175862466542393 0.121027032633018
-0.163329719604204 -0.0543344474780405 -0.0414639698983578 -0.00839461987886407
-0.0833319515153815 -0.144771615756464 0.214546207898794 0.220306367747363
-0.0367342054924562 0.0883227338654463 -0.298954936918656 -0.18111543196534
0.061488447096393 0.0408338685832811 -0.0191913484946584 0.0684815929730351
0.0552289469807226 -0.0465377672869169 0.196562408631987 -0.125280222845577
-0.027610137139711 -0.0555202788194955 0.0649738891161446 -0.309572811581544
-0.0445418094510109 -0.000644242606689329 -0.179376569035335 -0.296936225474154
-0.0120546295343625 0.0187850325921981 -0.294406038616874 -0.119166283282497
-0.00616349286639881 0.0145690890706134 -0.275263377913188 0.0240067240149513
-0.00585153217969946 0.0136789028645357 -0.226245322917723 0.0698179343552433
0.0104750712323118 0.00167532001921409 -0.201469501772328 0.0881437850807418
0.0153141981124147 0.0051620069690255 -0.196704558615594 0.0872328270722707
0.0071283383487313 0.00429265370944819 -0.221484242560306 0.0558526049662577
0.0250758608542275 0.00867229413282329 -0.285159570552296 -0.0285047281829984
0.0175278616997211 0.0447552747953272 -0.307312568284738 -0.169126729107769
-0.0496329307294998 0.0809137207459809 -0.263152919348198 -0.295128889240933
-0.110637720556859 0.0590801419674868 -0.325296363742648 -0.259377793879379
-0.171990317494925 0.0347022679846364 -0.252817495484678 -0.217206361489476
-0.0709352269921698 0.0630673592708323 0.00119563527108371 0.0607916186741913
-0.010269222212911 0.0575227664877354 0.222541038417423 -0.134175051935181
0.0020154209354661 0.0604170999575494 0.0863562073606399 -0.334496330287422
0.0244798552828258 0.0588536212918066 -0.168511651723092 -0.312458967361738
0.0687103367778803 0.0353934238296587 -0.286283461144375 -0.124492903608637
0.076966860914575 -0.011031975193628 -0.255814327945191 0.0208230863453035
0.0726194130250568 -0.021520147426525 -0.201958022772083 0.0669494752971769
0.0991055918894415 -0.0200053084323542 -0.171508999833396 0.0956529769217402
0.111885843923154 0.0404516647850814 -0.169096692585495 0.10648340117597
0.0701864882807701 0.0948220103415908 -0.19798981224502 0.0870030503409236
0.0161108656273262 0.151337923566656 -0.277467354001692 0.00969359212155536
-0.0940199315125963 0.133945066672374 -0.312455939041408 -0.127931711983339
-0.202509123447211 0.0574232259530219 -0.247902239869681 -0.227582551197503
-0.261827888591636 -0.024535157662251 -0.271727138433637 -0.194533440270897
-0.282635084247634 -0.039080516662868 -0.161943970378268 -0.213115247273979
-0.213852003435195 0.0582734445262104 0.048337220940576 0.0765331790358975
-0.101375260091736 0.155857047450233 0.270110801165763 -0.120780403924629
0.0169914991032623 0.188706619168922 0.133946905551123 -0.343138964130111
0.0933554833127926 0.129001344489448 -0.129594245535828 -0.321416899086835
0.146854660250885 0.0593616658155281 -0.247788483906459 -0.133878378916767
0.155311134593692 -0.0294453980772728 -0.207442839394165 0.0104130693660238
0.140876687588026 -0.0537925463797568 -0.147863854949336 0.0541652179031785
0.167718278089712 -0.0464808760028288 -0.110149986837534 0.0925896639121331
0.189390408621498 0.0506419277368606 -0.106272536140701 0.126678429110437
0.137272019113776 0.14681113220878 -0.142256410100616 0.136222904076543
0.0458990829433916 0.258722543837771 -0.252989630441079 0.0787414515854894
-0.149508269346128 0.226543759712739 -0.3126806202999 -0.0621373558796341
-0.307667821950507 0.0653868203758986 -0.22193256227018 -0.159235871120157
-0.37393063394023 -0.079784000681992 -0.18017644230727 -0.111087141040552
-0.345847974015679 -0.116604024304898 -0.0378422931607712 -0.158920638354415
-0.336276107823354 0.0236813280234351 0.117736595813416 0.116650073180853
-0.204647427518761 0.221718868829561 0.320729453768239 -0.0773548512999136
0.00655331958110436 0.306082302378636 0.192754447335202 -0.316023145741199
0.145107525453899 0.197862469069869 -0.063698955570962 -0.303735589326283
0.207918091559245 0.0857016525690868 -0.177153728829027 -0.134521211667461
0.214189880316463 -0.0381525377055476 -0.131982306352177 -0.00229868636284324
0.187793089083597 -0.0787299939629384 -0.0727579634214352 0.0348093833785778
0.205923526682644 -0.0729598462414503 -0.0303266848844678 0.0780210056729919
0.234662538956944 0.0395531067142598 -0.0228057157526932 0.133796274523679
0.187363456936959 0.160406062726873 -0.061659305586268 0.178248321836121
0.0881946629121721 0.312501784752968 -0.201565062498017 0.147381488171133
-0.158844557486601 0.287460413899723 -0.2941053734091 0.00922388635663766
-0.35507286067716 0.0824115981442638 -0.181982301358547 -0.103512674164661
-0.428858524182844 -0.109570271336805 -0.0667618548042277 -0.0286345139508373
-0.347735488782029 -0.176548425499431 0.0991806225026863 -0.0631369047870999
-0.400569525889623 -0.0359725343244547 0.192847425129023 0.175567597750517
-0.288954870266453 0.229936664250422 0.355220546866912 -0.00720873891312189
-0.0288882300153285 0.371761100042982 0.244956281034381 -0.244835361518936
0.163493590457575 0.24497167587731 0.0166157775286926 -0.250596821200238
0.234366428633308 0.10545992843834 -0.0814271597564093 -0.121168513646115
0.241129427636792 -0.0379406256579792 -0.0397772785846585 -0.0144392809832054
0.20680627845961 -0.0923601555042562 0.0121517647009629 0.0113987893631626
0.2134604340314 -0.0887451624792999 0.0545983268342768 0.0543644544621002
0.242311606320484 0.0221278720193866 0.06402884621271 0.127236517896298
0.203993973404244 0.149479207596738 0.0226982445908115 0.200778471429308
0.108413786793952 0.317746498746471 -0.137948608078066 0.194441026676093
-0.150786426534022 0.297716484080659 -0.257125228978214 0.0656756020320014
-0.354478416172205 0.0780667063714311 -0.136203864926959 -0.0652357171121555
-0.419174763077726 -0.128880029178084 0.047359453540075 0.0428349462151573
-0.28597168141278 -0.196750885587783 0.224995441472264 0.0556348281960744
-0.38007784391022 -0.0902664242801407 0.259251653161181 0.239030802921781
-0.313179542851273 0.183000762708368 0.360564486045451 0.0728628051463378
-0.0633486665063173 0.361466740713389 0.271324398517293 -0.147199155648736
0.146212775621452 0.246070108496228 0.0921440951790125 -0.17135703169648
0.218844445994249 0.106211645482717 0.0218621504526343 -0.0945549227101603
0.226419985134713 -0.0345346327524786 0.0542746962778294 -0.0246042138378486
0.193324378344441 -0.0927433011119481 0.0939974952040761 -0.0126851223855422
0.193682840163743 -0.0912388737907539 0.132856906105956 0.0282358856207064
0.217712849971971 0.0067014702149969 0.14011949749424 0.11390814922777
0.189106181139992 0.127915574071359 0.093083093835986 0.209122237251043
0.0999400663494183 0.2881983628188 -0.0814789841746395 0.220008225221787
-0.142795748153948 0.261426027588606 -0.213393123861385 0.102482071130875
-0.318792021355112 0.0474292174888389 -0.0919943244028907 -0.0385671959547342
-0.351439510543224 -0.143366938769741 0.143838814089824 0.103790298469071
-0.171851620680846 -0.172870333842036 0.317036078920347 0.168824827597707
-0.278424859827771 -0.112215286057753 0.301872752669592 0.29105300419328
-0.257730591667759 0.110930302375367 0.340800445682709 0.139949880687713
-0.0670298474230734 0.276710055631082 0.274381951230544 -0.0540295412835203
0.106991389261688 0.190178092370114 0.149663553656882 -0.0946884995884605
0.164340253533638 0.0803696755494044 0.110513888899281 -0.0681677479791019
0.17244017864963 -0.0298472883088159 0.133165104899924 -0.0364035238647751
0.148740416412057 -0.0798626010692468 0.161505094894645 -0.0348255879808796
0.149715635439006 -0.0789819360577178 0.196262718638105 0.00566919577886384
0.170111334938018 -0.00608044375786903 0.200629013998529 0.104584276250107
0.154006677276835 0.0989320362503714 0.143360595465187 0.216510926828261
0.0740396852817597 0.234031131379847 -0.0453170698576518 0.236570941226253
-0.130852311184111 0.196029697858355 -0.178414020955075 0.126006765575635
-0.257456448598777 0.00531341410015296 -0.0579474713300268 -0.0174714280662198
-0.24010791491927 -0.148099010215402 0.21217798260075 0.154800179763189
-0.0266578733093261 -0.113274827011817 0.363414799684669 0.246117424079645
-0.123949662074236 -0.0962313506306139 0.322595649718976 0.309122554369752
-0.137993009613785 0.03622888910273 0.318620029709273 0.17815822025102
-0.0355159137406613 0.143824320043156 0.27295579092108 0.00779637171717284
0.0566522521829797 0.0918677503328209 0.187217836072578 -0.0513856764969134
0.081530543800869 0.034723586666615 0.16838355204797 -0.059422607344128
0.0882851262613423 -0.0228740059223803 0.182074756963074 -0.0529403043144646
0.0808549352303955 -0.055824088598785 0.203912747954633 -0.0514934550625248
0.0867297070667837 -0.0554448960774145 0.237070803066353 -0.0105359457582074
0.105774462072883 -0.0166397264484554 0.241208278093826 0.103324966390191
0.107329726209687 0.0616052493223399 0.172173403661061 0.231219048859136
0.0435777136205663 0.158962219332073 -0.02837300278501 0.256379775758161
-0.106573360923477 0.112767780033883 -0.160637396117307 0.145779294111857
-0.170218085057146 -0.0335084050967308 -0.0430344665837576 -0.0028121269592375
-0.0995764365545008 -0.132681846040636 0.243685912495253 0.190260231195153
-0.0259977087937315 0.0861762421765509 -0.308527591000557 -0.141529787593486
0.0630060778027927 0.0330299171590362 -0.0106587766897184 0.0703506126186778
0.0474437007652866 -0.0496041190635413 0.177491865366977 -0.140496634910853
-0.0310236562543661 -0.049584480729535 0.0317784648734154 -0.304643255393868
-0.0418797979976905 0.00407306037332993 -0.203992008858839 -0.268090522340117
-0.00930790817636128 0.0183167888445495 -0.295968193491414 -0.0850729585856787
-0.0033381320871561 0.0138648583779402 -0.260886076433752 0.0516605924245707
-0.00273597642737818 0.0142232673462696 -0.211486124662489 0.0925385015026915
0.0109350285922307 -0.000503141165334767 -0.186653253560358 0.107462702675627
0.0164076781219078 0.00374958785982796 -0.182064441382955 0.103790556659896
0.00802799368797351 0.00430387933250332 -0.208287520015055 0.0761964599413927
0.0252151750868584 0.00631004003963547 -0.277804123155187 0.0006357170875631
0.0210541887933286 0.0425607597077617 -0.311471304248936 -0.132715950282261
-0.0398456810769728 0.084423592122483 -0.284127938581718 -0.26066269997463
-0.0993842060925148 0.0661264270913681 -0.344091066102023 -0.218391642872967
-0.162249951487375 0.0490640157426955 -0.267657078799958 -0.180572467941239
-0.0629182518315019 0.0682686069110975 0.00737512178829244 0.0610764924015199
-0.00460864677643432 0.0578816990766124 0.201443819430075 -0.151053653018801
0.0105889648116986 0.0586092502490218 0.0492378183669258 -0.330009132497259
0.032031921202316 0.0540597453385399 -0.195191905596407 -0.28542607699522
0.0709054674147697 0.0252527919611327 -0.28771355142712 -0.0912715753648144
0.0736872867774333 -0.0203059407688821 -0.244530349941103 0.0468330274670905
0.0683104792461372 -0.0289125320108237 -0.188186054805965 0.0864396701000972
0.0943683954585938 -0.0308704274446553 -0.156309256252123 0.110624969352441
0.113669988970404 0.027032052471066 -0.152861985370449 0.119862199825801
0.0786445538554972 0.0851867772763113 -0.18293059885155 0.103279276398174
0.0318336381643047 0.144332733377468 -0.266049225185208 0.0374196866790638
-0.0768294403151329 0.140449069347726 -0.312733191677353 -0.0913376524396423
-0.190462980561277 0.0759992226180052 -0.262774765027112 -0.196058786812517
-0.253783021411579 0.00138333087173968 -0.28629212104463 -0.161348393386383
-0.276794263999612 -0.0107511134480877 -0.17923688298195 -0.185266471961472
-0.201358584545672 0.0785467906180953 0.0538638410604106 0.0716759514840593
-0.0809493898142892 0.161921895285531 0.246951800849226 -0.142353503187974
0.039291792611733 0.181040843176874 0.0933903459082178 -0.342164000829513
0.105968079984164 0.114237538499039 -0.157725167062144 -0.297041500937674
0.149298451625983 0.0399630319409929 -0.251916627762059 -0.103995167871746
0.147277347754338 -0.0457041948461541 -0.198948117566828 0.0305480668381135
0.129850507674964 -0.0670639108264549 -0.13836016951706 0.0678554408660477
0.15739742986584 -0.0634145377975012 -0.0974369431713733 0.10057946946025
0.189825769326794 0.0284915688994618 -0.0896547317536761 0.132376068199157
0.148964448902963 0.12825477709511 -0.12394944939478 0.145324227125739
0.0728414395416102 0.245284874923643 -0.23409917817973 0.10217994403987
-0.120521708604955 0.235060037070022 -0.307630913834677 -0.0266034059688738
-0.292098118891586 0.0952010167954165 -0.230098612418008 -0.131786176129897
-0.367578665216226 -0.0395941259039149 -0.187685267561524 -0.0904297231687655
-0.345777371590607 -0.0787424541684333 -0.053417716342629 -0.146335698851305
-0.323551679764506 0.058001546500675 0.124060600418279 0.103150203606331
-0.173706456197544 0.235674580701453 0.30024388754203 -0.103917958457951
0.0423604972640982 0.29379812601255 0.152802062868157 -0.321172310593216
0.163770046110894 0.17469922583877 -0.0922965368874006 -0.286871995932465
0.210380062710153 0.0584601816911492 -0.183283548564423 -0.112135842151424
0.203466527416027 -0.0601568709000015 -0.12774998864074 0.00974585828301873
0.171820257509031 -0.096938943783056 -0.0675189535494569 0.0407134492050706
0.190802493006165 -0.0927638873694174 -0.0218884928603963 0.0770570916829966
0.231609918616466 0.0131627321568006 -0.00722785397346609 0.130883104517123
0.199371794462079 0.135128019139573 -0.0417266248196525 0.177079844742103
0.120553140965082 0.292913138489919 -0.177394484463903 0.161985326838261
-0.122682371233731 0.294266552176246 -0.281550991751448 0.0412158883581805
-0.336507234965553 0.11540564573817 -0.186303325076231 -0.0810970294483752
-0.423005395241203 -0.0619589043056331 -0.069365401282319 -0.0230524932395065
-0.353495451004435 -0.136059409918364 0.0894335137057667 -0.0679465441794666
-0.391231654980625 0.00815861212174508 0.203433709014649 0.152577496760106
-0.253367339240741 0.252194147441587 0.340437917019521 -0.0396637656501482
0.0151353015561068 0.361183498026472 0.210755041850142 -0.258133475841661
0.185868323137202 0.219388492871415 -0.00781083166064856 -0.242833052777057
0.238763154585941 0.0752664680082582 -0.0891073249157201 -0.109236992116607
0.229199720810936 -0.0635825070586887 -0.0400059860987819 -0.0120391293581169
0.187816169808977 -0.111636005569079 0.0118038121142231 0.00848714050138263
0.196203686189502 -0.109297701341434 0.0574293798751187 0.0448692593800661
0.236479390190985 -0.00435064316485662 0.0758010925597465 0.115037609349689
0.213615559655622 0.123224161492591 0.0419808693073246 0.19006448825099
0.141102917586245 0.295263986032159 -0.111336687355849 0.201609475742245
-0.113979612710933 0.302282023738899 -0.240436305231044 0.0927927166549196
-0.335592247345553 0.112070378345616 -0.137599966625885 -0.047983060392304
-0.415074474535503 -0.0805292947738444 0.0490921319665888 0.0343388685443369
-0.296047322090216 -0.161981842321818 0.22424552766303 0.0329503297818939
-0.376591651831175 -0.0473866086022618 0.273745074317518 0.207431434150521
-0.282025793298958 0.209379638046349 0.353031124438765 0.0361556593307063
-0.0195044146719471 0.354087738877042 0.246203340110916 -0.166947054570629
0.169162162049432 0.221349367321936 0.0731683878488013 -0.173915277620872
0.22326610494133 0.078249237750358 0.0131920193083464 -0.0940253530618836
0.215517735118901 -0.0579491115988267 0.0506108441070453 -0.031774007218535
0.174815301542688 -0.109931391240187 0.0889284422472765 -0.024233486948642
0.176820288829834 -0.108926844743588 0.130360284057754 0.0117438486635623
0.211451561544285 -0.0168375568051992 0.148342578040618 0.0951048468971981
0.196449650525706 0.104263357845023 0.111647045558448 0.19123805023499
0.128895408775424 0.267254795449227 -0.0539243925363319 0.220371055541792
-0.110055229461821 0.265836445583276 -0.194163886234681 0.123178970755918
-0.303524520848357 0.0790947131130135 -0.091608917722032 -0.0267905886130916
-0.350987548000594 -0.101473132770876 0.149283929934644 0.0832062790420834
-0.182921224821092 -0.149924914502735 0.324696357496107 0.131975132744089
-0.280198018725368 -0.0794457787009173 0.320525108350678 0.251860377518145
-0.236098339644043 0.133216035087828 0.342392042095393 0.10302338224536
-0.0319443724586959 0.272846595082289 0.258725473251319 -0.0771215104009461
0.124241314412319 0.172017948488826 0.136758406576805 -0.105146309380333
0.167746918331455 0.0596958691107247 0.101770794459857 -0.0783847740083277
0.162951111543101 -0.0471095730003084 0.126311933268293 -0.0509690873425368
0.133077893495 -0.0930389766583998 0.152059802489798 -0.0524476255864043
0.134970926314851 -0.0926514814416897 0.189227490848674 -0.0163367535404407
0.162930379092209 -0.0237370476439029 0.205868394370966 0.0799464142500102
0.158780684203082 0.0790770389752019 0.160781208854553 0.193821656207284
0.0972270936172664 0.216596102266289 -0.0174432327092929 0.233051985259682
-0.106956894409879 0.200651343630443 -0.157876267587219 0.142448945585075
-0.247386059555908 0.0318297251506821 -0.0576379822376032 -0.0105639278095437
-0.243668448716526 -0.116794051494917 0.221013882423619 0.124437652198381
-0.0368464013046186 -0.106385390554341 0.377922832435323 0.200788250994277
-0.127944059525467 -0.0793520170455333 0.343990198806353 0.266798957591526
-0.127866882132207 0.0486930401490191 0.324679679130066 0.141119037240005
-0.0167352876841681 0.140163435126666 0.263365620764554 -0.0180522324259457
0.0641352781789425 0.082027036935072 0.17723753074031 -0.0670926768132645
0.0823968514442504 0.0253166235751778 0.15833648987131 -0.0760774976322151
0.0818480163818836 -0.0311999155811503 0.172143514515964 -0.0714981560058094
0.0704489854570704 -0.0624356067784087 0.190946558410776 -0.0737748157765092
0.0767747323633591 -0.0635441601721796 0.227001390719075 -0.0356098544107452
0.0989302683244969 -0.0270121558801096 0.245315612189955 0.0748894252604786
0.109780899121078 0.0476327448272328 0.189209428137515 0.204980132226592
0.0590516849749495 0.147301262585404 0.000253199062245198 0.250634663596045
-0.0923620510175073 0.118167697115408 -0.138660443043721 0.15879757932324
-0.166234982429345 -0.0146334119252996 -0.0418919593223824 0.00164313153507594
-0.106844525876347 -0.116434089366311 0.254624840752732 0.155791018157362
-0.0193320474879906 0.081864155287519 -0.304921907996174 -0.112197467915256
0.0619410086162847 0.0270919413343327 -0.0047473600672444 0.0692131031314769
0.0415619241582692 -0.0497240630120015 0.161975776326315 -0.145665915667298
-0.032274694393155 -0.0450292997481607 0.0115585722968718 -0.292535617321808
-0.0385824867919007 0.00628440256870495 -0.212626880433196 -0.244296220713168
-0.00733871022831157 0.0169730702682318 -0.288755224499633 -0.0624484202877091
-0.00214348950377671 0.0122939668032519 -0.245357750265113 0.0669503422525576
-0.000542496147406936 0.0133381558267523 -0.196685728770073 0.10437637806527
0.0108843535675944 -0.00182742950328786 -0.172038720545356 0.116849973202772
0.0174800494832653 0.00218073449356027 -0.168817500180084 0.11121246936227
0.00846879772583631 0.00463516227591289 -0.195243637572919 0.086038604151396
0.0246010029362019 0.0052752106405506 -0.265452060688304 0.0180320150262173
0.0222547621241482 0.0412258001495643 -0.304940763479341 -0.108864252018125
-0.0326966328115881 0.0837305275785546 -0.289859194186961 -0.233079811619488
-0.0897802012138519 0.0672206492173689 -0.346586285149821 -0.188936521207169
-0.15264285129754 0.0548863457062849 -0.267877987610054 -0.151494299180029
-0.0566901361021203 0.069599240729501 0.01122483388206 0.0608566558854392
-0.000321509154105448 0.0564506788993123 0.183671614811134 -0.156217324812063
0.0161693735214146 0.0556738880885448 0.0256227469466137 -0.317263949372415
0.036215688857816 0.0494480999974403 -0.20465922107644 -0.260612106871679
0.0698168209245353 0.0182665946723712 -0.281054424799795 -0.0691748518694456
0.069525061269396 -0.0254922995039565 -0.230143122739522 0.0601899257987908
0.063707810448685 -0.0325972627920613 -0.175300825726473 0.0967442344974442
0.0888074699784443 -0.0369140905456367 -0.143440166297638 0.117545443681687
0.111818286055335 0.0182886658668617 -0.139334044461346 0.124683565953222
0.0818124382291661 0.0767276128582929 -0.169669397116257 0.110491665372365
0.0407748836756731 0.137361729612934 -0.250787313531133 0.0533818901810703
-0.0647848557700995 0.140428714184823 -0.303982550861125 -0.067502889488197
-0.178862846056941 0.0860226273288146 -0.265272720854309 -0.17296905146323
-0.241701609246841 0.0160723750778315 -0.28745253525952 -0.137617479250032
-0.265915842018653 0.00554629975805939 -0.183454850629599 -0.162997789360453
-0.189024586020797 0.0895600111349851 0.0559982162796645 0.0682074151176823
-0.0663863299245141 0.160736510131679 0.227870221719768 -0.149240389083913
0.0525638276009726 0.170206392224298 0.0679211102875282 -0.332038681029271
0.11151326183022 0.101425030588701 -0.169366325635045 -0.275079437632585
0.146090984133689 0.0265578043861235 -0.247084449455395 -0.0838412342633045
0.138430146717592 -0.0553993419337503 -0.18821227726867 0.0419088436291345
0.119143241478467 -0.0738672500477771 -0.128616479248411 0.0744127805099837
0.146433496384978 -0.0727702233625211 -0.0876679693066646 0.103278599321873
0.185052536737069 0.0137745890896738 -0.0776522034858891 0.13248190730128
0.153066477780657 0.113075020769995 -0.110218489827887 0.146549736628926
0.0879277583334807 0.230422145211642 -0.21573643866123 0.112227665597923
-0.100231575755066 0.233116389342072 -0.294875371546686 -0.00445464846629717
-0.275069550645651 0.111265177458668 -0.228636702192943 -0.112500739599392
-0.353007924314886 -0.0156342696179596 -0.188985675979638 -0.0757193448599054
-0.336928095472539 -0.0549810843938201 -0.0599143519800162 -0.133570106073461
-0.307149671865535 0.0775524653202093 0.124309921772156 0.0937352358395493
-0.149249854322126 0.237989573002883 0.280166336497936 -0.115907125308394
0.0635622985572049 0.278189778342669 0.126013636125624 -0.315066038902944
0.171044235233069 0.156568994297685 -0.105104069642194 -0.269331181749233
0.206385028436353 0.040338766858959 -0.181471466004496 -0.0961965032811142
0.191317614866491 -0.0731320739732707 -0.12166179485616 0.0168175248514677
0.157071231327102 -0.1047707684802 -0.0627625407451178 0.0433941235603419
0.17630360135667 -0.103289469696763 -0.017178569619513 0.0751963560636705
0.224138902955963 -0.0036304530587402 0.00168065011365492 0.125331966304258
0.201204972712642 0.116215309159252 -0.0285033422657041 0.171938880325539
0.137173374726259 0.272641218591674 -0.156625953568312 0.166638361260464
-0.0979300985517015 0.290059115666673 -0.266384850448494 0.0596932361425052
-0.317118603225871 0.133733082680688 -0.182984310337885 -0.0658411731793606
-0.407882434702279 -0.0328617729121135 -0.0701296610138649 -0.0188307892622191
-0.347785914053337 -0.108774014067746 0.0823593721127602 -0.0683282236312968
-0.37569357387835 0.033118011356716 0.203110599620686 0.135445888592835
-0.224951047349506 0.257871404241348 0.322883473719937 -0.0565488662607588
0.0425929362704825 0.344559049275836 0.184548347335553 -0.25783095211883
0.195289372215404 0.196366464025261 -0.0221494072943372 -0.232425225091955
0.234615335307764 0.0549778421981123 -0.0913064506637162 -0.0996599130988566
0.215073357660372 -0.0773642873355203 -0.0387864880540504 -0.0103830759671174
0.170908933168711 -0.120269448499847 0.0112506259281884 0.0064632636535279
0.180584875103144 -0.118553995316767 0.0566127838272439 0.038573704392011
0.227275877832859 -0.0206406391206301 0.0808588147551515 0.104490188228488
0.214431310240107 0.103371476933304 0.0523529019883758 0.178499556585476
0.157274436512208 0.272770772921484 -0.0907766521325366 0.199850751148164
-0.0886637603970922 0.296614271204371 -0.222013695347757 0.107065999574918
-0.316106740141716 0.129526984751472 -0.134425252363772 -0.0370937719454445
-0.400316636940879 -0.0513878342224322 0.0478411671575223 0.0279638070458691
-0.29443676760854 -0.136845935150726 0.218640006229688 0.019075602929687
-0.363448962582497 -0.0205038175955181 0.274914009999799 0.182934187750852
-0.254783631598851 0.218189908642801 0.340270941033232 0.0147110557547511
0.00814324308936178 0.338805858161367 0.224760364636952 -0.172320438460818
0.178304518346422 0.200218556672698 0.0601620499433009 -0.170999905465332
0.219534650588958 0.0590557895050743 0.00802672382936269 -0.0922606311456044
0.202212088805879 -0.0708252416364415 0.0464547820545733 -0.035606388428671
0.157374701153562 -0.117796117839165 0.0830989478402238 -0.0303265948202528
0.161182786021705 -0.117114498517457 0.124634041783703 0.00184605334097213
0.201047308917504 -0.0303147724286323 0.149234321020951 0.0798532629448457
0.195866270880032 0.085939663376609 0.119016647908531 0.174734691627505
0.143225175525287 0.245916784485562 -0.0354663358299726 0.214539675174178
-0.0876743623809113 0.261141924003825 -0.176679372871537 0.13331918957747
-0.286892891678938 0.0961173609632566 -0.089048195429328 -0.0196200097161821
-0.339662351320877 -0.0741414210415323 0.147638184301774 0.0675042335959731
-0.185285053303253 -0.131687158489693 0.321775654010166 0.106330742753106
-0.272817320032775 -0.0570412477765039 0.323993406818188 0.221787183995013
-0.215580643346007 0.142302147347399 0.333883649493675 0.0783187958328026
-0.0102483700384734 0.26052698885639 0.242262374004524 -0.0878647518879592
0.131209560979035 0.156113652589754 0.126094490576304 -0.109092510519499
0.165111452115075 0.0454192710576977 0.0940126158951074 -0.08274442387138
0.152631453764281 -0.0564757892941289 0.118714565482567 -0.0598993846451035
0.119002559520773 -0.0983122765811751 0.141745916206653 -0.0626260465637384
0.122165823811665 -0.0983817229557615 0.179512349814504 -0.0292072385901388
0.153818162403088 -0.0328891316189705 0.204197329208751 0.0613884614921241
0.1584058286207 0.0648668718740398 0.165558678942372 0.17378524586936
0.109338886139311 0.199578831415761 0.00036227786905561 0.224254643314177
-0.089316352359685 0.198207294328911 -0.140249086302897 0.149003950842845
-0.234788338291792 0.0464424299925819 -0.0554038055063925 -0.00682768712946188
-0.237942106769743 -0.0958193388817208 0.219451176932979 0.102135897212719
-0.0422483854298547 -0.099051783267065 0.378035786222724 0.16752268051211
-0.126723303467924 -0.0675990362990598 0.3472273126285 0.233211899328493
-0.118371376405297 0.0541030869841784 0.319608021425343 0.116370437422599
-0.00505077910164629 0.132875520455846 0.251092301718889 -0.0327673147087397
0.0669151263647511 0.0742260646637138 0.167064819262036 -0.074991766271904
0.0805541861655023 0.0187773237307613 0.147858973833248 -0.0833676554976113
0.0759664506695309 -0.0355525494432331 0.161172882737991 -0.0824227823911934
0.0609332121865436 -0.0638343030112351 0.177413860305513 -0.0852800930998995
0.0676120286176295 -0.0660852529020191 0.215441608236961 -0.0497273300904907
0.0920880770131342 -0.0319195280314106 0.240593305107043 0.054351221668706
0.108324002558354 0.0378460101965688 0.195131315062837 0.183713970010795
0.0667335197031576 0.135655011430711 0.0172594919548937 0.240439090449002
-0.0811278928443179 0.118493034549676 -0.121364253967627 0.161816795949198
-0.15883742911975 -0.00329764967635087 -0.0402436231814432 0.00423805478836602
-0.107088989518248 -0.103922238294978 0.253395131757798 0.129736403319833
-0.0157396160234626 0.0780964484186925 -0.301712968100501 -0.0944399018295509
0.0609834052634887 0.0242796742495567 -0.000418874570165986 0.069379693734554
0.0378803893296992 -0.0488998522156523 0.152848651175775 -0.148456310561947
-0.0321253488887962 -0.0424756546829745 0.000795005361382825 -0.284551451692635
-0.0360919044372192 0.00749048919542416 -0.217195506437822 -0.230345763068313
-0.00592494919657183 0.0160508537011042 -0.284542928003337 -0.0491852406906573
-0.00146047728254521 0.0110835124655974 -0.235140644728589 0.0759561446455184
0.00160098672313471 0.0124508090522272 -0.187567359769788 0.112041562039706
0.0110377998784486 -0.00282107363615378 -0.163743940665417 0.123423498399207
0.0186050580530361 0.00116873682166839 -0.161621464700512 0.115819412792898
0.00870143001950602 0.00463667034164161 -0.187243581138888 0.09163193419879
0.0236393790094843 0.00490212628293686 -0.257421973707108 0.0279942579220065
0.0232232486344821 0.0403890797153363 -0.300479288441993 -0.0962515081663719
-0.0282048768632547 0.0837799086213943 -0.29248872463596 -0.218889012187532
-0.0849338270880085 0.0664191537728406 -0.349741670212765 -0.170276979214278
-0.147032926731975 0.0579219347275422 -0.268239811945597 -0.134127210219315
-0.0537211711682857 0.070959138207657 0.014223742767615 0.0612061031292112
0.00177502288792693 0.05588541339518 0.174286120290918 -0.158729927557369
0.0201412463065797 0.0531644337941912 0.0140116798642594 -0.309488832013246
0.0394546940887723 0.0458228068219823 -0.210090544295361 -0.246599500242667
0.0692667381511126 0.0137509986219884 -0.277213301259697 -0.0563592015588021
0.0668821872364528 -0.029320863134493 -0.22140945172313 0.0690427977470792
0.061565168240521 -0.0346003881377377 -0.167311782806123 0.103280949545247
0.0854826701745668 -0.0412919723199582 -0.135842686248927 0.122211262034427
0.111845255261676 0.0123329653546356 -0.131753331953592 0.12743351735518
0.0841666135209171 0.0716523954318885 -0.162162910083348 0.114453082595829
0.0462971488697748 0.132860080275585 -0.241689674332266 0.0617500054820951
-0.0574962363953816 0.140548547233495 -0.298358347971578 -0.0535341576703424
-0.171873722287221 0.0920149384894446 -0.266168285909169 -0.159819869177081
-0.234341397164125 0.0227020249468091 -0.289361523956136 -0.1236117093679
-0.260267092566903 0.0147908225379881 -0.185739276887518 -0.148532064230711
-0.181902551779348 0.0960205096541296 0.0574551498254741 0.0671805800614826
-0.0576606255015797 0.160054768474346 0.217274200462647 -0.152388361780066
0.0615360500436015 0.163484814404237 0.0543102874164652 -0.32480925375859
0.115763706166002 0.0934967534141436 -0.176276785551242 -0.263155783099641
0.14401594227246 0.0187592777252308 -0.24396352461072 -0.0720039779338549
0.132558795961355 -0.0614323656032801 -0.181760439276456 0.0482110552705244
0.112927841955782 -0.0777237992858374 -0.12255879764332 0.0793030466272186
0.139707279895595 -0.0791967309591224 -0.082226605998148 0.105648616874049
0.183131489399768 0.0053322319838839 -0.0705846228365505 0.132593096631867
0.155060907738111 0.104047347914448 -0.102614179887498 0.147664018559755
0.0966226786830945 0.221282237097219 -0.204147460062607 0.118717595224776
-0.0883445335556078 0.232071468020604 -0.287308744821158 0.00911745332955644
-0.266459010377701 0.119603193403013 -0.228271594901668 -0.101472219612682
-0.343971354801312 -0.00274247965962071 -0.189934085969766 -0.0674449446586544
-0.332088371049727 -0.0402935755495525 -0.0633678275536382 -0.125427663652126
-0.297790432133815 0.0886205010561268 0.124978996834151 0.0895887481559472
-0.134976826762405 0.238142831421943 0.269442792849016 -0.121567516991121
0.0776865838282575 0.267610747929014 0.110943824350015 -0.309872902342379
0.176408882764402 0.143894317638388 -0.11342892279731 -0.259764914834737
0.203877550574946 0.0293024457624984 -0.180828874933421 -0.0873890910637012
0.183294235960352 -0.0815495875664619 -0.118216969998168 0.0206326846602778
0.147408653498066 -0.109780765263051 -0.0595354821132537 0.0452002545126498
0.167339257413005 -0.109545805419061 -0.0144736362272499 0.0752710458449502
0.22007683486901 -0.014104555246486 0.00676892091296975 0.121553474369642
0.20282794083931 0.104499330797672 -0.0223772068235944 0.168437259320006
0.147675704085679 0.259523407824039 -0.144128786120348 0.168435686459855
-0.0832257323299536 0.287183037576576 -0.256287742226522 0.0712349695305647
-0.305190503794203 0.14410878467508 -0.181846911926713 -0.0581705283940597
-0.397119336550843 -0.0165698243872137 -0.0710683885286918 -0.0168455968583403
-0.345071468817902 -0.0926196417113883 0.0790765704094401 -0.0683582555058971
-0.366175984406154 0.0484818468213957 0.203749123101225 0.126576779133068
-0.207123327224717 0.261331490880784 0.312923634386352 -0.0657198834190524
0.0590036888166716 0.332316844221699 0.170644681731668 -0.256757004496862
0.200686719253189 0.182776981314567 -0.029511497335102 -0.227079598175142
0.231998530484074 0.042941343228046 -0.0923703246990869 -0.0941884167232634
0.20732900373856 -0.0868568585717472 -0.0383610404934561 -0.00972293840677126
0.159977657211362 -0.125307061365053 0.0110964268828788 0.0049659150410225
0.169910108497694 -0.124535190973676 0.0563694418799733 0.0357674840142494
0.221837208930495 -0.0305671975298596 0.0836979766060782 0.0978871883163354
0.214231413628667 0.091204840860343 0.0578175234454874 0.171421622195829
0.167551755651648 0.25896682054688 -0.0787828948687004 0.197403398370528
-0.0741154635592144 0.293177693691105 -0.210752376238646 0.116118558410798
-0.304296148190483 0.140482493322944 -0.132232274004221 -0.0315098083039934
-0.390316286156472 -0.0346624222913335 0.0464582658080439 0.0236041932574794
-0.293237618912017 -0.121540111599528 0.215270220004662 0.0104836151923131
-0.357107261589924 -0.00459074274294522 0.275669469028382 0.169030751317631
-0.238697209907273 0.222567777545261 0.332021826295852 0.00270990155489057
0.0257056836981973 0.32830311336651 0.212713122247085 -0.175556070944949
0.184187701754769 0.186912833987587 0.0538511399503561 -0.170193473762867
0.218012939607119 0.0474715181853059 0.00514673812372213 -0.0913534203869088
0.194619554726114 -0.0789293706992035 0.0443850660497484 -0.0389649498187354
0.14669620567435 -0.122278300294371 0.0794024675093016 -0.0344590338345296
0.150451770794357 -0.122128108326563 0.12075149472659 -0.00382471619480863
0.195014161656985 -0.0389503212125056 0.150274179831047 0.0704521221537406
0.195867822557015 0.0749102474703259 0.122296830168452 0.16462800428147
0.152967192619964 0.233040822261075 -0.0239117210364455 0.210136961060714
-0.0757947828787492 0.258075088909246 -0.164853240021696 0.139478293058019
-0.27623257760896 0.105670743120303 -0.0875629089544014 -0.0159126114767934
-0.33211669611809 -0.0589779364321634 0.146667388402788 0.0581306782463486
-0.186798996707094 -0.12072953165365 0.320017959807124 0.0915436947661627
-0.269082674034731 -0.0445599642200564 0.325590329403856 0.204120973747721
-0.203476979201774 0.147205283467327 0.327786889928273 0.064647686477404
0.00320166918833133 0.25316880992301 0.232833107287021 -0.0936550018765237
0.135379980801325 0.145955615633025 0.120201304825486 -0.111537263485776
0.163834196620138 0.0378751415256907 0.0897648100159351 -0.0853994849795535
0.146636453621471 -0.0625581910620407 0.114387417199632 -0.0658162531264031
0.109777280112968 -0.100724525549257 0.13566446738031 -0.0687373383381757
0.113224085680517 -0.101855749349693 0.174159660576326 -0.0367880734495262
0.148548324333114 -0.0388861352504353 0.202198080626771 0.0501330239579499
0.156923407711481 0.0560908655590449 0.169100717758639 0.162584838692964
0.116005935537669 0.188998170773952 0.0110447137098925 0.218067499936907
-0.0796580649115374 0.196785454659751 -0.129150123112864 0.1519905273317
-0.226553741052245 0.0544950014252872 -0.0548844502888037 -0.00462551155867457
-0.233426635719917 -0.0838224495037579 0.21816847157811 0.0884706633747986
-0.0450140495899028 -0.0945923400274215 0.377370971777978 0.149295206632611
-0.125530366008561 -0.0601931763665602 0.348776700707305 0.21354876292801
-0.112174561518181 0.0571706263883896 0.316264702738882 0.100883264312354
0.00188335938152774 0.127469218911246 0.242932679939554 -0.0407237649531343
0.0687143087663319 0.0699083343816254 0.161296185852996 -0.0789439168126409
0.0795119436994316 0.0149613059959169 0.142219934483825 -0.0888460866839648
0.0716741698812142 -0.0379034660932781 0.155367268622985 -0.0896934520979937
0.0546993233514269 -0.0644296603026163 0.169242950985121 -0.093274833660202
0.0615677155832575 -0.0675356275556833 0.208118953721543 -0.0583590364845544
0.0877168260988582 -0.0341840778816646 0.238178228306349 0.0416325655274501
0.10692828140508 0.0319266447580722 0.197691864899898 0.170984949407302
0.0716139732643448 0.127658533493363 0.0277728717652191 0.232990298446665
-0.0755871618325956 0.118527073609567 -0.110631692825478 0.163755842958057
-0.153348663220497 0.00280057639268275 -0.0393706918763681 0.00499793833347143
-0.106028267997508 -0.0972732220198347 0.252459665105617 0.113798638786606
0.0207330917161208 0.079847922464584 -0.308490861359717 0.0560947977962552
0.0642962912047834 -0.0053685265768021 0.0342416373712552 0.060877295310978
0.00931577907276319 -0.0584202873751637 0.0667157291916574 -0.204306867886804
-0.04901500266943 -0.0198177642828298 -0.13295117841874 -0.254422493192213
-0.0275605509240062 0.0267802156993533 -0.301875604370693 -0.100159865512036
0.00285735295942558 0.0184191791733487 -0.275694779101942 0.0894972390723958
0.00275014329680214 0.00940033042891633 -0.172974280354651 0.177317058158696
0.00888241190701352 0.00982924048560253 -0.11286984807418 0.190018946655387
0.00785395406008757 -0.00806694291395878 -0.0866437452964188 0.188600503079204
0.0182767972056274 -0.00764298362708455 -0.0897319842904893 0.180723971857429
0.0103088524381636 0.00201456054087203 -0.124030730100542 0.167314873833808
0.0194450014218372 -0.00436339660996493 -0.215129569504213 0.144068511637983
0.036491943892412 0.025154285537999 -0.309415435370323 0.0531443331362781
0.00990281219682032 0.0850140554338876 -0.364950601140413 -0.0638784629715353
-0.0487446001547309 0.0996520745681344 -0.396281804723379 0.00101720782208033
-0.106493092395113 0.118297081430266 -0.29979928939849 0.00875283091697033
-0.0165593367786712 0.085346968596153 0.0444997784327389 0.0508883053831178
0.022342438321314 0.0499963135637984 0.0852262237262291 -0.219071337445968
0.0386979766627372 0.0395497246531369 -0.127066975807528 -0.281247328285198
0.0561068306430819 0.0271346173191009 -0.300677565013874 -0.121642674374536
0.0688765501687229 -0.0176495297389581 -0.270365737745965 0.0771297338533175
0.0451859132579378 -0.0567140480532446 -0.162860663581315 0.16181235796708
0.0413429943760134 -0.0600395729772745 -0.0984671673251494 0.171924068757455
0.0577930634149943 -0.0762522121568358 -0.0615215014036436 0.17471018435004
0.107713385892796 -0.0402999178388336 -0.0559985115385807 0.178639333540028
0.110186642822913 0.0282222291393851 -0.0929981004895734 0.180435793770121
0.0999262339270552 0.0983781249139481 -0.191896789470385 0.172821962719704
0.00883750114593389 0.153181245943226 -0.292571789966647 0.0881476603540414
-0.115712073162746 0.160894789163244 -0.315738558667333 -0.031042809287154
-0.205992124929339 0.132723876802712 -0.316791760930486 0.00783967174191409
-0.227771500961374 0.12772590090574 -0.236088068256997 -0.0378737256384322
-0.119702977629652 0.162897347738964 0.0856656077778302 0.0409638299652253
0.0146158632006602 0.166875988549363 0.130552559897956 -0.229148078844949
0.122830336199978 0.115669937844601 -0.0931575056335692 -0.31135786298313
0.144384992019383 0.0347480675010038 -0.274778400323547 -0.154312622636923
0.137794580585487 -0.0472029498648315 -0.247377705790629 0.046482331500773
0.0890408455038266 -0.114924009971226 -0.136093783410106 0.123443898209032
0.0688049275599994 -0.121412083147113 -0.0700470357670829 0.128897799169623
0.0891234357707737 -0.135166419016283 -0.0207893295756104 0.135075154252156
0.168956969839206 -0.0796178388615693 0.00224197146391183 0.155430714191901
0.190406261052018 0.0242919610566534 -0.0261405453818603 0.185849549731804
0.186726604208613 0.152758813891093 -0.136841926792042 0.212390654801546
0.0229904290274215 0.251265881641541 -0.256757360622062 0.139166098752775
-0.187277707253852 0.230965842199322 -0.256826884213317 -0.0012417503681261
-0.317126647628582 0.163985493710317 -0.200053119975322 0.00737145068552801
-0.316832156083171 0.107013008246587 -0.120048333435373 -0.0708971238313207
-0.226279332003236 0.206512061780007 0.15517159622705 0.0327815627705269
-0.020674065858773 0.268402809285561 0.193418732800533 -0.220019077544951
0.182361979514054 0.198432976741312 -0.0313156671501709 -0.32210176886266
0.219706968737297 0.0515374928794884 -0.214688253920154 -0.182902917781679
0.196037870369657 -0.0649431376067781 -0.196403815566642 0.00216994205178634
0.124734465874086 -0.155458795429199 -0.0913906340483843 0.066526813337036
0.0844696716895534 -0.165803573039905 -0.0298027313040831 0.0682315799069099
0.100530836385743 -0.175090360673086 0.0253941048472791 0.0755716987640612
0.193719195429232 -0.1139144737821 0.0670573592973202 0.108844659419215
0.233988974777734 0.00237709044490842 0.055142839505336 0.169541502114631
0.250751096045132 0.163188689465655 -0.0600278170791019 0.234279149105795
0.0523493847536161 0.299831307812772 -0.202568903139605 0.18087601964653
-0.210755978970318 0.27193120550752 -0.196992868166574 0.0144970179003888
-0.370487144977961 0.178094981546234 -0.0685364183147902 -0.0054899698531519
-0.351191299500611 0.0642586115048134 0.0310686331438869 -0.0846874888824755
-0.304497194988321 0.199149417412987 0.241277403735391 0.0303899580138493
-0.0746285005999137 0.318206893062431 0.256553353479092 -0.186284335301487
0.194252862238937 0.261407475304068 0.0480359697789457 -0.29894370630832
0.257443520352108 0.0738233795868754 -0.123180273355915 -0.193222582962044
0.226306911269836 -0.0665610857709933 -0.120992256904612 -0.0463372351944952
0.143705097632538 -0.170336415967939 -0.0339223950326561 0.000937683688794365
0.0883266212595293 -0.184677454237521 0.0135743377700064 -0.00150181683149745
0.0956922515756082 -0.189890199409956 0.0697025638625595 0.00716769877111962
0.18782406390014 -0.129598520234344 0.124457270375399 0.0505958004310781
0.238861023529044 -0.0157368151127524 0.12756801392526 0.134913989509637
0.269095992872568 0.152009035813281 0.0120336192836243 0.230377378561232
0.0635275619445147 0.301433619982047 -0.141925994044054 0.200159043575193
-0.210946889192011 0.267967922987717 -0.140526076361229 0.0161061204936627
-0.371806917656293 0.158174367612407 0.0566648089881066 -0.0227023307135723
-0.317553353907488 0.0129837305461973 0.189478156375663 -0.0784575989903415
-0.319670819023968 0.146075398813202 0.322500335060612 0.0342782028100743
-0.118735671488423 0.296772122831959 0.302679754513834 -0.133871315604022
0.163010429971976 0.271033931279426 0.12201013375919 -0.244568074769515
0.244253100803001 0.0837681755638433 -0.0216754042458041 -0.181265648123313
0.216019277689494 -0.0564025767491944 -0.0329767421530483 -0.0885398916676174
0.135626123249853 -0.158172622792785 0.0262845384486295 -0.0640660349228277
0.076961504897151 -0.175552218640501 0.0553073390966609 -0.0699425269598097
0.0798374180435219 -0.178307079971032 0.108032845038768 -0.0596641203522931
0.159700963020867 -0.124574402402333 0.169727724648527 -0.00579371381192621
0.214304442757152 -0.0220623629271571 0.182822061915189 0.0980395286415064
0.244007235791988 0.137090069603014 0.067222876575943 0.21394785759125
0.0466570347048954 0.270815835929636 -0.0888640664262398 0.198844498100723
-0.200702893421114 0.223708222009772 -0.0922238274920241 0.0113547786064793
-0.329205569355815 0.106949850961386 0.162751214911138 -0.0341053195279621
-0.221457755139224 -0.0332095113680429 0.321630582220177 -0.0583263234280664
-0.259433199482135 0.071498036320935 0.3821883227704 0.0375979332340222
-0.119895852682391 0.213744502443888 0.323231592820306 -0.0804481796098095
0.11077444359725 0.21421571846266 0.174365866632831 -0.182429032627218
0.182629066391786 0.0683049854434547 0.0628763749590541 -0.159139158260882
0.162440343277859 -0.0414823285670281 0.0435745831273847 -0.122011580968357
0.101153466265591 -0.121079983497267 0.0743428877215385 -0.120184408107128
0.0523673948277158 -0.139528699463332 0.0879106461905941 -0.127213183485658
0.0553443396807128 -0.142663616290077 0.139025418751686 -0.114823242578031
0.117254870007155 -0.102815028295954 0.20564945698746 -0.0491588910797038
0.169635728080518 -0.0216337086050454 0.22273482987787 0.0731407975242827
0.191793530073667 0.114622653094297 0.103152357851077 0.201673889083412
0.0148595024256711 0.217234138274034 -0.0503899229925969 0.193097216264376
-0.179030501625573 0.154284013069719 -0.054687345677539 0.00899381104312952
-0.250595010790051 0.0360155788641761 0.240841586303689 -0.0341563112129529
-0.0828932669397426 -0.0709412878841922 0.402821462152739 -0.0377664133033552
-0.138770851588631 -0.00477496493705603 0.40703272794773 0.03077678869107
-0.0773189748530148 0.0938384216463899 0.326329050461456 -0.0487679600600893
0.0544201673520819 0.105416981582913 0.202325148087166 -0.14427020196339
0.088752804370236 0.0305049321297528 0.110855018131115 -0.148270377873532
0.0768337023304635 -0.0230766931213956 0.0870223364617409 -0.148233474218712
0.0464137960818486 -0.0648693094407819 0.0974054672999241 -0.158625466924635
0.0186282810763076 -0.0813319348684275 0.106090526826458 -0.164670834844925
0.0244440281034181 -0.0877572625009243 0.158403776237366 -0.150722103906567
0.0643054208506849 -0.0705134156472007 0.232239482050904 -0.0750305310618506
0.112937216052023 -0.0208399032571127 0.252728076572008 0.0649934924485489
0.123251949142156 0.0820454373054876 0.1271314651617 0.203497246506091
-0.0166046361306844 0.144369509449141 -0.026626480058978 0.192952307863789
-0.136256358740974 0.0722212034126884 -0.0345585958414243 0.0147690071515561
-0.140854699770351 -0.0381642094532134 0.282789644892422 -0.0193687113693961
0.0247029383438383 0.0778699791702299 -0.307149261520975 0.0770840611853616
0.0642794502715427 -0.00882273573912362 0.0404650246461359 0.0601746578067309
0.00582988199350956 -0.0583907526288931 0.0555156167068313 -0.21164590757514
-0.0507901958208956 -0.0173545421209303 -0.149659999487722 -0.251220602228446
-0.0257433145015957 0.0273243883927343 -0.313354639266329 -0.0840383262137594
0.00382885789502453 0.0173923848505963 -0.274249497595615 0.107629475090142
0.00330158195978443 0.00922100444751429 -0.163094750920698 0.190211302291766
0.00993442281832428 0.00795512381752581 -0.100960073769664 0.201081835354802
0.00757212099833103 -0.00964088015257048 -0.0745559875417296 0.199198156162924
0.0188425696178664 -0.00996136756561145 -0.0799480181430276 0.190454133010775
0.0111238752581681 0.00206810842961963 -0.115524497429401 0.177345504101321
0.0201985076929895 -0.00424398740058695 -0.208893252608311 0.158207131042049
0.0384337038480849 0.0238804448835578 -0.309229823408136 0.0707094341287207
0.0156201232526669 0.0852661928334814 -0.375539718314201 -0.0437816937566498
-0.0443778225188565 0.101945739092159 -0.404108838340406 0.0276852181199469
-0.101491233369465 0.125965378409119 -0.301257073842662 0.0300366338334304
-0.01198545550517 0.0882999900096165 0.0498337991176096 0.0505009509539428
0.0268337974994752 0.049947576298097 0.0742517084784482 -0.22743375347944
0.0421972865685985 0.0361290811832139 -0.145155126138088 -0.277960081776585
0.0594210257603724 0.0219382042802467 -0.313524487134282 -0.105701723779436
0.0690597671694696 -0.0234589749179548 -0.270300929921564 0.0952317585713083
0.0414013343514633 -0.0611637457929464 -0.153935256014458 0.174007570519616
0.0381646903315043 -0.0646409956516577 -0.0879639834509073 0.182204251384008
0.0526008070500961 -0.0822234491211634 -0.0499628998897348 0.183559840373195
0.107985754064955 -0.0499122318321925 -0.0457536453017703 0.185713419969733
0.114756397093124 0.021613006494595 -0.083561167950094 0.189225130582309
0.107805044843674 0.0940300166037337 -0.183004982006459 0.18635311271197
0.0183252114437241 0.155412379369538 -0.289577083018518 0.106620362841382
-0.107423864589201 0.170652777322815 -0.324013490902729 -0.0133056900320457
-0.201249042529879 0.145288432446082 -0.323456751858956 0.0287551701268219
-0.223352032181152 0.143487383689201 -0.240300542632579 -0.0214466373736818
-0.111371864764229 0.173748876199973 0.0909744864187811 0.0382857390229707
0.0270013755223848 0.168264840296779 0.120368460503165 -0.239591980828226
0.132696412258999 0.106897510609168 -0.112283039228723 -0.309993558664445
0.149674731082174 0.023386803125517 -0.289821829828917 -0.140314115659766
0.137210606888236 -0.0582359637821487 -0.247505457618235 0.0620017180996688
0.0812652026218784 -0.123028889000881 -0.129409510989755 0.133368445289419
0.0611405105430837 -0.127953369702886 -0.0617213710825827 0.135766120597706
0.080836417952979 -0.143713171161122 -0.0117775974205576 0.139522487470383
0.167797066465183 -0.0937903454696944 0.0116744639460879 0.157554192120831
0.195422308843923 0.0116238519710485 -0.0157456794534962 0.191215916728878
0.200492632175985 0.142276226447235 -0.124783905183589 0.222635146773121
0.0391996637474762 0.254253990982765 -0.249589156222465 0.156795310244195
-0.17636662314346 0.24753913196779 -0.261810774199791 0.0141545161670496
-0.311337028340092 0.184517461459605 -0.204236133686831 0.0208381071054886
-0.315239747504682 0.128734950995136 -0.124477786286988 -0.062754358416767
-0.216805678631243 0.223821053222327 0.160653555440856 0.0255114568074652
-0.00279435664667306 0.272539158676512 0.184241602134822 -0.233719813063832
0.198280838428634 0.185606397570988 -0.0505544095596276 -0.323709399037481
0.227248260506074 0.0357810313519459 -0.230701172406523 -0.172915800211259
0.195096636665626 -0.0802351843473648 -0.19871329549603 0.0139276280179507
0.115278157994809 -0.166748867469119 -0.0884867081419575 0.072834752858313
0.0737351152147443 -0.172916458566668 -0.0260648477815194 0.0711995441825048
0.0886564164344767 -0.184952857660885 0.0310355810262369 0.0760255307997178
0.189924482516651 -0.130516904850601 0.0742179743322981 0.106048745528973
0.23771909183596 -0.0135110724084779 0.0660732608895603 0.16899289434423
0.266219061630178 0.147237560522578 -0.0456648206281529 0.239752357002437
0.0721726934058533 0.300559926690327 -0.190959851517675 0.196614153077037
-0.197691029668654 0.290917763230978 -0.199438494329068 0.0266458761502153
-0.363570961586178 0.200791764829454 -0.0722063549263424 -0.00145703803652202
-0.35176031777664 0.0880081866396398 0.0277043093818368 -0.0868910548508101
-0.296338478067873 0.221407957229708 0.246076063960677 0.0179057415823703
-0.0552647870057643 0.326415435818466 0.249525802590124 -0.202934404758902
0.214699326932289 0.248643594399645 0.0320199723105575 -0.304982776702998
0.266980194181831 0.0560651798294943 -0.138179108136811 -0.18981856867654
0.226720116473928 -0.0834223030839837 -0.124965455132594 -0.0404344935532552
0.13347234323235 -0.183335181416766 -0.0344407940122833 0.00223973552300677
0.076276239908517 -0.192023007013816 0.0135281537857925 -0.00301894590383343
0.0830745027856434 -0.19923382211473 0.0710489454144915 0.00285050792785246
0.182448305595168 -0.14522472368876 0.12848632932813 0.0426759694762271
0.241180120718968 -0.0322262532745932 0.137373970952632 0.129634753458681
0.284016790060482 0.134552753082866 0.0272746608819304 0.231616320056619
0.0831817494708971 0.301930800516739 -0.128021015127949 0.212045006171337
-0.197341688592309 0.285859149348775 -0.142323565368393 0.0248889373690498
-0.365927845473197 0.181460524262367 0.0539299327429227 -0.0276552013878498
-0.320944186884583 0.0346297475579058 0.187902224404149 -0.0905062630292267
-0.315508393759679 0.168422773311978 0.328636833954383 0.0146134244706007
-0.100873246816024 0.307506868197726 0.298532588365281 -0.152356883543698
0.183019821641078 0.261164715561884 0.109296969239212 -0.254286651634352
0.253780307242944 0.0677802083560621 -0.0338754349712725 -0.183516007112565
0.216258374452362 -0.0721759788998862 -0.0381950988416007 -0.0890920552714412
0.127090422093416 -0.169483528834955 0.0216521106072991 -0.0687011939015436
0.0653999740780435 -0.181289592344673 0.0506479397523706 -0.07557403080543
0.0675024747549622 -0.185340264271615 0.105604083464187 -0.0680671389856535
0.153996951556588 -0.137531072882814 0.170962795759847 -0.0179969857349804
0.215498543127379 -0.0369873012315423 0.19080694094088 0.0883304638544646
0.257349411699623 0.120302898840119 0.0817341469015873 0.211267620279762
0.0645874817638384 0.272012713321898 -0.07549655664979 0.206957335865358
-0.18901946348731 0.238934312146934 -0.0936200598569683 0.0173863335656816
-0.326258527393299 0.127102425776598 0.161043812175958 -0.0470684818720249
-0.225894966659468 -0.0190059790700816 0.323202431466943 -0.0784453821783961
-0.258314109073069 0.088795252537411 0.388521277482294 0.0154268565921442
-0.10774470384581 0.222611313804751 0.322255061654412 -0.098700581892351
0.126239289784889 0.207240481775507 0.16624792607292 -0.19489552401129
0.189715248623093 0.0564135216729091 0.0538291309378429 -0.165712450055667
0.162712412189939 -0.0531602911006036 0.0373245629190057 -0.128046335473971
0.0938922390320194 -0.12933777653816 0.0672216944647164 -0.128601475677436
0.0431779530076105 -0.142237898742234 0.0796035715400453 -0.136368201811632
0.0448121211762925 -0.146917291653238 0.13294288335238 -0.125975198383157
0.112373629045731 -0.111822412330601 0.204872669444599 -0.0645163955063153
0.170204572876334 -0.0332688833014357 0.230028043325155 0.0608948506043899
0.201589410486193 0.101700510796951 0.1173604412774 0.196790129475691
0.0283745711158788 0.219834822439142 -0.0367768371575505 0.198403652123032
-0.170861705489208 0.166984540657965 -0.0561010314109621 0.0123308434851434
-0.250947699400502 0.0507550126360723 0.240688814676399 -0.0518246708140098
-0.0874498661910696 -0.0657810639166581 0.405706820412128 -0.0639675267621786
-0.140015046427774 0.00391902031530779 0.412781180658987 0.00578221077373485
-0.0719479543471072 0.0992096155313326 0.326941406899012 -0.0676603189838923
0.0611838325841238 0.101119307035134 0.196853871418816 -0.157860619572376
0.0924963539088063 0.0245574581061838 0.103907466806428 -0.157444516699551
0.0766249701423326 -0.0284627277118211 0.0791260787848019 -0.15743652373847
0.0424502504086773 -0.0681643956525039 0.0883107223217747 -0.169942420625754
0.0127034736403527 -0.0818075373543447 0.094795903030794 -0.176011597455302
0.017233411287252 -0.0894572369798379 0.150275300388572 -0.164640486734006
0.0600386331501124 -0.0751475655796466 0.230313527542665 -0.0925325002262774
0.111964498224535 -0.0285169669127616 0.260825726548903 0.0499165288473345
0.129512491170861 0.0736721518900805 0.141791797824601 0.197319854369401
-0.00833546063849178 0.147677312575481 -0.013960189126301 0.196612163950771
-0.132749251298239 0.0808847320897207 -0.0354066188157776 0.0169075512279418
-0.144959613714752 -0.0310274790582055 0.283264962797142 -0.0405956650084585
0.0295619482855354 0.0740890091805577 -0.29731938975595 0.104641086541714
0.0630359371566862 -0.0141128212008131 0.047137171752575 0.0571885564448235
0.00168985829138473 -0.057963341798862 0.038460068609896 -0.216732440329159
-0.05265617149696 -0.013016883373347 -0.169542271001424 -0.239177045849814
-0.0230916647893251 0.0283219726875927 -0.321949240695854 -0.0565187252925352
0.00516534572477896 0.015984251527739 -0.266018924434008 0.131209920202531
0.00384001934223342 0.0078750352734376 -0.146235033837624 0.203522802284203
0.0109342854397214 0.00613215007684748 -0.0817081459436977 0.210770156587043
0.00648216629299531 -0.011003449215026 -0.0561213050037617 0.206434138315672
0.0182049767730092 -0.0132062353384022 -0.0637490644893909 0.198760176542725
0.0123270009534102 0.00199923225496779 -0.101558524010536 0.186334574326951
0.0200386538160636 -0.00511908453083982 -0.194558188690287 0.174575187759365
0.0403507921815455 0.0207209734928366 -0.301670762958366 0.0945335642342798
0.0227049674574039 0.084232366070407 -0.380402559533918 -0.0129022241551973
-0.0366649921910231 0.103536221128873 -0.402873565615663 0.0628150492426783
-0.0915999291591858 0.133224357720155 -0.296499159126475 0.05694200705535
-0.00467508771656366 0.0901790101095397 0.0560315396916828 0.0474923330639216
0.0324318583882581 0.0479798063374065 0.0558681967557206 -0.233879566188693
0.0455476030664427 0.0308859530262431 -0.167163949556967 -0.266008385989932
0.0620296551865122 0.0147497488386626 -0.324862464706437 -0.0783875580538528
0.0669044329479741 -0.0310415086991191 -0.26212244348255 0.117840043092695
0.0352948716958767 -0.0654501939753543 -0.138257791824719 0.186692746077931
0.0324019721546635 -0.0680055126646023 -0.0704110196811465 0.19012793926442
0.0446537385496794 -0.0879819005960262 -0.0325815288381827 0.188220205022772
0.104187272853669 -0.0611306189589552 -0.0301734026127004 0.190726428401894
0.117587138254179 0.0119181961984946 -0.0681643891997285 0.196890230209983
0.116707117338001 0.0843551507617055 -0.166496506111939 0.200623421790027
0.03175907187786 0.154577564394415 -0.27786728779428 0.129588383639421
-0.0935347822931174 0.18026989085049 -0.325705394505687 0.0135123946431097
-0.188548425426894 0.160101738017683 -0.322540442877597 0.0580455115787356
-0.210990341748142 0.161813081193455 -0.239681795453231 0.000675418736851597
-0.0967477880902165 0.184058798745034 0.0955205032910406 0.0318751145358628
0.0422464013101292 0.165576403303799 0.10099193998455 -0.24868638183669
0.142356889719873 0.0926963361436132 -0.137186390109798 -0.299728998896673
0.152365039103706 0.00803330701261885 -0.304485882495821 -0.115103408850734
0.132418382807081 -0.0714110230508714 -0.242409521077282 0.082736012887253
0.0695396255995302 -0.130985295928661 -0.117673902805767 0.143468859192869
0.0492534334230324 -0.133079689679954 -0.0496002830937063 0.141320863741191
0.0666047610369309 -0.151573479857309 0.00155728360336096 0.141277410641591
0.159855250619013 -0.111147230842684 0.0246880719168838 0.156881463939644
0.197099997144436 -0.00526182598792606 0.000792357334898632 0.193004130002998
0.213450953437664 0.123523769351776 -0.104317161309449 0.231747804896258
0.0611350347747302 0.250795264906997 -0.233710473384552 0.177080798642499
-0.155370875568165 0.262795895878713 -0.261921689067268 0.0356766266665723
-0.295154081423743 0.207612113199067 -0.205054136622003 0.0387471687191471
-0.303165315928231 0.156110805531744 -0.128026740918699 -0.0509203232571589
-0.197302740820867 0.243229151285223 0.163425630757619 0.0138484672366518
0.0215988106164802 0.2714497055632 0.164555097526164 -0.247981206645123
0.214493662534679 0.16563715157744 -0.076436063233787 -0.319209999616671
0.231006125277943 0.0133750499130219 -0.248095254238388 -0.153316369114199
0.189011471787019 -0.0987188034717344 -0.197870467586957 0.0304397901051226
0.0993499129182218 -0.177522071303583 -0.0818777534873451 0.079089726562112
0.0576967619018863 -0.178357425926325 -0.0197368267659791 0.072703927781666
0.070582981764436 -0.193445447005688 0.0380620686664253 0.0734989409227699
0.178863454288667 -0.149579362644827 0.0829676061710709 0.0998036303408779
0.23726290761693 -0.0348654807787861 0.0802690977255108 0.164184001360005
0.279610966913754 0.121880904527307 -0.025175550092056 0.241231806792661
0.0985369389695034 0.294908949494095 -0.170981444604971 0.21203589939377
-0.17235927041053 0.307804718741511 -0.198758768584665 0.0436185319235985
-0.346359613529471 0.23009359135942 -0.0744889425573111 0.00501792430736822
-0.344071960611721 0.119141634024549 0.0208893330220066 -0.088352169881309
-0.278158997407936 0.247104382536118 0.247193922056644 -0.00150694574404496
-0.0259099523192647 0.329653297826753 0.233141645326561 -0.22256634222051
0.236186100082957 0.226743774817404 0.00696128935439239 -0.306277688216062
0.272424781374717 0.0299898133465832 -0.1568061685405 -0.178435718180098
0.220107747648752 -0.105433685081659 -0.128362416510803 -0.0306632535881982
0.116163765997074 -0.19595804218995 -0.0346183487255342 0.00286755181271791
0.0578135161815214 -0.197049439853212 0.0123813647562971 -0.00530691170040653
0.0630999501354311 -0.205870259862389 0.0712057375332099 -0.0033040030484326
0.170036034484029 -0.163183056006152 0.131106741118359 0.0311849809373527
0.238604766528313 -0.0534388575084437 0.148510810595919 0.11900094501759
0.295892501549803 0.107404996460048 0.0467608810943598 0.226817197910381
0.109560150345983 0.294765189575482 -0.106876587321553 0.222219481098324
-0.172934815395528 0.302730584331442 -0.140854437701291 0.0370645892625687
-0.349063197587385 0.210946503568622 0.0493016484117509 -0.0332813790870921
-0.317492573844598 0.0628449685539693 0.180759690390488 -0.106502677875575
-0.300163404512692 0.196101420579732 0.328899196173312 -0.0118465774584227
-0.0739521181199542 0.314408837975082 0.284487243079661 -0.17514804223673
0.205208668133468 0.242204937721407 0.0885903785885922 -0.262062225569054
0.260125812581443 0.0433479398617112 -0.0512513926125196 -0.181287390212146
0.210551767584401 -0.0930094015109171 -0.0457157023136155 -0.0870223732809346
0.111176115953654 -0.180978966583968 0.0148040887707754 -0.0730070868979895
0.047776664606155 -0.185433730295364 0.0421710032381464 -0.081658702111103
0.0484023796669126 -0.190777325283104 0.0994467057598699 -0.0774698488046552
0.142185241926582 -0.152156408592053 0.167999983941594 -0.0329189088220641
0.211814035589824 -0.0559482773957317 0.198723079340847 0.0732820993271475
0.268207857283155 0.0948339544323643 0.098885182858755 0.203006033868314
0.0881113582680684 0.266274216976127 -0.0547076978469466 0.213101756996397
-0.168309993006033 0.255583431982422 -0.0927765534268948 0.0249178302003938
-0.314506629523375 0.153170984007452 0.154504729081855 -0.0624657025799482
-0.226030400481953 0.00104870280899982 0.316309232182552 -0.105691641555152
-0.249804670500986 0.11090366773054 0.387714329386738 -0.0161870741835466
-0.0882102070323937 0.230298210347396 0.312470327850489 -0.124044380990381
0.142790187038465 0.193288915663535 0.149529461170461 -0.207021309102885
0.195092323950298 0.0389608259922546 0.0394937282958761 -0.171049232107703
0.158163902153868 -0.0680998991448504 0.0270444673090934 -0.132769494188156
0.0819336328413526 -0.137411297741255 0.0543145692148536 -0.137777324428346
0.0292861678379768 -0.144716057429587 0.0652705302319477 -0.144916093247452
0.0299692886832995 -0.149687876803678 0.120877284334161 -0.139025480730304
0.102037734607468 -0.122250716772995 0.197591872573878 -0.0831773113146995
0.167068576069412 -0.0483453582702331 0.235646835324572 0.0414362239809405
0.209883282708524 0.082230197303424 0.133731224524576 0.186087855721602
0.0481386590626133 0.217341512157157 -0.0186640168439142 0.200410565874479
-0.155851421812863 0.180485455260915 -0.0555642423547354 0.017296659642942
-0.245538625167651 0.0709488032637956 0.233354515316694 -0.0749082787644526
-0.0921071988883447 -0.057798959161281 0.399809074218452 -0.0982338412297865
-0.138360714121413 0.0155718708614117 0.410613540373636 -0.0294337902123254
-0.0633393137210927 0.103829521400208 0.320871301783168 -0.0925361922420843
0.0690102340755894 0.0930375114282762 0.1827769464796 -0.173046664947243
0.0946181377948062 0.0163615794269017 0.0913590511987407 -0.166526040126006
0.0743588677884003 -0.0356723955838403 0.0661523150094514 -0.165654728702603
0.0362161925719968 -0.0711140484798801 0.0719412883169176 -0.180914478673631
0.00511967871273449 -0.0805954308657816 0.0774710122484746 -0.185441608511191
0.0081430727070357 -0.0889620785873284 0.134030973777102 -0.178576504841129
0.0529769810649532 -0.0799408743648251 0.221279221891667 -0.11354940152792
0.108274062499802 -0.0381182586366308 0.265748976604043 0.02738922408698
0.135080479443736 0.0614428030825723 0.157793078548753 0.184278543201796
0.00505261662818401 0.148495525743986 0.00328021910177864 0.197262539593898
-0.124670201725744 0.090277360795458 -0.0345297710710118 0.0196952001280116
-0.146401581037751 -0.0190811553591011 0.277058770440215 -0.0671516047410523
0.0328577119141424 0.0677441984204567 -0.276823303360326 0.126940691570601
0.0597316870775638 -0.0191209230178633 0.0514363596124783 0.0512950349535356
-0.0024550831970863 -0.055211333750747 0.019120106354026 -0.213711140000096
-0.052037335902202 -0.00770051243451841 -0.184369901173247 -0.218580020663857
-0.0201599967580969 0.0283590384561478 -0.317990087471075 -0.026018454041679
0.00580615210832696 0.0136808623804317 -0.247440723692557 0.151500192520367
0.0038856043729075 0.00670962569543117 -0.123734774597204 0.20872030422094
0.0115802535223569 0.00378756220771713 -0.0595925789337535 0.212494494599645
0.00528795015014647 -0.0122005962935167 -0.0350086905545522 0.206838138604578
0.016522568100877 -0.0155523127613122 -0.0448826839786053 0.199313662456112
0.0129822939175634 0.00171399524899849 -0.0832286746422811 0.188545241023306
0.0197218266992357 -0.0060079223672369 -0.172972202919459 0.184556628041896
0.0403090478607015 0.0171979969589393 -0.2833662552752 0.114902573624578
0.0292111349947098 0.0798289470385569 -0.370374892394067 0.0189896573212102
-0.0282954319776537 0.10142741382889 -0.385155963101302 0.0980571964255096
-0.0785941326449458 0.13624093904454 -0.279864072049756 0.0816418928534171
0.00292800184012942 0.0883199794744203 0.0595770448990119 0.0418442024626972
0.0363052834837472 0.0436086696487706 0.0351720513809873 -0.23157185628079
0.0462968971439382 0.0254557947166339 -0.184230323701383 -0.243593221594021
0.0612569961478533 0.00716729110228533 -0.323447380880359 -0.0469093817419627
0.0619954823241926 -0.037732101248166 -0.244769681136645 0.137938529885783
0.0275460122562253 -0.0672657517246855 -0.117574698646949 0.191796998047016
0.0251350174199518 -0.0698684017383579 -0.0510697540443656 0.190881050131879
0.0347078643018088 -0.0895980944007233 -0.0141969059612693 0.186684657898647
0.0960716539847472 -0.0706605985472204 -0.0126603683973767 0.188426311342807
0.11591213642328 0.00172034081447194 -0.0493332152774831 0.196859504205784
0.121519926700718 0.0716441299038458 -0.143842676889175 0.207206866953903
0.0434710004219127 0.147214908075654 -0.257155879053966 0.147716770820871
-0.0751963755352613 0.183492685223201 -0.315828807119778 0.0406224643685882
-0.170870512154827 0.168969763922902 -0.308689584459303 0.0859185901655055
-0.190629569393666 0.174478924980542 -0.229971567657365 0.0220704947499982
-0.0778918346851906 0.187301681069397 0.0965498513537212 0.0240636480391834
0.0564906433492282 0.155842839753336 0.0767110652066837 -0.249517503543886
0.145587975137759 0.0759218160776876 -0.157663929384094 -0.279548393630898
0.148288895646493 -0.00792555512209835 -0.307287008817428 -0.0847596809726305
0.122170450748495 -0.0832732554002409 -0.228399350820446 0.10103083077645
0.0544311109545117 -0.133754834878452 -0.101489548927452 0.148248162957799
0.0350366782979562 -0.13343666484536 -0.0346359988519094 0.14092010624088
0.0497221346902536 -0.153471750482518 0.0148688674770213 0.137752319185416
0.145007643128516 -0.12402366180224 0.0374224379242133 0.150863834770006
0.191274597407966 -0.02280723177437 0.01710285998243 0.187961595485456
0.218211502134973 0.0998272658319468 -0.0817651592147805 0.231964778119928
0.0803264777789345 0.238359429120733 -0.209358911669428 0.189662439120011
-0.128057101194305 0.269016475660804 -0.251627650564191 0.056816753315406
-0.268592757258103 0.223921874045976 -0.197014486253746 0.056334731393638
-0.279760412384844 0.177085060870746 -0.127626951469813 -0.0375660474496274
-0.170665630678537 0.253201734002317 0.159704193904342 0.00104624008484789
0.045009573292034 0.259725638697433 0.139470304256057 -0.253295999426125
0.221586439765764 0.13914064997758 -0.100673215679517 -0.301639248771804
0.224867231408596 -0.00969571512651308 -0.256024912876051 -0.126240923700493
0.175181164551041 -0.114712284475931 -0.189617202837244 0.0460613285045551
0.0792739750801931 -0.181759827665751 -0.072822424522119 0.0827265102312348
0.0393694034690474 -0.178068888368486 -0.0132842083075717 0.071616493244869
0.04956105172048 -0.193199051008703 0.0442521577620848 0.0681458988263988
0.159943667216009 -0.162987795902372 0.0886115109728877 0.0893925370124422
0.228052337640912 -0.0551907453808983 0.0926254966250295 0.15311859471815
0.282816037843539 0.0909946051958624 -0.00443389633621854 0.235131434675384
0.120892751290648 0.277802704673363 -0.144915141585533 0.21885568020771
-0.140642127357729 0.314769631429903 -0.189617949032149 0.0589245025103648
-0.315697145620831 0.250426057812814 -0.0741930013666681 0.0113528080501744
-0.321720040766197 0.144691461062526 0.0139072914380602 -0.086666710510367
-0.247897196039675 0.264056912922303 0.238417488995726 -0.0207340197820554
0.00330564537554824 0.319966283744887 0.206851960940622 -0.233194546968251
0.248223188577656 0.196020642898282 -0.0192806942555529 -0.296895432279171
0.26774478568813 0.00339204102010013 -0.169516034205579 -0.158412542000969
0.204747842662108 -0.123331371236354 -0.12675984417394 -0.0193797301224698
0.0939965192410112 -0.200288200338617 -0.0344144937278004 0.00449683722989531
0.0379865018973517 -0.195423056320877 0.0102459129139718 -0.00700490914042463
0.0406821476012843 -0.204451623767998 0.0692197481246546 -0.00931488194318364
0.149929463334197 -0.175213908745404 0.129209807373512 0.0189031776071137
0.227459778953043 -0.0738722542812276 0.154292064106852 0.103097033324387
0.296815324149988 0.0749836931675568 0.064048589410147 0.21477951205062
0.132160389206676 0.276518800641574 -0.0823486896208983 0.223087672935794
-0.141549089162369 0.308737048506175 -0.134656216109306 0.0484655193451986
-0.319810212407763 0.232324857565564 0.0420595417946476 -0.0371806167692509
-0.300742719262181 0.0878447035216228 0.165946305694233 -0.117515987470241
-0.27450566598729 0.216283063176154 0.315619864989701 -0.0381716233014512
-0.0443818071406462 0.309441912965214 0.260902515099974 -0.191319629366251
0.219509280679851 0.213833381497471 0.0637835566120239 -0.259848059621339
0.256728255848273 0.0177401485507298 -0.0664376625006072 -0.170640807048527
0.197123514134774 -0.110501491238139 -0.0515614419006495 -0.0817955330690356
0.0908409780089216 -0.186002147096525 0.00670307160804325 -0.0744195811327871
0.029605242415714 -0.182066622963203 0.0324215888985737 -0.0843396343967031
0.0285179212508228 -0.187538529284531 0.0886711771224774 -0.0843722611579509
0.124070734324248 -0.161309670203236 0.158977060135998 -0.0468275235530036
0.200514122587176 -0.0738992221049077 0.198656786636891 0.0536033266272359
0.268157886251892 0.0656632550050554 0.11240610833809 0.18720542016341
0.109194363522899 0.250688519194333 -0.0324994146730828 0.20960433262875
-0.141338547810786 0.261298642028614 -0.0883969436979949 0.0327593607429325
-0.291191944720021 0.174027387875093 0.141466721420669 -0.0752917147208617
-0.2180697539141 0.0207520083169212 0.297872274915547 -0.128533137303024
-0.232368562171098 0.129261702048923 0.37218423432173 -0.048421684350479
-0.0658015148498472 0.229559753336248 0.291823108851792 -0.144068684579916
0.15402853872654 0.172028899144348 0.127266108647931 -0.211570546029905
0.19324418407244 0.0195361588136134 0.0225350131662292 -0.1689747807547
0.14812674268887 -0.0816831413886725 0.0148333797943785 -0.132602615000389
0.0668981094965239 -0.140589047577301 0.0391185786277108 -0.140848134832809
0.0154057635796826 -0.140395666913148 0.0485088221319249 -0.147787624091807
0.0143891296761609 -0.146115553657249 0.103493316179603 -0.145699741220844
0.0878645486782408 -0.12799544836779 0.183288579549845 -0.098303003576687
0.156940649261938 -0.0619172680431504 0.232510762272361 0.0197601726962093
0.210133517276564 0.0590057770770707 0.144444894041286 0.168571066559186
0.065804517799506 0.206154994805907 0.000927014831803069 0.195369450334554
-0.136034526058879 0.187212352634963 -0.0526841931084582 0.0220656479073409
-0.230772888668947 0.0888866983444244 0.216668383763613 -0.0943484094738778
-0.0930951259446645 -0.0473838057315154 0.378954203519689 -0.128990400034352
-0.131751688658763 0.0268209643387307 0.392867931302651 -0.0620354295484119
-0.0524707593934583 0.104893283612421 0.302290667448815 -0.114621819141558
0.0733428998440299 0.0825815968951131 0.162215568760203 -0.181371226302777
0.0939985742988507 0.00657913586153133 0.0747356872064403 -0.170010915989095
0.0689392191741569 -0.041744642622767 0.0508248128076024 -0.168961570289176
0.0286831655411466 -0.0711989714626556 0.0517614350337701 -0.184301180132385
-0.00214968692649178 -0.0763296627415697 0.0557130993284076 -0.187601379636769
-0.000871876023302029 -0.0844584565092642 0.112718963338969 -0.185691258168071
0.0442170939554792 -0.0815948338171866 0.203125073876481 -0.129504867580523
0.100590229957586 -0.0463067838792156 0.260146082168041 0.00403061345959314
0.135131417654631 0.0468255924405094 0.168262286625615 0.165117203648081
0.0178191712979001 0.1430406297828 0.0203769068800738 0.190501180965128
-0.113331811702576 0.0971512896095719 -0.0326278067696325 0.0223590954898148
-0.142578440291418 -0.00602500235132353 0.259905634109135 -0.0911816012146746
0.0331653099205504 0.0614824207014883 -0.252390760763367 0.137462131748407
0.0549204321659995 -0.0211742974413034 0.0535103319585147 0.0464701943377393
-0.00482654898601033 -0.0519484584126216 0.00580110575753217 -0.204605807783747
-0.0494109722039291 -0.0035138116111173 -0.188134848183852 -0.197493526756344
-0.0178330735246773 0.0269672022714454 -0.304178772200057 -0.00346553846728391
0.00527763132464375 0.0119061076759573 -0.225588361950734 0.1611553740742
0.00346486777258131 0.00584984763016152 -0.104355948677219 0.206098036339006
0.0111261008721609 0.00156964752931612 -0.0413478376945133 0.206207377746025
0.00386914603479643 -0.0124896605884364 -0.0181031552381584 0.200236453945847
0.0142306703393464 -0.0167456280150939 -0.0295395544004476 0.192963266548392
0.0133786776668306 0.00146427485602876 -0.0689645221795147 0.183513929290795
0.0186817490151034 -0.00616674464750602 -0.152707911469654 0.185202999417755
0.0384443724209935 0.0142404590188566 -0.262178822820355 0.122529170127661
0.0329624219350999 0.0736259895654018 -0.352013281556582 0.039634973116332
-0.0226387590900075 0.0958693152017716 -0.361057442777921 0.118186362776621
-0.06684714125484 0.133371466707999 -0.258145275489888 0.0954589854045615
0.00816541263604632 0.0836382070353624 0.0604725701036871 0.0373339089277136
0.0382585647186332 0.0384458103281295 0.019449314751102 -0.221979687564478
0.0458923905984914 0.0204179588339157 -0.189467945477133 -0.221183719770046
0.0579477113134586 0.000913394895981589 -0.31137405212201 -0.0229510356359196
0.0556589691571821 -0.0411626578082304 -0.224219722767413 0.146510090136437
0.0209010077521599 -0.0662541577320046 -0.0993879432158199 0.189589677635376
0.0192762281583308 -0.0683889796605267 -0.0347726917336023 0.185446929710496
0.0265135243313001 -0.0885184823863979 -0.000227416736323604 0.179460044586751
0.0864074131017416 -0.0750209632260359 -0.000406825267444606 0.180764599622036
0.111393663400146 -0.00589334496275188 -0.0352117599708048 0.189886480675344
0.120476057089011 0.0600812328466549 -0.123747702060878 0.204057801162022
0.0499837979315009 0.138047178671139 -0.233257136378266 0.152518795253186
-0.0603912760773012 0.178479482923034 -0.298576018491526 0.0575206924415169
-0.153050370587858 0.168298300183891 -0.288516441581155 0.102114913226449
-0.169979970956081 0.177617038575814 -0.215475486160353 0.0363570454971445
-0.0625957886067215 0.183129447321936 0.0935860791353596 0.0185636526052183
0.0642776613728393 0.143735687917776 0.0589690130201258 -0.24078276244105
0.142996499236309 0.0608804641537977 -0.166302522032352 -0.255159002180103
0.139921470487196 -0.0195427695637414 -0.298565732015503 -0.0593297208597101
0.110719767482742 -0.0891993354238155 -0.210892955068902 0.110893381829126
0.0421652181019651 -0.130739604904622 -0.0872925972237315 0.14662640168914
0.0243650225209879 -0.128917143448856 -0.0245624225861087 0.136622891666475
0.03603613406362 -0.149224722046697 0.0240785081272874 0.130250886909706
0.129615983842844 -0.12905065999405 0.0444948904243104 0.14194876954237
0.181842522050186 -0.0342529278702624 0.0285498535165804 0.177952556536647
0.214540449704262 0.0800246423737128 -0.0634865588661923 0.223974598293053
0.0917734736207596 0.221571560142525 -0.18538929323365 0.19061932651001
-0.105621189088012 0.263467268229521 -0.236855446061134 0.0694055294946317
-0.241699385106718 0.227752542817833 -0.184858777726844 0.0666154108941682
-0.253719886531623 0.185610142678756 -0.122471139837941 -0.0265590735244368
-0.14589951932194 0.25174939711415 0.15168398621599 -0.00672596326557877
0.0601117240804711 0.24223050516734 0.117613364734212 -0.247450814078012
0.219217546644047 0.116189883191377 -0.113463196365589 -0.280069349383625
0.213274240951704 -0.026511948844079 -0.253398315513681 -0.101479482858898
0.159174571609842 -0.122519608343702 -0.1771829245835 0.0559110978007904
0.0624733377533196 -0.177815934718429 -0.0648190559259135 0.0819528827568508
0.0256164972941244 -0.171098876885581 -0.00929041074571277 0.0685745784181237
0.0331548757236436 -0.185850923013944 0.0471587921756887 0.0620363457301786
0.141103392279084 -0.167666373175655 0.0894165019167586 0.0802684527513525
0.2140212928659 -0.0674705280812565 0.0978012710564025 0.140546929874975
0.274904278716847 0.0665052132567413 0.00960408064575706 0.222014318962984
0.133018477142817 0.256588445303632 -0.121970586506584 0.214503616425015
-0.114202658211458 0.307411104541299 -0.1772802011782 0.0679796443841487
-0.284425974790241 0.254173522910944 -0.0720142750352284 0.0158189520724787
-0.294870392855026 0.156835234237293 0.00794717890284031 -0.0820640602039249
-0.219328011924274 0.266970615302148 0.224469820721343 -0.0322397245903996
0.0238557110637538 0.302383982662501 0.182428407352188 -0.231676136607514
0.246920913008076 0.167965470483314 -0.0354761756506655 -0.279187644052377
0.254459353772816 -0.0171320219588964 -0.17280917048156 -0.137909192543636
0.187594564293868 -0.133058616234689 -0.121926018073398 -0.0102721878223688
0.0757807875365861 -0.196892828169789 -0.0335205503126024 0.00482697036146677
0.0229201979275265 -0.186885557517669 0.00736713285937331 -0.00782937495129352
0.0244652879855017 -0.195823814007918 0.0648375472122669 -0.0139862581569243
0.130658022334594 -0.178077222636215 0.122862435467581 0.0098993553360564
0.211467532937796 -0.0853775356961342 0.153983120550465 0.0885472915900729
0.286133224436797 0.0500190550743011 0.0727279247318571 0.199318063064881
0.143695184823249 0.254531226298128 -0.0624870499087919 0.214994566526681
-0.115251651371468 0.302125230251029 -0.124973562581195 0.0545297054323601
-0.289446418315754 0.237959479346472 0.0351153636293063 -0.0380130405983938
-0.278094800026259 0.102201585252656 0.150622215871572 -0.120921722397995
-0.246815754821412 0.222689788035584 0.295581242404451 -0.0535489345269649
-0.0225830701254722 0.294696231007267 0.23595244500777 -0.195183276307864
0.220734078948623 0.187023058120511 0.0455774544028748 -0.24888763270342
0.244778770610021 -0.00173855821810087 -0.0753994893606319 -0.155857520000427
0.180259078066342 -0.119657058321329 -0.0539737727981976 -0.075472192255316
0.0736895477775535 -0.182515651281114 0.000185446763361895 -0.073147408891627
0.0160879543918792 -0.173677683646184 0.0226479225001712 -0.0828609339500042
0.0134902051931927 -0.178237872209307 0.0781673986715197 -0.0870546634192742
0.106693448483269 -0.162233805837796 0.146944258460518 -0.0549020121504214
0.186187422198133 -0.0835021719479541 0.19267977140499 0.0395688686649455
0.257934758678378 0.0436243018755462 0.117772862752713 0.170292347902907
0.119908796206281 0.231263845889044 -0.0158257091770964 0.199477281701009
-0.118097460545685 0.257118496339548 -0.0818173841056675 0.0365985804538125
-0.264849052060138 0.181680356958334 0.126693244323804 -0.0810101461542354
-0.203702491187096 0.0331763205021866 0.274176865919913 -0.139938260386861
-0.211339710152325 0.136961860329281 0.348081488390761 -0.0671881101032853
-0.0480651899452159 0.220503219713298 0.268192923564762 -0.151932694503899
0.155439403582515 0.15169506435975 0.107977703962933 -0.206483678019523
0.185166145676452 0.00453554866392145 0.0109306145567208 -0.161245944820534
0.135196408067067 -0.0884365939729164 0.00641965955796194 -0.128633889337197
0.0540787032637448 -0.137812063213148 0.0262785802195265 -0.138775000408369
0.00581832181526002 -0.132852192566516 0.0337872435642121 -0.144787520230281
0.00339591281562331 -0.137000253485773 0.087420738231688 -0.146451282457913
0.0743240781272651 -0.127257405265818 0.166448682608319 -0.105088808126993
0.144888819143065 -0.0688722395077086 0.222631274275306 0.00402177222574554
0.202209052351631 0.0415825477727726 0.146800925437362 0.15134750736408
0.075909609344978 0.191365639597693 0.0138705948611796 0.184328141897684
-0.11804845595278 0.185200936445057 -0.0489581990064775 0.0242409626761259
-0.212799681481851 0.0979894681809946 0.19674828895616 -0.104720390666787
-0.0902289212909336 -0.0392583953624375 0.351136766257854 -0.145781762443229
-0.122320498645483 0.0329617805435204 0.367195122612258 -0.0813302406837
-0.043207565221684 0.103018513426039 0.280295341317746 -0.124402291849631
0.0736548283035978 0.0723110786013754 0.143458130212683 -0.180029304921234
0.0897834077838021 -0.00086788482084958 0.0610234825115826 -0.165595787688691
0.0627753582962666 -0.04440374835238 0.0377137092137915 -0.165221285422898
0.022592131639377 -0.0690748209563133 0.034813695842158 -0.180722333920265
-0.00606880720728149 -0.0704320939350475 0.0382938824063769 -0.182334793866202
-0.00656904884688211 -0.0780172094072499 0.0930051640484626 -0.184555013427486
0.0359385618274917 -0.0797444099625497 0.184060935642073 -0.136003479990638
0.0920844736241814 -0.0503279526845923 0.246822586560923 -0.0129203371791273
0.130284291751223 0.035050349566377 0.169483153843573 0.146789682580966
0.0263511127986918 0.134566566224465 0.0312886421962725 0.178645212090935
-0.101355559359493 0.0980443089211494 -0.0297512185552543 0.023305826178318
-0.13487753707673 0.00321968119548304 0.238423644574234 -0.10391256968397
0.0306222725974588 0.0625994615386152 -0.240677366062972 0.123920748485807
0.0529603668570993 -0.0187142009291377 0.0502230204518486 0.0452209380520527
-0.00434359423867213 -0.0493708690468269 0.00846743260412849 -0.192581951297867
-0.047530760074889 -0.00168842037305788 -0.176851004166106 -0.190608140603999
-0.0163430223010864 0.0280257631359043 -0.287262385078772 -0.00545236883963273
0.00514789871022693 0.0119340169157433 -0.214890369665709 0.150331246184741
0.00188035851667658 0.00694076253668254 -0.101132785181644 0.195744185383649
0.0102743071719319 0.00152244269021978 -0.037793294221443 0.197469260776005
0.00366112951841564 -0.0112356727316842 -0.016000113276154 0.192358018284316
0.0144941967369542 -0.0155374440789599 -0.0279479851385278 0.185144643731112
0.0145545063005003 0.00315492167346555 -0.067560744547689 0.174118933386388
0.0167368377729216 -0.00141631489697665 -0.145854924159289 0.171948354554991
0.032203903620497 0.0164630947643711 -0.248741547246036 0.108924738053414
0.0253659194172721 0.0699958966081912 -0.337420160064447 0.0304003916035611
-0.0258508505798101 0.0938024242978774 -0.346788226034442 0.10145783567122
-0.0685170202317616 0.127908530062069 -0.242817510765487 0.0889068522734957
0.00446597581784608 0.0806493134024362 0.0605497928257308 0.0373789594888678
0.0339354872465599 0.038145448592407 0.0262030097630613 -0.210139994103262
0.0416388720743156 0.0226054657666359 -0.173513447530874 -0.215589665488299
0.0561959265269136 0.00441350794558375 -0.293071932117695 -0.0256442986005904
0.0546309599398091 -0.0386482094748474 -0.213441421774187 0.134184888933161
0.0198030939936965 -0.061578692690617 -0.0973882359230325 0.177526588494303
0.0197694793925733 -0.0663520186139624 -0.0321524148381814 0.175701710303318
0.0255229096431397 -0.0843401751345262 0.00236769677285529 0.172054687005658
0.0842742429952817 -0.0732059073173598 0.00161259891598604 0.174077590088561
0.11038159738904 -0.00331519523220339 -0.0337491951085187 0.183824833243005
0.113824652338084 0.0624423996720492 -0.117749160872083 0.196018375394681
0.0422788029209 0.1357129422558 -0.225709775189091 0.140583944529414
-0.0645718247695364 0.170704545715703 -0.289990378299789 0.046566233406471
-0.149500842560162 0.162708474605123 -0.2816006850032 0.0854233111121441
-0.169314764519833 0.167015962511739 -0.200504905244592 0.0387066236039892
-0.0666980895059521 0.173228865267404 0.0956134506341179 0.0227975319152214
0.0545811263028838 0.139063894814816 0.0677547773263732 -0.227619087241926
0.131572755729608 0.062414352284444 -0.146905724934623 -0.248855771899992
0.134206361430953 -0.0130018771645607 -0.27953809443827 -0.0625364127543448
0.107997722461977 -0.0837105206700365 -0.200868342274124 0.0982434764467644
0.0411856806303237 -0.123829845340193 -0.0862242541495945 0.135227249314314
0.0264412763520286 -0.125198467699687 -0.0229627309840039 0.128507443679965
0.0356440328827052 -0.142583164885375 0.0254598404282182 0.124311187669839
0.126610509187802 -0.126526265393796 0.0457948533073069 0.136673342490533
0.178500506421064 -0.0309511330099561 0.0288398916206426 0.174419732859316
0.203827455289805 0.0812363486929693 -0.0585608830391719 0.219801556110301
0.0816775257654892 0.217033034279021 -0.1815829228801 0.181006886160588
-0.107743778817909 0.252341882496877 -0.235152223007851 0.0588116476576703
-0.232557757429225 0.218008997528215 -0.185866703746048 0.052685331116133
-0.251904466632702 0.17084159828445 -0.111227008464047 -0.0152738452406725
-0.149371703833716 0.236458478179855 0.15246719701232 0.00264702676041172
0.0462204181594009 0.233254432279566 0.126783839496652 -0.231608223390587
0.201201752838585 0.115338121508221 -0.0927427232854046 -0.270568938781344
0.203499405287514 -0.0184684844144942 -0.234811219844205 -0.105391568957449
0.155005172794915 -0.115672532121343 -0.168240373732659 0.0444989325483607
0.0625527836938911 -0.168571195810307 -0.0651064847515445 0.0723605053562618
0.0282414930310776 -0.165350672047771 -0.00931851302708234 0.0633825907400202
0.0329357387413401 -0.178709935508243 0.0473614498872976 0.0585275499715501
0.137555267024506 -0.163106017800725 0.0887005210998586 0.077476449623649
0.210022794127413 -0.064232197139681 0.0971840166927297 0.140292241557549
0.261776048904473 0.0674811387754443 0.0134962540729617 0.220621043366672
0.122288851976033 0.251585228931744 -0.122968466367026 0.206410733231153
-0.116085958690392 0.294686420443809 -0.179590524457699 0.0592457462655229
-0.271904430891076 0.243212889653918 -0.0791049091421357 0.00687557369640253
-0.291724971661645 0.140981911359304 0.0123026725057722 -0.0632775005686362
-0.221037740274202 0.247728861673649 0.222330185682681 -0.0178623848133799
0.00954955879747154 0.289042213631713 0.19085580911641 -0.212500296255455
0.225786645148131 0.164090207432902 -0.0162439612141204 -0.267728089445375
0.241955605608937 -0.00899549021365421 -0.157076493804339 -0.139684355209456
0.181835033794299 -0.125306350473294 -0.114772999071262 -0.0180302532726186
0.0756175897931578 -0.187273461308533 -0.0356198350881028 -0.00187420689300676
0.0264089277494297 -0.180474688707335 0.00547303557652599 -0.0102946199674463
0.0250797164642721 -0.187891784328661 0.0643999846921806 -0.0144641234288421
0.127752476961333 -0.173715025302232 0.120768561771412 0.0103539925105742
0.208204076204395 -0.0819364408755404 0.151163138121833 0.0912353470615772
0.274349702387113 0.0512271922785857 0.0744863662271886 0.200283791370775
0.134175442987804 0.248960555331401 -0.0659172998252447 0.208436097517333
-0.116062918091014 0.289478797056476 -0.128993940046442 0.0469182534429698
-0.275967781156139 0.226821076183721 0.0236367592226553 -0.0415271998714998
-0.27460713609615 0.0870387215254611 0.147411371261231 -0.0977043186698822
-0.246510770350926 0.203289266132139 0.288915257023296 -0.0357709146204535
-0.0354083138632151 0.279343484470296 0.23949711340732 -0.173844022949007
0.200003895371338 0.180595835427218 0.0601950591996991 -0.235978572824265
0.231909616660873 0.00432976013155023 -0.0638110918824709 -0.156445953431698
0.174008948769484 -0.112592832118135 -0.0495368060317525 -0.0787871753937361
0.0739487187595541 -0.174150213262582 -0.00312701745647774 -0.0759906210915324
0.019738986205897 -0.167725794449387 0.0191664224742742 -0.0815676412045384
0.0146859176650894 -0.171503790570725 0.075959038976079 -0.0836909097250564
0.104146210436625 -0.158413328861791 0.143025110941581 -0.0518150093617623
0.183007301453844 -0.0801631916450293 0.188615298149571 0.0436960658028833
0.247244768389225 0.0433487637167162 0.116195031902949 0.172765959017805
0.112533064385921 0.225647806230252 -0.022336517907681 0.194552531587989
-0.117069304683148 0.246039129360891 -0.0867032045795088 0.0310500273700976
-0.25138355669325 0.172175154209261 0.112683980545165 -0.0800828404599594
-0.200978814127042 0.0217155230350315 0.264228640104369 -0.117164535881579
-0.210255254760589 0.121199415848381 0.335647540552229 -0.0486063995336892
-0.0570383736965729 0.206897723272214 0.266492456699224 -0.131320986014371
0.139670246278835 0.145462261057623 0.116173924868494 -0.193614934030574
0.174032062268636 0.00802586858097548 0.0165621612106764 -0.15778056893765
0.129849215015398 -0.0829454959418186 0.00791349438886768 -0.127142708587476
0.0547315489963076 -0.131916932232469 0.0219020267561402 -0.137537365586964
0.0092443632290233 -0.128012172280573 0.0297612998085648 -0.139358184028027
0.00482907036981343 -0.131822395180807 0.0839715649958861 -0.140940873685865
0.0726122650143186 -0.124404301468735 0.160828993264661 -0.100282227356411
0.142262556422258 -0.0664937871495219 0.21600310188964 0.00903184489702112
0.195304472331818 0.0411347835587231 0.142915659194344 0.153120431545349
0.0712371875963904 0.186589427311149 0.00632568750950936 0.179004768711239
-0.115636944649759 0.176663637199358 -0.0528855257187726 0.019471449269675
-0.201179176702316 0.0917985555119655 0.18215487742875 -0.0993028036422684
-0.0883616023615777 -0.0443969822959112 0.336244652728981 -0.125748345379478
-0.120756346842937 0.0246514066743411 0.351258872942188 -0.0642617340227011
-0.0476796769458398 0.0943134096381332 0.272130248897804 -0.106218646621781
0.0639030640883871 0.0681561847918504 0.144520537351036 -0.167087056868793
0.0827220674067428 0.000964508390403292 0.0624750769291465 -0.160126365176359
0.059551803973449 -0.0415940257262643 0.0380445322934278 -0.159254626182602
0.0238193192746375 -0.0667524386586834 0.0316190644984277 -0.175869885731869
-0.00348425281790253 -0.0675912373103059 0.033987811588233 -0.17473932867211
-0.00476626021806634 -0.074405239174507 0.0887937042611429 -0.176754153115706
0.0356180600249131 -0.0777257240098519 0.176189646345762 -0.130141665524378
0.0903188444726261 -0.0492469106185973 0.237769234559074 -0.00799846520359985
0.126176920735285 0.0352368227174511 0.162116457033777 0.147050296030443
0.0239352846908589 0.131820911194016 0.0235547980344774 0.172059318937677
-0.0988835280299908 0.092944053276936 -0.0316851529603326 0.018375417734682
-0.126256012810166 0.0014434444764592 0.223901940835285 -0.096942542978433
0.0290889382692335 0.0602779525616085 -0.231377660803498 0.124328919367655
0.0511480734649745 -0.018446017293585 0.0512128171962833 0.0437886053913357
-0.00477282923913485 -0.0481404760203988 0.00676697663115227 -0.188512408487639
-0.0454869550763632 -0.000479568413479805 -0.174974408225449 -0.185834306765755
-0.0160923046109789 0.0274135835247263 -0.281396494623169 0.000333555804474612
0.00393455237099543 0.0111914127002512 -0.208333090921543 0.1517126223321
0.00125719975246647 0.00683514299662475 -0.0955363628429702 0.1931125776755
0.0100846918562473 0.000184159563746595 -0.0315627811439196 0.194562538533674
0.00330828983931503 -0.0114157256061343 -0.0113007755810538 0.189795309327958
0.0137856946282954 -0.0164163223177975 -0.0247869186315017 0.182944116002739
0.0160770723790333 0.00330728164007097 -0.065332280933264 0.171262842342162
0.0170667925529794 -0.00116462935933392 -0.140138816697822 0.168208878598359
0.0310320031144742 0.0166057875073452 -0.241874304682715 0.106375940399503
0.0255197066143377 0.0677248535262718 -0.32989348090793 0.0338470979483167
-0.0262458319469235 0.0907957934653387 -0.337283695537877 0.105007307530956
-0.0656197245297248 0.125037003169557 -0.235265869699382 0.0904660724001664
0.00558365717868384 0.078985913618272 0.0610799207715354 0.0372324195961262
0.0340341853817542 0.0360803222094168 0.0233606863378625 -0.205264074798699
0.041554685076268 0.0212317410503076 -0.172282314475169 -0.208962015020374
0.0548031049199082 0.00287330667128645 -0.28691204973733 -0.0193042572213902
0.0514705374079336 -0.0395603474956138 -0.207384675216667 0.135510550109533
0.0177477401082948 -0.060608438763608 -0.0923969949441244 0.175412145485317
0.017946328786786 -0.0662254557201291 -0.0273007862535407 0.173322969184598
0.0230851303241775 -0.0833166484801185 0.00566357113453583 0.169011226367903
0.0807992453878208 -0.0739890525953675 0.00396743469076773 0.171317602748558
0.109565743204246 -0.0052092998424807 -0.0317647377764223 0.180269295717051
0.112579461514615 0.0592696629317217 -0.112800758636014 0.19177503204943
0.042915538216209 0.132866484312922 -0.21862201907797 0.137548189088905
-0.0615716930632193 0.167566041298517 -0.283827414101338 0.0486546813577125
-0.145314950260161 0.159632814393314 -0.274818196189421 0.0882084788910752
-0.162869052841414 0.16390731572507 -0.194550073136894 0.04079367769018
-0.0629598580033173 0.170586347644881 0.0947105710387329 0.0229408573086779
0.0561137432961849 0.133500914381562 0.0638505662716038 -0.221983025369689
0.129431502661534 0.0574647733877375 -0.145683856993049 -0.241622058574051
0.130842121535173 -0.0165255546999532 -0.27456390219078 -0.055430442456345
0.10329201503313 -0.0855312671820616 -0.195530861895772 0.099265894673312
0.0380824283525001 -0.121770063919951 -0.0830184048483732 0.132804272722419
0.0233638914789009 -0.123164902450465 -0.02040572657098 0.126273389556357
0.0313041409490534 -0.140165537208756 0.0276087679516055 0.121398132809914
0.121406050339573 -0.127997041076246 0.046730854906286 0.133794142350343
0.175869956511088 -0.0335150634078439 0.0303074522343072 0.170651949216826
0.201218155762455 0.0756913742132946 -0.0549060164032972 0.214477871960502
0.0835489033369556 0.211680354573004 -0.174945616193452 0.176560808077878
-0.102486713832926 0.248331301631559 -0.229650333600828 0.0605683454774272
-0.226504782179187 0.213936722100833 -0.182041415621887 0.054114729657268
-0.242375586940489 0.168774137805964 -0.108465677307436 -0.0119784431552074
-0.143191944588967 0.233821333342927 0.149354091965394 0.00346235589557454
0.0486284948420504 0.225898809338729 0.121843108424938 -0.225045218341417
0.198099135052569 0.108068780435573 -0.0927411070127463 -0.26295163821018
0.198095085955187 -0.0231694907266984 -0.231322924441153 -0.0971975591477632
0.148879500871912 -0.117950915163223 -0.163991623080879 0.0457982783710739
0.0579392704398841 -0.166472342557148 -0.0634905752341326 0.0708388520012771
0.0246555523960576 -0.161959683445305 -0.00926836993821857 0.0625502978231212
0.0285874897815099 -0.174461881181328 0.0473710150774229 0.0557566892876803
0.131146845249119 -0.163996739334276 0.0876738662333499 0.0756447128881479
0.205499471815175 -0.0670503596096244 0.097144072923091 0.13608329396974
0.257427480854923 0.0609400677807792 0.0150619106140103 0.215510914279134
0.123892426046774 0.244397609138933 -0.116402410510857 0.201293471096263
-0.110931376914255 0.290177650640611 -0.174499406348561 0.0600951739828981
-0.263606292971534 0.238837834711822 -0.0788799475225495 0.00807806094345059
-0.281503124307538 0.139763974895745 0.0110919120230447 -0.0606448072341557
-0.213130918747249 0.245402079901423 0.216643381248221 -0.0173748918987052
0.0129003409426688 0.280900029082079 0.183903109872598 -0.207138362937905
0.222351689856624 0.156173484719099 -0.017978883502618 -0.260049334926097
0.23571197473951 -0.0148242734901576 -0.15531295416837 -0.131836685678495
0.1755251045052 -0.128361328846793 -0.112591069877481 -0.0168663740016993
0.0703641536982963 -0.185034819783623 -0.0364850056988441 -0.00243680641090979
0.0224926252114043 -0.176984817467735 0.00365295531548283 -0.00969539331009599
0.0207005054312108 -0.182780793095146 0.061824662149271 -0.0157419520283025
0.121742480666142 -0.173161304693518 0.117891067557954 0.00891169923105842
0.202911405647918 -0.0839515065031547 0.149997691595199 0.0868861029328043
0.268872713611781 0.0434348591902575 0.0747610291613503 0.194436228215939
0.135299814625369 0.241698332856125 -0.0607651684248532 0.203023485073645
-0.109463159476178 0.284496595720136 -0.126168644927995 0.0479933756408859
-0.267007293410053 0.223009420022763 0.0203458427649202 -0.0409261623052823
-0.265160672930552 0.0874913807322281 0.14275855951885 -0.0959970809116512
-0.238848394183079 0.202302435161369 0.280479486170443 -0.0357900876945718
-0.0309779040809954 0.272620591283901 0.232471509956568 -0.169363298727903
0.19680782913096 0.172637450691167 0.0571710354032961 -0.229826534430833
0.226079935427921 -0.00144763637701325 -0.0649234825786545 -0.150285951833128
0.167829061197196 -0.115071515128269 -0.04943090419102 -0.077638226031378
0.0687766892887289 -0.172896366733444 -0.00622397986820171 -0.075980123211593
0.016459614014472 -0.163485483826639 0.0153808296793139 -0.0794400720399987
0.0111146795419699 -0.166256356431892 0.0716177050220614 -0.0838315511248988
0.0988733759547245 -0.157748131493273 0.138451590274584 -0.0525754576515756
0.178001552135237 -0.0817094117638848 0.185742636041783 0.0399750734747864
0.24208388473754 0.0369964503623398 0.115586789999674 0.167528712218742
0.113678037946959 0.219127424884641 -0.0186422119462108 0.189011515643438
-0.111167703488959 0.241883720247962 -0.0844745648516761 0.0311823486488943
-0.243146564389195 0.169623775852459 0.106559843775673 -0.0801384849357449
-0.194518554534455 0.0230213787376765 0.255971983686843 -0.116100082918701
-0.203727502367815 0.121270446859042 0.325761697422063 -0.048935524552419
-0.0531754220916302 0.202541770815318 0.259541089223073 -0.128886552769347
0.136839766077005 0.138934969224786 0.111717894684873 -0.188385459400485
0.16966641648235 0.00360787834977712 0.0142580619333339 -0.153927660511083
0.125510251458605 -0.0848685484040492 0.0059477995334 -0.126282678256266
0.0513745645447367 -0.130752550897032 0.0173159459287533 -0.136699285886893
0.00724653922127298 -0.124632315459159 0.0242327470003251 -0.136927567929004
0.00276642250586878 -0.127113752335448 0.0785593816646053 -0.139112780726121
0.0687699899805754 -0.122594765324851 0.155250195802097 -0.100374555449693
0.13803368184231 -0.067723477159667 0.211139158600629 0.00616168467043421
0.190290890821163 0.03598887199211 0.141090012522292 0.148391946769427
0.0723652919015221 0.181260380282601 0.00898011884580821 0.174159423062752
-0.11094198741996 0.17437449935261 -0.0515360850388576 0.019010050455914
-0.194963249480427 0.0915499368850513 0.174119051262403 -0.10082482470952
-0.0859582954702571 -0.0423574014311524 0.326837743362193 -0.125839760301234
-0.116655505398558 0.0247333442283195 0.340623675410661 -0.0648680329856657
-0.0453401477027399 0.0921023084022503 0.265809717122338 -0.104783027762466
0.0615160938982415 0.0649532989812547 0.138945944652481 -0.163684081244791
0.0804581226137371 -0.00118013100458274 0.0584789742334955 -0.157010492800686
0.057085846964542 -0.0419860694661581 0.0346674225083169 -0.158326676899671
0.0224067135527409 -0.065725957264805 0.0257102884643246 -0.174392347645829
-0.00381088591592574 -0.0650212596431982 0.027617279840598 -0.171485918038762
-0.00524044313907786 -0.0713154405511758 0.0819851842837747 -0.174224433353313
0.0332718589574264 -0.0757926922789851 0.169863391865688 -0.12958740511414
0.0868264592816287 -0.0492602300236119 0.232651637699017 -0.0111384337190324
0.122808393019805 0.0316401732175963 0.160750573171848 0.14233813750452
0.0253573610709711 0.12811815580076 0.0251408904999065 0.167454782048042
-0.0955156083412485 0.0912537241905883 -0.0316826344705457 0.0180146388224911
-0.121749732014378 0.00298786738525436 0.214784845867064 -0.0990805094210586
0.0283022385225341 0.0596387571258856 -0.229023441425382 0.128163549461023
0.0512160911236297 -0.01862934321585 0.0540980924605418 0.0436365432379157
-0.00480471250635281 -0.0484105600313111 0.00409067449641303 -0.190704628379401
-0.0450203017253307 4.37107489117401E-05 -0.179432007988978 -0.185386075993616
-0.0156919179547829 0.0280614591435998 -0.282647699190072 0.00584178793021455
0.00309535203170548 0.0121809384111697 -0.206809473878222 0.157712236138119
0.00139238933661687 0.00713385909877739 -0.0922673887873078 0.196908570841562
0.00972468279502394 -0.000786227577772155 -0.0262603943840981 0.195938009103004
0.00275087852639429 -0.0124388203514767 -0.00566638577032026 0.192097676537942
0.0129349911414875 -0.0172953423378152 -0.0220156271812508 0.186015997842649
0.0173800020121658 0.00232389609613389 -0.0644329201902168 0.173430201543079
0.0175924953779404 -0.00102085548723257 -0.138725424144396 0.169194544261135
0.0311235688837324 0.0172670914792601 -0.243212959633322 0.107241934796284
0.0262814709772793 0.0673649315063039 -0.331649241426518 0.037556859976838
-0.0265470943501554 0.0913856492507903 -0.337596966950736 0.110751353659756
-0.0646412878138552 0.125330882397083 -0.232795128222819 0.0951903139388897
0.00648177374583634 0.0800388383110821 0.0636103346594632 0.0377360033855662
0.0352823714770707 0.0345586172935893 0.0214109342074192 -0.206663559137614
0.0426496590270076 0.0197307301518113 -0.176002752700887 -0.208637779298406
0.0543322279091054 0.00154923783798466 -0.288608997844165 -0.0139432487964037
0.0497699870253099 -0.0413414374438154 -0.206472337751452 0.141321648165708
0.0163823057277729 -0.0613810876367856 -0.0901292811592224 0.178307374036921
0.0163408729194165 -0.0674078814974313 -0.0230817926296688 0.175253962405158
0.0211298837861732 -0.0843768689452599 0.0106806921879621 0.170056913176895
0.0795651607060466 -0.0781253776317964 0.00667921436388314 0.173857464950801
0.111460050661295 -0.00761926452659951 -0.0296057953191622 0.181482876626122
0.114790935987102 0.0573976469425323 -0.110605377906912 0.193474829057975
0.0449063230870826 0.13379292556076 -0.217772115125727 0.138462903947818
-0.0601343074724134 0.169860992757587 -0.285425289426397 0.0527926163209553
-0.145975456405166 0.161248638382205 -0.275472646373622 0.0933845002191311
-0.160638105008321 0.165300060988673 -0.193188493125061 0.0459094775837448
-0.0606693524111119 0.173036584021646 0.0966962144744029 0.0238128658524421
0.0584574222327196 0.131852994040899 0.0616246064058744 -0.22332008798514
0.131044241588648 0.0547055972181135 -0.149560665740799 -0.240857579496593
0.130177727806598 -0.0198242007124031 -0.277093057953092 -0.0494648043823122
0.101197711035227 -0.0896335047027508 -0.195304980931795 0.103259785627842
0.0354558234257339 -0.123483901152439 -0.0813499756226832 0.134978566519774
0.0204864949865551 -0.124271067982172 -0.0177518634368977 0.128439803814398
0.0284729389875879 -0.141613350737088 0.0306193025362895 0.121628907214375
0.11875425648852 -0.132964115679042 0.0492206094328984 0.135296379686926
0.177957457177932 -0.0378537277527313 0.0329193663961117 0.171413247657344
0.204366820961268 0.0713514258750463 -0.052916286490492 0.215982746351369
0.0874495201670921 0.212383907543389 -0.172914171540966 0.177274583159083
-0.100548398089044 0.251646086480609 -0.230316295500853 0.0640159158345792
-0.225559210984349 0.217201081563731 -0.183212913666486 0.0581389665517386
-0.239081584094071 0.170611296300115 -0.107745900672749 -0.00903490968638892
-0.140393767169352 0.237239435123953 0.151231727012065 0.00370859036475648
0.052818786713471 0.224487223814878 0.119977346322936 -0.226494366806521
0.200994089495723 0.10376278082738 -0.0957913578980891 -0.262637651204607
0.197386571355088 -0.0285591973185742 -0.234302298925858 -0.0913184961261943
0.146102536958466 -0.12355242592489 -0.164383237257306 0.0491875645361333
0.0541598004214344 -0.169273715456468 -0.0636911123054513 0.0722608216747345
0.0212888123955124 -0.163319427247694 -0.00892089789868116 0.0640619166611653
0.0247900270082645 -0.175566449182306 0.0484364895875356 0.0554832969143699
0.12813077407889 -0.169786102734509 0.0893852506044953 0.0755757170372111
0.206746156742657 -0.0715380690951218 0.0998858631395108 0.135484802993614
0.260309293351006 0.0549400355361331 0.01757904494309 0.21607256846962
0.128686803440041 0.24360431481124 -0.113607243187807 0.20214402222189
-0.107106524220717 0.294000628783745 -0.17517900605628 0.0631932450751844
-0.262149990405603 0.242291507402984 -0.0814070181431437 0.00918937833656059
-0.27911824951579 0.14262311162109 0.0112181585380765 -0.0589181765868279
-0.210642394208843 0.250597234212849 0.216743832821116 -0.0176534366728214
0.0167836011229446 0.280487623816924 0.182222560772114 -0.208232026533866
0.2251906154681 0.151755339418126 -0.0203550227815389 -0.260140818866014
0.235762383824433 -0.0206287760677693 -0.158730745717539 -0.127380737130441
0.173084400722006 -0.134351628358522 -0.113590958282234 -0.0157775494077561
0.0666232742396248 -0.188848279884455 -0.0378311652989698 -0.00300858714273954
0.0194757507008888 -0.178035995570389 0.00123801983991386 -0.00887369896250099
0.0166322474920871 -0.183353970195268 0.0613710793416741 -0.0171452263847545
0.117532241188658 -0.178255380304579 0.118857513696759 0.00763660567401585
0.203655473914241 -0.0887250994684338 0.152965154757306 0.0849227213552797
0.271378552118078 0.0367828102214446 0.0771612453630735 0.194750758132804
0.140838356407059 0.240543770542093 -0.0574419425425337 0.202929609046335
-0.106652441567458 0.289120965607964 -0.125916821323757 0.0498086407132579
-0.265806728067616 0.226577608288516 0.0173270886362581 -0.0419585482397305
-0.26370321917845 0.0895657371297847 0.142596993084808 -0.0965820091498921
-0.236995879629109 0.207162458037312 0.280792348080266 -0.0372864591088474
-0.026953699825213 0.273181084120055 0.232015450130729 -0.171050766980255
0.19981650803515 0.169081338037826 0.0545726422322364 -0.229872400069479
0.226332921938052 -0.00673442278633149 -0.0675880133538438 -0.147957806653959
0.16612355991186 -0.121198330825549 -0.0509502265848504 -0.0784884907189995
0.0655820402514955 -0.175942726718533 -0.00969525402463702 -0.0778502936849454
0.0137678791766267 -0.164197804395102 0.0115063174255164 -0.0795412379187707
0.00773267717764399 -0.166419104203681 0.0692700176738305 -0.0856334574240212
0.095327140929939 -0.160554355194172 0.138149425543172 -0.0553136968826536
0.17776825918578 -0.0853544103512073 0.188434518046121 0.0370083104250357
0.243493548651219 0.0307239209087157 0.118231275631713 0.166850863182116
0.118770103560054 0.21759688088516 -0.0150622099464087 0.188928281818828
-0.108659895438103 0.245174692122728 -0.0842299277162449 0.0326351820457896
-0.241029383987292 0.173506556873758 0.102886157137703 -0.0833768756478963
-0.194213273926626 0.0245759381554304 0.256152826219869 -0.118372663993753
-0.202338709206141 0.124886499130704 0.326270768532494 -0.0517529900393847
-0.0501811758487289 0.203554575455164 0.259581828046055 -0.130891845993314
0.138984192274857 0.136698357348689 0.110812431189788 -0.189642091265235
0.169988381101937 -0.000721628639446699 0.0112674198480163 -0.153446519160796
0.124086863460249 -0.089146532295818 0.00394372432771838 -0.129109464060992
0.0485127289714792 -0.133155969381494 0.0119378526718104 -0.139819269277784
0.00526199068551976 -0.124116462454807 0.0187481416754467 -0.137599214746062
0.000467953401061835 -0.126575035023704 0.0744374193578168 -0.141101094705606
0.0660729231572949 -0.124246185760391 0.153514461336185 -0.103380217827621
0.137838181636839 -0.0704904368346542 0.212961894775696 0.00209820340033732
0.190810830128638 0.0313292862857974 0.143827715238034 0.147270895256755
0.0764538204728361 0.180319506088883 0.0121691415729101 0.173991522293844
-0.10885445785138 0.176372445083837 -0.0521688907184536 0.019303066108632
-0.192811323694418 0.0941512366659749 0.169443753222401 -0.105917305330957
-0.0864453405807295 -0.0417495575990521 0.326988928106204 -0.129847507553783
-0.116474330624668 0.0261094980667244 0.340301640482364 -0.0687248928713541
-0.0440756192374247 0.0930356739992041 0.266421283853954 -0.10695120521536
0.0613855102346648 0.0638872471972774 0.138062319070265 -0.16516564448971
0.0801331981819536 -0.00365595371679036 0.0562168856788679 -0.158764009409721
0.056041810965105 -0.0436647206581948 0.0314977639271651 -0.162543062955037
0.0209952694165017 -0.0665168218421326 0.0196645780957991 -0.177835557631878
-0.00424823367502302 -0.064237229663827 0.0219249065037628 -0.173025330758631
-0.00593513479456114 -0.0700816485231315 0.0765406581083644 -0.176609945060624
0.0316118853675492 -0.0761786317810862 0.167991985688666 -0.133637352738737
0.0859356280714453 -0.0505497552400054 0.234416759328099 -0.0151713648516208
0.123159170583682 0.0294577378517202 0.163989504067474 0.140590655871377
0.0276402200292195 0.127713208183572 0.0279036086733908 0.167325352236841
-0.0948037387644623 0.0926322899587014 -0.0319778855093869 0.0175094591763737
-0.120902730095935 0.00333974096990067 0.210862769186538 -0.10434205665256
0.0287104257525674 0.0595581769150873 -0.228194200407396 0.139164001910626
0.0514728839920351 -0.0204728317561801 0.0580845164377535 0.043016397700576
-0.00718629554341936 -0.0494925451126344 -0.00232562806641425 -0.195810931236197
-0.0448795477672638 0.00212553374918456 -0.191616171317326 -0.183718743861436
-0.0149337976108299 0.0291917896138849 -0.288530064129212 0.0172247330020861
0.00290046038925261 0.0126337613619024 -0.204542583332471 0.171590157316306
0.00121560224254143 0.00711520826021313 -0.0855743425044684 0.205437181023985
0.00953498188822409 -0.00161433570100906 -0.0164535743941612 0.20193197887998
0.00212023359681419 -0.0133895563156261 0.00356652727586761 0.19747379814863
0.0126398472622176 -0.019041987354126 -0.0152193279851925 0.193105832028513
0.0190646060466895 0.00170014949784569 -0.0613191630101785 0.180371425402039
0.0186602249535807 -0.00131160464383881 -0.136003657321558 0.176103051045284
0.0321186390149196 0.0176380708075562 -0.245960408465962 0.115944895411649
0.0289242155832208 0.0676421490629754 -0.338858997678663 0.0501071149006093
-0.0257935386629947 0.0942622638378926 -0.340786579005343 0.127451652191805
-0.0627009102629566 0.129337448984627 -0.233439112047513 0.106106296780368
0.0100091718869477 0.0821578763604477 0.0678268777533705 0.0372582693099947
0.0374187569730917 0.0331934676530817 0.0142054635691353 -0.212915698460205
0.0450946969191738 0.0182229517977925 -0.188330364479063 -0.208078072425723
0.0555048016902969 -0.00106679494127184 -0.295832116919889 -0.00150418145065643
0.0486968010300351 -0.0443996309344151 -0.205828823525024 0.154035335691902
0.0137745522633651 -0.0637733099597751 -0.0843343957732209 0.186357818334891
0.0136036544173022 -0.0700639968974654 -0.0148328726494728 0.18046406546018
0.0176972565245613 -0.0876674082937355 0.0192634718488568 0.173774660290961
0.0781426073779285 -0.0845455649743957 0.0143936462527137 0.17935349742929
0.115348031177007 -0.013203176042869 -0.0247766067291341 0.187967031144852
0.12052461546956 0.0540796718702913 -0.10725355438078 0.200771592169324
0.050577314834292 0.136222178672205 -0.218725186603829 0.147290171933192
-0.0557983436091013 0.175972969192076 -0.290930326570512 0.0643717657977737
-0.144771852898588 0.169604095953868 -0.278606718878161 0.106151649161638
-0.158274821254685 0.172709711346954 -0.19424058150771 0.0549500288467217
-0.0551364983867996 0.180154047149664 0.101165235858734 0.0224169409954037
0.0648557519183581 0.130918841833452 0.0555939429921286 -0.230013747830203
0.136706289339655 0.0497379346124767 -0.161613598050423 -0.241422852358628
0.131571961536878 -0.0261417583560116 -0.28510960506576 -0.0374323222154987
0.0985467123419531 -0.0969011045732773 -0.19529121944226 0.114979974421001
0.0301716561602369 -0.128491315987377 -0.0778200483662002 0.141393051091399
0.0154849200366488 -0.128420105098146 -0.0119563876643334 0.133399872836798
0.0226041600916166 -0.146203979412377 0.0369259074503156 0.123295111457341
0.115317489887558 -0.142666393405776 0.0558766774925846 0.138168720837414
0.181806724610102 -0.0472102931579216 0.0401610738652243 0.174540347342504
0.212318486207796 0.0639831112648733 -0.0466734656827881 0.222812026828208
0.0979322103652509 0.21453987049498 -0.170383091220701 0.185705925568161
-0.0938803958511324 0.262007882154432 -0.234231226546148 0.0736814182266815
-0.223966224494424 0.229834716519205 -0.186782073577966 0.0670312098304166
-0.238111323514591 0.179858064365315 -0.109732670521927 -0.00351329817858236
-0.134877617691753 0.248391691446103 0.155669896251859 0.000936751932288557
0.0623197894297455 0.2260757454994 0.115523611635293 -0.233434934134628
0.208756914679725 0.0967700615047289 -0.107521579594149 -0.264447471608134
0.200369590788419 -0.038253848937775 -0.242827024059529 -0.0821569185027555
0.143486052077898 -0.134899125815144 -0.166295657351371 0.0566730706651986
0.0474761962273247 -0.176824959706759 -0.0627113251646045 0.0762048914959853
0.0144495597268565 -0.167999807570611 -0.00652293721613944 0.0669421993345944
0.0175352810405455 -0.18039307159515 0.0517859440760157 0.0545111810935414
0.123617090504231 -0.180275476373916 0.094216290201537 0.0748536917126383
0.209449158307009 -0.0829182368942957 0.10809166763414 0.134527786293421
0.268565086815363 0.0438954576527323 0.024796077703019 0.220543423249037
0.141756536402041 0.244779967573951 -0.108791158232629 0.209061149966399
-0.0991673067469143 0.305649459076609 -0.177526067300479 0.070562874397729
-0.260405077975704 0.25608073965176 -0.084531941357097 0.0127575236518953
-0.279158680603136 0.153242753356835 0.0104190794400812 -0.0586071601140272
-0.20644683695953 0.264763393697853 0.221679951975073 -0.0229598276245549
0.0271749236062974 0.284527485502571 0.179890081154064 -0.217177774137454
0.236209871641915 0.144888594651026 -0.0295180074823865 -0.264402323441688
0.239674659856429 -0.03243776455691 -0.167453288479164 -0.121780416639606
0.169850325751398 -0.14692132273835 -0.117205977727091 -0.011948631308757
0.0588966083190811 -0.19750418002167 -0.0402764124313261 -0.00252076551463969
0.0118989158862364 -0.182619550578706 0.000219843572393088 -0.0078579379446323
0.00919731615437514 -0.187402398782914 0.0614795645259728 -0.0202793680101452
0.112113344950939 -0.188359131026708 0.121591771431 0.00416326288961976
0.205248208509386 -0.0998610118367835 0.160090093828865 0.0806624108472101
0.278339648875332 0.0242571569633024 0.0855349505548 0.196984488719893
0.153760015279583 0.240066077761881 -0.0508288890249097 0.208800219834625
-0.0993096262616505 0.300403853472781 -0.127164259652426 0.055571289735034
-0.263090425571168 0.240899923130883 0.0133407592487374 -0.0438247880164311
-0.266297666125832 0.0993294378385295 0.143390414377098 -0.102185056768153
-0.234920134545919 0.222038672816145 0.284572375341113 -0.0449706030094212
-0.0180045557064133 0.279277486541969 0.231971033163264 -0.18029369254455
0.210117520260598 0.163928883283737 0.0487754795181046 -0.235852073536666
0.230606414540444 -0.0176179356746633 -0.0753457080632518 -0.145562466998859
0.163468913744629 -0.132942236976258 -0.0556560713615513 -0.0789845066812162
0.057918673536841 -0.184768416274874 -0.0151819220807014 -0.0805372690279799
0.00677216274609025 -0.168869047696554 0.00669841141758247 -0.0810188049622266
0.000994105914675603 -0.169493888602793 0.0665373067127069 -0.090604974648309
0.0901807831053831 -0.169032752398756 0.139090176833812 -0.0615894811168587
0.178809060898919 -0.0956558168354834 0.194745114016085 0.0295331894237184
0.249390828155688 0.0197712049906912 0.126562465907831 0.16721765106617
0.130535060386795 0.217354210644472 -0.00821453894504681 0.192884724932043
-0.102371060736794 0.255651589595299 -0.0854746803767062 0.0356546267330162
-0.239847402305392 0.185062553032582 0.0986109444367933 -0.0900424862271644
-0.197183743331197 0.0313560407707008 0.258600542245337 -0.128622585619247
-0.202680266210133 0.136203765417625 0.33034551620317 -0.0618446184983539
-0.0440223836022587 0.208662772895017 0.261630731565377 -0.140585158411814
0.146319625201213 0.134107838869273 0.106783247690699 -0.195851014731585
0.173407995397873 -0.00868539235821764 0.00568916143533299 -0.155250629076304
0.121862529058619 -0.0971572552088208 -0.00176332042204819 -0.134042738267918
0.0430063475442102 -0.138967224427519 0.00384281171997778 -0.144779707791828
0.000310294765338428 -0.126918972812083 0.0116279291790436 -0.14070663282208
-0.00442011210125946 -0.128171936327385 0.0689620448297699 -0.146990715491278
0.0616573402551215 -0.129990704104962 0.153159578186498 -0.112206421641958
0.137752495779997 -0.0776118904408762 0.21877551136349 -0.00642051440016681
0.196120738765007 0.0230193003953455 0.152824240954877 0.146005662485765
0.0853057423051466 0.180916741224784 0.0193417871717741 0.176668973206501
-0.104498348277034 0.184860769684008 -0.0529972766300043 0.0215669894371335
-0.193052597477573 0.102016394508334 0.165783915609746 -0.11516505586774
-0.0899583107868849 -0.0398984996464453 0.329840091607707 -0.143121047688143
-0.117601081113523 0.0307013286134275 0.344700052796627 -0.080862834877847
-0.0411346501172529 0.0960337656280804 0.269104542281882 -0.118434991306067
0.0642607332823923 0.0632272235484017 0.13532276084725 -0.171125762314357
0.0812814005867158 -0.0076841271883403 0.0514945855577389 -0.163463666025119
0.0550843671216095 -0.0471194072246463 0.0254864178126878 -0.169634180969218
0.0182251398802986 -0.0691366419226916 0.0095526266268472 -0.183596826687081
-0.00633165990629957 -0.0650182070893143 0.013149482718274 -0.177265362649325
-0.008299192862742 -0.0704245803077667 0.0698470329766388 -0.182672279963555
0.029210258469137 -0.0776573566780025 0.165602586604274 -0.143909742768574
0.0853268986280416 -0.0549428511632238 0.239499552643946 -0.0249507966699459
0.126329821197742 0.0241802292302852 0.172809000280514 0.138353796921194
0.0331513888777586 0.129403671696742 0.034740496547712 0.170233750484941
-0.0935809037304771 0.0974804576190548 -0.0331563448517644 0.0186666784973689
-0.122628451511996 0.00700403774523728 0.207381984565926 -0.115789003865088
0.0308610830408802 0.0585927053838605 -0.221533496315856 0.156170683687146
0.0512132508774761 -0.0243290261163815 0.0632633332343203 0.0400220390594616
-0.0105401267461078 -0.0493803535935815 -0.0159853937613254 -0.199953275346846
-0.0445279551641498 0.00525921536888919 -0.208806655797124 -0.174025829590577
-0.0128546329509221 0.0310302056103735 -0.292083222954192 0.0386182657377224
0.00373659661058083 0.0132932745808359 -0.194991189823726 0.190853494676692
0.0022777977496393 0.00766959401056339 -0.0709430865166227 0.215445495053711
0.00945731821517567 -0.00295011893437468 -0.000484420785200308 0.206030264598719
0.000443963913406453 -0.014567935286041 0.0196318347965524 0.201443356783898
0.011354589497539 -0.0207848808097025 -0.0011661098644332 0.199073707523944
0.0209060369777695 -0.00039020593936358 -0.0515024886282931 0.188370112768081
0.0190089791992485 -0.00219898557810078 -0.126418384492843 0.186782346670278
0.0334714824284459 0.0170040036392791 -0.244020069451694 0.131563409799369
0.0335025928839498 0.0670943510992066 -0.34215958470709 0.0728451279479895
-0.0211609897754498 0.0974223084035608 -0.338004312814254 0.152951691873083
-0.0567999856954122 0.134616423323532 -0.228496936567272 0.123780239330648
0.0159208464069512 0.0833271441345047 0.0731793555926567 0.0337420933635988
0.0401388239255759 0.0304963835937475 0.000528025670610899 -0.217600674129063
0.0478161687984834 0.0142515065986749 -0.206248424611933 -0.199476625644327
0.0565201870277543 -0.00542337046238609 -0.30012271759449 0.0199447288398758
0.0452375160076568 -0.0488866403136728 -0.197944555904215 0.172445025697645
0.00929816801228403 -0.0661892637875238 -0.0720190084673401 0.195616968469799
0.00853719235076648 -0.072305487233096 -0.000551771134328431 0.184106884299284
0.0108064412613232 -0.0910537761519487 0.0327971059338447 0.176060170025024
0.0723390273987857 -0.0929739255141311 0.0277240735946362 0.18293941055204
0.118235314285792 -0.0225381093196515 -0.0128585801355706 0.193782786495287
0.126840388209602 0.0462257932948762 -0.0956231679741481 0.210510992534243
0.0608321671791995 0.136075716466968 -0.213520388963839 0.161303440487255
-0.0457234764151133 0.183186819309089 -0.292758403933371 0.0850009089004726
-0.136613971403217 0.181904647716656 -0.276468893804649 0.12710092490983
-0.150446846758688 0.183959308915858 -0.192554906100779 0.0692059832371353
-0.0435446016469923 0.187571551904504 0.105979102829021 0.0176219372114273
0.0741075642452661 0.127394884400436 0.0417769869643885 -0.236769545358774
0.142352611755845 0.0395333452796688 -0.180492904893757 -0.234709081053745
0.131503412573252 -0.0369731373014233 -0.291836859500585 -0.016664674220272
0.091945531361317 -0.106383876681802 -0.190725260745582 0.131494478937268
0.0203397840690268 -0.133431705026841 -0.0687145166606135 0.149280679551171
0.00554315320356141 -0.131729025766119 -0.00187265001148023 0.136741565000208
0.0117892019351898 -0.150296298626172 0.0476094941938391 0.122931586205655
0.10625210962339 -0.155181309510253 0.0675457867094128 0.137967938051281
0.182852968247805 -0.0616867285462758 0.0522969248991633 0.175332512966082
0.220532026423286 0.0487170073804996 -0.0335788200029667 0.229680467448958
0.113945664495974 0.212043437123222 -0.161873452077317 0.197534628806495
-0.0786513704137427 0.274428719127906 -0.233783689693825 0.0902219358305854
-0.213058795313813 0.247124057901392 -0.187155541618565 0.0807196257492076
-0.230778934615312 0.196963706139992 -0.110272942764584 0.00536431711235153
-0.120442555096102 0.263033343363366 0.159474149854258 -0.00636293952286546
0.0780809002491996 0.223783713062868 0.102457426410216 -0.243871879968147
0.219306610888264 0.0821737072086312 -0.126456514113529 -0.261677863949601
0.200232991230733 -0.054828116341955 -0.252084799216854 -0.0641030261079611
0.13461192342236 -0.148759004804059 -0.164907127751178 0.070034738152255
0.0339404224360029 -0.183913718823121 -0.0589036527916934 0.0811971459808907
0.00173486138524588 -0.171927698809518 -0.00158630365345249 0.0693384862337585
0.00403786949784385 -0.184728542199494 0.0570032447886426 0.0521715412738954
0.110823343297864 -0.194310678136887 0.101719175150564 0.0704517974008251
0.208783951317837 -0.100552296938 0.118800784345271 0.129826817653172
0.276672652067199 0.0237762027838382 0.0400411128622465 0.223758514427199
0.162238387037692 0.23936527452627 -0.0965015300818412 0.217800074710598
-0.0801387424412932 0.319345947757854 -0.176929063131197 0.0832199298393953
-0.248025499750952 0.277418335000366 -0.0874222447620967 0.0192510189518215
-0.274490594398051 0.172010945576968 0.00784246860259883 -0.058681916287473
-0.192075780216239 0.284818286874663 0.224254271335455 -0.0355613766458507
0.0467589272997868 0.28638077288796 0.170090484333592 -0.230713473915273
0.249751677334664 0.129585113527883 -0.0466176489524229 -0.265724323849623
0.240803813681883 -0.0509149111509651 -0.177593662278313 -0.108997451554757
0.160632580794253 -0.163795603340112 -0.119995851411455 -0.00422581313122915
0.0438041529135394 -0.20602526753091 -0.0427150357367466 -0.000314027886635226
-0.00187903539398897 -0.186422275487402 -0.000894200252236987 -0.0067318297094856
-0.0043778941141498 -0.1910445953492 0.0608489849040867 -0.0247152076706057
0.099364355970947 -0.200903376468261 0.124265257096882 -0.00404744802221376
0.202264855351242 -0.117466575478205 0.168735873553107 0.0705762521718242
0.284597848169255 0.00297067612245837 0.100592362244204 0.195695435995986
0.174294417754022 0.23390815158098 -0.0371607293948974 0.213630410902106
-0.0805259631801798 0.313594557858431 -0.12593741063356 0.064480151817786
-0.252758369979643 0.26156797360651 0.00782266623403058 -0.0454211257896776
-0.264321408303589 0.116954349169001 0.140464237129744 -0.11092949798562
-0.224684291086706 0.242399191417255 0.286384130396085 -0.0621479823892083
-0.000112738443809894 0.284161143472718 0.224834328378275 -0.196490467416038
0.224950074851751 0.150920684173892 0.0351634036382868 -0.241199690096012
0.232831572328332 -0.0357118725226214 -0.0859543411898839 -0.139419240931404
0.155393082686821 -0.148778239970483 -0.0624567649742927 -0.0777222907014831
0.0440118409259833 -0.192787380135027 -0.0233783161017026 -0.0819648999653877
-0.00555637778728427 -0.171456879647433 -0.000369609794040914 -0.0814567746745949
-0.0111031801199416 -0.171262195480027 0.0601505014447344 -0.0966006966935815
0.0782254944839119 -0.178656059974586 0.137055620241087 -0.0718286437663493
0.175864224944167 -0.1109367753906 0.200262651508138 0.0167273661474387
0.254372559348462 0.000491090835865265 0.140179977262053 0.16246350129851
0.148587905312401 0.211257118421516 0.00549267541464285 0.195506491637257
-0.0865573166102934 0.267082613160074 -0.085093672981843 0.0414106740414262
-0.231857128839395 0.203489958079697 0.0907725542418866 -0.098615752171689
-0.198535592162023 0.0439299747409132 0.255346041116721 -0.146716498341958
-0.196432268085991 0.151694290390998 0.330716320063598 -0.0830391532049519
-0.0301011897010221 0.214808753184106 0.257300443099966 -0.158638778391242
0.15739095729544 0.125467638669062 0.0965637473220139 -0.204221393731079
0.174637799477441 -0.0220707156169416 -0.00388314618955345 -0.155360209109557
0.116115345443285 -0.109157938791409 -0.0116888006303598 -0.137490538076867
0.0321965126154781 -0.144937313382635 -0.00898865823931097 -0.148903490036216
-0.008700030374766 -0.129373486589431 -0.00045685314559853 -0.142294460366268
-0.0134235879154882 -0.129229399201989 0.058131714487665 -0.154156470927763
0.052980795572539 -0.135563276279528 0.147491362456809 -0.125088506834652
0.134523245154245 -0.0893147460621349 0.222884251984219 -0.0218015355919787
0.199775684456978 0.00798494759698083 0.165350847142827 0.13916628506283
0.0998906457004759 0.177548578538962 0.0322145051720737 0.177806903654478
-0.0934444748419444 0.194745058679609 -0.0534855828225378 0.024554078933881
-0.188419146008068 0.115700055903558 0.156807398626627 -0.129582783551137
-0.0938162886700632 -0.0348219740885754 0.327491451149641 -0.166496347071751
-0.117881684627267 0.0388153034514849 0.343306571468479 -0.102179250391539
-0.0352830863755061 0.100179976306619 0.266766331334709 -0.136007008048943
0.0689125001627102 0.0592785284355078 0.12740586076024 -0.181377868025951
0.0809429485064992 -0.0139595474054938 0.0418821139988612 -0.167840782857428
0.0517734275149588 -0.0520794417032107 0.0131380708261502 -0.175925835116927
0.0125397956592075 -0.0715324802090349 -0.00658491224483051 -0.188271559976501
-0.0101187334749838 -0.0654772039452655 -0.00233334722102284 -0.180154970008543
-0.0124307646274409 -0.0699678973533875 0.0568056120571792 -0.190003427635053
0.0245457472865236 -0.0801195746192505 0.15791560269087 -0.157888167403674
0.082179800861297 -0.0616505401178817 0.242862562134473 -0.0424875844004106
0.129255577467394 0.0153157802652058 0.18528007876355 0.129630680564526
0.0430206341007014 0.12853504884873 0.0470017152690843 0.170494193228772
-0.088049506111316 0.104942417819665 -0.0340057434614668 0.0202590293587356
-0.123235770565992 0.0142717652498974 0.19901362646369 -0.132026736051285
0.0046275457868822 0.0673842372920747 -0.266067832103836 0.0487118477040585
0.0557457080245184 -0.00173345261703956 0.0395637207821209 0.0638026806295412
0.00888528571357128 -0.0468680454151948 0.0670975412015635 -0.185887249890801
-0.0409316816166612 -0.00945917678941315 -0.119747702858534 -0.244567708513425
-0.0216087857977795 0.0260714756744858 -0.279502697872592 -0.0841703885308727
-0.000704227013798857 0.0154341196151088 -0.25543231834562 0.0924085583138794
-0.00127605200253083 0.0100129788045285 -0.152769609101541 0.165711807659177
0.010377656795676 0.00149347262133328 -0.0808860408652655 0.18518873479079
0.00680708144639004 -0.0130417670312238 -0.0603657617940985 0.190799983180393
0.0194590709640858 -0.0139638535137565 -0.0803440886135938 0.179538558451744
0.0205375340840972 0.00900288991539213 -0.124912420231182 0.149711635799089
0.0179168848151321 0.0100209446553164 -0.19132718176602 0.113035680508737
0.0200105861106117 0.0317792284002467 -0.277608172192408 0.013574644007455
-0.00166358339316451 0.0751116211020017 -0.346346807920033 -0.0819892172568523
-0.0601237433357119 0.0795492303091335 -0.375944318798511 -0.0137973644657928
-0.106689196749951 0.0986733345262211 -0.256249583534731 0.0187877794184208
-0.0208163695538765 0.0821407716548415 0.0544860255159399 0.0603846748995713
0.0214502038909881 0.046386552571106 0.0907336248653009 -0.198031019688264
0.0381470209970234 0.0356485428472365 -0.105772576654023 -0.26896219863058
0.0553526192454865 0.0215464812088099 -0.281023987791625 -0.106649440421365
0.0622689239891932 -0.0247977844839918 -0.25209306400535 0.0737503992509136
0.0345576810458227 -0.0552573491637664 -0.146570884293892 0.146865167890077
0.0379952182948988 -0.063173821451915 -0.0732622033412031 0.165068348673922
0.0468923505014003 -0.0782465571266533 -0.038250634381594 0.173283266505118
0.10370597435629 -0.0564628503225836 -0.0467931554354601 0.177908875105909
0.118959674165352 0.0274478053743589 -0.0898572691025889 0.172374132405076
0.095702255000392 0.0962170886248141 -0.172617556935983 0.151881128134744
-0.00478375824578128 0.151492437555462 -0.26508954287564 0.0552350183669027
-0.121064605763688 0.149004402564996 -0.308428110015029 -0.0532950648660627
-0.198742768029818 0.108789475943898 -0.309693111554508 -0.012041914025951
-0.212955981574416 0.103988312141569 -0.199350496715477 -0.0122600580789508
-0.118599088501873 0.152666055174291 0.0935130433184684 0.0582810163710132
0.011506861539088 0.147815504954899 0.138086979184959 -0.200065261379047
0.112397955242702 0.0964891585649551 -0.0666660929952974 -0.293316628117068
0.136217510325177 0.0239988659823334 -0.259149392046213 -0.139616278137755
0.127605426196775 -0.0586966710485669 -0.23097325495175 0.0383394560410489
0.0717672250645672 -0.113070912857559 -0.125805480937183 0.105633339073397
0.0602143300350245 -0.118466255284335 -0.0561518980252806 0.121787609952616
0.0708943722750928 -0.131784976717589 -0.00458041390077856 0.130732885424286
0.158872537538463 -0.10121584355139 0.00759355567006334 0.153134553608503
0.195332453686015 0.0176092693818197 -0.0213416341353182 0.183767422789623
0.180207492399678 0.135241037276074 -0.122976279606454 0.198748194235878
0.0130787345626657 0.242599261803475 -0.234404667943234 0.112615211888227
-0.187939331115168 0.218624426464151 -0.258844854922937 -0.0239384635127684
-0.29526599126555 0.137033552867582 -0.208097906142257 -0.0161522193761896
-0.292298715085928 0.0810454122839359 -0.0970290080981314 -0.033873801661949
-0.220544276703146 0.189982890599 0.15515989941041 0.0582867704787295
-0.0258187365936726 0.237281798081996 0.199211262808958 -0.18229521808266
0.1624283937626 0.165529277235337 -0.00341887234727418 -0.296566293266177
0.204251227643512 0.0368588847180711 -0.203520897248673 -0.168715046572344
0.183022277485234 -0.0809622889843158 -0.183596470595889 -0.00835575972822031
0.104602972743028 -0.154744492496064 -0.089128184683317 0.0472385755039514
0.0727605375633377 -0.157354504402775 -0.0300754130102547 0.0616084274822963
0.0773032511514428 -0.166050637756829 0.0324493920808205 0.0698354658624626
0.178392954818916 -0.135590819775762 0.0669723938908857 0.105881979244012
0.234104110675608 -0.00772604011157759 0.0598564266778037 0.169588913399568
0.241176272893264 0.133749169229782 -0.0524511099028307 0.224680504753335
0.0452424831526127 0.287060266958937 -0.183391018668685 0.160368867007047
-0.207567671510596 0.258437856044317 -0.204096551129112 -0.00602060246636528
-0.339421013406004 0.14891672763278 -0.0907505955996269 -0.0282591042352489
-0.32313976130577 0.0391329373330732 0.0370415901997595 -0.0411105443510294
-0.296443003604854 0.180193864567394 0.227594108751303 0.0601864695261154
-0.0814375258762889 0.280899313498928 0.256561356627452 -0.141307501475773
0.170183857299577 0.219901864228451 0.0721612917900652 -0.267540492035412
0.237833946240301 0.0553430308798834 -0.116884636251704 -0.180793792051113
0.211689641246538 -0.0842177444482963 -0.111679055923205 -0.0572165192985315
0.122527778248649 -0.171950222387706 -0.0413806025832226 -0.0202640519853065
0.0746970094343108 -0.172434870455292 0.000288425814768068 -0.00665843420336173
0.0718613559536681 -0.175780875398154 0.0658158817945988 0.00212283093977295
0.170480331919601 -0.146517383155694 0.116068274183328 0.0472247318336744
0.234954751111952 -0.0265845325264147 0.129050394130434 0.136533708809282
0.257182758119446 0.117429697897251 0.0141703036022008 0.225342488835468
0.059049679700073 0.286869550417655 -0.127814664788371 0.182747138020112
-0.203606914997653 0.253485251707209 -0.149886980889829 -0.00211142201968922
-0.335637568693202 0.132898276871598 0.0242000407540494 -0.0446052451791132
-0.292365398191081 -0.00699431616077154 0.178707352465267 -0.0334654095998147
-0.309069815373157 0.127967495845249 0.295393089532949 0.0630888715261969
-0.122976759664551 0.258906734832564 0.293221130153902 -0.0860372652043957
0.137458902648887 0.228620009296875 0.136271513323011 -0.209011733623414
0.223152196358439 0.0655131158182614 -0.0196068069453757 -0.169530391541698
0.20043261962179 -0.0731695687639716 -0.0285296903948566 -0.10029745639056
0.116280556012945 -0.160236540779442 0.00903810055280379 -0.0859973028788733
0.0653560230826241 -0.160510056220357 0.0300096058780306 -0.0741390602149735
0.0578359427671203 -0.160163157582641 0.0926643212423616 -0.0630142338505745
0.141315822487803 -0.134078619236491 0.15428913579826 -0.00926583652624115
0.206463172365628 -0.0321853287073653 0.179982257503626 0.0991207159281522
0.23138046115517 0.102219944690888 0.0631012990548511 0.211874444896016
0.0460680826569985 0.254995884006932 -0.0800958951542952 0.183739958708222
-0.188765397891802 0.208533092043538 -0.101336378532608 -0.00496283103757413
-0.29259851702494 0.0876615539849963 0.122841567651927 -0.0541406563681861
-0.203415690163919 -0.0459698121127138 0.297199431171373 -0.0196672678202086
-0.247876065398138 0.0563161146389303 0.341334330289419 0.0637505085811858
-0.121972565367176 0.182011934316107 0.305258853601541 -0.0361039812536873
0.0868892243741942 0.177213507767329 0.177044612156446 -0.147800245701162
0.164332550167614 0.0533363605454874 0.0615857178797865 -0.148342681627981
0.14773514402738 -0.0528392410283407 0.0437430259315348 -0.132931427975873
0.0866443203389104 -0.121294180078909 0.0492632457057906 -0.141172566797821
0.0448333005265926 -0.122520039106355 0.053789436463595 -0.128888825045413
0.0389017580894304 -0.123143641703387 0.113604361513636 -0.114984087401268
0.102120453700857 -0.104030703364042 0.183070763808366 -0.0528448138582776
0.160035157685821 -0.0291854290278323 0.214319445543312 0.0730117563933745
0.179253338593216 0.0866918180285858 0.0954933121198965 0.199847975114857
0.0165213669748268 0.203747397500312 -0.0486252986566077 0.17858394463233
-0.165728260001812 0.13845600092689 -0.0639219469157517 -0.0060671264604589
-0.21746702048861 0.0266741016463686 0.196758496097738 -0.0521659115416437
-0.0754526137547314 -0.0728393224429717 0.369255419276077 -0.011124749294567
-0.127975129660372 -0.015232865503985 0.357698116926271 0.0524667016684288
-0.0778814477649857 0.074943089425211 0.302038211130508 -0.00988729976116369
0.0336701083470784 0.0816575027113573 0.193045638789938 -0.111611622043997
0.0762609325874746 0.0212005488696513 0.107858427564853 -0.136105339015562
0.0662896427036435 -0.0265643511528943 0.0836676194750873 -0.156096102428757
0.0389347722891844 -0.0616866809866095 0.0685955178365954 -0.174655301957006
0.0177377570839914 -0.064594819970894 0.0668592871970025 -0.162713499989784
0.015713898886304 -0.0686848265598112 0.125579559648852 -0.14766357250318
0.0541320689427097 -0.0641125368843565 0.205557284186852 -0.0792445218726634
0.100417168847475 -0.024463840486159 0.239318569893458 0.0618137077325816
0.112825030181598 0.0655417647479061 0.115420283437365 0.198265860112488
-0.0142172249497801 0.13586392499369 -0.0319588088074355 0.176698614482774
-0.122814250167373 0.0584744927245532 -0.0423313473727675 -0.000443678908223419
-0.116323606310266 -0.0387815836957503 0.236893138822125 -0.0337624711938386
0.00738867218725345 0.065392772607307 -0.253457054146603 0.066638774236312
0.0537666323974703 -0.00523514281143697 0.0436252100016929 0.0600114058650496
0.00492330252414486 -0.0451829030945887 0.0506519633644782 -0.185144411363589
-0.039092728642305 -0.00644815080558731 -0.134561249380185 -0.228591451434212
-0.0188001078765118 0.0268317193412657 -0.27646338265294 -0.0595075123242663
0.000648484217979489 0.0155798625452703 -0.239588184773685 0.11070437544447
0.000107511669084914 0.0103171755579385 -0.134325870083259 0.172847936851473
0.0104821294436339 0.000522088010719561 -0.0626358351405425 0.185631733408119
0.00538848690411831 -0.0132762303337376 -0.0421558488123454 0.190479219351981
0.0177529102848978 -0.0152996769260479 -0.0641117407665916 0.182259274154833
0.0215795280929184 0.00743851875273859 -0.111635321438763 0.155028015722661
0.0184577865279 0.00863544051613999 -0.177378661939464 0.121522669434326
0.0217280025738702 0.0303904944091917 -0.269011051459112 0.0305704305532923
0.00374512614935778 0.0724650269495033 -0.341938767515308 -0.054711364171364
-0.0528295927716135 0.0812983755474165 -0.365068620042268 0.0146466728910105
-0.0977499243335651 0.102801887606956 -0.246544984957295 0.037799757226659
-0.013773373086253 0.081728913295137 0.0573843241731014 0.056751152070177
0.0236933362545452 0.0431422188683082 0.0726398668341193 -0.197491615827155
0.0403638264629491 0.0301650574464158 -0.12331014229075 -0.25266129806248
0.0559011765274908 0.0164158822812137 -0.27977461868176 -0.0811885148614033
0.0579169021463987 -0.0289228551390044 -0.238171066335688 0.0925103490522746
0.0290624141748343 -0.0559371408979426 -0.129604648893093 0.153557552926413
0.0316522434412652 -0.0642869844879504 -0.0565808171218102 0.166219718855773
0.0383708629850671 -0.0799980795840811 -0.0221464552336006 0.171249781768815
0.0957342307885505 -0.0642097301633181 -0.0313599313455902 0.178216861299566
0.119205570015735 0.0169217501590545 -0.0755924385886367 0.175082733481413
0.100899887535165 0.0859381220541375 -0.156348647671138 0.158808624537807
0.00656509504794677 0.148172871420576 -0.25371605974786 0.0701454598142533
-0.107065873090607 0.153733794306309 -0.30324021048178 -0.0286781134920599
-0.185685258758174 0.119217087623183 -0.301290283125622 0.0112925471087564
-0.199469532939821 0.114407906615519 -0.193151030896444 0.00375225270728099
-0.103259636062606 0.15782584980466 0.0953628736848516 0.0524530799172327
0.0221500050229518 0.141988623481788 0.119213337800511 -0.202676428707236
0.116353480155698 0.0830345794894951 -0.085994699637477 -0.278720339970735
0.133981577013713 0.012288433147673 -0.261075807382895 -0.113690992707927
0.117871230800492 -0.0679627071386184 -0.220095101228031 0.0556035946970257
0.0597680782437004 -0.115469697821124 -0.113804111424224 0.111518385940759
0.0483968711046727 -0.1194792610438 -0.043976436405105 0.122557104535147
0.0574057745979118 -0.133806565072767 0.00663373230942332 0.127049346173699
0.144760434107932 -0.111915022984921 0.0200839477834633 0.149317053937678
0.191936023120527 0.00065975324407943 -0.00754695138674259 0.180649978914472
0.185228530602059 0.116640578612617 -0.104854133313499 0.201096986410304
0.0304988323818184 0.235580466898039 -0.218571627805164 0.123615309531971
-0.166551317598583 0.226560526822078 -0.253938299497537 -0.00410961169031717
-0.276783029123262 0.153001701739406 -0.204492176616453 5.48154075496594E-05
-0.277948040932899 0.0984979409021386 -0.0955662755707091 -0.0233890771599185
-0.19965269880156 0.202029838694588 0.154730101070907 0.0485589960528683
-0.0079086561524719 0.230961259472035 0.179942734330573 -0.18902048037795
0.170545742169625 0.146484019545724 -0.0251534825784037 -0.286004943280663
0.201109368107373 0.0186581564467899 -0.208767784975776 -0.145175305803756
0.169752241141695 -0.0938642845165759 -0.177791100982184 0.0072213574957092
0.0874838463410289 -0.158858548051507 -0.0833246479835639 0.0521097079147178
0.0573230207972954 -0.15813156221759 -0.0240928446511314 0.0623696871302
0.0610472109659631 -0.166851510051196 0.0368933720071627 0.0654549277264785
0.161034794408969 -0.146535808193093 0.0731679411996448 0.0990277478711491
0.22788170917293 -0.0273561863516158 0.0708001376677115 0.160641721999732
0.244483433679369 0.10996239188523 -0.0343313559567743 0.222580632106668
0.0664293286079266 0.2755757863595 -0.165329414784724 0.166675955735266
-0.182560478278889 0.266944662431257 -0.199183975347955 0.00885248572497074
-0.318361077496654 0.168614640297476 -0.0922444912465359 -0.0211118810805984
-0.310579073808308 0.0600363774643328 0.0340426199203373 -0.0405808779703904
-0.274005858166602 0.198040286348334 0.224471919074594 0.0451364566417255
-0.058402019790475 0.277076244516212 0.238276816582433 -0.153183731119662
0.181243292906472 0.199128697844444 0.0514217898962092 -0.263260528008276
0.234413504524816 0.0342842711084675 -0.125639658415502 -0.162912471018263
0.197368917230472 -0.100194121171749 -0.11236706968697 -0.0466554535832658
0.102691695825093 -0.177346041866497 -0.0430012891549482 -0.017508821862743
0.0578942308056596 -0.172697332434077 -0.000660403532261583 -0.00610067972053028
0.0547826683471441 -0.175518076076804 0.0638305580052932 -0.00285936713208135
0.151844397654763 -0.156208611738991 0.116497265951093 0.0381120809662116
0.226602374293395 -0.0455255206281482 0.136365120076545 0.122637827892284
0.257894581991343 0.0914217790838889 0.0308533631225755 0.21821434722212
0.0805077216531785 0.272865637664369 -0.108603671120476 0.18493814480691
-0.178999688468914 0.262190138723511 -0.145807842882108 0.00904888352663729
-0.315918484680914 0.153100714002764 0.017380661675675 -0.0454038267759803
-0.284102980134994 0.0134766505143291 0.172512772589186 -0.0444794633382108
-0.290253467897921 0.147896143846464 0.289898777984726 0.0426694881134833
-0.100648370405312 0.259236000079124 0.277505642954021 -0.102192166298877
0.150460012372656 0.209669755261013 0.118623614178075 -0.211050249496938
0.221188132084888 0.044880177335327 -0.0303556927569141 -0.159258299124943
0.1872197458057 -0.0876145364095467 -0.0345262049070599 -0.0953519245892451
0.0978295364185917 -0.165040728287618 0.000304885575147655 -0.0857558479657353
0.0495343508350986 -0.160494197478297 0.022078409984078 -0.0730555625666022
0.0427774459906585 -0.159243649716665 0.0842859903394308 -0.0678907074168942
0.125637576081428 -0.141264654634132 0.148919617308424 -0.0202644150359483
0.198769488359953 -0.0479105509119734 0.182426621078691 0.0825250617297706
0.231439009504495 0.0787085740645794 0.0782148035208265 0.202041809209945
0.0653517376381349 0.24361379456281 -0.0633697751406663 0.182787015473181
-0.167496926375189 0.216626960066381 -0.0995166749628719 0.00226846657343903
-0.276203578262777 0.106696728026741 0.111883158847698 -0.0633599437569296
-0.200446168817192 -0.0304709237086507 0.287514609299934 -0.0396676572663796
-0.235761706052514 0.0734196032016762 0.334513977075479 0.0397323425712199
-0.104897552236087 0.184466385864731 0.293887271071719 -0.0544481224933572
0.0975176025356813 0.164443412512482 0.161547531035698 -0.154053801621993
0.163066829190347 0.0376583087943549 0.0495927764421864 -0.144846828123671
0.138074663780492 -0.0632602194940313 0.0326991236136189 -0.13369063705256
0.0718556282048675 -0.124518784120582 0.0349323184867475 -0.141078624359095
0.0332732623174506 -0.121961141428902 0.0402800132977645 -0.127997162234863
0.0273166999792438 -0.121289761454423 0.0998317639319807 -0.120082439091896
0.0899119833170259 -0.10870450634612 0.173243987426815 -0.0654882705894258
0.152746057376736 -0.041076772926631 0.213923942027821 0.0538895391248281
0.17937891993504 0.0684470486264506 0.107972816997183 0.188205013583073
0.0326046765283009 0.195634057106327 -0.0325047172362496 0.175742076409769
-0.149580117495339 0.146694370031738 -0.0634726512124691 -0.001843454731201
-0.208112300557543 0.0411448356684139 0.183291997109623 -0.066197766621226
-0.078759702244853 -0.0650966879427897 0.357262572056165 -0.0367565750314287
-0.125106442376375 -0.00523149919798677 0.348770348827679 0.0273295370364887
-0.0695860926730663 0.0777316433629007 0.29254456737041 -0.0294766279099963
0.0384279459704399 0.0760772732515478 0.180022253109068 -0.119938300761883
0.0743114158467117 0.0138626993539194 0.0961473385740766 -0.138011231317042
0.061250154641687 -0.0310776067078126 0.0693369286287535 -0.159127233634563
0.0321343446973604 -0.0620288508496883 0.0503104126949187 -0.175467340520487
0.0119442826302412 -0.0635213886667686 0.0503898381130228 -0.161720463806391
0.0102419969597531 -0.0671657223478553 0.108965760112608 -0.152066093295258
0.0476307510396479 -0.0661853898600147 0.192069961461149 -0.0927601539752547
0.0948782656141644 -0.0314999354616757 0.237239624437611 0.0411489919025576
0.114012719149827 0.0537304854728593 0.127160272336026 0.184903106434243
-0.00292000459553928 0.132239801680653 -0.0170424291064728 0.173344259547579
-0.11481941907352 0.0647762860428514 -0.0424520204165838 0.00190791837942233
-0.114857077245687 -0.03011672007169 0.223160901079612 -0.051368081353012
0.00858304701950383 0.0634346271805287 -0.239455503520928 0.078516561740707
0.051786340343146 -0.00773592065347034 0.0460460360194021 0.0575594045954188
0.00240933208399378 -0.0429308278895503 0.0369701715409295 -0.179626806192059
-0.0374609156503589 -0.00407263837012824 -0.142651807406143 -0.211040538966826
-0.0157961442340108 0.0270291607308579 -0.268226933636241 -0.0412261920375401
0.00206128949360023 0.0156794566017398 -0.221676980911494 0.121962540917711
0.00120155600666611 0.00970214290533421 -0.117663033806993 0.17415933362345
0.010132849645678 -0.000581407617384273 -0.0472484278073406 0.181355780050861
0.00379542911434338 -0.0129124946647823 -0.0275678837387693 0.186234240962122
0.016041748941307 -0.0161631366861745 -0.0504538881444766 0.181269146871105
0.0223010593130691 0.00535857642970094 -0.0997572204951616 0.156203840286629
0.0185425558390692 0.00793669891970177 -0.163591736891688 0.124777309891858
0.0228552265980037 0.0293027413191268 -0.257595620334695 0.041517129415712
0.00755770203109379 0.0691580411356112 -0.330821637732715 -0.0331703312373188
-0.0469406010650105 0.0804748360428085 -0.348789469981531 0.0350746914023791
-0.0890882107281708 0.104106531937104 -0.23370214761111 0.0507888730556475
-0.00866327161326404 0.0802342778406132 0.0593138211059505 0.0535479657332267
0.0252187218321147 0.0399763962895823 0.05779031602204 -0.192787114783772
0.0409654263156322 0.0253856989545909 -0.133011759869622 -0.23518575169616
0.0553080277928082 0.0122381762080689 -0.272423213988606 -0.0607404693363037
0.0538870208931814 -0.0312367391701701 -0.221743811351156 0.103869728168767
0.0241744970964268 -0.0555564379941585 -0.114828417010112 0.155192850122451
0.0266129426279586 -0.0637184211380126 -0.0431388557373283 0.162518300127078
0.0313410676323052 -0.0786320832468609 -0.00971565007667496 0.166083078300888
0.0875595395788193 -0.0681852299441754 -0.0185559387185106 0.174435594748938
0.116952053373768 0.00820863799536808 -0.0635199455939279 0.173820362250816
0.10252600933203 0.07639378466642 -0.141314424650491 0.160417792971433
0.0154762963454589 0.143461515798869 -0.24083983746562 0.0789269977217947
-0.094024922469517 0.154075213804576 -0.292743988484534 -0.0101018055720299
-0.171839712510929 0.123843102401122 -0.288412463015629 0.0285670409591802
-0.18652575005056 0.119664311846413 -0.183982925893805 0.0159438970953596
-0.0904280031243914 0.158144280990013 0.0953289838388448 0.0481534304552543
0.028261143483723 0.134033944443 0.102659799062454 -0.199426865361235
0.116912721747318 0.0708541209533706 -0.0986578888621541 -0.262063778201235
0.129335416367301 0.00306255966925433 -0.255378985583947 -0.092715005380254
0.108259943807519 -0.0725923526119641 -0.20694749513871 0.0679974497640301
0.0492360173715539 -0.114624469198447 -0.102069168078592 0.11335339002539
0.0386581893203097 -0.117385901952338 -0.0340571598859808 0.120201189160788
0.0463865489224251 -0.131614344133213 0.0146076335832043 0.121668366052732
0.131938805419344 -0.117488091025385 0.0285124429681107 0.144141775353152
0.185984212901672 -0.0118154755493878 0.00291650607053923 0.17474854490462
0.185397998111748 0.100293071186489 -0.0890887834205863 0.198935246484262
0.0436456458165363 0.225176622410139 -0.203471614448666 0.128483664153719
-0.147106303954089 0.228144891827856 -0.2440849289271 0.00996323941733243
-0.256755282208994 0.161281737457586 -0.197377533620104 0.0116336203177883
-0.262496572159018 0.107839682133155 -0.0921457356799237 -0.015846939137811
-0.180650941080048 0.206390790096513 0.151642775138586 0.0413902313507351
0.00443888186009043 0.220645888310328 0.162346396685772 -0.189220758331413
0.171877234707932 0.128509983583604 -0.0387551737150126 -0.272290131410382
0.193410978399698 0.00481882625231727 -0.20771617605504 -0.124296572222585
0.156139400881067 -0.101459211109162 -0.168869082638838 0.0184736744710566
0.0719978848816731 -0.158124863685085 -0.0775394307678157 0.0536411425312211
0.0446130393987426 -0.154588125576306 -0.0185243224782251 0.0620980353054007
0.0473884265260559 -0.163029044634208 0.0397620221650451 0.060426248860751
0.144791868505705 -0.151383742417296 0.0767265697614686 0.0919492377517259
0.218303581293135 -0.0410664599543901 0.0769311558871139 0.150622089753067
0.240510155541683 0.0892330247764975 -0.0199208233573775 0.216251663636009
0.0799143085022587 0.261158795630136 -0.149726975182608 0.166549482903392
-0.160385860887461 0.268961456786959 -0.190345196094203 0.0199086268195203
-0.295938743883942 0.179261046945838 -0.0924052291019357 -0.014676665019653
-0.295463451439647 0.0728986064543963 0.0319650501494455 -0.0390802177953694
-0.251435398553272 0.206898181843118 0.218089885759302 0.0346853004199541
-0.0410696514507256 0.268430109421487 0.220868461768798 -0.157396089391065
0.185323205122806 0.17886796583949 0.0358187092201727 -0.253395349426565
0.227141412635765 0.017742261065274 -0.12742152388176 -0.145600153269124
0.18213682063673 -0.109182729585483 -0.108874635061563 -0.0382716372049679
0.0851976531256169 -0.17685625862472 -0.0432684831140142 -0.0151661039476546
0.044096411102327 -0.168828828924431 -0.00106614651980098 -0.0051608875073952
0.0409399141626712 -0.171123516183534 0.0608778013312983 -0.00662173711580002
0.134958934196648 -0.159764136062277 0.114917064380732 0.0303706789804273
0.216109351529286 -0.0589441239675652 0.138149808504978 0.109883396410172
0.252771105490539 0.0702902038868854 0.0425567981343028 0.208911504641155
0.0941029727558848 0.257244890273997 -0.0938883908955532 0.181500254350847
-0.157218124528064 0.263020827754674 -0.139606089273306 0.0166111344918617
-0.29464712463191 0.163754537316916 0.011091560918956 -0.0448822349310004
-0.272152526285941 0.0276726783321293 0.163442861431164 -0.0507830219311902
-0.269679192680965 0.16012310516268 0.279571711119714 0.0280523687024393
-0.0823374096820271 0.25322402560625 0.262060135688206 -0.110864128427864
0.155995175287245 0.191341644287816 0.103180814019961 -0.207183810712244
0.214382699116902 0.0285679385167924 -0.0357279447608022 -0.147484763749783
0.172781059480972 -0.0966740963769786 -0.0371922071138065 -0.0900839500074674
0.0811825992586678 -0.164073929659406 -0.00657035385549789 -0.0834606900030663
0.0366362681782624 -0.156109172290527 0.0162047702487723 -0.0705577592306332
0.0300412253412063 -0.15471484524451 0.076662698772016 -0.0701971218005161
0.111111340002732 -0.143663350040276 0.141838405777472 -0.0280260013380126
0.188056238248913 -0.0594398417894605 0.179955950507705 0.0682628763395121
0.226319719145757 0.0595480260736762 0.0868641612462168 0.190489468260699
0.0773466604391646 0.229124088014275 -0.0496259018961025 0.177528169782662
-0.149063560712913 0.217917031319816 -0.096023541451716 0.00731020792761818
-0.258625152478747 0.117285474143501 0.100115859789396 -0.0670803685098107
-0.194419583045209 -0.0182994438926184 0.274547160709295 -0.0531894552360339
-0.221574537139825 0.0843601525253504 0.321806097216156 0.0230861760939857
-0.0907704466535391 0.182071195858414 0.279407753223873 -0.066350484266095
0.101540901939912 0.151190958049684 0.14722121277295 -0.154955570556714
0.158174507634374 0.0253517164158854 0.0424229809100063 -0.138881275842688
0.127622607358619 -0.0695879371891567 0.0244025904478977 -0.131154202124876
0.0597909265720888 -0.123564369145968 0.0228443717177451 -0.13855675491542
0.0238140341086405 -0.11830143968179 0.0297348684247411 -0.124161608577885
0.0183107856039802 -0.117191536904976 0.0880696941932096 -0.120283301119812
0.0794857059084344 -0.109374229217945 0.16203530296603 -0.0729879671658424
0.143235334335153 -0.0491831839431257 0.209244269135351 0.039356459113355
0.175268306712459 0.0533743342259203 0.115167493992034 0.17592464156195
0.0427378408150613 0.184758360526046 -0.0205655350829223 0.169712956391566
-0.135004712718055 0.149052862155335 -0.0622817614184607 0.00131400254812716
-0.195972516120691 0.049955916500952 0.168319537839061 -0.0742946238107647
-0.0786794278287734 -0.0577578377705262 0.341454619641985 -0.0544958435716273
-0.119946052846042 0.00195103215083086 0.33473743132124 0.0095792463516009
-0.0622176538482561 0.0774223973658097 0.280292254764184 -0.0424348016368064
0.0406324929457608 0.0705606680197848 0.166733421173469 -0.123435351045121
0.0715279635617582 0.00794463066599421 0.086080678005799 -0.136208170744196
0.0563216492821736 -0.0332725181650955 0.0573775861662336 -0.158968581708192
0.0263390192433564 -0.0608365193577051 0.035940881720755 -0.171809525887864
0.00767858448505481 -0.0611408850133779 0.0367125495170573 -0.157011007362046
0.0063217977150518 -0.0647627753645975 0.0940048336205287 -0.151335440259507
0.0414983326874268 -0.0652350145160703 0.178289758085046 -0.100226983121461
0.0883782484568074 -0.0357331790617988 0.23055195876692 0.0253942637965864
0.111411828972137 0.0437259174655841 0.133742417327682 0.171159226168434
0.00507434639980503 0.12625288458471 -0.00594236016358705 0.16636878147947
-0.10639911458525 0.0683275547354684 -0.0422887535603035 0.00393389707751713
-0.111380481125426 -0.0231664011121462 0.208221300058781 -0.0624858979748023
0.0100353782166286 0.0621919358458876 -0.226790438792514 0.0860584839605685
0.0495277729775862 -0.0090396380348614 0.0482597164398405 0.0551933317052845
0.000957763914491982 -0.0408920885075492 0.0284662834037374 -0.173764322001512
-0.035825468841503 -0.00275026711644686 -0.147510441698696 -0.197280210556085
-0.0132708265185633 0.0269640145522461 -0.259996396595387 -0.0280360968764802
0.00349590203938638 0.0153714490308442 -0.206401369394 0.128661603269776
0.0026972504639676 0.00921574788104206 -0.104448125808359 0.173978006690187
0.0101146761513379 -0.00131953456048952 -0.0359746022154608 0.176157110388504
0.00279573796653683 -0.0120628495309645 -0.0156330923231597 0.180692947625339
0.0148747590024705 -0.0167453017447575 -0.0395276547354934 0.178223589274149
0.0229233578563151 0.00422036192968328 -0.0901374325227541 0.155885327610815
0.0191533968946549 0.00771373493081672 -0.153135062479333 0.125511261153801
0.0234990507381339 0.0284102832031132 -0.247725179499596 0.0485269332835764
0.0103450467820496 0.0656900814846006 -0.320064722574091 -0.017683846623706
-0.0425860929185511 0.079247489170036 -0.333712974810648 0.0489674943564296
-0.0830968257551726 0.104354364334184 -0.22204245021951 0.0591839724006432
-0.00410277411120105 0.0781024811195603 0.0604299169583384 0.0511237230771185
0.0258656284026419 0.0374072226911387 0.047855963394586 -0.186761444449967
0.0406811370717448 0.0216121777275728 -0.138341108673098 -0.220435581214314
0.0542091675819882 0.00871737795443819 -0.264311102824173 -0.0456487841776338
0.0503954422069172 -0.0326120662342063 -0.207686288369328 0.111575511904961
0.0204016585333491 -0.0547447331661961 -0.103052074648358 0.154738205930238
0.0226773109824207 -0.0627513881486207 -0.0328391006857636 0.158071238083455
0.0255370757249816 -0.0772486465504971 -0.000487987262860349 0.160479169697684
0.0810710537039511 -0.0706900867628002 -0.00915293645529968 0.171023895530578
0.114436816035151 0.00193682685907542 -0.0542699145541743 0.171134424024347
0.102518287737153 0.0688722961755615 -0.13008244136115 0.15954742019882
0.0213972254817385 0.138424871636862 -0.229592196388765 0.0836864576592415
-0.0846052761768443 0.153021077740021 -0.281961148333308 0.00197092147113066
-0.161118170653754 0.125462678701895 -0.277286524563632 0.0401957017760629
-0.175425634893951 0.122707302561931 -0.175179261942462 0.0238345243428177
-0.0793387303268514 0.157167556705561 0.0954827947999449 0.0452015851262499
0.0323447801240927 0.127480036659349 0.090534681899676 -0.194361831978456
0.115235191792949 0.0613185246099831 -0.105897718716267 -0.247439287421391
0.125125087027043 -0.00390343985374172 -0.249362451101831 -0.0763055126072849
0.100397536114407 -0.0757029819473842 -0.194579625253428 0.0753523431181353
0.0410736650151226 -0.112476119726573 -0.0931396232569656 0.113375994051385
0.0315560918860015 -0.114889928920936 -0.0260508303871859 0.117554037110639
0.03705556718154 -0.128545228502732 0.0207530487662314 0.116522721912772
0.1210011132747 -0.120556997117389 0.0352328080957041 0.139195530937442
0.179905940235962 -0.0214797774589089 0.0102084486046239 0.169592821602755
0.183348369027469 0.0872825017355035 -0.0774105058916864 0.195551459110998
0.053007043333467 0.216254243656636 -0.191709702510654 0.129916669789995
-0.132837968171244 0.226864152433618 -0.234305497377215 0.0205314690248374
-0.241215442348577 0.165577608400918 -0.191475414834596 0.020405800206426
-0.249156435962476 0.113543622981343 -0.087866553890728 -0.00974512092304206
-0.164295122867708 0.208206706061306 0.149359098379206 0.0367981166111887
0.0128606341244246 0.211685072334787 0.149212978809376 -0.186459675608723
0.170787027734136 0.114251215822286 -0.0483874856980479 -0.259787892650535
0.18662761393755 -0.0053420248702113 -0.203419734948942 -0.108441242238892
0.144470939257626 -0.105624095576883 -0.160330248079346 0.0254875235355658
0.0601321508091 -0.155716785308978 -0.0729267619382133 0.054983369618955
0.0347737512656401 -0.15049538605907 -0.0143910775536909 0.0603801354766788
0.0370381827948141 -0.159014810695906 0.0413367540634065 0.0562400648300325
0.131773153424108 -0.154035045518732 0.0792431287748901 0.0865453090843497
0.209707495462074 -0.051209115979073 0.0810699050619244 0.142631141638644
0.235732168393199 0.0737065311266335 -0.00937207816367748 0.210229246294309
0.0898467717782352 0.24879353148641 -0.137757852708817 0.165238001267453
-0.142915257143518 0.26708658766341 -0.182713038388775 0.0274437600796351
-0.276888261602877 0.18417084862322 -0.0919850734252154 -0.0100085689246373
-0.2829248747019 0.081868786950952 0.0302054242830502 -0.0374506894913054
-0.233148583285344 0.211382429980266 0.212244245883838 0.0278523149155143
-0.0290996154520521 0.25964150062477 0.207223782559946 -0.158023885745467
0.186184814267791 0.162056899451839 0.0247255475742994 -0.245022338070398
0.219271392300165 0.00501569147497645 -0.126428416590677 -0.13226473746889
0.168746697351333 -0.115022994216783 -0.10474540515273 -0.0320171939420948
0.0715876380184426 -0.173952546610042 -0.0436229814148667 -0.013803886677998
0.0340001770397202 -0.164089003949984 -0.00113385812314906 -0.00419553313202038
0.0306335703034606 -0.166102895880816 0.05845511610627 -0.00970712733050981
0.121589292297414 -0.160992951358791 0.112961137966927 0.0246749856127621
0.206087288694788 -0.0681192926900001 0.138479630176549 0.10011075847344
0.246025611171732 0.0548371644734871 0.0513776386495341 0.20032195708088
0.102902360506836 0.244161105256819 -0.0825711577320683 0.17688443206316
-0.139858301046489 0.261549887143897 -0.134331146611463 0.021592946671847
-0.275977243067002 0.170575192624898 0.00599272779250077 -0.0435072407470892
-0.261719622125868 0.037262224067773 0.156884910600589 -0.0545828810609336
-0.252756577621818 0.166885274513524 0.270965082090033 0.0195931326583844
-0.069715748890253 0.247197265663197 0.248907091272215 -0.115130498312099
0.158447956713911 0.175790234953363 0.0917346312515656 -0.202632218666108
0.207563114801132 0.0169269366239928 -0.0374465628346916 -0.138138564402691
0.160422424185912 -0.101777371116033 -0.0385499365249371 -0.0859249908052346
0.0685812145382827 -0.161513911828301 -0.0122162609593075 -0.0809348519725646
0.0275011200374792 -0.150993470355569 0.0116114844156848 -0.0677747544096745
0.0208717618317622 -0.149297699024162 0.0699778574712739 -0.0710185004287131
0.0993282210467366 -0.143719462203181 0.135671358861766 -0.0325939931966744
0.178038761485127 -0.0670977251627544 0.177798794576309 0.0582290659113924
0.21942386984805 0.0449604199310527 0.0937819215602857 0.181030045376866
0.0851339016310389 0.216866674509692 -0.0396769213706927 0.171540765245823
-0.133831494851548 0.217363515106115 -0.0925401887281669 0.0105911496510646
-0.243120741858533 0.123443964679415 0.0905926571588848 -0.0692872688267627
-0.188129678161229 -0.00963698835548652 0.263011978153027 -0.061364363168471
-0.20954369049874 0.0909397813156059 0.310584366497074 0.0120691365004364
-0.079862489049816 0.178716123349694 0.268049192691138 -0.0735738624141451
0.104444463388759 0.14017158751933 0.136582423149583 -0.153851408101853
0.152678391387646 0.0160124206283839 0.0379516529724243 -0.13388262341583
0.11839532700154 -0.0733470153327721 0.0186958103738085 -0.128780152637741
0.0503222976304358 -0.120880764270202 0.0132198945134793 -0.135439026103533
0.0172308217274093 -0.114801857480548 0.0215430687684674 -0.119440569324754
0.0117392070210225 -0.112856970014411 0.0786852463726434 -0.119817713629004
0.0708885239664412 -0.108840691088781 0.152640357648327 -0.0773560024509086
0.135946873444235 -0.0546779689142231 0.204065258520855 0.0283477559619623
0.170463228695862 0.0415781072298577 0.119866607972909 0.165378813338542
0.0496102817608389 0.175669326072024 -0.0121487555410198 0.162805856577115
-0.123301784952652 0.149367147564838 -0.0608277113798039 0.00383402885705204
-0.18625389486377 0.0557435725854046 0.155560945135952 -0.0787167278725531
-0.0781838710124433 -0.0521473055269434 0.325980042924416 -0.0656065774716257
-0.115197876056542 0.00642590936188561 0.322131980194998 -0.00215263547777833
-0.0569282873011467 0.0768817155228878 0.269379183048608 -0.0513630078819691
0.0412616776275358 0.0661116852466769 0.15655685901654 -0.124348825628557
0.0684420979953988 0.00393662427464465 0.0795785779089167 -0.13364661514471
0.0519037828915349 -0.034468871055446 0.0483796228800655 -0.157382606992846
0.0216464297490272 -0.0592259674091289 0.0242911952660857 -0.167801073916561
0.00475131127546413 -0.0589607903756963 0.0262366758819276 -0.150948673446088
0.00287040347489054 -0.062226146855241 0.0834667858802206 -0.149099789583301
0.0369471270753603 -0.0643733891360386 0.166284854834944 -0.104113799141638
0.0829776746634509 -0.0387550936906635 0.224227033619554 0.0139024194513804
0.108675100993876 0.0361656514795404 0.137318163708053 0.159837075385511
0.0106447994083718 0.120849615888597 0.00210289970109179 0.159614333596072
-0.0991676388588054 0.069468702262553 -0.042491018813128 0.0050134192221756
-0.107651920037463 -0.018844750374719 0.194087297931141 -0.0690038174898356
0.0115379389657876 0.0612970100258442 -0.216657120872472 0.0924398065201546
0.0483849298118557 -0.0101662654102026 0.0504745029608091 0.0540299063307698
0.000540955216091501 -0.0394640201781485 0.0214954861688718 -0.168408792746667
-0.0342435337958405 -0.00170767836129505 -0.150941408691306 -0.185374361727024
-0.0110180600174771 0.0262858111653208 -0.253012577755882 -0.0165567176633241
0.00481513073455968 0.0145502465667691 -0.192717107708016 0.13383185704848
0.0037967539494287 0.00852989964363356 -0.0922230927942776 0.173484371507495
0.0104180677412163 -0.00246495460975406 -0.0262917151475996 0.171373567034097
0.00222874366656741 -0.0117970568885669 -0.00648688082023729 0.176600011186649
0.0132833827698204 -0.0175435128553049 -0.0293408046112695 0.175889632255457
0.0233814416127612 0.00258749704661044 -0.0820231837083407 0.155756138773233
0.0194812262137722 0.00649706961710033 -0.143923701887626 0.125503247346086
0.0242426706458824 0.0274062207536585 -0.240382498060182 0.0548486766478285
0.0126084619157492 0.0631715616993817 -0.310483690885254 -0.0052252818607578
-0.038989509911076 0.0775182736518071 -0.321141211955427 0.0597475070921237
-0.0773240031627744 0.104730655746333 -0.211764555564625 0.0667537739810225
-0.000824464954484526 0.0762420894177759 0.0628927218370824 0.0505566119230309
0.0266171174917623 0.0353995573339896 0.0394907572687403 -0.181192978197632
0.0400500033395171 0.0182738724976353 -0.143326298760362 -0.208909980348847
0.0535062502244904 0.00577425424903159 -0.25707356973948 -0.0336567248846348
0.0478032416323483 -0.0341381437002644 -0.194822560359253 0.117127706400002
0.0175290704520984 -0.0540560228920898 -0.0926410326911058 0.154388108561357
0.0196131835751843 -0.0622088285700898 -0.0243520089230774 0.154196057052315
0.0213338565277105 -0.0757094368060288 0.00771583677973772 0.156127616056121
0.0751397792830471 -0.0731599032290903 -0.00102595611414363 0.167430808560084
0.112473683533531 -0.00385272834823264 -0.0458947880118997 0.169124434200544
0.102992292030434 0.0630412047453952 -0.12038827825141 0.158698229607999
0.0272162224790564 0.134305011185254 -0.220731374985727 0.0880940536267183
-0.0761591653814662 0.151901130389937 -0.273483436585092 0.0127498818282866
-0.151564017089924 0.126992406883845 -0.267282452882527 0.0496069671276384
-0.166810750985869 0.124678962240696 -0.167677388675598 0.0318077617540923
-0.0701595968298455 0.156279726084765 0.0964592966680275 0.0433627955437775
0.0361862913602581 0.121575367837707 0.0813384237149007 -0.189921249024248
0.113446652496676 0.0533167285948704 -0.111831294531254 -0.235813875985183
0.121368374213005 -0.00969095621619798 -0.242629122236577 -0.0630682966039566
0.0939294796175201 -0.0785694389641857 -0.184485976048694 0.0814090372023509
0.0338808349261176 -0.110912520603086 -0.0855859296964611 0.11405661956965
0.0258399338809884 -0.112492076689647 -0.0197747785412829 0.114790340701039
0.0301174873025356 -0.125507492183469 0.0255325841566969 0.111872106673043
0.110844505883117 -0.123452690501185 0.0415338920399741 0.134804957618836
0.174947424666808 -0.0297675441292345 0.0163715353945935 0.165311511612163
0.182196923740876 0.0761089749005789 -0.067859648295083 0.192833871164968
0.060362132214263 0.207870297655152 -0.182829666754128 0.132206757306882
-0.120156283616177 0.226844392779963 -0.226893258110435 0.0287310557064633
-0.227086514549247 0.168858575320814 -0.18556973111995 0.0275660573682863
-0.238271991649829 0.118985594306602 -0.0840499364657562 -0.00477795939966183
-0.150689607134721 0.20922672544556 0.147969322084292 0.0333853010153884
0.0202364889841462 0.204362812702942 0.138428828597129 -0.184702240157403
0.169322858555911 0.102948002732066 -0.0562710483586426 -0.249773607803152
0.181041371676471 -0.0143084373555969 -0.198518755934203 -0.0952747733211135
0.13438978768693 -0.109232491994583 -0.152567893190164 0.0313734180962869
0.0499334573064135 -0.153075452860908 -0.0689672268899982 0.0560225256157276
0.0273219556931918 -0.147315336754378 -0.011115835169501 0.0596360999885254
0.0284671755390395 -0.155728121603924 0.0425262219662671 0.0529080324286965
0.119461600283607 -0.155734410884205 0.0820186355505802 0.0817986671421975
0.201859756950009 -0.0602974244527087 0.0850194281123641 0.136007432747444
0.231706643825932 0.0600916132801462 0.000453032760470689 0.204977445333451
0.0983190929521045 0.237607291854916 -0.127998135994635 0.164168860645139
-0.129425339141231 0.26575907175218 -0.176217976639977 0.0335976692347501
-0.26208964856751 0.188154411962064 -0.0915128836071406 -0.00498764332512866
-0.27218934736073 0.0889746072774809 0.0288293960271405 -0.0364548538992763
-0.217796783141843 0.215782969682157 0.208357338578715 0.0222090416132921
-0.0194325446624094 0.252345458087829 0.196679439176265 -0.158919221067957
0.186181849311093 0.148473099206092 0.0157661102186698 -0.237011722397403
0.212820975851897 -0.00523010505041481 -0.124934983609079 -0.120877427197249
0.157990090069725 -0.119027621617449 -0.101571497306247 -0.0275910987235571
0.0602800253650441 -0.170972776817621 -0.0443698473522606 -0.0119392492895361
0.0255299446674493 -0.160173547138582 -0.000646493250825131 -0.00354024241508754
0.0212805646763247 -0.161514703934279 0.0556782229556304 -0.0118506110166659
0.109965241076655 -0.162487609379519 0.111613045917568 0.0205683049510136
0.197504710478026 -0.0769950079910798 0.139009680669954 0.0921475777743202
0.239800358561577 0.0409350929246458 0.0592480314646323 0.193001220750557
0.110633230737251 0.231933958779459 -0.0735497821461166 0.173055879322452
-0.125162988283565 0.260379557279704 -0.129485159816444 0.0260052764739824
-0.260648309068063 0.175048397030364 0.00161210624500504 -0.0417984714704117
-0.253042260372105 0.0453168191766517 0.151102842285297 -0.0573932693499701
-0.238574541542143 0.172448745559579 0.264215165358836 0.0115204296900936
-0.0588227121407886 0.242017063289779 0.237824348584213 -0.118767492508649
0.159514750583525 0.1634959017907 0.0815579926719854 -0.19861059004821
0.201607140304587 0.00688318195605137 -0.0384759915696559 -0.130804740267785
0.150200687548415 -0.106049801990513 -0.0394110808417874 -0.0834919565801124
0.0574410729790096 -0.159188286671798 -0.0168851868674257 -0.0790018207396761
0.0196922940082179 -0.147334019568318 0.00888782930397793 -0.0653430981459369
0.0128303023657274 -0.144881311321538 0.0649456699387401 -0.0718849820480705
0.0892403408559736 -0.143657021920655 0.130984893682414 -0.0368761949624166
0.170018504541196 -0.0741202518236321 0.175112936916417 0.0487044954337376
0.213815935723986 0.032302687753639 0.099684913230182 0.172579721479042
0.0918344424405104 0.206251968305068 -0.031647273031145 0.166663533521354
-0.120545699624505 0.216350442845419 -0.0903573839670996 0.0137135829355263
-0.230689120015417 0.128274300478443 0.0818462971639615 -0.0700444054734689
-0.183154547243778 -0.00284367546676181 0.252979986016331 -0.0683185487761149
-0.199454288573228 0.0974727862465352 0.301902212085993 0.0027371667588598
-0.0718672694414047 0.176402948657363 0.257950083288836 -0.0800282113473912
0.106072372905679 0.131521723941597 0.126797799755616 -0.152613436190509
0.148048396849291 0.00865292601024901 0.0346353276685355 -0.129714456589623
0.110964287397102 -0.0763902601150771 0.0130495104223895 -0.128255604587872
0.0425890981726113 -0.118348604657434 0.00487798169399611 -0.132893253325726
0.0116671948618032 -0.111350921519227 0.0153979568007115 -0.115694694738185
0.00594785949802663 -0.109311458999374 0.0707585447152977 -0.119342133651689
0.0640469398980379 -0.108337300545522 0.145357593020055 -0.0806052092626455
0.128895405503719 -0.0591740220840917 0.199229298816795 0.0191645383571192
0.16578092342118 0.0321543937708829 0.124412484894263 0.155692158364509
0.0554229104425508 0.167128941826833 -0.00504391324983687 0.157694300050819
-0.113647499949104 0.14998026955265 -0.060365931619616 0.00567068692831211
-0.177754194966076 0.0597824487691554 0.14474272928889 -0.0818783997346013
-0.0774381760924868 -0.0471274611756459 0.314132148757287 -0.0747416363567371
-0.111346723136441 0.0112392556369971 0.312200053844785 -0.0125749190926306
-0.0526522842774738 0.0764775424576492 0.26049692147136 -0.0591647543670697
0.0422840322034116 0.0621805621028525 0.147116875845625 -0.124967133606126
0.0658569360297244 0.000898902595692645 0.0743274297917917 -0.13273877038096
0.0486344961614714 -0.035046012872336 0.040341975665191 -0.156863904882738
0.0187552923588208 -0.0573973059642379 0.0144305496052325 -0.16429629670813
0.00277578144905919 -0.0572121912863988 0.0188646148216307 -0.146511550035246
-6.14771609829239E-06 -0.0597237793813647 0.0738961416788217 -0.147551501406251
0.0336844533734904 -0.063680178256393 0.15733138875117 -0.10754751566346
0.0780910573090313 -0.0408206189967747 0.218138932194049 0.00362602501094856
0.105802985596088 0.0295013892890603 0.140675243200167 0.149468155686764
0.0153389396735798 0.116117215137418 0.00854404578471558 0.154179613166102
-0.0939020809233133 0.0709186461732154 -0.0424083790044991 0.00621475083263604
-0.104855761380267 -0.0149720903326931 0.183085186901616 -0.0744457561630866
0.00111621009547413 0.0577684229876688 -0.223225792825159 0.055693199094785
0.0463450361109581 -0.00208866415246258 0.0417967806369205 0.0633620707432564
0.00897098469232228 -0.034662303945575 0.0502125991738119 -0.155437774970878
-0.0277748056847949 -0.0064550877056281 -0.113727082623482 -0.202359336088247
-0.0105191282150453 0.0218306806990224 -0.239214319212308 -0.0580917910570905
0.00458343396658505 0.013638888412426 -0.206872807231821 0.0971229722966893
0.00368532629445654 0.0084677411277052 -0.119110509224959 0.151415223316025
0.0111956196682713 -0.00174362131672709 -0.0537569873314954 0.158309669220617
0.00486286252453676 -0.0106956276817332 -0.0343375437399299 0.168229539803028
0.0157783297950787 -0.0142563238829247 -0.05878113939801 0.162706693804552
0.0224786267892227 0.006029461112335 -0.105094976337541 0.134793947485733
0.018117180292463 0.0116144323725164 -0.161127988184063 0.0921355886526653
0.0171573444657965 0.0331035613490277 -0.242311757767006 0.00989227977387696
-0.00116567446283158 0.0645914518162726 -0.301331698283711 -0.0603253346020527
-0.0520537593182751 0.0662129529200816 -0.326500714215628 -0.00223207081475976
-0.0897254086276884 0.081975527816128 -0.21584850293887 0.0313386516312251
-0.0125682054712316 0.0716694286310293 0.0514872784540947 0.0601673104421229
0.0212207779023201 0.0395455493627413 0.067673399561234 -0.162909706771712
0.0371784330446984 0.0237626548020635 -0.102407701616806 -0.221270400479175
0.0535990839780112 0.0125835802577326 -0.240076793776455 -0.0728712059461284
0.0526781736442252 -0.0256435270437958 -0.205686145374925 0.0812972228506597
0.0264016067820498 -0.0483685404756704 -0.115239522288015 0.133010442576091
0.0300679308222439 -0.0573735802513857 -0.0491735809038941 0.141918347535476
0.0333777860573373 -0.0680938637815652 -0.0176967823897023 0.150846883979612
0.0837612372634086 -0.0573186716536279 -0.0275929157004447 0.159205152160819
0.108765858683106 0.0157055443720668 -0.0706594323303984 0.154468093779211
0.0866825778410559 0.0791593670155023 -0.141086326657956 0.130880232586418
-0.00126618581907214 0.136610787036747 -0.228623211912433 0.0490552076196107
-0.101931239835436 0.133352532312716 -0.27184787851216 -0.0353709479462809
-0.168177207485848 0.0920209616375727 -0.273076064689144 -0.00126755796975696
-0.177697597207648 0.0859503702839916 -0.167896173931103 0.00427525713162327
-0.0902240129571998 0.135961014402346 0.0823251335318062 0.0561483453680841
0.0156067677072255 0.122370763545211 0.106438004398182 -0.163587380371105
0.0993023710429747 0.0680143255094949 -0.0685779004079379 -0.24075890115374
0.119107238620718 0.00929384034902267 -0.222390191211536 -0.0982944576927107
0.103135622237453 -0.0598813864311696 -0.188971636521297 0.0503005468945254
0.0500546998884261 -0.0993035998519595 -0.10120930279764 0.0948682982370442
0.044402849941605 -0.104576909403258 -0.0381881737863145 0.105736731999674
0.0503516385352704 -0.114115983424803 0.00626039925757105 0.111324099661042
0.125658823136258 -0.099041525763217 0.0191349613993846 0.135202709089702
0.173008632410319 0.00143012756245583 -0.00749730772465741 0.160468972310681
0.158578656382368 0.105627697668208 -0.0934984220067701 0.174149647506747
0.0172659362453628 0.213829923890828 -0.198119563546636 0.100189969803102
-0.157795419334743 0.196354750889732 -0.230291499749033 -0.011276097535787
-0.248817656950298 0.117523781412342 -0.190080005064546 -0.00651053600355757
-0.244349766240033 0.0689564490623366 -0.0826530522235878 -0.0169383530293127
-0.174662189670684 0.174083164914916 0.131596470655981 0.0514306072897803
-0.0142721842177929 0.198049759079374 0.157309239810876 -0.149765078183187
0.142218191626741 0.122817747782999 -0.0140569313975061 -0.243820332170831
0.175762957414364 0.0154412610711586 -0.175005316316776 -0.121641180412417
0.145775095688282 -0.0822116632735879 -0.150118894923458 0.00776341635071848
0.070912769444139 -0.136570676384807 -0.0751174061401286 0.0413282496171983
0.0514850806175883 -0.137592241076129 -0.0209022678812544 0.055090641068273
0.0534654772226111 -0.142691993989549 0.0329298934734949 0.0574229773169432
0.139619173878154 -0.128510497558272 0.0673473278131881 0.0917277964273619
0.204257375277416 -0.0229131232755728 0.0642952382256792 0.143151820574055
0.208220224456095 0.0992583403347645 -0.0291110624022796 0.197307093935145
0.0479859208207277 0.24917172396926 -0.149282529255878 0.141748852991144
-0.173073985430807 0.232532268776684 -0.182535248209537 0.00246976994848685
-0.284860436906585 0.130400329308468 -0.0915253482202821 -0.0210267367390675
-0.271139427557794 0.0367812320487214 0.0310125653404658 -0.0291773268281479
-0.238673340324241 0.171372206177573 0.190709770680041 0.0484267139835631
-0.060012842715178 0.238017014885903 0.206803305326323 -0.117023158366229
0.149480919342466 0.168966201363561 0.0518868170072846 -0.21884645014344
0.202535973263022 0.0299969084643422 -0.100845962381947 -0.134058131926575
0.168790642027578 -0.0870492249930855 -0.0910849874672947 -0.0399871490030691
0.0823802538474989 -0.152016535429811 -0.03985046927964 -0.0198788404618872
0.0511408434224124 -0.149961285046995 -0.000489620090517299 -0.00239807896801497
0.0476721539392037 -0.148341626497808 0.0563474425347265 -0.00219659004271648
0.130868870335527 -0.136113896115566 0.105962772724664 0.0381496688216312
0.201768031804947 -0.0393709938828517 0.123365669849039 0.109416772260799
0.218967449529473 0.081339696180685 0.0297597574766534 0.196792220858136
0.0610288948468494 0.245186071342468 -0.0972599250902258 0.160127500510059
-0.167491552608157 0.226609249099632 -0.136109280029216 0.00308757572929079
-0.281425086593508 0.117713176455101 0.0061694300787632 -0.0386896674481142
-0.246078734200581 0.000151116012681408 0.151344341090444 -0.030299485105749
-0.252192223367318 0.128248991672048 0.246689239817969 0.0468523090594924
-0.0964211547419807 0.222139049084198 0.239709331115336 -0.073811133475566
0.12161611233591 0.179164628509685 0.108413943482164 -0.171741888043402
0.189111410240603 0.0399725604029085 -0.0162561757500886 -0.129245542262105
0.158912586483212 -0.0757559173163033 -0.0229347027933034 -0.0850711292954208
0.0780296087984903 -0.141291771618898 -0.00207723731740441 -0.0798595014255542
0.0433232882216402 -0.138937907566244 0.0188880056520672 -0.0592398430382196
0.0369251972263885 -0.13406318888524 0.0746400029414771 -0.0577450756963391
0.108479288411333 -0.121655481112721 0.133553037113296 -0.0126360403557811
0.175166315706641 -0.0411684933040586 0.164004764048675 0.0745599112537971
0.194941837998528 0.0678414230012408 0.0716285994090039 0.183763398484504
0.0486131737764081 0.215592160077422 -0.0560136412876272 0.160471393318906
-0.155280357573488 0.185086921293421 -0.0950099773936494 -0.00214197055110048
-0.243809762195681 0.0783515376249496 0.0908181106969876 -0.0521560936934471
-0.172668177786488 -0.0313401871898907 0.252647383281164 -0.0239158811820011
-0.204166432365808 0.0643405704862937 0.286812959417073 0.0457881273653261
-0.097909624998724 0.157769339611523 0.252911867366463 -0.0334670581797553
0.0763767921915457 0.141401709279595 0.144144371121841 -0.120674883131417
0.137449977491383 0.0338602719751498 0.053673532590237 -0.117295976683642
0.116407806581662 -0.0533264217169726 0.0347303253479782 -0.12010498076573
0.0578346566024169 -0.105370832429267 0.0278967743085497 -0.128624448622662
0.0295589489526236 -0.105212186440921 0.0339710483061843 -0.105714447923858
0.0247676082610278 -0.101428680722192 0.0880540286956611 -0.101495493347038
0.0781904493073869 -0.0919518531277827 0.153594381717134 -0.0515366266202482
0.132883225357704 -0.0343052283231042 0.191707204117312 0.0504530671218285
0.149813021759983 0.0586774893721108 0.0973970753965907 0.173088189261219
0.0213787425652629 0.171142577869058 -0.0295430208499384 0.154893999049995
-0.135760861132892 0.121805943008067 -0.0645070197006375 -0.005560690370267
-0.181164820353855 0.022856267391588 0.154281869240777 -0.0526974466869526
-0.0662051572155839 -0.0539303540512591 0.313453584089414 -0.0206749081114497
-0.108452213890008 -0.00322211118760168 0.301527537811152 0.0363807101553886
-0.0643156069282815 0.067087959786395 0.255618221105906 -0.0129822332544278
0.0280014832626191 0.066966082858169 0.160360293503639 -0.0919219260297202
0.0611464236676117 0.0136180884982455 0.0933600999646646 -0.113663808210215
0.0509079304307157 -0.0237126317832706 0.0652060022570008 -0.145132072572339
0.0258265436563172 -0.0512431951982935 0.0415522718152335 -0.157144754268231
0.0121593036171917 -0.0544804442546147 0.0425170749029879 -0.134795961124477
0.010513034744471 -0.0558394021914412 0.0961988818843732 -0.127343623816802
0.0420664936123755 -0.0546299436077942 0.1686400068587 -0.0748197099137716
0.0806429473931606 -0.0252270026475662 0.209860927978749 0.0389712847534196
0.0943619869160166 0.0455604752302831 0.112341882180193 0.16934690236679
-0.00722971286782909 0.114296460929896 -0.0175801765591995 0.152486729409211
-0.102886144534226 0.0499535295813109 -0.0459122146457457 -0.0016261834568575
-0.0981194575973122 -0.0347096186530824 0.191062393747334 -0.0382432559500771
0.00283675642777218 0.0559726237770808 -0.21274438905851 0.0614229092184562
0.0447154448631389 -0.00366384942064843 0.0451010728848259 0.0611132804179411
0.0080791447039953 -0.0340053962337239 0.0436604997751895 -0.150406189728931
-0.0272202076801711 -0.00565711007267195 -0.116961169500382 -0.190381229913936
-0.00836055078052787 0.0206564788724207 -0.231465095400149 -0.0471587180713125
0.00573986187202843 0.01270367740469 -0.193724246028949 0.100681815268714
0.00409564207523417 0.00784525146549325 -0.106477352178828 0.150853618691919
0.0115241616228153 -0.00290214605174576 -0.0444489702298656 0.154131914797146
0.00445918105894383 -0.0104494081084711 -0.0250745800734193 0.163163222288942
0.0143569235706344 -0.0144933185093484 -0.0490016031339631 0.159866936739373
0.0229629894695758 0.00462960748055759 -0.0974293551967829 0.134453801739758
0.0184144391957857 0.0102020072730097 -0.152336737938448 0.0924584984910581
0.01788552255293 0.0323179835871101 -0.233350703981527 0.0156250077217145
0.00143977802427132 0.0614325561379067 -0.291500817146836 -0.0473245090675675
-0.0479205879302067 0.0641350865748926 -0.312953757413835 0.00901643359689513
-0.0842298203539376 0.0821163001403912 -0.20550988188075 0.0382325275547786
-0.00913893309806678 0.0694278812139486 0.0537981187991254 0.0584587121105505
0.0221609051313146 0.0363859659867894 0.060368054862185 -0.157348453339343
0.0366169805491953 0.0204066635102276 -0.106145619716687 -0.209275312956416
0.0525810884679342 0.00922543582231948 -0.232893372276028 -0.0618262036256592
0.0495808342599737 -0.0274852661538045 -0.192699247576781 0.0859547132530123
0.0231318615368067 -0.0474478369637986 -0.104701553594127 0.132901661002753
0.0266628024488554 -0.0576226787201751 -0.0412219924680465 0.13855563493589
0.0298547438970407 -0.0667588881139709 -0.010215891847007 0.145711430806489
0.0777740757311821 -0.0587857983082516 -0.0196097705211321 0.155926581158821
0.106399581189213 0.00973519859714864 -0.062749218266065 0.152211119212663
0.0872089198683574 0.072873192715527 -0.1313259084538 0.129557726659477
0.00421495949483366 0.131653197118184 -0.219667654269128 0.0536900282060592
-0.0933572098120504 0.13131295835544 -0.26163343424864 -0.0244241112772997
-0.158947654318396 0.0922883923305075 -0.263158044065602 0.00899130510352804
-0.168511255038712 0.0879307899344791 -0.160041682375242 0.010745914740037
-0.0814638435019659 0.134634100273523 0.0832191454647953 0.0534393548743423
0.0186866803795898 0.116855137265783 0.0972333746942819 -0.1596962640843
0.097452740922971 0.0608832738052491 -0.0738133121950459 -0.228235027500594
0.115312289649221 0.00344755762944753 -0.215464993154904 -0.0857465070026585
0.0966073859659121 -0.0620827902540994 -0.178279615483669 0.0545718509019757
0.0437124995429932 -0.0971595844694853 -0.0935513978615617 0.0956566356042696
0.0385586353926367 -0.102839729750355 -0.032451098668637 0.103070826509449
0.0435214720157447 -0.111330862347024 0.0113005916729626 0.1077495388133
0.116552349161628 -0.101332328154261 0.0253548576908009 0.130325479874571
0.167719526091288 -0.00684291339710872 -0.00121864685835039 0.155673546849203
0.157077865372345 0.0948528291930919 -0.0838132965389646 0.170339205914999
0.0243205767998641 0.205102086434206 -0.187917154422734 0.101755833283005
-0.144864976080751 0.195163024271155 -0.221469925731896 -0.00323425207776439
-0.23447208187775 0.120530340183012 -0.183812242990256 0.00106943301696264
-0.233412126940473 0.0738205365991232 -0.0785660167214382 -0.012833957221066
-0.161266334340342 0.17464954119732 0.13029979410726 0.0475895878922905
-0.00721308559619324 0.191177603556929 0.147054840993377 -0.147497373177762
0.140722931161325 0.112277971830011 -0.0212816099997067 -0.232877797709279
0.168810520832134 0.00743988934240516 -0.170727970402974 -0.108887456121282
0.136877038072379 -0.08555855857895 -0.142246289292162 0.0117619735596799
0.061518530917833 -0.134303594950549 -0.071020443481314 0.0430756756643493
0.0434699568437873 -0.134393228462198 -0.0173138820766758 0.0539849185798799
0.045825843985555 -0.138299950679581 0.0339941719580024 0.0543712248205556
0.128037579508662 -0.129673965694649 0.0706964127128207 0.0864573548492066
0.196322312937079 -0.031932326970629 0.0670503477331345 0.13571349117884
0.204072840355948 0.0855756771505778 -0.0205419342701887 0.191259043038455
0.056144808212497 0.237727628969621 -0.139180850586911 0.139845883722336
-0.157828154651868 0.229993161491707 -0.174885675071094 0.00832442249702211
-0.269426697337283 0.133514366192539 -0.0900343661236457 -0.0158802108867024
-0.259747926504542 0.0428779339292391 0.0299437687071616 -0.0279587420812918
-0.222803068489693 0.173662080776254 0.186432495769143 0.042740925833937
-0.0500974308952463 0.230789919123584 0.195056119916326 -0.11731042544825
0.149326793237663 0.156288114949609 0.0432042888755244 -0.2109489239834
0.195613461908632 0.0204097885288053 -0.098519887748349 -0.123343558132542
0.157939670131774 -0.0912597419156976 -0.0878733598883129 -0.036964376772687
0.0716214623940541 -0.149215914925123 -0.0399308270210277 -0.018275365075874
0.0426512688307892 -0.146496843367606 0.000132102344140302 -0.00251159680424849
0.039838665678258 -0.144290014985853 0.0537114122615933 -0.00335377178325437
0.119159710176528 -0.136384390491093 0.104980086007812 0.0334090968605267
0.193096284104208 -0.0471084673821452 0.123204966631048 0.101141529676797
0.21318213994517 0.0676887870413329 0.0367138755580063 0.188726671424021
0.0686137133910357 0.23343774344662 -0.0881439214473096 0.155892354948723
-0.15291618747728 0.225052876298519 -0.130161325685817 0.00687883624020379
-0.265136737488645 0.121616049067726 0.00234001898463826 -0.036942453463898
-0.236754225525993 0.00773277552695501 0.145638840430965 -0.0329339699969184
-0.237597833494909 0.133080327461872 0.23976463986028 0.0387460516491497
-0.0848383335902588 0.217321998661283 0.22784263470819 -0.0770612194939844
0.122856569245521 0.167056290564483 0.0991265796507746 -0.16666157241892
0.183366036775316 0.0305918556531217 -0.0170303922610093 -0.122390482798454
0.149165987706091 -0.0794974123253374 -0.024370028999741 -0.0829754250514846
0.0683284592215484 -0.138095083845822 -0.0070203606795791 -0.077825118055277
0.0360163760323642 -0.135737283688204 0.016263579958199 -0.057329850623048
0.0299245608942648 -0.129377559027771 0.0689183503295119 -0.0580926090266204
0.0979971166637524 -0.121268017375277 0.128594046258021 -0.0166762588444353
0.166369146175322 -0.0477222694754976 0.160964286484662 0.0654793771214054
0.188709809581189 0.0558387204192575 0.0776386261619253 0.17522136800444
0.0552623126132219 0.204795496754616 -0.0476894345625777 0.154404800192904
-0.142164000542177 0.18390363539395 -0.0919423300309847 0.000927793638138459
-0.2306462906037 0.0823281927020096 0.0825300916845704 -0.0529706695788243
-0.167118182629537 -0.0247545264453316 0.242944180192984 -0.030352831633019
-0.19420945907136 0.069972810416938 0.277086489562286 0.0353709685803243
-0.089188964875874 0.155668061122549 0.242838072466131 -0.0388890133022801
0.078296156792382 0.13274823459686 0.134748646961813 -0.119182054562378
0.132968080502746 0.0268926311385758 0.0504841222958268 -0.113725655791092
0.109343588263711 -0.055348671858114 0.0289548402055947 -0.119435584380013
0.0503388050210895 -0.102816074292343 0.0195229822066681 -0.125104340139214
0.0239478081018978 -0.102569859024587 0.0286133125661317 -0.102523536822812
0.0192640706118918 -0.0975914372448885 0.0798609696908171 -0.100563054003739
0.0713509764307557 -0.0914486262626781 0.146375441471867 -0.0553066564969459
0.125601391944632 -0.0383894928647085 0.185600690299494 0.0405693650795928
0.144731350248879 0.0490163176802123 0.100746995143754 0.163440497129729
0.0271219320670086 0.16301791065969 -0.0223185074828856 0.148718050840473
-0.126636563863112 0.121416312424447 -0.0624209312186851 -0.00263756792239068
-0.173274757247373 0.0273998578371474 0.143844686639081 -0.0558674723189521
-0.065200644412695 -0.049564178979322 0.30087606595753 -0.0292001564464203
-0.104647225319409 0.00130280297421693 0.290714911322294 0.0261508909247052
-0.0595534488917802 0.0675745759371403 0.24514398623659 -0.0204786321228925
0.0295004790676344 0.0636703628565794 0.151301088821784 -0.0913533101513423
0.0587660665191566 0.0102456040275706 0.0878851136512475 -0.111988954178059
0.0473259366848126 -0.0246670228174451 0.0562975642749859 -0.143996278251321
0.0225191616490841 -0.0499483046748484 0.0321514121739351 -0.15368181034835
0.00951304569645748 -0.0529989131373229 0.0357833237173097 -0.130204290506184
0.00806243995231734 -0.0532237971255605 0.0869693618944352 -0.125618336791816
0.0383390013967727 -0.0539507743667271 0.158675696561794 -0.0786713773398883
0.075647472096218 -0.0275055488162245 0.203422806687989 0.0293278508209541
0.0910566804805078 0.0390316440820265 0.114932384648648 0.159135026272839
-0.0023990811183519 0.109188409308427 -0.0112589055966986 0.146268756531437
-0.0968740826085052 0.0505502544173203 -0.0457731806403175 7.81647295864251E-05
-0.0955057615405787 -0.0305733654427745 0.179906973121346 -0.0441063957806201
0.00351298233739738 0.0541347569615206 -0.203062839819559 0.0645483375846859
0.0431541731260955 -0.00508243052219689 0.0466806665773957 0.0594567356084714
0.00757500207738747 -0.0331056339933689 0.0398089984805464 -0.144691384749083
-0.0259535335026354 -0.0052094703658084 -0.116716761769353 -0.180654611901343
-0.00731224717477155 0.0194662692578986 -0.224100618965531 -0.040883299971021
0.00625253773339974 0.0109706092368402 -0.182602567195532 0.101664014048175
0.00482344879637301 0.00704085928591013 -0.0969223065272928 0.147963437225831
0.0113017275902802 -0.00399937923533151 -0.0383231404847062 0.148671224776732
0.00506501546755541 -0.0102188895761294 -0.0188327692149707 0.156990294517858
0.0134568102185079 -0.0141492630506928 -0.04230907314238 0.155934926348697
0.022635212567144 0.00363765370889759 -0.0915723119223861 0.131714997090054
0.0179138799001744 0.00966943470187167 -0.144874014110995 0.0901230578754199
0.0183128409977971 0.0308577546946259 -0.22522056120256 0.0180075167732379
0.0026317079060075 0.0586581012559665 -0.279490153074542 -0.0403990469214809
-0.0454275570649685 0.0616733354725487 -0.299687790456856 0.0146456111848448
-0.0794576274414778 0.0802020370395709 -0.196137763103129 0.0412803084864562
-0.00667966537130772 0.0666880126464932 0.0554444122627823 0.0560926464234379
0.0218664683496629 0.03405485359132 0.0555023915572214 -0.150930594721478
0.0351561088691352 0.0180289054682305 -0.106300085823363 -0.197853925351049
0.0505921522685572 0.00665925336199664 -0.224495513525526 -0.0540425343427329
0.0474572684914581 -0.0281241876744314 -0.182806226092214 0.0869714333044098
0.0210563312486053 -0.0467147043783171 -0.0964420498127541 0.130208771264551
0.0244271250534483 -0.0566643758652574 -0.0358512084603055 0.134541803310746
0.0270813624467469 -0.0650270318281919 -0.00458471937574442 0.140878457189416
0.0725229618727024 -0.0587592148038716 -0.0129396047103192 0.151165546600421
0.103191421402779 0.00561513305703686 -0.0574269899733214 0.148249460971884
0.0853780735280822 0.0666003335424274 -0.123538653156284 0.126670444197113
0.00742103240702603 0.126975995065937 -0.210556660089836 0.0543152642991077
-0.0870186640124555 0.12811790827473 -0.250501566296347 -0.0187949859241319
-0.150679802559463 0.0902092760571552 -0.252135842887525 0.0141648211176463
-0.160754595120011 0.0872381675701567 -0.153259164977078 0.0138056906399196
-0.0750906099907868 0.13141881435114 0.0834392652675338 0.0510988415408991
0.0202575525911353 0.111443363973919 0.0918772368036748 -0.15332285518294
0.0944531077945295 0.0552170807681843 -0.0750298828383053 -0.21714851002438
0.110912637012286 -0.000518306466184149 -0.207492559018967 -0.0774075871872774
0.0906540487050701 -0.0629008869680851 -0.168340215089648 0.0558558045043287
0.0387219063940403 -0.0942536799497918 -0.0871866096055856 0.0940888331768089
0.0341570156619575 -0.100833586648914 -0.0278793826773761 0.100561076256166
0.0390608947616198 -0.107895742611678 0.0145813499256476 0.103219216220079
0.108510227198068 -0.100939523637034 0.0291956558933951 0.125380589829181
0.16249894367567 -0.0116334114048792 0.00207165913616874 0.150323339601693
0.15355305007088 0.0858053745958057 -0.07627073710301 0.165402578174594
0.0287884801441437 0.196664931976627 -0.179110632286915 0.100068906374662
-0.135092134611584 0.191424996626083 -0.211517221509685 0.00133965487332393
-0.222674598245897 0.11786609581868 -0.177370816669266 0.00563697482515202
-0.223333370475587 0.0746615264329974 -0.0744273275247929 -0.00985117965452606
-0.15035482938619 0.171653283662937 0.127993032813506 0.0451735747322156
-0.0038467023900525 0.183343691807748 0.138789233621696 -0.142430503646579
0.137226968668146 0.103693767786286 -0.0238619973213597 -0.222863703937089
0.162124785008139 0.00222750920235115 -0.163740230328163 -0.100242814278312
0.12837201198091 -0.0863466860302013 -0.135715059012226 0.013553456358746
0.0549917783748789 -0.129942579940004 -0.0675903591503893 0.0424590629335968
0.0387062135828637 -0.130964923689841 -0.0145603736346372 0.0530276866243302
0.0400340263864621 -0.133736885973126 0.0339652528088099 0.0521130145644725
0.118360438065826 -0.128662821939797 0.0715365541127704 0.0816160282326138
0.189092333380806 -0.0370722096816066 0.0681032982252361 0.129280075665745
0.197454532525729 0.0757058745204047 -0.0144398642705479 0.184451018996246
0.0599122849698761 0.227327475055766 -0.131206419854946 0.135688436798324
-0.146365819134773 0.226142513831697 -0.167250893004028 0.0106102716732827
-0.255145319168805 0.131363088523386 -0.08855838703586 -0.0125138112474516
-0.249775521147567 0.0461462017576057 0.0295237933153909 -0.0267024209388449
-0.209403644768174 0.172950216582715 0.181374140755955 0.0395213508292335
-0.0436222299096415 0.222810885888892 0.186109387260696 -0.113935392025453
0.146210456623168 0.145887418341228 0.037902871821101 -0.202163385950641
0.188052333307947 0.0141568611713782 -0.0939179352198704 -0.115480081766077
0.148812755083609 -0.0922520802147811 -0.0844363680842851 -0.0353765418594622
0.0638927368612505 -0.144335403654382 -0.0399617294428826 -0.017339778216476
0.0369803198611202 -0.141930606265236 0.000408758947768746 -0.00178227078090361
0.0342292060378665 -0.138816473766192 0.0515508093445491 -0.00451475380684516
0.110287789551522 -0.13440493412021 0.103558581552642 0.0296468399498104
0.184455836284122 -0.0518415345194002 0.121280678579677 0.0937820101040612
0.205059440034038 0.0582126848509644 0.0410723174221245 0.181435457044554
0.0720861838468537 0.222055016536594 -0.0815236536139865 0.149360149299715
-0.14221682637875 0.21997810082699 -0.125275281403199 0.00978471393954521
-0.251782954475854 0.12049981429294 -0.000381788175814241 -0.0349445171450935
-0.228331727872968 0.0114081566209762 0.140195929394771 -0.0333323534888679
-0.22457553442074 0.133713919863328 0.231550524152488 0.034583695140202
-0.0777734210511739 0.210671083099292 0.217469791263135 -0.0760472247580651
0.121151153300347 0.156847309901171 0.093348064426861 -0.160734668770802
0.175668631649158 0.0239315427323337 -0.0157448019993996 -0.115936274547011
0.1402767017738 -0.080077339372216 -0.0251639813932956 -0.0811028829355179
0.0611535465218482 -0.133401236352531 -0.0106908982895947 -0.0754133722981046
0.0301326925326673 -0.131076352055041 0.0147766564848373 -0.0553901980605691
0.0253105235251024 -0.124519841773113 0.0643669053659394 -0.0570047212479415
0.0905287244214581 -0.119101301519567 0.124104225022639 -0.019663660705691
0.158472132437085 -0.0509957228492593 0.156751020061752 0.0585436378078976
0.180743111894501 0.0480161545792548 0.0803178681612011 0.166662065398366
0.058222243599566 0.195074740624233 -0.0426114622026613 0.147945658791036
-0.132809501067458 0.178885889361631 -0.0890566845956258 0.00288307650295973
-0.219588179067769 0.0825524293399548 0.0757298715133305 -0.0516716151324172
-0.161370879653046 -0.0209165437494916 0.233206902246515 -0.0328686383072694
-0.184819925481831 0.0719656457699573 0.267200466677343 0.0308517069715894
-0.0824667098770611 0.151930550062793 0.232200610627203 -0.0404873615883773
0.0781582584799766 0.125617950634109 0.12867740813256 -0.1152099116563
0.127853089875895 0.0221133810031579 0.0489144616623068 -0.109345960708795
0.10308690594302 -0.0557418187768536 0.0244479846518131 -0.117526936868054
0.0455450618691074 -0.0993719120732459 0.0135747372157806 -0.121831643618741
0.0197736928870418 -0.0995034005762843 0.0247105679601766 -0.0988737430591339
0.0160310870726661 -0.0930889061647663 0.0737352153762556 -0.0983261351638395
0.0657267230123413 -0.0893435615268116 0.139197641400092 -0.0560625284967821
0.118827471586225 -0.0409537635311674 0.179997616240358 0.0342196648930046
0.138700341675105 0.0424252331104633 0.102651824841247 0.154464255488308
0.0298771914213073 0.155761307185466 -0.0187303600766704 0.141888450024717
-0.119267200354168 0.119370827012568 -0.0611113405345046 -0.00116113549170757
-0.166100154933264 0.0288229642342038 0.134283184464873 -0.0560334330753795
-0.0637096311252383 -0.0468624807920975 0.289328728704219 -0.0328668201382199
-0.100032214136764 0.00356605501221113 0.278443006571425 0.0204677040170544
-0.0555750259555839 0.0663235309970526 0.234768308200571 -0.0234371322406484
0.029893747145157 0.0603814422013486 0.144102438088107 -0.0890789328980636
0.0562144125301227 0.00867494205417051 0.0844765842028894 -0.109030881907052
0.0446987197125882 -0.024345209794383 0.0495458410843945 -0.141663270408192
0.0201019459820779 -0.0478530345941069 0.0249732246600408 -0.148729186817116
0.00722316731677 -0.051514265424905 0.030937842898474 -0.12490643345533
0.00668113622699959 -0.0507271190599235 0.0802385944633934 -0.122574636087217
0.0353335556954339 -0.0526033347188194 0.14980012231845 -0.0793104095010689
0.0713806865814314 -0.028071786712787 0.196317756735478 0.0224052251630738
0.0870901926805301 0.0346154166546577 0.11522850351155 0.14979237054236
-0.000241482959920613 0.104412740859973 -0.00821104124108929 0.13945496832566
-0.0922937287032978 0.0498263758547597 -0.0449494476209802 0.00128191663583266
-0.092875688791976 -0.0271486838729174 0.169367449631457 -0.0462945037477468
0.00414210044064299 0.0530334604817397 -0.19615442653124 0.0640532317136595
0.0418488799041313 -0.00582021424184206 0.0478865250363592 0.058357838509345
0.00720089058676971 -0.032784054644618 0.0388393092647939 -0.139910954998058
-0.0252700089101681 -0.00497988841279015 -0.113881038649843 -0.173691750849443
-0.0065846196750087 0.0179952090616089 -0.218219816629645 -0.0380198039623489
0.0064766282451801 0.00977504142798009 -0.174732504485785 0.100258201790045
0.00508610338011064 0.00616349471482545 -0.0908104695638466 0.144317447957469
0.0110740879637037 -0.00483452031826238 -0.0349976974547571 0.144699209749741
0.00503644756333239 -0.0104450300352115 -0.0149739331395363 0.15369523107125
0.0133601143043725 -0.0140264126310202 -0.0384196314622144 0.152480172522224
0.022661479985461 0.00314315004287978 -0.0884761729302592 0.129308208484944
0.0174725851271732 0.00928166301636757 -0.140501665513454 0.0867564029428568
0.0184784465332588 0.0306757694619621 -0.219124427816296 0.0173657015887858
0.00344450466316437 0.0559675681981807 -0.270101633874266 -0.0386085520265713
-0.044519743233424 0.0587162467764474 -0.289140134957319 0.0148596059807458
-0.0773880384558301 0.0781920589151606 -0.189342243097696 0.0419145018444674
-0.00552601249590989 0.0645635724306004 0.0567294393548842 0.0556340189374518
0.0214643448358095 0.032316276723796 0.0537522238848902 -0.145834208406282
0.0341680116059269 0.0161348263132904 -0.104097289083013 -0.191268285646796
0.0494142313584676 0.00487413209205933 -0.217620240253314 -0.0516637599871715
0.0456972578065101 -0.0289748531211847 -0.174732824707743 0.0857193708624281
0.0198054103984028 -0.045411464937799 -0.0907470242781022 0.127319323915879
0.0228786935557757 -0.0560564821213009 -0.032529297564455 0.130848532641484
0.0256402386219572 -0.0638007165624897 -0.00195410628358114 0.136928141723452
0.0697220321734981 -0.0587652000111918 -0.0102831564744185 0.147392358878198
0.100748083637872 0.00347450228140476 -0.0550209539543166 0.145487639728532
0.0834394137238822 0.0643154040725199 -0.119373297517146 0.122357147014045
0.0081975485095163 0.123395145062488 -0.205078868656693 0.0520941787296485
-0.0835632887868474 0.124877705351962 -0.242525233683264 -0.0174715258477945
-0.146501195745528 0.0860363332243983 -0.244268404854692 0.0153307475779617
-0.156507287288591 0.0850310363444468 -0.147070564037052 0.0149932600965923
-0.0712057073868487 0.128032887103295 0.0833663182515966 0.0509905042584495
0.0196380748202209 0.107504599473085 0.088511554936373 -0.147419767015398
0.091483269816125 0.0517521989466213 -0.0735281374157136 -0.210269109902591
0.10720128287433 -0.00213472643555722 -0.200112067502278 -0.0736605324493812
0.0870950610408979 -0.0629477567316616 -0.162274802803266 0.0547886786539627
0.0360747046655821 -0.091967647929311 -0.0832361968102089 0.0919864086501812
0.0315100917589906 -0.0987181305642103 -0.0250470749675869 0.0979764256936701
0.0364920902208538 -0.105618915789603 0.0155930672462942 0.100450119574066
0.103557371887353 -0.0992319647178782 0.031838923610813 0.122078580498147
0.157671018668485 -0.0147414078602608 0.00286459430567262 0.146528694757073
0.149250668543897 0.0813187780649905 -0.0719752439849068 0.160439780461537
0.0297851192481557 0.190830227523533 -0.174091305422085 0.0962180102832008
-0.129303281139655 0.186911315103187 -0.204898787323078 0.00174189908283089
-0.215761339517646 0.112848934669663 -0.172369163140373 0.00725021099367582
-0.217061652459651 0.0726445141441491 -0.0711854736738069 -0.00900149185560589
-0.144013879339807 0.16842462070949 0.12645023294389 0.0449937817021864
-0.00290156100621926 0.178042810317938 0.13467707814215 -0.136695628221292
0.132349648095431 0.0984344332067677 -0.023662465976546 -0.214854729779781
0.157513121823751 0.000152500595264649 -0.15699885698846 -0.095824956649445
0.122923574698041 -0.0858641704735622 -0.13060193497275 0.0130596306017178
0.0510794458013175 -0.126213491952868 -0.0657724638303329 0.0410560032344007
0.0347602448616765 -0.127958212546951 -0.0127993351444516 0.0514809365517137
0.0365616806889627 -0.129610498882523 0.0342852067676284 0.050762695116701
0.112695259175192 -0.126302435495195 0.0720522395596259 0.0787387604291729
0.183050845605184 -0.0398426092160998 0.067009141190445 0.125394315226332
0.191524306346909 0.0702792666007258 -0.0115446103965394 0.17951521761837
0.060560732495172 0.219904112005271 -0.127157464537585 0.13083920443606
-0.140306602769072 0.22046953567883 -0.161962550363639 0.0110603061839157
-0.246195157396462 0.126832081743768 -0.0867666150358135 -0.0106247402503283
-0.243072692386046 0.0449479788048375 0.0299478837322576 -0.0251677730496172
-0.20144975531235 0.169959095544252 0.177475266466878 0.0390346814633019
-0.0412511076427064 0.217442318798897 0.179968641170797 -0.109504822318161
0.142732895126992 0.139744362326124 0.0372277921056281 -0.19540696001143
0.182524990049605 0.0113725933315143 -0.0886369327027071 -0.111564461595002
0.142392110961662 -0.0909772782766832 -0.082500779733465 -0.035318614184034
0.0594607620434661 -0.139981527128638 -0.0402111226577754 -0.0170550058374565
0.0329708455732691 -0.13811980150905 0.00107336462644701 -0.00203646997950641
0.0311859659953799 -0.134750408280811 0.049478722306679 -0.00433842840319348
0.104229101887829 -0.131487751293048 0.101995803351574 0.0274909616002204
0.17898192552634 -0.054049739376182 0.118279035997775 0.0904724542183854
0.198048564130294 0.0528311386646497 0.0423464039472701 0.175025698593373
0.0720799499238272 0.214551914824956 -0.0785839213720767 0.144159098652872
-0.135705821927531 0.214926777189557 -0.121258605665657 0.00930385496984177
-0.24316164851556 0.116226786145555 -0.00230473145043494 -0.0327955756564674
-0.221719236499163 0.0115694452746027 0.137109306149909 -0.0319997634629639
-0.216126964373463 0.132311942665898 0.225274254112415 0.0336976634112647
-0.0741907069685277 0.205671443760564 0.211158499256842 -0.0730020063300523
0.118362634788914 0.151294632305474 0.0909976292166669 -0.154572278975889
0.170544516815572 0.0212801449328572 -0.0126728859158558 -0.112241486869677
0.134718226659068 -0.0788543986302345 -0.0256158677844877 -0.0808109301578863
0.0568681489319023 -0.129502342887671 -0.0128352328618243 -0.0738802891089454
0.0265807016609555 -0.127343315258551 0.0134805478732517 -0.0535146731946976
0.0228042921553323 -0.120047134832512 0.0612479070850597 -0.0551013118628464
0.0859657829097939 -0.116249054612378 0.121678370506437 -0.0203626255743676
0.153043950784194 -0.0522622848772132 0.152057158806073 0.0553498375473621
0.174895542637054 0.0429840539461056 0.079716163618942 0.160743775394681
0.0586612609031256 0.18813065980077 -0.0407078371925404 0.141764089265737
-0.127438376844798 0.175061757415142 -0.0858144893870549 0.00333086478186919
-0.212423697284059 0.0796318920416829 0.0708160341046156 -0.0498458086357684
-0.157344989902807 -0.0198320489868896 0.227153984726144 -0.0322587490763133
-0.177725433320379 0.0715779696158072 0.259075930754593 0.0288865898670783
-0.078257209147776 0.148597890799508 0.225465777093545 -0.0386107571055369
0.0763855469764518 0.120815544143155 0.125124398132841 -0.110372746619506
0.123889403009641 0.0198822783060019 0.0494009838928176 -0.106352420237186
0.0994006771275218 -0.0550614558553828 0.0217638752121313 -0.116211328959967
0.0423981036184218 -0.096207209339014 0.00972095302583238 -0.119387393163935
0.0170981619746618 -0.0962659468164473 0.022953182005348 -0.0959392105071111
0.0143666425195364 -0.0898220286316666 0.0697988482729612 -0.0953139018015749
0.0625990022134338 -0.0869153001300783 0.134959816743145 -0.0560014708570322
0.114770763498666 -0.0409518901318963 0.174127039953109 0.030803900700905
0.133419300717592 0.0389541884540036 0.101040461927138 0.148593085548291
0.0302943518210683 0.149605682153601 -0.0169188326814341 0.136163007608595
-0.114238733173641 0.115831548708299 -0.06003950591381 -0.000745092724765544
-0.160287670122217 0.0280903532162973 0.127100145467942 -0.0549805192086229
-0.0621308514080897 -0.0446886254992997 0.281146025965572 -0.0309979209384115
-0.0965579864008103 0.0049189897525826 0.270241366821579 0.0194288949440522
-0.0524720265946477 0.0657667030405722 0.227993092711988 -0.0232654009835643
0.0292737297168279 0.0582441959770606 0.14022297852251 -0.0847777365427299
0.0542819053428722 0.00757488080722103 0.0828088678503833 -0.105948053072839
0.0434174438344619 -0.0235055712522914 0.0452435547518697 -0.139707556106386
0.018791832750833 -0.0462212045439117 0.0200328622449702 -0.145431997843863
0.00604245371241635 -0.0500012090036605 0.0283907596664309 -0.121713459521119
0.00610297987680875 -0.0487067638231169 0.0764162590622831 -0.119109568987062
0.0338241866370937 -0.0512247899660661 0.144643732401278 -0.0781706064741979
0.0681852855919301 -0.027818120562252 0.189961803518055 0.0193148371594337
0.0837850234859676 0.0328738619471706 0.113208434655557 0.143985967365881
0.000888558797717251 0.100930216932956 -0.00709513932281317 0.134046886052633
-0.0896353373314498 0.0486180914526376 -0.0441005860275245 0.0012560239083362
-0.0907696712341794 -0.0257009708642605 0.160994373102605 -0.0459483212308444
0.00388954493722771 0.0530245048938663 -0.19370851887031 0.0650362030615948
0.0412480603787544 -0.0064865260483963 0.0500381682795453 0.0585238306893627
0.00712627325690064 -0.0326013448617771 0.0385757195750095 -0.138345472779252
-0.0251717145202128 -0.0049926019441844 -0.113495225002813 -0.171438374555086
-0.00666532267731492 0.0172302046009405 -0.217808432009648 -0.037836922409539
0.00648312398677627 0.0087206171309623 -0.17171160825663 0.100055540863147
0.00556400472380858 0.00490727832217234 -0.0872065325580644 0.142252172515924
0.0107620247252588 -0.00603470275326912 -0.0331789269996215 0.143447266177535
0.00529613858702365 -0.0108286831260323 -0.0125638650178931 0.151961246857072
0.0134029801952695 -0.0138584322085369 -0.0369283196196228 0.152119672976785
0.0228001053882776 0.00270525189315781 -0.0878854720506204 0.129186259326009
0.0174082797310616 0.00925799876834406 -0.139435997352236 0.0843236470046081
0.0188189388210034 0.0306735074777736 -0.217983940865104 0.0154195520650841
0.00338453763083247 0.0544361467015835 -0.267147915304051 -0.0394160281447203
-0.0454895458794623 0.0567751613750363 -0.285416511189408 0.0147512559971016
-0.0769913568315366 0.0778101871886838 -0.186959506517869 0.0423743921858964
-0.0052928812838647 0.0634441918997517 0.0583159965892488 0.0560170498146817
0.0209413772698912 0.0314469022564852 0.0540751420747254 -0.143435074685328
0.0332468675503651 0.015495101727906 -0.103404297933566 -0.188809003449398
0.0489421439403331 0.00426545645265697 -0.215450383133499 -0.0508075997507575
0.0448795795926764 -0.029973388714695 -0.171724982627799 0.0850470896249772
0.0193686560391581 -0.045352740832919 -0.0878659584209819 0.126132464455388
0.0220205321205517 -0.0565040885822645 -0.0303160127136715 0.129770194730449
0.0248158106815624 -0.0640688147864141 -0.000151661860298913 0.135890246269759
0.0685430767599834 -0.0587303272514524 -0.00755183271235756 0.146789034894026
0.100369941346657 0.00198886808195164 -0.0539657798277563 0.145618728298789
0.0825331124716325 0.0627573757969807 -0.11750814006272 0.120192214185931
0.00905729846082765 0.12233864662959 -0.204098286320819 0.0502718258294777
-0.0824236765278196 0.123312202582019 -0.239068281719398 -0.0176833336375177
-0.14607911801009 0.0833714391390638 -0.241389758550607 0.0157396203849074
-0.155518785929238 0.0834485555318734 -0.145058626329645 0.015390791898729
-0.0692785264537642 0.126846772797438 0.0847973699745282 0.0511298035289858
0.0193225081997218 0.106035237670002 0.0882526077431333 -0.144230866456767
0.0895941766495994 0.0499242685961256 -0.0728740868854488 -0.207724219730182
0.106193501956504 -0.00342743665039288 -0.197020123613361 -0.0728179075914298
0.0856909981009062 -0.0633994049945436 -0.159817883192313 0.0545176625496362
0.0346804788273545 -0.0911248190372919 -0.0813187895815243 0.0909573917481628
0.0302751142021946 -0.0986587719029371 -0.0234818720919105 0.0974277824784012
0.0350741323068951 -0.104559232659361 0.0171242578039992 0.10029544552747
0.101314941730851 -0.0997684596413471 0.0329168732879737 0.120886877249439
0.156949454449819 -0.0170277791186854 0.00380871709020545 0.146752640548695
0.147619051709869 0.0784868730185847 -0.0707630980281391 0.157956858832645
0.0308521756970719 0.188904281518831 -0.173032564701364 0.0940701756059669
-0.127887855990056 0.185398720707199 -0.20233732731824 0.00203062130557735
-0.214361815208892 0.109946745970572 -0.170485486077398 0.00821128287522668
-0.216050504728301 0.0716945717422788 -0.0694118961620964 -0.00808876526022928
-0.141118119779391 0.167047380927026 0.127376953004723 0.0459866097059441
-0.00255056092798246 0.175783672302155 0.134085065946734 -0.132793716394787
0.130837612471415 0.09672290668637 -0.0229999734369425 -0.21234584422511
0.155401534242064 -0.00174987740518445 -0.153375587151365 -0.0956318038229567
0.120411985321991 -0.0867468178296651 -0.129130657964508 0.0121786471650357
0.0493121573321733 -0.124698117264501 -0.0653187296911499 0.0404511740094219
0.0330755602201362 -0.126884213455146 -0.0117020923353799 0.051268042370511
0.0355197534918941 -0.128701449822211 0.0348449773090512 0.0506983582463487
0.110755148209895 -0.126010588848228 0.0737353001941189 0.0774906615188218
0.181521177346614 -0.0417541948338792 0.0668845868999221 0.125603089662421
0.188800152744972 0.0671327028348709 -0.0102628414416542 0.176843198416337
0.0613272287539875 0.217470746026835 -0.126545754275136 0.128260112244199
-0.138742613757906 0.218870682793535 -0.160026230625936 0.0104783205862944
-0.244272645432541 0.122957416329883 -0.0872279302664556 -0.00933553030797824
-0.241953723548857 0.0433001742669175 0.0310226788478364 -0.0243676865150214
-0.197795618282723 0.169552277949642 0.177848172028752 0.0397150743738739
-0.0407698174583778 0.214690527968208 0.179006453019968 -0.105531666199472
0.140888755463285 0.137392284475121 0.0376546215680928 -0.192894053224066
0.180314265424916 0.00968471847367331 -0.0852375262686251 -0.110453521729326
0.140050105233752 -0.091480292071421 -0.0818480543188502 -0.0362868063406757
0.0573387861807706 -0.138497287890433 -0.041805510033895 -0.0170525283904465
0.0308790858965055 -0.137011516386452 0.00130044602155779 -0.00193233278647322
0.0299138924160689 -0.132751041041528 0.0491466527652283 -0.00396379635652479
0.10205794893139 -0.130637989985725 0.102490034337052 0.0266236840639154
0.176228167359048 -0.0560049417339203 0.117058436193764 0.0895110612058505
0.195161818623507 0.0502542762673704 0.0435561434796894 0.172923813238973
0.0727782422371516 0.211474011852545 -0.0783649411118671 0.140983335576018
-0.133652424327341 0.213642286295985 -0.119259968223116 0.008974322202793
-0.240820718609577 0.112694172753877 -0.00360754167570893 -0.0311685933040261
-0.220263954113516 0.010329648592335 0.13634415866129 -0.0317779758282904
-0.213499372467864 0.131942767082955 0.224444329599995 0.0347243401226059
-0.0730049323002359 0.203823581898197 0.209695980914165 -0.0693777659889378
0.117307738048228 0.149049385289587 0.0913080715353046 -0.151888701154839
0.168609580543648 0.0202163790284685 -0.010123080740252 -0.111530882779852
0.13277275896717 -0.0794447117141601 -0.0265518766173388 -0.0811410011856352
0.0549955156411443 -0.128066480773084 -0.0158083262712757 -0.0737375473446441
0.0247454187279747 -0.126203883533656 0.0131410290188975 -0.0533004440087298
0.0217212865759261 -0.11852446502037 0.0599089608207121 -0.0546688377304032
0.0840719639610677 -0.115068360200036 0.121278577852444 -0.0209541354753804
0.150138981944526 -0.0534594953284863 0.150793729055957 0.0546919624784542
0.171457859639257 0.0409050556387062 0.080651348904224 0.15856594379153
0.0592456177143291 0.185215512907843 -0.0410886960460658 0.138813157460704
-0.125547673165053 0.173611689675757 -0.0857038187840561 0.00291113223294141
-0.209469717010512 0.0775206674101133 0.0679258564364921 -0.0487308265149948
-0.156264437064562 -0.0204160756844317 0.225362404459694 -0.0307397477065695
-0.174762702055353 0.0711750822053706 0.256804262256991 0.0302201774033623
-0.0766000103940908 0.147308535411905 0.223333990745628 -0.0363489162190242
0.0761283530478566 0.119041832905684 0.124808331602567 -0.107403359160589
0.122368064591305 0.0190411627207828 0.0515246086820892 -0.105399662037232
0.0978092853989607 -0.0548292604892311 0.0195979852242278 -0.116257865625791
0.0408242149322911 -0.0952375265485205 0.00626594318634568 -0.11818347039038
0.0154823947703109 -0.0952050908732311 0.0221500564634032 -0.0950306555898635
0.0138148792111587 -0.088460749634805 0.0683209649650418 -0.09412201388529
0.0611924760225332 -0.0860745242709742 0.133574248751747 -0.0564625026938975
0.112163786614029 -0.0417625728572156 0.172267362215709 0.0298220038116145
0.130630880276269 0.0370504805834511 0.102083141927202 0.146266354502724
0.0309494144655452 0.14736413256163 -0.0173965264905258 0.133632754735858
-0.113738877697763 0.114775069431051 -0.0594990777369737 -0.000398370091908325
-0.15872162698073 0.0272615037717696 0.123347857182955 -0.0538599716899275
-0.0615281165552188 -0.044543429736703 0.278941868369515 -0.0305927110901674
-0.095223941433539 0.00472454140720033 0.266621960021469 0.0204089215888624
-0.0510031556434823 0.0648309805436883 0.225782915047603 -0.0208293042202861
0.0294712675367954 0.0572631985751502 0.13990926814676 -0.0816160061304605
0.0535107484667157 0.00706057465472061 0.0837350296636096 -0.105202192920651
0.0431978088103272 -0.0231456050549189 0.0428364964848545 -0.139388218293902
0.0186380596148683 -0.0454136645729056 0.0167186734508032 -0.144613306351531
0.00542327106697361 -0.0489822939416728 0.0271590540640256 -0.121273794748434
0.0058646966744876 -0.0477615091255578 0.0747339648715341 -0.117229401696427
0.0337099629269339 -0.0507340134207808 0.142443886814933 -0.077839492692898
0.0661834993808001 -0.0274615451185198 0.187770972645476 0.018804435957283
0.0813912295383759 0.0316712181681679 0.113451311276344 0.141176058311014
0.00139894037794235 0.0993980328799747 -0.0077633444530726 0.131277666227452
-0.0888952072292504 0.0480172865298692 -0.0447303699385001 0.00132270981441817
-0.0896727868294612 -0.0253355127351891 0.157183545271383 -0.0453590157082175
0.0326471489818196 0.042182957692866 -0.109796460342897 0.169160691812017
0.0288172668930359 -0.0286377680257898 0.0790308127151583 0.014183221250881
-0.0139498912171588 -0.0311482520064996 -0.0517266233058835 -0.135091154006043
-0.0235736578810304 0.0102702254834244 -0.19675232325569 -0.0681094768607919
0.00522638139197432 0.0178381481557894 -0.195512032619769 0.102523291507494
0.0108133798871544 0.00305403332620533 -0.0749191145176531 0.183984174727549
0.0082304500020648 0.000645431354694461 0.0196425508954526 0.166945779061414
0.00479209139580716 -0.0114972855404815 0.0626210134524035 0.133787792681102
-0.00181700201424908 -0.0116880153630377 0.0853314367199073 0.128047548209101
0.00269848320711225 -0.0197418128025399 0.0649013001100315 0.145526242237817
0.0205917521600587 -0.0113185959625358 0.00917404522082189 0.157845819497559
0.020316531367641 -0.00092143702072711 -0.0622959519068814 0.152676837711269
0.0336284928054712 0.0158090139591493 -0.166447985030025 0.147699004667423
0.0332227736865225 0.0443695276786166 -0.239171923042991 0.13731510162027
-0.00659428559102773 0.0769436451439574 -0.223401059137277 0.188073629234305
-0.0201634617247559 0.107802578867114 -0.11628639411496 0.15224493674188
0.0320393316383756 0.0524024812006169 0.0849978893939235 0.0103267757888271
0.0335530461631465 0.0119734683203858 -0.0391572959709539 -0.147461697618846
0.0330214719768794 -0.00634698132996141 -0.196303215686661 -0.0899723075379416
0.0410410322690913 -0.0253749197770831 -0.201425971615843 0.0894358159472401
0.017728066646263 -0.0501408695592283 -0.0835543090489115 0.170356165364202
-0.012075751100721 -0.0476455613275647 0.00785867673167054 0.154371512728553
-0.0172877211789219 -0.0588760165950355 0.0565359527249032 0.121495358843201
-0.0189616666457179 -0.0660713130088922 0.0861512296572012 0.108245947941443
0.0196001212744684 -0.0900378782937671 0.0851871512162425 0.12348901973129
0.0836135899726771 -0.0611763874073305 0.0462236639989018 0.149604940709888
0.106549385073051 0.00196781981740994 -0.0222963145828079 0.16771548005046
0.0844654917618023 0.0990034699247948 -0.133965300738673 0.165626337182833
0.00755329914389918 0.155501761048535 -0.206314718982423 0.135362746961344
-0.0727633025046198 0.162859631067459 -0.18511070566107 0.157086331041325
-0.0815595185972011 0.157160289892269 -0.0971768369296776 0.109788912134142
0.0175794275195395 0.138430377412588 0.103589981402776 -0.00499142054725148
0.0756801306442151 0.0727373249905004 -0.00795571356762571 -0.166492709550149
0.0968758656780935 -0.0113674762529756 -0.179766661766469 -0.125138274674028
0.0816169340358236 -0.0644784686873423 -0.199053674486596 0.0587346643761306
0.0297856716155038 -0.100625077830588 -0.0924536368604702 0.137632068408571
-0.0269669211545753 -0.0922118991146798 -0.010220359418327 0.122020156259669
-0.0370422132379883 -0.0971101191054374 0.0422335280617823 0.0913036763576715
-0.0359576746740078 -0.105491291221858 0.0783903017924161 0.0695923625772089
0.0201641906698617 -0.143583402267289 0.10274108457104 0.0767104272226549
0.117513562130767 -0.11252474318623 0.0919256255012238 0.114123841942069
0.169791897569119 -0.0247636990448267 0.0387060759174597 0.169305266304037
0.145945126475236 0.140582862661492 -0.0817159940054971 0.180892436276575
0.0107251901417597 0.235476634308963 -0.166363021229531 0.125950225041556
-0.112086593034032 0.2271279182838 -0.13315545223389 0.10338703689694
-0.139181554019233 0.181010558321146 -0.0520480809417418 0.0493699753339132
-0.0158218783770739 0.211384533660868 0.133004600159255 -0.0320985830895184
0.098934100794809 0.141771055715954 0.0379480665332967 -0.181996029636111
0.155940637982022 0.00169477431987085 -0.13944117676181 -0.160091370845202
0.122479369529572 -0.0920080465501938 -0.176416487287572 0.0132135277329099
0.0444318814112689 -0.140347522881723 -0.0938469334172323 0.083933724045312
-0.0361989077499577 -0.126671872910691 -0.0290604536092614 0.0715829617026435
-0.0524009024673895 -0.121549166924604 0.0227453381500164 0.0475180474689649
-0.0508619676926006 -0.12550572940751 0.0618638022611612 0.019493362631297
0.010595478451718 -0.170439502955921 0.108037240965668 0.0169002314441139
0.121672763237323 -0.1487783095411 0.128923125069355 0.0577375194056339
0.19693649654227 -0.0604133742523617 0.0992439243297292 0.146624155879576
0.18996181596372 0.14499905377703 -0.0238042859307548 0.178231948977509
0.0240119881329826 0.269506486102959 -0.128699293992852 0.106905738848138
-0.126849365401617 0.257035029860963 -0.076016281717465 0.0357098049736399
-0.175315434380896 0.172338971671716 0.0164807665006241 -0.0224540809626285
-0.0593479798714793 0.245256652516614 0.166654584930722 -0.0650862562647256
0.0921771461786343 0.194763832069195 0.09105091580724 -0.184457434298387
0.187778413459127 0.028170821481765 -0.0769848219816073 -0.180546921159302
0.148532134468363 -0.0978372196929518 -0.130776383489077 -0.0415497382935168
0.0565402447841623 -0.155730679353267 -0.0855784063330472 0.0167092655750917
-0.0384697499788155 -0.141907354378607 -0.0467046376967548 0.0106000926744775
-0.0598785698347657 -0.128371989064593 0.000585230152575295 -0.00211373728485724
-0.057909957791136 -0.125128027253365 0.0390060307555015 -0.0326630344841527
0.000967262463802435 -0.169162071650184 0.0997953404210556 -0.0420699138784054
0.10855180227601 -0.156972487464914 0.146557771441327 -0.00159546977902598
0.190861623808264 -0.0785025661265773 0.140480418364679 0.110423141787761
0.196421877913347 0.132135382861024 0.0227680575637566 0.158683261379595
0.0249585690264431 0.261489626573694 -0.0976719404263123 0.0799136442184369
-0.128606757745395 0.245329402261777 -0.0227002658083633 -0.0342275955237499
-0.175608656945206 0.133457599448317 0.0942246634197445 -0.093294830995632
-0.0920347825867969 0.223430604469292 0.199051896632088 -0.0974684949646849
0.060966416006 0.204080272426946 0.135912919547643 -0.172516981410418
0.176241459896913 0.050082421085001 -0.00866846109144796 -0.178420792020602
0.144743786704994 -0.0826143817516919 -0.0714900879661538 -0.0870229289723549
0.057493322620005 -0.141860140010214 -0.0694647251034245 -0.0519544390544403
-0.0342825572739002 -0.132098917987324 -0.0609939571873839 -0.0501258692445771
-0.058184538992257 -0.114901315038248 -0.0218455311337375 -0.0502751564934152
-0.055400946408256 -0.108856268022238 0.0162022819387862 -0.0794282594539047
-0.00393374310829742 -0.145015246952632 0.0856869763267835 -0.0911713758832528
0.0891959139539833 -0.138356503681969 0.151482889592396 -0.0499706012259999
0.16529467015153 -0.0718465167192156 0.161331186670275 0.0764640405307875
0.167908490872643 0.118336076736068 0.0512671492088933 0.133455207886485
0.00630080774013257 0.222704317145605 -0.0728004209581008 0.0532590972060593
-0.123373774123103 0.196453108597135 0.0249334852994793 -0.09167635867016
-0.139363122475751 0.0707382380604599 0.162694430301647 -0.150544940748402
-0.0967367418481985 0.153962929454572 0.220759432009391 -0.122933148915711
0.0254906616277732 0.160366070314334 0.163624839603256 -0.15532000976596
0.127277558587796 0.0495584012381802 0.0439665344115265 -0.16166196024466
0.107343331407458 -0.0564025333240595 -0.0191860452882722 -0.118579783120548
0.0448024606095362 -0.101123759700148 -0.0548353720318633 -0.107660915153085
-0.0250237853008473 -0.098544310375583 -0.0711926411669345 -0.0987451887382545
-0.0462204468828783 -0.0850575109476723 -0.0402503309557444 -0.0887072623046473
-0.0435084094073087 -0.0804891997813439 -0.00235908841545063 -0.116302859654738
-0.00421009932474019 -0.107970819790009 0.0729130005879765 -0.126779842876636
0.0658248171124389 -0.104708666659933 0.153496849254988 -0.0823682007355671
0.130017358827382 -0.0494906641465763 0.170735719066753 0.0531985781490386
0.120581814329678 0.104344314818496 0.0671872361589487 0.114982264226502
-0.0207912272039076 0.166741195808282 -0.0528984749862982 0.0345505344756544
-0.112498600216531 0.12259116963024 0.0672130970315168 -0.127176035665489
-0.0752388500259402 -0.00287405295052913 0.202380052255413 -0.188151761840982
-0.0712969841319142 0.0564647043672603 0.22223177227728 -0.140444299830782
-0.00113870104381676 0.0794541860755973 0.171387402769188 -0.147787005820616
0.0557349326579699 0.0272168575096039 0.0686628290961417 -0.149879179259325
0.0460320945307963 -0.0253606796647694 0.00511216699063052 -0.136686708319492
0.0205202942204664 -0.0433847457015069 -0.0515544249842514 -0.137661651260908
-0.0133867276886759 -0.0463654338182517 -0.0786180028301351 -0.125292352073295
-0.0261883178994433 -0.0424808913599999 -0.0525890154599299 -0.11222054398842
-0.0251190233157039 -0.0435263657728335 -0.0130552688484579 -0.139245969490386
-0.00455187517127712 -0.0624055650824654 0.0669855126545784 -0.149137404155402
0.0379393657303619 -0.0640438241098481 0.158730927370583 -0.10101544898459
0.0867892934377545 -0.0242000472221523 0.176913218784151 0.0427852143378663
0.0657937996910862 0.0826765799199664 0.0745306249159084 0.107768585879491
-0.0435264663106825 0.0963190762677865 -0.0376059631898068 0.0275565178463812
-0.0877997822466682 0.0356472102584304 0.0996688766018583 -0.138581371961073
0.0353264008948447 0.041584653436565 -0.10452998450359 0.176261311586196
0.0273545277264005 -0.0305392859855457 0.0829126024598199 0.0100335738637703
-0.0156725042311729 -0.0309969291274133 -0.0565841070720586 -0.135430627911657
-0.0239789010658952 0.0113680117898967 -0.201646901155045 -0.061781924787854
0.00487000648312641 0.0174876875204159 -0.195821018240705 0.112184936363368
0.0105077961644544 0.00247811591902394 -0.0685705846742021 0.189105857570587
0.00826753994985951 -0.000482447694988679 0.0268347556804316 0.167088649679712
0.00328819221276786 -0.0123900679835597 0.0694270989030576 0.132306041142892
-0.00251783228929518 -0.0125575396881451 0.0929234321669427 0.12570535670612
0.00194798011099575 -0.0199770321867452 0.0724878621572905 0.14538394694889
0.0211350771033631 -0.0124659474863575 0.0154537490194242 0.16179377854827
0.0210017310017759 -0.00177276077369752 -0.0600624964165112 0.156837111308095
0.0352802959875744 0.0150283503430074 -0.166130610156342 0.156248726134711
0.0343106639180327 0.0429619019259227 -0.238332120035382 0.146726001182485
-0.00628412699051699 0.0793381514895345 -0.220343080423792 0.197248961510749
-0.0171014242477023 0.110383152472354 -0.11153573530147 0.158834537767304
0.0341064755156141 0.0516873984754489 0.0892512976008385 0.00605987440102174
0.03412920986905 0.0115009838185375 -0.0427211075441219 -0.147825792870779
0.0328988454253868 -0.00759453733622095 -0.202269762607392 -0.084319214539172
0.0400487312818241 -0.0273838315516144 -0.20207035364701 0.0985014618517365
0.0154465393891988 -0.0519276243425069 -0.078112947732199 0.176023006240322
-0.0137113436932926 -0.0476964346535487 0.0143226924787634 0.155181829895527
-0.0212114210164018 -0.0590717320188284 0.062972182949922 0.119921758817622
-0.022548904469582 -0.0669105963310755 0.0936590408821431 0.105348118113373
0.0152161855500454 -0.0927716577285421 0.0932271182390502 0.121668296130511
0.0822193721457791 -0.0662946491945671 0.0522757461357263 0.151126710543591
0.108299298269023 -0.00197051115222514 -0.0181849461108581 0.170064526524242
0.0898666059619296 0.0978732159084143 -0.132612720593172 0.17291277855988
0.0126846338774051 0.157548727886538 -0.204470337666732 0.143263813123555
-0.070721711775922 0.167759408161752 -0.18275153413759 0.165291246623112
-0.0788686495570599 0.163381102008206 -0.0946009163386796 0.115416575586081
0.0227491783064883 0.139992413038268 0.107350047806867 -0.00983918946532249
0.0790440791828314 0.0717266717430285 -0.0115796882887455 -0.16779391586389
0.09722119963294 -0.0149015808993395 -0.186655170152554 -0.120640729461997
0.080355676811823 -0.0689796314235626 -0.20020752113751 0.0665758911309339
0.025183401160129 -0.103768156361917 -0.0886241575347803 0.142702654246921
-0.0313638499000128 -0.0920511449043808 -0.0053995926448144 0.123878731885999
-0.0427078287461595 -0.097208325738947 0.0472036031752905 0.0904138267350448
-0.041489946307225 -0.104849624228705 0.0841536435659059 0.0667013018116381
0.0137301514540657 -0.146852508061029 0.108493475459584 0.0730403667036343
0.113904763769752 -0.11932706526346 0.098784156582816 0.113900246477789
0.171077011022109 -0.031704033265777 0.0447335757839626 0.168648786844036
0.153780367144069 0.137487271026281 -0.0790444061074791 0.186110430788042
0.0191514784601313 0.239068176052322 -0.164596265406297 0.133026771019558
-0.108689882600704 0.234922561221557 -0.131008147361517 0.110429325376414
-0.13658103928452 0.189576715824662 -0.0498402463567327 0.0519655256984938
-0.00782177449889057 0.215130892686016 0.1360008748889 -0.0377318033457882
0.10560432905729 0.140717458236733 0.034339910906301 -0.185327809115827
0.157740816430767 -0.00388454112400985 -0.146942550533156 -0.15788777931153
0.119904852312777 -0.0988937926322576 -0.178858928007496 0.0180317393721234
0.0384508943722011 -0.144411681392276 -0.0922218988158536 0.0884556719034408
-0.0422511243921168 -0.126145804362479 -0.0274479406915575 0.0743799377609339
-0.0590557924138972 -0.120684717712235 0.025397613566567 0.0468991649619286
-0.0568352806599763 -0.124390293354624 0.0654227672787419 0.0166084537787707
0.00308048632443685 -0.173900356387286 0.111315170845604 0.0113640572275038
0.116529451350925 -0.156337666103761 0.134250841234165 0.0546952772390838
0.196638105097218 -0.0691664197744212 0.106260192457498 0.143891126820332
0.199491929556868 0.139061841302528 -0.0200043882638981 0.181454023294189
0.0342711642767733 0.273991076782943 -0.126596189362224 0.111426778238466
-0.122664261148661 0.264348262319795 -0.075996018097713 0.0399928316274262
-0.173528184898573 0.181783031096343 0.016775927908499 -0.0241737670468779
-0.0507906806374045 0.251099352796595 0.168910671067426 -0.0723058643108101
0.100408507261226 0.195106447482886 0.0887926551562229 -0.189275317541322
0.191619049889817 0.0219849148522219 -0.0831040250176159 -0.180752694409732
0.147171524763864 -0.105392826496587 -0.133507871193352 -0.0388090676683691
0.0509483668122023 -0.161218910266996 -0.0869465399992632 0.019121431389285
-0.044880882670247 -0.141342745854331 -0.0487514615114288 0.0142144504503794
-0.0665715962514179 -0.126855412499626 0.0002893721731992 -0.00283802323346217
-0.0643285005138112 -0.123907332538797 0.0398588568343499 -0.0345860264344312
-0.00669360217054148 -0.172022717744166 0.100925217535969 -0.0481042656824082
0.103001548914812 -0.164423967287032 0.149873819124267 -0.00634190061550961
0.189413788044673 -0.0867422476651629 0.146990324787454 0.105776212163262
0.20513182750013 0.125881669218627 0.0267840764684658 0.159785534283366
0.035376236120775 0.265277066783258 -0.0967473627945371 0.0834572259264114
-0.123886974143283 0.2529731121948 -0.0243069901748207 -0.0326430763123454
-0.17569834853788 0.141464746946452 0.0937520044053812 -0.0981349148346386
-0.0851330219265505 0.230295472487388 0.199203815271423 -0.106162159380069
0.0691495314062208 0.205271915445744 0.134304660373751 -0.178903792682757
0.181171715985221 0.0440571029340077 -0.0131822541383104 -0.180511623355147
0.143599802747006 -0.0901653313534023 -0.0743058605480786 -0.0878211637504868
0.0533447218785038 -0.146991246818802 -0.0739107545885775 -0.051009210349208
-0.0405703886655197 -0.132086729497044 -0.0655525703082269 -0.0468521601840991
-0.064400929932629 -0.113790848064645 -0.0245953898549869 -0.0501701756912176
-0.0606707863768919 -0.107616571273983 0.0139446256716823 -0.0812629097131858
-0.00987630872405804 -0.147277543315845 0.0833351498487415 -0.0974601534580569
0.084002507607493 -0.143768993662257 0.152003362662715 -0.0557227988566147
0.163866989217644 -0.0787060188838334 0.166903230930103 0.0702499801284266
0.175110906255106 0.112859248541421 0.055658853368997 0.133257027471349
0.0148156208478735 0.226723548229417 -0.0725462361092548 0.0558125710739823
-0.120633506605325 0.202940702841426 0.0217793006105744 -0.0921496358866846
-0.139929484535935 0.0775763870360433 0.160487949006873 -0.158802788963677
-0.0921739656744624 0.15980052121727 0.220137277927393 -0.131824753096867
0.0316105341977807 0.162290156915523 0.162394298074087 -0.162250826634222
0.131115498736617 0.0454824933947503 0.0417019031158646 -0.165158283208584
0.10678892810915 -0.0618544571008945 -0.022079994351384 -0.121238961099922
0.0415168037299053 -0.105306489907411 -0.0611312834293508 -0.107301266868055
-0.030292119893372 -0.0979976879059804 -0.0780515975411293 -0.095114488014457
-0.0507079382803348 -0.0839122598573817 -0.0451283717286612 -0.0877608008404523
-0.0469861638454423 -0.078996781710031 -0.00624877758484373 -0.117717441119584
-0.00880265510173208 -0.109587363224844 0.0692705483364369 -0.132752772712154
0.0621336566454962 -0.108223077642418 0.153226668152509 -0.0886756896604344
0.128412725984795 -0.0544290495233963 0.175802677784616 0.0473923242826632
0.125702650482751 0.100242098139732 0.0714062905313585 0.113625988514264
-0.015547170470902 0.170271749025967 -0.0530016006269056 0.0370482046196384
-0.110543381096743 0.127964344434008 0.0622710732932854 -0.129601487387225
-0.0767314101518618 4.26395861823359E-05 0.200187694844442 -0.198074173863117
-0.0701030797599463 0.0594942464902098 0.220944881808515 -0.149437503934731
0.00211402129201083 0.0800746833235983 0.170603498126904 -0.155076236168512
0.0576273901573643 0.0252333705449758 0.0671257194758678 -0.15391656679804
0.0453349789424451 -0.02783984088223 0.00221412798956078 -0.140281144279565
0.0193690480038048 -0.0455792388453625 -0.059450613252559 -0.137450224045812
-0.0150760422059536 -0.0460186178883931 -0.0869835075135577 -0.122216583353394
-0.0283492583912484 -0.0416671733302551 -0.0585760066718351 -0.111083724316526
-0.0266773184395912 -0.0424656970663412 -0.0184066282894105 -0.140593300258618
-0.00730633762138248 -0.0628633147475746 0.0618038057152386 -0.154315276632082
0.0357631436302192 -0.0658910675757324 0.157666678867758 -0.108156697641264
0.0867421546322744 -0.0272808566447961 0.180943111237944 0.0368156679953029
0.0694681617921394 0.0811172511816476 0.0787130848069859 0.106403985818548
-0.0410023378479927 0.0992773497187144 -0.0379423838724786 0.0299781989186013
-0.0878740245222511 0.0390448089544365 0.0947102232245257 -0.142059985905074
0.0373679406994396 0.0394695765087292 -0.0930993241310032 0.182539106356238
0.0253513861041617 -0.0318353781624377 0.0861281646686095 0.00410981811165236
-0.0176259449774343 -0.0301997897109798 -0.0624366053336463 -0.132429025992579
-0.0236932578917064 0.0129507331289963 -0.204452982664669 -0.0504841014411491
0.00567203408906635 0.0175771377348995 -0.190006964014325 0.125287358777125
0.0103021508501496 0.00158182942526688 -0.0573244779466039 0.192991525284645
0.00814618377205299 -0.0015821457169654 0.0373508000410239 0.163832198706709
0.00189817540640453 -0.0125229516688362 0.0778891722687142 0.127831114968233
-0.00338947137640555 -0.0125367841687558 0.101447150890835 0.118590034899342
0.000806540154019136 -0.0206532953732008 0.0833465103007881 0.141290957488953
0.0205547579100665 -0.0146369992195367 0.0250173286683891 0.161389249500346
0.0211097960167247 -0.00242854691490429 -0.0541689885762773 0.159739099175146
0.0362931293705209 0.0124346918489835 -0.160104200697285 0.166388506223769
0.0353833592111851 0.0408171520659201 -0.229320914625886 0.157932733673198
-0.00283761111655142 0.0809289665767386 -0.210427802590108 0.208392462162014
-0.0115980026152006 0.112076532134898 -0.101796508309061 0.165517144712415
0.0367772006293543 0.0498488074688713 0.0916985786062871 -0.000879725736349837
0.034325436733471 0.00982300655964379 -0.0494317255524747 -0.145184739914578
0.0316935684234236 -0.00933866057375999 -0.206423733710212 -0.0727949454746519
0.0376554364465977 -0.0302026164598179 -0.196840352068704 0.110443766872375
0.0113601176793149 -0.0529250219532316 -0.0680050834433017 0.18005462150305
-0.0167115010010729 -0.0467863595760035 0.024409543647012 0.153493898204582
-0.0254053403548132 -0.0577531496662045 0.0704338753392518 0.114978333934891
-0.0269255796355939 -0.0647590862195328 0.100907368177987 0.0983435805620279
0.00934808352857078 -0.094148718324537 0.101370846329363 0.115673040347471
0.0780071754107594 -0.0726469300313977 0.0624488617949286 0.14940189986143
0.107687524991061 -0.00819309030669866 -0.0104112579523053 0.1709327163965
0.0958242799836191 0.0925678390927478 -0.124785847191429 0.180844421392835
0.0209023636211708 0.156975211327604 -0.196392743587156 0.153001474238428
-0.0642388058838283 0.172528625464295 -0.174227568192601 0.17453170252396
-0.0708815573805508 0.16838979226228 -0.087187095841112 0.119686289612603
0.0307980629289544 0.13839362053754 0.108986071229817 -0.0176844383788029
0.0830419153862074 0.0680189555622223 -0.0183845871303901 -0.167506165550449
0.0959208825727252 -0.0200625601668732 -0.192535561045297 -0.110767496451075
0.0753299808610802 -0.0745130650969398 -0.196801957569567 0.0776197655537522
0.0182163454033957 -0.105817527023824 -0.0811649456621582 0.147526994582257
-0.0365632951687274 -0.0896189569544366 0.00197780808139239 0.124443034253213
-0.0492160048589205 -0.0942209094483442 0.0530319661219257 0.0865487676331887
-0.0480734267762181 -0.101931984259142 0.0894284646009292 0.0600127360931366
0.00418612404782694 -0.148468616751582 0.11454528782618 0.065411941849402
0.10600888903732 -0.127614338680209 0.106687005479556 0.108842438855249
0.168514904272157 -0.0422503745704789 0.0537259009647219 0.165846477410851
0.162208634002043 0.1285508702861 -0.0712753817997117 0.190993064508338
0.0330985594831707 0.238309269665888 -0.157380935864049 0.141008271441595
-0.0991615732342792 0.240675266857073 -0.124593482032423 0.117037285626711
-0.127941857358192 0.19823389198041 -0.0465270984831148 0.0542642108197503
0.00414565214978162 0.215224456995907 0.135567602338509 -0.0462837453846723
0.113382628942913 0.135940475700975 0.0276496503520627 -0.186366580962176
0.15729483533939 -0.0133487287484705 -0.154802705434416 -0.150001352975649
0.113556740264999 -0.106733798051905 -0.177502043533224 0.0274112134704468
0.0290168769625452 -0.147311893604765 -0.087890968595886 0.0934823716524005
-0.0500292424547835 -0.123072737518516 -0.0234096802998094 0.0773170266521172
-0.0671439651710895 -0.116701386867536 0.028307283699492 0.0443983981982445
-0.0650108176318802 -0.11959776840578 0.0680955131181803 0.0118851532811282
-0.00852539771707804 -0.174349978432064 0.112689424517373 0.00352308025006033
0.106009439210041 -0.164662175445327 0.138723139554812 0.0478446876273971
0.191284639878729 -0.0797650065995101 0.113937531447613 0.137113919278868
0.207646657906373 0.127793510855122 -0.0111275436775281 0.182914089372124
0.0507361289617131 0.272579198173073 -0.12115957226855 0.11770737877024
-0.111405337744146 0.272125221818615 -0.0734059204809014 0.0443072656460467
-0.165488480899069 0.193246825660326 0.0164381192249829 -0.0254935426614238
-0.0359477294117178 0.253599982273707 0.165650785558426 -0.0820255677137905
0.111852559260041 0.189986857333854 0.0813170143369411 -0.192887735089473
0.192602503448253 0.0106962747109965 -0.0915657368561029 -0.176548029443846
0.139998661131513 -0.114812180193901 -0.135038248579928 -0.03250604186634
0.0406904764990641 -0.164883074093839 -0.0871312048999925 0.0239636595813019
-0.0540829240845399 -0.137929571815109 -0.048639036112259 0.0187254827287851
-0.0746134214720819 -0.122183677913123 -0.000143427657339445 -0.00341758019610308
-0.0713119577732078 -0.118699088987143 0.0390575491566297 -0.0375746426560336
-0.0172250001431441 -0.171519958857974 0.0977422619704295 -0.0557326077723938
0.0927530281448476 -0.170497290200186 0.15072208159938 -0.0149643949709453
0.183003959406568 -0.0973520116778184 0.153178846789023 0.0961070252321926
0.21247667016111 0.113611111950268 0.033892299708002 0.158572758814025
0.0507613718630586 0.263613976223834 -0.0934087867838271 0.0876572180644618
-0.112768613122383 0.259565235396265 -0.0261067038876461 -0.0296648097393834
-0.168900284710379 0.152380224211419 0.0891118754216443 -0.104413922556178
-0.0711834426612344 0.235203462832934 0.193507938053848 -0.116967673624681
0.0811545153616325 0.20157669047737 0.127030736907156 -0.184613397978201
0.183649434868573 0.0341090687706605 -0.0210596592470616 -0.180037523835048
0.137707793860859 -0.0996683615867709 -0.077584764999439 -0.0852729906786839
0.043365806260211 -0.150926179630536 -0.0781353786641294 -0.0468455141930348
-0.0484799626915539 -0.128256771719397 -0.0694403545244278 -0.0403953572383555
-0.071177973477984 -0.108988129472289 -0.0278293158489996 -0.0487868639313999
-0.0665795671616798 -0.102585936134627 0.010269657968146 -0.0824588355484196
-0.019310592728277 -0.146372570702714 0.0775501348562992 -0.103520680238508
0.074921460009628 -0.148819984088934 0.150190652669775 -0.0641661569650614
0.157785781304749 -0.0876540349108833 0.17131929206149 0.0598943079537098
0.181637585198519 0.101837668967011 0.0614832612651208 0.129730971082788
0.0274630099649634 0.22601798061122 -0.0706668674682199 0.0594172623929266
-0.110588452558131 0.209436534340447 0.0163223278477202 -0.0916962502881773
-0.136590447123496 0.0860023226325706 0.153103469015725 -0.168027841134104
-0.0824972920535013 0.164819346552392 0.212593209500835 -0.143116597674055
0.041258364074681 0.159706412981405 0.155564658095609 -0.170360299330713
0.133526097373705 0.0371822768941622 0.0350504754951206 -0.167599017109669
0.102464743540693 -0.0692171109288826 -0.0276022462524535 -0.122285226919396
0.0347023118232633 -0.109059273548151 -0.0688016443658594 -0.103595442553478
-0.0355450312646163 -0.0959552468927885 -0.084893300886423 -0.0879769363361097
-0.0555292782942655 -0.0798263665040959 -0.0505430448928785 -0.0850785618104445
-0.0513529111788976 -0.075880747620197 -0.0127440176878188 -0.117611698350074
-0.0153971287450864 -0.108899795157216 0.0611731419506151 -0.13693915547638
0.055420512990162 -0.111706992239072 0.148661021669653 -0.0968124309583549
0.124514364757012 -0.0620241242685612 0.17879256874628 0.0364823953038842
0.131340110397026 0.0923868024297341 0.0765754762967601 0.108782923743303
-0.00557482011165304 0.17084427442247 -0.0516919635457281 0.039636188033009
-0.104363216267943 0.133723882718171 0.0543845062394384 -0.131461973395457
-0.0766855378518011 0.0052667501946184 0.190581802393066 -0.209586789253857
-0.0662205170271151 0.0632734801088897 0.211822329311621 -0.16005014721976
0.00714412419777711 0.0789803409161795 0.163912211797262 -0.16384685824995
0.059195547262271 0.0207508873471261 0.061590169317634 -0.157985913039921
0.0428537890593662 -0.0311249652142544 -0.0040552107341298 -0.142238858456441
0.0169009163635251 -0.0471351985814941 -0.0683806123580658 -0.133770999226658
-0.0179396973069486 -0.0447141772299051 -0.0948649405544668 -0.114608199040977
-0.0312417407463738 -0.0393272353379314 -0.0651456795247579 -0.106926978132364
-0.0285660845064135 -0.0408761633313056 -0.0266328179863086 -0.139406352059334
-0.0108640292473748 -0.0626319396571204 0.0529222910989101 -0.157620889253901
0.0324160659840158 -0.0672260255916643 0.151830688324867 -0.11624231237834
0.0847938998564544 -0.0319273109383404 0.183316804539974 0.025953386736058
0.0738297702550605 0.0765206676061488 0.0829758598000049 0.101679101311001
-0.0356457071878269 0.101785838849965 -0.0372628705269726 0.0325829568313577
-0.0856200943354554 0.0437730947170572 0.0860160094792987 -0.145593025096811
0.0386340432153453 0.0361433602316573 -0.0790935112375842 0.183273210488945
0.0223285144846988 -0.0324581244777822 0.0861105333662 -0.00313279971294359
-0.0191096589361487 -0.0284847597643332 -0.0671397708002154 -0.126684583279051
-0.0222318085811874 0.0143769868220914 -0.202557705834623 -0.0371115407947344
0.00685835747468592 0.0168523822645249 -0.178657425380665 0.134713139194787
0.0100782922627765 0.0011622193545462 -0.0442510870738481 0.191387449315372
0.007840386826073 -0.00213740719630391 0.0464329605934741 0.156277116193286
0.00032879469280834 -0.0124517350805883 0.0841080955677181 0.118815333618364
-0.0046711247257355 -0.012398463305602 0.107244907439947 0.109000031369635
-0.000671037719793017 -0.0207092748448002 0.0906249947212983 0.133548890049424
0.0189652973617812 -0.0162845927274887 0.0342658938299387 0.157357326211289
0.0206335327956092 -0.00361565393343193 -0.0469039885504165 0.158957955597141
0.036105386478108 0.00967637861499298 -0.148341682012559 0.172563755389347
0.0359154397360874 0.0380005396470701 -0.215787208186177 0.165286168270367
0.00101992850029674 0.0802539051969642 -0.195888271643157 0.213847059878329
-0.00570099284155387 0.110519312110564 -0.0887631969903901 0.167427268390384
0.0381963542412025 0.0467010255896045 0.0916694805415827 -0.00770047865225524
0.0342001900955229 0.00765858715103911 -0.0540179136736263 -0.139824658334787
0.0304568161265484 -0.0107902459114875 -0.205678723657618 -0.0593395037230838
0.0346726684754286 -0.0316223976123824 -0.185943502537463 0.120391915152203
0.00765810455598131 -0.0526364301333364 -0.0553971259554643 0.179984671874317
-0.0190509992845369 -0.0449526805358221 0.0332870226232832 0.147860403314047
-0.0292568609156136 -0.0546253286489294 0.076203025682165 0.107261382583274
-0.0301985127632595 -0.0619195126479962 0.105642989721884 0.0885392209338368
0.00280037441756302 -0.0927151318029124 0.107442154774252 0.106812122900714
0.0717091220930158 -0.0757741255397024 0.0707629089828238 0.143493489639608
0.105565952529831 -0.0140452229552176 -0.00209759949450516 0.166814526504094
0.0985542339749609 0.084641655993414 -0.1136440163697 0.184864798540421
0.0287694990171639 0.152627803453985 -0.183370472970122 0.15814348735725
-0.0552986088041949 0.173279454097841 -0.160794158512122 0.179277966697834
-0.0615990280855031 0.169637255686896 -0.0776375537220319 0.121513397722238
0.0380728016584536 0.134097833088683 0.107340098894944 -0.0255701149883433
0.0850204923652347 0.0622445616239572 -0.0241893791544572 -0.16243791582483
0.0923428034851386 -0.0252047018385785 -0.194741176759213 -0.0975741272163912
0.0687832939872578 -0.077783339809473 -0.187722109499669 0.0879350616601755
0.0105433898266619 -0.104818225315457 -0.0705938354273857 0.148798684828464
-0.0409561709513768 -0.0852060943734534 0.0096516500271435 0.121187376875825
-0.054452914215957 -0.0883648034974785 0.0573446329897105 0.0799107963794914
-0.053693786844177 -0.0962000948880156 0.0926445413356101 0.0518231273797467
-0.00554021610450088 -0.145376395440692 0.116452055685923 0.0557566322586626
0.0957663454066248 -0.132300660876587 0.11262507276704 0.100626314217806
0.161892757193904 -0.0505655555499012 0.0603862146031105 0.158125204535758
0.1659535399135 0.116179002007111 -0.0602585565658061 0.191555347537471
0.0452626354719706 0.231860568691494 -0.146022064184523 0.144587658613835
-0.0858920854780513 0.241855342854151 -0.11549793695687 0.121181722337418
-0.115173706916292 0.202644612099383 -0.0421256051907213 0.0543717975515193
0.0168820339659475 0.210580131148597 0.13105524312149 -0.0537914197794681
0.118593127547198 0.127150727337273 0.0203830788142325 -0.183624564821227
0.152752214089357 -0.0218361563020124 -0.158688109849574 -0.138456961525444
0.104320806884848 -0.111784844716185 -0.17131488113077 0.0369810257948929
0.0182159001969697 -0.146429973766157 -0.0814038811541653 0.0963957721808046
-0.055907337695109 -0.116325977312762 -0.0179785808488813 0.0781426206072679
-0.0733947147369633 -0.109209270319355 0.0308002481817154 0.0406930789286719
-0.0699656226509811 -0.112081416556355 0.0681920013587018 0.00602618499691503
-0.0193426224655706 -0.169901570685313 0.110477298631519 -0.00467401198745088
0.0935144061305678 -0.168381806005712 0.140053980510164 0.0389834746753453
0.181803375287956 -0.0896305026293164 0.118689203174348 0.126154657489921
0.210889360065154 0.112708472097847 -0.0028847652958027 0.17932626975158
0.0651627553564382 0.264207885155729 -0.112727833978835 0.120501120125491
-0.0961829718816 0.272845879271475 -0.0691568555355772 0.0479956450266083
-0.151779320923397 0.199863185959758 0.0148380952324197 -0.0266604063986499
-0.0203839561039149 0.250368924953886 0.157427553829432 -0.0894055395598235
0.120718965943989 0.180016086920078 0.0720148169333475 -0.192744410973352
0.188514771387049 -0.000785654105819188 -0.0981911078174487 -0.16774371399346
0.129076328575111 -0.121503399963855 -0.132822987983306 -0.0256846572755221
0.0283952611109779 -0.164289447306407 -0.0850698065804236 0.0286014926595613
-0.0604309805976755 -0.130652216422497 -0.0465406618850203 0.0232693182267205
-0.0808449676787368 -0.114011184620696 -0.000682555211700851 -0.00395472523260181
-0.0761817720776562 -0.1109541114238 0.0370266290781817 -0.0409865602181947
-0.0280800815607687 -0.166621856305672 0.0915277276873854 -0.0620505792411725
0.0793547739086904 -0.172400167116265 0.14753125481937 -0.0230263878572315
0.171998366997429 -0.106003169815809 0.155435797671641 0.0840463072195429
0.214798580284598 0.097697774946881 0.0404759995636534 0.152583908956652
0.0652328147808386 0.255014693115001 -0.0873624508853886 0.0899723882060566
-0.0985341571871705 0.260538280635453 -0.0272089574411229 -0.0268779434341091
-0.157465088985551 0.159909297031347 0.0817792964096402 -0.107880863414603
-0.0562122939244078 0.234109880805631 0.183154899519813 -0.124398022885357
0.0913019769603994 0.192151351778311 0.116849749126369 -0.186938192718947
0.181131730993367 0.022182438058437 -0.0290390261492365 -0.174993009179093
0.127823228016275 -0.106416645045269 -0.0802640232643613 -0.0806967707032916
0.0330120448956423 -0.151367284152429 -0.0802621051837928 -0.0411846034604475
-0.0546120647266126 -0.121384737971036 -0.0705135370883926 -0.0333488000110771
-0.0764437392623058 -0.10125114888352 -0.0307865968141149 -0.0465428205297795
-0.0703953541425928 -0.0955350590363895 0.00558605910741502 -0.0821250582711108
-0.0282398348586441 -0.142134217296586 0.0692170653441604 -0.106907184851136
0.0635669602560247 -0.150099990248163 0.144035548754219 -0.0713053412957701
0.147886496958236 -0.0943368269708381 0.170950164858278 0.0474690366410364
0.183544529452974 0.0881271070136887 0.0655298594376123 0.123332940111403
0.040744539785612 0.219570872881644 -0.0673368448430033 0.0615518783569386
-0.0984023885480886 0.211009903706207 0.010418930096673 -0.0892649594901208
-0.128889857265784 0.092576658484477 0.141284053474464 -0.173531854655575
-0.0710916902457007 0.1659650546667 0.199381214631829 -0.150681051758732
0.0492274296422723 0.153589299341455 0.145067783061339 -0.174090364152202
0.13236366382456 0.0281821844008084 0.0269841023302103 -0.166505682452596
0.095145474748787 -0.0738144598444251 -0.0327133412186005 -0.120113835087662
0.02675535046997 -0.109499248500675 -0.0746153751079136 -0.0975685236228787
-0.0404722459267944 -0.0906838514465554 -0.088797471373982 -0.078849957994147
-0.0599933269067464 -0.0737404095687658 -0.0554082723797808 -0.0799249456285699
-0.0541633125994079 -0.0703843323484128 -0.0194213196418769 -0.114399917673975
-0.0219225835485379 -0.105239129341809 0.0512659041290459 -0.138307246985022
0.047960775729072 -0.112109362945876 0.140600820300523 -0.103591445089963
0.117161187262023 -0.0669696314155558 0.176695010688906 0.024956781213562
0.133985499641664 0.0819053570005311 0.0791783400005 0.102494221909574
0.00433609282080295 0.167961386469899 -0.0500865609635144 0.0413299683869422
-0.0957606964043889 0.136550980149651 0.0458694631112583 -0.129695323077521
-0.0744367364868197 0.00983164786342401 0.175580515367705 -0.215236871662682
-0.0611471310637065 0.0654377531779127 0.198169078687096 -0.166755458038832
0.0112880801631998 0.0761445038597759 0.151743836167563 -0.167870157278584
0.0584852702435419 0.0160708773381997 0.0535844377025853 -0.158125264470749
0.0396233153717314 -0.0331780106656316 -0.0108076279779373 -0.141581082430085
0.0132250224088828 -0.0480022260577735 -0.0757376973192528 -0.127243788840476
-0.0196135464726694 -0.0427538692917322 -0.0999431565892963 -0.104459913400496
-0.0327454268463092 -0.0358803950463227 -0.0704023303265874 -0.100072776578905
-0.0300742729888863 -0.0378893581115769 -0.0342156876414944 -0.134685431950859
-0.0145862154673019 -0.0607117479737705 0.0420737547903447 -0.157320817664583
0.0276268486128566 -0.0670119760041932 0.141808040640896 -0.123028889288063
0.0799411666475545 -0.0357106035561842 0.180593020766976 0.0149679131284162
0.0763161031617647 0.0698440823066928 0.0852963383261284 0.094716746809091
-0.0296148693964574 0.102092359029273 -0.0356420882265984 0.0340708868603435
-0.0816094449983889 0.0476248534357613 0.0753424983509787 -0.14589560080629
0.0387505257292148 0.033495129992123 -0.0678532639409087 0.179404471559789
0.0195900892514828 -0.0316279017277898 0.0842641784452923 -0.00922041250419045
-0.0193527707572925 -0.0266444444277965 -0.0685567084773182 -0.120036352149184
-0.0206265270771881 0.0150594496725323 -0.195536504770606 -0.0278330751387043
0.00716419277806251 0.0164450712949329 -0.166064019972413 0.138424135470072
0.00923807746887896 0.000298534043308157 -0.034323895406735 0.186106254176257
0.0072493079958924 -0.00347133850202083 0.0516107697263289 0.146093439198148
-0.000763791569953176 -0.0118799505694616 0.0862989839716063 0.109957772172824
-0.00482322930689743 -0.0119825156955396 0.108416207403362 0.0990050567060715
-0.00143765091385752 -0.0197720824537319 0.0947366632949712 0.124163434595106
0.0179738425174534 -0.0167313939064408 0.0399949440980951 0.151367712740617
0.0203965430425759 -0.00437716153178996 -0.0413837264623255 0.155627773441926
0.0353158959749067 0.0074998722490078 -0.138116199272624 0.173343903107827
0.0349055556954272 0.0358685458184228 -0.201434867835785 0.165923908048771
0.00295672255375882 0.0784643357684729 -0.18158759797646 0.212374969520621
-0.00204944566105029 0.107391209580184 -0.0779745318089341 0.164022011097611
0.0387867817601961 0.0435229042758322 0.0892243448467872 -0.0131712326437543
0.0332004569948397 0.00656542445928932 -0.0556328934926767 -0.13342072326519
0.0284956479661468 -0.0113438086760622 -0.200226553006101 -0.0492856686084525
0.0318926571118376 -0.0319993130895701 -0.174213309843712 0.125054475318499
0.00409820829542618 -0.0508633263601967 -0.046040552184163 0.175663792311222
-0.0205384157645237 -0.0420896818275755 0.0388387572376803 0.140204975113438
-0.0311378244258138 -0.0511248081834439 0.0788489081296216 0.0989100201654373
-0.0322155628715632 -0.0577941972472784 0.10642565488519 0.0787947898335683
-0.00149364420341984 -0.0899637148562428 0.109869155659536 0.0974266751074683
0.066064133474165 -0.0768399898858385 0.0749336098484209 0.135494750258731
0.10075984807831 -0.0177514021473157 0.00240276118972288 0.160623415518948
0.0984635306707616 0.0776854011924848 -0.103864006475837 0.183406665950749
0.032471343344892 0.146500896006962 -0.170609223992543 0.158169545704665
-0.0482207889812648 0.17075670371654 -0.148744999022323 0.178733837780679
-0.0528841709407923 0.16721632062176 -0.0697298884395142 0.119839105297209
0.0421972761684296 0.127462498152891 0.103097954685009 -0.0299907151091569
0.0847182588801738 0.0567262200006179 -0.0264253877879608 -0.156423346292992
0.0871872209356514 -0.0283564539208487 -0.191248007767637 -0.0856709097562225
0.0620099374338603 -0.0779952132761831 -0.177484794752665 0.0924311524007708
0.00490655230179739 -0.101217199422246 -0.0620639635294533 0.146555116315667
-0.0433239599394386 -0.0798257552884093 0.015799654052118 0.116283779694459
-0.0571512688729413 -0.0824144660828797 0.0586049625767721 0.0736192473977464
-0.0557448460085654 -0.0897170836350614 0.0919370729864891 0.0436528865855241
-0.0123872872397723 -0.140076212111427 0.11571862057891 0.0480818273813122
0.0857715489443802 -0.132207012791829 0.114374999947433 0.0928001399230614
0.153583978487029 -0.0556052845609356 0.0630427624319075 0.148787157229375
0.165568276057397 0.105467837350827 -0.0519212516474392 0.187950631064598
0.0526887222848725 0.222285952683505 -0.135700164982104 0.143057940652579
-0.0760052825936314 0.238351605442997 -0.106864834816001 0.121528464831147
-0.103373081200589 0.20152142321551 -0.0378192507334798 0.0536865864305109
0.0253510647530484 0.202013538469543 0.124587312638078 -0.0579231629081689
0.120318328925263 0.11823927744376 0.015439754577406 -0.178059150261119
0.145861378304013 -0.0271105794330486 -0.157461768861708 -0.127032843130771
0.0953967843546985 -0.112296107556545 -0.163061986654145 0.0414805505175893
0.0101916253225053 -0.141765990839268 -0.075089174717562 0.0968409337873242
-0.0587878833573007 -0.108331345245532 -0.0132038697768302 0.0768520457513602
-0.075421054383294 -0.101292139095832 0.0307672942514506 0.0367543732067927
-0.0721600607117498 -0.103719503864627 0.0661829428375434 0.000665674855539523
-0.027251567899637 -0.162817773689027 0.106393337322663 -0.0107240963242166
0.0819448742678191 -0.166883833962016 0.138325746257729 0.0318577576635673
0.170664731430864 -0.0932015230869784 0.118120666386113 0.115478597210042
0.208416911702009 0.0992575223237467 0.00235986252675713 0.173412478718559
0.0739057919610316 0.252487953085513 -0.104466540204777 0.119290117459543
-0.0847082808526774 0.267710301104177 -0.0651936848847234 0.0493845242466169
-0.139147331484206 0.199636421436664 0.0132782613400962 -0.0272420748815142
-0.00804099637187027 0.242173959010933 0.149004752125328 -0.0926468400046844
0.123422254371457 0.168944882973165 0.065402603958852 -0.188451345078476
0.181305541066073 -0.00836446627219895 -0.0995545281779343 -0.157922466133083
0.118722983923475 -0.122977166747036 -0.128683964261262 -0.0200114717042423
0.018711123057646 -0.160148248506244 -0.0813550118260919 0.0309720373825419
-0.0636812635388084 -0.122022827840024 -0.0435443190434084 0.0257544833917755
-0.0835239302147545 -0.105208473595211 -0.00115458428882583 -0.00396991406774339
-0.0772035230763213 -0.102288096464257 0.034152145725539 -0.0424140845154081
-0.0344839323667674 -0.158967537015198 0.0855147920628322 -0.0650109138875027
0.0684004227988507 -0.170605695146692 0.143260867026991 -0.0282555155881501
0.160559180221319 -0.108507767576922 0.152544833127431 0.0733642116962091
0.211033385225273 0.0848010422245211 0.0431769615343384 0.145521525892637
0.0734276468264349 0.243757842749346 -0.0819034936142244 0.0892702779890535
-0.0869052271176404 0.255748039242323 -0.0273688016688801 -0.0241014292818499
-0.145765505637205 0.161842228552108 0.0747359361400155 -0.107325416885383
-0.0436817700763379 0.227051310909362 0.171442518823895 -0.125971150101421
0.0958295183908681 0.182196070891795 0.108527896529578 -0.18409669252511
0.175087058198235 0.0136677413366519 -0.0325118969527625 -0.168189918214671
0.118305065768582 -0.108069450208086 -0.0792255030390409 -0.0766876917192202
0.0239280508305712 -0.147734417545566 -0.0798082888225602 -0.0366067354321548
-0.0577866907393937 -0.114260070648608 -0.0690240334241458 -0.0270024772735471
-0.0781287189985599 -0.0932838384233824 -0.0320837486034008 -0.0433307790333494
-0.0715631241640804 -0.0878611982404319 0.00222450664272023 -0.0806294846786787
-0.0334998925410257 -0.135726187685175 0.0611967111771488 -0.106465824985875
0.0542915868308495 -0.148102724434428 0.137176715768922 -0.0747219560243275
0.137575675074245 -0.0960188995007709 0.167136035348472 0.0377939900753001
0.180507841311828 0.0766907223405333 0.066056933575357 0.116274991857794
0.0480094008584427 0.210410469454016 -0.0636280593426553 0.0616451621954948
-0.0887968255812658 0.2076281979159 0.00662510129493034 -0.0849079878049401
-0.121058235576547 0.0954149084318057 0.129689496568544 -0.173267431188777
-0.061158545923547 0.162199520593696 0.186432526092202 -0.151007433619976
0.0537283632260501 0.145326164562839 0.135041373125974 -0.173567637824716
0.128671111016395 0.0214217603376772 0.0216256325406031 -0.161544832696714
0.0874988388977577 -0.0755606581710675 -0.0353043846201876 -0.115910555870018
0.0202038354598358 -0.107263300230098 -0.076645909729669 -0.0906379182137773
-0.0421709950101143 -0.0854622017740933 -0.0886647474300609 -0.0702438872902181
-0.0609490877845616 -0.0673998854254799 -0.0571197197164248 -0.0739619259554169
-0.0545158327594356 -0.0643884298020282 -0.0241368113317286 -0.110257102829994
-0.0255189267072853 -0.100337249087239 0.0431790628402103 -0.1356315538689
0.0408190317926311 -0.110092893786254 0.131786323220497 -0.105173591184249
0.109102295699394 -0.0682266251378691 0.171363605285815 0.0159148441491372
0.132272929484225 0.0728509828634581 0.0784423828964165 0.0953776759290748
0.0108555204952758 0.161783368200954 -0.0476491487621932 0.0420974385060135
-0.0873843875764406 0.135559105175115 0.0381869681335569 -0.125021842347801
-0.071288433479268 0.0128051809368862 0.16152507393593 -0.214587674285188
-0.0560784026505012 0.0654914011888895 0.184417767282137 -0.165421738283092
0.0137883300495207 0.0719044627773696 0.141173481910707 -0.167826005563836
0.0562225286947626 0.0122090294676262 0.0476892967188972 -0.155305022595718
0.0355043830308549 -0.0333585426732828 -0.0157726007656773 -0.138131154522221
0.0103481221468197 -0.0474640009448879 -0.0789098407776209 -0.119308073397934
-0.0203191479700366 -0.0397490375154537 -0.100665060152212 -0.0943318730159913
-0.0331527430690072 -0.0326890089806625 -0.0724116804649109 -0.092729461791168
-0.0308693550479584 -0.0350085147828725 -0.0389042218195081 -0.128340125796724
-0.0170000617116864 -0.0579011786203692 0.0338636247854932 -0.152628440386256
0.0237497804092434 -0.0655775946554557 0.132006150904908 -0.124082332245194
0.0753168728883262 -0.0370734063600284 0.174803224914474 0.00658276668488573
0.0759638562142013 0.0640159538546717 0.0846225643821285 0.0879642038807569
-0.0247628770240707 0.100277955465897 -0.0333807495176327 0.0348401367640702
-0.0760923645222319 0.0490983217828563 0.0656609518658598 -0.14146646407854
0.0195254955821366 0.0471973461587369 -0.12805782266402 0.127562130549776
0.0298049639368967 -0.0191160701380606 0.0781677351214202 0.0218515815128942
-0.00664539053526619 -0.0318414528375575 -0.0131867630566544 -0.1350329294056
-0.0234726833307621 0.00517532630294556 -0.163603784327209 -0.101748059876866
0.00153417642648576 0.0168861303630127 -0.201979129124441 0.0566410352720911
0.00810712961509437 0.00380709591309464 -0.103787134659192 0.150449127472672
0.00742076388963397 -0.000703335789943592 -0.0120292664756251 0.148793741338172
0.00399947515720817 -0.0112379357292834 0.0336611472918569 0.13008081354953
0.000894991604304273 -0.0130614377581789 0.0581878662281804 0.128463084969646
0.00700933618894018 -0.0189100793490131 0.0371044997290721 0.148361245510863
0.0242692864572231 -0.00799636433760302 -0.0243755602894798 0.149281174690389
0.021206194617486 0.00554038498876362 -0.102027191573987 0.120562136336242
0.0298015346643924 0.023375808951174 -0.190675871254547 0.0984991456403122
0.0168660465339892 0.0490497323950543 -0.243457721484151 0.0684784614194284
-0.0272834983154548 0.0773067265923929 -0.251242544235842 0.115454061290614
-0.0497495287811792 0.0969413109151428 -0.122983822215332 0.112275627819187
0.0147984797513733 0.0548604021093098 0.0893395723579178 0.0201099176068499
0.0263267805462379 0.0193577485103054 0.00786523206239775 -0.144126984972866
0.0293098800795541 0.00277400953043124 -0.159744215699168 -0.125850390259499
0.0423450996946501 -0.0156204098000128 -0.2051242444187 0.0399071448399063
0.0238948104088059 -0.0430255717650794 -0.112125872196851 0.135446600128636
-0.00162797291286961 -0.0454898909734415 -0.0211226341653913 0.138376030853339
-0.00823577938055406 -0.0574415384499096 0.031265434930443 0.117487095081034
-0.00564492006747487 -0.0634056100743508 0.0657384707294561 0.109248168601707
0.0323351858623044 -0.0814946058180471 0.0622011612220827 0.129338091139365
0.0896338514004096 -0.0447231578936994 0.0141424413870809 0.149126453812256
0.098086580778155 0.023534874641332 -0.0637312954553224 0.143757576290365
0.0624415263441464 0.110227906027107 -0.166275079638776 0.122038297334831
-0.024921637407442 0.146752665534516 -0.218910658932278 0.0758170151107884
-0.107980800195316 0.141812603216359 -0.211652480715188 0.0940527498643642
-0.122917776207406 0.128237885717052 -0.0902579230145843 0.0805613460216751
-0.0171858854473712 0.129250765398011 0.112620426722138 0.0120463282401437
0.050775136353517 0.0856575136769298 0.0472170308629404 -0.155965182045775
0.0871381649990759 0.0131378076383733 -0.13661914760446 -0.158715178042723
0.087362710648835 -0.043633938178943 -0.19661991986763 0.00661824160097895
0.044012516622389 -0.0872750396388808 -0.116508560289288 0.101936420891781
-0.00624079588992241 -0.0865964652751326 -0.0336402911042086 0.108532436621616
-0.0193692665101992 -0.0948733367621833 0.0234694985440022 0.0876858930981381
-0.0142570697579113 -0.100852856565651 0.0665216581786296 0.0720466597997636
0.0415434687705129 -0.129901403204351 0.0865309640507014 0.0868420776783704
0.12775456243851 -0.0877864180107842 0.0660106931744589 0.126252216732275
0.15925523615745 0.00915698874566734 -0.0032649664459586 0.15777353989514
0.11351337636621 0.159332043763619 -0.122220071378408 0.147514582611135
-0.0333282901954973 0.221485527195862 -0.185611910861384 0.0780256200209534
-0.157893618321685 0.191920791938695 -0.153296652600426 0.0574016993675883
-0.182999040158923 0.136508977319286 -0.0310210558280083 0.0390218030222876
-0.0634377732318199 0.18683883515022 0.146072125825461 -0.00178094376614132
0.0568714188752703 0.15421919482393 0.0981301855688543 -0.158976498166993
0.137425155087172 0.0379603170019565 -0.0890140304737642 -0.186153736607221
0.130101018837052 -0.0596935922744414 -0.164882216064967 -0.0353451393761349
0.0651595860086098 -0.120509460928593 -0.109357211402516 0.0516857279646961
-0.00809726196644966 -0.117388507658567 -0.0439401713294278 0.0623029024333226
-0.0286187543590936 -0.118882557475221 0.0125816234890721 0.0443287190363205
-0.0237244895200446 -0.119861035498969 0.0607910406204967 0.0232736395581777
0.0369202380908275 -0.155757874730066 0.102100381071056 0.0309337130474877
0.13633086125501 -0.120656817258845 0.111899984609067 0.0822421801809331
0.189155209050458 -0.0193860532648435 0.0607902686610741 0.14997338576894
0.155191794998842 0.168144972204205 -0.0682966721963741 0.157689823315749
-0.0253468318424585 0.255704315148347 -0.150789418106133 0.0700720697446571
-0.175647007333612 0.214019186253534 -0.0885658792696151 0.0091280135443974
-0.214760331249584 0.119707603149063 0.0474619526156408 -0.00825007595631021
-0.109840538703973 0.207189262583449 0.182923774393242 -0.0200448071995163
0.0391503262885146 0.200319047176894 0.14964099061305 -0.147658129012746
0.160165238368981 0.0686089247143739 -0.0223957018470378 -0.192911632168471
0.154447421699611 -0.0589722446792962 -0.108935995582318 -0.0779394870571918
0.0797832448890451 -0.133223761039267 -0.0894877670332142 -0.0100353058776201
-0.00695156008769992 -0.130823642246835 -0.0505225253153126 0.00540720976875041
-0.0338776009707955 -0.124565642551969 0.000310575729689566 -0.00426839093318018
-0.0292920060435359 -0.119985853761227 0.0488197517686613 -0.0273614257047011
0.0279692862574137 -0.155094634306612 0.104479710994051 -0.0260655552518763
0.12515381573991 -0.129266223027771 0.139974263417918 0.0311249319734747
0.185024642155793 -0.0366874978784115 0.108321076340957 0.126152719354035
0.162988167318449 0.155332328353989 -0.021128618444817 0.14870331793257
-0.0219174396331416 0.247205569903614 -0.118815046530655 0.0526171531058823
-0.172835534828501 0.201626403210689 -0.0253667061359844 -0.0401454261464021
-0.204229162477086 0.0824260096666809 0.1303157642664 -0.0532638005545194
-0.134989625002131 0.178814153087 0.214800489326734 -0.0387359649431128
0.00906690186504788 0.199414151832173 0.186010993731306 -0.124250679590519
0.14541382032177 0.0845840138765851 0.0428302257518573 -0.17417597307307
0.14732793355528 -0.0448120792735152 -0.0419145087159608 -0.108386285478306
0.0790544635927988 -0.120226676086414 -0.0606878083945845 -0.0686818764843382
-0.00496489133436595 -0.121837433821502 -0.0528718701621735 -0.0513269632373563
-0.0339507669118142 -0.112446654187712 -0.0119185580163848 -0.0506597374944207
-0.0297388277747152 -0.105036196797002 0.0347415548848685 -0.0729384337671667
0.020511676301822 -0.133558981350465 0.0981794330028451 -0.0722638914592429
0.10403857267208 -0.113730169249084 0.152431694407844 -0.0120728173140912
0.1598375250276 -0.0346883218912905 0.135044906898899 0.100557051974468
0.137985107981516 0.136237405546834 0.0102322259178648 0.131797178786336
-0.0327942779486062 0.207043192283824 -0.0907194983480693 0.0344295363004415
-0.156449681601088 0.155875612146474 0.0312938725823897 -0.0795716159272983
-0.151374877598083 0.0329367926573828 0.198002786877557 -0.0904813473451961
-0.122561760799634 0.114753348000387 0.234096463697294 -0.0529545083519789
-0.0126862073851002 0.149324954814515 0.202180870271892 -0.101192975648207
0.101473923726808 0.0715887641654385 0.0896522338401589 -0.14355319742589
0.106774895378313 -0.0290030050711843 0.0148097840554863 -0.124338766592157
0.0602637277701366 -0.0862092489031595 -0.0351420093767248 -0.114527995225973
-0.003413629314931 -0.0906645052527135 -0.0529555319066762 -0.0967028789264561
-0.0283398386197226 -0.082714131040552 -0.0220073927685124 -0.0874324437632981
-0.0237453885119662 -0.0785050857677126 0.0225194705289289 -0.108535966166004
0.0135546509584689 -0.0996330757098978 0.0930436646782823 -0.104599147637022
0.0768282217238916 -0.0846319409607463 0.159542440471614 -0.0410842404204608
0.123690319315375 -0.0209506597181057 0.147398020085522 0.0830758559013682
0.095121826511401 0.114093711767853 0.0292744222513358 0.11743570263993
-0.0492646123103404 0.149929832707321 -0.0677117662856069 0.0215751802622236
-0.128489614519592 0.0897152546815867 0.0786785786737828 -0.101470267750884
-0.0699282548628411 -0.0191687625233565 0.23345802921776 -0.118207561313421
-0.0768503740043915 0.032721799228234 0.232965885615382 -0.0671079141212709
-0.0174020672067757 0.0673439249904579 0.199777823647927 -0.0917152393235171
0.0419701224907822 0.0337575096932499 0.108899628820413 -0.123651224994921
0.0438463968605995 -0.0134116494714969 0.042320977084494 -0.132328554241753
0.0276846673656101 -0.0370146710101155 -0.0244458212341754 -0.138668574406189
-0.00200391745469314 -0.0432033389007661 -0.0536626805405256 -0.123091629491632
-0.0175006916666943 -0.0416675216368581 -0.0279906414151683 -0.109827580542645
-0.0142839946683259 -0.0436030582636112 0.0156500107412899 -0.129050112793877
0.00572163809589442 -0.0581828315245762 0.090886179846075 -0.123116914474461
0.0451553627538629 -0.0517756351272123 0.166138863060347 -0.0565946516193876
0.0815733929221566 -0.0059790986597983 0.152494885231982 0.076076965381687
0.0473854879756356 0.084931033654534 0.0373410513324465 0.112254474710709
-0.0585842958448867 0.0818635740219756 -0.050358968930452 0.0181305975290891
-0.0868287330882431 0.015002201986535 0.113043952565821 -0.103708770630803
0.0195060712012945 0.0466929921060904 -0.123280367141589 0.127990261156066
0.0285796232396431 -0.0189691523519626 0.0786913825019065 0.018040686705176
-0.00739437994497101 -0.0315552936107921 -0.0146331575036558 -0.133365926910124
-0.0225417156599566 0.00573614520438464 -0.162827636259637 -0.0974789966204147
0.00213164965054728 0.0165608622411503 -0.198406677502634 0.0608018630341784
0.00788480421137982 0.0029124940804397 -0.0989556982464187 0.150727246026325
0.00666889814222891 -0.00168659312153477 -0.00873732961839127 0.145921094485274
0.00349158726698314 -0.0115719477043635 0.0366980432840495 0.1272636953814
0.000632179744666478 -0.012460661320504 0.061933910987739 0.124761520209221
0.0065688812077629 -0.0191486333316219 0.0418520391567883 0.145558753187158
0.023597614535931 -0.00897943584524748 -0.0216424185301074 0.148750686295245
0.0206964891848225 0.00510806553409824 -0.100921420875229 0.121128185340302
0.0296048804740871 0.0222556208456868 -0.187687271458845 0.101235225146817
0.0159878051718751 0.0481655383757811 -0.239415969756071 0.0700620255792165
-0.0263119279647992 0.0772987568230607 -0.246836242959149 0.116838449867512
-0.0480626346664331 0.0973674491782401 -0.118511592718738 0.112642390584123
0.0155967653888477 0.0539909113201958 0.0889203421640709 0.0165872847260801
0.026249631779112 0.0186948123570258 0.00700100479723262 -0.142684494434958
0.0291918024187233 0.0026672339986039 -0.159408006126261 -0.120938726273652
0.04146578649477 -0.0164531408639334 -0.20154067268939 0.0439512284134113
0.0219426236206101 -0.0434520610486595 -0.106888070891218 0.136099807442404
-0.00253591594190342 -0.0451999962416287 -0.0172661105852347 0.135930932840735
-0.0100348344000435 -0.0562392339065504 0.0341117246283099 0.114474220668351
-0.0069888760152703 -0.0624893992209004 0.0680048431152362 0.104642332146365
0.0296604736989384 -0.0815560049474509 0.0652508313379756 0.12587780532562
0.0871914525721143 -0.0473929791215233 0.0174470037358335 0.147934300834419
0.0973068288458455 0.021667467306211 -0.0626031187766069 0.142183112759984
0.0635929258534597 0.107877258484735 -0.162893974802091 0.123952446019893
-0.0227623862033879 0.145926450086758 -0.214944163331739 0.0763692664996242
-0.105783633397647 0.142934699259186 -0.208301349075611 0.0961268270981271
-0.119642417478817 0.130679196458296 -0.087194566982522 0.0802661440973083
-0.014116515772517 0.127990259722884 0.111527291337399 0.00852412090086616
0.0519725915505815 0.0832626005729616 0.0458815340280004 -0.155019321867543
0.0860087061340018 0.0113863670476057 -0.136945645414149 -0.15377212005324
0.0852150118988428 -0.0450021478244902 -0.192898969269667 0.0111740411332673
0.040834004427796 -0.0876682463716885 -0.112543961448584 0.103187485412878
-0.00838298458577195 -0.0850685802758387 -0.0300701393796278 0.107429563179785
-0.0215974662433899 -0.0931930071297266 0.0250024032858474 0.0854090203255584
-0.0162074704513885 -0.098672603210908 0.0684966727807195 0.067865932265911
0.0376075808874329 -0.129956355252522 0.0889006704282367 0.0834505458173787
0.124045829239226 -0.0904613961709454 0.0693635194149993 0.124277468768571
0.157116407580636 0.00609301940057799 -0.00174679801158268 0.155249806516861
0.115944402724084 0.154851567044976 -0.119492851267271 0.147832663828024
-0.029310730293916 0.220138951965906 -0.18273600129039 0.0781192101641858
-0.154848547021072 0.193445513809375 -0.151341388674694 0.0592759641174
-0.179547803234502 0.139797267878021 -0.0302399449693484 0.0382606060390519
-0.0582396978747073 0.185798166764589 0.144700485068053 -0.0054889370766558
0.0591643856856872 0.151627897764308 0.0971245259115694 -0.158625806733409
0.136445424717119 0.0349305678048248 -0.0902278446646012 -0.181655340921136
0.12668996569657 -0.0622740603390626 -0.162420218248173 -0.0319878773243509
0.0600117498244417 -0.121097278564782 -0.106762268801565 0.0531632571302898
-0.0110090187583845 -0.1158992008883 -0.0412323641779003 0.0626474069558883
-0.031479442847239 -0.1159782196426 0.0133374255128573 0.0429975639383145
-0.0253698084238462 -0.116751059508967 0.0609902295938785 0.0196580777189588
0.0316576490733384 -0.154859926986575 0.102261304088195 0.0270807020008338
0.131792061811112 -0.123247671901147 0.113705155632614 0.0788978526999165
0.185754568736944 -0.0224327509694371 0.0618158878061503 0.145886796355875
0.157485855524088 0.163191770209837 -0.0661976631231311 0.156375119976401
-0.0199097211537345 0.253859760654521 -0.148737017014964 0.0702571534768364
-0.173071349698258 0.216006074899923 -0.0876433437008482 0.010822320531926
-0.210738259740196 0.123656307493696 0.0465330027303925 -0.00957727494001367
-0.103978344964202 0.206549454163916 0.180254037246405 -0.0228731716817239
0.0426698566146358 0.197706131887069 0.148488566132158 -0.147977463899425
0.159883096968618 0.0644777628041595 -0.0241159469762774 -0.189432266762787
0.151237694994495 -0.0620558962185696 -0.10789990008463 -0.0758734235268658
0.0746449654003717 -0.134170433977354 -0.0887370920029047 -0.0080511700489047
-0.00994969195451651 -0.128879759776259 -0.0493687502138525 0.00764674234843944
-0.0370626064034484 -0.121660341196387 -0.000557133991634058 -0.00439496352162795
-0.0307485148703683 -0.116899023226938 0.0476977931255892 -0.0297470325501954
0.0236807900943086 -0.154274947698708 0.102521369480109 -0.0287990425221081
0.120103515670243 -0.13125537300144 0.140544506766568 0.0277564542478035
0.181307546333252 -0.040096335956133 0.108692864926994 0.121142374070189
0.164349347980488 0.149814206716522 -0.0201912214879457 0.146873351466986
-0.017392602625447 0.245462395268294 -0.117828878210961 0.0528914658939726
-0.169397581592411 0.2028372996229 -0.0262266291361057 -0.0384409885330453
-0.200361618335873 0.0861606767721119 0.127481685997614 -0.0554448921097411
-0.129550550930138 0.179674062781503 0.211104829305128 -0.0405822883566147
0.0130021566580632 0.197270963674963 0.184408990121065 -0.125679721685409
0.144692660534553 0.08044076193733 0.0413725863821827 -0.171920322954684
0.144030030480272 -0.048339711107914 -0.041533686222424 -0.107566030700272
0.0744122870033848 -0.121007367339994 -0.0622355771676701 -0.0674100414885952
-0.0077303319032473 -0.120063708765826 -0.0531742381452575 -0.0480380657446482
-0.0368297328289244 -0.109047151949983 -0.0132895475855002 -0.0490741619107659
-0.0310996979182366 -0.102644867203155 0.0325076927511419 -0.0737877046436175
0.0164237668034002 -0.132673938207869 0.0955301995481958 -0.0737476691559252
0.100247393842747 -0.115249847019113 0.152471111395891 -0.0148339914461904
0.156337495628969 -0.0374178390811353 0.135344131841137 0.0947553320949251
0.138790162656905 0.130294391391005 0.0109110462735332 0.129458889611687
-0.0289567580829043 0.206139858360116 -0.0907350037449196 0.0346812732597538
-0.15298637337776 0.156804121283783 0.0285681646812916 -0.0784638424824503
-0.149848742668525 0.0364465006217496 0.193912509394232 -0.0930623421293014
-0.118598582763741 0.115279824755969 0.229672404602791 -0.0553323866769872
-0.00967350864946402 0.147555186808331 0.199610835785392 -0.102773868589196
0.100911749572746 0.0681973700034547 0.0871295220155728 -0.143201374589899
0.10400946243689 -0.0309239857675275 0.0136619171751308 -0.124528658418209
0.0564650891371318 -0.0868031074630594 -0.0381339102476876 -0.112820148876888
-0.00514692754004005 -0.0895659321374784 -0.0545555126304322 -0.0933811754962331
-0.0303408226556144 -0.0805026148356791 -0.0238777084121051 -0.0855931738313215
-0.0251872673859251 -0.0762996325172268 0.019666303846184 -0.107871097984245
0.0108792047874269 -0.0986008685675461 0.089595005338032 -0.10514400092523
0.0736928304395274 -0.085413448528615 0.158408593305356 -0.0434897160602799
0.120959378525876 -0.0229115182743274 0.146702466910593 0.0783264343335378
0.095841993799588 0.109492299940983 0.0291435221358098 0.11561053122959
-0.0456919172569593 0.149649344029738 -0.0680161919676265 0.0227532307458319
-0.126202903037069 0.0915984068490467 0.0755324348195716 -0.100619522348867
-0.0692928841724999 -0.0170587624178018 0.229267799892974 -0.120423806663078
-0.0751863931038237 0.0339765128867918 0.229375833372959 -0.0676265804887038
-0.0162095082353358 0.0664342567300773 0.196228020085283 -0.0929618771289084
0.041328656810645 0.0318878425136563 0.107739691541415 -0.12401602346365
0.042506805460666 -0.0140962325407264 0.0408087933440733 -0.133500009377672
0.02600738364456 -0.0371663703125036 -0.0275797728217044 -0.136747695053045
-0.00284611639273578 -0.0426884081254418 -0.056125765369392 -0.119369515559396
-0.0186562208327457 -0.0397902461198961 -0.030810746052396 -0.107359549492895
-0.0153798765378683 -0.0424311273972811 0.0123231575500576 -0.128132821441736
0.00412636970037031 -0.0580144696566476 0.087426954189657 -0.122976140578241
0.0435850698731518 -0.0512629731876079 0.164033174208534 -0.0592769096966569
0.080275483084611 -0.00721171557722131 0.152520215338972 0.0723905421610292
0.0475639952884029 0.0825986045143788 0.0376777789142796 0.110628739483351
-0.0569054369897124 0.0830219880654264 -0.0505765781331913 0.0192436071627176
-0.0852098644747714 0.0161282932122322 0.109332557949239 -0.10262602789791
0.021308711872761 0.046119154852636 -0.118563721120734 0.131290797625808
0.027573345961566 -0.0195541979088222 0.0789746994094476 0.0137052288419714
-0.00867387710825008 -0.031342616084469 -0.0179992786718051 -0.133371751885012
-0.0226385663839933 0.00669159126583111 -0.164371363050844 -0.092577297606856
0.00316514996401976 0.0161975406143202 -0.195721451598493 0.0685834801616199
0.00781720241816054 0.00273465426645388 -0.0928068029718047 0.153878758626641
0.00611338513175911 -0.00230074459267056 -0.00362992609524062 0.144091378834518
0.00278231522376212 -0.0117176515897693 0.0421314295546723 0.124842512814727
-0.000160767765458482 -0.013047227650251 0.0671198925988558 0.121002727180952
0.00583781884695407 -0.0188958827470127 0.0485244746819721 0.143831029680387
0.0234515797736384 -0.0103706190141869 -0.0168577449495347 0.150333182060774
0.0214751739128699 0.0049019264727029 -0.0997153465499931 0.124560035892192
0.030113717583766 0.0205315919133587 -0.184619389693446 0.107135782613413
0.0174855887026239 0.0480606570062392 -0.236713828001655 0.0745719558530023
-0.0244075402191997 0.0789458567303541 -0.244146373201885 0.124030680315986
-0.0450359545787875 0.099702434201175 -0.114762514132327 0.115844474499973
0.0174861868974016 0.0533439611458505 0.0893174748353491 0.0118848215673661
0.0270195079611363 0.017837966606359 0.00356157074354961 -0.144681395377365
0.0290891021092928 0.00142790276551029 -0.16145148237254 -0.116078222357209
0.0408760002616061 -0.0183404454957046 -0.199052323478128 0.0513671422985256
0.0201351676191476 -0.0443258084651621 -0.101402422100741 0.139927107292354
-0.00462164040063861 -0.0453112286216344 -0.0117013164064927 0.135401384750362
-0.0127389523172996 -0.0561175002563053 0.0379374556483376 0.112430394042272
-0.00908755015267273 -0.0623382051703577 0.0723915167760709 0.101323925131967
0.0266630735375286 -0.0830109507568177 0.0714673683787623 0.122703331077565
0.0854751270589149 -0.0516189487859029 0.0230567878258254 0.147780033056272
0.0980046546634522 0.0184487485057011 -0.0600968507004173 0.144526503426038
0.0677330318554774 0.105480885599175 -0.159687110033825 0.129733082723632
-0.0185479872037368 0.147117754419974 -0.212672291062982 0.0812520043128622
-0.10249853407886 0.147492693339932 -0.205198106677818 0.102039261954771
-0.115895112548297 0.135616898164333 -0.0846677785823509 0.0830330994777253
-0.00948185474207562 0.127847570724594 0.112236768722899 0.00372355876320933
0.0553411236506537 0.0819512201510557 0.0436353163498004 -0.157127955368229
0.085831954772939 0.00808006715945713 -0.140444542006 -0.149805447233033
0.0834691136166015 -0.0488998674561469 -0.191770523008279 0.018207372103923
0.0367778406843783 -0.0890725275117321 -0.108170793977601 0.106812418858788
-0.0114464046414099 -0.0850497971136909 -0.0249239035634484 0.10762709026121
-0.0256380392858402 -0.0915126850060489 0.0282033828229039 0.0834403923923633
-0.0197455850001158 -0.0977098156267018 0.0712859553801058 0.0635398791968191
0.0313998112747043 -0.131330745547129 0.0930730259227433 0.0788823354579921
0.120415748347203 -0.0964523210493049 0.0749841168118728 0.122122768520534
0.158072116361767 0.000758332664652703 0.00126556852526958 0.154708892991506
0.121553110858511 0.150972981416408 -0.116351618476465 0.151938478526865
-0.0228133960604972 0.221521126268294 -0.180307672838202 0.0822737888617755
-0.150350918077013 0.199597126337935 -0.149546940231006 0.063501718211704
-0.175017600850943 0.147303317337284 -0.0291932580053901 0.0385969129922
-0.0514018301569143 0.186967028418742 0.144369410188085 -0.0101994790757468
0.0649922724948908 0.149925927475861 0.0949040366354701 -0.162554029033131
0.137025200918562 0.0299414367056356 -0.0947463131763813 -0.178528720492061
0.123862956573498 -0.0677593485368205 -0.161823301523494 -0.0265176513589414
0.054833009465506 -0.123680065295417 -0.104287529161357 0.0571133425573665
-0.0148344948816212 -0.115066756885353 -0.0379372457003946 0.0641788979402249
-0.0362184101612366 -0.113898871303029 0.0148104263348432 0.0425610332422187
-0.0289629793159213 -0.115763428322478 0.0617881753850183 0.0158748592150852
0.0254100375546714 -0.156571608529099 0.103830274087967 0.0224304083978142
0.126580298265477 -0.129061454448067 0.11866706019304 0.0747338395945684
0.184705244797257 -0.0290285364860537 0.0653185202328779 0.143137770750231
0.163543943327988 0.15718799355034 -0.063397907040473 0.15870170917748
-0.0116566618263003 0.25531427363429 -0.147363605472451 0.073480847864258
-0.167989753303333 0.222571382069146 -0.0885950697167086 0.0139418837187126
-0.20715793500909 0.131790489486548 0.0455166264823127 -0.0112152040667623
-0.0963290981180027 0.209041651969296 0.178569556995615 -0.0276358487937006
0.0500558183546723 0.19670004091082 0.146589007165635 -0.153022680558968
0.161523255569249 0.0586926768054955 -0.0290512744716446 -0.188135663655849
0.147984018471828 -0.0675408371034161 -0.108377356248491 -0.0730782806925096
0.0686607090529872 -0.136746079098855 -0.0892155061056482 -0.00484181944808469
-0.0141094252995659 -0.128317204651194 -0.0487440700322596 0.0103951531623903
-0.0417323659899785 -0.118911412551597 -0.000592676519734339 -0.00429167968804955
-0.0346642480988935 -0.115374722727632 0.0464651392916002 -0.0327086648763258
0.0171105886296231 -0.155092309605449 0.101802239926259 -0.0328272918919896
0.114608983502985 -0.136196248907391 0.143464758353646 0.0223893464583377
0.179248913051542 -0.0462135442451478 0.112417051107495 0.116486553748962
0.169753398139729 0.142804685759934 -0.0176673934305087 0.147606695388843
-0.00904925527534709 0.246317812008859 -0.11779239854299 0.0562183236705715
-0.164857470020806 0.20932432580904 -0.0281457623071003 -0.037452014300986
-0.197826732633767 0.0938759559510575 0.125747351808089 -0.0594050965180231
-0.122616318870805 0.182986063274448 0.209013025497456 -0.0458779268605101
0.0194119103472772 0.197142738117245 0.183087470456277 -0.130891092498835
0.147070202953194 0.0751333737156366 0.0368255441057963 -0.172980036590157
0.141642084510882 -0.0536101817877163 -0.043319457442601 -0.107783576813664
0.0684196637789671 -0.124076052185884 -0.0648755170242119 -0.0652284510873745
-0.0116615199964805 -0.119352395133332 -0.0546939920399068 -0.0451351009207729
-0.041136322460986 -0.106247016683781 -0.0154536200570883 -0.048733508364279
-0.0336052561064694 -0.100711363620187 0.0293589441599045 -0.0761197620989117
0.0110477216917182 -0.13341265392135 0.0928982118464205 -0.0777869832876924
0.0947674761952079 -0.119245887754381 0.153309861041531 -0.0209016551973507
0.153982117343096 -0.0423614919140476 0.137960062778598 0.0892236588872967
0.143286015760561 0.125151283234242 0.0131214038504174 0.128884403529321
-0.0213208197787462 0.20764431838118 -0.0917758759717662 0.0379145098757919
-0.149222080172815 0.162508561400648 0.0258069654069202 -0.0785026175589666
-0.147872352553635 0.0424665542611801 0.191367486781631 -0.0988403354309512
-0.114320220655354 0.119030560195233 0.22754620594578 -0.0600163799261121
-0.00472390596187212 0.14804791266911 0.198220745217539 -0.107927788912235
0.102685617837439 0.0646659968918543 0.0845739994817863 -0.145159845214044
0.10268695364145 -0.0347006804497873 0.0117223790227211 -0.126733923564212
0.0521173574024652 -0.0888223277705077 -0.0425800032604371 -0.111177714023317
-0.00871041151140418 -0.0890719724671251 -0.057846393468039 -0.0899984256259797
-0.0338914835079443 -0.078333281075053 -0.027373574651191 -0.0838460998772968
-0.0276673418914495 -0.0750062680393886 0.0152497414904594 -0.108648561839723
0.00652782146973469 -0.0992209028406316 0.0856013936873624 -0.108465340943436
0.0704302014235279 -0.0878643634821611 0.157892488963262 -0.0496609561925772
0.119825581665639 -0.0268221413335804 0.14923368561754 0.072141267343317
0.0992920686036779 0.105376824038433 0.0312384090669088 0.114099248484723
-0.0408185162786936 0.152173313823546 -0.068598041342431 0.0250172695714202
-0.124095552563654 0.0963693924211916 0.0720067652275117 -0.102464130062627
-0.0694827767907636 -0.0141315385310434 0.226004863482616 -0.126643690578678
-0.073767145745686 0.0364548312540577 0.226668004908187 -0.0729403970041226
-0.0142914814318789 0.0663217362166814 0.194550866442357 -0.0987229641425022
0.0419135074276453 0.0301281865743088 0.10526876721298 -0.126949987503455
0.0414190145187962 -0.0149217297885791 0.0378237256448625 -0.13629752752767
0.0242948479314232 -0.0385072968516409 -0.0328615335432798 -0.135263518362828
-0.00473594361666259 -0.0424547773864154 -0.0613532963837986 -0.115890624180807
-0.0200712029392359 -0.0384279917435464 -0.0349056096395432 -0.105317930707659
-0.016821698678838 -0.0415731414060768 0.00725245645401428 -0.127843974911975
0.00120827004489856 -0.057893765529378 0.0825767714968939 -0.12586259938681
0.0420497569726893 -0.052495829970177 0.162696171260421 -0.0653717317511288
0.0797493796471265 -0.00966937466544153 0.154148222987203 0.0667785901881092
0.0508872678780981 0.0804242376724159 0.0394063926807259 0.108631296752673
-0.0537232545877682 0.0858204937330336 -0.0513785894501294 0.0217077204018288
-0.0844997689111465 0.0194784379253445 0.105063646971853 -0.105396676190997
0.0232546773571173 0.0450201992620443 -0.110056617952531 0.135834153319544
0.0258834512777559 -0.0206945268478442 0.0786461301795345 0.0082950320609364
-0.0102210152476116 -0.0307212175483879 -0.0243769104514004 -0.131399468722396
-0.0216331736238665 0.00776721817705325 -0.16643445855643 -0.0832776783302618
0.00411951173092071 0.0159896696236006 -0.18879609810352 0.0796186619196868
0.00785068016796781 0.00182040314249902 -0.0821724176912915 0.1571633807029
0.00549086437443031 -0.00330019731764153 0.00430640699993289 0.141306755774131
0.00200587977213593 -0.0119333801344186 0.0491375424921627 0.120100629581597
-0.000775580439364938 -0.0132297858177615 0.0738096005499253 0.114150490951192
0.00531451606473958 -0.0195898180819936 0.0573135640319336 0.138016734035896
0.0224659604657481 -0.0121055722775862 -0.00834633381989988 0.150256073611221
0.0216346510527441 0.00430230185096634 -0.0944335614277571 0.129808687633731
0.0307930996816114 0.0190760561847803 -0.177736974990757 0.116583513289413
0.0187942252681185 0.0468592215335102 -0.230170154253144 0.0848710676542822
-0.0195647494695819 0.0797206514035134 -0.235429926928716 0.135083497725197
-0.0390889509997259 0.10167796172483 -0.107177132443131 0.120579810035083
0.0203355537965073 0.0515891078428977 0.0887862125305423 0.00576902078254938
0.0280011602621094 0.0159719031021343 -0.00275992944601882 -0.143738449687948
0.0282258664926967 -0.000427503041285871 -0.165232093177941 -0.106390899227222
0.0389989372688452 -0.0207237034968266 -0.193090743060718 0.0623432897976454
0.0170649139722387 -0.0450376897325976 -0.091247338871248 0.143880265534345
-0.00791465828363286 -0.0444409978363319 -0.00367732409757847 0.13298906023674
-0.0159829256218387 -0.0545142989368141 0.0445162877399085 0.107933415887737
-0.0131048585657072 -0.0610013199096817 0.0778469010106047 0.093967399911053
0.0206806710317942 -0.0841216038263685 0.0792181020744658 0.116024104439865
0.0809026770706247 -0.0565369096572323 0.0321481702367784 0.145467143554436
0.0983251075418379 0.0131830453347281 -0.0540410879023046 0.146753899906273
0.0726673884219484 0.10023906746238 -0.152191345696531 0.137129575968636
-0.0108562520252739 0.147225065297404 -0.206585464591489 0.0891910303901024
-0.0940777578553255 0.15256486940732 -0.198549358863986 0.112177029901694
-0.107263480862805 0.141076012178043 -0.0800750200766178 0.0861595383492895
-0.00230330496718381 0.126656413997641 0.110489999216047 -0.00274232335179589
0.0593864706273926 0.0781533467124633 0.0365801473367847 -0.158701554012921
0.0852887999657742 0.0030319968083022 -0.14567367707437 -0.140288266496872
0.0791726271102327 -0.0532034629705084 -0.187349141019333 0.0279827575939023
0.030466227999226 -0.0903406627360978 -0.100242699750046 0.112020544675282
-0.0164949829909793 -0.0831563672449266 -0.01785656082338 0.107436458119502
-0.0312100402258525 -0.0886530960698286 0.0329912106352776 0.0807196472128971
-0.0248335908158941 -0.0953403208129461 0.0741165691243321 0.0572004265140688
0.0227821304668348 -0.132915509584674 0.0974063287704656 0.0718043674624475
0.112618264993782 -0.103484326821981 0.082228994567334 0.11633025679543
0.155704478477243 -0.00793021320257599 0.00778345485184318 0.152552548303061
0.129043115966298 0.142320997782635 -0.10882845277071 0.156579312232101
-0.0103951677204985 0.22200837562767 -0.175066749631572 0.0893576087329993
-0.139428591015989 0.207482895762225 -0.145363902466887 0.0706719778930646
-0.165156752870031 0.156165452778571 -0.0284041975736964 0.0394452306137835
-0.0408183793185401 0.187598589403035 0.14199901166848 -0.0178384226782767
0.0733544325004543 0.144548054122637 0.0876099494682605 -0.166504793173017
0.137014262096963 0.0217088193528295 -0.101810619633604 -0.171479632047452
0.118173468937976 -0.0747599647783074 -0.160486140901208 -0.0178992510521425
0.0458663580400106 -0.125214968565257 -0.0993446851960585 0.062140158257419
-0.0214511059426963 -0.113077955691353 -0.0333174986444073 0.0651902870393248
-0.0427064528000927 -0.109793385983376 0.0168305466961482 0.0410048385223776
-0.0352775289002949 -0.112189081523427 0.0619767989389781 0.0105468133314823
0.0145784255682688 -0.156942028512664 0.104550251161516 0.0147577006384128
0.116540622883173 -0.13595388905743 0.123487907435457 0.0670690983887614
0.180451695046192 -0.039597464804286 0.071025880253414 0.13701972670211
0.170861719918294 0.145705052606761 -0.055883681885345 0.161062821107644
0.00276311753762017 0.254403250764856 -0.143330735330534 0.0794628925185217
-0.155803564331777 0.230614688956147 -0.0868147254867896 0.0188734884450184
-0.197435183224602 0.142527531097055 0.0435965127844499 -0.0135400106827695
-0.083787701805804 0.211599542942829 0.175429847413857 -0.0363852087306516
0.0606609341788288 0.191734461180775 0.139452802816116 -0.159281036190826
0.162850001069778 0.0493318939831721 -0.0376165344447275 -0.184028929438272
0.141730041011792 -0.0763454091278157 -0.110004275786149 -0.0676121205429423
0.0583109378325113 -0.139389090474767 -0.0882227120196027 8.64381938486052E-05
-0.0217320575012602 -0.126149482042082 -0.0467621597329204 0.0131215369998486
-0.0485638150678628 -0.114045955786034 -0.000985700362806765 -0.00377930699742649
-0.0399949406974316 -0.111869128521034 0.0436065227407859 -0.0363607549341957
0.00715438891954059 -0.154736448305889 0.098252852069449 -0.0394736209719813
0.104847151185069 -0.142485184298252 0.144748560560394 0.0134875288398993
0.174473360550463 -0.0559888260365117 0.11632903778185 0.108228690721593
0.176154473693335 0.131164881185077 -0.0111739982588959 0.147055772421566
0.00518769146204482 0.245635266129234 -0.115126401584633 0.0612604589154271
-0.15303264804572 0.216937431263201 -0.0298920572379506 -0.0349185737626473
-0.190065320333343 0.10464862981822 0.120879976597881 -0.0657010995963123
-0.111293796694676 0.187475667389828 0.20376140103096 -0.0550235990024801
0.0307535676734794 0.193846076745259 0.176310460886424 -0.139306593537159
0.15004185243961 0.0663068835505082 0.0291406650915708 -0.172723442777563
0.136660823043972 -0.061959092272002 -0.0473451259691862 -0.105518572343463
0.0593738470168436 -0.126693253948598 -0.0674133618276017 -0.0612140840133757
-0.0191707759915602 -0.117259407096379 -0.0565732362224059 -0.0407823692841286
-0.0470776212097751 -0.101429494384382 -0.0182669641498836 -0.0464817740718839
-0.0389002925310627 -0.0971674345213511 0.02379914667124 -0.0774287878482394
0.00243219889651893 -0.132028679932856 0.0874159439686295 -0.082387164973307
0.0861848484127797 -0.123528596610246 0.152034586234972 -0.030020885735924
0.149691379809735 -0.0506583868588315 0.140674753951973 0.0798363939187588
0.148745676990183 0.114580262458193 0.0179082406176923 0.126885451669839
-0.00976810572460179 0.207059070678692 -0.0897126087300006 0.0421531374919634
-0.140654351635843 0.170061041428962 0.0215308982910113 -0.0781272547218011
-0.143590661920823 0.0511828797142854 0.184924631248344 -0.107473757056538
-0.106290275232072 0.1239790379462 0.221980422770947 -0.0691400180726199
0.00315545388659786 0.146115909456274 0.191674494478215 -0.117056911846646
0.10473423831163 0.0579649786294658 0.0778719428702783 -0.147470339854658
0.0992762219578048 -0.0402855671038568 0.0061807763339013 -0.128062017641101
0.0456772521037173 -0.0909323491231672 -0.0482452359561385 -0.108079064161581
-0.0137412155622902 -0.0875559947311642 -0.0626480798780222 -0.0848022997392198
-0.0375517935029322 -0.073855739694341 -0.0317835944027058 -0.0805974261833041
-0.0314443888146122 -0.0721637209641936 0.0076163389917126 -0.108307918655895
0.000283474239886801 -0.0982142934437448 0.0783096454425457 -0.111926382482817
0.0647400245079506 -0.0910784967044682 0.154468001886252 -0.0589385612216793
0.116433929260992 -0.0327766191947008 0.151087270090816 0.062630830220739
0.104154554005319 0.0979094392252485 0.0348953946359762 0.111057174011292
-0.0315149340519335 0.153152482908735 -0.0678726691217985 0.0299403057257766
-0.117840523352291 0.102090866416183 0.0651299095259062 -0.104042472554619
-0.0692090990952499 -0.00965458973895604 0.217796312197313 -0.137149415890559
-0.0709813245643578 0.0403027617182357 0.221081995364224 -0.0814577872313029
-0.0107161138178597 0.0662036956526322 0.187948874153614 -0.107166231183329
0.0423951315112711 0.027015508826905 0.0992868143791885 -0.131029062327497
0.0400982376610948 -0.0169487803581381 0.0302244804411293 -0.139410793551628
0.0211637565624753 -0.0389479164625654 -0.0408286378028822 -0.132325834232512
-0.00726302454273872 -0.0415546277035004 -0.0673402192198713 -0.109693224435568
-0.0225431101007385 -0.0356324111897776 -0.0404908598593742 -0.101328391359191
-0.0191178145089888 -0.0397230207417722 -0.000818940078599505 -0.126266566121263
-0.00294799395852976 -0.0570771893844954 0.0747252706091152 -0.128796776389398
0.0383033920890719 -0.0542758728582565 0.157307351813087 -0.074572688469781
0.0778796730367618 -0.0140591451355406 0.156114475565202 0.0568701370823502
0.0543216145272537 0.0763207836414318 0.0434471189568793 0.105493160662963
-0.0477927325824171 0.0884504322695522 -0.050484399612704 0.0257419291360077
-0.0828447522306762 0.0240924478788217 0.0975177127368309 -0.109351036172486
0.0247235645522572 0.0421153595252815 -0.0975896936411239 0.137049809636216
0.0238575752221509 -0.0207901844445188 0.0747546780348947 0.00276437135972631
-0.0116659793193745 -0.0286482324744048 -0.0302949814019355 -0.125393141276641
-0.0204361065122582 0.0082616563848386 -0.163734636576783 -0.0720613259029564
0.00514648663364024 0.0149357783664081 -0.175507279156311 0.0883988225236532
0.00761876066230613 0.00103973498886414 -0.069030368988177 0.154657298891598
0.00457644655549197 -0.00324691943645274 0.0123310320311084 0.133688112600602
0.000683421329529369 -0.0116007789398138 0.0546954847479265 0.111358004925081
-0.00182710897389232 -0.0127682054545822 0.0781409172331829 0.103551386285039
0.00389420031436025 -0.0190363595451865 0.0642898602827114 0.129151259326421
0.0208598246841555 -0.0133183954557927 0.000880227374957016 0.145585500786899
0.0214477761498614 0.00301663671456691 -0.0854504633001301 0.131232710691865
0.0296671558267616 0.0160736088661557 -0.164242028921786 0.121690119928232
0.0207922380504062 0.0441309339974742 -0.217002385116904 0.0921699119101923
-0.01442763045823 0.0783417195232156 -0.219624939416445 0.143015818406118
-0.0318102902029122 0.100666371064025 -0.0967265449500277 0.1218582852868
0.0224404127163817 0.0482631334814539 0.0848852154327759 0.0001315734013519
0.0275018203546839 0.013729263796875 -0.00969480492392054 -0.138927881318499
0.0268533109936887 -0.00197041800064923 -0.163373380104089 -0.093259964081168
0.0363567895126408 -0.0225686681634584 -0.180699146316389 0.0714683290887975
0.0131627930284431 -0.0444479077168259 -0.0784109875240571 0.142965505883232
-0.0103128801691841 -0.0423688719349829 0.00459595852564391 0.126441822430348
-0.019118375019052 -0.0509146968275687 0.0494987060614783 0.100104769862579
-0.0156769919119901 -0.0573769717294713 0.0804351305127585 0.0840568420887996
0.0147198182984839 -0.0820138051639208 0.0836578762111038 0.105840756883369
0.0741990180659337 -0.059638863631575 0.0405279758893225 0.138072515245362
0.0949865983753131 0.00710315125720595 -0.0451068578124625 0.144354649928506
0.0756459504544054 0.0917419806708399 -0.139073289249321 0.140425219396982
-0.00259514654463843 0.14277229221311 -0.193676005037454 0.0949349367411634
-0.0825925058345856 0.152943410957366 -0.185068887351071 0.11813055730518
-0.0948910473335312 0.142654877574513 -0.0732471421868423 0.0875819412046806
0.00495356368650955 0.121581972160827 0.10566083412152 -0.00878506615503929
0.0619161037149601 0.0711260649587751 0.0278143990391831 -0.155027552443177
0.0816528292203066 -0.0022770902570999 -0.146271923082952 -0.126731625184659
0.0724243870035336 -0.0563993820302969 -0.177274210367732 0.0374060990854138
0.0227111998161488 -0.0883984162642145 -0.0886108764940578 0.112681830796425
-0.021609729732783 -0.0795476815131426 -0.0105495997128612 0.103034781126948
-0.0356852938248696 -0.0827076443573441 0.0366592917606301 0.0750121180437541
-0.0293326203796479 -0.0900391605890338 0.0743394047685707 0.0486550260735312
0.0129875471846971 -0.128789718948396 0.098957762462914 0.0618385544589985
0.101155171457869 -0.107091566631854 0.0867463584212647 0.10708347837096
0.14933940281873 -0.0164181256505385 0.0145761369761178 0.14681333255379
0.132080121723541 0.128652717980508 -0.0965745856991605 0.156620534040422
0.00231401811511881 0.214469785763809 -0.16424323990743 0.0937682463750611
-0.123557733164975 0.208175329687008 -0.136352437494882 0.0761369124528884
-0.150071500726549 0.160860448409197 -0.0254638203439491 0.0401579312079883
-0.02785136490383 0.181933815712712 0.135266778176649 -0.0249071963194968
0.0790737873052695 0.134816475542608 0.0766952420013907 -0.166103303509289
0.132190935002655 0.0123501729883218 -0.105933083387024 -0.158512891753765
0.108531026290483 -0.0792827727409329 -0.153491760087625 -0.00896911103099416
0.0357174802343793 -0.123231966670361 -0.0913467130555172 0.0650842439858791
-0.0278510032977372 -0.107391170785085 -0.0276862113513091 0.0646782757327068
-0.0478103360270508 -0.101783499991698 0.018729399863979 0.0379837683220748
-0.0398548186068765 -0.105613026829546 0.0594508888024805 0.00469179001918298
0.00388525731683897 -0.151516642072826 0.101948818938172 0.00744274077129766
0.103327316174616 -0.139108952633058 0.124435519726774 0.0566760253484037
0.171448708101462 -0.0485453243365834 0.0743690770746405 0.127646284783965
0.172502495650354 0.129334145918172 -0.0465942723519026 0.157729357203775
0.017180281921438 0.244521188929965 -0.135071763184235 0.0836273344294043
-0.137978875392015 0.232041029836383 -0.0826408149446989 0.0236738100704331
-0.180863682493212 0.148935459596001 0.0405527181064226 -0.015342396192765
-0.0686123037209816 0.208066333473167 0.165965713094243 -0.0439058700801852
0.0699874663429605 0.180115281171229 0.127196584261322 -0.161503643682962
0.159033585271536 0.0374462553030546 -0.0442663124982678 -0.174722452086754
0.131598359204486 -0.0830413196623507 -0.108515770134116 -0.0600065750355103
0.0464354356046078 -0.137442510290304 -0.0843492768325382 0.00467194029536424
-0.0288541224556034 -0.119564834926541 -0.0435685335621476 0.0157072318893736
-0.0535214324635095 -0.105618129334929 -0.000981110033606015 -0.00329363428922404
-0.044953758924156 -0.104799278526797 0.039040038797251 -0.0383888095271858
-0.00333417496345369 -0.148840031874539 0.0927277558694061 -0.0444933394673998
0.0912468719270283 -0.143313686958638 0.141347155940861 0.00281612486820193
0.163317657254261 -0.0644116908202885 0.116993611555514 0.0968524754712522
0.176675165425536 0.115557573556881 -0.00429844855081762 0.14242778272514
0.019343735341984 0.236391319963277 -0.109032168419383 0.0652913656566038
-0.136770037766553 0.218500479517752 -0.0305584788254581 -0.0309697926675001
-0.176513014748843 0.111984028117403 0.11222041464732 -0.0686846498369437
-0.0960101863723085 0.185873781230931 0.193093031178855 -0.0631766995430818
0.0410276750974733 0.184741538884241 0.163779960987987 -0.143894070147902
0.147388114038912 0.0549236692949613 0.020308120418649 -0.166951734110192
0.127308798644438 -0.0682105130897524 -0.049856428522434 -0.100657298831537
0.0486588269828137 -0.125052904233625 -0.0685841293920629 -0.0554872820212153
-0.0253538628079339 -0.111564296920514 -0.0560466653476762 -0.0351763610687797
-0.0509606208321149 -0.093510603791379 -0.0198395860856186 -0.043220599705425
-0.0425149288083521 -0.0909123600017343 0.0172433025761761 -0.075980552254955
-0.00625964805935063 -0.127291926051616 0.0791774335620201 -0.0850026032791118
0.0754654769420831 -0.124010083244527 0.145746589239351 -0.03869494639286
0.139614691901138 -0.0573282356678194 0.138459785401234 0.068582690564626
0.149395158752809 0.100378300783834 0.0225642986058144 0.120961265665215
0.00348590957763252 0.200077438935642 -0.0856749617470425 0.046098753973783
-0.125921993474113 0.172838603746588 0.0157107924419874 -0.0761373588337017
-0.134502104820389 0.0574616823881972 0.171890300932888 -0.11301074612955
-0.0955376662923648 0.125350519370315 0.209825747271751 -0.0773729594319431
0.0113230774887772 0.139817255260408 0.179305937362033 -0.122614256471803
0.103106108133483 0.0493002933430163 0.0690313652595598 -0.145899879763306
0.0926922314931308 -0.0448090402943822 -0.00056749402127115 -0.125528873827404
0.038110748502541 -0.0898700098093908 -0.0532949208625201 -0.101464866777109
-0.0190352389345469 -0.0829705633302921 -0.0648793322438607 -0.0768202858450783
-0.0404239752605104 -0.0674053102214435 -0.0355061230921288 -0.0749504128828478
-0.0345494746905443 -0.0669148601190691 0.000457488323829184 -0.104397030383702
-0.00633601263078505 -0.094095299595849 0.0688169183239452 -0.11250167482169
0.0563220656680725 -0.0910750362956392 0.145835856947819 -0.0666547189824918
0.10906694391138 -0.0387048887025865 0.148512490361391 0.0511357907475411
0.104834871030767 0.0874288805050495 0.0382812862039736 0.105327349153246
-0.0206671055267605 0.149928703853967 -0.0646821441274639 0.0329635388014553
-0.107599433205745 0.105710772971632 0.0563184081326389 -0.103021456399885
-0.0660937845641887 -0.00527270467976805 0.202164678818809 -0.143643498034146
-0.0655303201435357 0.0425425053936579 0.208050548242223 -0.0886336180260074
-0.00646052087107338 0.0640559674948063 0.175700949575214 -0.113043180024496
0.0416977497609635 0.0238200033100245 0.09036020423142 -0.131190373395255
0.0370193318447235 -0.0188624844461585 0.0213795228259248 -0.13734620253405
0.0178627455560655 -0.0389247277362945 -0.047178327912834 -0.124451153420537
-0.00965455151339308 -0.0394915582574798 -0.0717744119430281 -0.100270711212551
-0.023368462637099 -0.0321816091801425 -0.0443647810731575 -0.0941337783812233
-0.0210854577810984 -0.0371056549171139 -0.00868455368017917 -0.120955723354577
-0.00700254444652003 -0.0543184404051612 0.0648579152637998 -0.128005425233883
0.0336362303531169 -0.0539413287017217 0.147120541752003 -0.0815275969593462
0.0732912900009077 -0.0181457237023995 0.153028174394376 0.0458094942577423
0.0562752961240651 0.0690639194338825 0.0461526428461365 0.0993584146208296
-0.040242369000517 0.0876214948588008 -0.0477159740718875 0.0282488240918113
-0.0777947396680412 0.0284388521651453 0.0873921700325729 -0.110638526062929
0.0297170785681702 0.0385555026023149 -0.0772895231690413 0.136757865632268
0.0203516469377802 -0.0221337019240054 0.0689012637549275 -0.00638652032663812
-0.0157132362138368 -0.0253037803863094 -0.0439109909713426 -0.112495662362799
-0.0185008113065999 0.00991062890573243 -0.1621816893015 -0.0450258523078839
0.00610096697308161 0.0122525907018003 -0.151944766384188 0.105527842911722
0.00717734092298106 0.000646669168582986 -0.0451642975993648 0.152872296980827
0.00409425420897274 -0.00283075437684092 0.0267132087451937 0.124411549838551
-0.00093410442289851 -0.0111587404078973 0.0649666820941515 0.0953471818538892
-0.0032829631443692 -0.0126348824564546 0.0852843779615626 0.085471196577611
0.00101539290011957 -0.0195560055279796 0.0771929500148287 0.110436891009312
0.0183611973252768 -0.0164059955109313 0.0182608472225183 0.136081562421965
0.0217761073876492 0.000111049844864387 -0.0650447449550399 0.134680421787225
0.0313131337777905 0.0116013327520345 -0.137539107687725 0.133931717306497
0.0260224898025504 0.0401156540623552 -0.189789662473697 0.113006291459962
-0.000546340814128417 0.0761596811967901 -0.189735207353935 0.16435638626922
-0.0166905932993592 0.102657115913576 -0.074178770566046 0.117333565393908
0.0265886221491367 0.0424841636031139 0.0781590582287681 -0.0122576959417399
0.0265807180035059 0.00861585788152026 -0.0269524641456642 -0.130378717785485
0.0237931320056585 -0.00514659227476588 -0.16642739948149 -0.0655621514194828
0.0304165157070918 -0.0260827497167825 -0.160302163533889 0.0907010532134862
0.00699934597616685 -0.0426417492805107 -0.0575025452478497 0.144058249831737
-0.0145115139507628 -0.037483300755042 0.0182736816499068 0.118052841728674
-0.0238904258546484 -0.0450090953031979 0.0581524526631592 0.0855132819424096
-0.022203988330029 -0.0522365482650438 0.0838602932922574 0.0657386369353451
0.00257536249637133 -0.0782080718909853 0.0912821966944009 0.084831507732605
0.0608015983559879 -0.0668618655951864 0.0540452540120267 0.122285533830577
0.0903623639705447 -0.00522085244712416 -0.0252751183391163 0.140266714652064
0.0837354301175891 0.0747636976386271 -0.109983757313069 0.148650862749295
0.0173081529598326 0.132708608381456 -0.165594736615816 0.117584798339953
-0.0536516928619877 0.153422781091422 -0.163041826166032 0.138666566357269
-0.0710356608402887 0.151038652896861 -0.0520611348255866 0.0779983517613082
0.0186517078417231 0.112508234463521 0.0966539307871189 -0.0256246786577829
0.0657507203724148 0.0577764110368697 0.00495878228990799 -0.15368165236111
0.0746258586651815 -0.0113889831803245 -0.156517719783123 -0.100098178311834
0.0600595182050904 -0.062150122214492 -0.163791905711552 0.0586329826896165
0.0104663150475858 -0.0843049350246421 -0.0720675053539452 0.117765699354725
-0.0290581312973048 -0.0703790513570335 0.000349921556277922 0.098780389060743
-0.0434547207687109 -0.0718790321720837 0.0436885031446302 0.06405187156055
-0.0387170412930484 -0.0800110489651104 0.072981127056733 0.0338475692614279
-0.00524903275839945 -0.121042198734641 0.0983859422063033 0.0410913386505605
0.079225860460349 -0.113895083815077 0.093217320976657 0.0860968236061521
0.136726696577125 -0.0342296956284096 0.0317206106372413 0.133169603045001
0.140767567568453 0.100982917327785 -0.0665989779787907 0.158583095570311
0.0309030857659135 0.197318092195042 -0.136694239262628 0.116299513055462
-0.0842383077632452 0.209682937076336 -0.122847521795984 0.0950823656309455
-0.121173193910999 0.175692918744167 -0.00949742066190432 0.0258370696890568
-0.00473181234492979 0.172666870523472 0.123234727965874 -0.0455683769924861
0.0900769568156873 0.115409537554524 0.0502924492315519 -0.172612838581634
0.123987348088664 -0.00324240548644989 -0.123795696418107 -0.136229287629421
0.091012432465746 -0.0878807992990806 -0.150115746499751 0.0112471005445686
0.0176286344188548 -0.118051285931906 -0.0818982518318136 0.0734095753440008
-0.0387718776335676 -0.0957443317538529 -0.0213854007436294 0.0645383240689662
-0.0573680903079598 -0.0882109681360921 0.022135787264471 0.0326916463783261
-0.0503692844430145 -0.0934610608573702 0.0536177818988406 -0.00464832822745479
-0.0166799295689369 -0.140071046163091 0.0931489844196026 -0.0107204778134113
0.0758668534832197 -0.143469487044907 0.120657939090768 0.0333020660717993
0.152146596797349 -0.0666522046935995 0.0857006640683416 0.106345990241395
0.178460532266011 0.0948090959395786 -0.0184172982592064 0.152600875230805
0.0481817494635756 0.223086409943194 -0.109369623130378 0.104317719218054
-0.0946424212850596 0.232472080172446 -0.0797125982270454 0.038808196822537
-0.152999718644718 0.167910475088639 0.0485269067885324 -0.0338370537942614
-0.0397198239200811 0.201026001242781 0.151695194903082 -0.0678259210535194
0.0870775730138175 0.158794909455458 0.0984652147587311 -0.176982703972551
0.151461714773903 0.0166192718701788 -0.0685451578554668 -0.161348379061361
0.111921412533968 -0.0932925071338043 -0.114870256828325 -0.0435020397286151
0.026527760551448 -0.133336693691086 -0.0838043629810791 0.015934477599237
-0.041059649371455 -0.107075418940731 -0.0429634098161366 0.0205818919467462
-0.0626902321758353 -0.0907492577893167 -0.0017855907562445 -0.00324235319010367
-0.0551657641007196 -0.092002454383307 0.0284996301035991 -0.0419751054578178
-0.0231870814845536 -0.136411353808037 0.0776738209479939 -0.0572520145708813
0.0642532289017789 -0.145594454865001 0.130162100041195 -0.0182255291866184
0.142528375914864 -0.0803464289232537 0.121229127912258 0.0715582648952977
0.180049976018501 0.0808451225466519 0.0182218043076004 0.131696858877979
0.0488508332484695 0.214463185121093 -0.0873895482030505 0.0839002624424647
-0.0960751913335517 0.220204168134723 -0.0374775711104982 -0.0192551656073698
-0.153067561058601 0.130544744145367 0.109780760600151 -0.0902631958012394
-0.0679282075918172 0.183882820341792 0.1752825111215 -0.0881566014523763
0.0602875692844283 0.165281082803063 0.135843889520342 -0.164436249285535
0.142921308606764 0.0343342190539449 -0.00558789593171781 -0.163457374166403
0.110464087767882 -0.0789651898185621 -0.0655838570016642 -0.0901718356692089
0.029596629256905 -0.121869051713427 -0.0772628506940181 -0.0425145795977827
-0.0374032383097905 -0.100049338161738 -0.0612864245072027 -0.0258347306122313
-0.0585840983545195 -0.0796703261503515 -0.0245094686532847 -0.0372899112308846
-0.051086189686369 -0.0790181639534213 0.00435568508745775 -0.0738766813095245
-0.0228903429505135 -0.115652238722548 0.060326008324651 -0.0921645184033111
0.0516770945602917 -0.124580567541246 0.12943034886895 -0.0576809860443549
0.120800291394183 -0.0710657431364898 0.13853004466934 0.0421863373993538
0.15162096435738 0.0707801987612803 0.0399459060724079 0.109691251866569
0.0293084711699122 0.183081269013163 -0.0693399632626862 0.0624824972011579
-0.0925956212213763 0.175278563191282 0.00136375632179054 -0.0682064651565277
-0.120115532337907 0.0719886941315253 0.157529917138361 -0.133558200950299
-0.0738217819541462 0.126919711343942 0.189786300215663 -0.102255351696316
0.0269433969580395 0.127967567294869 0.153927497235404 -0.144451263656349
0.101385665397376 0.0342418656086295 0.0436005790820022 -0.149877871787773
0.0808469708647176 -0.0529053578739908 -0.0210903742654493 -0.119958153698224
0.0240650857462338 -0.0877842826130171 -0.0668668489313161 -0.087575978558071
-0.027911190663691 -0.0744162387441005 -0.0741483658109762 -0.0638920788248653
-0.0458665861040503 -0.0568922363748337 -0.0426931895882723 -0.0649165831725164
-0.0407093229371134 -0.0575683394342381 -0.0143410372392957 -0.0975047181802022
-0.0186757334200321 -0.0848827066437574 0.0477374824895363 -0.115512950744943
0.0386077414729113 -0.0913132569437219 0.126892236192547 -0.0824149777548689
0.0944457663031936 -0.0498713930523757 0.145917167476578 0.0267882850204833
0.108665129839388 0.0646486292368555 0.0519486203581962 0.0936085656773455
0.000789191100694753 0.139474106690797 -0.0532910950016571 0.0463784114531663
-0.0847938662252614 0.110844377703441 0.036379652770316 -0.101080472017272
-0.0628483499232553 0.00260403323513323 0.178017788959219 -0.15979544926453
-0.0558371390462795 0.04648460711019 0.186603786995514 -0.109490665291052
0.00156840710855043 0.0588859408246576 0.152641034793278 -0.130548127587478
0.0410518813100778 0.0172974882283396 0.0670458814852386 -0.138057799393545
0.0323995615952709 -0.0223571727433774 0.000668840396721783 -0.133371648908446
0.0116051141057045 -0.0382169154178136 -0.0621546169041452 -0.111057065225912
-0.0144024058775874 -0.0351908573985028 -0.0813380077107224 -0.0850297809102846
-0.0255869807011814 -0.0262953763588371 -0.0537989816014324 -0.0813616812419473
-0.0248867922684004 -0.031096241533589 -0.0235296949738291 -0.11144981032317
-0.014126936369814 -0.0480814186758878 0.042725922390143 -0.128663730316534
0.0229479173686449 -0.0541008735571704 0.126845756667451 -0.0954882020663626
0.0646624709350248 -0.0268245633586025 0.149675309653922 0.0219757058970925
0.0610587770498885 0.0551437078392915 0.0573296790546048 0.0880411795752456
-0.0246174444632866 0.0855966154951952 -0.040200246257781 0.038167973499267
-0.0680151049769329 0.0357864599700507 0.0648482559619572 -0.113771437857753
0.0280434934981231 0.0366375084855656 -0.0726197676014866 0.129434736097005
0.0189271989133427 -0.0203112557931936 0.0644284945992755 -0.00522614426859487
-0.0155966798595089 -0.0239393520349164 -0.0403099440457008 -0.105496813454644
-0.017452195000995 0.00944736067784652 -0.152829694168446 -0.0444220247982862
0.00587288018693208 0.0111321325823775 -0.142601269873151 0.0994573635778694
0.0066169978549963 5.52925754375776E-05 -0.0424824648626919 0.143753641845662
0.00372356965303363 -0.00260006784682978 0.0245208022311972 0.115745189973024
-0.00120416969189581 -0.01052827821014 0.0610150565382531 0.0891628032406601
-0.00258914440428 -0.0122655452469342 0.0798261077846291 0.0795734931881683
0.00105001696535359 -0.0186660695400927 0.0732613045164835 0.102812519000526
0.0171450755720102 -0.015811381940488 0.017522254885057 0.128519483188553
0.0211467068554089 0.000640076935005706 -0.0626543251376329 0.128134249766474
0.0289434521371459 0.0112442260797456 -0.129768312464448 0.125457668064212
0.0242043640980254 0.0381145689462952 -0.179268107483403 0.104460761353077
-0.000755212897873354 0.0720784685036743 -0.179765149487468 0.154170853448397
-0.015449947088293 0.0974356637581715 -0.0703009496283652 0.111307513464446
0.0250563015036482 0.039689350109808 0.0728531521061152 -0.0107947494453279
0.0244040713596954 0.0079216881106957 -0.0246617977892422 -0.123132005465463
0.0219335337522702 -0.00475476524624261 -0.155750897647284 -0.0630333334208315
0.0283777069823334 -0.0249710503495589 -0.150553669137985 0.0853612739158138
0.00590224801475128 -0.040453197420757 -0.0531172958330652 0.13510464286139
-0.0136198100342935 -0.0349727638945758 0.0169757418082309 0.110061731566477
-0.0228136246781339 -0.042381057851451 0.0553612477039113 0.079767088809711
-0.0204592233804809 -0.0490856549240962 0.0789207028498459 0.0609630889606476
0.00170878459275041 -0.0739332996430591 0.0866586623857102 0.0786036997117398
0.0571408799314485 -0.0638518561397086 0.0513149426122367 0.115354433727188
0.0851748298824857 -0.00503868141085922 -0.0252045243756762 0.133363621659035
0.0781957945139476 0.0704858910352878 -0.103742277007248 0.139822019359227
0.0165929326749947 0.125703972769453 -0.157540350191605 0.109090007381151
-0.0507963748467446 0.144916959278451 -0.154070616966364 0.130471593569822
-0.0667594937200176 0.143247980897847 -0.0500459657010865 0.0744652675378317
0.0181857720945585 0.105852859280141 0.0906263676657074 -0.0233397331301527
0.0618946166958767 0.0541246933373361 0.00663127736891927 -0.145699933463836
0.0696231813021307 -0.0105335755737494 -0.146079021586559 -0.0950794341993364
0.0558911420874392 -0.0590368600250716 -0.1534878701711 0.0546817267962452
0.00913590515620761 -0.0796433380598044 -0.06761020682413 0.110372744177365
-0.0282973078489975 -0.0659307573769099 0.000539643163989684 0.0920100929976113
-0.0414197912470822 -0.0674391751176197 0.040954675258328 0.0591163482407211
-0.0365405831405032 -0.0761080886091052 0.0684214078008393 0.0307253795058883
-0.00548183927973118 -0.114140663517841 0.0927952657125653 0.0370479026146031
0.0732683443961183 -0.108518133297394 0.0891824989263951 0.0802113616262285
0.128995507840087 -0.032651367215058 0.0286513695559551 0.125988936024551
0.132428179737215 0.0946826617403767 -0.0636346664501282 0.149570762464475
0.0292113550250318 0.186725387087813 -0.130418598866965 0.107891981102668
-0.080000923263141 0.198183010465173 -0.116947020319789 0.0892218587634036
-0.113790342346008 0.165947140608547 -0.00939483385826585 0.0254096496196581
-0.00479243198200084 0.162410358832136 0.115012963685548 -0.0415588152288645
0.0849418866548284 0.107349706102707 0.0490143127012283 -0.163231976277105
0.116114611376816 -0.00318380420017135 -0.115032790287732 -0.12964196091394
0.0847798295414621 -0.0834429989755121 -0.140537255616973 0.00953357897674875
0.015843640720383 -0.111585676318301 -0.0772844807131016 0.0694527380002058
-0.0368461807584078 -0.089481239786517 -0.0200558651459984 0.0603102202088544
-0.054680352832854 -0.0827163417011383 0.0206544868433371 0.0298854659729037
-0.0478301976877246 -0.0881466267496918 0.0494088245974923 -0.00542172388320983
-0.016723926414105 -0.131950168462817 0.087634653039814 -0.0110706961041079
0.0702395931938977 -0.136163913483945 0.114634975008449 0.0304497816288902
0.143064338074638 -0.0632852046402439 0.0794244529518424 0.100695369646764
0.167895301064915 0.0891093989286051 -0.0189942983619396 0.144117278973316
0.0453712306006733 0.210897563299573 -0.104437467938214 0.0978570298146407
-0.0901915779871361 0.22004773514992 -0.0757160694989437 0.0366966885419434
-0.143853998666584 0.158339070185126 0.0449642078969443 -0.0307296561718699
-0.0379289041441538 0.189170696365556 0.141798611247219 -0.0627997422030087
0.0822361067657256 0.148926219285652 0.0948451425589754 -0.167097609569965
0.142653600838291 0.0154128687288951 -0.0619237113488852 -0.152672561869397
0.104719576826867 -0.0885723776874512 -0.107465450440882 -0.0430632533437083
0.0236940909063155 -0.125660332711066 -0.0794124044560508 0.0153649269250948
-0.0396232163505602 -0.100448095662748 -0.040074031607219 0.0198641136267265
-0.0592546581993684 -0.0846273599510277 -0.00145367043687164 -0.00342420804894079
-0.0514426199965023 -0.0868182631770302 0.0259355581046281 -0.0398445889958636
-0.0228535687087036 -0.127973359386736 0.0730982406779923 -0.0548976609565991
0.0590665066544843 -0.138226443249414 0.124010321550875 -0.0186193825309986
0.133753815501199 -0.0756389420809167 0.112853975013643 0.0680809435913097
0.169345377127222 0.0753962024732104 0.0157670902544319 0.12555193874992
0.0463909785328709 0.202460883454206 -0.0839427865042608 0.0792191953219835
-0.0911914980665492 0.20817354017125 -0.035531368160283 -0.0174515897883547
-0.144057628205459 0.123233551126558 0.103586590702674 -0.0839242567276979
-0.0644664754746457 0.173095266496843 0.165112314045521 -0.0818895875967779
0.0568532265270312 0.155476752056798 0.129900176078579 -0.155619659740395
0.134624051877975 0.0317057233216166 -0.00306528553482852 -0.154517893406369
0.102736086655754 -0.075255049514791 -0.0605987109869173 -0.0867695501383907
0.0269536954251027 -0.115249358531032 -0.0729507322901114 -0.0400528778423635
-0.0360318925781031 -0.0939250612062244 -0.057915057999908 -0.0233179065700133
-0.0550905443489227 -0.0739380842684569 -0.0229326778727287 -0.0357246599788849
-0.0481367316173369 -0.0742136036669062 0.003421110430754 -0.0696718075305804
-0.0221928077744015 -0.108638000131687 0.0561619912964652 -0.0874611263879025
0.0481812747756845 -0.118068975432938 0.122169754562313 -0.0557638941277199
0.112900011812822 -0.067195829248805 0.129784872725359 0.0403946929614323
0.142293786952827 0.0659637156866069 0.0359086175779548 0.104184920222867
0.0280186450137094 0.172973543529778 -0.0667302132706638 0.0595874927835296
-0.0880657440490212 0.16640515685497 0.00143572623280377 -0.064326604237438
-0.113404414053761 0.0675141268124655 0.148904746259067 -0.124982559665898
-0.0703365593284776 0.119776549739835 0.178279965687423 -0.0942440286819538
0.025675092378791 0.120173533131566 0.146679169645459 -0.136076419419423
0.0947340572785118 0.0321640187880892 0.0435603696756282 -0.141572664697756
0.0752672628653446 -0.0503042094324146 -0.0190001423922143 -0.114669794887978
0.021822938244738 -0.0827636360134966 -0.0637012541037836 -0.0829489054869137
-0.0267446085754081 -0.0699470515888757 -0.0696492666775988 -0.0592617568559061
-0.042873312705857 -0.052573133771061 -0.0396979967130101 -0.0611718049976666
-0.0381403553204624 -0.0537519086433177 -0.0138750938133105 -0.0913004476010144
-0.0179499725529583 -0.0790892753208053 0.044765003623169 -0.10900101973655
0.0358631019653032 -0.0865937259820795 0.119576604659332 -0.0789420239755124
0.0881042259293481 -0.0467465827217125 0.136562842759916 0.0254343665946953
0.101531654218362 0.0602825300967552 0.047168493926245 0.0892570720747179
0.00114675265942601 0.131663472236642 -0.0508633524882207 0.0443064851740199
-0.0797826841494232 0.104639126258874 0.0339375642539893 -0.0946657577857277
-0.0590369192706957 0.00197656022515187 0.168990833117879 -0.14991134324673
-0.0525947753043151 0.0441133989098944 0.176987370576309 -0.10126453210224
0.0017669832805228 0.055234760250711 0.144879282752325 -0.122978330959694
0.0376310078175211 0.0160851612377613 0.065519657686182 -0.130146318369998
0.030108135967532 -0.0210321500270226 0.000328915544809269 -0.127659035225246
0.0108483253585262 -0.0365877314768039 -0.0591726270408907 -0.104019257183056
-0.0139290346492214 -0.0327399901627624 -0.0769149785387847 -0.079314853389337
-0.0239176598584399 -0.023866181475502 -0.05075874874047 -0.0765704024774944
-0.0236138910353217 -0.0285208201388863 -0.0229455829617816 -0.103734447817825
-0.0140307521049548 -0.0446448241589235 0.0403641377687725 -0.120897657674834
0.0213697794111121 -0.0509796556668237 0.11928946328557 -0.0905741240543649
0.0601164546994161 -0.0253336292182798 0.140492958881315 0.0213632826507986
0.0570518513725746 0.0513942434208905 0.0525573395875 0.0838118741363621
-0.0225567062059562 0.080345841908955 -0.0383776925457359 0.0366000610875507
-0.0630402769085942 0.0337700948753797 0.0612736163936544 -0.106286288670852
0.0267147365567821 0.0363962739650813 -0.0737345973610387 0.123412370143026
0.0190242901158094 -0.0191540540585024 0.0623437809368465 -0.00324369408531177
-0.0144665559103482 -0.0231495718403198 -0.0356457532650616 -0.103665758631467
-0.0173849507879784 0.00908801718398292 -0.1467578843227 -0.0482031761959975
0.00604943872301473 0.0110859323008973 -0.140147477734489 0.0925848798369102
0.00626944166100277 0.000172432527703536 -0.044182627738496 0.137699002600419
0.00368469013553317 -0.00260276103931402 0.0201403140475853 0.11176494948456
-0.000950400941954103 -0.0103218712088019 0.0564822766579533 0.086650572208016
-0.00214047639514804 -0.0120268932292369 0.0750441545244695 0.0777713919768676
0.00147042734860954 -0.0185119903280233 0.0688122265525958 0.0996640301249252
0.0173793323097113 -0.0152312310306033 0.0141135289217087 0.125335594883817
0.0208048968829192 0.00135159198337043 -0.0649889598425184 0.123013337035817
0.0270694669326538 0.0114904274724685 -0.128816977554403 0.117038401246193
0.0222425248861932 0.0370806382603826 -0.177256750878394 0.0939250408815125
-0.00284554714569266 0.0696946188541277 -0.178303856679807 0.143677152631608
-0.0167756046772326 0.0939631633535163 -0.0716677273325728 0.106478015746709
0.0231840862563155 0.0390402411760762 0.0698068036326434 -0.00786797873755377
0.0232220494752392 0.00837319285338733 -0.0195703746764868 -0.119956826252962
0.0208955543139544 -0.00378964759125461 -0.148475609913326 -0.0662077492491893
0.0277576650202648 -0.0235018827140216 -0.147134260688807 0.0782427726648334
0.00617742689865249 -0.0385315646753894 -0.0545403138273501 0.128630372954788
-0.0130644962759803 -0.0342078663436211 0.012926194151123 0.106249726135272
-0.0212266029836656 -0.0409193844383135 0.0511847077935369 0.0773446904369583
-0.018632489131246 -0.0485238885391308 0.0743000761228702 0.0597226773079224
0.00323355395093967 -0.0718460572253885 0.0823604219460889 0.0768319783407636
0.055983417883446 -0.0607584740937031 0.0474665659247345 0.112642614661777
0.0828896492593073 -0.00253791535271985 -0.028941408764872 0.129564543304758
0.0736464968912666 0.0703929007205285 -0.104785942296909 0.132347778007845
0.0125566908033719 0.121885588810301 -0.156439175710622 0.100046971231637
-0.0534796924964974 0.139611024780691 -0.153015993179709 0.12179021427063
-0.0678814101579234 0.137431285052202 -0.0502738209196048 0.0721278204934045
0.014445206019216 0.102418080754265 0.0869829160712043 -0.0192609140581758
0.0584269002225409 0.0534679674315007 0.0105946916947406 -0.141076586947328
0.0669839852977575 -0.00864231739299616 -0.137687204303006 -0.0967495471660495
0.0548307306001375 -0.0559419533372546 -0.149065228555077 0.0480164205287197
0.00987997594098908 -0.0769279217230996 -0.0679047367910377 0.104978852503925
-0.025962472812352 -0.0640275260801489 -0.00167895286278348 0.088166512548709
-0.0387902381972417 -0.0659868995927421 0.0385482455619363 0.0576290555128227
-0.0330279295077002 -0.0739994920808813 0.0646221858668107 0.0304452812824024
-0.00362504774457849 -0.110559341587232 0.0887674975865605 0.036909696566048
0.0726247485530338 -0.104252274284747 0.0851876415653378 0.0791559884904354
0.125390529357817 -0.0285880400728472 0.0233487153571097 0.123098507356205
0.125942855441576 0.0948915256685329 -0.0659066715085997 0.14327842146179
0.0236383746813429 0.182109766794658 -0.130441305766764 0.100528098627685
-0.083025462690547 0.190654725217908 -0.116126820978843 0.0836372610979185
-0.114011126300288 0.158038052887196 -0.010067048488522 0.0252472732316356
-0.00878894526746997 0.156680932728062 0.111992040274919 -0.0362343480963833
0.0794903595635179 0.105622529542724 0.0523565539066314 -0.157994584259494
0.112307440254645 -0.00024049415827849 -0.105862732991053 -0.129307586508906
0.0830563545191775 -0.0788759711950488 -0.136039417456319 0.00465125826685657
0.0166650185863519 -0.107688629282858 -0.0767307525110593 0.0647074665488771
-0.034058395057162 -0.0879602684417754 -0.020363054298212 0.0577886857178736
-0.0507031788095011 -0.0804680019675838 0.0198242973575051 0.02856042002013
-0.0437900340978218 -0.0865068531204644 0.0471521470941337 -0.0051628558519104
-0.0135688106839811 -0.128515221400508 0.0846364270117727 -0.00998764025931946
0.0700800137348665 -0.131171088852867 0.111199783794218 0.0313523875889604
0.139530645984378 -0.0582688220941876 0.0732223911688191 0.100672762988012
0.160355357096277 0.0897756802121543 -0.0235608033042523 0.139568135358681
0.0395271982364702 0.206209458638542 -0.105473447934135 0.091613068968493
-0.0936100766452807 0.212230570503982 -0.074417561006227 0.0338099055776031
-0.142923275625744 0.149618371968418 0.0443321287519162 -0.0275116278766202
-0.0415497147244624 0.181954990863227 0.138263949403236 -0.0554409344098484
0.0761825504005128 0.145987445625215 0.0970093116327993 -0.1597768268487
0.137431966568285 0.0183631369111799 -0.0535270110825846 -0.149862098629105
0.102430156399024 -0.0841055238130114 -0.102422876298972 -0.0457338288932947
0.0251854497945496 -0.120681403943231 -0.0776051862727313 0.0127415018203073
-0.0362623279070384 -0.0979711268552334 -0.0392161086368637 0.0179022960781
-0.0553784007370098 -0.0831675252822568 -0.00121741283303756 -0.00385134537148512
-0.0478527282566938 -0.0851954772106431 0.0256292156753557 -0.0386699947183145
-0.0195733074763414 -0.12514307803102 0.0713814307628826 -0.0522370680676189
0.0596716263506336 -0.133006694772087 0.121351095739594 -0.0166685005717508
0.130877798637504 -0.0700585228479365 0.107081677750913 0.0687275837903649
0.161568042344347 0.0763552743726224 0.0100045657580998 0.122432534284072
0.0407664785433264 0.198015816518243 -0.084552475768548 0.0749650373677519
-0.0939408829879358 0.200187334555347 -0.0343472022394734 -0.0179426424790351
-0.143096606995576 0.115345987208571 0.102062061202131 -0.0782454385228814
-0.0669163680130929 0.165928376813056 0.16111188633007 -0.0727003073632426
0.0512928310552618 0.151593111468345 0.130554678264219 -0.147560684465276
0.128679173466367 0.0343672253429081 0.00349778952315781 -0.14995582213327
0.100673990264921 -0.070702790282016 -0.0561788263224267 -0.0873595906587821
0.0279873793150953 -0.110777115155062 -0.0705914959563225 -0.0404011956922441
-0.0327591404767428 -0.091428963736793 -0.0547495953592503 -0.023382421124775
-0.0515790396979717 -0.0723974615574993 -0.021643158248327 -0.0353509113556703
-0.0448810132351472 -0.0725098278077871 0.00472021896878287 -0.0670130510625312
-0.0194956052188746 -0.105168623162873 0.0560533134838372 -0.0841796427539556
0.0483912139196856 -0.113663782390392 0.120412328292845 -0.052140462514143
0.110112706728782 -0.0624652320011668 0.124199571130392 0.0424692346233469
0.135944137013412 0.0665986049670273 0.0309640711339962 0.102911486073275
0.0239516835743216 0.168774797465602 -0.0665534982648864 0.0562772554952253
-0.0893184666385636 0.159333997776493 0.002703455773249 -0.0621149764930453
-0.111004560574141 0.062330934645073 0.147907483854129 -0.116861467759362
-0.0707032226915986 0.113961490484329 0.175034666830166 -0.0849036650209096
0.0217576924208326 0.116490531911355 0.146090809500883 -0.127559473911436
0.0903752033205281 0.0334339235573742 0.0482342395717618 -0.136210147124937
0.0736579807036536 -0.0469828427606167 -0.0153390432912526 -0.113481565650433
0.0231982115668947 -0.0797884450687397 -0.0602062479185902 -0.0818568251750979
-0.02466133159486 -0.0676714764287518 -0.06595916941288 -0.057654019404538
-0.0400951974932339 -0.0513695956413491 -0.0372532939761816 -0.0601246051135672
-0.0356576142937417 -0.0526828118955938 -0.011532851986657 -0.0880352008136265
-0.0158069588979824 -0.0769373873944396 0.0456304554544031 -0.104784101172456
0.0369377046326518 -0.0831185481698833 0.117832273767931 -0.0745611619351916
0.0852641406158036 -0.0428008789631581 0.131170717234959 0.0277080018784351
0.095896478812254 0.0599228835493212 0.0423637639428491 0.0889783493363586
-0.00137512145995498 0.126872418858421 -0.0506564324234154 0.0426555165881714
-0.0797112097600761 0.100021487755226 0.0353594555821289 -0.0902858243977759
-0.0571283841456339 0.000465192951548724 0.168442001120744 -0.140971554793457
-0.0510273606850467 0.0416810387826308 0.174760770166942 -0.0916265167779602
-5.62076151477205E-05 0.0528268254622787 0.143909242468706 -0.114745986949428
0.0361375750792666 0.0167432194177788 0.0683627627469928 -0.125221447254953
0.0293706194613043 -0.0194395119953839 0.00385247585395558 -0.125186146625194
0.0114412626126558 -0.0353092051599947 -0.0552055702946799 -0.10255887008618
-0.0130411885684623 -0.0315984887234434 -0.0727359888822353 -0.0775689669104431
-0.021749826304088 -0.0230168005097408 -0.0468729425220558 -0.0752706381759967
-0.0218154758725872 -0.0282637970705476 -0.019413908852381 -0.100790419512704
-0.0125395365508477 -0.0425206626274355 0.0415370091883501 -0.11651813875748
0.0221105500718559 -0.0488416599287335 0.117596147052685 -0.0850612077239255
0.0580599450264656 -0.0228289538301797 0.134864696411044 0.0242412442447324
0.0533664966779209 0.0503456903424831 0.0474285224223377 0.0830274151114268
-0.0232807639831482 0.0773909214180075 -0.0379812258122386 0.0350022693939355
-0.0615011013418163 0.0308254377088759 0.0614922411406411 -0.101100202732102
0.0264673652070974 0.0372586216135714 -0.0773508914385818 0.121721513720618
0.0200712871210963 -0.0181865246883026 0.0628303940650173 -0.000239148038089149
-0.0140787260219794 -0.0235008686883607 -0.032141483101212 -0.105217144943004
-0.017587533541131 0.00920521846415918 -0.146275330236677 -0.0537011922015319
0.00587000734002336 0.0109407864885747 -0.142910344094661 0.0895292184551457
0.00581703495882079 0.000111785190302941 -0.0486156842681181 0.136311794255597
0.00413225645065218 -0.00227093580024564 0.0163474490386377 0.112818402235953
-0.00101035555927262 -0.0105645544999189 0.0540530404306973 0.0879438930251096
-0.00196911718950083 -0.0128071917427405 0.0732024165680872 0.0792759350933608
0.00196239315926729 -0.0187380422520192 0.0665350277559629 0.101236984089361
0.0172883240844132 -0.0152971067419826 0.0108196433293397 0.1266769369487
0.0213822627845545 0.00223149984837637 -0.0693098659176906 0.122794462868657
0.02671721171301 0.0126027328263201 -0.133283402794374 0.113343638691619
0.0211736073244892 0.0375548883034579 -0.181766937574145 0.0882975108544215
-0.00489111148872968 0.0695778576070806 -0.183992529422907 0.139253283505702
-0.0186072646128437 0.0939995347546936 -0.0747803968168141 0.10575246577197
0.0224048445165262 0.0398236109714628 0.0703110290565081 -0.00525687247661965
0.0229414962718771 0.00903182777456274 -0.0154348581570073 -0.121379899193075
0.0207340538759697 -0.00286113585351112 -0.147431702116923 -0.071548018146622
0.0284959628081753 -0.0231287495942085 -0.14941870887245 0.0744824529380826
0.00668486666014729 -0.0387878180797738 -0.0579741431824382 0.127568756974202
-0.0120669871790158 -0.0345061904987571 0.00939327386704492 0.106249124477384
-0.0203347131912382 -0.0416237394089908 0.0494960244638724 0.0780429375024153
-0.0175643066036087 -0.0493628886958534 0.0723750061197866 0.0609783601146597
0.00471436918967385 -0.0722640859432185 0.0805752186105109 0.0778700683421993
0.0567130997711207 -0.0601182034345063 0.0455248142613184 0.11422836880513
0.0837115575469193 -0.000454636453942682 -0.033420394424019 0.12976925613573
0.0719451817859813 0.072926910281155 -0.109885177030368 0.129689368185366
0.00941902302612873 0.123182660446676 -0.16127904145337 0.0946705350213725
-0.0576925745702423 0.138932263074394 -0.157564290337477 0.117922863361718
-0.0708115753209523 0.136748240140427 -0.0527547463863297 0.0719272617164362
0.0123866671878604 0.102993302405751 0.0874867082538865 -0.015603495038752
0.0571124067121967 0.0550374873867666 0.0155359407666363 -0.141918107714773
0.0668826201669697 -0.00652609828582317 -0.134757345912673 -0.101925063794349
0.0562655047026032 -0.055035801747977 -0.151033072000922 0.0434932904452127
0.0116209469719167 -0.0771517239375894 -0.0711158303417156 0.103607883663435
-0.0246376262920085 -0.0648595009231706 -0.00411198591875836 0.0881152142835333
-0.0372538320866363 -0.0670128116506508 0.0365510891851819 0.0580421227141913
-0.0313398112213173 -0.0758875787379813 0.0633326033534964 0.0309711203993659
-0.00164693388207241 -0.111311860226968 0.0884452058053623 0.0382597069391074
0.0747882596445666 -0.103388857379015 0.0843311455502025 0.0811718965066102
0.12659450795023 -0.0254661630480902 0.0186128462457545 0.125511791239864
0.12369811391967 0.098407052514656 -0.071919410535055 0.142861012379918
0.0195750176492821 0.183393110455619 -0.135312177544188 0.096796619121405
-0.0889941371694815 0.18981423463951 -0.119717108569034 0.0807882469736012
-0.118922753096618 0.156180745753688 -0.0113809849812882 0.0267856481207438
-0.0133593623420372 0.157218007790133 0.112195208109174 -0.0316684959505534
0.0769438535842695 0.107972010599776 0.0586003017940616 -0.157257248561892
0.112242474274191 0.00236289131484929 -0.101348661124101 -0.133624061600447
0.0848724309921688 -0.0777362770665664 -0.13605434514357 -0.000402375340514436
0.0187179894846572 -0.107684169857576 -0.0782915608715679 0.0630793936684567
-0.0325229260740229 -0.0880363367228504 -0.0215781184068176 0.0573537567639485
-0.0490303911347398 -0.0812951006690805 0.0188241662310301 0.0287820107653517
-0.0415555801652536 -0.0880064128251751 0.0466889991059747 -0.00452756617116965
-0.0117525133050681 -0.129442172746716 0.0851902442149339 -0.00883008288154057
0.072503056884969 -0.130738406561689 0.111513682841191 0.0324883891014731
0.141331676491741 -0.0550426411203741 0.0695180395093751 0.102954949601475
0.158237618392128 0.093787917146714 -0.0290495017289728 0.140518413542802
0.0355822371787212 0.208058043598329 -0.109453721982867 0.0893489667462286
-0.100205313263176 0.211829152857178 -0.0764950361609978 0.0324962029276114
-0.147870066671856 0.14748312366239 0.0451207662917969 -0.025273055041812
-0.0464275542526355 0.182038004411516 0.139793910813006 -0.0502940656300582
0.0722550262571831 0.148058907697833 0.103012429596572 -0.15823371832507
0.137451129416255 0.0217328088303225 -0.0486755523927236 -0.152943760890019
0.104312102701969 -0.0819310526311778 -0.10117540509419 -0.0501485148264943
0.02742296733121 -0.121013842365131 -0.0786479654967687 0.0104811193035835
-0.0343186342399105 -0.0988681630978064 -0.0393299100857704 0.0171719832676073
-0.0536662246417139 -0.0836592333347848 -0.00126127650887602 -0.00438639218774271
-0.0461345035424533 -0.0873036139395733 0.0259858759365684 -0.0384039052066746
-0.0173241501303459 -0.12556435123834 0.0725612895695527 -0.0518639824042256
0.0621565003516477 -0.132873154019893 0.12286450274305 -0.0151663357753671
0.132149653568706 -0.0675778938591389 0.104435851521791 0.0717278890352679
0.159914087992633 0.0801939858088508 0.00529547678998505 0.124551899042032
0.037172802421394 0.200354831816509 -0.0881050617089757 0.0732165811331675
-0.0997841977583338 0.200309425093568 -0.0345711390518155 -0.0185088306972046
-0.146479373081733 0.111978393796287 0.105025827383431 -0.074740241616122
-0.0714723566641963 0.16524529852103 0.163540380657786 -0.0670854026187104
0.0469523198590826 0.15328049500146 0.136337872309828 -0.14451137713663
0.128035279310916 0.0376043605090712 0.00962777974118184 -0.151453157656651
0.101900547723326 -0.0685940456894379 -0.0540667487673472 -0.0912791051783115
0.0301944359972496 -0.110789762882943 -0.0700060626931997 -0.0426576803954413
-0.0307613493186991 -0.0924708761921712 -0.0538444553195747 -0.0247458022458366
-0.0497992225483287 -0.0731736963110581 -0.0208038668595194 -0.0361169953171679
-0.0432939489632511 -0.0742666756706227 0.00572406362291321 -0.0673799986071837
-0.0172358560931551 -0.106195118028015 0.0583039661830645 -0.0839077382561755
0.0506762249012424 -0.113206477505087 0.122685290181558 -0.0510752445699978
0.111380120998765 -0.0593876007356697 0.122738120294485 0.045851154070348
0.133678187532517 0.0695342759543542 0.0263993202809238 0.105297327581482
0.0202349254637536 0.170133146326401 -0.0693703247412529 0.0554782153140257
-0.09338033640765 0.158817891683804 0.00369844394101709 -0.0614340684981699
-0.113563654485348 0.0596926405622439 0.15244791545216 -0.112710062754599
-0.0738801090585025 0.113094628410562 0.177933783750722 -0.0788358819147543
0.018527123959898 0.116780838421007 0.150582478845576 -0.123932571797881
0.0897800747113624 0.0359771940840539 0.0539660579352816 -0.136202736090809
0.0744626481433055 -0.0458606190049032 -0.0124606823437286 -0.115956147993542
0.0244356724411936 -0.0798153753416745 -0.0589445175172829 -0.0838597616843202
-0.0232455248766604 -0.068515261958737 -0.0642727889908419 -0.059703673585983
-0.0379655493440907 -0.0517311938401855 -0.0363102152745532 -0.0615535745921058
-0.0341767986234328 -0.0534946536206107 -0.00951021851698175 -0.0890174878187975
-0.0140548963841131 -0.077268505294475 0.0481604697292684 -0.104733741574225
0.0386215319414457 -0.0822673330893076 0.120217557394941 -0.0725191914611144
0.0864616862777483 -0.0405631545229732 0.130506909381579 0.0319892279370159
0.0939243493253933 0.0626794771223501 0.0384032885937688 0.0910913927766722
-0.0040249229316475 0.127820145940381 -0.0528533545629599 0.0418469169378277
-0.0819576051284017 0.0986172006192404 0.0373278980967269 -0.0891604036777091
-0.0571071958384571 -0.000894050651181264 0.173815335534134 -0.13578821707651
-0.0522031902372653 0.0405839604252904 0.177896553672919 -0.0852309768590286
-0.00176305873547196 0.0525435753289758 0.14813211889914 -0.110751840918105
0.0352137519010971 0.0180193550961447 0.0739699261454622 -0.124469103600407
0.0294952086861934 -0.0185358431647918 0.00676313570914288 -0.127007757373094
0.0122917291377672 -0.0354667804094647 -0.0531343851744535 -0.104446896521608
-0.0117023150214185 -0.0318427107730628 -0.0709757728542152 -0.0789030040480988
-0.0209821303250449 -0.0232401210854173 -0.0457779061057137 -0.076405426595824
-0.0212715744144741 -0.0280165411961252 -0.017087009339146 -0.101582067356047
-0.011540504482195 -0.0426122042534693 0.0442686299473622 -0.115871655900364
0.0229442083958486 -0.048425349758619 0.12013037466343 -0.082904283464819
0.0583123134416066 -0.0207843813801807 0.135029793459472 0.0281395608538532
0.0512791102460617 0.0518862194738023 0.0439959031804407 0.085731731070889
-0.0247315172996458 0.0762994859432671 -0.0391160590088666 0.0344711836509178
-0.0621304830715298 0.029161066945642 0.063603029023883 -0.0992159318954132
0.0277361693013237 0.0388802596823093 -0.0808087006303199 0.126413904404918
0.0209940457023996 -0.0190191857253053 0.0653342585677348 0.00100678102445728
-0.0145023169737212 -0.023886544156504 -0.0318223597171479 -0.10918082350893
-0.0181699302744175 0.0100907209203874 -0.151377444519246 -0.0567025334238544
0.00676752611819659 0.0108647919984397 -0.147551287614134 0.0923901716325148
0.00591878917161141 0.000144322226055003 -0.0502360872903589 0.141635973908707
0.00400026740492708 -0.00261448484163859 0.0153038326074375 0.116451638124528
-0.00102576945333924 -0.0111636588915442 0.0554638115103844 0.0903605860569178
-0.00252283161679078 -0.0136967433748035 0.0751108882581843 0.0818578223550901
0.00215374153601352 -0.0201835423181778 0.0688833000758722 0.104332208091444
0.0179072120593543 -0.01573175278903 0.0113284888598224 0.131428176488867
0.0224346192784291 0.00232741708484325 -0.0733404409691666 0.127627023595776
0.0271137802337651 0.0133745528969219 -0.138510903260774 0.116203694967383
0.021452243257302 0.0389796235328397 -0.189936974539274 0.0888387762387736
-0.00483757335015047 0.0727887672573254 -0.19198869528909 0.142993695472956
-0.019108267948031 0.0975334228764074 -0.0779966558766007 0.110177846038625
0.0236795003186208 0.0413621328040154 0.07302921928124 -0.00348413316670251
0.0235174899112285 0.0096258445086208 -0.014570203327357 -0.125987109234528
0.0214659318585359 -0.00254272309929633 -0.151839665321887 -0.0755428839220815
0.0298263279023361 -0.0241812812351204 -0.154329809743361 0.0764778756951712
0.00649889503575954 -0.0398117470671133 -0.0604543419632179 0.131744905704805
-0.012525417824568 -0.0353498742100893 0.00896196884324752 0.109129920733727
-0.0215157513298192 -0.0433382328081694 0.0502831188685037 0.0800572732908128
-0.0178508284776052 -0.0518234708057414 0.0736351176255559 0.0623443915551905
0.00418013283675402 -0.0754104224435239 0.0832210942800851 0.0798635748055416
0.0586787654822484 -0.0626875300969428 0.0469626003682697 0.117462481424231
0.0869332425440987 -0.000141044004274829 -0.0361256502904797 0.135408717511374
0.073999565023788 0.0761747543336182 -0.115194251407262 0.134044721949306
0.00913899391373942 0.127466103257734 -0.168601363857977 0.0955555085059707
-0.0605101329602701 0.143770059624394 -0.164838848830524 0.121759071343425
-0.0737947211863551 0.141653291473343 -0.0556335551805457 0.075537054064085
0.0121210410231513 0.107006653770599 0.0900683725965652 -0.0141500547394857
0.0583357212863337 0.0570858039373917 0.0182064401157356 -0.147208700968778
0.0689759997952975 -0.00632298271548186 -0.138202071634131 -0.10690600631311
0.0577326324502955 -0.056998962382423 -0.156357603161784 0.0442251855149366
0.0108998133908117 -0.0795988264647736 -0.0738562937865141 0.106593318956214
-0.0253998570958024 -0.0668473486055984 -0.00509580594736561 0.0906383044004146
-0.03867669495453 -0.0686452844075962 0.037966216151179 0.0591485169604122
-0.0318046643593252 -0.0787407889694074 0.0645531741747475 0.0312716503230796
-0.00265709931928657 -0.115689189841768 0.0915524580031488 0.0379646259725338
0.0760465498507444 -0.108140035506796 0.0881826209224032 0.0826772556329747
0.131443553148787 -0.0260982644424134 0.0178289156437221 0.130801682459535
0.127988391115097 0.102122832369702 -0.0764879548224051 0.148094732331535
0.0200384259002139 0.191059002132812 -0.142146535040061 0.0993041243368837
-0.0934680424182478 0.197213094519522 -0.125023931275486 0.0838139431222617
-0.122908981982746 0.161275729365825 -0.0119332348357148 0.0284908332517829
-0.0135270959086986 0.1626536757725 0.115766143575205 -0.0303596286016043
0.0791685338708293 0.111556259968716 0.0620170664488366 -0.163043722951016
0.115841418275422 0.00291039657189242 -0.103102508443076 -0.139351980521874
0.0876375564159085 -0.0811231318625247 -0.1401791030858 -0.00190175106453355
0.0189045549555741 -0.111436938835617 -0.081276903338258 0.0649521949754282
-0.0337428982040007 -0.0910180097300424 -0.0221452648678245 0.0588280106198258
-0.0503054108119973 -0.0837259301874444 0.0191125797565462 0.0289875550749738
-0.0430692896634221 -0.0913248836502899 0.0475167318443129 -0.00541708261884108
-0.0126812979839214 -0.133632290390325 0.0876447330213196 -0.0104936933658909
0.0742274002318121 -0.136437327528602 0.116375190789531 0.0326792683220304
0.145939660580162 -0.0564991203144155 0.0707584497590922 0.107303701866052
0.16382618774797 0.0973353583481829 -0.0317869750116418 0.146190299108606
0.0368972598415913 0.216695106327789 -0.115392204104877 0.0921335155278748
-0.104318863392305 0.220596541515763 -0.0804284287874042 0.0337511735239008
-0.153518138610907 0.152370895715827 0.0470730602284987 -0.0252161959853931
-0.048444246622174 0.188386500556748 0.14419816162171 -0.0492872324377061
0.0742232933594574 0.153233410620545 0.108492148897297 -0.163894669410386
0.141173234398076 0.0227269101521606 -0.0476191221538948 -0.160085545667983
0.107799043799836 -0.0856244279426013 -0.104447959678418 -0.0539328911112278
0.02759436973578 -0.125831908599201 -0.0815314141946825 0.0105464230985435
-0.0360345065729663 -0.102406771685901 -0.040227315626856 0.0177095493797606
-0.0549879409513359 -0.0858094455133556 -0.00142962114455141 -0.00509744854910336
-0.04743744746143 -0.0904939871604057 0.0258920491530015 -0.0408422354837473
-0.0183000532264109 -0.130381992472739 0.0748800473871581 -0.0540784789279431
0.0632326627102228 -0.138287856073809 0.128163062795569 -0.016631769542163
0.136308329209259 -0.0695680728707586 0.107066706774392 0.0751631227175023
0.165459739361949 0.0825388587112104 0.00339246509186355 0.130523482629236
0.0385608606171932 0.207967386610623 -0.0924228283853245 0.0760876008658715
-0.103762447739764 0.207637564311495 -0.0366938683185401 -0.0184718298691037
-0.152835099381589 0.116371018754009 0.109588389139897 -0.0761705822903911
-0.074819211581709 0.171103223189568 0.169182405190266 -0.0666523444128906
0.0479316856646478 0.158887869710947 0.142261219859944 -0.149200985401913
0.132686748391433 0.0389798157628355 0.012785024060771 -0.158196319653749
0.105312221961788 -0.0711130386580651 -0.0556944959874089 -0.0968585501130196
0.0302584449937594 -0.115230752286976 -0.0728455891793304 -0.0442329314893007
-0.0325398561888754 -0.0951748497400858 -0.0551544556829251 -0.0251199064051482
-0.0512997840389926 -0.0745228396966184 -0.0214396615757043 -0.0376392966407398
-0.0446787354850976 -0.0764794753522996 0.00507805326091383 -0.069954584242604
-0.0180896857081375 -0.109755179118705 0.0594132257202046 -0.0871152491542805
0.0516716587256546 -0.118194373085884 0.127454428116048 -0.0541639488441963
0.114439354281661 -0.0609778612635815 0.125921636227496 0.0481244639837631
0.13779088005257 0.0716685095456856 0.0257684170298673 0.110633754905042
0.0213324657997251 0.176198065701124 -0.0728930204804772 0.0581406404226172
-0.097550041329525 0.164383310093829 0.00371637879872895 -0.0631194657120876
-0.117731859920793 0.0620209530760406 0.159103232675152 -0.115977517398965
-0.0765107424758644 0.116604479263518 0.184697572343297 -0.0782246432411645
0.018872723366253 0.120862795640134 0.157269384135115 -0.127353266020949
0.0925088396675622 0.0377757061768575 0.0584301583920897 -0.142061276799624
0.0768355211504635 -0.046903266122283 -0.0126344124146662 -0.122315788191277
0.0252246286984993 -0.082915389783555 -0.0613050322095414 -0.0869734238128057
-0.0241614990237394 -0.0699022181481993 -0.0664360383520818 -0.0613446568259373
-0.039119297034294 -0.0527641491260097 -0.0373770862609542 -0.0638630975072793
-0.0357729366229434 -0.0546498635195609 -0.0104361553256945 -0.0921024780161779
-0.0141953341540486 -0.0794408041847653 0.0497183898937895 -0.108668737413284
0.0399199789788566 -0.0860301802764088 0.124825502658667 -0.0761514347089904
0.0889030739435691 -0.04132660998939 0.134603318046709 0.0328269137560038
0.0967145165904288 0.0639599783462293 0.0382893984309129 0.0957713012508279
-0.00393643220007963 0.132279518578175 -0.0548071575535374 0.0438553481491167
-0.084567499987697 0.10175930376431 0.038258800357355 -0.0919647167840709
-0.0589199483485347 -0.000837335566741979 0.181378794901467 -0.140691635999022
-0.0536993486209479 0.0421854216531198 0.185711784536856 -0.0864073250447323
-0.00204381311319006 0.0543231405574596 0.154327065914994 -0.113693710595691
0.0363502887929297 0.0189033943208099 0.0781516124411249 -0.129318793627498
0.0304449186068717 -0.0189959768303966 0.00735550758264746 -0.13310531451232
0.0125877436369741 -0.037193204746869 -0.0550222643518707 -0.108723100991787
-0.0121843820701207 -0.0328334747342948 -0.0730338468591119 -0.08143467433701
-0.0211911014674044 -0.0232471797358118 -0.0469031285853589 -0.0792489214873769
-0.022728380155324 -0.0284784217642793 -0.0177906896521687 -0.104733276363969
-0.0117341378309815 -0.0440387364429184 0.04636485073492 -0.12011133353048
0.0243432864333261 -0.0498656024517444 0.124680619865668 -0.0861321255781006
0.0599859768820305 -0.0210729933158372 0.139016200776633 0.0296543597985347
0.0525190068369309 0.0531665303501091 0.0445146895224892 0.090067426210816
-0.0254987763968304 0.0791108100047529 -0.0413664500206297 0.0355372189435659
-0.0633175239864042 0.0296461615519167 0.0655526731678994 -0.102004312309163
0.0357512611973543 0.0343389052842255 -0.067327624317698 0.145116218717037
0.0191356843663824 -0.0220790203483272 0.0682524104154611 -0.00714971040236911
-0.0177892231233193 -0.0213820234079299 -0.0485853626452986 -0.107255597135074
-0.0153017361953775 0.0119682081407864 -0.165555841859766 -0.0336842754890199
0.0074614313210216 0.00764604636249085 -0.136524517232476 0.119599861532408
0.00558707893950712 -0.00175356636666249 -0.0293624866086087 0.154537206250017
0.00369123329434683 -0.00329131961714498 0.0349298596186318 0.119119781360367
-0.00374349520923878 -0.0112260872866394 0.0703733588201594 0.083992555661698
-0.00523538928830016 -0.0136179301399988 0.0897684081789157 0.072354425333751
-0.00203869863115196 -0.0212402522583423 0.0870197472312298 0.0961279917344364
0.0143978856452598 -0.019448850730605 0.0311436885214991 0.135027540000282
0.0248064393546077 -0.00170690072689457 -0.0573484275671222 0.145068472569674
0.029690129557249 0.00932098927352895 -0.125829254179134 0.140671391042111
0.0284894502373212 0.0356569055850975 -0.182221567413356 0.118008292247138
0.00734411622453413 0.0742538415983255 -0.178292450939769 0.177051653136157
-0.0030800579269659 0.104435643886869 -0.0675546399189521 0.121652928248215
0.0301777998715996 0.0403816854749829 0.0737688102524265 -0.0153375333290599
0.0264707927851589 0.00748812811832785 -0.0361598261824438 -0.1289636721255
0.023415704621666 -0.00594509086578932 -0.170246676611349 -0.0523056542202642
0.0259207800813137 -0.0319610284873185 -0.147664868441481 0.106298429300639
0.000345151372474965 -0.0432345211666535 -0.0412683885994521 0.14838645527655
-0.0180320752758143 -0.0348563183289208 0.0273107075634481 0.113868854677247
-0.0290314011166167 -0.0409124106786547 0.0638108727352828 0.0737328403034385
-0.0267466761997495 -0.0500038795410107 0.0851850915469057 0.0524351787391018
-0.00871212967039194 -0.0775472208992768 0.097078123274964 0.0683552474312313
0.0479505252943371 -0.0731628173715366 0.0660637360081667 0.114743506905297
0.0900179263956207 -0.0132106684193359 -0.0192957048844637 0.146564748406522
0.0876134549944717 0.0653145029928432 -0.0991159764119378 0.15438674160468
0.0295746178801528 0.128104370301767 -0.156841492280301 0.123229714962347
-0.0382506979694227 0.155599155283192 -0.153745527608003 0.151305850652026
-0.0524811167625708 0.160765786761171 -0.0492079187873906 0.0753067986402064
0.0283032480136577 0.110233720628016 0.0887682329498778 -0.0311900181830739
0.0701508086986146 0.0516326545082631 -0.00930360743791892 -0.157863800418523
0.0720619062903783 -0.0166234262478661 -0.164038537564448 -0.0863399161145943
0.0502501324230155 -0.0696962960918851 -0.1558183832532 0.0748494019891622
-0.00120237941777659 -0.0847180670487617 -0.0584588852514435 0.126410350921642
-0.0363731537065754 -0.0647408747793101 0.00939699626839587 0.097176743461989
-0.0500689153640662 -0.0642695500704562 0.0474106341315473 0.0542643758678556
-0.0455433391404187 -0.0751449517198351 0.0697829786828951 0.0220848042322826
-0.0214978928967018 -0.11724714727067 0.0985836607356001 0.0237963523378562
0.0590804001064287 -0.120866008291766 0.102397340709633 0.0723174582752446
0.130255577525042 -0.046665290714586 0.0355304235937232 0.133364603732058
0.146631879681761 0.0835068676633204 -0.056975038335055 0.162499342416465
0.0504756664627889 0.190373483029225 -0.127802879545092 0.122980806042744
-0.0633147691640812 0.215563486398685 -0.117988227033894 0.107048102219398
-0.100691321819377 0.190825968755995 -0.00960850210270806 0.0149996859873563
0.00944882998680359 0.172509122593998 0.112500262153367 -0.0543467721065519
0.0996933990314821 0.105265310007438 0.0312682379421552 -0.183813467840299
0.121474078641188 -0.0133006655807943 -0.135196640034451 -0.126696929672962
0.0775278301843394 -0.0976202349564483 -0.149115203572552 0.025471801705937
0.00210633801982972 -0.118698096385413 -0.0738003716537765 0.0856608832679858
-0.048535466025993 -0.0890576912030849 -0.0132476403638347 0.0679763051761337
-0.0645686259257781 -0.0776366663961083 0.02412135029332 0.0267108018276472
-0.0585603611188516 -0.0868107734538098 0.0465988384630897 -0.0126427661375289
-0.0345168200424515 -0.134336124501767 0.0870216275638589 -0.0253286565530244
0.0516958395095405 -0.149146191019917 0.124515155014063 0.0158148210508165
0.140116781459521 -0.0793368043339275 0.0868114625896011 0.100927470433977
0.182343720887293 0.0720551325538127 -0.0115178334406417 0.153996442404932
0.0717931193355766 0.214211302224332 -0.101234952690635 0.111470785723004
-0.0718336896983143 0.240638215269546 -0.0783013994177435 0.0486489571327801
-0.134256963143947 0.187989496204896 0.0453700200084527 -0.0528195735061116
-0.0229593957406404 0.205114146187859 0.138579629945867 -0.080899061882049
0.101014503311344 0.149595163200973 0.0784485531095079 -0.194825716089537
0.151089877208591 0.00378623583252178 -0.0826269507495649 -0.158063417053649
0.0983445176659364 -0.104532662484531 -0.122044303812172 -0.0343981533802856
0.00895710322843881 -0.134049110745712 -0.0832858638411631 0.029850158849112
-0.0522641236239045 -0.0999916319465333 -0.0394740603495908 0.0285863081636323
-0.0692946295209983 -0.0790055212915761 -0.00234916666963144 -0.00504606997858834
-0.0626612824293247 -0.0843509467013857 0.0193265302005575 -0.0458963210814294
-0.0394810240551715 -0.129449264282886 0.0663381500321218 -0.0679034792471155
0.0409435120945307 -0.150020197126391 0.128084514330292 -0.0374819631559065
0.128126031175902 -0.0910231147371249 0.119319478478783 0.0619594170644767
0.181248776067285 0.0568908885538395 0.0217840094393191 0.131926414905789
0.0724846662303973 0.205504120782199 -0.0798176383851041 0.0919792904086762
-0.0729712691002293 0.227698346144333 -0.0409518455615687 -0.0121307442366098
-0.13961634991071 0.150657800959686 0.103992516087026 -0.114644703561081
-0.0523693982573598 0.190640721375158 0.164129341392059 -0.103018404353571
0.0733729019652779 0.159367080428157 0.116877937626164 -0.185351734746232
0.143522129786746 0.0229019511937968 -0.0202021606539646 -0.167492005206781
0.0982783361287476 -0.0890528749134244 -0.0796561088660513 -0.0880558387545519
0.0144519442062128 -0.123602556381538 -0.0837465416939135 -0.0289808233595067
-0.0474042599680537 -0.0934944960531245 -0.0625749871727429 -0.0140666677628383
-0.0631668967403275 -0.0683227389261823 -0.0278293359508088 -0.0353745086137949
-0.0575545570093021 -0.0708935456278781 -0.00634282690556348 -0.073204074467037
-0.0350880376081635 -0.108084406738419 0.0464579307407766 -0.09942277404896
0.0332813580777635 -0.127354632608662 0.122694264353329 -0.0754763273063726
0.107000837729523 -0.0787970811386313 0.135443013242928 0.0304529278658119
0.15058949417362 0.0501923774780934 0.0425224725442711 0.108860886729321
0.049736979352081 0.175238216752856 -0.0621578342333129 0.0703991489316398
-0.0728954119932916 0.182414788183215 -0.00626877674568566 -0.0645101531766362
-0.112635937186511 0.0882111220146814 0.14971427571545 -0.159331025686478
-0.0624741033707142 0.134554149312711 0.180466531737814 -0.116178943743197
0.0372094630319073 0.124714757649359 0.138247003736568 -0.164339875007186
0.101378354435254 0.0274294933479594 0.031575543804447 -0.159032897872569
0.0732840443571881 -0.0590447938093617 -0.0378134989423873 -0.123207619421947
0.0132657893640366 -0.0897745216726434 -0.0785073175063446 -0.0766334904117516
-0.0346224127952184 -0.0686161946942729 -0.0805583853535713 -0.05056693450201
-0.0470071548305491 -0.0479389737966206 -0.0478637426655456 -0.0594476060465767
-0.0443782173904148 -0.0498127958304364 -0.0254580008606142 -0.0935636960130366
-0.0266601783244344 -0.0774009708142233 0.0330681812195794 -0.119878822395914
0.0268958790781085 -0.0925287964808259 0.116905390597527 -0.0982948948466854
0.083526976574279 -0.0547564154317526 0.142637887449781 0.0136009031908088
0.107296826935649 0.0498463007976203 0.0538594014897234 0.0919441050627277
0.0167204967855189 0.1346679337125 -0.0471259005848982 0.0542320339793066
-0.0699734380269888 0.116226002215469 0.0255781570293681 -0.0998611814667195
-0.0617460049502089 0.0125745987592613 0.169804730778657 -0.180955832248286
-0.0494832759263661 0.0539212036616627 0.181082180448285 -0.121923009090554
0.00528506986928121 0.0583294399693491 0.140993552865785 -0.146401365593134
0.0405815399689003 0.016099898593836 0.056833214867394 -0.148871834146582
0.0296557647987905 -0.0233475498647174 -0.0175897487670568 -0.139099781462705
0.00726973545870925 -0.0400239852941699 -0.0753958729889351 -0.102254368294663
-0.0171398734890116 -0.0317765799283642 -0.090396009141878 -0.0708638635116768
-0.0239442906291683 -0.0207327548791785 -0.0606332365520688 -0.0734161261925411
-0.026601511942183 -0.0248919985713136 -0.034990753992238 -0.105733276280534
-0.0176168502504394 -0.0414088089247658 0.0284999027907129 -0.131609060841815
0.0171307080043443 -0.0533279914795356 0.115223953352102 -0.108416073596467
0.0571541767552646 -0.0299178943601912 0.147662324502097 0.00908058719039346
0.0611045952415577 0.045866869401716 0.059651127000535 0.0856585833686841
-0.0132538579375727 0.0839554574536414 -0.035392134169287 0.0442228239226425
-0.0594582215411146 0.0394250654208033 0.0519240488723191 -0.115329702402203
0.0390612434104159 0.0310614852588609 -0.0549081608120255 0.152346751952289
0.0177079390178889 -0.0238566533515095 0.069145257897642 -0.0115592879725942
-0.0192753443598467 -0.0196167161665402 -0.0562447720240695 -0.104391121298052
-0.0134170188844525 0.0133875799370626 -0.170024483524716 -0.0211756504122111
0.00818432491859242 0.0065141987052189 -0.126799499327434 0.13101773730518
0.00531267429977961 -0.0019211559963248 -0.0165527747325709 0.157516179174179
0.0035023089075738 -0.00419904819168501 0.0439284830248315 0.117248599542013
-0.00461161586243007 -0.0112072342432361 0.0764783404513455 0.0781604781023331
-0.00668443346950851 -0.0135955737917889 0.0953633342701885 0.0653263702445121
-0.0040836719516951 -0.0213724736174062 0.0945685867388802 0.0882255413303779
0.0129594036210682 -0.0207914438832139 0.0424454894390491 0.132978241790257
0.0253733623119171 -0.00355020804199174 -0.0469153092248491 0.151251554314722
0.0303999467640367 0.0076490301763417 -0.115630351946655 0.150280361663467
0.0303501345914256 0.0334356693729643 -0.174629133119064 0.132039570787869
0.0132165975627391 0.0740783331790584 -0.164771745464205 0.191418913196531
0.0062326120895104 0.104263975362852 -0.0579599027519474 0.128986813514156
0.0339516067197658 0.0376411605066179 0.0739654604722345 -0.0190945704152335
0.026920646988428 0.00557920775541948 -0.0457666974445908 -0.126439116322357
0.0230916976666234 -0.00738882022630948 -0.175151008564143 -0.0398783656272379
0.0231027619563694 -0.0345894300640333 -0.13912788130767 0.117970428568257
-0.00365207931000205 -0.0431527842461384 -0.0287459138569118 0.152123100021741
-0.0207980915442337 -0.0331873573348145 0.0360051774104363 0.111877024362058
-0.0324254726389952 -0.0382862227958673 0.0688343164388095 0.0685559499202685
-0.0316410204657649 -0.0487392667305725 0.0889439071399859 0.0456456449135555
-0.0154104800400816 -0.0770220052232355 0.102586128776193 0.0594577009411312
0.0414588514448498 -0.0774700708896856 0.0757927605915144 0.109377800089916
0.0893200296520813 -0.0209168496889074 -0.0079916088242491 0.14945634061415
0.0931972258661346 0.0588549826535225 -0.0875811578513858 0.162775001691775
0.0396414350289039 0.125413472717951 -0.149342934068047 0.135144133325517
-0.0255613059946482 0.159659414868117 -0.142868979577447 0.164990559055593
-0.0383346940414751 0.165132631661268 -0.0430033924726837 0.0815975573030384
0.0375942439529039 0.107712827539074 0.0875215544740851 -0.0363337853892804
0.074582654002244 0.0457713606098383 -0.0207148237003841 -0.158646171552823
0.071055622030172 -0.0217532025243213 -0.171146542849416 -0.0750877703898919
0.0443789958459148 -0.0744720569015787 -0.149868783875132 0.0867491440275111
-0.0085431866565153 -0.0843299180264115 -0.0485317899807063 0.131520784288125
-0.0415595579968414 -0.0618078251523053 0.0175412121562799 0.096225282090393
-0.0553994030865056 -0.0601192227237992 0.0513611867908346 0.049765690488878
-0.0524094997159207 -0.0726532409757076 0.0712136228399312 0.0162983313369859
-0.031963334508449 -0.115693691989947 0.10017295749801 0.0146530208037173
0.0481255785931288 -0.127018498443606 0.108819288199227 0.0630696405484201
0.126996687203374 -0.0577557304275527 0.0457560256841418 0.132598164775422
0.154178336187829 0.0712145130040006 -0.0446036116113719 0.168080951732617
0.0666435393858401 0.186773410375186 -0.120060804702195 0.132909956807184
-0.0460534456023801 0.222031352292105 -0.109799955693159 0.117603929394742
-0.0847679308434261 0.200339667697052 -0.00833603749844246 0.0176725631574058
0.0238837306805479 0.172195209066734 0.109134401899744 -0.0612964380544218
0.108134620721927 0.0971918533960155 0.0180743322706613 -0.188094788959311
0.120702450668749 -0.022899598774659 -0.145513676528751 -0.117848291142609
0.0689594903519642 -0.105101454723205 -0.147820133466044 0.0366468979367342
-0.00877547512420714 -0.11886808145693 -0.0669021146118804 0.0914875040037999
-0.0558127929200023 -0.0846126217697892 -0.00778988051487499 0.068616173146104
-0.0713005913927815 -0.071987082661555 0.0257090396748463 0.023889009920737
-0.0665917805242713 -0.0822113907508583 0.0445038280304931 -0.0169946875389407
-0.0467409890292852 -0.132063801658545 0.0838838633156843 -0.0333128746736029
0.0384839273407256 -0.154770617423989 0.126064568192603 0.00357004118562403
0.133996780298847 -0.0913651816682612 0.0940510978276196 0.0957209262174819
0.188988581948632 0.0568716117405977 -0.000921510375646079 0.156380639356721
0.0904486642187401 0.208445210280052 -0.0936994400036364 0.120151741555598
-0.0520226646983041 0.248071813869176 -0.0744903979166889 0.0565161565788175
-0.119092089760926 0.200110759776235 0.0407201639165199 -0.0552526877080787
-0.00571877356785489 0.207549028036632 0.133510223011366 -0.0890854303271095
0.112574156050694 0.142089944688573 0.064105189155498 -0.201824178375195
0.151377582301867 -0.00816473461605138 -0.095140537517863 -0.153256141648887
0.0893184156037339 -0.113033916123416 -0.126024090697633 -0.0262969733751746
-0.00367189780504521 -0.135713763342281 -0.0810690898076237 0.0367291550729129
-0.06067128500357 -0.0953028172695781 -0.0367625905774899 0.0315117172543527
-0.0758897395662506 -0.0729869171712294 -0.00369432072131857 -0.00493400821341789
-0.0702489210402397 -0.0795406861396361 0.0141378795977011 -0.0473761279145129
-0.0512175183492114 -0.126312405819254 0.0598790155346226 -0.0745860030045543
0.0275982381317903 -0.154370675839956 0.125245188709286 -0.0500226917436587
0.12063243771782 -0.101317118896105 0.124209112621741 0.0533224706110868
0.185412275976996 0.0418962462966955 0.0323381596764214 0.132653278015732
0.0905749986914592 0.199425890241725 -0.0734293006157058 0.0995473889640484
-0.0536439118791699 0.234632740582101 -0.0420045468442916 -0.007577593648264
-0.127189610339939 0.162952307879925 0.0949780542029815 -0.122253675475189
-0.0367749595168942 0.195599373637709 0.156324015499702 -0.113912617862234
0.0859971771498778 0.153979555802324 0.103118382976903 -0.195612525098606
0.145830122710148 0.0115451726752849 -0.0323832299583753 -0.168196084841056
0.0910902377389186 -0.0973917668916496 -0.087575071385431 -0.0834580900016617
0.00237836724573297 -0.125546781926945 -0.0866397842223241 -0.022651835077734
-0.0553387724559032 -0.0890256747823929 -0.0640325809631959 -0.00903030241280915
-0.0677906353906679 -0.0630929513100398 -0.0315458162063662 -0.0331521906479457
-0.063691469548911 -0.0662706374376292 -0.0137822369584058 -0.0725689463936742
-0.044728823033042 -0.105573648731562 0.0372063991505102 -0.104044571868005
0.0221710897348383 -0.130619899266244 0.116411579896096 -0.0874357434872657
0.100703143187718 -0.0873623980755385 0.137592634877192 0.020344931551905
0.153976842039882 0.0377284715467927 0.0508352212291798 0.106852425762247
0.0649519291026277 0.171126568040149 -0.0576188381270714 0.0771409973304661
-0.0578067978773828 0.188597804334548 -0.0113292343223879 -0.0635051889128919
-0.105394904933999 0.0978711928348576 0.137749148375625 -0.171126662823698
-0.0516340387464784 0.139646974934707 0.171789845279301 -0.129232196742886
0.046579331089527 0.122030909871872 0.126757786032958 -0.175408035544337
0.104081306908209 0.0196079267348527 0.0195010042187043 -0.163039373469833
0.0680840783937877 -0.065274388594097 -0.0490607813710242 -0.121644375828141
0.00505781342563168 -0.0909357902862928 -0.0852779249873385 -0.0706601206574033
-0.040704641339172 -0.0657268137775423 -0.0840600921766369 -0.0439070262483157
-0.0501122906434327 -0.0435672910137107 -0.053536399621894 -0.0557614215529451
-0.0484056248094657 -0.04589979432443 -0.0336694062650582 -0.0911596172948385
-0.0330756744063371 -0.0755630435168407 0.0227727905579998 -0.123333619637561
0.0188775852908862 -0.0951281411178916 0.108974324715202 -0.109720848442485
0.0794342298988709 -0.0610259417730664 0.143753942195991 0.0023164948577832
0.11023408059241 0.0409218456064235 0.0606495878124259 0.0893280150221842
0.0283440367646042 0.132784475868797 -0.0437126323490437 0.0587741395669576
-0.0607980495619793 0.121582495954826 0.0174011252433602 -0.101769291086565
-0.0598191942820043 0.0177886089622575 0.156149266163648 -0.195782979065995
-0.044940297350866 0.0577580282170046 0.173003467280509 -0.135699850451759
0.00950737239740377 0.0577983170542633 0.129930343513378 -0.157905958345964
0.0420957540249712 0.0129311484974889 0.0461760025609122 -0.154699468370692
0.0279256168875822 -0.0254484196684798 -0.0294605001819942 -0.139120659816577
0.00311924276618155 -0.0410245664636641 -0.0846309871115856 -0.096941352689738
-0.0193045341485505 -0.0301766494408951 -0.096409514490771 -0.0636435397537362
-0.0247447063035271 -0.0186381430012147 -0.0669741693718849 -0.0687943951844718
-0.0288393242336634 -0.0219796134268204 -0.0442023372789852 -0.102769038711705
-0.0208543522194832 -0.039750592599055 0.0171923750992955 -0.133950460563836
0.0124782616161362 -0.0553496512901872 0.10603274548247 -0.118998334479789
0.0552000709390721 -0.0339087738297405 0.148383829385518 -0.00221728350976187
0.0642175631401818 0.0411190560492398 0.0655334598697045 0.0822369573741802
-0.00610420786438228 0.0845037386897636 -0.0318091865427281 0.0475231427929685
-0.0564515566589287 0.0435019710842782 0.0427070187248266 -0.119160704592621
0.0398945740748679 0.0261977658893152 -0.0411280922950806 0.150349039518973
0.0153804353082838 -0.0244249541234054 0.066323044558285 -0.0157000753769922
-0.019782716613129 -0.0167836493927348 -0.0597097166281519 -0.0964260378546214
-0.0117491916362421 0.0136078630349481 -0.164353784173973 -0.00865492872172731
0.00818561288934938 0.00499150557443967 -0.111250917270153 0.133447371879419
0.00478389689935661 -0.00188329598850934 -0.0039922258661269 0.151060565660687
0.00341412119881196 -0.00435801481309409 0.0502919941024358 0.109438795718821
-0.00552028883382221 -0.0105765927618848 0.0782610218227252 0.0695176374261126
-0.00758256427609505 -0.0128409206100909 0.0951205920583104 0.0554007187262942
-0.00577219903219121 -0.0202046466384535 0.096545563275897 0.0769209944794643
0.0103769357865946 -0.0205364421823395 0.0498407700939754 0.12437471889059
0.0243633868752171 -0.00537724850963045 -0.0342881403485745 0.148384879556411
0.0294573627235813 0.00498812623282976 -0.100175177465646 0.150871818158657
0.0304626005108627 0.0298326113070085 -0.158934851909373 0.1375596448465
0.017911802315616 0.0695483706959123 -0.144046298632287 0.194552584769507
0.0140840601246976 0.0987933396920402 -0.045097133786327 0.128644583480685
0.0347445286773877 0.0329245749165661 0.0700462299495516 -0.0221122236588898
0.0257778622133494 0.00348738124955342 -0.0514177689286109 -0.118663160848197
0.0220426124448733 -0.0080942567781207 -0.170701275592712 -0.0267631463284522
0.019773209899717 -0.0349868050108271 -0.123689130347571 0.121814357135823
-0.00693704741803325 -0.0408842803457333 -0.0165662598336154 0.146780501447161
-0.0221090377666781 -0.0302881581581227 0.0418501562113154 0.104230831600283
-0.0339763561935475 -0.0343084754771071 0.0700143259611492 0.0608513732759689
-0.0341937398411664 -0.0441929763929188 0.0869338273159209 0.0368185174080533
-0.0208644804418015 -0.072641937577742 0.101361530727915 0.0484649541217183
0.0335159466641885 -0.0768753102775767 0.0799537739485454 0.098684811440498
0.0842255849660214 -0.0263146953321706 0.00239150128265944 0.144570839957654
0.0926955459092776 0.0490290846582922 -0.0720164895460284 0.161353577516731
0.0458711213705727 0.11693395641857 -0.134710283501559 0.139064400553365
-0.0132976938466517 0.15434520211177 -0.124140410444633 0.16785695933901
-0.0235716992719691 0.1604478738263 -0.0345091115553626 0.0827423329576188
0.043808293105318 0.0998869153352152 0.0819985621147957 -0.0388921423792845
0.0739026270810027 0.0383901852428352 -0.0298390131828571 -0.150642506785412
0.066241904871631 -0.0254405747690424 -0.168708837000216 -0.061212886789273
0.036486280166926 -0.0745014404699265 -0.136981986412063 0.0928119120782497
-0.0149811181048576 -0.0799986406332765 -0.0364294608482355 0.12779065453332
-0.043997997800644 -0.0559799888709135 0.023173205403474 0.0902117713499355
-0.0572662106083405 -0.0530203808707676 0.0516392438678451 0.0438796141516049
-0.0559833644891981 -0.0652633684420861 0.0679980133572292 0.0100311077335483
-0.0399483106820547 -0.107733593422446 0.0950373997168379 0.00590104746010725
0.0353404088353755 -0.124838078820081 0.107737134853277 0.0509974326858935
0.117298630706803 -0.0639920100217714 0.0525421265028385 0.124642869292685
0.152378775553154 0.056448443582489 -0.031430374954632 0.163992100439562
0.0772502857799562 0.173031424074751 -0.106453328298341 0.135565505137254
-0.0287422072399912 0.215844396008046 -0.0962540980521603 0.120818373324565
-0.0652682925036827 0.196923885018308 -0.00661023767059831 0.0191825183644019
0.0352490044026936 0.162130226229777 0.10121267071993 -0.063965235238526
0.109848878960899 0.0848063068680277 0.00509867230596978 -0.181033331375757
0.113562512739452 -0.0304584487383163 -0.146737823583215 -0.103556094594829
0.0578695683731896 -0.105462293957421 -0.138419568711321 0.0444707543715611
-0.0186989750060137 -0.11261929469178 -0.0571979252871594 0.0917081240939432
-0.0594420427343418 -0.0763940670659442 -0.00277046406186914 0.0656543687584492
-0.0723882078731236 -0.0630977241604696 0.0251410341212112 0.0206169948773255
-0.069761319245825 -0.0736995012997291 0.039772664320907 -0.0197835088855438
-0.055025573719527 -0.121873725877483 0.0768287109612762 -0.038897955855611
0.0236990953227968 -0.150773790750511 0.120149887982474 -0.00725516587672593
0.121475391973007 -0.0971103625406812 0.0961241017674311 0.0856324785985141
0.18408423068785 0.0402468247177663 0.00997960243682148 0.150934510625294
0.102170678640374 0.192518784882721 -0.0819711388804319 0.122042725346072
-0.031828920727095 0.240897338987521 -0.0669177117234048 0.0596915312289913
-0.0980841633138415 0.199469704766038 0.0354350031127824 -0.0543839902899313
0.00966245472179205 0.197896832351402 0.121329610257775 -0.0923652116242124
0.116883212940322 0.126504975264059 0.0478932956891603 -0.197750309724444
0.144060121060452 -0.0188651557402326 -0.100568546952327 -0.141245679063628
0.0760282482090716 -0.114848168681931 -0.122924288294056 -0.017189531563081
-0.0148060742046265 -0.128666764141861 -0.0753075282884392 0.040481321749447
-0.0653735824040767 -0.0861894564312033 -0.0329128925361999 0.032641130734793
-0.0765601482993159 -0.0637358408431812 -0.00441984120648249 -0.00441501390855164
-0.0728205278400662 -0.0702329681760471 0.00889387431282377 -0.0461922034169091
-0.0590466122338279 -0.117090549332684 0.0506805166769031 -0.0757879477756517
0.0137094739445344 -0.149280979813274 0.115365250960882 -0.0588851483397983
0.107248680275569 -0.105571967040789 0.122134601917976 0.0426453524568712
0.179200191170358 0.0249174821926347 0.0398718665957461 0.125481905034628
0.101298039211789 0.183077537836629 -0.0644326700383456 0.101079981286635
-0.0340610125416334 0.228545836282547 -0.0398326722076272 -0.00353633273023416
-0.109287561923793 0.16441413830549 0.0820018724027047 -0.122584150220076
-0.0209342311698722 0.189242779284083 0.141445878630709 -0.118005222471109
0.0927302297840327 0.140362637918206 0.0854337355218125 -0.193948741851853
0.140067311253945 0.000513547339621206 -0.0425123813776514 -0.158883728173303
0.0791200898161689 -0.0996113865259622 -0.0902082251503146 -0.074328818574208
-0.00818815439332573 -0.119870097074501 -0.0850271496103841 -0.0159038522100745
-0.0597587742349692 -0.0802893355963411 -0.0613831277442559 -0.00398392502991421
-0.0688468053597135 -0.0543305807105421 -0.0327197086842044 -0.0293100737931725
-0.0653217886260197 -0.0576675608017587 -0.0188445124807792 -0.0682930153418249
-0.0508587114295388 -0.0971919681362942 0.0271452975206503 -0.102049220810842
0.0103519762315034 -0.126645728287606 0.103842871454928 -0.0938410558200233
0.0894829813960021 -0.0899158968048818 0.132131848933649 0.010245438959516
0.148629883935135 0.0244509777948714 0.0556769708395889 0.10031714918869
0.075305636244963 0.157573213803915 -0.0504978560673912 0.0787328415338014
-0.0412490383083381 0.184035392639751 -0.014612965467369 -0.0588024159789337
-0.0925687279180509 0.101357181962348 0.119473756026211 -0.172550908566583
-0.039028901849484 0.137498626983721 0.15552833482027 -0.134205353129621
0.0524239453404253 0.113228852562795 0.108722197743011 -0.17606575252489
0.100920184639955 0.0114438057446978 0.00849954403008944 -0.158141254865315
0.0601510292877412 -0.06700345891296 -0.0567828584360461 -0.114087704323634
-0.00377735798173507 -0.0877134394132472 -0.0877964044231973 -0.0618424945693392
-0.0438649764908473 -0.0596169819093248 -0.0832888976038543 -0.0354087199806998
-0.0505506222999356 -0.0374043307433557 -0.0550982146218879 -0.0486869009218385
-0.0493794180307443 -0.0396042170435071 -0.0394088042059111 -0.0842891379694881
-0.0369444672071637 -0.0691216161060602 0.0126364189470842 -0.119145306549072
0.00996630678018029 -0.0922788354117976 0.0951978488734892 -0.113682791316417
0.0712923396186265 -0.0632480492139717 0.137202413360238 -0.00685547815538965
0.107242312451 0.0311821658575532 0.0636308577157904 0.0822804921973461
0.0370142217491125 0.124067980751344 -0.0378353888317313 0.0602014769787389
-0.0490138155634664 0.120009178698945 0.00930630558412021 -0.0982237046175939
-0.0551955463868679 0.0215554411456179 0.135466554266655 -0.19749620235216
-0.0379940231116156 0.0583582460817094 0.155665890856175 -0.140715729197442
0.0126643816360679 0.0542946527337074 0.113819483139764 -0.159099043122032
0.041322028181137 0.00962016398503608 0.0340634542065131 -0.152011753158775
0.0246480771289604 -0.0260982478643609 -0.0386359118819725 -0.131517428958565
-0.00103899811028273 -0.0393520568199439 -0.0886254419840575 -0.086891276420174
-0.0209413481158347 -0.0275586918995573 -0.096516475620913 -0.053479329415009
-0.0248945802119085 -0.0156267402655228 -0.0689424136171136 -0.060722755570974
-0.0283090384814983 -0.0178335117596562 -0.0497839991829005 -0.0943989110424107
-0.0229367912804796 -0.0360567850464592 0.00646675091956591 -0.12884224238824
0.00769385175477764 -0.0537594821622882 0.0925063481589426 -0.121888650789117
0.050067709403428 -0.0361777859158241 0.141582159659487 -0.0123251156992824
0.0635103007590915 0.034547668968119 0.0682931016410552 0.074733772545958
0.000713380451102165 0.0804490587112291 -0.0277209124152778 0.0485449445998264
-0.0504435417970294 0.0448686355158628 0.0317513478348339 -0.117072621456175
0.0376954951375782 0.0224893225438007 -0.0328473899534726 0.14255713731301
0.0133644469662546 -0.0235800123270401 0.0629644709523305 -0.0158659343355062
-0.0181113370397511 -0.0148871775204053 -0.0578815471260373 -0.0890827771877451
-0.0100049564873333 0.0130584291846327 -0.154092104058163 -0.00372410607009972
0.00775576077076426 0.00403126382358639 -0.0994038020338271 0.127515189709322
0.00422541701251732 -0.00157398280145411 0.00182516654765833 0.141071418055213
0.00310101990936648 -0.00462608447497675 0.0495559656625737 0.101042456274906
-0.00562408604520651 -0.00988280915142623 0.0750248962810899 0.062770935039915
-0.00818119730459652 -0.0118773031821754 0.0898423861047429 0.0485892696661991
-0.00630248482988409 -0.0187334840993063 0.0919780942322136 0.0687760127051782
0.00934409539846341 -0.0193095552767148 0.0503266636958154 0.1146734642737
0.0232158963514582 -0.0057969628398619 -0.0284589094041615 0.140497369212495
0.027864321176758 0.00416746119176771 -0.0893533488195631 0.142594272804346
0.0285679242790371 0.0271866658499534 -0.145592660563107 0.131237550590506
0.0187814973259299 0.0642600885582391 -0.128264712605059 0.184662451106254
0.0166027904701917 0.0910069686395475 -0.0376498499577244 0.122150562286427
0.0335219935034986 0.0293131279903928 0.0666961684816793 -0.0215114089834697
0.0240705562157318 0.0025934918282717 -0.0500188984146338 -0.109888629793738
0.0207670947020639 -0.00810863340405929 -0.161041181120301 -0.0209669872714808
0.016701795183549 -0.0339058157328973 -0.111690887644325 0.116857433448586
-0.00817278311448945 -0.0372359878522994 -0.0102019592320331 0.137381775927437
-0.0212470236623591 -0.0277727684472855 0.0418592676064988 0.0960544709821229
-0.0329794158663385 -0.031418033480856 0.0670128808328617 0.0546061380847031
-0.0335916873246919 -0.0402343463479918 0.0817655774109425 0.0318292148854831
-0.0226989124704597 -0.0666137492337288 0.0952737542923042 0.041772171828297
0.0283583009882128 -0.0726417810279857 0.077694762735281 0.0887644278724705
0.0777983299962776 -0.0276409687400302 0.00588501302334322 0.13636565683536
0.0877263561324026 0.0432211307245457 -0.0632924125812299 0.152356196889883
0.0457152986322362 0.107240118246351 -0.123225178190835 0.133199282900395
-0.00853189344304844 0.144609705018599 -0.110612863219941 0.160323024777501
-0.0160542114796461 0.149310411120824 -0.0286799170577246 0.079541352445885
0.0433648942682896 0.0911237812512609 0.0768435738020604 -0.0369211597725021
0.0692903343607003 0.0337561569222108 -0.0308843497594453 -0.14036723783764
0.0614768446356904 -0.0258514945491655 -0.159413160772147 -0.0531037343648529
0.0312431434236557 -0.070973901284082 -0.124957236265656 0.0899895632014101
-0.0177032111934441 -0.0737413612727239 -0.0301144558974758 0.120067112613679
-0.0428104462280998 -0.0503914832624044 0.0243506733756798 0.0832353163925804
-0.0547737058791019 -0.0477490299731 0.048847012820019 0.039553822805955
-0.0546442383504921 -0.0593304513850862 0.0625652126441912 0.00762945701085823
-0.0414758568854298 -0.0994542182607198 0.087905392711282 0.00273199730021921
0.0282496239624237 -0.117196012470661 0.101666176720091 0.043264634177375
0.10746354583432 -0.0637262106223769 0.052140280276539 0.115408277998347
0.143182820304929 0.0484010109818455 -0.0253668132377982 0.154754944721464
0.0766561663409648 0.158757910470117 -0.0962479765873568 0.129546315880921
-0.0203586830707164 0.202456634860318 -0.0857051874664914 0.116529094050536
-0.0539761291869408 0.185502249782997 -0.00457788966202185 0.0198612140099869
0.0378226721396214 0.149611235782447 0.093777205446211 -0.0596008225740114
0.104228355484393 0.0753052962005583 0.000206276715470469 -0.169436520761227
0.104847984136149 -0.0315745362262566 -0.139776008564108 -0.0937796655127246
0.0497414090497395 -0.0999757542177744 -0.128410387775914 0.0449825732102475
-0.0214994519759659 -0.104094454929876 -0.050899627951294 0.0870749749495164
-0.0579874158414481 -0.0692493501105256 -0.000505641685904862 0.0604209805849044
-0.069010533789127 -0.0561704870315159 0.0239086164100271 0.0188347529911473
-0.0677845203591787 -0.0663582514705513 0.0353446372576758 -0.0187920268007033
-0.0559521272559352 -0.111838569154875 0.0689538295296493 -0.0386649640938078
0.016254458765917 -0.140720753118705 0.110719413294099 -0.0119901520506005
0.109796986597835 -0.0939049437666319 0.0920437985428578 0.0782116384538999
0.172023038132034 0.0312428517315345 0.0132789937319905 0.141252268620193
0.100809593470739 0.175245952563043 -0.073382153403023 0.117117669187977
-0.0225345140129666 0.225867654977289 -0.0596039997561066 0.058771714533569
-0.0844208105254198 0.188307676272184 0.0319414273073824 -0.0501496940900963
0.0148911552650816 0.183569293880346 0.111875326143521 -0.0870402978702306
0.112284811488079 0.114867552195222 0.0393036770775076 -0.185680390702517
0.133882751428587 -0.0218064385767346 -0.0979155173224964 -0.130008697722294
0.0665831499232631 -0.109705493284143 -0.115797155853725 -0.0131096326209924
-0.0191563152125588 -0.11941827696938 -0.0694606772795987 0.0397860120581001
-0.0637091528257412 -0.0777781077567388 -0.0296204129973608 0.0305940403411362
-0.0727903473946221 -0.0567178460067401 -0.00470408018310756 -0.00400532093821502
-0.0705954895618491 -0.0629056137864124 0.0056281727581156 -0.0431300854780764
-0.0594740431666999 -0.106788130073189 0.0438383829006728 -0.0723519045201739
0.00628873711650883 -0.139399339020375 0.104742438095863 -0.0601414673904037
0.0970708628972525 -0.101342667112232 0.1145657966947 0.0371199357291765
0.167283172664353 0.0183174546042607 0.0406067477801914 0.117649340062499
0.100662259320736 0.166319024291733 -0.0576691747685428 0.0972006243321511
-0.0249139591800427 0.213934999083627 -0.0366298551623787 -0.00171832092688263
-0.0952839510644413 0.156455281900693 0.0727688162543235 -0.115627763436795
-0.0135963685525425 0.176928980829855 0.129291110594033 -0.111835402078069
0.0899377779942502 0.128505556328106 0.0740940801540118 -0.182927338691127
0.130647930904685 -0.00344555873749734 -0.0436469601665073 -0.147947666745027
0.0701392066315932 -0.095522760664354 -0.0875774924343837 -0.0674226676060033
-0.0129942509765194 -0.111363468628588 -0.0805285735522345 -0.012202808155946
-0.0584738071775594 -0.0727058205664706 -0.0572420615231696 -0.00194221533727273
-0.0652612976870663 -0.0484039136141972 -0.0318264823027824 -0.026309397629179
-0.0625040606077489 -0.0511418994259015 -0.0210172864970259 -0.0625523605143031
-0.0510420695815488 -0.0888629488852646 0.0215422057150842 -0.0959160467656172
0.00451521672603401 -0.118034672848349 0.0927517808616527 -0.0922215543198496
0.0806563784682922 -0.0868330663596733 0.12368503827387 0.00632034366330738
0.138469591479224 0.0184110127837032 0.0544683468790292 0.093516434434758
0.0751153441597003 0.143909486584226 -0.0444640279001664 0.0762415354153354
-0.0327521618414318 0.172235444978586 -0.0153733457858346 -0.0544500289651036
-0.0824110841935555 0.0962201246735373 0.106025672146114 -0.163485172104099
-0.0316608029499744 0.128875515739295 0.141510052311523 -0.127928968162323
0.051267831296094 0.103927432683724 0.0967913268614942 -0.166470575963905
0.0946646335769473 0.00751662466947395 0.0038403810379699 -0.148652352804564
0.0538669686454938 -0.0645894026845921 -0.0569889953224603 -0.104983881684408
-0.00743858747816846 -0.0811489909179642 -0.0850269863134908 -0.054853600811828
-0.0424919002717371 -0.0542689902012937 -0.0787222525619717 -0.0303670249143152
-0.0472552710853336 -0.0335629703625287 -0.0530550294754466 -0.0443422494120686
-0.0468991642654021 -0.035159194705124 -0.0403810015943215 -0.0767580288592196
-0.0372111332440567 -0.0633913629876678 0.00776383481150106 -0.111084694856026
0.00573445015771929 -0.0863146775420899 0.0844836049114803 -0.109664594128736
0.0645258927651601 -0.0611309716580005 0.127323746142396 -0.0102547908049769
0.0995923326789945 0.0261375718816388 0.0612074567188951 0.0761823947883672
0.0381366264129297 0.113815674309917 -0.0330520598313793 0.058225749136843
-0.041840960010991 0.1127825182352 0.0057552204952124 -0.0915418420923583
-0.0504588796671621 0.0213577565231958 0.120710869590538 -0.187990498152506
-0.0334669143445757 0.0552713372734517 0.14169500217669 -0.135309417535398
0.0132359904425768 0.0505481848011812 0.101387023071345 -0.151445529325624
0.0388954842237639 0.00774544227101051 0.0278432912891293 -0.143286973948425
0.0220543506325305 -0.0249987919177717 -0.0405765871194371 -0.121590140216849
-0.00337421799143776 -0.0365915803909366 -0.0864639309189615 -0.0780989909338142
-0.0202396474233249 -0.0248330443372558 -0.0920415320109113 -0.0470203724782274
-0.0228984142906592 -0.0135069046395892 -0.0659631334585889 -0.0545483331706356
-0.0261094227270316 -0.0151931297361132 -0.0495133980852015 -0.0864026344254014
-0.0223519638832758 -0.0323974516765516 0.00180135260984561 -0.120843278403856
0.00511342947039782 -0.0501732976480798 0.0821529728042145 -0.116845551515255
0.0457047773723102 -0.0355756772289798 0.131271997188954 -0.0150502448116988
0.0593431153885197 0.0309988182581969 0.0649541759904747 0.0686492717317307
0.00307909424332882 0.0744961859031594 -0.0240518673041969 0.046397089473841
-0.0461753835374335 0.0425115283498557 0.0254204451672329 -0.109658337083355
0.0350848955121996 0.0212758756197066 -0.0312226002737167 0.135770311806148
0.0120560275514704 -0.0225349577999112 0.0617546340596032 -0.0143436712441615
-0.0172091637479235 -0.0144243383335659 -0.0528898643002857 -0.0857375019008762
-0.00886242914468051 0.0118678053536615 -0.147201734943526 -0.00612483989837521
0.00736491837463276 0.00345504223321912 -0.0958496257427033 0.119761643775721
0.00448901086477288 -0.00175614875723961 0.000344922578523852 0.133682829689389
0.00254206366596027 -0.00498149809294754 0.0464011518299545 0.0971443310308669
-0.00510432431219219 -0.00962442972526049 0.070133510907743 0.060301491356641
-0.00801829661961836 -0.0117928175058974 0.0848371206021505 0.0475491885926911
-0.00588801705155068 -0.0182193914877296 0.0856323865326892 0.0658922307264613
0.00935364086097745 -0.0182170281013766 0.0463099718776919 0.109711294152239
0.0220686301758618 -0.0057624450079808 -0.0286442383820735 0.133474367581513
0.0258641111786321 0.00472187085057198 -0.0869920420420915 0.132979475339179
0.0258268417161552 0.0267719363707284 -0.140830434073595 0.121357723663886
0.0166023256415516 0.0608436773963325 -0.12437471835457 0.173728951782944
0.0148993353884935 0.0855068754332096 -0.0350895581202239 0.116928470885808
0.0306474751539628 0.0278131271063884 0.0647804492759714 -0.0188940575678343
0.0227365000847829 0.00302120255472744 -0.045841554079362 -0.105332856578597
0.0202032929294187 -0.00738186577894773 -0.152533013577214 -0.0221718844001188
0.0160708271779478 -0.0318562445210359 -0.106923405162823 0.109107259295445
-0.00726847344143222 -0.0351541031096737 -0.0112558439188749 0.129944605685178
-0.0198678031063184 -0.0266874249332708 0.038524428981578 0.0919977965964524
-0.0305216763936744 -0.0300086132030434 0.0624676249648128 0.0523991827020878
-0.0324558621523171 -0.038929620136778 0.0766200330785999 0.0315771458375196
-0.0213175468579941 -0.063453811701653 0.0892764029012219 0.0403607895036909
0.0275500589864251 -0.0684774401624091 0.0721725493188066 0.0850506827713724
0.0745227880377517 -0.0254021925086267 0.00393792726519655 0.129534361435024
0.082228019295831 0.0424702437984414 -0.0627810146738504 0.143616229751264
0.0412947858601617 0.102496979212962 -0.119523733356531 0.123827836708617
-0.0102196320459314 0.137336012850034 -0.106786152352127 0.150588936928789
-0.0165010802370774 0.141070378903417 -0.0268335827880401 0.0765383917434392
0.0400435882133647 0.0866191675274533 0.0752903274376011 -0.0322792725081502
0.0648022963620441 0.0324931434673333 -0.0271012801322414 -0.13410364643542
0.0586905347939915 -0.0233642152038793 -0.150375996836552 -0.0529093855615933
0.0294445306810094 -0.0673475747938729 -0.120006780505617 0.0831269332225624
-0.0161418742516813 -0.0698176769505242 -0.0295607300343602 0.113518422931456
-0.0404387084920563 -0.0477332916107662 0.0220276335795062 0.0791955610730529
-0.0512913320403761 -0.0459147001982235 0.0454442646425848 0.0382514448329755
-0.0516002704224552 -0.0569100616878803 0.0579458336107706 0.00811568981211184
-0.0393842508630466 -0.0943173040010522 0.0828735057970401 0.00307300802381492
0.0274571203531868 -0.110929309290266 0.0953469110203374 0.0409801609874934
0.103150850807392 -0.0593945623287974 0.0479459397362469 0.111026501462682
0.13463632743227 0.0473174171518363 -0.0266193044042454 0.146715306578504
0.070602064609143 0.151016964333761 -0.0940895648561844 0.121654583388264
-0.0216061758551494 0.192530613410358 -0.0818886659353179 0.109701351407115
-0.0519893548987189 0.173421081394786 -0.00402543554194724 0.0204360021526609
0.0341405212072409 0.141710930496978 0.0906181810808324 -0.0532998183323162
0.09743509354812 0.0733508327061409 0.00330116187579786 -0.161481737731342
0.0997519073250531 -0.028852859019801 -0.130857316766588 -0.0914220716918681
0.0477363779627852 -0.0949354204333306 -0.122908783675681 0.0405312067270735
-0.0204773776395069 -0.0984824947220447 -0.0499518730511167 0.0817605517621276
-0.0543679863309141 -0.0658424621179955 -0.00123758031573314 0.0578048167211157
-0.0647839567149243 -0.0542943528969488 0.0219484828084985 0.0183623008571453
-0.0640251734531117 -0.0637610361547166 0.0326376500434974 -0.0170422381266508
-0.0527997540546861 -0.106261931470904 0.0651621781593964 -0.0359972325066681
0.0157433275878788 -0.133470729853249 0.103960277272503 -0.0118489261958217
0.105078838876586 -0.0881481698883352 0.0862273455563497 0.0760527586177058
0.162043637048613 0.0316310695246182 0.0106881807102044 0.135297206474155
0.0939040734854927 0.166934217505724 -0.0712555935162221 0.110753426781096
-0.0245727197945593 0.214647932189594 -0.0561550186693449 0.0558270482759046
-0.0807229076365192 0.176985403364438 0.0311988329186651 -0.0457873721801378
0.0124894777273445 0.173982512353951 0.107995335584096 -0.0781784083099302
0.104801169699374 0.110007513867281 0.0401909985367319 -0.175472915361288
0.127208381016343 -0.0191803783871992 -0.0904227122868795 -0.12528621072892
0.0635765837711992 -0.104036384550239 -0.110462963292733 -0.0140816521933342
-0.0185679034892648 -0.112733164012891 -0.0669368612371821 0.0371936436116425
-0.0599095145819191 -0.0736334277383952 -0.028551791374673 0.0283546524417973
-0.0682647384017014 -0.0546320940165806 -0.00490151101989731 -0.00402628423518798
-0.0659926489934439 -0.0598113250821358 0.00485710989942119 -0.0398765253084068
-0.0559469033564193 -0.101524650558912 0.0414311668742477 -0.0683776085517258
0.00592782299227902 -0.132162717419075 0.0988302631919292 -0.0576724295479793
0.0925594884576704 -0.0955962308250359 0.10830022194436 0.037647440478213
0.15723694565655 0.018907157602739 0.0362649366007098 0.113646934856965
0.094172536064803 0.158245117337811 -0.0559398233774736 0.0925234526264975
-0.0267221728149363 0.203139620173661 -0.0341899962979312 -0.00156027709803483
-0.0913373356915451 0.146536608321353 0.0707379176341774 -0.107428860802548
-0.0152241236274256 0.167046410540831 0.124567145468595 -0.101706210144954
0.0828870250055751 0.123012968043458 0.0737725803650784 -0.172098156008835
0.124040368472489 -0.00206725022622064 -0.0388794579986533 -0.141644896449684
0.0672389090615591 -0.0900016882404314 -0.0826681964303956 -0.0653863579534952
-0.012474145969857 -0.105180716772652 -0.0772716110525612 -0.0121745691071246
-0.0548326625756445 -0.0692731729494299 -0.0546510893896527 -0.00246640881235265
-0.0607777869288623 -0.0464882273028551 -0.0298419105728778 -0.0249610690645873
-0.0585351670775224 -0.0485156794598129 -0.0200586393373256 -0.0586697898916538
-0.0486337319994549 -0.0841575712721994 0.0207171424954494 -0.0906939236209506
0.00429880442990325 -0.111886871808411 0.0879645156429192 -0.0874736835752742
0.0771740906497972 -0.0810299195748805 0.117085303109111 0.00827818229202109
0.129559457054855 0.0196612839774261 0.0498293068693797 0.0908736300843667
0.0695299286771901 0.136154706652948 -0.0429045433698502 0.0725659735002838
-0.0338078843726138 0.163600681465055 -0.0135189221539194 -0.0515303241957014
-0.0784666952044639 0.0902416627213847 0.103232988074744 -0.152341631211699
-0.03067189757808 0.122027345873424 0.13682054681415 -0.117067645370622
0.0471752439472283 0.0996208393063833 0.0944646514155658 -0.155587720159512
0.0898915242738325 0.00848971757469039 0.00645464495480531 -0.141295882734886
0.0514832732699993 -0.060552396282071 -0.0536624088831359 -0.100380199019256
-0.00733953523214889 -0.0766588908959697 -0.0809587610393538 -0.0528442505003068
-0.0403325601985504 -0.0512168821587647 -0.0748756932608348 -0.0298058158964423
-0.0440688870679854 -0.0323459916876722 -0.0502772468749011 -0.0426969076284848
-0.0433711477825931 -0.0327857542966921 -0.0376428518785462 -0.0728570422176147
-0.0346905253083299 -0.0603802558307153 0.00772182017316696 -0.10577787212629
0.00591176736055893 -0.0820304943603077 0.0804299082248785 -0.104054852311093
0.0619588072897706 -0.0567753178706378 0.120703634279046 -0.00807128044126098
0.0938024011982581 0.0267645729952942 0.0567376437969752 0.0743963768909326
0.0351275889928415 0.107505993523907 -0.0318794797278154 0.0553196519949831
-0.0418601869732909 0.106038783266336 0.00645163392229317 -0.0866383223568698
-0.0472491734035369 0.0194135585101991 0.116950213434013 -0.176537870155005
-0.0315696959665961 0.0517121702406695 0.13678684858039 -0.125654089909873
0.0113292377610717 0.0478583234950446 0.0987709841397849 -0.141451824715527
0.0367184158089935 0.00790246766711128 0.0290469123906017 -0.136324335560919
0.020974447228208 -0.023357542826541 -0.0375834803613334 -0.116028868189196
-0.00367585686485542 -0.0340404165222785 -0.0821031922275088 -0.0753611702741946
-0.0193266416432534 -0.0241779768726106 -0.0869120363930773 -0.0453778013060701
-0.0207882210255605 -0.0131818524992745 -0.0623203381019485 -0.052800416817998
-0.0238111540807985 -0.0141053514994528 -0.0461695737917635 -0.0822476914111529
-0.0207506072960876 -0.0304674205422269 0.00279643587902582 -0.114599561158962
0.0049749347497628 -0.0474104516286161 0.0784090946069009 -0.110872759210831
0.0435183715877736 -0.0331094126304745 0.125098081050348 -0.0121331607102457
0.0554090701995747 0.0305825563329819 0.0596009008592218 0.0674653389271891
0.0019363081560886 0.0699099192976936 -0.0234118672376934 0.0441579588956398
-0.04481614189229 0.0393124916924354 0.024604315616891 -0.103816446246681
0.0308440593590945 0.0249536420581585 -0.0517163466772778 0.130174049216256
0.0148560276425749 -0.0196061696985289 0.0651796515319639 -0.00285427751138204
-0.0138102108430248 -0.0164952315453438 -0.0365271891049072 -0.0926026756081248
-0.0100625042762605 0.00924897329475414 -0.141638973592662 -0.0279629722663181
0.00528953072313176 0.00370760276486957 -0.110932123363995 0.100939405335485
0.00520825754251456 -0.000773023247751881 -0.0202618590434344 0.13053170943957
0.00404969450754201 -0.00475654265758465 0.0309319984799111 0.102707411026991
-0.00316099139985246 -0.0102590071481655 0.0572663365300488 0.0709449184440596
-0.0049734540478952 -0.0127969619042611 0.0744834357279777 0.0609721803284422
-0.00219730931353191 -0.0184235653390231 0.0719259474781265 0.0786064645872759
0.0135070457419704 -0.0159499471532697 0.0251415252878599 0.115305588648623
0.0243212951431156 -0.00100594786140449 -0.0515652242227525 0.126652005953466
0.0252021364591639 0.0121071264779768 -0.108553435968021 0.112421290178279
0.0204126536169554 0.0325433265097758 -0.159106610683616 0.0913242449996344
0.00644091133663824 0.0637563257417783 -0.153939898692643 0.146666648257463
0.00183764159375869 0.0840641298402347 -0.0558968288331222 0.107929515598817
0.0243677100105225 0.0317917316623594 0.0665045825211595 -0.00659925052038445
0.021853633706966 0.00716986136517042 -0.0283944883411417 -0.109925477770944
0.0213364494446371 -0.00423359040920552 -0.145130263168965 -0.0434226604047972
0.0199385573307458 -0.0283771177702353 -0.120581046899518 0.0904926384170003
-0.000588197100217529 -0.0359286472879845 -0.0299668160912678 0.126082144252817
-0.0148275176896994 -0.029875826347748 0.0245853311028808 0.0966663751215186
-0.0243675662718616 -0.0342541774763458 0.0511502191223852 0.0619092085758376
-0.0235715210343066 -0.0429281059677998 0.0684838920815245 0.0445504695766949
-0.00918179778975063 -0.0648300242571391 0.0780152882993443 0.0547352568171554
0.039174285025523 -0.0606765850261367 0.0539993233052325 0.0949313243188677
0.0787402837446388 -0.0109613718954059 -0.0202697238516462 0.128539190804196
0.0732278933399671 0.0575227080040948 -0.0864697216672797 0.12676199082006
0.0219092242910767 0.107744746853602 -0.136838282220472 0.0972897630930992
-0.0327944782231049 0.132961933166084 -0.130732636805431 0.12862132103301
-0.0361925034677881 0.132810637939513 -0.04490283312441 0.0658572992415092
0.0240206547626922 0.0897928805962856 0.0753089900139635 -0.0189717176786452
0.0581987127160271 0.0422859525724541 -0.00901553727961449 -0.133938208219276
0.0610627366705303 -0.0128095031079387 -0.139231861226179 -0.0718076403059374
0.03904596101787 -0.0598663219503844 -0.129017976427182 0.0651844394411545
-0.00406290372837879 -0.0706117616036724 -0.0442933607849648 0.108244301170834
-0.030721716037204 -0.0538919185105825 0.0100532222294354 0.0818813248321899
-0.0419774612654585 -0.0533345937579721 0.037134556469961 0.0446311465906987
-0.0401928009019044 -0.0637293043189135 0.0538413361275515 0.019029808790085
-0.0221483508469885 -0.0975943215393039 0.0773966039562133 0.0172873144261137
0.0455944827335293 -0.101858226840046 0.0835273163034007 0.0555081589076267
0.111721434593491 -0.0394708890928309 0.0256511669542177 0.117908948227272
0.123081361679814 0.0703013377972545 -0.0520311420312943 0.135563445489792
0.0421605528793722 0.158967933501192 -0.110141937742794 0.0988315201305879
-0.0543501727953995 0.183113209216103 -0.098373102762569 0.0919877790457431
-0.0757339553929441 0.159931041822955 -0.0149411802060779 0.0105621024659469
0.00956483988950946 0.142447580805033 0.0918860116206804 -0.0384702154234315
0.0820654743434332 0.0866746697362762 0.0216369815748586 -0.155081636895998
0.101507261633115 -0.0105933007512258 -0.116487211719138 -0.104853202755418
0.0611949096708016 -0.0827462514370215 -0.125962443178156 0.0251615516727605
-0.00386630064387256 -0.0982853279812047 -0.0579250316786259 0.0748360512634237
-0.0420871912677671 -0.0731686265825342 -0.0088995253205314 0.0575507387923369
-0.0531065040374286 -0.0635778175295696 0.0178668323875894 0.0211443145046047
-0.0510542050016355 -0.0721416992782916 0.0331995171155732 -0.0102275292873957
-0.0335884346914416 -0.111368470060189 0.0663499677155003 -0.0232789963900564
0.0372357932760976 -0.125773890610064 0.100306123628802 0.0055451270515141
0.118564138083208 -0.067796027623205 0.0691668704397508 0.0905171123959934
0.152024089788411 0.0588360769772733 -0.0144221811201736 0.131392267299355
0.0620933532834239 0.177286763171963 -0.0857959645049542 0.0918300942539536
-0.0611633242018086 0.204112708853596 -0.0630238918550879 0.0431415005278805
-0.103893682323952 0.158442615582862 0.0294040776245638 -0.0503155567569629
-0.0163194172859856 0.170232442062401 0.111716865616483 -0.0625559655407796
0.0826244843709538 0.124501922929357 0.0577936823388399 -0.164009655762822
0.126298721780611 0.00375690672898681 -0.0733390500651572 -0.131229075536409
0.0785122535336798 -0.088872058499749 -0.106696577217461 -0.02547368393258
0.000165523802106755 -0.111541376896547 -0.0682134084816309 0.0293721346939202
-0.045943252173589 -0.0819484092049372 -0.0316193885188086 0.0254996652318977
-0.05633018940792 -0.0643797316523759 -0.00429083622428079 -0.0048654575462103
-0.053265624679581 -0.0687899563757471 0.0101498188078521 -0.036703028244069
-0.0374230760765774 -0.107365651744409 0.049223391544868 -0.058466423271503
0.0273914092370296 -0.126180453716759 0.10270600494584 -0.0397839526922458
0.106855506918338 -0.0769860078812165 0.0968231484002371 0.0565440726158261
0.149279016339703 0.0451921427304204 0.0142109469513322 0.114823291716953
0.0632615491136819 0.168582275355218 -0.0668897472032039 0.0775031110341963
-0.0617896970308182 0.191795362884273 -0.0310918349431211 -0.00934674077358243
-0.109753601512326 0.128005152297883 0.0792765030028284 -0.104801605059459
-0.0410011794506515 0.15959336813195 0.131993459484767 -0.0834695728770007
0.060060823254531 0.133438035489069 0.0896402383587878 -0.15654377945051
0.120468542573545 0.019632528574292 -0.0211191251600181 -0.14053177423809
0.0802513905749951 -0.0749904776945253 -0.0727346098973699 -0.0716602544076884
0.00442660151970202 -0.102703946534118 -0.0714083319211403 -0.0203985552459974
-0.0422172644149797 -0.0767308964112736 -0.0527558462686294 -0.00879019470005965
-0.0506313913214024 -0.0556412875621686 -0.0253775570598764 -0.0296781126752339
-0.0477747591851229 -0.0567433808892378 -0.0108450278176672 -0.0596488927353343
-0.0326674604519413 -0.089780556373474 0.0328607256916603 -0.083489753586424
0.0219401510937298 -0.10750006709722 0.0977527490038843 -0.0714194101848045
0.0889194688613089 -0.0665586090313345 0.1112336891019 0.0295237135214989
0.122913543587425 0.0406091272229096 0.0317424125105395 0.0956936251944422
0.0439564856691962 0.143602353448224 -0.0514242937310981 0.0604824253834505
-0.0622672622544186 0.152179360232304 -0.00218042094865997 -0.0547677311432212
-0.0893495862230877 0.0758185090923213 0.120288314017159 -0.141854763619497
-0.0496783967572365 0.113249935086949 0.148186211414817 -0.0970870204816803
0.0294317835825266 0.104616137076159 0.110073634342906 -0.138051738878238
0.0852458418626689 0.0241596288122103 0.0232065540810797 -0.134265989211257
0.0606279029353598 -0.0490440027030535 -0.0382487285848155 -0.102483111689953
0.00456138413722136 -0.0741917401972273 -0.0694086572212878 -0.0615218658480451
-0.0312184050669951 -0.0566774161748397 -0.0690076623457354 -0.0386251889617923
-0.036995133714225 -0.0392357498515461 -0.0419404609923211 -0.049780837780512
-0.0361123996937285 -0.0388313561376119 -0.0257349160524515 -0.0764841875978014
-0.0240794292996185 -0.0640590840685858 0.0235582504429392 -0.100668770493341
0.0182961937395611 -0.0787541948890768 0.0940803454724596 -0.088139294236083
0.0701723909763622 -0.0459459725933957 0.118050223538352 0.0139858073232554
0.086762029769793 0.0413959005347235 0.0411315334867753 0.0814732084304443
0.0154625887375158 0.109375880299026 -0.0377383772414667 0.0467930138111664
-0.0604555436372248 0.094451417354104 0.0228325384206378 -0.0850056262620322
-0.0482682374307502 0.0121535973151476 0.140807251734052 -0.157968547857214
-0.0380415323543816 0.0455327542092755 0.152315580882263 -0.10345958840213
0.00313011075295983 0.0488247002071441 0.115133769971465 -0.123453346161001
0.034349941646667 0.0143903941747939 0.0471128911559809 -0.127074117313295
0.0250061074144703 -0.0190008346333263 -0.0196739263931179 -0.116856126461746
0.00142969777027574 -0.0326581192527154 -0.0688917825437315 -0.0850221034288042
-0.0150851835253675 -0.0263979288216442 -0.0785752137545556 -0.0562393365803552
-0.0179333338102431 -0.0168437267218673 -0.0513313917169328 -0.0617229574024634
-0.0215686981928972 -0.0179111141199838 -0.0320761516088115 -0.0870509742642082
-0.0151663504418229 -0.0333662850714544 0.0212059417840809 -0.110662126484387
0.011965598288199 -0.0462260420903547 0.0942445960106102 -0.0947973965458485
0.0480839752850568 -0.026394769698691 0.123217696020109 0.00950276698296552
0.049514470947475 0.0385854673014387 0.0459502433188088 0.0757102279711147
-0.00964705984355768 0.0676177198459649 -0.0280027770573825 0.0386332012708313
-0.0516964963414499 0.0290911568667945 0.0434292664401171 -0.0975819949873573
0.0308133574446313 0.0255907337580761 -0.0521874646530682 0.132622655691303
0.0155615364075624 -0.0196812764123819 0.0678734007807128 -0.00153867126827261
-0.0131886721771072 -0.0166904620804328 -0.0347101212188371 -0.0956315732630199
-0.00992893874810682 0.00860103445023818 -0.145096235761526 -0.0305176326313256
0.00533998795088513 0.00351812543686112 -0.113847803030624 0.100802890533316
0.00532222347671542 -0.000499500205449895 -0.0214347119125212 0.132647347638296
0.00395613989954368 -0.0046529092887339 0.0308709008277149 0.105483539045078
-0.00321275577924619 -0.0105892777951614 0.0582452224957987 0.07354800329278
-0.00541778825441568 -0.012894838258413 0.0755772575333412 0.0634503607917058
-0.00253963479847534 -0.0191272775420238 0.0721680130918419 0.0811621128233175
0.0142354321429085 -0.0158661241340523 0.0241680706507296 0.117959914302494
0.0247177912649877 -0.000921900686160606 -0.0556225472741853 0.128172195556666
0.0250732405925772 0.0131005717055318 -0.112789638714247 0.111691371585521
0.0195295989495619 0.033957797402806 -0.164530601727171 0.0895638911889117
0.00544858573245088 0.0649704403342828 -0.158461231447135 0.147313238464305
0.00104895584051501 0.0847778619220397 -0.0567085206595657 0.109945185038506
0.0242210101951446 0.0323151649383452 0.0700160458739249 -0.00489107307895137
0.022148768200453 0.00752973946933965 -0.0265323236850805 -0.112552522563781
0.0221944145258642 -0.00421967441199262 -0.147491016206158 -0.0469800512133876
0.0202425174639597 -0.0296240081103968 -0.12411738186738 0.0901604517533646
-0.000380427685762777 -0.0362597335666339 -0.0315565115727534 0.127734290445596
-0.0147181803668489 -0.0306733545913242 0.0241553532148931 0.0987671773833171
-0.0245152501375066 -0.0357499752296197 0.0515212093215867 0.0642171337347359
-0.0241404590133957 -0.0440384277190037 0.0695103901304146 0.0462639769655063
-0.00935806552028096 -0.0663604873161105 0.0783344641588208 0.056332287813839
0.0403373131533994 -0.0617560664316107 0.0532175046430195 0.0968712356369896
0.0802382711444261 -0.0107414538837839 -0.0230652111343591 0.130966230642876
0.0733028423988256 0.0598591975642721 -0.0901508749828848 0.126771658581069
0.0198046498375075 0.110095989746701 -0.141649955908473 0.0964334247111117
-0.035675069763425 0.134817292292391 -0.134333150686546 0.128479349362113
-0.0382178615410177 0.133641268133597 -0.0448318926048419 0.0674672525156464
0.0231334790355916 0.0910137765234895 0.0793662411289956 -0.0164008599184423
0.0577490743840511 0.0440776761406155 -0.00610243199835934 -0.136622644131735
0.062203570358408 -0.0124227759844923 -0.140568840946943 -0.0751984045704577
0.0400963199661833 -0.0613772561493485 -0.132178117783269 0.0645668845311998
-0.0042792993106992 -0.071062598180685 -0.0463100725861778 0.109793108771218
-0.0304850759314571 -0.0551520894276131 0.00924643295977159 0.083554957714965
-0.0417141461247998 -0.0545022399114271 0.0369784193939525 0.0463368325075636
-0.040192051787679 -0.0651915051028806 0.0545940182007194 0.0208617101147868
-0.0222744804495 -0.0995628257095177 0.0776861118993971 0.0184313904779072
0.0469374735967603 -0.103385445166517 0.083269120034222 0.0570583020954095
0.11404333311626 -0.0394488719902082 0.0243315591479095 0.121275115670157
0.123710724461727 0.0729627645415879 -0.0555405256266613 0.13829523001958
0.0403547188684515 0.162337262383848 -0.114089058429728 0.0992588921436297
-0.0578085121994662 0.186611480425608 -0.100782393190454 0.0923425875039567
-0.0779886366795371 0.160796890076707 -0.0144288855244925 0.0121952894613716
0.00813765943042826 0.144179040864077 0.0958257914993945 -0.0354417291579412
0.0821223562469395 0.089591255625039 0.0250913652950367 -0.15782502675174
0.103474579033306 -0.00937740828199083 -0.116714705396678 -0.108580646290494
0.0619761375001648 -0.0842256774787845 -0.129060502342857 0.0232149083693018
-0.00403896321533383 -0.0995300793716804 -0.0601508536314206 0.0756680483354721
-0.0419988495243452 -0.0749942897116797 -0.00995193640257786 0.0579889829655459
-0.0530764668162576 -0.0650880067344899 0.017691425673974 0.0223221359193757
-0.0510428256037968 -0.0736453076884421 0.0331460582301293 -0.00889450782527365
-0.0339689235198051 -0.11403580756373 0.0669443797136981 -0.0227642274151662
0.0383644205136419 -0.127460240053643 0.100776978105289 0.00580214989699399
0.121339531550484 -0.0681569381080021 0.0684724572422643 0.0938039218260275
0.153292907774343 0.062013873050921 -0.0168404684879854 0.135106955266259
0.0611602049231265 0.181057429564956 -0.0891670301874485 0.0925476573224348
-0.0651380611198825 0.20800503567967 -0.0637260534062018 0.0433988759240615
-0.107688456554143 0.158759884557642 0.0311593193497335 -0.0492162292288061
-0.0186195859345071 0.172433098807325 0.115367784842349 -0.0589979779074836
0.0822054804798765 0.128243292804736 0.0622782993220369 -0.165805074249793
0.128646318215728 0.00477545824930513 -0.0725908947449991 -0.134971244956833
0.080383111239707 -0.0902928848126306 -0.10871845375933 -0.0276204531714329
5.97959658517574E-05 -0.112951018062955 -0.0698383548069071 0.0294720379892196
-0.0462663101773594 -0.0836889803665382 -0.0324502508644836 0.0253695909668581
-0.0557958090540601 -0.0663251106936829 -0.00472407622370752 -0.00473043986455167
-0.0534886096507539 -0.0703504118377903 0.00993732980611664 -0.0365821652060181
-0.0380721214696457 -0.109789823622483 0.0498737513391571 -0.0586235552005351
0.0282009979216369 -0.128415303253892 0.103431691935459 -0.0404995679210067
0.109221339340189 -0.0775898858731982 0.0974187107377578 0.0598699673022282
0.150721095343421 0.0480091907155382 0.0126899406921077 0.119025896789486
0.0626971823422177 0.172339285196748 -0.068599921226497 0.0783939632824685
-0.0652235536151531 0.195235060821164 -0.0303910303150618 -0.00973865073947546
-0.11277599940818 0.128306725962526 0.0824391989215123 -0.103776991819595
-0.0437018808900787 0.161620932617496 0.136397112655489 -0.0804262838511123
0.0591843119784242 0.13727281479312 0.0938773860106581 -0.157625363008856
0.122409418681895 0.0209762242235718 -0.0187397727999799 -0.14347373362432
0.0820427604748504 -0.0757347220592058 -0.0733195725025414 -0.0737101579838632
0.00428677410172538 -0.10373382446828 -0.0724672210584486 -0.0208657996962982
-0.0426479731680391 -0.0780429958590642 -0.0532251144460186 -0.00968636342201537
-0.0501980283902758 -0.0573079210287412 -0.0258839652491583 -0.0304829908049082
-0.0476822650049327 -0.057972081551027 -0.0111540413243999 -0.0595140793222744
-0.0331469821153515 -0.091681981412367 0.033729754533273 -0.0847125836752862
0.0226704105677547 -0.109097398593209 0.0987422789177008 -0.0724890536813634
0.0914032643783446 -0.0668988692875516 0.112513035691126 0.0318227566261554
0.123727910595493 0.0434092284026224 0.0305964925826448 0.0997091001810929
0.0428278748489564 0.14606876502069 -0.0523273261214396 0.0615876575845427
-0.065415918325718 0.154281068353702 -0.00144658030331756 -0.0553544853959275
-0.091058853313134 0.0753492293316178 0.124506555514199 -0.141476790762211
-0.0514040481110836 0.114182908015278 0.152307686348103 -0.094168302983465
0.0277772411672386 0.10763848122066 0.11462535514826 -0.1385725157765
0.0867930465888831 0.025306139680121 0.0263894975018431 -0.136647273049373
0.062075100751774 -0.0502201227103578 -0.0380728949425126 -0.104993195780364
0.00481120104674054 -0.0748367268736369 -0.070833602421336 -0.0632965645193824
-0.0316885382694054 -0.0579135923389341 -0.0699070146112359 -0.040083518451625
-0.0361464839171774 -0.0405002947194077 -0.0426685950575888 -0.0516196319754443
-0.035635346400666 -0.0396496235497657 -0.0254817359679707 -0.0775991054342863
-0.0238711750954771 -0.065441848691073 0.0248033217365356 -0.102183559022527
0.018520755693086 -0.0801565707845285 0.0952039867040987 -0.0891476670534571
0.0712901628944351 -0.045848793695419 0.120361426152442 0.0164025755132719
0.0875185718068073 0.0437552390299711 0.0409795528132448 0.085050870108667
0.0143178372911647 0.111138019598262 -0.0388713298357957 0.0470732460164933
-0.0628497702044961 0.0959088312305172 0.0238640630856542 -0.0857828222094753
-0.0487667733971706 0.0114545241004055 0.14524668505992 -0.158167475496588
-0.0385473214325142 0.0455915326950743 0.156183913573766 -0.101415903493532
0.00242073884672748 0.0502317815917471 0.120193322982104 -0.122579966409209
0.0351132274065811 0.014774764400038 0.0503151171112533 -0.128742516179727
0.0255507502444596 -0.0191486475701566 -0.0186351148410051 -0.119624652430212
0.00130536923517726 -0.0328380103545415 -0.0701378872959898 -0.087320573331734
-0.0158095098605569 -0.0269136670367809 -0.0800349246809238 -0.0584042401549934
-0.0175429173669227 -0.017362234508451 -0.052502350006704 -0.0643521624701469
-0.0207801095318834 -0.0179272346311362 -0.0319342677933802 -0.0887090850989737
-0.0151748614345973 -0.0339021199297456 0.0223642127007512 -0.112599734749384
0.0120227671383717 -0.0468377540909636 0.0956627156176841 -0.0959904545954809
0.0486384888845807 -0.0262576499892305 0.125581262174365 0.0119970125770269
0.0495806205154928 0.040208145307065 0.0455803645858557 0.0791768589154854
-0.0108475795670109 0.0679832244244842 -0.0291014316214886 0.038917024263933
-0.0535312135423426 0.0295042557522732 0.0437935772809499 -0.0982910111118069
0.0321832814395714 0.0245062879726395 -0.0481181395309168 0.137391885370775
0.0146912002947235 -0.0204334354330289 0.0721680539619683 -0.00302268128115461
-0.0136388402999347 -0.0168793877214448 -0.0372807784373406 -0.0975918779362343
-0.0102313234555583 0.00911379624571701 -0.150007870917829 -0.0281139805294849
0.00512601186740393 0.00260967746841978 -0.115505282468991 0.106541365768286
0.0059304839838908 -0.00134553023536282 -0.0179272652544198 0.136560599515548
0.00392861519063649 -0.00508237295174302 0.0349511153552645 0.107959928635093
-0.00394023641667805 -0.0114497636258906 0.0622120758938682 0.0744454708478198
-0.00599189848804921 -0.0138786430042964 0.0798186587363461 0.0636938384771703
-0.00346546868280849 -0.0195528772309089 0.076110692594502 0.0815676589706202
0.0145209692598746 -0.0174616958433723 0.0271580335244185 0.121290331997535
0.0258294960395994 -0.00182688678640726 -0.0540601156910641 0.133477933033112
0.0256594433530469 0.0131378444158215 -0.113787315743426 0.115964198155621
0.0203058176655505 0.0348167671316231 -0.168330912493599 0.0952473811162595
0.00722261272089288 0.0665341813078355 -0.158836511174283 0.154718865386847
0.00317285150308534 0.0860372662265976 -0.0534264207382765 0.115187787343026
0.0252820458256894 0.0324205331587874 0.0743407709364882 -0.00617637571277192
0.0225043780883537 0.007154570473281 -0.0288439146757609 -0.115444498450962
0.0223048451325656 -0.00518830577889272 -0.152936123904217 -0.0445168110506026
0.0193362713995042 -0.0311723409239359 -0.124996529464021 0.0958171324985491
-0.00165109546551435 -0.0370948279068149 -0.0278639927969367 0.131651805641494
-0.0160249949047588 -0.0312090403165654 0.0267195750717949 0.101753544130604
-0.0263366296315965 -0.0359702372406663 0.0545059125808429 0.0649273172124336
-0.0266890245352358 -0.0447268947093602 0.0722667821519972 0.04656924728129
-0.0125774919697242 -0.067832365455854 0.0817832244397884 0.0561120239718686
0.0395960289994923 -0.0648400969075332 0.0563969334927003 0.0984061069684227
0.0823634867486136 -0.0132990910134789 -0.0200469428968114 0.135848260331773
0.0764363624283733 0.060300603888657 -0.0900156074167215 0.132444186252883
0.0227314053388652 0.113685751748908 -0.144408033535207 0.10232576489766
-0.0335155425064865 0.140077339140846 -0.13387408257305 0.135242673094551
-0.0362030952555983 0.136794782891811 -0.0424457857252671 0.0716463578476854
0.0256567757347164 0.0931057513753771 0.0838899792685525 -0.0177870182645827
0.0601527600767386 0.0439693422302052 -0.00823559966097787 -0.140296125377757
0.0636774784096117 -0.0141748393188705 -0.146502067834323 -0.0748467563199517
0.0384667711303735 -0.0644046094258297 -0.134147094628305 0.0697597315751418
-0.0067726946205476 -0.0731853411905458 -0.0440220018480343 0.113678435643515
-0.0329703916687255 -0.056182687182661 0.0119694768219574 0.0848075500915572
-0.0445312769665937 -0.0552894809934862 0.039435143422937 0.0469327000020103
-0.0433433355681614 -0.0656969065723288 0.056071892060857 0.0205298187067116
-0.0268122383179251 -0.101768325430123 0.0795661302075902 0.0170806693277088
0.0448486178470411 -0.10778060655441 0.0856204627802164 0.0558360539567823
0.116456257678982 -0.0438772763894936 0.0280832440042681 0.124685988245185
0.128358592140722 0.0725900328205454 -0.0536290463046773 0.143725721206396
0.0450563327365128 0.166505572179804 -0.115485914961767 0.104136699201353
-0.0543992518742846 0.193941123076271 -0.0994211749132784 0.0973353354383173
-0.076344620567531 0.16556238494186 -0.0128324479718419 0.014342161290494
0.0115990441399549 0.14738346424764 0.0995839254710988 -0.0368357877703632
0.0862902574728138 0.0903516789831236 0.0232916196842612 -0.162907899619769
0.105805176478655 -0.0126251190918364 -0.121999119352567 -0.109954597488102
0.0607346009687912 -0.0889300052700091 -0.131574239945808 0.0271525602927511
-0.00795916015797145 -0.102127746842341 -0.0592448619105332 0.0799886794055222
-0.0458387765825057 -0.0751464638204069 -0.00915627280703425 0.0600735611458416
-0.0561044649230951 -0.0661535756996802 0.0181871421106128 0.0229080850228775
-0.0548080095337221 -0.0742583838335304 0.0335827311757343 -0.00882074157874134
-0.0395495614333418 -0.115833378078634 0.0672403141040331 -0.0252551168012423
0.0348788972462916 -0.13225021424757 0.101327234090963 0.00274593417915815
0.122296244798054 -0.0732441374863618 0.0729112483029966 0.0957573837762863
0.158027846765486 0.0600477076720508 -0.0140684259833574 0.140288044777024
0.0666775187520949 0.184337405466691 -0.0886568239814511 0.0973861013410702
-0.0612195486526759 0.216063341413163 -0.0631232900349268 0.0459017349069679
-0.106002484300133 0.164282244495041 0.0314899637132653 -0.0500988325223017
-0.0146048941819555 0.17702232660871 0.118889026726668 -0.0607296658811385
0.0880337326519779 0.129899801168539 0.0604749551376375 -0.171201096673769
0.13213020721575 0.00118822732099664 -0.0764060511100056 -0.137833186515723
0.0791146280024691 -0.0948867287646114 -0.111897491264637 -0.025519376770014
-0.00420656310954943 -0.115118216664524 -0.0712134407351281 0.0322786154070024
-0.050029783193067 -0.084208933067848 -0.0329454819917286 0.0264796828230574
-0.0588959699045499 -0.0667069227041308 -0.00530702091749514 -0.00438080732183988
-0.0568234246190335 -0.0703672645216049 0.00888448890600986 -0.036728285993951
-0.0432527794601081 -0.111742726339674 0.0486752660912713 -0.0612063051313182
0.0245569039605962 -0.132561171098568 0.103275635912274 -0.0450465415002031
0.109860827749843 -0.0824388653716419 0.101178280203922 0.0597831384742455
0.155217578699492 0.046164950240288 0.0164190600697011 0.123536509991712
0.0678983296726896 0.174369806001886 -0.0680398160967325 0.0824457422493929
-0.0616093820579017 0.203408636225777 -0.0311229148498009 -0.00942021668847935
-0.112579981388409 0.133201479465188 0.0824404341403373 -0.106851932539458
-0.0404104441147987 0.166004006933211 0.138933089127653 -0.0832124653671629
0.0643329231562276 0.139885110776477 0.0931896005521372 -0.163479034387148
0.126274653074486 0.0182704788304218 -0.0212845275544353 -0.14737548767009
0.081380528931663 -0.0806538997011391 -0.0770812185697851 -0.0740607505009991
7.58623588028879E-05 -0.106015630788651 -0.0756072410825126 -0.0189867698371431
-0.0461534134463622 -0.0788325466982388 -0.0553886298866095 -0.00861612282923499
-0.0523204497092846 -0.0576759166499985 -0.0279006618771771 -0.0307303777747944
-0.0499867369586226 -0.0577816011162693 -0.013106551470621 -0.0598779562644878
-0.0374996208297916 -0.092993197501591 0.0320124379213765 -0.0881020730048352
0.0194867026395977 -0.113008547022371 0.0981390067419131 -0.0778708670039338
0.0913247017742972 -0.0713032302551279 0.116258944064071 0.0303036381316613
0.127871632683027 0.0419354368973885 0.0343668001732562 0.103985578255821
0.0476169439104024 0.148673443834139 -0.051025378266451 0.0647511540144271
-0.0624385970878368 0.16068294140466 -0.00294537277335192 -0.0571380893633911
-0.0914230030720148 0.0786689246203859 0.124482105221732 -0.146896030445875
-0.0490718800713267 0.117831394463091 0.154475674724275 -0.0982008859911748
0.0312994906360891 0.110203934817231 0.114562187135563 -0.143973426727401
0.0899094557210313 0.0232017595336375 0.0251146418242154 -0.140994117791246
0.0619208109661017 -0.0536040150515926 -0.0413346214199301 -0.107116565197179
0.00186179479334114 -0.0761640098116644 -0.0743300584872004 -0.0622669055158223
-0.0347441897516893 -0.0582561099757688 -0.0732659855535469 -0.0389937424584681
-0.0378946544201633 -0.0409586498764144 -0.0454584209018441 -0.0519075291978318
-0.0367617742567697 -0.0396344699480306 -0.0282879970004982 -0.0781271939265787
-0.0270891859643243 -0.0664573155985595 0.0220030658123962 -0.105781232931814
0.0164605669365745 -0.0827071580890097 0.0943297288068418 -0.0950107997449692
0.0715746514341663 -0.0494778732732005 0.123256767083267 0.0141599182833973
0.0904131419767213 0.0434702611352431 0.0438901692441748 0.0885443947043399
0.0173157215620514 0.113093852768705 -0.0375135646885631 0.0497023198235243
-0.0616384886114367 0.100188459463484 0.0219908128364506 -0.0885823100007173
-0.049109118145868 0.0125083816884571 0.146093517565635 -0.165445878601695
-0.0375208802767725 0.0467456055697289 0.158040977050296 -0.106857668438403
0.00329276223896071 0.0516344160010387 0.120738613970243 -0.127845959302054
0.0363885387206424 0.0141394909369368 0.0499741453054803 -0.13389046103969
0.0256291477040822 -0.0208299961093451 -0.0217528774611819 -0.122723576919296
-0.0002854232319525 -0.0326372648096664 -0.0745198712436366 -0.0871218055749656
-0.0178002761405886 -0.0267672924546628 -0.0840830230298699 -0.0569700825766904
-0.0177765347400579 -0.0177111197939452 -0.0563417922511185 -0.0645863818671361
-0.0207367831467177 -0.0174763086326181 -0.035681572690151 -0.0899996770396074
-0.0163362046528398 -0.0340553317599444 0.0189230157369849 -0.116185393210735
0.010489935285159 -0.0487281848222477 0.0950750729427259 -0.10112631044803
0.0489752352749135 -0.0285314082730073 0.129607394273152 0.0098692043972742
0.052259284429199 0.0406658698611349 0.0483195416418302 0.0818150822720144
-0.00943417015798289 0.0699113531189319 -0.0288174143158729 0.0406298545060673
-0.0534313825243491 0.0313999974924122 0.041601076982813 -0.102301403799815
0.0331836925752154 0.0227198221114572 -0.0397671841743691 0.140002565564387
0.0135331404186058 -0.0210716327366228 0.0737562788790397 -0.007734321862747
-0.0145483061573746 -0.0164858693689421 -0.0407134502841233 -0.0962043121037676
-0.00961394477164438 0.00925120517373339 -0.152279882348059 -0.0204446771653333
0.00502788950054622 0.00253457271994581 -0.110261671372085 0.112428239696977
0.00617397827524042 -0.0018282566339621 -0.0101173856340546 0.136776530405089
0.00403170857318766 -0.00547339097445016 0.0414743767928037 0.106734140111353
-0.00504865486596145 -0.011600965984105 0.0665254974759785 0.0722288890138025
-0.00734452907405531 -0.0131108052931365 0.0840781263815195 0.0596772873287918
-0.00488535709017685 -0.0192283064447282 0.0803253209188353 0.0775545056734567
0.0138209982962442 -0.0182853496138418 0.0336044346114404 0.120611431963829
0.0257255532521321 -0.00336449890579197 -0.0475929831938065 0.136912072992024
0.0264714656042981 0.0125118799306721 -0.108721162511238 0.121064151653427
0.0215026413738399 0.0345778372057581 -0.16490975028521 0.10314364096405
0.0101345159315345 0.0660992607817176 -0.150944331562076 0.162173462575414
0.00706417125426101 0.0852928206166066 -0.0454495386693066 0.117944490260717
0.0264356934491377 0.0313428419854379 0.0761633657956639 -0.00991846523455531
0.0230696989064705 0.00589961920766742 -0.0342433929976615 -0.114853125104755
0.0221833675682803 -0.00646695574097172 -0.155854329581092 -0.03718963164229
0.0167918006571233 -0.0325261250323966 -0.120742555399462 0.10236540692286
-0.00359291369689261 -0.037055449472318 -0.0206972498101697 0.13255401513168
-0.0175590154264713 -0.0300471368403817 0.0331649077606649 0.100240508095266
-0.0285163598499989 -0.0345534037321171 0.0583248787282683 0.0628017912921174
-0.0297113620824397 -0.0439623619106835 0.075403608341167 0.043207157620842
-0.0165141382588764 -0.0672441599424782 0.0845352687322217 0.0517627314791066
0.0361438939729556 -0.0674842027033945 0.0609354199820651 0.0959319573991836
0.0818850931546217 -0.0179689745750411 -0.0135889910362398 0.137232481253095
0.0793859660882857 0.0575246677538549 -0.0837179896750705 0.137024657078383
0.0276448513369612 0.112938701221531 -0.139349095621353 0.108950659642709
-0.0263622009309387 0.142292001333581 -0.126069018258581 0.141334626418725
-0.0289699368445482 0.137815406737938 -0.0371534879590296 0.0749506219173791
0.0296435711066807 0.0911477415932507 0.0856119497793204 -0.0205339821740919
0.0622628701030121 0.0408474357422487 -0.0140342283432569 -0.140546612725607
0.0631320154357707 -0.0184102676111808 -0.150366269961634 -0.0678976875933172
0.0340058525896793 -0.0668073376908914 -0.130840678782073 0.0763305594115574
-0.0111426240349213 -0.0724161798038975 -0.0381858798768374 0.116203294015411
-0.0365463818031796 -0.0538084797568644 0.0164009954761932 0.0847062723678479
-0.0473534276213157 -0.0533046920036856 0.0421676477118687 0.0453663087724407
-0.0475998550550684 -0.0635731059312506 0.0577455992232306 0.0180050556417357
-0.0331868349797141 -0.100500261389634 0.0804708083489069 0.0129126144977625
0.0389602661210976 -0.110528243939954 0.0874000941296567 0.0515012427506821
0.11356982675014 -0.0501638509187122 0.0337518003723612 0.124259162386339
0.132488701443838 0.0669340350544553 -0.0463070565011944 0.147600367656885
0.0530195856788242 0.16465280477371 -0.110043663634159 0.110185235497958
-0.0449122080777476 0.197327721698405 -0.0933884719185242 0.101476744632768
-0.0682595489992418 0.168427120456689 -0.010856477069146 0.0165595164274471
0.0188664410182273 0.14698171358386 0.100590900023941 -0.0396311964479779
0.0906113084896027 0.0862506487824243 0.0164063745545859 -0.163854528805269
0.105776080562516 -0.0186571769343233 -0.127166205640706 -0.104716544035372
0.0550768024485758 -0.0925295101226239 -0.130167091236262 0.0334433370742563
-0.0143432617943241 -0.100966357097005 -0.0550066079948188 0.0828732564201084
-0.0501511979824131 -0.0722544892783978 -0.00601071801534745 0.0599270609378716
-0.0594359393677729 -0.0629180149075038 0.0192246060376847 0.0216796699754723
-0.0585122870855589 -0.0715292913606566 0.0334633523855872 -0.0100922226619065
-0.0467343378879605 -0.114131232378121 0.065594136779882 -0.0286297124194063
0.0272345262043424 -0.134594778494109 0.100402291826385 -0.00278936373556233
0.11795136505457 -0.0801727918202867 0.0780090228748136 0.0926655925526413
0.161438527538793 0.0523846250668158 -0.00669219874268564 0.141916072496172
0.075655452500503 0.18155134870656 -0.0834489016669666 0.101858913238878
-0.0491489062820881 0.219828905097485 -0.0599578904005309 0.0479922000872717
-0.0981602742579214 0.168977048726467 0.0301974370097142 -0.0495728314511373
-0.00561968516811798 0.177024520230871 0.118100989045331 -0.0643780112397436
0.0946506990335799 0.126274703121222 0.0530824138725541 -0.174391791383171
0.132396084204174 -0.00574519770819909 -0.0832601612227075 -0.134881398239996
0.0737317291453307 -0.0996416969171971 -0.112893586356499 -0.0202903938006979
-0.0112415956636754 -0.113999400545858 -0.0696012471689608 0.0366138283763843
-0.0551860824554643 -0.0809250962217211 -0.0320052612343495 0.0285535513935181
-0.0620656537753384 -0.0637954403831852 -0.00593939187631242 -0.00431837846932775
-0.0599044582134401 -0.0677227340261624 0.00624398622900537 -0.0361414956944864
-0.0502889395742759 -0.108812335429558 0.0453128643804233 -0.0632286584430883
0.0163675979837682 -0.134165045332424 0.0989650687221345 -0.0506913490442038
0.104611026219806 -0.0886936630448448 0.10512760654139 0.0551348295052671
0.157597937050458 0.0387025344231975 0.023581780429194 0.124093627776711
0.0770786660251058 0.171414202951967 -0.0635239408437853 0.0856482222066065
-0.050067530438107 0.206880110298434 -0.0305848235313708 -0.00832203672729665
-0.106075841506861 0.137588884752971 0.0776043445683564 -0.109383985004959
-0.0315717548018217 0.167461605043224 0.136699178407058 -0.0875381399624822
0.0713905965470964 0.137717075480045 0.0858362571009248 -0.16746859736392
0.127375583293163 0.0110689331093563 -0.0280708822140857 -0.147212077715474
0.0769597897975382 -0.085940303535766 -0.0801036023985066 -0.0704307450983449
-0.00654324588949037 -0.104995212630837 -0.0762723290201889 -0.0146624546414156
-0.05112745199629 -0.0756054601963113 -0.0564821838173147 -0.00534968913865915
-0.0552651433383928 -0.0556625898279018 -0.0301510530096883 -0.0290150160874751
-0.052653441614587 -0.0553834839449532 -0.0167360229696342 -0.058822984745426
-0.0434558762468384 -0.0912380889169357 0.0264249068282457 -0.089266490309205
0.0128298029846565 -0.11402299361256 0.0920312118947688 -0.0829819304738393
0.0868992323213307 -0.0766890199246482 0.117818014581838 0.0251670771491323
0.129752272402656 0.0360041760949171 0.0404233774477182 0.103625532558931
0.0553706485235395 0.146027591001548 -0.0476832188580899 0.0666697979390469
-0.0532933225123492 0.164224129103817 -0.00538554076667374 -0.0573615027493535
-0.0875193808506549 0.0826883469164415 0.117628447633403 -0.151607255355721
-0.0426544721730346 0.119294727292633 0.151056692961043 -0.104129371710494
0.0375464782295252 0.10935830662428 0.108006699337027 -0.149977231621316
0.0914635412965696 0.0182153098536087 0.0195859724076063 -0.143216935802008
0.0588061454446203 -0.0572394729331629 -0.0464841892417523 -0.105488854823187
-0.00317803301098048 -0.0752909060128424 -0.0783145767376212 -0.0579676331674669
-0.0380142615608589 -0.0560911714394415 -0.0756865142427591 -0.0352332624140939
-0.0397675406003153 -0.0394178065248017 -0.0491762737967709 -0.0500817307416529
-0.0383051751621216 -0.0375148744252602 -0.0330666662773744 -0.0762358522387558
-0.0310995524228587 -0.065038558183179 0.0154660117307013 -0.10676182204512
0.011321226195385 -0.0836632457144177 0.08832481664253 -0.100175563572955
0.0687453021851245 -0.0537707360425304 0.124602991599297 0.00794996095636372
0.0933000572579862 0.0391822690840718 0.0488237460434968 0.0879956758026467
0.0234495485229779 0.112463939034122 -0.0346016871676444 0.0511896143257429
-0.0564697379988553 0.103566884550644 0.0171424799207996 -0.0900144485971159
-0.0483894480869712 0.0141602372247499 0.137608852815782 -0.171858422171026
-0.0344412263546377 0.0479850599954747 0.153214980966819 -0.113087723968139
0.00659994322729469 0.0516447576801047 0.115003181427015 -0.133283985250447
0.0368996861559837 0.011669409923173 0.0441965885452413 -0.136879662703642
0.02399324305808 -0.0227231445047968 -0.02772151846466 -0.122734567565875
-0.00260948064623757 -0.0318488345859725 -0.0800645944908938 -0.0833024239850261
-0.0189932229501137 -0.0255010956300108 -0.0883040562743722 -0.0524073634840751
-0.018172864167211 -0.017029895376884 -0.0609770682446587 -0.0624123670839242
-0.0207969975084799 -0.0162757426350832 -0.040863530368322 -0.0876346360742742
-0.0183035065585387 -0.0329658471495968 0.0125671852406932 -0.11731297742549
0.0077390849180246 -0.0490216233417614 0.089196989709661 -0.106203984736691
0.0474280500364633 -0.0310517429602054 0.129967573280871 0.00327838090817408
0.0546085932658459 0.0381165128813756 0.0529625983034132 0.0805127048826882
-0.00587608589438763 0.0699240512265423 -0.0268158539235097 0.0413068279165194
-0.0519804986412427 0.0342988333967816 0.0351879267106538 -0.104355344725212
0.0327254064603903 0.0200389626402715 -0.0303386999075867 0.136315090866015
0.0117358478269244 -0.0209009558808202 0.0723711526707604 -0.011289025457477
-0.0150432944337597 -0.0157735285408225 -0.0429342326038755 -0.0918003055975096
-0.00891862467322391 0.00956568676181415 -0.147956655949849 -0.0128635771238602
0.00435207656561367 0.00192991270553501 -0.101162526162595 0.114280258571951
0.00622584015310453 -0.00278395962896566 -0.0031332795180922 0.132227138640758
0.00309869184520002 -0.00581145506306212 0.0456174417227629 0.10134997494292
-0.00538048291168414 -0.0111094054120749 0.0684654012280625 0.0666786600391771
-0.00806454286125242 -0.0124783938799527 0.0845562283133518 0.0532620482518414
-0.00549309301331647 -0.018548056270278 0.0812707070789193 0.0713045396288408
0.0125756357986177 -0.0184967241417597 0.0381862270707441 0.116076533312841
0.0247422346694435 -0.00430882483280769 -0.0404015725245218 0.134652911571387
0.0254761506665291 0.0112954967690758 -0.101028018378788 0.121118351978131
0.022276314026227 0.0332791533445342 -0.155472547638684 0.106226835264497
0.0122973918993894 0.0639203524542644 -0.138091058321179 0.161946463118199
0.0103613875493101 0.0812925327545657 -0.036697974881031 0.116213767181789
0.0265968281301949 0.0289384131883032 0.0754468195847258 -0.0134899933052441
0.0222070376582497 0.00433732739353156 -0.0364833225406217 -0.110067880634286
0.0209806961692328 -0.00737445024442395 -0.151840196142208 -0.0295001885112099
0.0139535077769082 -0.0324010423708217 -0.111965205775669 0.104139034337862
-0.00587232018610048 -0.0357442261640586 -0.0135823207778099 0.128828006711156
-0.0184903727954605 -0.028263831887272 0.0364586252116968 0.095161342664456
-0.0294128951956885 -0.032892185281563 0.060301020412686 0.058389583214297
-0.030840894365796 -0.0407232577710275 0.0755571189181274 0.0387802519893496
-0.0197532062171718 -0.0642975804205054 0.0841013932376865 0.0461291712277343
0.0315462207861059 -0.0673723094606076 0.0628411974304807 0.0898184990167376
0.0780948385124208 -0.0211819340514819 -0.00708719004379706 0.134474512047997
0.079153844566404 0.0528963098557127 -0.0751120203205559 0.135333471057411
0.0313986378845508 0.108958206982527 -0.130380163866596 0.111009342180115
-0.0189274883742151 0.138817727780222 -0.11519349921468 0.141210326469609
-0.0227267711040473 0.133602832234493 -0.0299939436084488 0.0750892829188913
0.0327609998535764 0.0865222441212105 0.0841169373192958 -0.023519924214399
0.0615046306533349 0.0368762140124567 -0.0189058161687882 -0.135521677046641
0.0596090813534138 -0.0205904688099436 -0.148494421408141 -0.0598126335804846
0.0284701342264527 -0.065993165708721 -0.122290018469181 0.0792054384780208
-0.0148399275090592 -0.0689438832362012 -0.0304969949020257 0.113238574000878
-0.037771113637672 -0.0499175024662369 0.0196522404162409 0.0813246523781162
-0.0486021529719407 -0.0493564407246543 0.04315707903478 0.0426076008748883
-0.0492078681225387 -0.0592830839159746 0.0571902164898179 0.0154043622205406
-0.0376148026169465 -0.0952517559658011 0.0781572274107686 0.00922186326348266
0.0311598686019294 -0.109255475687205 0.0856922122220156 0.045864875609061
0.107209746864931 -0.0538233393238878 0.0385361848817146 0.119141694245424
0.130765486080296 0.0598126133663 -0.0378838321175386 0.144827373217761
0.0579216455079708 0.156895654166681 -0.101517297868566 0.110679624791356
-0.0333867167635789 0.193132955548636 -0.084743009122539 0.101189544917959
-0.0587010667301865 0.164623581481292 -0.00836383902769586 0.0176116842989437
0.0247612514301644 0.13978950992749 0.0975588303559921 -0.0415387118188609
0.0912384882265131 0.0797496818433212 0.00953159112687219 -0.160012292038593
0.101054076956883 -0.0231716054622594 -0.127164291432787 -0.0961652600762337
0.0479150982966007 -0.0921820769494913 -0.124030688362629 0.0376692227227288
-0.0193966564868898 -0.0958522407585251 -0.0491039671062517 0.0825737774956673
-0.0517947629606187 -0.0671925916229095 -0.00316222369586974 0.057795984126248
-0.060366307989687 -0.0583613360638502 0.0199689665561258 0.0205831209303035
-0.060298600640022 -0.0662411169720004 0.0314504562327904 -0.0104649948325241
-0.0519688714566177 -0.107541548460287 0.0613843326203672 -0.0298116764200996
0.0191470896709408 -0.131763100508528 0.0957030662739678 -0.00749768146674329
0.109218065547085 -0.0833359715221518 0.0792724687793593 0.0870242514688414
0.15790434197846 0.0441510326804111 0.000754427301624179 0.137822657790724
0.0809236534944586 0.172193223696187 -0.0756703938660684 0.101608162755089
-0.0363544610636352 0.215184894446357 -0.054767762555567 0.0484185717568357
-0.0874008131524519 0.166227420504091 0.0282668278182651 -0.0478111955302447
0.00216827995856416 0.17044121080097 0.113289062999303 -0.0647977678145022
0.0973182032298401 0.117960970716742 0.0442224405881908 -0.170308529351239
0.127132027453199 -0.0123718577033992 -0.0855327820294981 -0.127229424459009
0.0653804898962072 -0.100244268328608 -0.109839532415085 -0.0150376155947369
-0.0172159484431186 -0.108915755626583 -0.0651397680029887 0.0384376438424544
-0.0576068014006861 -0.0748074296901162 -0.0299453081313338 0.0285672488841713
-0.0629970570548346 -0.059101647286423 -0.00641010202732314 -0.00340883345421862
-0.0610119779305093 -0.0628199523441064 0.00461147623430829 -0.0348215139126129
-0.0549657126047855 -0.102554501704695 0.0400016758873367 -0.0630598604334554
0.00833448590309441 -0.130964167177956 0.0917628578549968 -0.053459022452807
0.096026125231914 -0.0912553899701259 0.104067814824876 0.049858627914854
0.153960272306704 0.0307850142592762 0.0291394436421685 0.119517845382733
0.0822672907029159 0.162238869844612 -0.0566491915283111 0.0850528633493631
-0.0376974002050608 0.202553378544081 -0.0293266691905754 -0.00795821304175953
-0.0961661124401756 0.136644676438929 0.0712050338083302 -0.107389122640052
-0.0227827389405785 0.162370740358273 0.129646545801625 -0.0890696386022113
0.0757712736998723 0.129936881043048 0.0760876282718178 -0.164929200673539
0.123485521389401 0.00465727491095035 -0.032393646826605 -0.141693263860371
0.0689749720316094 -0.0866342091697177 -0.080383563913723 -0.0650539303437607
-0.0118021006720658 -0.100073505441977 -0.0745207037106386 -0.0104634063416882
-0.0530466664646712 -0.070035668519033 -0.0549544934464187 -0.00287388053184945
-0.055474805923244 -0.0512655846444291 -0.0308986930928591 -0.0268570198386067
-0.0530492073241529 -0.0509271874790727 -0.0185668579712661 -0.0552386188925938
-0.0471257382897002 -0.0861108988586501 0.020713912962276 -0.0873052145170942
0.005655917609828 -0.111096006776304 0.0837405748649583 -0.0839482087360776
0.0802094336469447 -0.0774524096398997 0.115896431960605 0.0196761086527143
0.12754344821365 0.0297431501009911 0.0444526159301415 0.0988467707823901
0.0602648567337888 0.13827177363172 -0.0424983089482579 0.066171909466239
-0.0432897272864328 0.161009286559464 -0.00723329685385862 -0.0557913442232539
-0.0807613060794591 0.0824210849937346 0.107182499681384 -0.1509610438714
-0.0356758220626925 0.116303502625065 0.142037529059736 -0.105494946269002
0.0418628606273894 0.104234246506679 0.0984362486612426 -0.148375421563733
0.0888518926746712 0.0131269507390172 0.0139579383080267 -0.139654041565802
0.0535650895540206 -0.058634970984652 -0.0487842171853028 -0.10051159152764
-0.00732359240122462 -0.0720934362512523 -0.0790116520618097 -0.0520108974987879
-0.0396342409186051 -0.0513713185826625 -0.0759014865596572 -0.0299111803288915
-0.0397770605343371 -0.0366000681500689 -0.051073457978078 -0.0463060605603627
-0.0380856338144626 -0.0347946558666508 -0.0358452949985325 -0.0712494945006842
-0.0336102479031729 -0.0605296985006771 0.00967621207918691 -0.103272494062302
0.00594140371285945 -0.0812537332591734 0.079022407371238 -0.100650170400752
0.0634587054902375 -0.0547289050941055 0.120757979098477 0.00292716070672811
0.0916999607367351 0.0337280166549906 0.0519010333251401 0.0832657107238465
0.0276942259248337 0.106924510207821 -0.0309831581475898 0.0498300751465858
-0.0489343632299076 0.102415760721574 0.0118821549558151 -0.0880229671330417
-0.0457694474616188 0.0149871580915847 0.124775983993676 -0.170962581493696
-0.0308182575602637 0.046999942901065 0.143422192282019 -0.114894164441653
0.0095569553143963 0.0499096846722365 0.105909250338455 -0.133731425425849
0.0361287501520371 0.00923361805520393 0.0380285997186158 -0.134470955090042
0.0220598672608736 -0.0229779845001356 -0.0319046470715371 -0.117998928487144
-0.00398931313524388 -0.0298577043999404 -0.0816441719692714 -0.0762585987785425
-0.0197318335603295 -0.0232071174870575 -0.0884503318651114 -0.0459749706906321
-0.0184725328856113 -0.016167103696462 -0.0630782772123929 -0.0574450450794603
-0.0197934676265822 -0.014692259265802 -0.0435078236280159 -0.0821823742804983
-0.0191625899778496 -0.0307721219194615 0.00556818756703802 -0.113041758780251
0.00465564496444433 -0.0474765322629178 0.0805871431186594 -0.106448775906304
0.0438948138322036 -0.031756971692091 0.125515451244807 -0.00224284128545852
0.0544733622199601 0.034547931041173 0.0549939778481543 0.0763395471107173
-0.00259773234317047 0.0675288472533754 -0.0245146860350695 0.0407344656508838
-0.0479934007625108 0.0351948333188777 0.0283342859225379 -0.101756685605378
0.0271446690669265 0.0225098103907109 -0.0418982142108041 0.125368530140844
0.0126292818609164 -0.0175410138166652 0.0722140810781155 -0.00354189808244299
-0.0118326677017706 -0.0158743291954285 -0.0273625345352589 -0.0927260100048019
-0.00960038264964743 0.00687889938081228 -0.134839902889781 -0.0290234479820289
0.00315474412341854 0.00194306697011087 -0.107378961652813 0.0949490247140374
0.00587930646486132 -0.00305337341594986 -0.0173180840976628 0.123331494258882
0.00434187417621145 -0.0059817411810763 0.0316867217457446 0.100228215009167
-0.00438481182864501 -0.0117729264432078 0.0574965857796322 0.0718042879911436
-0.00613107521286328 -0.0139813452628954 0.0750559443654802 0.0611798476943693
-0.00356629280731051 -0.0184045135810023 0.0690015711681231 0.07848717573909
0.0142567607594481 -0.0169529072560267 0.021454565947509 0.117412243455522
0.0254785724590898 -0.00235768375235065 -0.0559749457106921 0.125672461034908
0.0254774293875721 0.0143627035069916 -0.113437642149307 0.101605379939482
0.0174137922293541 0.0351725253236342 -0.16456350940193 0.081601380118583
0.00569141668325193 0.0617476812019798 -0.155768317390494 0.137836614071305
-0.00120096763083052 0.0757091161497166 -0.0497240075703427 0.106422058314567
0.0201037859846179 0.0301669134876439 0.0735311826035202 -0.00195345024970572
0.0194940706605123 0.00712271034972627 -0.0197756041218443 -0.105886536420714
0.0202181693185126 -0.00469108289656779 -0.13605851436612 -0.0439421254455011
0.0170967643784504 -0.0288445598099211 -0.114595985245294 0.0849221905266093
-0.00101732422007704 -0.0353992484808403 -0.0253872345447235 0.1182543952691
-0.0137528436449843 -0.0294363469411511 0.0243517172546905 0.0936532554036282
-0.0246805795991892 -0.0353802764676982 0.0503003838897591 0.0629444574473343
-0.0246677479823934 -0.0431249464480205 0.0677502344306524 0.0469300799953159
-0.0115422097378097 -0.063540940042844 0.0740354244338129 0.0563421549255173
0.0382467431278704 -0.0611237675836366 0.0466959845039665 0.0967688141830901
0.0779161196345341 -0.0122167907293079 -0.025663220946883 0.129940147187917
0.0716801489926599 0.0598092446440708 -0.0917684960853258 0.117802518720315
0.0181527507621107 0.108164043394367 -0.14084506423964 0.0859743785420235
-0.0331610396796917 0.13076345780389 -0.130362099271051 0.116996536854461
-0.0378884682002621 0.120064756572524 -0.0432015833580142 0.0680175891132103
0.0181445138575358 0.0837602218979786 0.0808961914871276 -0.00809380640339298
0.0518996610384615 0.0429902970329538 -0.0015929332302898 -0.124835516306241
0.0584552275761055 -0.0109365114826487 -0.127692476564379 -0.0703036985116047
0.0357690754746351 -0.0579092578818028 -0.120614517910404 0.0608000188399545
-0.00564527155182327 -0.0672155583551147 -0.0385455403357209 0.101670216316777
-0.0290862862114541 -0.0518756707032913 0.0103808774180549 0.0789483827475943
-0.0401114620786445 -0.0535243794989626 0.0352679454336384 0.0462306583328464
-0.0400034648886196 -0.0632712051694438 0.0528561586101943 0.0233893081966842
-0.0251021379385452 -0.0948340656030059 0.0723625791170927 0.0216308980808571
0.0430646428482283 -0.100918316934736 0.0729099931060674 0.0583877892685364
0.109620126820595 -0.0404540377107303 0.0193682207818461 0.122389126389194
0.119956654293282 0.0719729168411641 -0.058432263322302 0.131062651245789
0.0371310590821942 0.15705162302936 -0.11421971495538 0.0870247282262505
-0.0538464564518239 0.181680243348239 -0.0967051352636919 0.0792030230650407
-0.0753368680992276 0.143481697512769 -0.0195519881545668 0.0169298459690988
0.0037409504789475 0.131746034157303 0.0934131046547908 -0.0219123295595846
0.073931203436217 0.0869638269917965 0.0259885582914629 -0.140412943291687
0.0973784792540933 -0.00754787128503083 -0.104460644274423 -0.100175391307375
0.0578703613298179 -0.0796048812810122 -0.115815463534144 0.0237085301530227
-0.00575638869280409 -0.0925858517442897 -0.0513463777004482 0.0701289952330874
-0.0407415139074623 -0.0698854986261779 -0.00824139453898804 0.0548250855887432
-0.0503266682124439 -0.0640048654470157 0.0155091114297178 0.0226623997147664
-0.0490477915952992 -0.070976084678632 0.0316468701630825 -0.00434427318713092
-0.0370396950280279 -0.108231251936896 0.0615137381608739 -0.01707021605171
0.0338277414378768 -0.123894482555377 0.0885102700761385 0.0096173875715666
0.114701189322902 -0.0674507448072238 0.063323651098604 0.0969726930080741
0.147568265489504 0.0601055565869314 -0.0208555665528252 0.130368958159707
0.0582435683613793 0.173634066493805 -0.0889026358389837 0.08051005309302
-0.0591583440577432 0.202820100543843 -0.061891024681482 0.0301441499757056
-0.10216335971067 0.141423497755981 0.0198503771562454 -0.0413783225056632
-0.0210636186091987 0.157052915709424 0.108521927396018 -0.0426877129692486
0.0743201647922016 0.123417483400682 0.0575970389564144 -0.145284657969035
0.120723172371301 0.00650824747920789 -0.0628923602883831 -0.12209238236741
0.0756912514105605 -0.0845065084731684 -0.0969964337027521 -0.0232727092542364
-0.00178096936924725 -0.103690673365485 -0.0615796266043571 0.026909263790186
-0.0448379051138439 -0.077251546550941 -0.0305222759242968 0.0241480446147548
-0.0528059919211491 -0.0650422012797391 -0.00646030862555532 -0.00386195413266201
-0.0503956640554865 -0.0670088927655368 0.00871279063691362 -0.0300185209707979
-0.0406323205841373 -0.103682655608126 0.0451060502565153 -0.0510069612967827
0.0230352259846148 -0.123411598348309 0.0905809418600287 -0.0354944111971333
0.10171792780513 -0.0763437671286829 0.0919787358219515 0.0632494485968669
0.144762444691054 0.0461972084190187 0.00846511487082677 0.116314795237369
0.0602675805809248 0.164139799715379 -0.0686076956713041 0.067200595394086
-0.0595698184148523 0.190356687741081 -0.0298266767000963 -0.0207118650167308
-0.106407427535313 0.113009822010018 0.0677385741667249 -0.0930764569978593
-0.0430097505093818 0.145798834743216 0.124915161463499 -0.0637263675863783
0.0532089780824192 0.131397218330713 0.085607074019983 -0.136815663070624
0.114896499056209 0.0219141063689556 -0.0130750341075697 -0.12937082189882
0.0773736655953724 -0.0716836142733757 -0.0641436996629137 -0.0669403746163719
0.00233492918765603 -0.0942781068380519 -0.0651518734196828 -0.0192100227403304
-0.0421274288575469 -0.0718308521429248 -0.0508529521399398 -0.00820310816694883
-0.0469243236994818 -0.0568699039084827 -0.0274747770884903 -0.0286454428172181
-0.0435097055117418 -0.0547049280339387 -0.0114445885259478 -0.0530605148661068
-0.035111470822433 -0.0862790469011007 0.0297188529342796 -0.0775115160436038
0.0175102158136548 -0.104690176935318 0.0869870040588875 -0.0662535927467771
0.0840771743568671 -0.0657646786786783 0.107017013907238 0.0356325417194228
0.11912270753043 0.0418372704304535 0.0271098811554552 0.0990427196167637
0.0416902763855115 0.138744772555968 -0.051677417926592 0.0518411068732514
-0.0599793524297211 0.150042093883172 -0.0027995515580342 -0.0629773012800908
-0.0853775001302324 0.0653571554814519 0.109848429484786 -0.129498872878141
-0.0483893755502929 0.101685152215413 0.139974059312172 -0.0797358606674971
0.0249181946868759 0.102761359938265 0.104270245611988 -0.121277677237867
0.0810290869435691 0.0251020552244875 0.029135510130555 -0.123543681499349
0.0584640121389367 -0.0470512993350132 -0.0320921765267725 -0.096464483268829
0.00348209450809132 -0.0670333697029881 -0.0651938659791622 -0.0583390722109087
-0.0315122404151025 -0.052609583937161 -0.0676284821468037 -0.0358053301163642
-0.0336471530642616 -0.0402585739008933 -0.043823076043597 -0.0497197378856539
-0.0314575321435383 -0.0374899206526468 -0.0253364500025707 -0.0714814413183256
-0.0250984595088473 -0.0610938670145118 0.0207332705789759 -0.0951113671012658
0.0145909862254969 -0.075751459816111 0.0856981039326873 -0.0840831832047131
0.0652085760250492 -0.0454472079724193 0.114296348403724 0.0190879414927683
0.0845493526444526 0.0416635113854617 0.0372429551468847 0.0853451829750453
0.014293257304634 0.104951580153086 -0.0380441100961255 0.0389347031476019
-0.0587343783789293 0.0931208445502525 0.021019411304612 -0.0891948705292212
-0.0443344167910572 0.00802806225065308 0.134146168347959 -0.146468356405941
-0.0346255435558471 0.0382986800837424 0.14414934298441 -0.0898850431846169
0.00267133763234137 0.0476538222829544 0.111585920706582 -0.109700424527929
0.0327571249432612 0.0140657569124475 0.051028873048256 -0.118450252472874
0.0237952603862869 -0.0184345247167654 -0.0150882082571173 -0.112115389993068
0.00118704198790125 -0.0271996613429728 -0.0669322352862962 -0.080768753033197
-0.0162095789280108 -0.0234294197295946 -0.0785133927072531 -0.0526228643208451
-0.0153942021461481 -0.0180670941360088 -0.0533642423439436 -0.0618361306058089
-0.0166788161999843 -0.0159071227689249 -0.0325424416440889 -0.0833392073151018
-0.0147831084799458 -0.0306009063312947 0.0187745799991442 -0.106073628991975
0.00940455920671602 -0.0440088021348441 0.0875242894936044 -0.0903995255342537
0.0439108700620698 -0.0259810660971634 0.120286934735715 0.0139482240583093
0.0488941933860087 0.0376489174140945 0.0415277472491535 0.0792817927636228
-0.0102245280281138 0.0638804782603192 -0.0286655865686103 0.0326128448760183
-0.0505651257052739 0.0286427709310627 0.0394563508314566 -0.0975825307516971
0.0251397412895185 0.0218811071068852 -0.0420566715426794 0.120141216417298
0.0124069768260119 -0.0163433665576498 0.0718887343540472 -0.00291347853670651
-0.011468943281365 -0.0158862487880067 -0.0231490538880694 -0.0912689875336661
-0.00932469534162668 0.00688171926097698 -0.130444319563596 -0.0313298971712998
0.00259569912348077 0.00201663316299199 -0.106320169202289 0.0900234915378488
0.00552585174987101 -0.00328968425590257 -0.0189231252798554 0.119442752230255
0.0043802648431556 -0.00670722383807989 0.029376996479626 0.0980438238823723
-0.00439669839887835 -0.0117041738127 0.0556371558504354 0.0712343324444284
-0.00641247835742662 -0.0137093666843163 0.0722372630525699 0.0609376873037721
-0.00310709883230312 -0.0181586350453492 0.0659068435148898 0.0780324326733315
0.0145408801151436 -0.0165407394348102 0.0190927486800381 0.114743330649658
0.0245724133370406 -0.00192275232712737 -0.0578239355963139 0.121407772367488
0.0244482234859854 0.0150948416786335 -0.11322621332586 0.0952854538083526
0.0166494773435648 0.0350556434540932 -0.162350263709683 0.0753451097169615
0.00474085960600323 0.0604729138755648 -0.153491300489188 0.12907584219843
-0.00335044066042645 0.0736143650840371 -0.0486450208618198 0.10207713079867
0.0185700774001264 0.0300648739189665 0.0729888467283065 -0.000615634636827375
0.0187282516108943 0.00788425929058 -0.0154646815606421 -0.103994501342035
0.0198673973936608 -0.00398398450516501 -0.131050997859235 -0.0462435290374806
0.0165872840148998 -0.0275870502150883 -0.113051245826863 0.0798506431382518
-0.000800007916425069 -0.0344525366856215 -0.0267647826212885 0.114301682369563
-0.0124713099380209 -0.0294748642558091 0.0225757971542141 0.0915800620948198
-0.0235541454011047 -0.0347009475585869 0.0483610782139454 0.0621583399347734
-0.0235990136924238 -0.0429689101917585 0.0653333272731278 0.0467262545509921
-0.0107615518705458 -0.0616266919501936 0.0710544600121827 0.0563788142704824
0.0383784711445382 -0.0594927465078973 0.0428809637254654 0.0954240341193158
0.0763258139825541 -0.0102594806906329 -0.028515892326137 0.126648927602906
0.0690155769662393 0.0603852894915205 -0.0922129778803091 0.111909237341432
0.0149905679003334 0.106566084713758 -0.139286108749096 0.0797840593196113
-0.0348739289967044 0.126453386865092 -0.128685978723729 0.110045157356894
-0.0402730671211339 0.114999759858469 -0.0416141132272343 0.0660938779570712
0.0153593391873867 0.0816858889049483 0.0808537312479432 -0.00553247636794714
0.0494801851587137 0.0433328452021903 0.00274926611253397 -0.121522735871516
0.0567197231434048 -0.00956791853228729 -0.122634271876678 -0.0714570303852267
0.0351013462083342 -0.0560529792584564 -0.118397408301755 0.0566314266842044
-0.00442882539332853 -0.0653417303213241 -0.0387247303946844 0.0971365882737295
-0.027059202426992 -0.0510693223348731 0.00869425003914072 0.0766479837021143
-0.0387023578782097 -0.0530879127452859 0.0342330611202758 0.045596166743945
-0.0377884202357432 -0.0622259443162699 0.0511740701026674 0.024197472246523
-0.0234274672375016 -0.0924763895658036 0.070518804181452 0.022478739081634
0.0426044230006471 -0.0975929739765447 0.0693374827114391 0.0592471300985246
0.106938081273255 -0.0369277031308382 0.0164079593418804 0.119835746656561
0.115479947913192 0.0729280886507764 -0.0598037911091086 0.125854728196351
0.0333271445449248 0.154354505703536 -0.113167239826151 0.0811552416508462
-0.055449874542626 0.175138395077966 -0.0954319373512717 0.0741434408817085
-0.0769574474815411 0.137454109905679 -0.0179360187542391 0.0166526429860291
0.000413645725911305 0.127854832894917 0.0933641036113453 -0.0185756283251103
0.0702703201884764 0.0860273777769129 0.0292865388477526 -0.136044882247081
0.0941291172718292 -0.00561309269886073 -0.0989006597167459 -0.100206908586997
0.0567160345817418 -0.0762939646411297 -0.113130388494865 0.0199734637561185
-0.00450900000059642 -0.0895937739945004 -0.0510029892580428 0.0671364090401851
-0.0378024558407207 -0.0683983218829808 -0.00954344919174168 0.0531251800422589
-0.048070665051383 -0.0636250144847051 0.0150083296200634 0.022727549783653
-0.0467343861820645 -0.0699025089878424 0.0312326232870509 -0.00272888226322703
-0.0354317638390106 -0.105328225277689 0.0602246853534192 -0.015230225017831
0.0334472193658749 -0.120194098835214 0.0848328383091634 0.0113757138120314
0.112144721697562 -0.0635039668161441 0.0595026940655379 0.0961171258170524
0.142733590416475 0.0617162532355466 -0.0225879688042226 0.126178037159721
0.0531554173028339 0.170848681349381 -0.0886399022682151 0.0750597366423124
-0.0607887412553333 0.195628954753942 -0.0600828851637259 0.0272272759849788
-0.103001593789181 0.134918051387875 0.0215512843510118 -0.0383849580404992
-0.02411410513507 0.151472394700785 0.107696208317538 -0.0373672827575932
0.0700656982907514 0.121986603644286 0.060008430618111 -0.139968664555517
0.117113563237632 0.00856310198069359 -0.057652657311167 -0.121540749512943
0.0742303275432923 -0.0810019591100724 -0.0931835671547443 -0.0255352848343285
-0.000525678064019062 -0.10019352520955 -0.060065130490207 0.0251549405880332
-0.0420301783785986 -0.0757709677370828 -0.030853149232484 0.0228888938394026
-0.050126540059717 -0.0647969870068813 -0.00614062957372988 -0.00337191846444568
-0.0475093730944731 -0.0666317058315443 0.00916326513705369 -0.0283636351284604
-0.0390494127809682 -0.100632731782396 0.0445422548095332 -0.0487878656887731
0.0230530745423837 -0.120209533964473 0.0876140281456859 -0.0320464118127746
0.0996075194989891 -0.0722077217351277 0.0879600517439211 0.064188720864293
0.140140821580519 0.0476018632228339 0.00667033627185171 0.113869168826529
0.055593225703798 0.161196856389872 -0.06853947986463 0.0623026652690932
-0.0607125187872843 0.183689361185598 -0.0285823142367644 -0.0220044263007766
-0.106575811215131 0.107536403992888 0.0688007727881457 -0.0881612463961424
-0.0451937863073169 0.140269666479171 0.124291266474574 -0.0573867395533562
0.0495226284075112 0.129256562343887 0.0866433375685121 -0.130526498646992
0.110859587806864 0.0233259734001448 -0.00847586792146565 -0.126951581450913
0.0757321851879248 -0.0683730256956623 -0.0606058957138797 -0.0667683555497576
0.00369809413871903 -0.0910093756884153 -0.0625558172903338 -0.0198330711398819
-0.0397979493489725 -0.0702533619894785 -0.050068630319249 -0.00871257190134822
-0.0440709219731939 -0.0567751815883894 -0.0264168606167773 -0.0283843827870728
-0.0410565789696213 -0.0546060227413131 -0.0102700234180104 -0.0512275792964982
-0.0334042237679066 -0.0837253374536933 0.0300112205625188 -0.0743910761997967
0.0178393187675239 -0.101314434681792 0.0849968638391878 -0.0628915922417491
0.0822415434079881 -0.0619926954869863 0.103306206588229 0.0371719830509622
0.115044974941197 0.0427801411564426 0.0249564847879842 0.0969849454026583
0.0383447217065528 0.135824909844872 -0.0517476379706017 0.0476805447876427
-0.0605517331453049 0.144564985775418 -0.00165510053107114 -0.061823763303755
-0.0845968094440799 0.0612815795893333 0.110057551975218 -0.122585330215129
-0.0496754143137493 0.0969926814782186 0.13810317856768 -0.0730676027390257
0.0225285510779211 0.100425083528817 0.104366276814 -0.114354511540723
0.078137206377579 0.0259199831670817 0.0325131486834949 -0.119877119847118
0.0571647409063976 -0.0447615291955728 -0.0287726634528723 -0.095738100765745
0.00450813721687482 -0.0642942740883926 -0.0623077181328519 -0.0580805959167581
-0.0299775514445823 -0.0512887237058505 -0.0658463609904461 -0.0357482366563495
-0.031928339584209 -0.0406951303694054 -0.0421727388082297 -0.0486707043556192
-0.0295887662661451 -0.0372680934934896 -0.0235288576068487 -0.0689698165920899
-0.0234537592901217 -0.0590813922867151 0.0215155562672408 -0.0919426736395604
0.0146137292771773 -0.0738415151173034 0.0836783728205053 -0.0797079801141147
0.0640994623102073 -0.0427094370836501 0.110963873338495 0.0211305225660906
0.0814604110271362 0.0426098992066765 0.0351062436206237 0.0839484171929637
0.0123881616097617 0.102062265991855 -0.0381955417134135 0.036049010602725
-0.0584235079085569 0.0889594363807342 0.0208768886110359 -0.086827035676023
-0.0433181459539921 0.00621910084347535 0.133369867180963 -0.138855616898905
-0.0339443693169749 0.0356292474161682 0.142128717107507 -0.0830851222653157
0.00154117158945769 0.0460711594560914 0.111148948250503 -0.103284824241225
0.0310734308351338 0.0144234616086976 0.0537662999546571 -0.114762109235913
0.0228044464922836 -0.0173715332146423 -0.0119226325010481 -0.109767955769501
0.00131697570971297 -0.0257653920929936 -0.0635567821363534 -0.0796591407487874
-0.0153943488929968 -0.0223671501088449 -0.0758706349426557 -0.0519119058330673
-0.0146974597802406 -0.0180313801602757 -0.0518793945746599 -0.0612082332642296
-0.0150757756139028 -0.0163741213307172 -0.0299483212796897 -0.0807848048015606
-0.0135232942982328 -0.0297073211789095 0.0192291686599038 -0.102437637552966
0.00921442862133745 -0.0426448400916282 0.0871339814307519 -0.0858221805087088
0.0425477795010943 -0.0244257103916806 0.116758733704597 0.0161874005063078
0.0468712676500291 0.0374610435960362 0.0391349868295076 0.0784450846978206
-0.0107237295814768 0.0618252917291512 -0.0297079541769092 0.0302644191087343
-0.0496116430071395 0.0267358265041614 0.0393275929268923 -0.0937034548787316
0.0240737416425454 0.0227547156196222 -0.0443388924829945 0.118926927669683
0.0122753003970022 -0.0160496553924851 0.0739187599638402 -0.000849577400599554
-0.0114816250903168 -0.015875193030801 -0.0197846777526825 -0.093769832361021
-0.0099370342840509 0.00676732802050903 -0.13062340865514 -0.0361847940585037
0.00223064087947722 0.00186848508790363 -0.109380907842063 0.0883603360253788
0.00598397787457895 -0.00336279846294223 -0.0221153831868733 0.119326084048277
0.00429484632385135 -0.00699486615143465 0.0278037689656922 0.0996134638255806
-0.00459474631132225 -0.0122421047284943 0.0554848585262053 0.0732814639021854
-0.00633325495674571 -0.0137295197881925 0.0717427948581957 0.0634054364618873
-0.0029864814334988 -0.0184683158008161 0.0650404320177058 0.080708864349525
0.0149767213123526 -0.0163997747948137 0.0155575096020231 0.11725883989553
0.0254691556133919 -0.000855877817135348 -0.0623347903979272 0.12088254365366
0.0245374763895099 0.01649352713765 -0.118938984456706 0.0921047740918316
0.0155849631785048 0.0366281276900566 -0.166228159268484 0.0702403536663525
0.00275567106420998 0.060882017501783 -0.158620840142331 0.125400612195819
-0.00560330161717631 0.0732755104515954 -0.0504939192674895 0.100874746349958
0.0173114115828018 0.0307652817474673 0.0753828160663394 0.00138748676666284
0.0185715849056316 0.00879918816083069 -0.0114291502168586 -0.105885632337138
0.0199824949272343 -0.00333626233937657 -0.13052655104179 -0.0509867351155144
0.0165409002234169 -0.0275328219161454 -0.115688516897011 0.0776817215187942
-0.000209823552809554 -0.0345344349340819 -0.029759838889304 0.113911051190461
-0.0116639314894254 -0.0304675119552948 0.020641111348752 0.092941624215054
-0.0231446487496883 -0.0362377676262242 0.0483693392565356 0.0645556061840067
-0.0232639364073303 -0.0436525202872804 0.0652556397583098 0.0491513585994073
-0.0101204866879335 -0.0625588088078936 0.0709063956078222 0.0585181196555279
0.0394032572213758 -0.0589643014609551 0.0404624764079777 0.0980593859242954
0.0770440066931989 -0.00823148317476391 -0.032135008518976 0.127286963342306
0.0678285209568921 0.063410846118372 -0.0971240991001937 0.109252433504321
0.0115591213503432 0.108572734862888 -0.143897447760384 0.0750502616945361
-0.0389183046329421 0.126463941822677 -0.132343114058491 0.105748567753389
-0.0442689555692202 0.114340170749325 -0.0422524216256522 0.0650932887140966
0.0124675651411864 0.0828566075445843 0.0835065650965009 -0.00269583370407489
0.048466921488177 0.0452256649965269 0.00751590501561965 -0.12234587362311
0.0569961994606236 -0.0078072255423296 -0.121169450513747 -0.0766141507854187
0.0360817191699659 -0.0556001214992055 -0.121029506407748 0.0536919063357121
-0.00338799489958447 -0.0653972538144939 -0.0414838726990761 0.0970986452401264
-0.0258302508759892 -0.0527772420275403 0.00662603727613194 0.0772345505410235
-0.0379686786891451 -0.0556090344560533 0.0336604140280438 0.0473114822753983
-0.0367280927847102 -0.0636953383372021 0.0517549625431996 0.0260654211498883
-0.0225655923861299 -0.0934730013554592 0.0705434712437443 0.0248820282213373
0.0446379973704912 -0.09814700632384 0.0675022433611076 0.0619101335602517
0.10876534170361 -0.0343108450470669 0.0127509268911189 0.121962578213555
0.114976763237797 0.0774753717595282 -0.063789678853811 0.124653053981086
0.0290478079558883 0.157927680067251 -0.117399108416818 0.0770273367623334
-0.0605661456566403 0.175287802544652 -0.0980088940258381 0.0701984952436399
-0.0818547158822909 0.135620592716686 -0.0169671090173557 0.0170415797454208
-0.0039009682411592 0.128915217436836 0.096047641810557 -0.0146036518767626
0.0684728902930879 0.0893618754258318 0.0347904887130294 -0.135922073354001
0.0953162460615822 -0.00295036737948768 -0.0960659561207235 -0.104414397242659
0.0585466837222423 -0.0758606515124618 -0.114844413817209 0.0163094527338802
-0.00310644311401748 -0.0902070624168457 -0.0531604345678464 0.0661292993675424
-0.0365145064207669 -0.070045104343884 -0.0116352522737442 0.0528005586496694
-0.0468204116730839 -0.0656124395009631 0.0150823882658658 0.0236055262577799
-0.0454964828179847 -0.0720424324622767 0.0317279599686735 -0.00141797410976954
-0.0343858692086581 -0.106757225254985 0.0613524653821794 -0.0140822633907084
0.0353342069677565 -0.120933251113014 0.084375532976594 0.0150517480543626
0.114669141206166 -0.0612293673343754 0.0565933423982842 0.0987458467215856
0.143573749264571 0.0663059380634078 -0.0265745998803359 0.126467729026662
0.0491634068651529 0.17413501815054 -0.0919951379843532 0.0717211542841653
-0.066048914052644 0.195692994057657 -0.0612282534642229 0.0239605217383438
-0.108027636915927 0.132281373623054 0.0238271083862097 -0.0374302150573526
-0.0293978153273784 0.152046466659359 0.110824828656749 -0.0329203218111119
0.06742361981565 0.125146626509812 0.0659361135365381 -0.138091059300546
0.117613477863199 0.0117997282410123 -0.0540137063497119 -0.124767499998797
0.0763994189571768 -0.0803359723000616 -0.0931869620973791 -0.0291774263509861
0.00130825624919536 -0.100669927499002 -0.0612629626666256 0.0237631743484616
-0.0405804374345837 -0.0772904521366543 -0.0315143452780816 0.0225523965501638
-0.0489187326533816 -0.0670856067645471 -0.00649579116917849 -0.00318722609849076
-0.045946672035764 -0.0684610264140258 0.0101940165265382 -0.0278911816532307
-0.0382274155993817 -0.1020151942214 0.0465497367027291 -0.0480348294880526
0.0247129882176448 -0.120764861074095 0.0883013776987709 -0.0292337403298285
0.102341198735567 -0.0700622532629629 0.0871175302371237 0.0675680941986202
0.140754534555519 0.0518363168339241 0.00342529943692078 0.114679110362469
0.0521324163201605 0.16413570475477 -0.0718893725827339 0.0598333021306106
-0.0653460114304567 0.183010192247321 -0.0287695862938393 -0.0238498794817198
-0.1109305647211 0.104655762209794 0.073015119472287 -0.0859768588451997
-0.050251050399661 0.139519822846996 0.127003729207101 -0.0523923362474153
0.0462025262857185 0.131795073825489 0.0918706460359842 -0.128062562705943
0.111347982965631 0.0263713463805647 -0.00389434577717543 -0.128848785520227
0.0777341788668188 -0.0672655975324519 -0.0590363922873371 -0.0701120371866594
0.00583061130556347 -0.0912053762382524 -0.0627243253342313 -0.0219714885047852
-0.0377812818508128 -0.0717132156332849 -0.0508232197590351 -0.00944714489837612
-0.0434869916721893 -0.0588723335918128 -0.0267772586946919 -0.0293838792848848
-0.0397984113539697 -0.0562013222889345 -0.00874603811291873 -0.0515368367439728
-0.0328259515360841 -0.0847336982867121 0.0321018369105299 -0.0739308455000467
0.0190139980284491 -0.102065583410974 0.0862645093158057 -0.0604622488604153
0.0840997897574499 -0.0601403732183669 0.103078575224977 0.0406940117473546
0.115278759305389 0.0463102914672872 0.022419763893869 0.0989102884211139
0.0353863751790429 0.137961450010867 -0.0543823507959561 0.0454718506506712
-0.0637641252777215 0.143456839593769 -0.00114952889125435 -0.0632986404746604
-0.0877116971582391 0.0585812010718174 0.115811196833924 -0.119156014672096
-0.0530652044262958 0.0958203406037206 0.141321311861229 -0.0678143204660428
0.0203348108798746 0.102016672473209 0.108917884269192 -0.111783726017336
0.0777759228564146 0.0281373502197676 0.0374072423208091 -0.121090141007532
0.0578772697672884 -0.0443689777983287 -0.0258674098607916 -0.0982417920033402
0.00604532805828011 -0.0643065134615306 -0.0614445999832805 -0.0602814618575344
-0.0287203355213423 -0.0517858508233024 -0.0658283064382063 -0.037221463526082
-0.0312420248551721 -0.0421049171065066 -0.0426743203871424 -0.05037998488224
-0.0283409050118332 -0.038633068921773 -0.0223053899817694 -0.0696783266518266
-0.0224645705070844 -0.0594872004491894 0.0238677566206961 -0.0919232384962703
0.015552019518611 -0.0739040545088269 0.0856495285248676 -0.0776081662577883
0.0649381707855587 -0.0409117556724622 0.11172996801714 0.024618660307607
0.0815447543075453 0.04482573234378 0.0328711612168299 0.0862500543942716
0.00943376444840592 0.103475585868049 -0.0403266391978011 0.0343416898244661
-0.0610997376001709 0.0875927919345452 0.02287323739954 -0.0872307597483739
-0.0441182017509755 0.00481751662649622 0.139013739928337 -0.135266438881737
-0.0355980795553074 0.0345710286037693 0.145423127824119 -0.0779122048885467
0.000480046062816343 0.0463292260544075 0.115064654242385 -0.0998902883748907
0.0310263589936042 0.0151259933704439 0.0592520000561623 -0.114720953081887
0.0232503991669458 -0.0168588444681563 -0.00864683919227022 -0.112891380700636
0.00235510506778582 -0.0253847384760551 -0.0625660674486409 -0.0820560541998051
-0.0147643456240033 -0.0225640433176697 -0.0755961373205017 -0.0539770370478111
-0.0144469733651386 -0.0195057658524297 -0.0523626472263946 -0.0628124610756498
-0.0146479431817366 -0.0171740305135293 -0.0282776616156398 -0.0821923881453241
-0.0129136454010573 -0.0300336082693982 0.0220458954364287 -0.102815338430416
0.00999975793818541 -0.0423803826215374 0.0890730534981154 -0.0841986728686609
0.0431033969022263 -0.0232039688273414 0.117461866665447 0.0191626111424983
0.0463169655597755 0.038992640990413 0.0368655933048835 0.0805522701614658
-0.0126016795334884 0.0619645785935556 -0.0315826174029476 0.0291095526351426
-0.0501719738972923 0.0252332868807997 0.0412647619473885 -0.0932838569625534
