TRXV5
3
4
4
9
string Extension=J
integer IsArchMeasurement=1
integer IsSpherical=1
string Generator=SPM
string GeneratorVersion=1.3.1 Dev
double ArchRadius=0.449999988079071
integer FrequencyAxisIndex=0
integer AzimuthAxisIndex=1
integer ElevationAxisIndex=2
Frequency
5 136 690000000 960000000 LIN
Azimuth
7 8 0 2.74889357189107 LIN
Elevation
7 15 -2.74889357189107 2.74889357189107 LIN
Polar H Real Part
13
Polar H Imaginary Part
14
Polar V Real Part
13
Polar V Imaginary Part
14
Polar H Magnitude (dB)
12 0xC0000002 0 1
Polar H Phase
7 0xC0000003 0 1
Polar V Magnitude (dB)
12 0xC0000002 2 3
Polar V Phase
7 0xC0000003 2 3
-0.02618408203125 0.0172462463378906 0.0371055603027344 0.0183944702148438
0.00139045715332031 0.0278034210205078 0.0133514404296875 0.0139799118041992
0.0145273208618164 0.00923919677734375 0.00461578369140625 0.0195980072021484
0.0137395858764648 -0.00115489959716797 0.0183048248291016 0.0258712768554688
0.0107593536376953 -0.00755023956298828 0.0313072204589844 0.0171566009521484
0.00599861145019531 -0.0154132843017578 0.0368919372558594 0.00231170654296875
0.00372505187988281 -0.0145034790039063 0.0332145690917969 -0.00278472900390625
0.00525379180908203 -0.0126895904541016 0.0245819091796875 -0.00137519836425781
0.0114831924438477 -0.0142383575439453 0.0136394500732422 0.00345993041992187
0.0186405181884766 -0.00350761413574219 0.00292181968688965 0.00309658050537109
0.0169677734375 0.011937141418457 -0.00452136993408203 -0.0107326507568359
0.00539588928222656 0.0202236175537109 0.00600051879882812 -0.0226287841796875
-0.0140419006347656 0.0181369781494141 0.0349788665771484 -0.0222358703613281
-0.0261020660400391 0.0119705200195313 0.0431175231933594 -0.00510406494140625
-0.0361480712890625 0.0023040771484375 0.0213222503662109 0.00164794921875
-0.038177490234375 0.0123748779296875 0.0259170532226562 0.0246257781982422
-0.0127353668212891 0.0280551910400391 0.00472450256347656 0.0211238861083984
0.00535678863525391 0.0164108276367188 0.00125312805175781 0.0273838043212891
0.0110025405883789 0.0095977783203125 0.0169601440429688 0.0322265625
0.0137920379638672 0.00138759613037109 0.0301284790039063 0.0224990844726563
0.0153264999389648 -0.00771999359130859 0.0366096496582031 0.0081634521484375
0.0142192840576172 -0.0100107192993164 0.0313186645507813 0.00257301330566406
0.0136690139770508 -0.00843620300292969 0.0212173461914062 0.0040283203125
0.0203170776367188 -0.0090179443359375 0.00887584686279297 0.0076904296875
0.0250034332275391 0.003936767578125 -0.0035400390625 0.00622463226318359
0.0183525085449219 0.0197811126708984 -0.0122156143188477 -0.00927925109863281
0.00356674194335938 0.0283908843994141 -0.00234603881835938 -0.0232830047607422
-0.0207901000976562 0.023162841796875 0.0256824493408203 -0.0257759094238281
-0.0363540649414063 0.0116386413574219 0.0300102233886719 -0.00743675231933594
-0.0459251403808594 -0.000408172607421872 0.00688695907592773 0.000180721282958984
-0.0457038879394531 0.00256729125976562 0.00922775268554687 0.0268383026123047
-0.0269336700439453 0.0236492156982422 -0.009918212890625 0.0273246765136719
-0.00680923461914063 0.0218276977539063 -0.00502204895019531 0.0349292755126953
0.00465583801269531 0.0202312469482422 0.0130653381347656 0.0380821228027344
0.0146007537841797 0.0129890441894531 0.0262832641601563 0.0267925262451172
0.0225048065185547 0.00214195251464844 0.0330009460449219 0.0129451751708984
0.0223369598388672 -0.00436782836914063 0.0255851745605469 0.00669097900390625
0.0198707580566406 -0.00296401977539063 0.0143814086914063 0.00782299041748047
0.0254707336425781 -0.00341796875 0.000960350036621095 0.0115518569946289
0.027984619140625 0.00868797302246094 -0.0115690231323242 0.00908660888671875
0.0189762115478516 0.0233058929443359 -0.0201663970947266 -0.00728988647460937
0.00298881530761718 0.0318717956542969 -0.0110130310058594 -0.0221099853515625
-0.0226345062255859 0.0257968902587891 0.0147209167480469 -0.0264320373535156
-0.0389938354492188 0.0121612548828125 0.0142803192138672 -0.00708675384521484
-0.0495681762695313 -0.00321578979492187 -0.00912284851074219 -0.00115585327148437
-0.0452842712402344 -0.00653839111328125 -0.00932312011718751 0.0255985260009766
-0.0362091064453125 0.0146484375 -0.0266017913818359 0.0293159484863281
-0.0186500549316406 0.0225849151611328 -0.0143508911132812 0.0398635864257813
-0.00359535217285156 0.0278263092041016 0.00648117065429687 0.0417327880859375
0.0118961334228516 0.0223197937011719 0.0198383331298828 0.0284042358398438
0.0251731872558594 0.0117988586425781 0.0253124237060547 0.0153617858886719
0.0270061492919922 0.0027313232421875 0.0162820816040039 0.00934886932373047
0.0223617553710938 0.00258636474609375 0.00508689880371094 0.0101633071899414
0.0269508361816406 0.00256729125976563 -0.00737380981445313 0.014007568359375
0.0268230438232422 0.0119705200195313 -0.0186729431152344 0.0107765197753906
0.0164909362792969 0.0237941741943359 -0.0263843536376953 -0.00412940979003906
0.00182533264160157 0.0301990509033203 -0.0172805786132813 -0.018646240234375
-0.0208206176757813 0.0242462158203125 0.0047760009765625 -0.0230216979980469
-0.0360298156738281 0.0101814270019531 -0.00054740905761719 -0.00366783142089844
-0.0457916259765625 -0.0059661865234375 -0.0251865386962891 -0.00203895568847656
-0.0374374389648438 -0.0137557983398438 -0.0263900756835938 0.0191612243652344
-0.0366096496582031 0.00436782836914062 -0.0426597595214844 0.0256309509277344
-0.0255813598632813 0.0175266265869141 -0.0247573852539062 0.0407905578613281
-0.0119743347167969 0.0281848907470703 -0.000968933105468748 0.0403594970703125
0.00642204284667969 0.0264816284179687 0.0123577117919922 0.0255718231201172
0.0227336883544922 0.0188179016113281 0.0150651931762695 0.0143270492553711
0.0261154174804688 0.00899505615234375 0.00473976135253906 0.00911045074462891
0.0216293334960938 0.007354736328125 -0.00545024871826172 0.0109977722167969
0.0246181488037109 0.00795364379882813 -0.0157461166381836 0.0153789520263672
0.0225505828857422 0.0152187347412109 -0.0248126983642578 0.0117378234863281
0.0120716094970703 0.0232753753662109 -0.0305404663085938 -0.00226783752441406
-0.00221061706542969 0.0271415710449219 -0.0203857421875 -0.0153579711914062
-0.0204734802246094 0.0185260772705078 -0.00205421447753907 -0.0174808502197266
-0.0307292938232422 0.00432968139648437 -0.01165771484375 0.00214290618896484
-0.0385398864746094 -0.0114974975585937 -0.0387001037597656 -0.00252532958984376
-0.0213718414306641 -0.0167503356933594 -0.0371246337890625 0.0114173889160156
-0.0265350341796875 -0.00504875183105468 -0.0528182983398437 0.0187416076660156
-0.0237655639648438 0.00793838500976563 -0.0327415466308594 0.0360832214355469
-0.0153408050537109 0.0199871063232422 -0.00759315490722656 0.0347442626953125
-0.000492095947265624 0.0231189727783203 0.00482940673828125 0.0201568603515625
0.0146350860595703 0.0213718414306641 0.00507450103759766 0.0106058120727539
0.0202903747558594 0.0140285491943359 -0.00560426712036133 0.00785303115844727
0.0172328948974609 0.0112171173095703 -0.0145435333251953 0.01025390625
0.0194358825683594 0.0120353698730469 -0.0230216979980469 0.0137653350830078
0.0166349411010742 0.0171060562133789 -0.0296974182128906 0.00918960571289063
0.00635910034179687 0.0221271514892578 -0.0314731597900391 -0.00267219543457031
-0.00664710998535156 0.0226783752441406 -0.0206642150878906 -0.0132904052734375
-0.0211563110351563 0.010589599609375 -0.00539493560791016 -0.0132904052734375
-0.0244884490966797 -0.0043792724609375 -0.0185413360595703 0.00408172607421875
-0.0261135101318359 -0.0182552337646484 -0.0465888977050781 -0.00545501708984376
-0.00214767456054687 -0.0144262313842773 -0.0415000915527344 0.00428390502929688
-0.00834465026855469 -0.00936412811279297 -0.0555877685546875 0.0119514465332031
-0.0132369995117188 -0.00191307067871094 -0.0357398986816406 0.0311355590820313
-0.0134458541870117 0.00654315948486328 -0.0101070404052734 0.0283851623535156
-0.00641727447509765 0.0125522613525391 0.00140094757080078 0.0133028030395508
0.00286865234375 0.0177440643310547 -0.00286626815795898 0.00485467910766602
0.00983810424804688 0.0158729553222656 -0.0138988494873047 0.00427818298339844
0.00927829742431641 0.0130033493041992 -0.0224246978759766 0.00804901123046876
0.011444091796875 0.0137186050415039 -0.0286273956298828 0.0113258361816406
0.00884819030761719 0.0180740356445313 -0.0337448120117188 0.00632095336914063
0.000431060791015623 0.0197486877441406 -0.0323505401611328 -0.00521278381347657
-0.0109500885009766 0.0181865692138672 -0.0197181701660156 -0.0145511627197266
-0.0216751098632813 0.00211334228515625 -0.00656795501708984 -0.0121078491210937
-0.0177211761474609 -0.0136795043945313 -0.021209716796875 0.00352096557617188
-0.0128498077392578 -0.0247898101806641 -0.0501670837402344 -0.00977325439453126
0.017364501953125 -0.0105218887329102 -0.0362281799316406 0.00098419189453125
0.0108194351196289 -0.0114727020263672 -0.0504608154296875 0.008636474609375
0.00128173828125 -0.0111255645751953 -0.0332851409912109 0.0278339385986328
-0.00805139541625976 -0.00823068618774414 -0.00905227661132813 0.0236282348632813
-0.0105953216552734 -0.000115394592285155 0.0012054443359375 0.00887775421142578
-0.00944137573242188 0.0104379653930664 -0.00570917129516602 -4.67300415039054E-05
-0.00147628784179688 0.015437126159668 -0.0179805755615234 -3.81469726562403E-06
0.000555992126464843 0.0127134323120117 -0.0264320373535156 0.00412750244140626
0.00285816192626953 0.0138092041015625 -0.0325698852539063 0.00658035278320312
0.000899314880371092 0.0160646438598633 -0.0357093811035156 0.000335693359375002
-0.00461387634277344 0.0157842636108398 -0.032684326171875 -0.0094776153564453
-0.0135402679443359 0.0120582580566406 -0.01959228515625 -0.0173149108886719
-0.0203418731689453 -0.004791259765625 -0.00731182098388672 -0.0154294967651367
-0.00949478149414063 -0.0208339691162109 -0.0210895538330078 -0.00354957580566406
0.00205612182617188 -0.0283718109130859 -0.0478858947753906 -0.0168724060058594
-0.0259647369384766 0.0233516693115234 0.0426750183105469 0.0204315185546875
0.00620651245117188 0.0304946899414063 0.017237663269043 0.0149478912353516
0.0184402465820313 0.00758934020996094 0.00641632080078125 0.0197639465332031
0.0153398513793945 -0.00454425811767578 0.0204925537109375 0.02679443359375
0.0100526809692383 -0.011439323425293 0.0345287322998047 0.0170879364013672
0.00337791442871094 -0.0185298919677734 0.0396232604980469 0.00151443481445312
0.00126934051513672 -0.0163898468017578 0.0370674133300781 -0.00421524047851563
0.00323009490966797 -0.0143852233886719 0.0278759002685547 -0.00223159790039063
0.00986480712890625 -0.0183296203613281 0.0172548294067383 0.00404739379882812
0.0197334289550781 -0.00728797912597656 0.00463628768920899 0.00499773025512695
0.0206317901611328 0.00975608825683594 -0.00577163696289063 -0.00888824462890625
0.00959587097167969 0.0210018157958984 0.00342559814453125 -0.0233860015869141
-0.0124835968017578 0.02337646484375 0.0352668762207031 -0.0265655517578125
-0.0287055969238281 0.0182895660400391 0.0471267700195313 -0.008544921875
-0.0403671264648438 0.0084381103515625 0.0246410369873047 0.00312042236328125
-0.0391769409179688 0.016876220703125 0.0306053161621094 0.0283603668212891
-0.00976753234863281 0.0313529968261719 0.00812911987304688 0.0243072509765625
0.00804996490478516 0.0159387588500977 0.00400352478027344 0.0284271240234375
0.0121555328369141 0.00790119171142578 0.0194892883300781 0.0337619781494141
0.0139322280883789 -0.000981330871582031 0.0339145660400391 0.0234546661376953
0.0140476226806641 -0.0102529525756836 0.0407447814941406 0.00761032104492187
0.0131645202636719 -0.0125770568847656 0.0357513427734375 0.00164031982421875
0.0133123397827148 -0.0100774765014648 0.0254077911376953 0.00352096557617187
0.020416259765625 -0.0121269226074219 0.0123481750488281 0.00953388214111328
0.0266761779785156 0.000637054443359375 -0.000943183898925779 0.00939273834228516
0.0224933624267578 0.0192165374755859 -0.0134744644165039 -0.00634384155273437
0.007049560546875 0.0307235717773438 -0.00510597229003906 -0.0222854614257812
-0.0210399627685547 0.0284538269042969 0.0247249603271484 -0.0286521911621094
-0.0399589538574219 0.0172004699707031 0.0324897766113281 -0.0091094970703125
-0.0514755249023438 0.00426483154296874 0.00848627090454101 0.00301980972290039
-0.0492095947265625 0.00600433349609375 0.0129489898681641 0.0324058532714844
-0.0273056030273438 0.0267658233642578 -0.00615501403808594 0.0324287414550781
-0.00596046447753906 0.0229721069335937 -0.0019683837890625 0.0374603271484375
0.0059051513671875 0.0206241607666016 0.0165786743164063 0.0404586791992188
0.0158004760742188 0.0125265121459961 0.0304718017578125 0.0283050537109375
0.0231647491455078 0.00034332275390625 0.0377235412597656 0.0125999450683594
0.0231132507324219 -0.00589752197265625 0.0302486419677734 0.00679588317871094
0.020965576171875 -0.0042724609375 0.0183639526367188 0.00864410400390625
0.026824951171875 -0.00513839721679688 0.00490760803222656 0.0140371322631836
0.0307159423828125 0.00741004943847656 -0.00903797149658203 0.0129251480102539
0.0224666595458984 0.0242862701416016 -0.0213241577148438 -0.00322532653808594
0.00584602355957031 0.0348072052001953 -0.0137996673583984 -0.0202503204345703
-0.0233440399169922 0.0301570892333984 0.0129508972167969 -0.0282840728759766
-0.0433998107910156 0.016143798828125 0.0152559280395508 -0.00678825378417969
-0.0556831359863281 -0.000251770019531252 -0.00986099243164063 0.00280666351318359
-0.0499038696289063 -0.00595474243164063 -0.00759696960449219 0.0321388244628906
-0.0391311645507813 0.0161705017089844 -0.0243988037109375 0.035308837890625
-0.0198268890380859 0.0245723724365234 -0.0116424560546875 0.0440483093261719
-0.00391006469726563 0.0300388336181641 0.00983428955078125 0.0447349548339844
0.0134029388427734 0.0238246917724609 0.0238742828369141 0.0304088592529297
0.0272216796875 0.0119991302490234 0.0303268432617188 0.0157737731933594
0.0296611785888672 0.00195693969726563 0.0206718444824219 0.0101833343505859
0.0253353118896484 0.00262451171875 0.00879192352294922 0.0114288330078125
0.0294990539550781 0.00225639343261719 -0.0040435791015625 0.0171022415161133
0.0301342010498047 0.0121040344238281 -0.0165681838989258 0.0152664184570312
0.0192070007324219 0.0256767272949219 -0.0270843505859375 0.000270843505859375
0.00331878662109375 0.0336799621582031 -0.0201282501220703 -0.0159912109375
-0.0228652954101563 0.0279388427734375 0.00262069702148437 -0.0236015319824219
-0.04107666015625 0.0127754211425781 -2.31266021728539E-05 -0.00182700157165527
-0.0524520874023437 -0.0048675537109375 -0.0272407531738281 0.00252342224121094
-0.0424346923828125 -0.0159454345703125 -0.0273361206054688 0.0255546569824219
-0.0408821105957031 0.00389862060546875 -0.0433158874511719 0.0326499938964844
-0.0291290283203125 0.0188674926757812 -0.0230865478515625 0.0459480285644531
-0.0125522613525391 0.0320930480957031 0.001800537109375 0.0440254211425781
0.00746726989746094 0.0299053192138672 0.0151348114013672 0.0277824401855469
0.0260257720947266 0.0209140777587891 0.0189323425292969 0.0149612426757813
0.0301494598388672 0.00938034057617188 0.0077657699584961 0.0106267929077148
0.0244579315185547 0.00835609436035156 -0.00261211395263672 0.0129384994506836
0.0283908843994141 0.00873565673828125 -0.0131187438964844 0.0179691314697266
0.0262165069580078 0.0167446136474609 -0.023284912109375 0.0157508850097656
0.0140590667724609 0.0262184143066406 -0.0310115814208984 0.00200271606445313
-0.00162506103515625 0.0309009552001953 -0.0227031707763672 -0.012939453125
-0.0233173370361328 0.0211429595947266 -0.00322628021240234 -0.0166034698486328
-0.0361824035644531 0.00490188598632812 -0.0118951797485352 0.0048074722290039
-0.0445404052734375 -0.0121498107910156 -0.0419731140136719 0.00223159790039063
-0.0246315002441406 -0.0211849212646484 -0.0405426025390625 0.0170822143554688
-0.0309410095214844 -0.0072021484375 -0.0560379028320313 0.0255088806152344
-0.0279369354248047 0.00826644897460938 -0.0319061279296875 0.0416755676269531
-0.0186519622802734 0.0235881805419922 -0.00555038452148438 0.0380859375
-0.000629425048828127 0.0272235870361328 0.00645637512207031 0.0215167999267578
0.0177478790283203 0.0246963500976562 0.00690364837646484 0.0113925933837891
0.0247344970703125 0.0152034759521484 -0.00420093536376953 0.00869655609130859
0.0209865570068359 0.0125846862792969 -0.0137252807617188 0.0119752883911133
0.0237789154052734 0.0140552520751953 -0.0217761993408203 0.0162887573242188
0.0204372406005859 0.0205345153808594 -0.0289802551269531 0.0127048492431641
0.00836181640625 0.0261287689208984 -0.0321273803710938 0.000452041625976559
-0.0073089599609375 0.0270862579345703 -0.02215576171875 -0.0111598968505859
-0.0252017974853516 0.0128288269042969 -0.00681686401367188 -0.0117950439453125
-0.0303554534912109 -0.00560760498046875 -0.0194854736328125 0.00716018676757812
-0.0321140289306641 -0.0214271545410156 -0.0508537292480469 -0.00174331665039063
-0.00322914123535156 -0.0202198028564453 -0.0461616516113281 0.00794601440429687
-0.0111713409423828 -0.0143032073974609 -0.0598526000976563 0.0176353454589844
-0.0169687271118164 -0.00381088256835938 -0.0357284545898437 0.0362014770507813
-0.0175743103027344 0.00875282287597656 -0.00856781005859375 0.0307941436767578
-0.00837039947509766 0.0163078308105469 0.00224876403808594 0.0132980346679688
0.00487518310546875 0.021881103515625 -0.00247812271118164 0.00491523742675781
0.0141448974609375 0.0186100006103516 -0.0149526596069336 0.00513648986816406
0.0130596160888672 0.0156154632568359 -0.0236186981201172 0.00972747802734376
0.0159225463867187 0.016627311706543 -0.0295734405517578 0.0134220123291016
0.0123367309570312 0.0215950012207031 -0.0337753295898438 0.00827407836914063
0.00196266174316406 0.0237903594970703 -0.0336513519287109 -0.00317764282226562
-0.0120830535888672 0.0228729248046875 -0.0214481353759766 -0.0130023956298828
-0.0264682769775391 0.00482940673828125 -0.00751876831054688 -0.010991096496582
-0.0232944488525391 -0.0161647796630859 -0.0232830047607422 0.00569534301757813
-0.0177822113037109 -0.0295886993408203 -0.0554924011230469 -0.00777053833007814
0.0187339782714844 -0.0170116424560547 -0.0410575866699219 0.002593994140625
0.0101528167724609 -0.0172224044799805 -0.0549964904785156 0.0124931335449219
-0.00145339965820313 -0.014735221862793 -0.0331764221191406 0.031982421875
-0.0122737884521484 -0.00866317749023438 -0.00737762451171875 0.0254192352294922
-0.0135679244995117 0.00232696533203125 0.00222969055175781 0.00777864456176758
-0.00836372375488282 0.0153875350952148 -0.00696468353271484 -0.00107860565185547
0.00187110900878906 0.0188808441162109 -0.0202789306640625 0.000154495239257814
0.00397396087646484 0.0160636901855469 -0.0289440155029297 0.00539207458496093
0.00642490386962891 0.0168180465698242 -0.0346431732177734 0.00875282287597657
0.00406455993652344 0.0196075439453125 -0.037841796875 0.00204849243164063
-0.00354385375976563 0.0197010040283203 -0.0346031188964844 -0.00867271423339844
-0.014683723449707 0.0165157318115234 -0.0212669372558594 -0.0171012878417969
-0.0250797271728516 -0.00299263000488281 -0.00905990600585937 -0.0147199630737305
-0.0147228240966797 -0.0237846374511719 -0.0242080688476563 -0.00224113464355469
-0.00156021118164062 -0.0345172882080078 -0.0536422729492188 -0.0169639587402344
-0.022674560546875 0.02825927734375 0.0485649108886719 0.0203857421875
0.0120182037353516 0.0312671661376953 0.0217437744140625 0.0145721435546875
0.0212306976318359 0.00489425659179687 0.00819015502929688 0.0193214416503906
0.0154047012329102 -0.00796604156494141 0.0221824645996094 0.0262374877929688
0.00826835632324219 -0.0142068862915039 0.0369110107421875 0.0167388916015625
-0.000244140625 -0.0206336975097656 0.0418472290039062 -3.81469726562626E-06
-0.00176620483398438 -0.0174722671508789 0.0397567749023438 -0.006256103515625
0.000362396240234376 -0.0161952972412109 0.0311908721923828 -0.00314903259277344
0.00638198852539063 -0.0208454132080078 0.0204982757568359 0.003997802734375
0.0192203521728516 -0.0116233825683594 0.00768184661865234 0.00638818740844726
0.0232067108154297 0.00606346130371094 -0.00568962097167968 -0.00644731521606445
0.0138015747070313 0.0207118988037109 0.00185012817382813 -0.0224819183349609
-0.009796142578125 0.0273227691650391 0.0336971282958984 -0.0298290252685547
-0.0281734466552734 0.0245285034179687 0.0496711730957031 -0.0120162963867187
-0.0418014526367188 0.0154151916503906 0.0287094116210937 0.0038604736328125
-0.0389900207519531 0.0214309692382813 0.0368270874023438 0.0305366516113281
-0.0063018798828125 0.0329685211181641 0.0131645202636719 0.0254478454589844
0.0101394653320313 0.0145139694213867 0.0067596435546875 0.0288162231445313
0.0127239227294922 0.00543212890625 0.0221042633056641 0.0338420867919922
0.0129528045654297 -0.0024566650390625 0.0370254516601563 0.0228996276855469
0.0116968154907227 -0.0122776031494141 0.0437126159667969 0.0062408447265625
0.0116291046142578 -0.0132913589477539 0.0397529602050781 -0.000213623046875001
0.0120229721069336 -0.0114717483520508 0.0295047760009766 0.00264549255371094
0.01849365234375 -0.0148067474365234 0.016871452331543 0.0100898742675781
0.0276622772216797 -0.00234413146972656 0.00249767303466797 0.0117321014404297
0.0256729125976562 0.0172367095947266 -0.0126495361328125 -0.00234699249267578
0.0112323760986328 0.031402587890625 -0.00705909729003906 -0.0199127197265625
-0.0191612243652344 0.0325946807861328 0.0226058959960938 -0.0306072235107422
-0.0414314270019531 0.0234336853027344 0.0344696044921875 -0.0104389190673828
-0.0547981262207031 0.0105705261230469 0.0114107131958008 0.00550174713134766
-0.051025390625 0.00879669189453124 0.0182991027832031 0.0369987487792969
-0.0263710021972656 0.0291118621826172 -0.00113677978515625 0.0349559783935547
-0.00501060485839843 0.0232372283935547 0.00149917602539062 0.0388450622558594
0.00607109069824219 0.0202503204345703 0.0197944641113281 0.0416450500488281
0.0157651901245117 0.0117120742797852 0.0344982147216797 0.0286369323730469
0.0230979919433594 -0.00099945068359375 0.0414543151855469 0.0114784240722656
0.0238304138183594 -0.00725364685058594 0.0344619750976562 0.00554275512695312
0.0217666625976563 -0.00516319274902344 0.0233173370361328 0.00783729553222656
0.0277576446533203 -0.00719070434570313 0.00999736785888672 0.0151147842407227
0.0323276519775391 0.00520133972167969 -0.00530719757080078 0.0157585144042969
0.0253391265869141 0.0237884521484375 -0.0204067230224609 0.00132369995117188
0.00867080688476562 0.0364036560058594 -0.0154237747192383 -0.0170345306396484
-0.0228919982910156 0.0344066619873047 0.0105819702148438 -0.0284538269042969
-0.04669189453125 0.0212249755859375 0.0169572830200195 -0.00630855560302734
-0.0603485107421875 0.00481414794921875 -0.00770330429077149 0.00687408447265625
-0.0538063049316406 -0.00440597534179686 -0.00357055664062501 0.0381660461425781
-0.0413017272949219 0.0185966491699219 -0.0206756591796875 0.0402450561523438
-0.0207920074462891 0.0263595581054688 -0.00785446166992187 0.0459976196289063
-0.00324821472167969 0.0321998596191406 0.0130844116210937 0.0464744567871094
0.0145759582519531 0.0250186920166016 0.0274791717529297 0.0306472778320313
0.0298347473144531 0.01141357421875 0.0343303680419922 0.0149078369140625
0.0320014953613281 0.00051116943359375 0.02459716796875 0.00909614562988281
0.0272140502929687 0.00189399719238281 0.0126991271972656 0.0114612579345703
0.0320835113525391 0.00104522705078125 0.000654220581054688 0.0181446075439453
0.0331630706787109 0.0118846893310547 -0.0126399993896484 0.0183315277099609
0.0221023559570313 0.0265140533447266 -0.0255985260009766 0.00443077087402343
0.005523681640625 0.036651611328125 -0.0208072662353516 -0.0122489929199219
-0.0235614776611328 0.0316410064697266 0.000801086425781248 -0.0228767395019531
-0.0454177856445313 0.0161056518554687 0.00123965740203857 0.000223040580749513
-0.05792236328125 -0.00188064575195313 -0.0265235900878906 0.00764274597167969
-0.0471534729003906 -0.0168914794921875 -0.0259017944335938 0.0325164794921875
-0.0454940795898438 0.00469589233398437 -0.0411491394042969 0.0384597778320313
-0.0312252044677734 0.0214939117431641 -0.0194320678710938 0.0490074157714844
-0.01312255859375 0.0357551574707031 0.00498580932617187 0.0456695556640625
0.00894355773925781 0.0321693420410156 0.0183963775634766 0.0277271270751953
0.0296745300292969 0.0220527648925781 0.0225124359130859 0.0147075653076172
0.0340442657470703 0.00890159606933594 0.0107040405273438 0.0105571746826172
0.0287818908691406 0.00807762145996094 0.000116348266601565 0.0136127471923828
0.0322055816650391 0.00862693786621094 -0.00959205627441406 0.0195693969726563
0.0302200317382813 0.0177173614501953 -0.0199642181396484 0.0184116363525391
0.0170440673828125 0.0290336608886719 -0.0293750762939453 0.00551033020019532
0.000102996826171874 0.0351943969726563 -0.0226688385009766 -0.00952720642089844
-0.0255985260009766 0.0249996185302734 -0.00424098968505859 -0.0156040191650391
-0.0414390563964844 0.00680923461914063 -0.0106134414672852 0.00809860229492187
-0.0508193969726563 -0.0113677978515625 -0.0425186157226563 0.00742721557617187
-0.0293350219726563 -0.0246829986572266 -0.0417098999023437 0.0231857299804688
-0.036529541015625 -0.00932312011718749 -0.0557785034179688 0.0320663452148437
-0.0317230224609375 0.00958442687988281 -0.0290489196777344 0.0456314086914062
-0.0203628540039062 0.0281181335449219 -0.00317764282226562 0.0397300720214844
0.000253677368164062 0.0309391021728516 0.00883865356445313 0.0216312408447266
0.0218944549560547 0.0267829895019531 0.00897789001464844 0.011448860168457
0.0295639038085938 0.0157833099365234 -0.00333881378173828 0.00946140289306641
0.0254173278808594 0.0133838653564453 -0.0124359130859375 0.0130224227905273
0.0289287567138672 0.0141925811767578 -0.0197238922119141 0.0179328918457031
0.0250186920166016 0.0221424102783203 -0.0266666412353516 0.0149345397949219
0.0107536315917969 0.0295448303222656 -0.0308399200439453 0.00315093994140626
-0.00652122497558594 0.0322093963623047 -0.0222091674804688 -0.00885963439941406
-0.0287666320800781 0.0167007446289062 -0.0066986083984375 -0.0102701187133789
-0.0368270874023437 -0.00494384765625 -0.0194339752197266 0.0104713439941406
-0.0386772155761719 -0.02264404296875 -0.0528640747070313 0.00279617309570313
-0.00591850280761719 -0.0257816314697266 -0.049224853515625 0.0127410888671875
-0.0159568786621094 -0.0180244445800781 -0.0619354248046875 0.0236282348632812
-0.0215854644775391 -0.00446891784667968 -0.0332527160644531 0.040313720703125
-0.0210647583007813 0.0116653442382813 -0.00674247741699219 0.0320644378662109
-0.00837326049804688 0.0208549499511719 0.00306415557861328 0.0129804611206055
0.00877189636230469 0.0260963439941406 -0.00205087661743164 0.00494766235351563
0.0195865631103516 0.0200939178466797 -0.0154438018798828 0.00595378875732422
0.0182266235351562 0.0165271759033203 -0.0234375 0.0115337371826172
0.0210227966308594 0.0179481506347656 -0.0288162231445313 0.0154228210449219
0.0176296234130859 0.0238437652587891 -0.0334968566894531 0.0100612640380859
0.00472831726074219 0.0280513763427734 -0.0338554382324219 -0.00158882141113281
-0.0116634368896484 0.0277729034423828 -0.0218315124511719 -0.0116138458251953
-0.0304603576660156 0.00783348083496094 -0.00781917572021485 -0.00984668731689453
-0.0303077697753906 -0.0165901184082031 -0.0240154266357422 0.008514404296875
-0.0242519378662109 -0.0323448181152344 -0.0590476989746094 -0.0042724609375
0.0176734924316406 -0.0235652923583984 -0.0448265075683594 0.00494766235351562
0.00721168518066406 -0.0231914520263672 -0.0572700500488281 0.0170059204101562
-0.00550079345703125 -0.0168170928955078 -0.031158447265625 0.0352897644042969
-0.0167236328125 -0.0070943832397461 -0.00553321838378906 0.0254631042480469
-0.0152177810668945 0.00633621215820313 0.00216484069824219 0.00656270980834961
-0.00588417053222656 0.0197639465332031 -0.00815248489379883 -0.00186681747436523
0.00605010986328125 0.0209712982177734 -0.0226402282714844 0.000875473022460935
0.00809097290039063 0.0173187255859375 -0.0310630798339844 0.00744438171386718
0.0108222961425781 0.0181808471679688 -0.0360183715820312 0.0107879638671875
0.008392333984375 0.0221347808837891 -0.0383033752441406 0.00354003906250001
-0.000879287719726562 0.0232734680175781 -0.0359458923339844 -0.006744384765625
-0.01446533203125 0.0215778350830078 -0.0223026275634766 -0.0158977508544922
-0.0287818908691406 0.000490188598632813 -0.009674072265625 -0.0136680603027344
-0.0208320617675781 -0.0246849060058594 -0.0268898010253906 -4.19616699218726E-05
-0.00675201416015625 -0.0385093688964844 -0.058349609375 -0.0154991149902344
-0.0187892913818359 0.0315876007080078 0.0538597106933594 0.019989013671875
0.0166912078857422 0.030364990234375 0.02532958984375 0.0132198333740234
0.0229358673095703 0.00130653381347656 0.00970458984375 0.0185298919677734
0.0146255493164062 -0.0110158920288086 0.0231857299804688 0.0265579223632813
0.0059661865234375 -0.0161304473876953 0.0382766723632813 0.0166206359863281
-0.00465965270996094 -0.0207901000976563 0.0442543029785156 -0.00123977661132813
-0.00498199462890625 -0.0173158645629883 0.0426254272460938 -0.0078582763671875
-0.00265789031982422 -0.0159873962402344 0.0342235565185547 -0.00551033020019531
0.00299644470214844 -0.0220584869384766 0.0240955352783203 0.00305747985839844
0.0171213150024414 -0.014866828918457 0.0110788345336914 0.00763511657714844
0.0248889923095703 0.00283241271972656 -0.00422954559326172 -0.00381255149841309
0.0175437927246094 0.0190353393554688 0.00092887878417969 -0.02032470703125
-0.00595474243164062 0.0297813415527344 0.0321846008300781 -0.0312747955322266
-0.0262680053710938 0.0304470062255859 0.05194091796875 -0.0144844055175781
-0.0406913757324219 0.0217781066894531 0.0328369140625 0.00362777709960938
-0.0375518798828125 0.0243797302246094 0.0431098937988281 0.0314521789550781
-0.00355148315429688 0.0330944061279297 0.0175342559814453 0.0247974395751953
0.0114679336547852 0.0127706527709961 0.00875663757324219 0.0277881622314453
0.012324333190918 0.00356483459472656 0.0238475799560547 0.0343570709228516
0.0115575790405273 -0.00387001037597656 0.0395011901855469 0.022796630859375
0.00941753387451172 -0.0128908157348633 0.0473861694335938 0.00530242919921875
0.0100507736206055 -0.0139122009277344 0.0433464050292969 -0.00255203247070313
0.0109062194824219 -0.0115718841552734 0.0336265563964844 0.000705718994140624
0.0165700912475586 -0.0161666870117188 0.0215167999267578 0.00926971435546875
0.027587890625 -0.005126953125 0.00685787200927734 0.0130958557128906
0.0273323059082031 0.0150241851806641 -0.0107431411743164 0.000702857971191409
0.0145721435546875 0.0313472747802734 -0.00754070281982422 -0.0171794891357422
-0.0168495178222656 0.0359725952148438 0.0205020904541016 -0.0307579040527344
-0.0415420532226562 0.0289306640625 0.0365715026855469 -0.0118293762207031
-0.0560493469238281 0.0164794921875 0.015620231628418 0.00784015655517578
-0.0519485473632813 0.0116081237792969 0.0244331359863281 0.0391731262207031
-0.0260410308837891 0.0299091339111328 0.0037841796875 0.0360031127929688
-0.00478744506835938 0.0224895477294922 0.00443649291992188 0.038360595703125
0.00649833679199219 0.0206375122070313 0.0220870971679688 0.0420646667480469
0.0159969329833984 0.0116710662841797 0.0374565124511719 0.0279731750488281
0.0226325988769531 -0.00152015686035156 0.0455093383789063 0.0101127624511719
0.0240669250488281 -0.00839424133300781 0.0384674072265625 0.00353240966796875
0.0224094390869141 -0.00588417053222656 0.0271453857421875 0.00599861145019531
0.0276966094970703 -0.00832748413085938 0.0143766403198242 0.0146751403808594
0.0337772369384766 0.00371932983398438 -0.000381469726562497 0.0173311233520508
0.027435302734375 0.0233135223388672 -0.0177555084228516 0.0045318603515625
0.0116081237792969 0.03790283203125 -0.015345573425293 -0.0132808685302734
-0.0219764709472656 0.0379753112792969 0.00922966003417968 -0.0274906158447266
-0.0483970642089844 0.0256233215332031 0.0191421508789063 -0.00597572326660156
-0.063629150390625 0.00966644287109376 -0.00459861755371094 0.0107536315917969
-0.0571060180664063 -0.00324249267578125 0.00123596191406249 0.042205810546875
-0.0429763793945312 0.0202522277832031 -0.0159492492675781 0.0424461364746094
-0.021636962890625 0.0277900695800781 -0.00481796264648438 0.0464210510253906
-0.00271034240722656 0.0342903137207031 0.0160293579101563 0.0467872619628906
0.0156898498535156 0.0257797241210938 0.0305347442626953 0.0304813385009766
0.0314064025878906 0.0112018585205078 0.0378837585449219 0.0136756896972656
0.0341606140136719 -0.000135421752929688 0.0281887054443359 0.0075836181640625
0.0294322967529297 0.000902175903320313 0.0167922973632813 0.0104351043701172
0.0339832305908203 0 0.00467681884765625 0.0178985595703125
0.0360603332519531 0.0112953186035156 -0.00797653198242187 0.0194911956787109
0.0248031616210937 0.0281009674072266 -0.0228214263916016 0.00743865966796875
0.00794982910156251 0.039337158203125 -0.0201473236083984 -0.0089111328125
-0.0240802764892578 0.0349617004394531 0.000186920166015622 -0.0211467742919922
-0.0487289428710938 0.0197105407714844 0.0034635066986084 0.00172257423400879
-0.0625495910644531 0.00156021118164063 -0.0236072540283203 0.0120353698730469
-0.0519332885742188 -0.0175285339355469 -0.0232200622558594 0.0377082824707031
-0.0500907897949219 0.0058746337890625 -0.0377922058105469 0.0427894592285156
-0.0343532562255859 0.0236835479736328 -0.0160560607910156 0.0501518249511719
-0.0136795043945313 0.0392227172851563 0.00750350952148437 0.0460777282714844
0.0105133056640625 0.0348987579345703 0.0206489562988281 0.02752685546875
0.0332279205322266 0.0223045349121094 0.0250015258789063 0.0135974884033203
0.03814697265625 0.00787353515625 0.013371467590332 0.00973606109619141
0.0323352813720703 0.00768470764160156 0.00283432006835938 0.0127162933349609
0.0363845825195313 0.00806045532226563 -0.00675582885742187 0.0195636749267578
0.0343666076660156 0.017974853515625 -0.0164089202880859 0.0193767547607422
0.02044677734375 0.0312080383300781 -0.0269412994384766 0.00787544250488282
0.00188827514648437 0.0386619567871094 -0.021636962890625 -0.00663948059082031
-0.0272541046142578 0.0288677215576172 -0.00380611419677735 -0.0136804580688477
-0.0462226867675781 0.0093994140625 -0.00864982604980469 0.0103664398193359
-0.056915283203125 -0.00982284545898438 -0.0409812927246094 0.0116920471191406
-0.0350875854492187 -0.0271072387695313 -0.0411224365234375 0.0286865234375
-0.0427360534667969 -0.00944519042968751 -0.0539665222167969 0.0369110107421875
-0.0360603332519531 0.011688232421875 -0.0260543823242188 0.0477294921875
-0.0217475891113281 0.0320873260498047 -0.00109100341796875 0.0404701232910156
0.00172233581542969 0.0346183776855469 0.0106544494628906 0.0214920043945313
0.0264892578125 0.0288410186767578 0.010746955871582 0.0106287002563477
0.0346240997314453 0.0150260925292969 -0.00197029113769531 0.00958728790283203
0.0299625396728516 0.0127830505371094 -0.0108127593994141 0.0136928558349609
0.0332355499267578 0.0139007568359375 -0.0176639556884766 0.0182723999023438
0.0297813415527344 0.0228424072265625 -0.0245590209960937 0.0156707763671875
0.0141830444335938 0.0322551727294922 -0.0291595458984375 0.00463867187500001
-0.004913330078125 0.0366783142089844 -0.0209751129150391 -0.00691604614257812
-0.0311489105224609 0.0208206176757812 -0.0058436393737793 -0.00873184204101562
-0.0427589416503906 -0.00327682495117188 -0.0180015563964844 0.0135650634765625
-0.0451774597167969 -0.0226364135742188 -0.05316162109375 0.00664901733398437
-0.0110492706298828 -0.0304183959960938 -0.0515174865722656 0.0166282653808594
-0.0217933654785156 -0.0208492279052734 -0.0619354248046875 0.028289794921875
-0.0260601043701172 -0.00378036499023437 -0.0311622619628906 0.0421714782714844
-0.0237255096435547 0.0154953002929688 -0.00553703308105469 0.0322093963623047
-0.00811386108398438 0.0249423980712891 0.00354766845703125 0.012415885925293
0.0132732391357422 0.0286540985107422 -0.00220155715942383 0.004638671875
0.0245170593261719 0.01995849609375 -0.0161428451538086 0.00679302215576172
0.022491455078125 0.0165424346923828 -0.0233726501464844 0.0128021240234375
0.026123046875 0.0177078247070312 -0.0284385681152344 0.0159416198730469
0.0225467681884766 0.0248584747314453 -0.0320377349853516 0.0109729766845703
0.00828933715820313 0.0312385559082031 -0.0328788757324219 -0.00021743774414062
-0.00965118408203125 0.0323848724365234 -0.0214271545410156 -0.0106830596923828
-0.0331382751464844 0.0123958587646484 -0.00706005096435547 -0.00857686996459961
-0.0365867614746094 -0.015289306640625 -0.0239849090576172 0.0113887786865234
-0.0309314727783203 -0.033538818359375 -0.0611801147460938 -0.000961303710937499
0.0149326324462891 -0.0292224884033203 -0.0486183166503906 0.00735092163085936
0.00291252136230469 -0.0276355743408203 -0.0588111877441406 0.0204658508300781
-0.00968360900878907 -0.0179977416992187 -0.0293045043945312 0.0369987487792969
-0.02008056640625 -0.00458335876464844 -0.00488853454589844 0.0247268676757813
-0.0159177780151367 0.0105295181274414 0.00108861923217773 0.00498723983764649
-0.00217247009277344 0.0234432220458984 -0.009979248046875 -0.00224971771240234
0.0109996795654297 0.0216484069824219 -0.02496337890625 0.00214576721191406
0.0123233795166016 0.0175933837890625 -0.0324764251708984 0.00924682617187501
0.0154819488525391 0.0187244415283203 -0.037445068359375 0.01202392578125
0.0131378173828125 0.0229969024658203 -0.0390052795410156 0.0041046142578125
0.00232887268066406 0.0258007049560547 -0.0362396240234375 -0.00631332397460938
-0.0127811431884766 0.0253372192382813 -0.0222568511962891 -0.0152359008789063
-0.0307636260986328 0.00440788269042969 -0.00943088531494141 -0.0125017166137695
-0.0265922546386719 -0.0243129730224609 -0.0281047821044922 0.00268554687499999
-0.0128440856933594 -0.04071044921875 -0.0627632141113281 -0.0138626098632812
-0.0151100158691406 0.033660888671875 0.0588607788085938 0.019439697265625
0.0210418701171875 0.0288810729980469 0.0280036926269531 0.0113239288330078
0.0237464904785156 -0.00164604187011719 0.00982475280761719 0.0179347991943359
0.0134639739990234 -0.0135345458984375 0.0237617492675781 0.0270671844482422
0.00325489044189453 -0.0174064636230469 0.0404510498046875 0.0169639587402344
-0.00778579711914063 -0.0204944610595703 0.0467910766601563 -0.00106430053710938
-0.00769710540771484 -0.0168333053588867 0.0454139709472656 -0.0096282958984375
-0.00489139556884766 -0.0155487060546875 0.0368576049804688 -0.0074920654296875
-0.000253677368164061 -0.0223903656005859 0.0275211334228516 0.00193977355957031
0.0151033401489258 -0.0170612335205078 0.014927864074707 0.00758552551269531
0.0257492065429688 -1.9073486328125E-05 -0.00249719619750976 -0.00233626365661621
0.0198574066162109 0.0172481536865234 0.00143051147460938 -0.0187816619873047
-0.00209617614746093 0.031768798828125 0.0313034057617188 -0.0315113067626953
-0.0238189697265625 0.0352897644042969 0.0542526245117188 -0.0172958374023437
-0.0392875671386719 0.0268783569335938 0.038238525390625 0.00357818603515625
-0.0365524291992187 0.0268516540527344 0.0487632751464844 0.0320968627929688
-0.00130653381347656 0.0326671600341797 0.0218772888183594 0.0240039825439453
0.0112056732177734 0.010951042175293 0.00945472717285156 0.0276527404785156
0.0113792419433594 0.00273323059082031 0.025360107421875 0.0355262756347656
0.0103235244750977 -0.0037689208984375 0.0422401428222656 0.0234184265136719
0.00752735137939453 -0.0121536254882812 0.0504913330078125 0.00407028198242187
0.0088033676147461 -0.0138359069824219 0.0472297668457031 -0.00429916381835938
0.0100793838500977 -0.0115365982055664 0.0370292663574219 -0.0019989013671875
0.0153894424438477 -0.016688346862793 0.0261154174804688 0.00763893127441406
0.0274200439453125 -0.00677299499511719 0.0112724304199219 0.0134878158569336
0.0296077728271484 0.0133018493652344 -0.00778579711914062 0.00304412841796875
0.0172843933105469 0.0311660766601563 -0.00679683685302734 -0.0146341323852539
-0.0144615173339844 0.0386848449707031 0.0203380584716797 -0.0305824279785156
-0.0410423278808594 0.0334434509277344 0.0390472412109375 -0.0133209228515625
-0.0570182800292969 0.0210075378417969 0.0206470489501953 0.00874900817871094
-0.0535392761230469 0.0133018493652344 0.0301284790039063 0.0416030883789063
-0.0263023376464844 0.0310287475585938 0.007965087890625 0.0359916687011719
-0.005889892578125 0.0231056213378906 0.00601577758789062 0.0382308959960938
0.006011962890625 0.0213851928710938 0.024078369140625 0.04302978515625
0.0157365798950195 0.0124168395996094 0.0402946472167969 0.0285987854003906
0.0227851867675781 -0.00105857849121094 0.0491714477539063 0.009002685546875
0.0252189636230469 -0.00840377807617188 0.0430221557617188 0.00133514404296875
0.0230617523193359 -0.00610923767089844 0.0312137603759766 0.0037384033203125
0.0285415649414063 -0.0087127685546875 0.0194454193115234 0.0134029388427734
0.0351161956787109 0.00262641906738281 0.0046234130859375 0.0177726745605469
0.0296649932861328 0.0234947204589844 -0.0144672393798828 0.00652027130126953
0.0142021179199219 0.0388717651367188 -0.0141382217407227 -0.0105438232421875
-0.0214271545410156 0.0412712097167969 0.00932693481445312 -0.0269603729248047
-0.0505027770996094 0.0303192138671875 0.0215797424316406 -0.00599288940429687
-0.0660972595214844 0.0141716003417969 -0.000168800354003911 0.0131464004516602
-0.0616645812988281 -0.00209808349609375 0.00594329833984374 0.0450820922851563
-0.0464515686035156 0.02203369140625 -0.0126724243164063 0.044158935546875
-0.02435302734375 0.0293655395507812 -0.0029449462890625 0.0471000671386719
-0.0030517578125 0.0368156433105469 0.0179023742675781 0.048370361328125
0.0167407989501953 0.0278835296630859 0.0331802368164063 0.0306510925292969
0.033538818359375 0.0115909576416016 0.0412445068359375 0.0123062133789063
0.0361366271972656 -0.00144577026367188 0.0316562652587891 0.00628280639648438
0.032257080078125 0.000959396362304688 0.0198211669921875 0.00843048095703125
0.0369110107421875 -0.000339508056640625 0.0088043212890625 0.016484260559082
0.0389366149902344 0.0112571716308594 -0.00384902954101562 0.0193576812744141
0.0276832580566406 0.0296840667724609 -0.0194282531738281 0.00879096984863281
0.0099029541015625 0.0421829223632813 -0.0183200836181641 -0.00696754455566406
-0.0254669189453125 0.0387344360351562 0.00109291076660156 -0.0202999114990234
-0.0527153015136719 0.0232925415039062 0.00585460662841797 0.00260734558105469
-0.0674896240234375 0.00432205200195312 -0.0210170745849609 0.0150775909423828
-0.0578041076660156 -0.01806640625 -0.0206794738769531 0.041412353515625
-0.0551567077636719 0.00752258300781249 -0.0351371765136719 0.0457267761230469
-0.0373344421386719 0.0265426635742187 -0.01409912109375 0.0508537292480469
-0.0137863159179687 0.0430717468261719 0.00907516479492188 0.0477676391601563
0.0126266479492187 0.0376396179199219 0.0228538513183594 0.0278682708740234
0.036895751953125 0.0233306884765625 0.0277366638183594 0.0125904083251953
0.04180908203125 0.00694656372070313 0.0158843994140625 0.00884056091308594
0.0359420776367188 0.0065155029296875 0.00498390197753906 0.0122509002685547
0.0400886535644531 0.00766754150390625 -0.00378990173339844 0.0190868377685547
0.0386772155761719 0.0183029174804688 -0.0131797790527344 0.0191249847412109
0.0231304168701172 0.0334644317626953 -0.024322509765625 0.00889396667480469
0.00365447998046875 0.0426826477050781 -0.0195941925048828 -0.00506782531738281
-0.0292720794677734 0.0326347351074219 -0.00253009796142578 -0.0126953125
-0.0513191223144531 0.0123558044433594 -0.00639533996582032 0.0117549896240234
-0.0626678466796875 -0.00799179077148439 -0.0393524169921875 0.0151214599609375
-0.0415458679199219 -0.0291481018066406 -0.0413093566894531 0.0324974060058594
-0.0491142272949219 -0.00908279418945313 -0.0536003112792969 0.0402679443359375
-0.040557861328125 0.0147438049316406 -0.0245704650878906 0.0488739013671875
-0.0230560302734375 0.0369453430175781 -0.000152587890624997 0.0413131713867188
0.003387451171875 0.0388145446777344 0.0114574432373047 0.0214576721191406
0.0308685302734375 0.0301361083984375 0.011683464050293 0.00994682312011719
0.0393409729003906 0.0138320922851563 -0.00102806091308593 0.00953197479248047
0.0340633392333984 0.0122337341308594 -0.00976371765136719 0.0135669708251953
0.0383758544921875 0.0135269165039062 -0.0169429779052734 0.0181026458740234
0.0348129272460938 0.0233573913574219 -0.0230884552001953 0.0153999328613281
0.0177650451660156 0.0352973937988281 -0.0280113220214844 0.00483131408691407
-0.00272750854492188 0.0412483215332031 -0.0196247100830078 -0.00627708435058593
-0.0332202911376953 0.0248565673828125 -0.00470733642578125 -0.00829362869262695
-0.048919677734375 -0.00103378295898438 -0.0162019729614258 0.0153846740722656
-0.0518341064453125 -0.02197265625 -0.0533485412597656 0.00975418090820313
-0.0162410736083984 -0.0337715148925781 -0.0534172058105469 0.0207138061523437
-0.0285701751708984 -0.0220470428466797 -0.0625190734863281 0.0314292907714844
-0.0307807922363281 -0.00249290466308594 -0.029815673828125 0.0433578491210937
-0.0260810852050781 0.0196590423583984 -0.00511932373046875 0.0323486328125
-0.00672721862792969 0.0298595428466797 0.00319766998291016 0.0119552612304688
0.0178260803222656 0.0305843353271484 -0.00266432762145996 0.00429153442382813
0.0296821594238281 0.0196819305419922 -0.0168037414550781 0.0080862045288086
0.0267581939697266 0.0159721374511719 -0.0240440368652344 0.0138645172119141
0.0308475494384766 0.0171890258789063 -0.0291080474853516 0.0164165496826172
0.0278263092041016 0.0252246856689453 -0.0326862335205078 0.0110607147216797
0.0116825103759766 0.0335826873779297 -0.0320358276367188 -0.000661849975585935
-0.00801467895507813 0.03680419921875 -0.0206089019775391 -0.0100574493408203
-0.0352706909179688 0.0165901184082031 -0.00600624084472656 -0.00816106796264648
-0.0430183410644531 -0.0132217407226563 -0.0235443115234375 0.0131072998046875
-0.037567138671875 -0.0339126586914063 -0.0636444091796875 0.00065231323242187
0.0114631652832031 -0.0337409973144531 -0.0525131225585938 0.00959396362304687
-0.00209808349609375 -0.0307788848876953 -0.0607070922851562 0.02374267578125
-0.0139980316162109 -0.0186500549316406 -0.0285606384277344 0.0378227233886719
-0.0229892730712891 -0.00182723999023438 -0.00509071350097656 0.0239334106445313
-0.0153303146362305 0.0141916275024414 -0.000244617462158204 0.00387263298034668
0.00156211853027344 0.0259284973144531 -0.0119771957397461 -0.00238800048828125
0.0151634216308594 0.0217266082763672 -0.0275688171386719 0.00355148315429688
0.016021728515625 0.0168991088867188 -0.0343284606933594 0.0112495422363281
0.019744873046875 0.0176734924316406 -0.0391807556152344 0.0132484436035156
0.0174598693847656 0.0229873657226563 -0.0408477783203125 0.00437927246093751
0.00563430786132812 0.0278778076171875 -0.036651611328125 -0.00663375854492187
-0.0111217498779297 0.0285797119140625 -0.0223484039306641 -0.0159397125244141
-0.0331134796142578 0.00787925720214844 -0.00905227661132813 -0.0117940902709961
-0.0319881439208984 -0.0229301452636719 -0.0295944213867188 0.00438690185546875
-0.0183601379394531 -0.0420989990234375 -0.0661888122558594 -0.0125198364257812
-0.0125961303710937 0.0354118347167969 0.065093994140625 0.0184745788574219
0.0237560272216797 0.0275344848632813 0.0310916900634766 0.00906944274902344
0.024566650390625 -0.00467681884765625 0.0101757049560547 0.018096923828125
0.0119905471801758 -0.0161590576171875 0.0252895355224609 0.0294971466064453
0.00101089477539062 -0.01824951171875 0.0429534912109375 0.018218994140625
-0.0107345581054688 -0.02008056640625 0.0508842468261719 -0.00181961059570313
-0.009674072265625 -0.0155258178710938 0.0494384765625 -0.0125312805175781
-0.00678539276123047 -0.014984130859375 0.0409507751464844 -0.010406494140625
-0.0031280517578125 -0.0224113464355469 0.0319652557373047 -6.67572021484389E-05
0.0129222869873047 -0.0192756652832031 0.0184459686279297 0.00738525390625
0.0263156890869141 -0.00320053100585937 -7.9065561294554E-05 -0.000521659851074219
0.022918701171875 0.0155277252197266 0.00287628173828125 -0.0175247192382813
0.001312255859375 0.0337047576904297 0.0318870544433594 -0.0324115753173828
-0.020904541015625 0.0399703979492188 0.0576515197753906 -0.0195693969726563
-0.0377922058105469 0.0318794250488281 0.04425048828125 0.00231552124023438
-0.0362358093261719 0.028717041015625 0.0557518005371094 0.0324974060058594
-0.000255584716796873 0.0332374572753906 0.0257282257080078 0.0225200653076172
0.0112524032592773 0.00975704193115234 0.0103359222412109 0.0282478332519531
0.0107603073120117 0.00207042694091797 0.0277175903320312 0.0373001098632813
0.00905418395996094 -0.00383186340332031 0.0456390380859375 0.0243301391601563
0.00658607482910156 -0.012176513671875 0.0550689697265625 0.00288009643554687
0.00825119018554688 -0.0135564804077148 0.0521888732910156 -0.0071563720703125
0.00963592529296875 -0.0114965438842773 0.0417709350585938 -0.00501251220703125
0.0144710540771484 -0.0169363021850586 0.0306034088134766 0.00567245483398438
0.0272998809814453 -0.00819015502929688 0.0158910751342773 0.0129032135009766
0.0312480926513672 0.0120334625244141 -0.00469684600830078 0.00445222854614258
0.0199680328369141 0.0313892364501953 -0.00493335723876953 -0.0129842758178711
-0.0130615234375 0.0418243408203125 0.0206489562988281 -0.0309696197509766
-0.0412406921386719 0.0390815734863281 0.0426101684570313 -0.0147972106933594
-0.058013916015625 0.0263633728027344 0.02606201171875 0.00963973999023438
-0.0565528869628906 0.0155868530273437 0.036529541015625 0.0436210632324219
-0.0274009704589844 0.0329780578613281 0.01116943359375 0.0361289978027344
-0.00671768188476562 0.0245132446289063 0.00706863403320313 0.03900146484375
0.00593376159667969 0.0232048034667969 0.0261650085449219 0.0452041625976563
0.0165643692016602 0.0133600234985352 0.0441246032714844 0.0293922424316406
0.0239715576171875 -0.00108909606933594 0.0536880493164063 0.00745391845703125
0.0261459350585937 -0.00904083251953125 0.0474739074707031 -0.00124359130859375
0.0250320434570312 -0.00666999816894531 0.0352897644042969 0.000453948974609375
0.0304393768310547 -0.00959968566894531 0.0232753753662109 0.0111217498779297
0.0373611450195312 0.0021209716796875 0.00896167755126953 0.0172863006591797
0.0328903198242188 0.0241432189941406 -0.0111732482910156 0.00777149200439453
0.0170478820800781 0.0408935546875 -0.0121145248413086 -0.00889396667480468
-0.0209426879882812 0.0450248718261719 0.0101737976074219 -0.0269412994384766
-0.0529899597167969 0.0353736877441406 0.0248470306396484 -0.00657463073730469
-0.0703811645507813 0.0184707641601562 0.00445365905761718 0.0146646499633789
-0.0670127868652344 -0.00111389160156251 0.0101814270019531 0.048675537109375
-0.0506591796875 0.0245475769042969 -0.00904464721679688 0.0457191467285156
-0.0265350341796875 0.0324935913085937 -0.00144195556640625 0.0480499267578125
-0.00297164916992187 0.0408859252929688 0.0199851989746094 0.0501289367675781
0.0186595916748047 0.0306739807128906 0.0366325378417969 0.0315093994140625
0.0364227294921875 0.01190185546875 0.0453605651855469 0.0113029479980469
0.0397453308105469 -0.0020599365234375 0.0354080200195312 0.00434112548828125
0.0358009338378906 -0.000270843505859375 0.0230369567871094 0.00625991821289063
0.0404739379882813 -0.00117874145507812 0.0123167037963867 0.0150671005249023
0.0431404113769531 0.0110015869140625 3.81469726562508E-05 0.0191001892089844
0.0314655303955078 0.0317401885986328 -0.0170364379882812 0.00995540618896485
0.0126533508300781 0.0457496643066406 -0.0167446136474609 -0.00568962097167968
-0.0257377624511719 0.0437660217285156 0.0022430419921875 -0.0199832916259766
-0.0570297241210938 0.0282058715820312 0.0093698501586914 0.00369644165039063
-0.0730667114257813 0.00817108154296876 -0.0172557830810547 0.0178756713867187
-0.06512451171875 -0.0170135498046875 -0.0182380676269531 0.046051025390625
-0.0616073608398437 0.0102386474609375 -0.0336380004882813 0.0485420227050781
-0.0411529541015625 0.03021240234375 -0.0135726928710937 0.0524940490722656
-0.0143966674804687 0.0491065979003906 0.0107269287109375 0.0495758056640625
0.0150489807128906 0.0418319702148438 0.0252609252929688 0.0289459228515625
0.040985107421875 0.0238723754882812 0.0303268432617188 0.0114307403564453
0.0459442138671875 0.00492477416992188 0.0182323455810547 0.00800514221191406
0.0403518676757813 0.00579071044921875 0.00704383850097657 0.01068115234375
0.0454826354980469 0.00609588623046875 -0.00135421752929687 0.0177745819091797
0.0440101623535156 0.0183486938476563 -0.0109596252441406 0.0183658599853516
0.0283660888671875 0.0368614196777344 -0.0223026275634766 0.00858116149902343
0.006622314453125 0.0475349426269531 -0.0180683135986328 -0.00454139709472656
-0.0311431884765625 0.0376319885253906 -0.000837326049804691 -0.0126914978027344
-0.0580101013183594 0.016754150390625 -0.00410842895507813 0.0129556655883789
-0.0692977905273438 -0.00559997558593749 -0.0379714965820313 0.0177192687988281
-0.0494041442871094 -0.0303306579589844 -0.041748046875 0.0372238159179688
-0.0564231872558594 -0.007904052734375 -0.0537071228027344 0.0444145202636719
-0.0452461242675781 0.0178375244140625 -0.0240554809570313 0.0508499145507813
-0.0241355895996094 0.042724609375 0.000362396240234373 0.0429649353027344
0.00624465942382812 0.0434799194335938 0.0120372772216797 0.0216960906982422
0.0358428955078125 0.0314254760742188 0.0133228302001953 0.00944137573242188
0.0445022583007813 0.0124244689941406 -0.000470161437988278 0.00956249237060547
0.0387611389160156 0.0111732482910156 -0.00952911376953125 0.0135469436645508
0.0436935424804688 0.0120315551757813 -0.0163822174072266 0.0181026458740234
0.0410003662109375 0.0233345031738281 -0.0221576690673828 0.0149269104003906
0.022674560546875 0.0384902954101563 -0.0274181365966797 0.00467109680175782
-0.000205993652343752 0.0460662841796875 -0.0189342498779297 -0.00669288635253906
-0.0357742309570313 0.0303573608398437 -0.00345420837402344 -0.00879669189453125
-0.0556068420410156 0.00292587280273437 -0.0147590637207031 0.0168256759643555
-0.0593147277832031 -0.0203361511230469 -0.0541152954101563 0.0124282836914063
-0.0227928161621094 -0.0368690490722656 -0.0564155578613281 0.0248985290527344
-0.0349845886230469 -0.0226631164550781 -0.0654487609863281 0.0357170104980469
-0.0358657836914063 -0.000488281249999997 -0.0296783447265625 0.045623779296875
-0.0282669067382813 0.02490234375 -0.00579833984375 0.0334949493408203
-0.0051422119140625 0.0342617034912109 0.0020294189453125 0.0128412246704102
0.0232925415039062 0.0324058532714844 -0.00333952903747558 0.00407218933105469
0.0348358154296875 0.0186328887939453 -0.0175390243530273 0.00858879089355469
0.0315647125244141 0.0149593353271484 -0.0249423980712891 0.0149555206298828
0.0360641479492187 0.0155906677246094 -0.0302810668945312 0.0169677734375
0.0333690643310547 0.0251560211181641 -0.0333042144775391 0.0109157562255859
0.0164985656738281 0.036163330078125 -0.0333938598632813 -0.00149154663085937
-0.00577163696289063 0.0415992736816406 -0.0204792022705078 -0.0111885070800781
-0.0374488830566406 0.02099609375 -0.00508785247802734 -0.00866031646728515
-0.0489692687988281 -0.0104713439941406 -0.0237064361572266 0.0157756805419922
-0.0448570251464844 -0.0335845947265625 -0.0665092468261719 0.00322723388671875
0.00732040405273437 -0.0373878479003906 -0.0572624206542969 0.0132064819335938
-0.00725936889648438 -0.0329647064208984 -0.0638008117675781 0.026824951171875
-0.0186328887939453 -0.0184078216552734 -0.0287208557128906 0.0393714904785156
-0.0257701873779297 0.0020599365234375 -0.00624465942382813 0.02410888671875
-0.0147457122802734 0.0185070037841797 -0.00196981430053711 0.00377178192138672
0.00576972961425781 0.0278072357177734 -0.0143013000488281 -0.00178432464599609
0.0195426940917969 0.021087646484375 -0.0303058624267578 0.00551223754882812
0.0196533203125 0.0163345336914063 -0.036895751953125 0.0141868591308594
0.0237026214599609 0.0167407989501953 -0.0417633056640625 0.0151710510253906
0.0217857360839844 0.0231590270996094 -0.0435142517089844 0.00498199462890626
0.00886917114257812 0.0303440093994141 -0.0391807556152344 -0.0071563720703125
-0.00925254821777344 0.0325927734375 -0.0233592987060547 -0.0166645050048828
-0.0346450805664063 0.0119857788085938 -0.0087127685546875 -0.012171745300293
-0.0375175476074219 -0.02142333984375 -0.0309867858886719 0.00732612609863281
-0.0243797302246094 -0.042999267578125 -0.07171630859375 -0.011505126953125
-0.00912857055664063 0.0373001098632812 0.07220458984375 0.0158004760742188
0.0279750823974609 0.0253467559814453 0.0340919494628906 0.00672721862792969
0.0243797302246094 -0.00758552551269531 0.0107192993164063 0.0183219909667969
0.0109844207763672 -0.0179843902587891 0.0283908843994141 0.0306358337402344
-0.00139045715332031 -0.0188579559326172 0.0479202270507813 0.018768310546875
-0.0142631530761719 -0.0187168121337891 0.0554275512695313 -0.00361251831054688
-0.011937141418457 -0.0142431259155273 0.0539436340332031 -0.0164451599121094
-0.00843429565429688 -0.0137863159179688 0.0445823669433594 -0.0144119262695313
-0.00685882568359375 -0.0221767425537109 0.0359115600585938 -0.00421905517578125
0.0110664367675781 -0.0215797424316406 0.0231685638427734 0.00548171997070312
0.0265464782714844 -0.00671005249023437 0.00307869911193848 1.40666961669918E-05
0.0254249572753906 0.0133991241455078 0.00434589385986328 -0.0168781280517578
0.00539779663085938 0.0352363586425781 0.0331172943115234 -0.0345420837402344
-0.01678466796875 0.04443359375 0.061431884765625 -0.0244216918945313
-0.0357131958007813 0.0376243591308594 0.0511398315429688 3.43322753906273E-05
-0.0367507934570313 0.0317726135253906 0.0640678405761719 0.0316886901855469
0.001190185546875 0.0335769653320313 0.0293407440185547 0.0207061767578125
0.0106058120727539 0.00942420959472656 0.0117359161376953 0.0284500122070312
0.0103797912597656 0.00193214416503906 0.0309486389160156 0.039459228515625
0.00852775573730469 -0.00331592559814453 0.0503997802734375 0.0239524841308594
0.00513553619384766 -0.0114898681640625 0.0608367919921875 0.000598907470703124
0.00835227966308594 -0.0137462615966797 0.0572853088378906 -0.0117301940917969
0.0101203918457031 -0.0124273300170898 0.0458412170410156 -0.0099334716796875
0.0141582489013672 -0.0182552337646484 0.0352516174316406 0.00169754028320312
0.0278110504150391 -0.00987434387207031 0.0209560394287109 0.0116062164306641
0.033203125 0.0107631683349609 -0.001007080078125 0.00523805618286133
0.0231647491455078 0.0313091278076172 -0.00327587127685547 -0.0119457244873047
-0.0106163024902344 0.045684814453125 0.0215740203857422 -0.0321083068847656
-0.0407142639160156 0.04510498046875 0.0467453002929688 -0.0180244445800781
-0.0594520568847656 0.0328216552734375 0.0330390930175781 0.00858688354492188
-0.0605697631835938 0.0191078186035156 0.044219970703125 0.0441513061523438
-0.0291595458984375 0.0359039306640625 0.0155105590820313 0.0357246398925781
-0.00812149047851563 0.0260639190673828 0.00867843627929687 0.0400581359863281
0.0063629150390625 0.0255775451660156 0.0299606323242187 0.0476951599121094
0.0181121826171875 0.0148963928222656 0.0489501953125 0.0296974182128906
0.0254554748535156 -0.000719070434570313 0.0588417053222656 0.00491714477539063
0.0284748077392578 -0.0106868743896484 0.0523796081542969 -0.00584030151367188
0.02716064453125 -0.007781982421875 0.0391387939453125 -0.00337600708007813
0.0325679779052734 -0.0114364624023438 0.0279312133789063 0.00777435302734375
0.0407257080078125 0.0004730224609375 0.0139284133911133 0.0159339904785156
0.0368423461914063 0.0239486694335938 -0.00771474838256836 0.00859689712524414
0.0206375122070312 0.0435295104980469 -0.00985145568847656 -0.00781917572021484
-0.0199127197265625 0.0505714416503906 0.0112590789794922 -0.0277996063232422
-0.0552902221679688 0.0429000854492187 0.0286903381347656 -0.00850677490234375
-0.074554443359375 0.0247650146484375 0.0101289749145508 0.0157642364501953
-0.0746536254882813 0.0027008056640625 0.0166091918945312 0.0514793395996094
-0.0550727844238281 0.0296783447265625 -0.00611495971679688 0.047515869140625
-0.028717041015625 0.0366401672363281 0.000247955322265624 0.0498580932617188
-0.001373291015625 0.0454635620117187 0.0238037109375 0.0527725219726563
0.0220184326171875 0.0331764221191406 0.0411529541015625 0.0316238403320313
0.0405693054199219 0.0116233825683594 0.0496864318847656 0.00840377807617188
0.0434608459472656 -0.00487899780273437 0.0398445129394531 0.00102615356445312
0.0396232604980469 -0.00216293334960938 0.0263271331787109 0.00326347351074219
0.0452690124511719 -0.0037841796875 0.0153036117553711 0.0130958557128906
0.0479164123535156 0.00941848754882813 0.00382232666015625 0.0178070068359375
0.0371627807617188 0.0327491760253906 -0.014246940612793 0.00976085662841797
0.0169868469238281 0.0498619079589844 -0.0145273208618164 -0.00410270690917969
-0.0264930725097656 0.0499534606933594 0.00313568115234375 -0.0205574035644531
-0.0616569519042969 0.0356712341308594 0.0124778747558594 0.00280380249023438
-0.0793914794921875 0.0137252807617187 -0.013702392578125 0.0201148986816406
-0.0743637084960938 -0.0148696899414062 -0.0150108337402344 0.0504531860351563
-0.0684089660644531 0.0151100158691406 -0.0316429138183594 0.0520515441894531
-0.045379638671875 0.0364456176757813 -0.0118827819824219 0.0547599792480469
-0.0127525329589844 0.0553436279296875 0.0128669738769531 0.0523757934570313
0.0193328857421875 0.0460319519042969 0.0279827117919922 0.0291862487792969
0.0472564697265625 0.0233650207519531 0.0335712432861328 0.00979042053222656
0.0514335632324219 0.00217437744140625 0.0209560394287109 0.00644874572753906
0.0456428527832031 0.00350189208984375 0.00862884521484375 0.00972747802734375
0.0515060424804688 0.0032196044921875 -0.000172615051269529 0.0169305801391602
0.0504379272460937 0.017059326171875 -0.00874519348144531 0.0180606842041016
0.0340843200683594 0.0385513305664062 -0.0212249755859375 0.00870132446289063
0.0107536315917969 0.052581787109375 -0.0171918869018555 -0.00451946258544921
-0.0325279235839844 0.0449676513671875 3.33786010742178E-05 -0.0138530731201172
-0.0634918212890625 0.0235366821289062 -0.000897407531738284 0.0140190124511719
-0.0772018432617188 -0.000434875488281235 -0.0367240905761719 0.02093505859375
-0.0580825805664063 -0.0299644470214844 -0.0415267944335938 0.0431022644042969
-0.0647354125976563 -0.00415802001953125 -0.0540351867675781 0.0491905212402344
-0.050201416015625 0.0231552124023438 -0.0232925415039063 0.0536880493164063
-0.0238418579101562 0.0496788024902344 0.00146865844726563 0.0458030700683594
0.00999450683593751 0.0480308532714844 0.0129566192626953 0.0225429534912109
0.0432548522949219 0.0314521789550781 0.0141229629516602 0.00836467742919922
0.0502243041992187 0.00952911376953125 0.00046348571777344 0.00992679595947266
0.044403076171875 0.00831222534179688 -0.00951957702636719 0.0139036178588867
0.0501823425292969 0.00893783569335937 -0.0164222717285156 0.0188350677490234
0.0476455688476563 0.0220069885253906 -0.0218944549560547 0.0149078369140625
0.0287857055664063 0.0412254333496094 -0.0276813507080078 0.00460815429687501
0.00424194335937499 0.0516891479492188 -0.0187778472900391 -0.0066070556640625
-0.0374755859375 0.03680419921875 -0.00228500366210938 -0.00926494598388672
-0.0622100830078125 0.0088348388671875 -0.0128002166748047 0.0190811157226563
-0.0680999755859375 -0.0169601440429687 -0.0555458068847656 0.016357421875
-0.0300636291503906 -0.0383949279785156 -0.059295654296875 0.0306434631347656
-0.04315185546875 -0.0213508605957031 -0.0675163269042969 0.0414848327636719
-0.0414009094238281 0.00299453735351562 -0.029632568359375 0.0480270385742188
-0.0295543670654297 0.0310306549072266 -0.00531005859375 0.0354080200195313
-0.00226593017578125 0.0387496948242188 0.0018157958984375 0.0125141143798828
0.0296382904052734 0.0335330963134766 -0.00435209274291992 0.00462627410888672
0.040283203125 0.0155105590820313 -0.0192699432373047 0.0103378295898438
0.0367050170898438 0.0124435424804688 -0.0263214111328125 0.0170841217041016
0.042144775390625 0.0135574340820313 -0.0320014953613281 0.0195369720458984
0.0397415161132813 0.0235862731933594 -0.0354804992675781 0.0114898681640625
0.0214576721191406 0.0385093688964844 -0.03509521484375 -0.00111770629882812
-0.00156021118164062 0.0466156005859375 -0.0214786529541016 -0.0119304656982422
-0.0396614074707031 0.0272483825683594 -0.00466728210449219 -0.00914764404296875
-0.0561370849609375 -0.005401611328125 -0.0229434967041016 0.0187168121337891
-0.0530166625976563 -0.0317497253417969 -0.0702171325683594 0.00668716430664063
0.00250244140625 -0.0411834716796875 -0.0627174377441406 0.0176658630371094
-0.0134468078613281 -0.0341281890869141 -0.0677757263183594 0.0320358276367187
-0.0235080718994141 -0.0175285339355469 -0.029205322265625 0.0419044494628906
-0.0285301208496094 0.0064239501953125 -0.0069732666015625 0.0249385833740234
-0.013427734375 0.02264404296875 -0.00400757789611816 0.00363445281982422
0.0109291076660156 0.0293521881103516 -0.0176162719726563 -0.000799179077148437
0.0239620208740234 0.0194606781005859 -0.0332393646240234 0.00856399536132813
0.0236301422119141 0.0145244598388672 -0.0393180847167969 0.0175018310546875
0.0283946990966797 0.0150203704833984 -0.045074462890625 0.0184593200683594
0.0270538330078125 0.0218734741210938 -0.0467910766601562 0.006591796875
0.0134906768798828 0.0318393707275391 -0.0423126220703125 -0.00772857666015625
-0.0056610107421875 0.0361862182617188 -0.0250873565673828 -0.0176277160644531
-0.036590576171875 0.0163841247558594 -0.00853061676025391 -0.0129156112670898
-0.0436935424804688 -0.0182151794433594 -0.0320262908935547 0.0102558135986328
-0.0312423706054688 -0.0429306030273438 -0.0780029296875 -0.00869750976562501
-0.00543594360351563 0.0390701293945313 0.0791702270507813 0.0100173950195313
0.0314311981201172 0.0222930908203125 0.0363616943359375 0.0022735595703125
0.0239295959472656 -0.0107288360595703 0.0116615295410156 0.0187492370605469
0.00825119018554687 -0.0201435089111328 0.0320587158203125 0.0312404632568359
-0.00465965270996094 -0.0193614959716797 0.0530891418457031 0.0176048278808594
-0.0182819366455078 -0.016357421875 0.0606231689453125 -0.008026123046875
-0.0144433975219727 -0.0122947692871094 0.0573692321777344 -0.0240478515625
-0.0102901458740234 -0.012507438659668 0.0469322204589844 -0.0205535888671875
-0.00937652587890625 -0.0216407775878906 0.0392646789550781 -0.00949478149414063
0.00782012939453125 -0.0229244232177734 0.0269432067871094 0.00275611877441406
0.0265235900878906 -0.0106639862060547 0.00635290145874024 -0.000566959381103516
0.0271091461181641 0.0102043151855469 0.00602436065673828 -0.0174541473388672
0.0101432800292969 0.0353622436523438 0.0327568054199219 -0.0374794006347656
-0.011016845703125 0.0484809875488281 0.0640373229980469 -0.0315132141113281
-0.0315742492675781 0.043487548828125 0.0576591491699219 -0.00500106811523437
-0.0361862182617187 0.0356330871582031 0.0725631713867188 0.02703857421875
0.0034332275390625 0.0346183776855469 0.0334796905517578 0.0171890258789063
0.0115232467651367 0.00954437255859375 0.0138912200927734 0.0288047790527344
0.00948619842529297 0.00295734405517578 0.03582763671875 0.0400962829589844
0.00792884826660156 -0.0039677619934082 0.0567703247070313 0.0217781066894531
0.00441169738769531 -0.0104751586914063 0.0657577514648438 -0.00461959838867188
0.00753021240234375 -0.0145387649536133 0.0617027282714844 -0.0193252563476563
0.0103063583374023 -0.0126657485961914 0.0484848022460938 -0.016632080078125
0.013519287109375 -0.0191268920898438 0.0394859313964844 -0.00420761108398438
0.0278224945068359 -0.0122108459472656 0.026275634765625 0.00770378112792969
0.0358352661132813 0.0082855224609375 0.00231170654296875 0.00490760803222656
0.0267906188964844 0.0310077667236328 -0.00120830535888672 -0.0111770629882812
-0.006500244140625 0.0493736267089844 0.0216579437255859 -0.0344219207763672
-0.0380783081054688 0.0521507263183594 0.0495758056640625 -0.0236396789550781
-0.0593338012695313 0.0410957336425781 0.039794921875 0.00562286376953125
-0.0635833740234375 0.02508544921875 0.05303955078125 0.0428009033203125
-0.0291862487792969 0.0401229858398438 0.0203666687011719 0.0342388153076172
-0.00839805603027344 0.0298099517822266 0.0115165710449219 0.0409164428710938
0.00878334045410156 0.0280055999755859 0.0355415344238281 0.0486297607421875
0.0196914672851563 0.0154819488525391 0.0552520751953125 0.0271720886230469
0.0266456604003906 -0.00259208679199219 0.0647659301757812 -0.000385284423828125
0.0294933319091797 -0.0135154724121094 0.0558967590332031 -0.01251220703125
0.0296516418457031 -0.010040283203125 0.0419387817382813 -0.0100135803222656
0.0340385437011719 -0.0144233703613281 0.0318126678466797 0.00278854370117187
0.0436859130859375 -0.0027313232421875 0.0186729431152344 0.01300048828125
0.0423088073730469 0.0221939086914063 -0.00423717498779297 0.00818634033203125
0.02606201171875 0.0447044372558594 -0.00820684432983398 -0.00681304931640625
-0.01708984375 0.0564537048339844 0.0107021331787109 -0.0291194915771484
-0.0555229187011719 0.05181884765625 0.0320415496826172 -0.0119647979736328
-0.0773239135742188 0.03387451171875 0.0163078308105469 0.0147104263305664
-0.0810623168945313 0.00937652587890624 0.0245399475097656 0.05303955078125
-0.0586433410644531 0.0368537902832031 -0.00189590454101563 0.0487480163574219
-0.0294837951660156 0.04296875 0.0029449462890625 0.0509490966796875
0.00164413452148437 0.0506858825683594 0.0285148620605469 0.0544166564941406
0.0269050598144531 0.0352439880371094 0.045806884765625 0.0304756164550781
0.0449867248535156 0.009429931640625 0.0539093017578125 0.0037384033203125
0.0468101501464844 -0.00946807861328125 0.0424118041992188 -0.00416183471679688
0.0438766479492188 -0.0056915283203125 0.0285816192626953 -0.00112724304199219
0.0492820739746094 -0.00868606567382813 0.0188827514648438 0.00934028625488281
0.0537338256835937 0.0059661865234375 0.00739669799804688 0.0152206420898438
0.0434532165527344 0.0328788757324219 -0.0117053985595703 0.0101833343505859
0.0233917236328125 0.0528221130371094 -0.0131282806396484 -0.0043792724609375
-0.0247917175292969 0.0573158264160156 0.00352096557617187 -0.0218524932861328
-0.0632286071777344 0.0454559326171875 0.0162210464477539 0.000880241394042972
-0.0852890014648438 0.0230026245117188 -0.00894546508789063 0.0215473175048828
-0.08404541015625 -0.00912475585937501 -0.00992202758789063 0.0543556213378906
-0.0752487182617188 0.0236358642578125 -0.0287818908691406 0.0560989379882813
-0.0467910766601563 0.0446052551269531 -0.0092620849609375 0.0574455261230469
-0.00888824462890624 0.062744140625 0.0172004699707031 0.0541725158691406
0.0253982543945312 0.0489006042480469 0.0321369171142578 0.0286769866943359
0.0532073974609375 0.0209312438964844 0.036163330078125 0.006561279296875
0.0566520690917969 -0.00334930419921875 0.0229606628417969 0.00412368774414063
0.0512351989746094 -0.001068115234375 0.0103340148925781 0.00737762451171875
0.0566482543945312 -0.00260543823242187 0.001708984375 0.015350341796875
0.0574684143066406 0.013031005859375 -0.00662326812744141 0.0171661376953125
0.0423126220703125 0.039215087890625 -0.0201759338378906 0.00861930847167969
0.0173187255859375 0.0565986633300781 -0.0163154602050781 -0.00322818756103515
-0.0319137573242188 0.0517463684082031 0.000328063964843747 -0.0146570205688477
-0.0678215026855469 0.0331573486328125 0.00207710266113281 0.0135221481323242
-0.0843429565429688 0.00794219970703123 -0.0337810516357422 0.0242195129394531
-0.0675277709960937 -0.026153564453125 -0.0401115417480469 0.0492935180664063
-0.0727462768554688 0.00334167480468749 -0.0526084899902344 0.0555343627929688
-0.0539894104003906 0.0308914184570313 -0.021026611328125 0.0575103759765625
-0.020965576171875 0.0577888488769531 0.00453948974609375 0.0481224060058594
0.016357421875 0.0522918701171875 0.0149593353271484 0.0224246978759766
0.05059814453125 0.0293235778808594 0.0149631500244141 0.00715351104736328
0.0557136535644531 0.00439834594726563 0.00106906890869141 0.00975608825683594
0.04986572265625 0.00354766845703125 -0.0090484619140625 0.0148677825927734
0.0563163757324219 0.0039215087890625 -0.0168380737304687 0.0193824768066406
0.0542945861816406 0.0181846618652344 -0.02215576171875 0.0151958465576172
0.0368537902832031 0.0413284301757813 -0.0282840728759766 0.0047435760498047
0.0108871459960937 0.0558967590332031 -0.0186119079589844 -0.00656890869140625
-0.0373420715332031 0.045196533203125 -0.00220108032226563 -0.0104799270629883
-0.0680770874023437 0.0179786682128906 -0.0100212097167969 0.0209922790527344
-0.0764083862304687 -0.00972747802734376 -0.0548934936523438 0.0214157104492188
-0.038421630859375 -0.0378036499023438 -0.0609779357910156 0.0375137329101563
-0.0514030456542969 -0.0173873901367187 -0.0682029724121094 0.0487861633300781
-0.0458145141601563 0.00861358642578126 -0.0285148620605469 0.0516738891601563
-0.0286026000976563 0.0383682250976562 -0.00435638427734376 0.0372200012207031
0.00276947021484375 0.0436210632324219 0.00203704833984375 0.0131435394287109
0.0363006591796875 0.0315361022949219 -0.00511598587036133 0.00489377975463867
0.0460929870605469 0.0112228393554688 -0.0196628570556641 0.0137939453125
0.0417709350585938 0.00798416137695313 -0.0273170471191406 0.0202369689941406
0.0471534729003906 0.00807571411132813 -0.0330810546875 0.0234470367431641
0.0469970703125 0.0200614929199219 -0.0373344421386719 0.0138664245605469
0.0284652709960937 0.0393028259277344 -0.0380821228027344 -0.000179290771484369
0.00425720214843751 0.0506477355957031 -0.0224399566650391 -0.011993408203125
-0.0400924682617188 0.0344772338867187 -0.00499153137207032 -0.0109996795654297
-0.062469482421875 0.00132369995117186 -0.0214595794677734 0.0212726593017578
-0.0620155334472656 -0.0273361206054687 -0.0732040405273438 0.012237548828125
-0.00373458862304687 -0.0439186096191406 -0.066925048828125 0.0252876281738281
-0.0208683013916016 -0.0339374542236328 -0.06982421875 0.0387840270996094
-0.0295181274414062 -0.0147724151611328 -0.0283088684082031 0.0446014404296875
-0.0296077728271484 0.0121192932128906 -0.0083160400390625 0.0265693664550781
-0.0107879638671875 0.0264720916748047 -0.0065755844116211 0.00464820861816407
0.0164680480957031 0.029144287109375 -0.0197906494140625 0.001617431640625
0.0284271240234375 0.0161113739013672 -0.0349674224853516 0.0131969451904297
0.0261650085449219 0.0115718841552734 -0.0413970947265625 0.0231704711914062
0.0328025817871094 0.0117511749267578 -0.0474281311035156 0.0233421325683594
0.0325469970703125 0.0191097259521484 -0.0504875183105469 0.00965881347656249
0.0187625885009766 0.0320243835449219 -0.0463066101074219 -0.00547027587890625
-0.0010528564453125 0.0395469665527344 -0.0277690887451172 -0.0184402465820312
-0.0368385314941406 0.0217323303222656 -0.009796142578125 -0.0141229629516602
-0.0498847961425781 -0.0127182006835937 -0.0324172973632813 0.01409912109375
-0.039154052734375 -0.040496826171875 -0.0837631225585938 -0.00311279296874999
-0.000415802001953123 0.0385665893554687 0.0842361450195312 0.00151824951171875
0.0332565307617188 0.0177955627441406 0.0377845764160156 -0.003509521484375
0.0222816467285156 -0.0147209167480469 0.0126323699951172 0.0186023712158203
0.00507164001464844 -0.0214595794677734 0.0360145568847656 0.0297660827636719
-0.00751209259033203 -0.0170717239379883 0.0576858520507813 0.0122451782226562
-0.0201206207275391 -0.0130691528320313 0.0630950927734375 -0.0157546997070313
-0.0155096054077148 -0.00896930694580078 0.0571861267089844 -0.0317192077636719
-0.0121192932128906 -0.010828971862793 0.0469703674316406 -0.0279083251953125
-0.0129051208496094 -0.0192470550537109 0.0407829284667969 -0.0176162719726562
0.00424957275390625 -0.0236434936523438 0.0307579040527344 -0.00257110595703125
0.0245399475097656 -0.0143451690673828 0.00982952117919922 -0.00201320648193359
0.0291233062744141 0.00700569152832031 0.00602149963378907 -0.0183887481689453
0.0157489776611328 0.0346145629882812 0.0311012268066406 -0.0398368835449219
-0.00432968139648438 0.0510902404785156 0.0641822814941406 -0.038787841796875
-0.026580810546875 0.048126220703125 0.0618743896484375 -0.013336181640625
-0.033538818359375 0.0390739440917969 0.0783615112304687 0.0191421508789063
0.00581169128417969 0.0343341827392578 0.0354461669921875 0.0122489929199219
0.00946235656738281 0.00954246520996094 0.0154991149902344 0.0278224945068359
0.00966930389404297 0.00193214416503906 0.0402870178222656 0.0384902954101562
0.00822734832763672 -0.00408506393432617 0.0614852905273438 0.0179939270019531
0.00339698791503906 -0.0100870132446289 0.0676002502441406 -0.0118141174316406
0.00724697113037109 -0.0142593383789063 0.0613288879394531 -0.028411865234375
0.00944614410400391 -0.0138826370239258 0.0480270385742188 -0.0237045288085937
0.0118083953857422 -0.0203800201416016 0.0412483215332031 -0.011322021484375
0.0270767211914063 -0.0153331756591797 0.0293445587158203 0.00330543518066406
0.0362892150878906 0.0041046142578125 0.0062255859375 0.00297307968139648
0.0311412811279297 0.0279827117919922 0.000554084777832034 -0.0119848251342773
-0.00054550170898437 0.0501365661621094 0.0203437805175781 -0.0368576049804688
-0.03167724609375 0.0580253601074219 0.0502815246582031 -0.0311050415039062
-0.0556755065917969 0.0478019714355469 0.0453758239746094 -0.000308990478515622
-0.0647201538085937 0.0318641662597656 0.0608482360839844 0.0381393432617187
-0.0273895263671875 0.0445480346679688 0.0241069793701172 0.0308780670166016
-0.00591468811035156 0.0315742492675781 0.0143661499023438 0.0402450561523438
0.0108146667480469 0.0294551849365234 0.0402984619140625 0.0474166870117187
0.0220184326171875 0.0153312683105469 0.0611915588378906 0.0237159729003906
0.0283565521240234 -0.00431442260742188 0.0667037963867187 -0.00775146484375
0.0291881561279297 -0.0163135528564453 0.0574378967285156 -0.0208473205566406
0.0295391082763672 -0.0138607025146484 0.0419425964355469 -0.0171699523925781
0.0339298248291016 -0.0181026458740234 0.0336036682128906 -0.00405502319335938
0.0446891784667969 -0.00825119018554688 0.0219478607177734 0.00891304016113281
0.0456657409667969 0.018798828125 -0.00024604797363281 0.0065608024597168
0.0319366455078125 0.0438117980957031 -0.00480461120605468 -0.00732898712158203
-0.0110816955566406 0.0611763000488281 0.00963211059570312 -0.0298900604248047
-0.0513916015625 0.0605926513671875 0.0333118438720703 -0.01727294921875
-0.07623291015625 0.0437850952148438 0.0224456787109375 0.0118312835693359
-0.085601806640625 0.018402099609375 0.031585693359375 0.0507240295410156
-0.0584182739257812 0.0454254150390625 0.0046234130859375 0.0476875305175781
-0.0280075073242188 0.0489501953125 0.00676727294921875 0.0511016845703125
0.00625228881835938 0.0548591613769531 0.0339202880859375 0.0531196594238281
0.0324478149414063 0.0345935821533203 0.0510482788085938 0.0251502990722656
0.048187255859375 0.00500869750976562 0.0568733215332031 -0.00168991088867187
0.0480232238769531 -0.0150680541992188 0.0453071594238281 -0.01080322265625
0.045806884765625 -0.0126991271972656 0.0291881561279297 -0.00628280639648438
0.0509681701660156 -0.0155410766601562 0.0202178955078125 0.00557136535644531
0.0568199157714844 -3.4332275390625E-05 0.0112972259521484 0.0116653442382813
0.0503120422363281 0.0295257568359375 -0.00829982757568359 0.00960826873779297
0.0311813354492188 0.0532951354980469 -0.0106525421142578 -0.00385093688964843
-0.0204887390136719 0.0633735656738281 0.00414466857910156 -0.0231819152832031
-0.0626411437988281 0.0562248229980469 0.0188026428222656 -0.00202560424804687
-0.0861892700195313 0.03460693359375 -0.00335502624511719 0.02093505859375
-0.0903396606445313 0.000572204589843758 -0.00328445434570314 0.0575408935546875
-0.0774765014648438 0.0358123779296875 -0.0244789123535156 0.0606307983398438
-0.0465469360351562 0.0528564453125 -0.00648880004882813 0.0583534240722656
-0.00284576416015626 0.0671615600585938 0.0222663879394531 0.0540504455566406
0.0326652526855469 0.0483322143554688 0.0349998474121094 0.0265426635742188
0.0590286254882812 0.0152244567871094 0.0367355346679688 0.00223922729492188
0.0578231811523438 -0.00974655151367188 0.0248489379882813 0.00122642517089844
0.0533294677734375 -0.00824737548828125 0.010798454284668 0.00461673736572266
0.0603370666503906 -0.00989913940429688 0.0029592514038086 0.0143871307373047
0.0637550354003906 0.00537109375 -0.00602054595947265 0.0167684555053711
0.0504875183105469 0.0368385314941406 -0.0194091796875 0.00798988342285156
0.025787353515625 0.0577163696289063 -0.0155611038208008 -0.00317668914794921
-0.0275535583496094 0.0592422485351562 0.000209808349609373 -0.0161666870117188
-0.0684547424316406 0.04364013671875 0.00516891479492187 0.0123233795166016
-0.0877151489257813 0.0190353393554688 -0.0304088592529297 0.0269794464111328
-0.0755691528320313 -0.0185775756835937 -0.0355224609375 0.055450439453125
-0.0775070190429688 0.013763427734375 -0.0489044189453125 0.0614395141601563
-0.0542144775390625 0.0392723083496094 -0.0170059204101563 0.0589714050292969
-0.015228271484375 0.06488037109375 0.00797271728515624 0.0489425659179688
0.0234375 0.053741455078125 0.0173053741455078 0.0213127136230469
0.0575904846191406 0.0230827331542969 0.0153627395629883 0.00493621826171875
0.0591812133789063 -0.00319671630859375 0.00110340118408203 0.00995254516601563
0.0531845092773438 -0.003448486328125 -0.00864315032958984 0.0154609680175781
0.0600967407226563 -0.00440216064453125 -0.0159721374511719 0.0201568603515625
0.0605735778808594 0.0108680725097656 -0.0210609436035156 0.0166664123535156
0.045440673828125 0.0392837524414063 -0.0289134979248047 0.00537490844726562
0.0188102722167969 0.0581474304199219 -0.0196361541748047 -0.00634193420410156
-0.0337791442871094 0.0517768859863281 -0.00188636779785156 -0.0119724273681641
-0.0698928833007813 0.0294265747070312 -0.00790596008300782 0.0211410522460938
-0.0823593139648438 0.000549316406250018 -0.0532569885253906 0.0271034240722656
-0.0466499328613281 -0.0348129272460938 -0.0588569641113281 0.046722412109375
-0.0580902099609375 -0.00963973999023438 -0.0635795593261719 0.0560188293457031
-0.0490760803222656 0.0166473388671875 -0.0236778259277344 0.0551567077636719
-0.0256271362304687 0.0459632873535156 -0.0029296875 0.0379714965820313
0.0093994140625 0.0453872680664063 0.00035858154296875 0.0142240524291992
0.0431976318359375 0.0282669067382813 -0.00621366500854492 0.00707101821899414
0.0494499206542969 0.00383758544921875 -0.019683837890625 0.0165729522705078
0.0443191528320312 0.00238037109375 -0.02691650390625 0.0239219665527344
0.05084228515625 0.0013275146484375 -0.0337657928466797 0.0267906188964844
0.05078125 0.0139007568359375 -0.0375862121582031 0.017608642578125
0.0369033813476563 0.0365943908691406 -0.0392799377441406 0.000671386718750007
0.0114517211914063 0.0527420043945313 -0.0253486633300781 -0.0107059478759766
-0.0369606018066406 0.0422592163085938 -0.00545120239257813 -0.0113916397094727
-0.0662651062011719 0.0120353698730469 -0.0183086395263672 0.02410888671875
-0.0684280395507813 -0.0185127258300781 -0.073150634765625 0.0191497802734375
-0.00994110107421875 -0.0439414978027344 -0.0686836242675781 0.0338821411132812
-0.0279560089111328 -0.0315132141113281 -0.0688552856445313 0.0482635498046875
-0.0327682495117188 -0.0113544464111328 -0.0254478454589844 0.0470085144042969
-0.0299015045166016 0.0180702209472656 -0.00682830810546875 0.0285205841064453
-0.00545692443847656 0.0299701690673828 -0.00850772857666016 0.0059819221496582
0.0218544006347656 0.0273914337158203 -0.0220718383789063 0.00482368469238282
0.0326366424560547 0.0121116638183594 -0.0355300903320312 0.0193328857421875
0.0303878784179688 0.00671577453613281 -0.0401954650878906 0.0304145812988281
0.0361862182617188 0.00659942626953125 -0.048095703125 0.0293731689453125
0.0362358093261719 0.015380859375 -0.0523719787597656 0.0144729614257813
0.0245800018310547 0.0309200286865234 -0.0492897033691406 -0.00305938720703126
0.00508499145507812 0.0411453247070313 -0.0308361053466797 -0.016937255859375
-0.0342025756835938 0.0281047821044922 -0.00968456268310547 -0.0129737854003906
-0.0525054931640625 -0.00603485107421875 -0.0316295623779297 0.0177936553955078
-0.0456008911132813 -0.0364227294921875 -0.0879745483398438 0.00552368164062502
0.00299835205078125 0.0371284484863281 0.084259033203125 -0.00614166259765625
0.0349655151367188 0.01251220703125 0.0359611511230469 -0.00710296630859375
0.0193748474121094 -0.0159778594970703 0.0131092071533203 0.0174570083618164
0.00206184387207031 -0.0217704772949219 0.0386085510253906 0.0275115966796875
-0.0100307464599609 -0.0175447463989258 0.059173583984375 0.00761795043945312
-0.0212192535400391 -0.0100841522216797 0.0621566772460938 -0.0204963684082031
-0.0161046981811523 -0.00708198547363282 0.0548019409179687 -0.03790283203125
-0.0123300552368164 -0.00954627990722656 0.04400634765625 -0.0345573425292969
-0.0150337219238281 -0.0159950256347656 0.038543701171875 -0.0222015380859375
0.000772476196289065 -0.0226688385009766 0.0309181213378906 -0.00751113891601563
0.0212459564208984 -0.0167675018310547 0.011077880859375 -0.0043487548828125
0.0285892486572266 0.00286674499511719 0.00760650634765625 -0.0181312561035156
0.01983642578125 0.0312652587890625 0.0282783508300781 -0.0424919128417969
0.0019378662109375 0.0488204956054687 0.0610313415527344 -0.0442466735839844
-0.0195388793945312 0.0482597351074219 0.0626335144042969 -0.0204086303710938
-0.0308799743652344 0.0418624877929688 0.08050537109375 0.0121307373046875
0.00800704956054688 0.0324649810791016 0.0358428955078125 0.00830459594726563
0.00969314575195313 0.00797367095947266 0.0164833068847656 0.026763916015625
0.00917148590087891 0.00216579437255859 0.0433769226074219 0.0352897644042969
0.00737428665161133 -0.00345563888549805 0.0636482238769531 0.0124168395996094
0.00314807891845703 -0.00959873199462891 0.0686302185058594 -0.0183067321777344
0.00644397735595703 -0.0147829055786133 0.0587844848632813 -0.0359077453613281
0.00949764251708985 -0.014094352722168 0.0452461242675781 -0.0312423706054688
0.009857177734375 -0.0202484130859375 0.0394058227539063 -0.0174293518066406
0.025054931640625 -0.0171394348144531 0.0308704376220703 -0.00219917297363281
0.0363235473632813 0.00046539306640625 0.00886154174804688 0.000621795654296875
0.0331878662109375 0.0249271392822266 0.00208377838134766 -0.0120401382446289
0.00473785400390625 0.0506401062011719 0.0182304382324219 -0.0375633239746094
-0.0264701843261719 0.0600547790527344 0.04779052734375 -0.0353469848632813
-0.0498008728027344 0.0526313781738281 0.0480690002441406 -0.00668716430664062
-0.0620918273925781 0.0376396179199219 0.0649299621582031 0.0306587219238281
-0.0243644714355469 0.0474128723144531 0.0260601043701172 0.0266819000244141
-0.00540924072265625 0.033447265625 0.0153465270996094 0.0376014709472656
0.0141849517822266 0.02923583984375 0.0443267822265625 0.0434532165527344
0.0244274139404297 0.0147743225097656 0.0623435974121094 0.0168609619140625
0.0281925201416016 -0.00617408752441406 0.0667228698730469 -0.0143966674804687
0.0290431976318359 -0.018890380859375 0.0546455383300781 -0.0280265808105469
0.0299663543701172 -0.0167903900146484 0.0406417846679687 -0.0227012634277344
0.0333480834960938 -0.0218620300292969 0.0337390899658203 -0.00893211364746094
0.0452194213867188 -0.0116806030273437 0.0237331390380859 0.00296974182128906
0.0477523803710937 0.0147132873535156 0.0021052360534668 0.00447511672973633
0.0365982055664063 0.0410308837890625 -0.00372886657714843 -0.00787067413330078
-0.006072998046875 0.0616378784179688 0.00914764404296875 -0.03131103515625
-0.0452651977539062 0.0660285949707031 0.0330982208251953 -0.0216522216796875
-0.0713882446289063 0.0511398315429687 0.0265617370605469 0.00711441040039063
-0.085601806640625 0.0266189575195312 0.0375823974609375 0.0470771789550781
-0.0546493530273438 0.0513534545898438 0.00802612304687499 0.0454444885253906
-0.024688720703125 0.0532608032226563 0.00943756103515625 0.0494041442871094
0.0131149291992187 0.0545883178710938 0.0377273559570313 0.0499000549316406
0.036376953125 0.0321922302246094 0.0527877807617188 0.0216178894042969
0.0494003295898438 0.00081634521484375 0.0551872253417969 -0.00790786743164063
0.0475730895996094 -0.0197601318359375 0.042694091796875 -0.0162429809570313
0.0460929870605469 -0.0170707702636719 0.0282726287841797 -0.0102996826171875
0.050537109375 -0.0210227966308594 0.0200634002685547 0.00115013122558594
0.0586662292480469 -0.00616836547851563 0.0118227005004883 0.00799751281738281
0.0546722412109375 0.0244598388671875 -0.00692176818847656 0.00712060928344727
0.0368537902832031 0.0508193969726563 -0.00940513610839844 -0.0049295425415039
-0.0135421752929687 0.0662002563476563 0.00281715393066406 -0.0234413146972656
-0.0579986572265625 0.0635108947753906 0.0197086334228516 -0.00516128540039062
-0.0834732055664063 0.0431976318359375 0.0014495849609375 0.0192489624023438
-0.0919952392578125 0.00853729248046875 0.00258636474609374 0.0566978454589844
-0.0743637084960937 0.04241943359375 -0.0179214477539063 0.0591278076171875
-0.0426559448242188 0.0588455200195312 -0.00146865844726563 0.057373046875
0.0048065185546875 0.0698318481445313 0.0257225036621094 0.0516510009765625
0.0388412475585938 0.0469093322753906 0.0361900329589844 0.0230636596679688
0.0620231628417969 0.00889968872070312 0.0370063781738281 -0.00106430053710937
0.0581588745117188 -0.016845703125 0.0238189697265625 -0.00259780883789063
0.0539321899414062 -0.0148811340332031 0.0112438201904297 0.00279808044433594
0.0600776672363281 -0.0176773071289063 0.00318622589111328 0.0117292404174805
0.0645942687988281 -0.000885009765625 -0.00423336029052734 0.0135431289672852
0.05499267578125 0.0307121276855469 -0.0171775817871094 0.00807762145996094
0.0332870483398438 0.0557441711425781 -0.0135402679443359 -0.00453853607177734
-0.0214920043945313 0.063934326171875 -0.000230789184570315 -0.0172529220581055
-0.0644683837890625 0.0535774230957031 0.0079498291015625 0.010289192199707
-0.0872039794921875 0.0286788940429688 -0.0250453948974609 0.0284709930419922
-0.0795059204101563 -0.0106735229492188 -0.0299644470214844 0.0580558776855469
-0.076995849609375 0.0223312377929688 -0.0427665710449219 0.0637321472167969
-0.0519180297851563 0.0473442077636719 -0.0135879516601563 0.0588951110839844
-0.00838851928710938 0.0679588317871094 0.0105705261230469 0.0474853515625
0.0308380126953125 0.0516242980957031 0.01678466796875 0.0206871032714844
0.0606842041015625 0.0175933837890625 0.0147218704223633 0.00429725646972656
0.0592308044433594 -0.0103530883789063 0.00249290466308594 0.00912952423095703
0.0534286499023438 -0.0092010498046875 -0.0073089599609375 0.0154352188110352
0.0606346130371094 -0.0118064880371094 -0.0144786834716797 0.0211277008056641
0.0633316040039063 0.00340652465820313 -0.0208816528320313 0.0168209075927734
0.0500679016113281 0.0343780517578125 -0.0286884307861328 0.00611495971679688
0.0264778137207031 0.0558509826660156 -0.0191383361816406 -0.00644111633300781
-0.0286216735839844 0.0568389892578125 -0.00196361541748047 -0.0131473541259766
-0.0674285888671875 0.038177490234375 -0.00460243225097657 0.0207386016845703
-0.0821380615234375 0.00967407226562499 -0.0492668151855469 0.0295143127441406
-0.0521125793457031 -0.0281753540039063 -0.0550117492675781 0.0517959594726562
-0.0601959228515625 -0.00255203247070314 -0.0601081848144531 0.0612144470214844
-0.0482864379882812 0.0226364135742188 -0.0212478637695313 0.055816650390625
-0.0194473266601563 0.0496711730957031 -0.000835418701171872 0.0384597778320313
0.0156173706054688 0.0455780029296875 0.00104999542236328 0.0138025283813477
0.0473251342773438 0.0220375061035156 -0.00664997100830078 0.00691556930541992
0.0504608154296875 -0.00193023681640625 -0.0179901123046875 0.0187320709228516
0.0454559326171875 -0.003021240234375 -0.0244827270507813 0.0262012481689453
0.0525321960449219 -0.00555419921875 -0.0308055877685547 0.0289287567138672
0.0538558959960938 0.00746917724609375 -0.0371971130371094 0.0189361572265625
0.0408859252929687 0.0327110290527344 -0.0406112670898438 0.00434112548828124
0.0177993774414063 0.0511970520019531 -0.0254573822021484 -0.0109081268310547
-0.0324325561523438 0.0461196899414062 -0.00539970397949219 -0.0123386383056641
-0.0636787414550781 0.0195236206054688 -0.0157279968261719 0.0247154235839844
-0.0702400207519531 -0.0100975036621094 -0.0711593627929688 0.0254592895507812
-0.0167388916015625 -0.0415458679199219 -0.0657768249511719 0.0412063598632812
-0.0318622589111328 -0.0269260406494141 -0.0647010803222656 0.05377197265625
-0.0349941253662109 -0.00576782226562499 -0.0228652954101563 0.0480422973632813
-0.0260944366455078 0.0220203399658203 -0.00663375854492188 0.0280933380126953
-0.0020599365234375 0.0302486419677734 -0.00964450836181641 0.00784873962402344
0.0256633758544922 0.0231380462646484 -0.0225181579589844 0.00769615173339843
0.0332965850830078 0.00685310363769531 -0.0339889526367188 0.0243015289306641
0.0311355590820312 0.00325965881347656 -0.0373687744140625 0.0337562561035156
0.0367660522460937 0.00127410888671875 -0.0451087951660156 0.0339851379394531
0.0382957458496094 0.0094146728515625 -0.0522613525390625 0.0195770263671875
0.0284366607666016 0.0271015167236328 -0.0504150390625 0.000659942626953124
0.00990676879882813 0.0403175354003906 -0.0319232940673828 -0.015228271484375
-0.0319423675537109 0.0316619873046875 -0.0102462768554688 -0.0145797729492188
-0.0537338256835938 0.00128936767578124 -0.0282688140869141 0.0213565826416016
-0.0496978759765625 -0.02947998046875 -0.086761474609375 0.0131378173828125
0.004852294921875 0.0361976623535156 0.082183837890625 -0.0107650756835937
0.0337867736816406 0.00987434387207031 0.0337982177734375 -0.009765625
0.0176792144775391 -0.0170860290527344 0.0133609771728516 0.0169839859008789
0.000181198120117185 -0.0207901000976563 0.0391616821289063 0.0257720947265625
-0.0109500885009766 -0.0157842636108398 0.0599479675292969 0.004119873046875
-0.0214157104492188 -0.00687026977539063 0.0614204406738281 -0.0247268676757812
-0.0155582427978516 -0.00547409057617187 0.0519294738769531 -0.0422935485839844
-0.011993408203125 -0.00741386413574219 0.041168212890625 -0.037689208984375
-0.015315055847168 -0.0136661529541016 0.0363426208496094 -0.0257949829101563
-0.001312255859375 -0.0216178894042969 0.0309886932373047 -0.0115547180175781
0.0185298919677734 -0.0180206298828125 0.0130167007446289 -0.00645351409912109
0.0274257659912109 0.000314712524414062 0.00839614868164063 -0.0190391540527344
0.0213642120361328 0.0286026000976563 0.0267982482910156 -0.0419540405273438
0.00586700439453125 0.0465087890625 0.0574531555175781 -0.0475921630859375
-0.0153350830078125 0.0474891662597656 0.0623435974121094 -0.0257225036621094
-0.0284538269042969 0.0426521301269531 0.0805511474609375 0.00646209716796875
0.008880615234375 0.031036376953125 0.0346488952636719 0.0045318603515625
0.00844669342041016 0.00801849365234375 0.0164222717285156 0.0253200531005859
0.00902843475341797 0.00211715698242188 0.0448112487792969 0.032379150390625
0.00768136978149414 -0.00305366516113281 0.0636825561523437 0.00862884521484375
0.0027155876159668 -0.00832128524780274 0.0665473937988281 -0.0231781005859375
0.00633811950683594 -0.0144309997558594 0.0556869506835938 -0.0399398803710937
0.00911045074462891 -0.014470100402832 0.0428123474121094 -0.0351448059082031
0.00945091247558594 -0.0195560455322266 0.0370750427246094 -0.02166748046875
0.0234413146972656 -0.0180397033691406 0.0306205749511719 -0.00743293762207031
0.0354042053222656 -0.00164794921875 0.0101022720336914 -0.00224781036376953
0.0335273742675781 0.0224494934082031 0.0041961669921875 -0.0128316879272461
0.00720596313476563 0.048370361328125 0.0174636840820313 -0.0368385314941406
-0.0213966369628906 0.0605850219726563 0.0459709167480469 -0.0376663208007813
-0.0451583862304688 0.0543212890625 0.0489540100097656 -0.0114784240722656
-0.0603485107421875 0.0416145324707031 0.0654716491699219 0.0254974365234375
-0.0223007202148437 0.0478248596191406 0.0267295837402344 0.0232582092285156
-0.00465011596679687 0.0349044799804688 0.0159034729003906 0.0360984802246094
0.0158157348632813 0.0289936065673828 0.0453605651855469 0.0408821105957031
0.0258045196533203 0.0129451751708984 0.0617294311523438 0.0137710571289063
0.0283126831054687 -0.007293701171875 0.0636520385742188 -0.0189743041992188
0.0281467437744141 -0.0210304260253906 0.0523262023925781 -0.0320968627929688
0.0291099548339844 -0.0190715789794922 0.0376853942871094 -0.0267257690429688
0.0321331024169922 -0.0236129760742188 0.0309410095214844 -0.0134449005126953
0.0439414978027344 -0.0141868591308594 0.0238208770751953 -0.000986099243164063
0.048797607421875 0.0111885070800781 0.00372052192687989 0.0023651123046875
0.0389060974121094 0.0383758544921875 -0.00202655792236328 -0.00900745391845703
-0.00228500366210938 0.0618667602539063 0.008453369140625 -0.0307407379150391
-0.0406684875488281 0.0678138732910156 0.0321750640869141 -0.0236072540283203
-0.0672569274902344 0.0546073913574219 0.0286083221435547 0.00330543518066407
-0.0838546752929688 0.0320892333984375 0.0400352478027344 0.0430793762207031
-0.0518150329589844 0.0547332763671875 0.00990295410156249 0.0421905517578125
-0.0223159790039063 0.0555992126464844 0.010162353515625 0.0474205017089844
0.0167274475097656 0.05413818359375 0.0393714904785156 0.0470466613769531
0.0391273498535156 0.0298881530761719 0.0525932312011719 0.0186195373535156
0.0493278503417969 -0.0023345947265625 0.0531539916992188 -0.0117340087890625
0.0462837219238281 -0.0236129760742188 0.0411949157714844 -0.01959228515625
0.04443359375 -0.0207099914550781 0.0263137817382813 -0.0132827758789063
0.0488624572753906 -0.0242881774902344 0.0190486907958984 -0.00235176086425781
0.0576400756835938 -0.010986328125 0.011744499206543 0.00502681732177734
0.0560035705566406 0.0200920104980469 -0.00545978546142578 0.00500679016113281
0.040283203125 0.0478973388671875 -0.00775861740112305 -0.00568580627441406
-0.00952529907226562 0.0673027038574219 0.00212860107421875 -0.0238761901855469
-0.053070068359375 0.0674400329589844 0.0199680328369141 -0.00751686096191406
-0.0794219970703125 0.0486679077148437 0.00454998016357421 0.0167350769042969
-0.0914764404296875 0.0153961181640625 0.00635528564453124 0.0543594360351563
-0.0715789794921875 0.0479507446289063 -0.0146560668945313 0.0572624206542969
-0.0396766662597656 0.0621757507324219 -0.000167846679687508 0.0554542541503906
0.00969696044921875 0.0696945190429688 0.0270843505859375 0.0494880676269531
0.0426979064941406 0.0439453125 0.03594970703125 0.0208015441894531
0.0617141723632813 0.00490951538085937 0.035125732421875 -0.00359153747558594
0.0568122863769531 -0.0212860107421875 0.0233974456787109 -0.00481414794921875
0.0525016784667969 -0.0189971923828125 0.0106515884399414 0.00160980224609375
0.0588607788085938 -0.022491455078125 0.00334262847900391 0.00921344757080078
0.0641212463378906 -0.00667572021484375 -0.00390148162841796 0.0114641189575195
0.0573310852050781 0.0265426635742188 -0.0166282653808594 0.00683879852294922
0.0376701354980469 0.0531768798828125 -0.0130329132080078 -0.00548458099365234
-0.0170822143554688 0.0657882690429688 -0.000360488891601563 -0.0177364349365234
-0.0608177185058594 0.0589218139648438 0.00925350189208984 0.00873565673828125
-0.0846481323242188 0.035064697265625 -0.0210628509521484 0.0268955230712891
-0.081146240234375 -0.00422668457031248 -0.0261306762695313 0.0582046508789063
-0.0751266479492187 0.0280227661132813 -0.0384063720703125 0.0639152526855469
-0.0495452880859375 0.0514144897460938 -0.0116920471191406 0.0573196411132813
-0.00291824340820313 0.0685005187988281 0.0117607116699219 0.0457649230957031
0.0352210998535156 0.0494155883789063 0.0167503356933594 0.0199337005615234
0.0615425109863281 0.0123443603515625 0.0134353637695313 0.0036773681640625
0.0582160949707031 -0.0152969360351563 0.00277805328369141 0.00889778137207031
0.0526161193847656 -0.0143928527832031 -0.0062112808227539 0.0157804489135742
0.0593681335449219 -0.0174102783203125 -0.01385498046875 0.0210113525390625
0.0630340576171875 -0.00209808349609375 -0.0207939147949219 0.0164756774902344
0.0529861450195313 0.0298309326171875 -0.0281105041503906 0.00645256042480468
0.0307273864746094 0.0535087585449219 -0.0186176300048828 -0.00706291198730469
-0.0242042541503906 0.0595245361328125 -0.00261211395263672 -0.0135059356689453
-0.0646934509277344 0.0438957214355469 -0.00205230712890625 0.0192852020263672
-0.081329345703125 0.0162811279296875 -0.0454483032226563 0.0302200317382813
-0.0551414489746094 -0.0238037109375 -0.0515060424804688 0.0540962219238281
-0.0602302551269531 0.00262451171875001 -0.0555381774902344 0.0625267028808594
-0.0479927062988281 0.0268211364746094 -0.019073486328125 0.0538787841796875
-0.0150489807128906 0.051513671875 0.000194549560546878 0.0377578735351563
0.0199851989746094 0.0436553955078125 -0.000181198120117187 0.014866828918457
0.0485382080078125 0.0176048278808594 -0.00720357894897461 0.00812149047851563
0.0489730834960938 -0.00608444213867188 -0.0165214538574219 0.0203094482421875
0.0452041625976563 -0.00762939453125 -0.0224685668945312 0.0279998779296875
0.0514259338378906 -0.0105094909667969 -0.0295391082763672 0.0301723480224609
0.0536575317382813 0.00234603881835938 -0.0368843078613281 0.0199241638183594
0.0438423156738281 0.0290908813476563 -0.0399398803710938 0.00520324707031251
0.0225715637207031 0.0489654541015625 -0.02520751953125 -0.0105133056640625
-0.0289039611816406 0.0481109619140625 -0.00553035736083984 -0.0130090713500977
-0.0627670288085938 0.0255470275878906 -0.0131168365478516 0.0247383117675781
-0.07025146484375 -0.00450134277343749 -0.0677909851074219 0.0278244018554688
-0.0204963684082031 -0.0391349792480469 -0.06329345703125 0.0447463989257812
-0.0343055725097656 -0.0231609344482422 -0.0606651306152344 0.0558738708496094
-0.0356216430664063 -0.00203323364257812 -0.0206184387207031 0.0476112365722656
-0.0235347747802734 0.0248947143554687 -0.00680160522460938 0.0281200408935547
0.00154495239257812 0.0300998687744141 -0.0104942321777344 0.00889015197753906
0.0273838043212891 0.0194339752197266 -0.0226402282714844 0.0103626251220703
0.0330162048339844 0.00329208374023437 -0.0314216613769531 0.0267143249511719
0.0304088592529297 -6.4849853515625E-05 -0.0346107482910156 0.0356597900390625
0.0361671447753906 -0.00263214111328125 -0.0426216125488281 0.0366325378417969
0.0383567810058594 0.005462646484375 -0.05072021484375 0.0217933654785156
0.0298957824707031 0.0243167877197266 -0.0499534606933594 0.00308609008789062
0.0133094787597656 0.0383224487304688 -0.0321235656738281 -0.0142898559570313
-0.0279006958007813 0.0334205627441406 -0.0109596252441406 -0.0147676467895508
-0.0522613525390625 0.00604629516601563 -0.0253772735595703 0.0221920013427734
-0.0501289367675781 -0.0240707397460938 -0.0844650268554688 0.0173721313476563
0.00575447082519531 0.0344161987304688 0.0816574096679688 -0.0127639770507812
0.0320606231689453 0.00843048095703125 0.0320701599121094 -0.0108509063720703
0.0162887573242188 -0.0168495178222656 0.0128202438354492 0.0167732238769531
-0.000919342041015623 -0.0204658508300781 0.0401191711425781 0.0249290466308594
-0.0115814208984375 -0.015106201171875 0.0606231689453125 0.00255966186523437
-0.0208053588867188 -0.00524902343749999 0.0617408752441406 -0.0269050598144531
-0.0151433944702148 -0.00489997863769531 0.0503768920898438 -0.0441780090332031
-0.0114707946777344 -0.00665569305419922 0.0395011901855469 -0.0399856567382813
-0.0148954391479492 -0.0123443603515625 0.0351676940917969 -0.0280647277832031
-0.00189971923828125 -0.0206165313720703 0.0311851501464844 -0.0145244598388672
0.0171794891357422 -0.0180091857910156 0.0140781402587891 -0.00827789306640625
0.0264186859130859 -0.00102996826171875 0.00970458984375 -0.0196189880371094
0.0219383239746094 0.0265598297119141 0.0270729064941406 -0.0413360595703125
0.00736618041992188 0.0446510314941406 0.0564842224121094 -0.0488052368164063
-0.0133705139160156 0.0466537475585938 0.062744140625 -0.028533935546875
-0.027740478515625 0.0425376892089844 0.0798263549804688 0.0037689208984375
0.00797653198242188 0.0306625366210938 0.0332698822021484 0.00241470336914063
0.00790882110595703 0.0084538459777832 0.0157222747802734 0.0249004364013672
0.00906181335449219 0.00254344940185547 0.0448570251464844 0.0317420959472656
0.00711345672607422 -0.00302553176879883 0.0640182495117188 0.00654220581054687
0.00271415710449219 -0.00758934020996094 0.0662460327148438 -0.025482177734375
0.00625038146972656 -0.0143585205078125 0.0538749694824219 -0.0424537658691406
0.00903701782226563 -0.0147132873535156 0.0407943725585938 -0.0370521545410156
0.00909996032714844 -0.0193347930908203 0.0356712341308594 -0.0247650146484375
0.0223388671875 -0.0180015563964844 0.0308322906494141 -0.00999641418457032
0.0349941253662109 -0.00266647338867187 0.0116262435913086 -0.00448513031005859
0.0338630676269531 0.0211620330810547 0.00569534301757813 -0.0137348175048828
0.00852203369140625 0.0476837158203125 0.0178337097167969 -0.03680419921875
-0.0193061828613281 0.0601425170898437 0.0452194213867188 -0.0393142700195312
-0.04254150390625 0.0542869567871094 0.0500679016113281 -0.0145645141601562
-0.06005859375 0.0431671142578125 0.0660514831542969 0.0226402282714844
-0.0215988159179688 0.0485877990722656 0.0258979797363281 0.0206623077392578
-0.0050048828125 0.0360870361328125 0.0155029296875 0.0356636047363281
0.0165519714355469 0.0292682647705078 0.0458183288574219 0.0397720336914062
0.0265445709228516 0.0127525329589844 0.0619659423828125 0.0118370056152344
0.0281429290771484 -0.00754165649414063 0.0629997253417969 -0.0210762023925781
0.0278491973876953 -0.02203369140625 0.0507240295410156 -0.0347251892089844
0.0288486480712891 -0.020721435546875 0.0358238220214844 -0.0291290283203125
0.0316715240478516 -0.02508544921875 0.0293960571289063 -0.0162544250488281
0.0434188842773438 -0.0157356262207031 0.0237102508544922 -0.00451469421386719
0.0493240356445312 0.00957489013671875 0.00463008880615235 -0.000397682189941406
0.0396881103515625 0.0369758605957031 -0.000699043273925779 -0.00982093811035156
-0.00084304809570312 0.0622482299804687 0.00901031494140625 -0.0313987731933594
-0.0386390686035156 0.0694236755371094 0.0322303771972656 -0.0254421234130859
-0.0647239685058594 0.055816650390625 0.0307636260986328 0.000305175781250003
-0.0833587646484375 0.035308837890625 0.0407371520996094 0.0409049987792969
-0.0503196716308594 0.056854248046875 0.00963973999023437 0.0398941040039063
-0.0215988159179688 0.0581283569335938 0.00968551635742187 0.0466880798339844
0.0190010070800781 0.0543556213378906 0.0396804809570313 0.0459251403808594
0.040802001953125 0.029266357421875 0.0523567199707031 0.016937255859375
0.0499267578125 -0.00435638427734375 0.0521888732910156 -0.01324462890625
0.0460090637207031 -0.0255355834960937 0.0397186279296875 -0.0214500427246094
0.0445098876953125 -0.0232086181640625 0.02532958984375 -0.0152359008789063
0.0485801696777344 -0.0269317626953125 0.0177745819091797 -0.00481033325195313
0.0578384399414063 -0.0131340026855469 0.0114717483520508 0.00272560119628906
0.057525634765625 0.0182037353515625 -0.00459098815917968 0.00286149978637695
0.0425376892089844 0.0469131469726563 -0.00664281845092773 -0.00707483291625976
-0.00726699829101562 0.0686416625976563 0.00274085998535156 -0.0241985321044922
-0.0509109497070313 0.0698661804199219 0.0202407836914062 -0.009490966796875
-0.07757568359375 0.050750732421875 0.00655364990234375 0.0143375396728516
-0.092376708984375 0.0191650390625 0.00779724121093749 0.0534591674804688
-0.0707321166992187 0.0504837036132812 -0.0134391784667969 0.0557899475097656
-0.0385589599609375 0.0652198791503906 -0.000343322753906248 0.0542488098144531
0.0125198364257812 0.0698890686035156 0.0273017883300781 0.0489120483398438
0.0451087951660156 0.04290771484375 0.0353240966796875 0.0205574035644531
0.0627403259277344 0.00181961059570313 0.0336723327636719 -0.00440788269042969
0.0565414428710938 -0.0240478515625 0.0230464935302734 -0.006103515625
0.0526657104492187 -0.0225334167480469 0.0102310180664063 0.000484466552734374
0.0581474304199219 -0.0254669189453125 0.002410888671875 0.00835895538330078
0.0641555786132813 -0.0098419189453125 -0.00374031066894531 0.00995635986328125
0.0595359802246094 0.0243415832519531 -0.0164222717285156 0.005035400390625
0.0403633117675781 0.0518569946289062 -0.0127849578857422 -0.00618171691894531
-0.015106201171875 0.06744384765625 -0.000314712524414063 -0.0184288024902344
-0.0589179992675781 0.0621681213378906 0.0101413726806641 0.00698184967041016
-0.082794189453125 0.038421630859375 -0.0190029144287109 0.0252361297607422
-0.0821380615234375 -0.000778198242187487 -0.024383544921875 0.0582923889160156
-0.0743331909179688 0.0312652587890625 -0.0367431640625 0.0632514953613281
-0.04852294921875 0.0544853210449219 -0.011749267578125 0.0564422607421875
-0.000110626220703127 0.0691032409667969 0.0116691589355469 0.0453910827636719
0.038055419921875 0.0479507446289063 0.0158119201660156 0.020111083984375
0.0621223449707031 0.00933837890625 0.0128602981567383 0.00368404388427734
0.0573692321777344 -0.0181388854980469 0.00302505493164063 0.00873184204101562
0.0525169372558594 -0.0176124572753906 -0.00622940063476562 0.0155067443847656
0.0586585998535156 -0.0210380554199219 -0.0136451721191406 0.0204944610595703
0.0629463195800781 -0.00572967529296875 -0.0204143524169922 0.0156879425048828
0.0551528930664063 0.0273551940917969 -0.0281715393066406 0.00580024719238282
0.0338554382324219 0.052154541015625 -0.0186500549316406 -0.00790023803710937
-0.0218315124511719 0.0612106323242188 -0.00246810913085938 -0.0144052505493164
-0.0630912780761719 0.0476875305175781 -0.000616073608398442 0.0179595947265625
-0.0806198120117188 0.0198822021484375 -0.0438423156738281 0.0298728942871094
-0.0565071105957031 -0.0206298828125 -0.0499763488769531 0.0556755065917969
-0.0603141784667969 0.00571441650390625 -0.0535697937011719 0.0626182556152344
-0.0470466613769531 0.0301017761230469 -0.0190887451171875 0.0529365539550781
-0.0122184753417969 0.0526771545410156 -0.000209808349609376 0.0378036499023438
0.0226516723632812 0.0427932739257813 -0.000949859619140623 0.0155229568481445
0.0493659973144531 0.0144119262695313 -0.00790786743164063 0.00958538055419922
0.0488510131835938 -0.00942611694335938 -0.0157623291015625 0.0208015441894531
0.0447959899902344 -0.0107040405273438 -0.0210132598876953 0.0284004211425781
0.0508003234863281 -0.0135459899902344 -0.0288105010986328 0.0308952331542969
0.0544586181640625 -0.00087738037109375 -0.0371360778808594 0.02032470703125
0.0454940795898438 0.0267829895019531 -0.0399971008300781 0.00544738769531251
0.025054931640625 0.0478363037109375 -0.0251693725585938 -0.0109825134277344
-0.0269813537597656 0.0498123168945313 -0.00575828552246094 -0.0133676528930664
-0.0616073608398438 0.0291252136230469 -0.0117931365966797 0.0236797332763672
-0.0695610046386719 -0.000820159912109375 -0.0664291381835938 0.0281524658203125
-0.0224342346191406 -0.0377159118652344 -0.0625534057617187 0.0470199584960938
-0.0352554321289063 -0.0204238891601562 -0.0592842102050781 0.0565872192382812
-0.035919189453125 0.000679016113281251 -0.0204620361328125 0.0468177795410156
-0.0213069915771484 0.0265083312988281 -0.0076446533203125 0.0282688140869141
0.003997802734375 0.0300731658935547 -0.0114049911499023 0.0102682113647461
0.0283126831054687 0.0170078277587891 -0.0224819183349609 0.0124778747558594
0.0327644348144531 0.000749588012695312 -0.0299720764160156 0.0287284851074219
0.0298385620117188 -0.00218391418457031 -0.0331497192382813 0.0373420715332031
0.0352897644042969 -0.00510406494140625 -0.0418663024902344 0.0379524230957031
0.03826904296875 0.00274658203125 -0.0503311157226562 0.0228004455566406
0.0315456390380859 0.0221271514892578 -0.0502281188964844 0.00347900390625
0.0154266357421875 0.0371551513671875 -0.0324382781982422 -0.0145416259765625
-0.0263080596923828 0.0344142913818359 -0.0107202529907227 -0.0152530670166016
-0.051605224609375 0.00870132446289062 -0.0239620208740235 0.0221443176269531
-0.0501251220703125 -0.02142333984375 -0.0832290649414063 0.0187835693359375
0.00670242309570313 0.0347614288330078 0.0831069946289062 -0.0137176513671875
0.0317840576171875 0.00765037536621094 0.0311698913574219 -0.0113544464111328
0.0163412094116211 -0.0172853469848633 0.0127506256103516 0.0175609588623047
-0.00137519836425781 -0.0200958251953125 0.0410881042480469 0.025787353515625
-0.0123138427734375 -0.0145206451416016 0.0621376037597656 0.00167083740234375
-0.0210304260253906 -0.00392723083496094 0.0635833740234375 -0.0287590026855469
-0.0148696899414063 -0.00435733795166016 0.0508079528808594 -0.0467262268066406
-0.0116281509399414 -0.0068206787109375 0.0391082763671875 -0.0424346923828125
-0.0151176452636719 -0.0113821029663086 0.0349521636962891 -0.0310993194580078
-0.00270843505859375 -0.0203990936279297 0.0316982269287109 -0.0176734924316406
0.0158233642578125 -0.0190067291259766 0.0159311294555664 -0.0105648040771484
0.0263328552246094 -0.00211524963378906 0.0121021270751953 -0.0203933715820313
0.0231342315673828 0.0260372161865234 0.0283203125 -0.0419387817382813
0.00877761840820312 0.0442848205566406 0.0576820373535156 -0.0504608154296875
-0.0120201110839844 0.0467185974121094 0.0654983520507813 -0.0317955017089844
-0.0281105041503906 0.0441513061523438 0.0819168090820313 0.0032958984375
0.008056640625 0.0311374664306641 0.0324535369873047 0.00193977355957031
0.00773525238037109 0.00995826721191406 0.0155525207519531 0.0256099700927734
0.00920581817626953 0.00349617004394531 0.0461883544921875 0.0323829650878906
0.00759220123291016 -0.00214338302612305 0.0656623840332031 0.00618362426757813
0.0035252571105957 -0.00745582580566406 0.0676231384277344 -0.0277214050292969
0.00674915313720703 -0.0153169631958008 0.0539970397949219 -0.0452842712402344
0.00947952270507813 -0.0153541564941406 0.0404281616210938 -0.0399665832519531
0.00983047485351563 -0.0198612213134766 0.0353202819824219 -0.0272979736328125
0.0228137969970703 -0.0185985565185547 0.0314502716064453 -0.0132827758789063
0.0354461669921875 -0.00343704223632813 0.013096809387207 -0.00616455078125
0.034942626953125 0.0208911895751953 0.00733470916748047 -0.0152730941772461
0.00918197631835938 0.0483436584472656 0.0191993713378906 -0.0372734069824219
-0.0188102722167969 0.0611495971679688 0.0464820861816406 -0.0412406921386719
-0.0426597595214844 0.0554924011230469 0.0529289245605469 -0.0175819396972656
-0.0614738464355469 0.04571533203125 0.067626953125 0.0221481323242188
-0.0224037170410156 0.0507125854492188 0.0255584716796875 0.0196819305419922
-0.00478744506835937 0.0383949279785156 0.0151481628417969 0.036285400390625
0.0182323455810547 0.03045654296875 0.0464363098144531 0.0401763916015625
0.0284004211425781 0.0132598876953125 0.0632286071777344 0.0113563537597656
0.0297756195068359 -0.00776481628417969 0.0637245178222656 -0.0226974487304688
0.0288372039794922 -0.0233993530273438 0.0502853393554688 -0.0370979309082031
0.0300102233886719 -0.0225257873535156 0.0355682373046875 -0.03076171875
0.0323009490966797 -0.0266227722167969 0.0289020538330078 -0.0186843872070312
0.04443359375 -0.0175132751464844 0.0244064331054688 -0.00664329528808594
0.0510368347167969 0.00883865356445313 0.0056910514831543 -0.00234222412109375
0.0421943664550781 0.0367584228515625 0.00104045867919922 -0.011347770690918
0.000415802001953123 0.0639190673828125 0.0094757080078125 -0.0320682525634766
-0.0381622314453125 0.0721969604492188 0.0332393646240234 -0.027557373046875
-0.0652961730957031 0.0586776733398438 0.033203125 -0.00214004516601562
-0.0858001708984375 0.0383529663085938 0.0422821044921875 0.0403938293457031
-0.0514945983886719 0.0597648620605469 0.00983810424804687 0.0391654968261719
-0.0215911865234375 0.0612564086914062 0.00930023193359374 0.0472831726074219
0.0206336975097656 0.0562705993652344 0.0401496887207031 0.0466384887695313
0.0434150695800781 0.02923583984375 0.0529441833496094 0.0174789428710938
0.0515975952148438 -0.0053558349609375 0.0525131225585938 -0.0139007568359375
0.0472946166992188 -0.0279350280761719 0.0398139953613281 -0.02386474609375
0.045257568359375 -0.0257415771484375 0.0249347686767578 -0.0172538757324219
0.0500755310058594 -0.0297355651855469 0.0173454284667969 -0.00661849975585938
0.0593376159667969 -0.0158424377441406 0.0116252899169922 0.000335693359374999
0.059722900390625 0.0168418884277344 -0.00451421737670898 0.00155401229858399
0.04559326171875 0.0469207763671875 -0.00568819046020508 -0.00846338272094726
-0.0065460205078125 0.0712814331054688 0.00312614440917969 -0.0254688262939453
-0.0504531860351563 0.0742111206054688 0.0212783813476562 -0.011322021484375
-0.0791473388671875 0.0538406372070313 0.00867176055908203 0.0123682022094727
-0.0946731567382812 0.0229110717773438 0.00859832763671875 0.0540618896484375
-0.072021484375 0.0546875 -0.0133781433105469 0.055267333984375
-0.0386276245117188 0.0696868896484375 -0.001220703125 0.0547370910644531
0.0150222778320312 0.0723114013671875 0.0277442932128906 0.0494804382324219
0.0480575561523438 0.0427970886230469 0.0355339050292969 0.0211067199707031
0.0641136169433594 0.000522613525390625 0.0338077545166016 -0.00414657592773438
0.0577468872070313 -0.0272674560546875 0.0227489471435547 -0.00701904296875
0.0540008544921875 -0.0249481201171875 0.0102434158325195 -0.000200271606445314
0.0592765808105469 -0.0288352966308594 0.00200605392456055 0.00728940963745117
0.0660858154296875 -0.0133171081542969 -0.0038914680480957 0.00844717025756836
0.0628929138183594 0.0230331420898437 -0.016718864440918 0.00435924530029297
0.043701171875 0.0522346496582031 -0.012537956237793 -0.0077981948852539
-0.013885498046875 0.0710906982421875 -7.62939453125105E-06 -0.0195598602294922
-0.0592498779296875 0.0667381286621094 0.0112218856811523 0.00539398193359375
-0.0846786499023437 0.0415725708007813 -0.0178337097167969 0.0238990783691406
-0.0851593017578125 0.00215911865234376 -0.0244560241699219 0.0596656799316406
-0.0761489868164062 0.034637451171875 -0.0370635986328125 0.0636940002441406
-0.0494956970214844 0.0586051940917969 -0.0123519897460938 0.0570907592773438
0.00251770019531249 0.0721206665039063 0.0116424560546875 0.0462722778320313
0.0411605834960938 0.0483589172363281 0.0156116485595703 0.0209331512451172
0.0643272399902344 0.007537841796875 0.0119504928588867 0.00440502166748047
0.0588302612304687 -0.0208663940429687 0.00316429138183594 0.00883674621582031
0.05389404296875 -0.0205574035644531 -0.00622081756591797 0.0159616470336914
0.0601730346679688 -0.0241928100585938 -0.0145816802978516 0.0208034515380859
0.0649490356445313 -0.00849151611328125 -0.0210914611816406 0.0158348083496094
0.0584831237792969 0.0259857177734375 -0.0290508270263672 0.00493812561035156
0.037109375 0.0529823303222656 -0.018768310546875 -0.00873184204101562
-0.0210075378417969 0.0644950866699219 -0.00280284881591797 -0.0155706405639648
-0.0631828308105469 0.0516891479492188 -4.57763671875023E-05 0.0173873901367188
-0.0815658569335938 0.0230331420898437 -0.0432052612304688 0.0293731689453125
-0.0594635009765625 -0.0187644958496094 -0.05047607421875 0.0572586059570313
-0.0621299743652344 0.00793838500976562 -0.05413818359375 0.0636405944824219
-0.0482406616210937 0.0333213806152344 -0.0199928283691406 0.05352783203125
-0.0102691650390625 0.0552787780761719 -0.000907897949218752 0.0384788513183594
0.0253868103027344 0.0432319641113281 -0.00153064727783203 0.0167961120605469
0.0509757995605469 0.0130996704101562 -0.00865459442138672 0.0109405517578125
0.0497627258300781 -0.01202392578125 -0.0151786804199219 0.0220088958740234
0.0460090637207031 -0.0133018493652344 -0.02069091796875 0.0297698974609375
0.0518722534179688 -0.0165596008300781 -0.0297317504882812 0.0325050354003906
0.0555763244628906 -0.00387191772460938 -0.0378227233886719 0.0209274291992187
0.0481376647949219 0.0254478454589844 -0.04150390625 0.00516510009765625
0.0278205871582031 0.04779052734375 -0.0262584686279297 -0.0118541717529297
-0.0264511108398437 0.0523796081542969 -0.00598907470703125 -0.0148220062255859
-0.0619392395019531 0.0326156616210938 -0.0110931396484375 0.0238590240478516
-0.0708160400390625 0.00179290771484374 -0.0666351318359375 0.0283355712890625
-0.0243339538574219 -0.03717041015625 -0.063934326171875 0.0487709045410156
-0.0370521545410156 -0.0193328857421875 -0.06005859375 0.0581817626953125
-0.0370864868164063 0.00256729125976563 -0.021392822265625 0.0474700927734375
-0.0203037261962891 0.0283489227294922 -0.00898361206054688 0.0287590026855469
0.00551795959472657 0.0301685333251953 -0.0126657485961914 0.0116586685180664
0.0298652648925781 0.0157184600830078 -0.0236320495605469 0.0143260955810547
0.0332317352294922 -0.0012969970703125 -0.0290946960449219 0.0306529998779297
0.0307979583740234 -0.00414466857910156 -0.032623291015625 0.0391998291015625
0.0361175537109375 -0.00646209716796875 -0.0420455932617188 0.0399932861328125
0.0395088195800781 0.0008544921875 -0.0521354675292969 0.0242729187011719
0.0332412719726563 0.0210533142089844 -0.0523338317871094 0.003753662109375
0.01678466796875 0.0372352600097656 -0.0336551666259766 -0.0152359008789063
-0.0260200500488281 0.0355796813964844 -0.0107917785644531 -0.0160732269287109
-0.0516128540039063 0.0110816955566406 -0.0232906341552734 0.0228652954101562
-0.0502700805664063 -0.0198860168457031 -0.0845413208007813 0.0192718505859375
0.00765609741210938 0.0354423522949219 0.087249755859375 -0.0159072875976562
0.0324211120605469 0.00671577453613281 0.0319805145263672 -0.0131931304931641
0.015899658203125 -0.0180339813232422 0.0128612518310547 0.0186042785644531
-0.00251197814941406 -0.0206279754638672 0.0438346862792969 0.026580810546875
-0.0137100219726563 -0.0140495300292969 0.065704345703125 -0.000526428222656251
-0.0214462280273438 -0.00297355651855469 0.0666465759277344 -0.0333786010742188
-0.0156974792480469 -0.00327968597412109 0.0514717102050781 -0.05169677734375
-0.0124149322509766 -0.00664329528808594 0.038909912109375 -0.0463943481445312
-0.0156345367431641 -0.0107927322387695 0.0355606079101563 -0.0347404479980469
-0.0036468505859375 -0.0199832916259766 0.0325832366943359 -0.0215892791748047
0.0153942108154297 -0.0199165344238281 0.0177650451660156 -0.0128059387207031
0.02703857421875 -0.00322914123535156 0.0138187408447266 -0.0220451354980469
0.0249290466308594 0.0257186889648437 0.0298347473144531 -0.04400634765625
0.0104942321777344 0.0453987121582031 0.0601387023925781 -0.05438232421875
-0.0106163024902344 0.0483474731445313 0.0694122314453125 -0.0363922119140625
-0.0283164978027344 0.047210693359375 0.0858230590820313 0.00109100341796875
0.00808334350585938 0.0331573486328125 0.0335025787353516 0.00073814392089844
0.00848579406738281 0.0113992691040039 0.0160751342773438 0.027008056640625
0.0100059509277344 0.00365161895751953 0.0489273071289063 0.0331687927246094
0.00825738906860352 -0.00241374969482422 0.0692863464355469 0.00432586669921875
0.00425481796264649 -0.00745630264282227 0.0697746276855469 -0.0316810607910156
0.00709247589111328 -0.0158548355102539 0.0549736022949219 -0.0499916076660156
0.00985336303710938 -0.0171470642089844 0.040191650390625 -0.0443344116210938
0.00997734069824219 -0.0211696624755859 0.0357666015625 -0.0310287475585938
0.0230140686035156 -0.0198574066162109 0.0323753356933594 -0.0172157287597656
0.0366744995117188 -0.00461196899414063 0.0147848129272461 -0.00902843475341797
0.0368156433105469 0.0206718444824219 0.00907135009765625 -0.0170917510986328
0.0111465454101563 0.0505447387695313 0.0201492309570313 -0.0394210815429688
-0.017669677734375 0.0644989013671875 0.0481529235839844 -0.04510498046875
-0.0427742004394531 0.0587882995605469 0.0570220947265625 -0.0214653015136719
-0.0634727478027344 0.0503997802734375 0.0712738037109375 0.020965576171875
-0.0225601196289063 0.054534912109375 0.0264568328857422 0.0190792083740234
-0.00408935546875 0.04241943359375 0.0153694152832031 0.0378913879394531
0.0204219818115234 0.03216552734375 0.0493621826171875 0.0411300659179688
0.0306339263916016 0.0129337310791016 0.0661506652832031 0.0106391906738281
0.0314273834228516 -0.00923347473144531 0.0659332275390625 -0.0256767272949219
0.030029296875 -0.0265731811523437 0.051300048828125 -0.0416641235351562
0.0308933258056641 -0.0254898071289062 0.0353965759277344 -0.0349769592285156
0.0336418151855469 -0.0292797088623047 0.0285835266113281 -0.0219249725341797
0.0461235046386719 -0.0199966430664063 0.0251502990722656 -0.0107002258300781
0.0537872314453125 0.00690078735351562 0.00631284713745118 -0.00490570068359375
0.0453529357910156 0.0376319885253906 0.00209140777587891 -0.0134248733520508
0.00200271606445312 0.0679359436035156 0.0103874206542969 -0.0335292816162109
-0.0379180908203125 0.0775604248046875 0.0345039367675781 -0.0305366516113281
-0.0670547485351563 0.0631256103515625 0.0360679626464844 -0.00521087646484375
-0.0895233154296875 0.0442581176757813 0.0449447631835937 0.0408363342285156
-0.052734375 0.0655746459960938 0.0102462768554688 0.0393524169921875
-0.020782470703125 0.0671234130859375 0.00936508178710937 0.049102783203125
0.0243759155273437 0.0587615966796875 0.04241943359375 0.0480537414550781
0.0478744506835938 0.0296249389648437 0.0550270080566406 0.0174598693847656
0.0544967651367188 -0.00750350952148438 0.0537872314453125 -0.0156936645507813
0.0485038757324219 -0.0319366455078125 0.0405082702636719 -0.0265312194824219
0.0466194152832031 -0.0299072265625 0.0245952606201172 -0.0198802947998047
0.0515518188476562 -0.0337295532226563 0.0169086456298828 -0.00826549530029297
0.0616340637207031 -0.0194816589355469 0.0118951797485352 -0.00195026397705078
0.0647964477539063 0.0150642395019531 -0.00467061996459961 -0.000810146331787108
0.0503044128417969 0.0474510192871094 -0.00528144836425781 -0.0105752944946289
-0.00408935546875 0.076141357421875 0.00340461730957031 -0.0272865295410156
-0.0507888793945312 0.0804443359375 0.0225334167480469 -0.0135421752929687
-0.081298828125 0.0598220825195312 0.0104799270629883 0.0104055404663086
-0.0999374389648438 0.028167724609375 0.0105247497558594 0.0558242797851563
-0.0735702514648437 0.0601577758789063 -0.0134124755859375 0.0567512512207031
-0.0383529663085938 0.0764007568359375 -0.00119781494140625 0.0572891235351563
0.0191116333007812 0.0760574340820313 0.0290985107421875 0.0510292053222656
0.0534095764160156 0.0431861877441406 0.0372467041015625 0.0219650268554688
0.0681076049804687 -0.00200653076171875 0.0344047546386719 -0.00461006164550781
0.0595474243164063 -0.0316238403320313 0.0236606597900391 -0.00824928283691406
0.0559921264648437 -0.0297775268554688 0.0103006362915039 -0.00151824951171875
0.0613555908203125 -0.0339202880859375 0.001373291015625 0.00687789916992187
0.0697402954101563 -0.0173873901367188 -0.0044717788696289 0.00764083862304687
0.0678291320800781 0.0213127136230469 -0.0174160003662109 0.00327110290527344
0.0490989685058594 0.0533027648925781 -0.0129108428955078 -0.00940799713134765
-0.011627197265625 0.076568603515625 4.57763671874984E-05 -0.0210800170898437
-0.0597381591796875 0.0735549926757813 0.0121984481811523 0.00402450561523438
-0.087493896484375 0.0468978881835937 -0.0166759490966797 0.0237941741943359
-0.0908966064453125 0.00617218017578124 -0.0248298645019531 0.0627899169921875
-0.0790634155273437 0.03985595703125 -0.0373992919921875 0.0662574768066406
-0.0501060485839844 0.0651092529296875 -0.0131416320800781 0.0593223571777344
0.00600433349609375 0.07611083984375 0.0121955871582031 0.0479049682617188
0.0460357666015625 0.04925537109375 0.0163688659667969 0.0229225158691406
0.0680618286132813 0.00493240356445313 0.0121898651123047 0.00564765930175781
0.0608482360839844 -0.0255470275878906 0.00402259826660157 0.00923633575439453
0.0557670593261719 -0.0250663757324219 -0.00567913055419922 0.0162763595581055
0.0619888305664063 -0.0289268493652344 -0.0151710510253906 0.0218791961669922
0.0679893493652344 -0.0127487182617188 -0.0224990844726563 0.0157966613769531
0.0632705688476563 0.0246810913085938 -0.0311355590820312 0.00516891479492188
0.0423240661621094 0.0538139343261719 -0.0202808380126953 -0.010009765625
-0.0197334289550781 0.0693359375 -0.00353431701660156 -0.0167961120605469
-0.0641593933105469 0.0582351684570313 0.00143718719482421 0.0170993804931641
-0.0850830078125 0.0276947021484375 -0.0437126159667969 0.0306968688964844
-0.0638771057128906 -0.0165367126464844 -0.0524673461914063 0.0616836547851562
-0.0650825500488281 0.0113601684570313 -0.0556678771972656 0.0669822692871094
-0.0499458312988281 0.0383338928222656 -0.0208244323730469 0.0557823181152344
-0.00815582275390625 0.0589866638183594 -0.00140762329101562 0.0400848388671875
0.0294265747070312 0.044219970703125 -0.00230216979980469 0.0190925598144531
0.0545005798339844 0.0109367370605469 -0.00927925109863281 0.0128717422485352
0.05169677734375 -0.0154457092285156 -0.0148334503173828 0.0241909027099609
0.0476570129394531 -0.01678466796875 -0.020721435546875 0.0319385528564453
0.0535125732421875 -0.0206527709960938 -0.0301494598388672 0.0348052978515625
0.0585441589355469 -0.00732421875 -0.0393905639648438 0.0230751037597656
0.05255126953125 0.0244369506835938 -0.0443305969238281 0.00616455078125
0.03173828125 0.0487937927246094 -0.0282688140869141 -0.0123958587646484
-0.0251083374023438 0.0567893981933594 -0.00687980651855469 -0.0160207748413086
-0.0628776550292969 0.0376129150390625 -0.0102634429931641 0.0242443084716797
-0.0737762451171875 0.00524902343749999 -0.0686149597167969 0.0304679870605469
-0.0271873474121094 -0.0372886657714844 -0.0665931701660156 0.0537757873535156
-0.0395774841308594 -0.0178070068359375 -0.0620918273925781 0.0617866516113281
-0.0389747619628906 0.00512313842773437 -0.0223045349121094 0.0490570068359375
-0.0193901062011719 0.0308685302734375 -0.00963401794433594 0.0310077667236328
0.00848770141601562 0.0311813354492188 -0.014063835144043 0.0144023895263672
0.0321292877197266 0.014556884765625 -0.0242462158203125 0.0179080963134766
0.0344371795654297 -0.00334358215332031 -0.0287914276123047 0.0338802337646484
0.0322284698486328 -0.00626754760742188 -0.03204345703125 0.0427093505859375
0.0377044677734375 -0.00960159301757813 -0.0427284240722656 0.0436134338378906
0.0409889221191406 -0.00148391723632813 -0.0541877746582031 0.02703857421875
0.0360984802246094 0.0208663940429687 -0.0554656982421875 0.00553131103515626
0.019866943359375 0.0381622314453125 -0.0357246398925781 -0.0155754089355469
-0.0261726379394531 0.0388031005859375 -0.0119228363037109 -0.017451286315918
-0.0533332824707031 0.0141487121582031 -0.0226173400878906 0.0240077972412109
-0.0527572631835938 -0.0179672241210938 -0.0885848999023438 0.0220489501953125
0.00981521606445312 0.0364723205566406 0.0910415649414063 -0.0212631225585937
0.0338382720947266 0.00568771362304688 0.0318527221679688 -0.0151615142822266
0.0157947540283203 -0.0192909240722656 0.0144023895263672 0.0194034576416016
-0.00375747680664063 -0.0209922790527344 0.0475387573242188 0.0261993408203125
-0.014984130859375 -0.0132589340209961 0.0691642761230469 -0.00420761108398438
-0.0224056243896484 -0.000770568847656251 0.0681304931640625 -0.0398597717285156
-0.0160083770751953 -0.00222301483154297 0.0506935119628906 -0.0583114624023438
-0.0129804611206055 -0.00600528717041016 0.0377883911132813 -0.0518798828125
-0.0163097381591797 -0.00972175598144531 0.0345916748046875 -0.0398139953613281
-0.00525474548339844 -0.0202865600585938 0.0327243804931641 -0.0263290405273438
0.0141696929931641 -0.0212078094482422 0.0190105438232422 -0.0164794921875
0.0276470184326172 -0.00499343872070313 0.0151119232177734 -0.0246028900146484
0.0276298522949219 0.0250701904296875 0.0300483703613281 -0.0472831726074219
0.0136260986328125 0.046630859375 0.0606689453125 -0.0604248046875
-0.00836563110351562 0.0503807067871094 0.0725860595703125 -0.0434722900390625
-0.0276107788085938 0.0513687133789062 0.0906448364257813 -0.00327301025390625
0.0100059509277344 0.0344581604003906 0.0338306427001953 -0.00184822082519531
0.0095977783203125 0.0126533508300781 0.0174694061279297 0.0278186798095703
0.0111122131347656 0.00380897521972656 0.0531730651855469 0.0326004028320313
0.00907039642333984 -0.0026397705078125 0.07281494140625 0.0003814697265625
0.00490283966064453 -0.00760126113891602 0.0717926025390625 -0.037872314453125
0.00693321228027344 -0.0174674987792969 0.0542678833007812 -0.0562934875488281
0.00920867919921875 -0.0191020965576172 0.0384140014648438 -0.0495529174804688
0.00971031188964844 -0.0227603912353516 0.034423828125 -0.0359725952148438
0.0236911773681641 -0.0222187042236328 0.0328922271728516 -0.0223350524902344
0.0378341674804688 -0.00705337524414063 0.0158224105834961 -0.0120429992675781
0.0397300720214844 0.0197067260742188 0.0101566314697266 -0.0193138122558594
0.0145606994628906 0.0526771545410156 0.0200386047363281 -0.0420761108398438
-0.01513671875 0.0688819885253906 0.0486564636230469 -0.0500106811523437
-0.0417938232421875 0.0638351440429688 0.0600433349609375 -0.0279083251953125
-0.0644683837890625 0.0577163696289063 0.0763320922851563 0.0184173583984375
-0.0205421447753906 0.0593109130859375 0.0272502899169922 0.0184097290039063
-0.00150299072265625 0.0463447570800781 0.0170059204101562 0.0389366149902344
0.0240898132324219 0.0330581665039063 0.0531768798828125 0.0411262512207031
0.0338878631591797 0.0118904113769531 0.0698051452636719 0.00706100463867188
0.0331268310546875 -0.0114822387695312 0.0676536560058594 -0.0308914184570313
0.0297927856445313 -0.0302619934082031 0.05078125 -0.0472259521484375
0.0304241180419922 -0.0293598175048828 0.0341415405273438 -0.0397453308105469
0.0339202880859375 -0.0334358215332031 0.0278244018554688 -0.0258064270019531
0.0474166870117188 -0.0245132446289063 0.0250816345214844 -0.015045166015625
0.0573005676269531 0.0038604736328125 0.00670003890991211 -0.00747013092041016
0.0502853393554688 0.0367813110351563 0.00252437591552735 -0.0154352188110352
0.00659942626953124 0.0721435546875 0.0102157592773438 -0.0362014770507812
-0.0348434448242188 0.0849075317382813 0.0352096557617188 -0.0348091125488281
-0.0668220520019531 0.0701789855957031 0.0391960144042969 -0.009765625
-0.0920867919921875 0.0532760620117187 0.0494422912597656 0.040435791015625
-0.0516891479492187 0.0729827880859375 0.0116539001464844 0.03973388671875
-0.0178604125976563 0.0740127563476562 0.011138916015625 0.0511474609375
0.0303611755371094 0.0610160827636719 0.0460586547851562 0.0483512878417969
0.0525321960449219 0.0276756286621094 0.0586090087890625 0.0155677795410156
0.057098388671875 -0.0115242004394531 0.0553855895996094 -0.0192298889160156
0.0490760803222656 -0.0374794006347656 0.0404319763183594 -0.0305824279785156
0.0471611022949219 -0.0355911254882813 0.0240879058837891 -0.0229721069335938
0.05218505859375 -0.0403671264648438 0.0159769058227539 -0.0109825134277344
0.0640678405761719 -0.0254859924316406 0.0115880966186523 -0.00488090515136719
0.0695152282714844 0.011474609375 -0.00511980056762695 -0.00233173370361328
0.0566596984863281 0.0473861694335938 -0.00541496276855468 -0.0122060775756836
0.000610351562499997 0.0818328857421875 0.00260734558105469 -0.0292034149169922
-0.0482406616210937 0.0891799926757813 0.0229778289794922 -0.0163803100585937
-0.0821304321289062 0.0679931640625 0.0133342742919922 0.00841426849365235
-0.103843688964844 0.0370559692382813 0.01336669921875 0.0577201843261719
-0.0741043090820313 0.0689315795898438 -0.0120048522949219 0.0590744018554688
-0.035552978515625 0.0843658447265625 0.000110626220703122 0.0598983764648438
0.0253677368164062 0.0795974731445313 0.0321846008300781 0.0521965026855469
0.059844970703125 0.0417098999023438 0.0399131774902344 0.0217971801757813
0.071807861328125 -0.0070648193359375 0.035369873046875 -0.00591278076171875
0.0605697631835938 -0.0377273559570313 0.0242366790771484 -0.0104923248291016
0.0563774108886719 -0.0361251831054687 0.010589599609375 -0.00238800048828125
0.0622825622558594 -0.0410842895507813 0.000993251800537114 0.0069432258605957
0.0719833374023438 -0.0239791870117188 -0.00491094589233398 0.00682783126831055
0.0736160278320313 0.0172348022460938 -0.0184364318847656 0.00275802612304687
0.0560111999511719 0.0528602600097656 -0.0136804580688477 -0.0102605819702148
-0.00701141357421875 0.0825653076171875 -0.00120353698730469 -0.0222797393798828
-0.0577239990234375 0.0826034545898438 0.0134344100952148 0.00266361236572266
-0.0891876220703125 0.055389404296875 -0.0156078338623047 0.0240764617919922
-0.095428466796875 0.0135650634765625 -0.0226669311523438 0.0676994323730469
-0.0806503295898438 0.0476837158203125 -0.0366973876953125 0.0703506469726563
-0.04888916015625 0.07366943359375 -0.0116500854492188 0.0620346069335938
0.0121002197265625 0.0807342529296875 0.0142745971679688 0.0499153137207031
0.0526504516601563 0.0488777160644531 0.0174999237060547 0.0241565704345703
0.072235107421875 4.57763671875E-05 0.0122251510620117 0.00717639923095703
0.06207275390625 -0.0317306518554688 0.00495719909667969 0.00963020324707031
0.0568428039550781 -0.0309562683105469 -0.00496101379394531 0.0172510147094727
0.0629959106445313 -0.0361900329589844 -0.0152740478515625 0.0240459442138672
0.0709304809570313 -0.0192184448242188 -0.0232772827148437 0.0171756744384766
0.0689430236816406 0.020965576171875 -0.0329647064208984 0.00638961791992187
0.0484619140625 0.0536575317382812 -0.0221099853515625 -0.0103511810302734
-0.0159149169921875 0.0758819580078125 -0.0045166015625 -0.0185146331787109
-0.0635986328125 0.0668449401855469 0.00269889831542968 0.0169744491577148
-0.0874481201171875 0.035125732421875 -0.0439109802246094 0.0331535339355469
-0.0689582824707031 -0.012054443359375 -0.0528717041015625 0.0677604675292969
-0.0680656433105469 0.01727294921875 -0.0553054809570313 0.072509765625
-0.050140380859375 0.0449409484863281 -0.019805908203125 0.0590476989746094
-0.00397109985351563 0.0627975463867187 -0.000740051269531253 0.0419883728027344
0.0347404479980469 0.0443191528320313 -0.00201797485351562 0.0213642120361328
0.0584182739257812 0.00749588012695312 -0.0094156265258789 0.0162591934204102
0.0532264709472656 -0.0204963684082031 -0.0138530731201172 0.0269317626953125
0.0483818054199219 -0.0217819213867188 -0.0193634033203125 0.034759521484375
0.0550765991210938 -0.0262451171875 -0.0303497314453125 0.0387763977050781
0.0608177185058594 -0.0127410888671875 -0.0405769348144531 0.0265731811523438
0.0575637817382812 0.0214004516601562 -0.0467987060546875 0.00877761840820314
0.0376091003417969 0.0493583679199219 -0.0305309295654297 -0.0120277404785156
-0.0227622985839844 0.0620841979980469 -0.00783061981201172 -0.0166635513305664
-0.063323974609375 0.0445632934570313 -0.00868034362792969 0.0257244110107422
-0.0763473510742188 0.0105819702148437 -0.0704269409179688 0.03497314453125
-0.0315170288085937 -0.0365257263183594 -0.0680809020996094 0.0611076354980469
-0.04278564453125 -0.0153007507324219 -0.0621986389160156 0.067840576171875
-0.0407485961914063 0.0091705322265625 -0.0214767456054688 0.0517425537109375
-0.017608642578125 0.0344886779785156 -0.00956916809082031 0.0330028533935547
0.0115795135498047 0.0318679809570313 -0.0149564743041992 0.0170841217041016
0.0348644256591797 0.0122241973876953 -0.0243473052978516 0.0216293334960938
0.0353660583496094 -0.00656509399414063 -0.0273704528808594 0.0379295349121094
0.0333900451660156 -0.00979995727539063 -0.0302352905273437 0.0468902587890625
0.0385284423828125 -0.0131263732910156 -0.0423851013183594 0.04913330078125
0.0431060791015625 -0.00528335571289063 -0.0557365417480469 0.0319900512695313
0.0398139953613281 0.0187187194824219 -0.0583229064941406 0.00901031494140624
0.0234947204589844 0.0380821228027344 -0.0389785766601563 -0.0153923034667969
-0.0248260498046875 0.042724609375 -0.0129013061523438 -0.0179920196533203
-0.0544776916503906 0.0189323425292969 -0.0215530395507813 0.0262107849121094
-0.0554046630859375 -0.0151290893554687 -0.0913314819335938 0.0276718139648437
0.0124359130859375 0.0365066528320313 0.0926284790039063 -0.0282211303710937
0.0347938537597656 0.00365829467773438 0.0311527252197266 -0.0173110961914062
0.0145778656005859 -0.0207386016845703 0.0152416229248047 0.0198402404785156
-0.00544929504394531 -0.0208625793457031 0.0508689880371094 0.0240097045898438
-0.0168304443359375 -0.01153564453125 0.0706405639648437 -0.00992584228515625
-0.0222530364990234 0.00137710571289062 0.0665702819824219 -0.0473060607910156
-0.0163278579711914 -0.000558853149414066 0.0469703674316406 -0.0642471313476563
-0.0137519836425781 -0.00517845153808594 0.0337982177734375 -0.0572128295898437
-0.0171804428100586 -0.00806713104248047 0.0315895080566406 -0.0448875427246094
-0.00670051574707031 -0.0195446014404297 0.0308113098144531 -0.0315780639648438
0.0118808746337891 -0.0225486755371094 0.018829345703125 -0.0197467803955078
0.0279312133789063 -0.00745773315429688 0.0152511596679688 -0.0269393920898438
0.0301418304443359 0.0233955383300781 0.0286674499511719 -0.04998779296875
0.017120361328125 0.0461959838867188 0.0582962036132813 -0.0664787292480469
-0.00452423095703125 0.0517234802246094 0.0727767944335938 -0.0521240234375
-0.0249900817871094 0.0554962158203125 0.0932388305664063 -0.009521484375
0.0123443603515625 0.0354461669921875 0.0340824127197266 -0.00409317016601562
0.0112237930297852 0.0131292343139648 0.0188331604003906 0.0279083251953125
0.0120363235473633 0.00349807739257812 0.0565299987792969 0.0304412841796875
0.00916099548339844 -0.00291919708251953 0.0745468139648438 -0.00492095947265625
0.00483036041259766 -0.00757741928100586 0.0701026916503906 -0.0449180603027344
0.00546646118164063 -0.0186195373535156 0.0501365661621094 -0.06298828125
0.00806617736816406 -0.0206508636474609 0.034698486328125 -0.0549278259277344
0.00835609436035156 -0.0244979858398438 0.0311203002929687 -0.0411605834960938
0.0221023559570313 -0.0245170593261719 0.0312595367431641 -0.0278282165527344
0.038238525390625 -0.00994491577148438 0.0161066055297852 -0.0160598754882813
0.0423393249511719 0.0168914794921875 0.0103836059570313 -0.0218696594238281
0.0191154479980469 0.0532455444335937 0.0183944702148437 -0.0446205139160156
-0.010223388671875 0.0719146728515625 0.0465927124023438 -0.0554580688476563
-0.0382347106933594 0.068206787109375 0.0612144470214844 -0.035125732421875
-0.0621566772460938 0.0650634765625 0.0797195434570313 0.0133438110351563
-0.0169754028320313 0.0638504028320313 0.0282936096191406 0.0161933898925781
0.0024566650390625 0.0492057800292969 0.0192718505859375 0.0393638610839844
0.0283107757568359 0.0328750610351563 0.0571708679199219 0.0387535095214844
0.0359840393066406 0.0094146728515625 0.0717926025390625 0.002410888671875
0.0336818695068359 -0.0146198272705078 0.0668907165527344 -0.0367622375488281
0.0280113220214844 -0.0339279174804688 0.0475120544433594 -0.0529823303222656
0.0286998748779297 -0.0333213806152344 0.0304222106933594 -0.0440330505371094
0.0320396423339844 -0.0380477905273438 0.0254611968994141 -0.0297889709472656
0.0468521118164063 -0.0292205810546875 0.0238208770751953 -0.0196628570556641
0.0594711303710938 -0.0009002685546875 0.00673770904541016 -0.0102052688598633
0.0551376342773438 0.0339126586914063 0.00259685516357422 -0.0173635482788086
0.0129241943359375 0.0744400024414063 0.00858688354492188 -0.0380325317382812
-0.02972412109375 0.0905685424804688 0.0336685180664063 -0.0386543273925781
-0.0637130737304688 0.0776138305664063 0.0411758422851563 -0.0151557922363281
-0.0909881591796875 0.0629806518554688 0.0538253784179687 0.037872314453125
-0.04742431640625 0.0797576904296875 0.014129638671875 0.0392074584960938
-0.0116119384765625 0.0791244506835938 0.0137443542480469 0.0513725280761719
0.0369606018066406 0.06085205078125 0.0502128601074219 0.0469284057617188
0.0568656921386719 0.0240478515625 0.0609664916992188 0.0126190185546875
0.0586166381835937 -0.0167160034179688 0.0553398132324219 -0.0232086181640625
0.0469436645507813 -0.0433807373046875 0.038818359375 -0.0354995727539062
0.0449981689453125 -0.0414276123046875 0.0219058990478516 -0.0263614654541016
0.0501937866210938 -0.0467376708984375 0.0144777297973633 -0.0130844116210938
0.0635719299316406 -0.0320892333984375 0.0105504989624023 -0.00770092010498047
0.0735244750976562 0.005462646484375 -0.00536727905273437 -0.00348234176635742
0.0629501342773438 0.0437774658203125 -0.00612163543701172 -0.0132045745849609
0.00801086425781249 0.08538818359375 0.00143051147460938 -0.0302982330322266
-0.042388916015625 0.0970458984375 0.0231533050537109 -0.0194454193115234
-0.0793685913085938 0.0765380859375 0.0153236389160156 0.00525569915771485
-0.1044921875 0.04779052734375 0.0173568725585937 0.0588226318359375
-0.0711135864257813 0.0778884887695313 -0.00904464721679688 0.0605697631835938
-0.0298385620117187 0.0922164916992187 0.00334930419921875 0.0610694885253906
0.033538818359375 0.0800552368164063 0.0351676940917969 0.05169677734375
0.0658721923828125 0.0375404357910156 0.0420417785644531 0.0205421447753906
0.0737152099609375 -0.0136489868164063 0.0360450744628906 -0.00721359252929688
0.0583114624023437 -0.0450439453125 0.0236167907714844 -0.0127334594726563
0.0546455383300781 -0.0431900024414063 0.00967788696289063 -0.00458240509033203
0.0603904724121094 -0.049163818359375 0.000505924224853519 0.00654792785644531
0.0718994140625 -0.0316238403320313 -0.00552558898925781 0.00589990615844727
0.0780029296875 0.0106277465820313 -0.0191802978515625 0.00339508056640625
0.0630531311035156 0.0492439270019531 -0.0150918960571289 -0.0104742050170898
0.000175476074218748 0.0868377685546875 -0.00251960754394531 -0.0236682891845703
-0.0524063110351563 0.091522216796875 0.0142326354980469 0.000698089599609381
-0.0874099731445313 0.0648727416992188 -0.0131664276123047 0.0238170623779297
-0.0976486206054688 0.02294921875 -0.0190963745117187 0.0713958740234375
-0.07916259765625 0.0566787719726563 -0.0332794189453125 0.0740127563476562
-0.0441970825195313 0.0820770263671875 -0.00905990600585939 0.0640830993652344
0.0196380615234375 0.0824737548828125 0.0169830322265625 0.0506401062011719
0.059478759765625 0.0450363159179688 0.0191173553466797 0.0246562957763672
0.0745697021484375 -0.00638580322265625 0.0134983062744141 0.00772666931152344
0.0611381530761719 -0.0389480590820313 0.00588798522949219 0.00969123840332031
0.0553321838378906 -0.0380897521972656 -0.00368976593017578 0.0174760818481445
0.0616836547851563 -0.0439186096191406 -0.0142498016357422 0.02581787109375
0.0710601806640625 -0.02703857421875 -0.0232410430908203 0.0190086364746094
0.073760986328125 0.01495361328125 -0.0335121154785156 0.00848007202148438
0.0553550720214844 0.0510635375976562 -0.0236377716064453 -0.00959396362304687
-0.00932312011718749 0.080169677734375 -0.0058135986328125 -0.0186862945556641
-0.059722900390625 0.0754241943359375 0.00474739074707031 0.016484260559082
-0.0866546630859375 0.04376220703125 -0.0417442321777344 0.0358810424804688
-0.0721969604492188 -0.00589752197265626 -0.0503997802734375 0.0741729736328125
-0.0687026977539063 0.0243606567382813 -0.052581787109375 0.0778656005859375
-0.0478477478027344 0.0522575378417969 -0.0172233581542969 0.0608787536621094
0.00200271606445312 0.0657920837402344 0.00104904174804687 0.0435752868652344
0.0402336120605469 0.0423126220703125 -0.00103187561035156 0.0231666564941406
0.0610885620117188 0.00185012817382813 -0.00806236267089843 0.0188579559326172
0.0524711608886719 -0.0265769958496094 -0.0115814208984375 0.028778076171875
0.0478057861328125 -0.0275344848632813 -0.0166816711425781 0.0368423461914063
0.0537567138671875 -0.0328559875488281 -0.0282669067382813 0.0427474975585937
0.0614051818847656 -0.0188446044921875 -0.0402679443359375 0.0301589965820312
0.0618095397949219 0.0162887573242188 -0.0477485656738281 0.0125846862792969
0.0432891845703125 0.0468368530273438 -0.0329818725585938 -0.0107650756835937
-0.0178070068359375 0.0663909912109375 -0.00911712646484375 -0.0171346664428711
-0.0607566833496094 0.0521697998046875 -0.00647544860839844 0.0260906219482422
-0.0772018432617188 0.0177536010742187 -0.0696830749511719 0.0406875610351563
-0.0351104736328125 -0.0336933135986328 -0.0668296813964844 0.0690536499023438
-0.0450477600097656 -0.0116539001464844 -0.0597686767578125 0.0738449096679688
-0.0411491394042969 0.0142593383789063 -0.0193939208984375 0.0545806884765625
-0.0144424438476563 0.0374107360839844 -0.00908088684082031 0.0350971221923828
0.015350341796875 0.0311737060546875 -0.0142574310302734 0.0206489562988281
0.03704833984375 0.00930404663085938 -0.02288818359375 0.0259685516357422
0.0356826782226563 -0.0105781555175781 -0.02423095703125 0.041534423828125
0.0328502655029297 -0.0132942199707031 -0.0267372131347656 0.050537109375
0.0379791259765625 -0.0176849365234375 -0.0392913818359375 0.0546836853027344
0.043304443359375 -0.00948715209960938 -0.0549507141113281 0.0378074645996094
0.0429153442382813 0.0155868530273437 -0.0599441528320313 0.0139083862304688
0.0275917053222656 0.0367813110351563 -0.0416030883789063 -0.0130424499511719
-0.0216255187988281 0.0463905334472656 -0.0146102905273438 -0.0181903839111328
-0.0537605285644531 0.0243644714355469 -0.0192642211914063 0.0278129577636719
-0.056976318359375 -0.0108299255371094 -0.0919036865234375 0.0350265502929688
0.0152320861816406 0.0356674194335938 0.0917510986328125 -0.0341644287109375
0.034423828125 0.00158500671386719 0.0291824340820313 -0.0189189910888672
0.0130577087402344 -0.0213279724121094 0.0164279937744141 0.0196552276611328
-0.00735664367675781 -0.0203571319580078 0.0518341064453125 0.0213394165039062
-0.0177497863769531 -0.00963401794433593 0.0696258544921875 -0.0142250061035156
-0.0214157104492188 0.00372314453125 0.062530517578125 -0.0524673461914063
-0.0163440704345703 0.000979423522949222 0.0416412353515625 -0.0680809020996094
-0.0142145156860352 -0.00376510620117187 0.0284347534179687 -0.0598068237304688
-0.0173130035400391 -0.00651168823242188 0.0267181396484375 -0.0475692749023438
-0.00854682922363281 -0.0186500549316406 0.0275592803955078 -0.0351085662841797
0.00979042053222656 -0.0228176116943359 0.0182209014892578 -0.0231533050537109
0.0266208648681641 -0.0091705322265625 0.0144786834716797 -0.0285930633544922
0.0319919586181641 0.0208168029785156 0.0264549255371094 -0.05157470703125
0.0205497741699219 0.0443534851074219 0.0543479919433594 -0.0702133178710938
-0.00147628784179688 0.0512619018554688 0.0704727172851563 -0.0586166381835938
-0.0214157104492188 0.0576591491699219 0.093231201171875 -0.0152969360351562
0.0147590637207031 0.0353546142578125 0.0325927734375 -0.00591659545898437
0.0121450424194336 0.0131864547729492 0.0200767517089844 0.0273227691650391
0.0126333236694336 0.00292587280273437 0.0583724975585937 0.0276031494140625
0.00886821746826172 -0.0034637451171875 0.0737075805664063 -0.0095977783203125
0.0051732063293457 -0.00793838500976563 0.0666236877441406 -0.0501823425292969
0.00412178039550781 -0.0191936492919922 0.0450325012207031 -0.0672225952148438
0.00649833679199219 -0.02142333984375 0.0291748046875 -0.0575332641601563
0.00687217712402344 -0.0251312255859375 0.0267829895019531 -0.0440750122070312
0.0206623077392578 -0.026031494140625 0.0281772613525391 -0.0317611694335938
0.0371475219726563 -0.0122756958007812 0.0149116516113281 -0.0185718536376953
0.0434341430664063 0.0142364501953125 0.0101490020751953 -0.0235767364501953
0.0228691101074219 0.0519752502441406 0.0165138244628906 -0.045745849609375
-0.00519561767578125 0.0733108520507813 0.04296875 -0.0589179992675781
-0.033935546875 0.0708084106445312 0.0600242614746094 -0.0414199829101562
-0.0583763122558594 0.0702667236328125 0.080963134765625 0.0079193115234375
-0.0124855041503906 0.0657463073730469 0.0282058715820312 0.01422119140625
0.00620651245117188 0.0507316589355469 0.0204277038574219 0.038116455078125
0.0312480926513672 0.0309467315673828 0.0591926574707031 0.0358543395996094
0.0370903015136719 0.00640487670898437 0.071533203125 -0.00168609619140625
0.0332775115966797 -0.0171642303466797 0.0638618469238281 -0.0414657592773438
0.0253028869628906 -0.0363807678222656 0.0428276062011719 -0.056396484375
0.0258979797363281 -0.0360527038574219 0.025848388671875 -0.0467529296875
0.0292015075683594 -0.0406608581542969 0.0216922760009766 -0.0321502685546875
0.0444908142089844 -0.0329322814941406 0.0209178924560547 -0.0232772827148438
0.0597419738769531 -0.00528335571289063 0.0056610107421875 -0.0126218795776367
0.0580596923828125 0.0299491882324219 0.00210762023925782 -0.0190315246582031
0.018463134765625 0.074127197265625 0.00684738159179687 -0.03851318359375
-0.0230865478515625 0.0936660766601563 0.0315589904785156 -0.0416679382324219
-0.0588607788085937 0.08221435546875 0.0409507751464844 -0.0201950073242187
-0.0871963500976563 0.070831298828125 0.0562286376953125 0.0348091125488281
-0.0418853759765625 0.0845794677734375 0.0149116516113281 0.0376663208007813
-0.00544738769531251 0.0814895629882812 0.0156745910644531 0.0507698059082031
0.0418357849121094 0.0587844848632813 0.0521659851074219 0.0442619323730469
0.0590972900390625 0.0194587707519531 0.0609283447265625 0.00885772705078125
0.05755615234375 -0.0213279724121094 0.053619384765625 -0.0266532897949219
0.0431747436523438 -0.0471687316894531 0.0353012084960938 -0.0384178161621094
0.0413131713867188 -0.0456962585449219 0.0187053680419922 -0.0282211303710938
0.0462265014648437 -0.051483154296875 0.0125083923339844 -0.0146923065185547
0.0611381530761719 -0.0378074645996094 0.00929832458496094 -0.0106210708618164
0.0741958618164063 -0.0005645751953125 -0.00586462020874023 -0.0045323371887207
0.0670242309570313 0.0390663146972656 -0.00685977935791015 -0.0139923095703125
0.01434326171875 0.0858306884765625 -0.000192642211914062 -0.03076171875
-0.035430908203125 0.101341247558594 0.0219459533691406 -0.0215587615966797
-0.074554443359375 0.0828781127929687 0.0164108276367187 0.00191974639892579
-0.101699829101563 0.0567169189453125 0.0210533142089844 0.0578880310058594
-0.065521240234375 0.0833816528320312 -0.00619125366210938 0.06036376953125
-0.0227508544921875 0.0959625244140625 0.00558471679687499 0.0603218078613281
0.0401763916015625 0.0787277221679688 0.0373725891113281 0.0498313903808594
0.0692062377929688 0.0323257446289063 0.0430221557617188 0.0183830261230469
0.0729751586914063 -0.0195159912109375 0.0356216430664063 -0.00873184204101563
0.0546112060546875 -0.050048828125 0.0225257873535156 -0.0145301818847656
0.0508537292480469 -0.0481452941894531 0.00874376296997071 -0.00535345077514649
0.0566139221191406 -0.0547447204589844 0.000137805938720706 0.00635004043579101
0.0695037841796875 -0.0381736755371094 -0.00639057159423828 0.00512552261352539
0.079345703125 0.0038909912109375 -0.01959228515625 0.00365257263183594
0.0675468444824219 0.04443359375 -0.015406608581543 -0.010523796081543
0.00729370117187499 0.0882492065429688 -0.00396156311035156 -0.0236148834228516
-0.0452728271484375 0.09661865234375 0.0145788192749023 -0.000983238220214838
-0.0827560424804688 0.0719985961914063 -0.0109004974365234 0.0228748321533203
-0.0962982177734375 0.0315017700195313 -0.0150604248046875 0.0735397338867188
-0.075469970703125 0.0637588500976563 -0.02947998046875 0.0758438110351563
-0.03790283203125 0.086517333984375 -0.00641250610351562 0.0641326904296875
0.0261306762695313 0.0816268920898438 0.0182342529296875 0.0497093200683594
0.06304931640625 0.0401573181152344 0.0204696655273438 0.0246906280517578
0.0744171142578125 -0.0126266479492187 0.0148200988769531 0.00807476043701172
0.0571784973144531 -0.0443153381347656 0.00657749176025391 0.00905609130859375
0.0518379211425781 -0.0432052612304688 -0.00283241271972656 0.0178070068359375
0.057891845703125 -0.0496025085449219 -0.0127048492431641 0.0272083282470703
0.0687751770019531 -0.0332679748535156 -0.0224933624267578 0.0197582244873047
0.0753555297851563 0.00827789306640625 -0.0337467193603516 0.0103988647460937
0.0597915649414063 0.0463104248046875 -0.0245227813720703 -0.00873947143554688
-0.00286865234375 0.0823898315429688 -0.00699806213378906 -0.0188426971435547
-0.05413818359375 0.0810089111328125 0.00592517852783203 0.0149497985839844
-0.0832061767578125 0.0507736206054688 -0.0393333435058594 0.0372695922851562
-0.0723876953125 0.000656127929687502 -0.0463104248046875 0.0786666870117188
-0.066741943359375 0.0298118591308594 -0.048095703125 0.0809173583984375
-0.0438461303710938 0.0574798583984375 -0.0151252746582031 0.0611763000488281
0.00743484497070313 0.0665779113769531 0.00215911865234375 0.0440940856933594
0.0440216064453125 0.0388031005859375 0.00011253356933594 0.0249366760253906
0.0611915588378906 -0.003570556640625 -0.006103515625 0.0210609436035156
0.05010986328125 -0.0313072204589844 -0.00896644592285156 0.0295658111572266
0.044952392578125 -0.0316238403320313 -0.0135536193847656 0.0382003784179688
0.0504646301269531 -0.0379562377929688 -0.0248756408691406 0.0454902648925781
0.0594482421875 -0.0242385864257813 -0.0385780334472656 0.0327720642089844
0.0632095336914063 0.0116691589355469 -0.0475578308105469 0.0159149169921875
0.0470390319824219 0.0430908203125 -0.0342502593994141 -0.00851821899414063
-0.0127143859863281 0.0685272216796875 -0.0106983184814453 -0.0169973373413086
-0.0568199157714844 0.0576820373535156 -0.00442123413085938 0.02569580078125
-0.0749893188476562 0.0237197875976563 -0.0666847229003906 0.0445289611816406
-0.0377197265625 -0.0307197570800781 -0.0631027221679687 0.074798583984375
-0.0458908081054688 -0.00775146484374999 -0.0556793212890625 0.0774078369140625
-0.03961181640625 0.0179786682128906 -0.0173568725585938 0.0548553466796875
-0.0113563537597656 0.0386276245117188 -0.00834274291992188 0.0364112854003906
0.018218994140625 0.0294322967529297 -0.0130100250244141 0.0228977203369141
0.037841796875 0.00606155395507813 -0.0203571319580078 0.029052734375
0.0343990325927734 -0.0137119293212891 -0.0201797485351562 0.0435676574707031
0.0314826965332031 -0.0165901184082031 -0.0223274230957031 0.0524101257324219
0.0366058349609375 -0.0217552185058594 -0.034912109375 0.0578765869140625
0.0424079895019531 -0.0132789611816406 -0.0525016784667969 0.0418014526367188
0.0439262390136719 0.0117835998535156 -0.0587997436523437 0.0185623168945313
0.0305995941162109 0.0344676971435547 -0.0428466796875 -0.0103492736816406
-0.0182609558105469 0.0478668212890625 -0.0157413482666016 -0.0176029205322266
-0.051239013671875 0.0290641784667969 -0.0168285369873047 0.0285358428955078
-0.0565872192382813 -0.00650024414062501 -0.0893783569335938 0.0408782958984375
0.0155677795410156 0.0346164703369141 0.090240478515625 -0.0368270874023438
0.0337142944335938 0.000743865966796875 0.0277957916259766 -0.0195884704589844
0.0122413635253906 -0.0215682983398438 0.0166969299316406 0.0195331573486328
-0.00802993774414063 -0.0198955535888672 0.0529823303222656 0.0198898315429687
-0.0180835723876953 -0.00858306884765625 0.0681037902832031 -0.0169906616210938
-0.0202312469482422 0.0053558349609375 0.0591888427734375 -0.0552177429199219
-0.0161495208740234 0.00197792053222656 0.0377998352050781 -0.0691375732421875
-0.0145444869995117 -0.00289058685302734 0.0245628356933594 -0.0601959228515625
-0.0171871185302734 -0.00565338134765625 0.0233573913574219 -0.0493888854980469
-0.00935459136962891 -0.0174856185913086 0.0247955322265625 -0.0369606018066406
0.00799942016601563 -0.0226211547851563 0.0174655914306641 -0.0253028869628906
0.0255546569824219 -0.0100784301757813 0.0147876739501953 -0.0302333831787109
0.0321846008300781 0.0190105438232422 0.0251235961914063 -0.0514602661132813
0.0215606689453125 0.0431175231933594 0.0515594482421875 -0.0717849731445313
0.000522613525390626 0.0503807067871094 0.0685195922851563 -0.0628433227539063
-0.0194931030273437 0.0584678649902344 0.0923309326171875 -0.0190200805664063
0.0155563354492187 0.0352020263671875 0.0312728881835938 -0.00649261474609375
0.0133066177368164 0.0130691528320312 0.0198917388916016 0.0272197723388672
0.0128669738769531 0.00248813629150391 0.0586471557617188 0.0257339477539062
0.00892448425292969 -0.00367832183837891 0.07275390625 -0.0122299194335937
0.00517845153808594 -0.00782537460327148 0.0632400512695313 -0.0523605346679688
0.00314903259277344 -0.0191078186035156 0.0409622192382813 -0.0682563781738281
0.00460624694824219 -0.0216159820556641 0.0253143310546875 -0.0582656860351562
0.00582313537597657 -0.0251388549804688 0.0235862731933594 -0.0456390380859375
0.019256591796875 -0.0265712738037109 0.0247573852539063 -0.0342178344726563
0.03607177734375 -0.0141410827636719 0.0141429901123047 -0.0211467742919922
0.0434112548828125 0.0123748779296875 0.00991439819335938 -0.0249118804931641
0.0247116088867187 0.0510101318359375 0.015411376953125 -0.04547119140625
-0.001953125 0.0730667114257812 0.0413627624511719 -0.0602188110351562
-0.0318603515625 0.0715179443359375 0.0586509704589844 -0.0459251403808594
-0.0546188354492187 0.0728530883789063 0.0812530517578125 0.0055084228515625
-0.00970077514648437 0.0665931701660156 0.0276813507080078 0.0130119323730469
0.00942230224609375 0.0511131286621094 0.0205612182617188 0.0379905700683594
0.0325775146484375 0.0295219421386719 0.0590896606445313 0.0338554382324219
0.0373725891113281 0.00501251220703125 0.0704727172851563 -0.0037384033203125
0.0326099395751953 -0.0184059143066406 0.061614990234375 -0.0433464050292969
0.0231246948242187 -0.0376358032226563 0.0398292541503906 -0.0583686828613281
0.0231742858886719 -0.0375328063964844 0.0223770141601563 -0.04754638671875
0.0268058776855469 -0.0425605773925781 0.0186328887939453 -0.0335903167724609
0.0428733825683594 -0.0355339050292969 0.0184745788574219 -0.0258426666259766
0.0591087341308594 -0.00798416137695313 0.00475025177001953 -0.0144443511962891
0.0594291687011719 0.0269432067871094 0.00216484069824219 -0.0193672180175781
0.0217361450195313 0.0732955932617188 0.00582504272460937 -0.0389289855957031
-0.0189208984375 0.0941314697265625 0.0298957824707031 -0.043121337890625
-0.0553054809570313 0.0837783813476563 0.040557861328125 -0.02410888671875
-0.083740234375 0.0744171142578125 0.0572471618652344 0.0326576232910156
-0.0376358032226563 0.0866470336914063 0.0150794982910156 0.0366401672363281
-0.00107574462890625 0.0828628540039062 0.0158729553222656 0.0500526428222656
0.0452232360839844 0.0566940307617188 0.0521430969238281 0.042236328125
0.0597343444824219 0.0163345336914063 0.0606040954589844 0.00732803344726563
0.0566291809082031 -0.0244331359863281 0.0523910522460938 -0.0278549194335938
0.0401039123535156 -0.0493354797363281 0.0330009460449219 -0.039581298828125
0.0382766723632813 -0.0474700927734375 0.0161361694335938 -0.0288753509521484
0.0429458618164063 -0.0543785095214844 0.0104761123657227 -0.0157127380371094
0.0585746765136719 -0.04156494140625 0.007049560546875 -0.0123767852783203
0.073699951171875 -0.00518035888671875 -0.00673484802246093 -0.00587606430053711
0.0685043334960938 0.0356101989746094 -0.00707244873046874 -0.0143709182739258
0.0190505981445313 0.0857925415039062 -0.0010833740234375 -0.0303726196289062
-0.0299835205078125 0.103530883789063 0.0211639404296875 -0.0228557586669922
-0.0706939697265625 0.0854644775390625 0.0172414779663086 -0.00120162963867187
-0.0985031127929688 0.0615692138671875 0.0231208801269531 0.057403564453125
-0.061370849609375 0.086639404296875 -0.00503921508789063 0.0595588684082031
-0.0179672241210938 0.0976715087890625 0.00568771362304687 0.05938720703125
0.0444488525390625 0.0769500732421875 0.0376625061035156 0.0488624572753906
0.0700111389160156 0.0284576416015625 0.0425910949707031 0.0178413391113281
0.0716781616210938 -0.0232772827148438 0.0355491638183594 -0.008758544921875
0.0517120361328125 -0.0527229309082031 0.0214328765869141 -0.0156536102294922
0.0473175048828125 -0.0508995056152344 0.00753116607666016 -0.00590324401855469
0.0526695251464844 -0.0578804016113281 1.62124633789099E-05 0.00657129287719726
0.0668983459472656 -0.0422172546386719 -0.00703763961791992 0.00425672531127929
0.0794601440429688 -0.0006866455078125 -0.0200157165527344 0.00331878662109375
0.0696563720703125 0.0405654907226563 -0.0160942077636719 -0.0107278823852539
0.0118865966796875 0.0884780883789063 -0.0047454833984375 -0.0236721038818359
-0.040283203125 0.0996246337890625 0.0149374008178711 -0.00246429443359374
-0.0790634155273438 0.07537841796875 -0.00968360900878906 0.0210170745849609
-0.0944595336914063 0.0360488891601563 -0.01300048828125 0.0743560791015625
-0.0719528198242188 0.0668258666992187 -0.0275421142578125 0.0756683349609375
-0.0330352783203125 0.0891876220703125 -0.00583648681640626 0.0633392333984375
0.0309371948242188 0.080657958984375 0.0184326171875 0.0494308471679688
0.0645942687988281 0.0363502502441406 0.0206203460693359 0.0250339508056641
0.0735015869140625 -0.0163650512695313 0.0152950286865234 0.00872230529785156
0.0539512634277344 -0.0471534729003906 0.00746726989746094 0.00899505615234375
0.0487747192382813 -0.0458984375 -0.00239086151123047 0.0175418853759766
0.0545005798339844 -0.0526084899902344 -0.0115604400634766 0.0275516510009766
0.0666694641113281 -0.0372047424316406 -0.0219249725341797 0.0197658538818359
0.0756072998046875 0.003875732421875 -0.0335445404052734 0.0113010406494141
0.062469482421875 0.0428581237792969 -0.0250473022460938 -0.00818824768066406
0.00136566162109375 0.0828399658203125 -0.00734329223632813 -0.01873779296875
-0.0492095947265625 0.0841064453125 0.00666999816894531 0.0140714645385742
-0.0803146362304688 0.0544967651367188 -0.0374984741210938 0.0370140075683594
-0.07208251953125 0.00409698486328124 -0.0433807373046875 0.0808486938476563
-0.06494140625 0.0335350036621094 -0.0458984375 0.0812454223632813
-0.0404014587402344 0.0599288940429687 -0.0139389038085937 0.0606536865234375
0.010955810546875 0.0658836364746094 0.0020904541015625 0.0444145202636719
0.0455131530761719 0.0358428955078125 0.000907897949218754 0.02606201171875
0.0603904724121094 -0.00675582885742188 -0.00421142578125 0.0228061676025391
0.0474624633789062 -0.0335922241210937 -0.0070953369140625 0.0299263000488281
0.0424232482910156 -0.0346221923828125 -0.0118942260742188 0.0381011962890625
0.0483551025390625 -0.0407218933105469 -0.022705078125 0.0459556579589844
0.0571403503417969 -0.0279808044433594 -0.0373115539550781 0.0339088439941406
0.0636520385742188 0.00747299194335938 -0.0466499328613281 0.0175361633300781
0.049163818359375 0.0406608581542969 -0.0345458984375 -0.007354736328125
-0.00898361206054688 0.0694503784179688 -0.0109672546386719 -0.0166482925415039
-0.0532646179199219 0.0610198974609375 -0.00311851501464844 0.0251102447509766
-0.0727767944335938 0.0271148681640625 -0.064483642578125 0.0457687377929687
-0.0390129089355469 -0.0278282165527344 -0.0611572265625 0.078155517578125
-0.0460205078125 -0.00497055053710938 -0.053070068359375 0.0787353515625
-0.0381240844726562 0.0205001831054688 -0.0163803100585938 0.0544204711914063
-0.00875473022460938 0.0394554138183594 -0.00817489624023438 0.0373001098632813
0.0197238922119141 0.0276203155517578 -0.0121021270751953 0.0251731872558594
0.0374412536621094 0.00327301025390625 -0.0179309844970703 0.0310077667236328
0.0328311920166016 -0.0157985687255859 -0.01763916015625 0.0444107055664062
0.0296707153320313 -0.0180530548095703 -0.0193824768066406 0.0526351928710937
0.0348339080810547 -0.0236358642578125 -0.0320053100585938 0.0592842102050781
0.0409584045410156 -0.0155067443847656 -0.0502967834472656 0.0437736511230469
0.0445518493652344 0.00937271118164063 -0.0581283569335937 0.0208282470703125
0.0317897796630859 0.0328712463378906 -0.0431365966796875 -0.00881576538085937
-0.0160636901855469 0.0491790771484375 -0.0160369873046875 -0.0176162719726562
-0.04888916015625 0.0308685302734375 -0.0149211883544922 0.0282726287841797
-0.0556488037109375 -0.00440216064453124 -0.0875320434570312 0.043487548828125
0.016326904296875 0.0347633361816406 0.0909500122070312 -0.0388412475585937
0.0341949462890625 0.00066375732421875 0.0269966125488281 -0.0196304321289063
0.0120429992675781 -0.0212326049804688 0.0164432525634766 0.0199108123779297
-0.00863838195800781 -0.0198993682861328 0.0532798767089844 0.0195999145507813
-0.0182514190673828 -0.00774383544921875 0.0674285888671875 -0.0178680419921875
-0.0197620391845703 0.00559806823730469 0.0577583312988281 -0.0564842224121094
-0.0154256820678711 0.00264358520507812 0.0358428955078125 -0.0707855224609375
-0.0144672393798828 -0.00231742858886719 0.0224418640136719 -0.0615768432617188
-0.0170660018920898 -0.00487232208251953 0.0212135314941406 -0.0506973266601562
-0.00965404510498047 -0.0169191360473633 0.0229148864746094 -0.0387763977050781
0.00709152221679687 -0.0225868225097656 0.0171585083007812 -0.0275745391845703
0.0250511169433594 -0.0105667114257813 0.0155792236328125 -0.0312576293945312
0.0324554443359375 0.0181941986083984 0.0255088806152344 -0.0519027709960938
0.0226173400878906 0.0430564880371094 0.05126953125 -0.0734786987304688
0.00091934204101562 0.05078125 0.0685920715332031 -0.0660438537597656
-0.0187873840332031 0.0594139099121094 0.0933074951171875 -0.02056884765625
0.016815185546875 0.0357475280761719 0.0313377380371094 -0.00688743591308593
0.014277458190918 0.0136384963989258 0.0201911926269531 0.0276451110839844
0.0134344100952148 0.00254154205322266 0.0591621398925781 0.0254287719726563
0.00939083099365234 -0.00369167327880859 0.0722732543945313 -0.012969970703125
0.00560474395751953 -0.00824260711669922 0.062164306640625 -0.0541572570800781
0.00292205810546875 -0.0190143585205078 0.0388526916503906 -0.0699424743652344
0.00396156311035156 -0.0219593048095703 0.0229682922363281 -0.0591812133789062
0.00522804260253906 -0.0258369445800781 0.0216102600097656 -0.04669189453125
0.0181026458740234 -0.0272674560546875 0.0230522155761719 -0.036468505859375
0.0354270935058594 -0.0145645141601563 0.0137290954589844 -0.0231494903564453
0.04412841796875 0.0112457275390625 0.0109748840332031 -0.0260200500488281
0.0262413024902344 0.0506706237792969 0.0158004760742188 -0.0457763671875
-0.000801086425781245 0.07391357421875 0.0405426025390625 -0.0613174438476563
-0.0305633544921875 0.0730819702148438 0.0591926574707031 -0.0489387512207031
-0.0541610717773438 0.0751266479492187 0.0820846557617188 0.00406646728515625
-0.00846862792968751 0.0677604675292969 0.0268783569335938 0.0125999450683594
0.01123046875 0.0520858764648437 0.02044677734375 0.0385818481445313
0.0343379974365234 0.0291042327880859 0.05963134765625 0.0338363647460938
0.0378341674804688 0.004119873046875 0.0707550048828125 -0.00450897216796875
0.0328559875488281 -0.0198135375976563 0.0606689453125 -0.0446891784667969
0.0218963623046875 -0.0382347106933594 0.0377006530761719 -0.0596122741699219
0.0220527648925781 -0.0383872985839844 0.0206489562988281 -0.0479927062988281
0.0254478454589844 -0.0438575744628906 0.0171585083007813 -0.0345630645751953
0.0418167114257812 -0.0373687744140625 0.0161209106445313 -0.0277671813964844
0.0590019226074219 -0.0104026794433594 0.00424575805664063 -0.0164861679077148
0.060638427734375 0.0261192321777344 0.00241470336914063 -0.0209236145019531
0.0242996215820313 0.0740432739257813 0.0059967041015625 -0.0385551452636719
-0.0164871215820312 0.0961685180664062 0.0294723510742188 -0.0445022583007812
-0.0543060302734375 0.0863418579101563 0.0410804748535156 -0.0272560119628906
-0.0828475952148437 0.077911376953125 0.0584564208984375 0.0319671630859375
-0.0357818603515625 0.0880661010742188 0.0145645141601562 0.0365867614746094
0.00160217285156251 0.0846633911132813 0.0149307250976562 0.0500602722167969
0.0474510192871094 0.0564537048339844 0.052001953125 0.0426521301269531
0.0610542297363281 0.0146446228027344 0.0606231689453125 0.00705718994140625
0.0565872192382813 -0.0264091491699219 0.0523300170898438 -0.0284805297851563
0.0386161804199219 -0.0511054992675781 0.0317611694335938 -0.040496826171875
0.0367355346679688 -0.0492897033691406 0.0149726867675781 -0.0296764373779297
0.0412559509277344 -0.0561294555664063 0.00978565216064453 -0.0164308547973633
0.0576553344726563 -0.04400634765625 0.00541877746582032 -0.0136728286743164
0.07415771484375 -0.0075836181640625 -0.00762319564819336 -0.00716400146484375
0.0703964233398438 0.0339889526367188 -0.00679397583007812 -0.0154447555541992
0.0218429565429688 0.0869293212890625 -0.000736236572265624 -0.0307559967041016
-0.0273513793945312 0.105995178222656 0.0210781097412109 -0.0241165161132812
-0.0692367553710937 0.0882797241210937 0.0173521041870117 -0.00358009338378906
-0.09808349609375 0.0652542114257813 0.0243644714355469 0.0578155517578125
-0.0597076416015625 0.0894775390625 -0.00526046752929688 0.0594863891601563
-0.0143890380859375 0.100334167480469 0.00508880615234375 0.0598793029785156
0.0477218627929688 0.0762786865234375 0.0372161865234375 0.0491218566894531
0.0714340209960938 0.026824951171875 0.0427284240722656 0.0183372497558594
0.0719528198242188 -0.0257568359375 0.0361518859863281 -0.00918197631835938
0.0496253967285156 -0.0550079345703125 0.0209369659423828 -0.0160102844238281
0.0454826354980469 -0.0529060363769531 0.0070195198059082 -0.00631093978881836
0.0506782531738281 -0.0606155395507813 -0.000339984893798825 0.00593280792236328
0.0656204223632812 -0.0452804565429687 -0.00813817977905273 0.00306224822998047
0.0804672241210937 -0.00389862060546875 -0.0207386016845703 0.00307273864746093
0.071563720703125 0.0389480590820312 -0.0164318084716797 -0.0108442306518555
0.0153121948242187 0.0897750854492187 -0.00452995300292969 -0.0237979888916016
-0.0372772216796875 0.102554321289063 0.0147895812988281 -0.00364303588867187
-0.0776214599609375 0.077667236328125 -0.00915145874023438 0.0193977355957031
-0.0949630737304688 0.039794921875 -0.01239013671875 0.0758056640625
-0.0708541870117188 0.0692825317382813 -0.0275115966796875 0.0758209228515625
-0.0307388305664062 0.0914459228515625 -0.00644302368164063 0.0632820129394531
0.0337600708007812 0.081085205078125 0.0179977416992188 0.0499229431152344
0.0662193298339844 0.0348396301269531 0.0211143493652344 0.0260066986083984
0.0735397338867188 -0.019134521484375 0.0164632797241211 0.00943183898925781
0.0524673461914063 -0.0494613647460937 0.00751304626464844 0.00911998748779296
0.0474357604980469 -0.048126220703125 -0.00214862823486328 0.0175209045410156
0.0527191162109375 -0.0556182861328125 -0.0110454559326172 0.0276947021484375
0.0651741027832031 -0.0404243469238281 -0.0226230621337891 0.0201301574707031
0.07666015625 0.0010986328125 -0.0342617034912109 0.0117301940917969
0.0643768310546875 0.0415992736816406 -0.0256328582763672 -0.00768852233886719
0.00408172607421875 0.0845260620117188 -0.007476806640625 -0.0189399719238281
-0.0464935302734375 0.087158203125 0.00732994079589843 0.0132722854614258
-0.0794525146484375 0.0564651489257812 -0.0365982055664063 0.036590576171875
-0.0728912353515625 0.00706481933593749 -0.043182373046875 0.0835113525390625
-0.0647048950195312 0.0353164672851563 -0.0456390380859375 0.08270263671875
-0.039093017578125 0.0624046325683594 -0.0150070190429687 0.0603981018066406
0.0137863159179688 0.0669517517089844 0.00128555297851563 0.0455703735351563
0.0471038818359375 0.0344810485839844 0.0010223388671875 0.0278034210205078
0.0608177185058594 -0.0092926025390625 -0.00294876098632812 0.0238761901855469
0.0462913513183594 -0.0357246398925781 -0.0060882568359375 0.0301456451416016
0.0413398742675781 -0.0361557006835938 -0.0109100341796875 0.0385971069335938
0.0466232299804688 -0.0430717468261719 -0.0209579467773438 0.0471572875976563
0.0570297241210938 -0.030853271484375 -0.0369415283203125 0.0346870422363281
0.0645751953125 0.00533676147460938 -0.0470962524414062 0.0186386108398438
0.0506362915039063 0.0394477844238281 -0.0348434448242187 -0.00752449035644531
-0.00697326660156251 0.0711593627929688 -0.0113801956176758 -0.0170497894287109
-0.0511322021484375 0.0633163452148438 -0.00208663940429688 0.0245018005371094
-0.0722274780273438 0.0282363891601562 -0.0641403198242188 0.0459632873535156
-0.0396270751953125 -0.0264816284179688 -0.0606765747070313 0.0811767578125
-0.0461883544921875 -0.00355529785156249 -0.053131103515625 0.079864501953125
-0.0373725891113281 0.0223846435546875 -0.0176239013671875 0.0546417236328125
-0.00689697265625 0.0401229858398438 -0.00912857055664063 0.0384368896484375
0.0208282470703125 0.0273170471191406 -0.0118350982666016 0.0267982482910156
0.0377883911132813 0.00175857543945313 -0.0165519714355469 0.0327739715576172
0.0321121215820313 -0.0170841217041016 -0.0161705017089844 0.0448188781738281
0.0290851593017578 -0.0196113586425781 -0.0175628662109375 0.05316162109375
0.0341835021972656 -0.0251407623291016 -0.0299224853515625 0.06036376953125
0.0403518676757813 -0.0174903869628906 -0.0496292114257812 0.045501708984375
0.0451812744140625 0.00796127319335938 -0.05828857421875 0.022308349609375
0.0327434539794922 0.0319499969482422 -0.0442886352539063 -0.008209228515625
-0.0147781372070312 0.0500907897949219 -0.0163211822509766 -0.0178947448730469
-0.0485801696777344 0.0328788757324219 -0.013885498046875 0.0280990600585938
-0.0556411743164063 -0.00326156616210937 -0.0871353149414063 0.0449981689453125
0.0172348022460938 0.0353050231933594 0.093841552734375 -0.041778564453125
0.0354118347167969 -0.0001068115234375 0.0278129577636719 -0.0206031799316406
0.0117263793945313 -0.0226039886474609 0.0172004699707031 0.0214061737060547
-0.00968742370605469 -0.0198478698730469 0.0555343627929688 0.0202255249023438
-0.0189342498779297 -0.00726509094238281 0.0694923400878906 -0.0192298889160156
-0.0198936462402344 0.00667190551757812 0.0585289001464844 -0.0592460632324219
-0.0156173706054688 0.00339794158935547 0.0350799560546875 -0.07379150390625
-0.0154037475585937 -0.00211524963378906 0.0212974548339844 -0.0638046264648438
-0.0176315307617188 -0.00471687316894531 0.0199012756347656 -0.0531158447265625
-0.0109472274780273 -0.0166425704956055 0.0217208862304687 -0.0411491394042969
0.00649642944335938 -0.02288818359375 0.0172023773193359 -0.0302963256835938
0.0256557464599609 -0.0117130279541016 0.0170097351074219 -0.0337791442871094
0.0343112945556641 0.0178813934326172 0.0272293090820313 -0.0534896850585937
0.024169921875 0.0436782836914063 0.0526199340820313 -0.0766754150390625
0.00125885009765625 0.0523452758789063 0.0707626342773438 -0.071075439453125
-0.01861572265625 0.0621757507324219 0.0966796875 -0.0226364135742187
0.0181083679199219 0.0371017456054688 0.0312843322753906 -0.00762748718261718
0.015406608581543 0.0143470764160156 0.02001953125 0.0285186767578125
0.0142450332641602 0.00202560424804687 0.0610504150390625 0.0258560180664063
0.00942230224609375 -0.00365924835205078 0.0741958618164063 -0.014190673828125
0.00630092620849609 -0.00902843475341797 0.0626602172851563 -0.0566978454589844
0.002716064453125 -0.0200939178466797 0.0378570556640625 -0.0727310180664063
0.00311851501464844 -0.0229244232177734 0.0215530395507813 -0.0611572265625
0.00472068786621094 -0.0270462036132813 0.0202598571777344 -0.0491676330566406
0.0181884765625 -0.029083251953125 0.0213165283203125 -0.0387115478515625
0.0362205505371094 -0.0158767700195313 0.0135116577148438 -0.0261096954345703
0.0456657409667969 0.0109825134277344 0.0120983123779297 -0.0285243988037109
0.0286979675292969 0.052276611328125 0.0166282653808594 -0.046630859375
0.000671386718749995 0.077056884765625 0.0414047241210937 -0.0640869140625
-0.030975341796875 0.0763702392578125 0.0612335205078125 -0.0534248352050781
-0.0548171997070312 0.0789642333984375 0.0853729248046875 0.00310516357421876
-0.00713729858398437 0.0700607299804688 0.027374267578125 0.0126686096191406
0.0133476257324219 0.0540847778320313 0.0201644897460938 0.0400505065917969
0.0362663269042969 0.0296783447265625 0.0614051818847656 0.03460693359375
0.0394935607910156 0.00304412841796875 0.0721588134765625 -0.00533294677734375
0.0339565277099609 -0.0215988159179688 0.06207275390625 -0.0468559265136719
0.0217132568359375 -0.0402908325195313 0.0369834899902344 -0.0621185302734375
0.0214881896972656 -0.0406265258789063 0.0192794799804688 -0.0501518249511719
0.0247573852539063 -0.046478271484375 0.01568603515625 -0.0364608764648438
0.0420341491699219 -0.03997802734375 0.0144424438476563 -0.0301742553710938
0.0607109069824219 -0.0120964050292969 0.00383949279785157 -0.0189685821533203
0.0634651184082031 0.0254058837890625 0.00297164916992188 -0.0226383209228516
0.027069091796875 0.0762939453125 0.0068359375 -0.0398674011230469
-0.0147552490234375 0.100570678710938 0.0303688049316406 -0.046722412109375
-0.0553512573242187 0.090576171875 0.0421028137207031 -0.0310554504394531
-0.0840911865234375 0.0826644897460938 0.0608100891113281 0.0324287414550781
-0.035400390625 0.09210205078125 0.01483154296875 0.0373916625976563
0.0045166015625 0.0879898071289063 0.0145835876464844 0.0520668029785156
0.0509719848632813 0.0573387145996094 0.0533065795898438 0.0441474914550781
0.0636863708496094 0.0139884948730469 0.0629768371582031 0.0077056884765625
0.0585098266601563 -0.0288772583007813 0.0532646179199219 -0.0298042297363281
0.0385894775390625 -0.053985595703125 0.0317535400390625 -0.0425910949707031
0.0360298156738281 -0.0520286560058594 0.0140838623046875 -0.0308914184570313
0.0407562255859375 -0.059906005859375 0.00866222381591797 -0.0173225402832031
0.0580215454101563 -0.0474777221679688 0.00366687774658203 -0.0151166915893555
0.076873779296875 -0.0100860595703125 -0.00865554809570312 -0.00848579406738281
0.0740432739257813 0.033203125 -0.00672912597656249 -0.0166397094726562
0.0254287719726563 0.090179443359375 -0.000623703002929684 -0.032073974609375
-0.025115966796875 0.111274719238281 0.0216999053955078 -0.0257377624511719
-0.0712432861328125 0.09320068359375 0.0177421569824219 -0.00604629516601562
-0.100044250488281 0.0698699951171875 0.0255813598632812 0.0601997375488281
-0.05975341796875 0.0933380126953125 -0.00536727905273438 0.0613899230957031
-0.0116958618164063 0.104713439941406 0.00414657592773438 0.06158447265625
0.0513229370117187 0.077911376953125 0.038116455078125 0.0508956909179688
0.0747146606445313 0.0260009765625 0.044219970703125 0.0192909240722656
0.0736618041992188 -0.0290145874023438 0.0378837585449219 -0.00913238525390625
0.0495758056640625 -0.058197021484375 0.0217723846435547 -0.0171642303466797
0.0452690124511719 -0.0557594299316406 0.00666475296020508 -0.00707244873046875
0.0500755310058594 -0.0645828247070312 -0.000408172607421872 0.00589179992675781
0.0664634704589844 -0.0498580932617188 -0.00938892364501953 0.0029306411743164
0.0835800170898438 -0.00640106201171875 -0.0219554901123047 0.0026702880859375
0.075775146484375 0.0382919311523438 -0.0168132781982422 -0.0115108489990234
0.018402099609375 0.0934600830078125 -0.00475883483886718 -0.0245304107666016
-0.0354461669921875 0.107757568359375 0.015650749206543 -0.00436115264892577
-0.07940673828125 0.0819168090820313 -0.00890922546386719 0.0179214477539063
-0.09722900390625 0.0439376831054688 -0.0114517211914063 0.0794830322265625
-0.0716781616210938 0.073272705078125 -0.0279998779296875 0.0787887573242188
-0.0288925170898437 0.09619140625 -0.0077667236328125 0.0651168823242188
0.0374221801757812 0.0827484130859375 0.0179061889648438 0.0522880554199219
0.0690498352050781 0.0345458984375 0.0218238830566406 0.0278663635253906
0.0758743286132813 -0.0220565795898438 0.0179443359375 0.0102806091308594
0.0525093078613281 -0.0524024963378906 0.00838756561279297 0.0089426040649414
0.0469589233398438 -0.0513153076171875 -0.00212860107421875 0.0178642272949219
0.0525054931640625 -0.0598945617675781 -0.0111141204833984 0.0287055969238281
0.0660057067871094 -0.0443840026855469 -0.0233173370361328 0.0205974578857422
0.0796279907226563 -0.001434326171875 -0.0354537963867187 0.0123634338378906
0.0680999755859375 0.0412216186523438 -0.0264835357666016 -0.00795173645019531
0.00697326660156251 0.0883865356445313 -0.00738143920898437 -0.0194530487060547
-0.0453872680664063 0.091827392578125 0.00794696807861328 0.0125608444213867
-0.0814285278320313 0.0599517822265625 -0.0377883911132813 0.03680419921875
-0.0753097534179687 0.00954437255859376 -0.0442428588867187 0.0882492065429687
-0.0661811828613281 0.0382881164550781 -0.0471572875976563 0.085601806640625
-0.0386123657226563 0.0660934448242188 -0.01708984375 0.06268310546875
0.0162277221679687 0.0693206787109375 0.000877380371093751 0.0478057861328125
0.0493087768554688 0.0346183776855469 0.0015869140625 0.0300426483154297
0.0623283386230469 -0.0121269226074219 -0.0015106201171875 0.0257148742675781
0.0467758178710937 -0.0382461547851563 -0.00452613830566406 0.0313129425048828
0.0412139892578125 -0.0386848449707031 -0.0106735229492188 0.0394630432128906
0.0466041564941406 -0.0463752746582031 -0.0209770202636719 0.0488014221191406
0.0575447082519531 -0.0338859558105469 -0.0378456115722656 0.0359230041503906
0.0670242309570313 0.00384521484375 -0.048614501953125 0.0199317932128906
0.0534553527832031 0.0396842956542969 -0.0362091064453125 -0.00716400146484374
-0.00494384765625 0.0741653442382813 -0.0119991302490234 -0.0175437927246094
-0.0503997802734375 0.0673828125 -0.00186729431152344 0.0247898101806641
-0.0742950439453125 0.0302276611328125 -0.0658302307128906 0.0480499267578125
-0.0415992736816406 -0.0257987976074219 -0.0626907348632813 0.0859832763671875
-0.0479927062988281 -0.00205612182617188 -0.0550460815429688 0.083221435546875
-0.0380058288574219 0.0246009826660156 -0.0192108154296875 0.0564231872558594
-0.00545501708984375 0.0420303344726562 -0.010101318359375 0.04046630859375
0.0218753814697266 0.0279312133789063 -0.011871337890625 0.0290355682373047
0.0391082763671875 0.000293731689453125 -0.0154514312744141 0.0348911285400391
0.0324573516845703 -0.0182723999023438 -0.0152435302734375 0.0465583801269531
0.0292892456054688 -0.0211124420166016 -0.0164031982421875 0.0549087524414063
0.0338764190673828 -0.0271320343017578 -0.0291748046875 0.0627365112304688
0.0412635803222656 -0.0196189880371094 -0.0503311157226563 0.0475044250488281
0.0468788146972656 0.0069122314453125 -0.0600624084472656 0.0244216918945313
0.0344772338867188 0.032257080078125 -0.0457077026367188 -0.00806427001953126
-0.01422119140625 0.0525474548339844 -0.0169868469238281 -0.0182895660400391
-0.0489082336425781 0.0352096557617187 -0.0133266448974609 0.0287208557128906
-0.0569305419921875 -0.00302505493164063 -0.0896148681640625 0.0474853515625
0.0195121765136719 0.0372123718261719 0.098541259765625 -0.0478057861328125
0.0372810363769531 -0.000865936279296875 0.02874755859375 -0.0225925445556641
0.0114231109619141 -0.0245170593261719 0.0182018280029297 0.0218868255615234
-0.0114097595214844 -0.021148681640625 0.0592155456542969 0.0196571350097656
-0.0201187133789063 -0.00668144226074219 0.0726394653320313 -0.0220489501953125
-0.0197925567626953 0.00707435607910156 0.0584182739257813 -0.0638313293457031
-0.0160274505615234 0.00425434112548828 0.0331344604492188 -0.0786666870117188
-0.0166244506835938 -0.00117301940917969 0.0192604064941406 -0.0674476623535156
-0.0188140869140625 -0.00414466857910156 0.0179405212402344 -0.0564079284667969
-0.0115518569946289 -0.0166330337524414 0.020050048828125 -0.0446319580078125
0.00536727905273437 -0.0238666534423828 0.0171318054199219 -0.0340061187744141
0.0265979766845703 -0.0133876800537109 0.0181465148925781 -0.0377960205078125
0.0365791320800781 0.0171585083007813 0.0278205871582031 -0.0571022033691406
0.02667236328125 0.0450592041015625 0.0527725219726563 -0.0822601318359375
0.00312423706054688 0.0554733276367188 0.0729904174804688 -0.07958984375
-0.0174217224121094 0.0665245056152344 0.10198974609375 -0.027374267578125
0.0206260681152344 0.0380897521972656 0.0331401824951172 -0.00941848754882813
0.0170135498046875 0.0144939422607422 0.0216064453125 0.0301837921142578
0.0150604248046875 0.00148105621337891 0.0652503967285156 0.025909423828125
0.0101547241210938 -0.00441837310791016 0.0771560668945313 -0.0164108276367188
0.00691413879394531 -0.0100345611572266 0.0638656616210938 -0.0615959167480469
0.00224113464355469 -0.0210704803466797 0.0361557006835938 -0.078277587890625
0.00188636779785156 -0.0237274169921875 0.0196418762207031 -0.0653266906738281
0.00294113159179687 -0.0286159515380859 0.0182037353515625 -0.05242919921875
0.0173454284667969 -0.0309085845947266 0.019866943359375 -0.0427398681640625
0.037017822265625 -0.0184326171875 0.0125541687011719 -0.0292129516601563
0.0485725402832031 0.009521484375 0.0129871368408203 -0.0313739776611328
0.0324440002441406 0.0538520812988281 0.0173301696777344 -0.04974365234375
0.00413513183593751 0.080902099609375 0.0415191650390625 -0.0690193176269531
-0.0303421020507812 0.0818710327148438 0.0631179809570313 -0.0608558654785156
-0.054718017578125 0.0863800048828125 0.0906143188476563 0.000335693359375005
-0.00431823730468751 0.0751266479492188 0.0286922454833984 0.0122890472412109
0.0171279907226563 0.0572395324707031 0.0212974548339844 0.0419158935546875
0.0403175354003906 0.029510498046875 0.0649986267089844 0.0348968505859375
0.0422744750976563 0.00176239013671875 0.0757217407226563 -0.0068817138671875
0.0352249145507813 -0.0247116088867187 0.0629959106445313 -0.0510406494140625
0.0211524963378906 -0.0429191589355469 0.0357894897460938 -0.0667877197265625
0.0203857421875 -0.0435867309570313 0.0170860290527344 -0.0533103942871094
0.0237579345703125 -0.0505447387695312 0.0145492553710937 -0.0393142700195313
0.0418319702148438 -0.0438690185546875 0.0125942230224609 -0.0331935882568359
0.0634193420410156 -0.015777587890625 0.00249290466308594 -0.0211296081542969
0.0682182312011719 0.0241165161132813 0.00359344482421875 -0.0254058837890625
0.032196044921875 0.079620361328125 0.00665283203125 -0.0418472290039062
-0.0108184814453125 0.106658935546875 0.0302619934082031 -0.0506324768066406
-0.0554733276367188 0.0978012084960937 0.0439605712890625 -0.0365829467773437
-0.0854568481445313 0.0911407470703125 0.0654792785644531 0.0318946838378906
-0.0326461791992188 0.0987777709960937 0.0158195495605469 0.0388069152832031
0.00936889648437501 0.0932540893554687 0.0155563354492188 0.0546875
0.0568733215332031 0.0576667785644531 0.0566558837890625 0.0454902648925781
0.0674629211425781 0.011505126953125 0.0654792785644531 0.00684356689453125
0.0604057312011719 -0.0339393615722656 0.05535888671875 -0.0327339172363281
0.0375900268554688 -0.0582847595214844 0.0312271118164063 -0.0459671020507813
0.034942626953125 -0.0566062927246094 0.0130939483642578 -0.0332660675048828
0.0390243530273438 -0.0653610229492188 0.00801658630371094 -0.0185184478759766
0.0583915710449219 -0.0535240173339844 0.0017538070678711 -0.0173549652099609
0.0805130004882813 -0.0145339965820313 -0.00965499877929687 -0.00997161865234375
0.0805130004882813 0.0313720703125 -0.00695037841796874 -0.0184555053710937
0.0317230224609375 0.0941162109375 -0.000541687011718748 -0.0334758758544922
-0.0205307006835937 0.11846923828125 0.0225486755371094 -0.0284214019775391
-0.0713119506835938 0.100654602050781 0.0189914703369141 -0.00929641723632812
-0.102615356445313 0.078765869140625 0.0292816162109375 0.0629158020019531
-0.0583877563476563 0.101432800292969 -0.00476455688476563 0.0647659301757812
-0.00727081298828126 0.111045837402344 0.00457382202148437 0.0646514892578125
0.0581283569335937 0.0803451538085937 0.0402946472167969 0.0535507202148438
0.0801010131835938 0.0236663818359375 0.0472908020019531 0.01983642578125
0.0766983032226563 -0.0345001220703125 0.0400161743164063 -0.0103759765625
0.04913330078125 -0.0638923645019531 0.0218677520751953 -0.0188999176025391
0.0443611145019531 -0.0610694885253906 0.00644826889038086 -0.00766849517822266
0.0488204956054688 -0.07080078125 -0.0006871223449707 0.00557661056518554
0.0670394897460938 -0.0559349060058594 -0.0110130310058594 0.00249671936035156
0.0876083374023438 -0.0116348266601563 -0.0233249664306641 0.0026702880859375
0.08197021484375 0.0364151000976562 -0.0180110931396484 -0.0117511749267578
0.0244827270507813 0.0982131958007813 -0.00509071350097656 -0.0261821746826172
-0.0313034057617188 0.115959167480469 0.0168781280517578 -0.00642967224121093
-0.0807418823242187 0.090301513671875 -0.00933361053466798 0.0174617767333984
-0.100631713867187 0.0505828857421875 -0.0102767944335938 0.0850982666015625
-0.0719985961914062 0.0804290771484375 -0.0281982421875 0.0830612182617188
-0.02587890625 0.103111267089844 -0.00804138183593751 0.0687065124511719
0.0437698364257813 0.0855178833007813 0.0194587707519531 0.0551948547363281
0.0744705200195313 0.0332260131835938 0.0239372253417969 0.0295791625976563
0.0786895751953125 -0.0273895263671875 0.0197639465332031 0.011077880859375
0.0527725219726563 -0.0578689575195313 0.00922107696533203 0.00879669189453125
0.0467910766601563 -0.056182861328125 -0.00130271911621093 0.0182609558105469
0.0515022277832031 -0.0661087036132812 -0.010467529296875 0.0302200317382812
0.0668296813964844 -0.05047607421875 -0.0246677398681641 0.0221672058105469
0.0839614868164062 -0.00608062744140625 -0.0369834899902344 0.0138435363769531
0.0739288330078125 0.040283203125 -0.0279903411865234 -0.00764083862304688
0.0123214721679688 0.092681884765625 -0.0085906982421875 -0.0207118988037109
-0.0425796508789062 0.0995712280273438 0.00883197784423828 0.0123271942138672
-0.082977294921875 0.0661468505859375 -0.0387115478515625 0.0387725830078125
-0.0785751342773438 0.0138092041015625 -0.0439224243164062 0.0958175659179688
-0.0683021545410156 0.0435905456542969 -0.0477676391601562 0.0913467407226563
-0.0374069213867187 0.071685791015625 -0.0175628662109375 0.0663681030273438
0.02117919921875 0.0720138549804688 0.000755310058593747 0.0509834289550781
0.0541419982910156 0.0341720581054688 0.00255584716796875 0.0325736999511719
0.0654449462890625 -0.0156517028808594 -0.000162124633789056 0.0273685455322266
0.0467109680175781 -0.0423851013183594 -0.00360488891601562 0.03350830078125
0.0414199829101563 -0.04248046875 -0.00919342041015625 0.04156494140625
0.0470085144042969 -0.0511589050292969 -0.0197296142578125 0.05145263671875
0.0588340759277344 -0.0390052795410156 -0.0387458801269531 0.0393333435058594
0.0712661743164063 -0.000244140625 -0.0505752563476562 0.0229377746582031
0.0581169128417969 0.0386009216308594 -0.0386314392089844 -0.00577545166015624
-0.00174713134765626 0.0788803100585938 -0.0128173828125 -0.0189743041992187
-0.0493927001953125 0.0732269287109375 -0.000551223754882813 0.0253715515136719
-0.0767135620117188 0.0347213745117188 -0.0679359436035156 0.0518302917480469
-0.0449142456054687 -0.0249557495117188 -0.0634307861328125 0.09454345703125
-0.0503120422363281 0.00023269653320312 -0.0556793212890625 0.0895233154296875
-0.0391197204589844 0.0278167724609375 -0.0199851989746094 0.0596160888671875
-0.00317382812500001 0.0446701049804688 -0.0111122131347656 0.0443840026855469
0.0247001647949219 0.0279903411865234 -0.0111370086669922 0.0318508148193359
0.0405158996582031 -0.00222015380859375 -0.013946533203125 0.0381584167480469
0.0331325531005859 -0.0213222503662109 -0.0132522583007812 0.0498847961425781
0.0291023254394531 -0.0234756469726563 -0.0152091979980469 0.0577468872070313
0.0345649719238281 -0.0302219390869141 -0.0283355712890625 0.0665969848632813
0.0422554016113281 -0.0223731994628906 -0.0513763427734375 0.0517044067382813
0.0500717163085938 0.00455474853515625 -0.0620346069335938 0.0274085998535156
0.0373687744140625 0.0320396423339844 -0.0485687255859375 -0.00658798217773437
-0.0123558044433594 0.0565834045410156 -0.0184478759765625 -0.0193576812744141
-0.04931640625 0.0391883850097656 -0.0127696990966797 0.0298137664794922
-0.0596351623535156 -0.00131607055664062 -0.0930252075195312 0.0525283813476563
0.022796630859375 0.0374908447265625 0.100456237792969 -0.0569992065429688
0.0391616821289062 -0.00362014770507812 0.0283679962158203 -0.0259914398193359
0.0104312896728516 -0.0259609222412109 0.0201702117919922 0.0231037139892578
-0.0136127471923828 -0.0206775665283203 0.0633888244628906 0.017791748046875
-0.0217056274414063 -0.00540542602539062 0.0743484497070313 -0.0272216796875
-0.0199756622314453 0.00885391235351562 0.0564956665039063 -0.0706253051757813
-0.0164403915405273 0.00563335418701172 0.0289382934570312 -0.0843963623046875
-0.0176105499267578 0.000722885131835935 0.0149154663085938 -0.0717315673828125
-0.0200138092041016 -0.00256919860839844 0.0139045715332031 -0.0603523254394531
-0.0134811401367188 -0.0162696838378906 0.01739501953125 -0.0490074157714844
0.00374603271484375 -0.0251407623291016 0.0152854919433594 -0.0381584167480469
0.026458740234375 -0.0159320831298828 0.0176544189453125 -0.0419540405273438
0.0392417907714844 0.0150375366210937 0.0268707275390625 -0.0612068176269531
0.0311279296875 0.04486083984375 0.0506591796875 -0.08917236328125
0.00700759887695313 0.058258056640625 0.0718994140625 -0.0897598266601563
-0.0138015747070313 0.0712661743164063 0.105628967285156 -0.035675048828125
0.0247688293457031 0.0389900207519531 0.0332851409912109 -0.0115509033203125
0.0191936492919922 0.0140380859375 0.0236377716064453 0.0313835144042969
0.0160388946533203 0.000761032104492188 0.0695266723632813 0.0234909057617187
0.0105752944946289 -0.00579357147216797 0.0802536010742188 -0.0216140747070313
0.00701236724853516 -0.0115413665771484 0.06268310546875 -0.0681304931640625
0.000778198242187498 -0.0222434997558594 0.032379150390625 -0.0838241577148438
0.000293731689453125 -0.0247879028320312 0.01544189453125 -0.0697402954101563
0.00101852416992187 -0.0304718017578125 0.0146751403808594 -0.0559463500976563
0.0161724090576172 -0.0336952209472656 0.0163650512695313 -0.046478271484375
0.0373992919921875 -0.021392822265625 0.0105762481689453 -0.0331821441650391
0.0517768859863281 0.00658035278320313 0.0128173828125 -0.0354690551757812
0.0374946594238281 0.0538711547851563 0.0163764953613281 -0.0534934997558594
0.00990295410156251 0.0846328735351562 0.0399169921875 -0.0749359130859375
-0.0265579223632813 0.088104248046875 0.0627403259277344 -0.0701751708984375
-0.0513763427734375 0.0944366455078125 0.0953598022460938 -0.00607299804687499
0.001495361328125 0.0789642333984375 0.0303688049316406 0.0109062194824219
0.0228500366210937 0.0588111877441406 0.0235519409179688 0.04339599609375
0.0448989868164062 0.0281524658203125 0.0697975158691406 0.0337867736816406
0.0441131591796875 -0.00142288208007813 0.078857421875 -0.0112991333007813
0.0355339050292969 -0.0291519165039063 0.0629158020019531 -0.0570259094238281
0.0189857482910156 -0.0467910766601563 0.0330123901367188 -0.0719528198242188
0.0177650451660156 -0.0467720031738281 0.0142860412597656 -0.0569038391113281
0.020751953125 -0.0552520751953125 0.0115203857421875 -0.042266845703125
0.0402679443359375 -0.0495414733886719 0.00963211059570313 -0.0362205505371094
0.0655937194824219 -0.0212516784667969 0.000753402709960941 -0.0239448547363281
0.07354736328125 0.0199127197265625 0.00306892395019532 -0.0279750823974609
0.0402755737304688 0.0815887451171875 0.00614166259765626 -0.0441017150878906
-0.0029144287109375 0.113059997558594 0.0289688110351562 -0.0550613403320312
-0.05169677734375 0.106529235839844 0.0434837341308594 -0.0430183410644531
-0.0834274291992187 0.101730346679688 0.0718154907226563 0.0303497314453125
-0.026885986328125 0.106239318847656 0.0187339782714844 0.0395965576171875
0.01715087890625 0.0969696044921875 0.0185279846191406 0.0568885803222656
0.0648269653320313 0.0566368103027344 0.0610427856445313 0.0449562072753906
0.072052001953125 0.0071258544921875 0.0692558288574219 0.00425338745117188
0.0607795715332031 -0.0400428771972656 0.0564460754394531 -0.0375137329101563
0.0351142883300781 -0.0639877319335938 0.0292816162109375 -0.0499687194824219
0.0323410034179688 -0.0617637634277344 0.0108222961425781 -0.0358161926269531
0.035888671875 -0.07159423828125 0.0056915283203125 -0.0203876495361328
0.0565910339355469 -0.0607833862304688 -0.000705718994140623 -0.0189189910888672
0.0834732055664063 -0.0218353271484375 -0.0114164352416992 -0.0109653472900391
0.0868377685546875 0.0266036987304687 -0.00787734985351562 -0.0199470520019531
0.040802001953125 0.0965576171875 -0.00186538696289062 -0.03546142578125
-0.0120315551757812 0.126068115234375 0.021728515625 -0.0320281982421875
-0.0681533813476563 0.111526489257813 0.0189113616943359 -0.0132122039794922
-0.102119445800781 0.0901412963867188 0.0352516174316406 0.0644912719726563
-0.0531768798828125 0.110725402832031 -0.00123214721679688 0.0677032470703125
0.000999450683593746 0.117301940917969 0.00678634643554687 0.0682754516601563
0.0675735473632813 0.0796432495117188 0.04461669921875 0.0548133850097656
0.0858612060546875 0.0189895629882813 0.0507583618164063 0.0193214416503906
0.0780258178710938 -0.0427017211914063 0.041778564453125 -0.0126800537109375
0.04681396484375 -0.0703201293945313 0.02154541015625 -0.0217609405517578
0.0416603088378906 -0.0674476623535156 0.00551509857177735 -0.00902462005615235
0.0459365844726563 -0.0781478881835938 -0.000733375549316403 0.00578546524047851
0.065093994140625 -0.0643081665039063 -0.0123872756958008 0.00281715393066406
0.0907058715820313 -0.0191802978515625 -0.0249900817871094 0.00353813171386718
0.0890579223632813 0.0319671630859375 -0.0183448791503906 -0.0121841430664062
0.0341720581054687 0.10162353515625 -0.00612068176269531 -0.0275077819824219
-0.023345947265625 0.123771667480469 0.0168132781982422 -0.00825405120849609
-0.0787124633789063 0.1004638671875 -0.00882816314697266 0.0171623229980469
-0.101539611816406 0.06103515625 -0.00455474853515626 0.090972900390625
-0.0696945190429687 0.0895919799804688 -0.0249557495117187 0.0890121459960938
-0.019500732421875 0.110221862792969 -0.00640106201171876 0.0729751586914063
0.0528793334960938 0.086700439453125 0.0221710205078125 0.0581016540527344
0.0807418823242188 0.0291671752929688 0.02716064453125 0.0304660797119141
0.0806961059570313 -0.0348968505859375 0.02252197265625 0.0111675262451172
0.0506629943847656 -0.0646209716796875 0.0106868743896484 0.00862693786621093
0.0446662902832031 -0.0620765686035156 -0.000213623046874997 0.0186614990234375
0.0485610961914062 -0.0736083984375 -0.00874900817871093 0.0319671630859375
0.065673828125 -0.058685302734375 -0.0252132415771484 0.0239410400390625
0.0878143310546875 -0.013458251953125 -0.0381927490234375 0.0167388916015625
0.0810394287109375 0.0358657836914063 -0.02935791015625 -0.00689315795898438
0.0205230712890625 0.0970840454101563 -0.00961112976074219 -0.0218276977539062
-0.0363616943359375 0.107437133789063 0.0105562210083008 0.0112075805664063
-0.0827255249023438 0.0753555297851562 -0.0383148193359375 0.0421104431152344
-0.0814895629882813 0.0209197998046875 -0.039764404296875 0.104827880859375
-0.0683860778808594 0.0509757995605469 -0.0451431274414063 0.0987777709960938
-0.0340042114257813 0.077911376953125 -0.0160446166992187 0.07061767578125
0.028228759765625 0.0742034912109375 0.00288772583007812 0.0546150207519531
0.0590591430664062 0.0318145751953125 0.00503921508789063 0.0348014831542969
0.0674934387207031 -0.0210494995117187 0.00334739685058594 0.0294170379638672
0.04559326171875 -0.048370361328125 -0.00115013122558593 0.0351200103759766
0.0394210815429687 -0.0480384826660156 -0.00632476806640625 0.0434989929199219
0.0442085266113281 -0.05767822265625 -0.0170364379882813 0.0550956726074219
0.0577964782714844 -0.045501708984375 -0.0380287170410156 0.04327392578125
0.074798583984375 -0.0058135986328125 -0.0518150329589844 0.0268135070800781
0.0644569396972656 0.0364913940429687 -0.040802001953125 -0.00389862060546875
0.00489044189453125 0.0833663940429688 -0.0140132904052734 -0.0192928314208984
-0.0461578369140625 0.0801239013671875 0.00144958496093749 0.0255947113037109
-0.0777359008789062 0.0414276123046875 -0.0683441162109375 0.0580253601074219
-0.0480880737304688 -0.0226249694824219 -0.0609893798828125 0.105003356933594
-0.0527191162109375 0.00402069091796875 -0.0537109375 0.0974197387695313
-0.0386734008789063 0.0322761535644531 -0.0191154479980469 0.0636863708496094
0.000339508056640625 0.0465736389160156 -0.00963973999023438 0.0479164123535156
0.0282325744628906 0.0277481079101562 -0.00986099243164063 0.0359535217285156
0.0428619384765625 -0.0056304931640625 -0.0109634399414063 0.0412406921386719
0.0327491760253906 -0.0248336791992188 -0.00972366333007813 0.0530281066894531
0.0290031433105469 -0.0266666412353516 -0.0116920471191406 0.0609855651855469
0.0338478088378906 -0.0344600677490234 -0.024627685546875 0.0713958740234375
0.04248046875 -0.0274581909179688 -0.0505180358886719 0.057373046875
0.0529937744140625 0.00107574462890625 -0.0631217956542969 0.032867431640625
0.0422744750976563 0.0310783386230469 -0.0513572692871094 -0.00410842895507813
-0.00870513916015625 0.060516357421875 -0.0201015472412109 -0.0194835662841797
-0.0484123229980469 0.0443458557128906 -0.0111160278320313 0.030914306640625
-0.0625381469726562 0.00194549560546875 -0.0944290161132813 0.0611114501953125
0.0266876220703125 0.0366897583007813 0.0985870361328125 -0.0677413940429688
0.0396080017089844 -0.0067901611328125 0.0263347625732422 -0.0294437408447266
0.00858306884765625 -0.0268363952636719 0.0216579437255859 0.0225543975830078
-0.0153465270996094 -0.0205459594726563 0.0657272338867187 0.0134086608886719
-0.0224685668945313 -0.00332832336425781 0.0739669799804687 -0.03326416015625
-0.0197315216064453 0.0103664398193359 0.0514984130859375 -0.0753707885742188
-0.0164480209350586 0.00696277618408203 0.022491455078125 -0.0882568359375
-0.018157958984375 0.00201034545898437 0.008697509765625 -0.0741348266601563
-0.0207786560058594 -0.000707626342773438 0.00848770141601562 -0.0626068115234375
-0.0148420333862305 -0.0152950286865234 0.0128021240234375 -0.0520362854003906
0.00150871276855469 -0.0254898071289063 0.0121078491210937 -0.0417366027832031
0.0256385803222656 -0.0184402465820313 0.0157699584960938 -0.0463676452636719
0.0413169860839844 0.0114631652832031 0.0242538452148437 -0.0645790100097656
0.0352516174316406 0.0433692932128906 0.045440673828125 -0.0954971313476563
0.0119209289550781 0.0589179992675781 0.0668258666992188 -0.0993728637695313
-0.00844573974609374 0.0742416381835938 0.105148315429688 -0.0457382202148437
0.0286674499511719 0.0378875732421875 0.0330982208251953 -0.0154514312744141
0.0208892822265625 0.0131816864013672 0.0265750885009766 0.0304946899414062
0.0169286727905273 -0.000972747802734375 0.072235107421875 0.019561767578125
0.0102882385253906 -0.00698566436767578 0.0801467895507813 -0.028076171875
0.00613594055175781 -0.0131244659423828 0.0577850341796875 -0.0743865966796875
-0.000633239746093749 -0.0229740142822266 0.0262069702148437 -0.08856201171875
-0.00235748291015625 -0.0253829956054688 0.00949859619140625 -0.0718917846679688
-0.00142097473144531 -0.0311508178710938 0.00941848754882812 -0.0588912963867188
0.0133514404296875 -0.0359764099121094 0.0119781494140625 -0.0493698120117188
0.0358505249023438 -0.0253448486328125 0.00802230834960938 -0.0356216430664063
0.0535316467285156 0.00195693969726563 0.01141357421875 -0.0384254455566406
0.0429458618164063 0.0514335632324219 0.0133705139160156 -0.0560150146484375
0.0175933837890625 0.0857315063476563 0.035003662109375 -0.0797576904296875
-0.019775390625 0.0927047729492188 0.0588607788085938 -0.078277587890625
-0.044677734375 0.101272583007813 0.099029541015625 -0.0140914916992187
0.008209228515625 0.0802154541015625 0.0314559936523438 0.00861740112304688
0.0282135009765625 0.0583000183105469 0.0264244079589844 0.0429267883300781
0.048553466796875 0.0248374938964844 0.0739593505859375 0.0299148559570313
0.0461959838867188 -0.0050811767578125 0.0802230834960938 -0.0170440673828125
0.0336132049560547 -0.0337047576904297 0.0604820251464844 -0.0630874633789063
0.0153045654296875 -0.0488929748535156 0.0279998779296875 -0.0765838623046875
0.0144195556640625 -0.04931640625 0.00880432128906251 -0.059051513671875
0.0162734985351563 -0.0583038330078125 0.00711441040039062 -0.0442314147949219
0.0360794067382813 -0.0540275573730469 0.00534439086914063 -0.0376625061035156
0.0653953552246094 -0.0277481079101563 -0.00234603881835937 -0.0254611968994141
0.0772171020507813 0.0137481689453125 0.00179481506347657 -0.0301380157470703
0.048004150390625 0.0799636840820312 0.00348663330078126 -0.0456733703613281
0.00708007812500001 0.1158447265625 0.0259170532226563 -0.0595207214355469
-0.0446395874023437 0.113372802734375 0.0408782958984375 -0.04998779296875
-0.0762786865234375 0.111244201660156 0.0762710571289062 0.0249099731445313
-0.0179595947265625 0.110755920410156 0.0223197937011719 0.0388374328613281
0.026763916015625 0.0980072021484375 0.0214424133300781 0.0570106506347656
0.0713424682617188 0.052215576171875 0.0654792785644531 0.0428428649902344
0.0745697021484375 0.00087738037109375 0.0712738037109375 -0.00080108642578125
0.0592269897460937 -0.0478248596191406 0.0553169250488281 -0.0421905517578125
0.0302276611328125 -0.0685691833496094 0.0262527465820313 -0.0535469055175781
0.0273590087890625 -0.0659065246582031 0.00745773315429688 -0.0371360778808594
0.0300216674804688 -0.0761642456054688 0.00382614135742188 -0.0217208862304688
0.0517158508300781 -0.0676803588867188 -0.0036773681640625 -0.0198745727539063
0.0839920043945312 -0.0309677124023437 -0.0136604309082031 -0.0110559463500977
0.0918350219726563 0.0199050903320313 -0.00886344909667968 -0.0211772918701172
0.0509567260742188 0.09539794921875 -0.00389480590820312 -0.0365791320800781
-0.000953674316406252 0.130241394042969 0.0201911926269531 -0.0352706909179687
-0.060455322265625 0.11962890625 0.0183792114257812 -0.0170192718505859
-0.096221923828125 0.1014404296875 0.0421409606933594 0.0635986328125
-0.0451126098632812 0.117019653320313 0.00357055664062499 0.0686378479003906
0.0118865966796875 0.119941711425781 0.0106849670410156 0.0702629089355469
0.0768585205078125 0.07501220703125 0.0485076904296875 0.05364990234375
0.08892822265625 0.0121917724609375 0.0535316467285156 0.0162315368652344
0.075958251953125 -0.0505523681640625 0.0430145263671875 -0.0167198181152344
0.0412445068359375 -0.0761871337890625 0.0204734802246094 -0.0240058898925781
0.0364303588867188 -0.0724258422851563 0.00506591796875 -0.0099477767944336
0.038909912109375 -0.0838470458984375 -0.00105476379394531 0.00566864013671875
0.0600738525390625 -0.0716552734375 -0.0137701034545898 0.0028839111328125
0.0910110473632812 -0.02825927734375 -0.0256175994873047 0.00494194030761719
0.094573974609375 0.0245285034179687 -0.0190792083740234 -0.0120296478271484
0.04443359375 0.101150512695313 -0.00737571716308594 -0.0280590057373047
-0.012786865234375 0.129005432128906 0.0167779922485352 -0.0106945037841797
-0.0724868774414062 0.109153747558594 -0.00817203521728516 0.0169782638549805
-0.0988388061523438 0.071502685546875 0.00312042236328125 0.094268798828125
-0.0633926391601563 0.0972824096679687 -0.0190658569335938 0.0928192138671875
-0.00952148437499999 0.114089965820312 -0.00202178955078126 0.075592041015625
0.0625381469726563 0.0840072631835938 0.0261192321777344 0.0583534240722656
0.0857315063476563 0.022552490234375 0.0302982330322266 0.0303668975830078
0.079345703125 -0.0438690185546875 0.0252265930175781 0.00993728637695312
0.04608154296875 -0.0708999633789063 0.0115804672241211 0.00770759582519531
0.0395431518554687 -0.0674896240234375 0.00130271911621094 0.0184974670410156
0.04302978515625 -0.079681396484375 -0.00660896301269531 0.0328693389892578
0.0611763000488281 -0.0662879943847656 -0.0248088836669922 0.0261554718017578
0.0885772705078125 -0.0224151611328125 -0.0376815795898437 0.0197792053222656
0.0868072509765625 0.0293731689453125 -0.0297718048095703 -0.00555419921874999
0.0301742553710938 0.0978546142578125 -0.0111351013183594 -0.0222434997558594
-0.0268936157226563 0.1126708984375 0.0123023986816406 0.0101528167724609
-0.0780410766601563 0.0843353271484375 -0.0358848571777344 0.0453643798828125
-0.0814056396484375 0.0280532836914063 -0.03179931640625 0.111259460449219
-0.0650711059570313 0.0583534240722656 -0.0391159057617188 0.104331970214844
-0.0276031494140625 0.0828933715820313 -0.013031005859375 0.0740203857421875
0.03564453125 0.0736541748046875 0.00629425048828125 0.0568161010742188
0.0639495849609375 0.0273475646972656 0.00774002075195313 0.0363502502441406
0.0670585632324219 -0.0287055969238281 0.00637245178222656 0.0307636260986328
0.04217529296875 -0.0537147521972656 0.00213432312011719 0.0349102020263672
0.0361785888671875 -0.0522804260253906 -0.00351715087890625 0.0436439514160156
0.0393905639648438 -0.0632667541503906 -0.0128135681152344 0.0571670532226563
0.054229736328125 -0.0519218444824219 -0.0357017517089844 0.0457534790039063
0.0762786865234375 -0.0131149291992188 -0.0509834289550781 0.0315971374511719
0.0690879821777344 0.0319595336914063 -0.0411415100097656 -0.00137710571289062
0.0127716064453125 0.0852813720703125 -0.0151443481445312 -0.0191078186035156
-0.0398101806640625 0.0854110717773438 0.0035400390625 0.0248241424560547
-0.0761032104492188 0.0490493774414062 -0.0643730163574219 0.0639152526855469
-0.0505142211914062 -0.0185508728027344 -0.0540618896484375 0.114540100097656
-0.0534324645996094 0.00943374633789063 -0.0480880737304688 0.104583740234375
-0.0362167358398438 0.0366668701171875 -0.0159988403320313 0.0669746398925781
0.0052032470703125 0.0474205017089844 -0.00730133056640625 0.0506324768066406
0.0317058563232422 0.0256080627441406 -0.00659561157226562 0.0380020141601562
0.0431404113769531 -0.00957870483398438 -0.00630950927734375 0.0437698364257813
0.0316905975341797 -0.0287532806396484 -0.0045166015625 0.0547828674316406
0.0270519256591797 -0.0302829742431641 -0.00664138793945313 0.0623283386230469
0.0309524536132813 -0.0383567810058594 -0.01861572265625 0.07415771484375
0.0403938293457031 -0.0317802429199219 -0.0465278625488281 0.0622787475585938
0.0539054870605469 -0.0043487548828125 -0.0619697570800781 0.0389328002929688
0.0457496643066406 0.0284004211425781 -0.052154541015625 -0.000469207763671864
-0.00341796875 0.0624732971191406 -0.0215568542480469 -0.0190448760986328
-0.0450477600097656 0.0493278503417969 -0.00827789306640625 0.0315666198730469
-0.0631179809570313 0.00639343261718751 -0.0913162231445313 0.0703201293945312
0.028045654296875 0.0349082946777344 0.0932846069335938 -0.0743255615234375
0.0394439697265625 -0.0100135803222656 0.02374267578125 -0.031463623046875
0.00680732727050781 -0.0273246765136719 0.0228137969970703 0.0214881896972656
-0.0176067352294922 -0.0184993743896484 0.0668182373046875 0.00963592529296875
-0.0222568511962891 -0.00118255615234375 0.0709915161132813 -0.037384033203125
-0.0192031860351563 0.0118694305419922 0.045318603515625 -0.0789260864257813
-0.014923095703125 0.00760078430175781 0.0159759521484375 -0.0895843505859375
-0.0184402465820313 0.00394821166992187 0.00249481201171875 -0.0743637084960938
-0.0195827484130859 0.000890731811523437 0.00301742553710938 -0.0625343322753906
-0.0161542892456055 -0.0132198333740234 0.0089263916015625 -0.0521736145019531
-0.0020294189453125 -0.02606201171875 0.00894546508789062 -0.04315185546875
0.0241260528564453 -0.0205211639404297 0.0128707885742188 -0.0488090515136719
0.0425872802734375 0.00827407836914063 0.0220069885253906 -0.0652008056640625
0.037841796875 0.0409469604492188 0.039154052734375 -0.0973968505859375
0.0162162780761719 0.0576972961425781 0.061065673828125 -0.105674743652344
-0.00242614746093751 0.074951171875 0.102005004882813 -0.0531768798828125
0.0309696197509766 0.0339221954345703 0.0316047668457031 -0.0177288055419922
0.0221214294433594 0.0104999542236328 0.0279483795166016 0.0295886993408203
0.0170326232910156 -0.00142765045166016 0.0737762451171875 0.0163955688476563
0.00954055786132813 -0.00769615173339844 0.0781936645507813 -0.0318679809570313
0.00556564331054688 -0.0145292282104492 0.0523452758789062 -0.0778350830078125
-0.00168228149414062 -0.0215549468994141 0.0194168090820312 -0.0888595581054688
-0.00488471984863281 -0.0243148803710938 0.00361633300781251 -0.071746826171875
-0.00485992431640625 -0.0301971435546875 0.00498580932617187 -0.0590896606445312
0.01080322265625 -0.0367240905761719 0.0077667236328125 -0.0505943298339844
0.0336418151855469 -0.0269889831542969 0.0037994384765625 -0.0375633239746094
0.05401611328125 -0.00100326538085938 0.00997543334960938 -0.0412139892578125
0.0469589233398438 0.0480232238769531 0.0106391906738281 -0.0557746887207031
0.023529052734375 0.0842208862304687 0.0312881469726563 -0.0814208984375
-0.0139617919921875 0.0942611694335938 0.0525054931640625 -0.0838394165039063
-0.0377197265625 0.104354858398438 0.0983810424804688 -0.0219497680664062
0.0143585205078125 0.0792312622070312 0.0311832427978516 0.00527954101562501
0.0346183776855469 0.0560455322265625 0.029022216796875 0.0415306091308594
0.0499954223632813 0.0207366943359375 0.0750961303710938 0.0257568359375
0.0454597473144531 -0.00900650024414063 0.0785751342773438 -0.0219650268554688
0.031829833984375 -0.036346435546875 0.056060791015625 -0.0662841796875
0.0112495422363281 -0.0500602722167969 0.021331787109375 -0.0771408081054688
0.00920867919921875 -0.0505104064941406 0.00411605834960937 -0.0589942932128906
0.0104598999023437 -0.0592041015625 0.00382232666015625 -0.044036865234375
0.0313682556152344 -0.0565872192382813 0.000499725341796873 -0.0390625
0.062835693359375 -0.0321197509765625 -0.00420761108398437 -0.0267620086669922
0.07867431640625 0.007965087890625 0.000782012939453128 -0.0320549011230469
0.0539093017578125 0.0768585205078125 0.001922607421875 -0.0465965270996094
0.0156021118164062 0.115158081054687 0.0227165222167969 -0.0611610412597656
-0.036468505859375 0.116561889648437 0.0373039245605469 -0.0537567138671875
-0.0672378540039062 0.116867065429688 0.0782470703125 0.0193023681640625
-0.0106277465820312 0.111137390136719 0.0239448547363281 0.03662109375
0.0339889526367187 0.09521484375 0.0239944458007813 0.0564613342285156
0.0748443603515625 0.0466842651367188 0.0679206848144531 0.0396919250488281
0.0744247436523438 -0.00569915771484375 0.0713577270507813 -0.004486083984375
0.0541038513183594 -0.0520286560058594 0.0532035827636719 -0.0458412170410156
0.0239334106445312 -0.0715255737304688 0.0217056274414062 -0.0535850524902344
0.0211372375488281 -0.0673866271972656 0.00432586669921875 -0.038116455078125
0.0230712890625 -0.0778732299804687 0.00166130065917969 -0.0219058990478516
0.0454635620117188 -0.07171630859375 -0.00611686706542969 -0.019134521484375
0.0803680419921875 -0.03704833984375 -0.0145740509033203 -0.0114212036132813
0.0931930541992188 0.0110626220703125 -0.00924301147460937 -0.0213356018066406
0.0582733154296875 0.0897750854492188 -0.00407028198242187 -0.0368995666503906
0.0106430053710938 0.12896728515625 0.018524169921875 -0.0360984802246094
-0.0520095825195313 0.123550415039063 0.0167427062988281 -0.0189990997314453
-0.0887298583984375 0.107719421386719 0.0474510192871094 0.05950927734375
-0.0343093872070313 0.118919372558594 0.00774765014648437 0.0677261352539063
0.021087646484375 0.117988586425781 0.0139656066894531 0.0698013305664063
0.08367919921875 0.0684890747070313 0.0515060424804688 0.0523147583007813
0.0895156860351563 0.00601959228515625 0.05560302734375 0.0136680603027344
0.07086181640625 -0.0563125610351562 0.0417060852050781 -0.0184822082519531
0.0340423583984375 -0.0792007446289063 0.0192165374755859 -0.0253162384033203
0.0298233032226563 -0.0755081176757812 0.00302696228027344 -0.0112209320068359
0.0301895141601563 -0.0879135131835938 -0.000552415847778318 0.00397038459777832
0.0538253784179688 -0.0765533447265625 -0.0147304534912109 0.00285530090332031
0.0893478393554688 -0.036712646484375 -0.0248851776123047 0.00687789916992187
0.0963592529296875 0.0163726806640625 -0.0211505889892578 -0.0117778778076172
0.052337646484375 0.0959548950195313 -0.00917053222656249 -0.0277004241943359
-0.00131988525390624 0.128898620605469 0.0160360336303711 -0.0122451782226562
-0.0644760131835938 0.114372253417969 -0.00781250000000001 0.0154342651367188
-0.0922012329101562 0.0782241821289063 0.0107955932617188 0.0939178466796875
-0.0557785034179688 0.100814819335938 -0.0130081176757813 0.0928573608398437
-0.00150299072265626 0.115226745605469 0.000465393066406246 0.0766448974609375
0.0676422119140625 0.0785064697265625 0.0302581787109375 0.0581283569335938
0.0867080688476563 0.0149765014648438 0.0322799682617188 0.0294513702392578
0.0752944946289062 -0.0494384765625 0.0268840789794922 0.00858879089355468
0.0401763916015625 -0.07537841796875 0.0121221542358398 0.00713062286376953
0.0334243774414063 -0.0705184936523438 0.00209617614746094 0.0176525115966797
0.0347518920898437 -0.0830764770507813 -0.00422286987304688 0.0334644317626953
0.0542144775390625 -0.0706939697265625 -0.0231246948242188 0.0270271301269531
0.0878982543945312 -0.0295257568359375 -0.0361366271972656 0.0219993591308594
0.0883865356445313 0.0221786499023438 -0.0290393829345703 -0.00450706481933593
0.0381851196289062 0.0956497192382813 -0.0113010406494141 -0.0217151641845703
-0.0170364379882812 0.113838195800781 0.0137481689453125 0.00768756866455079
-0.07244873046875 0.0888824462890625 -0.0329322814941406 0.0467185974121094
-0.078125 0.0352859497070313 -0.0233917236328125 0.113914489746094
-0.0607070922851562 0.062164306640625 -0.031280517578125 0.107345581054688
-0.021240234375 0.0847015380859375 -0.00905609130859376 0.075042724609375
0.0413589477539062 0.0700836181640625 0.00799560546875 0.0582084655761719
0.0653343200683594 0.0223541259765625 0.0110549926757813 0.0364913940429688
0.0629692077636719 -0.0336990356445312 0.0114288330078125 0.029449462890625
0.037567138671875 -0.0568580627441406 0.006195068359375 0.0346736907958984
0.0316619873046875 -0.0559806823730469 -0.000453948974609373 0.0450706481933594
0.0346565246582031 -0.0652313232421875 -0.00919723510742188 0.0572776794433594
0.0497360229492188 -0.0573921203613281 -0.0324783325195313 0.049163818359375
0.0750274658203125 -0.0192642211914063 -0.0480499267578125 0.0361671447753906
0.0723495483398438 0.02557373046875 -0.0408172607421875 0.000518798828124993
0.020721435546875 0.0845794677734375 -0.016021728515625 -0.0193061828613281
-0.0324172973632813 0.087554931640625 0.00604629516601562 0.0237712860107422
-0.0712738037109375 0.053619384765625 -0.0604133605957031 0.0684013366699219
-0.0502815246582031 -0.0141372680664063 -0.0456085205078125 0.118682861328125
-0.0528144836425781 0.0134162902832031 -0.0416183471679688 0.107551574707031
-0.0341148376464844 0.0393180847167969 -0.0125846862792969 0.0690727233886719
0.00849533081054687 0.0453224182128906 -0.004486083984375 0.0521621704101563
0.0338687896728516 0.0232887268066406 -0.00408935546875 0.0394020080566406
0.04095458984375 -0.0143775939941406 -0.00283050537109375 0.043304443359375
0.0278472900390625 -0.0305213928222656 -0.000614166259765619 0.0542678833007813
0.0242519378662109 -0.0319480895996094 -0.00214767456054687 0.0609359741210938
0.0280570983886719 -0.0403404235839844 -0.0142669677734375 0.074462890625
0.0380058288574219 -0.0362167358398438 -0.0413436889648438 0.0647163391113281
0.0547409057617188 -0.00914382934570313 -0.0586280822753906 0.0434341430664062
0.0496330261230469 0.0253448486328125 -0.0519828796386719 0.00316238403320313
0.00191879272460938 0.0634918212890625 -0.0231075286865234 -0.0179462432861328
-0.0413322448730469 0.0526657104492188 -0.00677108764648438 0.0313796997070313
-0.0625343322753906 0.01068115234375 -0.0861587524414063 0.0750198364257812
0.0290374755859375 0.0324821472167969 0.08917236328125 -0.0785598754882813
0.0380401611328125 -0.0114517211914063 0.0213603973388672 -0.0329532623291016
0.00555038452148438 -0.0272026062011719 0.0232028961181641 0.0213184356689453
-0.0178756713867188 -0.0177726745605469 0.0670204162597656 0.0075836181640625
-0.0220527648925781 -6.86645507812452E-05 0.0690689086914063 -0.0392532348632813
-0.0178241729736328 0.0126552581787109 0.0423507690429688 -0.0789031982421875
-0.0146694183349609 0.00896739959716797 0.011627197265625 -0.0886993408203125
-0.017913818359375 0.00518989562988281 -0.00130462646484375 -0.0721969604492188
-0.0206432342529297 0.00212860107421875 -0.000404357910156258 -0.0627365112304688
-0.0169544219970703 -0.0119314193725586 0.00522232055664062 -0.0523605346679688
-0.00125503540039063 -0.0244598388671875 0.006195068359375 -0.0451087951660156
0.02264404296875 -0.0217437744140625 0.0111465454101563 -0.0500564575195312
0.041839599609375 0.00658035278320313 0.0197830200195313 -0.0648117065429687
0.0396461486816406 0.039154052734375 0.0361175537109375 -0.0980453491210938
0.0189552307128906 0.0570259094238281 0.0552139282226563 -0.108741760253906
-6.86645507812453E-05 0.0740814208984375 0.0995330810546875 -0.058013916015625
0.0333690643310547 0.0328941345214844 0.0298862457275391 -0.0194034576416016
0.0236072540283203 0.0109062194824219 0.0278587341308594 0.0289497375488281
0.0168819427490234 -0.00260353088378906 0.07379150390625 0.0134811401367188
0.0101289749145508 -0.00804996490478516 0.076141357421875 -0.035064697265625
0.00371646881103516 -0.0142173767089844 0.0491409301757813 -0.0783767700195313
-0.00415229797363281 -0.0228347778320312 0.0148849487304688 -0.0882568359375
-0.00538444519042969 -0.0245418548583984 -0.000373840332031244 -0.070709228515625
-0.00620269775390625 -0.0298805236816406 0.000904083251953119 -0.0581130981445313
0.00749969482421875 -0.0359649658203125 0.00327301025390625 -0.05010986328125
0.0325069427490234 -0.0292854309082031 0.00291824340820313 -0.0380592346191406
0.0526580810546875 -0.00478744506835937 0.00797653198242188 -0.0425224304199219
0.0485763549804688 0.0448951721191406 0.0108070373535156 -0.0559806823730469
0.0277938842773437 0.0830001831054688 0.0278854370117188 -0.0825042724609375
-0.00963592529296874 0.0942840576171875 0.048065185546875 -0.0871810913085938
-0.0318832397460938 0.104988098144531 0.0958404541015625 -0.0264663696289062
0.0175323486328125 0.0771713256835938 0.0306911468505859 0.00400733947753907
0.0359687805175781 0.0535507202148438 0.0288238525390625 0.04132080078125
0.0519256591796875 0.0185356140136719 0.075042724609375 0.0234298706054688
0.0440139770507813 -0.0114250183105469 0.0770492553710938 -0.023345947265625
0.028472900390625 -0.0384330749511719 0.0521583557128906 -0.067901611328125
0.00849151611328125 -0.0504951477050781 0.0174713134765625 -0.0768585205078125
0.00712203979492188 -0.04937744140625 0.000335693359375004 -0.0583724975585938
0.00748825073242188 -0.0586128234863281 0.000835418701171873 -0.0435714721679688
0.0273170471191406 -0.0576286315917969 -0.0017547607421875 -0.0383567810058594
0.0597000122070313 -0.0358810424804688 -0.00591659545898437 -0.0263710021972656
0.077606201171875 0.003326416015625 -6.48498535156199E-05 -0.0332794189453125
0.0574569702148438 0.071685791015625 0.00152206420898438 -0.0463371276855469
0.0218353271484375 0.112930297851562 0.0208625793457031 -0.0611152648925781
-0.0305252075195312 0.117218017578125 0.0344657897949219 -0.0570182800292969
-0.0614547729492187 0.118980407714844 0.0784530639648438 0.0152511596679688
-0.00395202636718751 0.109153747558594 0.0248641967773438 0.0341053009033203
0.0393142700195313 0.0931854248046875 0.0246810913085938 0.0564651489257813
0.07781982421875 0.0413131713867188 0.0675506591796875 0.0370750427246094
0.0733642578125 -0.009246826171875 0.0703353881835938 -0.00624847412109375
0.0509109497070313 -0.0550575256347656 0.0502662658691406 -0.0469436645507813
0.0210037231445312 -0.0716552734375 0.0188636779785156 -0.0552101135253906
0.0175628662109375 -0.0678749084472656 0.00143814086914063 -0.0373916625976563
0.0173110961914062 -0.0789642333984375 0.000261306762695313 -0.0227184295654297
0.0398025512695312 -0.0723876953125 -0.00843620300292969 -0.0197544097900391
0.077362060546875 -0.0416717529296875 -0.0158824920654297 -0.010807991027832
0.0921173095703125 0.00701141357421875 -0.00976371765136718 -0.0231990814208984
0.0623397827148438 0.0863723754882813 -0.00494766235351562 -0.0365562438964844
0.0161972045898438 0.127044677734375 0.0173606872558594 -0.0374336242675781
-0.0463485717773437 0.125373840332031 0.0147495269775391 -0.0216464996337891
-0.0824508666992187 0.111183166503906 0.0491142272949219 0.0567893981933594
-0.0293045043945313 0.119071960449219 0.00975418090820313 0.0661392211914063
0.0262985229492188 0.116416931152344 0.01483154296875 0.0683403015136719
0.08447265625 0.0633621215820312 0.051910400390625 0.0503997802734375
0.0895004272460938 -0.00014495849609375 0.0549583435058594 0.0130195617675781
0.0669517517089844 -0.0609054565429688 0.0414886474609375 -0.0204887390136719
0.0302581787109375 -0.0801467895507813 0.0171241760253906 -0.0265083312988281
0.025390625 -0.0754623413085937 0.00225639343261719 -0.0107688903808594
0.025787353515625 -0.0878219604492188 -0.000905036926269529 0.00417089462280273
0.04736328125 -0.0787200927734375 -0.014678955078125 0.0041961669921875
0.0858993530273438 -0.0409164428710938 -0.0253925323486328 0.00694656372070312
0.0966415405273438 0.0106201171875 -0.0190582275390625 -0.0128898620605469
0.0576019287109375 0.092803955078125 -0.009033203125 -0.0283317565917969
0.00542449951171875 0.126518249511719 0.0165920257568359 -0.0134878158569336
-0.058441162109375 0.116233825683594 -0.00679111480712891 0.0151758193969727
-0.0869674682617188 0.0824356079101562 0.0156326293945312 0.09246826171875
-0.0498886108398438 0.102691650390625 -0.00926208496093751 0.0919723510742188
0.0041046142578125 0.113250732421875 0.00276947021484375 0.0752182006835938
0.0725860595703125 0.0738754272460938 0.0305366516113281 0.0576171875
0.0866775512695313 0.010833740234375 0.0334758758544922 0.0283870697021484
0.0717620849609375 -0.05401611328125 0.0279731750488281 0.00737190246582031
0.035919189453125 -0.075836181640625 0.0131940841674805 0.00590991973876953
0.0297088623046875 -0.0716705322265625 0.00212478637695313 0.0167264938354492
0.03021240234375 -0.0838394165039063 -0.00254440307617187 0.0315570831298828
0.0494308471679688 -0.073333740234375 -0.0230236053466797 0.0278530120849609
0.0843734741210938 -0.0345001220703125 -0.0354995727539062 0.0231704711914062
0.0894393920898438 0.0168304443359375 -0.0284881591796875 -0.00412178039550781
0.0432357788085937 0.0915298461914062 -0.0121097564697266 -0.0222282409667969
-0.0114517211914063 0.113494873046875 0.0135040283203125 0.00697517395019532
-0.066802978515625 0.0918121337890625 -0.0310287475585938 0.0465965270996094
-0.0750503540039063 0.0382919311523438 -0.0175628662109375 0.11468505859375
-0.0563392639160156 0.0644569396972656 -0.0270004272460938 0.106719970703125
-0.0167617797851563 0.084259033203125 -0.00699615478515625 0.0735549926757813
0.0451698303222656 0.0664520263671875 0.0100326538085938 0.057952880859375
0.0664291381835938 0.018157958984375 0.0122833251953125 0.0368156433105469
0.0608139038085938 -0.0376396179199219 0.0122165679931641 0.0294914245605469
0.0337295532226563 -0.058380126953125 0.00700759887695312 0.0343017578125
0.0285720825195313 -0.0568771362304688 0.00179290771484375 0.0428047180175781
0.0304222106933594 -0.0682258605957031 -0.00565338134765625 0.0561447143554687
0.0460395812988281 -0.0586204528808594 -0.0302314758300781 0.0494461059570312
0.0738754272460937 -0.0234909057617187 -0.0451316833496094 0.0361099243164063
0.0727462768554688 0.0216751098632813 -0.0393104553222656 0.0017242431640625
0.0244293212890625 0.08197021484375 -0.01654052734375 -0.0187301635742188
-0.02734375 0.0879592895507813 0.00696563720703125 0.0225486755371094
-0.0690460205078125 0.0559577941894531 -0.0572013854980469 0.069122314453125
-0.0503196716308594 -0.0118904113769531 -0.0392379760742188 0.120895385742188
-0.05029296875 0.0154953002929688 -0.03668212890625 0.108566284179688
-0.0310287475585937 0.0413894653320313 -0.0117263793945313 0.0676994323730469
0.0119705200195313 0.0458183288574219 -0.00309371948242187 0.0537338256835937
0.0346927642822266 0.0203475952148438 -0.00253677368164062 0.0402107238769531
0.0407447814941406 -0.0160026550292969 0.000564575195312506 0.0435523986816406
0.0264339447021484 -0.031951904296875 0.00256729125976562 0.0538139343261719
0.0225429534912109 -0.0329914093017578 0.000480651855468747 0.0611419677734375
0.0253067016601563 -0.0422935485839844 -0.0098876953125 0.0743942260742188
0.0354995727539063 -0.0375442504882813 -0.0386466979980469 0.0656166076660156
0.0529823303222656 -0.0112838745117188 -0.0557594299316406 0.0449638366699219
0.0489082336425781 0.0220947265625 -0.0498390197753906 0.0051116943359375
0.00471115112304687 0.0618705749511719 -0.0225849151611328 -0.0174903869628906
-0.0378265380859375 0.0530471801757813 -0.00479698181152344 0.0309123992919922
-0.0618324279785156 0.0130882263183594 -0.0811538696289063 0.0785369873046875
0.0298690795898437 0.0324325561523438 0.0869216918945313 -0.0809555053710938
0.0379867553710937 -0.0128097534179688 0.0197181701660156 -0.0335597991943359
0.00525474548339844 -0.0273933410644531 0.0227985382080078 0.0216560363769531
-0.0181636810302734 -0.0168838500976563 0.0670204162597656 0.00621795654296875
-0.0217781066894531 0.000612258911132816 0.0688362121582031 -0.0405120849609375
-0.0181484222412109 0.0130290985107422 0.0401229858398438 -0.0795059204101563
-0.0140781402587891 0.00957202911376953 0.00865173339843751 -0.0885848999023438
-0.0171451568603516 0.00660800933837891 -0.00315856933593751 -0.0719528198242188
-0.0203838348388672 0.0037384033203125 -0.00271224975585938 -0.0621490478515625
-0.0170555114746094 -0.0112543106079102 0.00293731689453125 -0.0524406433105469
-0.00283241271972656 -0.0242843627929688 0.0046234130859375 -0.045654296875
0.0216426849365234 -0.0215473175048828 0.0104103088378906 -0.0511817932128906
0.0417900085449219 0.00522994995117188 0.0200920104980469 -0.0652198791503906
0.0401725769042969 0.0376167297363281 0.034942626953125 -0.0987472534179688
0.0201873779296875 0.0575141906738281 0.05279541015625 -0.110855102539063
0.00148010253906249 0.0746612548828125 0.0980987548828125 -0.0609359741210937
0.0342350006103516 0.0326423645019531 0.0284023284912109 -0.020538330078125
0.0243206024169922 0.0103416442871094 0.0276565551757813 0.0294227600097656
0.0174083709716797 -0.00357818603515625 0.0742340087890625 0.012054443359375
0.0100107192993164 -0.00826454162597656 0.0751724243164063 -0.0354537963867188
0.00288867950439453 -0.0146770477294922 0.0470733642578125 -0.0790176391601563
-0.00492477416992188 -0.022735595703125 0.011993408203125 -0.088409423828125
-0.00583076477050781 -0.0232620239257813 -0.00266265869140625 -0.0700492858886719
-0.00725746154785156 -0.0294704437255859 -0.00109863281250001 -0.0582656860351562
0.00620269775390625 -0.0363082885742187 0.00119400024414063 -0.0502586364746094
0.0312957763671875 -0.0301227569580078 0.00119781494140625 -0.039306640625
0.0522384643554688 -0.006683349609375 0.00684356689453125 -0.0443687438964844
0.0494918823242188 0.0436859130859375 0.0113105773925781 -0.056610107421875
0.0302505493164062 0.0817642211914063 0.02679443359375 -0.0831069946289062
-0.00696563720703124 0.0948867797851563 0.0465164184570312 -0.0901641845703125
-0.0296173095703125 0.105964660644531 0.095428466796875 -0.0288772583007812
0.020050048828125 0.0764389038085938 0.0301742553710937 0.00218009948730469
0.0378761291503906 0.0536079406738281 0.0287094116210938 0.0418891906738281
0.0527114868164063 0.0160484313964844 0.0754013061523438 0.0233001708984375
0.044189453125 -0.0128669738769531 0.076812744140625 -0.02410888671875
0.0262718200683594 -0.0396156311035156 0.0506935119628906 -0.0682220458984375
0.00713348388671875 -0.0512123107910156 0.01495361328125 -0.0771865844726563
0.00534439086914063 -0.049407958984375 -0.00168609619140625 -0.0580291748046875
0.00537490844726563 -0.058380126953125 -0.00162887573242188 -0.0445632934570313
0.0247573852539063 -0.058319091796875 -0.00423049926757812 -0.0385665893554688
0.0583572387695312 -0.0378761291503906 -0.00717735290527343 -0.0272617340087891
0.0772781372070313 0.00069427490234375 -0.000617980957031246 -0.0355262756347656
0.0595054626464844 0.0700531005859375 0.00134277343750001 -0.0469322204589844
0.0250167846679687 0.111900329589844 0.019927978515625 -0.0620269775390625
-0.0277633666992187 0.118644714355469 0.0321846008300781 -0.059661865234375
-0.0581207275390625 0.120903015136719 0.0790557861328125 0.0128631591796875
-0.000923156738281243 0.108695983886719 0.0247173309326172 0.0327949523925781
0.0412521362304688 0.0919342041015625 0.0245552062988281 0.0564498901367188
0.078460693359375 0.0387649536132813 0.0684165954589844 0.0370292663574219
0.073028564453125 -0.0112991333007813 0.0699005126953125 -0.0064239501953125
0.0484504699707031 -0.0573196411132812 0.0498886108398438 -0.0479774475097656
0.0182113647460937 -0.0718536376953125 0.0170669555664063 -0.0557746887207031
0.0154457092285156 -0.0683555603027344 -0.000274658203125 -0.0373497009277344
0.014739990234375 -0.0794525146484375 -0.00130081176757813 -0.0229606628417969
0.036834716796875 -0.0737762451171875 -0.0104923248291016 -0.0193672180175781
0.0756759643554688 -0.044708251953125 -0.016230583190918 -0.0108222961425781
0.0926437377929688 0.00301361083984375 -0.0100421905517578 -0.0245552062988281
0.06524658203125 0.0845947265625 -0.00516128540039062 -0.03729248046875
0.0201797485351562 0.126678466796875 0.0165061950683594 -0.0384178161621094
-0.0430831909179687 0.126853942871094 0.0137958526611328 -0.0233669281005859
-0.0782623291015625 0.113563537597656 0.0513534545898437 0.0560531616210938
-0.0257110595703125 0.119728088378906 0.0108375549316406 0.0648345947265625
0.0292816162109375 0.115386962890625 0.0148735046386719 0.0689163208007813
0.0872116088867187 0.0600051879882812 0.0524101257324219 0.0504417419433594
0.0895233154296875 -0.00307464599609375 0.0550689697265625 0.0126266479492188
0.0637168884277344 -0.0633964538574219 0.0416183471679688 -0.0213737487792969
0.0276870727539062 -0.0809097290039063 0.0161590576171875 -0.0264492034912109
0.0232315063476563 -0.0767135620117187 0.000905990600585939 -0.0112295150756836
0.0226211547851562 -0.0888671875 -0.00128746032714844 0.00385308265686035
0.0439682006835938 -0.0797348022460938 -0.0165119171142578 0.0039987564086914
0.0840835571289063 -0.044708251953125 -0.0253810882568359 0.00736236572265624
0.0968551635742188 0.0066680908203125 -0.01910400390625 -0.0139789581298828
0.0607528686523438 0.0907363891601563 -0.00918769836425781 -0.0291404724121094
0.00946807861328124 0.126296997070313 0.0161666870117188 -0.0144681930541992
-0.0558090209960938 0.117561340332031 -0.0070333480834961 0.0141658782958984
-0.0840225219726563 0.084686279296875 0.0181427001953125 0.0927352905273438
-0.0468521118164063 0.103004455566406 -0.00719451904296875 0.091583251953125
0.007476806640625 0.1134033203125 0.00249481201171875 0.0759506225585938
0.07476806640625 0.0712890625 0.0306243896484375 0.05828857421875
0.0871353149414063 0.00821685791015625 0.0336418151855469 0.0285530090332031
0.0686416625976563 -0.0568046569824219 0.0286064147949219 0.00632095336914062
0.0322113037109375 -0.0769195556640625 0.0133113861083984 0.00517654418945312
0.0269393920898437 -0.0727996826171875 0.00171279907226563 0.0164041519165039
0.0268707275390625 -0.085662841796875 -0.00234031677246094 0.0314655303955078
0.046539306640625 -0.0750350952148438 -0.0225925445556641 0.0279464721679687
0.0831680297851563 -0.0382461547851563 -0.0343685150146484 0.0237293243408203
0.0902328491210938 0.0134811401367188 -0.0284996032714844 -0.00482940673828124
0.0466232299804688 0.0901412963867188 -0.0121841430664062 -0.0229225158691406
-0.00772857666015626 0.113418579101563 0.0142173767089844 0.0058727264404297
-0.0651397705078125 0.0940628051757813 -0.0299797058105469 0.0461654663085938
-0.0731582641601563 0.0402374267578125 -0.014617919921875 0.1156005859375
-0.0539398193359375 0.065155029296875 -0.0250015258789062 0.106239318847656
-0.014801025390625 0.0855789184570313 -0.00804138183593751 0.07489013671875
0.0469779968261719 0.06585693359375 0.0108222961425781 0.0590400695800781
0.0671157836914063 0.0161628723144531 0.0133247375488281 0.037994384765625
0.0593681335449219 -0.0401649475097656 0.0136070251464844 0.0285816192626953
0.0314407348632813 -0.0596046447753906 0.00812721252441406 0.0331268310546875
0.0268516540527344 -0.05780029296875 0.00236129760742188 0.0422439575195312
0.0278549194335937 -0.0696640014648438 -0.00447082519531249 0.0558395385742187
0.0432548522949219 -0.0602836608886719 -0.0299530029296875 0.049957275390625
0.0726470947265625 -0.0270919799804688 -0.0445899963378906 0.0370941162109375
0.073944091796875 0.0191650390625 -0.0391197204589844 0.00161361694335937
0.0273666381835938 0.081329345703125 -0.0168647766113281 -0.0189208984375
-0.0244827270507813 0.0884552001953125 0.00707435607910156 0.0217132568359375
-0.0674285888671875 0.0581855773925781 -0.0550689697265625 0.0702629089355469
-0.0501480102539063 -0.0101699829101562 -0.035491943359375 0.122795104980469
-0.0492401123046875 0.0164947509765625 -0.0345382690429688 0.108879089355469
-0.0301246643066406 0.0415802001953125 -0.0120201110839844 0.0685195922851563
0.013427734375 0.0455970764160156 -0.00278472900390624 0.0548439025878906
0.03546142578125 0.0193405151367187 -0.00112915039062499 0.0411415100097656
0.0395965576171875 -0.0177536010742188 0.00222396850585938 0.0436172485351563
0.0247592926025391 -0.0333824157714844 0.00450897216796875 0.0535163879394531
0.0214138031005859 -0.0342617034912109 0.00227737426757813 0.0607337951660156
0.0239448547363281 -0.0439338684082031 -0.00780487060546875 0.0739059448242188
0.0340728759765625 -0.0383491516113281 -0.0375709533691406 0.066192626953125
0.0536155700683594 -0.0130386352539063 -0.0544853210449219 0.0458564758300781
0.0498771667480469 0.0209083557128906 -0.0501594543457031 0.00490951538085938
0.007049560546875 0.0616798400878906 -0.0230293273925781 -0.0181694030761719
-0.0360107421875 0.0534591674804688 -0.00331687927246094 0.0302658081054688
-0.0611839294433594 0.0141944885253906 -0.079193115234375 0.0805511474609375
0.0309677124023437 0.0326042175292969 0.0866470336914063 -0.0847854614257813
0.0386123657226563 -0.0141143798828125 0.0184192657470703 -0.0342864990234375
0.00527000427246094 -0.0280971527099609 0.0234241485595703 0.0225410461425781
-0.0189571380615234 -0.0163440704345703 0.0685615539550781 0.0057830810546875
-0.0226840972900391 0.00101280212402344 0.0697517395019531 -0.0419845581054688
-0.0183258056640625 0.0139884948730469 0.0397109985351563 -0.0809860229492188
-0.0140953063964844 0.0101079940795898 0.00679779052734376 -0.0900115966796875
-0.0170631408691406 0.00790882110595703 -0.005218505859375 -0.0726242065429688
-0.0208396911621094 0.00501060485839844 -0.00467681884765625 -0.0631599426269531
-0.01788330078125 -0.0110721588134766 0.001251220703125 -0.0537338256835938
-0.00373077392578125 -0.0241870880126953 0.00352859497070312 -0.0474967956542969
0.0208358764648438 -0.0228519439697266 0.0101432800292969 -0.0535774230957031
0.0421104431152344 0.0042266845703125 0.0207939147949219 -0.0667037963867188
0.0420303344726563 0.0379066467285156 0.0341033935546875 -0.1014404296875
0.0221061706542969 0.0581550598144531 0.0512008666992188 -0.1168212890625
0.00350189208984375 0.0765380859375 0.0981826782226563 -0.06500244140625
0.0356636047363281 0.0325202941894531 0.0276012420654297 -0.0218219757080078
0.0260601043701172 0.0102901458740234 0.0277385711669922 0.0308837890625
0.0176582336425781 -0.00446510314941406 0.0754547119140625 0.0118484497070313
0.00949382781982422 -0.00899028778076172 0.0766143798828125 -0.0372543334960938
0.00208377838134766 -0.0153980255126953 0.0468215942382813 -0.0810623168945313
-0.00551605224609375 -0.0229148864746094 0.0102386474609375 -0.0901336669921875
-0.00734901428222657 -0.0232429504394531 -0.00510406494140625 -0.0709304809570313
-0.008392333984375 -0.0294589996337891 -0.00342941284179688 -0.0589447021484375
0.00520706176757813 -0.0368804931640625 -0.000679016113281253 -0.0508460998535156
0.0303764343261719 -0.0315704345703125 0.000110626220703126 -0.0411033630371094
0.0529098510742187 -0.00799942016601563 0.00646209716796876 -0.0465774536132813
0.0514297485351563 0.0440673828125 0.0116462707519531 -0.0577049255371094
0.0328140258789063 0.0825653076171875 0.0265655517578125 -0.0861053466796875
-0.00508880615234375 0.0974044799804687 0.0455780029296875 -0.094818115234375
-0.0274887084960937 0.109542846679688 0.0963668823242188 -0.0319061279296875
0.0223464965820312 0.0769424438476563 0.0301914215087891 0.00158500671386719
0.0407524108886719 0.0535888671875 0.0285720825195313 0.0435562133789063
0.0540657043457031 0.0141067504882813 0.0772857666015625 0.02294921875
0.0445556640625 -0.0145988464355469 0.077911376953125 -0.0247421264648438
0.0250129699707031 -0.0418357849121094 0.0504302978515625 -0.0707244873046875
0.00566482543945313 -0.0529022216796875 0.013458251953125 -0.0783309936523438
0.00369644165039063 -0.0503501892089844 -0.00380325317382813 -0.0584182739257813
0.00293731689453125 -0.0596351623535156 -0.00310516357421875 -0.0453376770019531
0.0225601196289063 -0.0596122741699219 -0.00621795654296875 -0.039031982421875
0.0578842163085938 -0.0404396057128906 -0.00835418701171875 -0.0286083221435547
0.0785675048828125 -0.0016021728515625 -0.00141143798828125 -0.0383949279785156
0.0624771118164063 0.0704803466796875 0.00192642211914063 -0.0481529235839844
0.028411865234375 0.11328125 0.0197372436523437 -0.0641937255859375
-0.0257034301757813 0.122489929199219 0.0310859680175781 -0.0627555847167969
-0.05670166015625 0.124580383300781 0.081146240234375 0.0107879638671875
0.0017242431640625 0.110359191894531 0.0247573852539063 0.0319862365722656
0.0446395874023437 0.0929183959960938 0.0246238708496094 0.0581817626953125
0.0816497802734375 0.0368804931640625 0.0699729919433594 0.0379867553710938
0.0740280151367188 -0.0143280029296875 0.0713653564453125 -0.00665283203125
0.046539306640625 -0.0599784851074219 0.050201416015625 -0.0496978759765625
0.0158843994140625 -0.0742034912109375 0.0155105590820313 -0.0567779541015625
0.0133171081542969 -0.0694923400878906 -0.00268173217773438 -0.0373077392578125
0.0118331909179688 -0.081512451171875 -0.00288200378417968 -0.0234031677246094
0.0342178344726563 -0.0759658813476563 -0.0120525360107422 -0.0192604064941406
0.0752029418945313 -0.0484466552734375 -0.016606330871582 -0.0114116668701172
0.0943145751953125 -0.00060272216796875 -0.0112876892089844 -0.0267066955566406
0.0688934326171875 0.084197998046875 -0.00537109375 -0.0385398864746094
0.0245742797851563 0.128059387207031 0.016845703125 -0.0403022766113281
-0.0411605834960938 0.130897521972656 0.0126457214355469 -0.0254287719726562
-0.0773391723632813 0.117401123046875 0.0540657043457031 0.0552864074707031
-0.0235137939453125 0.121536254882812 0.0116386413574219 0.0649909973144531
0.0331192016601563 0.117454528808594 0.01434326171875 0.0716094970703125
0.0909500122070313 0.0584259033203125 0.0535316467285156 0.0518074035644531
0.0909194946289063 -0.005950927734375 0.056304931640625 0.0134620666503906
0.0624771118164062 -0.0669479370117188 0.0426597595214844 -0.0222969055175781
0.0249252319335937 -0.0842132568359375 0.0158157348632813 -0.0275115966796875
0.0207138061523437 -0.0784072875976562 -0.0003814697265625 -0.0112190246582031
0.018951416015625 -0.0917282104492188 -0.00178670883178711 0.00366401672363281
0.0419158935546875 -0.082794189453125 -0.0176639556884766 0.00444984436035155
0.0840911865234375 -0.0491867065429688 -0.0260009765625 0.00719451904296875
0.0986785888671875 0.00339508056640625 -0.0199909210205078 -0.0157241821289063
0.06451416015625 0.0909042358398438 -0.00918197631835937 -0.0299186706542969
0.0131378173828125 0.128402709960938 0.0168600082397461 -0.0160131454467773
-0.0542526245117188 0.121932983398438 -0.0073394775390625 0.0130558013916016
-0.0834274291992188 0.0881729125976562 0.0207748413085937 0.0938186645507813
-0.0451431274414063 0.105514526367188 -0.00673675537109375 0.0926361083984375
0.0102310180664063 0.116058349609375 0.00238037109375 0.077850341796875
0.0784378051757813 0.0702667236328125 0.031951904296875 0.0601882934570313
0.089263916015625 0.0055999755859375 0.0352210998535156 0.030120849609375
0.0673484802246094 -0.06024169921875 0.0300998687744141 0.00593948364257812
0.0304336547851563 -0.0794296264648438 0.0135822296142578 0.00477218627929687
0.025146484375 -0.0750656127929688 0.00162220001220703 0.0169963836669922
0.024200439453125 -0.0888671875 -0.00250053405761718 0.0313873291015625
0.0445327758789063 -0.0781936645507813 -0.0234603881835937 0.0289764404296875
0.0837554931640625 -0.0425796508789063 -0.0344982147216797 0.0244235992431641
0.0922470092773437 0.010467529296875 -0.0295886993408203 -0.00599670410156251
0.0504684448242188 0.0907363891601563 -0.0131549835205078 -0.0237808227539062
-0.004302978515625 0.115348815917969 0.0147304534912109 0.00510501861572266
-0.0647659301757812 0.0977325439453125 -0.0299339294433594 0.0472145080566406
-0.0729217529296875 0.04315185546875 -0.0116806030273438 0.118873596191406
-0.0536575317382812 0.067108154296875 -0.0240554809570312 0.108444213867188
-0.0132293701171875 0.088043212890625 -0.00827789306640624 0.0768508911132813
0.0496139526367188 0.0652847290039063 0.0111579895019531 0.0614891052246094
0.0689163208007813 0.0146141052246094 0.0143814086914063 0.0397529602050781
0.0587654113769531 -0.04327392578125 0.0149154663085938 0.0292587280273437
0.0300445556640625 -0.0622100830078125 0.00984001159667969 0.0338382720947266
0.02532958984375 -0.0601921081542969 0.00321197509765625 0.0423507690429687
0.0258026123046875 -0.0723190307617188 -0.00368881225585938 0.0568199157714844
0.041534423828125 -0.0629119873046875 -0.0299720764160156 0.0513534545898437
0.073577880859375 -0.0303726196289062 -0.0441360473632812 0.0385971069335938
0.0761032104492188 0.0169754028320313 -0.0400581359863281 0.0013427734375
0.02978515625 0.0819473266601563 -0.0177268981933594 -0.0197257995605469
-0.0220870971679687 0.090545654296875 0.00844383239746094 0.0212230682373047
-0.0680046081542969 0.0608139038085938 -0.0544357299804688 0.0725326538085937
-0.0505180358886719 -0.00921249389648438 -0.0325088500976562 0.12689208984375
-0.0499420166015625 0.017425537109375 -0.0335769653320313 0.111480712890625
-0.0300331115722656 0.0439491271972656 -0.0121307373046875 0.07086181640625
0.0153617858886719 0.04571533203125 -0.00252151489257812 0.0569190979003906
0.0368919372558594 0.0182838439941406 0.000167846679687507 0.0426368713378906
0.0395278930664063 -0.0196609497070312 0.00411605834960938 0.0443878173828125
0.0242862701416016 -0.0349578857421875 0.00600814819335938 0.0542449951171875
0.0203628540039062 -0.0361061096191406 0.00382614135742187 0.0613822937011719
0.0228614807128906 -0.0460777282714844 -0.00611114501953125 0.0751876831054688
0.033203125 -0.0398139953613281 -0.0364418029785156 0.0680084228515625
0.0540885925292969 -0.0157356262207031 -0.0546379089355469 0.0472564697265625
0.0517158508300781 0.0195045471191406 -0.0507545471191406 0.00507736206054687
0.00859451293945313 0.0627708435058594 -0.0240383148193359 -0.0188331604003906
-0.0355949401855469 0.0548591613769531 -0.00244140625 0.0302734375
-0.0626945495605469 0.0160102844238281 -0.078216552734375 0.0835952758789063
0.0326976776123047 0.0332374572753906 0.0856781005859375 -0.0911712646484375
0.0392684936523438 -0.0167083740234375 0.0167083740234375 -0.0359535217285156
0.00503730773925781 -0.0294933319091797 0.0247688293457031 0.0241947174072266
-0.0206127166748047 -0.0160655975341797 0.0708541870117187 0.00449371337890625
-0.0232429504394531 0.00203514099121094 0.07086181640625 -0.0457839965820313
-0.0184116363525391 0.0153846740722656 0.0379409790039063 -0.084716796875
-0.0141668319702148 0.0112524032592773 0.00339508056640624 -0.0928802490234375
-0.0168752670288086 0.0091094970703125 -0.00856781005859376 -0.07440185546875
-0.0209255218505859 0.00685310363769531 -0.00816726684570312 -0.06463623046875
-0.0186996459960937 -0.00970458984375 -0.001556396484375 -0.0552787780761719
-0.0050811767578125 -0.0240554809570313 0.00112533569335937 -0.0504531860351563
0.0205039978027344 -0.0240631103515625 0.00884246826171875 -0.05694580078125
0.0436172485351563 0.00303268432617188 0.0208549499511719 -0.0699844360351563
0.0450859069824219 0.0375289916992188 0.0322113037109375 -0.106735229492188
0.0249176025390625 0.0593528747558594 0.0483169555664062 -0.12408447265625
0.0057220458984375 0.0799026489257813 0.09893798828125 -0.0708389282226563
0.0384025573730469 0.0314292907714844 0.0269546508789063 -0.0237903594970703
0.0280780792236328 0.00924873352050781 0.0291996002197266 0.0324230194091797
0.0183334350585938 -0.00568389892578125 0.0784835815429688 0.0104751586914063
0.00964069366455078 -0.00977802276611328 0.078399658203125 -0.0404281616210938
0.00123691558837891 -0.0159883499145508 0.0454177856445313 -0.0850448608398438
-0.007232666015625 -0.0229358673095703 0.0067291259765625 -0.0931167602539063
-0.00824737548828125 -0.0234165191650391 -0.008148193359375 -0.0724105834960938
-0.0104522705078125 -0.0296134948730469 -0.00682449340820312 -0.0611763000488281
0.00296783447265625 -0.037872314453125 -0.00424957275390626 -0.0530014038085938
0.0295829772949219 -0.0342121124267578 -0.00211334228515625 -0.04345703125
0.0540351867675781 -0.0103721618652344 0.00521850585937501 -0.0499420166015625
0.0545005798339844 0.04345703125 0.0118331909179687 -0.0603141784667969
0.0375900268554688 0.084014892578125 0.0259933471679687 -0.090179443359375
-0.00101470947265625 0.101570129394531 0.0426101684570313 -0.101493835449219
-0.0251388549804688 0.114891052246094 0.098297119140625 -0.0374298095703125
0.0262451171875 0.0782394409179687 0.0302181243896484 -0.000343322753906245
0.0448341369628906 0.0539741516113281 0.0303153991699219 0.0454330444335938
0.0563735961914063 0.0120048522949219 0.0806045532226563 0.02239990234375
0.0447425842285156 -0.0171699523925781 0.0804977416992188 -0.027313232421875
0.0227584838867188 -0.0442771911621094 0.0503082275390625 -0.07415771484375
0.00243377685546875 -0.0550384521484375 0.0107192993164063 -0.0817413330078125
0.00176239013671875 -0.0517196655273438 -0.00704574584960938 -0.0594253540039062
-0.000183105468750004 -0.0615081787109375 -0.00622177124023437 -0.0468292236328125
0.0203323364257813 -0.0623016357421875 -0.00914382934570313 -0.0397109985351563
0.0574302673339844 -0.0444297790527344 -0.0102119445800781 -0.0302600860595703
0.0807571411132813 -0.00548553466796875 -0.00315856933593749 -0.04058837890625
0.067291259765625 0.070343017578125 0.00148773193359375 -0.0501632690429687
0.0342178344726563 0.116004943847656 0.0192031860351563 -0.0677223205566406
-0.022369384765625 0.128334045410156 0.0292129516601563 -0.0675697326660156
-0.053619384765625 0.130989074707031 0.083892822265625 0.00735473632812501
0.00646209716796876 0.1134033203125 0.0253677368164063 0.0318813323974609
0.0498428344726562 0.0950241088867188 0.026153564453125 0.0607986450195313
0.0860214233398438 0.034088134765625 0.0731201171875 0.0382919311523438
0.0752944946289062 -0.0178070068359375 0.0739974975585938 -0.00803375244140625
0.0444145202636719 -0.0640716552734375 0.0505561828613281 -0.0525932312011719
0.0122909545898437 -0.0774307250976563 0.0137901306152344 -0.0593032836914063
0.0102081298828125 -0.0721282958984375 -0.00438308715820313 -0.0385589599609375
0.00791168212890625 -0.0843505859375 -0.00460433959960937 -0.0238475799560547
0.031585693359375 -0.0796661376953125 -0.0147228240966797 -0.0195484161376953
0.0752639770507813 -0.0535964965820313 -0.0181808471679687 -0.0120773315429688
0.09710693359375 -0.00464630126953125 -0.0126457214355469 -0.0287799835205078
0.0743331909179688 0.0845718383789063 -0.00567245483398437 -0.0403175354003906
0.0310592651367187 0.131111145019531 0.0167465209960937 -0.0430755615234375
-0.038177490234375 0.137298583984375 0.0118579864501953 -0.0280570983886719
-0.07525634765625 0.123886108398438 0.0582466125488281 0.0545463562011719
-0.019866943359375 0.125442504882813 0.0130538940429687 0.0658187866210938
0.0389328002929687 0.120445251464844 0.0154571533203125 0.0741195678710938
0.0963592529296875 0.055755615234375 0.0564308166503906 0.0531845092773438
0.093353271484375 -0.0103073120117188 0.0590133666992188 0.0134124755859375
0.0604171752929688 -0.0722503662109375 0.0437583923339844 -0.0249977111816406
0.0216751098632812 -0.0878524780273438 0.0152454376220703 -0.0292701721191406
0.017364501953125 -0.0820236206054688 -0.00153923034667969 -0.0114631652832031
0.014739990234375 -0.09588623046875 -0.00292873382568359 0.00357818603515624
0.0380859375 -0.0871353149414063 -0.0191020965576172 0.00565719604492187
0.0838546752929688 -0.0550384521484375 -0.0265865325927734 0.0076141357421875
0.102127075195312 -0.00106048583984375 -0.0220794677734375 -0.0171413421630859
0.0706863403320313 0.0909805297851563 -0.0103912353515625 -0.0316619873046875
0.0193328857421875 0.131401062011719 0.0171394348144531 -0.0178985595703125
-0.0520248413085938 0.128349304199219 -0.00751876831054688 0.0128450393676758
-0.0826416015625 0.0941238403320312 0.0249557495117187 0.0961837768554688
-0.0427169799804688 0.109855651855469 -0.004669189453125 0.0950927734375
0.0147552490234375 0.12017822265625 0.00270843505859376 0.080963134765625
0.0839004516601563 0.0683135986328125 0.034027099609375 0.0626945495605469
0.091644287109375 0.00156402587890625 0.0377464294433594 0.0316925048828125
0.065826416015625 -0.0653305053710938 0.0320091247558594 0.00490951538085937
0.0275039672851562 -0.083892822265625 0.0142240524291992 0.00425910949707031
0.0217666625976563 -0.0787429809570313 0.00124549865722656 0.0175018310546875
0.02008056640625 -0.0932235717773438 -0.00172042846679688 0.0321998596191406
0.0411376953125 -0.0827178955078125 -0.0238590240478516 0.0310707092285156
0.083892822265625 -0.048736572265625 -0.0344467163085937 0.0257930755615234
0.0959625244140625 0.00621795654296875 -0.0312309265136719 -0.00619506835937501
0.0562286376953125 0.0915145874023437 -0.0143985748291016 -0.0251102447509766
0.00054168701171874 0.118797302246094 0.0158529281616211 0.00370311737060548
-0.0632781982421875 0.103477478027344 -0.0292396545410156 0.0493888854980469
-0.073760986328125 0.0470046997070313 -0.00746154785156251 0.123451232910156
-0.0528335571289063 0.071075439453125 -0.0224990844726563 0.112701416015625
-0.0107879638671875 0.09228515625 -0.00772857666015624 0.0805206298828125
0.0545845031738281 0.0642852783203125 0.01300048828125 0.0639228820800781
0.0714111328125 0.011627197265625 0.0163002014160156 0.042022705078125
0.0575828552246094 -0.0471305847167969 0.0177040100097656 0.0294876098632812
0.0274581909179688 -0.0657196044921875 0.0109462738037109 0.0342254638671875
0.0223464965820312 -0.0631523132324219 0.00370407104492188 0.0440673828125
0.022247314453125 -0.0771331787109375 -0.00171279907226563 0.0581512451171875
0.0397109985351562 -0.0673866271972656 -0.0294036865234375 0.0543060302734375
0.074127197265625 -0.0355377197265625 -0.0445327758789062 0.0411872863769531
0.0793914794921875 0.0136642456054687 -0.0416450500488281 0.00179290771484374
0.0347900390625 0.0835189819335938 -0.0193729400634766 -0.020416259765625
-0.0191497802734375 0.0939788818359375 0.0100173950195312 0.0216732025146484
-0.0681266784667969 0.0655326843261719 -0.0538406372070312 0.0762710571289063
-0.0520439147949219 -0.00799942016601562 -0.0285568237304688 0.132881164550781
-0.0506744384765625 0.01995849609375 -0.0318984985351563 0.11651611328125
-0.0295753479003906 0.0473213195800781 -0.0113143920898437 0.0733642578125
0.0179405212402344 0.0463066101074219 -0.00146865844726563 0.0604057312011719
0.0390357971191406 0.0170745849609375 0.00178527832031251 0.0460853576660156
0.0391426086425781 -0.0224380493164063 0.00647354125976563 0.0459098815917969
0.023040771484375 -0.0371437072753906 0.0086822509765625 0.0554542541503906
0.0192337036132813 -0.0380287170410156 0.00616455078125 0.0629920959472656
0.020782470703125 -0.0494651794433594 -0.003936767578125 0.0775909423828125
0.0325469970703125 -0.0434112548828125 -0.035675048828125 0.0714950561523437
0.0553855895996094 -0.0191650390625 -0.0540809631347656 0.0503501892089844
0.0546684265136719 0.0176849365234375 -0.0529747009277344 0.00612640380859376
0.0117111206054687 0.0645637512207031 -0.0255775451660156 -0.0195693969726562
-0.0347747802734375 0.0576972961425781 -0.00139999389648437 0.0315055847167969
-0.0641403198242188 0.0188331604003906 -0.0781631469726563 0.08929443359375
0.0351295471191406 0.0333442687988281 0.0828094482421875 -0.0981216430664063
0.0391998291015625 -0.0195579528808594 0.0139007568359375 -0.0377197265625
0.00391006469726562 -0.0309429168701172 0.0264854431152344 0.0250205993652344
-0.0219764709472656 -0.0151500701904297 0.0729446411132813 0.00124359130859375
-0.0241413116455078 0.00360679626464843 0.070220947265625 -0.0507278442382812
-0.0179576873779297 0.0174961090087891 0.0342559814453125 -0.0888900756835938
-0.0140781402587891 0.0125951766967773 -0.00244903564453125 -0.0950469970703125
-0.016261100769043 0.0110282897949219 -0.0134124755859375 -0.0752792358398438
-0.0210170745849609 0.00917243957519531 -0.0129203796386719 -0.0655441284179688
-0.0206432342529297 -0.00833320617675781 -0.0048675537109375 -0.0571212768554687
-0.00734519958496094 -0.0242156982421875 -0.0024871826171875 -0.0528793334960938
0.0198078155517578 -0.0255470275878906 0.00601196289062499 -0.0594635009765625
0.0446662902832031 0.000179290771484375 0.0193557739257813 -0.073211669921875
0.0487785339355469 0.0358734130859375 0.027923583984375 -0.111648559570313
0.0292472839355469 0.0596961975097656 0.0412979125976562 -0.131294250488281
0.0104446411132813 0.0827865600585938 0.097259521484375 -0.0790634155273438
0.04150390625 0.0290641784667969 0.0248603820800781 -0.0260009765625
0.0298900604248047 0.0075531005859375 0.0313549041748047 0.0331211090087891
0.018524169921875 -0.0072174072265625 0.0811920166015625 0.00742340087890625
0.00914669036865234 -0.0107488632202148 0.07867431640625 -0.0452041625976563
-0.00097942352294922 -0.0158834457397461 0.041748046875 -0.0892868041992187
-0.00919151306152344 -0.0236797332763672 0.00110626220703125 -0.0955657958984375
-0.00968742370605469 -0.0226974487304688 -0.0132293701171875 -0.0726776123046875
-0.0127906799316406 -0.0286884307861328 -0.0117149353027344 -0.0619888305664063
0.0002288818359375 -0.038238525390625 -0.00772857666015625 -0.0540618896484375
0.0277328491210937 -0.0361557006835937 -0.00547409057617187 -0.0454177856445313
0.0543861389160156 -0.0141792297363281 0.00254440307617187 -0.05291748046875
0.0587921142578125 0.0414390563964844 0.0101470947265625 -0.0629615783691406
0.0435943603515625 0.0839385986328125 0.0218276977539063 -0.0948410034179687
0.00408935546875 0.104568481445312 0.0372314453125 -0.107627868652344
-0.0195083618164063 0.119918823242188 0.0986175537109375 -0.0439071655273438
0.0315704345703125 0.077911376953125 0.029571533203125 -0.00250244140624999
0.0497550964355469 0.0527229309082031 0.0329170227050781 0.0468864440917969
0.0586891174316406 0.00826644897460938 0.0832977294921875 0.0199203491210938
0.0443115234375 -0.0205955505371094 0.081756591796875 -0.0315475463867188
0.0199928283691406 -0.0466728210449219 0.0477447509765625 -0.0786361694335938
-0.00165939331054687 -0.0564155578613281 0.00589752197265626 -0.0839157104492188
-0.00171279907226562 -0.0528144836425781 -0.0114326477050781 -0.0595664978027344
-0.004852294921875 -0.0624656677246094 -0.0101165771484375 -0.0476493835449219
0.0158157348632813 -0.0644493103027344 -0.0129127502441406 -0.0400962829589844
0.05499267578125 -0.0495109558105469 -0.0128269195556641 -0.0313358306884766
0.0819931030273438 -0.0107574462890625 -0.00596618652343749 -0.042694091796875
0.0729446411132813 0.0686416625976563 0.000637054443359382 -0.0524749755859375
0.042633056640625 0.116729736328125 0.01690673828125 -0.071685791015625
-0.015350341796875 0.133102416992188 0.0248870849609375 -0.0722732543945312
-0.0479660034179688 0.137351989746094 0.0865402221679688 0.00286102294921876
0.0127944946289063 0.115150451660156 0.0264663696289062 0.0304222106933594
0.0573883056640625 0.09466552734375 0.0285072326660156 0.0625381469726563
0.0897674560546875 0.0288925170898438 0.076385498046875 0.0367355346679688
0.0756607055664062 -0.0228729248046875 0.0764999389648438 -0.0109939575195313
0.0401649475097656 -0.0687026977539063 0.0491142272949219 -0.0570068359375
0.00734710693359376 -0.0799331665039062 0.010284423828125 -0.0616073608398438
0.00531005859375001 -0.0743255615234375 -0.00787734985351563 -0.0379447937011719
0.00179290771484374 -0.0866546630859375 -0.00720024108886719 -0.0247516632080078
0.0264511108398437 -0.08306884765625 -0.0172576904296875 -0.0190963745117188
0.072723388671875 -0.06048583984375 -0.0201511383056641 -0.0125179290771484
0.0986404418945313 -0.0110931396484375 -0.0152130126953125 -0.0302486419677734
0.0815811157226563 0.082000732421875 -0.00746917724609375 -0.0416984558105469
0.0395278930664063 0.1319580078125 0.0152359008789063 -0.0460090637207031
-0.0313720703125 0.143829345703125 0.00973510742187499 -0.0307197570800781
-0.0699081420898437 0.131065368652344 0.0625724792480469 0.0526199340820313
-0.0133819580078125 0.1287841796875 0.0155181884765625 0.0661811828613281
0.0470046997070312 0.121871948242188 0.0186233520507813 0.0762252807617188
0.10186767578125 0.05084228515625 0.0601463317871094 0.0531234741210938
0.094390869140625 -0.016510009765625 0.0622367858886719 0.0119361877441406
0.0560455322265625 -0.0769577026367188 0.0443572998046875 -0.0276565551757813
0.0157928466796875 -0.09124755859375 0.0138206481933594 -0.0307559967041016
0.012054443359375 -0.0845260620117188 -0.00329875946044922 -0.0110034942626953
0.0075836181640625 -0.099334716796875 -0.00354862213134766 0.00342679023742675
0.0324859619140625 -0.0913543701171875 -0.0201778411865234 0.00681877136230468
0.0815658569335938 -0.06298828125 -0.0271663665771484 0.00847434997558594
0.103729248046875 -0.00800323486328125 -0.0240268707275391 -0.0174942016601563
0.078094482421875 0.0885696411132813 -0.0118408203125 -0.0327892303466797
0.0284500122070312 0.133018493652344 0.0173892974853516 -0.0204544067382812
-0.0459365844726562 0.135177612304688 -0.00774765014648438 0.0124187469482422
-0.0792617797851563 0.101242065429687 0.0314712524414063 0.0969085693359375
-0.0374069213867187 0.114212036132813 -0.000648498535156255 0.0971908569335938
0.0224151611328125 0.123222351074219 0.00588989257812501 0.0842514038085938
0.089508056640625 0.064697265625 0.0375709533691406 0.0635719299316406
0.0936965942382813 -0.00433349609375 0.0410270690917969 0.0320549011230469
0.0621566772460937 -0.071136474609375 0.033721923828125 0.00313758850097656
0.0219650268554688 -0.0875091552734375 0.0146627426147461 0.0029458999633789
0.0168380737304687 -0.08154296875 0.00167655944824219 0.0182857513427734
0.0132217407226562 -0.0971603393554687 -0.000307083129882811 0.0322990417480469
0.0362319946289063 -0.0874099731445313 -0.0233669281005859 0.0331859588623047
0.0819015502929688 -0.0562744140625 -0.0339488983154297 0.0278701782226562
0.0981674194335938 -0.00063323974609375 -0.0328865051269531 -0.00566864013671874
0.062896728515625 0.090240478515625 -0.0161762237548828 -0.0253391265869141
0.00820159912109375 0.121200561523438 0.0166549682617188 0.00217437744140626
-0.0591659545898437 0.110466003417969 -0.0274810791015625 0.0508575439453125
-0.0727157592773437 0.0520401000976563 0.000152587890625004 0.127525329589844
-0.0502395629882812 0.0752334594726563 -0.0171737670898437 0.115959167480469
-0.00542449951171875 0.0959625244140625 -0.00486755371093749 0.0832061767578125
0.0595207214355469 0.0622406005859375 0.0159072875976563 0.0663566589355469
0.0735855102539063 0.00725555419921875 0.0197601318359375 0.0438575744628906
0.0552330017089844 -0.0522422790527344 0.0203475952148438 0.0291862487792969
0.0236167907714844 -0.0690116882324219 0.0138835906982422 0.03436279296875
0.018585205078125 -0.0661659240722656 0.00606155395507813 0.0445098876953125
0.0169219970703125 -0.0805740356445313 0.00134277343750001 0.0591392517089844
0.0355453491210938 -0.0714569091796875 -0.0271415710449219 0.057281494140625
0.0733489990234375 -0.0418701171875 -0.0429229736328125 0.0438728332519531
0.082183837890625 0.008544921875 -0.0433273315429687 0.00339508056640626
0.0408401489257813 0.0832595825195313 -0.0210857391357422 -0.0209445953369141
-0.0140609741210938 0.0972976684570313 0.0113887786865234 0.0211296081542969
-0.0660476684570313 0.0712890625 -0.0506439208984375 0.080596923828125
-0.0536270141601563 -0.00561141967773437 -0.0210647583007813 0.138397216796875
-0.0512008666992187 0.022705078125 -0.027008056640625 0.121177673339844
-0.0280075073242188 0.0506134033203125 -0.00927734375000001 0.0767898559570313
0.0213851928710937 0.0461883544921875 0.00150299072265625 0.0633773803710938
0.0408973693847656 0.0145187377929688 0.00457763671875 0.0477333068847656
0.0384063720703125 -0.02532958984375 0.00988388061523437 0.0464096069335937
0.021148681640625 -0.0392913818359375 0.0126190185546875 0.0560684204101562
0.0173683166503906 -0.0405044555664063 0.00979232788085938 0.0640373229980469
0.0175323486328125 -0.0523262023925781 0.000724792480468749 0.0793380737304688
0.029998779296875 -0.0471115112304687 -0.0322723388671875 0.0751113891601563
0.0555877685546875 -0.0237770080566406 -0.052703857421875 0.0544586181640625
0.0570831298828125 0.0147933959960938 -0.0545845031738281 0.00883483886718751
0.0158882141113281 0.0658493041992188 -0.0277233123779297 -0.0190773010253906
-0.0323371887207031 0.0608444213867188 0.000787734985351557 0.0318412780761719
-0.0644989013671875 0.0226173400878906 -0.074615478515625 0.09521484375
0.0373725891113281 0.0321693420410156 0.0764999389648438 -0.104293823242187
0.0381927490234375 -0.0226554870605469 0.0107879638671875 -0.0388908386230469
0.0023193359375 -0.0319480895996094 0.0282669067382813 0.0245113372802734
-0.0227432250976563 -0.0136909484863281 0.0739059448242188 -0.00244140625
-0.0236549377441406 0.00525856018066406 0.0674514770507813 -0.0547561645507813
-0.0172080993652344 0.0189609527587891 0.02935791015625 -0.0905532836914063
-0.0135898590087891 0.0137500762939453 -0.00815582275390624 -0.0947799682617188
-0.015019416809082 0.0125350952148438 -0.017974853515625 -0.0736236572265625
-0.0202274322509766 0.0111541748046875 -0.0177536010742188 -0.0646171569824219
-0.0212440490722656 -0.006439208984375 -0.00926971435546874 -0.0571479797363281
-0.00925636291503906 -0.0234432220458984 -0.00684356689453125 -0.0533180236816406
0.0182132720947266 -0.0270671844482422 0.00280380249023437 -0.0619544982910156
0.0453109741210938 -0.00264358520507813 0.016845703125 -0.0754852294921875
0.0515213012695313 0.0328598022460938 0.0224151611328125 -0.113990783691406
0.0329933166503906 0.0585098266601562 0.0328445434570313 -0.135734558105469
0.0155715942382813 0.083221435546875 0.0922698974609375 -0.0856475830078125
0.042877197265625 0.0260772705078125 0.0220737457275391 -0.0283184051513672
0.0308456420898438 0.00527572631835938 0.0330734252929688 0.0330543518066406
0.0175390243530273 -0.00881862640380859 0.0819625854492188 0.00372314453125
0.00772953033447266 -0.0117473602294922 0.0765914916992188 -0.0495529174804688
-0.00237274169921875 -0.0158796310424805 0.0369110107421875 -0.0912322998046875
-0.0112514495849609 -0.0228595733642578 -0.00469207763671874 -0.0957260131835938
-0.011199951171875 -0.0216407775878906 -0.0177536010742188 -0.0712738037109375
-0.0148963928222656 -0.0274429321289063 -0.0165290832519531 -0.0610122680664063
-0.00302886962890625 -0.0374679565429688 -0.0117530822753906 -0.053375244140625
0.0247459411621094 -0.0378608703613281 -0.00894546508789063 -0.0457572937011719
0.0539512634277344 -0.0176963806152344 -0.000572204589843748 -0.0545997619628906
0.0613937377929687 0.037750244140625 0.00851440429687501 -0.064483642578125
0.04931640625 0.0808486938476563 0.0171279907226563 -0.0970916748046875
0.0106964111328125 0.105369567871094 0.0297698974609375 -0.11126708984375
-0.0122756958007812 0.121971130371094 0.09625244140625 -0.0503921508789062
0.0360260009765625 0.0754623413085938 0.0280208587646484 -0.00495338439941406
0.0541801452636719 0.0496330261230469 0.034942626953125 0.0466384887695313
0.05926513671875 0.0037841796875 0.0847854614257813 0.0163345336914063
0.0426597595214844 -0.02374267578125 0.0809173583984375 -0.0358428955078125
0.0160446166992187 -0.0480194091796875 0.0434646606445313 -0.08172607421875
-0.00591278076171876 -0.056060791015625 0.000770568847656248 -0.0844497680664063
-0.0054168701171875 -0.052215576171875 -0.0148773193359375 -0.0585098266601563
-0.00996780395507812 -0.0616035461425781 -0.0139122009277344 -0.0468025207519531
0.0112876892089844 -0.0650787353515625 -0.0163421630859375 -0.0393829345703125
0.0510215759277344 -0.0534210205078125 -0.0157527923583984 -0.0315074920654297
0.0811309814453125 -0.0160369873046875 -0.00889205932617187 -0.044525146484375
0.0775299072265625 0.0641860961914063 -0.00173187255859374 -0.0536880493164062
0.0500564575195313 0.113845825195313 0.0130462646484375 -0.0736312866210938
-0.007659912109375 0.135452270507813 0.0197067260742188 -0.074981689453125
-0.03997802734375 0.141571044921875 0.0871200561523437 -0.00341796874999999
0.018890380859375 0.113609313964844 0.0270347595214844 0.028076171875
0.0639572143554688 0.0915298461914063 0.0310745239257813 0.0629615783691406
0.0912246704101562 0.0226669311523437 0.078948974609375 0.0342254638671875
0.0737686157226563 -0.0280303955078125 0.0771331787109375 -0.0141754150390625
0.0346908569335938 -0.0706329345703125 0.0466766357421875 -0.0602264404296875
0.001434326171875 -0.0805130004882813 0.00649642944335938 -0.0622787475585938
0.000358581542968747 -0.0743942260742188 -0.0105667114257813 -0.0368423461914063
-0.00489807128906251 -0.0866317749023437 -0.0101394653320313 -0.0243396759033203
0.0196380615234375 -0.0844345092773438 -0.0193595886230469 -0.017913818359375
0.0676536560058594 -0.0652923583984375 -0.0215530395507813 -0.0124073028564453
0.0976638793945313 -0.017425537109375 -0.0177536010742187 -0.0304698944091797
0.08685302734375 0.077423095703125 -0.00899124145507812 -0.0422592163085938
0.0483932495117188 0.129524230957031 0.0132904052734375 -0.0483970642089844
-0.0229644775390625 0.146713256835938 0.00674819946289063 -0.0322227478027344
-0.062744140625 0.136436462402344 0.0657882690429688 0.0483779907226563
-0.00581359863281249 0.129188537597656 0.0182838439941406 0.0643577575683594
0.0553512573242188 0.119331359863281 0.0211334228515625 0.07720947265625
0.104820251464844 0.0438232421875 0.0631561279296875 0.0514717102050781
0.09283447265625 -0.02288818359375 0.0640182495117188 0.0099334716796875
0.0503082275390625 -0.080474853515625 0.0433845520019531 -0.0307540893554688
0.00898742675781249 -0.09234619140625 0.0116462707519531 -0.0317516326904297
0.00611877441406251 -0.0850296020507812 -0.00466632843017578 -0.0099945068359375
-0.000389099121093741 -0.099578857421875 -0.00424003601074219 0.00318217277526855
0.0254440307617188 -0.0934295654296875 -0.0206775665283203 0.00816726684570312
0.0763626098632813 -0.06890869140625 -0.0271587371826172 0.00906944274902343
0.102973937988281 -0.0154647827148437 -0.0257816314697266 -0.0169601440429687
0.0841217041015625 0.0843505859375 -0.0132865905761719 -0.0326080322265625
0.0363006591796875 0.131805419921875 0.0161514282226563 -0.0228538513183594
-0.0380859375 0.138992309570313 -0.00797176361083984 0.0117864608764649
-0.0737457275390625 0.106422424316406 0.0376815795898437 0.0952224731445313
-0.0309524536132812 0.115936279296875 0.00409698486328125 0.0966033935546875
0.0302581787109375 0.122596740722656 0.00904083251953126 0.0848922729492188
0.0936965942382812 0.0583419799804687 0.0409698486328125 0.0633430480957031
0.0932846069335938 -0.010162353515625 0.0438461303710938 0.031036376953125
0.0566024780273437 -0.074951171875 0.0350303649902344 0.00106620788574218
0.0156707763671875 -0.0889434814453125 0.0151643753051758 0.00199222564697265
0.011138916015625 -0.0827713012695313 0.00204086303710938 0.0184478759765625
0.00500488281250001 -0.0983428955078125 0.000988006591796878 0.0318279266357422
0.0295028686523438 -0.0896759033203125 -0.0221405029296875 0.0344886779785156
0.077545166015625 -0.06256103515625 -0.0328369140625 0.0288219451904297
0.0982284545898438 -0.00737762451171875 -0.03375244140625 -0.00422286987304687
0.0690383911132813 0.0864410400390625 -0.0173130035400391 -0.0247631072998047
0.01605224609375 0.120658874511719 0.0172710418701172 -0.000123977661132805
-0.0527267456054688 0.114646911621094 -0.025054931640625 0.0519828796386719
-0.06976318359375 0.0566596984863281 0.00796508789062499 0.127571105957031
-0.046142578125 0.0777816772460938 -0.0115280151367188 0.117294311523437
0.000427246093749998 0.0972976684570313 -0.001953125 0.0845413208007813
0.0631866455078125 0.0584182739257813 0.0191993713378906 0.0670356750488281
0.0744171142578125 0.002593994140625 0.0229034423828125 0.0437736511230469
0.051849365234375 -0.0562667846679687 0.0228557586669922 0.0282459259033203
0.0188140869140625 -0.0710296630859375 0.0164699554443359 0.0330390930175781
0.0137939453125 -0.0673408508300781 0.00872802734375 0.0442581176757812
0.0095672607421875 -0.082061767578125 0.00484085083007813 0.0585861206054687
0.030120849609375 -0.0745697021484375 -0.024627685546875 0.0589714050292969
0.0703277587890625 -0.0478744506835937 -0.0404930114746094 0.0458946228027344
0.0826187133789063 0.00283050537109375 -0.0436744689941406 0.00526809692382813
0.0463180541992187 0.080963134765625 -0.0224151611328125 -0.0200405120849609
-0.007720947265625 0.0979461669921875 0.0132713317871094 0.0194187164306641
-0.062255859375 0.0758209228515625 -0.0461578369140625 0.0835113525390625
-0.0541152954101562 -0.00246047973632812 -0.0121994018554687 0.140541076660156
-0.0505638122558594 0.0255279541015625 -0.0205764770507813 0.123321533203125
-0.02496337890625 0.0537109375 -0.00650024414062501 0.0778427124023437
0.02398681640625 0.0444221496582031 0.00464248657226563 0.0645179748535156
0.0417327880859375 0.01141357421875 0.00799179077148437 0.0489082336425781
0.0362014770507813 -0.0284309387207031 0.0136680603027344 0.046173095703125
0.0184326171875 -0.0408477783203125 0.016448974609375 0.0552749633789062
0.0146141052246094 -0.0416336059570313 0.0137214660644531 0.063323974609375
0.0131721496582031 -0.0542984008789063 0.00583648681640625 0.0788955688476562
0.0265655517578125 -0.0494766235351563 -0.028411865234375 0.077423095703125
0.0539474487304688 -0.0280532836914062 -0.0494613647460937 0.0574111938476563
0.0585899353027344 0.0110282897949219 -0.0542640686035156 0.0114250183105469
0.0199432373046875 0.0651473999023438 -0.0294189453125 -0.0182151794433594
-0.0289039611816406 0.0626678466796875 0.00321388244628906 0.0313186645507813
-0.0634880065917969 0.026580810546875 -0.0687255859375 0.099700927734375
0.0386466979980469 0.0314788818359375 0.0707550048828125 -0.106178283691406
0.0359611511230469 -0.0243606567382813 0.00783157348632813 -0.0386123657226563
0.0009307861328125 -0.0323982238769531 0.0292816162109375 0.0244827270507813
-0.023162841796875 -0.0131053924560547 0.0729446411132813 -0.00494384765625
-0.0235862731933594 0.00626182556152343 0.0648231506347656 -0.0566940307617188
-0.0162239074707031 0.0191478729248047 0.0254745483398438 -0.09027099609375
-0.0127439498901367 0.0148715972900391 -0.0122756958007813 -0.092987060546875
-0.0140171051025391 0.0134992599487305 -0.0207443237304687 -0.0719680786132813
-0.0192241668701172 0.0125904083251953 -0.0207901000976562 -0.0628776550292969
-0.0212612152099609 -0.00487518310546875 -0.0122489929199219 -0.05596923828125
-0.0102005004882813 -0.0225791931152344 -0.0095367431640625 -0.0528488159179688
0.0168895721435547 -0.0277156829833984 0.000591278076171881 -0.0623817443847656
0.04449462890625 -0.00450515747070313 0.0149078369140625 -0.076141357421875
0.0524635314941406 0.0301933288574219 0.0178756713867187 -0.113517761230469
0.0352821350097656 0.0567703247070312 0.026092529296875 -0.135787963867188
0.0193099975585937 0.0830001831054687 0.0871963500976563 -0.0888595581054688
0.0430107116699219 0.0232048034667969 0.0196094512939453 -0.0286159515380859
0.0313205718994141 0.00332069396972656 0.0343399047851563 0.0329074859619141
0.0169773101806641 -0.00986003875732422 0.0812606811523438 0.0013275146484375
0.00680732727050781 -0.0117311477661133 0.07440185546875 -0.0518112182617188
-0.0038309097290039 -0.0150337219238281 0.0330581665039063 -0.0920639038085937
-0.0124893188476563 -0.0216197967529297 -0.00885772705078124 -0.0939865112304688
-0.0116081237792969 -0.0205917358398437 -0.0203666687011719 -0.0687446594238281
-0.0160121917724609 -0.0256443023681641 -0.0194892883300781 -0.059417724609375
-0.00484085083007813 -0.03662109375 -0.0148849487304688 -0.0525321960449219
0.0218772888183594 -0.0382881164550781 -0.0118064880371094 -0.0458450317382813
0.0518302917480469 -0.0199699401855469 -0.00244140625 -0.0552444458007813
0.0628242492675781 0.0348625183105469 0.00715255737304688 -0.0649070739746094
0.052764892578125 0.0778579711914063 0.0135650634765625 -0.0970382690429688
0.0151214599609375 0.104042053222656 0.0239715576171875 -0.112510681152344
-0.00675201416015625 0.122039794921875 0.0923995971679687 -0.054595947265625
0.0382232666015625 0.0720901489257813 0.0262031555175781 -0.00632095336914062
0.0558967590332031 0.0463943481445313 0.0359725952148438 0.0461959838867188
0.0580825805664063 0.000507354736328125 0.0845794677734375 0.01422119140625
0.0404472351074219 -0.0252227783203125 0.0794677734375 -0.0378036499023438
0.0129890441894531 -0.0474624633789063 0.040435791015625 -0.0824737548828125
-0.00905609130859375 -0.0545845031738281 -0.00328826904296875 -0.0832901000976563
-0.00735855102539063 -0.0506172180175781 -0.0179214477539063 -0.0561904907226562
-0.0130500793457031 -0.059906005859375 -0.0165443420410156 -0.0455856323242188
0.00725936889648437 -0.0637474060058594 -0.01849365234375 -0.0382499694824219
0.04718017578125 -0.054779052734375 -0.01739501953125 -0.0312232971191406
0.0788116455078125 -0.019439697265625 -0.0110092163085937 -0.0442657470703125
0.0793838500976563 0.0599899291992188 -0.00238418579101562 -0.0536880493164062
0.054962158203125 0.110450744628906 0.0103836059570313 -0.0743637084960938
-0.002227783203125 0.134452819824219 0.0155258178710937 -0.0755691528320312
-0.033721923828125 0.142120361328125 0.0854949951171875 -0.00704956054687499
0.0230712890625 0.110122680664063 0.0265064239501953 0.0258598327636719
0.067474365234375 0.0876998901367188 0.0325393676757813 0.0623931884765625
0.0908203125 0.0178298950195313 0.0790328979492187 0.0319442749023437
0.071014404296875 -0.03076171875 0.076812744140625 -0.016265869140625
0.029937744140625 -0.0710067749023438 0.0437698364257813 -0.0616378784179688
-0.0031280517578125 -0.0794448852539063 0.00335693359374999 -0.06170654296875
-0.0029449462890625 -0.0729598999023438 -0.0127754211425781 -0.0352020263671875
-0.0102920532226563 -0.084503173828125 -0.0117778778076172 -0.0235500335693359
0.0145797729492188 -0.0838470458984375 -0.0206222534179688 -0.0170536041259766
0.0627403259277344 -0.0678062438964844 -0.0227699279785156 -0.01220703125
0.0950241088867188 -0.0223388671875 -0.0197277069091797 -0.0306720733642578
0.0895843505859375 0.0727767944335938 -0.00979232788085937 -0.0424957275390625
0.053955078125 0.1253662109375 0.0117034912109375 -0.0493850708007813
-0.0167083740234375 0.146194458007813 0.00418281555175781 -0.033233642578125
-0.056549072265625 0.137840270996094 0.0671768188476563 0.0446128845214844
-0.00131225585937499 0.1265869140625 0.0191993713378906 0.0625648498535156
0.060150146484375 0.116165161132813 0.02252197265625 0.0769729614257813
0.104507446289063 0.038360595703125 0.0642852783203125 0.0502815246582031
0.0903396606445313 -0.02593994140625 0.0647926330566406 0.0081787109375
0.0445480346679688 -0.0815582275390625 0.0420379638671875 -0.0325050354003906
0.00386047363281251 -0.0914840698242188 0.0100116729736328 -0.0320491790771484
0.0022430419921875 -0.0839767456054688 -0.00526809692382812 -0.00871944427490235
-0.00637817382812501 -0.0974807739257813 -0.00503969192504883 0.0034041404724121
0.0199661254882812 -0.09320068359375 -0.0211677551269531 0.00880813598632812
0.0709609985351563 -0.0721969604492187 -0.0270957946777344 0.00895500183105468
0.100151062011719 -0.0202484130859375 -0.0266532897949219 -0.0168190002441406
0.0872421264648438 0.0796585083007813 -0.0143585205078125 -0.0328960418701172
0.0421218872070313 0.127761840820313 0.0153675079345703 -0.0242938995361328
-0.0322036743164063 0.139328002929688 -0.00829792022705079 0.0114974975585938
-0.0683822631835938 0.107666015625 0.0411300659179687 0.0922622680664063
-0.0263824462890625 0.114967346191406 0.00673675537109375 0.0947341918945313
0.0353317260742187 0.120620727539062 0.0105743408203125 0.0847549438476563
0.0946807861328125 0.0536651611328125 0.0422554016113281 0.0625801086425781
0.09112548828125 -0.014068603515625 0.045654296875 0.0303192138671875
0.0519027709960938 -0.0762786865234375 0.0349140167236328 -0.000940322875976567
0.0104522705078125 -0.08831787109375 0.0149908065795898 0.00113487243652343
0.00685882568359376 -0.0821456909179688 0.00271415710449219 0.0183582305908203
-0.00089263916015625 -0.0968093872070312 0.00145721435546875 0.0309619903564453
0.0238571166992188 -0.0899658203125 -0.0207195281982422 0.0347537994384766
0.0723342895507813 -0.0661773681640625 -0.0314960479736328 0.0290126800537109
0.0963211059570313 -0.01214599609375 -0.0342655181884765 -0.00359535217285156
0.0718994140625 0.0826950073242188 -0.0176715850830078 -0.0245113372802734
0.0210418701171875 0.11822509765625 0.0171337127685547 -0.00163555145263671
-0.0471038818359375 0.1158447265625 -0.0233268737792969 0.0519523620605469
-0.0666847229003906 0.0581169128417969 0.0137481689453125 0.12591552734375
-0.0429916381835938 0.0782394409179688 -0.00717926025390625 0.1160888671875
0.00466156005859376 0.09722900390625 -0.000404357910156245 0.084564208984375
0.0646896362304688 0.0548782348632813 0.0211601257324219 0.0672683715820312
0.0727691650390625 -0.0009002685546875 0.0249519348144531 0.043426513671875
0.0474815368652344 -0.05718994140625 0.0244712829589844 0.0264034271240234
0.0146713256835937 -0.0707168579101563 0.0178432464599609 0.0315513610839844
0.0106620788574219 -0.0673789978027344 0.0102119445800781 0.0432624816894531
0.00464630126953125 -0.0813369750976563 0.00682449340820313 0.0569381713867187
0.0257492065429688 -0.0749664306640625 -0.0219345092773437 0.0585746765136719
0.0663681030273438 -0.0510177612304688 -0.0378532409667969 0.0461082458496094
0.0815353393554687 -0.00095367431640625 -0.0431251525878906 0.00659942626953124
0.0494918823242188 0.0782699584960938 -0.0228462219238281 -0.0194664001464844
-0.00360107421875001 0.0966415405273438 0.0141868591308594 0.0178966522216797
-0.0583877563476563 0.0780410766601563 -0.0424041748046875 0.0835113525390625
-0.053436279296875 -0.000980377197265629 -0.00588226318359376 0.139625549316406
-0.0489349365234375 0.0269241333007812 -0.0158615112304688 0.122817993164062
-0.0222320556640625 0.0545692443847656 -0.00469207763671875 0.0778656005859375
0.0258674621582031 0.0426216125488281 0.0066070556640625 0.0644874572753906
0.0411758422851563 0.00951385498046875 0.0103263854980469 0.0489692687988281
0.034515380859375 -0.0295219421386719 0.0158042907714844 0.0449600219726562
0.0162162780761719 -0.0415420532226563 0.0193977355957031 0.0532035827636719
0.012451171875 -0.0425453186035156 0.0157546997070312 0.0619544982910156
0.00945663452148438 -0.0546302795410156 0.0088958740234375 0.0770263671875
0.023406982421875 -0.0508193969726563 -0.0249862670898438 0.0772781372070312
0.0521507263183594 -0.0308494567871094 -0.0464286804199219 0.0578842163085938
0.0585289001464844 0.00814437866210937 -0.0531883239746094 0.0131759643554688
0.0225067138671875 0.0638923645019531 -0.0294342041015625 -0.0172996520996094
-0.0261039733886719 0.0631179809570313 0.00498580932617188 0.030059814453125
-0.061767578125 0.0288887023925781 -0.063812255859375 0.100448608398438
0.0394058227539062 0.0315361022949219 0.0675735473632813 -0.106353759765625
0.0351676940917969 -0.0250740051269531 0.00541305541992188 -0.0383529663085938
0.000152587890625003 -0.0328884124755859 0.0294380187988281 0.0251827239990234
-0.0230159759521484 -0.0129165649414062 0.072723388671875 -0.00533294677734375
-0.0230865478515625 0.00670814514160157 0.0638313293457031 -0.0569229125976562
-0.0156326293945313 0.0201320648193359 0.0241546630859375 -0.0892791748046875
-0.0124397277832031 0.0152902603149414 -0.0136947631835938 -0.0918731689453125
-0.0131340026855469 0.0140495300292969 -0.0215530395507813 -0.0707321166992188
-0.0177574157714844 0.0132369995117188 -0.0223388671875 -0.0615196228027344
-0.0210113525390625 -0.00353240966796875 -0.0137443542480469 -0.0556526184082031
-0.0109977722167969 -0.0218658447265625 -0.0105247497558594 -0.0527992248535156
0.0160884857177734 -0.0282630920410156 -0.00011062622070312 -0.0631637573242188
0.0445289611816406 -0.00539398193359375 0.015380859375 -0.0766677856445313
0.0524063110351563 0.0290946960449219 0.0167617797851563 -0.113410949707031
0.0363578796386719 0.0563163757324219 0.0234222412109375 -0.135658264160156
0.0206451416015625 0.0830154418945312 0.08380126953125 -0.0902633666992188
0.0423660278320313 0.0217742919921875 0.0172767639160156 -0.0292491912841797
0.0312480926513672 0.00188255310058594 0.0343780517578125 0.0333042144775391
0.0164985656738281 -0.0104150772094727 0.0811538696289062 0.000747680664062499
0.00608158111572266 -0.0117893218994141 0.07342529296875 -0.052154541015625
-0.00485897064208984 -0.0145473480224609 0.032012939453125 -0.0916900634765625
-0.0138053894042969 -0.0204963684082031 -0.0108795166015625 -0.0929489135742188
-0.0120353698730469 -0.0198974609375 -0.0212554931640625 -0.0674057006835938
-0.0166034698486328 -0.0242233276367188 -0.0208015441894531 -0.0584068298339844
-0.00635719299316406 -0.0347652435302734 -0.016632080078125 -0.0514297485351562
0.0203208923339844 -0.0377731323242188 -0.0128135681152344 -0.045806884765625
0.0504302978515625 -0.0209159851074219 -0.00344848632812499 -0.055694580078125
0.062713623046875 0.0332908630371094 0.00748825073242188 -0.0655326843261719
0.0536346435546875 0.0760879516601563 0.0120315551757813 -0.09747314453125
0.0164337158203125 0.103317260742187 0.0213470458984375 -0.112251281738281
-0.0043792724609375 0.122276306152344 0.0898895263671875 -0.0563430786132812
0.0384674072265625 0.0703125 0.0242652893066406 -0.00706100463867187
0.0569343566894531 0.0445365905761719 0.0360221862792969 0.0472640991210937
0.0570907592773437 -0.00127410888671875 0.08441162109375 0.0139312744140625
0.0393180847167969 -0.0255012512207031 0.078826904296875 -0.0381240844726563
0.0107421875 -0.0467910766601563 0.0389556884765625 -0.0824356079101563
-0.0107536315917969 -0.0538520812988281 -0.00478363037109376 -0.0828018188476562
-0.00832366943359375 -0.0500831604003906 -0.0183029174804688 -0.0549201965332031
-0.0145072937011719 -0.0583724975585938 -0.018341064453125 -0.0446014404296875
0.00487518310546874 -0.0623664855957031 -0.0200996398925781 -0.0376396179199219
0.0447006225585938 -0.0550689697265625 -0.0185222625732422 -0.0318679809570313
0.07763671875 -0.0209808349609375 -0.0113182067871094 -0.0453262329101563
0.0802078247070313 0.0580520629882812 -0.00176239013671875 -0.0542488098144531
0.0564727783203125 0.1080322265625 0.00965881347656251 -0.074859619140625
0.000198364257812486 0.133926391601562 0.0134353637695312 -0.0758056640625
-0.0310211181640625 0.142410278320313 0.0843582153320312 -0.00925445556640624
0.02362060546875 0.108482360839844 0.0252304077148438 0.0249004364013672
0.0694961547851563 0.0856170654296875 0.0321693420410156 0.0631599426269531
0.0901031494140625 0.0155029296875 0.0790023803710938 0.032012939453125
0.069305419921875 -0.0314865112304688 0.076934814453125 -0.0164871215820313
0.0273475646972656 -0.0702400207519531 0.0431861877441406 -0.0618743896484375
-0.00540161132812499 -0.0785751342773437 0.00210952758789063 -0.0615386962890625
-0.00424957275390624 -0.0718612670898438 -0.0131683349609375 -0.0339679718017578
-0.012451171875 -0.0831069946289063 -0.0130043029785156 -0.0230350494384766
0.011993408203125 -0.0828857421875 -0.0214157104492187 -0.0162811279296875
0.0597114562988281 -0.0687637329101563 -0.0232563018798828 -0.0126361846923828
0.0934906005859375 -0.0239715576171875 -0.0198135375976562 -0.0312538146972656
0.090576171875 0.0710906982421875 -0.00907135009765624 -0.042755126953125
0.0559616088867188 0.123260498046875 0.0109443664550781 -0.0500221252441406
-0.0143890380859375 0.146087646484375 0.00283050537109375 -0.0329475402832031
-0.0535888671875 0.13763427734375 0.0666770935058594 0.0423927307128906
5.34057617187445E-05 0.124725341796875 0.0186958312988281 0.061126708984375
0.0623397827148437 0.114250183105469 0.0225296020507813 0.0770492553710938
0.104301452636719 0.0356674194335938 0.0638847351074219 0.0504837036132813
0.0890274047851563 -0.027313232421875 0.0654830932617188 0.00817108154296875
0.0422592163085938 -0.0810394287109375 0.0418014526367187 -0.0330886840820313
0.00106811523437499 -0.0903396606445313 0.00926017761230469 -0.0323009490966797
0.000320434570312504 -0.0832901000976563 -0.00551462173461914 -0.00806760787963868
-0.00915527343750001 -0.0960235595703125 -0.00606107711791992 0.00290107727050781
0.0169219970703125 -0.091949462890625 -0.021636962890625 0.00923347473144531
0.0676193237304688 -0.0731964111328125 -0.027313232421875 0.00865745544433593
0.09869384765625 -0.0221633911132813 -0.0269489288330078 -0.0171775817871094
0.08795166015625 0.0778274536132813 -0.0138359069824219 -0.0329475402832031
0.044830322265625 0.125495910644531 0.0153064727783203 -0.0253276824951172
-0.029815673828125 0.139411926269531 -0.00847625732421875 0.0112667083740234
-0.0656585693359375 0.107879638671875 0.0423660278320312 0.0902481079101563
-0.0250701904296875 0.113807678222656 0.00739288330078126 0.0932540893554688
0.0377731323242187 0.119041442871094 0.0103302001953125 0.0849380493164063
0.0943222045898438 0.0505599975585938 0.0424308776855469 0.0627288818359375
0.0898284912109375 -0.0153656005859375 0.0466117858886719 0.0302772521972656
0.04888916015625 -0.0762252807617187 0.0353240966796875 -0.00183486938476563
0.00814056396484376 -0.0882186889648438 0.0149707794189453 0.000386238098144526
0.00508117675781249 -0.0814437866210938 0.00256729125976563 0.0185222625732422
-0.00415802001953124 -0.09588623046875 0.00111579895019531 0.0306358337402344
0.0208892822265625 -0.0896530151367187 -0.0207595825195313 0.0346145629882812
0.0695114135742188 -0.06756591796875 -0.0309486389160156 0.0283355712890625
0.09490966796875 -0.0143280029296875 -0.0339622497558594 -0.00375175476074219
0.0740509033203125 0.0806350708007813 -0.0176753997802734 -0.0249347686767578
0.0234603881835937 0.116409301757812 0.017608642578125 -0.00275230407714843
-0.04510498046875 0.116134643554687 -0.0229415893554688 0.0513343811035156
-0.0648536682128906 0.059112548828125 0.0160751342773438 0.124137878417969
-0.0422439575195312 0.0778045654296875 -0.00634765625000001 0.114639282226563
0.00701904296875001 0.097015380859375 -0.000534057617187499 0.08489990234375
0.0650177001953125 0.0529975891113281 0.02099609375 0.0676155090332031
0.0724716186523438 -0.002227783203125 0.0265579223632813 0.0437431335449219
0.0452384948730469 -0.0576667785644531 0.0256214141845703 0.0255718231201172
0.0128097534179687 -0.0709457397460938 0.0186500549316406 0.0306110382080078
0.00864028930664063 -0.0668449401855469 0.0106887817382813 0.04327392578125
0.00202178955078126 -0.0810623168945312 0.00725173950195313 0.0558738708496094
0.0226898193359375 -0.075286865234375 -0.0208702087402344 0.0582618713378906
0.064208984375 -0.0527572631835938 -0.0367698669433594 0.0453567504882813
0.0812835693359375 -0.003326416015625 -0.0431327819824219 0.00651550292968751
0.0505599975585938 0.0769805908203125 -0.0229282379150391 -0.0195350646972656
-0.00191497802734374 0.0961837768554688 0.0147533416748047 0.0167407989501953
-0.0567855834960938 0.0783767700195313 -0.0408096313476562 0.0832443237304688
-0.0529975891113281 -0.000247955322265616 -0.00236511230468749 0.138519287109375
-0.0484199523925781 0.027130126953125 -0.0140609741210938 0.121795654296875
-0.0211029052734375 0.0556564331054688 -0.00501251220703126 0.078033447265625
0.0266685485839844 0.0419235229492188 0.00682067871093751 0.0656051635742188
0.0414352416992188 0.00882339477539063 0.0117759704589844 0.0496063232421875
0.0332202911376953 -0.0300121307373047 0.0177230834960938 0.0445709228515625
0.0152091979980469 -0.0421409606933594 0.0207786560058594 0.052398681640625
0.0113601684570313 -0.0421829223632813 0.0164909362792969 0.0607223510742188
0.00791168212890625 -0.0542755126953125 0.0100173950195312 0.0754470825195313
0.0215263366699219 -0.0510177612304688 -0.0232467651367187 0.0763702392578125
0.0508842468261719 -0.0317573547363281 -0.0450859069824219 0.0572891235351562
0.0583038330078125 0.00693893432617188 -0.0529708862304687 0.0132942199707031
0.0233840942382813 0.0631256103515625 -0.0293998718261719 -0.0175247192382812
-0.0255546569824219 0.063079833984375 0.00622177124023437 0.0289897918701172
-0.0609245300292969 0.0297012329101563 -0.0614547729492188 0.100250244140625
0.0416183471679687 0.032958984375 0.0679779052734375 -0.107963562011719
0.0355186462402344 -0.0254859924316406 0.00397872924804688 -0.0386161804199219
-1.9073486328126E-05 -0.0342044830322266 0.0306854248046875 0.0264415740966797
-0.0237541198730469 -0.0132007598876953 0.0743255615234375 -0.0051116943359375
-0.0238132476806641 0.00652694702148438 0.0645637512207031 -0.0574989318847656
-0.0160255432128906 0.0210514068603516 0.0247039794921875 -0.09051513671875
-0.012451171875 0.0161075592041016 -0.0144500732421875 -0.0928802490234375
-0.0129776000976562 0.0145645141601563 -0.0221481323242188 -0.0709609985351563
-0.0175676345825195 0.0137920379638672 -0.0232963562011719 -0.0619735717773438
-0.021575927734375 -0.00256919860839844 -0.0146255493164063 -0.05615234375
-0.0117263793945312 -0.0214653015136719 -0.011383056640625 -0.0543327331542969
0.0157127380371094 -0.0294723510742187 0.000202178955078123 -0.0652961730957031
0.0451622009277344 -0.00619888305664063 0.0165634155273438 -0.0786514282226562
0.0536994934082031 0.0286483764648438 0.0174484252929687 -0.11578369140625
0.0371551513671875 0.0572471618652344 0.0233840942382812 -0.138740539550781
0.022552490234375 0.08538818359375 0.0845184326171875 -0.0911331176757813
0.0427055358886719 0.0217857360839844 0.0156116485595703 -0.0298500061035156
0.0319499969482422 0.00103569030761719 0.0351295471191406 0.0347881317138672
0.0159997940063477 -0.0114297866821289 0.0823135375976563 0.0016021728515625
0.00555324554443359 -0.0123510360717773 0.0750045776367188 -0.0526046752929688
-0.00563526153564453 -0.014195442199707 0.0322265625 -0.0930404663085937
-0.0141983032226563 -0.0203380584716797 -0.011474609375 -0.0942611694335937
-0.0121097564697266 -0.0196056365966797 -0.0222816467285156 -0.0680427551269531
-0.0168533325195312 -0.0237960815429688 -0.0222969055175781 -0.0585212707519531
-0.00673675537109375 -0.0346450805664063 -0.01751708984375 -0.0521125793457031
0.0197563171386719 -0.0386085510253906 -0.0136871337890625 -0.047027587890625
0.0510482788085938 -0.0217857360839844 -0.00320053100585938 -0.0582656860351563
0.0642166137695313 0.0336952209472656 0.00931930541992188 -0.0676078796386719
0.0553665161132812 0.07635498046875 0.0136795043945312 -0.0995941162109375
0.0174179077148438 0.105560302734375 0.0211563110351563 -0.114830017089844
-0.00376129150390624 0.125213623046875 0.0908660888671875 -0.0576553344726562
0.038238525390625 0.0709609985351563 0.0228672027587891 -0.00748825073242187
0.0583724975585937 0.0440902709960938 0.0364456176757813 0.0494232177734375
0.057708740234375 -0.00164031982421875 0.0860137939453125 0.0155258178710938
0.0394363403320313 -0.0259819030761719 0.08148193359375 -0.0384674072265625
0.00994491577148437 -0.0467529296875 0.0399246215820312 -0.0835037231445313
-0.01171875 -0.0536994934082031 -0.00521087646484376 -0.0837020874023438
-0.00883102416992187 -0.05010986328125 -0.0189361572265625 -0.0548095703125
-0.0154304504394531 -0.0579719543457031 -0.01910400390625 -0.0448265075683594
0.00389862060546875 -0.0626602172851563 -0.0209465026855469 -0.0378532409667969
0.0442695617675781 -0.0557861328125 -0.0194034576416016 -0.0326881408691406
0.0784683227539063 -0.0219192504882813 -0.0112266540527344 -0.047332763671875
0.0820159912109375 0.0590057373046875 -0.000560760498046869 -0.0565032958984375
0.0585174560546875 0.108749389648438 0.010345458984375 -0.0768280029296875
0.000129699707031239 0.136764526367188 0.012908935546875 -0.0775985717773437
-0.0311279296875 0.145370483398438 0.0849838256835937 -0.00974273681640624
0.023529052734375 0.109649658203125 0.0236797332763672 0.0249042510986328
0.0712738037109375 0.0865554809570313 0.0319671630859375 0.0660781860351563
0.0910491943359375 0.0147552490234375 0.08026123046875 0.0341644287109375
0.0699539184570313 -0.0323257446289063 0.07958984375 -0.0161514282226563
0.0268402099609375 -0.0709915161132812 0.0442466735839844 -0.06304931640625
-0.0068817138671875 -0.0788421630859375 0.00201034545898438 -0.0626449584960938
-0.00479888916015624 -0.07293701171875 -0.0132083892822266 -0.0336418151855469
-0.0139007568359375 -0.083343505859375 -0.01434326171875 -0.0233707427978516
0.0109634399414063 -0.0832977294921875 -0.0228214263916016 -0.0163116455078125
0.059051513671875 -0.0700950622558594 -0.0246257781982422 -0.0137996673583984
0.0943603515625 -0.025146484375 -0.0201015472412109 -0.0331325531005859
0.093017578125 0.0714797973632813 -0.00820541381835938 -0.0447807312011719
0.057952880859375 0.124191284179688 0.0114860534667969 -0.0518341064453125
-0.014434814453125 0.148971557617187 0.0022430419921875 -0.0336208343505859
-0.0548324584960938 0.14031982421875 0.067962646484375 0.0426025390625
-0.000823974609375008 0.126251220703125 0.017547607421875 0.0607490539550781
0.06390380859375 0.116233825683594 0.0211257934570312 0.0801773071289063
0.105751037597656 0.035491943359375 0.0648956298828125 0.05340576171875
0.0898971557617188 -0.0277633666992188 0.0681228637695313 0.00934982299804687
0.0412521362304687 -0.082122802734375 0.0430450439453125 -0.0340385437011719
0.00025939941406249 -0.0915756225585938 0.0088958740234375 -0.0324897766113281
-8.3923339843744E-05 -0.0845489501953125 -0.00588083267211914 -0.00757265090942383
-0.0109710693359375 -0.09637451171875 -0.00698995590209961 0.00271987915039062
0.0152664184570313 -0.092620849609375 -0.0223808288574219 0.00887870788574218
0.0671844482421875 -0.0748519897460938 -0.0278987884521484 0.00754737854003905
0.100318908691406 -0.0232086181640625 -0.0275745391845703 -0.0182685852050781
0.0905227661132813 0.0784988403320313 -0.0130062103271484 -0.0346317291259766
0.0461807250976562 0.126640319824219 0.015625 -0.0268211364746094
-0.0297088623046875 0.1422119140625 -0.00915813446044922 0.0110082626342774
-0.0670242309570312 0.110374450683594 0.0433578491210938 0.091339111328125
-0.0262069702148438 0.11492919921875 0.0059814453125 0.0936813354492188
0.03924560546875 0.121566772460938 0.00888824462890625 0.087615966796875
0.0951461791992188 0.0511016845703125 0.0428047180175781 0.0655326843261719
0.0913543701171875 -0.015716552734375 0.0487823486328125 0.0318603515625
0.0488128662109375 -0.0768966674804688 0.0367927551269531 -0.00230407714843751
0.00669097900390624 -0.0892333984375 0.0154819488525391 -6.00814819335992E-05
0.00440216064453125 -0.083038330078125 0.00261306762695313 0.01934814453125
-0.00612640380859376 -0.096038818359375 0.000270843505859373 0.03076171875
0.0193634033203125 -0.0904541015625 -0.0214443206787109 0.0347251892089844
0.06903076171875 -0.0691108703613281 -0.0316905975341797 0.0275859832763672
0.0962600708007813 -0.0152664184570312 -0.0346565246582031 -0.00451278686523438
0.0761871337890625 0.0817718505859375 -0.0174655914306641 -0.0260143280029297
0.0242462158203125 0.117538452148437 0.0180778503417969 -0.00410461425781249
-0.0456771850585937 0.118728637695313 -0.0232429504394531 0.0522079467773438
-0.0658454895019531 0.0593338012695313 0.0169143676757813 0.125518798828125
-0.0431289672851563 0.0787582397460938 -0.0072021484375 0.116142272949219
0.007720947265625 0.0992279052734375 -0.00202178955078126 0.087127685546875
0.0664749145507813 0.0532798767089844 0.0211410522460938 0.0705032348632813
0.073272705078125 -0.001800537109375 0.0280570983886719 0.045745849609375
0.0455513000488281 -0.05908203125 0.0271511077880859 0.0258140563964844
0.0120391845703125 -0.0719757080078125 0.0191326141357422 0.0305233001708984
0.00820541381835937 -0.0684432983398438 0.0104904174804688 0.0439949035644531
0.000167846679687508 -0.0816650390625 0.0064697265625 0.0561447143554687
0.0215530395507813 -0.0765304565429688 -0.0215568542480469 0.0588455200195312
0.0640602111816406 -0.0540924072265625 -0.0374565124511719 0.0452766418457031
0.0828475952148438 -0.00405120849609375 -0.0434913635253906 0.00620269775390625
0.0525283813476563 0.0783843994140625 -0.0226154327392578 -0.020294189453125
-0.00135040283203124 0.0969696044921875 0.0160408020019531 0.0159292221069336
-0.0579986572265625 0.0800018310546875 -0.04144287109375 0.0840072631835938
-0.0540809631347656 -0.000610351562499999 -0.00179290771484375 0.14019775390625
-0.0497207641601562 0.0277137756347656 -0.0146636962890625 0.12347412109375
-0.0209846496582031 0.0571823120117188 -0.0067901611328125 0.079803466796875
0.0274543762207031 0.0424995422363281 0.00670623779296876 0.0683708190917969
0.042510986328125 0.00891876220703125 0.0127716064453125 0.0514640808105469
0.0332736968994141 -0.0310077667236328 0.0187416076660156 0.0446701049804688
0.0151023864746094 -0.0435905456542969 0.0219001770019531 0.0526504516601563
0.01104736328125 -0.0435676574707031 0.0164604187011719 0.0616340637207031
0.00671768188476562 -0.0550880432128906 0.0102005004882812 0.0760879516601563
0.0214500427246094 -0.0524978637695312 -0.0239410400390625 0.0772171020507813
0.0513076782226563 -0.0337905883789063 -0.0455055236816406 0.0575981140136719
0.0597991943359375 0.00672149658203125 -0.0537071228027344 0.0130233764648438
0.0241661071777344 0.064483642578125 -0.0297183990478516 -0.0183696746826172
-0.0257148742675781 0.06396484375 0.00726890563964843 0.029144287109375
-0.0623207092285156 0.0302619934082031 -0.0617828369140625 0.101272583007813
0.04510498046875 0.034454345703125 0.0689926147460938 -0.112663269042969
0.0362777709960938 -0.0273361206054688 0.00186920166015625 -0.0398139953613281
-0.000724792480468751 -0.0363883972167969 0.0326251983642578 0.0283584594726562
-0.0250759124755859 -0.0138702392578125 0.0776443481445313 -0.0054931640625
-0.0253849029541016 0.00711822509765626 0.06732177734375 -0.0604705810546875
-0.0165367126464844 0.0230941772460937 0.0254287719726562 -0.09381103515625
-0.0126705169677734 0.0178623199462891 -0.0159988403320313 -0.0958709716796875
-0.0128679275512695 0.0150957107543945 -0.0236358642578125 -0.0739059448242188
-0.0176982879638672 0.0152492523193359 -0.0256500244140625 -0.0635490417480469
-0.0223484039306641 -0.00160980224609375 -0.0166015625 -0.0584449768066406
-0.0130195617675781 -0.0215950012207031 -0.01287841796875 -0.0566635131835937
0.0157318115234375 -0.0311775207519531 -0.00054168701171875 -0.069854736328125
0.0472373962402344 -0.00742340087890625 0.018310546875 -0.0837631225585938
0.0569267272949219 0.0287284851074219 0.0174102783203125 -0.121337890625
0.0395927429199219 0.0596427917480469 0.02203369140625 -0.14569091796875
0.0255813598632813 0.0895233154296875 0.0862960815429688 -0.0959625244140625
0.0442886352539063 0.0222129821777344 0.0141448974609375 -0.0309696197509766
0.0334548950195313 -8.58306884765625E-05 0.0375862121582031 0.0373725891113281
0.0165061950683594 -0.0130100250244141 0.0866851806640625 0.0016632080078125
0.00551223754882812 -0.0128650665283203 0.0783157348632813 -0.0555343627929688
-0.00653171539306641 -0.013545036315918 0.0330810546875 -0.0970458984375
-0.0152683258056641 -0.0200653076171875 -0.0133743286132813 -0.0978546142578125
-0.012725830078125 -0.0196952819824219 -0.0229721069335937 -0.0702362060546875
-0.0174427032470703 -0.02398681640625 -0.0246238708496094 -0.0604896545410156
-0.00772666931152343 -0.0347385406494141 -0.0193557739257813 -0.0537948608398438
0.0198516845703125 -0.0393218994140625 -0.0155868530273438 -0.0498886108398438
0.0527610778808594 -0.023895263671875 -0.00403213500976562 -0.0622406005859375
0.0674705505371094 0.033935546875 0.0104598999023438 -0.0725021362304688
0.0591201782226563 0.077911376953125 0.0134124755859375 -0.104576110839844
0.0194015502929687 0.110855102539063 0.0201034545898438 -0.120170593261719
-0.00170898437499999 0.131523132324219 0.0937881469726563 -0.0611953735351562
0.04022216796875 0.0732269287109375 0.0217571258544922 -0.00814819335937499
0.0619049072265625 0.0449142456054688 0.0383338928222656 0.0530967712402344
0.0596961975097656 -0.003143310546875 0.0904769897460938 0.0165252685546875
0.0402908325195312 -0.0278129577636719 0.085723876953125 -0.0403060913085937
0.00897598266601563 -0.048095703125 0.04058837890625 -0.087890625
-0.0139198303222656 -0.0550422668457031 -0.00679779052734376 -0.08734130859375
-0.00973892211914063 -0.052093505859375 -0.0202293395996094 -0.0564308166503906
-0.0169792175292969 -0.0593414306640625 -0.0215873718261719 -0.0460968017578125
0.00310516357421875 -0.0640945434570313 -0.0232391357421875 -0.0396537780761719
0.0441169738769531 -0.0585975646972656 -0.0213375091552734 -0.0350112915039063
0.0811767578125 -0.023712158203125 -0.0123863220214844 -0.0508232116699219
0.0872955322265625 0.059814453125 0.000293731689453124 -0.0604248046875
0.0628662109375 0.111885070800781 0.009918212890625 -0.081298828125
0.00204467773437501 0.143569946289063 0.0119781494140625 -0.0811386108398437
-0.030487060546875 0.1524658203125 0.0885467529296875 -0.0117721557617187
0.0247344970703125 0.113166809082031 0.0230751037597656 0.0247936248779297
0.0763931274414063 0.0890731811523438 0.0331497192382813 0.0701942443847656
0.0945205688476563 0.0140838623046875 0.0843505859375 0.03680419921875
0.07244873046875 -0.0344772338867188 0.0842819213867187 -0.016815185546875
0.026275634765625 -0.0736618041992188 0.0457038879394531 -0.0665817260742188
-0.00898742675781249 -0.0817947387695313 0.00114822387695312 -0.0653572082519531
-0.006103515625 -0.075592041015625 -0.0143222808837891 -0.0341587066650391
-0.0163116455078125 -0.0858001708984375 -0.0160980224609375 -0.0241336822509766
0.00933837890625 -0.0858306884765625 -0.0248470306396484 -0.0171756744384766
0.059295654296875 -0.0735015869140625 -0.0261478424072266 -0.0149345397949219
0.097869873046875 -0.0281524658203125 -0.0211868286132813 -0.03564453125
0.0984420776367188 0.0731124877929688 -0.00765228271484374 -0.04827880859375
0.0624160766601563 0.127738952636719 0.0114364624023438 -0.05548095703125
-0.0133819580078125 0.156509399414063 0.0014495849609375 -0.0358619689941406
-0.055084228515625 0.147369384765625 0.0710296630859375 0.0432510375976563
-5.34057617187497E-05 0.131477355957031 0.0171356201171875 0.062591552734375
0.0691757202148438 0.1204833984375 0.0216293334960938 0.0855331420898438
0.110366821289062 0.0352554321289063 0.0682449340820313 0.0567741394042969
0.0933761596679688 -0.0297470092773438 0.0726547241210938 0.0097808837890625
0.0411911010742187 -0.08544921875 0.04541015625 -0.0365104675292969
-0.00196075439453124 -0.0949172973632813 0.0090789794921875 -0.0343055725097656
-0.00156402587890624 -0.0878677368164063 -0.00643587112426758 -0.00723600387573243
-0.0142822265625 -0.0995559692382813 -0.00831127166748047 0.00320863723754882
0.0137252807617187 -0.09625244140625 -0.0244083404541016 0.00906753540039061
0.0677490234375 -0.0788803100585938 -0.0300483703613281 0.00764274597167968
0.103752136230469 -0.0259017944335938 -0.0290298461914062 -0.0199775695800781
0.0964508056640625 0.0806884765625 -0.012969970703125 -0.0371971130371094
0.0503768920898438 0.130325317382813 0.0164165496826172 -0.0292778015136719
-0.0297088623046875 0.1495361328125 -0.00966167449951172 0.011383056640625
-0.0688934326171875 0.115501403808594 0.0461502075195312 0.093780517578125
-0.02685546875 0.119895935058594 0.00622558593750001 0.0969009399414063
0.0426712036132812 0.126991271972656 0.00867462158203125 0.0930023193359375
0.100204467773438 0.0519027709960938 0.04510498046875 0.0706253051757812
0.0954055786132813 -0.0172271728515625 0.0527877807617188 0.0337982177734375
0.0488815307617188 -0.0810470581054687 0.0389976501464844 -0.00348663330078126
0.00528717041015625 -0.0934295654296875 0.0159893035888672 -0.0002737045288086
0.0032501220703125 -0.0869979858398438 0.00256919860839844 0.0208206176757812
-0.00869750976562501 -0.0995635986328125 -2.09808349609393E-05 0.0318489074707031
0.0178604125976563 -0.094329833984375 -0.0226249694824219 0.0364189147949219
0.0698776245117188 -0.0736236572265625 -0.0332393646240234 0.0282707214355469
0.100120544433594 -0.0174179077148438 -0.0362396240234375 -0.00545120239257813
0.0808181762695313 0.0840377807617188 -0.0177993774414062 -0.0278148651123047
0.027252197265625 0.121757507324219 0.0194854736328125 -0.00530433654785155
-0.0461196899414063 0.12445068359375 -0.0241966247558594 0.0542335510253906
-0.0685577392578125 0.0626373291015625 0.0192642211914063 0.129928588867188
-0.0450363159179688 0.0823974609375 -0.00698852539062501 0.120040893554688
0.0095977783203125 0.104103088378906 -0.0032196044921875 0.0924072265625
0.0700721740722656 0.0553512573242188 0.0224990844726563 0.0750503540039063
0.0771636962890625 -0.00284576416015625 0.0310134887695313 0.0486030578613281
0.046234130859375 -0.0615692138671875 0.0291500091552734 0.0258445739746094
0.0109100341796875 -0.0757522583007813 0.0205059051513672 0.0311508178710938
0.00806427001953125 -0.0716400146484375 0.0118255615234375 0.0459556579589844
-0.00173187255859375 -0.0845260620117188 0.00685501098632813 0.0581741333007813
0.020263671875 -0.079925537109375 -0.0225753784179687 0.0611381530761719
0.0655784606933594 -0.0583724975585938 -0.0392799377441406 0.0468673706054687
0.0861968994140625 -0.00569915771484375 -0.0454826354980469 0.00585556030273438
0.0559921264648438 0.08111572265625 -0.0234756469726562 -0.0215129852294922
0.000129699707031256 0.101150512695312 0.0176506042480469 0.0159244537353516
-0.0593643188476563 0.084503173828125 -0.0422134399414062 0.0879287719726563
-0.0561485290527344 -0.000507354736328125 -7.62939453124961E-05 0.145980834960938
-0.0522842407226563 0.0298652648925781 -0.01409912109375 0.128501892089844
-0.0208587646484375 0.0608444213867188 -0.00763702392578125 0.0845794677734375
0.0294113159179688 0.0443191528320313 0.00751495361328126 0.0730667114257813
0.04461669921875 0.00907135009765625 0.0147628784179688 0.0545616149902344
0.0340766906738281 -0.0331001281738281 0.0210685729980469 0.0459938049316406
0.0145301818847656 -0.0460052490234375 0.024169921875 0.0539779663085938
0.0108146667480469 -0.0460166931152344 0.0185089111328125 0.0637702941894531
0.00576019287109375 -0.0575408935546875 0.0104522705078125 0.0786895751953125
0.0206871032714844 -0.0548896789550781 -0.0243377685546875 0.0801773071289063
0.0527763366699219 -0.0362510681152344 -0.04693603515625 0.0594596862792969
0.0628509521484375 0.00568389892578125 -0.0559616088867187 0.0133247375488281
0.0263938903808594 0.06787109375 -0.0309867858886719 -0.0189552307128906
-0.0263786315917969 0.0674972534179688 0.00901412963867187 0.0294857025146484
-0.0646858215332031 0.0320549011230469 -0.0632553100585938 0.106132507324219
0.0502090454101563 0.034820556640625 0.0689697265625 -0.120811462402344
0.0367774963378906 -0.0302047729492188 -0.00075912475585937 -0.0411567687988281
-0.00298690795898437 -0.0389442443847656 0.0358963012695313 0.0295639038085937
-0.027069091796875 -0.0144538879394531 0.081817626953125 -0.00832366943359375
-0.0267848968505859 0.00897598266601563 0.0685043334960937 -0.0657691955566406
-0.0163898468017578 0.0258369445800781 0.0237579345703125 -0.0991439819335938
-0.0124378204345703 0.0199851989746094 -0.0204544067382813 -0.100151062011719
-0.0121355056762695 0.0171165466308594 -0.0275115966796875 -0.0763320922851563
-0.0170707702636719 0.0173797607421875 -0.0295639038085938 -0.0659103393554688
-0.0230045318603516 0.000680923461914064 -0.0198898315429688 -0.0605583190917969
-0.0145320892333984 -0.0219345092773438 -0.0158157348632813 -0.0601463317871094
0.0148906707763672 -0.0337333679199219 -0.002716064453125 -0.0749130249023438
0.0496368408203125 -0.0101966857910156 0.0172958374023438 -0.0901336669921875
0.0610771179199219 0.0274925231933594 0.0143203735351563 -0.127876281738281
0.044647216796875 0.0623321533203125 0.0171966552734375 -0.1549072265625
0.0318603515625 0.0941925048828125 0.0872650146484375 -0.104316711425781
0.0475730895996094 0.0215873718261719 0.0116729736328125 -0.0327262878417969
0.0354766845703125 -0.00246810913085938 0.0408973693847656 0.0393486022949219
0.0163345336914063 -0.0149116516113281 0.0916976928710937 -0.000991821289062501
0.00484943389892578 -0.0136032104492188 0.08056640625 -0.0611801147460938
-0.00802421569824219 -0.0131216049194336 0.0316696166992187 -0.102874755859375
-0.0172176361083984 -0.0195980072021484 -0.0174102783203125 -0.101936340332031
-0.0138111114501953 -0.0202236175537109 -0.02685546875 -0.0723800659179688
-0.019195556640625 -0.0239620208740234 -0.0280380249023437 -0.0625495910644531
-0.00936126708984375 -0.0344963073730469 -0.0227241516113281 -0.0564346313476562
0.0182876586914062 -0.0416984558105469 -0.0183677673339844 -0.0524559020996094
0.0544509887695313 -0.0272178649902344 -0.0062103271484375 -0.0670852661132813
0.0731353759765625 0.0321502685546875 0.00972747802734375 -0.0780029296875
0.0655899047851563 0.0792465209960938 0.010284423828125 -0.1116943359375
0.0253372192382813 0.116790771484375 0.0162734985351563 -0.128105163574219
0.00440216064453126 0.139457702636719 0.09619140625 -0.0680465698242187
0.0448532104492188 0.0758056640625 0.0205516815185547 -0.00927734374999999
0.067413330078125 0.044036865234375 0.0424308776855469 0.0558357238769531
0.0621223449707031 -0.00590133666992187 0.0960922241210938 0.0156173706054688
0.0415458679199219 -0.0309066772460938 0.0895004272460938 -0.0457763671875
0.006927490234375 -0.0496978759765625 0.0404739379882813 -0.0938796997070312
-0.0174751281738281 -0.0570030212402344 -0.0104522705078125 -0.0917510986328125
-0.0122489929199219 -0.0543746948242187 -0.0229530334472656 -0.0580863952636719
-0.0206031799316406 -0.0606689453125 -0.0248870849609375 -0.0475997924804688
0.000579833984375007 -0.06640625 -0.0268402099609375 -0.0404891967773438
0.0433197021484375 -0.0626564025878906 -0.024444580078125 -0.0367393493652344
0.0842819213867187 -0.0289306640625 -0.0146942138671875 -0.0549468994140625
0.0943756103515625 0.0593185424804688 -0.000423431396484371 -0.0652542114257813
0.070831298828125 0.114349365234375 0.00802612304687501 -0.0868377685546875
0.007598876953125 0.152145385742188 0.0089874267578125 -0.0865249633789062
-0.026031494140625 0.16290283203125 0.0928802490234375 -0.0154647827148437
0.029296875 0.118324279785156 0.0235557556152344 0.0254001617431641
0.0841064453125 0.090484619140625 0.0366287231445313 0.0752792358398438
0.099945068359375 0.01068115234375 0.090789794921875 0.0378875732421875
0.075408935546875 -0.0391006469726563 0.0896148681640625 -0.0207748413085938
0.0237197875976563 -0.0778350830078125 0.0460968017578125 -0.0723114013671875
-0.0134201049804687 -0.0849838256835938 -0.00159072875976562 -0.0685386657714844
-0.00953674316406249 -0.0792999267578125 -0.0160636901855469 -0.0350875854492188
-0.0209579467773437 -0.0887908935546875 -0.0185165405273438 -0.0241165161132813
0.00545501708984376 -0.0894699096679688 -0.0278816223144531 -0.0170631408691406
0.0581817626953125 -0.07904052734375 -0.0292091369628906 -0.0155353546142578
0.101478576660156 -0.0329742431640625 -0.0239143371582031 -0.0386810302734375
0.107498168945313 0.0729293823242188 -0.00880813598632812 -0.0520477294921875
0.0705184936523438 0.131385803222656 0.010955810546875 -0.0600128173828125
-0.00794982910156251 0.166397094726563 0.000156402587890627 -0.03802490234375
-0.0519256591796875 0.157745361328125 0.0760650634765625 0.0430984497070313
0.00333404541015626 0.138221740722656 0.0184440612792969 0.0651473999023438
0.0781936645507813 0.124290466308594 0.0250244140625 0.091583251953125
0.117301940917969 0.0329437255859375 0.0745010375976563 0.0597000122070312
0.0975418090820313 -0.0347442626953125 0.0786590576171875 0.00818634033203125
0.0391387939453125 -0.0909347534179688 0.0465812683105469 -0.0408821105957031
-0.00666809082031251 -0.0999221801757813 0.0081787109375 -0.0366554260253906
-0.0051422119140625 -0.0928115844726563 -0.00689888000488281 -0.00664567947387696
-0.0192413330078125 -0.103408813476563 -0.0093536376953125 0.00426959991455077
0.00974273681640626 -0.101455688476563 -0.0260238647460938 0.0108280181884765
0.0668869018554688 -0.08544921875 -0.0321521759033203 0.00820732116699218
0.108001708984375 -0.0320510864257813 -0.031005859375 -0.0214653015136719
0.105171203613281 0.080780029296875 -0.0141258239746094 -0.0399322509765625
0.058807373046875 0.134925842285156 0.0167217254638672 -0.0322284698486328
-0.025604248046875 0.159637451171875 -0.0105800628662109 0.0121088027954102
-0.0681381225585937 0.124954223632813 0.0518798828125 0.0970382690429688
-0.025360107421875 0.127006530761719 0.00856018066406251 0.101104736328125
0.05072021484375 0.13262939453125 0.010589599609375 0.0999984741210938
0.107345581054688 0.0508041381835938 0.050262451171875 0.0748748779296875
0.100059509277344 -0.0213546752929687 0.0586090087890625 0.0340957641601562
0.04779052734375 -0.0865020751953125 0.0409660339355469 -0.00586700439453125
0.000976562500000011 -0.0984420776367188 0.0166072845458984 -0.00149917602539063
-0.000503540039062503 -0.0915985107421875 0.00354957580566406 0.0223331451416016
-0.014129638671875 -0.103691101074219 0.000112533569335937 0.0334243774414062
0.0137405395507813 -0.0992660522460938 -0.0237159729003906 0.0389976501464844
0.0697555541992188 -0.0802536010742187 -0.0347938537597656 0.0300369262695313
0.104171752929688 -0.023162841796875 -0.0383377075195312 -0.00542068481445313
0.0896148681640625 0.0856246948242188 -0.0189094543457031 -0.0299396514892578
0.0344619750976563 0.126991271972656 0.0208568572998047 -0.00748825073242187
-0.0439987182617188 0.134017944335938 -0.0234794616699219 0.0576820373535156
-0.0700912475585938 0.0686988830566406 0.0250625610351562 0.135711669921875
-0.0452499389648438 0.0886383056640625 -0.00386047363281251 0.126091003417969
0.0146484375 0.109901428222656 -0.00154113769531249 0.0988693237304687
0.075592041015625 0.0556411743164062 0.0264511108398438 0.0804595947265625
0.08135986328125 -0.0053253173828125 0.0354080200195313 0.050567626953125
0.0458221435546875 -0.0667037963867188 0.0322303771972656 0.0251426696777344
0.00804901123046875 -0.0804061889648438 0.0228805541992187 0.0316009521484375
0.00514984130859374 -0.0763778686523438 0.0139961242675781 0.0482826232910156
-0.0062255859375 -0.0885238647460938 0.00873565673828124 0.0608482360839844
0.017364501953125 -0.0847854614257813 -0.0222320556640625 0.0650482177734375
0.0659561157226562 -0.0646247863769531 -0.0398368835449219 0.0498733520507812
0.09051513671875 -0.00980377197265625 -0.0474205017089844 0.00696182250976563
0.063140869140625 0.0838241577148438 -0.0249710083007812 -0.0227432250976562
0.00382232666015624 0.1063232421875 0.0199947357177734 0.0148029327392578
-0.0593490600585937 0.0916671752929688 -0.04083251953125 0.0937881469726563
-0.0600090026855469 0.00159835815429688 0.0058135986328125 0.153244018554688
-0.0546112060546875 0.0336685180664062 -0.0110092163085937 0.135215759277344
-0.0188026428222656 0.0658950805664063 -0.00617218017578125 0.0912017822265625
0.0332603454589844 0.0458717346191406 0.0102005004882813 0.07861328125
0.0477867126464844 0.00785064697265625 0.0185203552246094 0.0574760437011719
0.0345382690429688 -0.0368118286132813 0.024749755859375 0.0472450256347656
0.0125656127929688 -0.0500907897949219 0.0273704528808594 0.0554313659667969
0.00941848754882812 -0.0497360229492188 0.0215492248535156 0.0667304992675781
0.00312423706054687 -0.0609855651855469 0.0134811401367188 0.0822219848632813
0.0189590454101562 -0.0591812133789063 -0.0236587524414063 0.0850830078125
0.054168701171875 -0.0409088134765625 -0.0474662780761719 0.0633277893066406
0.066619873046875 0.00327682495117188 -0.0583152770996094 0.015411376953125
0.0306854248046875 0.0707473754882812 -0.0328273773193359 -0.019805908203125
-0.0255355834960938 0.0722274780273438 0.0116176605224609 0.0295143127441406
-0.067352294921875 0.0365715026855469 -0.0626220703125 0.113510131835938
0.0561065673828125 0.03302001953125 0.063385009765625 -0.130088806152344
0.03631591796875 -0.0342903137207031 -0.0052947998046875 -0.0415687561035156
-0.00642776489257812 -0.0412864685058594 0.0392532348632813 0.029144287109375
-0.0302543640136719 -0.0136432647705078 0.084747314453125 -0.0129852294921875
-0.0279788970947266 0.0110530853271484 0.0671005249023438 -0.0720748901367188
-0.0149192810058594 0.0291099548339844 0.0196380615234375 -0.10455322265625
-0.0110092163085937 0.0227375030517578 -0.0274200439453125 -0.102378845214844
-0.0107994079589844 0.0191650390625 -0.0329666137695313 -0.0777435302734375
-0.0157032012939453 0.0195350646972656 -0.0350570678710937 -0.0660324096679688
-0.0234508514404297 0.00271224975585937 -0.0252723693847656 -0.0619163513183594
-0.0172595977783203 -0.0207939147949219 -0.0203208923339844 -0.0623588562011719
0.0127449035644531 -0.0365867614746094 -0.00774383544921875 -0.0793914794921875
0.0510330200195313 -0.0147323608398438 0.01324462890625 -0.0960617065429688
0.0650711059570313 0.0244598388671875 0.006988525390625 -0.134307861328125
0.0515098571777344 0.0622978210449219 0.007568359375 -0.162124633789063
0.0408401489257813 0.0956802368164063 0.0844268798828125 -0.114234924316406
0.0503387451171875 0.0189399719238281 0.00816154479980469 -0.0339756011962891
0.0364532470703125 -0.00559234619140625 0.0453224182128906 0.0396156311035156
0.0150423049926758 -0.0168952941894531 0.0956802368164062 -0.0052947998046875
0.00342082977294922 -0.0145387649536133 0.0810394287109375 -0.0682373046875
-0.00898456573486328 -0.0118598937988281 0.0272140502929688 -0.108932495117188
-0.0195217132568359 -0.0178260803222656 -0.0244293212890625 -0.104873657226563
-0.0150871276855469 -0.0195713043212891 -0.0319976806640625 -0.0736236572265625
-0.0211906433105469 -0.02264404296875 -0.0340538024902344 -0.0627403259277344
-0.0121040344238281 -0.0341854095458984 -0.0276718139648437 -0.05706787109375
0.0153121948242188 -0.043609619140625 -0.0227241516113281 -0.0540542602539063
0.0540733337402344 -0.0321731567382813 -0.0107879638671875 -0.0711822509765625
0.0783157348632813 0.028045654296875 0.00572967529296876 -0.08331298828125
0.0733795166015625 0.0771255493164063 0.00383758544921877 -0.117027282714844
0.0347442626953125 0.120155334472656 0.00820159912109374 -0.134765625
0.0146331787109375 0.145263671875 0.09613037109375 -0.0769882202148437
0.0509109497070313 0.0756454467773438 0.0189666748046875 -0.0107898712158203
0.0734939575195313 0.0405960083007813 0.047332763671875 0.0573577880859375
0.0637893676757812 -0.0116844177246094 0.101898193359375 0.011383056640625
0.040740966796875 -0.0352058410644531 0.0917587280273438 -0.0535049438476563
0.00355148315429688 -0.0509567260742188 0.0362396240234375 -0.100570678710938
-0.0222625732421875 -0.0568122863769531 -0.0170211791992188 -0.0941619873046875
-0.0162734985351563 -0.0551681518554687 -0.0271339416503906 -0.0585060119628906
-0.0251731872558594 -0.0612220764160156 -0.029815673828125 -0.0475540161132813
-0.00440216064453125 -0.0676765441894531 -0.030975341796875 -0.0405960083007813
0.0399742126464844 -0.0671615600585937 -0.0284004211425781 -0.0375137329101563
0.0851974487304688 -0.0356674194335938 -0.0194053649902344 -0.0581512451171875
0.103019714355469 0.0546188354492188 -0.00366592407226561 -0.0699539184570313
0.0812225341796875 0.112838745117188 0.00324249267578126 -0.0919189453125
0.01849365234375 0.158935546875 0.003631591796875 -0.0914230346679687
-0.015625 0.171829223632813 0.0955657958984375 -0.0221328735351562
0.0372314453125 0.121162414550781 0.0237350463867188 0.0249195098876953
0.0942611694335937 0.0884628295898437 0.0423431396484375 0.0779190063476563
0.103813171386719 0.00408172607421875 0.0978469848632813 0.0352935791015625
0.0757675170898438 -0.0455322265625 0.093536376953125 -0.027252197265625
0.018951416015625 -0.0814056396484375 0.0435714721679688 -0.078460693359375
-0.0205764770507813 -0.08673095703125 -0.00640869140625 -0.0707931518554688
-0.015533447265625 -0.0814285278320313 -0.0187473297119141 -0.0347251892089844
-0.0279693603515625 -0.089752197265625 -0.0219249725341797 -0.0237846374511719
-0.000610351562499994 -0.0920944213867188 -0.0311012268066406 -0.0157718658447266
0.0542755126953125 -0.0852890014648438 -0.0323104858398438 -0.0154209136962891
0.102890014648438 -0.041229248046875 -0.0274124145507812 -0.0406341552734375
0.117218017578125 0.0683059692382813 -0.0118904113769531 -0.0557136535644531
0.0825653076171875 0.130653381347656 0.00762557983398438 -0.0640907287597656
0.0028533935546875 0.174911499023438 -0.00258636474609375 -0.0401191711425781
-0.0437469482421875 0.168411254882813 0.0819244384765625 0.03936767578125
0.01171875 0.143447875976563 0.0217018127441406 0.0656204223632813
0.0901107788085938 0.124298095703125 0.030517578125 0.0959548950195313
0.123405456542969 0.0261154174804688 0.0818710327148438 0.059661865234375
0.0997772216796875 -0.04241943359375 0.0841064453125 0.00377655029296875
0.0340728759765625 -0.09613037109375 0.0460548400878906 -0.0459785461425781
-0.0147552490234375 -0.102493286132812 0.0057373046875 -0.0386581420898438
-0.0119552612304688 -0.0954818725585938 -0.00716733932495117 -0.00585937500000001
-0.0275802612304687 -0.104881286621094 -0.0106964111328125 0.00513935089111327
0.00202178955078124 -0.10479736328125 -0.0277652740478516 0.0130977630615234
0.0627517700195313 -0.092864990234375 -0.0337886810302734 0.00967597961425781
0.109611511230469 -0.0407638549804687 -0.0341529846191406 -0.0220088958740234
0.115715026855469 0.0765304565429688 -0.0167922973632812 -0.0426521301269531
0.0701904296875 0.135154724121094 0.0156745910644531 -0.0357742309570313
-0.0159759521484375 0.16876220703125 -0.0102357864379883 0.013361930847168
-0.0627975463867188 0.134689331054688 0.0605850219726563 0.09735107421875
-0.0191421508789062 0.133644104003906 0.0133056640625 0.104034423828125
0.0621414184570312 0.135055541992187 0.0161972045898438 0.105445861816406
0.114593505859375 0.0456695556640625 0.0576934814453125 0.0770339965820313
0.103424072265625 -0.0284194946289063 0.0649070739746094 0.0320663452148438
0.0435104370117187 -0.0925827026367188 0.0426368713378906 -0.00930404663085938
-0.00679779052734376 -0.101799011230469 0.01690673828125 -0.00278854370117188
-0.00701141357421875 -0.0952301025390625 0.00559616088867188 0.0235080718994141
-0.0225448608398438 -0.105690002441406 0.00099945068359375 0.0348186492919922
0.006561279296875 -0.10321044921875 -0.0231781005859375 0.0421295166015625
0.066131591796875 -0.0880889892578125 -0.0348567962646484 0.0329093933105469
0.10638427734375 -0.031219482421875 -0.0407218933105469 -0.00491714477539062
0.0995941162109375 0.0832672119140625 -0.0211315155029297 -0.0313491821289062
0.043731689453125 0.128875732421875 0.0217418670654297 -0.0102138519287109
-0.036590576171875 0.142974853515625 -0.0203514099121094 0.0614128112792969
-0.0687103271484375 0.0761795043945313 0.0347900390625 0.139236450195313
-0.0420761108398438 0.0951614379882813 0.00263214111328124 0.130569458007813
0.0228958129882812 0.114532470703125 0.00390625 0.104644775390625
0.0825881958007813 0.0529098510742188 0.0333480834960938 0.0846099853515625
0.0851669311523437 -0.0110244750976562 0.0417976379394531 0.0508155822753906
0.0424270629882813 -0.07244873046875 0.0352859497070313 0.0234298706054687
0.00159454345703126 -0.0844573974609375 0.0259475708007813 0.0308284759521484
-0.000305175781249999 -0.0799484252929688 0.017608642578125 0.0496826171875
-0.01336669921875 -0.0912399291992187 0.0120925903320313 0.0629463195800781
0.0113067626953125 -0.0885848999023438 -0.0200233459472656 0.0687370300292969
0.0635223388671875 -0.0716476440429688 -0.0387916564941406 0.0531387329101563
0.0938644409179687 -0.01678466796875 -0.0488967895507812 0.00942611694335937
0.0721664428710937 0.0831756591796875 -0.0269050598144531 -0.0232467651367187
0.0111923217773437 0.110321044921875 0.0225543975830078 0.0128688812255859
-0.0558090209960938 0.0995864868164063 -0.0362548828125 0.0998687744140625
-0.0627250671386719 0.00546646118164062 0.0159454345703125 0.15875244140625
-0.0552024841308594 0.0389442443847656 -0.00364685058593752 0.14111328125
-0.015106201171875 0.0704727172851563 -0.001953125 0.0962600708007812
0.0380134582519531 0.0453262329101563 0.0160751342773437 0.0829315185546875
0.0512428283691406 0.00547027587890625 0.0239791870117188 0.0599327087402344
0.0335426330566406 -0.0404205322265625 0.0293045043945313 0.0470123291015625
0.00888824462890625 -0.0533828735351563 0.0323104858398438 0.0555191040039063
0.0060272216796875 -0.0527267456054688 0.0266151428222656 0.0685005187988281
-0.00154495239257812 -0.0636634826660156 0.0186233520507813 0.0846099853515625
0.0151748657226562 -0.0630722045898438 -0.0198822021484375 0.0899658203125
0.05322265625 -0.0470352172851562 -0.046112060546875 0.0682868957519531
0.070343017578125 -0.0014190673828125 -0.0598411560058594 0.0189094543457031
0.0379409790039063 0.0727157592773438 -0.0347499847412109 -0.0195331573486328
-0.0217971801757812 0.0773239135742188 0.0152454376220703 0.0284595489501953
-0.0677146911621094 0.0424766540527344 -0.0574417114257812 0.121696472167969
0.0604629516601563 0.0286293029785156 0.054656982421875 -0.136123657226563
0.03399658203125 -0.0373382568359375 -0.00991439819335938 -0.0398330688476562
-0.0102958679199219 -0.0419349670410156 0.042327880859375 0.0279541015625
-0.0321140289306641 -0.0116558074951172 0.08489990234375 -0.0173110961914062
-0.0281162261962891 0.0135536193847656 0.0633544921875 -0.076416015625
-0.0120010375976563 0.0315284729003906 0.0134811401367187 -0.106620788574219
-0.00830841064453125 0.0245838165283203 -0.034271240234375 -0.101608276367188
-0.00909042358398437 0.0201187133789063 -0.0387725830078125 -0.0761260986328125
-0.0127506256103516 0.0209503173828125 -0.0402107238769531 -0.0638999938964844
-0.0229225158691406 0.00575065612792968 -0.0298652648925781 -0.06103515625
-0.0189571380615234 -0.0189132690429687 -0.0252685546875 -0.0623397827148438
0.00979995727539062 -0.0377235412597656 -0.0136566162109375 -0.0811538696289063
0.0499839782714844 -0.01959228515625 0.00724029541015625 -0.0989532470703125
0.0673408508300781 0.0197334289550781 -0.00169372558593751 -0.1357421875
0.0580673217773438 0.0597801208496094 -0.00451660156249998 -0.164947509765625
0.0497283935546875 0.0940093994140625 0.07708740234375 -0.12200927734375
0.0520057678222656 0.0154266357421875 0.00412940979003907 -0.0339813232421875
0.0357666015625 -0.0091400146484375 0.0491256713867188 0.0383987426757813
0.0132160186767578 -0.0189437866210938 0.0969009399414062 -0.0110092163085938
0.00200080871582031 -0.0145378112792969 0.0775070190429688 -0.0747451782226563
-0.00975990295410156 -0.00977134704589844 0.0205612182617188 -0.111709594726563
-0.0202579498291016 -0.0152339935302734 -0.0322341918945312 -0.10369873046875
-0.0161380767822266 -0.0181312561035156 -0.0375137329101563 -0.0715560913085938
-0.0217361450195313 -0.0205669403076172 -0.0391120910644531 -0.0604171752929687
-0.0144100189208984 -0.0326576232910156 -0.0327262878417969 -0.0557327270507813
0.0119171142578125 -0.0443305969238281 -0.0269584655761719 -0.0541915893554688
0.0514640808105469 -0.0363655090332031 -0.0159225463867188 -0.0731735229492188
0.0811386108398438 0.0219192504882812 0.000541687011718763 -0.08648681640625
0.0790939331054688 0.0712890625 -0.00386810302734373 -0.118148803710938
0.0443572998046875 0.119873046875 -0.00150299072265625 -0.136817932128906
0.026397705078125 0.146041870117187 0.0915374755859375 -0.084869384765625
0.0565109252929688 0.073089599609375 0.0162076950073242 -0.0118532180786133
0.0775299072265625 0.0350494384765625 0.0521774291992188 0.0568389892578125
0.062530517578125 -0.0167198181152344 0.104621887207031 0.00608062744140625
0.038543701171875 -0.0384597778320313 0.0901336669921875 -0.0601119995117187
-0.00069046020507813 -0.0506706237792969 0.029632568359375 -0.104240417480469
-0.0268096923828125 -0.0547714233398437 -0.024139404296875 -0.093505859375
-0.0202140808105469 -0.0544509887695313 -0.031280517578125 -0.0567855834960937
-0.0295333862304688 -0.0589942932128906 -0.0338592529296875 -0.0453300476074219
-0.00942230224609375 -0.0666427612304688 -0.0351982116699219 -0.0386695861816406
0.0348014831542969 -0.0694694519042969 -0.0321617126464844 -0.0366134643554688
0.0828323364257813 -0.0424270629882813 -0.0237579345703125 -0.0595970153808594
0.107833862304688 0.0470809936523438 -0.00826263427734375 -0.0725021362304687
0.0897903442382813 0.107322692871094 -0.00260925292968748 -0.0936050415039063
0.030731201171875 0.160369873046875 -0.00315856933593749 -0.0926971435546875
-0.0027923583984375 0.175613403320313 0.0952377319335937 -0.0299453735351562
0.0459747314453125 0.120353698730469 0.0236282348632813 0.0231761932373047
0.102180480957031 0.08233642578125 0.0481796264648438 0.0784530639648438
0.104499816894531 -0.0035552978515625 0.101959228515625 0.0311813354492187
0.0735092163085938 -0.0513381958007813 0.0940170288085938 -0.0336990356445313
0.0129470825195313 -0.0822677612304688 0.0386810302734375 -0.0828704833984375
-0.02764892578125 -0.084869384765625 -0.011444091796875 -0.071075439453125
-0.0211257934570313 -0.0813140869140625 -0.0206832885742188 -0.03314208984375
-0.0349884033203125 -0.08721923828125 -0.0246391296386719 -0.0218982696533203
-0.0076446533203125 -0.091339111328125 -0.0333900451660156 -0.0136775970458984
0.047821044921875 -0.089569091796875 -0.0342502593994141 -0.0138778686523438
0.10064697265625 -0.0491867065429688 -0.0310745239257812 -0.041534423828125
0.123550415039063 0.059600830078125 -0.0151596069335937 -0.0575294494628906
0.0923004150390625 0.124992370605469 0.00334548950195313 -0.0663986206054687
0.016265869140625 0.177474975585938 -0.005706787109375 -0.0400886535644531
-0.0322265625 0.173797607421875 0.0859222412109375 0.03363037109375
0.0206146240234375 0.14447021484375 0.024261474609375 0.0646858215332031
0.100357055664062 0.119636535644531 0.0374908447265625 0.0975189208984375
0.126266479492188 0.017730712890625 0.0877838134765625 0.0565338134765625
0.0981903076171875 -0.0504150390625 0.08673095703125 -0.00180816650390625
0.0272293090820313 -0.0987777709960937 0.0429916381835937 -0.0498199462890625
-0.02325439453125 -0.102020263671875 0.0027313232421875 -0.03948974609375
-0.0190505981445312 -0.0960235595703125 -0.00723886489868164 -0.00492525100708008
-0.0366058349609375 -0.102920532226562 -0.0114107131958008 0.00678634643554687
-0.00610351562500001 -0.104736328125 -0.0279388427734375 0.0153942108154297
0.0555572509765625 -0.098052978515625 -0.034149169921875 0.0109615325927734
0.107421875 -0.0488510131835938 -0.0365257263183594 -0.0219078063964844
0.12261962890625 0.0686874389648438 -0.0195999145507812 -0.0440025329589844
0.0799179077148438 0.130889892578125 0.0136909484863281 -0.039093017578125
-0.00393676757812501 0.172561645507812 -0.00937080383300781 0.0138444900512695
-0.0540313720703125 0.140609741210938 0.0677108764648438 0.0932388305664063
-0.0106658935546875 0.137092590332031 0.0189208984375 0.103591918945313
0.0726318359375 0.132911682128906 0.0231399536132813 0.107894897460938
0.118896484375 0.0384979248046875 0.064453125 0.075897216796875
0.10321044921875 -0.0367202758789063 0.0689849853515625 0.0285491943359375
0.036163330078125 -0.0960617065429687 0.0426483154296875 -0.0127449035644531
-0.0155410766601562 -0.101806640625 0.0168066024780273 -0.00383186340332032
-0.01416015625 -0.0955657958984375 0.00726890563964843 0.0239429473876953
-0.0311660766601562 -0.104515075683594 0.00249481201171875 0.0353202819824219
-0.00200653076171876 -0.103813171386719 -0.0217170715332031 0.0445289611816406
0.05950927734375 -0.0934524536132812 -0.0340118408203125 0.0347614288330078
0.105216979980469 -0.0392303466796875 -0.0418014526367187 -0.00358963012695313
0.10736083984375 0.0764083862304688 -0.0233974456787109 -0.0318279266357422
0.0532073974609375 0.126304626464844 0.0218276977539063 -0.0133152008056641
-0.027374267578125 0.147750854492188 -0.0163955688476563 0.0631599426269531
-0.0637741088867187 0.082244873046875 0.0449371337890625 0.137741088867188
-0.0368804931640625 0.0992889404296875 0.0107498168945313 0.131065368652344
0.031768798828125 0.114837646484375 0.00981903076171875 0.10772705078125
0.087005615234375 0.0478668212890625 0.0400466918945313 0.084686279296875
0.086517333984375 -0.0172195434570313 0.0472526550292969 0.0489883422851563
0.0373153686523437 -0.075714111328125 0.0373001098632813 0.02117919921875
-0.006103515625 -0.085540771484375 0.0281581878662109 0.0290184020996094
-0.006591796875 -0.0812454223632812 0.0216407775878906 0.0494804382324219
-0.0206375122070312 -0.0906829833984375 0.0155677795410156 0.063079833984375
0.00408172607421874 -0.0901260375976563 -0.0163650512695312 0.0715866088867188
0.0584869384765625 -0.0772552490234375 -0.0360832214355469 0.0557594299316406
0.0936279296875 -0.0238876342773438 -0.0492134094238281 0.0116767883300781
0.0792312622070313 0.0792236328125 -0.0281944274902344 -0.0232715606689453
0.019073486328125 0.11016845703125 0.0243721008300781 0.00934982299804688
-0.0494003295898438 0.105316162109375 -0.029510498046875 0.103080749511719
-0.0633697509765625 0.00963973999023438 0.0269775390625 0.158843994140625
-0.0535736083984375 0.043792724609375 0.00531005859375001 0.142318725585937
-0.00959014892578126 0.07366943359375 0.003448486328125 0.0986099243164063
0.0422439575195313 0.0430145263671875 0.022552490234375 0.084136962890625
0.0530853271484375 0.00140762329101563 0.0293312072753906 0.0591583251953125
0.0305557250976562 -0.0432662963867188 0.0330734252929688 0.04510498046875
0.00384140014648438 -0.0551185607910156 0.0370750427246094 0.05322265625
0.00146484375000001 -0.0544357299804688 0.0321502685546875 0.067352294921875
-0.00674057006835937 -0.0648956298828125 0.02423095703125 0.0845184326171875
0.00940704345703124 -0.064605712890625 -0.0146560668945313 0.09271240234375
0.0505599975585938 -0.0516815185546875 -0.0426483154296875 0.07147216796875
0.071380615234375 -0.0066986083984375 -0.0598297119140625 0.0224800109863281
0.04400634765625 0.0712432861328125 -0.0360488891601563 -0.0187034606933594
-0.0168838500976563 0.079620361328125 0.0181884765625 0.0260696411132813
-0.0653953552246094 0.0480918884277344 -0.0495681762695313 0.126861572265625
0.0624961853027344 0.0243911743164063 0.0472183227539063 -0.137992858886719
0.03173828125 -0.0388641357421875 -0.0128669738769531 -0.0375518798828125
-0.0134124755859375 -0.0410308837890625 0.0437164306640625 0.0267181396484375
-0.0337142944335938 -0.0101947784423828 0.0840682983398438 -0.0204391479492188
-0.0277290344238281 0.015716552734375 0.0595703125 -0.0778732299804688
-0.00945472717285156 0.0323524475097656 0.00905609130859374 -0.105911254882813
-0.00569534301757813 0.0257225036621094 -0.0391311645507812 -0.0991058349609375
-0.00711250305175782 0.0204353332519531 -0.041900634765625 -0.0736541748046875
-0.0106792449951172 0.0215835571289063 -0.0431900024414063 -0.0609893798828125
-0.0210628509521484 0.00798797607421876 -0.0332221984863281 -0.059478759765625
-0.0202159881591797 -0.016754150390625 -0.0284309387207031 -0.0617904663085938
0.00691986083984375 -0.03839111328125 -0.017730712890625 -0.0816268920898438
0.048126220703125 -0.0225601196289063 0.0028228759765625 -0.099365234375
0.0676460266113281 0.0158843994140625 -0.00724792480468751 -0.134292602539063
0.0615081787109375 0.0561065673828125 -0.0131378173828125 -0.163467407226563
0.0554351806640625 0.09033203125 0.0700149536132813 -0.125633239746094
0.0518379211425781 0.0131492614746094 0.000370025634765625 -0.0324478149414063
0.0343208312988281 -0.0116462707519531 0.0508193969726562 0.037353515625
0.0105304718017578 -0.0195198059082031 0.0965728759765625 -0.013916015625
0.00055980682373047 -0.0139093399047852 0.073699951171875 -0.0772171020507813
-0.00978660583496094 -0.00800991058349609 0.0155792236328125 -0.111839294433594
-0.0205116271972656 -0.0131340026855469 -0.0373306274414063 -0.10107421875
-0.0166988372802734 -0.0169954299926758 -0.0401077270507813 -0.069488525390625
-0.0218524932861328 -0.0184497833251953 -0.042144775390625 -0.0578384399414063
-0.014984130859375 -0.0303325653076172 -0.0357933044433594 -0.0537261962890625
0.00897979736328126 -0.0433387756347656 -0.0302734375 -0.0530967712402344
0.0484733581542969 -0.0386428833007813 -0.020111083984375 -0.073516845703125
0.0810699462890625 0.0170745849609375 -0.00287628173828125 -0.0871658325195313
0.0818328857421875 0.0662765502929688 -0.0089569091796875 -0.117179870605469
0.0513076782226563 0.11712646484375 -0.00859832763671874 -0.136245727539063
0.035400390625 0.144073486328125 0.0865707397460938 -0.0898895263671875
0.0591354370117188 0.0696678161621094 0.013310432434082 -0.0114860534667969
0.077911376953125 0.0302581787109375 0.0550308227539063 0.05615234375
0.0600624084472656 -0.0198173522949219 0.105087280273438 0.0025482177734375
0.0356101989746094 -0.0398635864257813 0.0871353149414063 -0.0638351440429688
-0.003265380859375 -0.0489349365234375 0.0251312255859375 -0.105064392089844
-0.0294380187988281 -0.0516929626464844 -0.0284271240234375 -0.0914382934570313
-0.0223388671875 -0.0526008605957031 -0.0334243774414063 -0.0544776916503906
-0.0319900512695313 -0.0559768676757813 -0.0365409851074219 -0.0426216125488281
-0.0126113891601563 -0.0638656616210938 -0.0375175476074219 -0.0361480712890625
0.0306205749511719 -0.0695648193359375 -0.0342025756835937 -0.0359077453613281
0.0794448852539063 -0.0458755493164062 -0.0270462036132813 -0.0598526000976563
0.10894775390625 0.040863037109375 -0.0110931396484375 -0.0731735229492188
0.0937576293945313 0.101089477539062 -0.00676727294921874 -0.0933609008789063
0.039459228515625 0.157852172851563 -0.00798034667968749 -0.09234619140625
0.00709533691406248 0.174606323242188 0.092742919921875 -0.034820556640625
0.0506210327148437 0.117500305175781 0.022308349609375 0.0223503112792969
0.105667114257813 0.076446533203125 0.0516204833984375 0.0779571533203125
0.102867126464844 -0.0088348388671875 0.103981018066406 0.0274581909179687
0.0700607299804688 -0.0549354553222656 0.0931015014648438 -0.038116455078125
0.00827789306640625 -0.08074951171875 0.0348663330078125 -0.08380126953125
-0.0321121215820313 -0.081268310546875 -0.0147781372070312 -0.069854736328125
-0.0250015258789063 -0.0792770385742188 -0.021575927734375 -0.0314769744873047
-0.0393218994140625 -0.0840911865234375 -0.0263252258300781 -0.0197563171386719
-0.0126419067382813 -0.0884933471679688 -0.0345859527587891 -0.0115451812744141
0.0421066284179687 -0.0899581909179688 -0.035614013671875 -0.0127601623535156
0.0966796875 -0.0541915893554688 -0.0336532592773438 -0.0415763854980469
0.125526428222656 0.0519790649414063 -0.0178031921386719 -0.0581855773925781
0.0971527099609375 0.118400573730469 0.000396728515625011 -0.066741943359375
0.0255889892578125 0.176132202148437 -0.00800704956054688 -0.0402908325195312
-0.02264404296875 0.174758911132812 0.0864791870117188 0.0282440185546875
0.0269317626953125 0.14251708984375 0.0247077941894531 0.0628128051757813
0.10595703125 0.113578796386719 0.041778564453125 0.0977096557617188
0.125923156738281 0.0115203857421875 0.091094970703125 0.0541152954101563
0.0952224731445313 -0.054840087890625 0.087249755859375 -0.00597381591796875
0.02099609375 -0.09844970703125 0.0403480529785156 -0.051971435546875
-0.02911376953125 -0.0987319946289063 0.000801086425781251 -0.0393714904785156
-0.024169921875 -0.09375 -0.00668811798095703 -0.00395393371582032
-0.041473388671875 -0.099273681640625 -0.0118856430053711 0.00801563262939452
-0.011993408203125 -0.101898193359375 -0.0279979705810547 0.0173358917236328
0.0493011474609375 -0.0991058349609375 -0.0347099304199219 0.0121345520019531
0.104118347167969 -0.0542984008789063 -0.0383033752441406 -0.0214996337890625
0.125480651855469 0.0614852905273438 -0.02142333984375 -0.0445022583007812
0.0851974487304688 0.124893188476563 0.0117835998535156 -0.0407333374023437
0.00531005859375 0.172012329101563 -0.00891590118408203 0.0136203765869141
-0.0466156005859375 0.142730712890625 0.0718536376953125 0.0886306762695313
-0.00494384765625 0.136917114257813 0.0216751098632812 0.101387023925781
0.07916259765625 0.128753662109375 0.02728271484375 0.108375549316406
0.1201171875 0.0323562622070313 0.0687637329101563 0.0741119384765625
0.101249694824219 -0.0413665771484375 0.0715484619140625 0.0248870849609375
0.0306396484375 -0.0963363647460938 0.0412788391113281 -0.0152931213378906
-0.0217819213867187 -0.0996246337890625 0.0161523818969727 -0.00489807128906251
-0.0196914672851563 -0.0944137573242188 0.00915908813476562 0.0235671997070312
-0.0369949340820312 -0.100761413574219 0.00331497192382813 0.0357322692871094
-0.00832366943359376 -0.101661682128906 -0.0201911926269531 0.0452995300292969
0.0531463623046875 -0.0955429077148438 -0.0330543518066406 0.0355720520019531
0.10235595703125 -0.0449676513671875 -0.0422782897949219 -0.00302886962890626
0.110382080078125 0.0702362060546875 -0.0248317718505859 -0.0321693420410156
0.0586776733398438 0.121795654296875 0.0209674835205078 -0.0157909393310547
-0.018951416015625 0.1488037109375 -0.0133476257324219 0.0632400512695313
-0.06005859375 0.0847854614257813 0.0510406494140625 0.134223937988281
-0.0326614379882812 0.100860595703125 0.0149078369140625 0.128875732421875
0.0378265380859375 0.11328125 0.0143356323242188 0.108139038085938
0.0893936157226562 0.0430068969726563 0.0450515747070313 0.0836639404296875
0.085662841796875 -0.021942138671875 0.0504112243652344 0.0467948913574219
0.0325469970703125 -0.0769271850585938 0.0375137329101563 0.0184745788574219
-0.01165771484375 -0.08367919921875 0.0292930603027344 0.0273361206054688
-0.0116806030273437 -0.08074951171875 0.0243110656738281 0.0483207702636719
-0.0261306762695313 -0.0886001586914063 0.017578125 0.0622711181640625
-0.00187683105468749 -0.0885772705078125 -0.0140609741210938 0.0714950561523438
0.0529937744140625 -0.0800628662109375 -0.0338325500488281 0.0566444396972656
0.091522216796875 -0.0291366577148438 -0.0488090515136719 0.0122489929199219
0.0835113525390625 0.0747146606445313 -0.0290737152099609 -0.0232715606689453
0.0238113403320313 0.108177185058594 0.0246772766113281 0.00648498535156251
-0.0438156127929687 0.107406616210937 -0.0241622924804688 0.103164672851563
-0.0628128051757812 0.012847900390625 0.0347442626953125 0.15576171875
-0.0515022277832031 0.0463752746582031 0.0110397338867187 0.140113830566406
-0.00535583496093751 0.07464599609375 0.00743865966796875 0.0991439819335938
0.0444374084472656 0.0407371520996094 0.0274887084960937 0.0836715698242188
0.0535392761230469 -0.00132369995117188 0.0327110290527344 0.058624267578125
0.0274658203125 -0.044708251953125 0.0352783203125 0.0428581237792969
-0.000297546386718751 -0.0550193786621094 0.0391921997070313 0.0504150390625
-0.00217437744140625 -0.0547866821289063 0.0353927612304688 0.0657691955566406
-0.0109214782714844 -0.0636253356933594 0.0274810791015625 0.0831680297851563
0.00535202026367187 -0.0645828247070313 -0.0107650756835937 0.0928421020507813
0.0467376708984375 -0.0550155639648438 -0.03955078125 0.0723953247070313
0.0707550048828125 -0.0109405517578125 -0.05841064453125 0.0239372253417969
0.0480804443359375 0.0693359375 -0.0367927551269531 -0.0186347961425781
-0.013336181640625 0.0807266235351563 0.0201053619384766 0.023040771484375
-0.0627937316894531 0.051544189453125 -0.042633056640625 0.127471923828125
0.0636520385742188 0.0219650268554688 0.0430374145507812 -0.138816833496094
0.0305633544921875 -0.040252685546875 -0.0147705078125 -0.0350990295410156
-0.0151023864746094 -0.0411643981933594 0.0448112487792969 0.026611328125
-0.0352249145507813 -0.00894927978515625 0.0840377807617188 -0.021240234375
-0.0278587341308594 0.0174274444580078 0.0581130981445313 -0.07843017578125
-0.00770759582519531 0.0333404541015625 0.00827789306640625 -0.106185913085938
-0.00415229797363281 0.026214599609375 -0.0410308837890625 -0.0975875854492188
-0.00583267211914063 0.0205497741699219 -0.0435562133789063 -0.0728836059570313
-0.00901603698730469 0.0215663909912109 -0.0447120666503906 -0.0595855712890625
-0.01995849609375 0.00909233093261718 -0.0347442626953125 -0.05828857421875
-0.0204753875732422 -0.0150852203369141 -0.0300827026367188 -0.0621147155761719
0.00504684448242187 -0.0385398864746094 -0.0201950073242188 -0.0822677612304688
0.046783447265625 -0.0240058898925781 0.00135040283203126 -0.0991897583007813
0.0683822631835937 0.0138778686523437 -0.00940704345703124 -0.133010864257813
0.0637893676757813 0.0537223815917969 -0.017608642578125 -0.162384033203125
0.059234619140625 0.0880355834960937 0.0659408569335938 -0.127052307128906
0.0520973205566406 0.0107345581054687 -0.00197982788085937 -0.0308113098144531
0.0334491729736328 -0.0130329132080078 0.0524139404296875 0.0376930236816406
0.00879287719726563 -0.0196037292480469 0.0966949462890625 -0.0155029296875
-0.000596046447753906 -0.0133752822875977 0.07257080078125 -0.078399658203125
-0.00966644287109375 -0.00685977935791015 0.0136566162109375 -0.111709594726563
-0.0197429656982422 -0.0111770629882813 -0.039031982421875 -0.0996780395507813
-0.0164766311645508 -0.0165510177612305 -0.0417747497558594 -0.068572998046875
-0.0217056274414062 -0.01800537109375 -0.043365478515625 -0.0562705993652344
-0.0146656036376953 -0.0280666351318359 -0.0374908447265625 -0.0529556274414062
0.00799179077148438 -0.0418624877929688 -0.0319747924804687 -0.0535240173339844
0.0467681884765625 -0.0397605895996094 -0.0225296020507812 -0.074859619140625
0.0804901123046875 0.0138626098632813 -0.0044708251953125 -0.0874786376953125
0.08258056640625 0.0635910034179688 -0.0109100341796875 -0.116661071777344
0.0550613403320313 0.114883422851563 -0.0124359130859375 -0.135734558105469
0.03997802734375 0.142242431640625 0.0830459594726563 -0.0924835205078125
0.0601272583007813 0.0674514770507813 0.0108156204223633 -0.0110063552856445
0.0787277221679687 0.0278549194335937 0.0565643310546875 0.0567550659179688
0.0587005615234375 -0.0213546752929688 0.105903625488281 0.001190185546875
0.0336875915527344 -0.0406875610351562 0.0864944458007812 -0.0656356811523438
-0.00467681884765625 -0.0476226806640625 0.022918701171875 -0.105308532714844
-0.0304718017578125 -0.0488433837890625 -0.0306243896484375 -0.090484619140625
-0.0233917236328125 -0.0511512756347656 -0.0343475341796875 -0.0537261962890625
-0.0328140258789063 -0.05426025390625 -0.0376777648925781 -0.0413284301757813
-0.0136985778808594 -0.0618095397949219 -0.03851318359375 -0.0349960327148438
0.027557373046875 -0.0691337585449219 -0.0358467102050781 -0.0359458923339844
0.0775070190429688 -0.0475616455078125 -0.0293846130371094 -0.0612983703613281
0.109222412109375 0.0370254516601563 -0.0128707885742187 -0.0741806030273438
0.0952529907226563 0.097137451171875 -0.0089263916015625 -0.093109130859375
0.044647216796875 0.15655517578125 -0.010009765625 -0.0921630859375
0.01226806640625 0.173995971679688 0.0912704467773438 -0.0385208129882812
0.0530166625976563 0.115768432617188 0.0201606750488281 0.0219058990478516
0.107620239257813 0.0730133056640625 0.0541152954101563 0.0788726806640625
0.101409912109375 -0.0118255615234375 0.10552978515625 0.0263519287109375
0.0683326721191406 -0.0569267272949219 0.0930328369140625 -0.0404052734375
0.00580596923828125 -0.079620361328125 0.0326309204101563 -0.0846328735351563
-0.0345230102539063 -0.0791015625 -0.016754150390625 -0.0692787170410156
-0.0274581909179688 -0.0781173706054688 -0.0218639373779297 -0.0308208465576172
-0.04083251953125 -0.0813217163085938 -0.0269966125488281 -0.0186557769775391
-0.0147247314453125 -0.0865249633789062 -0.0356369018554688 -0.010101318359375
0.0385894775390625 -0.0898284912109375 -0.0366592407226563 -0.0128822326660156
0.0943756103515625 -0.0564498901367188 -0.0354843139648437 -0.0427093505859375
0.126014709472656 0.0483856201171875 -0.0195121765136719 -0.0592689514160156
0.0990066528320313 0.1146240234375 -0.000888824462890617 -0.0673866271972656
0.0304412841796875 0.175277709960938 -0.00902938842773437 -0.0402107238769531
-0.017425537109375 0.1746826171875 0.0864105224609375 0.0252838134765625
0.0293121337890625 0.141433715820313 0.0234260559082031 0.0621261596679688
0.109611511230469 0.110740661621094 0.0437393188476563 0.0989761352539063
0.125244140625 0.00814056396484375 0.0933151245117188 0.0530471801757813
0.0934600830078125 -0.0578460693359375 0.0884857177734375 -0.0081329345703125
0.0179595947265625 -0.0973052978515625 0.0391159057617187 -0.0530509948730469
-0.0325393676757812 -0.0960464477539063 -0.000545501708984379 -0.0392189025878906
-0.0269927978515625 -0.0929412841796875 -0.00638723373413086 -0.00378608703613282
-0.0444412231445313 -0.09649658203125 -0.0126323699951172 0.00883102416992187
-0.0151443481445312 -0.0993728637695313 -0.0283718109130859 0.0183219909667969
0.0454559326171875 -0.099761962890625 -0.0351638793945313 0.0122032165527344
0.10150146484375 -0.0567855834960937 -0.0394554138183594 -0.0226097106933594
0.12689208984375 0.0570068359375 -0.0226898193359375 -0.0455284118652344
0.0870819091796875 0.121078491210937 0.0109939575195313 -0.0418167114257812
0.010284423828125 0.17181396484375 -0.00868034362792969 0.013392448425293
-0.0428466796875 0.143508911132812 0.0734405517578125 0.08526611328125
-0.00251007080078125 0.136672973632813 0.0217361450195313 0.09967041015625
0.0834121704101563 0.126678466796875 0.0297012329101563 0.109542846679688
0.120124816894531 0.0290756225585938 0.071197509765625 0.0734329223632812
0.100296020507813 -0.0448074340820313 0.072845458984375 0.0230484008789062
0.0272293090820312 -0.0959625244140625 0.0405540466308594 -0.0162353515625
-0.0256195068359375 -0.0976104736328125 0.0159921646118164 -0.00565338134765626
-0.022796630859375 -0.09368896484375 0.0103130340576172 0.0239181518554687
-0.0402908325195312 -0.098541259765625 0.003662109375 0.0361900329589844
-0.0115814208984375 -0.0993194580078125 -0.0200347900390625 0.0463905334472656
0.04937744140625 -0.0966339111328125 -0.0329208374023438 0.0353012084960937
0.100349426269531 -0.0478057861328125 -0.0429153442382812 -0.00383377075195313
0.112197875976563 0.0667953491210938 -0.0256977081298828 -0.0336208343505859
0.0605545043945312 0.119651794433594 0.0205345153808594 -0.0180511474609375
-0.0146484375 0.148834228515625 -0.0117607116699219 0.0628318786621094
-0.0581130981445313 0.0861968994140625 0.0540542602539062 0.131568908691406
-0.03082275390625 0.102043151855469 0.0161285400390625 0.127433776855469
0.041107177734375 0.112777709960937 0.0165939331054688 0.109039306640625
0.0901412963867188 0.0405197143554688 0.0474700927734375 0.083465576171875
0.0853347778320313 -0.0246124267578125 0.0521354675292969 0.0453529357910156
0.0299224853515625 -0.0769424438476563 0.0381088256835938 0.0177192687988281
-0.0155715942382813 -0.08245849609375 0.0300197601318359 0.0255184173583984
-0.0148239135742187 -0.0799560546875 0.0257377624511719 0.0478591918945312
-0.029510498046875 -0.0871734619140625 0.0183486938476562 0.0621910095214844
-0.00542449951171874 -0.0875320434570313 -0.0129241943359375 0.0721664428710938
0.0498504638671875 -0.0817947387695312 -0.0333099365234375 0.0565757751464844
0.0903778076171875 -0.0315780639648438 -0.0490341186523437 0.0122451782226563
0.0858383178710938 0.0719223022460938 -0.0303001403808594 -0.0241909027099609
0.0261611938476563 0.107643127441406 0.0248813629150391 0.00441169738769532
-0.0406341552734375 0.108238220214844 -0.0216217041015625 0.10302734375
-0.0626564025878906 0.0142593383789062 0.038330078125 0.153839111328125
-0.0507316589355469 0.04833984375 0.0131988525390625 0.138595581054688
-0.00279998779296875 0.0756149291992187 0.00878906250000001 0.09967041015625
0.0455741882324219 0.0396461486816406 0.029541015625 0.0839996337890625
0.0538291931152344 -0.003570556640625 0.0353431701660156 0.0578842163085938
0.0256881713867188 -0.0453948974609375 0.0358810424804688 0.0412406921386719
-0.003204345703125 -0.0543098449707031 0.0405120849609375 0.0489921569824219
-0.00444412231445313 -0.054931640625 0.0371131896972656 0.064453125
-0.0138778686523437 -0.0634803771972656 0.028778076171875 0.0829849243164063
0.00272750854492187 -0.0641593933105469 -0.00931549072265626 0.0930557250976563
0.044708251953125 -0.05682373046875 -0.0382843017578125 0.0723114013671875
0.0703048706054688 -0.013092041015625 -0.0583381652832031 0.024627685546875
0.0506362915039063 0.0684280395507812 -0.0376663208007813 -0.0191383361816406
-0.0113449096679688 0.08123779296875 0.0206298828125 0.0206756591796875
-0.0609893798828125 0.0527572631835938 -0.0394668579101563 0.127609252929688
0.0661430358886719 0.0204544067382813 0.041351318359375 -0.141921997070312
0.03045654296875 -0.0414848327636719 -0.0163688659667969 -0.0337047576904297
-0.0169792175292969 -0.0415191650390625 0.0463752746582031 0.0275230407714844
-0.0371894836425781 -0.00809860229492188 0.0863265991210938 -0.0216293334960938
-0.0282230377197266 0.0189151763916016 0.0592498779296875 -0.0799942016601563
-0.00638961791992188 0.0346031188964844 0.00753021240234375 -0.10845947265625
-0.00151443481445313 0.0271873474121094 -0.04254150390625 -0.0988540649414063
-0.0047760009765625 0.0210323333740234 -0.044708251953125 -0.07379150390625
-0.007781982421875 0.0219497680664063 -0.0463066101074219 -0.05987548828125
-0.0185737609863281 0.0100059509277344 -0.0366668701171875 -0.0592613220214844
-0.02105712890625 -0.0138607025146484 -0.0326766967773438 -0.0638809204101563
0.00358963012695312 -0.0392646789550781 -0.0219802856445313 -0.0847549438476562
0.0467567443847656 -0.0258674621582031 0.00167083740234376 -0.101295471191406
0.0696601867675781 0.0121269226074219 -0.00962829589843748 -0.13525390625
0.0663566589355469 0.0533332824707031 -0.0206146240234375 -0.16436767578125
0.0622711181640625 0.0877304077148438 0.0646209716796875 -0.130241394042969
0.052825927734375 0.0102882385253906 -0.00393867492675781 -0.0298728942871094
0.0331707000732422 -0.0140285491943359 0.0542221069335938 0.0387306213378906
0.00728607177734375 -0.0195140838623047 0.0998764038085937 -0.015716552734375
-0.00165367126464844 -0.0129184722900391 0.073699951171875 -0.080474853515625
-0.00925445556640625 -0.00556659698486328 0.0128860473632812 -0.114166259765625
-0.0191612243652344 -0.0103111267089844 -0.0410308837890625 -0.100990295410156
-0.0161676406860352 -0.0160694122314453 -0.0426254272460937 -0.0697059631347656
-0.0215110778808594 -0.0175304412841797 -0.0451240539550781 -0.0565872192382813
-0.0141792297363281 -0.0275344848632813 -0.0392723083496094 -0.0534934997558594
0.00743484497070313 -0.0414047241210938 -0.0340538024902344 -0.0552215576171875
0.046051025390625 -0.0409202575683594 -0.0241928100585937 -0.0775604248046875
0.08111572265625 0.0126113891601563 -0.0048675537109375 -0.0900421142578125
0.0843353271484375 0.0626983642578125 -0.01141357421875 -0.11859130859375
0.0581741333007813 0.116111755371094 -0.0144729614257812 -0.138069152832031
0.04412841796875 0.143508911132813 0.082763671875 -0.09619140625
0.0619659423828125 0.0676689147949219 0.00881195068359375 -0.0105352401733398
0.08013916015625 0.0263519287109375 0.058868408203125 0.058624267578125
0.0580406188964844 -0.0224075317382813 0.109268188476563 0.001190185546875
0.033416748046875 -0.0419845581054687 0.0879745483398438 -0.0677642822265625
-0.0050811767578125 -0.0464134216308594 0.0222396850585937 -0.107284545898438
-0.0307426452636719 -0.0479354858398438 -0.0322723388671875 -0.09136962890625
-0.0243339538574219 -0.0517845153808594 -0.0347099304199219 -0.0548324584960938
-0.0336036682128906 -0.0542488098144531 -0.0391693115234375 -0.0414314270019531
-0.0139236450195313 -0.0613021850585938 -0.0403213500976563 -0.0349578857421875
0.0270767211914063 -0.0690765380859375 -0.037872314453125 -0.0375137329101563
0.0774993896484375 -0.0493927001953125 -0.0321273803710937 -0.0641250610351563
0.110885620117188 0.0358200073242188 -0.0131607055664062 -0.076812744140625
0.0970535278320313 0.0969696044921875 -0.00946807861328125 -0.095306396484375
0.04803466796875 0.158615112304688 -0.0123291015625 -0.0939559936523438
0.0162200927734375 0.176651000976563 0.0920181274414062 -0.041473388671875
0.0548248291015625 0.117050170898437 0.0185012817382813 0.0228424072265625
0.110816955566406 0.0722503662109375 0.0570144653320313 0.0822677612304688
0.102027893066406 -0.0133819580078125 0.109138488769531 0.0269622802734375
0.0684700012207031 -0.059356689453125 0.0949249267578125 -0.0425796508789063
0.0049285888671875 -0.0797576904296875 0.0326614379882813 -0.0865707397460938
-0.0362548828125 -0.0778656005859375 -0.0182418823242188 -0.0699691772460938
-0.0288467407226563 -0.0786972045898438 -0.0219345092773438 -0.0313720703125
-0.0424880981445312 -0.081207275390625 -0.0281982421875 -0.0179290771484375
-0.0159454345703125 -0.0858993530273438 -0.0372581481933594 -0.00918197631835938
0.0378494262695313 -0.0910263061523438 -0.0385360717773438 -0.013458251953125
0.0951766967773438 -0.0585708618164063 -0.0377998352050781 -0.0451087951660156
0.128868103027344 0.0472030639648438 -0.0200614929199219 -0.0618667602539063
0.101165771484375 0.114326477050781 -0.00142288208007812 -0.0695419311523437
0.0335693359375 0.178451538085938 -0.0104637145996094 -0.0411643981933594
-0.0155181884765625 0.1778564453125 0.0875244140625 0.023590087890625
0.03076171875 0.143707275390625 0.0221214294433594 0.0631065368652344
0.113227844238281 0.111114501953125 0.0465927124023438 0.102432250976562
0.126701354980469 0.006622314453125 0.0967864990234375 0.0544281005859375
0.0943984985351562 -0.06072998046875 0.0911483764648438 -0.00907135009765626
0.016937255859375 -0.0975265502929688 0.0390815734863281 -0.0542449951171875
-0.0353469848632812 -0.0957794189453125 -0.000812530517578123 -0.0400886535644531
-0.0292129516601562 -0.0939865112304688 -0.00566864013671875 -0.00346660614013672
-0.0467758178710937 -0.0966110229492188 -0.0131826400756836 0.0101728439331055
-0.0167160034179687 -0.099334716796875 -0.0296230316162109 0.0190505981445312
0.0438613891601563 -0.10125732421875 -0.0365829467773438 0.0119056701660156
0.102066040039062 -0.0592727661132812 -0.0416374206542969 -0.0244407653808594
0.129508972167969 0.0563430786132812 -0.0240707397460937 -0.0478706359863281
0.0891876220703125 0.122055053710937 0.010894775390625 -0.0435829162597656
0.0131378173828125 0.17523193359375 -0.00909042358398438 0.013615608215332
-0.041961669921875 0.146820068359375 0.0753707885742188 0.0847625732421875
-0.00212097167968748 0.139533996582031 0.0208969116210937 0.101058959960938
0.0872650146484375 0.127754211425781 0.0311660766601563 0.113014221191406
0.122108459472656 0.0279083251953125 0.0743484497070313 0.0751266479492188
0.101829528808594 -0.0476837158203125 0.0755233764648438 0.0227279663085937
0.0262451171875 -0.096923828125 0.0410308837890625 -0.0172920227050781
-0.0285186767578125 -0.097015380859375 0.0161542892456055 -0.00616836547851563
-0.02520751953125 -0.0946884155273438 0.0112342834472656 0.0240402221679687
-0.04315185546875 -0.0991439819335938 0.00324249267578125 0.0380592346191406
-0.013824462890625 -0.0994338989257813 -0.0208740234375 0.04754638671875
0.04779052734375 -0.0986557006835937 -0.0339088439941406 0.0354156494140625
0.100761413574219 -0.050140380859375 -0.0448455810546875 -0.00469970703125
0.115089416503906 0.0660934448242188 -0.0272941589355469 -0.035247802734375
0.0628280639648438 0.120674133300781 0.0203914642333984 -0.0197925567626953
-0.012847900390625 0.151901245117188 -0.0117645263671875 0.0636787414550781
-0.0582351684570313 0.0888519287109375 0.056488037109375 0.1319580078125
-0.0314254760742187 0.104415893554688 0.015777587890625 0.128372192382813
0.0447769165039063 0.114883422851563 0.0168228149414063 0.111686706542969
0.0924148559570313 0.0401229858398438 0.049468994140625 0.0853042602539063
0.0868377685546875 -0.0270614624023438 0.0545082092285156 0.0460548400878906
0.0289077758789063 -0.0780105590820313 0.0386314392089844 0.0167655944824219
-0.0177230834960938 -0.082733154296875 0.0309391021728516 0.0253562927246094
-0.0172042846679687 -0.0809707641601563 0.027252197265625 0.0484123229980469
-0.03240966796875 -0.0875778198242188 0.0187606811523438 0.0637397766113281
-0.00730133056640624 -0.0882415771484375 -0.0132522583007812 0.0739898681640625
0.048614501953125 -0.08392333984375 -0.0342292785644531 0.0572853088378906
0.0912017822265625 -0.0339889526367188 -0.0510787963867187 0.0116996765136719
0.0890121459960937 0.072235107421875 -0.0317802429199219 -0.0258388519287109
0.0276107788085937 0.108901977539063 0.0253829956054688 0.00217056274414063
-0.0399246215820313 0.110786437988281 -0.0209274291992188 0.10455322265625
-0.0643539428710938 0.0157508850097656 0.0406646728515625 0.155441284179687
-0.0514907836914063 0.0499229431152344 0.0132904052734375 0.140266418457031
-0.000427246093749996 0.0777130126953125 0.00886535644531251 0.102249145507813
0.0477523803710938 0.0390167236328125 0.0312271118164063 0.0859832763671875
0.055419921875 -0.005462646484375 0.0376548767089844 0.0590667724609375
0.0247879028320313 -0.0467872619628906 0.0374259948730469 0.0413436889648438
-0.0054779052734375 -0.0549278259277344 0.0420722961425781 0.0486907958984375
-0.0066680908203125 -0.055938720703125 0.0388298034667969 0.0650711059570313
-0.0164222717285156 -0.0640182495117188 0.0298843383789063 0.0844802856445313
0.00107955932617187 -0.0652351379394531 -0.00923919677734376 0.0948028564453125
0.0439643859863281 -0.0592842102050781 -0.0390243530273437 0.0733718872070313
0.0716094970703125 -0.01483154296875 -0.0599517822265625 0.0244827270507813
0.0534858703613281 0.0688972473144531 -0.0397109985351563 -0.020599365234375
-0.0109710693359375 0.0835647583007813 0.0213871002197266 0.0189762115478516
-0.0615577697753906 0.0543403625488281 -0.0378799438476563 0.129844665527344
0.0695877075195313 0.0189323425292969 0.038970947265625 -0.148178100585937
0.0302810668945313 -0.0442771911621094 -0.0184688568115234 -0.032806396484375
-0.0196342468261719 -0.0423851013183594 0.0498428344726563 0.028656005859375
-0.0396003723144531 -0.006561279296875 0.0906448364257813 -0.023681640625
-0.0295581817626953 0.0217056274414063 0.0612869262695312 -0.0836334228515625
-0.00492477416992187 0.0366134643554687 0.00688934326171876 -0.112991333007813
0.000429153442382811 0.0283374786376953 -0.0461883544921875 -0.102256774902344
-0.00356101989746094 0.0223045349121094 -0.048187255859375 -0.0767364501953125
-0.00669097900390625 0.0226669311523438 -0.0495719909667969 -0.0617256164550781
-0.0182971954345703 0.0112533569335938 -0.0397567749023438 -0.0611190795898438
-0.0216922760009766 -0.0128574371337891 -0.0359344482421875 -0.0667572021484375
0.00181961059570313 -0.0408821105957031 -0.0253448486328125 -0.0890350341796875
0.0469856262207031 -0.0284843444824219 0.00104522705078126 -0.105995178222656
0.0723800659179688 0.0111160278320313 -0.0113906860351563 -0.140525817871094
0.0707855224609375 0.0537033081054688 -0.0250396728515625 -0.169967651367188
0.0673294067382813 0.0887603759765625 0.0633163452148438 -0.137199401855469
0.0548095703125 0.009185791015625 -0.00607490539550781 -0.0289363861083984
0.0333309173583984 -0.0154953002929687 0.0588188171386719 0.040863037109375
0.00592803955078125 -0.0196304321289063 0.104225158691406 -0.0177230834960938
-0.00251865386962891 -0.0130195617675781 0.0762100219726563 -0.0845947265625
-0.00893497467041016 -0.00435161590576172 0.01220703125 -0.119216918945313
-0.0185680389404297 -0.00926589965820313 -0.0445098876953125 -0.104270935058594
-0.0159921646118164 -0.0158853530883789 -0.0457992553710938 -0.0721359252929688
-0.0214958190917969 -0.0172615051269531 -0.0487251281738281 -0.0581741333007813
-0.0141963958740234 -0.0270767211914063 -0.0422782897949219 -0.0545463562011719
0.00728225708007813 -0.0416641235351562 -0.0374641418457031 -0.0582809448242188
0.0462379455566406 -0.0431137084960938 -0.027984619140625 -0.081817626953125
0.0839157104492188 0.0109710693359375 -0.00545501708984375 -0.0944900512695313
0.0886077880859375 0.0626678466796875 -0.0132369995117188 -0.123374938964844
0.0636672973632813 0.118988037109375 -0.019256591796875 -0.143035888671875
0.0500946044921875 0.147628784179687 0.0829238891601563 -0.102371215820312
0.0655746459960938 0.0688133239746094 0.0069580078125 -0.00910282135009765
0.083831787109375 0.025421142578125 0.0642623901367188 0.0617599487304687
0.0583686828613281 -0.0241317749023438 0.115165710449219 -0.000411987304687501
0.032989501953125 -0.0436134338378906 0.0915756225585937 -0.0723876953125
-0.0054473876953125 -0.0467605590820313 0.0214767456054688 -0.112586975097656
-0.032318115234375 -0.0474967956542969 -0.0353317260742187 -0.0945053100585938
-0.0263175964355469 -0.0527000427246094 -0.0366897583007813 -0.0561447143554687
-0.0356025695800781 -0.0543022155761719 -0.0421371459960938 -0.0420341491699219
-0.01446533203125 -0.0619392395019531 -0.0432090759277344 -0.0354194641113281
0.0265274047851563 -0.0713119506835938 -0.0413360595703125 -0.0393180847167969
0.078948974609375 -0.0526275634765625 -0.0354766845703125 -0.0676994323730469
0.115470886230469 0.0342178344726563 -0.0147781372070312 -0.0803070068359375
0.102149963378906 0.0981597900390625 -0.010955810546875 -0.0997085571289063
0.0538482666015625 0.163894653320313 -0.015380859375 -0.0974044799804687
0.021209716796875 0.183135986328125 0.0934677124023438 -0.04571533203125
0.058441162109375 0.120857238769531 0.0175094604492188 0.0248279571533203
0.117530822753906 0.0720901489257813 0.0623397827148438 0.0864410400390625
0.104942321777344 -0.0157241821289063 0.115570068359375 0.0267868041992188
0.0691299438476563 -0.0630722045898438 0.0991592407226563 -0.0458526611328125
0.003387451171875 -0.0814361572265625 0.0320663452148437 -0.0908050537109375
-0.03912353515625 -0.0785751342773437 -0.020233154296875 -0.0729293823242188
-0.0317535400390625 -0.0806961059570313 -0.0229358673095703 -0.0323505401611328
-0.0460357666015625 -0.0822677612304688 -0.0302639007568359 -0.0172595977783203
-0.017791748046875 -0.0874404907226563 -0.0396270751953125 -0.0087890625
0.0368499755859375 -0.0943069458007813 -0.0416717529296875 -0.0144195556640625
0.0971450805664063 -0.0626449584960938 -0.0415687561035156 -0.0482711791992188
0.1341552734375 0.0460433959960938 -0.0223274230957031 -0.0651473999023438
0.106788635253906 0.116432189941406 -0.00267028808593749 -0.0731201171875
0.03973388671875 0.185150146484375 -0.0118331909179687 -0.0427322387695312
-0.0117950439453125 0.185440063476562 0.0914154052734375 0.0213470458984375
0.0341033935546875 0.1497802734375 0.0217819213867188 0.0660247802734375
0.120956420898438 0.1129150390625 0.0516891479492188 0.107795715332031
0.131080627441406 0.0037841796875 0.103347778320313 0.05584716796875
0.096466064453125 -0.0658416748046875 0.09588623046875 -0.0118789672851563
0.0152359008789063 -0.100845336914062 0.039337158203125 -0.0574836730957031
-0.0386123657226563 -0.0965805053710938 -0.00220489501953125 -0.0415420532226563
-0.0326995849609375 -0.0965576171875 -0.00554418563842774 -0.00407695770263672
-0.051025390625 -0.0983352661132813 -0.0140857696533203 0.0114469528198242
-0.0193328857421875 -0.100906372070312 -0.0313796997070313 0.0211315155029297
0.0426483154296875 -0.105667114257812 -0.038909912109375 0.0119552612304687
0.1043701171875 -0.0637969970703125 -0.0455741882324219 -0.0264663696289063
0.135932922363281 0.0556259155273437 -0.0265846252441406 -0.0503120422363281
0.09442138671875 0.124282836914062 0.0101776123046875 -0.046905517578125
0.017669677734375 0.182403564453125 -0.00967788696289062 0.0144672393798828
-0.04010009765625 0.153518676757813 0.07940673828125 0.085479736328125
0.000122070312500005 0.145660400390625 0.0212326049804688 0.104545593261719
0.0940322875976563 0.1314697265625 0.03521728515625 0.119216918945313
0.1270751953125 0.0267410278320313 0.0796737670898438 0.078125
0.104507446289063 -0.0527267456054688 0.0802078247070313 0.0218582153320313
0.0249710083007812 -0.100456237792969 0.0418472290039063 -0.0186920166015625
-0.0321578979492187 -0.0985870361328125 0.0165472030639648 -0.00714874267578126
-0.0291213989257813 -0.0973663330078125 0.0126762390136719 0.0245513916015625
-0.04766845703125 -0.100456237792969 0.003692626953125 0.0404205322265625
-0.0166549682617188 -0.101669311523438 -0.0215797424316406 0.0506629943847656
0.046295166015625 -0.103485107421875 -0.0358047485351563 0.0369758605957031
0.103050231933594 -0.0547943115234375 -0.0480117797851563 -0.00563430786132814
0.121437072753906 0.0662689208984375 -0.030029296875 -0.0373344421386719
0.0670623779296875 0.124183654785156 0.0211639404296875 -0.0222816467285156
-0.00953674316406251 0.15869140625 -0.0110588073730469 0.0659866333007813
-0.0589523315429688 0.0936508178710938 0.0610122680664063 0.135414123535156
-0.0309677124023438 0.110122680664063 0.0167770385742187 0.132537841796875
0.0497817993164063 0.119384765625 0.019805908203125 0.117713928222656
0.0973358154296875 0.0395431518554688 0.053802490234375 0.0888137817382813
0.0900955200195313 -0.031097412109375 0.0587501525878906 0.0468368530273438
0.0280532836914063 -0.0816726684570313 0.0403366088867188 0.0170326232910156
-0.0214767456054687 -0.0840377807617188 0.0322666168212891 0.0258636474609375
-0.0208206176757813 -0.0839767456054688 0.0298690795898438 0.0494346618652344
-0.0361404418945312 -0.089691162109375 0.0208473205566406 0.067047119140625
-0.010009765625 -0.0905914306640625 -0.0131454467773437 0.0776748657226563
0.0474090576171875 -0.0888214111328125 -0.0355796813964844 0.0590019226074219
0.0942611694335938 -0.0380325317382813 -0.0538520812988281 0.0121574401855469
0.095184326171875 0.07330322265625 -0.0344772338867187 -0.0274486541748047
0.0302200317382813 0.1131591796875 0.0263042449951172 0.000141143798828132
-0.0390472412109375 0.116401672363281 -0.0197677612304688 0.108787536621094
-0.0670166015625 0.0183258056640625 0.04522705078125 0.159332275390625
-0.0528602600097656 0.0539588928222656 0.015045166015625 0.144485473632813
0.0020599365234375 0.0816268920898438 0.0105514526367187 0.107032775878906
0.0505027770996094 0.0390892028808594 0.03424072265625 0.0900650024414063
0.0580825805664063 -0.007904052734375 0.0411834716796875 0.0609779357910156
0.0247726440429688 -0.0494155883789062 0.0391502380371094 0.0424995422363281
-0.00835418701171875 -0.0563201904296875 0.0446319580078125 0.0491905212402344
-0.00940322875976562 -0.0583763122558594 0.0424385070800781 0.0665626525878906
-0.01934814453125 -0.0663261413574219 0.032867431640625 0.0881881713867188
-0.00136566162109375 -0.0676803588867187 -0.0080413818359375 0.0994110107421875
0.0432624816894531 -0.0636672973632813 -0.0401763916015625 0.0768280029296875
0.074462890625 -0.017608642578125 -0.0629768371582031 0.0258941650390625
0.0579833984375 0.0710830688476563 -0.0426483154296875 -0.0219497680664063
-0.009735107421875 0.087890625 0.0225963592529297 0.0175609588623047
-0.0640068054199219 0.058197021484375 -0.0373382568359375 0.135978698730469
0.07452392578125 0.0150680541992188 0.0327911376953125 -0.156463623046875
0.0290412902832031 -0.0477027893066406 -0.0212039947509766 -0.0311508178710938
-0.0232658386230469 -0.0433273315429688 0.054046630859375 0.0289878845214844
-0.0424232482910156 -0.00398635864257812 0.0950546264648438 -0.0280990600585938
-0.0304450988769531 0.0253849029541016 0.0610733032226563 -0.0897140502929688
-0.00210952758789062 0.0393562316894531 0.00329589843749999 -0.1192626953125
0.00351905822753906 0.0292282104492187 -0.0528030395507812 -0.104415893554688
-0.00210762023925781 0.0234203338623047 -0.054595947265625 -0.0777740478515625
-0.00493621826171875 0.0237369537353516 -0.0555610656738281 -0.0626602172851563
-0.0168638229370117 0.0127153396606445 -0.0448532104492188 -0.0622749328613281
-0.0225830078125 -0.0112876892089844 -0.04193115234375 -0.0692977905273438
-0.001007080078125 -0.0424041748046875 -0.031463623046875 -0.0931396484375
0.0472450256347656 -0.0322647094726563 -0.00178527832031249 -0.111610412597656
0.0760879516601563 0.0074005126953125 -0.0169830322265625 -0.146697998046875
0.0772247314453125 0.0522308349609375 -0.034423828125 -0.175872802734375
0.0756454467773438 0.088348388671875 0.0579071044921875 -0.147216796875
0.0569381713867188 0.006683349609375 -0.00901985168457031 -0.0279502868652344
0.0335311889648438 -0.0180435180664063 0.0645828247070313 0.0412101745605469
0.00418472290039063 -0.0199813842773437 0.109794616699219 -0.0224761962890625
-0.00412082672119141 -0.0118484497070313 0.0766372680664063 -0.0917587280273438
-0.00800466537475586 -0.00312566757202148 0.00797271728515625 -0.125534057617188
-0.0181293487548828 -0.00811958312988281 -0.0517730712890625 -0.106452941894531
-0.0170621871948242 -0.0154542922973633 -0.0519180297851563 -0.0739212036132813
-0.0225543975830078 -0.0166053771972656 -0.0542259216308594 -0.0584335327148437
-0.0142669677734375 -0.0271453857421875 -0.04742431640625 -0.0555763244628906
0.00616455078125 -0.0428504943847656 -0.0433998107910156 -0.0598526000976563
0.0453605651855469 -0.0471000671386719 -0.03411865234375 -0.0862503051757813
0.0873184204101563 0.007293701171875 -0.00896453857421876 -0.0994644165039063
0.094818115234375 0.0606231689453125 -0.0186386108398437 -0.128875732421875
0.0732498168945313 0.121139526367188 -0.0276947021484375 -0.148605346679688
0.0604400634765625 0.151336669921875 0.0801162719726562 -0.111686706542969
0.0710525512695312 0.0690078735351562 0.00456619262695313 -0.00779342651367187
0.0882110595703125 0.0220184326171875 0.0716629028320313 0.063079833984375
0.0592842102050781 -0.027099609375 0.121566772460937 -0.0045166015625
0.0314140319824219 -0.0467872619628906 0.0936355590820313 -0.0797576904296875
-0.0074310302734375 -0.0473175048828125 0.0176544189453125 -0.1185302734375
-0.0347824096679688 -0.0468902587890625 -0.04156494140625 -0.0969314575195312
-0.0291328430175781 -0.0531806945800781 -0.0413551330566406 -0.0580863952636719
-0.0392341613769531 -0.0547981262207031 -0.0466804504394531 -0.0417098999023437
-0.0165939331054687 -0.0629768371582031 -0.0478591918945313 -0.0353126525878906
0.0246810913085937 -0.0739822387695313 -0.0467033386230469 -0.0399246215820313
0.0796585083007813 -0.0587234497070313 -0.0418167114257812 -0.0713577270507813
0.121490478515625 0.0304718017578125 -0.0185470581054687 -0.0846405029296875
0.110504150390625 0.0972671508789062 -0.0152969360351562 -0.104560852050781
0.0651397705078125 0.16912841796875 -0.0213623046875 -0.100784301757813
0.032501220703125 0.190048217773438 0.0942306518554688 -0.053192138671875
0.0667343139648438 0.124275207519531 0.0165596008300781 0.0262699127197266
0.127120971679688 0.0693511962890625 0.0710983276367188 0.0891036987304687
0.108123779296875 -0.0211563110351563 0.123649597167969 0.0237655639648438
0.0685577392578125 -0.0695228576660156 0.102806091308594 -0.0531387329101563
3.81469726562481E-05 -0.083404541015625 0.0294876098632812 -0.0967254638671875
-0.0440139770507812 -0.078582763671875 -0.0252304077148438 -0.0750274658203125
-0.0373458862304688 -0.08233642578125 -0.0255603790283203 -0.0332775115966797
-0.052154541015625 -0.0830307006835938 -0.0329761505126953 -0.0166378021240234
-0.0223312377929688 -0.0889739990234375 -0.0426216125488281 -0.00708770751953126
0.0336151123046875 -0.098663330078125 -0.045806884765625 -0.0137901306152344
0.098052978515625 -0.0700759887695313 -0.0477676391601562 -0.0503273010253906
0.142288208007812 0.04156494140625 -0.0262069702148437 -0.0683250427246094
0.116256713867188 0.116462707519531 -0.005615234375 -0.0776443481445312
0.0509185791015625 0.192352294921875 -0.0152015686035156 -0.0440673828125
-0.00215148925781252 0.1947021484375 0.0952224731445313 0.0166015625
0.0417633056640625 0.155227661132813 0.0233917236328125 0.0687942504882813
0.13299560546875 0.111824035644531 0.0606918334960938 0.112190246582031
0.137199401855469 -0.00177764892578125 0.11187744140625 0.0546875
0.097564697265625 -0.0736923217773438 0.1007080078125 -0.0175323486328125
0.0109634399414062 -0.104637145996094 0.0384941101074219 -0.061920166015625
-0.0448532104492188 -0.0973434448242188 -0.00468826293945312 -0.0438308715820313
-0.0392684936523437 -0.0990982055664063 -0.00554704666137696 -0.0045008659362793
-0.0580978393554687 -0.0991897583007813 -0.0144491195678711 0.013606071472168
-0.0250167846679688 -0.103240966796875 -0.0327949523925781 0.0242137908935547
0.0381851196289063 -0.111656188964844 -0.0415687561035156 0.0135040283203125
0.105796813964844 -0.071990966796875 -0.0506362915039063 -0.0276718139648437
0.144775390625 0.0514984130859375 -0.0304298400878906 -0.0521812438964844
0.103919982910156 0.125289916992187 0.00845718383789063 -0.0506973266601562
0.027435302734375 0.190383911132813 -0.00974559783935547 0.0151262283325195
-0.0342254638671875 0.163223266601563 0.0860366821289063 0.0842056274414063
0.00582885742187501 0.153060913085938 0.0243453979492188 0.108505249023438
0.105979919433594 0.1336669921875 0.0435714721679688 0.124626159667969
0.134391784667969 0.0217208862304687 0.0882492065429688 0.0788497924804688
0.106819152832031 -0.0608062744140625 0.0861434936523438 0.0189437866210937
0.02105712890625 -0.105354309082031 0.0432777404785156 -0.0217170715332031
-0.038726806640625 -0.0999069213867187 0.016270637512207 -0.00840854644775391
-0.0357437133789062 -0.0999374389648438 0.0151290893554687 0.024566650390625
-0.0549468994140625 -0.102317810058594 0.00534057617187499 0.0431632995605469
-0.02252197265625 -0.104660034179688 -0.0211257934570313 0.0548171997070312
0.041900634765625 -0.110206604003906 -0.0372848510742187 0.0392112731933594
0.105369567871094 -0.0623703002929687 -0.0522956848144531 -0.00522232055664063
0.130805969238281 0.0635910034179688 -0.0339546203613281 -0.0385246276855469
0.0755767822265625 0.126434326171875 0.0210704803466797 -0.0257511138916016
-0.00279235839843751 0.166854858398438 -0.00897216796875 0.0699272155761719
-0.0575027465820313 0.101432800292969 0.0694656372070313 0.1365966796875
-0.0282516479492188 0.117469787597656 0.021240234375 0.137771606445313
0.0592117309570313 0.122886657714844 0.025909423828125 0.1236572265625
0.103080749511719 0.0372848510742188 0.0612335205078125 0.091644287109375
0.0927505493164063 -0.0379180908203125 0.0648651123046875 0.0461959838867188
0.0247726440429688 -0.0866165161132813 0.0427818298339844 0.0154609680175781
-0.0270004272460937 -0.0858001708984375 0.0346469879150391 0.0247287750244141
-0.0268402099609375 -0.0867462158203125 0.0341224670410156 0.0499763488769531
-0.0431900024414063 -0.0916519165039063 0.0243644714355469 0.0701713562011719
-0.0155715942382813 -0.093170166015625 -0.0111618041992188 0.0825347900390625
0.0438003540039062 -0.0952835083007812 -0.0356254577636719 0.0627861022949219
0.0967178344726563 -0.0449066162109375 -0.0563850402832031 0.0140800476074219
0.103523254394531 0.0723724365234375 -0.0384902954101562 -0.0278205871582031
0.0366439819335937 0.117042541503906 0.0274181365966797 -0.00276565551757812
-0.0353012084960938 0.124092102050781 -0.0156326293945313 0.114921569824219
-0.0692062377929688 0.0227737426757813 0.0542449951171875 0.1634521484375
-0.052886962890625 0.0594558715820312 0.0204620361328125 0.1497802734375
0.00754547119140626 0.0855789184570313 0.014617919921875 0.112274169921875
0.0551910400390625 0.0386276245117188 0.0405807495117188 0.09326171875
0.0605354309082031 -0.0122337341308594 0.047088623046875 0.062103271484375
0.0228652954101563 -0.0527725219726562 0.0428123474121094 0.0424003601074219
-0.0125274658203125 -0.0579414367675781 0.0489311218261719 0.0487823486328125
-0.0141525268554688 -0.0602912902832031 0.0479736328125 0.0674972534179688
-0.0248527526855469 -0.0683174133300781 0.0388717651367187 0.0914764404296875
-0.00560760498046875 -0.0704421997070313 -0.00450897216796876 0.105300903320313
0.0409355163574219 -0.0696868896484375 -0.0396194458007813 0.0815353393554687
0.0771713256835938 -0.0225906372070313 -0.0654678344726563 0.0289039611816406
0.0656356811523438 0.0719680786132813 -0.0467338562011719 -0.0216751098632812
-0.00572204589843749 0.0928955078125 0.0246696472167969 0.0157623291015625
-0.0639572143554687 0.0640945434570313 -0.03240966796875 0.143234252929688
0.077972412109375 0.0093841552734375 0.0216064453125 -0.16302490234375
0.0262565612792969 -0.0519905090332031 -0.0244064331054688 -0.02850341796875
-0.0276985168457031 -0.0427665710449219 0.0590591430664063 0.02642822265625
-0.0444793701171875 0.000225067138671879 0.0972671508789063 -0.0348587036132813
-0.0290069580078125 0.0304985046386719 0.058258056640625 -0.0962371826171875
0.00242233276367187 0.0407791137695313 -0.00308990478515625 -0.123832702636719
0.00799560546875 0.0291423797607422 -0.0615768432617187 -0.104118347167969
0.000837326049804688 0.0235652923583984 -0.0624237060546875 -0.076507568359375
-0.00226593017578125 0.0244255065917969 -0.0623893737792969 -0.0606040954589844
-0.0156154632568359 0.0146389007568359 -0.0511245727539062 -0.0612297058105469
-0.0234642028808594 -0.00902938842773438 -0.0492897033691406 -0.0690231323242188
-0.00538253784179688 -0.0434112548828125 -0.039642333984375 -0.0947113037109375
0.0455093383789063 -0.0367660522460938 -0.00804138183593749 -0.116363525390625
0.0787811279296875 0.002105712890625 -0.026123046875 -0.149688720703125
0.0837631225585938 0.0480270385742188 -0.0482177734375 -0.177764892578125
0.0847854614257813 0.0846328735351563 0.0480499267578125 -0.154495239257813
0.0586280822753906 0.002655029296875 -0.0117626190185547 -0.0256690979003906
0.0326480865478516 -0.0209541320800781 0.0706405639648438 0.0381927490234375
0.00200271606445313 -0.0197963714599609 0.112503051757813 -0.0296554565429687
-0.00528717041015625 -0.0101308822631836 0.0736007690429688 -0.100059509277344
-0.00710391998291016 -0.00138950347900391 0.000877380371093742 -0.129867553710938
-0.017303466796875 -0.00701999664306641 -0.060791015625 -0.106544494628906
-0.0172824859619141 -0.0149192810058594 -0.0586090087890625 -0.0727920532226563
-0.0232620239257812 -0.0152626037597656 -0.0611495971679688 -0.0563621520996094
-0.0153751373291016 -0.0262336730957031 -0.0532264709472656 -0.05401611328125
0.003936767578125 -0.0427627563476562 -0.0502166748046875 -0.0591011047363281
0.0429420471191406 -0.0512351989746094 -0.0422515869140625 -0.0877227783203125
0.0893402099609375 0.00125885009765625 -0.0141754150390625 -0.102851867675781
0.100799560546875 0.0558547973632813 -0.0270919799804688 -0.132072448730469
0.0847930908203125 0.119400024414062 -0.038848876953125 -0.149810791015625
0.07342529296875 0.150466918945312 0.0735015869140625 -0.120918273925781
0.0775833129882813 0.0658493041992188 0.00295734405517579 -0.00642585754394531
0.0927581787109375 0.0157623291015625 0.0800323486328125 0.0607833862304688
0.0577850341796875 -0.0316581726074219 0.126686096191406 -0.0121383666992188
0.0281639099121094 -0.0492134094238281 0.0913467407226562 -0.0893707275390625
-0.00989151000976563 -0.0464973449707031 0.0110321044921875 -0.123748779296875
-0.0376510620117188 -0.045013427734375 -0.0503463745117188 -0.0973052978515625
-0.0333786010742188 -0.0525741577148438 -0.0467910766601562 -0.05718994140625
-0.0430793762207031 -0.0525016784667969 -0.0522613525390625 -0.0391998291015625
-0.0204925537109375 -0.0625228881835938 -0.0525016784667969 -0.0327606201171875
0.0208816528320313 -0.0766220092773438 -0.0522308349609375 -0.0387992858886719
0.0770950317382812 -0.0652694702148438 -0.0498428344726562 -0.0724716186523438
0.127021789550781 0.0234222412109375 -0.0241012573242187 -0.0874786376953125
0.119453430175781 0.0918502807617188 -0.0223541259765625 -0.107460021972656
0.07904052734375 0.169677734375 -0.0298538208007812 -0.101722717285156
0.04693603515625 0.192794799804688 0.091766357421875 -0.0618362426757812
0.0767822265625 0.123184204101562 0.0168704986572266 0.0275783538818359
0.135452270507813 0.0616912841796875 0.0808258056640625 0.087860107421875
0.10931396484375 -0.0291595458984375 0.130363464355469 0.0170516967773437
0.064422607421875 -0.0761337280273438 0.103309631347656 -0.062225341796875
-0.00547027587890625 -0.0843734741210938 0.0242691040039063 -0.101432800292969
-0.04925537109375 -0.07635498046875 -0.0315093994140625 -0.0757064819335938
-0.0437088012695313 -0.082244873046875 -0.0284919738769531 -0.0330944061279297
-0.05902099609375 -0.0806961059570313 -0.0360679626464844 -0.0137977600097656
-0.027984619140625 -0.0889053344726563 -0.0454788208007813 -0.00382995605468751
0.0277099609375 -0.102783203125 -0.0498085021972656 -0.0124397277832031
0.0957183837890625 -0.07916259765625 -0.0546913146972656 -0.0503005981445313
0.149307250976563 0.0331573486328125 -0.0313568115234375 -0.0699691772460938
0.126731872558594 0.112197875976562 -0.0112152099609375 -0.0806961059570313
0.0667877197265625 0.194351196289063 -0.0193405151367187 -0.0436782836914062
0.01141357421875 0.199981689453125 0.0976104736328125 0.00934600830078126
0.053070068359375 0.158004760742188 0.0258903503417969 0.0701065063476563
0.145523071289063 0.105575561523438 0.07135009765625 0.112411499023438
0.140251159667969 -0.0106887817382813 0.120704650878906 0.0498580932617188
0.0943984985351562 -0.083160400390625 0.103652954101563 -0.0250244140625
0.00437164306640625 -0.107490539550781 0.0352592468261719 -0.0663986206054688
-0.0525588989257812 -0.0952987670898438 -0.00833511352539063 -0.0448532104492188
-0.0476150512695313 -0.0987396240234375 -0.00594711303710938 -0.00437021255493165
-0.067596435546875 -0.0967559814453125 -0.0144987106323242 0.0156831741333008
-0.0324783325195313 -0.103279113769531 -0.0328006744384766 0.0281715393066406
0.0310821533203125 -0.116477966308594 -0.0437088012695313 0.0158157348632812
0.103507995605469 -0.0818023681640625 -0.0558395385742187 -0.0266494750976563
0.152938842773438 0.0429840087890625 -0.0353660583496094 -0.0530815124511719
0.114669799804687 0.12200927734375 0.00505828857421876 -0.0543556213378906
0.0423431396484375 0.194808959960938 -0.00949859619140625 0.0168323516845703
-0.024017333984375 0.169998168945313 0.0933380126953125 0.0794143676757813
0.016082763671875 0.158157348632813 0.0295562744140625 0.110687255859375
0.119834899902344 0.129920959472656 0.0536346435546875 0.126113891601563
0.139328002929688 0.01324462890625 0.0973663330078125 0.076416015625
0.104843139648438 -0.0715255737304688 0.0911178588867188 0.0135421752929687
0.0143814086914063 -0.109458923339844 0.0425300598144531 -0.0248832702636719
-0.0469818115234375 -0.098785400390625 0.0154323577880859 -0.00994873046875001
-0.0445404052734375 -0.100578308105469 0.0175380706787109 0.0238723754882812
-0.0651473999023437 -0.1004638671875 0.0085296630859375 0.0446815490722656
-0.0308609008789062 -0.104827880859375 -0.0191535949707031 0.0587882995605469
0.034515380859375 -0.115272521972656 -0.0372657775878906 0.0422630310058594
0.10394287109375 -0.07257080078125 -0.056121826171875 -0.00336837768554688
0.140220642089844 0.056243896484375 -0.0383033752441406 -0.0383110046386719
0.0861282348632813 0.125480651855469 0.0193080902099609 -0.0293216705322266
0.009246826171875 0.172622680664062 -0.00418090820312501 0.0725631713867188
-0.0517120361328125 0.1085205078125 0.0801773071289062 0.134628295898438
-0.0211334228515625 0.123931884765625 0.0284652709960938 0.140312194824219
0.0705413818359375 0.122940063476563 0.035125732421875 0.126235961914063
0.109153747558594 0.0308685302734375 0.06988525390625 0.0910491943359375
0.0926437377929688 -0.046661376953125 0.0708694458007813 0.0434188842773438
0.0194625854492188 -0.0908737182617188 0.0447540283203125 0.0133781433105469
-0.0346832275390625 -0.0847244262695313 0.0365257263183594 0.0228080749511719
-0.0343704223632812 -0.0869903564453125 0.0391044616699219 0.0485153198242187
-0.0524444580078125 -0.0902175903320313 0.0301284790039062 0.07110595703125
-0.0233306884765625 -0.0942153930664063 -0.00600433349609376 0.0875396728515625
0.0367660522460938 -0.101005554199219 -0.0345268249511719 0.066558837890625
0.0961456298828125 -0.0538406372070313 -0.0590972900390625 0.016876220703125
0.112785339355469 0.0668487548828125 -0.0422897338867187 -0.0267677307128906
0.045867919921875 0.118896484375 0.0276260375976563 -0.00611305236816406
-0.0281448364257812 0.131057739257813 -0.00775146484375 0.119140625
-0.0700340270996094 0.02862548828125 0.0670318603515625 0.162872314453125
-0.0505905151367187 0.0654830932617188 0.0290374755859375 0.152206420898438
0.0155258178710938 0.0883255004882813 0.021820068359375 0.116004943847656
0.0596542358398438 0.0356292724609375 0.04852294921875 0.0945281982421875
0.0613632202148438 -0.0180511474609375 0.0537033081054688 0.0605545043945313
0.0191612243652344 -0.056427001953125 0.0470619201660156 0.0407257080078125
-0.0178413391113281 -0.0579452514648437 0.0530853271484375 0.0468902587890625
-0.0199241638183594 -0.0608787536621094 0.05487060546875 0.0658950805664063
-0.0324592590332031 -0.0681304931640625 0.0468521118164063 0.0921707153320312
-0.01190185546875 -0.0719375610351563 0.001953125 0.109588623046875
0.0359573364257813 -0.0746917724609375 -0.0365142822265625 0.0860214233398438
0.0782394409179688 -0.030548095703125 -0.0667152404785156 0.0334663391113281
0.0740890502929688 0.0692825317382813 -0.0504302978515625 -0.0198173522949219
0.0011138916015625 0.0969085693359375 0.0260162353515625 0.0122566223144531
-0.0617446899414063 0.0709991455078125 -0.0231170654296875 0.1494140625
0.078704833984375 0.00274658203125 0.00973510742187501 -0.163009643554687
0.0219154357910156 -0.0539131164550781 -0.0258293151855469 -0.0247268676757813
-0.0315284729003906 -0.0400619506835937 0.0612640380859375 0.0231399536132812
-0.0448150634765625 0.00458145141601562 0.0959320068359375 -0.0410232543945313
-0.0263633728027344 0.0344104766845703 0.0529556274414062 -0.0999603271484375
0.00733184814453125 0.0408592224121094 -0.0103759765625 -0.124809265136719
0.0116500854492187 0.0274639129638672 -0.0687484741210938 -0.0999908447265625
0.00366783142089844 0.02325439453125 -0.0684967041015625 -0.0723800659179688
0.00051116943359375 0.0244216918945313 -0.0674896240234375 -0.055694580078125
-0.012822151184082 0.0155277252197266 -0.0560455322265625 -0.057708740234375
-0.0229282379150391 -0.00634002685546875 -0.0546035766601563 -0.0658187866210938
-0.00945663452148438 -0.0424461364746094 -0.0469818115234375 -0.09283447265625
0.0419654846191406 -0.0400886535644531 -0.014251708984375 -0.117012023925781
0.0782241821289062 -0.00380706787109375 -0.034881591796875 -0.14813232421875
0.0880355834960938 0.0411758422851563 -0.060302734375 -0.172622680664063
0.091064453125 0.07745361328125 0.0358123779296875 -0.157058715820313
0.0582771301269531 -0.00126266479492188 -0.0138645172119141 -0.0223388671875
0.0303001403808594 -0.0231304168701172 0.0746688842773438 0.03411865234375
-0.000188827514648436 -0.0188140869140625 0.111953735351563 -0.0370712280273438
-0.00593185424804687 -0.00789117813110352 0.0675201416015625 -0.104652404785156
-0.00525093078613281 0.000133991241455079 -0.00733184814453125 -0.130943298339844
-0.0160675048828125 -0.00603485107421875 -0.0682907104492188 -0.101646423339844
-0.017338752746582 -0.0139999389648437 -0.0644989013671875 -0.0685882568359375
-0.0230121612548828 -0.0135574340820313 -0.0659637451171875 -0.0515518188476563
-0.0155220031738281 -0.0247516632080078 -0.0582389831542969 -0.0496940612792969
0.0019989013671875 -0.0417823791503906 -0.05584716796875 -0.0562896728515625
0.0379905700683594 -0.0531845092773438 -0.0500640869140625 -0.085968017578125
0.088470458984375 -0.00449371337890625 -0.0201492309570312 -0.103302001953125
0.103652954101563 0.0485076904296875 -0.03558349609375 -0.130157470703125
0.09356689453125 0.112907409667969 -0.0498046875 -0.145660400390625
0.0854339599609375 0.143753051757813 0.062835693359375 -0.125289916992188
0.0817642211914063 0.0608062744140625 0.00109386444091797 -0.00446939468383789
0.093048095703125 0.00862884521484375 0.0856246948242187 0.0554656982421875
0.0546684265136719 -0.03460693359375 0.127540588378906 -0.0203094482421875
0.0242691040039063 -0.049652099609375 0.0859527587890625 -0.095306396484375
-0.0115547180175781 -0.0443992614746094 0.00292968749999999 -0.124305725097656
-0.0388946533203125 -0.0417861938476563 -0.0572280883789063 -0.093505859375
-0.0361862182617188 -0.0506401062011719 -0.0515823364257813 -0.0541915893554687
-0.0463104248046875 -0.0491561889648438 -0.0556602478027344 -0.0352096557617188
-0.0233154296875 -0.0600814819335938 -0.0555992126464844 -0.0287895202636719
0.0161361694335938 -0.0762100219726563 -0.0569229125976563 -0.0357284545898438
0.0718460083007813 -0.070068359375 -0.0571975708007812 -0.0703582763671875
0.127517700195313 0.0142898559570313 -0.0292434692382812 -0.0874557495117188
0.124519348144531 0.0836257934570313 -0.0295562744140625 -0.106269836425781
0.0917205810546875 0.16387939453125 -0.0371856689453125 -0.0984725952148438
0.061614990234375 0.188232421875 0.0856475830078125 -0.06884765625
0.08465576171875 0.118301391601563 0.0168952941894531 0.0282802581787109
0.140052795410156 0.0512008666992188 0.0882644653320313 0.0822677612304687
0.106376647949219 -0.0357818603515625 0.133087158203125 0.00890350341796875
0.0586471557617187 -0.0794525146484375 0.0999069213867188 -0.069244384765625
-0.0103759765625 -0.082855224609375 0.0173187255859375 -0.103279113769531
-0.0536041259765625 -0.0716781616210938 -0.0377578735351563 -0.0731658935546875
-0.0492324829101563 -0.078765869140625 -0.0312004089355469 -0.0315170288085938
-0.0643463134765625 -0.0754776000976563 -0.0374298095703125 -0.0103263854980469
-0.0329132080078125 -0.085784912109375 -0.0465812683105469 -0.000331878662109384
0.0202789306640625 -0.10284423828125 -0.0527725219726562 -0.00907516479492189
0.0894546508789063 -0.0853347778320313 -0.0604820251464844 -0.0478858947753906
0.15118408203125 0.0231781005859375 -0.0358619689941406 -0.0692329406738281
0.1331787109375 0.102828979492188 -0.0164718627929688 -0.0807342529296875
0.0811004638671875 0.189773559570313 -0.0226058959960938 -0.0416488647460937
0.0261993408203125 0.198226928710938 0.0965042114257813 0.00156402587890626
0.06365966796875 0.154830932617188 0.0280914306640625 0.0696983337402344
0.153640747070313 0.09417724609375 0.0797882080078125 0.107460021972656
0.138603210449219 -0.0203018188476563 0.125320434570313 0.0427780151367188
0.087554931640625 -0.0895309448242187 0.102310180664063 -0.0327606201171875
-0.00290679931640624 -0.106597900390625 0.0308914184570313 -0.0684356689453125
-0.0580520629882812 -0.090606689453125 -0.0123023986816406 -0.0441551208496094
-0.0545425415039063 -0.0950775146484375 -0.00645065307617188 -0.0046381950378418
-0.0742340087890625 -0.09075927734375 -0.0136203765869141 0.0176429748535156
-0.0392532348632813 -0.0992813110351563 -0.0316562652587891 0.0308361053466797
0.022430419921875 -0.117233276367188 -0.0447959899902344 0.0186576843261719
0.0971527099609375 -0.0890274047851563 -0.0601654052734375 -0.0241546630859375
0.156219482421875 0.032440185546875 -0.0387458801269531 -0.0517654418945313
0.122856140136719 0.113975524902344 0.0011444091796875 -0.0561637878417969
0.0569000244140625 0.192123413085938 -0.00832366943359374 0.0179347991943359
-0.0113983154296875 0.171188354492187 0.0966873168945313 0.0714569091796875
0.026123046875 0.15802001953125 0.0341796875 0.109268188476563
0.12939453125 0.120803833007812 0.0628280639648438 0.122550964355469
0.140487670898438 0.0038299560546875 0.103317260742188 0.0705337524414063
0.0991897583007813 -0.0787277221679688 0.09295654296875 0.006927490234375
0.00640106201171875 -0.109451293945312 0.0406455993652344 -0.0274429321289063
-0.05328369140625 -0.0937042236328125 0.0140323638916016 -0.0110464096069336
-0.0519866943359375 -0.0970001220703125 0.0190029144287109 0.0219573974609375
-0.0728683471679688 -0.0943603515625 0.01171875 0.0450019836425781
-0.0378799438476563 -0.1009521484375 -0.0154838562011719 0.0610237121582031
0.025054931640625 -0.11663818359375 -0.0359344482421875 0.044342041015625
0.0979537963867187 -0.0804061889648437 -0.0585098266601562 -0.000450134277343753
0.144271850585938 0.0458526611328125 -0.0410575866699219 -0.0366249084472656
0.0945892333984375 0.119491577148437 0.0168209075927734 -0.0324249267578125
0.02197265625 0.172592163085938 0.00107574462890625 0.07257080078125
-0.0442733764648438 0.111724853515625 0.0875778198242187 0.127815246582031
-0.0131149291992187 0.126518249511719 0.0351715087890625 0.138313293457031
0.0804901123046875 0.117782592773438 0.0433120727539063 0.124763488769531
0.111289978027344 0.0229415893554688 0.0766372680664062 0.0872955322265625
0.0887832641601563 -0.0541839599609375 0.074951171875 0.037994384765625
0.0122756958007813 -0.091522216796875 0.0456352233886719 0.0109825134277344
-0.0408706665039062 -0.0813980102539063 0.0381507873535156 0.0203628540039062
-0.0418167114257812 -0.0841445922851562 0.0424575805664063 0.0452880859375
-0.0599212646484375 -0.0854873657226563 0.0358657836914062 0.0693550109863281
-0.0306243896484375 -0.091400146484375 -0.0004425048828125 0.0887603759765625
0.028411865234375 -0.103294372558594 -0.03125 0.0682754516601563
0.0921173095703125 -0.0619354248046875 -0.0596504211425781 0.0201683044433594
0.118446350097656 0.0584640502929688 -0.0443344116210937 -0.0243339538574219
0.0543289184570312 0.116004943847656 0.0267906188964844 -0.00995635986328124
-0.0187759399414062 0.133331298828125 0.00118255615234376 0.11859130859375
-0.0683250427246094 0.0335807800292969 0.0764617919921875 0.156661987304688
-0.0463294982910156 0.0698127746582031 0.03680419921875 0.149856567382813
0.0231170654296875 0.0875473022460937 0.0283050537109375 0.115097045898438
0.0624465942382813 0.0305900573730469 0.05535888671875 0.0918960571289063
0.0593490600585937 -0.0236053466796875 0.0589256286621094 0.0567283630371094
0.0140838623046875 -0.0581703186035156 0.049591064453125 0.0374794006347656
-0.0230026245117188 -0.0556907653808594 0.0563888549804688 0.0424003601074219
-0.0253028869628906 -0.0590591430664062 0.059722900390625 0.0616188049316406
-0.0388946533203125 -0.0652542114257813 0.0540847778320313 0.0888748168945313
-0.0178909301757812 -0.0706863403320312 0.00901031494140624 0.110519409179688
0.0285415649414063 -0.077728271484375 -0.0317840576171875 0.0882110595703125
0.07574462890625 -0.0374526977539062 -0.0655784606933594 0.0374221801757813
0.0801925659179687 0.0636825561523437 -0.0522651672363281 -0.0171165466308594
0.008026123046875 0.0983505249023438 0.0266323089599609 0.00852203369140626
-0.05682373046875 0.0761871337890625 -0.01214599609375 0.15020751953125
0.0771408081054688 -0.0023345947265625 0.00181579589843749 -0.15985107421875
0.0187454223632813 -0.0542373657226563 -0.0259494781494141 -0.0214004516601563
-0.0336189270019531 -0.0375595092773438 0.0621109008789063 0.0207290649414062
-0.0442123413085938 0.00820159912109374 0.0939254760742188 -0.0443344116210938
-0.0228996276855469 0.0367546081542969 0.0489425659179688 -0.101020812988281
0.0113716125488281 0.0394363403320312 -0.0153656005859375 -0.123481750488281
0.0136966705322266 0.0252227783203125 -0.071624755859375 -0.0957717895507813
0.00567245483398437 0.0220317840576172 -0.0709609985351562 -0.0676956176757813
0.00268936157226563 0.0232105255126953 -0.069610595703125 -0.0506515502929688
-0.0106401443481445 0.0157794952392578 -0.0582695007324219 -0.0540657043457031
-0.0220928192138672 -0.00438690185546876 -0.0583953857421875 -0.0621109008789063
-0.0121917724609375 -0.0399894714355469 -0.051361083984375 -0.090179443359375
0.0383872985839844 -0.0407295227050781 -0.018341064453125 -0.115982055664063
0.0764999389648438 -0.0074615478515625 -0.040130615234375 -0.143508911132813
0.0889205932617188 0.035888671875 -0.06640625 -0.165054321289063
0.0928268432617188 0.069732666015625 0.02703857421875 -0.154861450195313
0.0566825866699219 -0.0043182373046875 -0.0150909423828125 -0.0193939208984375
0.0278034210205078 -0.0244178771972656 0.0755081176757813 0.030364990234375
-0.0015096664428711 -0.0167665481567383 0.109931945800781 -0.040924072265625
-0.00584268569946289 -0.00587081909179687 0.0631103515625 -0.105682373046875
-0.0032050609588623 0.000902652740478516 -0.0123825073242187 -0.128875732421875
-0.0145654678344727 -0.00591564178466797 -0.07159423828125 -0.0973129272460937
-0.0170354843139648 -0.0135354995727539 -0.0667076110839844 -0.0643043518066406
-0.0220985412597656 -0.0123004913330078 -0.0680770874023437 -0.046722412109375
-0.0150070190429688 -0.0230274200439453 -0.0603713989257812 -0.0461235046386719
0.0012664794921875 -0.0400390625 -0.0587081909179688 -0.0530738830566406
0.03411865234375 -0.0532150268554687 -0.0546875 -0.08343505859375
0.0856246948242188 -0.00859832763671875 -0.0233383178710937 -0.102401733398438
0.102859497070313 0.0431671142578125 -0.0398483276367188 -0.126739501953125
0.097564697265625 0.106117248535156 -0.054840087890625 -0.139259338378906
0.0902175903320313 0.135551452636719 0.0548858642578125 -0.1256103515625
0.0823135375976563 0.0558090209960938 -0.000222206115722651 -0.00234580039978027
0.091064453125 0.00307464599609375 0.0873489379882813 0.0508499145507813
0.0509910583496094 -0.0353546142578125 0.125381469726563 -0.0253143310546875
0.0214614868164062 -0.0481834411621094 0.081085205078125 -0.097442626953125
-0.0122795104980469 -0.0420684814453125 -0.00251007080078125 -0.122932434082031
-0.0389137268066406 -0.0392074584960937 -0.06060791015625 -0.0892486572265625
-0.0370674133300781 -0.0483245849609375 -0.0538444519042969 -0.051116943359375
-0.0467071533203125 -0.0454826354980469 -0.0572471618652344 -0.0310935974121094
-0.0242538452148437 -0.0572700500488281 -0.0568351745605469 -0.0251541137695313
0.012908935546875 -0.0743637084960938 -0.0590591430664063 -0.0328025817871094
0.0662994384765625 -0.071319580078125 -0.0614013671875 -0.0678901672363281
0.125480651855469 0.00884246826171875 -0.03192138671875 -0.0859603881835937
0.125205993652344 0.0765609741210938 -0.0334701538085937 -0.103843688964844
0.09771728515625 0.155990600585938 -0.0408096313476562 -0.0941848754882812
0.0694122314453125 0.18017578125 0.0788955688476563 -0.07159423828125
0.0880966186523438 0.112823486328125 0.0161094665527344 0.0289058685302734
0.139717102050781 0.0426559448242188 0.0910491943359375 0.0769271850585938
0.101921081542969 -0.0392684936523438 0.133071899414063 0.00353240966796875
0.05316162109375 -0.08013916015625 0.0956802368164063 -0.0727081298828125
-0.0130538940429688 -0.0799942016601563 0.0128631591796875 -0.1024169921875
-0.0548095703125 -0.0675888061523438 -0.0404472351074219 -0.0699043273925781
-0.0515823364257812 -0.0751266479492188 -0.0325374603271484 -0.0300846099853516
-0.066009521484375 -0.0701484680175781 -0.0377120971679688 -0.00742340087890626
-0.0353469848632813 -0.0816497802734375 -0.0468826293945312 0.00236129760742187
0.0153884887695313 -0.101020812988281 -0.0538864135742188 -0.006866455078125
0.0830459594726563 -0.0874404907226563 -0.0643272399902344 -0.0457191467285156
0.149398803710937 0.0157470703125 -0.037994384765625 -0.0680465698242188
0.13446044921875 0.0944900512695313 -0.01959228515625 -0.0795669555664063
0.088958740234375 0.182785034179688 -0.0242156982421875 -0.0391616821289062
0.0350189208984375 0.19268798828125 0.0925674438476563 -0.00338745117187499
0.0684661865234375 0.149810791015625 0.0285263061523438 0.0686492919921875
0.154953002929688 0.0844879150390625 0.0835418701171875 0.102149963378906
0.134628295898437 -0.0260467529296875 0.126251220703125 0.0369415283203125
0.0807113647460938 -0.0914764404296875 0.100090026855469 -0.0367507934570313
-0.0070037841796875 -0.103279113769531 0.0271530151367188 -0.0679740905761719
-0.0603179931640625 -0.0848922729492188 -0.0145835876464844 -0.0427665710449219
-0.0581130981445313 -0.0910263061523438 -0.0069112777709961 -0.00467872619628907
-0.077239990234375 -0.0844268798828125 -0.0126380920410156 0.0185489654541016
-0.0421905517578125 -0.0949325561523438 -0.0306167602539063 0.0329990386962891
0.015777587890625 -0.114822387695313 -0.0451011657714844 0.0198593139648437
0.090301513671875 -0.0916824340820313 -0.0627784729003906 -0.0220413208007813
0.155471801757813 0.024261474609375 -0.0399665832519531 -0.0508003234863281
0.124908447265625 0.106491088867188 -0.00165176391601562 -0.0562934875488281
0.0645294189453125 0.186264038085938 -0.00716400146484374 0.0184268951416016
-0.00347900390625002 0.168167114257812 0.09625244140625 0.0647964477539063
0.031982421875 0.154815673828125 0.0359725952148438 0.106719970703125
0.133255004882813 0.11163330078125 0.066864013671875 0.1182861328125
0.137466430664062 -0.0023651123046875 0.105796813964844 0.0657272338867188
0.0929031372070313 -0.0816574096679688 0.09197998046875 0.00164794921875
0.00135040283203125 -0.106781005859375 0.03839111328125 -0.0281715393066406
-0.0566482543945312 -0.0889663696289062 0.0126619338989258 -0.0115337371826172
-0.0558319091796875 -0.093017578125 0.0195579528808594 0.0202369689941406
-0.0759658813476563 -0.087646484375 0.0135688781738281 0.0442237854003906
-0.04193115234375 -0.0967864990234375 -0.0128173828125 0.0614509582519531
0.0180130004882812 -0.114913940429688 -0.0351333618164063 0.0448570251464844
0.0916366577148438 -0.08355712890625 -0.0598068237304687 0.00088882446289061
0.144622802734375 0.0381927490234375 -0.0418891906738281 -0.0353660583496094
0.0977554321289063 0.113655090332031 0.0147876739501953 -0.0342769622802734
0.029296875 0.16864013671875 0.00461578369140626 0.071014404296875
-0.0382766723632813 0.111686706542969 0.0901947021484375 0.119880676269531
-0.0077972412109375 0.125190734863281 0.03814697265625 0.13470458984375
0.0858993530273438 0.111679077148438 0.046966552734375 0.121406555175781
0.110427856445313 0.0179443359375 0.0795822143554688 0.0829315185546875
0.0841827392578125 -0.0575408935546875 0.0758895874023438 0.0331497192382812
0.00745391845703126 -0.09033203125 0.04510498046875 0.00921630859374999
-0.0440292358398438 -0.0771255493164062 0.0378036499023438 0.0178604125976562
-0.0452041625976563 -0.0807266235351563 0.0436859130859375 0.0419387817382812
-0.0638046264648437 -0.0800247192382813 0.0389328002929687 0.067047119140625
-0.034332275390625 -0.0876617431640625 0.00322723388671875 0.0879669189453125
0.0217666625976563 -0.102081298828125 -0.0294761657714844 0.0684051513671875
0.0871963500976563 -0.0656509399414063 -0.0596923828125 0.02130126953125
0.120201110839844 0.0515518188476563 -0.0451202392578125 -0.023223876953125
0.0588836669921875 0.112434387207031 0.0254611968994141 -0.0128288269042969
-0.0119781494140625 0.132499694824219 0.00652313232421874 0.115737915039063
-0.065185546875 0.0361862182617188 0.080535888671875 0.14892578125
-0.0421981811523437 0.0713272094726562 0.0403900146484375 0.1458740234375
0.0282516479492188 0.0847625732421875 0.031524658203125 0.113502502441406
0.0626258850097656 0.02703857421875 0.0587539672851563 0.0890579223632813
0.0567893981933594 -0.0269699096679688 0.06072998046875 0.0527496337890625
0.010467529296875 -0.0581550598144531 0.0503425598144531 0.0354042053222656
-0.02569580078125 -0.0527000427246094 0.0569076538085938 0.039215087890625
-0.0287055969238281 -0.0564956665039063 0.0612411499023438 0.0568466186523438
-0.0427589416503906 -0.0616836547851562 0.0575637817382813 0.0848541259765625
-0.0217323303222656 -0.0679092407226562 0.0139923095703125 0.108688354492188
0.0231704711914063 -0.0776214599609375 -0.0288238525390625 0.0877914428710938
0.0723342895507813 -0.0414810180664062 -0.0641670227050781 0.0384521484375
0.0834579467773437 0.058013916015625 -0.0525360107421875 -0.0148849487304687
0.0130691528320312 0.0969085693359375 0.0256881713867187 0.00514030456542969
-0.052215576171875 0.0780029296875 -0.00440979003906249 0.146621704101562
0.0751876831054688 -0.00557708740234375 -0.00184631347656249 -0.156463623046875
0.0169868469238281 -0.0538597106933594 -0.0258274078369141 -0.0189990997314453
-0.0344200134277344 -0.0356636047363281 0.0620841979980469 0.01995849609375
-0.04388427734375 0.0101470947265625 0.09356689453125 -0.0450057983398438
-0.0206451416015625 0.0382499694824219 0.0474090576171875 -0.099884033203125
0.0139656066894531 0.0381507873535156 -0.0169830322265625 -0.122962951660156
0.0150318145751953 0.0232810974121094 -0.0727157592773438 -0.09356689453125
0.00665473937988281 0.0208015441894531 -0.0716094970703125 -0.0652084350585938
0.00390625 0.022216796875 -0.0699844360351563 -0.0478973388671875
-0.00890254974365234 0.0158882141113281 -0.0593605041503906 -0.0523872375488281
-0.0208930969238281 -0.00322341918945313 -0.0597457885742187 -0.0606575012207031
-0.0138664245605469 -0.0380363464355469 -0.0535964965820313 -0.0882720947265625
0.0357284545898438 -0.040679931640625 -0.0189437866210937 -0.115966796875
0.0749588012695313 -0.00933837890625 -0.0406646728515625 -0.140884399414063
0.089202880859375 0.0323638916015625 -0.0674285888671875 -0.160110473632813
0.0928421020507813 0.0656204223632813 0.02294921875 -0.152252197265625
0.0551910400390625 -0.005279541015625 -0.015355110168457 -0.0172090530395508
0.0261974334716797 -0.0242671966552734 0.0758590698242188 0.0290603637695313
-0.00245094299316406 -0.0149669647216797 0.109703063964844 -0.0420150756835937
-0.00477170944213867 -0.00354671478271484 0.0613937377929688 -0.105377197265625
-0.00081479549407959 0.00077897310256958 -0.0139923095703125 -0.128654479980469
-0.013524055480957 -0.00625705718994141 -0.0728225708007813 -0.0947418212890625
-0.0164995193481445 -0.0133533477783203 -0.0684280395507813 -0.0622596740722656
-0.0210857391357422 -0.0123386383056641 -0.0684242248535156 -0.0438156127929688
-0.0141029357910156 -0.0226974487304688 -0.0616569519042969 -0.0443878173828125
0.00141143798828125 -0.0385589599609375 -0.0604743957519531 -0.051605224609375
0.0317764282226562 -0.0521392822265625 -0.0571060180664063 -0.0820236206054688
0.0832977294921875 -0.00879669189453125 -0.0243301391601562 -0.102325439453125
0.10174560546875 0.0404129028320313 -0.0406951904296875 -0.124305725097656
0.0987701416015625 0.102066040039063 -0.0562744140625 -0.13525390625
0.091278076171875 0.130050659179688 0.050201416015625 -0.12396240234375
0.0820159912109375 0.0535202026367188 -0.000686109066009516 -0.000392019748687741
0.0891036987304688 0.0015411376953125 0.0878524780273438 0.0489273071289063
0.049041748046875 -0.0344161987304688 0.125511169433594 -0.0263519287109375
0.0202598571777344 -0.046356201171875 0.0792465209960938 -0.0975112915039063
-0.011077880859375 -0.040435791015625 -0.00383758544921875 -0.122314453125
-0.0380477905273438 -0.0381965637207031 -0.0621490478515625 -0.0865325927734375
-0.0372581481933594 -0.0470314025878906 -0.0544662475585937 -0.049407958984375
-0.0455474853515625 -0.0437088012695313 -0.0572547912597656 -0.0286140441894531
-0.0237960815429688 -0.05517578125 -0.0580482482910156 -0.0235404968261719
0.0122909545898438 -0.0725479125976563 -0.0606842041015625 -0.0315017700195313
0.0635452270507813 -0.0708160400390625 -0.0641403198242187 -0.0667343139648438
0.123863220214844 0.00691986083984375 -0.0323104858398437 -0.0865859985351563
0.123527526855469 0.0733261108398438 -0.0343170166015625 -0.102142333984375
0.1004638671875 0.151702880859375 -0.0414581298828125 -0.0906753540039062
0.071624755859375 0.17529296875 0.0743637084960938 -0.0720977783203125
0.0883941650390625 0.110061645507813 0.0147933959960938 0.0301399230957031
0.138023376464844 0.038818359375 0.09149169921875 0.0745849609375
0.0987014770507813 -0.0401458740234375 0.132675170898438 0.00160980224609375
0.0509490966796875 -0.0788497924804688 0.093841552734375 -0.0739288330078125
-0.0129776000976563 -0.0771865844726563 0.0110626220703125 -0.101295471191406
-0.0541419982910156 -0.0651130676269531 -0.0420379638671875 -0.0680580139160156
-0.052398681640625 -0.0735397338867188 -0.0330219268798828 -0.0291633605957031
-0.0658226013183594 -0.0674247741699219 -0.0377922058105469 -0.00610733032226564
-0.035186767578125 -0.0790328979492188 -0.0471076965332031 0.00426864624023436
0.014404296875 -0.0981979370117188 -0.0556373596191406 -0.00581741333007814
0.0797348022460938 -0.08709716796875 -0.06689453125 -0.0451240539550782
0.14801025390625 0.012664794921875 -0.0380630493164063 -0.0685386657714844
0.133544921875 0.091827392578125 -0.0208587646484375 -0.0793533325195313
0.0912628173828125 0.1788330078125 -0.0242958068847656 -0.0373764038085937
0.03759765625 0.187957763671875 0.0890731811523437 -0.00577545166015624
0.07012939453125 0.14715576171875 0.0272674560546875 0.0688819885253906
0.155014038085938 0.07977294921875 0.083892822265625 0.0997238159179688
0.13153076171875 -0.027557373046875 0.126541137695313 0.0351409912109375
0.0774917602539063 -0.0914688110351563 0.098846435546875 -0.0382843017578125
-0.00806427001953124 -0.100578308105469 0.0259208679199219 -0.0676994323730469
-0.0606460571289062 -0.0825424194335937 -0.0162620544433594 -0.0410881042480469
-0.0595169067382812 -0.0888214111328125 -0.00733613967895508 -0.00495910644531251
-0.0772705078125 -0.081085205078125 -0.0122146606445313 0.0193843841552734
-0.0429534912109375 -0.0918350219726563 -0.0305118560791016 0.0339508056640625
0.0133514404296875 -0.112129211425781 -0.0464057922363281 0.0201187133789062
0.0866317749023437 -0.0919265747070312 -0.0650367736816406 -0.0217552185058594
0.154052734375 0.021087646484375 -0.0404396057128906 -0.0518722534179688
0.124725341796875 0.103004455566406 -0.00327301025390624 -0.0568084716796875
0.0682525634765625 0.18267822265625 -0.00641059875488281 0.0183658599853516
-0.000564575195312516 0.164932250976562 0.0941314697265625 0.0610580444335938
0.0343780517578125 0.15325927734375 0.0347213745117187 0.106010437011719
0.134178161621094 0.107658386230469 0.0673141479492188 0.11602783203125
0.135231018066406 -0.0043487548828125 0.106727600097656 0.063690185546875
0.0899276733398438 -0.0824356079101563 0.0917129516601562 -0.000213623046875005
-0.000640869140624995 -0.104637145996094 0.0376091003417969 -0.0284233093261719
-0.0570907592773437 -0.085662841796875 0.0117979049682617 -0.0110082626342773
-0.0573272705078125 -0.0904617309570313 0.0193252563476562 0.0190887451171875
-0.07733154296875 -0.0840072631835938 0.0143241882324219 0.0438575744628906
-0.0432891845703125 -0.0932388305664063 -0.01239013671875 0.0618896484375
0.0150909423828125 -0.112800598144531 -0.036376953125 0.04486083984375
0.0878372192382813 -0.084686279296875 -0.0614280700683594 0.000759124755859377
0.144027709960938 0.03460693359375 -0.0415725708007813 -0.0355033874511719
0.0985183715820313 0.110267639160156 0.0134544372558594 -0.0356330871582031
0.03289794921875 0.16607666015625 0.00613403320312501 0.0697708129882813
-0.0362930297851563 0.110366821289063 0.0888214111328125 0.115364074707031
-0.00569915771484376 0.124725341796875 0.037261962890625 0.133094787597656
0.0878982543945313 0.10809326171875 0.0472793579101563 0.119796752929688
0.109382629394531 0.0153884887695312 0.08062744140625 0.0815582275390625
0.0814590454101563 -0.0588302612304688 0.0759353637695313 0.0313796997070313
0.00559997558593751 -0.0888442993164063 0.0449752807617187 0.00867843627929687
-0.0450210571289062 -0.07427978515625 0.03717041015625 0.0172157287597656
-0.0474929809570312 -0.0784759521484375 0.0437202453613281 0.03973388671875
-0.0653915405273438 -0.0766677856445312 0.0399208068847656 0.0656013488769531
-0.0362777709960937 -0.0847015380859375 0.00415802001953125 0.0873260498046875
0.01812744140625 -0.10064697265625 -0.029327392578125 0.0678749084472656
0.0831680297851563 -0.0674362182617188 -0.0602607727050781 0.0211982727050781
0.121238708496094 0.04766845703125 -0.0451393127441406 -0.0233001708984375
0.0604705810546875 0.110404968261719 0.0242538452148438 -0.0147571563720703
-0.00887298583984374 0.131538391113281 0.00852203369140625 0.113548278808594
-0.0639114379882813 0.0369148254394531 0.080108642578125 0.143829345703125
-0.040679931640625 0.071533203125 0.0397491455078125 0.143081665039063
0.030609130859375 0.08282470703125 0.0319976806640625 0.112953186035156
0.062774658203125 0.0251350402832031 0.0597457885742188 0.0878219604492188
0.0554885864257812 -0.0281906127929687 0.0615386962890625 0.0507736206054687
0.00864028930664063 -0.0576934814453125 0.0504341125488281 0.0343666076660156
-0.0267410278320313 -0.0511436462402344 0.0569534301757813 0.037200927734375
-0.0304222106933594 -0.0550041198730469 0.0620880126953125 0.0541343688964844
-0.0447196960449219 -0.0588493347167969 0.0586700439453125 0.0825653076171875
-0.0243492126464844 -0.0657768249511719 0.0156173706054687 0.107749938964844
0.0198440551757813 -0.077667236328125 -0.02825927734375 0.0871963500976563
0.0697517395019531 -0.0435447692871094 -0.0637893676757813 0.0382003784179688
0.0851364135742187 0.0544052124023438 -0.0527000427246094 -0.0148162841796875
0.0157318115234375 0.0958404541015625 0.0248928070068359 0.00275230407714844
-0.0499649047851562 0.0782852172851563 -0.0018157958984375 0.144271850585938
0.0748748779296875 -0.006103515625 -0.00280761718749999 -0.156723022460938
0.016326904296875 -0.0554733276367188 -0.0259819030761719 -0.0174045562744141
-0.03533935546875 -0.0354499816894531 0.0628204345703125 0.0207939147949219
-0.0442466735839844 0.0124015808105469 0.09539794921875 -0.0455169677734375
-0.0191497802734375 0.0401687622070313 0.0495758056640625 -0.101036071777344
0.0159683227539063 0.0369796752929688 -0.0173416137695313 -0.125297546386719
0.01544189453125 0.0219211578369141 -0.0742034912109375 -0.09442138671875
0.007110595703125 0.0206489562988281 -0.0735549926757813 -0.0657272338867187
0.00454521179199219 0.0217552185058594 -0.0711746215820312 -0.0474090576171875
-0.00754451751708985 0.0158452987670898 -0.0606803894042969 -0.051971435546875
-0.0199966430664063 -0.0028076171875 -0.0615730285644531 -0.061492919921875
-0.0150375366210938 -0.03717041015625 -0.0552291870117187 -0.0895538330078125
0.0349082946777344 -0.040771484375 -0.018035888671875 -0.118354797363281
0.0752182006835938 -0.00992584228515625 -0.0400390625 -0.142578125
0.09014892578125 0.0310897827148438 -0.067291259765625 -0.159408569335938
0.0925445556640625 0.0646286010742188 0.0214691162109375 -0.152389526367188
0.0549392700195312 -0.00614166259765625 -0.0157108306884766 -0.0154409408569336
0.0253353118896484 -0.0246925354003906 0.0766983032226563 0.0294189453125
-0.00291061401367187 -0.0137186050415039 0.111679077148438 -0.0426025390625
-0.00383949279785156 -0.00228023529052734 0.0628890991210938 -0.106239318847656
0.000710070133209229 0.000569581985473633 -0.0142822265625 -0.130828857421875
-0.0122280120849609 -0.00723838806152344 -0.0745315551757812 -0.0954513549804688
-0.0159788131713867 -0.0143795013427734 -0.0698928833007813 -0.0628471374511719
-0.0201377868652344 -0.0127048492431641 -0.0699424743652344 -0.0433616638183594
-0.0121383666992188 -0.0223960876464844 -0.0626296997070313 -0.0443763732910156
0.00278854370117188 -0.0377235412597656 -0.0623512268066406 -0.0522880554199219
0.0313339233398438 -0.0510406494140625 -0.0596160888671875 -0.0833587646484375
0.0835723876953125 -0.0087127685546875 -0.0239181518554688 -0.104949951171875
0.102035522460938 0.04010009765625 -0.0402297973632812 -0.125640869140625
0.100486755371094 0.101821899414063 -0.0564346313476562 -0.134819030761719
0.0915603637695312 0.1298828125 0.0484848022460937 -0.124458312988281
0.0818939208984375 0.0535354614257813 -0.0021144151687622 0.00204885005950928
0.089263916015625 0.0009002685546875 0.0887069702148438 0.0492706298828125
0.0488243103027344 -0.0337333679199219 0.127593994140625 -0.0268020629882813
0.0211639404296875 -0.0452461242675781 0.0807342529296875 -0.0985946655273438
-0.00938034057617188 -0.0404510498046875 -0.00373077392578125 -0.123870849609375
-0.037445068359375 -0.0383872985839844 -0.0635910034179688 -0.0871200561523438
-0.0374870300292969 -0.0477218627929687 -0.0560874938964844 -0.0500907897949219
-0.0455169677734375 -0.0439529418945313 -0.0584373474121094 -0.0280570983886719
-0.0227584838867188 -0.0555572509765625 -0.0592536926269531 -0.0229415893554688
0.0134963989257813 -0.0716705322265625 -0.0627250671386719 -0.0314559936523438
0.0632247924804688 -0.0704345703125 -0.0674018859863281 -0.0683937072753906
0.123672485351563 0.0072784423828125 -0.0325241088867188 -0.0897979736328125
0.12408447265625 0.0738372802734375 -0.0343170166015625 -0.103706359863281
0.102218627929688 0.152511596679688 -0.041534423828125 -0.0907745361328125
0.0719146728515625 0.175048828125 0.0729827880859375 -0.0724639892578125
0.0888519287109375 0.110992431640625 0.0132560729980469 0.0326004028320313
0.139007568359375 0.0379180908203125 0.09246826171875 0.0754623413085938
0.0984649658203125 -0.0398635864257812 0.135650634765625 0.001312255859375
0.05096435546875 -0.0785369873046875 0.0959701538085938 -0.074859619140625
-0.0123748779296875 -0.0768890380859375 0.0112533569335937 -0.102729797363281
-0.0539283752441406 -0.0653572082519531 -0.0432701110839844 -0.0684242248535156
-0.05316162109375 -0.0747451782226563 -0.0344772338867188 -0.0294818878173828
-0.065887451171875 -0.0672035217285156 -0.03863525390625 -0.00591659545898438
-0.034454345703125 -0.079071044921875 -0.0485763549804688 0.00516128540039063
0.0142669677734375 -0.098052978515625 -0.058074951171875 -0.00616073608398439
0.0794601440429688 -0.0874557495117188 -0.070648193359375 -0.046356201171875
0.148941040039063 0.0123443603515625 -0.038909912109375 -0.0713348388671875
0.133872985839844 0.091888427734375 -0.021514892578125 -0.0809402465820312
0.0936431884765625 0.179443359375 -0.0242424011230469 -0.0370101928710937
0.03851318359375 0.18865966796875 0.0872955322265625 -0.00606536865234374
0.071014404296875 0.14874267578125 0.0253448486328125 0.0712356567382813
0.156097412109375 0.0793304443359375 0.084686279296875 0.100906372070312
0.132095336914063 -0.0271759033203125 0.128921508789063 0.0351791381835938
0.07733154296875 -0.0918502807617188 0.10076904296875 -0.0391998291015625
-0.00790405273437499 -0.100730895996094 0.0261650085449219 -0.0689468383789063
-0.0607147216796875 -0.082275390625 -0.0171852111816406 -0.0411872863769531
-0.0608901977539062 -0.0895843505859375 -0.00791215896606446 -0.00532341003417969
-0.0777740478515625 -0.08050537109375 -0.0124149322509766 0.0198974609375
-0.0431137084960937 -0.0913848876953125 -0.0312309265136719 0.0351905822753906
0.013580322265625 -0.112174987792969 -0.0488014221191406 0.0207939147949219
0.0863800048828125 -0.0926895141601563 -0.0690727233886719 -0.0230445861816406
0.155517578125 0.02001953125 -0.0412521362304688 -0.0539093017578125
0.125152587890625 0.103675842285156 -0.00345230102539062 -0.0587120056152344
0.0701751708984375 0.183792114257813 -0.00635910034179687 0.0184707641601563
-0.000671386718750004 0.165878295898438 0.0924301147460938 0.0607147216796875
0.034393310546875 0.1549072265625 0.0328903198242187 0.107803344726563
0.136436462402344 0.107696533203125 0.06744384765625 0.117362976074219
0.136215209960937 -0.00482177734375 0.1087646484375 0.064208984375
0.0902633666992187 -0.083282470703125 0.092864990234375 -0.000427246093750005
-0.000617980957031253 -0.104850769042969 0.0381431579589844 -0.0284881591796875
-0.0576095581054688 -0.0857696533203125 0.0110397338867187 -0.011174201965332
-0.0591659545898437 -0.0912017822265625 0.0192470550537109 0.0187511444091797
-0.0781402587890625 -0.0834884643554688 0.0146255493164062 0.0440864562988281
-0.0440597534179688 -0.0929412841796875 -0.012847900390625 0.0633964538574219
0.0144271850585937 -0.112556457519531 -0.0389137268066406 0.0451278686523437
0.0871963500976563 -0.0858688354492188 -0.0647697448730469 9.91821289062358E-05
0.146408081054687 0.0330657958984375 -0.0428009033203125 -0.0380096435546875
0.099090576171875 0.111114501953125 0.0128173828125 -0.0374794006347656
0.0344390869140625 0.167984008789063 0.00628662109375 0.0701217651367188
-0.0368576049804688 0.111000061035156 0.0874710083007813 0.114715576171875
-0.00576019287109376 0.126716613769531 0.03558349609375 0.135055541992187
0.0895233154296875 0.108421325683594 0.046722412109375 0.121536254882813
0.109870910644531 0.0157546997070313 0.082550048828125 0.0829620361328125
0.0811691284179688 -0.0600967407226563 0.0770263671875 0.0315093994140625
0.00486755371093749 -0.0894241333007812 0.0455245971679688 0.00844955444335937
-0.0461196899414062 -0.0742416381835938 0.037017822265625 0.0170974731445312
-0.049072265625 -0.0786361694335938 0.044281005859375 0.0394210815429687
-0.0670928955078125 -0.075531005859375 0.0403251647949219 0.0660400390625
-0.0376205444335938 -0.0846405029296875 0.00418853759765625 0.0893783569335938
0.0166702270507812 -0.101089477539063 -0.03192138671875 0.068359375
0.0829620361328125 -0.0686492919921875 -0.0631484985351563 0.0201797485351562
0.123313903808594 0.0465621948242188 -0.0459175109863281 -0.0246200561523437
0.0618133544921875 0.111488342285156 0.0235500335693359 -0.016815185546875
-0.00786590576171874 0.132484436035156 0.00910186767578125 0.113471984863281
-0.0654830932617188 0.0374641418457031 0.0789794921875 0.143646240234375
-0.0410079956054687 0.0736007690429688 0.0384368896484375 0.14520263671875
0.0325775146484375 0.0831680297851563 0.0311965942382812 0.11529541015625
0.0636138916015625 0.0251846313476563 0.060577392578125 0.0897140502929688
0.0553016662597656 -0.0295219421386719 0.0623855590820312 0.0510406494140625
0.00795364379882812 -0.0582427978515625 0.0511894226074219 0.0346183776855469
-0.0281105041503906 -0.0509834289550781 0.0574264526367187 0.0367851257324219
-0.0320816040039062 -0.0552215576171875 0.0625762939453125 0.0538330078125
-0.0465545654296875 -0.0580329895019531 0.059539794921875 0.0826263427734375
-0.0260696411132813 -0.0659980773925781 0.016326904296875 0.109931945800781
0.0186080932617187 -0.07781982421875 -0.0299758911132812 0.08807373046875
0.0694351196289063 -0.0447158813476563 -0.0663528442382812 0.0376701354980469
0.0871353149414063 0.0537338256835938 -0.0534934997558594 -0.0158309936523438
0.0174331665039063 0.0974578857421875 0.0247001647949219 0.000709533691406256
-0.0499038696289062 0.0793685913085938 -0.00219726562500001 0.14410400390625
0.0762557983398438 -0.0075531005859375 -0.004730224609375 -0.161468505859375
0.0149459838867187 -0.0577392578125 -0.0270442962646484 -0.0164890289306641
-0.037567138671875 -0.0363426208496094 0.0656013488769531 0.02178955078125
-0.0458030700683594 0.0148544311523437 0.0991973876953125 -0.0478363037109375
-0.0177955627441406 0.042510986328125 0.0519790649414062 -0.105384826660156
0.0180702209472656 0.0370445251464844 -0.019195556640625 -0.130821228027344
0.0168266296386719 0.0211658477783203 -0.0785140991210937 -0.097564697265625
0.00796318054199219 0.0203189849853516 -0.0775375366210938 -0.0672454833984375
0.00583839416503906 0.0218448638916016 -0.074432373046875 -0.047943115234375
-0.0064687728881836 0.0160579681396484 -0.0639266967773438 -0.05377197265625
-0.0198402404785156 -0.00203323364257812 -0.0652236938476563 -0.0629005432128906
-0.0164146423339844 -0.0366058349609375 -0.0586090087890625 -0.0923538208007812
0.0348358154296875 -0.0418128967285156 -0.0192184448242187 -0.123748779296875
0.07745361328125 -0.0117950439453125 -0.040863037109375 -0.147125244140625
0.09356689453125 0.0302810668945313 -0.069671630859375 -0.163284301757813
0.0951080322265625 0.0650787353515625 0.020263671875 -0.156463623046875
0.0557518005371094 -0.00713729858398438 -0.0171070098876953 -0.0138177871704102
0.0252952575683594 -0.0255661010742188 0.0793991088867188 0.031005859375
-0.00339794158935547 -0.0120573043823242 0.116096496582031 -0.0453872680664063
-0.00283145904541016 -0.00110244750976563 0.0660858154296875 -0.110771179199219
0.0023345947265625 -0.000276327133178711 -0.0161972045898438 -0.135673522949219
-0.0119848251342773 -0.00828361511230469 -0.0785675048828125 -0.0985031127929688
-0.0166206359863281 -0.0151042938232422 -0.0739669799804687 -0.0639419555664063
-0.0203037261962891 -0.0135040283203125 -0.0739212036132813 -0.043701171875
-0.0114994049072266 -0.0231056213378906 -0.0663185119628906 -0.0452499389648437
0.0032806396484375 -0.038482666015625 -0.0665512084960938 -0.0538520812988281
0.0316314697265625 -0.0518722534179688 -0.0641708374023438 -0.086090087890625
0.0854949951171875 -0.00921630859375 -0.0247802734375 -0.110404968261719
0.105148315429688 0.040283203125 -0.0413284301757812 -0.130012512207031
0.104751586914063 0.103103637695312 -0.0583419799804688 -0.137367248535156
0.0943222045898438 0.132392883300781 0.0475845336914063 -0.128181457519531
0.0843353271484375 0.0544967651367188 -0.003265380859375 0.00381660461425782
0.0908966064453125 -0.0004425048828125 0.0920944213867188 0.0512008666992188
0.0490798950195313 -0.0337257385253906 0.133514404296875 -0.0293045043945313
0.0213623046875 -0.0460166931152344 0.0839691162109375 -0.103225708007813
-0.00855255126953125 -0.0417060852050781 -0.00554656982421875 -0.128799438476562
-0.0381126403808594 -0.0396690368652344 -0.0676956176757812 -0.0893936157226563
-0.0391616821289062 -0.0496406555175781 -0.0597267150878906 -0.0510520935058594
-0.0461044311523438 -0.0449714660644531 -0.0618324279785156 -0.0280075073242188
-0.0221443176269531 -0.0569190979003906 -0.0629005432128906 -0.0226783752441406
0.0142440795898438 -0.07354736328125 -0.0675888061523438 -0.03253173828125
0.0646209716796875 -0.072174072265625 -0.07244873046875 -0.0708999633789063
0.127914428710938 0.00672149658203125 -0.033843994140625 -0.0943603515625
0.127914428710938 0.0753860473632812 -0.0358200073242188 -0.107353210449219
0.107467651367188 0.155868530273438 -0.0432281494140625 -0.092559814453125
0.0753173828125 0.179580688476562 0.0729141235351563 -0.0755691528320312
0.09210205078125 0.113685607910156 0.0124664306640625 0.0353546142578125
0.143173217773438 0.0374298095703125 0.0961380004882813 0.0779647827148438
0.100517272949219 -0.041046142578125 0.142135620117188 0.000366210937499998
0.0519027709960938 -0.0810699462890625 0.0994415283203125 -0.0789871215820313
-0.0118560791015625 -0.0790786743164063 0.0108413696289063 -0.106521606445313
-0.0557823181152344 -0.0670967102050781 -0.0465278625488281 -0.0699081420898437
-0.0562973022460938 -0.0771026611328125 -0.0369071960449219 -0.0302848815917969
-0.0683708190917969 -0.0684928894042969 -0.0403022766113281 -0.00484466552734375
-0.0353469848632812 -0.0808334350585938 -0.05126953125 0.00645446777343748
0.0150604248046875 -0.100570678710938 -0.0629653930664063 -0.00608444213867188
0.0811767578125 -0.0900650024414063 -0.0766525268554687 -0.0482940673828125
0.154388427734375 0.0118865966796875 -0.04071044921875 -0.0763320922851563
0.138572692871094 0.09429931640625 -0.0225906372070312 -0.0843353271484375
0.0988922119140625 0.184432983398438 -0.0250205993652344 -0.0375175476074219
0.0398712158203125 0.1937255859375 0.0878677368164062 -0.00722503662109374
0.0745391845703125 0.153793334960938 0.0247573852539063 0.0747756958007813
0.161865234375 0.0796356201171875 0.0878524780273438 0.105133056640625
0.135955810546875 -0.0286331176757813 0.135360717773438 0.0357818603515625
0.0795745849609375 -0.0953521728515625 0.104911804199219 -0.0420761108398438
-0.00817871093749999 -0.103797912597656 0.0268325805664062 -0.0716629028320312
-0.063140869140625 -0.0842056274414062 -0.0190277099609375 -0.0426902770996094
-0.0642929077148438 -0.0925827026367187 -0.00915813446044922 -0.00576114654541016
-0.0811843872070313 -0.081939697265625 -0.0131587982177734 0.0208263397216797
-0.0445709228515625 -0.0932769775390625 -0.03314208984375 0.0376091003417969
0.0128555297851563 -0.114875793457031 -0.0529556274414063 0.0216407775878906
0.0874710083007813 -0.095947265625 -0.074920654296875 -0.0235443115234375
0.161376953125 0.019378662109375 -0.0435142517089844 -0.0579681396484375
0.130195617675781 0.106819152832031 -0.00444793701171874 -0.0618667602539062
0.07476806640625 0.189056396484375 -0.00617408752441406 0.0192394256591797
-0.000473022460937514 0.170852661132813 0.0932846069335938 0.0613632202148438
0.0366058349609375 0.160781860351563 0.0321273803710937 0.112472534179688
0.142562866210938 0.109359741210938 0.0697250366210938 0.121803283691406
0.140670776367188 -0.0055999755859375 0.114212036132813 0.0661163330078125
0.092529296875 -0.0870437622070312 0.0969009399414062 -0.00166320800781251
-0.00126647949218749 -0.108489990234375 0.0391082763671875 -0.0296592712402344
-0.060302734375 -0.0872650146484375 0.0106401443481445 -0.0114812850952148
-0.0636062622070313 -0.093719482421875 0.0193805694580078 0.0187778472900391
-0.0822525024414062 -0.0842514038085938 0.0153007507324219 0.0460205078125
-0.0461654663085938 -0.0949325561523438 -0.0131645202636719 0.0666847229003906
0.013641357421875 -0.115379333496094 -0.042083740234375 0.0471115112304688
0.0888519287109375 -0.08941650390625 -0.0704421997070313 -0.000343322753906254
0.152450561523438 0.03216552734375 -0.0451011657714844 -0.0409431457519531
0.103996276855469 0.114860534667969 0.01263427734375 -0.0402946472167969
0.0376434326171875 0.173065185546875 0.00712585449218751 0.07171630859375
-0.0386276245117187 0.115310668945312 0.0891799926757813 0.117462158203125
-0.00511932373046876 0.132179260253906 0.0354232788085938 0.140052795410156
0.0943603515625 0.111190795898438 0.0484390258789063 0.126716613769531
0.11431884765625 0.0149078369140625 0.0865402221679688 0.0857009887695312
0.0835800170898438 -0.0638427734375 0.0804443359375 0.03143310546875
0.00409698486328125 -0.0926589965820313 0.0477142333984375 0.00897598266601562
-0.0487518310546875 -0.0757827758789063 0.0383567810058594 0.0172882080078125
-0.0528335571289063 -0.0814666748046875 0.0458030700683594 0.0398788452148437
-0.070831298828125 -0.076019287109375 0.0423393249511719 0.0679168701171875
-0.0401687622070313 -0.085784912109375 0.00545501708984374 0.0927276611328125
0.0155715942382812 -0.103828430175781 -0.0343704223632813 0.0706558227539063
0.0842208862304687 -0.0719680786132813 -0.0678062438964844 0.0207366943359375
0.128654479980469 0.04510498046875 -0.0481338500976563 -0.0272102355957031
0.0661697387695312 0.114959716796875 0.0235614776611328 -0.0193119049072266
-0.00620269775390626 0.1370849609375 0.0100860595703125 0.116386413574219
-0.0678520202636719 0.0394668579101563 0.0803070068359375 0.1468505859375
-0.0413970947265625 0.0772628784179687 0.0384521484375 0.150375366210938
0.0358734130859375 0.0851821899414063 0.0321884155273438 0.120994567871094
0.0663261413574219 0.0250091552734375 0.0643539428710938 0.093231201171875
0.0568809509277344 -0.032440185546875 0.065643310546875 0.0523834228515625
0.00637054443359375 -0.0604896545410156 0.053741455078125 0.0361328125
-0.0305976867675781 -0.0517349243164063 0.0598030090332031 0.0374946594238281
-0.035369873046875 -0.0566978454589844 0.0653266906738281 0.054107666015625
-0.0498237609863281 -0.0583534240722656 0.0632095336914063 0.0851593017578125
-0.0279579162597656 -0.0670814514160156 0.0180816650390625 0.113998413085938
0.0169754028320313 -0.080078125 -0.0318145751953125 0.0911941528320313
0.0703353881835938 -0.0480117797851563 -0.0699882507324219 0.0389747619628906
0.0920944213867188 0.0529327392578125 -0.0563926696777344 -0.0174102783203125
0.0200424194335938 0.101188659667969 0.0247440338134766 -0.00168991088867187
-0.0506134033203125 0.0826950073242188 -0.000747680664062495 0.147918701171875
0.0784149169921875 -0.010650634765625 -0.0103607177734375 -0.16754150390625
0.0129432678222656 -0.0608253479003906 -0.0284957885742187 -0.0149002075195313
-0.04168701171875 -0.0363273620605469 0.0694770812988281 0.0219955444335937
-0.0467605590820313 0.0191230773925781 0.103256225585938 -0.0530166625976563
-0.0152168273925781 0.0458602905273438 0.0526351928710937 -0.111946105957031
0.0209808349609375 0.0364532470703125 -0.0244293212890625 -0.137123107910156
0.0183658599853516 0.0201816558837891 -0.085723876953125 -0.0998687744140625
0.00948524475097656 0.0202426910400391 -0.0837936401367188 -0.067138671875
0.00800895690917969 0.0216350555419922 -0.0795211791992188 -0.0463333129882812
-0.00447845458984375 0.0162563323974609 -0.0689811706542969 -0.0543212890625
-0.0194759368896484 -0.00116157531738281 -0.0712432861328125 -0.0644683837890625
-0.0189437866210938 -0.0364456176757813 -0.065277099609375 -0.0952072143554687
0.0344734191894531 -0.0440750122070313 -0.02276611328125 -0.130226135253906
0.08001708984375 -0.015411376953125 -0.045440673828125 -0.152542114257812
0.0981826782226562 0.0270462036132812 -0.0759124755859375 -0.166580200195313
0.100013732910156 0.0647354125976563 0.015472412109375 -0.163131713867187
0.0569114685058594 -0.00953292846679688 -0.0184459686279297 -0.0121784210205078
0.0242385864257813 -0.0267734527587891 0.0844268798828125 0.0307540893554688
-0.00416469573974609 -0.010650634765625 0.121269226074219 -0.0505752563476563
-0.00153052806854248 0.000211119651794433 0.06683349609375 -0.118850708007813
0.00384163856506348 -0.000955104827880859 -0.021148681640625 -0.142669677734375
-0.0123310089111328 -0.00928211212158203 -0.0858535766601562 -0.100021362304688
-0.0174074172973633 -0.0159883499145508 -0.08074951171875 -0.0641632080078125
-0.02069091796875 -0.0142536163330078 -0.0789794921875 -0.042144775390625
-0.0110206604003906 -0.0244712829589844 -0.071746826171875 -0.0452651977539062
0.003662109375 -0.0400657653808594 -0.07293701171875 -0.0544815063476562
0.0310287475585938 -0.0533447265625 -0.0713958740234375 -0.0884552001953125
0.0883712768554687 -0.011077880859375 -0.02880859375 -0.11669921875
0.109535217285156 0.0388107299804688 -0.0456466674804687 -0.134864807128906
0.112686157226562 0.10302734375 -0.0633392333984375 -0.140281677246094
0.102088928222656 0.134559631347656 0.0443038940429688 -0.134513854980469
0.0891342163085938 0.0541229248046875 -0.00434255599975586 0.00613212585449219
0.0937042236328125 -0.003448486328125 0.0975189208984375 0.0515670776367188
0.0497932434082031 -0.0346031188964844 0.139892578125 -0.0345382690429688
0.0222625732421875 -0.0473785400390625 0.085723876953125 -0.110893249511719
-0.00868606567382813 -0.0437126159667969 -0.00943756103515624 -0.135360717773438
-0.0402297973632813 -0.0408859252929688 -0.074310302734375 -0.0905227661132813
-0.0428886413574219 -0.0511589050292969 -0.0654754638671875 -0.0512809753417969
-0.0488357543945313 -0.0461196899414062 -0.0661659240722656 -0.0266075134277344
-0.023284912109375 -0.0591659545898438 -0.0671615600585938 -0.0213241577148438
0.0140838623046875 -0.0766754150390625 -0.0740203857421875 -0.0322036743164063
0.0648269653320313 -0.07568359375 -0.0810394287109375 -0.0717849731445313
0.13385009765625 0.003753662109375 -0.0381622314453125 -0.100288391113281
0.134696960449219 0.0747528076171875 -0.0399627685546875 -0.111923217773438
0.1175537109375 0.158233642578125 -0.046966552734375 -0.0937576293945312
0.0828094482421875 0.184463500976563 0.0712661743164063 -0.0803298950195312
0.0991973876953125 0.115814208984375 0.0123100280761719 0.0385284423828125
0.1495361328125 0.0336761474609375 0.102066040039063 0.0793991088867188
0.103469848632813 -0.0442886352539063 0.1494140625 -0.00408935546875
0.0520477294921875 -0.085205078125 0.102928161621094 -0.0858383178710938
-0.0138015747070313 -0.082183837890625 0.00814819335937499 -0.112937927246094
-0.059661865234375 -0.0680809020996094 -0.052001953125 -0.0707550048828125
-0.0618362426757813 -0.0787277221679688 -0.040679931640625 -0.0304985046386719
-0.0727310180664063 -0.0691604614257813 -0.0433692932128906 -0.00342941284179688
-0.03753662109375 -0.0831069946289063 -0.0544967651367188 0.00944137573242186
0.0134353637695312 -0.104385375976563 -0.0679817199707031 -0.00412368774414064
0.0814666748046875 -0.0953140258789063 -0.0852203369140625 -0.04827880859375
0.161453247070313 0.0073699951171875 -0.0454025268554687 -0.0809402465820313
0.146896362304688 0.094512939453125 -0.0259628295898437 -0.0885086059570313
0.109603881835937 0.188217163085938 -0.026519775390625 -0.0381278991699219
0.04644775390625 0.200790405273437 0.0890045166015625 -0.01025390625
0.0818634033203125 0.158676147460938 0.0256271362304688 0.0788421630859375
0.17169189453125 0.07769775390625 0.0943069458007813 0.107307434082031
0.14068603515625 -0.033721923828125 0.144134521484375 0.0332489013671875
0.0802001953125 -0.101806640625 0.109298706054687 -0.0476226806640625
-0.0103530883789063 -0.107818603515625 0.0259780883789063 -0.07611083984375
-0.0678634643554687 -0.0855178833007813 -0.0221214294433594 -0.0428695678710938
-0.0715713500976563 -0.0948257446289063 -0.0105752944946289 -0.00579833984375001
-0.0870208740234375 -0.0825042724609375 -0.0137615203857422 0.0228748321533203
-0.0482711791992188 -0.09503173828125 -0.0342063903808594 0.0415382385253906
0.0106201171875 -0.119033813476563 -0.0570106506347656 0.0244903564453125
0.0879058837890625 -0.102409362792969 -0.0823822021484375 -0.023101806640625
0.169723510742188 0.0143890380859375 -0.0478019714355469 -0.0617713928222656
0.138862609863281 0.107261657714844 -0.00654602050781249 -0.0657730102539063
0.084625244140625 0.194686889648437 -0.00553131103515624 0.0202827453613281
0.00343322753906252 0.178268432617188 0.0963973999023438 0.060699462890625
0.0430755615234375 0.16778564453125 0.0346145629882813 0.117851257324219
0.152236938476563 0.109237670898438 0.07574462890625 0.126747131347656
0.146438598632813 -0.0093994140625 0.122512817382813 0.0661849975585938
0.0936203002929688 -0.0944747924804688 0.101707458496094 -0.00479125976562501
-0.00423431396484374 -0.112876892089844 0.0407638549804687 -0.0324668884277344
-0.0655975341796875 -0.0887069702148438 0.0100221633911133 -0.0114860534667969
-0.07061767578125 -0.095947265625 0.0202960968017578 0.018890380859375
-0.08831787109375 -0.0848236083984375 0.0172309875488281 0.047698974609375
-0.050323486328125 -0.0965042114257813 -0.012664794921875 0.07122802734375
0.0099029541015625 -0.120018005371094 -0.045013427734375 0.0508880615234375
0.089141845703125 -0.095916748046875 -0.0767593383789062 0.00156402587890624
0.160720825195313 0.027496337890625 -0.0489883422851562 -0.0438461303710938
0.112342834472656 0.116531372070312 0.0113029479980469 -0.0443038940429687
0.0454864501953125 0.179168701171875 0.009918212890625 0.0743331909179688
-0.0379409790039063 0.121795654296875 0.0935745239257813 0.118667602539063
-0.000541687011718737 0.138587951660156 0.03814697265625 0.146240234375
0.103309631347656 0.11297607421875 0.0535659790039063 0.132072448730469
0.119926452636719 0.0123138427734375 0.0936660766601563 0.0870208740234375
0.0853347778320313 -0.0698318481445313 0.085784912109375 0.0304794311523438
0.000968933105468741 -0.0968093872070313 0.0500373840332031 0.00852203369140624
-0.0538558959960937 -0.0760269165039063 0.0395889282226563 0.0171356201171875
-0.0589828491210938 -0.0827407836914063 0.04840087890625 0.0394515991210937
-0.0772247314453125 -0.07666015625 0.0467071533203125 0.0693016052246094
-0.044677734375 -0.0875244140625 0.00860595703125 0.0980072021484375
0.01214599609375 -0.108306884765625 -0.0356063842773438 0.07550048828125
0.0846176147460938 -0.0784988403320312 -0.0730972290039063 0.0231704711914063
0.136543273925781 0.0416030883789063 -0.0521469116210938 -0.0282974243164062
0.0732192993164063 0.117713928222656 0.0232048034667969 -0.0228233337402344
-0.00218200683593749 0.14312744140625 0.0142364501953125 0.120185852050781
-0.0705718994140625 0.0437774658203125 0.0854644775390625 0.149307250976563
-0.0403289794921875 0.0828704833984375 0.0418701171875 0.1566162109375
0.0414276123046875 0.0872344970703125 0.0364761352539063 0.127235412597656
0.0703659057617187 0.0240936279296875 0.0708694458007813 0.096405029296875
0.057708740234375 -0.0361099243164063 0.0706558227539063 0.053253173828125
0.00391006469726562 -0.0637245178222656 0.0578117370605469 0.0363273620605469
-0.0347251892089844 -0.0519027709960938 0.0635414123535156 0.0369415283203125
-0.0397453308105469 -0.0573616027832031 0.0699272155761719 0.0535774230957031
-0.0551414489746094 -0.05828857421875 0.068939208984375 0.086334228515625
-0.0320510864257812 -0.0684661865234375 0.022735595703125 0.11895751953125
0.0139617919921875 -0.0843505859375 -0.0325393676757812 0.0965576171875
0.0710296630859375 -0.0530548095703125 -0.074432373046875 0.0424423217773438
0.09857177734375 0.050994873046875 -0.0604438781738281 -0.0181198120117188
0.0258255004882813 0.104751586914063 0.0250759124755859 -0.00443267822265624
-0.049835205078125 0.0877914428710937 0.00341796875 0.153564453125
0.0800399780273438 -0.0151214599609375 -0.0190277099609375 -0.171340942382813
0.00842285156250001 -0.0636711120605469 -0.0302009582519531 -0.0120964050292969
-0.0462188720703125 -0.034393310546875 0.0735702514648438 0.0207290649414062
-0.0460472106933594 0.0233573913574219 0.105781555175781 -0.05975341796875
-0.0118827819824219 0.0484733581542969 0.0501708984375 -0.119674682617188
0.0245361328125 0.035308837890625 -0.031982421875 -0.14202880859375
0.0204753875732422 0.0184822082519531 -0.0944442749023438 -0.0983352661132813
0.0111160278320312 0.0198974609375 -0.0912017822265625 -0.064239501953125
0.00997543334960937 0.0209999084472656 -0.0846939086914063 -0.0428848266601563
-0.00266361236572266 0.0159463882446289 -0.0746307373046875 -0.0527801513671875
-0.0192985534667969 -0.000265121459960936 -0.0786972045898437 -0.0630340576171875
-0.0218944549560547 -0.0349197387695313 -0.0727310180664063 -0.0952529907226563
0.0324249267578125 -0.0465049743652344 -0.0290756225585937 -0.135322570800781
0.0814056396484375 -0.0206375122070313 -0.052734375 -0.155746459960938
0.102081298828125 0.0215606689453125 -0.0847015380859375 -0.166259765625
0.106010437011719 0.0612106323242187 0.00686645507812502 -0.168212890625
0.0571327209472656 -0.0128974914550781 -0.0201854705810547 -0.00939178466796875
0.0222091674804688 -0.0290393829345703 0.0891265869140625 0.0288238525390625
-0.00441980361938476 -0.00865316390991211 0.124519348144531 -0.0585250854492188
-0.000140607357025146 0.0008392333984375 0.0644989013671875 -0.126884460449219
0.00521612167358398 -0.00253200531005859 -0.028900146484375 -0.147232055664063
-0.0129146575927734 -0.00985336303710937 -0.0947189331054688 -0.0987777709960937
-0.0186271667480469 -0.0161819458007813 -0.087310791015625 -0.0615386962890625
-0.0210475921630859 -0.0143928527832031 -0.0842514038085938 -0.0385513305664063
-0.0105628967285156 -0.0252590179443359 -0.0771331787109375 -0.0423583984375
0.00334930419921875 -0.0409889221191406 -0.0800628662109375 -0.0530014038085938
0.0293121337890625 -0.0548973083496094 -0.0799102783203125 -0.0880889892578125
0.0902099609375 -0.0150833129882813 -0.0345687866210937 -0.120674133300781
0.114303588867187 0.0344390869140625 -0.0522003173828125 -0.137901306152344
0.12060546875 0.099334716796875 -0.0710067749023438 -0.140380859375
0.111495971679688 0.133163452148438 0.03741455078125 -0.139900207519531
0.0936508178710938 0.051361083984375 -0.00530815124511718 0.0089406967163086
0.0951919555664063 -0.0082855224609375 0.102973937988281 0.0497360229492188
0.0495185852050781 -0.03668212890625 0.143783569335937 -0.042724609375
0.0213279724121094 -0.049591064453125 0.0843048095703125 -0.119918823242187
-0.0098419189453125 -0.0450363159179688 -0.0168228149414063 -0.140548706054688
-0.0424652099609375 -0.0406341552734375 -0.0819854736328125 -0.0891799926757813
-0.0467491149902344 -0.0511970520019531 -0.071380615234375 -0.0490493774414063
-0.052154541015625 -0.0457916259765625 -0.0703887939453125 -0.0229949951171875
-0.0251731872558594 -0.0603866577148438 -0.0712661743164063 -0.017822265625
0.0121917724609375 -0.0798416137695313 -0.0799942016601563 -0.0299758911132813
0.0632476806640625 -0.0804214477539063 -0.0898208618164063 -0.0701065063476563
0.137901306152344 -0.00246429443359375 -0.0440750122070312 -0.10418701171875
0.141738891601563 0.0709228515625 -0.0456314086914062 -0.114234924316406
0.12896728515625 0.15618896484375 -0.052001953125 -0.0935821533203125
0.09368896484375 0.18609619140625 0.0675201416015625 -0.0853195190429687
0.107780456542969 0.114463806152344 0.0129013061523438 0.04156494140625
0.155441284179687 0.0272064208984375 0.108779907226563 0.0781478881835938
0.10400390625 -0.049560546875 0.15594482421875 -0.011627197265625
0.0503997802734375 -0.0899810791015625 0.102920532226563 -0.0949554443359375
-0.0172119140625 -0.083770751953125 0.00279235839843749 -0.117500305175781
-0.0643844604492188 -0.0672149658203125 -0.0581779479980469 -0.0698776245117188
-0.0682373046875 -0.0783615112304688 -0.0445785522460938 -0.0293540954589844
-0.07806396484375 -0.0682601928710938 -0.0457878112792969 -0.000461578369140627
-0.0417633056640625 -0.0838165283203125 -0.0563812255859375 0.0134811401367187
0.00988006591796875 -0.10821533203125 -0.07330322265625 -0.000549316406250017
0.0797271728515625 -0.101753234863281 -0.093994140625 -0.0452880859375
0.167648315429688 -0.000518798828125 -0.051300048828125 -0.0841064453125
0.1553955078125 0.0899505615234375 -0.0309600830078125 -0.0912704467773438
0.12249755859375 0.18798828125 -0.0285224914550781 -0.0373878479003906
0.0575714111328125 0.204879760742188 0.088775634765625 -0.014007568359375
0.0919647216796875 0.160049438476563 0.0283660888671875 0.0828323364257813
0.180587768554688 0.0711212158203125 0.101707458496094 0.107376098632812
0.142822265625 -0.040130615234375 0.151519775390625 0.0269012451171875
0.0777053833007813 -0.108818054199219 0.111709594726562 -0.055633544921875
-0.0153961181640625 -0.110916137695313 0.0232696533203125 -0.08026123046875
-0.07342529296875 -0.08453369140625 -0.02569580078125 -0.0421867370605469
-0.0793991088867188 -0.0938568115234375 -0.0123987197875977 -0.00551128387451173
-0.0938339233398438 -0.0804290771484375 -0.0136280059814453 0.0248241424560547
-0.053497314453125 -0.0956039428710937 -0.0338325500488281 0.0457992553710937
0.0056304931640625 -0.122734069824219 -0.0606536865234375 0.0285072326660156
0.0858154296875 -0.109054565429688 -0.0902557373046875 -0.0190353393554688
0.175521850585937 0.005523681640625 -0.0537338256835937 -0.0640029907226563
0.148162841796875 0.103988647460937 -0.0106239318847656 -0.0692901611328125
0.0974273681640625 0.195709228515625 -0.00440025329589843 0.0212135314941406
0.0113067626953125 0.184249877929688 0.100067138671875 0.0578994750976563
0.0531005859375 0.171371459960938 0.0385665893554688 0.122123718261719
0.163070678710938 0.10491943359375 0.0838546752929688 0.128120422363281
0.15093994140625 -0.0164947509765625 0.130851745605469 0.0618743896484375
0.0918731689453125 -0.102798461914063 0.106056213378906 -0.01080322265625
-0.00984191894531249 -0.116592407226563 0.0406761169433594 -0.035736083984375
-0.0716781616210938 -0.0874481201171875 0.00916767120361328 -0.0120925903320313
-0.0785293579101562 -0.0950927734375 0.0208854675292969 0.0180225372314453
-0.0956649780273437 -0.0822067260742188 0.0199089050292969 0.0487289428710937
-0.056793212890625 -0.0962753295898437 -0.0089111328125 0.0751190185546875
0.00415039062499999 -0.123626708984375 -0.0465888977050781 0.0550765991210937
0.0865859985351563 -0.103240966796875 -0.08245849609375 0.00583648681640625
0.167312622070313 0.019287109375 -0.0540351867675781 -0.0449714660644531
0.121742248535156 0.114410400390625 0.00904846191406251 -0.047943115234375
0.055999755859375 0.181686401367188 0.0137405395507813 0.0755157470703125
-0.0339508056640625 0.128578186035156 0.098907470703125 0.117446899414063
0.00604248046875001 0.144195556640625 0.044281005859375 0.150543212890625
0.1138916015625 0.11041259765625 0.0612869262695313 0.135597229003906
0.124984741210938 0.00687408447265625 0.102874755859375 0.08624267578125
0.0842056274414063 -0.0772171020507813 0.091064453125 0.0273361206054687
-0.00432586669921874 -0.100128173828125 0.0527992248535156 0.00607681274414062
-0.0592727661132813 -0.0751495361328125 0.041656494140625 0.0158615112304687
-0.0670394897460938 -0.0815887451171875 0.0514335632324219 0.0377235412597656
-0.0842132568359375 -0.0736846923828125 0.0517921447753906 0.0695877075195313
-0.0504226684570313 -0.0873260498046875 0.0138168334960938 0.101310729980469
0.00661468505859375 -0.111488342285156 -0.0353012084960937 0.0801010131835938
0.082672119140625 -0.0855865478515625 -0.0774078369140625 0.0280075073242187
0.1435546875 0.03485107421875 -0.0562362670898437 -0.0284004211425781
0.0820541381835937 0.117439270019531 0.0219554901123047 -0.0265102386474609
0.0052642822265625 0.147628784179688 0.0202178955078125 0.122940063476563
-0.0717315673828125 0.04998779296875 0.0920562744140625 0.149429321289063
-0.0369720458984375 0.0881195068359375 0.048126220703125 0.160018920898438
0.0486907958984375 0.0873565673828125 0.043121337890625 0.1314697265625
0.07440185546875 0.0205459594726563 0.0786361694335938 0.0968093872070313
0.0572280883789062 -0.0419654846191406 0.076751708984375 0.051239013671875
-0.000488281250000003 -0.06597900390625 0.062835693359375 0.0350570678710937
-0.0389022827148437 -0.05035400390625 0.0672111511230469 0.0347137451171875
-0.0460853576660156 -0.0564308166503906 0.0748825073242188 0.0509567260742188
-0.0611610412597656 -0.0555458068847656 0.0758132934570312 0.08526611328125
-0.0372734069824219 -0.0679435729980469 0.0300064086914062 0.122390747070313
0.009246826171875 -0.0872344970703125 -0.03045654296875 0.102142333984375
0.0695228576660156 -0.0591926574707031 -0.0771713256835938 0.0469436645507813
0.105125427246094 0.045806884765625 -0.0639114379882812 -0.0169601440429688
0.0334701538085938 0.106544494628906 0.0246429443359375 -0.00802612304687499
-0.0473556518554688 0.0935134887695312 0.0105743408203125 0.157577514648437
0.0797500610351563 -0.019805908203125 -0.027801513671875 -0.171859741210938
0.00386810302734375 -0.0646934509277344 -0.03094482421875 -0.00902938842773438
-0.0491867065429687 -0.0311164855957031 0.0768356323242188 0.0183486938476562
-0.0440597534179688 0.0277023315429688 0.105415344238281 -0.0657272338867188
-0.00751495361328125 0.0497779846191406 0.0463409423828125 -0.124549865722656
0.0269908905029297 0.0331878662109375 -0.0396881103515625 -0.1431884765625
0.0217037200927734 0.01629638671875 -0.101371765136719 -0.094879150390625
0.0132026672363281 0.0187339782714844 -0.0962905883789062 -0.0595245361328125
0.0122470855712891 0.0191860198974609 -0.08746337890625 -0.0381698608398438
-0.000831604003906251 0.0153446197509766 -0.078887939453125 -0.0497894287109375
-0.0183963775634766 0.00120735168457031 -0.0842056274414063 -0.0598983764648438
-0.02423095703125 -0.0324230194091797 -0.078948974609375 -0.093353271484375
0.0297279357910156 -0.0482673645019531 -0.0352554321289062 -0.13726806640625
0.0802841186523438 -0.0255966186523438 -0.058624267578125 -0.15618896484375
0.103759765625 0.0155410766601563 -0.090972900390625 -0.163101196289063
0.109207153320312 0.0560836791992187 -0.0015106201171875 -0.168670654296875
0.0556793212890625 -0.01593017578125 -0.0204696655273437 -0.00639152526855469
0.0200538635253906 -0.029541015625 0.0921783447265625 0.0265579223632812
-0.00367307662963867 -0.00660610198974609 0.124099731445313 -0.065582275390625
0.00184440612792969 0.00105345249176025 0.0601272583007813 -0.13275146484375
0.00637149810791016 -0.00374507904052734 -0.0373382568359375 -0.148895263671875
-0.0126800537109375 -0.0108356475830078 -0.101570129394531 -0.0951385498046875
-0.0192623138427734 -0.0163726806640625 -0.092864990234375 -0.056915283203125
-0.0210227966308594 -0.0148506164550781 -0.08758544921875 -0.0338516235351563
-0.0105381011962891 -0.0263214111328125 -0.0809707641601563 -0.0390548706054687
0.00302886962890625 -0.0419235229492188 -0.0857925415039062 -0.0496368408203125
0.02716064453125 -0.0554237365722656 -0.0867156982421875 -0.0854339599609375
0.0902328491210938 -0.0189971923828125 -0.0404052734375 -0.123153686523438
0.116325378417969 0.0291900634765625 -0.0582046508789063 -0.13726806640625
0.126022338867188 0.0931930541992188 -0.07586669921875 -0.136924743652344
0.117912292480469 0.128433227539063 0.02978515625 -0.141693115234375
0.0962142944335938 0.0470733642578125 -0.00530052185058593 0.0122642517089844
0.09490966796875 -0.0130767822265625 0.107376098632813 0.0464859008789063
0.0484962463378906 -0.0376129150390625 0.144729614257812 -0.0507049560546875
0.0203704833984375 -0.050262451171875 0.0806655883789063 -0.126785278320313
-0.0110740661621094 -0.0457534790039063 -0.0244903564453125 -0.141830444335938
-0.0443458557128906 -0.039764404296875 -0.0883941650390625 -0.0854949951171875
-0.0501708984375 -0.0499916076660156 -0.075836181640625 -0.0454864501953125
-0.0544052124023437 -0.0447235107421875 -0.0731430053710938 -0.0186996459960938
-0.0269393920898438 -0.0604095458984375 -0.074127197265625 -0.0136947631835938
0.010162353515625 -0.0811233520507813 -0.0847702026367188 -0.0259017944335937
0.0608749389648438 -0.0829849243164063 -0.0968170166015625 -0.06646728515625
0.139114379882812 -0.00887298583984375 -0.05023193359375 -0.105827331542969
0.145828247070313 0.06488037109375 -0.0505218505859375 -0.114471435546875
0.137237548828125 0.149948120117188 -0.0552978515625 -0.091064453125
0.103179931640625 0.183334350585938 0.0616912841796875 -0.0882949829101562
0.113677978515625 0.110641479492188 0.0138206481933594 0.044525146484375
0.15740966796875 0.0197906494140625 0.114212036132813 0.075531005859375
0.103111267089844 -0.0533447265625 0.158111572265625 -0.0197906494140625
0.0463333129882813 -0.0927810668945313 0.101112365722656 -0.102310180664063
-0.0204620361328125 -0.0846328735351563 -0.00341033935546875 -0.119911193847656
-0.0671005249023438 -0.0654449462890625 -0.0625076293945312 -0.0667495727539063
-0.0738143920898438 -0.075958251953125 -0.0478973388671875 -0.0268592834472656
-0.0818710327148438 -0.065216064453125 -0.0471534729003906 0.003173828125
-0.045074462890625 -0.0832672119140625 -0.0570602416992188 0.0175056457519531
0.00565338134765625 -0.109710693359375 -0.0765762329101563 0.00368499755859373
0.0757369995117187 -0.105941772460937 -0.100212097167969 -0.0405807495117188
0.168975830078125 -0.0088653564453125 -0.0572280883789063 -0.0853729248046875
0.160873413085937 0.084259033203125 -0.0355453491210937 -0.0923919677734375
0.132843017578125 0.183013916015625 -0.0294456481933594 -0.0359992980957031
0.0670013427734375 0.20489501953125 0.0866241455078125 -0.0176925659179687
0.100494384765625 0.157135009765625 0.0304946899414063 0.0849761962890625
0.18572998046875 0.0623931884765625 0.107933044433594 0.105247497558594
0.143157958984375 -0.0464630126953125 0.155807495117188 0.019317626953125
0.073394775390625 -0.113685607910156 0.111259460449219 -0.06280517578125
-0.0204238891601563 -0.111366271972656 0.0196380615234375 -0.0828170776367188
-0.0782546997070313 -0.0816116333007813 -0.02880859375 -0.0403099060058594
-0.0859756469726562 -0.0906753540039063 -0.0136566162109375 -0.00441646575927735
-0.0986709594726563 -0.0761032104492187 -0.0132579803466797 0.0266532897949219
-0.0576629638671875 -0.093780517578125 -0.0317497253417969 0.0489082336425781
0.000564575195312495 -0.124053955078125 -0.0622634887695313 0.0330314636230469
0.0808334350585937 -0.114372253417969 -0.0959854125976563 -0.0139694213867187
0.178009033203125 -0.00372314453125 -0.059112548828125 -0.0642776489257813
0.154434204101563 0.09814453125 -0.0140914916992187 -0.0708999633789063
0.108184814453125 0.192108154296875 -0.00277709960937499 0.0216140747070313
0.0196685791015625 0.186904907226563 0.100669860839844 0.0546112060546875
0.0621185302734375 0.171188354492188 0.0425872802734375 0.123588562011719
0.17071533203125 0.09710693359375 0.0906448364257813 0.127296447753906
0.152481079101563 -0.0234527587890625 0.13623046875 0.0559921264648438
0.0879898071289062 -0.108474731445313 0.108268737792969 -0.0167770385742188
-0.0158157348632813 -0.1168212890625 0.0397377014160156 -0.0381698608398438
-0.0764694213867188 -0.084503173828125 0.00824737548828124 -0.0114173889160156
-0.0855560302734375 -0.0915451049804688 0.0216522216796875 0.0171394348144531
-0.101699829101563 -0.076995849609375 0.0224533081054687 0.0485305786132812
-0.0612411499023438 -0.0943756103515625 -0.00550842285156251 0.077423095703125
-0.001678466796875 -0.124443054199219 -0.0470619201660156 0.0593376159667969
0.0821380615234375 -0.10821533203125 -0.0865707397460937 0.010650634765625
0.170364379882813 0.0095062255859375 -0.058380126953125 -0.0445098876953125
0.129539489746094 0.110313415527344 0.00601577758789063 -0.0508499145507812
0.065277099609375 0.180389404296875 0.01800537109375 0.0756607055664063
-0.0283203125 0.132827758789062 0.102348327636719 0.114372253417969
0.0140533447265625 0.146194458007813 0.048980712890625 0.151519775390625
0.121841430664063 0.105682373046875 0.0678329467773438 0.135665893554688
0.127403259277344 0.0008087158203125 0.108718872070313 0.08172607421875
0.0809860229492188 -0.0831069946289063 0.0946273803710937 0.0224227905273437
-0.0099945068359375 -0.100860595703125 0.0544471740722656 0.00348281860351562
-0.0634841918945313 -0.0718536376953125 0.0427055358886719 0.014739990234375
-0.0734176635742188 -0.0785140991210937 0.05352783203125 0.0352745056152344
-0.0896453857421875 -0.0689849853515625 0.0553550720214844 0.0677719116210938
-0.0552139282226562 -0.0847244262695313 0.019134521484375 0.102668762207031
0.000175476074218756 -0.112472534179688 -0.0343780517578125 0.0841751098632813
0.0783538818359375 -0.0901947021484375 -0.0799102783203125 0.0329132080078125
0.147262573242187 0.0262451171875 -0.0595436096191406 -0.0280036926269531
0.0898818969726563 0.114356994628906 0.0201492309570313 -0.0300827026367187
0.0125274658203125 0.1483154296875 0.0262985229492187 0.122413635253906
-0.0702781677246094 0.0553932189941406 0.097503662109375 0.147048950195313
-0.032379150390625 0.0919570922851563 0.054107666015625 0.160919189453125
0.0553054809570312 0.0844497680664062 0.0496444702148438 0.132553100585938
0.0771636962890625 0.0159988403320313 0.085235595703125 0.0943756103515625
0.0550270080566406 -0.045654296875 0.0811004638671875 0.0483322143554688
-0.00520706176757812 -0.06689453125 0.0658340454101563 0.0324668884277344
-0.0424690246582031 -0.04736328125 0.0697059631347656 0.0320281982421875
-0.050537109375 -0.0536613464355469 0.0775985717773438 0.046875
-0.0655364990234375 -0.0511550903320312 0.0812759399414063 0.0821456909179687
-0.0416641235351563 -0.0659446716308594 0.03704833984375 0.122703552246094
0.00357055664062499 -0.0876617431640625 -0.0274658203125 0.105522155761719
0.06646728515625 -0.0636711120605469 -0.077972412109375 0.0518417358398437
0.1092529296875 0.0388870239257813 -0.066650390625 -0.0153961181640625
0.0402145385742188 0.10540771484375 0.0235729217529297 -0.0114936828613281
-0.0427780151367188 0.0967788696289063 0.0179901123046875 0.157852172851563
0.0788955688476563 -0.0222396850585938 -0.032745361328125 -0.170272827148437
0.000217437744140618 -0.0645408630371094 -0.0305938720703125 -0.00664138793945313
-0.051300048828125 -0.0286788940429687 0.0792160034179687 0.0176925659179687
-0.0422019958496094 0.0301132202148438 0.105377197265625 -0.0694732666015625
-0.00442123413085937 0.0499420166015625 0.0441360473632813 -0.128173828125
0.0287017822265625 0.0310516357421875 -0.0439300537109375 -0.143707275390625
0.0223331451416016 0.0145912170410156 -0.105377197265625 -0.0921859741210938
0.0139999389648437 0.0178356170654297 -0.0987777709960938 -0.0555038452148437
0.0132274627685547 0.0175647735595703 -0.0888671875 -0.0350418090820313
0.00107574462890625 0.0135927200317383 -0.0816116333007813 -0.0480575561523437
-0.0174646377563477 0.00141620635986328 -0.0873870849609375 -0.0575103759765625
-0.0249214172363281 -0.0301113128662109 -0.0826263427734375 -0.0915985107421875
0.0279808044433594 -0.048858642578125 -0.0384445190429688 -0.138374328613281
0.0784454345703125 -0.0289230346679688 -0.0615692138671875 -0.154922485351563
0.103462219238281 0.0115432739257813 -0.0925140380859375 -0.159591674804688
0.110603332519531 0.0526046752929688 -0.00692749023437499 -0.167953491210938
0.0533599853515625 -0.0175704956054687 -0.0207290649414062 -0.00325965881347657
0.0179004669189453 -0.02874755859375 0.0941925048828125 0.0251312255859375
-0.0028843879699707 -0.00515174865722656 0.124374389648438 -0.0698318481445313
0.00367140769958496 0.00168275833129883 0.057373046875 -0.136741638183594
0.00745820999145508 -0.00515222549438477 -0.0421295166015625 -0.149032592773438
-0.0126848220825195 -0.0117740631103516 -0.105667114257813 -0.0914077758789063
-0.0200099945068359 -0.0168056488037109 -0.0957717895507813 -0.0531005859375
-0.0209865570068359 -0.0156421661376953 -0.0890121459960938 -0.0300445556640625
-0.00986480712890625 -0.0279312133789063 -0.083465576171875 -0.0364532470703125
0.00316619873046875 -0.0421981811523438 -0.0889358520507813 -0.0472564697265625
0.0256156921386719 -0.0547218322753906 -0.0907669067382813 -0.0833282470703125
0.089813232421875 -0.0213165283203125 -0.043914794921875 -0.125091552734375
0.116378784179688 0.0254287719726563 -0.06097412109375 -0.136863708496094
0.128555297851563 0.0888519287109375 -0.078155517578125 -0.13385009765625
0.121421813964844 0.125137329101562 0.0248260498046875 -0.14178466796875
0.0964889526367188 0.0441741943359375 -0.00525093078613281 0.0150985717773438
0.09332275390625 -0.0153732299804687 0.109634399414063 0.0452423095703125
0.0483016967773438 -0.0372772216796875 0.14556884765625 -0.0556793212890625
0.0198554992675781 -0.0505867004394531 0.0781478881835938 -0.131317138671875
-0.0108871459960938 -0.04620361328125 -0.02960205078125 -0.142791748046875
-0.0449981689453125 -0.0396080017089844 -0.091796875 -0.082366943359375
-0.0516510009765625 -0.0492134094238281 -0.0785446166992188 -0.0421905517578125
-0.05535888671875 -0.0438117980957031 -0.0744247436523438 -0.0149765014648437
-0.027496337890625 -0.0613288879394531 -0.0755157470703125 -0.0107879638671875
0.0095367431640625 -0.0820388793945313 -0.088134765625 -0.0230026245117188
0.0589141845703125 -0.0840377807617188 -0.1014404296875 -0.0635223388671875
0.139366149902344 -0.0130157470703125 -0.0538864135742187 -0.107612609863281
0.1473388671875 0.06085205078125 -0.0535049438476562 -0.114349365234375
0.141021728515625 0.146041870117187 -0.0563430786132812 -0.0894088745117188
0.107894897460938 0.180023193359375 0.05804443359375 -0.0891494750976562
0.116935729980469 0.107963562011719 0.01385498046875 0.0472679138183594
0.157821655273438 0.0149993896484375 0.117027282714844 0.0741806030273438
0.10235595703125 -0.05517578125 0.159103393554687 -0.025390625
0.0445632934570313 -0.0944137573242188 0.0992202758789063 -0.107513427734375
-0.0216293334960938 -0.0844573974609375 -0.00720214843749999 -0.1207275390625
-0.0687446594238281 -0.0639762878417969 -0.0650444030761719 -0.0640220642089844
-0.076507568359375 -0.0738677978515625 -0.0497360229492188 -0.0247230529785156
-0.083953857421875 -0.063018798828125 -0.047454833984375 0.00551605224609375
-0.046295166015625 -0.082611083984375 -0.0573081970214844 0.0200729370117188
0.00403594970703126 -0.110313415527344 -0.0795135498046875 0.00711059570312501
0.0732040405273438 -0.107284545898438 -0.104728698730469 -0.0368194580078125
0.168991088867188 -0.013763427734375 -0.0610733032226563 -0.0865631103515625
0.162948608398438 0.0798797607421875 -0.03790283203125 -0.0928573608398437
0.137954711914063 0.1785888671875 -0.0292720794677734 -0.0349369049072265
0.0724029541015625 0.20379638671875 0.0839309692382813 -0.0191268920898437
0.105697631835938 0.1552734375 0.031646728515625 0.0871734619140625
0.18798828125 0.0561676025390625 0.111724853515625 0.104629516601563
0.142333984375 -0.0497283935546875 0.158004760742187 0.014556884765625
0.0701675415039063 -0.116020202636719 0.110931396484375 -0.067108154296875
-0.0233078002929688 -0.110870361328125 0.0168685913085938 -0.084259033203125
-0.0801773071289063 -0.0795440673828125 -0.0300025939941406 -0.0388450622558594
-0.0901260375976563 -0.0881500244140625 -0.0147609710693359 -0.00333404541015625
-0.101417541503906 -0.0728530883789062 -0.0131301879882813 0.0276584625244141
-0.059814453125 -0.0924835205078125 -0.0306472778320313 0.0512809753417969
-0.00257873535156249 -0.124069213867188 -0.0639114379882812 0.0367355346679688
0.0782852172851563 -0.116378784179688 -0.0997848510742187 -0.00990295410156251
0.1783447265625 -0.0099334716796875 -0.0625724792480469 -0.0657424926757813
0.157150268554687 0.0939788818359375 -0.0167388916015625 -0.072479248046875
0.113433837890625 0.188339233398438 -0.00125503540039062 0.0219497680664063
0.0245361328125 0.187744140625 0.0996322631835938 0.0525054931640625
0.0670928955078125 0.17034912109375 0.0444259643554687 0.125099182128906
0.174896240234375 0.0915679931640625 0.0940475463867188 0.126571655273437
0.152587890625 -0.0275115966796875 0.13909912109375 0.052032470703125
0.0850448608398438 -0.111572265625 0.109001159667969 -0.0212936401367188
-0.0187911987304688 -0.117012023925781 0.0390777587890625 -0.0399360656738281
-0.0786209106445313 -0.0815277099609375 0.00787067413330078 -0.0107898712158203
-0.0901336669921875 -0.0882644653320312 0.0210800170898437 0.0170192718505859
-0.10406494140625 -0.072906494140625 0.0232315063476562 0.0488510131835937
-0.0636978149414063 -0.0921478271484375 -0.003143310546875 0.0789718627929688
-0.00522613525390625 -0.124336242675781 -0.0478744506835938 0.0623550415039062
0.0791702270507813 -0.110702514648438 -0.0899734497070313 0.0140533447265625
0.170440673828125 0.0037689208984375 -0.061309814453125 -0.0453720092773438
0.13275146484375 0.106391906738281 0.00381851196289064 -0.052978515625
0.07049560546875 0.178329467773437 0.0204086303710937 0.0747528076171875
-0.0249404907226563 0.135627746582031 0.102951049804688 0.112403869628906
0.01861572265625 0.146697998046875 0.0514373779296875 0.152587890625
0.126205444335938 0.101005554199219 0.0713348388671875 0.135543823242188
0.12841796875 -0.00347137451171875 0.111915588378906 0.0791473388671875
0.078399658203125 -0.086639404296875 0.096466064453125 0.01959228515625
-0.013214111328125 -0.100776672363281 0.054931640625 0.00194931030273437
-0.0654563903808594 -0.0691184997558594 0.0429954528808594 0.0139007568359375
-0.0772552490234375 -0.0750198364257812 0.0534858703613281 0.0334815979003906
-0.0922698974609375 -0.064544677734375 0.0577468872070312 0.0667152404785156
-0.0580062866210938 -0.0823593139648438 0.0226593017578125 0.102859497070312
-0.0038299560546875 -0.112007141113281 -0.0340118408203125 0.0865554809570312
0.0751876831054688 -0.092437744140625 -0.08154296875 0.0361251831054688
0.148162841796875 0.0202178955078125 -0.0617942810058594 -0.0279121398925781
0.094329833984375 0.11151123046875 0.0179729461669922 -0.0330924987792969
0.0166168212890625 0.148590087890625 0.0297012329101562 0.121597290039063
-0.0687828063964844 0.0593032836914063 0.0988006591796875 0.14459228515625
-0.0287017822265625 0.0936431884765625 0.0561370849609375 0.16131591796875
0.0594482421875 0.0816497802734375 0.0530548095703125 0.133476257324219
0.0784988403320313 0.01312255859375 0.0887298583984375 0.09271240234375
0.052825927734375 -0.0485458374023438 0.0840988159179687 0.0463790893554688
-0.00832366943359375 -0.0661582946777344 0.0678825378417969 0.0305213928222656
-0.0438957214355469 -0.0449485778808594 0.0708465576171875 0.030609130859375
-0.0534172058105469 -0.050689697265625 0.0788803100585938 0.0439910888671875
-0.0680999755859375 -0.0474967956542969 0.083770751953125 0.0798416137695313
-0.0444068908691406 -0.0638389587402344 0.0417251586914062 0.122337341308594
6.1035156249999E-05 -0.0880126953125 -0.0262222290039063 0.107749938964844
0.0636138916015625 -0.0664291381835937 -0.0790176391601562 0.05511474609375
0.110916137695313 0.0336074829101563 -0.0684280395507813 -0.0152816772460938
0.0451278686523438 0.103828430175781 0.0221023559570313 -0.0142173767089844
-0.0397720336914063 0.0988311767578125 0.0220794677734375 0.157318115234375
0.0792236328125 -0.024017333984375 -0.0353546142578125 -0.171585083007813
-0.00197219848632813 -0.0649147033691406 -0.0302467346191406 -0.00473594665527344
-0.0532760620117188 -0.0268821716308594 0.08197021484375 0.018463134765625
-0.0408973693847656 0.0319976806640625 0.107345581054688 -0.0723495483398438
-0.001708984375 0.0508537292480469 0.0440521240234375 -0.13189697265625
0.0303726196289063 0.0297317504882812 -0.04718017578125 -0.146560668945313
0.0231513977050781 0.0127468109130859 -0.10882568359375 -0.0921249389648437
0.0148792266845703 0.0170259475708008 -0.101470947265625 -0.0541763305664063
0.0136098861694336 0.0158233642578125 -0.0898895263671875 -0.034332275390625
0.00192165374755859 0.0122661590576172 -0.0842742919921875 -0.0472564697265625
-0.0163726806640625 0.00177764892578125 -0.0912399291992188 -0.0572967529296875
-0.0252590179443359 -0.0279331207275391 -0.0852584838867188 -0.0926895141601562
0.0273513793945313 -0.0490531921386719 -0.039947509765625 -0.142288208007813
0.0774307250976563 -0.0313186645507813 -0.06243896484375 -0.157516479492188
0.103630065917969 0.00957489013671875 -0.0921630859375 -0.159698486328125
0.112388610839844 0.0514755249023437 -0.0091552734375 -0.16937255859375
0.0523529052734375 -0.0178413391113281 -0.0204868316650391 -0.00062370300292969
0.0166664123535156 -0.0282344818115234 0.0973358154296875 0.0255355834960938
-0.00145196914672852 -0.00380325317382813 0.126220703125 -0.0728836059570313
0.00477457046508789 0.00181865692138672 0.0572509765625 -0.140731811523438
0.00857925415039063 -0.00650119781494141 -0.0453643798828125 -0.152053833007813
-0.0123796463012695 -0.0128965377807617 -0.109352111816406 -0.09124755859375
-0.0200328826904297 -0.0175094604492188 -0.0985641479492188 -0.0512847900390625
-0.0209503173828125 -0.0168838500976563 -0.0906829833984375 -0.02850341796875
-0.00907325744628906 -0.0297164916992187 -0.0859146118164063 -0.0359649658203125
0.00420379638671875 -0.0431861877441406 -0.09295654296875 -0.0459442138671875
0.0261878967285156 -0.0538444519042969 -0.0944290161132813 -0.0838394165039063
0.0902938842773438 -0.02197265625 -0.0454330444335938 -0.129096984863281
0.11676025390625 0.0241622924804687 -0.0619049072265625 -0.139312744140625
0.129615783691406 0.0877304077148438 -0.07733154296875 -0.134986877441406
0.123931884765625 0.124664306640625 0.0224456787109375 -0.142227172851563
0.0971221923828125 0.0440597534179688 -0.00525665283203124 0.0182838439941406
0.0939254760742187 -0.0157546997070313 0.112884521484375 0.046173095703125
0.0499496459960938 -0.0371208190917969 0.14788818359375 -0.058685302734375
0.0207252502441406 -0.0509529113769531 0.07855224609375 -0.135894775390625
-0.0105438232421875 -0.0477638244628906 -0.0319976806640625 -0.145294189453125
-0.0452461242675781 -0.0402717590332031 -0.0946426391601562 -0.08135986328125
-0.0534400939941406 -0.0498313903808594 -0.081207275390625 -0.0402297973632812
-0.0560188293457031 -0.0448036193847656 -0.075836181640625 -0.0132369995117188
-0.0268402099609375 -0.0627708435058594 -0.0778884887695313 -0.00967407226562499
0.0096435546875 -0.083709716796875 -0.0923080444335937 -0.021392822265625
0.059661865234375 -0.0843505859375 -0.105911254882813 -0.0632781982421875
0.14117431640625 -0.013946533203125 -0.0563125610351563 -0.111282348632813
0.14892578125 0.060272216796875 -0.0543594360351563 -0.117141723632813
0.143707275390625 0.145538330078125 -0.0555801391601562 -0.0893783569335938
0.110946655273438 0.181442260742187 0.0561904907226563 -0.089447021484375
0.118858337402344 0.107803344726563 0.01409912109375 0.0508499145507813
0.15997314453125 0.0129241943359375 0.120063781738281 0.07550048828125
0.103675842285156 -0.0557327270507813 0.162429809570313 -0.0281219482421875
0.0446929931640625 -0.0961532592773437 0.100616455078125 -0.111572265625
-0.0216217041015625 -0.086029052734375 -0.00914001464843749 -0.122955322265625
-0.0694923400878906 -0.0646095275878906 -0.0671539306640625 -0.0630836486816406
-0.0793075561523438 -0.0742950439453125 -0.0521926879882813 -0.0232772827148438
-0.0858306884765625 -0.0632858276367187 -0.0491180419921875 0.00746536254882812
-0.0465087890625 -0.0843276977539063 -0.0582122802734375 0.0217208862304688
0.00382995605468751 -0.112167358398438 -0.0830307006835938 0.00893402099609374
0.074066162109375 -0.109039306640625 -0.109825134277344 -0.0357513427734375
0.171340942382813 -0.015869140625 -0.0641403198242187 -0.0899887084960938
0.16534423828125 0.0795440673828125 -0.0395584106445313 -0.0955123901367188
0.141326904296875 0.17889404296875 -0.0283775329589844 -0.0347347259521484
0.0756988525390625 0.206085205078125 0.0830612182617187 -0.0194931030273437
0.108154296875 0.156204223632813 0.0318756103515625 0.0909423828125
0.190826416015625 0.0541229248046875 0.113975524902344 0.106063842773438
0.144607543945313 -0.051422119140625 0.161453247070313 0.012451171875
0.0704345703125 -0.118499755859375 0.112747192382812 -0.0714111328125
-0.0242843627929688 -0.112548828125 0.0162353515625 -0.0859222412109375
-0.0815200805664063 -0.07958984375 -0.0307769775390625 -0.0377349853515625
-0.0932540893554687 -0.0876541137695313 -0.0162982940673828 -0.00243282318115235
-0.103652954101563 -0.0721588134765625 -0.0132350921630859 0.0299129486083984
-0.0604782104492187 -0.092987060546875 -0.03082275390625 0.0531272888183594
-0.00351715087890625 -0.125938415527344 -0.067230224609375 0.0392265319824219
0.0783157348632813 -0.1185302734375 -0.104179382324219 -0.00756835937499998
0.180694580078125 -0.012359619140625 -0.0660667419433594 -0.0679588317871094
0.159805297851563 0.0935211181640625 -0.018157958984375 -0.075469970703125
0.116455078125 0.189605712890625 -8.58306884765545E-05 0.0221672058105469
0.02703857421875 0.191146850585938 0.098846435546875 0.0533218383789063
0.0699462890625 0.17236328125 0.0444793701171875 0.129135131835938
0.179183959960937 0.089324951171875 0.0965652465820313 0.129234313964844
0.154769897460938 -0.0295257568359375 0.142120361328125 0.0509796142578125
0.0848846435546875 -0.114860534667969 0.111396789550781 -0.0237274169921875
-0.020263671875 -0.118400573730469 0.0391921997070312 -0.0408859252929688
-0.0802154541015625 -0.0814895629882813 0.00827884674072265 -0.00990867614746094
-0.0933837890625 -0.0872116088867188 0.0210838317871094 0.0175838470458984
-0.10662841796875 -0.0715484619140625 0.0241127014160156 0.0500259399414062
-0.0646514892578125 -0.0920028686523437 -0.0020294189453125 0.0809097290039063
-0.0067596435546875 -0.125526428222656 -0.0498924255371094 0.0657005310058593
0.0790863037109375 -0.112625122070313 -0.0938491821289063 0.0171356201171875
0.173675537109375 0.0008544921875 -0.0643653869628906 -0.0474319458007812
0.136154174804688 0.105903625488281 0.00218963623046875 -0.055572509765625
0.07318115234375 0.180206298828125 0.02154541015625 0.0755386352539063
-0.0228118896484375 0.139541625976563 0.103126525878906 0.11334228515625
0.02130126953125 0.14947509765625 0.0511627197265625 0.156600952148438
0.130393981933594 0.0994110107421875 0.0734710693359375 0.139213562011719
0.130966186523438 -0.00510406494140625 0.114608764648438 0.0793914794921875
0.0781784057617188 -0.0898284912109375 0.0989913940429688 0.017913818359375
-0.015472412109375 -0.101806640625 0.0563888549804688 0.00131988525390624
-0.0670242309570313 -0.0684318542480469 0.0443916320800781 0.0144805908203125
-0.0800857543945313 -0.074066162109375 0.0544815063476563 0.0338020324707031
-0.0945816040039062 -0.0622634887695312 0.0591087341308594 0.0670433044433594
-0.0596771240234375 -0.081695556640625 0.024566650390625 0.104812622070313
-0.00511169433593749 -0.113067626953125 -0.0355072021484375 0.0899124145507813
0.0746841430664063 -0.0951309204101563 -0.08526611328125 0.0391845703125
0.150619506835938 0.017059326171875 -0.0646171569824219 -0.0293731689453125
0.0977020263671875 0.111610412597656 0.0165901184082031 -0.0352096557617187
0.0187225341796875 0.15057373046875 0.0305862426757813 0.122627258300781
-0.0683212280273438 0.0619049072265625 0.0987701416015625 0.146270751953125
-0.0269241333007812 0.0955429077148438 0.05633544921875 0.164718627929688
0.0628890991210938 0.080535888671875 0.0547027587890625 0.136795043945313
0.0800247192382813 0.0112991333007813 0.0917739868164063 0.0936660766601563
0.0520515441894531 -0.0510025024414063 0.08685302734375 0.045654296875
-0.0102081298828125 -0.0670356750488281 0.0704269409179688 0.0298843383789062
-0.0450325012207031 -0.0440177917480469 0.07220458984375 0.03009033203125
-0.0558624267578125 -0.0491981506347656 0.0798110961914063 0.0435638427734375
-0.0700340270996094 -0.0453033447265625 0.0864639282226563 0.0799026489257813
-0.0456390380859375 -0.0631294250488281 0.0440444946289063 0.123825073242188
-0.0020599365234375 -0.0886611938476563 -0.0268402099609375 0.111534118652344
0.0629920959472656 -0.0681953430175781 -0.0819549560546875 0.05755615234375
0.112922668457031 0.0312957763671875 -0.0706634521484375 -0.0158615112304688
0.048126220703125 0.104080200195313 0.0205173492431641 -0.0165576934814453
-0.0390853881835937 0.101112365722656 0.0237884521484375 0.159133911132813
0.08172607421875 -0.0263442993164063 -0.038055419921875 -0.177154541015625
-0.00444793701171875 -0.0663986206054688 -0.0310878753662109 -0.00353050231933594
-0.0555877685546875 -0.0256690979003906 0.0869979858398438 0.0195236206054687
-0.0407485961914063 0.03387451171875 0.112480163574219 -0.076080322265625
0.000259399414062496 0.0527534484863281 0.045684814453125 -0.138954162597656
0.0321331024169922 0.0287914276123047 -0.0508880615234375 -0.153244018554687
0.0237255096435547 0.0118484497070313 -0.115104675292969 -0.093505859375
0.0159616470336914 0.0161514282226563 -0.105873107910156 -0.0543289184570312
0.014561653137207 0.014958381652832 -0.0927963256835937 -0.0350189208984375
0.00247955322265625 0.011134147644043 -0.089019775390625 -0.0488357543945313
-0.0159416198730469 0.00193309783935547 -0.0966949462890625 -0.0578765869140625
-0.0262451171875 -0.0269222259521484 -0.0899810791015625 -0.0958938598632813
0.0271186828613281 -0.0504989624023438 -0.0417022705078125 -0.150482177734375
0.0783615112304688 -0.0334091186523437 -0.063507080078125 -0.16339111328125
0.106666564941406 0.0086517333984375 -0.0927581787109375 -0.164642333984375
0.115715026855469 0.0518569946289063 -0.0110015869140625 -0.174468994140625
0.0526351928710938 -0.0184822082519531 -0.0204734802246094 0.00139045715332032
0.0168476104736328 -0.0281848907470703 0.102561950683594 0.0273818969726563
-0.0002593994140625 -0.00351786613464355 0.131561279296875 -0.0771942138671875
0.00663995742797852 0.00211954116821289 0.0593109130859375 -0.148422241210938
0.00969123840332031 -0.00794887542724609 -0.0489654541015625 -0.158706665039062
-0.012934684753418 -0.0146608352661133 -0.114982604980469 -0.0930938720703125
-0.0211925506591797 -0.0192050933837891 -0.10394287109375 -0.0509185791015625
-0.0218772888183594 -0.0191860198974609 -0.093902587890625 -0.0282211303710938
-0.00890541076660156 -0.0320453643798828 -0.0906219482421875 -0.0364761352539063
0.00561141967773437 -0.0453414916992188 -0.0992431640625 -0.0470428466796875
0.0280990600585938 -0.0543174743652344 -0.100296020507813 -0.0863876342773438
0.0928878784179687 -0.0226211547851562 -0.048065185546875 -0.136428833007813
0.119216918945312 0.0245590209960937 -0.063568115234375 -0.1451416015625
0.133781433105469 0.089935302734375 -0.0774383544921875 -0.138999938964844
0.128326416015625 0.127723693847656 0.021636962890625 -0.14654541015625
0.0995254516601563 0.0450973510742188 -0.00446891784667968 0.0216808319091797
0.0967254638671875 -0.0166702270507813 0.118659973144531 0.04833984375
0.0525779724121094 -0.0376319885253906 0.154327392578125 -0.062347412109375
0.0226402282714844 -0.0526504516601563 0.08111572265625 -0.143295288085938
-0.00979995727539063 -0.0501174926757813 -0.0348968505859375 -0.15155029296875
-0.0466384887695313 -0.0428504943847656 -0.099395751953125 -0.0829238891601563
-0.0560111999511719 -0.0518684387207031 -0.0851898193359375 -0.0399169921875
-0.0587081909179687 -0.0474357604980469 -0.0788497924804688 -0.01190185546875
-0.0274658203125 -0.0666160583496094 -0.0816116333007813 -0.00907897949218749
0.0113601684570313 -0.0879669189453125 -0.0983047485351563 -0.0206069946289063
0.06243896484375 -0.0867538452148438 -0.112380981445313 -0.0641021728515625
0.146163940429687 -0.0151824951171875 -0.0598602294921875 -0.118453979492188
0.1527099609375 0.0617218017578125 -0.056488037109375 -0.122573852539063
0.148818969726563 0.149505615234375 -0.0550613403320313 -0.0924072265625
0.11602783203125 0.1868896484375 0.0563125610351563 -0.0915756225585937
0.123306274414063 0.111236572265625 0.0151748657226563 0.0555953979492188
0.165084838867188 0.01239013671875 0.126335144042969 0.0788726806640625
0.108070373535156 -0.0572433471679688 0.168975830078125 -0.031158447265625
0.0466461181640625 -0.0992050170898438 0.103836059570313 -0.118797302246094
-0.0218887329101563 -0.0895538330078125 -0.0112533569335937 -0.128082275390625
-0.0717620849609375 -0.0671539306640625 -0.0705718994140625 -0.0643997192382813
-0.0833740234375 -0.0763778686523438 -0.0551605224609375 -0.0221900939941406
-0.0889129638671875 -0.0656967163085938 -0.0509033203125 0.00975799560546873
-0.0475311279296875 -0.0879135131835938 -0.0608367919921875 0.0243110656738281
0.00441741943359376 -0.117240905761719 -0.0887908935546875 0.0112457275390625
0.0768280029296875 -0.112663269042969 -0.116714477539063 -0.0345687866210938
0.177978515625 -0.0177154541015625 -0.068756103515625 -0.0959625244140625
0.171051025390625 0.0815582275390625 -0.0412979125976562 -0.100631713867188
0.145767211914063 0.184494018554688 -0.027801513671875 -0.0357398986816406
0.0792694091796875 0.213516235351563 0.0840301513671875 -0.018951416015625
0.1126708984375 0.161880493164063 0.03289794921875 0.0973587036132813
0.198272705078125 0.054290771484375 0.119522094726563 0.111251831054688
0.150787353515625 -0.05340576171875 0.168121337890625 0.0115814208984375
0.0726470947265625 -0.123519897460938 0.117256164550781 -0.0768890380859375
-0.0249710083007812 -0.116363525390625 0.016021728515625 -0.0898971557617188
-0.084381103515625 -0.082366943359375 -0.0323867797851563 -0.0384597778320313
-0.0980758666992188 -0.089813232421875 -0.0174465179443359 -0.00132846832275391
-0.107841491699219 -0.0739974975585938 -0.0138111114501953 0.0323657989501953
-0.0621795654296875 -0.0967025756835938 -0.0318870544433594 0.0562973022460937
-0.00321197509765626 -0.130722045898438 -0.0720062255859375 0.0425643920898437
0.0811996459960938 -0.12249755859375 -0.11126708984375 -0.00557708740234375
0.187103271484375 -0.014129638671875 -0.0706558227539063 -0.0728988647460938
0.166152954101563 0.0966033935546875 -0.019805908203125 -0.07958984375
0.121139526367187 0.19610595703125 0.00123596191406251 0.0228042602539063
0.028961181640625 0.199493408203125 0.10076904296875 0.055999755859375
0.073760986328125 0.178802490234375 0.0456314086914063 0.136848449707031
0.1866455078125 0.09075927734375 0.100471496582031 0.135848999023438
0.1611328125 -0.031219482421875 0.148590087890625 0.0521392822265625
0.087066650390625 -0.120521545410156 0.116539001464844 -0.0266876220703125
-0.0216827392578125 -0.12274169921875 0.0404090881347656 -0.0430908203125
-0.0828094482421875 -0.0836944580078125 0.00841712951660156 -0.00966262817382813
-0.0984725952148438 -0.0889739990234375 0.0212459564208984 0.0187454223632812
-0.111061096191406 -0.072296142578125 0.0254669189453125 0.0530624389648437
-0.0671005249023438 -0.0946807861328125 -0.0014190673828125 0.0849761962890625
-0.00739288330078125 -0.129730224609375 -0.0535888671875 0.070587158203125
0.0809402465820313 -0.116790771484375 -0.100181579589844 0.020263671875
0.179779052734375 -0.001129150390625 -0.0690841674804687 -0.0510444641113281
0.14202880859375 0.108871459960938 0.000659942626953132 -0.0596694946289063
0.0766448974609375 0.186325073242188 0.0229644775390625 0.0778121948242188
-0.0226593017578125 0.145828247070313 0.104705810546875 0.118148803710938
0.023040771484375 0.155426025390625 0.0520782470703125 0.164505004882813
0.136390686035156 0.100669860839844 0.0764312744140625 0.145828247070312
0.136627197265625 -0.00656890869140625 0.120033264160156 0.0824432373046875
0.0797042846679688 -0.0944671630859375 0.104316711425781 0.0174484252929687
-0.0170059204101562 -0.105201721191406 0.0598907470703125 0.000873565673828119
-0.0700569152832031 -0.0701484680175781 0.0464706420898437 0.0151329040527344
-0.0846328735351562 -0.074859619140625 0.0567436218261719 0.0347366333007812
-0.0984573364257813 -0.0622177124023437 0.0620803833007813 0.0703277587890625
-0.06170654296875 -0.0833587646484375 0.0266036987304687 0.109062194824219
-0.00675964355468749 -0.116348266601563 -0.0379409790039063 0.0960922241210937
0.0764923095703125 -0.0985565185546875 -0.0906829833984375 0.0425338745117187
0.156234741210938 0.0156707763671875 -0.0689468383789062 -0.0318374633789063
0.102195739746094 0.114616394042969 0.0156440734863281 -0.0385589599609375
0.01995849609375 0.156570434570313 0.032379150390625 0.126762390136719
-0.0693817138671875 0.0665779113769531 0.100357055664063 0.15228271484375
-0.0259628295898438 0.0996856689453125 0.057159423828125 0.172225952148438
0.0662841796875 0.0811386108398438 0.0574798583984375 0.143814086914063
0.083221435546875 0.0102691650390625 0.0964431762695313 0.0980987548828125
0.0525627136230469 -0.0538520812988281 0.0918960571289063 0.0468368530273438
-0.0123481750488281 -0.0688514709472656 0.0740814208984375 0.0306320190429687
-0.0468330383300781 -0.0440444946289063 0.0757217407226562 0.03076171875
-0.0589942932128906 -0.0488395690917969 0.082855224609375 0.0449676513671875
-0.0729446411132813 -0.0442581176757812 0.0905075073242187 0.0821151733398438
-0.0482559204101563 -0.0642242431640625 0.046844482421875 0.128395080566406
-0.00367736816406249 -0.09130859375 -0.0287246704101562 0.117935180664063
0.0640869140625 -0.0708236694335937 -0.0863494873046875 0.0616836547851562
0.117538452148438 0.0297698974609375 -0.0748367309570312 -0.0175933837890625
0.0518875122070312 0.106781005859375 0.0193595886230469 -0.0195446014404297
-0.0398178100585938 0.105880737304688 0.024871826171875 0.16461181640625
0.084869384765625 -0.0301361083984375 -0.044586181640625 -0.185943603515625
-0.00736236572265625 -0.0684585571289063 -0.0321826934814453 -0.00135612487792969
-0.0598526000976562 -0.0238609313964844 0.093719482421875 0.0192489624023437
-0.0408058166503906 0.0373268127441406 0.118598937988281 -0.0837173461914062
0.0038299560546875 0.0555648803710938 0.0451202392578125 -0.150146484375
0.0347194671630859 0.0282402038574219 -0.058349609375 -0.162399291992187
0.0248050689697266 0.0104503631591797 -0.124679565429687 -0.0956192016601563
0.017460823059082 0.0157842636108398 -0.11358642578125 -0.0532073974609375
0.0156364440917969 0.0137596130371094 -0.0991897583007812 -0.034820556640625
0.00330066680908203 0.00976753234863281 -0.0965042114257813 -0.0496597290039062
-0.0157289505004883 0.00228500366210938 -0.105087280273438 -0.0581817626953125
-0.0269584655761719 -0.0255622863769531 -0.0980987548828125 -0.100151062011719
0.0270118713378906 -0.0537033081054688 -0.0470123291015625 -0.160690307617188
0.0796432495117188 -0.037750244140625 -0.068756103515625 -0.172088623046875
0.111915588378906 0.00635528564453125 -0.0973052978515625 -0.17303466796875
0.122261047363281 0.05157470703125 -0.0157318115234375 -0.183197021484375
0.0537376403808594 -0.0195884704589844 -0.0208034515380859 0.00403213500976563
0.0164871215820313 -0.0285892486572266 0.110794067382812 0.0271148681640625
0.00142312049865723 -0.00202524662017822 0.139007568359375 -0.0852279663085937
0.00926399230957031 0.00243854522705078 0.059417724609375 -0.160125732421875
0.0109548568725586 -0.0102863311767578 -0.0561981201171875 -0.167556762695313
-0.0139169692993164 -0.0169801712036133 -0.124382019042969 -0.0946273803710938
-0.0227432250976563 -0.02081298828125 -0.111129760742188 -0.049652099609375
-0.0236988067626953 -0.0213661193847656 -0.100372314453125 -0.027069091796875
-0.00931549072265625 -0.0354499816894531 -0.09832763671875 -0.0359954833984375
0.00628280639648437 -0.0488739013671875 -0.108322143554687 -0.0461959838867188
0.0302085876464844 -0.056304931640625 -0.109947204589844 -0.0896377563476563
0.0976104736328125 -0.0253677368164063 -0.05401611328125 -0.14666748046875
0.124526977539063 0.0236053466796875 -0.0688018798828125 -0.152984619140625
0.14239501953125 0.091949462890625 -0.0809478759765625 -0.145950317382813
0.137374877929688 0.131553649902344 0.0194549560546875 -0.153976440429688
0.104652404785156 0.0455322265625 -0.00355148315429687 0.0257301330566406
0.100868225097656 -0.0190582275390625 0.128028869628906 0.04962158203125
0.0560035705566406 -0.0392799377441406 0.162887573242188 -0.070343017578125
0.0239448547363281 -0.0557632446289063 0.083038330078125 -0.155807495117188
-0.0104026794433594 -0.0534744262695312 -0.0410308837890625 -0.160018920898438
-0.0504913330078125 -0.0453643798828125 -0.107841491699219 -0.0845718383789063
-0.0611038208007813 -0.0540618896484375 -0.0917510986328125 -0.0385055541992187
-0.0629730224609375 -0.0501060485839844 -0.08447265625 -0.00947570800781251
-0.02960205078125 -0.0716018676757813 -0.0879135131835938 -0.00701904296875
0.0112228393554688 -0.0941848754882813 -0.107139587402344 -0.0183639526367188
0.0658645629882813 -0.0918502807617188 -0.123275756835938 -0.0643539428710938
0.154220581054688 -0.0186767578125 -0.0667343139648438 -0.127388000488281
0.161102294921875 0.0627593994140625 -0.061370849609375 -0.129478454589844
0.159530639648438 0.155487060546875 -0.0575790405273437 -0.097259521484375
0.125579833984375 0.19525146484375 0.0566940307617188 -0.096588134765625
0.131095886230469 0.114738464355469 0.0175971984863281 0.0617561340332031
0.173782348632812 0.0094757080078125 0.136085510253906 0.0823974609375
0.114151000976562 -0.0616455078125 0.179519653320313 -0.0370025634765625
0.0479965209960938 -0.105979919433594 0.107795715332031 -0.130523681640625
-0.0237655639648438 -0.0950927734375 -0.0156021118164062 -0.13592529296875
-0.0771713256835937 -0.07012939453125 -0.0762557983398437 -0.0654296875
-0.0906143188476563 -0.0787429809570312 -0.0594444274902344 -0.0207633972167969
-0.0961151123046875 -0.0679473876953125 -0.0538673400878906 0.0128936767578125
-0.0512847900390625 -0.0928192138671875 -0.0645904541015625 0.0277175903320313
0.00338745117187499 -0.124595642089844 -0.0963134765625 0.016265869140625
0.0801620483398438 -0.120285034179688 -0.127342224121094 -0.0324249267578125
0.187713623046875 -0.022796630859375 -0.0763015747070312 -0.102745056152344
0.181427001953125 0.0836944580078125 -0.045867919921875 -0.107017517089844
0.157821655273438 0.19232177734375 -0.0278739929199219 -0.0379066467285156
0.08843994140625 0.22515869140625 0.0871505737304688 -0.0208740234375
0.12225341796875 0.168716430664063 0.0366668701171875 0.105674743652344
0.210800170898438 0.052398681640625 0.129638671875 0.117225646972656
0.158782958984375 -0.058563232421875 0.178863525390625 0.00828552246093749
0.0742034912109375 -0.13299560546875 0.123306274414063 -0.0859756469726563
-0.0281753540039063 -0.123146057128906 0.0143661499023437 -0.0957489013671875
-0.0905990600585938 -0.0855178833007813 -0.0349807739257813 -0.0388946533203125
-0.106239318847656 -0.0916976928710938 -0.0191307067871094 0.000537872314453116
-0.115982055664063 -0.0750885009765625 -0.0137939453125 0.0364799499511719
-0.0671157836914063 -0.101081848144531 -0.0325927734375 0.0614471435546875
-0.0060882568359375 -0.138626098632813 -0.0779495239257812 0.0493316650390625
0.0844268798828125 -0.13104248046875 -0.120643615722656 -0.00113677978515626
0.197723388671875 -0.0194549560546875 -0.0786972045898437 -0.0782089233398438
0.177734375 0.09844970703125 -0.0234146118164062 -0.0857162475585938
0.131866455078125 0.205169677734375 0.00320243835449219 0.0235862731933594
0.0357208251953125 0.210952758789063 0.105415344238281 0.0581512451171875
0.0818328857421875 0.187423706054688 0.050079345703125 0.146621704101563
0.199600219726563 0.0908355712890625 0.109619140625 0.143585205078125
0.170913696289063 -0.035888671875 0.158447265625 0.0519256591796875
0.089324951171875 -0.129890441894531 0.123123168945312 -0.032440185546875
-0.0254058837890625 -0.12933349609375 0.0421104431152344 -0.0464935302734375
-0.0892791748046875 -0.0869674682617187 0.00933551788330078 -0.0098867416381836
-0.106986999511719 -0.0903396606445313 0.0223522186279297 0.0206375122070312
-0.119293212890625 -0.0726089477539063 0.0283126831054688 0.0569877624511719
-0.072296142578125 -0.098297119140625 0.000587463378906251 0.0909347534179688
-0.0110244750976562 -0.137100219726563 -0.0571060180664062 0.078460693359375
0.0837173461914063 -0.124725341796875 -0.108238220214844 0.0256576538085937
0.190155029296875 -0.0065155029296875 -0.0769577026367187 -0.054901123046875
0.15191650390625 0.111801147460938 -0.00189971923828124 -0.0652084350585938
0.08447265625 0.196182250976563 0.0268630981445312 0.0814208984375
-0.0204315185546875 0.155593872070313 0.110427856445313 0.123756408691406
0.02850341796875 0.1636962890625 0.0571746826171875 0.175323486328125
0.14666748046875 0.102325439453125 0.0842132568359375 0.155288696289063
0.144607543945313 -0.0101470947265625 0.129158020019531 0.0849075317382813
0.0817108154296875 -0.102043151855469 0.1119384765625 0.01507568359375
-0.02117919921875 -0.110282897949219 0.0633087158203125 -0.000751495361328132
-0.075103759765625 -0.07183837890625 0.0500602722167969 0.0154991149902344
-0.0919036865234375 -0.0756378173828125 0.0599708557128906 0.0360107421875
-0.105499267578125 -0.0614547729492188 0.0676345825195313 0.073638916015625
-0.066802978515625 -0.08587646484375 0.0311279296875 0.11590576171875
-0.0103530883789062 -0.122413635253906 -0.0396041870117188 0.104904174804687
0.0783920288085938 -0.105628967285156 -0.0973052978515625 0.0491409301757812
0.165313720703125 0.011474609375 -0.0758056640625 -0.0344314575195313
0.1116943359375 0.118125915527344 0.0140037536621094 -0.0431442260742188
0.024688720703125 0.16607666015625 0.037109375 0.133430480957031
-0.06982421875 0.0728759765625 0.10626220703125 0.159576416015625
-0.0244293212890625 0.105857849121094 0.061737060546875 0.183441162109375
0.0723190307617188 0.0827560424804688 0.064208984375 0.153167724609375
0.0885772705078125 0.0080108642578125 0.104766845703125 0.102127075195313
0.0534400939941406 -0.0590362548828125 0.0996932983398437 0.0464096069335937
-0.0158538818359375 -0.071502685546875 0.0800323486328125 0.029937744140625
-0.0504074096679688 -0.0441665649414063 0.0816650390625 0.030517578125
-0.0641250610351563 -0.0482292175292969 0.0885238647460938 0.0455551147460938
-0.0779953002929687 -0.04248046875 0.0987167358398437 0.0845794677734375
-0.052520751953125 -0.06573486328125 0.0531845092773438 0.135017395019531
-0.00696563720703125 -0.0956192016601563 -0.0290679931640625 0.127716064453125
0.0653152465820313 -0.07623291015625 -0.0918350219726563 0.0686111450195312
0.124946594238281 0.0271987915039063 -0.0815811157226562 -0.0185775756835938
0.0586395263671875 0.110122680664063 0.0182247161865234 -0.0228042602539062
-0.039459228515625 0.113883972167969 0.0296173095703125 0.17303466796875
-0.0640536355518854 -0.0319864796620347 0.135365822100255 -0.136759823249097
-0.0480652960774335 0.0521614878436048 -0.0039880423056803 -0.0232188144897684
0.00864099004156817 0.0673158837602884 0.0469996147501405 0.0930738484814569
0.0538757323277366 0.0162798490805534 0.138231594779119 0.0524189744374705
0.0350553232163336 -0.0310201257327849 0.164513617016118 -0.0470667315744568
0.0018013127772688 -0.0275578396343991 0.11867598651447 -0.130413573620307
0.00281281763836346 -0.0215436188850585 0.0424617854691049 -0.158143484332227
0.00778324168497955 -0.0203459232509221 -0.00790530003620337 -0.140003729570452
0.00779513244792779 -0.0166479218980661 -0.0122853453797066 -0.112201713813055
0.0109620415500044 -0.00785448978262741 -0.00674515229227772 -0.11266637709131
0.0166141998641551 0.0134913391401805 0.00112205309764192 -0.134719142786424
0.000793214627902545 0.0448065944044585 0.0509555960167576 -0.14851505080631
-0.0561989192444024 0.034700420960346 0.115200147912643 -0.130613657660047
-0.0742677566395315 -0.0275777640157935 0.114803423161831 -0.142994651474975
-0.0469823798138029 -0.0841603064950292 0.0679076014309298 -0.183560880585797
-0.0194800933487112 -0.109247610703107 0.134728925492306 -0.112006915450479
-0.0492843711832166 -0.0327974419336146 -0.0204711066188343 -0.00561934926853716
-0.0454634927257256 0.00345982483369934 0.0412817570951634 0.133555550999754
-0.0142228190566838 0.00834074529215679 0.155995674082258 0.0867796309462435
-0.0103581812737842 0.00726540621745561 0.191583893992837 -0.0377230732753653
-0.0137145851393861 0.0171824025117022 0.131508871052697 -0.131292657777082
-0.0012655791147711 0.029164061405119 0.0491234556401374 -0.157936565111383
0.00760909805686853 0.0343215202844162 -0.00545071751250917 -0.137544273041103
0.000771442009502806 0.0397790833785732 -0.0140512701321457 -0.109786598651149
-0.0181234973972015 0.0328198155625368 -0.0143543417582112 -0.103318770733507
-0.0379178848887701 0.0329480639878027 -0.00944807741046363 -0.124309179919862
-0.0635093467677222 0.0130353839754938 0.0294414001315298 -0.143159567495562
-0.0901247066298708 -0.0371518031512153 0.0917205230086041 -0.125220392810914
-0.0542657761658673 -0.102208434916522 0.0901118226088352 -0.137546401866073
0.00503325385434348 -0.154745330393725 0.0528629998079106 -0.16336524529529
0.0354017749783077 -0.169399679385146 0.117437956580097 -0.0682084752706718
-0.030681459685986 -0.122233931665691 -0.0512290950363764 0.0226620062260537
-0.0922136669107139 -0.0766133021133331 0.0168597215120607 0.181904274362857
-0.090903092706193 -0.0138940980247793 0.157917883875555 0.137590396476945
-0.0682063126967334 0.0411195797290065 0.209176483183599 -0.00828840597710742
-0.0359331275396296 0.0614037607875472 0.139069224118773 -0.114102912987483
-0.00847930473046403 0.077651015825162 0.0536198221689129 -0.137425925453321
0.0072978830943503 0.0847442639692858 -0.00269837679541744 -0.115431401214565
-0.00122534563700171 0.0909745444895902 -0.0189719706896941 -0.0870241110688367
-0.0350684358892204 0.072231585079669 -0.028988377403737 -0.0765212470066013
-0.0763730039763341 0.0603460760187412 -0.0326968569474481 -0.103803519489891
-0.118442051070462 0.00325593364702646 -0.00341788824799292 -0.135033028813906
-0.127319597450487 -0.0826858933226426 0.0626582063837542 -0.121677635470899
-0.0473233092800205 -0.157782390684312 0.0664358528705268 -0.121976383583276
0.0453839413991175 -0.204176093720572 0.0263088226365566 -0.121059103240283
0.0897370910006183 -0.201429699192171 0.0804845918471866 -0.00838403809762643
0.00633573760770225 -0.194929487015517 -0.091041364596648 0.0573974543908126
-0.115786912023199 -0.16063365697514 -0.0267876479776383 0.223362443498763
-0.155963455549982 -0.0519663786833042 0.133618452070034 0.18965741810148
-0.127049987577774 0.0599684560689646 0.207402323570673 0.0361381912629354
-0.0615756109830028 0.0965902130094967 0.135930930724175 -0.0771554944680326
-0.0181659386261845 0.115212963421286 0.0530345135275676 -0.0986436373072116
0.00644484454478206 0.123083299878237 -0.00011419437616612 -0.0753352982536304
0.00180838553810745 0.128287008887863 -0.0233603767073175 -0.0479877495151864
-0.0392364573411426 0.102348063654272 -0.0435260291011834 -0.0369724719473075
-0.0943067735509479 0.0867554517397052 -0.0566561261064567 -0.0723384034774525
-0.152774958103162 0.0066181710401217 -0.0359102251632782 -0.116578445024937
-0.154242977704589 -0.104314406391275 0.0331295128293513 -0.112858077091298
-0.0445624683028449 -0.187967107135534 0.0507581242776467 -0.0982267545768077
0.0753401903557459 -0.225034203159111 -0.00267056823230697 -0.0653371643769595
0.130670140725043 -0.195924331209579 0.0301311549507028 0.0556106888429032
0.0550521272749851 -0.227319196061087 -0.131998495856307 0.0897618071444954
-0.102548795766826 -0.222843217842597 -0.0798540177866649 0.240312624380288
-0.1876159009359 -0.0982359634607994 0.0839661237166576 0.225170977363
-0.170182022992932 0.0575674330036472 0.17750733886004 0.0826265117279793
-0.0835339393797989 0.114032697499499 0.116876804958263 -0.0283624152412708
-0.0272870935279874 0.134185773002552 0.0456131165226419 -0.0469468831435351
0.00497622375338272 0.142091449532048 0.00160317674760855 -0.0245155797366587
0.00580686412561092 0.147436345102677 -0.0258012355798733 0.000167760086063027
-0.0375447818597021 0.119187918916081 -0.0549958982124543 0.00795311549905017
-0.0983440218549455 0.101756829060012 -0.0772950567019921 -0.0360526481107117
-0.165786309264978 0.00928941430137886 -0.0625665476265372 -0.0914037317766551
-0.159431177673864 -0.115231018574169 0.0090614338243947 -0.0995028416945729
-0.0318041267832023 -0.195660846651346 0.0425658152559731 -0.0698103603651396
0.0972254524186986 -0.214146855678883 -0.0299479015789347 -0.00423148610211634
0.144483621120844 -0.153655789334652 -0.023084535601047 0.113320018617296
0.0961954793821414 -0.21033148222973 -0.163035467613405 0.114528815241252
-0.0607986782896721 -0.240087892869631 -0.124888413267541 0.228059739854005
-0.175583023159408 -0.130240841197632 0.0233208062503739 0.230261655287122
-0.180107286895042 0.0391205638639382 0.125198149353244 0.117232195996932
-0.0914171997847316 0.11069335934433 0.0846137223148315 0.0218571210867436
-0.0309752760682094 0.1319979956537 0.0340400171535008 0.00863057530682487
0.00288196251316337 0.140320206286503 0.00296299711102334 0.027545322512585
0.00772543679145975 0.146375194004003 -0.0265500987310501 0.0500841862033541
-0.0332167703075229 0.120098019237413 -0.0638373668013896 0.0515570517421079
-0.0935447583803582 0.102665615933294 -0.0947723064444643 -0.000889483882785507
-0.159576356966239 0.00454808145081632 -0.0823240036115945 -0.0662183253901929
-0.143635181756259 -0.121100847569692 -0.0110006381531893 -0.0854751075644032
-0.00767086919417635 -0.185471311801849 0.0365703883233932 -0.0429202687780246
0.11285933732969 -0.174316012383385 -0.0570957013777826 0.051399924180307
0.127820520453222 -0.0841670626107492 -0.066942152448698 0.153733870377881
0.109982321382671 -0.151723652936163 -0.176768632628514 0.130257813504585
-0.0172646171810603 -0.20371267390212 -0.147679110357708 0.196106881984245
-0.130799672688681 -0.128192306179847 -0.0267293337918265 0.209359850891263
-0.152524227639369 0.0186675723335206 0.0676643647459663 0.132433042779204
-0.0803857053302994 0.0899066203914164 0.0491034978852737 0.0636654520855815
-0.0273788285597797 0.108643345484133 0.0211312010131565 0.0581287174562607
0.00184112724270366 0.117367446595265 0.00444666886675103 0.0743198001865855
0.00740766710130233 0.125281342734128 -0.026938128307468 0.0954467942874687
-0.0286441594966125 0.10667073784581 -0.0718481453294859 0.0901774313322606
-0.0828676686449907 0.0900425834403838 -0.112167197613643 0.0284280880423231
-0.139387826873186 -0.00416499042815721 -0.0997880140464832 -0.0465979743330661
-0.113121256264145 -0.118489131644579 -0.0275934630309739 -0.075476722623689
0.0211973983076666 -0.159211044522964 0.0287550123331519 -0.0203503262741412
0.118506219711535 -0.113771194170739 -0.0860610225779294 0.0948305805593399
0.0855454220125599 -0.000218102122818312 -0.0854674092101876 0.171596660708997
0.0954153550993703 -0.0682072120830026 -0.165448280177376 0.137912657681698
0.0142118954429632 -0.12733958082033 -0.144904796704543 0.160042279294044
-0.0706131464461286 -0.0925743108063136 -0.0541960650236917 0.178442293272855
-0.0969933527341549 0.00349587134288208 0.023774501448471 0.134675887871602
-0.0534652668228738 0.0565325006448219 0.0223192317308813 0.0919313108161088
-0.0167256271225155 0.0691555997889788 0.0121001895262946 0.0937077015336517
0.00156608813183661 0.0774739182823922 0.00618857801912102 0.108127977254872
0.00639020623106896 0.0870195933590729 -0.0280187385775952 0.131014654582629
-0.0220108412929101 0.0804686334919263 -0.0809816581791291 0.118794790944681
-0.0648961222632893 0.0675002803831611 -0.131226323463043 0.0482748426636039
-0.105188913658365 -0.0125335039931637 -0.116751482225384 -0.0365901542973888
-0.071127804750404 -0.10269840558834 -0.0429157083397986 -0.0753684274526732
0.0471289802938896 -0.114012026001242 0.0183361076485202 -0.00719776641040162
0.109803891241015 -0.0372656046796655 -0.115764643720291 0.119406284097711
-0.0685811815073292 -0.0278061641214664 0.131133379072329 -0.152349556463224
-0.0449252285827123 0.0571830413121956 -0.00741332724248056 -0.0230551817286761
0.0147278533874225 0.0684199779736631 0.055394172704257 0.0965270832883648
0.0572119285166937 0.0117540207075008 0.149340631298412 0.0468329754134389
0.0319231379247465 -0.0360642989529038 0.170285506013824 -0.0610801130642875
-0.00124241525725542 -0.0273221420090366 0.115784771170026 -0.145930700512291
0.000883159203451068 -0.0215833889489644 0.0324894461636444 -0.168485687702131
0.00620331892349423 -0.0213714599759523 -0.0188610324246734 -0.144786129084148
0.00575902083751052 -0.0165352877551046 -0.0199328194326586 -0.116786228788088
0.00991711512701294 -0.00749094630557408 -0.0157943655713575 -0.118393628674641
0.0172803188101629 0.0124503524895148 -0.00966317172581595 -0.141192264402993
0.00404278216914958 0.0442069672347335 0.0425365720086045 -0.160281277677841
-0.0553711928188851 0.0402807930204918 0.113851809898099 -0.146279563507225
-0.0775659816631992 -0.0225385206588086 0.113538262305833 -0.155412960873232
-0.0547597768334254 -0.0840392448364946 0.0625746582741828 -0.193757236929551
-0.0271941248030695 -0.111781095912383 0.132427606818563 -0.125657326011966
-0.052031779253747 -0.0314029922263261 -0.0231368586501064 -0.00267796243822596
-0.0456004640112433 0.0063059291105123 0.0518026458155138 0.138610412639677
-0.015043037385985 0.00771225880197602 0.169761631254044 0.0817140031887469
-0.0127031146152435 0.00701362163747692 0.199049737514597 -0.0526678709676172
-0.0144667055690146 0.0199857603525744 0.128689833664727 -0.147385442721006
-9.61252566908898E-06 0.0315835062967151 0.0389354740520491 -0.169079072271715
0.0102699741559015 0.0362326934517452 -0.0167253628668625 -0.142847788190292
0.00257876462227836 0.0427357037794307 -0.022908320141529 -0.113809508912996
-0.0187580738420776 0.036594451000419 -0.0229845635687013 -0.107861797006602
-0.0389859917683183 0.0367825891850016 -0.0209051851056195 -0.130298012910849
-0.0662136898224226 0.0156554006788705 0.0196421969476202 -0.153042175052568
-0.0955248257880751 -0.0327595143554872 0.0894418017991975 -0.139741385947643
-0.0609850714761392 -0.102986031694475 0.0872316177956231 -0.149163417545051
-0.00447877990318265 -0.161086826313905 0.0478268290017773 -0.172199565161966
0.0261093207220512 -0.178927897347055 0.116814197244314 -0.0790429225527673
-0.0385323999400384 -0.125503069018052 -0.0535653556233715 0.029125786990152
-0.100312977615965 -0.0738759680857465 0.0292568184199778 0.191434092448854
-0.09626653684169 -0.010932843483203 0.174250930742291 0.133979108506798
-0.0698052843186588 0.0463294138658406 0.220052164929776 -0.0236286618361186
-0.0352786809942084 0.0669311617269634 0.13789566148147 -0.128854811442267
-0.00452999400762031 0.0826552749199791 0.04568692440177 -0.147359862779479
0.0133519419226722 0.0888912322964177 -0.011993916454476 -0.119159798540506
0.00435536185018011 0.0959902970507757 -0.0266342904375131 -0.0891106203333746
-0.0332337877450951 0.0784431676795189 -0.0369167265177806 -0.0784567006441448
-0.0769347761201818 0.0681574235104229 -0.0443384436184117 -0.106916439854953
-0.124335757200941 0.00843009748250763 -0.0149040289968796 -0.142085290953103
-0.137629938475993 -0.078289534527468 0.058602187191594 -0.135145443844444
-0.0572755156351188 -0.161555570895935 0.0632118490081183 -0.132291442433627
0.0347714899806569 -0.215493586953569 0.0224030988552542 -0.127259755570654
0.0805121198449146 -0.216180061763355 0.0821376914913685 -0.0145346442409247
-0.00502159021416101 -0.203519464913133 -0.0928460884589564 0.0679819394779081
-0.130725126156105 -0.159234828231967 -0.0133155292162818 0.23686186259083
-0.167014651222641 -0.0461222866923274 0.152676157449583 0.190160046378588
-0.13019611591037 0.0708088120963986 0.220718363654282 0.022029072634455
-0.0595544680976736 0.104955732792806 0.136761129413085 -0.0902175237649494
-0.0118743757885766 0.122022881081126 0.0471909003010356 -0.106560786480514
0.0153199434759122 0.128492927228654 -0.00678897905303868 -0.0775424378263004
0.0105925612212234 0.134870669068009 -0.029079329832017 -0.0476278411628432
-0.0360814336231733 0.11007303461787 -0.0499639159333085 -0.0357009878829678
-0.0938772769793595 0.0969368207910759 -0.0682403898273077 -0.072541430665055
-0.160749938633671 0.015877847273214 -0.0488320716981006 -0.120260144466533
-0.167807280241146 -0.0989212779401774 0.0277839229129024 -0.124496398386839
-0.0571049581184187 -0.193192194680873 0.0482154800957464 -0.107544985724482
0.0640522570302787 -0.24014373729559 -0.00485761350997537 -0.0675534433354145
0.123751577452349 -0.213382090215739 0.0328779949944267 0.0554971359214422
0.0441019156427319 -0.240973645376245 -0.134586125380442 0.103688164976439
-0.121293413603455 -0.225218054148005 -0.0683799915633525 0.257765124912398
-0.202757684263979 -0.0921564911881735 0.102191496372933 0.230846704264452
-0.174915304466278 0.071136363660646 0.192913255963303 0.0724369997384291
-0.0805718992780125 0.12501033801585 0.119943416558836 -0.0381745680256916
-0.0198069011169409 0.142586595918545 0.0440471036598117 -0.0517453136291398
0.0156443295747456 0.148655418823009 -0.00135300805479431 -0.0251574463601288
0.0166792889062287 0.154794485410631 -0.0282621481112514 0.00306956601354228
-0.0321044076343157 0.127193813250582 -0.0583354894132735 0.0125535555945649
-0.09625340378016 0.112672248604395 -0.0876831737648401 -0.0330310404082534
-0.173298021811976 0.0195056093807086 -0.0750780677920155 -0.0923869939000009
-0.174304258975708 -0.109211454035252 0.00263985252820254 -0.10895512511901
-0.046057813798948 -0.202405984901043 0.040603536264761 -0.0780210525709435
0.0882007280832708 -0.230380678394298 -0.0300857101279708 -0.00192071273370152
0.141184592579468 -0.170772249608844 -0.0194915695684366 0.118510993210528
0.087504449825968 -0.226337267780887 -0.166405285339306 0.131342381740892
-0.0804488028504744 -0.246988862094584 -0.116956522292259 0.249145531064021
-0.192660164639881 -0.125703262343549 0.0398055369593193 0.23976540189576
-0.186328792479005 0.0538576351268664 0.140087355446495 0.112793460486868
-0.088793142453173 0.121914746207012 0.0904732902065721 0.0170635983744601
-0.0241085260648214 0.139775479864679 0.0354974979675069 0.00711123553320546
0.0139434640402037 0.14627145129199 0.00378686506529572 0.029280668366354
0.0194293239520006 0.152006960482629 -0.0253446939025512 0.055367266540606
-0.0274302925988459 0.127645867704558 -0.0644342192701432 0.0594657144898129
-0.0907009078818346 0.113288875348712 -0.103165516716865 0.00530713955179914
-0.167215708152948 0.0145088144294122 -0.0940716217047182 -0.0642864882955544
-0.158512434975048 -0.116309074748428 -0.017045540133367 -0.0924713055872589
-0.0201273270022155 -0.193480861609602 0.0355822969780562 -0.0499818928211004
0.107275506166724 -0.190836445966016 -0.0554225981137001 0.0577516455930149
0.128244358727347 -0.0976875346697505 -0.0629676625646594 0.163398279080563
0.105955107977955 -0.166109305442034 -0.179563706422707 0.148164507511278
-0.0323528970876154 -0.211518288834785 -0.142865646772922 0.21649980115744
-0.146325522813491 -0.125930925609444 -0.0144344214109527 0.222072863971629
-0.158465457283669 0.0312047970286283 0.081500865499633 0.13318331881961
-0.0773350611881388 0.0997399150947871 0.0557129450081445 0.06278417813581
-0.0209557481093675 0.114780477442415 0.0259331089953254 0.0596544199748332
0.0113378976907068 0.122056806395469 0.00960357113668216 0.0772368726131081
0.0179676968340052 0.129065905674792 -0.0219496125119342 0.102507464400488
-0.0225403881982882 0.113470971826395 -0.0701473187352802 0.1002965853939
-0.0795622808281083 0.0999185043568922 -0.118739484277909 0.0378148994614855
-0.146039404180341 0.00447133889099329 -0.110696336378728 -0.0425156098775748
-0.125985873153982 -0.115067249327802 -0.034038693589158 -0.0806977891206269
0.0106781720925414 -0.166894010740967 0.028763852700686 -0.026020218875588
0.117134131783308 -0.127521971771053 -0.0828173596142495 0.105136317194611
0.0897416270162534 -0.00781834538037871 -0.0823035839257534 0.183161559760687
0.0951885966815174 -0.0782164841796832 -0.167228506910569 0.154521973024011
0.00436484334906838 -0.13331611039662 -0.141551606600779 0.178446784905545
-0.0811772037160914 -0.0915150561786744 -0.0448996656351389 0.191655633198569
-0.100894182069078 0.0118532889545043 0.0356505774688199 0.139481242208894
-0.0504644538109007 0.0630832868922046 0.030223488871468 0.0945631804456778
-0.0118271339025066 0.0726204207469276 0.0187508139809343 0.0971944239382559
0.00826087606797401 0.0796401973359286 0.0140259711025178 0.112724833690028
0.013805653083004 0.0887077187867712 -0.019917247262084 0.13910683363439
-0.016616862523753 0.0854017707066278 -0.0771422082804477 0.130480803995694
-0.0616486975402617 0.0748198730025126 -0.13673355734927 0.060168069569756
-0.110534619856007 -0.00573657235270553 -0.126669973491801 -0.031274101095632
-0.0817131681260544 -0.101011284513193 -0.0499436864137619 -0.0787777829791101
0.0400338869801087 -0.121448830231477 0.0184578660769768 -0.0113290472108322
0.112494981511154 -0.0473919707068719 -0.113139390687811 0.133034588311673
-0.0712824061519417 -0.0227392047919981 0.123684068238283 -0.163686680975905
-0.0406393004967909 0.0611606145610173 -0.0102305852009142 -0.0216937969076414
0.0208238956800328 0.0677384948301866 0.0630534573630296 0.0971359064343193
0.0581384069167841 0.00678288549334297 0.157711082967124 0.0396643238914001
0.0272070428207857 -0.0395371461787018 0.172730614664448 -0.0737335808992554
-0.00408284502164034 -0.0267193349119466 0.109459223985158 -0.158878237746907
-0.000615819888618856 -0.0208130748033846 0.021336724028287 -0.174381026952916
0.00383660555579326 -0.0218781585815891 -0.029423336018495 -0.145480809802089
0.00458227822874218 -0.0158976660249909 -0.0281245755954611 -0.119114686959913
0.00880923841163929 -0.00723483479170579 -0.0251348000763557 -0.121039214551853
0.0175065021333107 0.0113086989135759 -0.0207048209953613 -0.143803097213219
0.00728648852138983 0.0430831095589194 0.0324070425919996 -0.167230274341929
-0.0524733227494368 0.0448339110451237 0.108797639922626 -0.158974965136719
-0.0785121043182561 -0.0177344142602211 0.109450064323213 -0.165054208822271
-0.0615045918008622 -0.0807715056200764 0.0560629679583001 -0.201351068206641
-0.0342523605541565 -0.111246979171325 0.126409938316857 -0.137364474105784
-0.0529936874809099 -0.0285847438656231 -0.0244972144071128 0.00039133902420818
-0.0449949819566439 0.00814517168616546 0.0621045709956688 0.140362140442358
-0.0155076707207423 0.00667715530080098 0.180161353133193 0.0733725999250193
-0.0151407020973272 0.00717691366890629 0.201257405088169 -0.0679224353356801
-0.0153876997260531 0.0222918257142188 0.122587290979021 -0.160826146559114
0.00152544790978777 0.0338022341293491 0.0277685396360488 -0.174699267079676
0.0124558342784983 0.0373394635876971 -0.028339252561209 -0.143492438081865
0.00512878038300078 0.0452707692364114 -0.0314102467088598 -0.115319580566525
-0.0179028610383606 0.0402727142757604 -0.0325582957993602 -0.109495364921289
-0.0396072135092996 0.0402068206558926 -0.03221288671427 -0.13187661067679
-0.0674577802717459 0.0178228881939955 0.00851293054564187 -0.158864222042514
-0.0990689866241503 -0.0278387567587668 0.0842372553840737 -0.152272319375394
-0.06681596688803 -0.101320300459959 0.0827616118106773 -0.157869211231312
-0.0144813806011313 -0.163933510541978 0.0419159011454081 -0.178831031647658
0.0160243051239196 -0.183664724232053 0.112460183667474 -0.0882979952080914
-0.0457448771332082 -0.125661816173745 -0.0539496874274611 0.0351783843544779
-0.106302142166495 -0.0694911132425767 0.0425978352958626 0.195664363269196
-0.0999771880908331 -0.00738304484108524 0.187880703369054 0.126659877809945
-0.0705196229702697 0.0513427454658339 0.224973003989954 -0.0400264718714186
-0.0333874972002303 0.0721092619161451 0.132887217709263 -0.142384077811467
-7.7000110131854E-05 0.0854642796077959 0.0354377704783376 -0.152983608796368
0.019605019030606 0.0907541770874565 -0.0223897556124357 -0.119579068342723
0.0107778539922644 0.0995506579486915 -0.0344480778848716 -0.0892614794338324
-0.0309611276358719 0.0830946383918866 -0.0450973947240229 -0.0782491022156903
-0.0756144579709065 0.0754551873451876 -0.0561851103614951 -0.106979548819799
-0.128185485045219 0.014844583840135 -0.0271073278492248 -0.14525646327537
-0.145494753434323 -0.0718162586465964 0.0522864415018375 -0.146091372293122
-0.0670210516009307 -0.161728795874023 0.0587699079371199 -0.140671622162275
0.0224900022775424 -0.222567692861087 0.0173851414744819 -0.131123364664448
0.0695922500563398 -0.22621969612621 0.0806396195217997 -0.0208019918127582
-0.0162133135166046 -0.207919628993686 -0.0922343157467879 0.0779370434075349
-0.143203708693347 -0.154757795558848 0.00110530744047855 0.244870960615892
-0.174972067784366 -0.0393753280383052 0.168951846737594 0.185414271871439
-0.129605914264787 0.0808262115493516 0.228842555817422 0.00601258187930914
-0.055885016211417 0.112292092853721 0.133858716695916 -0.102105638067244
-0.00514200047591731 0.1258282417207 0.0399606741213275 -0.111541028599
0.0247776695960466 0.131051089670138 -0.0142056073977291 -0.0781539853222552
0.0199445435219656 0.137753164054321 -0.034220219802063 -0.0459631913493183
-0.0311501682115583 0.11570503161295 -0.0554994192548865 -0.033222214083144
-0.0906160603696376 0.105609062919226 -0.0786526128752592 -0.0701638392641017
-0.165186461432922 0.0251543891741806 -0.0608459321350503 -0.1203147915093
-0.177812117280907 -0.090937203502012 0.0206574566675835 -0.1339447380785
-0.0693037771625507 -0.194483262226762 0.0434004214742858 -0.115134441655711
0.05100993478416 -0.250313932753623 -0.00751254891516157 -0.0684570341360105
0.113974281553337 -0.226781203398718 0.0348098914969639 0.053493456247066
0.0311777635634213 -0.249490608662206 -0.133109067736537 0.116865281437469
-0.139236571206662 -0.22270035237167 -0.0538843904815179 0.270406691602833
-0.214601729152763 -0.0833919719668181 0.119467225042116 0.230351791110561
-0.174643946091327 0.0849750608958328 0.20326736271283 0.0597186342282757
-0.0757392470875841 0.13378656743711 0.120274486422156 -0.0469148847296098
-0.0115516977253958 0.14703361407325 0.0399554781796281 -0.0554305923145436
0.0267354698915274 0.150958281182788 -0.00469319897525139 -0.0247445298902778
0.0281285416380923 0.156995556102518 -0.0296366065263652 0.00592345247762312
-0.0259350994148256 0.132273860722073 -0.0608701075720864 0.017458015518138
-0.091471884079996 0.12217454295499 -0.0960833812644674 -0.0276485013402817
-0.177412431859843 0.0300782527371846 -0.0866628189030305 -0.0901871992425489
-0.185731990455993 -0.100471270900484 -0.00479224961940714 -0.116215604611419
-0.0584057605424026 -0.204844443949098 0.0371012341695361 -0.0852544738639657
0.0764944451701945 -0.242323591324874 -0.0297183616844485 2.107953187513E-05
0.13449519772284 -0.185131714208463 -0.0156487365568933 0.120905504954417
0.0766068113765602 -0.237612289693318 -0.164498794672947 0.146147972570793
-0.0990640157120423 -0.2463606035787 -0.104583053588072 0.264337311466297
-0.20690548824218 -0.117658432479588 0.0554287413273347 0.244393534323895
-0.187372329886637 0.0681459223620964 0.152406389182234 0.104367003243591
-0.0826264583970591 0.131440475145969 0.0937039607150973 0.010948859718897
-0.0153672116610031 0.144738589881044 0.0360088909862104 0.00521687044459738
0.0248448140459251 0.148699162282761 0.0051150574444179 0.0301721132763344
0.030464864822655 0.153886111470406 -0.0228672189944179 0.0593929906109796
-0.0200850653493301 0.132222229732426 -0.0632735623508539 0.0660329283061555
-0.0853136278538938 0.121870208333362 -0.109382146897476 0.0133042028220379
-0.170898139692689 0.0254621378763996 -0.103860417373931 -0.0600317362047765
-0.170231538199309 -0.108309352807121 -0.0242844682185243 -0.0977741860984575
-0.0330828830859898 -0.196582802479253 0.0333394906627646 -0.0560818451192781
0.0976766877721748 -0.203287055880298 -0.0524308884451998 0.0630204319427969
0.124842000539094 -0.109939474658089 -0.0570415349705111 0.168984841481251
0.0982270701674212 -0.177131815596627 -0.177273253855149 0.163131641586089
-0.0478242543890975 -0.213768219285701 -0.134022971031626 0.232232423771989
-0.159356880167367 -0.119975469553783 -0.0014285970185474 0.229367174007446
-0.159911428281666 0.0436299855998272 0.0930849883518464 0.129653605958836
-0.0717825637950291 0.107739046828569 0.0615261061999428 0.0605163935818004
-0.0136639032906083 0.118724061536879 0.030167703710342 0.0597210230055244
0.0210933614800322 0.12370724045867 0.0145133747224302 0.0786418139784129
0.0277295960818778 0.129714704603874 -0.0155385260865212 0.107459145349504
-0.0154430089988736 0.117045023748827 -0.0656626750951226 0.108585857412966
-0.0739628013962278 0.106849431180487 -0.123213400527656 0.047805198852942
-0.149198379689765 0.0138732372316464 -0.118612642473419 -0.0369594498927703
-0.136935321851291 -0.108206427089711 -0.0410729115024481 -0.0836614648862101
-0.000505741194388534 -0.171172362444712 0.0266410309688205 -0.0309491443994398
0.111944740272837 -0.139436405285437 -0.0781415276505278 0.112967200446281
0.0908113836758467 -0.0151483126003803 -0.0762280883036184 0.191024278843316
0.091871893273055 -0.0866015194412993 -0.164210996415044 0.169205712204981
-0.00542120003589149 -0.135711911543934 -0.135584341013992 0.194082564204587
-0.0899522938369932 -0.0877613796504667 -0.0338304253402356 0.200477954793318
-0.101853594031713 0.0204740781938954 0.0466830409449149 0.139746240877973
-0.0454883297697281 0.0685152257406597 0.0374471657693367 0.0950395406325237
-0.00642606249036663 0.0744423398388181 0.0262937187309435 0.0988738659739836
0.0151902038229088 0.0802436055713673 0.0223500618406306 0.11380898417138
0.0212778097849984 0.0885702085206154 -0.0107071911266805 0.143658509272032
-0.010546963249176 0.0879396375750792 -0.0706862897648918 0.139698805412807
-0.0568408960567946 0.0809886959642837 -0.138794825689572 0.0718658003976286
-0.113435502828448 0.00224446063666827 -0.1342517110967 -0.024839292441543
-0.090441510801228 -0.0960551698475709 -0.0573478695636018 -0.0800593041560406
0.0318874215460642 -0.126524451879716 0.0172988421503043 -0.0154008390604259
0.111937934963513 -0.0572999239393873 -0.10751926139893 0.144186320337399
-0.0777343311241423 0.00346804148215558 0.0617952767172862 -0.202108160646621
-0.0143260409496486 0.0728660725173982 -0.0199965842284281 -0.0189142298589439
0.0467251630218205 0.0541872922609665 0.0910602962708113 0.0727508155965606
0.0572063827469014 -0.0171826939721198 0.166336204009518 -0.014211690843664
0.0101770918768921 -0.0473145641992579 0.142206501208439 -0.131409663902656
-0.0120893098547723 -0.0242687236736961 0.0468416451629197 -0.193100069761167
-0.00835968607915886 -0.0202201524004826 -0.0451028784901607 -0.172401554703938
-0.00512260645405745 -0.0218371380691166 -0.0812275414521462 -0.125268252219126
-0.00150862427129654 -0.0155977039346431 -0.069503929337171 -0.10337815369665
0.00524957980996573 -0.00861198506678666 -0.0675994900812161 -0.106311270296829
0.0197673767755213 0.00415988224153936 -0.0729339739974647 -0.127485506956022
0.0208139079626659 0.0365976733682458 -0.0284355343087723 -0.171423009229568
-0.0331226496247227 0.0601518267430923 0.0501745841351904 -0.192805854719108
-0.0805766637487916 0.0121923511879398 0.0520554779275627 -0.193815426975428
-0.0861576606503022 -0.0542874280334024 -0.0101218357355324 -0.206071703624888
-0.0747606812824864 -0.0962684296692258 0.0759796700419977 -0.173603244506279
-0.0606854170257139 -0.00811246201742209 -0.0211536206725954 0.00951065645691203
-0.0379219740636873 0.0232323241200081 0.111042933248843 0.111159553579579
-0.0129680386593428 0.0108583118778298 0.201110937020473 0.00587729587520778
-0.0124938165070326 0.0115052604252675 0.170053935993746 -0.138504768320376
-0.00578013590896071 0.0259320167533938 0.0569621576803581 -0.200233533628052
0.0135028437792041 0.0317752633843617 -0.0399977291878986 -0.176578264962434
0.0239528337111401 0.0305949757628988 -0.0812292216040906 -0.123153609252613
0.0210676928478178 0.0422704292789436 -0.0728010866134826 -0.0983811826603927
-0.00410828874069946 0.0463166843515462 -0.0713009803432686 -0.0935824738578736
-0.0233038539478267 0.0526555109176844 -0.0801349747824973 -0.113496943791688
-0.0595443668225338 0.0393551899390703 -0.047435425111706 -0.154556735640766
-0.103499789169784 0.00728843204924339 0.0288409818080695 -0.176734594549993
-0.0987915013902033 -0.0722491146523509 0.0268617265474721 -0.177223853544626
-0.0690498318105452 -0.15109037531778 -0.0196698568911445 -0.179743454396354
-0.0530545638608177 -0.185883824334493 0.0810877542998969 -0.119263412790749
-0.0906963556120058 -0.10355363112868 -0.0327613630526804 0.0570017391911627
-0.125333191538735 -0.0271596544723658 0.11681484735928 0.169428201084475
-0.0976096948119995 0.03052091051743 0.229243456269678 0.049717673135502
-0.0484468872748034 0.0733731796422764 0.200609614115989 -0.124025899147116
-0.0054558397181256 0.0792793768325256 0.0716697730540685 -0.186824311164553
0.0303848398418979 0.0825635433601778 -0.0254977759035426 -0.160408230586992
0.0499702262880857 0.078482778406392 -0.0685224147582371 -0.102893442741203
0.0463187538216768 0.0908763582185733 -0.066792123559533 -0.0719118519575432
-0.00096110043237995 0.0919350637195416 -0.0727837646834882 -0.0602099379545942
-0.046186900759857 0.0991027139733712 -0.0942519761769372 -0.0825066291678807
-0.11854737580168 0.059122290675093 -0.0756869577325413 -0.129427838833393
-0.163450804365238 -0.0181939953452121 0.000189817600460581 -0.158362395714045
-0.120982339925291 -0.130174332918724 0.00816900051833445 -0.152301902589046
-0.0532379852010017 -0.222047257585397 -0.029812246890659 -0.126773849460651
-0.0173598198691188 -0.24715207011227 0.0736336763324123 -0.0404118449646321
-0.0932862914077351 -0.193573191579629 -0.0523208598174991 0.114658313771697
-0.192709495327326 -0.09294240084215 0.101076812654588 0.23085726259376
-0.180916592522201 0.0300748804076476 0.235111901535917 0.109695711043406
-0.0927653264581498 0.123139125822492 0.219615299393469 -0.0834143577582945
-0.0121482489715385 0.125451405219037 0.0860772323656062 -0.150311834484301
0.0407512698862509 0.123741816521613 -0.00597090915594589 -0.124005892913432
0.0698297456376999 0.114492988440971 -0.0463933107986072 -0.0671689448907751
0.0689362411660569 0.123598148663684 -0.0515736951052768 -0.0304125089201034
0.0104083723095026 0.12271691962169 -0.0671951647425299 -0.0137991461024903
-0.0487317319111824 0.132979889636725 -0.103123126498874 -0.0395583730088137
-0.149900205944643 0.0820052907146248 -0.0996245984734527 -0.0944701312214626
-0.201118621339833 -0.0245482805528906 -0.0259899088672798 -0.135139446515414
-0.135309629724769 -0.160692726990964 0.000858316197380255 -0.123136036250306
-0.0356945107468713 -0.259598732596219 -0.0348062037885957 -0.0593182432623562
0.0255506107506119 -0.264904918801334 0.0540151027798517 0.0483984010086635
-0.0643940067423129 -0.251245307621452 -0.0773121290138133 0.169846557054867
-0.214854096753279 -0.15856023179526 0.0605752124551711 0.277005504168237
-0.236101568625173 0.0047714866310652 0.206636685944698 0.169010177878141
-0.133624570062741 0.145191468041213 0.215071798463896 -0.02587010285426
-0.0225519498511822 0.153826279445225 0.09319938135596 -0.0933333860140177
0.0420443505460115 0.146714023612344 0.0155000166183643 -0.0714293246043829
0.0788724684425009 0.132628199904469 -0.0181477562858533 -0.0208113706545118
0.0830358800542224 0.137799996574884 -0.0285902605638882 0.0179493787512097
0.0218485322712774 0.135893357691925 -0.0543126148441109 0.0364532437940653
-0.0435990537321725 0.148308755914366 -0.104851089002111 0.00674743089972979
-0.159565173310655 0.0919327234830475 -0.11330532804188 -0.0567263029488452
-0.212298958656989 -0.0303710669920894 -0.0441254062684323 -0.108910446357811
-0.129292403466004 -0.173747564263951 0.00319944300712262 -0.0925788348108281
-0.00892954497317563 -0.261162175109513 -0.0344511927647503 0.0121944168145471
0.0613584866906176 -0.23138732880002 0.0275981471541238 0.130104815554571
-0.0169427502793374 -0.25683484332278 -0.099607369270187 0.210854315669605
-0.185991914803122 -0.195838389936918 0.0098943887047323 0.29103365510246
-0.242309379015597 -0.0296509092196139 0.1515875293476 0.206772169102145
-0.150690065031279 0.134643466745445 0.18278587702083 0.0345906372460282
-0.0301927687805748 0.154263037581622 0.0887179605246267 -0.0278496420554274
0.0380001661848535 0.145432562438929 0.0340817966117371 -0.0125204568626009
0.0766648227096442 0.130458980407305 0.0115570046411438 0.0265771822360571
0.0846739961439119 0.13336941070118 -0.00259326197936151 0.0653052741215773
0.0282778369793067 0.133053273195042 -0.0393228418622216 0.0838573668302878
-0.0371056940969074 0.145305140889747 -0.102305630669807 0.0502789860391915
-0.155062744342828 0.0850106513252085 -0.119262512639529 -0.0220507899212509
-0.199399641622971 -0.0419871973269761 -0.0570832614385178 -0.0841323527153339
-0.101931500876118 -0.175150672015475 0.00866435848518784 -0.0643080732447304
0.0253782781048594 -0.231686342541441 -0.0349982447200321 0.0778896882933637
0.0807048911100676 -0.154703275230666 0.00171131075854914 0.189241399339668
0.0274173696314953 -0.207612455550776 -0.110569165294135 0.22987399989807
-0.12622792123427 -0.183050969276192 -0.0322808805182009 0.273343110334374
-0.198650846917579 -0.0495939351482805 0.0908898350044468 0.215443552147669
-0.133744907456725 0.10183490379515 0.136029599355647 0.0824619032494826
-0.0277914059525622 0.128186267465411 0.0773422327846426 0.0310828078659936
0.0308150808376492 0.119265374793531 0.0499390741474097 0.041943938993366
0.0639474744867006 0.10830770472394 0.0394799795072552 0.0689091602754203
0.0736914412056702 0.111519119360216 0.0217446045390605 0.107861875524731
0.0275377184397916 0.115834853868305 -0.02646966752454 0.12501813330515
-0.0311745071852986 0.126877329916971 -0.101890789449954 0.0876499702279195
-0.137354977215533 0.0667120172304769 -0.125877043879222 0.00501755930211107
-0.167998045178439 -0.0528745106995803 -0.068645290736315 -0.0649601949866191
-0.0628211073600122 -0.161859429750338 0.0107578927741383 -0.0387733593247239
0.0601718130815497 -0.17539815308245 -0.0418595178983169 0.132710512001418
0.0831091754253691 -0.0485718913138606 -0.0111177297828443 0.213683319603262
0.0554451690671477 -0.117680796957261 -0.100585799188118 0.228155298097779
-0.0563322856031938 -0.124195420189392 -0.0531869491444346 0.238104899742114
-0.119788923084862 -0.0456290656410321 0.0464773409755334 0.203640063907592
-0.0866136394928387 0.0586909938320885 0.0953444018606787 0.111684079291468
-0.0163118988051845 0.0815695566007299 0.0682377428684867 0.0735913641270641
0.0217045059418049 0.0735593206213132 0.0616327367641931 0.0811328432128751
0.0432872414642529 0.0693131399226082 0.060781247074109 0.0986118836713995
0.0526152014491292 0.0740610954530022 0.0400063620979952 0.140022626960091
0.0229139783668263 0.0863611113987163 -0.0194529495128644 0.156476898633744
-0.0239250959373295 0.0961007368950225 -0.107585385200954 0.116873565233937
-0.10683683103046 0.042308616354023 -0.136174369959338 0.02241023220524
-0.118983270098349 -0.0571885506721169 -0.0832025631022658 -0.0557813150455655
-0.0160823179064681 -0.130590185434797 0.00761054060306296 -0.0213407423650823
0.0882020070845499 -0.0956314923299715 -0.0569448591064675 0.17047146770166
-0.0784418771822611 0.00757264706164491 0.0553376664222363 -0.208770212897356
-0.0108520835242763 0.073844956190456 -0.0216796286791719 -0.0167414351723057
0.0502428640001253 0.0515760740824659 0.0978867608871148 0.073527618454314
0.0560596913202129 -0.0213341815520827 0.172136105497654 -0.0207691102024338
0.00592379440474341 -0.0471649352580667 0.142441674019526 -0.142255453763443
-0.0137296655645428 -0.0231858774874886 0.0397597472386546 -0.201667676448749
-0.00931553940362879 -0.0191444662204886 -0.0533334904084186 -0.174571452240275
-0.00661170761702404 -0.0208217780723055 -0.0876277496240475 -0.123457821421979
-0.00207385282809245 -0.014590782953839 -0.0767904934188644 -0.104173419300763
0.00428014805978464 -0.00765074554972481 -0.0752287467418334 -0.106457042173064
0.0192308019801143 0.00454919392017822 -0.0810793077852124 -0.12700554103287
0.0216128831180169 0.0353833767947173 -0.0375857089550872 -0.17483405867854
-0.0307269261208961 0.0622630631131371 0.0440866933006424 -0.202776178985914
-0.0809041686742926 0.0152420092312857 0.049366392767075 -0.201300052130443
-0.0898804729257276 -0.0510232069875975 -0.0135955969208051 -0.211492460669131
-0.0791413379270739 -0.0960512294637687 0.070530144734256 -0.179900164062445
-0.0606606352658628 -0.00767222357887579 -0.0218387474426384 0.0127184343044669
-0.0375649855798563 0.0232750002834964 0.119096202027973 0.111793394446938
-0.014818311425909 0.0102828100456689 0.207893753613093 -0.00129292785649101
-0.0149241655421528 0.0133474823953176 0.169720242519613 -0.150835472731337
-0.00566642908091761 0.0282933560609867 0.049413207253729 -0.208856093301171
0.0150890576323935 0.0335494048885175 -0.048882121009665 -0.178808511741765
0.0256703421417203 0.031344106173795 -0.0885916165052555 -0.120622063300514
0.0236975568667727 0.0434884283266512 -0.0797571808437955 -0.0979374979475793
-0.00301787359220926 0.0493788019614068 -0.0787257975285122 -0.092180985520559
-0.0233821060957364 0.0557480920404224 -0.088651477057992 -0.112178798752415
-0.0616589071634507 0.0415110775659695 -0.0563029450203796 -0.15697214480469
-0.104964272969129 0.0103723391255508 0.0222613693156166 -0.185198605592758
-0.102659213317749 -0.0711384578187183 0.0239787310697327 -0.184041549023128
-0.0758025926577411 -0.151505433733051 -0.0228755040443793 -0.183728108565386
-0.0604023439260634 -0.188617366405616 0.0766028793271963 -0.124215115813395
-0.0948463893139805 -0.103665490921773 -0.0316724693680623 0.0616158010294864
-0.128602094145218 -0.0244221944892235 0.12764354915305 0.170954452182754
-0.101596818957947 0.0335985587792247 0.238609924281363 0.0429145022853191
-0.0488155477810975 0.0779533069140791 0.201033965573145 -0.136844890123578
-0.00335104003610957 0.0827590687917812 0.06582351806898 -0.195498018170718
0.0341831703256672 0.0847875776867151 -0.0341047597411683 -0.162040344722605
0.0553519201670379 0.079001485621286 -0.075654495073021 -0.100542028516236
0.0518725982450197 0.0921075494512029 -0.0727876362821421 -0.0697531070822636
0.00186554053713524 0.0964832521404566 -0.0787137200304574 -0.0574085517497804
-0.044087530200176 0.104464567599837 -0.102608488053341 -0.0790366398955567
-0.121670059508565 0.0643722118943303 -0.0854624057286416 -0.12991343921489
-0.168020545312228 -0.012329762121236 -0.00723702167236994 -0.16683691510766
-0.128148270132024 -0.130286909887926 0.00479484634798969 -0.157883843914467
-0.0621741051060226 -0.225731246263945 -0.0327546560505579 -0.12951642820787
-0.0268208011123263 -0.252975737022357 0.0715255387899304 -0.0430876066140665
-0.101490113126636 -0.19591375319501 -0.0495623490183722 0.12158477176886
-0.200360111423549 -0.0878001945899883 0.113401967860213 0.234419617520347
-0.18651444657479 0.0368773958385393 0.245842492062703 0.10400835806293
-0.091445486143205 0.130919234640466 0.222128608608818 -0.0970386350715874
-0.00836623555736595 0.130362693627313 0.0814358789016308 -0.157751003831375
0.0459401969476727 0.126544578120499 -0.0121968836723037 -0.125210452829067
0.0769175907465243 0.114064083713763 -0.0513005620644752 -0.0642465271373453
0.0770526187873204 0.123991459399639 -0.0547465866196379 -0.0281098351013488
0.014537043066142 0.127270190505206 -0.0710290157166024 -0.00985521135200995
-0.045574735169741 0.138871104268694 -0.110749501873022 -0.0338272615512288
-0.152614193357068 0.0896522828845987 -0.109316245303737 -0.0921247824100198
-0.20736626487869 -0.017444635073792 -0.0344113036848515 -0.141337777682071
-0.14449772523207 -0.160908142402466 -0.00374004228530193 -0.127648271895596
-0.0460334441628984 -0.264968319935255 -0.0358131203007552 -0.0598563812259986
0.015778444328716 -0.272696075390181 0.0535511383927403 0.048308910612753
-0.0746500335828366 -0.255970992953961 -0.0739898276096727 0.179285423062094
-0.226068762130657 -0.153563839658066 0.0733851315459299 0.283565830337767
-0.244395191083081 0.0134252438236439 0.219779344057545 0.166202369490602
-0.131128522694198 0.154964331629384 0.218284480922946 -0.0372922968074441
-0.017176758568683 0.159302433209757 0.0910518942764832 -0.0997787169016645
0.0484740284766014 0.149381231965019 0.0118983744112168 -0.0724083883228362
0.0874526324746485 0.132594708777479 -0.0203307801964873 -0.0189930011718144
0.0923243470245129 0.137428944097654 -0.0290300646933118 0.0206455541712763
0.0271428756563614 0.139236075073455 -0.0555399290670643 0.041183905874625
-0.0390047819830335 0.15393845679847 -0.110395350982161 0.0142589704115707
-0.161469093060663 0.100249886761736 -0.12181467462303 -0.0524739670916177
-0.219179370501545 -0.0226270459689525 -0.0528056898539993 -0.113546940786738
-0.138428774284579 -0.174115431426924 -0.00103825553587954 -0.096794561204937
-0.0192817586581066 -0.268543015381807 -0.0333159068120146 0.0133539114618571
0.0532124558227174 -0.240355003075646 0.0288687398986924 0.133012752292827
-0.025633036646117 -0.264194483715626 -0.0962031009680279 0.221230454440545
-0.198709491313808 -0.192512657076655 0.0220784244686698 0.300228418916763
-0.25190217226839 -0.0214948439594782 0.164188844720387 0.207475100971238
-0.149002252108387 0.145399337306818 0.18839914747803 0.0266523999299948
-0.0240324290944062 0.159799348424809 0.0890810346387823 -0.0324383947820329
0.0450000807683449 0.147876070654636 0.0342484721038179 -0.0134364581278768
0.0851253253320303 0.129962462856787 0.0122731622802778 0.0280950256319501
0.0936101425708343 0.131966527876023 -9.60530166392906E-05 0.0679483039083654
0.0334580604210362 0.135799814345326 -0.0371076559050896 0.0893962127629059
-0.0320241900845541 0.149882390709581 -0.105710596128698 0.0589804741336058
-0.156418925993317 0.0931411968265605 -0.126495579160884 -0.0167131949867939
-0.206340468252055 -0.0344288299769565 -0.0647755966269356 -0.0867728912665447
-0.11198578636459 -0.17539859231091 0.00484420102157969 -0.0677877969759587
0.0162686115826875 -0.239603950021321 -0.0322808311883557 0.0811044828115872
0.075969491499937 -0.162312931733687 0.00422769641494856 0.194212899752785
0.0197659235405162 -0.215121253346375 -0.106511281442869 0.242454440238538
-0.137212935946899 -0.181712597764343 -0.0222577655891214 0.284259953582029
-0.206894452351581 -0.0424756662922905 0.10258055036272 0.219137289127783
-0.131641289025748 0.110704563451728 0.142470964031265 0.0776373108433511
-0.0219397919254556 0.132402216650996 0.0802950987241855 0.0292219023001267
0.0367898645821973 0.120928431826739 0.0529274035450498 0.0414781128292026
0.0711004003801069 0.107394056067741 0.0426032766880996 0.0688079787918194
0.0809318646041722 0.108992618476958 0.0271697744597073 0.110273243257423
0.0332166626904613 0.117435475332292 -0.0220648525526835 0.130809514734257
-0.0257907041532475 0.131146604112285 -0.102862650770252 0.0971724488658629
-0.138949145645103 0.0735443648457156 -0.131532835236074 0.011652684548342
-0.174139325447716 -0.046615356982458 -0.0756915908859749 -0.0664299782367409
-0.0711097267384081 -0.163313728404143 0.0076761656331528 -0.0417131154043787
0.0542198506973635 -0.183512085955975 -0.0374312872290873 0.1375417439427
0.0822748457982606 -0.0540766050165425 -0.00823284061008171 0.219515499162476
0.0520477957730561 -0.123320185804239 -0.0970908318433735 0.238953170596274
-0.0636222571590268 -0.123068414754416 -0.0448885645520419 0.248262945954294
-0.125188972912008 -0.04048598489821 0.0570071281513243 0.208463204592187
-0.084985051519429 0.0651262428224826 0.102765103793173 0.109938087370565
-0.0115326425027583 0.0835034371151388 0.0731045934400069 0.072898832329584
0.0259522742747171 0.0733526287302912 0.0667201743611355 0.0805028622648076
0.0477261185042588 0.0678509139713444 0.066299224302648 0.0979491465020777
0.0576455174762956 0.0717852450072097 0.0474469511623247 0.141430435363037
0.0277281436747098 0.0867426871480508 -0.0126865048244426 0.162343551933623
-0.019616693823494 0.0989403441051258 -0.106650990176346 0.126214808898415
-0.107746821142731 0.0482059817251875 -0.141638072188168 0.0285781169386248
-0.123536365497669 -0.0520335483868515 -0.0899792274891413 -0.0564214077774963
-0.0223723459280491 -0.132012050311515 0.00509134295526167 -0.0231486870794326
0.0854990742982689 -0.103137688831043 -0.0510246400231953 0.177319649568431
-0.0796453492492349 0.0115165926043071 0.0486625939160202 -0.218995703079536
-0.00701606654192422 0.0758383580983816 -0.02320953653968 -0.014150790351162
0.0541682578534658 0.0489165358084495 0.106276534364703 0.0753796559300028
0.0553954004224427 -0.0253936226958014 0.180684785566744 -0.029794288717131
0.00188427645244468 -0.0472742651046149 0.143118947509432 -0.157216122277003
-0.0155939014449041 -0.0220480313501585 0.0323704558961627 -0.213536464382605
-0.0109962012721864 -0.0186549967742166 -0.0631275486661005 -0.179080193232199
-0.00860206043762693 -0.0204716828745004 -0.0961621672396896 -0.123028142154941
-0.00292151602909653 -0.0137531782646158 -0.0860468385549732 -0.105547949923077
0.00397191503639798 -0.00689609543147584 -0.0843318555516436 -0.107476599415166
0.0187187792732065 0.00417651166644017 -0.0907301917726665 -0.128142620506245
0.0223107462286273 0.0342874968004211 -0.0475972432182827 -0.180707307259919
-0.0280232351788629 0.0646201333066979 0.0378936701412284 -0.215686446639334
-0.0823934177169446 0.0191017403065389 0.0468169677251092 -0.212783761810835
-0.0948930641254874 -0.0477346153261882 -0.0186144092503401 -0.220841477286356
-0.0850598756318711 -0.096365386285469 0.0653650216807637 -0.189605587149122
-0.0625306840899545 -0.00707089543693104 -0.0218956952228266 0.0162856297069674
-0.0383273082902671 0.0238768531065968 0.129782753976295 0.113784751946202
-0.0171037139278243 0.0102631151376435 0.218082892025562 -0.0102264582786317
-0.017075450114686 0.0157286501361267 0.1710250303401 -0.166295070147312
-0.0052438218347054 0.0309825003169428 0.042027064126564 -0.221233303931697
0.016803773715012 0.0359433532174421 -0.058461636258592 -0.182905925537997
0.0279466525209228 0.0325503195036685 -0.0969580740046429 -0.119450661891047
0.0267843511323949 0.0451815259947327 -0.0889994823653388 -0.0977860039365285
-0.00152643848960172 0.0532695960769727 -0.0881240242904947 -0.0922990491513809
-0.0231355251611653 0.0600049503820683 -0.0991893153802243 -0.11153500841772
-0.0642750393170546 0.044418887039974 -0.0673230104770159 -0.161573893808458
-0.108633491182047 0.0136602997979027 0.0147211924675893 -0.197533795258731
-0.108877900284408 -0.0716818246579544 0.0200932620888201 -0.193964101516315
-0.0843402450120064 -0.154037270851026 -0.0281081673604798 -0.191616067136651
-0.069528688820659 -0.193676376149253 0.0733404000168818 -0.131020119838218
-0.101886901247915 -0.105933512680513 -0.0298898338601678 0.0674619157551742
-0.134761402631823 -0.0214901954609999 0.141503942888318 0.17468869322014
-0.106593061722235 0.0381182936375289 0.251427236553825 0.0348254441171652
-0.0490939702044695 0.084420278177065 0.203794422903295 -0.153266333253681
-0.000541705184260857 0.0876446671161526 0.0588348012658473 -0.206925374058106
0.0392176238027457 0.0883728548093477 -0.0428959361937807 -0.166486746382258
0.0610961897136805 0.0801867664506604 -0.0825459943035198 -0.0986121103902082
0.0584770494110688 0.0937470823141539 -0.0801601567733212 -0.0687499487276045
0.00539085658087228 0.102506455547194 -0.0866703027631433 -0.0550544547837797
-0.0424698736206058 0.111477816540508 -0.112892332235709 -0.0756608470755497
-0.126289665428902 0.0717124934787503 -0.0971187504536625 -0.131033471066119
-0.175447827524173 -0.00696848019046736 -0.0166401497500021 -0.177013817858863
-0.138119308540767 -0.132170137207976 -0.000288483185086509 -0.165854585495166
-0.0741969773148065 -0.232358422571119 -0.0362642851374593 -0.134419134476051
-0.0377051049214504 -0.262134806982825 0.0701585407884721 -0.0466556244511125
-0.112762653962965 -0.201474347888229 -0.0470369304177987 0.13098259962181
-0.211788824860049 -0.0836585393045514 0.129329966882126 0.241539640697164
-0.194869263903044 0.044870239517109 0.261687203565903 0.0993741926651958
-0.0904059641869215 0.141272075613871 0.226671453782738 -0.112827650071093
-0.0035767606724022 0.137580367527508 0.0776453594551703 -0.168166906028374
0.0530360023586284 0.130941553828699 -0.0185320449407986 -0.128334221327024
0.0862470101023554 0.115771249731952 -0.0563591014284059 -0.062329710769928
0.0867875076659398 0.125093186862566 -0.0596496839245009 -0.0254010126225858
0.0197894130808069 0.13337100813673 -0.0758147124699398 -0.00517863634428119
-0.0419382368597415 0.147292001045464 -0.120020278551417 -0.0275293454350957
-0.157621887518257 0.100177579118003 -0.120956462128192 -0.0905189053193862
-0.2174074905821 -0.00958650350473183 -0.044535649735323 -0.149738796063576
-0.157141924226453 -0.163452940345097 -0.00875220792596777 -0.134526707712407
-0.0589762766753514 -0.274596621720765 -0.0376977206960557 -0.0618961477264208
0.00503724271667119 -0.284930198266088 0.0539726288963758 0.0497126813500748
-0.0869492700248519 -0.265643943169269 -0.0710728211240678 0.191548838732489
-0.241083324063573 -0.150107114922691 0.089369294448762 0.293473136287028
-0.256564502077709 0.023684337209525 0.236462092404027 0.165124827736322
-0.130182996247927 0.167926959429309 0.225751617352699 -0.0506054860941514
-0.0111151324394083 0.16795346577309 0.0897940171040189 -0.107724852383221
0.0567751421472332 0.154809671903161 0.00910264727646945 -0.0748637298765878
0.098063073166547 0.133832537747285 -0.0225049696903549 -0.0167006966968836
0.103239795992369 0.137953329859994 -0.0299701649038923 0.0235660004532217
0.0337150131025081 0.145250215281904 -0.0565977151372671 0.0479062579339765
-0.0338408835315445 0.162381703644024 -0.117511627337127 0.0235207744700325
-0.166360907899637 0.111886611796496 -0.131963793367693 -0.048114489108004
-0.22959333412555 -0.0134910729137797 -0.0633993596686848 -0.119597777960852
-0.151621384783507 -0.176621508125167 -0.00599542291003426 -0.102270027179652
-0.0317547577783257 -0.28017103142395 -0.0325504669933867 0.0145415108020613
0.0454951392863201 -0.253513625631592 0.0311398784903965 0.138262834645551
-0.0370783888230933 -0.276506768405993 -0.0929416059564416 0.236644572053882
-0.214861821819069 -0.192196570342781 0.0363271877529601 0.313949327297923
-0.265280691976419 -0.0113663787345008 0.181179382308921 0.210893598387935
-0.14804337381502 0.158844872609759 0.197202771726095 0.0171409030248853
-0.0174468770597259 0.168048893941186 0.0911148574753166 -0.0373442370469677
0.0531503727793136 0.152627019118006 0.0351844737336397 -0.0142663552669557
0.0954676447946542 0.130438560302365 0.0137725567600666 0.0301555204226538
0.103991364132573 0.131444618437385 0.00280441975198803 0.0725495386604395
0.0409389925086309 0.140365163607861 -0.0352145654716253 0.0970264227083353
-0.026508078182701 0.157565238435101 -0.109613269490521 0.0698152539476604
-0.159824155653486 0.104254382966837 -0.136028938899744 -0.010536174021974
-0.216929508308018 -0.0258519701312639 -0.0752841290293373 -0.0907254895460756
-0.124126082645341 -0.178429053478924 0.000656644406479781 -0.071823298673712
0.00603672290445834 -0.251882218881236 -0.0292803661167145 0.085044307251438
0.0716840486398155 -0.173068679118047 0.00751250415880937 0.202675526917598
0.0123817838188832 -0.226462663922099 -0.104579384266164 0.258445486563973
-0.150646354106967 -0.18247155877024 -0.0116024120215024 0.298920040899266
-0.218496644474928 -0.0345611188488212 0.11720961622571 0.225604560526733
-0.131274489657919 0.122984904173285 0.152037386238883 0.0733615087937079
-0.0156227736582296 0.138272842464434 0.0842329103637474 0.0275993622427718
0.0437060889968898 0.124114983709239 0.0569876019562271 0.0408676100461646
0.079852662269389 0.107337604066496 0.0466079847409498 0.0706153394772035
0.0895651392122872 0.108552008971395 0.0330461844421125 0.114164343688466
0.0404404537026792 0.120448740082515 -0.0164345640023997 0.138951825873373
-0.0207940701959692 0.136776758318568 -0.105029604846771 0.108355197934488
-0.141914071749347 0.0839152567317227 -0.139529782392016 0.0184974460910382
-0.183090396418838 -0.0396378158815344 -0.0850555843865277 -0.0681839559596868
-0.0812550062326166 -0.166034590616871 0.00461308126747832 -0.0449712492430161
0.0475110641329285 -0.195081926325937 -0.0323432037544902 0.144473056260439
0.0824619507358615 -0.060323695924008 -0.00453843075805779 0.230153629966618
0.0481006398261533 -0.131896112110277 -0.0952150438374365 0.255649646126013
-0.0717616301579298 -0.12434019711797 -0.0364544809671419 0.263216013035811
-0.131995436589423 -0.0355344806123951 0.0697603240986032 0.215656781184655
-0.0836001654314708 0.072390418355816 0.112374905263832 0.109148285113621
-0.00658314001774164 0.0862442504737898 0.0788942991935059 0.0727958619224783
0.03039912874144 0.0740356864132164 0.0729945048569914 0.0804418150404488
0.0535900788981927 0.0671946066171745 0.0727678109687408 0.0984117929855636
0.0634593723201267 0.069583116929283 0.0560797939596037 0.145394960636433
0.0333159941894994 0.0877880027400075 -0.0053191442860449 0.171262579683586
-0.0146202652502223 0.102595646241759 -0.106982369300059 0.138696901597596
-0.109449191598618 0.0558339749964324 -0.148717353646236 0.036944321976866
-0.130552719319926 -0.047396339987745 -0.0988765924104868 -0.0567631778011764
-0.0296776992451325 -0.134954970366267 0.00298350304751057 -0.0257586922303782
0.0834396384696251 -0.112044694574956 -0.0445319338676133 0.186654724729963
-0.0811670712406934 0.0169811996108006 0.0371693957893364 -0.232672311410205
-0.00154612316019447 0.0781946410319476 -0.024569836127641 -0.0108484037104935
0.0590840390971438 0.0451282425093861 0.118093941761952 0.0740983943374778
0.0545904039271609 -0.0305156433876725 0.189387578195231 -0.0425152072985859
-0.00284137329526281 -0.0480230972158189 0.140361232352422 -0.176636643365524
-0.0182712533069245 -0.0210228425259208 0.0193206903162025 -0.227929559114016
-0.0118610014215314 -0.0176625501100482 -0.0779018241264849 -0.183349574514867
-0.0106331585334631 -0.0193000987288245 -0.107289511287679 -0.121687910852267
-0.00412261394300731 -0.0132065100719942 -0.097442892561101 -0.104615987088694
0.00358359980888173 -0.00660003666332378 -0.0969330027675769 -0.106401155710048
0.0189504317735171 0.00376114847827174 -0.103756167160315 -0.126592765894554
0.0240578166522169 0.0331151521632736 -0.0625624686964027 -0.186291010803644
-0.0244224193062152 0.0677146779057925 0.025846734221609 -0.231356985652455
-0.083690681907937 0.0243693728064124 0.0400910658856182 -0.227519035101667
-0.100809820202116 -0.0431294835557635 -0.0291448303765185 -0.231654043092089
-0.0934163848716636 -0.0958039084597025 0.0560144669257238 -0.201760180372052
-0.064831639128101 -0.00529453018376516 -0.021761520041243 0.0207334692428198
-0.0385103380501261 0.0246395811640668 0.144929816658234 0.11282690337181
-0.020006848098116 0.0105377529664556 0.229170448117246 -0.0243263745722775
-0.0188877781758552 0.0198928599219146 0.167787445124494 -0.187701334073693
-0.00471599851938549 0.0345860519396581 0.0297322198339059 -0.235808684244949
0.0204394163716911 0.0379229318555283 -0.0741519007540059 -0.187348450980845
0.0318983263277106 0.0334492492716546 -0.108447426586375 -0.116992922904216
0.0315464069820202 0.0462970161787816 -0.101319444169357 -0.0955039899236953
0.00170578515296805 0.0576015264418415 -0.100104221489175 -0.0897440007215577
-0.0211181468560066 0.065252994972085 -0.112769907809034 -0.108811362520138
-0.0673754428909634 0.0499678346209495 -0.0831698511324994 -0.164644638485293
-0.112043736330594 0.0200228971318526 0.00227069898743953 -0.210941857311607
-0.117339200911248 -0.068804103598212 0.0120954508528421 -0.206247371527266
-0.096595109542083 -0.155892102306152 -0.0376951797050586 -0.200446229464066
-0.0837397110329072 -0.198538247102985 0.0676342097246485 -0.140258836889247
-0.111891933404116 -0.10679721253543 -0.0272958356814074 0.0747079805271109
-0.141901101350363 -0.0160553040599595 0.160374334075088 0.175837997979891
-0.111955244534378 0.0457337550075302 0.266836383411402 0.020890228665425
-0.0474367003315222 0.0930485586695645 0.202914248507735 -0.175563818595516
0.00397010333353153 0.0933094639858459 0.0479655741788309 -0.221085059188734
0.046875449948056 0.0923866895248941 -0.0557525220688406 -0.170335808051883
0.0695033123458472 0.0808124852077961 -0.0922155563855253 -0.0947974167789248
0.0687620397543804 0.09483964445519 -0.0895392120855716 -0.0652966730107445
0.0114779648045132 0.109031509362647 -0.0959247154730818 -0.0501353967659811
-0.0382571128185101 0.120628980205056 -0.125259687595179 -0.0692360454794192
-0.130930396951347 0.0827033497046206 -0.112872426473272 -0.130553904480407
-0.18460120262609 0.00241124617474376 -0.031045778266491 -0.187739740863626
-0.152407756334431 -0.131603950598439 -0.00899136654584532 -0.175964858061761
-0.0913225091968039 -0.239138157240894 -0.0434730330035773 -0.140023176296844
-0.0550484509542197 -0.273128944430366 0.0684040830785803 -0.0508357449276381
-0.129372179681004 -0.206236571870644 -0.0415731137382709 0.141899587607434
-0.225704220367015 -0.075782031152886 0.151425272420987 0.246297520291822
-0.204158915630009 0.0581739736014115 0.281128831248575 0.0880982389836232
-0.0865565078633396 0.154486952110639 0.229181989920611 -0.134710814785833
0.00434358413870702 0.145602519524952 0.0699929783280534 -0.181113422233796
0.0640923989456288 0.135637364984594 -0.0280335231962597 -0.131838277322435
0.0984558031049042 0.115555117328812 -0.0629663684841756 -0.0583290390249579
0.0997389991987422 0.125448651427687 -0.064693095078572 -0.0205210888974388
0.0291674431297286 0.140585928974779 -0.0812738815173563 0.00171825867407143
-0.0352085435113256 0.157857312055747 -0.129854243085533 -0.0175445859726602
-0.161365718489673 0.115054621210311 -0.135668969618184 -0.0860668751929613
-0.228933637072104 0.00314731295535405 -0.0598338672920192 -0.156721559302897
-0.174363549437604 -0.162771078377454 -0.0173155471707401 -0.142010869446365
-0.07911560417495 -0.28513765256614 -0.041572993440389 -0.0638835040559482
-0.0116425331434922 -0.298820462710992 0.0572267803471172 0.0505857641284804
-0.106436478220783 -0.274873920280078 -0.0635018641081647 0.2073583325507
-0.261382951737154 -0.142793351108991 0.113053049994664 0.302714123792371
-0.269069157608692 0.0402714978386172 0.259147278440269 0.159699542473202
-0.125570732515411 0.185000109480634 0.232204626244445 -0.0695008379546349
-0.00134668213752938 0.176713337196479 0.0865180342115132 -0.117911067946621
0.0697547287150792 0.159907593189705 0.00437914198429919 -0.0775557730811389
0.112528757492595 0.133226807043365 -0.0250952713765521 -0.0133415164453283
0.117707590959548 0.136765998967756 -0.0299772251676733 0.029116282616563
0.0443546026784258 0.151728202278541 -0.0564801869167856 0.0564961605713774
-0.0257117998630719 0.172085118948253 -0.12306350217423 0.0358785036178953
-0.168776060153785 0.128338021393155 -0.145068153658035 -0.0401854737673768
-0.24144273899413 -2.88483709539756E-05 -0.0784255799942834 -0.123554230387452
-0.169765044275587 -0.176947415105123 -0.0131822844195083 -0.108269885212289
-0.0524493484075238 -0.292205349037386 -0.0319955174309587 0.0162684626243574
0.0311560177363759 -0.268564007606869 0.0369751990742712 0.14570849051563
-0.0558179450404577 -0.288977794103052 -0.0845317753210255 0.256409324275353
-0.236778439935244 -0.186819287120709 0.0585890320843275 0.327208991532357
-0.280434654417992 0.00444555489430593 0.204420501759984 0.210748951097534
-0.143717270663382 0.176785258061439 0.206350254824809 0.00391261061038974
-0.00719656220334136 0.177061978784108 0.0925860601632947 -0.0436962353849889
0.0660012676443895 0.157211199015212 0.0354627199071468 -0.0161882367011112
0.110071092932909 0.12967002261128 0.015711348991159 0.0323511415257381
0.118281565870655 0.129159638389805 0.00742317872939723 0.0767026111153968
0.0516510330365736 0.144704051730548 -0.0304488012816954 0.105737277790111
-0.0173790812238228 0.166018659715971 -0.111904791293091 0.0832067201816502
-0.162536965957762 0.120464529644673 -0.146004038106443 -0.000710234370647339
-0.228686530924055 -0.0126164990711115 -0.0886384894881296 -0.0925207205059527
-0.141482138153944 -0.179373862033537 -0.00462266125153389 -0.0765547777500553
-0.0107575446706879 -0.265566635750375 -0.0242639771049884 0.0905287105622045
0.0637687320932797 -0.186248070211262 0.0156135505540656 0.214054927328591
-0.00133588030852224 -0.239798607568117 -0.0958401644095877 0.280160688077074
-0.169560099772653 -0.180666958856905 0.00711770237640309 0.314828309073555
-0.231971119454795 -0.0221068868436284 0.138412982390971 0.229697004350741
-0.127770094465903 0.137582322251571 0.163190743891891 0.0657758122992756
-0.00666814611088609 0.144740554859305 0.0896210533696915 0.0243910986821065
0.0541279086013178 0.12671443970125 0.0619155313691898 0.0400728296097247
0.0912568799438277 0.105946204665436 0.0530987491117266 0.0715452082013254
0.101124843536686 0.105373374829069 0.0421650526908943 0.118183460357398
0.0501712114317835 0.123518348763306 -0.00771586711617926 0.148251328900286
-0.011966313440758 0.143916378074617 -0.103970003172169 0.123556263390116
-0.144206794121417 0.0974674842129683 -0.147898330173344 0.0304578582445788
-0.193624680608711 -0.0284690707585986 -0.0971385197451539 -0.0678256498093877
-0.0960853460308559 -0.168487504969429 0.000962724915965122 -0.0478826570321618
0.0359822401234441 -0.207959988399485 -0.0242696384672844 0.152923962731114
0.0818683973402961 -0.0684994506081919 0.00480106831315377 0.243272585724231
0.041983085575088 -0.14170645006301 -0.0868718329220255 0.276234084919744
-0.0826587978115817 -0.123793487599422 -0.0213395839749182 0.278852697849399
-0.140669574912875 -0.0275163864720243 0.0886357798415107 0.222649822289462
-0.0807012607859922 0.0817672545609294 0.125190052786792 0.105749080499649
8.23462060145028E-05 0.0887802602656727 0.0870351759204057 0.0722755586504938
0.0366659216699741 0.0744416203510842 0.0814747895609775 0.0794685124998123
0.0604190619795293 0.064814551567718 0.0817084316632679 0.0985405122377037
0.0708404941247749 0.0664263594975597 0.0684673579790435 0.148374800012095
0.0414853253696405 0.0883342809945677 0.00571246642863003 0.179851549222167
-0.00768976994536949 0.107283402863429 -0.103319454567186 0.154883467095191
-0.111227281448254 0.0665806647663335 -0.155613112735217 0.0496590766773609
-0.138579602178685 -0.0396192340331746 -0.110045530800736 -0.0544268303798777
-0.040279216802135 -0.138368725361893 0.000267049302838892 -0.0281187851941488
0.0792877886136723 -0.123682113755459 -0.0349609328966565 0.197606548096078
-0.0806222276756021 0.0234772870573551 0.0190196874152471 -0.242474985712893
0.0051485017848424 0.0787123532399621 -0.0257632658041577 -0.00732694439474141
0.0628481767080273 0.0396801334268012 0.13090423623681 0.0697286913657101
0.051288168984749 -0.0366647252258134 0.193886539319359 -0.0597677961086421
-0.00836910489767017 -0.0471823172464288 0.130910076770628 -0.196346121996375
-0.0205412454333454 -0.0189858129591576 -0.000768419057769645 -0.240194917947801
-0.0134841631531065 -0.0164156892613064 -0.096211589014588 -0.183365216860777
-0.012882042723021 -0.0177971537869866 -0.119963528759084 -0.116104433383359
-0.00524251870589528 -0.0120906715051733 -0.111612121177169 -0.0992364587792902
0.00310799504791599 -0.00613167552542398 -0.110303719469464 -0.10158931495455
0.0198246063399918 0.00280751501543878 -0.118308563386844 -0.121634207991448
0.026010066088364 0.0311197823498986 -0.0808838038784606 -0.187177737030494
-0.0193206609825557 0.0707296088244182 0.0077140297097051 -0.244239574761695
-0.083044165887859 0.0313752346176348 0.0260436035308983 -0.240381760217416
-0.105560148784619 -0.0353101246704169 -0.0436208002846332 -0.239840367494748
-0.102749900523351 -0.0918817793261482 0.0414165837358809 -0.212643316172131
-0.0663486120932801 -0.00262541672180234 -0.0195918184515851 0.0248049611575354
-0.0391895374358509 0.0265116016820207 0.161538639346459 0.107080874046384
-0.0229874183354315 0.0121675226676012 0.236397005961946 -0.0435741145209482
-0.0199370889626507 0.0236380971398881 0.15831061606128 -0.209567296061193
-0.00245168293902033 0.0373193259625028 0.00958242167072493 -0.248153032079156
0.0246534537975689 0.0390261399699319 -0.0922258780996032 -0.186518406116156
0.0354898058209187 0.033030685248475 -0.120261948966273 -0.110173972491629
0.0367394013089721 0.0461711533167535 -0.114015733345243 -0.0886678774342444
0.00630725931205645 0.061385137470154 -0.112235376972063 -0.0833242292263005
-0.0173363641899153 0.0697478269968949 -0.127148603550526 -0.101502774303578
-0.0682054007980126 0.0563334576314968 -0.100954004948598 -0.162988898103741
-0.114421241524032 0.0281970019596084 -0.0165304498138128 -0.22188808858142
-0.125732680313462 -0.0632825265062529 -0.0014035214658216 -0.216315926671961
-0.111368242728429 -0.152648660453625 -0.0513876161164994 -0.207044887626703
-0.101705207455969 -0.198662496909877 0.0576396013372581 -0.148894613024328
-0.12353826466831 -0.103762263404834 -0.02176758758421 0.0811213269224408
-0.148846836994119 -0.00682147295709777 0.181637599437811 0.170718138872287
-0.115645283822383 0.0558756061620164 0.279099822018471 0.000671803041931401
-0.0429877711956664 0.100945629905285 0.194153921416672 -0.200450786848465
0.0112230208535886 0.098253387771611 0.0307183700457257 -0.234260748250592
0.0567990482788337 0.0931719464734134 -0.0721015992627266 -0.170813762608683
0.0796375798921125 0.0782421479939002 -0.10218769521276 -0.0880770663382647
0.0792068945425377 0.0920146064284263 -0.0996489161619411 -0.0576455236554303
0.0209129671904498 0.114230866243074 -0.104975662814723 -0.0419835118518566
-0.0300012248495279 0.128928607753195 -0.137259144516079 -0.0589472399701033
-0.131094965964327 0.0967274901767621 -0.130191931045743 -0.124567379761044
-0.191159945974503 0.01702733509268 -0.0497699073472155 -0.194623117464938
-0.166991690085451 -0.124933822217634 -0.021450225436001 -0.183494109063375
-0.113792060841085 -0.239998749926162 -0.0537227645518269 -0.143128318238526
-0.0782200596325345 -0.278336184480515 0.0650390836333314 -0.0559369576694547
-0.149488426441703 -0.20480437900686 -0.031737843594632 0.152353274811825
-0.239143093989967 -0.0616577885878773 0.17792911751395 0.244008387111284
-0.209974954842415 0.0762821570032563 0.299451766388465 0.0695343093279558
-0.0774649391587504 0.167734741944862 0.224497204983388 -0.159721654956773
0.0163882697774339 0.151608939821778 0.0566367283457429 -0.193433745098645
0.0783521028745606 0.136831644972537 -0.0399794422534655 -0.132943507800089
0.112713058698513 0.111569950714313 -0.0691835352331997 -0.0524352609457164
0.114099028754209 0.120248469584573 -0.0698839151415012 -0.0137974853004425
0.0414810142433733 0.14500941424643 -0.0840155894015846 0.0110791759690522
-0.0237994896579856 0.167162794697828 -0.137536130787368 -0.0036205928340077
-0.160158392765577 0.133263444508949 -0.150442263901719 -0.0758946320643893
-0.236790867370376 0.0218450841109508 -0.0781015868779498 -0.159608275588325
-0.192949245266337 -0.155284376250426 -0.0285673918482615 -0.147343029610843
-0.104730680443863 -0.289305714394217 -0.0461274346065725 -0.0643390755982324
-0.0359490004297448 -0.308653161787007 0.0601522132524369 0.0509812259650199
-0.131793323177783 -0.277868863169151 -0.0498964649884401 0.222314191403501
-0.281120221316584 -0.126957477543285 0.141523280850544 0.304794989442002
-0.278732148679665 0.0629525356350043 0.282597554553993 0.146021340019192
-0.114317024674997 0.202714950411999 0.232426286712335 -0.0926681952344453
0.0134039071447018 0.183977322413794 0.0797439046529277 -0.128485562200627
0.0860058875292267 0.161225197205663 -0.0022179127448935 -0.0792973008756798
0.12846855383145 0.12797272334754 -0.0265997275951403 -0.00964125431938569
0.133957434693974 0.129842879692708 -0.0293604092166397 0.0344798437364124
0.0588170306321931 0.154710179219094 -0.0542436409794513 0.0653756707950112
-0.0127136341684041 0.18056329066737 -0.125792037951796 0.0515100679661157
-0.166601128576131 0.147726587047694 -0.157090439732889 -0.0270813040044135
-0.250734468333649 0.0204131400090297 -0.0948044861363807 -0.122814186722893
-0.190628943548708 -0.169453296425016 -0.0226096047678529 -0.112365819088639
-0.0783511964408014 -0.298731761952899 -0.0304651019648062 0.0182805311478178
0.0105951019534823 -0.280986863768824 0.0462993913317791 0.150306602440747
-0.0801814005893315 -0.297081660542182 -0.0694510694467171 0.274658288419375
-0.259070671254554 -0.174163939217884 0.0870789681419168 0.335189846436872
-0.292298550892087 0.027825041199374 0.22972759392732 0.20263605764125
-0.132971541533391 0.194905465739263 0.212112162672997 -0.0145760839879665
0.00814056792557533 0.183634103990854 0.0916005711716552 -0.0520459555240239
0.081590376611172 0.157898202966967 0.0352308280623795 -0.0184245821599601
0.125179892711174 0.123789711843339 0.0187005747850884 0.0338181864858717
0.133681483241087 0.121590131463576 0.0143938114267364 0.0800325589102546
0.0658394763033112 0.145962773728506 -0.0221251806981817 0.114114799930254
-0.00389561342586791 0.17237592619508 -0.110057781924895 0.0992017524739312
-0.160025439797478 0.139367493355474 -0.154682671268062 0.0141151026239229
-0.236903530480939 0.00643313134059077 -0.103541327473241 -0.0895462646351551
-0.16095258028568 -0.173661778208404 -0.0118227626496066 -0.079871604143924
-0.0338354643550785 -0.274539471689408 -0.0168977409907494 0.0945808758303276
0.0506846419620037 -0.198586956897232 0.0286885474483268 0.223708699740381
-0.021211403522341 -0.249857869773619 -0.0791940677073656 0.300611354669976
-0.188886102269523 -0.172676640838009 0.0321327502130798 0.325632576355817
-0.243187844605296 -0.00348953525605931 0.163018808084337 0.228424727416618
-0.118988960117538 0.153271866540301 0.173573548908936 0.0531848287922473
0.00626655361472177 0.148908909919034 0.0947910049621691 0.0195729643541963
0.0670585739116861 0.126223522756655 0.0672142236507911 0.0370583642425044
0.104015015476445 0.100349697273426 0.060271839191744 0.0703450323438483
0.113481843989555 0.0978746753168489 0.053580662554062 0.119292979215661
0.0625026435809684 0.123325862963353 0.00512003426422064 0.155664283868778
0.000170158426693471 0.148375416566955 -0.0978141162696009 0.139399574720463
-0.141036868906105 0.113974414634411 -0.153711227248148 0.0452459223762677
-0.201953147446838 -0.0125095971111179 -0.110074229750125 -0.0630962447904862
-0.113434309362505 -0.165279780147223 -0.00444048572535427 -0.0505452205592745
0.0188596930251925 -0.218858222690138 -0.0121859469037764 0.159991857434649
0.0783439349049938 -0.0783930254063851 0.0196998685721477 0.25402565182478
0.0309219447445602 -0.151724225856677 -0.0700221815885281 0.296696982856137
-0.0952200739085629 -0.120114614759625 -0.000202703815550618 0.291135890236697
-0.14762523771724 -0.0159804549044481 0.111017840546715 0.223545505921704
-0.0747275562970822 0.091374109862915 0.138550383885157 0.098292415504953
0.00909895535635073 0.0896310402584121 0.0960825591390547 0.068631206848211
0.0442741679385166 0.0724824859561313 0.090686051277708 0.0758375943169518
0.0683947781029081 0.0604322545796487 0.0920059320615578 0.0951082288832892
0.0785903844451677 0.0604144951963245 0.0839234174336957 0.147542504605376
0.0507693466721763 0.0868537387097869 0.0227563895658263 0.186415907283446
0.00205286130778958 0.110468087481496 -0.0942213958599823 0.171048574078633
-0.10919095855353 0.0783865779326104 -0.15987241737568 0.0659239428183411
-0.145790933457434 -0.0282195699973855 -0.12185288896053 -0.0481463842629771
-0.053301015137548 -0.138111470882577 -0.00284777788899009 -0.0295473383563035
0.0701776738673078 -0.134903533397213 -0.0187236570607984 0.207286214348498
-0.0766669036505215 0.0345134154212489 -0.026299789957927 -0.246039684586862
0.0211918723270457 0.0748362486647006 -0.0290509550601625 -0.00254422707509346
0.071603453682987 0.0239395334534702 0.143669008786916 0.0468541323709334
0.044434316660238 -0.0493543321743198 0.18317921986482 -0.0942821517901985
-0.0180026133410277 -0.0480994084767803 0.094265539770888 -0.22247657472469
-0.0275809505514446 -0.0189297382161693 -0.0477696543351745 -0.239048608529817
-0.0198541209226898 -0.0142545375015524 -0.130042792520857 -0.163517930194368
-0.0182315081947372 -0.0134957180022133 -0.138149294404789 -0.093253878751028
-0.00923743893259132 -0.00944929538353242 -0.129338671275701 -0.0798599220268487
0.000683402289319248 -0.00404675159007769 -0.12888952278567 -0.0834338280098862
0.0179704910389119 0.000702370721806326 -0.139177313569807 -0.100433793324007
0.0281976967889612 0.028032226417896 -0.112149743476554 -0.174316035782504
-0.00958585762874677 0.0736399522589834 -0.0325849335099402 -0.250483705224535
-0.0775512973811607 0.0475736366656081 -0.00941621480046942 -0.248077580045521
-0.112755213369458 -0.0160870368885973 -0.0759097248362659 -0.232069356027496
-0.122293432720965 -0.0750085991351751 0.00634153529188976 -0.217575999153182
-0.0664894169737183 0.00988451849797865 -0.01259862661359 0.027183028585037
-0.0312923844052046 0.0326837053874685 0.18246905849909 0.0729081805708882
-0.0188524688017851 0.0139312894168074 0.228534648748527 -0.0901799765940713
-0.0149861856119257 0.0230190517371423 0.115565013976583 -0.242499242246027
0.00118630742366239 0.0333903754869898 -0.0411214601572308 -0.247726252525114
0.0312714579058322 0.0342248061488558 -0.128894405216244 -0.168779532627191
0.0395610766107504 0.0276921201500583 -0.138289009966278 -0.0849651395641334
0.0442135885414663 0.0404190936999309 -0.130147362966992 -0.0675839171666778
0.0173948728072322 0.0638717269640306 -0.128513376051469 -0.0647107457486097
-0.00533761757129993 0.0756376561608195 -0.144534421421358 -0.0791950445385482
-0.0620962053677416 0.0732929324997037 -0.126696298263506 -0.147357795747668
-0.111690051545987 0.0497899316417854 -0.0515314470647243 -0.222724399939735
-0.137549037349677 -0.0398875161585696 -0.0350920294260202 -0.21676213401657
-0.138439741493939 -0.133333983265152 -0.0814502342859836 -0.196271793691298
-0.142804080757072 -0.180515445250615 0.0391506886569574 -0.154765096381126
-0.143029624077153 -0.0763920570629152 0.00168585835052696 0.0824634887109991
-0.144591125608643 0.0224561208249112 0.218198842835937 0.126762258181132
-0.100532473757722 0.0770558133027745 0.279767439158521 -0.0593071732756844
-0.0215048114140831 0.103622592949009 0.149700418399858 -0.2413690553282
0.0263031060513724 0.0909666415048659 -0.0192960834454096 -0.237816820547461
0.0757924711403567 0.0821906877876958 -0.10803007028765 -0.157093056973644
0.0915902101370288 0.0639283262557603 -0.11719401306678 -0.0653959834852646
0.0965775647364942 0.0780078493832527 -0.110575633107818 -0.0381151163732683
0.0430827154299411 0.113633457740887 -0.11434137495232 -0.024580116831763
-0.00640161134315169 0.136214941884284 -0.148232351124409 -0.03504841080174
-0.11748789556206 0.126179994572122 -0.149400043182059 -0.104773787225162
-0.190614318478499 0.0532629822519346 -0.0798295645797313 -0.187843103893223
-0.190300511651215 -0.0939489165559105 -0.0523448607598154 -0.178276867548675
-0.15599348858295 -0.221350090771213 -0.0774790495369082 -0.130681867975175
-0.135022132627577 -0.261726908689386 0.0657825607372013 -0.0611301558928935
-0.189963082323937 -0.169205708724277 0.0102756636318428 0.155853438073103
-0.245148418647526 -0.0111179957433434 0.232290685754778 0.19678594755196
-0.188499330760233 0.119224464413362 0.314997146173949 -0.000250538947192898
-0.0408387530106466 0.176049204515916 0.183871999181277 -0.208649099091518
0.0428490939143712 0.142810282407344 0.0132985649523074 -0.202377443611953
0.107372646025404 0.122418474640588 -0.0705300412889476 -0.127602520439582
0.130570635973531 0.089777394536984 -0.0786679270019897 -0.0352488592785234
0.137888629247431 0.098005081289463 -0.0729347816629834 0.00124988777736533
0.0707113726652941 0.140435995733102 -0.0849340897472828 0.0255422186469017
0.00808628205767799 0.173015302822379 -0.139958679643255 0.0201031709557875
-0.137734158849521 0.169130126853901 -0.161918038853356 -0.0536135000476179
-0.234019622277212 0.0674240688454477 -0.102566897942395 -0.147043382861676
-0.222011956343248 -0.119482809882887 -0.0545513434819168 -0.139579371956534
-0.156902658788298 -0.272011768946781 -0.0596509112320666 -0.0517720971079839
-0.098375918659586 -0.299455834507526 0.0800551909362831 0.0472457967890201
-0.186750158418159 -0.244468983664452 0.00774333291842293 0.230850117384281
-0.299881676557316 -0.066614540492486 0.212396401687388 0.263913552244136
-0.258767892093144 0.122358287111695 0.315262792173841 0.0758271239865228
-0.0688616488492133 0.218220563225461 0.203607332092817 -0.145266066216674
0.0482706872405993 0.17535978975036 0.0476315060330011 -0.142546811479275
0.121713653833086 0.145205902454806 -0.0229696180440849 -0.0820807356120842
0.150250567056018 0.102874470542854 -0.0290264072264698 -0.000440623128978954
0.159662062450104 0.102707839784284 -0.0238123112294265 0.0424326041629095
0.0905269004292641 0.145715006841251 -0.0456003167977248 0.0748323175401713
0.0228081151937526 0.183254912030105 -0.119367130881921 0.0729944239253834
-0.139716370053756 0.185125763483862 -0.160842677115809 -0.00366391855726016
-0.246569570258543 0.0697220835290284 -0.113373960048632 -0.107023039807424
-0.221539720196168 -0.133737452755598 -0.0443472192907774 -0.104356246613997
-0.131612829527569 -0.28761971306845 -0.0329212850217461 0.028079640945269
-0.0454314211733033 -0.279413152712982 0.0824888334604878 0.149862467719622
-0.140475042224024 -0.272448824630661 -0.00180431633399409 0.290027254363568
-0.288986236730031 -0.11599814247251 0.164693774105609 0.306646560322918
-0.280083012778146 0.0926385412908849 0.275296378964128 0.142726875283789
-0.0874703130957012 0.217127619235753 0.199698145664904 -0.0643384057765647
0.0442560700167974 0.17649831639582 0.0745168991883497 -0.069228902981162
0.117392945398658 0.142307002579494 0.0265135000527149 -0.0289374283986567
0.147065353132397 0.0987830181997499 0.0230968127072025 0.0333539502774114
0.158163394091754 0.0939717936682493 0.0277273631949417 0.0799408072641543
0.0959784337583108 0.134202526486081 -0.00449506237159244 0.118593511091135
0.0301700569953755 0.172998760015152 -0.0950104065487189 0.11861381491425
-0.132982650388982 0.174605465877478 -0.152019803644686 0.0378220321476093
-0.23523806332482 0.0533762522806069 -0.116755545981478 -0.0714699259929638
-0.192776873276222 -0.143120847987493 -0.029065142767687 -0.0738612473825042
-0.0827468609112883 -0.27077322967868 -0.00836706985521038 0.101013331903166
0.0117511386076836 -0.204707596241617 0.0740787836478561 0.22515266395842
-0.0722619628807036 -0.237790271035685 -0.0110374183028017 0.320017271762181
-0.219408486742996 -0.127708087461558 0.107587356967868 0.311943082416673
-0.237607553261635 0.0526317567571673 0.214372888038142 0.183355016657276
-0.0811736115113669 0.174212033938667 0.176264920080617 0.0122554639653921
0.0378539579519216 0.143241174505131 0.0922471685462904 0.00136348641509237
0.0956840733707716 0.113027227942 0.0697541817629282 0.0211790047788508
0.122151448134777 0.0791215428041652 0.0705168549111494 0.0608981700557412
0.134096150696755 0.0739746897751221 0.0735558828344125 0.111224681414815
0.0891752027149241 0.110149755199666 0.0304917706352559 0.154970949091433
0.0303121629325599 0.147163816703346 -0.0755928567750204 0.156776363093771
-0.11803968248621 0.145128742172208 -0.145691248076243 0.069430841516428
-0.202422979312388 0.0277065373400191 -0.119620468158948 -0.0432572387695146
-0.143490650604809 -0.142367289741919 -0.0170591978220889 -0.0466681949516916
-0.019982120786893 -0.224273741017667 0.006794690255828 0.163336567924242
0.0646305889536402 -0.0910132434984505 0.0639476915073919 0.255603790155768
-0.000474831604965975 -0.15024285561441 -0.00829378788304664 0.314716652767391
-0.115826110884731 -0.0945534042536968 0.0641811997429585 0.2876494610496
-0.146109171118137 0.0200472697943217 0.15999919769317 0.194173078270728
-0.0496268715679346 0.1044777772226 0.153078226251345 0.0664020808463871
0.0297638899540476 0.0842095046595707 0.105690941818229 0.050107808656301
0.0613807813807063 0.0626013910838832 0.102308605731476 0.0560583631982692
0.0798028798615158 0.045946204771654 0.106157201363401 0.078390875072554
0.0917986606899319 0.043314472743186 0.108228205973584 0.133403431652392
0.0706483833429185 0.0750564404068794 0.0533489350881247 0.182913543437754
0.0260424899402844 0.108469487861361 -0.0667708967446464 0.18731098651943
-0.0921990483994865 0.103120338126332 -0.148446152987556 0.0912888786030727
-0.148456627110394 0.00205556555104643 -0.129501170250509 -0.0263244220909261
-0.0782170598041285 -0.126153420064879 -0.0120817755504518 -0.0277227693200067
0.0472353390239111 -0.148578728933461 0.0082596711896651 0.209217476928701
-0.0723757309006097 0.03806123347225 -0.0430895384848256 -0.24180653880259
0.0255876506221064 0.0706498098364603 -0.0282385490721281 -0.000442668463528073
0.0703438435836002 0.017814528399865 0.148808466419683 0.0373270725054905
0.0385339084339437 -0.0519972792311547 0.177541216379304 -0.10649025045067
-0.0218411968615693 -0.0438626670140631 0.0770071640910238 -0.228967178215028
-0.0287291929285107 -0.0150288183012434 -0.0661243030427986 -0.235176187442541
-0.0203068770318523 -0.0124388566223679 -0.141085058623524 -0.153399349411221
-0.0184008933633072 -0.0105022769588991 -0.14289175864396 -0.0834099595630676
-0.00933276996479487 -0.00730391905116844 -0.134221535621387 -0.069475859102155
0.000758939043875889 -0.00303216406865943 -0.135065395640251 -0.0728370693460217
0.0176403708695036 -3.18229892753838E-05 -0.14512808561043 -0.0888917493005901
0.0277816526688527 0.0249918458303978 -0.122568778712302 -0.16545866172144
-0.00495337797972948 0.0720993223187188 -0.0500990144574737 -0.248911678583575
-0.0720674181836228 0.0508812018000923 -0.023536816244663 -0.248166570053378
-0.110629959609148 -0.00879843950569366 -0.0868970361012219 -0.228999984819567
-0.124948588714818 -0.0672770621360354 -0.00788129684541073 -0.215842681653629
-0.0655613881727353 0.0120177513856513 -0.00977540938913818 0.028275556834155
-0.0311597601231496 0.0328199805417435 0.188626200773761 0.0612296178403562
-0.0202501182608595 0.0159828290507333 0.222488989066538 -0.105048250961204
-0.0140469852537807 0.0259600508788623 0.0966764570963524 -0.249477337965574
0.00337204778025683 0.0350704452461456 -0.0597957191106429 -0.244023513377005
0.0344030221946203 0.0325942073996818 -0.14045142491158 -0.158345426283942
0.0420515889019862 0.0256565015732774 -0.141479044393661 -0.074753228433654
0.0476639889698358 0.0384618066621873 -0.134215628337193 -0.0564025048423684
0.0220970027649815 0.0640959693107352 -0.132683709960808 -0.0536961276056043
-0.000354831067266191 0.0759452841503053 -0.14943035190698 -0.0673250121418926
-0.0594168675224107 0.0770567479244417 -0.136425213763132 -0.136957567876982
-0.108831871684688 0.0550807673606261 -0.0686101241531548 -0.219481955464153
-0.137480299418992 -0.0324350236426582 -0.0480898665551028 -0.216011919511415
-0.144571777832033 -0.124112027930664 -0.0913206941301185 -0.192475684819994
-0.15298098656476 -0.16990139511191 0.0289403948669803 -0.154584689024479
-0.146895189338297 -0.0687106869231715 0.008485005804477 0.0825135747388827
-0.143832528396177 0.0302112624211614 0.226390345139316 0.112756366976828
-0.0979492309441665 0.084292879964113 0.275931072838542 -0.0774503205511728
-0.0154184781944658 0.105494816784642 0.130277576475232 -0.249871437493238
0.0322804722679611 0.0906808792003415 -0.0368021928334264 -0.235056250714691
0.0823497856843012 0.0776742497501314 -0.118875967431111 -0.147714074609308
0.0963547543992636 0.0579399117598123 -0.118137008591856 -0.05561759305651
0.101777334918547 0.070853914557739 -0.112529123824385 -0.0276217184249561
0.0512434342390173 0.112226350687591 -0.115226749375679 -0.0144831132982242
0.00245469202817924 0.137109918112226 -0.150327709241762 -0.0217334710320696
-0.110347688728407 0.13509102472264 -0.157407296315992 -0.0921369888380898
-0.186389385478229 0.0641928844972479 -0.0953340499115551 -0.183002927659298
-0.194706991119066 -0.082495248296767 -0.0631798137656108 -0.17646326211074
-0.168189007411233 -0.209899048791815 -0.0830744485926199 -0.127065327776868
-0.149887563461398 -0.251554865071735 0.0607516934779132 -0.0631974784969738
-0.199005596342728 -0.158342411851084 0.0210334458674176 0.155075832334993
-0.245316374499733 0.00319599318870784 0.245132514663939 0.181673847107616
-0.18282816849523 0.131609950557146 0.314802151481262 -0.0205593657406359
-0.0295420433402476 0.178539230362851 0.166432288892066 -0.21998333756721
0.0519274272917225 0.140580539034236 -0.0010602243802199 -0.201575799118404
0.117194019951765 0.11488179572916 -0.0794822227144525 -0.119995757600524
0.137169902763413 0.080765857232113 -0.0782342531115641 -0.0281417107837492
0.143373903547242 0.0876693855472481 -0.0722292368266593 0.00882343996502899
0.0805970704919363 0.136210315318562 -0.0823485708231927 0.03331343080369
0.0197662913473814 0.171941722742552 -0.138167581165789 0.0329831013000501
-0.126672628065675 0.179693321367677 -0.166464427098069 -0.0397903564230749
-0.228405923353755 0.0824750845462787 -0.115325091558049 -0.139936235313543
-0.227849110373706 -0.105013317107926 -0.0635732292999162 -0.137097870103132
-0.173121883571373 -0.25965263668667 -0.0612272874593952 -0.0490198161405186
-0.116530358365915 -0.290735611397197 0.0822010029570712 0.0444174293864545
-0.20250303276272 -0.232934477658635 0.0232280132210783 0.230961352531319
-0.301957802460097 -0.0483780809024234 0.228302343790635 0.249826106551085
-0.251860993005876 0.140256277826875 0.320072702914995 0.0551145286173245
-0.0534249699755545 0.221486879312377 0.190358367008695 -0.157639072717378
0.05934160756941 0.171705234317822 0.0372983333689279 -0.144285537657749
0.132471727648639 0.136357632028344 -0.0287511395449424 -0.0780967474086111
0.157015022196359 0.0914120689361624 -0.0268795863183387 0.00359463682001673
0.165820407273307 0.0896743774398289 -0.0201940484939473 0.0460361647955333
0.100460904936799 0.139137282236451 -0.0386768872441689 0.0793906288307807
0.0345902272020567 0.181043766534538 -0.113917827664911 0.0845097517052231
-0.127323013494487 0.195513888713457 -0.162113903017277 0.0101037432298348
-0.240100482178662 0.0847905554142385 -0.124450086181739 -0.0984172989241124
-0.229439091659387 -0.118288034290535 -0.051071070002697 -0.102364715764103
-0.149816433379852 -0.276930242842385 -0.0301103190003897 0.0284265715849972
-0.0632932165888353 -0.274429405831759 0.0897752211168588 0.146942521048559
-0.159085142959789 -0.263109868881404 0.0178083654274797 0.291112764264586
-0.293983956799441 -0.0966402241849287 0.183597127718137 0.295032587581972
-0.274193522498204 0.112087753943087 0.284934636143837 0.123923544922341
-0.0719199121273032 0.220697425528638 0.191834592718849 -0.0770768505586708
0.0559473657010442 0.17138698843031 0.0700248154875383 -0.0726857964915867
0.12778004767997 0.133122581104966 0.0241987840544696 -0.0289252418651975
0.153715473656989 0.0868181977450254 0.0263884757120751 0.0335773363667236
0.162447541186693 0.0808306483467158 0.0332978148583739 0.0789558829907762
0.105362844026454 0.126624972003596 0.00512939219401097 0.119623663584431
0.0413172678697751 0.169503004312582 -0.0859988162175086 0.127589327106388
-0.12084836752444 0.18437248596261 -0.150312463538294 0.0510588493319566
-0.2293711985182 0.0690775234102936 -0.124987304134648 -0.0625292809203414
-0.201229490118079 -0.128485441560789 -0.0343530235480669 -0.0727972880694678
-0.100710140935501 -0.26350032047927 -0.00114915998798906 0.100295352206014
-0.00185970913719105 -0.204426231912567 0.0857686470905104 0.222296617703891
-0.0890103677763962 -0.232394775049616 0.00975425574867625 0.321387494671877
-0.226238606066884 -0.11227238199873 0.126541004220833 0.304059218134992
-0.234571700810278 0.0702104935546417 0.227108076564279 0.168497862515528
-0.0679820197074267 0.178329940861128 0.174161852478685 -0.000429358011003768
0.0469959510849787 0.138112967612172 0.0928610863920933 -0.00436377485631931
0.10354518737645 0.105005154680146 0.0711150427018272 0.0170429535321152
0.127176647491754 0.0689634451135768 0.0742399474176523 0.0573896624054887
0.13680514277798 0.0620793658519565 0.081171514849322 0.10653344193649
0.0959369446478246 0.102277551976871 0.0422547198431862 0.152025522817257
0.0394746651290642 0.143067807184228 -0.0639579868848151 0.163859869995256
-0.107307763313915 0.153196388341948 -0.141557243610449 0.0816086257744544
-0.197731555036534 0.0420942045143591 -0.124750597722415 -0.0344821402615177
-0.151521876113577 -0.130891886776089 -0.0207698344636979 -0.0463594128063796
-0.0353655415070543 -0.221405790150392 0.0181490745563753 0.16153420105044
0.0574478528899446 -0.0951017958852404 0.0773201188756691 0.253666628037832
-0.0117021966814561 -0.14965670871469 0.0113552033866192 0.317242730765906
-0.121076360340177 -0.0857269700641697 0.0820963814189428 0.283323099252791
-0.143843761496233 0.0310847542919067 0.173942362004838 0.182361606418825
-0.0408262949756044 0.106096532414011 0.155966865612872 0.0552413536773819
0.0353398053089239 0.0791032201609842 0.109558795125843 0.0432458982832017
0.065303173988189 0.0568444869420581 0.105974107955984 0.0492860909571858
0.0823841074528287 0.0386798001054597 0.109864031291792 0.0712463240250575
0.0926652725469481 0.0348317042809237 0.116687275329231 0.125033850987116
0.0747845258959326 0.0680194393403357 0.0664878945473222 0.1776701497092
0.0334066701642139 0.104031255702814 -0.0537661371303035 0.191889754655685
-0.0832162089188477 0.109187712392609 -0.14292682121874 0.10277771720015
-0.145747213268349 0.0123333646022437 -0.13327875701909 -0.0166579458620311
-0.0855841614986441 -0.11820987661594 -0.014641373733472 -0.0278470335721209
0.0355787730934432 -0.150909636050251 0.0224812775152736 0.207077078934243
-0.070118081593947 0.0397163700631833 -0.0539952185992719 -0.238658995228831
0.0283235370606485 0.0675565220956463 -0.0283998392598816 0.000548166543014826
0.0689339841755271 0.0146073151277968 0.152613730126445 0.0304084342805576
0.0342066783589801 -0.0528731443297911 0.174213427741998 -0.114962354428603
-0.0239162992156859 -0.0400944368351481 0.0668833955495891 -0.232501725481916
-0.0295312837434564 -0.0119087796024304 -0.0805382772740249 -0.231942959187005
-0.0204902476433362 -0.0105014783528603 -0.149221318959492 -0.146851015317416
-0.0178549597419914 -0.00853120171632811 -0.146081471996542 -0.0780377830004342
-0.00907130354144967 -0.00556870390238327 -0.137694807286505 -0.0623734355823852
0.000625195102289286 -0.00159576576295901 -0.139026872355424 -0.0662606952982236
0.0168765765052872 -0.000628423585478664 -0.148880871560578 -0.0816138616460197
0.026670385984123 0.0238227461012675 -0.129272745729527 -0.159747165219694
-0.0017493775733828 0.0706062341934892 -0.0632341389384696 -0.248793262490733
-0.0677870848277113 0.0515737497598308 -0.0326108623960632 -0.250041880232921
-0.109281895077853 -0.00506594246391579 -0.0938138429394184 -0.228794462276957
-0.126631855876091 -0.0629402717371935 -0.0174362798854712 -0.213583130520855
-0.0653078898047019 0.0132210426575369 -0.00838829584305639 0.0283832090448534
-0.0318784710164619 0.0332883585833681 0.193595642980682 0.0530026923550891
-0.0226943156217652 0.0178755805755217 0.219528636002526 -0.115411478918759
-0.0139101839241268 0.0291705233489215 0.0848302713228163 -0.253755614428244
0.00518237098128439 0.0372833034146484 -0.0738519175429477 -0.241957224765508
0.0368885362251174 0.0310878321503733 -0.148865248795997 -0.150213148654341
0.0443535234387458 0.0249261658761722 -0.143407354560723 -0.0688394202037978
0.0498483005521797 0.0365310834099375 -0.137115872408758 -0.0484388795844598
0.0257074837056029 0.0647788179409942 -0.135541218131117 -0.0463182076108007
0.002461963683377 0.0768568146991273 -0.152556927581852 -0.0581281159596097
-0.0580781464736842 0.0803305200544441 -0.142592272313301 -0.130325912229625
-0.107211918006829 0.058571618481391 -0.0805501963303301 -0.218178568430636
-0.137409019308253 -0.0288456780057264 -0.0561805631791084 -0.217215049595539
-0.14810811792337 -0.118973625125804 -0.0960888965860968 -0.191243171028228
-0.15863722280367 -0.164272280550154 0.0219930416123777 -0.154558426877783
-0.150628512340597 -0.0647043227736402 0.0120638232197773 0.0823578675609595
-0.144156262889433 0.0352096536410671 0.232874744684535 0.103380744702032
-0.0971763961942377 0.0895810386010347 0.274197548098618 -0.0899140096653987
-0.011876450548947 0.108202760938951 0.117546342034079 -0.255079871404614
0.0362162045235612 0.0913514594713025 -0.0488437423837906 -0.233526289489079
0.087219424012747 0.0738777903722907 -0.126293465032423 -0.14019679990465
0.100387272652347 0.053747473927542 -0.118636642855384 -0.04924281294913
0.105039922039478 0.066291770853007 -0.113483821785253 -0.0200351337270041
0.0573760027362339 0.111459628045449 -0.115799756382615 -0.00716864864547378
0.00860285532987676 0.137927146200646 -0.151335844130924 -0.0120393069557562
-0.106302156737432 0.141608834218094 -0.162216217456299 -0.0836935624772271
-0.183707641097651 0.0715583270659592 -0.105990498340944 -0.179619517884094
-0.19748660134456 -0.076005211337685 -0.0703349420686007 -0.176404143942481
-0.176169363837506 -0.203369773609914 -0.0869483776803176 -0.1260184838686
-0.159436394829495 -0.245558363942721 0.0580542730960754 -0.0636517287093324
-0.206659625341033 -0.151448314999236 0.0282546664714928 0.154818874402743
-0.2463016641994 0.0115040384683702 0.253160961401679 0.172099888785112
-0.180870405616419 0.141774585892175 0.31648125614766 -0.0340561521944771
-0.0223839145450807 0.180408548562116 0.153855546847774 -0.226540138276237
0.0585767525814047 0.139882115162835 -0.011467361438942 -0.201247283945762
0.12398997741883 0.109605016925353 -0.0855098762148608 -0.11414160381181
0.142239141184158 0.0742233053909628 -0.0777481597515462 -0.0237226722853064
0.147413207681366 0.0802801321134144 -0.0708640893095635 0.0143921564446731
0.0880867752371236 0.134007832010102 -0.0800234710685527 0.0387191438022256
0.0271006081130691 0.17200405939692 -0.136319569810565 0.042546965229697
-0.120627767968855 0.187851075708815 -0.169510524014621 -0.0290932465426678
-0.226074485336333 0.0920234556128371 -0.124938196077573 -0.135410718771325
-0.231945830797787 -0.0961697448637269 -0.0692815602416972 -0.137230729676796
-0.183703932863367 -0.253236404041558 -0.0618254293932058 -0.0488981291337579
-0.128568864048007 -0.286106723592043 0.0832406424539544 0.0434693452103786
-0.212824682017649 -0.225896446634814 0.0331375432123817 0.23073276207488
-0.305315599421487 -0.037254373971364 0.239537100593735 0.242030100751589
-0.249143412068413 0.153231779782791 0.324904481310124 0.0409561746747507
-0.0439085695201935 0.224245178821286 0.180532736038427 -0.165181210661155
0.0671061301289897 0.169741706063563 0.0308339002022804 -0.145380981088202
0.140672380490278 0.129373814357602 -0.0321297833401401 -0.074871424077177
0.162289851205989 0.0837140664898704 -0.0251346873379553 0.00572487403373175
0.168465658679367 0.0805723049411433 -0.0171963467142674 0.0489242267478296
0.107846374608045 0.135517878512957 -0.0342339392709424 0.0826552336772061
0.0428156493248277 0.179615670244678 -0.10991884480128 0.093628760331429
-0.119646544812222 0.203175068230447 -0.163307077757857 0.020976140724931
-0.236749805164754 0.0958207926987407 -0.131937822516041 -0.0926723991406328
-0.233606524287608 -0.108633118057053 -0.0562538567119723 -0.102239630527698
-0.161645783899008 -0.270703493997126 -0.0278681619663599 0.0288183312666945
-0.0739157907677158 -0.272274731839227 0.0946892991152948 0.146058067475645
-0.170527136750648 -0.257611528742204 0.029528690482103 0.292010604454515
-0.299554356149315 -0.0857556941660293 0.196026338566031 0.289245408660829
-0.271306542336834 0.126286666087157 0.292304133525399 0.11110176580784
-0.0614899319795163 0.224019296387632 0.185680873194988 -0.0852111565294294
0.0630465213022785 0.168735062179806 0.0672520957409853 -0.0752908741749813
0.13484723640935 0.12706644535365 0.0229955411755786 -0.0285191925201443
0.158411170677193 0.0789887536764297 0.0296140591158006 0.0337672805672668
0.165180158276807 0.0713928654179953 0.0374543159293276 0.0784734243021367
0.111652542781167 0.121712487451024 0.0120633937113637 0.119578645946701
0.0485054146087306 0.167111099276865 -0.0796883327711926 0.135318113359409
-0.112485887506534 0.190788772290816 -0.150083166710708 0.0606327291375661
-0.225226335106716 0.0786902980845283 -0.13084109098784 -0.056020459200996
-0.205358366660148 -0.119315852797369 -0.0388801049454415 -0.0727455764383535
-0.112491366908976 -0.259117347668283 0.00351124842122277 0.0991556213498556
-0.0100283986877099 -0.205155863221241 0.0930110268010986 0.221330505625691
-0.10021133039496 -0.229234510546038 0.023554884985015 0.323100154613028
-0.231476650813755 -0.103109912224932 0.139604297610628 0.300673172414269
-0.232423302224998 0.0824678653793467 0.23614942261 0.157938737383824
-0.0584929736402509 0.180381479676066 0.171954721661922 -0.00778451720601342
0.0525386703508599 0.134381458331232 0.093880827447765 -0.00763203294961934
0.108707506155082 0.0992874098667749 0.0722292561408393 0.0150441475481199
0.130286695345788 0.0615637746648989 0.0774486949577013 0.055352341811475
0.137642501782528 0.0542577209847518 0.0866552172226089 0.103143835092824
0.100397438651229 0.0974193680108732 0.0507579393251766 0.149962085918114
0.0461216313385533 0.140458252290449 -0.05620941791621 0.169300384141099
-0.100204087538949 0.15935338624149 -0.139724809016424 0.0904265673090635
-0.194814279947113 0.0506148926039621 -0.129558880132322 -0.0279486131736106
-0.155959899232727 -0.123083854186025 -0.023973659499105 -0.0464443363650177
-0.0454479621036513 -0.219442311441737 0.0254857976456231 0.159446428147377
0.0528317409563377 -0.0979629820914687 0.0851459597155221 0.253373101565552
-0.0194767763567772 -0.149101414638681 0.0243678560572231 0.318975022687824
-0.124514091511804 -0.08026726747502 0.094057083904413 0.281872008890278
-0.141364769764007 0.0384956071019509 0.182969862050599 0.174152834706991
-0.0342753157375531 0.106926631741297 0.157226148845058 0.0474762737412968
0.0376164302657765 0.0747334336923762 0.112589465006299 0.039081174951499
0.0665588445702306 0.0524065489788782 0.108669094815869 0.0451162473259146
0.0835489573707219 0.0337108115457379 0.112578601635838 0.0674264275991639
0.0918889119926222 0.0292754563769758 0.122234378657513 0.119705460044744
0.0774338171785418 0.0630763707516117 0.0755144396410005 0.173299124466835
0.0380210603399569 0.10108420421827 -0.0441370016834629 0.19593058573273
-0.0771148127165488 0.113562894009703 -0.139747342424794 0.111254661447589
-0.143463492178097 0.0193523329546178 -0.136072789349651 -0.0107802800751989
-0.0897597779592198 -0.112510864395729 -0.0168267142803763 -0.027976446881539
0.0274607803102194 -0.151877635819455 0.0320295345365796 0.205294440720304
-0.0697386837927585 0.0414466963392182 -0.0630892360228559 -0.239959637017694
0.0303414193672054 0.0662639062321261 -0.0291070509269006 0.00219586105670301
0.0686403302781115 0.0126797677823087 0.159113129096506 0.0254236318711051
0.0311117196275425 -0.0545128982472463 0.175047750812877 -0.123665795233421
-0.0257634648671469 -0.0376589986047244 0.0593590463353322 -0.240745650932568
-0.0297448118184537 -0.00909411328720161 -0.0934139487870819 -0.233247710785935
-0.0209415438871865 -0.00915914591060928 -0.158838357761167 -0.143739702175206
-0.0174385006834482 -0.00668987676627705 -0.151341838725182 -0.0749095306766638
-0.00851739666490743 -0.00447549284067369 -0.143128273120337 -0.0576958094499051
0.00124462768880301 -0.000827635071524737 -0.145434517357983 -0.0610008367238282
0.0167410215856267 -0.000935250949799913 -0.153912138769884 -0.0772122553499399
0.0261761055071083 0.0229890583942671 -0.136892269413501 -0.158675048043118
0.000329399316368781 0.0704460587167767 -0.0742888147653764 -0.253033640995581
-0.0660066754724709 0.0517273581331053 -0.0407839160174795 -0.255732900660492
-0.110167144324637 -0.00241004595978394 -0.0998592981703996 -0.233905748957806
-0.130773320599154 -0.061251724909955 -0.0246934550583429 -0.215743758004667
-0.0661186927978006 0.0133122172289089 -0.00751497424974134 0.0292117762493233
-0.0332598038763133 0.0343745483937846 0.200550272674185 0.0480432727520025
-0.02509115332772 0.0207518344385284 0.221563666665223 -0.125569537863659
-0.0134477358186895 0.0321767643401217 0.0757931057208746 -0.261542311181994
0.0070731788125541 0.0403955084204656 -0.0861226836237077 -0.243292786037315
0.03969468881068 0.0310775892642136 -0.15748094260695 -0.14654093256577
0.0480991741138945 0.024361814785012 -0.147607416707496 -0.0652010605835249
0.0533998385725322 0.0367416138067715 -0.141396450034901 -0.0426179524365729
0.0296220172946869 0.0665102632418782 -0.1408993261712 -0.0408826442552714
0.00455636902121527 0.0790753802344777 -0.157406178851886 -0.05235574927023
-0.0589342758731696 0.0856379543699982 -0.150198724679276 -0.126980310877406
-0.107755765141292 0.0622004542639964 -0.0917407985599418 -0.221453495817001
-0.140005737379523 -0.0275567882645968 -0.0640859697095483 -0.222016007505632
-0.153994993078476 -0.117742602599138 -0.102524522859605 -0.195544918076097
-0.16586045893917 -0.163375743311367 0.0174607367779861 -0.156458912943901
-0.155647639166516 -0.0626940105277153 0.0148964433245021 0.0834889227379537
-0.147524501854714 0.0398919461695662 0.242434051594782 0.0981910851216593
-0.099259670806002 0.0967954981365351 0.278508072255269 -0.100776868039717
-0.00870846517256819 0.112437930738223 0.109377408204162 -0.263446276657863
0.0404983407938084 0.0941070677779262 -0.0598983724331728 -0.235647892169496
0.0931175153225488 0.0723574464639378 -0.134136406506803 -0.136051965541299
0.106283749422618 0.0514983308464614 -0.121689484745519 -0.0460711210789453
0.110349183559489 0.0649415964638047 -0.115269620358422 -0.0140941833110423
0.0637382400560789 0.113386374427218 -0.11882140838077 -0.00103626836309362
0.0137243570035999 0.141242575822033 -0.154784878540528 -0.00484826807611527
-0.105324181977821 0.14983207406057 -0.168961975632285 -0.0777974061420896
-0.186347638024201 0.0781604096331072 -0.117142571838958 -0.180790846675471
-0.202920745688304 -0.073401889823183 -0.0775489001337435 -0.180404574281757
-0.184661899485765 -0.20319446781783 -0.0909950042811625 -0.128465065768224
-0.168971577465412 -0.245297868150746 0.0570371166130367 -0.0652153763633891
-0.215740562051342 -0.149568272812389 0.0334851571793708 0.157499257270141
-0.251856725537726 0.0188913595567986 0.264638444813294 0.168378324744036
-0.182787336997517 0.152939097235267 0.323429179758482 -0.0459862116841259
-0.0167475456552587 0.186363006945178 0.147111591722819 -0.235151025230443
0.0644438336728989 0.14241348780913 -0.0197141953192945 -0.204480540222119
0.132050490254822 0.106519083717779 -0.0917420244547017 -0.110739891529957
0.149234413401137 0.0700793802154314 -0.0776553773311438 -0.0208483603168595
0.15269661749271 0.0763947656808043 -0.0703627193907428 0.0194788785682013
0.0956461090361317 0.13493056513077 -0.0798636256703419 0.0438929890908111
0.0337618523244723 0.175360400552688 -0.137197421220362 0.0516455396453886
-0.117554713544173 0.19775278359374 -0.175205078524648 -0.0206187470930919
-0.227784838058419 0.10014467275972 -0.135302406418351 -0.133702463828305
-0.239209431834838 -0.0922947907014909 -0.0760080131959016 -0.139550088757374
-0.194951254412835 -0.253048428801242 -0.0636369023778538 -0.0495764004317699
-0.138458588695135 -0.288301849518137 0.085780367533267 0.0431127730459021
-0.224501869109409 -0.224700008416632 0.0417208920746741 0.235335708447703
-0.313344859722647 -0.0291332825075577 0.252715953781929 0.240219213346888
-0.251955286016833 0.167641405293613 0.33499510710794 0.0301648273697
-0.0369979321020575 0.231104203077058 0.176674319483386 -0.173335216916516
0.0740883829097186 0.171212113594509 0.0255323286475834 -0.148697798371663
0.149499304752551 0.126596047233161 -0.0358060293914984 -0.0730458449005082
0.169959708000467 0.0784137323613511 -0.0227206744049824 0.00759608451101367
0.173819687885514 0.0749937565652442 -0.0146710504940652 0.0525770610968358
0.115759900179248 0.134881568576994 -0.0307415227693532 0.0862335684649599
0.0495265322931542 0.182283990801536 -0.108143140910692 0.102460635629175
-0.11538002043763 0.213678067115107 -0.166964460531719 0.0306195104628154
-0.238156157576397 0.105531648629359 -0.140521203357806 -0.0894759191372472
-0.241459037337965 -0.104163451078213 -0.0619676275612311 -0.103975951467048
-0.173960172810835 -0.271439263196975 -0.0267495197507251 0.0289519982267766
-0.0842650528664802 -0.275701885448301 0.100018963805489 0.147592461732094
-0.183622909553346 -0.258457199002261 0.040425825968013 0.297570347921701
-0.308743516238748 -0.0784380854283614 0.209771950391975 0.289529028251536
-0.274785928580351 0.140742735649586 0.304338598273299 0.103521008683321
-0.0542980037875073 0.230154753359309 0.184350151657815 -0.0917958634505001
0.0693796897416761 0.169729950203699 0.066250543013361 -0.0782508473256186
0.14307513451601 0.123441559083482 0.0227949618683717 -0.0280381047855086
0.165370098857942 0.0736144260492173 0.0327341550586447 0.0340758494530138
0.169484488215426 0.0657358657183147 0.0423161909666324 0.0798299083789807
0.118178855250652 0.120069030147278 0.0178267336076685 0.121838333497993
0.0552311618823725 0.168562315382587 -0.0760987275827493 0.143884141064225
-0.108011009748737 0.200719189647089 -0.151683264395797 0.0711235921297508
-0.226749784431058 0.0879975237606831 -0.138094717819091 -0.051680489825814
-0.21275235117663 -0.11420075831178 -0.0428068371174651 -0.0742306064872613
-0.123762027264295 -0.260543758488121 0.00749729766511244 0.100213611362818
-0.0176487582633079 -0.209606415075427 0.10014843560191 0.225709815509328
-0.110487281351925 -0.231617663377236 0.0340609917506281 0.330538598513978
-0.240015886616871 -0.0970613158914841 0.152301703772193 0.303624089079198
-0.234886333399298 0.0944560014799962 0.247641649966265 0.15244671014616
-0.0525541983435561 0.185326153055507 0.173545006380992 -0.0132446093455991
0.0570331611550258 0.134194688679764 0.096163604951528 -0.0104673245287881
0.114860238226133 0.0962352342720187 0.0746289100370732 0.0135962540026404
0.135304275925708 0.057142850429931 0.0815517600374956 0.0543910115407312
0.141022040062626 0.0489180018773437 0.092340793673494 0.102906411279975
0.105972450420476 0.0949559408214846 0.0574553599151858 0.150206331928356
0.0520151860589691 0.140418368245869 -0.0512004212470572 0.176846216983587
-0.0954736292086588 0.167160320821414 -0.139857955194373 0.0998351338862063
-0.195757217803731 0.0586440271198467 -0.135057967178025 -0.0235072028825755
-0.161636251581509 -0.119345248134103 -0.0270869341836879 -0.0477489972579293
-0.0553934471672185 -0.222401201835334 0.0313932429801794 0.161721159381714
0.0500318921939105 -0.102536462080786 0.0924523955094443 0.259553964630678
-0.0263514680307313 -0.150953984735229 0.0353522413863015 0.326878624028816
-0.129834783959242 -0.0762791481311966 0.106111994625758 0.285678979538911
-0.142659203736844 0.0462530459482507 0.194361344103826 0.170504644419573
-0.029320470058745 0.109438547840969 0.16083070137768 0.0428597995791817
0.0397700167854502 0.0731040423172457 0.117403036259736 0.0361149125886943
0.0692370367931949 0.0503710514511887 0.112784682428995 0.042123373908953
0.0858106345037198 0.0303115551371055 0.116907718326472 0.06552166877809
0.093443341378604 0.0250117796992524 0.128961750647857 0.117389522639498
0.0808953284951043 0.0602820947710072 0.0830294205394737 0.1730213948951
0.0424722418839772 0.100144901194629 -0.0383801821628777 0.203559154884454
-0.0731622467339038 0.11877496773462 -0.139688857650829 0.120056282030302
-0.144237404091467 0.0247500273401564 -0.141452453353305 -0.00524238377966332
-0.0937226180228147 -0.110182162050042 -0.019157315984937 -0.029253633532637
0.0211920060001479 -0.15535786668217 0.0399457036227015 0.207218575041941
-0.0707094715299617 0.0449353970555595 -0.0756536463292865 -0.246352530009252
0.034128278604109 0.0659533789202306 -0.0315879159406277 0.00418043065292813
0.0708435798694642 0.0104153982678043 0.168834549848951 0.0189684856904692
0.028283207207685 -0.0567333273760432 0.178603064240747 -0.138473770613084
-0.0282643547273539 -0.035589863615864 0.0504009026313904 -0.25493619176971
-0.0305805992347109 -0.00574719689797444 -0.111579728403887 -0.237761817041747
-0.021639243241773 -0.00762123272558523 -0.173161506843884 -0.142094299010001
-0.0173145933405462 -0.00547724099704904 -0.161889273575841 -0.0718493353850467
-0.00779559281242251 -0.00295420027299696 -0.152263705582608 -0.0528416703651997
0.00194973333466273 0.000519304060009464 -0.155728738189987 -0.0562826584651828
0.0168888145621352 -0.00133744759575001 -0.163244649671759 -0.0729903248163529
0.0262074678223987 0.023611541789116 -0.149587351614644 -0.160189789028012
0.00362061579053591 0.0726373767586557 -0.0917450721253896 -0.262389272299738
-0.0660694687390949 0.0535098084505933 -0.0517322230783936 -0.267045858081409
-0.113858906134995 0.00094240858944869 -0.111396429824208 -0.244304385022974
-0.138014630269642 -0.0601198843909749 -0.0347851720232903 -0.222610774744354
-0.0692331545459479 0.0148722380694497 -0.00805170796086043 0.0314455888779797
-0.034831552827153 0.036982601969316 0.213287200366876 0.0412701989743661
-0.027804834373475 0.0244457470471512 0.227498231274128 -0.141189455368662
-0.0122969453429634 0.0368389725499349 0.0665901159069344 -0.276012048454982
0.0101945155045073 0.0443950895369337 -0.103431345907649 -0.24817753075555
0.0436714070304065 0.0309818328173038 -0.171938018758399 -0.143160179280686
0.0528765932192001 0.0233920122698502 -0.156351660701487 -0.061343210904921
0.0581687937425055 0.0369183330502083 -0.148515780097974 -0.0362000750791625
0.0349759876130442 0.0696444524834922 -0.149736672448843 -0.0342844945719676
0.00821085060913355 0.0829434813895636 -0.165783259439667 -0.0459523264624488
-0.0592971945992342 0.0931943628878795 -0.162586732189399 -0.125471180035971
-0.110590460500578 0.0681986975659499 -0.108318777278413 -0.228965168542397
-0.146529447326992 -0.0265335430164891 -0.0750472793973962 -0.23119799380639
-0.164483243396777 -0.117252913307161 -0.112453793240106 -0.20340011260234
-0.178487853698758 -0.164223396091061 0.0122762663136259 -0.163031190486428
-0.165438434478414 -0.0602322584862124 0.0184135092419273 0.0868600136324868
-0.154339102820487 0.0469333196487989 0.258695353180319 0.0931611656088822
-0.102404412839649 0.107987366723692 0.288730666632761 -0.118180200137134
-0.00462844384542743 0.119280624267915 0.101032658362969 -0.278431043436329
0.04768762004045 0.0991968935791785 -0.0755292360628435 -0.24163631795551
0.101869602572288 0.0710780635204277 -0.145985234858027 -0.132655787769948
0.115166041752495 0.0482567327792283 -0.127071771048656 -0.0426536546824903
0.118063600154075 0.0628998150716602 -0.120079431061781 -0.00740928297259915
0.0729451598605741 0.117013490863969 -0.123879363020934 0.00597356096180532
0.020103225497171 0.14742171390097 -0.161480596993806 0.00494200793389746
-0.104740940586935 0.163722229276169 -0.179542355358932 -0.0717972661880673
-0.191922180314226 0.0885584347347324 -0.13338517750904 -0.184437196706267
-0.214306481684742 -0.0711033259542069 -0.0885639569002626 -0.187158665450246
-0.201138169866027 -0.205558870943368 -0.0982507205436953 -0.132828135550357
-0.185286535961593 -0.249740815462072 0.0567253093058596 -0.0694592438479364
-0.231622848861865 -0.148703475203949 0.0414291752908372 0.163002588450253
-0.264265951390048 0.029689807041037 0.285149148879044 0.165205628695884
-0.186570316943656 0.170945192948921 0.337901181565948 -0.0630325615511414
-0.0100595232333261 0.196337255448815 0.141903860625498 -0.24964035855807
0.0741635340779226 0.147967559031021 -0.0312379091407104 -0.211305368486531
0.144334880420507 0.104217842965046 -0.100203125043607 -0.108108804412015
0.160781053124557 0.0653729834259592 -0.0801655221637477 -0.017754859059427
0.16288887327 0.0729160310237582 -0.0709204188029808 0.0259338056855915
0.107731658550814 0.137355181180782 -0.0809092928927314 0.0509436323067494
0.0431847809633898 0.182175385252027 -0.140284786745103 0.0636529673774366
-0.115385030642835 0.214744660262975 -0.183958865705028 -0.0109007215829283
-0.234499776241624 0.114986848901694 -0.150466453419107 -0.133887627374695
-0.253040514690315 -0.0877759811768347 -0.0865908875530239 -0.144672082062168
-0.213997587668661 -0.257235463638395 -0.0671104488653789 -0.0511279398374833
-0.155426912525215 -0.295037792161945 0.0908460525539394 0.0430029373647297
-0.245074877461711 -0.226886212401477 0.0532469891442857 0.243449409389131
-0.329416121861891 -0.0175134621908676 0.274864202802361 0.240593591062879
-0.257503182403598 0.189233352574661 0.352918666470578 0.0159423323713347
-0.0290438148594556 0.242868579468557 0.17417711253304 -0.187245885703629
0.0847348808698523 0.17750126655989 0.0200557482688086 -0.155624497286077
0.162950953539661 0.124241992422398 -0.0401732525969552 -0.0709920124771821
0.182538434169977 0.0726449913330648 -0.021876516129087 0.00936801024328749
0.183926712088655 0.0706844465990226 -0.0108480398956159 0.0568549306544046
0.127463764238196 0.135691510545113 -0.0275039072949263 0.0926702998780667
0.0601394673484136 0.187950336813349 -0.107466757926767 0.115594820587602
-0.110835008792501 0.231185856434249 -0.173621324066774 0.043306324667506
-0.244525805448061 0.120731879607551 -0.154023899026737 -0.0867004616776989
-0.255357376518967 -0.0986365991726965 -0.0704882520492532 -0.107827995528187
-0.193458238770525 -0.276350797535746 -0.0259492184259353 0.0299088752397094
-0.0985017804279544 -0.284863262356118 0.109155646189447 0.152225773391567
-0.203861028734697 -0.262997703811296 0.0545740450264566 0.309663952602485
-0.326577010684577 -0.0687557423603573 0.231833339841589 0.294590975547241
-0.281796443193981 0.162194993579615 0.324105309197524 0.0932307039172879
-0.0452259135186474 0.24268532244527 0.186395491332322 -0.102929103677047
0.0795361029401266 0.174545405125163 0.0662157147284767 -0.0840252959586379
0.155881764370539 0.12144839578031 0.0230484062771477 -0.0277530956080337
0.177019089216471 0.0682291080405145 0.036982799223791 0.0343345062827941
0.178503385722917 0.0601099567198385 0.0493044344318224 0.0828471427259622
0.129648719566473 0.119586876445006 0.0245751507621675 0.126101161578386
0.0649380842850474 0.173035855682423 -0.07152791018286 0.156710244141979
-0.102823048913079 0.21580434132896 -0.155567531350395 0.0844631281829095
-0.232492276971081 0.102527205275928 -0.148954959903264 -0.0476206681214342
-0.225455301099108 -0.110793596735572 -0.0493911189472795 -0.077056115876023
-0.141753284703037 -0.267090846490993 0.0125947747774014 0.103169443858421
-0.026877609363443 -0.218830662088882 0.111350778947678 0.234823979099725
-0.126846249206829 -0.236713587430821 0.0502540988526168 0.345204489757756
-0.255373525803975 -0.0906352445693253 0.172386431139635 0.31147168698332
-0.240805766388322 0.111672823981483 0.266686750156128 0.146633192528183
-0.0450304161207327 0.195236719988764 0.179052784341176 -0.0207309281433395
0.0640670427585543 0.137095953201904 0.101233536876685 -0.0148142655083633
0.12456140720209 0.0940915669348489 0.0786484532232774 0.0123499552452024
0.144587754950559 0.0518859789504097 0.0887067990627071 0.0536108232408772
0.147726402896944 0.0434707193299169 0.102333198298907 0.103256790935809
0.114363081989809 0.0928510853009138 0.0672080513410285 0.15400979828912
0.0601014375629404 0.14302820462653 -0.0447077016170895 0.189398945217851
-0.0914177414343595 0.179626216111691 -0.142332970996442 0.114312670382478
-0.200862952096746 0.0700104841235228 -0.144205254147467 -0.0177483250717466
-0.172513824081164 -0.116869921069488 -0.0314712834165546 -0.0498994993068375
-0.0688269276495637 -0.229045241017313 0.0399418150376523 0.166868841595862
0.0468251937778898 -0.110081356036683 0.104763207458638 0.270088314742537
-0.0348601749410269 -0.155776357297646 0.0509363427462224 0.3410754158242
-0.138681619281093 -0.0731893641146655 0.123382654262786 0.295012593798136
-0.145611963043219 0.0563454571906357 0.212147282028681 0.167170698955857
-0.0242234731320215 0.113487064445793 0.16891832762268 0.037481879335117
0.0432118204178292 0.0730340066117403 0.125716102881739 0.0324278719593432
0.0738132429057478 0.0486411653743621 0.119455947792029 0.0389473127472483
0.0904644620194751 0.026338098195129 0.125050700867067 0.0637735531234392
0.0967254759886868 0.0212029357952343 0.140117799887554 0.116504315227692
0.0866348087730655 0.0578314078040855 0.0948584421184143 0.175293145313085
0.0486995836740376 0.101535419247743 -0.0296970535844153 0.216066911639106
-0.0701795886081471 0.127890449374961 -0.140955676446097 0.13387294228648
-0.14827086737506 0.0326952630590559 -0.149398564983719 0.00110738559994076
-0.101201246991916 -0.109648218335812 -0.0220361621126397 -0.0308094909621235
0.0136735077168219 -0.162879775595354 0.0507885093880407 0.214565935691069
-0.0685548612128914 0.0559173788138724 -0.107968318177814 -0.253283612473516
0.0436587192813524 0.0601384244470276 -0.0379008362924602 0.0117747038892799
0.0743859413481443 -0.00254232035326802 0.178182671517332 0.00507112395672754
0.0185928573886042 -0.0651911654484858 0.17386592256385 -0.163522297684203
-0.0362072459356555 -0.0334190671304646 0.0203259794156987 -0.274528544116034
-0.0346186648679283 -7.77792784939779E-05 -0.147464405513762 -0.23276890214761
-0.0247465349850751 -0.00330799529444005 -0.198561510258567 -0.123936578193001
-0.0182675065194372 -0.00222184113180804 -0.179183286951593 -0.0532999065102979
-0.0072543901413516 -0.0012996056920198 -0.169684244036602 -0.0352924394664835
0.00415860151514752 0.00017853316141808 -0.17497420747984 -0.0379664511101437
0.0179747162196345 -0.0052115524643202 -0.183139393721747 -0.0553994945680351
0.0331389920712085 0.0199460827159836 -0.182995850743451 -0.154088555803444
0.018829184119826 0.0730329805220423 -0.134998189583241 -0.273347678555619
-0.0582490925488345 0.0631186985090845 -0.0827860005563237 -0.28260087820655
-0.117570141831277 0.0136553042186045 -0.136757384159879 -0.248420795905739
-0.1537527786538 -0.0402881014488342 -0.0543898733518203 -0.23751588706704
-0.0690017293710284 0.0242041618479471 -0.00656330320721822 0.0304488972377377
-0.029726725586044 0.0415937540740146 0.224942298321692 0.0136598354409457
-0.0247542864398304 0.0279194589672319 0.218524978989015 -0.178710114480797
-0.00991550466337526 0.0375220166414512 0.0293766617195998 -0.296192558777933
0.0138280527607349 0.0456793796023543 -0.143812098840453 -0.242021976982272
0.0505000704804222 0.0253245473897071 -0.202157237561377 -0.121982854704762
0.0581935977144848 0.017792304083306 -0.170927030936879 -0.0418515983384134
0.0671452408855611 0.0293353247743088 -0.162802286588141 -0.0172833478600181
0.0490727274051033 0.0674339809286485 -0.166478610161283 -0.0159723530127762
0.0215250138328769 0.0830925711766737 -0.184340416037376 -0.0271511992195577
-0.0455670483593423 0.106060537007931 -0.191381963499076 -0.117541253336135
-0.101676118998874 0.0848540072866746 -0.144987519890482 -0.235924150688743
-0.155102367123411 -0.0114958124451102 -0.102716138231036 -0.234459206465748
-0.187580138026865 -0.107523515716493 -0.135914670005283 -0.19596590516216
-0.210390089898085 -0.141293993169494 0.00856405181673779 -0.183046680354616
-0.177732764391065 -0.0374767928016793 0.0326336191603111 0.0791789371922384
-0.149314888161319 0.070842462004447 0.278423332457862 0.0505366497995252
-0.0858468459659845 0.126518973104753 0.279481956042333 -0.170551018227393
0.0107593725008447 0.120114696985859 0.0596442578631913 -0.301750013035824
0.0600367950803004 0.0966594719171359 -0.115425481937078 -0.237372323286694
0.117667927244276 0.0566843514100746 -0.178604647648536 -0.11324525309599
0.125760512328258 0.0350511321235343 -0.137273798203617 -0.0254085828775527
0.132805337135359 0.0462502081660555 -0.127275052648134 0.00971042839503639
0.0958032887760947 0.110255781969907 -0.134985439098032 0.0233056705407128
0.0432215376689443 0.147704950518801 -0.173487165577479 0.026849255171124
-0.0820017885022041 0.186424974236758 -0.202488947022565 -0.0597913250024169
-0.184481608644871 0.119194695961563 -0.162751488836753 -0.187734941584345
-0.232868836213056 -0.0494520705955358 -0.109987475914166 -0.181572191114847
-0.23930823775208 -0.197244839231291 -0.113863926856566 -0.115219850885527
-0.228677764675427 -0.226701902037536 0.0711961692854245 -0.090192152760578
-0.257467002734086 -0.11669218663348 0.0711913673308478 0.151338428742512
-0.263905555621767 0.0706402967310082 0.316780136154052 0.113062324382125
-0.159395623294824 0.205697403695653 0.333313821838309 -0.127491485432735
0.018610220937864 0.198969428533171 0.100196510342436 -0.276499705066383
0.0947079781552099 0.14270206682224 -0.0672345994803337 -0.210038962453724
0.167704038172419 0.0840582595078238 -0.130604032637923 -0.0925636953718602
0.175341937818119 0.0458962202496116 -0.0835963898737365 -0.00489676688127496
0.179688367271978 0.0491426393763477 -0.0702999970427208 0.038048484944712
0.133398058529569 0.126166708119564 -0.083222578766802 0.0659184748234769
0.0712726747884257 0.180086382639611 -0.14409371223696 0.0871386709100509
-0.0842819086197006 0.240286465653122 -0.200007143387063 0.00551119630754317
-0.225180899584183 0.151941154587679 -0.172865539860052 -0.132121512352079
-0.277331156786394 -0.061480105517352 -0.101531453775047 -0.133607235202515
-0.262149678946932 -0.249958609982632 -0.0735943069870765 -0.0273401552666598
-0.204940430226502 -0.277754726179975 0.120745719158916 0.0260922661632031
-0.282322772928488 -0.194112358135936 0.097702973286258 0.233398569220347
-0.338645032603671 0.0341277469252529 0.320369669645775 0.188021317606424
-0.227959252536679 0.237844629221921 0.358760000837783 -0.053811916587321
0.00783282956442396 0.248915158035312 0.139351811578921 -0.216203523693017
0.110738517741532 0.17021688673024 -0.00824410521803822 -0.159196785543918
0.191548056309328 0.100458376666283 -0.0657278411998375 -0.0626947742673601
0.198774228236642 0.0500311791329304 -0.0188868511523471 0.0157335263809541
0.200169656635348 0.0433741675996135 -0.00243569221560354 0.0630596011797886
0.152957973881462 0.121209155381372 -0.0205346371936912 0.103082063565978
0.0890553456289534 0.183368294742981 -0.102269483517785 0.138901817539633
-0.0775983767845032 0.256387336927142 -0.181575421301302 0.0628197300890467
-0.235362249545806 0.159306326305639 -0.170409746812625 -0.0805714058344588
-0.281313346057174 -0.0716361870798328 -0.0798129277202926 -0.094970385552996
-0.244185018798323 -0.272153804767676 -0.0223516273286929 0.0558778135641174
-0.142963536356417 -0.276229696898205 0.149733755134991 0.142727698097903
-0.244595628312551 -0.236411824927688 0.109311654728836 0.304877375520501
-0.342450498354864 -0.0170164268078785 0.28562923292618 0.250096914249096
-0.256062394347422 0.215316061523046 0.339488787457255 0.0279546809348633
-0.00831812899910596 0.251867185287777 0.162482290801743 -0.131446493883331
0.105351990839657 0.16742334825106 0.049671331338413 -0.0910037127471513
0.183523844769969 0.0979935651729246 0.00558018090568586 -0.0269071624857474
0.191979048078529 0.0454796176173943 0.0456151870863325 0.034469442836598
0.192686545493022 0.0335392939597998 0.0648958040698417 0.0818941571564118
0.151471996129585 0.103952706763591 0.039824946506879 0.131788590225289
0.0910519059072991 0.166187907164919 -0.0591806279800854 0.178496872042395
-0.0725126023344961 0.238917484408006 -0.156955683851002 0.105849747251441
-0.225574938196116 0.138577208805203 -0.159852005575599 -0.0383229233563034
-0.25111849713301 -0.0868973741118822 -0.055356138793417 -0.0647029718807308
-0.188984260935665 -0.267863042742046 0.0235719807522587 0.127705841827621
-0.0595844124670993 -0.219683070287278 0.155460511008741 0.234855333157601
-0.161816594736302 -0.220927725068144 0.106756593372931 0.347425560197181
-0.272286707203745 -0.0502675783882142 0.227162269082894 0.281191605587861
-0.221966785746839 0.156735944049433 0.290618576378756 0.0948480689710646
-0.0133764600105595 0.202968991114225 0.168907759141746 -0.0456540808725435
0.0854149484593408 0.130305207722988 0.0972647059739647 -0.0245953464292565
0.145952694816396 0.0755279551251363 0.0723555796798109 0.00573098152580968
0.156435248060225 0.0330426537535416 0.101761059599386 0.0472992155912675
0.157356150177573 0.0217684439078847 0.123387606027943 0.0963636579762048
0.13125964627108 0.0781897356093428 0.0895391219423175 0.155412761928745
0.0805101299929002 0.136301279310626 -0.0249321327890111 0.209786431280377
-0.0670288768082048 0.198221745767871 -0.138309947708292 0.136502297968557
-0.196959745346627 0.100016885169925 -0.151264688291173 -0.00515675026941227
-0.196262929937846 -0.100074328050576 -0.0358952169614771 -0.0390431085825968
-0.107424423582985 -0.235711209318658 0.0569103833647337 0.187393515412392
0.0329342533390748 -0.120922852308361 0.143871730743772 0.279075768905112
-0.0553355680712316 -0.15170918526474 0.101455086126663 0.350017862845415
-0.149209807489326 -0.0504793722622462 0.171824225856622 0.279726608823005
-0.13254479200651 0.0831068652766753 0.238184072444302 0.131802573714598
-0.00377654990212667 0.116616030363126 0.171860064562222 0.015957822685935
0.0548676260974759 0.0663383230808587 0.131555374119087 0.0197190037121918
0.0860139928833236 0.0369149011646701 0.123573678494854 0.0255830340856562
0.0968143595333298 0.0142249708980653 0.140582376620382 0.0519015380088782
0.101557588821075 0.00632029466310093 0.1646256069262 0.105129245506475
0.0958774725857199 0.0454554720394812 0.121915378729829 0.174640120996625
0.0621775012340442 0.094500909386868 -0.00594116894465833 0.235321461004442
-0.0527500159427838 0.140392564134208 -0.134311514767006 0.15874425132327
-0.147251127771545 0.0533299129725496 -0.156134377450159 0.0176527568297582
-0.119997033049381 -0.101960003636036 -0.0265499343246754 -0.0221349388730205
-0.011137316815176 -0.174281253967771 0.0716111097963205 0.230503454702283
-0.065931202205898 0.0635187312524629 -0.136277037577414 -0.250139680631504
0.0493910151599053 0.0560276445489519 -0.0385858735088507 0.0181937769438084
0.0746895137814931 -0.0101244298498794 0.187034355798854 -0.0135378881151251
0.0109696004017833 -0.0673969989265485 0.164149741199258 -0.188323259549239
-0.0395047421542218 -0.0290000420171683 -0.00881475798868907 -0.285978193013559
-0.0338419380182666 0.00485551002009532 -0.178197078444206 -0.222006348937626
-0.0247912246163936 -0.000865859464116211 -0.219037815206728 -0.105389340019045
-0.0177937018800916 -8.50726085022228E-05 -0.190603182630318 -0.0368159023279987
-0.00611214236851631 5.32510497639922E-05 -0.178872194282096 -0.0175613649918861
0.00507682663101624 0.000279541397459558 -0.184407405727318 -0.0189092798974058
0.0171718973280853 -0.00639634376661914 -0.193592756120513 -0.0389810088824104
0.0345498071463354 0.0186848452503317 -0.205337388319875 -0.140934244365956
0.026539577816846 0.0714053262961208 -0.170209165375768 -0.267582608570445
-0.0553633133331621 0.0681681451407522 -0.112819504176196 -0.286587882185501
-0.119123834455079 0.0254377741143601 -0.164961938270728 -0.248915218836073
-0.163072467177096 -0.0276194406355087 -0.0795456029768843 -0.239108319697427
-0.0699633145962244 0.0302684393810356 -0.00434789229759684 0.0341644047322756
-0.0281151639523333 0.0463435973343467 0.235966765860611 -0.00922266307390642
-0.0238501512634988 0.0345505128990918 0.209019694296258 -0.209093025267851
-0.00558622674609572 0.0421714555238169 -4.17093533414021E-05 -0.308303621320038
0.0214320561346685 0.0475063718998545 -0.173963258788186 -0.232222279959753
0.0556984452791809 0.0208263385259338 -0.220553384166608 -0.1027636905551
0.0634636592373245 0.0118915648697048 -0.180060621928469 -0.025763885637417
0.0742185158519014 0.0235339776915282 -0.169150753315826 0.00101163131621467
0.0594363456043027 0.0651682317506333 -0.173083830527305 0.00321426862650414
0.030593885324337 0.0849196493037949 -0.19175533130664 -0.00768625559868484
-0.0370700800149644 0.116807909800512 -0.210081716690884 -0.102066235704989
-0.097062965826611 0.0965668039844453 -0.177724764539341 -0.229266037226753
-0.163381185925052 0.000525686683388171 -0.129151044933136 -0.234483085922823
-0.204301420532011 -0.093311635219711 -0.158845556819329 -0.193364435874574
-0.231072702864634 -0.126074566523646 -0.00902097132612408 -0.189371561669774
-0.188275357891197 -0.0227032509230814 0.0405507472217643 0.0795511168377615
-0.149054217466642 0.0889538235934053 0.295459429294668 0.0240209499582009
-0.0764870978246913 0.143409677115326 0.272111153756281 -0.206100578107023
0.0241512017553562 0.124609665330512 0.0302565611326726 -0.316035610504999
0.0743407848757081 0.0957451555125378 -0.144483105897958 -0.230847841906991
0.12873267310243 0.0455438255246936 -0.194283628447437 -0.095480434903365
0.135100155878619 0.0212789782676796 -0.14339207435331 -0.0116802526750579
0.143496583261157 0.0342006471652046 -0.12863387138404 0.0251583106803536
0.112366579209085 0.104354106560365 -0.136171470966496 0.0409177256682369
0.0603463447258533 0.149901835196112 -0.175016491237443 0.0483012250470498
-0.0650678636708427 0.204555101091488 -0.215950931930494 -0.0400403337933555
-0.179574141653821 0.140459496393681 -0.191461543118414 -0.176748392336696
-0.247303674838531 -0.0305163607565551 -0.132697804013087 -0.178312055099684
-0.268130507327508 -0.180306557664248 -0.128788145435939 -0.111156631173614
-0.259321866489886 -0.213464266036623 0.0643205926356851 -0.0991668554028702
-0.278681757935643 -0.0965051616887202 0.0875061855290953 0.150342093668601
-0.267874927947471 0.100433466553456 0.340387437057843 0.0849346774945695
-0.144813385510773 0.233395200945821 0.332589364940261 -0.167603491374048
0.03973228022967 0.205097083808071 0.0753216117411422 -0.293384377075164
0.114453708296095 0.139368342580915 -0.0913871285698979 -0.208840423492612
0.183559051356651 0.0675899303363403 -0.142649988577525 -0.0789757729386013
0.187634573854045 0.0267485818415307 -0.0852133259163527 0.00320386507341732
0.191348768554753 0.0321997187612986 -0.0663405281055104 0.0481448226926135
0.153202502688123 0.116538685446484 -0.0784414321013335 0.0794335792887212
0.0927253861159332 0.179886108656896 -0.138000480498013 0.108069432375855
-0.061570116738288 0.260737202880619 -0.205652408829861 0.0285541435270869
-0.218374691880961 0.17989695002062 -0.196545286500027 -0.117954142540395
-0.293718371965099 -0.0378443533578939 -0.119414696249416 -0.12926903660909
-0.296989311116188 -0.232405656045682 -0.0778852689126399 -0.0233823060467137
-0.238774094338474 -0.269243311256546 0.126319931874974 0.0169839577859769
-0.311727728366373 -0.173709831246006 0.123570133031389 0.231560215829323
-0.348096919486944 0.0705588724631772 0.351493753679735 0.162516045004775
-0.211242407184793 0.27330146376529 0.365484823363691 -0.0941055800228411
0.033928193535887 0.257143879924827 0.121092158904735 -0.235156795021664
0.133149412240451 0.166407729787077 -0.0242487062467125 -0.162229383164511
0.208617164242108 0.0821241804608044 -0.0717662613898483 -0.0545840081151664
0.21191510105877 0.0286233962671176 -0.0166592585317242 0.0175703033597099
0.211295203126356 0.0240673354952 0.00667018299011674 0.0659664073682377
0.172475769770342 0.108963553822774 -0.00977477900270823 0.110013114636004
0.110699753324535 0.180736197870367 -0.0885534297769182 0.157029242346095
-0.052870223482363 0.275814492358538 -0.180657852080422 0.0859563937744544
-0.226885943629293 0.189264224425815 -0.187678129818526 -0.064890648759427
-0.298468588804865 -0.0468700819033747 -0.0945750009081539 -0.0913156401850754
-0.281452067411651 -0.257063482200414 -0.0170650129172704 0.0576985754457912
-0.176180252603115 -0.273042319049992 0.167830168158731 0.13571543188301
-0.277774103463167 -0.220785985811316 0.142494869966302 0.304643961649837
-0.357226273622475 0.0177243051018084 0.321601931621332 0.229943614288925
-0.24176787330882 0.252234501856583 0.353824553948017 -0.00811223244734587
0.0186103544623873 0.260593006583095 0.153314883065315 -0.150083383544563
0.1266182657328 0.163303850565739 0.042773167607806 -0.0994754114125982
0.200593182671758 0.0800231509333935 0.00512062542527968 -0.0263142664823334
0.203752078175896 0.0244092180667501 0.0522202714174317 0.0303173943776191
0.201451732314403 0.0146159281415396 0.0776892357810273 0.0779876874893949
0.167784069679028 0.091152965530116 0.0555600343065054 0.132553846001295
0.110752334690117 0.162490833033404 -0.0392564243853159 0.193105742744287
-0.0491108881480246 0.256500394439691 -0.150547301271479 0.128463482219032
-0.218473604758061 0.166926912652749 -0.171920498838404 -0.0216423010868953
-0.267969132391381 -0.0658312777936618 -0.0664350384904839 -0.0619325753512568
-0.223649283699385 -0.257007979087497 0.0377315446421714 0.128192140880946
-0.0848032915463749 -0.223001919169907 0.182620303582008 0.230557906725756
-0.191066363403849 -0.212832745837699 0.144669705353533 0.349315635491661
-0.287400408084585 -0.0233230515652323 0.263617556382526 0.268256550049347
-0.212134612717551 0.186514991744898 0.30900000534345 0.0665492240817764
0.00768646909481654 0.209965144639673 0.168242745167653 -0.0629374254424854
0.100886324490736 0.125801816344113 0.0988784884993188 -0.0360812461719467
0.159166769761955 0.0613334519273863 0.076370098207007 -9.24085857526323E-05
0.165207828387617 0.0155271123937419 0.110656019345923 0.0383219186779369
0.164218383621211 0.00547350659688495 0.137947951922512 0.0864447736962833
0.143508381987095 0.0665330005481146 0.108480124799546 0.151099629775658
0.0964371339811773 0.131865938730301 -0.00148523189918051 0.221638482511458
-0.0463417763147079 0.212469473999383 -0.128722566161095 0.157908800445109
-0.192207233803567 0.124097157836052 -0.160015953021769 0.0108714086467866
-0.211843531969737 -0.0848204678881622 -0.0435310959271012 -0.037685886460537
-0.13707502226841 -0.231579289795883 0.0784647143760766 0.187218543543991
0.0200423028308068 -0.129230296151887 0.174258493617249 0.278746635865079
-0.0733566254308565 -0.151148124335056 0.140090188690531 0.353005744170209
-0.158897864248747 -0.0361491572966791 0.206023757450517 0.272861199556378
-0.126920514058513 0.100134331680171 0.259225996637302 0.109738513032366
0.00881527201829989 0.1184571269634 0.177491700663297 -0.000752638129530003
0.0621005611897686 0.0626081793503741 0.139617248038109 0.00581228338392626
0.0915210380471912 0.0281940650479133 0.130565403270732 0.0145521824035496
0.10139063140345 0.00320912348788114 0.151094503347414 0.0398640024325863
0.103796944258716 -0.00359884998797866 0.181141157750919 0.090776732936555
0.102988408504222 0.0365086080312974 0.143343492698417 0.166962632028202
0.0729472899439733 0.0898869645248395 0.020060313749992 0.24569757981898
-0.0382796278749279 0.150689438566205 -0.122320182356599 0.180009332959487
-0.144427782294821 0.0704812917947231 -0.161926808924024 0.0344579505868049
-0.13266505042782 -0.0933075022486925 -0.0313564250738329 -0.0216825885380158
-0.0317278203332754 -0.177730554680053 0.0981444043308162 0.229560641167345
-0.0595951326115201 0.0693091591788068 -0.161800681328518 -0.235175085782294
0.0529357824100471 0.0497826537228306 -0.0360917604284589 0.0252213121322259
0.072170801280845 -0.0180565862409192 0.18849096530415 -0.0341982699130316
0.00308279446018826 -0.0661582050572083 0.144184834965946 -0.208411266783906
-0.0405819290038756 -0.0226334534239106 -0.0400756518094829 -0.28474282657137
-0.0315946285702301 0.00899806699537709 -0.202556244338198 -0.198909207538663
-0.0236090736547447 0.00266010284382292 -0.230211426718507 -0.0799122679423633
-0.0168935979546743 0.00214030992357943 -0.194777722583642 -0.0157165401179038
-0.0045428315778635 0.0012896407219791 -0.180619435140904 0.00324942375426498
0.00603348291286725 0.000108217970955884 -0.186103605004949 0.00255409942445115
0.0158538211001513 -0.0077938489546066 -0.197071784762964 -0.0180404773725198
0.0362402120992388 0.0161370124523843 -0.221481402580159 -0.119303751502312
0.0330306590684241 0.0661607752668737 -0.201089319784645 -0.247752605541122
-0.0504787398325414 0.071849761715248 -0.140662526055975 -0.276554227998157
-0.115461653316743 0.0373352902514938 -0.1911613766305 -0.236411964655143
-0.166296107831578 -0.0117106819545258 -0.104500100617231 -0.230388716148342
-0.0690034397161012 0.0360230018680364 -0.000467443212086738 0.0369835018891047
-0.0249672154351552 0.0502526208318395 0.237585936530068 -0.0355044012048317
-0.0205757825687731 0.0402178840041676 0.187046944353182 -0.233128606794883
0.000308086082567788 0.0450547374366583 -0.0333945514752988 -0.307233213715825
0.029103132547374 0.0467038295964616 -0.199118993122527 -0.210884870624447
0.0591572996527922 0.0142692963193764 -0.230330015549303 -0.0770601404650287
0.0660749356870771 0.00388419166946396 -0.182027382929823 -0.00637530593916464
0.0783101762912112 0.0154585936852353 -0.167347010130301 0.021072772925174
0.0683629604312554 0.059187000767288 -0.171396461131547 0.0243261917583666
0.0400231972132358 0.0826211793989785 -0.190939185888182 0.0135732436233435
-0.0248540834151172 0.123506401371796 -0.221579706655635 -0.079316788951007
-0.0879827039948474 0.105455290871381 -0.205368512286537 -0.208436643369244
-0.165379164398583 0.0159094771230342 -0.15275684458559 -0.222236176115339
-0.214488587164297 -0.071603586930581 -0.178488850529028 -0.180669150251617
-0.244502737334156 -0.102536576591213 -0.0285766079991794 -0.187525238595381
-0.191963247935965 -0.0044003943781089 0.0481738320307331 0.076456992572451
-0.141337871006675 0.105998842757308 0.300143565412064 -0.00798355691524638
-0.0608499271418557 0.154890053691272 0.25026792217582 -0.237512018782021
0.0380382575011689 0.124538321117156 -0.00334659414063411 -0.316848047167152
0.0871111199379587 0.0889840364158855 -0.168812567883502 -0.21244516995475
0.134433734299244 0.0306383968221744 -0.201829234963003 -0.0715201633945715
0.139104023326516 0.00450193872988349 -0.143045594793798 0.00308013103637106
0.148148164806765 0.0178601914649849 -0.123505866756596 0.0405430085363393
0.12541670453636 0.0926552526678311 -0.130169189927956 0.0578441971845582
0.0766282773498936 0.144408235359168 -0.167947539126785 0.0690223134751337
-0.0427603364715606 0.214878865935421 -0.220296064548535 -0.0155839236355013
-0.165807724101232 0.15948274652141 -0.214360287703292 -0.154188532024535
-0.253012611675935 -0.00657016093921228 -0.151979795697292 -0.165596490253637
-0.287694234158674 -0.151899303236309 -0.139850568283126 -0.101349487775868
-0.281356096520194 -0.187802630729382 0.0532955121384419 -0.104371242686476
-0.289910568355965 -0.0692367883453182 0.102660783851971 0.141433551001516
-0.25855037597083 0.129263769668573 0.351483703758096 0.0485931362854463
-0.118510107202546 0.251847796978477 0.314213292407798 -0.20550289565352
0.0614644944486599 0.202134162602378 0.0439986019964885 -0.298878095912795
0.131798472044774 0.128309001988488 -0.113746561668195 -0.196902414548591
0.191458026826839 0.0463018900946867 -0.147392248469296 -0.0607087059630009
0.191656384429202 0.00409453560648911 -0.0835696790567553 0.0117512591584638
0.195773711747683 0.0107297294069947 -0.058278695410799 0.0560325870118749
0.1682321014589 0.0994748349167658 -0.067565980948712 0.0894504351941034
0.112835864393647 0.170570949273095 -0.123305918012879 0.125539757534949
-0.0320823194103885 0.270411058022353 -0.20203603949668 0.0531093985876936
-0.199365780157779 0.203641022103656 -0.213094466902791 -0.0949614764890743
-0.299477277590891 -0.00889379567819861 -0.134392099757431 -0.117825242607089
-0.323050582870215 -0.200289228470517 -0.0794166256280504 -0.0180365043342033
-0.267595926300368 -0.244921901543377 0.12753721165995 0.00551665026573247
-0.33137134209639 -0.142586124585006 0.146589224953627 0.218975731354901
-0.342030498451609 0.107858054899614 0.369754140546235 0.125387056243669
-0.180545424829122 0.29943832403899 0.354554807592907 -0.135852491974892
0.0616800744556241 0.253975280317727 0.0961911839070797 -0.245392154642869
0.152264795129075 0.152663256027802 -0.0411031141616472 -0.158825811901812
0.218029694503952 0.057760546755879 -0.0744080403566983 -0.0447997324482544
0.21571596789737 0.00213079933926078 -0.0134672846860892 0.0194432947846518
0.214122519505307 -5.75876237939312E-05 0.0161309067818845 0.0648978080866868
0.185304334259993 0.0893365357733183 0.00371703985574101 0.112212649878312
0.130267333782691 0.169675957849586 -0.0683402245631083 0.169259824850594
-0.020491428789474 0.283826741694908 -0.169694132311955 0.108520989727317
-0.206181610652444 0.214024160160747 -0.198944412124493 -0.0425545880796179
-0.303972803744414 -0.0172783174450918 -0.106452250403492 -0.0818137589452691
-0.309828277714957 -0.225434514375417 -0.0103101419521065 0.0571551429387469
-0.206490481991236 -0.256186983846853 0.180951912401868 0.121285560097985
-0.303456681034334 -0.19214956524583 0.173539234890599 0.290079049697916
-0.356240265735801 0.0568754768705758 0.347127221230199 0.195960257326179
-0.212375074323315 0.280725139948194 0.351101245829149 -0.0481930389096584
0.0467978461028269 0.258100316957557 0.137011749243681 -0.163570877385144
0.145034695946942 0.149479302862784 0.0328248953601954 -0.103783682867434
0.208242419533492 0.056582448629841 0.00547663804079892 -0.0252156252327725
0.206471485495896 -0.000945087629224696 0.0566393081425905 0.0243758379560415
0.202543896079525 -0.00764272272999005 0.0879934034893323 0.0690039703941302
0.177722186087485 0.0716653299959737 0.0705033648594997 0.127179633753471
0.127541596631104 0.150363228466104 -0.0152248350516849 0.19989410201353
-0.0193061340077552 0.263766409642449 -0.135195767012605 0.147284361225011
-0.199353302033355 0.1909082840503 -0.17785495757594 -0.00135272245935357
-0.275228032985751 -0.0376956892863015 -0.0745744278747654 -0.055685447060534
-0.253255557427591 -0.231104183703346 0.0519699198996285 0.122099827461992
-0.11056726474678 -0.214910453401598 0.205457085328166 0.215856958109865
-0.215042037723953 -0.19298955875779 0.180453529167904 0.335390645589617
-0.28949247035947 0.00866654657162474 0.293091924030446 0.240500694492645
-0.190075110759459 0.211018822696716 0.314305072420525 0.0310328686913782
0.0305648105029954 0.206991775201088 0.160761471922866 -0.0791783241511656
0.114209856438969 0.11525032704426 0.0957759648726354 -0.047061934663189
0.164528436500644 0.0424386001429011 0.0782795184463949 -0.0077352192149836
0.166416681322104 -0.00482141788339236 0.115563191288272 0.0262554411870219
0.163716365546225 -0.0120970134260871 0.148837970548392 0.0703854497257684
0.150390146849735 0.0494645197875128 0.124849669889666 0.139250052696968
0.110012860202664 0.12069248046213 0.0246282471184985 0.223175665341118
-0.021254041999797 0.218731708400719 -0.109940857941485 0.173948950905798
-0.177068931519092 0.145227665585474 -0.161544505431852 0.0295679380041564
-0.21995697707332 -0.0630465859387536 -0.0493097350870618 -0.0335281986632475
-0.163685936687761 -0.215006518398204 0.0985275112159069 0.176892375314261
0.00438797538328216 -0.131326595023243 0.202931577936825 0.265093409966465
-0.0906239883083863 -0.142572168687847 0.176949339162833 0.339262577054742
-0.161000530188455 -0.0182270465066322 0.2355776000498 0.252346657874211
-0.113956108472245 0.114526675228384 0.268911349380275 0.0798070993291896
0.0218678615569208 0.114823791713215 0.176177652801264 -0.0185283800630675
0.0676114801121721 0.05541128739906 0.140641846412092 -0.0102842740342419
0.0938521255947684 0.0170644962514834 0.132242340457595 0.000675240613253838
0.100636615290314 -0.00911442491015189 0.155666960164379 0.0231210253843946
0.101579366088252 -0.0150408333397376 0.191113553168786 0.0702838412783436
0.106101636423918 0.0237490458137402 0.160763200704329 0.150789461520217
0.0816544954610009 0.0813715714442936 0.0489224465977489 0.244532914633689
-0.0196201083225526 0.155243943313745 -0.101934265043452 0.194937401667544
-0.134627325833596 0.085911897533606 -0.159851941625833 0.0536587884924608
-0.14102528900213 -0.0789944709868938 -0.0356089079239906 -0.0191501738062895
-0.0522745352858858 -0.171266393168592 0.123287507326997 0.217260110831915
-0.0532535168863338 0.0723964664242544 -0.177821361755826 -0.215190872605955
0.0534785571822389 0.0434287825743638 -0.0315067305689749 0.0299367367233222
0.0675483041701352 -0.0233124989286005 0.18361709801228 -0.0515741050524259
-0.00329561261904327 -0.0624726471011317 0.12288963504685 -0.217800533530398
-0.0394187071252665 -0.0172029080418427 -0.0644032914391223 -0.274032255381614
-0.0277845282539755 0.012340353407198 -0.214627098569553 -0.17365376857377
-0.0219169151923146 0.00545722962503485 -0.230717596092367 -0.0554264896725665
-0.014977648420744 0.0035835250017179 -0.191974908773803 0.0015501129421052
-0.00282563026665681 0.00171836434976192 -0.174866588465339 0.0203956292313483
0.00651857493022288 0.00014991345978714 -0.180237454405266 0.0202150146201389
0.0143442269765526 -0.00845567611084288 -0.193104088614239 -0.000793997868308934
0.0359577119165608 0.0137774068013092 -0.227055914845869 -0.0969823593062677
0.0365644547319486 0.0599549840110929 -0.218935796463778 -0.222640933440243
-0.0454488035269423 0.0732435925675425 -0.159725832154153 -0.26041652830998
-0.108462484226976 0.0456621462999287 -0.206410876004767 -0.219769634056485
-0.163748561770382 0.0022043887963006 -0.120327176188732 -0.216468092815027
-0.0664076259002429 0.0404270247389257 0.00310388750377821 0.0377407879013178
-0.0215532074452929 0.0521501767619257 0.231560359176461 -0.0569551964729227
-0.0166116570505396 0.0437547505478031 0.162042449307849 -0.246038291642239
0.00622306402020099 0.0455355820376908 -0.0586923871205889 -0.295367929323697
0.035097615461321 0.0437298194227455 -0.212048980134714 -0.185672978074067
0.0595671711701278 0.00849587783663553 -0.228602439331003 -0.0526438550921378
0.0657050424853795 -0.003210460241347 -0.17767290557938 0.00974393026732287
0.0792348978511858 0.0076145953693273 -0.159478704609305 0.0364732953925178
0.0733360767259517 0.0521012611221471 -0.163275994444677 0.0404123781168139
0.0459724140400065 0.0782862125202919 -0.183805643773644 0.0304350550008559
-0.0130828473163821 0.124686496278116 -0.223861688653716 -0.057341013617647
-0.0783367329981887 0.109328677740451 -0.219940881738736 -0.183599874335499
-0.162392906728595 0.0277247579803825 -0.167794863262094 -0.206290198922792
-0.214287593270763 -0.0527864717362486 -0.189568021948911 -0.165722769260309
-0.248152434352209 -0.0806817663654776 -0.0434274775262749 -0.179999480077341
-0.189597510112951 0.0105396743576507 0.0536171608603368 0.0725219064305673
-0.130307122109133 0.116294877014815 0.294322886625739 -0.0351422698043565
-0.045598442804295 0.159820356387329 0.223731703809377 -0.255456073518633
0.0491631529073222 0.120393956318899 -0.0296798644943879 -0.307403428305352
0.0956944758246385 0.0797783419409076 -0.183074018452402 -0.19015373974519
0.134493472409076 0.0169850183675128 -0.200004173655734 -0.049823311627742
0.136861362238161 -0.0098327361070238 -0.138405129359001 0.0151309300799118
0.147540909061516 0.00411577205239782 -0.114567881600103 0.0511148363251004
0.132620232534972 0.0796059238718973 -0.120082858374911 0.0698763434613686
0.0879490004127297 0.13520054250089 -0.15541760302413 0.0831570298894616
-0.0216308167230412 0.216362551442536 -0.215888799709587 0.00553375318169315
-0.149933622162437 0.169587589394103 -0.224774550012065 -0.129356760195454
-0.249392114858796 0.0137408888837124 -0.162492741933823 -0.150288159586997
-0.293188044424098 -0.123788559639374 -0.144985512047456 -0.0909538581953386
-0.291139432289623 -0.160611382266795 0.0430982483910866 -0.104728417834343
-0.290539699874491 -0.0443075854727393 0.111367433686573 0.130557897909752
-0.242162106256343 0.149826776439508 0.349242517301692 0.0163612138211504
-0.0924476147210336 0.259422736727909 0.288345031738935 -0.229299959099494
0.0785349941393181 0.193267135724404 0.01891003413673 -0.293945798928843
0.142675300881401 0.113786473380566 -0.127165087742402 -0.180657512902303
0.190941288441941 0.0274952213560564 -0.145150685697931 -0.0449307127160193
0.187164124768688 -0.0161737729825628 -0.0794878694687209 0.0182841113742205
0.192426441202105 -0.00801147545178727 -0.049237339260745 0.0600521454418586
0.173603052410805 0.0824351842910427 -0.0565237988090681 0.0951451149603576
0.125416000061056 0.157704586626607 -0.106297450223154 0.13438156999334
-0.00534487841722012 0.269627972322593 -0.191834543177256 0.0703085446481941
-0.177696763669149 0.215853595794153 -0.219689377106293 -0.0709377859192475
-0.294167532066147 0.0152755047383631 -0.143108755116916 -0.104282391429604
-0.332344232493531 -0.167620618382653 -0.0789809580094338 -0.0142151291221521
-0.282918643851317 -0.2184410742977 0.124432396002319 -0.00297681979420373
-0.337155786128393 -0.112420328624497 0.160804266339964 0.203017483571987
-0.325049776325169 0.136060847605 0.372886412084003 0.0897098542795908
-0.148666145034278 0.310687969071024 0.332946904475293 -0.164558940464964
0.0826238660307174 0.242826777432621 0.0740266454545829 -0.24562365338741
0.164128455448887 0.136187745445483 -0.0540484105888219 -0.15120793290956
0.217793471763488 0.0354139304590187 -0.0728521904941318 -0.0357823172779735
0.210162648087126 -0.0196799503691181 -0.0102335917235593 0.0194594068570855
0.208871838639946 -0.0193136196270522 0.0235193790877818 0.0618931168128821
0.189252108283129 0.0701983473598666 0.0150033743144499 0.110228865399242
0.142545639453978 0.153832033196333 -0.0484771512441211 0.172311226329334
0.00712281771167327 0.281107761025303 -0.155618461000252 0.12284394710632
-0.182931536046979 0.22753615075598 -0.200094099035146 -0.0212595899025287
-0.298837071213308 0.00858228744183865 -0.111879578797868 -0.0720678546874891
-0.322635992700121 -0.19215106121391 -0.00528156656418947 0.0543458055788019
-0.224301136241707 -0.23413224495568 0.18606600855633 0.106683907688042
-0.314108249131065 -0.163011254955988 0.192695775222731 0.270256993460224
-0.343589717405921 0.0874632208641383 0.356894663744685 0.161764789963651
-0.181987467461485 0.294898175653617 0.337296309589915 -0.0790242094532626
0.0676816794510878 0.246957329176467 0.120344252294754 -0.169687232306039
0.155199294465873 0.133445136173307 0.023292494625308 -0.104407357296729
0.208207528097685 0.0353906054822777 0.0060037194676869 -0.0237958071540412
0.201116502382051 -0.0219218637709467 0.0581247004576387 0.0186305520670645
0.196592725534138 -0.0259427839454543 0.0931843166874241 0.0584031501991113
0.17998425814667 0.0530617643972625 0.0811127624349218 0.118193017895717
0.137971612284551 0.135675150537954 0.00562826026912001 0.197092661107806
0.00730959921917821 0.259849613203167 -0.117927568583755 0.157177772838913
-0.176863824004947 0.204102352073907 -0.176518246088571 0.0171826557824319
-0.27191823523685 -0.0145052234107882 -0.0796845444940018 -0.0481108505038871
-0.267714702605928 -0.201514299489416 0.0609429240146066 0.11289792135298
-0.128144042721675 -0.200879540588363 0.218261571296543 0.197728239266556
-0.227527572803129 -0.170253077694193 0.204521907878211 0.313310074882947
-0.282136613212805 0.0336249179923789 0.306769136482911 0.210672615550723
-0.165145379994575 0.223688267611829 0.308269328784217 0.00146194890120306
0.0476466873115398 0.197696812864414 0.150216563330024 -0.0894422767295519
0.12142308007343 0.10210197544425 0.0895625187149208 -0.055108683389997
0.163219209266114 0.0253297205028946 0.0778847058429282 -0.0138017075238728
0.161401091297168 -0.0219195074176367 0.115497831361366 0.0151323114564328
0.157300632897185 -0.0270191803034935 0.151863670262892 0.0545823763373321
0.149940421826162 0.0342264387954422 0.134395365865759 0.124706957494281
0.117178276717466 0.107577089191166 0.0471566692830027 0.216708178886856
0.000725536537812779 0.215612980711963 -0.091347855416023 0.180508932876704
-0.158263840627823 0.157129869440938 -0.15702185664991 0.0454198958059287
-0.219818404876922 -0.0430942195798618 -0.0529047405612179 -0.0288804474374734
-0.178734115489184 -0.193111642846919 0.110989154701931 0.162729313909562
-0.00956608398322806 -0.128291146108809 0.220208659391754 0.246796047495074
-0.101688484433535 -0.130680181877661 0.200818117868585 0.317982671144658
-0.157799880591045 -0.00383798119391627 0.252502216579762 0.225888114911632
-0.0995362542961003 0.121319818766231 0.267679612743488 0.0537088104134491
0.0304507572803743 0.107912741925889 0.169665836043123 -0.0324450585169517
0.0692789895144511 0.0477747001025564 0.136713607887408 -0.0232544262180643
0.0913260582176283 0.00769595158468631 0.130048134086545 -0.0105610226476657
0.096677926845219 -0.0195874059543321 0.153615742814784 0.00948912054254013
0.0969671457073613 -0.024021048119631 0.192306665652992 0.050109503233627
0.104373879151677 0.0125056475576452 0.169125300581874 0.132656889288442
0.08622995599678 0.0711797539321014 0.0717234453172196 0.234264513394815
-0.00286410070408074 0.152337869295772 -0.0823790083501604 0.200200186434119
-0.122003544675336 0.0948753707463599 -0.153491920601157 0.0670044661929148
-0.14366675650005 -0.0647516891670819 -0.0378296312075448 -0.0163531011953601
-0.0662876182630934 -0.160143167298891 0.13866981838942 0.199974952960249
-0.0485180972252596 0.0740300727227483 -0.185503514490226 -0.199776515007712
0.0522255388712365 0.0396346820315029 -0.0271803488818754 0.032795455119041
0.06356463920584 -0.0255374944963916 0.177636379885748 -0.0639460111972908
-0.00703216423061313 -0.0593391989203461 0.106283536999541 -0.22185175272187
-0.0372790473699194 -0.0134645488644125 -0.0800807714980577 -0.26348393255267
-0.0236415162867119 0.0142510341340235 -0.218966658233992 -0.154513505982966
-0.0203916344954774 0.00704085714261762 -0.22846154301883 -0.038205850174586
-0.0135853881235774 0.00443100336071061 -0.187098599411682 0.0131911468985589
-0.00173306382186073 0.00177337061081207 -0.168936139970806 0.0309584599695445
0.00740480049076837 0.000196926934371715 -0.173461141714082 0.0312484896711362
0.0128566261258821 -0.00797177194400566 -0.188443528610904 0.0103054850492702
0.0357882309135054 0.0119203524508888 -0.228653446658023 -0.0811086394397751
0.0374996703582806 0.054482939487015 -0.227858627326113 -0.2016638758776
-0.0421928545027097 0.0735919590731108 -0.170450977239863 -0.247959377817849
-0.102423171201412 0.0499349941066448 -0.215496821900301 -0.206800493324519
-0.160584618861764 0.0115931631726677 -0.129845376652985 -0.20395197351648
-0.064192247475475 0.0427960271897525 0.00623611375346049 0.0384773839228727
-0.0186182478088084 0.0536228402888107 0.223998505937165 -0.0717217637753675
-0.0135266411401099 0.0460441767297437 0.143717176941959 -0.251518556255455
0.0102554277726102 0.0460531092467071 -0.0745256853219185 -0.285001012354514
0.0397534427949993 0.0405661944578859 -0.217635040320901 -0.166477556383668
0.0593839838368838 0.00458129955451369 -0.22522019181848 -0.0365713641615655
0.0646469882694261 -0.00837097209271247 -0.172552912693862 0.0204498286976739
0.0792779717168988 0.00226691875786342 -0.151718690239015 0.0453874027608186
0.076497478154181 0.0465731221806723 -0.155371816901186 0.0503569747414346
0.0495319574810274 0.0749786146816431 -0.177185341465851 0.0411806561732413
-0.0046195544594405 0.124393969690903 -0.222783327580648 -0.0424972354524389
-0.0721691565254118 0.109999813237044 -0.227618386267647 -0.16364165377848
-0.159722439333114 0.0357668082440837 -0.175528313732044 -0.194201566880553
-0.212924474095397 -0.0399594684984005 -0.195653629978851 -0.15501411291318
-0.247943684331367 -0.0649841529977344 -0.0526834232402389 -0.172717821755027
-0.186255482389885 0.0208442531314835 0.0572791386246356 0.068896404721725
-0.121448693583563 0.123024559485125 0.286536817524414 -0.0538458612135135
-0.0342631753132488 0.161637426825407 0.203402237602365 -0.264586425491324
0.0568348842543297 0.116181769249045 -0.0455391445773074 -0.298872919807883
0.100913501128562 0.0720041987997942 -0.189235308560795 -0.173430437870526
0.132786642266146 0.00830514365553274 -0.194851430689061 -0.0366753110810971
0.133430906995088 -0.0201077870360699 -0.133536940547193 0.0231299000362492
0.145458568468649 -0.005889062961144 -0.106741854629631 0.05705781573684
0.135943601073819 0.0695783616267795 -0.110870187526013 0.0768738150410934
0.0952085358328484 0.127675176450484 -0.144748910086722 0.0911266043894023
-0.00592082520246748 0.21484315195729 -0.211452032142203 0.0189920283801484
-0.137319591051992 0.173957055548788 -0.229822250816027 -0.110140319119757
-0.245315414150832 0.0269213859118634 -0.168440301543705 -0.139820146920934
-0.294772511811593 -0.104616426945134 -0.147580380115648 -0.0841282929853816
-0.294900622253013 -0.140851747591784 0.03602348828205 -0.103750924001702
-0.28857699650555 -0.0273786025462452 0.11622322937973 0.122617409139284
-0.228883316503322 0.162762167901291 0.342996309446394 -0.00711075934440112
-0.073276739341681 0.262294387019103 0.267882034134256 -0.24342642948127
0.0893271065616399 0.185385173400329 0.0027030820851375 -0.287703765316037
0.148380994328803 0.10256484780676 -0.135513802003498 -0.168215834370134
0.187707752883656 0.0141834427663113 -0.140486573164335 -0.0347422312041049
0.181711889538506 -0.0301879498511912 -0.0757637629761678 0.0224473259361039
0.188087906794943 -0.0199913892929728 -0.0424148659643852 0.061023428766341
0.175751842344873 0.0692249207138814 -0.0467578452978692 0.0970002465018164
0.133154054927991 0.146773102522475 -0.0929753599890476 0.138630123460135
0.0134557120569756 0.265100320791567 -0.183388529192993 0.0817873017306758
-0.161593824257875 0.221611544211338 -0.221175363277083 -0.0533778064215455
-0.288322142646883 0.0314887777400966 -0.146606916991757 -0.0947885369739908
-0.334821508318194 -0.143233883011167 -0.0785557297998976 -0.0123967442219209
-0.290836157647732 -0.198163660698234 0.120736536135749 -0.00771251723422749
-0.338393966240349 -0.0908236118841108 0.168567449688641 0.190114668855548
-0.310826311519495 0.153826323659865 0.371576413970579 0.0650645317052706
-0.124602470349173 0.314662661513323 0.314334004500802 -0.18263803181145
0.0957559330024017 0.233269873905508 0.0592081261813778 -0.243661503294508
0.170191409911233 0.122508226902489 -0.061220938122733 -0.143812242592175
0.214023363781636 0.0199131882825554 -0.0694824429970024 -0.0300155299933757
0.203276953939058 -0.0355856150524424 -0.00792763138445648 0.0195770095666647
0.203280348728289 -0.0331884925556403 0.0289619000609111 0.0577317588755913
0.189888062706506 0.0564814232538269 0.0228677861502763 0.106923952587736
0.149458479518744 0.142842040745598 -0.0340617842459067 0.171977153611766
0.0268771779668274 0.274799785453249 -0.143025593013981 0.130910051463791
-0.164863149714397 0.23379038692271 -0.199722231473932 -0.00534998425667129
-0.292371733862871 0.0247184580202051 -0.115293659811218 -0.0640850501676919
-0.326898400196355 -0.168006628099493 -0.00291790292706807 0.0509027364020733
-0.234906946409373 -0.216385994794325 0.188086238737657 0.0967394038755671
-0.318972891323226 -0.141908448259671 0.204031796704853 0.25368216305396
-0.331343868591392 0.107222629758361 0.359543097790301 0.136417809892884
-0.157320530438518 0.300778238942821 0.323074463110819 -0.099145554671014
0.0807588342542992 0.237313365480149 0.10825301960003 -0.172343142328897
0.160468008127564 0.120427727447906 0.0162878136511724 -0.103698973350648
0.204705695705095 0.0203050858241924 0.00768936797856087 -0.0235576831642841
0.193963693375645 -0.0367650591108045 0.0585583819855068 0.0140859644431137
0.190049981927856 -0.0386689848961007 0.0959932610594344 0.0504401163753817
0.178723336285106 0.0406933868059436 0.0875691066201771 0.110550458259436
0.142830266566069 0.124398136568588 0.0204413648012006 0.193169641797758
0.0257458968110351 0.253823066187893 -0.104747142478069 0.16211720464209
-0.159895495107234 0.209586599377362 -0.173648399737855 0.0305147155687526
-0.266281229870327 0.00128453209318128 -0.0824100965761447 -0.0425940982450451
-0.273355561816347 -0.179892528016379 0.065077430906683 0.105135109150921
-0.139332592643642 -0.188867097422277 0.224808130816708 0.184947992789025
-0.23506695761855 -0.15241602043353 0.217967866709143 0.295469736064779
-0.273340406291274 0.0508872672015756 0.313610134690528 0.187831240932851
-0.145808571208722 0.229585652528995 0.29891698472355 -0.0180102086849643
0.0580437924178524 0.189665107509556 0.141690352952516 -0.0950609659575167
0.124486033284394 0.0919990565868638 0.0844970273424247 -0.0599613739744138
0.159799288910556 0.0136992627372842 0.0771186925850254 -0.0176576319594812
0.154946609328711 -0.0336129692850574 0.11485741346401 0.00796919698729052
0.151097749296458 -0.0368623333618065 0.152086674902621 0.043488889054964
0.147847859779411 0.0235999529427337 0.139325853293472 0.113677259355791
0.120492123901283 0.0974152052007825 0.0615262855669682 0.209007698866678
0.0166800033908441 0.210093891019938 -0.0775785507441915 0.183381604179401
-0.14386007956788 0.162043413637883 -0.152824306260545 0.0558251914515545
-0.21647343015069 -0.0287448560952242 -0.054912532714427 -0.0257922311526789
-0.185859398318688 -0.175970651359688 0.117510035531743 0.151091847548828
-0.0197435994222569 -0.123951818732715 0.229684591410326 0.233343624454992
-0.108578690283196 -0.120529319011575 0.215323919392836 0.300526037581748
-0.153733078629973 0.00592106828369275 0.260203451103209 0.206663965288083
-0.0880749684827515 0.124186637862404 0.262053817437792 0.0354534187245852
0.0354643931995587 0.101735080890381 0.163439196849555 -0.0409158063221567
0.0690585150261523 0.0420062124193514 0.131583376981715 -0.031702666416329
0.0881543214591972 0.00112806896375338 0.126484433365096 -0.0176919596731481
0.0919615772417301 -0.0261349641255101 0.151341757510862 0.000417893137925866
0.0922762198420901 -0.0294278645841141 0.190609047656598 0.0366404518835796
0.101505425361104 0.00487806502904121 0.172871580184226 0.11881095515781
0.0878082704667758 0.0629844958494541 0.0858310660730992 0.224575919167204
0.0084615732928647 0.14776367419236 -0.0678151372258461 0.201401294796444
-0.111816496289803 0.0992395707624058 -0.14745506875909 0.0764286474187481
-0.143301539645629 -0.0545067834855508 -0.0404559245396879 -0.0147182222936833
-0.0744542510892269 -0.150077230521035 0.146049590417774 0.18665484279033
-0.0294862500685474 0.0793199276054013 -0.239477859074829 -0.155062274232691
0.0572792423287676 0.0257624622474349 -0.0182164200280163 0.0428810640806822
0.053443611541423 -0.0395515277290893 0.164878184410605 -0.105672389786957
-0.0221222728545667 -0.0551651543344136 0.0573629212868376 -0.249266062845212
-0.0404630489515133 -0.00522062585752442 -0.142919043949214 -0.243777953433212
-0.0191175316160039 0.0209429211277414 -0.251551098769823 -0.101041985908397
-0.0174432062469661 0.0133182150818004 -0.231285763947124 0.0129799199627334
-0.0120262328127417 0.00760989500905496 -0.179018085277553 0.056869172391262
-0.00101134346442338 0.00234835359314747 -0.158650038446205 0.0707114299921044
0.00626962965866805 -0.00136980868968627 -0.164349438777785 0.0746362784738284
0.00777366191118361 -0.00929779927782861 -0.183845146648626 0.0563912932515894
0.0342974794566757 0.000284401176220367 -0.248528211411869 -0.022602292888903
0.0443719015895354 0.0379265958229215 -0.278642966382694 -0.141321654652869
-0.0236687878084748 0.0761601708690522 -0.232819901894217 -0.21047560313676
-0.0889526198332912 0.067038502865139 -0.261429209991391 -0.164989456628452
-0.14806913529675 0.0457143103281135 -0.18698684577494 -0.180373413321746
-0.0518107725829922 0.0552021516267946 0.0126081637110247 0.0364959301869216
-0.00464696468417266 0.0543419376960406 0.200613897974799 -0.124915736221293
-0.0012476266606496 0.0447060682662918 0.0798828977219872 -0.28283288180876
0.0184226617665035 0.0404558728927809 -0.142270260471187 -0.261696754845116
0.0469261801061142 0.0315706429373231 -0.251112510434708 -0.108631620728772
0.0563374990478595 -0.0091072207772835 -0.224290914455324 0.0192954345340604
0.0593931079679453 -0.0222074390242808 -0.162434812691218 0.0600658894611869
0.075508956518087 -0.0155069026375123 -0.138640135859343 0.0808091507915867
0.0832039384294846 0.0272473749161218 -0.143103930641929 0.0898976496019756
0.0608158228991111 0.0603422218806991 -0.165301033055317 0.0848629419920166
0.0221600417976594 0.116986531058698 -0.235207913281328 0.012717586894356
-0.0459131479658181 0.116265454054451 -0.271087778135787 -0.108516874381373
-0.146419360126143 0.0681548083928769 -0.218084827628837 -0.157909556780896
-0.216899495279905 0.00763578178197446 -0.22103802575506 -0.117265017243171
-0.246629976892597 -0.00720067293766088 -0.102407232507188 -0.173840655130073
-0.171872857014273 0.062610093392193 0.0667440659088776 0.0502099700067919
-0.0840193281281158 0.142908625742953 0.256834454857859 -0.124071303097641
0.00857489166939497 0.1570781509131 0.126151577091077 -0.307160535843818
0.0785557351856289 0.0958446999188229 -0.117328115603011 -0.275605971953639
0.112186083094432 0.0470627142818464 -0.224234719406052 -0.119117813423289
0.125844465522814 -0.0245499757960772 -0.192574478712964 0.0180144467061204
0.121770697681295 -0.048940757819393 -0.123513537625825 0.0534240215251239
0.136486033711313 -0.0385829083120042 -0.0915168465722479 0.0808969861031615
0.145509803505376 0.035902010815664 -0.0934951000785934 0.1050342480251
0.114964855208542 0.100641710333931 -0.121148577457793 0.127350259770484
0.0414408530543227 0.204227157215036 -0.209732572075005 0.0703552365902684
-0.0928093875948977 0.192823753784091 -0.26259748482919 -0.0576064034501839
-0.23176937472934 0.081452416672093 -0.194089900593393 -0.107007954270493
-0.312136930948756 -0.0340262911855501 -0.150254398345575 -0.057340548786126
-0.306906800211468 -0.0675150543184732 0.00363365286768821 -0.130585741145748
-0.278871025502948 0.0407156012597755 0.137276113442264 0.0844394333441916
-0.174838376863132 0.205117344669537 0.316392353419817 -0.0953698988947437
-0.00254089618785136 0.260022620204058 0.185305840999996 -0.299561235809549
0.125257225302082 0.153377342796151 -0.068941039174751 -0.27104426977005
0.163983765770734 0.0648163800175541 -0.1696907548138 -0.123625099428108
0.179043389513228 -0.0330762408372654 -0.138014268222305 0.0116929575362471
0.165844518771447 -0.0695717229545018 -0.0672634375441841 0.0397981213041567
0.17376239264237 -0.061560456777775 -0.0288036653543474 0.0694626884942088
0.183153027070093 0.0269869481276326 -0.0256026039832012 0.110393996048782
0.155694827512205 0.111027873736634 -0.0580941540004839 0.161901327471884
0.0723941869779683 0.24849572293991 -0.166307389468917 0.126245252370719
-0.104135399912402 0.244298735344918 -0.24168930949072 -0.00397096570796287
-0.272286403774405 0.0964456801510483 -0.159875113096652 -0.068567985848829
-0.359972569032003 -0.0612537515715852 -0.0619525029667283 -0.00136807955956747
-0.315668472799713 -0.121265700601107 0.11525426719884 -0.0556796680046097
-0.340454625542455 -0.00772321430384359 0.206535207074851 0.136403706054352
-0.253222719746457 0.217278411997883 0.357290447834689 -0.0361768755867563
-0.0358021235307313 0.321864996992089 0.239181913258283 -0.252805667888281
0.143166694364342 0.196384519084193 -0.00477360325951506 -0.238181754621843
0.188933915864187 0.0780528650814975 -0.0923334642311351 -0.115170670365408
0.205058900494646 -0.0347366258454263 -0.0674033370918968 0.00180499645730975
0.185136079100385 -0.0798533484067668 -0.00242633013570672 0.0212542424296573
0.18504642186089 -0.0767139730081986 0.0401251962493152 0.0496023694125133
0.193809583226545 0.0126055464324672 0.0463005965610541 0.103614907552404
0.170264192513643 0.103930229538129 0.00915275994509185 0.180499818259877
0.0875278331570426 0.255012898840365 -0.114716420645113 0.164587112525918
-0.104023745987516 0.255881167202843 -0.209346273734913 0.03826700653839
-0.276875660358413 0.0912271004808826 -0.120279809462343 -0.045307710995935
-0.356464977778529 -0.0845960857859002 0.0290258524919702 0.0458554746365223
-0.268334963179708 -0.14939728516446 0.211095809653856 0.0357168098625708
-0.332794379930607 -0.0595053608192407 0.259346185382158 0.190877201077328
-0.281589215222515 0.178504000537108 0.362978352950418 0.0349492182258169
-0.0691193164364582 0.316875535855721 0.267305283113851 -0.173670421885048
0.130364667450118 0.203031267792657 0.0592775664994129 -0.178923040540892
0.178894958730226 0.0777072085480961 -0.00719619949027465 -0.0937805507882181
0.196168284011108 -0.0320718108428301 0.00862355840490233 -0.0092938623905633
0.175722372042594 -0.0794073020584091 0.061465720055243 0.00125977206210429
0.171389826550472 -0.0787149496911159 0.104361525983245 0.0265583170308788
0.179507088753913 -0.000855590106749587 0.110888259244774 0.0909714260404867
0.160249500255341 0.0884176411547165 0.0685546791051485 0.187677839260541
0.0809327013282439 0.234873334963201 -0.0683034633604568 0.186679966216986
-0.103616652333262 0.232640407038368 -0.174026223720957 0.0668236911514381
-0.256358295966835 0.0639498551565293 -0.0828813207400583 -0.0304022804607961
-0.30698775694768 -0.10662480181043 0.106990444147408 0.0866631184794847
-0.173202524582747 -0.144352413834033 0.27324926029916 0.121474847809288
-0.255732725760286 -0.0889672765349059 0.285979780298663 0.232482214680319
-0.240658904694959 0.112235142879205 0.336879224855621 0.0978535357631637
-0.0754381408294681 0.247375542623612 0.267187897583221 -0.0892195016431973
0.0980994184774606 0.162649651699644 0.111304487226607 -0.113846936084467
0.137723259771412 0.0582649548945093 0.0693724829021889 -0.0694678156352692
0.152717524060449 -0.0273777580330195 0.0761700328129945 -0.022291399562794
0.139544825914291 -0.0678774284086715 0.114548592534193 -0.0173063977846193
0.135280745803343 -0.0684991873907121 0.158167173472756 0.00603582923411052
0.146405026812409 -0.0097085918290104 0.163667321624743 0.0812171086863628
0.133390013398203 0.0682005882098817 0.113140344983392 0.193273198264295
0.0622886634386013 0.196086420912234 -0.034947476738884 0.200465292849867
-0.0990937556978222 0.183543970191499 -0.145267948827788 0.0884075242820652
-0.215323268156091 0.0228190725178711 -0.0529215497757566 -0.0172141053638251
-0.220924582208012 -0.121802171832346 0.165451623928803 0.123918244228461
-0.0466849046353578 -0.108539304892269 0.293079906856352 0.177331934930772
-0.129146445816495 -0.0881498262579166 0.288525331343502 0.243780404147008
-0.140086359675867 0.0417268156796241 0.298838998160832 0.134745327444118
-0.0484378164981638 0.134435978619059 0.253569291663568 -0.0267139550991096
0.0563798260098591 0.0844848846867056 0.147963299366124 -0.0706782648273609
0.0735998715165118 0.0229128284890373 0.122841322712692 -0.0574102105685655
0.0824133117159596 -0.0215753632949774 0.122958007204702 -0.0385190800938912
0.0808553622281299 -0.046142735401857 0.148459888338026 -0.0334547271081702
0.0811933272217814 -0.0483303286428479 0.194993776568774 -0.00884385123065695
0.0973533552441399 -0.0165540580977996 0.198798168757527 0.0783040976046119
0.0947907689180312 0.0427298043694241 0.140856621266899 0.202751371820593
0.0394640491923364 0.138309534736775 -0.0197131453093369 0.216470104798752
-0.082991811739647 0.116773856897673 -0.132195431446095 0.109109886014535
-0.150011467322166 -0.0187865302323307 -0.0381066741290891 -0.00662137311952652
-0.106434225424905 -0.122806212511366 0.19693332661274 0.154743589450118
-0.0255695884619395 0.0828135321893191 -0.251725573748906 -0.144637270783459
0.0583331857866955 0.0236489881494446 -0.0155054044562744 0.0446117012999397
0.0515029320804559 -0.0420981657204506 0.159949995304213 -0.118743694300885
-0.0249819741150596 -0.0530934645252365 0.04280265557756 -0.255575092872438
-0.040006080684012 -0.00291015097448707 -0.159086831745696 -0.238630970143704
-0.0162862082374189 0.0213809001465522 -0.259668304879439 -0.0868227276800237
-0.0151484827738087 0.0147123627211075 -0.232742244508806 0.0276351068864754
-0.0106145101635324 0.00817538302397998 -0.178711784969392 0.0686161663846355
0.000502036802234501 0.00134369236928397 -0.156879098091616 0.0812405346951679
0.00758390614377702 -0.00175951042379388 -0.161761075214761 0.0853913145242778
0.00742199173450814 -0.00848849313041769 -0.183472730240208 0.0672165692399457
0.03410366195309 -0.00140920727017582 -0.254558460231125 -0.00651749548836383
0.0450913184270155 0.0348947655573277 -0.28938779187171 -0.126431007392583
-0.0210045178358622 0.078857374084003 -0.247229284894754 -0.203565218510916
-0.0856604715586389 0.0719228460114187 -0.277143294637232 -0.157114340195699
-0.147584785053106 0.0552206963033505 -0.200044797622754 -0.172793868833539
-0.0507237575547552 0.059756536876002 0.0156612356154075 0.0361546293235604
-0.00144765114339379 0.0565511103565801 0.194958020482965 -0.140292142539145
0.00273024028257161 0.0472287124292778 0.0634162810416691 -0.292613159573674
0.0225931282922941 0.0403329837968695 -0.15870469237319 -0.256997867916758
0.0515371218692365 0.0283690201465256 -0.259550015778148 -0.0953831773878042
0.0581324917281447 -0.0125909893336049 -0.224632912031688 0.0320238875865593
0.0590113896672109 -0.0271066463678406 -0.161238078904277 0.0699597693374434
0.0766156240051101 -0.0214356344789359 -0.135088915594065 0.089511852138206
0.0874240652008354 0.0226682755594142 -0.138410289292524 0.0993306349940173
0.0658448735926107 0.0591875051349863 -0.162407297434651 0.0956399095010231
0.0301275691908893 0.118480466861742 -0.239072857812897 0.027740871973283
-0.0420930699611227 0.120611713671183 -0.2804585150551 -0.092935434326005
-0.146990296302973 0.0774127113989025 -0.231274535706915 -0.150595677194224
-0.21940015260555 0.0191917062603986 -0.233337936217506 -0.11115886960947
-0.250313628271304 0.00666774296358287 -0.113566719168158 -0.170768933885029
-0.172762349265347 0.0731153698634354 0.0710000888397861 0.0471591910220265
-0.0762997732511864 0.151892654126231 0.251833700059427 -0.1428898364867
0.0199792665556407 0.160412278257629 0.108467608583094 -0.319509694958957
0.0871492118561224 0.0932602092079497 -0.134356383464007 -0.273792335865983
0.118718233365355 0.0404536825423573 -0.233836888283089 -0.107373570999883
0.126592469486473 -0.0330970945355945 -0.19182403077166 0.0282477332586693
0.119701647630688 -0.0586218489063281 -0.121531190724402 0.0609726450524107
0.136747937838727 -0.0485962505114285 -0.087126387330365 0.0866339655990517
0.151465638209919 0.0272083033803449 -0.0868039073219898 0.111943216171263
0.124099683996196 0.0968244739743974 -0.114166632469945 0.135414293092004
0.0562563906649853 0.205055995021812 -0.209773343738515 0.0842648875259087
-0.084931000770625 0.201374021424678 -0.270274952719372 -0.0410104470129509
-0.23244514447692 0.0950865822153976 -0.204151744520034 -0.0993930915460227
-0.318643522169404 -0.0171878257136114 -0.157954399131455 -0.0534411671718038
-0.31536218950799 -0.0516589981454671 -0.00308461357258188 -0.131962595234059
-0.282584176795645 0.056635867117684 0.143750418479556 0.0788322992986497
-0.165662407182019 0.219836791911145 0.313689852607993 -0.117053839810607
0.0143689459918404 0.265846062899712 0.168694929249721 -0.315983333289591
0.137543350884785 0.149190716197787 -0.0851873941280746 -0.272324092218809
0.171661911276767 0.0548564140467005 -0.178545606987566 -0.114263941755191
0.180192467576067 -0.0446190831632414 -0.13631500276612 0.0179808279005524
0.162309718660025 -0.0824972706464271 -0.0648199069299321 0.0438068449858267
0.172831871061849 -0.0741022814751051 -0.0231759365982416 0.070881942804453
0.188761484148617 0.0159843500541491 -0.0176150226704871 0.113119974709941
0.165491390325826 0.104275569150283 -0.0475783267381406 0.167761870501689
0.0900140473093893 0.248096830789936 -0.161494976622828 0.139060689187376
-0.0925544722734983 0.254357377176605 -0.246543266423373 0.0127411191899602
-0.271939643553469 0.113606865262443 -0.167479299779723 -0.0619489500413495
-0.368619092045323 -0.0410890875890982 -0.0645779659518378 -0.000595655831118663
-0.328040548314122 -0.105066022491686 0.114633090125558 -0.0613022609655004
-0.348007022639599 0.0116329956579652 0.216638295451362 0.126866442076115
-0.244421707498817 0.236842687376466 0.359269332192103 -0.0590464022227359
-0.0157767601901037 0.330147794925042 0.225736220137442 -0.270035619008872
0.157875143232714 0.19171772289186 -0.0185766401317331 -0.241674355806541
0.197449250760943 0.0678305633372378 -0.10086680840075 -0.110909071806566
0.205312644374969 -0.0484018175504121 -0.0656085789632079 0.00425413751168835
0.180963358243535 -0.0938891962359829 0.000386628196134715 0.021300941430254
0.182680015103226 -0.0898859302771976 0.0447229587015601 0.0463919160023795
0.197666037868881 0.000796926210251895 0.0550977569005271 0.102141581323156
0.179810598580217 0.0957829420201325 0.0223725491047034 0.182128598114102
0.105892494890163 0.25360448751988 -0.105634272094025 0.175320819124623
-0.0905085621487492 0.266351231252565 -0.210959671140563 0.053598524879687
-0.277200938994705 0.108951809058159 -0.126935205274729 -0.03958582901245
-0.367033268843479 -0.0642356971995019 0.0306457949272269 0.0433057528769653
-0.281442545625875 -0.135839473059942 0.216885788735271 0.0273424936593153
-0.343422078064749 -0.040298099751946 0.273525534736514 0.179492708441608
-0.276004285080204 0.199177224023936 0.369766552363674 0.0126689152817653
-0.0497814837426043 0.326304532145864 0.257768815625357 -0.19118031197083
0.144301454263023 0.198632443765513 0.0497034433561525 -0.184360365329891
0.186593118439386 0.0686490006377461 -0.0134476055348897 -0.0938190029495515
0.196068648235175 -0.0445038581155896 0.0107502835845792 -0.0111770651670347
0.171102775441482 -0.0928295961163736 0.0635892563163542 -0.0025929539991699
0.168025776236986 -0.0908400103128053 0.10723915409463 0.0201044685543028
0.18165937938965 -0.0114831707843151 0.119187353805213 0.0849967936500814
0.16803878789358 0.080059719453672 0.0826114168884147 0.1853877558068
0.0981376581600944 0.232687661831863 -0.0579581041868039 0.193937498287669
-0.0913385314373137 0.24168451670879 -0.173452349569592 0.0813753755096581
-0.257289043498565 0.0787938481246587 -0.0883307316855598 -0.0256904277500076
-0.317886306451915 -0.08918601654973 0.112824139954254 0.0809391573003319
-0.185104477161405 -0.134345153928205 0.28596589322604 0.111270776652367
-0.265802655405543 -0.0739584338390035 0.30356865599577 0.219526452248197
-0.237970575941647 0.128966906455497 0.346755979292344 0.0787012682301812
-0.0604705573222269 0.255384254600658 0.263012943665229 -0.104606870162295
0.108790855655177 0.159632303852933 0.105773959606758 -0.121363009844621
0.142704158543814 0.0515056927985765 0.0657430227382934 -0.0740941652725779
0.152275315368483 -0.0369528414806993 0.0777398789905414 -0.0276794622066805
0.135124260816231 -0.0783616532069074 0.116341680107042 -0.024359596512872
0.132106955522718 -0.0776598612124877 0.160545889431702 -0.0035124584844823
0.147025904609875 -0.0186376902275365 0.170850880055166 0.0727639149028837
0.138840294639679 0.0609086512277523 0.127476244352153 0.188612429608063
0.0762352756938315 0.192980206809576 -0.0231987843151137 0.206811455512378
-0.0887986118655997 0.191331159242311 -0.143393010619374 0.101163564646819
-0.216223470451345 0.0351582259887293 -0.057407845492684 -0.0137409803264652
-0.230808121731388 -0.108996146240261 0.175298924750208 0.115992655149555
-0.0548840245259917 -0.10525535162077 0.309494183488096 0.16717330756638
-0.13672251923891 -0.079434609309817 0.307037466336528 0.231922666664116
-0.139399092875791 0.0510721807332032 0.309736342446653 0.119680403331225
-0.0403983406349606 0.138653683046576 0.252745447957375 -0.0406942487373099
0.061093307554869 0.0820567461516062 0.145995903463104 -0.0790633822525522
0.0746152726731433 0.0196789725505514 0.120964894659584 -0.0647251048133283
0.0812792319060847 -0.0259515646695242 0.123498458914636 -0.0462743475374533
0.0776357982793738 -0.0524159677318876 0.149778117100999 -0.0422710169175593
0.0784565641468077 -0.0537155242602401 0.196276268174132 -0.0211972472069345
0.096740320494151 -0.0227328794165045 0.206143531716489 0.0676750249328974
0.0977388766841222 0.0373906037447154 0.156203081145622 0.197188152355552
0.049220217493686 0.135781659686698 -0.0067785039922978 0.221789428381676
-0.0761871789774955 0.121997613060937 -0.128670009848125 0.120414566387025
-0.152405603446526 -0.0111111672629945 -0.0413112379240788 -0.00362157464614346
-0.114728826430718 -0.116659034350522 0.208487459365148 0.145578926019822
-0.0183447927194127 0.0868924047250915 -0.268119865780614 -0.126056034477044
0.0599543357532741 0.0205294298152775 -0.011399844113235 0.0467187624233011
0.0490162806560338 -0.0467287303903526 0.149486447146166 -0.135191045866061
-0.0291199603846176 -0.0500693365639412 0.0206482697885178 -0.263522158751747
-0.039391945335032 0.000122020771331069 -0.181539172034794 -0.228584134817151
-0.0124580012725888 0.0217072314411403 -0.269845887123602 -0.0650281868558311
-0.0122443252354958 0.0159156075154099 -0.233329097352876 0.0484312945067523
-0.00928856722078989 0.00889546165913896 -0.1754745181933 0.0858823227262596
0.00158043849972317 0.000557841573439582 -0.152061174434106 0.095660706063823
0.00860418831959144 -0.00263681115568947 -0.156031584503655 0.100652051902398
0.00720094029909122 -0.00800495486149001 -0.180411023785677 0.0836103017595159
0.0336635098938853 -0.00350410395296874 -0.258470424373969 0.0172501637106086
0.045706992914443 0.0314876288171689 -0.302812578057116 -0.102899637548211
-0.0157266108738378 0.0821180469519787 -0.26840460866216 -0.189081706927893
-0.0804798352424835 0.0798416223634672 -0.297715495762535 -0.139717616698814
-0.144242350830207 0.0685316442986336 -0.218119320450535 -0.159340829307867
-0.0474447518084902 0.065641610881382 0.0187972555859425 0.0353062169229648
0.00400220046374334 0.0580817898908031 0.183146170232035 -0.160157974905927
0.00846866146139796 0.0495011724360884 0.0380774312054664 -0.302779533054018
0.0282633961085403 0.0388286843647536 -0.183782101731726 -0.24816611356685
0.0567740134437745 0.023013105043732 -0.270528885228603 -0.0734640437921774
0.0589281396500323 -0.0186196107545523 -0.223217430565838 0.0512882335861649
0.0576614971301997 -0.0335566271167939 -0.157231221791102 0.0845500173191916
0.0766058401154075 -0.0300810369405002 -0.128682691959637 0.101962363831154
0.0924719588131615 0.015163817322064 -0.130147753709448 0.112992040697512
0.073204865696719 0.0558641954087751 -0.155844108407517 0.110129891254689
0.041507750338438 0.118324195388424 -0.240891543181123 0.0505775122786511
-0.0351160511571685 0.126727463989714 -0.29262092438378 -0.0685037253393008
-0.143896339641368 0.0914986372066556 -0.247945489424288 -0.136854898331213
-0.221059273549961 0.0380030349887029 -0.248780265871673 -0.0969435297078065
-0.25305166235656 0.0277161486920384 -0.129751298045401 -0.164284078540236
-0.169933184966161 0.0890905962062655 0.0755710143719774 0.0421818745182814
-0.0641239727323523 0.16176581327653 0.240523165259129 -0.167932070194676
0.035878924440208 0.162958401974084 0.0806064196958581 -0.333605951939437
0.0980304959587086 0.0874219803566363 -0.160255041059247 -0.267325183707944
0.125732543101811 0.0293204992371856 -0.245971456187654 -0.0878969094726451
0.126727299963318 -0.044971330446431 -0.190728097976173 0.0431274426792517
0.115641298235798 -0.0712632872596535 -0.117249458204563 0.0721128031133708
0.13512316668589 -0.0624793668014385 -0.0800630366329969 0.0938397955397773
0.157915615018027 0.0143703106374143 -0.0764463719706219 0.120620487388204
0.135570715284648 0.0879095557787917 -0.103315356646269 0.147593484320307
0.0764836817913843 0.203982082117506 -0.205587060606349 0.106433911856482
-0.070400682241481 0.212600284491576 -0.277967227388008 -0.0166301585049848
-0.229820839544239 0.116162964277339 -0.217253955171202 -0.085615889736846
-0.324278465261203 0.0100982146165904 -0.167083462944541 -0.0443105652447223
-0.324312154576965 -0.0265753415892652 -0.0142036368077957 -0.133329497855298
-0.283536429161524 0.080973137666302 0.151600957557391 0.0678798573491871
-0.148843471593574 0.239685370331937 0.30621592793423 -0.146474618013903
0.0395115182177348 0.269907227274272 0.14166720240364 -0.334339399057654
0.154162315196045 0.140046526222745 -0.110727507718454 -0.269173452762191
0.180629771205959 0.0403910753420627 -0.191121278674888 -0.0995038748795605
0.178803438033189 -0.0615989146174819 -0.135054755402686 0.0276875193532969
0.156478464449874 -0.0991003459630143 -0.0612208293139386 0.048980991503986
0.168572161798293 -0.0919059399621697 -0.0171808316698783 0.0726360633994785
0.194717156039391 -0.000380810174540429 -0.00597531839945404 0.115835648595552
0.178567882994392 0.0918820360711341 -0.0318812992252696 0.173265941171918
0.115929136731067 0.243873842333383 -0.152120562997991 0.156652926631732
-0.0727613972106069 0.266892043319371 -0.248853098035615 0.0367685461327142
-0.268091459618857 0.137819509840596 -0.177779560235039 -0.0499513190435959
-0.378230263261055 -0.00958227166100614 -0.0674892283538892 0.00243421637696214
-0.342356624170625 -0.0787455541402662 0.111931169835279 -0.0708956353043046
-0.353776962015877 0.0420429148062171 0.229893100867711 0.110428095538888
-0.227542353989911 0.262853703148883 0.356607668564797 -0.0917842882355195
0.0147806712767107 0.337159642489047 0.202788439550477 -0.292326796074153
0.1774387805486 0.181724596594867 -0.0398687063480565 -0.243640201559236
0.2067993074245 0.0518960619135765 -0.111674616895229 -0.102391088622092
0.204048167255921 -0.0662821466714314 -0.063554707833616 0.00766508712187987
0.173517218529607 -0.112564993741663 0.00326735756771562 0.020526313483501
0.176848992287468 -0.108749587549012 0.049746084027542 0.04189625918734
0.201877795992062 -0.0166449354926676 0.065900519051202 0.0977890556735014
0.191824990988 0.081703666262381 0.0402702997880229 0.182015319665925
0.131636584583149 0.24730220895195 -0.0919076223498834 0.189052774985653
-0.0689782932189426 0.279001967509819 -0.209750399381092 0.0756707493830862
-0.273047555070185 0.133313457922043 -0.134201374689244 -0.0289879718930774
-0.377632179230353 -0.0328212852037668 0.0337841433303675 0.0395207483296069
-0.298345233657129 -0.112651252260638 0.223725486830196 0.0115387093599165
-0.353648067284169 -0.0109134734669018 0.292267097507418 0.159164430322119
-0.261954626867031 0.226887117423017 0.374084848232825 -0.0195108110866808
-0.0210779627825651 0.335131661572977 0.242744705062758 -0.214646054799813
0.16407561209411 0.189869622257842 0.0338391442026236 -0.190634032986184
0.19507130302423 0.0535561842906581 -0.0214158173585722 -0.0929427831271847
0.19434162255837 -0.062284211246696 0.0119367316599131 -0.0140420103314331
0.163042249798372 -0.11017598427389 0.065749310337209 -0.00832970904340874
0.161298879202829 -0.107941619265479 0.110837059799685 0.00984947101625035
0.183800739960099 -0.0274565581360329 0.129263845332714 0.0752245456419449
0.178068822896563 0.0670364137364541 0.10166962222562 0.179566215148625
0.121255829259902 0.226695188509091 -0.0407593486992221 0.203471114808732
-0.0710283743185784 0.25301413610999 -0.169186825656179 0.100561418619958
-0.253814565679 0.100850596609281 -0.0944107063604183 -0.0177176252547879
-0.329686733243111 -0.0617042623326844 0.121198383855679 0.0719906622663143
-0.200205217300192 -0.118751754211939 0.301227824368954 0.091817807411264
-0.276447859417533 -0.0509782409079398 0.325636409281897 0.197046182041497
-0.22897435573106 0.152703862837181 0.356755416293706 0.0500291190014817
-0.0385061952508797 0.264260186780533 0.255378194076993 -0.126719277600585
0.123427800650752 0.152815424414172 0.0970337593911342 -0.130668063148011
0.148711913929808 0.0406463097578477 0.0604816971078985 -0.0796746299330982
0.149908363993289 -0.050730808569814 0.0784180772220936 -0.0362385515707736
0.127964699349992 -0.0916671116802875 0.117508260015431 -0.0354372408139137
0.126061190189727 -0.0905496689896587 0.162439609473648 -0.0183924487700554
0.146546770778413 -0.0318499576304931 0.179893690333903 0.0584493734761712
0.145605836381098 0.0499774093846334 0.147491414498745 0.17909964878656
0.0945544302271902 0.187604789728277 -0.00487661926345292 0.212802231662026
-0.0731882587844465 0.200665900854122 -0.136757698229059 0.117418502070311
-0.215912890433347 0.0533694719521191 -0.0615905201325574 -0.00784563026216268
-0.242457271511475 -0.0895757098957673 0.187400029314448 0.102664239277946
-0.0653498835727098 -0.0994756490114787 0.33082002104769 0.147934426027481
-0.145108811012945 -0.0666751282923771 0.33109770325582 0.209605675295496
-0.135930115430891 0.0647780025903379 0.324050332866373 0.0949407551391705
-0.0288215738210425 0.143563996221753 0.251709969794768 -0.0607825148716422
0.0680165158292298 0.0782892365131993 0.140940978170694 -0.0910197784437197
0.076299154822308 0.0144675093052701 0.117421201862204 -0.0752758548810401
0.0791653556021799 -0.0331597788274953 0.122925184945796 -0.058377518043643
0.0721857454971051 -0.0603335727854157 0.149960664025556 -0.0553352582762337
0.0738018173528166 -0.0608588657784442 0.196684218687042 -0.0387927904740769
0.0947717792967343 -0.0312229142345483 0.21416495368943 0.0513393196304014
0.101333014454657 0.0295448128170444 0.176887497200202 0.185069499161485
0.0615987539971324 0.131515402678523 0.012123816913572 0.226306848547689
-0.0662882816608386 0.128769715620725 -0.120802376991606 0.135099392930425
-0.154642814093244 0.00131035212553719 -0.0442653577913922 0.000893498912941163
-0.126215342992839 -0.106599803689137 0.224843824759206 0.13005990284101
-0.00800349244510919 0.0880836537680254 -0.277473249174244 -0.0973858664765622
0.0607084899543605 0.0153926228255544 -0.0066816802224705 0.0476590784202404
0.0435091249499192 -0.0512026108187311 0.132454884198186 -0.14919585354569
-0.0327750347887504 -0.0453854210980024 -0.00739237812689735 -0.262996216690603
-0.0377661830283675 0.00368870423888411 -0.203579679615085 -0.206780092104985
-0.00852406847370737 0.0214157610165751 -0.271680186147795 -0.0352254006389522
-0.00914722482100862 0.0157485783548696 -0.22450958679 0.0727296051046956
-0.00736977504643698 0.00918111356368059 -0.163970637483745 0.103133202951455
0.00251592318153831 -0.000430811434611444 -0.139601889763237 0.110446947784096
0.00919348380495814 -0.00365817217686182 -0.142617967592237 0.115385618676415
0.00729889911853735 -0.007611029430953 -0.169725021238498 0.100884549175819
0.0320379629777438 -0.00646538513352975 -0.253026753905394 0.0453383233502349
0.0457341658651957 0.0266103655063102 -0.308543952921999 -0.0694569233689426
-0.00819751842785147 0.0833231497130737 -0.284517196521837 -0.16208052315578
-0.0702887262181187 0.0865301738282703 -0.31090114435643 -0.110534403240848
-0.13462642079908 0.0821939936223105 -0.23225584814976 -0.135293337338521
-0.0410477398596203 0.069759843440081 0.0215111615229224 0.0339634555760471
0.0104767614274398 0.0570655924266071 0.161892624101891 -0.17710283831076
0.0151106657867999 0.0490670334358581 0.00523375887152076 -0.3024073251238
0.0335114219174305 0.0354803728922552 -0.207534499316099 -0.225716546286882
0.0600892933139574 0.0152540905449419 -0.274097625258941 -0.0433859167082768
0.0577418269393767 -0.0253851598893377 -0.214729280834799 0.073546544438501
0.0532059080007507 -0.0402853408390345 -0.146025065896689 0.0999673064209774
0.0733686818104555 -0.0391419486896052 -0.115630090202173 0.112985455829937
0.0939068751891582 0.00431347407096934 -0.115269803191145 0.124718095106345
0.0793360826400109 0.0480846328516882 -0.141547093126843 0.124705227414935
0.0539386035796121 0.112719266749763 -0.23168056482279 0.0775195700584337
-0.0236220560263889 0.129847622874402 -0.295043654894966 -0.0366135803818741
-0.134324407907772 0.104785610409297 -0.260150476975559 -0.111633705439122
-0.212993886505887 0.0600258890049792 -0.259495954159573 -0.0731465608257301
-0.246492643768365 0.053755512236394 -0.145301900734877 -0.149653504749997
-0.159459855723299 0.105014388837593 0.0778391577560737 0.0340904112094276
-0.0455721769562908 0.166581118799343 0.217628305507005 -0.190716797813471
0.0538601679636465 0.15849013746639 0.0432603872644031 -0.33732124847344
0.107403959635287 0.0763978437322684 -0.186756103686985 -0.246915501276788
0.12869739873976 0.0145523244338091 -0.25072038952893 -0.0601844071551526
0.121107845476959 -0.058170229110542 -0.182362789463436 0.0608529432505773
0.105563504230053 -0.0835393130131208 -0.107909725527875 0.0823061746540178
0.126450548415689 -0.0779337658090072 -0.0682467494952608 0.0999120966292325
0.158776953748471 -0.00339322114978493 -0.0608744556579348 0.126461820580559
0.144598068936993 0.0730142807390671 -0.0856287401640274 0.155569484035922
0.0980121008355738 0.193558437639019 -0.191889998347848 0.128497409181825
-0.0487842081655111 0.219534423693219 -0.275421037647392 0.0135786880145392
-0.215722819398491 0.138828232997228 -0.225065543660501 -0.064324730607152
-0.318104096073003 0.0431441651807939 -0.172727579702986 -0.0291132930704374
-0.323039757744155 0.00753739695778843 -0.0276858120047715 -0.130164552667671
-0.27282406569471 0.109464755287497 0.155334503999565 0.0512564865872646
-0.121221370658468 0.252509031958462 0.28350073667768 -0.176868270868112
0.0694694275796836 0.263432014311783 0.103129251862322 -0.344174315087747
0.167943624428485 0.122733800924754 -0.138052883596733 -0.253752595506068
0.18376386164433 0.0200764634046222 -0.198571302715692 -0.0771205777305897
0.170441846457686 -0.0800578785277022 -0.128378722371164 0.0390693965633611
0.141712385457497 -0.115258712234098 -0.0544372096338519 0.0537647038955132
0.156076709945828 -0.109523176274736 -0.0085639645825863 0.0717723640381435
0.193740725178791 -0.0217261638126941 0.00757702012288203 0.11362087756921
0.187557694454762 0.0719693141166585 -0.0119902410466784 0.173410998999836
0.141937561174862 0.227832830581642 -0.133408781143566 0.172968846848513
-0.0445134634516648 0.272623884336104 -0.241758163220178 0.0641094755828484
-0.251564979715214 0.164736427047974 -0.182468547748253 -0.0312629398557757
-0.373162579638806 0.0306863095192057 -0.0681539313634578 0.00722591843036926
-0.346183407406794 -0.042314238357586 0.103104425696019 -0.0800933782041366
-0.345107468768818 0.0778922997400007 0.236225112119303 0.0858700147519115
-0.195594146653371 0.284089973631038 0.339214302002266 -0.127793392019441
0.0515033336104468 0.332300309534047 0.167875023331545 -0.307536536280443
0.195537091284651 0.161261050833215 -0.0650464875393324 -0.234764774140193
0.210168990426141 0.029185352051639 -0.120123118182621 -0.0876305006593685
0.194069879854231 -0.0873527005810373 -0.0603183316516024 0.0120832787026299
0.156556765145425 -0.130202211099908 0.00596324990057087 0.0189845258727609
0.161743725810812 -0.126938024628626 0.0537938810683983 0.0351805240422663
0.198487873144169 -0.0381434741362688 0.0763698940552288 0.0882446305857614
0.198297846244523 0.0610450278361702 0.0598940362572478 0.174097656081632
0.157713200807251 0.229211006641936 -0.0703965720831323 0.197626178299201
-0.038079366832738 0.283339201508258 -0.198979431689925 0.0988016242251073
-0.256610968357284 0.15991288359082 -0.137451814691087 -0.014370455436872
-0.374862336693354 0.00844102747134034 0.0360847064575442 0.0339057917195532
-0.305865202396957 -0.0797942115736507 0.222911778701703 -0.0100777933396638
-0.349445238012996 0.0263789690850673 0.302575272793475 0.126553943896153
-0.232973385364664 0.252969868742832 0.364141991021414 -0.057537218962353
0.0152764232338937 0.333992620392246 0.214764836145078 -0.234835644753991
0.182395748312842 0.170532487720889 0.0139259152119873 -0.190507901879526
0.199189957307773 0.0335162612354472 -0.0301961605756452 -0.0880608714792027
0.184540552736074 -0.0819041103081757 0.0121139781951546 -0.017024883712267
0.146759226236519 -0.126054682805513 0.0653458319793598 -0.0166167486736195
0.146487058288245 -0.123766241108286 0.110710279354747 -0.00282132109754299
0.178334551302524 -0.0464622014809604 0.136002752115727 0.0599429985946751
0.182794352390256 0.0476335128702328 0.120814468312078 0.166124263970535
0.145135440398211 0.208568560138088 -0.0176905184705592 0.206732250822127
-0.0428144105137542 0.256507600038929 -0.156642535672494 0.119572732448185
-0.240797129034322 0.125648666239039 -0.0961716563736347 -0.00649798945112947
-0.329996562113942 -0.0249294135989563 0.126745383606293 0.0571182087596909
-0.209603636224042 -0.0949860280752485 0.308798724987971 0.0627242690669636
-0.277853357831208 -0.0187856798766097 0.340576827381033 0.160824163007207
-0.208479389607705 0.175544142793504 0.355284954322627 0.0125355997365919
-0.0089349032676438 0.265469563813842 0.237039992289057 -0.14954418056565
0.137898923838093 0.138086808769764 0.0825920178209464 -0.137904013099023
0.151047927886137 0.0253889605769338 0.0523863785086127 -0.083552204663548
0.141586356414588 -0.0654594959901868 0.0752945389432829 -0.045290857471708
0.114425084909956 -0.103815310572931 0.113643627506547 -0.0480927374125645
0.113205901378626 -0.102461911830062 0.157776094268832 -0.0353942226352237
0.140665849705791 -0.0465001028575791 0.183582654872157 0.0385939253207311
0.148427705075833 0.0342910355260592 0.165410692385194 0.159935066808133
0.113738389088142 0.173543161785799 0.0183503235419418 0.211643528963143
-0.050414116622029 0.20472157239805 -0.122489175656875 0.132196532980877
-0.206918324848961 0.0743360844352646 -0.0632127460820531 -6.53690772035264E-05
-0.247770375405437 -0.0603758570843653 0.196086832219941 0.0808148042621685
-0.0742408559855647 -0.0890948149593445 0.344691824422913 0.115148860728667
-0.149065623710918 -0.0481290824727534 0.347734472857862 0.172897820618706
-0.126215727622867 0.0787895091075667 0.328404377942669 0.0607333988446899
-0.0129494549026213 0.144546301857148 0.240649352411774 -0.0843730084626389
0.0741946214856378 0.0698200931482361 0.130090368568163 -0.103197452749628
0.0764529609134337 0.00761644387259385 0.108815539221829 -0.0857672447854972
0.0739005761940879 -0.0404870893773005 0.116362058507268 -0.0706367635861401
0.0625813629459793 -0.0667314971654877 0.143917605985193 -0.0708492464120287
0.0654137206516144 -0.0674377852832869 0.189722349793622 -0.0588931135691356
0.088629506403458 -0.0406246146039278 0.216452764128766 0.02801311134784
0.101973489028246 0.0187406484667878 0.194182236850429 0.163085579506047
0.0747635196570892 0.120924451758089 0.03668930311396 0.223219249987474
-0.0512549116558139 0.132306475103315 -0.104739960625859 0.147584432995652
-0.151467731538417 0.0166582880688201 -0.0448998303458125 0.00688261804759945
-0.134635373663239 -0.0901649050016931 0.23553065731675 0.10372247670797
0.0019593143089069 0.0842013686453839 -0.274204009355284 -0.0674630361048862
0.059138691608893 0.0103089213022182 -0.00200449297752294 0.0471336634282623
0.0362071086219121 -0.0524326227405469 0.110797184465094 -0.153141114473994
-0.0340922606358127 -0.0387338894915756 -0.0316070691829445 -0.2495652932856
-0.0346223333127299 0.00692053672400287 -0.212325856954888 -0.177906321912672
-0.00502518770530367 0.0194623385097635 -0.26061432109517 -0.00846694658311181
-0.00560952576037477 0.0148459641840179 -0.205389957485348 0.0913329857558657
-0.00524667711664674 0.00881927046422782 -0.146188848919475 0.113406782274606
0.00281694279220945 -0.00161524647646495 -0.122564116149836 0.117777849499573
0.00935927463794417 -0.00461988345447915 -0.124230433240043 0.1224224780847
0.00702559289106604 -0.00684953071928895 -0.15169235236489 0.110692545135131
0.0297906685516538 -0.00746538301930569 -0.233648630123953 0.0669674950186354
0.0434337179894418 0.0222721685943516 -0.297456945819353 -0.0378244959731755
-0.00092142423917738 0.0798266085302459 -0.286096718178223 -0.13155366247453
-0.0576236487661008 0.0875696565711963 -0.309785507068224 -0.0793311084939156
-0.119224897851285 0.0901578897342006 -0.233896197539743 -0.108183898296236
-0.0335916771878953 0.0705773293497703 0.0232234790311368 0.0311248436491545
0.0155097083935669 0.0534497240365425 0.135814990090747 -0.182288101796011
0.020455203317243 0.0463902634505595 -0.0235161183405093 -0.287979649002895
0.0363450989763255 0.0308074118798888 -0.218056002988086 -0.195732571760192
0.0597352174907519 0.0071458696629357 -0.262958272291255 -0.0151438488353005
0.0530119389839441 -0.03044930234655 -0.196053202252626 0.0892506411357751
0.0464285113660526 -0.0434067717597166 -0.129364861993613 0.107484268964907
0.0660394178903051 -0.0448918480800466 -0.0989300964141019 0.117136087927532
0.0909116952698618 -0.00571255894393248 -0.0974199483128889 0.128018378668973
0.0814154760433459 0.0388255086741623 -0.122920938376952 0.13053661195233
0.0624372119857099 0.102738987339458 -0.211315072667237 0.0960930508117259
-0.0122137443951762 0.127034686918031 -0.2828191471292 -0.00698426372359111
-0.118951436176617 0.112460269305983 -0.259229546371235 -0.0852011775817036
-0.195371852135507 0.0758104435251075 -0.256187280320681 -0.0491687839303335
-0.229139544613593 0.0726213309531408 -0.152759461108567 -0.129056712614152
-0.143247051273788 0.11391223386887 0.0758870183413578 0.0264164529074659
-0.0277639194597313 0.162748673075222 0.187263304016039 -0.200060800788821
0.0681497781495145 0.146466322981754 0.00981730622764065 -0.324230350486799
0.110497179946868 0.0632430923986407 -0.199714129489567 -0.217247770726589
0.124605225185527 0.00110583248261 -0.242853494913194 -0.0336332869258578
0.110373469973055 -0.0675434118565263 -0.166583302266883 0.0732890716972857
0.091232060935239 -0.0896156414005307 -0.0946649760484868 0.0866853193700041
0.112410949437976 -0.0867299468848555 -0.055064247602654 0.100188383775082
0.151739459591961 -0.0192166781833055 -0.0452647140218377 0.124383762316296
0.1455245518355 0.0561705714183144 -0.0658218641275185 0.154049129570118
0.112136877103514 0.174178794643524 -0.169279651843538 0.141452321586627
-0.0269644240526991 0.214086103602293 -0.260136997081765 0.0390093449657994
-0.193679154652501 0.151744794541859 -0.221640425205697 -0.0415351546882872
-0.296985506524725 0.070691583437181 -0.169358459556048 -0.0149856807821017
-0.306727864600358 0.0354846647682228 -0.0387198217086942 -0.121033886233784
-0.249920444839058 0.128165467526625 0.15067419532372 0.0356842338054698
-0.0906684870422304 0.25147256312936 0.250535470133604 -0.192928602455443
0.0918201794877803 0.244977545961089 0.0654210164550923 -0.334395569765302
0.172540591506937 0.101814821936054 -0.154523278081742 -0.22816624363813
0.177550329873014 0.00158847163721254 -0.194287044427414 -0.0541541388768905
0.154514103227949 -0.0923992286428963 -0.117094720032487 0.0468169206643807
0.121950846185146 -0.122644247445431 -0.0465727719710898 0.0546319566387803
0.137026599998458 -0.119282703695782 -0.00105399265840694 0.0676414882287971
0.1824729485694 -0.0396956870191778 0.018943487328416 0.106043224834028
0.186374549273316 0.0511628864607661 0.00567671229060799 0.164711987330118
0.157040855337213 0.202890710090908 -0.109423225477435 0.178337368920542
-0.0173103123004022 0.264146080668594 -0.223197865271327 0.0844896746440686
-0.225116939624639 0.178420155939684 -0.178406218298965 -0.0138490335664827
-0.349617331321772 0.063603432029626 -0.0662232489301047 0.0106016534360457
-0.332958492619302 -0.00947151582139793 0.0905519439647629 -0.0847664726603077
-0.321942927576967 0.105447943713573 0.230003660594093 0.0602088022411204
-0.157682176596778 0.288603065096604 0.307145355553859 -0.151000594564076
0.0814416463898662 0.311825181535843 0.129873142452007 -0.305438389675048
0.201060158380786 0.135652702360997 -0.0835764570570738 -0.216185073026926
0.203728362848877 0.00831565358729355 -0.120855844211393 -0.0709330573056216
0.175964503513292 -0.100958542146756 -0.0548685819965732 0.0145305197894471
0.1343820239501 -0.137710166180086 0.0084671856721377 0.0160049779329605
0.140241601989939 -0.135791656781802 0.0545442787587011 0.0269941990921984
0.185138527623639 -0.0552317304499395 0.081323546937008 0.075607536204067
0.195479227521235 0.0396738761471265 0.0741731635946791 0.158225504635689
0.172697577499608 0.20171346153451 -0.0476068267883193 0.196009269080865
-0.00993339006549947 0.273267952036354 -0.179269461932783 0.114442904205453
-0.228774595040574 0.175009868605196 -0.133596730020046 -0.00106174847815916
-0.353389638129063 0.0436225315688771 0.0362322286075021 0.0272528709119536
-0.297710692955644 -0.0473764004182463 0.211454718055178 -0.0280418994107355
-0.329412463972405 0.0579745467626157 0.296772294041423 0.093211166813544
-0.196587484687889 0.262092194005841 0.337751615209131 -0.0872042962322842
0.0471894013028763 0.316746161753765 0.18131166650032 -0.239658692996251
0.189833442670499 0.145502815065485 -0.00444369325419791 -0.180791684142329
0.192819829669923 0.0133697791076158 -0.0351701147430384 -0.0798199471372626
0.167241783862993 -0.0947132098063948 0.011035197290909 -0.0196210627455813
0.125786385947773 -0.133324725143083 0.0609827594364873 -0.0234016837343435
0.126322654681875 -0.131229493328484 0.1044387097731 -0.0142887533392495
0.165008676897297 -0.0607300997520853 0.135201702999411 0.0436630081564626
0.178049150142298 0.0290368043052081 0.131146620057614 0.144780374214204
0.157926601364901 0.183495858427434 0.00317104294808063 0.199085276715571
-0.0166659696432142 0.247542593673937 -0.137228797476516 0.129888090466976
-0.217406507723714 0.140805075366542 -0.0931669160966229 0.00344766914191845
-0.31429951929357 0.00858740811256442 0.125251960999667 0.0414941819269131
-0.207210988634362 -0.069651258672801 0.299997966288976 0.0335885200976366
-0.26459973352269 0.00791889450803683 0.336203849559055 0.122833240136468
-0.179041932500845 0.186540314223741 0.335727716284731 -0.0191783804084328
0.0167543045306499 0.252887084352936 0.210912203822136 -0.161344538570089
0.143964374639236 0.118164394544901 0.0664217094020049 -0.137039337560758
0.145896124546746 0.0111360061935206 0.0432866890629968 -0.0834499806483038
0.128242729463285 -0.074652979841973 0.0692698960088459 -0.0514534418969072
0.0964947236292425 -0.108715139232288 0.104730364679706 -0.0571386490288633
0.0964070162519674 -0.107874234959388 0.146587266898758 -0.0485321500862284
0.128249522369284 -0.0566821851236516 0.177812632898765 0.019394326078723
0.144125421388471 0.0196724477178635 0.172664170775756 0.13522802505341
0.124477011641089 0.15286418266218 0.0378769350418407 0.200385478577698
-0.0283187955901537 0.198060131156227 -0.103786196392003 0.13940944756803
-0.190188917304395 0.0889673498968074 -0.0609702370752223 0.00711729704224872
-0.239264329352054 -0.0330601893577527 0.193668975540957 0.0573492859644274
-0.0777438707033971 -0.0757051589437106 0.339534958200862 0.0805638098206298
-0.143859091820554 -0.0302566192702409 0.343526333484865 0.133807320068591
-0.110886517298917 0.0865909318598558 0.31635711141328 0.0288859548950473
0.00159076848393382 0.138841507148734 0.220223568320898 -0.100205124559617
0.0765304669092376 0.0597083774477584 0.114872015924522 -0.1082766594996
0.0730577329501822 0.00104190141976315 0.0968087661277751 -0.0911229510165207
0.0654834984518583 -0.0448468203893657 0.105738152121282 -0.0787699974270078
0.0519427683279613 -0.0686332093647289 0.131917800346251 -0.0813408624114004
0.0552238949024275 -0.0692393854216606 0.173311449695781 -0.0733784128293069
0.0794267605363193 -0.0464012073407442 0.208060024246815 0.00759120232172434
0.0977263584148127 0.00875766374462799 0.200383762201451 0.135440039996065
0.0816692151037098 0.106355179320077 0.0562381174886093 0.20864568220975
-0.0360858274374301 0.128761649575383 -0.0856124142385309 0.151781362939705
-0.141876303115467 0.0295309913313417 -0.0428340946982087 0.0117893183331875
-0.135037967657146 -0.0710975621743657 0.23337551359251 0.0759376738559059
0.0111252337715368 0.0782143333455286 -0.265016423457058 -0.00404138107432441
0.0560937914917079 0.000566270980440916 0.010043553830991 0.0462567199479149
0.0221523680969104 -0.0555869325341115 0.0764184353252909 -0.164767937031041
-0.0417925510260028 -0.0291034459704433 -0.0773687280278363 -0.231081796885911
-0.0332873834200433 0.0153536664401686 -0.233856797468193 -0.124918721908821
-0.00096113136359187 0.020114509318213 -0.243787513724658 0.0405348560849742
-0.00119081572331845 0.0150457705762389 -0.177400327686075 0.123087702272358
-0.00257964667289295 0.00989303268735388 -0.116310665071831 0.131406675101812
0.00346197701664238 -0.00148231719831167 -0.0929225744450427 0.133462952117485
0.00835853622075419 -0.00476183711334183 -0.0918402654978001 0.1376013105527
0.00554257336134755 -0.00542653662669276 -0.119277388961601 0.131734142495751
0.0233033019116178 -0.00983322152414374 -0.201931066416063 0.105490021532485
0.0387814238547373 0.0147779383348312 -0.280675363340364 0.0215459263618941
0.00822523935735793 0.0710438317963826 -0.289861350024862 -0.06890364154617
-0.0442902344559838 0.089057403872789 -0.30230976390098 -0.0221344024903952
-0.0991445242180979 0.100549391529837 -0.242394618635256 -0.0493008137171201
-0.018549978547656 0.0690691561551298 0.0260837274047815 0.0286862456515318
0.0206588332143873 0.0424542550306112 0.0905893349321344 -0.189210525577142
0.022006465032106 0.0372643565419347 -0.0760730515020926 -0.260241862592617
0.0343044432475183 0.0251544808048456 -0.237799913922692 -0.138074091615323
0.0567071262291796 -0.000641819516426652 -0.244806288485405 0.0343020586378957
0.0442861448699262 -0.0355626883585107 -0.165512931442304 0.117891368848094
0.0364155894893076 -0.0458450260818377 -0.101069081833048 0.122584301676453
0.0540849053480726 -0.0519741922323933 -0.0711549504229611 0.129257502075463
0.0840308163631055 -0.0196608930600591 -0.0660740321203893 0.139292868847678
0.080929402405308 0.0260481295277208 -0.0888486417512709 0.143420574345294
0.0723810674468526 0.0872198534356653 -0.17691092912302 0.127588994765793
0.00357660574835192 0.118349655367658 -0.263473530652264 0.0484696992921133
-0.0950008692238028 0.120415283394642 -0.256364984987965 -0.0330828426612326
-0.173032823633037 0.0995607169065108 -0.247815779019873 -0.00485570800056048
-0.200611502956251 0.0994195128256671 -0.177421883323294 -0.0851844772778964
-0.111475437549125 0.125650706363925 0.06867198931562 0.0146409237084061
-0.000408338104644005 0.146609596517818 0.128983052328 -0.207918461674093
0.0823920302426365 0.117891859578292 -0.0528934822324878 -0.29071401616381
0.10697118234987 0.0426356526455948 -0.22021261624444 -0.158647698773831
0.115568139883634 -0.0168801193185289 -0.226313444909944 0.0133185488353108
0.0906320715489353 -0.0792511938730278 -0.137477985088877 0.0963826991289001
0.0700542394145664 -0.0953213382511366 -0.0714630806306202 0.0967330154762907
0.0899281209846297 -0.0983330808676191 -0.0334211982319969 0.105552109527729
0.137835776151194 -0.0425285685386244 -0.0178801739378206 0.12746134047858
0.143675989818906 0.0326737596952591 -0.0316180899821601 0.154581665043208
0.131131400428066 0.145148635183536 -0.131090602586671 0.161081113516678
0.00434812730949599 0.200344596330244 -0.235201774098813 0.0892303534227331
-0.156182213251334 0.169757570041361 -0.21319087580581 -0.00136161066790889
-0.267284840533599 0.110286236228041 -0.161216428693345 0.0111775539295906
-0.275090743807588 0.0759737086472057 -0.074130781040507 -0.101589332004544
-0.205437427030315 0.155184085130768 0.13494824367247 0.00910090333773148
-0.0416802759321254 0.2354871351644 0.183042792261699 -0.208202839039343
0.121512695908879 0.200833675200002 -0.00475098125152239 -0.303718541443643
0.168659020897877 0.0662945945392413 -0.175404744923727 -0.173570178489695
0.163711026272321 -0.0252207620076493 -0.182422191751226 -0.0146295021801308
0.126335479895344 -0.109993113320243 -0.0932610690028524 0.0624839573267988
0.0925759595416421 -0.13064064291413 -0.031627944822395 0.058109297920389
0.106345386918925 -0.132646999254662 0.0110273285038482 0.0660035137791768
0.164162519154227 -0.0672884959822827 0.0385296493634546 0.0981456943166636
0.180345173603365 0.0218649615744247 0.0367332330669573 0.149747831922161
0.177928721468072 0.164257929659788 -0.0700113271456606 0.183643056481176
0.0216655816566097 0.244977580328104 -0.193312090885795 0.124548461952236
-0.180752387370572 0.200195011324789 -0.167480540734903 0.0162818105952439
-0.314700987251284 0.112628316292169 -0.0612858001974444 0.0162826307252706
-0.303285661235912 0.0391976989474128 0.0508192313664282 -0.0952144996567357
-0.27281633170655 0.14505754648145 0.210392180933483 0.0155244348777847
-0.0947491890095916 0.279422369957982 0.238303053902484 -0.178809797364316
0.123812731563381 0.261237383320699 0.057485516408589 -0.284462302584478
0.200833572122428 0.0910841677439781 -0.105373049570318 -0.173881767298891
0.188496118018499 -0.0234984183907484 -0.114938574479729 -0.043753752471842
0.143696202838346 -0.121410980201847 -0.0385455643757232 0.0205465079149108
0.10140806107166 -0.146751414880971 0.012943657965858 0.0120815791644309
0.106452320484701 -0.148723877682156 0.055731463035529 0.0182941183415773
0.163301315188728 -0.0818214911940099 0.0911017185894164 0.0581300364575419
0.187125199975012 0.00945756704025945 0.0997961816020288 0.130804390540567
0.192196164886645 0.160515908274589 -0.00916690664085478 0.188623209130236
0.0294485218115311 0.250916940784886 -0.146656474781067 0.144946401776758
-0.183654138043077 0.197261353968282 -0.124387369636117 0.0200480529398367
-0.320159926918685 0.0949464760112343 0.0366938333865739 0.0141360420965031
-0.275053806629151 -0.000861850015907167 0.175654746219654 -0.068062903816869
-0.286025554767317 0.1025078013243 0.27858927394773 0.0313863158573527
-0.131919487717898 0.261387698224354 0.277090750649721 -0.127553816875819
0.0957629460409289 0.271313561616973 0.116151466588906 -0.233579570065709
0.192486212586216 0.100239066570117 -0.0253160691233061 -0.155103680405271
0.179299972982796 -0.0177311798175813 -0.0371386947724399 -0.067441218053251
0.135924468166838 -0.113894140528392 0.0176398839370391 -0.0233307896772584
0.0938455530574367 -0.141206809265599 0.0553272523144072 -0.0338465060720428
0.0938379205043724 -0.14209509112508 0.0954655447425518 -0.0295852499546153
0.14351272400237 -0.0833801791666757 0.13523533886596 0.0178445579452975
0.170001470611409 0.00172733103564674 0.149585177791866 0.10742768625758
0.175949919750081 0.146178214799967 0.0380982980207291 0.181872822728735
0.0198556750527248 0.228512440857648 -0.104551163029822 0.150473754000476
-0.177473214645513 0.163930324122871 -0.0855552754829326 0.0170445949889662
-0.286924691405225 0.0559728962364803 0.122013020608642 0.0122832267911751
-0.193457447011128 -0.0353227775610951 0.274011928204441 -0.0300083071565857
-0.233525724215366 0.0466920926559514 0.323573570219767 0.0498419657922631
-0.1278764762529 0.190833331063526 0.291598211559162 -0.0698353484934272
0.0590458852272428 0.219252340492677 0.158055001372224 -0.171062663618035
0.147356244393948 0.0819848789952291 0.0456987219742039 -0.12944338181606
0.135311869583599 -0.0133819497996043 0.0333893269894454 -0.0857076860060591
0.103718720170096 -0.0896313379454331 0.0641091810102255 -0.0632868254526529
0.0709179951207374 -0.114670152885269 0.0899075832776431 -0.0730606129962809
0.0705221549485969 -0.116086377273316 0.127978928567813 -0.0702967617224066
0.109907457725776 -0.0738811371199262 0.170221415327206 -0.0132528457026001
0.137187158433217 -0.0017221449032226 0.18619219271267 0.0910006286779797
0.139945797137274 0.122664434726293 0.0704664633050005 0.176759439765135
0.00177186663169682 0.184179270635431 -0.0716175359662811 0.152002901656802
-0.160386007241425 0.112393000084131 -0.0540925754624326 0.0151790559307154
-0.222490616223589 0.00662883403991252 0.188288232441465 0.0163463047251057
-0.075306470004494 -0.059595910942235 0.326427100433715 0.00530312031428286
-0.129567319372271 -0.00781909243036057 0.338969751211394 0.0575563322437318
-0.0813519151589305 0.0903686340992533 0.289163399118154 -0.0273033678896806
0.0263374972669251 0.11927986968694 0.181612686977995 -0.123765910891831
0.0770030587691102 0.0386157992644158 0.0915787149322479 -0.117626607125113
0.0660593789531349 -0.0110083842991572 0.0779605109572679 -0.103231599192312
0.0515863154279311 -0.0517283171183841 0.0912423542267277 -0.0949171482407554
0.0359028035322748 -0.0713981920948344 0.110449458006474 -0.100633953090395
0.0380266621470717 -0.0739995254566166 0.148840751986439 -0.0986589928175591
0.0660422063420444 -0.0558733200157859 0.195370353805959 -0.0312923576190564
0.0928733339554493 -0.00516736405777639 0.211301630135626 0.0863606026135989
0.092687475659511 0.0864659092245304 0.089447500873748 0.18107238269333
-0.01530188572781 0.122383627066362 -0.0514029775616016 0.158559166877598
-0.12594276520367 0.0503487537211577 -0.0359028979719047 0.0172631521057087
-0.130757455769606 -0.043952120063884 0.228891749168603 0.0267923529858568
0.0127091415951657 0.0729981606908463 -0.252910059719934 0.000617167961109505
0.0536468816991545 -0.000144047072939936 0.0108139756168235 0.0452723255197252
0.0192732438828577 -0.0525361209477422 0.0695901515056637 -0.157230520598555
-0.0387279692249563 -0.026582177922924 -0.0786582890462599 -0.21786783230422
-0.0300467054365261 0.0151218723961493 -0.225279820443393 -0.114384166988458
-1.8688628857658E-05 0.0178913317902588 -0.23018182617104 0.0428165382585269
-0.000576504812195306 0.013682251886945 -0.164814840196822 0.120507191164999
-0.00182331458393087 0.00909158359479851 -0.108248028814062 0.126565495626687
0.00380760795325954 -0.00158986226140414 -0.086347446237777 0.128270163344257
0.00837369811011226 -0.00471269226026429 -0.0848542163561115 0.132249011887229
0.00597904646122748 -0.00525302103208204 -0.111074237050841 0.12582298729026
0.0221529143264052 -0.00838300767103853 -0.188140137012572 0.102774816558587
0.0355544752109271 0.0146368244159012 -0.264866307930847 0.0253172714465892
0.00825290224952767 0.067025183709858 -0.278437806029223 -0.062531154500345
-0.040176409286278 0.0841593719125641 -0.290964959310583 -0.0174933969516768
-0.091388732125871 0.0962673448635972 -0.232778844593828 -0.0422241748916748
-0.0172437028939488 0.0662654855401034 0.0251542404529218 0.0279729532365515
0.0200047917628241 0.0404207605262583 0.0825193025864621 -0.17984137697581
0.0231794115317393 0.0357248221536578 -0.0781289807172923 -0.245630214493848
0.0347580878951451 0.0238637016273995 -0.228582487845569 -0.126923057906734
0.0547594766844613 -0.00327224712336704 -0.230660664613707 0.0362559676623273
0.0418544995506671 -0.0358223100582112 -0.153989519020239 0.114397126400891
0.0336315319233816 -0.044872457928562 -0.0942064867449778 0.117517028683025
0.0508799782997547 -0.0507803224253777 -0.0657026047100925 0.123231690686075
0.0800772118911139 -0.0208417926435361 -0.0602765231746963 0.13245224872798
0.0783182925048665 0.0231347262091064 -0.0821458021541385 0.13709683703724
0.0707110286347456 0.0822375155738465 -0.164669605285482 0.123998714106073
0.00468994851541654 0.113961182718577 -0.249202226550782 0.0507565375798672
-0.0886664531978082 0.11596927483847 -0.245532907742303 -0.0288277815685113
-0.161987912163249 0.0959821772649273 -0.238591234814634 -0.00179900917087228
-0.189289580318245 0.0967376433801131 -0.17166222011727 -0.0777913050680549
-0.10495377811612 0.121718413115548 0.064825914309306 0.0147237929059245
0.00253410110426197 0.139715658984116 0.118357576857508 -0.198108545099023
0.0820537105993112 0.111196957850063 -0.0552188172855103 -0.27484119489137
0.103971601626607 0.0388574309356932 -0.211439138099671 -0.147081122681764
0.110527796656585 -0.0191436899429758 -0.212819900193352 0.0170479123799786
0.0841540744260162 -0.0776982108599876 -0.128151310637791 0.093009768685388
0.0641722816355808 -0.0915306871039622 -0.0662494705321401 0.0919946242281621
0.0833531251419295 -0.0952615610823308 -0.0302670469926098 0.0999922787985822
0.130941557663332 -0.0445018233420617 -0.0144451883544349 0.120105010068962
0.137754238555011 0.028150920421959 -0.0267578374509558 0.14628569194571
0.127995220565983 0.135603993775199 -0.119800446753904 0.155729768828651
0.00667211058051042 0.192176819970089 -0.221243845983231 0.089077379809988
-0.147335589953085 0.163804979334528 -0.204805911009196 0.00215734962194531
-0.250792332164672 0.108274960056823 -0.156053578985114 0.0118720457336339
-0.259695352757261 0.0765593471303668 -0.0734642599191831 -0.0943551173088341
-0.194103032919389 0.150993735352591 0.126803128832863 0.00856369716063609
-0.0349276639323157 0.225051738183541 0.169673125105627 -0.198661402688514
0.120531234027031 0.189123721107241 -0.00965791981896603 -0.287630601400501
0.163177968305864 0.0605261873515685 -0.169080617764843 -0.162248594766642
0.156070998791013 -0.0270509237074103 -0.171563429660508 -0.0109010399501066
0.117528408337891 -0.106906382876599 -0.0865079435363897 0.0586578771898432
0.0845278892770103 -0.125513086408683 -0.0289449953828331 0.0540701892468011
0.097693324177126 -0.128033933498263 0.0119409920038131 0.0615562575536755
0.154613607947871 -0.0675328952657769 0.0387325155446345 0.0912204213711234
0.172625039166982 0.0173159491689851 0.0383619221159956 0.140665625586536
0.173692116131986 0.152633818749878 -0.0608257533318989 0.176406838912033
0.0249824789842039 0.233590869716541 -0.181066042197084 0.123227723160222
-0.169398736298579 0.193149414932769 -0.160613750258189 0.0183462015266204
-0.295790867531497 0.11149702994833 -0.0603834718212042 0.0152095738171025
-0.287638114423245 0.0418977050361685 0.0463166911452779 -0.089240600495826
-0.257677831230194 0.142915246815282 0.198207764651463 0.0138103408927573
-0.0837723781937897 0.267029825865732 0.222404135549318 -0.171521415531993
0.124460452779896 0.246898789526441 0.050129136268636 -0.268971094992794
0.194031713857521 0.0831878554364559 -0.101988889081593 -0.162764333905076
0.179770606577947 -0.0259844206772523 -0.108293731480428 -0.0398180128181393
0.134400881309476 -0.118167574585621 -0.0357268253258387 0.01726604620494
0.0926126101768947 -0.140496115935763 0.0129705710745017 0.00946932861635663
0.0971596203267659 -0.142463182548436 0.053583179307407 0.0153543694791429
0.154279627824652 -0.0815092612501749 0.0879614102582818 0.0524490996157642
0.179063381425158 0.00551503022639233 0.0979742935583773 0.121383368935433
0.186059983506206 0.148323859226899 -0.00315176151847962 0.179668607012736
0.033184408025691 0.238626015769575 -0.136338064447299 0.141406114320752
-0.172088491890431 0.190461460963103 -0.118650961689999 0.0220078831492838
-0.300555749452238 0.0945676029951148 0.0334468554503723 0.0116865954102969
-0.26100680095128 0.00381490485897525 0.166097965232714 -0.0653055822271351
-0.270053420506692 0.1030805539784 0.263155589638201 0.0278697478455519
-0.119461321050817 0.25025635981993 0.260607377997758 -0.123562322595897
0.0980574447543447 0.256004698299258 0.106397379644319 -0.222168836088291
0.185634652560771 0.0919429068288802 -0.0255220872948103 -0.146332575554716
0.170849896318356 -0.0195940446372509 -0.0349059840509482 -0.0640399623007219
0.126993785664581 -0.110769323089662 0.0171515912280495 -0.0248497953960975
0.0849412665245008 -0.135096876293341 0.0528942960805842 -0.034634110544241
0.0852601189010401 -0.136022940668406 0.0903806224088845 -0.0305592871871669
0.134859523825233 -0.0821314421846782 0.12888005111611 0.0141025269731572
0.161987295286048 -0.00124011468354128 0.144491886359541 0.0982620359621751
0.16987196655557 0.135119291989166 0.0417048732222031 0.173064077697785
0.0236825716874691 0.216225750486559 -0.0956264630528027 0.146090740393869
-0.166468912081355 0.158936116960481 -0.0812946243880725 0.0185467331298736
-0.269356568311137 0.0582421215831336 0.115094656114147 0.00873695019949763
-0.18362956916863 -0.0294352592469404 0.261685354180035 -0.0302051566469802
-0.220217351631267 0.0486600329092308 0.306783850642489 0.0450397617631159
-0.116523800873816 0.182634333090288 0.27516860468127 -0.0695226444135373
0.0617006911875256 0.206653971162834 0.14741422858892 -0.163094317128659
0.141286219171617 0.07545719362615 0.0419918097820581 -0.123071628621092
0.128983786917168 -0.0149910371624321 0.0314701052633432 -0.0828069350508645
0.0962812198510098 -0.086769181038903 0.0613534364679374 -0.0633081035840774
0.0637764657758911 -0.109527683589544 0.0851044331993799 -0.0729154089826193
0.064142433497819 -0.110375592949391 0.120212791658462 -0.0696396635111714
0.102942294070168 -0.0721402341462163 0.161071349164753 -0.0156619734938924
0.130085764223333 -0.00402970328811937 0.178566992468495 0.0812769013655643
0.135048618202278 0.113054337021659 0.0710810850609755 0.166742585026429
0.00511073835162625 0.174252837264487 -0.0645300763304569 0.146749779589611
-0.150517327156261 0.109205299351246 -0.0514868693439443 0.0162015835634806
-0.208860952463208 0.0107091102622244 0.178398875539168 0.011214585549647
-0.0714961405574731 -0.0541340529796659 0.313329599518554 0.00228267842521792
-0.121904023777623 -0.00487440040243699 0.321412833742583 0.0518103590040665
-0.0740992230638371 0.0864640575970627 0.273866729441645 -0.0293748445876752
0.0283363216820025 0.112288546767066 0.17079292714793 -0.119319315102066
0.0732864662828791 0.0356537085600048 0.0858434900780504 -0.112363626772887
0.062358981969614 -0.0109444576399448 0.0733543052106203 -0.100680691311373
0.0475091061430351 -0.0496965124715269 0.0857769720039033 -0.0933317486127647
0.031534504935536 -0.0676276959526756 0.104530920029731 -0.0995465640483298
0.0344046464589708 -0.0702524388725967 0.139917054848681 -0.0965178687079734
0.0607895611178434 -0.053825630023744 0.18521981837839 -0.0324733930218935
0.087903353440305 -0.00634151254849694 0.202232456375027 0.0770806755291537
0.0889685963013334 0.0799580652462702 0.0885480551326327 0.171286353368056
-0.0128077437410863 0.114960239788699 -0.0455276578937731 0.152943860492287
-0.118189188048714 0.0499854667861515 -0.0337488926174444 0.0175796325357833
-0.122866308232156 -0.038346649963808 0.217351069180133 0.0204258558659002
0.0137348997413885 0.0705071639947946 -0.249658841307234 0.00152639889277595
0.0530884654311961 0.000154883466535477 0.0121315438945726 0.0457551838482588
0.0186386108595801 -0.051357230949587 0.0684694962531029 -0.153678278317429
-0.0370469530189431 -0.0255149076196831 -0.078516183940808 -0.213939106302414
-0.0282378284306433 0.0147219946857917 -0.221793028168629 -0.112383308742311
0.000244162872218697 0.0164061570796116 -0.225566462949802 0.0422582418783974
-1.50191291644333E-05 0.0122541136554823 -0.160500451051806 0.11902513711021
-0.00110192363318714 0.00852534326268611 -0.107145877749449 0.125068604699738
0.00425856650282086 -0.00235824534651114 -0.0851115631428991 0.126806686383653
0.00894924448064538 -0.0050212207923867 -0.0838503785821577 0.129696499209993
0.00619446642016834 -0.00436105140366593 -0.109133824246839 0.123201714286087
0.0221573281431825 -0.00688198159002541 -0.18411163973971 0.0994543826414423
0.0338845655214101 0.0159524868240344 -0.259426107117397 0.0239653157956654
0.00682329308100026 0.0665080957132015 -0.274698455967284 -0.0634826736602963
-0.0394209318170456 0.0810350577856871 -0.289735106147099 -0.018793542547286
-0.0894492108708824 0.0937365233343192 -0.231087398002352 -0.0411706686399808
-0.0173781852236866 0.0660175674058411 0.0245296370156356 0.0295708215433336
0.0195270758396009 0.0402650088654539 0.080955580916266 -0.175810199005592
0.0246132421038352 0.035365108946194 -0.0776212489197368 -0.241424047623329
0.0358982861723687 0.0229981907227664 -0.224707732544047 -0.124813074861849
0.0543844268784782 -0.00445300452053892 -0.22582505276825 0.0355740807182142
0.0411258470093979 -0.0360964265508685 -0.150551581470647 0.11272242035241
0.0331352567492772 -0.0442863545654026 -0.0930897803993198 0.115691795657046
0.0499936625924017 -0.0505884136739815 -0.0643221789399569 0.121194413274989
0.0794422325266122 -0.0211902038953847 -0.0588287751550875 0.130103704817133
0.0782228239339682 0.0231811903487654 -0.0802583750925921 0.133789533444468
0.0704321032272639 0.0814343975971399 -0.160810837920251 0.121594457209272
0.0040513665263775 0.113977737004134 -0.244058716974254 0.0500212152036223
-0.0894990774161011 0.114647015315367 -0.243386277845799 -0.0289882125559762
-0.15910314467669 0.0928901056275559 -0.238255261874939 -0.00361556672529635
-0.185058239756139 0.0946563062301482 -0.170580986070918 -0.0755295566938246
-0.104542433798128 0.120239400468245 0.0634031533585683 0.0163763334223821
0.00284694173609173 0.137712352218094 0.116241234025454 -0.19289542084934
0.0830606930196759 0.109969280934015 -0.055089389721666 -0.269310863862201
0.104238291342621 0.0378987448505657 -0.208311129305487 -0.144455690266249
0.109631959452964 -0.020395594355305 -0.207798389501512 0.016542806345021
0.0824952874033668 -0.0777142864632426 -0.124982867754593 0.0899227470822731
0.0625242583793177 -0.0904607201136709 -0.0658797301872894 0.0898638176500982
0.0811324667984476 -0.0940005059076131 -0.0296460781780582 0.0968694399328443
0.129778927173094 -0.0446956550136903 -0.0140427747740425 0.117021185104702
0.137247633907052 0.0274008106848043 -0.0259558798449428 0.14273803015295
0.127756669358906 0.13371905391416 -0.115895931636522 0.153332169468768
0.00789478591456823 0.190653772381828 -0.217707811401944 0.0885475131261877
-0.146752234395683 0.161456530867975 -0.203366960779229 0.00164519837464217
-0.245924323369183 0.10517995833655 -0.157320706520571 0.0103148342904542
-0.255412997976721 0.0748669405409506 -0.0734184796331998 -0.0913627387226288
-0.192551220556801 0.149552487719616 0.123683951674695 0.0110536936784343
-0.0337487725316662 0.221682163022178 0.166282402771349 -0.193316697044424
0.121196299275183 0.186961252073624 -0.00936189712017985 -0.281924785690365
0.16262318172866 0.0594040513571639 -0.165317594131739 -0.159015392766921
0.155488474155944 -0.0277335616083085 -0.166768978234932 -0.0109974106924643
0.115459402819805 -0.105972337153742 -0.0847584262176717 0.0554339845860388
0.0821374353987644 -0.123258799536214 -0.0288202222598196 0.0519838395885738
0.094997250140224 -0.125791673815933 0.0119778469724669 0.058968640227335
0.1528699044617 -0.0673743418762452 0.0385049301041633 0.0883436074798315
0.171117534315688 0.0161279231449293 0.0385108771905963 0.136885469360752
0.171957435195838 0.1497277479874 -0.0573391684302989 0.17362385962161
0.0255918910702355 0.231056994414952 -0.177860273261355 0.122144852483404
-0.168088310969908 0.190633429355323 -0.158826863536782 0.0184709141481598
-0.290704044713714 0.108950681426553 -0.0619845251008708 0.0137490387695988
-0.282793730856488 0.0416461924267811 0.0459116524892006 -0.0861922167251083
-0.25492050857907 0.141115682589072 0.19388395152647 0.0167120657253503
-0.0819131743343021 0.262574457469066 0.218338537527793 -0.166228376702105
0.124929999008791 0.242949109201978 0.0496415628786542 -0.264009667549221
0.192211681325397 0.0820810204825841 -0.0990968320872927 -0.159913298734102
0.178468941319721 -0.0264591596065639 -0.104667122071826 -0.0393840033591425
0.131672152241596 -0.116926653673307 -0.0346549560064874 0.0145375434229283
0.0892299297190738 -0.138588454323893 0.0127942111609931 0.00779228508932148
0.0941818726294056 -0.139613293430127 0.0532453176526231 0.0134182751618791
0.15195198129974 -0.0811179916242298 0.0866223286978392 0.0499763987458174
0.17665395960464 0.00447535724479998 0.0971349407918716 0.118027843137263
0.184659050998978 0.145774713141478 -0.00050015052499773 0.17750847633926
0.0338860443562309 0.235343229970481 -0.133489640176747 0.14051896904443
-0.169824968993707 0.187642277650372 -0.117532012948098 0.0220262576137606
-0.294344471239157 0.0927887436947035 0.0310122380835353 0.0102384080701698
-0.256406480607962 0.00393730328883603 0.164565214697524 -0.061756416060252
-0.266532932096515 0.10131330323798 0.258058610437972 0.0310981125945377
-0.116054440254482 0.245506402490207 0.255237744719687 -0.119320242470864
0.0990193799933094 0.252004641494823 0.105071296266356 -0.2175376190134
0.183712296164518 0.0906168451649236 -0.0241985694888216 -0.143221855566886
0.169170995222436 -0.0198038982379987 -0.0325808704912797 -0.0637150291016992
0.12426645899745 -0.109216527047193 0.0173425508511325 -0.0272767290423355
0.0822300743779911 -0.132791488162843 0.0522567174671226 -0.0363023123134579
0.0823445249534964 -0.133195226715116 0.0890871422932881 -0.0312404047557265
0.132259657306719 -0.0813113093155795 0.126755364284929 0.0125737418912063
0.159949374926622 -0.0021176186566102 0.142897690996471 0.0951813407519605
0.16799480127886 0.132603399632841 0.0436132445834981 0.169910780124244
0.0244940152176073 0.212503589802743 -0.0935519750864693 0.145777550276482
-0.164183147072388 0.156888451708066 -0.0806642398571993 0.0189802790371392
-0.263742723236524 0.0568164856071799 0.111951933974581 0.00745429337004507
-0.180102346535376 -0.0277260170763292 0.259452010509582 -0.0276363653137611
-0.216369104139099 0.0481794087562734 0.300970161841376 0.0475911331478313
-0.113383399728099 0.179286676703882 0.270751907696259 -0.0667872243163288
0.0628991217039505 0.203488852544092 0.145545637152039 -0.159466495203367
0.139294331402804 0.0736989177101526 0.042169774558372 -0.121126681888085
0.127310639732034 -0.0145355105686431 0.0322092157764309 -0.0818854509810535
0.0941782670568535 -0.085282682167149 0.0608179068234944 -0.0650511506891493
0.061603789709314 -0.10732219082393 0.0843671386130398 -0.073979643480971
0.0616939701555516 -0.108512227440063 0.118387238264809 -0.0689388365160083
0.100730945455932 -0.0704278823361363 0.158886257689088 -0.0161725032737024
0.128570519437433 -0.0041638308787135 0.175944265654372 0.0788839392342055
0.132608738311571 0.110464420538739 0.0719180188218397 0.163989864994485
0.00508310780427238 0.170270575135771 -0.0630559279762364 0.146077567005691
-0.148141202309447 0.107847904025565 -0.0512010058962632 0.0164176287057591
-0.204107236860002 0.0112948384676081 0.175611834782949 0.00995203986825582
-0.069504607241768 -0.0522908330937785 0.312094815516455 0.00384368108773677
-0.118096829427236 -0.00445342283095776 0.317217942095327 0.0537332072192083
-0.0714605803276661 0.0841867563099296 0.269621559695358 -0.0282393916064856
0.0295577892526939 0.109836360751503 0.167765942706743 -0.116095625440227
0.0720615240131091 0.0352240081820149 0.0849046576106971 -0.110223984510563
0.0615501999772152 -0.0103743216153726 0.0729014858715318 -0.0998690758811392
0.046012009060703 -0.0485364798868747 0.0849932802102752 -0.0942899213000589
0.030053843637282 -0.0660788809727983 0.103472383914808 -0.100302911414882
0.032837795544081 -0.0685865036691099 0.137451982680435 -0.0948884801296068
0.0587312975215748 -0.0524167172853637 0.18266811971533 -0.0319387157261284
0.0864843541424789 -0.00594678007032261 0.198690167791192 0.0751035616105945
0.0872716444432594 0.0775627811214027 0.0886491318758185 0.168251530668062
-0.0125502755821092 0.112056611388475 -0.0443701647499846 0.151529083182462
-0.115610564694006 0.0494148333426565 -0.0338940317393204 0.0176543648466213
-0.118906302707167 -0.0366629171240233 0.213390342129199 0.0187220622546202
0.0158851870330195 0.07029474029195 -0.256848164641087 0.00592025619985805
0.0541585192148125 -0.000328016422918896 0.0139190911135526 0.0480795060055112
0.0179392715092537 -0.0517900423819271 0.0686792485573932 -0.157383085414708
-0.0373408030874412 -0.0248365334608986 -0.0833770369861841 -0.21689103136666
-0.0274552845749939 0.0147461395477289 -0.227884905950886 -0.112265111560547
0.000753751355433008 0.0158124839483684 -0.228715276042447 0.0454859489364434
0.000537304817642512 0.0121238637172062 -0.160477289535655 0.123238997954158
-0.000528020236013686 0.00871854241164846 -0.108181734117855 0.129797756903581
0.00498054692028263 -0.00305110037201026 -0.0860532599587729 0.130775307168217
0.00963009808692325 -0.00522139858325022 -0.0834065553775914 0.133310786571865
0.0068230849017047 -0.0040006030737958 -0.110938433319372 0.12659068467026
0.0229175964277321 -0.00621580452334235 -0.185898479002784 0.102689680466219
0.0338922493407802 0.0175314811449939 -0.262683283626986 0.0264801108164788
0.00679042684837545 0.068820576060179 -0.28277183060678 -0.0640887193400677
-0.0392177295610264 0.0823065897817592 -0.299613240442832 -0.0170550506351572
-0.0894401711082662 0.0951812968362177 -0.238166400773211 -0.0375805842690049
-0.0174790112068148 0.0681471707213944 0.0261601491752351 0.0314538913240325
0.0203276147988468 0.0415865971617533 0.0806761366419987 -0.179300352627271
0.027309993611572 0.0364455529133599 -0.0825387835757127 -0.244772903712039
0.0388857426991077 0.0229136271211001 -0.23101217426905 -0.124640217180535
0.0563481111641772 -0.00659972404729433 -0.228365874333969 0.0386482158062515
0.0417952642277161 -0.0382432794311524 -0.151020381563185 0.115439675832385
0.0331191838535422 -0.04562894225667 -0.0939528817955373 0.119176885944957
0.0506649977703837 -0.0523790534986428 -0.0643426574984069 0.123922908753163
0.0817358249687893 -0.0233788284838491 -0.0588729495516224 0.132103637964297
0.080978667810038 0.0226563904376586 -0.0812542993764902 0.136434312273438
0.0737075181393833 0.0829080291185243 -0.161707222214274 0.125362100777403
0.00554005254804116 0.118227496014615 -0.247841772806142 0.0534080484859076
-0.0914097923918844 0.118451640007989 -0.250257658462701 -0.0283832609600354
-0.161214854808255 0.095330762257273 -0.247091410365422 -0.000832265733252996
-0.187812624797592 0.0976347706304001 -0.176567230562735 -0.0731965861718428
-0.106165263769414 0.124902523085326 0.0645474378851991 0.0182845767647245
0.00485128761889769 0.141074388542097 0.116383379846341 -0.196887263793515
0.0885602996068203 0.11162296478944 -0.0596619963143765 -0.273835408441496
0.109188757201848 0.0376086853013642 -0.213494506022688 -0.145701123296864
0.112832288760525 -0.0230010034438414 -0.210232735925195 0.0183918610034996
0.0834409343095079 -0.080737334684824 -0.12556976938025 0.0914754662049899
0.0619465395835789 -0.093306533075836 -0.0663670555990619 0.0917368159613972
0.0814129865626851 -0.0971268386839679 -0.0290425770482702 0.0984967046520331
0.132671792924316 -0.0478916671372679 -0.012608107023132 0.118169043156989
0.141235385583309 0.0257833612115634 -0.0252420167532438 0.14450433157362
0.133052406540988 0.135318603850035 -0.114835683714286 0.157915294862543
0.010177099898823 0.196106103296044 -0.22113488226706 0.0936737883546828
-0.149642946289369 0.167467473813096 -0.208189945071352 0.00369785352526795
-0.249180466216436 0.109275816913846 -0.163546594698089 0.0113413248426386
-0.259849891862684 0.078846467475471 -0.0768961650234728 -0.0899915786715283
-0.195920615642458 0.155838433260771 0.126126185014929 0.0127270357665635
-0.0308378200976239 0.226471379078782 0.167196394835961 -0.197517602657434
0.128600979422638 0.189728034159351 -0.0131183424992502 -0.286773052689601
0.169304826341082 0.059290199969086 -0.169949295476009 -0.161068367506301
0.159081506062528 -0.0315511328483168 -0.168939479301938 -0.0102108584721591
0.116427929388747 -0.110304695747279 -0.0854152777298522 0.0556162461801022
0.0811904637416119 -0.127251291024235 -0.0288548892246904 0.0521739995092823
0.0951493106224686 -0.129517787961968 0.0127953081315261 0.0587618755207485
0.155861147233899 -0.0719920796961707 0.0402930305310705 0.0886672281024817
0.175822892278976 0.0139144650726174 0.0411026228841914 0.137868430967776
0.178821366262538 0.150719103252787 -0.0541776017108487 0.17801106249995
0.0302374405616457 0.236346952898058 -0.179884896715048 0.128328345275959
-0.170632110664245 0.196634086071038 -0.16347590089166 0.0213314431304358
-0.294577546362483 0.113689657501609 -0.0659502590469461 0.0139353662082791
-0.287980482825254 0.0455235262425945 0.0458157188755954 -0.0862113618627001
-0.259333594949595 0.148091283934859 0.197590296534222 0.0177210380843617
-0.079465804426708 0.269463708982118 0.220712343777207 -0.170535576819557
0.133313421697486 0.247341467889206 0.0471408598508305 -0.269583734928105
0.19960817107766 0.0810671340365506 -0.102153979530525 -0.162245010272366
0.18326410417785 -0.0296606456999591 -0.105919034424542 -0.0400506753956356
0.132575727438535 -0.121069902387171 -0.0350599823622903 0.012491564035214
0.0880346353449784 -0.142444405487996 0.0134850783313453 0.00594385782312613
0.09357478729611 -0.143280791400743 0.0543583444163975 0.0116242898425672
0.154119468709458 -0.0852661455543518 0.0890568311932444 0.049200166645703
0.181095318377997 0.00150090607937499 0.101356662267034 0.117815823831659
0.191195408231858 0.146530585541655 0.00450968370879692 0.179818302092553
0.0383601463396095 0.240093155023192 -0.13398896141937 0.146854541737144
-0.172624284640954 0.193907160083523 -0.120142332819453 0.0248217003014752
-0.298454210784971 0.097885683310941 0.0298158179983141 0.00936320854132076
-0.260956169235892 0.00735376517899291 0.169104502471994 -0.0625225375165614
-0.271226440786093 0.107180594269863 0.263432874048534 0.0328074520134787
-0.114501204910993 0.25144685461148 0.259119463273335 -0.122861369042826
0.106974349069171 0.256536313420223 0.104583672203758 -0.221858756922685
0.19023388588368 0.0900456492622012 -0.0249749871260654 -0.145912766639155
0.173657171894793 -0.0228192892774591 -0.032549025683376 -0.065470599379117
0.1252543508688 -0.113448246685617 0.0179077200147427 -0.0307746227735007
0.0807316093216869 -0.136459458030877 0.0530394774760803 -0.040274534699107
0.0812908327157016 -0.136224333091732 0.0909983765627986 -0.0343074810618945
0.133648473070964 -0.0847113490992109 0.12969800501967 0.0106782510007063
0.163721799265204 -0.00416231731729254 0.146924205363012 0.0941487635308328
0.174053261744654 0.132874873393883 0.0489861503688124 0.172736790757149
0.0279776789532486 0.216319363805677 -0.0930658287799425 0.151547913273705
-0.16614432506104 0.161369564116801 -0.082574910941239 0.0213766986452859
-0.267458393566198 0.0618842654458957 0.113622535501589 0.00590334405758449
-0.182899054656382 -0.0258715069973779 0.267849021134336 -0.028783752041909
-0.219855885302015 0.0519801495452145 0.308909651974132 0.0491871302615266
-0.112796319524883 0.183593112209003 0.275387851635423 -0.0693604364252351
0.068742969614959 0.206952269244248 0.145898291707775 -0.163778181956728
0.144049379021999 0.0741118328758021 0.042920589486493 -0.123471762317975
0.130638875884625 -0.0163750125087185 0.0331448523247406 -0.0851990452416905
0.0945460880885207 -0.0882035045101587 0.0613550620990884 -0.0694308982024665
0.0597394285145817 -0.110041239424708 0.085673932806679 -0.079507144810199
0.0608981024649316 -0.110659394002647 0.120408823139122 -0.0727524981046824
0.101063329976271 -0.0732325932819017 0.162374993831389 -0.0184324799475591
0.130931063539983 -0.00609286166896438 0.180452513995458 0.0775041794518913
0.136788882170587 0.111133400782334 0.0774363702900601 0.166475541846555
0.00790879762145745 0.172951975268331 -0.0619653729553279 0.151440661736599
-0.14934734664521 0.111602229821973 -0.0522886167351792 0.0182695123197346
-0.206541257804297 0.0141933372790509 0.178587864689433 0.00695492490601073
-0.0704849102592285 -0.051818532597005 0.32210333318099 0.00176658858644506
-0.11960147992432 -0.00322747495061915 0.325475576973944 0.0545012465859215
-0.0717693197753881 0.0857758987477751 0.275004770292361 -0.0303792380995001
0.0332053754289676 0.110501920234138 0.169567677080558 -0.119416118405296
0.0735675987242943 0.0353777445531371 0.0867330283053932 -0.112735073000333
0.062576456105555 -0.0104823233924837 0.0736507676729077 -0.103390084554499
0.0461125099080073 -0.0501151921150993 0.0857907962342021 -0.0994474517357557
0.0286776779819536 -0.0671192546184203 0.104446531157182 -0.106380776994564
0.0317411869773645 -0.0699988431778746 0.139216588578747 -0.0989646549097142
0.0587670129881658 -0.053898406969506 0.186151945171977 -0.0350269920183537
0.0877455790292202 -0.00787253923228138 0.203672110919791 0.0739742435376899
0.0898033692209095 0.0778182900137798 0.09335423658449 0.170605232868796
-0.0120385652056751 0.113314305252064 -0.0430158247880399 0.155863440495011
-0.116627770436085 0.0515178000601591 -0.0348652761952042 0.0185453266816505
-0.119945791218927 -0.0351187219085601 0.217760858490703 0.0149202991300296
0.020470423732274 0.0700808137825318 -0.267498569849869 0.0205729353716009
0.0560186270254488 -0.0028861733106459 0.0181910562886575 0.0501430653950854
0.0154808653385189 -0.0536682650743095 0.0646477430052431 -0.166386653461293
-0.038885973507495 -0.0234226673374105 -0.097720569617608 -0.220586042590745
-0.0264462616125486 0.0162974351534066 -0.243065145008636 -0.104523622713221
0.00176920014815778 0.0150431898573543 -0.235089512544681 0.0582644462581824
0.00160267597254597 0.0111634433735389 -0.159671596448554 0.135912423095959
0.000598262905153947 0.00896410076060207 -0.106589267898287 0.141029661283759
0.00566690806341588 -0.00380877524021673 -0.0832489800607632 0.140571592945323
0.0109954933602195 -0.00633792749334413 -0.0808288055968139 0.14237260597897
0.00765768583347407 -0.00381092286889158 -0.110153801189615 0.135923962478382
0.0239747811666236 -0.0067750254056683 -0.188711038216651 0.114072867120154
0.0353432513238992 0.0179588501977162 -0.270410740751578 0.0386302939732557
0.00995126164864049 0.0721187416131074 -0.298169272358374 -0.0548869370191366
-0.0367007993236501 0.0855465348299608 -0.315717776209431 -0.00380736182290906
-0.0875878831516904 0.101558712365766 -0.250952855729256 -0.0251221745386224
-0.015357440380774 0.072068388073782 0.0301343414654682 0.0330558284436164
0.0226600719138761 0.042912589833155 0.0762289584160008 -0.189136967231582
0.0320558785810403 0.036891699905922 -0.0983845282695512 -0.249845535233768
0.0435218214376554 0.0212151492654529 -0.246252677125739 -0.119062197740108
0.058621435359853 -0.0110311731549993 -0.235071800638184 0.0507074706187673
0.04177940171293 -0.0424903595022749 -0.150491521626766 0.126912996163693
0.032178194552541 -0.0494209629732159 -0.0928818594747931 0.128770864018635
0.0502914239263283 -0.0576923328481251 -0.0614786111295259 0.13193103441431
0.0845639024634531 -0.0283673216987612 -0.0550196086188058 0.139710430704566
0.0863800497335537 0.0199268485810534 -0.078152087498715 0.144471811579595
0.0821234667540151 0.0835492429489234 -0.161148556773557 0.13721159014823
0.0113528684629416 0.124288399568785 -0.254790413858393 0.0672442921835115
-0.0903192730588293 0.12860410975117 -0.262695296438809 -0.0193120980831942
-0.162791358470957 0.105858551086046 -0.261069397517699 0.00957754001249977
-0.190008744515703 0.109780369152536 -0.188173231771087 -0.0647692706514575
-0.105507098917749 0.136127013874312 0.0686673010078552 0.0183191691991207
0.0123336860031975 0.147035700622801 0.111155938241417 -0.208885497480578
0.0999909621925262 0.111734908832473 -0.0755823059174042 -0.281150968477364
0.117157486966893 0.0335606025275758 -0.228759100743578 -0.140932586272531
0.116578745955613 -0.0311042017824936 -0.216414464321303 0.0287675984552661
0.0828607311672867 -0.0889954402787601 -0.126293326983034 0.0998192947274784
0.0591481038235352 -0.100061254967877 -0.0654527504909837 0.0985271210041023
0.079533107275721 -0.105470841927044 -0.025695705989713 0.103346447012875
0.136192593136162 -0.0566108606091292 -0.00782112027342509 0.122569632986054
0.149312812914268 0.0199814834718344 -0.0191313357308843 0.150095154505417
0.146441204659669 0.133810292549572 -0.110799784926182 0.169000983250016
0.020921197043183 0.204280739711802 -0.224139341825131 0.108486358106383
-0.149235636582294 0.181677234063647 -0.217595076368 0.0130393134508482
-0.253851961772435 0.12471654178028 -0.172736430688922 0.0192146459780592
-0.266188166722458 0.0941693867367893 -0.0843287608710859 -0.0869544389677315
-0.197985196435757 0.172327221633186 0.131868411784781 0.00989367232513068
-0.0205926717265675 0.237474734839647 0.163830533929203 -0.211070105301171
0.14605448192895 0.190218500954735 -0.0281128354003747 -0.296801515297556
0.181099632479784 0.0527307039402018 -0.184735363293244 -0.159078240406981
0.16516884677619 -0.0420006618436977 -0.174850205945038 -0.00271247602533564
0.115219702998273 -0.12120200079548 -0.0864935583493276 0.0595197399522186
0.0769874490213214 -0.136607844831022 -0.0279650596386369 0.0542511722101318
0.0915449107847462 -0.139540845001311 0.0163234650740725 0.0590989922445832
0.158905392471565 -0.0832623484834366 0.0463759680300936 0.0890526589178405
0.184241342663607 0.0051956269936859 0.04950785676797 0.139615081427122
0.194668832064756 0.148138534828296 -0.0451705248046711 0.187000541419088
0.044167164776176 0.245139258853719 -0.180241183207835 0.14361369892798
-0.169770506685359 0.213368671671304 -0.169447027946877 0.0301565187634554
-0.300102812100576 0.131635868751276 -0.0700692367700026 0.0169379991981298
-0.296631542571814 0.0601103418427299 0.0449236958765969 -0.089051054319043
-0.263973309313038 0.166817057062451 0.206248691567382 0.0116180705342478
-0.0685358028052254 0.283254097042899 0.220203398633529 -0.186186791441666
0.154313823621241 0.249325767378329 0.0353588290329712 -0.280625252106425
0.213960747525263 0.0746271832384312 -0.113501730086038 -0.16386241873757
0.189940329740692 -0.0411844510729622 -0.110690028843587 -0.0375851944066744
0.130648199393072 -0.132816077632717 -0.0360678050539257 0.0121152431650696
0.0830336712376182 -0.152867525035131 0.0136065960575956 0.00347374812771859
0.0891657823361916 -0.153034827591217 0.0571785145516985 0.00818984289936583
0.156051389399891 -0.0966813329594964 0.0950393608152881 0.0460287832554116
0.188714813392927 -0.00761262336905076 0.111336554958911 0.11560309365855
0.207859032755644 0.142355459435469 0.0160323606114653 0.186662632832439
0.0529508554509614 0.247459698503771 -0.131162715907502 0.161170617976551
-0.171616906895268 0.210323683380024 -0.124052211706166 0.0326445100073082
-0.304709599045242 0.115486920919266 0.0303774133654957 0.00775618820860565
-0.269906183157715 0.0200737084059218 0.174670641648734 -0.0709436765949048
-0.277480027191141 0.125159370083611 0.27656969748264 0.0238407566872344
-0.106455941785712 0.266063070486287 0.262304434600007 -0.138555711230091
0.126141061756881 0.260547248431899 0.0968211936573139 -0.234113022933191
0.204066034331705 0.0842869123008044 -0.0323771689180442 -0.14992838684108
0.180500065826074 -0.0333877460152003 -0.0357046386996466 -0.0672036717398285
0.123771181087581 -0.123958084614572 0.0167413919514359 -0.0355193598836339
0.0757292086855291 -0.145896941529211 0.0529139419665064 -0.0468433286037619
0.0771992492080811 -0.145124767932384 0.0931879184385485 -0.0416939271211384
0.134904050761666 -0.0955389764826402 0.135430827938086 0.00424199930220859
0.169994513076487 -0.0129800604300238 0.158225160695957 0.0890067421944198
0.188346025983317 0.12891854897159 0.0607016667921903 0.176000112461985
0.0403112670255728 0.223060469389205 -0.0882326748578414 0.163859039389735
-0.165950195802016 0.175714514744075 -0.0845054916862986 0.0271546638012778
-0.273040851491893 0.077306202250098 0.117767324598845 -0.00045240658034359
-0.190707957499874 -0.0175626367369074 0.279903289447554 -0.0416043931900763
-0.225780434145911 0.064997301564155 0.32464310432207 0.0378920937031167
-0.107556743022734 0.195435079466221 0.282161574491134 -0.08428256177061
0.0836041931319718 0.210379059898212 0.143292626614473 -0.175362187558828
0.154365641680012 0.0697271191982394 0.0389899702976355 -0.129906572387857
0.136225410891666 -0.0235280686538233 0.0319272558438094 -0.0907939116409735
0.0929975609986074 -0.0963519596037762 0.0603284193456895 -0.0780621240689827
0.0552205145022846 -0.117124847058091 0.08462378470819 -0.0898425307300987
0.0564409000558696 -0.117154901130965 0.122502082655048 -0.0826822194739825
0.100877089206991 -0.0811156288141969 0.168359271445905 -0.0274449408857229
0.135746667006971 -0.0129960695153014 0.191283629647809 0.070748778302411
0.148318793317601 0.107710336166181 0.0901449005826521 0.168914094902108
0.0165562490267637 0.177999622049137 -0.0561094367306839 0.161895883185661
-0.150165420028235 0.122769768277715 -0.0533734211082552 0.0224659840688087
-0.211808663627049 0.0249995262284856 0.185813573483461 -0.00336142790261984
-0.0744145334872143 -0.0495628080977076 0.338266914967963 -0.0126669387312418
-0.12372594161225 0.00257953659654945 0.342945472422779 0.0426110741203215
-0.069372508492829 0.0918566406765167 0.283661851317212 -0.0440141415882278
0.0416655109844778 0.112899882824773 0.169786322795329 -0.131013086159279
0.0783647867085386 0.0328968831813899 0.0849415496017866 -0.120374234686968
0.0654722105804646 -0.0138260182907651 0.0723804695983406 -0.111785029163506
0.0448290766113646 -0.0538465787489123 0.0844659021010715 -0.109493865193591
0.0252936614122294 -0.0704930774195996 0.102825041611939 -0.118912584873829
0.0292718319331099 -0.0733880087181907 0.140014203124642 -0.110405702341557
0.057430532046797 -0.0584545209966694 0.192733910257008 -0.0447236863518076
0.0906703513267367 -0.0127487249622554 0.214738312052722 0.0665547814656974
0.0970211553400106 0.0755250762845766 0.105706788425348 0.173075875060803
-0.00691483560370342 0.116860256870001 -0.0362740466128454 0.165594782955222
-0.11786129327108 0.0587849032573943 -0.0357167983658082 0.0216688795220228
-0.123835410669596 -0.0302757569443256 0.226820122593807 0.00311324579943273
0.00741369736572029 0.0757712813774668 -0.271826278955821 -0.0108053476910108
0.0564702144776389 0.00486716430097675 0.0151725213058636 0.0541712362634029
0.0209970338715412 -0.0521368373208873 0.0879308639808109 -0.16308628704492
-0.0389704310335457 -0.0275386680750903 -0.0739078593486446 -0.240427789469299
-0.0307064250662732 0.0161021162408287 -0.236830558696277 -0.136597714773479
-0.00133924939046024 0.0170989628537939 -0.247864628352414 0.0293027006868854
0.000363602573424746 0.0117083353739819 -0.181659994408145 0.120208498874331
-8.57096976671218E-05 0.010097928930979 -0.128377990175141 0.131919553638072
0.00705822702305372 -0.00381276725220767 -0.104455483952912 0.135917495690102
0.0125678803210783 -0.00395924921082088 -0.101224390768272 0.135752573178148
0.00774600772470502 -0.00130032462389199 -0.13034073808008 0.124790841258211
0.0227343857437198 -0.0023674719679185 -0.207550001037029 0.0909915675137003
0.0288952176432779 0.0244629488867342 -0.280051657911597 0.00339029459410678
-0.00507259363326351 0.0738483965683883 -0.29574899388954 -0.100990692292679
-0.0551012127688643 0.0833046336753104 -0.322592495309001 -0.055811349694525
-0.10654250521926 0.0905976054631415 -0.253701025490716 -0.0535248975218425
-0.0258157664692897 0.0698789668872188 0.0261135470062879 0.0414349662540209
0.0143733460590193 0.0447288177906354 0.10303508071563 -0.178996542938486
0.0238328718208584 0.0414242074445383 -0.0669588419057837 -0.264549306653388
0.0390343916936016 0.0310299655213876 -0.234316918994781 -0.151932158664948
0.0608108667794255 -0.00128178591333339 -0.245109727958301 0.0221401605757873
0.0478857822753013 -0.0370210308876816 -0.168759171558187 0.110026422971022
0.0409172305513617 -0.0435377602899536 -0.112948207394709 0.120719361185558
0.0600636514372423 -0.0518518289434422 -0.0806786634652303 0.129955415131344
0.0914211023910817 -0.0159877030228378 -0.0746225873107269 0.137972444487796
0.085024384727237 0.0369525528637748 -0.101376820001854 0.136428649372741
0.0704080729193409 0.0986172319506442 -0.187423044003353 0.114736338272873
-0.0135113668986314 0.129200894876268 -0.266867012401951 0.0331006896110312
-0.117820642195381 0.115767854477278 -0.260063692264277 -0.0608784772106112
-0.191718045654022 0.083477484770278 -0.260465012771105 -0.0312343867853168
-0.20995191959518 0.081727766686544 -0.188882263137078 -0.085664968503444
-0.124654675292016 0.120637017141978 0.0646883739510291 0.0335624857961518
-0.0111606771128477 0.146070627351123 0.141110342641617 -0.187152284430587
0.0817501133362435 0.124527736671238 -0.0371732973324886 -0.288435442735432
0.111980971471806 0.0538666293703617 -0.209792138453366 -0.172745950800056
0.122937537435173 -0.013735404183478 -0.221860149964198 0.000545394479043444
0.0951736522055702 -0.0791122430510817 -0.138723274488778 0.0852696757286705
0.0767149539601345 -0.0908606320757876 -0.0803159040747143 0.091464543008592
0.097048739968501 -0.0956746725972038 -0.0398913022463287 0.104857349938846
0.147714322164831 -0.0376430692659333 -0.0247275402698319 0.127360462931898
0.150034780823925 0.0473077356966054 -0.044157442195894 0.148711595145676
0.130177918566957 0.160562912979293 -0.143926418280505 0.152467257094331
-0.0168587649350947 0.213357480926784 -0.241420621580517 0.0782676327791905
-0.186346663169383 0.162273266866541 -0.21648337083888 -0.0235587003488747
-0.289698227786329 0.0889853751817032 -0.166211533733133 -0.00840729133048517
-0.282359443944458 0.0534253491422729 -0.083641419509835 -0.0948565017973624
-0.221715200059222 0.142986750887328 0.127393882009663 0.0346005413417218
-0.0571213368749122 0.230368428406427 0.192439334486398 -0.177135655639236
0.11711013936067 0.207351195162526 0.0146322096784516 -0.291374430856666
0.172192763688683 0.0810724324904922 -0.157302108965106 -0.185017060164476
0.174091903818238 -0.0178672840318599 -0.172957103404249 -0.0262676831499071
0.132489083238249 -0.106782687772999 -0.091213406236684 0.0479959215145023
0.0999122331467468 -0.125387738507593 -0.0365733885155023 0.0505488744142035
0.113983623564555 -0.127734262506117 0.0093874330414499 0.0646668449198322
0.175759779916895 -0.0618796211572149 0.034861126511263 0.100307655262349
0.189641623593865 0.0380639581135347 0.0268965494544876 0.146190143232967
0.178705282673041 0.181391566301072 -0.0830865711903495 0.179735276877944
0.000291355727332221 0.258960980642562 -0.200800346895033 0.119518379351048
-0.211280720618745 0.192014552418279 -0.167964929674683 -0.0010649476630349
-0.338098990694898 0.0879644700492407 -0.058746485266252 0.00572984449382442
-0.306668002924277 0.0132494826472376 0.0465569078305508 -0.0806641987465622
-0.28676441303078 0.126950890926337 0.201775460354468 0.0458668429120434
-0.111612971644321 0.267808899392812 0.242393340665541 -0.141624049122769
0.117530925558926 0.266141319112494 0.0772820631721026 -0.262435145672056
0.201468998784877 0.106630855096014 -0.0824983813266262 -0.179620317807541
0.198961737431233 -0.0146652788322109 -0.102191566917258 -0.0537092150633893
0.149987855195145 -0.116266721435513 -0.032162094464559 0.00509698017513144
0.108709816243599 -0.141114700940523 0.0126839617099001 0.00324422102764491
0.11326958380022 -0.142054978989469 0.0582230289160769 0.0169130209631028
0.174632017616941 -0.0758433119017439 0.0912618343806904 0.062449803080603
0.196664262594301 0.0258588438244972 0.0922446839981661 0.129444629776701
0.193281981982941 0.177828797881552 -0.0205457313523376 0.188149340549094
0.00901678860541606 0.263034400135075 -0.153429390647722 0.143586732123299
-0.212620772412587 0.188176612415002 -0.121889569742906 0.00790299418393826
-0.338199883849324 0.0705902896757654 0.0462064025756966 0.011764296737197
-0.27182163897542 -0.024857543883803 0.176859344546511 -0.0473107396807266
-0.293079244822015 0.0823330897269299 0.270215712196434 0.0655778020039375
-0.144673429990367 0.244986581187576 0.276639398705514 -0.0890483105096693
0.0896468682393939 0.27122822004515 0.131602526933817 -0.206266974085706
0.190236417921765 0.113643260186884 -0.00140138954358526 -0.154579300373423
0.188246210761052 -0.00843907503970979 -0.0219121611558047 -0.0742758672827266
0.141972066890314 -0.10821743796517 0.0277977314892177 -0.0371404565769751
0.0997961490259479 -0.135843942537713 0.0600183960078699 -0.0439296113922801
0.0992763838246855 -0.135483938727465 0.101782105477564 -0.0299754997697894
0.152328740163051 -0.0774965904427924 0.138481350966835 0.0243076108593383
0.177674651671919 0.0168738225715145 0.144368827431856 0.10868353028945
0.176164552441976 0.161493403812804 0.0281164909255468 0.183274082992391
0.000356788434272261 0.23479759217271 -0.109474569965741 0.152716519252875
-0.199798663417914 0.153748268725077 -0.0813844109774802 0.00927753840589131
-0.297861017894912 0.0354505043873432 0.135218192046735 0.0171944064544398
-0.183999684010901 -0.051793164690296 0.281630353447395 -0.00431843264896556
-0.232106771950728 0.0288444806292852 0.319231311405433 0.0838643182305956
-0.134841057451784 0.173485625742124 0.289579223602697 -0.0354272550701501
0.0555020071398222 0.214895663416085 0.169899069141028 -0.143539792084088
0.143046534219235 0.0908749306388827 0.0668066233736359 -0.124741910020398
0.141764746354867 -0.00571794199439611 0.0483398355612952 -0.0901670438771031
0.107094856026311 -0.0839819363112257 0.0770340031505139 -0.0754077481082056
0.0742669940363534 -0.11078780188469 0.0980026676439308 -0.0835663522136584
0.0746349600130056 -0.109876300416034 0.137196944922077 -0.0694379839146687
0.115626297058398 -0.0677683419354584 0.175746762526082 -0.00462520808223904
0.14300026585621 0.0102693887913268 0.181468227071273 0.0945269110119577
0.137493796518684 0.13402099455325 0.0606393276449774 0.181049671232853
-0.0157242829165878 0.184875180142635 -0.0763794666979383 0.155961900543901
-0.174316420217344 0.10165561919729 -0.0507488985265843 0.0109853899442799
-0.223074175538104 -0.00900223870089028 0.201386738388724 0.0262168886370963
-0.0614878242888419 -0.0660541488971561 0.342801244337934 0.0314728581123534
-0.120126984851728 -0.019797036456189 0.341168466973075 0.0881645862984778
-0.0806458109787002 0.0762753564057774 0.28848827756303 -0.00155703900308731
0.0267572608888935 0.111981103799292 0.191529710057368 -0.102007828536291
0.0711488958628193 0.0420816993164644 0.107492506128172 -0.11031972436588
0.0678918544047621 -0.00584868895848175 0.0908072832150864 -0.106184786152119
0.0521036970002791 -0.0475628028538618 0.103928488676223 -0.104532613867431
0.036418776541993 -0.0679178172851217 0.120424086579982 -0.11065256684034
0.0397701489609897 -0.0695069856308305 0.158486592127352 -0.0958514868745059
0.0675537600585115 -0.0509177247012503 0.204188833381564 -0.0201849895270317
0.0967371286732649 0.00312626356021171 0.20707621199712 0.0932109631989387
0.0880932217236059 0.0932537352408753 0.079429395011197 0.188868738228974
-0.0300908805521917 0.118478224687915 -0.0560724663858077 0.162865795569429
-0.129608919648353 0.0416625542695841 -0.0338214829908496 0.0148659850142244
-0.120850037502899 -0.0520195511724848 0.236997906534316 0.0389589083152677
0.0145777674193463 0.0711467061098851 -0.267488648513428 0.0203730596375548
0.055741048619386 -0.000967768655774103 0.0217472266758628 0.0521951691343053
0.0148063820473334 -0.0524899078844571 0.070162903591243 -0.168881044434122
-0.0396017511775304 -0.0225119975761989 -0.096234278635127 -0.226686095382775
-0.0275439035021329 0.0178763596161847 -0.245838595324203 -0.108818181016139
0.000664827392677524 0.0159885701473021 -0.239161814413433 0.0549825202424803
0.00196356618592383 0.0103442141347871 -0.163781907860291 0.136847436419954
0.00178285268323337 0.00964716179460905 -0.111726708575948 0.144018827300598
0.0067707781354257 -0.00555105717038166 -0.0881439670608407 0.144971561630022
0.0125689436162776 -0.00511378938792268 -0.0853824706970569 0.143207790114533
0.00873376119378334 -0.00114240605870837 -0.115155223984074 0.135269829562472
0.0223304636849764 -0.0041013655626038 -0.19383894528731 0.110147677731908
0.030266514870182 0.0226568653805901 -0.272573113230944 0.030691111810202
0.00251948670299251 0.0738115753822247 -0.30139809112687 -0.0696831049903409
-0.0451993288525741 0.0852457506860376 -0.32430832238885 -0.020661609093654
-0.0948401483133139 0.0974250643612585 -0.253727590840891 -0.0229564149452165
-0.0186832458990246 0.0714048047826285 0.0308978411439359 0.0391585969713498
0.0186035095448077 0.0432318899453115 0.0829498226730385 -0.184842656854335
0.0299620092379936 0.0383715820562355 -0.0929869582809865 -0.251248250052198
0.0428930250865954 0.0258293430868994 -0.245259985756742 -0.124199484213473
0.0592391322107748 -0.00923148241136724 -0.236750993787208 0.0464698573068217
0.0432040544384073 -0.0425718944695548 -0.153368607734023 0.125300866150445
0.0357020272830689 -0.0472798418865013 -0.0980869499696524 0.130797059360806
0.0535594420036697 -0.0583607282954443 -0.0657599483019706 0.136098678223802
0.0888692918177635 -0.0256440574761205 -0.0591743627011386 0.1424223099207
0.0881727623577164 0.0274385660589743 -0.086228867208711 0.14376782428256
0.079967375552879 0.0894990375934464 -0.171121342705169 0.131413860558451
0.000462508669892984 0.128973281686639 -0.256300554949792 0.0600781711622285
-0.104176107821976 0.12677407689466 -0.262066222567343 -0.0335017796596756
-0.178663159107493 0.099838693631883 -0.261663278183004 -0.0037579326542113
-0.197408295414105 0.100361343951916 -0.193754685841271 -0.0611141296101299
-0.110310439387379 0.131992178211094 0.0673367578638454 0.0276184829654841
0.00499239031547627 0.144581519143297 0.118980244641444 -0.196320699429111
0.0957280506772776 0.112290501333677 -0.0663770519583606 -0.276635353507789
0.117034145874561 0.0397662978514329 -0.222601988020158 -0.147365182548988
0.119511089514941 -0.0284984284429635 -0.215841829254065 0.0233079263751904
0.0848052986676815 -0.0880567368438328 -0.127109223650939 0.0963361826949563
0.0645561680118092 -0.0972444684356347 -0.0702954453741357 0.0980206449322814
0.0846864428837416 -0.104760270657722 -0.0286441025474897 0.106571842151912
0.142001994073278 -0.0537491250620301 -0.010873255135928 0.126634016620026
0.153399338125706 0.0307205010893691 -0.0284296140989961 0.149128905046249
0.146180862200994 0.143004710198762 -0.123366583124377 0.163831465567131
0.00649470244237676 0.211604954954255 -0.226636320371493 0.102327372086765
-0.167282306612709 0.179207318476961 -0.214315308292401 -0.00184118541951417
-0.273771631726092 0.116113099801041 -0.16672202149733 0.00903785815003385
-0.271432330932406 0.0801713381324963 -0.0911818617960047 -0.0816064640447244
-0.202642531713829 0.164154803717917 0.128565200764794 0.0229232959191368
-0.031228600089752 0.231770180996201 0.169621786529737 -0.190498821221915
0.140286035472306 0.189517879610497 -0.0162417246080759 -0.284401195634158
0.179492526507008 0.0604773843095109 -0.173130825955194 -0.165375224664888
0.168944941306556 -0.0375124517566815 -0.17117142311271 -0.00893944589649446
0.118263664364794 -0.119597586603438 -0.0847576888203044 0.0548443662580724
0.083338013205252 -0.133625745770383 -0.0314125278349778 0.0528863784882476
0.0977404119183035 -0.137594881769363 0.0149006899051736 0.0616605989113645
0.166039558561319 -0.0799819372734536 0.0450692245254879 0.0936225746305894
0.190549748262425 0.0168895332757211 0.0410571204769154 0.139344451202833
0.195958380499588 0.158120327632191 -0.0610931609185485 0.183763907463444
0.0282572019659103 0.253465433050538 -0.183060746237464 0.138947759005315
-0.188657482110357 0.211239686418465 -0.164818782284525 0.0166816431310358
-0.320640305411851 0.120754201348361 -0.0587794197068963 0.0110617539533394
-0.298309072184697 0.0432577657712348 0.0385300230854515 -0.0822657679830863
-0.267829924145456 0.155491391457069 0.201738608575607 0.0264437826447244
-0.0796998768497441 0.274013393182536 0.222026306846786 -0.160929466899971
0.146822397332753 0.246681777941985 0.0479131123854957 -0.262835588188722
0.210913847836101 0.0824255613574484 -0.0979644940167781 -0.167347445145563
0.194366464156958 -0.0369753014377586 -0.104031472919289 -0.0429915515359557
0.135027842432021 -0.130552885310829 -0.0319021926283698 0.00675228261913071
0.0897861549715439 -0.149664902269049 0.0120274882766832 0.000532276791047931
0.0954440351073064 -0.151292308447101 0.0578578091824804 0.00901325706285065
0.163440020091891 -0.0932377580203279 0.0962737673415839 0.0508183609144808
0.195930455361156 0.00410395300838403 0.104007940540474 0.115999896164123
0.210530379491667 0.152920896406415 0.000968367726069673 0.185365918633275
0.0374106117122101 0.255960993604278 -0.133728868169485 0.158245696704795
-0.189613367479977 0.206908680258088 -0.118012726198498 0.0212886821290264
-0.322994230901838 0.104047310045787 0.0447618823288683 0.00561850071417751
-0.267663621313375 0.00351051251017137 0.170411007633385 -0.062802707358743
-0.278507444868069 0.111517844297385 0.272220864777709 0.0375321375997456
-0.11534120677489 0.254211827944299 0.261304802902802 -0.112731254309515
0.11981336203284 0.254576761477048 0.108027027569015 -0.212809545533512
0.199986251563344 0.0901067229453079 -0.0157233112647825 -0.150484780525393
0.184148060802333 -0.0293333504084834 -0.0276447663309486 -0.0716461515150273
0.127871530884374 -0.12094180451449 0.0228403349883899 -0.0413863430489669
0.0814747752758345 -0.143552752526341 0.0530313397261657 -0.0508432209120097
0.0825009060116738 -0.142968666763938 0.095384227945307 -0.0413612376007255
0.140774751913171 -0.0919464159933022 0.138912095690599 0.00878686019866394
0.176533693816326 -0.00249916316217605 0.152421298817916 0.0896025949659688
0.190517279583922 0.138236347342387 0.0479381721971051 0.176366130318909
0.0258893515615822 0.228120644937472 -0.0892910381467066 0.162938061455641
-0.180217927865085 0.171810169359604 -0.0785645240108586 0.0180728036311989
-0.285712886761118 0.0658481315708576 0.13303163666863 0.00136568087787742
-0.184945095451843 -0.0319476935009097 0.277943110705716 -0.0327648672177858
-0.223997680050026 0.0525988330953543 0.322362085842084 0.0505902927948361
-0.112649618189861 0.182967552248845 0.279627574499924 -0.0621595146221207
0.0796780912451485 0.202487213723601 0.151146232211593 -0.155847155838301
0.150172897271174 0.0727729187541777 0.0539091762833071 -0.127544499784249
0.138513549546983 -0.020976801006163 0.0393431272986184 -0.0944181963045062
0.0956910537626101 -0.09412401893446 0.0674382082435755 -0.0837304501661452
0.0594440092018266 -0.11565255937196 0.0860745819227251 -0.0940992545416772
0.0604357464967402 -0.115203506877916 0.1261735284351 -0.0832825362602314
0.105375685520912 -0.0778499519608681 0.17316934116536 -0.023753764916302
0.140542296954545 -0.00456808413419261 0.187927326049864 0.0729114438647463
0.149550770914997 0.11488225998412 0.079543921325919 0.170799352087125
0.00328162359921264 0.181057645752158 -0.0562221521962098 0.161802010628854
-0.159644605845094 0.117674026401807 -0.0479142848163597 0.016581218771516
-0.216706407132227 0.0147197417460303 0.199078022003764 0.00225845155011872
-0.0661443045082791 -0.0582476215271417 0.341925398742508 -0.00558377667903717
-0.118653217485363 -0.00647541194235906 0.344410012863951 0.0522744210390987
-0.0700083367190331 0.0820080963632571 0.282371354856642 -0.0290109318000896
0.0393305535042652 0.104430133853498 0.176697853200708 -0.117686947168539
0.0742694268073219 0.0333238050679778 0.0955781908103866 -0.117972499704676
0.0661908746555981 -0.0126479558328645 0.0788545401896087 -0.114320454926768
0.0456527726679007 -0.0521969493821378 0.0909187238344232 -0.114988700545823
0.0268002185551176 -0.0697835102302999 0.104723296039277 -0.123206558227671
0.0308125802081173 -0.0728828808848151 0.144879243421932 -0.111685542743219
0.0598080954842211 -0.0563087370455959 0.198825239023183 -0.0418498102198451
0.0948303575562099 -0.00718955102196996 0.212602813586788 0.0692593973888681
0.0960972199279541 0.0805242686005319 0.0977312063121848 0.176619117110552
-0.0178211002056409 0.117643338402046 -0.036791140469761 0.166132948945257
-0.121559381231302 0.0539501136785229 -0.0321686638344559 0.018734022288472
-0.121219601022572 -0.038312513566861 0.234729826797728 0.0112507673853644
0.0191501392505591 0.0636668916520166 -0.249719637756287 0.0422653651059259
0.0518396965625185 -0.00536202562046921 0.0257283609238875 0.0483692870249739
0.00943643350219658 -0.0493174603628986 0.053385812007263 -0.164641715607198
-0.0380131028181087 -0.0180544427669745 -0.108364694976643 -0.205536440625699
-0.0237888612706321 0.0188156416359093 -0.240785922049026 -0.0833563269752734
0.00177965145542414 0.0139007744960232 -0.220737138470725 0.0706649781511029
0.00268016169109317 0.0086968950410763 -0.141729171726086 0.141545490170468
0.00345862400163168 0.00845845985171758 -0.0936543271283817 0.146077825533633
0.0063083371847077 -0.00653716370443271 -0.0716819380243416 0.145202854540963
0.0125387403970437 -0.00639729503553929 -0.0699681526809012 0.141973409695467
0.00845801549973977 -0.00133790746083939 -0.0977152585098438 0.136282198573147
0.0209190528248837 -0.00517075672217232 -0.173974387652077 0.118430814587357
0.0305829387236813 0.0203349350557027 -0.25351532531684 0.0479481317611389
0.00805048390825311 0.0696367564716863 -0.290850099186421 -0.0436693682702402
-0.0357791391368641 0.0812740952358252 -0.310706895967919 0.00632307944889689
-0.0821043691371115 0.0977254190378255 -0.240522879180362 0.000696602854773256
-0.0124001345233824 0.0692381789665077 0.0332203764419781 0.0361385428040058
0.0213849020901485 0.0401229834936617 0.0648934230059895 -0.180161797470495
0.0327778020724123 0.0326362623537267 -0.10740847854622 -0.227958648784838
0.0435321198317692 0.0199474850476872 -0.240501304734258 -0.097669027125587
0.0551264838000074 -0.0147172834961273 -0.219184636197207 0.0619010995033122
0.0373635571380825 -0.0447649834486311 -0.134129957599981 0.129855407291132
0.0300739080429716 -0.0475781058277123 -0.0819313254413282 0.132117820732342
0.0457451907691326 -0.060300988421799 -0.0513693613521653 0.134390743581144
0.0824383899197845 -0.0321820069784097 -0.0452832749961586 0.139129083002323
0.0863476225409114 0.0185687812057552 -0.0705670567573572 0.142097602962376
0.083547890975649 0.0777427016622186 -0.150090718060652 0.13689612515478
0.0111817372691154 0.122900596483455 -0.23644509213844 0.0761601258905189
-0.0891286199823076 0.128625726173315 -0.25038205545659 -0.0119819609255932
-0.159566278772564 0.106597267314454 -0.249486382977784 0.0176175864468492
-0.178703366122778 0.108851160418921 -0.186455154954438 -0.0396309737750852
-0.0942560637054751 0.134143390209368 0.0660142420578381 0.0227677036332654
0.0167730879943391 0.136315493567037 0.0967108908189832 -0.192038816972376
0.101275918272764 0.0968562663763661 -0.0840325556707831 -0.254412788546775
0.114993229245102 0.0264051088893755 -0.221369088829642 -0.122132329194282
0.110096764597434 -0.0379533850924832 -0.201278540035183 0.0383466081660274
0.0731250441129345 -0.0915250290139945 -0.112528669546801 0.10037593201191
0.0528510643846161 -0.0971561407163739 -0.0588360858872203 0.0988259091507361
0.0707262156584692 -0.106480023196336 -0.0193265763833982 0.102780056514062
0.130089546649551 -0.0629315552840349 -0.000414849103741336 0.119924014631079
0.147891551963129 0.0161945403808236 -0.0155642311853316 0.142475066111946
0.150435715076053 0.122298471630206 -0.102857185426281 0.163730095877103
0.0234338314306059 0.198810434211176 -0.204915045594051 0.115032981584601
-0.144940115744403 0.18367990805301 -0.202247993304878 0.0154121158227681
-0.247712148843523 0.129047360463791 -0.159439754810372 0.0217622203032343
-0.250038108255438 0.0959308798703646 -0.0911576595598683 -0.0673796630155786
-0.178740009845084 0.172196127987257 0.122674780992921 0.0136766153015158
-0.00998469293634615 0.220677323464352 0.145114068931952 -0.190592327256225
0.150183751006038 0.165561204927328 -0.036956790903368 -0.264744903777258
0.175756232511656 0.0409843948410811 -0.17549935162821 -0.142342268808486
0.155902059381144 -0.0514044922375403 -0.161114905155577 0.00399610065915118
0.101800729733382 -0.123209695317741 -0.0764794947644654 0.0572407830747801
0.0668498435785215 -0.132717166859643 -0.0258008476773541 0.0524071256460922
0.0801110205577757 -0.138270833996615 0.0177296990275932 0.056681124690841
0.150305401556088 -0.0896673825654674 0.0500976634640209 0.0844745475164648
0.1817342605672 0.000286768990155813 0.0490619266877763 0.127804482560009
0.19925651844509 0.132524115713883 -0.040494524372548 0.177359467619839
0.047879746689934 0.236888100835635 -0.159603603135858 0.146670453317011
-0.162425858759091 0.214633180404332 -0.154025718409734 0.0289768889452647
-0.291763073677625 0.138367566007503 -0.0566611861579718 0.0150111953769841
-0.278383059253694 0.0639773833997147 0.0308914875475972 -0.0786539154668658
-0.240927433709219 0.16853862317581 0.192148286828114 0.0113167439714591
-0.0523557386906285 0.26407211831124 0.197367337913271 -0.165729355862302
0.160568912420663 0.219010440243433 0.0252253200319158 -0.248945365071865
0.206745941689271 0.0591184240253398 -0.104881029923557 -0.149897670913634
0.180392138224782 -0.052310686244113 -0.100717833438163 -0.0334859977176127
0.116297277142497 -0.134578956454553 -0.0305171460690762 0.0072233549426143
0.0711100408880231 -0.148405473833128 0.0101307772378455 -0.00101472571180125
0.0769448574761639 -0.150598396586544 0.0538545539102264 0.00364260429691019
0.146296990452321 -0.1021110217653 0.0950130243423788 0.0389920249048201
0.185524217197621 -0.012185242136321 0.106405369164694 0.100491756347278
0.211904357069413 0.125198789786736 0.0172051717589592 0.17363454382538
0.055687750469769 0.237669790583969 -0.111028832843458 0.161328063272653
-0.162963428933671 0.211061270342068 -0.1090841363024 0.0291830666065771
-0.293929273789263 0.123494305067108 0.0413096254247 0.000654312058345333
-0.252352192589583 0.0235948373579759 0.157399050065373 -0.0719366516407068
-0.253738526180361 0.127935437159639 0.259340098868467 0.0160140821933867
-0.087608003495211 0.248410492162775 0.236951723854768 -0.124386624752052
0.135453393127064 0.22827431773977 0.0858793760956762 -0.206735240911757
0.196526384310498 0.0676691192611826 -0.0251531098860849 -0.140457058675128
0.171576722270747 -0.0437346133760428 -0.0313248472468143 -0.066742533587482
0.11019432319084 -0.125407055691423 0.0175536052941858 -0.0430004862732868
0.0637898589608557 -0.14132789113616 0.0443891230068398 -0.0526814021057972
0.0655324794205848 -0.141725291358775 0.085247077399305 -0.0474850300994413
0.12485779189183 -0.0978503620772936 0.132163967913275 -0.00411193173074384
0.166652140864864 -0.0168359602432618 0.150061511389582 0.0716564575732412
0.192499972836213 0.113190754360337 0.0608454120448367 0.161652749121337
0.042163944094702 0.212982893250989 -0.0688744856279526 0.162003161812864
-0.156950537043723 0.176923378282845 -0.0719578179706303 0.0235191950883625
-0.262278168822229 0.0839885864155183 0.124104191350411 -0.010874508559646
-0.176762060619499 -0.015233358416664 0.261837463873963 -0.0530180526407959
-0.2059023771374 0.0677119644899946 0.30860105543561 0.0236037224959049
-0.0906433639219736 0.18088718514254 0.25847837706821 -0.0785116276270446
0.0929574153764946 0.182167270220191 0.131308625607034 -0.156242468875576
0.147751445717551 0.0554057834346706 0.0424390769935131 -0.124308375119262
0.128434137574086 -0.0315021926640403 0.0311646284217317 -0.0935585558797836
0.0821269142108253 -0.0965505895303185 0.0566413244983687 -0.0864638140429375
0.0447720062438138 -0.113021764744168 0.0718414662152806 -0.0973079763664103
0.0467898328152045 -0.11340777187971 0.111258937774574 -0.0902518066971919
0.0921670687126781 -0.0815082769962137 0.162062542373479 -0.0375676707095266
0.132545641019966 -0.0164614990949557 0.182031134204589 0.0530502873193636
0.150884128952894 0.0952459183869753 0.089583006057518 0.153743136666899
0.0170034061037701 0.169688431532913 -0.03826189744214 0.15846740644795
-0.141293811534036 0.123214918561575 -0.0433635237409067 0.0192400483166852
-0.200742184812844 0.0304920158860046 0.186935340095043 -0.0147273075219285
-0.0668009406293349 -0.0497955504714198 0.323581287171709 -0.0329119133938673
-0.111620926916732 0.0031943901463697 0.328649758758265 0.0224582046682644
-0.0591458222451214 0.0823629662212159 0.264523108356545 -0.048407898347614
0.0463025537582432 0.0930855695099481 0.157465323393483 -0.123574258662784
0.0725249425444785 0.0252537567533769 0.0827219965193597 -0.118470728753817
0.0609964991351008 -0.0172233097278828 0.0664795753825491 -0.114966321615156
0.0384766869510137 -0.0526863088410633 0.0769028167573598 -0.117640657908793
0.0181852419090964 -0.0671365534318954 0.0877906651532694 -0.12609754428353
0.0222400742180086 -0.0705451536975943 0.126949146630422 -0.117183491527634
0.0512375635898905 -0.0567643931502765 0.18440601422366 -0.0562312803809127
0.0885050324570573 -0.0150649004761331 0.205457721314989 0.0483936712771148
0.0972566900245661 0.0670589017761905 0.106916437981502 0.158667347014523
-0.00870067987790278 0.111397838060276 -0.0201365945400764 0.160305464292395
-0.108849484323468 0.0600646281456698 -0.0286489751796392 0.0196733209277069
-0.114695811134237 -0.0267141481918265 0.220560777056153 -0.0107617796824916
0.0191392481383332 0.0573248944101752 -0.231451642477875 0.0519182599019636
0.0479129860173614 -0.00685467333966426 0.0273589804751102 0.0449720187399184
0.00698812868538364 -0.0458258807818708 0.0441043816121143 -0.156264555170693
-0.035810829376026 -0.0154936069354379 -0.108674050628823 -0.187419629352332
-0.0203228293180653 0.017647631261049 -0.228785148547515 -0.0689056271949794
0.00213764437110525 0.0124616328398547 -0.20384305451459 0.0743663154258368
0.00271612271330471 0.00704867485031764 -0.126208517658017 0.137911099069913
0.00419138193739551 0.0070551168262135 -0.0806287080502578 0.142050568332939
0.00559738758436897 -0.00731538127340596 -0.0602696175973844 0.140640234856693
0.0122488574960722 -0.00730011183977471 -0.0602600809009958 0.136507530167722
0.00852446025907606 -0.00152276431324544 -0.0867743603535535 0.131898224548819
0.0193107444688424 -0.00524388017692992 -0.158142809061168 0.117415977067913
0.0297418270558286 0.0190491683693386 -0.235131810254972 0.054012597252508
0.0108505258928774 0.0652913791441333 -0.27592158478155 -0.0304707376594895
-0.0308780358365781 0.0760538509763671 -0.293124898689885 0.0199207018581267
-0.0739821886230667 0.0932528767758362 -0.224361264196107 0.0124833124179105
-0.00936892694575645 0.0661438720447217 0.0334894108736538 0.0340698829796414
0.0221983981615478 0.0370786570002083 0.0538319117816528 -0.170555353591521
0.0335958078850392 0.0283683221169755 -0.10826699479736 -0.208576983406926
0.0430794016349743 0.0154513489863179 -0.229769254356763 -0.0824811478374317
0.0509868701839647 -0.017277441859701 -0.202305648802573 0.0661971645443814
0.0325788041360193 -0.0445221073313886 -0.119469192494179 0.12680867548925
0.0263031383803475 -0.046734240658859 -0.0708639882300663 0.128775671733625
0.0398757664319511 -0.0589639118720829 -0.0429772412515311 0.129171258206417
0.0769384492705708 -0.0346081826417892 -0.0369862329844226 0.132310903516794
0.0823759623423515 0.0141439536830936 -0.0611187081522585 0.136444068488487
0.0821039099216621 0.069718679867243 -0.134782474609387 0.133486859095251
0.015718394914867 0.115059175063413 -0.217193393369898 0.0800950519355164
-0.0790557496750015 0.125210895698596 -0.236326159446774 -0.00204666650108173
-0.145330759308406 0.10454234000422 -0.236300527281092 0.0271334353852757
-0.163679460928485 0.108128526191541 -0.175603570963104 -0.0274872407301633
-0.0833817320673725 0.130512144285876 0.063952993451491 0.0208184718676198
0.0220236767195611 0.127493531145414 0.0841888968897172 -0.182755115688908
0.10087186576467 0.085210415899558 -0.0879035887235832 -0.233653260405692
0.110287523466335 0.0183177915332442 -0.212656701607247 -0.105489676983608
0.101189968681009 -0.0413099442067734 -0.186867052621831 0.0435244680510161
0.0637051374510175 -0.0894184470175914 -0.101240280407738 0.0984275160742371
0.0444246274262982 -0.0934362594045699 -0.0509009916436651 0.0960863609960594
0.0612575735499123 -0.103743164763184 -0.0142140466566964 0.0978973379530821
0.120497440746928 -0.0653530224481034 0.00401571311616945 0.112062462494382
0.140067978317536 0.00860790052778535 -0.00961100040535407 0.134439251352729
0.147631559482771 0.107653543106751 -0.0889601917739161 0.156722292596221
0.0311447305501978 0.186042434009653 -0.185836268252969 0.116276874331383
-0.128891880240116 0.178848134489794 -0.189737825093253 0.0219540354858664
-0.226614643704903 0.129808141492782 -0.150666003202087 0.0275277667816788
-0.231532290032408 0.0994510478875721 -0.0867870821224029 -0.0578360701590454
-0.161268084593626 0.168909057679125 0.116379765677906 0.0107651846017312
0.00101029936286728 0.207207144034666 0.129481193204967 -0.182336528537059
0.149617387675855 0.147087947376378 -0.0443406602724668 -0.244741772145017
0.167844238925825 0.0294646362365001 -0.170197851110372 -0.126934364318711
0.144026612473574 -0.0558690649402803 -0.150469460755575 0.00962245787265407
0.0891739464648452 -0.121015547418445 -0.0697452840713156 0.0564111046842964
0.0558635852202677 -0.127177824968944 -0.022623585660581 0.0502528179480238
0.0689380774835519 -0.134093418460126 0.0182641923297154 0.0527851171549561
0.137548457666602 -0.0911479360418395 0.0503591999962883 0.0763721845420759
0.171353643510888 -0.00844630767944246 0.0502781235605035 0.117790087673067
0.193768743699896 0.114518862897323 -0.0300907946834621 0.166735455738543
0.0545284335637719 0.219975985760198 -0.142239492928286 0.145052429664692
-0.144219295491822 0.208938545794509 -0.143350213237806 0.0324178186083883
-0.266687896459225 0.140518138452481 -0.0545310263846461 0.0161473991692403
-0.259113611846063 0.0705089636477865 0.0276034745871181 -0.0741134738136442
-0.219387537579244 0.169089634828862 0.181725324567749 0.00455195582059779
-0.037789357097374 0.249233907625172 0.179051464946255 -0.161180311350246
0.162045183394675 0.196373812052549 0.0150359977897138 -0.232398545066094
0.197774348716707 0.0454654782294846 -0.103781178923227 -0.137388465394245
0.166895811785368 -0.0573050374688735 -0.0954557500953191 -0.0282144241324013
0.10305190660153 -0.132573924137912 -0.0288789525813559 0.0072309403622147
0.0584842597826733 -0.141686839286479 0.00880048259253497 -0.00159116684471876
0.0647954224243117 -0.144796427699485 0.0497905931952468 0.000991083049595014
0.132804779517952 -0.102572610079261 0.0909895637532639 0.0321762677937877
0.173801898485412 -0.0203672017024767 0.103210792257422 0.0893973732652992
0.205606089652921 0.107268510497792 0.0243131382626599 0.160794330845293
0.062205327088789 0.21947231090948 -0.0952283554519983 0.156660783868948
-0.145416244520381 0.205420358761041 -0.100895049158429 0.0318745518291032
-0.269305109448161 0.126332447190065 0.0370284544482766 -0.00143972986673946
-0.236466815589259 0.0320670110005337 0.146200441316753 -0.0734982555022443
-0.232683749419619 0.130828028475292 0.244520874873132 0.00545251102991747
-0.0708978894014607 0.235713090623706 0.218052197915924 -0.123545241902919
0.137928579578709 0.205721929716506 0.0729109161476257 -0.195263417880344
0.188149325607495 0.0543093769031044 -0.0283226965058757 -0.131508240632024
0.159132036272228 -0.0490495211086578 -0.030882703833547 -0.0626939398430162
0.0973532584981598 -0.123152151166693 0.0141568817234465 -0.0422572984882865
0.0517941144139108 -0.134612757374342 0.0385879641927906 -0.0524073178242698
0.0542502428814622 -0.135809457733919 0.077144658804539 -0.0482082786423634
0.112957967579218 -0.0977157035982888 0.123897023631395 -0.010090542866078
0.155507304359279 -0.0235139292121445 0.142991200032534 0.0604900115745345
0.185834110518684 0.0966823107596997 0.0650969968441239 0.147660371293745
0.0476274393739446 0.196899323817984 -0.0558513585495197 0.155342945322538
-0.140143452142256 0.172459316112441 -0.0662280971758671 0.024871845157318
-0.240053807706015 0.0886613576052135 0.115121864046455 -0.016483431465812
-0.166154969214566 -0.00739191422672155 0.244966048087791 -0.0607046250619173
-0.189824261937218 0.0716980344735153 0.29091428619463 0.0100014194920402
-0.0771570634506321 0.172179540532099 0.239592311881542 -0.0821022062132217
0.095190025113884 0.164384012939222 0.11742145359707 -0.150492397790325
0.141182030701343 0.045439182018154 0.0358478417566182 -0.118917395286417
0.119712311203477 -0.0353834882669069 0.0254843995017772 -0.0898037763177523
0.072695356225381 -0.0942029718470611 0.0494415804603895 -0.0848504418921354
0.0353708409538033 -0.107037808488556 0.0625958492138389 -0.095065053546434
0.0376918238370481 -0.108496305527264 0.0995774354351988 -0.0894165876941971
0.0832497681026392 -0.0802520233312825 0.150522851368563 -0.0427934152910123
0.123577404152405 -0.0213856097020575 0.172273789077217 0.0414813614714509
0.145764602006226 0.0816138725244934 0.0912365443621478 0.139764823385185
0.022062662430843 0.158220019001647 -0.0279553223102307 0.14994279070514
-0.12656349027235 0.121037063968865 -0.0396115597992339 0.0196088670728649
-0.184573533451131 0.0357502980846694 0.172912180755906 -0.0236146359118741
-0.0644149162198767 -0.0434459411892892 0.303530346315625 -0.0451010931906641
-0.103439377822655 0.00770354496453747 0.310417319020195 0.00704562867596462
-0.0512338442807163 0.0785824569546817 0.245973071498885 -0.0549623675865743
0.0473978531928647 0.0827188304188729 0.143467435395241 -0.120510282652249
0.0691241120712529 0.0206282017107578 0.0741538090573932 -0.114239311097153
0.0566101331898251 -0.0189046468368708 0.0575228137286484 -0.111696061926995
0.0332407978302876 -0.0507896526977144 0.0666877260661528 -0.115425116101246
0.0132395394936388 -0.06262520934135 0.0757517717619745 -0.122872712082661
0.0167723227372439 -0.0667602182249502 0.11345911139103 -0.115768739977392
0.0452371875641014 -0.0549286271094872 0.170934744185262 -0.062029537579936
0.0815532375540771 -0.0180786167687281 0.19416957195321 0.0366370161083589
0.0933325401868374 0.058086147570798 0.107774755062876 0.143668323215197
-0.00456646012473756 0.104673050001 -0.011036050510254 0.150991591268139
-0.0989952663347116 0.0598377172278301 -0.0265213664037711 0.0198070412773048
-0.106763755978029 -0.0212020604825314 0.204753036231115 -0.0201990041692485
0.0182372901093005 0.0536197394381031 -0.219425175632308 0.054808738950957
0.0453654742138685 -0.00710482426402802 0.0282317241974176 0.0432492070926476
0.00580470699441942 -0.0428053697542458 0.0406302895007635 -0.150864764775783
-0.0338932558638166 -0.0145091971429958 -0.105618330104466 -0.177689899556671
-0.0188352990319202 0.016664465345681 -0.220621702877415 -0.0623578031050414
0.00206890473946297 0.0109236019852266 -0.194747966600544 0.0747345852839429
0.0022536840200905 0.00595549575371027 -0.117772419486705 0.133711635566894
0.00443403599587865 0.00567585261556807 -0.0749032285850275 0.138414831433465
0.00527691127268813 -0.00765111562162479 -0.0552741225172643 0.137536317360264
0.0122983679503567 -0.00804190599815319 -0.0568581602422835 0.132156541958591
0.00848571935980293 -0.00141410752508592 -0.0817172573858975 0.127454304108823
0.0187638940110366 -0.00446868313982916 -0.149405266686443 0.114034039779717
0.0292099769165128 0.0186173201005446 -0.223324067624622 0.053385569736688
0.0118344390418851 0.0627410405584801 -0.265795710345666 -0.0266324813468151
-0.0288263495541679 0.0716587080583659 -0.28280085833692 0.0238099666142346
-0.0705459670734016 0.0897015643252046 -0.21338919593722 0.0177515387167809
-0.00823021677907479 0.064208175691053 0.034234029961428 0.0331209229085178
0.0221099711345496 0.0357354199707684 0.0503461999936359 -0.163799904789933
0.0336202158989932 0.0261577276700833 -0.105720835489542 -0.198178447150307
0.0421035425051058 0.0132745693081055 -0.220911914867875 -0.0766696541226426
0.04826596410564 -0.0181547919625962 -0.19292862955713 0.0661394121566364
0.0299766130840201 -0.0440524563470007 -0.112363414830003 0.123145537468241
0.0246055234076937 -0.0455413951294507 -0.0655114926213209 0.12475559070049
0.0369776854057012 -0.0583047864295689 -0.0387577827867242 0.125918842077528
0.0740561600188252 -0.03517262949046 -0.0340111667088061 0.127855427302785
0.0799733834839236 0.0122336398488348 -0.0569943639382711 0.131726970917689
0.0805410489320402 0.0653910849752462 -0.126530305641159 0.129225094226811
0.0171489943960513 0.110863894836212 -0.206348816776438 0.0789026799755204
-0.0741374956626414 0.121372471200188 -0.22722251626743 0.000796426763399739
-0.137825204149081 0.100552577347384 -0.228600967131286 0.0308056186391616
-0.1560398012131 0.105346766764817 -0.16701058831571 -0.0217355092957612
-0.0782033625770547 0.126887298574962 0.0628456337022928 0.020805757363241
0.0236850921122928 0.121601759485892 0.0796487691694645 -0.17549589395805
0.0994798926035842 0.078117508157786 -0.0858659003535433 -0.221604871053969
0.106851926232379 0.0144992727565265 -0.205664771577781 -0.0987230573221133
0.0959398134337458 -0.0423320939147885 -0.17801473260246 0.0439496127934018
0.058823563346713 -0.0876688105584613 -0.0953615615776576 0.0957018304757405
0.0403721078304004 -0.0905514054226311 -0.0470333620687921 0.0935025588187985
0.0565808428631284 -0.101659248759423 -0.0120032832750981 0.0951406902889361
0.115009028108727 -0.0657851068379972 0.0053125358061968 0.107205766287248
0.135136603397223 0.00521166929408107 -0.00800225357305422 0.129725795115364
0.144185686606042 0.100404715198591 -0.0818705733179342 0.150205269174269
0.0325322683139542 0.177784663937517 -0.175413429428417 0.114340273484452
-0.12152789577245 0.174598691737281 -0.182019910957053 0.0232506059167155
-0.215396451882033 0.126372473416395 -0.146012765693907 0.0286688867588806
-0.221407679421706 0.0981160872174418 -0.0827121276991999 -0.0526589814343463
-0.152281366634583 0.166205381624638 0.112956923350609 0.00986892501367973
0.00449222825527608 0.198152538085302 0.123051815157979 -0.174542936379612
0.147121887214525 0.137055564933161 -0.0446853050669131 -0.233567341119018
0.162740804267504 0.0237403673556716 -0.164683041866968 -0.120155755447106
0.137483249120436 -0.0571066726256273 -0.143884290792704 0.0107792224918707
0.0830944382423102 -0.118777914776977 -0.0661284161182603 0.0547459451701555
0.0502678726446823 -0.122815049084955 -0.0211243836112906 0.048730401219026
0.0625377364737731 -0.130224855491637 0.0182256522966887 0.0507597234642589
0.131176427709736 -0.0908114741191954 0.0493383760955885 0.0721753942499032
0.16463767219109 -0.0114538553340735 0.0493816436965481 0.112235099855897
0.188735764000424 0.105614130069235 -0.0254831261687629 0.158994498312332
0.0558739875166853 0.209736647564666 -0.132180246349011 0.141596940719169
-0.136096671046868 0.203784849955302 -0.136750835658568 0.03296422039835
-0.252515993995407 0.136879876099463 -0.0538759013884069 0.0163048799837332
-0.248339693444766 0.0709141800470238 0.0266517191777816 -0.0709319194038093
-0.208241151803999 0.165492810340726 0.174711004872825 0.00378889734590493
-0.0317107910522473 0.238600450098466 0.170502247816234 -0.155456038729056
0.159215396068769 0.182838988733178 0.0125201366004426 -0.221813973478068
0.191314710371937 0.0384973471984805 -0.101005980081552 -0.130758232519086
0.159331972898747 -0.0589518200181078 -0.0916177225454993 -0.0265551530193341
0.0957405273774463 -0.129969538640775 -0.027991631696968 0.00655698333026314
0.0523946646464986 -0.136554237540057 0.00764338553274728 -0.00198252488016131
0.0587023218244086 -0.140088944425602 0.0471749060991511 0.000697288285964696
0.126154380140288 -0.100988177913198 0.0871215767613651 0.028700283261949
0.166792824245955 -0.0230563375563498 0.0992683795979647 0.0842187768926545
0.199671413026511 0.0982530094735119 0.0268805735685717 0.152335284902775
0.0630688191587075 0.208987080545209 -0.0876331059017479 0.152172203361096
-0.136462335704424 0.200329880987241 -0.096169923510916 0.0308734540976901
-0.255013176084609 0.123754761957336 0.0342297787373043 -0.00256258619686394
-0.226350787854595 0.0338829771096104 0.140911808360176 -0.0721319935933523
-0.221074272087744 0.128835778680788 0.234790199687214 0.0035021244524853
-0.063914855112049 0.225693742772461 0.208061303483126 -0.119815970916738
0.136542785383442 0.192214889570002 0.0681351438784593 -0.186616599261145
0.182012991678621 0.047661731256707 -0.0282403816798062 -0.126582903612022
0.151773661478697 -0.0502487888951888 -0.0302885737942999 -0.0603903704014277
0.0907731530036463 -0.120267614270138 0.012403214045008 -0.0421822055518617
0.0456280048695534 -0.129434583034552 0.0357888377965986 -0.0515425563052279
0.0485649380690517 -0.131095778765393 0.072392922559159 -0.0477031134343637
0.106847668131445 -0.095568743631576 0.118536050180458 -0.0128459108788779
0.149015715659498 -0.0255292878127467 0.137607839262905 0.0557574345099876
0.180902417711388 0.0880809610134345 0.0650897878945182 0.139362984164512
0.0480964722717906 0.188041388250024 -0.0493467367679139 0.150637827439694
-0.131789049069426 0.167319338109216 -0.0631500714853985 0.0242007242006111
-0.22696724028196 0.0868890939980529 0.108798931455845 -0.0186861572954714
-0.159527824272101 -0.00480300881933002 0.23521284572677 -0.0613695695384207
-0.180766768275303 0.0714863112248057 0.278966652560491 0.00591845718018245
-0.0708138329068621 0.164928482984117 0.228481446362438 -0.0813640131326179
0.0938779212087413 0.153751223442561 0.111074534085703 -0.144236176823586
0.136428356253653 0.0409257334397554 0.0336764925768696 -0.114839186736468
0.114289732958532 -0.0364788067237646 0.023864196595924 -0.0874848630316365
0.0676049864077167 -0.0916059973619777 0.0456492606594308 -0.0841412866098475
0.0310077741028501 -0.102291833124887 0.057226874436434 -0.0933044755805254
0.0334029826870961 -0.104339253733673 0.09393697147914 -0.0877491443066109
0.0784176488177303 -0.0780771186079609 0.143579794932172 -0.0446504775089303
0.118283924096612 -0.0228258010939149 0.16510175398566 0.0373495809018661
0.141444703066847 0.0741514781565701 0.089859332468968 0.131272250472008
0.02277775141094 0.151140687054616 -0.0225290139026731 0.144629386884117
-0.119593924941262 0.117915559466319 -0.0383960040795827 0.0193705593084018
-0.175224964497142 0.0354505571099775 0.164420860378359 -0.0265588081409434
-0.0618368789716277 -0.0405563728365013 0.291863235301495 -0.047790603991034
-0.0979876134041852 0.00856409592301346 0.297547070991297 0.00232609937677766
-0.0477689812172507 0.0754118968067978 0.234692812651014 -0.0552820350644856
0.0464649374878696 0.0770428081148397 0.136263518522957 -0.116877766283219
0.0665864947825297 0.0183127751846486 0.0700681992689339 -0.110956255990141
0.0544187916258193 -0.0188747907355374 0.053916722225857 -0.109432545740953
0.0309547697867878 -0.0490783509451338 0.0619232991851221 -0.113693057731461
0.0107600667602587 -0.0595026295883468 0.0693131312869131 -0.120180272662629
0.0137400797315554 -0.0633825455887311 0.107060301679572 -0.113070671631157
0.0425390750832726 -0.0526371568272759 0.16269584725786 -0.062949999399442
0.0774270734696075 -0.0186553776200281 0.186522480858274 0.0324249520950276
0.0905399936768354 0.0531129133680315 0.105548782673174 0.135343680816744
-0.00307058218170599 0.100460479733647 -0.00760662347151666 0.144633985182281
-0.0931802365925835 0.0579081933343873 -0.0252663256488427 0.0192102677571266
-0.100981142774502 -0.0203609857859332 0.194627564747026 -0.0239880873813384
0.0394374341978686 0.0422211098005028 -0.169158967360981 0.141629593488379
0.0367646557802809 -0.0248058582217816 0.0452222611614623 0.0246590183300314
-0.0135894183573146 -0.0383375071805483 -0.0300642123412979 -0.151469071164796
-0.0356571393201173 0.00387067516638003 -0.171862989506062 -0.112511303574011
-0.00762569950739564 0.0248970293786776 -0.222586824597865 0.0421621983209081
0.00749322124096722 0.00922065333493267 -0.13997879096799 0.151235137180558
0.00407769671743591 0.00420891842485005 -0.0460059268763163 0.169812356972402
0.0073682999124523 0.00167406981581543 -0.0040597741527483 0.156651720838672
0.00104470898388508 -0.00920610900610018 0.0124470418227726 0.147223080969289
0.00835981292344486 -0.0125929752550016 0.00823417917296048 0.143154319725001
0.00809051943648101 -0.00365143547252416 -0.0174517523614812 0.147824695822318
0.0131633016836901 -0.00991299132512412 -0.082839994762299 0.165431938125984
0.0323651994472196 0.00505353295294423 -0.174878823087056 0.14267319592924
0.0343187355802882 0.050460113338022 -0.25140146115138 0.0882626625235392
0.0026772787027226 0.0780583855748981 -0.248293999478274 0.139459925195308
-0.0260043353473251 0.110087957566722 -0.180560770671877 0.110026890141897
0.0182712538662846 0.0598130255131928 0.0476991826803355 0.0154511722547754
0.0321402566020852 0.0241929091830951 -0.022723408029604 -0.166946921484431
0.0391238638758811 0.0107474749584978 -0.176749566831536 -0.131417646535626
0.0445809621990565 -0.00395191624355798 -0.229160317126796 0.0279344320560544
0.0363185887068503 -0.0358517668800907 -0.141318796570601 0.141477204539965
0.00744920797095979 -0.0514612927608598 -0.0449786949488752 0.155977605519889
0.00380105236687121 -0.0526505370428344 -0.00174902426364402 0.14032846223185
0.00795977367397668 -0.0682246137450312 0.0229709319358354 0.129343991249079
0.0525863121127638 -0.063866258026199 0.0277639446008918 0.129789699283945
0.0791943566650257 -0.0223505686306979 0.00656013526193273 0.144485879620697
0.0983186365357471 0.0253353439105139 -0.0575411975493624 0.175469355497903
0.0605255448407987 0.0945471575366548 -0.150792146373538 0.158935477829306
-0.0168824205969773 0.141242810044082 -0.209131367674244 0.0926204163440973
-0.0827551918173435 0.154254271472763 -0.19617053758846 0.116230523914339
-0.0973742940042951 0.15809271888587 -0.156658502733146 0.0586338019689524
-0.0184805080305439 0.143143010145135 0.0693441340293487 -0.00470180055243409
0.0678107273536718 0.0990373740028097 0.00277448973652519 -0.188280699128722
0.117243913765608 0.0285156862188137 -0.165707065673652 -0.160834231258983
0.101695994783284 -0.0293060462821 -0.223590662856276 -0.00157386443031402
0.0687671457979302 -0.077677283218246 -0.137839388752727 0.113649964466652
0.0143627114591547 -0.102528704987561 -0.0425376293721291 0.122420876059974
-0.000429706644714091 -0.0992779345686912 0.000618662543772831 0.103559177952518
0.00716982299847159 -0.115284543406189 0.0335180940842448 0.0904966946903971
0.0761793963242607 -0.109085929013928 0.0549445577318276 0.0945142617081973
0.126527522807191 -0.0528180215302099 0.0494880255265326 0.124132107554502
0.170438251255514 0.0285397505859852 -0.00870108282310253 0.18019932137263
0.103379750437961 0.148976439216502 -0.110801794088076 0.178113018030619
-0.0362688943623818 0.210684073218883 -0.161645048725739 0.091174006629334
-0.14037893506104 0.21244287923771 -0.124889971237168 0.0753888947070849
-0.15966284954212 0.177007732773065 -0.0956386409471427 -0.00211152649639346
-0.0685415715430959 0.206837475659733 0.109595094614635 -0.0339646684134497
0.0811333010352662 0.17370927241263 0.043991395393155 -0.203790721213824
0.182299630469994 0.05920880809355 -0.130001257359294 -0.189254517606876
0.154069823894027 -0.0446546320646093 -0.195649622439139 -0.0405105830513278
0.0985534179343624 -0.107797446295083 -0.121592820564862 0.0679886537578392
0.0229165007122138 -0.139835997180255 -0.0347648647957203 0.0718900168098065
-0.00558555611408752 -0.132096881784578 0.00394050731472622 0.052155271235646
0.000594439783306116 -0.143159073726137 0.0407702023330958 0.0378069122524918
0.0797440010561036 -0.138512849329971 0.0788041807408568 0.043418866732631
0.145408574880465 -0.081010410474299 0.0935853850100681 0.0847179731320229
0.213095809948014 0.0128068923770239 0.0460108175890255 0.166372132587826
0.137992258610149 0.168009979341999 -0.0611936253878394 0.184788626344416
-0.0354817229208442 0.243060256203263 -0.118982863435533 0.0805264788505939
-0.168741503489393 0.239557528121295 -0.0473516101317269 0.0221259408739585
-0.195339311020831 0.162363872366999 -0.00679435612754655 -0.0636292521985684
-0.119285154587417 0.228842878133564 0.16092698427823 -0.0649276263696228
0.0646586771972922 0.222759017139672 0.0961506045783564 -0.204312243062567
0.211133326481459 0.0931440564434844 -0.0717349136600467 -0.202485841548461
0.184703699635571 -0.0437653410180305 -0.14273364874137 -0.078679675006798
0.116815807742499 -0.119412427515728 -0.091333411540816 0.011303292253595
0.029585331367061 -0.155259445473601 -0.0221708453171302 0.0112196691619729
-0.00949424417939199 -0.144867629179539 0.00674931147050047 -0.006060835098434
-0.00696776897370829 -0.15091697903925 0.0442291990189888 -0.0201722166624896
0.0710307174468382 -0.145828250628935 0.093787414875987 -0.0127717598655923
0.142938947643991 -0.0930318882643363 0.126098531834627 0.03814064497424
0.219639912318115 0.000672163809648135 0.0898354317746732 0.138094506030396
0.144616984360939 0.165115933088255 -0.0174147175172479 0.174895115706556
-0.0374186814459157 0.239457603861727 -0.0831027394118443 0.0620328350439257
-0.175512363231661 0.227983270872651 0.0244349450992345 -0.0322986322060265
-0.191254896261642 0.11913632968344 0.0932745140940262 -0.115076217923878
-0.146078540401021 0.200997157260244 0.213323882383101 -0.0917505834837498
0.0300083839893849 0.22408633512914 0.142417459091199 -0.187629158940726
0.194273456577221 0.110522698178662 -0.00777196542674653 -0.194077447952519
0.1787385808592 -0.0326386215897527 -0.0757016812609193 -0.106702238825538
0.114196623324573 -0.10897819358016 -0.0519324700495654 -0.0452914857178311
0.0294480891367223 -0.144307207678712 -0.00731449718582463 -0.0496119720675277
-0.0127670819087599 -0.13506185557194 0.00909483806396595 -0.0626415606008092
-0.0121470138544078 -0.13764645283486 0.0452616116682346 -0.0744754430320751
0.0564033336228328 -0.13210307620491 0.102018491452195 -0.0634600758422655
0.12529567062263 -0.0876996004926128 0.147360293529114 -0.00368227848831636
0.198747095223758 8.80973577538496E-05 0.118019313024054 0.108608206188179
0.122525009947924 0.15193080634012 0.0159520952528193 0.15655965211243
-0.0466723468896352 0.207885225832306 -0.054655517258611 0.0416283850220916
-0.166075719842577 0.181119022601197 0.0855496756046792 -0.0765945646007068
-0.147694582398429 0.0572682716477882 0.181596250541088 -0.148789755222755
-0.134450968105469 0.133211675563971 0.251553848063139 -0.109844327438944
-8.8015107526534E-05 0.172625343784291 0.173895239100177 -0.162319889238869
0.141407928405387 0.0933142404065355 0.0452932855757587 -0.17439454437214
0.135149241348955 -0.0201229528406095 -0.0165181370862018 -0.121882555564961
0.0858923714965868 -0.0808635876404654 -0.0163889239485898 -0.0920615393993382
0.0210859438889392 -0.109206796507685 0.00326550378492779 -0.100445800525
-0.0147969280657871 -0.103879827280353 0.00934404847453243 -0.10932111188838
-0.0141787504307148 -0.107193418459643 0.0458579797073642 -0.119669261316415
0.0377461573478334 -0.103647054196005 0.109558492676099 -0.102605633276604
0.0979054467375945 -0.0715777015183456 0.16383854714288 -0.0332475340301597
0.15828938482884 0.00572663121978391 0.136327942679886 0.0883291431998626
0.0840414423512937 0.128923251738752 0.0375696272488052 0.138578463542422
-0.0567206625641506 0.157142881041587 -0.0325158212258093 0.0274103262366901
-0.14200965964429 0.110329841006405 0.134086118413375 -0.103746581959318
-0.0749153230486582 -0.0143259512693708 0.237902265000369 -0.164793529199727
-0.086350278154022 0.0440501255047552 0.265020484616828 -0.123754945769581
-0.0152385750206061 0.0832281894206255 0.186377319727788 -0.144448188878585
0.0682515636321723 0.0460276042375677 0.0753215638257877 -0.161361579235088
0.0643616090101994 -0.010877647128657 0.0161639047521879 -0.131862271429251
0.0395570719710237 -0.0396512523777663 0.000764426628642658 -0.122702870543143
0.00696847308013757 -0.0555589507861484 0.00432110257004341 -0.132311334775973
-0.0153068591271514 -0.0562121010870916 0.007450634128328 -0.138431005848146
-0.0144962192330172 -0.0622436168432731 0.0453140139992484 -0.148101602947503
0.0163008948154677 -0.0649673085232357 0.117718547033897 -0.127855801845405
0.0627079427927143 -0.0507041939426352 0.180190527472375 -0.048473103148859
0.103942735568769 0.00891913134506095 0.151558259542245 0.0818697370802546
0.0390692170468171 0.0945916795775794 0.0516488602084041 0.130291148616652
-0.0585710135537392 0.0915386115085065 -0.017981821648117 0.0234883891913092
-0.0993863009447141 0.0264238309013304 0.164895466876701 -0.10979361756088
0.0396014824542004 0.0400462594479749 -0.163389954315135 0.148653028986774
0.0359505780279504 -0.0258055311090766 0.0474501333688526 0.022905733061062
-0.0143241304137744 -0.0372931492496349 -0.034577213391799 -0.151837864300637
-0.0355881679999517 0.00492216730808878 -0.176403835467039 -0.108166897831113
-0.00665753433622143 0.0243261553840893 -0.222722228189894 0.0497724030225622
0.00752177562277121 0.00867781960102698 -0.135483292598427 0.156482292992641
0.00397238364219544 0.00396562759943959 -0.0401272043568126 0.170777164045918
0.00727054300286709 0.000889585218483817 0.00273541272646525 0.156953694964646
0.000250214265251279 -0.00959444465680872 0.0192029610182718 0.147951518286049
0.00777073561842281 -0.0138814279257898 0.0131628571298246 0.144627939046087
0.00842435644685586 -0.00379476236514876 -0.0127746516412756 0.148906636085248
0.0132303733503503 -0.00965222562919405 -0.0778959839443538 0.167853098325968
0.032578435699392 0.00418266366814083 -0.170839094362635 0.146867013967281
0.0361814868312352 0.0493075171101504 -0.250576702430389 0.0968369636416186
0.00446849997867185 0.0776467483506077 -0.244771757232599 0.149798766388352
-0.0231459846807283 0.110730374081503 -0.174966230158861 0.116951614919207
0.0204390098962009 0.0595851294389285 0.050358931550249 0.0142410077042031
0.0334805893089836 0.0236410322513363 -0.0274479879718064 -0.167217233432429
0.0394787192964854 0.00840792883895496 -0.181135421658483 -0.126400815589876
0.0448661948439969 -0.0070278022731071 -0.229596602149867 0.0358301132565847
0.0349493352456297 -0.0380625918398857 -0.137447830382396 0.146206930355727
0.00471816599304359 -0.0522201705962292 -0.0400673744014563 0.157668133218552
0.00151967990444651 -0.0530169338592491 0.00425429806314933 0.14085286515949
0.00496024731696624 -0.0689880652570278 0.0283924642212638 0.1292943653208
0.0505560441036 -0.0674898985914421 0.0323697944051943 0.130152121452078
0.0791474379991095 -0.0254641457763254 0.011215023126725 0.1447626152906
0.100179143179466 0.0220968040610683 -0.0517951015712212 0.176905794012543
0.0638973075017538 0.0926096586064236 -0.146257950144284 0.162960040820017
-0.0123431884463438 0.142503239501975 -0.207620743936507 0.0993660749702794
-0.078633828724694 0.156315337507249 -0.194468249219006 0.124511061100456
-0.0923351821936582 0.162322864719391 -0.15298873905081 0.0652416169984257
-0.0132787594180407 0.144903438719647 0.0708149699123363 -0.00635134860077048
0.071922172903384 0.0969507345634486 -0.00224051352374208 -0.188858257590633
0.118337635341188 0.0224734274465312 -0.170343414598708 -0.156885672920772
0.100867640708301 -0.0349935733701158 -0.226041689066029 0.00538742848813836
0.0660578953631752 -0.0812418994807317 -0.134488442295644 0.118206262211243
0.00968954274620488 -0.103342312311671 -0.0382787645959965 0.123544995085222
-0.00466909657840594 -0.0995923554459257 0.00482544279957463 0.103767483290747
0.0023132237354924 -0.115876844598166 0.0377817065440036 0.0902379161860787
0.0724858281657797 -0.114225891953538 0.0583920905363441 0.0933600497997677
0.125340363825289 -0.0579152904871268 0.0539745558752697 0.123201315908526
0.172363146063722 0.0215795626277064 -0.00259510733173791 0.179648580388553
0.108875012473912 0.146261812283184 -0.103896193278892 0.181439209178349
-0.0292353680526568 0.212862697828127 -0.159769184894633 0.0962104500823495
-0.134339645329505 0.216588454753103 -0.123680681827461 0.0812994388180609
-0.154007313098986 0.183321513666038 -0.0947640284789334 0.00154336813916824
-0.0620517459846185 0.210621316870366 0.110497468453286 -0.036797686164587
0.0877714428015682 0.170958251590831 0.0394088354574439 -0.205519363908414
0.1841528404137 0.0503325750779087 -0.13533947806727 -0.185921702229012
0.15282971120123 -0.0523106113304691 -0.199200576377956 -0.0342318040378043
0.0951180006806903 -0.113114933356532 -0.120010075397988 0.0719734792029746
0.0168299006942901 -0.141375994995739 -0.0326023788893022 0.07265104123616
-0.0109211979402693 -0.131269449718783 0.00602369253088815 0.0520433532766994
-0.00546965484479475 -0.143983252032916 0.0429326887738038 0.0366377616596024
0.0749817266151929 -0.14334726408168 0.0804094027840579 0.040955277999233
0.143376115760271 -0.0873126055237781 0.0965183639467587 0.0828634363711387
0.214353121745486 0.00338504272252364 0.0518513341523199 0.163993017392403
0.144500756591536 0.164153446505978 -0.0538461727144593 0.187094285151003
-0.0275416808227628 0.245913318098803 -0.117669660057688 0.0843229498316181
-0.161180126918404 0.244872656089195 -0.04825476042168 0.0244000177847105
-0.189667354978064 0.170109806588811 -0.00833282643663639 -0.0635487525681585
-0.111566329551444 0.234465499296801 0.160151726803824 -0.069713444373992
0.0724803634625959 0.220705082136253 0.0905835773023786 -0.206988460598282
0.214380056208919 0.0838155753048028 -0.0779155801769961 -0.201116580239664
0.183632318638451 -0.0524484160989447 -0.147061364193652 -0.0747942542892082
0.113293936487804 -0.124791235895679 -0.0912216417725414 0.0138662553680767
0.0232143216400969 -0.157154675107284 -0.022485846325596 0.0111915075098844
-0.015294805432806 -0.143641318899784 0.00582035989107371 -0.00669460944147899
-0.0135994792383921 -0.150415218665483 0.0438723626237022 -0.0214604583100434
0.0658749619775605 -0.150158971423708 0.0926439340509556 -0.0160418699776506
0.139746306666295 -0.0988348158791386 0.127566324634303 0.0348007250999152
0.220475756516106 -0.00907428581852461 0.094340570511796 0.134398876459947
0.150680498402075 0.160620142703168 -0.00907640566245334 0.176045083790534
-0.0293388090037892 0.242517857488219 -0.0821098516686311 0.0645736323170089
-0.168341229743388 0.233271020869542 0.0214861588974943 -0.0333148205537938
-0.187582916747034 0.12676173845141 0.09052925288994 -0.118204078354888
-0.139656999274837 0.206506231236985 0.210514936590292 -0.0983468219912466
0.0380677281890696 0.22319940498995 0.137102043351934 -0.191769021527491
0.197683575566967 0.101487707130786 -0.0128470686933853 -0.194355227290994
0.178530822218862 -0.0400735981749456 -0.0804064332053091 -0.104569456193778
0.110126512267118 -0.11439866331157 -0.0535884428189729 -0.0447834396881505
0.0235844966995385 -0.146047674363146 -0.0103921965689962 -0.0505506393761373
-0.0182264955265484 -0.133615584702628 0.00551260550045008 -0.0639179639708622
-0.0187084591601914 -0.137478435305411 0.0426886158609847 -0.076656045423801
0.0518914432583508 -0.135649844898128 0.0995656678058744 -0.0675804569462
0.121959532508089 -0.0929068904564331 0.147768297556308 -0.00813648776333788
0.198749421034282 -0.00903580794499781 0.121506719536708 0.10448362908124
0.128329727773828 0.148528010181708 0.0228287199902785 0.155270528958371
-0.0394621992402539 0.210415354188724 -0.0543391057597996 0.0437310160143656
-0.160482538818517 0.186383452267602 0.0814970185368359 -0.0804334279942762
-0.145234240612843 0.0628214992988039 0.177567416212754 -0.155486374634156
-0.129441380883396 0.138359315756086 0.247933258086534 -0.117917490743707
0.00634372423066846 0.171747429423375 0.169008162033555 -0.167102168264625
0.14363639561752 0.0868577197289032 0.0410013565829498 -0.17592065307071
0.134664594574192 -0.0258463556059401 -0.0206316757997511 -0.1225976886598
0.0834882043583751 -0.0850914250815886 -0.0200605183174604 -0.0928086552205136
0.0169007748232841 -0.110614246131579 -0.00226795956968009 -0.102417621443229
-0.0190227447108338 -0.10204375597381 0.00403093662185816 -0.110909991188123
-0.0190127581826597 -0.106081632876253 0.0408849685504742 -0.121600747002617
0.0338451634532001 -0.105810416303756 0.105409853485825 -0.107327880221719
0.0952506691211139 -0.0755575373744486 0.163008941699298 -0.0386077439825594
0.158314884422119 -0.00142967742222454 0.139189168069981 0.0828627502478948
0.0887855449126682 0.127262014424875 0.0433666203544008 0.136878065711911
-0.05159227901491 0.159236152426257 -0.0321063113729778 0.0287245765486102
-0.138548189145723 0.114448714832058 0.129525049053777 -0.10955749895606
-0.0747091836650477 -0.0118463427788141 0.233268473949386 -0.172855466332946
-0.0843497107615472 0.046432797383508 0.260392502368414 -0.132723652469919
-0.012551529859754 0.0832583376771429 0.18225962456397 -0.150050687446382
0.0685272914997427 0.042399181403984 0.0704180951591982 -0.163980748876683
0.0641545140770786 -0.0134755046869312 0.0124845738831274 -0.133488338831455
0.0382237223415262 -0.041444992055592 -0.00358271198767573 -0.124491685578256
0.00483165513343988 -0.0554658234330832 -0.00182690030545721 -0.134569963488375
-0.0175712873969306 -0.0542641240944537 0.00039991502313669 -0.139884192126158
-0.0174352892444823 -0.0606550531753755 0.0390673827481396 -0.150653586115075
0.0139763993184816 -0.0655303579944839 0.112711847741173 -0.132921941323937
0.0605116561096927 -0.0530431372528633 0.178850203518835 -0.055106080662658
0.103471289647803 0.00437865404277177 0.154149535289049 0.0763053000092016
0.0422875394264739 0.0938107061900618 0.0564838427422279 0.128432141154639
-0.0554831606661411 0.0924331920718194 -0.0182197564257007 0.0243981489413574
-0.0986611221478951 0.0285376726351923 0.159304563270046 -0.116404009690746
0.0399766505931408 0.0370063789425255 -0.151565836159633 0.156394344563511
0.0343479586371385 -0.0271353253780058 0.0490200580101849 0.0200507517011867
-0.0155648599729497 -0.0355806382406982 -0.0423827266646666 -0.149704142721472
-0.0354588243292071 0.00691036186953421 -0.180449163332058 -0.0984123826423687
-0.00555630164558812 0.0234442111902346 -0.219450849778076 0.0631107729368758
0.0073386730985134 0.00750193758627139 -0.125901085571566 0.1636226392539
0.00375874774752961 0.00324924738177057 -0.0297239550140023 0.17120062902813
0.00717302798128431 -0.000190302756965785 0.0134116567464947 0.156305982400368
-0.000485050855303912 -0.00999039723257466 0.0287283772250066 0.146437493419906
0.00700270479137037 -0.0150954929765229 0.0218479784472169 0.14365487351975
0.00885088651757611 -0.00418158970643269 -0.00487709608959215 0.147891934786414
0.0133702218869171 -0.00989976691071706 -0.0678878083816694 0.170423128115963
0.0325464381597788 0.00226674612122226 -0.161219843705055 0.153740888755438
0.0388351529534505 0.0471250000415952 -0.244098523663081 0.109293714133787
0.00730089721407966 0.0756324064867239 -0.235489420681891 0.164500807275801
-0.017591894201837 0.111270416565918 -0.165041842201432 0.126870293214973
0.0234487842532662 0.0586587276595231 0.0522874469477439 0.0115269967974521
0.0355378886656328 0.0214906086405533 -0.0362083618756551 -0.164812533981575
0.039419031201971 0.00505146268611856 -0.185913536567319 -0.116004483012161
0.0432027280460385 -0.010626046719337 -0.227517782276797 0.0495889708143691
0.0320289024903885 -0.0405794623608005 -0.128382645583604 0.153647190982838
0.00103791378037011 -0.052407259168247 -0.0305386269166924 0.157868089608436
-0.00200207128983923 -0.0531297713811874 0.0135587811038208 0.139760331818808
-0.000245374198250944 -0.0692451954267911 0.0371986894304371 0.127067354250239
0.0455839295399611 -0.0721225559041584 0.0401435189770432 0.128254537922273
0.0773173008525687 -0.0302660588685972 0.0191230697450245 0.143872421060999
0.101739367255879 0.0156759799636668 -0.0415489691343962 0.177524001770204
0.0688327321268986 0.0882843251001908 -0.134352347934297 0.168769397932583
-0.00403113803320391 0.142773702414964 -0.201280902284752 0.110759524302454
-0.0700527820629688 0.15821241528712 -0.186366352160564 0.136464156647719
-0.0829621913689382 0.166416676548563 -0.14643486863159 0.0737371061754784
-0.00440993457170218 0.145403480342323 0.071472896172922 -0.00997156757827385
0.0777848455537393 0.0915522966247305 -0.0118751319286775 -0.187157979669436
0.118227637141455 0.0138156175197568 -0.17781328757129 -0.146249914659357
0.0977909733889919 -0.0427600505237081 -0.22594074357641 0.0195483500115782
0.0604872768204227 -0.0860679818367569 -0.127406607100947 0.124498435037239
0.00228898678129471 -0.103296303607217 -0.0311125072904289 0.124775160722604
-0.0112662350600112 -0.0980789877868644 0.0115003547535226 0.102553861026378
-0.00604639137269724 -0.115447901119248 0.043739000364319 0.0872449092158564
0.0646139397994875 -0.119594945016642 0.0635841557418916 0.0897005753382299
0.121316457640922 -0.0656355016117022 0.0605999173881264 0.119966686157276
0.173004636241972 0.00994759914836527 0.00720981867757825 0.177636064988011
0.11682178660698 0.13896763185471 -0.09116505962123 0.184354021507927
-0.0164593571557089 0.213749729902966 -0.155034256104663 0.105122979515245
-0.121564779629235 0.221375107811265 -0.119157841266528 0.0886145508947751
-0.141868473664334 0.190727992161289 -0.0926234574277663 0.00698977320079166
-0.0488259891729564 0.21325206044366 0.108204539650188 -0.0421192181605261
0.0974859877359901 0.163396017790842 0.0283575727110485 -0.206013605433409
0.185059888067391 0.037634285046912 -0.144452529083432 -0.176623001180457
0.148395769034001 -0.0629720133818504 -0.201420813141512 -0.0217946795041333
0.0875713689687527 -0.119211838147824 -0.115554416495515 0.0776167114075737
0.00723680898359563 -0.141707298328131 -0.0285552030216115 0.0735692909952812
-0.0188557856943319 -0.129064408172051 0.0085480363528553 0.0509042774913346
-0.0154874185246709 -0.141986528056171 0.045249270938957 0.0337963950717556
0.065449726857379 -0.148709148958511 0.0815851842104275 0.0361529621960592
0.137389221409693 -0.0957697562765222 0.101059412564177 0.0765905987406865
0.212943729184711 -0.010892999979274 0.0602931827304138 0.158940319134983
0.152980860560189 0.154719361581365 -0.0408388522935682 0.187157126961206
-0.0128892690914958 0.246402709944497 -0.111973009239411 0.0908570169250387
-0.146069780344465 0.25059648737382 -0.0478747349414883 0.027512061288535
-0.178432683825175 0.180074162767954 -0.0112765469652156 -0.062353141933573
-0.0968106943976963 0.239726966434434 0.15544927165097 -0.076992829181595
0.085083180632527 0.214013081565634 0.0795097870282274 -0.209222211907497
0.21652591475152 0.0689653671583933 -0.0882840226983685 -0.194263468422552
0.179137209484922 -0.0643659469454603 -0.151885561285816 -0.0655530278061049
0.105265571985104 -0.13258938895085 -0.0904751657388077 0.0181234665103872
0.0124431841145181 -0.157292443430453 -0.0224783705392243 0.0115834558887305
-0.0241902456806517 -0.140936269055924 0.00486396177867643 -0.00743231470161022
-0.0238343701284164 -0.147939560679253 0.0422155638968564 -0.0240359065388219
0.0558733819613157 -0.154355611258875 0.0904925007738928 -0.0213938516404381
0.132754043432218 -0.107280603320398 0.129212187141985 0.0279526683415598
0.218207342987478 -0.0240765167295417 0.100737667159125 0.127207920505853
0.159424755226333 0.150948438549362 0.00243609954824697 0.173669672519313
-0.0147170685091025 0.242306957072797 -0.0781603542305511 0.0694393527160916
-0.153778738959079 0.239467165951841 0.0179210327010265 -0.0341941389118926
-0.178288558736121 0.136871958873225 0.0837002144343097 -0.122398470850722
-0.126650132648351 0.214333316681107 0.203156507763335 -0.108499038578338
0.0506265092804487 0.217640818893691 0.12586124037368 -0.196381261518057
0.200905525209716 0.0872805176718511 -0.0233645836944993 -0.191954307171934
0.174744225771229 -0.0519027663413827 -0.0873522773626861 -0.0990544062784475
0.103066439943077 -0.121375347047838 -0.0561589631235926 -0.0419648740291078
0.0141193339274704 -0.146326708534965 -0.014527199609267 -0.0511083400572263
-0.026563031688682 -0.129895820380036 0.000290259999902088 -0.0642200468746206
-0.0276896841632116 -0.133847405859245 0.0373260436368813 -0.0784712743744981
0.0425911344107521 -0.138405675863735 0.0940015141187701 -0.0730632163903795
0.115625705547214 -0.0999250219077223 0.146321723547243 -0.016403744183069
0.196217482991526 -0.0225302374267667 0.125937604031154 0.0955540598023311
0.136378145996976 0.139890272494258 0.033022512657601 0.151915321815467
-0.0264054671611349 0.210735309642535 -0.0520748813320278 0.0470174818523183
-0.148399388489754 0.192819349545549 0.0739615093237666 -0.0852005113424338
-0.139715049146938 0.0707176623519742 0.167423718561602 -0.164206013193614
-0.120792269655415 0.144998036575946 0.238522335489837 -0.130220053651243
0.0155766366628863 0.169288949451571 0.158652074134733 -0.173236825265854
0.14658872654911 0.0756637685571317 0.0305806746718735 -0.176228781565831
0.13272159618619 -0.0343828056036323 -0.0279848322908397 -0.120518647401567
0.0775922412999974 -0.0903119257101815 -0.0251453011105677 -0.0923385283003103
0.00992788619686057 -0.110463916914937 -0.00944896906375369 -0.103217125788209
-0.0247813562287953 -0.0986851628106885 -0.00459750621911117 -0.110710052136705
-0.0261497365711992 -0.102359760359929 0.0323463454289667 -0.123766273819632
0.0275577977161404 -0.107247848005589 0.0971768781979344 -0.11303718760508
0.089636485478906 -0.0805365721643944 0.15976513814222 -0.0472332047504028
0.155657155320259 -0.0119701839171413 0.142509285226141 0.0742953790000378
0.0958030917738664 0.120889770624405 0.0512929025227855 0.132465530898249
-0.0417006326629841 0.160252827249184 -0.0304588364501734 0.0307050705951683
-0.130562703821373 0.120337136897246 0.119577060663914 -0.116986969100481
-0.0740300404141531 -0.00742237158495613 0.221756517963478 -0.185676133120291
-0.0803472602297803 0.0508089470926435 0.249500961651976 -0.146035157260808
-0.00782230041072178 0.082780573377587 0.173002839484316 -0.157544664967253
0.0696210661208504 0.0367200077916749 0.0613799453187723 -0.16528627972593
0.0632515235767323 -0.0177543675645861 0.00478289003348827 -0.133146285660417
0.0358256287259914 -0.0438322141307409 -0.0111606833858679 -0.124355840041988
0.0013801823362856 -0.0545293892393625 -0.0120294508037461 -0.134750860989967
-0.0205540048615474 -0.0512728091457554 -0.00939181684084578 -0.139046512719252
-0.0206240986953638 -0.0574656491845339 0.0286127758101837 -0.152711077483826
0.00993822771280733 -0.065575506081984 0.103063690302046 -0.138799435714981
0.0561825429136954 -0.0561625665818815 0.174766929551588 -0.0648494939065172
0.102124173914801 -0.00172198882462804 0.15686027159283 0.0670288654615345
0.0477990670868861 0.0907343364895698 0.0639428742657808 0.123890550121135
-0.0500945270877066 0.0940141679199653 -0.0170489644730807 0.0255857144769104
-0.0963198852737361 0.0336059565957234 0.149539484136359 -0.125755554983863
0.0390247348259872 0.0331465874888443 -0.135544711500688 0.1598600902006
0.0315077184691984 -0.0278084988355043 0.0494708225210468 0.0163524676543465
-0.016589002894311 -0.0331251821725802 -0.0495501762775434 -0.142048228273624
-0.0335770787907643 0.00902539262569846 -0.180642043648891 -0.0857562229478429
-0.00444938408414008 0.0225087106361405 -0.208651695009173 0.0750589781211893
0.00703546166013474 0.00638727638299196 -0.112257762633258 0.167017059376404
0.00318763139462331 0.00253309902097696 -0.0178507286285199 0.167054298752986
0.00672821929647508 -0.00167414091665335 0.0238392443395681 0.150392828659897
-0.0014202452849589 -0.00995275763511247 0.03761113647505 0.140258782538859
0.00549326882159958 -0.0160718816565815 0.0302693559538904 0.138345342422466
0.00930868005945585 -0.00407940525102311 0.00342086924173114 0.14336540854284
0.0128879259617237 -0.0103224907999585 -0.054987535654384 0.167548099806742
0.0310219961505965 0.00084514416650721 -0.14668456224123 0.155873020471431
0.0402274682443439 0.0428563301428299 -0.230833956884841 0.120283148383813
0.0101950261763765 0.0715924309183642 -0.217095469804189 0.175070157207041
-0.0112242895216021 0.107819797819446 -0.150016199819446 0.132157600413033
0.0263406628214436 0.0557694296100104 0.0517066526586132 0.00826937056463683
0.0365935185318043 0.0181509725059477 -0.0443436961201653 -0.157593249076474
0.038193013142734 0.00167041433773712 -0.1870907811007 -0.102347848299221
0.0410065343539602 -0.0143802386151344 -0.217405842356784 0.062608620199764
0.0278418274823757 -0.0421587069533729 -0.115559452972843 0.156575242349631
-0.00348089928502808 -0.0507200913092593 -0.0196214776874586 0.154264348029647
-0.00535613808988638 -0.051502985493726 0.022611887948087 0.134365203166942
-0.00524490117904371 -0.0672020653861116 0.0452123143143854 0.120803494818975
0.0391941662024473 -0.0738152698321586 0.0466737630475351 0.121872765807
0.0735203143918283 -0.0344798762905527 0.0269785176785706 0.137965550084759
0.0992088573882712 0.00861123663514844 -0.0295941811651611 0.173329033604393
0.071626836557184 0.0817693750676327 -0.119650882702492 0.169202551589989
0.00464078797814249 0.138648222643848 -0.189345378123554 0.118742072422442
-0.059610735260841 0.156175305939023 -0.172562246915573 0.144699347577403
-0.0699149226345331 0.165101625214656 -0.135787947466522 0.0800194448578387
0.0042981363413987 0.1410962799753 0.0695348818329893 -0.0134656512292837
0.0812784047585773 0.0829503201150182 -0.0225916621986301 -0.180120302905577
0.114455040130401 0.004916645638709 -0.179971895493528 -0.131260615445233
0.0911701030687555 -0.0488162207262633 -0.217810128892431 0.0337671501812822
0.0525257009719214 -0.0879841895779281 -0.115517231736071 0.128337227133307
-0.00486237312481488 -0.100474455471509 -0.0227797332999945 0.121844057192351
-0.0172371449428968 -0.0941010708039279 0.0178149169354301 0.0986900320083339
-0.0140529512075798 -0.111122734692682 0.0482643052856721 0.0819309447534704
0.0543662220218998 -0.120846666181877 0.0671512607062519 0.0832986067270669
0.113765715025424 -0.0711228650719601 0.0663752605001025 0.112456867267644
0.167600408305627 -0.00187213334738214 0.017321295199976 0.170075160827507
0.12086456197762 0.127252717215363 -0.0759093636372589 0.182426899628012
-0.00339138717835012 0.207767371221146 -0.144213923342803 0.111043975894282
-0.105032944668967 0.219636022819702 -0.110373629528837 0.0941176847638528
-0.124999662252474 0.192947802894679 -0.088068351950535 0.012887713641902
-0.0342156735483252 0.209334491086054 0.102876629437358 -0.0459057516651899
0.10400221902416 0.1509558649109 0.015823359615917 -0.200142450301968
0.179642248052076 0.0231791797879237 -0.149516996866908 -0.161976205978131
0.139251833561072 -0.0713549341848267 -0.197445193473551 -0.00713593193193805
0.0769645014766038 -0.122702768044487 -0.106711139192186 0.0822463055062453
-0.00272534496848789 -0.137398605885972 -0.0232294370693917 0.0721150462973667
-0.0269016114015199 -0.123271061469409 0.0109165191531474 0.0482198837130913
-0.024874415012224 -0.135734905317996 0.046627576391519 0.0297197989372341
0.0531191433757105 -0.149259773917661 0.080948693547282 0.0300921143435438
0.127396796702531 -0.10165066584821 0.103168624296331 0.0687228880470268
0.20479103430421 -0.0255043544642451 0.0672382252615216 0.149468054728582
0.157761031938456 0.139982987476525 -0.0265756189535792 0.181862234033177
0.00197703792362195 0.23915265608395 -0.103891044139047 0.0950901408159131
-0.126721755588401 0.24922081378263 -0.0458588136997252 0.0305583323480411
-0.160375056206593 0.18509763041926 -0.0137309852668894 -0.0594630263527515
-0.0789785274625633 0.237826199983761 0.145547092461332 -0.0823119303004535
0.0951155970193027 0.200425680386798 0.0644670927199156 -0.205904601226207
0.212304923576196 0.0515718653393297 -0.0961539592082846 -0.182249399251793
0.168532006014715 -0.0748552434685386 -0.151742431364063 -0.0527471859946142
0.0930481455957177 -0.135756591807532 -0.086467108782825 0.0228920136580796
0.00142827399622347 -0.153044873463008 -0.0221334115121891 0.0118386945111168
-0.0320472512467869 -0.133380236928085 0.00298359890147827 -0.00779518129230221
-0.033052610520611 -0.140837399997629 0.0392548972388879 -0.0264151912963509
0.0437441401787766 -0.153326896786113 0.0856110442269457 -0.0262812702510214
0.121847647766186 -0.112078895447963 0.127091382149866 0.0189420693329009
0.208800485243185 -0.0387638025173503 0.10425127667343 0.116427004423796
0.163716605311463 0.136531279200459 0.0141049986566214 0.16627733859106
0.000756172189482464 0.235497697082677 -0.0718559375622835 0.0715003393365697
-0.13398524221212 0.239319770461093 0.0132035633738231 -0.0336543133523933
-0.163092499528754 0.142702430502513 0.0733667278122752 -0.122950791323244
-0.109203050405983 0.214545761477326 0.189581895710793 -0.11530594852226
0.0619480691968159 0.206429468701647 0.110426752900906 -0.195964744124882
0.198415944273369 0.0707705543154883 -0.0331596403963452 -0.182463845094919
0.165513145201117 -0.0621927180579719 -0.0914668744252582 -0.0898294269723352
0.0918074168655646 -0.125348416772451 -0.0569987363722491 -0.0379390800226513
0.00407993538298215 -0.142206514706852 -0.0184187084335994 -0.0494105359318532
-0.0332880651871475 -0.122896712985687 -0.0052715345431959 -0.0619718980042539
-0.0359417873267367 -0.126354261288974 0.0305278945607609 -0.0789245694938651
0.031853924397005 -0.136968212239073 0.0858834083132529 -0.0764316740117344
0.105431572265145 -0.103940575679925 0.140974692856497 -0.0245507439476006
0.18749374713195 -0.035567184208522 0.126668006503461 0.0841807651144709
0.140736187416586 0.126438926057595 0.04212273415628 0.143522114498872
-0.0131817916822297 0.204925099408316 -0.0474901606963165 0.0491427600451806
-0.131994706357604 0.193614056232938 0.0641662086420575 -0.0867645493141336
-0.130293479713057 0.0767910317432478 0.152305522214981 -0.168251357298172
-0.107488524999572 0.147027952465828 0.221218053093528 -0.138803559925112
0.0250816434736726 0.161973915314218 0.143565535912809 -0.17546709048945
0.14454924240377 0.0634497985635819 0.0198832838602528 -0.171357402900458
0.126451517305123 -0.0426602687134134 -0.0345832646659799 -0.114217540280148
0.0695768806078322 -0.0932227151877705 -0.0302571543415572 -0.0889193303413122
0.00245941036258831 -0.106795586615253 -0.0173358621659011 -0.100567703606796
-0.0297842791224058 -0.0924918563403699 -0.0132883736594266 -0.106621550605903
-0.0319354270635918 -0.0959101462682511 0.0226516846953288 -0.1217307972802
0.0195364068064802 -0.105105053246956 0.086644305484318 -0.115436705634121
0.081412857686132 -0.0837834314270254 0.152068207533896 -0.056092868125068
0.148881877831806 -0.0222471049815153 0.141536870764122 0.0633764471329484
0.10024894612168 0.110955212954631 0.0585563830872357 0.124263377680412
-0.0311806805285731 0.156701678193943 -0.0277884366721385 0.0319916944529808
-0.11828507568436 0.12380383833789 0.106089829975902 -0.121044293670894
-0.0709211199952324 -0.00246629059131801 0.203040111674733 -0.192412742090589
-0.0744873670572232 0.053492675170676 0.231381479789211 -0.15429726004104
-0.00280869399464661 0.0798631352651732 0.158522661974325 -0.160616123588728
0.0681206622031412 0.0307581937091452 0.0492864787520749 -0.162185998515957
0.0600674706475297 -0.0214343997383879 -0.00326387979535009 -0.129587393310313
0.0315229540239581 -0.0446480609223548 -0.018775796286492 -0.120776285013001
-0.00182722219991166 -0.052237194258438 -0.0221237530857637 -0.130965089826416
-0.0222631963317141 -0.0470630262415646 -0.0197531417377193 -0.134047996178358
-0.0241400561032813 -0.0527366112332281 0.0173063335731923 -0.149287403075815
0.00535426076379519 -0.0636636000188471 0.0903099481404216 -0.14027882142597
0.0504650099020667 -0.0571426318606447 0.165068555116954 -0.0734246701881105
0.0975823021042128 -0.00874386277223363 0.155366797589707 0.0551578054166389
0.0519258601316246 0.0847907871441608 0.0688575359161248 0.115453024572811
-0.043081201102019 0.0928556562177536 -0.0151138609750889 0.0256506651655886
-0.0903376240991371 0.0379895354100116 0.134297956169796 -0.130953313026821
0.0365841646328039 0.0299731275287083 -0.120818062241577 0.155882589542049
0.0283332560165864 -0.0273430889345935 0.0488122251643046 0.0136219733452457
-0.0163854626770747 -0.0306733097622497 -0.0522494721203053 -0.133235349566311
-0.0311324378929636 0.010254398333439 -0.174741102144031 -0.0749005349226718
-0.00413021719280205 0.0210819905989659 -0.194964548824006 0.0804074747307168
0.00588526708879133 0.00525058753694275 -0.0997992871616205 0.163338428257901
0.00273172411941678 0.00230925387664135 -0.0103907986731352 0.158660805152272
0.00588929051354625 -0.00261618687287694 0.0296793346341961 0.142301627768991
-0.00209814758301716 -0.0096840477585347 0.0436532803425271 0.132106159320799
0.00403054763920977 -0.015920522379684 0.0345209234845959 0.130465757435263
0.00948294285581872 -0.00421862615975078 0.00789853439747524 0.136536628071275
0.0124116444319997 -0.00950767763359314 -0.0460561193747251 0.160292706550586
0.029357851880689 7.77986460104973E-05 -0.133795309629146 0.151185420602622
0.0401227675182843 0.0392295982802051 -0.214870728752334 0.122520535844601
0.0103650327745242 0.0669443826731719 -0.198806428241121 0.174983846853251
-0.00703758360172934 0.102688352445038 -0.135591510064048 0.130596466487557
0.027347051899414 0.0521383052455074 0.0509242228212416 0.00632067548904597
0.035497305474789 0.0150335085769267 -0.047561190415239 -0.147165981146603
0.0358070502755478 2.93824890416714E-05 -0.181480025702874 -0.0899279020995951
0.037301291787708 -0.0163786423186968 -0.204451406942566 0.0692291266288888
0.0235401109495403 -0.0423103723981363 -0.1030980777578 0.15372800265862
-0.00552195008596436 -0.0480970928641106 -0.0128296733862286 0.146494133206033
-0.00799129830806715 -0.0492384749641577 0.0273742927562274 0.126598379076457
-0.00841862631716642 -0.0636932798849129 0.0490527509248119 0.113366457119645
0.0336651691130938 -0.0724487698123781 0.0496218575101759 0.114567729816889
0.0694442388879063 -0.035713899887113 0.0304349459457734 0.129812181997724
0.0950992822781708 0.00420041438290147 -0.0214492139232077 0.164008374497453
0.0707536170585181 0.075115757801114 -0.106591082520874 0.16310536208612
0.00954395421811564 0.131185374304403 -0.176228203912589 0.12016287129906
-0.0520956176868417 0.149339670260497 -0.157849909228165 0.144824526713849
-0.0595574609284318 0.158922206677616 -0.124639878356409 0.0813658567367803
0.00972717606077914 0.134178294445094 0.066512576978042 -0.0143409184304642
0.0805050454756235 0.0742738206766951 -0.0276375784136076 -0.169671253040453
0.108051489853229 -0.000777542944088267 -0.175166895774746 -0.11753101334057
0.0833629923610516 -0.0513152761243365 -0.206215165768148 0.0427072444465317
0.0455078447514291 -0.086995645806688 -0.104976031919749 0.126633298627776
-0.00933730820787252 -0.0945068433884345 -0.0166402796169817 0.116032376053544
-0.0205500379614784 -0.0883661041250715 0.0212226724483472 0.0928057191625999
-0.0190853468923418 -0.104366542633717 0.0500587986788516 0.0755662456079681
0.0453627915414037 -0.118632596055033 0.0666069261566545 0.0770149176710018
0.106110797263174 -0.0729108338691051 0.0671531711266091 0.104466366424372
0.159025077961573 -0.00934700604228701 0.0222471345519071 0.159826745818519
0.120071424620463 0.116337484798617 -0.0650259456046843 0.173943590385052
0.00502267187732334 0.197678867744448 -0.133281530898846 0.111241786278403
-0.0920215200188598 0.211071619856466 -0.102082040213885 0.094717031549969
-0.110244468660698 0.187439847154402 -0.0819832412696771 0.0158750847953646
-0.024031465209983 0.200041026555141 0.0962190459812882 -0.0463504781563626
0.104700274468499 0.137855819309279 0.00779901678252764 -0.189536232726328
0.170669383478137 0.0136587103873758 -0.147040802421698 -0.147815038026725
0.12817116335711 -0.0750764483573668 -0.188272780720339 0.00292362921121639
0.0672910287338617 -0.121153221710814 -0.0984341925103896 0.0821277771287826
-0.00939136818918398 -0.129792372430395 -0.0202640667381939 0.0689949305225377
-0.0306885574560978 -0.115425400856993 0.0117668275198529 0.0456123750852221
-0.0302296298966961 -0.1272779015506 0.0456980411863934 0.0261881760187356
0.0433704511459447 -0.145258555868206 0.0779309221060109 0.0258658506200876
0.116866168908714 -0.102306309948987 0.100901832988994 0.061465964680636
0.193254482985106 -0.033676056394635 0.0686777900051191 0.138590375265487
0.155593125544636 0.126555955207203 -0.0180248121561793 0.171598357296871
0.0113813464619681 0.226892032771632 -0.0955297254777084 0.0941149275877651
-0.111214079385535 0.23945142520459 -0.0434894025285741 0.0314758276206882
-0.143926256377693 0.180971807396115 -0.0146609408761006 -0.0550851176256259
-0.0656157981558211 0.229151888161614 0.13515303727085 -0.0820733173395621
0.0975614164614061 0.185176784846705 0.0537331216472186 -0.196145270742529
0.201947859900692 0.03896046013547 -0.0974174161075719 -0.168501426045836
0.15638112885354 -0.0792425877267957 -0.146930755142056 -0.0422889392885848
0.082368201677851 -0.134831181634393 -0.0810059161376047 0.0248203770880227
-0.00572443794769544 -0.145121385155003 -0.0216009358908965 0.0115168456304846
-0.0360752104406345 -0.124403652681574 0.00147446506472924 -0.00729312460475456
-0.0380274754141998 -0.130665565648343 0.0364332672807963 -0.0266693447158335
0.0346705449713674 -0.148614643112253 0.0800764244567213 -0.0276037851585179
0.111106628041107 -0.111808777422732 0.121371546257825 0.0131455698475814
0.195777476748612 -0.0462848935893513 0.102721508929208 0.105867100284833
0.16118837678933 0.122321075758112 0.0207074601089524 0.155010255957949
0.00936124666861952 0.22375365469534 -0.0653761829876504 0.0711737417682847
-0.11888494816106 0.230277551301938 0.00968122086327514 -0.0317319739653266
-0.14809158665518 0.14129049589941 0.0650037837554267 -0.118728458004465
-0.0950156751001498 0.20820076223491 0.17448464302579 -0.11477735967701
0.0664398961995095 0.192140842003023 0.0984198547849515 -0.187884737864923
0.189804621844957 0.058165517288569 -0.037804075141305 -0.170668632354135
0.154135897078195 -0.0674208645976328 -0.09008913938658 -0.0807173022936882
0.0817762306618992 -0.124407323537292 -0.0556037990339572 -0.0343513302615987
-0.00255921473614746 -0.135682296138648 -0.0215960186846221 -0.0471824318058602
-0.0365455176861433 -0.11424652759627 -0.00918895507541396 -0.0587269467146414
-0.0395461924888611 -0.11702095886334 0.0248022898044849 -0.0759310143573104
0.0242436938062273 -0.132021697870963 0.0774688648052196 -0.0752894254780729
0.0957412550981244 -0.103034614037276 0.132965441753333 -0.0285379665769753
0.175667425521556 -0.0424479199299208 0.122974648505012 0.0751317683337694
0.138792672133094 0.114068143504229 0.0462536080372241 0.132695270913369
-0.00515782595109233 0.195349915044335 -0.0429022981648975 0.0481777989404355
-0.117695744858909 0.187741422761197 0.0557376318360558 -0.0847395664375968
-0.119015655591163 0.0773826136159888 0.137868576273803 -0.16504969667533
-0.0959745023785982 0.14337437705296 0.203843840540884 -0.138399155720092
0.0295332119867479 0.152094267595322 0.130743965827603 -0.170184656183779
0.138339981273702 0.0536535609312949 0.0134010891537627 -0.161844749098372
0.117833884778608 -0.0466907845585403 -0.0370102589085652 -0.106767221531686
0.0616637460786819 -0.092209087030214 -0.0325853100408302 -0.0841008617620476
-0.00235014231954119 -0.101398222054581 -0.0224966806493723 -0.0954042980080923
-0.031527464396927 -0.0855014118227976 -0.0188865743280339 -0.100592922081055
-0.0342201932043427 -0.087904210271883 0.0156232448784685 -0.116391031209415
0.0134067236406425 -0.1006959388191 0.0763176028515375 -0.112574889861462
0.0737825649536362 -0.0825221748170817 0.14254904086158 -0.0585318640969365
0.139452069476202 -0.0278346613549288 0.136474762817289 0.0545702543541021
0.0999273668787104 0.10056499254731 0.0604487358722584 0.11488412719241
-0.0234102512206887 0.149888968364349 -0.025492599472518 0.0310346761397598
-0.107210633602887 0.120972739886153 0.0937431763602496 -0.118648988015957
-0.0668652983766385 0.000168715414217945 0.184960725869271 -0.189548622256532
-0.0674072411942956 0.0528408465036318 0.212180217300165 -0.153555306067856
-0.000139819014311344 0.0754825912694706 0.145321445857391 -0.157239353960827
0.0641147976828995 0.0261572704233737 0.0418105316553785 -0.154970192232696
0.0558645299379165 -0.0234812595607371 -0.00777115584589733 -0.122953957982513
0.0280687252250213 -0.0441847783283528 -0.0225308127326577 -0.115301003671792
-0.00369105382099517 -0.0492683104953588 -0.0282857330639951 -0.124089253647068
-0.021876939843078 -0.0426676547179882 -0.0264551912618108 -0.126251082764882
-0.0243830233523985 -0.0472120974547955 0.00865623429880697 -0.142060487124971
0.00222284694774028 -0.0598477206392741 0.0794913913324303 -0.136476978175976
0.0450622183020694 -0.056373451337128 0.154144075908381 -0.0760955235833544
0.0912943218960106 -0.0125322974967597 0.149526699083962 0.0466519660192299
0.0528951364325272 0.0777719759959067 0.0698178860746215 0.106219058324185
-0.0375888198286457 0.0889637748926176 -0.0135812422196879 0.024971620165294
-0.0837157430663874 0.0392399783950922 0.119759377224561 -0.129687306342418
0.0346618195341293 0.0317965848521187 -0.120026381849826 0.141433465541875
0.0285102249103852 -0.0245478388752862 0.0459768519075669 0.0150532071057463
-0.0149977166357826 -0.0295349900656546 -0.0443005487403302 -0.127199106447606
-0.0296165272326901 0.010408646446393 -0.163317685647462 -0.0776555820112328
-0.00321788734895386 0.0211350599269823 -0.186077422599405 0.0708881433621025
0.00555962717635276 0.00569326567646894 -0.0987565690160487 0.151323527614256
0.00171927686721172 0.0036343763612419 -0.0141391133055922 0.150625418168269
0.00580127193151702 -0.00232333354724071 0.0268053251514124 0.135612610189836
-0.00152854821570655 -0.00870814926793561 0.0395529855453035 0.127077602793449
0.00485004157449284 -0.0151563109863485 0.0308225425973213 0.125954270152034
0.010712390484903 -0.0030729014317399 0.00263476319615315 0.129676764314133
0.0124680427498273 -0.00579839606500997 -0.0483687931998806 0.149311231355713
0.0257227105129688 0.00393865488100385 -0.132593577787476 0.135699946824789
0.0331701906416796 0.0394480257394846 -0.210762492624354 0.107440907075924
0.00634003929933163 0.0666627757726423 -0.197637137147249 0.15612394776254
-0.0116844040199278 0.0995672248070104 -0.130843030830641 0.119850669402037
0.0227351416655681 0.0513817741714583 0.0509041952723715 0.00775480912090239
0.0324615491897845 0.016920478544629 -0.0368300350251746 -0.142815545772661
0.0339746855973821 0.00297077653401342 -0.167233858654029 -0.0943575838679049
0.0376720579308356 -0.0123789775125261 -0.194855030592045 0.0584128237929795
0.0245981685382142 -0.0398845585955949 -0.10312698149791 0.140671683616992
-0.00422327487454701 -0.0449126649516481 -0.0170308706529449 0.138373885131461
-0.00580915907731768 -0.0479449601015766 0.0242424717759182 0.120256533919604
-0.00634620418934969 -0.0610859313657066 0.0459408173956433 0.109238457831
0.0341958844550458 -0.0695903223505251 0.04623819425496 0.110490810491999
0.0698426015238754 -0.0323455268306138 0.0267873199415783 0.12632847676929
0.0909508631306784 0.0094147212582378 -0.0232230211945225 0.157380442999051
0.0636044837514814 0.0777653977468961 -0.108028709584171 0.150763239538617
0.00250284646668603 0.127357338570199 -0.17558115209689 0.107171945985063
-0.0545255268880811 0.143410132387886 -0.160481458077811 0.128910463577583
-0.0659806144399235 0.150932733073501 -0.116145370858241 0.0765562742103038
0.00135094583085584 0.128768367858452 0.0688722780868801 -0.0108201617766194
0.0715146819495732 0.0758377684689927 -0.0142255648366067 -0.163977778867136
0.101144089838285 0.00549711874345923 -0.158077641350479 -0.122230727571352
0.0827385385196959 -0.0435459591944494 -0.19608951605984 0.0302471995379931
0.0472120811120383 -0.0818027364283578 -0.104385873342219 0.113677990094326
-0.00571863351264502 -0.0904811089015681 -0.0217306499793331 0.107762864749948
-0.0160243359631892 -0.0867401487478008 0.0177958086420034 0.0875769124222092
-0.0152854160895235 -0.100444156078526 0.048145751278867 0.0725943520627887
0.0474931547603126 -0.114330222987154 0.0646728804487637 0.0747944763650882
0.106501808918727 -0.0673954203758694 0.0645354715108176 0.103881025450923
0.152815644536914 -0.00205113626260787 0.0209016607675597 0.156458302931663
0.110299081637384 0.118609279072747 -0.0689359905994154 0.164679991559127
-0.00393094805581974 0.190986133905911 -0.136853773897506 0.100948304431089
-0.0935040652843573 0.200595692355001 -0.107799305125958 0.0833457025859898
-0.117018099510399 0.174798227883296 -0.0723823421868956 0.0183398160677252
-0.0352691915796846 0.190438696200463 0.100179967091624 -0.0383210211803281
0.0907286231137556 0.137750731926636 0.022703675008274 -0.180934555195843
0.158566537231454 0.021168857152952 -0.128504381050397 -0.150755622707592
0.125432280464776 -0.0647191516887379 -0.177485463463055 -0.00848139599385046
0.069496168254112 -0.113979092775542 -0.0973199412211444 0.0707341527540512
-0.00410435116031692 -0.124081681731643 -0.0247284490215512 0.0621721053541457
-0.0248319760642044 -0.11284339415639 0.00910278816788716 0.0425676836053392
-0.0255698545835104 -0.122580607484522 0.0449234533677478 0.0247568335165277
0.0455582440193647 -0.140773704432448 0.0762787816572435 0.0261423646917114
0.117637494635567 -0.0963462106593463 0.0988698877061045 0.0635832924825886
0.18596623078747 -0.0253060178677113 0.0672806293581913 0.138067986326155
0.144755048710575 0.129245776687018 -0.0240451972009817 0.166100435374884
0.00212321696639788 0.219940404509054 -0.100847472535129 0.0868517574131267
-0.111700236699178 0.226562220083858 -0.0512808172950379 0.026330963791378
-0.150312251641848 0.166084766634493 -0.00600152615059556 -0.0447040154164217
-0.0772732168027511 0.215528406231846 0.13908435440942 -0.0691309930817807
0.0809899555861945 0.182784856620809 0.0683637110701689 -0.184959178446649
0.18657365106502 0.0463171559026085 -0.0777125578258849 -0.167914293174677
0.151886103371738 -0.0679126506333613 -0.136479089195373 -0.0503897736054995
0.0837394661932065 -0.126762272766723 -0.0795817474171923 0.0164968666249578
-5.7159684337864E-05 -0.139214792502919 -0.0249634607881296 0.00718098613385859
-0.0291491733149484 -0.122287141387639 -0.000343819911812216 -0.00835335511759982
-0.0327555472255315 -0.1265599769427 0.036321293568153 -0.0261971668995571
0.036555178579009 -0.14446443009643 0.079410104362285 -0.0250064739348841
0.112178438969337 -0.106433935983269 0.12035678122508 0.0181456549530013
0.189165858516061 -0.0386487313965401 0.101526442781062 0.108404221122548
0.151492007923707 0.124814914694462 0.0131255916556278 0.152189403976255
0.000821544479670425 0.215758064927092 -0.071780243185789 0.0662325044761182
-0.11810373619916 0.216782434144781 0.00173896679787183 -0.0309858733852964
-0.152398719981033 0.12729875422282 0.071516666023239 -0.101556471583906
-0.104862030270707 0.193635029091507 0.176904492757674 -0.0977165026671321
0.0499498299270419 0.187134931926722 0.10998234716355 -0.173344295653164
0.173732752717061 0.0634682776953364 -0.0215273030753621 -0.166864263905376
0.149113657277504 -0.0565379311008254 -0.0805683020457317 -0.0850027890054128
0.0823820813034351 -0.116461602308808 -0.0529838132969754 -0.038963366222464
0.00253271396105623 -0.129999644365582 -0.022938234035183 -0.0485734557242624
-0.0300672125351556 -0.112351322677372 -0.00975668151570027 -0.0570559642091078
-0.0346734022994253 -0.113509114378252 0.025835785342433 -0.0733175990416742
0.0262776946227252 -0.128084965663636 0.077195441973128 -0.070642652631016
0.0968573342875386 -0.098303381403624 0.131836977827966 -0.0219026588386438
0.169627877554798 -0.0357114383425279 0.120729331020256 0.0798231690179343
0.130466854668494 0.116232030429722 0.0376897274934315 0.131630478269966
-0.0117933666435863 0.187831698007024 -0.0485952718483734 0.0448599937322162
-0.115602615809084 0.175479961857434 0.0487765820965856 -0.0787636208327598
-0.122068067741532 0.0667607768886464 0.140998405391333 -0.144386174258152
-0.101859562384888 0.131509361027902 0.203849924432379 -0.118367712340243
0.0172779467549278 0.145835762842289 0.138008685594279 -0.153689126800263
0.125420041059836 0.0567910324612386 0.0252792177070803 -0.155159759701069
0.11235250617591 -0.0387441062799855 -0.0304291333814026 -0.107199428336005
0.0615697445745696 -0.0855220806153803 -0.0289364730205276 -0.0843921425042909
0.00165160337192582 -0.0979128368357163 -0.0229377642089554 -0.0940395073268028
-0.0265055177067886 -0.0841000266180112 -0.0182427038804197 -0.097015015923568
-0.0302716592299482 -0.0855194219074872 0.0169336278007049 -0.112008980501766
0.0154101853035108 -0.0982866046167643 0.0766803917248065 -0.106114071207146
0.0745734549687474 -0.0788850777746099 0.140928841689932 -0.0506430018371528
0.134969795800822 -0.0230191855434345 0.133112532071095 0.0602201355119684
0.0936473185513208 0.102035634946593 0.0517018725552008 0.114245431778408
-0.0277315014490289 0.142902536093135 -0.030002222019563 0.0284761564835601
-0.104119810663632 0.111697791629744 0.088046781618327 -0.109487620840012
-0.0669582114234856 -0.0051897446313592 0.184446629390505 -0.168856263296267
-0.0700446276015723 0.045631512144449 0.209540198303125 -0.133477168969798
-0.00657068883282483 0.0712787383260617 0.148631362314093 -0.139560252906483
0.0563883473401162 0.0273399650957927 0.0489970398666736 -0.145555432790961
0.0527051715377653 -0.0193837182423634 -0.00245347011909996 -0.119440576563926
0.0275423733145773 -0.0407083410287285 -0.0183935452717943 -0.112274814050419
-0.00112829710666827 -0.0481911575020259 -0.0266162410233575 -0.120360617421212
-0.0186370350759069 -0.042152357666328 -0.0241825717968344 -0.120813128982117
-0.0211831026201115 -0.046532891709814 0.0103920641377062 -0.135986732683665
0.00353130075131894 -0.0585952025557315 0.0789502727168162 -0.129358562424759
0.0457468011491924 -0.0540219681049066 0.150780559092877 -0.0669867394721565
0.0891733375632741 -0.00933184347188791 0.143528034186215 0.0516953106977606
0.0487822236347255 0.077981195326689 0.060607340172661 0.105297100491189
-0.0391383049822446 0.0841957883738307 -0.0170350247497721 0.0226158286624623
-0.0796878871413789 0.0340223483813432 0.115978906768647 -0.11890775231194
0.0323877185485765 0.0315405492948223 -0.117032070334294 0.137415939784984
0.0278732375363655 -0.0237586613428545 0.0461868905521515 0.014725074908607
-0.0141024713868383 -0.0290068590608818 -0.0421641743140637 -0.125287230710232
-0.0280377330451794 0.0100631037714734 -0.159695627826014 -0.0776631338709024
-0.00378698958700501 0.0205766705981525 -0.182294149461817 0.0692493533015915
0.00456874116714268 0.00594688152379897 -0.0974522613780531 0.148495917760292
0.00155455088603826 0.00368377753844791 -0.0146688246710952 0.148014605183878
0.00518392341266926 -0.00295601321161487 0.0270506019988781 0.132617619778058
-0.00193393123742132 -0.00906469720455709 0.0396651708823118 0.125021672792119
0.00444461747947388 -0.0157197615365163 0.0295826128189409 0.124268287677875
0.0114956566890075 -0.00326057276523656 0.00122481517249067 0.127220227608695
0.0126818613778774 -0.00524971304876277 -0.0486801510397712 0.14462719804906
0.0249661596934855 0.0046831080358745 -0.131758066729038 0.130249856018218
0.0321983520964035 0.0388907821228428 -0.207342818750435 0.10351588733092
0.00448349553718518 0.064917323214913 -0.194625099886236 0.151999662149152
-0.0125166624091346 0.0971692071967002 -0.127118469419189 0.11604402574032
0.022206381217829 0.0506914352707164 0.0506399496174894 0.00806163624275767
0.031854260838032 0.0160231687213934 -0.0346780683698478 -0.140519836044761
0.0331647294526597 0.00279678734138642 -0.162893599669265 -0.0944374543274612
0.0359765875831455 -0.0125668990717525 -0.190839245124559 0.0568659473197958
0.0230655416193903 -0.0386928284423853 -0.101563803555704 0.13794943747888
-0.00446953088580185 -0.0439199094496436 -0.0178016454680981 0.135209534264905
-0.00596030750859113 -0.0474334262008473 0.0243563647782658 0.117975909895169
-0.00647317950052878 -0.0597133395528705 0.0452297260866494 0.106715551266219
0.0332194873708888 -0.0691312839172094 0.0448677107041056 0.109327069099993
0.0696648189843546 -0.0319303494399648 0.0250364082621635 0.124222059244775
0.0894337074242471 0.00935719983036206 -0.0244129384664747 0.152626860438722
0.0617098330173245 0.0767119144874476 -0.10811994109759 0.144728403524891
0.000892547665915988 0.124873023395656 -0.173433925369593 0.103396179678354
-0.0556920454646886 0.139240473096075 -0.158235561573192 0.125267242556482
-0.0653307931580044 0.145818591465065 -0.113060614941117 0.0738944750773819
0.00086885774429134 0.126402654698218 0.0684707553202389 -0.00893442588491999
0.0692503219791027 0.073358892170136 -0.0121173217258487 -0.159983636822716
0.0987183202306024 0.00550062868587358 -0.153386275645457 -0.120633941011138
0.0805597852309348 -0.0431381526807955 -0.191054603341638 0.0303839997648825
0.0452966094953995 -0.0811421587189801 -0.102790886231846 0.111073382894898
-0.00582204222080699 -0.0878583222474114 -0.022126091100824 0.105610955297431
-0.0158604776261786 -0.0850540488500883 0.016935537946861 0.0865111147794341
-0.014731901755783 -0.0978599183865985 0.0469124112426234 0.0713583473865417
0.0460355858412354 -0.113300980244541 0.062712412040358 0.0745171542946476
0.104991575925699 -0.0663074342329336 0.0625467994109994 0.102149284116013
0.149752221790877 -0.00190560413665264 0.0191059393610948 0.152932134875854
0.107337067795312 0.116922560386428 -0.0690657828296645 0.158897561362608
-0.00537086125286526 0.187469873858345 -0.134752581549983 0.0978516550050098
-0.0937430725194599 0.194344473394247 -0.106727810409477 0.0813315832647271
-0.114666112172669 0.168989195432502 -0.0701417156358717 0.0185539535294023
-0.035547884558224 0.18649480997156 0.0993083015032639 -0.0352171350248398
0.0875692118116721 0.134105857683109 0.0244365657731664 -0.17632277501366
0.154561151183626 0.0209976258970697 -0.123684016421889 -0.14818392513941
0.122362749651285 -0.0637711029650975 -0.173009436478938 -0.00786936433935158
0.0671569867377011 -0.112321535558233 -0.0953801104477133 0.0688059021213957
-0.00376797971945401 -0.121448177878328 -0.0249909591275751 0.0605447033320185
-0.0242628126830803 -0.110302111655978 0.0079859010826749 0.0420820119425175
-0.024672812367477 -0.120033865405455 0.0432983288506603 0.0244217859399775
0.0441148061735208 -0.138500598656752 0.0747899495898154 0.0266717508642968
0.11614758644123 -0.0942134161404527 0.096920292384601 0.0631315499715812
0.181842067382017 -0.0248650593260847 0.06411322989748 0.135394114488871
0.141597393457612 0.127374875193332 -0.0251838561050004 0.160480461992563
0.000277401750127462 0.215593895287803 -0.0998399023227739 0.0838060324836471
-0.111906855767055 0.21961609297125 -0.0517218140784064 0.0264064881285625
-0.147350027918679 0.159745258023169 -0.00522282498052466 -0.0427532694490799
-0.0766779771587874 0.210296945764659 0.137085376343802 -0.0652003898077231
0.0773436390011464 0.177830394764093 0.069186345946801 -0.178705649226188
0.181766970996789 0.0458178693362834 -0.073873406379576 -0.16398707237881
0.147704113491052 -0.0672430151928031 -0.132677897093994 -0.0490548696371363
0.0814367631049386 -0.125130607495029 -0.0779365788699671 0.0151269529070199
0.000241474865840592 -0.136387170723657 -0.0252017672538681 0.0066420004124329
-0.0284331562454889 -0.119005881510398 -0.00150852354654254 -0.00742833367639753
-0.0318272029427827 -0.123436574877776 0.03521801797751 -0.0256907337489581
0.0356005751790238 -0.142123875410688 0.0775972638692462 -0.0235403318857589
0.110749746596243 -0.104148614270539 0.118418701228464 0.0185464897076979
0.184684656509919 -0.0381399123748357 0.0978623098370511 0.106843863983424
0.147428589432586 0.122845200734843 0.0117661045708184 0.147679010816525
-0.00042317926988745 0.211292924131864 -0.0705368798561267 0.0641592832421151
-0.117801349688341 0.21036657573975 0.00063351909971402 -0.0301008321447715
-0.149236122188962 0.122217756455543 0.0712966507337146 -0.0979043527846922
-0.103761223552504 0.189025158276816 0.173717915187381 -0.0925011649116775
0.0474213259029512 0.18261228907355 0.109825345417483 -0.166481937479112
0.168526604090932 0.0623171358075164 -0.0182974710317326 -0.162601617851563
0.144903883933111 -0.0558860770242744 -0.0784847139387189 -0.0826196882015449
0.080041756961562 -0.115001887160314 -0.0520424247799962 -0.0392290720860284
0.00260732765067501 -0.127758483194855 -0.0239994257901177 -0.0480361073956815
-0.0288312535024626 -0.109474393008745 -0.0109974154414482 -0.0554184028579326
-0.0331816982583952 -0.110067424275093 0.0249698129959186 -0.0717393933280484
0.0257981012751876 -0.126058264771735 0.0759556528150152 -0.0685252699168943
0.0953170841188518 -0.0958922941221783 0.12971567668241 -0.0208309709074963
0.164938162328049 -0.035591024801846 0.117138573526676 0.0794693760533609
0.127011034519808 0.113759476217823 0.0362605941171783 0.128172711181332
-0.0125932309874529 0.183319873675479 -0.0479826172734614 0.0432521948507545
-0.115218340153903 0.169906310936593 0.0467249164289146 -0.0767145418965734
-0.118857532990107 0.0634693496880693 0.139178349420735 -0.139026281041031
-0.100627367632703 0.127771828165312 0.200445178984332 -0.112813693235402
0.0155063906902811 0.142552346752152 0.137061509193211 -0.147804133041876
0.121577466838388 0.0559905602833198 0.0267517127903653 -0.150559977840612
0.109576949730902 -0.0381917511435229 -0.0286671346979225 -0.104535680505614
0.0600053458204325 -0.0846349369639579 -0.0281569314347597 -0.0840127330348776
0.00181105363566767 -0.0962423847224757 -0.0241153483801887 -0.0928403780935406
-0.0254562894541591 -0.082024071797353 -0.0189450994231734 -0.0941297087240514
-0.0287573158642843 -0.0828745296447234 0.0157682128825688 -0.109068779700373
0.0150472988728049 -0.0957825283482476 0.0754280634681871 -0.103116773403068
0.0730648351399087 -0.0768468091265125 0.138489723660725 -0.0492872409430814
0.131409112584052 -0.0232313956123158 0.129693272920305 0.060412223414615
0.0908340388685867 0.0994370943238801 0.0499743507244516 0.111270077152635
-0.0283434864486482 0.139618940315315 -0.0295867447056163 0.0273622566976709
-0.101912015378298 0.107899008425072 0.0846578684765659 -0.107126667834017
-0.0647152792781624 -0.00577838564278276 0.181995817064735 -0.163377190733342
-0.0683518306279572 0.0437117078029775 0.205533629349031 -0.127572908589653
-0.0069146762892749 0.0692210739738389 0.146919930377634 -0.134328913620973
0.0541476442604593 0.0270802681488279 0.0499637323361191 -0.141006413136226
0.0510923315972919 -0.0192898346526493 -0.00176315720812706 -0.117430781516502
0.0267968242213101 -0.0399896404093618 -0.0184268056840222 -0.111298000370636
-0.00105870094412768 -0.0470512463562058 -0.027713989267258 -0.119105173192265
-0.0173218275907917 -0.0408184859382714 -0.0245412392702976 -0.117399469881491
-0.0199818937750836 -0.0442699858580213 0.00964710011979283 -0.13249687522714
0.00375399673633608 -0.0565789306104963 0.0775132551547904 -0.125601415994069
0.0446172215972571 -0.0521811529890836 0.148393512483542 -0.0654788441823344
0.0867155441185809 -0.00878759696895049 0.140221424817199 0.0523442456535344
0.0471351113606281 0.0763899548780908 0.0588695072163675 0.10369772575126
-0.0391362144654928 0.0816841261815163 -0.0172098018851042 0.0212114439248358
-0.0772203580500585 0.0318991592155297 0.111666487108264 -0.115799008180423
0.0315485124871356 0.0316631330782458 -0.117343829235013 0.136868939294227
0.0281417557242794 -0.0232845794734019 0.0471502659493715 0.0149414362716872
-0.0140874256290636 -0.0293663913288105 -0.0419367836881691 -0.127247520794215
-0.027918549963884 0.00994071674608866 -0.161691089261304 -0.0795661741675331
-0.00370310596905686 0.0209206876274977 -0.183888068279022 0.0697648512363783
0.00400616937871462 0.00637147669166382 -0.0982427298553047 0.15111334619838
0.00144032921228983 0.00367808880828439 -0.0144457246520139 0.149420871103073
0.0047805759458381 -0.00302603739124514 0.0286612365202959 0.133842045925627
-0.00193611396772914 -0.00932041765625503 0.0417991608936219 0.126122065737743
0.0041451424005544 -0.0158745899277992 0.0299420048775223 0.126072710623444
0.0129599774034709 -0.00353028837823244 -0.000395692387296518 0.128525583205372
0.013248452415837 -0.00517843932194867 -0.0498846018694351 0.144320233178062
0.0251058046517571 0.00561613733366228 -0.134502612605908 0.128541652772346
0.0316088265688009 0.0389254522369485 -0.209884143244078 0.102982506554877
0.00296267671146559 0.0655522778025299 -0.196440707907227 0.152819549796157
-0.0135656721189434 0.0966076654357611 -0.127845808076959 0.116366238441029
0.0222837304074659 0.0513874594996529 0.0524869025292226 0.0088130357072479
0.0317948096149018 0.0156979610191563 -0.0337935638673338 -0.140713244725783
0.0336775105931114 0.00244126291703594 -0.164366625526156 -0.0961493596687725
0.036053719563434 -0.0127699263671754 -0.191997839568264 0.0579854265227434
0.0223719103385623 -0.0393004040655106 -0.102220954237472 0.139558509271624
-0.00463229280585795 -0.0438550711759093 -0.0176470605016296 0.136512658560851
-0.0062955118670467 -0.0478064813276695 0.0252731561279099 0.119422001328963
-0.00691553377677457 -0.0602589121942297 0.0465280248791156 0.107638794845932
0.0334965132868298 -0.0706086854505233 0.0460199507581074 0.11134965866876
0.0712620899592753 -0.0327512519081442 0.0243536529724049 0.125275835711957
0.0902861538745315 0.00950976949901361 -0.0260383586435459 0.153508556975426
0.061819385420341 0.0781345197070566 -0.110103062669006 0.143526424913141
4.14092675637759E-05 0.126175925416038 -0.175651492737427 0.103251988762837
-0.0576045177794865 0.139617793034034 -0.159809447714723 0.126357865135242
-0.0664410298085654 0.1452223249921 -0.113015142837607 0.0744281415400157
0.000634044796639907 0.127659454677376 0.0702031931605986 -0.00775446288556054
0.0692919186559117 0.0724864054831229 -0.0109249613869036 -0.160754588077826
0.0990546916013324 0.0048027837932041 -0.153725557471362 -0.122782271833045
0.0801507861600078 -0.0443020115057153 -0.192085053535664 0.0315504747217825
0.0443039244163578 -0.0820764409982803 -0.103919903211081 0.112554276854751
-0.00642737489922047 -0.0892524352074444 -0.0225406233710816 0.106193052462512
-0.0165457608988821 -0.0858081647882479 0.0179885750227108 0.0872786011698753
-0.0154819807126873 -0.098804993023589 0.047961806466281 0.0715782660686316
0.0453737360352484 -0.115171777369203 0.0638754714273157 0.0758634447785904
0.106693151052247 -0.0678463779258617 0.0626730021552916 0.103521389840786
0.150760718217171 -0.00275259943930758 0.0177050997672108 0.153517244144718
0.108201825193627 0.118280451605235 -0.0705400159997248 0.158064229132243
-0.00630051440156437 0.189228955787183 -0.136822683021367 0.0979268275783085
-0.0965934855777199 0.195016168895211 -0.108661021779337 0.0820357670874922
-0.116498813777935 0.167434696009617 -0.0701913056051174 0.0191984720124677
-0.036656619969331 0.188418009022252 0.101189292593458 -0.0331210710143145
0.0872472634594726 0.134069359068836 0.0261220431225622 -0.176141548410036
0.15517092245067 0.0205891312699694 -0.123265394961006 -0.149592616531066
0.122158701174924 -0.065030548388366 -0.173329372238941 -0.00604009894584376
0.0666302048486009 -0.11493439592587 -0.0962865326451903 0.0690300696514376
-0.0044469340236683 -0.123138651118978 -0.0260048977362847 0.0611734253332949
-0.024819901187206 -0.111150984135421 0.00832780045495063 0.0435470621460665
-0.0251063499350494 -0.120157310920914 0.0438687867378651 0.0242358847874755
0.043588973998814 -0.141182259459576 0.075298811647098 0.0275888837135316
0.117414661389492 -0.0959789776886992 0.0974425163841923 0.0635698386062122
0.182753614665084 -0.0259624996623848 0.0637869024412088 0.136835210028751
0.142380846114808 0.128944084679084 -0.0257658032984638 0.160434426862843
-0.000823479350418042 0.217824044013266 -0.101019718283331 0.0838518378617503
-0.114499597057013 0.22008639428087 -0.05292294029922 0.0263259705904155
-0.148067149725424 0.159088590293629 -0.00409047024874919 -0.0416968912200256
-0.0781511050912854 0.212355989769564 0.138865803919167 -0.0628242032571048
0.0769934167254909 0.178540310788244 0.0711731008846093 -0.17791423003247
0.181921738409655 0.0458731444416527 -0.0730403611988155 -0.165632786589575
0.147771513679307 -0.0684915931314645 -0.133285042096582 -0.0479339432359063
0.0806916532940091 -0.127545563478796 -0.0786767061999541 0.0148274018855718
-0.000746869429221627 -0.138160318073231 -0.0268549257446874 0.00606745862658812
-0.0289444590306054 -0.119922524190353 -0.002028895079677 -0.00653583857155911
-0.0323774387000254 -0.123507500405663 0.0349312597544449 -0.0259964482449077
0.0350517800613291 -0.143786830168678 0.0783844416417376 -0.0232879960403047
0.111951862137433 -0.105571338755696 0.119448086502765 0.0186155887918476
0.185493025272941 -0.039904634960237 0.0980864179839535 0.108943429783141
0.14861004936241 0.124220535116783 0.0116230919340494 0.147560691808024
-0.00172485172438756 0.213606921320713 -0.0714428566618587 0.0646869588955158
-0.119819819283501 0.210826628218586 -0.00079601026449272 -0.0302199202799013
-0.150261034564518 0.121063057234884 0.0728265711682999 -0.0972214451609794
-0.10512317358499 0.190452096208621 0.175306197757765 -0.0901525811490218
0.0466539535173011 0.183580824744928 0.112322871259204 -0.165502464246005
0.168599813709779 0.0626440690136533 -0.0172020250563398 -0.163369607429066
0.145009635940481 -0.056982373035668 -0.0786505536020268 -0.0819157531887599
0.0796182166675686 -0.116907860044942 -0.0525181357227087 -0.0404600207451314
0.00172425727989146 -0.129942274643825 -0.0258973620093298 -0.049290680012804
-0.0290635439657789 -0.109697979301259 -0.011984127099324 -0.0547114731925438
-0.0334683484244572 -0.11018396183414 0.0242615756558179 -0.0721104653951403
0.0250907291525794 -0.127104212881989 0.0765486225877286 -0.0689178180829755
0.095850008833237 -0.0973173025502388 0.13135204721957 -0.0209703491310994
0.166122384642232 -0.036681205919993 0.117520947800963 0.0808880211360679
0.12798679000576 0.114435977165665 0.0358865798792081 0.128386426115119
-0.0134389086422965 0.185251890715732 -0.0486764817544209 0.0433048187791674
-0.115972713332729 0.170056058276899 0.0448133917701874 -0.0771969479809508
-0.119677386798984 0.062409420716451 0.141524431543809 -0.138490385194007
-0.101798784764961 0.128210733407978 0.201679357678533 -0.11073941219956
0.0149377857470074 0.142749137370911 0.139766149033623 -0.146383512884897
0.121029788060822 0.0565439634827672 0.0282760892582169 -0.150688050707487
0.109920040133071 -0.0389793741930365 -0.0289341667866761 -0.104220016167783
0.0596738006863419 -0.0862710109559013 -0.029028538460096 -0.0859543508673479
0.00109616774471936 -0.0974079315876969 -0.0259741107143664 -0.0942565980452341
-0.0249536874501481 -0.0819227809827435 -0.0209442911665494 -0.0939400762663252
-0.0282248104514315 -0.082354119256633 0.0151879305355893 -0.109381132499967
0.0149732477935749 -0.0962710808170461 0.0757480480942116 -0.104012632342131
0.0737855340610799 -0.0775874593216523 0.139683993074608 -0.0491850706518661
0.13185450628811 -0.0234134835284999 0.129920211609879 0.0615412299197829
0.0914608925061379 0.0997529586469468 0.049816787104034 0.111583921583635
-0.029210154097159 0.140533067423394 -0.0302940896146498 0.027731116876646
-0.103073861000202 0.10698773378201 0.0831382163651154 -0.107360368180199
-0.0650058530443856 -0.00685420659515212 0.184405887055913 -0.162710485307754
-0.0689059966664354 0.0430877865286809 0.207351346307924 -0.125629741596714
-0.00716002351567036 0.0692349533281741 0.14946423760247 -0.134136657485303
0.0534369176747906 0.027400893018763 0.0512995820200038 -0.141217692090781
0.0507785206896109 -0.0201054472754386 -0.00140717449684919 -0.117585424107829
0.0263057795851135 -0.040372688807527 -0.0187299897854849 -0.11417862324935
-0.00125152218512277 -0.0478825217685332 -0.0297921818988142 -0.12005359238955
-0.0168767968773169 -0.0403238567072857 -0.0265396841051921 -0.11758819844612
-0.0193388500069996 -0.0440492648479425 0.00869979839796881 -0.132833980923391
0.00386620875924966 -0.0561844585641984 0.0776880715987003 -0.126817531330016
0.0445344510933987 -0.0523111592823654 0.149481764869953 -0.0656302512361529
0.0865882703513012 -0.00890511896581177 0.141101968421893 0.0533964902948128
0.0476066817290199 0.0766269970896792 0.0581520134647305 0.104227149222967
-0.0398277072146625 0.0819724683654563 -0.0179580422663834 0.0211033921255489
-0.0767014012375639 0.0310406078277772 0.110054011152954 -0.116468864334565
0.0315682735741489 0.0323026380455015 -0.116930572154081 0.142283149719531
0.0285335134461547 -0.0244909509261934 0.0498333136012757 0.0143394491175962
-0.0146574354728044 -0.0299769465299945 -0.0455682748435848 -0.130271242191832
-0.0280121998205044 0.0104095326945324 -0.168344327669271 -0.078575665899086
-0.00350619420214007 0.0214227300980052 -0.18684741321632 0.076136860159821
0.00413715912775844 0.00694834172907642 -0.0962867162048201 0.158882456300251
0.00142802968714829 0.00374927571722414 -0.0109071189466237 0.154066807156764
0.00454251175078743 -0.0036971339550631 0.0337130028883332 0.135734268982132
-0.00277950226762008 -0.00969316947036181 0.0471501271601252 0.128639325542331
0.00372169034381291 -0.0166601166894957 0.0343111189351968 0.130190307610428
0.0137058210113801 -0.0049976243027678 0.00162725089616184 0.132718227773683
0.0137374632498369 -0.00539396456231853 -0.0490042958819494 0.147853985021905
0.0258872976226364 0.00604516685368738 -0.136904306712856 0.133541722899887
0.0332785514501707 0.0392989592925013 -0.214112428386546 0.109310215084538
0.00298768832878908 0.0673622735945404 -0.197502365662333 0.161070870483198
-0.0131402524435366 0.0987325234185484 -0.127373935114062 0.121541097243829
0.0237686886532126 0.0524771049252862 0.0551433392057605 0.00862696141031475
0.0325872822254348 0.0144632889965786 -0.0376617003066895 -0.144260597013711
0.0347417332541333 0.00125364693811177 -0.170450613750471 -0.095953819465123
0.0363346893564382 -0.0138150515215207 -0.195468451079612 0.0645090216411018
0.0214854601635128 -0.0406657825337013 -0.10152437557343 0.146335776829309
-0.00624226752075573 -0.0451269532674037 -0.0146948916499779 0.140970226403712
-0.00787498183369081 -0.049303916211956 0.0301139848609634 0.121110162206391
-0.0090875681929645 -0.0621173808582188 0.0513904418034373 0.109718714731598
0.0313876278075282 -0.0741428691442546 0.0498635642916801 0.114213098798821
0.0731645450140909 -0.0361919657294076 0.0270572168334754 0.12882859177414
0.0930616804375348 0.00744063497455208 -0.0238927234479247 0.157142805964146
0.0653919565597717 0.0794249220778473 -0.111190226098876 0.147721225675558
0.0022192038335234 0.12983204283355 -0.179187472014577 0.109090569885389
-0.0575651919859091 0.143919391288239 -0.161936435719916 0.133372120072941
-0.0656257613742384 0.148622767898052 -0.112852116389373 0.0789666660252486
0.00344480084235544 0.131321658158684 0.0732190932068282 -0.0085906837855657
0.0724548859375002 0.0719532259547243 -0.0132455642198818 -0.163838258838015
0.101492413528072 0.00176553751062075 -0.160195173441876 -0.122932954486648
0.0808337346432784 -0.0476951237315547 -0.195990793393016 0.0374234168175987
0.0429310926414666 -0.0862145128973059 -0.104165341681913 0.118213297103367
-0.00898052717350651 -0.0914894486492529 -0.0206264838498155 0.109725431742398
-0.0195552032983152 -0.0874620157928493 0.0206494803060685 0.0896589415475984
-0.0189950720795477 -0.10105024272275 0.0515124528714814 0.0722434496279711
0.0426100757989246 -0.120415724854713 0.0674733233959773 0.0778768679802808
0.108617768599921 -0.0728385404926416 0.0664028766714612 0.105126562237188
0.154685299792112 -0.0071127535044337 0.0204021221302037 0.157326277403825
0.113757552703125 0.119576071371318 -0.0700785640338279 0.161711881088286
-0.00338607905976531 0.195131586835996 -0.138888140981953 0.103048976842078
-0.0963301617509685 0.201396417003988 -0.110238334333429 0.0871298367468468
-0.116324984438311 0.172527572376369 -0.0705105139076253 0.0218393143292514
-0.0334587943899857 0.194305511349292 0.104291450894247 -0.0347705318470529
0.091894058542406 0.134490003501107 0.0241235711336474 -0.180318390171574
0.159219779595778 0.0166360608040439 -0.128194412361905 -0.151259432800073
0.122927162576526 -0.0702125957981914 -0.177435347315779 -0.000789428414428392
0.064049383748585 -0.120360857109223 -0.0976882547359147 0.0731672077092378
-0.00895659772525606 -0.126964762004737 -0.0257448320679796 0.0635097833747945
-0.0288400499294307 -0.11355512514175 0.00930113474087618 0.0451591509533852
-0.0291756511339282 -0.122611224228902 0.0454760179334706 0.0237375020849408
0.0401596536737378 -0.146704875347002 0.0785460511213641 0.0272764414463739
0.119377232832322 -0.102551773098471 0.101199415023326 0.0632107985036068
0.186859043800671 -0.0322874236613518 0.0675319411824691 0.139450472839495
0.149246400756077 0.128829428775452 -0.0235686952092898 0.163462341967295
0.00363450964593593 0.223829410616771 -0.102276341881451 0.0887570924557253
-0.113688481500212 0.227450776842177 -0.0551626194226223 0.0287742203213529
-0.149246889978574 0.163733090691957 -0.00383438093336518 -0.0414550804785108
-0.0753553854862706 0.219412275243839 0.141538604874094 -0.0650800665978896
0.0818161291903124 0.180593577773829 0.0709177258346028 -0.182777047112223
0.187228721416871 0.0416885184007646 -0.0769872740120713 -0.168091104004827
0.149532168421252 -0.0746795487644435 -0.137133265299568 -0.0444621529989145
0.0785525263042539 -0.134062238713673 -0.080471070192595 0.0167539675592138
-0.00497873195984003 -0.142406170066765 -0.0287246900827724 0.00700683415249112
-0.0330075580393984 -0.12238876551018 -0.00284492008941877 -0.00543760414828343
-0.0362704395533213 -0.125431271327904 0.0346555063586319 -0.027130807698384
0.0313349277711544 -0.149371833593276 0.0796985912717511 -0.0250435718173519
0.112440573347728 -0.11164046204346 0.123546147199842 0.0162045753958229
0.188570788053383 -0.0463937161067257 0.102009256251041 0.109737764729066
0.155841142856895 0.123602867817058 0.0146350298622295 0.150032402491373
0.00224360591838738 0.220082965653309 -0.0723409615880369 0.067473219595367
-0.119038912879417 0.217603006241632 -0.00335813534751238 -0.0302087175101194
-0.151867066133371 0.125510308354837 0.0738161667912553 -0.0997419711608368
-0.104044004608113 0.197844706408092 0.178866177843809 -0.0945105150069644
0.0513017400266184 0.186531171588543 0.112952104999279 -0.170813577167001
0.173948933797333 0.0600436741107188 -0.0195076566049619 -0.166378926367638
0.147045900805445 -0.0626751232833698 -0.08152554295603 -0.0804480933604863
0.0778149146432435 -0.123126876030326 -0.0552612486021672 -0.0409236319894959
-0.00276498789226642 -0.133680526201103 -0.0292768251033588 -0.0500469088112199
-0.0327993830150075 -0.111945296190226 -0.0147229800401956 -0.0547702751182356
-0.0365989859790752 -0.1113482637726 0.0224767100801797 -0.0743336539486599
0.0216568822219406 -0.130953805662551 0.0769313704556552 -0.0717645792508774
0.0963827692711925 -0.102666133186595 0.134798901700615 -0.0249088451621909
0.168744723854929 -0.0428608532640998 0.122421698536397 0.0808278704751787
0.13426624379439 0.114069265568462 0.0399555816885475 0.129961729783872
-0.010004003155179 0.191013225563082 -0.049369945809864 0.0452818905751203
-0.115144389311244 0.175467905923196 0.0419754176588343 -0.0799450806271564
-0.121502551743684 0.0653071181489981 0.143139747297567 -0.143715639206482
-0.101777475932742 0.133777649987125 0.204711011293403 -0.115541160370674
0.0181387379117985 0.145931383364415 0.141389299827378 -0.151833339895331
0.124468955117586 0.0550242837068073 0.0271831282108818 -0.153539465799252
0.110898712972477 -0.0433294258276561 -0.0316235516823297 -0.104790900772728
0.0585481964996702 -0.090191160326701 -0.0320525269513997 -0.0884456404957706
-0.0021204063812832 -0.100057946148775 -0.0315156466481323 -0.0962010707604537
-0.0273031285564011 -0.08297455915392 -0.0250553563694617 -0.0950852993046673
-0.0304761018929823 -0.0828903175320339 0.0117571838995975 -0.111957695403726
0.0123397348634076 -0.0985714613128909 0.0750259653978423 -0.108122151613279
0.0737667437368997 -0.0815445739303381 0.142805221530418 -0.0540976402120271
0.13380997709566 -0.0276319615029407 0.134955469881347 0.0608568520210636
0.0963598967787343 0.0998085159887339 0.0537140994243218 0.113423068641407
-0.0268524471124893 0.1444560249301 -0.0311120409133911 0.028730956446421
-0.102626334473938 0.11095809797369 0.0805134870401863 -0.111551116407417
-0.0667052884290689 -0.00555745780906215 0.186263977897308 -0.169174951002299
-0.0698975908474791 0.0455477740770204 0.209845709533764 -0.131409242444157
-0.0060752587736273 0.0709134197149556 0.151603370847867 -0.139360537443662
0.0545361983044642 0.027264774748099 0.0509375416149841 -0.144558601138585
0.0508315510970004 -0.0218545659202147 -0.00363444862547592 -0.119549795514506
0.0257235817617166 -0.0422860725420847 -0.0227768887568637 -0.117318327818364
-0.00272145762520534 -0.0485592059985166 -0.0363725217186208 -0.122914793879289
-0.0176980735999854 -0.0410155030988743 -0.0320790305297088 -0.119041325591175
-0.0201023385806421 -0.0439332777729305 0.00455472355997032 -0.135714879145062
0.00301242086996609 -0.0576099538865078 0.0764924733897906 -0.131671642676944
0.0441554607165727 -0.0542784158404129 0.152129605011419 -0.0713723674995381
0.0880626105017758 -0.0112789562367444 0.146428269383581 0.0521210829970148
0.0504179556822815 0.0772981438735916 0.0620086730980742 0.10513129862821
-0.0390969555951192 0.0840899592643523 -0.0185167775315323 0.021733449572718
-0.0776552934871921 0.0326885236590498 0.107910163372956 -0.121374707237236
0.0322141947957718 0.0314271169280779 -0.111604294950904 0.150097409676446
0.0275650262310893 -0.0260231023408518 0.0522610851362734 0.0117051182802233
-0.016665784212861 -0.0294434213825861 -0.0537388540797734 -0.130981945961353
-0.0272326182613319 0.0120360367122008 -0.176827485967003 -0.0714190386337383
-0.00211176082202073 0.0220606873832244 -0.186260346962499 0.0879277072882777
0.00462687730472827 0.00722575189896351 -0.0891337255871645 0.16781873634342
0.00173841920038738 0.00427092130085594 -0.00177377855927255 0.157732608474106
0.00421325834226674 -0.00454431473036008 0.0434956366990959 0.135505350913803
-0.00398303519887531 -0.0103234717893896 0.0563090512867622 0.128562332967204
0.00216406826768073 -0.0177032114672103 0.0427605458963238 0.13164831356455
0.0142589398744568 -0.0063301938076025 0.0077553239180672 0.135578163823494
0.0141044480819232 -0.00593457394090614 -0.0432827439931503 0.15216451055305
0.0271400743431742 0.00605390827809527 -0.134543534205965 0.141685413097575
0.0355627128408369 0.0381739354553066 -0.213740879905009 0.123013210195964
0.00565249768526021 0.0688124348965786 -0.193390438411194 0.174810609335411
-0.00984703199157064 0.100847611102015 -0.122904319499382 0.130357484497001
0.0277901323359703 0.0527568704888958 0.0577276688856988 0.00591070667400828
0.0335818050528195 0.0127416984896467 -0.0455715983581198 -0.145328345950473
0.0355823426144843 -0.00143817608844829 -0.180235483264188 -0.0890574691894885
0.0363308121536453 -0.0166871037481502 -0.19514923658542 0.0770358539170705
0.0192068248547868 -0.0429093791964378 -0.0947338461231658 0.155832478360812
-0.00927565592811616 -0.0459547913915156 -0.00651420190333023 0.144378600128894
-0.0111344595820356 -0.050239303854921 0.0386046567383065 0.121867974904415
-0.0134301664220942 -0.0627654742146738 0.0597273325046277 0.108324415427963
0.0268832710821949 -0.0783426365295755 0.0582649773271723 0.115299614172947
0.0732022491099389 -0.0420933081720759 0.0337608953095134 0.130650668033634
0.0958026376083341 0.00205303516635068 -0.0168441404914816 0.161198157781542
0.0711353152793836 0.0780938623037783 -0.107153413323564 0.154812053220258
0.00893320405331488 0.132738896172882 -0.177345963851373 0.120735194729903
-0.0522842708044203 0.149604410204202 -0.158318536110566 0.145079862286845
-0.0601563163998464 0.153964102262699 -0.110394785800393 0.0866113566250864
0.0109020796901018 0.13435280977845 0.0753412827286731 -0.0113514323371831
0.0765537319866697 0.0689078170845862 -0.0222504424611686 -0.166799111725934
0.103518667965634 -0.00501026418392268 -0.169908657170337 -0.117570051960797
0.0792759857956681 -0.0535380336890587 -0.197316107437401 0.0498739370665226
0.0375768378707757 -0.0904300732328452 -0.0993045119656867 0.126894774002122
-0.0154312493415263 -0.0930658377144896 -0.0150018653632099 0.113258899603731
-0.0250512352170395 -0.0883750168449873 0.0269046245206419 0.0904310688642345
-0.0256504662709435 -0.101654105862382 0.0572851666443615 0.0706553053085653
0.0354779294931507 -0.126331648807205 0.0739971629608951 0.0762622671014389
0.107683110651354 -0.0816806583398916 0.072868655152182 0.104468716161047
0.157497628029605 -0.0165645191589904 0.0291497327914171 0.159588439933386
0.123044375688933 0.116288380395533 -0.0644890143912293 0.167879715011722
0.00714561078588103 0.200342837608663 -0.137268860652025 0.112464187159306
-0.0886646904085838 0.210270633176158 -0.108708140665087 0.0952438395048202
-0.110257793395578 0.179802403033432 -0.0693641478200762 0.0269838379094556
-0.0230852560505647 0.200259946902843 0.105455693371356 -0.0390623243433772
0.100047894322276 0.131597491700776 0.0164440220794188 -0.184290004418268
0.162856282254136 0.00759242370070629 -0.13864234139211 -0.14691265531876
0.121005800221381 -0.0793717702679381 -0.180191295125442 0.00988931090576287
0.0573452868698325 -0.127122742786893 -0.0953439752046469 0.0807121422759531
-0.0175470617068593 -0.129046642973119 -0.023006869995597 0.065900055633605
-0.0360104850268818 -0.113941166805099 0.012263143085616 0.0463242928068186
-0.0369835198352594 -0.122965554896543 0.0478614954365442 0.0220143051690311
0.0309296650518594 -0.152844496253656 0.0819124912437753 0.0242580185075992
0.116601251751559 -0.111921227397639 0.107150948207203 0.0590697654211948
0.188203781274135 -0.0448966281477657 0.0760489594548349 0.139575209981969
0.160036842852476 0.123941675857295 -0.0161392998382336 0.167148103461881
0.01592378566424 0.229744667973878 -0.100410464484437 0.0952797423991235
-0.104741536069014 0.237669429413625 -0.0563098402338168 0.0329710292402276
-0.144848877965231 0.1737210457778 -0.00469091077558815 -0.04125539808677
-0.0656111280280896 0.229186665521777 0.142177019714069 -0.07189372369853
0.0929706686529511 0.179026742315544 0.0639011225052892 -0.188597986658789
0.192524386183192 0.0319598503773022 -0.0866555157429201 -0.167029925192874
0.147498070439677 -0.0849852989641944 -0.141030683087975 -0.0359547208571745
0.0709592641314218 -0.141892001908057 -0.0811697238179608 0.0215504824139837
-0.0149791762789744 -0.14537299985762 -0.0301347106540209 0.00854735628637546
-0.0410121090700198 -0.122630678265452 -0.00349255689275951 -0.00452923098731068
-0.044165600837284 -0.125463433168698 0.0337619004643539 -0.0299184085665138
0.0225615488249428 -0.154339992117962 0.0805551888120032 -0.0301136185637377
0.109070744187756 -0.121307642342512 0.126905819774467 0.00944374289807214
0.189101308226318 -0.0593068085906385 0.110087553657069 0.107681582123296
0.1658041484072 0.117519081901787 0.0226403854241169 0.151299173654881
0.0148799507889767 0.22523807994816 -0.070982796061451 0.0723014550137304
-0.110782849034297 0.227327072695384 -0.00721201340153862 -0.0300352103438758
-0.14900191282944 0.134794397078238 0.0714453847425021 -0.105004429108018
-0.0957525644163492 0.208218176295822 0.177888517385918 -0.102747076298431
0.0615430713919514 0.187137965214625 0.107680685824119 -0.178546454146239
0.179869209041398 0.0514340252352599 -0.0271598571652107 -0.167817944557698
0.145710435286482 -0.0724741033727034 -0.0859361124846463 -0.0755840106751752
0.0709132843336126 -0.13088202505251 -0.0590223009496705 -0.0391134340128671
-0.0119608173056498 -0.136402014609412 -0.0345527704716104 -0.0494834976650151
-0.039831006943209 -0.112118608509835 -0.0186500637413336 -0.0537876728782101
-0.0439267086720006 -0.110850188116162 0.0181207386893841 -0.0767272815664389
0.0137956265236282 -0.134721471497728 0.0744381174085605 -0.0774950742723992
0.0928636703820565 -0.110863793352651 0.136219950938154 -0.0331660684982387
0.168569475407146 -0.0540472600777855 0.129348130832273 0.0768550483898775
0.143190277801769 0.108122472103556 0.0473587934350554 0.1297269751812
1.13841396898158E-05 0.195808892446782 -0.048637322928242 0.0480270445927807
-0.109045370157519 0.18450135962501 0.0364028033652689 -0.0829817996288148
-0.120643010233549 0.0721860362823196 0.140063796657896 -0.153591981478059
-0.0966074801040943 0.142087136935776 0.203136569130874 -0.126229004346641
0.025665359237205 0.147155375285643 0.137635325142878 -0.160708517558728
0.129312955767136 0.0492017018988112 0.0209195686468712 -0.157051074404378
0.110114390451627 -0.0510833398164575 -0.0361256724238125 -0.10380445122552
0.0533457413639125 -0.0960655518535393 -0.0384623740051289 -0.0894332710975259
-0.00926026089757177 -0.102035318596557 -0.0395258523918445 -0.0966410204160054
-0.0324771148584218 -0.0833353300309389 -0.0320170411748562 -0.0943205183638329
-0.0358922765936966 -0.0824658852891308 0.00480728722658165 -0.114327112584377
0.0068750689683705 -0.101158126481638 0.0701582783502255 -0.114434595464217
0.0702714235113706 -0.0872708822195297 0.143212756821281 -0.0633897783281302
0.133526185536095 -0.0366568759793822 0.141614738495587 0.0557302296661131
0.103544566199437 0.0963217258435428 0.0612369788734179 0.112045012503282
-0.0200482560316651 0.149347250511116 -0.0310703694448143 0.0302496370158935
-0.0989053767380466 0.11740598055141 0.0727737188065371 -0.117566753355675
-0.0686273356401113 -0.0024075325973717 0.182759493577435 -0.182118484795661
-0.0689596684308477 0.0498694362130885 0.206836340377914 -0.143378933369943
-0.00207184709904517 0.0722069525543586 0.148743235813082 -0.149212793132823
0.0563895843953212 0.0253227416992961 0.0456407312399659 -0.148858055709631
0.0499741801113709 -0.0255209115726392 -0.00942277474940086 -0.120982935036447
0.0236106384864515 -0.0443767299104305 -0.0309171864003652 -0.119507615146538
-0.00646200603427932 -0.0492373746295213 -0.0461129965435144 -0.122797205662378
-0.0197785507837592 -0.0410207020693648 -0.0405074320889322 -0.118472512658067
-0.0225823349952211 -0.0434902644201769 -0.00377805927716285 -0.137391989604882
-6.66327844800387E-05 -0.0580908616246458 0.0701022144799675 -0.138458023869393
0.0415277411296366 -0.0575838361053812 0.151703966256532 -0.0808930458752311
0.088247422180098 -0.0165542899777511 0.152699707656493 0.0455116055353091
0.0557380923079966 0.075911874851987 0.0690960194826947 0.104022880164267
-0.0356649672499309 0.0875838327563002 -0.0188912810298729 0.022928192141819
-0.0775294540135242 0.0363974952378077 0.10062008941558 -0.128696674320014
0.0161874852271678 0.0429585754063334 -0.165411244108103 0.087917378180433
0.0360377437835633 -0.0119177499712919 0.0420739224814402 0.0338555010130977
-0.00325107680462098 -0.0316368062078431 0.00751845279420639 -0.139859797550732
-0.0276322300148245 0.00168539267181869 -0.130678113212529 -0.139547910011042
-0.00883429508659121 0.020567640681374 -0.204104732071777 0.00119002084800655
0.00266826498204528 0.00955195460398102 -0.151241394203537 0.113746991030055
0.000663570998382245 0.00610820397092422 -0.0677938245504053 0.1414571004483
0.00619591179819726 -0.00223823480230431 -0.0162034522499363 0.139184046383481
0.00169785981588585 -0.0110601486578632 -0.00108675140200504 0.139132810303159
0.0103185696885622 -0.0146353930274011 -0.0158185785661233 0.136804123895403
0.0169456107908375 0.000580562550414121 -0.0512274821180309 0.126044701582746
0.016074821835373 0.00353258284536651 -0.104682818049973 0.11619252907964
0.0201651720188812 0.0187101955224008 -0.184705647847957 0.067066600809544
0.0130831533081971 0.0511992877391885 -0.250671024004405 0.0162490672451248
-0.0242229647873477 0.0647467200553602 -0.256123583705236 0.0678777777192492
-0.0515464350216425 0.0869861374555504 -0.16516775829487 0.0660096414144797
0.00162902117855677 0.0595817669847885 0.0506910645260966 0.029326185441147
0.0235145788918888 0.0278889974694903 0.0208007929514395 -0.151593896414326
0.0336873456078563 0.0158591926198583 -0.125853452684463 -0.159018969919142
0.0420288223549149 0.0021456766750454 -0.209602658092672 -0.014541252197607
0.0362197698182769 -0.0303284570065604 -0.153515206511258 0.0999471252152227
0.0109333043924311 -0.0443704436561791 -0.0680450115736726 0.126767855080557
0.0113639072744078 -0.0505518155528616 -0.0154439807115026 0.124760958128722
0.0141201419225312 -0.0627413145879803 0.0099788381645667 0.123012249324786
0.0574066272930613 -0.060467819968265 0.0055867420377498 0.127312303855416
0.0859917285041009 -0.00763263648063682 -0.022921538422099 0.133493781510342
0.0855632004843676 0.0439621131776054 -0.0829086942285506 0.138196921418202
0.0285736703274953 0.103596467780304 -0.166725633450771 0.0937863121678955
-0.0513546245045672 0.125428891210853 -0.21916359709277 0.0289570384570793
-0.110912618918291 0.113319265723012 -0.211308969722713 0.0555723288335545
-0.120848265586797 0.112423927505275 -0.133048760549705 0.0332223129928702
-0.0483649123593381 0.126712936764026 0.0764588091074362 0.0194974861583825
0.0382725088039231 0.0971349486562629 0.0523643362817576 -0.161919806235544
0.0954244806464367 0.040864722192845 -0.104144870879764 -0.182148082079307
0.0960998351598321 -0.012463202962256 -0.200974107838741 -0.0416649643475785
0.0725434764694314 -0.0661280543252185 -0.146460069779247 0.0712185806257553
0.0244066413117936 -0.0902590801339552 -0.0629823985712513 0.0949635695537054
0.0147718817115521 -0.09154507842014 -0.0129520430375443 0.0920622383358071
0.0192435575853309 -0.102652867566356 0.0237855462161441 0.0875826654343071
0.0841848470162566 -0.10106626590784 0.0369406294886418 0.0993293496395498
0.133477089381516 -0.0300705038002486 0.0247153732820314 0.126613896508853
0.150026622375197 0.0520753973496727 -0.0402076301073845 0.158346760072457
0.0598428663614563 0.160151968476933 -0.133594585734519 0.125342033093193
-0.0808347578213373 0.185943055374298 -0.179947170014715 0.0388530169983933
-0.168852473547475 0.152039955940092 -0.144499785624047 0.0323685971672427
-0.178157370265956 0.11450337862781 -0.0690877322604043 -0.00187045197090162
-0.107993852814458 0.172734455557712 0.11677834385192 0.00697390230515667
0.0313563222764311 0.163924813927532 0.0964057443173265 -0.162608230409623
0.142280407366485 0.0765650928340053 -0.0625489868707829 -0.197374470440251
0.143751526412005 -0.0180218889424333 -0.169338724082038 -0.0717035991838424
0.105125271969752 -0.0913194616908736 -0.124259684831542 0.0308688740293047
0.0372374733153012 -0.124770945985667 -0.050625349019842 0.0483703036374226
0.0159269142722568 -0.119803359439216 -0.00850652760365476 0.0461803495073969
0.0170428879037262 -0.126625483455425 0.0350509469578217 0.0394984141607908
0.0905849279915044 -0.127328886468946 0.0661627903954349 0.0563360951428326
0.154293959446389 -0.054659364318653 0.0754579420772083 0.0994455186520148
0.189043686540156 0.0388274153586936 0.0130551115074212 0.161693905598666
0.0904936360244368 0.182581575258484 -0.088895539470698 0.147054755855041
-0.085091827842568 0.215705838501099 -0.139808185671249 0.0393578908346222
-0.196101466369838 0.169409722738303 -0.0692511498717592 0.000275741662968637
-0.207559056631235 0.0934778528274941 0.018989474355299 -0.0340840720188158
-0.160018620269986 0.180588963801446 0.165171381063465 -0.00609508628466567
0.0036782285967328 0.204015519922908 0.142968260521926 -0.146022082701539
0.158518428024053 0.110856604641296 -0.00475493321367983 -0.193364608820072
0.169047014546665 -0.0115966416596262 -0.114090114801125 -0.0975298316248138
0.123418793331518 -0.0997236227090882 -0.0861655393291106 -0.0168752723469387
0.0458630602365503 -0.138877222208323 -0.0328985027814524 -0.00574411932110105
0.0145190292185355 -0.130316991933655 -0.00232362800860011 -0.00540870416131441
0.0118763959652014 -0.131675465293944 0.0432969153251673 -0.0126133906511867
0.0830522212641046 -0.13242270844826 0.0866556347057055 0.00686944076252252
0.151082411520947 -0.0663419306034984 0.114271303730453 0.0635833309292826
0.196045227089135 0.0250890927587416 0.058112107752572 0.147293671125299
0.0995339747718836 0.178777321486125 -0.046382569995941 0.15036313737834
-0.0836716038640033 0.211046253149597 -0.102398722202523 0.0315578136852121
-0.196349929979704 0.157643491803966 0.00383323661524726 -0.0340788895487031
-0.195251957200248 0.0564791562683138 0.115032819306246 -0.0591647291239774
-0.178804925858278 0.14866074019694 0.211162675138028 -0.0183461624802968
-0.0282154227580537 0.196854255683939 0.178384601253555 -0.116828547352077
0.137715562965423 0.123207403302917 0.0495421979997666 -0.167684643531046
0.161189450304094 -0.00202537887098531 -0.0473467628986885 -0.110506553627573
0.117712584619835 -0.0887180861272723 -0.0399835360262336 -0.0625927696038039
0.0444094998303103 -0.13006981050765 -0.0131149144230675 -0.0604997754439595
0.0110453456486157 -0.119864472942476 0.00369128225858273 -0.0556106833951604
0.00588790286799454 -0.118496441671888 0.048303014824335 -0.0611595830022017
0.0674232044778738 -0.118062585657816 0.100406882509926 -0.0383949401147585
0.131169043631737 -0.0633901404084886 0.140797670563963 0.0280192843337747
0.174916643933772 0.0204545769622873 0.0875200770141592 0.128371098626689
0.0830912889524852 0.160603217781298 -0.0146189472137486 0.1414614277971
-0.0832826503756209 0.178169220459973 -0.0706016409698629 0.0195562306532718
-0.176402367528338 0.119755781098257 0.0680141074459584 -0.061745829181959
-0.144246431732254 0.0122064964559627 0.196928558581272 -0.0745954453520791
-0.152161192163478 0.0882461306641017 0.241945232278599 -0.0270632413416453
-0.0432952693610373 0.145265508400166 0.197007056812946 -0.0863841306264733
0.0929991815062498 0.0992110408493305 0.0884608566882558 -0.136059342736844
0.11914602093036 0.00222702524803237 0.0103788340533248 -0.113327651884696
0.0871249452788066 -0.0645760200440537 0.00118697859540965 -0.0991348749180319
0.0327136073658819 -0.0975370485856117 0.00288204988604635 -0.104876693191458
0.00535545988447692 -0.0902350562338485 0.00811749047127272 -0.0972568299909108
0.000997899183398097 -0.0896320192728185 0.0514243614169789 -0.100302729748448
0.0470681961619011 -0.0898693549740011 0.110995367694005 -0.0739448165973835
0.100626635448482 -0.0510253564301854 0.158521220266106 0.00347988172946702
0.136635724509389 0.0221409877740735 0.106602087514375 0.113808979990905
0.0528418921917211 0.132279744097137 0.0051903885548303 0.13068357875085
-0.0808857990110706 0.126304356666755 -0.0464290976703182 0.0108557411431087
-0.138458627849973 0.0633551975647885 0.117221761127539 -0.0748529118177062
-0.0643578395521255 -0.0320533274086803 0.245480773188959 -0.0835559821772942
-0.087441135913743 0.0153668244702066 0.250905401500586 -0.0391452706318903
-0.0360721356031005 0.0643447620227457 0.200531948110815 -0.0697149731040365
0.03790858772272 0.0467921305213292 0.106577079864338 -0.11564681557497
0.0537050775038451 -0.000984879257119105 0.0429198853780596 -0.114475125837432
0.03825552264609 -0.0300264770060349 0.0219800539022636 -0.122072832311347
0.0140890056093593 -0.0483855661469691 0.0088104600073345 -0.130800056135015
-0.000610001105328498 -0.0458390745172727 0.0106007638022202 -0.122192150855296
-0.00244784365654371 -0.0486038803487045 0.053094598514955 -0.124478876899405
0.0234673739860061 -0.0535298652799854 0.120721191244231 -0.0950054870230052
0.0616990138610399 -0.03594956283308 0.172275688770414 -0.00916775806358093
0.0879831974850427 0.0211105293028654 0.119281827734127 0.108842309638446
0.0183029217253755 0.0932600107099134 0.0156449123940241 0.125802592376664
-0.0692377903124999 0.0634740636009514 -0.0300063171565495 0.00985386067599697
-0.0847970098550049 -0.00122365040155575 0.147698149455815 -0.0710988618698623
0.0172103919249448 0.0414360479781118 -0.155025077814363 0.0948547306769041
0.0340106603036371 -0.0138873274554334 0.0434283181351799 0.0312221003848964
-0.00518004047959815 -0.030466636830188 -0.0022055135307949 -0.136291301687353
-0.0264836236957318 0.00298130877944183 -0.136116569053491 -0.127555393383758
-0.00671291873940276 0.0207898734478964 -0.1980661810191 0.0145730922965612
0.00341561370177268 0.00964239595997294 -0.138855548023209 0.121767011770717
0.00114880823533252 0.00605730279330538 -0.0564966569741901 0.141851734209281
0.00584637163087727 -0.00253518212636423 -0.00595398015756113 0.136359194206511
0.00021849820338178 -0.0112562101557667 0.00973740483851801 0.135524052395755
0.00905105414314082 -0.0151724011142623 -0.00621024845232683 0.135074252067432
0.0170917948583694 -0.00075575348227414 -0.04301723545036 0.126963707130183
0.0157984114509361 0.00249147468262623 -0.0946677025654219 0.118426619853639
0.0208126746847259 0.0183379944460485 -0.176289136064406 0.0748085239337412
0.0157492260903367 0.0485105647815217 -0.243040928565713 0.0309737409330457
-0.0204875013855634 0.0642636026886519 -0.244186815336294 0.0818080303667353
-0.046271944300875 0.0878901334407995 -0.155878106524771 0.0742162702873172
0.00551482290548111 0.058177879840653 0.0519895691250085 0.0267104306355096
0.0246935284142565 0.0255379767210532 0.01051926354175 -0.147943884425253
0.0342013984255951 0.0124720448653989 -0.133052051095035 -0.146759661368896
0.0414215746253395 -0.00107190581524074 -0.203802744823898 5.50637093903187E-05
0.0329916307385706 -0.0316467742274031 -0.141974487066061 0.108429437451346
0.00749555656089545 -0.0438848197436946 -0.0575961816264897 0.127676819587424
0.00769131615747917 -0.0499446614369515 -0.00571894523050578 0.121450915165947
0.00927665797513045 -0.0619583672964156 0.0188422810753594 0.118604296199725
0.0512100273860503 -0.0631901636260334 0.0141998260019999 0.125325928983132
0.0840450373128678 -0.0134739999294786 -0.0151126592770937 0.132271215855868
0.0864156744691838 0.0371868824984083 -0.0727940664124219 0.138799626707695
0.0347840949917287 0.100093175910793 -0.156956972920792 0.099063121820927
-0.0421539899700926 0.12526865380113 -0.211324449526411 0.0416282121274131
-0.101637653667888 0.11622093767816 -0.202285739078401 0.067140466150715
-0.11144643561859 0.115895501498588 -0.126471448213454 0.0410775910358068
-0.0391198790931368 0.126793198245629 0.0763169933400482 0.0161237985080811
0.0426209769227935 0.0917336827543479 0.0411899322213067 -0.159693454175761
0.0953197406441119 0.0322244900349973 -0.112292421120708 -0.170299110483926
0.0924791145081832 -0.018810385993092 -0.197228643709989 -0.0263354493934179
0.0657274201418959 -0.0694816074277359 -0.137576261368711 0.0796109345167396
0.0168301453114503 -0.0895527246612993 -0.0550948605409833 0.0962743545040215
0.00792747325513753 -0.0895493114422832 -0.00588396771989596 0.0904280131786078
0.0111015095337162 -0.101247639868558 0.0293190779576665 0.0833203690022861
0.0742001049847463 -0.104413876691464 0.0427506743184927 0.0954178082347443
0.129310329035606 -0.0389043304356331 0.0320381853218569 0.122269719425443
0.148779093399945 0.0403387145961683 -0.0295549353141554 0.156850809416132
0.0684656911596128 0.152753563740261 -0.122698302310165 0.128261379733904
-0.0675591595637023 0.186609649884607 -0.173095676956791 0.0483791109072527
-0.155471136184562 0.157613329922739 -0.140534614217488 0.04080008382161
-0.16704559960396 0.120707198282451 -0.0661030859009378 0.00339306448587099
-0.0950080557145328 0.175571689424613 0.115186953889458 0.00196439723449414
0.0401583868622579 0.156625929285201 0.0844584474689985 -0.162290626611448
0.143274089407086 0.0640630817057415 -0.0722123908061694 -0.187218941046958
0.138068206054175 -0.0274475168980338 -0.168134469327755 -0.0572933219787321
0.0950680938574088 -0.0960880047360222 -0.118355979396021 0.0383315121309563
0.0267215762846688 -0.123364109978485 -0.0468671878228008 0.0500617225213387
0.00688182444171415 -0.117026062072008 -0.00489800811368906 0.0457770494551133
0.00777417886232863 -0.12425466795223 0.036899251682253 0.0359382919068294
0.0788078437918714 -0.130201043867565 0.0683407271559191 0.0511036552011881
0.147007644097932 -0.064431749773347 0.0795476465111758 0.0930502706113861
0.186082379955826 0.0242005241234779 0.0227320321102916 0.156673874484701
0.100314736192529 0.172472717315486 -0.0780029692529686 0.146462766674731
-0.0697337269787696 0.216444864107478 -0.13395903298099 0.0469855834260241
-0.180403115509249 0.176349970246569 -0.0690129913996355 0.00451671125816908
-0.196689538531283 0.102134534296694 0.0176077454124751 -0.0338578942015471
-0.144104431404215 0.186973711126576 0.160399009105334 -0.0136832080641471
0.0158723672511718 0.196948729084311 0.13086656223282 -0.148988739698569
0.16043543531833 0.0968738692825346 -0.0156594992754127 -0.186835485157499
0.163590301402984 -0.0231287695570043 -0.115733795565448 -0.0858894330403371
0.112381320231972 -0.105683829731279 -0.0847492740955418 -0.0108204890685254
0.0338206035892931 -0.138366166571205 -0.0331604238049879 -0.00452482919889227
0.00485631646879557 -0.126980586995505 -0.00275135107733338 -0.00472853665902014
0.00173288215733925 -0.128071066435509 0.0412705327444445 -0.0149522997776798
0.0710980940074986 -0.134764753013251 0.0850285522390821 0.00145319316543357
0.143169094328813 -0.0754111722253568 0.115840903396671 0.0540638402715727
0.191442888953636 0.0105686068025992 0.0654793099043955 0.140507144460573
0.108244561145628 0.167798252693889 -0.0361541826915079 0.147609997859175
-0.0680930903753725 0.211444646431566 -0.0975984512734666 0.0363792952375024
-0.181736828118925 0.165276286990363 -0.00017572697905836 -0.0333666309755185
-0.187206358679834 0.0658245484085456 0.109439563765369 -0.0636831984873473
-0.164378145266536 0.15616204792043 0.203674342325839 -0.0286545511710558
-0.0156095001355178 0.192976196224086 0.167892456350808 -0.122826653433597
0.140812760029369 0.109909020649157 0.0392274625059455 -0.165448845406819
0.156118016849765 -0.013444106620128 -0.0509340963539372 -0.101970698618143
0.107654045976792 -0.0949655696192628 -0.0424074152623466 -0.0587367161198773
0.0329394602953052 -0.129237466038283 -0.0178363532226094 -0.0586182228982163
0.0018058028146311 -0.116564305257134 -0.000549397794205843 -0.0539846000410355
-0.00257421210129335 -0.114847752264818 0.0425834930444208 -0.0623100076067602
0.056939098567838 -0.119209464020118 0.0950671683465786 -0.0436618243847771
0.123667114398092 -0.071227229096647 0.138856163916401 0.0184668733116698
0.170976657822054 0.00708932154421959 0.0936287162392049 0.120017235821844
0.0912852697251612 0.150894475152768 -0.00493578419214247 0.136964521424881
-0.0701683752961084 0.178896913653841 -0.0679883170279292 0.0229241815907727
-0.163294499977598 0.126838470191679 0.05893452847799 -0.0641802430133101
-0.139633964456894 0.0202366675192195 0.187691695034915 -0.0839699237139936
-0.141874486502562 0.0952421392205215 0.233597085520754 -0.039281403979921
-0.0335172991081519 0.142944139330931 0.187454349807404 -0.0942658936952554
0.0962901147388258 0.0905339557836177 0.0789948380131117 -0.136088973746215
0.115580955932746 -0.00616473823406834 0.00502929683033492 -0.108035746436105
0.0793690376212336 -0.0688542942402875 -0.00501765639375065 -0.0968056533886879
0.0242510020005111 -0.0963335783349496 -0.00542321670211652 -0.102228972496374
-0.00109987969426249 -0.087628306432704 0.00074731572064492 -0.0940213235143424
-0.00468103397694173 -0.0860583875663458 0.0426677577454147 -0.100384274016573
0.0397337737790188 -0.0900439621367867 0.103222050479821 -0.0782485497350357
0.094189453328675 -0.0566347883585423 0.154633724884464 -0.00678893091374855
0.133789834818412 0.0112981119643919 0.11151722660817 0.104861805797063
0.0593762375775579 0.124777913240514 0.0137790916583093 0.125988610611704
-0.071090505046786 0.127570076327532 -0.0450478379026003 0.0133335909307831
-0.130784247226428 0.0688355095846469 0.106418960159379 -0.0801069775827349
-0.0644476903521111 -0.0271986016938087 0.234098154313432 -0.0953823871032235
-0.0837016285364771 0.0205032711632255 0.240591202051583 -0.0513003591821036
-0.0312624153247134 0.0643604788418815 0.191508677098987 -0.078849909896906
0.0390761120935836 0.0428570840789262 0.0975376459101908 -0.117517439897912
0.0516534163262875 -0.00473347190170896 0.0362559801354091 -0.11303890275825
0.0348505972005061 -0.0318802694612548 0.0137015334581873 -0.1210977461034
0.00965362105131675 -0.0475388090579714 -0.00190197673298455 -0.127984896013623
-0.00361024235028138 -0.0444281641669843 0.000974727477061254 -0.11859449534863
-0.00551864502237393 -0.0466338903181659 0.0427516194283712 -0.123301538436638
0.0196067974833852 -0.0530554890131482 0.110035648670414 -0.0999770351020969
0.057288947670196 -0.0390494624550675 0.168222270614611 -0.0196985498464019
0.0861671934963236 0.0144677663434857 0.123285537625649 0.099313617070211
0.0237121754814727 0.0888701953751796 0.0233496545329806 0.121223918955526
-0.0633285278524368 0.0654198098143875 -0.0303313147109645 0.0114462137868714
-0.0818535768308403 0.00328407640576955 0.136728336771278 -0.0783321066573075
0.0175688534696286 0.0404070790945116 -0.144567890027256 0.0987323743818281
0.0322078234223979 -0.0142559407380971 0.0442208026565932 0.0295921676820414
-0.00602330987080278 -0.0281683437388496 -0.00860738928831603 -0.130209816213595
-0.0250850586415099 0.00377025732427161 -0.137029741162864 -0.116938441829422
-0.00510653547017769 0.0201313586801836 -0.190042695864232 0.0224002752712983
0.00397307574674469 0.00930198455820358 -0.12650736450824 0.123951251607529
0.00201749082683807 0.00588111808926379 -0.0466124512686001 0.13906755016742
0.00571801590942305 -0.00306946866234911 0.00204495427036875 0.130870906996073
-0.000539803251005476 -0.0102360778127371 0.0171317546917518 0.130338236002798
0.00782410291740578 -0.0155337072926347 0.00137201486845936 0.131235697634856
0.0170916029326828 -0.00181288806704596 -0.0363660280854399 0.124953036577878
0.0160120975291136 0.00216199438168294 -0.0867716021161332 0.116553793238656
0.0211734413720619 0.0172605154091905 -0.167782313587823 0.0780513008427525
0.0167201305885443 0.0459465595433371 -0.231737326369143 0.0404758666209408
-0.0173950266050605 0.0626513036764166 -0.230965085342676 0.0896276126886894
-0.0412478188905841 0.0863801617537524 -0.146165057176895 0.078693295067595
0.00808097754956374 0.0560693217616462 0.0518793780634495 0.0247117908328184
0.024596552225394 0.0232381759122756 0.00398300350847729 -0.142212665423222
0.0336207454157206 0.00949345536876415 -0.134043257726101 -0.134799440912808
0.0398757069548885 -0.00309509628143725 -0.195675708161723 0.00940148989294631
0.0301247245619527 -0.032165567438522 -0.130732113129101 0.111198881701274
0.005107815773059 -0.0425880968932597 -0.0490355365839068 0.125676518103624
0.00481416848197567 -0.048307600516469 0.000976166067158358 0.11702049259637
0.00511028466991783 -0.0594687462901983 0.0252085975217674 0.113184860048496
0.0457478164039458 -0.0638929488509026 0.0206447933163837 0.12095365432058
0.0811934827944801 -0.01754654817933 -0.0089851949267623 0.128651600711916
0.0852179660670802 0.0317706237561131 -0.0645262355760678 0.136207804470287
0.0384167852231058 0.0949977072093838 -0.148217455076318 0.100785004971196
-0.035241318578641 0.122452826154891 -0.201231838207537 0.0493564631412495
-0.093031923756694 0.115641587199701 -0.191844584469873 0.0741576365560641
-0.103188483848957 0.115933400569922 -0.118692951447614 0.0452477258596399
-0.0315145930144792 0.12412784851527 0.0751196047213598 0.01453795456835
0.0440797874217106 0.085904222333558 0.0327171003558772 -0.154275197114583
0.0926695200301349 0.0258207871138108 -0.115809950599755 -0.15918906997371
0.0880727691839206 -0.0227114197060941 -0.189953007070716 -0.0153350576066731
0.0591042973265949 -0.0699668547315064 -0.127201477581488 0.0832620132794182
0.0113651654398387 -0.0866255204638145 -0.0487176942445668 0.0946952693053303
0.00331860449114812 -0.0864310580835616 -0.000701018410311388 0.0870829375856445
0.00519115866108085 -0.0976611190426584 0.0324607627990356 0.0786012212204581
0.0658804738782978 -0.104914199296068 0.0462482727609026 0.0911373609449507
0.123366928867321 -0.0444980843207928 0.0358919131667582 0.117071901668054
0.145155363417156 0.0316727239290791 -0.0213301616960766 0.151932732446669
0.0733436199394698 0.144651252043173 -0.11336627153773 0.127042178693584
-0.0565722914676493 0.183058335496217 -0.164741654737783 0.0541844376932843
-0.143100433141293 0.157762144134493 -0.134055914175619 0.0463081204770782
-0.15630534472591 0.122332848816174 -0.0625684000810391 0.00726432530298294
-0.0828005735862761 0.173561426773371 0.111553666919745 -0.000580022348424754
0.0449700071098901 0.148257777270499 0.0747434428423665 -0.157958726711112
0.140313618302014 0.0538294317281798 -0.0766373242083369 -0.176277685408441
0.131089936361077 -0.0337254690210263 -0.162714578990889 -0.0461285548444591
0.0856642937333234 -0.0979214212692799 -0.111148025451252 0.042880619150584
0.0186094817882449 -0.119923464661959 -0.043258715910072 0.0497990544885142
0.000496253157862568 -0.112048229618477 -0.00200792401519883 0.0446658146357826
0.000529599219880458 -0.119248533982451 0.0373804322397206 0.0325955226591243
0.0684201681213033 -0.129897855315328 0.0687828083140921 0.0469662244663752
0.139302370701789 -0.0702539218571879 0.0810247626638308 0.0864407272681024
0.17998494213439 0.0138590899892746 0.0290700937705131 0.150338341409851
0.10454677004829 0.161404116603231 -0.0685664856452938 0.143218536807997
-0.0571516441992139 0.21255843900673 -0.12637227167698 0.0506819135421088
-0.166422264841138 0.177250988015041 -0.0676465700441212 0.00807242185797624
-0.185458074241691 0.105801060081915 0.0159814278439407 -0.032401102811307
-0.130110705637796 0.187313847064595 0.154637219390518 -0.0177052994917463
0.0228715251562895 0.188485614294971 0.120142517940716 -0.147350446612469
0.158524124648068 0.0848120656339159 -0.0223576729302351 -0.178091889352164
0.156135827022022 -0.0308912365133185 -0.112889458436962 -0.0753807541040391
0.101874364115323 -0.107605643043451 -0.0809864492608175 -0.00653708034736099
0.0236472400455171 -0.134567130921997 -0.0332715703717249 -0.00288037588990915
-0.00209053509423137 -0.121664314120431 -0.0025478298577501 -0.0035019708642102
-0.00506144255827536 -0.12287492956493 0.0387835342104476 -0.0163194847584317
0.0608323615479652 -0.133509693457749 0.0824740533316725 -0.00178157099430237
0.134875740478963 -0.080508645572857 0.114137957415851 0.0472022512016487
0.183831033824765 -0.000591950556196071 0.0702608252027992 0.133149797343402
0.112561868428431 0.156276509252186 -0.0281195483519114 0.141847933196038
-0.0558758575191281 0.207862611990535 -0.092724703529602 0.0391040361100847
-0.167639149058897 0.166875032981057 -0.00363590756362439 -0.031513328159993
-0.177823895848184 0.0710518299083707 0.103672739623067 -0.0650822517899859
-0.151175725066922 0.158867366391504 0.195330042649022 -0.0335873743417448
-0.00683939597742205 0.185564269040739 0.156705837603657 -0.123656985485179
0.140354586148687 0.0983110158353493 0.0317418153451982 -0.159625737988038
0.148959086210727 -0.0209993887524007 -0.0519138116720531 -0.0941885443294869
0.0978042576230119 -0.0971909669828264 -0.0430741785779076 -0.0550361700537691
0.0240782105638964 -0.125439839723854 -0.0215824240910373 -0.0559285509343087
-0.00440389753030318 -0.111923438980933 -0.00341970886609743 -0.0511429067979558
-0.00826508522973981 -0.109868955699506 0.0375121582809375 -0.0619654772792066
0.0481268476798612 -0.117497981831324 0.0894567238392853 -0.0460692249385101
0.115736860184121 -0.0754642294924512 0.135011192041448 0.0113360744632612
0.1634216469468 -0.00227707013288485 0.097031538478684 0.111782017026549
0.0951434735841835 0.140188989533837 0.00115799304759279 0.13111291426467
-0.0591965457270055 0.175617148598201 -0.0650246493688164 0.0249661262652141
-0.151354661698425 0.128864551385088 0.0519190394776054 -0.0638906559483595
-0.133678965172694 0.0252936693915969 0.177285605585652 -0.0882059455213787
-0.132087979193316 0.0984302818539399 0.222658595411736 -0.0456620891686035
-0.0262334585808446 0.13848824987471 0.1772499039455 -0.0975233559480779
0.0961420737532227 0.0822119927908703 0.070988320988502 -0.133303359294621
0.110367994449751 -0.0121941745363473 0.00229750101669524 -0.103218160438725
0.0722827365258206 -0.0702492156357443 -0.00902186794651705 -0.0942490009824991
0.0176970367215734 -0.0939190388377371 -0.0121708350637001 -0.0983879338146709
-0.00542590502847324 -0.0837943326587885 -0.00441233206703221 -0.0890933955292125
-0.00865159301576464 -0.0824619299688896 0.0356415542504809 -0.0976935974481822
0.0336366246442816 -0.0883498450397357 0.0949418745050496 -0.080059084925428
0.0877531207745228 -0.0596563339500553 0.149081916265779 -0.0139065393388236
0.127927677260969 0.00324830633607842 0.112733523333096 0.0965276694600638
0.0629351534807615 0.116465860230434 0.0189031131923214 0.119948998428189
-0.0623176646502473 0.126262614471487 -0.0435346700008329 0.0145855532159931
-0.122169203508071 0.0717256539708865 0.0965040471052976 -0.0813899892618197
-0.0633653360057667 -0.0230912002835107 0.221747448617473 -0.101690088252642
-0.0795180339169158 0.0232845454911706 0.229057934351845 -0.0577820735358383
-0.0271952604696042 0.0626531717343918 0.181836637471271 -0.0827371359475723
0.0390678814967522 0.039772391870007 0.0892387970154453 -0.116016411186429
0.0487526176707134 -0.00740110499098414 0.0318275832094753 -0.109312844221875
0.0313118729810785 -0.0319781183459599 0.00766492710162286 -0.118165356843983
0.00687812493977934 -0.0451044887228018 -0.00967712070518316 -0.12269810148124
-0.00549414728348255 -0.0420431919846658 -0.00568557983253726 -0.112482557911459
-0.00723544994728067 -0.0444660300579198 0.0347113793739417 -0.119665201409694
0.016482994286705 -0.0513493790879067 0.100756250861064 -0.101356038478404
0.0529661224379946 -0.0400221702104515 0.160788093029067 -0.0273111589169664
0.0828313387657564 0.00910571984020815 0.123783299416264 0.0901987640283019
0.0267788714865896 0.083719041902226 0.0280992194416802 0.114770194544894
-0.0581438009307911 0.0654116100073672 -0.0296078318481608 0.0124080220029907
-0.07847703316661 0.00589594027250031 0.125548684093222 -0.0810548459060854
0.0173454762733717 0.0396046912567888 -0.136639569851273 0.0998165850831027
0.0309274944648476 -0.0145262570132237 0.0445244383671288 0.0282975466845479
-0.00588808215344601 -0.0271500100053048 -0.0118219116397742 -0.124908080828627
-0.0235271951985879 0.00406926764625073 -0.136555081357511 -0.108322106990732
-0.00393079514590869 0.0193854901555849 -0.182253087289707 0.027216372819034
0.00469705713794089 0.00883623175299515 -0.117167309955495 0.124508708198347
0.00270079289201994 0.00515356573553888 -0.0397542579629853 0.136152551221247
0.00555058746847985 -0.0034694956274788 0.00724969368892058 0.126006425284888
-0.00136427898085354 -0.00964147700561038 0.0220901125494712 0.125403150122101
0.00703999479041854 -0.0152865917293896 0.00583551868565386 0.128261245124925
0.0171024312807146 -0.00271312688015866 -0.0319045557122013 0.122671577815938
0.016087827223658 0.00183983034184845 -0.0808962009621997 0.113845496422972
0.0214305414782124 0.0166264772247051 -0.161212408516274 0.0795482798503169
0.0178347374759854 0.043338019815509 -0.222277685918902 0.0458462575771057
-0.015391302777107 0.0605029514208359 -0.219632761432768 0.0937144396807437
-0.0381821036975058 0.0850460819015872 -0.137670860251003 0.0807828714240707
0.00998617501348984 0.0543270996847655 0.0526061812583465 0.0239695038197051
0.0244178781204872 0.0219197109646206 -0.000694922721592788 -0.135848165578008
0.0325253988225178 0.00731379528105924 -0.133757857007697 -0.125710149758084
0.0385255758694516 -0.00479907844827172 -0.187833031345138 0.0162865577476467
0.0279080274628972 -0.0321095979700097 -0.121310545560871 0.112158377908667
0.00341678020728881 -0.0411675564839166 -0.0423654815761691 0.123033823401668
0.00310819026934786 -0.0472424250393929 0.00588909769939959 0.112712030148471
0.00258576247297983 -0.0575331458112054 0.028518890570197 0.108407991380882
0.0414900952084656 -0.0639917136204503 0.0251090578836514 0.11711746696706
0.0786484540010502 -0.0207390912536513 -0.00473476853202299 0.125866120459667
0.0842826776230015 0.0277437206740643 -0.05857369651086 0.13283553287065
0.040607785629984 0.0914223312799608 -0.141037849608799 0.100092163647299
-0.030142069520458 0.119841894507874 -0.192958388434542 0.0539281736322946
-0.0864444360416968 0.113832486197826 -0.183306157196964 0.0776641713272536
-0.0973452339465571 0.11472724304937 -0.112340082897196 0.0484045621543861
-0.026118180432683 0.121404281775037 0.0741841223818797 0.0135041594847159
0.0454019835172836 0.0812335083352971 0.0272982225057319 -0.148495752232324
0.0899457534137535 0.0206732997566538 -0.115899077322414 -0.149356261149963
0.0840751586092866 -0.0258791847865924 -0.182457008429864 -0.00801183951929425
0.0542994621568074 -0.0700563487054518 -0.119277776393331 0.0850636926243463
0.00714272037278259 -0.0838417188914812 -0.0435847925167168 0.0931249190454062
7.85173887817164E-05 -0.0835414713203772 0.00250920644285462 0.0837556329133435
0.00117516205348672 -0.0936327100433893 0.0346252190584664 0.074678392040757
0.0591257535413174 -0.104451193380484 0.0492396936097662 0.08724029687785
0.118396922683915 -0.0484902079425697 0.0382205697936545 0.112837449748424
0.141445100449206 0.0251051621284304 -0.0156460721989089 0.14747285396953
0.0757720386510824 0.137093438171241 -0.106564138862244 0.125123337610156
-0.0489876896257013 0.179509301020538 -0.157180167994166 0.0573442924301127
-0.134346365661797 0.155926869961547 -0.128984348854752 0.0493878727050263
-0.148555219905578 0.122251259886885 -0.0591294174597227 0.00976635749570749
-0.0745150130924185 0.170981550750809 0.109310940711781 -0.00182573609512671
0.047577065965897 0.141979643948962 0.0682340988863285 -0.153844460481972
0.136344894083503 0.0464430272196454 -0.0786676164789953 -0.167849225725816
0.125359342299776 -0.0376905845401796 -0.156466594900498 -0.038298285027621
0.0785215095646948 -0.0976661646726558 -0.104320284280232 0.0450559965780201
0.0120211679248499 -0.116181804160789 -0.0404162476203132 0.0495291491887698
-0.00368644781840047 -0.108251154384551 0.000213580274633002 0.043000337703973
-0.00435186355053992 -0.114562979766386 0.0376679416234942 0.0301313617985723
0.0607741837760593 -0.128370052315034 0.0691913691767115 0.0439373476398101
0.132635483253074 -0.073699720996271 0.0815586707728433 0.0810967288388128
0.173894495710554 0.00670764207739414 0.0331197657430506 0.14440146498825
0.106823157397562 0.152664845565873 -0.0629302076676844 0.139271295999491
-0.0488573982854978 0.207957384445923 -0.121040774089194 0.0532306812221798
-0.155334200625146 0.175625874931583 -0.0665153177394495 0.0105455199678824
-0.177002456903098 0.107177252938997 0.0159838785290673 -0.0308023178805838
-0.119246727024698 0.185587843094067 0.149886726355065 -0.0194448965622906
0.0277650371628961 0.180714718417162 0.113040879257759 -0.143900825628787
0.154954297155068 0.0757295848300617 -0.0262317935555754 -0.171038558681762
0.14891936455969 -0.036080302642047 -0.108868869739518 -0.0680125819903659
0.0933382312547356 -0.107627667011256 -0.0775226546323732 -0.00411378050148158
0.0172399760902846 -0.129948090575326 -0.0334026872264482 -0.00215401383754799
-0.0065637823520265 -0.117143979224456 -0.00238509432637714 -0.0030481823923118
-0.00957569626795804 -0.117872735966751 0.0370202418473687 -0.0174269501653854
0.0532462577937936 -0.131294337136837 0.080499416877842 -0.00406689216200342
0.127334682180504 -0.0836397539467434 0.112420901472113 0.0421647350266152
0.176895992637464 -0.00744053681363172 0.0726130034100814 0.126882646517789
0.114613237969651 0.147206683977343 -0.0233410719515297 0.136782210933086
-0.0470204949373489 0.203239403227289 -0.0886681621752538 0.0405499600712967
-0.156091100439044 0.165468380321641 -0.00636749865474685 -0.0296130668429488
-0.170411093964997 0.0734571142132963 0.0987182230888356 -0.0652809935933952
-0.140740605634495 0.158400721500667 0.188220584829113 -0.0358574182376957
-0.0020527287552583 0.179379544059065 0.148971932489987 -0.122292185372608
0.137972821626562 0.0900628215532763 0.0265425853537852 -0.154315926614828
0.142564514707976 -0.0259804305981012 -0.0501000533265871 -0.0878228998338234
0.0898872771895434 -0.0974948269993926 -0.0424525649447566 -0.0527516759823688
0.0171443297889006 -0.120736302820914 -0.0241077965618704 -0.0534832547012653
-0.00864309203129505 -0.107152755877792 -0.00526835471739391 -0.0482707986015599
-0.0124688546656648 -0.104960036174351 0.0339616724796091 -0.0611082268046247
0.0417621515970117 -0.11508698245535 0.085413946859012 -0.0470457895885503
0.108888270007839 -0.0776138043790382 0.130992333384789 0.00619415885932696
0.156690015654222 -0.00872022075874085 0.0981161623246335 0.105433335225865
0.0967803583007825 0.132096663974837 0.0052934580357912 0.124944562911827
-0.0514461263813943 0.1718705600622 -0.0622588930119759 0.025977077020203
-0.1423033582826 0.128494584672209 0.0457628148059312 -0.0626993673638251
-0.128700830313803 0.0284330735876966 0.169273472713777 -0.089733346326495
-0.124126466132296 0.0990135143012958 0.213743617082636 -0.0483944223623009
-0.0215623211930823 0.13395053458208 0.169465715063595 -0.098374317250794
0.0946269210492035 0.0753552295679411 0.065421260174422 -0.129925296972613
0.105494376883275 -0.0159790729965106 0.00140438455221101 -0.0989509918457997
0.0665319057571532 -0.0703578311830955 -0.0114610591246435 -0.0918910480175461
0.0125323849949245 -0.0899653029951926 -0.0167671551828542 -0.0947945463625913
-0.00832633439272555 -0.080437143406287 -0.00783453963251176 -0.0851299355504981
-0.011657547495893 -0.07834358291416 0.0312966090669277 -0.0954727626914874
0.0287610427622357 -0.086666487660928 0.0889817733259709 -0.0802966385819096
0.0823744954122674 -0.060886322373865 0.143628340416148 -0.0183472311309896
0.122855559519401 -0.0019414654720642 0.11337224056289 0.0896826585020979
0.0650052849958815 0.109616435744793 0.022498039882286 0.11434593097371
-0.0561212705322214 0.123478001599014 -0.0420237272455919 0.015381495054615
-0.115473201765386 0.0720476076012754 0.0884614220298467 -0.0811377929722465
-0.0614203383561272 -0.020491697063187 0.211138217151359 -0.104734088697683
-0.0758649369633513 0.0244748910323942 0.220025888507135 -0.0609229286881413
-0.0247064235338497 0.0606575364886579 0.17445320970485 -0.0843173206559873
0.0382573599054073 0.0370955950494156 0.0836420613944765 -0.114308022783469
0.0461154164428477 -0.00867150819959596 0.0289416091916647 -0.106522256094052
0.0290615927665071 -0.0319511960131842 0.00301774524232792 -0.116168630718393
0.00502810843763588 -0.0432877590106862 -0.0153054788498949 -0.11810822874615
-0.00648888986109718 -0.0404282383395996 -0.0101389210051748 -0.107369472047957
-0.0082619252209732 -0.0420564792561638 0.029397694972963 -0.115892141571971
0.0139618233960718 -0.0501476374868808 0.0936680447603655 -0.100745661861492
0.0492198990964745 -0.0403117067411344 0.154734040130162 -0.0318853311130786
0.0796292542216778 0.00545347612646019 0.123777770476422 0.0834958760235734
0.0283947169262182 0.0795042992854304 0.0308803328961837 0.10942822695134
-0.05446552743699 0.0645485648004968 -0.029470330906824 0.0127646961529834
-0.0756266152830848 0.00760433595037914 0.116465687671233 -0.0818730747426369
0.0175359984901364 0.038656220361306 -0.130170608274713 0.100730233668534
0.0299489015293206 -0.0150245210365312 0.046052034671215 0.027224729400826
-0.00623537556292281 -0.0256542025773496 -0.0143785061157295 -0.120047112264574
-0.0226006216046477 0.0044732710419025 -0.135749402828319 -0.101148673472203
-0.00268473383153355 0.0188461537440338 -0.175950479838448 0.0321274623455847
0.00550161668201678 0.00828113966343186 -0.108993933239776 0.124610022180647
0.00332768119824885 0.00439851787759862 -0.0334960898959866 0.133982810744525
0.00596937756368783 -0.00403849917668599 0.0115773002066062 0.121387513567098
-0.00120233416959593 -0.00903151680576105 0.0265328908797107 0.121080872488734
0.00586051751086418 -0.0151662678395277 0.0105702650493187 0.124999875912622
0.0172356168697349 -0.003449087142382 -0.0281368109959707 0.120927125503705
0.0164088893851079 0.00107402185757002 -0.0764270975774222 0.111838794378698
0.0215205721091891 0.0157792446935462 -0.155761701434158 0.0795356217604652
0.0185192424589403 0.0421406896366511 -0.214738209248382 0.0501940542558636
-0.0139424810852483 0.0588264942069665 -0.210590126206114 0.0970379445766295
-0.0352044280444627 0.0843411772698421 -0.131139082125746 0.0820886288386895
0.0117653194891854 0.052420833459793 0.0533913319318007 0.023290546868841
0.0243733177670777 0.02039032773038 -0.00370166381937993 -0.131571284205152
0.0316412823341979 0.00533453196341206 -0.133575811851842 -0.11856655858981
0.0376720996843289 -0.00611518684643149 -0.181618823000275 0.0210657507655108
0.0262759091492889 -0.0320085176724705 -0.11339210018238 0.113126147145823
0.0020477856815099 -0.0402749549384158 -0.0369374543938465 0.120749322184585
0.00181369848249317 -0.0463984199872084 0.0092233732834167 0.108901390314267
0.000874291559662659 -0.0556160946210618 0.0323390186699664 0.104562242037977
0.0377320058247776 -0.0640197167851812 0.0285742682942678 0.114304930411825
0.0765129505309361 -0.0234398873034736 -0.00127725748594069 0.123676599364088
0.0828752113744879 0.0244867919958726 -0.0539035850585592 0.130536724447893
0.042483064010228 0.088213471078391 -0.135915531197385 0.100263516328753
-0.0262102892663533 0.117722382842302 -0.186333278763755 0.0577089559813297
-0.0818524567298179 0.112650512440937 -0.175523261973012 0.0810552603098277
-0.0922896331696636 0.113668823161723 -0.107035243579629 0.0505148650399858
-0.0215602810049972 0.119193999652762 0.0749342743569473 0.012774249100039
0.0459146765434725 0.077725434876283 0.0237113137378212 -0.144043670463677
0.0871157770386072 0.0166462116153636 -0.116150324830609 -0.142269963790466
0.0811219824135307 -0.028429011958249 -0.176497891860973 -0.00184232027163524
0.0502720503542699 -0.0698924074685747 -0.111793914698572 0.0861041859963457
0.00356699279991858 -0.0813776338229282 -0.0394502694748175 0.091419020039462
-0.0023555736151251 -0.0809965574361049 0.00598631316589059 0.081071934862893
-0.00218803754193024 -0.0907519815392039 0.0364189736012241 0.0718910812618649
0.0538728481179418 -0.10407817565181 0.0515758694959146 0.0841178817826236
0.113844166715858 -0.0522661972075505 0.0407547520733321 0.109328831362881
0.138490598271681 0.0199718263133674 -0.011481432409751 0.143717544920269
0.0783255829822657 0.131759383554118 -0.101772472753328 0.124042204364171
-0.0429400846921531 0.176644157123751 -0.151303111838529 0.0601902650183785
-0.126369641465899 0.154896118478366 -0.124877097601291 0.0519156778067889
-0.142000526700488 0.122363659715414 -0.0554913441420786 0.0115188789064496
-0.0670034212551973 0.168866521692219 0.107973174947714 -0.00243537304046149
0.0491933898425105 0.135695808214151 0.0641202373933033 -0.149846206065095
0.133260816055667 0.0408167680669155 -0.0805348080765084 -0.160558403901369
0.120876977235845 -0.0411311102961779 -0.151203853732698 -0.0318208811672386
0.0722943601484557 -0.0978314833489958 -0.0990047909241786 0.0461857235377617
0.00711416195906186 -0.113003874218175 -0.03862640424737 0.0493472032356921
-0.00715659370342876 -0.105186195633194 0.00164847799697904 0.0421819594970827
-0.00784739202328769 -0.110409509817465 0.037318652031131 0.0283281308241722
0.0539213976971417 -0.127787542378376 0.0695478853052311 0.0409447969699955
0.126890030902635 -0.0768964531099391 0.0818190984940484 0.0771322993783719
0.16912416236396 0.000520358853657449 0.0368869558532849 0.139939841538241
0.109067664467186 0.145649216090454 -0.0582808156885189 0.13587786807007
-0.0417155442543239 0.204272977236241 -0.115874624527158 0.0552585978257767
-0.14595778027437 0.174188701827271 -0.0658690345948073 0.0130037040968121
-0.170175157198404 0.107903795434123 0.0155194592722709 -0.0296384472296049
-0.110566885675343 0.184866567403622 0.146606919578918 -0.0205694738940448
0.0308459265361726 0.17482337181917 0.107719059446435 -0.14170730587296
0.15201182241461 0.0686418058225155 -0.0290503746715088 -0.165299200447919
0.143132608108532 -0.0398652964329839 -0.105328089051479 -0.0622061822246864
0.0871876552837262 -0.108111723169885 -0.0744196854762705 -0.00303557308929477
0.0110296218795165 -0.126344640460222 -0.0334293612899351 -0.00136899709118925
-0.0101416402351422 -0.112969689089684 -0.00206992408222398 -0.00283606460439975
-0.0137355517630138 -0.113529062318788 0.0351885786781354 -0.0176348342508225
0.0465851833714513 -0.12984756208273 0.0791576115778281 -0.00570217547601904
0.121503582691837 -0.0862708130588561 0.110783561330244 0.0375618661397066
0.170931387249206 -0.0135073301753044 0.0750056461885426 0.121393706019864
0.115932214602468 0.139475497445442 -0.0192248276520126 0.132431827077654
-0.0404165722496058 0.199667102314159 -0.0851762237607447 0.0422637619877645
-0.147612528376949 0.165151490542145 -0.0089456979479329 -0.0275527150353377
-0.164428320446312 0.0756147515981835 0.094957041218623 -0.0654046906501798
-0.131930762406032 0.158767906306753 0.1828713555428 -0.0379621258429673
0.00298597199580111 0.174209749176248 0.143038186331836 -0.122073567253198
0.136649641039172 0.0828813918086223 0.0222962169142358 -0.15005673984522
0.13728416776866 -0.0305198450287984 -0.0483278683261332 -0.0835860487497425
0.0835124871967681 -0.0977947886487589 -0.0422909831318101 -0.0512042326978325
0.0122646505625433 -0.117561488963509 -0.0260914728018343 -0.0515897288569133
-0.0114593229872521 -0.103292693326451 -0.00631896994532108 -0.046052367000603
-0.0156358951471415 -0.100745161488405 0.0310138599449633 -0.0604098092342676
0.0365243094829739 -0.113557290149475 0.0827105015837775 -0.047951779877815
0.103387840919923 -0.0792262892714576 0.127975779784472 0.00213184084410733
0.151454776507425 -0.0143167713207956 0.0996497453356481 0.100518400804678
0.0983352625969041 0.124548002890048 0.00845008339130846 0.121150757329035
-0.044642625320562 0.168848847818549 -0.0602375154757681 0.0270132093311357
-0.13452781881803 0.127652445996351 0.0410945186628222 -0.0615651382490578
-0.124305375357444 0.0308975897289955 0.16222080219131 -0.0905160218633076
-0.117994301215046 0.100221818016997 0.207453588857452 -0.0508708460712384
-0.0178925538588582 0.130878419309355 0.163384153264373 -0.0992944042237198
0.0937477290623677 0.070398432344262 0.0609885276096156 -0.127434590946192
0.101382005580295 -0.0187837270813598 0.000870105519002486 -0.0958188614338052
0.0622754505548158 -0.0702180823400812 -0.0137191582457097 -0.0908131800047785
0.00870649700771206 -0.0872246627472412 -0.0209594894570956 -0.0917103948731762
-0.0108288603528966 -0.0772656892010316 -0.0103113074645018 -0.0817433076513945
-0.014006156024039 -0.0752490062379256 0.0269450739122211 -0.0933699525476311
0.0255266319232981 -0.0847163334260345 0.084538084149829 -0.0804306052743725
0.0777789359268957 -0.0621141409648103 0.139683961564428 -0.0224976142860621
0.117862550218165 -0.00662070322510478 0.113667984653422 0.0844777029026007
0.0663506370165087 0.104031730245243 0.024738569512742 0.109812627604454
-0.0514905111115631 0.121513017849912 -0.0412887595705263 0.0166756733801875
-0.110289940087086 0.0725412575364681 0.08150985336952 -0.0808826477130318
-0.0600492698185062 -0.0180386064702768 0.203449670350867 -0.106378033044905
-0.0732654994014008 0.0259682684533004 0.212054434999398 -0.063345591743901
-0.022423748296346 0.0598419690656515 0.168650195758551 -0.0867518694717816
0.0382727285668802 0.0347940739854231 0.0793533617683256 -0.112041344011084
0.0445207050617106 -0.00984720916192109 0.0273617693641416 -0.104093600076956
0.0267835460140299 -0.0316623113240982 -0.00106868288855282 -0.114417201477013
0.00291176605952645 -0.0416511159771831 -0.0196721611571595 -0.113789381372255
-0.00740463591169357 -0.039130613632442 -0.012861166402675 -0.102637572650686
-0.00935399186298008 -0.0404683222471013 0.024996743039683 -0.113313835503422
0.0122174015227479 -0.0486651807431463 0.0881921597069839 -0.101065502123607
0.0462458700566011 -0.0405805091563566 0.149985096470316 -0.0358475981862882
0.0763076038642883 0.0025474265582156 0.123601067190791 0.0780131689365721
0.0299465818021087 0.0756251605484795 0.0328523403807679 0.10483302390764
-0.0512175568432008 0.0638934630279079 -0.02872315208562 0.0135950542944266
-0.073198851513018 0.00851482775542035 0.10912412639376 -0.0819623553175162
0.009617984336524 0.0382370248053976 -0.142400643326082 0.0749909236638316
0.0304763897295408 -0.00863115729829565 0.0410155222106566 0.0364474193694116
0.000281304890056424 -0.0247303666418076 0.00969471148079002 -0.116324590754167
-0.0194308992874828 -0.000167031508457223 -0.111868208721208 -0.121205827879605
-0.00355130669427676 0.0157694154718112 -0.173675863670471 -0.000674478374948966
0.0050236550425828 0.00784171955476509 -0.126726172544812 0.100151670088756
0.00339384230547282 0.00475008768233288 -0.056461057469018 0.12302101218149
0.00676022830533805 -0.00355883587922272 -0.0108992191893603 0.11655948606613
0.00073040095833189 -0.00887745794701503 0.00433838199788131 0.120553485773164
0.00860182920175958 -0.0136235485064408 -0.0128036853491021 0.121542965905419
0.0174722600456526 -0.000484510985045478 -0.0489158236584376 0.110441389120004
0.0158130080982774 0.00543377809108411 -0.0951320273028633 0.0911636849319465
0.016572755926314 0.0216524939026707 -0.165983234771366 0.0480206643636146
0.00889814891862336 0.0448027426930053 -0.218933576215491 0.00866836736801841
-0.0254177596480872 0.0529934314894269 -0.226692739178882 0.0524347634506304
-0.0481990675145864 0.0701962698848596 -0.140964835195962 0.0573909441880384
0.00199332012452233 0.051733623432492 0.046892390981442 0.0324414679795257
0.0210377965943494 0.0240622179007555 0.0204110117564299 -0.123738936226437
0.0305457482496046 0.0102089112462622 -0.107099895867653 -0.135456681769534
0.0393887358869883 -0.000837688871905738 -0.176990710523669 -0.0114988121015681
0.0317716809919993 -0.026882271109864 -0.128072476759749 0.0888823009519355
0.00926694336050794 -0.0379115786780985 -0.0577265308639136 0.110224595427005
0.0100828133410083 -0.04456270245887 -0.0107274187803251 0.104768066389869
0.0108384685581652 -0.0530520381078654 0.0127435721768693 0.105363020117854
0.0478326815982484 -0.0546231552996299 0.00799468111941817 0.113446595095018
0.0781866574116146 -0.00859228349087537 -0.0219933803738931 0.117187218248832
0.0743383371376383 0.0401158334097994 -0.0745392509041259 0.114804096116501
0.0223355950566253 0.0951402838747393 -0.150197555216225 0.0731434081031674
-0.0492797881528641 0.109174010654717 -0.193553846413136 0.0217094408150421
-0.100864185145786 0.0904046886490473 -0.189894622104038 0.0446540052973573
-0.107890799076776 0.0878492436385598 -0.112390029648085 0.0311741163543623
-0.0404179064809487 0.108682760841465 0.067106396326948 0.0250782533136014
0.0312444543762523 0.0822747100268094 0.0469392855590627 -0.130286252311643
0.0800965263659622 0.0302636515150614 -0.08607347767657 -0.154437452213631
0.0835219593603189 -0.0135154530315373 -0.168711831805299 -0.031541787967173
0.0605925533802188 -0.058122164947544 -0.121553326658019 0.0644788195050696
0.0172757218367306 -0.0764268741492837 -0.0544618554910476 0.0809206981599655
0.0121906245111871 -0.0792388077453735 -0.0089182054463519 0.0782439585305158
0.0148848484823882 -0.0866966526921269 0.0228501653449842 0.0748606424879281
0.069595828177122 -0.0896033114719245 0.0356917103569672 0.0894225792500162
0.119112845113724 -0.0288285498269127 0.0223067927529863 0.110545788275378
0.127602968106764 0.0462366492503289 -0.0345062177349798 0.135672231544675
0.0480060155872463 0.144690952289915 -0.119242618863631 0.102987555920357
-0.0761741187688414 0.161795440261949 -0.162058153942802 0.0313517481462969
-0.151642057747381 0.12218761832173 -0.133889297606972 0.0269263092388968
-0.156186029180649 0.08745229422469 -0.0573036022079506 0.00266482128830287
-0.0910736658301488 0.149007517442056 0.100095089487752 0.01444781294934
0.0229807906121598 0.13849630192022 0.0845478760746382 -0.128423043394104
0.118042760409949 0.0604847578770242 -0.0483636136153659 -0.164795563800686
0.122687899493938 -0.0184295187502247 -0.139049094839613 -0.0553959673205397
0.0866966154040475 -0.08071389510427 -0.102096813474252 0.0283224094323395
0.0256447073497684 -0.10565270793223 -0.0453753657458368 0.0399700758013155
0.0119067687868328 -0.102717971150523 -0.00597233593133645 0.0406679441312689
0.0126652728754243 -0.106445598437971 0.0315012033853168 0.0337013474051317
0.0740788355903703 -0.11146633149462 0.0614649815678758 0.0504116177439223
0.13633855757804 -0.0500303157940695 0.0680306982743994 0.0864823574378821
0.159735930499609 0.032933529522625 0.0140149016313489 0.14049195386653
0.0751117537744053 0.163666020275828 -0.0786436762332146 0.123637615338388
-0.0799795776042358 0.188805358084753 -0.126659652614635 0.0330251811205893
-0.174580273150614 0.136782421579718 -0.0688193927675305 0.00100626104584229
-0.179527196469967 0.0706643198129809 0.0185138810091958 -0.0250795515818901
-0.134639513038643 0.157028780397259 0.139689533067731 0.00220101387156074
-0.00173482646655337 0.172956144667916 0.123269032110623 -0.113751398287696
0.129854322390556 0.0905431450790665 0.00106274210561595 -0.159270779760515
0.14348738532127 -0.0126385780317795 -0.0904606891812106 -0.0762298212845818
0.100927765774645 -0.0872362099920797 -0.0693004239747422 -0.0142378931838432
0.0308704221415971 -0.117555878782528 -0.0312408263156151 -0.00801627794148502
0.0099347671514021 -0.110974621166493 -0.00180933300535968 -0.00237512630682394
0.00816311049615298 -0.109849383697895 0.0371641915535906 -0.0107953889119593
0.0673299408627165 -0.114996222225523 0.0789048507055392 0.00840296479857333
0.132252567074787 -0.0602391643726834 0.103502100882802 0.0536765964323231
0.163894834131424 0.0194871703597846 0.0545239621013335 0.130235064669008
0.0830619344020937 0.158292490120618 -0.0401422735318891 0.12779950443616
-0.0772517775012915 0.183440551451112 -0.0948322605451407 0.0260366014268924
-0.173077955929322 0.127462582196793 -0.00440303388791757 -0.0274467722784127
-0.168291182910372 0.0418863246216476 0.100778108954736 -0.0453147133518074
-0.15071519130717 0.129511475830198 0.178474230399448 -0.008605282187912
-0.0281698675031075 0.167213175229624 0.153682494655755 -0.0891194654441739
0.112201415777965 0.101461608542644 0.0474327265398143 -0.135816950038704
0.135409576776275 -0.00387238537509344 -0.0318244026898289 -0.0869225107704901
0.0960612509211806 -0.0775250783239234 -0.0301374986069549 -0.0553376258345974
0.0303596489441361 -0.10873973400073 -0.0159293618242208 -0.0555784495829878
0.00728319441557227 -0.101728578822892 0.0022896132177158 -0.0439486294697413
0.00376957530737191 -0.0979476809439216 0.0407912240566273 -0.0520017290824714
0.0545779330564079 -0.100895037706159 0.0891577635114348 -0.0314461421008776
0.113598102151335 -0.0565598341600985 0.125318467387436 0.0231759152356811
0.144955407465274 0.0144594170692975 0.0815669319100618 0.114364319884268
0.0693357775991143 0.140053388381079 -0.0113113573289919 0.120852549974413
-0.0758837824144888 0.152580194344323 -0.0672487733456921 0.0159516680582562
-0.153742473674415 0.0946978389696164 0.0508618741303596 -0.0508400671149361
-0.122363684151983 0.00803457199829706 0.171029509719344 -0.058676190066017
-0.12836986572168 0.0774814812643943 0.205031300761428 -0.0164006717137991
-0.0404423972410456 0.12346966799842 0.169964928742993 -0.0650061318590981
0.0745324224978771 0.0835053810067744 0.08016388152542 -0.10791614483078
0.0989650447278519 0.000798725263812837 0.0178927438371813 -0.0905782679501474
0.0706071987251583 -0.0548190822256445 0.00342136836629079 -0.0895395451193372
0.0223513442305587 -0.0809048423606933 -0.00310047026654119 -0.0929187100604905
0.00327988724523709 -0.0762779983508408 0.00519936153899537 -0.078512091375786
0.000787823215240956 -0.0733187659488404 0.0430390694483457 -0.0842025755498343
0.0388809058557912 -0.0753381007855636 0.0965326553402477 -0.0613997046681078
0.0851999223714547 -0.0445592449668387 0.139989718766046 0.00228178788403125
0.111836728696151 0.0159219645073045 0.0968589866432072 0.102663400962579
0.0423435923897325 0.11327725223367 0.00608123435182021 0.112611498615398
-0.0731638926174684 0.105821710668556 -0.0465327788026922 0.0084567921529938
-0.119827683691145 0.0468644058415985 0.0942996203046065 -0.061662701043522
-0.0536660336746076 -0.025156872819184 0.213538628797786 -0.0663783072912074
-0.0737069764934858 0.0151866233207317 0.214326723324544 -0.0258922458923792
-0.0325478792820978 0.0553285307212981 0.174435415112876 -0.0521522398034894
0.0289047228747451 0.0406713996073712 0.094836158079068 -0.0909900760210319
0.0429858026220014 -0.000338116996600359 0.0447022008175895 -0.0950638788732293
0.0309594188090391 -0.0238705382087211 0.0192821636832781 -0.110754513161664
0.0093765700624897 -0.0385397710421953 0.00164364136860466 -0.114638187061166
6.28063639666059E-05 -0.0385478834558482 0.00610374784266708 -0.0990926345194985
-0.00118462282799843 -0.0391647944382171 0.0447826464429089 -0.103126503677979
0.0203746752203824 -0.0436680609656859 0.103099919276026 -0.0794917588913011
0.0511324654396204 -0.0297036396791352 0.151350439063552 -0.00835499726998006
0.071099859386005 0.0156770458128551 0.106531091705788 0.0981376707420151
0.0136651858684753 0.0791149121035294 0.0132914021890456 0.109040867967724
-0.0615259723791818 0.0504806409971052 -0.0331703402021979 0.00794305792351347
-0.0725672799733327 -0.00649792723373304 0.1221951980263 -0.0581625968373416
0.00984817810911356 0.0371860715576707 -0.135211042528157 0.0763745909223279
0.0291850090088964 -0.00916065487962079 0.0421909525178779 0.0351359483101185
0.0003341405869598 -0.0237879032098476 0.00695255092535904 -0.111976804176602
-0.0187051067682569 0.000257564256392717 -0.110942779872226 -0.114323020745935
-0.00221574774574115 0.014941170694295 -0.167940137830026 0.00348827597938397
0.00550286586788255 0.00682768648136863 -0.118231010267586 0.100034155996226
0.00357623428714252 0.00382906131818405 -0.050677703593832 0.120632482548936
0.00653909341502472 -0.00452617447567209 -0.00686106052727351 0.112859386763914
0.00117440933060661 -0.00842726194821492 0.00837711955172651 0.116012788352741
0.00789719579968027 -0.013825166133756 -0.00777993505137933 0.118555041411107
0.0173322571986944 -0.00122588950907348 -0.045324539589628 0.108452227713133
0.0159001401901401 0.00481567455118494 -0.0904732980497491 0.0892545651983077
0.0177391830068385 0.0209681349654011 -0.160102150424612 0.0485851667548915
0.00924411419522294 0.0425758741244502 -0.21013635201887 0.0129204298197664
-0.0238221524919491 0.0509017918784698 -0.216842103952095 0.0558269136767405
-0.0457118168162736 0.0691622449038514 -0.134267359115526 0.0592443503495114
0.00361847009297267 0.0500694729066639 0.0478758236793213 0.0316779620982342
0.0212674422307809 0.0226546708078608 0.0178497296556103 -0.118778712771369
0.0291488915260623 0.0081831397581959 -0.106159205427811 -0.128690641921069
0.0382669737903087 -0.00261826403648487 -0.170401947152199 -0.00684915027556692
0.0298961042887649 -0.0275237079346583 -0.11989975192138 0.0892228473603904
0.00773934185202134 -0.0367175027049718 -0.0519348721288469 0.107289270730532
0.00869223039157 -0.0443579936372143 -0.00675862371970145 0.10160382975122
0.00944493872440212 -0.0512982096404666 0.0159584326922084 0.101311623020001
0.0440729192496184 -0.0538558292955677 0.0121097528433789 0.110133889603524
0.075627924194949 -0.0111362306327602 -0.0187572907596658 0.114799645096761
0.072854978205174 0.0359534495585901 -0.0695165441543412 0.111588666187183
0.024204079781559 0.091506076250803 -0.143794804834088 0.0728498408836695
-0.0448472005507016 0.106369401341966 -0.185630203548849 0.0244752995786221
-0.0957079648131699 0.0883313593630203 -0.182440907564238 0.047375976395917
-0.10272814396458 0.0868671119330253 -0.107083049626356 0.0329336810878484
-0.0355860575771976 0.10596026161697 0.0672913384472291 0.0240872535836928
0.0310294956839071 0.0782493067533193 0.0430712341050743 -0.125499749247798
0.0773553030371138 0.0265746861132438 -0.0861763464769994 -0.146456691939571
0.0804089630302507 -0.0164805666014484 -0.161466152453639 -0.0260078108131846
0.0566054308724012 -0.0586572874176874 -0.114696354237594 0.0641890578188856
0.0144010995343317 -0.0741241557713293 -0.0501090221948996 0.0798327418739528
0.00981029871478912 -0.0774339128306518 -0.00687750115344722 0.0759470127867627
0.0115471285639818 -0.0839820915460045 0.0248085598235135 0.0716022888946388
0.0636112054914587 -0.0889463682862552 0.0379985202722185 0.0855295766059079
0.114613784362528 -0.0318348970281827 0.0244356582018255 0.106869112479945
0.124074875889769 0.0403975615752448 -0.029735047745864 0.131850531501231
0.0505685848477679 0.138235266852153 -0.113728228293277 0.101986797116318
-0.0698006013585927 0.158263655935041 -0.154612985799858 0.0336833455432734
-0.143080605318341 0.120001999482872 -0.12926754456159 0.0299110917983716
-0.149356805466292 0.0876209096017696 -0.053838749924275 0.0042116234639213
-0.0838922662438443 0.146631270340247 0.0988505283971758 0.0124371507864472
0.0248201346814027 0.133216132843971 0.0794077060131637 -0.124162460123548
0.114502370862081 0.0548185102500954 -0.0501207862347148 -0.157284859556246
0.117434240725394 -0.0215424667956068 -0.134019939113428 -0.0493375836167794
0.0804250965156941 -0.08042542149678 -0.0966564450995819 0.028870054470976
0.0212588313374391 -0.101825563620354 -0.043014709592189 0.039262862598464
0.0085587734803641 -0.0998915931700015 -0.00390066968589779 0.0396289116513861
0.0091541855426425 -0.102450137503948 0.0314690630010401 0.0319349253297529
0.0672434987322695 -0.110199621368175 0.0616733128836886 0.0477755814851895
0.130702608401096 -0.053473392529164 0.0684066425458692 0.0825922650473591
0.155021417827311 0.0261251372581545 0.0172322512445889 0.135650392824058
0.0770063539155829 0.155863605572449 -0.0735859793763011 0.120178083940586
-0.0726462615548824 0.184212030717821 -0.12108415542398 0.034575630701211
-0.164805319407099 0.134216132016963 -0.0673907061638799 0.00395878535583709
-0.172581947988164 0.0713026947843174 0.0184123382363434 -0.0238068717428986
-0.126201949013698 0.15551777378818 0.136205305551061 0.000468048408446617
0.00226905772080189 0.166873549375466 0.117043875211505 -0.111429424395301
0.127208764781551 0.0838448875213302 -0.0017270844267567 -0.152633741687421
0.137787601438187 -0.017292827774985 -0.0865430495609069 -0.0706840297180609
0.0941034397946566 -0.0874906620500059 -0.0665533298739301 -0.0129155352535039
0.0256439545798997 -0.113603139102007 -0.0312897769647208 -0.00742376724203734
0.00644924703015775 -0.107326284406275 -0.00146302869051343 -0.00181278717231175
0.00437663187556622 -0.10572913489203 0.0357057406061246 -0.0113927769905299
0.0605017008682909 -0.112799400421872 0.0771921224916301 0.00645778384455993
0.125313019734583 -0.0631547960661798 0.101615645867028 0.0497622851819934
0.157705750510905 0.0130498706666501 0.0565769823049076 0.124605186761187
0.0847079212835197 0.150406138634813 -0.0357947337599806 0.122870704680607
-0.0698850160222586 0.17950036348145 -0.0904919860696904 0.0272868320969319
-0.164257105757367 0.125809896027027 -0.00649561635317296 -0.025612189969741
-0.161827680922704 0.0436393035656495 0.0971202823701031 -0.0449820706123735
-0.142122804056917 0.129753302781042 0.172660313309267 -0.0112507778522297
-0.0239635902120463 0.162500417187956 0.146002067694954 -0.0882272134937114
0.110768703987249 0.0954092865780647 0.04312159594447 -0.131155356917612
0.129984773966453 -0.00767404978492117 -0.0307013606994059 -0.0828886756563458
0.0897810204182588 -0.0774509384416265 -0.0308221550435302 -0.0545679207660061
0.0255801074785269 -0.105550184242001 -0.0179506987489098 -0.0532701548469561
0.00366468099516193 -0.0984348633635049 0.00109243641982967 -0.042476407859155
0.000700136178096827 -0.0937725764862496 0.0375391002367853 -0.0514179482811429
0.0489869037704461 -0.0987483662346659 0.0860529719309447 -0.0327950955388074
0.107788015823136 -0.058321185889084 0.121720075343794 0.0189867097588418
0.13884580494902 0.00917079838251152 0.0827775387998774 0.108497393504049
0.0706055296714066 0.132593741587058 -0.00836309291628424 0.11612729228942
-0.0692426290420773 0.149211402264682 -0.0645347575286646 0.0168050943469331
-0.145625038724171 0.0942194531899373 0.0461655558887561 -0.0492878818773378
-0.118276518226948 0.0100794233918175 0.164151581997669 -0.0594530192782215
-0.12135364183709 0.0781887603693592 0.198233062536556 -0.0191163115628605
-0.0365993323860209 0.120667987287181 0.162408207448086 -0.0654518251088304
0.0742234639462174 0.0782963235415929 0.0754386997844729 -0.103871314826132
0.095010359599205 -0.00202286964793193 0.0171996257146418 -0.0875497729584478
0.0660658593179532 -0.0546621634839583 0.000572480191282884 -0.0878208411216827
0.0187037410899255 -0.0779015718924589 -0.00736312339223359 -0.0901326972262069
0.00110263757475573 -0.0734865683918063 0.00295729931549556 -0.075015351462158
-0.00127910714372044 -0.0698593962572241 0.0388838203267162 -0.082094156000074
0.034908560202264 -0.0735209587198103 0.091758952750587 -0.0618548136918213
0.0807600941485233 -0.0456230887644209 0.135219411538614 -0.00197993283496289
0.106937920970059 0.0111343977097211 0.09733294510042 0.0966244873006449
0.0440646826658051 0.107739776034805 0.00834027961214987 0.107271249191815
-0.0680328191039985 0.103738243669227 -0.0453429889318283 0.00941603272942252
-0.114468821744453 0.0467000488745815 0.087606769634295 -0.0611239212401263
-0.0519390934664268 -0.023001357114661 0.204697585502929 -0.0682028690413756
-0.0706003451410136 0.0167563707714322 0.205474314782192 -0.0282902264019344
-0.0302548285681116 0.0545312678994705 0.167076142149341 -0.0535982255918899
0.0292240087128758 0.0386142692202891 0.0904543153020063 -0.0884463434812057
0.0411146888778019 -0.00105710428432227 0.0423600843288559 -0.0924472764482981
0.0283979856280417 -0.0235253465059494 0.0147885069390725 -0.108662503708954
0.00808146034143554 -0.0372322052101224 -0.00323934504336475 -0.111333846077505
-0.000932575811730801 -0.0374374652499888 0.00335717269277747 -0.0951289529410338
-0.0019619629815498 -0.0370527287621013 0.0399517493023712 -0.100427663883421
0.0186130592846497 -0.0424020754229324 0.0967044305749001 -0.0790627387662237
0.0478957724141311 -0.0298017403189365 0.1457392884145 -0.0125702215619296
0.0683575190817395 0.0130743747329725 0.105950698786074 0.0919970907341231
0.015088662350359 0.0751913811129439 0.0153938605298018 0.104278119184897
-0.0584628527698192 0.0493095518073637 -0.033181475197596 0.00883485861891341
-0.0702365153479688 -0.00492366574107094 0.114181904933822 -0.058921389632928
0.0103074511035252 0.0361371289111425 -0.129789656573636 0.0754083347881998
0.0282949066994684 -0.00987785290630621 0.0428726451984697 0.0343253907563368
0.000411676370227152 -0.0233348116251236 0.00661351819632331 -0.107609881251727
-0.0175576604334744 0.000122008890631201 -0.108420020708104 -0.108895890866964
-0.0019021707695575 0.0136917548082924 -0.162226356343405 0.00463141806856811
0.00570656361672615 0.00607441437959391 -0.111478620564139 0.0976755592181208
0.00352058202611563 0.00329355221943575 -0.0454553101364789 0.116923083814011
0.0064585418258629 -0.00515945019950909 -0.00476074531649245 0.108889115170383
0.00118715005544044 -0.00847211872341455 0.0111752419825559 0.11188289533151
0.00742188283151841 -0.0129608195659353 -0.00569044103141999 0.114878349867239
0.0171103901719341 -0.00169832749454597 -0.0432579954447419 0.105861989110648
0.0154293546622053 0.00403805406971111 -0.0873228399449342 0.0856852809622182
0.0173188381055477 0.0202804264155227 -0.15470950149405 0.0473264916184434
0.00994525822345087 0.0406709260233979 -0.202106088377809 0.0133898402155337
-0.022989480365889 0.048682401345911 -0.207899223155122 0.0552608667054477
-0.0435839479421771 0.0671148916288415 -0.128188922122007 0.058323945353192
0.00451048112229863 0.0477688119024054 0.0486778046672333 0.030753115037342
0.0205158141018083 0.021219220729873 0.0165630404690881 -0.114080368129137
0.0283241643732203 0.00761012597730557 -0.103580533326938 -0.122553509068688
0.0366771555839106 -0.00358529400959423 -0.164456198313521 -0.00465660509550008
0.0285503696478976 -0.0272681367315375 -0.113847684411078 0.0869021722760541
0.00675556508844009 -0.0360122601177682 -0.0476395338100009 0.10420230147833
0.00783104641046854 -0.0433000753386757 -0.00515690478251578 0.0978903739079686
0.00800034576570616 -0.0497477221263651 0.0179478113271504 0.0980923009808394
0.0411698094405667 -0.0527295238214425 0.0136548571056349 0.106544159865148
0.0733839618595468 -0.0124150053525677 -0.0169592623786406 0.111832862020458
0.0710794465201922 0.0334626068127491 -0.066225239500964 0.108247627497457
0.0246346736512307 0.0881966677748539 -0.139371636396153 0.0709264154209575
-0.0420418622185179 0.103077187100019 -0.178761355408489 0.0253784970747896
-0.0918704486023762 0.0848746146853631 -0.17527070168805 0.0478553680329361
-0.0990499841596616 0.0844289201361854 -0.102274107658004 0.0329650364483726
-0.0330415345787692 0.103126685403984 0.0669623353531687 0.0233312909394962
0.0308915148601652 0.0753247294587362 0.0412692834575328 -0.120195067480563
0.0743371526486729 0.0238479543065344 -0.0843546539524927 -0.140009196556297
0.0772797197728474 -0.0173456643494977 -0.155406551427777 -0.0227886158256895
0.053199138589206 -0.0581427694488019 -0.109118673459832 0.0635137193370912
0.0123406503388312 -0.0712657895450507 -0.0473208643374599 0.0774403553202534
0.00811409676990701 -0.0750551107967745 -0.00494664028961315 0.0733442160182354
0.0102149219323572 -0.0809126222309234 0.0250964887372284 0.069107608227035
0.0597614617947758 -0.086728965304393 0.0398306072006207 0.0823746443816649
0.11047116279461 -0.0336792972287496 0.025388725907856 0.103601518498735
0.120058619116306 0.0364197921876133 -0.0270827473668787 0.126746909596708
0.0506171008757212 0.13322457988898 -0.109290247282568 0.0983150789809391
-0.0653854927520442 0.153964246625795 -0.148496707924096 0.0337685151117042
-0.137570018980206 0.115664126679306 -0.124962678018884 0.0301802460108187
-0.143989394267017 0.085741502759548 -0.0513094247306165 0.00477883942239966
-0.079179441699633 0.142360959626062 0.0966645706805379 0.0129764906245183
0.025362835286039 0.127846004035205 0.076203349047157 -0.119438122283836
0.110484381617579 0.0510803813679211 -0.0493734261244041 -0.1509986303332
0.113040867414118 -0.0230868307312995 -0.127987726829229 -0.0458472846225537
0.0760019010145397 -0.0793180485848632 -0.0924464013874662 0.0284285654491922
0.0183742632107321 -0.0982802516475633 -0.0411033242316495 0.0385431246606001
0.00676177354687915 -0.0966099227127401 -0.00290745626209868 0.0381899138660979
0.00737693362452132 -0.0982241686360082 0.0311908730730346 0.0303759012084571
0.0624118195381195 -0.107221805366208 0.0619836888818521 0.0451678888208284
0.125462096843529 -0.0543257930908187 0.0668358723255726 0.0793410016052138
0.149162544960402 0.0221962976690466 0.018680012430548 0.130608002149387
0.0766393338914656 0.149318319264959 -0.0699196542122569 0.115148642228171
-0.067353696459386 0.179318745487617 -0.116372500553239 0.0345739975133015
-0.157151582321711 0.129895321114977 -0.0660515317310145 0.00523143602557141
-0.166461048496394 0.0700146173182724 0.0185656871449417 -0.0220226554312667
-0.119365402034198 0.152078255204314 0.133036818675854 0.000316866808175661
0.00333274809049009 0.161495047217403 0.112476822819164 -0.106973375415742
0.123527109864235 0.0792127668780202 -0.00223221136325651 -0.146537747597489
0.132009912169668 -0.0185318324669371 -0.0816053456431341 -0.0671892648835509
0.0887580070976167 -0.085677667285142 -0.0641465519151326 -0.0129586618484938
0.0222715767676235 -0.109303850561699 -0.0310055218586525 -0.00654151012683368
0.00377438516233724 -0.10385015264741 -0.000947947875202152 -0.00141798663519451
0.0027259133192121 -0.101173866712651 0.0339242743743498 -0.0111376821049017
0.0560215283452258 -0.109344660706707 0.0757930575493732 0.00456655302583235
0.120380155333613 -0.0639110348250455 0.0981695627275578 0.0465436642169384
0.151530497932214 0.00948853955380894 0.0572768665994352 0.11983564279325
0.0839089098799515 0.143901367560108 -0.0333689895854978 0.11767167854307
-0.0652323328322947 0.174030776910765 -0.0870568081798796 0.0272047145036079
-0.156908878915325 0.121644904359485 -0.00779003056161563 -0.0235054723627256
-0.156349742663412 0.0425100178359811 0.0942465157852641 -0.044195302214231
-0.135126707036469 0.126754847168333 0.16678982203865 -0.0105403395686015
-0.0218204210097374 0.157408390576631 0.140674826156055 -0.0847868726511023
0.107325656435645 0.0900519971975194 0.0414538433930335 -0.125507554369111
0.124780721172669 -0.00973192391185719 -0.0282508459899919 -0.0790829389717707
0.0847656441684013 -0.0758860227703253 -0.0302306808589827 -0.0535098565284964
0.0225340450689952 -0.101189667114463 -0.0193807795756309 -0.0516194575767997
0.00136221999477442 -0.0949378124134296 0.000845953897911867 -0.040467914879617
-0.000360892919531523 -0.0897536226773678 0.0353908334818683 -0.0499065885409367
0.0451505909901777 -0.095777272102428 0.0833216921556438 -0.0323612708653684
0.102501597000042 -0.0584961438665251 0.117940056031161 0.0161639231356539
0.133023182790812 0.00631438238930672 0.0816227637086351 0.103778904035201
0.0698248078244929 0.126729226609168 -0.00671261788025637 0.110604719180162
-0.0654226389541106 0.144721621838172 -0.0621493890259685 0.0167643082752642
-0.139540126319325 0.0911030861004991 0.0426138642985767 -0.0470680054593282
-0.114478747600172 0.0105096848661079 0.158981531035853 -0.0581183691452247
-0.116285084649724 0.0773105438183841 0.191221010644576 -0.0192372572188097
-0.0339021970126345 0.116930695863099 0.156567078695632 -0.0635118870192524
0.0718007015144312 0.0743713468120123 0.0727049954204732 -0.100056528845272
0.0911820321792953 -0.00347135237110747 0.0169780017681006 -0.0840942153266324
0.06270056594875 -0.0534585089751155 -0.00139330952666813 -0.0864024385651217
0.0168334312876996 -0.0750999383837968 -0.00983094522111465 -0.0868364635372559
-0.000412585739711948 -0.071385321379283 0.00135727812774055 -0.0720969028896644
-0.00200742158136878 -0.0669449135759347 0.0359415480310913 -0.0790026861262629
0.0325854156617858 -0.0717079959724319 0.088086091014496 -0.0605436117546495
0.0769773364317411 -0.0457082528960424 0.130405226453838 -0.00389000141883813
0.102180642776612 0.00896701045245427 0.0955443428247894 0.0919767458757833
0.0436311126198278 0.103105569114587 0.00944515969340007 0.102445429802648
-0.0643013784376587 0.100416903531847 -0.0437917006136374 0.0102081881080558
-0.109987799979759 0.0458155074401287 0.0821656372840115 -0.0592098280392758
-0.0506450779184531 -0.0220070208829999 0.197754025955555 -0.0662283272234441
-0.0679402888577905 0.0169222381223148 0.198039514710597 -0.0281031574524962
-0.0283609125591468 0.0535891070930219 0.160925810335311 -0.0525164458377416
0.0282431898391701 0.0367145875737438 0.0871320912492589 -0.0844195067816282
0.0393964079266118 -0.00218311088834027 0.04192844961254 -0.0897394969508767
0.0271586455935865 -0.0228256897863503 0.0119711229360917 -0.106140097048956
0.00714815883762973 -0.0355319815707721 -0.00611892601600177 -0.107346082757934
-0.00168708234156646 -0.036144814103719 0.00213580012131803 -0.0916697566642446
-0.0023989920586744 -0.0358453212359574 0.0373765438234432 -0.0969524263406259
0.0170423686255773 -0.0409119045453286 0.0920492496093865 -0.0778269294756951
0.0451863009092049 -0.0294026293249078 0.139902266425598 -0.0144432454140582
0.0652714407550418 0.0116776737273358 0.103733101708894 0.0871559658142612
0.0154785843702689 0.072173346533007 0.0156685559688347 0.0993307124511938
-0.0558746424561358 0.0480284783361964 -0.0327161752607731 0.00868726735342415
-0.0677367211958691 -0.00433655556557417 0.107608510670029 -0.05738008536814
0.00987428434199235 0.0355077168688177 -0.126460595159698 0.0733772102323328
0.0274792252809459 -0.00942135057258661 0.0436091975221016 0.0338723232422913
0.000323125975623541 -0.0228714944988908 0.00780797229088594 -0.104712632667485
-0.0172532145143689 -0.000116997821768793 -0.105107165889481 -0.106336739002678
-0.00170489363804645 0.0127566166747922 -0.158762411253114 0.00400641862285452
0.00568090142068749 0.00519914898540638 -0.108452757661736 0.0945516793320065
0.00379698263116036 0.00311912118472107 -0.0426383237896086 0.113281633028017
0.00605762876985083 -0.00559803199773834 -0.00413173754141161 0.106369344791146
0.00137343631333004 -0.00870472179546727 0.0117750272199494 0.108898330635922
0.00720732708598851 -0.0129120506128891 -0.00461812080561672 0.112336853719156
0.0169537042606414 -0.0021341993064192 -0.0426328690443767 0.103937287123738
0.0149488247462762 0.00410053691638232 -0.0856778064342976 0.0827946519244576
0.0173180321989545 0.0203190158564038 -0.151982143623279 0.0445566949166887
0.00894977442804996 0.0390992199506076 -0.196360125818153 0.0114596489928482
-0.0232781431542935 0.046279556143662 -0.20169174565863 0.0520611460861181
-0.0434395680372393 0.0654107533969843 -0.124661500784193 0.0567000828656284
0.00436528109407644 0.0464882876410039 0.0492031240308902 0.0307378262778661
0.0197706852009273 0.0206865818747592 0.0171312539788454 -0.11028613643992
0.0270650905293784 0.0067515564102389 -0.100213274917052 -0.119202452680609
0.0359550216484155 -0.0040524642938256 -0.159880843004954 -0.00546000044220987
0.0277205424459217 -0.0271050767787663 -0.110297653249478 0.0839542378126595
0.00692669921604459 -0.0351308716501627 -0.0454041665048053 0.101648417474006
0.00753853911009554 -0.0426248078477608 -0.00450832390601049 0.0950020561434982
0.00805677446587423 -0.0484024994440255 0.0180821469344127 0.0953467098919606
0.0397471283814297 -0.0518892803755568 0.0147335259426538 0.104652278467705
0.0717915687070027 -0.0128908415226308 -0.0170748438697689 0.109527646026582
0.0687929884826085 0.0324575204045611 -0.0647972992484576 0.104227300840474
0.0237758507453496 0.0863280324361769 -0.136620745293282 0.0676569271414633
-0.0410152139450095 0.0999861475209448 -0.173832865895092 0.0232584195539246
-0.0908224705149328 0.0806023756235495 -0.170201153851721 0.0464112986807261
-0.0975002462057275 0.0818167310278122 -0.0990526338912883 0.0320883139994483
-0.0319727821851703 0.100156167661812 0.0673157343037122 0.0237250786378225
0.0292988880644878 0.0728575371156535 0.0418599710169978 -0.115858734396044
0.0715035310054034 0.0228242817591236 -0.0807122749514738 -0.136506609321865
0.0749440030096812 -0.0174672639968147 -0.150153044502425 -0.0233523988803347
0.0518131408975648 -0.0568171875115349 -0.105925243345662 0.0610009384057368
0.0114037293873668 -0.069591748271349 -0.0458647322333702 0.0752495509448657
0.00741362305186288 -0.073719548883128 -0.00420288138948363 0.0714485963990297
0.00961619571136671 -0.0786913401528636 0.0255196511750502 0.0675609133218732
0.0573448124989014 -0.0848082433528011 0.0396545145336807 0.0802850266964393
0.108076327755659 -0.0341012644923229 0.0242002561255398 0.101986619429915
0.116763123269862 0.0349577722288142 -0.0269645907746927 0.123211150504792
0.0490370553287665 0.129699192711072 -0.10805430972486 0.0942302854249872
-0.0644635548892066 0.149790130019254 -0.144376575227333 0.0313926297314056
-0.134868341388882 0.110159857774546 -0.1218496851653 0.0297488281162621
-0.141677333672039 0.0821881093748671 -0.0491730700434601 0.00496419779812636
-0.0763369593036138 0.138250793636877 0.0960469000842274 0.0140144037133533
0.0235712239689845 0.124422188837969 0.0753337687548466 -0.114145787975235
0.107040906854324 0.04966529920264 -0.0461224626767383 -0.146731774766863
0.109585794442958 -0.0227940861528732 -0.122527625362787 -0.0456999411342124
0.0734129503836892 -0.077672456812609 -0.0896762843782065 0.0264066322655429
0.0171876980090877 -0.0954072319801242 -0.0407161653434582 0.0375979679893077
0.00571460649156787 -0.0941566190322107 -0.00265832030427561 0.036735926777824
0.00685432089236832 -0.0958599022511531 0.0305253912005193 0.0301104805314164
0.0600394649025433 -0.104816597080647 0.06116704089273 0.043999468308912
0.122244352786004 -0.0546569043521521 0.0648974065288828 0.0775631407336494
0.144268577421152 0.0208943898168661 0.0189161051582278 0.127252786530582
0.0741288778651729 0.145726121845337 -0.0692716596862594 0.111189266752935
-0.0663487499776003 0.175383183863716 -0.11344202305986 0.0326315894109547
-0.154624494205456 0.124411733270635 -0.0647587017134309 0.0054178656198894
-0.162833983967982 0.0668711600544457 0.0191819439458263 -0.0212961649891716
-0.115720308635434 0.148244955139766 0.130710984739219 0.00214217191458341
0.0025226215531139 0.157130471194458 0.111094933413469 -0.10212422754277
0.119454261421481 0.0766717268676981 -0.000905657048834662 -0.142130698170876
0.128129964369601 -0.0184872004730423 -0.0774995227624366 -0.0662286657124608
0.0862148313575275 -0.0840308259935631 -0.0625479491703959 -0.0139318536079629
0.0212173687285906 -0.105805215348336 -0.0309436197213692 -0.00706018500438267
0.00334505130267914 -0.100819485172284 -0.000508738777349247 -0.00207303749810272
0.00264665799670015 -0.0979367737477312 0.0333110742913899 -0.0106351015629855
0.0540795554629602 -0.106764881498979 0.0751789857116029 0.00447756507496791
0.117137405550136 -0.0635701703231906 0.0958817020225987 0.0452826105485528
0.146298555170894 0.00847329083627874 0.056244700446707 0.116083936572496
0.081328749027998 0.14000464193997 -0.0336771170201858 0.113195679649509
-0.0639003967286493 0.169943324982037 -0.0850646815171006 0.0251854230434981
-0.153233076631839 0.116211189594652 -0.00882570789133866 -0.0219956751434888
-0.153032771907867 0.0403734016770592 0.092991362123581 -0.0418680373655576
-0.131349855808287 0.123446257960469 0.163128063822712 -0.0091075092532968
-0.0216149685836806 0.153502783336519 0.13789295677783 -0.0806564744139217
0.104085181532648 0.087698604336617 0.0423615412611719 -0.121233606842585
0.121163784031498 -0.00934310395099963 -0.0246912617238523 -0.0778412841739441
0.0823433840677198 -0.0740992877423212 -0.0300404097542309 -0.053568834432039
0.0212376697155994 -0.0977721159630225 -0.0201952792251121 -0.0505797461819858
0.000916393668560519 -0.0919872187412387 0.000856651128817381 -0.039559961669183
-0.0005121132141222 -0.0868408771660748 0.0341559356141732 -0.0476557422908951
0.0435454963392295 -0.0933362729021584 0.0817137001283336 -0.0318644775214712
0.0992750404600408 -0.058353287717582 0.11429399566899 0.0160932270389895
0.128430624517847 0.00527268182959915 0.0805171833911802 0.101064596834238
0.0679587094467428 0.123062787871536 -0.00722324538815208 0.10683853565325
-0.0638361468654648 0.140677107076718 -0.0610758560638362 0.0158536443880478
-0.136128242781307 0.0868425178141326 0.0398304422925999 -0.0450213903733345
-0.111773547240235 0.00956082150700895 0.155522938017814 -0.0549509691445968
-0.112529777733801 0.0751852947847531 0.186201274696345 -0.0169247013691302
-0.0327318640273391 0.114109041794135 0.153080495653708 -0.0593838109116456
0.069938651033415 0.0729908713241836 0.0724386622046146 -0.095604240579755
0.0883203057768951 -0.00347905477539134 0.0193835243178719 -0.0827093390194635
0.0609950365966635 -0.0518618401508369 -0.00208925346234079 -0.0854148167827048
0.0157150887792197 -0.0729444525164997 -0.0114393956821749 -0.0850156004723664
-0.00109332014771316 -0.0689475714338286 0.0019390384946139 -0.0700423452243754
-0.00183833345828497 -0.0647519362658691 0.0348279041359751 -0.0769975123700546
0.0316989693678736 -0.0693803605396043 0.0862195222176186 -0.0590538347857271
0.0741909673407872 -0.0445396464458974 0.126760281233017 -0.00410297699648024
0.0982787370026008 0.00817407921807628 0.0932591761410683 0.0896592942079933
0.0422746880951387 0.100045078104083 0.00777576930044953 0.0989899397917009
-0.0631518474057174 0.097337462894275 -0.0431268161770879 0.00985845821139655
-0.107561480765081 0.0432426349244248 0.0781899476054034 -0.0566627798847204
-0.0489906157919382 -0.0215974191161115 0.193446815340605 -0.0631566859090091
-0.0657892826517255 0.0166142534521992 0.192510523739976 -0.0257721913832533
-0.0271915531875794 0.0520935975327365 0.157050962938977 -0.0489741282884407
0.0279369372191399 0.0359924656876082 0.0864346729676444 -0.0809024311892214
0.0380178512250972 -0.00207927493470705 0.0421819972155945 -0.0874824105128864
0.0264583076748378 -0.0218248657301804 0.0106126240446186 -0.1046389101544
0.0071168422729251 -0.0343484038379611 -0.0077223444473716 -0.104654243445498
-0.00242898029260921 -0.0352243628671601 0.00183290784879378 -0.0891616926298478
-0.00229075228503917 -0.0345359145510439 0.0358761286719905 -0.0942113331859283
0.0170668325709877 -0.0395859198203993 0.0896175449221585 -0.0755565278248012
0.0434640601673234 -0.0284274494396687 0.136082643542561 -0.0141146501166195
0.0619648840157735 0.0110709478376825 0.101804108403354 0.0846572137405004
0.0144134793778328 0.0700752201391903 0.0144631940406118 0.0959224642349734
-0.0550427747865921 0.0462128385151747 -0.0324786914531332 0.00839531302646759
-0.0664644483525856 -0.00429332429933082 0.103160886658113 -0.055237480385545
0.00972234236762993 0.0358148402716368 -0.12592972922488 0.0725470149217265
0.0271847877229477 -0.00966751482026812 0.0448481739090902 0.0344881033890021
0.000909183367911552 -0.0232280532002282 0.00861512282050904 -0.10395493368708
-0.0172719841375002 -0.000376640606737669 -0.103903784346717 -0.106115622118506
-0.00172896478412867 0.0118407046048105 -0.158253616586727 0.00258998418940192
0.00575693180451307 0.00471884887218874 -0.107533697062924 0.093336983752997
0.00367642862287784 0.00243872810646833 -0.0422212323095055 0.111656432280044
0.00616316714790742 -0.0062155489399322 -0.00369646031618312 0.105364124480725
0.00155587369287509 -0.00892305198432766 0.0120780391098044 0.10836114451479
0.00713563734077103 -0.012947314648238 -0.00449413362338774 0.112420161964557
0.0174374724805067 -0.00189707186345423 -0.0434329116214153 0.103867497630285
0.0150209860145155 0.00467379789651854 -0.0863757207716266 0.0799718471662483
0.0174512545175712 0.0202298191727235 -0.152507526715623 0.041838516260776
0.00884859454398246 0.0384410314543368 -0.194761423746628 0.00911903910065336
-0.0245240069730883 0.045176809424855 -0.200569209102348 0.0492004859171655
-0.0435084023850425 0.0645284077407982 -0.124395690186884 0.0556387711650071
0.00409876804005917 0.0457028546576627 0.0503462995691233 0.0313823457597953
0.0191367047189825 0.0203121366351809 0.0190184918824017 -0.10916692437132
0.0266785614799034 0.00650888419538758 -0.0980398348215374 -0.119363385075415
0.0352434052963349 -0.00460857362761088 -0.159126183016421 -0.00700199284463316
0.0274307432240643 -0.0276166662841985 -0.109353344408506 0.0828055139003928
0.00701686221164788 -0.034838933515542 -0.0448039936107697 0.100313488512846
0.00738378536577565 -0.0433795620580811 -0.00388238262849665 0.0950188145754823
0.00814643352023416 -0.0484931549981018 0.0185731874999624 0.0953368832763331
0.0393976804326322 -0.0514130488610859 0.0151356094773697 0.104397168249684
0.0711901424683026 -0.0130958287651702 -0.0175569401952378 0.109926224561591
0.0684851655707003 0.032138550270175 -0.0655188189917778 0.102528423172797
0.0234103141740062 0.0861417190007225 -0.137697071844983 0.0650384955899369
-0.0421779954084913 0.0989043841719284 -0.172323783747713 0.0211061737290627
-0.0913686209710743 0.0781349044015256 -0.169316187656945 0.0441080943073759
-0.0987507528203782 0.0804263585942118 -0.0979233255455987 0.0313595797437166
-0.032084719879644 0.0985053470630846 0.0680515606798623 0.0247348225677808
0.0283223946512156 0.072516827841291 0.043193287940318 -0.113864728046766
0.0700796843997404 0.0232068385958629 -0.0788312080188654 -0.136196053521107
0.0746050955487789 -0.0175353243082283 -0.148281694467887 -0.0248548865613906
0.0512883731959545 -0.0568144674404863 -0.105232829055981 0.0592538311026881
0.0115241782056693 -0.0690099565379755 -0.0455536485011156 0.0745350892100287
0.00707484491526237 -0.0735919219026153 -0.00349293870544262 0.071472193463244
0.00960499612252186 -0.0785151213705281 0.0254465088924123 0.0672917491690448
0.0572154165730523 -0.0843290224868526 0.0402988939751799 0.0801821988421319
0.10785273284124 -0.0347224211358565 0.023065679343116 0.102142103284974
0.115512587049768 0.0344111210675593 -0.0271800444271263 0.121719512939933
0.0487796664332902 0.129302846120156 -0.10960848698623 0.0918898134204911
-0.065258932800266 0.14928912904601 -0.143725535947678 0.029719534297132
-0.136175556911102 0.106474981888608 -0.121660572766935 0.0290865779042527
-0.142534263694258 0.0798146259022519 -0.0482046743129874 0.00467651969907115
-0.076374415383711 0.136988592088338 0.0969347759338262 0.0153598820372881
0.02237014352938 0.124477016595595 0.0769886183387929 -0.11130874942472
0.105267238048367 0.0497802350280047 -0.0440804687129636 -0.146221741922249
0.108731332750312 -0.0225122121268318 -0.120332245992702 -0.046848102915522
0.0727072045813129 -0.077511334744952 -0.0891392105902336 0.0248221972580871
0.0168900882422905 -0.0945033653056687 -0.0412272691773315 0.0367753192182677
0.00550789404782314 -0.0941299142871085 -0.00250034334172475 0.0367082069260023
0.00713307769085381 -0.0949840852519454 0.030740911787355 0.0305200035620302
0.06011102900746 -0.103992120883008 0.0619250053691863 0.0439295889119216
0.121467887282239 -0.0551207944472964 0.0646343304979797 0.0781890279216033
0.142630596509826 0.0206938617974715 0.0183784415316551 0.125922443747108
0.0736652573754164 0.144551230041458 -0.0706954856368687 0.108830828543949
-0.0671599655301896 0.173489772491835 -0.112374143583969 0.0306385943122162
-0.155334490122266 0.120543918369697 -0.0648667426063372 0.00546042110007426
-0.164142934557768 0.0645069248341219 0.0200723430620171 -0.0206103481941258
-0.115984691430585 0.14620605480826 0.13079579783609 0.00398361829410006
0.000987509484129821 0.156619668156716 0.112115058557244 -0.0986018572245499
0.117803832818841 0.0766322858487786 0.00168259805882996 -0.140584648014522
0.127907623560925 -0.0180802731730293 -0.0741128536901472 -0.0667891730883922
0.0856393855309082 -0.0831794258392124 -0.0626908224032545 -0.0155649096884533
0.0209980419534899 -0.104562936530783 -0.0320695451332623 -0.00719194655399239
0.00318933440189469 -0.100502861180242 -0.000659473338109816 -0.00191811671898403
0.00278348220227738 -0.0969845029157112 0.0333323041964776 -0.00981468573169047
0.0535754616420238 -0.106140894514581 0.0754516048983837 0.00413360102530873
0.116647968743827 -0.0633307731177312 0.0948761653578054 0.046337916514116
0.144473154668778 0.0083533113918541 0.0560916208593537 0.116103276167257
0.0802286003066857 0.138854535100262 -0.0355002584427244 0.111503767428261
-0.0650357776514035 0.168510889009324 -0.0842657655598632 0.0239935846177189
-0.153748917503463 0.112556619165887 -0.00981530812659319 -0.0210308383498344
-0.153696935564372 0.038713503928291 0.0935331293218707 -0.0398623201424568
-0.130736080276994 0.122023450280381 0.163506590338529 -0.00588424031965496
-0.0227592634734901 0.152650234142482 0.139273377871792 -0.076951159057866
0.102676839596578 0.0878466353085015 0.043978491090774 -0.119633635649558
0.120476466976198 -0.00892466837368653 -0.021882713358116 -0.077528189064132
0.0825813226144467 -0.0736996639425854 -0.0302771282025212 -0.0540837543811932
0.0208112478774351 -0.096692596139005 -0.0217640339219358 -0.0501437545269758
0.000461085743550518 -0.0913948736387001 0.00138052665376475 -0.0398339837703128
-5.37233021143146E-05 -0.0858374963762682 0.034128532693903 -0.0468822522224322
0.0437632480404952 -0.0923752376651957 0.0819271487285445 -0.0316350518967501
0.0984518069330354 -0.0581593314501917 0.114035889385745 0.0171411245162144
0.12588763620769 0.00536521199420631 0.0800823426664811 0.100685331828874
0.0671785991115311 0.122533544766041 -0.00895406431120479 0.104744586925856
-0.0650852856047839 0.139814917893662 -0.0612616306289172 0.0148520198863947
-0.136633287222918 0.0842286496080789 0.0386775861390087 -0.043288911252895
-0.112180863364459 0.00806133365299191 0.156366678094641 -0.0525491566376095
-0.112239283468538 0.0738514106367726 0.185785372924209 -0.0139578331052627
-0.033180148103314 0.113305400982374 0.152930597733877 -0.0559929359549827
0.0692085278575891 0.0727635813353947 0.0737447770137703 -0.0931392719458904
0.0875570051991672 -0.0031500126672228 0.021230873335327 -0.0823267332047249
0.0611381410152202 -0.05142745114058 -0.00260910257657953 -0.0853611516935125
0.0162435902122106 -0.0716234576574394 -0.0126750101989475 -0.0843574687169657
-0.00169288621311271 -0.0687822577102263 0.001729954412551 -0.0702174107582928
-0.00157826366275153 -0.0638217142899767 0.0351016594634522 -0.0753694676597634
0.0313645051463623 -0.068560937740891 0.0856833092986847 -0.0582744172870942
0.0735365729069355 -0.044557948483157 0.125725933249209 -0.0032790718525168
0.0964371022553036 0.00894578453296985 0.0929320221401541 0.0890642974191154
0.0417174023870479 0.099024685600062 0.00652929795916173 0.0975206783628138
-0.0634840504661181 0.0961659565148281 -0.0436386464567331 0.00920286678120678
-0.107326660415009 0.0416624681159647 0.0765847679343254 -0.054835331590554
-0.0488920987904984 -0.0220549374789786 0.193279491703247 -0.0600888083347841
-0.0650025739559693 0.0158575583561604 0.191667313665407 -0.0231290169894876
-0.0263098183503182 0.0515168563176326 0.157233361787441 -0.0465188266928101
0.0274935930120686 0.0359275308471899 0.0878208161854933 -0.0781207379562664
0.0376817992977847 -0.00191224596223274 0.0438484878184482 -0.0866946591418593
0.0266485985571241 -0.02094477788765 0.0101271907695223 -0.104425301098682
0.00701081124664312 -0.0337991234549689 -0.00894656884858967 -0.103892079467456
-0.00220063075790476 -0.0350215396552395 0.00212653893466847 -0.0884086296392736
-0.0018983942794664 -0.0338414945085012 0.0358921394393985 -0.0927485997469647
0.0172539662202596 -0.0396674185446068 0.0893244959616583 -0.0742128681029851
0.0431550322363068 -0.027975625011095 0.134529362307315 -0.0131463781481197
0.0608799759908081 0.0113689647553848 0.099644049355398 0.0844264126100943
0.0143554181800424 0.0691459312446678 0.0129125251233056 0.0948451500011064
-0.0557383163360213 0.0451427444539227 -0.0326973059503147 0.00821535574723597
-0.0659475900426732 -0.00504521985832417 0.101800614331211 -0.0537555370793045
0.0277334207000715 0.0250129496525295 -0.0546911779418071 0.133596821742939
0.0161597525036959 -0.0235124114310951 0.0589751883062367 -0.00141726349719694
-0.0140558590171756 -0.0198261960298397 -0.0545961741100027 -0.0899907968404945
-0.0151057641469083 0.00967507624270672 -0.148894447077219 -0.0234605466521003
0.00537312480582363 0.011034365597839 -0.125580852396316 0.0987204706881825
0.00751097994555631 6.72564657497568E-05 -0.0292179413853448 0.139654091728817
0.00513629326232716 -0.000963889266375129 0.0355697233117932 0.115419079099723
0.000599224114250639 -0.00876208821618968 0.0613931361913885 0.0864590718607002
-0.00385637136011891 -0.00823448977847237 0.0776833207872016 0.0794300690666844
-0.00121191972390501 -0.014685709139669 0.0654472930947495 0.0942288022623497
0.0136100113848706 -0.0119840865956517 0.0279238576317432 0.110766019583794
0.016001637607743 -0.00395278485047821 -0.0229134625318409 0.117528531633844
0.026651864386434 0.008056906105876 -0.0989847144529813 0.127970074213196
0.0285926652192909 0.0279307989375723 -0.153276136564189 0.129730599062796
0.00454110703530815 0.0550737435707258 -0.134637703812481 0.163732099294837
-0.00102291712131936 0.0787811646831316 -0.0608474570086684 0.122459991715013
0.0288620945135491 0.0339154981206728 0.0627129433141379 -0.00503975740411216
0.0260641199299063 0.00487620985717269 -0.0465402245610914 -0.100262128055754
0.0232970406080439 -0.00936112166444459 -0.151324877022766 -0.038945523189685
0.0258109628377193 -0.0241015716445506 -0.131503028941508 0.0893078370332816
0.00574726528538045 -0.0384036589461795 -0.0374001448303334 0.131562191694048
-0.0150054441528873 -0.0321550025836427 0.0253391061463622 0.108062169124402
-0.0210888023024371 -0.0393116753187751 0.0552754408273763 0.0782824759115305
-0.0226715568143511 -0.0448551838238268 0.0752769517431256 0.0647972076888395
0.000925755369326766 -0.0665840320551994 0.0768627363062911 0.075680889468269
0.0512247194055262 -0.0553610238846099 0.0530282070089131 0.0997633015410678
0.0769458560237417 -0.0133230230856962 0.00800006138777493 0.12245083349176
0.0741621136940581 0.0602488031245319 -0.0730795985913801 0.136968828632894
0.0254517365102683 0.110287007615004 -0.129385431380837 0.124054993866606
-0.0311752244600651 0.124791273752504 -0.112625229321889 0.137279405186976
-0.0377841258863969 0.122203596141254 -0.0529902625770244 0.0897698692910303
0.0303177676240501 0.0966876210595726 0.0737243542202584 -0.0176133369731426
0.0638718310661214 0.0423082662917767 -0.0272129396664595 -0.117698927779734
0.0676609692571879 -0.0209276150383913 -0.143813536244285 -0.0659776427348358
0.0495488586889422 -0.0567723658926916 -0.133774927782145 0.0670371579591071
0.00753997356318685 -0.0752910137164778 -0.0479219177807818 0.10864666154232
-0.0311027714783742 -0.061705454639006 0.00814001470779367 0.0880123597899567
-0.0393678967128143 -0.0635930300680765 0.0408577582768869 0.0591012139602562
-0.0398471865678215 -0.0694941739167685 0.0641490551996877 0.0386683478676341
-0.00560767146442357 -0.104747904636359 0.0824105280466396 0.0404241262695057
0.067942109994429 -0.0956982535276125 0.0806565062955595 0.0682662466047138
0.118024425130007 -0.0411300061325028 0.0512519497559965 0.114339046014447
0.123446069705004 0.0810171457318134 -0.0334576825638002 0.140188275769722
0.0387879834988058 0.166256444008409 -0.102449636345531 0.112903730736915
-0.0496519877252896 0.176098924086071 -0.0823892905576412 0.0926630444843899
-0.074733848391335 0.146638815991241 -0.0280907666444908 0.0412108988621728
0.0165330244288952 0.152133328955204 0.0910964367306027 -0.0400908002977767
0.0885223016601774 0.0874916395825955 0.00349721709181449 -0.134131495665356
0.110456222998657 -0.0196188853649598 -0.118766510405037 -0.0963155364059539
0.0742333785783584 -0.0807483091521611 -0.12349158323104 0.0308431364770234
0.0126395177793393 -0.104627922273625 -0.056316344195968 0.0710517650990864
-0.0426536787098084 -0.084713983927659 -0.012626124183001 0.0541498815376715
-0.0531317407407271 -0.0790349516697449 0.0215334168120478 0.0311792878557427
-0.0525809221989799 -0.0817262147852173 0.0455848299540563 0.00572489092564548
-0.0157411991961808 -0.122341029456165 0.0780852614810357 -0.00243157181998781
0.0660519424545997 -0.121306473173971 0.098517852579622 0.0233872820445542
0.131532939204868 -0.0692856982250349 0.0909256868889429 0.0903908682241397
0.154861349208357 0.0777291272698723 0.00778977946778017 0.130432131267821
0.0528859646373935 0.188746411417317 -0.0773967365355275 0.0939928207621796
-0.0560061083096632 0.198850633125054 -0.0511382948872747 0.0371471545274885
-0.100881871807646 0.145357194447198 0.0101433021991962 -0.0186999920468004
-0.00900333369435433 0.181349831403007 0.110886280464803 -0.0680337711860401
0.0914151594932846 0.12517603935996 0.0408304540596859 -0.142490075878472
0.136155584258735 -0.00489040754587487 -0.0765041031051621 -0.118841449313424
0.0919519594490825 -0.0880849393660366 -0.0982542903467768 -0.0130635856044107
0.0195731361000573 -0.11733851483181 -0.0588203813486377 0.0219047615631218
-0.0456034702774778 -0.0952716907216518 -0.0327988422985304 0.0135767745195966
-0.0592234493837997 -0.0823393358844741 -0.000596685317686133 -0.00151246586750462
-0.057209990665993 -0.0808231231469856 0.0228105097922188 -0.0281923396214648
-0.021769676956893 -0.119712410285157 0.0650430342245 -0.0430537034444137
0.0561999703192184 -0.125207031666667 0.103224275097938 -0.0211872285441663
0.125155755316385 -0.0809089338476716 0.115059671051317 0.0590754984615913
0.156848183320158 0.067870029260802 0.0381660575771765 0.110137730653112
0.0522156384277645 0.181996532396913 -0.0589863618157862 0.071537790449438
-0.0584637677982243 0.191385053016585 -0.0223199574646575 -0.0192712364935493
-0.10683767559009 0.117647419741928 0.0563887926712769 -0.0790754371591573
-0.035151934309906 0.169990540655608 0.128843960722158 -0.0954658306779948
0.0694719096692875 0.135883318756256 0.0747247893692588 -0.139945245794675
0.130492456004205 0.0123289193602488 -0.0283693231781666 -0.125891626608809
0.0909933068525884 -0.0766103159129188 -0.0625090507603856 -0.0533062503531685
0.022409199964519 -0.107533206475409 -0.0571548847874009 -0.0287646414191611
-0.0410813698064322 -0.0887219977274886 -0.0509244339300574 -0.027827237366148
-0.0557695605149193 -0.0738924513356069 -0.0227573119957642 -0.0326259299139649
-0.0529046188740395 -0.0697888649955466 0.00048927716697261 -0.0583402837687364
-0.0216673510031839 -0.102094554626837 0.0481103189043849 -0.0759799067816221
0.0449715925640873 -0.109456880764517 0.100937577734559 -0.0559657591065011
0.10806731234806 -0.0719654230528273 0.125448779791239 0.0321479566939827
0.134715116028332 0.0616674390089084 0.0557639095710831 0.0891266130815945
0.0339570184869571 0.157169454791947 -0.0449355118615467 0.0491100184075602
-0.0612562189120773 0.156050594356746 0.0034199487581593 -0.0665405492960026
-0.0884300357165819 0.0688469616592647 0.0967958432763024 -0.12856954514702
-0.0477652276882223 0.121231806466117 0.140584597967101 -0.116653245269807
0.0391266588595267 0.109170213639753 0.0964414848046161 -0.132214113379423
0.0953040690138876 0.0187390130897109 0.0103041638023751 -0.121576774489384
0.0681257104753644 -0.053144402551114 -0.029838532139852 -0.0821527721999166
0.0185978080474847 -0.077123647186984 -0.0537195467301439 -0.0691005453269487
-0.0304877719044695 -0.0657471540941541 -0.0647461069711068 -0.0605963696015792
-0.0432452562594777 -0.0539350400020144 -0.0411351229248464 -0.0568869561491167
-0.0407830030227405 -0.0511861820633806 -0.0172634585376893 -0.081821213332613
-0.0170959785316677 -0.075615314837598 0.0348360544911908 -0.0997440372994177
0.0335167734358772 -0.0827209434304363 0.0981921910095677 -0.0793989198844905
0.0854334112455751 -0.0519081199442056 0.129395118451749 0.0152006937136172
0.0987188711664837 0.0579728140653124 0.0636091079458688 0.0735117551418699
0.00721365168918465 0.121054003668964 -0.0329944201427502 0.0337378278769539
-0.0627844864423927 0.101985783481069 0.0285143272318758 -0.0972044017343888
-0.0525668900540132 0.00811032303109936 0.119884552827107 -0.161526151051489
-0.04238756263116 0.0480624830322227 0.139333749227528 -0.130382984071915
0.00890498101520104 0.0553766399638363 0.102746343566775 -0.128308495887869
0.0418831579346001 0.0123415259398595 0.028538920473486 -0.116926297298669
0.028752470836784 -0.0228636873522192 -0.0151966535201907 -0.0979135463631645
0.00870954739334131 -0.0328446466330548 -0.0557357398640354 -0.090068885462882
-0.0147540103441082 -0.0306661929419381 -0.0729027985504355 -0.0777435466489888
-0.0233162242414041 -0.0265628886046049 -0.0523771411152857 -0.0717758744041683
-0.0224967255514026 -0.0273929218355916 -0.0269951962590569 -0.0965338065266538
-0.0106490795002287 -0.0434100942832031 0.0276042522167478 -0.114308431806649
0.0188890227099311 -0.0496386828300304 0.0992860332877636 -0.0934069949788228
0.058707688053497 -0.0277042048690031 0.132253995583425 0.00624434883668219
0.056628226061028 0.0495521900729121 0.0682863585668794 0.0673479135274312
-0.017917385350928 0.0732015141169802 -0.0236173639591517 0.0264777773382394
-0.0566618991602421 0.0369865342819485 0.0500505995181564 -0.109348238941599
0.0295644025677937 0.0249637499371117 -0.051279903462245 0.138039751842343
0.0154067302257916 -0.0244056858941357 0.0619865424298941 -0.00426737237460666
-0.0143110483553795 -0.019495095590154 -0.05744698291245 -0.0910215232320067
-0.0152368539247149 0.0104296324328992 -0.152902211968853 -0.0195547591522611
0.005623275023907 0.011252359835684 -0.12617372768719 0.104830688550629
0.00727256862158873 1.53807129270665E-05 -0.0256819207670723 0.143515160394419
0.00504243880831063 -0.00147349734445962 0.0400524253250317 0.115796101376585
1.47418891345225E-05 -0.00920818327944518 0.0660687029673298 0.0858856796539283
-0.00414719403924043 -0.00889923372421384 0.0822416927008949 0.0777221879806158
-0.00172783083870416 -0.0155521393296556 0.0712378936120447 0.094592038416231
0.0135289466202848 -0.0129984827132388 0.0325432400340847 0.113082181166757
0.0160630436102099 -0.00460612270309686 -0.0223799531564683 0.120894156886321
0.0277154550387897 0.00730562016566816 -0.098934383368568 0.134028668690597
0.0290314962987619 0.0273932920472048 -0.152855669070208 0.135773880504087
0.00468295442659168 0.0566836033039937 -0.133742942097883 0.169531272761772
0.00108604662534553 0.080485566204152 -0.0579589917911825 0.126709645791414
0.0302909623782585 0.0336467495844596 0.0658664619648346 -0.00782107434249497
0.0265188048637444 0.00468626256648028 -0.0485144730875465 -0.101423467176002
0.0228393661116816 -0.010045925903903 -0.155903454368401 -0.0356270938757825
0.0246456556199424 -0.0254172424496149 -0.132239767638438 0.0954017353769319
0.00391942590772993 -0.039794283352507 -0.0344821452281584 0.134891908941368
-0.0163612546234526 -0.0323348493549747 0.0292522381651961 0.108830694533358
-0.0235771449551888 -0.0392231654885417 0.0593826797035912 0.0776869206758455
-0.0247304667894432 -0.0444772395468656 0.0800168636402098 0.062874607991814
-0.00155082404042881 -0.0690474615878275 0.0817828914715545 0.0747912629494352
0.0502212852295089 -0.0587793234939353 0.0576410387083794 0.100743593157768
0.078090648629798 -0.0161258751685039 0.0100536759296474 0.124398988146211
0.0777440993868354 0.0590013099648426 -0.0724723738193824 0.141992221647236
0.0285515887183205 0.1122427002012 -0.128621444921408 0.129848270271639
-0.0303222710963222 0.12845500323364 -0.111063401734458 0.14267917288804
-0.0360982842618037 0.126494299777189 -0.0510203529376974 0.0934011249199427
0.0337283036680482 0.0973070553909096 0.0766679261945104 -0.0212706295715759
0.065631904583569 0.0418274145486831 -0.0291376821173174 -0.119147105674811
0.0677719360432577 -0.023341366253532 -0.148118796070546 -0.0639083493211177
0.04836899616603 -0.0596731546060157 -0.135005432196253 0.071500832958089
0.00492596497351595 -0.07768950733277 -0.0461307569815746 0.112262423717515
-0.0345242572060682 -0.0613326675262691 0.0107318317384467 0.0887655752574016
-0.0429393609917224 -0.0636822434917345 0.0441960333310199 0.0583363654585821
-0.0432707325673146 -0.0696106875627064 0.0678700175887056 0.0368897490176718
-0.00907245326557167 -0.106592122576622 0.0863706540445556 0.0382297793081157
0.0655261701685066 -0.100814430807263 0.0859420308625153 0.067749846525457
0.118214897175343 -0.0451093379414696 0.0547769887272679 0.115300186199906
0.128408035771994 0.0789728267593819 -0.0320254795352184 0.144190411694298
0.0440958140285582 0.169507628801793 -0.101668807146573 0.11711208467298
-0.0484003229983061 0.181438339545779 -0.0814695632190297 0.0969751683898654
-0.0736390895784012 0.152323078539614 -0.0275691741087135 0.0425687186686199
0.021277807579682 0.154782571296087 0.0936422686509875 -0.0442479132487331
0.0929334170221928 0.0874103807495505 0.00322353452732994 -0.136484126335827
0.112110308710946 -0.0234501831327173 -0.123584670773428 -0.0946370379525586
0.0730339059346747 -0.0856455079658373 -0.125479454768375 0.0345550435678511
0.00932206619110281 -0.10770771979274 -0.0555711227213325 0.0739822100323681
-0.0458364644477952 -0.0847591176091644 -0.0112549767052787 0.0565398792948649
-0.057459873223772 -0.0785945466344204 0.023021242599711 0.0300114135989465
-0.0564281079936048 -0.081211844091423 0.0479607983380916 0.00379291360107191
-0.0203581674488709 -0.12445544855897 0.0800304848544052 -0.00618422169249071
0.0626779269982142 -0.126790709840686 0.102581081118913 0.0216004898022813
0.131538052404877 -0.0749353566813347 0.095237966583528 0.0887358413419303
0.160689638077925 0.0744197514940295 0.0100543690542718 0.133095708525434
0.0595263718174038 0.191559298760519 -0.0768711844959441 0.0977512839976807
-0.0538579515244271 0.204793096604078 -0.0505506455383001 0.0394400203984944
-0.100762646149296 0.151804064829196 0.0106165823213468 -0.0200388054201617
-0.00443740150648865 0.185481854836421 0.112634273637635 -0.0727091164339164
0.0965889895907456 0.125948284640906 0.0403295693581859 -0.145956360704952
0.138851613557917 -0.00891180065536624 -0.0809736494933148 -0.119840860075959
0.0909610442384322 -0.0930209914424752 -0.10038540550435 -0.0120735010735056
0.0160245486348129 -0.121007840611419 -0.0607888135884685 0.0238059976227397
-0.04985354981974 -0.0949127455025248 -0.0342680827694791 0.0160364974412903
-0.063072343832434 -0.081643473463026 -0.000835233475252965 -0.00199303541091
-0.0614278157106281 -0.0799561727134159 0.0236451128501745 -0.0295964698717338
-0.0261239308943852 -0.121620336147005 0.0648766762561814 -0.0471711450802688
0.0527211813800712 -0.130307708227433 0.105649329061196 -0.0237790749458445
0.124553469137523 -0.08611648426813 0.119631996018581 0.0560051612481049
0.162804171610048 0.064119388827431 0.0407428018567585 0.111188579463071
0.0590685723700919 0.185019140009199 -0.0590579330070925 0.0733915538030803
-0.0567130616800387 0.196299349792373 -0.0230000027453903 -0.0180676230096886
-0.1066575538801 0.123782740076867 0.056734912955773 -0.0827115527014309
-0.0311272463002566 0.17459612112154 0.129578811185546 -0.101037435166392
0.0751994390897349 0.137002170652986 0.0744761367413485 -0.144103365831973
0.133774087390035 0.00837099820263931 -0.0305400011501431 -0.128299618200062
0.0903302968719896 -0.0818855903428702 -0.0642513448942104 -0.0543602292514348
0.0195833976802693 -0.11052677017439 -0.0601426658777327 -0.0274228274149129
-0.0450057706757406 -0.0886092922650149 -0.0540094918688859 -0.0246417478200943
-0.0592770630076109 -0.0727985668220185 -0.024547407254018 -0.03236568187197
-0.0558630988769786 -0.0690269124185166 -0.00108606705001089 -0.0595683360856965
-0.025787356564796 -0.103908614421093 0.0467800511640636 -0.0795890117733175
0.0419936671997201 -0.113265688175718 0.10155501876003 -0.0599748319630776
0.107074449791451 -0.0761888874319551 0.12921968231775 0.0279215881430739
0.139451136269428 0.0584588903465887 0.0576318491293805 0.0890164286226668
0.039167274677969 0.159285944753979 -0.0453844180312905 0.0509933079534167
-0.0595152800768228 0.160412471390515 0.00189498291720386 -0.0664063302705503
-0.0889083644890807 0.0729405230500282 0.0958501264049974 -0.13449970373982
-0.044736474400952 0.124073611409655 0.140725125375 -0.122446101336574
0.0427870321055234 0.110140519968125 0.0964176255918207 -0.136892711521567
0.0983530863584899 0.0156391209123939 0.00940657610616098 -0.124201510020429
0.0676187774540249 -0.0572155783927289 -0.0317362235788036 -0.0850129336538801
0.0162838140640085 -0.0794543675496224 -0.058503723154989 -0.0691012102008072
-0.0331218163541001 -0.065692092998639 -0.0688196542475958 -0.0579216667104879
-0.046180221249547 -0.0529665425128274 -0.0440433376876059 -0.0566932440767037
-0.042938858477979 -0.0503910249878568 -0.0198346871589801 -0.0830685305177369
-0.0195333385066988 -0.0767257503959319 0.0323710095647973 -0.103378236940648
0.0307764537312877 -0.0845330853825877 0.0981387494975728 -0.0833977090875287
0.0848937790925348 -0.0547617171645917 0.13289381359746 0.0109491926354406
0.102556766386937 0.0556652429693199 0.0661698296598709 0.0733810948980075
0.0108523493022942 0.122817464123119 -0.0329311587475756 0.0350933968558946
-0.0617218893606868 0.105429472038725 0.026041538037253 -0.0986298525509642
-0.0536607853368746 0.0103927499168897 0.11881265954576 -0.167763645983849
-0.0419447508662051 0.0501694426807901 0.139007053458488 -0.135675365479331
0.0114423856755851 0.0556239672831986 0.102808399103158 -0.133405698945545
0.0431336077826818 0.0107607919078686 0.028550777693895 -0.11992724245252
0.0286565679993951 -0.0247862432667001 -0.0172656678848677 -0.101037172164154
0.00860136530422281 -0.0336256486304428 -0.0607184193567322 -0.0905406417527218
-0.0157023029286481 -0.0304374972705485 -0.0777806427646162 -0.0755078548491306
-0.0250488463414888 -0.0260999643606756 -0.0556776385622413 -0.0712379011494327
-0.0234041095440847 -0.027207152532397 -0.0307458732490033 -0.0975555529016203
-0.0128430465902801 -0.0440672600594899 0.0246208521740591 -0.117735051694643
0.0173571948662336 -0.0509363298605716 0.0992251557952238 -0.0974311811301614
0.0581699280293788 -0.0293809494245632 0.134889429801686 0.00251356766993116
0.0591647207419637 0.0486773877073447 0.070245304121876 0.0670003179600248
-0.0163951196646797 0.0750509450556799 -0.0234767001538784 0.0280384956885158
-0.0568777088299111 0.0390809938863166 0.0477919104228775 -0.111822384781039
0.0308619614650899 0.023295797870855 -0.0436436907352077 0.141780692508168
0.0138619135955417 -0.0251264542750991 0.0637274797537966 -0.00852104469556655
-0.0157095416066742 -0.0187318832971296 -0.0612686325776338 -0.0891095338787317
-0.0144690563653167 0.0114037468931432 -0.154004917922326 -0.0115762441617576
0.00594200283982312 0.0110770600894378 -0.122244031417272 0.112962230101353
0.00700815526455236 -0.000647895223429523 -0.0179721560943864 0.145302225628526
0.00482887294940286 -0.00222176826984696 0.0464536374231919 0.112946964238518
-0.00107380149992843 -0.00939635906885022 0.0710384758727653 0.0822922798377951
-0.00516033910808175 -0.00858040858307118 0.087809518101137 0.0724398031546788
-0.00289129562722799 -0.0157359753284598 0.077052974025305 0.0913619884140706
0.013318504904313 -0.0144313665138163 0.0384116759959133 0.112851228197108
0.0163106622862613 -0.00533732514011968 -0.0185691032419619 0.122279719099316
0.0282130011204676 0.00594612941841729 -0.0949797994038215 0.140454055143431
0.029944795982123 0.0262863874323611 -0.147696444115774 0.142048654685272
0.00657200368183765 0.0577420137280097 -0.127862594488514 0.176319499503629
0.00445253787522169 0.0815672043408219 -0.0513603201521878 0.130313180218231
0.0317057217477819 0.0323352641839937 0.0676416703135996 -0.0123265437778745
0.0266305416625448 0.00394930712827043 -0.0527720671979163 -0.0995718055109271
0.0226093614419706 -0.011024005977079 -0.158087648465103 -0.0285138234955496
0.0234672597828907 -0.0270581005331639 -0.128145340232417 0.10334295196044
0.00178732216679236 -0.0400999370837449 -0.0276913940738962 0.137360716904336
-0.0185931195230123 -0.0315904343804729 0.0353225597914331 0.107300172621394
-0.026033787895665 -0.0382900634977606 0.064131186598182 0.0737187006512708
-0.027972567283306 -0.043377305073946 0.0844264456598803 0.0579135849631658
-0.00527197400766158 -0.0694329443152688 0.0874279007136721 0.070402943956505
0.0469197914687385 -0.0623939590359512 0.0638092972924278 0.0993263479296019
0.0777593261347274 -0.0200212414750294 0.0149982432435255 0.124496486247978
0.0809749609702867 0.055801025850432 -0.0676067920017343 0.146782530865477
0.0335056982308752 0.111535722037366 -0.123540329176759 0.135538727515353
-0.0261617094473094 0.131109987571577 -0.105311735905425 0.148710920221287
-0.0313741378650753 0.129352479150036 -0.0462036638030802 0.0959612345156523
0.038567233752363 0.0967124106598965 0.0772282920459021 -0.0261283690446208
0.0684825141878063 0.0390664612091271 -0.0328107692411328 -0.118394367603557
0.0668907697103838 -0.026349355854872 -0.15196744623824 -0.0568968122144425
0.0450857864468475 -0.0632947155633618 -0.132146726972037 0.0792061645875012
-0.000298593498977767 -0.0781137664060678 -0.0413990306959743 0.115142850906977
-0.0377463679273152 -0.0594170037057651 0.0155800267790858 0.0894090624560712
-0.0470906983916123 -0.0614893769516014 0.0481310123918944 0.0558535526014136
-0.0478867378600913 -0.0672346381782819 0.0711269119081337 0.0320875725392016
-0.0160067724746902 -0.106908327846511 0.0894781705837524 0.0328323844594083
0.0598057214156477 -0.105442340286705 0.090435610832581 0.0644091464427282
0.116286314661087 -0.0516680244104132 0.0603422426072384 0.112301979928146
0.133404594604929 0.0725792815533295 -0.0264413888201039 0.147290009497529
0.0527824086536646 0.168535613664553 -0.0969696705312782 0.121704659810322
-0.0422345420869529 0.185362641988883 -0.0773106736633702 0.101872548756071
-0.0675454362380781 0.157633657317604 -0.0249968521470389 0.0435888991856972
0.0294061009708842 0.154772706975809 0.0927787898681937 -0.0498478849457768
0.0978237662961775 0.083676737605957 -0.00159645992308694 -0.137211678395004
0.111266920258846 -0.0286293507427072 -0.128215726162887 -0.0899907988350234
0.0683924869361399 -0.089983147410352 -0.124075457022683 0.0399749912175749
0.00290652778411247 -0.109122754665161 -0.0528609458630391 0.0768758563639785
-0.050860835247652 -0.0815142005472186 -0.00867904904988089 0.0575654644370862
-0.0626585943250132 -0.0752044581570765 0.024787536286958 0.0285450165496586
-0.0612254712877761 -0.0777321666292282 0.0492048682804324 0.000436527901310592
-0.027704509844983 -0.124443625981106 0.080792025329263 -0.011431004587803
0.0556104479424106 -0.131639899587466 0.105304215106218 0.0166572886013457
0.128072953403851 -0.0816284305057163 0.0999226177350663 0.0838801534097837
0.16562251848098 0.0662500865092434 0.0151646511679061 0.133569033203994
0.0698734371915276 0.190130796525915 -0.0734569352970288 0.101141257811374
-0.0466093718489168 0.208576933131346 -0.0490861543692031 0.0422896637342326
-0.0952231601696324 0.15863500905736 0.0101958711554975 -0.0211203023924419
0.00537538655382176 0.186399686660545 0.109860074849576 -0.0793113594461541
0.103572216241792 0.122260443189211 0.0359019830394639 -0.148711241953168
0.138941541912102 -0.0158839176382622 -0.0859709987892593 -0.116899787403792
0.0863216636395002 -0.0990075199554021 -0.101289713023325 -0.00799014713831788
0.00913767826796409 -0.122729377494764 -0.0606323048591655 0.0270492658037688
-0.0551803954217274 -0.0919614401788599 -0.0338835476202282 0.0192547413602551
-0.0683376437294747 -0.0782106416204533 -0.00110956306117827 -0.00243245077181182
-0.06523776750861 -0.0766228171831695 0.0224387961759756 -0.031897036818182
-0.0332538836822791 -0.120912881923571 0.0626614590638481 -0.0520539567884606
0.0460810900411903 -0.133676030058977 0.10606628389333 -0.0291459821700112
0.119649632190672 -0.0924582051620415 0.123027127630507 0.0498922632573046
0.166312677208957 0.0559939084168626 0.0450882658790039 0.110351079363729
0.0685236682770655 0.183530024040582 -0.0564127686680776 0.0764259968295166
-0.0492426464000667 0.200114832951313 -0.0238421256255346 -0.0163394405066866
-0.10199267736218 0.130433334350612 0.0534852486466186 -0.0866987738823824
-0.0223320694315945 0.176757552230282 0.12576627315502 -0.107342267239519
0.0822988308418413 0.133699629621746 0.0703641621789137 -0.148441796336387
0.13485153108011 0.00144154520629355 -0.0365259937992207 -0.127519947989794
0.0860208153963987 -0.0876260895070476 -0.0666156515206804 -0.0526233045726791
0.0131797950437119 -0.112862023440016 -0.0629507039941178 -0.0244914400511317
-0.049633268984878 -0.0862497068838926 -0.0557052502599669 -0.0206045623521719
-0.0635253517043749 -0.06897917903494 -0.0267262932524456 -0.0318010148930187
-0.0595746564847218 -0.0654291853201961 -0.00312921461447541 -0.0603024614005082
-0.0310563512986826 -0.102926739573179 0.0424266518605099 -0.0839540175936158
0.0359227532268608 -0.115742363003541 0.0995967911075966 -0.0650790664680867
0.102801364249408 -0.0814860228398687 0.131394474099818 0.0217530343130633
0.142893700280336 0.0514160652228064 0.0612001290221007 0.0864630473468942
0.0477767027500096 0.159026818336936 -0.0438593409799422 0.053096476761749
-0.0533903113069392 0.163559182992327 -0.00151519951642919 -0.0659338266111418
-0.0868305259859479 0.0786235383339475 0.0911874515860166 -0.140336558139469
-0.038831682529306 0.127739148409085 0.135789138079759 -0.129306612235383
0.0489697858822476 0.108455367498653 0.0922624943213168 -0.141847223508031
0.0994500765579633 0.0102983749446364 0.00494179968180277 -0.12585911137899
0.06431577069202 -0.0613431694191551 -0.0354414051032757 -0.0852918697853086
0.0122612762751696 -0.0819040691799595 -0.06323002905837 -0.0662134387084808
-0.036762062219949 -0.0634734604172558 -0.0726696218828648 -0.0529275329433467
-0.0489237595737161 -0.0503303187204673 -0.0474309177330091 -0.0540496778792595
-0.0449530678805077 -0.0483349432858218 -0.0236458131264552 -0.082744093705173
-0.0238209996563359 -0.0760015535133393 0.0270456695275239 -0.105933646202752
0.026849631328999 -0.0866061902059825 0.0949336960499893 -0.0888693404420843
0.081853345947549 -0.0590965318609855 0.134084682316398 0.00411503350225461
0.105549063795362 0.0505935511253301 0.0690953445984055 0.0699177876879965
0.0167310588959043 0.123123543034801 -0.0320355501758747 0.0369317465379191
-0.0577223110373555 0.108773058956326 0.0207906130401017 -0.0991431949218183
-0.0531362639435444 0.0132822972616345 0.112638480106601 -0.174975565858062
-0.0396535497266657 0.0523659085936889 0.133423122679136 -0.14143154126093
0.0141252406227226 0.0543194566696224 0.0976361983701507 -0.138377015498293
0.0437130023412071 0.00783224458975511 0.0246365049266022 -0.122427595210446
0.0267937576553042 -0.026794325759232 -0.0215880366770249 -0.102411502299338
0.0067059534622692 -0.0348187510901179 -0.0664088567368547 -0.0876660196116648
-0.0173729737794163 -0.0296180721484275 -0.0826727220426902 -0.070241099169242
-0.0264811364182489 -0.0245404332909282 -0.0606104312320443 -0.0682634971393403
-0.0247308097385223 -0.025779537388081 -0.0358520895157286 -0.0969346252511053
-0.0144259390486663 -0.0437848288463531 0.0186249559920806 -0.119489220460142
0.015710208827199 -0.051615108994943 0.0949830368714732 -0.10333338820987
0.0563828277550447 -0.0325176546530144 0.136101960884042 -0.00363886046980456
0.0614380201928371 0.0458673392247296 0.0733836744217075 0.0638335423288653
-0.0135680613475767 0.0766093239442462 -0.0229375657751114 0.0295476754660891
-0.0551668177426611 0.0418044204786896 0.0413854682071193 -0.113237306928315
0.0312794747719139 0.021311276305056 -0.0347757650016463 0.141114357803491
0.0117207571380815 -0.0254938794113716 0.0632468262041048 -0.0137096910503303
-0.0165453404546552 -0.0177504454153611 -0.063907916019315 -0.0849154556487072
-0.0137781407110085 0.0123837044781032 -0.151871567775866 -0.00380753010977134
0.00689086593431562 0.0106549016907262 -0.114052014277864 0.118003816049601
0.00659475483461231 -0.00103163502844391 -0.0101008476845998 0.143587779100236
0.004538279858292 -0.00261004284751587 0.0518230538175141 0.107603749016775
-0.00187586015162816 -0.00876639855550716 0.0743453414171395 0.0762562461866168
-0.00567880756114537 -0.00833223617263614 0.0901693670808555 0.0652581575583621
-0.00385783992400968 -0.0154686018212326 0.0824662881507092 0.0856281657482084
0.0119851666888083 -0.0150180519136278 0.044185798947278 0.110112537459497
0.0160277963103058 -0.00589290478363931 -0.013822178620542 0.121146493382108
0.0280551938393799 0.00401467316096053 -0.0876809163287938 0.143747642147067
0.0298716806210446 0.0243215142455231 -0.138102626145132 0.145879497975429
0.00897161666937864 0.0573415372735573 -0.117427075301082 0.179151192897621
0.00769546055499432 0.0806444322553921 -0.0431346321387782 0.130606422211382
0.0329180912668136 0.0303104715724047 0.0672419960743141 -0.017073100672018
0.0262017873775164 0.00226732275388369 -0.0552232946901621 -0.0958549224645205
0.021362907463141 -0.0117163815526652 -0.156060064498475 -0.0200320858683309
0.0210374800703341 -0.0278861068323436 -0.121266206395443 0.108774556138249
-0.00147624277827817 -0.0389404768738304 -0.019533520000494 0.136176315008439
-0.0200130414827755 -0.0298499120579754 0.0405707714767584 0.102520192737457
-0.0284207951183988 -0.0362280066478974 0.0672358180242244 0.068393048966717
-0.0297334480196676 -0.0409021665757808 0.0864936145499321 0.0510664124350931
-0.00967095151394561 -0.0678619475428712 0.0907548860956387 0.0639650828558556
0.0431282879912984 -0.0644599707053649 0.0688893324649439 0.0948332408747778
0.0750288556485056 -0.0237159896523616 0.0191702688149229 0.121913663328545
0.0830206937425026 0.0503444363828788 -0.060220529606131 0.148584942979036
0.0379491644497527 0.108303515375705 -0.114625396571763 0.137790112979003
-0.0206062768008751 0.131844876007142 -0.0969583762207323 0.150497281966211
-0.0247619397646496 0.130064711840307 -0.0402819891030302 0.0962392676400882
0.0428231989126132 0.0932134557133968 0.0761482611428076 -0.0313220456412196
0.0697132862858216 0.0352592437953984 -0.0361502597899187 -0.115243352527472
0.0644493338858801 -0.0292283686464065 -0.151882382695823 -0.0490332603174846
0.0405609307837894 -0.0646312354447024 -0.125929806048827 0.0842983462465234
-0.00494298410552804 -0.0768414194637304 -0.0348648862638982 0.115182136646189
-0.0403667397396631 -0.0559479892737933 0.0205544675162652 0.0864925971858327
-0.0499105200107229 -0.057165421522327 0.0498017727135057 0.0510911435974504
-0.0504307146645556 -0.0629076221294623 0.0719722460479779 0.0260353445418848
-0.0218212092070064 -0.104645698606227 0.0903848792963519 0.026911473443577
0.0530961486782955 -0.107736329278194 0.0933184871954354 0.0586600633231491
0.111533079194076 -0.0566794321782779 0.0634293030564789 0.106988047447997
0.135513158689107 0.0643597330071116 -0.020233676187141 0.146994826416265
0.0599396100918958 0.163522598874978 -0.0896539018551722 0.123473918898656
-0.0345961121988866 0.18566459408217 -0.07157928497788 0.103302481847113
-0.0598150048020596 0.159887034827067 -0.0221102574390831 0.0437668260404753
0.0367380685409676 0.150312404413397 0.0896588566365654 -0.054313736092236
0.100720557182724 0.0781404242181143 -0.006098764184244 -0.135333705593483
0.10743878866278 -0.0336920978910477 -0.130330167341959 -0.081973398802788
0.0619006631667027 -0.0923306773299892 -0.119867332262867 0.0450886941829527
-0.00395963365861766 -0.107709651361204 -0.0488328871255031 0.0784323281676604
-0.0542436095914345 -0.077197074752285 -0.00502443623760467 0.0582257066584777
-0.0656150079084372 -0.0700798366007605 0.0255409680204049 0.0259577043089844
-0.0639367537569847 -0.0725820053477401 0.0494076204887787 -0.00352030647472387
-0.0346405479805175 -0.120534850356924 0.0786533996595688 -0.0166521769527017
0.0471756530517859 -0.132981848598493 0.105888750421702 0.0108704747949405
0.121153183755472 -0.0871167552042644 0.102056079987817 0.0768000086982779
0.166652879129567 0.0566112392955777 0.0202129089013653 0.131402905069858
0.0782130469480023 0.18343649024947 -0.0681485479875266 0.102482649767581
-0.037646887621719 0.208987843947597 -0.0459206655445375 0.044376911726263
-0.0858208104083117 0.162247293051939 0.00960280139576418 -0.022151251782928
0.0151265320649749 0.183327166957347 0.104587759659331 -0.0835485238501509
0.107932915957704 0.115460373485816 0.0303697853177756 -0.148031985425468
0.135808460834524 -0.0229407591919931 -0.0897092121059924 -0.111058036353309
0.0786276044346967 -0.102568159434325 -0.0994785347173244 -0.00379291237683936
0.00165927855439995 -0.121583451256615 -0.0593010473543289 0.0299176634356861
-0.0585678482742602 -0.0865821958035541 -0.0319205922828187 0.0221023738357839
-0.0714914547235639 -0.0721094980060907 -0.00180542314742291 -0.00236692959387115
-0.0679006912456582 -0.0704966487123939 0.0211186824538984 -0.0335117224542504
-0.0398900092980333 -0.116760798725736 0.058494472428908 -0.0556517152293397
0.0371010389634072 -0.134504184458728 0.10385911520879 -0.0343361038403869
0.112268860211975 -0.0965279471716691 0.123346978177022 0.0416892356479565
0.16722079326137 0.0459712779930299 0.0484201718284042 0.106685360945377
0.0772227265659035 0.176835609510784 -0.0526770197651829 0.0770954483128869
-0.0402033425138487 0.199965287495918 -0.0244199785359611 -0.0141704301868628
-0.0946075118331606 0.134436646422358 0.0482368640184508 -0.0882572421676689
-0.0126153492577581 0.175298679351877 0.118540729784047 -0.111700882097627
0.08844078785622 0.127692233882249 0.0639472229987377 -0.148816697465448
0.13289156619611 -0.00525718098635118 -0.0408425555716547 -0.124023141440882
0.0794752984593673 -0.091168370842093 -0.0677319562432508 -0.0502344677862422
0.00623552122444567 -0.112519052276062 -0.0640130481131573 -0.0211197457292424
-0.0532046895413689 -0.0809940506864065 -0.055989175425521 -0.0151838386250126
-0.0666471175482182 -0.0639177692489973 -0.0281600645113912 -0.0299968211791942
-0.0614212432749363 -0.0606652080786458 -0.00615626468357165 -0.0594673412570604
-0.0365009185842992 -0.0996059413566391 0.0367239243192184 -0.085414604875619
0.0289020938013697 -0.115979762724351 0.095871707817163 -0.0692750778051721
0.0960486595832837 -0.084902126102691 0.130425620047493 0.013568108063063
0.142839258565586 0.0426835911431061 0.0634170460674481 0.0819329726992403
0.0549611948587496 0.154018607663443 -0.0408473243795823 0.0544775207121788
-0.0455949583751994 0.163930201597486 -0.00481682915782045 -0.0629177538596248
-0.0812580524100567 0.0820471089107105 0.0829060688486252 -0.143177689145875
-0.031200991837898 0.127040480852582 0.127299829778484 -0.132252609713843
0.0539437371815302 0.104110260777081 0.085392298209238 -0.143498299888012
0.0976938367259774 0.00463065153092177 0.000335913031124128 -0.124731400393841
0.0591846570046099 -0.0638391549309475 -0.0381834072998294 -0.0839398819738388
0.00691075396441599 -0.0814587635712908 -0.0659138111233498 -0.0618443036977541
-0.0391758361768541 -0.060575250323731 -0.0742617779922406 -0.0460583914947644
-0.0509927612359895 -0.0464387231678736 -0.0498008445686548 -0.0504000205851932
-0.0467605284976135 -0.0444618185687946 -0.0280310608621388 -0.0802253257101341
-0.0271100616848107 -0.0736863599106595 0.0206256990297509 -0.105921342863565
0.0217679798569936 -0.0862371416511349 0.0896689045744887 -0.0919361783659445
0.0769058520907635 -0.061392666832873 0.131804371456197 -0.00386323627136011
0.106171653155512 0.0434170642029936 0.0703254458114644 0.0652113169959911
0.0227621286092801 0.120048824138314 -0.0310749630470207 0.0385823747198373
-0.0516981785509185 0.109938084696459 0.0150461276295984 -0.0970753443622758
-0.0517768260777282 0.0164649371394903 0.103246341583951 -0.17787620650895
-0.035834117638263 0.0536730023031604 0.124430414402956 -0.144651698922428
0.0163892453277588 0.0525050346012197 0.0903559123520067 -0.14113237372337
0.042877794457442 0.00511721811520448 0.0201890685442933 -0.122166673152713
0.024332066683415 -0.0277362290053533 -0.0251302154802907 -0.101716056842457
0.0043483426146564 -0.0354576113881213 -0.0705311191884836 -0.0823004882257733
-0.0181896879548466 -0.0278964031330534 -0.0847922334943014 -0.0627893414875249
-0.0272738825872103 -0.0221476186866299 -0.063243578236975 -0.0631301247119262
-0.0254840325480598 -0.0238248391367868 -0.0405671345207637 -0.093298041094845
-0.0166933264945244 -0.0422192171326298 0.0120857263945608 -0.118882787458525
0.0127924668927285 -0.0514838024129505 0.0884506172772127 -0.105867986097145
0.0536545766257651 -0.0341234782822546 0.133683523906363 -0.0108469236316718
0.0622996269594516 0.0415023526606552 0.0739450351656839 0.0592900609844085
-0.0094874084048564 0.0766612066112311 -0.0217558189955507 0.030260436728869
-0.0520896074309069 0.0439245775473772 0.0353805843810704 -0.112417367617886
0.0307598702944144 0.0198067440852138 -0.0275303241210724 0.137750562636237
0.0102647526444979 -0.0244915465769789 0.0613757179934025 -0.0174526994011279
-0.0163495287799922 -0.0164360589075406 -0.06455293245032 -0.0809356388691581
-0.0128206030306313 0.0125841376667774 -0.146902544455088 0.000921117359328025
0.00680660038118807 0.0102295877713765 -0.105805583028328 0.119210120552844
0.00620874901091681 -0.00086607868798703 -0.00463197487301963 0.139394116908461
0.00434447469827312 -0.00297026114053584 0.0537616866351435 0.100965490514559
-0.0026028429747379 -0.00872183363608683 0.0752660013857037 0.0698126315591664
-0.00595752673231173 -0.00808961599119787 0.0902355947187539 0.0589432802089327
-0.00409776402970986 -0.015078517195692 0.0838618976806378 0.0794234253972017
0.0108148718231955 -0.015460950506945 0.0470638960426748 0.105742933573546
0.0152405141101771 -0.00628932092303006 -0.0111640893326765 0.118986446618959
0.0272077384205189 0.00297852152582125 -0.0806172116632731 0.143038929259516
0.0288417321614527 0.0231412678888847 -0.129579288993781 0.144376695719957
0.0102448703480215 0.056355826218972 -0.109037321004198 0.176928592147658
0.0101938996928234 0.0781433450096671 -0.0368464795330735 0.127208804067616
0.0324120521750807 0.0282054909064624 0.0646611801954573 -0.0211660147867959
0.0257656325698347 0.00162119263204217 -0.0552342234913475 -0.0921750939449821
0.0198972970673554 -0.0118426428622493 -0.151563406522131 -0.0143326071462416
0.0194895848241229 -0.0274738335125007 -0.113069278360769 0.110048087841539
-0.00308592284004929 -0.0377937276124795 -0.0139298981118678 0.132861237214018
-0.0204280957335978 -0.0282160735187142 0.0435412466709596 0.0972092944742971
-0.0291005434606947 -0.0333907644000108 0.0677527443574969 0.0629269930848534
-0.0308692463531903 -0.0384693672156975 0.0860980994848995 0.0449158941280448
-0.0123477333615282 -0.0655053640337488 0.0908909926263232 0.0577375731851586
0.0387024298162541 -0.0644740218989487 0.0708415927818125 0.0899979228992929
0.0721469818907998 -0.0255994323910151 0.0210572463670213 0.117407026311182
0.0819180934658286 0.0460306177327831 -0.0540940500140177 0.1466778065488
0.0401268465288483 0.104059454713847 -0.106870007363373 0.136379327126551
-0.0166443193988573 0.129504957800036 -0.089395314607334 0.148881817621911
-0.0200797632400576 0.127923658798988 -0.0355964439253988 0.0941376637787709
0.0451816303914323 0.0884172551044866 0.0730271795568786 -0.0340599782958706
0.0684908876537861 0.0324506295606255 -0.0370835687172969 -0.111522644922967
0.0609817409779783 -0.0305073887757856 -0.148203703464601 -0.0420603298365568
0.036491941105165 -0.0645315721408386 -0.118513990415073 0.0864591572386307
-0.00847636964283032 -0.074478302830719 -0.0291908006014725 0.112874496240478
-0.0408610916311552 -0.052541987232323 0.0232954088799178 0.0827002699547017
-0.0506669534079296 -0.0529416960515218 0.0506276530521131 0.0469019211644444
-0.0509287245549466 -0.0586104548980845 0.0713083816485995 0.0214881891434152
-0.0258991574258448 -0.100622717970445 0.0893524706404485 0.0215082222954315
0.046923407249409 -0.106525010751561 0.0943732104489124 0.053507982596627
0.10600083282579 -0.0579649671074724 0.063807553374375 0.101213875403468
0.133907709355395 0.0575315369176796 -0.015810685417812 0.143570620427895
0.0639521249542522 0.156940354883712 -0.0829147403109968 0.121366453671873
-0.0281758052135868 0.181775017936215 -0.0656633175104805 0.102548953588517
-0.0528920617427555 0.157978117381875 -0.0202368827481379 0.0426202828729139
0.0414308657121095 0.144695352729927 0.0850920679478104 -0.0566804565283513
0.100803864971004 0.072430210783294 -0.00816218944903006 -0.131780810100914
0.102911936297563 -0.0365267851934115 -0.128344893218142 -0.0751447180990422
0.0560587257404393 -0.0925869310454987 -0.114052028273271 0.0475628173349477
-0.00866235886539727 -0.103921281900016 -0.0447524813712547 0.0778434761400972
-0.0546848125716784 -0.0718431340146091 -0.00236337013489114 0.0573120023066983
-0.0666511282254636 -0.0649501740551519 0.0255557652062132 0.0236105626478681
-0.0644899860836471 -0.0671359688951358 0.0478944093280387 -0.00697449404933191
-0.0386282679608709 -0.115376702941751 0.0756393912728548 -0.0199514111554154
0.0404556901574825 -0.1307820965385 0.104401556141254 0.00671198009764108
0.113289401250093 -0.088406885035499 0.100659064042797 0.0703356810426698
0.163742070424888 0.0487635891491895 0.0226868978478806 0.126989243610064
0.0823811665166085 0.176020540749174 -0.0634152488930006 0.100318895444536
-0.0312093267021026 0.204879829439428 -0.0434325310508823 0.045044430074573
-0.0782063891028484 0.160818950029414 0.00786508560853903 -0.0222951065479716
0.0216006526041476 0.176726686531263 0.0989790718931262 -0.0847385490840106
0.109216890325561 0.108765097292624 0.0269947257019067 -0.144227575416806
0.130615270552046 -0.0272117361660529 -0.089635015936327 -0.105166552643798
0.0718151640832041 -0.102367978046548 -0.0960248570130714 -0.00130716632639133
-0.00442034231031608 -0.118100598067944 -0.0567658178847778 0.0312118075660718
-0.0595678470225514 -0.0812296638933644 -0.0298836896554828 0.0233855320465857
-0.072404507488733 -0.0667523655182441 -0.00217581951616196 -0.0025082965665754
-0.0676515439468322 -0.0653497833886846 0.0189654139613387 -0.0350453309799552
-0.0430364655308639 -0.111776141169321 0.0544690794616365 -0.0570457306420076
0.0302653991891375 -0.131814533310047 0.100850686034573 -0.0374718099880373
0.104421425802684 -0.0970908341173786 0.12034954130277 0.0356089617900012
0.164142365839766 0.0379629618273437 0.0494634205632719 0.101498548546792
0.0810952719907839 0.169150174575761 -0.0496801241238436 0.0762120128898655
-0.0341110586307805 0.195742137006405 -0.0240667608954095 -0.0125035028553516
-0.0872743696117063 0.134788163276602 0.0437131870665436 -0.0877582402668368
-0.00569985773820478 0.169861382418163 0.110724943961259 -0.111225468978398
0.0902885043518163 0.120701166507808 0.0591515039734077 -0.146739049712765
0.128200709081038 -0.010565909862229 -0.0426565226321363 -0.119324045188398
0.0729979580509859 -0.091385787809601 -0.0666584717086331 -0.0475017466869365
0.000821316650896889 -0.109454382037552 -0.0632290112085325 -0.0179413137860232
-0.0538782106303112 -0.0759796622060106 -0.0542534021760885 -0.0114765535782055
-0.0663663359655868 -0.0584384302704464 -0.0289139279360619 -0.0274745294405767
-0.0607146517633894 -0.0555860437729353 -0.00842870196143796 -0.0584243265924879
-0.0391934566757032 -0.0943162774540906 0.0320122458573637 -0.0840644327135808
0.0230716519236934 -0.113158208450007 0.0910536956156505 -0.0705859639002534
0.0891742474250821 -0.0852109016216627 0.12674808997798 0.00762963747592486
0.139873243150138 0.0353655322968014 0.0630946602762909 0.0772414692772321
0.0591106838260385 0.147270730619559 -0.0389319260313108 0.0542840897844194
-0.0401983496905181 0.161123079490758 -0.0066472291343439 -0.0601208113524356
-0.0763798543085686 0.0831932847092954 0.0763872232978544 -0.141748694943997
-0.0252828299243753 0.123890676980453 0.119106940627829 -0.131394915157783
0.0558227565692813 0.0986659042008518 0.079549519052685 -0.142407842548287
0.0948887240398691 0.000800439176538611 -0.0021131829691528 -0.121250050344499
0.0550650499173437 -0.0640269423886078 -0.0396179817310931 -0.0813514001287219
0.00289101897940934 -0.0793341271201984 -0.067121979255241 -0.0574365693886844
-0.040103113797123 -0.0566176124903618 -0.0731552817958225 -0.0405857156824059
-0.0511713686160429 -0.0421375284036289 -0.0503259281846149 -0.0468243350028088
-0.0462606255971908 -0.041186605689265 -0.0304172586065192 -0.0772961917949743
-0.0293893564802533 -0.0702441463146977 0.0151757478818969 -0.103380208288425
0.0177864518425044 -0.0845073018918117 0.0841385768634861 -0.0926554533577997
0.0716361522194455 -0.0615452770666388 0.127636159353424 -0.00863414415901738
0.104125283054514 0.0378124622579886 0.0691903291200467 0.0610888760062732
0.0261374448795172 0.116262708846657 -0.0293993145521965 0.0381775843376409
-0.0473611898087754 0.109120927799173 0.0122218450574153 -0.093696895005952
-0.0492982082212357 0.0175557492917598 0.0940237101772594 -0.176083656165028
-0.033264000512241 0.0527454924605117 0.11598342402695 -0.142657597401722
0.0173670614355996 0.0493069519122794 0.0842259909084045 -0.139531974546829
0.0411622139075364 0.00285472461579123 0.0167664826945683 -0.119941733063498
0.0219588381676891 -0.0273527139467378 -0.0277483852067506 -0.0987777591897007
0.00264171018999525 -0.0346657698642091 -0.0717316188416989 -0.0771776510065485
-0.0187599706000535 -0.0262963903635111 -0.084418458725441 -0.0567774151256154
-0.0272023271339059 -0.0199010700287097 -0.0631790534416496 -0.0589788240820796
-0.0254340434607577 -0.0222951697011367 -0.0428482168492681 -0.0886649769188308
-0.0177087375457144 -0.0399972974341117 0.00699406863150823 -0.115088703938884
0.0104539824095296 -0.0503303350186913 0.0825038526213273 -0.105929299721701
0.0505224217094767 -0.0344019321362781 0.129059606701431 -0.0153343030881367
0.0613779494060338 0.0377012271175664 0.0725892426626731 0.0554438312748696
-0.00667391816398893 0.0752455860103732 -0.0208431783904202 0.0309855257385851
-0.0492306301615277 0.044261395563521 0.0297060912043203 -0.108817424614524
0.0186601150073646 0.0316277858865837 -0.0783982151601619 0.107111294182644
0.0188555999200084 -0.0164649296572126 0.0609052955016341 0.00703344631630223
-0.00797757326265331 -0.0218446171133919 -0.0244475443101976 -0.0985080736195823
-0.0159818479718827 0.00627316735247472 -0.131714396612415 -0.0575656980126128
0.00312766199161489 0.0112097570188336 -0.142206837610773 0.0636993198539176
0.00579277513647061 0.00117881995668779 -0.0600746077751163 0.120669630354707
0.00460719495996276 -0.00161519817060958 0.00663305833085152 0.109479464747372
0.000615877668447768 -0.00893496219827633 0.0391417530236334 0.0919505060319547
-0.00116316100768603 -0.00959582830524817 0.0571163271106817 0.0873697991215985
0.00300650051131958 -0.0154479086777901 0.0441750450242597 0.104479647239471
0.0174460558369387 -0.00980772628428115 -0.00083563104529536 0.11173832256798
0.0173939798545127 0.00154328295336787 -0.0606649679948803 0.100593749217556
0.0248094801542132 0.0154028263450126 -0.129840874353986 0.0944257388967111
0.0165858179911915 0.0345681534660093 -0.172370368816056 0.0769024841980385
-0.012487142957217 0.0585992270542363 -0.173323547076372 0.112867171569584
-0.0267793514978866 0.0757614417490856 -0.0756661491746177 0.0957480018953245
0.0160165577219669 0.0389769365497576 0.0688691039280607 0.00483429107336492
0.0217634029524535 0.0123496452286896 -0.00960783485740273 -0.107420199202971
0.0224365671382777 -0.00104992020117032 -0.131115706862226 -0.0758569732383545
0.0295942553943398 -0.0167072034846273 -0.146499672189442 0.0507702867794214
0.0123140452421675 -0.0346520742954899 -0.0677220803855149 0.110815491195458
-0.00671516926758139 -0.033231828152542 -0.00108067961623084 0.103059956458242
-0.0131347427916281 -0.0414056926591346 0.0352614438920918 0.0824669943138931
-0.0116583692568696 -0.04604286781538 0.0593912123868316 0.0720496996624736
0.0142989136526884 -0.0636802499569651 0.0601240334868713 0.0874470912385297
0.0606441743798111 -0.0441881514965775 0.0272548197460163 0.107678380283978
0.075480464772062 0.00590496977147034 -0.0296821430658259 0.112927384787692
0.0587486806221255 0.0750638693200936 -0.108070674926312 0.109724386339242
-0.00311750816520145 0.111054352492972 -0.153226305363668 0.0805214550802184
-0.064280395671878 0.115254105224308 -0.145936282962053 0.0927075166337026
-0.0762260381923014 0.107645766062251 -0.055550599118764 0.0686769173343037
0.00104609677245883 0.0968871927670515 0.0848845850015948 -0.00351272273188289
0.0468124255738021 0.0572600340037408 0.0177748940723773 -0.119134373215272
0.0657452249244421 -2.01611797033921E-05 -0.11685822080552 -0.102594492528749
0.0592446140876426 -0.0414606170402405 -0.143367572756516 0.0255521172724693
0.0223578264132251 -0.0690916595105822 -0.0745112828410532 0.0867424430682182
-0.0147346824483537 -0.0625498268994457 -0.0134775040099688 0.0827327908211973
-0.0248352731665513 -0.0672327272316555 0.0260243784658389 0.0610868045150451
-0.0220131434574066 -0.072026427710602 0.0563078907616638 0.044995496929297
0.0149987622884169 -0.100114250787323 0.073532256631531 0.053706058859161
0.083337238477189 -0.0790974559009375 0.0625702343442477 0.0847227374534462
0.118717537195312 -0.0113603230392779 0.0162348372076092 0.116510585009709
0.101528480419575 0.104181472527122 -0.0727476449002168 0.123244178256014
-0.00032980010912634 0.16673513725803 -0.128955701854669 0.0786449585498924
-0.0946333921449847 0.15777066045931 -0.109077392294775 0.0599936606365487
-0.11953671658557 0.119862904928953 -0.0166554118421298 0.031969999330302
-0.0258887663054181 0.143746400226649 0.108172531301744 -0.0172456229193188
0.0585296949042479 0.106688678749676 0.0551130732293872 -0.126820844523948
0.105010563796384 0.0123073774705703 -0.0845280162550246 -0.126937715524382
0.0879534613624255 -0.0578609844066081 -0.124058002182758 -0.00886922822531671
0.0339997185544722 -0.0953736883725719 -0.0748757404500764 0.0486960563192449
-0.0189766071751339 -0.0849727948298383 -0.0264135288288616 0.0497955404868031
-0.0344456612874135 -0.0837469951598189 0.0135703000886085 0.0310084638854167
-0.0304573884406279 -0.0846109470520806 0.0464974004271005 0.0102258533672859
0.0093508815312359 -0.117906558449544 0.0773688620605171 0.0104931572107497
0.0861822524701808 -0.103553553292856 0.0908904209376658 0.0470762385842557
0.136823549603813 -0.0353769346009688 0.0625475064487568 0.102985872173465
0.133103728267705 0.106676535994447 -0.0320587670718812 0.124535615748333
0.00968087277468262 0.190469367587575 -0.10368588131711 0.0692072548350089
-0.105250438761742 0.176754751073083 -0.0661739795894553 0.0178179885307913
-0.143818058052426 0.111704162876838 0.0357841707375431 -0.0113974385411167
-0.057415959307087 0.16404972559046 0.132429708605108 -0.0344069207030617
0.0506361941654629 0.142127727803665 0.0944867155691223 -0.124095834274171
0.124711475071079 0.0323461695339344 -0.036434125655883 -0.139470328522147
0.105900666360836 -0.0599058563488416 -0.088264857036779 -0.0461579943924395
0.0433417897603125 -0.105636406221433 -0.0670262013873084 0.00139596144285053
-0.0193565676183477 -0.0945807413395888 -0.0378285060691748 0.0090022390671151
-0.038376284249528 -0.0873592502235701 -0.00124702217094068 -0.00293744262014706
-0.0342901806128628 -0.0845093303464827 0.0316638855713895 -0.025578621964853
0.00340819618437212 -0.116486379671354 0.0729654592780485 -0.0306014272628043
0.0773772855591137 -0.108214190749006 0.105660967957122 0.00702622870869435
0.131919870716231 -0.0475593270526213 0.0939345651014972 0.0797872902665369
0.136976737355978 0.0959572879619799 0.0012440155842019 0.112696658533492
0.0111310419175167 0.183766677665087 -0.0820729254412589 0.0532105465590429
-0.104271207333338 0.166641126968313 -0.0251375418883625 -0.0253458321724743
-0.13984317170701 0.0830634411998366 0.0914546906514703 -0.0539339528168351
-0.0778071683997528 0.14587204282878 0.153908676736862 -0.0514722401105391
0.028910648432738 0.144298795579393 0.124204349070283 -0.110909660452615
0.115177896119752 0.0455637711587998 0.0134794189914053 -0.13312528257143
0.101804767043096 -0.0492463193832571 -0.0420265277216375 -0.0755018947796802
0.0446177403693679 -0.0959483958033941 -0.0528391234271146 -0.0450180452111131
-0.0170380521691373 -0.0877637626168687 -0.0452248589213697 -0.031879527792964
-0.0369663982358412 -0.0782270098120958 -0.0145261170470911 -0.0358716191642167
-0.0326453040471327 -0.073191766721581 0.0168046485718184 -0.0575139714396333
0.000311136277043953 -0.0997092075177804 0.0635425104779648 -0.0639563119520042
0.0635304985133799 -0.0941585866201678 0.110538393430117 -0.0262300735273157
0.112779900724255 -0.0426786064764437 0.110609698136298 0.058348506613311
0.115949023093398 0.0843213439079361 0.0235466038280272 0.0962487386387115
-0.00122566009243221 0.155388566496939 -0.0636376916448231 0.0370683035705371
-0.0968608201343229 0.131178739862664 0.0117113769615192 -0.0604766347510818
-0.106514309396662 0.0413668366091419 0.136791695773951 -0.0883574701924968
-0.0759027828986758 0.0969995232706757 0.166292439784825 -0.0653645420560601
0.00729780215809633 0.110027276084409 0.138267537345485 -0.0963428572633191
0.0811359739940791 0.0410084480591465 0.0502664394254713 -0.11618354853479
0.0742253349708276 -0.032476698218592 -0.00299876910792782 -0.0936319645945123
0.0342510164034395 -0.0690503978588166 -0.0390720642732598 -0.0806497721950775
-0.0118652755347219 -0.0652845206671376 -0.0503795663440425 -0.0648886751321445
-0.0290597624660232 -0.0573427178553768 -0.0260951716512497 -0.0613612301549806
-0.0250324415303679 -0.0545891914438462 0.00440580653075009 -0.0815729424611107
-0.000113069782139879 -0.074113516081321 0.0564427181328096 -0.0869142036734413
0.0474799374523091 -0.0699183893308138 0.112655356827536 -0.0479148536036227
0.0880751515786879 -0.0285389568428512 0.118364451052668 0.0442658520622568
0.081318555917448 0.0730603527868109 0.0349060100515845 0.083718023173479
-0.0193100721817564 0.115111729632043 -0.0478918116614661 0.025361375113679
-0.0833830421250871 0.0805957395296203 0.043806607292393 -0.0820884346375739
-0.0524951912459247 -0.00586629383147002 0.159910794792911 -0.11292454738115
-0.0515498005395055 0.031632820678377 0.164068114798952 -0.0759616810561501
-0.00563764082580878 0.049887670587401 0.136809789230128 -0.0902660366093277
0.0334652088199473 0.0196734768817491 0.0661588273044057 -0.104031165431734
0.0302358769865688 -0.0136950700858168 0.0157512236643348 -0.102953915434941
0.0161051385521619 -0.0293126561829805 -0.0340915304408571 -0.0985759610250419
-0.00547306717272983 -0.0306349173213978 -0.0537452807784458 -0.0837500348964075
-0.0168185528981695 -0.0285254718270495 -0.0332203457773497 -0.0768528372266629
-0.0147341684727223 -0.0301625142632264 -0.00232431193368442 -0.0962127715375179
-0.00167870984318585 -0.042983168884865 0.0531684890157592 -0.100150110452967
0.0280174689749842 -0.0419772652254985 0.115831841444082 -0.060109441565616
0.0585694709327453 -0.0125038125990717 0.121609151724006 0.0391763287196242
0.0434198744961825 0.0565527242701739 0.0401574590082514 0.0791445158966404
-0.0339498435650409 0.0657394383566809 -0.0356110901235062 0.0206324434794872
-0.0602883196339459 0.0207366374034024 0.068754572571518 -0.0874469842694148
0.0187131817294938 0.0316019365109203 -0.0759536805168412 0.107184423074799
0.0183650488658754 -0.0164389220860512 0.0613767679087682 0.00443922974087803
-0.00823749183081746 -0.0214194201379758 -0.0248005071834989 -0.0979714677492997
-0.0155145747438676 0.00665238761753668 -0.130359586609356 -0.0556846515225188
0.00360454360737336 0.0112082166853879 -0.140334276627153 0.0659721813473177
0.00639357752142976 0.000792207869687991 -0.0574537643856754 0.120792498630124
0.00437335509103676 -0.00213808078115069 0.00869647433022498 0.107928315094442
0.000866689396248701 -0.00876180708184155 0.0407655602741583 0.0897435607301534
-0.00198326250163917 -0.0101622745806225 0.0590560798048591 0.0851172772962379
0.00287929707469767 -0.0151104646394982 0.0465075805718396 0.102682306651183
0.0170101715406131 -0.0105871170420523 0.000923169067843144 0.111713455773118
0.0174333863321904 0.00126851377459324 -0.0606772043658098 0.100866619684688
0.0246091141802342 0.0143826287520217 -0.128162801955248 0.0957526738040058
0.0163299316484526 0.0340711750869033 -0.170877667194575 0.0774672673262433
-0.0120287891025356 0.0592406123865806 -0.171052975895589 0.113506730092631
-0.0257184112923864 0.0761338855746826 -0.0735941617567173 0.095683497009465
0.0162366311694003 0.0385249315757851 0.0689333530498616 0.00241271269374419
0.0216855299680612 0.011741555879509 -0.00959946390546076 -0.107021982667341
0.0222769668133764 -0.00163003488477725 -0.13037326042083 -0.0731757507685784
0.0288321481553007 -0.0171134910779949 -0.144564870884392 0.0537465105988168
0.0114398287755695 -0.0352200913150234 -0.0649927250840096 0.110999091111082
-0.00723969760849779 -0.0330258411692129 0.00114206920769737 0.101507509085105
-0.0142617586595003 -0.0407326473160722 0.0366996033322182 0.0805007083390752
-0.0125335173543989 -0.0455106462626505 0.0611405622511629 0.0698308395020818
0.0125003466651243 -0.0640050106882064 0.06186908210818 0.084992684245004
0.0592718439285018 -0.0453348828825653 0.0294865050149355 0.106876850354284
0.075551428062735 0.00517017332229124 -0.0294128740044161 0.112312284122244
0.0596122894931047 0.0733852418281613 -0.106739652465227 0.110709563976365
-0.00154494438693161 0.111012972772558 -0.151468767216329 0.0796019942552976
-0.0638800080164398 0.11627817663991 -0.144814143092213 0.0941058323322236
-0.074503878548823 0.108545801071728 -0.0536901438257607 0.0685863610376349
0.00293746367323383 0.0957571642562011 0.0844282093788766 -0.00582783771306011
0.0479811003467758 0.0565310649277421 0.0179465267020299 -0.119176625413695
0.064819813652713 -0.00114855410153547 -0.116656847543901 -0.0999239563693946
0.05803514621539 -0.042522326407725 -0.141088740361387 0.0276504171694658
0.020361693690675 -0.0686166383028004 -0.0725706397000312 0.0868894942898076
-0.0154847120436682 -0.0617498802859051 -0.0113369085247824 0.0819277164586998
-0.0261296780807174 -0.0658838085783481 0.0269836690534341 0.0600043748426113
-0.0231234300186658 -0.0708428349375101 0.0570487688214371 0.0422690686600605
0.0130425168775849 -0.100011652855532 0.0742682213476044 0.0513540987835293
0.0813180376295356 -0.0807821717367741 0.0646974875354819 0.083517154348543
0.11709088055233 -0.0128292497166446 0.016499198248942 0.114564010483339
0.102799426410817 0.101936283184596 -0.0719768344070225 0.123142932088586
0.00152976873860097 0.166443903016 -0.127216985744904 0.0785501800252086
-0.093726075931063 0.158836040230005 -0.107520475908111 0.0610526560237859
-0.117252419740689 0.121908904173566 -0.0160085378329244 0.0314842982406652
-0.022887993143322 0.142999209607044 0.107155174543887 -0.0189405252013757
0.0599579743793418 0.10545176493953 0.0557002504989886 -0.127319405291031
0.10372795831238 0.0107011106843104 -0.0848792799626145 -0.125151599704258
0.0861614202411057 -0.0593618350088751 -0.122717055439853 -0.00699404027076965
0.0313311324282979 -0.0953076267125231 -0.0734754019009898 0.0495840740123428
-0.0200890998742421 -0.0836433361316885 -0.0245126894283082 0.0497678071748897
-0.0356875724617114 -0.0816711026146123 0.013651812582338 0.0301368521982968
-0.0314138479522968 -0.0832264619851746 0.0467055892452988 0.00786575876301536
0.00628561635355854 -0.117513544419171 0.0775880046591859 0.00858984240813509
0.083377156166089 -0.105186291578074 0.092613165716576 0.0455820777201244
0.134877007004789 -0.0372772290359141 0.0628249887305507 0.100687275557012
0.133991988724403 0.103194983790764 -0.0310411212013439 0.12361469706029
0.0122642454228713 0.189294248554813 -0.103188799907397 0.0690451494238073
-0.104228497107215 0.177112507047741 -0.0656069473209363 0.0186021248388956
-0.141985366324759 0.11346292298823 0.0352407544384529 -0.0120099059532556
-0.0540468512266519 0.163002778115093 0.130756259293829 -0.0362553577063967
0.0529576427763869 0.140659253887335 0.0944691744220854 -0.124295045029042
0.123887981109471 0.0298216046960407 -0.0370849555876323 -0.137632395279268
0.1036802751247 -0.0610680207776989 -0.087168347065136 -0.0453067182396685
0.0402238806340893 -0.106078416344353 -0.0665928879625367 0.00275055137190169
-0.0206882235052341 -0.0931168317191561 -0.0365001621987347 0.0105048413717637
-0.0399482053108489 -0.0853355723005814 -0.00144622882847868 -0.00313085165286808
-0.0349049129881576 -0.0826872436287058 0.0317240496384959 -0.0272464612953429
0.00100145435439505 -0.116013864484172 0.0716966680723085 -0.0323498373514267
0.0742772742743615 -0.109076337275092 0.106430138499794 0.00521492831567049
0.12923935054369 -0.0487821882308055 0.0942066651490728 0.0769218101658743
0.136953790774256 0.0924910869962118 0.00128154840465914 0.111808614310188
0.0137527192378438 0.182912779279542 -0.0820223560985639 0.0535362219673307
-0.10293276311081 0.167611706381545 -0.0259216806863091 -0.0243580760868713
-0.137601232668734 0.0851071395241261 0.0900974452375519 -0.0548410355878973
-0.0751548836074152 0.145888019833252 0.15166711889631 -0.0527283157757838
0.0309919422461652 0.143130931959473 0.123714045217741 -0.111432925003907
0.11500483550143 0.0430981091958837 0.0129809784828009 -0.131723978584187
0.0997467610222539 -0.0502073872337388 -0.0417949132015315 -0.0759367647525941
0.0412368878161349 -0.0960340667647483 -0.0535913098590101 -0.0434920324559961
-0.0179031175473144 -0.0869555583715389 -0.0453165255668073 -0.0299633672239004
-0.0384474880821985 -0.0759760212027841 -0.015698977403902 -0.0349965236873478
-0.0330763645399708 -0.0713755243859544 0.0155719183037963 -0.0578399714348698
-0.00171590315330168 -0.0991287118968742 0.0621932000043169 -0.0647201401504264
0.0609849473922801 -0.094945616105825 0.11038557943409 -0.0282095033108602
0.110800691648688 -0.0436270508514678 0.110805103524393 0.0554228194311501
0.11604817075595 0.081391907972562 0.0227864734624623 0.0949137236209062
0.00100970055830505 0.155012052578035 -0.0638321274080607 0.0368586082274881
-0.0956608636584561 0.132538037648235 0.010657564706348 -0.0596259263268581
-0.105240331776629 0.0434195447295109 0.134453592239411 -0.0898609303063357
-0.0736499106177846 0.0975496818108601 0.163729534383315 -0.065544238345432
0.00891880251440442 0.108974092366324 0.137054838228388 -0.0974069472851483
0.0808104677520804 0.0387656813031729 0.0496429365944174 -0.115352936721594
0.0725765585568954 -0.0333988868341636 -0.00366821306053399 -0.0938063072300999
0.0321341519541204 -0.0689172379798252 -0.0404404982481322 -0.0794049863158932
-0.0126832486174674 -0.0641472474963078 -0.0514124101090364 -0.0629721456709431
-0.0304370866618638 -0.0554465152683882 -0.0273387864911006 -0.0597877238743035
-0.0258814779590161 -0.053383591106715 0.0027796807686866 -0.0812255296918219
-0.00227334625648796 -0.0737584886578399 0.0542325134492261 -0.0873004749880177
0.0458284833461428 -0.0705097568017141 0.111728540628085 -0.0501702808247518
0.0863642444063808 -0.0288563446682383 0.118181747561409 0.0414303705152168
0.0821100154814403 0.0709494902343609 0.0344120253289319 0.0824521586320943
-0.0175003812374474 0.114682891179038 -0.0480723303939566 0.0257340517837337
-0.0823119593867875 0.0811903417773443 0.0420211286657051 -0.0810440910923202
-0.0519391875315869 -0.00440188668006118 0.157436019754593 -0.114512241244754
-0.0505124319069475 0.0323748525725832 0.161786199002376 -0.0758651948447083
-0.00498678417353714 0.0491878655304968 0.13544463157647 -0.0906488093573599
0.0328434529490379 0.0187728383934498 0.0660007230347027 -0.103895410990098
0.0289333665219445 -0.0136978684121128 0.0152417851950015 -0.103604013715669
0.0153408258395905 -0.0292917718597951 -0.0360021651731696 -0.0976773528133333
-0.00626279180090839 -0.0302965770585834 -0.0549589265876123 -0.0815501023606688
-0.0173776299852853 -0.0273051797901122 -0.0341267027543251 -0.0751301299327843
-0.0147259420968893 -0.0293534706755479 -0.00479407498699828 -0.0952157490561275
-0.00245339895118282 -0.042541510931054 0.050947995169246 -0.100080920109487
0.0268296125528973 -0.0418209627296696 0.114365068536512 -0.0617627028721722
0.0575405099419753 -0.0133533389412386 0.120771826590112 0.0371587098807202
0.0438540119415857 0.0553497738315052 0.0399769608535512 0.0781265774432494
-0.032068898382355 0.0662205287558631 -0.0360828492967225 0.0212099667559934
-0.0604090977491674 0.0213847885813253 0.0667380232446011 -0.0865310831442468
0.0194768458726158 0.0314671568335115 -0.0723496693099126 0.109360314848245
0.017824634724324 -0.0169141462822688 0.0609010909935758 0.00137990992941234
-0.00894771086647525 -0.0213484182050074 -0.0270651845834593 -0.0983025943712277
-0.0146236408756727 0.00687289051048068 -0.13211851650132 -0.0523152786173431
0.00397826787322639 0.0109826766387899 -0.138163076093411 0.0716286479057966
0.00537719963844626 0.000361987143144848 -0.0532012503395903 0.12306299390238
0.00380374176734033 -0.00236150525197794 0.0121865944346538 0.106841403373499
0.000180866290327536 -0.0091323049213494 0.044075627388659 0.0873602731685002
-0.00210437255739446 -0.0100031295304362 0.062067711461263 0.0820463666736214
0.00228016321796277 -0.0157041503778442 0.0512119733147045 0.101123751177729
0.0168494946123812 -0.0111016579694597 0.00382780368776437 0.112872512689538
0.0179121891966495 0.00158798869662621 -0.0598822441564453 0.103901313780986
0.0249153584651406 0.0135275751693075 -0.126335130164026 0.0997137317080974
0.01673897785155 0.0340769870979961 -0.168708426059367 0.0806590803522249
-0.0103814201062388 0.06010634803888 -0.169102913552362 0.118268423949653
-0.0236549846002543 0.0780879728161434 -0.0707707774997211 0.097328099529003
0.0177917716791996 0.0379349478126691 0.069027160794641 -0.000795939886128367
0.0225155178008105 0.0108358944275382 -0.0116799951545493 -0.107471329681022
0.0225596271974673 -0.00224643692207413 -0.131609774687509 -0.069815945769826
0.0283398639614894 -0.018545947628737 -0.142334561707038 0.0579543771579148
0.00993060840001347 -0.0352178058175097 -0.0613120247921934 0.113670249319591
-0.00876772839352103 -0.0332704947650606 0.00458312083522895 0.10092126651388
-0.0155160869621039 -0.0398702772407586 0.0395593373208192 0.0788389384739739
-0.0138804551557509 -0.0452486712421072 0.0641779487226731 0.0664725908858888
0.0104079907154184 -0.0645410567568322 0.0661201411300709 0.083015495972303
0.0579373310371223 -0.0480193461762108 0.0333780053240615 0.106543117230657
0.0759394641178305 0.00257570611505119 -0.0282380576310365 0.114021233995133
0.0618783241009664 0.0718798808370858 -0.104992068059931 0.114091063791289
0.00109149214820775 0.112190262556618 -0.150019980122726 0.0830403243907109
-0.0616180965408806 0.119608553172447 -0.143010982730128 0.0978960667009564
-0.0719370802376957 0.112342952912804 -0.0525688103802178 0.0696507316700768
0.00577955668022628 0.096200711795744 0.0845969771827133 -0.00864339425110276
0.0498755314495461 0.0555969953314806 0.0162616825870241 -0.121020240478426
0.0648942506124966 -0.00321454170749564 -0.118710413929671 -0.0972316748563833
0.056503410169152 -0.0451153995713278 -0.140138965807346 0.0323515966161994
0.0175833806929434 -0.0695610999023516 -0.0692923064013904 0.0896928587123011
-0.0180449137223807 -0.0616908004619741 -0.00824438829947592 0.0818786269743508
-0.0289338711926308 -0.0651581147759072 0.0288076035430018 0.0587905389033787
-0.0251639969419302 -0.0702705950352786 0.0587404707049215 0.0392015090428208
0.00926251362535229 -0.100957324283148 0.0771091643832623 0.0482452001053797
0.0783080855650018 -0.0845111271340107 0.0685651241093468 0.0816947801591488
0.117321150654316 -0.0164249004585196 0.0185049314708053 0.114390628986539
0.106709566553758 0.0991266765975056 -0.0695792828312054 0.125783311913086
0.00631728576809614 0.16757610042119 -0.126313960473012 0.0810363772390272
-0.0909450975209822 0.163707463378714 -0.106549385186479 0.063960289157783
-0.114564805504516 0.127020953844767 -0.0155155555210426 0.0315234916107723
-0.0190304341736742 0.143957508343205 0.106989216726132 -0.0223398115214284
0.0637969155729706 0.104107536576631 0.0544917600312111 -0.129829373309511
0.104203132907216 0.00796322257809042 -0.0874585521547874 -0.122216584965689
0.084306245966871 -0.0626643313642106 -0.122413519752452 -0.00384522340800727
0.0271499309388044 -0.096757524056326 -0.0718674299970458 0.051864771484874
-0.0230456253607659 -0.08353982795896 -0.0227558338196644 0.0512316934792509
-0.0388955520660957 -0.0796989313473085 0.0142388429569263 0.0295380956001858
-0.03401087774703 -0.0820970234178973 0.046999500799527 0.00502088613596709
0.00192238719552066 -0.118665136031521 0.0787780312936348 0.00522568326726416
0.0797387285159313 -0.109132602370003 0.0957366525946017 0.042468099235677
0.133652943883363 -0.0410956274748462 0.0649708990421839 0.0986066595014956
0.137701692227878 0.0991565822845816 -0.029432932950431 0.125235354275281
0.0179734503672736 0.190437537270261 -0.102538265998495 0.0710064500516117
-0.101078458452312 0.182081626573108 -0.0655254983992498 0.0207189806615979
-0.1392916846218 0.119092854513279 0.034691636317025 -0.0133004944632518
-0.0492051655046046 0.164662672430635 0.130096402405432 -0.0391619668410175
0.0575486060434466 0.139473864607018 0.0933307101168247 -0.128158708653151
0.124999061524161 0.0263859692806865 -0.0401317602948023 -0.136954696195582
0.101841799868954 -0.0650920443502959 -0.0878273358968855 -0.0435378761171424
0.036098457525877 -0.107772492327962 -0.0670066640370534 0.00396806292904974
-0.0237971803785976 -0.0929584361420312 -0.0360068361357563 0.011940176019228
-0.0432352230912502 -0.0836097156033729 -0.00195244449979478 -0.00324616965861614
-0.0376106908054297 -0.0813635831823502 0.0303405941589824 -0.0294142781010377
-0.00366134633933297 -0.116473240986145 0.0713829485848723 -0.035627651333947
0.0700990259291723 -0.11273993215919 0.108314799148562 0.00127006290398924
0.128026499468245 -0.0532141120997217 0.0962691764210439 0.0740452112721613
0.140770951259271 0.0882657853279298 0.0032718526716513 0.111822186149614
0.019111847976082 0.183821648596512 -0.0820543564177357 0.0553875190974666
-0.100381629750896 0.17222644804448 -0.0263720552903577 -0.023292892191726
-0.135814534080106 0.0904014674235775 0.0890266687170003 -0.0573688493425925
-0.0711914924637901 0.148218592874806 0.150558742133527 -0.0551236856024131
0.0352904457893205 0.142660854400145 0.122901959628416 -0.115322157261817
0.116216414543187 0.0397703975367049 0.010836516527388 -0.132201708643452
0.0984912723780619 -0.0543507822887113 -0.0429009262089847 -0.0759280614729324
0.0377282291643321 -0.0981293544698258 -0.0552592281032783 -0.0426031933307826
-0.0209868955636263 -0.0866028124814031 -0.046176693769641 -0.0281587645869019
-0.0407045553820311 -0.0738305718056378 -0.0173775457891358 -0.0343436098937917
-0.0352552257935918 -0.0704691784394588 0.0133156693548145 -0.058972202027648
-0.00543795179803525 -0.0995709831955477 0.0602057559261182 -0.0673354001818664
0.0578482204607529 -0.0973590049128445 0.111240482996207 -0.0321559687674726
0.109409211810894 -0.0472848509918747 0.112475115093152 0.0513130239292823
0.119146603275946 0.0775565098524948 0.0243466456021821 0.0952464782791274
0.00590649975487339 0.156007751019295 -0.064414260642996 0.0391866705538331
-0.0927571648835202 0.136535078357125 0.00887495124463158 -0.0598633286912151
-0.104181791072052 0.0473348531508063 0.1330261072903 -0.0937479638763994
-0.0710720042281844 0.0996096635346603 0.162925163696032 -0.0686813385361014
0.0116070271431502 0.108547491437804 0.136283708791177 -0.100621527245502
0.0816681948530147 0.0363051367240039 0.0484169617974151 -0.117398796663607
0.0715312635462063 -0.0361183704587528 -0.00467613891179894 -0.0959786990998277
0.0294111239620563 -0.0698642733260649 -0.0435941995648736 -0.0785156300475398
-0.0155689002706283 -0.0641367885495911 -0.0534532802143188 -0.0602195933211416
-0.0323797271421693 -0.0537719236080847 -0.029387010720238 -0.0591465467019191
-0.0273917643111858 -0.052215604394286 -0.000523281643207801 -0.081660001909845
-0.00451849377068678 -0.073573917931818 0.0515864103466919 -0.0885858164748892
0.0431698009201557 -0.0720737883719451 0.112025732934198 -0.0537903471245675
0.0858300722357776 -0.031843553399413 0.11897840513406 0.037964881240311
0.0839718203371405 0.0679759277843885 0.0354213900781947 0.0820061155131664
-0.014008932218295 0.116571510032609 -0.0487237477773417 0.0279093413461105
-0.0804893074069565 0.0843480832716169 0.0397595899303376 -0.0819221211089855
-0.0517932305899285 -0.00286023499822552 0.155693524802607 -0.118613139276747
-0.0500283331959671 0.0340323276172844 0.160891130108386 -0.0782539221995337
-0.00371743932585493 0.0492107406590435 0.134485133260029 -0.0943429429146489
0.0328768398156906 0.0174153451429293 0.0651638820897193 -0.106392992767234
0.0288266603742067 -0.0148845071657909 0.0128537682018862 -0.105699991824768
0.0140206313941131 -0.0300149209949458 -0.0397061448982377 -0.0970901589975106
-0.00721755792482203 -0.0303159897141102 -0.0580876263918521 -0.0792841543152613
-0.0180283787202067 -0.0262202333131294 -0.0369223625807167 -0.0737828712941561
-0.0160981470825529 -0.0284499707172916 -0.00814919753178195 -0.0954491387411676
-0.00456786674127175 -0.0425552450707189 0.0485766156682707 -0.101764462735284
0.0255409070140641 -0.0425215645736544 0.11348281505566 -0.0657237664781054
0.0574567071410277 -0.0145022595235673 0.122214525750325 0.0335976901980863
0.0446804107040922 0.0539973572051878 0.0413465644972113 0.077288953088499
-0.0304226361505108 0.0683121666466617 -0.0360286231050998 0.0229579199456303
-0.0595058394404588 0.0239154917996662 0.064248198520789 -0.0879972919037322
0.0212842287668343 0.0302221040901077 -0.0663117488861339 0.111519159356444
0.0166229139374904 -0.0174397892557608 0.0604174998010744 -0.00236922352828986
-0.0102012445518861 -0.0207134305002801 -0.031443629725738 -0.0963348856813437
-0.0145893337411647 0.00764882664173839 -0.132903848383126 -0.0460551191796123
0.00481621309243997 0.0105822972726571 -0.132330330612273 0.0781560937062235
0.00570577077380064 0.000250587884718919 -0.0461177436439564 0.124498349562323
0.00301143634694343 -0.00296547584341856 0.0173977494653999 0.104032434599695
-0.000432683873263241 -0.00905417889157893 0.0487144183321111 0.08400004188872
-0.00297068582802051 -0.0102597295405171 0.0663995320378594 0.0771194395728313
0.0013197767626815 -0.0157470088735195 0.0571352524286139 0.0967902338250361
0.0161337372484183 -0.0124646154100214 0.00967296318616288 0.112718394306249
0.0177788716138373 0.000577438842614913 -0.0564139738232567 0.107051175144218
0.0250546157701969 0.0123366330221425 -0.120710004905594 0.105915724827469
0.0180339058884835 0.0338007706724002 -0.164400944627377 0.0866287592182373
-0.00737288333702113 0.0606426616060845 -0.163159844053854 0.125700648610338
-0.0194957533588348 0.0791374615173846 -0.0659588535865771 0.100305932509628
0.0192669230430591 0.0368589159640228 0.068138760254701 -0.00474922245324342
0.0224661752429764 0.0101567126411224 -0.0156057983444375 -0.107304667868182
0.0219429806875741 -0.00336190331033179 -0.133620541094816 -0.0634819853970618
0.0273468832138914 -0.0199371654286578 -0.137670929448408 0.0654413702968942
0.00758797724107912 -0.0355955080789213 -0.0540420534469564 0.115469520710646
-0.0108191264625679 -0.0325812187262402 0.0102073890472371 0.0988753128597949
-0.0181209057511092 -0.038835480867985 0.0436673623259122 0.0752984327615207
-0.0167486843867943 -0.0438102309757798 0.0671121925863613 0.0617567076295761
0.00624709728580205 -0.064901824072518 0.0708622918243407 0.0776450911719529
0.0548183864694053 -0.0516934992617157 0.0394305662299861 0.104392513466532
0.0751979925455383 -0.000967626779917864 -0.0240896450023249 0.114945547304254
0.0650944759986467 0.0682880831080393 -0.0993820717413539 0.119249106868241
0.00605659996733009 0.111745267843706 -0.145271266866155 0.0884659790858738
-0.0554540231222707 0.122457326553572 -0.138200147059371 0.104003908990234
-0.0658519449097759 0.116033882363383 -0.0491253690625119 0.0722510418256104
0.0103835093694121 0.0950675925111684 0.0830360081860111 -0.0135209977365123
0.0521254736258648 0.0521190786933631 0.0120585947831498 -0.121740173102749
0.0637519074966741 -0.00647934969927975 -0.121977056615701 -0.0904020238191815
0.0538202435194034 -0.0481394837441767 -0.136481189259453 0.0389620242949619
0.0128723713199037 -0.0704142327098723 -0.0632585456263789 0.0925000301867141
-0.0212223271263942 -0.060287742139566 -0.00342119788863661 0.080873273986016
-0.0324651301848965 -0.0622611765432161 0.0320714281575087 0.0559841497442072
-0.0291106199404913 -0.0683546673936811 0.0607709949268871 0.034442030578343
0.00308151694080662 -0.100973087720632 0.0800230530594543 0.0430228149645476
0.073056783578177 -0.0891478048128582 0.0731558505349539 0.0776004991468654
0.11567620149386 -0.0223487879831748 0.0228872000516006 0.112815751270199
0.111126372063405 0.0931147988013375 -0.0637039774179375 0.12877921839477
0.0147478077768464 0.166852638825483 -0.122610807311458 0.085643409212415
-0.0830651893437619 0.16839675273116 -0.103044979213874 0.0684532252418214
-0.107180746960134 0.132802457112793 -0.0143520053483832 0.0321607556710717
-0.0113107176224 0.143672009058311 0.104936926809848 -0.0273740300656171
0.0693636218745097 0.10022075588465 0.0494312838824811 -0.132439342066999
0.10386195757914 0.00191742052988755 -0.0919026052636447 -0.117135418948368
0.0800783173930114 -0.0671802361772763 -0.120191953131278 0.00162718803500933
0.0212313566803985 -0.0976835868652235 -0.0681924601609599 0.0550708818365545
-0.0276925052594632 -0.0814748781424677 -0.0191239935305516 0.0516671776190628
-0.0431207223927734 -0.076721183049099 0.0158804532452524 0.0287116740831822
-0.0377402455364221 -0.0792515612217374 0.0465107682693931 0.0011608115960243
-0.00507891268315465 -0.117893054574011 0.0788483371522565 1.9230013627894E-05
0.0722415241598085 -0.113245878684975 0.098721122503203 0.0364583122371846
0.130575092037462 -0.0481968961112188 0.0681149575863096 0.0945912027596978
0.14198832249634 0.091245950404976 -0.0242312569812041 0.126050981053183
0.0282643980565046 0.18911924599457 -0.0994377509808165 0.0750111072107238
-0.0925343430740488 0.188051128715506 -0.0645021151153397 0.0239151287992796
-0.131660932033438 0.126134383317775 0.032737804183038 -0.014698997025449
-0.0404302577521553 0.166159789240094 0.127235880588044 -0.044607411661571
0.0647176988856179 0.135775923654379 0.0880794968401071 -0.132291777825019
0.125487534865246 0.0189831366831798 -0.0452295591102937 -0.133393844231898
0.097419460949903 -0.0708020862529914 -0.0881984091066882 -0.0397513681579283
0.0292525601853649 -0.108955702916072 -0.0659655820818935 0.00805923297258433
-0.0287369846596569 -0.0910687838043226 -0.0344054261799946 0.0139218548899732
-0.0471229769481038 -0.0797136901871561 -0.00171145675399258 -0.00278874040998313
-0.0408904283301986 -0.0785604063887586 0.0280107760906214 -0.0315679326994609
-0.0105495679136329 -0.11527270465573 0.0687790152736245 -0.0393369157371437
0.0633167538369915 -0.116526136470579 0.109101666310748 -0.0050982853659112
0.124069097735177 -0.0591658808714804 0.0984937965275531 0.0681852483684555
0.144318375741543 0.0798958811279493 0.00789069362888089 0.111148020543565
0.0290148644540145 0.181632180644808 -0.0803399820600136 0.0588950622372148
-0.0918806600334838 0.177267758575219 -0.0277009372611827 -0.021374318540201
-0.130286718348172 0.0975049352796432 0.0852284035189692 -0.0613544292406899
-0.0630835042958626 0.15014220209443 0.146519773443449 -0.0614326018882915
0.0428933913062557 0.139823119232562 0.118500982824889 -0.120958728992813
0.117358113256466 0.0336283325839303 0.00542533158907856 -0.131585655963654
0.0948463345044296 -0.059215706046384 -0.0458467091345487 -0.0746761957435871
0.0313047073994309 -0.0994188996223618 -0.0569883971848811 -0.0393625565077023
-0.0256023756661278 -0.084876703113515 -0.047189785923466 -0.0245983386822231
-0.0445119143290631 -0.0702401788203691 -0.0184925672710132 -0.0324409249426136
-0.0381221335064373 -0.0682215475166763 0.00930318419683636 -0.0597214861453734
-0.0112316037262412 -0.0985600079573514 0.0559057715185532 -0.0704789443743544
0.0516912584608121 -0.0999592529804526 0.110068341799851 -0.038719246298043
0.10545712838783 -0.0522764370256228 0.113545166253498 0.0451018054912929
0.122454424321896 0.07012082083052 0.0273314975851522 0.0933457463905811
0.0146262815794057 0.155336189860996 -0.0631821066497926 0.0426031499955008
-0.0867243348178459 0.140658827997106 0.0060716587967315 -0.0591807289084234
-0.100433505208094 0.0528137577659748 0.127522383252234 -0.0992313683941553
-0.065631626082242 0.102262162668208 0.15842986003026 -0.0743054284693605
0.0173685840348778 0.107523987633659 0.131550974568662 -0.106676108491061
0.0827381988014469 0.0319840376514657 0.0437993200772911 -0.118853495649911
0.068999094990413 -0.0393175566617724 -0.00901776582090007 -0.0963170027123216
0.0246635088579652 -0.0711103271234645 -0.0478387875381808 -0.0757514231084867
-0.018701751011331 -0.0628682086034334 -0.0559441578102614 -0.0564072083159088
-0.0344245872875251 -0.0509873180828293 -0.0323120968416425 -0.0564423558465775
-0.0297316890669503 -0.0504074716464564 -0.00523095963031105 -0.0812140018755453
-0.00939473001248041 -0.0726862017928145 0.0465864641020355 -0.091064530375059
0.0389840411857025 -0.0738599127418764 0.109209717655016 -0.0602431482817241
0.0827291550875004 -0.035612825798911 0.119964921316633 0.0311809887637597
0.0866499194291086 0.0624964917350903 0.0382598178172493 0.0797622510537835
-0.00775349927381383 0.116863675443258 -0.0478874593691769 0.030972501477084
-0.0759071543088182 0.0884491432911725 0.0352871146289715 -0.0828020403346824
-0.0509569539304676 0.000210722025795976 0.149459484005608 -0.124970106265169
-0.0478146839961509 0.0361666510052315 0.156749632566766 -0.0835793028753868
-0.00140992085779715 0.0491976955423667 0.129659003977944 -0.0989394058843703
0.0329387756091734 0.0157443981419515 0.0603283832940685 -0.108984157269001
0.0274005035832574 -0.0160724229328396 0.00754862659948654 -0.107137381449051
0.0117655514541498 -0.0304933188742521 -0.0448973592474752 -0.0940964006664199
-0.0089028109414517 -0.0295301139143578 -0.0620178497441313 -0.074485117403414
-0.0193273203003735 -0.0240793376000152 -0.0405296003746232 -0.0709571903102389
-0.0178514834410887 -0.0274979158096618 -0.0136175115200287 -0.093713784677243
-0.00741569876460044 -0.0418836360787158 0.0427086361543827 -0.103317910408617
0.0233807563303862 -0.0433874261439031 0.10984768775652 -0.0717699805298814
0.0559510431093789 -0.0177871251545535 0.122827138779882 0.0264627630586706
0.0473544705180687 0.0509131354692671 0.0439900399922336 0.0752258113535782
-0.0262318632352402 0.0697359816430911 -0.035878048924819 0.0255443343681802
-0.0578409926386046 0.0265453195261419 0.0589426867772097 -0.0901876729485511
0.0217745565034286 0.0285365274824434 -0.0581643977758693 0.111692127208666
0.0148248207971703 -0.0171534392183012 0.0576662103270214 -0.00592883764860295
-0.0111711488603827 -0.0195783967345342 -0.0346813486388277 -0.0914815068238766
-0.0136807168859057 0.00789212645138303 -0.129986755655166 -0.0382412130488097
0.0054659271344487 0.00980728329826414 -0.122967815820826 0.0828391620344496
0.00498418569089933 -0.000447390113730191 -0.036883589417339 0.122068759162431
0.00241259398178757 -0.00301807428088517 0.0217329614338069 0.0985620050906034
-0.0013369270126093 -0.00920857703879806 0.0513791153503509 0.0775151423251736
-0.00300549191907901 -0.00943911354345571 0.069271120846066 0.069209007428466
0.00083382609376317 -0.0154886533519664 0.0609980682987689 0.0895084869563978
0.0148275597631376 -0.0127924614429137 0.015997568262777 0.108739531727072
0.017804877459998 -9.65584503756839E-05 -0.0500471517508443 0.107429994807891
0.0244341735736365 0.0103402859153967 -0.110881992656888 0.108442819489822
0.0186105167910286 0.0316516511310392 -0.154653709628599 0.0902768772176458
-0.00380780213830574 0.0596642235814427 -0.15144276250347 0.129358541721665
-0.0143700415116691 0.0776454235286864 -0.0588514620535113 0.100177471324963
0.0207250467262301 0.0346943933349299 0.0651392554010853 -0.00870367133732232
0.0223767127414946 0.00840459411408238 -0.020211362695783 -0.102962695912045
0.0207097026475908 -0.00454157747290994 -0.131401099117996 -0.0542003099323867
0.0249246153060042 -0.021112011000773 -0.128145953501963 0.0708956048077054
0.00467499097242228 -0.0349238511550892 -0.0450648106071011 0.113885543850838
-0.0123151885587386 -0.030701399896172 0.0151278748546607 0.0937092781201027
-0.019728792781171 -0.036264846920926 0.0464271180695381 0.0696085983304716
-0.0182061320929755 -0.0414088405184317 0.068006350352427 0.0544726774581639
0.00199193433688616 -0.0633817662257755 0.0733160631885817 0.0704090711890658
0.049415330341093 -0.0531190594527267 0.0443770849170804 0.0991668164621405
0.0728468318311391 -0.00488402340144673 -0.0184378778201197 0.113018144557415
0.0663863561064627 0.0622699705987902 -0.089866572802364 0.119914573980012
0.0117035034959168 0.107563417753625 -0.136229497254894 0.0915432818653161
-0.0471771811136719 0.122175998535239 -0.128207133151169 0.10759357251259
-0.0572871073127015 0.115601369260362 -0.0445598765827525 0.0718875568299807
0.0156305449870013 0.0908435946847064 0.0788650750496597 -0.0175248451309835
0.0536652617273142 0.0472369706052792 0.00607272280954427 -0.119493892709922
0.0611938190724432 -0.00992179787769346 -0.121709791000173 -0.0812929863700364
0.0483061821249673 -0.0497501505315329 -0.128467181893529 0.0447981282607801
0.00799042571435654 -0.0686952029987217 -0.0557627384003078 0.0922968257296179
-0.0240772155603339 -0.056770851567291 0.00143242899322838 0.0781449248451841
-0.035111576224907 -0.0582804405698184 0.0340887853440735 0.0520132790980287
-0.0309135815220987 -0.0641211563777512 0.0597149166733946 0.0283726635371173
-0.0037258868173273 -0.0976042911138039 0.0797107195953304 0.0358239823332638
0.0645819831289037 -0.090692198471562 0.0763223914754584 0.0706688447387801
0.110246269129325 -0.0280531333933127 0.0264084344424292 0.108353680015822
0.112250202944598 0.083257845381598 -0.0558939585177758 0.127947877530342
0.0227280488629003 0.160853001264475 -0.114283284129031 0.0877279580657752
-0.0719440007855894 0.168182619882664 -0.0962563677545649 0.0718076277743457
-0.0957410027582669 0.134515279360969 -0.0131470811071935 0.032421812889367
-0.00323210502175406 0.138928388887146 0.0989001548042417 -0.0314559405348485
0.0719681062064443 0.0928022091578556 0.042120301580243 -0.131383388597595
0.0997615915387702 -0.00372683365492994 -0.0934245283744035 -0.108425884374452
0.0728332810782181 -0.0697284762855896 -0.115145654790214 0.00681900707517315
0.0141084622302487 -0.0954873484523302 -0.0628176344756758 0.0566619899404857
-0.0313670807878236 -0.076761274607281 -0.0150895853458001 0.0504356299631209
-0.0459739539107585 -0.0708311512703839 0.0169339850666612 0.0266638690034177
-0.0404756377083022 -0.0744491061281236 0.0442011012317714 -0.00224148981739338
-0.0122252816842155 -0.113282918320365 0.0762583999506028 -0.00530197130687214
0.0629446905591218 -0.113718527872082 0.0982557530795457 0.0290617296037633
0.122814637407461 -0.0536981360571476 0.0697138072529533 0.0877982094331324
0.142168063232968 0.0796752909198829 -0.0179327474858625 0.123514501528457
0.0374279998117785 0.181496464933715 -0.0933336396112795 0.077167273957678
-0.0801146310952587 0.186887965621897 -0.0609695505603436 0.0268322387372879
-0.120179151320459 0.12948037947457 0.030692313886697 -0.015769931331173
-0.0299886074618653 0.162016476228545 0.120241244830684 -0.0488798925892851
0.0702683421596641 0.127497811526936 0.0801328912519546 -0.132847449405107
0.121945338276698 0.0122280058215127 -0.0486801244120966 -0.126742375801474
0.0896204081027749 -0.074304424206209 -0.0862494584604533 -0.0350595816005918
0.0209913984882423 -0.106500613005314 -0.0633095359734791 0.0111022571029485
-0.0328927246269273 -0.0862349767928093 -0.032225149562158 0.0157435547320389
-0.050195489033552 -0.0735560231441745 -0.00190887356677878 -0.00276459895420067
-0.0437692035316946 -0.0738467082701377 0.0243759946635544 -0.0329081579029853
-0.0170981783216117 -0.110553952843091 0.0646283990801379 -0.0429060289704411
0.0542710930443262 -0.116419481070541 0.106084142696678 -0.0122049757647275
0.116157236250035 -0.0641027796775472 0.0977084250642174 0.0599641391994157
0.143610231645108 0.0682739916306007 0.0116824555937928 0.107600616043741
0.0380856649451418 0.174088393505877 -0.0755897115169607 0.0611763876878918
-0.0804288670574429 0.177665042917256 -0.0280194530544419 -0.0192104264194558
-0.119705763682952 0.101330468935453 0.0788246017528306 -0.0627481944431459
-0.0524205414919984 0.147870018154019 0.13841496828523 -0.0660804761926339
0.0490582718777911 0.132464597952841 0.109102292435019 -0.123191476013311
0.114680563214271 0.0261303848244372 -0.000398040637223416 -0.12733659594181
0.0875201712334031 -0.0628781297882701 -0.04731346357977 -0.0714264367618034
0.0236976640872948 -0.0973297263534155 -0.0574149889515434 -0.0353611039574497
-0.0294073298763781 -0.080133402843604 -0.0464001015520665 -0.0209635858827768
-0.0466190113391368 -0.0642305391933095 -0.019723893808422 -0.0302164413811091
-0.0405041304152938 -0.0636347673692891 0.00486702473067405 -0.0586501940472816
-0.0169187751220998 -0.0939177429955136 0.0502922806412308 -0.0712923882909304
0.0442225004011091 -0.0995723407805741 0.104750780113759 -0.044382989089631
0.0984900912359478 -0.0560293572622534 0.111128940601559 0.036710544166657
0.121115473530114 0.0603116620043575 0.0297771830224676 0.0888207592863965
0.0226249137346397 0.149341349834142 -0.0594471654422366 0.0446903587992939
-0.0762215550601684 0.141471012682966 0.00220979506656982 -0.0569778878025877
-0.0938030186934648 0.0566119371736823 0.118367427103012 -0.101660167861642
-0.0577079905447234 0.101987741172859 0.149663500887227 -0.0787571971237016
0.022653197275124 0.102334603451443 0.122638647618603 -0.10968741083423
0.0810199538651043 0.0265781275724401 0.0373741275524664 -0.116629728812329
0.0639919980175293 -0.042075743847111 -0.0128096513164542 -0.094132285734894
0.0193312036165805 -0.0698951495200639 -0.050905396716096 -0.0707731435197188
-0.0213671034523224 -0.0593965021141295 -0.0568808390763324 -0.0510676987092424
-0.0362691389916018 -0.0460608616954067 -0.0339392781945965 -0.0521444035092622
-0.0315070709344149 -0.0467320975326311 -0.0102181621697285 -0.0776137825075865
-0.0135429294008544 -0.0693730771983996 0.040152582901488 -0.0911872400837974
0.033362448837359 -0.0729352192791769 0.101906434504415 -0.0644575637443465
0.0775332277178581 -0.0390797128263949 0.116884325776578 0.0230224025626124
0.0865701884161531 0.0549765655906363 0.0397932922222832 0.0751265891204378
-0.000744136606882874 0.11338232683423 -0.0454635277006253 0.0327845237872685
-0.0690027805311426 0.0896928201532529 0.0297448946382148 -0.0811871514427374
-0.0487413810508814 0.00334761587250664 0.138516817655887 -0.127649241965989
-0.044252372596595 0.0375724181544929 0.147757022051546 -0.0868844812498792
0.00139339466760567 0.0469634939505597 0.12103268237354 -0.102805707818595
0.0324297718128645 0.0135057458562084 0.0544067571561264 -0.108377313448297
0.0251219603901617 -0.0167669826593442 0.00175703682975266 -0.1055114147783
0.00961646665535978 -0.0300104755998998 -0.0487315404681198 -0.0880963512701889
-0.0101947333767201 -0.0276546387744839 -0.063678166532415 -0.0673253351519986
-0.0198356962671007 -0.0213287835000939 -0.0431546453853271 -0.0654619823243178
-0.0185160842815376 -0.0254540932137434 -0.0186672134374788 -0.0891740101459243
-0.00961276822566011 -0.039407876082724 0.0351894125082365 -0.101744073625858
0.0200518689807349 -0.0427665681958189 0.101963803016545 -0.0760343438877561
0.0525516301833688 -0.0200045038080086 0.11999543976348 0.0187831603707154
0.0481022854690832 0.0460303225589975 0.0449566522007828 0.0706950623967757
-0.0214880248110998 0.0689560686250703 -0.0331565857258707 0.0275471653825162
-0.0539824000309696 0.0288789949243265 0.0516627089449543 -0.0896008579291574
0.0252906778433638 0.0253810862450191 -0.0435981134136979 0.109160326820771
0.0125798003816061 -0.0176754237494871 0.0520861626995416 -0.012200639238581
-0.0135739259185144 -0.0170408573991526 -0.043549304632287 -0.0809635852320194
-0.0121856982292748 0.00878433701621363 -0.126708446015688 -0.0188851986694827
0.00577388831740019 0.00775272689586628 -0.104301129769974 0.0938242969039922
0.00483693611828387 -0.000866289625600416 -0.0194047552277018 0.119250911607472
0.00236001086296423 -0.00274807766864851 0.032015854910412 0.0903527607629164
-0.00269614738647481 -0.00827665734253847 0.0574519325007349 0.0650713391601497
-0.0039995591952998 -0.00946254316646492 0.0722210814241738 0.0555695634897823
-0.00142007602597435 -0.0153408413731921 0.0691084101016239 0.0749432253362398
0.0124224332600422 -0.0149915099417821 0.0275880206051816 0.0998599901763235
0.0179213406281096 -0.00237668670009792 -0.0349478029628618 0.108289640288995
0.0244676594540715 0.00688891277590347 -0.0908215041126205 0.114990449986681
0.0226069494855233 0.0281619681736276 -0.132482064530146 0.103370928783032
0.00581392977341116 0.0567487541229202 -0.128080433294153 0.142900354707811
-0.0032786519271701 0.0777583093843285 -0.0432222384024739 0.0946552491338173
0.0235863191646631 0.0299238148003921 0.0582335482100198 -0.0172755094969015
0.0212304504518406 0.00471229582573746 -0.0318061975824161 -0.0959838142369983
0.0179851924086946 -0.00615076899117571 -0.130969037463778 -0.0340483468933755
0.0201530651807051 -0.0231244990345342 -0.112350765263512 0.0831563161132378
0.000258001308584126 -0.0328894413902289 -0.0292863808200186 0.112861088211186
-0.0148256492619349 -0.0265334369789326 0.0243566566811807 0.0864006041991084
-0.0229724526176486 -0.0313499962916292 0.0515579084223341 0.0584409330689269
-0.0220043307939432 -0.0371354095826313 0.0690778552925588 0.0410308373266068
-0.00635996232609686 -0.0593153855661342 0.0767081007494321 0.0541060052174848
0.038795725262149 -0.0566832309375938 0.0525428347734137 0.0856539869572781
0.0680785899927229 -0.0133180506408866 -0.00442717868265604 0.108390088630392
0.0706727704273596 0.0487552460965579 -0.0673453245134183 0.123415835589456
0.0251949251856251 0.0986274645089224 -0.113653015998723 0.104890959306178
-0.0264999918792529 0.119911379141939 -0.109880845519139 0.120804062141708
-0.0388411013216046 0.120317655732141 -0.0297681565349518 0.0631356862084354
0.0251232107224846 0.082877668977728 0.0710969494863269 -0.0287498625917179
0.0552510399197203 0.0374947126274761 -0.0100877515350912 -0.116005577646489
0.0551308715130736 -0.0155629093658588 -0.126668863009745 -0.0608865028365907
0.0385324960566959 -0.0527438276651407 -0.117358739749509 0.0589040793172876
-0.000603311868412516 -0.0645289080163772 -0.0430165887362175 0.0947664501068248
-0.0290074562566116 -0.0495083173561577 0.00845801820489385 0.0738066488667706
-0.0397309660976881 -0.049314707916654 0.0380464855884066 0.0433246943590246
-0.0371471128863597 -0.0561789172716808 0.057411457837554 0.0177678506598236
-0.0162934810021881 -0.0898043017418041 0.07742405009699 0.0205122179174037
0.0478873898856298 -0.0936772512868478 0.0783621420193354 0.0547181027205438
0.0994619113496529 -0.0390999884648862 0.0373931760792281 0.0965296920665247
0.116493726759169 0.062075189029535 -0.0333567669635289 0.126403306329095
0.0426057934658835 0.145872805004274 -0.0921491436981479 0.101329883039829
-0.0433383274040171 0.165623954576213 -0.0852974125194585 0.0844223231895326
-0.0742667274840792 0.142859170763215 -0.00275048149202159 0.0196489853485864
0.0128550606633503 0.129974798346891 0.0886333780740147 -0.0458289997453736
0.0787012318360106 0.0773228229768303 0.0220760535250084 -0.134722729182944
0.0921852632759974 -0.014497642446835 -0.104886601654769 -0.0910555484072292
0.0594144465109789 -0.074208962515756 -0.111079683199009 0.0218186819141871
0.00147897086565523 -0.0902306436300008 -0.0552235568367734 0.0622920021535471
-0.0380645106096989 -0.0675787968870847 -0.010821956667292 0.050299752882604
-0.0515667598306229 -0.0603837200970285 0.0187958125653338 0.0222803165357132
-0.0468251056599647 -0.0648944270515334 0.0389415917445886 -0.00900646259937863
-0.0266208063920224 -0.103457384809022 0.0685737784145767 -0.0173214659665766
0.0429119449425402 -0.114981039624857 0.0937577395659888 0.0130311443943984
0.107426373465019 -0.0652175288324452 0.0755142490411897 0.0711052354635672
0.14381390397464 0.0540570275050918 0.00152969872793347 0.116633225156628
0.0578660475160983 0.16277515822204 -0.0727993524445226 0.0900015409633213
-0.0484917855048784 0.18322678907151 -0.0573015477040406 0.0383799618237443
-0.0981509502142714 0.14076653694953 0.0352169440999888 -0.0307138927979603
-0.00990547785637334 0.154414892409372 0.107810413885665 -0.0654442690766752
0.0807703731690332 0.110132296741189 0.057856605702101 -0.141960526256235
0.114750890175504 -0.00228957895303405 -0.0660803245032886 -0.114521978592049
0.0746136952787695 -0.0799602639473519 -0.0900947493815136 -0.0225729404081936
0.00681999025412112 -0.101884099561438 -0.0620294656253246 0.0195053716172505
-0.0409271058010225 -0.0761093363615515 -0.0308556171070412 0.0192628951053513
-0.0552373802660322 -0.0615404097882667 -0.00241408196888765 -0.00216862481925675
-0.0499367020328699 -0.0632420701824677 0.0168872581327566 -0.0343487359240565
-0.0305929493378569 -0.0995850614507163 0.0525580378016477 -0.0504894547116512
0.0340181494153647 -0.115517153375003 0.0958201497266304 -0.0267897570790737
0.0990927718383467 -0.0739729434359174 0.0987165405027181 0.0414064399534082
0.14297891544286 0.0433159764797976 0.0274100063099971 0.0977481314350926
0.0570529951848879 0.155986032303476 -0.0578478990799381 0.0727323690255396
-0.0506825179078316 0.174207063605494 -0.0312764017651734 -0.00942668596187339
-0.101475185762139 0.112677592653291 0.0747939485017681 -0.0788208574737531
-0.0326645487615331 0.144032596848671 0.123606085738644 -0.082940490333467
0.0613982816490569 0.117418629174823 0.0871303142594427 -0.136354705886201
0.109767001571998 0.011382764735104 -0.0192345162049774 -0.122739193669561
0.0741345829823529 -0.069217256113704 -0.0574025080601206 -0.0620427929484993
0.00996238261368627 -0.0936490920532166 -0.0623565638956434 -0.0247437142647169
-0.0371821734041617 -0.0710268127050606 -0.0492457357074056 -0.0136634282866179
-0.0513760165139272 -0.0536350617169913 -0.022762399613888 -0.0255675190428537
-0.0453494446588425 -0.0539315377879749 -0.00433037339874359 -0.0558315753366057
-0.0278579277081577 -0.0841093313803361 0.0361587140061676 -0.0748413093332606
0.0266863847112255 -0.0985354587105508 0.0916531646406749 -0.0563283203988003
0.083500803264487 -0.0644568971293059 0.108949669581858 0.0180160957905412
0.120531991230157 0.0383558861098066 0.0413297178466122 0.0786172868459382
0.0397259420062414 0.134506792373321 -0.0460036155355199 0.0553777057209109
-0.0521718620363402 0.140239828330791 -0.00699922951425504 -0.0498552400064389
-0.0819856044517757 0.0655831703418803 0.106394349785033 -0.116342934627147
-0.0426476807219708 0.101552330223149 0.132815707795019 -0.0946538732986498
0.0326844768378618 0.0917730404238714 0.102085394534592 -0.123429668339706
0.0779763418744261 0.0158920357412563 0.0189833007717582 -0.117755698720189
0.0547023938065146 -0.04702097190562 -0.0276254386804259 -0.0883236229631106
0.00967789089789695 -0.0671580692999434 -0.0590603691630875 -0.059839633694305
-0.0276601386521186 -0.0524705251241895 -0.0624165814424522 -0.0405025579164093
-0.038739680734005 -0.0380389601580242 -0.0384124280757105 -0.044114605667667
-0.0350461673543581 -0.039619769552749 -0.0200541345587482 -0.0713262523879885
-0.0215158883115763 -0.0614554512083078 0.0243181294143236 -0.0907960649629546
0.020519532880434 -0.0719166799266672 0.0869712865033679 -0.0746119070696926
0.0658222643733238 -0.0460871637322589 0.112389694074163 0.00546017679168471
0.0869585942719731 0.0380078787174074 0.0486830082116968 0.0657769783526703
0.0143844613225667 0.104110980948967 -0.0359054129078007 0.0415802825092179
-0.0519474819597749 0.0912827833837823 0.0159391032669366 -0.0773327767139168
-0.0459210486628372 0.00813806040354554 0.118936738008504 -0.13826049679856
-0.0368742402068638 0.0395261041170947 0.129400955173865 -0.100543199908614
0.00643314831148908 0.0427451211083455 0.102372262009366 -0.113403730308212
0.0312802833687447 0.0088962083502367 0.0365571723187532 -0.111084902267143
0.0218728889596204 -0.0187779204250553 -0.0131554589516605 -0.100392441864913
0.00532890082006095 -0.0292999016045087 -0.0582819100278776 -0.0766872555045665
-0.0131422730129821 -0.0243660871322156 -0.069837050742983 -0.0555923964649208
-0.0209771516088346 -0.0174481512848818 -0.0484799828148651 -0.0555125831702598
-0.02085622840342 -0.0210350598811923 -0.0288457391408768 -0.0805368620815338
-0.0145244041874736 -0.0345242644689451 0.019839458395877 -0.100081965629152
0.0122856390510299 -0.0421993297808919 0.0857559958969625 -0.0839256383016095
0.0453385928390889 -0.0255092298553997 0.115181420566698 0.00217974519672334
0.0499953597587962 0.0351152551910604 0.0520120748680756 0.0616805106688314
-0.00999445293568588 0.0655060961186159 -0.0268210371902931 0.0341497187792559
-0.0461873420665861 0.0335039148362494 0.0359413963101241 -0.0897989946793828
0.0237514676297881 0.0240821369488507 -0.041590746323342 0.103340590883496
0.01195763487393 -0.0167056689367118 0.0489754231364084 -0.0111434122345567
-0.0132919111015001 -0.0160483253142429 -0.0405728534470774 -0.0768866469234021
-0.0116241130969341 0.00885290774591153 -0.119725075779103 -0.0196769137980978
0.00558077263375933 0.00715469431369345 -0.0982475141131071 0.0876318662993159
0.0043968437165537 -0.00107718899496026 -0.0192018688931747 0.111919663070717
0.00205923288756348 -0.00252608514314336 0.0289302287581709 0.084795367232099
-0.00244689362013155 -0.007777284821534 0.0540255599052252 0.060872787573985
-0.00365495219541764 -0.00896157396649197 0.0673895092244146 0.0521274757917752
-0.00133698678462839 -0.0146139634170387 0.0656673039584814 0.0697982912972947
0.0119063918416091 -0.0143523573468377 0.0258074573242026 0.0951103968592249
0.0168747575237883 -0.00187139785336225 -0.0343220109423932 0.103060112174246
0.023345883306173 0.00668315309334627 -0.0862673943223824 0.107430115724627
0.0212340949472355 0.0271514501029844 -0.126232603668399 0.0957789189656611
0.00532026099140294 0.053540069354694 -0.121852126283961 0.133665263082531
-0.00281538105488542 0.073780124114933 -0.0412478037238798 0.089447888813856
0.0221104199793413 0.0284024203526798 0.0549424830045805 -0.0156270039050462
0.0198935718051878 0.00436482948565597 -0.0287414586106207 -0.0913097455108238
0.0165798105204055 -0.00579949344656422 -0.122827805834648 -0.033461835090268
0.0189634333463383 -0.021917973697424 -0.105994871955357 0.0774884318831378
0.000374468779662284 -0.0313774620214688 -0.0281227511175512 0.105849564646756
-0.014348771203403 -0.0247194315838184 0.0223119373009214 0.0811212305344878
-0.0216107486565215 -0.0295016146530004 0.0485494465903098 0.0546718367685856
-0.0204642156803845 -0.0349993634809668 0.0648353518939837 0.0379085501188288
-0.00623742241957976 -0.0563677082014611 0.0722814371153109 0.0502390652953743
0.0365656888475416 -0.0537741945923102 0.0500082320179383 0.0817870627763936
0.0644936956153337 -0.0122625382548891 -0.00515377078572236 0.103137195456892
0.0662512839338908 0.0462072856308854 -0.0652541113510107 0.116385754103516
0.0235376850300983 0.0936960016132616 -0.108814109294915 0.0975375612997612
-0.0257953893457519 0.113544069526349 -0.104793268612075 0.113476262616146
-0.0373203804183092 0.113984498562156 -0.0285759043530793 0.0602445068562323
0.0230378692594077 0.0781000601509974 0.0665126142748257 -0.0263895167702528
0.0519854433658044 0.0352370047136007 -0.00828958872597241 -0.110399011744299
0.0518548042876911 -0.0148339507765386 -0.118545856854676 -0.0587144175477161
0.036582790431624 -0.0498593562267655 -0.11107550367415 0.0545266882469202
-0.000963432332156845 -0.0609867568016061 -0.0408442032705809 0.0890910556132555
-0.0274050879394461 -0.0468767443861571 0.00793071133162067 0.06878100097312
-0.037403265171828 -0.0468268332079104 0.0360130638557579 0.04067994520079
-0.0346950260010074 -0.0534342307472502 0.0536178060746991 0.0164551084260457
-0.01546430017686 -0.085421402640589 0.0734950492863641 0.0187044839056371
0.044498044931832 -0.0884939184872245 0.0745818251205391 0.0517139915921073
0.0942779216651728 -0.0376082239157731 0.0347530570359137 0.0922724857463825
0.109695022614546 0.0590254405709081 -0.0332950856289184 0.119799081430907
0.0394622347787204 0.138407369515487 -0.0889550388262286 0.094795423188293
-0.0421860652363999 0.156983749342036 -0.0809725082927235 0.0796168982534981
-0.0702253748416189 0.135376182117269 -0.00336620346942349 0.0194033893407904
0.0116060169137794 0.122554722593871 0.0836964554586636 -0.041801873921606
0.0737322918208953 0.0731494991836288 0.0225186833187916 -0.127428936079321
0.0867521232272196 -0.0135502617312185 -0.0976917330998926 -0.0871860527207775
0.055710933188371 -0.0703743322392352 -0.104649533587887 0.019233284119965
0.0012378175167047 -0.0851919932054221 -0.0525625528066891 0.058629682891893
-0.0359707784938861 -0.0637018674455598 -0.0101744571011903 0.0470507548245033
-0.0485732853377442 -0.0565789480707706 0.0176556803142374 0.0207144560897062
-0.0442834373027176 -0.0614700739250107 0.0359244718204006 -0.0086480050515532
-0.0253319182706845 -0.0978825662511721 0.0642006859687227 -0.0168370351366763
0.0393895787461284 -0.109306394197248 0.0890412717635435 0.0117951920812327
0.101582790540552 -0.061379294563703 0.0702733825710837 0.0680248484423265
0.13504468914623 0.0512643301836024 0.000300198833223393 0.110649203855395
0.0542039294825731 0.154527627347596 -0.070073311337688 0.0846368482605877
-0.0473747859534999 0.173993427449285 -0.054741533092331 0.0360949973903339
-0.0930037637341797 0.132416470062168 0.0325241464918726 -0.0279222148966829
-0.0103685204360551 0.146068955351721 0.101820703954418 -0.0604969066986958
0.0760042940197182 0.103832744270001 0.0564108454563912 -0.134702426980312
0.108173989096076 -0.00195396949942358 -0.0599746285070105 -0.109012303057196
0.0699792569918463 -0.0762071952189191 -0.0847143713973883 -0.0227482792859583
0.00585311610541167 -0.0958808403820104 -0.0589880285963144 0.0178310995610326
-0.0387250014851813 -0.0717306129446665 -0.0292582066906688 0.0180629471567205
-0.0520102385699089 -0.0578045600445042 -0.00192559664488079 -0.00241073473182593
-0.0468252561973133 -0.0598291509026344 0.0151350200575016 -0.0326128272492611
-0.0289421649870917 -0.09402934121644 0.0493088051111732 -0.0484306487800611
0.0314464337386916 -0.109977392899384 0.0913944221936297 -0.0261549638954912
0.0932769448553234 -0.069650744316757 0.0922120355113377 0.0399384341421502
0.13457309636629 0.0410095200049017 0.0240969519927436 0.093742891691969
0.0540808874968258 0.148107525502827 -0.0564077061081966 0.0689044081305835
-0.0490351195181355 0.165104875564367 -0.0298164934275301 -0.00880016987093693
-0.0966025231190078 0.106268378601234 0.0713391014430061 -0.0735976376892016
-0.031978559925917 0.135964733573857 0.117356246389333 -0.0765853503611442
0.0569777206885532 0.110609353845511 0.0835051135468336 -0.128116806753049
0.103245501190448 0.010705772633248 -0.0157338419564846 -0.116394935572045
0.0693361636406097 -0.0655498722516295 -0.0538991402233501 -0.0603656001467725
0.00944491819315491 -0.0883441195577873 -0.0595120595105881 -0.0239038595687148
-0.0352067761059232 -0.066836071420502 -0.0460981323965737 -0.0124866990174067
-0.0478530872717795 -0.0503315004395441 -0.0209587012385588 -0.0243054077282644
-0.0428309655485426 -0.051058856770672 -0.00412570290182322 -0.0521482425505875
-0.0267391517492258 -0.0793398593792162 0.0339410257437742 -0.0714743491538112
0.02471804953008 -0.0928452768897608 0.0866583377680817 -0.0542844408819437
0.0784411869552434 -0.0607885954078898 0.102188888049472 0.0177967671241468
0.113063522918357 0.0360787049019189 0.0380390202176709 0.0754656025965137
0.0376572190317226 0.127626906532673 -0.0443801771678707 0.0527540147474242
-0.0496678510197609 0.133245739971836 -0.00677338008120792 -0.0470709817071518
-0.077773021386217 0.0617527940187244 0.101850564035596 -0.109019944706391
-0.0405539411768029 0.0955551336810936 0.125668349239801 -0.087539967024996
0.0303659646904052 0.0867601909217196 0.0983284330190652 -0.116056142794911
0.0734789165679988 0.0149112266621897 0.0199755990974933 -0.111161849600236
0.0512809213588243 -0.0442411876853353 -0.0258304319631716 -0.0850761608918585
0.00875954195837316 -0.0635428347550703 -0.0563177286322236 -0.0563774942026751
-0.0263451568564429 -0.0494589397855605 -0.0583190084997083 -0.0377877315787751
-0.0364566175645318 -0.0353620434671508 -0.0359752184319314 -0.0421643505286297
-0.0327609472329425 -0.0372956599487756 -0.0190762505287627 -0.0670984307508847
-0.0204074704617194 -0.057779213047494 0.0236497346744714 -0.0862285955570406
0.0197347979641844 -0.0682060017290811 0.0824533933578645 -0.0710342748666591
0.0618276442573462 -0.0424700621111831 0.1060754941057 0.00551196070891596
0.0818478581192838 0.0358699999642274 0.044712586657275 0.0632100048345527
0.0133938712293674 0.0979428440114498 -0.0340635835841915 0.0400036046526725
-0.0490020619023687 0.0864334282500136 0.0151719391590851 -0.0730503372880845
-0.0430711477632254 0.00738746598962031 0.114860879162378 -0.129480155257467
-0.0347171438068051 0.0369925042545436 0.124127377219468 -0.0932952094588892
0.00583973416248693 0.040298818398067 0.0979277373585184 -0.106079440002413
0.0293166228068099 0.00850134474397039 0.0363235764758695 -0.105200573630814
0.0204517098038119 -0.0178303894211773 -0.0119893333492414 -0.0965576255936411
0.00509118166399769 -0.0274638570099194 -0.0553539758940261 -0.0727166507301887
-0.0126635612206417 -0.0231208474765851 -0.0657642015004665 -0.0520822099220613
-0.0194244923689342 -0.0156918012460944 -0.0454273969779313 -0.0527038243638506
-0.0190977502565841 -0.0197276769638963 -0.0269988011968724 -0.0758923969078952
-0.0138040228871676 -0.0317416445454669 0.0192803253162449 -0.0949897138690173
0.0114538165409894 -0.0394243586303059 0.0812077640082853 -0.079367816605132
0.042545746497801 -0.0232994433685264 0.108777605563049 0.00239861555086303
0.0470773736921868 0.0329131314959789 0.0476862027891006 0.0587982093779666
-0.00951209769719724 0.0617589582079128 -0.0254477098794779 0.0326464396486197
-0.043400851346061 0.0313553948774973 0.0342921268945454 -0.0843331461991437
0.0223323400639844 0.024591496362168 -0.0433888898204304 0.0989678398010226
0.0120842754941171 -0.0153806593779339 0.047780052070953 -0.0082324027778035
-0.0127178728860376 -0.0157193971350195 -0.0359375214882586 -0.0757593489834728
-0.0116899298003372 0.00794326575357362 -0.115620971590616 -0.0236883856477356
0.00576203863969952 0.0067858832109901 -0.0978819594880313 0.0824561451147103
0.00420652352355827 -0.000760110641720719 -0.0214336963608472 0.107799251179251
0.00198253586189119 -0.00264079230801016 0.0252688654222417 0.0824689619670449
-0.00230746365861198 -0.00798104689781942 0.0501791404842777 0.0603673562428236
-0.00367806957344843 -0.00931309279395088 0.0641712789407963 0.0512358017030185
-0.000518543573359437 -0.0147142201422306 0.0614259646497625 0.0690408005241435
0.0117861284958716 -0.014036008061488 0.0225792607931285 0.0931991738266452
0.0168167070079827 -0.00123008559005386 -0.0375305422217308 0.0995703636909542
0.0225473096785472 0.00744213759793914 -0.0868507439144046 0.101415550882261
0.0194329302821575 0.0267310479961982 -0.126416862550729 0.0879614078218388
0.00375891681733847 0.0525468620318926 -0.123150885786918 0.125846228364667
-0.00480343968181442 0.0715458425665991 -0.0432020070640704 0.0865795367074501
0.0208552288139522 0.0282085746570254 0.0533650440648287 -0.0129267204737584
0.0185939702604098 0.00480105397011187 -0.025473169352527 -0.0894583700343649
0.0163208653016031 -0.00506896985725143 -0.118129130286946 -0.036885616603517
0.0190151598014565 -0.0209641668571222 -0.104484701044874 0.0718165173888303
0.000952561088492869 -0.0300912844411583 -0.0301265981678151 0.10180849323084
-0.0128914909880715 -0.0245748997367709 0.0187246096741866 0.0788336093111018
-0.0207830623865726 -0.0292016943526981 0.0454563961392024 0.0535023433486863
-0.0186501482394134 -0.0349616986083831 0.0610214284774733 0.0378672530642285
-0.00473787196423677 -0.0548230637395062 0.0688161946904272 0.0501981936613837
0.0363614223338623 -0.0515613049707786 0.0470168641681976 0.0800769163315196
0.0630123208621603 -0.0106478728731778 -0.00906782633410792 0.10052696585061
0.0629090814832983 0.0467889969281066 -0.0671117334839733 0.110946926648395
0.0199990768882247 0.0919350852424606 -0.109622708663943 0.0906294763494034
-0.0283962107878304 0.109556621333041 -0.105468313962067 0.106944815258961
-0.0389008220787823 0.110035930403985 -0.0298979770805091 0.0581791979735642
0.0199959158673137 0.0762604340030691 0.0651030142627831 -0.0226358732537493
0.0491905623323167 0.0357385005216732 -0.00385134975540268 -0.10773763486329
0.0504428909553146 -0.012518714198857 -0.112404621407967 -0.0614785406962006
0.0362202028564644 -0.0472273823051926 -0.10822392645383 0.049355161510295
0.000476256501666634 -0.0590261836670897 -0.0424800515562324 0.0845701436279943
-0.0253506115623212 -0.0456914257038585 0.00589544571568764 0.0663681801350269
-0.0354892354528286 -0.0457685149201771 0.0334034182180824 0.0400819349049033
-0.0322216715631386 -0.0529865378414819 0.0507836556252619 0.0169305910095643
-0.0135925069845179 -0.0831165039399048 0.0702045046221811 0.0188996328167367
0.0448247428019278 -0.0854977565694343 0.0719090105838326 0.0515963682177925
0.092480606583311 -0.0335304900499943 0.0294578350594796 0.0913193054831232
0.104620055938595 0.0601281322385552 -0.0367873699727505 0.114994391782218
0.0345896240167676 0.135755547517766 -0.0903033770858171 0.0890166402812727
-0.0459855455956063 0.151240496808167 -0.0818056481436907 0.0754234190307723
-0.0720164726760573 0.129446414508699 -0.0041549685654817 0.019811377391316
0.00744053334976681 0.11923817406433 0.0817672390436809 -0.0373211259953785
0.0696664409646009 0.0727862854201867 0.0265344084337918 -0.123606520671214
0.084405043103342 -0.0105093297265704 -0.0906636552288428 -0.0880981500246046
0.0551918386361513 -0.0669288659514073 -0.101614106350168 0.0143122523934827
0.0030981107377947 -0.0828559762869433 -0.0527607788301684 0.054935412376273
-0.0334312321955059 -0.0627150272107111 -0.0105413281495784 0.0454994775065491
-0.0455091844623417 -0.0557534816833281 0.0166335761381396 0.0200511911799653
-0.0413053917249585 -0.0611310503353691 0.0346118791118208 -0.00815154693970171
-0.022308271428482 -0.0954679312784116 0.0623996898511412 -0.0153692436968152
0.0406347185013572 -0.105756096192661 0.0866955530677479 0.012761948198976
0.100231777702692 -0.0569446313097036 0.0656735376106207 0.0686195532380885
0.129730468862189 0.0530596044983612 -0.00428191538370736 0.10801512940515
0.048684835451944 0.151878739974905 -0.0716994022687061 0.0803428720395928
-0.0512267460517957 0.16913599808985 -0.0548772837189078 0.0337044257019923
-0.0943339974490909 0.126016704321358 0.0324314881163739 -0.0251866201493771
-0.0143055461652443 0.141412455047024 0.0996825674744022 -0.0543702614795028
0.070325687382148 0.102633217538212 0.0597145373137682 -0.12912637612999
0.104592445431769 0.00096387585291196 -0.0533540387029172 -0.108784475385387
0.0694198301974029 -0.0722822756966667 -0.0814856315528416 -0.0262022897386989
0.00786624902703383 -0.0928207146307279 -0.0578090637908811 0.0159426736775737
-0.0356730579052106 -0.0701684464574567 -0.0286340324492822 0.0169755287020882
-0.0489843454183912 -0.0569343485352354 -0.00172307018702982 -0.00277652469838186
-0.043516410713865 -0.0596306276856951 0.0150259959101586 -0.0314700249083374
-0.0263202824880512 -0.0920287376434982 0.0489381423362225 -0.0458937704099769
0.032764053880896 -0.105640646102099 0.0899400124249677 -0.0234960990487493
0.0922758174564062 -0.064875475102209 0.087766361550722 0.0416745861228075
0.129360834806826 0.0425683802554257 0.0198204080138339 0.0920376784469955
0.0490271726431948 0.145927577322682 -0.0576224343270547 0.0654646804276007
-0.0523184662727609 0.159884376230771 -0.0290325940692669 -0.00867796813081619
-0.0964074312943016 0.100153947495456 0.0716666869822345 -0.0688736967155498
-0.03487289503217 0.131205603190946 0.115160137074869 -0.0696873340111584
0.0524250776820804 0.108832540930104 0.0857381500631952 -0.122470523877095
0.0992859644563261 0.0136967147094389 -0.0102039010626822 -0.114275989498808
0.0688143884525036 -0.0618399529011448 -0.0503734556481817 -0.0615690474557457
0.0111487678478945 -0.0856229024814452 -0.0572280538278813 -0.024834935406813
-0.0327325629068788 -0.0652605156354442 -0.044156829200103 -0.012684553813132
-0.0448602477433526 -0.049644689222086 -0.0199740512629713 -0.0245035342109684
-0.0398068573375639 -0.050937233286994 -0.00345614608411125 -0.051173237262808
-0.0235265402996426 -0.0771452454033001 0.0346930899870925 -0.0686184188467853
0.0262159674416033 -0.0899240075317676 0.0859742051715608 -0.0511311213924404
0.0773950712289936 -0.0563577941592016 0.0983626237250333 0.0204261322871366
0.108065325844146 0.0379628642686384 0.0330859217589477 0.0755066295029439
0.0332450744532934 0.125148124960526 -0.0453966083073116 0.0502394787731234
-0.0520994543228404 0.128330337518271 -0.00550609244872397 -0.0451742856891605
-0.0771904496287343 0.0573585252359942 0.102473209364915 -0.102652693688669
-0.0422165830237638 0.0918272645338879 0.124898660248862 -0.0802133164986036
0.0273630085567011 0.0845997308103028 0.0991997698336165 -0.109735611815479
0.0704629535713034 0.0168701429417575 0.0241007248517989 -0.108179622252118
0.0505270702163727 -0.0416197936279081 -0.0223566412755593 -0.0852249936153075
0.0100800525249202 -0.0619166013092609 -0.0535661154833245 -0.056269242126233
-0.0239556654552777 -0.0481282221185067 -0.0556277317577511 -0.0375804777072146
-0.0337290133694201 -0.0346793115241984 -0.034210475819806 -0.0417383103857821
-0.031273268545985 -0.0366063926546196 -0.0166946989148848 -0.0655806012630093
-0.0184102636853398 -0.0560162223625195 0.0249025815558698 -0.0834215396847962
0.020615147900039 -0.0658849553978682 0.0821488785631641 -0.0676473528359004
0.0608973463752068 -0.0396512352025673 0.102715875453513 0.00901958870623001
0.0776193855450206 0.0368588266037059 0.0404778240618719 0.0639312318758798
0.0105725192032196 0.0957000876835731 -0.0342173655604134 0.0384006522386286
-0.0497692285890542 0.0824873394749631 0.0163198125408407 -0.0699608772801991
-0.0419296876729219 0.005679412910473 0.11528498603788 -0.122116692070658
-0.0343643681393513 0.0352324056500182 0.123362158122687 -0.0857439169085668
0.00429579943078521 0.0387033100666882 0.0986046946832711 -0.100229855513963
0.0276004450681461 0.00938073870829108 0.0403562346423168 -0.102136458702356
0.0200590441777149 -0.016501800611517 -0.0093069899048968 -0.095485712565088
0.00553795965062552 -0.0268036082749646 -0.051882492136073 -0.0718258709188205
-0.0118408756574486 -0.0224147039851939 -0.0621103754250166 -0.0515706247018384
-0.0177747984303279 -0.01539041397758 -0.042721211449734 -0.0524575829738927
-0.0186581686323429 -0.0191677766653277 -0.0240479947374779 -0.074266652972878
-0.0122872697890903 -0.0309347695877607 0.0209458590043605 -0.0915187994144766
0.0124606484559404 -0.0380556681427273 0.0807520051863459 -0.0757081938620399
0.0412343154464384 -0.0218821237159402 0.104693862856643 0.00609355995822906
0.043983851806623 0.0331429946274052 0.0436057522686487 0.0591778069975478
-0.0104139572121665 0.0599721701497502 -0.0258651828062151 0.0309665299119929
-0.0423963453441839 0.0289705670863027 0.0351107893162877 -0.0805087806443096
0.0226029078492761 0.025719719088612 -0.0466752298010421 0.0983133641774884
0.0128050522043704 -0.0149992799287371 0.048506835529211 -0.00651128266490229
-0.0120887032245782 -0.0157862531278068 -0.0334766032615766 -0.0776619812762488
-0.0120833340264781 0.00817645059117176 -0.115873968304493 -0.0284600050409994
0.00520687030418042 0.00695481199121878 -0.100912648865021 0.0797992955124309
0.0044047331095873 -0.000858158511868201 -0.0253623564218033 0.10784630898418
0.0023597814993407 -0.00250788524384261 0.0213854688619436 0.0831990090316829
-0.00235171377346928 -0.0079078532426004 0.0486485017044189 0.0612802483801802
-0.00316912278184683 -0.00980188166020562 0.0621654411769434 0.0530638951288082
-0.000353288401703159 -0.0149446753051908 0.0599353403548595 0.0706028785295926
0.0120065572627145 -0.0140009461911909 0.020427470810032 0.0951079835607488
0.017472462557662 -0.000529528660193259 -0.0411105627881926 0.100398755613644
0.0215723841091995 0.0082043548460616 -0.0914477177521423 0.098749647269289
0.0188101597214983 0.0275008353556116 -0.130941086974741 0.0832478867836819
0.00143945042292369 0.0529040537190501 -0.128164419027261 0.122262714446879
-0.00657767261184413 0.0725557069349623 -0.0455939368619041 0.0859105098331833
0.0199680001316351 0.0284471055945951 0.0535978625160044 -0.010603786096712
0.0185299648674493 0.00539254868743744 -0.021713950037528 -0.0912542849067765
0.0164102264050673 -0.00411208812426662 -0.11762270479878 -0.0418018280793309
0.019465064245658 -0.0203225795890921 -0.107019272318729 0.0689351362343135
0.00158808648153985 -0.0305171936528053 -0.0335621112204983 0.101356906647571
-0.0128769458594837 -0.0251266665724821 0.0157474766133993 0.0789887362521464
-0.0199879111710519 -0.0297553421853079 0.0439307696156441 0.0544657466509597
-0.0175735390468236 -0.0360387655566491 0.0595056061170568 0.0393149769368627
-0.00340991924002131 -0.0557147537144427 0.067967021775319 0.0511705218329773
0.0380113283559466 -0.0519375069220739 0.0448268380191127 0.0824439299570658
0.0642299605790972 -0.00845532745100297 -0.0128840220879629 0.101703980830002
0.0612998641573393 0.0494410894272692 -0.0717116042419837 0.109182121486656
0.0172959327678716 0.093177716031956 -0.114661544228594 0.0866658798185983
-0.0325562185516885 0.109986683231941 -0.110462900493792 0.104016273036608
-0.042171094734188 0.109266498646742 -0.0322269952118489 0.0586455161303038
0.0177817657613698 0.0775262945769822 0.0657150803713444 -0.0193205619007614
0.0480629458071597 0.037151101834466 0.000313079827846392 -0.109117984632791
0.0505045112948515 -0.0113436336650066 -0.110598006924207 -0.0661632723818088
0.0377192581280854 -0.0470162115896871 -0.110384920586232 0.0453935281174499
0.00163723410469745 -0.059126020340736 -0.0452775413977486 0.0839228586869368
-0.0239548436845118 -0.0465836378467889 0.00354614405320779 0.0668158020899333
-0.0342757374352265 -0.0471557277500584 0.0320223144116534 0.0405128522879979
-0.0303815324662899 -0.0543825878632582 0.0500522418982985 0.0180456251350822
-0.0116369325562103 -0.0843263890357833 0.0701209772299672 0.0205707215702862
0.0470093421164278 -0.0853059434512106 0.0713498424301013 0.0531952763445659
0.093866179635488 -0.0311516285969068 0.0261818712640397 0.0932434613275828
0.103303520323358 0.063679649138739 -0.0414299131282656 0.115542552614481
0.030689455933437 0.138214303828293 -0.095236925602047 0.0861629578563217
-0.0511522702579843 0.151450218282435 -0.0850322046619697 0.0731505827925462
-0.0763168379350362 0.128559522012381 -0.00462643291004001 0.0208191606856797
0.00371399638125541 0.120256626889048 0.0832149041930625 -0.0336005350438849
0.0674551324923234 0.0750211008835474 0.031287990201609 -0.123941229787638
0.0848624402848384 -0.0082916164954049 -0.0875059922814441 -0.0920809586146444
0.0572759815721396 -0.0661807965515474 -0.102764361803546 0.0106953618762342
0.00477858892908474 -0.0829934355753863 -0.0549804516000843 0.0537353821916714
-0.0321836299417569 -0.0638778206855369 -0.0121214333109333 0.0447956385388336
-0.0441861770005241 -0.0568172983966322 0.0160776674067878 0.0202215102797928
-0.0394693607315003 -0.0624922892743644 0.0342920161543139 -0.00746955941403927
-0.0203104838542878 -0.0967297238722099 0.0639273634342038 -0.0148966629027921
0.0434568493069876 -0.105514453597617 0.0871453060480647 0.014624797353177
0.102106922369456 -0.0542227138953902 0.0629780007477897 0.0716809609190179
0.128942304665704 0.0571773115691527 -0.00904111628707769 0.10962427189835
0.0456747551582483 0.155097193032822 -0.0761905181213064 0.0783017029053199
-0.0572377083920401 0.169464997453118 -0.0565294105632785 0.0321305296378404
-0.0988229491126302 0.124173179379226 0.0337068591339534 -0.0239502331296499
-0.0189788866989699 0.141847534942473 0.101485325194668 -0.0496019771872605
0.0679176221010609 0.105234829627321 0.0648094225730009 -0.128619120926779
0.104870842524837 0.0042300894229587 -0.0490411490014171 -0.112329589288899
0.0713436361780287 -0.0710650586846757 -0.0809231278142328 -0.0300918162507514
0.00988733955560202 -0.0933746534107162 -0.0590613075939029 0.0139089911170905
-0.0342859298164502 -0.0718180377758697 -0.0290540579878623 0.0163920685046413
-0.047524574493272 -0.0583280289152798 -0.00194766900248479 -0.00290849291100426
-0.0421503940932 -0.0617285265056791 0.0156490370077307 -0.0315193562636407
-0.0242051654539472 -0.0938624850004948 0.0501022309044969 -0.0456256832320595
0.0352456579627945 -0.105812264092767 0.091692769447856 -0.0224613866495507
0.0942381887647028 -0.0624984355099693 0.0865184212005055 0.0449605961280686
0.128217949927817 0.0462392407871748 0.0158381440275583 0.0944057981545124
0.0453370088474539 0.148309556790989 -0.0604187949319804 0.0645404013931285
-0.057618159276116 0.160221427251042 -0.0288427709267672 -0.00921877725046716
-0.10054846977469 0.09810324688449 0.0747743139217514 -0.0659840490362387
-0.0389053731875651 0.130921806654412 0.118137486522352 -0.0650820937459726
0.0491901892923466 0.110836840614598 0.091227320231801 -0.120923884920557
0.099430403055485 0.0168720936227917 -0.00499330823823557 -0.115804126831043
0.0705059984908698 -0.0605522720999361 -0.0490126679195805 -0.0654483426341756
0.0128740284642444 -0.086001789803047 -0.0572660833285102 -0.0269885817828376
-0.030992079349214 -0.0667019659466132 -0.0433462634449386 -0.014427479347615
-0.0433439106296901 -0.050572376117181 -0.019488964285091 -0.0251725024568955
-0.0387622690469266 -0.052077642844525 -0.00233023130848683 -0.0517768529656873
-0.0220931327587393 -0.0786081739320764 0.0366253513605878 -0.0686431635632679
0.028777205554547 -0.0900615189584744 0.0877473677404129 -0.0495580844576828
0.0788388370105325 -0.0544622855169288 0.0975635879896535 0.0236716251789196
0.107512497717919 0.0409932395833644 0.0301994998255834 0.0779611742551977
0.0305465518289216 0.126826712682164 -0.0480540553641266 0.0495426080677769
-0.0560079541280848 0.128084035711076 -0.00387842928757525 -0.0452053764391108
-0.0796067819965679 0.0556824124845557 0.1070927767373 -0.0997631120521077
-0.0450746653785042 0.0916604638217302 0.128194062394153 -0.0754141101008624
0.0245985831151797 0.0856311521802856 0.103869447586239 -0.106952851071922
0.0701993347120076 0.0187450368232378 0.0295779621726113 -0.109155992435216
0.0515824690758122 -0.0402857116627385 -0.0198059142927204 -0.087680856228089
0.0115554235408658 -0.0617326829355611 -0.0525341348781594 -0.0587629684883783
-0.0231093605607978 -0.0492138537441286 -0.054799331174347 -0.0393203781083552
-0.0328514304501266 -0.0353852860672528 -0.0326279986856218 -0.0427269788435709
-0.0303487169104041 -0.03725397987782 -0.0156742313985039 -0.0667703086886055
-0.0169036236160594 -0.0564278110277237 0.0269044703013584 -0.0834457391512325
0.0225154936041814 -0.0656847739497465 0.0846282244638796 -0.066460130903348
0.0614870816162215 -0.0378660793726926 0.102402961363992 0.0119596651184143
0.0763650466823572 0.0389648758284702 0.0378786537757766 0.0662446296665888
0.00853428480260655 0.0964923726182833 -0.0363100949854723 0.0378891455760519
-0.0524902292444412 0.0817905151501634 0.0181832659827936 -0.0698953075969691
-0.0425332418234814 0.00449213943492391 0.120621997188276 -0.119704716302024
-0.0350721615631653 0.0347611977481353 0.127634842441905 -0.0808851519035536
0.00303149613399462 0.0387983509997657 0.103277359150951 -0.097495169887259
0.0271793380620189 0.0104911831690622 0.0449308248809107 -0.101870871057892
0.0202498452656656 -0.0159494240941254 -0.00659070397054445 -0.0972732571039683
0.00624764892978969 -0.0274284357633561 -0.0500594724251318 -0.0740038167242204
-0.0111918984133973 -0.0227181908118526 -0.0608090748262361 -0.0535045039881915
-0.0172520169211016 -0.0154186187296922 -0.041201977145809 -0.0536754126043242
-0.0184732178430581 -0.0192952410393704 -0.0220462183849941 -0.0751536603879247
-0.0116544533479154 -0.0309800038019705 0.0238091294790409 -0.0915025034668536
0.0135707213220783 -0.0383459615484818 0.0837036895646963 -0.0742770909749485
0.0421931805947853 -0.0202405678230648 0.105719188190665 0.00947358838257828
0.0431468348264405 0.0342647416349447 0.0415947478802404 0.0618173232277388
-0.0117707407738017 0.0591966025154615 -0.0269191255865732 0.0313392550116045
-0.0431199004468233 0.02750140456146 0.0373773141273207 -0.0796942068754189
0.0236000903595099 0.026374902263033 -0.0492810422410125 0.102370928935924
0.0139675441967694 -0.015429858159396 0.0509670992845269 -0.00553740518838999
-0.0127432246402319 -0.0161375288594805 -0.0332598816667342 -0.0811650210749546
-0.0121509813993453 0.00859277845799689 -0.120206270834984 -0.0314478973094644
0.00558318726888678 0.00683821785637664 -0.10468343157107 0.0824692979026599
0.00407228163412205 -0.000859584939008964 -0.0267353634484283 0.111620727051927
0.00235212403260005 -0.00246300279572887 0.0214207225078292 0.0869422574611273
-0.00242254399087749 -0.00820220718008978 0.049808995792478 0.0637910393046545
-0.00320085420938861 -0.0106193686288735 0.0640462638590563 0.0553730912611297
-0.000177011974908232 -0.0163649089831157 0.0613267131949613 0.0732203226878549
0.0121898418681803 -0.0146466103692229 0.0200916256385366 0.0993004180895775
0.018502563718489 -0.000331272279889046 -0.0445194020011907 0.103865682582823
0.0222608103436879 0.00914200374300909 -0.0956692746607739 0.100849239334822
0.0187108374778958 0.0285783614638272 -0.137728227678421 0.0837786082496725
0.0012568766758074 0.055047888851751 -0.134543847623955 0.125609859563212
-0.00660392984696244 0.0751767176464684 -0.0484266717918382 0.0893887061542329
0.020873719182583 0.0299525732527163 0.0558361279148569 -0.00908131107095388
0.0190976479161639 0.00595813548773984 -0.0210353932117929 -0.0952775990981484
0.0165075000769119 -0.00366284784822687 -0.122110953327459 -0.0455121492006375
0.0204767254136841 -0.0216058714348937 -0.111703827075569 0.0703677272682136
0.00122667391981513 -0.0311639720676628 -0.0356765464900141 0.104842023308598
-0.0129660166006743 -0.025657629211744 0.0150846736502866 0.0818626293107649
-0.0205227478209384 -0.0308757427491652 0.0444042393652254 0.0561245260008382
-0.0188781548606836 -0.0381967744379991 0.0608699632826037 0.040636254574394
-0.00335945499971075 -0.0581476788215596 0.0704965977272119 0.0531604858431715
0.0391845928112947 -0.0533458320368731 0.0465137601346885 0.0850779426155808
0.0666895265237364 -0.00807569556774448 -0.0144620879370774 0.106621911748169
0.0634843939236274 0.0524497685202259 -0.0762116683247542 0.112881917332762
0.0176449180268368 0.0974012598869382 -0.12037117558665 0.0879078696220109
-0.0343480945274064 0.114239803572441 -0.116192691248695 0.107234425876361
-0.0441773359847716 0.113665652823966 -0.033774963520313 0.0612966706119255
0.0180124998931817 0.0804810327605803 0.0681336820875623 -0.0183691502868439
0.0495135233026076 0.0388763781188563 0.00196950911348461 -0.113611054031205
0.0525732380323373 -0.010699205774813 -0.113953722879613 -0.0708820716404622
0.0391199033132641 -0.048933989404088 -0.115188527100366 0.0457776354218849
0.00171219033320918 -0.0616424383500457 -0.0475545853561961 0.0865692993413569
-0.0251667147327106 -0.0480433559285955 0.00321431968353358 0.0687656801747172
-0.0354002113223249 -0.0485825630388439 0.0329845326808392 0.0415659799324098
-0.0316574113543763 -0.057246532860253 0.0513014983935166 0.0178105070081892
-0.0119828635726091 -0.0880740565775957 0.0722919288248926 0.020654917774555
0.0485417476718162 -0.0889949577258742 0.0743390610329746 0.0549836164976462
0.0980372058486494 -0.0316590811182149 0.0257659973895219 0.0979682472125963
0.107222152118993 0.0672867953998641 -0.0449824979797145 0.119753759329208
0.0317532085248208 0.144004949007854 -0.100484513738808 0.088343290250881
-0.054482815612753 0.158034974726883 -0.0895566245912437 0.0750717131332233
-0.0801524798758238 0.133252912434929 -0.0045656596436065 0.0227763658256854
0.00324768168363405 0.124930491884819 0.086326872980761 -0.0330317759402893
0.0697134620761554 0.0779881703584944 0.0346300614908973 -0.129050587226321
0.0881372246107596 -0.00773012274921586 -0.0889747251477015 -0.0977566741111364
0.0592394401474979 -0.0688707129595621 -0.106932558421198 0.00941930211558407
0.00483945543670546 -0.0862353843967423 -0.0573468914376523 0.0552355147225748
-0.0334555219649835 -0.0663172724544246 -0.0129826175875225 0.0465893072848153
-0.0453311322913158 -0.0588095725518282 0.0161510483469581 0.0204625630226435
-0.0406492036887027 -0.0653644093100325 0.0353253927755445 -0.00789415572351291
-0.0215509124199241 -0.100435036645643 0.0654784639454873 -0.015513079209488
0.0437246123957004 -0.109895589612098 0.0912737999117131 0.0142264581791733
0.106232658201181 -0.0559946308902381 0.0642702094283125 0.0748984442198298
0.133557631400614 0.0603752974680125 -0.0115539393535599 0.114960140949585
0.0466941515302819 0.161718109138553 -0.0799131733192013 0.0809509811032396
-0.0607013507289714 0.176270152534388 -0.0594593412302974 0.0337909387843934
-0.103322775408715 0.128757544023882 0.0348901004625183 -0.0237453889571659
-0.0200570268440934 0.147294871197876 0.10599204675685 -0.0490095417727475
0.0693227807863355 0.109386934891362 0.0694883136096625 -0.133275446658183
0.1091588334224 0.00493155410461916 -0.0487924112895793 -0.117598868832698
0.0743214885873737 -0.0737729366319271 -0.0840159270165889 -0.033111135054306
0.0102878294904077 -0.0971074680862561 -0.0615765850437174 0.0139623437787178
-0.0358902198425368 -0.0739504546010399 -0.030065360167333 0.0167581248165812
-0.0488619036734991 -0.0598462370197678 -0.00236530611920196 -0.00377144065990033
-0.0433522721626281 -0.0641330417197555 0.0155656036240069 -0.0329865842463196
-0.0249575804020227 -0.0972392719187267 0.051745531934351 -0.0477546158655942
0.0364738446040764 -0.110636464468301 0.0956781784348993 -0.0241598055434371
0.0977840672982411 -0.0645713011822296 0.0886361016529691 0.0475749942259107
0.133010830811126 0.0486723966809314 0.0145956629494345 0.0993384139446146
0.0475653108557328 0.154908753357384 -0.0642742044546453 0.0669989005721666
-0.0609906807326117 0.166982128161388 -0.0307361172115471 -0.00968589323795371
-0.105378115555836 0.101768314374772 0.0787463696446864 -0.0673843625743159
-0.0413202303272752 0.136177306696272 0.123440721831153 -0.0649558310272334
0.0501362976060488 0.115708058096834 0.0968790909919528 -0.12523757595786
0.103315303616897 0.0178678652079642 -0.00290796619796005 -0.121860257275198
0.0732387453736039 -0.0624909207714082 -0.0511599100031852 -0.0693341795317721
0.013335244606335 -0.0893241786943517 -0.0597545875944715 -0.028074234673718
-0.0323845509147948 -0.0690483400742684 -0.0452970529463157 -0.0149969078753156
-0.04454185288011 -0.0520564668241271 -0.0204515870620304 -0.0269138961888708
-0.0400794705278546 -0.0541047559194381 -0.00274879663016558 -0.0534986969597894
-0.0227865165488056 -0.0816494981332995 0.0378219597719686 -0.0712963079953937
0.0297155346953798 -0.0934766863435119 0.0921196204713063 -0.0526861023841738
0.0819641808628472 -0.0555783643301088 0.100684524191792 0.0255935870481934
0.110198802060143 0.0426927827221033 0.0297122169530715 0.0826234711765538
0.0315934976187586 0.131921532699156 -0.0505401876294972 0.0516663369406439
-0.0590262925855571 0.133382988747394 -0.00445358783260082 -0.0468706584230414
-0.0833225989840769 0.0572860972705988 0.112245741326305 -0.102541544845271
-0.0471721617736945 0.0943186276670628 0.13439483736144 -0.0752997837838585
0.0244893860640362 0.0892271879554803 0.109643616226132 -0.110272772970896
0.071952480099047 0.0201207184130822 0.0325012534294637 -0.113808732824145
0.0534331999189975 -0.0416456938484838 -0.0200077489200993 -0.0926136491600585
0.0119583340708513 -0.0645455138834874 -0.0547253064794108 -0.0609896485584409
-0.024162735563142 -0.0503536162606304 -0.0561050349776003 -0.0406704872509825
-0.0333881286393203 -0.0363224718713256 -0.0344330597341047 -0.045018836891481
-0.0311550241559545 -0.0389925292766468 -0.0155987544649614 -0.0687006869733564
-0.017366007456384 -0.0588718965213877 0.0284356010271193 -0.0869453613229369
0.0229849129676129 -0.068198198615445 0.0883137648019092 -0.0691437319457235
0.0642504270939151 -0.0381928576570868 0.106014129454712 0.0131473013216046
0.0776666321366812 0.0405330782752269 0.0379688631393064 0.0700741456534698
0.00836666292009259 0.0998944726800568 -0.0383418648746105 0.0395977252751335
-0.0542392746338083 0.0846226582289708 0.0194725664943559 -0.0720969871151908
-0.044034032422681 0.00480694021489016 0.126992385935427 -0.123072994343317
-0.0362871458930496 0.0357086594475453 0.134040335718973 -0.0820517375782726
0.00332394802725454 0.0400575250072092 0.108555766867037 -0.100208205052146
0.0282839358836387 0.0111118115120152 0.0484714206502228 -0.106201280509326
0.0209354912379781 -0.0162444163517225 -0.00631289907015393 -0.102214452587693
0.00641017342913678 -0.0285192282154044 -0.0518649273485492 -0.0774470403939613
-0.0114335054012111 -0.0237310045409542 -0.063110654799485 -0.0552959779454171
-0.0172902761644189 -0.0159368126425513 -0.0429810595887616 -0.0556917872136874
-0.0188614003513624 -0.0197501775338096 -0.0226508818648978 -0.0779776255731046
-0.0116278237925463 -0.0317039946601337 0.0250857744581699 -0.0953747637429772
0.0145988826978642 -0.0398291957893872 0.0873392788849695 -0.0767998029116846
0.0436084728058656 -0.0202051822559103 0.109136191513865 0.01064758291312
0.0438413700268942 0.0362319497938528 0.0418477397314445 0.065445730605676
-0.0121118152017252 0.0614954763501311 -0.0287537418032839 0.0319113419578953
-0.0445010830216266 0.0278082049761971 0.0393679844601043 -0.0822111721326795
0.0290737193155235 0.0228693108208056 -0.0376343314175566 0.115735927858712
0.0124570386578061 -0.0175211451584969 0.0521242613470445 -0.0120764867387398
-0.0146198980027223 -0.0142495931585882 -0.046093771868403 -0.0796104106236769
-0.0101288747243172 0.00982067114979897 -0.129791243654481 -0.0127251825049079
0.00614865476435239 0.00418559544240953 -0.0952036753622849 0.102566283013324
0.00369826957369918 -0.00200539076993184 -0.0102306606407081 0.120198572320324
0.00195703716229429 -0.00320282324721308 0.0356746132097654 0.0877428488936084
-0.00457469284074464 -0.00841891778383592 0.0601681856782013 0.0580568580771572
-0.00553388433068136 -0.0105558860283658 0.0742119543910456 0.0475008475315577
-0.003854552134346 -0.0166259116042946 0.0745652613217008 0.0655743798821031
0.00943919855255988 -0.0169438101720263 0.0355707078109346 0.100040629236842
0.0197276922149183 -0.00351627472615627 -0.0311376310112716 0.116450523853255
0.0242450858858091 0.00570610511345866 -0.0844402905742645 0.118368302605224
0.0237456626439154 0.025857956448021 -0.130405785984206 0.105843065355089
0.0106631370168878 0.055768211512915 -0.122680186820319 0.150327621329262
0.00600495455672341 0.0791509042678423 -0.0397934095345229 0.097334402414817
0.0255882919448458 0.028661814066007 0.0555620326667813 -0.0179025368382396
0.0211951673136253 0.00428643497189558 -0.0377191516926735 -0.0961897870286401
0.0176562167527176 -0.00685538401982516 -0.134409061952611 -0.0266875858288757
0.01732011419975 -0.0269164896901971 -0.104313731403453 0.0927626828504035
-0.00368659862717671 -0.0332135297616011 -0.0201121384941704 0.116293407972484
-0.0166011284441912 -0.0251005890966713 0.0296149876225093 0.0841656902248102
-0.0260643337193548 -0.0284164736017563 0.0540629232667883 0.0512787799615537
-0.0249949369247318 -0.0357340733414092 0.0690175149876668 0.0329146437475674
-0.0132578873749079 -0.0584373001104453 0.0799734416190371 0.0437359442894983
0.0303725830892284 -0.0603119198977117 0.0604603238167016 0.0815164534022383
0.0683120622280699 -0.018358028628456 -0.00135592936564982 0.113713919219244
0.0730275928384516 0.0434179711940345 -0.0625063071087555 0.127005044156775
0.0322100547371754 0.0961038739291539 -0.1104937348085 0.107740917075604
-0.0175489299063402 0.121834758852665 -0.106412730002 0.129117803218387
-0.0271636607663073 0.126677049966 -0.0292746037582531 0.0608574603736223
0.0304728061698657 0.0821044549283328 0.0661334152549027 -0.0311435587323188
0.0580574078451289 0.0339177886642495 -0.0195886102835566 -0.12028044767069
0.0539526955605061 -0.0186142498343458 -0.131797998131689 -0.0533377070987598
0.0323724326106348 -0.0575528732564854 -0.112917740183257 0.0691642664162022
-0.00819675550209477 -0.0644175537521362 -0.0347674484960778 0.100498061544589
-0.0332153824682856 -0.0463297764159798 0.0147162711406011 0.0730653721409177
-0.0435564067113083 -0.0444268708313531 0.0399809567463657 0.0370777427474742
-0.0413242975161226 -0.0535904768284232 0.054888343965986 0.0109763972995286
-0.026383092783003 -0.0876106087577971 0.0771081602381373 0.00983842499601017
0.0347572578943904 -0.0977140815159182 0.0845374344075024 0.0459001593040561
0.095815017403404 -0.0466770665241095 0.0390666707490985 0.0982738514597269
0.119848820468101 0.0512812688961391 -0.0292330209497205 0.129499489452371
0.0540985555396169 0.142149388930257 -0.0884614762914098 0.10528958324488
-0.0308654930796428 0.169584357519518 -0.0830389790102011 0.092395205899682
-0.0614349669195419 0.153814681534059 -0.00424825561874564 0.0121468820026859
0.0213194663436628 0.131092082811037 0.0824021053862028 -0.0508231575327721
0.0845880257163608 0.0721964779251668 0.010172210225093 -0.143200689698905
0.0910865562944911 -0.020230255648235 -0.112532564837156 -0.0860060443897896
0.0509216227015012 -0.0806378371507994 -0.111532337310933 0.0305687630754186
-0.00834442087716235 -0.0904507497851234 -0.0503416087200269 0.0703723151905611
-0.044113694442571 -0.0639609653028826 -0.00559251756784058 0.0527077802837185
-0.0555024189824093 -0.0536565560023329 0.0197944111936 0.0184352100269337
-0.0519432757488051 -0.0608593913035123 0.0341998637226043 -0.0137877354326032
-0.0376977844752704 -0.0993929370925264 0.0635338059027336 -0.0270087654808464
0.0270230410372205 -0.118274156892941 0.0967910153250851 0.000782212602402487
0.100649827027842 -0.0729741018584273 0.0752505679045623 0.0696070919086128
0.145760629566537 0.0396565801626583 0.00460823354597509 0.118839079480934
0.0721820615773121 0.158135876774403 -0.0683690708342662 0.0951064327501066
-0.0350311768567282 0.189512984118485 -0.057298023595365 0.0451976922953845
-0.08711153464595 0.153977278200954 0.0321091036423664 -0.0443346873925373
-0.000141575696512619 0.158327363147616 0.10022355374732 -0.0727235764017787
0.0888323478076859 0.105178768953365 0.0448572616728582 -0.154781999316191
0.11498871505693 -0.00945574483437417 -0.0748791399984197 -0.114494345886588
0.0656777460324618 -0.0877946737282699 -0.0959352343985426 -0.0173591637601091
-0.00456444879442162 -0.102648625317713 -0.0617892322503157 0.0292942637906997
-0.0472563451164515 -0.071337905967781 -0.0289426242000182 0.0246896613589548
-0.0587557920523328 -0.0542460650412581 -0.0031984726576244 -0.00332945242588298
-0.0547467688551935 -0.0588309046069938 0.0100532534707793 -0.0362794978243396
-0.0404934268317211 -0.0950615666911534 0.0449031653081192 -0.0576741741358681
0.0191556630034954 -0.117696324836274 0.0949620081668317 -0.0393968588799969
0.0905085179441403 -0.0801107818785106 0.0971762672429558 0.0374887857941157
0.143105055487363 0.0284793822895283 0.0285726036636835 0.0995491057527456
0.0722330178051293 0.150449980341979 -0.0538555769457863 0.0784987115445473
-0.0364711749522171 0.179575940076736 -0.0336507899802032 -0.00421371586153233
-0.093287849072874 0.125823176740284 0.0710948032680834 -0.0961159637696413
-0.0240683465804429 0.149305394250247 0.116970017417771 -0.0918520496470286
0.0691720612782315 0.11429616716125 0.075124384023044 -0.151219842896254
0.110724106352675 0.00571925808239297 -0.0284227069226757 -0.127023237791216
0.0672144921761705 -0.0754660894746439 -0.0676960237752111 -0.0614830274848124
0.000443764342466505 -0.0945063835260666 -0.0671050495931303 -0.015631779407984
-0.0431681914863352 -0.0663176592670757 -0.0495699193502882 -0.00543392455125526
-0.052934259088803 -0.0466264323613243 -0.0244999832096045 -0.0242933858844846
-0.0491137674392236 -0.0492870090049902 -0.0115601297995448 -0.0548408678855373
-0.0356563894400769 -0.0793211485696512 0.0268144278087268 -0.0802355772388655
0.0152399513746163 -0.0992531598209713 0.0871237015726766 -0.0683684693351308
0.0750659775747716 -0.0684421048724128 0.106575598866914 0.0119075987573219
0.118604432974002 0.0260490501622875 0.0420362538038177 0.0807255825559394
0.0524650201995324 0.130011476904154 -0.0418609853464621 0.0605085528965191
-0.0396096325266168 0.145014136619087 -0.011984742119824 -0.047102652958513
-0.0774229403727429 0.0766886004130142 0.102761188035583 -0.133991014862193
-0.0361188823754729 0.107180232358183 0.128662779109417 -0.103674584304303
0.0381841477359465 0.0907886737957559 0.0935374353127421 -0.136971321093407
0.0788839122576661 0.0124193388532356 0.0115467245664186 -0.124733307417139
0.0501608751714092 -0.0500907090482573 -0.0399505792356181 -0.0917993250976841
0.00279655663029147 -0.0687336486716666 -0.06715155878518 -0.0521992139779463
-0.0315755997782367 -0.0489231350036579 -0.0658245070281505 -0.0310248352797261
-0.0386635337301569 -0.0327218113617196 -0.0419645666848287 -0.0408730348638606
-0.0371380216520698 -0.0342440603334354 -0.0269901695495294 -0.0689251087377229
-0.0260208972998436 -0.0567649633423101 0.0150936929168868 -0.0937796522988859
0.0132229594778791 -0.072420612867952 0.08067062207644 -0.0850372377253431
0.0595139441095787 -0.0478334337870437 0.110895182213576 -0.00187251133034752
0.0850460753762032 0.0288447252192131 0.0495157694411313 0.0660404827992479
0.0239004463532009 0.100459725147845 -0.0316938739530784 0.0468958942397209
-0.0428789244343515 0.0939888821660476 0.00929457176569092 -0.0768670100554366
-0.0451778850466684 0.0148655831974495 0.115728084939882 -0.153022860994712
-0.0324951642881591 0.0440418538554784 0.128146604508705 -0.108273777162157
0.00825058398874487 0.0430376289382583 0.0963691902430124 -0.124247625529083
0.0312342223658462 0.00932828828389307 0.0304983863758512 -0.119305854171331
0.0203300024500749 -0.0195030426392183 -0.0250517873050051 -0.10513439098535
0.00242747073848272 -0.0304425948588717 -0.0669234713994197 -0.0713810659565657
-0.0147497685329197 -0.0227313903587352 -0.0756439113841074 -0.0459874463479581
-0.0193907841873713 -0.0138488433878059 -0.052514612184513 -0.0506702625584004
-0.0219730163800965 -0.0167750630239574 -0.0351394479697691 -0.0768877381446932
-0.0161185204658288 -0.029860222486728 0.0107900755525497 -0.10233782404118
0.00915524056269299 -0.041667915373299 0.0787613167080811 -0.0926365396627151
0.0408064621317135 -0.0263724844507596 0.114135485672395 -0.00502147171488766
0.0495660823797177 0.0296459873890249 0.0532731960081153 0.0613099020689551
-0.00331564793848133 0.0641822026176788 -0.0233918799253331 0.0379874492456938
-0.0411815738860041 0.0346935079770299 0.028382077713406 -0.0906810204040797
0.0314909853153039 0.020259958938497 -0.0291212870406578 0.120504986295979
0.0109951200687504 -0.0187739925818048 0.0527489873270284 -0.0153387499607156
-0.0158758433336186 -0.0129108700853466 -0.0515422212193447 -0.0768895917236586
-0.00886998961655863 0.0106923320980565 -0.132777191840593 -0.00309142403462454
0.00636285392117941 0.00335044537799604 -0.0870732449863172 0.110188213472718
0.00326676074260911 -0.00220759027730394 -0.000189338663866917 0.121907862111145
0.00214020150721802 -0.00329830647138959 0.0425313923224479 0.0861380818964439
-0.00517713242333411 -0.00819975926583547 0.0645499857746533 0.0538248020508487
-0.00688114915459299 -0.00993086225973665 0.0782456845383138 0.0417258219022764
-0.00500189498973464 -0.0164211400098936 0.0800540532476817 0.0600574938390788
0.00818370912503527 -0.017787653480278 0.043461823928762 0.0984528270263336
0.0202137780011602 -0.00547163444956448 -0.0229168284151918 0.119852069456415
0.025015658889273 0.00405222680750767 -0.0769351702558745 0.125010572434681
0.0254864219523412 0.0238159293784354 -0.124408064330374 0.115325880337522
0.0153090589444396 0.0554049905096329 -0.111841151219908 0.160469606628022
0.0123064206238721 0.0792633527886962 -0.0324176252938872 0.102042460416633
0.0282558528636031 0.0270104809948269 0.0554894238529003 -0.0211635053870504
0.0215229860990407 0.00257806091669457 -0.0447502410648008 -0.0944593737102832
0.0178327113531984 -0.00769613623885592 -0.138127543675948 -0.0174295173623886
0.0150729058456076 -0.0288255942779305 -0.0973866294227674 0.101286835379429
-0.00663405737566159 -0.0329169152140666 -0.0106450814931718 0.118203412876298
-0.0188453236592723 -0.0238196452505107 0.0355388034825183 0.0826398612334988
-0.0287772230834584 -0.0265500876206233 0.0575967019348543 0.0465285657177776
-0.0287484967620153 -0.0343129369198798 0.0707783335236892 0.0272716695803551
-0.0186328936470785 -0.0579474561703913 0.0829052759707635 0.0368140051722272
0.0252945620402272 -0.0636631685814806 0.0675580317920175 0.0774961515806642
0.0670257447758088 -0.0237772326152593 0.00657956077151938 0.115604156418198
0.0770830474674479 0.0380640641400165 -0.0533988196803802 0.132629794336523
0.0396515095206638 0.0934901629138278 -0.104426469562882 0.116761400683707
-0.00750512179684717 0.124312276429542 -0.0971685401805403 0.138591798284152
-0.0167815732100346 0.129522305193926 -0.0243556164604083 0.0650018158392299
0.037045928708198 0.0801160709843566 0.064969049581919 -0.0350470365097679
0.0606762767700045 0.0292442981658978 -0.0275408232213093 -0.119734554318379
0.0524497553673177 -0.022776913339945 -0.136706166077939 -0.0447868434718105
0.0280156644912521 -0.0606180594950672 -0.1083536032392 0.0776038496115886
-0.0137650658321597 -0.0640294969669764 -0.027370300494201 0.103700167611818
-0.0366823796325693 -0.0438401493959309 0.0202172065316644 0.071846264044249
-0.0474919050550777 -0.041226804059476 0.0425763120980459 0.0340926558560204
-0.0460622611620828 -0.0510557760868916 0.0550798926617489 0.00629143545245352
-0.0340176208757801 -0.0860078925378315 0.0774489928595653 0.00306830956961078
0.0261694130995787 -0.101207862561531 0.088605890980923 0.0387459013418843
0.0931602703073848 -0.0550122441293523 0.0464091488329735 0.0973834803471843
0.124732171114602 0.0421944191378903 -0.0201973551726234 0.133087077955503
0.0660352414349341 0.13870134857272 -0.0820462670156751 0.112814262471854
-0.0180885536958838 0.173632938205759 -0.076963234078241 0.0999147245104126
-0.0490283328380751 0.159726105358825 -0.00318001135158635 0.0134850430883717
0.0316900367839743 0.129887763913668 0.0794030669826764 -0.0551008782604523
0.0902559846750054 0.0658149349887948 0.00017040319953236 -0.1453539822304
0.0900703064423938 -0.0272028074629978 -0.119710299352383 -0.0792614519220266
0.0443563227752799 -0.0856655223188979 -0.10991877308596 0.0384585974283493
-0.016242999985569 -0.0901638918624026 -0.045138219271633 0.0748689278249787
-0.0493967446103897 -0.0602711356269855 -0.00156789677240071 0.0533603464184357
-0.0596935045793339 -0.0492008590067065 0.0206724940423615 0.0163521945795379
-0.0574044463073042 -0.0573691641947089 0.031915135886933 -0.0165112888765259
-0.0462051652051578 -0.0969239995981585 0.0614052195239349 -0.0326003867777152
0.0165481985509112 -0.121513156606656 0.0967198525114794 -0.00787806475418588
0.0951927168702729 -0.0812073141933212 0.0805396777439416 0.0649242622864199
0.149531959014243 0.0285751156347844 0.0134319051669601 0.120700959442749
0.0860260067450242 0.152781556109661 -0.0625170178583486 0.100660369255793
-0.020180183223447 0.194060122472614 -0.0541162696767095 0.0510485223467527
-0.0747114645321034 0.162096740697791 0.028501372072722 -0.0463021485366753
0.0124097452782565 0.159393411763804 0.0958767127703692 -0.07854827851191
0.0975201755348292 0.0991773461550427 0.0339315697819188 -0.159859493644223
0.114745701378986 -0.0187398066528839 -0.0836683746893742 -0.110826558712418
0.0585574702680029 -0.0934693239597776 -0.0981205931146801 -0.0111116836973358
-0.0136682566683287 -0.102608276014693 -0.0601671807439674 0.0337077395715199
-0.0539427097676907 -0.068010134929223 -0.026578129266004 0.0269371720467657
-0.0630117552180976 -0.0496060663879159 -0.00418279305591235 -0.00345581919628093
-0.05962591445978 -0.0550389397014903 0.00638747787565927 -0.0374077294296568
-0.0487571009957812 -0.0925969093548898 0.0394375316242384 -0.0621625797990944
0.0085967516848941 -0.120112846079858 0.0920487355714721 -0.0486147694928712
0.0843235135465584 -0.0871422861212166 0.100070053779664 0.0301334205437424
0.145657635561028 0.0169268563038926 0.0363174124654192 0.0992228350072151
0.0849752889385465 0.145729393653009 -0.0486225876095867 0.0838884127959123
-0.0223276290392398 0.184089959168217 -0.0341241689801547 -0.00109589327279685
-0.0838275824035111 0.134967667141267 0.0643301157652453 -0.102080590800384
-0.0121847584150233 0.152294920900404 0.111051778429062 -0.0996202455465958
0.0779597248923654 0.109756020895151 0.0649680596765061 -0.15739941406559
0.111713746233621 -0.00313136557429314 -0.0374129039705666 -0.126799685571075
0.0611885012608821 -0.081360049112088 -0.0736935952172119 -0.0576503266392346
-0.00807680362188144 -0.0956055761240458 -0.0688653072122048 -0.0107881448758373
-0.0490302415953881 -0.0631387295418512 -0.0500717652787155 -0.00185710754588294
-0.0563744264435374 -0.0426394740929214 -0.026886158704501 -0.0224254927560045
-0.0532722314778687 -0.0455484772908647 -0.0165351309141149 -0.0546615194758949
-0.0423118676950276 -0.0769467706081849 0.0197690993991736 -0.0825686457307386
0.00665228669239905 -0.101061526351495 0.082052727955035 -0.0770197781351818
0.0699881579472796 -0.0739793600564413 0.107735918642224 0.00378755887034129
0.120868729553527 0.0163712921456367 0.0487621348598065 0.0790179425765049
0.0634268588114076 0.125868742817481 -0.0387632541332742 0.0650555496811789
-0.0287653807647615 0.148895970231788 -0.0152541569790585 -0.0458468587017082
-0.0716659404866866 0.0831549339281985 0.0927206374563928 -0.142978601081703
-0.0274866897494696 0.110156578567858 0.121743613004385 -0.112807110145563
0.0450349630216191 0.08832449770179 0.0838659158631031 -0.144455348324419
0.0802548409989539 0.00656827353374042 0.00248617652319969 -0.127613244900594
0.0460793311763271 -0.0543916103013622 -0.0477489981708326 -0.0898533544843009
-0.00333956845532996 -0.069070638120617 -0.0721893547774194 -0.0474719024586194
-0.0354360558192299 -0.04661129166001 -0.068646659722428 -0.0257363815630427
-0.0413861957190435 -0.0294762479739993 -0.0457426077004942 -0.0378645058463553
-0.040183823668927 -0.0312494376543281 -0.033118328973754 -0.0668814393333447
-0.0307464516225071 -0.0550687478990308 0.00737420244453494 -0.0958390861573408
0.00682460597599135 -0.0739364640217399 0.0744016455600794 -0.093040863004051
0.0558367292977001 -0.0519527088023009 0.111066272652699 -0.00985917304386182
0.0870804567767764 0.0230908756080052 0.0542920457675681 0.0642645308799042
0.0322910366660466 0.0988590865618058 -0.0283476458776649 0.0501813968595827
-0.0356101765245913 0.0975521037744732 0.00327868031290688 -0.0773474718493255
-0.0439881109058079 0.0186324537184463 0.104733648539956 -0.163619012302057
-0.0289786435415516 0.0467016456973592 0.121686456009933 -0.118361177183042
0.0115855184875434 0.0423969741359112 0.0878869638131443 -0.131818030996176
0.0320918120864136 0.00688424869775268 0.0223727144941084 -0.123291370920778
0.0187597396247515 -0.0209900196385147 -0.0342844042833699 -0.104210606028247
-0.000560798770365795 -0.0306800824734232 -0.0733219792831799 -0.0668203951103613
-0.0163982869732982 -0.0212690128411423 -0.0796339029160495 -0.0400053405284822
-0.0198155557193169 -0.0124990903038727 -0.0568804251117213 -0.0468827009879403
-0.0227107558641674 -0.014733185207001 -0.0416065187785538 -0.0748516981869149
-0.0187145105361883 -0.028474896244531 0.00286908413077406 -0.10383368466799
0.00581472744523766 -0.0426807875553509 0.0718688664685153 -0.0999504264156729
0.0390905167251461 -0.029494765766733 0.114552992203118 -0.0137376665939042
0.0511769350489082 0.0262322666449857 0.0574999284660413 0.0586617810324749
0.00193847090049243 0.0640916728755466 -0.0210236765345704 0.0402414722518591
-0.0384962287612637 0.0373280413514709 0.0214426324394656 -0.0931503181989182
0.0314849694538711 0.0166294297121573 -0.0189588298852747 0.117887821748862
0.00919910464927578 -0.0191795069152045 0.0509106682566552 -0.0181771373424858
-0.0157252657673934 -0.0112233402354036 -0.0533244100377597 -0.0709458698436029
-0.00724738405411042 0.0112280501837652 -0.127805330772828 0.00518919779805977
0.00652761161064375 0.00261427948752594 -0.0755239877202133 0.111284021478785
0.00273405267554834 -0.00217213984292939 0.00839931359545131 0.116416545738679
0.00130901952300042 -0.00398491035023884 0.0465214600927391 0.0798995105976717
-0.00575370304030233 -0.00754913596637266 0.0652964871886031 0.0470638889988695
-0.0079934116769567 -0.00955664189858646 0.0773286273634218 0.0343741711976587
-0.0064291564122351 -0.0158229495113593 0.0806534935124555 0.0509716293780585
0.00664143640002316 -0.0175689943331102 0.0488232684402211 0.0914253123449468
0.0193503619827328 -0.00650983372622732 -0.0145324130218259 0.117679802409539
0.0237111939680378 0.00266248620678801 -0.0656477990155 0.124662547214078
0.025203474593587 0.0211794409154622 -0.112594625571818 0.118053760563771
0.0178672355866522 0.0518226849879742 -0.096784641863505 0.161400879601701
0.0176194812712347 0.0744444469583038 -0.0236963808051482 0.101124944126385
0.0290401055744337 0.0233746048589319 0.0530899007633066 -0.0229856666424458
0.0207827603685809 0.00179260904788741 -0.0479807178788413 -0.0882599464680701
0.016701145117576 -0.00832302140619912 -0.13349426894974 -0.0082285821603423
0.0121434635156802 -0.0291616342197969 -0.0864616983687021 0.102966826632464
-0.00894485212036335 -0.0310114395281198 -0.00204295963050453 0.113722107699123
-0.0195462302333986 -0.0214981723559644 0.0394825000496847 0.0766379434518761
-0.0292883884167332 -0.0234905085446883 0.0580556318720876 0.0410697764528177
-0.0302920048674067 -0.0312725379123125 0.0692360727673616 0.0211291014410019
-0.022164969851594 -0.0540609278277614 0.0816672664780322 0.029156841975224
0.0194725600392296 -0.0624880419452016 0.0696087883590923 0.0689822227862234
0.0631775802722532 -0.0276224371670565 0.0145033917918322 0.11155405352886
0.0762638548626324 0.0312326494927106 -0.0428837960483011 0.130978017311345
0.0438852442386658 0.0871054251793264 -0.0935889602048887 0.118338199024421
0.000580927197019718 0.119657380381509 -0.0840927601038973 0.139843287149367
-0.00662775403591324 0.12469008302318 -0.0183839562377644 0.0648194600688655
0.0412025707829961 0.0740443536842158 0.0607942699042621 -0.0365613483266281
0.0602107525686913 0.0240335228335553 -0.0341518591418462 -0.113396714907165
0.0488616278183444 -0.0248582144941226 -0.133782973968514 -0.0346858370836407
0.0217628719663966 -0.0602199952369616 -0.0983166447883947 0.0807675666307845
-0.0177831403469055 -0.0603833319624831 -0.0186463421931476 0.100930250356046
-0.0381906981922623 -0.0390525122321764 0.0243133142398391 0.0675562792907516
-0.0481872337814525 -0.0360529654296824 0.0422205150748332 0.0297288103955691
-0.0484565320828898 -0.0455722273771787 0.0521076516348621 0.00222223994871846
-0.0394778485530198 -0.079727125897271 0.0735667127592789 -0.00280896460921306
0.0171179180714058 -0.0986333042291429 0.0874330611483121 0.0299015894611315
0.0851652523609262 -0.0590774586395231 0.0507490550883577 0.0908874222153101
0.122459223335395 0.0319413696565668 -0.0103705739300863 0.129415317869237
0.072434497034697 0.127818240867299 -0.0716412938325223 0.113726827378015
-0.00528584887808348 0.168095097225317 -0.0661875533837879 0.101524605963642
-0.0347661561980844 0.156324359483866 -0.00187101283397185 0.0143802275337191
0.0394981459990586 0.1221632745432 0.0735207403716066 -0.0566552395914223
0.0906063845237289 0.056894314252787 -0.00900272229845529 -0.139509152169263
0.0844951007340441 -0.0320349606045456 -0.119873680994845 -0.0688214699615207
0.0358995526707885 -0.0849432702125569 -0.10366644027812 0.0436687016103602
-0.0227152224333787 -0.0848863292128255 -0.0381203027009132 0.0743507860641678
-0.0511220045314897 -0.0536156789499294 0.00186490851480969 0.0502209901031099
-0.0601190048924262 -0.0422975702224339 0.0203688872915448 0.0141993429480978
-0.0596031117469919 -0.0510749804070085 0.028812591381523 -0.0177300731842196
-0.0521411626424353 -0.0893669594937526 0.0552025589543504 -0.0359762304463565
0.00666908921318454 -0.117173747133638 0.09123371156039 -0.0157148181052669
0.0856937960895672 -0.0842166727157313 0.081310442128054 0.0577513374578131
0.144839014633412 0.0170551111973386 0.0210454642852613 0.11573697698751
0.093495686318714 0.139781557509427 -0.0538832434755969 0.101045495276074
-0.00585810329075646 0.187673451490384 -0.0478868460732426 0.0529706150490628
-0.0597074323124551 0.159983097679586 0.0242118854120931 -0.0457125157593754
0.0230335254295659 0.151081517321521 0.0870637388498967 -0.0801102950580593
0.0993023868412235 0.0878691865033102 0.0224779453173002 -0.155334170971029
0.108809945506051 -0.0252664662744874 -0.0873048669344956 -0.10157337580638
0.0493454987072441 -0.0941186414942306 -0.0956428558858307 -0.00487606822452165
-0.0215100868505543 -0.0973808995610614 -0.0552376630810529 0.0363750860806408
-0.0563865804100394 -0.0609342219891385 -0.0232549729543828 0.0275102964719678
-0.0636933986116225 -0.0424909829091702 -0.00414611512243377 -0.00281995583829595
-0.0611349156945293 -0.0480887057231291 0.00266606068207163 -0.0364212547558018
-0.0541267609551378 -0.0848822014211661 0.0327856709964054 -0.0621494685164268
-0.00100831387075087 -0.115643618427138 0.0840411972935024 -0.0545210274749484
0.0742580040087619 -0.0895009611913951 0.0978603852159103 0.0227849642747177
0.140145883703338 0.00577194636515044 0.0408336031934374 0.0941421897978944
0.0925160514742785 0.132612518600851 -0.0417094187751553 0.0841478801712052
-0.00848585281003981 0.177687415335808 -0.0323073570717144 0.00187064859575532
-0.0703240372839349 0.134855856764178 0.0550948146829771 -0.101086935018605
-0.000575808089758496 0.146655828640787 0.100071882420879 -0.101327617683564
0.0819287527072952 0.099920939012265 0.0517348287219407 -0.155272833505914
0.106831821974968 -0.0102400843854078 -0.0438855223808427 -0.119807994218322
0.0526209357517561 -0.0821495669162562 -0.0757790039705769 -0.0510555663445666
-0.0156576316910189 -0.0906760962121216 -0.0676779079000019 -0.00594048764757133
-0.0511977439866217 -0.0571699512285153 -0.0478973638262364 0.00143416619970678
-0.0562453619411973 -0.0362553924411523 -0.0281035111613151 -0.0196797789257409
-0.053948472370875 -0.0392915272397524 -0.0206361653987129 -0.0507244412041067
-0.0462877030155505 -0.0704254009364976 0.0126449096407024 -0.0802633708421454
-0.00128422050095112 -0.0973909880743879 0.0723557988253826 -0.0806052356650207
0.0619209308230528 -0.0756688139331006 0.103281096934305 -0.00268561848394097
0.115675348866996 0.00734219135971451 0.0514897584677066 0.0734825747756133
0.070044044158698 0.115796695365765 -0.0321989592460781 0.0658049052081291
-0.0171077642777558 0.144240313426071 -0.0173960242571194 -0.0423476453815058
-0.0623649986143843 0.0847006167977963 0.0796025476175297 -0.142675700085327
-0.0185169750395971 0.107497394133689 0.109725454874145 -0.115031411911545
0.0487203336065251 0.0815197667188821 0.0708561900810284 -0.144049669165279
0.0775800045105043 0.000791324085118094 -0.0054805023844643 -0.123046179132605
0.0406657041928761 -0.0553871613124112 -0.0529124093068625 -0.0835087698166964
-0.00933315825501944 -0.0659784448316895 -0.0731140680145883 -0.0407660212588297
-0.0377492992260453 -0.0421352090822335 -0.0674441770106874 -0.0202236241948631
-0.0409222443690366 -0.0251182835126331 -0.0460798724872197 -0.0328333178256015
-0.0405846478423608 -0.0270083830541114 -0.0368777069281452 -0.0613629187206258
-0.0334448514945596 -0.050316811222423 0.000222474052223192 -0.0924037921589802
0.00119479989474098 -0.0712749721282472 0.0644537098219746 -0.0952661195534918
0.0501968711058487 -0.0535669608983469 0.105749069232587 -0.0164651620661554
0.084420796352564 0.0163040283097751 0.0564954078500019 0.0585501065757779
0.0379477451783358 0.0918055137666913 -0.0243320986977911 0.050914085673205
-0.0275949090368653 0.0955456038527618 -0.00197547535650856 -0.0744550245593137
-0.039978155647434 0.0209258765387512 0.0896140885913223 -0.163912224065615
-0.0239728831434617 0.0469154566755407 0.109297741082085 -0.12076443353647
0.0131011102536076 0.0395064484245952 0.0756777560251636 -0.131456348536677
0.0313873635785947 0.00467465544815461 0.0141204106514085 -0.120519382109678
0.0164160267485133 -0.0212057269478418 -0.0409573301839206 -0.0982993857539424
-0.00330194504788718 -0.0294056833184187 -0.0754268874436969 -0.0594610537811438
-0.0174949055002238 -0.0194929418213436 -0.0783994851695109 -0.0327565017341549
-0.0192942599680947 -0.0102190365941366 -0.0575208517398618 -0.0407528856408007
-0.0224110598429825 -0.0118390643151638 -0.0453857795930623 -0.0688346178885249
-0.019673177091383 -0.0259357852369676 -0.0047749091611311 -0.099822761232122
0.00210237296097883 -0.0411816935405244 0.0615566089701088 -0.100952538121008
0.0354741120419681 -0.0308374871158669 0.108448690719487 -0.020438778089442
0.0505385054928207 0.0217962036611671 0.0588219042200382 0.0530214283046816
0.00646284455105747 0.0609197964799025 -0.0173812849339333 0.0407696733054825
-0.0345898446684571 0.0379757536792186 0.0135594652556623 -0.0906499031289985
0.0301176848029904 0.0143158435239518 -0.0137725080720722 0.111310405321773
0.00810513728938596 -0.0183295044225156 0.0484210386328202 -0.0177582041974303
-0.0143785040493901 -0.00970380538665032 -0.0517070644507262 -0.0655782350464085
-0.00581953904469386 0.0102463520907942 -0.120262461395459 0.0077918283613959
0.00576451165748459 0.00203605550251241 -0.0678479846513618 0.105930314673918
0.0026235733500974 -0.00173810143732767 0.0110597013510458 0.10862602948065
0.00149666952743897 -0.00365999531314934 0.0453233416940973 0.074100241394863
-0.00568689584080257 -0.00690477476230501 0.0624019732436465 0.0426527927676259
-0.00798901724250635 -0.00870033697452648 0.0726398927399346 0.0304741705794529
-0.00680149441341565 -0.0143666618867751 0.0762420468399726 0.0454679041642446
0.00584845020543528 -0.0167178773267374 0.0479725270050338 0.0848458046508596
0.0182360960563442 -0.00700650697662949 -0.01074457387223 0.110911035487491
0.0223405038938032 0.00227029014481715 -0.0588052507969571 0.11780743340986
0.0235859480596698 0.0194612756484565 -0.103526400715233 0.112501651075884
0.0181705203950514 0.0480281266901775 -0.0864612929919701 0.153462252784348
0.0189742898896673 0.0688518649553145 -0.0181055267466777 0.0961772163053297
0.0274637416389267 0.0208039280138911 0.0501098331277159 -0.0220645772017334
0.0195060442801787 0.000866673702538795 -0.0466926091060885 -0.0818111815799428
0.0159042473160227 -0.00829763418235576 -0.126251466751737 -0.00500638767117354
0.009979777881397 -0.0276750903312274 -0.0782009589735623 0.0981128662381813
-0.00930891082592643 -0.0285810953904362 0.00128943363869809 0.106384939792194
-0.0190306528538113 -0.0199468610981494 0.0390559712107738 0.0711334218767442
-0.0280972171440559 -0.0216254654327775 0.0549434493809095 0.0367678502564818
-0.0292851683845494 -0.0284763981363714 0.0647725988718332 0.0178264767179533
-0.0231481773763768 -0.0499934781424371 0.0766229345375297 0.0244369544880966
0.0160554827810788 -0.0590648735690874 0.0669351577469427 0.0622729048049149
0.058278081596058 -0.0277378848207596 0.0158642629397583 0.104494979810509
0.071766353476843 0.0276949339132316 -0.0373159149241633 0.123012412451638
0.0430801594782662 0.0803630007329959 -0.0857292541956247 0.112981488709894
0.00334562531791877 0.112409496455082 -0.0745498327701432 0.133007492293774
-0.0020119455777258 0.116325282568039 -0.0146092551607663 0.0625427571847773
0.0402020872300085 0.0672601430197195 0.0572251122741132 -0.0342341377865179
0.0564732617626868 0.0209771289002149 -0.0336611306483412 -0.106481055207679
0.0454898537117402 -0.0244370221095146 -0.126575764108941 -0.0297904586241804
0.0188814963166027 -0.0572176612788858 -0.0900853662499776 0.0773534375488403
-0.0191098460018486 -0.0554370533525802 -0.0148040578476266 0.0946236747257524
-0.0367598312699947 -0.0356767503812641 0.0239744475362871 0.0627416373223624
-0.0460738240205632 -0.0318852959038411 0.0400704294563126 0.0270176138070437
-0.0471000048522626 -0.0409866102165022 0.0480918634344673 0.00128795823597994
-0.0397609602399406 -0.0727680363440333 0.0679184752535267 -0.0051373019307445
0.0121466559822355 -0.0928200605597038 0.0823799978576281 0.0249820345062321
0.078523377135463 -0.0576700057827376 0.0499833508415942 0.0847545551698698
0.114904985431728 0.0263366005410167 -0.00716675538026616 0.121880111815925
0.0713817605114423 0.117454831847033 -0.0652308372468844 0.108527176481166
-0.000869657349236966 0.157726279099227 -0.0587613005650545 0.0979209117036681
-0.0279455285473502 0.146980824684415 -0.000580482158085599 0.0146810549044848
0.0402221425360573 0.112317491980146 0.0676875181405375 -0.0531680303877235
0.086295452389708 0.050697523275761 -0.0113520289621849 -0.131205518575097
0.0783239325126993 -0.0321644361577617 -0.114052728411988 -0.0627306879686933
0.0306310005442664 -0.0807696042455533 -0.0959028507637128 0.0429141261068947
-0.0243296137423839 -0.0784425701806043 -0.0332707508487592 0.0704564845352408
-0.0495372761067859 -0.048497285917051 0.00293087359293931 0.0466432403308733
-0.0573807276265703 -0.0381609104435903 0.0188849818112254 0.0129970349789551
-0.0574280654074459 -0.0458859778271142 0.0251212150778333 -0.0173918504369215
-0.052216178096717 -0.0817226864830019 0.0502266429836348 -0.0351867485232992
0.00182083995963877 -0.109563536053163 0.084239298743224 -0.0182694258362244
0.0772974518494552 -0.0812209435439959 0.0773430040873341 0.0529810236287702
0.135723044709072 0.0111820191307586 0.0217754266259281 0.108891725781168
0.0912883112790793 0.128042554790578 -0.0480456254000157 0.0969015915976886
-0.000272505023488024 0.176162525851657 -0.0429191638076777 0.0510063397140694
-0.0508533874799428 0.151464826550543 0.0220539217497616 -0.0418072611800924
0.0256179461747408 0.14041074781896 0.0801230517931332 -0.0751308369488048
0.095121248836031 0.0794993905685846 0.0171461110369003 -0.146002425296718
0.101023720956072 -0.0269814703383771 -0.0844690732502062 -0.0942632493453641
0.0427767908108919 -0.0887957119508229 -0.090590067222786 -0.00232845567064689
-0.0235975796362073 -0.0899793583884811 -0.0515661353723487 0.035447263820054
-0.054528851969599 -0.0548285755126744 -0.0211457866363721 0.0260815889024489
-0.0602281575963446 -0.0381864487383079 -0.00472748432133023 -0.0026043698926454
-0.0589427912956721 -0.0431703166477891 0.000663427533031244 -0.0331952019582051
-0.053508355405369 -0.0778085781131321 0.0282229014209464 -0.0593758897536841
-0.00536097068154564 -0.107805912959116 0.0759703607008783 -0.054500797971011
0.0670153639993953 -0.0854797259530033 0.0915999389337099 0.0199168540187237
0.130214534341794 0.00143299128911362 0.0406470849776684 0.0882036425548345
0.0901229751065642 0.120825632072267 -0.0369052427567629 0.080456409718012
-0.00295917418835998 0.166867600762402 -0.0300828597826881 0.00313045137756212
-0.0613958615750124 0.1276561036478 0.0488526698653605 -0.0952531278549379
0.00308370965287992 0.136770996987231 0.0916581760778396 -0.0954425210705143
0.0784664688174358 0.0911966363944351 0.0448720891108876 -0.146395681567871
0.0994131348791818 -0.0126850894816637 -0.0440306061567161 -0.111754556581267
0.0465315673792928 -0.0781684614845819 -0.0727469103141371 -0.0463320660928475
-0.0182501114936516 -0.0839741477022891 -0.0640743761813545 -0.00378601919237967
-0.0497582058813247 -0.0512613928399824 -0.0447865034606743 0.00274087209079058
-0.0531873794800749 -0.0324142709666718 -0.02676036713281 -0.0173829568061905
-0.0512983049785179 -0.0347788996031988 -0.021262031839718 -0.045874625384237
-0.0456977416962364 -0.0646685783159347 0.00930742749262606 -0.0753438883401117
-0.00547129796762462 -0.0912446736032225 0.0646796340647112 -0.0789793898108015
0.0558755331723232 -0.0723691849974172 0.096369390543856 -0.00467361264062163
0.107939863898167 0.0043120252972408 0.0497671225489224 0.0682625298130483
0.0683665359492986 0.105322281215625 -0.0285520876757651 0.0633577178089942
-0.0122482785223186 0.135188267738621 -0.0169388302583038 -0.0390419978875919
-0.0553653171117423 0.080885501843353 0.0709118791496982 -0.135094453864201
-0.0143123104495138 0.100840454949181 0.0999860685401311 -0.1091350836125
0.0469913436486869 0.0752240856857278 0.0631180277821324 -0.136074255596138
0.0725643040502326 -0.00106582465890797 -0.0075360867675689 -0.115367147500549
0.0359051171148312 -0.0527547199831477 -0.0526155279858012 -0.0769993308400107
-0.0109503407517145 -0.0612516424002256 -0.070145763815694 -0.036064942342798
-0.0364906622686744 -0.0378990541641447 -0.0631379269482902 -0.0175810623847142
-0.0385721770620021 -0.0222595567822707 -0.0443612446025009 -0.0296703181854335
-0.0379646785785827 -0.0235798204169023 -0.036543105916159 -0.0562598687759003
-0.0327076341170541 -0.0458946988388199 -0.00246302328477685 -0.0862877286410482
-0.00153540236873884 -0.0666673121335948 0.0572002928078683 -0.0914944117595608
0.0451874416830424 -0.0514205117733279 0.0985507503424625 -0.0175617895648038
0.0785065769542804 0.0131604154151394 0.0536739289937388 0.0543924936019751
0.0384366383850477 0.0841068117166495 -0.0210944072304739 0.0488150921342899
-0.0232782722494249 0.0898612877039977 -0.00363304415684565 -0.0693912706356558
-0.0363146585104664 0.0203483717529445 0.0796828934286808 -0.155121256725052
-0.0208563015472487 0.0440269490201102 0.0996494568092177 -0.115291490119
0.0133246552884193 0.0367638090516996 0.0679721259303188 -0.124967319613374
0.029506560421846 0.00351586528152917 0.0106787138132923 -0.113728256288935
0.0152191758241384 -0.0200446068803369 -0.0411147364209781 -0.0914512786230847
-0.00482102450615763 -0.0273032158402999 -0.0731164479903487 -0.0539792823131641
-0.017020767783246 -0.0177417452085693 -0.0745782873356267 -0.0286617994368944
-0.0183165478658421 -0.00918900594658017 -0.0550006075616311 -0.0368214046408226
-0.0208514677003106 -0.00985450101086525 -0.0442777194159641 -0.0627577686415391
-0.0187801680956674 -0.0230837681739106 -0.00713309205574067 -0.0933505805177512
0.000708202479517721 -0.0389377570089052 0.0548711317880987 -0.0970487832020177
0.0326364525064523 -0.0301380811759863 0.101072754093 -0.0216537618375902
0.047230658673893 0.0197184145288355 0.0556882020699632 0.0490834772606917
0.00784822226269422 0.0567207709915054 -0.0151490201052621 0.0388764683446679
-0.0318421806672049 0.0358316885629122 0.0100919584898992 -0.0849429679798117
0.0282959125680639 0.0133719116980971 -0.0134628765388067 0.106302718719932
0.0075750574012416 -0.0173917569186525 0.0474947860508549 -0.0162076270918105
-0.0137498109088667 -0.00935114262476688 -0.0472886082378612 -0.0637541085411691
-0.00589679660671586 0.00925330719077567 -0.115137997841445 0.0054626254136193
0.00559056574705849 0.0017546634330378 -0.0657669619962988 0.0991674012074723
0.00269564110839424 -0.00173979797796288 0.009143676248637 0.103547934145703
0.00138668347458552 -0.00413399340217991 0.0426304422614654 0.0715670749124208
-0.00536277819055466 -0.00677994456976042 0.0583366401632 0.0418647046401926
-0.00764516686081824 -0.00878653054990706 0.0691946540784754 0.0301579101892244
-0.00640715862709141 -0.0137582629932571 0.0715993682009869 0.0441797395177142
0.0060630134283787 -0.0161084264874936 0.0442920928528364 0.0814330418918863
0.0176641328424546 -0.00631274268751754 -0.0119871090843057 0.105874958606278
0.0208895288626237 0.00255101087826309 -0.0585631270627998 0.110308618270934
0.0216543508451335 0.019461290774343 -0.101427808539923 0.104664464331231
0.0162578930692549 0.0463611102670139 -0.0849516865833374 0.144116579633423
0.0171556523006289 0.064990429420108 -0.0176003294562455 0.0918910240998729
0.0253658413585556 0.0198514373102885 0.0501011339185154 -0.01984407575394
0.0184662625504724 0.00091489104192569 -0.0427868694804289 -0.0793605544900563
0.0154501047664733 -0.00763164849294754 -0.119943997807267 -0.00698198715489316
0.0100392172975144 -0.0265120109923044 -0.0762260393310958 0.091930969362017
-0.00847560384023331 -0.0273078862382467 3.42599461342391E-06 0.101279496950889
-0.0180288705675498 -0.0191443021285185 0.0358791461898185 0.0682113878765102
-0.0263262226645817 -0.0205876304002273 0.051505614025289 0.0361199148045455
-0.0279858315306253 -0.027248494358968 0.0608396225998364 0.0185777876668565
-0.0215036918350535 -0.0477067737541552 0.0724365049631878 0.0243600961774075
0.0161508372961193 -0.0558162587830061 0.0625619312043161 0.0599448535476118
0.0562506798979807 -0.0257972954277284 0.0128706851795826 0.10045755596087
0.067871116753339 0.0273114629451393 -0.0380736260801444 0.116583638882477
0.03905836009717 0.0775659873873913 -0.0840083884387327 0.106309064487771
0.00189738569421822 0.107100669533727 -0.0728694926251298 0.125454934210004
-0.00317371169908121 0.110172134115968 -0.0140587753854244 0.0602168676104989
0.0371582273680103 0.0644883993649062 0.056704190852547 -0.0308143472684653
0.0529554792918924 0.0207357057009127 -0.0301182769112927 -0.102404956170946
0.0437255718283268 -0.0225030788902156 -0.120156810696894 -0.0311849979529202
0.0178573139595909 -0.0543137971171957 -0.0870346058291559 0.0722842066595794
-0.0178368486788413 -0.0529622141437626 -0.0154204229665625 0.0898224324651544
-0.0342189411214125 -0.0343115242748963 0.0220982033545738 0.0598795210918813
-0.0434904661002135 -0.0315868796235629 0.0372446946795694 0.0266957247685641
-0.044628390775038 -0.0396438878649038 0.0451113880823654 0.00212217560665485
-0.0378108905680828 -0.0702970224647756 0.0642745198280657 -0.00345984259320242
0.0122100185833346 -0.0885477905493562 0.0767470119350386 0.0242583976149176
0.075479381057687 -0.053765143598492 0.0459736138019586 0.0823616374299446
0.108622831144809 0.027087915071779 -0.00877486019947489 0.116569236218537
0.0657174352479152 0.112551260808441 -0.0646890820948265 0.102249753597354
-0.00350704239648701 0.150427497862715 -0.0566005091550027 0.0922227053525242
-0.0279761612047545 0.138472120241026 4.4210200048524E-05 0.015122584938529
0.0366376366495572 0.107477564980638 0.0668925053968909 -0.0478388381774415
0.0808108016103178 0.0495257853559667 -0.00799040711905783 -0.125260666862986
0.0751641021684184 -0.0296716489757952 -0.107584094129565 -0.0618466855119434
0.0294818442828314 -0.0766762111199971 -0.0920938399568574 0.0388483122087634
-0.0231137011124642 -0.0745220228849813 -0.0331303374437322 0.0664112149428093
-0.0467331344547836 -0.0469476963137662 0.00211203765807867 0.0446688463208284
-0.0537530556030336 -0.0368433012272886 0.0176464383919354 0.0130115977482518
-0.0540232572338962 -0.0440134989568867 0.0238616134681036 -0.0158694546199392
-0.0488232995054633 -0.0783555453957299 0.0468329674855701 -0.0332210316432397
0.00228235963714404 -0.104340926667818 0.0799758162801661 -0.0171288358479243
0.0751455099404167 -0.0765753650918076 0.0728760555349693 0.05215808669657
0.127916046372515 0.0124175283468614 0.0192417217321243 0.104758963687923
0.0846518613678079 0.122492082380448 -0.0476700537465059 0.092210887302084
-0.00320892410323671 0.167753968229702 -0.0408315649055351 0.0485019121565952
-0.0499480261231829 0.142377019036498 0.0219558219869873 -0.0382067542821389
0.0222992483242614 0.133731076693677 0.0787161335522607 -0.0682165630759724
0.0890501804716505 0.0773309906887018 0.0197519885205026 -0.138951971959859
0.0966361596918218 -0.0241517212017045 -0.0785650265614059 -0.0910582860978678
0.0417891350300936 -0.0844686836116616 -0.0866439390373267 -0.0042691956112879
-0.0226372503227203 -0.085390693165159 -0.0499533078248921 0.0326312331445249
-0.0513519460197793 -0.0527494711068457 -0.020507905034097 0.024432993965668
-0.0559144419814947 -0.0367655780428982 -0.00444769801067866 -0.0019871233787083
-0.0554034277739883 -0.0416316772795155 -1.09295502484026E-05 -0.0311178202096116
-0.0503471721000709 -0.0745029822351528 0.0268401342171682 -0.0562167348668915
-0.00460853540528503 -0.10226301835941 0.0719774249390231 -0.052037828144117
0.0646177675157883 -0.0804834922539348 0.0871243961266408 0.0204183396955876
0.123151467218385 0.00325642578928046 0.0372092458833635 0.0855224338526109
0.0839117237813771 0.115657066139319 -0.036340946461021 0.0772191259291113
-0.00560145194550624 0.158929336084963 -0.0278194165940394 0.00235176359699166
-0.0596164491273641 0.120094304061594 0.0479168301069178 -0.0889121155595492
0.00113374615472794 0.130102466179125 0.0894939274816372 -0.0877425512755777
0.0731655576904668 0.0886006318365461 0.0456815455682019 -0.138005311562064
0.0950511273041074 -0.011029922877829 -0.0394206014487971 -0.108214174497213
0.0451022694506031 -0.0742205671191548 -0.069556094426052 -0.0457829453847177
-0.0175995361129808 -0.0801856461679613 -0.0613564063800459 -0.0040780747176194
-0.0468155962411445 -0.0489641800335605 -0.042798652023901 0.00157310439114364
-0.0497814986312448 -0.0314608668632416 -0.0257783422132546 -0.016581912388449
-0.0481435862221536 -0.0336686333289536 -0.0202700872205852 -0.0433506229120219
-0.0429210248488165 -0.0618323727346425 0.00931151828733756 -0.0719386811948193
-0.0041244506926743 -0.0864489303823856 0.0618125803647358 -0.0747377537895393
0.054048076603916 -0.0678067846249843 0.0916219135390694 -0.0027813606468213
0.101895999177754 0.00560436629291083 0.0462494585083275 0.067121189024001
0.0639347987209637 0.100549302358755 -0.0277999094433899 0.0604754829462461
-0.0138175765449857 0.128868701244677 -0.0157192578168997 -0.0376631493139342
-0.0534807339068574 0.0755150338077721 0.0692731461400307 -0.12666073243143
-0.0143245541581901 0.0957737610869984 0.0972818615226292 -0.10104476139124
0.0433515999776071 0.0729251357515878 0.0627703935427546 -0.128354692359226
0.0691549781551291 -0.000142754405503667 -0.00505825875978697 -0.110455289503913
0.035088528541056 -0.0497387251729762 -0.0490449405902245 -0.0743740766612394
-0.011030406134696 -0.0580424884441453 -0.0673300061329604 -0.0350291024796963
-0.0341542213038464 -0.0367971743406619 -0.0606015636062763 -0.017482168782392
-0.0357093612814502 -0.022006865585562 -0.0421329377245385 -0.028672710264344
-0.0351949380976917 -0.0228042718362152 -0.0346586823083811 -0.0535791492856772
-0.0305596347710508 -0.0442283711403578 -0.00162916367041184 -0.0822785444605997
-0.00117114674198457 -0.063608938842147 0.0542418688472954 -0.0868920264910158
0.0437360928033963 -0.0480224021002796 0.0940493368702821 -0.0151268161500706
0.0741731059087774 0.0139734905668027 0.0497289453357034 0.0535173856407817
0.0346579344069642 0.0804335204600704 -0.0201372840639942 0.0465987726518429
-0.0240066355661433 0.0850490729157591 -0.00263102427062012 -0.065992893342088
-0.0341803954769909 0.0187454797068226 0.0785027201684995 -0.146165664955656
-0.0199243087502879 0.0419502809176107 0.0968030220148215 -0.107027149827817
0.0118530292345058 0.0351830146111606 0.0667559907987101 -0.116865844401794
0.0281494428225228 0.00373121348643723 0.0123393931017214 -0.108669025359182
0.0147268488811442 -0.018902467801419 -0.0385033622558829 -0.0874849156513355
-0.00479018262689906 -0.0257512171578347 -0.0697294764308535 -0.0519292134352515
-0.0162349000514683 -0.0171008614422824 -0.0712430077982413 -0.0286381305484051
-0.016496659689899 -0.00891697178589107 -0.0520553808388559 -0.0357137631791769
-0.0192620050843546 -0.00944649894075613 -0.04195654371751 -0.0597747046856985
-0.0174469316229864 -0.0222658405426564 -0.0057500812763533 -0.0888828343919204
0.00101349351678378 -0.0367670834473889 0.0532628337566062 -0.0916763763435942
0.0311403409299026 -0.0278721176939584 0.0972169975613724 -0.0191484504387873
0.0444337480015998 0.0191492689347346 0.0522062904863812 0.0484221561839267
0.00670234933792284 0.0533473327900201 -0.0150568505430727 0.0375602143047372
-0.0310747623685925 0.0335837085996297 0.0108173617214531 -0.0806704237353252
0.024911947456069 0.0166157656924688 -0.0299720377241936 0.10418100576686
0.00997224911527348 -0.0157178683285548 0.0511157608313905 -0.00770791400744688
-0.0110127975692934 -0.0110155430354163 -0.034770890884591 -0.0708015330218979
-0.00706424156580925 0.00704517546783536 -0.113097981810466 -0.0123163786364431
0.00433731664326488 0.0023636642568671 -0.0792175933814074 0.0860966993918143
0.00336267734035143 -0.0014355971168302 -0.00726468208397002 0.103277592518994
0.00213128095455722 -0.00382872098173609 0.0309579977672113 0.0777214629945864
-0.00377009185488285 -0.00774370060924302 0.0497040550612364 0.0510253949927393
-0.00531868571582185 -0.00969392120386585 0.061957671923978 0.0421147805208074
-0.00335743537468383 -0.0148839702559531 0.0617226488705911 0.0555458820853565
0.00935643077213625 -0.0139567645479348 0.0284551045161333 0.087907431623941
0.0199560114197715 -0.00277772149155761 -0.0314831297854914 0.102609028161783
0.0206976798972298 0.00871560163312385 -0.0770837322880361 0.0959509231592897
0.0174587819624438 0.0248238094379915 -0.118759244797925 0.0830727966933364
0.00915126199516528 0.04891614968321 -0.110610073910451 0.125652402109964
0.00647120032777052 0.0648616163829461 -0.034701831314913 0.0869723334159399
0.0213345082037203 0.0236615813815684 0.0521309510401969 -0.0103946554493588
0.0177026652121969 0.00435431979022509 -0.0290593444285443 -0.0840255143181261
0.0172589868364873 -0.00510636155044361 -0.115999680738448 -0.0242110761565563
0.0134776741970644 -0.0242193305059197 -0.0880436034891573 0.0785124819501572
-0.00375369558024599 -0.0281170913923722 -0.0148518699895363 0.0997547718400488
-0.0138728324236819 -0.0218510798361598 0.0249972569874776 0.0735148165074587
-0.0218053723769173 -0.0248371691716821 0.0439772272062251 0.0443673140472247
-0.0221436836235265 -0.0319949104836701 0.0556922160861646 0.0294281626726818
-0.0126108348662223 -0.0501128686333109 0.0649493604849956 0.0364270821944577
0.0259860206139146 -0.0508197683848131 0.0491991217510584 0.0695636613551017
0.0608026834169701 -0.0150151017814807 -0.00580156196587243 0.101959153865392
0.0620244378269833 0.0400326720744912 -0.0585967586363504 0.105310026832722
0.0244746146345125 0.08325579897604 -0.100161315946298 0.0863670561151904
-0.0168127901491607 0.105461978730828 -0.0942353965479837 0.109613401848919
-0.0190946352626272 0.105785368917787 -0.0286205235830551 0.0535732962819083
0.0245963817532289 0.0681214711170763 0.0580870748469854 -0.0200455123821009
0.047953449828397 0.0289365101625281 -0.0153412775216217 -0.103493667090826
0.0469348766616121 -0.0144917672369883 -0.113050061795885 -0.0466408193525746
0.0262040629161179 -0.0494626451976357 -0.0958890592601019 0.0593364410248597
-0.00836637127833466 -0.0544327098302424 -0.027677737501152 0.0863533005657036
-0.027747886328541 -0.0394531885517645 0.0132531746491806 0.0631069885962607
-0.0360251886464416 -0.0381138567619035 0.0317761406221128 0.0321929021198116
-0.0356015092956207 -0.0465078749668798 0.0427928516521058 0.0105421399543746
-0.0245141537324908 -0.0743256237175747 0.0609363418364844 0.00743724428135408
0.0276844932623384 -0.0828831762450808 0.0689370390009864 0.0365601373993321
0.0848206146949654 -0.0391551450468071 0.0288893661630628 0.0902695526224493
0.101260460917194 0.0457547452355402 -0.0302092537722956 0.109801637023031
0.0438955647465213 0.121861760717113 -0.079267595745645 0.0853117069893517
-0.0299900901267328 0.146475814223393 -0.0716548623126188 0.0792693131764326
-0.0474658395385184 0.129619358594132 -0.00927997366468427 0.00893762331648598
0.0174807207435026 0.109682466518377 0.0693025577413941 -0.0361896460953436
0.0699068065601521 0.0617064259710685 0.00686500912209192 -0.122013230370299
0.0781160270896735 -0.0153538829362336 -0.0967541295098506 -0.0742363367772998
0.0414451967814424 -0.0687147634724541 -0.0964511985846777 0.0270861625335306
-0.0102792632167137 -0.0763400803649763 -0.0407658278961076 0.0617240514644068
-0.0374879921611321 -0.0538605263664377 -0.00405727013485451 0.0449276115985569
-0.0456231175888005 -0.0454903789511157 0.0147381647872471 0.0155404534489503
-0.0446612104693694 -0.0521020188594771 0.0248438492926384 -0.00984124111548207
-0.0342238250557471 -0.0841233133256657 0.0492397353932298 -0.0229358874469848
0.0197798129437827 -0.100590504699544 0.0783090249586728 -0.00308979670904948
0.0872311525049855 -0.0615154653080024 0.0608342213579204 0.065140981104536
0.122799988544812 0.0351213037594283 -0.00133586041652084 0.10405458451286
0.0608932677754167 0.133884388290792 -0.0610697279374183 0.0783241991159788
-0.0329772168470843 0.16333071420281 -0.0473437386119211 0.0385241446301377
-0.0692810365561835 0.130166250617999 0.0207255811655479 -0.0419533939231328
-0.000313500096622089 0.13319890547368 0.0829270396471244 -0.055818560467847
0.0737026800381526 0.0902212499835794 0.0342698043321135 -0.131185889155418
0.0977517293891988 -0.00623435543738757 -0.0653183302592776 -0.0978256648095824
0.0542236029700814 -0.074076653419963 -0.0846252034893652 -0.0131385197682282
-0.00792112346454592 -0.085887177155573 -0.0515046449608922 0.0266355565864767
-0.0412805947292661 -0.0604663103166167 -0.0234843541947875 0.0223149497414268
-0.0478988565087836 -0.0459311545458478 -0.00427901358658344 -0.00311513690356251
-0.0461978665330742 -0.0490605726018518 0.00454861802470945 -0.0291091250014861
-0.0365712219968285 -0.0808234468446964 0.0336034084283282 -0.0487885348572545
0.0126349137138795 -0.100185860159586 0.0767907259672565 -0.0387664299112159
0.0778373854755536 -0.067240036805342 0.0800956804180148 0.0369041430731472
0.119391233099394 0.0246720671438322 0.0198900327841282 0.088767188342224
0.0609952999276714 0.126403592323039 -0.0470786834522987 0.066146873193763
-0.0343916304438438 0.153615400583073 -0.0261943231612412 -0.00403357895517464
-0.0753501772964109 0.107683822397493 0.0558133515923251 -0.0874516594185737
-0.0201655220420396 0.12627262796333 0.0970472246315301 -0.0739006767524516
0.0562930448761323 0.098691689959896 0.0597102285516255 -0.127493232802856
0.09415994574585 0.00678515008559935 -0.0254954560539933 -0.108090184455641
0.0565116478372705 -0.0636213348523496 -0.0618696543642364 -0.0514609306181183
-0.0036391392738061 -0.0794817915057471 -0.0574343337411865 -0.011288257648996
-0.0376832466365171 -0.0562557113732152 -0.0419893932470529 -0.00301505495362803
-0.0425497983192736 -0.039351946066372 -0.0220942282993518 -0.0210389401352705
-0.0406513309721207 -0.0403663614839575 -0.0129803693667979 -0.0447526864047268
-0.0317025037997299 -0.0674175937455876 0.0194751046252045 -0.0676072933895698
0.00952285266129574 -0.0847564416155619 0.0710693470549572 -0.0626973235715038
0.0640701111303517 -0.0575083234720298 0.0890820711203763 0.0144836607900873
0.0982048468158777 0.0231729155676956 0.0320027915747088 0.0730976504928613
0.0446845319195304 0.108215372263441 -0.0359303284933651 0.0521831946802653
-0.0371017453542707 0.122207296797438 -0.00727754812511731 -0.0410220843974545
-0.0633840846606189 0.0653754356617827 0.0853011540795128 -0.11889363396467
-0.0299334566915914 0.0904718253092381 0.108600647414275 -0.0854364690994193
0.0299386517178062 0.0784223551910523 0.0766034495479386 -0.115449605233221
0.0668797123202414 0.0126052715934649 0.00963097683741041 -0.107297401235904
0.0425732213720493 -0.0419021992739065 -0.0373421459206335 -0.0776442723816753
-0.00132381802423771 -0.0572060453884119 -0.0590472911623355 -0.0431729129910956
-0.0276368749708324 -0.0414237387381569 -0.0568887010224349 -0.024679997530276
-0.0306137007040033 -0.0277289551597053 -0.036305824813886 -0.0356455029740601
-0.030500598728025 -0.0279073578548594 -0.0252550781186925 -0.0572537393607773
-0.0231302601151083 -0.0479344773675048 0.0113456482074146 -0.0802482980346408
0.00896571727051103 -0.0620751649454124 0.067138645954874 -0.0758655053035321
0.050906121757006 -0.0401635954013433 0.0933802224236329 0.00261349880226654
0.0699449983054688 0.0262597624439311 0.0384133884872558 0.0615655916985839
0.0200843614982782 0.0834910119040901 -0.0260811918695804 0.0406380414998355
-0.039166621998025 0.0772497164392921 0.00988425533258008 -0.0663024515318214
-0.0359480203025172 0.0132263911328709 0.0996036942790246 -0.133878180580676
-0.0257563208787103 0.037217388609489 0.111243288453686 -0.0915429184157083
0.00550632613134381 0.0367818917397032 0.0820776506827955 -0.104248946095334
0.0269014145164172 0.00892017806706706 0.0278401058773428 -0.103236357389207
0.0176810341361338 -0.0157926056874778 -0.0250237899511214 -0.0903041111000455
-0.000395500492925174 -0.0248601835359446 -0.0600229366970677 -0.0611751686985298
-0.0138984397452633 -0.0189952892783357 -0.0657474248783484 -0.0374448815343175
-0.014419599424214 -0.0117181858326227 -0.0450816607865389 -0.04405844775567
-0.0169013590917351 -0.0122627023629102 -0.0308829270557493 -0.0652798755737963
-0.0135562374337713 -0.0249337166371869 0.00875312174207883 -0.0875517951002792
0.00653307971226339 -0.0363006894187412 0.0665215378404516 -0.0801465287753702
0.0352232688487085 -0.0232233734212872 0.0979601110529677 -0.00157557472531676
0.0406225228374905 0.0262569725016126 0.0418800906096239 0.0565871690011027
-0.00270368255265387 0.0522529428720084 -0.0196938811161561 0.0328979396720299
-0.0375464523314439 0.0264999773087745 0.0249107590095694 -0.0779067511258466
0.0250482186020678 0.0168471358905237 -0.0306342360404248 0.106106084291472
0.0104091104899055 -0.0158040383331609 0.0539348331778 -0.00642451835202448
-0.0110924518288436 -0.011394450205597 -0.034047447951532 -0.0728681957981625
-0.00691252845612507 0.00706987328585393 -0.115572943003308 -0.014828158953598
0.0043226217047673 0.00181489306497938 -0.0825045228279396 0.086261141152732
0.00404227038712437 -0.00145313203532607 -0.00807460058313399 0.10520043098535
0.00248335690621654 -0.00402265354048212 0.03102769130901 0.0801079627679373
-0.00431708072335135 -0.00847447998989342 0.0502968769003664 0.0535176167517466
-0.00562916973206898 -0.00989623411462031 0.0635714087827838 0.0439027190902069
-0.00350135507523545 -0.0151895118607428 0.0620746202394032 0.058012011696399
0.0101441361468942 -0.0144875241838974 0.0278583341042438 0.0905775641417804
0.0207036985362211 -0.00267842210692907 -0.0337987212115669 0.104705641218388
0.0209568414961419 0.00946796607651841 -0.0806251699445373 0.095632499420213
0.0169402848650495 0.0261626448650931 -0.123501165061708 0.0817286411003856
0.00833416073151957 0.0496496742942872 -0.114909736393938 0.126622826185892
0.0059054837246448 0.0661740084204503 -0.0354819554532812 0.0893080251304245
0.0205854329931828 0.0239357723539134 0.0549464547832349 -0.00925923190956082
0.0180251733599676 0.00475088249761841 -0.0278199761857891 -0.0868993758130504
0.0172690226213483 -0.00525575670767261 -0.118866714268521 -0.0274449876154519
0.0136607017626451 -0.0251566165858174 -0.0907356923500215 0.0787657515153988
-0.00322330326707179 -0.0288071183043138 -0.0161190918358184 0.10125438933809
-0.0140695561898231 -0.0228153457405824 0.0248788694139931 0.0757600783916003
-0.0221860950916622 -0.0258544778084889 0.0441549993164054 0.0462045068592491
-0.022436202392783 -0.0329851564533659 0.0567137138224226 0.0314613414112509
-0.0125090339342378 -0.0516885964575473 0.065044303750839 0.0383044839070371
0.0273306333648366 -0.0521211857668582 0.0487423669617008 0.0714774699308159
0.0628726189799238 -0.0144474028477128 -0.00764580914647435 0.103744931431207
0.0622204465433098 0.0424780829243015 -0.061453116782363 0.106829859629782
0.0230398592073338 0.0860761511328528 -0.104675855480459 0.0859675930547783
-0.0192633078309122 0.107427783484429 -0.096878456035324 0.110162139014783
-0.0214142650348364 0.106734510550294 -0.0287474229628626 0.0552219811557966
0.0240927881400026 0.0700558908010066 0.0615102063260436 -0.0183607468112433
0.0485071180486017 0.0309851240281301 -0.0131483685292739 -0.106154140901663
0.0480560431431232 -0.0141264222437878 -0.114561024223708 -0.0501331533310517
0.0266298138483509 -0.0508165089208298 -0.0987387593719876 0.0587608467918166
-0.00854866626527052 -0.0554097902429871 -0.029310805840676 0.0880956289987869
-0.0281105555739663 -0.0404647695745483 0.0119991025121826 0.0641938982880381
-0.036293473377566 -0.0397234677958167 0.031802028241502 0.0335491946463415
-0.0360027504091748 -0.0475449883997856 0.0434031134064753 0.0122479985605786
-0.0245969353050804 -0.0762293908137528 0.0616240341777433 0.00857092845491541
0.0289131007068385 -0.0843423005459457 0.0690541574444132 0.0381789901974679
0.0867471694579732 -0.0392031322547683 0.0279425908030135 0.093619602446873
0.102746549489757 0.0481039440235069 -0.0331903077128072 0.112708659136021
0.0425551474147184 0.124640991799293 -0.0831053443662076 0.0866810409397348
-0.0328312313460596 0.149880403201724 -0.0734489003960004 0.0794177969177627
-0.0504730201258828 0.130012353321692 -0.00889569342180555 0.0105066087832639
0.0161301934913795 0.112471808107587 0.0729137408491601 -0.0346900665232059
0.0702963915861165 0.0646250201113107 0.00957946347522318 -0.125054494213685
0.0799099081669791 -0.0146998976528525 -0.0976740968172995 -0.0777506201505583
0.0428916961736535 -0.0697428755614188 -0.0992020138680757 0.0258190147588193
-0.0102889606267886 -0.0772052258463565 -0.0423918019859889 0.0627038100114001
-0.0377725175656291 -0.0549976095861722 -0.00475970777740644 0.0458055720943631
-0.0457499953420731 -0.0467923625174059 0.0144510804695815 0.0161282794368031
-0.0447442056974711 -0.0533459314477002 0.0245763830811749 -0.00919220463008566
-0.0349951735588041 -0.0866043872877651 0.0505777144987229 -0.0230201344707659
0.021035440530886 -0.102164792941613 0.0789837865382961 -0.0031059887736565
0.0901681833299505 -0.0616960336780919 0.060887942619853 0.0683933900798776
0.12409137397815 0.0378003689948216 -0.00302737775245087 0.107083677070064
0.05986001436482 0.137166589868078 -0.0634742372284685 0.0798995573456268
-0.0361748439686482 0.166668565511685 -0.0479594150804585 0.0389396504460882
-0.0725967472049002 0.131160434479273 0.022698987310044 -0.0410537745865852
-0.00212104511841515 0.135834556999388 0.0866647855294011 -0.0537664044916533
0.0729080111732615 0.0941176293937334 0.0379040739593821 -0.13338223407951
0.100185199158783 -0.00512414621197161 -0.0647420755944915 -0.101239718401908
0.0563170788765101 -0.0753841734639049 -0.0861476692611978 -0.0148260873644672
-0.0079690706322425 -0.0877695191188059 -0.0534506746544469 0.0267958826323965
-0.0421422319659494 -0.0616484346382024 -0.0247111440446802 0.0218990860526658
-0.0480355062503759 -0.0477271166201998 -0.00468303485210768 -0.00347775252430431
-0.0461761381973984 -0.0509874501068061 0.0045284705757219 -0.0291525001009923
-0.0372846046360657 -0.0828408276701779 0.0342087142042436 -0.0494277153196461
0.0132589545433209 -0.101666183471742 0.0781581996798309 -0.0394395762245479
0.080073103639748 -0.0681119797389401 0.0812596362895361 0.0396022411367041
0.120802804662172 0.0270538319977396 0.0190339241125174 0.0927384936657181
0.0608195020147923 0.129920490090753 -0.0488561836042943 0.0667727576888797
-0.0371261197778322 0.156947056115776 -0.0257384050206071 -0.00441475065435969
-0.0785936004845451 0.107767386092771 0.0584713740849023 -0.0871746562363683
-0.0222957931567155 0.128756880826474 0.101325333720228 -0.0719287709423672
0.0554179298962252 0.102149812493551 0.063805319407769 -0.129087533860521
0.0963635708032443 0.00809423033265541 -0.0234737074373463 -0.111390227368564
0.0577864092685369 -0.0642011732653148 -0.0621569951088009 -0.0534890400650401
-0.00411086311394343 -0.0805510896735185 -0.0588467524127421 -0.0115966940123356
-0.0381162024296848 -0.0576451249714917 -0.0433358578107867 -0.00406271716310242
-0.0426321299600452 -0.040858136448575 -0.0230324111579798 -0.0217289293504618
-0.0405402851380424 -0.0417731257829847 -0.0129734754914509 -0.0456233250871356
-0.0320903638136948 -0.0687785187497152 0.0201583894837618 -0.0686824052157056
0.0101112062681049 -0.0864893194647054 0.0722285434412806 -0.0635851120139004
0.0667026624650226 -0.0577208162055368 0.0910090698926836 0.016403176005934
0.0996050379924567 0.0253558145086063 0.0315412426400111 0.0762496479308507
0.043674781285504 0.110997480995589 -0.0370330862321245 0.0531411311094517
-0.0397691200785244 0.124844065549429 -0.00629458269077824 -0.0418198214569095
-0.0651957307278764 0.0649784359534741 0.0887055593885413 -0.119311095544877
-0.0314033852492241 0.0915579881955938 0.112835210521368 -0.0838852970240404
0.0294178035113842 0.0812947685925301 0.0809910130001596 -0.116131762687415
0.0686171117343726 0.0137304864346269 0.0118745068945755 -0.108961064241678
0.0440423336914368 -0.0425541613926526 -0.0368657799054207 -0.0799157083592955
-0.00123605148910958 -0.0581861718582756 -0.0601732813793305 -0.0445269160515236
-0.0280924667890132 -0.0428033708179062 -0.0582244803728627 -0.0256586469880481
-0.0304239879412561 -0.0288511851397345 -0.0370653859772639 -0.0369390735832261
-0.0299963803440671 -0.0282764393983739 -0.0254969842862586 -0.058986596406167
-0.0229421929722785 -0.0492035227977618 0.0124716105703083 -0.0816543945924764
0.00943966836144096 -0.0632539463144767 0.0687145996659264 -0.0768055779801113
0.0524560360065999 -0.0407570977688165 0.0959599450430197 0.00409972194246947
0.0706470282232115 0.0282299689934346 0.0383480167399613 0.0647586410379985
0.0189479989433085 0.0848000240404873 -0.0269862466910174 0.0413633498814091
-0.0415218988936344 0.0792421783817344 0.0107296934615544 -0.0672320401169157
-0.0364741361312548 0.0121602295922347 0.103803479839344 -0.134775785394684
-0.0262255036405715 0.0369186099799256 0.115662463129337 -0.0901387064246936
0.00492042659857219 0.037752891262917 0.0860134427936221 -0.104630313705943
0.0274720138212236 0.00924445631803157 0.0304616085687738 -0.105062474139729
0.0179816937967915 -0.0161055301727113 -0.0231401419495433 -0.0924640650914933
-0.000707645319023126 -0.0249433725293428 -0.0613416308193498 -0.0631219490567756
-0.0137295262054757 -0.0196895756029244 -0.0668588946703088 -0.0390334009010176
-0.0142454655390862 -0.0125075699104631 -0.0456458947692048 -0.0459072718961275
-0.016413182295374 -0.0123045478585697 -0.031156059293828 -0.0671111695716236
-0.0135868884154318 -0.0249492312383001 0.00961474616155441 -0.0894575799223759
0.00683823246873226 -0.0369576129286399 0.0683863318982947 -0.0812873967519269
0.0362523068016634 -0.0231875631484784 0.0996230676041587 0.000658538965908605
0.0410877530903547 0.0277753843162164 0.0414200575047262 0.0596206208297055
-0.00368265244773474 0.0528653087049915 -0.0206565367199452 0.0334876269468005
-0.0387047904689146 0.026325047028351 0.0261501363882753 -0.0788847585889946
0.0261129481942598 0.0170518795736994 -0.0278786918511912 0.109558324213508
0.00960957439624351 -0.0165456219610157 0.0568797482784633 -0.00825197077813872
-0.0116093402051447 -0.0116895759758568 -0.0352533142182733 -0.0751647611927947
-0.00677687025920772 0.00750166125070049 -0.120263433461498 -0.0123523713449214
0.00425173082057623 0.00147169440135851 -0.0833843262928909 0.0907868856443436
0.00428951933340928 -0.00181243873912587 -0.00536076934793767 0.108307247520684
0.00227168762034477 -0.00450141693128516 0.0343669510664037 0.0817385063740652
-0.00469424113950386 -0.0086433922894989 0.05347084677551 0.0538243637085138
-0.00631523982482995 -0.01065673471416 0.0665873181534573 0.0443501834801952
-0.00431351352089255 -0.0158176440414426 0.0650408877621062 0.0585250184321679
0.0103454791406341 -0.0154808509895114 0.0304855856454737 0.0934627166483139
0.0210287765161253 -0.00320082882439099 -0.0327233542187355 0.109309818921814
0.0218342866955125 0.00986647900866752 -0.0820920971476681 0.0995850616710553
0.0175469943022475 0.0265922790021681 -0.126318251515518 0.0862905261363014
0.00935797409429973 0.0511901145328347 -0.115196497418154 0.132161838016705
0.00784154106710719 0.0670394350793299 -0.0326138727693289 0.0926515118254787
0.0215563496386307 0.0244067534149226 0.0588187804987345 -0.0104359811157349
0.0188874642525749 0.00465359456964078 -0.0297221465204331 -0.089514300588552
0.0177317948817597 -0.00586542114335968 -0.122786367751845 -0.0256630043332325
0.0129868540468797 -0.0265094462830342 -0.0922741595567302 0.0825880871693926
-0.00403279661801821 -0.0289744187013174 -0.0139720969596409 0.105053217749178
-0.0150171218751135 -0.0232156582933914 0.0270413298091572 0.0770801574191416
-0.0237061543157274 -0.0267757157912661 0.0468825578280845 0.0473813716264722
-0.0238360901684865 -0.0330937029866366 0.0593927043022867 0.0308468097776129
-0.0146116214672846 -0.0526917224476304 0.0680787929684468 0.0378602906582158
0.0267299439108008 -0.0540363968433031 0.0513261369644426 0.0727935933154388
0.063996684977653 -0.0166521348087581 -0.00577356960363254 0.108336405192086
0.0646035725950539 0.042915194993529 -0.0619784575279598 0.111550133300738
0.0249240921574456 0.0884934582135766 -0.106670440779514 0.0904980331763886
-0.0172216050146186 0.11170808516839 -0.0971128816074519 0.115389969984457
-0.0197910875207386 0.109499090544459 -0.0267090428089602 0.0589616562260777
0.0260383005032637 0.0713700786373184 0.0652648702138541 -0.0195599525268695
0.0503890528534733 0.0308976599114532 -0.0151898962849497 -0.109796783184124
0.0490272411771425 -0.015806418851936 -0.119190996201594 -0.0496342687983006
0.0255824475027884 -0.0533299091154139 -0.100576233711868 0.0627175375030936
-0.0103282218566625 -0.056439593856493 -0.0275974599077324 0.0914117527691138
-0.0303914958625143 -0.0410577043588958 0.0144045569387614 0.0661205659756674
-0.0383576076200046 -0.0399451350385232 0.0332062281852748 0.0342290394162619
-0.0384389397482804 -0.0482765463965066 0.0449436843301556 0.0118579757630762
-0.0283193532990989 -0.0775712362466825 0.0634052728250711 0.00794716793692228
0.0275516251957496 -0.0879562820735032 0.070956416424162 0.0374711620240046
0.0884490487341553 -0.0425889990393507 0.0309641251058352 0.0958395920842285
0.106459642900501 0.0487690209064876 -0.032059900458798 0.117366272760802
0.0461034132559973 0.127743655344633 -0.0841056457648715 0.0906923704613727
-0.030572223657338 0.155441649862295 -0.0730373403519414 0.0834665017023411
-0.0490265865293153 0.134491790525385 -0.00715834156487471 0.0119994312158191
0.0187715060101295 0.114750999162243 0.0765228313218404 -0.0350237925386705
0.0731884704604178 0.0649266180074069 0.00825552951789731 -0.128854454050577
0.0822343208606157 -0.0173349600109302 -0.102366801532399 -0.0786988221591788
0.0415157257489314 -0.0734237470283026 -0.101330711756971 0.0290868305530571
-0.0133426319374685 -0.0788925002810582 -0.0422661482688485 0.065660867144888
-0.0406831337334544 -0.0557525708220396 -0.00394506264335886 0.0471944349535848
-0.0481101379142239 -0.0472941825042054 0.015045054637172 0.016515983585058
-0.0477114880038653 -0.0539277850568768 0.0250755023185645 -0.00917880624688358
-0.0387266595806512 -0.0880727265279604 0.0504578538961144 -0.0240974362938327
0.0185806544332501 -0.105978410466066 0.0798484267768942 -0.00549188359063458
0.0909075961464871 -0.0664581510928049 0.064543374801031 0.0701332511197854
0.128781206266414 0.0364227781611862 -0.00094338051685985 0.111566934627828
0.0644688658620614 0.140337612552491 -0.063063336488237 0.0832349147913275
-0.0331115925272596 0.173409848669365 -0.0479888315298823 0.040621156765853
-0.0718182733190114 0.135788450142514 0.0229876024511406 -0.0417827438051955
0.000599682281929615 0.139109965150122 0.0901304247468084 -0.0550321092572416
0.0775433680945105 0.095297080941085 0.0371599586593044 -0.138072177288016
0.103261709774432 -0.00784990901386738 -0.0683663130163369 -0.10359734249099
0.0553452225863724 -0.0791270461188369 -0.0892165256462768 -0.0137084007027436
-0.0112078562987482 -0.0888850403133917 -0.0543306708029149 0.0294436468222716
-0.0448786682413926 -0.0620903760442157 -0.0248773555968563 0.023137405613272
-0.0503814787929845 -0.0475823184661344 -0.00492618021266712 -0.00282504930982166
-0.0493593380360439 -0.0511597443425829 0.00414752402110288 -0.0290725937979524
-0.0414255029262792 -0.084394709697169 0.0337217666438671 -0.0510914642028443
0.0105388288846821 -0.105335432738412 0.0774858354616047 -0.0427720770607661
0.0804739325217522 -0.0724688706232801 0.084405450394292 0.0395039844045098
0.124536165833143 0.0253743376647938 0.022284918640778 0.0964846854283545
0.0650245974724459 0.132600464682767 -0.0482580202028222 0.0703445485296816
-0.0345178718582553 0.163109917771158 -0.0262234851636544 -0.0040476366595379
-0.0785824298019421 0.111637819115457 0.0587343810694769 -0.0895865136116767
-0.0200011574339297 0.132512462897009 0.104258210303602 -0.0737608801582809
0.0595531796874261 0.104551601074213 0.063598865518908 -0.133601524073256
0.0997571016630568 0.00559998659958076 -0.0262537904054771 -0.114887491305072
0.058056015171635 -0.068456718638543 -0.0654673329253181 -0.0532442743811709
-0.00676819239081512 -0.082138782862354 -0.0611255815663445 -0.0102699517561677
-0.0408416270537827 -0.057988828120675 -0.0449997720494236 -0.00305252213334515
-0.0445467485295901 -0.0416745143951627 -0.0240790512403151 -0.0221043482400977
-0.0422211310829921 -0.0417174751020212 -0.0148713436129547 -0.0458660258242908
-0.0353458812208676 -0.0703954757549077 0.0187070110390989 -0.0709064245383926
0.00826976013369431 -0.0896169619131044 0.0712804369610167 -0.0679121636165506
0.0671300519988703 -0.0616412990002303 0.0940876407693519 0.0159128118812119
0.103043276791914 0.0243704583811554 0.0349929646151524 0.0796772272408207
0.0474393161037797 0.113173800716274 -0.0361216090441672 0.0552466365835452
-0.0378831284684476 0.129916950410882 -0.0074746390341972 -0.0431376330566157
-0.0657915337925451 0.0679625868685942 0.0892304892240412 -0.124279755396707
-0.0297722392030109 0.0944687200587995 0.115329223257479 -0.0874183540354151
0.0320638520253464 0.0828741339630002 0.0813798697426496 -0.120251092688501
0.0709192187059927 0.0121492787187636 0.0107306679211316 -0.113571446117984
0.0443883733379828 -0.0452837146914663 -0.0401629320771655 -0.0819623442303897
-0.00362952905948405 -0.0591564859317298 -0.0635467225705639 -0.0440559775971878
-0.030279303094015 -0.0431841744151504 -0.0608280283331979 -0.0256231732968856
-0.0317260882077818 -0.0290850675442046 -0.0395404511059092 -0.0375164698132172
-0.0311800845845976 -0.028649765195663 -0.027544809259763 -0.0592715356694543
-0.0249029901817948 -0.049839082919307 0.00998189959727551 -0.0844693878750441
0.00767086448142743 -0.0654637110127465 0.067877722051163 -0.0808886434357362
0.0531380311016507 -0.0430499942688336 0.0987597213175365 0.00242031618156829
0.0733322426984402 0.027843459710135 0.0412180936816149 0.0671489694105011
0.021253221127645 0.0873279365642718 -0.026728526160373 0.0428916284729698
-0.0405298851564388 0.0827770597670433 0.00932058558251183 -0.0700666388734662
-0.0368633668963728 0.0129058655796463 0.104049554019892 -0.140038320925847
-0.0258380857169864 0.0381202559378499 0.116894772559809 -0.0945429454834656
0.00607280484303395 0.0387220111261649 0.086675281850085 -0.109511660792472
0.0283576645709464 0.00858609229373489 0.0298852149427479 -0.109171525483436
0.018480027312173 -0.0173748770141238 -0.0261874307419647 -0.0954399277275481
-0.00213158959701641 -0.0250648502872855 -0.0649661455479353 -0.0630613214476209
-0.0147758972836472 -0.0194208076977951 -0.0707810545243333 -0.0381043240994537
-0.0144111732265763 -0.0127110486976014 -0.0489028543056626 -0.0465552831292484
-0.0165378160998303 -0.0122827606608933 -0.0337609112520136 -0.0678238162115834
-0.0144272228136084 -0.0255714134733596 0.00723235070628054 -0.0924251145536292
0.00585747501271921 -0.0383166880019528 0.0678318334685315 -0.0856871642934282
0.036484468914614 -0.0249097075078371 0.102873715366226 -0.00128540875135625
0.0432618088412557 0.0279142368039346 0.043704374510464 0.0616470965396111
-0.00270604420268982 0.0546307388011288 -0.0201098511611327 0.0346832507576134
-0.0391959129622695 0.0285603837331013 0.0236650302027851 -0.0817038837668887
0.0269430625907173 0.0154277658735995 -0.0207101341343374 0.111376972790359
0.00864303475828697 -0.0168506853027563 0.0585243565875346 -0.0115772265006383
-0.0116965298677917 -0.0114641722345425 -0.0386078598857803 -0.0746450373984402
-0.00655880057448224 0.00742043497339447 -0.121577872947311 -0.00664438488540595
0.00352906484788765 0.000966989209380938 -0.079419409916711 0.0955835532097112
0.00458163575928352 -0.00189193949159089 0.000115305798713023 0.108351778639804
0.00169729251456882 -0.00448491132157585 0.0391863225471513 0.0805251010585767
-0.00533820545223664 -0.00876308474488754 0.0568720255898697 0.0517237449251693
-0.00706139129936004 -0.0101875901365933 0.0697268744571076 0.040795565809494
-0.00513436541175159 -0.0155810450846157 0.0687076374244026 0.0556380904214946
0.00983898858248351 -0.0161269744287309 0.0354636908497021 0.0927944031690464
0.0211039555883396 -0.00467008392044047 -0.0278262461927661 0.11198282178133
0.0222876006473259 0.00893994094034041 -0.0783761981926193 0.103324163936027
0.018446462359268 0.026671069381634 -0.12380914201204 0.0922639949692762
0.0116554536260491 0.0508941045100731 -0.108636472156188 0.137860817923629
0.0106195060442228 0.066337616282601 -0.0269489833731828 0.0950510591394988
0.0225872926216981 0.0232770556518762 0.0607486068234183 -0.0132944272355781
0.0187739674768732 0.00369158377947164 -0.0332975771042875 -0.0887036392480434
0.017529264826555 -0.00673578919623533 -0.125122247408024 -0.0201493253418774
0.0108260873827772 -0.0274118706978247 -0.0886193045753481 0.0880348184597101
-0.00579321401230134 -0.0290316903615442 -0.00861133654699862 0.105121006003597
-0.016340533459625 -0.0223739694401033 0.0318093202018545 0.0763620107661269
-0.0253381087860569 -0.0252482408117465 0.0497128789169249 0.0454833567861373
-0.0266844457577444 -0.0323708512379723 0.0619648649512498 0.0285871484618952
-0.0182335732131147 -0.0518755390114481 0.0700984874105892 0.0349835713317562
0.023720745478106 -0.0563022844324394 0.0548314494556522 0.0713718070324488
0.0638422290153838 -0.0203776160931743 -0.000823008842166617 0.109547168022447
0.0669202909933069 0.0405841244383062 -0.0570327007432672 0.114710939069005
0.0292227438784062 0.0880706628167205 -0.103325552717535 0.0959794788305122
-0.0122802130394608 0.113283993946246 -0.0912705714403733 0.120413084624616
-0.0140983929460751 0.110109789079656 -0.022529352202284 0.0607114964714376
0.0291759503216364 0.0701566535084079 0.0667809932994363 -0.0223328251550771
0.0518165911335962 0.0285308987501115 -0.0195260135262721 -0.109809253430774
0.0481747384374511 -0.0185713730747757 -0.122253185562525 -0.0447439614553203
0.0220681883584667 -0.0548422169698156 -0.0975717895572203 0.0679036540504309
-0.0136365383467886 -0.0558709965025923 -0.022810220814248 0.0928931940206713
-0.0321308597708445 -0.0396869456257462 0.0175703650533928 0.0655375556606629
-0.0410970057532142 -0.0384635426691539 0.0351112616643647 0.0334355483438469
-0.0418206024246136 -0.0468335295265818 0.0459375003366021 0.0107599440001265
-0.0329096903104835 -0.0766574413136063 0.0639280246635004 0.0050736550641392
0.0223851276808126 -0.0901213885470186 0.0726333027728825 0.0338436743905427
0.0863974864576749 -0.0475941953837495 0.0358125246602325 0.0952520121922992
0.108980505719871 0.0437897280716794 -0.0260992942629395 0.120268304644976
0.0525459847894073 0.126879790278104 -0.0801810360400621 0.0946327685932387
-0.0223028464432637 0.158189385879953 -0.0682314244748936 0.0872388296377706
-0.042957588210904 0.136339514794976 -0.00580382235978126 0.0126942821040575
0.0244050966037873 0.11388818223603 0.0770959325782926 -0.0379936202959658
0.0769858108462204 0.0618581097131618 0.00269460624691236 -0.129605996755357
0.0810872180434593 -0.0219946069618689 -0.106252899340056 -0.0743920650003155
0.0371093533373792 -0.0761118066105887 -0.100338771202738 0.0341139390437138
-0.0176959659853082 -0.0779696382470409 -0.0387461234724817 0.0682167830048805
-0.0438551962328162 -0.0533913743617427 -0.00162802785866168 0.0473697714894546
-0.0506782749712116 -0.0453688456234898 0.0156283545234247 0.0162238147595113
-0.0506101640215525 -0.0522421429779127 0.0248560958575048 -0.00955260222712965
-0.0445134079277152 -0.0861128971589543 0.0491846688372707 -0.0263787422262579
0.0122225528300485 -0.107365903031288 0.079273486770941 -0.00956819903785617
0.0874013811908579 -0.0714211089383069 0.0686355894987797 0.0674157805065778
0.13098437864832 0.0310260162198886 0.00531904621018829 0.113128015875496
0.0715019642132755 0.138151367937988 -0.058978219027902 0.0867077821034786
-0.0241790277905256 0.176155030422381 -0.045077216416357 0.0428016749016149
-0.0659191744915881 0.139080277934271 0.022180343566629 -0.0416922011829746
0.00766340430377101 0.139337107763274 0.0892934465646922 -0.0577735555255483
0.0826468305935338 0.0923463310473098 0.0312228239460247 -0.140490327958003
0.102847495958992 -0.013706110749901 -0.0732839819613835 -0.101504496494835
0.0506258106537218 -0.0830756006895755 -0.0902072646930625 -0.00955853046964026
-0.0165782234891463 -0.088344182186931 -0.0529272479156029 0.0325574588069786
-0.0481948890295454 -0.0595169188480768 -0.0239151367026604 0.0240805134641163
-0.0528790971133574 -0.0458240878018465 -0.00544878996000287 -0.00270213857439848
-0.0511960066674273 -0.0490058836775507 0.00225783143669653 -0.0287026114996816
-0.0466326558744613 -0.0822542657423155 0.0312180625207957 -0.0532203343019445
0.00440327335657614 -0.106589164298633 0.0742201785505938 -0.0466053533888853
0.077008394171286 -0.077156340810551 0.087002991029823 0.0358293970661339
0.126593715818052 0.0196796617963425 0.0271925836795464 0.0968192804282836
0.0723173856709776 0.129442443409333 -0.0445871997857435 0.0728192341986861
-0.0252516131913536 0.165739237161731 -0.0257146040717009 -0.00343348889637013
-0.0738381157457128 0.115492930430418 0.0554506023527009 -0.0917211632005205
-0.0131536757288313 0.133123455605257 0.101819319723765 -0.0776313074179052
0.0647349766828636 0.102525115935728 0.0580874090483203 -0.136724899547535
0.100163546943888 0.000173819304420457 -0.0308502714339583 -0.114498747458265
0.0541426530306232 -0.0720758291966393 -0.0680553534387839 -0.0510834303054913
-0.0122866179268585 -0.081256414438993 -0.0617683991038834 -0.00691748882229799
-0.0446941800699264 -0.0555582438251247 -0.0453403539114076 -0.000790225312397454
-0.0462297192607074 -0.0398197410209292 -0.0259932517776014 -0.020664668975988
-0.0443970906753482 -0.0400909442182094 -0.0176983698436894 -0.0444225727353926
-0.0397410688204636 -0.06829741971068 0.0148350592300545 -0.0721498606730825
0.00254431986462017 -0.0902036986097404 0.0667313475513114 -0.0719183605761383
0.063512634312848 -0.0654861824457113 0.0951450061726695 0.011401600000474
0.104072922764628 0.0196087568612468 0.0395813851128156 0.0794861438439372
0.0533824984988395 0.111042084598081 -0.0329992002817735 0.0570102433424726
-0.0306918336729383 0.132634076793696 -0.00909033525934172 -0.0429348212540028
-0.0627140760273788 0.0707281980900534 0.0837801047192984 -0.127718190870126
-0.0248650650582334 0.0958597342991978 0.112297515899914 -0.0916372680924394
0.036513233283524 0.0820690510548591 0.0761435106084866 -0.124638992640931
0.0719108905626406 0.00787618263169155 0.00652182969830956 -0.114287029478972
0.0418011256731656 -0.048198328606999 -0.0437729467272115 -0.080628797145903
-0.00725282823149029 -0.0584857056022209 -0.0662817248645252 -0.0406362926596242
-0.0334124210359487 -0.0409634185439891 -0.0623329537810976 -0.0220277248964574
-0.0332765528676498 -0.0283923232625663 -0.0422879760230452 -0.0354641855952122
-0.0321584736141759 -0.0270418677146464 -0.0309917753753219 -0.0573445110935218
-0.0280442712027954 -0.0487774995537262 0.00525466899876615 -0.0850981070273698
0.0036740158850649 -0.066140087090625 0.0627709212624557 -0.0848078768360995
0.0507015582233817 -0.0457927622786293 0.0997809120209471 -0.00198296192748731
0.0757574392949001 0.0251411434442611 0.0450258055158856 0.066287571862734
0.0259202848522179 0.0857512969683521 -0.0242807083461473 0.0435725539080541
-0.0367072797252423 0.0849577977584207 0.00566520901401957 -0.0701849864909938
-0.0363368830670938 0.014409282689388 0.0978983193953698 -0.145375446945746
-0.0233583351356145 0.0391348081321249 0.113051081589477 -0.0995878582503211
0.0079643830577879 0.0395219533224007 0.0826583567229442 -0.113241516156139
0.0287239844125062 0.00711291462908535 0.025464711471676 -0.111443166043492
0.0170290217997996 -0.0184032178255 -0.0307358129877378 -0.0945112371932887
-0.00349212833197118 -0.0240038937508407 -0.0690526404429269 -0.0597192458441098
-0.0163674744607255 -0.0187324431643361 -0.0730646295246473 -0.0346204295998399
-0.0145529436443466 -0.0127955710639099 -0.0519758184955921 -0.0444510028236982
-0.0168177543609319 -0.01164451124691 -0.0374076868431357 -0.0661708186559787
-0.0158168425958276 -0.0245044250407765 0.00205506365258518 -0.0928512241255985
0.0032970497662774 -0.0386481472219972 0.0634958695689734 -0.0894521793767382
0.0350698149612511 -0.0268270576110837 0.103336143552993 -0.00612438281139369
0.0448180732700537 0.0263781882742124 0.04737114067789 0.0608604504542957
0.000136490998968874 0.054775967645473 -0.0185596209648012 0.0354024348183904
-0.0379796385530086 0.0299150416302558 0.0189293037140537 -0.08303365536514
0.0262747804976665 0.0134782809036097 -0.0142153966841402 0.108402580923177
0.00760137813741737 -0.0168875773621417 0.0574863103049382 -0.0141302206641846
-0.0121834723833495 -0.0107337968313858 -0.0400262204152918 -0.0710382133088789
-0.00599965396222163 0.00782926259169068 -0.118428631028689 -0.00128959666876208
0.00320911622368656 0.000570463370931996 -0.0737069877695202 0.0965740195487879
0.0041003923030857 -0.00284878288869913 0.00519540789160314 0.104971158331608
0.0018888556056587 -0.00513639696163009 0.0419545736164961 0.0765030225924476
-0.00590521728941825 -0.00838665307942045 0.0584272556080337 0.0477481043399329
-0.00767204475176123 -0.00927006399786271 0.0698105289502058 0.0363307475597775
-0.00582011318845938 -0.014822042653112 0.0690372200049996 0.0512803597789192
0.00861260617107564 -0.0162817936347474 0.0383210464553584 0.088903965968444
0.0199966975618582 -0.00540642607602295 -0.0221964260533103 0.109979101451026
0.0216585754082718 0.00858701793273695 -0.0718558271892351 0.102866751946482
0.0189029483670057 0.0255684183196926 -0.116767346799034 0.0941742045101617
0.0134940078724978 0.0489560218272616 -0.0996334346943162 0.137190189691197
0.0129311615929917 0.0633199252466109 -0.019839739391152 0.0926694809216514
0.0224789975187019 0.0214969916119799 0.0593465238182492 -0.015662820949517
0.0179445863712413 0.00271379888207036 -0.0347748806916485 -0.0850457227515695
0.0161754904612841 -0.00734495967958716 -0.121945785789065 -0.0137997826930159
0.00876512379737689 -0.0267887914155895 -0.0823566473390687 0.0890044921955875
-0.00744786287364034 -0.0283431100747576 -0.00294998429607165 0.102224468649724
-0.0165822591677726 -0.0211501315896478 0.0341783096949021 0.0722084706415193
-0.0261218872618963 -0.0237898543193787 0.0508923818709114 0.0421935160873606
-0.0275198614818347 -0.03005632859407 0.0613534646250205 0.0251174883609815
-0.0205776612860603 -0.0492369758419386 0.069213117991645 0.0306019549892386
0.0205503462208848 -0.0561450873122591 0.0560247321050511 0.0667223276696056
0.0607115843838313 -0.0227683185281891 0.00361392595381687 0.106746846481028
0.066722630851977 0.0372838242813924 -0.050367195731815 0.112961502159513
0.0317448347149371 0.0847933866017749 -0.0962680466269592 0.0963100563398731
-0.00634638071913445 0.110667282390652 -0.082434260285305 0.119645234738128
-0.00967430544492848 0.106225594971248 -0.0167713456328372 0.0600314244026956
0.0312918209485373 0.0664478381473236 0.0655545111299501 -0.0242288871898627
0.0512268761154323 0.025202518292734 -0.0234918994223072 -0.105652706867679
0.0458917979012411 -0.0201456880224309 -0.120137873350316 -0.038320173550505
0.0181273090511774 -0.0543499452509465 -0.0916960720481656 0.0696523961873404
-0.0166443234794246 -0.0534679597721285 -0.017415781044424 0.0910268889481931
-0.032963976985544 -0.0364495683248275 0.0200693375272575 0.0628849357110528
-0.0417418101450683 -0.0353324240202287 0.0361298485184208 0.0305766142057083
-0.0429381558780013 -0.0435543910300046 0.0453758843636982 0.00851355381208123
-0.0362937230880732 -0.0726081907680666 0.0619574199800922 0.00222343744770548
0.017158598536474 -0.0883796858955311 0.0709216028711264 0.0297901019138537
0.0813815591593618 -0.0504098639094052 0.0386601118754639 0.0919037031917941
0.107233573376356 0.0387334916226457 -0.019742939526724 0.11724720656408
0.0561635067823399 0.121043121281398 -0.0737313642661996 0.0946350662417211
-0.0144486649534457 0.154460707303757 -0.0618327069655591 0.0868880894712871
-0.0357082231180058 0.133204108687269 -0.00371352027590435 0.0134054389882933
0.028603099547271 0.108905720713788 0.0749375016234128 -0.039221389831835
0.077312383852946 0.0567149553605536 -0.00228725569105998 -0.126167929688598
0.0777055074982795 -0.024625324374877 -0.105798678282327 -0.0683731902576406
0.0315420100189389 -0.0752766962900797 -0.0954544550121704 0.0369674769880656
-0.0214564925265623 -0.0742096095264532 -0.0343248159789153 0.0677773805087289
-0.0450524900720447 -0.0494314895674859 0.00027254007259586 0.045532154546817
-0.0512264591750748 -0.0422865634603916 0.016280450632493 0.0151950219752828
-0.0519030995036332 -0.0482316253678586 0.0234346908048296 -0.0100092301498865
-0.0481211211881544 -0.0812460860690039 0.0459938749781348 -0.02775421233079
0.00649695298373887 -0.105181998751709 0.0750010952636823 -0.0123326507474404
0.0810707218573561 -0.0731473052266652 0.0689161874806837 0.0631585745670156
0.128309584482454 0.0246038677693492 0.0108644601006616 0.109676848536456
0.075119925175749 0.13060101833878 -0.0540197277275535 0.0864377404818047
-0.0154550459867205 0.17167039179938 -0.0408553192617349 0.0426592694178535
-0.0579573712228172 0.136585007022352 0.0205352566282949 -0.0402940786665224
0.0133888663282922 0.13426770437672 0.0856536457543729 -0.0587568345849343
0.0840768402064452 0.0865226337719879 0.0249048708408901 -0.137099408801509
0.0992796651002393 -0.0180696145216147 -0.0747011881312014 -0.0953674514547765
0.0446423675397506 -0.0827472024228315 -0.0872016706884598 -0.00589636697237371
-0.0202344469915526 -0.0838143758677283 -0.049868067108026 0.0338604999506523
-0.0495453215242823 -0.0551547418192579 -0.0223146068626267 0.0246686054309247
-0.0530298286280661 -0.0427023884726926 -0.00569204919369167 -0.00219212252205644
-0.0519521452838102 -0.0451286482481033 0.000967316633006797 -0.0273008346202677
-0.0499819616539683 -0.0769676948911828 0.0272912724337258 -0.0528122362299596
-0.00152760572655732 -0.103517649368061 0.0683283917892958 -0.0485437977090654
0.0700437154949085 -0.0778826135547962 0.0858509322248497 0.031583162804699
0.123787715818904 0.0143661765564871 0.0312363175572639 0.0929971068107814
0.075426111635798 0.12248186488974 -0.0392740812790045 0.0716726795826134
-0.0165966138967017 0.161792839473783 -0.0249118087148389 -0.0030932107613388
-0.0666672601541475 0.114404052222377 0.0503008568365804 -0.0901932717290361
-0.00697843404336597 0.128921674398841 0.0969691100248991 -0.0782459944348212
0.0680216182175124 0.096900855473842 0.0506896061950534 -0.134817618878355
0.0967224534627795 -0.00464284736808219 -0.0341562890746674 -0.10995986229165
0.0485062184723214 -0.0724110397187189 -0.0676829904145382 -0.047307234795676
-0.0155783015394121 -0.077692422045009 -0.0604041875934812 -0.00371124873181632
-0.0458029132641107 -0.0510933747205185 -0.0441751869876994 0.00120830911500259
-0.0466222949938473 -0.0368702593333242 -0.0264305531068072 -0.0190459441079492
-0.0444821779757384 -0.0366434218507769 -0.0188098141880692 -0.0418063643537086
-0.0424397025014594 -0.0638203318392631 0.011111021811558 -0.0704476493648816
-0.00260972792243758 -0.0874047624969966 0.0601411192849483 -0.0721104377027455
0.0581758630158304 -0.0660360578260985 0.0933623177936395 0.00770118699206992
0.102009931049394 0.0150815534728071 0.0420945847631143 0.0758877227812021
0.056459789329686 0.10509213071128 -0.0293573598008506 0.0563433874728901
-0.0233078632904255 0.13009103652398 -0.0110539221515132 -0.0422203205207263
-0.0574542107272575 0.0706165559269674 0.0760749424370624 -0.126317174832091
-0.020098803708144 0.0929719057433231 0.105597259095604 -0.0925323532092194
0.0392171689922172 0.078509813606922 0.0689227339436849 -0.123056017800497
0.0700407516283954 0.00427152857544379 0.0020695865617811 -0.111776653394694
0.0380081349822162 -0.0490624626044528 -0.045428980779754 -0.0769984268956741
-0.00981091535493316 -0.0554633800242415 -0.065990429735055 -0.0360508707713531
-0.0342113570309462 -0.0373657640766363 -0.0619915053798393 -0.018296388742205
-0.0331835241960852 -0.0261740015278793 -0.0431709001960504 -0.0322905916951681
-0.0314480130562965 -0.0249253833211311 -0.0329092266726685 -0.0537732040091801
-0.0296942397854756 -0.0457741234049259 0.000564632138877052 -0.0823196450955375
-0.000362639398484499 -0.0642069315749584 0.0560899700387039 -0.0847657383210731
0.0465226631084926 -0.0466614575553863 0.0965772969374462 -0.00581343694921666
0.0741330612718972 0.0210503893146856 0.0475458885639921 0.062951016416794
0.0288761253473206 0.0818440731830803 -0.0216282198186295 0.0429437761952263
-0.0311212063740465 0.0838741085508042 0.00174968206959392 -0.0689723178515706
-0.0342896837066404 0.0147477008015307 0.0885527858147056 -0.144005666047609
-0.0207854914972066 0.0378215419254091 0.105781491582507 -0.0999352742537776
0.00991153603342789 0.0377448245872784 0.0749977956285587 -0.112825550489648
0.0281598302675869 0.00524217729158328 0.0206330903003341 -0.109706839593305
0.015628651530737 -0.0190751783267252 -0.0335602480209514 -0.0912664025958981
-0.0046768227896928 -0.0225119510691661 -0.0701431783572506 -0.0541867479325784
-0.0164685238965437 -0.0166651631862925 -0.0727493951469343 -0.0301191516169948
-0.0150602815032782 -0.0116901530017226 -0.0533605850040368 -0.0407307084144513
-0.0159708717531881 -0.0104771105867788 -0.0394950848390177 -0.0618533447471852
-0.0162026525684488 -0.0230215005690984 -0.00234234720988249 -0.0900281847899856
0.00105892776876343 -0.037506552828804 0.0564307274813282 -0.0895568244246172
0.0322740484242163 -0.0274241738341563 0.0992049368620862 -0.0102179512191244
0.044765374646469 0.0237825577921674 0.0487387605426177 0.0573527744736092
0.00274797891732904 0.0530452287602219 -0.0164569818273484 0.0348928444237764
-0.0348794673126732 0.0306978381209735 0.0141199383306104 -0.0808732061419745
0.0224628400016456 0.0154439373290605 -0.0243803344964768 0.101090310591494
0.00852873173727347 -0.0140178964098744 0.0572782466571993 -0.00811908428385765
-0.00981405102576165 -0.0114596638521013 -0.0276236056586219 -0.0722258545781202
-0.00659179728936672 0.00558343440759736 -0.109155185026729 -0.0153098166049865
0.0024599891948793 0.000881597419692906 -0.0796382291695471 0.0815106762616663
0.00382663127058114 -0.00314402070343028 -0.00642209814473352 0.0987416015320631
0.00230770461727857 -0.00495854606606124 0.0313235348017959 0.0773001818605676
-0.00467344237951429 -0.00878148138580717 0.049972148780423 0.0528692636952734
-0.00651490639744046 -0.0108316967935098 0.0627367334807315 0.0437220137029926
-0.00413191334735929 -0.0153400799604894 0.0600903316817225 0.0573107130809309
0.0105493167839641 -0.0152939723458476 0.0254200097057497 0.09141304858245
0.0210694182005554 -0.00362172027730256 -0.0364515643537654 0.104128137001489
0.0216260091256437 0.0107955991127204 -0.0837765151408629 0.0882779513902938
0.0158219134129247 0.0273074899028939 -0.125363463804551 0.0752981621129413
0.00795134772008269 0.0482005907490257 -0.115447620456691 0.119495698855129
0.00370884111138873 0.0598671344970709 -0.0308523865235699 0.0867016331429366
0.0172425848058181 0.0231990120442358 0.0588256608704017 -0.00665909647168863
0.0161846325603675 0.00535791460644453 -0.0218161738367872 -0.0836511399023486
0.0164616621327183 -0.0051072300814948 -0.110463108634525 -0.0270539614853588
0.011606294342263 -0.024372578687016 -0.0860554526800484 0.0741251516508805
-0.00327115513576627 -0.0281616262278768 -0.0129547094591945 0.0951379196712286
-0.0132677927886733 -0.0224220270700744 0.0249030493418199 0.0725365678343471
-0.0217666684204414 -0.0259661253694472 0.043149339874689 0.0467570561192119
-0.0226172040640101 -0.0327685076365285 0.056113939720872 0.0321033306989669
-0.01394309712096 -0.049812515484413 0.0621393290129197 0.0396806311942958
0.026331596674149 -0.0511729680966982 0.0436582665583906 0.0731008430260722
0.0616671303867601 -0.0153245010197798 -0.0111180053327107 0.105285109458062
0.0614408656994792 0.0433834532677586 -0.0651371036300778 0.10012632328624
0.0207185426346863 0.0854085870929887 -0.106713285076391 0.0773087394598391
-0.0183843824854217 0.105423026426354 -0.0974132517405561 0.101439401548124
-0.0229695244365015 0.0966866466511797 -0.0283593418429537 0.0560910901474639
0.0190625566720335 0.0653115865373864 0.0640487125360765 -0.0119466276091725
0.0438333247887538 0.0309795372329896 -0.00817161341241425 -0.0983930279546055
0.0459793636211548 -0.0124126284874321 -0.105208282201421 -0.0485431834875435
0.0245780870412955 -0.048520456046209 -0.091855842959439 0.0553466334962233
-0.00872611033393603 -0.0530845670801708 -0.0243813624216555 0.0818814991361517
-0.0264093800460233 -0.0392975912455407 0.0124576468167722 0.0612902585724865
-0.0352930552572426 -0.0393046933724878 0.0310313965367068 0.0342880004854525
-0.035248061072669 -0.0472514503666947 0.0423360182382527 0.0148204279127372
-0.026267041929973 -0.073312618214694 0.0583721622119178 0.0124779505702955
0.0270204395786375 -0.0828708979599657 0.0620017803199162 0.0408045815077443
0.0844348958580983 -0.0389489829243456 0.0238777170228693 0.0954742275992808
0.100554021889125 0.0489701738367922 -0.0375408225199117 0.108222889817295
0.0397550730268055 0.122926767574084 -0.0855762409552245 0.0773427149975111
-0.031418053206104 0.147261482664609 -0.0730155911267632 0.0697509757219931
-0.050459574849081 0.1180655518378 -0.0130550256568372 0.0142780492562779
0.0111740310266715 0.103810667595741 0.0731874119014684 -0.023181041413891
0.0639309299442719 0.0638972975106415 0.012482629394604 -0.112837154811897
0.0758899377326986 -0.0122883903399574 -0.0882191106283779 -0.0729144337617124
0.0404304506885159 -0.0664943054428838 -0.0905288183144355 0.0249875022565558
-0.0104434478585903 -0.0723621233318773 -0.0372647781070587 0.0578825638015634
-0.0365378693536572 -0.0524024079484131 -0.00411215566413609 0.0438557518671161
-0.0437783582688808 -0.0469692567834551 0.0132103172459158 0.0166179882028907
-0.0431895132265927 -0.0524233181544619 0.0241433352388791 -0.00511063286233204
-0.0365633435959049 -0.0824133609826932 0.0471735913390571 -0.0178893031460095
0.0184477136538228 -0.100027692515841 0.0709903869945481 0.00140262375341759
0.0865249194435284 -0.0612194061242554 0.0567063067060987 0.0720296193346196
0.121022818818021 0.0377967166636336 -0.00772473879748594 0.105139942630032
0.0567996231924278 0.134111051712381 -0.0660952513139894 0.0702008835154587
-0.0339085151038034 0.163849504702754 -0.0482972236696663 0.0291417865987041
-0.0715923978143122 0.118365731549425 0.0148386418423665 -0.0341554443145341
-0.00595966584161815 0.125143025008585 0.0834712288173624 -0.0401147177187957
0.0667272288343511 0.0924284028002157 0.0375123078418747 -0.118389745613199
0.0951332324459196 -0.00254865362022307 -0.0561000990895114 -0.0939066612466835
0.0538644424993681 -0.0713658359557375 -0.0777037581512755 -0.0132924181161231
-0.00798123984943131 -0.0811684273423577 -0.0471408398203735 0.0244775962389452
-0.0405978322613336 -0.0582440077166732 -0.0228652155660646 0.0212560340766396
-0.0450264286842517 -0.0477959863123121 -0.00580128982331826 -0.00238797980078391
-0.0433874770239842 -0.0497092872183451 0.00432808094361441 -0.0242050437911038
-0.0383879108892002 -0.0790396449113618 0.0323386644428849 -0.0437999094320872
0.010178358586463 -0.099033534771092 0.069352314127015 -0.0335601340587228
0.075527964109699 -0.0669736534362327 0.0777187888260782 0.0441683375001881
0.117516439151993 0.0272635174923588 0.0152642824269633 0.0921947839372621
0.0579459802394439 0.125711053931527 -0.050394335072988 0.0590342401601207
-0.0347260872283844 0.154317410139227 -0.0267046338135456 -0.0134195894484604
-0.0766076863803369 0.0966833774969664 0.0487427992227068 -0.0787008858401495
-0.0240958637344952 0.117674591648495 0.0953968268181193 -0.0579035448663979
0.0506347732998826 0.0997060287687551 0.0600289232967167 -0.113190026631796
0.0913496206144403 0.0101410132553308 -0.0174039229370215 -0.10258099900467
0.0561801724744237 -0.0609055189728012 -0.0550060440364673 -0.0495745001625521
-0.00412390090217756 -0.0740138269379546 -0.0535676311000939 -0.0114934313116838
-0.0370880555153839 -0.0535540186617261 -0.0417820121859151 -0.00353323393185731
-0.0402287718003069 -0.041842860013682 -0.0239491883159886 -0.0208423120834995
-0.0376008030929858 -0.0407200064430803 -0.0127886752118817 -0.0411220748183124
-0.0333135636136139 -0.0657536867340875 0.0184605534324113 -0.0628592509985043
0.00750821124873141 -0.0835042130814393 0.0644150976749374 -0.0587279394295017
0.0624338887069657 -0.0565955563789163 0.0875002219374444 0.0209645189822275
0.0963710003758343 0.0252408566923906 0.0288842084669403 0.0775456576376809
0.0420508032672261 0.107290878868297 -0.0377448826669766 0.0450978824738295
-0.037302209248027 0.122274351856624 -0.00813691322641378 -0.0485461375557661
-0.0626284694198544 0.057340155653175 0.0801028347301909 -0.110160675174038
-0.0309511228726295 0.0828810545982932 0.105797831034278 -0.071877950630614
0.0258934516949052 0.0789410278120301 0.0759987746499298 -0.102914731023805
0.0650453863312047 0.014262880237144 0.0154265403271762 -0.100056223073416
0.0426451867430279 -0.0403913614023309 -0.031650871706391 -0.0749422648190303
-0.00125098293760282 -0.0526544668794841 -0.056535716731216 -0.0422501995613236
-0.0278770998098041 -0.0389191003947649 -0.0561423830321179 -0.0235184040340491
-0.0285859871515145 -0.029898798275541 -0.0379901697582647 -0.0358746664193849
-0.0269624003150248 -0.0273346043975621 -0.0242843814429989 -0.0548064894461577
-0.0229276155327786 -0.0461726021809398 0.0103871103764192 -0.0764170134882491
0.00717220061348023 -0.0611812795903815 0.0622307414466744 -0.0722578767508892
0.0487236739580205 -0.039563674547126 0.0928299412542804 0.00762674597077549
0.068639289285888 0.0276753344674645 0.0354823218543031 0.0660113891650759
0.0179923289931475 0.0819310435510901 -0.0274343738492642 0.0343214780984675
-0.039703180789637 0.0772745379036736 0.00910353934658339 -0.0706434062910978
-0.0341673814659451 0.00889379020500291 0.0974718659986243 -0.125091024728189
-0.0240912840591333 0.0318843929533686 0.108611014541675 -0.0804142928902065
0.00444495932029254 0.0363668646935787 0.0818764088651759 -0.0944995971234646
0.0257615710338656 0.00905792112110188 0.0334449565568956 -0.0979983212269716
0.0169701474550205 -0.0153617906029176 -0.0198251581226867 -0.088161756279092
-0.000857725741535244 -0.021027587794354 -0.0590919834301939 -0.0591517012615093
-0.0135630270154904 -0.0172605444302885 -0.0657283149180229 -0.0360769115051741
-0.0128354392515781 -0.0137697745940515 -0.0463823482352309 -0.0449540571759929
-0.0133944312657353 -0.01169885592439 -0.0304455052590371 -0.0635863264698161
-0.0126229299073418 -0.0231464682311916 0.00802531447353733 -0.0851231337849475
0.00456324633869305 -0.0347639860252967 0.0639502247938381 -0.0773042454625498
0.0328281109643228 -0.0226922053439398 0.0968994381730537 0.00310425270608763
0.0402780148727864 0.0267849959792607 0.038481064661805 0.0609239812710872
-0.00336682068177878 0.0502697103070098 -0.021000385049703 0.0288139696327461
-0.0372171370288785 0.0259020252239983 0.023439740197641 -0.0786516207713349
0.0208586153070959 0.0153799927208381 -0.0242840313726501 0.0970097692564756
0.00805287098988995 -0.0132906579931206 0.0576455224494438 -0.00714369075233133
-0.00977707014051376 -0.011330690752577 -0.0245052285647488 -0.0719066702490016
-0.00665647663577567 0.00532984860874579 -0.106030979697981 -0.0174996677795526
0.00195684343492946 0.000542366672279652 -0.0789936076873937 0.077696423221656
0.0037925089625707 -0.00278394955479076 -0.00833851797631142 0.0955746854662085
0.0022922397214485 -0.005376110068646 0.0292708125503366 0.0757038879608128
-0.0044136271908216 -0.00913508056995734 0.0486063211272068 0.0526352884727787
-0.00651592879089988 -0.0105921395913433 0.0607331805679722 0.0434073833176786
-0.00367459217971048 -0.0151177429090205 0.0575398798231854 0.057506535844028
0.0104736741972027 -0.0149650027555635 0.0229476320045095 0.0899145492514019
0.0208081780488347 -0.00322919066091596 -0.0377853285043813 0.101520729424214
0.0206477979363748 0.0114364970796449 -0.0850604945112792 0.0834690746623774
0.0146966626179152 0.0275898560203501 -0.124960888195147 0.0700519384879007
0.00640868350496565 0.0475516720795336 -0.115489561016753 0.112827014625627
0.00184054797352639 0.0582176205037474 -0.0313558179358395 0.0833028422392804
0.0157821904856169 0.0228684856695391 0.0589623402240674 -0.00529334767198398
0.0157122129081812 0.00554329347484939 -0.0184358675185137 -0.0824427421400314
0.0159088594283508 -0.0042800010890392 -0.106753950729224 -0.0294656030709892
0.0114472520086698 -0.0236097166612877 -0.0854409392153434 0.0703673301252786
-0.00313420952609079 -0.0276698272606782 -0.0147026759521593 0.0922862391152786
-0.0117541726788398 -0.0225021334320652 0.0227878843067827 0.0710386839343307
-0.0210654914694928 -0.0262324938020412 0.0419592462525853 0.0464788973945277
-0.0218844979211224 -0.0322640984643133 0.0543899082086789 0.0328224549573618
-0.0128782037164837 -0.0486381191295077 0.0603802605577378 0.0399898957666272
0.0264108985906249 -0.0502688676148818 0.040434348434751 0.0727231204405425
0.0607629589135312 -0.0135100585529737 -0.0135841497522125 0.102787700401298
0.0589846105365471 0.0440457803167086 -0.0664244445812064 0.0956364286406768
0.0182517426964787 0.0844693712060944 -0.106301008816018 0.0723824446804945
-0.0201922209158132 0.102031331005535 -0.0969846034030133 0.0960326848177175
-0.0246995943647331 0.09331888468948 -0.0271698023808575 0.0542252301239782
0.0170224205604101 0.0640093700431383 0.064024499873463 -0.0103619726106145
0.0418592597929547 0.0317495157861053 -0.00496768249282598 -0.0966171340106967
0.0448250061224524 -0.0111122258328874 -0.101181323255637 -0.050085916561419
0.0241715633378609 -0.0468578805207721 -0.0903928693944338 0.0516111662733493
-0.00795919028835873 -0.0513188724071714 -0.0253098446450602 0.0792694450907284
-0.0246789496796104 -0.0387978231540501 0.0110682483624849 0.0601507909668803
-0.0340333374800933 -0.0394921707311759 0.0293530749723304 0.0341131726752929
-0.0340486530776272 -0.0467048190478872 0.0411435075945464 0.0154858902105081
-0.0249522789152255 -0.0717823744900308 0.0569219218428735 0.0131333643495338
0.0272808759202173 -0.0806185203905526 0.0587988033704786 0.0418680112874452
0.0826129003831425 -0.0364905782721428 0.021288938340494 0.0944073482250872
0.0969139268710209 0.0507914268083812 -0.0391159476762449 0.10414129880419
0.0358244165749045 0.121640641297487 -0.0856502800192898 0.0723102562715446
-0.0333883260200512 0.142654637547167 -0.0722981909138463 0.0652878460741726
-0.05207801837502 0.11399976894209 -0.011722541133824 0.0140081808956611
0.00845186705246154 0.101542910364999 0.0734214278554042 -0.0200907925459796
0.0609480686783922 0.0640223588060641 0.0151088571103667 -0.109536489062811
0.0745072475847391 -0.0103992944898964 -0.0836853497427725 -0.0736243526179617
0.0400598893104788 -0.0641904113791221 -0.0886159128923279 0.0218625746400541
-0.00936814237692726 -0.0707670504686056 -0.0370423860002458 0.055748028734084
-0.034396989505719 -0.0515693486925595 -0.00499287702899247 0.042529851475866
-0.0422406498975081 -0.0473124920579804 0.0125179595431097 0.0167350448799242
-0.0410169820242509 -0.0524009150255392 0.0239857370331279 -0.00421508746425295
-0.0347612495807068 -0.0812340902804704 0.0468572522131872 -0.0160884297200932
0.0189358540657638 -0.0970821879314212 0.0679698802648292 0.0033686496813983
0.0848166893117272 -0.0576495708193529 0.0537210421767973 0.0723988923238666
0.117636254678091 0.040060200788886 -0.00956380621116073 0.102341716908944
0.0527572066475958 0.1328547926129 -0.0660848974885733 0.0663061059011463
-0.0358768395213985 0.159300484267126 -0.047964687319761 0.0261125776656155
-0.0728049740607279 0.113341183034646 0.0161115669245291 -0.0325974805716159
-0.00925992770478952 0.121556470000688 0.0836670262004365 -0.0360674010580127
0.0635392566479668 0.0918252350712111 0.0395945978711828 -0.11442892231699
0.0926973755576235 -0.000775004577823249 -0.0523985476139176 -0.0933014151518016
0.0534915323157845 -0.0685324667468833 -0.0756626170000395 -0.0152148489201866
-0.00703333966049081 -0.0784208018587518 -0.0465296316866042 0.0230264461430695
-0.0383484597613554 -0.0570368929394146 -0.0232169172905201 0.0199968603555764
-0.043750239743893 -0.0477597018448967 -0.00594250570158029 -0.00195283857793569
-0.0417395858171557 -0.049409619177332 0.00493208708722165 -0.0232408519384505
-0.0371644590622036 -0.0774137056538295 0.032166745354546 -0.0417256566644797
0.0107792064643215 -0.0968222672028515 0.0672052843039944 -0.0312017126601413
0.0747354678634273 -0.063549993593823 0.0748072145144727 0.0446930701315867
0.114288500953868 0.0294797205413673 0.0131206297557889 0.0904383513900144
0.0542191245962248 0.124210607285319 -0.0509746322734864 0.0548996016044339
-0.0365844214597894 0.149472927477569 -0.0256846449151906 -0.0146386727789394
-0.0774096666130383 0.091845004373639 0.0504873191174858 -0.0743461008687834
-0.0265128929860774 0.113332401714538 0.0951462420141573 -0.0526406762089301
0.0470554185188041 0.0986583312986098 0.0617087823510543 -0.108152753650116
0.0886658002022752 0.0116269042760554 -0.0143512286741178 -0.100620981878924
0.0551553928202086 -0.0584355501422472 -0.0522662873130441 -0.050154460005906
-0.00272856357997403 -0.0718119946918689 -0.0516026705427273 -0.0125465681285532
-0.0350596935595953 -0.0524958509684725 -0.0412338314953593 -0.00384326904794002
-0.0381203763991703 -0.0418632302783435 -0.0233039646589146 -0.0208349012056557
-0.0354225345461091 -0.0405782867656763 -0.0114274174953194 -0.0397925827382274
-0.0318377489089234 -0.0641071379315082 0.019100473253669 -0.0611657996507725
0.0078033553623684 -0.0812552919070471 0.0634248663539548 -0.0557411302815263
0.061504053323399 -0.0538037822689594 0.0848165101325571 0.0227916779825385
0.0942979784442834 0.0264143607220046 0.0262657637439635 0.0764237462895624
0.0390760665770957 0.105610706992143 -0.0387952915653704 0.0425756954025512
-0.0382426168810822 0.118211526739476 -0.00761538161188017 -0.0479989932497629
-0.0622039007345304 0.0538404282043273 0.081041227946653 -0.104360315042074
-0.0324291670383971 0.0792631891319545 0.105434857003036 -0.0664962857744935
0.0243115007623745 0.0776214861954942 0.0765431032399441 -0.0970988417952867
0.0630122623321429 0.0152480417270436 0.0186188374459315 -0.0980574560576905
0.0418375342042465 -0.0387227564297415 -0.0290490065998414 -0.0746570179661525
-0.000394945470235667 -0.0506781071894723 -0.0540217653899224 -0.0422002871383439
-0.0266465426297459 -0.0381016660599998 -0.0550314527432346 -0.024422893477385
-0.0269578172875557 -0.0298014025662267 -0.0369918487714008 -0.0355933585239821
-0.0251666973987383 -0.0276047034920875 -0.0228646135372552 -0.0532447852236512
-0.0218740130293096 -0.0452628120119322 0.0112772368813049 -0.0744201878767481
0.00723765284396132 -0.0587576941987301 0.0614420737378728 -0.0686858246336185
0.0482641469478438 -0.0376450516420718 0.0900710040577978 0.00948446666376237
0.0670302073184036 0.0285338889681034 0.0331714350738441 0.0654635742370157
0.0160156296766435 0.0799533210981353 -0.0279831483381341 0.0323561904905386
-0.039943307961857 0.0741459115386064 0.00994519805311541 -0.068776648720477
-0.033349966414666 0.00762057791662872 0.0975911450733288 -0.11923884227398
-0.0243971105632333 0.0298317500362147 0.108364558377232 -0.0752884433867107
0.00378139198790978 0.0357844442564459 0.0824670281847397 -0.0893356546681639
0.0247916190400787 0.00922058068524492 0.0353498799384695 -0.0948822222454383
0.016734845412703 -0.0147433838802675 -0.0169621107346058 -0.0874054656674626
-0.000190689353490113 -0.0197978062352553 -0.0561771864149408 -0.0590087276634252
-0.012955473884548 -0.016658405355168 -0.0637259180195603 -0.0360355226461769
-0.0124760552934926 -0.0139141311712497 -0.0451121576395453 -0.0446562126638668
-0.012740168133879 -0.0118202014637951 -0.0284922441985269 -0.0620214733528689
-0.0121849914563744 -0.0227971251574366 0.00971249950778245 -0.0827667251650146
0.00536276390145901 -0.0336042752570686 0.0633584901130557 -0.0741882271873579
0.0324270648897793 -0.021103490798174 0.093994086568297 0.0056589632587622
0.0390799477791526 0.0269211734368253 0.0357868889418707 0.0606758603453151
-0.00503418724541208 0.0484532521963637 -0.0222208592829688 0.0272436519289429
-0.0367752872126403 0.0242577118916477 0.0238584557601755 -0.0759272850591483
0.0200645178357526 0.0159762999910158 -0.0266758143468046 0.0968178905008283
0.00840342093319818 -0.0130921854959534 0.0593590391982063 -0.00601704800240038
-0.00958979676843981 -0.0118239131974158 -0.0214190248891933 -0.0743354134074515
-0.00678325512721396 0.00561271419188335 -0.106359278793888 -0.021104372710681
0.00189440522462306 0.00041596470395872 -0.0820850835329841 0.0765550052415832
0.00397905020631928 -0.00323552109619789 -0.0106851415935191 0.0961909861911864
0.00257758281041046 -0.00621332196382343 0.0281391675447509 0.0778106800433756
-0.00459190797371284 -0.00926469743196355 0.0485842413484315 0.0545027131378101
-0.00634963699172187 -0.0108999207378436 0.0606489941366792 0.0458811693933801
-0.00365216044222653 -0.0151951466670031 0.0570978824059388 0.0594869435161755
0.0107919651537805 -0.0151866303753538 0.0203458290072796 0.0923523891182387
0.0209662711267065 -0.0024575925512345 -0.0420228448332393 0.10151908305022
0.0209613652148791 0.0129087775148379 -0.0890166520303701 0.0811638193660092
0.0138633558304571 0.0287788093611575 -0.129358666680064 0.0660368307208471
0.0052853961246825 0.0480576942769659 -0.119779663705122 0.109715919195203
-0.000750308860365305 0.0581980406381304 -0.0325396203711019 0.082701346770889
0.0150015829994493 0.0239220008934666 0.0610985759328943 -0.00411431418829988
0.0152944729783081 0.00646330116158125 -0.0146511029569018 -0.0841547251869673
0.0162406890850836 -0.00379982267633678 -0.106845052149734 -0.0332979187266599
0.0114784958051124 -0.0233201475827808 -0.0879239724565385 0.0684329279171373
-0.00252232719738829 -0.0280107629262245 -0.0174780522689295 0.0922039532130245
-0.011487751311283 -0.0233367071548586 0.0216303584248628 0.0725317511061167
-0.0208751489226904 -0.0276218273113307 0.0419923886077447 0.0479649257268534
-0.021602914359886 -0.0334821330097211 0.0546181567474642 0.0348091300837289
-0.0125757342630369 -0.0495601632759677 0.0599394502785397 0.0419956079770398
0.0274199663480046 -0.0501565024689284 0.039018719613327 0.0753810710449808
0.0617116335153462 -0.0118307599102161 -0.0173158840152575 0.103698850446816
0.0589423213803391 0.047121739575601 -0.0704264324118069 0.0941050800218073
0.0158557771586219 0.086655974965574 -0.110630063283759 0.0695013808869854
-0.0233261709067032 0.10270008720971 -0.100314001777654 0.0931239721491775
-0.0283564587980135 0.0935921762801787 -0.027906124696891 0.0540636084751324
0.0147586777635423 0.0652977762540007 0.0668859870558173 -0.00746550372095098
0.0413670358487438 0.0331820757774265 -0.000746664682463577 -0.0985527727655893
0.0450804726309898 -0.0099047309713843 -0.100582234312647 -0.0542627283518907
0.0253437343493863 -0.0470653473998825 -0.0929650504062585 0.0493571241047647
-0.00692700736988296 -0.0518592598408742 -0.0278585318120262 0.0789725003885523
-0.0241593116921993 -0.0403388838556698 0.0091527759904544 0.0611113455490746
-0.0333750014148605 -0.0417118834812112 0.0292036395361447 0.0352295795767357
-0.0337581052886438 -0.0475563676577065 0.041460571659492 0.017133591034279
-0.0244847979096037 -0.0730909129915055 0.0572720579306481 0.015035107647936
0.0288752304916463 -0.0810959115912306 0.0577555932721477 0.0448327197362006
0.0845881658415692 -0.0343919842986785 0.0187182039855079 0.0966714064902933
0.0967066727171028 0.0543976440464633 -0.0422537154013125 0.103727797305884
0.0327204116535828 0.124129509772022 -0.0893627066090048 0.0696891627071401
-0.0375682753143936 0.143246292078248 -0.075198199996999 0.0625786016684797
-0.0565505493942475 0.112617349188861 -0.0111502545103888 0.0143776693485943
0.00455339346996944 0.102438960507974 0.0761371477946675 -0.0173958024344264
0.0602498401481103 0.0669803849919225 0.0201489052716096 -0.110428296625688
0.0752161598439863 -0.00820094877345775 -0.0820275799703126 -0.0777207923218263
0.0416406342401131 -0.06382075065225 -0.090039878162683 0.019023830617057
-0.00762233611511536 -0.071118834105845 -0.0383654858711123 0.0548863106040373
-0.0333983352301303 -0.0530716183463723 -0.0067541188738018 0.042612200836739
-0.0411769517852027 -0.0490759275514093 0.0126179293872374 0.0176466441537403
-0.0404916907271497 -0.0540645180849509 0.0245303802169933 -0.00301294966541905
-0.0341218406260534 -0.0825046226098969 0.0474326616843079 -0.0150383044335289
0.0204975894858264 -0.0982291564053666 0.0680988316021605 0.00612219651582341
0.0875521142563018 -0.0562160261235065 0.0523314345333389 0.0750956324304278
0.118413872165154 0.0440980403810655 -0.0122488771594836 0.102873015077531
0.0502980105818162 0.136168086579832 -0.0699149167724458 0.0641251254089971
-0.0404146619280262 0.159772156717154 -0.0488094742143664 0.0236505441762496
-0.0778187291945542 0.112072649340114 0.0182011933593252 -0.0319184235940031
-0.0132691023457393 0.122054956597114 0.0868721323014619 -0.0327512931333153
0.0613560750415375 0.0949101996976967 0.0445604291302757 -0.113641619866233
0.0936372253813727 0.00207871183974599 -0.0492960836137873 -0.0965540770325432
0.0551877191378821 -0.0684631542463412 -0.0759111714110674 -0.0187636436965155
-0.0051321496652598 -0.0791184125220563 -0.0480360962206737 0.0220013969350396
-0.0369643889083621 -0.0589978586767178 -0.0246653384031938 0.0195052136483282
-0.042524133997847 -0.0500911970690095 -0.00610513810774424 -0.00223005760540859
-0.0408632810586397 -0.0514482602649189 0.00560316402262324 -0.0227470534965954
-0.0363486995968497 -0.0788361255224199 0.0333080936330486 -0.0410898240478214
0.0119105827972637 -0.0974477403078366 0.0680460133562189 -0.0290811409013627
0.07702119437549 -0.0621894992822415 0.0741297128512926 0.0482081373701363
0.115294270705092 0.0329642552431508 0.0109701541012085 0.0922637103784619
0.0518002973466123 0.127343514036116 -0.0541680584134498 0.0532713470185999
-0.0406475154955038 0.149572736677014 -0.0259216177244721 -0.0163196513392683
-0.0813072837201912 0.0900579002924252 0.0539678594435815 -0.0730591718342775
-0.030386870968623 0.113759339510085 0.0983367393507652 -0.0497825953527265
0.0449596625280781 0.101502565097863 0.0662683916660636 -0.106629143521017
0.0893722954173417 0.013988782534222 -0.0106056911065361 -0.102805445590364
0.0567701547139872 -0.0577928161640932 -0.0508522290050833 -0.053279700783432
-0.00103493015986743 -0.0723237796659017 -0.0523041270507015 -0.0137800307027217
-0.0341068138995823 -0.0541468945068797 -0.0413956457775016 -0.00439667531734533
-0.0375625567029245 -0.0438737524136043 -0.0233958218383439 -0.0216469672843321
-0.0343109437108838 -0.0425209745535767 -0.0104011214260842 -0.0402871262265763
-0.030999492689112 -0.0652238493940539 0.0207736356137699 -0.0608430922375983
0.00897932264950282 -0.0819981533562515 0.0644235927551457 -0.0534475091035222
0.062787320882736 -0.0523201644848398 0.0857985438368869 0.0254055205355955
0.0943880351225058 0.0296252345336151 0.0251732312505331 0.0781335840700194
0.0368820026099155 0.107532666415578 -0.0407871480229357 0.041115110206669
-0.0415275175548401 0.117979332359129 -0.00609884164803367 -0.0496469743006451
-0.0651440438586286 0.0523436280657806 0.085783984941874 -0.102541549017549
-0.035756140420061 0.0790270823970815 0.109026260749803 -0.0627931010144545
0.0221271025354606 0.0785031562089338 0.0806813926405029 -0.0949905529002102
0.0632146482695669 0.0171880860428844 0.0229713879528935 -0.0995934085654574
0.0428285658693468 -0.0381099137809822 -0.0268694947118321 -0.0773049923698993
0.000858593579439018 -0.0506977427376724 -0.0534536815656719 -0.0442102739950329
-0.0255084558686641 -0.0390052183056917 -0.0550194829955209 -0.0254559189396105
-0.0270907450383606 -0.0314542333374291 -0.0372524878782005 -0.037305602348464
-0.0244367771478159 -0.0287990292177246 -0.0219512342752269 -0.0539580781661693
-0.0207296081746956 -0.0454573477880433 0.0135147436480428 -0.0744674844014864
0.00845943821474729 -0.0592758430959052 0.0633540534096459 -0.0674540711532271
0.0489444000195543 -0.0359430688240243 0.0908884732947353 0.0123689408151215
0.0671333432918692 0.0305657961752697 0.0320841894895589 0.0672419042908245
0.0143352603657737 0.0813048245556157 -0.0303026720805628 0.0312665409312191
-0.0421595720315797 0.0735326856099191 0.0111269184125108 -0.0693688625143086
-0.0341241919538248 0.00643444093371518 0.102998701781157 -0.116830185916442
-0.0256216525654042 0.0289535129072124 0.111277236931704 -0.0717095661648595
0.00273503341132519 0.0357846802923112 0.0861235825732145 -0.086790990232056
0.0249239282532809 0.0100793224699194 0.0400435843483697 -0.0961167860178521
0.0169049950856791 -0.0142929248818148 -0.0146341741566345 -0.0896637175492952
0.000949979494344563 -0.0193690691846369 -0.0552259893539846 -0.0609333790357529
-0.0124264788454512 -0.0167357701055387 -0.0635279991605119 -0.0377345390303834
-0.0121960271197289 -0.0144447123929416 -0.04536970418347 -0.0464023542807577
-0.0117994292341763 -0.0124129255279593 -0.0270439932165734 -0.0636876596182658
-0.0112588308142788 -0.0232052439397583 0.0111583732318642 -0.0828479494633806
0.00570741966032706 -0.0336121963649757 0.0655971446232755 -0.0728062043551118
0.0327693206514022 -0.0205947941728788 0.0953203395160331 0.00847717488546968
0.0385749993188014 0.0281915102566884 0.0347997672824986 0.0629953724016991
-0.0066301592216459 0.0496180539862485 -0.02353789628959 0.0263545008022308
-0.0380594425088182 0.0230179932516233 0.0247567217013703 -0.0757824102427403
