TRXV5
3
4
4
9
string Extension=J
integer IsArchMeasurement=1
integer IsSpherical=1
string Generator=SPM
string GeneratorVersion=1.3.1 Dev
double ArchRadius=0.449999988079071
integer FrequencyAxisIndex=0
integer AzimuthAxisIndex=1
integer ElevationAxisIndex=2
Frequency
5 136 690000000 960000000 LIN
Azimuth
7 8 0 2.74889357189107 LIN
Elevation
7 15 -2.74889357189107 2.74889357189107 LIN
Polar H Real Part
13
Polar H Imaginary Part
14
Polar V Real Part
13
Polar V Imaginary Part
14
Polar H Magnitude (dB)
12 0xC0000002 0 1
Polar H Phase
7 0xC0000003 0 1
Polar V Magnitude (dB)
12 0xC0000002 2 3
Polar V Phase
7 0xC0000003 2 3
0.0306224822998047 0.0202980041503906 0.02056884765625 0.0923080444335938
0.0512504577636719 -0.0025482177734375 0.0297126770019531 0.0425262451171875
0.0205192565917969 -0.040863037109375 -0.00250053405761719 -0.0193576812744141
-0.0153274536132813 -0.0364837646484375 -0.0491790771484375 -0.0103263854980469
-0.0254364013671875 -0.0179634094238281 -0.0549583435058594 0.0314788818359375
-0.03106689453125 -0.00282859802246094 -0.0415420532226563 0.0757827758789062
-0.02325439453125 0.0107555389404297 -0.0101776123046875 0.0995101928710937
-0.020751953125 0.00458717346191406 0.00531005859375 0.0996322631835938
-0.0213394165039063 -0.00147819519042969 -0.00293731689453126 0.0924835205078125
-0.0156345367431641 -0.00790500640869141 -0.0290985107421875 0.075653076171875
-0.00422859191894531 -0.0098876953125 -0.036407470703125 0.0449142456054688
0.0027923583984375 -0.0078730583190918 -0.0263500213623047 0.0175552368164063
0.00928211212158203 0.00254058837890625 -0.00463294982910156 0.0320949554443359
0.00625038146972656 0.0207195281982422 -0.0150375366210937 0.107063293457031
-0.0129661560058594 0.0277500152587891 -0.104698181152344 0.131950378417969
0.0505714416503906 -0.0358467102050781 0.02435302734375 0.091278076171875
0.0520668029785156 -0.0545806884765625 0.0314369201660156 0.044158935546875
0.00209808349609375 -0.075225830078125 0.00405216217041016 -0.00802087783813477
-0.0476226806640625 -0.053680419921875 -0.0360527038574219 -0.00274658203125
-0.058502197265625 -0.013153076171875 -0.039520263671875 0.0292701721191406
-0.0581703186035156 0.026641845703125 -0.0299415588378906 0.068603515625
-0.0344657897949219 0.0469017028808594 -0.00142669677734375 0.087188720703125
-0.0304107666015625 0.0369224548339844 0.013458251953125 0.0871963500976563
-0.0345859527587891 0.0351028442382812 0.00679779052734375 0.08270263671875
-0.0406990051269531 0.0250167846679687 -0.0182342529296875 0.0710601806640625
-0.0393257141113281 0.00473022460937499 -0.0245933532714844 0.0451812744140625
-0.03778076171875 -0.0131263732910156 -0.0183811187744141 0.0257072448730469
-0.0193958282470703 -0.0337104797363281 -0.00381088256835938 0.047454833984375
0.00313568115234375 -0.0352020263671875 -0.01983642578125 0.113143920898438
0.0038604736328125 -0.0328102111816406 -0.106353759765625 0.134628295898438
0.0614852905273437 -0.088714599609375 0.032684326171875 0.0748138427734375
0.043487548828125 -0.100936889648438 0.0312576293945313 0.0368003845214844
-0.01904296875 -0.100593566894531 0.00715446472167969 0.00295972824096679
-0.0755081176757812 -0.0621566772460938 -0.0193500518798828 0.00708770751953124
-0.0837326049804688 -0.00533294677734375 -0.0177288055419922 0.0244083404541016
-0.0763778686523438 0.0523223876953125 -0.0129585266113281 0.0520820617675781
-0.0413742065429688 0.0755233764648438 0.00801086425781251 0.0614242553710938
-0.0360908508300781 0.0634841918945313 0.0193557739257812 0.0608711242675781
-0.0429725646972656 0.0672531127929687 0.014373779296875 0.0600166320800781
-0.05987548828125 0.0543670654296875 -0.00458526611328125 0.0562210083007813
-0.0696334838867188 0.0202484130859375 -0.00807189941406251 0.0380363464355469
-0.0748519897460938 -0.015350341796875 -0.00526046752929688 0.0304527282714844
-0.0469398498535156 -0.0658607482910156 -0.00104904174804688 0.0596199035644531
-0.00101470947265626 -0.0868682861328125 -0.0243606567382812 0.107269287109375
0.0179061889648437 -0.0893096923828125 -0.100662231445312 0.117835998535156
0.0625534057617188 -0.13092041015625 0.042816162109375 0.0443305969238281
0.0252838134765625 -0.13592529296875 0.0283775329589844 0.0203857421875
-0.0435256958007812 -0.112457275390625 0.00748634338378906 0.0118074417114258
-0.0962600708007812 -0.0600204467773438 -0.000893592834472661 0.0158090591430664
-0.0973052978515625 0.00561523437499999 0.00603294372558593 0.0169143676757813
-0.0834884643554687 0.0713577270507813 0.00648117065429687 0.0286846160888672
-0.0412216186523437 0.0934066772460937 0.0169258117675781 0.0270099639892578
-0.036468505859375 0.0807266235351563 0.0226421356201172 0.0253944396972656
-0.0455474853515625 0.088653564453125 0.0205783843994141 0.0273971557617188
-0.0700531005859375 0.075927734375 0.0101070404052734 0.0309314727783203
-0.089630126953125 0.0324859619140625 0.0111865997314453 0.0233058929443359
-0.101234436035156 -0.0155181884765625 0.010589599609375 0.0303134918212891
-0.067657470703125 -0.0880279541015625 0.0040283203125 0.0649261474609375
-0.0050201416015625 -0.124847412109375 -0.0269317626953125 0.088653564453125
0.02813720703125 -0.131797790527344 -0.087188720703125 0.08502197265625
0.052825927734375 -0.155242919921875 0.0508346557617188 0.00203704833984374
0.00366210937500001 -0.152374267578125 0.0211715698242187 -0.00370025634765626
-0.0632476806640625 -0.109291076660156 0.00498771667480468 0.0161628723144531
-0.105026245117187 -0.047454833984375 0.0166034698486328 0.0206260681152344
-0.0969467163085938 0.0180816650390625 0.0286369323730469 0.00480461120605469
-0.0772933959960937 0.080841064453125 0.0231456756591797 -0.000411987304687495
-0.0346145629882813 0.097900390625 0.0219039916992187 -0.0117111206054687
-0.0320281982421875 0.0849838256835938 0.0222148895263672 -0.0142726898193359
-0.0417098999023438 0.0958328247070312 0.0234203338623047 -0.0106430053710937
-0.0684051513671875 0.0838470458984375 0.0242481231689453 -0.000257492065429682
-0.09356689453125 0.0387039184570312 0.02978515625 0.0035247802734375
-0.109649658203125 -0.0121536254882813 0.0272140502929687 0.0245742797851563
-0.0774154663085937 -0.0944976806640625 0.00998687744140625 0.0621757507324219
-0.00888061523437499 -0.140777587890625 -0.0285224914550781 0.0599327087402344
0.0313568115234375 -0.153152465820313 -0.0680198669433594 0.0419540405273437
0.0383148193359375 -0.154281616210938 0.0578193664550781 -0.0439186096191406
-0.0139923095703125 -0.14495849609375 0.0129375457763672 -0.0307788848876953
-0.0714492797851562 -0.0914154052734375 0.0013132095336914 0.014216423034668
-0.097747802734375 -0.0291976928710938 0.0302619934082031 0.0189266204833984
-0.0825881958007813 0.0268020629882813 0.0440444946289062 -0.00998687744140625
-0.0604019165039063 0.07843017578125 0.0337028503417969 -0.0292396545410156
-0.0235214233398437 0.0876312255859375 0.0227203369140625 -0.0486793518066406
-0.0225601196289063 0.0770416259765625 0.0187339782714844 -0.0523529052734375
-0.0312881469726562 0.087066650390625 0.0242881774902344 -0.0471572875976562
-0.054534912109375 0.076934814453125 0.0368270874023438 -0.0314292907714844
-0.08001708984375 0.0380020141601562 0.0458946228027344 -0.015533447265625
-0.0967941284179688 -0.00666809082031249 0.0404319763183594 0.0174407958984375
-0.0721435546875 -0.0822372436523437 0.0130691528320312 0.0523948669433594
-0.0120925903320313 -0.131126403808594 -0.027313232421875 0.0245285034179687
0.0277099609375 -0.149368286132813 -0.0444297790527344 -0.00457763671875
0.021392822265625 -0.128288269042969 0.0634536743164063 -0.0874557495117188
-0.0207748413085938 -0.115348815917969 0.0068817138671875 -0.057037353515625
-0.0627326965332031 -0.0639801025390625 -0.00261878967285157 0.00655746459960937
-0.0745315551757812 -0.0121688842773438 0.0384178161621094 0.0110816955566406
-0.0575675964355469 0.0277061462402344 0.0510520935058594 -0.0256156921386719
-0.0370941162109375 0.0632171630859375 0.0362396240234375 -0.0551834106445313
-0.00954818725585937 0.0644760131835938 0.018341064453125 -0.07781982421875
-0.00974273681640625 0.056671142578125 0.01220703125 -0.0813217163085938
-0.016326904296875 0.0635757446289063 0.02276611328125 -0.07562255859375
-0.0305709838867187 0.0572166442871094 0.0450820922851563 -0.0554008483886719
-0.050506591796875 0.0319061279296875 0.0550079345703125 -0.0291366577148437
-0.0669937133789063 0.00287628173828126 0.0471534729003906 0.0108985900878906
-0.0575141906738281 -0.0536956787109375 0.0137748718261719 0.0387840270996094
-0.0157928466796875 -0.0992279052734375 -0.0251998901367188 -0.00709915161132813
0.014495849609375 -0.123992919921875 -0.0230445861816406 -0.045501708984375
0.00322723388671876 -0.0826187133789062 0.0696258544921875 -0.119422912597656
-0.0194969177246094 -0.0680961608886719 0.00608062744140625 -0.0789871215820312
-0.0406951904296875 -0.0312995910644531 -0.00573396682739258 -0.00632810592651367
-0.040313720703125 0.00189971923828125 0.0390205383300781 -0.000110626220703125
-0.0253696441650391 0.0221309661865234 0.0498046875 -0.0375289916992188
-0.010986328125 0.0370254516601563 0.0329818725585938 -0.073455810546875
0.00433731079101563 0.0315227508544922 0.0109481811523438 -0.0955810546875
0.00387191772460937 0.0271873474121094 0.00404357910156249 -0.0986175537109375
0.00282669067382812 0.0301895141601562 0.018035888671875 -0.092254638671875
4.19616699218739E-05 0.0311298370361328 0.0476951599121094 -0.0688209533691406
-0.0129852294921875 0.0249557495117188 0.05743408203125 -0.0355377197265625
-0.0283641815185547 0.0168323516845703 0.0477638244628906 0.00660324096679688
-0.0402984619140625 -0.0142288208007812 0.0112590789794922 0.0252456665039063
-0.0248641967773438 -0.0529136657714844 -0.0231647491455078 -0.0325202941894531
-0.00566864013671875 -0.0820541381835937 -0.00714874267578126 -0.0758819580078125
0.0370216369628906 0.0199546813964844 0.0342178344726562 0.0917739868164063
0.0571212768554688 -0.0094757080078125 0.0379714965820313 0.0396347045898438
0.0188217163085937 -0.0474586486816406 -0.00305747985839844 -0.0205612182617188
-0.0205039978027344 -0.0392036437988281 -0.0514945983886719 -0.00585556030273438
-0.0309543609619141 -0.0176181793212891 -0.0527305603027344 0.0371742248535156
-0.0365257263183594 0.000617980957031257 -0.0345230102539063 0.0814895629882813
-0.0261001586914063 0.0152015686035156 0.000305175781250009 0.102294921875
-0.0239639282226562 0.00792312622070313 0.0170211791992187 0.100639343261719
-0.0262584686279297 0.000410079956054683 0.00780487060546874 0.0944595336914063
-0.0202045440673828 -0.008209228515625 -0.0210342407226563 0.0802841186523438
-0.00581550598144531 -0.0132379531860352 -0.0327301025390625 0.0506935119628906
0.0041961669921875 -0.0111970901489258 -0.0260486602783203 0.0220909118652344
0.0136013031005859 0.00194931030273438 -0.00388336181640625 0.0327033996582031
0.0119705200195313 0.0251808166503906 -0.00576019287109375 0.108009338378906
-0.00811195373535156 0.0350131988525391 -0.0947723388671875 0.141311645507813
0.0511360168457031 -0.0383567810058594 0.0391464233398438 0.0915451049804688
0.0520248413085937 -0.0610733032226562 0.0404777526855469 0.0417289733886719
-0.002899169921875 -0.0803985595703125 0.00474071502685547 -0.00890731811523438
-0.0549430847167969 -0.0531806945800781 -0.0360374450683594 0.001007080078125
-0.0635528564453125 -0.0088958740234375 -0.0356559753417969 0.0331687927246094
-0.0598640441894531 0.0335731506347656 -0.021697998046875 0.072296142578125
-0.0330123901367187 0.0523185729980469 0.00947570800781249 0.0876541137695312
-0.0295257568359375 0.0416450500488281 0.02508544921875 0.0862503051757813
-0.034820556640625 0.0397491455078125 0.0176544189453125 0.083251953125
-0.0411148071289063 0.0285148620605469 -0.00893402099609375 0.0757293701171875
-0.0397148132324219 0.00628280639648438 -0.0188751220703125 0.0504646301269531
-0.0379371643066406 -0.01141357421875 -0.0160350799560547 0.0304775238037109
-0.0194511413574219 -0.0314006805419922 -0.000770568847656255 0.0503120422363281
0.00290298461914063 -0.0321254730224609 -0.0093841552734375 0.116706848144531
0.00202178955078125 -0.0286235809326172 -0.096405029296875 0.145614624023438
0.0558242797851563 -0.093719482421875 0.0467071533203125 0.0756149291992188
0.037384033203125 -0.106658935546875 0.0400886535644531 0.034637451171875
-0.0270004272460938 -0.102638244628906 0.0103378295898437 0.00200366973876953
-0.0834579467773438 -0.0581207275390625 -0.0173177719116211 0.00970649719238281
-0.0876846313476563 0.00145721435546877 -0.0131607055664063 0.0266323089599609
-0.0739288330078125 0.0607528686523438 -0.00490188598632812 0.0534133911132813
-0.0353012084960938 0.0819015502929688 0.0179672241210937 0.0594367980957031
-0.0317230224609375 0.0695953369140625 0.0295639038085937 0.0586395263671875
-0.0388107299804688 0.0732269287109375 0.0244789123535156 0.0594329833984375
-0.0563392639160156 0.0613822937011719 0.00428390502929688 0.0592079162597656
-0.0688362121582031 0.0256118774414063 -0.00217437744140625 0.0419464111328125
-0.0765533447265625 -0.00917053222656248 -0.00215911865234375 0.0347805023193359
-0.0513916015625 -0.0611991882324219 0.00429153442382812 0.0634078979492188
-0.00710296630859376 -0.0851821899414063 -0.0145492553710938 0.112480163574219
0.010162353515625 -0.0885696411132813 -0.0927047729492188 0.130081176757813
0.050750732421875 -0.137420654296875 0.0539360046386719 0.045379638671875
0.013275146484375 -0.139549255371094 0.0353546142578125 0.0195388793945312
-0.0541915893554688 -0.110946655273438 0.0122251510620117 0.0107831954956055
-0.103904724121094 -0.0522689819335938 0.00273799896240234 0.0170421600341797
-0.0988388061523438 0.0154800415039063 0.0110206604003906 0.0168170928955078
-0.0769882202148438 0.0812759399414062 0.0134449005126953 0.0274162292480469
-0.03192138671875 0.0996170043945313 0.0232467651367188 0.0234489440917969
-0.0290451049804687 0.086395263671875 0.0289897918701172 0.0213718414306641
-0.0376968383789062 0.0957717895507813 0.0274181365966797 0.0245876312255859
-0.0633621215820313 0.0845870971679688 0.0173721313476562 0.0317840576171875
-0.0879745483398437 0.0414199829101563 0.0169887542724609 0.0251026153564453
-0.104133605957031 -0.0053863525390625 0.0148220062255859 0.0332050323486328
-0.0759506225585937 -0.0815658569335938 0.0106582641601562 0.0687179565429688
-0.0166702270507813 -0.124778747558594 -0.0191726684570313 0.0950393676757812
0.0148544311523437 -0.134681701660156 -0.0823974609375 0.0974349975585937
0.0366668701171875 -0.162353515625 0.057830810546875 0.00283432006835937
-0.0129241943359375 -0.153762817382813 0.0258064270019531 -0.00272178649902345
-0.0748825073242187 -0.10430908203125 0.0102062225341797 0.0165939331054687
-0.111312866210938 -0.036712646484375 0.0215511322021484 0.0203323364257812
-0.0957107543945313 0.0290374755859375 0.0331020355224609 0.00259780883789063
-0.0678024291992188 0.0903778076171875 0.0277023315429688 -0.00382995605468749
-0.02294921875 0.102630615234375 0.024505615234375 -0.0162906646728516
-0.0225372314453125 0.090789794921875 0.0244846343994141 -0.0188274383544922
-0.0309600830078125 0.102584838867188 0.0265846252441406 -0.0144672393798828
-0.0597305297851562 0.0930099487304688 0.0293502807617187 -0.00232124328613281
-0.0908737182617187 0.0497055053710938 0.0343132019042969 0.00266456604003907
-0.113006591796875 -2.28881835937597E-05 0.0315666198730469 0.0253105163574219
-0.0873031616210938 -0.0871353149414062 0.0172691345214844 0.0654220581054688
-0.02325439453125 -0.142105102539063 -0.0234146118164063 0.0663528442382813
0.014923095703125 -0.158416748046875 -0.0666084289550781 0.0518302917480469
0.0212860107421875 -0.162078857421875 0.0593109130859375 -0.0440559387207031
-0.0316925048828125 -0.146240234375 0.0138263702392578 -0.0291786193847656
-0.0832366943359375 -0.0848770141601563 0.00615692138671874 0.0149917602539062
-0.102729797363281 -0.0176773071289062 0.0349655151367187 0.0168991088867188
-0.0799102783203125 0.0374755859375 0.0467720031738281 -0.0136184692382812
-0.0497512817382813 0.0866165161132812 0.0348930358886719 -0.0339622497558594
-0.0111465454101562 0.09075927734375 0.0203628540039062 -0.0532951354980469
-0.0127182006835937 0.0810165405273438 0.0157737731933594 -0.056640625
-0.01983642578125 0.0919418334960938 0.0231590270996094 -0.0518341064453125
-0.0444717407226562 0.0850296020507813 0.03802490234375 -0.0355033874511719
-0.0759124755859375 0.0483169555664063 0.0484733581542969 -0.0192375183105469
-0.0987396240234375 0.0058441162109375 0.044769287109375 0.0158653259277344
-0.0820465087890625 -0.074005126953125 0.0202178955078125 0.0545158386230469
-0.0271987915039062 -0.132293701171875 -0.0261077880859375 0.0305538177490234
0.00958251953125 -0.15618896484375 -0.0482902526855469 0.00213623046874999
0.00600433349609375 -0.13580322265625 0.0596771240234375 -0.0892715454101563
-0.0372695922851563 -0.116256713867187 0.00352096557617187 -0.0558433532714844
-0.0730667114257813 -0.0581130981445313 0.00103282928466797 0.0076446533203125
-0.0780868530273438 -0.0018768310546875 0.0417938232421875 0.0077972412109375
-0.0542068481445312 0.0373764038085938 0.0514640808105469 -0.0310401916503906
-0.0271797180175781 0.0694503784179688 0.0338897705078125 -0.0606307983398437
0.00123214721679688 0.0659942626953125 0.0115127563476562 -0.0821609497070313
-0.00122833251953125 0.0589218139648437 0.004730224609375 -0.0856170654296875
-0.00594329833984375 0.0662574768066406 0.017059326171875 -0.0800399780273437
-0.0209083557128906 0.0627021789550781 0.0426101684570312 -0.0605621337890625
-0.0462074279785156 0.0399017333984375 0.0555229187011719 -0.034271240234375
-0.0669212341308594 0.0135269165039062 0.0504951477050781 0.00821304321289063
-0.0646781921386719 -0.0457229614257813 0.0198898315429688 0.0404853820800781
-0.03021240234375 -0.099456787109375 -0.0271663665771484 -0.00235176086425781
-0.00208282470703125 -0.129722595214844 -0.0314826965332031 -0.0419044494628906
-0.00731658935546875 -0.0887527465820313 0.0617904663085938 -0.123733520507813
-0.0312538146972656 -0.0696754455566406 0.000495910644531256 -0.0783233642578125
-0.0483589172363281 -0.0272598266601563 -0.0037074089050293 -0.00596332550048828
-0.0429725646972656 0.00871658325195313 0.0409660339355469 -0.00469207763671875
-0.0224151611328125 0.0283298492431641 0.0474357604980469 -0.04376220703125
-0.00298309326171875 0.04034423828125 0.0266647338867187 -0.0783767700195313
0.0123157501220703 0.0312252044677734 0.00080871582031251 -0.0988693237304688
0.0104904174804687 0.0268135070800781 -0.0066986083984375 -0.101295471191406
0.00965690612792969 0.0297660827636719 0.00933837890625 -0.0957794189453125
0.00802230834960937 0.0315303802490234 0.042572021484375 -0.0745086669921875
-0.00745964050292969 0.0287513732910156 0.055633544921875 -0.0409164428710938
-0.0257854461669922 0.0243606567382813 0.0497779846191406 0.00318527221679688
-0.0436744689941406 -0.00658798217773438 0.0144424438476563 0.0258064270019531
-0.0359649658203125 -0.051483154296875 -0.0288600921630859 -0.0282516479492188
-0.0187759399414063 -0.0862503051757813 -0.0191726684570312 -0.0750961303710938
0.0430870056152344 0.0177574157714844 0.0453643798828125 0.0847930908203125
0.0605430603027344 -0.0169258117675781 0.0439643859863281 0.0335197448730469
0.0149459838867187 -0.0528640747070313 -0.00372505187988281 -0.0204143524169922
-0.0260505676269531 -0.0398712158203125 -0.0508346557617188 -0.00135040283203124
-0.035858154296875 -0.0155258178710937 -0.0477409362792969 0.040740966796875
-0.0398941040039063 0.00635147094726562 -0.0260848999023438 0.0819778442382813
-0.0274448394775391 0.0196170806884766 0.0110321044921875 0.0990676879882813
-0.0260200500488281 0.0122146606445312 0.02734375 0.0960617065429688
-0.0300045013427734 0.00455474853515625 0.0177078247070312 0.0910568237304687
-0.024383544921875 -0.00740051269531249 -0.0115127563476563 0.0806350708007813
-0.00845718383789063 -0.0158901214599609 -0.0266876220703125 0.0538749694824219
0.00403499603271484 -0.0152482986450195 -0.0240077972412109 0.0255107879638672
0.0179538726806641 -0.000177383422851563 -0.00325202941894531 0.0326366424560547
0.0193881988525391 0.0267486572265625 0.00251007080078124 0.103752136230469
-0.000335693359374998 0.0399513244628906 -0.081817626953125 0.1435546875
0.0507392883300781 -0.03961181640625 0.0516738891601562 0.0848159790039062
0.0503425598144531 -0.0661201477050781 0.0469398498535156 0.0358619689941406
-0.008514404296875 -0.0826034545898438 0.00572490692138672 -0.0103445053100586
-0.0596961975097656 -0.0498733520507813 -0.0344142913818359 0.00385665893554688
-0.065826416015625 -0.00365066528320313 -0.0306892395019531 0.0349521636962891
-0.0579910278320313 0.0395431518554688 -0.0130844116210938 0.071014404296875
-0.029815673828125 0.0560722351074219 0.019287109375 0.0823822021484375
-0.0275497436523438 0.0450096130371094 0.0351638793945312 0.0800323486328125
-0.0329933166503906 0.0433616638183594 0.0279541015625 0.0784835815429687
-0.0399093627929687 0.0303993225097656 0.000823974609374997 0.0749053955078125
-0.0392837524414063 0.00677490234375001 -0.0121116638183594 0.0527725219726562
-0.0362434387207031 -0.0105667114257813 -0.0130577087402344 0.0338134765625
-0.0171642303466797 -0.0285568237304688 0.00220870971679687 0.0508880615234375
0.00459098815917969 -0.0284976959228516 3.81469726562488E-05 0.113899230957031
0.00264549255371094 -0.0231685638427734 -0.0822601318359375 0.149627685546875
0.0486679077148438 -0.0935287475585937 0.0591545104980469 0.0702018737792969
0.0304336547851563 -0.107406616210938 0.0469703674316406 0.0294227600097656
-0.03424072265625 -0.100830078125 0.0130043029785156 2.19345092773376E-05
-0.0874099731445312 -0.0517501831054688 -0.0139732360839844 0.0105781555175781
-0.0869216918945313 0.00887298583984374 -0.00761222839355469 0.0266685485839844
-0.0680580139160156 0.0665359497070313 0.00340652465820312 0.0505294799804688
-0.0282516479492187 0.0842361450195313 0.0253105163574219 0.0535736083984375
-0.025970458984375 0.0718841552734375 0.0372200012207031 0.0516738891601563
-0.0323104858398437 0.07623291015625 0.0329856872558594 0.0536117553710938
-0.0506858825683594 0.064544677734375 0.01336669921875 0.0575408935546875
-0.0652275085449219 0.0298500061035156 0.00480270385742187 0.0429840087890625
-0.0741424560546875 -0.00383758544921874 0.00185012817382812 0.0374107360839844
-0.0516891479492188 -0.0546226501464844 0.00922012329101563 0.0640907287597656
-0.0111618041992188 -0.0798568725585938 -0.00483703613281249 0.111907958984375
0.00327301025390624 -0.0828018188476563 -0.0795669555664063 0.135757446289062
0.0373306274414063 -0.135856628417969 0.0643539428710938 0.0415916442871094
0.00252532958984375 -0.135887145996094 0.0420417785644531 0.0157318115234375
-0.0604400634765625 -0.104888916015625 0.0156421661376953 0.00851726531982421
-0.105697631835938 -0.0427780151367188 0.00672245025634765 0.0163555145263672
-0.0952682495117188 0.0235519409179688 0.0156116485595703 0.0148515701293945
-0.067108154296875 0.0857620239257813 0.0188961029052734 0.0227890014648438
-0.0216140747070312 0.0997695922851562 0.0276069641113281 0.0175628662109375
-0.0205459594726563 0.087860107421875 0.0340518951416016 0.0154609680175781
-0.0271759033203125 0.0970077514648438 0.0333080291748047 0.0193328857421875
-0.053375244140625 0.0885543823242188 0.0246562957763672 0.0291423797607422
-0.081878662109375 0.0478897094726562 0.0229206085205078 0.0244998931884766
-0.101051330566406 0.00418853759765624 0.0199012756347656 0.0343227386474609
-0.0786819458007813 -0.0719146728515625 0.0174179077148437 0.0693893432617188
-0.0256729125976562 -0.118118286132812 -0.0098724365234375 0.096710205078125
0.00270080566406251 -0.129081726074219 -0.0724716186523437 0.104057312011719
0.0198974609375 -0.16009521484375 0.0643463134765625 0.00148773193359374
-0.0276641845703125 -0.146926879882813 0.0300865173339844 -0.00405311584472657
-0.0820846557617187 -0.0943679809570313 0.0147485733032227 0.0145397186279297
-0.111740112304688 -0.0247955322265625 0.0255317687988281 0.0182285308837891
-0.09039306640625 0.0370941162109375 0.0362777709960937 -0.000667572021484373
-0.0552978515625 0.0937042236328125 0.0307426452636719 -0.00819015502929687
-0.0111770629882813 0.101310729980469 0.0245227813720703 -0.0216083526611328
-0.0124664306640625 0.0904083251953125 0.0245532989501953 -0.0235042572021484
-0.01861572265625 0.102630615234375 0.0278606414794922 -0.0186614990234375
-0.0469512939453125 0.0966110229492187 0.0325584411621094 -0.00503349304199218
-0.08294677734375 0.0573348999023437 0.0381889343261719 0.000156402587890629
-0.109184265136719 0.0118331909179688 0.0363082885742188 0.0250205993652344
-0.0912094116210938 -0.0749359130859375 0.0244674682617187 0.0648689270019531
-0.0361251831054687 -0.134895324707031 -0.0161170959472656 0.0697517395019531
-0.00187683105468751 -0.153656005859375 -0.0614891052246094 0.0594329833984375
0.00213623046874999 -0.160202026367187 0.0605049133300781 -0.0429763793945313
-0.0478439331054687 -0.138092041015625 0.015167236328125 -0.0276679992675781
-0.0897674560546875 -0.0733108520507813 0.0109386444091797 0.0136709213256836
-0.101531982421875 -0.00540161132812501 0.038299560546875 0.0139312744140625
-0.07232666015625 0.0453567504882812 0.0472297668457031 -0.017974853515625
-0.0363082885742187 0.08831787109375 0.0344696044921875 -0.0385971069335937
0.00110626220703126 0.0877914428710938 0.0165939331054688 -0.0564918518066406
-0.002471923828125 0.0791244506835938 0.0120201110839844 -0.059051513671875
-0.00773620605468751 0.0908432006835937 0.0204582214355469 -0.05499267578125
-0.0320968627929688 0.0866622924804688 0.037841796875 -0.0386848449707031
-0.0674934387207031 0.0551719665527344 0.04931640625 -0.0230674743652344
-0.0941238403320313 0.0176620483398437 0.047821044921875 0.0137710571289063
-0.0858688354492187 -0.0616989135742188 0.0271072387695312 0.0538787841796875
-0.0407257080078125 -0.125038146972656 -0.0220718383789063 0.0354804992675781
-0.00878906250000002 -0.151901245117188 -0.0483894348144531 0.00980377197265623
-0.0108489990234375 -0.13507080078125 0.0558090209960938 -0.08697509765625
-0.0518798828125 -0.109832763671875 0.0025177001953125 -0.0513801574707031
-0.0796966552734375 -0.048126220703125 0.00493526458740234 0.00723028182983398
-0.0772552490234375 0.00910949707031248 0.0433311462402344 0.00408554077148438
-0.0468597412109375 0.0438575744628906 0.0493507385253906 -0.0349159240722656
-0.0149116516113281 0.0698089599609375 0.0300483703613281 -0.0636177062988281
0.0117874145507813 0.0615615844726563 0.0045623779296875 -0.08258056640625
0.00726318359375 0.0556373596191406 -0.00278472900390625 -0.085205078125
0.004730224609375 0.0638771057128906 0.010284423828125 -0.0815277099609375
-0.0103607177734375 0.0623397827148437 0.0388412475585938 -0.0637245178222656
-0.0380592346191406 0.0442962646484375 0.0537376403808594 -0.0384178161621094
-0.0615692138671875 0.0224838256835937 0.0525627136230469 0.00467681884765625
-0.0677032470703125 -0.0345535278320313 0.0248527526855469 0.0394210815429688
-0.04266357421875 -0.0927505493164063 -0.0274810791015625 0.00294494628906249
-0.0196075439453125 -0.126670837402344 -0.0369682312011719 -0.0348892211914063
-0.0188522338867188 -0.0897140502929688 0.05291748046875 -0.121353149414062
-0.0422096252441406 -0.0659294128417969 -0.0044097900390625 -0.0733108520507813
-0.0534439086914063 -0.0206680297851563 -0.00134038925170899 -0.00555038452148438
-0.0425682067871094 0.0163803100585938 0.0411224365234375 -0.00920486450195312
-0.0178089141845703 0.0324897766113281 0.0429611206054688 -0.0477676391601563
0.00503921508789063 0.0401229858398438 0.0195770263671875 -0.0798873901367188
0.0191078186035156 0.0272750854492188 -0.00926971435546874 -0.0966796875
0.016265869140625 0.0235252380371094 -0.0165176391601562 -0.0979843139648438
0.0166034698486328 0.0261611938476562 0.000114440917968758 -0.0942840576171875
0.0154609680175781 0.0289726257324219 0.0360565185546875 -0.0768508911132813
-0.000858306884765626 0.0302162170410156 0.0516891479492188 -0.0446548461914063
-0.0202236175537109 0.0294647216796875 0.0501365661621094 -0.000492095947265623
-0.0439567565917969 0.00231552124023438 0.0175895690917969 0.0251007080078125
-0.0444221496582031 -0.0456047058105469 -0.0321636199951172 -0.0218982696533203
-0.0328598022460937 -0.0838470458984375 -0.0292549133300781 -0.0692100524902344
0.0481948852539063 0.0151329040527344 0.0520172119140625 0.074676513671875
0.0611190795898438 -0.02386474609375 0.0466499328613281 0.0258293151855469
0.0107994079589844 -0.056793212890625 -0.00459098815917969 -0.0207023620605469
-0.0308685302734375 -0.0393829345703125 -0.0485687255859375 0.00106430053710938
-0.0390853881835938 -0.0126419067382812 -0.0433731079101563 0.0412178039550781
-0.0408210754394531 0.0115852355957031 -0.0196075439453125 0.0793609619140625
-0.0277423858642578 0.0240383148193359 0.0173492431640625 0.0921554565429688
-0.0267410278320313 0.0158710479736328 0.033111572265625 0.08843994140625
-0.0321521759033203 0.00912094116210937 0.0237579345703125 0.0849838256835938
-0.028228759765625 -0.00520133972167969 -0.00511932373046875 0.0776138305664063
-0.0116748809814453 -0.0178298950195313 -0.020721435546875 0.0540580749511719
0.00333976745605469 -0.0189018249511719 -0.0218276977539063 0.0278759002685547
0.0218238830566406 -0.0028076171875 -0.00378036499023437 0.0324974060058594
0.0264625549316406 0.0264930725097656 0.00563812255859375 0.0967025756835938
0.00764083862304688 0.0418128967285156 -0.0727386474609375 0.137962341308594
0.0508460998535156 -0.0391273498535156 0.0594711303710938 0.0750885009765625
0.0488815307617188 -0.0689468383789063 0.0503158569335938 0.0282096862792969
-0.0122833251953125 -0.082427978515625 0.00590229034423828 -0.0119380950927734
-0.0628280639648438 -0.0466423034667969 -0.0317096710205078 0.00527572631835937
-0.0663948059082031 5.72204589843715E-05 -0.0256195068359375 0.0341720581054687
-0.0559616088867187 0.0433387756347656 -0.00702285766601563 0.0667533874511719
-0.0270347595214844 0.057891845703125 0.0243911743164063 0.0747604370117188
-0.0257759094238281 0.0470046997070313 0.0398406982421875 0.0712509155273438
-0.0323219299316406 0.0458564758300781 0.0340194702148438 0.0706863403320313
-0.0398368835449219 0.0312995910644531 0.00811004638671874 0.0710296630859375
-0.0391349792480469 0.00619125366210937 -0.00596237182617188 0.0521011352539063
-0.0345726013183594 -0.0107421875 -0.00909805297851563 0.0361175537109375
-0.0132389068603516 -0.0278587341308594 0.00359725952148437 0.0501174926757813
0.00858497619628906 -0.0244255065917969 0.00489044189453126 0.108200073242188
0.00576114654541016 -0.0175104141235352 -0.072113037109375 0.146102905273438
0.0442276000976563 -0.0891494750976563 0.0671920776367188 0.0616340637207031
0.0270004272460937 -0.105155944824219 0.0511360168457031 0.0228233337402344
-0.0366363525390625 -0.0974502563476563 0.0138864517211914 -0.00298786163330079
-0.0874099731445313 -0.0462493896484375 -0.0114889144897461 0.0103902816772461
-0.0845718383789063 0.01263427734375 -0.00335311889648438 0.0246181488037109
-0.0630531311035156 0.0683975219726562 0.0081024169921875 0.045379638671875
-0.02294921875 0.08294677734375 0.02874755859375 0.0459938049316406
-0.0216522216796875 0.0716400146484375 0.04083251953125 0.0434303283691406
-0.0281295776367187 0.0758819580078125 0.038116455078125 0.0462226867675781
-0.046051025390625 0.0643959045410156 0.020294189453125 0.0531883239746094
-0.0617179870605469 0.0303535461425781 0.0105476379394531 0.0417938232421875
-0.0699577331542969 -0.000881195068359369 0.00632476806640624 0.0389900207519531
-0.0483283996582031 -0.0492172241210938 0.0126838684082031 0.0631675720214844
-0.0107498168945313 -0.0727996826171875 0.00122833251953126 0.107940673828125
0.00203704833984375 -0.0748367309570313 -0.069549560546875 0.134910583496094
0.0287933349609375 -0.128608703613281 0.0718231201171875 0.035858154296875
-0.00327301025390626 -0.1285400390625 0.0459861755371094 0.0107231140136719
-0.0617599487304687 -0.0974960327148438 0.0184955596923828 0.00516128540039062
-0.103042602539063 -0.0354766845703125 0.00959682464599609 0.0143909454345703
-0.089996337890625 0.0270309448242188 0.0194091796875 0.0115871429443359
-0.0595932006835937 0.0850677490234375 0.0225124359130859 0.0175094604492188
-0.0148849487304687 0.0958709716796875 0.0290126800537109 0.0107364654541016
-0.014556884765625 0.085235595703125 0.0351753234863281 0.00792694091796876
-0.02001953125 0.0945053100585938 0.0359954833984375 0.0126266479492188
-0.0455169677734375 0.0874557495117188 0.0298328399658203 0.0248184204101563
-0.075042724609375 0.0499420166015625 0.0271968841552734 0.0227413177490234
-0.0945816040039063 0.00924682617187502 0.0239658355712891 0.0346641540527344
-0.0759735107421875 -0.0636749267578125 0.0220718383789062 0.0678634643554688
-0.0286865234375 -0.109077453613281 -0.003631591796875 0.0942306518554687
-0.00403594970703126 -0.11920166015625 -0.0630264282226563 0.106025695800781
0.00814819335937499 -0.15069580078125 0.0702400207519531 -0.000423431396484384
-0.0350341796875 -0.135902404785156 0.0340118408203125 -0.00572395324707032
-0.0827713012695313 -0.084503173828125 0.0184783935546875 0.0111980438232422
-0.106277465820312 -0.0162277221679688 0.0282382965087891 0.0150966644287109
-0.0821762084960938 0.04052734375 0.037445068359375 -0.00421142578125
-0.0458602905273438 0.0912017822265625 0.0317859649658203 -0.0138282775878906
-0.00337982177734374 0.0950546264648437 0.0235233306884766 -0.0253868103027344
-0.00498962402343749 0.0861587524414062 0.0240459442138672 -0.0279731750488281
-0.00994110107421875 0.0983200073242188 0.0287342071533203 -0.0232086181640625
-0.0372848510742187 0.0941314697265625 0.0353927612304688 -0.00889587402343749
-0.0744400024414063 0.0596923828125 0.0404853820800781 -0.0018157958984375
-0.101097106933594 0.0186767578125 0.0393447875976562 0.0237274169921875
-0.0889511108398438 -0.0647964477539063 0.0300559997558594 0.0629119873046875
-0.0418014526367188 -0.124519348144531 -0.00996017456054687 0.0700340270996094
-0.011627197265625 -0.143310546875 -0.0550880432128906 0.0639076232910156
-0.0104217529296875 -0.151077270507813 0.0632133483886719 -0.0411224365234375
-0.056427001953125 -0.125442504882813 0.0180625915527344 -0.0255451202392578
-0.0903396606445313 -0.0623016357421875 0.0144758224487305 0.0116415023803711
-0.0955581665039063 0.0034637451171875 0.0403327941894531 0.01025390625
-0.063507080078125 0.0479736328125 0.0472946166992187 -0.0212287902832031
-0.0258255004882812 0.08447265625 0.0332756042480469 -0.0413551330566406
0.009033203125 0.0805587768554688 0.0135841369628906 -0.0577354431152344
0.00482940673828126 0.0736770629882813 0.00887680053710937 -0.059967041015625
0.00138092041015626 0.0852127075195313 0.0177993774414062 -0.0561981201171875
-0.0219802856445313 0.0834884643554688 0.0372848510742188 -0.0413703918457031
-0.0581893920898437 0.0571517944335938 0.0493850708007812 -0.0250015258789062
-0.0864181518554688 0.0243148803710937 0.0497665405273437 0.0116004943847656
-0.0840301513671875 -0.0511398315429687 0.032196044921875 0.0509719848632813
-0.0482330322265625 -0.114753723144531 -0.0173149108886719 0.0380935668945312
-0.0208740234375 -0.142288208007813 -0.0460472106933594 0.0164260864257812
-0.0231094360351562 -0.128616333007813 0.0546493530273438 -0.08135986328125
-0.0602188110351563 -0.0991744995117188 0.00325775146484375 -0.0468215942382813
-0.0812454223632813 -0.0378799438476562 0.00818300247192382 0.00574207305908203
-0.0724105834960938 0.0170440673828125 0.0440597534179688 0.000560760498046876
-0.0390434265136719 0.046417236328125 0.0471458435058594 -0.0367012023925781
-0.00516128540039062 0.0662155151367188 0.0264472961425781 -0.0641098022460938
0.0183219909667969 0.0545730590820313 -0.000274658203125006 -0.0806655883789063
0.0133743286132813 0.0501480102539063 -0.0072021484375 -0.0825653076171875
0.0115585327148438 0.0577812194824219 0.00605010986328124 -0.079742431640625
-0.00158309936523438 0.0577812194824219 0.0358963012695313 -0.0649337768554688
-0.0298538208007813 0.0449447631835937 0.0518226623535156 -0.0401535034179688
-0.0537757873535156 0.0282554626464844 0.0527191162109375 0.00188827514648438
-0.0656890869140625 -0.0248222351074219 0.0285797119140625 0.0371818542480469
-0.0495986938476562 -0.082916259765625 -0.0251064300537109 0.00835609436035155
-0.0315170288085938 -0.117874145507813 -0.0390777587890625 -0.0266571044921875
-0.0282135009765625 -0.0867919921875 0.0484771728515625 -0.114509582519531
-0.0497817993164062 -0.0602874755859375 -0.00497055053710938 -0.0670661926269531
-0.0561141967773437 -0.0135154724121094 0.000638961791992183 -0.00609397888183594
-0.0394325256347656 0.0226783752441406 0.0397796630859375 -0.0122337341308594
-0.0116653442382813 0.0347766876220703 0.0388145446777344 -0.0484733581542969
0.012176513671875 0.0372810363769531 0.01458740234375 -0.0777587890625
0.0237369537353516 0.0208835601806641 -0.015350341796875 -0.0918045043945313
0.0202617645263672 0.0186347961425781 -0.0223617553710937 -0.092620849609375
0.0205974578857422 0.0207233428955078 -0.00502777099609375 -0.0906295776367188
0.0209827423095703 0.0242977142333984 0.0309829711914062 -0.07598876953125
0.00557708740234375 0.0291748046875 0.0479545593261719 -0.0457038879394531
-0.0135650634765625 0.0322933197021484 0.0492057800292969 -0.00278854370117187
-0.0413703918457031 0.00977325439453125 0.0194988250732422 0.024169921875
-0.0502052307128906 -0.0377616882324219 -0.0324211120605469 -0.0153980255126953
-0.0430068969726563 -0.0766448974609375 -0.0349960327148438 -0.0599021911621094
0.0524101257324219 0.0128746032714844 0.0543212890625 0.0656852722167969
0.0615158081054688 -0.0305404663085938 0.0467376708984375 0.0202140808105469
0.00766372680664063 -0.0599174499511719 -0.00456428527832031 -0.0215015411376953
-0.0353851318359375 -0.0393753051757813 -0.0465621948242188 0.00191497802734374
-0.041656494140625 -0.00956344604492188 -0.0405006408691406 0.0394859313964844
-0.0426101684570313 0.0162696838378906 -0.0172271728515625 0.07586669921875
-0.0275096893310547 0.0281543731689453 0.0184783935546875 0.0869293212890625
-0.0275096893310547 0.01953125 0.0348434448242187 0.0820846557617188
-0.034454345703125 0.0136222839355469 0.0265350341796875 0.0790481567382813
-0.03192138671875 -0.00300598144531249 -0.00182342529296875 0.0738601684570313
-0.0151920318603516 -0.0195941925048828 -0.0177268981933594 0.0527915954589844
0.00224685668945313 -0.0221385955810547 -0.0200843811035156 0.0292854309082031
0.0254497528076172 -0.00638389587402344 -0.00500679016113281 0.0329933166503906
0.0336360931396484 0.0253620147705078 0.00485992431640626 0.0910110473632813
0.0149993896484375 0.0430450439453125 -0.0701446533203125 0.1309814453125
0.0531387329101563 -0.0371971130371094 0.0635185241699219 0.0664901733398438
0.0488662719726563 -0.0710678100585938 0.0513763427734375 0.0216445922851563
-0.0143890380859375 -0.0836639404296875 0.00643253326416015 -0.0134696960449219
-0.0650367736816406 -0.0457344055175781 -0.0292301177978516 0.00520706176757812
-0.0668792724609375 0.00210571289062501 -0.0228691101074219 0.0314197540283203
-0.0559158325195313 0.0455741882324219 -0.00413894653320313 0.0612983703613281
-0.0262031555175781 0.0591926574707031 0.0252151489257813 0.0681076049804688
-0.0255355834960938 0.0482292175292969 0.0411567687988281 0.0636520385742188
-0.0329208374023437 0.0471534729003906 0.0363731384277344 0.0642585754394531
-0.0407676696777344 0.0314674377441406 0.0126876831054688 0.0663490295410156
-0.0394859313964844 0.00412750244140626 -0.00167083740234375 0.0511054992675781
-0.0334529876708984 -0.0135650634765625 -0.00612258911132813 0.0373306274414063
-0.00841140747070312 -0.0278968811035156 0.0037994384765625 0.0502090454101563
0.0142765045166016 -0.0223445892333984 0.00511932373046876 0.103141784667969
0.011042594909668 -0.0130634307861328 -0.06817626953125 0.140510559082031
0.0446243286132813 -0.0839004516601563 0.072021484375 0.0538406372070313
0.0273666381835938 -0.102996826171875 0.0532608032226563 0.01629638671875
-0.0365524291992187 -0.0956878662109375 0.0145788192749023 -0.00534629821777344
-0.087005615234375 -0.0449295043945312 -0.00865697860717774 0.0084843635559082
-0.0830307006835938 0.013824462890625 -0.000164031982421881 0.0210189819335938
-0.0607337951660156 0.0680274963378906 0.00984573364257812 0.0392646789550781
-0.0206985473632812 0.0820693969726563 0.0292282104492188 0.0395965576171875
-0.0200424194335938 0.0708084106445313 0.0413017272949219 0.0356369018554688
-0.0266647338867188 0.075164794921875 0.0399513244628906 0.0391426086425781
-0.0444869995117188 0.0631065368652344 0.024932861328125 0.0484046936035156
-0.0602493286132812 0.0283393859863281 0.0157203674316406 0.0401496887207031
-0.0662994384765625 -0.00218200683593751 0.0101814270019531 0.039276123046875
-0.0435256958007813 -0.047943115234375 0.0144157409667969 0.063232421875
-0.00662231445312499 -0.06817626953125 0.00298309326171876 0.104530334472656
0.00463104248046874 -0.0673332214355469 -0.063934326171875 0.1314697265625
0.0265960693359375 -0.119819641113281 0.0776443481445313 0.0300140380859375
-0.003021240234375 -0.122779846191406 0.0487937927246094 0.00644683837890624
-0.0598678588867188 -0.0933074951171875 0.0200767517089844 0.00243568420410156
-0.0998001098632813 -0.0330810546875 0.0125732421875 0.0125093460083008
-0.0859298706054688 0.0271759033203125 0.0218639373779297 0.00806808471679688
-0.0557174682617188 0.0824813842773438 0.0238590240478516 0.0118026733398438
-0.0118179321289062 0.09246826171875 0.0287837982177734 0.00481796264648438
-0.0120468139648437 0.0822372436523438 0.034942626953125 0.00200080871582032
-0.017608642578125 0.0917739868164063 0.0373649597167969 0.00666046142578126
-0.0416336059570313 0.0843353271484375 0.0336856842041016 0.0205097198486328
-0.070404052734375 0.0483856201171875 0.0313377380371094 0.0205421447753906
-0.0893173217773438 0.00984954833984373 0.0277194976806641 0.0347270965576172
-0.07086181640625 -0.0597686767578125 0.0248756408691406 0.0669784545898438
-0.0265655517578125 -0.102554321289063 -0.000419616699218754 0.0929641723632813
-0.00422668457031251 -0.109695434570313 -0.0577926635742188 0.105247497558594
0.00382995605468749 -0.140670776367188 0.0762481689453125 -0.00180053710937501
-0.0350494384765625 -0.126419067382813 0.0378532409667969 -0.00770187377929688
-0.079345703125 -0.0777740478515625 0.0207614898681641 0.00813674926757812
-0.100906372070313 -0.0129547119140625 0.0306663513183594 0.0124835968017578
-0.0763092041015625 0.039825439453125 0.0392494201660156 -0.00737380981445312
-0.0405807495117188 0.0862503051757813 0.0322895050048828 -0.0179023742675781
-0.000129699707031247 0.0892257690429688 0.0228595733642578 -0.0293560028076172
-0.00200653076171875 0.0815505981445313 0.0224037170410156 -0.0318222045898437
-0.00588989257812501 0.0929641723632813 0.0287094116210938 -0.0273113250732422
-0.0320587158203125 0.0897750854492188 0.0373992919921875 -0.012451171875
-0.0682945251464844 0.0578193664550781 0.0436515808105469 -0.00372695922851562
-0.0947113037109375 0.0205841064453125 0.04296875 0.023284912109375
-0.0841751098632813 -0.0590896606445312 0.0336723327636719 0.0610580444335937
-0.0423965454101563 -0.11614990234375 -0.00565719604492187 0.0697288513183594
-0.0148086547851563 -0.132728576660156 -0.0510902404785156 0.0660400390625
-0.016448974609375 -0.1416015625 0.0685386657714844 -0.0387763977050781
-0.058807373046875 -0.115493774414063 0.0228061676025391 -0.0242958068847656
-0.0874404907226563 -0.0543746948242188 0.0177783966064453 0.00900077819824218
-0.0893402099609375 0.00760650634765626 0.0418624877929687 0.00767898559570313
-0.0573463439941406 0.0478096008300781 0.0478858947753906 -0.0231399536132812
-0.0203781127929687 0.0786209106445313 0.0325889587402344 -0.0437660217285156
0.0119171142578125 0.0730743408203125 0.0121612548828125 -0.0585670471191406
0.00795745849609374 0.0680007934570313 0.00742721557617188 -0.0608634948730469
0.005462646484375 0.0784072875976562 0.0167999267578125 -0.0577201843261719
-0.01593017578125 0.0778045654296875 0.03759765625 -0.0431327819824219
-0.0515556335449219 0.0552902221679688 0.0504913330078125 -0.0263900756835937
-0.0785675048828125 0.026763916015625 0.0519027709960938 0.0101966857910156
-0.0798492431640625 -0.0448455810546875 0.0349617004394531 0.0490760803222656
-0.049896240234375 -0.105354309082031 -0.0139389038085937 0.0398483276367187
-0.0257644653320313 -0.131553649902344 -0.0427818298339844 0.0211410522460937
-0.0299072265625 -0.121681213378906 0.058349609375 -0.0760269165039063
-0.064910888671875 -0.089752197265625 0.00777816772460937 -0.0429191589355469
-0.0794830322265625 -0.030029296875 0.0113363265991211 0.00364494323730469
-0.0662269592285156 0.0215301513671875 0.0445098876953125 -0.00130081176757812
-0.031768798828125 0.0463104248046875 0.0457344055175781 -0.0376396179199219
0.000106811523437495 0.060333251953125 0.0251274108886719 -0.0638694763183594
0.0214462280273438 0.0471878051757813 -0.00231933593749999 -0.07830810546875
0.0160713195800781 0.0442771911621094 -0.00926971435546874 -0.0804595947265625
0.0148582458496094 0.051025390625 0.00446319580078125 -0.0786972045898438
0.00342941284179688 0.0521354675292969 0.0345840454101562 -0.0650367736816406
-0.0236396789550781 0.043365478515625 0.0511016845703125 -0.0408058166503906
-0.0469932556152344 0.0306472778320312 0.0535392761230469 0.00111007690429688
-0.0616836547851563 -0.018646240234375 0.0302314758300781 0.0355949401855469
-0.052825927734375 -0.0744171142578125 -0.0223731994628906 0.0114059448242187
-0.0386962890625 -0.107734680175781 -0.0381851196289063 -0.0196495056152344
-0.0353012084960938 -0.0836410522460938 0.0503082275390625 -0.107444763183594
-0.0547676086425781 -0.0543670654296875 -0.00164413452148438 -0.062042236328125
-0.0565452575683594 -0.00722503662109375 0.00351905822753906 -0.00743579864501953
-0.0356903076171875 0.0272712707519531 0.0382270812988281 -0.0144729614257812
-0.00699615478515625 0.0357933044433594 0.0354347229003906 -0.0487213134765625
0.0173549652099609 0.0334243774414063 0.0118255615234375 -0.0753173828125
0.0259017944335937 0.0152511596679687 -0.0176620483398438 -0.086700439453125
0.0219841003417969 0.0134239196777344 -0.0239410400390625 -0.0881805419921875
0.0229511260986328 0.0148792266845703 -0.00746917724609375 -0.0865325927734375
0.0247459411621094 0.0184116363525391 0.029052734375 -0.0746002197265625
0.0111579895019531 0.0268535614013672 0.0463104248046875 -0.0447998046875
-0.00750923156738281 0.0333518981933594 0.0483016967773438 -0.00324630737304687
-0.0380744934082031 0.0145606994628906 0.0212650299072266 0.0233383178710938
-0.0534324645996094 -0.0297660827636719 -0.0312347412109375 -0.0100135803222656
-0.0496711730957031 -0.0695037841796875 -0.0371360778808594 -0.0509071350097656
0.0573844909667969 0.010955810546875 0.0550498962402344 0.0575637817382812
0.0631370544433594 -0.0365333557128906 0.0465240478515625 0.0141563415527344
0.00326538085937499 -0.0637969970703125 -0.00494384765625 -0.0228538513183594
-0.040252685546875 -0.0393028259277344 -0.0463829040527344 0.00194931030273438
-0.0450210571289063 -0.00769042968749999 -0.0396461486816406 0.0380706787109375
-0.043670654296875 0.0209274291992188 -0.0168914794921875 0.07354736328125
-0.0274543762207031 0.0333328247070312 0.0187225341796875 0.0836334228515625
-0.0281105041503906 0.0235137939453125 0.0344772338867188 0.0780105590820313
-0.0358428955078125 0.0189208984375 0.027130126953125 0.0751571655273437
-0.0360298156738281 -0.000679016113281254 -0.000236511230468758 0.0712738037109375
-0.019378662109375 -0.02069091796875 -0.0146903991699219 0.0525894165039063
0.000236511230468753 -0.0266857147216797 -0.0180606842041016 0.0307979583740234
0.0287570953369141 -0.011199951171875 -0.0072021484375 0.0343036651611328
0.040740966796875 0.0226402282714844 0.00165557861328126 0.0883407592773437
0.0226364135742188 0.0436897277832031 -0.07244873046875 0.126373291015625
0.0576400756835937 -0.0369949340820313 0.0657005310058594 0.0583572387695313
0.0513153076171875 -0.0748367309570313 0.0521697998046875 0.0159950256347656
-0.0160903930664063 -0.0858306884765625 0.00666713714599609 -0.0158119201660156
-0.0688323974609375 -0.0455856323242187 -0.0282821655273438 0.00378990173339844
-0.0696754455566406 0.00372314453124999 -0.0216922760009766 0.0291557312011719
-0.0567207336425781 0.0490188598632812 -0.00415039062500001 0.0582046508789063
-0.0265045166015625 0.0619888305664063 0.0246200561523438 0.0629425048828125
-0.0255661010742188 0.0512313842773438 0.0405464172363281 0.0581512451171875
-0.0337333679199219 0.0510978698730469 0.0366325378417969 0.0591011047363281
-0.0432853698730469 0.0329017639160156 0.0150184631347656 0.0629158020019531
-0.042144775390625 0.00239944458007813 0.00185394287109374 0.0497970581054688
-0.0335254669189453 -0.0165557861328125 -0.00339889526367188 0.0384712219238281
-0.00441169738769531 -0.0310516357421875 0.00354766845703125 0.0518913269042969
0.0221424102783203 -0.0229549407958984 0.0037994384765625 0.101203918457031
0.0179405212402344 -0.00946426391601563 -0.0682907104492187 0.137283325195313
0.0482177734375 -0.0808486938476563 0.0770416259765625 0.046966552734375
0.0300750732421875 -0.103759765625 0.0547904968261719 0.0107078552246094
-0.0362091064453125 -0.0974655151367188 0.0158405303955078 -0.00863933563232423
-0.0885086059570313 -0.0449905395507813 -0.00716400146484376 0.00679731369018554
-0.08416748046875 0.013427734375 0.0011301040649414 0.0171499252319336
-0.0613594055175781 0.069549560546875 0.0102558135986328 0.0345363616943359
-0.0208053588867188 0.082000732421875 0.0283870697021484 0.0334968566894531
-0.020172119140625 0.0711135864257813 0.0404167175292969 0.0301284790039063
-0.0269088745117188 0.0765762329101563 0.0406341552734375 0.0331001281738281
-0.0452995300292969 0.0626602172851563 0.0277557373046875 0.0437889099121094
-0.0609970092773437 0.026702880859375 0.01934814453125 0.0383987426757813
-0.0649642944335938 -0.00446319580078124 0.013916015625 0.0409011840820313
-0.0382843017578125 -0.0494461059570313 0.0154228210449219 0.0645675659179688
-0.000423431396484377 -0.0663223266601563 0.00353240966796875 0.103805541992188
0.00975799560546874 -0.0623359680175781 -0.0627670288085938 0.129776000976563
0.0288009643554688 -0.114547729492188 0.083099365234375 0.025177001953125
-0.000404357910156251 -0.120246887207031 0.0521392822265625 0.00151062011718749
-0.0575103759765625 -0.0938949584960937 0.0213298797607422 -0.00120925903320313
-0.0984954833984375 -0.0331039428710938 0.0138721466064453 0.00953102111816406
-0.0856094360351562 0.0263137817382813 0.0237331390380859 0.00393104553222656
-0.0558242797851563 0.0811767578125 0.0239887237548828 0.00599098205566407
-0.0119247436523437 0.0897750854492187 0.0278415679931641 3.05175781250055E-05
-0.011810302734375 0.0808181762695312 0.0337963104248047 -0.00357246398925781
-0.0168533325195313 0.0902938842773438 0.0374641418457031 0.000713348388671881
-0.0408401489257812 0.08184814453125 0.0361900329589844 0.0155525207519531
-0.0700531005859375 0.0463943481445313 0.03582763671875 0.0181427001953125
-0.08642578125 0.00839233398437502 0.0322017669677734 0.0345973968505859
-0.0653457641601562 -0.0595970153808594 0.02728271484375 0.0678672790527344
-0.02191162109375 -0.099609375 0.00199890136718751 0.0926361083984375
-0.00099945068359376 -0.103553771972656 -0.0547561645507812 0.105735778808594
0.00452423095703125 -0.133750915527344 0.0834732055664063 -0.00489807128906251
-0.0333480834960938 -0.12109375 0.0423431396484375 -0.0110054016113281
-0.0761260986328125 -0.0755996704101563 0.0228977203369141 0.00455474853515625
-0.0976181030273438 -0.0121231079101563 0.0322818756103516 0.0098419189453125
-0.0738449096679688 0.0380172729492188 0.0414657592773438 -0.0109634399414062
-0.0394668579101563 0.0828094482421875 0.0328807830810547 -0.0224971771240234
0.000221252441406254 0.084747314453125 0.0219535827636719 -0.0335674285888672
-0.00118255615234374 0.0784988403320312 0.0213699340820312 -0.036468505859375
-0.00501251220703125 0.0899658203125 0.0291481018066406 -0.0323162078857422
-0.0296173095703125 0.086181640625 0.0400047302246094 -0.0166130065917969
-0.0657501220703125 0.0565338134765625 0.0467910766601563 -0.00621795654296875
-0.0900802612304687 0.0201263427734375 0.0473251342773438 0.0227241516113281
-0.0799789428710938 -0.057586669921875 0.0364112854003906 0.0608787536621094
-0.0397415161132813 -0.111274719238281 -0.00274276733398438 0.0698394775390625
-0.0142669677734375 -0.125213623046875 -0.0468635559082031 0.0681800842285156
-0.0193099975585938 -0.13458251953125 0.0761642456054688 -0.0386505126953125
-0.0586776733398438 -0.107353210449219 0.0280017852783203 -0.0255050659179688
-0.084136962890625 -0.0500335693359375 0.0204849243164063 0.00687599182128906
-0.0844192504882813 0.0095062255859375 0.0428352355957031 0.00506591796875
-0.05255126953125 0.0456085205078125 0.0491790771484375 -0.0255279541015625
-0.017364501953125 0.0735244750976563 0.0325660705566406 -0.047637939453125
0.0122871398925781 0.0672798156738281 0.0112724304199219 -0.0611610412597656
0.00853347778320312 0.0632095336914063 0.00615692138671875 -0.0633468627929688
0.00634765625 0.0732650756835938 0.0161857604980469 -0.06085205078125
-0.01300048828125 0.072479248046875 0.0396385192871094 -0.0460624694824219
-0.0473518371582031 0.0534629821777344 0.0528526306152344 -0.0288352966308594
-0.0737991333007813 0.0268478393554688 0.0548439025878906 0.00972747802734375
-0.0757064819335938 -0.041015625 0.0386466979980469 0.0479621887207031
-0.050079345703125 -0.0992202758789062 -0.009796142578125 0.0405197143554687
-0.0276718139648438 -0.123138427734375 -0.0399284362792969 0.0255470275878906
-0.0352783203125 -0.116004943847656 0.065093994140625 -0.07281494140625
-0.0669403076171875 -0.0825271606445312 0.0136909484863281 -0.0415573120117188
-0.0776519775390625 -0.0240097045898438 0.014042854309082 0.00185775756835937
-0.0619697570800781 0.0252609252929688 0.0449333190917969 -0.00359344482421875
-0.0269966125488281 0.0447006225585938 0.0460777282714844 -0.0388526916503906
0.00384521484375 0.0550498962402344 0.02490234375 -0.0661392211914063
0.02239990234375 0.0412101745605469 -0.00360107421874999 -0.0783920288085938
0.0172271728515625 0.0390396118164063 -0.010009765625 -0.0799179077148438
0.0163841247558594 0.04547119140625 0.00411987304687501 -0.0791015625
0.00648880004882812 0.0462913513183594 0.03509521484375 -0.0663070678710938
-0.018341064453125 0.0404014587402344 0.052154541015625 -0.0414047241210938
-0.0403709411621094 0.0303802490234375 0.0549278259277344 -0.000579833984374998
-0.0571136474609375 -0.0140762329101563 0.0328769683837891 0.0349235534667969
-0.0538291931152344 -0.06707763671875 -0.0192108154296875 0.0146598815917969
-0.0427398681640625 -0.1005859375 -0.0365524291992188 -0.0132675170898438
-0.0417404174804688 -0.0814208984375 0.0550003051757813 -0.102577209472656
-0.0595817565917969 -0.0494194030761719 0.00377273559570313 -0.0599899291992187
-0.0576248168945313 -0.00263977050781249 0.0057229995727539 -0.00900840759277344
-0.0330677032470703 0.0313663482666016 0.0381546020507813 -0.0155982971191406
-0.0022125244140625 0.0355987548828125 0.0344429016113281 -0.0481224060058594
0.021148681640625 0.0289554595947266 0.010894775390625 -0.0742950439453125
0.0268974304199219 0.00978469848632813 -0.0174484252929688 -0.0843658447265625
0.0224628448486328 0.00902938842773438 -0.0243606567382813 -0.0849761962890625
0.0236339569091797 0.00903701782226563 -0.00732421875000001 -0.0849380493164063
0.0268955230712891 0.0125770568847656 0.0287322998046875 -0.073577880859375
0.0156192779541016 0.0236892700195313 0.0466461181640625 -0.0447845458984375
-0.00150871276855469 0.0333690643310547 0.0483665466308594 -0.00371551513671875
-0.0344657897949219 0.0197734832763672 0.0221271514892578 0.0228557586669922
-0.0556182861328125 -0.0227508544921875 -0.0295486450195313 -0.00553321838378907
-0.0554885864257812 -0.06256103515625 -0.0367851257324219 -0.0428428649902344
0.0630111694335938 0.00705718994140625 0.0546340942382813 0.0512123107910156
0.0637588500976562 -0.0447731018066406 0.0454902648925781 0.0089111328125
-0.00133132934570312 -0.0678863525390625 -0.00688934326171875 -0.0243015289306641
-0.0461540222167969 -0.0386772155761719 -0.0470008850097656 0.00184631347656249
-0.0495452880859375 -0.00370025634765625 -0.0403518676757813 0.0378036499023438
-0.045135498046875 0.0272865295410156 -0.0169677734375 0.07318115234375
-0.0268325805664063 0.0386199951171875 0.0179901123046875 0.0819473266601563
-0.0279579162597656 0.0292167663574219 0.0349044799804688 0.075408935546875
-0.0373001098632813 0.0251350402832031 0.0274810791015625 0.0731201171875
-0.0400657653808594 0.00368499755859376 0.00137710571289062 0.0700492858886719
-0.0249614715576172 -0.0219612121582031 -0.0132827758789063 0.0528564453125
-0.00310897827148438 -0.0299854278564453 -0.0169467926025391 0.0325031280517578
0.0315971374511719 -0.0164127349853516 -0.0081939697265625 0.0369987487792969
0.0489501953125 0.0185279846191406 -0.00194549560546875 0.0891036987304688
0.0309219360351563 0.04241943359375 -0.07684326171875 0.125709533691406
0.0639457702636719 -0.0394020080566406 0.0672531127929687 0.0505943298339844
0.0530471801757812 -0.0819091796875 0.0516357421875 0.00953674316406249
-0.0192947387695313 -0.0908660888671875 0.00566864013671875 -0.0186290740966797
-0.0737838745117188 -0.0457534790039062 -0.0279178619384766 0.00194168090820312
-0.0737533569335938 0.00587463378906248 -0.0211048126220703 0.0269222259521484
-0.0576820373535156 0.0543289184570313 -0.00476837158203125 0.0556297302246094
-0.025604248046875 0.0663909912109375 0.0239219665527344 0.0600433349609375
-0.0259971618652344 0.0551414489746094 0.0398521423339844 0.053863525390625
-0.0348701477050781 0.0560455322265625 0.0368537902832031 0.0546073913574219
-0.0464706420898438 0.0356597900390625 0.0174789428710938 0.0594596862792969
-0.0466156005859375 0.00148391723632812 0.00529479980468749 0.0485801696777344
-0.0352287292480469 -0.020965576171875 -0.000240325927734379 0.0404205322265625
-0.000286102294921876 -0.0365257263183594 0.00341415405273437 0.0545616149902344
0.0298957824707031 -0.0258159637451172 0.00180053710937501 0.102210998535156
0.0261917114257813 -0.00872039794921875 -0.069427490234375 0.137001037597656
0.053955078125 -0.0804214477539063 0.081298828125 0.0384902954101562
0.032684326171875 -0.108345031738281 0.0557136535644531 0.00405120849609374
-0.0374526977539063 -0.101089477539063 0.0155029296875 -0.011810302734375
-0.0917282104492188 -0.0456008911132813 -0.00656843185424805 0.004058837890625
-0.0871505737304688 0.0155792236328125 0.00214672088623046 0.0135555267333984
-0.0625991821289062 0.0727615356445313 0.00984001159667968 0.0304088592529297
-0.0207138061523437 0.0850372314453125 0.0268058776855469 0.0291671752929688
-0.0206375122070313 0.0740966796875 0.0386276245117188 0.0243415832519531
-0.0277557373046875 0.079437255859375 0.0403022766113281 0.0276412963867188
-0.0475120544433594 0.0639305114746094 0.0304183959960937 0.0390548706054688
-0.0629806518554688 0.0259590148925781 0.02398681640625 0.0359916687011719
-0.0657958984375 -0.00765609741210939 0.0188331604003906 0.0412063598632813
-0.0348091125488281 -0.0531806945800781 0.0175666809082031 0.0668296813964844
0.00590896606445313 -0.0682029724121094 0.00424194335937501 0.104698181152344
0.016632080078125 -0.0599517822265625 -0.0620880126953125 0.130859375
0.0328140258789063 -0.111846923828125 0.0904159545898438 0.0177993774414062
0.00212097167968751 -0.120872497558594 0.054901123046875 -0.00464630126953126
-0.0570907592773437 -0.0949783325195313 0.0226364135742187 -0.00496101379394532
-0.0991439819335938 -0.033966064453125 0.0158109664916992 0.00641632080078125
-0.086517333984375 0.0258026123046875 0.0250911712646484 -0.000207901000976561
-0.0560989379882813 0.0822525024414062 0.0237140655517578 0.00147628784179688
-0.0121307373046875 0.090667724609375 0.0260410308837891 -0.00564002990722656
-0.0117645263671875 0.0818099975585938 0.0321941375732422 -0.00958824157714843
-0.016876220703125 0.0910491943359375 0.0367698669433594 -0.00516891479492187
-0.0414657592773437 0.0823898315429688 0.0388832092285156 0.00984954833984376
-0.0706710815429688 0.045562744140625 0.040191650390625 0.0151214599609375
-0.085968017578125 0.00653839111328124 0.0380096435546875 0.0346336364746094
-0.062713623046875 -0.0618171691894531 0.0313186645507812 0.0688209533691406
-0.0179519653320313 -0.0992507934570313 0.00461578369140624 0.0942306518554688
0.00377655029296876 -0.0998764038085938 -0.0522003173828125 0.107536315917969
0.0052490234375 -0.129280090332031 0.0912094116210938 -0.010650634765625
-0.0315704345703125 -0.118576049804688 0.0467376708984375 -0.0158882141113281
-0.0740432739257812 -0.075286865234375 0.0248546600341797 0.000570297241210933
-0.0958786010742187 -0.0128173828125 0.0344352722167969 0.00660133361816406
-0.073028564453125 0.03643798828125 0.0430488586425781 -0.0153427124023438
-0.0389633178710938 0.0809173583984375 0.0325431823730469 -0.0282802581787109
-0.000297546386718751 0.0824508666992188 0.0201225280761719 -0.0388221740722656
-0.00151062011718751 0.0768890380859375 0.0193672180175781 -0.0412864685058594
-0.0048065185546875 0.087982177734375 0.0271186828613281 -0.0378227233886719
-0.028594970703125 0.0839080810546875 0.0419197082519531 -0.0224723815917969
-0.0643234252929687 0.0551185607910156 0.0506629943847656 -0.0101814270019531
-0.0875778198242188 0.0186691284179687 0.0523262023925781 0.0209541320800781
-0.0765533447265625 -0.0568923950195312 0.0406990051269531 0.0610542297363281
-0.037994384765625 -0.109130859375 0.000968933105468744 0.0711288452148438
-0.0125808715820312 -0.12042236328125 -0.0435943603515625 0.071533203125
-0.021148681640625 -0.129753112792969 0.084564208984375 -0.0417404174804688
-0.0586318969726563 -0.102348327636719 0.0337562561035156 -0.0283355712890625
-0.0821380615234375 -0.0467758178710937 0.0229721069335937 0.00280952453613281
-0.0808029174804688 0.010711669921875 0.0452919006347656 0.0023956298828125
-0.0497474670410156 0.0439300537109375 0.0505752563476563 -0.0296211242675781
-0.0161056518554688 0.06964111328125 0.0326499938964844 -0.0518074035644531
0.0117607116699219 0.062957763671875 0.00969314575195312 -0.064605712890625
0.00855636596679687 0.0603599548339844 0.00371932983398437 -0.0668525695800781
0.006805419921875 0.0694503784179688 0.0152511596679687 -0.0648956298828125
-0.0110015869140625 0.0684738159179688 0.0399742126464844 -0.0511817932128906
-0.0442276000976563 0.0512619018554688 0.0551719665527344 -0.0323104858398438
-0.0692329406738281 0.0262794494628906 0.0586776733398437 0.007171630859375
-0.072265625 -0.038909912109375 0.0421943664550781 0.0473136901855469
-0.0496368408203125 -0.0946807861328125 -0.006134033203125 0.0422554016113281
-0.02947998046875 -0.117027282714844 -0.0363273620605469 0.0303153991699219
-0.0395278930664062 -0.111885070800781 0.0732192993164062 -0.073883056640625
-0.0698471069335937 -0.0766220092773438 0.0195426940917969 -0.042816162109375
-0.0768356323242188 -0.0192184448242187 0.0163230895996094 -0.00114917755126953
-0.0574264526367187 0.0281295776367188 0.0463790893554687 -0.00620269775390625
-0.0228424072265625 0.0439872741699219 0.0468940734863281 -0.041748046875
0.00656890869140625 0.0504188537597656 0.0244178771972656 -0.0688018798828125
0.0217552185058594 0.0357322692871094 -0.00469207763671875 -0.0801620483398438
0.0167236328125 0.0354957580566406 -0.0118026733398437 -0.08197021484375
0.0163154602050781 0.040008544921875 0.00229644775390624 -0.0816497802734375
0.00786209106445312 0.0399742126464844 0.0351715087890625 -0.0699005126953125
-0.0146865844726563 0.0369911193847656 0.0536880493164063 -0.0442237854003906
-0.0348472595214844 0.0301303863525391 0.05780029296875 -0.0014495849609375
-0.0535240173339844 -0.0101699829101562 0.0362739562988281 0.0335617065429688
-0.0550193786621094 -0.0603866577148438 -0.0162143707275391 0.0164327621459961
-0.0459671020507812 -0.092864990234375 -0.03387451171875 -0.00689125061035157
-0.0492477416992188 -0.0789413452148438 0.0622024536132812 -0.102439880371094
-0.0638198852539062 -0.0435791015625 0.00857162475585937 -0.0600700378417969
-0.0589179992675781 0.00348663330078125 0.00783538818359375 -0.0117406845092773
-0.0294456481933594 0.0356864929199219 0.0380325317382813 -0.0177841186523437
0.00286102294921875 0.0354728698730469 0.0340957641601563 -0.0491104125976563
0.0249385833740234 0.0240364074707031 0.0105438232421875 -0.07525634765625
0.0269927978515625 0.00353813171386719 -0.0185699462890625 -0.0836257934570313
0.0226364135742188 0.00403785705566406 -0.0256805419921875 -0.0846405029296875
0.0238838195800781 0.003692626953125 -0.00796508789062501 -0.0849685668945313
0.0285015106201172 0.00605583190917969 0.0288619995117188 -0.07550048828125
0.0199031829833984 0.0193710327148437 0.0475273132324219 -0.0460014343261719
0.00470733642578125 0.0328044891357422 0.050506591796875 -0.00436782836914062
-0.0302867889404297 0.0242557525634766 0.0241928100585937 0.0228233337402344
-0.0573768615722656 -0.0147056579589844 -0.0265960693359375 -0.00176239013671875
-0.0605430603027344 -0.0549850463867187 -0.03570556640625 -0.0353050231933594
0.0686988830566406 -2.288818359375E-05 0.0540695190429688 0.0426063537597656
0.0616912841796875 -0.0548171997070313 0.0429191589355469 0.00347900390625
-0.008758544921875 -0.0714492797851563 -0.00891685485839844 -0.0252723693847656
-0.0529365539550781 -0.0363616943359375 -0.0485954284667969 0.00253295898437499
-0.0536422729492188 0.00145339965820313 -0.0403022766113281 0.0386505126953125
-0.04400634765625 0.0352973937988281 -0.0167770385742188 0.074859619140625
-0.0231895446777344 0.0442314147949219 0.0191574096679688 0.0815048217773437
-0.0260677337646484 0.0349693298339844 0.0356292724609375 0.0731964111328125
-0.0354156494140625 0.0328598022460938 0.0285186767578125 0.0709991455078125
-0.0434761047363281 0.0104713439941406 0.00350189208984374 0.0678215026855469
-0.0313262939453125 -0.0197696685791016 -0.0105209350585938 0.0525856018066406
-0.00766944885253906 -0.0329761505126953 -0.0145530700683594 0.0344657897949219
0.0323371887207031 -0.0238056182861328 -0.00913238525390625 0.0404930114746094
0.056182861328125 0.011474609375 -0.00431823730468749 0.0913619995117188
0.0399284362792969 0.0395050048828125 -0.0794677734375 0.127777099609375
0.0697174072265625 -0.0447654724121094 0.0684738159179688 0.0411109924316406
0.0508041381835938 -0.091278076171875 0.0505943298339844 0.00269317626953124
-0.0261383056640625 -0.094451904296875 0.00400733947753906 -0.0211753845214844
-0.08038330078125 -0.0431594848632813 -0.0289115905761719 0.00181770324707031
-0.077789306640625 0.0114059448242188 -0.0211200714111328 0.0255641937255859
-0.0572547912597656 0.0614547729492187 -0.00532150268554688 0.0541305541992188
-0.0224838256835938 0.0721588134765625 0.0231246948242188 0.0578651428222656
-0.0246391296386719 0.0603866577148438 0.0386161804199219 0.0506515502929688
-0.0338859558105469 0.0619125366210938 0.0367546081542969 0.0498237609863281
-0.0492134094238281 0.04083251953125 0.019622802734375 0.0557022094726563
-0.051422119140625 0.00209426879882813 0.0097503662109375 0.0465812683105469
-0.0395736694335937 -0.0236778259277344 0.00420379638671875 0.0403175354003906
0.0011749267578125 -0.042572021484375 0.00632095336914063 0.0578765869140625
0.0363197326660156 -0.0320243835449219 0.00329589843749999 0.104736328125
0.0341529846191406 -0.0105476379394531 -0.0697479248046875 0.139137268066406
0.0594863891601563 -0.08367919921875 0.0833892822265625 0.0280380249023437
0.03240966796875 -0.115249633789063 0.0547599792480469 -0.00332641601562501
-0.0417556762695313 -0.1041259765625 0.0155601501464844 -0.0147829055786133
-0.0972824096679687 -0.0442047119140625 -0.00649452209472657 0.00182533264160156
-0.090301513671875 0.0188522338867188 0.00171470642089843 0.0102920532226563
-0.06243896484375 0.07861328125 0.00864410400390625 0.0276012420654297
-0.0186691284179688 0.0890655517578125 0.0243396759033203 0.0250797271728516
-0.0186843872070313 0.078155517578125 0.0366058349609375 0.0186004638671875
-0.0264968872070312 0.084503173828125 0.0382080078125 0.0210113525390625
-0.0479278564453125 0.0681114196777344 0.0322513580322266 0.0331306457519531
-0.0668411254882813 0.0266227722167969 0.0283985137939453 0.0320930480957031
-0.0680618286132812 -0.00933837890625001 0.0247764587402344 0.0400505065917969
-0.0328369140625 -0.0574798583984375 0.0220756530761719 0.0688743591308594
0.0103073120117187 -0.0723419189453125 0.00749206542968749 0.106536865234375
0.0226707458496094 -0.0603904724121094 -0.0597076416015625 0.13360595703125
0.0354232788085938 -0.112678527832031 0.0950164794921875 0.00659942626953124
0.00280761718750001 -0.124465942382812 0.0558929443359375 -0.0130348205566406
-0.058349609375 -0.0974655151367188 0.0221328735351562 -0.00980758666992188
-0.102523803710938 -0.0334701538085938 0.0164871215820312 0.00263404846191406
-0.0892257690429688 0.0270156860351562 0.0248870849609375 -0.00599288940429687
-0.056610107421875 0.084564208984375 0.021575927734375 -0.00394058227539062
-0.0108261108398437 0.0918502807617188 0.0222816467285156 -0.0108127593994141
-0.0112457275390625 0.0838546752929688 0.02813720703125 -0.0159416198730469
-0.0151748657226563 0.0932388305664063 0.0343208312988281 -0.0121116638183594
-0.0412826538085938 0.083221435546875 0.0394668579101562 0.00304031372070313
-0.0721588134765625 0.0463638305664062 0.0434722900390625 0.00959777832031251
-0.086456298828125 0.00592803955078123 0.0428619384765625 0.0320320129394531
-0.0619049072265625 -0.0648918151855469 0.0373420715332031 0.070037841796875
-0.0152511596679688 -0.101348876953125 0.0088958740234375 0.0948715209960938
0.00765228271484374 -0.0982131958007812 -0.0478897094726562 0.111427307128906
0.00550079345703125 -0.126708984375 0.0985260009765625 -0.0193939208984375
-0.0318222045898437 -0.117149353027344 0.050079345703125 -0.0232810974121094
-0.0734329223632813 -0.0749893188476563 0.0260086059570313 -0.00329780578613282
-0.094879150390625 -0.0118865966796875 0.0358085632324219 0.00200271606445312
-0.0732650756835938 0.0359268188476562 0.0423431396484375 -0.0210113525390625
-0.0390472412109375 0.0810012817382813 0.0301742553710938 -0.0341777801513672
0.000862121582031257 0.0816497802734375 0.0160751342773438 -0.0423469543457031
-0.000122070312499999 0.076690673828125 0.0149421691894531 -0.0469741821289062
-0.00294494628906251 0.0868148803710938 0.0238113403320313 -0.0445556640625
-0.0282211303710937 0.0840988159179688 0.0423393249511719 -0.029541015625
-0.0634498596191406 0.0547599792480469 0.0533866882324219 -0.0166664123535156
-0.0865325927734375 0.0192337036132812 0.0575714111328125 0.0167007446289063
-0.0747222900390625 -0.0570907592773438 0.0466346740722656 0.0598373413085938
-0.0373916625976563 -0.108016967773438 0.0066986083984375 0.0724258422851563
-0.01129150390625 -0.116546630859375 -0.0380172729492187 0.07525634765625
-0.0236282348632813 -0.123779296875 0.0925445556640625 -0.049530029296875
-0.0592575073242187 -0.0973434448242188 0.0386772155761719 -0.0345115661621094
-0.0800247192382812 -0.04351806640625 0.0246009826660156 -0.00208282470703125
-0.077239990234375 0.01165771484375 0.0466461181640625 -0.0019683837890625
-0.0475082397460938 0.0417556762695313 0.0510368347167969 -0.0348434448242188
-0.0152473449707031 0.0667648315429688 0.0300636291503906 -0.0568733215332031
0.0113449096679688 0.0592269897460938 0.005645751953125 -0.0685691833496094
0.00846481323242188 0.0577507019042969 -0.000511169433593756 -0.0704803466796875
0.00681304931640625 0.0663719177246094 0.01177978515625 -0.0693778991699219
-0.0108757019042969 0.0656051635742188 0.0391883850097656 -0.0589332580566406
-0.0413360595703125 0.0492324829101562 0.0562973022460938 -0.037841796875
-0.0653648376464844 0.0263519287109375 0.0625419616699219 0.00242233276367188
-0.0694351196289063 -0.0367355346679688 0.0473709106445312 0.0449638366699219
-0.0502395629882812 -0.0896530151367188 -0.00114822387695313 0.0429267883300781
-0.0308990478515625 -0.110343933105469 -0.0310516357421875 0.0345439910888672
-0.0442962646484375 -0.105934143066406 0.0811004638671875 -0.07928466796875
-0.0721359252929688 -0.0693130493164063 0.02471923828125 -0.0466728210449219
-0.0750656127929688 -0.013458251953125 0.0187702178955078 -0.00600051879882813
-0.0524482727050781 0.0302505493164063 0.0475196838378906 -0.010589599609375
-0.0184059143066406 0.0423774719238281 0.0468711853027344 -0.0445213317871094
0.00855636596679688 0.0451736450195313 0.0232162475585938 -0.072601318359375
0.0207691192626953 0.0299053192138672 -0.00708007812499999 -0.0823745727539062
0.0158100128173828 0.0313301086425781 -0.0153350830078125 -0.0832290649414063
0.0152702331542969 0.0345916748046875 -0.000709533691406252 -0.0842056274414063
0.00868415832519531 0.0340709686279297 0.0336074829101563 -0.0745773315429688
-0.0109939575195313 0.03271484375 0.0537605285644531 -0.0490913391113281
-0.0296688079833984 0.0288162231445313 0.0605850219726563 -0.00497817993164062
-0.0493927001953125 -0.00612640380859376 0.0392227172851563 0.031097412109375
-0.0551414489746094 -0.052734375 -0.0123348236083984 0.0181789398193359
-0.0490341186523438 -0.084564208984375 -0.0298500061035156 -0.000953674316406255
-0.0568618774414063 -0.0735931396484375 0.0672683715820313 -0.105262756347656
-0.0693588256835938 -0.0349960327148437 0.0135917663574219 -0.0625839233398438
-0.0581779479980469 0.01025390625 0.00756359100341797 -0.0151224136352539
-0.0237770080566406 0.0391120910644531 0.0372467041015625 -0.0200767517089844
0.00836753845214844 0.0343704223632813 0.0328483581542969 -0.0512428283691406
0.0267124176025391 0.0184345245361328 0.00794982910156251 -0.0759963989257813
0.0257091522216797 -0.0029754638671875 -0.0200576782226562 -0.083465576171875
0.0212726593017578 -0.000928878784179688 -0.0282821655273437 -0.083953857421875
0.0218906402587891 -0.00185775756835938 -0.00876617431640624 -0.0855941772460938
0.028961181640625 -0.00172042846679688 0.0278472900390625 -0.077911376953125
0.0241184234619141 0.0141754150390625 0.0470352172851563 -0.048370361328125
0.0111885070800781 0.0305137634277344 0.05322265625 -0.0062103271484375
-0.0250205993652344 0.0282135009765625 0.0270442962646484 0.0217685699462891
-0.0577964782714844 -0.00642013549804687 -0.0229568481445313 0.000778198242187501
-0.06451416015625 -0.0457000732421875 -0.0326614379882813 -0.0279064178466797
0.070587158203125 -0.00936126708984375 0.0506019592285156 0.0337295532226563
0.0558891296386719 -0.0644340515136719 0.0386848449707031 -0.000366210937500004
-0.0173797607421875 -0.0710906982421875 -0.0116481781005859 -0.0256252288818359
-0.0602531433105469 -0.0293693542480469 -0.0478668212890625 0.00534439086914062
-0.0538597106933594 0.00920104980468751 -0.040191650390625 0.039398193359375
-0.0395278930664063 0.0419921875 -0.0141983032226563 0.0752639770507813
-0.0183296203613281 0.0498619079589844 0.0216903686523438 0.0806427001953125
-0.0220718383789063 0.039886474609375 0.0358123779296875 0.0706100463867188
-0.0327835083007812 0.0399169921875 0.0283546447753906 0.0678482055664063
-0.0449714660644531 0.0169754028320313 0.00539779663085938 0.0651893615722656
-0.0382194519042969 -0.0161323547363281 -0.00643539428710938 0.0511703491210938
-0.0136203765869141 -0.0340118408203125 -0.0110054016113281 0.0344982147216797
0.0307445526123047 -0.0315322875976563 -0.006805419921875 0.0448074340820313
0.0596733093261719 -0.000408172607421875 -0.00139617919921875 0.09320068359375
0.0485458374023438 0.0327682495117188 -0.0785980224609375 0.132743835449219
0.0712966918945313 -0.0535202026367187 0.0638771057128906 0.0292854309082031
0.0454940795898438 -0.099334716796875 0.0460777282714844 -0.00368118286132813
-0.033782958984375 -0.0953750610351563 0.00211334228515625 -0.0230960845947266
-0.0857086181640625 -0.038787841796875 -0.0294570922851563 0.00101470947265625
-0.0780258178710938 0.01708984375 -0.0216560363769531 0.0229454040527344
-0.0542030334472656 0.069122314453125 -0.00494003295898438 0.0530166625976563
-0.017364501953125 0.0765533447265625 0.0216064453125 0.056304931640625
-0.0198402404785156 0.0648193359375 0.0366287231445313 0.0454902648925781
-0.02874755859375 0.0697135925292969 0.0354576110839844 0.0441131591796875
-0.0490989685058594 0.0467453002929687 0.0207633972167969 0.0492630004882813
-0.0550804138183594 0.00421142578124999 0.0134124755859375 0.0444450378417969
-0.0443153381347656 -0.0255928039550781 0.00834655761718749 0.0401725769042969
0.000225067138671879 -0.0491905212402344 0.00971603393554688 0.0596427917480469
0.0415878295898438 -0.0402984619140625 0.005767822265625 0.105720520019531
0.0418052673339844 -0.0165252685546875 -0.065582275390625 0.142242431640625
0.0623779296875 -0.08831787109375 0.0829925537109375 0.0154342651367187
0.0284347534179688 -0.122581481933594 0.0509719848632813 -0.0108871459960938
-0.0492706298828125 -0.104866027832031 0.0121746063232422 -0.0189437866210938
-0.101402282714844 -0.0389251708984375 -0.00773620605468751 -0.00102424621582032
-0.0914077758789063 0.0246200561523437 0.00114631652832031 0.00609254837036133
-0.0587081909179688 0.0835189819335938 0.00688171386718749 0.0238380432128906
-0.0150070190429688 0.091705322265625 0.0197944641113281 0.0205898284912109
-0.015289306640625 0.0808029174804688 0.0317230224609375 0.0138568878173828
-0.0220413208007812 0.086273193359375 0.0361137390136719 0.0147361755371094
-0.0464248657226563 0.0717926025390625 0.0332069396972656 0.0255603790283203
-0.0697021484375 0.0294952392578125 0.0323143005371094 0.0265388488769531
-0.0707778930664062 -0.00919342041015624 0.030853271484375 0.0377426147460938
-0.0340538024902344 -0.0623703002929688 0.0265045166015625 0.0694732666015625
0.0121231079101563 -0.0787429809570313 0.0112838745117188 0.1070556640625
0.0284194946289063 -0.0614509582519531 -0.051910400390625 0.135292053222656
0.0380859375 -0.112472534179688 0.0949478149414063 -0.00679779052734376
0.00113677978515624 -0.126441955566406 0.0531501770019531 -0.0209541320800781
-0.0627822875976563 -0.099517822265625 0.0211563110351562 -0.0148696899414063
-0.103866577148437 -0.0298385620117188 0.0155305862426758 -0.00217151641845703
-0.089019775390625 0.0293350219726563 0.0231094360351562 -0.0109748840332031
-0.053985595703125 0.0889816284179687 0.0172643661499023 -0.00846481323242187
-0.0091552734375 0.0920944213867188 0.01629638671875 -0.0147771835327148
-0.00832366943359375 0.0832901000976563 0.0222415924072266 -0.0198650360107422
-0.013214111328125 0.0930557250976563 0.0297069549560547 -0.0171737670898437
-0.0383758544921875 0.0859298706054688 0.0395393371582031 -0.00577545166015624
-0.07122802734375 0.0474166870117187 0.0460586547851563 0.00237655639648438
-0.0863800048828125 0.00701141357421874 0.0484352111816406 0.0261383056640625
-0.0612449645996094 -0.0657958984375 0.0437469482421875 0.0666770935058594
-0.0144195556640625 -0.102439880371094 0.0158920288085937 0.0949478149414063
0.010772705078125 -0.0978469848632813 -0.0409393310546875 0.111801147460937
0.00688934326171876 -0.122589111328125 0.0994415283203125 -0.031158447265625
-0.0301742553710937 -0.114067077636719 0.0493659973144531 -0.0327796936035156
-0.072723388671875 -0.0745315551757813 0.0252780914306641 -0.0104713439941406
-0.0936737060546875 -0.0125961303710938 0.0358963012695312 -0.002777099609375
-0.0713653564453125 0.0359268188476562 0.0412063598632812 -0.027862548828125
-0.0366744995117188 0.0802459716796875 0.0259208679199219 -0.0396957397460937
-0.000648498535156254 0.07769775390625 0.00985336303710938 -0.0472602844238281
-0.000373840332031244 0.0741958618164063 0.00793838500976562 -0.0498504638671875
-0.00289154052734376 0.0847930908203125 0.0189323425292969 -0.0494537353515625
-0.0245895385742187 0.0818405151367187 0.0383644104003906 -0.03680419921875
-0.0620613098144531 0.05511474609375 0.054595947265625 -0.0243110656738281
-0.084747314453125 0.0205230712890625 0.0598526000976562 0.0111236572265625
-0.0753707885742188 -0.0566177368164062 0.0513153076171875 0.056121826171875
-0.0380477905273437 -0.107086181640625 0.0123672485351563 0.0708389282226563
-0.00852203369140624 -0.111381530761719 -0.0291748046875 0.075775146484375
-0.0257415771484375 -0.117790222167969 0.095977783203125 -0.0591049194335938
-0.058502197265625 -0.0906753540039063 0.0410079956054688 -0.0415763854980469
-0.0769119262695313 -0.0398178100585938 0.0257968902587891 -0.00797080993652344
-0.072479248046875 0.0124664306640625 0.0461235046386719 -0.00693130493164063
-0.0438690185546875 0.0409088134765625 0.0476036071777344 -0.0405616760253906
-0.0146217346191406 0.0631752014160156 0.0266952514648437 -0.0628890991210938
0.00962066650390626 0.0555076599121094 0.000614166259765629 -0.0702018737792969
0.007293701171875 0.0543785095214844 -0.0063934326171875 -0.0722427368164063
0.0068511962890625 0.0621452331542969 0.00461578369140625 -0.0731353759765625
-0.0100135803222656 0.0601310729980469 0.0344886779785156 -0.0642166137695313
-0.0385093688964844 0.0461082458496094 0.0552902221679687 -0.0454826354980469
-0.0604820251464844 0.025726318359375 0.06524658203125 -0.00295639038085937
-0.0657691955566406 -0.0342636108398437 0.0504150390625 0.0402755737304688
-0.047515869140625 -0.0858993530273437 0.00419998168945312 0.0401763916015625
-0.029754638671875 -0.102439880371094 -0.0239524841308594 0.037567138671875
-0.0481338500976562 -0.0976715087890625 0.0854568481445313 -0.0872116088867188
-0.0698051452636719 -0.0599708557128906 0.0279426574707031 -0.0534553527832031
-0.0710906982421875 -0.00830078125000001 0.0183753967285156 -0.0121231079101563
-0.0444450378417969 0.0316085815429687 0.0473289489746094 -0.0138053894042969
-0.015380859375 0.0382347106933594 0.0441741943359375 -0.0497970581054687
0.00921249389648437 0.0389289855957031 0.0168991088867188 -0.0742263793945313
0.0156440734863281 0.0269660949707031 -0.01123046875 -0.0830917358398438
0.0147953033447266 0.0257034301757813 -0.020904541015625 -0.0825347900390625
0.0129261016845703 0.0305938720703125 -0.00589752197265625 -0.0859909057617188
0.00799942016601563 0.0284252166748047 0.029998779296875 -0.07904052734375
-0.00956916809082031 0.0304298400878906 0.0531501770019531 -0.0529861450195313
-0.0232753753662109 0.0258293151855469 0.0618629455566406 -0.00925827026367188
-0.0439567565917969 -0.00299453735351562 0.0428276062011719 0.0261459350585938
-0.051849365234375 -0.043792724609375 -0.0058431625366211 0.0172519683837891
-0.0492935180664062 -0.0742416381835938 -0.0221538543701172 0.00301742553710937
-0.0628433227539063 -0.0643119812011719 0.0706024169921875 -0.109504699707031
-0.0696525573730469 -0.0252571105957031 0.0148124694824219 -0.0665245056152344
-0.0550155639648438 0.0191993713378906 0.00859260559082031 -0.0196609497070313
-0.0170669555664062 0.0396995544433594 0.0360107421875 -0.0238609313964844
0.0139026641845703 0.0311279296875 0.0304069519042969 -0.0530509948730469
0.0281772613525391 0.0131492614746094 0.004180908203125 -0.0767364501953125
0.0211448669433594 -0.00835990905761719 -0.0231170654296875 -0.0820770263671875
0.01885986328125 -0.00738716125488281 -0.0302886962890625 -0.0820236206054688
0.0168132781982422 -0.00825119018554688 -0.0131607055664062 -0.086669921875
0.0245361328125 -0.00773239135742188 0.025482177734375 -0.080108642578125
0.0262908935546875 0.00657272338867188 0.0452384948730469 -0.0510787963867187
0.0171108245849609 0.0254077911376953 0.0526542663574219 -0.00912094116210938
-0.0183277130126953 0.0313510894775391 0.0278263092041016 0.0193099975585938
-0.0530433654785156 0.00357437133789062 -0.0188941955566406 0.00417518615722657
-0.0652885437011719 -0.0347785949707031 -0.0266399383544922 -0.0208473205566406
0.0699615478515625 -0.0181159973144531 0.0427780151367188 0.0270271301269531
0.0459213256835938 -0.0698013305664063 0.0318546295166016 -0.00400352478027344
-0.0248146057128906 -0.0680046081542969 -0.0147991180419922 -0.0243644714355469
-0.0619888305664063 -0.0228042602539062 -0.0488052368164063 0.00675201416015625
-0.0529327392578125 0.0150260925292969 -0.0384025573730469 0.039398193359375
-0.03436279296875 0.046600341796875 -0.0117416381835938 0.0737228393554688
-0.0124244689941406 0.0515174865722656 0.020294189453125 0.0770034790039063
-0.0168571472167969 0.0420494079589844 0.0353202819824219 0.0670127868652344
-0.0258216857910156 0.0442390441894531 0.0276145935058594 0.0642509460449219
-0.0418777465820313 0.0237922668457031 0.00613784790039062 0.06201171875
-0.0404853820800781 -0.0121078491210937 -0.00529098510742187 0.0481224060058594
-0.0200366973876953 -0.0331134796142578 -0.00832939147949219 0.0340633392333984
0.0264167785644531 -0.0379867553710938 -0.00479888916015625 0.0456466674804688
0.0603103637695312 -0.00944137573242187 -0.00269317626953125 0.0940780639648437
0.0520668029785156 0.0246467590332031 -0.0774459838867187 0.131477355957031
0.0707473754882813 -0.0587539672851563 0.0583076477050781 0.0212593078613281
0.0376129150390625 -0.103019714355469 0.0390586853027344 -0.00725173950195313
-0.0404586791992188 -0.0918045043945312 -0.000951766967773442 -0.0236988067626953
-0.0876235961914063 -0.0309066772460938 -0.0301361083984375 0.000967025756835937
-0.0767288208007813 0.02362060546875 -0.0224723815917969 0.0211582183837891
-0.0476226806640625 0.0724258422851563 -0.0053253173828125 0.0510215759277344
-0.01226806640625 0.076873779296875 0.0187225341796875 0.0518035888671875
-0.0152473449707031 0.0661430358886719 0.033294677734375 0.0415306091308594
-0.0245437622070313 0.071502685546875 0.0319709777832031 0.04095458984375
-0.0464744567871094 0.0505104064941406 0.0190773010253906 0.0448532104492188
-0.059051513671875 0.00906372070312501 0.0144805908203125 0.0378494262695313
-0.0478286743164062 -0.02398681640625 0.0119171142578125 0.0366668701171875
-0.00274276733398438 -0.0545692443847656 0.0129280090332031 0.0593376159667969
0.0409889221191406 -0.0484085083007813 0.00791931152343749 0.104057312011719
0.0465316772460938 -0.0212135314941406 -0.0631561279296875 0.140342712402344
0.06134033203125 -0.0913314819335938 0.0757827758789062 0.00450897216796874
0.0231475830078125 -0.122085571289063 0.0449638366699219 -0.0172767639160156
-0.0531463623046875 -0.103813171386719 0.00827980041503906 -0.020660400390625
-0.102691650390625 -0.034332275390625 -0.00836515426635743 -0.00217485427856445
-0.08984375 0.0284347534179687 -0.00207734107971192 0.00218117237091065
-0.0534591674804688 0.0870819091796875 0.00396347045898437 0.0205898284912109
-0.0102691650390625 0.091094970703125 0.0152072906494141 0.0193290710449219
-0.0117568969726563 0.0808868408203125 0.0272903442382813 0.0108261108398438
-0.017791748046875 0.0885238647460938 0.0301971435546875 0.0107021331787109
-0.0451583862304688 0.0735244750976562 0.0296306610107422 0.0200157165527344
-0.0694694519042969 0.0307197570800781 0.0323410034179687 0.0201053619384766
-0.0721054077148438 -0.00913238525390624 0.0328483581542969 0.0311641693115234
-0.0343551635742187 -0.06591796875 0.0319366455078125 0.0659141540527344
0.014251708984375 -0.0825881958007813 0.016265869140625 0.104362487792969
0.03369140625 -0.0648841857910156 -0.048065185546875 0.132209777832031
0.037933349609375 -0.111724853515625 0.0900955200195313 -0.0178375244140625
-0.000915527343750011 -0.125747680664063 0.0486106872558594 -0.0282440185546875
-0.06365966796875 -0.0969085693359375 0.0165920257568359 -0.017542839050293
-0.103927612304687 -0.0282745361328125 0.0142860412597656 -0.0054922103881836
-0.088409423828125 0.0318450927734375 0.0190505981445312 -0.0153617858886719
-0.0500106811523438 0.0887069702148438 0.0133142471313477 -0.0115423202514648
-0.00730895996093749 0.0912551879882813 0.0107240676879883 -0.0164213180541992
-0.00627136230468751 0.0825653076171875 0.0147380828857422 -0.0219535827636719
-0.0101089477539063 0.0936813354492188 0.0229892730712891 -0.0210399627685547
-0.0373992919921875 0.0847549438476562 0.0337104797363281 -0.0115146636962891
-0.07159423828125 0.046905517578125 0.0443687438964844 -0.00479507446289062
-0.086639404296875 0.00601196289062499 0.0509529113769531 0.0194587707519531
-0.0598716735839844 -0.0673561096191406 0.0474166870117187 0.0619239807128906
-0.0130996704101563 -0.104606628417969 0.0198974609375 0.08978271484375
0.0144195556640625 -0.0960845947265625 -0.0340042114257813 0.109268188476563
0.00749206542968749 -0.118247985839844 0.0972824096679688 -0.0431594848632813
-0.0297622680664063 -0.110687255859375 0.0459022521972656 -0.0379600524902344
-0.0707015991210938 -0.0729827880859375 0.0223064422607422 -0.0139865875244141
-0.0919265747070313 -0.0112380981445313 0.0329380035400391 -0.00723075866699219
-0.0718994140625 0.0356369018554688 0.0366363525390625 -0.0325851440429688
-0.0365829467773438 0.078948974609375 0.0196037292480469 -0.0421981811523437
-0.000251770019531255 0.0778961181640625 0.002960205078125 -0.0483589172363281
-0.000747680664062497 0.0728530883789063 0.00145339965820312 -0.050323486328125
-0.001678466796875 0.082916259765625 0.0116233825683594 -0.0506172180175781
-0.0249786376953125 0.0785140991210938 0.0327568054199219 -0.0426025390625
-0.06085205078125 0.0516166687011719 0.0505905151367187 -0.0298805236816406
-0.0817947387695313 0.01837158203125 0.0613670349121094 0.00398635864257813
-0.070159912109375 -0.0564346313476563 0.0554237365722656 0.0489501953125
-0.0349578857421875 -0.103530883789063 0.01666259765625 0.0652351379394531
-0.00662994384765625 -0.107177734375 -0.0233001708984375 0.0739974975585938
-0.0249557495117187 -0.10888671875 0.094146728515625 -0.0682754516601563
-0.054656982421875 -0.0832443237304688 0.0388221740722656 -0.0479736328125
-0.0713272094726563 -0.0375518798828125 0.0222988128662109 -0.0115432739257813
-0.0678176879882812 0.0105094909667969 0.0445747375488281 -0.0120964050292969
-0.0426063537597656 0.0364761352539063 0.0436630249023438 -0.044342041015625
-0.0149574279785156 0.0591201782226563 0.0208206176757813 -0.0643844604492188
0.00666809082031249 0.052459716796875 -0.0054473876953125 -0.0709915161132812
0.00595474243164062 0.0514488220214844 -0.0127639770507813 -0.0716629028320313
0.0053253173828125 0.0593986511230469 -3.05175781250074E-05 -0.0736160278320313
-0.0109214782714844 0.0566329956054688 0.0292854309082031 -0.0669975280761719
-0.037689208984375 0.0413894653320312 0.0510330200195313 -0.0489463806152344
-0.0567703247070313 0.0218772888183594 0.0644760131835937 -0.00912857055664062
-0.0601387023925781 -0.0336532592773438 0.0527229309082031 0.0345344543457031
-0.0457000732421875 -0.0791702270507813 0.008270263671875 0.0368919372558594
-0.0274429321289063 -0.0958633422851562 -0.015777587890625 0.0363883972167969
-0.0500869750976563 -0.0871505737304687 0.0854415893554688 -0.0920562744140625
-0.06756591796875 -0.05029296875 0.0278739929199219 -0.0569725036621094
-0.06439208984375 -0.00437927246093751 0.0181407928466797 -0.0140953063964844
-0.0392837524414063 0.02972412109375 0.0449256896972656 -0.0176239013671875
-0.0118942260742187 0.0330333709716797 0.041259765625 -0.0515632629394531
0.007659912109375 0.0330600738525391 0.0138778686523438 -0.0754852294921875
0.0126724243164062 0.0212688446044922 -0.0159835815429688 -0.0818405151367188
0.0104484558105469 0.0230617523193359 -0.0250015258789062 -0.0810775756835938
0.00944900512695313 0.0262832641601563 -0.0100936889648437 -0.085235595703125
0.00417709350585937 0.0228824615478516 0.0256576538085937 -0.0804061889648438
-0.00783348083496094 0.0217094421386719 0.0486640930175781 -0.056640625
-0.0199756622314453 0.0206279754638672 0.0604820251464844 -0.0151443481445312
-0.0367774963378906 -0.00446319580078126 0.0435867309570313 0.0231895446777344
-0.0466156005859375 -0.0377006530761719 -0.00189971923828125 0.0157918930053711
-0.0456047058105469 -0.0643730163574219 -0.0156850814819336 0.0041666030883789
-0.0649871826171875 -0.0547409057617188 0.0717391967773438 -0.113349914550781
-0.0671463012695313 -0.0166397094726563 0.0167236328125 -0.0704574584960938
-0.0487518310546875 0.0231170654296875 0.00682640075683593 -0.0215053558349609
-0.00919723510742188 0.0387992858886719 0.0334682464599609 -0.0246620178222656
0.0164165496826172 0.0249519348144531 0.0262985229492188 -0.052001953125
0.0256938934326172 0.00510787963867188 0.002227783203125 -0.075103759765625
0.0168342590332031 -0.0126819610595703 -0.0245437622070312 -0.0795211791992187
0.0135107040405273 -0.0090169906616211 -0.032135009765625 -0.079010009765625
0.0124588012695312 -0.0112199783325195 -0.014801025390625 -0.0842208862304688
0.0198135375976563 -0.0142784118652344 0.0225067138671875 -0.0804824829101563
0.0243453979492188 -0.000154495239257813 0.0433235168457031 -0.0525093078613281
0.0213508605957031 0.0199966430664063 0.0525321960449219 -0.0125083923339844
-0.0100154876708984 0.0296669006347656 0.0303611755371094 0.0166778564453125
-0.0463409423828125 0.0107460021972656 -0.0136795043945313 0.00281047821044922
-0.0622634887695313 -0.0240936279296875 -0.0189990997314453 -0.0163688659667969
0.0670661926269531 -0.0236892700195313 0.0341339111328125 0.0236129760742188
0.03857421875 -0.0712738037109375 0.0262489318847656 -0.00411224365234375
-0.0290946960449219 -0.0645828247070313 -0.0157356262207031 -0.0235080718994141
-0.0614967346191406 -0.0164031982421875 -0.0474853515625 0.00673294067382812
-0.0500755310058594 0.0186920166015625 -0.038360595703125 0.0380058288574219
-0.0285758972167969 0.0491752624511719 -0.0125198364257813 0.0716400146484375
-0.00775527954101563 0.0509071350097656 0.0184249877929687 0.076080322265625
-0.0128021240234375 0.0427780151367187 0.0322036743164063 0.0645637512207031
-0.0211563110351562 0.0458450317382813 0.0245552062988281 0.0613059997558594
-0.0391464233398438 0.0273704528808594 0.00343322753906249 0.0591468811035156
-0.0419387817382813 -0.00738906860351562 -0.00443649291992188 0.0451774597167969
-0.0234260559082031 -0.0322704315185547 -0.00692558288574219 0.0324344635009766
0.0214576721191406 -0.0414199829101563 -0.003662109375 0.04620361328125
0.057281494140625 -0.0165863037109375 -0.00356292724609374 0.0931930541992187
0.05340576171875 0.0170516967773438 -0.0783233642578125 0.12896728515625
0.0709228515625 -0.062744140625 0.0499992370605469 0.0160484313964844
0.0323104858398438 -0.104393005371094 0.0323486328125 -0.00852584838867188
-0.0433731079101563 -0.0894241333007812 -0.00411033630371094 -0.0230579376220703
-0.08685302734375 -0.0258712768554687 -0.0304222106933594 0.000423431396484369
-0.074127197265625 0.0262603759765625 -0.0236949920654297 0.0196266174316406
-0.04168701171875 0.0734100341796875 -0.00716781616210938 0.0486831665039063
-0.00907135009765624 0.0764389038085938 0.0151519775390625 0.0509872436523438
-0.0123863220214844 0.0657386779785156 0.0281753540039063 0.04058837890625
-0.0204925537109375 0.0719528198242188 0.0271759033203125 0.0386390686035156
-0.0445175170898438 0.0534133911132813 0.0156173706054687 0.040557861328125
-0.0597877502441406 0.0114555358886719 0.0134601593017578 0.0336322784423828
-0.050140380859375 -0.0237617492675781 0.0134410858154297 0.0329113006591797
-0.00465774536132813 -0.0583076477050781 0.0150642395019531 0.0578193664550781
0.0407562255859375 -0.0541839599609375 0.00766754150390626 0.102180480957031
0.0501289367675781 -0.0263404846191406 -0.0625762939453125 0.1357421875
0.0630569458007813 -0.0932769775390625 0.0674018859863281 -0.00148773193359376
0.0208511352539063 -0.123588562011719 0.0385398864746094 -0.0191841125488281
-0.0533981323242188 -0.101493835449219 0.00562667846679687 -0.0217514038085938
-0.101211547851563 -0.0320968627929688 -0.00993442535400391 -0.00398635864257813
-0.0885086059570312 0.0298843383789062 -0.00466489791870118 0.000484943389892581
-0.0497589111328125 0.0867538452148438 0.000749588012695309 0.0190181732177734
-0.00893402099609375 0.090057373046875 0.0102500915527344 0.0185890197753906
-0.0102767944335938 0.0797653198242188 0.0206985473632813 0.0103302001953125
-0.015777587890625 0.0888824462890625 0.0245304107666016 0.00948715209960938
-0.0437850952148438 0.0740432739257812 0.0248641967773437 0.0154399871826172
-0.0706329345703125 0.031341552734375 0.0297660827636719 0.0152492523193359
-0.0730743408203125 -0.0104522705078125 0.0334892272949219 0.027069091796875
-0.0338630676269531 -0.068817138671875 0.0331344604492188 0.0626068115234375
0.0160140991210937 -0.0872573852539063 0.016571044921875 0.100479125976563
0.0377426147460937 -0.06689453125 -0.0460662841796875 0.127510070800781
0.0428466796875 -0.110992431640625 0.08251953125 -0.0244140625
0.000976562499999987 -0.124748229980469 0.0422019958496094 -0.0311927795410156
-0.0616836547851563 -0.0965042114257812 0.0136680603027344 -0.0195217132568359
-0.102081298828125 -0.0282745361328125 0.0113077163696289 -0.007659912109375
-0.0876922607421875 0.0312423706054688 0.0153045654296875 -0.018341064453125
-0.0488510131835938 0.087554931640625 0.0087738037109375 -0.0128154754638672
-0.00714874267578124 0.0898208618164063 0.00461769104003906 -0.0165586471557617
-0.00678253173828125 0.0819168090820313 0.00947761535644531 -0.0211277008056641
-0.0100479125976562 0.0918807983398437 0.0172042846679688 -0.0220146179199219
-0.037506103515625 0.0830078125 0.0285835266113281 -0.0145282745361328
-0.071685791015625 0.0453033447265625 0.0417137145996094 -0.0087127685546875
-0.0850906372070313 0.00356292724609375 0.0499420166015625 0.014556884765625
-0.0577812194824219 -0.0695762634277344 0.0477142333984375 0.0573577880859375
-0.00960540771484376 -0.105484008789063 0.02105712890625 0.0848617553710938
0.020660400390625 -0.0954360961914063 -0.0306472778320313 0.104034423828125
0.0135116577148438 -0.11376953125 0.0923080444335938 -0.0490951538085938
-0.0244140625 -0.108985900878906 0.042144775390625 -0.0427742004394531
-0.066375732421875 -0.0735549926757812 0.0188274383544922 -0.0169239044189453
-0.0888824462890625 -0.0136795043945312 0.0304450988769531 -0.0104255676269531
-0.0714187622070313 0.0328445434570312 0.032562255859375 -0.0347614288330078
-0.0365753173828125 0.0761184692382813 0.0150299072265625 -0.0426101684570312
-0.00304412841796875 0.0760116577148438 -0.00189208984375 -0.0471572875976562
-0.00237274169921875 0.0712966918945313 -0.00351333618164062 -0.0491218566894531
-0.00386047363281249 0.0810394287109375 0.00706863403320312 -0.0505523681640625
-0.0268478393554687 0.0760421752929688 0.0278778076171875 -0.0449142456054687
-0.0603904724121094 0.0478858947753906 0.0473213195800781 -0.03326416015625
-0.0791549682617188 0.0135345458984375 0.0597610473632812 -0.000782012939453124
-0.0656509399414063 -0.0584831237792969 0.0550956726074219 0.0442085266113281
-0.0298233032226562 -0.102714538574219 0.018646240234375 0.0601119995117187
-0.000617980957031253 -0.103767395019531 -0.0181503295898438 0.069732666015625
-0.0183334350585938 -0.10296630859375 0.0927963256835937 -0.0735626220703125
-0.04766845703125 -0.0801620483398438 0.0372200012207031 -0.05224609375
-0.0654067993164063 -0.0389175415039063 0.0204925537109375 -0.0156135559082031
-0.0640907287597656 0.00651168823242187 0.0416107177734375 -0.0152320861816406
-0.0431709289550781 0.0317649841308594 0.0404739379882813 -0.0461616516113281
-0.0179290771484375 0.055206298828125 0.0166702270507812 -0.0633506774902344
0.00221252441406249 0.0512237548828125 -0.00861358642578124 -0.0688896179199219
0.00254058837890625 0.0498161315917969 -0.0157699584960938 -0.0691108703613281
0.000938415527343753 0.0568656921386719 -0.003570556640625 -0.072601318359375
-0.0143470764160156 0.052947998046875 0.0251121520996094 -0.0682868957519531
-0.0391006469726563 0.0366363525390625 0.0481681823730469 -0.0514678955078125
-0.0547370910644531 0.0169143676757812 0.0619621276855469 -0.0124664306640625
-0.0544891357421875 -0.0361862182617187 0.0519981384277344 0.0296630859375
-0.0386276245117187 -0.0767898559570313 0.0105514526367187 0.0331859588623047
-0.0206298828125 -0.0898818969726563 -0.0100841522216797 0.0333156585693359
-0.0450363159179688 -0.0797653198242188 0.0856704711914063 -0.0957489013671875
-0.0609207153320313 -0.0459976196289063 0.028961181640625 -0.0616378784179687
-0.057952880859375 -0.00387191772460937 0.0156030654907227 -0.017420768737793
-0.0338649749755859 0.0249404907226562 0.0421600341796875 -0.0202369689941406
-0.011505126953125 0.0280380249023437 0.0376548767089844 -0.0519065856933594
0.00378608703613281 0.0290145874023438 0.0114669799804687 -0.074066162109375
0.00750160217285156 0.0187931060791016 -0.016815185546875 -0.07904052734375
0.00700950622558594 0.0216217041015625 -0.0255966186523437 -0.0787353515625
0.00441932678222656 0.0241985321044922 -0.0113449096679688 -0.0833663940429688
-0.000701904296875 0.0191860198974609 0.0224075317382812 -0.0807952880859375
-0.0100116729736328 0.0157852172851563 0.0460128784179687 -0.0574913024902344
-0.0182113647460938 0.0144176483154297 0.0584945678710937 -0.0166778564453125
-0.030181884765625 -0.0065765380859375 0.0422706604003906 0.01904296875
-0.0401687622070313 -0.0347251892089844 0.000419616699218747 0.0129222869873047
-0.0392532348632812 -0.0577774047851563 -0.00756454467773438 0.00416231155395508
-0.0622024536132812 -0.0466804504394531 0.0729522705078125 -0.113792419433594
-0.0613861083984375 -0.0107345581054688 0.0190582275390625 -0.0724868774414063
-0.042572021484375 0.0243110656738281 0.00531578063964844 -0.0238838195800781
-0.00434112548828125 0.0358161926269531 0.0313377380371094 -0.0255966186523437
0.0176506042480469 0.02020263671875 0.0257072448730469 -0.0506172180175781
0.0227718353271484 0.000797271728515625 0.00141906738281251 -0.0727920532226563
0.0113811492919922 -0.0138025283813477 -0.0233306884765625 -0.0770339965820313
0.00956249237060547 -0.00992488861083984 -0.0312118530273437 -0.0768203735351563
0.00744342803955078 -0.0124073028564453 -0.014434814453125 -0.08221435546875
0.0144147872924805 -0.0168581008911133 0.0210113525390625 -0.079925537109375
0.0216140747070312 -0.00585365295410156 0.0425567626953125 -0.0523910522460938
0.0211811065673828 0.0132637023925781 0.0512733459472656 -0.0134544372558594
-0.00448989868164062 0.0268459320068359 0.0295524597167969 0.0144672393798828
-0.0391044616699219 0.0139808654785156 -0.00955486297607422 0.00148773193359375
-0.0560226440429687 -0.0175018310546875 -0.0106906890869141 -0.0146846771240234
0.06549072265625 -0.0269012451171875 0.0263423919677734 0.0228157043457031
0.0339736938476563 -0.0715484619140625 0.021484375 -0.00288581848144532
-0.0311508178710937 -0.0617408752441406 -0.0159854888916016 -0.0226554870605469
-0.0607719421386719 -0.0131111145019531 -0.0469436645507813 0.00640869140624999
-0.0481681823730469 0.0206260681152344 -0.0392379760742188 0.0364151000976563
-0.0244026184082031 0.0496902465820312 -0.0142135620117188 0.0704269409179688
-0.00522994995117187 0.0510635375976563 0.0156173706054688 0.0758743286132813
-0.00994110107421876 0.0435295104980469 0.0284461975097656 0.0649948120117188
-0.0175857543945313 0.0468864440917969 0.0206642150878906 0.0620574951171875
-0.0372581481933594 0.0294570922851562 -1.14440917968822E-05 0.0580978393554688
-0.0430145263671875 -0.00435256958007813 -0.0062255859375 0.0427742004394531
-0.0263633728027344 -0.0308609008789063 -0.00634193420410156 0.0308723449707031
0.0183563232421875 -0.0435676574707031 -0.0033721923828125 0.0473594665527344
0.0547866821289063 -0.0214042663574219 -0.006561279296875 0.094390869140625
0.0538482666015625 0.0121955871582031 -0.0839767456054688 0.127029418945312
0.0715408325195313 -0.0654449462890625 0.041229248046875 0.0138206481933594
0.0306625366210938 -0.105194091796875 0.0270404815673828 -0.00850296020507813
-0.0440597534179688 -0.0883102416992188 -0.00529670715332031 -0.0229701995849609
-0.086517333984375 -0.0244979858398438 -0.0312824249267578 -0.000535964965820315
-0.073516845703125 0.0268936157226562 -0.026153564453125 0.0176753997802734
-0.0395355224609375 0.0729446411132813 -0.0102272033691406 0.0476760864257813
-0.00770568847656251 0.0760269165039063 0.0110359191894531 0.051788330078125
-0.0113677978515625 0.06658935546875 0.0240707397460938 0.0418548583984375
-0.019012451171875 0.0728683471679688 0.0224227905273437 0.0391502380371094
-0.0444450378417969 0.054901123046875 0.0112266540527344 0.0393333435058594
-0.0620346069335938 0.0131263732910156 0.0113754272460937 0.0306034088134766
-0.0524978637695313 -0.0250015258789063 0.0132675170898438 0.0305881500244141
-0.00551605224609376 -0.0623321533203125 0.0147781372070313 0.0578155517578125
0.0414581298828125 -0.0589256286621094 0.0053863525390625 0.101844787597656
0.0533180236816406 -0.0301475524902344 -0.0673141479492187 0.133003234863281
0.0674285888671875 -0.09503173828125 0.0593147277832031 -0.00400543212890626
0.0217437744140625 -0.124519348144531 0.0328578948974609 -0.0189361572265625
-0.0526885986328125 -0.10333251953125 0.0035858154296875 -0.0219707489013672
-0.101104736328125 -0.0325088500976562 -0.0117044448852539 -0.00510883331298828
-0.0888671875 0.0291290283203125 -0.00769519805908204 -0.00122976303100586
-0.0496597290039063 0.0858383178710938 -0.002685546875 0.0183734893798828
-0.009918212890625 0.0901947021484375 0.00592041015625 0.0199127197265625
-0.0106658935546875 0.0804061889648437 0.0154170989990234 0.0121622085571289
-0.0163345336914063 0.0891647338867188 0.0199260711669922 0.00988197326660157
-0.0454559326171875 0.0743331909179688 0.0203781127929687 0.0138473510742188
-0.0733718872070313 0.0308380126953125 0.0276985168457031 0.0121955871582031
-0.0749969482421875 -0.0133285522460937 0.0329875946044922 0.0242824554443359
-0.03369140625 -0.073516845703125 0.0337142944335938 0.0613059997558594
0.0187454223632812 -0.0914459228515625 0.01434326171875 0.0993423461914063
0.0439338684082031 -0.0699729919433594 -0.0492401123046875 0.123847961425781
0.0496063232421875 -0.110885620117188 0.0769805908203125 -0.027435302734375
0.00494384765625 -0.126625061035156 0.0378074645996094 -0.0321273803710938
-0.0592498779296875 -0.0994873046875 0.0109729766845703 -0.0204696655273438
-0.101707458496094 -0.0312271118164063 0.00905609130859374 -0.00857353210449219
-0.0891189575195313 0.0293350219726563 0.0122814178466797 -0.0195980072021484
-0.050140380859375 0.0860748291015625 0.00527191162109375 -0.0128564834594727
-0.0101699829101563 0.0903778076171875 0.000621795654296874 -0.0147562026977539
-0.00914764404296875 0.0817642211914063 0.00490760803222656 -0.019622802734375
-0.0124893188476563 0.09197998046875 0.0131912231445313 -0.0216140747070312
-0.0404129028320312 0.08258056640625 0.0243549346923828 -0.0160789489746094
-0.0745391845703125 0.043182373046875 0.039581298828125 -0.0119209289550781
-0.0861740112304688 -0.000320434570312514 0.0495948791503906 0.0120658874511719
-0.0553665161132813 -0.0750885009765625 0.0477066040039063 0.0549507141113281
-0.00490570068359374 -0.109352111816406 0.0198898315429687 0.0825347900390625
0.0279922485351562 -0.0965347290039063 -0.0314178466796875 0.0995330810546875
0.021575927734375 -0.112571716308594 0.0892410278320312 -0.0521774291992187
-0.0175857543945313 -0.110694885253906 0.0395164489746094 -0.0448226928710938
-0.0619583129882813 -0.0776214599609375 0.0171642303466797 -0.0183982849121094
-0.08843994140625 -0.0188064575195313 0.028076171875 -0.0121002197265625
-0.0735397338867188 0.0286483764648438 0.0299530029296875 -0.0359878540039063
-0.040283203125 0.074005126953125 0.0122108459472656 -0.0425148010253906
-0.00712585449218751 0.0761795043945313 -0.00443267822265625 -0.0458488464355469
-0.005401611328125 0.0709075927734375 -0.00629806518554688 -0.0475196838378906
-0.00742340087890625 0.0806427001953125 0.00382614135742188 -0.0501632690429688
-0.031097412109375 0.074554443359375 0.0247993469238281 -0.0453033447265625
-0.0636253356933594 0.0445404052734375 0.0453872680664062 -0.0352363586425781
-0.0799026489257813 0.00873565673828126 0.058502197265625 -0.00290298461914062
-0.0624046325683594 -0.0634346008300781 0.0538597106933594 0.0418128967285156
-0.0235366821289063 -0.104850769042969 0.0180091857910156 0.0569648742675781
0.008453369140625 -0.103195190429687 -0.0167884826660156 0.0655441284179688
-0.0103759765625 -0.0999603271484375 0.0933609008789063 -0.0758895874023438
-0.0397415161132812 -0.08111572265625 0.0368804931640625 -0.0554847717285156
-0.0602188110351563 -0.0434646606445313 0.0183143615722656 -0.0180110931396484
-0.0624313354492188 0.000888824462890626 0.0394706726074219 -0.0161247253417969
-0.0456428527832031 0.02703857421875 0.0385551452636719 -0.0465087890625
-0.0218429565429687 0.0528831481933594 0.0150947570800781 -0.0635986328125
-0.00280380249023438 0.0508651733398438 -0.00979232788085938 -0.0681877136230469
-0.00147247314453125 0.0495567321777344 -0.0168914794921875 -0.0682334899902344
-0.00400543212890624 0.0570640563964844 -0.00493621826171875 -0.0719451904296875
-0.0194435119628906 0.051177978515625 0.0232772827148438 -0.0687637329101562
-0.0418510437011719 0.0320205688476563 0.0464935302734375 -0.0519905090332031
-0.0551185607910156 0.0108871459960938 0.0609512329101563 -0.0139122009277344
-0.049835205078125 -0.0407257080078125 0.0508155822753906 0.0275115966796875
-0.0319290161132813 -0.077606201171875 0.0109481811523438 0.0296306610107422
-0.0117340087890625 -0.0876998901367188 -0.00637245178222656 0.0301246643066406
-0.0383987426757812 -0.076019287109375 0.0891189575195313 -0.09771728515625
-0.0538291931152344 -0.044708251953125 0.0302162170410156 -0.0649299621582031
-0.0522308349609375 -0.00606536865234376 0.0142917633056641 -0.0192623138427734
-0.0315227508544922 0.0198192596435547 0.0411643981933594 -0.0204544067382813
-0.0128898620605469 0.0232410430908203 0.0373344421386719 -0.0512275695800781
-0.000450134277343748 0.0262870788574219 0.0112838745117187 -0.0734024047851563
0.00246047973632813 0.0189933776855469 -0.0158233642578125 -0.0786895751953125
0.00266265869140625 0.0210647583007813 -0.024383544921875 -0.0778427124023438
-0.000553131103515626 0.0238132476806641 -0.010406494140625 -0.0831832885742188
-0.005706787109375 0.0170269012451172 0.0222320556640625 -0.0801239013671875
-0.0133819580078125 0.0113344192504883 0.0457572937011719 -0.0577011108398437
-0.018096923828125 0.008575439453125 0.0578346252441406 -0.0171928405761719
-0.0259609222412109 -0.0101261138916016 0.0417327880859375 0.0174713134765625
-0.0328807830810547 -0.0346279144287109 0.00187969207763672 0.0098123550415039
-0.0311393737792969 -0.0548171997070313 -0.00133681297302246 0.00253677368164062
-0.0584030151367187 -0.0425453186035156 0.0782318115234375 -0.114540100097656
-0.0568695068359375 -0.00864410400390624 0.0213775634765625 -0.0757064819335938
-0.0383453369140625 0.0245780944824219 0.00411415100097656 -0.0250949859619141
-0.00193405151367188 0.0322551727294922 0.0309696197509766 -0.0254745483398437
0.0167016983032227 0.0163097381591797 0.0257720947265625 -0.0492820739746094
0.0193195343017578 -0.00201797485351563 0.00284576416015626 -0.07171630859375
0.00743770599365234 -0.0142374038696289 -0.0207748413085938 -0.0771331787109375
0.00633621215820313 -0.00998115539550781 -0.0284881591796875 -0.0768356323242188
0.00335979461669922 -0.0125141143798828 -0.0122146606445313 -0.0825576782226563
0.00948333740234375 -0.0184574127197266 0.02239990234375 -0.0797348022460938
0.018707275390625 -0.00988006591796875 0.0433692932128906 -0.0518913269042969
0.0212383270263672 0.00848007202148437 0.0514373779296875 -0.0134811401367187
-0.000514984130859373 0.0242290496826172 0.0286903381347656 0.0136375427246094
-0.0329303741455078 0.0147018432617188 -0.00571632385253906 -0.000701904296874998
-0.04962158203125 -0.0138626098632813 -0.00245475769042969 -0.0150747299194336
0.0646896362304688 -0.0303306579589844 0.0186882019042969 0.0239524841308594
0.0313720703125 -0.0732269287109375 0.0178928375244141 -0.00131797790527344
-0.0332908630371094 -0.0611648559570312 -0.0168266296386719 -0.0221271514892578
-0.0611648559570313 -0.0108680725097656 -0.0482711791992188 0.00529479980468749
-0.0485115051269531 0.0227394104003906 -0.0422477722167969 0.0364570617675781
-0.0219039916992188 0.0507621765136719 -0.0171051025390625 0.07196044921875
-0.00281143188476563 0.0521507263183594 0.0130844116210938 0.0794448852539063
-0.00791549682617188 0.044464111328125 0.0261154174804688 0.0683364868164063
-0.0147209167480469 0.0485687255859375 0.0181961059570312 0.0645294189453125
-0.0364913940429688 0.032623291015625 -0.00398254394531251 0.0594062805175781
-0.0446052551269531 -0.00152206420898437 -0.00839614868164063 0.0424346923828125
-0.0288562774658203 -0.0309104919433594 -0.00670814514160156 0.0300426483154297
0.0163650512695313 -0.04632568359375 -0.00371170043945313 0.0498466491699219
0.0542335510253906 -0.0256500244140625 -0.00971221923828124 0.0982894897460938
0.0553092956542969 0.008636474609375 -0.0923690795898438 0.129463195800781
0.0748443603515625 -0.0690841674804687 0.03436279296875 0.0144290924072266
0.030242919921875 -0.108123779296875 0.0235652923583984 -0.00714111328125001
-0.045074462890625 -0.09033203125 -0.00628662109375 -0.0232143402099609
-0.08782958984375 -0.0244293212890625 -0.0321712493896484 -0.00154304504394531
-0.0748977661132813 0.0281829833984375 -0.0291843414306641 0.0171794891357422
-0.0388870239257812 0.0744705200195313 -0.0131340026855469 0.0485877990722656
-0.00701141357421875 0.0786056518554687 0.00752639770507812 0.0550308227539063
-0.0111923217773438 0.0686759948730469 0.0203628540039063 0.0447883605957031
-0.0178604125976562 0.0753707885742188 0.0189666748046875 0.0416297912597656
-0.0454444885253906 0.0579872131347656 0.0074005126953125 0.0403938293457031
-0.0651626586914063 0.01416015625 0.00963592529296874 0.0294399261474609
-0.0561714172363281 -0.0264511108398438 0.0131072998046875 0.0292396545410156
-0.00699234008789062 -0.0673904418945312 0.0150985717773437 0.0596885681152344
0.0425834655761719 -0.0647697448730469 0.00281524658203126 0.1051025390625
0.05828857421875 -0.03497314453125 -0.0744705200195313 0.134124755859375
0.0732345581054688 -0.09918212890625 0.0539321899414063 -0.00455856323242188
0.0248641967773438 -0.129226684570313 0.0294837951660156 -0.0186767578125
-0.052734375 -0.107376098632813 0.00203514099121094 -0.0223655700683594
-0.1029052734375 -0.034454345703125 -0.013005256652832 -0.00671863555908203
-0.0916748046875 0.02886962890625 -0.0111045837402344 -0.00221061706542968
-0.05084228515625 0.0873794555664063 -0.00598335266113281 0.0187492370605469
-0.0108718872070312 0.09307861328125 0.00232315063476562 0.0228157043457031
-0.012176513671875 0.083465576171875 0.012110710144043 0.0145092010498047
-0.0177154541015625 0.0924453735351563 0.0163764953613281 0.011225700378418
-0.0475006103515625 0.0771942138671875 0.0160636901855469 0.0142345428466797
-0.0778732299804688 0.0316162109375 0.0262546539306641 0.0107269287109375
-0.0794448852539063 -0.0163497924804688 0.033294677734375 0.0232276916503906
-0.03387451171875 -0.08062744140625 0.0342025756835938 0.0620918273925781
0.0222091674804688 -0.0986175537109375 0.0129470825195313 0.100982666015625
0.050994873046875 -0.0753326416015625 -0.0542221069335938 0.124008178710937
0.0579910278320313 -0.114944458007813 0.0740432739257813 -0.0287551879882813
0.00941467285156249 -0.131576538085938 0.0348663330078125 -0.0330867767333984
-0.0578765869140625 -0.1063232421875 0.00910758972167969 -0.0212268829345703
-0.104293823242188 -0.0355224609375 0.0074167251586914 -0.00962638854980469
-0.0940399169921875 0.027923583984375 0.0100231170654297 -0.0211753845214844
-0.0540924072265625 0.0870285034179688 0.0026865005493164 -0.0131521224975586
-0.0127334594726563 0.0942230224609375 -0.00235366821289063 -0.0131826400756836
-0.0116119384765625 0.0847244262695313 0.00135231018066406 -0.017974853515625
-0.0151519775390625 0.0953750610351562 0.0102691650390625 -0.0212593078613281
-0.044830322265625 0.0844802856445312 0.0208969116210937 -0.0170497894287109
-0.0801925659179687 0.0424728393554688 0.0382537841796875 -0.0134696960449219
-0.0905380249023438 -0.00511169433593752 0.0495986938476563 0.0102920532226563
-0.0549087524414063 -0.082611083984375 0.048095703125 0.0554008483886719
0.000328063964843762 -0.116439819335938 0.0183792114257813 0.0825119018554687
0.0371322631835938 -0.101310729980469 -0.0344009399414062 0.0986709594726563
0.0309371948242188 -0.115440368652344 0.0890274047851563 -0.055328369140625
-0.0117034912109375 -0.116188049316406 0.038116455078125 -0.0475540161132813
-0.0600357055664063 -0.0854949951171875 0.0144271850585937 -0.0199203491210938
-0.0901260375976563 -0.024017333984375 0.0264797210693359 -0.0132007598876953
-0.0785598754882813 0.02679443359375 0.028350830078125 -0.0375747680664063
-0.0450439453125 0.0747909545898438 0.0105514526367187 -0.0432853698730469
-0.0115737915039063 0.0795669555664063 -0.00683975219726563 -0.0458106994628906
-0.0090789794921875 0.074188232421875 -0.00901031494140625 -0.0471038818359375
-0.012176513671875 0.0838623046875 0.00160980224609375 -0.050933837890625
-0.0360565185546875 0.0755538940429687 0.0223770141601562 -0.0469474792480469
-0.0693321228027344 0.0426063537597656 0.045379638671875 -0.0374794006347656
-0.0835494995117188 0.00372314453124999 0.0587577819824219 -0.0049896240234375
-0.0605926513671875 -0.0707931518554687 0.0542678833007812 0.0414314270019531
-0.0179214477539062 -0.111335754394531 0.0173149108886719 0.0554656982421875
0.017852783203125 -0.106636047363281 -0.0163040161132813 0.0630912780761719
-0.00180816650390625 -0.102378845214844 0.0963897705078125 -0.0795135498046875
-0.0334014892578125 -0.0850753784179688 0.0376205444335937 -0.0592498779296875
-0.0574111938476562 -0.0493850708007813 0.016571044921875 -0.0191726684570313
-0.0637168884277344 -0.0049285888671875 0.03924560546875 -0.0168533325195313
-0.0498847961425781 0.0239486694335938 0.0389060974121094 -0.0475959777832031
-0.0277671813964844 0.0528526306152344 0.0147743225097656 -0.064971923828125
-0.007293701171875 0.0535163879394531 -0.0109672546386719 -0.0692100524902344
-0.0058135986328125 0.0521240234375 -0.0178604125976563 -0.0686798095703125
-0.00862884521484375 0.0590095520019531 -0.00595092773437501 -0.0736770629882813
-0.0247688293457031 0.0514106750488281 0.0224609375 -0.070587158203125
-0.0469284057617187 0.0292510986328125 0.0478668212890625 -0.0539360046386719
-0.0571937561035156 0.00546264648437499 0.0616264343261719 -0.0149993896484375
-0.0475006103515625 -0.0470123291015625 0.050628662109375 0.0271377563476563
-0.0258636474609375 -0.08233642578125 0.0110893249511719 0.0277156829833984
-0.002777099609375 -0.089447021484375 -0.00328636169433594 0.0277042388916016
-0.03314208984375 -0.0761337280273438 0.09515380859375 -0.10125732421875
-0.0488433837890625 -0.0463676452636719 0.0324668884277344 -0.0696449279785156
-0.0481605529785156 -0.00997161865234375 0.0132369995117187 -0.0207061767578125
-0.0313892364501953 0.0148353576660156 0.0406303405761719 -0.0211753845214844
-0.0150833129882813 0.0200214385986328 0.0381240844726563 -0.0520973205566406
-0.00522804260253906 0.0254421234130859 0.0123138427734375 -0.07513427734375
-0.001190185546875 0.0210800170898438 -0.0150985717773438 -0.0809173583984375
-0.00117683410644531 0.0226612091064453 -0.0240707397460938 -0.07989501953125
-0.00507545471191406 0.0253067016601562 -0.0103836059570312 -0.0854949951171875
-0.0113010406494141 0.0164327621459961 0.0231094360351563 -0.0825881958007813
-0.0172433853149414 0.00790214538574219 0.0480308532714844 -0.0589790344238281
-0.0193634033203125 0.00431632995605469 0.0590591430664062 -0.0176277160644531
-0.0226478576660156 -0.0150566101074219 0.0414695739746094 0.0171623229980469
-0.02703857421875 -0.0368270874023438 0.00354480743408203 0.00710487365722656
-0.0243072509765625 -0.0554428100585938 0.00413990020751953 -0.000211954116821292
-0.0570526123046875 -0.0404281616210937 0.0866546630859375 -0.118339538574219
-0.0533485412597656 -0.00709533691406249 0.0250778198242187 -0.0805587768554687
-0.0354843139648438 0.0240097045898437 0.00411796569824219 -0.0273761749267578
0.000511169433593752 0.0298366546630859 0.0309333801269531 -0.0256633758544922
0.016326904296875 0.0133628845214844 0.0278739929199219 -0.0490150451660156
0.0158872604370117 -0.00431442260742188 0.0057525634765625 -0.0729522705078125
0.00430107116699219 -0.0143165588378906 -0.0183563232421875 -0.0800628662109375
0.00321674346923828 -0.0101385116577148 -0.0260696411132813 -0.0797042846679688
-4.19616699218757E-05 -0.0118865966796875 -0.010284423828125 -0.085723876953125
0.0060272216796875 -0.0192909240722656 0.0244216918945313 -0.0817642211914063
0.0162458419799805 -0.013275146484375 0.0459136962890625 -0.0527839660644531
0.02105712890625 0.00531768798828125 0.0527305603027344 -0.0134239196777344
0.00248146057128906 0.0215644836425781 0.0292892456054688 0.0130710601806641
-0.0283260345458984 0.0148487091064453 -0.00418710708618164 -0.0036013126373291
-0.0452919006347656 -0.0129013061523437 0.00477218627929687 -0.0169925689697266
0.0652046203613281 -0.0344352722167969 0.0124282836914063 0.02679443359375
0.0284652709960937 -0.0762176513671875 0.0154876708984375 0.00105190277099609
-0.0369453430175781 -0.0611495971679687 -0.0181484222412109 -0.0225009918212891
-0.0628242492675781 -0.00820922851562501 -0.0500907897949219 0.00551605224609375
-0.0484161376953125 0.0260353088378906 -0.045379638671875 0.0381584167480469
-0.0191078186035156 0.0532073974609375 -0.019073486328125 0.0758590698242188
0.000896453857421875 0.0545692443847656 0.0120010375976562 0.0848922729492187
-0.00527191162109375 0.0467987060546875 0.02545166015625 0.0732192993164063
-0.01214599609375 0.0509757995605469 0.0171890258789063 0.0694732666015625
-0.0353164672851562 0.0363006591796875 -0.006256103515625 0.0635871887207031
-0.04669189453125 0.00165176391601562 -0.00999832153320313 0.043548583984375
-0.0322914123535156 -0.0304946899414062 -0.0065765380859375 0.0308799743652344
0.0132827758789063 -0.0501174926757813 -0.0027618408203125 0.053436279296875
0.0544776916503906 -0.0310287475585938 -0.0114059448242188 0.1051025390625
0.0581932067871094 0.00431442260742188 -0.100288391113281 0.136894226074219
0.0777969360351563 -0.076629638671875 0.0281333923339844 0.014923095703125
0.0291748046875 -0.114326477050781 0.0205726623535156 -0.00558471679687501
-0.048583984375 -0.093780517578125 -0.00822257995605469 -0.0228118896484375
-0.0912322998046875 -0.02398681640625 -0.0349197387695313 -0.00191497802734376
-0.0774688720703125 0.031036376953125 -0.0330486297607422 0.0180873870849609
-0.0382003784179688 0.0786285400390625 -0.0162010192871094 0.0514068603515625
-0.00493621826171874 0.0831298828125 0.00577545166015625 0.0598373413085938
-0.009490966796875 0.0729904174804688 0.0188407897949219 0.0496482849121094
-0.0160903930664063 0.0806045532226563 0.0173530578613281 0.0450973510742188
-0.0463981628417969 0.06317138671875 0.00407028198242187 0.0431022644042969
-0.0699005126953125 0.0176353454589844 0.00829124450683593 0.0297012329101563
-0.0615196228027344 -0.0276832580566406 0.0137977600097656 0.0288906097412109
-0.0100173950195313 -0.0736083984375 0.0168342590332031 0.0627517700195313
0.0435333251953125 -0.073486328125 0.00194549560546876 0.110984802246094
0.0633621215820313 -0.0419235229492188 -0.0817031860351562 0.140251159667969
0.0787811279296875 -0.107376098632813 0.0497055053710938 -0.00548934936523438
0.0248184204101562 -0.137916564941406 0.0263729095458984 -0.0185451507568359
-0.055755615234375 -0.114128112792969 -9.34600830078143E-05 -0.0228347778320313
-0.107963562011719 -0.0360794067382813 -0.0156116485595703 -0.0069875717163086
-0.0970458984375 0.0312118530273437 -0.0145254135131836 -0.00268459320068359
-0.0519638061523438 0.092742919921875 -0.00965118408203126 0.019744873046875
-0.0103836059570312 0.0992660522460938 -0.000635147094726562 0.0259685516357422
-0.0119552612304687 0.0886077880859375 0.0094146728515625 0.0178375244140625
-0.0176544189453125 0.0986099243164063 0.0137853622436523 0.0132770538330078
-0.0503158569335938 0.0829315185546875 0.0128316879272461 0.0153350830078125
-0.0842208862304688 0.0341873168945313 0.0254859924316406 0.00935173034667969
-0.0858688354492188 -0.0183944702148437 0.0342025756835937 0.0216121673583984
-0.03753662109375 -0.0888900756835938 0.0361366271972656 0.0647544860839844
0.0238723754882813 -0.109031677246094 0.01275634765625 0.105316162109375
0.0580902099609375 -0.083648681640625 -0.0590286254882813 0.128334045410156
0.0651779174804688 -0.123794555664063 0.0719680786132813 -0.0323562622070313
0.0120086669921875 -0.141754150390625 0.0326156616210938 -0.0351371765136719
-0.0605926513671875 -0.115264892578125 0.00745010375976562 -0.0219898223876953
-0.11065673828125 -0.0391769409179687 0.0057077407836914 -0.0110101699829102
-0.100128173828125 0.0295867919921875 0.00755882263183593 -0.0227947235107422
-0.0572280883789062 0.092376708984375 -0.00037479400634766 -0.0136547088623047
-0.0138015747070313 0.100303649902344 -0.00584697723388672 -0.0115394592285156
-0.0126876831054688 0.0909500122070313 -0.00144004821777344 -0.0164756774902344
-0.0169601440429688 0.102119445800781 0.00705146789550781 -0.0208530426025391
-0.0484161376953125 0.0900344848632813 0.0183429718017578 -0.0175609588623047
-0.08709716796875 0.0449066162109375 0.0384140014648438 -0.0162544250488281
-0.097686767578125 -0.00713348388671877 0.051116943359375 0.00791549682617187
-0.0580520629882812 -0.0919036865234375 0.0505943298339844 0.0567817687988281
0.00225830078125001 -0.127456665039063 0.019012451171875 0.0850067138671875
0.0439682006835938 -0.110115051269531 -0.0358200073242187 0.100967407226563
0.0379486083984375 -0.123367309570312 0.0905380249023438 -0.060394287109375
-0.00865173339843749 -0.124961853027344 0.0370330810546875 -0.0515899658203125
-0.0615310668945313 -0.09405517578125 0.0125045776367187 -0.0212135314941406
-0.0961380004882813 -0.02911376953125 0.0259647369384766 -0.0145053863525391
-0.0854110717773437 0.026611328125 0.0266380310058594 -0.0395431518554688
-0.0500030517578125 0.0791244506835937 0.00815582275390624 -0.0455513000488281
-0.0138702392578125 0.0856552124023438 -0.00962066650390625 -0.0459976196289063
-0.0119247436523438 0.0795211791992188 -0.0122299194335938 -0.04766845703125
-0.0143051147460938 0.0903701782226563 -0.00146865844726563 -0.0527534484863281
-0.041015625 0.080535888671875 0.0200271606445312 -0.0494155883789062
-0.0763473510742188 0.0437545776367187 0.045654296875 -0.0410079956054688
-0.0899581909179688 0.000793457031249984 0.0610313415527344 -0.007293701171875
-0.0626907348632813 -0.079376220703125 0.0564117431640625 0.0413055419921875
-0.0151214599609375 -0.120750427246094 0.0179557800292969 0.0558586120605469
0.025238037109375 -0.114418029785156 -0.0158767700195313 0.0634078979492187
0.0044403076171875 -0.107002258300781 0.101119995117188 -0.0867080688476563
-0.029693603515625 -0.0916061401367188 0.0381088256835937 -0.0647430419921875
-0.0572433471679688 -0.05645751953125 0.0154151916503906 -0.0209426879882813
-0.0676956176757813 -0.01031494140625 0.0388450622558594 -0.0187759399414063
-0.0553779602050781 0.0229873657226563 0.0384368896484375 -0.0507049560546875
-0.0322990417480469 0.0551986694335938 0.0137557983398437 -0.0677146911621094
-0.0105667114257812 0.0582427978515625 -0.0124359130859375 -0.0720367431640625
-0.00847625732421875 0.0563163757324219 -0.0202255249023438 -0.0713119506835938
-0.0121917724609375 0.0639076232910156 -0.00806427001953126 -0.0773391723632813
-0.0298347473144531 0.0545845031738281 0.0210342407226562 -0.0746231079101563
-0.0534210205078125 0.0289039611816406 0.0487327575683594 -0.0577049255371094
-0.061981201171875 0.00176239013671876 0.0638046264648438 -0.0176239013671875
-0.0477142333984375 -0.0539016723632813 0.0526046752929688 0.0264167785644531
-0.0226898193359375 -0.0890274047851563 0.0116863250732422 0.0256404876708984
0.00347900390625 -0.095062255859375 -2.47955322265627E-05 0.0256595611572266
-0.0287551879882813 -0.07763671875 0.10211181640625 -0.109733581542969
-0.0454063415527344 -0.0496025085449219 0.0344390869140625 -0.076568603515625
-0.0474586486816406 -0.0137290954589844 0.0127849578857422 -0.0232887268066406
-0.0326442718505859 0.0111579895019531 0.0413551330566406 -0.0231819152832031
-0.0187854766845703 0.0178909301757813 0.0392951965332031 -0.0546646118164062
-0.00947380065917969 0.0254096984863281 0.0125961303710938 -0.0784988403320313
-0.00522232055664063 0.0232810974121094 -0.0158157348632813 -0.0851593017578125
-0.00435829162597656 0.0246753692626953 -0.0253524780273438 -0.0841827392578125
-0.00919342041015625 0.0280418395996094 -0.0110855102539062 -0.0907135009765625
-0.0159988403320313 0.0179862976074219 0.0230789184570312 -0.0876388549804688
-0.0220432281494141 0.0059051513671875 0.04974365234375 -0.0625839233398437
-0.022186279296875 0.000276565551757811 0.0614433288574219 -0.0197067260742188
-0.0210437774658203 -0.0196800231933594 0.0426177978515625 0.0164108276367188
-0.0234336853027344 -0.0401992797851562 0.00423479080200195 0.00460720062255859
-0.0187759399414063 -0.0575180053710938 0.00930118560791016 -0.00294971466064454
-0.0555496215820313 -0.0391578674316406 0.0942840576171875 -0.127044677734375
-0.0517959594726563 -0.0064239501953125 0.027313232421875 -0.0881271362304688
-0.03338623046875 0.0245018005371094 0.00303840637207031 -0.0295028686523437
0.0015716552734375 0.0281047821044922 0.0315742492675781 -0.0270786285400391
0.0163612365722656 0.0107536315917969 0.0293846130371094 -0.05133056640625
0.0128097534179688 -0.005767822265625 0.00632476806640624 -0.0765304565429688
0.000689506530761719 -0.0142927169799805 -0.0183029174804687 -0.0848388671875
0.000427246093750001 -0.0103864669799805 -0.026519775390625 -0.0841522216796875
-0.00389289855957031 -0.0115718841552734 -0.0102081298828125 -0.0912551879882813
0.00158882141113281 -0.0199661254882813 0.0259017944335938 -0.0873336791992188
0.0134553909301758 -0.0161237716674805 0.0488853454589844 -0.0561332702636719
0.02093505859375 0.00115966796875 0.0555534362792969 -0.014556884765625
0.0054473876953125 0.0196170806884766 0.0302410125732422 0.0128574371337891
-0.0248908996582031 0.0148200988769531 -0.00222444534301758 -0.00598907470703125
-0.0423355102539063 -0.0112266540527344 0.011474609375 -0.0199241638183594
0.0646018981933594 -0.0404090881347656 0.00702095031738282 0.0298538208007812
0.0229110717773437 -0.0804290771484375 0.0133705139160156 0.0031595230102539
-0.0422286987304688 -0.0601921081542969 -0.0198822021484375 -0.0221824645996094
-0.0648918151855469 -0.0031585693359375 -0.0528755187988281 0.00773239135742186
-0.0473251342773438 0.0308456420898438 -0.04742431640625 0.0420417785644531
-0.0144805908203125 0.0556526184082031 -0.0185775756835937 0.0810928344726563
0.00574874877929688 0.0566520690917969 0.0149993896484375 0.0902862548828125
-0.000942230224609374 0.0490188598632813 0.0282211303710938 0.0779342651367188
-0.00731658935546875 0.0536537170410156 0.0190887451171875 0.0744247436523438
-0.0327606201171875 0.041412353515625 -0.00672531127929687 0.0680274963378906
-0.0485000610351563 0.00682449340820313 -0.010009765625 0.0463600158691406
-0.0370445251464844 -0.0290412902832031 -0.00645828247070313 0.0319614410400391
0.00875091552734375 -0.0540046691894531 0.000312805175781254 0.0573692321777344
0.0532646179199219 -0.0375099182128906 -0.00848388671874999 0.112525939941406
0.0609893798828125 -0.00185394287109375 -0.104202270507813 0.149154663085938
0.0788650512695313 -0.0858001708984375 0.0231075286865234 0.0166912078857422
0.0236740112304687 -0.121253967285156 0.0176525115966797 -0.00394630432128907
-0.0556640625 -0.0956802368164063 -0.0104618072509766 -0.0229072570800781
-0.0957870483398438 -0.0203628540039062 -0.0373954772949219 -0.000766754150390631
-0.0795211791992188 0.0371551513671875 -0.0361213684082031 0.0203933715820313
-0.0345077514648437 0.0837020874023438 -0.0173988342285156 0.0555915832519531
-0.000320434570312492 0.0877456665039063 0.00689315795898437 0.0655250549316406
-0.00542449951171875 0.0772247314453125 0.0197715759277344 0.0537834167480469
-0.0119094848632812 0.0861129760742188 0.0173377990722656 0.0485420227050781
-0.04510498046875 0.0700874328613281 0.00283432006835937 0.0466194152832031
-0.07373046875 0.02392578125 0.00800323486328124 0.0300464630126953
-0.06829833984375 -0.0257911682128906 0.0147819519042969 0.0282821655273437
-0.0160293579101563 -0.0796432495117188 0.0209922790527344 0.0650367736816406
0.0423126220703125 -0.0834579467773437 0.00518798828125001 0.117378234863281
0.0669212341308594 -0.0510215759277344 -0.084228515625 0.15118408203125
0.081207275390625 -0.118759155273438 0.0454139709472656 -0.00717163085937501
0.0201416015625 -0.148040771484375 0.023406982421875 -0.0187282562255859
-0.0636062622070312 -0.119163513183594 -0.00192642211914063 -0.0230865478515625
-0.115203857421875 -0.0342025756835937 -0.0177669525146484 -0.00707244873046876
-0.101280212402344 0.0373611450195313 -0.0178699493408203 -0.00228500366210938
-0.050933837890625 0.0991363525390625 -0.0122356414794922 0.022064208984375
-0.006195068359375 0.105873107910156 -0.00145912170410156 0.0305500030517578
-0.00837707519531251 0.0949859619140625 0.00838470458984375 0.0215644836425781
-0.0137176513671875 0.106048583984375 0.0118303298950195 0.015345573425293
-0.0498504638671875 0.091339111328125 0.0108070373535156 0.0168256759643555
-0.089630126953125 0.0412979125976563 0.0246524810791016 0.00780677795410157
-0.0936126708984375 -0.01690673828125 0.0357704162597656 0.0194664001464844
-0.0441741943359375 -0.0959854125976562 0.041259765625 0.0653114318847656
0.021392822265625 -0.120475769042969 0.0167999267578125 0.10992431640625
0.0615386962890625 -0.0948638916015625 -0.06005859375 0.1363525390625
0.068023681640625 -0.135818481445312 0.0692977905273438 -0.036865234375
0.00888061523437499 -0.152633666992188 0.0294036865234375 -0.0375022888183594
-0.0680007934570312 -0.122329711914063 0.00490760803222656 -0.0230083465576172
-0.118721008300781 -0.0387115478515625 0.00359916687011718 -0.0121088027954102
-0.106452941894531 0.0347824096679687 0.00407981872558593 -0.0240364074707031
-0.0580673217773438 0.1002197265625 -0.00376510620117188 -0.0139045715332031
-0.0112457275390625 0.108406066894531 -0.0083780288696289 -0.00880718231201171
-0.010345458984375 0.0982284545898438 -0.00432109832763672 -0.0144100189208984
-0.0146026611328125 0.110466003417969 0.00384902954101562 -0.0209007263183594
-0.0492782592773437 0.0987014770507813 0.0154514312744141 -0.0185508728027344
-0.0931777954101563 0.051116943359375 0.0373191833496094 -0.0197410583496094
-0.106376647949219 -0.00619506835937499 0.0527763366699219 0.0048980712890625
-0.0658645629882813 -0.0986251831054687 0.0550193786621094 0.0560836791992187
-0.00097656250000001 -0.139427185058594 0.0221328735351563 0.0868148803710938
0.0472335815429688 -0.12188720703125 -0.035888671875 0.105422973632812
0.0415496826171875 -0.133583068847656 0.0899810791015625 -0.0686187744140625
-0.00984191894531249 -0.135101318359375 0.0344314575195313 -0.0560188293457031
-0.0675125122070312 -0.101921081542969 0.0103530883789062 -0.0227775573730469
-0.104095458984375 -0.03076171875 0.0243949890136719 -0.0168819427490234
-0.0922698974609375 0.030670166015625 0.0242767333984375 -0.0427169799804688
-0.052490234375 0.08599853515625 0.00504684448242188 -0.0475921630859375
-0.0130767822265625 0.0931549072265625 -0.0133171081542969 -0.0459518432617187
-0.0104751586914063 0.0863418579101563 -0.0161018371582031 -0.0473060607910156
-0.0137557983398437 0.0976715087890625 -0.00594711303710938 -0.0546493530273438
-0.0427627563476562 0.0878677368164063 0.0168991088867187 -0.0520095825195312
-0.082611083984375 0.048583984375 0.0445671081542969 -0.0459480285644531
-0.0974655151367188 0.00124359130859376 0.0626068115234375 -0.0119247436523438
-0.068695068359375 -0.086456298828125 0.0600433349609375 0.0398597717285156
-0.017425537109375 -0.131111145019531 0.0196380615234375 0.0555000305175781
0.02813720703125 -0.124526977539063 -0.0136680603027344 0.0641326904296875
0.00719451904296874 -0.113609313964844 0.102668762207031 -0.0978240966796875
-0.02996826171875 -0.0983352661132813 0.0358200073242187 -0.0717926025390625
-0.0603523254394531 -0.0624008178710938 0.0134296417236328 -0.0233802795410156
-0.0733795166015625 -0.0129318237304687 0.0387687683105469 -0.0216903686523437
-0.0612564086914062 0.0248489379882813 0.0371131896972656 -0.0545425415039063
-0.0360450744628906 0.0599708557128906 0.010284423828125 -0.0717239379882812
-0.01153564453125 0.0640716552734375 -0.0167999267578125 -0.074188232421875
-0.00934982299804687 0.0613670349121094 -0.024993896484375 -0.073028564453125
-0.0129623413085938 0.0704803466796875 -0.012939453125 -0.0808029174804688
-0.0333824157714844 0.0599441528320313 0.0173568725585937 -0.0790939331054688
-0.0589179992675781 0.0310897827148438 0.0476799011230469 -0.0639190673828125
-0.0678367614746094 0.000663757324218754 0.0654411315917969 -0.0222511291503906
-0.0504493713378906 -0.0599861145019531 0.0552215576171875 0.0241546630859375
-0.022674560546875 -0.0962982177734375 0.0126075744628906 0.0241165161132812
0.00688934326171875 -0.101806640625 0.00310134887695313 0.0234813690185547
-0.028228759765625 -0.0799331665039063 0.1053466796875 -0.122428894042969
-0.0443305969238281 -0.0520362854003906 0.033447265625 -0.0850143432617187
-0.0474395751953125 -0.0166778564453125 0.0108394622802734 -0.0256595611572266
-0.0342922210693359 0.00824165344238281 0.04150390625 -0.0263481140136719
-0.0218124389648438 0.0172557830810547 0.0390701293945313 -0.0589447021484375
-0.0132617950439453 0.0273246765136719 0.00975036621093749 -0.0827789306640625
-0.00819969177246094 0.0265541076660156 -0.0198898315429688 -0.08880615234375
-0.00623321533203125 0.0272998809814453 -0.029815673828125 -0.087249755859375
-0.0117321014404297 0.0323486328125 -0.01593017578125 -0.095550537109375
-0.0201435089111328 0.0207443237304688 0.0199050903320312 -0.0935897827148438
-0.0272274017333984 0.00570106506347656 0.0500106811523438 -0.0690155029296875
-0.0250225067138672 -0.00304031372070313 0.0638275146484375 -0.024200439453125
-0.0202655792236328 -0.0244350433349609 0.0443992614746094 0.0147628784179688
-0.0212287902832031 -0.0439414978027344 0.00491666793823242 0.00227975845336914
-0.0156974792480469 -0.0602188110351563 0.0140705108642578 -0.00721549987792969
-0.0565261840820313 -0.0364761352539063 0.0983352661132813 -0.139938354492188
-0.050537109375 -0.00453948974609375 0.0263748168945313 -0.0965728759765625
-0.0305690765380859 0.0249557495117187 0.00123214721679687 -0.0317611694335938
0.00339317321777344 0.0257511138916016 0.0319900512695313 -0.0298652648925781
0.0157384872436523 0.00844097137451172 0.02978515625 -0.0545692443847656
0.00992965698242188 -0.00716114044189453 0.00537872314453125 -0.080810546875
-0.00273799896240234 -0.0136728286743164 -0.02099609375 -0.08978271484375
-0.00273990631103516 -0.00984287261962891 -0.03045654296875 -0.0890960693359375
-0.00774669647216797 -0.0104875564575195 -0.0137405395507813 -0.096893310546875
-0.003387451171875 -0.0207500457763672 0.0242538452148438 -0.0940933227539063
0.00955772399902344 -0.0194778442382813 0.04998779296875 -0.0619010925292969
0.0203647613525391 -0.00312232971191406 0.0583305358886719 -0.017791748046875
0.00870513916015625 0.0165910720825195 0.0317707061767578 0.0115852355957031
-0.0210285186767578 0.0151119232177734 -0.00109481811523438 -0.00875997543334961
-0.0396194458007813 -0.0100135803222656 0.0177650451660156 -0.0251750946044922
0.060821533203125 -0.0466156005859375 0.00272750854492188 0.0340366363525391
0.0151824951171875 -0.0825958251953125 0.0113563537597656 0.00545024871826171
-0.0472755432128906 -0.0564537048339844 -0.0218086242675781 -0.0201492309570313
-0.0644454956054687 0.00233459472656249 -0.0540390014648438 0.0101470947265625
-0.0445518493652344 0.0355033874511719 -0.0470962524414062 0.046417236328125
-0.00887680053710938 0.05694580078125 -0.0153045654296875 0.0856704711914063
0.0117340087890625 0.0562934875488281 0.0204620361328125 0.0937881469726563
0.00421905517578125 0.0497169494628906 0.0326385498046875 0.0799636840820313
-0.00088882446289062 0.0549964904785156 0.0225448608398437 0.0769195556640625
-0.0285148620605469 0.0458869934082031 -0.00408935546875001 0.0725860595703125
-0.0485801696777344 0.0124893188476562 -0.00868988037109376 0.0477218627929688
-0.0408439636230469 -0.0256195068359375 -0.00480842590332032 0.0325775146484375
0.00239944458007813 -0.0558128356933594 0.00496292114257812 0.0596847534179688
0.0494422912597656 -0.0442771911621094 -0.00306701660156251 0.117874145507813
0.0607681274414063 -0.00909805297851563 -0.101654052734375 0.161392211914063
0.0752029418945313 -0.0948944091796875 0.0184612274169922 0.0186882019042969
0.0146560668945313 -0.126419067382813 0.0153207778930664 -0.00224304199218751
-0.0633926391601563 -0.0942001342773438 -0.0125694274902344 -0.0218296051025391
-0.098602294921875 -0.0141677856445312 -0.0389595031738281 0.00120162963867187
-0.078125 0.0440826416015625 -0.0377235412597656 0.0239143371582031
-0.0287551879882813 0.0875244140625 -0.0166854858398438 0.0598831176757813
0.00714111328125 0.0897903442382813 0.00968933105468749 0.0695228576660156
0.00101470947265624 0.0800094604492188 0.0223159790039062 0.0569725036621094
-0.00459289550781249 0.0895156860351563 0.0189056396484375 0.0509376525878906
-0.0407562255859375 0.0763702392578125 0.0035552978515625 0.0494537353515625
-0.0747146606445313 0.0313873291015625 0.00821876525878906 0.0301094055175781
-0.0740585327148438 -0.022216796875 0.0159435272216797 0.0269889831542969
-0.0240097045898437 -0.082977294921875 0.0264892578125 0.0660400390625
0.0363616943359375 -0.0920867919921875 0.0113601684570312 0.12115478515625
0.0664520263671875 -0.0611953735351563 -0.0808563232421875 0.160995483398438
0.0776748657226562 -0.130210876464844 0.0401115417480469 -0.00821304321289064
0.0111083984375 -0.154464721679687 0.0196437835693359 -0.0181903839111328
-0.0730209350585938 -0.119743347167969 -0.0046234130859375 -0.022369384765625
-0.120635986328125 -0.02838134765625 -0.0202465057373047 -0.00621223449707032
-0.101821899414062 0.0454483032226563 -0.0208377838134766 -0.000326156616210934
-0.0459747314453125 0.105186462402344 -0.0136642456054688 0.0251617431640625
0.00110626220703126 0.110076904296875 -0.00107765197753906 0.0341796875
-0.00194549560546876 0.0993118286132813 0.00898361206054688 0.0246315002441406
-0.00644683837890624 0.111412048339844 0.0108137130737305 0.017333984375
-0.0457000732421875 0.0985641479492188 0.00930786132812499 0.0185718536376953
-0.0912857055664062 0.0496139526367188 0.023834228515625 0.0055084228515625
-0.100502014160156 -0.0120620727539062 0.0369453430175781 0.0158004760742188
-0.053314208984375 -0.099395751953125 0.0463333129882812 0.0642623901367188
0.0144271850585938 -0.130401611328125 0.022308349609375 0.1112060546875
0.0600814819335937 -0.10577392578125 -0.056365966796875 0.143142700195313
0.0653533935546875 -0.147079467773438 0.0640640258789063 -0.0415306091308594
0.000732421875000011 -0.16046142578125 0.0249519348144531 -0.039031982421875
-0.0777130126953125 -0.125045776367188 0.0015869140625 -0.0229167938232422
-0.125450134277344 -0.0345382690429687 0.00141048431396484 -0.0126991271972656
-0.109405517578125 0.042999267578125 -0.000251770019531257 -0.0240821838378906
-0.0547561645507813 0.107345581054688 -0.00741291046142579 -0.0124902725219726
-0.00474548339843749 0.113685607910156 -0.0108556747436523 -0.0057229995727539
-0.004974365234375 0.103363037109375 -0.00681400299072265 -0.0113096237182617
-0.0076904296875 0.116310119628906 -0.000118255615234375 -0.0198211669921875
-0.045623779296875 0.106376647949219 0.0120525360107422 -0.0181217193603516
-0.09552001953125 0.0593948364257812 0.0349807739257812 -0.0235767364501953
-0.112312316894531 -0.00121307373046875 0.0526580810546875 -0.000560760498046875
-0.0742721557617187 -0.10211181640625 0.0598526000976563 0.0527420043945313
-0.0079345703125 -0.147872924804687 0.026458740234375 0.0867996215820313
0.0453414916992187 -0.132652282714844 -0.0317840576171875 0.108413696289062
0.0398406982421875 -0.142593383789062 0.0848388671875 -0.0768585205078125
-0.015716552734375 -0.141830444335938 0.0295372009277344 -0.0603218078613281
-0.075469970703125 -0.105117797851563 0.00736808776855469 -0.0232982635498047
-0.11126708984375 -0.0281906127929688 0.0222854614257812 -0.0190391540527344
-0.0961685180664062 0.0374908447265625 0.0196762084960937 -0.0449104309082031
-0.0514144897460937 0.0926895141601563 -0.000461578369140628 -0.0480003356933594
-0.008697509765625 0.0989913940429688 -0.0181159973144531 -0.0445480346679688
-0.00675201416015626 0.0914077758789063 -0.0203018188476562 -0.0455856323242187
-0.00952911376953124 0.104110717773438 -0.0117454528808594 -0.0545692443847656
-0.0408096313476563 0.095123291015625 0.0117340087890625 -0.0537033081054687
-0.08551025390625 0.0552902221679688 0.0408058166503906 -0.0504570007324219
-0.103096008300781 0.00476074218749999 0.0621910095214844 -0.0173225402832031
-0.0759658813476562 -0.089263916015625 0.0628929138183594 0.0358161926269531
-0.0233917236328125 -0.138153076171875 0.0223770141601563 0.053924560546875
0.0261383056640625 -0.133651733398438 -0.0102882385253906 0.0636482238769531
0.00614166259765625 -0.119209289550781 0.0985260009765625 -0.108863830566406
-0.0325469970703125 -0.103179931640625 0.0314407348632813 -0.0779647827148438
-0.0648727416992188 -0.0659255981445312 0.0107707977294922 -0.0250034332275391
-0.0782852172851563 -0.0126571655273438 0.0366172790527344 -0.025115966796875
-0.0646247863769531 0.0285415649414062 0.033203125 -0.0583305358886719
-0.0370025634765625 0.0654335021972656 0.004638671875 -0.0735702514648438
-0.0097503662109375 0.0694503784179688 -0.0230865478515625 -0.0739974975585938
-0.0078887939453125 0.0661125183105469 -0.0307998657226563 -0.0723037719726563
-0.0114288330078125 0.07574462890625 -0.0200424194335937 -0.0820083618164063
-0.0339546203613281 0.0653877258300781 0.0112457275390625 -0.0820465087890625
-0.0631446838378906 0.0354499816894531 0.0439910888671875 -0.0691642761230469
-0.0725936889648438 0.00209045410156251 0.0647048950195313 -0.0281181335449219
-0.0551414489746094 -0.0632209777832031 0.0565223693847656 0.0203933715820312
-0.025421142578125 -0.101554870605469 0.0136756896972656 0.0213947296142578
0.00634765625000001 -0.107749938964844 0.00629425048828125 0.0200977325439453
-0.0279769897460938 -0.080902099609375 0.102340698242188 -0.135200500488281
-0.0440025329589844 -0.0528945922851563 0.0287322998046875 -0.0919036865234375
-0.0478591918945313 -0.0182762145996094 0.00790214538574218 -0.0278587341308594
-0.0361213684082031 0.00640869140624999 0.0399513244628906 -0.0293693542480469
-0.0243072509765625 0.0178737640380859 0.0356101989746094 -0.0631484985351563
-0.0157432556152344 0.0298538208007813 0.00466156005859374 -0.0859603881835937
-0.00928306579589844 0.0303192138671875 -0.0260772705078125 -0.0902938842773438
-0.00729179382324219 0.0305347442626953 -0.0361480712890625 -0.0879058837890625
-0.0125465393066406 0.0361328125 -0.0233154296875 -0.097320556640625
-0.0233554840087891 0.0242919921875 0.013519287109375 -0.0977706909179688
-0.0319671630859375 0.00659751892089844 0.0465240478515625 -0.0740890502929687
-0.0286312103271484 -0.0045166015625 0.0633201599121094 -0.0294418334960938
-0.0214424133300781 -0.0282878875732422 0.0455093383789062 0.0117568969726562
-0.0201988220214844 -0.0468635559082031 0.00506067276000976 -0.000504016876220706
-0.0145416259765625 -0.062469482421875 0.0178718566894531 -0.0124607086181641
-0.0560722351074219 -0.0324668884277344 0.095947265625 -0.153045654296875
-0.0479202270507813 -0.00190734863281251 0.0215911865234375 -0.103836059570312
-0.0272808074951172 0.0256881713867188 -0.00136756896972656 -0.0331554412841797
0.00525665283203125 0.0226497650146484 0.0302448272705078 -0.0322170257568359
0.0148763656616211 0.0052337646484375 0.0281295776367188 -0.0581016540527344
0.0065302848815918 -0.00796651840209961 0.00183105468749999 -0.0834121704101563
-0.00669479370117187 -0.0124626159667969 -0.0264129638671875 -0.0920867919921875
-0.00550460815429688 -0.00859355926513672 -0.0361480712890625 -0.09039306640625
-0.0109825134277344 -0.00825691223144531 -0.0206375122070312 -0.100349426269531
-0.00864028930664063 -0.0192661285400391 0.0189743041992188 -0.099578857421875
0.00475120544433594 -0.0215396881103516 0.0477180480957031 -0.0673179626464844
0.0185222625732422 -0.00664329528808594 0.0589027404785156 -0.0222663879394531
0.0115385055541992 0.0133457183837891 0.0323276519775391 0.00955581665039063
-0.0166969299316406 0.0147886276245117 -0.000834465026855471 -0.0114536285400391
-0.0365257263183594 -0.00797271728515624 0.0219230651855469 -0.0307884216308594
0.0556411743164063 -0.0502090454101563 -0.000606536865234374 0.0379905700683594
0.00768280029296874 -0.0809860229492188 0.0103111267089844 0.0080881118774414
-0.0502052307128906 -0.0511131286621094 -0.02252197265625 -0.01806640625
-0.0617790222167969 0.00773620605468749 -0.0535697937011719 0.0131759643554688
-0.0401992797851563 0.0385780334472656 -0.0451164245605469 0.0497779846191406
-0.0032958984375 0.0556907653808594 -0.0108642578125 0.0874481201171875
0.0173187255859375 0.0540847778320312 0.0254898071289063 0.094085693359375
0.00887680053710937 0.0481300354003906 0.036651611328125 0.0801849365234375
0.00480270385742188 0.0542106628417969 0.0259323120117187 0.07733154296875
-0.0233688354492188 0.0480079650878906 -0.00112152099609376 0.0744705200195313
-0.0463981628417969 0.0170974731445312 -0.00741195678710938 0.0484962463378906
-0.0432395935058594 -0.0214271545410156 -0.00387763977050781 0.0319919586181641
-0.00337982177734375 -0.0550537109375 0.00910568237304688 0.0592231750488281
0.0432472229003906 -0.0481605529785156 0.00289916992187501 0.119430541992188
0.0585517883300781 -0.0157279968261719 -0.09600830078125 0.168472290039063
0.0686874389648438 -0.0998916625976563 0.0132999420166016 0.0210247039794922
0.00570678710937501 -0.126289367675781 0.0129203796386719 -1.6212463378914E-05
-0.0686874389648438 -0.0894546508789062 -0.0140056610107422 -0.0199031829833984
-0.0976943969726563 -0.00759887695312499 -0.0400886535644531 0.00335693359375
-0.0742645263671875 0.0490570068359375 -0.0376052856445313 0.0264739990234375
-0.0225601196289063 0.0880279541015625 -0.0147972106933594 0.0619964599609375
0.0142364501953125 0.088470458984375 0.0128707885742188 0.0710983276367187
0.00708770751953125 0.07977294921875 0.0247230529785156 0.0571823120117188
0.002532958984375 0.08953857421875 0.0201034545898438 0.0519866943359375
-0.0350341796875 0.0799179077148438 0.00477600097656249 0.0516624450683594
-0.0729598999023438 0.0377960205078125 0.00804138183593749 0.0292472839355469
-0.0766143798828125 -0.0169448852539063 0.0164051055908203 0.025238037109375
-0.0310592651367188 -0.0826034545898438 0.0305137634277344 0.063995361328125
0.0295944213867188 -0.0969772338867188 0.0168991088867188 0.120391845703125
0.0629081726074219 -0.0685653686523438 -0.07452392578125 0.166015625
0.0708847045898438 -0.136314392089844 0.0341567993164063 -0.00802612304687501
0.00137329101562499 -0.155120849609375 0.0165853500366211 -0.0169105529785156
-0.0803985595703125 -0.117088317871094 -0.00720977783203126 -0.0209369659423828
-0.122406005859375 -0.0220108032226562 -0.0219230651855469 -0.00483894348144532
-0.0988388061523438 0.052032470703125 -0.0228385925292969 0.00174140930175782
-0.039703369140625 0.107467651367188 -0.0143089294433594 0.02764892578125
0.008697509765625 0.110313415527344 3.81469726562338E-06 0.0372047424316406
0.004241943359375 0.0997390747070313 0.009307861328125 0.027069091796875
0.0010833740234375 0.112541198730469 0.00973129272460938 0.0190181732177734
-0.0395660400390625 0.102821350097656 0.008514404296875 0.0196208953857422
-0.089752197265625 0.0566940307617188 0.0216789245605469 0.00440406799316407
-0.103103637695313 -0.00661468505859376 0.0361785888671875 0.0127372741699219
-0.061126708984375 -0.09912109375 0.0501976013183594 0.0604743957519531
0.00623321533203124 -0.135223388671875 0.0270614624023437 0.109703063964844
0.0559844970703125 -0.113334655761719 -0.050933837890625 0.145980834960938
0.0600433349609375 -0.152877807617188 0.0573577880859375 -0.0433807373046875
-0.0078277587890625 -0.16253662109375 0.0204925537109375 -0.0384635925292969
-0.0854949951171875 -0.123512268066406 -0.000761032104492191 -0.0218009948730469
-0.129310607910156 -0.0291213989257813 -0.00133514404296876 -0.0122528076171875
-0.1077880859375 0.0497512817382813 -0.00356674194335938 -0.0234928131103516
-0.0494766235351563 0.110763549804687 -0.010406494140625 -0.0101861953735351
0.00183868408203124 0.11492919921875 -0.0117006301879883 -0.00243186950683593
0.000862121582031246 0.10491943359375 -0.0080409049987793 -0.00835657119750976
-0.00140380859374999 0.118499755859375 -0.00333595275878906 -0.0178127288818359
-0.0403060913085938 0.110763549804688 0.0089120864868164 -0.0168733596801758
-0.0945053100585937 0.0665740966796875 0.0317916870117188 -0.0254249572753906
-0.114883422851562 0.00428009033203127 0.051177978515625 -0.00453948974609375
-0.0810623168945313 -0.101875305175781 0.0618133544921875 0.048248291015625
-0.016387939453125 -0.151885986328125 0.0296096801757813 0.083831787109375
0.0409774780273438 -0.13922119140625 -0.02764892578125 0.108009338378906
0.03564453125 -0.147735595703125 0.0776138305664062 -0.0819091796875
-0.021636962890625 -0.144027709960938 0.0238075256347656 -0.0612983703613281
-0.0820770263671875 -0.105323791503906 0.00484657287597655 -0.0234718322753906
-0.115043640136719 -0.0248336791992187 0.0194110870361328 -0.0194969177246094
-0.0961380004882813 0.042724609375 0.0157470703125 -0.0450286865234375
-0.0479736328125 0.09735107421875 -0.00526046752929688 -0.0464859008789062
-0.00409698486328125 0.101280212402344 -0.0212326049804687 -0.0410270690917969
-0.00272369384765625 0.0938796997070313 -0.0237655639648438 -0.0418472290039062
-0.00388336181640626 0.107025146484375 -0.0164756774902344 -0.0525283813476562
-0.0373382568359375 0.09954833984375 0.00663757324218749 -0.0526809692382812
-0.0855712890625 0.060943603515625 0.0361747741699219 -0.0533256530761719
-0.10577392578125 0.00857543945312499 0.0592536926269531 -0.0218963623046875
-0.082000732421875 -0.0890960693359375 0.0631866455078125 0.0311431884765625
-0.029327392578125 -0.141143798828125 0.0236358642578125 0.0509910583496094
0.0232772827148438 -0.138191223144531 -0.00727462768554688 0.0614089965820312
0.0045623779296875 -0.121200561523438 0.0916671752929687 -0.115837097167969
-0.0351791381835937 -0.1048583984375 0.025634765625 -0.0809173583984375
-0.0689582824707031 -0.067138671875 0.00797462463378906 -0.0252914428710938
-0.0814285278320313 -0.0116806030273437 0.0336418151855469 -0.0266971588134766
-0.0657119750976563 0.0318145751953125 0.0283737182617188 -0.0599555969238281
-0.0362014770507812 0.0692939758300781 -0.000740051269531251 -0.0727462768554688
-0.007476806640625 0.0725784301757813 -0.0274658203125 -0.0714340209960938
-0.00577163696289062 0.06878662109375 -0.0351905822753906 -0.0690803527832031
-0.00830078125 0.0792999267578125 -0.02630615234375 -0.080047607421875
-0.0325202941894531 0.0697479248046875 0.00523376464843751 -0.0817642211914062
-0.0646781921386719 0.0394554138183594 0.038848876953125 -0.0718307495117188
-0.0751266479492188 0.0037384033203125 0.0615921020507813 -0.0323219299316406
-0.05859375 -0.0647964477539063 0.0561752319335937 0.0162620544433594
-0.0284194946289063 -0.10369873046875 0.0135478973388672 0.01861572265625
0.00543975830078125 -0.110176086425781 0.00883865356445312 0.0161256790161133
-0.0274810791015625 -0.0797119140625 0.09552001953125 -0.143173217773438
-0.0433769226074219 -0.0529937744140625 0.0235214233398438 -0.0958175659179688
-0.04766845703125 -0.0196533203125 0.00584793090820312 -0.0285053253173828
-0.0377464294433594 0.00512313842773437 0.0368614196777344 -0.0314292907714844
-0.0266647338867188 0.0180397033691406 0.0313339233398438 -0.06475830078125
-0.0175361633300781 0.0320072174072266 -0.000297546386718745 -0.0853805541992188
-0.00898361206054687 0.0332546234130859 -0.0307540893554687 -0.0884552001953125
-0.00752639770507812 0.0333728790283203 -0.0408706665039063 -0.0851058959960937
-0.0121231079101562 0.0397224426269531 -0.0292434692382813 -0.0960540771484375
-0.0250492095947266 0.0277862548828125 0.00748443603515624 -0.0980911254882812
-0.0354804992675781 0.00856399536132812 0.0417556762695313 -0.0774917602539063
-0.0314083099365234 -0.00541114807128906 0.061065673828125 -0.0331573486328125
-0.0225429534912109 -0.0311508178710938 0.044586181640625 0.00811767578125
-0.0195579528808594 -0.0491867065429688 0.00484180450439453 -0.00304269790649414
-0.0127410888671875 -0.0633926391601563 0.0199432373046875 -0.0174999237060547
-0.0544013977050781 -0.0285873413085937 0.089752197265625 -0.160568237304688
-0.0446739196777344 -3.05175781250074E-05 0.015869140625 -0.107429504394531
-0.0237579345703125 0.0245304107666016 -0.004180908203125 -0.0338020324707031
0.00561714172363281 0.0196685791015625 0.0281543731689453 -0.0337810516357422
0.0133142471313477 0.00312519073486328 0.0248603820800781 -0.0591392517089844
0.00307226181030273 -0.00739383697509766 -0.00203704833984376 -0.0836639404296875
-0.00936794281005859 -0.00995349884033203 -0.0312042236328125 -0.0909957885742188
-0.00823688507080078 -0.00654172897338867 -0.0408401489257813 -0.08935546875
-0.0133581161499023 -0.00555324554443359 -0.0262222290039063 -0.099945068359375
-0.0125274658203125 -0.016937255859375 0.012847900390625 -0.101531982421875
0.000123977661132812 -0.0216617584228516 0.0438919067382813 -0.0707168579101563
0.0155019760131836 -0.0104360580444336 0.0571823120117188 -0.0257148742675781
0.0129728317260742 0.00934028625488281 0.0325260162353516 0.00745391845703125
-0.0120935440063477 0.0133295059204102 -0.00072479248046875 -0.0141534805297852
-0.0323123931884766 -0.00647735595703125 0.0244483947753906 -0.0362701416015625
0.0511894226074219 -0.0512008666992188 -0.00453948974609375 0.0417671203613281
0.00308990478515625 -0.0776901245117187 0.00874996185302735 0.010798454284668
-0.0503578186035156 -0.0466156005859375 -0.0224819183349609 -0.0163784027099609
-0.0585746765136719 0.0103874206542969 -0.0528488159179688 0.0145301818847656
-0.0364952087402344 0.0391960144042969 -0.0437660217285156 0.05023193359375
-9.53674316406304E-05 0.0534019470214844 -0.00868988037109375 0.087066650390625
0.0201454162597656 0.0511474609375 0.02752685546875 0.0932540893554688
0.0120849609375 0.0461349487304688 0.0381851196289062 0.07916259765625
0.00820159912109375 0.0522613525390625 0.0275421142578125 0.0771026611328125
-0.0194244384765625 0.0484848022460938 0.00135040283203124 0.0753250122070313
-0.0439682006835938 0.0205612182617188 -0.00684738159179688 0.0480575561523438
-0.0434150695800781 -0.0182723999023438 -0.00339889526367188 0.031158447265625
-0.00736618041992187 -0.0535545349121094 0.0114555358886719 0.0584449768066406
0.0386848449707031 -0.0496635437011719 0.00549316406250001 0.118789672851563
0.0551910400390625 -0.0198783874511719 -0.0926971435546875 0.170974731445313
0.0635604858398438 -0.101760864257813 0.00851440429687501 0.0243682861328125
0.000305175781250011 -0.123062133789063 0.0107870101928711 0.00193691253662109
-0.0703125 -0.0852737426757812 -0.0145282745361328 -0.0181636810302734
-0.0955352783203125 -0.00460052490234374 -0.0399627685546875 0.00448608398437501
-0.070709228515625 0.0504226684570312 -0.0371971130371094 0.0282058715820313
-0.0186691284179687 0.08685302734375 -0.0140380859375 0.0628013610839844
0.0180816650390625 0.0862808227539063 0.0146560668945312 0.0719223022460938
0.0106277465820312 0.0780868530273438 0.0256156921386719 0.0584907531738281
0.0068359375 0.0878829956054688 0.0205078125 0.0531272888183594
-0.030792236328125 0.080841064453125 0.00548553466796875 0.0523452758789063
-0.0709075927734375 0.041046142578125 0.00750350952148437 0.0289936065673828
-0.077606201171875 -0.0135726928710937 0.0156364440917969 0.0236873626708984
-0.0352020263671875 -0.0814590454101563 0.0322914123535156 0.0613288879394531
0.024200439453125 -0.099578857421875 0.0186386108398438 0.119033813476563
0.059722900390625 -0.0730209350585938 -0.07135009765625 0.166839599609375
0.0668182373046875 -0.138633728027344 0.0288124084472656 -0.00615692138671876
-0.00390624999999999 -0.153610229492188 0.0138444900512695 -0.0144109725952149
-0.0828857421875 -0.113517761230469 -0.00778961181640625 -0.0188789367675781
-0.121177673339844 -0.018646240234375 -0.0228958129882813 -0.00354957580566406
-0.0962142944335938 0.05474853515625 -0.0239925384521484 0.00334167480468751
-0.03594970703125 0.107353210449219 -0.0147113800048828 0.0297012329101563
0.0123367309570313 0.109100341796875 0.000625610351562498 0.0392417907714844
0.00771331787109376 0.0987548828125 0.00919342041015625 0.0286617279052734
0.00560760498046874 0.111862182617188 0.008819580078125 0.0207157135009766
-0.0354385375976562 0.10400390625 0.00749397277832031 0.0213775634765625
-0.0879745483398438 0.0601043701171875 0.0198402404785156 0.00327301025390625
-0.104660034179688 -0.002960205078125 0.0341873168945312 0.0103530883789062
-0.0656509399414063 -0.0982894897460937 0.050689697265625 0.0570030212402344
0.000793457031250003 -0.136848449707031 0.0284576416015625 0.106903076171875
0.0527572631835937 -0.117546081542969 -0.0483551025390625 0.14532470703125
0.056854248046875 -0.155548095703125 0.0509033203125 -0.0432243347167969
-0.01239013671875 -0.1617431640625 0.017333984375 -0.0372238159179688
-0.089691162109375 -0.121696472167969 -0.00226593017578125 -0.0202388763427734
-0.129753112792969 -0.0262832641601562 -0.00252819061279298 -0.0114946365356445
-0.105911254882813 0.0525054931640625 -0.00617790222167969 -0.0216827392578125
-0.0465927124023438 0.111968994140625 -0.0128040313720703 -0.00774383544921874
0.00617218017578125 0.114639282226562 -0.0120105743408203 0.000456809997558599
0.00428009033203126 0.104873657226563 -0.00861263275146484 -0.00561428070068359
0.00269317626953126 0.119186401367188 -0.00538921356201172 -0.0150423049926758
-0.036773681640625 0.112503051757812 0.00657367706298828 -0.0150508880615234
-0.0932998657226563 0.0694503784179687 0.0282878875732422 -0.0262279510498047
-0.116401672363281 0.00692749023437502 0.0482635498046875 -0.00694656372070312
-0.0852127075195313 -0.101425170898437 0.0615043640136719 0.0446548461914063
-0.0206298828125 -0.153839111328125 0.03021240234375 0.0807113647460937
0.03912353515625 -0.14208984375 -0.025360107421875 0.106193542480469
0.0347442626953125 -0.149444580078125 0.0712661743164063 -0.0829849243164063
-0.02410888671875 -0.145095825195313 0.0202827453613281 -0.0608711242675781
-0.085357666015625 -0.105430603027344 0.00316619873046874 -0.0221939086914063
-0.117073059082031 -0.0232772827148438 0.0168800354003906 -0.0193233489990234
-0.0954818725585938 0.0453262329101562 0.011871337890625 -0.044097900390625
-0.0464553833007813 0.0992813110351562 -0.00798416137695313 -0.0438499450683594
-0.000488281249999989 0.102447509765625 -0.0225753784179688 -0.0378456115722656
7.62939453125032E-05 0.0947189331054687 -0.0250740051269531 -0.0387458801269531
-0.00140380859374999 0.108329772949219 -0.0196762084960938 -0.0495834350585937
-0.034942626953125 0.101585388183594 0.00365066528320313 -0.0508575439453125
-0.0854721069335937 0.0638427734375 0.0324287414550781 -0.053955078125
-0.106971740722656 0.0104827880859375 0.056304931640625 -0.0235671997070313
-0.084014892578125 -0.089752197265625 0.0620880126953125 0.028167724609375
-0.0325927734375 -0.142898559570312 0.0231208801269531 0.0478591918945312
0.0222625732421875 -0.140640258789063 -0.00594329833984375 0.0583343505859375
0.00551605224609375 -0.122329711914063 0.0859909057617188 -0.118339538574219
-0.0352096557617188 -0.105461120605469 0.021392822265625 -0.0812149047851563
-0.0701255798339844 -0.0687294006347656 0.00606918334960937 -0.0249309539794922
-0.0839691162109375 -0.012603759765625 0.0305690765380859 -0.0267372131347656
-0.0671844482421875 0.0329856872558594 0.0247001647949219 -0.0591468811035156
-0.0360183715820313 0.0713729858398437 -0.00373077392578125 -0.0704727172851563
-0.00625610351562499 0.0744552612304688 -0.0292282104492187 -0.0687255859375
-0.00460052490234374 0.0703659057617188 -0.0363998413085938 -0.0663414001464844
-0.00710296630859376 0.0814437866210938 -0.029449462890625 -0.0770263671875
-0.0323638916015625 0.0718612670898438 0.00150299072265625 -0.0800094604492188
-0.0664482116699219 0.0413780212402344 0.0347137451171875 -0.0721359252929688
-0.0770111083984375 0.00411224365234377 0.0585975646972656 -0.0338516235351563
-0.060028076171875 -0.0665550231933594 0.0540771484375 0.013946533203125
-0.02935791015625 -0.1058349609375 0.0124711990356445 0.0163421630859375
0.00656127929687501 -0.111984252929688 0.00998020172119141 0.0122442245483398
-0.0248947143554687 -0.0786819458007813 0.090789794921875 -0.146011352539063
-0.0411224365234375 -0.0537376403808594 0.0198974609375 -0.0970993041992188
-0.0473747253417969 -0.0216827392578125 0.00363540649414062 -0.0283660888671875
-0.0389556884765625 0.00288772583007812 0.0345554351806641 -0.0318813323974609
-0.0275344848632813 0.0182552337646484 0.0283699035644531 -0.0643234252929688
-0.0194911956787109 0.0334262847900391 -0.0030517578125 -0.0843658447265625
-0.00965499877929687 0.0355796813964844 -0.0332412719726563 -0.086639404296875
-0.00775527954101563 0.0351448059082031 -0.0426788330078125 -0.0828628540039062
-0.0122604370117188 0.0418739318847656 -0.0326766967773438 -0.0936508178710938
-0.0265789031982422 0.0306892395019531 0.00329589843749999 -0.0967941284179688
-0.0382804870605469 0.0102272033691406 0.03802490234375 -0.0780563354492188
-0.0339832305908203 -0.00654411315917968 0.05792236328125 -0.0350112915039063
-0.0236644744873047 -0.0337982177734375 0.0427703857421875 0.00693893432617187
-0.0183982849121094 -0.0510749816894531 0.00385713577270508 -0.00541925430297852
-0.0096282958984375 -0.0639381408691406 0.0212593078613281 -0.0219593048095703
-0.0509529113769531 -0.0260467529296875 0.08587646484375 -0.164093017578125
-0.0407981872558594 -0.000179290771484379 0.01312255859375 -0.108383178710938
-0.0213851928710937 0.0226287841796875 -0.00537109375 -0.0334739685058594
0.00557708740234375 0.0166788101196289 0.0258922576904297 -0.0339126586914063
0.0112848281860352 0.00181102752685547 0.0229454040527344 -0.0590248107910156
0.000132083892822265 -0.00673866271972656 -0.0040740966796875 -0.0825958251953125
-0.0109653472900391 -0.00739383697509766 -0.0326004028320312 -0.0903167724609375
-0.00983524322509765 -0.00443172454833985 -0.04241943359375 -0.0875167846679688
-0.0150241851806641 -0.00336456298828125 -0.0296401977539062 -0.0980987548828125
-0.0152788162231445 -0.0144128799438477 0.00846099853515624 -0.101226806640625
-0.00385856628417969 -0.0210647583007813 0.041168212890625 -0.071533203125
0.012944221496582 -0.0117406845092773 0.0557060241699219 -0.0275650024414063
0.0131120681762695 0.0054473876953125 0.0313072204589844 0.00624656677246094
-0.00940895080566406 0.0111846923828125 -0.000925064086914064 -0.0155792236328125
-0.0287151336669922 -0.00634193420410156 0.0266075134277344 -0.0410423278808594
0.0485076904296875 -0.0509262084960937 -0.00836944580078125 0.0460891723632813
0.000633239746093744 -0.0755386352539063 0.00770473480224609 0.0131216049194336
-0.0496826171875 -0.0444984436035156 -0.0221290588378906 -0.0153388977050781
-0.0564117431640625 0.0113601684570313 -0.0527000427246094 0.0149803161621094
-0.0345840454101563 0.0389251708984375 -0.0437736511230469 0.0506439208984375
0.00130081176757812 0.0522537231445313 -0.00836944580078126 0.088165283203125
0.0220603942871094 0.0486793518066406 0.0286483764648437 0.0942916870117188
0.0136222839355469 0.0444297790527344 0.0383529663085938 0.0800552368164063
0.0105400085449219 0.0508499145507812 0.0278396606445312 0.0783004760742188
-0.0167312622070312 0.0482635498046875 0.0016632080078125 0.0760498046875
-0.0424995422363281 0.0220756530761719 -0.00781631469726563 0.0481491088867188
-0.0440864562988281 -0.0168037414550781 -0.00420570373535156 0.0313968658447266
-0.00941848754882813 -0.0526237487792969 0.0128593444824219 0.0583648681640625
0.0357208251953125 -0.0508346557617188 0.00550842285156249 0.119873046875
0.05322265625 -0.0223655700683594 -0.093597412109375 0.172698974609375
0.06201171875 -0.102935791015625 0.00415802001953125 0.0276241302490234
-0.00226593017578124 -0.121803283691406 0.00932598114013672 0.00428295135498046
-0.070709228515625 -0.0838165283203125 -0.0144081115722656 -0.0167675018310547
-0.094390869140625 -0.00360107421875 -0.0406951904296875 0.00508117675781249
-0.069244384765625 0.0511360168457031 -0.0378570556640625 0.02886962890625
-0.0172882080078125 0.0861434936523438 -0.0141105651855469 0.0641632080078125
0.0199127197265625 0.0849685668945313 0.015380859375 0.073577880859375
0.0118637084960937 0.077301025390625 0.0259590148925781 0.0598716735839844
0.0095062255859375 0.0877151489257812 0.0198745727539062 0.0548210144042969
-0.0287857055664063 0.0818405151367188 0.00534439086914062 0.0543174743652344
-0.070404052734375 0.0432052612304687 0.00590896606445312 0.0289936065673828
-0.07904052734375 -0.01220703125 0.0145950317382812 0.0229396820068359
-0.0382308959960938 -0.0821456909179687 0.0329475402832031 0.0608100891113281
0.0210800170898438 -0.101699829101562 0.0188064575195312 0.119552612304688
0.0584259033203125 -0.0765838623046875 -0.0732421875 0.167755126953125
0.0665435791015625 -0.140510559082031 0.0239200592041016 -0.0032176971435547
-0.0057373046875 -0.153472900390625 0.0121126174926758 -0.0125617980957031
-0.0847625732421875 -0.1134033203125 -0.00817108154296876 -0.0181369781494141
-0.121734619140625 -0.0179977416992187 -0.0238380432128906 -0.00335502624511719
-0.09564208984375 0.0553665161132812 -0.02545166015625 0.00443840026855469
-0.0350418090820312 0.107521057128906 -0.0160026550292969 0.0316638946533203
0.0144271850585938 0.10882568359375 0.000988006591796879 0.0411338806152344
0.00910186767578125 0.0991973876953125 0.0094146728515625 0.0305137634277344
0.007781982421875 0.112503051757813 0.00780296325683594 0.0229415893554688
-0.0345840454101563 0.105873107910156 0.00739860534667969 0.0236625671386719
-0.088134765625 0.0624465942382812 0.0182361602783203 0.00359916687011719
-0.106269836425781 -0.00221252441406251 0.0328140258789063 0.00975418090820313
-0.0680999755859375 -0.099609375 0.050933837890625 0.0558433532714844
-0.00183868408203125 -0.140289306640625 0.0278549194335938 0.106590270996094
0.0526885986328125 -0.121513366699219 -0.0496826171875 0.14520263671875
0.057586669921875 -0.15802001953125 0.046905517578125 -0.0416297912597656
-0.01287841796875 -0.163833618164063 0.0151481628417969 -0.035736083984375
-0.0909347534179688 -0.123611450195313 -0.0027313232421875 -0.0193748474121094
-0.132194519042969 -0.0262527465820313 -0.00419330596923829 -0.0109310150146484
-0.106544494628906 0.0536880493164062 -0.00797843933105469 -0.0206756591796875
-0.0459136962890625 0.113540649414062 -0.0137567520141602 -0.00570011138916015
0.00719451904296874 0.115608215332031 -0.0121326446533203 0.00259780883789063
0.00514221191406249 0.105804443359375 -0.00889968872070313 -0.00343990325927734
0.00441741943359375 0.120132446289062 -0.00703811645507813 -0.0132160186767578
-0.0362930297851563 0.114830017089844 0.00542163848876953 -0.0130119323730469
-0.09478759765625 0.0722427368164062 0.0262584686279297 -0.0263023376464844
-0.1190185546875 0.00705718994140623 0.0463371276855469 -0.00762176513671875
-0.0879058837890625 -0.103790283203125 0.0606422424316406 0.0431480407714844
-0.02264404296875 -0.157546997070313 0.0288162231445312 0.079620361328125
0.04010009765625 -0.145751953125 -0.0264205932617188 0.105323791503906
0.036529541015625 -0.152206420898438 0.06787109375 -0.0831527709960938
-0.0236053466796875 -0.147674560546875 0.0182647705078125 -0.06103515625
-0.0871734619140625 -0.108558654785156 0.00185203552246093 -0.0221652984619141
-0.119987487792969 -0.0239181518554688 0.0156364440917969 -0.0192012786865234
-0.0974960327148438 0.0461044311523437 0.0101966857910156 -0.0430679321289063
-0.046722412109375 0.101264953613281 -0.00965118408203125 -0.0421714782714844
0.000114440917968754 0.104072570800781 -0.0235671997070313 -0.0361824035644531
-4.57763671874958E-05 0.096221923828125 -0.0254402160644531 -0.0368270874023437
-0.00013732910156249 0.110107421875 -0.0208854675292969 -0.0476341247558594
-0.0350189208984375 0.104103088378906 0.00226211547851562 -0.0496406555175781
-0.0876693725585938 0.0659027099609375 0.0301628112792969 -0.0533065795898437
-0.109748840332031 0.01007080078125 0.0539932250976562 -0.0245018005371094
-0.0866622924804688 -0.0924911499023437 0.0611419677734375 0.0266189575195312
-0.0333709716796875 -0.146484375 0.0216560363769531 0.0463752746582031
0.0245361328125 -0.143539428710938 -0.00615692138671875 0.0558967590332031
0.00836944580078126 -0.124526977539063 0.0836715698242188 -0.1197509765625
-0.0336227416992188 -0.108718872070313 0.0198135375976562 -0.0822372436523437
-0.0716094970703125 -0.071807861328125 0.00494766235351562 -0.0253334045410156
-0.0868453979492187 -0.0135726928710937 0.0295181274414062 -0.0268917083740234
-0.0691108703613281 0.0335693359375 0.0231361389160156 -0.0584373474121094
-0.0373992919921875 0.0735092163085937 -0.0052032470703125 -0.06939697265625
-0.00621795654296876 0.0764999389648438 -0.029693603515625 -0.0674057006835938
-0.0048828125 0.07220458984375 -0.0370635986328125 -0.064727783203125
-0.0067138671875 0.0835494995117188 -0.0311126708984375 -0.0755691528320313
-0.0328140258789062 0.07464599609375 -0.000534057617187498 -0.0790176391601563
-0.0688972473144531 0.0432319641113281 0.03289794921875 -0.072509765625
-0.0797653198242188 0.00315856933593751 0.0572662353515625 -0.0347480773925781
-0.06170654296875 -0.0700607299804687 0.0528221130371094 0.0133857727050781
-0.0293121337890625 -0.109146118164063 0.0111789703369141 0.0146007537841797
0.00939941406249999 -0.114166259765625 0.0107011795043945 0.0091104507446289
-0.021942138671875 -0.0798873901367188 0.0898284912109375 -0.148971557617188
-0.0393943786621094 -0.0561065673828125 0.0184249877929687 -0.0990829467773438
-0.0471611022949219 -0.0252723693847656 0.00285911560058594 -0.0290431976318359
-0.0415420532226563 0.000816345214843746 0.0331764221191406 -0.0318222045898438
-0.0307102203369141 0.0174407958984375 0.0272178649902344 -0.0637283325195312
-0.0210952758789062 0.0358200073242188 -0.00357818603515625 -0.0834884643554688
-0.0104560852050781 0.0381050109863281 -0.03326416015625 -0.0865402221679688
-0.00872039794921875 0.0378036499023438 -0.0434646606445313 -0.0822906494140625
-0.0129203796386719 0.044769287109375 -0.03424072265625 -0.0931777954101563
-0.0279750823974609 0.0332546234130859 0.001800537109375 -0.0966033935546875
-0.0410423278808594 0.0110702514648438 0.0367431640625 -0.0782394409179688
-0.0366249084472656 -0.00748062133789062 0.05694580078125 -0.0357246398925781
-0.0234756469726563 -0.0375595092773438 0.0417060852050781 0.00651168823242187
-0.0169105529785156 -0.0543708801269531 0.00310564041137695 -0.00708913803100586
-0.00680160522460937 -0.0651664733886719 0.0229225158691406 -0.0261859893798828
-0.0472640991210938 -0.0251731872558594 0.0866241455078125 -0.1671142578125
-0.0383796691894531 -0.00156021118164062 0.012481689453125 -0.110618591308594
-0.0201454162597656 0.0206222534179688 -0.00618362426757812 -0.0336875915527344
0.00428390502929687 0.0142374038696289 0.0249576568603516 -0.0338840484619141
0.0094146728515625 0.000904083251953125 0.0226936340332031 -0.0588912963867187
-0.00206708908081055 -0.00519657135009766 -0.0043182373046875 -0.0829086303710938
-0.0126466751098633 -0.00524520874023438 -0.0330352783203125 -0.090606689453125
-0.010706901550293 -0.00300121307373047 -0.0428085327148438 -0.0881500244140625
-0.0161495208740234 -0.000868797302246092 -0.0304107666015625 -0.0985488891601563
-0.0173149108886719 -0.0119800567626953 0.00701904296875 -0.101615905761719
-0.00690841674804687 -0.0203266143798828 0.0403976440429687 -0.0721282958984375
0.0105953216552734 -0.0133581161499023 0.0550193786621094 -0.0283432006835937
0.0131282806396484 0.00250911712646484 0.0308647155761719 0.00612449645996094
-0.00701999664306641 0.00890254974365234 -0.000961303710937501 -0.0182094573974609
-0.0251712799072266 -0.00700759887695312 0.0289344787597656 -0.0455818176269531
0.0474891662597656 -0.0518455505371094 -0.0120887756347656 0.0517044067382812
-0.00128936767578125 -0.0752105712890625 0.00666141510009766 0.016331672668457
-0.0505332946777344 -0.043792724609375 -0.0222740173339844 -0.0151138305664063
-0.0555152893066406 0.0119476318359375 -0.0537338256835937 0.0153274536132812
-0.0335807800292969 0.0396995544433594 -0.0451011657714844 0.0520515441894531
0.00218963623046875 0.0522270202636719 -0.00865936279296876 0.0898971557617187
0.0233955383300781 0.0485076904296875 0.029388427734375 0.0970535278320313
0.0148963928222656 0.0446205139160156 0.0391769409179688 0.0824661254882813
0.012969970703125 0.0505523681640625 0.0281143188476563 0.0808944702148438
-0.0150489807128906 0.0495758056640625 0.0021514892578125 0.079132080078125
-0.0422248840332031 0.0238265991210938 -0.00812911987304688 0.0501441955566406
-0.0453338623046875 -0.0150718688964844 -0.00521087646484375 0.0315113067626953
-0.011322021484375 -0.0524520874023438 0.0132598876953125 0.0595169067382812
0.0336074829101563 -0.0528182983398438 0.00521087646484375 0.123443603515625
0.0522956848144531 -0.0248222351074219 -0.0973968505859375 0.178619384765625
0.0626144409179687 -0.105323791503906 5.72204589844411E-06 0.0322589874267578
-0.00396728515625001 -0.123634338378906 0.00813913345336914 0.00721645355224609
-0.0725631713867188 -0.0847320556640625 -0.0145072937011719 -0.0164041519165039
-0.0959625244140625 -0.00304412841796876 -0.0418319702148438 0.00555801391601563
-0.0701141357421875 0.05224609375 -0.0395584106445313 0.0304145812988281
-0.01678466796875 0.0872879028320313 -0.0150604248046875 0.0673599243164063
0.0210418701171875 0.0858917236328125 0.0156631469726562 0.0764312744140625
0.0135040283203125 0.0786361694335937 0.0262947082519531 0.0630760192871094
0.0109786987304688 0.0890884399414063 0.0199508666992187 0.05743408203125
-0.0274581909179688 0.0845108032226563 0.00568389892578124 0.0571136474609375
-0.0715255737304688 0.0461807250976562 0.0053558349609375 0.0298385620117188
-0.0824508666992188 -0.0113372802734375 0.0135555267333984 0.0228500366210938
-0.0416793823242187 -0.0845489501953125 0.0338249206542969 0.0613479614257812
0.0190505981445313 -0.106681823730469 0.0185317993164062 0.122314453125
0.0587158203125 -0.0809173583984375 -0.07666015625 0.173095703125
0.0684051513671875 -0.145004272460938 0.0201759338378906 -0.000165939331054696
-0.00665283203125001 -0.157394409179688 0.0104761123657227 -0.0107755661010742
-0.087738037109375 -0.116157531738281 -0.00830173492431641 -0.0172243118286133
-0.124908447265625 -0.018463134765625 -0.0248641967773438 -0.00251960754394532
-0.0974655151367188 0.0568466186523437 -0.0267543792724609 0.0055694580078125
-0.0350723266601562 0.110359191894531 -0.0167789459228516 0.0342159271240234
0.0151824951171875 0.110786437988281 0.0010223388671875 0.0443611145019531
0.0102615356445312 0.101882934570312 0.00935935974121094 0.0330772399902344
0.00911712646484376 0.115562438964844 0.00704002380371094 0.0257682800292969
-0.0334930419921875 0.109519958496094 0.00695610046386719 0.0255451202392578
-0.0911102294921875 0.0662002563476563 0.017308235168457 0.00364398956298828
-0.111251831054688 -0.00151824951171875 0.0314464569091797 0.00935173034667969
-0.072235107421875 -0.103828430175781 0.0515480041503906 0.0563392639160156
-0.00381469726562501 -0.14654541015625 0.0271759033203125 0.108413696289063
0.054412841796875 -0.127273559570313 -0.05267333984375 0.147994995117188
0.060760498046875 -0.164077758789063 0.0436553955078125 -0.0406150817871094
-0.0135498046875 -0.169677734375 0.0137367248535156 -0.0355949401855469
-0.09490966796875 -0.127304077148438 -0.00377845764160157 -0.0192241668701172
-0.136993408203125 -0.0271224975585938 -0.00546264648437501 -0.0101165771484375
-0.109542846679687 0.0560836791992188 -0.00962066650390626 -0.0198383331298828
-0.0475234985351562 0.117141723632812 -0.0154705047607422 -0.00396251678466796
0.00777435302734374 0.118873596191406 -0.0129022598266602 0.00500011444091798
0.0055389404296875 0.109130859375 -0.00906562805175781 -0.00158023834228515
0.00531005859375001 0.124786376953125 -0.0082235336303711 -0.0111398696899414
-0.0361175537109375 0.119010925292969 0.00513744354248047 -0.0123510360717773
-0.09783935546875 0.0764083862304688 0.0250892639160156 -0.0271701812744141
-0.12445068359375 0.00719451904296878 0.0453414916992187 -0.00804519653320313
-0.09228515625 -0.108383178710938 0.0608177185058594 0.0431747436523437
-0.0251922607421875 -0.164474487304688 0.0281753540039063 0.0808944702148437
0.04278564453125 -0.15234375 -0.0280532836914063 0.106971740722656
0.041046142578125 -0.158981323242188 0.0669174194335938 -0.0840530395507813
-0.023773193359375 -0.153518676757813 0.016876220703125 -0.0621223449707031
-0.0911636352539063 -0.113258361816406 0.00119972229003906 -0.0221176147460938
-0.125663757324219 -0.0253829956054688 0.0147476196289062 -0.0187110900878906
-0.101371765136719 0.047882080078125 0.00885009765624999 -0.0430946350097656
-0.0484771728515625 0.10552978515625 -0.0108909606933594 -0.0409774780273438
-0.000228881835937506 0.108489990234375 -0.0234107971191406 -0.0351314544677734
-3.05175781250064E-05 0.100540161132813 -0.0260391235351562 -0.0359840393066406
0.000144958496093754 0.114997863769531 -0.0234107971191406 -0.0466728210449219
-0.0363922119140625 0.108596801757813 0.00145721435546874 -0.0491790771484375
-0.0919876098632812 0.0696945190429687 0.0294914245605469 -0.0547370910644531
-0.115341186523438 0.0100479125976562 0.0534934997558594 -0.0258407592773438
-0.0898513793945312 -0.0980148315429688 0.0604515075683594 0.026458740234375
-0.0348663330078125 -0.153915405273438 0.0202522277832031 0.0464134216308594
0.0277252197265625 -0.14996337890625 -0.00652694702148437 0.0547866821289062
0.01287841796875 -0.129524230957031 0.08447265625 -0.123489379882813
-0.0331344604492188 -0.114341735839844 0.0196380615234375 -0.0850067138671875
-0.07470703125 -0.0768356323242187 0.00393295288085937 -0.0259666442871094
-0.0920028686523438 -0.0153961181640625 0.0286178588867187 -0.0268058776855469
-0.0729904174804688 0.0350723266601562 0.0223388671875 -0.0591049194335938
-0.0395660400390625 0.0775375366210938 -0.00602340698242188 -0.0699577331542969
-0.0067596435546875 0.0802993774414062 -0.0305900573730469 -0.0679054260253906
-0.00579833984375001 0.0755157470703125 -0.0381813049316406 -0.0649642944335938
-0.00708770751953125 0.0884170532226563 -0.0326309204101563 -0.0758514404296875
-0.0349349975585938 0.0791168212890625 -0.00150299072265625 -0.079376220703125
-0.0730819702148438 0.0458450317382813 0.0327072143554687 -0.0740203857421875
-0.0843658447265625 0.00193023681640624 0.0569381713867187 -0.0360870361328125
-0.064300537109375 -0.0753326416015625 0.0523643493652344 0.0130767822265625
-0.0296630859375 -0.11529541015625 0.00983333587646484 0.0137224197387695
0.0126800537109375 -0.119132995605469 0.0109195709228516 0.00593185424804687
-0.0187835693359375 -0.0831375122070313 0.0915985107421875 -0.154647827148438
-0.0384712219238281 -0.0605964660644531 0.0188674926757813 -0.103416442871094
-0.0485572814941406 -0.0282859802246094 0.00274085998535156 -0.0299911499023438
-0.04559326171875 -0.00114822387695312 0.0331211090087891 -0.0319328308105469
-0.0329742431640625 0.0181808471679688 0.0270805358886719 -0.0649757385253906
-0.0232734680175781 0.0382080078125 -0.00422668457031251 -0.0847244262695313
-0.0111160278320312 0.0405387878417969 -0.0338592529296875 -0.0883407592773438
-0.0097808837890625 0.0399322509765625 -0.044281005859375 -0.083831787109375
-0.013763427734375 0.0477104187011719 -0.0353622436523438 -0.0943756103515625
-0.0298309326171875 0.0367240905761719 0.000740051269531256 -0.09808349609375
-0.0444145202636719 0.0123405456542969 0.0363540649414062 -0.0801773071289063
-0.0401954650878906 -0.0089569091796875 0.0573692321777344 -0.0364418029785156
-0.0247879028320312 -0.0417060852050781 0.0418014526367188 0.0059967041015625
-0.0163764953613281 -0.0582656860351563 0.00256061553955078 -0.00890827178955078
-0.00317001342773438 -0.068267822265625 0.0249004364013672 -0.0308761596679688
-0.045440673828125 -0.0260238647460938 0.0896148681640625 -0.172775268554687
-0.0370521545410156 -0.00361251831054688 0.0131912231445313 -0.115631103515625
-0.0197925567626953 0.0185184478759766 -0.00679779052734375 -0.0349483489990234
0.00277233123779297 0.0127086639404297 0.0255165100097656 -0.0342082977294922
0.00804328918457031 8.44001770019531E-05 0.02325439453125 -0.0599365234375
-0.0041041374206543 -0.00412511825561523 -0.00396728515625 -0.0850753784179688
-0.0140857696533203 -0.00378036499023438 -0.0335235595703125 -0.0936737060546875
-0.0122795104980469 -0.00135993957519531 -0.0439529418945313 -0.0908355712890625
-0.0174503326416016 0.000898361206054685 -0.0322723388671875 -0.101264953613281
-0.0191860198974609 -0.0102024078369141 0.0059661865234375 -0.103645324707031
-0.00964736938476562 -0.0198154449462891 0.0410690307617188 -0.0746231079101563
0.00860977172851562 -0.0149612426757813 0.055999755859375 -0.0291366577148438
0.0132856369018555 -6.96182250976563E-05 0.0306320190429688 0.00586128234863281
-0.0058445930480957 0.00676679611206055 -0.00117874145507812 -0.0205230712890625
-0.0222129821777344 -0.00832939147949219 0.032318115234375 -0.0512619018554688
0.0469741821289063 -0.0542068481445313 -0.0156593322753906 0.05853271484375
-0.00366210937500001 -0.0755844116210938 0.00621604919433594 0.0195808410644531
-0.0526123046875 -0.0428352355957031 -0.022735595703125 -0.0143146514892578
-0.0557441711425781 0.013946533203125 -0.0556373596191406 0.0173492431640625
-0.0326385498046875 0.0415000915527344 -0.0460853576660156 0.0551490783691406
0.00436019897460938 0.0526351928710938 -0.00733184814453124 0.094818115234375
0.02587890625 0.0476188659667969 0.0323333740234375 0.101898193359375
0.0173416137695313 0.044342041015625 0.0416717529296875 0.0864028930664063
0.015594482421875 0.0509490966796875 0.0300521850585938 0.0849151611328125
-0.01300048828125 0.0512619018554688 0.0033416748046875 0.0833053588867188
-0.0418052673339844 0.0263557434082031 -0.00836944580078125 0.0521316528320312
-0.0479316711425781 -0.0135231018066406 -0.00508689880371094 0.0330390930175781
-0.0142326354980469 -0.0533561706542969 0.015716552734375 0.0613327026367188
0.0317115783691406 -0.0560264587402344 0.00709533691406249 0.129402160644531
0.0512886047363281 -0.0283470153808594 -0.1002197265625 0.188552856445313
0.0627059936523438 -0.111473083496094 -0.00365829467773437 0.0379829406738281
-0.00717926025390626 -0.1273193359375 0.00699710845947266 0.00974178314208984
-0.0771331787109375 -0.0864486694335938 -0.0150527954101563 -0.0163125991821289
-0.0989837646484375 -0.00225830078124999 -0.0436134338378906 0.00674057006835938
-0.0711822509765625 0.0551910400390625 -0.0413169860839844 0.0328025817871094
-0.0159378051757813 0.0903701782226563 -0.0147628784179688 0.071258544921875
0.0244979858398438 0.0874557495117188 0.0181655883789062 0.0817718505859375
0.0168304443359375 0.0811538696289063 0.0281448364257813 0.0666007995605469
0.0146942138671875 0.0919647216796875 0.0207939147949219 0.0613441467285156
-0.0251846313476563 0.0887069702148438 0.00639724731445312 0.0603218078613281
-0.0734100341796875 0.0507431030273438 0.00472068786621093 0.0315876007080078
-0.087371826171875 -0.00969696044921875 0.0132637023925781 0.0234832763671875
-0.0462570190429687 -0.0869522094726563 0.0356712341308594 0.0627288818359375
0.0155105590820312 -0.112403869628906 0.0201416015625 0.12750244140625
0.0586395263671875 -0.0885086059570313 -0.079315185546875 0.1826171875
0.0686798095703125 -0.153549194335938 0.0166225433349609 0.00338554382324218
-0.010589599609375 -0.163558959960938 0.00867080688476562 -0.00959396362304689
-0.094207763671875 -0.11932373046875 -0.00914573669433594 -0.0169868469238281
-0.13055419921875 -0.0176544189453125 -0.0263957977294922 -0.00145339965820312
-0.100486755371094 0.0610885620117188 -0.0288963317871094 0.00736236572265626
-0.0348434448242188 0.11590576171875 -0.0173721313476562 0.03729248046875
0.018829345703125 0.114913940429688 0.00211715698242188 0.0480194091796875
0.0132675170898438 0.105461120605469 0.010406494140625 0.0362510681152344
0.0131683349609375 0.120399475097656 0.00710868835449219 0.0286827087402344
-0.0320358276367187 0.115570068359375 0.00736427307128906 0.0277729034423828
-0.0943603515625 0.0718307495117188 0.0169677734375 0.00382804870605469
-0.117927551269531 0.000350952148437482 0.031036376953125 0.00926971435546875
-0.0788192749023438 -0.107963562011719 0.0535125732421875 0.0568695068359375
-0.0089569091796875 -0.154998779296875 0.0287628173828125 0.112068176269531
0.0548171997070313 -0.136947631835938 -0.053863525390625 0.155471801757813
0.061492919921875 -0.17462158203125 0.0413322448730469 -0.0413284301757813
-0.0171661376953125 -0.176925659179688 0.0120086669921875 -0.0359725952148438
-0.102691650390625 -0.132453918457031 -0.00466728210449219 -0.0191631317138672
-0.144668579101563 -0.0263671875 -0.00642681121826173 -0.00919723510742188
-0.11431884765625 0.0606918334960938 -0.0109786987304688 -0.0189990997314453
-0.0472183227539062 0.12457275390625 -0.0164031982421875 -0.00251388549804687
0.0105438232421875 0.124183654785156 -0.0126438140869141 0.00769329071044923
0.00797271728515626 0.115318298339844 -0.0100593566894531 0.000727653503417975
0.00910186767578124 0.130821228027344 -0.00937366485595703 -0.00920486450195311
-0.035186767578125 0.126762390136719 0.00527667999267578 -0.0107507705688476
-0.102012634277344 0.0826339721679687 0.0248031616210937 -0.0279407501220703
-0.132240295410156 0.0103912353515625 0.0451850891113281 -0.00978469848632813
-0.100189208984375 -0.113990783691406 0.0631561279296875 0.0432014465332031
-0.03033447265625 -0.173919677734375 0.0288162231445312 0.0830764770507812
0.0434722900390625 -0.162841796875 -0.0291366577148437 0.11065673828125
0.042083740234375 -0.168624877929687 0.0651779174804688 -0.0885391235351563
-0.0273895263671875 -0.16192626953125 0.0148811340332031 -0.0655708312988282
-0.0988082885742187 -0.119171142578125 0.000459671020507805 -0.0227851867675781
-0.134185791015625 -0.0250473022460938 0.0132274627685547 -0.0193099975585938
-0.106483459472656 0.0527114868164063 0.00691986083984374 -0.0437736511230469
-0.0497512817382813 0.112518310546875 -0.0122642517089844 -0.0410614013671875
0.00231170654296876 0.113983154296875 -0.0251140594482422 -0.0345668792724609
0.00180053710937501 0.106025695800781 -0.0278091430664063 -0.035308837890625
0.0023651123046875 0.121322631835938 -0.0255088806152344 -0.0463104248046875
-0.0352401733398438 0.116546630859375 3.81469726562509E-05 -0.049896240234375
-0.09600830078125 0.0756072998046875 0.0282783508300781 -0.05755615234375
-0.12255859375 0.01226806640625 0.0534934997558594 -0.0279083251953125
-0.0982818603515625 -0.103263854980469 0.0617942810058594 0.0263862609863281
-0.0399932861328125 -0.162261962890625 0.0204734802246094 0.04705810546875
0.02886962890625 -0.15948486328125 -0.00702667236328125 0.0550460815429687
0.0140914916992187 -0.137870788574219 0.0837860107421875 -0.1309814453125
-0.0351104736328125 -0.121871948242188 0.0172348022460937 -0.0901107788085938
-0.0809097290039063 -0.08172607421875 0.00326919555664062 -0.0269317626953125
-0.0991973876953125 -0.0152587890625 0.0282363891601562 -0.0276508331298828
-0.0778579711914063 0.0374755859375 0.0214996337890625 -0.0609359741210937
-0.0413742065429688 0.0835494995117188 -0.00811004638671874 -0.0717697143554688
-0.00554656982421876 0.0858230590820313 -0.0329246520996094 -0.069854736328125
-0.00457763671875 0.0808563232421875 -0.0410804748535156 -0.0662345886230469
-0.00563812255859375 0.0936660766601563 -0.036285400390625 -0.0770034790039063
-0.03485107421875 0.0852737426757813 -0.00288391113281251 -0.0820770263671875
-0.0775680541992188 0.0509185791015625 0.0316543579101563 -0.0779266357421875
-0.0904922485351562 0.003387451171875 0.0572891235351562 -0.0383567810058594
-0.0699996948242187 -0.0802383422851563 0.0535621643066406 0.0128402709960937
-0.03265380859375 -0.122589111328125 0.00940704345703125 0.0126667022705078
0.0147552490234375 -0.126937866210938 0.0115318298339844 0.00246238708496093
-0.01678466796875 -0.0880203247070313 0.093170166015625 -0.164337158203125
-0.0381660461425781 -0.0647087097167969 0.0174407958984375 -0.109756469726563
-0.0520248413085938 -0.0320587158203125 0.00133514404296874 -0.0322780609130859
-0.0495071411132813 -0.00193405151367187 0.0330715179443359 -0.0342636108398438
-0.0368804931640625 0.0186996459960937 0.0268363952636719 -0.0675697326660156
-0.0249481201171875 0.0419540405273438 -0.00537109374999999 -0.08831787109375
-0.0113677978515625 0.0449333190917969 -0.0367584228515625 -0.091827392578125
-0.0103645324707031 0.0434188842773438 -0.0476150512695313 -0.0857772827148438
-0.0140724182128906 0.0521507263183594 -0.0396499633789062 -0.0975723266601563
-0.0311927795410156 0.0410423278808594 -0.00157928466796875 -0.101737976074219
-0.0489273071289063 0.0153732299804687 0.036468505859375 -0.0846939086914063
-0.0444259643554688 -0.00992965698242187 0.0585708618164063 -0.0391082763671875
-0.0275192260742188 -0.0460548400878906 0.0425071716308594 0.00543212890625
-0.0166015625 -0.063507080078125 0.00164699554443359 -0.0110244750976563
-0.000907897949218752 -0.0732421875 0.0262794494628906 -0.0370864868164063
-0.0447883605957031 -0.0268478393554688 0.0916900634765625 -0.184417724609375
-0.0360794067382813 -0.00417709350585938 0.0118789672851563 -0.123321533203125
-0.0198040008544922 0.0179595947265625 -0.00787734985351563 -0.0369453430175781
0.0018463134765625 0.0115499496459961 0.0260658264160156 -0.0361366271972656
0.00627899169921875 -0.00103569030761719 0.0231132507324219 -0.0628814697265625
-0.00546598434448242 -0.00315523147583008 -0.00485992431640626 -0.0889358520507813
-0.0150766372680664 -0.00149631500244141 -0.0367202758789063 -0.0976104736328125
-0.0130996704101563 0.000346183776855467 -0.046600341796875 -0.0935821533203125
-0.0191936492919922 0.00314140319824218 -0.035430908203125 -0.105049133300781
-0.0215091705322266 -0.00777626037597656 0.00384521484375 -0.107856750488281
-0.0123405456542969 -0.0192832946777344 0.0408096313476563 -0.07928466796875
0.00691318511962891 -0.0163822174072266 0.0574684143066406 -0.0321922302246094
0.0129146575927734 -0.003082275390625 0.0316085815429688 0.00551986694335937
-0.00424051284790039 0.00435471534729004 -0.00156593322753906 -0.0237045288085938
-0.0201454162597656 -0.00943946838378907 0.0346260070800781 -0.05841064453125
0.0446548461914063 -0.0570259094238281 -0.0160560607910156 0.066741943359375
-0.00887298583984375 -0.0757522583007813 0.00580787658691406 0.0230121612548828
-0.0550765991210938 -0.040557861328125 -0.0236721038818359 -0.0137996673583984
-0.0558204650878906 0.0162544250488281 -0.0569534301757813 0.0200958251953125
-0.0306663513183594 0.0438232421875 -0.0458221435546875 0.0592269897460938
0.00742721557617188 0.0531463623046875 -0.0036468505859375 0.0990371704101563
0.0290107727050781 0.0468864440917969 0.038299560546875 0.105293273925781
0.0211410522460938 0.0440597534179688 0.0472030639648437 0.089263916015625
0.0200920104980469 0.0509033203125 0.0347137451171875 0.0881118774414062
-0.00926971435546875 0.0530967712402344 0.00740814208984374 0.0866622924804688
-0.0412063598632813 0.0300102233886719 -0.0071258544921875 0.054962158203125
-0.0502204895019531 -0.0107498168945313 -0.00499725341796876 0.0348548889160156
-0.0181846618652344 -0.0534477233886719 0.018768310546875 0.0626373291015625
0.027984619140625 -0.0596847534179688 0.0121841430664063 0.134635925292969
0.04949951171875 -0.0326194763183594 -0.0977935791015625 0.202224731445313
0.0593490600585937 -0.119010925292969 -0.00590133666992187 0.0441513061523437
-0.0138702392578125 -0.130203247070313 0.00573635101318359 0.0130481719970703
-0.0832061767578125 -0.0850753784179688 -0.0164899826049805 -0.0154972076416016
-0.101661682128906 0.0019683837890625 -0.0450210571289063 0.00938415527343751
-0.0707931518554688 0.0597610473632813 -0.0424041748046875 0.0363311767578125
-0.0122146606445312 0.0940780639648438 -0.0127182006835937 0.0753631591796875
0.0289459228515625 0.0890350341796875 0.0227127075195313 0.0846405029296875
0.0212860107421875 0.0833587646484375 0.0327033996582031 0.0693702697753906
0.0206298828125 0.0941696166992188 0.0238265991210938 0.0648269653320312
-0.0205917358398437 0.0937347412109375 0.00954437255859374 0.0634956359863281
-0.0737228393554688 0.057403564453125 0.00543594360351562 0.0331001281738281
-0.092376708984375 -0.00508117675781249 0.0131874084472656 0.0243110656738281
-0.0537261962890625 -0.0886764526367188 0.0394172668457031 0.0629005432128906
0.00849914550781251 -0.118522644042969 0.0251388549804688 0.131553649902344
0.0563278198242188 -0.0964431762695312 -0.0761871337890625 0.193801879882813
0.0651397705078125 -0.16436767578125 0.013667106628418 0.00634288787841796
-0.019134521484375 -0.168991088867188 0.00669622421264648 -0.00804758071899415
-0.103141784667969 -0.120010375976563 -0.0102653503417969 -0.0165815353393555
-0.136703491210938 -0.0127334594726563 -0.0282630920410156 0.000522613525390625
-0.102523803710938 0.0684356689453125 -0.0307025909423828 0.00963783264160156
-0.0308303833007812 0.122138977050781 -0.0171737670898438 0.0412216186523438
0.0245437622070312 0.118072509765625 0.00508880615234375 0.0514335632324219
0.0191116333007813 0.109764099121094 0.0123138427734375 0.0395088195800781
0.0202102661132813 0.124366760253906 0.00833129882812501 0.0314159393310547
-0.02703857421875 0.123291015625 0.00893783569335937 0.0298614501953125
-0.0947647094726563 0.0811386108398438 0.0158529281616211 0.00337314605712891
-0.124710083007813 0.00629425048828124 0.0312862396240234 0.00844573974609375
-0.0896682739257812 -0.109764099121094 0.0571365356445312 0.0559921264648437
-0.0189361572265625 -0.162506103515625 0.032928466796875 0.115150451660156
0.050933837890625 -0.147186279296875 -0.05084228515625 0.164154052734375
0.0577239990234375 -0.185897827148438 0.0374374389648438 -0.0417671203613281
-0.026214599609375 -0.184677124023438 0.00860595703125 -0.0362358093261719
-0.11334228515625 -0.133689880371094 -0.00556373596191407 -0.0191249847412109
-0.152862548828125 -0.0211334228515625 -0.00793552398681641 -0.00928306579589844
-0.117507934570312 0.0684051513671875 -0.0136432647705078 -0.0183315277099609
-0.0436248779296875 0.132514953613281 -0.0176658630371094 0.000106811523437512
0.0168075561523438 0.129257202148438 -0.0125226974487305 0.00991821289062501
0.0142745971679687 0.120018005371094 -0.00979423522949219 0.00320529937744141
0.01629638671875 0.136520385742188 -0.0109977722167969 -0.0073404312133789
-0.0299224853515625 0.134788513183594 0.00403690338134766 -0.0103883743286133
-0.103485107421875 0.092071533203125 0.0229740142822266 -0.0298995971679687
-0.138954162597656 0.0171279907226562 0.0444679260253906 -0.0117454528808594
-0.11138916015625 -0.115669250488281 0.0657424926757813 0.0415611267089844
-0.0413970947265625 -0.181915283203125 0.0313339233398437 0.084564208984375
0.039398193359375 -0.174346923828125 -0.0267410278320312 0.114814758300781
0.0386962890625 -0.179946899414063 0.0611495971679688 -0.0933761596679688
-0.0351104736328125 -0.169570922851562 0.0103111267089844 -0.06768798828125
-0.109230041503906 -0.1209716796875 -0.00147628784179688 -0.0235309600830078
-0.142959594726563 -0.0202789306640625 0.0125789642333984 -0.0197200775146484
-0.110244750976562 0.060211181640625 0.0047607421875 -0.0446128845214844
-0.047088623046875 0.121284484863281 -0.0151519775390625 -0.0407066345214844
0.00726318359374999 0.119796752929687 -0.0273227691650391 -0.0334091186523437
0.00719451904296876 0.111968994140625 -0.0299911499023438 -0.0337295532226563
0.00888824462890625 0.127616882324219 -0.02923583984375 -0.0450401306152344
-0.0314559936523438 0.123924255371094 -0.00226593017578125 -0.0510482788085937
-0.0981292724609375 0.0850372314453125 0.0256843566894531 -0.0610275268554687
-0.129554748535156 0.0177764892578125 0.052642822265625 -0.0308494567871094
-0.108482360839844 -0.105903625488281 0.063995361328125 0.0242424011230469
-0.0494537353515625 -0.169479370117188 0.0209884643554687 0.0471038818359375
0.0256500244140625 -0.170074462890625 -0.00602340698242188 0.0553436279296875
0.011444091796875 -0.146347045898438 0.0798721313476563 -0.140121459960937
-0.0405731201171875 -0.128204345703125 0.0119781494140625 -0.0951614379882813
-0.0886459350585938 -0.0840530395507813 0.000967025756835932 -0.0288314819335938
-0.106254577636719 -0.0131759643554688 0.0273342132568359 -0.0297145843505859
-0.0814971923828125 0.0436859130859375 0.0187721252441406 -0.0630378723144531
-0.040435791015625 0.090240478515625 -0.0118637084960938 -0.0729904174804688
-0.00228118896484374 0.0917205810546875 -0.0370292663574219 -0.0698280334472656
-0.00131988525390624 0.0864715576171875 -0.0449256896972656 -0.065582275390625
-0.0014190673828125 0.0996856689453125 -0.0416336059570313 -0.0772628784179688
-0.0327529907226563 0.0922470092773437 -0.00736236572265625 -0.0843429565429688
-0.0802230834960938 0.058013916015625 0.0289688110351562 -0.0821075439453125
-0.0969696044921875 0.00678253173828125 0.0563278198242188 -0.042327880859375
-0.0775375366210938 -0.08331298828125 0.0547523498535156 0.0107612609863281
-0.0389404296875 -0.128929138183594 0.00861072540283203 0.0114126205444336
0.012664794921875 -0.134994506835938 0.0119876861572266 -0.00116062164306641
-0.0182647705078125 -0.0925140380859375 0.089019775390625 -0.176895141601563
-0.040802001953125 -0.0690879821777344 0.0116043090820313 -0.116950988769531
-0.0556373596191406 -0.0336151123046875 -0.00133323669433594 -0.0340862274169922
-0.0538063049316406 -0.00117492675781251 0.0326194763183594 -0.0361518859863281
-0.0396766662597656 0.0214881896972656 0.0239715576171875 -0.07025146484375
-0.0255126953125 0.0470390319824219 -0.00908660888671875 -0.0905990600585938
-0.0106658935546875 0.0497512817382813 -0.0426788330078125 -0.093292236328125
-0.00924301147460937 0.0476722717285156 -0.052703857421875 -0.0870361328125
-0.0122413635253906 0.0571136474609375 -0.045745849609375 -0.0986709594726563
-0.0308380126953125 0.0465316772460938 -0.00684356689453125 -0.104995727539063
-0.0522422790527344 0.0193748474121094 0.0334243774414062 -0.0894393920898438
-0.0488777160644531 -0.00878524780273438 0.058258056640625 -0.0437545776367188
-0.03167724609375 -0.0495223999023438 0.043243408203125 0.00466156005859375
-0.0191497802734375 -0.0678634643554688 5.81741333007809E-05 -0.0130863189697266
-0.000617980957031249 -0.0782928466796875 0.0261306762695312 -0.0433540344238281
-0.0444869995117188 -0.0263862609863281 0.0880584716796875 -0.19842529296875
-0.0356903076171875 -0.005035400390625 0.00655364990234376 -0.130851745605469
-0.019500732421875 0.0174484252929688 -0.0100898742675781 -0.0391960144042969
0.00103664398193359 0.00996685028076172 0.0246162414550781 -0.0382270812988281
0.00516414642333984 -0.00138330459594727 0.0218124389648438 -0.0654945373535156
-0.00743007659912109 -0.00185346603393555 -0.00829315185546876 -0.0919876098632813
-0.0165300369262695 0.00111579895019531 -0.0421295166015625 -0.101181030273437
-0.0148506164550781 0.00252723693847656 -0.0525588989257812 -0.0955581665039063
-0.0195446014404297 0.00605201721191406 -0.0413360595703125 -0.107688903808594
-0.0231895446777344 -0.00522994995117188 -0.001495361328125 -0.112037658691406
-0.0155048370361328 -0.0188083648681641 0.0385055541992188 -0.08392333984375
0.00417137145996094 -0.0183296203613281 0.0580978393554688 -0.0363197326660156
0.0126276016235352 -0.00663185119628906 0.0327701568603516 0.00428199768066406
-0.00339174270629883 0.00244617462158203 -0.00290107727050781 -0.0261154174804688
-0.0181808471679688 -0.0109024047851563 0.0349502563476562 -0.0671157836914063
0.0410308837890625 -0.05938720703125 -0.014007568359375 0.0734939575195313
-0.0137863159179687 -0.0735092163085938 0.00649833679199219 0.0265254974365234
-0.0570945739746094 -0.0371017456054688 -0.0234928131103516 -0.0118522644042969
-0.0544776916503906 0.0187263488769531 -0.0564079284667969 0.0231475830078125
-0.0278968811035156 0.0456733703613281 -0.0433883666992188 0.0628623962402344
0.0114974975585938 0.0520706176757813 0.00157928466796876 0.100410461425781
0.0323600769042969 0.0450935363769531 0.0447540283203125 0.105728149414063
0.0241584777832031 0.041748046875 0.0528106689453125 0.08929443359375
0.024261474609375 0.0492286682128906 0.0398483276367188 0.0889205932617188
-0.00461196899414063 0.0536575317382812 0.0122451782226563 0.0884475708007813
-0.0391120910644531 0.0337142944335938 -0.00511932373046876 0.0562744140625
-0.0514411926269531 -0.00685501098632813 -0.00341415405273438 0.0361518859863281
-0.0221748352050781 -0.0522918701171875 0.0232429504394531 0.0621986389160156
0.0224189758300781 -0.0615615844726563 0.0189743041992187 0.136772155761719
0.0465850830078125 -0.0362396240234375 -0.0888214111328125 0.213088989257812
0.053131103515625 -0.123626708984375 -0.00679397583007812 0.0504379272460937
-0.0218658447265625 -0.129295349121094 0.00554561614990234 0.0161972045898437
-0.0887298583984375 -0.081451416015625 -0.0169792175292969 -0.0135946273803711
-0.102493286132813 0.00759124755859375 -0.0457878112792969 0.0121917724609375
-0.0677833557128906 0.0655288696289063 -0.0410728454589844 0.0390357971191406
-0.00622558593749999 0.0963897705078125 -0.0090484619140625 0.077972412109375
0.0347976684570312 0.0883026123046875 0.0280609130859375 0.0863037109375
0.0269851684570312 0.082855224609375 0.0366935729980469 0.0696029663085938
0.027557373046875 0.095062255859375 0.0280036926269531 0.066009521484375
-0.014190673828125 0.0971221923828125 0.0135841369628906 0.0651016235351563
-0.0701408386230469 0.063690185546875 0.00637435913085937 0.0325813293457031
-0.0951156616210937 0.000808715820312503 0.0139808654785156 0.0246753692626953
-0.061187744140625 -0.0872116088867188 0.043548583984375 0.0612373352050781
-0.000282287597656242 -0.121353149414063 0.0314712524414063 0.132759094238281
0.050262451171875 -0.102188110351563 -0.0681304931640625 0.202346801757813
0.056976318359375 -0.171066284179688 0.0108880996704102 0.00992965698242186
-0.0286865234375 -0.169677734375 0.00475740432739258 -0.00618314743041993
-0.111862182617188 -0.115196228027344 -0.0110845565795898 -0.0150575637817383
-0.139663696289063 -0.00518798828125 -0.0290660858154297 0.00301551818847656
-0.099884033203125 0.075042724609375 -0.0311508178710938 0.0129184722900391
-0.0240859985351562 0.12628173828125 -0.0154190063476563 0.044525146484375
0.0321884155273438 0.118759155273437 0.00899505615234375 0.0534782409667969
0.0259628295898437 0.1104736328125 0.0159378051757813 0.0411605834960938
0.0284347534179687 0.126091003417969 0.0102367401123047 0.0335769653320313
-0.0185470581054688 0.127273559570313 0.011016845703125 0.0308685302734375
-0.0918960571289063 0.0894393920898437 0.0157222747802734 0.00302410125732422
-0.127342224121094 0.014801025390625 0.0298538208007812 0.00698471069335938
-0.098846435546875 -0.107963562011719 0.0604476928710937 0.0535659790039062
-0.030242919921875 -0.165023803710938 0.0380401611328125 0.115303039550781
0.04339599609375 -0.154434204101563 -0.0435028076171875 0.169723510742188
0.04925537109375 -0.193313598632813 0.0330543518066406 -0.0406417846679688
-0.03729248046875 -0.186279296875 0.0050201416015625 -0.0357704162597656
-0.124176025390625 -0.130546569824219 -0.00704574584960938 -0.0193881988525391
-0.158477783203125 -0.012847900390625 -0.00926494598388673 -0.00837421417236328
-0.116058349609375 0.0770950317382813 -0.0150270462036133 -0.0162677764892578
-0.0370407104492187 0.139274597167969 -0.0184478759765625 0.00309944152832032
0.0243148803710938 0.130966186523438 -0.0113801956176758 0.0120859146118164
0.021484375 0.12213134765625 -0.00848197937011719 0.00557279586791993
0.0255966186523438 0.138374328613281 -0.0116071701049805 -0.00440120697021483
-0.0210189819335937 0.139549255371094 0.00364112854003906 -0.00958061218261718
-0.10107421875 0.102020263671875 0.0210189819335937 -0.0322837829589844
-0.143218994140625 0.0264739990234375 0.0428314208984375 -0.0135917663574219
-0.122711181640625 -0.113166809082031 0.0676422119140625 0.0386772155761719
-0.0534820556640625 -0.18377685546875 0.0345535278320313 0.08331298828125
0.0308837890625 -0.181884765625 -0.02239990234375 0.116546630859375
0.0302734375 -0.187713623046875 0.0545806884765625 -0.0959854125976563
-0.043914794921875 -0.172531127929687 0.0049591064453125 -0.0685958862304688
-0.119255065917969 -0.11932373046875 -0.00365066528320313 -0.0235309600830078
-0.149383544921875 -0.012451171875 0.0103549957275391 -0.0194301605224609
-0.109695434570312 0.068817138671875 0.00157165527343749 -0.0436286926269531
-0.0413055419921875 0.128143310546875 -0.0177001953125 -0.0391502380371094
0.0137863159179687 0.123580932617187 -0.0297508239746094 -0.0311927795410156
0.013580322265625 0.115318298339844 -0.0318622589111328 -0.0301303863525391
0.0170364379882813 0.130844116210938 -0.032470703125 -0.0417671203613281
-0.0232467651367188 0.128829956054688 -0.005950927734375 -0.0505218505859375
-0.0957412719726563 0.094329833984375 0.0208206176757812 -0.0630989074707031
-0.133293151855469 0.0257492065429687 0.0497665405273437 -0.0335464477539063
-0.118301391601563 -0.102264404296875 0.0653114318847656 0.0209846496582031
-0.061614990234375 -0.171051025390625 0.0221405029296875 0.0461807250976562
0.018402099609375 -0.176544189453125 -0.00422286987304688 0.0544242858886719
0.00642395019531248 -0.151336669921875 0.0709686279296875 -0.146316528320313
-0.0477447509765625 -0.129859924316406 0.00444793701171876 -0.0982666015625
-0.0962905883789063 -0.0827407836914062 -0.00127220153808594 -0.0292758941650391
-0.111778259277344 -0.00719451904296875 0.0256118774414062 -0.0312004089355469
-0.0830535888671875 0.049346923828125 0.014862060546875 -0.06365966796875
-0.0365142822265625 0.097198486328125 -0.0159454345703125 -0.07244873046875
0.00258636474609376 0.095245361328125 -0.0411949157714844 -0.0680427551269531
0.00346374511718749 0.0899658203125 -0.0494270324707031 -0.0626945495605469
0.00466918945312501 0.102897644042969 -0.046630859375 -0.07489013671875
-0.0275192260742187 0.0982131958007813 -0.0119552612304688 -0.0841903686523438
-0.0803298950195313 0.0648040771484375 0.02337646484375 -0.0847625732421875
-0.100509643554688 0.01226806640625 0.0537643432617188 -0.0456390380859375
-0.0854873657226563 -0.0825271606445313 0.0550956726074219 0.00807189941406249
-0.047760009765625 -0.130821228027344 0.00723934173583984 0.0106287002563476
0.00828552246093749 -0.1409912109375 0.0116634368896484 -0.00490283966064454
-0.0206985473632813 -0.0958786010742188 0.0805816650390625 -0.185211181640625
-0.0448684692382813 -0.0708465576171875 0.00380706787109375 -0.120498657226562
-0.0590438842773437 -0.0330238342285156 -0.00443077087402344 -0.0345649719238281
-0.0568199157714844 0.000904083251953123 0.0294837951660156 -0.0380935668945313
-0.0404319763183594 0.0247917175292969 0.0208816528320312 -0.0720367431640625
-0.0243415832519531 0.0501060485839844 -0.0142822265625 -0.0911483764648438
-0.00734710693359376 0.0532760620117188 -0.0477828979492187 -0.0931320190429688
-0.00680923461914063 0.0509567260742187 -0.0576019287109375 -0.0848846435546875
-0.00994491577148438 0.0602493286132813 -0.0514297485351563 -0.0970535278320312
-0.0283851623535156 0.05084228515625 -0.0133743286132812 -0.105819702148438
-0.0537147521972656 0.0248184204101562 0.0284881591796875 -0.0923004150390625
-0.0532112121582031 -0.00697708129882813 0.0551376342773438 -0.0470008850097656
-0.03704833984375 -0.0515632629394531 0.0429496765136719 0.0025482177734375
-0.0231552124023437 -0.069976806640625 -0.00168132781982422 -0.0152959823608398
-0.00112915039062499 -0.0823898315429688 0.0239715576171875 -0.0494575500488281
-0.0438156127929688 -0.0255126953125 0.0792236328125 -0.20867919921875
-0.0351276397705078 -0.00591850280761718 -0.00190734863281251 -0.134918212890625
-0.0174808502197266 0.0177974700927734 -0.0141448974609375 -0.0394554138183594
0.000931739807128907 0.00882148742675781 0.0229072570800781 -0.0397682189941406
0.00350809097290039 -0.00243568420410156 0.01873779296875 -0.0672683715820313
-0.00832653045654297 -0.000141620635986329 -0.0134048461914063 -0.0936050415039062
-0.0164203643798828 0.00432777404785156 -0.0477523803710937 -0.101226806640625
-0.0152101516723633 0.00521183013916016 -0.0589828491210938 -0.0956039428710937
-0.0203800201416016 0.00886344909667969 -0.0479507446289063 -0.107421875
-0.0235748291015625 -0.001708984375 -0.00896453857421874 -0.113510131835938
-0.0183696746826172 -0.0165576934814453 0.0344390869140625 -0.0877685546875
0.00118827819824219 -0.0193672180175781 0.0570640563964844 -0.0395927429199219
0.0121698379516602 -0.00839614868164063 0.0327568054199219 0.00330543518066406
-0.00244522094726563 -7.91549682617193E-05 -0.00520515441894531 -0.0281257629394531
-0.015655517578125 -0.0119590759277344 0.0322189331054688 -0.0749282836914063
0.03594970703125 -0.0597419738769531 -0.0118637084960938 0.0793380737304687
-0.0170974731445313 -0.0705718994140625 0.00865364074707031 0.0298385620117187
-0.0572662353515625 -0.0335197448730469 -0.0232696533203125 -0.0121803283691406
-0.0509414672851563 0.0206947326660156 -0.0552024841308594 0.0257415771484375
-0.0248527526855469 0.0448799133300781 -0.0408439636230469 0.0646858215332031
0.0149688720703125 0.0511589050292969 0.00466156005859376 0.100143432617188
0.0339317321777344 0.0418930053710938 0.048370361328125 0.102325439453125
0.0250053405761719 0.0399017333984375 0.05755615234375 0.0852432250976563
0.0250282287597656 0.0448379516601562 0.0437698364257813 0.0877227783203125
-0.000488281250000006 0.052032470703125 0.0164871215820313 0.0878524780273438
-0.0356712341308594 0.0360908508300781 -0.00257110595703126 0.0565605163574219
-0.0493621826171875 -0.00367355346679688 -0.00145339965820313 0.0356369018554688
-0.0237197875976562 -0.0504646301269531 0.0259513854980469 0.0599021911621094
0.01763916015625 -0.0599212646484375 0.0248260498046875 0.134185791015625
0.0422859191894531 -0.0381088256835938 -0.0807342529296875 0.216888427734375
0.0464401245117188 -0.125 -0.00516128540039062 0.055511474609375
-0.02801513671875 -0.124526977539063 0.00597763061523437 0.0180225372314453
-0.0902633666992188 -0.07464599609375 -0.0159721374511719 -0.0128602981567383
-0.100776672363281 0.0122909545898438 -0.0443687438964844 0.0146408081054687
-0.0631065368652344 0.0665092468261719 -0.0403709411621094 0.0416183471679688
-0.00189208984374999 0.0945053100585938 -0.0048065185546875 0.08013916015625
0.0386962890625 0.0852432250976563 0.0325851440429687 0.0851821899414063
0.0294036865234375 0.0803604125976563 0.0393600463867188 0.0705795288085938
0.0330123901367188 0.09088134765625 0.0307731628417969 0.0656814575195313
-0.00852203369140625 0.0965423583984375 0.0172958374023438 0.0635604858398438
-0.0667610168457031 0.0691871643066406 0.00815582275390625 0.0317974090576172
-0.0949325561523438 0.00694274902343748 0.0127887725830078 0.0236930847167969
-0.066009521484375 -0.0833587646484375 0.0453338623046875 0.0582427978515625
-0.00793457031249999 -0.120407104492187 0.0355377197265625 0.129478454589844
0.0439605712890625 -0.106216430664062 -0.0590362548828125 0.204177856445313
0.05023193359375 -0.172271728515625 0.0111732482910156 0.0149745941162109
-0.037200927734375 -0.165512084960938 0.00361156463623047 -0.00323987007141114
-0.116371154785156 -0.109870910644531 -0.0130739212036133 -0.0142192840576172
-0.139808654785156 0.00118255615234374 -0.0298061370849609 0.00352096557617187
-0.0959396362304688 0.0795974731445313 -0.0299625396728516 0.0145320892333984
-0.0174026489257812 0.127731323242188 -0.0137062072753906 0.0448722839355469
0.037872314453125 0.116378784179688 0.0111465454101562 0.0538864135742188
0.0314254760742188 0.108718872070313 0.0180625915527344 0.0427017211914063
0.035400390625 0.124786376953125 0.0104408264160156 0.0349674224853516
-0.0113372802734375 0.126434326171875 0.0122432708740234 0.0297470092773438
-0.0875244140625 0.0948257446289062 0.0140657424926758 0.00187492370605469
-0.126976013183594 0.0216522216796875 0.0289249420166016 0.00691413879394532
-0.104583740234375 -0.103065490722656 0.0612945556640625 0.0497512817382812
-0.0387115478515625 -0.162979125976563 0.0405197143554688 0.112884521484375
0.036041259765625 -0.157012939453125 -0.03656005859375 0.1705322265625
0.041107177734375 -0.196548461914063 0.0280609130859375 -0.03680419921875
-0.0446624755859375 -0.182907104492188 0.00172996520996094 -0.0330219268798828
-0.130271911621094 -0.12310791015625 -0.00778484344482423 -0.0170373916625977
-0.157516479492188 -0.00489807128906252 -0.0105571746826172 -0.00753593444824218
-0.112464904785156 0.0835647583007813 -0.0163631439208984 -0.0142879486083984
-0.0303726196289063 0.140396118164063 -0.0189914703369141 0.00436592102050782
0.0307159423828125 0.130973815917969 -0.0102252960205078 0.0133438110351563
0.0281600952148438 0.122634887695313 -0.00630760192871093 0.00714302062988282
0.0331344604492187 0.137840270996094 -0.0121402740478516 -0.00156021118164062
-0.0140838623046875 0.139625549316406 0.00355720520019531 -0.00867557525634765
-0.0957717895507813 0.107681274414063 0.0173797607421875 -0.0314407348632812
-0.141342163085938 0.034088134765625 0.0411148071289062 -0.01446533203125
-0.12738037109375 -0.107078552246094 0.0673828125 0.0364723205566406
-0.062469482421875 -0.18115234375 0.0358352661132813 0.0811538696289062
0.023193359375 -0.183670043945313 -0.0188751220703125 0.116165161132812
0.0235748291015625 -0.189743041992188 0.0462493896484375 -0.095367431640625
-0.05169677734375 -0.170516967773438 -0.000530242919921878 -0.0679283142089844
-0.124374389648438 -0.112960815429687 -0.00543975830078126 -0.0215606689453125
-0.150161743164062 -0.00451660156250003 0.00982093811035156 -0.0192661285400391
-0.106529235839844 0.074493408203125 -0.000221252441406259 -0.0422286987304687
-0.0345687866210938 0.130966186523437 -0.0192184448242188 -0.035858154296875
0.0182952880859375 0.124160766601562 -0.0291595458984375 -0.0282344818115234
0.0184402465820313 0.115608215332031 -0.0323410034179688 -0.0275154113769531
0.0226898193359375 0.131439208984375 -0.0336418151855469 -0.03900146484375
-0.016448974609375 0.130462646484375 -0.00777816772460938 -0.0489234924316406
-0.0909194946289063 0.0986709594726563 0.0178260803222656 -0.064178466796875
-0.133918762207031 0.0330352783203125 0.0467147827148438 -0.0353775024414063
-0.123550415039062 -0.0973358154296875 0.0634765625 0.0189208984375
-0.069122314453125 -0.16900634765625 0.0220451354980469 0.0442466735839844
0.0124053955078125 -0.17724609375 -0.00323104858398438 0.0520477294921875
0.00120544433593751 -0.154541015625 0.062835693359375 -0.1485595703125
-0.0529251098632812 -0.13031005859375 -0.00189971923828126 -0.0972366333007813
-0.099853515625 -0.0799560546875 -0.00311660766601563 -0.0285491943359375
-0.113449096679687 -0.00226593017578125 0.0230464935302734 -0.0310192108154297
-0.0823135375976563 0.0539703369140625 0.0111656188964844 -0.0631103515625
-0.0317611694335937 0.100685119628906 -0.0187950134277344 -0.0692710876464844
0.0086669921875 0.0959243774414063 -0.0443611145019531 -0.0656394958496094
0.00698852539062499 0.09136962890625 -0.0506782531738281 -0.0584068298339844
0.0105209350585937 0.104507446289063 -0.0511932373046875 -0.0710296630859375
-0.0222930908203125 0.100067138671875 -0.0163726806640625 -0.0812225341796875
-0.0771255493164063 0.0692672729492188 0.018768310546875 -0.085540771484375
-0.10211181640625 0.0169754028320313 0.0505027770996094 -0.0464973449707031
-0.0901031494140625 -0.079742431640625 0.0520858764648437 0.00616455078124999
-0.0526580810546875 -0.128837585449219 0.00664997100830078 0.010075569152832
0.0055999755859375 -0.143447875976563 0.0100326538085938 -0.00848865509033204
-0.0214004516601562 -0.0946884155273437 0.0703582763671875 -0.188339233398438
-0.04449462890625 -0.0712203979492188 -0.00370788574218751 -0.119781494140625
-0.0602340698242188 -0.0321197509765625 -0.00618934631347657 -0.0330715179443359
-0.0575828552246094 0.00307846069335937 0.0288200378417969 -0.0393333435058594
-0.0430717468261719 0.0265426635742188 0.0168685913085938 -0.0725173950195313
-0.0209503173828125 0.0545082092285156 -0.0187759399414062 -0.0878067016601563
-0.00510787963867188 0.0536994934082031 -0.0520248413085938 -0.0903701782226562
-0.0046234130859375 0.0531883239746094 -0.0603256225585938 -0.0820846557617187
-0.00670242309570313 0.0614738464355469 -0.0556411743164063 -0.0938568115234375
-0.0251960754394531 0.05230712890625 -0.0165252685546875 -0.104080200195313
-0.0537910461425781 0.0271797180175781 0.0236892700195313 -0.092926025390625
-0.0536537170410156 -0.00260162353515625 0.05133056640625 -0.0500907897949219
-0.0402336120605469 -0.05029296875 0.0428352355957031 0.0016937255859375
-0.0249786376953125 -0.070831298828125 -0.00437355041503907 -0.0165443420410156
-0.00481414794921874 -0.0846176147460938 0.0229148864746094 -0.0525588989257813
-0.0417442321777344 -0.0254592895507813 0.0700836181640625 -0.212997436523438
-0.0334358215332031 -0.00453567504882812 -0.00897979736328125 -0.135360717773438
-0.0174789428710937 0.0150861740112305 -0.0154838562011719 -0.03851318359375
-0.000167369842529298 0.00737762451171875 0.0190773010253906 -0.0407752990722656
0.00202739238739014 -0.00217032432556152 0.0177536010742187 -0.0674819946289063
-0.00908470153808594 0.000327110290527346 -0.0171737670898438 -0.0920562744140625
-0.0162315368652344 0.006439208984375 -0.0511474609375 -0.0991439819335937
-0.014984130859375 0.00932693481445312 -0.0614166259765625 -0.0927734375
-0.0199470520019531 0.0110721588134766 -0.052520751953125 -0.102996826171875
-0.0247039794921875 0.000598907470703123 -0.0122528076171875 -0.11126708984375
-0.0209064483642578 -0.0135879516601562 0.0278396606445313 -0.0882492065429688
-0.0018463134765625 -0.0192661285400391 0.0536575317382813 -0.0424766540527344
0.00957489013671875 -0.0127391815185547 0.0320796966552734 0.00141525268554687
-0.000917315483093262 -0.00213027000427246 -0.00623893737792968 -0.0290164947509766
-0.0126428604125977 -0.0145721435546875 0.029815673828125 -0.0789947509765625
0.035430908203125 -0.0580101013183594 -0.0112838745117187 0.08258056640625
-0.0184059143066406 -0.0663795471191406 0.00927162170410156 0.0310077667236328
-0.0558586120605469 -0.0312118530273437 -0.0221614837646484 -0.00966453552246094
-0.0495758056640625 0.020538330078125 -0.0533523559570313 0.02581787109375
-0.0217933654785156 0.045654296875 -0.0395660400390625 0.064300537109375
0.0155715942382812 0.0481834411621094 0.00773620605468749 0.0988540649414062
0.0341987609863281 0.0396766662597656 0.051849365234375 0.10107421875
0.0267143249511719 0.0376129150390625 0.0577316284179688 0.0854721069335938
0.0288162231445313 0.0432357788085938 0.0446548461914063 0.086029052734375
0.00215530395507813 0.0512466430664063 0.0176849365234375 0.086395263671875
-0.0337677001953125 0.0364112854003906 -0.00152587890625001 0.0551528930664063
-0.0495643615722656 -0.00063323974609375 -0.0019073486328125 0.0370140075683594
-0.0256881713867188 -0.0472946166992187 0.0258102416992188 0.0590095520019531
0.0139846801757813 -0.0600776672363281 0.0251388549804687 0.134803771972656
0.0387992858886719 -0.0381927490234375 -0.0758514404296875 0.216110229492188
0.0443191528320313 -0.124565124511719 -0.00552749633789062 0.0596122741699219
-0.0301284790039063 -0.120880126953125 0.00532722473144531 0.0213985443115234
-0.0902786254882813 -0.0720291137695313 -0.0160417556762695 -0.0115938186645508
-0.098907470703125 0.0131607055664063 -0.0433197021484375 0.0152397155761719
-0.0610847473144531 0.068023681640625 -0.03839111328125 0.0419960021972656
0.000846862792968743 0.0939178466796875 -0.00360870361328124 0.0781936645507813
0.0409164428710937 0.0834274291992188 0.0343246459960938 0.0848236083984375
0.0320968627929688 0.078643798828125 0.04248046875 0.0690422058105469
0.0352401733398438 0.0886764526367187 0.0312919616699219 0.0654830932617188
-0.00421905517578126 0.0943450927734375 0.0173683166503906 0.0635871887207031
-0.0646476745605469 0.0691184997558594 0.00696372985839843 0.0326290130615235
-0.0938796997070312 0.00985717773437501 0.0132579803466797 0.0254936218261719
-0.0673904418945313 -0.08123779296875 0.0449409484863281 0.0565834045410156
-0.0121002197265625 -0.119232177734375 0.035980224609375 0.129638671875
0.0404205322265625 -0.104789733886719 -0.0560760498046875 0.204254150390625
0.0454864501953125 -0.171890258789063 0.00745010375976563 0.0189895629882812
-0.0390625 -0.16229248046875 0.00241541862487793 -1.59740447998146E-05
-0.115852355957031 -0.106887817382813 -0.0117664337158203 -0.0132818222045899
-0.138191223144531 0.00446319580078127 -0.0282726287841797 0.00478935241699219
-0.0926437377929688 0.08038330078125 -0.0308246612548828 0.0166683197021484
-0.0138931274414062 0.126380920410156 -0.0129318237304688 0.0469436645507813
0.03955078125 0.115516662597656 0.0134925842285156 0.0543441772460938
0.0338516235351563 0.106910705566406 0.0199394226074219 0.041900634765625
0.038726806640625 0.121604919433594 0.0124778747558594 0.0360946655273438
-0.00710296630859376 0.126182556152344 0.0135231018066406 0.0304355621337891
-0.082977294921875 0.0974197387695313 0.0135107040405273 0.0024404525756836
-0.12646484375 0.0251617431640625 0.0285072326660156 0.00849533081054688
-0.106689453125 -0.0994796752929688 0.06011962890625 0.0483512878417969
-0.0440521240234375 -0.16064453125 0.04095458984375 0.110580444335937
0.033050537109375 -0.156936645507812 -0.034454345703125 0.168685913085938
0.037322998046875 -0.194747924804687 0.0249156951904297 -0.0349597930908203
-0.048309326171875 -0.180221557617188 -0.00137901306152344 -0.0296859741210938
-0.129570007324219 -0.121185302734375 -0.00868797302246095 -0.0161886215209961
-0.157806396484375 -0.000930786132812515 -0.0101728439331055 -0.00601768493652343
-0.109550476074219 0.0844039916992187 -0.0166358947753906 -0.0132360458374023
-0.0254974365234375 0.140556335449219 -0.0179691314697266 0.00678634643554688
0.033905029296875 0.129646301269531 -0.0093841552734375 0.0153932571411133
0.0304489135742187 0.119895935058594 -0.00568866729736328 0.00936889648437501
0.0362014770507812 0.13616943359375 -0.0117654800415039 0.0007162094116211
-0.00896453857421875 0.140213012695312 0.00331354141235352 -0.00855493545532226
-0.0918502807617188 0.110694885253906 0.0154533386230469 -0.0311908721923828
-0.141220092773437 0.03692626953125 0.0387496948242187 -0.0129737854003906
-0.13043212890625 -0.104110717773437 0.0659637451171875 0.0340957641601563
-0.067108154296875 -0.178619384765625 0.03558349609375 0.08013916015625
0.0205078125 -0.183624267578125 -0.0166549682617187 0.114913940429687
0.0207977294921875 -0.188491821289062 0.0423507690429687 -0.0919342041015625
-0.054046630859375 -0.1685791015625 -0.00331497192382812 -0.0634498596191406
-0.125968933105469 -0.110389709472656 -0.00683212280273438 -0.0209426879882813
-0.150466918945313 -0.00189208984375002 0.00827407836914062 -0.0183868408203125
-0.105499267578125 0.0758743286132813 -0.000938415527343753 -0.0414314270019531
-0.03106689453125 0.131729125976562 -0.0206890106201172 -0.0333747863769531
0.0235061645507812 0.122894287109375 -0.0292110443115234 -0.02581787109375
0.0221405029296875 0.114288330078125 -0.0298118591308594 -0.0252189636230469
0.027587890625 0.1307373046875 -0.0337181091308594 -0.0353050231933594
-0.0125579833984375 0.130714416503906 -0.00823211669921875 -0.0467681884765625
-0.089141845703125 0.102638244628906 0.0150184631347656 -0.0621681213378906
-0.131996154785156 0.0358352661132812 0.0447120666503906 -0.0330314636230469
-0.126083374023438 -0.095855712890625 0.0625457763671875 0.01806640625
-0.072235107421875 -0.165557861328125 0.0210456848144531 0.0438919067382812
0.0108795166015625 -0.178558349609375 -0.00342941284179688 0.0506744384765625
0.000381469726562498 -0.153762817382813 0.0572967529296875 -0.14569091796875
-0.0537109375 -0.129013061523438 -0.00503540039062501 -0.0954208374023438
-0.101295471191406 -0.0779647827148437 -0.00505447387695313 -0.0286788940429688
-0.114067077636719 9.15527343750004E-05 0.0223598480224609 -0.0305500030517578
-0.0804519653320313 0.0564422607421875 0.0108566284179687 -0.0613899230957031
-0.028594970703125 0.101593017578125 -0.0207138061523437 -0.0670204162597656
0.0105133056640625 0.0967864990234375 -0.0442771911621094 -0.0631446838378906
0.0099639892578125 0.09124755859375 -0.0499458312988281 -0.0569267272949219
0.0125808715820313 0.104110717773438 -0.0503730773925781 -0.0674552917480469
-0.0189056396484375 0.100563049316406 -0.0174102783203125 -0.0796966552734375
-0.07598876953125 0.0734710693359375 0.0156478881835938 -0.083465576171875
-0.102157592773438 0.0194549560546875 0.0478134155273437 -0.0461883544921875
-0.0918960571289063 -0.0783157348632812 0.0520401000976562 0.00602722167968749
-0.0550079345703125 -0.128288269042969 0.00492286682128906 0.0092639923095703
0.00459289550781249 -0.143142700195313 0.00883388519287109 -0.00940799713134766
-0.0208053588867188 -0.0959625244140625 0.0657958984375 -0.1875
-0.0455245971679688 -0.0706939697265625 -0.00693511962890626 -0.120498657226563
-0.0613327026367188 -0.0330276489257812 -0.00774765014648438 -0.0339851379394531
-0.0601768493652344 0.00370788574218751 0.0261917114257813 -0.0387382507324219
-0.042205810546875 0.0283203125 0.0165634155273437 -0.0705337524414062
-0.0216255187988281 0.0559043884277344 -0.0193099975585937 -0.0870285034179687
-0.00374221801757812 0.0567588806152344 -0.0517120361328125 -0.0872802734375
-0.00295257568359375 0.0550155639648438 -0.0612640380859375 -0.0787353515625
-0.00484085083007813 0.0630607604980469 -0.0568313598632812 -0.0900650024414063
-0.0246200561523438 0.055450439453125 -0.0196990966796875 -0.100677490234375
-0.0527572631835938 0.0308799743652344 0.0207366943359375 -0.0921630859375
-0.055877685546875 -0.00260162353515626 0.0495681762695312 -0.0486488342285156
-0.0422935485839844 -0.0506362915039063 0.041412353515625 0.00110626220703125
-0.0261383056640625 -0.0719833374023438 -0.00420475006103516 -0.0161371231079102
-0.00188446044921874 -0.084014892578125 0.0191192626953125 -0.0565147399902344
-0.039306640625 -0.0245933532714844 0.064453125 -0.21270751953125
-0.0318183898925781 -0.00689697265625 -0.0117721557617188 -0.135948181152344
-0.0169754028320313 0.0143699645996094 -0.0170516967773437 -0.0377616882324219
-0.00200462341308594 0.00777816772460937 0.0200233459472656 -0.0410957336425781
0.000573515892028809 -0.0016930103302002 0.014617919921875 -0.0660133361816406
-0.010040283203125 0.00371646881103516 -0.0167236328125 -0.0908355712890625
-0.0152168273925781 0.00780296325683594 -0.0543441772460938 -0.0975189208984375
-0.0153846740722656 0.00975513458251953 -0.062744140625 -0.089508056640625
-0.0193347930908203 0.0137805938720703 -0.054656982421875 -0.102180480957031
-0.0238399505615234 0.00268936157226563 -0.0164031982421875 -0.109382629394531
-0.0206031799316406 -0.0123462677001953 0.0265121459960938 -0.0882415771484375
-0.00295639038085938 -0.0191135406494141 0.0516242980957031 -0.0433273315429688
0.00869655609130859 -0.0130596160888672 0.0323638916015625 0.00124931335449219
-0.00152206420898438 -0.00308895111083984 -0.00791168212890625 -0.0303630828857422
-0.0119762420654297 -0.0149116516113281 0.0276565551757813 -0.0826339721679688
0.0348587036132813 -0.0568885803222656 -0.0111007690429687 0.0872726440429687
-0.0183258056640625 -0.0640296936035156 0.00934028625488281 0.0340385437011719
-0.0548820495605469 -0.0300025939941406 -0.0219593048095703 -0.00913047790527343
-0.0479583740234375 0.0205001831054688 -0.0537567138671875 0.026092529296875
-0.0222702026367188 0.0449676513671875 -0.039886474609375 0.064117431640625
0.0160636901855469 0.0475234985351563 0.00724029541015625 0.0994186401367188
0.0344696044921875 0.0389480590820313 0.0520172119140625 0.102371215820313
0.0274581909179688 0.0365409851074219 0.05841064453125 0.0858001708984375
0.02899169921875 0.0421218872070313 0.044647216796875 0.0882568359375
0.00348663330078125 0.0502357482910156 0.0179672241210938 0.0864028930664063
-0.0323905944824219 0.0372352600097656 -0.00204849243164063 0.0559310913085938
-0.0492057800292969 0.000270843505859381 -0.00208663940429687 0.037353515625
-0.0259323120117188 -0.0468292236328125 0.0263099670410156 0.0587234497070313
0.0131111145019531 -0.0598068237304687 0.024932861328125 0.13555908203125
0.037017822265625 -0.0379905700683594 -0.0768890380859375 0.218597412109375
0.0436477661132813 -0.123619079589844 -0.00653457641601562 0.0641288757324219
-0.0303421020507813 -0.120208740234375 0.00536918640136718 0.0247516632080078
-0.0895614624023438 -0.0726165771484375 -0.0155000686645508 -0.0112676620483398
-0.0984573364257813 0.0134429931640625 -0.0433006286621094 0.0155792236328125
-0.0606346130371094 0.0674285888671875 -0.0383682250976563 0.0426177978515625
0.00228881835937501 0.0936737060546875 -0.00396728515624999 0.0799407958984375
0.0403594970703125 0.08331298828125 0.0345458984375 0.0856857299804688
0.033416748046875 0.07781982421875 0.042938232421875 0.0705490112304688
0.0365524291992188 0.0882110595703125 0.0312309265136719 0.0676193237304688
-0.00296020507812501 0.094635009765625 0.0179672241210937 0.0636444091796875
-0.0629806518554688 0.0707168579101562 0.00621986389160156 0.0326728820800781
-0.09423828125 0.0112457275390625 0.0125656127929687 0.0259780883789063
-0.0682830810546875 -0.0808868408203125 0.044464111328125 0.0569267272949219
-0.0135269165039062 -0.1195068359375 0.0347137451171875 0.130638122558594
0.0399017333984375 -0.1058349609375 -0.0579986572265625 0.205718994140625
0.045806884765625 -0.172988891601562 0.00631332397460938 0.0230579376220703
-0.0392303466796875 -0.160934448242188 0.00150489807128906 0.00333595275878905
-0.115478515625 -0.106666564941406 -0.0116195678710938 -0.0125055313110352
-0.138374328613281 0.00510406494140628 -0.0290260314941406 0.00585746765136719
-0.0933609008789063 0.0814971923828125 -0.0303840637207031 0.0167713165283203
-0.0124588012695312 0.127120971679688 -0.0121917724609375 0.0480499267578125
0.0405731201171875 0.11572265625 0.014190673828125 0.0556907653808594
0.0347213745117188 0.10784912109375 0.0209274291992188 0.0435600280761719
0.040283203125 0.121788024902344 0.0124626159667969 0.0378913879394531
-0.00550079345703125 0.12646484375 0.0130119323730469 0.0313472747802734
-0.0832061767578125 0.0990447998046875 0.0125284194946289 0.00240421295166016
-0.127540588378906 0.02685546875 0.0276279449462891 0.00915336608886719
-0.108177185058594 -0.100410461425781 0.0594711303710937 0.0483016967773437
-0.044952392578125 -0.162261962890625 0.038970947265625 0.112464904785156
0.0328521728515625 -0.158905029296875 -0.0363311767578125 0.169387817382813
0.0375518798828125 -0.197296142578125 0.0241680145263672 -0.0306377410888672
-0.047607421875 -0.180404663085938 -0.00188064575195313 -0.0270824432373047
-0.1302490234375 -0.12213134765625 -0.00946331024169923 -0.0152921676635742
-0.15899658203125 -0.000671386718750014 -0.0107803344726563 -0.00508308410644531
-0.110466003417969 0.0858917236328125 -0.0170145034790039 -0.0119094848632812
-0.024749755859375 0.142196655273438 -0.0180377960205078 0.00850677490234376
0.03533935546875 0.130630493164063 -0.0082855224609375 0.0169076919555664
0.031707763671875 0.121246337890625 -0.00454330444335937 0.0102596282958984
0.0376358032226562 0.137092590332031 -0.011444091796875 0.00245761871337891
-0.00762939453125 0.140609741210938 0.00371408462524414 -0.00768709182739257
-0.0920791625976562 0.112747192382813 0.0145778656005859 -0.0309295654296875
-0.143310546875 0.0381927490234375 0.0382461547851563 -0.0122146606445313
-0.131843566894531 -0.104888916015625 0.06561279296875 0.0341567993164062
-0.0683441162109375 -0.179611206054688 0.0335693359375 0.0809783935546875
0.0219268798828125 -0.185638427734375 -0.0185089111328125 0.113792419433594
0.022247314453125 -0.191314697265625 0.0420989990234375 -0.0904998779296875
-0.053741455078125 -0.169677734375 -0.00485992431640626 -0.0615272521972656
-0.126846313476562 -0.112472534179688 -0.00711631774902344 -0.0205802917480469
-0.152267456054687 -0.0011749267578125 0.00783538818359374 -0.0180912017822266
-0.106605529785156 0.07769775390625 -0.00128555297851563 -0.0404396057128906
-0.02960205078125 0.133995056152344 -0.0200481414794922 -0.0324668884277344
0.0250778198242187 0.124771118164063 -0.0288486480712891 -0.02490234375
0.0228347778320312 0.116004943847656 -0.0294265747070312 -0.0246181488037109
0.02923583984375 0.131820678710938 -0.0341510772705078 -0.0339908599853516
-0.0120010375976563 0.131988525390625 -0.00875091552734375 -0.0463829040527344
-0.0901336669921875 0.105186462402344 0.0138702392578125 -0.0621261596679688
-0.13427734375 0.0378799438476562 0.0435447692871094 -0.0321388244628906
-0.127510070800781 -0.097015380859375 0.06158447265625 0.0189933776855469
-0.07275390625 -0.167694091796875 0.018707275390625 0.0440902709960937
0.012847900390625 -0.181320190429688 -0.00461959838867187 0.0495185852050781
0.00218200683593752 -0.15625 0.0562591552734375 -0.14447021484375
-0.053375244140625 -0.131492614746094 -0.00676727294921876 -0.0939483642578125
-0.101837158203125 -0.0803451538085938 -0.00625228881835938 -0.0273094177246094
-0.116905212402344 0.000930786132812481 0.0211582183837891 -0.0303478240966797
-0.082183837890625 0.0572280883789062 0.0104904174804687 -0.0605926513671875
-0.0282058715820312 0.1038818359375 -0.0197830200195313 -0.0661468505859375
0.0120620727539062 0.099365234375 -0.0438652038574219 -0.0622291564941406
0.0112075805664062 0.0934371948242188 -0.0487098693847656 -0.0560150146484375
0.0137481689453125 0.106857299804688 -0.0502586364746094 -0.0663185119628906
-0.0183334350585938 0.101951599121094 -0.0172348022460937 -0.078887939453125
-0.0767440795898438 0.07525634765625 0.0145339965820313 -0.0833511352539063
-0.103775024414063 0.0203475952148438 0.0471458435058594 -0.0452728271484375
-0.0933456420898438 -0.0793533325195312 0.0514869689941406 0.00714492797851562
-0.0550155639648438 -0.129837036132813 0.00358963012695312 0.00871896743774413
0.00692749023437499 -0.145782470703125 0.00749301910400391 -0.0120296478271484
-0.0191574096679687 -0.0980758666992188 0.064971923828125 -0.188140869140625
-0.0453643798828125 -0.0730209350585938 -0.00816345214843751 -0.120460510253906
-0.0616722106933594 -0.0347442626953125 -0.00864791870117188 -0.0338916778564453
-0.0621452331542969 0.00418853759765624 0.0260467529296875 -0.0385971069335937
-0.0437545776367188 0.0288810729980469 0.0167007446289062 -0.0703582763671875
-0.0207443237304688 0.0582504272460937 -0.0187225341796875 -0.0869140625
-0.00191116333007812 0.0586624145507813 -0.052398681640625 -0.0880889892578125
-0.00209426879882813 0.0567893981933594 -0.0603866577148437 -0.079254150390625
-0.00381851196289063 0.0665168762207031 -0.057159423828125 -0.0897293090820313
-0.023834228515625 0.0566444396972656 -0.0194854736328125 -0.100547790527344
-0.0542373657226563 0.0326919555664063 0.0194320678710937 -0.09185791015625
-0.0583343505859375 -0.00226974487304687 0.048919677734375 -0.0478172302246094
-0.0434341430664062 -0.0523719787597656 0.041534423828125 0.00127029418945312
-0.0263137817382813 -0.0724411010742188 -0.00603580474853516 -0.0168609619140625
0.000625610351562508 -0.0872802734375 0.0185012817382812 -0.0588951110839844
-0.037841796875 -0.0259361267089844 0.0646514892578125 -0.213592529296875
-0.0314998626708984 -0.00844192504882813 -0.0123443603515625 -0.137283325195312
-0.0161151885986328 0.0131187438964844 -0.0176315307617187 -0.0388298034667969
-0.0030217170715332 0.00767087936401367 0.0191688537597656 -0.040252685546875
-0.00130927562713623 -0.00135338306427002 0.0155830383300781 -0.0661964416503906
-0.0104560852050781 0.00471782684326172 -0.0166549682617187 -0.0911407470703125
-0.0148830413818359 0.00927734375 -0.0538101196289063 -0.09820556640625
-0.0147790908813477 0.0109958648681641 -0.0627670288085937 -0.09002685546875
-0.0193347930908203 0.0156288146972656 -0.0549087524414063 -0.102500915527344
-0.0236377716064453 0.00444984436035157 -0.01580810546875 -0.109100341796875
-0.0223445892333984 -0.0113067626953125 0.0261077880859375 -0.0875320434570313
-0.00516319274902343 -0.0191783905029297 0.0513114929199219 -0.042510986328125
0.00730609893798828 -0.0137548446655273 0.0318317413330078 0.00182533264160156
-0.00140619277954102 -0.00485897064208984 -0.0082855224609375 -0.0314655303955078
-0.00916290283203125 -0.0171098709106445 0.0266265869140625 -0.0859146118164063
0.0357551574707031 -0.0574111938476563 -0.0118408203125 0.0929183959960938
-0.0183029174804688 -0.0635604858398438 0.01019287109375 0.03814697265625
-0.0552749633789063 -0.0303993225097656 -0.0218524932861328 -0.00966453552246094
-0.0483016967773438 0.0207099914550781 -0.055084228515625 0.0266151428222656
-0.0218162536621094 0.0449600219726562 -0.0406265258789063 0.0654029846191406
0.0163421630859375 0.0478782653808594 0.00673675537109375 0.102394104003906
0.0352401733398438 0.0388412475585938 0.0534286499023438 0.105308532714844
0.0282096862792969 0.0364265441894531 0.0596084594726563 0.089324951171875
0.0306434631347656 0.041107177734375 0.0464401245117188 0.0912322998046875
0.00419998168945312 0.0507469177246094 0.0182876586914063 0.0889739990234375
-0.032196044921875 0.0384941101074219 -0.00257110595703126 0.0573158264160156
-0.0506706237792969 0.000915527343749994 -0.00227355957031251 0.0386810302734375
-0.026824951171875 -0.0472373962402344 0.0264511108398437 0.0596656799316406
0.0117645263671875 -0.0610694885253906 0.0244598388671875 0.14080810546875
0.0361976623535156 -0.0388069152832031 -0.080047607421875 0.224868774414063
0.045013427734375 -0.126220703125 -0.00765609741210937 0.0697135925292969
-0.0305862426757813 -0.121330261230469 0.00488090515136718 0.0284423828125
-0.0916900634765625 -0.0748291015625 -0.0157842636108399 -0.0113992691040039
-0.100227355957031 0.0136947631835937 -0.0448226928710938 0.01580810546875
-0.062164306640625 0.0689964294433594 -0.0400123596191406 0.0435142517089844
0.00294494628906251 0.09564208984375 -0.00441741943359374 0.0823593139648438
0.0421676635742188 0.0856475830078125 0.0363616943359375 0.0888900756835938
0.03485107421875 0.0793914794921875 0.0444488525390625 0.0726318359375
0.03814697265625 0.0898971557617188 0.0325775146484375 0.0708541870117188
-0.00195312499999999 0.0962677001953125 0.0182380676269531 0.0659561157226562
-0.0640792846679687 0.0740814208984375 0.00573348999023437 0.0340080261230469
-0.0966110229492188 0.01263427734375 0.012908935546875 0.027618408203125
-0.071044921875 -0.0829696655273438 0.0451240539550781 0.0587501525878906
-0.0149993896484375 -0.1226806640625 0.0346145629882812 0.135665893554687
0.0408782958984375 -0.109199523925781 -0.0608367919921875 0.2113037109375
0.047760009765625 -0.177093505859375 0.005218505859375 0.0277214050292969
-0.0398101806640625 -0.164306640625 0.000925064086914059 0.00705814361572265
-0.118522644042969 -0.110305786132813 -0.0116662979125977 -0.0124826431274414
-0.141433715820313 0.00523376464843752 -0.0296707153320313 0.00584411621093751
-0.0949859619140625 0.08319091796875 -0.0316810607910156 0.0173454284667969
-0.0118484497070312 0.130752563476563 -0.0129928588867187 0.050262451171875
0.0428848266601563 0.119430541992188 0.0152091979980469 0.0583457946777344
0.0366058349609375 0.110618591308594 0.0229072570800781 0.0455703735351563
0.042755126953125 0.125076293945313 0.0126075744628906 0.0406532287597656
-0.00447845458984374 0.129768371582031 0.0137748718261719 0.0325584411621094
-0.0846099853515625 0.103347778320312 0.0116405487060547 0.00322628021240235
-0.131378173828125 0.0286026000976563 0.0284271240234375 0.0102977752685547
-0.112174987792969 -0.103538513183594 0.0606269836425781 0.0498390197753906
-0.047393798828125 -0.16644287109375 0.0384368896484375 0.116081237792969
0.0342864990234375 -0.16412353515625 -0.03857421875 0.173751831054687
0.04052734375 -0.202011108398438 0.0239162445068359 -0.0286598205566406
-0.0482940673828125 -0.184890747070313 -0.00260734558105469 -0.0244941711425781
-0.13397216796875 -0.1260986328125 -0.00916004180908204 -0.0150518417358399
-0.163436889648438 -3.05175781249946E-05 -0.0113906860351563 -0.0049591064453125
-0.113433837890625 0.088287353515625 -0.0176124572753906 -0.0122909545898437
-0.023712158203125 0.146438598632813 -0.0182132720947266 0.0105113983154297
0.0374298095703125 0.135612487792969 -0.0077667236328125 0.018096923828125
0.0331878662109375 0.12493896484375 -0.00317859649658203 0.0112247467041016
0.04058837890625 0.1412353515625 -0.0110359191894531 0.00428199768066407
-0.0068511962890625 0.143997192382813 0.00423288345336914 -0.00758743286132812
-0.0943374633789063 0.118553161621094 0.0138721466064453 -0.0313930511474609
-0.147018432617187 0.0405731201171875 0.0389900207519531 -0.0109939575195313
-0.13677978515625 -0.109153747558594 0.066009521484375 0.0352897644042969
-0.0707244873046875 -0.184494018554688 0.032928466796875 0.083465576171875
0.0240020751953125 -0.192230224609375 -0.0207443237304687 0.116432189941406
0.0252685546875 -0.196746826171875 0.0420074462890625 -0.08941650390625
-0.054443359375 -0.175033569335938 -0.00607681274414063 -0.0606803894042969
-0.130340576171875 -0.116859436035156 -0.00775909423828126 -0.0201683044433594
-0.1573486328125 -0.000610351562499966 0.00716972351074218 -0.01776123046875
-0.110336303710937 0.080596923828125 -0.00106048583984376 -0.0406532287597656
-0.029205322265625 0.138572692871094 -0.0199623107910156 -0.0314598083496094
0.0274200439453125 0.129631042480469 -0.0286979675292969 -0.0247020721435547
0.0243453979492188 0.120262145996094 -0.0284996032714844 -0.0246868133544922
0.0309677124023437 0.136558532714844 -0.0337924957275391 -0.0333728790283203
-0.0111846923828125 0.135795593261719 -0.0080413818359375 -0.0471343994140625
-0.0918807983398438 0.110137939453125 0.0129356384277344 -0.062774658203125
-0.139015197753906 0.039276123046875 0.0448074340820313 -0.0315132141113281
-0.132476806640625 -0.100662231445312 0.0627708435058594 0.01959228515625
-0.0746917724609375 -0.173675537109375 0.0178604125976562 0.0456085205078125
0.0153656005859375 -0.1881103515625 -0.005828857421875 0.0493698120117187
0.00408935546875001 -0.161163330078125 0.057891845703125 -0.146697998046875
-0.0537796020507813 -0.136604309082031 -0.00807952880859375 -0.0954818725585938
-0.104705810546875 -0.08428955078125 -0.00699043273925782 -0.0275306701660156
-0.121452331542969 0.00155639648437502 0.0215568542480469 -0.0303173065185547
-0.085662841796875 0.0595016479492188 0.0107269287109375 -0.0621414184570313
-0.0281906127929688 0.108604431152344 -0.019683837890625 -0.0667495727539063
0.0135345458984375 0.103294372558594 -0.0442657470703125 -0.0628471374511719
0.0124588012695313 0.09698486328125 -0.0485649108886719 -0.057159423828125
0.0152511596679687 0.111412048339844 -0.0512886047363281 -0.0666999816894531
-0.018310546875 0.105827331542969 -0.0171661376953125 -0.080780029296875
-0.0786361694335938 0.0793609619140625 0.0143966674804687 -0.0851516723632813
-0.107894897460938 0.0215835571289062 0.0480842590332031 -0.0442657470703125
-0.0972747802734375 -0.0828399658203125 0.0530776977539062 0.00766372680664062
-0.05645751953125 -0.13482666015625 0.00202274322509765 0.00881099700927733
0.00971984863281251 -0.15203857421875 0.00654029846191406 -0.0140504837036133
-0.01751708984375 -0.102676391601563 0.066070556640625 -0.191909790039063
-0.0449066162109375 -0.0770950317382813 -0.00926971435546876 -0.123809814453125
-0.0627975463867188 -0.0374908447265625 -0.0101947784423828 -0.0343074798583984
-0.0653648376464844 0.00428009033203124 0.0261611938476562 -0.0387687683105469
-0.0460357666015625 0.0301055908203125 0.0174026489257812 -0.071563720703125
-0.02093505859375 0.061248779296875 -0.01824951171875 -0.0885009765625
-0.001007080078125 0.0612068176269531 -0.0533447265625 -0.0904464721679688
-0.0015411376953125 0.0595588684082031 -0.0610580444335937 -0.0810165405273437
-0.00355911254882813 0.0700149536132813 -0.05816650390625 -0.0923843383789063
-0.024200439453125 0.0595779418945312 -0.0196304321289063 -0.102798461914063
-0.0557518005371094 0.0349464416503906 0.0192489624023438 -0.0936355590820313
-0.0609207153320313 -0.00147628784179686 0.050628662109375 -0.048004150390625
-0.0455055236816406 -0.0540809631347656 0.0421600341796875 0.00246810913085937
-0.0266265869140625 -0.075958251953125 -0.00722503662109375 -0.0185585021972656
0.00362396240234376 -0.0917510986328125 0.0183486938476563 -0.0631484985351563
-0.0371551513671875 -0.0273933410644531 0.0659027099609375 -0.220046997070313
-0.0309886932373047 -0.0105075836181641 -0.0128326416015625 -0.142135620117188
-0.0161199569702148 0.0123682022094727 -0.0187721252441406 -0.0396385192871094
-0.00441598892211914 0.00733327865600586 0.0193977355957031 -0.04083251953125
-0.00231456756591797 -0.000943899154663086 0.016815185546875 -0.0669975280761719
-0.0107860565185547 0.00610828399658203 -0.0166168212890625 -0.0942916870117188
-0.0148591995239258 0.0103540420532227 -0.054779052734375 -0.101394653320312
-0.0145664215087891 0.0129070281982422 -0.0645065307617188 -0.0925750732421875
-0.0192623138427734 0.0177364349365234 -0.05615234375 -0.105377197265625
-0.0242652893066406 0.00580215454101563 -0.0158462524414063 -0.111717224121094
-0.0237998962402344 -0.0100803375244141 0.0268020629882813 -0.089874267578125
-0.00649642944335937 -0.0194225311279297 0.052459716796875 -0.0430755615234375
0.0068817138671875 -0.0143280029296875 0.0333194732666016 0.00210380554199219
-0.000813961029052734 -0.00652790069580078 -0.00940704345703125 -0.0340461730957031
-0.00783157348632813 -0.0195217132568359 0.0263748168945313 -0.0908050537109375
0.03546142578125 -0.0597801208496094 -0.010589599609375 0.100677490234375
-0.0208015441894531 -0.0645332336425781 0.011505126953125 0.0418243408203125
-0.0573387145996094 -0.03045654296875 -0.0220661163330078 -0.00984001159667969
-0.049407958984375 0.0219078063964844 -0.0570297241210937 0.0286140441894531
-0.0212936401367187 0.04656982421875 -0.042205810546875 0.0688705444335938
0.0182647705078125 0.0486335754394531 0.00843811035156249 0.106727600097656
0.0376663208007813 0.039642333984375 0.0579299926757812 0.109550476074219
0.0300750732421875 0.0359230041503906 0.064300537109375 0.0920944213867188
0.0323219299316406 0.0409049987792969 0.0499725341796875 0.0951461791992188
0.00638961791992188 0.051849365234375 0.0204925537109375 0.0928955078125
-0.0314826965332031 0.0409049987792969 -0.00244522094726563 0.0598602294921875
-0.05157470703125 0.00238418579101563 -0.00187301635742188 0.04046630859375
-0.0289421081542969 -0.0490226745605469 0.0282173156738281 0.0620384216308594
0.00981903076171875 -0.062744140625 0.0274505615234375 0.148406982421875
0.0361824035644531 -0.0404624938964844 -0.08026123046875 0.236953735351563
0.0447235107421875 -0.131973266601563 -0.00710296630859375 0.0771942138671875
-0.03350830078125 -0.12420654296875 0.00606727600097656 0.0323352813720703
-0.0958938598632812 -0.0761947631835938 -0.0162534713745117 -0.0107307434082031
-0.103843688964844 0.0155258178710938 -0.046966552734375 0.017303466796875
-0.0633163452148438 0.0727081298828125 -0.0417327880859375 0.0459785461425781
0.00565338134765625 0.0995559692382813 -0.00310516357421875 0.0865402221679688
0.0463485717773437 0.0883407592773437 0.0401687622070313 0.0929946899414062
0.0380020141601563 0.0818099975585938 0.048553466796875 0.075286865234375
0.0423431396484375 0.0919570922851563 0.0353240966796875 0.0756607055664063
0.000625610351562502 0.09967041015625 0.0201911926269531 0.0687522888183594
-0.0642242431640625 0.0789642333984375 0.00539016723632812 0.0353622436523438
-0.10040283203125 0.015472412109375 0.0142536163330078 0.02911376953125
-0.0760574340820312 -0.0856552124023438 0.047271728515625 0.06048583984375
-0.0195999145507812 -0.127418518066406 0.036773681640625 0.142318725585938
0.0399017333984375 -0.114601135253906 -0.0610809326171875 0.222274780273438
0.04779052734375 -0.185073852539062 0.00550079345703125 0.0323600769042969
-0.0438690185546875 -0.169708251953125 0.0011138916015625 0.010188102722168
-0.125648498535156 -0.113349914550781 -0.0116558074951172 -0.0124235153198242
-0.147415161132813 0.00849914550781251 -0.0310096740722656 0.00719070434570313
-0.0975418090820313 0.0890045166015625 -0.0334300994873047 0.0185508728027344
-0.00876617431640625 0.136283874511719 -0.0129432678222656 0.0540657043457031
0.0481719970703125 0.123764038085937 0.0174636840820312 0.0616798400878906
0.0404815673828125 0.11444091796875 0.025421142578125 0.0472564697265625
0.0477676391601562 0.129447937011719 0.0141830444335938 0.0440025329589844
-0.00100708007812501 0.13494873046875 0.0147666931152344 0.0336341857910156
-0.085723876953125 0.11053466796875 0.0113306045532227 0.00333213806152344
-0.136695861816406 0.0329818725585938 0.0295009613037109 0.0118122100830078
-0.119232177734375 -0.106559753417969 0.0626907348632812 0.0510330200195312
-0.0531005859375 -0.173187255859375 0.0405044555664062 0.121910095214844
0.033660888671875 -0.173233032226563 -0.0391082763671875 0.182037353515625
0.04022216796875 -0.211898803710938 0.0228767395019531 -0.0261993408203125
-0.05242919921875 -0.191726684570313 -0.00416564941406251 -0.0224227905273438
-0.141647338867187 -0.130722045898438 -0.00906658172607423 -0.0147113800048828
-0.170913696289063 0.00381469726562497 -0.0120429992675781 -0.0041961669921875
-0.116607666015625 0.0945205688476563 -0.0191631317138672 -0.0122184753417969
-0.020263671875 0.153366088867187 -0.0186691284179688 0.0131168365478516
0.0426177978515625 0.140823364257813 -0.0064849853515625 0.0203361511230469
0.0383377075195312 0.129966735839844 -0.00154304504394531 0.0119428634643555
0.0458984375 0.147705078125 -0.0111799240112305 0.00644588470458985
-0.0037078857421875 0.150665283203125 0.00430583953857422 -0.00781774520874023
-0.095428466796875 0.126235961914063 0.0127487182617187 -0.0319747924804687
-0.153350830078125 0.04547119140625 0.0405502319335938 -0.0110206604003906
-0.145050048828125 -0.11212158203125 0.0690498352050781 0.0361824035644531
-0.07720947265625 -0.192184448242188 0.0337982177734375 0.0878829956054687
0.0239410400390625 -0.202301025390625 -0.0212860107421875 0.121688842773437
0.0250701904296875 -0.205963134765625 0.0413131713867188 -0.0911178588867188
-0.0587615966796875 -0.182296752929688 -0.0076904296875 -0.0611419677734375
-0.1383056640625 -0.12188720703125 -0.00786972045898438 -0.0198802947998047
-0.164993286132813 0.0035247802734375 0.00747299194335936 -0.0181255340576172
-0.11383056640625 0.0869979858398438 -0.0029754638671875 -0.0417137145996094
-0.0267791748046875 0.146163940429688 -0.021209716796875 -0.0313835144042969
0.0322036743164063 0.135040283203125 -0.0294647216796875 -0.0244083404541016
0.0290069580078125 0.12554931640625 -0.0293865203857422 -0.0252513885498047
0.0367431640625 0.143096923828125 -0.0354957580566406 -0.0323295593261719
-0.00831604003906248 0.1422119140625 -0.00925445556640625 -0.0484275817871094
-0.093719482421875 0.118339538574219 0.0115203857421875 -0.0649070739746094
-0.144943237304688 0.04400634765625 0.0463218688964844 -0.0320053100585938
-0.140541076660156 -0.103660583496094 0.0652046203613281 0.0199241638183594
-0.08087158203125 -0.180496215820313 0.0176162719726562 0.0480766296386719
0.0153350830078125 -0.198867797851562 -0.00727462768554687 0.0515289306640625
0.0044097900390625 -0.169891357421875 0.0570220947265625 -0.15216064453125
-0.0576629638671875 -0.143051147460938 -0.0100479125976563 -0.0979461669921875
-0.111335754394531 -0.0885086059570313 -0.00834655761718751 -0.0283336639404297
-0.127922058105469 0.00431823730468751 0.0210342407226562 -0.0307598114013672
-0.0888748168945313 0.0650558471679687 0.0106010437011719 -0.0643310546875
-0.0263824462890625 0.115264892578125 -0.0214958190917969 -0.06842041015625
0.0174102783203125 0.108543395996094 -0.0469856262207031 -0.0652122497558594
0.015472412109375 0.102493286132813 -0.0506629943847656 -0.0588340759277344
0.0197601318359375 0.117942810058594 -0.0539054870605469 -0.0680885314941406
-0.0165252685546875 0.111473083496094 -0.0189437866210937 -0.0836639404296875
-0.0813217163085937 0.0859527587890625 0.0126953125 -0.0881805419921875
-0.11370849609375 0.0252532958984375 0.0493621826171875 -0.0459365844726563
-0.10406494140625 -0.0860977172851563 0.0547256469726562 0.00769424438476562
-0.0609283447265625 -0.140914916992188 0.00105762481689453 0.00906658172607421
0.00994873046875001 -0.161224365234375 0.00545406341552734 -0.0161714553833008
-0.017547607421875 -0.107505798339844 0.0658111572265625 -0.200668334960938
-0.04766845703125 -0.0817489624023438 -0.0123062133789062 -0.128868103027344
-0.0663719177246094 -0.0398292541503906 -0.0114059448242188 -0.0350875854492188
-0.0699195861816406 0.00613021850585936 0.0253562927246094 -0.0408210754394531
-0.0483131408691406 0.0335502624511719 0.0170745849609375 -0.074371337890625
-0.0206871032714844 0.0656318664550781 -0.0203323364257812 -0.0914688110351563
0.000385284423828124 0.0653457641601563 -0.0569229125976562 -0.0934677124023438
0.000473022460937499 0.063568115234375 -0.06500244140625 -0.0844192504882812
-0.000778198242187495 0.0748519897460938 -0.062164306640625 -0.0951080322265625
-0.02374267578125 0.0640640258789063 -0.0220413208007812 -0.105979919433594
-0.0582771301269531 0.0395965576171875 0.018402099609375 -0.0972518920898438
-0.0648651123046875 -6.10351562499894E-05 0.0521888732910156 -0.0507736206054688
-0.049102783203125 -0.0570869445800781 0.0441818237304688 0.00206375122070312
-0.0289230346679688 -0.0802841186523438 -0.0089569091796875 -0.0197925567626953
0.00420379638671875 -0.098297119140625 0.0172653198242188 -0.0680770874023438
-0.0369644165039063 -0.029205322265625 0.0662078857421875 -0.230728149414063
-0.0320034027099609 -0.012420654296875 -0.0164031982421875 -0.1490478515625
-0.0165004730224609 0.0114955902099609 -0.0202293395996094 -0.0409774780273438
-0.00580024719238281 0.00733566284179688 0.0192604064941406 -0.0425949096679688
-0.00363397598266601 -0.000671625137329102 0.0167770385742187 -0.0703887939453125
-0.0108547210693359 0.00805854797363281 -0.0181045532226562 -0.098297119140625
-0.0148773193359375 0.0114803314208984 -0.0593032836914062 -0.104896545410156
-0.0145015716552734 0.0145483016967773 -0.0680770874023437 -0.096649169921875
-0.0193939208984375 0.020782470703125 -0.060638427734375 -0.109626770019531
-0.0247383117675781 0.00813484191894531 -0.0185623168945313 -0.115852355957031
-0.0257053375244141 -0.00886917114257812 0.0258255004882813 -0.0935440063476563
-0.00892257690429688 -0.0194511413574219 0.0538482666015625 -0.0455665588378906
0.00588607788085938 -0.0160427093505859 0.0346260070800781 0.00139045715332031
-0.000457763671874999 -0.00849008560180664 -0.0109176635742188 -0.0368194580078125
-0.00655555725097656 -0.0222625732421875 0.0257644653320313 -0.0981216430664062
0.0341300964355469 -0.0624046325683594 -0.0069732666015625 0.108253479003906
-0.0232162475585938 -0.0636482238769531 0.0143394470214844 0.0455207824707031
-0.0598030090332031 -0.0284881591796875 -0.0233840942382813 -0.00980949401855469
-0.0493278503417969 0.0239677429199219 -0.058074951171875 0.0317039489746094
-0.0200271606445313 0.0485420227050781 -0.0416793823242188 0.0733261108398438
0.0212440490722656 0.0491256713867188 0.0128707885742187 0.11016845703125
0.041046142578125 0.0386924743652344 0.0644302368164063 0.111648559570313
0.0325660705566406 0.0345230102539063 0.07000732421875 0.0929946899414063
0.0351028442382813 0.0392036437988281 0.0560226440429688 0.098175048828125
0.00958633422851563 0.0520858764648438 0.0245819091796875 0.0953140258789063
-0.0297660827636719 0.0436973571777344 -0.000530242919921881 0.0624847412109375
-0.0530776977539063 0.00475692749023438 -0.00019454956054688 0.0423393249511719
-0.0328636169433594 -0.0491867065429688 0.0312461853027344 0.0634269714355469
0.00597381591796876 -0.0643768310546875 0.0341644287109375 0.153610229492188
0.0345611572265625 -0.042694091796875 -0.0741424560546875 0.249313354492188
0.041656494140625 -0.137954711914063 -0.00436401367187499 0.0836715698242187
-0.0389556884765625 -0.125099182128906 0.0081634521484375 0.0363311767578125
-0.102188110351562 -0.0752639770507813 -0.0166769027709961 -0.0111141204833984
-0.105964660644531 0.0202789306640625 -0.047943115234375 0.0201988220214844
-0.06182861328125 0.0771255493164062 -0.0422554016113281 0.0493278503417969
0.0108795166015625 0.101997375488281 0.000137329101562499 0.09112548828125
0.0527191162109375 0.0889892578125 0.0458297729492188 0.0950164794921875
0.0429763793945313 0.0822372436523438 0.0538330078125 0.0761642456054688
0.0485763549804687 0.0928421020507813 0.0402908325195313 0.0777816772460938
0.00585937499999999 0.102210998535156 0.0234222412109375 0.0706558227539062
-0.0619888305664062 0.0854644775390625 0.00635147094726562 0.0374069213867188
-0.103103637695313 0.0203933715820312 0.0156021118164062 0.02978515625
-0.0830764770507813 -0.0858230590820312 0.0506057739257812 0.0606040954589844
-0.0270233154296875 -0.130889892578125 0.0433807373046875 0.14691162109375
0.0362548828125 -0.1214599609375 -0.0545806884765625 0.232711791992188
0.042755126953125 -0.193954467773438 0.00625228881835938 0.0373153686523437
-0.051605224609375 -0.172698974609375 0.00207996368408203 0.0138511657714844
-0.134132385253906 -0.11309814453125 -0.0124025344848633 -0.011967658996582
-0.151901245117187 0.014739990234375 -0.0323123931884766 0.00931549072265625
-0.0974044799804688 0.096221923828125 -0.0347270965576172 0.0207252502441406
-0.00199890136718749 0.141250610351563 -0.0110054016113281 0.0577964782714844
0.056182861328125 0.125968933105469 0.021240234375 0.0637626647949219
0.0478668212890625 0.116432189941406 0.0290451049804688 0.0478363037109375
0.0564804077148438 0.1317138671875 0.0173149108886719 0.046600341796875
0.00550842285156251 0.139671325683594 0.0164794921875 0.0345458984375
-0.0830459594726563 0.119293212890625 0.0107240676879883 0.00426101684570313
-0.14031982421875 0.0404510498046875 0.030975341796875 0.0110378265380859
-0.128791809082031 -0.106781005859375 0.0661773681640625 0.0502395629882812
-0.063262939453125 -0.177780151367188 0.0461349487304687 0.125762939453125
0.029022216796875 -0.18157958984375 -0.0341949462890625 0.189849853515625
0.035064697265625 -0.221435546875 0.0220813751220703 -0.0241374969482422
-0.0612030029296875 -0.195877075195313 -0.00445747375488281 -0.0201187133789063
-0.152633666992188 -0.130508422851562 -0.0103492736816406 -0.0147333145141602
-0.176681518554688 0.0108184814453125 -0.0131340026855469 -0.00337696075439453
-0.117424011230469 0.10284423828125 -0.0211219787597656 -0.0114059448242187
-0.01361083984375 0.15997314453125 -0.0183372497558594 0.0154876708984375
0.051483154296875 0.143951416015625 -0.00531578063964843 0.0222511291503906
0.0455093383789063 0.133079528808594 -0.00010871887207031 0.0122890472412109
0.056182861328125 0.151321411132813 -0.0102291107177734 0.00833225250244141
0.00367736816406252 0.155914306640625 0.00376510620117188 -0.00793075561523436
-0.0929489135742188 0.136566162109375 0.0109214782714844 -0.0327720642089844
-0.157272338867188 0.054412841796875 0.0417404174804688 -0.0121574401855469
-0.156143188476563 -0.111236572265625 0.0719833374023437 0.0346527099609375
-0.0887603759765625 -0.196609497070313 0.0368423461914062 0.0903396606445312
0.017974853515625 -0.212844848632813 -0.0178680419921875 0.12652587890625
0.0203857421875 -0.215606689453125 0.038818359375 -0.0930938720703125
-0.0673065185546875 -0.187088012695313 -0.0108222961425781 -0.0606842041015625
-0.148956298828125 -0.122024536132812 -0.0097198486328125 -0.0201873779296875
-0.171066284179688 0.0103912353515625 0.00648307800292968 -0.0179023742675781
-0.115097045898438 0.0949783325195313 -0.00547027587890626 -0.0431365966796875
-0.020263671875 0.152984619140625 -0.0227565765380859 -0.0303993225097656
0.0404281616210938 0.13970947265625 -0.0306758880615234 -0.0235176086425781
0.0357284545898437 0.129531860351562 -0.0293083190917969 -0.0254001617431641
0.0454559326171875 0.148086547851563 -0.0374298095703125 -0.0310935974121094
-0.00212097167968751 0.147842407226563 -0.0113868713378906 -0.0498390197753906
-0.0915451049804688 0.127983093261719 0.00819015502929686 -0.066680908203125
-0.14886474609375 0.052093505859375 0.0470046997070312 -0.0346145629882813
-0.150299072265625 -0.103775024414063 0.0680465698242187 0.0179176330566406
-0.091217041015625 -0.184356689453125 0.0185432434082031 0.0493850708007812
0.0102386474609375 -0.20904541015625 -0.00672531127929687 0.0526504516601562
-0.000122070312499998 -0.177749633789063 0.05303955078125 -0.157638549804688
-0.0646514892578125 -0.147171020507813 -0.0147857666015625 -0.100242614746094
-0.119766235351563 -0.0898666381835937 -0.0101070404052734 -0.0280075073242188
-0.133186340332031 0.0103530883789063 0.019866943359375 -0.0323696136474609
-0.0901336669921875 0.0714950561523438 0.00756072998046874 -0.0665435791015625
-0.0212020874023438 0.121429443359375 -0.0243301391601562 -0.0691642761230469
0.0237655639648437 0.112541198730469 -0.0506782531738281 -0.0650787353515625
0.0210723876953125 0.105682373046875 -0.0536727905273438 -0.0595436096191406
0.027008056640625 0.122871398925781 -0.0582008361816406 -0.0672760009765625
-0.011962890625 0.117057800292969 -0.0228729248046875 -0.0852737426757812
-0.08038330078125 0.0941925048828125 0.00878143310546875 -0.0908584594726562
-0.116889953613281 0.0317459106445313 0.0499191284179687 -0.0489082336425781
-0.111747741699219 -0.0862579345703125 0.0573310852050781 0.00567626953125
-0.068511962890625 -0.144760131835937 -5.43594360351601E-05 0.00935077667236327
0.00596618652343748 -0.170639038085938 0.00379562377929688 -0.0180892944335938
-0.02020263671875 -0.112434387207031 0.0603179931640625 -0.210235595703125
-0.0523529052734375 -0.0847015380859375 -0.0190582275390625 -0.132911682128906
-0.0711746215820313 -0.0412216186523437 -0.0139312744140625 -0.0356521606445313
-0.0730209350585938 0.00954437255859376 0.0245780944824219 -0.0421333312988281
-0.0497589111328125 0.0377197265625 0.0146484375 -0.0777816772460937
-0.0181007385253906 0.0699729919433594 -0.0240097045898438 -0.093963623046875
0.00391769409179688 0.0683403015136719 -0.0629119873046875 -0.0943374633789063
0.00385284423828124 0.0663871765136719 -0.069580078125 -0.0848846435546875
0.00359344482421874 0.0791244506835938 -0.068389892578125 -0.0952377319335938
-0.0214576721191406 0.0686988830566406 -0.02685546875 -0.108718872070313
-0.0591773986816406 0.044708251953125 0.0140380859375 -0.101150512695312
-0.0686607360839844 0.00310897827148438 0.0515327453613281 -0.0536537170410156
-0.0538864135742188 -0.0585250854492188 0.0456466674804688 -0.000240325927734379
-0.0330352783203125 -0.08349609375 -0.0112781524658203 -0.0209941864013672
0.00228118896484375 -0.104904174804688 0.0140151977539063 -0.0728912353515625
-0.0374679565429688 -0.0297698974609375 0.059417724609375 -0.24188232421875
-0.032958984375 -0.0130081176757812 -0.0239410400390625 -0.15399169921875
-0.0162315368652344 0.0109138488769531 -0.0234260559082031 -0.0414466857910156
-0.00595474243164063 0.00816249847412109 0.0180206298828125 -0.0440826416015625
-0.00414776802062988 0.000214338302612305 0.0149307250976562 -0.0733642578125
-0.0111722946166992 0.010101318359375 -0.0221099853515625 -0.101234436035156
-0.0148391723632813 0.0134725570678711 -0.066314697265625 -0.107681274414062
-0.0137939453125 0.016819953918457 -0.07427978515625 -0.0976333618164062
-0.0184345245361328 0.0236530303955078 -0.0677566528320313 -0.110702514648437
-0.0251750946044922 0.0107345581054688 -0.0240936279296875 -0.118598937988281
-0.0278434753417969 -0.00715446472167969 0.022857666015625 -0.0974884033203125
-0.0110301971435547 -0.0188045501708984 0.0539512634277344 -0.0489234924316406
0.00463294982910156 -0.0179405212402344 0.0359725952148438 0.000293731689453124
-0.000790596008300782 -0.0100231170654297 -0.0146331787109375 -0.038726806640625
-0.00641250610351563 -0.0253105163574219 0.0215225219726562 -0.104728698730469
0.0314521789550781 -0.0644950866699219 -0.00194549560546876 0.113288879394531
-0.0259933471679688 -0.0613670349121094 0.0178375244140625 0.0481948852539062
-0.0612449645996094 -0.0256729125976562 -0.0233364105224609 -0.00894737243652344
-0.0484962463378906 0.0255889892578125 -0.0575942993164063 0.0346450805664062
-0.0175132751464844 0.0491828918457031 -0.0389328002929688 0.0762176513671875
0.0243873596191406 0.047210693359375 0.0185317993164063 0.11181640625
0.0439109802246094 0.03594970703125 0.0713958740234375 0.110343933105469
0.0342597961425781 0.0331077575683594 0.075592041015625 0.0917739868164063
0.037506103515625 0.03704833984375 0.0614013671875 0.097320556640625
0.0130805969238281 0.0509910583496094 0.0294723510742188 0.0956649780273438
-0.0271682739257813 0.0455207824707031 0.00200271606445313 0.0635643005371094
-0.0532608032226562 0.00774765014648437 0.00182723999023437 0.0433998107910156
-0.0360679626464844 -0.0477828979492188 0.0341300964355469 0.0630340576171875
0.00181961059570313 -0.0648002624511719 0.0419769287109375 0.155487060546875
0.0326385498046875 -0.0442314147949219 -0.064178466796875 0.25653076171875
0.03619384765625 -0.1419677734375 -0.00106048583984374 0.0888442993164062
-0.0446243286132813 -0.12298583984375 0.01043701171875 0.0399818420410156
-0.106391906738281 -0.0715866088867187 -0.0173749923706055 -0.0102834701538086
-0.105667114257812 0.024871826171875 -0.0476455688476563 0.0227241516113281
-0.058990478515625 0.0805130004882813 -0.0411605834960938 0.05279541015625
0.0170059204101563 0.102134704589844 0.0039825439453125 0.0930404663085938
0.0585250854492188 0.0869674682617188 0.0515289306640625 0.0952224731445312
0.0473556518554687 0.0803756713867188 0.0585784912109375 0.075164794921875
0.0542221069335938 0.0909500122070313 0.0451736450195313 0.0779647827148438
0.01190185546875 0.102584838867188 0.026336669921875 0.0706100463867188
-0.057769775390625 0.08966064453125 0.00765609741210937 0.0377845764160156
-0.103775024414063 0.0260009765625 0.0175762176513672 0.0302162170410156
-0.0894775390625 -0.0838546752929687 0.0531120300292969 0.0592994689941406
-0.0346527099609375 -0.131355285644531 0.0506744384765625 0.148666381835938
0.0310745239257813 -0.125022888183594 -0.0453643798828125 0.2392578125
0.03582763671875 -0.19940185546875 0.00766372680664063 0.0414199829101562
-0.0590667724609375 -0.171127319335937 0.00311279296875 0.0169000625610351
-0.141357421875 -0.109100341796875 -0.0132551193237305 -0.0115137100219727
-0.152740478515625 0.0212860107421875 -0.0325393676757813 0.0111064910888672
-0.0938186645507812 0.1015625 -0.0350742340087891 0.0230731964111328
0.00587463378906249 0.142333984375 -0.00777053833007813 0.0602989196777344
0.063934326171875 0.124656677246094 0.0254554748535156 0.0644798278808594
0.053924560546875 0.1151123046875 0.0322952270507813 0.0467109680175781
0.0650253295898438 0.130653381347656 0.0205459594726563 0.0473480224609375
0.0132904052734375 0.140594482421875 0.0177268981933594 0.0339603424072266
-0.0770111083984375 0.12567138671875 0.010502815246582 0.00462818145751954
-0.140495300292969 0.0478286743164062 0.0322914123535156 0.00996017456054688
-0.137199401855469 -0.102912902832031 0.0686988830566406 0.0478668212890625
-0.0733489990234375 -0.177017211914063 0.051361083984375 0.126373291015625
0.02130126953125 -0.187286376953125 -0.0267791748046875 0.19403076171875
0.0278167724609375 -0.227432250976562 0.0212230682373047 -0.0219993591308594
-0.06964111328125 -0.19525146484375 -0.00549602508544922 -0.0173730850219727
-0.161697387695312 -0.127792358398438 -0.0111083984375 -0.0141534805297852
-0.178268432617188 0.0199127197265625 -0.0138149261474609 -0.00222015380859375
-0.114326477050781 0.110260009765625 -0.0228099822998047 -0.00975418090820312
-0.004852294921875 0.162490844726563 -0.0174350738525391 0.0177173614501953
0.060638427734375 0.143722534179687 -0.00329208374023437 0.0234336853027344
0.0527420043945313 0.132789611816406 0.00106525421142578 0.0120630264282227
0.0659637451171875 0.15057373046875 -0.00915431976318359 0.0106754302978516
0.0121307373046875 0.158218383789063 0.0030364990234375 -0.00801134109497069
-0.086090087890625 0.144088745117188 0.00848960876464843 -0.0328712463378906
-0.156982421875 0.0626678466796875 0.0419578552246094 -0.01416015625
-0.16497802734375 -0.107162475585938 0.0736618041992187 0.0318984985351562
-0.0993194580078125 -0.196014404296875 0.040557861328125 0.0907669067382813
0.00959777832031251 -0.218673706054688 -0.0134124755859375 0.128852844238281
0.0129547119140625 -0.221771240234375 0.0350570678710938 -0.0934982299804688
-0.075469970703125 -0.187179565429688 -0.0134506225585938 -0.0593109130859375
-0.157257080078125 -0.120025634765625 -0.0107421875 -0.0195884704589844
-0.173110961914063 0.019134521484375 0.00504875183105468 -0.0175495147705078
-0.112716674804688 0.102630615234375 -0.00811004638671875 -0.042816162109375
-0.011810302734375 0.155914306640625 -0.0238685607910156 -0.0284271240234375
0.0486297607421875 0.139434814453125 -0.0317592620849609 -0.0220279693603516
0.0432891845703125 0.129875183105469 -0.0298423767089844 -0.0246620178222656
0.0557098388671875 0.14794921875 -0.0384101867675781 -0.0281143188476562
0.00614929199218751 0.150833129882813 -0.0141181945800781 -0.0497512817382812
-0.0855178833007813 0.135597229003906 0.00507736206054687 -0.067230224609375
-0.149368286132812 0.0598602294921875 0.0466651916503906 -0.0371513366699219
-0.158538818359375 -0.0994720458984375 0.0689468383789062 0.0150985717773437
-0.101287841796875 -0.184234619140625 0.0200119018554688 0.0494956970214844
0.001922607421875 -0.215713500976563 -0.00488662719726562 0.053070068359375
-0.00550842285156248 -0.182052612304688 0.0458984375 -0.160858154296875
-0.071319580078125 -0.148056030273438 -0.0201034545898438 -0.0994720458984375
-0.126518249511719 -0.0884323120117188 -0.0123271942138672 -0.0276603698730469
-0.13543701171875 0.0167770385742188 0.0183048248291016 -0.0326862335205078
-0.0888900756835938 0.0775985717773437 0.00418472290039061 -0.0674324035644531
-0.0150909423828125 0.124443054199219 -0.0275497436523438 -0.0677604675292969
0.030029296875 0.114112854003906 -0.054107666015625 -0.0630226135253906
0.0271759033203125 0.107131958007813 -0.0564651489257813 -0.0584220886230469
0.0354766845703125 0.123802185058594 -0.0616416931152344 -0.0645866394042969
-0.00543975830078126 0.12042236328125 -0.0275650024414062 -0.0850067138671875
-0.0768966674804687 0.100753784179688 0.00390625 -0.09210205078125
-0.117897033691406 0.0376968383789063 0.048431396484375 -0.0518112182617188
-0.118637084960938 -0.0838470458984375 0.0574455261230469 0.00325775146484374
-0.0763397216796875 -0.145172119140625 -0.00098514556884766 0.0099649429321289
0.000167846679687503 -0.176193237304688 0.00199127197265625 -0.019500732421875
-0.0235214233398438 -0.115150451660156 0.0520172119140625 -0.215469360351563
-0.056121826171875 -0.0852584838867188 -0.0255966186523438 -0.133781433105469
-0.0747756958007813 -0.0416336059570313 -0.0163021087646484 -0.0348396301269531
-0.074462890625 0.0130844116210937 0.0226402282714844 -0.042999267578125
-0.0497093200683594 0.0411453247070312 0.0116119384765625 -0.0786666870117188
-0.0138320922851562 0.0724868774414063 -0.0280838012695313 -0.093994140625
0.00750732421875 0.0696945190429688 -0.0680694580078125 -0.0925140380859375
0.00736618041992187 0.0681915283203125 -0.0739517211914062 -0.0835189819335938
0.00936889648437499 0.0815658569335938 -0.0738143920898437 -0.0926513671875
-0.0175857543945312 0.0713653564453125 -0.03289794921875 -0.108543395996094
-0.0578041076660156 0.0498847961425781 0.00903320312499999 -0.102363586425781
-0.0701675415039063 0.00702667236328126 0.0503768920898437 -0.0567207336425781
-0.0582122802734375 -0.0580062866210937 0.0461921691894531 -0.0024566650390625
-0.0373382568359375 -0.0850982666015625 -0.0138282775878906 -0.0210494995117188
-0.00144958496093749 -0.109481811523437 0.0099029541015625 -0.0759963989257813
-0.03729248046875 -0.0299949645996094 0.04925537109375 -0.247955322265625
-0.0333023071289063 -0.013458251953125 -0.031982421875 -0.15606689453125
-0.0159997940063477 0.009521484375 -0.0262336730957031 -0.0405158996582031
-0.00649213790893555 0.00808143615722656 0.0156211853027344 -0.0452651977539063
-0.00503396987915039 0.0009002685546875 0.011993408203125 -0.0749359130859375
-0.0109004974365234 0.0115346908569336 -0.027252197265625 -0.101852416992188
-0.0147829055786133 0.0156755447387695 -0.072357177734375 -0.106117248535156
-0.0125885009765625 0.0189495086669922 -0.079681396484375 -0.0963973999023438
-0.0167675018310547 0.0259475708007813 -0.0738601684570313 -0.109161376953125
-0.02471923828125 0.0137577056884766 -0.0300674438476563 -0.118888854980469
-0.0288181304931641 -0.00451087951660156 0.0178375244140625 -0.099761962890625
-0.0131492614746094 -0.0183086395263672 0.0525016784667969 -0.0518913269042969
0.00323867797851563 -0.019012451171875 0.0363044738769531 -0.00212478637695313
-0.000793457031249999 -0.0114603042602539 -0.0176315307617188 -0.0396842956542969
-0.00682258605957031 -0.0271625518798828 0.0162811279296875 -0.108970642089844
0.0295181274414062 -0.0647811889648438 0.00203704833984374 0.116256713867188
-0.0269279479980469 -0.0580825805664063 0.0207939147949219 0.0498161315917969
-0.0607337951660156 -0.0229339599609375 -0.0231571197509766 -0.00842094421386719
-0.0467758178710938 0.0266151428222656 -0.0562896728515625 0.0359611511230469
-0.01593017578125 0.0497856140136719 -0.0368804931640625 0.0775680541992188
0.026153564453125 0.0451278686523437 0.0219650268554688 0.111129760742188
0.0454978942871094 0.03326416015625 0.0749588012695313 0.108642578125
0.0347499847412109 0.0305004119873047 0.077667236328125 0.0894851684570313
0.0385932922363281 0.0343589782714844 0.0647735595703125 0.0956573486328125
0.0154075622558594 0.0490875244140625 0.031951904296875 0.094390869140625
-0.0242462158203125 0.0462532043457031 0.00363159179687499 0.0636482238769531
-0.05224609375 0.00981903076171876 0.00311660766601562 0.0430526733398438
-0.0379486083984375 -0.0461921691894531 0.0362472534179688 0.0617828369140625
-0.001556396484375 -0.0638999938964844 0.0466461181640625 0.155319213867188
0.0299034118652344 -0.0442085266113281 -0.0559539794921875 0.257965087890625
0.0323028564453125 -0.142578125 0.00254058837890625 0.0924758911132812
-0.046875 -0.119697570800781 0.0135498046875 0.0425567626953125
-0.107688903808594 -0.0683059692382812 -0.0173501968383789 -0.00993633270263672
-0.103858947753906 0.0277938842773438 -0.0468063354492188 0.0246200561523437
-0.0560531616210937 0.0818939208984375 -0.0401344299316406 0.0544586181640625
0.0208358764648438 0.0998153686523438 0.00771331787109375 0.09356689453125
0.0619277954101563 0.0841140747070313 0.0554733276367187 0.0939407348632813
0.0499191284179687 0.0781021118164063 0.0606307983398438 0.07318115234375
0.058258056640625 0.0876388549804688 0.048095703125 0.0772781372070313
0.0162734985351563 0.101356506347656 0.0282707214355469 0.0692825317382813
-0.0535049438476563 0.0918502807617188 0.00818252563476562 0.03814697265625
-0.102317810058594 0.0295028686523437 0.0185546875 0.0292606353759766
-0.092529296875 -0.0810699462890625 0.0546112060546875 0.0576667785644531
-0.0399246215820313 -0.129478454589844 0.0546722412109375 0.147903442382813
0.0271377563476562 -0.126052856445313 -0.038665771484375 0.23974609375
0.0310211181640625 -0.200607299804688 0.00916671752929688 0.0450248718261719
-0.0623016357421875 -0.167739868164063 0.00455856323242187 0.0196342468261719
-0.144607543945313 -0.105422973632813 -0.0134658813476563 -0.0106735229492188
-0.150894165039063 0.0261077880859375 -0.0319156646728516 0.0129623413085937
-0.0902328491210937 0.104118347167969 -0.0348758697509766 0.0249252319335938
0.011505126953125 0.141067504882813 -0.00535964965820312 0.0614356994628906
0.0691986083984375 0.121810913085937 0.0284423828125 0.0640106201171875
0.0579757690429688 0.11297607421875 0.0339126586914063 0.0455093383789063
0.0704345703125 0.12744140625 0.023345947265625 0.0477828979492188
0.018646240234375 0.139183044433594 0.0190372467041016 0.0337944030761719
-0.0717086791992188 0.128684997558594 0.0101184844970703 0.00497627258300782
-0.138771057128906 0.05218505859375 0.0324630737304687 0.00892829895019532
-0.141525268554688 -0.0995025634765625 0.0692481994628906 0.0459251403808594
-0.0798797607421875 -0.174957275390625 0.0549240112304687 0.125885009765625
0.0163421630859375 -0.189132690429688 -0.0222930908203125 0.194503784179688
0.0229949951171875 -0.229156494140625 0.0202865600585938 -0.019155502319336
-0.0740509033203125 -0.19219970703125 -0.0049896240234375 -0.014984130859375
-0.165496826171875 -0.123184204101563 -0.0118894577026367 -0.0134153366088867
-0.177459716796875 0.024505615234375 -0.0139179229736328 -0.000920295715332027
-0.110916137695313 0.113121032714844 -0.0240650177001953 -0.00899314880371093
0.001739501953125 0.161666870117187 -0.0158462524414063 0.0199356079101563
0.06640625 0.1414794921875 -0.00197792053222656 0.0239448547363281
0.0574417114257813 0.131004333496094 0.00171470642089844 0.0116777420043945
0.0727691650390625 0.148117065429688 -0.00792884826660156 0.0118513107299805
0.0179443359375 0.157272338867188 0.00262832641601563 -0.00756263732910155
-0.080718994140625 0.147354125976563 0.00726509094238281 -0.0321559906005859
-0.15545654296875 0.0677947998046875 0.0413246154785156 -0.0153884887695312
-0.169326782226563 -0.103240966796875 0.0736007690429687 0.0296859741210937
-0.106124877929688 -0.19287109375 0.042144775390625 0.090484619140625
0.00453186035156249 -0.22088623046875 -0.0107269287109375 0.128189086914063
0.00811767578125001 -0.223495483398438 0.0324859619140625 -0.0912322998046875
-0.080230712890625 -0.185211181640625 -0.0150108337402344 -0.0568275451660156
-0.162673950195313 -0.11676025390625 -0.0117034912109375 -0.0184001922607422
-0.172821044921875 0.0237274169921875 0.00432777404785155 -0.0168972015380859
-0.109687805175781 0.10589599609375 -0.0101280212402344 -0.0420379638671875
-0.00553894042968749 0.155807495117188 -0.0238208770751953 -0.0260238647460937
0.0541534423828125 0.138290405273438 -0.0312767028808594 -0.020263671875
0.0478286743164062 0.128997802734375 -0.0304832458496094 -0.0244274139404297
0.062347412109375 0.146240234375 -0.0387535095214844 -0.0260391235351562
0.01153564453125 0.150527954101563 -0.0162467956542969 -0.0487251281738281
-0.0803375244140625 0.13946533203125 0.00210189819335938 -0.065887451171875
-0.147369384765625 0.06488037109375 0.045074462890625 -0.0378761291503906
-0.163055419921875 -0.095794677734375 0.068389892578125 0.0134315490722656
-0.106948852539063 -0.18157958984375 0.0203208923339844 0.0499382019042969
-0.0027923583984375 -0.217208862304687 -0.00439834594726563 0.0523452758789062
-0.00895690917968748 -0.183624267578125 0.04132080078125 -0.159957885742187
-0.0749053955078125 -0.146652221679688 -0.0233535766601563 -0.09759521484375
-0.130859375 -0.0864105224609375 -0.0130615234375 -0.0264091491699219
-0.135360717773438 0.0212631225585937 0.017303466796875 -0.032623291015625
-0.0871047973632813 0.0805740356445313 0.00141143798828124 -0.0669670104980469
-0.00987243652343751 0.125030517578125 -0.0288734436035156 -0.0664939880371093
0.034942626953125 0.113296508789063 -0.0557899475097656 -0.0610008239746094
0.0312728881835938 0.107032775878906 -0.0576744079589844 -0.056793212890625
0.0417022705078125 0.122993469238281 -0.0627670288085938 -0.0615615844726562
-0.000633239746093742 0.120529174804687 -0.0302734375 -0.0837020874023437
-0.07293701171875 0.104583740234375 0.000831604003906245 -0.0906219482421875
-0.117668151855469 0.0417861938476563 0.0464401245117187 -0.0533103942871094
-0.122291564941406 -0.081390380859375 0.0569381713867187 0.00160980224609375
-0.0806121826171875 -0.143524169921875 -0.00203037261962891 0.0101423263549805
-0.00386047363281248 -0.17822265625 0.000673294067382811 -0.0202159881591797
-0.02490234375 -0.116004943847656 0.044921875 -0.215438842773438
-0.0580215454101562 -0.0854263305664063 -0.0304031372070312 -0.132621765136719
-0.0768966674804688 -0.0415115356445313 -0.0172061920166016 -0.0338706970214844
-0.0747146606445313 0.0147933959960937 0.0216865539550781 -0.0428619384765625
-0.0491180419921875 0.0431594848632813 0.00897216796875 -0.0787353515625
-0.0112991333007813 0.07379150390625 -0.031005859375 -0.0926971435546875
0.0106430053710937 0.0708236694335938 -0.0711517333984375 -0.0906143188476562
0.00972747802734376 0.0688095092773437 -0.0763626098632812 -0.0812301635742188
0.0139083862304688 0.0817489624023438 -0.07623291015625 -0.0896148681640625
-0.0146560668945313 0.0728836059570313 -0.035888671875 -0.107337951660156
-0.0563201904296875 0.0527534484863281 0.00521087646484376 -0.101608276367187
-0.0708389282226563 0.00963592529296874 0.0485801696777344 -0.0579643249511719
-0.0608177185058594 -0.0573005676269531 0.0457839965820312 -0.00341796875
-0.0399551391601562 -0.0847320556640625 -0.0158939361572266 -0.0205650329589844
-0.0031585693359375 -0.11199951171875 0.0064544677734375 -0.0773391723632813
-0.0364494323730469 -0.030181884765625 0.0419158935546875 -0.249435424804687
-0.0335655212402344 -0.0141029357910156 -0.037445068359375 -0.155380249023437
-0.0160455703735352 0.00781536102294922 -0.0273628234863281 -0.0392837524414062
-0.00709676742553711 0.00779056549072266 0.0143508911132813 -0.0451164245605469
-0.00549173355102539 0.00114583969116211 0.0100631713867188 -0.0748672485351563
-0.0103940963745117 0.0122566223144531 -0.0301361083984375 -0.101295471191406
-0.014103889465332 0.016937255859375 -0.0760726928710938 -0.104354858398438
-0.0117530822753906 0.019775390625 -0.082672119140625 -0.0941238403320312
-0.0147743225097656 0.0273609161376953 -0.0775070190429688 -0.106033325195313
-0.0240859985351563 0.0150737762451172 -0.0336990356445312 -0.117355346679688
-0.0293674468994141 -0.0021820068359375 0.0141983032226563 -0.0995712280273438
-0.0143499374389648 -0.0174417495727539 0.0507431030273438 -0.0534172058105469
0.00210952758789063 -0.0199031829833984 0.0360031127929688 -0.00352859497070313
-0.000723838806152344 -0.0129594802856445 -0.0205764770507812 -0.0393867492675781
-0.00669097900390625 -0.0293598175048828 0.0123138427734375 -0.110572814941406
0.0288658142089844 -0.0648612976074219 0.0036163330078125 0.11932373046875
-0.0261459350585937 -0.0562934875488281 0.0231170654296875 0.0520286560058594
-0.0602340698242187 -0.0219535827636719 -0.0229911804199219 -0.00857925415039063
-0.046051025390625 0.0265922546386719 -0.0561637878417969 0.0370407104492188
-0.0153388977050781 0.0489997863769531 -0.0365447998046875 0.0781097412109375
0.0271224975585938 0.044097900390625 0.0234527587890625 0.111648559570313
0.0461044311523438 0.0313873291015625 0.0772247314453125 0.107887268066406
0.03509521484375 0.0295562744140625 0.0788497924804688 0.08966064453125
0.0391387939453125 0.0329017639160156 0.0662307739257813 0.096038818359375
0.0160064697265625 0.0476722717285156 0.0324478149414062 0.0943984985351562
-0.0226593017578125 0.0458869934082031 0.00423812866210938 0.0635490417480469
-0.052093505859375 0.0108985900878906 0.00382614135742188 0.0434646606445313
-0.0386619567871094 -0.0455398559570313 0.0364303588867188 0.0622138977050781
-0.00316619873046876 -0.0627212524414062 0.0482025146484375 0.155593872070312
0.0291519165039063 -0.0439834594726562 -0.055267333984375 0.258895874023438
0.03143310546875 -0.143524169921875 0.00354766845703125 0.0960235595703125
-0.0462417602539062 -0.117431640625 0.0154380798339844 0.0448417663574219
-0.107833862304688 -0.0673446655273438 -0.0171651840209961 -0.00946712493896485
-0.103378295898438 0.0283203125 -0.0465736389160156 0.0257186889648437
-0.0554962158203125 0.081878662109375 -0.0399360656738281 0.0548858642578125
0.0225906372070312 0.0988616943359375 0.00865173339843749 0.0937347412109375
0.0634689331054688 0.0821914672851563 0.05718994140625 0.0938034057617188
0.0504989624023438 0.0771560668945313 0.061370849609375 0.072723388671875
0.059783935546875 0.0860748291015625 0.0496749877929688 0.0776596069335938
0.0178146362304687 0.100067138671875 0.0287208557128906 0.0693893432617188
-0.0508499145507813 0.092529296875 0.00828170776367187 0.0383567810058594
-0.102561950683594 0.030914306640625 0.0186653137207031 0.0295581817626953
-0.0950241088867188 -0.0809783935546875 0.0544967651367188 0.0576324462890625
-0.0421295166015625 -0.12835693359375 0.056365966796875 0.148880004882813
0.0260543823242188 -0.126876831054687 -0.037628173828125 0.240493774414063
0.03082275390625 -0.201751708984375 0.0100860595703125 0.048431396484375
-0.061920166015625 -0.1663818359375 0.0061187744140625 0.02276611328125
-0.145797729492188 -0.10504150390625 -0.0131692886352539 -0.0103683471679688
-0.150588989257813 0.0271453857421875 -0.0318508148193359 0.0134181976318359
-0.0896987915039063 0.105010986328125 -0.0356674194335938 0.0255126953125
0.01373291015625 0.140579223632813 -0.00407791137695312 0.0627822875976563
0.0717391967773437 0.120796203613281 0.0301399230957031 0.0647010803222657
0.0590591430664063 0.112571716308594 0.03448486328125 0.0454826354980469
0.0735549926757813 0.125663757324219 0.0244979858398438 0.0484809875488281
0.0208511352539062 0.138427734375 0.0187892913818359 0.0340919494628906
-0.0687713623046875 0.129966735839844 0.00981712341308593 0.00557613372802735
-0.138908386230469 0.0538787841796875 0.0321197509765625 0.00880432128906251
-0.144546508789063 -0.09906005859375 0.0686759948730469 0.0460319519042969
-0.0824432373046875 -0.17401123046875 0.0553512573242188 0.126754760742188
0.0154571533203125 -0.190841674804688 -0.0218505859375 0.194778442382813
0.0226287841796875 -0.230728149414063 0.0203838348388672 -0.0159225463867188
-0.074005126953125 -0.191802978515625 -0.00420188903808594 -0.0124092102050781
-0.16790771484375 -0.123855590820312 -0.0117282867431641 -0.0127639770507813
-0.177001953125 0.0258331298828125 -0.0136690139770508 -0.000443458557128908
-0.110084533691406 0.114540100097656 -0.0250186920166016 -0.00776481628417968
0.00469970703124999 0.161819458007813 -0.0150375366210937 0.0209579467773438
0.0692596435546875 0.140945434570313 -0.000404357910156244 0.0247859954833984
0.0586166381835938 0.130615234375 0.00220489501953125 0.0113801956176758
0.0758056640625 0.14642333984375 -0.00657558441162109 0.0129175186157227
0.02117919921875 0.156997680664062 0.00239753723144531 -0.00743913650512694
-0.0778350830078125 0.148712158203125 0.00651168823242187 -0.0310440063476562
-0.1556396484375 0.068878173828125 0.0410804748535156 -0.0154533386230469
-0.172378540039062 -0.103134155273438 0.0731277465820312 0.0296783447265625
-0.108505249023437 -0.192901611328125 0.0425033569335937 0.0913467407226562
0.00408935546874999 -0.222808837890625 -0.0108718872070313 0.128143310546875
0.00910949707031252 -0.22564697265625 0.0314788818359375 -0.089263916015625
-0.0802001953125 -0.185791015625 -0.0150108337402344 -0.05450439453125
-0.165512084960938 -0.117568969726562 -0.0118865966796875 -0.0184288024902344
-0.172836303710938 0.02557373046875 0.00433921813964843 -0.0160608291625977
-0.109939575195312 0.107177734375 -0.0112953186035156 -0.0413703918457031
-0.003204345703125 0.156234741210938 -0.0237102508544922 -0.0252704620361328
0.05712890625 0.138175964355469 -0.0308742523193359 -0.0192966461181641
0.0495223999023437 0.129486083984375 -0.030670166015625 -0.0242977142333984
0.0664215087890625 0.14532470703125 -0.0377960205078125 -0.0249671936035156
0.0144805908203125 0.150619506835938 -0.0165138244628906 -0.0479812622070313
-0.0784454345703125 0.14093017578125 0.00101852416992187 -0.0650711059570312
-0.14801025390625 0.06646728515625 0.0445899963378906 -0.0390586853027344
-0.165573120117188 -0.0955810546875 0.0680122375488281 0.0130538940429687
-0.108932495117188 -0.181808471679687 0.0199203491210937 0.0502471923828125
-0.00273132324218749 -0.2198486328125 -0.0051727294921875 0.05145263671875
-0.00793457031249999 -0.186477661132813 0.0403900146484375 -0.15869140625
-0.07550048828125 -0.14801025390625 -0.0246200561523438 -0.09674072265625
-0.133384704589844 -0.0877227783203125 -0.0132274627685547 -0.0258388519287109
-0.136360168457031 0.0223159790039063 0.0170269012451172 -0.0320377349853516
-0.0875930786132813 0.08203125 0.000465393066406238 -0.06671142578125
-0.00818634033203126 0.125579833984375 -0.0287857055664062 -0.0651016235351562
0.037322998046875 0.113502502441406 -0.0552940368652344 -0.0600547790527344
0.0327911376953125 0.108016967773438 -0.05841064453125 -0.0570297241210938
0.0447845458984375 0.122596740722656 -0.0627517700195313 -0.06036376953125
0.00166320800781251 0.121025085449219 -0.0312881469726562 -0.0829010009765625
-0.0712966918945312 0.106788635253906 -0.000656127929687513 -0.0897903442382812
-0.118408203125 0.043426513671875 0.0464286804199219 -0.053955078125
-0.124153137207031 -0.0814971923828125 0.0564804077148437 0.00119400024414062
-0.0822601318359375 -0.143997192382813 -0.00290584564208985 0.0102653503417969
-0.00337219238281249 -0.181182861328125 -0.000629425048828123 -0.0214118957519531
-0.02398681640625 -0.118179321289063 0.0435791015625 -0.215789794921875
-0.0579833984375 -0.0867767333984375 -0.0324172973632813 -0.132034301757813
-0.079132080078125 -0.0431594848632813 -0.0181198120117188 -0.0332851409912109
-0.075775146484375 0.0156936645507812 0.02093505859375 -0.04290771484375
-0.0500946044921875 0.0442008972167969 0.00775146484374999 -0.0787200927734375
-0.0104904174804687 0.0744552612304688 -0.0312423706054687 -0.0918960571289063
0.011871337890625 0.0718460083007812 -0.072113037109375 -0.0898513793945313
0.0113372802734375 0.0699615478515625 -0.0766525268554688 -0.0813369750976562
0.0157928466796875 0.081939697265625 -0.0765838623046875 -0.0885467529296875
-0.0130386352539063 0.073822021484375 -0.0370941162109375 -0.106651306152344
-0.0551719665527344 0.0546684265136719 0.00428771972656251 -0.1009521484375
-0.0716094970703125 0.0106430053710938 0.0480308532714844 -0.0583343505859375
-0.0623779296875 -0.0576438903808594 0.045379638671875 -0.00440216064453125
-0.0406112670898437 -0.0857620239257813 -0.0171890258789063 -0.0206432342529297
-0.00325775146484375 -0.114700317382812 0.00511932373046875 -0.0789413452148438
-0.0349521636962891 -0.0311431884765625 0.040374755859375 -0.250473022460938
-0.0335178375244141 -0.0155029296875 -0.039520263671875 -0.156341552734375
-0.0167198181152344 0.00633907318115234 -0.0280609130859375 -0.0394439697265625
-0.00809049606323242 0.00751924514770508 0.0140838623046875 -0.04547119140625
-0.00635433197021484 0.0013737678527832 0.00974273681640624 -0.0747222900390625
-0.0103559494018555 0.0129299163818359 -0.0313186645507813 -0.101554870605469
-0.0139522552490234 0.0181121826171875 -0.0776519775390625 -0.10418701171875
-0.0113563537597656 0.0209331512451172 -0.0833206176757813 -0.09429931640625
-0.0138435363769531 0.0281333923339844 -0.0788497924804688 -0.1053466796875
-0.0230960845947266 0.0165958404541016 -0.0344314575195313 -0.116714477539063
-0.029571533203125 -0.000764846801757815 0.0130233764648438 -0.0991287231445313
-0.0156774520874023 -0.0165042877197266 0.0496406555175781 -0.0539398193359375
0.001708984375 -0.0205821990966797 0.0357856750488281 -0.00391769409179688
-0.0014190673828125 -0.0143699645996094 -0.0222129821777344 -0.0397453308105469
-0.00632286071777343 -0.0311222076416016 0.0105972290039063 -0.112274169921875
0.02935791015625 -0.0658454895019531 0.00408172607421876 0.124153137207031
-0.0254135131835938 -0.055511474609375 0.02581787109375 0.0551719665527344
-0.0605087280273438 -0.0223007202148438 -0.0234375 -0.00864028930664063
-0.0469551086425781 0.0263595581054688 -0.0574302673339844 0.0380020141601563
-0.015838623046875 0.0499801635742187 -0.03802490234375 0.0798721313476563
0.0280990600585938 0.0439338684082031 0.02392578125 0.1141357421875
0.0474166870117188 0.0308952331542969 0.079315185546875 0.111465454101563
0.035430908203125 0.0292510986328125 0.08026123046875 0.0924758911132813
0.0398788452148438 0.0327949523925781 0.067779541015625 0.09930419921875
0.0166206359863281 0.0478515625 0.032470703125 0.0965576171875
-0.0221672058105469 0.0472030639648438 0.00352859497070312 0.0651130676269531
-0.0530509948730469 0.0108871459960937 0.0035858154296875 0.0445098876953125
-0.0401535034179688 -0.0460472106933594 0.0367851257324219 0.0643424987792969
-0.00406265258789063 -0.0632057189941406 0.049224853515625 0.160263061523438
0.0300178527832031 -0.0444107055664063 -0.0577239990234375 0.26544189453125
0.033294677734375 -0.146759033203125 0.00426483154296876 0.100936889648437
-0.0450439453125 -0.119102478027344 0.0176010131835937 0.0483665466308594
-0.110000610351563 -0.0695037841796875 -0.0171613693237305 -0.0097799301147461
-0.104995727539062 0.0281829833984375 -0.0474662780761719 0.026153564453125
-0.0569534301757813 0.0838470458984375 -0.0417823791503906 0.0563430786132813
0.0238571166992188 0.100082397460938 0.00975799560546875 0.0965957641601563
0.0659408569335938 0.0828399658203125 0.0593185424804688 0.0964889526367188
0.0519332885742188 0.0786285400390625 0.0626144409179688 0.07537841796875
0.0616226196289063 0.0874099731445313 0.051025390625 0.0802536010742188
0.0188446044921875 0.101531982421875 0.0289230346679688 0.0712814331054687
-0.0515518188476562 0.0943374633789063 0.00840377807617187 0.0395240783691406
-0.105133056640625 0.0314559936523438 0.0189552307128906 0.0303745269775391
-0.0980072021484375 -0.0832290649414063 0.0553169250488281 0.0601539611816406
-0.0442047119140625 -0.1312255859375 0.056915283203125 0.153900146484375
0.02740478515625 -0.130500793457031 -0.0407257080078125 0.246231079101562
0.03375244140625 -0.20733642578125 0.0103530883789062 0.052703857421875
-0.060394287109375 -0.169830322265625 0.00762748718261718 0.0255069732666016
-0.149490356445312 -0.108322143554688 -0.0133895874023438 -0.0105304718017578
-0.153717041015625 0.0263824462890625 -0.0324039459228516 0.0141658782958984
-0.092681884765625 0.106765747070313 -0.0371780395507813 0.0268363952636719
0.0150299072265625 0.142562866210937 -0.0038299560546875 0.0649604797363281
0.0742645263671875 0.122795104980469 0.0316886901855469 0.0667648315429688
0.0606231689453125 0.115737915039062 0.0350265502929688 0.04705810546875
0.075897216796875 0.128395080566406 0.0254936218261719 0.0508842468261719
0.02215576171875 0.1414794921875 0.0188102722167969 0.0352020263671875
-0.0697860717773438 0.132972717285156 0.00960540771484375 0.00600814819335938
-0.143280029296875 0.054595947265625 0.03265380859375 0.00951576232910157
-0.149398803710938 -0.102432250976562 0.0695877075195312 0.0476570129394531
-0.0847015380859375 -0.178131103515625 0.055755615234375 0.131271362304688
0.01776123046875 -0.196258544921875 -0.0245819091796875 0.198822021484375
0.0262298583984375 -0.23797607421875 0.0216426849365234 -0.0131454467773438
-0.0727996826171875 -0.197036743164063 -0.00343894958496094 -0.0102682113647461
-0.172500610351563 -0.128616333007813 -0.012080192565918 -0.0129299163818359
-0.181915283203125 0.025848388671875 -0.0142326354980469 0.000289916992187504
-0.114234924316406 0.117362976074219 -0.0265636444091797 -0.00696182250976561
0.00491333007812499 0.164932250976563 -0.0143756866455078 0.0227165222167969
0.07171630859375 0.143936157226563 0.000474929809570315 0.0260066986083985
0.0603103637695312 0.134963989257812 0.00225162506103516 0.0120306015014649
0.0786895751953125 0.149139404296875 -0.00593376159667968 0.0139141082763672
0.02178955078125 0.159881591796875 0.00224590301513672 -0.00703430175781249
-0.078948974609375 0.152511596679688 0.00680923461914062 -0.0313625335693359
-0.16058349609375 0.0703582763671875 0.0416145324707031 -0.0155372619628906
-0.177993774414062 -0.106765747070313 0.0737762451171875 0.031280517578125
-0.110946655273437 -0.197784423828125 0.0425643920898437 0.0946807861328125
0.00656127929687499 -0.23052978515625 -0.0124359130859375 0.130729675292969
0.012603759765625 -0.233154296875 0.0331039428710938 -0.088592529296875
-0.0799102783203125 -0.191726684570313 -0.0150184631347656 -0.0539436340332031
-0.170608520507812 -0.122756958007813 -0.0120697021484375 -0.0181617736816406
-0.177841186523438 0.025421142578125 0.00481414794921874 -0.0164079666137695
-0.11383056640625 0.110038757324219 -0.0126304626464844 -0.0407867431640625
-0.00329589843750001 0.159866333007813 -0.0231704711914063 -0.0243453979492187
0.059326171875 0.14166259765625 -0.0303668975830078 -0.0195579528808594
0.0514678955078125 0.133651733398437 -0.0310382843017578 -0.0252609252929687
0.0690155029296875 0.147964477539063 -0.0373802185058594 -0.0245094299316406
0.015289306640625 0.154510498046875 -0.0168075561523438 -0.0489120483398437
-0.07958984375 0.14471435546875 0.00121307373046875 -0.0657920837402344
-0.15283203125 0.0675201416015625 0.0452957153320312 -0.0391273498535156
-0.17071533203125 -0.0992584228515625 0.06866455078125 0.0140876770019531
-0.111709594726563 -0.1868896484375 0.0193214416503906 0.0522384643554687
-6.10351562500233E-05 -0.2279052734375 -0.00631332397460938 0.0520896911621094
-0.00498962402343749 -0.192916870117188 0.042388916015625 -0.160934448242188
-0.075103759765625 -0.153823852539063 -0.0249557495117188 -0.0979537963867188
-0.138481140136719 -0.092559814453125 -0.0137214660644531 -0.0266513824462891
-0.14111328125 0.022125244140625 0.0171337127685547 -0.0324764251708984
-0.0914306640625 0.0841293334960938 -0.000114440917968756 -0.067138671875
-0.007904052734375 0.129051208496094 -0.0285797119140625 -0.0657768249511719
0.0388336181640625 0.11737060546875 -0.0559616088867188 -0.0612831115722656
0.0336532592773438 0.111541748046875 -0.0592536926269531 -0.0590400695800781
0.0474624633789062 0.125862121582031 -0.063446044921875 -0.0614280700683594
0.00215911865234375 0.124420166015625 -0.0314407348632812 -0.0845489501953125
-0.0727081298828125 0.110069274902344 -0.000389099121093763 -0.0910263061523438
-0.122116088867188 0.04425048828125 0.0472640991210937 -0.0546760559082031
-0.128730773925781 -0.0850982666015625 0.0573005676269531 0.00156784057617187
-0.0838775634765625 -0.148544311523438 -0.00400066375732422 0.0107355117797851
-0.00140380859374998 -0.1883544921875 -0.00139617919921875 -0.0231418609619141
-0.021820068359375 -0.122901916503906 0.0466766357421875 -0.21978759765625
-0.0585708618164062 -0.09112548828125 -0.0331344604492187 -0.135482788085938
-0.0829315185546875 -0.0467529296875 -0.0188694000244141 -0.0343894958496094
-0.0789947509765625 0.0157012939453125 0.0215072631835938 -0.0438156127929687
-0.0526351928710937 0.0452766418457031 0.00771331787109375 -0.0797653198242188
-0.0106277465820313 0.0768203735351563 -0.0316543579101563 -0.093963623046875
0.0128097534179688 0.0742950439453125 -0.0737991333007812 -0.0919265747070313
0.0120086669921875 0.0731582641601563 -0.0781021118164062 -0.0841445922851563
0.0172653198242187 0.0846176147460938 -0.0775299072265625 -0.090606689453125
-0.0127487182617188 0.0765457153320313 -0.0371170043945313 -0.108741760253906
-0.0570755004882813 0.056884765625 0.00431823730468749 -0.102592468261719
-0.07470703125 0.0108795166015625 0.0491218566894531 -0.0593452453613281
-0.0643653869628906 -0.0602188110351563 0.0459251403808594 -0.00391387939453125
-0.0412826538085938 -0.089263916015625 -0.0189609527587891 -0.0217514038085938
-0.00147247314453124 -0.119575500488281 0.00518798828124999 -0.0816421508789063
-0.0342483520507813 -0.0332126617431641 0.04266357421875 -0.255935668945313
-0.0346488952636719 -0.0174045562744141 -0.0410003662109375 -0.160385131835938
-0.0179328918457031 0.004119873046875 -0.0285072326660156 -0.0401878356933594
-0.00907039642333984 0.00799942016601562 0.0142822265625 -0.0462608337402344
-0.00764036178588867 0.00143098831176758 0.01055908203125 -0.0765914916992188
-0.0112943649291992 0.013768196105957 -0.0316238403320313 -0.103446960449219
-0.0142269134521484 0.0202350616455078 -0.0793075561523438 -0.10687255859375
-0.0112972259521484 0.0223960876464844 -0.0850830078125 -0.0972213745117188
-0.0134963989257812 0.0296840667724609 -0.0801239013671875 -0.108108520507813
-0.0237522125244141 0.0177764892578125 -0.0347137451171875 -0.118782043457031
-0.0304222106933594 -5.72204589843743E-05 0.0132904052734375 -0.100555419921875
-0.017024040222168 -0.016810417175293 0.0512199401855469 -0.0547561645507813
0.00131416320800781 -0.0220584869384766 0.0364875793457031 -0.00446701049804688
-0.00139713287353515 -0.0160455703735352 -0.0240364074707031 -0.0420265197753906
-0.00563621520996094 -0.0339202880859375 0.0109405517578125 -0.116844177246094
0.0302276611328125 -0.0684356689453125 0.00578308105468751 0.131980895996094
-0.0255050659179688 -0.0567169189453125 0.0296669006347656 0.0593338012695312
-0.0621376037597656 -0.0230178833007812 -0.0241889953613281 -0.0089874267578125
-0.0479316711425781 0.0275154113769531 -0.0592994689941406 0.0409736633300781
-0.0157890319824219 0.0523223876953125 -0.0392532348632812 0.0843429565429688
0.0299224853515625 0.044769287109375 0.026458740234375 0.119140625
0.0503273010253906 0.030364990234375 0.0845947265625 0.115951538085938
0.0371551513671875 0.0298500061035156 0.08526611328125 0.0968551635742188
0.0423126220703125 0.0327835083007813 0.07177734375 0.104240417480469
0.0181083679199219 0.0486106872558594 0.0341796875 0.101341247558594
-0.0219039916992188 0.0492095947265625 0.004486083984375 0.0679664611816406
-0.054901123046875 0.012481689453125 0.00426101684570313 0.0470199584960938
-0.0429878234863281 -0.0473213195800781 0.0396575927734375 0.0678825378417969
-0.00547027587890625 -0.0650253295898438 0.054443359375 0.1688232421875
0.0306930541992187 -0.0462379455566406 -0.0597686767578125 0.279037475585938
0.0343017578125 -0.15435791015625 0.00589752197265625 0.108413696289063
-0.0458145141601563 -0.123207092285156 0.0208091735839844 0.0526580810546875
-0.115242004394531 -0.07220458984375 -0.0175466537475586 -0.00984477996826173
-0.109199523925781 0.0296173095703125 -0.0491790771484375 0.0281867980957031
-0.0591354370117188 0.0883941650390625 -0.0439491271972656 0.0603179931640625
0.0266342163085938 0.103729248046875 0.0112152099609375 0.101585388183594
0.0699996948242188 0.0850296020507813 0.0640487670898437 0.100761413574219
0.055328369140625 0.0816650390625 0.066375732421875 0.0795211791992188
0.0659255981445313 0.0897445678710938 0.054595947265625 0.0851516723632812
0.0213165283203125 0.105049133300781 0.0298614501953125 0.0750579833984375
-0.0515899658203125 0.09942626953125 0.0084381103515625 0.0415725708007813
-0.11016845703125 0.0341567993164063 0.0199851989746094 0.0321159362792969
-0.10479736328125 -0.0859222412109375 0.058380126953125 0.0631828308105469
-0.0480575561523438 -0.136260986328125 0.06134033203125 0.16192626953125
0.0281143188476563 -0.137115478515625 -0.04229736328125 0.258468627929688
0.0351409912109375 -0.218490600585938 0.0123519897460938 0.0580787658691406
-0.0623321533203125 -0.177032470703125 0.00961494445800781 0.0293292999267578
-0.1573486328125 -0.113037109375 -0.0139741897583008 -0.0104246139526367
-0.16070556640625 0.0284271240234375 -0.0335178375244141 0.0157089233398438
-0.0967864990234375 0.112503051757813 -0.0398902893066406 0.0296554565429688
0.0175018310546875 0.148849487304687 -0.0021514892578125 0.0691070556640625
0.0794906616210938 0.126983642578125 0.0353012084960938 0.0700340270996094
0.0648117065429688 0.120491027832031 0.0374412536621094 0.0492630004882813
0.0819244384765625 0.132682800292969 0.0278587341308594 0.0542526245117188
0.0251312255859375 0.147109985351563 0.0193672180175781 0.03717041015625
-0.0710067749023438 0.140052795410156 0.00972747802734374 0.00711536407470704
-0.150054931640625 0.0588226318359375 0.0339603424072266 0.0101604461669922
-0.159194946289062 -0.106964111328125 0.0729598999023437 0.0507659912109375
-0.0911102294921875 -0.185989379882813 0.0595245361328125 0.137565612792969
0.0180816650390625 -0.20745849609375 -0.025665283203125 0.20843505859375
0.02813720703125 -0.251678466796875 0.0237007141113281 -0.0114173889160156
-0.07568359375 -0.206024169921875 -0.0026388168334961 -0.00827407836914064
-0.1829833984375 -0.134368896484375 -0.0124921798706055 -0.0135164260864258
-0.190383911132812 0.0281524658203125 -0.0143241882324219 0.00079441070556641
-0.119758605957031 0.124137878417969 -0.0289020538330078 -0.00588417053222655
0.00740051269531249 0.172195434570313 -0.0139293670654297 0.0251407623291016
0.07763671875 0.149551391601563 0.00208091735839844 0.027679443359375
0.06524658203125 0.1414794921875 0.00267410278320313 0.0126438140869141
0.0853729248046875 0.15478515625 -0.00494575500488281 0.0156450271606445
0.0253753662109375 0.166885375976562 0.00202035903930664 -0.0068063735961914
-0.0803985595703125 0.161041259765625 0.00622367858886718 -0.0317115783691406
-0.168426513671875 0.0756378173828125 0.0431900024414063 -0.0160789489746094
-0.18914794921875 -0.1114501953125 0.0770187377929688 0.0325393676757813
-0.118942260742188 -0.206588745117188 0.0443038940429688 0.0996780395507812
0.00686645507812498 -0.243759155273437 -0.0140914916992188 0.136566162109375
0.0139312744140625 -0.247543334960938 0.0352554321289063 -0.0908279418945313
-0.0829315185546875 -0.201583862304688 -0.0154647827148438 -0.0545768737792969
-0.181793212890625 -0.128524780273438 -0.0126876831054688 -0.0194721221923828
-0.186996459960938 0.0277252197265625 0.00437068939208983 -0.0166702270507813
-0.119972229003906 0.116287231445313 -0.0143775939941406 -0.0415878295898438
-0.00102233886718751 0.167556762695313 -0.0228633880615234 -0.0238552093505859
0.0644378662109375 0.148544311523438 -0.0309085845947266 -0.0194683074951172
0.055389404296875 0.140426635742188 -0.0322074890136719 -0.0261478424072266
0.0753326416015625 0.154983520507813 -0.0387306213378906 -0.02459716796875
0.0182952880859375 0.161468505859375 -0.01788330078125 -0.0505104064941406
-0.081268310546875 0.153091430664063 0.000606536865234371 -0.0677337646484375
-0.1605224609375 0.072174072265625 0.0469398498535156 -0.0408821105957031
-0.181838989257813 -0.103988647460938 0.0711212158203125 0.0143203735351562
-0.118927001953125 -0.195785522460938 0.0195121765136719 0.0553207397460937
-0.000518798828124974 -0.241363525390625 -0.0074920654296875 0.0545196533203125
-0.00415039062500002 -0.20489501953125 0.044525146484375 -0.167343139648438
-0.0784759521484375 -0.16241455078125 -0.0263671875 -0.101005554199219
-0.147918701171875 -0.0979766845703125 -0.0145130157470703 -0.0278377532958984
-0.148422241210938 0.0237579345703125 0.0175056457519531 -0.0337104797363281
-0.096649169921875 0.0896530151367188 -0.00130081176757813 -0.06927490234375
-0.00666809082031248 0.135818481445312 -0.0295677185058594 -0.0676727294921875
0.0428390502929688 0.123252868652344 -0.0585975646972656 -0.0635833740234375
0.0372161865234375 0.118064880371094 -0.0623703002929687 -0.0617828369140625
0.05194091796875 0.131332397460938 -0.0653800964355469 -0.0632553100585937
0.00450897216796876 0.130622863769531 -0.0335006713867188 -0.0879364013671875
-0.0747909545898438 0.116607666015625 -0.00104522705078125 -0.094573974609375
-0.128898620605469 0.0476913452148437 0.0487632751464844 -0.0572624206542969
-0.136634826660156 -0.0892410278320312 0.0594062805175781 0.00158691406249999
-0.089599609375 -0.155838012695313 -0.00569152832031251 0.0116891860961914
-0.00154113769531252 -0.200103759765625 -0.00217056274414063 -0.0247230529785156
-0.02130126953125 -0.131477355957031 0.0475921630859375 -0.230331420898438
-0.0615997314453125 -0.097076416015625 -0.0359954833984375 -0.141281127929687
-0.0889739990234375 -0.0502548217773438 -0.0200729370117188 -0.0359573364257812
-0.0839157104492187 0.017242431640625 0.0211753845214844 -0.0457649230957031
-0.0562553405761719 0.0484390258789063 0.00708007812499999 -0.0833282470703125
-0.0103759765625 0.0815887451171875 -0.0329742431640625 -0.0968093872070313
0.0152969360351562 0.079559326171875 -0.0776748657226563 -0.095977783203125
0.0137863159179688 0.0771713256835938 -0.0822372436523438 -0.0882110595703125
0.0199050903320313 0.0888442993164063 -0.0818252563476562 -0.093841552734375
-0.012176513671875 0.0808563232421875 -0.039703369140625 -0.113037109375
-0.0588798522949219 0.0609207153320312 0.00371551513671874 -0.106369018554688
-0.0789031982421875 0.0123291015625 0.0511245727539062 -0.0624504089355469
-0.0692024230957031 -0.0638961791992188 0.0473365783691406 -0.00477981567382813
-0.0445327758789063 -0.0944900512695312 -0.0220146179199219 -0.0222244262695313
-0.0013275146484375 -0.127639770507813 0.00342559814453124 -0.0868606567382813
-0.0339584350585938 -0.0369033813476563 0.04339599609375 -0.268341064453125
-0.0357780456542969 -0.0194664001464844 -0.0446014404296875 -0.16766357421875
-0.0199947357177734 0.00319862365722656 -0.0306282043457031 -0.0425758361816406
-0.0101318359375 0.00780582427978516 0.013763427734375 -0.0491600036621094
-0.00898265838623047 0.00171279907226563 0.01025390625 -0.0799942016601563
-0.0118618011474609 0.0157184600830078 -0.0333786010742188 -0.10736083984375
-0.0143623352050781 0.0223407745361328 -0.0844802856445313 -0.11126708984375
-0.0113391876220703 0.0246047973632813 -0.0905075073242188 -0.101707458496094
-0.0134048461914063 0.0317802429199219 -0.0848922729492188 -0.112480163574219
-0.023956298828125 0.0201988220214844 -0.0368576049804687 -0.124488830566406
-0.0326957702636719 0.00116539001464844 0.0133590698242188 -0.104598999023438
-0.0188083648681641 -0.0170516967773438 0.0531501770019531 -0.0577430725097656
0.000944137573242189 -0.0241775512695313 0.0374526977539063 -0.00557708740234375
-0.00172042846679688 -0.0181217193603516 -0.0271720886230469 -0.0442771911621094
-0.00567245483398438 -0.0374641418457031 0.00975036621093751 -0.123664855957031
0.0288848876953125 -0.0728378295898437 0.0110015869140625 0.141143798828125
-0.02691650390625 -0.0577201843261719 0.0356903076171875 0.0627021789550781
-0.0651817321777344 -0.0215911865234375 -0.0252647399902344 -0.00824737548828125
-0.0491828918457031 0.030517578125 -0.0599937438964844 0.0457649230957031
-0.0140342712402344 0.0556259155273438 -0.0387191772460937 0.0905838012695313
0.033203125 0.0448379516601563 0.0316925048828125 0.12445068359375
0.0536537170410156 0.0287132263183594 0.09454345703125 0.119705200195313
0.0405616760253906 0.0291099548339844 0.093231201171875 0.100067138671875
0.0458869934082031 0.03204345703125 0.07977294921875 0.108795166015625
0.0214576721191406 0.0496978759765625 0.039337158203125 0.1060791015625
-0.0200614929199219 0.0521202087402344 0.00610351562499999 0.0716552734375
-0.0569915771484375 0.015411376953125 0.00588226318359375 0.0494041442871094
-0.047821044921875 -0.0470161437988281 0.04486083984375 0.0704727172851562
-0.00870513916015626 -0.0666275024414063 0.064483642578125 0.177108764648438
0.0306396484375 -0.0495681762695313 -0.054229736328125 0.297515869140625
0.0313720703125 -0.164520263671875 0.00986480712890624 0.117073059082031
-0.05047607421875 -0.12811279296875 0.0256385803222656 0.0566520690917969
-0.123756408691406 -0.0714263916015625 -0.0184803009033203 -0.00989341735839845
-0.113960266113281 0.0343170166015625 -0.0499038696289063 0.031524658203125
-0.0590438842773437 0.0951614379882813 -0.0442085266113281 0.0659446716308594
0.0322799682617188 0.107383728027344 0.0162506103515625 0.107139587402344
0.0776748657226563 0.0858383178710938 0.0721511840820312 0.104591369628906
0.0613327026367188 0.0840530395507813 0.0728530883789063 0.0822296142578125
0.0738449096679688 0.0915298461914063 0.0613555908203125 0.089385986328125
0.0265579223632812 0.109619140625 0.0338897705078125 0.078887939453125
-0.0497894287109375 0.106842041015625 0.0103073120117188 0.0439109802246094
-0.115325927734375 0.0403289794921875 0.0218086242675781 0.0340023040771484
-0.11572265625 -0.086395263671875 0.0637359619140625 0.0655326843261719
-0.05615234375 -0.140716552734375 0.0715789794921875 0.1697998046875
0.0256500244140625 -0.14666748046875 -0.0364990234375 0.275054931640625
0.0301361083984375 -0.233810424804688 0.0154457092285156 0.063873291015625
-0.069305419921875 -0.185073852539062 0.0130786895751953 0.0327053070068359
-0.170822143554688 -0.11395263671875 -0.0146169662475586 -0.0108795166015625
-0.168258666992188 0.0355072021484375 -0.0347938537597656 0.0179004669189453
-0.0989532470703125 0.122940063476563 -0.0416374206542969 0.0339012145996094
0.0250396728515625 0.155593872070313 0.0010833740234375 0.073333740234375
0.08984375 0.13006591796875 0.0408477783203125 0.0726547241210938
0.0733489990234375 0.125221252441406 0.041473388671875 0.0516242980957031
0.0922164916992188 0.1357421875 0.0320930480957031 0.0571441650390625
0.0322723388671875 0.15362548828125 0.0216217041015625 0.0394134521484375
-0.068603515625 0.150802612304688 0.010249137878418 0.00726318359375001
-0.15753173828125 0.06756591796875 0.0356101989746094 0.00992202758789063
-0.173675537109375 -0.107192993164063 0.077972412109375 0.0512771606445312
-0.103240966796875 -0.192184448242188 0.0675201416015625 0.144638061523438
0.0133056640625 -0.221633911132813 -0.0210418701171875 0.2216796875
0.02276611328125 -0.269439697265625 0.0253772735595703 -0.0105648040771485
-0.0843353271484375 -0.216644287109375 -0.0015702247619629 -0.00647449493408204
-0.199081420898438 -0.13665771484375 -0.0135173797607422 -0.0138940811157227
-0.200363159179688 0.035888671875 -0.0156774520874024 0.00168037414550782
-0.123092651367188 0.135765075683594 -0.0312957763671875 -0.00363922119140624
0.0151519775390625 0.181076049804688 -0.0123710632324219 0.0278091430664063
0.0885467529296875 0.154693603515625 0.00440979003906251 0.0293159484863281
0.0745697021484375 0.147613525390625 0.00371170043945313 0.0133018493652344
0.0971221923828125 0.16015625 -0.00362205505371093 0.0183219909667969
0.033905029296875 0.17510986328125 0.00190830230712891 -0.00648498535156249
-0.078399658203125 0.173171997070313 0.00524139404296874 -0.0335559844970703
-0.176620483398438 0.08587646484375 0.04425048828125 -0.0178871154785156
-0.2059326171875 -0.111175537109375 0.0819244384765625 0.0325088500976562
-0.132827758789063 -0.213638305664063 0.0501556396484375 0.10443115234375
6.10351562499881E-05 -0.260528564453125 -0.01141357421875 0.144561767578125
0.00791931152343751 -0.264892578125 0.03521728515625 -0.0954666137695313
-0.0927886962890625 -0.2117919921875 -0.0171775817871094 -0.0554084777832031
-0.198562622070312 -0.131607055664063 -0.0148353576660156 -0.0204029083251953
-0.197708129882813 0.035430908203125 0.00326633453369139 -0.0173110961914062
-0.12396240234375 0.128501892089844 -0.0174560546875 -0.0418281555175781
0.0062713623046875 0.176910400390625 -0.023651123046875 -0.0232677459716797
0.075103759765625 0.154525756835938 -0.0324058532714844 -0.0192623138427734
0.0643463134765625 0.1468505859375 -0.034912109375 -0.0271835327148437
0.0867156982421875 0.160064697265625 -0.0404167175292969 -0.0239944458007812
0.026458740234375 0.169769287109375 -0.0204238891601563 -0.05224609375
-0.0797119140625 0.164901733398437 -0.00164031982421875 -0.07122802734375
-0.1685791015625 0.0819244384765625 0.0474166870117187 -0.0444526672363281
-0.197662353515625 -0.104385375976563 0.0746078491210937 0.0135040283203125
-0.132659912109375 -0.20263671875 0.0218963623046875 0.0585060119628906
-0.00698852539062501 -0.25811767578125 -0.00708770751953125 0.0572395324707031
-0.00959777832031248 -0.219528198242188 0.0422515869140625 -0.17706298828125
-0.08734130859375 -0.171127319335938 -0.0310287475585938 -0.104782104492188
-0.162307739257813 -0.100082397460937 -0.0173206329345703 -0.028961181640625
-0.157272338867188 0.0306549072265625 0.0165901184082031 -0.0363082885742188
-0.100440979003906 0.099334716796875 -0.00426483154296875 -0.0716781616210938
-0.000991821289062486 0.143844604492188 -0.0317001342773437 -0.0692939758300781
0.0508880615234375 0.129478454589844 -0.0636024475097656 -0.0647773742675781
0.0448379516601563 0.124458312988281 -0.067657470703125 -0.0637130737304688
0.0613555908203125 0.136634826660156 -0.0708160400390625 -0.0641708374023437
0.0106658935546875 0.137710571289062 -0.0381622314453125 -0.0911941528320312
-0.074371337890625 0.126205444335938 -0.00457000732421875 -0.0991287231445312
-0.135635375976563 0.0548629760742187 0.048553466796875 -0.0619621276855469
-0.149368286132813 -0.0907440185546875 0.0612297058105469 1.14440917968694E-05
-0.100509643554688 -0.16241455078125 -0.00720405578613282 0.0134353637695312
-0.00701904296874998 -0.214248657226563 -0.00419235229492187 -0.0267181396484375
-0.0255279541015625 -0.140670776367188 0.0436859130859375 -0.243667602539062
-0.0677642822265625 -0.102851867675781 -0.04327392578125 -0.147186279296875
-0.0971832275390625 -0.0517807006835938 -0.0231361389160156 -0.0380821228027344
-0.0893020629882812 0.0208740234375 0.020294189453125 -0.0492973327636719
-0.0593757629394531 0.0543212890625 0.00438690185546875 -0.0872039794921875
-0.00736236572265626 0.0870285034179688 -0.0370330810546875 -0.100791931152344
0.0201644897460938 0.08441162109375 -0.0850448608398438 -0.0985641479492187
0.01812744140625 0.0821685791015625 -0.0905914306640625 -0.0909881591796875
0.025604248046875 0.0933914184570313 -0.0887832641601562 -0.096527099609375
-0.00885772705078125 0.0866317749023437 -0.0454559326171875 -0.118148803710938
-0.0603713989257813 0.0678520202636719 0.000373840332031242 -0.11212158203125
-0.0841522216796875 0.0160446166992187 0.0507583618164062 -0.0676841735839844
-0.076416015625 -0.066314697265625 0.0487327575683594 -0.0064239501953125
-0.0504913330078125 -0.0987930297851563 -0.0257015228271484 -0.0225887298583984
-0.00504302978515625 -0.137489318847656 0.000244140625000009 -0.0927963256835938
-0.0358543395996094 -0.0395584106445312 0.037353515625 -0.28497314453125
-0.0385513305664062 -0.0213279724121094 -0.053863525390625 -0.176528930664063
-0.0220012664794922 0.00221824645996094 -0.034332275390625 -0.0441360473632812
-0.0117311477661133 0.00900459289550781 0.012298583984375 -0.0519828796386719
-0.0107078552246094 0.00280857086181641 0.0082855224609375 -0.0844268798828125
-0.0121536254882812 0.0181179046630859 -0.0377960205078125 -0.112510681152344
-0.0138015747070312 0.025634765625 -0.0932846069335938 -0.114692687988281
-0.0106277465820312 0.0276470184326172 -0.0991287231445313 -0.105445861816406
-0.0125560760498047 0.0347480773925781 -0.0934982299804688 -0.116058349609375
-0.0241832733154297 0.0229778289794922 -0.0432281494140625 -0.129539489746094
-0.0347099304199219 0.0035858154296875 0.0103302001953125 -0.110504150390625
-0.0214805603027344 -0.017059326171875 0.0533981323242188 -0.0629043579101563
-0.00109672546386719 -0.0270519256591797 0.0380020141601563 -0.0072021484375
-0.00258064270019531 -0.0206699371337891 -0.0325736999511719 -0.0453758239746094
-0.0070343017578125 -0.0416603088378906 0.005401611328125 -0.132156372070313
0.0248794555664062 -0.0770263671875 0.020660400390625 0.148574829101563
-0.0300254821777344 -0.0573234558105469 0.042724609375 0.0637893676757812
-0.0684700012207031 -0.0179634094238281 -0.0263538360595703 -0.0070953369140625
-0.0486907958984375 0.0339851379394531 -0.0582160949707031 0.0506553649902344
-0.0104446411132813 0.0586929321289063 -0.034515380859375 0.0973968505859375
0.037994384765625 0.0437164306640625 0.040313720703125 0.127586364746094
0.05682373046875 0.0244979858398438 0.105987548828125 0.118438720703125
0.0428085327148438 0.0269660949707031 0.103446960449219 0.0997238159179687
0.0492935180664063 0.0288658142089844 0.0904617309570313 0.109573364257813
0.0254096984863281 0.0496444702148438 0.047210693359375 0.108894348144531
-0.0159339904785156 0.0550270080566406 0.0107879638671875 0.0743942260742187
-0.0583534240722656 0.019866943359375 0.00930404663085937 0.0520133972167969
-0.0529823303222656 -0.0447006225585938 0.0518798828125 0.0711212158203125
-0.0140838623046875 -0.0672454833984375 0.079193115234375 0.180023193359375
0.0282516479492187 -0.0531959533691406 -0.03875732421875 0.3134765625
0.021759033203125 -0.173614501953125 0.017852783203125 0.123252868652344
-0.0580978393554687 -0.129615783691406 0.0329017639160156 0.0589065551757812
-0.132919311523438 -0.0667190551757812 -0.0195999145507813 -0.00901412963867188
-0.11578369140625 0.0427017211914062 -0.0496330261230469 0.0362777709960938
-0.0555267333984375 0.103248596191406 -0.0424575805664063 0.0721359252929688
0.0406265258789062 0.1087646484375 0.0239410400390625 0.11053466796875
0.0865249633789063 0.0829696655273438 0.0824203491210937 0.10382080078125
0.0690383911132813 0.082763671875 0.0811920166015625 0.0816650390625
0.0826263427734375 0.0887985229492188 0.0704193115234375 0.0902786254882813
0.0353469848632813 0.1112060546875 0.0399322509765625 0.0805892944335937
-0.0439376831054688 0.113441467285156 0.0127639770507813 0.0450401306152344
-0.118019104003906 0.0493927001953125 0.0244541168212891 0.0345726013183594
-0.126724243164063 -0.0815200805664063 0.070648193359375 0.0647735595703125
-0.0680999755859375 -0.140975952148437 0.08551025390625 0.172271728515625
0.017303466796875 -0.155548095703125 -0.0218505859375 0.289093017578125
0.0169830322265625 -0.246871948242188 0.0202178955078125 0.0675621032714843
-0.0811309814453125 -0.189071655273438 0.0177650451660156 0.0347766876220703
-0.185195922851563 -0.108673095703125 -0.0160322189331055 -0.0104093551635742
-0.173004150390625 0.0466461181640625 -0.0342216491699219 0.0209560394287109
-0.0953369140625 0.134963989257813 -0.0414657592773438 0.0392189025878906
0.0366363525390625 0.158477783203125 0.00716400146484375 0.0768966674804688
0.102729797363281 0.12841796875 0.0482406616210938 0.072998046875
0.084869384765625 0.125961303710938 0.0466232299804688 0.0516395568847656
0.105758666992188 0.133926391601563 0.0385894775390625 0.0588569641113281
0.0445556640625 0.156753540039063 0.0244903564453125 0.0401039123535156
-0.060821533203125 0.160720825195313 0.0105552673339844 0.00722312927246095
-0.160202026367187 0.080841064453125 0.0374832153320312 0.00929641723632813
-0.188980102539063 -0.0995025634765625 0.084228515625 0.0497055053710938
-0.120071411132812 -0.19171142578125 0.0796051025390625 0.146591186523438
0.00045776367187498 -0.233810424804688 -0.00975036621093748 0.232559204101562
0.00695800781250003 -0.284149169921875 0.0260963439941406 -0.0102863311767578
-0.0995330810546875 -0.221084594726563 -0.000289916992187506 -0.0048809051513672
-0.217315673828125 -0.13043212890625 -0.0155858993530274 -0.0141506195068359
-0.206375122070313 0.04931640625 -0.0163602828979492 0.00302791595458985
-0.120513916015625 0.150131225585937 -0.0335807800292969 0.000185012817382818
0.0280303955078125 0.186447143554688 -0.0095672607421875 0.0304317474365235
0.103302001953125 0.1549072265625 0.00778007507324219 0.0301990509033203
0.087738037109375 0.149154663085937 0.00428009033203126 0.0137290954589844
0.112442016601562 0.158843994140625 -0.00135803222656249 0.0196743011474609
0.0474395751953125 0.179290771484375 0.00144720077514649 -0.00675582885742186
-0.0694427490234375 0.185379028320313 0.00315475463867187 -0.0346088409423828
-0.179306030273438 0.100753784179687 0.0447120666503906 -0.0205726623535156
-0.223236083984375 -0.102645874023438 0.0864410400390625 0.0299835205078125
-0.151626586914062 -0.213287353515625 0.0581741333007812 0.106758117675781
-0.01483154296875 -0.274642944335938 -0.0040435791015625 0.151443481445312
-0.00724792480468752 -0.27960205078125 0.0315093994140625 -0.0994491577148438
-0.107986450195313 -0.217361450195313 -0.0201683044433594 -0.0548133850097656
-0.217086791992187 -0.125808715820313 -0.0171775817871094 -0.0206756591796875
-0.204376220703125 0.048980712890625 0.0015888214111328 -0.0177783966064453
-0.122665405273438 0.142486572265625 -0.0214424133300781 -0.0400772094726562
0.0182647705078125 0.183486938476563 -0.0242118835449219 -0.0219631195068359
0.08966064453125 0.15618896484375 -0.0335006713867187 -0.0182266235351562
0.0772247314453125 0.149795532226563 -0.0379447937011719 -0.0263137817382812
0.101654052734375 0.15960693359375 -0.0423622131347656 -0.0221786499023437
0.0390625 0.174240112304688 -0.0244636535644531 -0.0527992248535156
-0.07177734375 0.177398681640625 -0.00653076171875001 -0.0734634399414063
-0.171340942382813 0.0966644287109375 0.0459747314453125 -0.0488166809082031
-0.214035034179687 -0.0964202880859375 0.0775375366210937 0.0102691650390625
-0.150650024414062 -0.20257568359375 0.0251426696777344 0.0604171752929687
-0.022125244140625 -0.271987915039062 -0.00491333007812501 0.0596694946289062
-0.0224761962890625 -0.231597900390625 0.0338897705078125 -0.185455322265625
-0.10076904296875 -0.17510986328125 -0.0383224487304688 -0.106315612792969
-0.177886962890625 -0.0955657958984375 -0.0212440490722656 -0.0295562744140625
-0.163238525390625 0.041534423828125 0.0136604309082031 -0.0383834838867188
-0.10028076171875 0.111473083496094 -0.00945281982421876 -0.072418212890625
0.00883483886718749 0.149948120117188 -0.0357398986816406 -0.0693931579589844
0.0632400512695313 0.131797790527344 -0.0691795349121094 -0.0630950927734375
0.0550155639648438 0.127571105957031 -0.0747756958007813 -0.06243896484375
0.073455810546875 0.137939453125 -0.0768585205078125 -0.062164306640625
0.02044677734375 0.142868041992188 -0.0450210571289062 -0.0924911499023437
-0.0691375732421875 0.137222290039063 -0.0109939575195313 -0.102073669433594
-0.138908386230469 0.0659332275390625 0.0466270446777344 -0.0665512084960938
-0.162384033203125 -0.085418701171875 0.0628547668457031 -0.00307846069335938
-0.114547729492188 -0.162612915039062 -0.00775146484375001 0.0155439376831055
-0.019775390625 -0.22613525390625 -0.00665664672851563 -0.0283031463623047
-0.033843994140625 -0.1480712890625 0.0311126708984375 -0.256118774414063
-0.0767364501953125 -0.104904174804687 -0.054473876953125 -0.150314331054688
-0.10711669921875 -0.0496444702148438 -0.0272026062011719 -0.0381507873535156
-0.0933685302734375 0.0271835327148438 0.0166244506835937 -0.0514068603515625
-0.0594863891601563 0.0612068176269531 -0.000930786132812497 -0.0896530151367188
-0.001251220703125 0.0916900634765625 -0.0430068969726563 -0.101638793945313
0.02752685546875 0.0875244140625 -0.0940475463867188 -0.0973587036132813
0.02508544921875 0.0855865478515625 -0.100196838378906 -0.0896987915039063
0.0338973999023438 0.0953216552734375 -0.0981216430664063 -0.0951461791992188
-0.00273895263671875 0.090545654296875 -0.05426025390625 -0.119987487792969
-0.05816650390625 0.0751190185546875 -0.00659179687500001 -0.115791320800781
-0.08758544921875 0.0223617553710937 0.048553466796875 -0.0731582641601563
-0.085174560546875 -0.0656204223632813 0.0487251281738281 -0.00927352905273438
-0.059051513671875 -0.100677490234375 -0.0299148559570313 -0.0209255218505859
-0.01275634765625 -0.1456298828125 -0.00620269775390625 -0.0973739624023438
-0.0388069152832031 -0.0409202575683594 0.0223388671875 -0.29913330078125
-0.0417098999023438 -0.0213851928710937 -0.0673980712890625 -0.180511474609375
-0.0242404937744141 0.00246238708496094 -0.0392303466796875 -0.0438003540039063
-0.0128707885742187 0.00950050354003907 0.00827407836914062 -0.0547943115234375
-0.0122785568237305 0.00435352325439453 0.00401306152343751 -0.0882110595703125
-0.0111236572265625 0.0208034515380859 -0.0452880859375 -0.114242553710938
-0.0119113922119141 0.0290241241455078 -0.104537963867188 -0.113601684570312
-0.00848770141601562 0.0301933288574219 -0.110198974609375 -0.103927612304687
-0.01019287109375 0.03790283203125 -0.104438781738281 -0.115165710449219
-0.0226478576660156 0.0259037017822266 -0.0524826049804688 -0.132400512695313
-0.0359687805175781 0.00766754150390625 0.00366973876953125 -0.114707946777344
-0.0244216918945312 -0.0161266326904297 0.05108642578125 -0.0688400268554688
-0.00348472595214844 -0.0294437408447266 0.0380859375 -0.0097198486328125
-0.00473213195800781 -0.0223560333251953 -0.0384979248046875 -0.0449104309082031
-0.00930023193359375 -0.0447731018066406 -0.00294494628906249 -0.138999938964844
0.0191268920898438 -0.0783233642578125 0.0314178466796875 0.150894165039063
-0.0326728820800781 -0.0553092956542969 0.0493659973144531 0.0620460510253906
-0.0686302185058594 -0.0134849548339844 -0.0262489318847656 -0.00552177429199219
-0.04620361328125 0.0368804931640625 -0.0548324584960938 0.0551376342773438
-0.006072998046875 0.0596771240234375 -0.0277938842773437 0.100364685058594
0.0409927368164063 0.0400772094726563 0.048797607421875 0.125526428222656
0.0580253601074219 0.0194854736328125 0.114875793457031 0.1116943359375
0.0445976257324219 0.0235099792480469 0.111137390136719 0.0946731567382813
0.050994873046875 0.0249290466308594 0.09912109375 0.105247497558594
0.0284500122070313 0.0469131469726563 0.0540847778320313 0.107559204101563
-0.0118942260742188 0.0558090209960937 0.0146560668945313 0.0742645263671875
-0.0569496154785156 0.0244522094726563 0.0126228332519531 0.0519752502441406
-0.0565528869628906 -0.0397834777832031 0.0575790405273438 0.0678443908691406
-0.0188407897949219 -0.0655174255371094 0.0933685302734375 0.175262451171875
0.0250625610351563 -0.0552444458007813 -0.017669677734375 0.3189697265625
0.00952148437500001 -0.176773071289063 0.0269317626953125 0.125961303710938
-0.0655441284179688 -0.126838684082031 0.0392112731933594 0.0580482482910156
-0.137840270996094 -0.0581283569335937 -0.0199337005615234 -0.0079803466796875
-0.113967895507812 0.0503082275390625 -0.0468673706054688 0.0395240783691406
-0.0487289428710938 0.107635498046875 -0.0377426147460937 0.076385498046875
0.0486907958984375 0.105110168457031 0.0320358276367188 0.109550476074219
0.0924072265625 0.0761260986328125 0.0902175903320313 0.099151611328125
0.0749740600585938 0.078277587890625 0.0877914428710938 0.0778121948242188
0.08935546875 0.0822982788085938 0.0778121948242188 0.08770751953125
0.043426513671875 0.108734130859375 0.0452194213867188 0.0790863037109375
-0.03594970703125 0.117073059082031 0.0153350830078125 0.0447959899902344
-0.115745544433594 0.0582962036132812 0.0269298553466797 0.0341072082519531
-0.134017944335938 -0.07220458984375 0.0756988525390625 0.0604934692382812
-0.0781631469726562 -0.136146545410156 0.0984954833984375 0.167938232421875
0.00718688964843751 -0.158859252929688 -0.00415039062499998 0.293182373046875
0.000900268554687493 -0.251022338867188 0.0255088806152344 0.0697708129882812
-0.092437744140625 -0.18548583984375 0.022064208984375 0.0361709594726562
-0.194503784179687 -0.096923828125 -0.0172414779663086 -0.00960063934326172
-0.17144775390625 0.05816650390625 -0.0336685180664063 0.0239944458007813
-0.087249755859375 0.14300537109375 -0.0395011901855469 0.0437774658203125
0.048370361328125 0.156234741210938 0.0130538940429688 0.076904296875
0.112648010253906 0.121543884277344 0.0540008544921875 0.0702972412109375
0.09423828125 0.120597839355469 0.050323486328125 0.0491065979003906
0.116081237792969 0.126945495605469 0.0440635681152344 0.0576171875
0.05609130859375 0.153945922851563 0.0273857116699219 0.0392570495605469
-0.049957275390625 0.16595458984375 0.0106601715087891 0.00687885284423829
-0.157073974609375 0.0929718017578125 0.0380630493164062 0.00801467895507813
-0.198440551757813 -0.0867156982421875 0.0877304077148438 0.0450286865234375
-0.133438110351563 -0.184188842773437 0.090087890625 0.142929077148438
-0.0148468017578125 -0.237991333007813 0.00477600097656252 0.235458374023437
-0.0108642578125 -0.289825439453125 0.0259990692138672 -0.00925445556640627
-0.11346435546875 -0.21826171875 0.00121212005615234 -0.00324392318725587
-0.229080200195313 -0.117752075195313 -0.0175418853759766 -0.0131549835205078
-0.205551147460938 0.0628814697265625 -0.0165586471557617 0.0049886703491211
-0.112213134765625 0.160629272460938 -0.0342578887939453 0.00432395935058594
0.04217529296875 0.184814453125 -0.00555801391601562 0.0312728881835938
0.115966796875 0.147918701171875 0.0106201171875 0.0298404693603516
0.098663330078125 0.144805908203125 0.00562858581542969 0.0133724212646484
0.12530517578125 0.150787353515625 0.00146865844726563 0.0207233428955078
0.0608367919921875 0.176666259765625 0.000968456268310551 -0.00663566589355468
-0.05694580078125 0.191390991210938 0.00075340270996093 -0.0346965789794922
-0.174972534179688 0.114044189453125 0.0431671142578125 -0.0223350524902344
-0.233001708984375 -0.0880126953125 0.0883712768554687 0.0258255004882812
-0.167587280273437 -0.204025268554688 0.065765380859375 0.104591369628906
-0.03271484375 -0.278778076171875 0.00457763671875 0.153274536132812
-0.02447509765625 -0.284820556640625 0.02593994140625 -0.10076904296875
-0.122283935546875 -0.2137451171875 -0.0228347778320313 -0.0525093078613281
-0.229766845703125 -0.113372802734375 -0.020437240600586 -0.0195369720458984
-0.203994750976562 0.0626983642578125 -0.000156402587890638 -0.0170230865478516
-0.115478515625 0.153762817382813 -0.0242233276367188 -0.0375022888183594
0.031768798828125 0.18310546875 -0.0239715576171875 -0.0208873748779297
0.102584838867188 0.15045166015625 -0.0338115692138672 -0.0161914825439453
0.088653564453125 0.146240234375 -0.0400009155273437 -0.0239524841308594
0.114654541015625 0.153488159179688 -0.0424346923828125 -0.0189552307128906
0.052337646484375 0.172271728515625 -0.0278358459472656 -0.0512771606445313
-0.0595550537109375 0.183883666992188 -0.0113677978515625 -0.0731887817382813
-0.167495727539063 0.1090087890625 0.0427360534667969 -0.0506591796875
-0.224029541015625 -0.0829925537109375 0.0781326293945312 0.00684356689453124
-0.16485595703125 -0.193359375 0.0288162231445312 0.06005859375
-0.0400390625 -0.276016235351563 -0.00213623046875 0.0605735778808594
-0.0375518798828125 -0.234832763671875 0.022735595703125 -0.188034057617188
-0.112396240234375 -0.172744750976563 -0.045379638671875 -0.103599548339844
-0.188125610351562 -0.0855712890625 -0.0247135162353516 -0.0280914306640625
-0.1632080078125 0.0527801513671875 0.01025390625 -0.0379257202148438
-0.0943984985351563 0.120521545410156 -0.0143280029296875 -0.0708465576171875
0.0199737548828125 0.15045166015625 -0.0383796691894531 -0.0677490234375
0.0747833251953125 0.128730773925781 -0.0735855102539063 -0.0591812133789062
0.0649871826171875 0.125526428222656 -0.0799102783203125 -0.0585479736328125
0.08514404296875 0.13330078125 -0.080352783203125 -0.0576019287109375
0.031585693359375 0.1419677734375 -0.05157470703125 -0.09002685546875
-0.059783935546875 0.143692016601563 -0.01776123046875 -0.10211181640625
-0.136734008789063 0.0765304565429687 0.0416221618652344 -0.0696487426757813
-0.17095947265625 -0.076019287109375 0.062225341796875 -0.00611114501953125
-0.126235961914063 -0.156204223632813 -0.0076894760131836 0.0173101425170898
-0.034393310546875 -0.230072021484375 -0.00992774963378906 -0.0282630920410156
-0.0435333251953125 -0.149490356445313 0.0151519775390625 -0.260421752929688
-0.084136962890625 -0.103347778320313 -0.065185546875 -0.1483154296875
-0.114013671875 -0.0440673828125 -0.0316848754882813 -0.0363655090332031
-0.0933609008789063 0.0339889526367188 0.0121726989746094 -0.0521316528320313
-0.0573310852050781 0.0672950744628906 -0.00640106201171875 -0.0894927978515625
0.005523681640625 0.0929641723632813 -0.048309326171875 -0.100471496582031
0.035491943359375 0.0868606567382813 -0.100914001464844 -0.0917587280273437
0.031890869140625 0.08575439453125 -0.107170104980469 -0.0850067138671875
0.0414886474609375 0.0941619873046875 -0.104804992675781 -0.0888900756835938
0.00439453125 0.0917510986328125 -0.062347412109375 -0.117355346679688
-0.0529556274414063 0.0812911987304688 -0.0144577026367187 -0.116104125976563
-0.0880889892578125 0.0291976928710938 0.0430831909179687 -0.0765762329101563
-0.0917282104492188 -0.0609588623046875 0.0472221374511719 -0.0119361877441406
-0.0665359497070312 -0.097747802734375 -0.0329265594482422 -0.0180606842041016
-0.022674560546875 -0.14886474609375 -0.01324462890625 -0.0988006591796875
-0.0403900146484375 -0.0404167175292969 0.00317382812499999 -0.303802490234375
-0.0438461303710938 -0.0201072692871094 -0.080291748046875 -0.177703857421875
-0.0258312225341797 0.00245285034179687 -0.0438804626464844 -0.0411911010742187
-0.0136260986328125 0.0103473663330078 0.003936767578125 -0.0547370910644531
-0.0132074356079102 0.00616645812988281 -0.00145721435546875 -0.0886764526367188
-0.00977516174316406 0.0222358703613281 -0.052093505859375 -0.112113952636719
-0.00861358642578125 0.0310783386230469 -0.112907409667969 -0.108245849609375
-0.00555038452148438 0.0318317413330078 -0.118263244628906 -0.098236083984375
-0.00643157958984375 0.03955078125 -0.113349914550781 -0.109733581542969
-0.0207710266113281 0.0282611846923828 -0.0617294311523438 -0.130172729492187
-0.0359725952148438 0.0113067626953125 -0.00339508056640626 -0.115005493164063
-0.0265579223632813 -0.0134792327880859 0.0462646484375 -0.0726242065429687
-0.00724411010742188 -0.0303630828857422 0.0360450744628906 -0.0115127563476563
-0.00690460205078125 -0.0235309600830078 -0.0431556701660156 -0.041778564453125
-0.0122795104980469 -0.0469436645507812 -0.012725830078125 -0.141189575195313
0.0150299072265625 -0.077239990234375 0.0373077392578125 0.15032958984375
-0.0327987670898437 -0.0524559020996094 0.05303955078125 0.0592536926269531
-0.0673255920410156 -0.0100250244140625 -0.0257015228271484 -0.00424003601074219
-0.0432319641113281 0.0379257202148438 -0.05078125 0.0556373596191406
-0.00261306762695312 0.0590476989746094 -0.0237579345703125 0.10040283203125
0.0420722961425781 0.0363960266113281 0.0533905029296875 0.1214599609375
0.0567474365234375 0.0154571533203125 0.118827819824219 0.105072021484375
0.0446243286132813 0.0206489562988281 0.114601135253906 0.0891189575195312
0.0511970520019531 0.0208625793457031 0.103080749511719 0.100692749023438
0.0304298400878906 0.043853759765625 0.0577545166015625 0.104705810546875
-0.00844955444335938 0.05438232421875 0.0171890258789063 0.0729751586914063
-0.0553398132324219 0.0268402099609375 0.01507568359375 0.0509872436523438
-0.0569267272949219 -0.0352058410644531 0.0604667663574219 0.0639152526855469
-0.0217704772949219 -0.0621566772460937 0.099700927734375 0.168167114257812
0.0213661193847656 -0.0549392700195313 -0.004547119140625 0.31549072265625
0.00140380859375001 -0.174575805664062 0.0323257446289063 0.125526428222656
-0.0687332153320313 -0.122390747070313 0.04296875 0.0566825866699219
-0.138397216796875 -0.0516891479492187 -0.0199756622314453 -0.00741195678710938
-0.109992980957031 0.0539627075195313 -0.0441093444824219 0.0412635803222656
-0.042572021484375 0.108894348144531 -0.034271240234375 0.078125
0.0532684326171875 0.100067138671875 0.0361099243164063 0.10589599609375
0.094818115234375 0.06976318359375 0.09442138671875 0.0936050415039063
0.07745361328125 0.0738754272460938 0.0900726318359375 0.0736465454101562
0.0918350219726563 0.0759353637695313 0.0813217163085938 0.0835113525390625
0.0480194091796875 0.103866577148438 0.047515869140625 0.0767288208007813
-0.0291366577148438 0.116355895996094 0.0160789489746094 0.0440330505371094
-0.112007141113281 0.0633087158203125 0.0280532836914062 0.0329723358154297
-0.1356201171875 -0.0641326904296875 0.077850341796875 0.0567626953125
-0.08294677734375 -0.129600524902344 0.1046142578125 0.161346435546875
-0.000244140624999995 -0.158309936523438 0.00817871093749999 0.290618896484375
-0.01025390625 -0.249465942382812 0.0285720825195313 0.070404052734375
-0.0978851318359375 -0.180145263671875 0.0253753662109375 0.0358085632324219
-0.19671630859375 -0.087554931640625 -0.0181198120117188 -0.00932312011718751
-0.16650390625 0.06451416015625 -0.0322055816650391 0.0253200531005859
-0.08013916015625 0.146163940429688 -0.036895751953125 0.0462913513183594
0.0551605224609375 0.150436401367187 0.0172042846679688 0.0750045776367188
0.1177978515625 0.113288879394531 0.0573654174804688 0.0672225952148438
0.098114013671875 0.115104675292969 0.0518264770507813 0.047088623046875
0.120674133300781 0.117866516113281 0.046539306640625 0.0555191040039063
0.0625152587890625 0.148284912109375 0.0280609130859375 0.0379142761230469
-0.040924072265625 0.165603637695313 0.0100574493408203 0.00657749176025392
-0.151657104492188 0.099029541015625 0.0378341674804687 0.00757217407226563
-0.200546264648438 -0.076416015625 0.0888595581054687 0.0418014526367187
-0.138931274414062 -0.175048828125 0.0958328247070312 0.137619018554687
-0.025360107421875 -0.236328125 0.0137176513671875 0.232635498046875
-0.023895263671875 -0.287689208984375 0.0258846282958984 -0.00806427001953127
-0.120025634765625 -0.21240234375 0.00270056724548339 -0.0014476776123047
-0.233566284179688 -0.1063232421875 -0.0192184448242188 -0.0119781494140625
-0.201507568359375 0.0712738037109375 -0.0165071487426758 0.00655078887939454
-0.104446411132812 0.16497802734375 -0.0337276458740234 0.00736045837402344
0.050048828125 0.179519653320313 -0.00294876098632812 0.0305728912353516
0.122459411621094 0.139556884765625 0.0124053955078125 0.0286369323730469
0.105003356933594 0.138710021972656 0.00597858428955079 0.013331413269043
0.130966186523438 0.14215087890625 0.00365447998046876 0.0205268859863281
0.068328857421875 0.170654296875 0.000423908233642582 -0.00607538223266601
-0.0470428466796875 0.1915283203125 -0.00173187255859375 -0.0342845916748047
-0.16937255859375 0.120712280273438 0.0416145324707031 -0.0230751037597656
-0.235366821289062 -0.0765533447265625 0.0884552001953125 0.0225677490234375
-0.172927856445313 -0.193313598632813 0.069244384765625 0.100730895996094
-0.0446319580078125 -0.276657104492188 0.0105743408203125 0.151443481445312
-0.03680419921875 -0.28326416015625 0.0215835571289062 -0.0988006591796875
-0.128860473632812 -0.20855712890625 -0.0236587524414062 -0.0493888854980469
-0.233917236328125 -0.102005004882812 -0.022329330444336 -0.0178127288818359
-0.200225830078125 0.0712738037109375 -0.00164508819580079 -0.0152549743652344
-0.10784912109375 0.158721923828125 -0.0254936218261719 -0.034210205078125
0.0406341552734375 0.1785888671875 -0.02288818359375 -0.0204524993896484
0.109878540039063 0.143203735351563 -0.0337142944335937 -0.0151424407958984
0.09466552734375 0.141220092773438 -0.0407142639160156 -0.0224380493164063
0.120590209960938 0.145217895507813 -0.0419578552246094 -0.0172233581542969
0.0603790283203125 0.166778564453125 -0.0301856994628906 -0.0495758056640625
-0.05010986328125 0.1844482421875 -0.0153350830078125 -0.0715484619140625
-0.162078857421875 0.1158447265625 0.0400733947753906 -0.0508804321289062
-0.225967407226563 -0.0720672607421875 0.0770645141601562 0.00460052490234374
-0.170150756835938 -0.18365478515625 0.0308609008789062 0.05908203125
-0.0516204833984375 -0.274154663085938 -0.000202178955078128 0.0597991943359375
-0.047088623046875 -0.233779907226563 0.015045166015625 -0.186370849609375
-0.118377685546875 -0.168426513671875 -0.048583984375 -0.099395751953125
-0.1925048828125 -0.0771636962890625 -0.0273170471191406 -0.0263423919677734
-0.160675048828125 0.0598602294921875 0.00790023803710937 -0.0366287231445312
-0.0890579223632812 0.12530517578125 -0.0169944763183594 -0.0679283142089844
0.02703857421875 0.147186279296875 -0.0394172668457031 -0.0660552978515625
0.0817718505859375 0.123367309570313 -0.074371337890625 -0.0557861328125
0.0708541870117188 0.12200927734375 -0.0819091796875 -0.0546798706054687
0.0909576416015625 0.126907348632813 -0.0814666748046875 -0.05389404296875
0.0385665893554687 0.138153076171875 -0.0549545288085937 -0.0865554809570313
-0.0522613525390625 0.14495849609375 -0.0222625732421875 -0.0992431640625
-0.132820129394531 0.0820770263671875 0.0378189086914062 -0.0696220397949219
-0.173828125 -0.0681304931640625 0.0608291625976562 -0.00744628906250001
-0.130889892578125 -0.149154663085937 -0.00734519958496094 0.0183792114257812
-0.0443115234375 -0.228302001953125 -0.0109653472900391 -0.0279102325439453
-0.0489349365234375 -0.14874267578125 0.00448608398437498 -0.257461547851563
-0.0878524780273438 -0.100395202636719 -0.07061767578125 -0.142684936523438
-0.117080688476563 -0.039642333984375 -0.0348358154296875 -0.0337333679199219
-0.0927810668945313 0.0380859375 0.00878524780273437 -0.0508956909179688
-0.054840087890625 0.0704803466796875 -0.00975799560546875 -0.0871124267578125
0.0099029541015625 0.0917587280273438 -0.0513153076171875 -0.0976181030273437
0.040679931640625 0.08392333984375 -0.103530883789062 -0.0868911743164063
0.0362167358398438 0.0841293334960938 -0.110115051269531 -0.079803466796875
0.0459442138671875 0.090484619140625 -0.107719421386719 -0.084381103515625
0.00903320312499999 0.0898284912109375 -0.0669631958007813 -0.113502502441406
-0.0490798950195313 0.0832672119140625 -0.0191650390625 -0.113296508789062
-0.08636474609375 0.0336685180664063 0.039031982421875 -0.0771636962890625
-0.095123291015625 -0.0569305419921875 0.0462150573730469 -0.0121726989746094
-0.069488525390625 -0.0944442749023438 -0.0342655181884766 -0.0149669647216797
-0.0292816162109375 -0.148666381835937 -0.01837158203125 -0.0970458984375
-0.0408706665039062 -0.0403709411621094 -0.00903320312499998 -0.30059814453125
-0.0447654724121094 -0.0198440551757812 -0.0881500244140625 -0.171859741210938
-0.0275115966796875 0.00269126892089844 -0.0462608337402344 -0.0381202697753906
-0.0141229629516602 0.0112180709838867 0.000541687011718745 -0.0532073974609375
-0.0136289596557617 0.00722980499267578 -0.0050506591796875 -0.0870590209960938
-0.00890922546386719 0.0228538513183594 -0.055908203125 -0.109550476074219
-0.00579452514648438 0.0314960479736328 -0.115928649902344 -0.102180480957031
-0.00354766845703125 0.032073974609375 -0.122283935546875 -0.092926025390625
-0.004180908203125 0.0394935607910156 -0.116737365722656 -0.103561401367187
-0.0186843872070313 0.0293846130371094 -0.066680908203125 -0.125938415527344
-0.034881591796875 0.0139007568359375 -0.00866699218749999 -0.113189697265625
-0.0274715423583984 -0.0115547180175781 0.0419845581054688 -0.07379150390625
-0.00998687744140625 -0.0308570861816406 0.034454345703125 -0.0122013092041016
-0.00834274291992188 -0.0236606597900391 -0.0455665588378906 -0.0382575988769531
-0.0146446228027344 -0.0474433898925781 -0.0196456909179687 -0.139877319335937
0.0126113891601562 -0.0753402709960938 0.0401763916015625 0.150588989257813
-0.0322303771972656 -0.0511093139648438 0.0551376342773438 0.057891845703125
-0.0656166076660156 -0.008819580078125 -0.0253143310546875 -0.00459480285644531
-0.0418624877929687 0.0379180908203125 -0.0489501953125 0.0554618835449219
-0.000637054443359378 0.0580291748046875 -0.0214385986328125 0.100357055664063
0.041656494140625 0.0340957641601563 0.054443359375 0.119026184082031
0.0555610656738281 0.0134124755859375 0.119781494140625 0.1019287109375
0.0433731079101563 0.0194511413574219 0.115585327148438 0.087646484375
0.050048828125 0.0190010070800781 0.104598999023438 0.09918212890625
0.0305557250976563 0.0423049926757813 0.0585250854492187 0.103477478027344
-0.00714111328124999 0.0528030395507812 0.0175094604492187 0.0727386474609375
-0.0539398193359375 0.0280838012695313 0.0162620544433594 0.050994873046875
-0.0566291809082031 -0.0325241088867188 0.0609664916992188 0.0612640380859375
-0.0225906372070313 -0.0598373413085938 0.102127075195313 0.163406372070312
0.0195846557617187 -0.0546493530273438 0.00109863281249998 0.313079833984375
-0.00265502929687499 -0.173171997070312 0.0354232788085938 0.126716613769531
-0.0685958862304688 -0.119735717773438 0.0454444885253906 0.0558319091796875
-0.137153625488281 -0.0483932495117188 -0.0205402374267578 -0.0074615478515625
-0.107414245605469 0.0549697875976562 -0.0426788330078125 0.0414199829101563
-0.0396804809570312 0.108726501464844 -0.0324783325195313 0.0786666870117188
0.0544281005859375 0.0962142944335937 0.0378036499023438 0.103828430175781
0.0943984985351563 0.065460205078125 0.0955886840820313 0.091064453125
0.077606201171875 0.0715713500976563 0.0907058715820313 0.0722885131835938
0.0920333862304688 0.0718765258789063 0.0832748413085938 0.0823898315429688
0.0494003295898437 0.100860595703125 0.0484695434570312 0.0761871337890625
-0.026153564453125 0.115013122558594 0.015869140625 0.0435447692871094
-0.110015869140625 0.0652542114257812 0.0287513732910156 0.0333690643310547
-0.135139465332031 -0.059814453125 0.0783920288085937 0.0549545288085937
-0.0835647583007813 -0.125930786132813 0.106689453125 0.157196044921875
-0.00343322753906249 -0.157318115234375 0.01251220703125 0.287506103515625
-0.0157470703125 -0.247314453125 0.0304489135742188 0.0720443725585937
-0.0989990234375 -0.177261352539062 0.0278739929199219 0.0357208251953125
-0.196868896484375 -0.0830841064453125 -0.019012451171875 -0.00889587402343751
-0.163909912109375 0.0667724609375 -0.0314311981201172 0.0261363983154297
-0.0763092041015625 0.146957397460938 -0.0356674194335938 0.0483055114746094
0.0579681396484375 0.146499633789062 0.0188369750976563 0.0732498168945313
0.119010925292969 0.10784912109375 0.0584220886230469 0.0648345947265625
0.099517822265625 0.112167358398438 0.0520668029785156 0.045928955078125
0.12176513671875 0.113121032714844 0.0485305786132813 0.0548858642578125
0.0651702880859375 0.144027709960938 0.0282630920410156 0.037750244140625
-0.0371551513671875 0.164016723632812 0.00915718078613281 0.0067281723022461
-0.149398803710938 0.10150146484375 0.0380401611328125 0.00769424438476563
-0.200149536132813 -0.0712738037109375 0.0889205932617187 0.0403213500976562
-0.14007568359375 -0.169967651367188 0.0968780517578125 0.134666442871094
-0.0294342041015625 -0.235427856445313 0.0171051025390625 0.230392456054687
-0.028656005859375 -0.28631591796875 0.0264167785644531 -0.00605773925781252
-0.121566772460938 -0.209609985351562 0.00463008880615234 -0.000620365142822278
-0.23455810546875 -0.101089477539063 -0.0204658508300781 -0.0117759704589844
-0.198638916015625 0.074188232421875 -0.0167455673217774 0.00782871246337891
-0.100723266601563 0.1669921875 -0.0327930450439453 0.00966453552246095
0.05364990234375 0.175018310546875 -0.00146865844726562 0.0294284820556641
0.124748229980469 0.133949279785156 0.0137443542480469 0.0283699035644531
0.106895446777344 0.136054992675781 0.00582981109619141 0.012913703918457
0.132637023925781 0.137107849121094 0.00487518310546876 0.0201129913330078
0.070709228515625 0.16619873046875 -0.000168323516845698 -0.00592327117919921
-0.0427093505859375 0.190322875976563 -0.00353622436523438 -0.0330657958984375
-0.16656494140625 0.12335205078125 0.0404853820800781 -0.0222625732421875
-0.235260009765625 -0.0712127685546875 0.0880355834960937 0.0216064453125
-0.17303466796875 -0.18804931640625 0.0702056884765625 0.099212646484375
-0.049072265625 -0.276168823242188 0.0120849609375 0.149871826171875
-0.041534423828125 -0.282196044921875 0.0202102661132813 -0.0967254638671875
-0.130767822265625 -0.206527709960938 -0.0229225158691406 -0.0482330322265625
-0.236114501953125 -0.0976409912109375 -0.0240917205810547 -0.0169906616210938
-0.198196411132813 0.07464599609375 -0.00218963623046876 -0.0143651962280273
-0.104171752929688 0.161331176757813 -0.0255832672119141 -0.0316753387451172
0.0438079833984375 0.174468994140625 -0.0217151641845703 -0.0204505920410156
0.113044738769531 0.138381958007813 -0.0330448150634766 -0.0142021179199219
0.09716796875 0.138458251953125 -0.0418014526367187 -0.0214881896972656
0.122634887695313 0.140327453613281 -0.0409774780273438 -0.0168113708496094
0.06329345703125 0.162582397460938 -0.0308303833007812 -0.0482139587402344
-0.0455322265625 0.183685302734375 -0.0168342590332031 -0.0700836181640625
-0.15960693359375 0.118484497070313 0.0384178161621094 -0.0504112243652344
-0.226333618164062 -0.0682220458984375 0.0770721435546875 0.004241943359375
-0.170761108398437 -0.179107666015625 0.0315055847167969 0.0586013793945312
-0.0556640625 -0.273635864257813 0.0004425048828125 0.0588493347167969
-0.0498199462890625 -0.233749389648438 0.012237548828125 -0.183425903320313
-0.120437622070313 -0.1669921875 -0.0491867065429687 -0.0974273681640625
-0.195098876953125 -0.0733489990234375 -0.0291118621826172 -0.0247383117675781
-0.159561157226562 0.0629730224609375 0.00680160522460937 -0.0349235534667969
-0.086944580078125 0.127410888671875 -0.0177078247070313 -0.0659408569335937
0.029876708984375 0.1444091796875 -0.0390396118164063 -0.0658378601074218
0.084930419921875 0.119461059570312 -0.07415771484375 -0.0542373657226562
0.0731658935546875 0.119735717773438 -0.0826644897460938 -0.053863525390625
0.0931472778320313 0.123481750488281 -0.0808029174804688 -0.052581787109375
0.0411911010742187 0.135162353515625 -0.0559616088867188 -0.0851058959960937
-0.0487213134765625 0.144973754882813 -0.0246658325195313 -0.0973434448242187
-0.131294250488281 0.08447265625 0.0361480712890625 -0.069091796875
-0.174758911132813 -0.064971923828125 0.0602264404296875 -0.00705337524414063
-0.131210327148438 -0.145309448242188 -0.00720405578613282 0.0194168090820312
-0.0478973388671875 -0.228271484375 -0.0125770568847656 -0.0281639099121094
-0.05047607421875 -0.149139404296875 0.000534057617187477 -0.254989624023438
-0.0895309448242188 -0.10015869140625 -0.072662353515625 -0.139495849609375
-0.119224548339844 -0.0374374389648437 -0.036407470703125 -0.0320854187011719
-0.092193603515625 0.0401611328125 0.00751495361328124 -0.0488929748535156
-0.0537261962890625 0.072418212890625 -0.0111083984375 -0.0852890014648438
0.0118789672851563 0.0897750854492188 -0.0513458251953125 -0.096771240234375
0.0433273315429688 0.0820999145507813 -0.104034423828125 -0.0846328735351563
0.038238525390625 0.0830535888671875 -0.111473083496094 -0.0778579711914063
0.047882080078125 0.0885391235351563 -0.10797119140625 -0.082305908203125
0.0111770629882813 0.0882720947265625 -0.0683517456054688 -0.110862731933594
-0.0461578369140625 0.0843658447265625 -0.0217132568359375 -0.111175537109375
-0.086029052734375 0.0354690551757813 0.036712646484375 -0.076171875
-0.0960006713867188 -0.0554428100585938 0.0450630187988281 -0.0115203857421875
-0.0702743530273438 -0.0927200317382812 -0.0344181060791016 -0.0132255554199219
-0.0317840576171875 -0.149200439453125 -0.0203475952148438 -0.0969696044921875
-0.0405464172363281 -0.0412864685058594 -0.013824462890625 -0.297882080078125
-0.0453300476074219 -0.0199012756347656 -0.0911712646484375 -0.168594360351562
-0.028961181640625 0.002716064453125 -0.0478286743164063 -0.0357513427734375
-0.0148305892944336 0.0120735168457031 -0.000503540039062499 -0.0514564514160156
-0.0141124725341797 0.0077056884765625 -0.006256103515625 -0.0861358642578125
-0.00810432434082031 0.0230255126953125 -0.0558395385742188 -0.108161926269531
-0.00401687622070313 0.0314884185791016 -0.117156982421875 -0.0993499755859375
-0.00219154357910157 0.0326423645019531 -0.123558044433594 -0.0906906127929688
-0.002471923828125 0.0392265319824219 -0.1177978515625 -0.1014404296875
-0.0172538757324219 0.0293712615966797 -0.0679779052734375 -0.123428344726562
-0.0340385437011719 0.0158271789550781 -0.0106887817382812 -0.111442565917969
-0.0284404754638672 -0.0104084014892578 0.0398330688476563 -0.0734481811523438
-0.0118179321289063 -0.0312461853027344 0.0333118438720703 -0.0115928649902344
-0.00922584533691406 -0.0243091583251953 -0.0463676452636719 -0.0357933044433594
-0.0156402587890625 -0.0486793518066406 -0.022247314453125 -0.139022827148438
0.0119705200195313 -0.0753173828125 0.04205322265625 0.154037475585937
-0.0316581726074219 -0.0511436462402344 0.0569686889648438 0.0580406188964844
-0.0655670166015625 -0.00952529907226564 -0.0257015228271484 -0.00523567199707032
-0.0413856506347656 0.0370674133300781 -0.0493621826171875 0.0557746887207031
5.34057617187509E-05 0.058135986328125 -0.0215988159179688 0.101310729980469
0.0419654846191406 0.0330734252929688 0.0546340942382813 0.120018005371094
0.0546798706054688 0.0121612548828125 0.121109008789063 0.102546691894531
0.0433235168457031 0.0192337036132813 0.117668151855469 0.0890045166015625
0.0499153137207031 0.0178031921386719 0.106910705566406 0.1009521484375
0.0306167602539062 0.0417823791503906 0.0589752197265625 0.105438232421875
-0.00692367553710938 0.0524940490722656 0.0177078247070313 0.0734329223632813
-0.0542793273925781 0.0286178588867188 0.0170249938964844 0.0518760681152344
-0.0561180114746094 -0.0316009521484375 0.0612983703613281 0.0614852905273438
-0.0228805541992188 -0.0587654113769531 0.10296630859375 0.16448974609375
0.0192451477050781 -0.0544319152832031 0.00143432617187502 0.3162841796875
-0.00321960449218749 -0.173507690429688 0.0374832153320313 0.130584716796875
-0.0679473876953125 -0.121238708496094 0.0478172302246094 0.0564460754394531
-0.138092041015625 -0.04852294921875 -0.0214805603027344 -0.00755882263183593
-0.107940673828125 0.0549697875976563 -0.0429534912109375 0.0421066284179688
-0.039276123046875 0.110305786132813 -0.0321578979492188 0.080291748046875
0.0550079345703125 0.09521484375 0.0379486083984375 0.104804992675781
0.0948333740234375 0.0640106201171875 0.0970458984375 0.0916213989257813
0.0779800415039063 0.0721969604492188 0.0920333862304688 0.07379150390625
0.0930709838867188 0.0711441040039063 0.08526611328125 0.0839996337890625
0.0501708984375 0.100334167480469 0.048370361328125 0.0776901245117188
-0.026123046875 0.115257263183594 0.0156211853027344 0.044586181640625
-0.111473083496094 0.0665969848632812 0.0294284820556641 0.0344429016113281
-0.136329650878906 -0.0599517822265625 0.0792236328125 0.05511474609375
-0.0838470458984375 -0.125556945800781 0.107757568359375 0.15814208984375
-0.004608154296875 -0.159194946289063 0.0126953125 0.29150390625
-0.016082763671875 -0.249984741210938 0.0319976806640625 0.0755386352539062
-0.0989227294921875 -0.17987060546875 0.0300064086914062 0.0369186401367187
-0.19940185546875 -0.083465576171875 -0.0208263397216797 -0.00877189636230469
-0.165283203125 0.0675048828125 -0.0314311981201172 0.0268154144287109
-0.076568603515625 0.149658203125 -0.0354080200195313 0.0498275756835938
0.0584869384765625 0.145950317382813 0.0189056396484375 0.07354736328125
0.119827270507813 0.106636047363281 0.0596084594726563 0.0652427673339844
0.10101318359375 0.1134033203125 0.0530548095703125 0.0471115112304688
0.123222351074219 0.112884521484375 0.0502357482910156 0.0559768676757813
0.065887451171875 0.143722534179688 0.0278739929199219 0.0391731262207031
-0.036224365234375 0.165390014648438 0.00833940505981445 0.00723791122436524
-0.151458740234375 0.103851318359375 0.0387191772460937 0.00822067260742188
-0.203292846679688 -0.0713653564453126 0.0905685424804687 0.0408401489257812
-0.140350341796875 -0.171051025390625 0.0975112915039063 0.135498046875
-0.0305633544921875 -0.239456176757812 0.01654052734375 0.233047485351562
-0.030364990234375 -0.290618896484375 0.0276737213134766 -0.00400924682617189
-0.122360229492187 -0.213531494140625 0.0063190460205078 9.05990600585807E-05
-0.239120483398438 -0.101974487304687 -0.0227146148681641 -0.0111732482910156
-0.20111083984375 0.07586669921875 -0.0169544219970703 0.00902271270751954
-0.101181030273438 0.170684814453125 -0.0329189300537109 0.0115871429443359
0.054595947265625 0.174774169921875 -0.000879287719726557 0.0289764404296875
0.127395629882813 0.133140563964844 0.0147113800048828 0.0281028747558594
0.108619689941406 0.137481689453125 0.00522804260253907 0.0134048461914063
0.134674072265625 0.136505126953125 0.00613594055175782 0.0202388763427734
0.0724029541015625 0.165435791015625 -0.000771045684814448 -0.00542259216308593
-0.04180908203125 0.191970825195313 -0.0043792724609375 -0.0331249237060547
-0.169204711914063 0.125747680664063 0.0412559509277344 -0.0216331481933594
-0.238754272460937 -0.0724639892578125 0.0895538330078125 0.0219650268554687
-0.173675537109375 -0.190017700195313 0.07073974609375 0.100074768066406
-0.049957275390625 -0.281494140625 0.0121002197265625 0.151351928710937
-0.042755126953125 -0.28729248046875 0.0210800170898437 -0.095855712890625
-0.132034301757813 -0.211380004882813 -0.0218696594238281 -0.0479240417480469
-0.241409301757813 -0.0987091064453125 -0.0263481140136719 -0.0160865783691406
-0.201171875 0.0762481689453125 -0.00248908996582032 -0.0124950408935547
-0.105316162109375 0.16534423828125 -0.0252456665039062 -0.0306777954101562
0.0449676513671875 0.174667358398438 -0.0212116241455078 -0.0215721130371094
0.115272521972656 0.137550354003906 -0.0329551696777344 -0.0148048400878906
0.0998153686523438 0.140251159667969 -0.0425643920898437 -0.0217552185058594
0.12469482421875 0.139762878417969 -0.0409164428710937 -0.0172386169433594
0.0641937255859375 0.162933349609375 -0.0317344665527344 -0.0488662719726563
-0.04473876953125 0.186004638671875 -0.0180549621582031 -0.0701026916503906
-0.16204833984375 0.120330810546875 0.0386505126953125 -0.0496253967285156
-0.229629516601562 -0.069000244140625 0.0786666870117187 0.00483703613281249
-0.1712646484375 -0.181411743164063 0.0316390991210937 0.0596542358398437
-0.05706787109375 -0.278839111328125 -0.000377655029296885 0.0593338012695312
-0.0506134033203125 -0.238677978515625 0.012481689453125 -0.184967041015625
-0.12188720703125 -0.170989990234375 -0.0491485595703125 -0.0976715087890625
-0.199691772460938 -0.074432373046875 -0.0310192108154297 -0.0234260559082031
-0.162216186523438 0.0648651123046875 0.00664901733398436 -0.0340423583984375
-0.0878067016601563 0.130867004394531 -0.0177574157714844 -0.0655555725097656
0.0304718017578125 0.145004272460938 -0.0388145446777344 -0.0669784545898437
0.087158203125 0.118988037109375 -0.07470703125 -0.0552749633789062
0.0753936767578125 0.121315002441406 -0.0844955444335938 -0.0547103881835938
0.0951080322265625 0.123519897460937 -0.0816650390625 -0.0537033081054687
0.041961669921875 0.13519287109375 -0.0571975708007813 -0.0857009887695312
-0.0476837158203125 0.147201538085937 -0.0251922607421875 -0.0979843139648437
-0.133476257324219 0.0856704711914063 0.0360679626464844 -0.0691642761230469
-0.177597045898438 -0.0661773681640625 0.0616455078125 -0.00669479370117188
-0.132110595703125 -0.147628784179688 -0.00782012939453126 0.0199680328369141
-0.04864501953125 -0.233306884765625 -0.0127925872802734 -0.0292224884033203
-0.050933837890625 -0.153045654296875 9.15527343749719E-05 -0.257492065429688
-0.0912246704101562 -0.103446960449219 -0.073455810546875 -0.141082763671875
-0.123390197753906 -0.0376815795898437 -0.0380287170410156 -0.0305938720703125
-0.094482421875 0.0412750244140625 0.00772094726562499 -0.0483932495117187
-0.05450439453125 0.0746612548828125 -0.0106201171875 -0.08563232421875
0.0118255615234375 0.0907745361328125 -0.0506439208984375 -0.0985946655273437
0.0455474853515625 0.0818328857421875 -0.105133056640625 -0.0855636596679688
0.0401229858398437 0.0836944580078125 -0.113883972167969 -0.07904052734375
0.0497589111328125 0.0888748168945312 -0.109092712402344 -0.08380126953125
0.0113906860351562 0.0884323120117187 -0.0688552856445312 -0.112106323242188
-0.0455245971679687 0.0860061645507813 -0.02203369140625 -0.111930847167969
-0.0878829956054688 0.03643798828125 0.0365447998046875 -0.0766143798828125
-0.0987548828125 -0.056610107421875 0.0462646484375 -0.0110969543457031
-0.0708389282226562 -0.0947265625 -0.0350360870361328 -0.0126304626464844
-0.032745361328125 -0.1529541015625 -0.0209732055664063 -0.0986328125
-0.0403251647949219 -0.0437240600585938 -0.0145263671875 -0.301025390625
-0.0465087890625 -0.0212249755859375 -0.0931243896484375 -0.170730590820312
-0.030426025390625 0.00222778320312499 -0.0487098693847656 -0.0342445373535156
-0.0159082412719727 0.0126791000366211 -0.000984191894531253 -0.0510063171386719
-0.0150413513183594 0.00898265838623047 -0.0061492919921875 -0.0871658325195313
-0.00856208801269531 0.0234298706054688 -0.0564651489257813 -0.110145568847656
-0.00278472900390625 0.0321502685546875 -0.118751525878906 -0.101287841796875
-0.00126838684082031 0.0327243804931641 -0.125640869140625 -0.0924911499023438
-0.00172805786132813 0.0405082702636719 -0.120368957519531 -0.102973937988281
-0.0170211791992188 0.0296001434326172 -0.0687942504882813 -0.124374389648438
-0.0335922241210937 0.0171222686767578 -0.0107040405273438 -0.112060546875
-0.0294342041015625 -0.0101699829101563 0.0393753051757813 -0.0736923217773438
-0.0131855010986328 -0.0322818756103516 0.0338897705078125 -0.0110912322998047
-0.0100173950195313 -0.0252685546875 -0.0474052429199219 -0.0354690551757812
-0.0159835815429688 -0.0509605407714844 -0.02349853515625 -0.14166259765625
0.012054443359375 -0.0758056640625 0.0461273193359375 0.16015625
-0.0314216613769531 -0.0525093078613281 0.0607223510742188 0.0600776672363281
-0.066680908203125 -0.00941848754882813 -0.0273361206054688 -0.00561141967773437
-0.0425682067871094 0.0377731323242187 -0.0504570007324219 0.0574073791503906
0.00115966796875 0.0593223571777344 -0.0215377807617188 0.104911804199219
0.0432929992675781 0.0324630737304688 0.0561599731445313 0.123443603515625
0.0550460815429688 0.011962890625 0.12628173828125 0.104751586914062
0.0440559387207031 0.0192718505859375 0.123573303222656 0.0921096801757812
0.0514373779296875 0.0173072814941406 0.112342834472656 0.104713439941406
0.0316619873046875 0.0420913696289063 0.0616226196289063 0.109588623046875
-0.00669097900390625 0.0536422729492188 0.0188674926757813 0.0761795043945313
-0.0555801391601563 0.0304107666015625 0.01849365234375 0.0539627075195313
-0.0575752258300781 -0.0315093994140625 0.0638542175292969 0.0627212524414063
-0.0235939025878906 -0.0590858459472656 0.107421875 0.168060302734375
0.0186347961425781 -0.0560646057128906 0.00363159179687501 0.326568603515625
-0.0048675537109375 -0.178787231445313 0.0409011840820312 0.136863708496094
-0.0700454711914063 -0.125259399414063 0.05120849609375 0.0581741333007812
-0.143280029296875 -0.0492401123046875 -0.0233936309814453 -0.0075836181640625
-0.111427307128906 0.0570602416992187 -0.0435142517089844 0.0436248779296875
-0.0390625 0.114006042480469 -0.0323562622070313 0.0837554931640625
0.0574951171875 0.0962371826171875 0.040130615234375 0.108001708984375
0.0974960327148438 0.0640182495117187 0.1015625 0.093719482421875
0.0811233520507812 0.0737686157226563 0.0969314575195313 0.076904296875
0.0962142944335938 0.071624755859375 0.0908660888671875 0.08709716796875
0.0521621704101563 0.102302551269531 0.0502700805664063 0.0809783935546875
-0.0257644653320313 0.118736267089844 0.0151519775390625 0.0461654663085938
-0.114822387695312 0.0702667236328125 0.0315170288085937 0.0358161926269531
-0.141403198242187 -0.0605621337890625 0.0827560424804687 0.0560150146484375
-0.0868072509765625 -0.128662109375 0.112640380859375 0.162429809570313
-0.00579833984374999 -0.165359497070313 0.01507568359375 0.301116943359375
-0.020050048828125 -0.258895874023438 0.0351486206054688 0.0799179077148438
-0.10205078125 -0.186447143554687 0.033111572265625 0.0386619567871094
-0.207748413085938 -0.0848541259765625 -0.0232677459716797 -0.00838851928710938
-0.170684814453125 0.0705718994140625 -0.0319061279296875 0.0288600921630859
-0.0767822265625 0.156265258789063 -0.0359001159667969 0.0526008605957031
0.0619354248046875 0.148178100585938 0.0201797485351563 0.0755462646484375
0.124717712402344 0.107337951660156 0.0629730224609375 0.06689453125
0.105873107910156 0.116455078125 0.0554313659667969 0.0490951538085938
0.128410339355469 0.114471435546875 0.0537567138671875 0.0576400756835938
0.069000244140625 0.146636962890625 0.0285987854003906 0.0411033630371094
-0.035980224609375 0.170745849609375 0.00757408142089843 0.00817012786865235
-0.157089233398438 0.10882568359375 0.0406570434570312 0.00916671752929688
-0.210281372070313 -0.0727691650390625 0.0945053100585937 0.0412445068359375
-0.14471435546875 -0.176132202148438 0.102043151855469 0.139183044433594
-0.0333709716796875 -0.248764038085938 0.01922607421875 0.24127197265625
-0.0340576171875 -0.3016357421875 0.0293750762939453 -0.00207138061523439
-0.1273193359375 -0.221847534179688 0.00782728195190429 0.000737190246582018
-0.250137329101563 -0.103591918945312 -0.0256023406982422 -0.00986862182617189
-0.207626342773438 0.080108642578125 -0.0169181823730469 0.0101699829101563
-0.102813720703125 0.17840576171875 -0.0330104827880859 0.0132122039794922
0.0579833984375 0.178878784179687 -0.000728607177734369 0.0291576385498047
0.132392883300781 0.134414672851563 0.0158958435058594 0.0284805297851563
0.114578247070312 0.141357421875 0.00515842437744141 0.0142908096313477
0.140823364257813 0.13946533203125 0.00705718994140626 0.0209407806396484
0.0757598876953125 0.169937133789063 -0.00127696990966796 -0.00510454177856444
-0.0410919189453125 0.198715209960937 -0.0054473876953125 -0.0332546234130859
-0.174972534179688 0.132522583007813 0.0430984497070312 -0.0219192504882812
-0.247833251953125 -0.0733795166015625 0.0936355590820312 0.0220184326171875
-0.180023193359375 -0.1959228515625 0.073486328125 0.1031494140625
-0.05413818359375 -0.292694091796875 0.0127716064453125 0.15643310546875
-0.046661376953125 -0.2991943359375 0.021942138671875 -0.0976715087890625
-0.1385498046875 -0.22015380859375 -0.0218620300292969 -0.04852294921875
-0.253158569335938 -0.099884033203125 -0.0292625427246094 -0.0142822265625
-0.207962036132812 0.0810546875 -0.00247383117675783 -0.0116424560546875
-0.10784912109375 0.173919677734375 -0.0265293121337891 -0.0302963256835937
0.0474853515625 0.179214477539063 -0.0216655731201172 -0.0231285095214844
0.121269226074219 0.138259887695313 -0.0336685180664062 -0.0157222747802734
0.105270385742188 0.144805908203125 -0.045379638671875 -0.0224456787109375
0.131072998046875 0.142990112304688 -0.0419540405273437 -0.0182609558105469
0.0675506591796875 0.165985107421875 -0.0337753295898437 -0.0500640869140625
-0.0438385009765625 0.1925048828125 -0.0202178955078125 -0.0710678100585938
-0.168075561523437 0.126632690429688 0.04022216796875 -0.0508613586425781
-0.23956298828125 -0.07073974609375 0.0819625854492187 0.00384521484375
-0.177230834960938 -0.1868896484375 0.0331306457519531 0.0613441467285156
-0.061187744140625 -0.29132080078125 -0.000370025634765627 0.0604400634765625
-0.054046630859375 -0.249420166015625 0.0119476318359375 -0.190902709960938
-0.127944946289062 -0.178817749023437 -0.0511398315429688 -0.100578308105469
-0.210037231445313 -0.07513427734375 -0.0340099334716797 -0.0223617553710938
-0.168045043945313 0.069122314453125 0.00661277770996093 -0.0342025756835937
-0.0902557373046875 0.138313293457031 -0.0182418823242188 -0.0664558410644531
0.0326690673828125 0.149017333984375 -0.0396652221679688 -0.0702972412109375
0.0917587280273438 0.120574951171875 -0.077545166015625 -0.0572891235351563
0.0802078247070313 0.125541687011719 -0.0887680053710938 -0.0561676025390625
0.099945068359375 0.126106262207031 -0.0852203369140625 -0.0560989379882812
0.0441207885742187 0.138397216796875 -0.060028076171875 -0.088287353515625
-0.047149658203125 0.15313720703125 -0.0273895263671875 -0.100372314453125
-0.138984680175781 0.0906753540039063 0.0366744995117187 -0.070892333984375
-0.185760498046875 -0.067779541015625 0.0644111633300781 -0.00719070434570313
-0.137115478515625 -0.152877807617187 -0.00813484191894532 0.0210781097412109
-0.0521392822265625 -0.243316650390625 -0.0145111083984375 -0.0308494567871094
-0.0536041259765625 -0.160614013671875 -0.00163269042968749 -0.265960693359375
-0.0958709716796875 -0.107627868652344 -0.0773468017578125 -0.144821166992188
-0.129692077636719 -0.0384674072265625 -0.0401573181152344 -0.0295677185058594
-0.0977325439453125 0.044708251953125 0.00727462768554687 -0.0488662719726563
-0.056640625 0.07989501953125 -0.0118026733398438 -0.0885086059570312
0.0132598876953125 0.0936508178710938 -0.0529708862304688 -0.102607727050781
0.04876708984375 0.0835800170898438 -0.109703063964844 -0.0886459350585937
0.0431442260742188 0.0864791870117188 -0.119415283203125 -0.0820465087890625
0.0527877807617188 0.0914154052734375 -0.114334106445313 -0.0872116088867187
0.0131378173828125 0.0910720825195312 -0.0726089477539062 -0.115921020507813
-0.0451736450195312 0.0900726318359375 -0.0238800048828125 -0.114669799804687
-0.0914535522460938 0.0390167236328125 0.0370254516601563 -0.079010009765625
-0.104347229003906 -0.0588912963867188 0.0482597351074219 -0.0114212036132813
-0.0737533569335938 -0.09832763671875 -0.0365943908691406 -0.0120086669921875
-0.034576416015625 -0.159744262695312 -0.0235977172851563 -0.102912902832031
-0.0415763854980469 -0.0471725463867187 -0.01751708984375 -0.311004638671875
-0.0493431091308594 -0.0230026245117188 -0.0979156494140625 -0.175430297851563
-0.0332813262939453 0.00291824340820312 -0.0500411987304687 -0.0339393615722656
-0.0167179107666016 0.0141267776489258 -0.00157928466796875 -0.0519218444824219
-0.0160379409790039 0.0103063583374023 -0.00662994384765624 -0.0901412963867188
-0.00913619995117187 0.0250759124755859 -0.0582275390625 -0.114356994628906
-0.00193023681640625 0.0325489044189453 -0.123809814453125 -0.104408264160156
-0.000623703002929684 0.0343723297119141 -0.132209777832031 -0.0954742431640625
-0.000873565673828122 0.0422935485839844 -0.126144409179688 -0.106163024902344
-0.0170192718505859 0.0313167572021484 -0.07208251953125 -0.128829956054688
-0.0339279174804688 0.0185737609863281 -0.0115509033203125 -0.115310668945313
-0.0310878753662109 -0.00935935974121094 0.03961181640625 -0.0765533447265625
-0.0158767700195312 -0.0336875915527344 0.0355148315429688 -0.0116233825683594
-0.0105781555175781 -0.0272617340087891 -0.0491790771484375 -0.0357322692871094
-0.0173225402832031 -0.0539894104003906 -0.025848388671875 -0.14703369140625
0.0103378295898438 -0.078521728515625 0.054412841796875 0.167282104492188
-0.0332679748535156 -0.0534095764160156 0.0662040710449219 0.060638427734375
-0.0690345764160156 -0.00823974609375001 -0.0292205810546875 -0.00501441955566407
-0.0433769226074219 0.0394363403320313 -0.0499954223632812 0.0613212585449219
0.00411605834960938 0.0603790283203125 -0.0183639526367187 0.110038757324219
0.0456962585449219 0.0307044982910156 0.061737060546875 0.127128601074219
0.0566368103027344 0.00990676879882813 0.134963989257813 0.10565185546875
0.0462379455566406 0.0187568664550781 0.132553100585938 0.0928573608398438
0.0532341003417969 0.0154190063476563 0.122787475585938 0.106819152832031
0.0339927673339844 0.0421562194824219 0.0675811767578125 0.113212585449219
-0.0054473876953125 0.0552101135253906 0.021514892578125 0.0788497924804688
-0.0570297241210938 0.0338783264160156 0.0218315124511719 0.0550994873046875
-0.0595283508300781 -0.0304183959960938 0.0689239501953125 0.0630073547363281
-0.0263481140136719 -0.0595970153808594 0.117050170898438 0.171401977539063
0.0169944763183594 -0.0586471557617188 0.014373779296875 0.340545654296875
-0.0111083984375 -0.185775756835938 0.0485687255859375 0.14251708984375
-0.07537841796875 -0.128578186035156 0.0563507080078125 0.0593795776367187
-0.150619506835937 -0.0469818115234375 -0.0264091491699219 -0.00663566589355469
-0.114326477050781 0.0618667602539063 -0.043212890625 0.0473442077636719
-0.0358657836914063 0.11962890625 -0.0303268432617187 0.0886611938476563
0.062530517578125 0.0961837768554688 0.0440444946289063 0.110641479492188
0.102622985839844 0.0622100830078125 0.109588623046875 0.0941848754882812
0.0872955322265625 0.0739364624023438 0.104454040527344 0.077667236328125
0.102546691894531 0.070068359375 0.0989151000976563 0.089019775390625
0.0573043823242187 0.103355407714844 0.0549774169921875 0.0841445922851563
-0.0227432250976563 0.123703002929688 0.0167732238769531 0.0485763549804688
-0.1180419921875 0.077728271484375 0.0347785949707031 0.0369110107421875
-0.148056030273438 -0.058624267578125 0.0882720947265625 0.0552597045898438
-0.093353271484375 -0.131118774414063 0.12200927734375 0.164993286132813
-0.0121307373046875 -0.172592163085938 0.02484130859375 0.313690185546875
-0.0292816162109375 -0.269439697265625 0.0408554077148438 0.0840988159179687
-0.111312866210937 -0.192306518554687 0.0377273559570312 0.0392379760742187
-0.220352172851562 -0.0814208984375 -0.0264110565185547 -0.00605583190917969
-0.17559814453125 0.078765869140625 -0.0317058563232422 0.0312118530273438
-0.0741729736328125 0.165679931640625 -0.0349502563476563 0.0570602416992188
0.0686492919921875 0.150436401367188 0.0234527587890625 0.0774612426757813
0.132499694824219 0.105842590332031 0.0681915283203125 0.0676803588867188
0.114524841308594 0.118278503417969 0.059600830078125 0.0506324768066406
0.138023376464844 0.113746643066406 0.0592117309570313 0.0589790344238281
0.076080322265625 0.149551391601563 0.0308265686035156 0.042449951171875
-0.0318603515625 0.178619384765625 0.00754356384277344 0.00946807861328126
-0.160629272460937 0.119155883789063 0.0432586669921875 0.00881576538085938
-0.221694946289063 -0.0691680908203125 0.0997848510742187 0.0396881103515625
-0.155776977539063 -0.179595947265625 0.110092163085937 0.140884399414063
-0.0434112548828125 -0.259902954101563 0.02679443359375 0.250259399414063
-0.045257568359375 -0.31524658203125 0.0323963165283203 -0.00137329101562502
-0.138992309570313 -0.22943115234375 0.00982093811035155 0.000824928283691392
-0.26568603515625 -0.0995330810546875 -0.0287570953369141 -0.00699996948242188
-0.214584350585937 0.0899505615234375 -0.0171451568603516 0.0122890472412109
-0.100387573242187 0.191452026367188 -0.0335769653320313 0.0157680511474609
0.065673828125 0.18292236328125 0.000587463378906252 0.0303802490234375
0.142059326171875 0.133438110351563 0.0177860260009766 0.0287761688232422
0.124313354492188 0.143890380859375 0.00576782226562501 0.0154314041137695
0.15191650390625 0.138717651367188 0.00867843627929689 0.0211658477783203
0.08355712890625 0.173110961914062 -0.00216102600097656 -0.00446557998657226
-0.035552978515625 0.20819091796875 -0.00768852233886719 -0.0335292816162109
-0.179122924804688 0.144256591796875 0.0448417663574219 -0.0231552124023437
-0.262115478515625 -0.0690460205078125 0.0989456176757812 0.01898193359375
-0.192718505859375 -0.199844360351562 0.0792922973632812 0.104904174804687
-0.066680908203125 -0.306396484375 0.0178375244140625 0.162185668945312
-0.05859375 -0.312408447265625 0.0205078125 -0.101249694824219
-0.151824951171875 -0.227371215820313 -0.0234756469726563 -0.049957275390625
-0.269271850585937 -0.0955047607421875 -0.0330772399902344 -0.0117073059082031
-0.215164184570313 0.091888427734375 -0.00264549255371095 -0.0110692977905273
-0.106689453125 0.186782836914063 -0.0280647277832031 -0.0294952392578125
0.055816650390625 0.18450927734375 -0.0229701995849609 -0.0239524841308594
0.130592346191406 0.138916015625 -0.03533935546875 -0.0159988403320312
0.115341186523438 0.14794921875 -0.0483779907226562 -0.0215606689453125
0.14202880859375 0.14410400390625 -0.0442733764648437 -0.0186576843261719
0.0746612548828125 0.170364379882813 -0.0370521545410156 -0.0505790710449219
-0.03875732421875 0.2020263671875 -0.0239944458007813 -0.0728683471679687
-0.172119140625 0.138824462890625 0.0404853820800781 -0.0537528991699219
-0.253616333007813 -0.0668334960937501 0.0860671997070312 0.000762939453124996
-0.190139770507812 -0.19073486328125 0.0359535217285156 0.0630111694335937
-0.073394775390625 -0.304412841796875 0.000850677490234374 0.0621452331542969
-0.0646514892578125 -0.260955810546875 0.00712585449218751 -0.197921752929688
-0.139846801757812 -0.184356689453125 -0.055877685546875 -0.102668762207031
-0.223770141601563 -0.07147216796875 -0.0372810363769531 -0.0196571350097656
-0.173873901367187 0.078155517578125 0.00636863708496093 -0.0343799591064453
-0.089263916015625 0.1490478515625 -0.020782470703125 -0.0677375793457031
0.03839111328125 0.153610229492187 -0.0426483154296875 -0.0730438232421875
0.100212097167969 0.121170043945312 -0.0821914672851563 -0.0584564208984375
0.088897705078125 0.128021240234375 -0.095916748046875 -0.0558319091796875
0.108604431152344 0.127777099609375 -0.0914764404296875 -0.056488037109375
0.0503387451171875 0.14227294921875 -0.0658111572265625 -0.0905914306640625
-0.0433502197265625 0.160629272460937 -0.0325927734375 -0.102668762207031
-0.143173217773438 0.10040283203125 0.036468505859375 -0.074554443359375
-0.198104858398437 -0.0659332275390625 0.0677757263183594 -0.0101127624511719
-0.145965576171875 -0.15679931640625 -0.00802803039550782 0.0226993560791016
-0.062713623046875 -0.254898071289063 -0.0169754028320313 -0.032491683959961
-0.060943603515625 -0.16790771484375 -0.0102996826171875 -0.27655029296875
-0.103919982910156 -0.11102294921875 -0.084625244140625 -0.148330688476563
-0.138076782226563 -0.0354232788085937 -0.0429916381835938 -0.0277099609375
-0.100784301757813 0.0504379272460938 0.00638961791992187 -0.0498580932617188
-0.0564651489257813 0.0864181518554688 -0.0145721435546875 -0.0910720825195313
0.0166778564453125 0.0978469848632813 -0.0572662353515625 -0.10638427734375
0.0539779663085938 0.0839767456054687 -0.116851806640625 -0.0899581909179687
0.0484085083007812 0.0893020629882813 -0.128730773925781 -0.0819778442382813
0.0586624145507813 0.0933074951171875 -0.123069763183594 -0.08758544921875
0.0167694091796875 0.0938796997070313 -0.0795135498046875 -0.118644714355469
-0.043670654296875 0.0954971313476563 -0.0290603637695313 -0.118110656738281
-0.0953598022460938 0.044403076171875 0.035980224609375 -0.0830459594726563
-0.112144470214844 -0.0586700439453125 0.0508651733398437 -0.0139389038085938
-0.0795364379882813 -0.101089477539063 -0.0389518737792969 -0.0107192993164063
-0.041229248046875 -0.168045043945312 -0.0286483764648438 -0.107749938964844
-0.0448570251464844 -0.0501976013183594 -0.028167724609375 -0.32373046875
-0.0530433654785156 -0.0228385925292969 -0.10797119140625 -0.179214477539063
-0.0354652404785156 0.00352096557617188 -0.0524864196777344 -0.0323982238769531
-0.0178775787353516 0.0156059265136719 -0.00284576416015625 -0.0529708862304688
-0.0172414779663086 0.0123558044433594 -0.0101699829101563 -0.09375
-0.00868988037109375 0.0276012420654297 -0.0633544921875 -0.118263244628906
0.000175476074218749 0.0339927673339844 -0.132911682128906 -0.105575561523438
0.00144577026367187 0.0360984802246094 -0.142379760742188 -0.0959625244140625
0.00102615356445312 0.0442047119140625 -0.136482238769531 -0.107147216796875
-0.0164909362792969 0.0333995819091797 -0.0794830322265625 -0.132560729980469
-0.0337657928466797 0.021209716796875 -0.0154342651367188 -0.119247436523438
-0.0334644317626953 -0.0077667236328125 0.0382308959960938 -0.0807266235351563
-0.0194473266601562 -0.0350074768066406 0.0365791320800781 -0.0132942199707031
-0.0123691558837891 -0.0292282104492188 -0.0533828735351562 -0.0350532531738281
-0.0201263427734375 -0.0574607849121094 -0.032318115234375 -0.153274536132813
0.00656890869140624 -0.0796966552734375 0.0662689208984375 0.169723510742188
-0.0356254577636719 -0.0535430908203125 0.0722427368164063 0.05914306640625
-0.0711746215820313 -0.00511169433593749 -0.031097412109375 -0.00301551818847657
-0.0425491333007813 0.0421066284179688 -0.04730224609375 0.0649070739746094
0.00807571411132812 0.0607986450195313 -0.0129013061523437 0.113937377929688
0.047698974609375 0.0281333923339844 0.0687103271484375 0.127952575683594
0.0573043823242188 0.007080078125 0.145477294921875 0.10113525390625
0.0476226806640625 0.0169029235839844 0.143569946289062 0.08941650390625
0.0544662475585938 0.0114479064941406 0.134353637695313 0.103767395019531
0.0369720458984375 0.0403022766113281 0.0758514404296875 0.114158630371094
-0.00266265869140626 0.0565338134765625 0.0253524780273438 0.0800857543945313
-0.0562400817871094 0.0380859375 0.025726318359375 0.0556869506835938
-0.0620079040527344 -0.028106689453125 0.0742874145507813 0.060638427734375
-0.0295677185058594 -0.059295654296875 0.128921508789063 0.169357299804688
0.0143928527832031 -0.0610198974609375 0.033294677734375 0.34912109375
-0.0216522216796875 -0.18975830078125 0.0591888427734375 0.145401000976563
-0.0834732055664062 -0.12945556640625 0.0629081726074219 0.0581703186035156
-0.157745361328125 -0.0406951904296875 -0.0286026000976563 -0.0037384033203125
-0.114570617675781 0.0686187744140625 -0.0412330627441406 0.0503883361816406
-0.0293807983398438 0.124832153320312 -0.0254974365234375 0.0930862426757813
0.0686569213867188 0.0942916870117188 0.0506591796875 0.112007141113281
0.107620239257813 0.0572586059570313 0.117897033691406 0.0912551879882813
0.09320068359375 0.071807861328125 0.113113403320312 0.075286865234375
0.108528137207031 0.0654449462890625 0.108734130859375 0.0860671997070313
0.0639572143554688 0.102668762207031 0.0608367919921875 0.0850753784179687
-0.016876220703125 0.12774658203125 0.0191535949707031 0.0494346618652344
-0.117790222167969 0.0867462158203125 0.0386924743652344 0.0357933044433594
-0.155654907226563 -0.05242919921875 0.093841552734375 0.0513229370117188
-0.101898193359375 -0.129539489746094 0.13360595703125 0.162734985351563
-0.022186279296875 -0.177597045898438 0.042236328125 0.3201904296875
-0.044586181640625 -0.275344848632813 0.048065185546875 0.0857620239257812
-0.124588012695313 -0.193191528320313 0.0422821044921875 0.0388031005859375
-0.231674194335937 -0.0718536376953125 -0.0288734436035156 -0.00236129760742188
-0.176986694335938 0.0899658203125 -0.0303058624267578 0.0342941284179688
-0.0659942626953125 0.174819946289062 -0.0319366455078125 0.0611572265625
0.0780792236328125 0.14935302734375 0.0279617309570312 0.0782089233398438
0.140960693359375 0.100112915039063 0.0748214721679688 0.0660629272460938
0.124557495117188 0.115432739257813 0.06488037109375 0.0497932434082031
0.14794921875 0.1075439453125 0.065185546875 0.0571975708007813
0.08538818359375 0.149063110351563 0.0338325500488281 0.0433578491210938
-0.02276611328125 0.184890747070313 0.00733089447021484 0.0102396011352539
-0.159820556640625 0.132720947265625 0.0461807250976563 0.00752639770507813
-0.233261108398438 -0.0604095458984375 0.104942321777344 0.0341949462890625
-0.168655395507813 -0.176422119140625 0.120109558105469 0.139091491699219
-0.05926513671875 -0.26751708984375 0.0405120849609375 0.256362915039063
-0.0640869140625 -0.322967529296875 0.0348758697509765 -0.00147056579589846
-0.155487060546875 -0.230484008789062 0.0116338729858398 0.000805854797363267
-0.28045654296875 -0.087677001953125 -0.0314483642578125 -0.00248336791992189
-0.21685791015625 0.10491943359375 -0.0160455703735352 0.0144338607788086
-0.091796875 0.203338623046875 -0.0327301025390625 0.0188941955566406
0.076995849609375 0.183364868164062 0.00233078002929688 0.0302238464355469
0.152511596679688 0.127899169921875 0.0206623077392578 0.0285091400146484
0.137100219726562 0.14178466796875 0.00716114044189454 0.0166969299316406
0.163894653320312 0.133163452148437 0.0107879638671875 0.0211925506591797
0.0950469970703125 0.172531127929688 -0.00254845619201659 -0.00382971763610839
-0.02508544921875 0.215805053710938 -0.0106906890869141 -0.0327053070068359
-0.178421020507812 0.1602783203125 0.0457420349121094 -0.0259742736816406
-0.2747802734375 -0.0581207275390626 0.102760314941406 0.0130844116210937
-0.208526611328125 -0.19696044921875 0.0867538452148438 0.10382080078125
-0.085296630859375 -0.31402587890625 0.0260009765625 0.165206909179687
-0.07769775390625 -0.32110595703125 0.0172576904296875 -0.103591918945313
-0.1683349609375 -0.22796630859375 -0.0253143310546875 -0.0499000549316406
-0.28497314453125 -0.0828857421875 -0.0355186462402344 -0.00675964355468751
-0.217025756835937 0.106536865234375 -0.00260066986083986 -0.010127067565918
-0.0983734130859375 0.2000732421875 -0.0293960571289063 -0.0278549194335937
0.0667572021484375 0.186355590820313 -0.0242366790771484 -0.0245227813720703
0.141754150390625 0.133926391601562 -0.0364761352539062 -0.0150794982910156
0.127975463867187 0.145751953125 -0.0518341064453125 -0.0189895629882812
0.154647827148438 0.139450073242188 -0.0470924377441406 -0.0172767639160156
0.086395263671875 0.17041015625 -0.0413894653320312 -0.0499076843261719
-0.028106689453125 0.20953369140625 -0.029296875 -0.0722198486328125
-0.171234130859375 0.153396606445313 0.0396041870117187 -0.0568809509277344
-0.266830444335938 -0.0556182861328125 0.0884475708007813 -0.00484466552734375
-0.204849243164063 -0.187423706054688 0.0393295288085937 0.0631599426269531
-0.09228515625 -0.312255859375 0.00304031372070311 0.0632705688476562
-0.08148193359375 -0.267074584960938 -0.00286865234375001 -0.20257568359375
-0.154312133789063 -0.1845703125 -0.0621261596679688 -0.102615356445313
-0.23626708984375 -0.0611114501953125 -0.0393104553222656 -0.0153083801269531
-0.175308227539062 0.0904693603515625 0.00506401062011718 -0.0346240997314453
-0.0836334228515625 0.1605224609375 -0.0242195129394531 -0.0678253173828125
0.04803466796875 0.155975341796875 -0.0474700927734375 -0.0738296508789063
0.109397888183594 0.117591857910156 -0.0885086059570313 -0.0558013916015625
0.0997467041015625 0.127571105957031 -0.103019714355469 -0.0516204833984375
0.119827270507812 0.124588012695312 -0.0980453491210937 -0.0537567138671875
0.059326171875 0.142974853515625 -0.0728225708007812 -0.089691162109375
-0.0346221923828125 0.16766357421875 -0.03948974609375 -0.102714538574219
-0.142532348632812 0.112258911132812 0.0338287353515625 -0.0780258178710938
-0.209182739257813 -0.058135986328125 0.0687332153320312 -0.0153427124023438
-0.158660888671875 -0.155105590820313 -0.00753974914550782 0.0243244171142578
-0.0784759521484375 -0.261932373046875 -0.0204200744628906 -0.0335197448730469
-0.0724029541015625 -0.172744750976563 -0.0245361328125 -0.282867431640625
-0.113677978515625 -0.110069274902344 -0.094970703125 -0.147628784179688
-0.146011352539063 -0.029296875 -0.0453376770019531 -0.0242462158203125
-0.10162353515625 0.0581817626953125 0.00419235229492187 -0.0507164001464844
-0.0535507202148437 0.0940170288085938 -0.0197525024414063 -0.0921096801757813
0.02239990234375 0.0999908447265625 -0.0639877319335938 -0.107795715332031
0.06024169921875 0.082275390625 -0.125869750976563 -0.0870742797851562
0.0562667846679688 0.0896148681640625 -0.138946533203125 -0.0774307250976562
0.066436767578125 0.0926666259765625 -0.133033752441406 -0.083953857421875
0.0224075317382812 0.0958480834960938 -0.0888519287109375 -0.118438720703125
-0.03857421875 0.100860595703125 -0.03619384765625 -0.119064331054688
-0.0964279174804688 0.0524826049804687 0.0323486328125 -0.08673095703125
-0.120452880859375 -0.0553131103515625 0.0510139465332031 -0.0179405212402344
-0.0869979858398438 -0.101356506347656 -0.0408897399902344 -0.00835418701171876
-0.05206298828125 -0.173126220703125 -0.0366058349609375 -0.109672546386719
-0.0489578247070312 -0.0508880615234375 -0.046051025390625 -0.330963134765625
-0.0562515258789062 -0.0214080810546875 -0.120941162109375 -0.178436279296875
-0.0368118286132813 0.00556182861328126 -0.0547447204589844 -0.0293617248535156
-0.0167388916015625 0.0180416107177734 -0.00585174560546876 -0.0534133911132812
-0.0173091888427734 0.0153112411499023 -0.0150985717773438 -0.0953750610351563
-0.00731277465820313 0.0297203063964844 -0.071044921875 -0.119880676269531
0.00226783752441406 0.0346889495849609 -0.143707275390625 -0.10235595703125
0.0040435791015625 0.0375823974609375 -0.15386962890625 -0.091278076171875
0.00419235229492187 0.0457649230957031 -0.14837646484375 -0.103591918945313
-0.0147781372070313 0.0352401733398438 -0.0890960693359375 -0.133094787597656
-0.0327663421630859 0.0239334106445313 -0.022186279296875 -0.121444702148438
-0.035308837890625 -0.00506973266601563 0.0346145629882813 -0.0844650268554687
-0.0240745544433594 -0.0349693298339844 0.0370674133300781 -0.0156517028808594
-0.0144710540771484 -0.0306434631347656 -0.0570716857910156 -0.0324821472167969
-0.0241203308105469 -0.0597343444824219 -0.042816162109375 -0.156478881835938
0.00281524658203125 -0.079132080078125 0.0766754150390625 0.166671752929687
-0.03802490234375 -0.0519218444824219 0.0765609741210938 0.0548095703125
-0.0710296630859375 -0.00152587890625 -0.0317153930664063 -0.000524520874023434
-0.0409393310546875 0.0441513061523437 -0.0434799194335937 0.0668258666992188
0.0116043090820313 0.0587654113769531 -0.00588989257812501 0.113334655761719
0.0484886169433594 0.0239677429199219 0.0751876831054688 0.12530517578125
0.0572052001953125 0.003814697265625 0.151016235351563 0.0936279296875
0.0480079650878906 0.0139274597167969 0.150177001953125 0.0814208984375
0.0541648864746094 0.00762557983398438 0.142120361328125 0.0963134765625
0.0389556884765625 0.0376014709472656 0.0828018188476563 0.111701965332031
3.41346688361363E-18 0.0557479858398438 0.02899169921875 0.0792694091796875
-0.0540428161621094 0.0412101745605469 0.0296783447265625 0.0538825988769531
-0.0626564025878906 -0.0250778198242188 0.077545166015625 0.0562591552734375
-0.0322837829589844 -0.0570182800292969 0.138107299804688 0.1611328125
0.0107269287109375 -0.0611228942871094 0.051910400390625 0.345611572265625
-0.0321807861328125 -0.18798828125 0.0687408447265625 0.14300537109375
-0.0897293090820313 -0.125900268554688 0.0672760009765625 0.0549964904785156
-0.160308837890625 -0.0317840576171875 -0.0291938781738281 0.000116348266601558
-0.111053466796875 0.0746612548828125 -0.0381278991699219 0.05206298828125
-0.0218887329101562 0.1256103515625 -0.0202713012695313 0.0939559936523438
0.0730209350585938 0.0887374877929688 0.0559005737304688 0.1094970703125
0.109588623046875 0.0504989624023437 0.123756408691406 0.0850143432617188
0.097259521484375 0.0665664672851563 0.118423461914062 0.0692672729492188
0.111503601074219 0.0576400756835938 0.11529541015625 0.080078125
0.0691986083984375 0.0980987548828125 0.06585693359375 0.083038330078125
-0.00986480712890624 0.127960205078125 0.0211715698242188 0.0490989685058594
-0.113372802734375 0.09375 0.0415077209472656 0.0333709716796875
-0.158798217773437 -0.04473876953125 0.0968017578125 0.0457916259765625
-0.108734130859375 -0.124221801757813 0.142196655273438 0.154571533203125
-0.0324859619140625 -0.177291870117188 0.060089111328125 0.317047119140625
-0.060394287109375 -0.273193359375 0.0545806884765625 0.0837631225585938
-0.134674072265625 -0.187973022460937 0.0458984375 0.0364723205566406
-0.236709594726563 -0.05767822265625 -0.0293312072753906 0.00248146057128906
-0.17266845703125 0.099151611328125 -0.0273590087890625 0.0363197326660156
-0.0553741455078125 0.178375244140625 -0.0280799865722656 0.0627899169921875
0.0855865478515625 0.143630981445313 0.0319595336914063 0.0770263671875
0.145431518554688 0.0909271240234375 0.0790863037109375 0.0618362426757813
0.131599426269531 0.108657836914063 0.0687713623046875 0.0464897155761719
0.153533935546875 0.0983428955078125 0.0698928833007813 0.0530891418457031
0.0933074951171875 0.143081665039062 0.036529541015625 0.0428657531738281
-0.0125274658203125 0.185943603515625 0.00724697113037109 0.0106229782104492
-0.153228759765625 0.1424560546875 0.0475082397460937 0.00479125976562501
-0.237167358398438 -0.0481109619140625 0.10626220703125 0.027587890625
-0.177413940429687 -0.168212890625 0.126884460449219 0.132743835449219
-0.07464599609375 -0.26593017578125 0.054046630859375 0.2525634765625
-0.083221435546875 -0.320465087890625 0.0360107421875 -0.00218963623046877
-0.168563842773438 -0.223495483398438 0.0132112503051758 0.000575065612792955
-0.28717041015625 -0.0712890625 -0.0316562652587891 0.00268363952636719
-0.211746215820313 0.116287231445312 -0.0144729614257813 0.0155677795410156
-0.079315185546875 0.209640502929688 -0.030914306640625 0.0211124420166016
0.0869598388671875 0.177963256835937 0.00406837463378907 0.0296573638916016
0.1588134765625 0.1175537109375 0.0230884552001953 0.0268306732177734
0.145721435546875 0.134719848632813 0.00836658477783204 0.0170059204101563
0.172149658203125 0.122726440429688 0.0122718811035156 0.0202789306640625
0.103790283203125 0.166549682617188 -0.00276803970336913 -0.00280189514160155
-0.012542724609375 0.216629028320313 -0.0127639770507812 -0.0310859680175781
-0.1700439453125 0.17138671875 0.04547119140625 -0.0284080505371094
-0.280364990234375 -0.04376220703125 0.102523803710937 0.00682830810546875
-0.218231201171875 -0.186538696289063 0.091461181640625 0.098663330078125
-0.10369873046875 -0.311859130859375 0.0342559814453125 0.163238525390625
-0.096221923828125 -0.318267822265625 0.012725830078125 -0.10345458984375
-0.181167602539063 -0.221359252929688 -0.0268898010253906 -0.0480537414550781
-0.291259765625 -0.0664978027343751 -0.0355377197265625 -0.00144577026367187
-0.21173095703125 0.119216918945313 -0.00218391418457032 -0.00924396514892577
-0.0860748291015625 0.206497192382813 -0.0301361083984375 -0.0252113342285156
0.07666015625 0.181411743164063 -0.0253028869628906 -0.0241222381591797
0.148178100585938 0.124465942382813 -0.0369415283203125 -0.0136032104492187
0.137458801269531 0.139190673828125 -0.0531959533691406 -0.015411376953125
0.16302490234375 0.129257202148438 -0.0487060546875 -0.0145378112792969
0.0956573486328125 0.164688110351563 -0.04486083984375 -0.0471305847167969
-0.0159454345703125 0.211105346679688 -0.0333213806152344 -0.0695228576660156
-0.16314697265625 0.164779663085938 0.0371818542480469 -0.0588035583496094
-0.272354125976563 -0.04156494140625 0.08734130859375 -0.0104293823242188
-0.214447021484375 -0.178756713867187 0.0421981811523437 0.0616950988769531
-0.110809326171875 -0.3099365234375 0.00532150268554687 0.0623283386230468
-0.0967559814453125 -0.265090942382813 -0.0125274658203125 -0.201644897460938
-0.165496826171875 -0.178131103515625 -0.0672988891601563 -0.0991668701171875
-0.242202758789063 -0.0475006103515625 -0.0397300720214844 -0.0103263854980469
-0.170578002929688 0.1004638671875 0.0040912628173828 -0.0335350036621094
-0.0737762451171875 0.166976928710938 -0.0276260375976563 -0.0655555725097656
0.056640625 0.153411865234375 -0.0510482788085937 -0.0730133056640625
0.115280151367188 0.110519409179688 -0.091217041015625 -0.0518798828125
0.107833862304688 0.122413635253906 -0.107040405273438 -0.0454483032226562
0.1279296875 0.117301940917969 -0.102058410644531 -0.04779052734375
0.0673828125 0.139053344726563 -0.078338623046875 -0.0857009887695313
-0.024322509765625 0.169525146484375 -0.0448989868164063 -0.099578857421875
-0.137214660644531 0.122085571289063 0.0295028686523437 -0.079681396484375
-0.21502685546875 -0.0465087890625 0.0673561096191406 -0.0196533203125
-0.16656494140625 -0.1480712890625 -0.00650215148925782 0.0251197814941406
-0.094573974609375 -0.260589599609375 -0.0238075256347656 -0.0323429107666016
-0.0826568603515625 -0.170547485351563 -0.039306640625 -0.280853271484375
-0.120018005371094 -0.105049133300781 -0.10302734375 -0.1429443359375
-0.148956298828125 -0.020843505859375 -0.0453376770019531 -0.0196304321289063
-0.0988082885742188 0.0642547607421875 0.00215911865234374 -0.0497894287109375
-0.0474929809570313 0.0984573364257812 -0.0240631103515625 -0.0904388427734375
0.0273513793945313 0.0989990234375 -0.0693511962890625 -0.106178283691406
0.065155029296875 0.078521728515625 -0.1314697265625 -0.0805740356445313
0.0617752075195312 0.0865249633789063 -0.14453125 -0.0687713623046875
0.0725250244140625 0.0890579223632812 -0.139869689941406 -0.0760498046875
0.0278244018554687 0.093994140625 -0.0959320068359375 -0.113723754882813
-0.0318984985351563 0.102287292480469 -0.042449951171875 -0.116500854492188
-0.0940475463867188 0.0591201782226563 0.0275955200195312 -0.088104248046875
-0.126144409179688 -0.0482025146484375 0.0501480102539062 -0.0212821960449219
-0.0927963256835937 -0.0983200073242188 -0.0419158935546875 -0.0053863525390625
-0.0623626708984375 -0.172073364257813 -0.04364013671875 -0.107749938964844
-0.0522689819335938 -0.0503463745117188 -0.06390380859375 -0.327239990234375
-0.0576019287109375 -0.0184478759765625 -0.131027221679688 -0.1717529296875
-0.0371665954589844 0.00708007812500001 -0.054840087890625 -0.0261573791503906
-0.0154762268066406 0.0189838409423828 -0.00838851928710938 -0.0520210266113281
-0.0168256759643555 0.0171356201171875 -0.0201492309570312 -0.0937271118164063
-0.00535774230957031 0.0310420989990234 -0.0762939453125 -0.117439270019531
0.00421714782714844 0.0342426300048828 -0.1500244140625 -0.095550537109375
0.0064849853515625 0.0369949340820313 -0.160675048828125 -0.082489013671875
0.00760650634765625 0.04638671875 -0.155593872070313 -0.0947418212890625
-0.0125236511230469 0.0361862182617187 -0.096771240234375 -0.128257751464844
-0.0305233001708984 0.0260429382324219 -0.0287551879882813 -0.119743347167969
-0.0360870361328125 -0.00180435180664062 0.0295028686523438 -0.0858917236328125
-0.0277805328369141 -0.0335559844970703 0.0356597900390625 -0.0175628662109375
-0.0168132781982422 -0.0304336547851563 -0.0594253540039063 -0.0290069580078125
-0.0281639099121094 -0.0603179931640625 -0.0524749755859375 -0.154083251953125
0.000350952148437504 -0.0774154663085938 0.080963134765625 0.162109375
-0.0386734008789063 -0.0501861572265625 0.078216552734375 0.0517578125
-0.0697212219238281 0.000873565673828126 -0.0312843322753906 0.00191307067871093
-0.0392875671386719 0.0441741943359375 -0.0408210754394531 0.0660514831542969
0.0128860473632812 0.0565414428710937 -0.00288391113281251 0.111183166503906
0.0476799011230469 0.0211219787597656 0.0770111083984375 0.122215270996094
0.0550117492675781 0.0015106201171875 0.15313720703125 0.0878143310546875
0.0473670959472656 0.0125541687011719 0.1522216796875 0.075592041015625
0.0525360107421875 0.00530242919921875 0.145065307617188 0.0902099609375
0.0392417907714844 0.0351448059082031 0.0855255126953125 0.108856201171875
0.00164794921875 0.0548362731933594 0.0301513671875 0.0772247314453125
-0.0515174865722656 0.0424156188964844 0.0312995910644531 0.0515327453613281
-0.06182861328125 -0.0231399536132813 0.078521728515625 0.0522918701171875
-0.0336761474609375 -0.0540695190429688 0.140350341796875 0.153564453125
0.00819396972656249 -0.060272216796875 0.061370849609375 0.33660888671875
-0.037689208984375 -0.183517456054688 0.0731353759765625 0.138755798339844
-0.0920257568359375 -0.121490478515625 0.069854736328125 0.0523452758789062
-0.158782958984375 -0.0254364013671875 -0.0285129547119141 0.00345802307128906
-0.107719421386719 0.0768661499023437 -0.0355033874511719 0.0523147583007813
-0.0169754028320312 0.123687744140625 -0.0170364379882812 0.092620849609375
0.0736465454101563 0.0837936401367188 0.058074951171875 0.1064453125
0.108413696289063 0.0453414916992188 0.125831604003906 0.0798873901367188
0.098175048828125 0.0626373291015625 0.120246887207031 0.064544677734375
0.110427856445313 0.0527572631835938 0.118186950683594 0.07513427734375
0.070159912109375 0.0936126708984375 0.0678253173828125 0.08123779296875
-0.00592041015625 0.126335144042969 0.0216941833496094 0.0483169555664063
-0.108566284179688 0.0966796875 0.0422248840332031 0.0315170288085938
-0.158432006835938 -0.0396728515625 0.0963363647460937 0.0411224365234375
-0.110130310058594 -0.119285583496094 0.14398193359375 0.147262573242188
-0.0380401611328125 -0.174163818359375 0.068267822265625 0.309356689453125
-0.068634033203125 -0.267608642578125 0.05743408203125 0.0813217163085937
-0.13836669921875 -0.18218994140625 0.0484771728515625 0.0347213745117187
-0.235763549804688 -0.0488739013671875 -0.0279960632324219 0.00618362426757812
-0.167282104492188 0.103347778320312 -0.0252265930175781 0.0360527038574219
-0.047882080078125 0.177413940429688 -0.0250663757324219 0.0624961853027344
0.0882415771484375 0.137077331542969 0.0336151123046875 0.0744247436523438
0.145126342773438 0.083831787109375 0.0810165405273438 0.057952880859375
0.133857727050781 0.103370666503906 0.0702323913574219 0.0441436767578125
0.153778076171875 0.090087890625 0.0715484619140625 0.0502166748046875
0.0960769653320313 0.137176513671875 0.0377960205078125 0.0420913696289063
-0.0064239501953125 0.182876586914063 0.0066070556640625 0.0110406875610352
-0.14605712890625 0.14630126953125 0.0477523803710938 0.00342941284179688
-0.237075805664063 -0.040771484375 0.104972839355469 0.0229415893554688
-0.179412841796875 -0.161895751953125 0.129035949707031 0.126228332519531
-0.0830841064453125 -0.261444091796875 0.060577392578125 0.246261596679687
-0.093109130859375 -0.31341552734375 0.0368728637695312 -0.00242996215820314
-0.173095703125 -0.2166748046875 0.0151901245117187 -0.000233650207519545
-0.286224365234375 -0.05999755859375 -0.0301513671875 0.00669288635253906
-0.204940795898438 0.122283935546875 -0.0128622055053711 0.0163602828979492
-0.0704345703125 0.209457397460938 -0.0291748046875 0.0223369598388672
0.09063720703125 0.171295166015625 0.00424957275390626 0.0284442901611328
0.159515380859375 0.109588623046875 0.0244312286376953 0.0253181457519531
0.148880004882813 0.127960205078125 0.00986385345458985 0.0170822143554688
0.173004150390625 0.113754272460938 0.0132217407226563 0.0197639465332031
0.107177734375 0.160308837890625 -0.00282287597656249 -0.00193667411804198
-0.00569152832031251 0.213531494140625 -0.0139808654785156 -0.0290298461914062
-0.162811279296875 0.175216674804688 0.0444145202636719 -0.0289573669433594
-0.279876708984375 -0.0345916748046875 0.100067138671875 0.00238037109375
-0.21966552734375 -0.178939819335938 0.092681884765625 0.0946731567382812
-0.11328125 -0.306182861328125 0.0374603271484375 0.159133911132812
-0.106353759765625 -0.31146240234375 0.0112380981445312 -0.101020812988281
-0.186248779296875 -0.214340209960938 -0.026580810546875 -0.0465621948242188
-0.29144287109375 -0.0550537109375 -0.033477783203125 0.002197265625
-0.205810546875 0.124984741210938 -0.00168180465698243 -0.00848340988159179
-0.0769195556640625 0.207794189453125 -0.0298385620117188 -0.0232810974121094
0.0809783935546875 0.1759033203125 -0.0261039733886719 -0.0243644714355469
0.1495361328125 0.117156982421875 -0.03704833984375 -0.0127525329589844
0.140594482421875 0.133590698242188 -0.0529708862304687 -0.0126266479492187
0.1651611328125 0.120849609375 -0.0486297607421875 -0.0124969482421875
0.098968505859375 0.1588134765625 -0.0455055236816406 -0.0450248718261719
-0.0083465576171875 0.208480834960938 -0.0350685119628906 -0.0664291381835937
-0.156356811523438 0.169174194335938 0.0351181030273438 -0.0584793090820313
-0.271865844726563 -0.0329437255859375 0.0847702026367187 -0.013946533203125
-0.21685791015625 -0.1710205078125 0.042724609375 0.0598182678222656
-0.1202392578125 -0.30419921875 0.00573730468749999 0.0611381530761719
-0.1044921875 -0.259780883789063 -0.0176239013671875 -0.197189331054688
-0.169082641601563 -0.172210693359375 -0.0682449340820313 -0.0958099365234375
-0.241546630859375 -0.03802490234375 -0.0374603271484375 -0.00667572021484375
-0.165435791015625 0.105438232421875 0.00383949279785155 -0.0324382781982422
-0.066131591796875 0.168563842773438 -0.028594970703125 -0.0625686645507812
0.060455322265625 0.149124145507813 -0.052459716796875 -0.071746826171875
0.116325378417969 0.104324340820313 -0.0920028686523437 -0.0489425659179688
0.1112060546875 0.117416381835938 -0.107872009277344 -0.0405654907226562
0.130340576171875 0.110191345214844 -0.10321044921875 -0.0434722900390625
0.0704498291015625 0.134506225585938 -0.0806350708007813 -0.0816116333007812
-0.018280029296875 0.167022705078125 -0.0472259521484375 -0.0953216552734375
-0.131431579589844 0.125823974609375 0.0270156860351562 -0.0786819458007812
-0.215728759765625 -0.039093017578125 0.0648307800292969 -0.0222358703613281
-0.1683349609375 -0.141952514648438 -0.00665473937988282 0.0258445739746094
-0.10162353515625 -0.25579833984375 -0.0251693725585938 -0.0308799743652344
-0.08721923828125 -0.16705322265625 -0.04656982421875 -0.275009155273438
-0.121925354003906 -0.101554870605469 -0.105339050292969 -0.137825012207031
-0.148956298828125 -0.0155181884765625 -0.0436286926269531 -0.0170822143554688
-0.095001220703125 0.0662460327148438 0.00147247314453125 -0.0482978820800781
-0.0433197021484375 0.099700927734375 -0.0260772705078125 -0.0868911743164063
0.030670166015625 0.0974273681640625 -0.0710983276367187 -0.103767395019531
0.0659255981445313 0.07470703125 -0.132438659667969 -0.0762939453125
0.0646591186523438 0.0839691162109375 -0.145828247070313 -0.0627593994140625
0.0750198364257813 0.0848617553710938 -0.14190673828125 -0.0696258544921875
0.029937744140625 0.0919342041015625 -0.0985641479492187 -0.108848571777344
-0.0279693603515625 0.10211181640625 -0.0449447631835938 -0.112617492675781
-0.0903701782226562 0.0624923706054688 0.0241775512695313 -0.08685302734375
-0.127250671386719 -0.0433502197265625 0.0473251342773437 -0.0224838256835938
-0.094329833984375 -0.0947265625 -0.0419731140136719 -0.00289916992187501
-0.06805419921875 -0.169998168945313 -0.0470504760742188 -0.104209899902344
-0.0534896850585938 -0.0492210388183594 -0.072265625 -0.3199462890625
-0.0569839477539063 -0.0168228149414062 -0.13372802734375 -0.164718627929687
-0.0375289916992188 0.00774002075195313 -0.0535049438476562 -0.0245819091796875
-0.0148048400878906 0.0189285278320313 -0.00888824462890625 -0.0501251220703125
-0.0158538818359375 0.0181694030761719 -0.021881103515625 -0.0911331176757812
-0.00411224365234375 0.0315876007080078 -0.0790939331054688 -0.114494323730469
0.00571632385253907 0.0335712432861328 -0.152481079101562 -0.089813232421875
0.00852203369140625 0.0367507934570313 -0.16259765625 -0.0756378173828125
0.00995254516601563 0.0457344055175781 -0.158432006835938 -0.0873565673828125
-0.0107078552246094 0.0363693237304688 -0.100372314453125 -0.123771667480469
-0.0289344787597656 0.0267429351806641 -0.0312347412109375 -0.116424560546875
-0.0354270935058594 -3.0517578124995E-05 0.0257644653320312 -0.0851287841796875
-0.0301475524902344 -0.0316982269287109 0.0343818664550781 -0.0186080932617188
-0.0181541442871094 -0.0305385589599609 -0.0592689514160156 -0.0251731872558594
-0.0300827026367187 -0.0596084594726563 -0.0568695068359375 -0.148712158203125
3.81469726562537E-05 -0.0759658813476563 0.08154296875 0.16046142578125
-0.0385055541992187 -0.0494499206542969 0.079254150390625 0.051177978515625
-0.068695068359375 0.00165176391601561 -0.0304737091064453 0.00319290161132812
-0.0387344360351562 0.0437240600585938 -0.0397262573242188 0.0650787353515625
0.0129928588867187 0.0553245544433594 -0.0030975341796875 0.109161376953125
0.0459632873535156 0.019500732421875 0.076446533203125 0.121978759765625
0.05389404296875 0.00098419189453125 0.153030395507813 0.086151123046875
0.0467338562011719 0.0121536254882813 0.153182983398438 0.0735626220703125
0.0510215759277344 0.0042877197265625 0.14599609375 0.0878753662109375
0.0384368896484375 0.0341949462890625 0.08642578125 0.108390808105469
0.00170516967773438 0.0541458129882813 0.0294570922851563 0.0769729614257813
-0.0509185791015625 0.0428466796875 0.0317115783691406 0.0501823425292969
-0.0609817504882813 -0.0227241516113281 0.0780181884765625 0.050567626953125
-0.0329780578613281 -0.0530204772949219 0.139389038085938 0.150405883789063
0.00746536254882813 -0.0591087341308594 0.06170654296875 0.332122802734375
-0.038330078125 -0.180938720703125 0.0735244750976563 0.137283325195313
-0.0918655395507812 -0.120399475097656 0.0709686279296875 0.0508270263671875
-0.157669067382813 -0.024017333984375 -0.0275688171386719 0.00571632385253906
-0.106224060058594 0.0767593383789062 -0.0344009399414063 0.0513763427734375
-0.0156936645507813 0.121795654296875 -0.0163650512695313 0.0913925170898438
0.0726776123046875 0.081085205078125 0.057525634765625 0.105827331542969
0.10662841796875 0.0440139770507813 0.12640380859375 0.077972412109375
0.0979385375976563 0.0617141723632813 0.12152099609375 0.0634536743164063
0.109031677246094 0.050262451171875 0.118904113769531 0.0734100341796875
0.0697708129882813 0.0917816162109375 0.06878662109375 0.080810546875
-0.00529479980468751 0.124839782714844 0.0208206176757813 0.0486946105957031
-0.107070922851562 0.0969772338867188 0.0427398681640625 0.0306282043457031
-0.157196044921875 -0.038665771484375 0.09539794921875 0.0395736694335938
-0.109268188476562 -0.117134094238281 0.142715454101563 0.144851684570313
-0.039337158203125 -0.172775268554688 0.0675048828125 0.304351806640625
-0.0697021484375 -0.263626098632812 0.0586624145507812 0.0810394287109375
-0.137939453125 -0.180343627929688 0.0496940612792969 0.033935546875
-0.23443603515625 -0.0460357666015625 -0.0266437530517578 0.00916862487792969
-0.165298461914062 0.10400390625 -0.0246200561523438 0.0359649658203125
-0.0454559326171875 0.17578125 -0.0248565673828125 0.062225341796875
0.0870513916015625 0.133995056152344 0.033172607421875 0.073974609375
0.143035888671875 0.0814208984375 0.0818710327148438 0.0568008422851563
0.134178161621094 0.102012634277344 0.0712356567382813 0.0437469482421875
0.152023315429687 0.087310791015625 0.0727615356445313 0.0497207641601563
0.0959548950195313 0.134765625 0.0382652282714844 0.0426559448242188
-0.005523681640625 0.18109130859375 0.00624656677246094 0.0121736526489258
-0.144866943359375 0.147628784179687 0.0480575561523437 0.00279998779296876
-0.236602783203125 -0.0390167236328125 0.102897644042969 0.021636962890625
-0.178375244140625 -0.159866333007813 0.127548217773438 0.124252319335937
-0.084503173828125 -0.259765625 0.059417724609375 0.242965698242187
-0.094573974609375 -0.310150146484375 0.0375595092773437 -0.00159454345703127
-0.173248291015625 -0.215560913085938 0.0164918899536133 -0.000235557556152357
-0.28497314453125 -0.0560302734375 -0.0281429290771485 0.00967216491699218
-0.20269775390625 0.122970581054687 -0.0122299194335938 0.0161323547363281
-0.067230224609375 0.208267211914063 -0.0283432006835938 0.022817611694336
0.0903472900390625 0.16827392578125 0.00388717651367188 0.0276947021484375
0.157562255859375 0.107192993164063 0.0253524780273438 0.0242786407470703
0.149627685546875 0.126678466796875 0.0101613998413086 0.0174884796142578
0.172088623046875 0.110076904296875 0.0136909484863281 0.0196743011474609
0.10687255859375 0.157394409179688 -0.00225067138671874 -0.00130009651184081
-0.00386047363281249 0.211395263671875 -0.014434814453125 -0.0276927947998047
-0.159805297851562 0.176605224609375 0.044830322265625 -0.0287666320800781
-0.279953002929688 -0.0325927734374999 0.0978775024414062 0.0013885498046875
-0.218978881835938 -0.17694091796875 0.0914840698242187 0.0936050415039062
-0.115081787109375 -0.30487060546875 0.0363616943359375 0.157119750976562
-0.107208251953125 -0.308502197265625 0.0114288330078125 -0.0998306274414063
-0.186599731445312 -0.213272094726563 -0.0251922607421875 -0.0467605590820313
-0.290863037109375 -0.0516357421875 -0.0313949584960938 0.00482940673828125
-0.2030029296875 0.125350952148438 -0.00125360488891603 -0.00808095932006835
-0.0737457275390625 0.207138061523438 -0.0292205810546875 -0.0216255187988281
0.08160400390625 0.173507690429688 -0.0261363983154297 -0.024810791015625
0.14849853515625 0.114288330078125 -0.0360488891601562 -0.0132064819335937
0.141616821289063 0.132080078125 -0.0527000427246094 -0.0112838745117187
0.164505004882813 0.1170654296875 -0.0482711791992187 -0.0113868713378906
0.0985565185546875 0.156509399414063 -0.0456733703613281 -0.0435028076171875
-0.00662231445312498 0.205795288085938 -0.0354347229003906 -0.0645866394042969
-0.154052734375 0.169891357421875 0.0351104736328125 -0.0578079223632812
-0.272125244140625 -0.0305633544921875 0.08251953125 -0.0144805908203125
-0.215255737304688 -0.169952392578125 0.0422325134277344 0.0597190856933594
-0.12188720703125 -0.303802490234375 0.00473022460937499 0.0608062744140625
-0.105743408203125 -0.257568359375 -0.017333984375 -0.194900512695313
-0.169219970703125 -0.171279907226562 -0.0673980712890625 -0.0954360961914063
-0.241378784179687 -0.035186767578125 -0.0353507995605469 -0.00511932373046874
-0.163818359375 0.105575561523438 0.00416183471679686 -0.0317020416259766
-0.0640411376953125 0.16790771484375 -0.0279617309570313 -0.0610733032226562
0.0604248046875 0.147369384765625 -0.0529022216796875 -0.072357177734375
0.115936279296875 0.102584838867188 -0.0920028686523437 -0.048583984375
0.111991882324219 0.116363525390625 -0.107559204101563 -0.0388259887695312
0.129753112792969 0.107742309570312 -0.103317260742187 -0.0416336059570313
0.0707778930664063 0.132339477539063 -0.0806655883789063 -0.0797882080078125
-0.0166015625 0.165664672851563 -0.0471420288085937 -0.09332275390625
-0.129379272460937 0.126419067382813 0.0264968872070312 -0.0775527954101562
-0.216445922851563 -0.03704833984375 0.0626945495605469 -0.0221939086914063
-0.167266845703125 -0.141555786132812 -0.00683212280273439 0.0267562866210937
-0.103286743164063 -0.255340576171875 -0.0259132385253906 -0.0301837921142578
-0.088043212890625 -0.1661376953125 -0.0463104248046875 -0.271499633789063
-0.122291564941406 -0.100601196289062 -0.104568481445312 -0.135810852050781
-0.14923095703125 -0.01458740234375 -0.0419502258300781 -0.0160026550292969
-0.0941009521484375 0.0665054321289063 0.0017242431640625 -0.0472984313964844
-0.0421524047851562 0.100151062011719 -0.025238037109375 -0.085540771484375
0.0311431884765625 0.0969390869140625 -0.071624755859375 -0.104469299316406
0.0666275024414063 0.0736541748046875 -0.1328125 -0.0753402709960938
0.0657119750976563 0.0830459594726563 -0.146499633789063 -0.0605926513671875
0.0757675170898438 0.0832748413085938 -0.14178466796875 -0.06695556640625
0.030670166015625 0.091217041015625 -0.0991058349609375 -0.107772827148438
-0.0264129638671875 0.101028442382813 -0.0449295043945313 -0.110603332519531
-0.0893478393554688 0.0633316040039063 0.0233688354492187 -0.0855178833007813
-0.128875732421875 -0.04156494140625 0.0460700988769531 -0.0228157043457031
-0.0941390991210937 -0.0943450927734375 -0.0417098999023438 -0.00140380859375
-0.0695648193359375 -0.16986083984375 -0.0482711791992188 -0.102157592773438
-0.0531196594238281 -0.0494346618652344 -0.07269287109375 -0.315704345703125
-0.0567245483398438 -0.0170364379882812 -0.133575439453125 -0.162246704101563
-0.0378570556640625 0.00796508789062499 -0.0521812438964844 -0.0243911743164062
-0.0147304534912109 0.0183506011962891 -0.00890350341796876 -0.0491523742675781
-0.0156688690185547 0.0188560485839844 -0.021148681640625 -0.0898666381835937
-0.00354194641113281 0.0322380065917969 -0.0785675048828125 -0.115493774414063
0.00579452514648438 0.0336513519287109 -0.153488159179687 -0.0886993408203125
0.0088653564453125 0.0367889404296875 -0.162979125976563 -0.0735321044921875
0.0111541748046875 0.0450096130371094 -0.158615112304688 -0.0845794677734375
-0.0101585388183594 0.0364532470703125 -0.100601196289062 -0.122528076171875
-0.0279903411865234 0.0266742706298828 -0.0313186645507812 -0.115074157714844
-0.0351715087890625 0.0011138916015625 0.0246505737304688 -0.0834884643554688
-0.0313320159912109 -0.0303726196289062 0.0332908630371094 -0.0186119079589844
-0.0187053680419922 -0.0310420989990234 -0.0591163635253906 -0.0235519409179688
-0.0312957763671875 -0.0600547790527344 -0.05712890625 -0.146270751953125
0.000610351562499997 -0.0759658813476563 0.08135986328125 0.163589477539063
-0.0385169982910156 -0.0498886108398438 0.0814208984375 0.0523605346679688
-0.0690345764160156 0.00112152099609376 -0.0300445556640625 0.00452041625976563
-0.0397758483886719 0.0438613891601562 -0.0406494140625 0.0656700134277344
0.0134162902832031 0.0553131103515625 -0.00444793701171875 0.110305786132812
0.0455703735351563 0.0195083618164063 0.0764694213867188 0.1251220703125
0.0534248352050781 0.0012054443359375 0.156112670898438 0.087921142578125
0.0470962524414063 0.0129585266113281 0.156494140625 0.0755157470703125
0.0504531860351563 0.00441741943359375 0.149261474609375 0.08984375
0.0383186340332031 0.0343971252441406 0.0879287719726563 0.111618041992188
0.00125503540039062 0.0548171997070313 0.0287322998046875 0.0787734985351563
-0.0516891479492187 0.0433158874511719 0.0323829650878906 0.0506553649902344
-0.0613822937011719 -0.0242271423339844 0.078948974609375 0.0512237548828125
-0.0328826904296875 -0.0527877807617187 0.139022827148438 0.152297973632813
0.00769424438476563 -0.059539794921875 0.05853271484375 0.335174560546875
-0.0373382568359375 -0.18212890625 0.073974609375 0.139846801757813
-0.091827392578125 -0.123115539550781 0.07342529296875 0.0517807006835937
-0.159347534179688 -0.0247955322265625 -0.0264053344726563 0.00691986083984375
-0.107772827148438 0.0770263671875 -0.0351638793945313 0.0514984130859375
-0.0161209106445313 0.122596740722656 -0.0183639526367188 0.0924530029296875
0.0718154907226563 0.0813446044921875 0.056854248046875 0.108856201171875
0.106979370117187 0.0446624755859375 0.128829956054687 0.0799789428710938
0.099151611328125 0.0633697509765625 0.12445068359375 0.0652542114257812
0.109359741210938 0.0514984130859375 0.121932983398438 0.075042724609375
0.0699615478515625 0.0931320190429688 0.0700607299804687 0.0840606689453125
-0.00638580322265624 0.126197814941406 0.02008056640625 0.0504951477050781
-0.109107971191406 0.0985565185546875 0.0441818237304687 0.0308341979980469
-0.16021728515625 -0.04119873046875 0.0956802368164062 0.0401611328125
-0.109573364257813 -0.120407104492188 0.142745971679688 0.146835327148438
-0.0391998291015625 -0.175521850585937 0.0640869140625 0.308380126953125
-0.068634033203125 -0.26702880859375 0.0598220825195312 0.08331298828125
-0.139205932617187 -0.184921264648438 0.0521049499511719 0.0339736938476562
-0.2374267578125 -0.04669189453125 -0.0249671936035156 0.0111656188964844
-0.16802978515625 0.104263305664063 -0.0243682861328125 0.03619384765625
-0.0462646484375 0.177566528320312 -0.0251655578613281 0.0630950927734375
0.0861129760742188 0.134742736816406 0.031982421875 0.075927734375
0.1434326171875 0.082672119140625 0.0834808349609375 0.0573043823242188
0.135772705078125 0.104522705078125 0.0734100341796875 0.0454864501953125
0.1529541015625 0.0883026123046875 0.0744705200195313 0.050689697265625
0.0949020385742188 0.136672973632813 0.0391464233398438 0.0443229675292969
-0.00726318359375002 0.183090209960938 0.00559806823730469 0.0136957168579102
-0.148117065429688 0.149322509765625 0.0495491027832031 0.00299072265625001
-0.241546630859375 -0.0407257080078125 0.103462219238281 0.0218582153320312
-0.178924560546875 -0.164596557617188 0.12786865234375 0.126487731933594
-0.085205078125 -0.2647705078125 0.0559539794921875 0.24566650390625
-0.093170166015625 -0.314453125 0.0391693115234375 -0.00108337402343752
-0.175018310546875 -0.220687866210938 0.0182418823242187 -0.00102806091308595
-0.289520263671875 -0.057464599609375 -0.0261383056640625 0.0118980407714844
-0.206344604492187 0.123580932617188 -0.0113496780395508 0.0165596008300781
-0.068328857421875 0.210678100585937 -0.0286293029785156 0.0235691070556641
0.089630126953125 0.169769287109375 0.00346565246582032 0.0283470153808594
0.158477783203125 0.108718872070312 0.0259685516357422 0.0243682861328125
0.152435302734375 0.129852294921875 0.0109748840332031 0.0181102752685547
0.17315673828125 0.112655639648438 0.0143489837646484 0.0206871032714844
0.106796264648438 0.159469604492188 -0.00223398208618163 -0.000372648239135732
-0.00502014160156252 0.21356201171875 -0.0147914886474609 -0.0267848968505859
-0.163619995117188 0.178863525390625 0.0463066101074219 -0.0285758972167969
-0.285980224609375 -0.0350341796875 0.0977630615234375 0.00223541259765625
-0.220458984375 -0.182601928710938 0.0915298461914062 0.0959320068359375
-0.116180419921875 -0.311981201171875 0.0340423583984375 0.1590576171875
-0.10662841796875 -0.314117431640625 0.0128021240234375 -0.100532531738281
-0.188888549804687 -0.218780517578125 -0.0238800048828125 -0.0479927062988281
-0.29522705078125 -0.05322265625 -0.0300846099853516 0.00673484802246093
-0.206863403320313 0.126083374023437 -0.000538825988769544 -0.00730085372924804
-0.07537841796875 0.210769653320313 -0.0287132263183594 -0.0213279724121094
0.080474853515625 0.175765991210937 -0.0266990661621094 -0.0258388519287109
0.148818969726563 0.1163330078125 -0.0368118286132812 -0.0142898559570312
0.144607543945312 0.13580322265625 -0.0536537170410156 -0.0111465454101563
0.16571044921875 0.1190185546875 -0.0487556457519531 -0.0108375549316406
0.098388671875 0.15850830078125 -0.0461196899414062 -0.0440025329589844
-0.00793457031250002 0.208297729492188 -0.0352783203125 -0.0642814636230469
-0.156967163085938 0.172821044921875 0.0369720458984375 -0.0579986572265625
-0.278594970703125 -0.03253173828125 0.0819549560546875 -0.013397216796875
-0.217453002929687 -0.175796508789063 0.0418472290039062 0.061767578125
-0.12274169921875 -0.310699462890625 0.00310897827148436 0.0614509582519531
-0.105606079101562 -0.26263427734375 -0.0154266357421875 -0.19683837890625
-0.170578002929687 -0.176559448242188 -0.0677337646484375 -0.0975494384765625
-0.24603271484375 -0.0370941162109375 -0.0347309112548828 -0.00442504882812501
-0.166717529296875 0.106185913085937 0.00490188598632811 -0.0316009521484375
-0.0653839111328125 0.170806884765625 -0.0266494750976563 -0.0614814758300781
0.060272216796875 0.15020751953125 -0.053466796875 -0.0749359130859375
0.116317749023438 0.104415893554688 -0.09344482421875 -0.0505599975585938
0.114540100097656 0.119857788085938 -0.109146118164062 -0.0393295288085938
0.131805419921875 0.110084533691406 -0.104736328125 -0.0417098999023437
0.07012939453125 0.134811401367188 -0.0816650390625 -0.0815200805664062
-0.017852783203125 0.1676025390625 -0.0471572875976563 -0.0938491821289062
-0.1319580078125 0.128524780273438 0.02783203125 -0.077667236328125
-0.221160888671875 -0.0381927490234375 0.06292724609375 -0.0220909118652344
-0.169784545898438 -0.146331787109375 -0.00726699829101564 0.0281085968017578
-0.105178833007812 -0.261627197265625 -0.0267333984375 -0.0301570892333985
-0.087738037109375 -0.170242309570313 -0.0443572998046875 -0.274734497070313
-0.123458862304687 -0.103530883789063 -0.105216979980469 -0.139373779296875
-0.152175903320313 -0.0154266357421875 -0.0414543151855469 -0.0166969299316406
-0.0969085693359375 0.0666046142578125 0.00243759155273437 -0.0476341247558594
-0.0430450439453125 0.102561950683594 -0.0237274169921875 -0.086151123046875
0.03076171875 0.0987777709960938 -0.0718612670898437 -0.108200073242188
0.0667037963867188 0.0752182006835938 -0.135978698730469 -0.0771865844726563
0.06707763671875 0.0855712890625 -0.149154663085938 -0.0617828369140625
0.0768203735351563 0.084625244140625 -0.144363403320313 -0.06756591796875
0.0297470092773438 0.09197998046875 -0.100540161132813 -0.109794616699219
-0.02728271484375 0.102371215820313 -0.0441741943359375 -0.111381530761719
-0.0907363891601563 0.0644760131835938 0.0243759155273437 -0.0859146118164063
-0.132431030273437 -0.04217529296875 0.0457305908203125 -0.0222587585449219
-0.0960540771484375 -0.0980300903320313 -0.0425453186035156 -0.000953674316406261
-0.0706939697265625 -0.173782348632813 -0.0474014282226562 -0.102943420410156
-0.0536918640136719 -0.0513534545898438 -0.070281982421875 -0.319671630859375
-0.0574684143066406 -0.0179901123046875 -0.134735107421875 -0.16644287109375
-0.0388336181640625 0.006927490234375 -0.052276611328125 -0.0260887145996094
-0.0153064727783203 0.0180683135986328 -0.007965087890625 -0.0497932434082031
-0.0162391662597656 0.0199050903320312 -0.0195083618164063 -0.0907821655273438
-0.00348091125488281 0.0334262847900391 -0.0791549682617188 -0.11944580078125
0.00615501403808594 0.0343017578125 -0.157257080078125 -0.09112548828125
0.00933837890625 0.03802490234375 -0.16680908203125 -0.074676513671875
0.0116233825683594 0.046051025390625 -0.161224365234375 -0.0854339599609375
-0.0104904174804687 0.0374946594238281 -0.102363586425781 -0.125030517578125
-0.0281600952148438 0.0271968841552734 -0.0300445556640625 -0.116859436035156
-0.0357627868652344 0.00120544433593751 0.0254974365234375 -0.0834808349609375
-0.0327205657958984 -0.0299835205078125 0.0335655212402344 -0.0180931091308594
-0.0197772979736328 -0.0322952270507813 -0.0600090026855469 -0.0230941772460938
-0.0320243835449219 -0.0619392395019531 -0.0560150146484375 -0.1483154296875
0.000610351562500007 -0.0783004760742188 0.0851287841796875 0.17071533203125
-0.0397911071777344 -0.0516090393066406 0.0861663818359375 0.0537338256835937
-0.0708084106445313 0.00170135498046875 -0.0299530029296875 0.00540542602539063
-0.0410308837890625 0.0460891723632812 -0.0419044494628906 0.0674400329589844
0.0137100219726562 0.0559883117675781 -0.0058746337890625 0.114700317382813
0.0464935302734375 0.0195693969726563 0.0798263549804687 0.131637573242188
0.0543937683105469 0.00087738037109375 0.163604736328125 0.0912322998046875
0.0493049621582031 0.013702392578125 0.165130615234375 0.07806396484375
0.0514030456542969 0.00423049926757813 0.156936645507813 0.0924530029296875
0.0394020080566406 0.0351066589355469 0.0926895141601563 0.116828918457031
0.001678466796875 0.0566902160644531 0.029296875 0.0825042724609375
-0.0536346435546875 0.0452079772949219 0.0340919494628906 0.0514640808105469
-0.0638275146484375 -0.0256233215332031 0.0816268920898437 0.0519866943359375
-0.0338973999023438 -0.0543632507324219 0.143814086914063 0.15789794921875
0.00767135620117188 -0.0615997314453125 0.059112548828125 0.346893310546875
-0.0391387939453125 -0.189315795898438 0.077606201171875 0.145706176757813
-0.0958251953125 -0.127830505371094 0.0779037475585938 0.052947998046875
-0.165176391601563 -0.024505615234375 -0.0253314971923828 0.00857162475585937
-0.1119384765625 0.0801162719726562 -0.0357131958007813 0.0530624389648437
-0.01654052734375 0.126716613769531 -0.0195770263671875 0.0960693359375
0.0733108520507813 0.083465576171875 0.0589218139648438 0.114509582519531
0.109825134277344 0.0457077026367188 0.135231018066406 0.0822067260742188
0.103683471679688 0.0662307739257813 0.131866455078125 0.0676956176757813
0.112396240234375 0.0524826049804688 0.128578186035156 0.0777435302734375
0.0722198486328125 0.096160888671875 0.074188232421875 0.0875625610351563
-0.00662994384765625 0.131423950195313 0.0201950073242188 0.0537071228027344
-0.113998413085937 0.103294372558594 0.0466957092285156 0.0315666198730469
-0.16729736328125 -0.042633056640625 0.0990066528320313 0.0410842895507813
-0.113899230957031 -0.125251770019531 0.147354125976563 0.152252197265625
-0.0419158935546875 -0.183364868164063 0.0650634765625 0.3192138671875
-0.0720062255859375 -0.277023315429687 0.0623321533203125 0.0865402221679688
-0.145523071289062 -0.192245483398438 0.0559730529785156 0.0345458984375
-0.246963500976562 -0.0471649169921875 -0.0238609313964844 0.0130424499511719
-0.174057006835937 0.109024047851563 -0.0247573852539063 0.0373802185058594
-0.0470428466796875 0.184295654296875 -0.0267562866210938 0.0661277770996094
0.0891342163085937 0.139083862304688 0.033203125 0.079345703125
0.14825439453125 0.0855865478515625 0.0884170532226563 0.0589141845703125
0.143234252929688 0.109283447265625 0.077880859375 0.0470657348632813
0.158660888671875 0.0915069580078125 0.0789642333984375 0.0532302856445313
0.098663330078125 0.141357421875 0.0415534973144531 0.0468101501464844
-0.00689697265625001 0.190811157226563 0.00539588928222656 0.0157279968261719
-0.154067993164062 0.156845092773438 0.0527915954589844 0.00304794311523439
-0.252639770507812 -0.04217529296875 0.106483459472656 0.0230484008789062
-0.185791015625 -0.171829223632812 0.132240295410156 0.131362915039063
-0.0898590087890625 -0.276580810546875 0.0569305419921875 0.255630493164063
-0.09771728515625 -0.326812744140625 0.0416450500488281 -0.00041961669921877
-0.1829833984375 -0.230667114257812 0.0201148986816406 -0.00148391723632814
-0.3011474609375 -0.0578002929687501 -0.0247879028320313 0.0143337249755859
-0.21441650390625 0.129074096679688 -0.0113315582275391 0.0179023742675781
-0.069976806640625 0.219619750976563 -0.0295028686523438 0.025228500366211
0.0921478271484375 0.175735473632813 0.00327491760253907 0.0295372009277344
0.1640625 0.112762451171875 0.0275859832763672 0.0241737365722656
0.160293579101562 0.13580322265625 0.0119762420654297 0.0198211669921875
0.17999267578125 0.11602783203125 0.0159416198730469 0.0220928192138672
0.1109619140625 0.1650390625 -0.00185763835906982 0.000666618347167979
-0.00521850585937498 0.2216796875 -0.0154800415039062 -0.0263442993164062
-0.170089721679688 0.18743896484375 0.0496444702148437 -0.0298919677734375
-0.299652099609375 -0.03466796875 0.10052490234375 0.00262451171875
-0.229354858398438 -0.190948486328125 0.0943527221679688 0.100570678710938
-0.122650146484375 -0.325958251953125 0.0339202880859375 0.166152954101562
-0.110565185546875 -0.326812744140625 0.0145111083984375 -0.103591918945313
-0.197158813476563 -0.22906494140625 -0.0245857238769531 -0.0502853393554688
-0.309051513671875 -0.05291748046875 -0.0289783477783203 0.00841331481933593
-0.215438842773437 0.132080078125 0.00015926361083983 -0.0073719024658203
-0.0769805908203125 0.220077514648438 -0.0286674499511719 -0.0216579437255859
0.083251953125 0.181991577148438 -0.0285186767578125 -0.0275840759277344
0.15423583984375 0.120681762695313 -0.0383644104003906 -0.0151939392089844
0.152191162109375 0.141921997070312 -0.0552291870117188 -0.0104255676269531
0.17266845703125 0.1236572265625 -0.0505294799804687 -0.00997543334960938
0.102157592773437 0.164382934570313 -0.0480575561523438 -0.0449981689453125
-0.0080718994140625 0.216445922851563 -0.0366477966308594 -0.0652618408203125
-0.16290283203125 0.180877685546875 0.0393180847167969 -0.0600051879882812
-0.292236328125 -0.032684326171875 0.083984375 -0.014373779296875
-0.226654052734375 -0.183563232421875 0.04296875 0.06488037109375
-0.1298828125 -0.323944091796875 0.00279617309570312 0.0646514892578125
-0.110183715820312 -0.274169921875 -0.015380859375 -0.204360961914063
-0.178878784179688 -0.184967041015625 -0.070159912109375 -0.101829528808594
-0.257919311523437 -0.0380401611328125 -0.0341606140136719 -0.00388336181640625
-0.174102783203125 0.110870361328125 0.00547409057617186 -0.0326747894287109
-0.0671844482421875 0.179367065429688 -0.0266799926757813 -0.0631294250488281
0.0628662109375 0.156570434570313 -0.05621337890625 -0.07861328125
0.121360778808594 0.108566284179688 -0.0979232788085937 -0.052734375
0.121101379394531 0.125541687011719 -0.114669799804687 -0.0396804809570312
0.137718200683594 0.113571166992187 -0.109336853027344 -0.0419540405273438
0.0733871459960937 0.139518737792969 -0.0855255126953125 -0.08380126953125
-0.0178985595703125 0.174118041992187 -0.0486297607421875 -0.0964889526367187
-0.137008666992188 0.134719848632813 0.0302581787109375 -0.0802459716796875
-0.232269287109375 -0.0383148193359375 0.0637893676757812 -0.0221900939941406
-0.176956176757813 -0.1534423828125 -0.00757980346679689 0.0306034088134766
-0.111068725585938 -0.273147583007812 -0.0280208587646484 -0.030599594116211
-0.091064453125 -0.1778564453125 -0.045135498046875 -0.2847900390625
-0.129013061523438 -0.109626770019531 -0.109878540039063 -0.14495849609375
-0.159561157226563 -0.0156707763671875 -0.0424537658691406 -0.0176124572753906
-0.100898742675781 0.0689620971679688 0.00289535522460937 -0.0486984252929687
-0.0444183349609375 0.107994079589844 -0.0233154296875 -0.0894393920898438
0.0326385498046875 0.1036376953125 -0.0757675170898437 -0.1141357421875
0.0693435668945312 0.0780487060546875 -0.142776489257813 -0.0801849365234375
0.0709228515625 0.0895843505859375 -0.156890869140625 -0.0623016357421875
0.0803985595703125 0.0883636474609375 -0.15069580078125 -0.0687713623046875
0.0312957763671875 0.0958709716796875 -0.105720520019531 -0.113571166992188
-0.0281524658203125 0.106178283691406 -0.0460357666015625 -0.115196228027344
-0.0940628051757813 0.0678634643554688 0.0257644653320312 -0.088531494140625
-0.139137268066406 -0.0423126220703125 0.0465774536132812 -0.0225715637207031
-0.10040283203125 -0.1024169921875 -0.0444145202636719 0.000625610351562489
-0.0751800537109375 -0.181777954101562 -0.0488739013671875 -0.106155395507813
-0.0551490783691406 -0.0542335510253906 -0.07110595703125 -0.33172607421875
-0.0595588684082031 -0.0196723937988281 -0.14068603515625 -0.172714233398437
-0.0414314270019531 0.00691986083984374 -0.0546112060546875 -0.0278587341308594
-0.0163021087646484 0.0186805725097656 -0.008575439453125 -0.0510025024414062
-0.0169734954833984 0.0219497680664062 -0.019195556640625 -0.0942001342773438
-0.00257492065429687 0.0359039306640625 -0.0828475952148437 -0.126449584960938
0.00726699829101563 0.0359306335449219 -0.164810180664063 -0.0943145751953125
0.0105361938476563 0.0400543212890625 -0.175827026367187 -0.076324462890625
0.0136032104492188 0.0477371215820313 -0.169586181640625 -0.0875091552734375
-0.0104598999023438 0.0388641357421875 -0.107940673828125 -0.129714965820313
-0.0291290283203125 0.0282974243164062 -0.0309600830078125 -0.121246337890625
-0.0364837646484375 0.00228118896484375 0.0260009765625 -0.0862808227539063
-0.0348758697509766 -0.0305976867675781 0.03387451171875 -0.0180854797363281
-0.0213565826416016 -0.0342864990234375 -0.0625076293945313 -0.0227851867675781
-0.0343208312988281 -0.06512451171875 -0.05792236328125 -0.153457641601563
-0.0015411376953125 -0.0814971923828125 0.093231201171875 0.177093505859375
-0.0426101684570313 -0.0522537231445313 0.0928268432617188 0.0534133911132812
-0.0734405517578125 0.00365447998046876 -0.0298252105712891 0.00713539123535157
-0.0414848327636719 0.0487480163574219 -0.0419540405273438 0.0707855224609375
0.01580810546875 0.0576972961425781 -0.00432586669921875 0.120582580566406
0.0479354858398438 0.0183258056640625 0.08770751953125 0.137252807617188
0.056304931640625 0.000171661376953125 0.175430297851563 0.0908050537109375
0.0510902404785156 0.0125045776367187 0.177780151367188 0.0759735107421875
0.0529518127441406 0.00286865234375 0.169509887695313 0.09246826171875
0.0422592163085938 0.0352516174316406 0.101478576660156 0.120536804199219
0.00328445434570312 0.059234619140625 0.03192138671875 0.0868911743164063
-0.0547828674316406 0.0495223999023437 0.0369873046875 0.0525169372558594
-0.0676803588867188 -0.0253410339355469 0.0875396728515625 0.0508270263671875
-0.0362548828125 -0.0555953979492187 0.153900146484375 0.160385131835938
0.00574493408203125 -0.0642051696777344 0.06817626953125 0.361541748046875
-0.045562744140625 -0.19677734375 0.085723876953125 0.151321411132813
-0.103706359863281 -0.131454467773437 0.0843887329101563 0.0527801513671875
-0.17279052734375 -0.02069091796875 -0.0244464874267578 0.0108737945556641
-0.115257263183594 0.0869064331054688 -0.0357551574707031 0.0562400817871094
-0.0131149291992188 0.132469177246094 -0.0185699462890625 0.101570129394531
0.0780181884765625 0.0849533081054688 0.0651702880859375 0.119926452636719
0.115188598632813 0.0449905395507813 0.145156860351563 0.0816802978515625
0.111366271972656 0.0670700073242188 0.1422119140625 0.06671142578125
0.118919372558594 0.0520248413085938 0.138893127441406 0.0782928466796875
0.077362060546875 0.0983505249023438 0.0813751220703125 0.0913925170898438
-0.00370788574218749 0.137580871582031 0.022247314453125 0.0571022033691406
-0.11669921875 0.112274169921875 0.0501060485839844 0.0311050415039063
-0.177978515625 -0.0398406982421875 0.104095458984375 0.0400009155273438
-0.121810913085937 -0.128700256347656 0.157562255859375 0.154861450195313
-0.04931640625 -0.19122314453125 0.074066162109375 0.33306884765625
-0.08203125 -0.2879638671875 0.0687179565429688 0.089691162109375
-0.158050537109375 -0.198043823242187 0.06060791015625 0.0335197448730469
-0.259536743164063 -0.042022705078125 -0.0220584869384766 0.0156936645507812
-0.179458618164063 0.118515014648437 -0.0241775512695313 0.0401725769042969
-0.0435638427734375 0.194290161132813 -0.026519775390625 0.0704116821289063
0.09576416015625 0.143035888671875 0.0373458862304688 0.0833892822265625
0.156982421875 0.08544921875 0.0948867797851563 0.058319091796875
0.154510498046875 0.110748291015625 0.0848388671875 0.0471038818359375
0.168685913085938 0.090972900390625 0.0864715576171875 0.0533218383789063
0.106887817382813 0.144989013671875 0.0463371276855469 0.0490379333496094
-0.00215148925781248 0.19964599609375 0.00603866577148438 0.0179767608642578
-0.15765380859375 0.169631958007813 0.0564727783203125 0.00159072875976564
-0.267913818359375 -0.0370941162109375 0.111007690429688 0.021209716796875
-0.1993408203125 -0.17626953125 0.140823364257813 0.134140014648438
-0.102630615234375 -0.2884521484375 0.064361572265625 0.266250610351563
-0.110748291015625 -0.340911865234375 0.0446052551269531 -0.0013847351074219
-0.198593139648437 -0.2374267578125 0.0224151611328125 -0.00311660766601564
-0.31805419921875 -0.0510864257812499 -0.023763656616211 0.0161228179931641
-0.220916748046875 0.14129638671875 -0.0107345581054688 0.01922607421875
-0.06640625 0.232559204101563 -0.0300865173339844 0.027801513671875
0.10101318359375 0.181350708007813 0.0038738250732422 0.0315914154052735
0.174453735351563 0.113418579101563 0.029806137084961 0.0237045288085938
0.174362182617187 0.138687133789062 0.014373779296875 0.0205554962158203
0.192184448242188 0.11639404296875 0.0190505981445313 0.0233383178710938
0.120040893554687 0.170150756835938 -0.00133252143859863 0.00116360187530519
0.000564575195312514 0.23358154296875 -0.0168228149414063 -0.0255050659179687
-0.173431396484375 0.202438354492188 0.0526885986328125 -0.0329933166503906
-0.3170166015625 -0.0276489257812501 0.104110717773437 0.000518798828124998
-0.245590209960937 -0.1954345703125 0.101150512695312 0.103324890136719
-0.13848876953125 -0.339447021484375 0.0388336181640625 0.173324584960937
-0.12445068359375 -0.34027099609375 0.0135040283203125 -0.108604431152344
-0.21417236328125 -0.23583984375 -0.0263633728027344 -0.0528907775878906
-0.32623291015625 -0.0466613769531251 -0.0277137756347656 0.0100898742675781
-0.222885131835938 0.14434814453125 0.000237941741943345 -0.00705671310424804
-0.074066162109375 0.233901977539062 -0.0304889678955078 -0.0211963653564453
0.091949462890625 0.18902587890625 -0.0312976837158203 -0.0280933380126953
0.164962768554688 0.122146606445312 -0.0407981872558594 -0.0158157348632813
0.16656494140625 0.144851684570313 -0.0582160949707031 -0.00888824462890625
0.185028076171875 0.124649047851563 -0.0525054931640625 -0.00819396972656249
0.111480712890625 0.169723510742188 -0.0517311096191406 -0.0451736450195312
-0.00222778320312498 0.2269287109375 -0.0400009155273437 -0.0661277770996093
-0.166549682617188 0.195343017578125 0.041534423828125 -0.0638351440429687
-0.3094482421875 -0.024505615234375 0.0869369506835937 -0.0163497924804688
-0.242111206054687 -0.187225341796875 0.0461845397949219 0.0681228637695313
-0.146331787109375 -0.3380126953125 0.00390243530273436 0.0686721801757812
-0.121429443359375 -0.28564453125 -0.0203857421875 -0.212905883789063
-0.193984985351562 -0.190872192382813 -0.0761337280273438 -0.105224609375
-0.27264404296875 -0.0324249267578125 -0.034597396850586 -0.00277709960937501
-0.180267333984375 0.121200561523438 0.0052356719970703 -0.0331134796142578
-0.0642852783203125 0.191543579101563 -0.0285453796386719 -0.0652923583984375
0.070068359375 0.1622314453125 -0.0619735717773437 -0.082244873046875
0.129867553710938 0.110366821289063 -0.104827880859375 -0.0533065795898437
0.133682250976563 0.128997802734375 -0.121803283691406 -0.0371170043945312
0.148513793945312 0.11578369140625 -0.115966796875 -0.0394821166992187
0.0800628662109375 0.14471435546875 -0.0925750732421875 -0.0856552124023437
-0.013702392578125 0.182876586914063 -0.052642822265625 -0.0990142822265625
-0.140045166015625 0.146163940429688 0.0303802490234375 -0.0846939086914062
-0.247177124023438 -0.032562255859375 0.0653762817382812 -0.0239105224609375
-0.189651489257813 -0.157424926757812 -0.00749206542968751 0.0334014892578125
-0.124664306640625 -0.28497314453125 -0.0298976898193359 -0.0305976867675781
-0.0996856689453125 -0.185272216796875 -0.053985595703125 -0.2967529296875
-0.138603210449219 -0.112709045410156 -0.119338989257813 -0.149246215820313
-0.16986083984375 -0.0126953125 -0.0447425842285156 -0.0170021057128906
-0.104881286621094 0.0751266479492188 0.00178146362304687 -0.0504684448242187
-0.0431137084960938 0.115890502929688 -0.0259475708007813 -0.0932693481445312
0.0371856689453125 0.108230590820312 -0.0833282470703125 -0.11895751953125
0.0753555297851563 0.0801010131835938 -0.153305053710938 -0.0808868408203125
0.0792007446289063 0.0930099487304688 -0.167404174804688 -0.05987548828125
0.0882415771484375 0.0907058715820313 -0.161041259765625 -0.06640625
0.0352783203125 0.0999832153320313 -0.114669799804687 -0.115913391113281
-0.0260391235351563 0.11236572265625 -0.0504150390625 -0.119163513183594
-0.0967864990234375 0.0743865966796875 0.0250701904296875 -0.0931777954101563
-0.148544311523438 -0.0394744873046875 0.0473060607910156 -0.0239944458007813
-0.10858154296875 -0.105979919433594 -0.0461692810058594 0.00308227539062499
-0.0836944580078125 -0.189987182617188 -0.053375244140625 -0.109642028808594
-0.05902099609375 -0.0568084716796875 -0.08270263671875 -0.344818115234375
-0.0628089904785156 -0.0200729370117187 -0.152511596679687 -0.17755126953125
-0.0449104309082031 0.00712966918945313 -0.0579948425292969 -0.0282478332519531
-0.0174427032470703 0.0193138122558594 -0.00969696044921875 -0.0529594421386719
-0.0169887542724609 0.0247173309326172 -0.0211334228515625 -0.0991439819335938
-0.00152206420898437 0.0386772155761719 -0.0911331176757812 -0.132255554199219
0.00835800170898438 0.0377426147460938 -0.177597045898438 -0.09381103515625
0.013031005859375 0.042388916015625 -0.188385009765625 -0.0737762451171875
0.0162200927734375 0.0505867004394531 -0.181411743164063 -0.085052490234375
-0.0099029541015625 0.0417594909667969 -0.117378234863281 -0.132553100585937
-0.0292873382568359 0.0309486389160156 -0.0347900390625 -0.125984191894531
-0.0383567810058594 0.00349426269531251 0.0249252319335938 -0.0904541015625
-0.03857421875 -0.0301666259765625 0.0344715118408203 -0.019012451171875
-0.0238609313964844 -0.0358314514160156 -0.0655593872070313 -0.0210380554199219
-0.0380401611328125 -0.0681991577148438 -0.0633697509765625 -0.159149169921875
-0.00510406494140626 -0.0833663940429687 0.10498046875 0.178955078125
-0.0459480285644531 -0.0515785217285156 0.100105285644531 0.0500946044921875
-0.0746688842773438 0.00769042968749999 -0.0285530090332031 0.00872802734375
-0.0402755737304688 0.052276611328125 -0.0399093627929688 0.0743179321289063
0.0193252563476563 0.0577545166015625 0.000785827636718749 0.125816345214844
0.0494728088378906 0.0158195495605469 0.0980682373046875 0.139915466308594
0.057525634765625 -0.00269699096679688 0.187347412109375 0.08489990234375
0.0534439086914062 0.0105781555175781 0.189498901367188 0.0690155029296875
0.053863525390625 0.00046539306640625 0.18212890625 0.08636474609375
0.0450782775878906 0.0339927673339844 0.112846374511719 0.120536804199219
0.00619125366210937 0.0608787536621094 0.0363845825195313 0.089691162109375
-0.0537567138671875 0.0545463562011719 0.0411453247070312 0.0516586303710937
-0.0716934204101563 -0.0234222412109375 0.09210205078125 0.0469436645507813
-0.0397491455078125 -0.05517578125 0.165573120117188 0.157867431640625
0.00215148925781249 -0.0666122436523437 0.085052490234375 0.370880126953125
-0.0565643310546875 -0.200592041015625 0.0953521728515625 0.152572631835938
-0.113265991210938 -0.130104064941406 0.091339111328125 0.0491790771484375
-0.179229736328125 -0.0121002197265625 -0.0225238800048828 0.0128822326660156
-0.114250183105469 0.0950927734375 -0.0337867736816406 0.0591659545898438
-0.00704956054687499 0.136802673339844 -0.014556884765625 0.106674194335938
0.0832366943359375 0.0833206176757813 0.0736312866210938 0.122413635253906
0.120513916015625 0.0413665771484375 0.15594482421875 0.0764923095703125
0.119293212890625 0.0639266967773437 0.152618408203125 0.0612335205078125
0.124977111816406 0.0480499267578125 0.150131225585938 0.0736083984375
0.08477783203125 0.097503662109375 0.090087890625 0.0912322998046875
0.00265502929687501 0.143234252929688 0.0252723693847656 0.0592994689941406
-0.115264892578125 0.123321533203125 0.0544967651367187 0.0289878845214844
-0.186996459960938 -0.03277587890625 0.108787536621094 0.0353546142578125
-0.132156372070312 -0.127265930175781 0.168746948242188 0.152847290039063
-0.0612335205078125 -0.195907592773438 0.089691162109375 0.341033935546875
-0.098297119140625 -0.293914794921875 0.0761337280273438 0.0894393920898437
-0.172409057617188 -0.197219848632813 0.0656967163085937 0.0310745239257812
-0.2701416015625 -0.02984619140625 -0.0193920135498047 0.0178775787353516
-0.179367065429687 0.130767822265625 -0.0222358703613281 0.0429306030273438
-0.034759521484375 0.20257568359375 -0.0239639282226562 0.0746536254882813
0.1046142578125 0.142898559570313 0.0423965454101563 0.0857391357421875
0.16571044921875 0.0804595947265625 0.101982116699219 0.0542831420898438
0.167678833007812 0.107559204101562 0.0916671752929688 0.0443267822265625
0.179122924804688 0.08642578125 0.0943374633789063 0.0512313842773438
0.117568969726563 0.144775390625 0.0511398315429688 0.0486564636230469
0.00677490234375001 0.207427978515625 0.00689697265625 0.0201778411865235
-0.1551513671875 0.184066772460938 0.059783935546875 -0.00205612182617186
-0.280487060546875 -0.0242004394531249 0.115348815917969 0.01708984375
-0.214553833007813 -0.173995971679687 0.15087890625 0.132965087890625
-0.121337890625 -0.293701171875 0.0775604248046875 0.273300170898438
-0.130279541015625 -0.347320556640625 0.0470390319824219 -0.0032157897949219
-0.2174072265625 -0.236404418945313 0.0239524841308594 -0.00532722473144533
-0.332550048828125 -0.037109375 -0.02099609375 0.0191192626953125
-0.221359252929688 0.156524658203125 -0.00930213928222657 0.0207633972167969
-0.0563507080078125 0.24420166015625 -0.0293254852294922 0.0308380126953125
0.112197875976563 0.182327270507813 0.00515174865722657 0.0327529907226563
0.185104370117188 0.108551025390625 0.0325393676757813 0.0221157073974609
0.18963623046875 0.135147094726563 0.0174179077148438 0.0208950042724609
0.205947875976563 0.110946655273437 0.0228500366210938 0.0238037109375
0.132308959960937 0.170150756835937 -0.000969886779785148 0.00147926807403566
0.011962890625 0.241378784179688 -0.0180416107177734 -0.023904800415039
-0.170135498046875 0.219512939453125 0.0546760559082031 -0.037567138671875
-0.33184814453125 -0.01141357421875 0.107147216796875 -0.003509521484375
-0.263595581054688 -0.191970825195312 0.109230041503906 0.103042602539062
-0.16162109375 -0.345001220703125 0.0477294921875 0.178207397460937
-0.14453125 -0.346954345703125 0.00991821289062499 -0.112380981445313
-0.234207153320313 -0.23443603515625 -0.0294380187988282 -0.0540733337402344
-0.34228515625 -0.0316162109375 -0.0265579223632813 0.0128078460693359
-0.223876953125 0.160430908203125 0.0012679100036621 -0.00650453567504882
-0.064056396484375 0.246673583984375 -0.0317440032958984 -0.0199699401855469
0.104522705078125 0.19085693359375 -0.0345325469970703 -0.0280246734619141
0.1763916015625 0.118621826171875 -0.0430221557617187 -0.0153999328613281
0.182525634765625 0.142654418945313 -0.0597801208496094 -0.00510406494140625
0.199142456054688 0.1204833984375 -0.0530357360839844 -0.00477600097656248
0.123397827148438 0.169937133789063 -0.0553779602050781 -0.0439720153808594
0.00840759277343751 0.23516845703125 -0.0436668395996094 -0.0654182434082031
-0.16290283203125 0.2113037109375 0.0412635803222656 -0.0687370300292969
-0.323699951171875 -0.00866699218750001 0.0885391235351562 -0.0198211669921875
-0.260589599609375 -0.183944702148438 0.0511550903320312 0.06927490234375
-0.16973876953125 -0.3438720703125 0.00699615478515625 0.071685791015625
-0.13818359375 -0.291259765625 -0.030181884765625 -0.218978881835938
-0.21026611328125 -0.189163208007812 -0.0841522216796875 -0.105964660644531
-0.286651611328125 -0.01904296875 -0.0348148345947266 -0.000631332397460944
-0.181564331054687 0.134017944335938 0.00469970703124999 -0.0335540771484375
-0.056427001953125 0.202972412109375 -0.0319938659667969 -0.0662841796875
0.0802154541015625 0.165374755859375 -0.0692901611328125 -0.0830307006835937
0.13946533203125 0.108200073242188 -0.112525939941406 -0.0501022338867187
0.146682739257813 0.127334594726563 -0.128036499023437 -0.0309982299804688
0.160842895507813 0.112472534179688 -0.121559143066406 -0.0335464477539063
0.0897979736328125 0.145843505859375 -0.100448608398438 -0.0836944580078125
-0.00541687011718749 0.189987182617188 -0.0588226318359375 -0.0991668701171875
-0.138214111328125 0.159011840820313 0.0286026000976562 -0.0891265869140625
-0.258987426757813 -0.0198822021484375 0.0660972595214844 -0.0263137817382813
-0.204437255859375 -0.154861450195312 -0.00588989257812501 0.0363655090332031
-0.143646240234375 -0.28955078125 -0.031768798828125 -0.029754638671875
-0.111480712890625 -0.18865966796875 -0.068511962890625 -0.304229736328125
-0.149093627929688 -0.111282348632813 -0.1314697265625 -0.148529052734375
-0.178390502929688 -0.00442504882812503 -0.0466804504394531 -0.015350341796875
-0.105857849121094 0.0831298828125 1.52587890624921E-05 -0.0512809753417969
-0.0379257202148438 0.123062133789063 -0.0298614501953125 -0.0958251953125
0.044219970703125 0.110710144042969 -0.0932846069335938 -0.121078491210938
0.0819473266601563 0.0797195434570313 -0.164077758789063 -0.07574462890625
0.08837890625 0.0926132202148438 -0.177658081054688 -0.0521697998046875
0.0976104736328125 0.0894775390625 -0.170135498046875 -0.058990478515625
0.0413818359375 0.102447509765625 -0.125251770019531 -0.113899230957031
-0.0214614868164062 0.117538452148438 -0.0570297241210937 -0.120307922363281
-0.0962142944335938 0.0825271606445313 0.0222244262695312 -0.0974655151367188
-0.156951904296875 -0.0324859619140625 0.0473709106445312 -0.025299072265625
-0.117393493652344 -0.104888916015625 -0.046844482421875 0.00722885131835938
-0.0968780517578125 -0.193511962890625 -0.0592269897460938 -0.110649108886719
-0.06329345703125 -0.0575218200683594 -0.10052490234375 -0.35247802734375
-0.0662269592285156 -0.0190277099609375 -0.167388916015625 -0.175979614257812
-0.0475578308105469 0.00952911376953126 -0.0619125366210938 -0.0264854431152344
-0.0180683135986328 0.0213546752929688 -0.0124855041503906 -0.0533866882324219
-0.0158176422119141 0.0275783538818359 -0.0257492065429687 -0.102279663085938
0.00139617919921875 0.040740966796875 -0.101905822753906 -0.134994506835938
0.0110206604003906 0.0388870239257813 -0.189895629882813 -0.08831787109375
0.0171699523925781 0.0433425903320313 -0.19989013671875 -0.0650634765625
0.02069091796875 0.0518913269042969 -0.1929931640625 -0.077880859375
-0.00799179077148437 0.04437255859375 -0.129287719726563 -0.13140869140625
-0.0286121368408203 0.0337486267089844 -0.041717529296875 -0.128837585449219
-0.0394935607910156 0.00563812255859376 0.0216903686523437 -0.0936355590820312
-0.0424041748046875 -0.0283126831054688 0.0344314575195313 -0.0202140808105469
-0.0272254943847656 -0.0364799499511719 -0.0682601928710937 -0.0170440673828125
-0.04290771484375 -0.0697097778320313 -0.071563720703125 -0.16168212890625
-0.00952148437499999 -0.08294677734375 0.114181518554687 0.1763916015625
-0.0478172302246094 -0.0491943359375 0.104743957519531 0.0443801879882812
-0.073486328125 0.0106735229492187 -0.0265674591064453 0.00970458984375
-0.0380401611328125 0.0543861389160156 -0.0362548828125 0.0762786865234375
0.0218276977539063 0.0568580627441406 0.00670623779296874 0.127754211425781
0.0496788024902344 0.0131645202636719 0.107192993164063 0.137794494628906
0.0578765869140625 -0.00534439086914063 0.194717407226563 0.075531005859375
0.0548286437988281 0.00807952880859375 0.196762084960938 0.058349609375
0.0534553527832031 -0.0023193359375 0.190536499023438 0.076934814453125
0.0464744567871094 0.0313262939453125 0.121749877929687 0.116836547851563
0.0094146728515625 0.0615653991699219 0.0405960083007813 0.0902557373046875
-0.0509605407714844 0.0584564208984375 0.0434150695800781 0.0494194030761719
-0.0739288330078125 -0.02008056640625 0.0942459106445312 0.0415573120117187
-0.0422592163085937 -0.0528144836425781 0.173370361328125 0.150955200195313
-0.00163650512695312 -0.0663223266601562 0.101470947265625 0.37042236328125
-0.0666656494140625 -0.199066162109375 0.10394287109375 0.149856567382812
-0.120407104492188 -0.125801086425781 0.09539794921875 0.0435104370117188
-0.180816650390625 -0.00370788574218747 -0.0195255279541016 0.01397705078125
-0.1103515625 0.101112365722656 -0.0305099487304687 0.0606880187988281
-4.57763671874932E-05 0.138282775878906 -0.00993347167968751 0.109321594238281
0.08734130859375 0.0799179077148437 0.0812225341796875 0.121253967285156
0.123565673828125 0.0361251831054687 0.162506103515625 0.068572998046875
0.125053405761719 0.058868408203125 0.159072875976563 0.0523834228515625
0.128273010253906 0.0427322387695312 0.15765380859375 0.0654754638671875
0.0906143188476563 0.0937576293945313 0.0970306396484375 0.0879287719726562
0.01007080078125 0.144943237304688 0.0284538269042969 0.0611724853515625
-0.110298156738281 0.131195068359375 0.0570411682128906 0.0257530212402344
-0.191604614257813 -0.02337646484375 0.110847473144531 0.0298614501953125
-0.139579772949219 -0.122825622558594 0.1767578125 0.146102905273438
-0.072174072265625 -0.194580078125 0.105255126953125 0.3404541015625
-0.1134033203125 -0.29266357421875 0.0811767578125 0.0868911743164062
-0.183944702148438 -0.190383911132813 0.068939208984375 0.0264968872070312
-0.274459838867188 -0.0162353515625001 -0.0157299041748047 0.0188140869140625
-0.174728393554688 0.1405029296875 -0.019256591796875 0.0438346862792969
-0.0242919921875 0.206649780273438 -0.0210647583007812 0.0778427124023438
0.111854553222656 0.138626098632813 0.0473098754882812 0.08575439453125
0.171249389648437 0.073333740234375 0.105918884277344 0.0485992431640625
0.176986694335938 0.10052490234375 0.0970840454101563 0.0394821166992188
0.18536376953125 0.078094482421875 0.100448608398438 0.0462417602539063
0.125213623046875 0.140029907226563 0.0550460815429688 0.0470008850097656
0.017608642578125 0.209976196289063 0.00823974609375 0.0212669372558594
-0.148040771484375 0.195343017578125 0.0613136291503906 -0.00670242309570311
-0.28631591796875 -0.00961303710937499 0.11651611328125 0.0114288330078125
-0.225357055664063 -0.166641235351562 0.157943725585938 0.127349853515625
-0.13812255859375 -0.29107666015625 0.0896148681640625 0.273300170898438
-0.147796630859375 -0.345489501953125 0.0478782653808594 -0.00522232055664064
-0.231765747070313 -0.229141235351562 0.0241680145263672 -0.00769615173339845
-0.3388671875 -0.019195556640625 -0.0176010131835938 0.0202484130859375
-0.216537475585938 0.169158935546875 -0.00696563720703126 0.021820068359375
-0.043731689453125 0.249847412109375 -0.0281085968017578 0.0335865020751953
0.122268676757813 0.178878784179688 0.00707626342773438 0.0334358215332031
0.19244384765625 0.100875854492188 0.0340957641601563 0.0196418762207031
0.2017822265625 0.126861572265625 0.0199069976806641 0.0203495025634766
0.214675903320312 0.101730346679688 0.0268287658691406 0.0229225158691406
0.142227172851563 0.1650390625 6.16312026977625E-05 0.00199234485626222
0.0239715576171875 0.24462890625 -0.0189189910888672 -0.0218124389648437
-0.1611328125 0.231338500976563 0.0545768737792969 -0.0418968200683594
-0.337432861328125 0.00616455078125002 0.107536315917969 -0.008087158203125
-0.275619506835937 -0.18243408203125 0.114700317382812 0.0997390747070312
-0.180694580078125 -0.34173583984375 0.0558013916015625 0.178726196289062
-0.16351318359375 -0.345550537109375 0.0053558349609375 -0.113929748535156
-0.248764038085937 -0.226882934570313 -0.0326423645019531 -0.0542144775390625
-0.34857177734375 -0.01312255859375 -0.0243663787841797 0.0138835906982422
-0.218917846679688 0.173690795898438 0.00214433670043944 -0.00601005554199218
-0.051361083984375 0.253128051757813 -0.0324020385742188 -0.0183200836181641
0.114166259765625 0.188064575195313 -0.0364952087402344 -0.0262107849121094
0.184036254882812 0.11151123046875 -0.0451698303222656 -0.0136032104492188
0.194717407226563 0.134811401367188 -0.0600967407226562 -0.00201034545898437
0.20892333984375 0.11065673828125 -0.0522918701171875 -0.002227783203125
0.133010864257813 0.16558837890625 -0.0584335327148438 -0.0409317016601562
0.0203094482421875 0.23828125 -0.0468597412109375 -0.0630416870117187
-0.154403686523438 0.22265625 0.0396804809570313 -0.0726394653320313
-0.329132080078125 0.00885009765624995 0.0876922607421875 -0.0226898193359375
-0.273162841796875 -0.174331665039063 0.055267333984375 0.0695228576660156
-0.18896484375 -0.33990478515625 0.0110931396484375 0.0724411010742187
-0.15460205078125 -0.2899169921875 -0.03985595703125 -0.219329833984375
-0.223007202148438 -0.182540893554687 -0.090728759765625 -0.1033935546875
-0.292388916015625 -0.00433349609374996 -0.0343379974365235 0.00159454345703125
-0.178131103515625 0.144927978515625 0.00424003601074218 -0.033111572265625
-0.0461578369140625 0.208984375 -0.0346412658691406 -0.064971923828125
0.090087890625 0.163711547851563 -0.075103759765625 -0.081451416015625
0.146774291992187 0.102828979492188 -0.11767578125 -0.0453338623046875
0.157562255859375 0.121322631835938 -0.131149291992188 -0.0238418579101562
0.170089721679688 0.104873657226563 -0.123199462890625 -0.0269927978515625
0.0978240966796875 0.143203735351563 -0.106315612792969 -0.0791778564453125
0.00407409667968752 0.192733764648438 -0.0633163452148438 -0.0963668823242187
-0.131500244140625 0.168563842773438 0.0261077880859375 -0.0925369262695312
-0.264205932617188 -0.00512695312500001 0.0650405883789062 -0.0286712646484375
-0.214630126953125 -0.148056030273437 -0.00331878662109377 0.0385169982910156
-0.160797119140625 -0.28662109375 -0.0325946807861328 -0.0283699035644531
-0.122024536132813 -0.187759399414063 -0.082733154296875 -0.3033447265625
-0.1578369140625 -0.1063232421875 -0.14111328125 -0.143966674804687
-0.182952880859375 0.00543212890625001 -0.0473823547363281 -0.0132331848144531
-0.103538513183594 0.0897293090820312 -0.00164794921875001 -0.0507087707519531
-0.0319061279296875 0.127395629882813 -0.0337677001953125 -0.0957489013671875
0.0507583618164062 0.111312866210938 -0.101631164550781 -0.119148254394531
0.0869064331054688 0.0772628784179688 -0.17230224609375 -0.068267822265625
0.0963668823242187 0.0893325805664063 -0.182418823242188 -0.041900634765625
0.10467529296875 0.085174560546875 -0.175064086914063 -0.049346923828125
0.047149658203125 0.101669311523438 -0.13330078125 -0.108421325683594
-0.0155792236328125 0.120292663574219 -0.0628662109375 -0.119384765625
-0.0937042236328125 0.0887985229492187 0.0188522338867187 -0.0991668701171875
-0.161453247070313 -0.02374267578125 0.0464363098144531 -0.0267715454101563
-0.124641418457031 -0.101661682128906 -0.0462760925292969 0.0112037658691406
-0.108306884765625 -0.190948486328125 -0.063751220703125 -0.10894775390625
-0.0670700073242188 -0.057220458984375 -0.11700439453125 -0.35089111328125
-0.0683135986328125 -0.0167617797851563 -0.179122924804687 -0.169921875
-0.0489234924316406 0.0122795104980469 -0.0642127990722656 -0.0237884521484375
-0.0184726715087891 0.0227890014648438 -0.0147857666015625 -0.0523605346679688
-0.0145473480224609 0.029022216796875 -0.0299148559570312 -0.102981567382813
0.00395965576171875 0.0417747497558594 -0.111724853515625 -0.133415222167969
0.0131263732910156 0.0392723083496094 -0.1990966796875 -0.0785064697265625
0.0201301574707031 0.04296875 -0.206695556640625 -0.0539398193359375
0.0248908996582031 0.0511856079101563 -0.199813842773438 -0.0672454833984375
-0.00591659545898438 0.0455970764160156 -0.138748168945313 -0.125694274902344
-0.02734375 0.0354576110839844 -0.0477447509765625 -0.129112243652344
-0.0399093627929688 0.00824737548828125 0.0176315307617188 -0.0957260131835938
-0.0450553894042969 -0.026092529296875 0.0338287353515625 -0.021087646484375
-0.0301589965820313 -0.0359535217285156 -0.0686759948730469 -0.0125236511230469
-0.0474433898925781 -0.0689506530761719 -0.0782623291015625 -0.160537719726563
-0.0123214721679688 -0.0811920166015625 0.119033813476563 0.173385620117188
-0.0478439331054688 -0.0471229553222656 0.106925964355469 0.0392913818359375
-0.0718460083007813 0.01214599609375 -0.0246849060058594 0.00968742370605468
-0.0363197326660156 0.0551528930664063 -0.0344467163085938 0.0762176513671875
0.0234870910644531 0.0550155639648437 0.0093994140625 0.128822326660156
0.0489730834960938 0.0111656188964844 0.112579345703125 0.135734558105469
0.0573921203613281 -0.00715255737304688 0.197891235351563 0.0676422119140625
0.0554847717285156 0.00635147094726563 0.200775146484375 0.05023193359375
0.0523490905761719 -0.00345611572265625 0.194671630859375 0.0694427490234375
0.0472297668457031 0.0291213989257812 0.127296447753906 0.1134033203125
0.0115203857421875 0.0611572265625 0.0430450439453125 0.0909271240234375
-0.0488052368164063 0.0605659484863281 0.0448417663574219 0.0475196838378906
-0.074798583984375 -0.0179290771484375 0.094635009765625 0.037567138671875
-0.0432968139648438 -0.0509872436523438 0.176925659179688 0.145263671875
-0.00367355346679687 -0.0653915405273438 0.1103515625 0.367156982421875
-0.0720062255859375 -0.196533203125 0.107986450195313 0.146514892578125
-0.123245239257812 -0.121315002441406 0.0977249145507812 0.0389862060546875
-0.180450439453125 0.00241088867187497 -0.0173854827880859 0.013545036315918
-0.107040405273438 0.103981018066406 -0.0283126831054688 0.0610580444335937
0.00460052490234376 0.136985778808594 -0.00720214843749999 0.11077880859375
0.0884933471679688 0.0762863159179688 0.0857315063476563 0.120429992675781
0.124679565429687 0.0321197509765625 0.165115356445313 0.062469482421875
0.128532409667969 0.0548477172851562 0.162261962890625 0.046142578125
0.129501342773437 0.0384674072265625 0.16204833984375 0.05908203125
0.0924072265625 0.0909500122070313 0.101478576660156 0.084930419921875
0.0143890380859375 0.14495849609375 0.030364990234375 0.0618705749511719
-0.105911254882812 0.135459899902344 0.0579566955566406 0.0229110717773438
-0.1932373046875 -0.0165252685546875 0.110237121582031 0.025390625
-0.142868041992188 -0.118606567382812 0.180221557617188 0.140777587890625
-0.078338623046875 -0.192306518554688 0.113128662109375 0.338043212890625
-0.121734619140625 -0.28814697265625 0.0838394165039062 0.0843658447265625
-0.1895751953125 -0.184478759765625 0.0700416564941406 0.0226173400878906
-0.274459838867188 -0.0065155029296875 -0.0134658813476563 0.0189285278320312
-0.170333862304687 0.145370483398438 -0.0173873901367188 0.04400634765625
-0.0174560546875 0.206558227539063 -0.0186691284179687 0.0791702270507813
0.115226745605469 0.134429931640625 0.050384521484375 0.0852508544921875
0.173110961914063 0.067840576171875 0.107986450195313 0.0445175170898438
0.182479858398438 0.0944976806640625 0.099639892578125 0.0352859497070313
0.188522338867188 0.0718994140625 0.104454040527344 0.0418014526367188
0.12939453125 0.136009216308594 0.0576171875 0.04547119140625
0.0240020751953125 0.209854125976563 0.00920486450195313 0.0231246948242188
-0.141464233398438 0.201126098632813 0.0621070861816406 -0.00982666015624999
-0.287811279296875 0.000335693359374978 0.115676879882812 0.007904052734375
-0.2301025390625 -0.1600341796875 0.160797119140625 0.123382568359375
-0.1468505859375 -0.286834716796875 0.096527099609375 0.271026611328125
-0.158203125 -0.34088134765625 0.0478172302246094 -0.00671386718750002
-0.238815307617188 -0.22119140625 0.0241756439208984 -0.00969505310058595
-0.339080810546875 -0.00680541992187503 -0.0150985717773438 0.02069091796875
-0.210922241210938 0.175613403320313 -0.00480270385742189 0.0216541290283203
-0.03521728515625 0.251602172851563 -0.0268478393554688 0.0351371765136719
0.126449584960938 0.174484252929688 0.00818634033203126 0.0340614318847656
0.195022583007813 0.0950927734375 0.0342960357666016 0.0181751251220703
0.208709716796875 0.12005615234375 0.0218448638916016 0.0192794799804688
0.21826171875 0.093902587890625 0.0298881530761719 0.0211181640625
0.146865844726563 0.160446166992188 0.000175714492797861 0.00279426574707032
0.0319366455078125 0.24395751953125 -0.0191764831542969 -0.0196685791015625
-0.153579711914062 0.237808227539062 0.0539817810058594 -0.0448074340820312
-0.338653564453125 0.0184326171875 0.106491088867187 -0.0107269287109375
-0.28143310546875 -0.17510986328125 0.117424011230469 0.0972137451171875
-0.192169189453125 -0.336181640625 0.0609588623046875 0.177352905273437
-0.174072265625 -0.342742919921875 0.00262451171874998 -0.113357543945313
-0.25689697265625 -0.21929931640625 -0.0343017578125 -0.05377197265625
-0.35040283203125 -0.00039672851562504 -0.0218238830566406 0.015625
-0.213470458984375 0.180374145507813 0.00359010696411131 -0.00555229187011718
-0.0418853759765625 0.25579833984375 -0.0327262878417969 -0.0164756774902344
0.11993408203125 0.184982299804688 -0.0385551452636719 -0.0248756408691406
0.187515258789063 0.106124877929688 -0.046600341796875 -0.0124778747558594
0.202316284179688 0.127670288085938 -0.0592842102050781 0.000518798828125014
0.213897705078125 0.102554321289062 -0.0502586364746094 -0.000793457031249992
0.138320922851563 0.161392211914063 -0.059539794921875 -0.0386581420898438
0.028533935546875 0.237808227539063 -0.0478973388671875 -0.0602455139160156
-0.14752197265625 0.228713989257812 0.0381088256835937 -0.0751113891601562
-0.330047607421875 0.0206909179687501 0.0869293212890625 -0.0242156982421875
-0.278945922851563 -0.167877197265625 0.058258056640625 0.0691490173339844
-0.200408935546875 -0.3338623046875 0.013580322265625 0.0724334716796875
-0.163482666015625 -0.2867431640625 -0.0453948974609375 -0.218185424804688
-0.229629516601562 -0.176239013671875 -0.09466552734375 -0.1007080078125
-0.294219970703125 0.00732421875000006 -0.0329055786132813 0.00298309326171876
-0.17388916015625 0.151214599609375 0.00520515441894531 -0.0324726104736328
-0.038665771484375 0.210952758789063 -0.0359115600585938 -0.0641021728515625
0.0950927734375 0.161834716796875 -0.0791549682617188 -0.0792999267578125
0.1500244140625 0.0988616943359375 -0.120643615722656 -0.0408477783203125
0.164230346679688 0.115371704101563 -0.131584167480469 -0.0185012817382813
0.174942016601563 0.098297119140625 -0.122535705566406 -0.0224761962890625
0.102500915527344 0.13970947265625 -0.10894775390625 -0.074615478515625
0.00991821289062498 0.192779541015625 -0.06585693359375 -0.0948867797851563
-0.12615966796875 0.173355102539063 0.0236740112304687 -0.0940017700195312
-0.26470947265625 0.00421142578125001 0.0639991760253906 -0.0291252136230469
-0.220306396484375 -0.142349243164062 -0.00136184692382814 0.0402641296386719
-0.17034912109375 -0.28216552734375 -0.0323600769042969 -0.0272769927978516
-0.127670288085938 -0.186111450195312 -0.090606689453125 -0.300079345703125
-0.160964965820312 -0.102645874023438 -0.146347045898437 -0.139328002929687
-0.18463134765625 0.0121307373046875 -0.0474815368652344 -0.0109214782714844
-0.10162353515625 0.0931243896484375 -0.00177764892578126 -0.0503807067871094
-0.0271835327148438 0.129486083984375 -0.0361785888671875 -0.094970703125
0.0544357299804688 0.109817504882813 -0.107391357421875 -0.11688232421875
0.0894088745117188 0.0751495361328125 -0.176422119140625 -0.0616607666015625
0.101203918457031 0.0855636596679687 -0.184432983398438 -0.0342559814453125
0.108627319335937 0.0806961059570313 -0.175674438476562 -0.0430145263671875
0.0504074096679688 0.1007080078125 -0.137580871582031 -0.103599548339844
-0.011962890625 0.120597839355469 -0.0661697387695312 -0.11785888671875
-0.0908889770507812 0.0919876098632813 0.0159072875976563 -0.100288391113281
-0.16253662109375 -0.017181396484375 0.0459785461425781 -0.0269203186035156
-0.128738403320313 -0.0984344482421875 -0.0444679260253906 0.0141029357910156
-0.114349365234375 -0.188491821289063 -0.0651702880859375 -0.107711791992188
-0.068939208984375 -0.0567054748535156 -0.12567138671875 -0.347076416015625
-0.0688858032226563 -0.0157051086425781 -0.1844482421875 -0.163558959960937
-0.050537109375 0.0142669677734375 -0.06512451171875 -0.02117919921875
-0.0182361602783203 0.02325439453125 -0.0149955749511719 -0.0511627197265625
-0.0130252838134766 0.0304908752441406 -0.0322494506835938 -0.103279113769531
0.00546646118164063 0.0423507690429688 -0.117454528808594 -0.131629943847656
0.0147476196289063 0.0396728515625 -0.203079223632812 -0.0713043212890625
0.0226516723632813 0.0421028137207031 -0.209060668945313 -0.0447540283203125
0.0279159545898437 0.0497665405273437 -0.202194213867188 -0.0588836669921875
-0.00405120849609375 0.0465126037597656 -0.142501831054688 -0.120468139648437
-0.0257415771484375 0.0362205505371094 -0.0515823364257813 -0.12786865234375
-0.0397300720214844 0.0094451904296875 0.0149765014648437 -0.0955581665039063
-0.0463142395019531 -0.0232009887695313 0.0336151123046875 -0.0206527709960938
-0.0315589904785156 -0.0357780456542969 -0.0682411193847656 -0.00911331176757812
-0.0498428344726562 -0.0683937072753906 -0.08099365234375 -0.1588134765625
-0.0125579833984375 -0.0805206298828125 0.121475219726563 0.174270629882813
-0.0477218627929687 -0.0467529296875 0.108268737792969 0.0366058349609375
-0.0716400146484375 0.01300048828125 -0.0244369506835938 0.0086669921875
-0.03564453125 0.0554771423339844 -0.0335159301757813 0.07647705078125
0.0244827270507813 0.0545196533203125 0.01123046875 0.130889892578125
0.0484390258789063 0.0099029541015625 0.116302490234375 0.136894226074219
0.0570564270019531 -0.00798416137695313 0.20257568359375 0.06439208984375
0.0569038391113281 0.0059051513671875 0.203338623046875 0.0459442138671875
0.0524024963378906 -0.0035858154296875 0.198501586914063 0.0656585693359375
0.0476303100585938 0.0283470153808594 0.131271362304688 0.112373352050781
0.01312255859375 0.0616569519042969 0.04522705078125 0.0928878784179687
-0.0476303100585938 0.0616035461425781 0.0453453063964844 0.0468063354492188
-0.0758819580078125 -0.0168533325195312 0.0941314697265625 0.0359115600585938
-0.0435218811035156 -0.04974365234375 0.177963256835937 0.143753051757812
-0.00491333007812501 -0.0653724670410156 0.112548828125 0.368988037109375
-0.07421875 -0.195892333984375 0.109939575195313 0.146987915039063
-0.12518310546875 -0.120201110839844 0.098724365234375 0.0368499755859375
-0.180755615234375 0.00514221191406248 -0.0160131454467774 0.01318359375
-0.106552124023437 0.105827331542969 -0.0274620056152344 0.0610694885253906
0.00678253173828125 0.137222290039063 -0.00588226318359374 0.113037109375
0.089080810546875 0.0752944946289063 0.0893707275390625 0.121109008789063
0.125541687011719 0.0305099487304688 0.168060302734375 0.05950927734375
0.1322021484375 0.0531997680664063 0.16571044921875 0.0423736572265625
0.131156921386719 0.0370635986328125 0.16650390625 0.05523681640625
0.0938796997070312 0.0899200439453125 0.104560852050781 0.0846786499023438
0.01715087890625 0.146484375 0.0319747924804687 0.0636520385742188
-0.10430908203125 0.138755798339844 0.0585212707519531 0.0210685729980469
-0.195693969726563 -0.0137176513671875 0.110160827636719 0.0242691040039063
-0.144729614257813 -0.117645263671875 0.18182373046875 0.140167236328125
-0.0818328857421875 -0.192031860351563 0.1156005859375 0.33984375
-0.126251220703125 -0.288909912109375 0.0848846435546875 0.0843582153320312
-0.1932373046875 -0.18304443359375 0.0702247619628906 0.0208511352539062
-0.276779174804688 -0.00146484374999995 -0.0114097595214844 0.0188865661621094
-0.169937133789063 0.1484375 -0.0159072875976563 0.0438117980957031
-0.0140533447265625 0.207733154296875 -0.0176849365234375 0.0816116333007813
0.116432189941406 0.133369445800781 0.0528182983398438 0.0859298706054688
0.17486572265625 0.0664825439453125 0.109626770019531 0.04278564453125
0.187667846679688 0.092010498046875 0.102386474609375 0.0324630737304688
0.191482543945313 0.0694427490234375 0.108345031738281 0.0385589599609375
0.131515502929688 0.134773254394531 0.0599746704101563 0.0457382202148438
0.0273895263671875 0.21197509765625 0.0103015899658203 0.0255031585693359
-0.139328002929688 0.205978393554688 0.0620994567871094 -0.0123443603515625
-0.290924072265625 0.00521850585937495 0.115562438964844 0.00685882568359375
-0.233917236328125 -0.159439086914063 0.16302490234375 0.123443603515625
-0.15179443359375 -0.28778076171875 0.0992279052734375 0.272781372070313
-0.163818359375 -0.34271240234375 0.0482864379882813 -0.00694656372070315
-0.243637084960937 -0.219390869140625 0.0234813690185547 -0.0113925933837891
-0.341522216796875 -0.000183105468750055 -0.0130233764648438 0.0206298828125
-0.21063232421875 0.179306030273437 -0.00343322753906251 0.0217475891113281
-0.0303955078125 0.25341796875 -0.0259208679199219 0.0368576049804688
0.129104614257813 0.173324584960938 0.00872611999511719 0.0346946716308594
0.198318481445313 0.0929718017578125 0.0339832305908203 0.0178165435791016
0.214797973632813 0.117202758789063 0.023427963256836 0.0183086395263672
0.222366333007813 0.091064453125 0.032461166381836 0.0194625854492188
0.149490356445312 0.15960693359375 0.00128889083862306 0.00321984291076661
0.0355377197265625 0.246688842773438 -0.0188503265380859 -0.0181369781494141
-0.15264892578125 0.243499755859375 0.0543098449707031 -0.0480194091796875
-0.3419189453125 0.0244140625 0.106712341308594 -0.011260986328125
-0.286468505859375 -0.174072265625 0.119468688964844 0.0978317260742187
-0.1976318359375 -0.336822509765625 0.0630645751953125 0.178802490234375
-0.179656982421875 -0.344268798828125 0.00125122070312499 -0.114242553710938
-0.262054443359375 -0.217819213867188 -0.0360641479492188 -0.0541152954101563
-0.353515625 0.00701904296875005 -0.0203571319580078 0.0158576965332031
-0.213409423828125 0.184585571289062 0.00510168075561522 -0.00547552108764647
-0.03765869140625 0.258255004882813 -0.0328216552734375 -0.0160961151123047
0.122879028320312 0.184768676757813 -0.0394515991210937 -0.0246238708496094
0.19110107421875 0.104751586914063 -0.0485649108886719 -0.0112266540527344
0.208953857421875 0.124755859375 -0.0588912963867187 0.00179290771484376
0.217864990234375 0.099639892578125 -0.0490341186523437 -0.000770568847656246
0.140609741210938 0.16064453125 -0.0602645874023437 -0.0372962951660156
0.0321807861328125 0.240081787109375 -0.0485382080078125 -0.0591392517089844
-0.145889282226563 0.233871459960938 0.0374679565429687 -0.0778656005859375
-0.3331298828125 0.0274353027343749 0.0866622924804687 -0.0241012573242188
-0.283355712890625 -0.16595458984375 0.0596389770507812 0.0699882507324219
-0.205474853515625 -0.334747314453125 0.0148468017578125 0.0729522705078125
-0.168914794921875 -0.288787841796875 -0.0478363037109375 -0.21875
-0.234451293945313 -0.175323486328125 -0.0977020263671875 -0.100143432617188
-0.2974853515625 0.0133056640625 -0.0320529937744141 0.00395011901855469
-0.17437744140625 0.15472412109375 0.00666999816894531 -0.0325469970703125
-0.0346527099609375 0.2144775390625 -0.0367355346679688 -0.0642280578613281
0.097900390625 0.16168212890625 -0.0823135375976562 -0.0792617797851563
0.15325927734375 0.0987091064453125 -0.12371826171875 -0.0388870239257812
0.169540405273438 0.113372802734375 -0.132484436035156 -0.0159149169921875
0.17864990234375 0.0955352783203125 -0.123382568359375 -0.0206985473632813
0.104888916015625 0.139579772949219 -0.111312866210937 -0.0727615356445313
0.0133209228515625 0.1947021484375 -0.0668563842773437 -0.0936660766601563
-0.12506103515625 0.177291870117187 0.0229568481445312 -0.0961837768554687
-0.267822265625 0.00947570800781256 0.0640220642089844 -0.0286598205566406
-0.224090576171875 -0.14190673828125 0.00075912475585936 0.042205810546875
-0.175811767578125 -0.283294677734375 -0.0316963195800781 -0.0272903442382813
-0.131210327148438 -0.187576293945312 -0.093780517578125 -0.3016357421875
-0.164657592773438 -0.10150146484375 -0.150283813476563 -0.137893676757813
-0.18658447265625 0.0157928466796875 -0.0474891662597656 -0.0104637145996094
-0.102470397949219 0.0949935913085938 -0.000919342041015635 -0.0496826171875
-0.02490234375 0.131599426269531 -0.0372390747070313 -0.0963363647460937
0.0571441650390625 0.110984802246094 -0.111442565917969 -0.117050170898438
0.0916748046875 0.07568359375 -0.180130004882813 -0.058135986328125
0.105033874511719 0.0846939086914062 -0.186386108398438 -0.03033447265625
0.111465454101563 0.0789031982421875 -0.176895141601562 -0.0399627685546875
0.0521163940429687 0.100997924804688 -0.140594482421875 -0.101058959960937
-0.0100021362304687 0.122344970703125 -0.0678863525390625 -0.117462158203125
-0.090850830078125 0.0945053100585937 0.0148773193359375 -0.101821899414062
-0.16497802734375 -0.0142822265625 0.0460090637207031 -0.0260963439941406
-0.131362915039063 -0.0985260009765625 -0.0433692932128906 0.0159225463867187
-0.118087768554688 -0.189376831054687 -0.0654220581054687 -0.108352661132813
-0.0704345703125 -0.0583038330078125 -0.129486083984375 -0.347503662109375
-0.0699462890625 -0.015350341796875 -0.18841552734375 -0.160263061523438
-0.051422119140625 0.015960693359375 -0.0660629272460938 -0.0200843811035156
-0.0184535980224609 0.0236701965332031 -0.0143318176269531 -0.0507659912109375
-0.0124454498291016 0.031707763671875 -0.0334396362304688 -0.1048583984375
0.00713348388671875 0.0432777404785156 -0.122177124023438 -0.131790161132813
0.015960693359375 0.040618896484375 -0.207687377929688 -0.0677490234375
0.0237045288085938 0.0424842834472656 -0.212051391601563 -0.040313720703125
0.0294532775878906 0.0490455627441406 -0.203842163085938 -0.055145263671875
-0.00278472900390625 0.0472335815429688 -0.146041870117188 -0.11865234375
-0.0255355834960937 0.0373039245605469 -0.0536041259765625 -0.128730773925781
-0.0403060913085937 0.01055908203125 0.0138778686523437 -0.0961761474609375
-0.0477218627929688 -0.0219917297363281 0.034454345703125 -0.0199928283691406
-0.0331077575683594 -0.0362777709960938 -0.0670166015625 -0.00760650634765625
-0.05157470703125 -0.0693855285644531 -0.08160400390625 -0.16021728515625
-0.0132293701171875 -0.0814666748046875 0.125106811523438 0.178756713867188
-0.0484809875488281 -0.047637939453125 0.11126708984375 0.035675048828125
-0.072906494140625 0.0131607055664063 -0.0242710113525391 0.0083160400390625
-0.0363922119140625 0.0570182800292969 -0.0352706909179688 0.0782852172851563
0.025054931640625 0.05474853515625 0.012603759765625 0.135383605957031
0.0480728149414062 0.00910186767578125 0.122207641601563 0.140838623046875
0.057708740234375 -0.00893020629882812 0.20928955078125 0.06268310546875
0.0584259033203125 0.00551986694335937 0.210342407226563 0.0434722900390625
0.0533676147460938 -0.00343704223632813 0.2060546875 0.0642242431640625
0.0487861633300781 0.0287284851074219 0.13763427734375 0.114707946777344
0.0140495300292969 0.0631027221679688 0.0473556518554688 0.0964508056640625
-0.0476799011230469 0.06463623046875 0.0466804504394531 0.0472526550292969
-0.0779571533203125 -0.0159072875976562 0.0952377319335938 0.034942626953125
-0.0439910888671875 -0.0503082275390625 0.182052612304688 0.146575927734375
-0.0055389404296875 -0.0655632019042969 0.1148681640625 0.37939453125
-0.077392578125 -0.199981689453125 0.112777709960937 0.150360107421875
-0.128265380859375 -0.122314453125 0.100898742675781 0.0353622436523437
-0.185104370117187 0.0072479248046875 -0.0154476165771484 0.0126676559448242
-0.108924865722656 0.109115600585937 -0.0274848937988281 0.0622215270996094
0.00791931152343749 0.140045166015625 -0.00469970703124999 0.117622375488281
0.090576171875 0.0756454467773437 0.0940170288085938 0.125213623046875
0.128829956054688 0.0297088623046875 0.1737060546875 0.058685302734375
0.137397766113281 0.052642822265625 0.1717529296875 0.040313720703125
0.135116577148437 0.0372848510742187 0.1729736328125 0.0530853271484375
0.0961761474609375 0.0914154052734375 0.11016845703125 0.0864639282226562
0.0188446044921875 0.15008544921875 0.0341339111328125 0.0673751831054688
-0.10601806640625 0.143951416015625 0.0600738525390625 0.0199394226074219
-0.201629638671875 -0.0115966796875 0.111930847167969 0.0237655639648438
-0.148788452148438 -0.119827270507812 0.186599731445313 0.142898559570312
-0.085296630859375 -0.19659423828125 0.118988037109375 0.349609375
-0.13165283203125 -0.2950439453125 0.0869979858398437 0.0863494873046875
-0.198944091796875 -0.185821533203125 0.07171630859375 0.01953125
-0.28277587890625 0.00189208984374998 -0.0105381011962891 0.0186595916748047
-0.1734619140625 0.152984619140625 -0.0151939392089844 0.0443191528320313
-0.0122528076171875 0.212753295898438 -0.0174102783203125 0.0854949951171875
0.119148254394531 0.135734558105469 0.0555801391601562 0.08917236328125
0.179901123046875 0.0665740966796875 0.113365173339844 0.0425338745117188
0.195480346679687 0.0916748046875 0.105850219726563 0.0313034057617188
0.19732666015625 0.069427490234375 0.113090515136719 0.0368881225585938
0.135307312011719 0.137351989746094 0.0627632141113281 0.046905517578125
0.0305328369140625 0.218582153320312 0.0115222930908203 0.0277614593505859
-0.141845703125 0.213775634765625 0.0638427734375 -0.0147590637207031
-0.299285888671875 0.00872802734374995 0.117843627929687 0.0064849853515625
-0.241195678710937 -0.162765502929688 0.167739868164062 0.126358032226563
-0.15838623046875 -0.29486083984375 0.102081298828125 0.280471801757813
-0.17022705078125 -0.350738525390625 0.0485687255859375 -0.00718688964843752
-0.251922607421875 -0.223556518554687 0.023324966430664 -0.0125160217285156
-0.350372314453125 0.00518798828125001 -0.011526107788086 0.0210494995117188
-0.215805053710938 0.185501098632813 -0.00221633911132814 0.021697998046875
-0.02825927734375 0.26068115234375 -0.0260162353515625 0.0397567749023438
0.132888793945313 0.177642822265625 0.00911712646484376 0.0363273620605469
0.20440673828125 0.094085693359375 0.0350818634033203 0.0178985595703125
0.22442626953125 0.1173095703125 0.0250930786132813 0.0177631378173828
0.229888916015625 0.09039306640625 0.0348777770996094 0.0177803039550781
0.153915405273438 0.162094116210938 0.00187683105468751 0.00395750999450685
0.039520263671875 0.253021240234375 -0.0186500549316406 -0.0167713165283203
-0.154571533203125 0.253097534179687 0.0552215576171875 -0.0517539978027344
-0.351409912109375 0.02880859375 0.108665466308594 -0.0114364624023437
-0.295654296875 -0.177642822265625 0.123695373535156 0.100753784179687
-0.2049560546875 -0.34564208984375 0.0650177001953125 0.183364868164062
-0.18817138671875 -0.352569580078125 0.000740051269531227 -0.116348266601563
-0.271194458007813 -0.221847534179687 -0.0387420654296875 -0.0556755065917969
-0.36370849609375 0.012603759765625 -0.0191535949707031 0.0163555145263672
-0.218856811523438 0.191207885742188 0.00640106201171874 -0.00664901733398436
-0.0352325439453125 0.266082763671875 -0.0333061218261719 -0.0150814056396484
0.126953125 0.189285278320313 -0.0413894653320313 -0.0239677429199219
0.197280883789062 0.105911254882813 -0.0502967834472656 -0.0104866027832031
0.218002319335937 0.125686645507812 -0.0601692199707031 0.00253677368164063
0.225357055664062 0.099334716796875 -0.0492477416992187 -0.00130081176757812
0.145309448242187 0.163558959960937 -0.0620498657226563 -0.0372962951660156
0.03509521484375 0.2469482421875 -0.0494728088378906 -0.0592765808105469
-0.148712158203125 0.2425537109375 0.0378570556640625 -0.08172607421875
-0.34259033203125 0.032684326171875 0.0887832641601562 -0.0247116088867188
-0.292877197265625 -0.16973876953125 0.0621795654296875 0.073028564453125
-0.214324951171875 -0.3436279296875 0.0159835815429687 0.0743484497070312
-0.17657470703125 -0.296783447265625 -0.0501556396484375 -0.223556518554688
-0.242111206054688 -0.17791748046875 -0.101585388183594 -0.101333618164062
-0.305908203125 0.0185546875 -0.031951904296875 0.00429916381835937
-0.178970336914062 0.160400390625 0.00788879394531249 -0.0341815948486328
-0.03289794921875 0.221160888671875 -0.0381278991699219 -0.0656547546386719
0.102157592773438 0.166244506835938 -0.086639404296875 -0.080474853515625
0.158905029296875 0.100479125976563 -0.128440856933594 -0.0371551513671875
0.177810668945312 0.114410400390625 -0.136123657226563 -0.0137786865234375
0.185073852539063 0.0959320068359375 -0.125694274902344 -0.0208358764648438
0.108505249023438 0.142868041992188 -0.114677429199219 -0.0728302001953125
0.016265869140625 0.200851440429688 -0.0690078735351563 -0.0950546264648437
-0.127792358398438 0.184463500976563 0.0222244262695312 -0.100143432617187
-0.275741577148438 0.0131683349609375 0.0656471252441406 -0.0290145874023438
-0.231857299804688 -0.144256591796875 0.00235366821289061 0.044708251953125
-0.182708740234375 -0.2901611328125 -0.0316905975341797 -0.0286960601806641
-0.13690185546875 -0.193756103515625 -0.096343994140625 -0.307891845703125
-0.170150756835937 -0.103927612304687 -0.1552734375 -0.139801025390625
-0.19232177734375 0.0192413330078125 -0.0480766296386719 -0.009765625
-0.105606079101563 0.0988998413085937 0.000205993652343742 -0.0513229370117187
-0.0236358642578125 0.13623046875 -0.0390090942382812 -0.0987701416015625
0.0595932006835938 0.114089965820312 -0.117515563964844 -0.119804382324219
0.0950546264648437 0.0777130126953125 -0.186691284179687 -0.056182861328125
0.110031127929687 0.0855865478515625 -0.191680908203125 -0.027496337890625
0.116134643554688 0.0788726806640625 -0.1822509765625 -0.038787841796875
0.0546035766601563 0.103477478027344 -0.1453857421875 -0.101425170898438
-0.00883483886718751 0.125816345214844 -0.0701828002929688 -0.120193481445312
-0.0925827026367188 0.097900390625 0.0143356323242188 -0.104721069335937
-0.169525146484375 -0.0115203857421875 0.0478324890136719 -0.0258827209472656
-0.136604309082031 -0.100776672363281 -0.0425796508789063 0.0176963806152344
-0.123214721679687 -0.194732666015625 -0.06585693359375 -0.111831665039063
-0.0732650756835937 -0.061004638671875 -0.13238525390625 -0.3553466796875
-0.0723419189453125 -0.0158615112304688 -0.194549560546875 -0.162628173828125
-0.0531425476074219 0.0169601440429688 -0.067840576171875 -0.019866943359375
-0.02001953125 0.0244064331054688 -0.01446533203125 -0.0521392822265625
-0.0119075775146484 0.0331649780273438 -0.0348968505859375 -0.108840942382813
0.00844192504882813 0.0450363159179688 -0.129508972167969 -0.135330200195313
0.0170364379882813 0.0423507690429688 -0.21533203125 -0.0652923583984375
0.0258293151855469 0.0434341430664062 -0.217926025390625 -0.0373382568359375
0.0312881469726563 0.0495185852050781 -0.210357666015625 -0.0533905029296875
-0.00241470336914063 0.0488128662109375 -0.152008056640625 -0.119888305664063
-0.025726318359375 0.0388031005859375 -0.0560989379882812 -0.132339477539063
-0.0414924621582031 0.0113334655761719 0.0129318237304688 -0.0986328125
-0.049835205078125 -0.0217399597167969 0.0360488891601563 -0.0199089050292969
-0.0353240966796875 -0.0370864868164062 -0.0670967102050781 -0.00651168823242189
-0.0536422729492188 -0.0716781616210938 -0.0831146240234375 -0.165756225585937
-0.0148239135742188 -0.0833587646484375 0.133392333984375 0.184768676757812
-0.0507431030273438 -0.0488243103027344 0.11614990234375 0.0336685180664063
-0.0751800537109375 0.014984130859375 -0.0246868133544922 0.0084991455078125
-0.036376953125 0.0601997375488281 -0.0345382690429688 0.081939697265625
0.0268898010253906 0.0557060241699219 0.016754150390625 0.142684936523438
0.0490989685058594 0.00801849365234375 0.132369995117188 0.14495849609375
0.0594406127929688 -0.0107498168945313 0.220657348632813 0.059234619140625
0.0616035461425781 0.00365829467773437 0.221343994140625 0.0383453369140625
0.0558700561523437 -0.00439834594726563 0.217788696289062 0.06048583984375
0.0506782531738281 0.0286102294921875 0.147674560546875 0.116409301757812
0.0169486999511719 0.0655097961425781 0.05242919921875 0.101455688476563
-0.0477409362792969 0.0685653686523438 0.0499343872070313 0.0476913452148438
-0.08172607421875 -0.014678955078125 0.09808349609375 0.033966064453125
-0.0457420349121094 -0.0512351989746094 0.190872192382813 0.148666381835938
-0.00738906860351563 -0.0679779052734375 0.124908447265625 0.395660400390625
-0.0845184326171875 -0.2061767578125 0.119384765625 0.155746459960938
-0.13555908203125 -0.124099731445312 0.104728698730469 0.0333633422851563
-0.191802978515625 0.01171875 -0.0149965286254883 0.0127897262573242
-0.110862731933594 0.115814208984375 -0.0272750854492188 0.0644302368164063
0.0115509033203125 0.1451416015625 -0.00212860107421875 0.124542236328125
0.0940933227539063 0.077423095703125 0.102272033691406 0.129310607910156
0.134086608886719 0.0286483764648438 0.183334350585937 0.0557403564453125
0.146209716796875 0.0512542724609375 0.180999755859375 0.0359344482421875
0.142105102539063 0.0357818603515625 0.18304443359375 0.0496063232421875
0.101951599121094 0.0932846069335937 0.1180419921875 0.0878829956054688
0.0240325927734375 0.156936645507813 0.037994384765625 0.071624755859375
-0.107620239257812 0.154144287109375 0.0624923706054687 0.0185775756835938
-0.211441040039063 -0.00706481933593746 0.115455627441406 0.022705078125
-0.15716552734375 -0.122314453125 0.195968627929688 0.145675659179688
-0.0933074951171875 -0.203262329101563 0.129058837890625 0.36383056640625
-0.1429443359375 -0.3045654296875 0.0910568237304687 0.0891265869140625
-0.211105346679687 -0.18878173828125 0.0734024047851562 0.0179443359375
-0.294219970703125 0.00967407226562496 -0.00922584533691408 0.0185222625732422
-0.178375244140625 0.163345336914063 -0.0144920349121094 0.0456466674804688
-0.00735473632812501 0.22174072265625 -0.01544189453125 0.0912246704101563
0.125747680664063 0.13909912109375 0.0612335205078125 0.092742919921875
0.188522338867187 0.0656280517578125 0.119461059570313 0.0411453247070313
0.208602905273438 0.090118408203125 0.112663269042969 0.0287628173828125
0.2081298828125 0.067138671875 0.120216369628906 0.0333099365234375
0.143081665039063 0.140487670898438 0.0679550170898438 0.0481681823730469
0.0374603271484375 0.2274169921875 0.0141677856445313 0.0301437377929688
-0.143310546875 0.227432250976563 0.0654411315917969 -0.0182838439941406
-0.312896728515625 0.0166015625 0.121513366699219 0.0047760009765625
-0.2548828125 -0.165267944335937 0.177047729492187 0.12908935546875
-0.1719970703125 -0.304840087890625 0.11083984375 0.291534423828125
-0.185638427734375 -0.3626708984375 0.0500602722167969 -0.0071983337402344
-0.26708984375 -0.226455688476562 0.0226020812988281 -0.013885498046875
-0.36480712890625 0.0147705078125 -0.0103569030761719 0.0214138031005859
-0.220962524414062 0.19805908203125 -0.00079917907714845 0.0219650268554688
-0.0229034423828125 0.272384643554688 -0.0255279541015625 0.0438613891601563
0.141098022460938 0.182449340820313 0.0104331970214844 0.039093017578125
0.215011596679688 0.094451904296875 0.0365791320800781 0.0184288024902344
0.239532470703125 0.115936279296875 0.0271205902099609 0.0172519683837891
0.24237060546875 0.0884246826171875 0.0380630493164063 0.0155792236328125
0.163116455078125 0.16607666015625 0.00297069549560548 0.00476837158203126
0.047271728515625 0.2645263671875 -0.0183086395263672 -0.0154895782470703
-0.156768798828125 0.268646240234375 0.0554008483886719 -0.0568695068359375
-0.366607666015625 0.039306640625 0.112846374511719 -0.0133895874023438
-0.312103271484375 -0.179595947265625 0.13116455078125 0.103752136230469
-0.222076416015625 -0.35711669921875 0.0718994140625 0.190963745117187
-0.204559326171875 -0.36529541015625 -0.00145721435546876 -0.120857238769531
-0.287445068359375 -0.22509765625 -0.0424308776855469 -0.0572242736816406
-0.37841796875 0.02313232421875 -0.0183887481689453 0.0171794891357422
-0.225326538085937 0.204208374023438 0.00807571411132811 -0.00747585296630858
-0.0296630859375 0.279220581054688 -0.034881591796875 -0.0134696960449219
0.135910034179688 0.195144653320312 -0.0442047119140625 -0.0235366821289062
0.2078857421875 0.107330322265625 -0.0530166625976562 -0.0086669921875
0.233428955078125 0.12445068359375 -0.0623855590820312 0.00421905517578126
0.23822021484375 0.0975494384765625 -0.0504226684570312 -0.00171661376953125
0.153900146484375 0.167465209960938 -0.0650558471679687 -0.0361404418945313
0.042755126953125 0.2574462890625 -0.0515556335449219 -0.0598907470703125
-0.149765014648437 0.257843017578125 0.03704833984375 -0.08782958984375
-0.35723876953125 0.0423278808593751 0.0916366577148437 -0.0261917114257812
-0.309661865234375 -0.17193603515625 0.0682449340820312 0.0761566162109375
-0.231292724609375 -0.35601806640625 0.0191268920898437 0.0768814086914062
-0.190948486328125 -0.30767822265625 -0.0566864013671875 -0.231658935546875
-0.256439208984375 -0.180801391601562 -0.108474731445313 -0.103057861328125
-0.3187255859375 0.027740478515625 -0.0323467254638672 0.00545883178710937
-0.184494018554688 0.17108154296875 0.00809097290039061 -0.0364151000976562
-0.02850341796875 0.231781005859375 -0.0411109924316406 -0.0669593811035156
0.109725952148438 0.171844482421875 -0.0936431884765625 -0.081512451171875
0.168701171875 0.102508544921875 -0.135848999023438 -0.0341262817382812
0.19012451171875 0.114288330078125 -0.1422119140625 -0.00982666015624999
0.195953369140625 0.0946044921875 -0.130973815917969 -0.0184478759765625
0.115890502929687 0.147476196289063 -0.121604919433594 -0.0728302001953125
0.021575927734375 0.208648681640625 -0.0733566284179688 -0.0971603393554688
-0.129470825195312 0.195877075195313 0.0199432373046875 -0.105903625488281
-0.28753662109375 0.0214233398437501 0.0684700012207031 -0.0298919677734375
-0.245574951171875 -0.146286010742187 0.00521087646484373 0.047515869140625
-0.197113037109375 -0.300262451171875 -0.0322418212890625 -0.0310306549072266
-0.1475830078125 -0.200592041015625 -0.10601806640625 -0.319091796875
-0.179840087890625 -0.104660034179687 -0.165267944335938 -0.141510009765625
-0.20025634765625 0.025604248046875 -0.0501327514648438 -0.00927734375
-0.108871459960938 0.105316162109375 -0.000171661376953136 -0.0538444519042969
-0.0211334228515625 0.143417358398438 -0.0428390502929687 -0.102806091308594
0.0656661987304688 0.118568420410156 -0.127098083496094 -0.121925354003906
0.102691650390625 0.0804290771484375 -0.197494506835938 -0.0525054931640625
0.118507385253906 0.086761474609375 -0.2005615234375 -0.022430419921875
0.123832702636719 0.0794143676757813 -0.190994262695312 -0.0350799560546875
0.05865478515625 0.107536315917969 -0.154510498046875 -0.102081298828125
-0.00629425048828124 0.131294250488281 -0.076019287109375 -0.123947143554688
-0.0945053100585938 0.105155944824219 0.0116043090820312 -0.109779357910156
-0.177597045898438 -0.00746154785156252 0.0502052307128906 -0.0266838073730469
-0.14556884765625 -0.102142333984375 -0.04205322265625 0.0208702087402344
-0.132904052734375 -0.201995849609375 -0.0698623657226563 -0.118179321289063
-0.0786819458007813 -0.0631103515625 -0.143890380859375 -0.368011474609375
-0.0753936767578125 -0.015625 -0.206253051757813 -0.164352416992188
-0.0556144714355469 0.0191307067871094 -0.0704727172851563 -0.01904296875
-0.0210208892822266 0.0261211395263672 -0.0149040222167969 -0.0542488098144531
-0.0120429992675781 0.0354766845703125 -0.039581298828125 -0.114028930664063
0.0112419128417969 0.04754638671875 -0.140129089355469 -0.138359069824219
0.0201377868652344 0.0451850891113281 -0.227508544921875 -0.0611572265625
0.0280685424804688 0.0450630187988281 -0.228897094726563 -0.0311431884765625
0.034423828125 0.0508155822753906 -0.221038818359375 -0.0493927001953125
-0.00118255615234374 0.0519599914550781 -0.16162109375 -0.12066650390625
-0.0262794494628906 0.041656494140625 -0.0621185302734375 -0.137496948242188
-0.0436897277832031 0.0133819580078125 0.0112152099609375 -0.102676391601563
-0.0530319213867188 -0.0207443237304688 0.0384178161621094 -0.0203094482421875
-0.0392036437988281 -0.0384445190429688 -0.0681533813476563 -0.00486755371093751
-0.0577850341796875 -0.07489013671875 -0.0884857177734375 -0.173965454101563
-0.0794632104803357 0.0369757007490741 -0.0742033878204509 0.231411813235986
-0.0192910121016415 0.0738787142297326 0.0422012767787565 0.12664957261711
0.0603370571368418 0.0538482704782114 -0.0155734454489643 -0.0388175840176783
0.081175125846835 -0.0196912945606464 -0.105283727147399 -0.00759074655476209
0.0171004954298567 -0.0754184304315163 -0.135669148832908 0.101975890647327
-0.0360960505156785 -0.0599409862072954 -0.076265024971829 0.197365825751718
-0.0555758155107604 -0.0516000191008048 0.0185007179629071 0.244616202716748
-0.0544244014316032 -0.0492491774207618 0.0725037121529968 0.244018814479127
-0.0513626314191352 -0.0557056397089133 0.0338772754474736 0.240735963034426
-0.021104457738861 -0.0633327910215374 -0.0371552044746864 0.189371208055097
0.0356767612203735 -0.0644142903436101 -0.0795224763965258 0.0980129688485541
0.0881261230248705 -0.00620890617630483 -0.0209384624410702 0.0568520310833824
0.0451636898540515 0.0624058067413748 0.0335482237145285 0.0948247379474448
-0.0216567273862037 0.0567160918254584 -0.0281933629491667 0.247663386609079
-0.0583532829277422 0.0217098948102538 -0.235806842562 0.347363610776173
-0.141145842467909 0.165551423273247 -0.0342117283927167 0.203216873289599
-0.025750935734947 0.194442079048158 0.0602127067635631 0.111885599179791
0.128887210486193 0.154580575479296 -0.000314591987132694 -0.0540972972480947
0.184619833613015 0.00766794789995744 -0.0910130237362572 -0.0367725219083638
0.0975299972886469 -0.13076068952364 -0.143675404182741 0.0692027177288128
-0.00853341773757335 -0.138123937337364 -0.0891159860754885 0.164942871927974
-0.0582864913856242 -0.141233097519396 -0.0065827097886851 0.209459509728747
-0.0726702777347654 -0.143662520346894 0.0458272145053882 0.208645765732967
-0.0655798516181277 -0.155000735560264 0.0186931371175174 0.206389848381035
-0.000737523214771918 -0.146353460987152 -0.0389678814908535 0.146434905224616
0.100483974910062 -0.13296301359998 -0.0683179018464775 0.0602624624824178
0.201296223588468 -0.0062609433122662 0.0123059972768802 0.0364550292343358
0.145063500054142 0.145410071955467 0.0612205615314763 0.092766962529848
-0.0088448944390402 0.187396541188028 -0.00789402851271747 0.253542682205414
-0.122529490614577 0.161527548787894 -0.198049288698803 0.346028970249673
-0.187318254147426 0.275080268828806 0.0258213228006963 0.140953982459018
-0.0263332646308866 0.300882289213329 0.0793428892852941 0.0697885980402949
0.188986132258176 0.242499445721462 0.00905081367882594 -0.068863297263692
0.274818521142087 0.0343619714920907 -0.0707137777768895 -0.0587884260574834
0.17148144234686 -0.171583262827022 -0.131711755433075 0.032557373862421
0.0236519538832356 -0.199120098859729 -0.0865399467657161 0.110004700903719
-0.0502842553477036 -0.210533811896648 -0.0275677555746834 0.142323418881562
-0.0811001695613805 -0.21634111664332 0.0117208101660509 0.141433309574459
-0.074059910305607 -0.230440210030424 -0.00191418029238618 0.141220055614301
0.0139057767090242 -0.210260173768502 -0.0381572721679891 0.0807400267379933
0.145191170220086 -0.190555514913562 -0.0492513537135377 0.0103685090994761
0.289889965334633 -0.0190094910322932 0.0457190191726639 0.00603160176141375
0.235964597250079 0.199159976449 0.0846747936055278 0.0790534872040885
0.0188258111693402 0.290396773424872 0.0104165598123234 0.228631307743672
-0.162458721658038 0.279272746262607 -0.142709225208651 0.298002697775032
-0.205211500842828 0.35385671997222 0.0988496439951936 0.0479347662782416
-0.0150503873774266 0.375235471656748 0.09710480094701 0.000462289563936564
0.237412995947599 0.299891157354008 0.0124924030078389 -0.085354086723224
0.337620641355591 0.0494500021203185 -0.045103924807596 -0.0745812200129315
0.222349338119803 -0.19466431531465 -0.10013947442079 -0.00948471926802532
0.0520565019238254 -0.23365881727696 -0.0679146128493422 0.0372611544415149
-0.0335233808504378 -0.250156624420937 -0.0429320857303443 0.0524154980695665
-0.0765092896377544 -0.256852479569132 -0.0245673877602918 0.0532074232945726
-0.0713854700468631 -0.2701278676559 -0.0260070152360572 0.0560540666724931
0.0254308984599745 -0.242483133980524 -0.0373939720869015 0.000918461431860077
0.166948421098697 -0.221636285053498 -0.0263782026670071 -0.04734588473201
0.335074303938123 -0.031869601229055 0.0739215859686151 -0.0300446752935486
0.292566138981851 0.220635135433599 0.0970592621863112 0.0556800090150928
0.0458038503443163 0.345549720349791 0.0163449966403666 0.174591640031886
-0.17576699386795 0.35092272249108 -0.0815367666821292 0.210394538694855
-0.18981344061797 0.383648259336196 0.170628252438759 -0.0656214773593755
0.00738821096155445 0.394120109026485 0.107775262348471 -0.0876195014733177
0.25394826983864 0.306664993602184 0.0115759512789431 -0.100197761819782
0.346488311666965 0.0507539403865019 -0.0145660162066247 -0.0836417115406229
0.234742291102631 -0.189360441086857 -0.0517732967961473 -0.0528202539163229
0.0699466914294345 -0.231099348279294 -0.0375656653627943 -0.0443560896090472
-0.0124845079020235 -0.250268768647307 -0.0510530447120555 -0.0477501310238543
-0.0596971206738815 -0.257875327194831 -0.0571673107337027 -0.0429206152729717
-0.0552027120431651 -0.268883396263723 -0.048966901678797 -0.0375025370770426
0.0373445559011617 -0.235336292520036 -0.0343866000252461 -0.0798805370276063
0.165844459783999 -0.210933107511424 4.91305726116502E-05 -0.10154310584436
0.321820522748489 -0.0285945291086132 0.0939873414936461 -0.0616997750990083
0.288937077535727 0.212926270191927 0.0960054625874876 0.0323653883054163
0.0532607285532621 0.340001897593569 0.00861417358851496 0.104075596208267
-0.166489612340575 0.363150966161944 -0.0225600472666403 0.098813908551095
-0.141462569949855 0.354332149542868 0.228636044614872 -0.181902465513058
0.0310993299744487 0.342267122997172 0.106685422139339 -0.175561662070384
0.222946623510854 0.253968577221596 0.00674763644989215 -0.106234236362661
0.287697159438515 0.0421640609382519 0.0160183730929623 -0.0826829716226064
0.200532094095085 -0.149586637677016 0.00313080749311442 -0.0884581946398255
0.0730098639070089 -0.189585339942315 -0.00216641585578285 -0.120256226281209
0.00972295312326321 -0.210142766835118 -0.0514231497025806 -0.141202324923286
-0.0329855453640063 -0.219064793246211 -0.0810059576875379 -0.132738442532879
-0.0270259010819353 -0.226601492829991 -0.0643110731046692 -0.125691521860492
0.0502595129667612 -0.190048273136873 -0.0244492302498069 -0.148228059780402
0.14602608580443 -0.158140640474885 0.0321305761130045 -0.139165420311905
0.255588672553972 -0.00496389124884923 0.106393725853697 -0.0757567977885808
0.224053615589116 0.181770800678636 0.0826264620110302 0.0177981506735089
0.0375473021622006 0.27736537678925 -0.00604595233496451 0.0344331854670142
-0.136311713311644 0.312320477105878 0.0279198358000092 -0.0135701324335252
-0.0686188343082964 0.269583022763901 0.259712496060561 -0.279990196219586
0.0498197635976178 0.230114678164352 0.0921057033994828 -0.246967287551718
0.150080809399091 0.156092200226785 -0.00183522528735108 -0.103102940006418
0.174957019894561 0.0247884711155703 0.0363418960227335 -0.0707611413726717
0.129771502274274 -0.0840357332638538 0.0506317249910635 -0.108464151681026
0.062845531798587 -0.115593051417223 0.0306117884813922 -0.173679355705751
0.0297110413925462 -0.136143621409961 -0.0453308451525641 -0.21165439101949
-0.00036003658286027 -0.146743093409418 -0.0925313392615319 -0.201895188571756
0.00733537316850652 -0.150767440488581 -0.0670700105729372 -0.194693263585947
0.0584138455171083 -0.116301858811453 -0.00480459012856454 -0.192397210033634
0.106829031948607 -0.0814586780408554 0.0671186082846194 -0.150563195939298
0.153189652995979 0.0228347106986225 0.11084335859142 -0.0696846490353991
0.124103913840796 0.128024759433313 0.0646640208194159 0.0149439614097393
0.0121840140127843 0.174565452592975 -0.0186523605007383 -0.0206992404512723
-0.0887341354152729 0.21556309009304 0.0665769839190447 -0.106104187440772
0.0127052011995878 0.141576877924319 0.257575484473534 -0.34505336859766
0.0600114396413084 0.0850498199149249 0.0646906134034929 -0.292069904831391
0.0577409042420913 0.0355641599973195 -0.019688802648015 -0.0939752931418996
0.0415062105927911 0.00494039465087226 0.0387006107843225 -0.051123828322057
0.0417175480877554 -0.00786745004298898 0.0804236057828136 -0.107238062013206
0.0428246167526749 -0.0235390918927354 0.0540822428053938 -0.197075035439605
0.0443868612068526 -0.0407517270001107 -0.0334170791853164 -0.247938395360075
0.0309516023894353 -0.0514373833732111 -0.0904639221631216 -0.241581445795672
0.0381245206316895 -0.0536598159831169 -0.0574779336915343 -0.235126973091571
0.0542323922125328 -0.0305307001177209 0.0206013157217228 -0.207537859979572
0.0521355023378561 -0.00211909318729071 0.0988731982610662 -0.136601500180182
0.0396479920834735 0.0362942643103892 0.106265799801499 -0.0486016700016924
0.0227507864846008 0.0526844321455489 0.0448987726290754 0.0191110649241258
-0.00165589380982464 0.0547852622630392 -0.0239283559180286 -0.0591453460154373
-0.0244877637999463 0.0930840167361461 0.091757173185972 -0.169142821670714
-0.079275526067873 0.0411865707384948 -0.0651844509143713 0.242055879819116
-0.015875645532881 0.0765449802347694 0.050441744647518 0.126026952260938
0.0651004886623078 0.0509652646387664 -0.0179342731822338 -0.0398003105961259
0.0812061871693449 -0.0249037463285599 -0.108129047574117 -0.00183852714651962
0.012605905400271 -0.0775537469766428 -0.133277142154489 0.113789494903265
-0.0397854745219377 -0.0586571836972697 -0.0657101667470175 0.208874021893706
-0.0599110709389887 -0.0490179156545094 0.0354260139659511 0.249430767321467
-0.059408827680432 -0.0469007393323037 0.0912697984675962 0.244581743263867
-0.0563551433235348 -0.0542830862732708 0.0514405822673771 0.244951604356759
-0.0257752724808984 -0.06292249069051 -0.0253163891536794 0.197819870620559
0.0319568189575761 -0.0687569011228878 -0.0764054069872855 0.107435191597861
0.0899506250609628 -0.0123482771059533 -0.0177864247144268 0.0580595003992318
0.0499346170958471 0.0611394399842155 0.0384275147301942 0.0932670611354941
-0.0192855946927956 0.05900325973564 -0.0160952363181916 0.254006729170615
-0.057638159766084 0.0252027035277124 -0.224108046385579 0.370284734602167
-0.135332189426927 0.177476048043861 -0.0252661379120091 0.210989018612981
-0.015042052795458 0.20004083279613 0.0674771425113091 0.109491057179037
0.140788857543286 0.14915046966343 -0.00343963470988174 -0.0553593133118084
0.189506749643038 -0.00235403944265174 -0.0946691308946675 -0.0327172578190534
0.091876374425559 -0.139065221986669 -0.143338298035777 0.081117998024781
-0.0159845405381811 -0.140672027103795 -0.081517808162478 0.175991184140423
-0.0681223036836891 -0.14154347252559 0.00742835504573297 0.215191696340046
-0.0847356259337414 -0.143224085125199 0.0617033491484806 0.210520424088092
-0.0773046180351972 -0.155167212264417 0.0343907368758861 0.21008378126387
-0.00902730204567036 -0.149846472446251 -0.0299026961183161 0.154046060998218
0.0943203014725061 -0.142873982634326 -0.0670393807938288 0.0680926140773905
0.20650115859293 -0.0194753568925924 0.0151337617911197 0.034793113883385
0.158105199424372 0.14047397639938 0.0665432908873952 0.0904382710450483
0.00115700582815908 0.192404092530326 0.0052423490358179 0.259694009227733
-0.116259469945535 0.173168598452631 -0.185578764767978 0.366411066590146
-0.17570751987993 0.293713372245696 0.0328783199002207 0.143051093553972
-0.00969277848505584 0.308360290470281 0.084288264057057 0.0655630287372066
0.207524434700459 0.235673014992501 0.00575237594965996 -0.0709503166463952
0.284736501667645 0.0193282569067784 -0.0751415412088138 -0.0563828966870953
0.164492633245422 -0.18629319293952 -0.133458552483941 0.0433476083398979
0.0137096982936416 -0.205723752832719 -0.0820342950025896 0.119750659439343
-0.0638458168276703 -0.213581201969822 -0.0185698988496389 0.147818024927807
-0.0986821737853109 -0.217378030958799 0.0224529306913924 0.14382742295042
-0.0911501402216642 -0.232584926199503 0.00896314310928466 0.144828288885975
0.00271192389161501 -0.21653506343034 -0.0335246704415319 0.0861169575115294
0.136960743886447 -0.204763309094805 -0.0501960695982285 0.0163011991250808
0.29777504464469 -0.0373896332953374 0.0473383287181021 0.00143445414909199
0.255420828385268 0.19003129520853 0.0899169324460423 0.0753129480975932
0.0353489250063747 0.297369341783845 0.0227033459881973 0.234519347845454
-0.150419149639368 0.297062578942601 -0.130389717867544 0.314240998794628
-0.189031519503591 0.375005832769606 0.102020545411042 0.0439848309698492
0.00597459661211299 0.383964946714463 0.0978733958597094 -0.00578841410416676
0.261227303529022 0.291169422470609 0.00787634596040078 -0.0876006107004461
0.350249980534755 0.0317286972771393 -0.0495473460677594 -0.0742023534833487
0.21583775855613 -0.213329992533773 -0.103812370557656 -0.000685397867563875
0.0409258817026539 -0.242411279230754 -0.0678186579728433 0.0435342464368907
-0.0498371824479027 -0.254643636761349 -0.0406816616556896 0.0572495995805933
-0.0972821337578352 -0.25913543565812 -0.0209369908472654 0.0563268381706606
-0.0909647902711811 -0.273111076226799 -0.0214051324626162 0.0586440763206352
0.0127546605165278 -0.250231326270743 -0.0376306842365656 0.00439356677757006
0.157356588991392 -0.238390760089229 -0.0300899346620255 -0.0448052576179534
0.34281972895305 -0.0532331495628132 0.0741238118018082 -0.0375482800653711
0.314627163230448 0.208621713017212 0.101427701171481 0.0516856980227082
0.0659004168273523 0.352840975227882 0.027321137544258 0.179567241712297
-0.160948411146571 0.37261337231282 -0.0712246677930997 0.220626547746325
-0.172120312468418 0.404845037956301 0.170134834965704 -0.0762781147504067
0.029768784578232 0.402487026604073 0.103128813777853 -0.0964658221453066
0.27914143113694 0.297725469150535 0.00581988636077945 -0.102438371732829
0.359879689220773 0.0333436253034103 -0.0184502830959686 -0.0850506397416585
0.229319431632521 -0.209590215448888 -0.0568399666541328 -0.0485485898601122
0.0592325872717002 -0.242348921721146 -0.0422978360716915 -0.0431468344840924
-0.028033813029972 -0.257459660550724 -0.0561569834568566 -0.044842044601496
-0.0795645040352359 -0.261674564294143 -0.0611104977209655 -0.0399259900627272
-0.0741193310996644 -0.27295858105549 -0.0509899987546755 -0.0361330087990511
0.0259626349130248 -0.244294107076302 -0.0400959512635355 -0.0794704314169297
0.156999983364599 -0.22664705818499 -0.00562850031721081 -0.102824895984914
0.331586409713548 -0.0491243148299631 0.0920893765848654 -0.0708770434899415
0.309959948340689 0.200842935021373 0.0992108761100778 0.0283548541318703
0.0747133207186774 0.346511515809574 0.0156851027130824 0.108227931640033
-0.149487989123579 0.384033896677235 -0.0160969724202704 0.102202301216053
-0.12442883452841 0.373031986120942 0.223593660158177 -0.197798857404724
0.0511168837507427 0.348896102536405 0.0972264789060506 -0.186056803474935
0.244450668286991 0.247220909935186 0.0012840248290873 -0.108708623536091
0.29989439306541 0.0272999286140798 0.0129371660123393 -0.0857873269864542
0.197001298536736 -0.1672854256253 -0.00274012900284174 -0.0897488262649613
0.0643377489557239 -0.200123780438911 -0.0108625452059644 -0.123503398396866
-0.00254166649367352 -0.21748256521392 -0.0633045438431857 -0.140487572349286
-0.0490080787949973 -0.22381384852988 -0.091971072121075 -0.12995364568919
-0.0430743218633115 -0.231212501420178 -0.0732343999192535 -0.125009837023166
0.0415328729767093 -0.198198600562158 -0.0342374314310611 -0.150736424404263
0.13954835826196 -0.17156527377558 0.0247898086129535 -0.143666928877591
0.26371605060904 -0.0212179640833252 0.103614556484826 -0.0858260316924228
0.242371324111178 0.172634831486137 0.0858799083796548 0.014486298849002
0.0549262051370821 0.282559111308033 -0.00281360441663043 0.0376057626762985
-0.122482781054701 0.33125191701594 0.0296534113013383 -0.0162100077113108
-0.0553613356247028 0.282059374471826 0.251678274871487 -0.300296801893791
0.062757713216773 0.233399847414307 0.0791259130626893 -0.257497728885167
0.164048659167515 0.151235980867698 -0.00768600421668403 -0.105416492308944
0.18302584513124 0.0163850937527177 0.033931921471379 -0.0747465872374162
0.128168177619099 -0.0955089624042689 0.0453586343621391 -0.11378192715282
0.0579203242562244 -0.123039253998815 0.0190725520205411 -0.181831299375377
0.0221502302074126 -0.143400161791091 -0.0617709902407287 -0.2136761427526
-0.0109070021526652 -0.151526791062562 -0.10911348598194 -0.199724370894993
-0.00252782321197143 -0.15538246725721 -0.0818457283352577 -0.195442356389527
0.0538321915077888 -0.124023949160683 -0.0175687629087175 -0.198007845214419
0.104619435764043 -0.0900641873065849 0.0597001729299134 -0.158375903617361
0.160112091434325 0.0144173683482423 0.107935598401227 -0.0787866544225349
0.136422502912848 0.123443604140134 0.0672591674297142 0.0126014603792796
0.0231684155078652 0.178970982971142 -0.0182844003762732 -0.0178045768451269
-0.0791577019503378 0.227636161157287 0.0653249608458286 -0.114683023456879
0.0208908733202689 0.146130272936482 0.24590317584715 -0.367445452950362
0.0656016812801028 0.0840501295924703 0.0493713211937458 -0.301976128622952
0.061579727147655 0.033886493318443 -0.0256699900004852 -0.0948989721576072
0.0440805753278226 0.00372204576558162 0.0373579097322575 -0.0546583381314868
0.0426413079708136 -0.0116085666662641 0.0766325360893959 -0.115174876478119
0.0425756019676155 -0.0280286977496669 0.0423265177674775 -0.207612539990699
0.0432042212975301 -0.0462372299088198 -0.052412485621846 -0.252254799294175
0.0283393006223706 -0.0559904564566253 -0.10946777499392 -0.240991216684384
0.0358674761402499 -0.0576158895861138 -0.0749800122521645 -0.237232020019934
0.0542811470386275 -0.0358827969442009 0.00721304816540344 -0.214643203533669
0.0533823514106271 -0.00558109209521579 0.093546028398537 -0.146512152366805
0.0439389191881921 0.0349824803002401 0.10518495621125 -0.0558776716277134
0.0272104043547108 0.0519793137429711 0.0476697275613921 0.018261032215939
0.00148091609916514 0.0568449140160763 -0.0261948530308993 -0.0571499070675874
-0.0202301517417135 0.0983690821226533 0.0869057595504802 -0.18078234213099
-0.0771284192361098 0.0445119455709388 -0.0544920669010054 0.246513985397767
-0.0119020801024319 0.0768062511946064 0.0573470614185198 0.12251014919413
0.0669710106711433 0.0472866327220813 -0.0193473686045018 -0.0391204209791909
0.0797800768524966 -0.0287372752323769 -0.109497766849518 0.00307089157563419
0.00848461594972395 -0.0772693132673618 -0.127958787972241 0.122750135731133
-0.0425690308334728 -0.0562628550753615 -0.054310753479523 0.214548272506395
-0.0621003980177911 -0.0454723083659627 0.0513230887258595 0.247166386775232
-0.0623316772005317 -0.042976070733459 0.107734436291825 0.238804528188369
-0.0597912659982573 -0.051189773093222 0.0677479753853741 0.243634568984812
-0.0291047376965442 -0.0612702441338903 -0.0136147819290969 0.201359997411764
0.027458777735483 -0.0705797706344321 -0.0712632713872533 0.113548080266977
0.088906496260876 -0.0181762795581215 -0.0144026452315194 0.0581457874418918
0.0536238755497478 0.0587000513776804 0.0413225700732262 0.0895812814082123
-0.0166081266199491 0.0597556555370378 -0.00460994981684726 0.254157046531054
-0.0555922927695032 0.0280492433248471 -0.206900893151464 0.384316893799979
-0.125617560234477 0.184838957407972 -0.0163696247220831 0.213081799297984
-0.00479898179124437 0.200123023613417 0.0722689672681174 0.104996683992611
0.1481400740753 0.141041262091579 -0.00553983429520829 -0.0552681925939913
0.1899535163282 -0.0117176953002572 -0.0962611668137515 -0.0285586800889363
0.0837018759389724 -0.143886746990462 -0.139828299739269 0.0910422354885843
-0.0223597206622892 -0.139504633169168 -0.0717229436160751 0.182487174506627
-0.075749311213131 -0.137534454416615 0.0210574867548215 0.215150118798765
-0.0948254136759881 -0.138612838186525 0.0759994256944414 0.205786176181909
-0.0876120542769154 -0.151818307218401 0.0483125897754457 0.208690053315679
-0.0163913101501921 -0.149975912849225 -0.0207499862841441 0.157061337795305
0.0864071124258229 -0.149009855876508 -0.0634937178728379 0.07382424556545
0.206924464021407 -0.0317497423794769 0.016775379881151 0.0322252660245922
0.167214512721649 0.133001891646 0.0696085207384859 0.085689832322224
0.0100864686305955 0.193793545908638 0.0173125259984845 0.26044527207146
-0.106974949721193 0.180112265590659 -0.168323073274187 0.37814365577503
-0.160294360986965 0.303185209779712 0.0384316095169751 0.142491969887513
0.00529748228439538 0.308726847982001 0.0863031781818678 0.0608984393973809
0.220289664258078 0.22355938703142 0.00258655656604443 -0.071077874691981
0.287084016495699 0.0059953242147371 -0.0770338782141232 -0.0536029938326852
0.154230753978423 -0.195042404308309 -0.131630111040831 0.0530320827816018
0.00404812435265084 -0.206586218067648 -0.0758740852289725 0.12565979714301
-0.0752310196209324 -0.210442399329736 -0.00897258116845312 0.149063306225596
-0.112845326227802 -0.212823435290709 0.0324848444938034 0.14225177764463
-0.105649977044245 -0.228220568367736 0.0191717755242256 0.144298457493189
-0.00806415574785427 -0.216870869560947 -0.0273811741969819 0.0892682457220415
0.125048357769706 -0.21346831197195 -0.0489280795974255 0.0213029924443748
0.297592152164433 -0.0555496295020532 0.046592048634813 -0.00312829783864317
0.267897131425279 0.177577607656419 0.0925569244244686 0.0702087124628172
0.0504978614560079 0.297299671794913 0.0344170819167955 0.233989345562396
-0.135017090753052 0.306974859420759 -0.115211739188649 0.322015209275611
-0.169981082414215 0.386730185147308 0.102984015497304 0.0399037838462573
0.0249529919241604 0.384116838221745 0.0959699861109328 -0.0110683971612322
0.277872971602504 0.276347676614441 0.0038076964563626 -0.0881215865137864
0.353940357162653 0.0149145194155558 -0.0517967113779662 -0.0725096897224388
0.204345298461868 -0.226122910295929 -0.103988115787571 0.00746092543802714
0.0291983265336388 -0.246652648132311 -0.0661629897561987 0.0478779307714497
-0.0633926032367243 -0.253684647892879 -0.0371383505723733 0.0598167746306875
-0.114407039880985 -0.254618511142603 -0.0168705370355157 0.0572710119818732
-0.107926534272977 -0.269049631130272 -0.0164361204374934 0.0590271033178657
0.000876442123281342 -0.252057987543501 -0.0368462827893208 0.00679256295544843
0.144280154621075 -0.247259903744741 -0.0315898236150791 -0.0411933816705077
0.343183766136373 -0.0733206394158206 0.0710604896008759 -0.0437794430083165
0.32780585349427 0.192424099961372 0.103174828522922 0.046958068545348
0.0844579528555106 0.351097775318933 0.0370220096799165 0.179255932269756
-0.141546718593061 0.383532435490345 -0.059347864200615 0.224781030472866
-0.150113692013258 0.416713888900536 0.165654728832905 -0.0842563066838445
0.0494150561795694 0.402123728631373 0.096771214475542 -0.101297025837194
0.296362060301433 0.28260254433105 0.000901893754916731 -0.102798300663289
0.364005859302117 0.0152190907112802 -0.021564340415487 -0.0847314294205001
0.217382891682427 -0.22368346918533 -0.0593439980284015 -0.043335281642395
0.0468861284053223 -0.247858490589062 -0.0457019329719548 -0.0404117605386094
-0.0421668020069844 -0.257808036101442 -0.0591366680880332 -0.040983829714893
-0.0969519195740701 -0.258132492914783 -0.0632050747796754 -0.0356179830059927
-0.0915875315268985 -0.270099372271418 -0.0524484245465626 -0.0343399305346821
0.013726959823211 -0.246755454276393 -0.0443097819654422 -0.077730086863072
0.144312947023786 -0.236337332782917 -0.0103749710015032 -0.10145576784279
0.331555214787958 -0.0677613044842047 0.08749568357713 -0.0779901599969223
0.323333520628254 0.1839224961136 0.100074248631325 0.0235358367745743
0.0919627754932423 0.344109718370064 0.0232777249924256 0.109218957949456
-0.129965292974258 0.395995656783492 -0.00991334901802365 0.102482047641728
-0.104637024759023 0.382310556089745 0.21408540999141 -0.208911179219615
0.0675749179510193 0.347711310921827 0.0861423874893818 -0.190691214996571
0.258905042060387 0.234726213815027 -0.00388256015693946 -0.108251052599981
0.303979402667558 0.0122473333045131 0.00993577990316197 -0.08737412875365
0.187640627383044 -0.179773322850257 -0.00725405798975707 -0.0881088219134183
0.0541267131382491 -0.205902831130957 -0.0186326223718894 -0.12337595704001
-0.014946919914812 -0.220335659291868 -0.0724599477147024 -0.136556675458058
-0.063886430697578 -0.222537787621484 -0.100174898314823 -0.12372198872472
-0.0574433708601407 -0.229796413315208 -0.0807265100916204 -0.12158334033584
0.0320610415975838 -0.202230599904671 -0.0430472808854237 -0.149660871473666
0.130410529064575 -0.180164029016526 0.0176553127919791 -0.144945978453044
0.264878104843836 -0.0353754179330103 0.0984959167414301 -0.0925364919299289
0.25305565462979 0.15984982377647 0.0865430739373446 0.0108596434210969
0.0696664676322714 0.280837452918784 0.00146526426261337 0.0398815347505544
-0.105714594582213 0.341157828904815 0.0303209726044524 -0.0195359405727206
-0.0406954371369643 0.287104791738081 0.237104642362305 -0.313201014654144
0.0736468219495329 0.232309746833406 0.0651368759515132 -0.260856723856706
0.173386471762688 0.143127574063849 -0.0132247661581203 -0.104729250110417
0.186536825770403 0.00779422543564364 0.0319108602910896 -0.0772777602158669
0.123279562286704 -0.104390685210377 0.0392879647635609 -0.115582899365038
0.0515400718988937 -0.128352484319672 0.00856400644774135 -0.184085950973467
0.0137706111562723 -0.147372520366189 -0.0758548597994026 -0.209764026877866
-0.0205590967880622 -0.152300054349552 -0.121851055787388 -0.193032797086827
-0.0122936145568488 -0.156628433989773 -0.0941108812185678 -0.191113128123508
0.0482899609960778 -0.128434500841583 -0.0291198584538513 -0.197736072203468
0.0999965942790987 -0.0962424057270739 0.0520370903752308 -0.161892190083816
0.163170396092151 0.00599626956835236 0.103839519528304 -0.0851441510183905
0.144138730213143 0.116059843346773 0.068894095344853 0.0106564724360673
0.0330182663472797 0.178850181199594 -0.0171312670100294 -0.0157246911312901
-0.0668929714593011 0.235043804226505 0.0612250884089897 -0.120687692410636
0.028527898014112 0.146785174100967 0.229546606537055 -0.379435969502639
0.0686778244311651 0.0818619904884391 0.0337622326071806 -0.303746154781565
0.0643196237023906 0.0321560700534068 -0.030142916096557 -0.0934531613254933
0.0453216431441187 0.00117878801964076 0.036038898513516 -0.0568821105233375
0.0422460942171797 -0.014509931818786 0.070996914037474 -0.120433011607259
0.0408550507557621 -0.0317075395820281 0.0299165104559626 -0.211418378507129
0.0403520541891769 -0.0502210594476986 -0.0686988148886787 -0.249516517235872
0.0247717642825562 -0.0589326627304464 -0.124980260322368 -0.233363911499588
0.0322742648556601 -0.0606344565087122 -0.0904492753704979 -0.233018521084349
0.0526714751157348 -0.0400786911487451 -0.0056300529179281 -0.216180675488055
0.0542011088484251 -0.00874194377236604 0.0850956055093301 -0.153542447795012
0.0473011079793076 0.0329768315366893 0.101572823946659 -0.0612315163277821
0.0311376533472805 0.0506325305311249 0.0499196311735873 0.0166169638677202
0.00510455705202423 0.0574368161137174 -0.0272875764078563 -0.0549993374576666
-0.0151373795494033 0.101420756443819 0.0795842250533383 -0.188501689987295
-0.0566076091016162 0.0713521220777 0.0303635506848307 0.248590721301452
0.0176155110984335 0.0762218223474501 0.0907305779406751 0.0927923073819728
0.0783410078481982 0.0204704270094944 -0.0352503299305985 -0.0275720621112843
0.0628565302904778 -0.0549786837728745 -0.102224229447834 0.0447124710394881
-0.0188850067845688 -0.0725456383015881 -0.0760275747963576 0.160595878670887
-0.0582694728708927 -0.0347029175657245 0.0269301200637045 0.220136685293223
-0.0739855213397466 -0.0193218551775947 0.138784425433 0.212812287502627
-0.0718220338056755 -0.017429990268967 0.186292246940783 0.180636685864098
-0.0732075241013086 -0.0263825783220909 0.148305777603073 0.202648971951556
-0.0469904850014845 -0.0472429158582509 0.0569822173646631 0.194209450026502
0.000779874666366621 -0.0746555686848648 -0.0266334128289788 0.132608068047503
0.0761804333656585 -0.0474559927536751 0.00313471617897396 0.0592015477020982
0.0702424236352312 0.036270236858635 0.0656903168816601 0.0684284564156214
0.0046254482676934 0.0594102614930519 0.0763344906587585 0.240025202200351
-0.0430976951696513 0.0412464666813384 -0.0743420283103989 0.423448738050629
-0.0525438022036585 0.222054485044892 0.0509440277180169 0.199061906592275
0.0684726480862391 0.190656979081636 0.0927551720719306 0.0683815526488003
0.188115097802352 0.0791916784880158 -0.034867328597901 -0.0443101244588753
0.172275218300704 -0.0799146260925599 -0.10355963172553 0.0158025406048254
0.0278986913802333 -0.160570358090887 -0.0954657731544033 0.13954009852148
-0.0676928616392019 -0.119810124048961 0.00157197167493234 0.197588431432828
-0.11842633266935 -0.103066597427236 0.100959520782124 0.196447034279716
-0.133895894835136 -0.0951383073499308 0.147697979870671 0.161956858663111
-0.133402331249032 -0.110373851664284 0.119756453969726 0.176961753187086
-0.0639136862439322 -0.134673692666766 0.0367634942258832 0.156729533622083
0.0292374219601638 -0.167590498794148 -0.0322637807695878 0.0962833026275084
0.182869184265222 -0.0998001090405254 0.0208674805116536 0.0252548707391279
0.201060252399554 0.0684778575690345 0.0887147550068816 0.0534271761266212
0.0748226534551308 0.176480951248753 0.101694845362439 0.23597309946208
-0.0428993219881539 0.204152356770374 -0.0338258478526749 0.40364200519738
-0.0434191135142237 0.348280895414854 0.0766258617936348 0.110048514061956
0.116666944791769 0.289066877018884 0.0865512586736255 0.0200511612152178
0.285174390789203 0.12959936057298 -0.0385779281645703 -0.0593097301535613
0.269620315968878 -0.100527664281401 -0.0966715968847949 -0.00906981179527539
0.0757519509053583 -0.232985918702294 -0.0993121286429565 0.104938200345873
-0.0659071545342015 -0.192088903370892 -0.0194311092945894 0.147133737856277
-0.143910673013517 -0.173647994724523 0.0500102130886704 0.148409576336198
-0.176080633342758 -0.157889738916546 0.0868168573939463 0.11891019063209
-0.177091328530463 -0.175080455064423 0.0714211590595732 0.126154268982328
-0.0788469362170249 -0.200727953470699 0.00788410044921449 0.0967309838881121
0.0442158875432343 -0.241294936832792 -0.0355003282980499 0.043722633490727
0.260609101374865 -0.151900829653509 0.0356853200241003 -0.0164907447706002
0.310092901163564 0.0766769633696603 0.10373149416139 0.0302420338249656
0.147471153379968 0.260766509520129 0.111271602073629 0.204736666282054
-0.0292699029671142 0.334691761049933 0.00270118467760029 0.333499096329251
-0.0229212138520028 0.430313390847714 0.101135026669569 -0.0105231815074753
0.161917001991052 0.353387549355712 0.0678902354188527 -0.0517678810791073
0.358477289120346 0.159038335645363 -0.0480528925107058 -0.0731028875507311
0.336223333000624 -0.116654744066667 -0.0806386575258571 -0.0322820610929846
0.111158729075717 -0.280017639837509 -0.0877921871605423 0.0554456865947892
-0.0561217384966706 -0.239061133860577 -0.036628453487493 0.0729351438730589
-0.148104443762747 -0.219699047854016 -0.0076773398734763 0.0768120871918468
-0.192388658111396 -0.196828621408016 0.0121327595410206 0.0581214471660041
-0.193238297415436 -0.212852026488121 0.0096117953763421 0.0588697567115808
-0.0825448502210125 -0.2364860681178 -0.0284060644758401 0.023076090298833
0.0505850681243912 -0.278914916954056 -0.0403948680884843 -0.0194485774218161
0.298449152782954 -0.184257317463751 0.0439760189071995 -0.0618273267074511
0.371335106978896 0.070232973007612 0.105634770997951 0.00408898768116935
0.196681290998591 0.300823729734056 0.0978409956524136 0.151759143725834
-0.0101537410924412 0.410657813095013 0.0262214904944842 0.223169715784812
0.00656783381155675 0.451499110381551 0.117865561009871 -0.148368803882987
0.19128364099781 0.362261532912198 0.0375067255115319 -0.13646242609339
0.378890148020267 0.15791994802944 -0.0561115500452469 -0.0845083970444845
0.346395025618337 -0.120802490967574 -0.0559610540028253 -0.0537097034934615
0.124629873610846 -0.283339077179115 -0.0627287988945823 -0.00681410805682698
-0.0399849079796924 -0.247603740762024 -0.0482334650139923 -0.016777699916243
-0.129844928493132 -0.232305292694983 -0.0652691289428246 -0.00875535674126584
-0.178261302706026 -0.206375402931545 -0.0640175172667948 -0.0106499314582799
-0.177702481941742 -0.218178057545442 -0.0558054836523714 -0.0149192467914436
-0.0686010641807438 -0.236006956567835 -0.0643535098794372 -0.0531485733940994
0.054852255772448 -0.268771388493247 -0.0412623947108101 -0.0829808543649874
0.288914744339756 -0.17607210948563 0.0486333057639901 -0.0983275755929528
0.364148662878078 0.0638455963910627 0.0963738679077933 -0.0164481847554709
0.202845391115465 0.291396892799554 0.063091510013803 0.0900385821136772
0.00445442060756048 0.419548194987189 0.0352220502155281 0.0930897943379382
0.0368282571526518 0.401150701986627 0.122614815087685 -0.279994917050081
0.188223885276515 0.305044453499696 0.000424680814514645 -0.214602503918498
0.326930529403417 0.127014612684671 -0.0589391107727722 -0.0900079232420027
0.289978251784203 -0.101149530084757 -0.0264356250868283 -0.0698926725536698
0.112627141163738 -0.233537603824034 -0.0305851173236314 -0.0688349512989451
-0.0190418006569022 -0.212374003059989 -0.0538057280375566 -0.10478443310237
-0.0917609748513719 -0.207271501597103 -0.112766758403163 -0.0939587400528151
-0.135850025951828 -0.184877012996731 -0.13035334441372 -0.0777953149402377
-0.132184067713712 -0.194024959161375 -0.112930620886921 -0.0866134955379693
-0.0378755775402963 -0.200330938136628 -0.0881530665118347 -0.121756969514818
0.0607186151245252 -0.210998521506335 -0.0309889719785323 -0.13451427746516
0.237801283697281 -0.123071166051005 0.0550866668621478 -0.11627944368893
0.290427704735111 0.0642463882715382 0.0813621482582371 -0.0230780575301898
0.15987791605457 0.240534042969753 0.0204301264687666 0.0329260643122859
0.0108710606640746 0.360123285147815 0.0333440350970733 -0.0333954094463839
0.0627904327304621 0.286920545744511 0.111918892985079 -0.381974181593982
0.151072609957082 0.192850748933473 -0.0374099149293207 -0.26987998728802
0.214223854930966 0.0727647527622976 -0.058974935691319 -0.0865357102524516
0.178673911614447 -0.0621140824060436 0.000667295778994239 -0.0745592717579231
0.0789571853775072 -0.141042503689748 0.00246438226309569 -0.115359910923419
0.00412119996099386 -0.140332178770191 -0.0521993622328749 -0.171994931155717
-0.0394158000940858 -0.147817004574292 -0.144424234951768 -0.163156676959262
-0.0724724627240406 -0.135561886600567 -0.177009809221233 -0.134043077710136
-0.0653334003803915 -0.141914707631929 -0.150629426581164 -0.14611096558909
0.00165467934000824 -0.137032148567966 -0.0925163373320214 -0.172381234866183
0.061353265101622 -0.123554543521517 -0.00687647709167676 -0.164274815979608
0.156396030016827 -0.0502776525155004 0.0648093145400558 -0.11170051323067
0.174385360178485 0.0597368297049889 0.0667906938609839 -0.0160265740414586
0.0913727845573204 0.15756348159276 -0.0163876932186186 -0.0117696579593804
0.0121581254407722 0.247476243731064 0.0270307728851092 -0.136216639827619
0.0775912734992866 0.127421528015925 0.086558664984957 -0.435944780761917
0.0913877390071515 0.0522845545016388 -0.0741060790190576 -0.295672290973957
0.0719751946763008 0.00752152826890526 -0.0623705726180789 -0.0746806223254514
0.0435860279575415 -0.0160382419133457 0.0146178577364458 -0.0639811292651931
0.0343665122760858 -0.0305832185021601 0.0274587768931298 -0.135321170812972
0.0269372070320395 -0.0464098990232162 -0.0451877442386916 -0.207651337107484
0.0187705691282514 -0.0650950774961686 -0.154186403239372 -0.205166676517242
0.00200235279776856 -0.0644151731573875 -0.197273103112338 -0.169638579313901
0.0091788276946128 -0.0682375949484429 -0.162822938577381 -0.184905254607201
0.0349345277945571 -0.0557351864153366 -0.0782168636714603 -0.198671825535725
0.0481028738858663 -0.0265299010358902 0.0262523292894229 -0.170592999368671
0.0564323368294151 0.0143261941257894 0.0734777140778262 -0.089525926731649
0.0465636513203721 0.0364384520233404 0.053388063871832 -0.00188599415199233
0.0242988843066335 0.0532841521449493 -0.0399845696422401 -0.0434817537164772
0.0183787666631094 0.104046738319718 0.0186390648794447 -0.203736496773384
-0.0550859774950426 0.0720321624152649 0.0338841733319833 0.249864524648492
0.0190499273404608 0.0753894321741969 0.0919495114597871 0.0907784761509264
0.0780480113283691 0.0192114844214771 -0.0360047643619591 -0.0272667464451772
0.0617782899487654 -0.0559089222416051 -0.101593704194922 0.0471818859645481
-0.0198052150318721 -0.0714507500581052 -0.0723316175801494 0.163924545623408
-0.0581621955523131 -0.0328326953141764 0.0332359534085506 0.221842314136589
-0.0739795152846771 -0.0175710875202397 0.144953459272573 0.208892137582735
-0.0724852673614107 -0.0152716436257766 0.191429470111437 0.174781868927211
-0.0744279506082383 -0.0239884836850535 0.155974074146619 0.198654499329766
-0.047418332022326 -0.0461198381395861 0.0636189203990645 0.19402392093812
-0.00150370074752504 -0.0741880197507834 -0.023247451264946 0.135099534855075
0.074226710355591 -0.0492612643238183 0.00367877698871472 0.0587214209093012
0.0715159125230098 0.0346191637361063 0.0647081497180103 0.0667929416983335
0.00584609011633164 0.0591690683616857 0.0794640228319947 0.239684033740381
-0.0417948042033101 0.0414692670051067 -0.0667274990282927 0.427414054049102
-0.0483483928560701 0.223558869070598 0.0534264584162575 0.199911746087321
0.0715097575902182 0.18930715641601 0.0929115074695078 0.0671184296231552
0.189584419427276 0.0742913969044932 -0.0359995545127727 -0.0435126740529735
0.171810920831975 -0.0837126714817812 -0.103355557921475 0.0180293979055716
0.0249806724279153 -0.160625218997782 -0.0915880222895065 0.143727861927106
-0.0695178828747671 -0.118565649613536 0.00683115938948386 0.199624212888631
-0.121257549227141 -0.101639810474392 0.106555970131612 0.193809296225409
-0.13815883294294 -0.0914668002052616 0.152537201672137 0.156714865576359
-0.137951431507022 -0.106871203543498 0.126681348332354 0.173381357910901
-0.0664730916836926 -0.133899965109392 0.0421627917751385 0.156664706882552
0.0254108083275898 -0.168431988887308 -0.0288781731360437 0.0982943082500558
0.181643775588125 -0.104593972672561 0.0202083645029178 0.024120607741992
0.203894174225531 0.0644673458041564 0.0882768886295168 0.0522300202474958
0.0791375754232712 0.176656322271641 0.105937389663857 0.235425205276089
-0.0378449890958379 0.205471742550418 -0.0273946482473773 0.407416218544329
-0.0353791372353521 0.349982591267092 0.07771071341919 0.110191327175946
0.121584224787459 0.288184551463762 0.085544666456276 0.0187219181940675
0.288234082101228 0.123431121628467 -0.040015667440234 -0.0582959985866177
0.269675636355972 -0.105786889603739 -0.0966363994724203 -0.008308345215974
0.0703302136539496 -0.235292578924589 -0.0961254380790122 0.109141207907721
-0.0695667570927828 -0.191666594863589 -0.015512383302829 0.149606163544199
-0.148782898930638 -0.17175817634653 0.0544299782599852 0.147426904265189
-0.182577061112375 -0.153305482006791 0.0906315131820167 0.115348654142915
-0.183104190051477 -0.170761819167486 0.076488808197387 0.123718368054172
-0.0829947894481271 -0.200484031805565 0.0115599654094828 0.096801517179445
0.0381069767712961 -0.242231315738457 -0.0336750924843012 0.0457082085828203
0.25903870875614 -0.160019436796945 0.033929104591434 -0.0179705987725706
0.31417334727867 0.0695079170478288 0.103331368870164 0.0289733264375668
0.152622082275869 0.259898688822396 0.115933629318075 0.203708848112261
-0.0215080607893779 0.337725049133787 0.00882286588017152 0.335337122350178
-0.0133797239930195 0.432514587540882 0.100931534222871 -0.0113918916609919
0.167727799449787 0.352648440529627 0.0659906534260914 -0.0523322032480813
0.361171801574256 0.150471753088194 -0.0493421182464356 -0.0713811967577941
0.33684296510298 -0.124195153991933 -0.0815445562960499 -0.0319510341005912
0.104788577220043 -0.282784823754379 -0.0851852258775877 0.059252738155709
-0.0612747546671908 -0.239655041857479 -0.034643393803977 0.0748709341803619
-0.153878212785837 -0.218609445000101 -0.00568544142525905 0.0768006389897796
-0.200190514382758 -0.192304613742839 0.0146335224277643 0.0572234163559536
-0.200708088800906 -0.207783909101017 0.0124629720164737 0.0576841872908082
-0.0871705943491711 -0.23664209374115 -0.0271017760074369 0.0237266103522844
0.0442679432664888 -0.28083092556127 -0.0393941189072621 -0.0179194072194717
0.296116665925965 -0.19312576648623 0.0416128792286097 -0.062654740971239
0.376406448634983 0.0616902021305097 0.105358947831791 0.00253855644809608
0.203280234261118 0.298977084566278 0.102310668096408 0.150255946134185
-0.000493967510682303 0.41403238773468 0.0308597273771201 0.223263684452741
0.0159774393224806 0.452670268505074 0.116307255362259 -0.150181057893068
0.19751114834211 0.362136558426805 0.0344571780848123 -0.136090736954403
0.382762436850333 0.149742390442874 -0.0577836342271266 -0.0830140053996619
0.347858763918208 -0.128708127860482 -0.0570652315420643 -0.0544090291543757
0.118065957446157 -0.287676748392868 -0.0614891438613752 -0.00384488462441882
-0.0457717976808858 -0.249120677987641 -0.0487315056160094 -0.0151581779140944
-0.136676150060981 -0.231518667741752 -0.0647820038454721 -0.0068769003644672
-0.186207615256669 -0.20226851215942 -0.0635310429341099 -0.0088847879741459
-0.185603380735623 -0.214503406732149 -0.0560825210710681 -0.0142926074604279
-0.0739833364367575 -0.236438490741003 -0.0654351536370296 -0.0523923326297688
0.0486158675510626 -0.270172025368295 -0.0422573681787908 -0.0818869438969028
0.287372035622373 -0.184185273692672 0.0452024699634028 -0.0996138790824962
0.368486599872898 0.0556027553978994 0.0960831392963258 -0.0177166534484853
0.209461543290215 0.289723211611479 0.0668136785974653 0.0886097426426228
0.0141436558976868 0.423368963662837 0.0376649527445341 0.0914482087073434
0.0455629148801108 0.402837035125364 0.119221375152734 -0.283029046534169
0.193358615753604 0.304684519863298 -0.00291884359421688 -0.213641235536516
0.331533636695799 0.11986578758244 -0.0612154630305846 -0.088749563337428
0.291071180667978 -0.108121350589563 -0.0271437740649251 -0.0713956448361314
0.107561850157267 -0.237317522776982 -0.0307457055964504 -0.0681210069202388
-0.0246440666485821 -0.214119896203019 -0.0561566578264387 -0.10389802649937
-0.0980749612910814 -0.20765540340674 -0.115118973218707 -0.0901636590152902
-0.143783822866016 -0.18243048312019 -0.132211868409035 -0.0737110227160164
-0.139144786254432 -0.190856129738187 -0.115836597706391 -0.0835050073412143
-0.0421688808912114 -0.201577750259042 -0.0920526274574449 -0.120044463354809
0.056080454047524 -0.21298800528053 -0.0338296601533389 -0.134100331362358
0.237459978246321 -0.130209422500757 0.0517842424415281 -0.117346819661696
0.294224676150917 0.0571965819032403 0.0815147790845207 -0.0242378886750913
0.165183338533214 0.239936649332767 0.0233046424687022 0.0321558576480161
0.0190909116568215 0.363254147369411 0.0331839992342724 -0.0359117738184339
0.0695587509196814 0.288297945652698 0.107451849633222 -0.385898240231234
0.154510437490012 0.192715802222272 -0.0415152634442091 -0.269261639079888
0.217164259974468 0.0685584119317727 -0.0611769730225381 -0.0849776169370702
0.180090736826998 -0.0661154976581182 -0.00133532974870003 -0.0761613283784493
0.0755216203127753 -0.144849347862952 0.000502753102019111 -0.116260684980042
0.000217207477458389 -0.142137653441658 -0.0569255388121733 -0.17233021821636
-0.0446300398692256 -0.149157594757531 -0.148864388533177 -0.158912936245865
-0.0780664831370967 -0.134873884739964 -0.180751778393047 -0.128302436691782
-0.0704701442068418 -0.140981443259233 -0.155162330245973 -0.141188696183813
-0.00173413428954496 -0.138790334629448 -0.0978490160862894 -0.170361360963904
0.0589038415237892 -0.125257338683218 -0.0102988985334741 -0.165080104222551
0.157068011278676 -0.0546402954024097 0.0617004530524568 -0.112614339283123
0.177293359943166 0.0551181332459042 0.0675831058230518 -0.017362340620451
0.0949317974223332 0.156902233489899 -0.0145320231157254 -0.011802203653231
0.0185715982331316 0.250282856498234 0.0249413617685458 -0.138982639688034
0.0808555415704508 0.126573256170366 0.0810058072849559 -0.439890862732499
0.092112869553554 0.0524544447837607 -0.0786027710737637 -0.294893023537399
0.0728515829561285 0.00652109456015867 -0.0641060475413063 -0.0738862348319851
0.0448639095520784 -0.0170701463364608 0.0128110530135522 -0.0657998493911168
0.0335346239716582 -0.0314493743595043 0.0251677255768157 -0.138007655659656
0.0251337786260584 -0.0482446459547447 -0.0506590969425052 -0.209055223483907
0.0163009619092864 -0.0666407200067903 -0.160147260539321 -0.20096326917776
-0.00103917164581981 -0.0655902363815491 -0.201615594668973 -0.163686682680336
0.00680525404294568 -0.0691363339234357 -0.169116666170402 -0.180481041893475
0.0334254103893502 -0.0578801274717926 -0.0847266573423197 -0.197276717886037
0.0481440773427022 -0.0284595286043773 0.0215793757730489 -0.172477685492326
0.05798810550924 0.0125173958169407 0.0713475835071077 -0.0905484642071791
0.0482687091623756 0.0349373573495152 0.0549974462321064 -0.00336819037491549
0.0256239255195238 0.0536836459639107 -0.0392647516974497 -0.0438946764541258
0.0212153696584643 0.105608962556965 0.0152159475810253 -0.207677837431878
-0.0546410733380089 0.074122038698084 0.0373675990944366 0.255740954552896
0.0203611671287653 0.0764324541831735 0.0942844262390405 0.0910475496265674
0.079139068762152 0.0185439249016859 -0.0374026191606996 -0.0275163494021153
0.0622606435373225 -0.0578108236032237 -0.102407292014053 0.050496723213403
-0.0214644273739751 -0.0718917516618774 -0.0695747355076341 0.170085825150648
-0.0592843867875034 -0.0320532221699047 0.0399384756802856 0.226788047363371
-0.0754661758103246 -0.0162297407374897 0.153118229468251 0.208417364506768
-0.0746672214457608 -0.0134194959535908 0.199098774611053 0.171424890298322
-0.0769371186613512 -0.0216738403519149 0.165540476235 0.197741933227402
-0.0494172727762223 -0.045542372142985 0.0706364003826653 0.196599275921539
-0.00335096833248494 -0.0751139242210142 -0.019896835583913 0.139405489431526
0.073979807978493 -0.0515802128393476 0.00360572066819916 0.0591130249710732
0.0737133261547927 0.0330412905531865 0.0650471105400494 0.0675576466697862
0.00692366210517136 0.0597181780780284 0.0842728959599834 0.243180448370163
-0.0412589303376531 0.0417207898113842 -0.0620691487083627 0.439086758643187
-0.0442783389137948 0.228569803578718 0.0568769597313392 0.204362238319618
0.0762213576425668 0.190788795814485 0.094873953808101 0.067023436275105
0.193074198267807 0.0719497152155161 -0.0374513003923423 -0.0437322975322339
0.174300825040445 -0.0885136557292731 -0.104787087112351 0.0199346310686691
0.022279004477006 -0.16382900481947 -0.0898534162903411 0.149707085321703
-0.0725264416282536 -0.119379300410312 0.012714431369603 0.205139399936047
-0.125368511014614 -0.101311392480181 0.114349129356778 0.194060612880485
-0.144119816036926 -0.0887810335376152 0.159605588077368 0.154501578646948
-0.143905884838505 -0.104397098193211 0.135051366288026 0.172466396401433
-0.0698141670354822 -0.135858770209899 0.0479304312683598 0.158812689571202
0.0221999978740012 -0.171977189410857 -0.0263646672851421 0.101587966708269
0.183078780604236 -0.110879468225121 0.0201157830296042 0.0237560870891527
0.21053889413685 0.0601901220540791 0.0884300060161339 0.0526907049937231
0.0833904327450426 0.178930643451121 0.111188871384682 0.238583443696033
-0.034595588579061 0.210577814654803 -0.0214956947750513 0.416863623947135
-0.0285140732667823 0.357170581564194 0.080191218093883 0.111436144208328
0.128232210202263 0.29174756363984 0.0867985988112035 0.0189029277249709
0.294602145535913 0.119517373198528 -0.0419510113290099 -0.0573842728529286
0.274168198147926 -0.112956637733813 -0.0979300306044385 -0.00769608445182025
0.0675782591626706 -0.240607185521365 -0.0944853034364999 0.114615332942102
-0.0743334097148422 -0.194627351496141 -0.01213512456528 0.154119483941785
-0.155662622207775 -0.172798832778362 0.0599128814856585 0.148456517132297
-0.191979169767703 -0.150851150261653 0.0956887752795973 0.114017190735512
-0.191961684425968 -0.168369136244414 0.0830445503158812 0.122767078732734
-0.0876478438222635 -0.204348178417409 0.0152162948296871 0.0981672240581775
0.0340080919793012 -0.248507118801984 -0.0326365968541594 0.0481060338616304
0.261814132609204 -0.169245414448574 0.033125963737706 -0.0194217401418932
0.322947887061267 0.0639418414840931 0.104454521876956 0.028323466575895
0.160851932489299 0.263903163744828 0.121827016438601 0.20480888542021
-0.0145756671541931 0.346450275186468 0.0147304411849948 0.342020728645561
-0.00427213445495996 0.440743429729524 0.102461333439436 -0.0134641521626895
0.176571794991961 0.357474505186785 0.0660594135002675 -0.053399175785117
0.370250090916086 0.145483929008787 -0.0513627145883796 -0.0709856289883316
0.343232989740322 -0.133485265252737 -0.0835904538816401 -0.0325034656619391
0.10076280804154 -0.291278801564672 -0.0841372592222017 0.0636769904383845
-0.0671145291380178 -0.243638921425769 -0.0330155007075876 0.0774818580123861
-0.162299575878496 -0.220667941984925 -0.00280002408008191 0.0781277364568118
-0.211166786077188 -0.19037734242376 0.0172233276026024 0.0569302781103074
-0.211234270708103 -0.20585853092618 0.0149266760929835 0.0574459646176719
-0.0933392043698408 -0.241162781695426 -0.0265632839984117 0.024239189841444
0.0386527832854175 -0.286722288605372 -0.0398828064410532 -0.0172746168503169
0.299250497977138 -0.204399483290743 0.0404134576711068 -0.0648224621015042
0.386327442286217 0.0549783950983545 0.107128839559694 0.00123096059877522
0.212947529788216 0.303439695905844 0.107936620062883 0.150859671632074
0.00876625584971453 0.424804226536123 0.0354977072814014 0.226565073308823
0.0253120800483939 0.46120453563155 0.116371243961512 -0.155012000531612
0.207174738329502 0.367461125670967 0.0326791521435049 -0.138340074069511
0.392427617063422 0.143673714755009 -0.0608400679333535 -0.0827286657064879
0.354969357324608 -0.138264136946006 -0.0598532585488195 -0.0561949870519618
0.114153595118309 -0.296466965213823 -0.0613868090735097 -0.00157727739250517
-0.0520417947581626 -0.254361912488382 -0.0494829371336491 -0.0146740634587829
-0.146092567645704 -0.235524911662351 -0.0658844139405098 -0.00491126330165308
-0.197404466445132 -0.201281969077622 -0.0640487455685955 -0.00740860863228101
-0.195794080729819 -0.21352200271384 -0.0569861591228595 -0.0138084597584917
-0.0797609348433512 -0.242044437040445 -0.0682853373449922 -0.0525490510266979
0.0440555252625346 -0.275655991408144 -0.0440389556015051 -0.0831949906072728
0.291172046818215 -0.195471669927459 0.0432217918263469 -0.102586922045496
0.378593132388717 0.0479503789293229 0.0978863603885567 -0.019409500859374
0.218531170127145 0.2934169251355 0.0715144750806883 0.0880818350160088
0.0250819316381772 0.433242105571997 0.0402038123685561 0.0915116186249177
0.053868783849789 0.410658765462322 0.118161415411173 -0.291047904306863
0.201652888091974 0.30968419967697 -0.00614627245911769 -0.217152261530117
0.340399910976075 0.11616397426499 -0.0638349380405305 -0.0886862054085663
0.298172391302729 -0.116712313837357 -0.0301133372150608 -0.0744654453930907
0.103470174645869 -0.245319334083821 -0.0318887678656267 -0.0682607591457067
-0.0301729579927108 -0.21938222057387 -0.0595049348071931 -0.105496093758228
-0.106278314638498 -0.210944065056513 -0.118673278655553 -0.0888582168030394
-0.153272584212727 -0.182520503289396 -0.135164457117289 -0.0716002610379714
-0.147894152520511 -0.191058299613213 -0.119729203650048 -0.0826533497830791
-0.0468664940029492 -0.20663322318538 -0.0968715805233231 -0.120487912373511
0.0530852819786719 -0.218148930110453 -0.0370832153138642 -0.136174072364623
0.240824041156116 -0.139608716639247 0.0497715286903409 -0.120440935595405
0.303098620943522 0.0506971593328824 0.0835912517728164 -0.025890222517358
0.173047091525788 0.242759526156941 0.0264091484381978 0.0312382725975666
0.0276438223179157 0.372833015199847 0.0334563149474935 -0.0388589148556307
0.0765851497018657 0.292701977186492 0.104353058821259 -0.396015397692017
0.160540199563222 0.196294918196316 -0.0459181888888073 -0.27306447856546
0.223064397358239 0.0659031863113501 -0.0637191964959827 -0.0854311114998224
0.184186416695425 -0.0718918769356298 -0.00320862660694925 -0.0790509544787426
0.0730515914672905 -0.149933443458407 -0.00168420923798555 -0.118626110195072
-0.00354072150263467 -0.146078563975093 -0.0617313643787368 -0.176123907437447
-0.0502022624258224 -0.152732191530216 -0.155585030820283 -0.157670297197239
-0.0849273319181332 -0.135752158776892 -0.186235498342704 -0.125099257534461
-0.0760116505301426 -0.142589543346372 -0.162563678543374 -0.139947449412644
-0.00543001276240507 -0.14288291299869 -0.104420620099809 -0.171423858223493
0.0574331222849439 -0.129068278928743 -0.013483110746552 -0.168254626244457
0.160448230218273 -0.0609024139026964 0.0604524935793522 -0.115474769647031
0.183016023578438 0.0522092390999392 0.0700936253685806 -0.0185998207522743
0.0995431219763727 0.159942831494685 -0.0127091321418955 -0.0130687592277685
0.0249918099257501 0.25689395995071 0.023191445171705 -0.144740907093156
0.0842522057451963 0.128401802733959 0.0776361214178784 -0.450255421390825
0.0938778102424884 0.0539491887854121 -0.0837040557981891 -0.29927257105634
0.0756027099837045 0.0056314725037379 -0.0667481941361375 -0.0738727036777616
0.0464288637893631 -0.0183467094959639 0.0112282773526779 -0.0686087285313455
0.0328404595135737 -0.0329503720170527 0.0229761269963609 -0.142298421450768
0.0236962279355879 -0.0500025478764052 -0.0572252789035444 -0.213903838165261
0.0135250857524194 -0.0695898260160313 -0.168349016839084 -0.199955678356828
-0.00369286727251345 -0.0671318446782541 -0.208930004257714 -0.160193681492865
0.00450699699962967 -0.0716841938255422 -0.178074198702525 -0.178592308461462
0.032232922303036 -0.0608295894970785 -0.0917804494098377 -0.19933669507998
0.0484338472206539 -0.0305593904367194 0.0177971480712548 -0.176622668967303
0.0602492493181584 0.0101369000859731 0.0709850850004006 -0.0929742620467145
0.0508587040661915 0.0338287098530913 0.0574100570035217 -0.00497022250072828
0.0275999891511405 0.0556300939070758 -0.0393722890196673 -0.0445460958407456
0.0240117786755208 0.109183063632592 0.0115119991567667 -0.21434887713997
-0.0534292580994956 0.0771647357506103 0.0461021951956305 0.263533631044358
0.0237071675920281 0.0769518178846997 0.0984196776646524 0.0901117819352002
0.0817520812308347 0.0164575397560124 -0.0394025496249363 -0.027369448093518
0.0620515554205309 -0.061355148833452 -0.102248034645791 0.0553678952639829
-0.0238897950033781 -0.0725574045293314 -0.0641260560197756 0.178256389955782
-0.0604106274122743 -0.0301865295994853 0.0511822601130247 0.233113807373348
-0.07752835629435 -0.0140452239883995 0.165475633253319 0.207742861491953
-0.0769062085010581 -0.00998257538086911 0.210571803346807 0.166161739551941
-0.0797452844205887 -0.0177670869715499 0.180011772293131 0.195575650812438
-0.051958001460318 -0.0444920344592339 0.0825163125026464 0.199588649801487
-0.0058937742943754 -0.0768304355353475 -0.0150763575350861 0.144802346517898
0.0729907150598177 -0.0559277373089234 0.0049460937424163 0.0606450754712018
0.0768524240957984 0.0306153466648237 0.0665690849159924 0.0677979608868494
0.00902192914320825 0.060298234718319 0.0930960801312477 0.247709394858066
-0.040363919620934 0.0431094687902784 -0.048968691480756 0.45478426861608
-0.0365468778790293 0.235644605785912 0.063498122156797 0.2088184797043
0.0838842739324827 0.19387447450004 0.0989078906829546 0.066354271747246
0.199957587143293 0.0672162462040749 -0.0396889590153451 -0.0433591230170471
0.177056914531424 -0.0974577953950971 -0.106004955966844 0.0235528267820217
0.0175370703837932 -0.168565969984002 -0.0853260087271221 0.158618095849361
-0.0779240158512201 -0.12088551653579 0.0216822237916629 0.211289873456648
-0.133272809887418 -0.0998905105473132 0.12507740448779 0.194712271778068
-0.152882154968566 -0.0854117474963409 0.169753147280618 0.150692855102565
-0.152146897556156 -0.100050800461826 0.147678334651794 0.169761773339892
-0.0768555975317495 -0.137507604459561 0.0568639750741743 0.160910630194548
0.0165381278182543 -0.17751447730546 -0.0226662497086336 0.106689460463973
0.184265218603861 -0.121480340942808 0.0205329840100536 0.023980358416322
0.219170824943904 0.0537570358588346 0.0909395251212201 0.0516900640583609
0.0917138451707614 0.1811135420818 0.120990087330984 0.241864507021363
-0.0266615425952926 0.217650318870815 -0.00751301990352016 0.430338348573903
-0.0162908662285761 0.366586155119662 0.084591340824842 0.112404917791964
0.141678942498635 0.296324638440285 0.0890690120866647 0.0171638161704747
0.305278606440352 0.111918403003457 -0.0445297444146412 -0.0569975469127986
0.279744784525135 -0.126505235073699 -0.100798523062453 -0.00530723782343786
0.0598419361441207 -0.249726320800635 -0.0909831402406807 0.123262766717232
-0.0825839398595746 -0.197518271125794 -0.00547594415400667 0.159392566635142
-0.167385327111497 -0.173445298898051 0.067638283241396 0.149533992711088
-0.2048159127784 -0.146923541931496 0.102288026373607 0.111917283523613
-0.204963115496392 -0.16380094167997 0.091594740057777 0.120943647620843
-0.0972176627667436 -0.20852316816843 0.0202212511668085 0.0998133236482091
0.0261373629458489 -0.25554140954816 -0.0305138550122631 0.050774492829608
0.264794173549792 -0.184717041002708 0.03242931329739 -0.0208219127201774
0.335336621549321 0.0536525182020391 0.107097675563378 0.0267823237599516
0.174380831917498 0.267056099385071 0.131783723659073 0.206750585018679
-0.00157099212168952 0.357609145463183 0.026267637695233 0.351865289458154
0.0109273025097586 0.451788825241692 0.104039014578142 -0.0164757883048256
0.193229179502023 0.362903390832808 0.0658598386183589 -0.0557966901753021
0.384084672566962 0.136195290099702 -0.0545843129701603 -0.0700843329179393
0.349847045834855 -0.149936921431266 -0.086893907606229 -0.0321252248095681
0.0929595190559926 -0.302686215999544 -0.0822114103547831 0.069634286495372
-0.0779586874309683 -0.249263561020979 -0.0307309053259873 0.0810892339775501
-0.176500026774864 -0.222552603858992 0.00053748945220822 0.0805525784823424
-0.226757432979584 -0.186284939202474 0.0205963879363071 0.0568865382334606
-0.225587205570189 -0.201579771924898 0.0188021717166572 0.0567603137860139
-0.104786869635169 -0.246201758581963 -0.0263856419147887 0.0254047877334049
0.0298818505194693 -0.296237871467778 -0.0405987903830679 -0.0160719444723107
0.301485382779922 -0.222983659437334 0.0380587552745986 -0.0679415252356638
0.400472955085408 0.0406908269384364 0.109578037479339 -0.00133272015152098
0.22992229593535 0.305455024597241 0.116216397431642 0.149767513662811
0.0255724521817713 0.437398626761446 0.0442379657865284 0.231613495673274
0.0425661394806955 0.473028565018561 0.114234539433229 -0.163252230070046
0.225371945205824 0.372706635980827 0.0293739377278225 -0.142654312292363
0.407524559384168 0.133977368740741 -0.0641756312606099 -0.0818230768107293
0.362447386174866 -0.155673999126406 -0.0635177782613862 -0.0573841825223716
0.106225545826122 -0.308548581272273 -0.061772278206044 0.000763700238843689
-0.0629434838015853 -0.260360915488278 -0.0517232340782632 -0.0137085723755691
-0.161199857385448 -0.237563384462595 -0.0668559142877863 -0.00296665269040323
-0.213805762669406 -0.198166055826331 -0.0646252707428877 -0.00548923539661149
-0.210742908882381 -0.20975610089216 -0.0586559480768494 -0.012880794714118
-0.0913074044843947 -0.247119115868675 -0.0718737743154584 -0.0514342990436239
0.0355834547343802 -0.284983683993608 -0.0478491322701347 -0.0835774765665786
0.292831568252304 -0.213304275850188 0.0403185980416099 -0.105594296496987
0.391923093542515 0.0337559944107507 0.0999509114123245 -0.0225594450504564
0.235833217352143 0.296046707735306 0.0780562668338541 0.086767512436068
0.0432830295122768 0.445748514722094 0.0448089897599525 0.0918135908196456
0.0703696029702379 0.420175378583498 0.112036496703794 -0.303033842020629
0.218339118012461 0.313630719616444 -0.0130250680885898 -0.222350313589302
0.352750321585216 0.106539905005766 -0.0675497312104782 -0.0877733551060622
0.304877495437382 -0.130900467369666 -0.0341493693014952 -0.0767104191505721
0.0967811914025585 -0.255898455829552 -0.0338761892670537 -0.0688246798659255
-0.0403476793469716 -0.225817184007684 -0.0663175600249667 -0.107140138798419
-0.11947126348037 -0.214781700234106 -0.124916824983885 -0.0863077602571192
-0.167277425371236 -0.180738611355955 -0.140424356831275 -0.0678918651556586
-0.160431908799092 -0.189158516915314 -0.126098795600158 -0.0800278055643357
-0.0562510215951851 -0.211743004058948 -0.105068252449155 -0.120174198770476
0.0464265574445292 -0.226017536724924 -0.0423926832315042 -0.138601461761627
0.244094755332617 -0.153891411652331 0.0467171722314418 -0.124867492268646
0.314252165111413 0.0391705792177816 0.0853573616941741 -0.0292887527352203
0.186941858390096 0.245020501056342 0.0299091417780237 0.0297033643150638
0.0444006709104133 0.384190473200835 0.0334607427248605 -0.0425102554819789
0.0885595915230149 0.299288533629147 0.0953783597615603 -0.410353530128803
0.170595177333517 0.199199329956276 -0.0549462873312169 -0.27907666557013
0.232053037457275 0.0603328811114007 -0.0672926672526903 -0.0845841411404596
0.189402623506865 -0.080537898024828 -0.00694171859425304 -0.0823664627889213
0.0689189884193989 -0.157036369501865 -0.00544600184400808 -0.122805772046058
-0.0103576054032013 -0.150643229431748 -0.0723094869942566 -0.180383732191585
-0.0594673598109773 -0.156885958912874 -0.164970146936401 -0.155759016583467
-0.0949054246927181 -0.135887038229252 -0.195167733834591 -0.119953685093949
-0.0854961638357316 -0.143481644280434 -0.172887698615799 -0.136034493252294
-0.0115367674954344 -0.148511777989111 -0.115143697711 -0.171440303251736
0.0537614891802329 -0.135029178590504 -0.020812253984207 -0.172641717105909
0.164337263523871 -0.0703238599732959 0.0575442897266092 -0.120415038101897
0.190790815606132 0.0448696677275968 0.0724232152389036 -0.0220903914382799
0.108598232114471 0.16201934214279 -0.0121906583214923 -0.0141845909273202
0.036665968180338 0.265053927863445 0.0186843753686766 -0.150944354596935
0.0905076778263947 0.129709445114848 0.0659311365283164 -0.466561289499384
0.0982507871773269 0.0541893471040731 -0.0942277745216244 -0.304697085811697
0.0785746528499764 0.00369233601201209 -0.0705311397760341 -0.0735770881761885
0.0482964034174243 -0.0201831664642359 0.0083565370630751 -0.0708732230311342
0.0318189328735955 -0.0356094995366636 0.0180763750818852 -0.14842887597587
0.0214317630915177 -0.0532408469646926 -0.0686842566374015 -0.219366094259316
0.0102270370637099 -0.0727677999070988 -0.180604815670649 -0.198503393744236
-0.00805761789238477 -0.0694643276004275 -0.220131307777761 -0.1545411126625
0.000459122642398543 -0.0748807438598089 -0.190104140160635 -0.174306698037176
0.0303016298541308 -0.0647569031718138 -0.103424434715994 -0.200177375810105
0.0484416402370874 -0.0335413568541771 0.0109941390003429 -0.181562239400514
0.063287772703923 0.00713108298325194 0.0698458451433821 -0.097452414980314
0.0543319918975249 0.0322782634260995 0.0602400959100252 -0.00786321301903392
0.0305097972227345 0.0575489401179661 -0.0406482802902337 -0.0453091904947237
0.0300088910347606 0.113057350958958 0.00389560102396451 -0.222872699873299
-0.0504448843263374 0.0802106777055048 0.0585967227622365 0.267923517533126
0.0273793545928694 0.0752895556707381 0.103014036950645 0.0879453423264929
0.0837846121556796 0.0133177802210344 -0.0418663425906995 -0.0260551662071096
0.0596641775312071 -0.0652816423135473 -0.100111404941655 0.0613671279411113
-0.0274996176776428 -0.071959360318683 -0.0541282296834599 0.185608473446171
-0.0616853857193779 -0.0278231933863616 0.0663617060137486 0.236097741878589
-0.0797222655281257 -0.010266699632327 0.179700938647623 0.202119412558336
-0.0787609891633674 -0.00572255184260996 0.222487017286031 0.156092399772069
-0.0815854961140099 -0.0124973304919948 0.195809032891248 0.186289164903829
-0.0548589285119925 -0.0421808175540914 0.0967839245955436 0.198107798367857
-0.0100884054826184 -0.0774535061477173 -0.00668119972238803 0.148958204746415
0.0706253882188766 -0.0608947399997472 0.00734097528678744 0.0616887896322498
0.0796628464106133 0.0266340119991365 0.0688084435595438 0.0669532436891897
0.01152675144818 0.0594783711191941 0.105917401443092 0.248793054725464
-0.0390541795739272 0.0449330000908209 -0.0279650402753661 0.466242286271857
-0.0254282972729362 0.240019623726596 0.0733168412989473 0.211002316395659
0.0948979138985478 0.192501902161631 0.102649336634312 0.0630437404216117
0.205480988686013 0.0585723612401339 -0.0417678407895685 -0.0416977000297492
0.175482722588584 -0.107745536762421 -0.10603882358601 0.0283542655331362
0.00920522890990776 -0.172063206275109 -0.0761510101524176 0.16644645005929
-0.0838927444224593 -0.118974887383072 0.0351170339893749 0.21516988463624
-0.141470017363557 -0.0952785928412208 0.138299158851607 0.191026368793382
-0.160716761140401 -0.077442718750871 0.179540918216005 0.142012959917921
-0.160752288765429 -0.0918930491456187 0.161116683884557 0.162417012180542
-0.085413496243191 -0.137072442033581 0.0680024191746903 0.160225610954152
0.00771195754350463 -0.181263085913595 -0.0170506752156506 0.110061872503779
0.18138424158604 -0.133527484464666 0.021371860535727 0.0231322610689393
0.225997744839092 0.0424339678597733 0.0936665271382802 0.0495066818321678
0.102845343476037 0.179495413716713 0.13392487748523 0.240245109804022
-0.0153649701508813 0.222017027280886 0.0118799815455226 0.438380386899444
0.00186123263581086 0.373282773619584 0.0901501040456515 0.111355203180705
0.157986164400587 0.294225272031194 0.0903368524354276 0.0139045385393069
0.314997610726408 0.0983501082210178 -0.0473568082408542 -0.0551698687958084
0.279761511343792 -0.142845108373706 -0.102983412611676 -0.00225540848924243
0.0483337994276508 -0.256264113486319 -0.0840108929275571 0.130623269564804
-0.0934852830620652 -0.198132542496721 0.00349107044233932 0.163143010461497
-0.180417188648224 -0.168414587782152 0.0773093765241519 0.148484024080465
-0.218001184629002 -0.136961463566745 0.110166694841738 0.106206039132301
-0.218271501380903 -0.153700313015072 0.100867191813022 0.116032151064919
-0.110120364863338 -0.207985302374474 0.0267074067862773 0.0998396161224442
0.0137102330224657 -0.261890750866805 -0.0276187260871145 0.053416107059876
0.260423048753392 -0.202959422445356 0.0314893496134115 -0.0227088402800805
0.344955604653837 0.0357584609584164 0.108853209190929 0.0230217702405502
0.191481749835226 0.263492305040581 0.143240586831494 0.203437314340203
0.018676459504201 0.364065679672476 0.04332261300129 0.356048347784233
0.0342831814817281 0.458150661869297 0.103693124397992 -0.0214681469813223
0.213617974989384 0.360561168282542 0.0635802772719238 -0.0592777401918982
0.396092844719613 0.118613025775796 -0.0578416222627397 -0.0677092303860628
0.350504044688636 -0.170284266051984 -0.0905881101613442 -0.0301947934070104
0.078073183456443 -0.312335436576507 -0.0774873830132819 0.0755923521104196
-0.0910379637758387 -0.25023740449227 -0.0266442211327888 0.08404436712406
-0.193174579495027 -0.218559373600548 0.00583689920479514 0.0811210879020921
-0.242572646833302 -0.175637260251745 0.0240623399176811 0.0551722001593774
-0.240953692569388 -0.190878478283519 0.0235599341367608 0.0546940041585408
-0.119631585470743 -0.247319145266979 -0.0251064433136372 0.0264046387988181
0.0162059825095981 -0.302572097953313 -0.041489256193291 -0.0142273021411494
0.296800043678185 -0.244666721490071 0.0349465864068305 -0.0705657421812277
0.409967040700742 0.0202233151605649 0.110917016184576 -0.00564543157326725
0.249189170093125 0.3009459017108 0.125579260715028 0.14619940745831
0.0498474021101862 0.444444486192595 0.0571597113127233 0.232694052552575
0.0666413743243868 0.477341447910204 0.107026293558023 -0.171444851164226
0.246070605547511 0.370345078784771 0.0236208663766972 -0.145804416705473
0.420017117870788 0.116102747622338 -0.0678594833253277 -0.0790017858881917
0.364136574481322 -0.177063505672316 -0.0691038120476449 -0.0568444683254189
0.0909432801936134 -0.31950230521564 -0.0610880320060832 0.00504642053778941
-0.077632354701588 -0.26267791058801 -0.0538692812583344 -0.0122119146621158
-0.178458916370923 -0.234553931605519 -0.0670773702034869 0.000572725455600137
-0.230764698135855 -0.18904492699365 -0.0655659434884453 -0.00324833423683504
-0.227484629651972 -0.200399222814824 -0.0595063926483504 -0.0107122174215284
-0.106102549499987 -0.248574401004112 -0.0767654159154244 -0.0486681398708465
0.0218828720691105 -0.291801939331068 -0.0517915193662817 -0.0826651447426919
0.289262470727141 -0.234904948041555 0.0356097313809631 -0.109712957002074
0.40178815396575 0.0124574588594804 0.101032049814236 -0.0273055077258476
0.255105368141436 0.290582234554528 0.0837363939122021 0.0832898712408434
0.0683413057555097 0.453286181440857 0.0504316919517582 0.0902515295062209
0.0925859812962371 0.422478428009852 0.0990725747656478 -0.313820439058893
0.237155861027063 0.312321386534678 -0.0228261385100738 -0.226099860000851
0.364271066797722 0.0907122025592182 -0.071170737460454 -0.084985031378792
0.307231201096825 -0.149173396723691 -0.0399412999594604 -0.0778413377949429
0.0845629843816317 -0.265823971438468 -0.0370341464438094 -0.0677348702194782
-0.0534714665582882 -0.22878461673053 -0.0742786420102751 -0.106596059208531
-0.136052493133474 -0.213493880288047 -0.130284089709745 -0.0813059963356256
-0.182563160441154 -0.173991936667043 -0.144784883583213 -0.0616033369688107
-0.175982066298139 -0.182486709790375 -0.132139507638426 -0.0739474553030127
-0.069935262552425 -0.215012603132552 -0.113945890356499 -0.1163736275772
0.0361107872799857 -0.231733826386431 -0.0504612852154285 -0.138721939136185
0.241960010712206 -0.171423154941876 0.0413314102540901 -0.12901748294859
0.322068362244561 0.0230393176355117 0.0866792527822313 -0.0342025083986906
0.203322686880164 0.241154089145356 0.0327233477686878 0.0271377368677615
0.0666435278901478 0.389354255849916 0.032192167383564 -0.0465526045158341
0.104836605589613 0.299799653739489 0.078777833834375 -0.423857214123299
0.184496166823121 0.197292155425613 -0.0686953326041232 -0.282134919152625
0.239911114159312 0.0497895327075222 -0.0715393966095485 -0.0823356024378722
0.191682068076592 -0.0921150131355174 -0.0125391813575596 -0.0841628487828182
0.0611218212816916 -0.163039005116355 -0.0115540741647357 -0.124946422131409
-0.0197561014553063 -0.154035852552771 -0.0850966272184739 -0.181254182555814
-0.0715787584619658 -0.157444412517024 -0.175651207616019 -0.148885197792038
-0.10623286221562 -0.133270285752385 -0.203197378654564 -0.110575213876818
-0.0967617485890398 -0.140544824979219 -0.182964120142155 -0.127331781153814
-0.0204107699751377 -0.152227003843 -0.127987867050427 -0.168169925902286
0.0482160826822786 -0.140404699536656 -0.030632303762742 -0.174014958379958
0.164428598275479 -0.0818190679447915 0.0529316751862797 -0.124826745262228
0.196726964657915 0.0346834822768113 0.0738144784132243 -0.0270591278440871
0.119495769896815 0.160888044013387 -0.0118662272307296 -0.015319600303186
0.0527429811019072 0.268685615022039 0.011684578621347 -0.156432153770903
0.0984555114091531 0.128308435387694 0.0464579617769793 -0.478411160957929
0.102298962253442 0.053281858609162 -0.109565616735972 -0.305610920955969
0.0803994609626004 0.000740342575504 -0.0745056193155474 -0.0709432562187354
0.0498351671448362 -0.023063265971308 0.00403593705120738 -0.0725356368106271
0.030187607041269 -0.037917039460648 0.00955567921760628 -0.153063290925813
0.01791555856155 -0.0550940088412532 -0.0837241813658026 -0.221718640491292
0.00482332531563773 -0.0754028904444542 -0.19404091321611 -0.19154990769086
-0.0136180049716058 -0.0709042592970486 -0.230784077304845 -0.143898992827735
-0.00509053020597432 -0.0764130771262385 -0.203124652125684 -0.164487987376489
0.0269105758099301 -0.0687574466196182 -0.117760679169322 -0.197245479460903
0.0475695369184558 -0.0371289512952633 0.000919599735287396 -0.1852364804111
0.0657162319621981 0.00205678956451466 0.066088128960037 -0.101912430571054
0.0575308120545262 0.0292474684527576 0.061877772402334 -0.0126145151687389
0.0349831815073809 0.058301301451804 -0.0427789611099456 -0.0453380136997281
0.0375261048559511 0.114950734825087 -0.00667635938361836 -0.228257554313324
-0.0307187510455449 0.0908571931697 0.0957342186366919 0.25031033259394
0.0424421078328491 0.0680811355656503 0.110666851701638 0.0708936617633927
0.0833484438575303 -0.00172467762089907 -0.0477527499054731 -0.0145163927489379
0.0451851195929552 -0.072729903367008 -0.0861610270114211 0.0798293466307028
-0.0371526493118616 -0.0616212695197603 -0.0186365971449351 0.19149752469563
-0.0582876684799876 -0.0137160872767601 0.105979569021255 0.218711643625533
-0.0770375792864285 0.0048872389502448 0.212625626265419 0.169035526410729
-0.0734154884447819 0.00581757241343436 0.239571284993032 0.116580607777979
-0.0784119291564014 0.000629970959066247 0.219880815489937 0.154614464248205
-0.0581805024577001 -0.0345260714116666 0.124927135653137 0.184123344016385
-0.0211048032975906 -0.0742938101334056 0.014462361999785 0.150107387430076
0.0611522926636876 -0.0715861065809096 0.0125400890453833 0.0617310072761187
0.0823503951479107 0.0123133655866661 0.0733517448070254 0.0581135336114997
0.0202603921939977 0.0535073318439225 0.137291669014956 0.234550189423408
-0.0280794384594188 0.0476672138512814 0.0280030309198842 0.463567810001153
0.0214634990470889 0.241801003079965 0.0936834354951708 0.189743667896275
0.129113989520633 0.16946650808772 0.0994585978092615 0.0475855173065965
0.210847857590718 0.0212071956642552 -0.0551362520376684 -0.0246950380695823
0.151611427868317 -0.135884208726591 -0.0992579647619913 0.0548416450822802
-0.0189111584987362 -0.165211903190254 -0.0391638194316924 0.179242137991732
-0.0962205615882096 -0.0996592514903497 0.0747618986562294 0.203415960411458
-0.155225144674448 -0.0700212259417208 0.17307753932966 0.166979263696881
-0.165349427086176 -0.0514342629845216 0.197734572812386 0.107329681461104
-0.171111371446345 -0.0645648434513792 0.183418651130455 0.135016930241664
-0.104825334247119 -0.123913432309039 0.0922436318135164 0.151320059731775
-0.020248535645735 -0.179011044274847 0.000261494011616461 0.114198019433178
0.159065945259426 -0.16313742399483 0.0190697684886981 0.0248288333820625
0.229079366466362 0.00519894506842919 0.092107649996536 0.0364766170283481
0.128062045907502 0.159268803329269 0.167513433751853 0.218754889710775
0.0206058077044485 0.220841907737362 0.0688069355445026 0.428527169418329
0.0701363351378048 0.36451197623228 0.0885773757047158 0.0882370847958883
0.208864642859349 0.258373506585134 0.0740398436207728 0.00192834942088521
0.32459734277353 0.0421719180419695 -0.0663827914439195 -0.0320154451059167
0.247840817437106 -0.18961905936795 -0.102700545265187 0.0304225904187602
0.00490232790604964 -0.255000958889059 -0.0492815976791719 0.147612613163472
-0.119063829001271 -0.176094332608163 0.0374615795851912 0.158217168430246
-0.20931116596476 -0.136676934157314 0.109421826298433 0.137307847286617
-0.232167163192123 -0.100453351908266 0.12551975675904 0.0830626735774281
-0.239121522774688 -0.115682751386931 0.117436710243328 0.0973189316210958
-0.141693188585027 -0.190862038368535 0.0433491092705117 0.097729484477681
-0.0266026477728602 -0.259487914991027 -0.0175753338869109 0.0609330144874437
0.226955340062956 -0.246115486970313 0.0212414318897579 -0.0206080199875135
0.345415111407936 -0.019284755947175 0.102171118179378 0.00704501732714155
0.22842282576019 0.229850718211646 0.17364129908318 0.177276023204853
0.073922829627193 0.357887443156422 0.0939433801244451 0.339872783218104
0.115663434193185 0.441233906920359 0.0777068518880243 -0.0452112691562669
0.274031083520567 0.313523981055021 0.033152924846528 -0.0651310496871163
0.408431161776485 0.0482072927320885 -0.0813767660605178 -0.0395888094268921
0.313661811213518 -0.230698468888764 -0.096621799196449 0.00522207549315891
0.0247431052301025 -0.315548693772152 -0.0499816529533848 0.0944633567415782
-0.12783917773315 -0.229217252237542 -0.00379529894419974 0.0864194384593351
-0.233318713074041 -0.184811265892057 0.0292978348499927 0.085049885342396
-0.263742663192487 -0.13478156612326 0.0348575076814555 0.0459420596961595
-0.270348681719251 -0.14835261411681 0.032683670636946 0.0477381196577981
-0.158545935405768 -0.227645234354157 -0.0178488374996706 0.0322624709426352
-0.0322581501455368 -0.29940328353937 -0.0396381265970104 -0.0036177056476435
0.255798848687043 -0.293340470148985 0.0184209215331307 -0.0671765165836915
0.40634360098484 -0.0453746281464671 0.0985793735704099 -0.0229568073396219
0.291467131829003 0.258881198781637 0.149439374389078 0.119823889625727
0.115882857977387 0.433390767999149 0.0935585785475096 0.214095586985514
0.149510049742075 0.452744043644978 0.0574720838314599 -0.191836569197038
0.30631884954656 0.316240166274512 -0.0205693645469227 -0.143022472018364
0.431707116486636 0.0414632351605302 -0.0926819681968986 -0.0482038063337305
0.326389872978808 -0.241417612712098 -0.0797883745883921 -0.0235782204806924
0.0355494463332186 -0.326214069702803 -0.0441541444995389 0.0226050578739522
-0.118826296906943 -0.244689526319365 -0.0456121758824334 -0.00304315067473298
-0.222963772426456 -0.204180191533386 -0.0549121529365905 0.0173494448571783
-0.255076285842872 -0.148998604313768 -0.0603785228811622 0.00264277619219962
-0.259075181333866 -0.159367069849693 -0.0580425847275947 -0.00500256319539811
-0.146910864666061 -0.229979460417864 -0.0792848154494887 -0.0350799966219401
-0.0245424508140373 -0.289694358967387 -0.0596415391799331 -0.069980504170538
0.248619574001238 -0.283107101777633 0.0144473555661818 -0.106191398216597
0.396220202499484 -0.0510830568256145 0.0865726216778514 -0.0435744285237065
0.295046233625068 0.249775731363107 0.0994213879781676 0.061873796033719
0.133706985562317 0.440593506117444 0.0707027145267038 0.0731379217215273
0.163311414925203 0.392499168019468 0.0300945773159135 -0.327931647800222
0.284745839914802 0.260647489647709 -0.0750786717470891 -0.213966638728895
0.372946248209149 0.0264973920755059 -0.0949230712602741 -0.0557703591367865
0.275635004073911 -0.204358075593333 -0.0546054077653495 -0.0513219608494393
0.0369570790718538 -0.274850306476053 -0.0352587316403048 -0.0541954722787185
-0.0917748390177886 -0.216650270935244 -0.0827104176559372 -0.0921223232745911
-0.179224187050461 -0.190692521455471 -0.132222089837119 -0.0525992412258815
-0.207952402493989 -0.140914949104615 -0.146668095235681 -0.0409510755763139
-0.207191887748883 -0.150115873505486 -0.1390932246184 -0.0565125425666135
-0.105970906936767 -0.202150236727991 -0.127146314355005 -0.0973969057479538
-0.00209267801947643 -0.233633318849196 -0.0664453142272563 -0.126777686090735
0.211062151354289 -0.213008810372612 0.0185866302736065 -0.127009201537904
0.319485567908274 -0.0291729369625119 0.0732763830476017 -0.0489035092986569
0.23771298017081 0.208400516539156 0.0406733798577912 0.0139600939322827
0.12309392377736 0.377943549559288 0.0352327373157802 -0.0584874651713815
0.151567126096626 0.267959144788782 -0.00203935448317669 -0.428205072325437
0.210405690244818 0.158328779017739 -0.122168939062209 -0.262453124961429
0.243604369866604 0.00754065126695026 -0.0901928813112402 -0.0589456053843049
0.173058386560438 -0.127628270653376 -0.0284705570517499 -0.0688251291670034
0.0315747622119231 -0.172338094616098 -0.0246076566358525 -0.116772308696962
-0.0486145480006509 -0.150199655857406 -0.107914867893584 -0.162952084070738
-0.105269154612814 -0.145673068364331 -0.191289153735622 -0.114137511043486
-0.128814659970619 -0.112467483983071 -0.210772827846741 -0.0784514699360435
-0.122740358464945 -0.121915446875776 -0.19674986764614 -0.0999364040705796
-0.0478598731216582 -0.147095002615538 -0.148816383543755 -0.147249742924599
0.023460709991435 -0.145436553800571 -0.0529828323613912 -0.165004483988816
0.148611553042289 -0.110420121703876 0.0327865560214185 -0.12700884621071
0.198052174040145 0.00198382250844398 0.065332578230315 -0.0392781870922365
0.143142989428141 0.141755137963224 -0.0101626881859024 -0.0195176811935448
0.0912988551566059 0.26094474244262 -0.000646193198760124 -0.162085086993306
0.114179315846512 0.100562044023569 -0.0336069417770326 -0.473781579871352
0.103741842177732 0.0314916488204273 -0.158387978665395 -0.280907628089117
0.0781141135033351 -0.0132416476238038 -0.0852573124081969 -0.0541986998647488
0.0461368075827752 -0.0335220877133334 -0.00879283294689957 -0.0685296167349417
0.0212775225232303 -0.0447342087351575 -0.0137648400591087 -0.15137815365336
0.0025164616517263 -0.0604294152903887 -0.117095117914498 -0.202464880461052
-0.0144658757361851 -0.0770539082166105 -0.220215971998227 -0.154164212442798
-0.028892098590499 -0.0659764906119404 -0.243578696729195 -0.103894410562064
-0.0222954050246535 -0.0743027445407699 -0.222956734628865 -0.132985905111324
0.0116021339218551 -0.0718833935542505 -0.143921148756679 -0.177854743520103
0.0392301458779877 -0.0447791819609294 -0.0244067918180904 -0.182171283065143
0.0642080340070215 -0.0111467238464658 0.0508917656207541 -0.109244285280469
0.0607535329054943 0.0185704211864219 0.0590173315038208 -0.0232645922003442
0.0448442948749168 0.0538316448830669 -0.0465982916795069 -0.0417959075914239
0.0524367469328458 0.110397992971617 -0.0316684016552809 -0.228194076263651
-0.028101282300722 0.088606790883101 0.101073884963008 0.244113216243185
0.0421681149871478 0.0639352292120055 0.109835725078237 0.0676186968122215
0.0809989598421066 -0.00447836736730796 -0.0473210217671551 -0.0125865363281596
0.0421542510657978 -0.0720856122764739 -0.0818018265117086 0.0803589425168339
-0.0377543234977826 -0.059037578414811 -0.0102768729471482 0.187901029205878
-0.0565265015744194 -0.0125984903911348 0.11405490560529 0.211419328876996
-0.0755625656772992 0.00750244036483102 0.214632262293169 0.157934849783854
-0.0720087714352983 0.00823174603148497 0.23851647935326 0.105181250561555
-0.0756432873245518 0.00368627821564618 0.221385796640152 0.141663330203472
-0.0581858903701772 -0.0315973730823582 0.130226940619641 0.175385538515089
-0.0229807803966322 -0.0719679131367028 0.0199451988605291 0.147761851172591
0.0567333471199101 -0.0718137696300111 0.0135940395032161 0.0608792910068444
0.0807769803773868 0.00869159013538075 0.072852074635469 0.0569070389082087
0.0202532884826758 0.0510109400493068 0.141076080253465 0.227657297234336
-0.0266053027101424 0.0465815996341735 0.0404666610876652 0.454269522069194
0.0285751895332749 0.234794443799004 0.0963760266859483 0.185023302540692
0.130892095188495 0.160960795277883 0.0980212169599184 0.0455428187139744
0.206376491482651 0.0141541121916659 -0.0541707275795704 -0.0220685942181347
0.145371842540346 -0.13814393062334 -0.0954861002169234 0.0559205120253526
-0.0234914428872813 -0.160901493770096 -0.030803764021647 0.176780780009877
-0.0966141689143327 -0.0953937810158178 0.0823496133939623 0.197583785849194
-0.155652763736772 -0.0629918307264801 0.176816111306847 0.156508104472725
-0.165044936514422 -0.0440064278486139 0.196200460097336 0.0980585766248759
-0.168944181827227 -0.0560720425872664 0.184760488037489 0.124191807894102
-0.107307336388992 -0.118793541665307 0.0961664199248553 0.144766871848605
-0.0258891779534442 -0.175523380254148 0.00499011653997852 0.113030284275361
0.15097332687237 -0.166754245112801 0.0188358006799662 0.0234282413426661
0.224747003280486 -0.00282714211849439 0.09085179259207 0.034740561775866
0.130078129680364 0.152210065861158 0.169827134929182 0.210740167482564
0.0270568982832082 0.215443201551114 0.0798406313691109 0.419000776765326
0.0798332640963621 0.353927739328871 0.0876675452600986 0.0852917806159523
0.211865406455697 0.246317430757777 0.0724769214595643 0.00106346345746152
0.318569630585887 0.0315635474623675 -0.0647892262653731 -0.0292509834080846
0.239065832850906 -0.19455612256743 -0.100774092589677 0.032273551550585
-0.00252077911816717 -0.249773084164243 -0.0411538269503081 0.145960692897462
-0.122018527151817 -0.170507523575978 0.0433842336882335 0.154836492750576
-0.212326476788726 -0.127236174485252 0.11306225199965 0.129639263360904
-0.232498154984538 -0.0897339677175721 0.124886308939291 0.0759328009002065
-0.237941604398188 -0.103518351971805 0.118322653603165 0.0886814692016428
-0.146199639474969 -0.183657153029458 0.0456414854066407 0.0939899860472924
-0.0343960705252001 -0.254777595736024 -0.0142492257183522 0.0609653222209814
0.215231029482118 -0.251089408823299 0.0199102708649391 -0.0209321472564318
0.337467518058882 -0.0311940083613425 0.100027398926301 0.00530861899195008
0.231665302986866 0.218769507594608 0.174182893358017 0.169663301602539
0.0833909999798016 0.347853590357751 0.101665428998847 0.330833244077838
0.125253192447754 0.426795894556058 0.0731156007627139 -0.0449284637611932
0.27853968338727 0.2996679486441 0.0294134475515034 -0.0639107303403136
0.401520032632748 0.0358053988429776 -0.0792898580807838 -0.0364046111785158
0.304011058532791 -0.238570479810481 -0.0966431120773867 0.00699295801658559
0.0141563960193897 -0.310175371864484 -0.0435395775067458 0.0940370372441683
-0.132853196005701 -0.221861544245661 -0.000642336752973288 0.0853406523386021
-0.2384367937645 -0.173645740062182 0.0335619468673813 0.0809928769603786
-0.265294985646119 -0.121602370733423 0.0349404467327829 0.0425255283553505
-0.270598473404215 -0.134047902485529 0.0337656718505479 0.0435006688344814
-0.164540682706444 -0.219303406226896 -0.0169046308678482 0.0322872361801268
-0.0407952339953241 -0.293431658319071 -0.0379982807976519 -0.00257252067260286
0.242108212379209 -0.299358010812056 0.0156348690172772 -0.0666915678126187
0.397688247799657 -0.0578696205287217 0.0962043815822351 -0.024478583006297
0.294853630077814 0.245609733274335 0.148517245480613 0.113567414083588
0.127291937995554 0.422386522001033 0.0977849763001658 0.206332577997451
0.159033804928423 0.438918291117908 0.0497453411515453 -0.189272662171319
0.310627460774449 0.301976958512537 -0.0251665112633886 -0.139564136239564
0.424562937520715 0.028061043943813 -0.0909425924840177 -0.0449906651806028
0.315982621838067 -0.248877015869672 -0.0809092371919693 -0.0213426264800913
0.024450690226357 -0.321753102694393 -0.0411603737885676 0.0236413577383086
-0.12549697717356 -0.237280398514166 -0.04583054873662 -0.00103390808914704
-0.229382898775532 -0.192697068934689 -0.0520552536157055 0.0177394699443433
-0.258443886570516 -0.135779671158191 -0.0592727348929993 0.00336739548308519
-0.260051445841792 -0.145139717362832 -0.0570811771624844 -0.00426732259868422
-0.153274888789753 -0.222700499395263 -0.0804023644315027 -0.0315163020983345
-0.0332701780700793 -0.284587771241499 -0.0601856186004893 -0.0665140435625247
0.235145685767722 -0.288953395323234 0.0110361868836565 -0.104677127973205
0.386767188988292 -0.0631372147289877 0.0835937189646328 -0.0452545525137762
0.298223441512294 0.236095130258215 0.0984607732125595 0.0576696394291368
0.146049957167994 0.426792675407671 0.0715086341992076 0.0682218745812958
0.17054760571587 0.379641149309913 0.0193820152418752 -0.32264880743004
0.28793752651054 0.249934858955577 -0.0806343046356029 -0.208479981412878
0.367193973806623 0.0155810648188913 -0.093563831537886 -0.0528418222820926
0.267398045344907 -0.211629986737863 -0.0564560600639372 -0.0488979318655259
0.0276680871846593 -0.271270073950058 -0.035338775825929 -0.052214755276202
-0.0981703552448439 -0.210199930766377 -0.0864644942599398 -0.0877844978054522
-0.184982752364327 -0.180776100390201 -0.130891052031257 -0.0482159542954377
-0.210594442658196 -0.129832635717036 -0.144911277185844 -0.0365742550934894
-0.209038215609037 -0.138743207947004 -0.137757365910243 -0.0505116133646841
-0.112217106975713 -0.195602336633489 -0.128982874802064 -0.0905402082464002
-0.00938480377771569 -0.229934095725779 -0.0687553625870087 -0.122169938393371
0.200750809962773 -0.218757150145572 0.0143925821697942 -0.125716754742031
0.312146801784672 -0.0400154272604246 0.0706121202321915 -0.0507758187323975
0.240444300428134 0.197401002308323 0.0399977047690318 0.0120928772670836
0.13407264566583 0.366803907653024 0.0326618924087961 -0.0600371475924178
0.155980721670646 0.258050568815655 -0.0143131845459299 -0.420230538635412
0.213021821325602 0.151645796636551 -0.127798177677765 -0.255525631901957
0.239685457987913 0.00147053215764936 -0.0883631924536041 -0.0559792914480679
0.168386143839222 -0.132518324470835 -0.0311452639729575 -0.0665206479457898
0.0254767625402595 -0.169988494141258 -0.0280709337054736 -0.114192105228049
-0.0540848193302372 -0.145616297148722 -0.114404652062808 -0.156710904485318
-0.111505973117814 -0.139233428725351 -0.1910380893699 -0.105041016230267
-0.131389539633452 -0.105301013617901 -0.208591210616592 -0.0700332509300972
-0.125979073288049 -0.114099255533901 -0.195890199289562 -0.0908411477815553
-0.0533619188906192 -0.14319121612662 -0.151865638550085 -0.137937334791018
0.0189594060959547 -0.144357674637519 -0.057242686966078 -0.160013171704405
0.141658551093964 -0.115853022845565 0.0282263100854928 -0.125231276131717
0.194403350010425 -0.00513661170469745 0.0626750556041426 -0.0417764275598008
0.146337278470581 0.134925834376973 -0.0106003599414089 -0.0196724643973125
0.0992238709734898 0.253289737154465 -0.00548209447041966 -0.161107854874796
0.114150524980721 0.0961353450552486 -0.0463329786777009 -0.464892281509507
0.103772411559521 0.0301461177062702 -0.16358062589626 -0.27256355536422
0.0777441125361107 -0.0144912304909174 -0.0843136858565838 -0.0512191418122069
0.0459041351394398 -0.0362573201334262 -0.0114705232245542 -0.0660431795769847
0.0199142123590747 -0.0447347291428938 -0.0191646642262088 -0.147849591446049
1.00696834298801E-05 -0.0586519856491501 -0.125187991540888 -0.194882750698107
-0.0184645765761837 -0.0751362677964149 -0.221974884075701 -0.143530735200119
-0.0319376124612431 -0.0637129780289383 -0.241624274410937 -0.0938259321427046
-0.0260022123891203 -0.0717636291440487 -0.222372208095622 -0.120546567185265
0.00765621988525204 -0.0714538768249683 -0.14806543889996 -0.16785038323345
0.0369393290783969 -0.0460633091729047 -0.0302948882000723 -0.177078134064823
0.0626613608260496 -0.0145571599173724 0.0468757925775467 -0.107739640698896
0.0604870335101182 0.0154510680017124 0.0568308050615103 -0.0258871954432438
0.0468333348555361 0.0518279166538477 -0.0470517449956992 -0.0404791444160769
0.0566585286694512 0.107295216921048 -0.0378254155781667 -0.225097201560568
-0.0268760548264085 0.0873155190628945 0.101079244999189 0.242300070263491
0.0408916666066967 0.0618081789861949 0.108831799222179 0.0676380110249192
0.0796237949443342 -0.00508442549924571 -0.0467726407942383 -0.0114885207594334
0.0417031405640253 -0.0706729383271519 -0.0800172131997244 0.0791145600265462
-0.037494744338333 -0.05846786264907 -0.00750991078432901 0.185513578016143
-0.0552009766181361 -0.0132951591301985 0.117280121634717 0.207576456008986
-0.0736821500891778 0.00880217382443732 0.215414661866059 0.153124368185516
-0.0707593348416993 0.00927118672315806 0.23497572051513 0.1018168689171
-0.0736093584606596 0.00449223082278908 0.220531358868226 0.136530768540919
-0.0578659739414247 -0.030868048295437 0.131957298075679 0.171575481118919
-0.0240017471100951 -0.0709103457998122 0.021583671967437 0.146551422319923
0.0555028110974568 -0.0712413525655698 0.0131817437481165 0.0601874953876506
0.0791470046919109 0.00762325950919336 0.071820420299698 0.0576936825958615
0.0187695975452649 0.0499784190498681 0.140371232077315 0.225457199827183
-0.0259164908612462 0.044862692828638 0.0412783318572756 0.450524746546244
0.0293437990125877 0.230647909480808 0.0949841891779518 0.18445445746097
0.128891307490165 0.157250758849781 0.0972204831288051 0.0457084055425162
0.203390375081617 0.0128382074229663 -0.0533846664610086 -0.021225764789492
0.143586884176758 -0.137612314728462 -0.0947957955157599 0.0547069296603812
-0.0239556373309546 -0.158952323575728 -0.0263754557922891 0.174015682084178
-0.0960108937278134 -0.0950779505095089 0.0849085664316777 0.194907231339734
-0.155836628675723 -0.0595518115561803 0.178281903600322 0.15187944576435
-0.164746826087374 -0.0414240465982821 0.193601662208525 0.0951437779528717
-0.166606502155903 -0.053169975161299 0.18358556839159 0.118224717407746
-0.107583907251846 -0.117136152082964 0.0972828704202544 0.141779843407128
-0.0267655019552828 -0.173359532278081 0.0066364311616149 0.111950070966598
0.148755439893921 -0.166731765900326 0.0182088604289853 0.022775962034667
0.221893768300305 -0.00477739701755664 0.0894408614997739 0.0358474722964545
0.128680131963093 0.14972629987688 0.16759162421292 0.20934732709066
0.0279910760779624 0.212011373733227 0.080249127259423 0.414159357317944
0.0801067235094275 0.347832817528291 0.0852834009251217 0.086125380733254
0.210623951183707 0.242152008092357 0.0707682301193431 0.00200269543392002
0.314466613381853 0.0294505705071261 -0.0631540444865427 -0.0287976491560211
0.236822738264835 -0.195844622665094 -0.101026174104015 0.0316525443013852
-0.00457476567230633 -0.246766702572285 -0.0371287591417033 0.143661849202895
-0.122179190397148 -0.168597439420026 0.0454812130254564 0.152925738918755
-0.213029631377508 -0.122712705521883 0.114509915232365 0.125417015486622
-0.232560055916875 -0.0854922847877838 0.122875000237357 0.0735938249341084
-0.235964093190491 -0.0990746153318442 0.117534237115783 0.0842034482852967
-0.14708502515785 -0.181606897279064 0.0461254203097043 0.0921046933724216
-0.0363502385913977 -0.252097663229943 -0.0127005262476317 0.0600778486727023
0.211448892503767 -0.252193891934325 0.0190748929214303 -0.021485593692225
0.334407486139958 -0.0331998487830523 0.0987060996355221 0.00593083066252446
0.229020450845391 0.215478548296729 0.172655939129747 0.168417931157377
0.0851102119626977 0.342618896065264 0.102006150066715 0.326069086364008
0.126018132950025 0.420715155385819 0.0701648579001856 -0.0430043245321035
0.276906174495901 0.294752526985107 0.0281896088025418 -0.0624825619197484
0.397074950533135 0.0340007053294213 -0.0776595984109891 -0.0363762641988479
0.301315636052933 -0.239945105035891 -0.0973058168172126 0.00687277670231845
0.0118112165383276 -0.306576795421232 -0.0396629647930794 0.0925878065767474
-0.133489129509556 -0.21978829364405 3.47900114736696E-05 0.0853277909329318
-0.23966110546021 -0.168706058413748 0.0349955607179141 0.0780707806497116
-0.265633917001399 -0.116541372006653 0.0334987883983521 0.0413286054326084
-0.268175450585032 -0.128367495974117 0.0330265135657602 0.041177519530621
-0.165537480738614 -0.21658051589486 -0.0174477433703966 0.031949110408931
-0.042439974728931 -0.291047191164779 -0.03691197975437 -0.00222392459034762
0.237625397829075 -0.30064280974791 0.0149429670839808 -0.0668288755615762
0.39312906460387 -0.0603310441690386 0.0943172995048671 -0.0241785105468357
0.293355165826821 0.241490852490161 0.147140067149638 0.112839002280425
0.130870548379292 0.415332819459555 0.0972165284470115 0.202097137466401
0.158198704683445 0.430679114610258 0.0467244449213412 -0.185334724111542
0.309601146788798 0.298899911518613 -0.0261972246540469 -0.137817848459964
0.420553446361748 0.0275613018670495 -0.0891134692866009 -0.0455132239977308
0.314358952948811 -0.251515849342441 -0.0829350705131711 -0.0212842977390023
0.0218387157186453 -0.317951265453959 -0.0381665595271029 0.0228284078813627
-0.126208706415214 -0.234215759297504 -0.0465430280080668 0.000511218480525842
-0.231585712474736 -0.187753527870417 -0.0503006817942744 0.0165322113479155
-0.258600297322742 -0.131044217274583 -0.0601776990948405 0.00346016934168343
-0.258004116634872 -0.139934176278181 -0.0564641700643668 -0.00522959130361267
-0.154611178959634 -0.219822981560946 -0.080480182288702 -0.0297148288911683
-0.0347109453727956 -0.281833048718207 -0.0591901301538009 -0.0657976474638918
0.231205756949778 -0.290182864671671 0.0105852605943696 -0.104389928339924
0.382460585152287 -0.0655175985605617 0.0821505362791534 -0.0453858483503212
0.296829668153859 0.231796975838585 0.097446369881381 0.0567781855622345
0.14787732805471 0.42099861112356 0.0706152988163514 0.065339896835332
0.169984942132548 0.373668635526056 0.0163351267884547 -0.317845965124407
0.287253905941033 0.248465554094327 -0.0810729205484101 -0.206667752925866
0.364467321412052 0.0146362330585715 -0.092106847991179 -0.0530378565949459
0.265820452164897 -0.213905361899744 -0.0584655911898482 -0.0481270176826094
0.0255435516417984 -0.268423231451599 -0.0339502935856252 -0.0520305890273974
-0.0994996986692442 -0.207365583508232 -0.0880356732178787 -0.0851575958500816
-0.18800587566178 -0.176350285177266 -0.129659174784164 -0.0476480295831464
-0.212202767342633 -0.125363694077612 -0.143857109388399 -0.0354488578706189
-0.20857632412843 -0.133396501787569 -0.136092054797182 -0.0486710636775298
-0.114190090792608 -0.193416039282631 -0.129247542545592 -0.0870993408756062
-0.0108259213572352 -0.227730952482353 -0.0684979142668987 -0.120452450891653
0.196090117867188 -0.219989429382769 0.0138345117757038 -0.124615025101188
0.30794108846293 -0.0419269279733256 0.0693508094205595 -0.0511659698570787
0.239355855471901 0.193510868488768 0.0390808858855073 0.0115125130975733
0.135583206666365 0.361202568682263 0.0320734289530364 -0.0618978401765508
0.155042058383368 0.255345299201966 -0.0159533010542976 -0.415545241094744
0.21224855317276 0.151426456574248 -0.128057851907473 -0.253166916230759
0.238537128143249 0.00115134752043138 -0.0873594715541024 -0.0564136676898577
0.167985850409445 -0.134586527401589 -0.0327313678925932 -0.0651409087601771
0.0237956571419825 -0.168616507959272 -0.0281939968241375 -0.112789851690192
-0.0554029463896507 -0.143221851413773 -0.116746506295083 -0.153165346453197
-0.114172366051884 -0.136276919651959 -0.190085501983899 -0.102480664826226
-0.133211643377126 -0.102198085280205 -0.206892488325256 -0.0677163819707068
-0.126139095855969 -0.110431497019451 -0.1931523562354 -0.0874267409718814
-0.055181781692216 -0.142093122529974 -0.152601792750141 -0.133190704513169
0.0179382317976318 -0.14353482564831 -0.0578125931344544 -0.157644843664325
0.139149440981008 -0.117789338442755 0.0277664383716819 -0.124895924751851
0.192420343506583 -0.00718487992989427 0.0612508169681551 -0.0433246289156322
0.146394364923185 0.131967983022009 -0.0110745175363774 -0.0198417752901611
0.100577995505082 0.249445762280405 -0.0062272106604006 -0.160990243532801
0.113048888544145 0.0953938386021684 -0.0467300035546193 -0.459166335296358
0.104196652516913 0.0311587777625556 -0.163312965097612 -0.27032228797943
0.0777825271630083 -0.0140582889277137 -0.0835904949373457 -0.0515601002576924
0.0462153353167311 -0.0378054632522042 -0.0126043109136649 -0.0647970933550436
0.0195041276583808 -0.0444104413069103 -0.0205762699254433 -0.146600722639656
-0.000585884752774803 -0.0571694532611541 -0.128402122961546 -0.191575612807807
-0.0207035833816214 -0.0746083119351231 -0.221811782428209 -0.139004592692256
-0.0332428823025087 -0.0625282291207749 -0.238729873159032 -0.0913699483688919
-0.027611516614631 -0.0701328381217159 -0.220035099076827 -0.115893481534812
0.00572587663564231 -0.0714313455946661 -0.148077031630364 -0.162779636858982
0.0365307133653521 -0.0465000264326135 -0.0318119267544333 -0.174108296110987
0.0614781059325289 -0.0165573321380843 0.045668425327311 -0.10689879144668
0.0604385977213889 0.0143469268145059 0.0554101282374139 -0.027210645051881
0.0484261291347204 0.0511256662520999 -0.046235333350067 -0.0406498986144123
0.058012643522027 0.10615023740805 -0.0387941314969962 -0.22348536192112
-0.0280822221431703 0.0863139506281004 0.099242188753612 0.247225244429914
0.0390804693704869 0.0619376314884045 0.109922224480363 0.0713213293561865
0.0799823000477997 -0.00504938639477648 -0.0471348711896021 -0.0116308536977318
0.0428162138428548 -0.0705388705528846 -0.0807318237150809 0.0783897137300058
-0.0373588214549255 -0.0584521275911934 -0.00691511268219582 0.186314679414727
-0.0556189692241068 -0.0146373767854177 0.12122439390874 0.209639360034309
-0.0745757791348085 0.00917171933327409 0.217754702297063 0.153500829135598
-0.0724158433228491 0.00973473477382079 0.236291305432978 0.103612661369424
-0.0736238797578972 0.00372329799340354 0.221941824505457 0.1365912876566
-0.0577301407078181 -0.0308253007327837 0.133858283831208 0.172158314830072
-0.0242457905960366 -0.0711213675477886 0.0217980669058422 0.148574508432531
0.0562860129519374 -0.0714802592803644 0.0120270827643945 0.0610897574409077
0.0791005721199729 0.00784518319858614 0.0720740985443863 0.0608115104766858
0.0170187293319528 0.0510552089172042 0.139722195356265 0.230434573120288
-0.0273747369480447 0.044214100067854 0.0373935198852687 0.457484263457624
0.0270491116328504 0.231466759839941 0.0935076640640436 0.189331820380671
0.127929845697927 0.159023891149566 0.0981368778325036 0.0489188293666384
0.204579091972433 0.0146890135927993 -0.0529246777117273 -0.0216591306860326
0.147273339599529 -0.139113642519641 -0.0967792430954384 0.0539284567113914
-0.0225981746410615 -0.160596401600794 -0.0263155125123555 0.174212873038385
-0.0962837620135445 -0.0982996303510513 0.0880752548127404 0.196764835733192
-0.158120424419567 -0.0601342878721722 0.180095577589637 0.152109776436914
-0.167729462504679 -0.0414236744496581 0.194324810521122 0.0967939332361877
-0.167638703157531 -0.054480064363643 0.184659412205399 0.118213163057758
-0.108346137285319 -0.118849191617852 0.0988305359522692 0.142681947777181
-0.0268015572463832 -0.175994622994079 0.00712496007156591 0.113726894185886
0.15141936980977 -0.168914373778747 0.017529203963631 0.0231783075642116
0.224259269206975 -0.00355873139552218 0.0899676350536941 0.0386491912988907
0.128022278178719 0.152754970101758 0.168419233245013 0.21391753919792
0.0265425572163294 0.214059698763054 0.0763385820420716 0.419750196851796
0.0767301040342276 0.351370510189896 0.0839113165176444 0.0901192651868358
0.210278512364317 0.245386712440819 0.070897541366745 0.00427720755326579
0.317518021736589 0.0323274933115076 -0.0634463951333767 -0.0303062589475932
0.242706108473483 -0.198246994125853 -0.103747174496738 0.0306879545284023
-0.00255487952724193 -0.249636471841301 -0.0364436184775677 0.144102493140212
-0.12284709613277 -0.172424364854622 0.0469616652023836 0.155039423176002
-0.216692609239611 -0.123225970757186 0.116705611836935 0.124878794101368
-0.237383498360367 -0.0857979574638957 0.122113993306872 0.0746917386993139
-0.23749719450378 -0.100246943760398 0.118115081405651 0.0835530623197742
-0.148305835623709 -0.184826067053136 0.0462926657887197 0.092814360024451
-0.0355931007193754 -0.256033032323336 -0.0124173764054375 0.0609608554140286
0.215686109980871 -0.255649702843036 0.0186458131493424 -0.0218799020936021
0.33861428182809 -0.0316840010890339 0.0989617721887926 0.0083496811348255
0.229332920773501 0.219953633281853 0.172620189067063 0.172960076582254
0.0836375338215936 0.347267865599289 0.0987129172769661 0.330302149393485
0.122210970971444 0.425180691435562 0.0696482631695871 -0.0399810262840648
0.277032615033872 0.300640354927233 0.0286550501819179 -0.0614573276991566
0.401312417430376 0.0379101372304021 -0.0778598120615332 -0.0385483131495947
0.309129251555067 -0.243443568118717 -0.100729222124044 0.00590411157958389
0.0145674411250316 -0.31068049085275 -0.0395578600244622 0.0920023205082983
-0.133817617070368 -0.224061821259923 0.000178473901576502 0.0866432625466802
-0.244255443388081 -0.170201523014844 0.0360304274137165 0.0765001186649192
-0.271382315160492 -0.117315746595423 0.0325480056278227 0.0418760604451326
-0.26990380373946 -0.129983781141161 0.0325297599091543 0.0395982715164875
-0.167589401090089 -0.221172767115196 -0.0178075284662991 0.0327341552855825
-0.0413319565793904 -0.295310581142601 -0.0365485697347495 -0.00246653611333284
0.242322154645483 -0.305384042576358 0.0151272103075207 -0.0682620421193393
0.398782140226411 -0.059031329995348 0.0950427190645311 -0.0224031686440906
0.293969457645066 0.246777427595675 0.1473627092515 0.116463566877595
0.128902825905559 0.42063536730111 0.0958229968233225 0.204396064184632
0.154420423470897 0.437076314899296 0.0476246331354865 -0.184918373259135
0.310835951534152 0.305905781539861 -0.026570833471531 -0.138396471293235
0.426750794147098 0.0311507021161159 -0.0896113043102435 -0.0482404889742654
0.322160429129704 -0.256353472590313 -0.085860857968813 -0.0214364086821412
0.0242837874568131 -0.3224299881933 -0.0370412851368781 0.0214748400772595
-0.12687393150132 -0.238771404258231 -0.0478679288785846 0.000517332388728599
-0.236305210250626 -0.189783855453496 -0.0504774163048033 0.0150036282966175
-0.263971262061633 -0.131206523000952 -0.0615134104965433 0.00322076126218575
-0.260215110323562 -0.140597322419033 -0.0574721040724268 -0.00644358023120491
-0.156560623277457 -0.223844984460717 -0.0816060991919305 -0.0295081036069827
-0.0331937843055161 -0.286298143714947 -0.0592457245359809 -0.0675244317109566
0.234810728393426 -0.294971766348437 0.0109236173698856 -0.10601899968091
0.3882219945605 -0.0640409473858892 0.0825236300150788 -0.0449033416924841
0.298490724212439 0.236207586975474 0.0977677836268596 0.0591167433566182
0.147435736770265 0.426726005397365 0.0706015607281189 0.0647979608577146
0.166576679100476 0.379016699060203 0.0197349453997381 -0.319058109703904
0.289409646351625 0.254194647109452 -0.0817862897515874 -0.209437350657412
0.370118341883433 0.0192225058980996 -0.0924038729093765 -0.0561122798863448
0.273652195257783 -0.218577697193262 -0.0610557216298381 -0.0488671616638481
0.027658406123052 -0.271737193909212 -0.0332290449461267 -0.0537223022493178
-0.100124744161997 -0.21047914530108 -0.0903031904362115 -0.0858821489821647
-0.191586267774699 -0.178220348139241 -0.130962438824835 -0.0492293028189429
-0.216847383173367 -0.126566465151719 -0.145863475694393 -0.036473575826341
-0.209810461671095 -0.134226374301035 -0.137487558701588 -0.0503848311152502
-0.115452992009957 -0.196436566180044 -0.130801110230578 -0.0871418588590467
-0.00913854699409517 -0.230822702411426 -0.0680458662560403 -0.122397126090638
0.198943355023783 -0.22405961012259 0.0150287869751494 -0.126566197817871
0.312202848163667 -0.0406742644124599 0.0696567606523614 -0.0513866675364064
0.241350930182568 0.19726901932064 0.0395423671474699 0.0122893220513987
0.135607220294323 0.365759873883735 0.0327659947210679 -0.0645552563944287
0.153232190059719 0.260162799887096 -0.0113544615629137 -0.419428207602646
0.215281845819407 0.15589674195642 -0.128485316456353 -0.258199188906995
0.243688612688602 0.00391951738216356 -0.0879797374408644 -0.0595113273977798
0.172204620347369 -0.138346588763529 -0.0338877843184537 -0.0654573252658043
0.0254366610124177 -0.170791625821309 -0.0276001366390661 -0.114439295582496
-0.0554653785326373 -0.145488393842752 -0.120184801084668 -0.154798284636668
-0.117543344793661 -0.137656317164521 -0.191800216738049 -0.104756214345014
-0.13621461951584 -0.102694027842109 -0.208608025292719 -0.069903612394302
-0.127555523776623 -0.110966198705112 -0.19442338991615 -0.0885799981961733
-0.0565858385977288 -0.144303857557107 -0.153909966257619 -0.133434228804734
0.0195162557056924 -0.145852939100561 -0.0579085289035339 -0.159589766289588
0.140364936641883 -0.120156429181107 0.0287471025074374 -0.125771655715542
0.194412934014443 -0.00645724846287236 0.0611719805926282 -0.0440461273239066
0.147935664555592 0.134238872793283 -0.0111138959929222 -0.0203706640455161
0.101311425084182 0.252790004508061 -0.00513944387385246 -0.165467461951093
0.112841683836313 0.098009850904469 -0.0415925725011815 -0.464991923176932
0.106593815077961 0.0340912829080604 -0.163177008588206 -0.276090097662532
0.0806373245914223 -0.0128368579552461 -0.084432797708824 -0.0540356711380733
0.0476120628098039 -0.0392702378714446 -0.0130479250724465 -0.0646063667086662
0.0203830854287418 -0.0450370150675335 -0.0206790115312132 -0.148107442540496
-0.0003779500757424 -0.0576495657103898 -0.131491204229354 -0.193339284286847
-0.0221943826255671 -0.0753056581170652 -0.223958807203584 -0.140502937233081
-0.0344152230717165 -0.0632943784941265 -0.240904421622548 -0.0934103985026525
-0.0289065800395303 -0.070289694808337 -0.220895394015541 -0.116116521701865
0.00516273209919427 -0.0723315443807627 -0.149997717874227 -0.163128402853507
0.0368394225979441 -0.0479022258435204 -0.0313151473362194 -0.176429638955902
0.0616257502647149 -0.0176452016949418 0.0471580918806834 -0.107443460986555
0.0617809448507872 0.0141203030988996 0.0549443303150185 -0.0283380310405124
0.0497230205172056 0.0516524489351285 -0.0470234086960122 -0.0416733380005523
0.0590665147054001 0.108053163613549 -0.0376393133823925 -0.227992361498291
-0.0288750502106994 0.0885465052821923 0.101989372083376 0.258575860585766
0.0389274105684495 0.0634383471369137 0.115161270923823 0.0746317057656806
0.0821060025666778 -0.0053165185025704 -0.0489427090274211 -0.0124419942896761
0.045114424153505 -0.0737396342815893 -0.0840259585149671 0.0803253309922824
-0.0380640971678202 -0.0605840146444697 -0.00553241121342436 0.192289944953931
-0.0573509321855691 -0.0161440725161948 0.128740895050487 0.215456039238104
-0.0769049427064339 0.0102328004884397 0.227480868247265 0.156560832074129
-0.0754832713764154 0.0114881319450404 0.245046177629213 0.1067760272622
-0.0755867783262027 0.00426829705116009 0.230739397634785 0.139542184349215
-0.0600136009869011 -0.0314141828779934 0.140691416462276 0.177277756029657
-0.0255530619718464 -0.0731742339773865 0.0236471059698254 0.15500716348907
0.0580793656220261 -0.0741070111922232 0.0122652089721098 0.0640192280981033
0.0809514541163053 0.0080715371732746 0.0749180860742943 0.0650441219430181
0.0164518165073026 0.0538634700198986 0.145609369113302 0.239990542731584
-0.0286822667548706 0.0456561832864079 0.0368181776116779 0.476512943070191
0.0272294892158631 0.238988901286083 0.0953258611430558 0.198665853923185
0.130954129196224 0.164198687795648 0.101901146272415 0.0519574879757701
0.211931404073544 0.0151052912604712 -0.0550075564991887 -0.0235661701111282
0.153736738416145 -0.145876995288288 -0.101067660067416 0.0555430827588122
-0.0231449881524032 -0.166078479630086 -0.0250889827422098 0.179564607608377
-0.100348285321039 -0.102415364099709 0.0940382997605212 0.203197368783459
-0.164636932220275 -0.0603692181885397 0.18836538195239 0.154227057461083
-0.175835405531073 -0.0403123300814758 0.201434716476817 0.0996626983315685
-0.17355434607742 -0.0557471117764673 0.191883267308207 0.119957866830474
-0.112830813687399 -0.123450358569917 0.103904302506583 0.146640342008585
-0.0278743187732372 -0.182929672229156 0.00802569838275439 0.118539151128941
0.157093121854547 -0.176974897738446 0.0173537714774466 0.0241785819647363
0.233215902946322 -0.00410638621802865 0.0934688863706512 0.0419073895510883
0.131970843517124 0.159671386275811 0.174094234118676 0.223955831696342
0.0277210456259257 0.222279202649541 0.0781464918604152 0.437248408792398
0.0784368250400893 0.363174338903804 0.0855647871202591 0.0966702942533778
0.216361109923885 0.254491248060602 0.073912382051265 0.00646361946467492
0.330341966088558 0.0344133249714233 -0.06582114396817 -0.0325443261428453
0.2533336877613 -0.209171376300395 -0.109415404799884 0.0317818318175385
-0.00247771900262594 -0.259051128015752 -0.036004970916839 0.147819330491658
-0.128367131278159 -0.180596255876202 0.0503967984851791 0.160920285593649
-0.226396090803246 -0.125502183484401 0.121915379471762 0.125974214060937
-0.249244424111455 -0.0859929821586578 0.126371395324426 0.0776611138143578
-0.245982839504217 -0.102792226942706 0.122160938549282 0.0843532026796387
-0.155707386890141 -0.192443931487682 0.0488655048192025 0.0961112215757734
-0.0369017236720875 -0.266094901383007 -0.0121238639905108 0.063187879693109
0.223434357498234 -0.268714368202004 0.0185725604932853 -0.0230068290364448
0.352515741130099 -0.0331849411474671 0.102249847264746 0.0104888710623866
0.238477194923968 0.229550082438804 0.180109528874 0.181415725669023
0.0870066816545764 0.361618338322229 0.101924885032771 0.343510783949698
0.123963844613171 0.440781621289239 0.0711512660673177 -0.0386181996262621
0.286855380766512 0.312232611807596 0.0292521250698077 -0.0619094722192674
0.419406560906125 0.039721065893582 -0.0817633035103157 -0.0413443878886523
0.322466581643171 -0.257818838948889 -0.10654292451193 0.00710667053729645
0.0147771052949814 -0.323282480598774 -0.0391496325677446 0.0938897846997197
-0.140306786217618 -0.23405152304008 0.000827741084494816 0.0901010049131823
-0.256378426373629 -0.173941308414202 0.0377472304126762 0.0765811286370407
-0.28474191231942 -0.119026824245616 0.0327557557922048 0.0438225012323266
-0.279897839406905 -0.133055375912753 0.0332239308695175 0.0390063584641102
-0.175675279873872 -0.230166953287229 -0.0185245151507252 0.034223259007184
-0.0436879839734872 -0.308162869037594 -0.0373829926677331 -0.00330365155942887
0.251530308112772 -0.32155587279337 0.0145336175685566 -0.072044062982642
0.415107819421185 -0.0617092582095541 0.098237715765019 -0.0221977166356313
0.305622740007113 0.258090819760441 0.154091640678991 0.122437317592538
0.133531635664214 0.438169237346039 0.0988233829100959 0.211486456536726
0.158095785287087 0.454346743763972 0.0491663629665209 -0.189669272556227
0.323290434643354 0.318489814068996 -0.0281629562189716 -0.142975982229189
0.445292339998311 0.0339396861015881 -0.0934578593895459 -0.0515551079018949
0.33670593488489 -0.271240025757981 -0.0916541518508785 -0.0212113367830642
0.0244268548271818 -0.335246570135545 -0.0378380710667169 0.0206866389796521
-0.13238974424846 -0.24910115213094 -0.0505542581311168 0.00178829249337827
-0.248996802279061 -0.194717304267561 -0.0525863143904639 0.0127688843474964
-0.27824558451505 -0.13372798863081 -0.0649739030203156 0.00367449977364163
-0.270478244012828 -0.143929327064781 -0.0608704417280182 -0.00792978674123274
-0.164384343506351 -0.233075513200461 -0.0851792840998846 -0.0296325848722821
-0.0345766092358382 -0.297537554634084 -0.0612489936388736 -0.0708407349911584
0.243131746815961 -0.309743897922885 0.0102020264636127 -0.111328687170072
0.40399391613955 -0.0673172552513151 0.0849054310748751 -0.0456096108236406
0.31000234151877 0.246206655981962 0.102040834161346 0.0623685061150968
0.154241745119038 0.443267345935498 0.0726811626779711 0.0654436703977774
0.171179492898421 0.395178149901546 0.0208450262371308 -0.330272764547182
0.301702499437119 0.266570718777048 -0.0859444785709032 -0.217004278614725
0.387974871637152 0.0207381356770686 -0.0972297820250521 -0.0597842399698677
0.285861701713869 -0.231827553758191 -0.0657856057877171 -0.0492928805531618
0.0287754664812631 -0.282252048868543 -0.0339875651635553 -0.0563777231585822
-0.104585711033555 -0.219795652075405 -0.0961676519802156 -0.0873545299911466
-0.203017186654917 -0.183290978180087 -0.136340188198182 -0.0530746492981495
-0.228133128784447 -0.129246333881707 -0.15215953939881 -0.0370715024359171
-0.218761376716215 -0.137617061653912 -0.143388045846008 -0.0524097165686832
-0.121814485809079 -0.204461884990814 -0.136781043984889 -0.0883885912440604
-0.00914200045596439 -0.24081666683876 -0.0711601738363439 -0.12779737491974
0.206380880011298 -0.235529576498515 0.0146004800102808 -0.132356169054923
0.325520713832036 -0.0430135595019629 0.0710262829744969 -0.0533388624351837
0.250517324617819 0.20522657942588 0.0415600758576432 0.0134475258449847
0.142114626007911 0.380150865177599 0.033553358384369 -0.0691964609566601
0.157457233055175 0.271148170960466 -0.0101799476302003 -0.434807925411316
0.224685929671029 0.164914862266794 -0.13386934690611 -0.26798265090198
0.255148162939907 0.00488203938024999 -0.092319799114649 -0.0629896382864392
0.180865405622341 -0.14692608534473 -0.0369889624218484 -0.0667180267154507
0.0259848291398728 -0.177938375042329 -0.0288576795066121 -0.119491449094315
-0.0576610774017986 -0.150808714620655 -0.127783176206585 -0.159411349797851
-0.125102651875784 -0.141809737713938 -0.200047186995407 -0.108048058768231
-0.144088644751288 -0.105709654278414 -0.217111919023441 -0.0717495764030943
-0.133429423995593 -0.113790874594154 -0.20241982197328 -0.0907101977759355
-0.0604915989012681 -0.149927800470846 -0.160287975530922 -0.135768380962742
0.0197033743897693 -0.152369975162709 -0.059858720434811 -0.165910891138182
0.145621928593268 -0.127574849920786 0.0300565740943078 -0.131119660874298
0.202876841339316 -0.00794589941383161 0.062485333012474 -0.0455897522520867
0.153974069260389 0.139149560653475 -0.0109799484541173 -0.0204308728904939
0.10615006553036 0.262943187409573 -0.00557643210505756 -0.174063121967473
0.11690850020322 0.10356020502349 -0.0405004073913178 -0.483074482779699
0.111986596671573 0.0372098947717567 -0.170153283798752 -0.287752089883961
0.0855735379748657 -0.0130527119621843 -0.0881292756936193 -0.0564056051385617
0.0499396051945031 -0.0424159913094951 -0.013856344114899 -0.0657933484152051
0.0212410345864409 -0.04727722457463 -0.0229107847294823 -0.153521850131588
-0.000489253600610553 -0.0591518583821118 -0.13979251119947 -0.199119102670712
-0.0253646812434533 -0.0775220486223824 -0.233567558978944 -0.144099931211703
-0.0374251219052992 -0.06592414445683 -0.249866079833285 -0.0962545877369066
-0.0308242495804857 -0.0723123441965076 -0.229118838735569 -0.118929492743377
0.00359263259280267 -0.076006560158769 -0.155662573072919 -0.166521924672743
0.0385362845541844 -0.0503597341822872 -0.0327723321842235 -0.182800930945554
0.0638747843270947 -0.0201747088990972 0.0487777718379207 -0.112058223662614
0.0648556530572358 0.0136418318550978 0.0557575530267467 -0.0300924470976202
0.0529796451402657 0.0529260192511002 -0.0485229424545615 -0.0430202050935663
0.0631089375660523 0.112774228359414 -0.0392197058713752 -0.239662730192055
-0.0148189317043398 0.0934898932719688 0.114736222552366 0.263455865668202
0.0479833283019313 0.0590075756924219 0.122597958506875 0.0723618531365462
0.0821145419128834 -0.0147181407263911 -0.0522483465857619 -0.00198431854547894
0.0373791395313207 -0.0795617432876495 -0.0763355020695405 0.0942235233068864
-0.042791579302097 -0.0556520336320552 0.0152511827389679 0.197134244727791
-0.0565617721532335 -0.011706288354743 0.154856187887711 0.209126798948618
-0.075788124525254 0.0207549794265296 0.254496157277791 0.135839218251827
-0.0755075914097883 0.0183345753943016 0.264788710612742 0.0881381495679747
-0.0772955991499033 0.0131453075024108 0.257748433755165 0.126890571432991
-0.0669804245919801 -0.025855528804926 0.168678276931535 0.176625735924995
-0.0363878214827883 -0.0723824505283925 0.0406592638893204 0.165333256851648
0.0507723066293103 -0.0836879178093157 0.0183049897055274 0.072045833008071
0.0832935555521894 0.00144310750789728 0.082677309019937 0.0656301933494833
0.0164471027516332 0.0573037555237049 0.17707012934851 0.243595186409619
-0.0346603928990181 0.0506413510539149 0.0732404111442714 0.507282955229057
0.0589878514560436 0.239823088746272 0.0920541996325094 0.2056366127941
0.153516553046022 0.15159105387212 0.0999010466306542 0.055505645445702
0.219350725820033 -0.0102268370685961 -0.0627032758201623 -0.00143496235097822
0.140368394933738 -0.169453427571392 -0.0928328326179593 0.0806561564359205
-0.0393404128214418 -0.165640297355221 0.00108547882546105 0.185750037520093
-0.110287961482908 -0.0972323771259015 0.121656423079211 0.198124172415393
-0.177463542716335 -0.041379967058332 0.222099808830201 0.134953056303516
-0.184477195180547 -0.0251210978766666 0.218083154831112 0.0829838116355977
-0.186030814300452 -0.0375546728653618 0.214189698814482 0.109166183180662
-0.13286684985356 -0.116659889789819 0.127778642228795 0.148757117193566
-0.0498745142757341 -0.186184351980508 0.0229171414565626 0.129366818480887
0.14284536076103 -0.202687157705213 0.0188288362489763 0.0335652256644797
0.241411181192613 -0.0261500073796199 0.0938737977149597 0.0423645810992695
0.149086212878191 0.160458835894214 0.205072755924965 0.215113236566855
0.0410175522396209 0.237355351796784 0.117589927224757 0.449857763802645
0.124246415306261 0.361014112200133 0.0658610201726249 0.102768164535969
0.250404915503563 0.234799898787173 0.0605219603709732 0.0155179113280835
0.343815405973959 -0.00503136036537844 -0.0778097038595016 7.25677504109578E-05
0.234628375777229 -0.249329309629171 -0.100579900667754 0.0675639073459381
-0.028339167961126 -0.264117375328843 -0.00671956108289631 0.154378507314021
-0.147618616807641 -0.174651189055142 0.0763678764803507 0.156834725377916
-0.2523564321183 -0.101286367892726 0.15712795698804 0.11148553357502
-0.265586321317386 -0.0648525087588854 0.13736061138113 0.0653477270211055
-0.266311106024187 -0.0776285775408613 0.136308526353021 0.0775010002479943
-0.184898888030725 -0.184280731492991 0.065571670119708 0.101060932373542
-0.0672555547469142 -0.271947935322365 -0.00182645741722657 0.0725963106075289
0.202053916436032 -0.307004442008163 0.0151749090227959 -0.0138708265897501
0.365316003921845 -0.0690550551397995 0.0951954432793355 0.0100814771600892
0.269480252087345 0.225036673939922 0.204828626228725 0.16199869258318
0.118299462105501 0.38226190898341 0.138746622357242 0.336662900525058
0.177626249924321 0.434752876390006 0.0377793209462479 -0.035092354658403
0.329151504971968 0.287273176388943 0.00462067015001083 -0.0484763286971155
0.436755973924672 -0.00895355324346457 -0.0961004830230618 -0.000351839388770398
0.299683460826195 -0.309770211141731 -0.097074958247108 0.0494136726414776
-0.0181935820060977 -0.333013229903138 -0.00947434713289991 0.099848363195033
-0.16641676232121 -0.229355103740186 0.0211028922026487 0.0881809907331054
-0.291048096411397 -0.147986543534547 0.0689330374818483 0.0683757374942179
-0.306619097316569 -0.0955299228447798 0.0367223881545593 0.0379971187011176
-0.305201954586177 -0.105215494624395 0.0375558484099223 0.037886926001032
-0.209288329684212 -0.221698464975965 -0.0109645144003289 0.0411404101797681
-0.0766299111604304 -0.314400257715166 -0.0344627522886618 0.0036529490111513
0.227325660694932 -0.364915437256247 0.00648596347203428 -0.0637635801338147
0.428929631384551 -0.105804271238113 0.0850451913514225 -0.0223663527606092
0.345520383396462 0.249171509823619 0.168595718210495 0.0962120634923226
0.176960025004115 0.462313215201886 0.127281016705592 0.189196893526791
0.212361976192418 0.44469592818435 0.00495457739221043 -0.190607294500975
0.364951329552319 0.291609166006763 -0.0610936882932726 -0.127430402923829
0.464134657922768 -0.0187103850562283 -0.110015776268856 -0.00747502116417172
0.312454649407475 -0.326675247401386 -0.0827435887640988 0.0206200831711021
-0.0104193766564992 -0.348028263519328 -0.0135835939656238 0.0239843823373583
-0.161958585074926 -0.245723057080087 -0.0397952796392571 0.00132374663384957
-0.287210430620775 -0.169885735709613 -0.0309703563616983 0.0116679186746796
-0.301374824467699 -0.111109356964242 -0.0685997137121995 0.00495181662143331
-0.295776067859146 -0.118243563965825 -0.0662460919047431 -0.00336149491604905
-0.196881607399735 -0.226011498984317 -0.0885733018936 -0.020737817370491
-0.0659765525556715 -0.305473079125496 -0.0657304484102775 -0.0668979996227729
0.220340870373186 -0.352549223705694 -0.00121269808633569 -0.106602035607346
0.417152966842848 -0.110911880959485 0.06878552561302 -0.0472082597489505
0.35005283796309 0.23552139190438 0.107554029868632 0.0361826841731343
0.201454385222466 0.464801344820951 0.0894128107143058 0.033187599056954
0.215132361133293 0.382968971024093 -0.027862915392687 -0.335052658323412
0.336609690869901 0.241040147879214 -0.123802658442753 -0.202271460459331
0.403566462925904 -0.0250530820894919 -0.112415684684117 -0.0213224255611149
0.265454629616881 -0.279564251382304 -0.0601243159493272 -0.0152519809147641
-0.00191237603146075 -0.295401013933738 -0.0206417202185702 -0.0557978221896794
-0.131448415650841 -0.21802552842666 -0.0969460730491395 -0.0860954958201525
-0.239145169979743 -0.164523157436799 -0.126957509640745 -0.0458307176490988
-0.24988540673026 -0.111062865691519 -0.16373853937315 -0.0290669169405354
-0.241933602369631 -0.117239806870655 -0.158096003085508 -0.0433041396563679
-0.149057999551955 -0.200925360005802 -0.149365134049038 -0.0790870232562137
-0.0326062791981811 -0.248968497384262 -0.0823451203372657 -0.12697037671414
0.189743178115884 -0.269973164576325 0.00215847271436545 -0.13264290728151
0.336945749084793 -0.0774918173893686 0.0565106370555218 -0.056357202403453
0.284940752750642 0.195784043227166 0.0398613551884398 -0.00844278045068657
0.186421994595389 0.397849661975352 0.0376535774975729 -0.104718383733082
0.186154018351262 0.257782458421165 -0.0567220463010716 -0.44373646291419
0.244634537182631 0.1458670321913 -0.171219420436585 -0.256884627475036
0.265712238654533 -0.025302328678843 -0.105112681026581 -0.035797520606836
0.166961901212731 -0.178004643559989 -0.0353576861396044 -0.0466406149213956
0.00612649387029079 -0.187739092346683 -0.0279337579485967 -0.121041528946725
-0.0782300831926213 -0.151259662451073 -0.139471272815235 -0.155138564122434
-0.152370093113037 -0.131203549691042 -0.204986502739484 -0.0952251232788018
-0.161275478014682 -0.0942093375633366 -0.233822298877882 -0.0584648215508885
-0.15134070376356 -0.101892663545094 -0.22315875315597 -0.0788522188998472
-0.0787623320752871 -0.150726437230787 -0.18051965904359 -0.12816194193459
0.00695386136760034 -0.160172484558735 -0.0762307726245452 -0.170415463922358
0.138575367697819 -0.148750500457182 0.0181732640164835 -0.137559723206692
0.212580440840042 -0.0290466549555715 0.0525948998390541 -0.0508128547787205
0.177027526429589 0.133546345122956 -0.0170762996789103 -0.0332888738907081
0.140424317219465 0.273534061033595 -0.0134175251613056 -0.206783741523499
0.124475106992147 0.0908988367823956 -0.0786934422921016 -0.496569074465859
0.114466453421494 0.0275482477535014 -0.201463009234548 -0.281727861680162
0.0876385532288345 -0.0230082130966318 -0.096175871423896 -0.0444768321048452
0.0457420640841302 -0.0519310924836839 -0.0171461233636251 -0.0606635946664544
0.0144349473147579 -0.0527319956695506 -0.0334135169824213 -0.156837423512365
-0.0100813542385484 -0.0615000208964995 -0.161433093836471 -0.194725744048119
-0.0404797614080363 -0.0771903653825226 -0.251602139049288 -0.125626589097524
-0.0476690503611935 -0.0629962195606251 -0.269763966046095 -0.0788401264131722
-0.0407834405173442 -0.0711433634061518 -0.253709789022032 -0.105845648328108
-0.00313103116375756 -0.0797061236792139 -0.179880745638424 -0.162382881920204
0.0369147438169647 -0.057048381616264 -0.0505830458285019 -0.191805592328021
0.0651799661035714 -0.0276353879651622 0.0410727805870174 -0.122946168177507
0.0708493725750763 0.0073796280888895 0.0527335068589513 -0.0368042570436912
0.0627056935498317 0.0508257332137139 -0.0564659558228719 -0.0467047106907748
0.0819569968270291 0.115641169038683 -0.0570269245365328 -0.26455382385521
-0.0102518733725984 0.0968494140769594 0.13308898899194 0.270634656511377
0.0515095816508478 0.05829910944777 0.131658965114876 0.0685042291252692
0.0840395028053181 -0.0197996527539198 -0.0553566630291121 0.0011385611343105
0.0347087404830432 -0.0855881747094169 -0.075265232239576 0.10145882218931
-0.0470018057122645 -0.055678139511955 0.0270816780064147 0.201913410554277
-0.0595559203248971 -0.00960739970351968 0.174606483743401 0.20489462352312
-0.0760115818007023 0.0263865979223722 0.271658118424719 0.123028365992195
-0.0765895656608489 0.0251598079939 0.280749999372726 0.0753081567257375
-0.0792867833867631 0.0185014971066766 0.275417390159152 0.114098447919835
-0.0700670291248057 -0.02265921756227 0.185293142475447 0.171508332624053
-0.0415374757879965 -0.0728699191915174 0.0529244767911082 0.170415571512568
0.0473031057713554 -0.0901182408820475 0.0229675719779218 0.074097807715632
0.0859730373872237 -0.00247934759124225 0.0897075765321771 0.064472435416132
0.0200193823521836 0.0593669552066086 0.19775867151637 0.243536526034974
-0.033204050203898 0.0539758744610371 0.103713808255173 0.525304470327507
0.0744136204806993 0.245254886325943 0.106466714262231 0.212188828253178
0.16566558565322 0.1486287974532 0.10711648306656 0.052834168191708
0.226874840442213 -0.0229722286169846 -0.0666361955046451 0.00154812768869356
0.135581521509592 -0.186396915623077 -0.0932306939708272 0.0892490249610072
-0.0495071789184048 -0.169481406188637 0.0121386510300717 0.190472185442921
-0.121369187179936 -0.0955668082693707 0.139607375992028 0.196577626431322
-0.186145226542341 -0.0308206543033942 0.237054545058907 0.123884846678522
-0.193942665127953 -0.0126207700499308 0.231211839837751 0.0735086463048033
-0.19550464265926 -0.0269832468200546 0.228361797237598 0.0985062497637513
-0.14530315236154 -0.113571870345655 0.141436491985381 0.145972380674147
-0.0624365046479278 -0.191344444941049 0.0322814159858517 0.13352850208608
0.136868386411935 -0.221211840409548 0.0200696478911939 0.0341812459941598
0.249953959474198 -0.0411788210780371 0.100612619265437 0.0400546586484366
0.163846341823885 0.160090845452988 0.226446399964273 0.212736098706848
0.0570209543765279 0.244514033021887 0.146061812447975 0.461877840658323
0.147916133009445 0.367895549737521 0.0739559033502439 0.106620123005164
0.272157851407583 0.230006828403976 0.0641100509125561 0.0137609742178117
0.357639466410364 -0.0256899615505383 -0.0820237338220347 0.00439149229336233
0.229022778985256 -0.275855068413873 -0.101476860797712 0.0766580069715942
-0.0443080131008659 -0.273047878564004 0.00227688384444366 0.158470258481648
-0.164924340757896 -0.174471269891391 0.0896484137965506 0.158508679806297
-0.268120056072358 -0.0879109520893211 0.167585273667562 0.103419411123787
-0.281353638948123 -0.0483951097319359 0.146523328338125 0.060197423595443
-0.281795199213099 -0.0649482105733204 0.144941464106431 0.0705190762847569
-0.203889824604541 -0.180964843165238 0.0740679257484996 0.100026235126568
-0.0856967571679396 -0.280178544363558 0.00241174104845724 0.0756438887750177
0.1923819765733 -0.334096179436852 0.0135398507855868 -0.0148301189518368
0.377167041261165 -0.0930528260895841 0.100452063871851 0.00747653541070323
0.292834735850547 0.221136112478922 0.223137915740546 0.15774058772373
0.146582261990558 0.391527912326854 0.161731236842452 0.342240819223804
0.206957987801496 0.44299545538859 0.0372882350863937 -0.035383730758759
0.357600953891526 0.280914847478889 0.00261615543936849 -0.0488848309378129
0.455120523044943 -0.035538162628968 -0.10144755754611 0.00519139995685871
0.293561310901137 -0.344481118584931 -0.0992482729626066 0.0580528526748555
-0.0376574871179799 -0.345511103064404 -0.00436607201813987 0.101655157331554
-0.188205785781689 -0.230616343467046 0.0273927991225289 0.0915248683629267
-0.31267905562504 -0.133865749822939 0.0730435345514477 0.0635965956602276
-0.32688003776932 -0.076781487986591 0.0401875424045695 0.0381191648103673
-0.324486955474637 -0.0912594558973857 0.0396229286722359 0.0358803955460392
-0.231851954102226 -0.218376104210122 -0.00879993551684826 0.0436177153502853
-0.0981333967109049 -0.324014077057338 -0.0356556092082553 0.00538734093973845
0.214347041610489 -0.396223461117494 0.00192366200364302 -0.0667292021390518
0.441790123523312 -0.135459673326777 0.0873559558466518 -0.026317891522212
0.373352625855985 0.240681856642465 0.182800310375156 0.091453145625395
0.213175053092239 0.471257948091183 0.142635652204007 0.188212915906939
0.24354307008256 0.452187294620951 -0.0045013084259802 -0.196188094371062
0.396343898337569 0.284220727430059 -0.0713994903835632 -0.126869695582836
0.484257829145549 -0.0469711387342018 -0.116266707533919 -0.00150236517875465
0.306209328651478 -0.362279956148918 -0.0859032304136042 0.0280112263520466
-0.0305667681166021 -0.361650384676038 -0.0134003651469931 0.0238925829317108
-0.184422570951994 -0.248386100643678 -0.0418415207556313 0.00583111909424292
-0.311150860637646 -0.157174617160384 -0.0338362346005936 0.0115906540893205
-0.323149273231888 -0.0941386374312138 -0.0714367353634056 0.0100849804830596
-0.315520529325085 -0.104262041494447 -0.0704475776642306 -0.000262722733349665
-0.220231555528349 -0.223301506588559 -0.0927883199605619 -0.0156544412039031
-0.0855553999510544 -0.315206018135657 -0.0731501848662863 -0.0663568395983664
0.206394060888827 -0.383209976179447 -0.008284963248562 -0.111076828231023
0.428784158159414 -0.141238136027185 0.0686721538866785 -0.0506416942093748
0.377682192466716 0.225690817618012 0.115274753743763 0.0317058607173816
0.238828969372874 0.472909826852773 0.0934045901983737 0.0277678752828055
0.244150767623321 0.387956628568666 -0.0460546199898876 -0.346361195645043
0.363788834860461 0.232995892276438 -0.140434516104771 -0.201634269769297
0.421158218134302 -0.0502450255388701 -0.119132568865153 -0.0155515503994208
0.259858785733173 -0.310820364117006 -0.0636558622600986 -0.0107281069735176
-0.0186987155297846 -0.307680914944319 -0.0248972533335015 -0.0583996738302724
-0.150879722165601 -0.220678319907049 -0.107338361733602 -0.0811458417229716
-0.260705735878165 -0.154111415624409 -0.136593802404934 -0.0420039332531482
-0.269825526003718 -0.0973390480321255 -0.171862848111285 -0.0195905107462645
-0.259173763937067 -0.106409764501295 -0.167331458477658 -0.0352888813204689
-0.168762186148279 -0.200103903464444 -0.159473546079148 -0.0720732304913583
-0.0485725544694189 -0.258544623690824 -0.0939020243405833 -0.128713389194403
0.17988779664549 -0.295279393978128 -0.0070622230560519 -0.138400538554038
0.346554669140559 -0.102381576292563 0.0554844918491342 -0.0596172976745166
0.306795067106104 0.187553525951355 0.0425668125882415 -0.0101382530386251
0.217922846115503 0.402432466850258 0.0318075843520849 -0.113592980516432
0.207121904467686 0.259677217077966 -0.0813819802041764 -0.459453437004278
0.264099259599939 0.139663819227185 -0.193214270410788 -0.257323656674218
0.277848857763488 -0.0417103407017153 -0.112019033736068 -0.0317715915129899
0.164310372542647 -0.198150761450516 -0.0394176957270258 -0.0439746919265977
-0.00443136682877446 -0.195707073897001 -0.0366517279661529 -0.125032696605894
-0.0902687187318303 -0.153233922062857 -0.156207279502833 -0.150716521448229
-0.16920200437086 -0.125265259206988 -0.219827545385928 -0.087010777085825
-0.175732656397311 -0.0862620733409455 -0.246840686087919 -0.0456736370714736
-0.164425153709257 -0.0966384422125244 -0.236169673231448 -0.0675901164362662
-0.092269391433942 -0.152029766596654 -0.194495409819966 -0.120939315888281
-0.0022160961347762 -0.168326968063466 -0.0899944382004456 -0.172913126441676
0.133967703749171 -0.165426603917253 0.0102913095671527 -0.143684297189777
0.219616360352153 -0.0437729565242462 0.0518025536373563 -0.0548552619462219
0.191666171886564 0.129067889321709 -0.0182612854691353 -0.0335118727538805
0.163445246189647 0.276339145025606 -0.0272618110271071 -0.216976370772875
0.134246597639642 0.0893355848847232 -0.106434664727847 -0.514148057548327
0.122065498580589 0.0238603469396241 -0.225938600446258 -0.281588814947529
0.091311261880832 -0.0291835047243679 -0.10314584225488 -0.0406759441977634
0.04515771005062 -0.057609881125958 -0.0203094664868303 -0.0613109066802338
0.0123469208295533 -0.0556814680151444 -0.0442446848512016 -0.160779917523747
-0.0134894366323327 -0.0632234685795346 -0.181201554593523 -0.189690911114523
-0.0487265846218352 -0.077039684284376 -0.269262417578481 -0.11553062600156
-0.0550175180002514 -0.0622036180106302 -0.284386734815132 -0.0649728769153602
-0.0478646102376127 -0.071409012737693 -0.269314889367647 -0.092948233786302
-0.0100155212792331 -0.0828903645672801 -0.196055717362525 -0.155974516777366
0.0345283670632616 -0.0624528104457788 -0.0645416635564121 -0.196329315533975
0.0654575377073484 -0.0340682232280037 0.0353541174787298 -0.130007505461494
0.0746294253102193 0.00214844762690618 0.0523010065443766 -0.0408106483991319
0.0691639138079468 0.0490277074082591 -0.0605688745444097 -0.0454316186024785
0.0935040747668817 0.115181054881151 -0.075286751895532 -0.274230607562016
-0.00421462291541774 0.0971439949969884 0.151422532374928 0.268097832507624
0.0538414103462127 0.055297322392483 0.13785611706798 0.0604264927055449
0.0831368892936137 -0.0250961251641175 -0.0569967935795593 0.00501842563155465
0.0294502193578749 -0.0889290364019908 -0.0699046934433975 0.107054155141955
-0.0506658557761944 -0.0536522340041252 0.040615932103437 0.200271770320958
-0.0611541125242927 -0.00653840265310239 0.191146296528435 0.192669580565602
-0.0738071329902532 0.0316078237291988 0.281357070396741 0.104719833565517
-0.0745962403266801 0.0315930334925013 0.287468037156218 0.0567258398753779
-0.078495581895333 0.0243809382107923 0.284443783387379 0.0939789706689752
-0.071378730452168 -0.0176901628986477 0.198302530495019 0.159405493877345
-0.0473062897797511 -0.0702777416622158 0.0654711780676404 0.169371451148175
0.0417167441015947 -0.0937748359516349 0.0278210638709861 0.0739917737156838
0.0866979399502947 -0.00684420461553417 0.0959101095036189 0.0597717748086653
0.0236547903425673 0.0590311263728096 0.215055809178466 0.234410660539138
-0.0299488803625201 0.0565558296474959 0.138213461647119 0.523728400915617
0.0905272742030352 0.242031051843531 0.119987639741892 0.210645019922642
0.175087368930664 0.139100229256897 0.112036132510996 0.0472661072965874
0.22759093802451 -0.0386310059014198 -0.0684279056984042 0.00681800590348998
0.124438919103098 -0.199170514247248 -0.089146235972225 0.0964206892115003
-0.0607966369165772 -0.169438335724701 0.0239461929832455 0.189515775828855
-0.129446464684802 -0.0889529601279146 0.15491259261601 0.187581406127422
-0.188938721423998 -0.017907621902678 0.245447497663223 0.106927308312947
-0.197012140028006 0.00309835254232775 0.237402647466739 0.0584349582204314
-0.199214599777919 -0.0137264899479398 0.235540271827693 0.0818166134774783
-0.154113855882252 -0.104399243241628 0.152389095125357 0.136297970601719
-0.076352056915921 -0.189317154233332 0.0419297856630373 0.133112079032416
0.122065414405997 -0.234070319315787 0.0221610745525263 0.0338715304782298
0.250078351263084 -0.0577745040287435 0.105351727936559 0.0356028738070058
0.175747520411854 0.152028403072557 0.24332057875562 0.200827496668084
0.073974818767224 0.243281608434454 0.1768383246376 0.45877320957827
0.171900986362288 0.361680741116383 0.0813054812801052 0.106806576045881
0.287318845939388 0.215350163029716 0.0664701569330249 0.0118415307334883
0.359953753459097 -0.0492791653087686 -0.0837459808960834 0.0104145058005626
0.212547896270278 -0.297676276552109 -0.0987003196600442 0.084859260601903
-0.0617256927614358 -0.273968783728079 0.0118418019823067 0.157514914736624
-0.180176656546189 -0.166416510941072 0.102315568656766 0.153537579647704
-0.277509822813047 -0.0694108561814663 0.173340563419818 0.0910018203020189
-0.288714159111256 -0.0261248436428036 0.151262829214597 0.051213059975744
-0.290077596024002 -0.0456996080342209 0.149502027697345 0.0603323261581771
-0.219065055942265 -0.168471645090471 0.0819669594113476 0.095311345395401
-0.105604912978277 -0.278179745998818 0.00719919829083864 0.0766951734470887
0.170569233120109 -0.352610465528967 0.0117614842413641 -0.0155862159694249
0.374952857823787 -0.11960567910186 0.103135631642685 0.00278586286688798
0.310892054144259 0.205959185793361 0.236516193708337 0.145116019304502
0.174689327794954 0.385886036893902 0.185124030748903 0.335961969801175
0.23630882530355 0.435650646260362 0.0357156300523929 -0.0353326009848536
0.378151907314272 0.262702902980529 -0.000240773552500609 -0.047641930908635
0.459187746346196 -0.067040320524151 -0.103385713873984 0.0124710326952431
0.273550391513357 -0.372069202775661 -0.0977785912672116 0.0669936477475495
-0.0604954917786108 -0.347685179540653 0.000353961255234129 0.100845984665095
-0.207157985210334 -0.221954550272333 0.0343052633636783 0.0920551635222499
-0.325414206389745 -0.112001877211361 0.0748706785487971 0.0576410776147459
-0.337311061361747 -0.0513721205468102 0.0429870297639387 0.0366026005512853
-0.334542714834163 -0.0685915179933207 0.0413060547110157 0.0330097735720507
-0.250280183547959 -0.204851149203388 -0.00608437736313621 0.0444878695785787
-0.121010406000005 -0.322939183419598 -0.0361482808069982 0.00744428039874525
0.187967435268652 -0.418359324888068 -0.00425994265135045 -0.0671015375067434
0.438845025539492 -0.168201492714008 0.0876999177731991 -0.0301395123328623
0.392864904400854 0.220741630902886 0.192519205310065 0.081143262656926
0.246783561842455 0.460751279707697 0.15362217881774 0.18028706165795
0.273018121966868 0.44392735833461 -0.0156673867675218 -0.195530481977539
0.41879034899013 0.263343612024741 -0.0792217994552561 -0.122192048975367
0.488485039785489 -0.0802665526554048 -0.118644243942518 0.00634702498052647
0.28523502243957 -0.391372130555766 -0.0854152707889223 0.0354096118284896
-0.0535789783493086 -0.36445559524363 -0.0135682909947793 0.0236975843211472
-0.204882095563409 -0.239914429826221 -0.0418929205630702 0.01139429963699
-0.326151356388737 -0.135090562470769 -0.0363193640635134 0.0126424541503162
-0.335007106235356 -0.0689289787249106 -0.0717517426763235 0.0157876214350951
-0.326594415859485 -0.0832790267367834 -0.0725685016108188 0.00472513901531433
-0.23956845446107 -0.210341664625022 -0.0940232773117837 -0.0091273011694213
-0.1087632092295 -0.315239344960256 -0.0794002741348029 -0.0622611245703727
0.182243181849284 -0.405088735827049 -0.0181140616694678 -0.111421474907731
0.424867372693458 -0.172783239652912 0.0671664414300763 -0.0535034372077393
0.396603459524385 0.205135111189485 0.120272728934818 0.0247943891613737
0.274863071817467 0.460669214513238 0.0940922696921213 0.0197943849531083
0.270825984761632 0.378510561748899 -0.0674175850574152 -0.346495575159778
0.384012126920112 0.215242714730424 -0.154215088329307 -0.193976623812338
0.425439796455095 -0.0791227799562185 -0.122573008936563 -0.00812681658949686
0.242518102132077 -0.335466881605312 -0.0651993613079359 -0.00503656005376354
-0.0384364767555228 -0.310933787680242 -0.0302005214785617 -0.0574899215279955
-0.169297093508271 -0.213538952861463 -0.113866510355903 -0.0716799262774723
-0.275943811261521 -0.134856048370392 -0.143369961740502 -0.0340159799403749
-0.28125981378317 -0.0756410006796013 -0.174925390602464 -0.00769032667243364
-0.26967706985425 -0.088913709856631 -0.172189754662045 -0.0236480189472925
-0.185600033265685 -0.190109493341024 -0.16441653178807 -0.0609972915046145
-0.0659626781532468 -0.259879365854227 -0.104775080380267 -0.124278721475299
0.160935291009483 -0.313253531034057 -0.0173957631362935 -0.139348399223454
0.344514759714427 -0.128333147350519 0.0529306738315359 -0.062495996406821
0.321956414244933 0.17150987785278 0.0443715654722843 -0.0133663024373489
0.248013259282417 0.391221298169877 0.0232045533551564 -0.119156654336573
0.225502064193506 0.250940939076434 -0.110020261037938 -0.460205665518489
0.277492906796614 0.126448923123565 -0.211278516451974 -0.246699526218172
0.280068179532715 -0.0614972714932546 -0.115928573536537 -0.0244301279139376
0.153376386416055 -0.214212056547332 -0.0422665886393612 -0.0413054011843419
-0.0164049670646163 -0.198346098478686 -0.0459970353447006 -0.123867533614149
-0.102329505103362 -0.149568777542752 -0.168431189167549 -0.138679414961794
-0.181430060088692 -0.11288848199182 -0.229485138753988 -0.0728168080488209
-0.186196588556718 -0.072791826162638 -0.251212434184814 -0.0292068893292499
-0.17399251042062 -0.0858119048818142 -0.242920039349152 -0.050922766520639
-0.105147643367228 -0.146963173650853 -0.20296868612961 -0.107453104049921
-0.0137779428596516 -0.171066361486738 -0.103223526155553 -0.169280148969146
0.123317435163047 -0.177928837221986 -0.000462416099661855 -0.145749192755406
0.219175748277663 -0.061328549234046 0.0483021824788099 -0.0568855330989947
0.202455763993468 0.118345851580932 -0.0191744559773386 -0.0328975831201945
0.184925822153784 0.267167594131027 -0.0428822022824867 -0.220057245582778
0.142007832270435 0.0830552150060917 -0.138541216229488 -0.515689391386594
0.126607987627203 0.0179455011049444 -0.247006534443862 -0.269697688495202
0.0922235181804024 -0.0361454557675985 -0.10667533247475 -0.0345363365354596
0.0417208457542064 -0.0628292093415065 -0.0237025526542442 -0.059961336321843
0.00917445770228071 -0.0569719719564789 -0.0554702338958938 -0.158867722096018
-0.0183325394053009 -0.0632015196957958 -0.196714355718628 -0.176599910538852
-0.0560481011022088 -0.0724987821462035 -0.279984379542215 -0.0972824198925081
-0.061555399177052 -0.0578326612402951 -0.291278594877763 -0.046211417855018
-0.0544965844768058 -0.06845813768447 -0.276679146716672 -0.0741738177066601
-0.0172747204260774 -0.0825818038222877 -0.206694272878082 -0.143488061218124
0.0306092259694831 -0.0661029967892161 -0.0794439455510611 -0.194268158234275
0.0623878201786182 -0.0397717092863771 0.0264437330690817 -0.13356386128664
0.0752668955337534 -0.00458380628629183 0.0496575285252785 -0.0439630314990049
0.0741191090670199 0.0447030606268428 -0.0637026667389197 -0.0415485020117013
0.103798081145958 0.109407712349323 -0.0945839270603518 -0.274302857213405
0.00017834320629069 0.0952552662232226 0.161785102878219 0.260963942773317
0.05388196600115 0.0521973602401742 0.139221282162419 0.0533922078685194
0.0798011202531578 -0.0286493173910016 -0.0570445719619922 0.00925303321068558
0.0243905867477086 -0.0901068736352859 -0.0648982223054119 0.109405870979486
-0.0523868239297902 -0.0511958380934387 0.0490681449680671 0.194656464349813
-0.0608624665444589 -0.00422556264909166 0.198527267515319 0.179059084877584
-0.0705615812336666 0.0344427100030294 0.282599754672688 0.0888166156766879
-0.0714151443589938 0.0355350905562415 0.28646042030378 0.0423382268195675
-0.0759409298431564 0.0282307765825291 0.284738718643217 0.0770446493509824
-0.0701898347012275 -0.0141940158445801 0.20358540958655 0.146234212219828
-0.0495281311966732 -0.0667900226801014 0.0738801520166255 0.164906729539482
0.0362955673945152 -0.0938828239520175 0.0306136918613044 0.0720696067003691
0.0848360920471013 -0.0103458501007005 0.0976695544745964 0.055559698267264
0.0258377217694268 0.0575837527769839 0.223060792515225 0.222407871139471
-0.0271148669686447 0.0566020936397433 0.159899209059658 0.513560082123371
0.0996730230699199 0.234314779736687 0.129173929255795 0.207543730518041
0.177409565533505 0.129803081174094 0.113421077510965 0.0423635189286856
0.222096022121671 -0.0497500820051692 -0.0682195992133111 0.0111477222919179
0.112382806487691 -0.204551542054561 -0.0847223696350447 0.100206466524815
-0.0673004010179388 -0.165269041444234 0.0311832522135681 0.185102253650881
-0.133417001408015 -0.0826790363733682 0.163016301505933 0.176607096188494
-0.18760836258448 -0.00755685754086357 0.245092009415124 0.0927947777532983
-0.194450061143783 0.0149641128054786 0.236870167402356 0.0467352423803087
-0.197630403712678 -0.0033586823737514 0.235170476715231 0.0680482792142983
-0.157430320827758 -0.0961148892344921 0.156695018853859 0.126428449669337
-0.0846056106175963 -0.184057143161085 0.0481767284409834 0.130364713465335
0.109043058200597 -0.238410858026619 0.0225669922980359 0.0328020596164316
0.246035500917335 -0.0685623691600341 0.106660575543707 0.0314695387656575
0.181064542879871 0.143123367126994 0.249929252390723 0.187747618317539
0.0853498394531105 0.236454720515451 0.195628175643474 0.446549402630863
0.186242066669095 0.350560785477585 0.085746283740302 0.105632126740631
0.292024294944299 0.200863187592057 0.0672198105010774 0.00969430907250442
0.353780006922091 -0.067447816111171 -0.083386387224406 0.0154853956405371
0.194771017329716 -0.307536792187403 -0.0948883792641712 0.0898304139372297
-0.0732162540174403 -0.269079609681974 0.0165609195819603 0.154543641334928
-0.187825331087777 -0.156535317671721 0.10916471175318 0.147136651511466
-0.277795336729716 -0.0533247746546944 0.172411260700009 0.080631946627831
-0.286598568795535 -0.00754323305314752 0.151788544163103 0.0441530312670375
-0.289680170165903 -0.0298838582162399 0.149579761471689 0.0510775021889612
-0.225177388041093 -0.156788949073812 0.0849218286913046 0.0902374970503155
-0.11832935296099 -0.271582935849318 0.0104048781920782 0.0754528345034598
0.150518267533775 -0.359426984493205 0.00964270382549686 -0.0147466158669191
0.366803178459442 -0.137070033361504 0.103601588633 -0.000408109870147244
0.317415031039173 0.191381357362719 0.241715529642382 0.132996528424722
0.191611859665336 0.372840010697922 0.196043943436206 0.3237927579448
0.253692116210825 0.421648090085442 0.034331978155494 -0.0331013008602349
0.385498758226292 0.243279490901391 -0.000874162135998104 -0.0453293533008499
0.452240991543192 -0.0886081770124171 -0.102903963551936 0.0178744007978025
0.25119201538425 -0.384251526973065 -0.0947435205004379 0.0723180161107355
-0.0753638594185679 -0.34199067218913 0.00293971890952687 0.0989435010765037
-0.218068347795883 -0.210384851368732 0.03938174020692 0.0907978565327229
-0.328032897238936 -0.0917207823612358 0.0728728824082329 0.0527606543320853
-0.336779875810236 -0.0300142269030306 0.0442677187766995 0.0348797356262662
-0.334382046060808 -0.0502827832060684 0.040518649821552 0.030268957875409
-0.259029195815002 -0.189647338584259 -0.00330052913046164 0.0443693456418846
-0.135905759177193 -0.315450965014471 -0.0366818335982426 0.00939173539206074
0.163580334884286 -0.425807415592274 -0.00875328887854214 -0.0657296603162836
0.426297366488883 -0.18823034712171 0.087533719444111 -0.0317797832029476
0.399142508770241 0.201705970542927 0.195235734321838 0.0711843360988147
0.267405749197084 0.443254088331237 0.158658433819651 0.170830260440945
0.290403402755857 0.428378688971258 -0.0239272678704296 -0.191494266700288
0.427606638542861 0.244476829069117 -0.0825315006609474 -0.115629475414913
0.481752346707806 -0.103567027128942 -0.118460784108655 0.0121496319473581
0.26305240260626 -0.405228153372295 -0.0839723372199913 0.0407797629770612
-0.0698493219111233 -0.360384746173579 -0.0146247793249711 0.0235622245801638
-0.216820368372442 -0.228354699430965 -0.0398925327623279 0.0157815424986481
-0.330533636412585 -0.114958560374121 -0.0393294986930042 0.0140523509155648
-0.335677354610208 -0.0469163987887341 -0.0696734631834219 0.0193598083736374
-0.328798585331184 -0.0649782439484446 -0.0721038004587661 0.00869778547240224
-0.247671860846067 -0.196522819582056 -0.0934074504495084 -0.0041154312746009
-0.123195838331818 -0.308665557329555 -0.0826362216609333 -0.0577766146869503
0.158954232260082 -0.412512050481109 -0.0243220511936278 -0.108772628063183
0.412979453834267 -0.193032138819364 0.0656372790587163 -0.0543352833081313
0.4021450960491 0.186736077533592 0.122209493690863 0.0185072554544838
0.294212197223202 0.443255964717249 0.0924869664617952 0.0140090123549969
0.284550944189835 0.364489559565061 -0.0805959442877539 -0.33968990491241
0.391865651947747 0.198454207652093 -0.160628525859151 -0.1840044063661
0.419740386266675 -0.0989553523214035 -0.122860448126812 -0.00211038234090028
0.223690337482136 -0.347857055135538 -0.0656458503937332 -0.00066193505290741
-0.0522036800000526 -0.307617721587523 -0.0347665822870361 -0.0558733349155498
-0.179343138376993 -0.203877853079206 -0.115446930430101 -0.0619394765399446
-0.280507382324855 -0.117265949873073 -0.147037901874148 -0.0270610300510632
-0.283507527095288 -0.057107498495602 -0.172675065220113 0.00113571815983621
-0.272511292810383 -0.0737914518463294 -0.170858965478069 -0.0143541073614629
-0.194061792226957 -0.178473827106143 -0.164558117510695 -0.0523831204474747
-0.078747047394591 -0.255501623967549 -0.110410817537353 -0.117459088173184
0.141344921586592 -0.320134901700122 -0.0251331097687531 -0.136086709323302
0.33422218857683 -0.145132760436099 0.0503290703081373 -0.0624632155703835
0.326887449661668 0.155987432411887 0.04484292132037 -0.0155866456529735
0.265944644341534 0.374222714399429 0.0156509912872083 -0.120994178963133
0.2347018602063 0.24011400088475 -0.128583497673521 -0.45258206027646
0.282715179862251 0.1141945295758 -0.219576956027705 -0.235020656000496
0.276876259670944 -0.0747225196799262 -0.116418357007387 -0.0195963194812656
0.141047447515716 -0.221946821490224 -0.0439288908445506 -0.0379787575193802
-0.0251087472913824 -0.19615759826398 -0.0517328405472862 -0.120162054980293
-0.109588981704745 -0.143230476866313 -0.173367307087397 -0.125495041650427
-0.186115373360304 -0.0998134202390392 -0.232500171546963 -0.0608542704960389
-0.189057451217655 -0.0594068701074136 -0.249774950079149 -0.0169097203723769
-0.177099406184852 -0.0747511430263934 -0.241515948576543 -0.037306397763161
-0.112590533269621 -0.140054940405222 -0.204397391993386 -0.0955878142549955
-0.0226870436080043 -0.170368626306661 -0.111271114645474 -0.162140782958507
0.111035436234418 -0.183954972354282 -0.00793680713606588 -0.142826004423502
0.213253576537548 -0.0722111124041655 0.0460794077882921 -0.0579887088734234
0.206038813671928 0.107837102585531 -0.019112811976827 -0.0320915627176284
0.196854107807499 0.253862854769934 -0.0539538655316922 -0.217369188440115
0.143894336514262 0.0769568281115016 -0.159723884195058 -0.505674934308382
0.12798183072354 0.0129209026330419 -0.255679200701532 -0.256057706989191
0.0913775581017874 -0.0404613596204653 -0.107281787119462 -0.0302957926495913
0.0381681145753852 -0.0649704023012834 -0.0251192887318696 -0.0577384321821807
0.00699439854978301 -0.0569551690806029 -0.0622762401753186 -0.153817522000026
-0.0211521210958324 -0.0617177735843724 -0.20278504167511 -0.163219800117124
-0.0601273049878498 -0.0674382971913708 -0.281306494629296 -0.0818956448647583
-0.0651193313023126 -0.0522846084667899 -0.289389168917768 -0.031265134221175
-0.0581054710463212 -0.0639958401986087 -0.27508118421305 -0.0592747197338609
-0.0229373097390886 -0.0808224260259978 -0.209372557668539 -0.130944762511024
0.0260389103209595 -0.0683974239901777 -0.088318679995148 -0.188241807935265
0.0589512272144693 -0.0437384146331406 0.0199397179624649 -0.133055975601111
0.0735824052275227 -0.00991106429624488 0.0470905800403556 -0.0450354182773714
0.0760526283966448 0.0405746586703734 -0.0634504462966324 -0.0379169377730201
0.10885701522001 0.102579243235125 -0.106970454558849 -0.269032697751664
0.00203278491043071 0.0931390083262991 0.166015387691044 0.258834153701175
0.052641234380774 0.0503371995000951 0.139055578535034 0.0504134189828892
0.077787010049874 -0.0305855682645047 -0.0563799749937053 0.0125472538552023
0.0219050355007424 -0.090630756101867 -0.0624850939519144 0.110086356961933
-0.0531853988567769 -0.0500902125220432 0.0514012947116316 0.191067534613003
-0.0611454008434843 -0.00347739768760107 0.200630865380389 0.171143250099072
-0.0680632484037293 0.0353778083609892 0.280757890538698 0.0805779497247976
-0.0691333152826918 0.0371214457042856 0.284356843630751 0.0352147195943846
-0.0738632434389966 0.0295359444052922 0.282495382702341 0.0681364067082882
-0.0692397422771103 -0.0130146611337913 0.204047223498606 0.139745929044552
-0.0507679805895642 -0.0646642191537481 0.0784648224902983 0.162882197816095
0.0333965438338273 -0.0941940985516483 0.0322593071722093 0.0714424910002976
0.0842707872516233 -0.0112043492710218 0.0984896714335914 0.0534183299040102
0.0262786369823323 0.056928527941132 0.22556292756332 0.21576382073139
-0.0255404952838904 0.0561652330959478 0.16840352301284 0.507356033337222
0.103737497657248 0.229811764295291 0.132054851004348 0.20673775955803
0.176464310373773 0.125240650437174 0.114033723063856 0.0412040258968725
0.218222909653708 -0.0548721288577153 -0.0676494026774916 0.0144058355402725
0.105237357640545 -0.207222772994219 -0.0823490186304304 0.102145145865392
-0.0707738606324785 -0.163739193511666 0.0328268230292979 0.182579935832701
-0.135490489356842 -0.0790438697550218 0.166407607433039 0.170378808905638
-0.185414960275853 -0.0025063877724366 0.243146368707464 0.0861099540410863
-0.19145632726075 0.0219942623616809 0.235843924706998 0.0411937202058331
-0.196199347262419 0.00247771258858582 0.233557498795679 0.0605953560673238
-0.158363175004378 -0.0923156251977148 0.157563535244503 0.121489081552718
-0.0886627844157126 -0.180734299636137 0.0514870346609067 0.128752614084184
0.101829070531673 -0.24064384761491 0.0226723847565707 0.0333220662127809
0.242480447128944 -0.074031774055643 0.107402345433495 0.0302079440188844
0.182771727677559 0.139093669546559 0.251386551816192 0.182002031440236
0.0902816984736121 0.232794528804104 0.202722357682929 0.439497020068913
0.191427309587785 0.344190781625296 0.0875683907444836 0.107178501303688
0.292919224205123 0.193727512201162 0.0679600864721587 0.00940577150463155
0.349551778815264 -0.0764396287269775 -0.0835168401681531 0.0193721988602758
0.184364062211555 -0.311809429174182 -0.0934387966542569 0.0930043461343118
-0.079234534018861 -0.267059796458592 0.0175410309929546 0.153101225850084
-0.19184922506118 -0.151402367151795 0.113204606665429 0.143860900288277
-0.276853634170908 -0.0446398666274647 0.169761715238051 0.076374431879917
-0.284889775138334 0.00327932138789331 0.151639951781638 0.0407160373467443
-0.287927705615062 -0.02149978535435 0.147332639757414 0.0468568267406761
-0.228109641586513 -0.150075470413404 0.0856748333787297 0.0871043589081134
-0.124656263370764 -0.268050482534505 0.0121918905051752 0.0756953837679145
0.139356071241325 -0.362982194275067 0.0080951438787173 -0.0137976852605264
0.362553140741451 -0.144808972511354 0.104310167803928 -0.00129391795927304
0.319025203207837 0.18407074558033 0.2433216252949 0.127188230978852
0.200068572275161 0.365307287875778 0.200708174098819 0.317882713208191
0.26004099318729 0.414115268623527 0.0340155971262077 -0.0308579507586394
0.387228076857906 0.235672466496651 -0.000337406207463403 -0.0444285757663037
0.447701427620899 -0.100353209501762 -0.102853639378872 0.0221584888253796
0.238463062183508 -0.390934064163377 -0.0934824404718233 0.0760137224231371
-0.0824752565368303 -0.340949861249803 0.0022715017265636 0.0992554506562015
-0.224243327076586 -0.203821526800431 0.0428158736897475 0.0906912281005634
-0.328531199618744 -0.080409000593161 0.070422117487116 0.0514301818571861
-0.335525173104926 -0.0162727235191262 0.045002329337052 0.0340778084042121
-0.334260690005307 -0.0403343329206469 0.039704999751103 0.0289912294372961
-0.261883678966702 -0.183157377628022 -0.00307546011943441 0.0440751169301381
-0.142979054427038 -0.311830213143228 -0.036697331644811 0.0110140350793736
0.150195299308642 -0.430471328604903 -0.0115333004413801 -0.0638033511272697
0.419874145400919 -0.197917633412004 0.0881253214962507 -0.0321749577957207
0.401712753363553 0.193379107396102 0.196681874971407 0.0663942439636211
0.277236529328064 0.43309812902161 0.159694892281697 0.166158348900943
0.297604666715324 0.421157794427815 -0.0270718095366046 -0.187993451165468
0.430806937091334 0.235255838992382 -0.0834119949784267 -0.112374036899117
0.47805009902272 -0.115066238758484 -0.119395596344639 0.0161082058931351
0.250174794168271 -0.412674328245349 -0.0835856908858001 0.0447140685049557
-0.0775143605825592 -0.358766524047358 -0.0163049285340209 0.0254191834865172
-0.222987467788143 -0.221929146047648 -0.0373694536437798 0.0193865644154887
-0.331289474693651 -0.103563881252257 -0.0421079841411344 0.0155014714486084
-0.33524038918034 -0.0335442259913841 -0.0686581048329508 0.0216380102555291
-0.328713073088349 -0.0550014155468917 -0.0723294253069719 0.0105598876957714
-0.251833590545305 -0.189302375658515 -0.0928465688338499 -0.00189443135594013
-0.130162034546249 -0.305679656196385 -0.0842188543917432 -0.0548977670715687
0.14446735251106 -0.416019716350718 -0.0281399581076705 -0.105955989411136
0.405192707439403 -0.203390733199732 0.0659044459389546 -0.0541170177976397
0.403870167739078 0.177957182669492 0.122644193525629 0.0154278359577662
0.30307522793883 0.431106671032874 0.0895744646493982 0.0106877214625061
0.290770967014457 0.35817737740136 -0.0863048210157886 -0.336138731810767
0.395332191709274 0.190458605965525 -0.162630341827812 -0.179422397900219
0.417216089784561 -0.109237992257994 -0.123233945180597 0.00151839237748067
0.212978577587658 -0.354516432760948 -0.065950961344782 0.00265955611834342
-0.0587554567434688 -0.306234622541842 -0.0371236554149991 -0.0533316986409583
-0.184530148735465 -0.19814676504317 -0.114556113988116 -0.056125161294139
-0.282983557228949 -0.106505799745202 -0.149522408156377 -0.0222724873896895
-0.28408835156244 -0.0453956509582587 -0.170918969653311 0.00548054939599708
-0.273280445564617 -0.065161853649758 -0.16975277066776 -0.00959630827402956
-0.197715192475799 -0.172729397734264 -0.164290431984134 -0.046999702271778
-0.0854197143080962 -0.253851846184734 -0.11386825205926 -0.113075173462719
0.130416336239062 -0.323422630251185 -0.0295151210581446 -0.133450449435561
0.328447517425954 -0.153604828178291 0.0499815873033814 -0.0622480289032552
0.328338025656009 0.14786235283704 0.0452833117497455 -0.0168017615429848
0.273291135778794 0.36363225373856 0.0111269870801729 -0.122178965015619
0.237380173251483 0.235041785297292 -0.135320314606432 -0.447425149978515
0.285524913736271 0.10999270134885 -0.222958974111618 -0.229309780100547
0.276330756502487 -0.0818140298834062 -0.117254627246222 -0.0167867829480732
0.134831123732594 -0.226635033828513 -0.0445852737629148 -0.0360007152469398
-0.0288323378639904 -0.196199287963816 -0.0547937769394022 -0.117026664313292
-0.112909690002868 -0.139981589562451 -0.173611122457619 -0.117844259195928
-0.188018630618394 -0.0923400895690061 -0.233709225702511 -0.0537804343172341
-0.190509930025662 -0.0509842735953696 -0.247346214543679 -0.0108014468977189
-0.178680764815196 -0.0691375867349279 -0.23943356585778 -0.0312671570575593
-0.116141499678749 -0.135207904142347 -0.204137666779734 -0.089357687845392
-0.0270070274955263 -0.170326781887459 -0.115231464747706 -0.157790167467611
0.104032027856589 -0.186858579199048 -0.0119590545776031 -0.141366811465331
0.209571407781083 -0.0784470013981039 0.045519144009669 -0.057288612338545
0.207405884516145 0.102782310668516 -0.0180367861753094 -0.0320866884366388
0.201767458772582 0.24654736908288 -0.0595108863292932 -0.217289807191093
0.144720424393657 0.074396214707238 -0.167640284911163 -0.50154358265422
0.129753358510056 0.0114437355445439 -0.259684372598835 -0.250076172585752
0.0920703488305454 -0.0421183683341491 -0.107626911179789 -0.0286211534391481
0.0367649888755549 -0.0673611706519004 -0.0263419516846043 -0.056393903515856
0.00675125777667886 -0.057026245854062 -0.0653885586942511 -0.150713318310339
-0.0221585894485944 -0.060924219926196 -0.205084825218735 -0.154032366542923
-0.0621623732810887 -0.0636992734230462 -0.282103638015508 -0.0742087604522106
-0.0667390401220978 -0.0488326726854596 -0.287474790905384 -0.0249932118737888
-0.0605952980569026 -0.0614721681080559 -0.272636383909879 -0.0520813695680597
-0.0257076151082261 -0.0789220915171181 -0.209896160283906 -0.123814117103496
0.0234201725679094 -0.0695324619878315 -0.0928972845213409 -0.183849641875119
0.0561604706631077 -0.0459186872268209 0.016480734708869 -0.13195395030245
0.0726810761381245 -0.0131556993831831 0.0455306113140964 -0.0456323500491548
0.0774116457832817 0.0381024251283135 -0.0628403614852664 -0.0364970235230754
0.110370900912176 0.0986092847792073 -0.1126576664598 -0.267147001300602
0.0192697287540296 0.0886210054870343 0.222317718643999 0.240107194231554
0.059539495802335 0.0371128460468722 0.152435700930712 0.0283523345499724
0.0666855627951375 -0.0445382780408049 -0.047927453099233 0.0286589312455997
0.001513198151374 -0.0899617222930865 -0.0342130232609767 0.12261663572954
-0.0592864872492076 -0.0375450375941557 0.0895603853788735 0.178180233084713
-0.0584467748793011 0.00604391230362315 0.233239990179258 0.128173542827206
-0.0552769753993436 0.0468527980417142 0.290951842589848 0.0219300593972246
-0.0583130404011258 0.0489394422078073 0.288843195631712 -0.0210455745251358
-0.0630786050167293 0.0423817652095394 0.299025367769237 0.0106657339866894
-0.0683443007740139 0.00166272005933898 0.239137842253457 0.0975518326686882
-0.0598677321035796 -0.0503542295146894 0.117125736291516 0.147632117437645
0.0145819966666442 -0.0960381827755374 0.0502874544145906 0.0676109623866101
0.0797777543251112 -0.0255662399966022 0.112044492550228 0.0380979044097767
0.036904720575366 0.0561368725888266 0.273860931661717 0.168245754375706
-0.0154683525766694 0.0685743148877573 0.272219797262267 0.481063641920248
0.14190716551972 0.200824855797087 0.174855949816047 0.204514618722014
0.194642159859742 0.0848711809885416 0.125818368324912 0.0310903921440437
0.196750668918236 -0.0980408154579532 -0.0505879528011346 0.041906669323515
0.0546087210960396 -0.220693785488244 -0.0440016940736129 0.122413428128827
-0.0994042105579469 -0.144346986854826 0.0741697505657169 0.16654023456644
-0.14629983889918 -0.0525922410615494 0.20054164631174 0.128664911568823
-0.176817719588582 0.0376817845029868 0.253696643370303 0.0253465724560906
-0.18116770689346 0.0579107080305213 0.242592982311048 -0.0068423716533071
-0.187454618813561 0.0404807516600928 0.249706241927449 0.0138304948604626
-0.171716658831872 -0.0581143529429687 0.191433161836082 0.0889287032419825
-0.119157047140801 -0.156137735785157 0.0841767290651561 0.119257296868567
0.0515810811139342 -0.252817775393297 0.0349370131961815 0.0344062267754836
0.220623839915337 -0.118116311370461 0.118302609230992 0.0200162048136822
0.209461915840174 0.105191620691663 0.28420672261306 0.128739189960259
0.136866931960529 0.218166704290895 0.280285962011456 0.401021492980129
0.248671044963591 0.293707512916784 0.106918292140283 0.119342990741459
0.322049104701978 0.127761809062299 0.073712088685674 0.0151511466545141
0.318001803278856 -0.145889930302303 -0.0579173666686967 0.057645783109699
0.106990294853079 -0.339849715673447 -0.046016298656453 0.118032825684488
-0.12964509885475 -0.243852013425999 0.0571722240696596 0.135141632579924
-0.216012883621714 -0.110694060641941 0.14379946772305 0.108046508943321
-0.274192867566033 0.0181073665298945 0.179187741946029 0.0215919055586918
-0.276754558729094 0.0580081585488461 0.158327285794682 0.00916745370018553
-0.282532400562504 0.0360457519077868 0.161463094381995 0.0179234618903374
-0.251494529368787 -0.102924616489504 0.113141317836073 0.0698481636879712
-0.170519351974502 -0.234228394794039 0.0338627038798941 0.0734779606017356
0.0639024886445109 -0.381735114359983 0.0116122718496195 -0.00780552216743089
0.322459148718806 -0.210807776643406 0.110810862067727 -0.00536533178645793
0.354747021408327 0.120193504069091 0.256458888661605 0.0766614146225969
0.274530405606653 0.326727043579954 0.244613112548778 0.273588678347775
0.327382807297782 0.347447792396787 0.0228732415882341 -0.00607260410578093
0.423178768773374 0.149630980793655 -0.00575377277566574 -0.0213477584416168
0.408760709738785 -0.191000516420601 -0.0711750009427058 0.0695460080775909
0.141341371177656 -0.429112352436191 -0.041751478754092 0.103171582813284
-0.149130311930278 -0.314681467612806 0.0348268561709016 0.0807699022443661
-0.258618245206201 -0.154792764285316 0.06446497830273 0.0659478326576674
-0.333461889584429 -0.00552184710256514 0.0765175693108037 0.0119874681706185
-0.329781317927559 0.0500288012968832 0.0507798966967402 0.0233454384151468
-0.332420072194969 0.0259646316844669 0.0502324983048709 0.0228837301165747
-0.292284388153302 -0.128673048111106 0.0146664055864968 0.044878649901034
-0.197518664350071 -0.274055798713734 -0.0296327708024663 0.0184677724766186
0.0609632964571041 -0.450311715941647 -0.0174837283258939 -0.0525077488584486
0.367971737845283 -0.275308872758364 0.0889322272836452 -0.0298124631653427
0.438753877862399 0.112234592532383 0.191069769534458 0.0266221033386447
0.365278593317244 0.37722047253201 0.166100778144009 0.125505185033235
0.364554595703695 0.347204727318734 -0.070695281234435 -0.154820922275095
0.465291751402217 0.142497417552689 -0.103732872848095 -0.0734255047630098
0.436206946476987 -0.211719936432583 -0.0863420768200635 0.0680287375227663
0.147542371490839 -0.453707521271184 -0.0357652052976143 0.0699290471357325
-0.148787643164559 -0.334423799467752 0.00236603371222808 0.00934349110447434
-0.262872486244768 -0.172149400627122 -0.0293104108792916 0.00980236119420222
-0.342218433805568 -0.0251049611965904 -0.0410050146137705 -0.00283033184670817
-0.333776670404813 0.0345249854833895 -0.0637863466542544 0.0333472095062721
-0.330282431484931 0.0111585753678311 -0.0665632789989398 0.0269929673672739
-0.284668642660265 -0.137376345485284 -0.0864416196184962 0.0177305654233265
-0.183991983144051 -0.271769121086982 -0.0930122647012415 -0.0381337368387879
0.0573080766572085 -0.435683698267955 -0.0440035739500167 -0.0929117777962622
0.352195994433939 -0.276733997608651 0.0622569459543466 -0.0485537397859435
0.437950669104019 0.094147953931804 0.105286696039926 -0.00859122920006745
0.391471189701598 0.366891941476533 0.0623112376301715 -0.0188706065976797
0.345364520797077 0.288358496244863 -0.160537823033121 -0.299833633742443
0.422377042747261 0.105477679527998 -0.198683536562256 -0.129686105266828
0.380304932280045 -0.193161046153276 -0.0978438750227632 0.0491650079630641
0.124966832692256 -0.389653090503456 -0.0311941163753654 0.0227777198378675
-0.120818765950568 -0.287604403251286 -0.0360238242492209 -0.0626565431762161
-0.221239837331365 -0.155879488347878 -0.121792460377054 -0.0478356347743675
-0.29696900068374 -0.0382834273913287 -0.153627780251351 -0.0166321185440035
-0.286735608755622 0.0126061865775433 -0.169302499018036 0.0377300358815549
-0.279417546629803 -0.00893602884413914 -0.169533564602527 0.0260404780051235
-0.228720554057753 -0.131497689800943 -0.170104069949196 -0.0132304746718812
-0.130985139442226 -0.230671721527959 -0.136583119471058 -0.0908999123230693
0.0624353686319903 -0.342382845168352 -0.0531157336983793 -0.121610315230833
0.287029818939829 -0.214678144197657 0.043037244539941 -0.0572113069117066
0.355899142457354 0.0783801084636422 0.0236092729065088 -0.0252334872754216
0.347884675926357 0.303358864180289 -0.0411344520113362 -0.13697497366073
0.272582051859005 0.17970859968669 -0.232359243462197 -0.413958768285864
0.299542027984222 0.0500383497640884 -0.270378366758207 -0.176096923613063
0.249957829437928 -0.13732205147432 -0.10440973671434 0.021143078019434
0.0782916749798221 -0.249499497466741 -0.0298283102956393 -0.0225727517524097
-0.0698079972913954 -0.186311104875573 -0.070648037188864 -0.11714114012624
-0.139778629813065 -0.112556631356902 -0.194112465049221 -0.0934813579965812
-0.203278814311629 -0.0446887721508868 -0.242321685404473 -0.0246678459122677
-0.195927902007487 -0.0107896019578113 -0.248807231280496 0.0365784941910363
-0.189322912203885 -0.0311947782231027 -0.245115484563374 0.0186801272579512
-0.141855217469746 -0.110752127965434 -0.221630449268614 -0.0470256918409777
-0.0594638566374276 -0.161452447237543 -0.149034911801426 -0.135088158005905
0.0638465849947594 -0.205019116197256 -0.0401400552224898 -0.135982353259106
0.186997595225469 -0.118918036000995 0.0365791305965474 -0.057890868018462
0.226866863684757 0.0576970612564642 -0.0370079654250655 -0.027503200945024
0.251540416498037 0.198451299558093 -0.124884275320114 -0.215828108210085
0.152587412770402 0.0429140736823003 -0.273320188092169 -0.475125723608047
0.128000608677654 -0.0132698876978091 -0.313149048266641 -0.200904380785349
0.0811606801097905 -0.0606264406762547 -0.108297138617872 -0.00342922501061464
0.0195249193803167 -0.0733829571190277 -0.0305303824298318 -0.0506646397678048
-0.00686636906367348 -0.0576585199978572 -0.092622792258323 -0.141275694920256
-0.0359197071798485 -0.0532830537775786 -0.234137574102339 -0.116963409893013
-0.0758871196224826 -0.045356508972132 -0.292608191240301 -0.0256967430398097
-0.0760169022733242 -0.0325641691986154 -0.290713161285096 0.0310526021196132
-0.0739049019172888 -0.0470220968403644 -0.284121348716244 0.00448747628817977
-0.0426572366386005 -0.0727852310229339 -0.237202430311461 -0.0811017693656373
0.00802810908790547 -0.0742005020480536 -0.133358570233317 -0.165398294951513
0.0456619045630189 -0.058020422379185 -0.0120864184856131 -0.135027605157178
0.0675560292202071 -0.0284810270482664 0.037284516231375 -0.0528230725319271
0.0847273003131339 0.0198190664275614 -0.0752649318796427 -0.0235325229966821
0.130492244888229 0.0701672418438748 -0.179450024437414 -0.252141718376078
0.0215752512848151 0.0897020380721897 0.23670034927021 0.246111344828153
0.0600392521448552 0.0383162709899703 0.158916061141296 0.027289769395863
0.0658886936339004 -0.0471229863234908 -0.0473975313302391 0.0325158605159685
-0.00139095634915775 -0.0934752885823102 -0.0323307698050793 0.127865651579634
-0.0627265568697228 -0.0368912603895018 0.0961534681097838 0.182088095527664
-0.061398122839494 0.00774515267445223 0.243172822429321 0.124891535097941
-0.05540572117825 0.0493523064218207 0.300392190117874 0.015143341073985
-0.0581316504907834 0.0518322046764937 0.298415549320275 -0.0280427821891512
-0.0634980678541975 0.0453610927228785 0.308333634600106 0.00325176210338855
-0.0703466096993891 0.00261716787312314 0.249651291872023 0.0946207434354075
-0.0633641508942778 -0.0504526953246861 0.12631369393383 0.150038218337195
0.0125141588590384 -0.0994795198804794 0.0542462321543931 0.0690702900273182
0.0821819347890236 -0.0279287752242105 0.116975104218258 0.0369802333374091
0.0392095560831255 0.0576276862300273 0.285831753740808 0.168968319886869
-0.0146579990849339 0.0700744724633123 0.293326664455601 0.494898381932554
0.151125615794172 0.202710546901304 0.187183880830767 0.210396265839528
0.200358526677775 0.0843944193165015 0.131588900575343 0.0301931319479489
0.198900043202519 -0.106063077114462 -0.0494962146338041 0.0465939963622034
0.049667630169328 -0.229918966809599 -0.042471572098146 0.12863668195596
-0.107477628934527 -0.147015839271208 0.0793967260728672 0.172314718889883
-0.153634836925284 -0.0502497239871549 0.210437055787582 0.127200907475973
-0.181781933894024 0.0435958890128248 0.261630397962658 0.0209986793585299
-0.184565433434461 0.0663269038008646 0.250762792304743 -0.0116511082876345
-0.192428337595392 0.0472114904972062 0.256369019219656 0.00821309300436038
-0.179734509136487 -0.0570778647978483 0.199909686008096 0.0876654191050691
-0.12762232693826 -0.158806433856904 0.091173014014506 0.1220232551425
0.045668524197982 -0.263825178592092 0.0375834914666447 0.0361288705135237
0.22655294991907 -0.127524828685276 0.124001008403134 0.0183614088919345
0.219137282543646 0.104965823044293 0.296208641653813 0.12712458276598
0.146733346543086 0.22113235577543 0.299774751546685 0.412127569997663
0.263255956881031 0.297879574825427 0.115128144193898 0.124999334222621
0.334205712915089 0.126244029951803 0.0771820954261597 0.0149600435610824
0.323385153580189 -0.15971774159696 -0.0568690028113502 0.0633689654646916
0.0993681033287417 -0.355856496982389 -0.0438731066398463 0.125820078424112
-0.141100518376142 -0.250200901312894 0.0621115158094961 0.140653405055126
-0.227637752569123 -0.108831444885619 0.15270902739527 0.108246838394185
-0.282506558450209 0.0272827525283179 0.183982172624586 0.0200192665345723
-0.282533155936764 0.0707305421508283 0.16419076481361 0.00676437171518199
-0.291600769196495 0.0454569424782815 0.165933648292126 0.015241413763496
-0.264191309156304 -0.100688465572796 0.118095886256288 0.0697074727339844
-0.183441567060962 -0.238553949144783 0.0379239356537143 0.0762406960865901
0.0544830642955891 -0.397326693488484 0.0125297901570679 -0.0063495208514856
0.329407889767998 -0.227491289838673 0.117026791984831 -0.00708001509688438
0.370508092837849 0.117740518331474 0.267365050775987 0.0741618316762971
0.291784218821016 0.329813888948991 0.258217983635804 0.279948620142277
0.346308942548891 0.352970061846626 0.0249451435183414 -0.00373418772116674
0.440144841702665 0.145982389066284 -0.00575129539484886 -0.0209126404045415
0.417462400085187 -0.209107106524772 -0.0712289076959735 0.0768406934120776
0.132547514155516 -0.4500936046091 -0.0396699109205418 0.110773812113165
-0.163560738577211 -0.324681955246352 0.0383256664733057 0.0857607471478531
-0.272845929035676 -0.153547233526254 0.0708775182587672 0.0672313614350969
-0.344144819556114 0.0050828203546372 0.0768734299198075 0.0126644052498208
-0.338628231059888 0.0639643212652337 0.0530794708851659 0.0236411292520229
-0.342879149918078 0.0377893506544902 0.0514360565823681 0.023327873380002
-0.307300195162031 -0.126573210941251 0.0158381894798831 0.0466898408335944
-0.212214019010318 -0.280681393300505 -0.0301579843880812 0.0214263247056813
0.0480747313099782 -0.469117547124329 -0.0193900305164663 -0.0519682336080631
0.375491025742911 -0.29501846902573 0.0937809956931824 -0.0327680232009639
0.456867025023014 0.106984934189915 0.199602070636316 0.0227518687460463
0.387792658668236 0.379168041950445 0.172855725047413 0.126798304199769
0.384148147860888 0.353108552230749 -0.0762815058871691 -0.157224611187946
0.486715062619003 0.136623957464893 -0.108423980453987 -0.0733270712158837
0.448200087729206 -0.233261559546511 -0.0879979597614037 0.0756333651789217
0.13836629923546 -0.476241719617335 -0.0342403837344373 0.076337665789477
-0.163636561477545 -0.345366397535143 0.00306170097179543 0.012543509415586
-0.277134396082795 -0.171089914325148 -0.0268642677549776 0.0114122760754737
-0.354347866681004 -0.0148675495003007 -0.045179455773525 0.000515207524342661
-0.343011909518638 0.0477641186534983 -0.0660072489859405 0.0365124353004524
-0.341960965542918 0.0223680403195569 -0.0686275805106085 0.0305902647589861
-0.298599014787104 -0.135253535247408 -0.0892429637300087 0.0211273478867577
-0.199051516254723 -0.27727287984412 -0.0973261039587877 -0.03530108674673
0.0454860439703574 -0.45374186537046 -0.0479869616924071 -0.0922431936786578
0.357980002193654 -0.297646173746478 0.0656026772104593 -0.0511912397198384
0.455557907300033 0.0876428670327884 0.11015786871589 -0.0120421628684117
0.413871913131737 0.36774043562937 0.0616477306337265 -0.0207072564348819
0.364540636672625 0.291727927994045 -0.172074359416773 -0.306234585011162
0.441592689881613 0.100569002001486 -0.208080664541737 -0.130228599356972
0.390607775048809 -0.213001626682196 -0.100548148851619 0.0555805233107677
0.117889128951151 -0.409656337429369 -0.0304148663553026 0.0263941906903795
-0.133544156506937 -0.297091488903863 -0.0381963616296524 -0.0621250033238512
-0.233460853076048 -0.156088128085824 -0.124021478544542 -0.0459382916597025
-0.307178391800111 -0.0291834863047337 -0.161148730941345 -0.0110656621188536
-0.29437522042979 0.0249253530951766 -0.174357196863215 0.0430364904940099
-0.289731583363246 7.76793776804084E-06 -0.174234258735389 0.0320861752245348
-0.240821793430262 -0.129903280768122 -0.176285072646067 -0.00910199365064381
-0.14369060990374 -0.236273559904977 -0.143820240251627 -0.0888059251172618
0.0527188055720032 -0.357018274755769 -0.0578842053585292 -0.122486561516171
0.290956783562472 -0.230793474512082 0.0451971622284665 -0.0600722749803093
0.371146382239659 0.0734482346832316 0.0254939589005768 -0.0274668572412257
0.367205418795383 0.302717491368351 -0.0488490917969022 -0.141895375380803
0.286255264549927 0.182007304973849 -0.248858418694994 -0.424573502954963
0.314501465437258 0.0459392860563587 -0.284573554690848 -0.177643960578687
0.257858329502107 -0.150759259463662 -0.108086426711918 0.0256095692707485
0.0737012402511843 -0.262225716318955 -0.0301703712765096 -0.0214274921630161
-0.0770064340362902 -0.1934366746036 -0.0744241674464677 -0.118473653846472
-0.147744858388555 -0.113273037126756 -0.200870077384568 -0.0902847057030081
-0.211039292306743 -0.0388690447341111 -0.253104051395772 -0.0172176191642317
-0.202787098937778 -0.00282823971735157 -0.256518758159367 0.0443831279386636
-0.19740656426437 -0.025514328904483 -0.251346849253178 0.025591246333201
-0.150796839267955 -0.110556858726577 -0.229875043043556 -0.0431710339903967
-0.0672400423034722 -0.165910999070327 -0.158127544594581 -0.134044004259482
0.0582986261382175 -0.214020161072931 -0.0449859844830986 -0.137432440109136
0.189253690071705 -0.128949001002208 0.0376798393677665 -0.0604576775519311
0.236171896994311 0.0548136258042893 -0.0374599861620851 -0.0288391241204005
0.264611898345092 0.1985307573654 -0.137270119751437 -0.222563150690652
0.159017301919549 0.0422276558177664 -0.292775046177656 -0.487007023792251
0.134950615699114 -0.0171845519242679 -0.329288645743507 -0.201374422756622
0.0850756464335048 -0.066272718261542 -0.113034783744075 -0.000758135065402649
0.0190954225197946 -0.0778106818512475 -0.0319867169184046 -0.0508710292447071
-0.00827239599206793 -0.0609574388551789 -0.0977597878850578 -0.14373511659123
-0.0382644191771079 -0.0549737666763596 -0.2437070137115 -0.114170139240496
-0.0794290890392109 -0.0431856788467569 -0.304034970836387 -0.0190057423260533
-0.0792832567328618 -0.0300761991332985 -0.300748828761189 0.0385819305990343
-0.078079191866353 -0.0456106041697491 -0.29247877407362 0.0109879594964148
-0.0465128864023129 -0.073716502960978 -0.246632650560708 -0.0776786503597525
0.004916446944706 -0.0774835444530132 -0.14267185796852 -0.16659241427036
0.0444065097334438 -0.0612821625154242 -0.0162350429369354 -0.138639107508084
0.0683669074086458 -0.0322261907050792 0.0375768359391088 -0.055376816907326
0.0884173079369812 0.0185924738855295 -0.0766727223559667 -0.02316477403745
0.137070550675969 0.0689772757464212 -0.193899851200222 -0.259226560949137
0.0260160456154272 0.0901225087709879 0.260081838694769 0.245871891843388
0.0615237806372445 0.0383627786362063 0.167199705149777 0.0194855073125897
0.0638832262326136 -0.0506594549377415 -0.045218278378755 0.0362239207626156
-0.00782445417840845 -0.0960272943246141 -0.0267399150772068 0.133918994556272
-0.0672765293681565 -0.0345423231046034 0.108998099451186 0.184043036627715
-0.0636447470496781 0.0117679630585651 0.25761656545293 0.115440087668139
-0.0547553972780185 0.0533286574334508 0.311002963123236 -0.00110242244613234
-0.0569364966071272 0.0567439217877937 0.308074079270197 -0.0446850122245361
-0.0629537796204483 0.0501712035437216 0.317741566162087 -0.0130033458370667
-0.0726426526235958 0.00634915114407367 0.262649259903195 0.0839045666953945
-0.0685962015941432 -0.0487000017245983 0.140543766973613 0.148201058475789
0.00817492874565389 -0.103437228754812 0.0608397800832728 0.0680364961215877
0.0840365558564577 -0.0325581826100999 0.124209756621708 0.0327424695308993
0.0437284400544613 0.0583070466607426 0.304246173701627 0.161171175295422
-0.0118633570744367 0.0716545252900765 0.331559477539251 0.498583591156677
0.165731948600175 0.201488591526859 0.206996991516009 0.212817211522495
0.209853615987728 0.0781369876418999 0.139316229488303 0.0248505982823362
0.197504393719486 -0.120463688284054 -0.0464346625441024 0.0523361955871052
0.0372266283935037 -0.241737426014709 -0.0354614910807053 0.136398953438758
-0.120170895874812 -0.14710524878361 0.0922137670762872 0.175242403877808
-0.162521515165721 -0.0429552048607471 0.225630621725548 0.119756849361488
-0.184919896411757 0.0546643602523864 0.270781900507422 0.00857034226298519
-0.185823973115193 0.0806700302249239 0.258979672193541 -0.0247130202883982
-0.196684039285498 0.060463510197461 0.264668825073115 -0.00474760665147382
-0.189934760434042 -0.0495833273636937 0.211177815352142 0.0800876090283734
-0.142258074120576 -0.157544644502988 0.102677257634993 0.121536775334914
0.0312849356621169 -0.276922687972359 0.0418865978563861 0.0359685010143978
0.22830625156519 -0.144871881952003 0.131456176721052 0.013158576212126
0.233181648298021 0.0978224958260347 0.313414714105168 0.117572686452091
0.164443908252494 0.219945181828237 0.333468930169167 0.412147252928005
0.287559978346993 0.294346825094011 0.127472803978925 0.12694560116826
0.351516936098963 0.113371412659072 0.0823027230097096 0.0126934024039439
0.32475967291472 -0.184636148506294 -0.0531637050568079 0.0714026081876439
0.080599251169624 -0.375230203291614 -0.0367751328544193 0.133830988513242
-0.161763434655786 -0.252600852038685 0.0730131017794784 0.144933827662281
-0.242667490051598 -0.0997282203037198 0.165928693246995 0.102215260591187
-0.290524350244284 0.0445783037763958 0.190538488162177 0.0131095527456412
-0.287351746753208 0.0918319279645286 0.17038461993444 -0.000928482207665154
-0.299480789059454 0.0657671318330681 0.17162843449422 0.0074859235207772
-0.281102699647282 -0.090860351764571 0.126025567953892 0.066292845519984
-0.204711505240203 -0.238185010512362 0.0439756754847801 0.077765030863737
0.0314575730473211 -0.416636411367986 0.0139933889003489 -0.0056806884011596
0.32851483417127 -0.255350206063894 0.122195314105188 -0.0137484956876442
0.391488649094581 0.102986346049928 0.28171068606435 0.0622798729307536
0.320488973824572 0.324111430610476 0.282329224013184 0.27754695193184
0.378847733015467 0.346870770452361 0.0266957115365578 -0.00128628038457093
0.464176599401184 0.128569753619545 -0.00615938212701605 -0.0199875232730407
0.420179963276609 -0.242702726505764 -0.0676869116583065 0.0863080401126082
0.109726358094882 -0.475899591553345 -0.0327966991693366 0.118868352051062
-0.189603302403241 -0.329903981257106 0.0456020870125095 0.0895313010345504
-0.29244637868904 -0.144125798332768 0.0794100364648427 0.0646611148616928
-0.355744943889053 0.0258404683066642 0.0788312354095741 0.011711289500962
-0.34488818335634 0.0893708996293947 0.0559447687255106 0.0228202575629374
-0.353443713653033 0.0609896646240699 0.0533034858654359 0.0222458260084974
-0.32757760854892 -0.114641371756771 0.0187816614976558 0.0484923309353363
-0.237531176096819 -0.279869528895338 -0.0295864855288747 0.0247739128998779
0.0212158499057211 -0.490334540452068 -0.0215973443621391 -0.0505566413186056
0.372831745230728 -0.329323822070536 0.0976344282023561 -0.0386945579173348
0.481222209914212 0.0867611539977203 0.208873229016164 0.012093533096603
0.422029833378194 0.369785843561115 0.184090139898027 0.122785132697035
0.417968041323025 0.34646859376214 -0.0862901262107457 -0.156118746398771
0.511996406330613 0.1152268126499 -0.116403005321102 -0.0692952172146932
0.45168775411139 -0.270142926469505 -0.0860774289039549 0.0859009372255938
0.114951735578056 -0.504525734694432 -0.0284133741974657 0.0833431611567066
-0.19107348495927 -0.351483760755208 0.00565530540013758 0.0153366080682649
-0.297702350887251 -0.162061390536677 -0.0238406584018257 0.0126837445224529
-0.366381704370799 0.00586168016918286 -0.0485588270155206 0.00630028951626719
-0.349574161509616 0.0734848052745237 -0.0664768867093622 0.042716606893809
-0.352582035040198 0.0454145065227759 -0.0696999093836521 0.0360741022213664
-0.318797136920248 -0.123953288334413 -0.0911446608907206 0.0275068980201686
-0.223492480530919 -0.277493345358269 -0.102760703840381 -0.0297098064959038
0.0180242061145588 -0.474150960259146 -0.0535420883255531 -0.0906617821254249
0.354569426937042 -0.330927781084755 0.0672333668763452 -0.0564577029741795
0.478417351033293 0.0673058060918832 0.11472654280916 -0.0200591825869561
0.448820933035267 0.356503753698709 0.0597578409513845 -0.0254212342818362
0.39376275830325 0.285666163701147 -0.194983934436662 -0.307752604165266
0.465263254429881 0.0808197189760337 -0.223150188609022 -0.122823130695233
0.394350193693878 -0.246242378520592 -0.101138312956862 0.0660779780761242
0.0966609332557145 -0.434668871422645 -0.0279778480384998 0.0318330883424444
-0.156047305745494 -0.304052094472424 -0.0411198577166417 -0.0605878608824119
-0.251103163543191 -0.148712332306682 -0.128358089653972 -0.0406181299203055
-0.319297306053403 -0.0111952452728129 -0.169353887233045 0.00112294486765455
-0.301543139913468 0.0455258356638967 -0.179192146151286 0.0552163093256258
-0.300459856460756 0.0196177797464319 -0.178435292095755 0.0430807359469756
-0.258329660873694 -0.1214860823723 -0.182426138853447 0.00102165520236506
-0.163194706997009 -0.237848676508223 -0.154317791055529 -0.0826287160912321
0.0311639470661065 -0.3740249238271 -0.0659267223467184 -0.120791717313173
0.287394667667808 -0.257856486999872 0.0454663986047778 -0.0648286793198537
0.389264622037574 0.055902530680041 0.0259810879768331 -0.0316900864688483
0.39683169746823 0.29149196792226 -0.0620503847841289 -0.145568045413704
0.306316456309633 0.174834935439294 -0.280155491133268 -0.426923098435507
0.330436472822488 0.0297537632004346 -0.305508918426661 -0.16773982153997
0.260536773877333 -0.174042123472693 -0.110784536586117 0.0341440152012799
0.0609414188769131 -0.278556296688137 -0.0306755751626869 -0.0189476239079435
-0.091338493916015 -0.198456912098262 -0.0821377175447619 -0.118483241019417
-0.15987666483416 -0.11009075958202 -0.211081218944203 -0.0826766894457429
-0.219500532167563 -0.0265928648710041 -0.264349891188113 -0.00160140592911427
-0.208758133904521 0.0114164920208378 -0.264415563514577 0.0600019444426428
-0.20588801178333 -0.013154854443447 -0.258859732393418 0.0399752247310934
-0.162882354640765 -0.105724344760717 -0.239861848159428 -0.031319770602317
-0.0798295929320577 -0.169220107533211 -0.171328369584751 -0.129105605395598
0.0464094389265155 -0.224620021421825 -0.0536761261130989 -0.138275084631716
0.187125174628025 -0.145908615737654 0.0371219097946778 -0.0650313341296255
0.248007184779679 0.0432702617340673 -0.0388748524444674 -0.0292555190306049
0.28544613259147 0.189847772426711 -0.157666470489634 -0.225134528283828
0.167378718120095 0.036464843096014 -0.329627616058187 -0.49354324648677
0.140697400865675 -0.0253167454841443 -0.352257124035805 -0.191268665618079
0.0867809274023159 -0.0765562033063912 -0.118114770054998 0.00615664335237649
0.0155257085691327 -0.0832135123647507 -0.0349400094351749 -0.050629470708282
-0.0114542990874813 -0.0642817766660714 -0.108417162123826 -0.144862171088597
-0.042451901026179 -0.0556967068415977 -0.257307267096475 -0.10487214712781
-0.0841595714816424 -0.0389211760250868 -0.316811968290185 -0.00130184047872303
-0.0834140055011763 -0.0251397947687683 -0.309740471302144 0.0562242596312185
-0.0843058037104304 -0.0413230459412575 -0.301230601676973 0.0271814754799903
-0.0529302632349032 -0.0730514859051478 -0.258958235057622 -0.0673865961564814
-6.88806444281969E-05 -0.0808225856573955 -0.15728645244322 -0.163760349834284
0.0411698251318249 -0.0659208461185466 -0.0244343139490434 -0.141168465981958
0.0681540383710653 -0.0383270823128094 0.0358703258118246 -0.0598397061426314
0.0935249986271111 0.0135353740607821 -0.078926315502868 -0.0216897092679364
0.14610510913309 0.0636238903043557 -0.218160123472376 -0.260664215302783
0.0318243846143758 0.0870143168035328 0.282604507421069 0.230897630203011
0.063183384223549 0.0359630879371091 0.171016194366685 0.00720488410805
0.0594549202903024 -0.0535352408800084 -0.0414600012747302 0.0398260467416444
-0.015595467008114 -0.0958183762554661 -0.0167635638839333 0.137213867732554
-0.0702352118916366 -0.0294216483983161 0.123628716566885 0.177782499444691
-0.0637147531193483 0.0170311357330873 0.267623040799823 0.0962081805469687
-0.0512664748781101 0.0573329531454793 0.312451452321622 -0.0253126603374916
-0.0522370236295674 0.0615268683310274 0.307209593884045 -0.0679446313518422
-0.0588244340185562 0.0554535967074973 0.31834559249144 -0.0376073522402086
-0.0726016814626382 0.0112251237168291 0.270714049102704 0.0643458395058807
-0.0728545859021588 -0.0433238370617067 0.154594050343582 0.137767991992827
0.00040902194651682 -0.104925041866936 0.0665336862707137 0.0640352425473137
0.0827698451753087 -0.0387615131263446 0.128505940802677 0.0244669770627181
0.0477999678609439 0.0554370965215189 0.317535288398732 0.142047314020192
-0.00787586780568732 0.0725887687862483 0.373693327510877 0.480729773703696
0.181657487426265 0.188932649448069 0.22716462592507 0.202407192930671
0.214872974653184 0.0656991833472969 0.14338206299383 0.0155546520746588
0.187629579900597 -0.135406491904991 -0.0404152262197815 0.056965290839555
0.0167947895872656 -0.245917639555199 -0.024729427582163 0.140428925727038
-0.133486627296827 -0.138769504893309 0.106793317871572 0.171133644645027
-0.167541965055091 -0.0302234206727836 0.236273463651901 0.101822348306625
-0.181267294541548 0.0700820693176687 0.27264968366236 -0.0116015726838268
-0.179151738242303 0.0967928633070186 0.259747702552123 -0.0435732870527028
-0.193259674559146 0.0764864442950834 0.265372524309054 -0.0240582414235596
-0.1962611982961 -0.0361825481685868 0.218374025149271 0.0651297144726073
-0.155831659225838 -0.147910882896358 0.113740305423662 0.114750149893753
0.00907465470551683 -0.281382071505677 0.0468043435794734 0.0331719320478937
0.219292967330784 -0.164116263154022 0.134654962435073 0.00371988004813489
0.242817589626484 0.0815648873565518 0.324736001411007 0.0958214409857894
0.181082747150476 0.207923115976899 0.368855686944115 0.393465704702087
0.310761516268278 0.273863419032854 0.14048487055928 0.123397884733751
0.360926594712885 0.090863869051228 0.0853440389640075 0.00751878438324218
0.310480445675437 -0.211151182964425 -0.0456086688267368 0.0775011542597116
0.0495712062045231 -0.384747116155584 -0.0246580426315707 0.138947414535808
-0.184082571342285 -0.242644476172399 0.0860506970611986 0.142169096897862
-0.252876077994201 -0.0814158256502523 0.176271853708551 0.0891741018159419
-0.288347327684988 0.0677071973132447 0.191913260599235 0.00103685014412862
-0.279374263387558 0.11757415374929 0.172292150288469 -0.0120950073710916
-0.295039104531245 0.090505745470506 0.172217236868707 -0.00448390518761531
-0.291186950542384 -0.069627013792582 0.131995026012363 0.0579988456649064
-0.226762436111971 -0.224734702441215 0.0517278781781947 0.0757497295980473
-0.00304443254028416 -0.422767119230763 0.0160819364585098 -0.00615074520569016
0.313218943474131 -0.283722972775273 0.124518071855813 -0.023185806739578
0.403221633245001 0.0757169890156823 0.289395669208396 0.0426558179051824
0.34673154508679 0.299779977605259 0.305118319484651 0.260606537978218
0.405994240596707 0.322087105197133 0.0299230748849058 0.000156207430815343
0.477007364777564 0.0964041105492777 -0.00656507830487442 -0.0187624878678615
0.402935882108394 -0.27793355709235 -0.0594341590480798 0.0942246519292179
0.0709244589033419 -0.489622599373704 -0.020983769481239 0.123885994644818
-0.219552618945985 -0.318489569388761 0.0553685837394868 0.0883833172471523
-0.307406663386415 -0.122313416923225 0.0874553584604641 0.0577167858540727
-0.355237439687712 0.0547734616478144 0.0795768388641907 0.00910562931577896
-0.33799412473191 0.1197288233263 0.0588095210896052 0.0203903660005203
-0.349629926673349 0.0911641201884702 0.0550500935803787 0.0189293688222835
-0.340743078409681 -0.0897974857373596 0.0227561650822606 0.0482110310667976
-0.264177093296543 -0.26489504814603 -0.0265651934684149 0.0288086561674374
-0.0209849144360012 -0.496523393915632 -0.0229752233413149 -0.048055165707423
0.349618324414176 -0.362981539551023 0.0977478364111576 -0.0466278478038913
0.493044002956528 0.0513060268724653 0.212888552319379 -0.00467546978840323
0.453494561334479 0.337093038488492 0.192499522909311 0.110916153394892
0.446765373208787 0.320300344859344 -0.0973887128736246 -0.148852814426287
0.52574495423971 0.0795594769777349 -0.121710692656376 -0.0593516738369721
0.433482844524495 -0.310902057673423 -0.0784830743597621 0.0957638492728053
0.073952406914771 -0.520756267539566 -0.0200183968255205 0.0872107327469
-0.222724821238219 -0.340950995355282 0.00942554847917849 0.0160205320471306
-0.314637138026583 -0.14091758327389 -0.0210857065999969 0.0134871307796281
-0.368107625193652 0.0367898176999666 -0.0493731321764856 0.0135859942633676
-0.344130414484782 0.104178378831715 -0.0636336509623269 0.049501405548399
-0.351018239764974 0.0755781099795918 -0.0680417912896803 0.0422808064943353
-0.332700435082541 -0.0997700789848756 -0.0896369916371967 0.0361463446715233
-0.248415936892981 -0.264268350569526 -0.105399999400345 -0.0203382725482571
-0.0218796679083028 -0.479463724270639 -0.0582662413654422 -0.0860945299043474
0.33005177001922 -0.36245703677428 0.0657224170021944 -0.0624692641813199
0.488297205268757 0.0325826601496624 0.114984727509565 -0.0299928389357647
0.479767215146465 0.322292869885554 0.0550825351156244 -0.0298652603486836
0.419051237975808 0.260402343943135 -0.219247799780772 -0.29423692323416
0.477069410430198 0.046880385397382 -0.233822000419103 -0.106412703433806
0.378497298773394 -0.282775928038343 -0.095560845354551 0.0763516048026226
0.0629144796503874 -0.448055501148955 -0.0235450274354275 0.0346691745607215
-0.183151545950392 -0.296548806210386 -0.0435429296152951 -0.057172458479637
-0.266623744052198 -0.131631205633908 -0.130236006721686 -0.0322297837879869
-0.321248258859327 0.0149498491139174 -0.171858456500718 0.017145594765965
-0.298391948963769 0.0719620223087288 -0.176198563278141 0.0705647769693437
-0.300690138166658 0.0446918181051583 -0.176171198821185 0.0572329386801048
-0.270901227073332 -0.102139972651015 -0.183792343798083 0.016003249193352
-0.184405835747141 -0.228698475647266 -0.162029594592131 -0.0692107087144318
9.57136476286459E-05 -0.379179839077451 -0.0733727055263234 -0.115269288462881
0.267812381056188 -0.283722967542424 0.0422753403872203 -0.0688702635476304
0.396664784707232 0.0282079689546364 0.0245875641879351 -0.0363606358574698
0.421872755466671 0.260486352087094 -0.0775573134634724 -0.142490952498298
0.322265657204916 0.156464601950269 -0.315062576539583 -0.411819633467977
0.337399779579245 0.00556897181211126 -0.320560900599868 -0.146020842552711
0.250961326523946 -0.199571928165455 -0.108949611977593 0.0440712109304304
0.0388119434723074 -0.288833758048782 -0.0301759755683313 -0.0164442462675899
-0.109086431144863 -0.194902955315649 -0.0902985671008597 -0.113387063381158
-0.170730423253645 -0.0993949418553051 -0.217092383167334 -0.0677239800825268
-0.222841785412281 -0.00832300036887966 -0.267935458706195 0.0213342062732354
-0.208025847762872 0.0294863247684137 -0.262468581704516 0.0806582250724671
-0.208187562384989 0.0042817259240558 -0.257759353389175 0.0589833672458601
-0.173355502803212 -0.0936045002287794 -0.243472283728254 -0.0134095590749323
-0.0946718760588243 -0.164695863028055 -0.182587227611609 -0.114476529438956
0.0266301819937616 -0.230706483920291 -0.0626442988132706 -0.133004302031661
0.175871962512942 -0.162958217447756 0.0329581934478311 -0.0686954526283158
0.253971476449034 0.0247029009471794 -0.040691061003906 -0.0291348437596611
0.302167407873079 0.166992270384216 -0.18041498107971 -0.216078159867262
0.171875727207854 0.0268747171860572 -0.369649015725131 -0.476328666440328
0.141757676643865 -0.0374513717092327 -0.370544707315506 -0.167312625504533
0.0827668146557956 -0.0869602165274349 -0.118569047916931 0.0157907340989091
0.00932152828739912 -0.0870467006056447 -0.038151047928088 -0.0485977155908674
-0.0169213928785846 -0.0654895557267894 -0.119483141734209 -0.138531225901776
-0.0473092528951475 -0.053907621395209 -0.266850559541727 -0.0856378456733898
-0.0871204149460169 -0.0323040716304818 -0.320256495013687 0.0240258890950699
-0.0854682573358861 -0.0177372471769443 -0.308508679333499 0.0799333456139327
-0.0882253092665592 -0.0335267978381103 -0.299990284485991 0.0485776151783562
-0.0598289063254378 -0.069334654770521 -0.26504895617572 -0.047844664119897
-0.00718567781128397 -0.0818741637700098 -0.171633331808374 -0.151200359914629
0.0346407408716179 -0.0698311977902351 -0.0349056091168673 -0.138811085663033
0.0644399714297496 -0.0454604402743262 0.0320348958932177 -0.0634700333879658
0.0962172192605182 0.00640075581039691 -0.0805867473207682 -0.0185090598944596
0.152494027388733 0.0520734748969563 -0.243775308632241 -0.247506036287998
0.0347815284790162 0.0810961107329859 0.29138797643833 0.208172411984509
0.061981409112422 0.0333489227493502 0.166672636702362 -0.00401737264606768
0.0539468605443829 -0.0529989873072314 -0.0365237772831341 0.041253120368454
-0.0219072285539241 -0.0910208430260335 -0.00692330038886341 0.134106520140108
-0.0698934809443386 -0.0236911814026334 0.131413673125974 0.165127428628734
-0.0606825350528647 0.021348169227693 0.265441882243119 0.075032282795875
-0.0457060184765566 0.0588939763016379 0.300837155007947 -0.0448584932729577
-0.045923729372484 0.0630701330728943 0.294821529934163 -0.0845363168314402
-0.0526238617163278 0.0572503406351105 0.30502839940172 -0.0569753564944911
-0.0697181121000835 0.015379060863637 0.266058487557466 0.045199556697365
-0.0734433429478102 -0.036923483980296 0.159630593081927 0.122372810993213
-0.00600626520412 -0.101691672006005 0.0683774357538617 0.0564563867285656
0.078614784155704 -0.0424455879730405 0.126565194026543 0.0149843382323347
0.0484907918778261 0.0514141168665542 0.317270569031314 0.11983242729056
-0.00446466575495025 0.0698787368616961 0.394574426963532 0.44508004255312
0.186640138714595 0.17047762139596 0.236125498472951 0.185602637471362
0.21170921393024 0.0528204332033654 0.140793526823445 0.00548895253447325
0.172363501878917 -0.141309328882816 -0.0340497958504483 0.0575452342139594
-0.00134123603787123 -0.238734465411048 -0.0135304961590713 0.137438620616741
-0.138500758288182 -0.126280239287621 0.115682129434126 0.159311005028068
-0.164269858558337 -0.0180799404869317 0.236195940242101 0.0820909150535077
-0.170852689920156 0.0804864333647004 0.263736455237134 -0.0278894683010024
-0.166045380932494 0.106089351044086 0.250193665591437 -0.0577582702393048
-0.180411616160795 0.0876728190354894 0.2546955545023 -0.0406297643358851
-0.193315288822278 -0.0219552634456235 0.215921762071947 0.049245635800435
-0.162068811921581 -0.13330660820123 0.119040124524861 0.103044581765797
-0.0108503700292816 -0.273868424553791 0.0483198983278748 0.028578317579392
0.202503940857105 -0.17378205247795 0.132275380881706 -0.00525579849542485
0.240595499211075 0.0648782116124235 0.322025776486243 0.073602120434933
0.186848970368448 0.187610169049355 0.381804693903737 0.360472819103312
0.319295152712498 0.245759420766274 0.147743653334107 0.115046922149438
0.354574469650193 0.0668238087844166 0.0842025693783709 0.00217247643326541
0.285293801886121 -0.225080919127856 -0.0366528675085023 0.0784887791650058
0.0204140927606152 -0.37668338565143 -0.0134621571264031 0.136206331453511
-0.195672053056588 -0.22390861068883 0.0946659398057087 0.132800422387486
-0.251109235388551 -0.0621636397004539 0.177721257375657 0.0738402332476368
-0.274130929068345 0.085329281036126 0.186061797898291 -0.00999415180932894
-0.261260955549389 0.134014634429807 0.16749377040333 -0.0217694472816255
-0.279353016829277 0.109098074719262 0.166230586201367 -0.0149541604444409
-0.288883209203792 -0.0480050339453187 0.132004197756363 0.0482438124781051
-0.236177512607652 -0.203206204803054 0.0562377654329346 0.0703171006112777
-0.0331870778707366 -0.409921376433109 0.0173102699482786 -0.00738663561973458
0.284195238028116 -0.297822044516459 0.121117375558805 -0.0303192014973674
0.395702351786953 0.0482013193068823 0.284124021857926 0.0229834272127269
0.354675737070235 0.266565695286709 0.311957681768004 0.234584350637141
0.414816830414628 0.286761582886665 0.0315120494070659 0.0019313107372243
0.469036879860189 0.0652256052651632 -0.00626741676755575 -0.0172273337368559
0.369082202626387 -0.298243237137227 -0.0482219853022569 0.0963303998194452
0.0324664750681786 -0.481321297904276 -0.0103296788708475 0.121505496114595
-0.235382269244524 -0.295165799096092 0.0615576049526383 0.0824264021025206
-0.307303784255741 -0.0980540065424133 0.0903389410965483 0.0486402980517502
-0.340207234081049 0.0778670259374402 0.0775316304702497 0.00684676160734015
-0.31721067330856 0.140780523843741 0.0594836960073957 0.0172199405249834
-0.332483448115936 0.113489760721083 0.0541610471649795 0.0156458160881426
-0.337825832301234 -0.0638050744676506 0.0253854845410354 0.0461134297546222
-0.27467350233792 -0.239319073056968 -0.0230530508392447 0.0306836234018524
-0.0559045589554115 -0.479603269906803 -0.0230211630296387 -0.0454210373598314
0.313068815902726 -0.375539264129032 0.0941094943973119 -0.0517413264474562
0.482594563254116 0.0193746007700038 0.206317749644612 -0.0187985939685733
0.461085288135164 0.294881561697223 0.192321651656668 0.0966735269431657
0.454981482018114 0.282258255902415 -0.101553375836879 -0.135308692957432
0.517298945431209 0.0451608199440869 -0.121067007886519 -0.0488755174513112
0.398328743372193 -0.332520028711044 -0.0671158335791765 0.0989997642250568
0.034624880934646 -0.511919884531614 -0.0114301971850574 0.0861767857535366
-0.241332496790173 -0.317935253114252 0.0125949738174654 0.0152285821854833
-0.315346397562069 -0.116179695743202 -0.0176696741537111 0.0130858944374145
-0.353409249749144 0.0612677732878571 -0.0474882610276472 0.0204449268309175
-0.324068874832747 0.126110927444402 -0.0577021939788737 0.0532765390963272
-0.334378610397966 0.0991268580243402 -0.0630238959311864 0.0457186286541008
-0.330647347778635 -0.0745812278739885 -0.0842902069121915 0.0414202869312569
-0.260980280736937 -0.239978751192819 -0.102307988443223 -0.011334831680684
-0.0569111773639888 -0.462826895277217 -0.0595422693991799 -0.0790170055277891
0.295590880998007 -0.375536945584687 0.0612587616638179 -0.0651302072481842
0.476108169398637 0.000463818666752869 0.109374506406428 -0.0383186815450601
0.483331703391726 0.277715377864827 0.0481904222252962 -0.0311931953900721
0.423525741482951 0.22736298118254 -0.230062496299459 -0.270697659841765
0.467140897685001 0.0154884731544197 -0.233928871885293 -0.0874162445984183
0.347680694524786 -0.303241512229663 -0.0863214514962482 0.0817000331070506
0.0286486306518593 -0.44241329560532 -0.0188062846233514 0.035442071896375
-0.199985612834753 -0.277061131361783 -0.0445175079766995 -0.0529529017584629
-0.268287670376492 -0.110531349002699 -0.126794940182534 -0.0234856715736252
-0.310122019655915 0.0370115843230628 -0.166027864101702 0.0313913529218943
-0.281605981129532 0.092345010529533 -0.166309560124745 0.0805165478597763
-0.287375697081756 0.0654987629991104 -0.1668888928237 0.0668572661470182
-0.271162469131627 -0.0804972649362442 -0.176276201672305 0.0281022912819253
-0.195531653966049 -0.209391526061656 -0.160327759025176 -0.0548343706261469
-0.0279304829025013 -0.366493952968578 -0.0761257906337115 -0.106545403932282
0.238883707311346 -0.294042231434688 0.0384002505850514 -0.0699197981025754
0.387084755888018 0.00166506159705819 0.0216389338773666 -0.038812727779729
0.423826666298249 0.222839973963701 -0.0880604151104991 -0.131845199894221
0.323629321699666 0.132801244928059 -0.331571028087539 -0.379328253463167
0.329625927274923 -0.0168685354086804 -0.31972618175153 -0.121142459982523
0.22983764760398 -0.213892101535586 -0.101703443273943 0.0504854105385636
0.0177493506573788 -0.285584402888756 -0.0293638381225468 -0.0139840790034498
-0.120417416093335 -0.183554536314529 -0.0943704535024503 -0.104545069605188
-0.173255580470057 -0.0862669839259789 -0.214858530303148 -0.0517738100076436
-0.215631482003206 0.00742485540549158 -0.25870109439038 0.0403285992727304
-0.197873326500891 0.0440683580704316 -0.249949734812892 0.0959683289939632
-0.20119421755137 0.0204850060970468 -0.244924064486262 0.0740270282271447
-0.175310542069568 -0.078948144422853 -0.236243541963432 0.00324850751986437
-0.104344027469453 -0.15434620193807 -0.183776808891882 -0.0974052919323725
0.00806364515852663 -0.224009772207644 -0.0676364296541442 -0.123729906514753
0.157779333165183 -0.170235110445104 0.0286361770882954 -0.0689143083604404
0.248417179163784 0.00780661671643032 -0.0408700319422846 -0.0279897041380316
0.302606691373469 0.140557234668647 -0.19269443712998 -0.197544807102442
0.169409935602979 0.017236364673678 -0.388206308663565 -0.440668864067687
0.13686021157108 -0.0459798633768624 -0.369767951448064 -0.139333701653004
0.0741842800534597 -0.0927115174216205 -0.113794370275699 0.0231748752432523
0.00315583642461968 -0.0873704575898791 -0.0391726282794019 -0.0451206705849354
-0.0215213385908315 -0.0640313205481443 -0.124998173697999 -0.127721541515408
-0.0505703911793614 -0.0495912362086618 -0.263752020821242 -0.0656957299884782
-0.0863624513484915 -0.0248756413788515 -0.30967939946842 0.0466703584474409
-0.0836034771048388 -0.0101237296215412 -0.295359639726853 0.0973136011073742
-0.0881385822322069 -0.0246635348076824 -0.287348554386868 0.066638590849036
-0.0631440101838054 -0.0621153393975853 -0.259672172880604 -0.0293863202329219
-0.0135628319225856 -0.0795502427072384 -0.175663031800913 -0.133717174123926
0.0276942206443632 -0.0696903706204418 -0.0415025043662249 -0.131008745174646
0.0575456029418443 -0.0492477086565387 0.0268495293265624 -0.0634220011226496
0.0943746411513367 -0.000728419273412132 -0.0792295411932371 -0.0147969699580548
0.151133025465703 0.0394421555854542 -0.255978824114725 -0.224532868789674
0.0478198656216702 0.069193086345262 0.314307173890093 0.15032849559718
0.062390797895093 0.0216443160984598 0.159817121996157 -0.0304921804975057
0.0428732866202862 -0.0531870324266143 -0.0224269761182594 0.0423022941916219
-0.0308733531536223 -0.0777827560277361 0.0179134641825872 0.122449380904997
-0.0638220930280303 -0.014045674194466 0.148150753927936 0.133101461459738
-0.0535912327128366 0.0249430965668353 0.262140003874525 0.0297025631352725
-0.0341794368362454 0.0582788196221275 0.280215725649678 -0.08729552907665
-0.0341412235248372 0.0628661486442146 0.268301885695641 -0.125316042679738
-0.0415235787512088 0.0581629917280571 0.282606282081079 -0.104568943719422
-0.0620181710184918 0.0228607119482539 0.26174498600071 -0.00397850758366904
-0.0708890075088293 -0.0252288888840698 0.172985057624599 0.0878333564100742
-0.0185178330381919 -0.0947857120863657 0.0740112066153769 0.0435097339305985
0.0700590325681143 -0.0488152497193735 0.124165325936483 -0.00645150288794586
0.0565498305840074 0.0453035395126769 0.316735479478236 0.059975342615034
0.0107614329514995 0.0709136135911101 0.436955212935327 0.360275062309592
0.1991871024863 0.134018712911184 0.265935569283502 0.143612781669218
0.203782517783542 0.0189169011457001 0.143182598371128 -0.0149078090352125
0.138982410719593 -0.150738425463662 -0.00675331779105421 0.0536689098383932
-0.0355228547761271 -0.217037089619599 0.0196017745861313 0.118161906837092
-0.142562634033103 -0.0989465278817644 0.129172101595487 0.122976689618256
-0.15620986268662 0.00224100384768128 0.231759618461456 0.0393807130341988
-0.147002237980514 0.0966152693283246 0.241035565443294 -0.0663553587294495
-0.14053621523302 0.119174703108393 0.229148462504229 -0.0936082902383496
-0.157637639529363 0.105827236013498 0.239278655140731 -0.0830273201648754
-0.185530264040908 0.00531871728491083 0.216897472907735 0.00594857533869414
-0.166294824770115 -0.10578592747151 0.132456778372358 0.0773458324812215
-0.0475351168028284 -0.257684964874973 0.0531140215432441 0.0234711733023994
0.169497106130012 -0.187117018648818 0.129547357564081 -0.0265391176721551
0.238653090774885 0.0306316390320222 0.310846922793993 0.018875328215059
0.206718532264036 0.157770312813031 0.412236703831032 0.284297563970483
0.329899781206622 0.188068693180851 0.176803098708582 0.0961657385510861
0.338286885542905 0.0132338340995667 0.0945160725287699 -0.00687234980946731
0.230581940410995 -0.244783627956076 0.00347696292078451 0.0699988887451758
-0.0373013932203329 -0.346902313144112 0.0266115532198023 0.108997403079164
-0.210716740557414 -0.181718335351817 0.102233453489221 0.0942012097939344
-0.24447097067449 -0.0268440556099576 0.171072564499763 0.0376674808853274
-0.243097144368088 0.117484465785554 0.165313363844738 -0.0384269344617234
-0.225768579629772 0.157902600158514 0.155032338017898 -0.0473374798758256
-0.247657719381622 0.140721774249194 0.15977452621963 -0.0461594073594443
-0.280235853549302 -0.00540393087625565 0.137834206976992 0.017589872527033
-0.245554266090199 -0.162774107200059 0.0677002757616793 0.0576074523276362
-0.0881267067479946 -0.383293763927468 0.0200369490712073 -0.00390571185961473
0.229942062538881 -0.313205134453294 0.117809802888981 -0.0486698364551468
0.38260848555544 -0.00731920470741235 0.2648891340296 -0.0204311952063004
0.374345597100606 0.209107444077944 0.32434423634268 0.17911086519728
0.422432872557517 0.215061933124932 0.0521409791998367 0.01289065758372
0.444978373319956 -0.00327253273583365 0.0100675058048237 -0.00913804674002689
0.298901146132999 -0.324780186577168 0.00258762647825942 0.0853674926771345
-0.0433481914453293 -0.447131953123959 0.0319559751599897 0.0887924273352377
-0.259389723277063 -0.241817189808138 0.060340554373789 0.0463203673903096
-0.302691949017785 -0.0526212354926638 0.0817675887482275 0.0261705616237329
-0.305081123172945 0.120954142362442 0.0597411144045423 -0.00730414568363959
-0.276787961448809 0.172717257686225 0.0571369218162607 0.00631050289962334
-0.296717364399989 0.153281104093803 0.0579085128825994 0.000788776380544926
-0.329986042712082 -0.013253215821791 0.0365142847526112 0.0325376700674189
-0.28776091083114 -0.19268042205643 -0.0135802415203019 0.033690500915419
-0.121100648973424 -0.447318238576685 -0.0226613944052245 -0.0315953565190559
0.246683889522012 -0.389866330065037 0.0904367546160477 -0.0647635714126722
0.458173002165609 -0.0480943353012156 0.184299207127568 -0.0449376435603888
0.475850017307263 0.221504484191577 0.189689270836084 0.0677084242814577
0.455769442628987 0.20595775953449 -0.0960071682491507 -0.0938279601007191
0.483604024997353 -0.0273765656475603 -0.10243518597158 -0.0198466085495246
0.319554490420833 -0.360642557539899 -0.0122534127086797 0.0895384539738421
-0.0474420256054886 -0.476498517021856 0.0264134011316228 0.0536837439268681
-0.269684791304074 -0.261344977963109 0.00239640181195289 -0.0109351358651509
-0.31319459964914 -0.0669856919640164 -0.0274268597629092 0.00883134375069528
-0.319818898386795 0.108983630222529 -0.058297848593969 0.0242713987696268
-0.285831145823998 0.161320856466981 -0.0493469502667839 0.0582091480411977
-0.300746351302753 0.141296655709877 -0.049085327837579 0.0485232792233918
-0.324849570920322 -0.0228686437196224 -0.0686077561049226 0.0467677506376692
-0.275542635967875 -0.194850553107433 -0.0964632740283068 0.00803346177270522
-0.11994703444152 -0.431604023074524 -0.0624920391042485 -0.0575676299734952
0.227366438722787 -0.387522310000025 0.0575350834465153 -0.0726782944634679
0.447697236568507 -0.0661398250129421 0.0901364848617026 -0.0470771988806667
0.493167456232512 0.201113852353054 0.0347928437346401 -0.0310435776627891
0.417535125623142 0.160363062249418 -0.242470410649857 -0.202114626521175
0.434462572217447 -0.046724790741363 -0.218411353726098 -0.0388565138242494
0.277166059562133 -0.327614700246988 -0.037879044933066 0.0772541906770253
-0.0426382668651153 -0.412230226191399 0.00770655001699957 0.0100652827199186
-0.227139899730463 -0.228945322471432 -0.0613392161348703 -0.063766783194195
-0.268706690373974 -0.0668826063565397 -0.136040564331301 -0.0086028057039449
-0.282869595538052 0.0811594007903632 -0.168964633731431 0.0521946170392611
-0.251871490021239 0.124641271239725 -0.148755880746459 0.101142721758145
-0.260882875131799 0.104031201410871 -0.145274054773772 0.085921102202478
-0.269525717176783 -0.0372940118388515 -0.159053420233956 0.0510766155538528
-0.211212656391993 -0.174716135827682 -0.158951995713521 -0.0231294708005501
-0.0796280375028808 -0.344201333031468 -0.0837242077953808 -0.0823855768655543
0.185647705543929 -0.304672123689032 0.032153254196438 -0.0735089331775101
0.363885894388545 -0.0536037799916759 0.00867483272864655 -0.0344281299330393
0.427524564245925 0.155083770197765 -0.108654922011746 -0.106702964198792
0.309813395281497 0.0841214231671491 -0.362590782676785 -0.29253759996737
0.30099596345052 -0.0567659789413443 -0.311876908550986 -0.058986344650141
0.181266117366868 -0.229357517932979 -0.0681908436719896 0.0543764745555005
-0.0291252330854514 -0.26676083570847 -0.0173690857229642 -0.0263765195981276
-0.141281683842089 -0.153572025392275 -0.11326069450463 -0.0981439424829737
-0.175809731071067 -0.0555524423312175 -0.220649852861314 -0.0206745860122938
-0.199885165558988 0.0407804987913456 -0.252982068533494 0.075485958421491
-0.179293504544314 0.0691873073165107 -0.225566449299032 0.128555793744204
-0.186099149660513 0.0503809246047048 -0.220563767477153 0.106117281330656
-0.178963818897561 -0.0479189853139252 -0.220947633502432 0.0391378510974464
-0.119004940580372 -0.132588364978841 -0.189118373832669 -0.0597496705366026
-0.024841689209774 -0.214165468692507 -0.0807636810750123 -0.102249469238379
0.124862927175405 -0.178302409594964 0.0204235172806614 -0.0704297263085042
0.233759645985579 -0.0288342876775076 -0.046996644220688 -0.0161779784604314
0.300388449403948 0.0926131240702989 -0.21581690903433 -0.154464180779754
0.149798133730653 -0.00449648312148965 -0.434858133895009 -0.347190234347076
0.117113894464121 -0.0567400698810465 -0.370795454677031 -0.0712547388465764
0.054600278575869 -0.0963455064780352 -0.0976025608983525 0.0353283701898177
-0.0129543958045697 -0.081573598613877 -0.0407448863520444 -0.0427771399646712
-0.0324025074463164 -0.0552641982111852 -0.141243358242346 -0.106195779900545
-0.0553243606833291 -0.0371425638144063 -0.265338432831846 -0.0236824967302495
-0.0839331786962958 -0.006971055827415 -0.294730290981485 0.0887700283091074
-0.0797203631165159 0.00369170222552405 -0.268143380286232 0.137658476992069
-0.0868808721556413 -0.00740384954254234 -0.263396346407687 0.108751025196344
-0.0702140293338954 -0.0480509339655326 -0.250049697752405 0.0144989602868296
-0.0252220653849042 -0.0730829933023915 -0.188559809599014 -0.0960321986627761
0.015230858440512 -0.070707177424217 -0.0594248717065395 -0.11502548826469
0.046673162519973 -0.0538072300370022 0.015424564513185 -0.065047291808299
0.088259852785861 -0.01568847859404 -0.0785233588388461 -0.000430910916274859
0.143910716038294 0.0157864834721283 -0.27764535552091 -0.171171469074636
0.043054438703596 0.066525355950569 0.305207764627105 0.150981839225778
0.0597744671274731 0.0235838294962381 0.154293504789838 -0.0277226734631212
0.0432355417667186 -0.0494153085560807 -0.021104469397715 0.0408051784000277
-0.028859779612794 -0.0747864412233312 0.0163417231283351 0.118324573673231
-0.0615032117073112 -0.0142478869325437 0.142420769537153 0.130372146087727
-0.0521921100058064 0.0236554899683018 0.252459625953861 0.0319287365195565
-0.0335083512308268 0.0556616301877892 0.272182991145435 -0.0818787062489142
-0.0337000148699001 0.0605052920570767 0.263467233649449 -0.11870514708861
-0.0405377249009239 0.055257044982119 0.274446282550672 -0.0980947384478243
-0.0603178336409105 0.0207675546967855 0.253182202229785 -0.000831456449310875
-0.067503652499887 -0.0244604703234656 0.166558138280299 0.085639836566962
-0.0164648570319271 -0.0921494589110752 0.0703561575951621 0.0431702113356324
0.0686460530713243 -0.0469515106315272 0.120707278289226 -0.00429247678895627
0.0534374605589592 0.0462143875220553 0.306684994241654 0.0628774176142639
0.00872380457736802 0.0690812432950205 0.420267915638057 0.355924891271702
0.189700859996583 0.131101319810436 0.259453688430681 0.144276486714326
0.196916874414307 0.0237525329617141 0.139006779482908 -0.0119307099475402
0.135849839405999 -0.143303406677492 -0.00603776518058298 0.0514840502106678
-0.0330055173585476 -0.210131305978822 0.0181634107750227 0.114244260643205
-0.137159558501802 -0.0976898103084766 0.124628808537132 0.120083700042152
-0.152113536860273 0.000575573072961499 0.223156071964262 0.0389183796931431
-0.14265266267404 0.0916887111524925 0.234288927083345 -0.060955842568286
-0.135927230007981 0.114364325759096 0.225201870831103 -0.0883059271585267
-0.152521172080254 0.100327352730198 0.231853148404012 -0.0769040438998351
-0.179515278120936 0.00320402715015096 0.209840689096459 0.00877338913409703
-0.159970344280296 -0.103641324903115 0.127905836323671 0.0755214070806129
-0.043918475816789 -0.249913125933816 0.0507376529853087 0.0221832103898565
0.166252634332011 -0.180389438514966 0.127233036374006 -0.0243249328216175
0.230518835410769 0.033592403578303 0.301395414725923 0.0230797691625261
0.196678251216092 0.155296276734602 0.396728115791557 0.282381085244616
0.31705082746944 0.184314210961644 0.174631514498057 0.0973870846113517
0.328241220411405 0.0191952613326384 0.0926882531235575 -0.00489044180077671
0.224534247662088 -0.233465696553833 0.00474713526993228 0.0677159296630519
-0.0354971381602456 -0.335868941669106 0.0252437823786323 0.105393591052416
-0.203103308524524 -0.178422111138725 0.0982127856308455 0.0917287923150822
-0.237568509450941 -0.0286666625112849 0.165264229348903 0.036892082197077
-0.235205297250309 0.111621662038445 0.160253220721139 -0.0340789355088888
-0.217937846231672 0.151633821264351 0.152298065788157 -0.043558256059928
-0.23923839635499 0.133921814481639 0.154485202221252 -0.0421521824780619
-0.272434634444671 -0.00779193709244325 0.133075132103897 0.0193688995877641
-0.237258352737137 -0.160023837940774 0.0662440613727006 0.0560580404979619
-0.0834369836555613 -0.371921531146972 0.019786707148727 -0.00458438227102774
0.224952099451146 -0.302245496677373 0.116363483354558 -0.0460778938800036
0.370306797649979 -0.00155645304668748 0.257056722756595 -0.0167934710165093
0.356613263656934 0.206052896074241 0.312159889324836 0.179434358728716
0.407099549945759 0.213405899408859 0.0539944694338751 0.0147038366586168
0.43125698415096 0.00315908577393905 0.0114106744285855 -0.00781329907135717
0.291236126690739 -0.311899344209362 0.00321657837421975 0.0829106010250242
-0.0402918376813404 -0.433620434857335 0.03002941490434 0.0856824590932285
-0.250595298106427 -0.237467991091149 0.0584833582277189 0.0449046625725395
-0.2935773067749 -0.0538548317965386 0.0790324002287394 0.0244613547706099
-0.295768024378878 0.114626200244274 0.0588664805951805 -0.00387509022690334
-0.267873043246622 0.165836336313811 0.0566361622861175 0.00699525689276177
-0.286684048441702 0.146524256086829 0.0556451125444486 0.00163676692179574
-0.320325207970911 -0.0157247326065381 0.0353711716455535 0.0329042866591791
-0.278736429814797 -0.18978489943378 -0.0123849163990732 0.0333383201021456
-0.114509229136004 -0.4338972465162 -0.020671001257279 -0.0323409608447713
0.241496491899316 -0.377318653749792 0.0904491998469559 -0.0624347373639936
0.44475139792969 -0.0400114827144345 0.17887909686833 -0.0415316330094486
0.455502739551502 0.218470385785806 0.181821155486789 0.0697318799103097
0.439489444268349 0.204705993689752 -0.0881816293699187 -0.0907952393237798
0.471582185061598 -0.0203862654626128 -0.0973366733122756 -0.0201987074259479
0.311129536988297 -0.347319348731207 -0.0113008392226251 0.086521747723248
-0.0455530537138375 -0.463228068860803 0.0252479345617807 0.0520266180227024
-0.261052752838285 -0.256551040054388 0.00310656868786039 -0.011151365529509
-0.303946097968372 -0.0683359934652784 -0.0262264834846792 0.00650416126199222
-0.309993023334443 0.103124460966399 -0.0559121455319949 0.025602109064961
-0.276072993443288 0.154720579924261 -0.0479517212813679 0.0564420925959856
-0.290472211540389 0.134521805971146 -0.0488306322570363 0.0467613763278837
-0.315601604903034 -0.0252003548573852 -0.0665717234741636 0.0449319745166623
-0.266626927535373 -0.191786714995161 -0.0921836446171616 0.00745281718368873
-0.113039068680855 -0.417826092004114 -0.058507625724966 -0.059001050371018
0.222620097493998 -0.372931907758348 0.058604604635715 -0.0709856315772614
0.435369944806672 -0.0584822657292297 0.0876144815420824 -0.0456250023226521
0.471681419202308 0.198143702263395 0.0316472271234538 -0.0280670693619389
0.404287075183746 0.161534657587412 -0.230454194406589 -0.198664349311307
0.423379524859724 -0.0398806728014511 -0.209302052703075 -0.040078047605671
0.270089466263453 -0.315555805881581 -0.0366347842847673 0.0743139528875926
-0.0411463811229432 -0.401908842884809 0.00727802368409035 0.00988704135391203
-0.220290475398518 -0.224889020980762 -0.0580096157683093 -0.0629390960895542
-0.261090458515954 -0.0681960864514487 -0.130639886269459 -0.0111692527953296
-0.274542521242971 0.076428136462858 -0.163154348127043 0.0519377961101567
-0.242811702905604 0.119439135915063 -0.145334485801281 0.0972715736642268
-0.251857840536941 0.0995792954283277 -0.142947354967108 0.0817123438253311
-0.261948470260044 -0.0378693104667715 -0.153776855399616 0.0482832190696699
-0.205049942252845 -0.171268199594169 -0.152675356194968 -0.0227981564560849
-0.0748767380638736 -0.332528318646569 -0.0786683835423659 -0.0823096602182434
0.180795861586403 -0.293113009164754 0.0339406952196364 -0.0716513973149473
0.353478194420072 -0.0470832422054828 0.00798077321798975 -0.0344596064168972
0.408222454837358 0.155811194422127 -0.105986752428444 -0.102958680979564
0.300780061758415 0.0863176539190816 -0.346829394328056 -0.28924096122219
0.294219343190713 -0.0509136949264201 -0.300894539439139 -0.0620516194772617
0.17602895259849 -0.221958276038861 -0.0662662301729602 0.0519359194138839
-0.0282393805879688 -0.259995148117791 -0.0168416087033306 -0.0259443532412563
-0.136816201001295 -0.150731481655317 -0.108711529972597 -0.0969978005210552
-0.171214482140412 -0.0563723707275964 -0.212432552797102 -0.0234552560778645
-0.193360917139994 0.0390445002703276 -0.245259020101678 0.072342843561916
-0.172900413357849 0.067021643837403 -0.220703977439179 0.122575573055809
-0.179546271401834 0.0485426418394374 -0.215219274781369 0.0999682807938568
-0.173280387348667 -0.047663528023372 -0.213880732539951 0.0356056873093154
-0.115784490466367 -0.129826898974018 -0.181095932598904 -0.059114651434341
-0.0227298882350689 -0.206175463235208 -0.0755011542833477 -0.101021852593617
0.12066377773333 -0.171597679269187 0.0215375845579643 -0.0684281257783149
0.226648843071993 -0.0255597998653994 -0.0461812844007224 -0.0179220369851482
0.287841974107307 0.0925105433777753 -0.209205259175523 -0.150936102808188
0.147329069987321 -0.0014125376209043 -0.417627826304558 -0.343254399055821
0.115071279216488 -0.054238879301853 -0.358459556454862 -0.0745716594655133
0.0528888395266732 -0.0946156030219651 -0.0950452630294689 0.0328816982602235
-0.0132572219692144 -0.081067834380265 -0.0392872295643337 -0.0421090853299039
-0.0319390131285033 -0.0545210990000616 -0.136016598950803 -0.105199417964432
-0.0540090616308423 -0.0369496842626063 -0.256155234606042 -0.0254780502881903
-0.0808645541861456 -0.00727716607630258 -0.28669309339303 0.0848979122501649
-0.0768069054175644 0.00400602694993755 -0.262804734105926 0.130752359753607
-0.0832773913209844 -0.00636503894302788 -0.256698303788392 0.101029645813365
-0.0686028203092469 -0.0461769915503248 -0.241751540488911 0.0107740178392761
-0.0252065693666197 -0.0709996836676005 -0.180365677497846 -0.0941555149117882
0.0145078989921029 -0.0678341955546279 -0.0550295796717878 -0.112392131847886
0.044221773039771 -0.0515562905768945 0.0163701836352444 -0.0626329999374738
0.0860163500317874 -0.0156714480647004 -0.0772592068755213 -0.00266897565643283
0.138472950882775 0.0163656154716901 -0.270312238728534 -0.169509537318686
0.0388456362344188 0.0678218775776205 0.305149242745584 0.162609642942285
0.0590939687713547 0.0273633776255516 0.15528300578682 -0.021972535160822
0.045785210433476 -0.046993761928144 -0.021618784966827 0.0400851171052382
-0.0260036665486232 -0.075254056379444 0.0134910672902514 0.118567738365944
-0.0612094265666411 -0.0165975729569035 0.139391840336921 0.135553858143204
-0.0535856888162638 0.0229638154135288 0.251909992547018 0.0391220343374185
-0.0352015258109439 0.0544479539313557 0.275442091248124 -0.0745309951807081
-0.0348907205667343 0.0596887333682633 0.269517307143801 -0.11266386618693
-0.042100177066975 0.0536788966589613 0.278824212805145 -0.089184570272834
-0.0614318475406732 0.0187487710428358 0.254400601163273 0.00757230189990063
-0.0664319131187012 -0.0260339521289257 0.164993097243608 0.0902228192527757
-0.0139221816391116 -0.0937554496787284 0.0687342090824995 0.0454199682651622
0.0709569834668618 -0.0450151194052552 0.121809806567618 -0.000659680394586831
0.0522088848392544 0.0491789188541151 0.306480761073922 0.0738543571321822
0.00556646907242147 0.0697098345378117 0.412148318301316 0.371296292690431
0.184592827909246 0.136516514385623 0.260195372071326 0.154018997116763
0.197225652321421 0.0315906529894918 0.140176109703233 -0.00693850823212103
0.139859695488451 -0.138110784974262 -0.00641742845110965 0.0510971189208975
-0.0273431932397858 -0.21085020795689 0.0149024122625729 0.114357795026691
-0.135691041264695 -0.102371456141964 0.120883491711075 0.123985261218696
-0.153579381610597 -0.00375484820093411 0.222243318859683 0.0453627457017565
-0.145475324725432 0.0880935111865347 0.236596889496487 -0.0534153854667278
-0.138763943717937 0.111411214637342 0.230504902866837 -0.0823814249707505
-0.155680157135633 0.0962884270763951 0.234814166442539 -0.0695287542682474
-0.181362332418442 -0.00229091661948108 0.210422205696346 0.0157520336048675
-0.157374354521862 -0.108306981032223 0.126032108232831 0.0789851861383879
-0.0376702768329533 -0.252290667055819 0.0501684267965058 0.0230131740296758
0.172298582354776 -0.177012693063812 0.129515753076848 -0.0208414830113473
0.230688924917076 0.0437045909299923 0.302923042845599 0.0324555036240055
0.190932489903434 0.161816498682538 0.390393782794108 0.296995678064126
0.310641846635484 0.19325595526769 0.176788592770501 0.10523663761809
0.329535433332066 0.0310917205289561 0.0946916899342578 -0.00107583130761877
0.23085275632393 -0.226684391623189 0.00397670960219901 0.06739587972817
-0.0269217085726115 -0.338491222794919 0.0219266588030618 0.106109401450154
-0.20001221241825 -0.18509729924858 0.0962606662351752 0.094540466832679
-0.239248014102877 -0.0354156780181168 0.163999817407695 0.0405563237452551
-0.238754727925245 0.105909441532535 0.16267082007297 -0.0280106202532639
-0.221489828693731 0.147708936948424 0.155856484782915 -0.0397069731404238
-0.243142418412576 0.12788566961435 0.156446620290868 -0.0365732442808739
-0.274332452286388 -0.015467380331492 0.133775775592239 0.0247687013488506
-0.234445096661053 -0.167076192450452 0.0653452125633128 0.0579595280606958
-0.073932964848431 -0.3764408369913 0.020031286740142 -0.00584913025458159
0.234912140830694 -0.297847633637847 0.12024794793501 -0.0433685447409923
0.372863879717747 0.012624053945886 0.259354694148642 -0.00911231010796473
0.3500941652639 0.218063217328824 0.308376202248401 0.191388927172867
0.400925618903106 0.225358449641576 0.0581585297804709 0.0178192332645859
0.434467967617463 0.0175823901746742 0.0134907638025679 -0.00725424813056194
0.299339360443219 -0.303883287759167 0.0021498964524861 0.082832758211246
-0.0303360091873127 -0.436725160926096 0.0275916571038835 0.0874171301545442
-0.247313424440653 -0.245882905513894 0.0579074941875145 0.0468637726006206
-0.295186667636316 -0.0628506686771159 0.078243307409754 0.0254844309435526
-0.29965436029411 0.10727117803809 0.0601319959090444 0.000254219121548902
-0.27151610496478 0.160742394232418 0.0575283235793644 0.00924652716733143
-0.290906257737412 0.139636366481448 0.0547463788792759 0.00416059827527827
-0.322480978883428 -0.0245903500102716 0.0349210505195154 0.035209489756707
-0.275818751789086 -0.197727663614481 -0.012540123322489 0.0323155873927083
-0.10271230062682 -0.438475360253557 -0.0201962311556652 -0.0359944496312272
0.252899911828826 -0.372240828737298 0.0949802707867797 -0.0609845637048052
0.447919874647472 -0.024015481856722 0.181402447573743 -0.037545360949627
0.446988280607752 0.234502408332113 0.180022511095023 0.0773611694260654
0.436152713651996 0.218221821706203 -0.082908881539755 -0.0932131436707703
0.476304287283708 -0.00525091319624853 -0.0958539323087443 -0.0234197720531122
0.320468241020261 -0.340280953133108 -0.0130040938777647 0.0868566060395327
-0.0347950624120461 -0.468366431066892 0.0236071334552343 0.053619956133363
-0.25670909280909 -0.265496136142179 0.00345865096883548 -0.0113266431850849
-0.305937051596922 -0.0780189918679599 -0.0263098465782668 0.0045282980259679
-0.313988754004969 0.0953891962256208 -0.0557526917786595 0.0270369600625331
-0.27993050709865 0.149133408785507 -0.0495833790196691 0.0562770525550899
-0.293863942901214 0.127904088554858 -0.0512020524667984 0.0457547101118741
-0.317265025952049 -0.0339806865023327 -0.0675781788009767 0.0441072817660049
-0.264581219866794 -0.199576490704488 -0.0913705804890794 0.00511625131995493
-0.101932153567361 -0.422547119423829 -0.0572278618173067 -0.0637962157109059
0.23224088790848 -0.369555662919071 0.0631457408850473 -0.0697778928825739
0.438904918305657 -0.0435972395112507 0.0899788546446294 -0.0443750976354593
0.465284216316473 0.213420865617101 0.0312207018861975 -0.0250215792893101
0.401898412187138 0.173495227193863 -0.224090220173442 -0.206635116010686
0.429835185197032 -0.0259257528953988 -0.208649335428747 -0.0481496468366724
0.279471429030643 -0.310479317906516 -0.0383168594088192 0.073514275408904
-0.0324195632629481 -0.40589982998022 0.00685047236495276 0.0107873983490279
-0.216384646212174 -0.233964856490752 -0.0561836802584677 -0.0651093737484195
-0.26210306980731 -0.0769459319633936 -0.131341192119013 -0.0163502635804136
-0.277166697662626 0.0703106653527242 -0.164595321301644 0.0505514669047104
-0.245637464952664 0.114576736286495 -0.149095812615174 0.094373156023583
-0.254122139316996 0.0942736082192586 -0.146686164199255 0.0772890033125552
-0.262109411670218 -0.044670769408957 -0.155469189361437 0.0439415262329279
-0.202768676676159 -0.177609953717116 -0.151131200895212 -0.027456089516909
-0.0658810644840511 -0.335273301330244 -0.0761355918263965 -0.0870563739432958
0.187916522780349 -0.28909123377372 0.0385593922768155 -0.071892521857185
0.355885563448232 -0.036316082876753 0.00882594233381216 -0.0352864365544398
0.40297233001928 0.168592158231005 -0.105601421609928 -0.10560673981866
0.301981096345781 0.0966574150372059 -0.339064986981771 -0.301885061880683
0.299356230284953 -0.0422572975988592 -0.300616420237867 -0.0728781250561948
0.181897444483878 -0.219613501940746 -0.068409663436539 0.0502288119973866
-0.0245283313839694 -0.264268627211697 -0.0162665503208023 -0.0259704687237874
-0.134607122242392 -0.156317784819181 -0.106563760347686 -0.100810058133135
-0.171890249547277 -0.0624310365124991 -0.212548285315385 -0.0301335306305656
-0.194772410593989 0.0346449523556787 -0.247078641784981 0.0684441643757755
-0.174781965399937 0.0632350806514128 -0.22660060926407 0.118671777727283
-0.180241758391106 0.0450435213541993 -0.219994977506684 0.0936862724627073
-0.173270946767483 -0.0520950599292581 -0.215186903381487 0.0297621636110326
-0.114677220943181 -0.13332432628925 -0.178839651936851 -0.0640503256083024
-0.0176449028327069 -0.207212331226049 -0.0722389217250667 -0.105225140657068
0.12424364786631 -0.169052345629425 0.0249092379150808 -0.0689545056313449
0.228149067793955 -0.019017157516471 -0.0462493678554839 -0.0204136212255055
0.284064437393052 0.101270245853317 -0.208461283506652 -0.157475150358226
0.149803516101487 0.00422910130772516 -0.409337748023839 -0.359527646275014
0.119217331665759 -0.0512429163607615 -0.358602702772335 -0.0883736879759897
0.0544121286287693 -0.0950721742614737 -0.0972491683322059 0.030087217822154
-0.0130646502141345 -0.0822215212214095 -0.0380894726326001 -0.0434597117318678
-0.0307324061574675 -0.0562248172932988 -0.134462065388361 -0.109919137582915
-0.0535988743845316 -0.0394177838164012 -0.256598618364703 -0.0336893332228551
-0.0805507098335088 -0.00848914677059979 -0.290510385150248 0.0782973687647224
-0.0770772443177484 0.0026915791173825 -0.269372680685974 0.125298311528585
-0.0826116555567471 -0.00751865049538344 -0.260912929522127 0.0927695069349005
-0.0673442047455792 -0.0476002085925594 -0.243399066516823 0.00291094790669218
-0.0249005609560726 -0.0720698127754842 -0.176877656194844 -0.0987670256291604
0.0154620202517275 -0.0672481405137296 -0.0505934482076869 -0.114955620444753
0.0446287641785011 -0.050622858893284 0.0185192132969803 -0.0625557227378591
0.0866970218398321 -0.0143406592525406 -0.0777376600940107 -0.00585484984338683
0.137643442934627 0.0207307484902859 -0.2691306034894 -0.177744402043149
0.0368559992064338 0.0711536540698558 0.319096125491811 0.177334016579027
0.0607184992771368 0.03173681160854 0.163467687295923 -0.0183366504220907
0.0496615777376763 -0.0470894209400534 -0.0226587086206512 0.0404810971131803
-0.0252377677992359 -0.0784343351057036 0.0117819100909212 0.122767675097493
-0.063945444908681 -0.0183141274208665 0.143059029015254 0.143893762037957
-0.0567074951466877 0.0231604570352613 0.261454468545885 0.0462709738256911
-0.0381396432693676 0.0556346198657035 0.288338169661302 -0.0730891502414867
-0.037277836798585 0.0612646426819402 0.28532546626036 -0.113850289753628
-0.0452146659556788 0.0545744272441066 0.293735152425495 -0.0870880013110898
-0.064598075031532 0.017362979996017 0.265773128750654 0.0133528247706169
-0.0677706196871291 -0.0281439063069481 0.169480137381804 0.0973086420204277
-0.0129469367513072 -0.0982875289591234 0.0704854573723124 0.048968534408466
0.0756174180625812 -0.0461174868063139 0.12697337218175 0.00193651911421732
0.0541974599795297 0.0540619031344802 0.318998022626616 0.085044832183565
0.00394273140052951 0.0733453830990795 0.424239644866282 0.39709916155514
0.187351789769834 0.145424570025732 0.273267556603328 0.167741110073814
0.20496951296693 0.0392418704785091 0.147962526958394 -0.00298697443846227
0.148713684265449 -0.140944492887616 -0.00660440030416901 0.052267654653958
-0.0247997245945569 -0.220402197062068 0.0138516670978776 0.119681975805356
-0.140763132342696 -0.110565314536462 0.124269651486663 0.132108110243673
-0.161330840881132 -0.00675883955165741 0.230458032039877 0.0518538670706537
-0.153732044563623 0.088790738505006 0.248766231916449 -0.0506050342116812
-0.14553005608803 0.11423997671167 0.244524725234676 -0.0828541113696806
-0.16418710385367 0.0967660865508738 0.247162849592607 -0.0668720747568884
-0.190006971341164 -0.00665337856094525 0.220110993820877 0.021699606635007
-0.162333099917578 -0.116544806602075 0.130161138156765 0.0850021315701647
-0.0343304733377939 -0.265281022252179 0.051155222180349 0.0242168171307672
0.183089179130134 -0.18181989144698 0.137180262430912 -0.0194936812183701
0.241105708925887 0.0526165637199267 0.316452693573194 0.0404366750421054
0.195438601534149 0.173146310096932 0.402896490194113 0.32076568169606
0.319010300165242 0.207400101394027 0.187187235389929 0.114164598495248
0.344734889869034 0.0410109131873098 0.100381143929308 0.00161510422386824
0.243670045434988 -0.231869800383527 0.00384354383880884 0.070157499493803
-0.0236053377074107 -0.35479900479766 0.0213851035356798 0.111661329218321
-0.206942557326119 -0.197845803638895 0.0986637092038755 0.101353766904107
-0.25086508204566 -0.0415175867942655 0.170017736808354 0.045060166712953
-0.250593600262652 0.105568780078307 0.170771920881329 -0.0239199382180949
-0.232761257462601 0.150636471254764 0.165592948716346 -0.0387693751423735
-0.255560473142467 0.128425224746181 0.163453830900623 -0.0343278030544288
-0.287559756841125 -0.021777708699999 0.139784048527439 0.0295257774386388
-0.242064893548347 -0.17876309041615 0.0670230541217134 0.0616773474607738
-0.0696422957469027 -0.395590378573475 0.0197395682568398 -0.00734825819756558
0.250664493408855 -0.307802695333598 0.129184414675241 -0.0434621450344422
0.390577109032306 0.0232730012776833 0.271858705560266 -0.00514348184282007
0.358767017623307 0.236107137083916 0.318790198575656 0.207737379100158
0.413744869198553 0.242879747258025 0.0645165500497519 0.0203473814527285
0.454577236126973 0.0287873703967309 0.0154362015864401 -0.0068844263043374
0.315171434051042 -0.311981927555621 0.00212397049037908 0.0868877734104318
-0.0265181824066289 -0.457705528298023 0.0274854460632644 0.0927275744865215
-0.255634732544198 -0.262939518048189 0.0592965175698212 0.0505480866283224
-0.309437312747003 -0.0710326326026924 0.0810869386155862 0.0271171481032495
-0.314170502164343 0.106683256208827 0.0638688461691346 0.0038313619714573
-0.285318713191748 0.163958102463351 0.0612091720276549 0.0110230795439052
-0.305085205990262 0.140677204225526 0.0562667299156484 0.0064927941637395
-0.338053438014537 -0.03227378310154 0.0368738480852131 0.0388552733686792
-0.285613837118048 -0.211637702617049 -0.0131212146595408 0.0343000185630108
-0.100083449682519 -0.460481571225599 -0.0209512944846406 -0.0396514045037719
0.269160642212101 -0.384561706912001 0.103668653639679 -0.0630489259233989
0.469950902861925 -0.0145824328359122 0.190287180825342 -0.0359441073137519
0.460446647805143 0.252996544951794 0.186169869140542 0.0866698661128012
0.452182430133273 0.23692813759073 -0.0815796565972771 -0.0993475929977875
0.500204347775869 0.0044828665355797 -0.0988984707823735 -0.027196018328265
0.340091351969341 -0.351065914576316 -0.0144419498343903 0.0909080735595949
-0.0307629965168364 -0.491189850863362 0.0232482002276455 0.0582430943379098
-0.265932060306006 -0.284380239274545 0.0037030490927722 -0.0108177844665662
-0.320389268168932 -0.087887059116945 -0.028074457291909 0.00265223127369626
-0.328898450509746 0.0944512110241214 -0.0577541158422211 0.0301894568670796
-0.29343615809346 0.152083021090278 -0.0524804666706598 0.0591257721453084
-0.307587246906542 0.128282099455927 -0.0557972046679117 0.0477591007278385
-0.331591610239932 -0.0411396787251644 -0.0707962808964011 0.0460657810351305
-0.274043245195992 -0.213073814469249 -0.0949574280103259 0.00370338667162973
-0.0996648364835735 -0.443997725510927 -0.0591180518152911 -0.0693275648073318
0.247925809316321 -0.381725698045053 0.0701365092232478 -0.0732990153431168
0.460017082275694 -0.0340263959900204 0.0947795819152817 -0.0460399739084799
0.479586664166938 0.232851874731281 0.031638229967413 -0.0241248325052627
0.418046838495462 0.191056327201699 -0.227880146094793 -0.221485330314132
0.452129918582409 -0.0177821235290957 -0.216604893625402 -0.055569864663361
0.295963888029696 -0.319838098310801 -0.0410346683912617 0.0766673981819049
-0.0296069119207869 -0.426862543437383 0.00739134723600041 0.0130971370370015
-0.224560178836612 -0.24931524857717 -0.0579839605438393 -0.0688097169686463
-0.2753926355052 -0.0858725523661109 -0.136464305347584 -0.0212441611083351
-0.289821987108693 0.0697003614747759 -0.172005406561026 0.0520436325129487
-0.257509734662872 0.117088975252759 -0.157928475027586 0.0972519008154756
-0.266212746500442 0.0936105228963468 -0.156592266298516 0.0788094780501304
-0.273727201043351 -0.0514694006851364 -0.162557568922121 0.0438535504948172
-0.209675619559433 -0.18901157691251 -0.156537695598402 -0.031600368072126
-0.0639783184180201 -0.351862884977771 -0.0782460296572883 -0.0944811854106953
0.200451580988033 -0.298363953975341 0.0434120892462854 -0.0754312822444789
0.372092353880234 -0.0290639723547993 0.0102657931478783 -0.0385384837889116
0.415560953651615 0.184451306515489 -0.110949472506277 -0.111186690008341
0.314884975924414 0.107988420106719 -0.348923797886523 -0.324481412210132
0.316695040922857 -0.0377992913767257 -0.31323574673796 -0.0843456014812666
0.193249280367213 -0.227529498556249 -0.0720907771878684 0.0517263397088057
-0.0227428400651962 -0.27818286446306 -0.0164577588385712 -0.0261231797686126
-0.139289230903473 -0.167502617919016 -0.109801002042003 -0.107406760147552
-0.180519289407969 -0.069257053611595 -0.221756668770765 -0.0371166261723641
-0.203624389955867 0.0326072258314837 -0.259360546763296 0.068860428325905
-0.182882134984748 0.0641724038872935 -0.240463087652413 0.121141791120133
-0.18820697510321 0.0445395192740443 -0.233161439424097 0.0934980546652768
-0.180798837140292 -0.0566333452430781 -0.224945196824672 0.0271743015039105
-0.118637455306092 -0.140867840738391 -0.184187879290232 -0.0703061060664851
-0.0154888802923307 -0.216781606942514 -0.0733693482729974 -0.112264577014314
0.131090417058271 -0.174144502972536 0.0287299149023936 -0.0722920609845501
0.238201729490381 -0.0151304644848329 -0.0474738655691352 -0.0237553655001755
0.29313935756855 0.112526376004708 -0.217685127166855 -0.168150276284397
0.158392087526764 0.00729307916209541 -0.421957493929809 -0.386652417670879
0.126752381170215 -0.0511173688261102 -0.374256713273507 -0.101934083701254
0.0579734400937898 -0.0996576375083571 -0.102485186961233 0.0294508015156405
-0.01365995668977 -0.0872512106468231 -0.0386377849772487 -0.0452162187838037
-0.0314837842220545 -0.0601998385743603 -0.138182797268442 -0.118092582519248
-0.056321196160095 -0.0426805839342896 -0.266799821703366 -0.0413575133594205
-0.0837270765718961 -0.00933138112275095 -0.303549030512721 0.0771023253224799
-0.0800643198779308 0.00268781735317515 -0.285965907959105 0.127383039725277
-0.08526242568735 -0.00772788877352278 -0.276037600758607 0.0914234617569017
-0.0694029964707282 -0.0498886216571722 -0.253783152022868 -0.00207367677255262
-0.0261775995258687 -0.0745469718024901 -0.181302496422028 -0.106755229133498
0.0170593498283654 -0.0695697329717992 -0.0504806955956162 -0.121348581862053
0.0460457198373151 -0.0521132802770109 0.0209808840048499 -0.0655189132272616
0.0903442465831207 -0.0141997218017236 -0.0806555621326373 -0.00879048584381903
0.143034433244657 0.0246073963851565 -0.280375039848144 -0.190909629108877
0.0381298656692664 0.0753367995485285 0.348282179761362 0.184740520250773
0.0656714507689593 0.0346327069988541 0.17518154594417 -0.0208171708174673
0.0530347237976311 -0.0502982127501693 -0.022855484441668 0.0428430101214666
-0.0276952523189355 -0.0831407692353562 0.0143442903330384 0.130119922474468
-0.0687064610062314 -0.0184370277802844 0.154908126627832 0.151663521108213
-0.0602250909671283 0.0266300054221338 0.28028945609114 0.0452111773282823
-0.0402118057953582 0.0599049303722513 0.306089268272635 -0.0822489850105249
-0.0378975330219204 0.0662083834444524 0.305268000492482 -0.12846920377579
-0.0479714299946917 0.0579334433622031 0.313367729537709 -0.0984295344005757
-0.0690192109075883 0.0192215995003633 0.284711640447907 0.00994963990315259
-0.0717317125389177 -0.0296023920408472 0.182620831502638 0.10088738944408
-0.0159517418106329 -0.105265088135415 0.0757501543967385 0.0512685330852484
0.0803979580656867 -0.0513655547431138 0.136199535924452 0.000459328850099712
0.0598943202153284 0.0582108413455517 0.343063983923957 0.0867513686738491
0.00466384657473468 0.0781186504495411 0.462873144097027 0.418253345089625
0.200490837436091 0.152697944411995 0.299042769651294 0.176209406938981
0.220294722352393 0.0396120932753964 0.159529608802431 -0.00464259817747787
0.155834578979782 -0.151745239241444 -0.00503390500058698 0.055707261332624
-0.0314628333137912 -0.235332997489961 0.0164331253523312 0.126626218697522
-0.153306045739055 -0.115250237969532 0.134770876055466 0.139924506899568
-0.173170094878352 -0.00322152433003804 0.246480058472678 0.0512214813831216
-0.162126324562844 0.0975018011630399 0.265125795128443 -0.0572530241542281
-0.152361766340089 0.125068966720533 0.261239629853687 -0.0933866447632115
-0.173362473026573 0.105993438877285 0.263232015062843 -0.0747820112746573
-0.204339234800518 -0.00432508742146813 0.236879662479234 0.0205540950430049
-0.175242465117395 -0.121562995349517 0.140435789846065 0.088769834917288
-0.0421662846177643 -0.282992074704125 0.0540579967465609 0.0243421424383286
0.1924197145616 -0.198606920938894 0.147757534040833 -0.0230700120925449
0.260924785051565 0.0541299828711529 0.338309027336068 0.0378922879069915
0.210654327608311 0.182298852510305 0.43687650174044 0.336563567716769
0.342358094978675 0.216005979397232 0.206593420082947 0.119323308924138
0.369941169180568 0.0384161259125046 0.108597857093931 0.000873959022593091
0.254596383224993 -0.251455284288781 0.00700100344373206 0.0745556448409172
-0.0335096151049256 -0.378058522718839 0.0251459140774967 0.119250871809672
-0.22680073369135 -0.208233670989593 0.107266721126775 0.107179864433983
-0.270453880179075 -0.0389994918204617 0.182212602414506 0.0448723891388164
-0.266114176332027 0.117744399825712 0.183482214896173 -0.0270549472920036
-0.243985908035115 0.166166010293172 0.177723327549129 -0.0447287103597817
-0.270045438859387 0.142364966887719 0.173806081842872 -0.038435261921723
-0.309004537773211 -0.018495563271687 0.151400030590839 0.02980438057676
-0.262469239856073 -0.186703020133836 0.0731950775065871 0.0653931419926495
-0.0835430978957261 -0.422373640391954 0.0195746179917076 -0.00875824899179207
0.260300458150869 -0.333574471355468 0.139342553216052 -0.0503978978206906
0.41934206005572 0.0209519515730718 0.29045355088593 -0.010270381106164
0.387306158809535 0.245610280553109 0.344192190841384 0.217560643479497
0.444415148301943 0.251194789991649 0.0732246938259472 0.0207396774242371
0.488492824476496 0.0233987954174253 0.0174913024296654 -0.00732102626439909
0.328567394403623 -0.338614638492325 0.00542269980623332 0.0925553778860926
-0.0404508700837541 -0.488785718881004 0.0314226700050467 0.0997702204284993
-0.280654334847097 -0.276937356030395 0.0644817629999506 0.0545431112202095
-0.334466135182952 -0.0692185547463144 0.0864027223730564 0.0268068810116595
-0.333188109861084 0.120336596909801 0.069907413445908 0.00548901415160132
-0.298815394897975 0.182776830281105 0.0666960684699432 0.0107971811575974
-0.322947820146858 0.156271936363725 0.059870685911753 0.00770652394292063
-0.36321699511538 -0.0279832358127161 0.0412560957635136 0.0414233634727582
-0.310058783129499 -0.220498134894458 -0.0133863554999141 0.0374294125025701
-0.116365139693394 -0.491967384664703 -0.0248156615884773 -0.0438629996682529
0.279936366181386 -0.416638580523631 0.112517517619753 -0.0712643640201973
0.503058582897693 -0.0202789134895535 0.202979018991304 -0.0432789486155138
0.495412076326469 0.263964577233544 0.199281179620798 0.0908492956259453
0.485638427903948 0.245588121307503 -0.0867085669645555 -0.104638540513907
0.536642412049913 -0.00132198893795103 -0.105830823095459 -0.0278119218651538
0.35479402586116 -0.380558542816635 -0.0122629863256436 0.0976281961672927
-0.0472824902663648 -0.525801449209146 0.0272896509321549 0.0632625423835617
-0.292837084760234 -0.300122781044601 0.00398721142649645 -0.0106868144178411
-0.347313254028692 -0.0870233953454738 -0.0301651454722395 0.0023968970890745
-0.349174562595603 0.107572680615232 -0.0594562081831138 0.035917758970258
-0.308854971723858 0.169423546181973 -0.0544615666758525 0.0649309090851294
-0.325345004655881 0.14321604374876 -0.0603244992404559 0.0532807853600621
-0.356421984930057 -0.0373451259307049 -0.0738282231071343 0.0511736531477054
-0.297551773088806 -0.221945666244623 -0.100906057377998 0.00604566289174452
-0.115910525920891 -0.472624758967922 -0.0663832634291867 -0.0753028888657124
0.256846981951892 -0.412888797390147 0.0768262694893033 -0.0819435355227517
0.493334518648995 -0.0427480614001927 0.0996509138290978 -0.0526004987968611
0.514728347287916 0.241711653330552 0.031599417420397 -0.0249818467256368
0.450610987606387 0.196368084693882 -0.246901602592189 -0.234052826962012
0.486451386924952 -0.0271650274376705 -0.233751938394871 -0.0562071607101949
0.30946262417993 -0.348698163306316 -0.0418093733549295 0.0839425017762145
-0.0444359897374997 -0.457181497051871 0.00923433559992685 0.01596696355078
-0.247341718260955 -0.263655740353162 -0.0628948059817881 -0.0717557757448049
-0.298760044008971 -0.0864902788913639 -0.147033989194391 -0.0211349534609017
-0.30773380642699 0.0791338725679295 -0.181411620806243 0.0614218017664807
-0.271329594103711 0.132355646139835 -0.166881044720751 0.108514313936095
-0.280831551923329 0.106229310808136 -0.167957585625583 0.0876830454747779
-0.294486935833981 -0.0499752120090949 -0.172646626699182 0.049723724686986
-0.228756297110399 -0.197214579700218 -0.166550953591288 -0.0307391220820207
-0.0752318614126622 -0.375660436877337 -0.0869262232308767 -0.101293461436238
0.206264905207786 -0.322589367196106 0.0474493715916914 -0.0842092604635757
0.397599307660354 -0.0350803903331206 0.0102209665286204 -0.0435010183949839
0.445893478758785 0.190865123580198 -0.12299078291421 -0.116096852206929
0.33932353163754 0.110164748848298 -0.378372981167949 -0.34267092397027
0.340535423709229 -0.0459437560414775 -0.338622547355887 -0.0869033596492369
0.201801993743708 -0.247899735068067 -0.0759808039450303 0.0572174129795398
-0.0334405251606763 -0.297916884808751 -0.0163601491488466 -0.025778103918555
-0.154056362963823 -0.177570326723623 -0.118548776168858 -0.112498644175759
-0.196462789752518 -0.070465139412799 -0.23832485796751 -0.0371508966372794
-0.216156733306575 0.0393585329147571 -0.274945498779313 0.079606515167807
-0.19334176099912 0.0744639211333903 -0.255704791890399 0.135053108865383
-0.198991559517142 0.0519655871476106 -0.2492887239562 0.104386008076251
-0.193697073989541 -0.0566297207609217 -0.239787931877082 0.0318579900305885
-0.130118519240554 -0.147355800809241 -0.196954213228253 -0.0719414812118373
-0.0214436096238961 -0.231484783600837 -0.0810253000405744 -0.120496026724883
0.134957092631101 -0.187223750511445 0.031309776591873 -0.0795154676862545
0.253832094439973 -0.0196912356789984 -0.0512580382691328 -0.0258663902764194
0.314819154284691 0.115008660935637 -0.238947833767294 -0.175108586100134
0.171401985921563 0.00580640237882577 -0.459891760273106 -0.408108800765511
0.13679488987838 -0.057553699757633 -0.40437549078295 -0.103497248902835
0.0591215171234713 -0.108576090302648 -0.108371977081098 0.0342326771531086
-0.018457496215687 -0.0933221649747994 -0.0412089824183064 -0.0473386798668807
-0.0359014318669103 -0.0646471129307386 -0.149611313972768 -0.123463095177055
-0.06231803677143 -0.0451200720756852 -0.286832050033598 -0.0404973990408784
-0.0891234673423273 -0.00848978785732252 -0.323514431269589 0.0892920076943909
-0.0850718410118048 0.0055678798743407 -0.304391041742097 0.143884153577585
-0.0901848652576582 -0.00532569775466877 -0.294463402708075 0.101886282067914
-0.0756708564201144 -0.0513165099925177 -0.271438534289077 0.0016855997784397
-0.0306709589837084 -0.0783043642311978 -0.194417622400498 -0.111390177498883
0.0155917109833364 -0.0739947222146037 -0.0557434203856999 -0.129438386123458
0.046639849057048 -0.056459587226535 0.0215063649778283 -0.0709141186692953
0.0951104004114807 -0.0172511132677843 -0.08615608477721 -0.00898794762583765
0.153020152733648 0.0240356110365822 -0.30664280221577 -0.198785541665497
0.0310817782799239 0.08187914067975 0.332569542137397 0.254174109207365
0.0606712367214474 0.045861137401267 0.189706295215366 0.00930614263338835
0.0645598164801873 -0.0398596548173215 -0.0271634407649473 0.0376668413179298
-0.0108252452335988 -0.0881619967692151 -0.00668929233258927 0.131986144039756
-0.0636417896709344 -0.0333648640579908 0.134698410483047 0.183763575548529
-0.064889486221703 0.015202643278321 0.285914287319438 0.093899051705118
-0.0512362589798646 0.0534911629347916 0.335237141254399 -0.0367429321081774
-0.0512399265543241 0.0583306772757651 0.34478591092251 -0.0853723323657376
-0.0608876916206546 0.0512809161574681 0.348761297497757 -0.0551953151480641
-0.0746472262501744 0.00621724098842565 0.299600223086257 0.0552028068883613
-0.0669225933950081 -0.0451062268684186 0.177138704805736 0.135437345165263
0.00284246940623979 -0.112936310825448 0.0728605251969067 0.0724043625716239
0.0968464596966575 -0.0357123679604451 0.140437424755339 0.0239936150227938
0.0560707698076916 0.0779428895313929 0.33820194812559 0.146054165326581
-0.00560894496658456 0.088365103885653 0.409082998483436 0.52236717609802
0.182621549894873 0.190893972409631 0.289576819463038 0.240197210349897
0.218965993116464 0.0782362026164093 0.175715553479055 0.024219486777213
0.187533020953659 -0.12519022284217 -0.00405819047072368 0.0485826903061045
0.00906054866018064 -0.244052645751772 -5.82304917746164E-05 0.119556401798629
-0.13420106665467 -0.148418664556149 0.109711786233338 0.163778301651203
-0.178061295678023 -0.0366856860199491 0.246158179443724 0.0934514680723243
-0.183523543679829 0.0717152739917906 0.284001154856105 -0.0177436023181666
-0.181401041823979 0.0978398690514511 0.29274288151786 -0.0561227058233357
-0.200611186605473 0.0778084916086055 0.293236094586006 -0.0403883600191079
-0.212677908873406 -0.0430163312784585 0.251295703172981 0.0559654734085687
-0.157337602770729 -0.163881110274183 0.139311468961133 0.120769204320984
0.00582786606504333 -0.30665371682986 0.0597218384756942 0.0497933078749703
0.245521985578138 -0.167417882962499 0.153571391559837 0.0024791100152122
0.269028021804897 0.113081878355318 0.333005315856984 0.0934865451882309
0.194631884689533 0.242835173710531 0.392393089808327 0.420497983470676
0.314614912801225 0.283101965481924 0.208429438382036 0.170231837688563
0.371587521327264 0.104376499263614 0.126315453193176 0.0206466630840062
0.304964259515649 -0.209330917357209 0.012016920056661 0.0634728389052392
0.0282386046752787 -0.390307343611529 0.0142742356533022 0.105186118598522
-0.195474538020794 -0.256261093298567 0.0808925386382735 0.121210655793059
-0.273864404782166 -0.0908481179814472 0.177015503179017 0.0743566323018559
-0.294028026209586 0.0756890881230842 0.189806258621699 8.95962457895799E-05
-0.285450569673548 0.124041143757973 0.195316791906727 -0.0179846536667138
-0.307553026750952 0.098122499872125 0.192562491130273 -0.0167612175052714
-0.320354472958397 -0.0769690725773039 0.161992588412044 0.0514932490400463
-0.236652305925935 -0.251321246332289 0.0754692415019616 0.087995364502103
-0.0134836752477805 -0.460387665739502 0.0340729199125579 0.0150624201730663
0.344769766245011 -0.295287076837814 0.147586285197808 -0.0244642592333743
0.442908732342629 0.109013349319141 0.283957186644215 0.0345055970916982
0.370677513416058 0.347872358219623 0.307922216537431 0.271662954425888
0.409951222867329 0.338565827284136 0.0902319408434631 0.0484581159697721
0.496525150739412 0.110251729548073 0.0353656231204216 -0.00286264610446436
0.398198334963661 -0.284637849462818 0.0123226569012496 0.0770443991424655
0.0373070341376393 -0.505461481001549 0.0274332424771969 0.0795065665913123
-0.239641110959258 -0.336402555724215 0.0410868826313698 0.0559476686196339
-0.337384304995939 -0.133105728173133 0.0779586995236298 0.0387217126086523
-0.364594546884822 0.0672379261222093 0.0628693887764542 0.0148225324381685
-0.345714955685214 0.131116142741316 0.0688295053419646 0.023043131810112
-0.364811866158887 0.102913683900704 0.0643114367248919 0.0131214476925588
-0.376785862967153 -0.0963983614040353 0.0453197291420378 0.0454987330974883
-0.280510167684872 -0.296601456836031 -0.00888958436775886 0.0468193383199636
-0.0367674249088913 -0.540254406872126 -0.00378462244767979 -0.0253001916016607
0.380408010612494 -0.379691929306467 0.12248412330861 -0.0489936298650263
0.537725527000914 0.0810056236600862 0.194052904303695 -0.0131553163825878
0.48154323855322 0.386222286433488 0.171498861987774 0.108324548777526
0.448796032710194 0.343089293509852 -0.0527029426163494 -0.10886636236379
0.551532505796073 0.0940772863777373 -0.0899042666932636 -0.0451098638630815
0.431577623847367 -0.323552871280676 -0.00545641154839299 0.0777220683063461
0.0361466985033005 -0.543921470789401 0.0295096084162128 0.0377286985068472
-0.250682889039466 -0.361712026862691 -0.0128575855005387 -0.0238822160231572
-0.34961547531579 -0.153321609335836 -0.0414536334016664 -0.00685689384117799
-0.379406676069703 0.0521127438792771 -0.0788457238312176 0.0253512770371976
-0.354323644620627 0.117101686760942 -0.0683107631632129 0.060849788533733
-0.364616742979038 0.0893296621321321 -0.070316764486651 0.0426391088542028
-0.368154413456759 -0.105834451784997 -0.0783200191508651 0.0376303455726504
-0.268915166128088 -0.295571624877931 -0.0959779187901088 0.000134284416588286
-0.0402922583014624 -0.521827583244699 -0.0418450821393079 -0.065524945825886
0.354995792876952 -0.379086318746229 0.0875586461056458 -0.0672172264969819
0.529004980562571 0.0550430990657852 0.0892603180342874 -0.0393908317636821
0.504785061595162 0.366366274518017 0.0146366388443723 -0.0434762322665601
0.41829451495704 0.287343344101491 -0.198331391409647 -0.271683401990963
0.502994873154901 0.0604650574837412 -0.221235073081549 -0.0973514030708914
0.380064937319891 -0.299846531512259 -0.0366256235686119 0.0602156126651485
0.0273311219392591 -0.475417190171083 0.0175128945391913 -0.0108869731955716
-0.211909847828364 -0.31631702879412 -0.0699495944344119 -0.0976352150064333
-0.299826657533975 -0.143136593862244 -0.159251255807583 -0.0502844267808851
-0.332975052453877 0.030136687062096 -0.21099694340027 0.0322551431026639
-0.308200208777621 0.0859930003147679 -0.195054686035307 0.088072685288903
-0.311405372430678 0.0586179782543248 -0.190197931126496 0.0625112609415735
-0.30141432583559 -0.105596553389012 -0.182161661572787 0.021237577528409
-0.202284546931 -0.255556264301363 -0.16138630116331 -0.049928458605749
-0.0147710920365676 -0.411205178203474 -0.0626403397266348 -0.101836245452153
0.282323427140615 -0.294088430130541 0.0588250342785638 -0.0757569862436193
0.426172036558965 0.0423383384458763 -0.000703262703565419 -0.0452818617088293
0.438973128278334 0.29611016847067 -0.129070753510997 -0.163520229015026
0.318263780235683 0.178000588604159 -0.320860815368009 -0.411236342904
0.356205260540525 0.0170625419593489 -0.33118837542552 -0.146709068242011
0.251013638042073 -0.215905941640117 -0.07477611427437 0.0327451125899559
0.0116158135155307 -0.310766308294262 -0.00691155443957554 -0.0491459548577701
-0.131431382969401 -0.209683805688856 -0.116788295853621 -0.146109213658694
-0.196654782723614 -0.107524621047358 -0.250405326889658 -0.0805665556840768
-0.231137456348411 0.0048037338109074 -0.311261469807681 0.0372039052735311
-0.216272892101028 0.0420174413484651 -0.292574914564352 0.102884216729353
-0.216505110616422 0.0184748380626739 -0.279620264625843 0.0684129250813389
-0.194747967273593 -0.0946994958510703 -0.252760117764702 -0.00691619789737851
-0.109160687854566 -0.182661091611903 -0.190181047855422 -0.100624746679211
0.0169052290288335 -0.249908447475776 -0.0583705859077402 -0.127137244027276
0.179529066599517 -0.167763135328949 0.0425960764336752 -0.0762975307986059
0.270269982302225 0.0289926724271778 -0.0602510544354009 -0.0371541309307275
0.311739866286875 0.187565381157324 -0.235838117936059 -0.240596500021667
0.162319290135767 0.0402657308744714 -0.402054664709335 -0.498567437470618
0.148065997415437 -0.0300099285922999 -0.403982674125544 -0.17624900763689
0.0788267138208466 -0.0994170161473347 -0.113854604290705 0.0112500858557877
-0.00656393974621855 -0.0978923679772802 -0.0325452300270259 -0.0626098026837416
-0.0295447258602806 -0.0719208295548744 -0.13988559874703 -0.158087601195969
-0.0605724668159681 -0.0565877111611438 -0.297224643163436 -0.0917195384051921
-0.0914382828404759 -0.0225661244439879 -0.359594400119406 0.0405339546901611
-0.0902561386161898 -0.00792653596613174 -0.345854248613826 0.102466591476069
-0.0921719086478277 -0.021561910113322 -0.328143310102752 0.0601205840409275
-0.0713525851170722 -0.0664675478595217 -0.283597363746496 -0.0429335104397207
-0.0190232293652864 -0.0892980921018744 -0.183994078344477 -0.1445450240924
0.0287137724139169 -0.0767940601217033 -0.0354990673162462 -0.14043984200572
0.0602727181900761 -0.049089824021329 0.0331143127390098 -0.0705575450701298
0.101547114803131 -0.000826977032261369 -0.0918435136050346 -0.0250068381590223
0.156450881248331 0.0562728799560178 -0.296177490100765 -0.269656642977177
0.0362695288399118 0.0805979545642818 0.362450629544506 0.230210175812317
0.0650650809867648 0.0438926330838345 0.195910941800982 -0.00530407685240156
0.0625272162170266 -0.0450857717002407 -0.0245939515456048 0.0407566275454579
-0.0175017754192952 -0.0889729644292686 0.00321553043073377 0.133652667527743
-0.0673123525999399 -0.0293252826026684 0.151354394470379 0.176181448544337
-0.0643514245639155 0.0212554039837986 0.298921970553994 0.0729027044139914
-0.0477678766384805 0.0587966875435235 0.337234100186956 -0.0641012116550783
-0.0467884839374305 0.0633381512760672 0.343823864259354 -0.116725742315491
-0.057967186619213 0.0563431289574069 0.350868790078392 -0.0847193333069853
-0.0758641846557974 0.011763763068208 0.309587771354439 0.0323742330176138
-0.0709815431041884 -0.0412543661982317 0.191104276774585 0.122558007178064
-0.00700480339441335 -0.114891161466345 0.0798269963316711 0.0677713814649722
0.095218525556501 -0.0451914120180489 0.144622394235146 0.0130926425293136
0.0644168018701061 0.0752755172718866 0.354755167516665 0.122598968130082
0.000730127921663312 0.0899454722964593 0.461892952027252 0.496657807549162
0.198207387928519 0.178910126942808 0.31913907378682 0.219325340349223
0.228681811922142 0.0637480915504709 0.182137834194988 0.0105629701953762
0.179237617263756 -0.14186418003095 0.000635596045375702 0.0486779107572084
-0.0121185930429673 -0.248503619021631 0.0100651756106263 0.121151998157484
-0.149770122242647 -0.139140177757273 0.124813289103053 0.158110421952225
-0.184054986195688 -0.0209702458965767 0.258055001691326 0.0751782676233924
-0.181005804559876 0.0880045834429484 0.287998711812992 -0.0397396650842492
-0.175164304883791 0.11492449701554 0.293728501192479 -0.0825030326734243
-0.197619695232591 0.0953006373115375 0.295022946306603 -0.0646186842373174
-0.220733263401125 -0.0268003547225527 0.261326268570801 0.0372968388072817
-0.172663799127248 -0.154566542088579 0.151428539883061 0.111775344762112
-0.0202719909095717 -0.312093384705739 0.0634249150757903 0.0453434758400894
0.234550399021816 -0.190346075186855 0.157636818103129 -0.010685968469548
0.284813122075969 0.0946336546425388 0.345266879605161 0.0688962961086285
0.216304600401912 0.230275572617857 0.432247215293375 0.396247161210416
0.340344244814719 0.261371275510073 0.229791681377218 0.155182354962145
0.386143136647942 0.0767544930354591 0.131852505621017 0.0113985154189593
0.2912562051994 -0.236373829757182 0.0183512035931769 0.0633550604302444
-0.00625236455960125 -0.398390115017992 0.0240058512204319 0.105201629210435
-0.221677999114018 -0.244391064694733 0.0926420517238001 0.117646442558845
-0.286462760297617 -0.0678548357064402 0.185904458815695 0.0609046570176182
-0.292370782902344 0.101633347356012 0.194969597170635 -0.0137554195721214
-0.277271589428413 0.150646852082998 0.198541513750708 -0.0350980636814403
-0.303806724982567 0.125097323486812 0.194858272179619 -0.0314629409586507
-0.333184330120428 -0.0521181647832068 0.17020562833917 0.0392402795301154
-0.260750104861513 -0.23601960718016 0.0845434279692253 0.0847677986091665
-0.0536938937208382 -0.467617654437351 0.0341376694081977 0.0122960712374603
0.324579751863601 -0.328397128324395 0.149768517316359 -0.0393327351827936
0.461514855031878 0.0765446093831612 0.28965061072052 0.0115928047034451
0.403536556227642 0.321612189265643 0.333813251665268 0.251491625594511
0.441299354030057 0.310736376298703 0.0993589221668624 0.0414380411958454
0.51447443183928 0.0722946218675165 0.0370353830478052 -0.00545119261328357
0.378452892472628 -0.32203847795304 0.0204182071261102 0.0769482809383384
-0.00796703684774157 -0.516710664436877 0.0355496068856912 0.0788058232665201
-0.275272048172789 -0.322343789318153 0.0472898023911801 0.0544718408716886
-0.355328285916782 -0.105937771387743 0.0823185153527338 0.0321481930738559
-0.364814102270062 0.0995735505637373 0.0678191178182051 0.0125382299499842
-0.337850206373881 0.163335115667799 0.0729487514417496 0.0181575156974497
-0.360912389609361 0.135048317942055 0.0669956943772136 0.00992635558073974
-0.391535048253394 -0.067119061643573 0.0510950543728827 0.0424506976702687
-0.310443017211113 -0.278442970352783 -0.00381275593196788 0.0495578630774859
-0.0856591280745867 -0.546667746784813 -0.00828377040481789 -0.0258161806111136
0.353371791827042 -0.415530796796573 0.122482072159388 -0.0639577653820351
0.555754360492004 0.0414039394934745 0.194500782173101 -0.0310428012871079
0.518951612896468 0.353307050949689 0.181956234482175 0.0968121963068805
0.484178178296127 0.311403278366062 -0.0602584091672553 -0.105286550974881
0.569133429795065 0.0514976295352563 -0.0940122337711185 -0.0381307517183266
0.409427926385504 -0.364784152236098 0.00278307346468014 0.078841664740581
-0.0137455517868983 -0.555674328560523 0.0353042795529675 0.0367193944826574
-0.287733568231061 -0.347519438914625 -0.0136512130724482 -0.0222753999053282
-0.369670687999732 -0.125654285780317 -0.0432185166097862 -0.00405110072083582
-0.381451575430206 0.0848278307946896 -0.0754856912914058 0.0351965875097638
-0.346936736119217 0.150713207943641 -0.0631665946199383 0.0682010722512647
-0.362333496345994 0.122001943782954 -0.0679611743826788 0.0516275562014832
-0.38341931306709 -0.0765454272132175 -0.0746685353902262 0.0445287218336468
-0.297749090117594 -0.279229813184217 -0.0959763030526644 0.00911943647824109
-0.0867110436637841 -0.5279379208062 -0.0499598610819826 -0.0639800396501048
0.3271358248578 -0.411802015985824 0.0853647685890244 -0.0794187889976785
0.543360037753938 0.015280872724051 0.0860778447495967 -0.0491774251604206
0.541270811897169 0.330641625981213 0.00874186037666968 -0.0437848622633762
0.448294826951706 0.256958607369143 -0.223145056837819 -0.258843237352264
0.518953027020685 0.020001074841611 -0.232960098470218 -0.0806789582022203
0.359416059226974 -0.336335900541328 -0.0304255625849795 0.063752988620081
-0.0164465255621662 -0.485705577208466 0.0185011361766227 -0.0119916563556947
-0.245093622180203 -0.303881756536883 -0.0788631354408713 -0.0930681369385625
-0.319277980122607 -0.119559016519679 -0.166691491720685 -0.0390236894481245
-0.335502078484624 0.058757325598066 -0.209942039671346 0.0533095450733547
-0.303906812408782 0.11557595539383 -0.189711011235399 0.107063310837819
-0.31063368185739 0.0865467458587893 -0.188729678924562 0.0815725128348441
-0.315926297981866 -0.0820322607683366 -0.182615343464372 0.0355868893510243
-0.227450852524799 -0.243122286893644 -0.166265660438734 -0.036593940020152
-0.0511771842575063 -0.416988380583605 -0.0735161431631598 -0.098999154633797
0.260836956468311 -0.320280831898324 0.0549269296478536 -0.0857686283711629
0.437775865740163 0.0108086689010547 -0.00607701812386904 -0.0479926831241745
0.467621947857869 0.263917078279122 -0.147786131639261 -0.153711626438721
0.338057311590081 0.155393505328996 -0.359765163573194 -0.391211537060016
0.365382994839812 -0.0120335482749559 -0.350044248560216 -0.121535727938721
0.236052220620816 -0.241273283789533 -0.0715185150408552 0.0390707514023892
-0.0172388856163888 -0.316733670891644 -0.00890096430713956 -0.0490617546623466
-0.153115961822775 -0.202758499685471 -0.130011419532369 -0.139642557404755
-0.210550745864908 -0.0922436279635876 -0.262181525472129 -0.0628283297340866
-0.234321495629947 0.0247756851062343 -0.311348575078838 0.0657303095682307
-0.213958671412091 0.0626827501946426 -0.2878373470473 0.13020648051281
-0.216920814115323 0.0374173951088134 -0.279598689238588 0.0939328866473376
-0.206159088290059 -0.0797783344119668 -0.257291301446616 0.0125989060627339
-0.126574543431162 -0.176355563709988 -0.199871602633275 -0.0869335923492453
-0.00493548959368645 -0.254416108653939 -0.0709756568182867 -0.125131230989115
0.166630236630337 -0.183457590975116 0.0379631952128943 -0.0834742163353177
0.276926506729573 0.00932705349637158 -0.065208562579783 -0.035551626622638
0.330627733969774 0.165320399281658 -0.262907560551029 -0.222871945459759
0.169666600665922 0.0276267864924745 -0.44942152815204 -0.472800772708074
0.149538718415027 -0.0432893255760383 -0.427609882555108 -0.146530498745518
0.0710432534631145 -0.108512076536785 -0.113999235033312 0.0203582169081329
-0.0173750533814273 -0.0987189293091822 -0.0375858734733224 -0.0613174023139692
-0.0368405446853952 -0.0712216933987724 -0.155028586439321 -0.149896537585062
-0.0677245807569709 -0.0525146665095236 -0.310820063368275 -0.0693029805552219
-0.0945958562298251 -0.015038624280326 -0.362450781026157 0.0719006960912115
-0.0914559892930053 0.0012866263152594 -0.343029262515349 0.134831343061965
-0.0949689632225126 -0.0125305582024693 -0.329727818597027 0.0894456120487998
-0.0784335162301643 -0.0608863620288466 -0.291891835514568 -0.0215897817543042
-0.027439689683886 -0.0880343184071757 -0.197419134849009 -0.132322331547511
0.021773805075442 -0.0796928518773919 -0.0475255890224246 -0.140245825971588
0.0560879956267795 -0.0540258879750991 0.0281255991528957 -0.0760368764366928
0.102466241294701 -0.00912016326246611 -0.0954904729832907 -0.0193739301752025
0.162999460575729 0.0447094453849366 -0.326224635689987 -0.248306954424313
0.038515953015358 0.0772586384911012 0.373536673565517 0.202716326825046
0.0668468358037344 0.0414043753188954 0.193044987179509 -0.0168106415092782
0.0590611897782051 -0.0464792131025828 -0.021455957304034 0.0412655196348331
-0.0217519863952653 -0.0864622659183921 0.0103900075111054 0.13031724118804
-0.0674687940502244 -0.0240808979049365 0.158662279789721 0.163803539849753
-0.0612170978337689 0.0252377846244691 0.297890434702981 0.0538140942358799
-0.0435152793070684 0.0605662233302149 0.327207792301729 -0.0822919366508767
-0.0419295393798134 0.0646887256359681 0.330183291027182 -0.137669381724248
-0.0540390629651342 0.0584502361453471 0.339800885107096 -0.104658388621546
-0.0743007229421868 0.0155416555433087 0.307341313292981 0.0130756575496621
-0.0712696742108767 -0.0367954197093019 0.194437410221491 0.109750680152272
-0.0143175117274115 -0.112335016746011 0.0821308402020612 0.061856993023961
0.0901972807900386 -0.0507863111285007 0.142737249195419 0.0045759643689463
0.0685688402478493 0.0698234200760927 0.354895931956958 0.100360647574066
0.00573982452224408 0.0874954714237294 0.481604523178284 0.457757199618096
0.202601882688234 0.163998066559431 0.328685123150759 0.194207613144498
0.227590730549551 0.0507908824649872 0.181246830445643 -0.000666467451454873
0.16637567241234 -0.148300927447334 0.00387781484699826 0.0469630678883725
-0.027955922881128 -0.242681959620202 0.0164241820905673 0.117319574749132
-0.156064428989109 -0.126632668993336 0.132158662290928 0.147807505738424
-0.181557919483548 -0.00855493749203025 0.257995305329474 0.0583460584862466
-0.171634576154279 0.0972414197991835 0.281236717733177 -0.0557843846705364
-0.163263265116254 0.123683448933469 0.28359543866038 -0.0997082685609907
-0.187706110336205 0.10582354676435 0.286501753665162 -0.08080237085036
-0.219208232252758 -0.0134208366560022 0.259975929072343 0.0205192811813337
-0.178565256252361 -0.141708562042753 0.155894327646282 0.100802813943916
-0.0398242455081522 -0.305084205682273 0.0637448290706494 0.0410259889400193
0.217648959648474 -0.200628178688811 0.154631843609045 -0.0211221674867302
0.286246404302137 0.0773899232717853 0.341215990834332 0.0471240823384385
0.224626355818032 0.211898313474157 0.448391011793082 0.361929348100398
0.346132619549831 0.235554913739758 0.238636279245629 0.136885435802035
0.383188941657181 0.0533147728217706 0.132370527457855 0.00329310762250827
0.268706648632914 -0.247756682958319 0.0231299781634004 0.059885024985207
-0.0338630049291663 -0.389270380752126 0.0302575206567963 0.10134754623856
-0.233764355584253 -0.225132463439124 0.098762042015906 0.110891677461456
-0.285721302550328 -0.04739290558947 0.186331405880991 0.0486289365665174
-0.279940642964978 0.117963121822163 0.192582488529248 -0.0239506207235768
-0.260101052168333 0.165386705539975 0.19395784301896 -0.047641641522046
-0.290871242651252 0.141881015365581 0.190237463005721 -0.0417763818529451
-0.331486639663308 -0.0307485719251427 0.170950523578634 0.0279720875328943
-0.270583068661649 -0.216731412094612 0.0897795709566348 0.078742256452242
-0.082604866591838 -0.455791679726688 0.0320918854429232 0.0102875452228931
0.29578400696222 -0.339975137160372 0.146211430779593 -0.0506040403718162
0.459362065338786 0.0488686827229522 0.282491387517182 -0.00603178096592867
0.41281899080291 0.290286630148975 0.342357729397952 0.227372469887832
0.451537897817642 0.277466581076771 0.102635992289908 0.0340760847187262
0.509031209248086 0.0389486928152634 0.0378403590004167 -0.00744161266176654
0.349757086014052 -0.337832651980237 0.0259401657394376 0.0730813797345344
-0.0438722490432478 -0.503760666274937 0.0411030981267075 0.0743212360572329
-0.292622533009941 -0.297598774596269 0.0504564684958526 0.0521201739854119
-0.356042926650722 -0.0806572559426745 0.0830879877148701 0.0270872513237274
-0.351420517855516 0.120119708608991 0.0706338531517131 0.00956536209003182
-0.318508324539546 0.182301827682669 0.0745250962052608 0.0129847091495505
-0.345331462012803 0.155748596851453 0.0674006239238047 0.00729315364848985
-0.39027697723805 -0.0417521821296142 0.0538830776649768 0.038306878648553
-0.32120395570156 -0.255456375985384 0.00124710136271872 0.0493379870063377
-0.118703594553343 -0.532115331551174 -0.0115761393617335 -0.0249131972968039
0.318548962497203 -0.427161629464044 0.117751410327637 -0.0737753333933198
0.550600916938939 0.00986509299736972 0.187158654622201 -0.043303660595167
0.52760897214603 0.313234079864622 0.182568579408058 0.0857161725694587
0.49073409057707 0.276596751448775 -0.0635315765983554 -0.0995786393466707
0.563355844210119 0.0147085009694921 -0.0935962244791705 -0.0312549954304803
0.376807945357424 -0.382154095629261 0.0089930627362624 0.0758325873322922
-0.0516157029545684 -0.543610845096962 0.0382560387523681 0.0340396443663724
-0.307658095260417 -0.322203293896819 -0.0144133863021629 -0.0194462528695559
-0.371876187363671 -0.0984961398115675 -0.0425883081756188 -0.0012944681107418
-0.368850161414894 0.107119979586012 -0.0689615870873823 0.0406440146328035
-0.327821026211386 0.170421403641009 -0.0562661892265579 0.0713839483759697
-0.347487624418445 0.142288049995923 -0.0624839439824619 0.0566508325907966
-0.382793092081734 -0.0517003372949053 -0.0696705382220073 0.0472560412130076
-0.310096472760612 -0.255318694378058 -0.0913184594141286 0.0153322457245577
-0.119473986632166 -0.51134140675166 -0.0550903960223884 -0.0600132440338581
0.293548148040911 -0.423085874543167 0.0801486738176716 -0.0872680518310267
0.536007833992983 -0.016400097964284 0.0788488498896645 -0.0554317286159784
0.548022776438826 0.289309702205461 0.00376329358173561 -0.0418816303925133
0.454939086579682 0.225791424728441 -0.233612594052198 -0.239840606133175
0.510962323843979 -0.012436061409674 -0.233388784541384 -0.0641763447623689
0.329896103502731 -0.352390445030038 -0.0243902406042386 0.0632250704519615
-0.0499197228566155 -0.474446481944343 0.0188783552618835 -0.0128004415948615
-0.262019674317572 -0.283169268484016 -0.082313565376221 -0.0857652117137453
-0.322463992845038 -0.0961993052676007 -0.166539931623953 -0.0280579560064378
-0.325890857218332 0.0788052073694307 -0.20005095906989 0.0666125819369987
-0.288074604541578 0.133555363665843 -0.178086372121101 0.118062859137408
-0.299044218365054 0.10594300904906 -0.179264820344015 0.0933537696708327
-0.315739083993136 -0.0620033943623342 -0.176914169070571 0.0458558064034574
-0.238551487229169 -0.224620847542517 -0.16386936316519 -0.0258997891464152
-0.0780691942468031 -0.405415395221184 -0.0803402953935047 -0.0924000871512966
0.234478214065302 -0.327604653045072 0.0497667006688905 -0.0909467706617723
0.430935984942693 -0.0146759670098842 -0.0100531818540583 -0.0484767187156127
0.472474596025808 0.229319585482144 -0.157381228394737 -0.139568150511035
0.341203768039013 0.13286199736209 -0.375922462219349 -0.35948468791257
0.359070258177557 -0.0349364493413082 -0.351656460305104 -0.0986349991698992
0.214928374752813 -0.251678804011959 -0.0669758592088226 0.041803779167919
-0.0403974764272364 -0.308935409813397 -0.0101404115567861 -0.0477680475772501
-0.165250412694657 -0.189269023120199 -0.136067930207607 -0.128532352102223
-0.21428451660787 -0.0771179088728791 -0.261996364957129 -0.0459638648070303
-0.228071360399746 0.0388975321479604 -0.300391843719368 0.0847015440917436
-0.203907612143033 0.0758204781029419 -0.274641139455888 0.146881368221913
-0.20996396940364 0.0514764933336077 -0.269049723436378 0.111579618049554
-0.207089803766304 -0.0652002774812822 -0.251470305867473 0.0269954177886507
-0.135444962431752 -0.164455522500662 -0.200429716704438 -0.072792210893952
-0.0222094069402262 -0.248911319658937 -0.0782740332598133 -0.118814298498053
0.151537982242728 -0.188623488645825 0.0325608903379335 -0.0872198540430077
0.272083547696232 -0.00641712411711312 -0.0668274249408388 -0.0325075670286425
0.333119607385389 0.141781205080917 -0.274358689403473 -0.201150157696346
0.169163940049001 0.0170180769485861 -0.471680215936878 -0.436199573081969
0.145044525405596 -0.0530420419058529 -0.429719471101195 -0.118133042914021
0.0619781697835995 -0.111814773633893 -0.110223416889951 0.0253802828131878
-0.0247917707386685 -0.0951772087309221 -0.0396017509621483 -0.0582614126397438
-0.0417743878605666 -0.0675604233702685 -0.161965383050348 -0.138651312578985
-0.0709447713291622 -0.0473052550052318 -0.311271609099502 -0.0496193108281897
-0.0934918022134961 -0.00861700200518922 -0.351004516916847 0.0934797081031437
-0.0880703988434325 0.0076325488763176 -0.329103978229189 0.154871890522497
-0.0922268495191219 -0.00553648745804087 -0.318711346810029 0.108313111942579
-0.0803327208432975 -0.0541662346320431 -0.28915743083269 -0.00408355144349293
-0.0326868817809486 -0.0839903265742092 -0.201393513827663 -0.118465883803262
0.015572800437504 -0.0786778612677461 -0.0553961504763681 -0.135194888610481
0.0509643367400491 -0.0557933649325144 0.0224816920041019 -0.0773848895310021
0.0995670693694226 -0.0147180847446916 -0.0952281000087647 -0.0151455820482657
0.162009878115896 0.0342018775909282 -0.338322014276389 -0.221943540707305
0.0381902907250017 0.0751992843675105 0.37192367061172 0.185944786513672
0.0662441519545083 0.0410747396271301 0.19004160509466 -0.0215901203121047
0.0572393019333909 -0.0460407831674182 -0.0201265703994813 0.0408769474162595
-0.0234805975636678 -0.0845151814738088 0.0124412294629038 0.126136149887738
-0.0667957643738191 -0.0217017677956895 0.159919891846807 0.156427015337144
-0.0587487937189364 0.0266133704255229 0.29237041545712 0.0453871055421227
-0.0414078926387869 0.0605783113077908 0.31807975008378 -0.0893860185023548
-0.0393542184635769 0.0641993542225229 0.319507028901307 -0.14493232320096
-0.0518969298142153 0.0581841260993156 0.329736375699088 -0.111790764620674
-0.0727699775240904 0.0164571462246151 0.30215254366187 0.00587267445970478
-0.0702356211138673 -0.0342734829981351 0.192720966260411 0.10255769220362
-0.0163656855398869 -0.109411141679397 0.0805735719580561 0.0586665755379627
0.086612972042085 -0.0513972583394721 0.139971623394483 0.00180967242194001
0.0690897882879412 0.0668807651202548 0.348408322996449 0.0911084564803974
0.00675210305406472 0.0850323070850644 0.483969675940611 0.435441426709039
0.200110381783113 0.155582130158315 0.329404376109366 0.178903147447554
0.223745148361873 0.0457224236192809 0.179213917843743 -0.00602077123933007
0.157289856260623 -0.147049932665217 0.00521404353517489 0.045025933698534
-0.0349274267856926 -0.235196542667933 0.0189749392576633 0.11319950468962
-0.156558193695624 -0.118979636733332 0.133119477138514 0.142416861043568
-0.176660671272508 -0.00308523477253798 0.253695527419911 0.0509471854503522
-0.165179474958633 0.0997842561792372 0.275044097880741 -0.0608776481541763
-0.154631877485712 0.125500709690582 0.275716815139702 -0.107054644256202
-0.181191743063979 0.108137312374276 0.279602045587528 -0.086659244053606
-0.216108174896781 -0.00794477702278491 0.255651250228339 0.0141570901358361
-0.177913306246519 -0.134686792238976 0.155245265352075 0.0948306095221451
-0.0471539534057174 -0.297653502613798 0.0620754478290053 0.0385774401290438
0.206681345574929 -0.200370369930731 0.151439122501564 -0.0251177674282205
0.283873722466116 0.0695713743496185 0.33278800352441 0.0384243652556599
0.22272609904124 0.200688846323285 0.446593824187521 0.3420453620397
0.341485360445169 0.22216012570055 0.238162086109793 0.12603059037384
0.375021615165593 0.0433777727421085 0.130911398753335 -0.000664847688771095
0.253833202560927 -0.246833754903713 0.0239727981844174 0.0562912991579626
-0.0457811625792374 -0.377748775936501 0.0322248732601863 0.0970225820927755
-0.23612569751057 -0.212008301624135 0.0998822620222983 0.10671654341205
-0.279638297932532 -0.0377167225123413 0.183646062388385 0.0430646512516746
-0.270912063610419 0.123112874879045 0.19082473190461 -0.0279313205651993
-0.247992660542826 0.168640520533393 0.189233221767859 -0.0527547939562643
-0.28016077740905 0.146278454204509 0.1865390627436 -0.0456003041817269
-0.326564915490465 -0.0221461796133644 0.16868796145656 0.0227365242495027
-0.270354815766937 -0.205162148098594 0.0905615457537407 0.074870153319042
-0.0943864262919263 -0.4433626129819 0.0301983455367784 0.00958072101311128
0.280336956322453 -0.338674734271 0.141712050795628 -0.0551706022522416
0.452548244744094 0.0391812501363395 0.273836604864926 -0.0128789675762145
0.407583735952027 0.272630727542455 0.338857704518087 0.214462284578871
0.445111213821722 0.260941464151928 0.103080296196516 0.0302721044994579
0.498803888728116 0.0266039219869634 0.0384153501151741 -0.00854327791186422
0.329188797160746 -0.335160050696119 0.0274230058767235 0.0690515904246524
-0.0599039107102943 -0.489816500290052 0.0423856520111857 0.0712025279853465
-0.295208821016753 -0.282750197312294 0.0516216383839134 0.0508526483451253
-0.350227333516853 -0.0679667507282068 0.0823085474908434 0.0239182134263266
-0.340250628277781 0.127938720816861 0.0725091622978505 0.00845751821565795
-0.303033546148834 0.187970533209998 0.0740942619268262 0.0095907017387886
-0.332392736351784 0.161720983195031 0.0673952893217544 0.00637564997931521
-0.383674100431957 -0.0305480780706885 0.0544908563779538 0.0354627350631981
-0.320903495866276 -0.240721874037354 0.00439078734784252 0.0480497114748016
-0.13192564767034 -0.517038360567596 -0.0138762391093513 -0.0234291865806478
0.3001696368932 -0.422941802564517 0.113580723535544 -0.078787156737877
0.539869946598513 -0.00324631857349661 0.179469173323043 -0.0469143982860115
0.518444636176824 0.29264424318268 0.17923613505678 0.080801498911942
0.485276145755678 0.25876204113337 -0.0627274070678421 -0.0953663259518115
0.55043072925432 0.000967586387997558 -0.0906049057369054 -0.0287196013547094
0.354798136538264 -0.381117935837832 0.0109640044815339 0.072131161160368
-0.0686440543625542 -0.527178273812457 0.0393072636611312 0.0319625910508188
-0.312316483422415 -0.305214632809174 -0.0135905465156038 -0.0175806519302157
-0.367067360059936 -0.0852528571911994 -0.0408820981322503 -0.000873794126225241
-0.357159760861551 0.11527674886771 -0.0626689682681584 0.0426137525549577
-0.312452397965543 0.177123368825924 -0.0517612326814288 0.0706759444464524
-0.334470538955841 0.149464358714928 -0.0578128973961414 0.0582126932663903
-0.377154056228753 -0.0408121875324778 -0.0663374194848183 0.0477148699659948
-0.310728315465873 -0.241746500572512 -0.0865046791427902 0.0167981744824415
-0.132164507064708 -0.496651626172564 -0.0570962739437511 -0.0571263981991137
0.274330315181157 -0.41712042402746 0.0767581775982975 -0.0911075094319514
0.525734183713643 -0.0268988962092345 0.0737591726994855 -0.0566097307875171
0.536667684304684 0.270170743621622 0.000757448702214289 -0.0383584739513448
0.449461702004958 0.211234068598037 -0.232763591452003 -0.226979162581042
0.501119291248129 -0.0241892309952439 -0.229659686108516 -0.0568842623548174
0.310173396944717 -0.352837152166074 -0.0226188499119294 0.0608769919895321
-0.0652970909848044 -0.460188400297418 0.0192150457965799 -0.012787214616981
-0.266003073416455 -0.269111406998409 -0.082391585092558 -0.0806949524644942
-0.318932202793621 -0.0848916275043805 -0.163631246093841 -0.0239285082544252
-0.316141115564348 0.087002665270503 -0.191215675964698 0.0711710832356635
-0.274994138592049 0.139252911871236 -0.170240614655626 0.120493807221763
-0.288114613246898 0.111891825056196 -0.171399446748423 0.0968528067970089
-0.310978357848623 -0.0521583631983362 -0.172169599831408 0.0483524195720301
-0.23959018888255 -0.213313635032953 -0.158864466954246 -0.0211020487217404
-0.0891536457413658 -0.394540471576235 -0.0821088537996732 -0.0876274280503003
0.219703247005725 -0.323286263318586 0.0462990607116558 -0.0941320785717431
0.42148566671666 -0.0232088888276465 -0.0130170059572867 -0.0484710785622351
0.464741319218308 0.21181423147559 -0.159989835173875 -0.130201835643421
0.338018376865349 0.12227570949457 -0.375983089237043 -0.340984135553993
0.351001234003985 -0.0437210731756979 -0.346456769479672 -0.0867504605605746
0.202507010179082 -0.251656826837097 -0.0646085104777624 0.0412345387475969
-0.0496257776019075 -0.299227922226912 -0.00998494087574545 -0.0460438093991547
-0.168141331280956 -0.181394181391043 -0.136381025913933 -0.122153219390351
-0.212491349671241 -0.0694728300645442 -0.258146992610726 -0.0382782571441646
-0.222323460004544 0.0445686155484966 -0.289987149209913 0.0918069406776951
-0.194427355582535 0.0807545324648732 -0.264273537668933 0.151634460575417
-0.20234706874915 0.0569481829913318 -0.259582872002062 0.116314756445257
-0.205326411006005 -0.0581381284912668 -0.246364285031879 0.032341863481578
-0.138177060882062 -0.156951529300271 -0.195593999106938 -0.0664179711248774
-0.0300398277595014 -0.242359054525888 -0.0802146073401433 -0.113593016950388
0.142281274181565 -0.186288462089793 0.0291303529117585 -0.0882608240394152
0.266763473690784 -0.0122642073015114 -0.0675692439448261 -0.0317571186350438
0.32661497637916 0.130305009503202 -0.276271539586908 -0.187036230312205
0.166347881318526 0.0127521668324585 -0.471354384897065 -0.41199056717987
0.140768790061891 -0.0561430298146167 -0.423668956891395 -0.103361340419858
0.0565650452262911 -0.111479822990565 -0.106839945523908 0.0265800443184692
-0.0276453171828924 -0.09098728619092 -0.0391084444154792 -0.0554179335772684
-0.0434273577123567 -0.0657210150504755 -0.161663359279614 -0.131461749091575
-0.0716695047682726 -0.0439400278786534 -0.306261738303959 -0.0408956816954625
-0.0913681550639941 -0.00570780100543372 -0.34028077251798 0.101644782931965
-0.084323269692993 0.0105567275755673 -0.316798472853093 0.161663002938473
-0.0893453249683838 -0.00174783334536656 -0.308974563664803 0.115218658548928
-0.0801008678586783 -0.0500289802253968 -0.283328906395186 0.0027915930826303
-0.0350818604654565 -0.0801899308051556 -0.19876043641108 -0.111104085460037
0.0118302872497322 -0.077150287683237 -0.0580890201701008 -0.130386994077958
0.0476459359011092 -0.0557088417205461 0.0200374106736934 -0.0769547140548916
0.0970730928820059 -0.0167600322659037 -0.0940280985182694 -0.0140455806477184
0.158948221092419 0.0297368552914342 -0.33817446724936 -0.206052496323267
0.0366914263946286 0.0756626286289238 0.372817066318833 0.182659473772357
0.0673219219435807 0.0423302350554959 0.191170583062853 -0.0230611347174073
0.0581960610615571 -0.0449915372515347 -0.0197822170522811 0.0407048095832487
-0.0234984203400866 -0.0839189240533912 0.0115785268994688 0.125504591210782
-0.0667098672400908 -0.0216759976812475 0.159308290816516 0.155872235398299
-0.0577818628512854 0.027261869589858 0.293138569601394 0.0448886675453583
-0.0406532640361375 0.0609359819236892 0.317865783121801 -0.0900407309517505
-0.0394905537723539 0.0645199246239375 0.31949501608663 -0.147895054467134
-0.0523713509650502 0.0582781255866563 0.330692843688321 -0.113535744127268
-0.0736906700453301 0.016278497835204 0.302768951427229 0.00449748104609585
-0.0694316604270718 -0.0351345725164249 0.192318272660987 0.102033835951324
-0.0163930969289332 -0.108816727418101 0.0803367387353847 0.0581886657749642
0.0857555254512093 -0.0512906772830328 0.139613788462694 0.00138296160567571
0.0695880139688468 0.0666208278403819 0.348032840338628 0.0919020639131303
0.00645256837613664 0.0840640864935243 0.485368877977091 0.431584086236974
0.197927688867731 0.155143778806267 0.330058320399713 0.176188971602493
0.223317156247123 0.0470593749761311 0.179996028890443 -0.00768456773810121
0.156097089574037 -0.145526405981046 0.00466164414701408 0.0447616391044813
-0.0363821422575498 -0.233756498052141 0.018188804668486 0.112270917764112
-0.157072937973585 -0.118183970010291 0.133436511734121 0.142179377215062
-0.175972544978541 -0.00210574962601546 0.254407581813081 0.0493276471563658
-0.164340816237697 0.100899817598251 0.277082430452378 -0.0620800063459988
-0.153658237881287 0.126410326236525 0.27590152819732 -0.110215035984783
-0.181517467467887 0.109509086400366 0.279639708002135 -0.0879295629405143
-0.217261747416142 -0.00739036942277412 0.256559941062683 0.0124600219099944
-0.178049331160046 -0.134665220610356 0.15646880618971 0.0942205105388534
-0.0494157114389641 -0.296901838866636 0.0615655966146736 0.0382645400690305
0.205754094907613 -0.199443026975921 0.151199420967993 -0.0274059086656524
0.285271255153216 0.0693986017038217 0.331257439029856 0.0405445327333719
0.221069899359789 0.19965435169699 0.446323322499713 0.339751045831923
0.340343185436 0.221009229700911 0.240175599915233 0.124029425616256
0.374538626577182 0.0437428981422685 0.132227685071858 -0.00241043328216912
0.25129629098634 -0.244995247877985 0.0238894036557595 0.0556345327258894
-0.0493048893308405 -0.37470794074022 0.0318111426954993 0.096355422221364
-0.23772258951256 -0.2103757057366 0.100835074125669 0.107836956994737
-0.278607009467798 -0.0358549250041518 0.184624740936596 0.041606943140967
-0.269407945114951 0.124603589439666 0.193483203241557 -0.0283971611596211
-0.245287953035463 0.170477254794176 0.189625776028238 -0.0550863680212686
-0.279318202749522 0.148632080913111 0.187686676882306 -0.0468893591536742
-0.327961554599279 -0.0206994680624106 0.16975651515264 0.0216794531310563
-0.27046122679772 -0.204564244995289 0.0929976574450854 0.0741715949234935
-0.0965717382386686 -0.442811313716345 0.0286914408881665 0.00956847759636165
0.27896534319656 -0.33729752194895 0.142326526563088 -0.0586743016630921
0.455234951813711 0.038349582205776 0.271936173746123 -0.0121084055217328
0.403111725668791 0.271043307402368 0.338041867472595 0.213952536466928
0.443661605143321 0.25999951275991 0.104850296434353 0.0298008795587611
0.497368972135313 0.0276347322005998 0.040143532193303 -0.00966482943669963
0.325360209634498 -0.33486354935538 0.0269734674260611 0.0676776834977735
-0.0631762414097438 -0.485685084565233 0.0421463213049346 0.070640721386572
-0.298814576376384 -0.278948511507638 0.0527905757377674 0.0521069335847917
-0.349793364632674 -0.066168347638477 0.0827448479467076 0.0229807709674499
-0.338603203354491 0.130050963731215 0.0763405145669137 0.00755795089841265
-0.29968532567341 0.18908234181099 0.0756246603248589 0.00860580016494245
-0.331621160156884 0.164107081339203 0.0694125842011384 0.00587733175845766
-0.38518317447918 -0.0294174733221636 0.0549146883506355 0.0350617072744744
-0.32183551009573 -0.239411302278155 0.00650387724561631 0.0475070910691223
-0.135484419916504 -0.515364641663649 -0.0156696470433028 -0.0230378167569438
0.298945195818179 -0.421394255017973 0.11374928287529 -0.0829015433619867
0.542180372396737 -0.00314657868576217 0.177098773012634 -0.0463904804764323
0.514895345030014 0.291668103494595 0.177505009593276 0.0814895116964189
0.484891158027462 0.257076142057649 -0.0610097185102836 -0.0939281327132535
0.550291105741621 0.000283694680903724 -0.0895300705595586 -0.0289518389165921
0.350626332492581 -0.38032592548593 0.0106694919636315 0.0712064492293803
-0.0746784575834805 -0.523907825300641 0.0397142504482585 0.0320635921399339
-0.314820783233957 -0.302547804289944 -0.0119885092454711 -0.0152706717840602
-0.367130714910888 -0.0829892841336067 -0.0406542550120241 -0.00142990682957508
-0.356468586856119 0.117930680015863 -0.0583955502581576 0.0432415744855114
-0.308142894400192 0.177837106347939 -0.0504308516307413 0.0702548742910273
-0.332372290633271 0.151910885214145 -0.0564217465975893 0.0582146440590742
-0.378825266641401 -0.039048426339181 -0.0662577393383509 0.0474336561586534
-0.312103218451616 -0.239997727829835 -0.083814714858243 0.0165348438442248
-0.136864054793834 -0.495635634574367 -0.0587815095672884 -0.0558196930818115
0.273698986962788 -0.414879745985849 0.0762057589568792 -0.0959513339301287
0.526614377998353 -0.0272753604206441 0.0718222087271889 -0.0564355358451975
0.534134279989591 0.268241922355478 -0.00138845281019471 -0.0364747442343058
0.449402396250783 0.209598224485777 -0.231448600494865 -0.224792048480855
0.499871510592428 -0.0257272570333569 -0.228905195120347 -0.0569045839328451
0.306267979808547 -0.352756796063888 -0.0224699152685685 0.0599603535555055
-0.0693255831137987 -0.457931023600538 0.0202864045746658 -0.0124042071846334
-0.269669125547911 -0.267080952061342 -0.0815628886339427 -0.0792363399985394
-0.319977886306828 -0.0827989701861784 -0.163569005729962 -0.023577850512683
-0.315864433797846 0.0892722018619893 -0.187703542022798 0.072274673349071
-0.270865871066204 0.140968998437975 -0.168764707311155 0.121605926601394
-0.286544416791901 0.114137239591338 -0.170345027296833 0.0986073253033867
-0.312837440340205 -0.0511399169832887 -0.172245191523396 0.0486103733220897
-0.241871400266249 -0.211618316004504 -0.156448421537168 -0.0218551487558084
-0.0922500472605981 -0.393542286636933 -0.0838657438190365 -0.0869853795440464
0.218318007251395 -0.321341261331641 0.0455331935697617 -0.0973283277418878
0.422990390258788 -0.0226652518615521 -0.0145164054984894 -0.0487496812506449
0.461884482547419 0.211708324461462 -0.162507033551186 -0.126962293096745
0.338034310133972 0.12124055647571 -0.375292815200967 -0.33764986778436
0.351117233792797 -0.0449622799124193 -0.347100255359996 -0.0851987838034136
0.199419687035022 -0.252184310709842 -0.0644606821690138 0.0399788705450011
-0.05268481341688 -0.297617151624045 -0.00904692359835345 -0.0456661670698297
-0.171051497088497 -0.180183629990922 -0.135582677187218 -0.12115799800816
-0.213636521642534 -0.0679962144720264 -0.259135896211127 -0.038528183473496
-0.221754682616395 0.0465098285862241 -0.287767435900267 0.0933488120892242
-0.191671583941451 0.0821171958394206 -0.262371366902232 0.154237094120326
-0.200356569723178 0.058369160381044 -0.259129167565502 0.118284687141877
-0.206041267028415 -0.0568910836083728 -0.246639350791706 0.0326711477128184
-0.139526484033879 -0.155995793036584 -0.194401877088856 -0.0664019722165268
-0.032620033347889 -0.24148130748238 -0.0809901185363125 -0.112764189058556
0.141003171504942 -0.185550143810843 0.0286380077582967 -0.0907403570346572
0.267322788248277 -0.0125001769849973 -0.0687099440082427 -0.0323517957745587
0.324972825651334 0.12981192517729 -0.278545946960583 -0.184070303837385
0.166877280896916 0.012718316762487 -0.46988604059408 -0.407523581485473
0.140648341981361 -0.0577076204280198 -0.424430976937195 -0.101791706266999
0.055266195705012 -0.112349866493103 -0.106638734632423 0.0256872604719635
-0.0291302290485123 -0.0902447563433944 -0.0383234399028234 -0.0555108566786586
-0.0446100638928692 -0.065951219394429 -0.161921483526213 -0.130565773707618
-0.0726871895369641 -0.0439901249734209 -0.307102831468981 -0.0404698188146239
-0.0911698543811461 -0.00494873295353797 -0.339730456215308 0.103678447211555
-0.0824545766375232 0.0108220815993739 -0.315838834463852 0.165032363641394
-0.087935394601103 -0.000362581904446315 -0.308940145776529 0.116520541093091
-0.0805791035724558 -0.0493017513996274 -0.284315519128798 0.0034706180390212
-0.036426661088443 -0.0791973105081978 -0.197870431251984 -0.111258241686455
0.0105346242302074 -0.0766503114647675 -0.058030399851609 -0.129448237389633
0.0474216408895301 -0.0559298537476332 0.0186604295585602 -0.0775769962455046
0.0967157787728113 -0.0166340684308985 -0.0940691974323285 -0.0152631715604189
0.159185059804058 0.0294752396991887 -0.341796207042277 -0.201783103885972
0.0616421813847929 0.0496490017805562 0.430542759160642 0.00814120206377001
0.0777055987700347 0.0111538571114822 0.169482302848338 -0.109375587729376
0.0375610336422654 -0.0653759485234041 -0.00169846440959517 0.0432578528745278
-0.0549684195305546 -0.0683075823875779 0.061405792345079 0.110366059524698
-0.0703803503951384 0.00430366891255072 0.216081415050265 0.0757880331297363
-0.0427335481733908 0.047418875165665 0.291186517539387 -0.0884744811640762
-0.0117213157928737 0.0738369437343576 0.256145258892714 -0.224038114258497
-0.0124132911655887 0.0780858601488918 0.229365912937212 -0.281893518472532
-0.0240109888140528 0.0772896722375231 0.2548724465632 -0.256358845212932
-0.0625221650257338 0.0461732119766884 0.281829511329044 -0.133448061752751
-0.0803198750746938 -0.0045184802675542 0.223405178025583 0.00690116322492468
-0.061671059530149 -0.0931502626730034 0.106226150785583 0.0139728453806037
0.0607523550361162 -0.0845149306219277 0.132034285345878 -0.0569369628805774
0.0994551561024236 0.0336519148578948 0.36022153383816 -0.0589592202263582
0.0488432348352278 0.079930543857372 0.635045664149665 0.195105942938898
0.244723046804233 0.0594664508873544 0.394260639637164 0.0171416000047048
0.223209726099404 -0.0488485842757134 0.167068253160062 -0.0942553159260626
0.0859175921016722 -0.198558412032668 0.0192010084660678 0.0296782794268831
-0.130208174459639 -0.196788686131399 0.0556854263420508 0.0899805211064186
-0.195027722704289 -0.0446861842762654 0.18122391434904 0.0766770911838614
-0.164655056745812 0.0713812173958897 0.254936660660937 -0.064385765829986
-0.108489858710838 0.163664499796554 0.227778011591144 -0.17623359253141
-0.0939147261529939 0.184585354696748 0.203855154708553 -0.228078094334403
-0.123799296992922 0.182049711444375 0.218215535006949 -0.211670526974065
-0.20885762424953 0.0868165880216686 0.240870945442036 -0.109520539393212
-0.2281081526231 -0.0522361490518797 0.191450876249906 0.0093095566845365
-0.176582652773452 -0.252651629398479 0.0909331100463963 -0.00454699082477275
0.111445633542559 -0.277172773700784 0.136852639833928 -0.086148485157811
0.305169645888592 -0.0596843956342706 0.32188478282183 -0.0891828608094665
0.306965134431624 0.0897137635513746 0.550875466186692 0.137190328363715
0.404149024425088 0.0655119555931852 0.294240161353677 0.00380316492451026
0.361651969813162 -0.113718895096138 0.125700515321488 -0.0728222047332734
0.132251320472224 -0.32871893336656 0.0374578615900629 0.0257199085055839
-0.20140927982267 -0.318696793318771 0.056388388795559 0.0651121418969041
-0.308399903941088 -0.0949672612956651 0.130701748268308 0.0609774575653657
-0.275318688320832 0.0846929149854561 0.184369353033056 -0.0385160214756486
-0.195913529693461 0.230098021672125 0.161950015291008 -0.105826246924219
-0.160617726340095 0.264659964954171 0.148771068047369 -0.138187144542228
-0.198895884674942 0.260936935139733 0.149995116515972 -0.132193346463424
-0.318860811252959 0.122443700977299 0.162380940948878 -0.0652579487678905
-0.346989245353522 -0.07764963358088 0.126773867354858 0.0130082778311715
-0.285763081425952 -0.366799382162269 0.0553893073523755 -0.0250603870722205
0.122254432519345 -0.439648839333556 0.119771161280548 -0.110162856077486
0.450415092389886 -0.164691629657808 0.246029415831533 -0.102796683922233
0.512580434614023 0.0716805339357291 0.387119138654806 0.0746326380220121
0.51716568802988 0.0622320988563308 0.131455015132874 -0.028100894681172
0.468308690966186 -0.179575674016865 0.0370409222320236 -0.0419502877103845
0.163275956910382 -0.441193562172406 0.042801248869393 0.0303495547480433
-0.263894813814398 -0.412253410987049 0.0513117965417021 0.0338758636452841
-0.393244834149012 -0.130352605115842 0.0586628990240548 0.0330896342452458
-0.353671651427791 0.0889411197671494 0.0795335908351763 -0.0101003754947232
-0.25766546689028 0.264897138293443 0.0672225216644472 -0.0179890439757193
-0.203205233507514 0.305735888250358 0.0705100434057667 -0.0273754807650096
-0.240466295022148 0.297827699269945 0.0633301311381785 -0.0304867316674425
-0.377572938158445 0.139536366099818 0.0610213870368463 -0.00194584092907809
-0.412300283218338 -0.0881032673981672 0.037166863800058 0.0238112317953632
-0.355477210780008 -0.415735678384801 0.00336798767255952 -0.0409478791702518
0.105476973067552 -0.528653017065762 0.0854542342789985 -0.120468008377914
0.513695962391924 -0.242740176329188 0.144119401082949 -0.0899223707914221
0.626378605520511 0.0387097320683826 0.177109593221468 0.027820473515839
0.556359747967294 0.0471614716254488 -0.0751363500535056 -0.0732340960136536
0.509473784450876 -0.224018082170598 -0.0926040298724056 -0.00337867120913912
0.167574792248095 -0.495227247918898 0.0275318762431493 0.0387223060318383
-0.28903580111015 -0.441478387033652 0.0297512492709613 -0.00219321944632319
-0.418958291418093 -0.143856351623041 -0.0331838830510146 -4.74084797193829E-05
-0.377973789713592 0.0818493336643569 -0.0467045715785204 0.0231950469911735
-0.278661007509703 0.261690332480809 -0.043325688626219 0.0755287396769699
-0.214808224681921 0.299267278687724 -0.0174980020415386 0.0873388182795827
-0.247529588142573 0.286933960537618 -0.0290640355103665 0.0756205286811346
-0.375383176625828 0.128475658264902 -0.0456560736878865 0.0644500085128738
-0.402711431118796 -0.0924348614644361 -0.0602627812103581 0.0354557184649219
-0.348726527827447 -0.398075893455669 -0.0522208960276297 -0.0510573411632836
0.0814783561393998 -0.5111140032588 0.0453845454598823 -0.117202060093724
0.486776333642075 -0.258056328824817 0.0434704429698662 -0.0551353893476916
0.631282967418943 0.00665005696690204 -0.0398311943125546 -0.00320333294475675
0.505389367788848 0.0209082476049692 -0.292062981749366 -0.121711246230316
0.454128722410771 -0.225628097225922 -0.235126032409467 0.0350725276252551
0.138970676922825 -0.452459990958004 -0.00693112101353066 0.0452985981944146
-0.257444186495868 -0.384495696236371 -0.00474739622816012 -0.0330403439440645
-0.36181586696709 -0.129389340379173 -0.12410976829881 -0.0292439182597817
-0.334187159647294 0.0627762815342935 -0.170179229074829 0.0560406818313638
-0.253688661991359 0.217391849900862 -0.15008157919161 0.159447433572455
-0.194602284156201 0.247369250172172 -0.104137491350854 0.188937680665267
-0.220074916264377 0.231933591716575 -0.11643371941616 0.164481715007568
-0.318109002418345 0.089009224166883 -0.14224156683905 0.114754234993414
-0.32372331615946 -0.0950149124661753 -0.144911307564576 0.0354167967841904
-0.262544919559527 -0.322240006600476 -0.0937846364102608 -0.0629753248236936
0.0693548526156161 -0.399699561377486 0.0116663419117296 -0.106386553963042
0.388820961349076 -0.209081925250115 -0.0337817159541865 -0.0169620632030771
0.536177698241726 -0.0139202249736673 -0.225904805892774 -0.0216114451875702
0.365623908759178 -0.0133130758194407 -0.480950753669121 -0.163384003848479
0.309997182947496 -0.181679075073035 -0.35933818786865 0.0645055326490715
0.0804988150066571 -0.315332899124861 -0.0516704466365887 0.0521833535990932
-0.174507232470608 -0.246669316570768 -0.0403564903471728 -0.0471063169735819
-0.234752290811719 -0.0896717971017282 -0.188720053436613 -0.0465505652571226
-0.228729599607164 0.0318377412739048 -0.263058507889861 0.0840144753395641
-0.185431906537559 0.137496613095224 -0.232005261130759 0.221896317287164
-0.143999041492044 0.157971450661527 -0.174883461377301 0.262008484231017
-0.163265503304301 0.141974488918584 -0.188498459818169 0.224928574432868
-0.219948269396227 0.0373286550093486 -0.216565153546004 0.136539190795169
-0.20238622693089 -0.0862978196958315 -0.202289134994262 0.0158785890963058
-0.13977165596939 -0.208785366504249 -0.109702061706154 -0.078550224836032
0.0543869355153851 -0.237576338364481 -0.00659179551335783 -0.0929902505511857
0.245740609448226 -0.130021788495575 -0.0778365669643673 0.0129870258641345
0.367518158062159 -0.0290150495034041 -0.353165542384746 -0.0301974940926745
0.161802412374262 -0.0444526014191334 -0.606950139534883 -0.183844629873419
0.111136579018985 -0.105763649065054 -0.440305703720467 0.0906635063694805
0.00521265959306437 -0.125627620266182 -0.0924550165970857 0.0655175447573442
-0.0650906289774658 -0.0678715068653146 -0.0635783836939932 -0.036505273189009
-0.0692167911357717 -0.038312861038112 -0.211337683379178 -0.0473565863069741
-0.0864057774353424 -0.0060323044639615 -0.305253803654901 0.101961088149583
-0.0865542427598201 0.034442542470384 -0.273585993254692 0.251001907687022
-0.0706132069478628 0.0443207219326382 -0.218763763662422 0.296360510679977
-0.08246075607919 0.0369556484849749 -0.23475844401131 0.247967453741963
-0.0975302439203354 -0.00994154894472755 -0.263093081986186 0.129928378970842
-0.0706939655574991 -0.0579628635366543 -0.229338054752205 -0.0175911105772087
-0.0263909359702104 -0.0760275064472055 -0.105235672153227 -0.0953627979868348
0.0208290015593127 -0.0744223143283731 -0.0143099785224141 -0.0781768818742637
0.0827955654104953 -0.058976119250867 -0.0940662674673439 0.0307871255902428
0.163157347125178 -0.0466759331061584 -0.411549832692967 -0.0294227475581182
0.0649297773520481 0.0507439618530817 0.447746002984558 -0.00827355651510376
0.0825314854512857 0.0100975632920106 0.17313007018102 -0.120740902010724
0.0380112548028215 -0.0694157244648761 -0.000395818664130646 0.0456544866166005
-0.0589649349601492 -0.0693379525642319 0.0662530279451465 0.113900158779418
-0.0735886598288813 0.007529635814027 0.229297681822033 0.0726615582624756
-0.0424512880977043 0.0505794513276393 0.303059285478051 -0.101722235491095
-0.00957627687221319 0.0776784303015203 0.260953437176016 -0.243043305242274
-0.00995828670132455 0.0823197736088318 0.228586205326321 -0.304233505092848
-0.023341403080753 0.0822612899601242 0.257959554316044 -0.277868382046851
-0.0643649377188575 0.0507878903286059 0.291833294854484 -0.150589496702803
-0.0838600238108699 -0.00356090720707287 0.233939679670316 0.000405684870425013
-0.0677505571091699 -0.0956532394718729 0.110896305566974 0.011262245324431
0.0610341519127639 -0.0892392243627783 0.136295012065327 -0.0637710004493888
0.105157924235058 0.0318269452934674 0.37584349349357 -0.0706543289432971
0.0520524186700141 0.0823330652898242 0.668978128041644 0.180217609524909
0.256322374031008 0.054422727959798 0.411886462131038 0.00304291261626188
0.232307269443734 -0.0568039573137209 0.170721940069093 -0.105434077436346
0.083434577706439 -0.208553049862676 0.0206646772926308 0.0316324214922027
-0.14215969238555 -0.199754902009722 0.0606122233040947 0.093788706204247
-0.205015174392339 -0.0393229845170486 0.192889638825526 0.0751178983499413
-0.169641296808367 0.0792960471117683 0.265608753105656 -0.0760743476791561
-0.107388462461725 0.174814733997154 0.23259228759593 -0.193784661387392
-0.091104586842619 0.196054673284982 0.204968106921153 -0.246652388248378
-0.123511443818822 0.195028452955068 0.221945598723896 -0.229988184842644
-0.216431467195283 0.0984040731691113 0.248642159552216 -0.123776144815816
-0.240240192605751 -0.0475232327006388 0.201581470305314 0.00261585603767717
-0.193414075188149 -0.258093130157166 0.0934702018708873 -0.00733246617161944
0.10852263157777 -0.292781818041329 0.138472587252333 -0.0955093958932979
0.31762725320253 -0.072736653166132 0.334359694695426 -0.101134346316064
0.320329111079558 0.085134156676605 0.578256329281582 0.125002869011943
0.422160206349546 0.0554625469033929 0.308034233218458 -0.00743688171706533
0.374111163814774 -0.128449026959347 0.128476926716563 -0.0815620822459436
0.126662366274262 -0.344329362347601 0.0397548369475129 0.0268533678905768
-0.221514739575001 -0.322504538996347 0.0611940717078843 0.0670653416306741
-0.325521533479005 -0.0867334509957107 0.141614061372784 0.0608915740283665
-0.285681346412566 0.0974698301502505 0.191690394699556 -0.0475506936632958
-0.195882865228879 0.247979254489791 0.166740001327065 -0.118171211122752
-0.156875478484532 0.281254701257377 0.150170013282629 -0.15087128362891
-0.197869021302154 0.280557765495419 0.152792653883249 -0.145159027837551
-0.331838413741193 0.140016342040032 0.168208406201935 -0.0735478712178863
-0.365653596359808 -0.0707177273479183 0.134063281404856 0.00858936864781962
-0.312427761170178 -0.372347591862012 0.0564062619469136 -0.0267331273381844
0.115259243670851 -0.461944971416358 0.118789589306194 -0.121235143290556
0.467139092858585 -0.186762894918802 0.253449167210264 -0.113196298113468
0.533852530985202 0.0598804311564351 0.405961281831375 0.067060434222686
0.540070093515623 0.0477905842370265 0.139203069812567 -0.0347720216601843
0.483234970114435 -0.200396462044245 0.0371928864129318 -0.0463198888454271
0.155146415806675 -0.463177188792703 0.0451640071909726 0.0316461824006032
-0.288686446328387 -0.41731208898334 0.0552872353044196 0.034407496186511
-0.415465490619202 -0.120582475869606 0.0658980576847323 0.0336828396873226
-0.36820320748901 0.104811077375823 0.0828065775360238 -0.0140958028095356
-0.259392135715222 0.286152789892663 0.0710759023928749 -0.0235923802923942
-0.199628366377389 0.32448164557213 0.0730053243672383 -0.031691099267636
-0.239698943938231 0.320897432251986 0.0656310156415468 -0.0354345807213701
-0.392406163126235 0.159711818365963 0.0647285494922893 -0.00431789377798461
-0.433750854173258 -0.0781970852117152 0.0408945340904661 0.0212186659889291
-0.386490953661415 -0.420628829634586 0.00168592704931991 -0.0409287935230441
0.0921310696846514 -0.552874676379996 0.0828770551328499 -0.131601585887244
0.529909668067645 -0.269995352204637 0.147672098537308 -0.0962212171957701
0.650992261328192 0.022126346454019 0.18511905050878 0.0255980088312377
0.581042304970069 0.0294631264440472 -0.0767216365735373 -0.074471668825307
0.524526021185272 -0.249652283320458 -0.0962493483223602 -0.00142558365243015
0.157755129985049 -0.519530975843009 0.029865431734195 0.0405600198810343
-0.318960630623202 -0.448927478768777 0.0326238569275206 -0.00294691335974743
-0.443404124016211 -0.133047162518554 -0.0308186648260337 0.00211480983177042
-0.393335895596845 0.0985796162521748 -0.0486120990408183 0.0248862726651621
-0.282154863776444 0.283532212458561 -0.0412096356236214 0.0775897204074301
-0.2119504391055 0.318342988816203 -0.0149996429083756 0.091702775343006
-0.246675641310439 0.309936329716733 -0.0273198890992397 0.078704987827725
-0.390186818394602 0.148177455855539 -0.0449093386395447 0.0688590524166704
-0.423965168452232 -0.0823741603268008 -0.0603748180441784 0.0364870929164031
-0.379078494151453 -0.400984631884838 -0.0568504441872496 -0.0498106802174445
0.0703822682461118 -0.535878694371409 0.0401709055123196 -0.127419930239788
0.501717975651436 -0.284442917678142 0.0431147503621472 -0.0583673357276662
0.656792341458981 -0.00956926121706235 -0.0424608656348584 0.00123699705989877
0.527463492377271 0.00433627655734565 -0.304459553855682 -0.116591290292702
0.468536352251894 -0.249514498634744 -0.24377378339332 0.0432926986996754
0.129248649739791 -0.475630236237382 -0.00611712229462311 0.0484860054408967
-0.283025407339413 -0.389684022582224 -0.00412293786035033 -0.0343199051855573
-0.384516661973169 -0.120791907909308 -0.127433585693073 -0.0258285880285272
-0.348734819313479 0.0777687797336067 -0.177200667744813 0.0638741945999913
-0.257187463653697 0.237070501950681 -0.150124855811282 0.17015186718842
-0.192488310765966 0.263649600604757 -0.101170676338043 0.20069820396487
-0.219189283901682 0.250129798184771 -0.115364205809441 0.17601721767761
-0.331177414985272 0.105531063975769 -0.144563020240313 0.125198711756321
-0.342725191712528 -0.0873753405235216 -0.148964837977044 0.0391539716102025
-0.287176516665156 -0.32488261240325 -0.0994256172075921 -0.0614339849156492
0.0597856387550741 -0.418920262603366 0.00648301133113698 -0.113913393736586
0.400767660358063 -0.230885729597147 -0.0365694526580674 -0.0162044461951111
0.557001021276574 -0.0299139139257996 -0.237538905221702 -0.0107363851046671
0.381560858249124 -0.0265499009900198 -0.503373295924078 -0.155163850675342
0.3185169154248 -0.19956256144191 -0.372426274691375 0.0793799916685657
0.0727061080594037 -0.330676749641713 -0.052495950673808 0.0560360142895685
-0.191724853980626 -0.249107831963929 -0.0422416637737078 -0.0480319343487167
-0.249477844635242 -0.0849132885273316 -0.196504419458152 -0.0417850066188783
-0.239348493519849 0.0421797438546372 -0.273861791552978 0.0964712240456761
-0.189103907829281 0.150475256687462 -0.234087627753356 0.239268790926271
-0.142814695452343 0.168506988096234 -0.172425861332606 0.280903039221644
-0.163470889368838 0.15373126621523 -0.189212408958051 0.241550134859195
-0.229128196928184 0.0476507049949612 -0.221976024662259 0.150683178482302
-0.214717761485768 -0.0823754786261389 -0.209567437358135 0.021013547606988
-0.154855617127098 -0.211782941949602 -0.116230107883042 -0.0769545264207679
0.0483963978537078 -0.249500999590193 -0.0112757483557325 -0.0986353964849398
0.252841948728391 -0.143750563142516 -0.0814669603699074 0.015498148625453
0.38139986671951 -0.0412943213092208 -0.370440590015472 -0.0151309536643376
0.168279283744007 -0.0522078944558467 -0.635083858252156 -0.172740337750346
0.112710386675568 -0.114132803781383 -0.455586234218492 0.109336401340366
6.41062469148132E-05 -0.130596675614451 -0.0950669472211364 0.0708551556701827
-0.0705689769428161 -0.067608229691133 -0.066451575859948 -0.0370426991255106
-0.0749688111477226 -0.037977531939012 -0.222243302595489 -0.0430881956888121
-0.0917792664883311 -0.0028615956367837 -0.317483574165101 0.116783645816225
-0.0894629476455984 0.0390714520499258 -0.276960204464798 0.272231443686005
-0.0710926596579067 0.0474414598850498 -0.216979671804295 0.318352557380644
-0.0836042499698494 0.0411307616521574 -0.236845130255802 0.268672474779334
-0.102360770365522 -0.00611635649844298 -0.271193106947818 0.144891861095818
-0.0762613809451389 -0.0573405794439055 -0.239850229903402 -0.0120589645829617
-0.0311578276684656 -0.0772470500856468 -0.112152729333564 -0.0953226856975183
0.0180903889995742 -0.0787583006418268 -0.0177429013139259 -0.0811464914052003
0.0841543199133259 -0.0639635967817446 -0.098082153441036 0.0341804730230816
0.16859814905523 -0.0544522789326935 -0.431402513786864 -0.0131120611120121
0.069661830235185 0.0488513218165204 0.459122956064332 -0.0373972194601953
0.0868155808237482 0.00658449803232535 0.170486725703722 -0.136460610045167
0.0360166729502828 -0.0741978621811925 0.00293233285809493 0.0481737535722087
-0.0645692446896739 -0.0678733773100805 0.07487203404793 0.11430157354355
-0.075109934542301 0.0130597651442439 0.241814215757639 0.0610776859510246
-0.0406903856543474 0.0541697325386949 0.30789421764698 -0.124913992435044
-0.00456830400624716 0.0811702604150354 0.254401172111009 -0.267903112274251
-0.00528555162153302 0.0858900499171587 0.216159051894628 -0.329213526343104
-0.0196445681916518 0.087219375179757 0.248212411908564 -0.304482496414813
-0.0639509266061895 0.0564724146421047 0.292024008954126 -0.173989774024166
-0.0868397859240654 0.000420701655587177 0.241861377241526 -0.0125885888396418
-0.0759446471430513 -0.0945955544538722 0.114201060604204 0.00496012558108357
0.0580894096326039 -0.0948758264813837 0.136032210886743 -0.0738487690895423
0.110159787628508 0.0261391582264913 0.385218255479968 -0.0941162509714667
0.05682072572416 0.0816394765098999 0.698160646357057 0.144027416070999
0.264917483779531 0.0403094310370398 0.424103423346644 -0.0239935210612146
0.236496972689012 -0.0714544063144898 0.169093525508106 -0.120499027784945
0.0735213985248911 -0.218102230390198 0.0240601473980656 0.0327717825971702
-0.158222093594559 -0.194961989108206 0.0683071147746619 0.093598761752156
-0.213499533403983 -0.026401292111288 0.206640408756057 0.0662549156687524
-0.170302759593877 0.0920915376628029 0.26968888532736 -0.0953295788999999
-0.09963738621198 0.187313003264523 0.228677261092188 -0.216085892331203
-0.0806048159716269 0.207293428221708 0.194228891646262 -0.268895184638628
-0.114741517686289 0.210235298275017 0.213829547124991 -0.253144122832223
-0.219561740218784 0.115649367899823 0.249975486455962 -0.14367982992971
-0.251276399391647 -0.0356687841440774 0.2087091516275 -0.00979341395905601
-0.215618643746701 -0.253321540107012 0.0952076550784171 -0.0121036781992135
0.0953384517031148 -0.307146003061597 0.1348307996586 -0.107827152892285
0.322756401992463 -0.094344127181093 0.340329716480167 -0.121818141731116
0.332622002214071 0.0692201540637119 0.601219834049775 0.0924342559316869
0.434894201008041 0.0305210018422421 0.317753697791667 -0.0282437108087975
0.377995931973066 -0.154045027596479 0.126708126944455 -0.0932197929843753
0.108593666064737 -0.360527016508869 0.0434596612902547 0.0268004913006159
-0.247464566308471 -0.314706079747193 0.0679011315714912 0.0665542618367502
-0.340796284352549 -0.0675084639744761 0.153515306922181 0.0545805898021663
-0.288896763971286 0.117634074829267 0.194996087548685 -0.0612146732131016
-0.18543502906189 0.268199578861339 0.165343352620516 -0.134307123913452
-0.142793751593719 0.298404246612484 0.145047238075576 -0.165623231573107
-0.185203364071727 0.30291705378814 0.148096094103363 -0.160841523779166
-0.335078923619049 0.166913528278844 0.170242155863564 -0.0873528167286284
-0.382227133132121 -0.0512194518036833 0.139960358177714 -0.00157653933808044
-0.346793602887209 -0.362308763763887 0.0559840547844739 -0.0297322294361646
0.0924783749612742 -0.481585857510644 0.111857958980709 -0.134281363134304
0.47188536648487 -0.220176387724899 0.255699205502622 -0.12990540687395
0.550964146967355 0.0317815522909125 0.421252819761176 0.0453643142058901
0.55613941458736 0.0158066614515764 0.144212873387428 -0.0453059291562774
0.486578571172096 -0.234363512230281 0.0350222318789288 -0.0511063620809782
0.129701590894408 -0.483848625700772 0.049142485224563 0.0318754219694764
-0.323720261905618 -0.407898002909377 0.0608496553389086 0.0327523806791783
-0.435994694830869 -0.0961785228152472 0.0752878048670761 0.0315228331980488
-0.37413732543548 0.131716987081755 0.084375012092991 -0.0201500488214956
-0.24879063266394 0.311846724074307 0.0724088600917 -0.0310139909679543
-0.182557774351847 0.345402644336728 0.0732396950850784 -0.0378627916340555
-0.225259540767653 0.346461848178241 0.0658038232754604 -0.0417715957198515
-0.396509393879672 0.191789199542424 0.0676661426456251 -0.00865867451151685
-0.452830380058958 -0.053949902020311 0.0446104530357943 0.0167727526974567
-0.427347554481493 -0.406031947782048 -0.000602201309585547 -0.0405494028459564
0.0642809545031064 -0.574527911344065 0.0735303622372945 -0.143192010594714
0.529458791502397 -0.309202760319047 0.147673977820619 -0.107244167417017
0.668470564992458 -0.0121618798369154 0.192706900036644 0.018069128206772
0.597937076758614 -0.00426402381073493 -0.0790587715708935 -0.0724744447662352
0.526065859926117 -0.288873694970099 -0.0992831378089903 0.0034446914420354
0.128948133502349 -0.542830145296229 0.0336593704782395 0.0420160231876675
-0.356321526594456 -0.437592126136377 0.0354291223360732 -0.00372897372992794
-0.465702608412131 -0.108008308560486 -0.0261547107277867 0.00467691733938038
-0.401438876884697 0.127248956184711 -0.0489608998219803 0.0281837909631494
-0.272329239852038 0.310752500207014 -0.0371935801792473 0.0810365696329813
-0.196324440475806 0.33921525653536 -0.00909834230583816 0.095106652692244
-0.232859666120728 0.335077861078313 -0.0225044815583608 0.0820037222397651
-0.394044874898714 0.179953859216342 -0.0409377614560013 0.0737939973492836
-0.444097414127283 -0.058902922526997 -0.059382666014922 0.0386037795878498
-0.417602192869329 -0.386631862958957 -0.0607273661126712 -0.0463667424817372
0.0412301479711798 -0.555331088101507 0.0299996203656722 -0.135852478202693
0.500824061527805 -0.324334317398785 0.0411355122573823 -0.0618553134172827
0.672135735169477 -0.0487251681116685 -0.0433570957597641 0.00817183577063074
0.541859322745757 -0.0279128355244735 -0.315228399530283 -0.10311669053754
0.469639228422995 -0.286062523725223 -0.24812562580714 0.0593598062555487
0.103109317827088 -0.495457072971268 -0.00308640401607658 0.0513509904210901
-0.31791954016829 -0.380737600110973 -0.00403237345051965 -0.0348521096214697
-0.405360894085803 -0.098717733414524 -0.129003151460607 -0.0177763048907617
-0.356143100721138 0.103273608571724 -0.179649652686075 0.0771029299622809
-0.250285270366533 0.260708940399087 -0.143554681141909 0.183819334476526
-0.179843252603941 0.281602710696521 -0.0904939146954718 0.213959658125971
-0.208200061944487 0.271392201858259 -0.107588339100125 0.188156601918449
-0.336528238109116 0.131583958654108 -0.140144134105403 0.138463637456114
-0.359335126460758 -0.0677957708647487 -0.150872695403299 0.0470766487856265
-0.318154794164895 -0.314883950872304 -0.105205610048467 -0.0552060957194295
0.0363678423972996 -0.434559967831114 -0.00290565497863927 -0.120179955394998
0.399225795458103 -0.261848593749133 -0.038869952085172 -0.0141289077530216
0.569796406137211 -0.0625659815507269 -0.244155201428132 0.00816747983908985
0.390744395359321 -0.0508197786705666 -0.521326883972599 -0.12894489672191
0.317511654694855 -0.225086923943752 -0.377729717736468 0.10536462229782
0.0530612531358634 -0.344403241473047 -0.0506117243883672 0.0609653107701339
-0.214144542190401 -0.243436981596893 -0.0447599155522957 -0.047568915053019
-0.264105278793344 -0.0713844308272744 -0.203843160559628 -0.0312460143938569
-0.245820275106161 0.0597004304343316 -0.278083109095095 0.117178266635147
-0.185017999086515 0.167699509319103 -0.225967192209492 0.260961419020145
-0.135636766041112 0.180894936842194 -0.158790139305985 0.301242328076043
-0.157005258010829 0.168569723108543 -0.179563621191033 0.262287993492723
-0.233995627531774 0.0651684136038824 -0.219132770350208 0.169594910292003
-0.227324820919269 -0.0699038787232716 -0.214464856416511 0.0328625010849945
-0.173981130970983 -0.20520818253044 -0.123392075310738 -0.0711986763719252
0.033693920992566 -0.259813767176242 -0.0187395058715843 -0.102275068222081
0.251957848560497 -0.162883721901245 -0.0840109741734731 0.0205026198520811
0.389816985239391 -0.0652976255647109 -0.381641603383925 0.0117973608734478
0.170149715467289 -0.0640579224880457 -0.659243771077368 -0.1387169430365
0.109523904172045 -0.124974624128094 -0.461680687740361 0.140798446675825
-0.00914566375143187 -0.133573050309347 -0.0946743616017891 0.0780538348783953
-0.0772612254564274 -0.0636443054335175 -0.0697542336286813 -0.0346933506350878
-0.0808104037216106 -0.0344535451820651 -0.231442894799999 -0.0304142517523119
-0.0954820481069389 0.00385711329586432 -0.321642527924005 0.140414624314531
-0.0899068128746889 0.0460787026624489 -0.267910741360463 0.29931582880094
-0.0698864191558901 0.0518336803790515 -0.201533909983423 0.343760735310379
-0.0814977136946789 0.0468512740711328 -0.226305698355782 0.29330597076479
-0.105184950885129 0.00144376003429848 -0.270963129378957 0.168182521321402
-0.0824719911394435 -0.0521767190765988 -0.248339680881841 0.00168767276786579
-0.0375091157731318 -0.0758288505027518 -0.119967522095728 -0.0909718897202686
0.0122390487125018 -0.0829734705584604 -0.023241006600887 -0.0830996944363726
0.0837366836000916 -0.0716454274513008 -0.100923664287409 0.0404705053214314
0.171097751703672 -0.0669037356316296 -0.444542246178763 0.0182696736184836
0.0719621402086682 0.0447481069354918 0.454202755762357 -0.0692134691938244
0.088254877649459 0.00106910489582367 0.160363771369875 -0.149236538591375
0.0313193779462262 -0.0770420108489157 0.00702196795886879 0.0489858179547481
-0.0683352427749673 -0.0642738150682811 0.082909628806468 0.110508632926356
-0.0735109700776314 0.0184079370761863 0.247936651594271 0.0443261753452193
-0.0369345490140717 0.0567797587426401 0.300791238380356 -0.14704648999118
0.00147359887932843 0.0821552026523821 0.237235441228889 -0.286192598351721
0.000842822511751079 0.0870792849125876 0.192371657339306 -0.345272967636788
-0.0143967063774871 0.0898079787553356 0.226895859584993 -0.322511337053875
-0.0610310529342239 0.0610482574161168 0.281104245572145 -0.194695473098834
-0.0871479305078739 0.00486290209460629 0.241409189781509 -0.0285224039366548
-0.0825833505726046 -0.0893781257722413 0.113352019286227 -0.0021159377648915
0.052710388538469 -0.0978863377029395 0.130452549396989 -0.0818846690424032
0.111192494412594 0.0187570963514725 0.380281037112457 -0.117874725812815
0.0600735856838272 0.0794189367162763 0.705491145072928 0.0965536918052286
0.264995429079851 0.0231660262123052 0.421171606433391 -0.054040630970391
0.233044820853304 -0.0854856261086148 0.159977677291519 -0.133079892359383
0.0589136389877075 -0.221839153719401 0.027106043347372 0.0325986494967433
-0.170741196629814 -0.183313100874915 0.075498481305699 0.0900587523658972
-0.214472332066717 -0.0110439300369413 0.214337808970656 0.05112003723438
-0.164881711994948 0.103944606757853 0.265179753715088 -0.115286638165971
-0.0862131744350862 0.194658077604918 0.214374476587478 -0.23276575757934
-0.0656683963753131 0.212967953530878 0.175699602328882 -0.282439858303422
-0.0999095515772816 0.218754311398337 0.195236758714553 -0.268910171131731
-0.21275424273951 0.132024538285093 0.241892101451531 -0.162119476750398
-0.254441422915862 -0.0191020459662515 0.208936607020697 -0.0244605765269524
-0.234014919239842 -0.237676887195842 0.0941238218893624 -0.0176381732004855
0.0763520874660565 -0.312801481744001 0.125774171941114 -0.116749589274989
0.316408389657581 -0.115269150946814 0.333680609456953 -0.143285167883729
0.333857038298445 0.0494637723210405 0.604181998281666 0.0526745781650289
0.432660085324986 0.0020964385906403 0.316570309878754 -0.0507004790714854
0.368070744533697 -0.176489787956569 0.119743293140192 -0.102214638860714
0.0833906708073801 -0.363587192622122 0.0469658189134242 0.0262474152409743
-0.267538214978418 -0.294914235539287 0.0741796027012254 0.0626580422682613
-0.344492241488882 -0.0424152722261081 0.162328606865092 0.0430109980304281
-0.28233729481096 0.13843357577326 0.19175449890121 -0.0754720729696804
-0.166692222601313 0.280993289103228 0.156311173748722 -0.147222627989876
-0.12092386676919 0.307665972940533 0.133189158478512 -0.17627712746075
-0.163085434299369 0.316313832914007 0.136342498044154 -0.171867355102333
-0.325221830250915 0.191993240572267 0.16552523684785 -0.0997795621591196
-0.38745352669545 -0.0258556613498757 0.14066167655563 -0.0125423187489248
-0.371674596952517 -0.336381779480009 0.053955427489652 -0.0315430095258793
0.0620861451066823 -0.486961359590763 0.100035281466135 -0.142176726531864
0.45706637551536 -0.252353269722631 0.248762173436235 -0.145265082090147
0.548447358851239 -0.00153107759598738 0.422846609643584 0.0193124557165698
0.552480981284158 -0.0213206319751117 0.143856564250199 -0.0569155602171829
0.470825778491822 -0.265021227375236 0.0314523546615702 -0.0540508149457189
0.0954300666377258 -0.488236955085167 0.0534774983702718 0.0306452956490471
-0.350540431744946 -0.381575108657747 0.0655614913421767 0.0296806052955625
-0.442880400173319 -0.0644643930943705 0.0835703932752421 0.0249227846662174
-0.367200401444575 0.157892258387654 0.0838014901260316 -0.026301887975777
-0.226335533208438 0.329407595744027 0.0707418000410645 -0.0376803342894768
-0.157793957006849 0.356396080287993 0.0708845522153538 -0.0431911849703998
-0.199674323503376 0.362621393142215 0.062242979131831 -0.0470107601952809
-0.384956668092387 0.221841862563646 0.0686848585958437 -0.0145329857713029
-0.459058361587302 -0.0239051903266286 0.0461030826543258 0.0115104470004784
-0.454805381340899 -0.375117410213572 -0.00275471315849521 -0.0385355963687914
0.0266557107656975 -0.578536435748949 0.060098659545522 -0.149541341739294
0.511017489371665 -0.343958606508245 0.141026316929467 -0.116177567833248
0.663308704275432 -0.056388270686516 0.193733758261626 0.00912063085563165
0.59252380971007 -0.0445735801939178 -0.0795531770595781 -0.069464126739637
0.50712841856204 -0.320664185205682 -0.0984443868878123 0.00962773669071485
0.0915348051089144 -0.547760194705856 0.0382691764182344 0.040844879104263
-0.385728913344743 -0.409067151646382 0.0386411080642947 -0.00645177583723208
-0.473779742381041 -0.0744326464374318 -0.0198344433173338 0.00528659938295043
-0.395064727521299 0.156028792416376 -0.0467220920883856 0.0309656295131552
-0.250180984754915 0.33004137404872 -0.0313534060479217 0.082154929223077
-0.171616816559187 0.350918432712284 -0.00134659205002604 0.0955936137726203
-0.207028236658456 0.350731081669023 -0.0171881620622408 0.0829847132935763
-0.384046874670051 0.208952841365263 -0.0340172774595053 0.076205221136426
-0.449179436223666 -0.0285438290402117 -0.0566541964801444 0.0395762747741648
-0.444114219271892 -0.355565403780031 -0.0628247567183982 -0.0405278762727102
0.00515804039440915 -0.556958957554397 0.0170707500254253 -0.139889983346543
0.480013702256443 -0.354779114170866 0.0377616673642565 -0.0650577643407663
0.663536443397572 -0.088394833038229 -0.040798876990439 0.0154935354715838
0.536780317656262 -0.0652555826224918 -0.31651955205796 -0.0836868874467698
0.450510072757857 -0.314850054264712 -0.243394579989064 0.0756684434196733
0.0683736238691447 -0.499533721823266 0.00122897327480173 0.0526101414332435
-0.343937945109034 -0.356275572497665 -0.00340599071034023 -0.0351857966491994
-0.413706316234753 -0.0694424678208484 -0.124701425506013 -0.0103347001876103
-0.352236327304829 0.129974115901707 -0.17486377506108 0.0896825109844965
-0.232032117085198 0.279168869597884 -0.130763534230092 0.193152306984607
-0.159322488710953 0.292612311713146 -0.0745731443709509 0.219993826757529
-0.186825793304394 0.285286561592977 -0.0945930277904404 0.195978510635704
-0.3280609249476 0.15669195989546 -0.129705327272786 0.148407757961131
-0.364565718535371 -0.0425009953252972 -0.148191263801031 0.0542232441871056
-0.340198942989014 -0.28952346813989 -0.107178736930578 -0.0465718216916651
0.00700588532793669 -0.435804753949916 -0.0137960752065321 -0.120695213634249
0.382435868080068 -0.286491149134475 -0.0400101957654184 -0.0121591731389601
0.561689807978879 -0.0990667185996723 -0.241710554458839 0.0296849526165554
0.386447912722125 -0.0772182008569517 -0.524240097863208 -0.0960190880753777
0.302849294006355 -0.246041984756612 -0.369098808441988 0.130154003083341
0.0292524411615266 -0.345853403663854 -0.0466232833651769 0.0647836380547072
-0.230916492501911 -0.225744463292168 -0.0458757071560349 -0.0454137116486001
-0.270904623092783 -0.0522940450239274 -0.20241283000329 -0.0176554266658464
-0.243400196791271 0.0781534360368475 -0.271057173436032 0.137249060678656
-0.173405222999783 0.181108034724386 -0.207774933164563 0.277731464343075
-0.122386469870961 0.188199145981416 -0.136749182054598 0.3124425701351
-0.142839948843597 0.178506927670541 -0.160742452522176 0.274435072523035
-0.22942333054481 0.083172426376532 -0.206924933528224 0.185757410325875
-0.232157299492753 -0.0527779000330205 -0.213019129005999 0.0454633775656599
-0.188868987349419 -0.190811822577014 -0.126368103430976 -0.0623179488317163
0.0150551935809396 -0.261209632868053 -0.0275657239750961 -0.102102660210961
0.241525828189278 -0.179188998321942 -0.0835318665243354 0.0258379669162496
0.382551856755598 -0.0911724276149068 -0.378802044242309 0.0430147385936362
0.166573682596919 -0.0757021946422993 -0.662901874392401 -0.0974366680992006
0.101188564909515 -0.132834143066678 -0.450189293571288 0.171427647630438
-0.0186896534316359 -0.132251858851076 -0.0905251775796946 0.0836260395846831
-0.0819187795866404 -0.0570262646801801 -0.0709403549075753 -0.0309967014424147
-0.0844616789977618 -0.0285634416924817 -0.232665282582649 -0.0152312507106928
-0.095942483514011 0.0112970375095087 -0.313603784105028 0.165081704140886
-0.0866738138933427 0.0522540020630227 -0.246956399362992 0.319129908873156
-0.0659006495148212 0.0555643537214842 -0.176356966550356 0.358312124182324
-0.0766212313187656 0.0510581668184605 -0.206256781364569 0.309423088475106
-0.104618546904239 0.00956708605681508 -0.259555599998295 0.18777395988373
-0.0854822926170137 -0.0455211804175934 -0.248829489838188 0.0171676057046383
-0.043165707677539 -0.07118973643681 -0.124001499211267 -0.0823172605702895
0.00473729168594799 -0.0834324635827344 -0.0291269439839131 -0.0818982445798816
0.0791268281949633 -0.0765743180496224 -0.0993863127572481 0.0466211769985065
0.166238037535783 -0.0789318265243279 -0.441471070419767 0.0529103538341242
0.0708324331128091 0.0412920714942847 0.438059523785173 -0.0884285392394712
0.0874048310116097 -0.00175659971278011 0.148699765114521 -0.153592111713652
0.0269327969943816 -0.0765064975152312 0.0104616628635208 0.0485487986796598
-0.0696234089306249 -0.0605548722126981 0.0863297589445379 0.104822538688962
-0.0700163848747036 0.0217753186039394 0.245579835683359 0.0302397440570034
-0.0332714120484054 0.05725276730068 0.288915506660537 -0.160181710689035
0.00598353028985101 0.0802421912225342 0.218905842302071 -0.292711461016811
0.00557317915912655 0.0855390281281372 0.170540102502786 -0.348148277241738
-0.00992434904468169 0.0896358896390022 0.204991743172681 -0.327472630247877
-0.0576151781255412 0.0628730752968893 0.266595770530209 -0.2051829729801
-0.0861378366313454 0.0082603327651553 0.235848128624632 -0.0386137772999111
-0.084877592258679 -0.083135279351476 0.109649370398129 -0.00640687794059519
0.0481909692719044 -0.0981324922870977 0.123579971989805 -0.0847032511973661
0.108396617453353 0.0134007776403599 0.369155984448577 -0.131077330901737
0.0612244864605713 0.0758932956644412 0.691366570779833 0.0609365035528011
0.256648705092263 0.0113308863811864 0.407495292513705 -0.0731638701479157
0.223727074652362 -0.0930614230907431 0.149026624280458 -0.137456665678617
0.0463341990610183 -0.217245617472706 0.0307989940640298 0.0318378308910974
-0.175171174325089 -0.169599480750936 0.0788763154069348 0.0846971143998175
-0.209840410022794 0.000631987962921724 0.215047662720051 0.0381644574236612
-0.156735149866338 0.110075471454889 0.25485853856004 -0.126382721347111
-0.0741347370313526 0.19421505694236 0.198876722110176 -0.239631590190081
-0.0533946678307209 0.211154576631747 0.157475763680609 -0.285022534109589
-0.0859349868389265 0.220318222863427 0.177272645473218 -0.27320386781498
-0.203363615264511 0.140395286880101 0.230005700606916 -0.170483389656172
-0.251143571051505 -0.00791000573405632 0.203870064936717 -0.0341999024501467
-0.239901799356709 -0.220301482608539 0.0907231626795006 -0.0198680171921861
0.0615724369308483 -0.309340939859336 0.115847306998922 -0.119004192699076
0.30437282617358 -0.126442841593638 0.32239101161933 -0.154054220741142
0.326017987695666 0.0360549200071017 0.59173353769544 0.0232058086473756
0.418721429008529 -0.0181464925714972 0.307127775554821 -0.0657471987433377
0.35195523697199 -0.188211277956362 0.111588332520215 -0.105827464463203
0.063938557206854 -0.35560031338409 0.0494952988670519 0.0248164171439196
-0.274865346749166 -0.272940109306985 0.0774068973139263 0.0575448866649849
-0.338739341699901 -0.0231374495491223 0.165445740238101 0.0315090702971879
-0.270493572357993 0.149257492694743 0.185345007219771 -0.0842012841080162
-0.14873609631399 0.282663450953841 0.146230847880543 -0.153138948814392
-0.103152497108565 0.305467580714656 0.12152188195228 -0.178582809172265
-0.142925954680442 0.317392224235955 0.12415435344867 -0.175234055136074
-0.311646272537524 0.204927029510524 0.158973032033315 -0.106324222868515
-0.381369337041051 -0.00725842083712424 0.136860118265469 -0.0206204308197867
-0.380335814198113 -0.310318239130525 0.0519355716038526 -0.0309463613795844
0.0383921615445352 -0.478859115065384 0.0882090357223092 -0.143598918954306
0.435400812087739 -0.264810692986264 0.238706541568728 -0.152640663601454
0.531912197422154 -0.024322724331477 0.41411815064982 0.000891423360214435
0.532881751324221 -0.0449108835654477 0.140251788109935 -0.0638594619458419
0.447812475815451 -0.278648403034118 0.0283283251288394 -0.0545082351298187
0.0708258166133067 -0.476694743622227 0.056442026483595 0.0290942419066136
-0.359451453319045 -0.353646839739715 0.0687000366402118 0.0252015208984772
-0.435845444155172 -0.0397443179640755 0.0883265088625891 0.0172771420651731
-0.353734244792418 0.173085909376843 0.0816300201893182 -0.0308576832885801
-0.205703918598893 0.332766944847772 0.0677285331801264 -0.0413408830496445
-0.136351571721624 0.354177153018946 0.0682145753186951 -0.0454505638088032
-0.175316668986911 0.363629215659623 0.0578451921333914 -0.0495827365740151
-0.366605498378331 0.236891592335069 0.0683174123738891 -0.0183933646139572
-0.451087913403155 -0.00206005158164061 0.0452545106637747 0.00649141247929473
-0.463680952202474 -0.341752858163934 -0.00307176861454744 -0.0365886805984932
0.00129360685634867 -0.566210955898882 0.0483505641833833 -0.149542822123623
0.484244528703381 -0.357907578061048 0.134234983614517 -0.119914337522812
0.640924207425425 -0.0809905700361777 0.190730414773202 0.00267646449742629
0.572019406930629 -0.0710520465263038 -0.0764190061902203 -0.0664850853634061
0.481821207900042 -0.337956065801151 -0.0947771978086702 0.0141228025691202
0.0636300960569313 -0.53576364400376 0.0415928806287984 0.0397592160034876
-0.396835356218417 -0.378187037692421 0.0405420205096526 -0.00921820444053581
-0.469152636820169 -0.0479171713935049 -0.0131329140608097 0.00264895434248646
-0.380696464259266 0.174046798091239 -0.0439931377781148 0.0319630063257715
-0.228557962729403 0.334730598405799 -0.0261182227093167 0.0812534406628214
-0.150490904417904 0.348949416384085 0.00465160318126863 0.0939513078932936
-0.182855084036007 0.351175506068953 -0.0134370807049166 0.0822007275814091
-0.366284020349562 0.225251117858262 -0.0283201381757894 0.0752891944432056
-0.442085427426002 -0.0049293043501381 -0.0543778760501748 0.0381869529407908
-0.4535331159732 -0.323212188543045 -0.0607196443280689 -0.0353434296650092
-0.0193086184536975 -0.543783189427579 0.00630129901433479 -0.138154277390019
0.454529102623198 -0.368636089122641 0.0341572203876114 -0.0648025193781952
0.640883553118601 -0.114094327486208 -0.0374217468093453 0.0202429531861954
0.517566850264296 -0.0883932293493407 -0.308199456504891 -0.0696068711343645
0.426074577369667 -0.330507294486964 -0.232965981582044 0.0853992341582789
0.0441683800398332 -0.488446943097701 0.00541737171114546 0.051791988794339
-0.351819034355572 -0.327637441412761 -0.00271635566670159 -0.0352875533111325
-0.40886103018386 -0.0456479320585045 -0.117383315868164 -0.00723377715300408
-0.33960838265462 0.146122540696356 -0.167170901141488 0.0961343630455332
-0.212908063885373 0.284262505061591 -0.117910536673607 0.194879641953747
-0.14135192256313 0.291375009781856 -0.0609430511429359 0.219642397980772
-0.166394603751986 0.286112505322057 -0.0828671982012191 0.196343053925694
-0.313471552544703 0.17163255948462 -0.118310748673089 0.150161748551119
-0.36002272421263 -0.0237398588527023 -0.142928262605396 0.0581520104265335
-0.347152208981841 -0.263798169557072 -0.104824315735336 -0.0401186474282727
-0.0140817421408599 -0.425991729452293 -0.0225306083336892 -0.118518436918041
0.36140462121922 -0.297022754468793 -0.04008679244785 -0.0102089590160163
0.540689062554457 -0.120438858952297 -0.231971097529451 0.0441127275360257
0.371827962565018 -0.0934813080259565 -0.510951959740909 -0.0717604902137686
0.285808026554529 -0.255245188402347 -0.35391405652519 0.143688129699748
0.0123128639846877 -0.337990675077704 -0.0420401705041016 0.0655635381536254
-0.23577979309041 -0.206562743572986 -0.0447627910085625 -0.0435558800931732
-0.269055043763926 -0.0361145298680437 -0.195738506433186 -0.0095455471880087
-0.236047671697061 0.0899376302076924 -0.259793440636288 0.148475682075385
-0.160610762927715 0.186637149456928 -0.190104419405796 0.282275389848286
-0.110313067963964 0.188339374287842 -0.115803672812175 0.313096403770655
-0.128781498277763 0.179460314381856 -0.1433223633794 0.277666110066743
-0.220003612755959 0.0936544898505299 -0.192547036713368 0.19123986829233
-0.230363089620792 -0.0391415292529195 -0.206943783728595 0.0526852975166072
-0.194430631009979 -0.174642464166514 -0.124197847274918 -0.0550543516956713
0.0018335014469894 -0.255186974607339 -0.0331113981650451 -0.0997455094595346
0.229123815703253 -0.185719444379588 -0.081707202249109 0.0286426001215044
0.36778840559892 -0.10509020759237 -0.365444930683942 0.0638499786316082
0.158774492707337 -0.0819279827049736 -0.648141664371828 -0.0673871218156945
0.0926283675645258 -0.135237949370844 -0.430996441515652 0.187785977873526
-0.0243620212113351 -0.127831474869695 -0.0855212287086022 0.0858150390019574
-0.0824657724123238 -0.0501876544045804 -0.0703453318286432 -0.0281486637944087
-0.0856490485367123 -0.0230844404415622 -0.227052924159621 -0.00414132449862834
-0.0940214023635526 0.0164733616395184 -0.300393456011016 0.17845269132183
-0.0825969370802094 0.0553773376568415 -0.225773530177384 0.32585186675415
-0.0620305122403182 0.0562942250290142 -0.152876849436582 0.359633375405624
-0.0715020556628938 0.0517145721228465 -0.185078099222598 0.313806873166682
-0.100754543071672 0.0151065240397987 -0.243673872127446 0.196959973665924
-0.0856357535350806 -0.0386619495063239 -0.242907969241662 0.0283935472802431
-0.0457591609394196 -0.065752852726837 -0.123718336916058 -0.0750484037171396
-0.000879714367869505 -0.0812065602977579 -0.0323035402443052 -0.0797647882970972
0.0744607798420568 -0.0791263142193392 -0.0965133943124848 0.0503985561322498
0.158187695707526 -0.0854483411886567 -0.426319871546152 0.0761701114355636
0.0636009169369364 0.0417949327034315 0.433237039849877 -0.0702081460779265
0.0847357913404904 0.0029932765787242 0.148944623130943 -0.147934852089972
0.0313001898960476 -0.0741873345687969 0.00670376258071989 0.0471044410132956
-0.0645347459111073 -0.0639660457430079 0.0779505829919263 0.105829876990024
-0.0701149452851643 0.0151040494345997 0.237578254574477 0.0377726449675209
-0.0359980045585862 0.0530754880132535 0.285356488956247 -0.147220562006985
0.00579202835370574 0.0763949196814775 0.222110187557496 -0.28152593713521
0.00362276417949675 0.0854846761308341 0.170156767302371 -0.336143140848803
-0.0104081014983106 0.0875582730823713 0.204123425936318 -0.318574342815562
-0.0590764504406894 0.0597512451530587 0.26273983682898 -0.197945628573083
-0.0857397383043513 0.00376033599602784 0.230149621906135 -0.0345509602271403
-0.0786956305643398 -0.0840783641698939 0.105644276603779 -0.00796508741413373
0.0533573832244345 -0.0959039548521101 0.126025793453327 -0.0770433279035416
0.111937272883957 0.0157895792204306 0.365915006217278 -0.110650685379332
0.0646902582807944 0.0730955336533767 0.662198753047267 0.0927888516765158
0.24851965258818 0.0225967410393757 0.40505751902674 -0.0646628197129743
0.223276743774138 -0.0792810359225539 0.145460125205085 -0.135562388563217
0.0570823702634434 -0.209982991791064 0.0216747500351009 0.0307160728371745
-0.161981828876601 -0.172016566442453 0.0654564827781326 0.0858498841986948
-0.204787617062048 -0.0105034270317927 0.204311028019284 0.0479368786897004
-0.159921772700504 0.101017654234677 0.251177264686329 -0.111945479392137
-0.0780716550636113 0.185972671931891 0.202095428596099 -0.225348507948943
-0.0601985357563838 0.208132330715644 0.15676361261301 -0.274113517873405
-0.0893492716361373 0.215062457031874 0.174040924258976 -0.26568118496811
-0.206299005473952 0.135699856326128 0.22365016895296 -0.166811494670313
-0.250722098591448 -0.0160530102362609 0.196544909162785 -0.0373611796263505
-0.228084760200254 -0.221326030737545 0.0868107346734405 -0.0311354120493526
0.0735480478207383 -0.304244129146206 0.125038889969706 -0.113602625596094
0.308184289315471 -0.117562177479858 0.325785816265438 -0.128970317654604
0.322038352801765 0.0379331272642109 0.571138109353532 0.0611004916144829
0.410002580077104 0.00502077260830832 0.308884306573245 -0.0692567382494306
0.354222713367014 -0.166586874320474 0.105477532547379 -0.109407131839046
0.0808752642347271 -0.344814910497339 0.0350787165774924 0.023523344449248
-0.253643243600367 -0.275060037367675 0.0592859733261166 0.0598407673603863
-0.328873074177285 -0.037081760012508 0.153103990860285 0.0439149635245912
-0.272901286075895 0.136587069648079 0.181480768153715 -0.0693826018463765
-0.155381545849396 0.270068092270547 0.149558803189323 -0.138870333495808
-0.11295990009979 0.300564952996464 0.12065944064501 -0.168985279675105
-0.147711774526337 0.310314816786313 0.119333595127306 -0.170109662287366
-0.314568207905657 0.198240143972827 0.15129382567372 -0.106151978142567
-0.380780586393913 -0.0174525630478559 0.129309609934172 -0.0309195262644484
-0.362782468511457 -0.311624543529222 0.0482985978277788 -0.0506530094776047
0.0547917338276769 -0.472792984886654 0.102849495993946 -0.142549991424861
0.441234183478161 -0.250578094950764 0.248221268599613 -0.127575599885193
0.524188338374197 -0.0150439104320293 0.40505169330257 0.0374206131889572
0.526024554334119 -0.0155008947956996 0.147660202613079 -0.0804050649450016
0.454476209780909 -0.251647174128285 0.0196307184178266 -0.0644857854026096
0.0931177369569097 -0.464364914699342 0.0361644400698085 0.0272742084353927
-0.332875628051871 -0.353276187298987 0.0472348771804281 0.0280392529644116
-0.423928934637075 -0.0567932790986088 0.0771331249157628 0.0307613534123451
-0.355239998488108 0.158766843552492 0.0791551849842269 -0.0183655756904321
-0.213513074125438 0.318557408313668 0.070084635367577 -0.0293504986284121
-0.149823560009245 0.347427306866242 0.0671062064613924 -0.0388426306217593
-0.181319732447669 0.354951887538178 0.0518267402044015 -0.0477561545917579
-0.370744209832423 0.230709640984062 0.0599212407359757 -0.0217697912796585
-0.450905177054187 -0.0130769957201288 0.0370426749747579 -0.00876911674370693
-0.445186382038677 -0.343566156970559 -0.00644290560166087 -0.0610490383446922
0.0193595344309244 -0.560186516868925 0.0652050379529084 -0.151837341112262
0.490073395767247 -0.340586959911783 0.147669120559352 -0.0986026442266476
0.628306846842097 -0.068751728581253 0.191978852070572 0.0315329515659616
0.568532610973971 -0.0344702875551697 -0.0634552500257462 -0.0942626527341788
0.491585965090177 -0.305138189876801 -0.104819558768887 -0.00365294353071885
0.0883900963348499 -0.521751451144841 0.0183367088694078 0.0368707546774652
-0.367451975147183 -0.379337604500172 0.0191192727222322 -0.00598330939855708
-0.455786080096436 -0.0632246108139177 -0.0218743004096152 0.0153771394531685
-0.381783432703877 0.158598789083398 -0.045256134411736 0.040562039612453
-0.237943259768546 0.321575776638131 -0.0246859621726707 0.0891564168067789
-0.163036413007084 0.342146215883998 0.00332793067685149 0.096604397331569
-0.189249581051151 0.343832188411261 -0.0199731496342557 0.079699533975075
-0.370183561605326 0.219493013829197 -0.0357316282469669 0.0678642881638302
-0.441939597898993 -0.0156613969857828 -0.0604501162912895 0.0199483913561065
-0.435168026181826 -0.323852062361374 -0.0627894701404377 -0.0615783524732517
-0.00379863659959161 -0.538627794758753 0.0232375016279223 -0.14411691883397
0.45866035471205 -0.35100033574026 0.0481717775038958 -0.0502635041355554
0.626291124872768 -0.100251478614081 -0.0279465942712616 0.0388173827460482
0.519780139094885 -0.0540843183966565 -0.290804033572063 -0.106419475151898
0.439125588076956 -0.302042590960164 -0.241593348272637 0.0626200073605199
0.0678274792856885 -0.477251564903087 -0.0162869934731413 0.0480562452530367
-0.326906810864003 -0.32914506304733 -0.0191966157249433 -0.0327918616044929
-0.397289582647809 -0.0589867082261796 -0.122016946161141 0.00129662961833154
-0.339401191470208 0.13399030062469 -0.166700531606956 0.098843560314664
-0.222189463427133 0.273686900990332 -0.117806613516013 0.197716950954234
-0.151957023808252 0.284532637154114 -0.0622100191075332 0.217783016974663
-0.171604652597592 0.279545886366203 -0.0883456374353034 0.190835209563028
-0.315619540292283 0.167641725128461 -0.123536442229943 0.141307746978749
-0.359734138014003 -0.0304735792145784 -0.145809415847546 0.0394581067316794
-0.335171297399447 -0.262558070637444 -0.103348210578007 -0.0624386654858255
-0.00190219936240428 -0.420510832167329 -0.00800250329970079 -0.124703559640335
0.363574856980257 -0.283266282987168 -0.0296998565633502 -0.00207948964741009
0.528540962938474 -0.107453192185194 -0.217408963030965 0.0503449559315799
0.375676086404108 -0.0659318997538265 -0.492949940437484 -0.109708123041695
0.2985629010699 -0.234691156011393 -0.358907580987708 0.120254662524257
0.0298813217737661 -0.330992017815897 -0.0578325571120805 0.060631839148137
-0.219750488616777 -0.206859340182873 -0.0540522656660018 -0.0426994823048775
-0.260703374186851 -0.042393949195572 -0.195383700389537 -0.00660808641325617
-0.234647042123687 0.0835856570789285 -0.257326370040704 0.144496583955637
-0.166947159296901 0.179774494939674 -0.189708404601647 0.278885152994538
-0.11799745126736 0.183833743255463 -0.117998069361106 0.307257505218564
-0.132577835106751 0.175130792204413 -0.146263280188509 0.269487585274729
-0.220812609845535 0.0918656714842358 -0.194924646681925 0.182208130009175
-0.229586641507003 -0.0420329165153657 -0.205719900040541 0.037766748495813
-0.187523961985327 -0.172436348458257 -0.119482188971879 -0.0698653162843461
0.00698313768020095 -0.252338170826277 -0.0230465900350022 -0.103221793924009
0.228734770120901 -0.176932159166572 -0.0754082634242246 0.0311977852131448
0.357460990336528 -0.0962414371541554 -0.348763829116953 0.0592323564060096
0.165105715984366 -0.0654641473201021 -0.627486140699819 -0.103742680667873
0.103300521922153 -0.126462486858254 -0.430349412976654 0.165068975694005
-0.0162111236853287 -0.12620736230289 -0.0930902232969173 0.0805129017237381
-0.076269714336589 -0.0498598370866359 -0.0701856428002384 -0.0291487211875872
-0.0819874702114114 -0.0227387090904869 -0.222337159464064 -0.0075838735663423
-0.0918230145847763 0.015084086796438 -0.296568844057576 0.169092467826674
-0.0855457322024029 0.0542078546328494 -0.22747253646631 0.317389509966238
-0.0653353788454185 0.0536203586692328 -0.153945239290673 0.350956679672751
-0.073017061727538 0.0504202813949359 -0.185926419665922 0.305224033935753
-0.100005301079154 0.0149409582739878 -0.242193715334001 0.188001839968281
-0.0854536326396052 -0.0378359666281921 -0.237868699137835 0.0187361245124782
-0.0461072771461957 -0.0641791926559785 -0.116689998932713 -0.0811099096586399
-0.0010867582869464 -0.080447826071132 -0.0269087268500179 -0.0808247328334679
0.0739647367778448 -0.0763610666548016 -0.0941503728305147 0.04747957367909
0.152116389638478 -0.0804322428578791 -0.410190672190559 0.062334925050685
0.0620248185880659 0.0426182723721078 0.431088039379873 -0.0687174564760946
0.0856529633725329 0.00362950955328556 0.148073725831223 -0.148459574801583
0.0317596441138441 -0.0736332865915026 0.00882628417816472 0.0471651751994232
-0.0656803456683282 -0.0648070584930082 0.0785196557959379 0.106282181327563
-0.0692291379631497 0.0145134428276061 0.238369535517557 0.035189885900272
-0.0353123752846671 0.052798311903242 0.286453720555584 -0.150714575874543
0.00618788836268865 0.0759991414213052 0.222670171470348 -0.284304549240271
0.00421634759785154 0.0855202164618331 0.168544525646343 -0.33776475593067
-0.0100176915887868 0.0889251303216569 0.202752982563983 -0.321094074044068
-0.0602979157795693 0.0608496928967937 0.263220328043986 -0.199287365825979
-0.0867706813847089 0.00279804131679672 0.2315124104803 -0.0341817242192233
-0.0792746856174798 -0.0846644583792192 0.105323301357014 -0.00610809370248328
0.0547223835181977 -0.0962653922623099 0.126826853045909 -0.0749503948860241
0.111336378179392 0.017057596376589 0.368489609938745 -0.110217635675309
0.0637675536041732 0.0742655288358705 0.660408443299703 0.0932686303309248
0.244678924674987 0.0245698393088595 0.403311170960126 -0.0648178211320624
0.224256206681055 -0.0783200955295003 0.145017847890401 -0.135462356738402
0.0567417774290877 -0.207995937485252 0.0245257997335752 0.030826582619947
-0.162543256560565 -0.17137668658267 0.0663899751950661 0.085717904590969
-0.204064875720915 -0.00964329304461043 0.206139038787363 0.0447717356466979
-0.160309656724519 0.102234150871087 0.25194727340635 -0.115211382089237
-0.0778053786316293 0.18610505717468 0.202699769537059 -0.228518261213136
-0.058936816676845 0.208517108766071 0.156546550963662 -0.275513523394098
-0.0878817631521826 0.216433871751736 0.172555730659276 -0.266238046970628
-0.207895503572946 0.137706543216753 0.22527602602775 -0.168643396999547
-0.252179337624593 -0.0161212653125141 0.197178294817255 -0.0379040223234007
-0.228855010947586 -0.22119138042581 0.0878645870758352 -0.0292786086008055
0.0746669211456115 -0.30548570023159 0.124554817244701 -0.112002213962102
0.309105805386972 -0.115966028141652 0.328547622488901 -0.128204414652114
0.320994843721082 0.0413006917823235 0.57068328516871 0.0624391803721856
0.404912111844605 0.00688195318389921 0.308821524991045 -0.0694755706961832
0.354486938303286 -0.163822954785282 0.105203751451334 -0.109203623664742
0.0810473079300922 -0.340920893678241 0.0387802623804607 0.0238528041001954
-0.253943493414998 -0.272223542581462 0.0611744125563672 0.0583775797663054
-0.32892686129088 -0.035693553328632 0.156248493312887 0.0396320299856997
-0.274450508091372 0.13902328010987 0.182334648723134 -0.0714670203567562
-0.155019132818146 0.27111651141046 0.149754510426413 -0.141501000675654
-0.112683507158051 0.300446531428077 0.121366842432853 -0.17037270488061
-0.146726003223096 0.311026704625839 0.118795155672353 -0.170010657694117
-0.316384836750571 0.201977438108527 0.152346523691734 -0.10814727683837
-0.383229811410669 -0.0180141069010042 0.128826668252504 -0.0315174298097547
-0.364215420322176 -0.310134529931776 0.0497375698807326 -0.0498236985729431
0.0569750070819855 -0.473738106224886 0.100959148559113 -0.140859789701274
0.442756304618692 -0.249073060434221 0.250185422610882 -0.126631976031709
0.520010326843349 -0.0100792191388072 0.404754384988287 0.039714516255297
0.519659737101142 -0.0116683247304541 0.149880691397233 -0.0819328070740278
0.455164226080183 -0.248497037277456 0.020297425540666 -0.0652491121036412
0.0925674630895433 -0.458927541998405 0.0399425245696718 0.0271441958641261
-0.332667333418217 -0.350404773218865 0.049330469303133 0.0261829278927254
-0.424330759391251 -0.0534608102863222 0.0806174414602478 0.0258960899459075
-0.356992952156865 0.162111045379128 0.0792035572697161 -0.0197697247021508
-0.214190248463476 0.320161661921467 0.0708711425224389 -0.0307003798177201
-0.148832381356833 0.347368612240303 0.0690315876361125 -0.0392700942348843
-0.18003306595342 0.355618523405243 0.0519131773591535 -0.0474893606581259
-0.372136289504143 0.233794370576851 0.0609915139091295 -0.0238523404704619
-0.453060535268536 -0.0126301657798066 0.0369580839007759 -0.0102899972460291
-0.446727081365976 -0.342095007971572 -0.00392910397484206 -0.0600024936950616
0.0196513134996577 -0.560881664968332 0.0629586945789611 -0.152134007249699
0.493219961033958 -0.338431013307296 0.149225260462755 -0.0980937324745388
0.625016117511614 -0.0627615339711633 0.193374781915607 0.0341887953322936
0.562885251258211 -0.0328629036417993 -0.0599194812182654 -0.0974480437130158
0.493899426540584 -0.302861728327569 -0.10371961248525 -0.00425224349198431
0.0882144255525163 -0.518885723924343 0.0215330281867281 0.037022702515477
-0.367227958291618 -0.376724075609938 0.0218240662183957 -0.00741926796388463
-0.455928073129828 -0.0597170789402065 -0.0175253058856135 0.00996752611963094
-0.3845588833938 0.163771531989091 -0.0455742114193733 0.0403162578089427
-0.237829490828938 0.323151583548103 -0.0231059718312304 0.0889654642806743
-0.162782999996188 0.341417690037677 0.0061578108238646 0.0962690934424025
-0.187747736565854 0.343688836858747 -0.0195847725308895 0.0810101912459395
-0.370737889409471 0.222727150560058 -0.0348444809259209 0.0670902240824838
-0.443493087376604 -0.0150108967537522 -0.0618470518094349 0.0180355139718646
-0.437190918611536 -0.320741109638998 -0.0600057701407005 -0.0613826412423981
-0.00331959229090537 -0.537366592767114 0.0202339963136284 -0.144271952974417
0.459891297510781 -0.349438709504165 0.0483799343753277 -0.0498728595697283
0.62535990500295 -0.0955842849775016 -0.0260925732675652 0.0419414205495065
0.514475618343186 -0.0508842610592575 -0.28577496402811 -0.11018412678042
0.440478166476438 -0.300073357826826 -0.240520104741653 0.0615214228413636
0.0672879296732268 -0.475542719233277 -0.0144200430842494 0.0484741423615984
-0.326502470519998 -0.326892060937758 -0.0175076679202281 -0.0348477895185936
-0.39875896084248 -0.0557819831281487 -0.118110277155413 -0.00232426464821818
-0.34243485296554 0.138121519846696 -0.167500750267595 0.0997063692551087
-0.222539368058901 0.275931568402542 -0.116476817101674 0.198757518940496
-0.152108586685459 0.284165594155437 -0.05886328292139 0.218255764948915
-0.170635785882339 0.278608744565704 -0.0872708455359415 0.192464738165779
-0.315599515594911 0.170007227805059 -0.123288219475874 0.140271615179116
-0.360756219006881 -0.0284974794341541 -0.147203632427331 0.0383503145389862
-0.336302367095538 -0.259253279274055 -0.101084876311159 -0.0627734611843113
-0.00269592975734969 -0.419781251140291 -0.0104804111032104 -0.125346253771299
0.365473200368146 -0.282651642456986 -0.0299001144827585 -0.00187817332818004
0.526328594154364 -0.104281502370936 -0.214599204064871 0.0538378263858674
0.373414226599263 -0.0646008090634682 -0.486908116195331 -0.115385131667085
0.299558628831975 -0.235086356818848 -0.357259424709024 0.118828134896488
0.0295245879674904 -0.330269887723315 -0.0576990100270146 0.0606709123460302
-0.21885983049172 -0.205319199467184 -0.0526113532185443 -0.0443150489068946
-0.26219201304986 -0.0400868137693315 -0.193126103785665 -0.0087233833281716
-0.236117448846372 0.0867188935627748 -0.258912893891857 0.146952251372026
-0.167576514461042 0.181504550255783 -0.188813209825633 0.281594465005738
-0.117936358827233 0.182979569132833 -0.114383822234835 0.308963784347772
-0.131661031103123 0.173749755948874 -0.145653128185328 0.272027727130054
-0.220217332080699 0.0934967117677279 -0.195132221805482 0.182476749909978
-0.229801359930289 -0.0405166795870117 -0.206745747223592 0.03704125461781
-0.18854722656049 -0.169440897185506 -0.117965560914967 -0.0706062642760511
0.00492122404587384 -0.250764821928213 -0.0252892268243196 -0.104587782710938
0.229830200169212 -0.178070182885965 -0.0764237734992129 0.0316886216664832
0.355648523520443 -0.0948940328163165 -0.345374893873078 0.0626128664073284
0.1648887941116 -0.0655441718486698 -0.623037152347744 -0.108194856077566
0.103087945480329 -0.126522511216697 -0.429076619436345 0.164053950062151
-0.0165716602830051 -0.126421512364888 -0.0945109164998209 0.080456886699207
-0.0753199503774237 -0.0485747519320336 -0.0704766393217049 -0.0301961795898852
-0.0829140066954791 -0.0212704822623934 -0.221520419585285 -0.00825239786174558
-0.0924750478015388 0.0166170132785822 -0.298258679677711 0.171231441259372
-0.0857176177104811 0.0553278846659218 -0.226052165711641 0.320197955764853
-0.0656188813771516 0.0530249061832992 -0.15049828710762 0.352364559507867
-0.0727137130660724 0.0482151710390133 -0.184346671871076 0.3074395546498
-0.099024990581361 0.0155520124368529 -0.242289714584004 0.189217493207146
-0.0844482784542282 -0.0364911066959391 -0.238563180305369 0.0188015020256981
-0.0460678977168433 -0.062345784983756 -0.1156495840868 -0.0814804736372137
-0.00240349226318193 -0.0794156998259884 -0.0282473198017646 -0.0826570147485343
0.0744084933664526 -0.077424755681635 -0.0955727181193767 0.0480468399092358
0.151615254675442 -0.0804853590747884 -0.407782175954956 0.0665896451167178
0.0630660506000877 0.0447459429513145 0.440430798437448 -0.0707683114619402
0.0892595459210794 0.00430644938450175 0.150021637670144 -0.152188786709865
0.0327085483298428 -0.0754391319830961 0.0114658318293428 0.0485764447620176
-0.0684111896770757 -0.0664954051472569 0.0819605974667838 0.109108471569897
-0.0706979669837955 0.0144713752224753 0.244601300734219 0.0339300438493456
-0.036221463204729 0.053610895051694 0.294088068760161 -0.158632498439901
0.00706330292510263 0.0776771960672244 0.227295583927002 -0.295556331481634
0.00572813959301769 0.0884862432391551 0.169887237947612 -0.349575621427632
-0.0094130059507877 0.0930468175195386 0.206098592350395 -0.331066445847432
-0.0625433046793747 0.0638460710918054 0.270994793315734 -0.207246497973028
-0.0905932419695684 0.00258660045275418 0.239502252970053 -0.0347860914216051
-0.0817857601725801 -0.0872887441556574 0.107851206018991 -0.00523228272535667
0.0568541359212782 -0.099256112662886 0.130858757453525 -0.0754879917909642
0.114382549627509 0.0187734298646038 0.380476756462662 -0.114330760053713
0.0650251462765319 0.0770918393991777 0.674438158681463 0.0943356339717162
0.247651342883328 0.0275797859549512 0.413321970224954 -0.0665269202759126
0.230786011613752 -0.0798736948712555 0.147506342237512 -0.139825380122445
0.05796011464352 -0.211114342385302 0.0287437995534324 0.0316360808448787
-0.167716923822224 -0.174198077184252 0.0695300615741063 0.0874341282158427
-0.209473271686302 -0.00895478991146604 0.212618652402477 0.0426414434856276
-0.164750752372063 0.106009927174563 0.258857755532622 -0.121300633011992
-0.0788629083197122 0.191332009149277 0.206963734595186 -0.237905243295258
-0.0585414373282857 0.214393987573304 0.159042644760196 -0.284714895797817
-0.0890673646671182 0.224265500393119 0.175856762484127 -0.275588603269243
-0.214134309238724 0.144653080739991 0.231364688796759 -0.175954987147111
-0.261434321760763 -0.0169310277414701 0.203631796149192 -0.0394621439401058
-0.236423918025217 -0.226304458194988 0.0910207947470859 -0.028979961812576
0.0770700085993898 -0.313630309739163 0.127275125978781 -0.113676105016188
0.318506633286588 -0.118431595789272 0.340249511044731 -0.131883011190038
0.328275608975884 0.044872114223138 0.583801363267412 0.0636072658969487
0.410132632759199 0.0105562923883964 0.318211786551853 -0.0724085220946225
0.364435370754698 -0.168312459081175 0.107704171211753 -0.112523807332997
0.0819204516319501 -0.346018555058007 0.0436756011949552 0.0242751731725503
-0.260839408271906 -0.276675866876272 0.0641322640413931 0.0586830052530824
-0.337609488523714 -0.0340285038027192 0.16245729692761 0.0362984316545938
-0.281515068583553 0.146565020412765 0.186853756477083 -0.0766560946339866
-0.158850696602574 0.280328694907632 0.153431978799652 -0.146988677945135
-0.113362129328046 0.308848540164531 0.125059367474282 -0.176546278310434
-0.14756875492845 0.32087949460497 0.121446118375193 -0.175194665263787
-0.325296065076311 0.211714522914268 0.157147867862981 -0.113781879654978
-0.39592939937843 -0.0182120854337517 0.132634026998972 -0.0332591357296219
-0.376070740001158 -0.316710864654756 0.0531444373591341 -0.0505213788550825
0.0590635912574034 -0.486723515839892 0.102554092506835 -0.143312338809933
0.45613319376067 -0.255962691753879 0.25883210990675 -0.130156622167845
0.5319680345628 -0.00713922773994369 0.416511312122412 0.0420294787053015
0.529251056511549 -0.00783145688592797 0.155735269224289 -0.0864670051126771
0.468676392332363 -0.253829524450172 0.0207220612288166 -0.0677195914841947
0.0936542296532598 -0.467461800840273 0.0446746308266612 0.0272873258177188
-0.341163830864302 -0.35657510017292 0.052025879409588 0.0256380044208095
-0.435097362743273 -0.0516079873610668 0.0861109637100195 0.0215241637122019
-0.367462955380446 0.170988549634628 0.0806016221777191 -0.021733551531985
-0.218836090794086 0.331670470424179 0.0731263875403332 -0.0328826034692319
-0.150277967172662 0.356901293547911 0.0726391777720927 -0.0426157431809086
-0.182275509416266 0.365513676782168 0.0531397720230079 -0.0486235516580193
-0.383666615105208 0.245089317442658 0.0636922624848667 -0.0264412148315667
-0.4670987486631 -0.0124753770174834 0.0365660327140307 -0.011554616210352
-0.461108470223145 -0.34841142466121 -0.00177929139949121 -0.061528781861087
0.0203956839608296 -0.575641318754517 0.0625129470650848 -0.154939132568429
0.506406880295616 -0.347263435372574 0.154295381316554 -0.100558673994296
0.640456681698484 -0.0595219921656146 0.200028900007665 0.0374642022672221
0.57346955274831 -0.0302010128640978 -0.0582172955697537 -0.103510322427843
0.507839775857796 -0.312422354891066 -0.106446894465733 -0.00546472729933178
0.0898394110953817 -0.528299935884743 0.0253109534386408 0.0372892197325129
-0.37678413389525 -0.382917493327846 0.0240021225468598 -0.00969605734102509
-0.468854818156348 -0.0579937982164062 -0.0150191499428053 0.00559145872947212
-0.39608544001546 0.173326723890478 -0.0472017166339623 0.041158276609801
-0.244385798380232 0.33542270281143 -0.0229752771110724 0.0913408877836017
-0.165227776610544 0.351762842239783 0.00917010322682004 0.0976747916641771
-0.190297779375731 0.3528282307368 -0.0189994371968017 0.0835595139422375
-0.380850135283839 0.23295665574678 -0.0352370602217422 0.0675853599542684
-0.457564568373421 -0.0136008885166006 -0.0645868130687753 0.0180060333814192
-0.451476039765244 -0.326364088115718 -0.059635385549084 -0.0630761967890678
-0.00482529539549381 -0.551822112935483 0.0175558032686354 -0.147834632402857
0.474913614164966 -0.359296809683119 0.0497619274405783 -0.0511962282280034
0.639068696319964 -0.0946490280808091 -0.0240577243140812 0.0462253350556184
0.523515448158169 -0.0510681970502842 -0.290086464992554 -0.117068028148205
0.454848667840626 -0.309679011191901 -0.246057705752078 0.0626102806555984
0.0677343631544734 -0.485733510085242 -0.0125632452721148 0.0493979773344068
-0.335682793720863 -0.332850809389679 -0.0164734947623734 -0.0376343701042344
-0.409875379512699 -0.0531202899270407 -0.118508263618401 -0.00607035012800408
-0.351735389754341 0.146801042895092 -0.172196083206879 0.104513208677298
-0.22698016434789 0.287071762631101 -0.117901605905728 0.205616162723629
-0.154785217452572 0.292510514002594 -0.0568294245307103 0.223368451740957
-0.173224224814823 0.285589009665264 -0.0875693789162229 0.198926900555059
-0.324230222258128 0.177845124683064 -0.126208884460318 0.14422917326549
-0.371005051518447 -0.0282246580653694 -0.15302981277186 0.0385957421238611
-0.346870924195704 -0.261136133102052 -0.101689200680139 -0.0653536288173633
-0.00404092656254759 -0.430001769545602 -0.0145707414943905 -0.128907661323327
0.377082482432854 -0.290630157521914 -0.0310425732359693 -0.00188349749977772
0.536195970232158 -0.104890077186402 -0.216880547098534 0.0594428192414392
0.381838463327628 -0.0642749815780177 -0.496529158056384 -0.122846744646023
0.3083993340436 -0.241908211566883 -0.365554453488145 0.121678489440834
0.0296355671896453 -0.337236671698707 -0.0585489385312578 0.0623198853087115
-0.224032522608133 -0.20910391223663 -0.0534249310407853 -0.046546844719728
-0.269096373570448 -0.0383812036714631 -0.195850247140522 -0.0111247782547545
-0.243114311339742 0.0926542894905053 -0.265937165777903 0.154203448506122
-0.171251585391494 0.189204890724732 -0.191059176914588 0.291891364815788
-0.120536731904688 0.188459327845969 -0.112466334112102 0.317077967230874
-0.133960783238892 0.176900055242336 -0.14651661300442 0.280678575925771
-0.225003467888742 0.0979563495328901 -0.199622178577427 0.188082039504441
-0.235545399257859 -0.0400860030995723 -0.214063746467297 0.03896223673317
-0.194358756629219 -0.170118091907703 -0.119573583872529 -0.0738325766442215
0.00384411942971583 -0.256163873786764 -0.0286087806547862 -0.108095369897195
0.236387187297353 -0.18319503379329 -0.0791159643424749 0.0332029418694511
0.363190680476467 -0.0965524299743425 -0.350936826302867 0.0689940648117513
0.170061076950887 -0.0673507724070059 -0.636413683133498 -0.116400322117303
0.106135186375477 -0.130143480728345 -0.440088347314246 0.168124884965094
-0.0180922073160706 -0.129589674925225 -0.0982631624226177 0.0834433459860301
-0.0760294519839884 -0.049523967960833 -0.0718278368118586 -0.031618465376859
-0.0856476192978553 -0.020235105842858 -0.226349797844224 -0.00891267653402818
-0.0952589911069458 0.0193277323918244 -0.30598437379455 0.180073255673646
-0.0873467683621774 0.0583871801647847 -0.229225167114037 0.332362110903054
-0.0678177059952974 0.0540014531417873 -0.150319412048114 0.362916767146831
-0.0745017400305918 0.0483657010192945 -0.185807178153004 0.317786606711262
-0.100974191404057 0.0159190672305422 -0.248190568810452 0.196638829248608
-0.0859944875757916 -0.0363105240073148 -0.24613981734675 0.0200257692647889
-0.0472149792525114 -0.061593414062619 -0.118302876234687 -0.0840776813651976
-0.00427779172722334 -0.0804910358616556 -0.0303099823500377 -0.0854400745380741
0.0761548588763966 -0.0808476793716144 -0.0993147908137575 0.0502322492966341
0.15441085871478 -0.0824763201238694 -0.414875449792743 0.072738935007843
0.0655302989509758 0.0467491603861602 0.45746453081393 -0.0826325408470242
0.0941689259744897 0.00229697095490575 0.151747073593759 -0.16196809365476
0.0326665495719247 -0.0789050193938797 0.0157412382323451 0.050542556691815
-0.074056819983983 -0.0680671159179128 0.0884457165255649 0.111584879086786
-0.0736467188406386 0.0160919657035265 0.255723415193857 0.0272798032057655
-0.0363289496085462 0.0562517475071922 0.302634415206062 -0.176261024063129
0.0096758797008921 0.0797730422208093 0.228124854767285 -0.316929090681647
0.00945774013673661 0.0922343551017161 0.166674774164542 -0.369706408804415
-0.00672187518172811 0.0984915458682255 0.204800462338591 -0.351847397971531
-0.0646518284970643 0.0694853757574798 0.278454758804246 -0.226187726579294
-0.0966844747000912 0.00394017920400119 0.250719147396773 -0.0419506857465519
-0.0883921240737379 -0.0893481440339967 0.112589692569413 -0.00679416381012757
0.0580440298079175 -0.105266742950834 0.136269972361155 -0.0799173053944042
0.120014742497868 0.0178258660784352 0.39652283413759 -0.128352355863304
0.0695326592821178 0.0799726691071745 0.702720754410653 0.0825622573930191
0.256180199880992 0.025682249329508 0.429225898751457 -0.0784246716057791
0.24022128154332 -0.0880448602183219 0.150068967374025 -0.148954338645759
0.0562328578340848 -0.219288269765208 0.0339863687151815 0.0322179288043916
-0.179886244098278 -0.176610905169721 0.0758410305079316 0.0888450838805673
-0.218549071263108 -0.00429597636174564 0.223623032979551 0.0357125396629149
-0.169362101996722 0.116040207962489 0.266823539971781 -0.135556089780794
-0.0771007537458707 0.202460403448993 0.208918841148574 -0.256358927899706
-0.0547376781758562 0.225914243451486 0.158040225096407 -0.303375209586469
-0.0856945749234808 0.237095620938957 0.175309256275523 -0.292809608766899
-0.221235991300639 0.159698366667423 0.238081404253796 -0.191980995060131
-0.27602979138787 -0.0122490601917636 0.212438430449801 -0.0460119314516081
-0.25369865340016 -0.229669652795149 0.0954839815709346 -0.0317230018507067
0.0739197193607834 -0.329757151563395 0.130793928251063 -0.119365805718953
0.331266986817123 -0.130285943406074 0.353667941973942 -0.145848851460262
0.34281601966718 0.0422170782083839 0.610515867793277 0.0532579504990454
0.42422464962157 0.0053542272458273 0.330707861762765 -0.0842682120435612
0.377826837754517 -0.182615892940328 0.109034205243792 -0.120507298087378
0.0778797520350502 -0.35897222472779 0.0497695827979613 0.0230646293653598
-0.278961532693016 -0.280200920024855 0.069929682315087 0.0591260319655314
-0.352518962336673 -0.0269517931139651 0.171633087089566 0.0294715138733643
-0.291325187339424 0.162239394535103 0.192769935015791 -0.0861429602331373
-0.158344284958702 0.298305083532443 0.156346792757941 -0.159962137025437
-0.109021204722901 0.325424131793574 0.126001525372672 -0.189280924600661
-0.145325170295775 0.339281373585409 0.121962149447122 -0.186194961981045
-0.335774509080283 0.232954123121976 0.162231396389521 -0.124836176439862
-0.416211138694688 -0.00970101033408914 0.137682680864306 -0.0376967929676305
-0.401709446564197 -0.319792994978716 0.056177819309792 -0.0537702249167921
0.051701402678495 -0.510985896356126 0.102567122620051 -0.150345543188044
0.472885921988515 -0.276140914274778 0.268995985326202 -0.141794228910009
0.554347290369915 -0.0150968414892179 0.434615313283783 0.0353926186101565
0.546523202333001 -0.0152192540162005 0.162853177676625 -0.0960811920394465
0.484022681534214 -0.275083086296879 0.0205160680350606 -0.0716013918910412
0.0878875271955396 -0.485446329013507 0.0510056076922333 0.026398248095592
-0.365364103898894 -0.361027943371964 0.0569020953546011 0.024251716134242
-0.455162862565947 -0.0412405927425844 0.0928692810224652 0.0152237187929089
-0.379768850450717 0.191678264557726 0.0836239781901503 -0.0258892512961863
-0.220107889074016 0.353792041801123 0.0758549354527868 -0.0371153139948369
-0.147378011332558 0.376413492776293 0.0759513700113376 -0.0485483234788852
-0.179601668377054 0.386509716098731 0.0546239750233896 -0.0514672972778071
-0.395447958852914 0.269345410166105 0.0664255645218983 -0.0308687755963788
-0.491291286004723 -0.00217118052437262 0.0376742611793943 -0.0130541519053381
-0.490424313155573 -0.348803322026443 -0.000996322418588479 -0.0648299886552945
0.00837136777768887 -0.603284171340524 0.059457823191649 -0.161424930847917
0.525381152205692 -0.374844369064865 0.15988037143449 -0.108970353782433
0.664789788157083 -0.0719793647136424 0.211618194808791 0.0364181904386523
0.592526155606761 -0.0399203568873312 -0.0600787514537684 -0.110455133228371
0.524772136484782 -0.33683157765593 -0.110389770734403 -0.00409773385860381
0.0813787490516804 -0.549973718842276 0.029725360818032 0.0373304682892973
-0.402020458569594 -0.387300986222293 0.0266292603011549 -0.011981872178349
-0.489756281537667 -0.0461105926584089 -0.012171844565775 0.000671970600414366
-0.409357091121856 0.195615659628957 -0.0483681130332723 0.0440952587992892
-0.245362416883581 0.359309086398357 -0.020838461470146 0.0958828862114003
-0.162484780034477 0.371195248731362 0.0142473205822687 0.0996609391980754
-0.189033772699335 0.372304327296082 -0.0170364867675167 0.0884151087377288
-0.392496231296423 0.255653881169409 -0.0350992969292747 0.0704525472171513
-0.47945249488229 -0.00280518927157091 -0.0689468761153086 0.0208282048563281
-0.479960516752883 -0.32470368242499 -0.0605748142854098 -0.0658985654501435
-0.0174692945460626 -0.576380850130882 0.0122525630382731 -0.153957357684512
0.489990237945903 -0.386234551271212 0.0512006879074188 -0.0549774217320775
0.662230207837543 -0.108785847427002 -0.0205761845598578 0.0515154394921094
0.542005421657312 -0.0613523776517189 -0.301941375234035 -0.12087127296672
0.469502524214486 -0.334059518176767 -0.254512747415223 0.0695876221642298
0.0595064306179179 -0.506616901469588 -0.0103614429202717 0.0512877270667894
-0.357849233301806 -0.337529174142406 -0.0168652489163274 -0.0403706335794084
-0.428551492566612 -0.0428250639097039 -0.120990839282735 -0.00834086250600982
-0.364561273696993 0.167157304383621 -0.17734527747979 0.114093714383235
-0.229051199545619 0.307920760764165 -0.116157103924887 0.219316067804887
-0.152895057144639 0.309394211525763 -0.0502825135188652 0.233573009740767
-0.172514682543904 0.301006851608763 -0.0861236153946437 0.210287813093819
-0.333653023093924 0.195512931571179 -0.12774312876992 0.154218937298168
-0.388541887480956 -0.0196656662018007 -0.160775194804297 0.0443880563454667
-0.368214288048504 -0.261074673233259 -0.106087895192289 -0.0671388509586291
-0.0145974668881517 -0.447945029764196 -0.0210277779449184 -0.134633699249371
0.387473999211105 -0.312542166249118 -0.0328707671336648 -0.000638334047748641
0.555997354586518 -0.117132479767296 -0.220881821320972 0.0702683228132125
0.395193417978897 -0.0742399317428039 -0.516437082156603 -0.122774987400336
0.318335493427987 -0.259947267896968 -0.378380473596168 0.132902035962889
0.0226770422242112 -0.35159227073914 -0.0596375739855252 0.0666049224292275
-0.237978119549644 -0.211772558338519 -0.0560945558623835 -0.0488830517342284
-0.282032181592395 -0.0313523211329113 -0.202192263774745 -0.0102511968142478
-0.251846581014823 0.106297610529276 -0.273602851283793 0.170742478369064
-0.172730037591504 0.20443342157565 -0.190507584694545 0.31177946056004
-0.120570137238261 0.199249087583864 -0.107004548898638 0.333627431955746
-0.135295005675334 0.186818555728398 -0.145055792320991 0.297506594901364
-0.231438420952047 0.108525477645357 -0.203701973815143 0.202060181513268
-0.246898197354337 -0.035379333707806 -0.224272979097351 0.0457650739082971
-0.206596413475805 -0.169649771574069 -0.125116548065011 -0.0747381142577703
-0.00317712931910945 -0.265730203834737 -0.0347620503109505 -0.112732269833153
0.243206543064039 -0.197625225890753 -0.0822510193020452 0.037266541314477
0.374170127951884 -0.107189039383038 -0.360150456705604 0.0849052315979252
0.175114466443439 -0.0735911770374866 -0.662412413346537 -0.11265670335915
0.108688098185612 -0.138902437603002 -0.454503340719451 0.183651166508254
-0.022506729580345 -0.134866603706479 -0.102026528852036 0.0898036435648468
-0.0791916964632385 -0.0494817021476947 -0.0750767788605796 -0.0325113849137485
-0.0897766431082959 -0.017832832330711 -0.235430344694651 -0.00551290841464163
-0.0988696045800108 0.0242356422467653 -0.315300574495138 0.19940523173609
-0.0892769145559856 0.064226120724286 -0.228645463470595 0.356455572889845
-0.0695732727563882 0.0579897905714702 -0.144650922722143 0.382525975385643
-0.0772208080919879 0.0505720558365766 -0.184448070377311 0.33651397275852
-0.103690322966933 0.0187204602293405 -0.254617818890995 0.212919956461166
-0.0891575066385674 -0.0344963422955798 -0.258007502813715 0.0272840731878291
-0.0503796926195917 -0.0611219266131875 -0.124136512276576 -0.0862954673672017
-0.00791568329827469 -0.083034372748957 -0.0356602188005449 -0.0894956508344948
0.077992887309248 -0.0875937837174879 -0.103080766869843 0.055804079637163
0.1582377861451 -0.0898093687893035 -0.426853682687045 0.0895898907070664
0.0697990276116531 0.046679660709513 0.469653436644235 -0.10744691715374
0.0992029881588781 -0.00253576588093698 0.147892950360625 -0.176394469564579
0.0306217253348639 -0.0831133916886566 0.0215825577873732 0.0513155495900895
-0.0818299005168346 -0.0667719493928414 0.0993359351481344 0.110802344018635
-0.0758569185066458 0.0200753990845136 0.266570458892952 0.0129428453569381
-0.0349992902514064 0.0598930048492315 0.302716725642661 -0.202995313745479
0.0142677054115491 0.0816595420622943 0.216617206711093 -0.344328103046
0.0157972208929584 0.0953022558005681 0.149839973180746 -0.393748617094203
0.000463950357887242 0.103842233909009 0.191324241701786 -0.378332846158219
-0.0637782605228734 0.0775720821904198 0.277342480839687 -0.251920921058851
-0.101595574887033 0.00902544290696596 0.259786638169965 -0.0568411906361789
-0.0973976608813899 -0.0879600711508881 0.116741360048551 -0.0118879295247424
0.0552944224363712 -0.113008162242242 0.139116290564155 -0.0888166630458297
0.125968895846257 0.0134540949796119 0.407244366569845 -0.156241385366996
0.0756752563882296 0.0799261285549625 0.730282039199208 0.0481135951282558
0.26512310949598 0.0164767997709889 0.441339763126912 -0.10318271917545
0.24530142533412 -0.103683279612069 0.146858815221922 -0.161738993137824
0.0472894617548431 -0.227129861642367 0.0407047129290536 0.0303197503425117
-0.196452069274494 -0.172367073453362 0.0848267537627873 0.0874395953028431
-0.227337990460452 0.00774674525232547 0.234660151567595 0.0222987118906504
-0.169722579983644 0.130759412404213 0.268768152354587 -0.159365008244803
-0.0686076991371454 0.215036711406375 0.20082990947827 -0.280094957039599
-0.0431245582085818 0.237623190715249 0.145656287959684 -0.324874087056932
-0.0736120417680294 0.252085091949451 0.163992128807703 -0.314537125847777
-0.221170473194173 0.180783458371734 0.237150879851519 -0.215139445056729
-0.289658934643654 0.00219955115923971 0.220219708778822 -0.0594609850870903
-0.277243445806847 -0.224012164438952 0.0988448534403712 -0.03770195062275
0.0605446664755768 -0.348164516791656 0.130461622402471 -0.128739982643354
0.338418155565855 -0.152087059812438 0.361250654712553 -0.171136163921365
0.357164231637726 0.0281426692585934 0.63401744276158 0.025192531966353
0.437199002675505 -0.0115124930611979 0.33954782235757 -0.106087952986288
0.383933940338153 -0.208731975491871 0.106886619951914 -0.13046970341667
0.0629114101140061 -0.372527494818045 0.0564004836087731 0.0202972605449231
-0.304667685732708 -0.273308148682751 0.0772793591338609 0.0561478929853727
-0.367150644035164 -0.00794803260154024 0.180888391151644 0.016525880639171
-0.293772052198325 0.186674267260146 0.194917183808542 -0.102551983771818
-0.147781827375869 0.31987843735032 0.152276418532732 -0.176177874055445
-0.0941858084094379 0.343551346914931 0.120201428895057 -0.206332360730871
-0.129764974118456 0.360863253895869 0.115596279954529 -0.200408026539797
-0.335915470353402 0.263463781992811 0.161723622630125 -0.140936741068173
-0.436250542774702 0.0129578831243818 0.142246211116393 -0.0472337665242816
-0.435674916989735 -0.308709858654568 0.0571839691487545 -0.0592148912003928
0.0268925159140616 -0.533267090511546 0.098170843387395 -0.160085734977401
0.478685732544283 -0.310830293524082 0.273996485601869 -0.162641648723594
0.574726322474653 -0.040053285026931 0.453419299736606 0.0158284880302097
0.563695816311464 -0.0399937268895253 0.165138011034256 -0.111470855000183
0.48939725318053 -0.311178742256911 0.0172344809436509 -0.0759710413629134
0.0665845686797494 -0.50388155170423 0.0574213754421961 0.0232379183269275
-0.397923373158257 -0.353600108830302 0.0620746649893212 0.0202777313885488
-0.47432176246412 -0.0164204960641988 0.0992111039253186 0.00462785589973876
-0.383574255287368 0.22365434824678 0.0850662192995134 -0.0329808493035855
-0.206721017726062 0.381865196025741 0.0763789765353481 -0.0441491988574703
-0.1303100408236 0.399446348279032 0.0768129974261496 -0.057225393256208
-0.163200054963651 0.41043523862038 0.0535129055528506 -0.0564400259334278
-0.395393793630666 0.305291386854563 0.0674642670304741 -0.0373629980292249
-0.513219133579601 0.0250804838208691 0.0384821848987393 -0.0158206625520757
-0.529983369210016 -0.333682636002779 -0.00247380315383862 -0.0690299964561981
-0.0225848186644988 -0.62658273382258 0.0512365774080781 -0.170039221845591
0.528539508029463 -0.415421023395896 0.16145305103646 -0.12241373933723
0.686702510057975 -0.10413584250004 0.2232859338326 0.0282963983705233
0.610248797969419 -0.0681936240560989 -0.0663925137172875 -0.116273240935546
0.528633583317199 -0.378820327238929 -0.114455417416186 0.00069057553807753
0.0575324570636437 -0.570691292105333 0.0351375581207192 0.0360359278852349
-0.43847970218903 -0.379463191671211 0.028422791742406 -0.0158385856590476
-0.510947028820676 -0.0191023470566173 -0.0103394196466118 -0.00512568567982208
-0.414626201641395 0.229440128222673 -0.0476903555900882 0.0476196620420412
-0.233500587855207 0.39022273093354 -0.0154823062410967 0.100416390341557
-0.147441799522681 0.394554411347522 0.0214448538931697 0.100111373882851
-0.174225123483462 0.396806233973553 -0.012337648262081 0.0934593442379205
-0.393111075256796 0.291261894500134 -0.032006122741401 0.0739130231698482
-0.500983157124001 0.0229640711183826 -0.0709149894837027 0.0253615495425845
-0.516640131407934 -0.308495038994987 -0.0653060773858418 -0.0667845379818503
-0.0493164925371486 -0.597001650287057 0.00215231293510531 -0.159735618877817
0.490024678847341 -0.42758125285097 0.0508010802611809 -0.0596641124580872
0.681004187035758 -0.143110742040399 -0.015269452531843 0.0568110417276065
0.558035752018764 -0.0884687589998875 -0.317376430668539 -0.115218474003764
0.471101366028999 -0.373021454489225 -0.260595138552925 0.0849610046684967
0.0357714083286102 -0.525287447947702 -0.00715548380697371 0.0526704618025863
-0.388677899030252 -0.329269406564648 -0.0187575415890858 -0.0426768527859329
-0.447131916634631 -0.019339456888453 -0.124050572506173 -0.00845996400780955
-0.36814027578164 0.198508047727308 -0.178143169610871 0.129538769965272
-0.218587988050327 0.336190443887028 -0.107481555737513 0.235106262498765
-0.140870735474592 0.329504369611421 -0.0376878817070582 0.243327090725805
-0.16170024746648 0.32148592096361 -0.0765036411823973 0.223767686857763
-0.334843367599506 0.223944209054847 -0.124791731817671 0.166700920105616
-0.406070537224758 0.00147761028070911 -0.165906057020408 0.0552835367420292
-0.396758338841619 -0.246639480301572 -0.111995330925946 -0.0662621757907248
-0.040932759263112 -0.462895728697811 -0.0324889459726305 -0.138341051634965
0.387657894054383 -0.345781687648684 -0.0343297129549805 0.00122069762581623
0.569754414727508 -0.148561501349667 -0.220968592743766 0.0880092491893187
0.404758007161725 -0.0964053595906964 -0.540766111544944 -0.106058446729535
0.318504685762011 -0.288209985405322 -0.385532759355693 0.157474122569031
0.00469684042449988 -0.364346698548374 -0.0580901978444454 0.0720423910995949
-0.257844997352182 -0.206593914105017 -0.0607748400139368 -0.0493623394391001
-0.294432832249047 -0.0157144357050949 -0.20928656831727 -0.00405599623736063
-0.254567711663861 0.127650461166502 -0.274095844807519 0.193567202846825
-0.166334082282918 0.223979764714544 -0.178361020124799 0.33610868918733
-0.113959192319607 0.213618847311527 -0.0892300636154511 0.350275031823473
-0.12961233594468 0.200037949593591 -0.131811373463138 0.317173180147695
-0.234070067169855 0.126248822518519 -0.200501440315832 0.22287701539937
-0.257776416325964 -0.0221609683404532 -0.232180443492507 0.0603496423317439
-0.222507810588455 -0.161226421571734 -0.133081493963262 -0.0730933648616158
-0.019077741883825 -0.274662664615019 -0.0458617153450924 -0.116082774151045
0.242919587428094 -0.218727850191237 -0.0838701386068474 0.0437077657015828
0.382112494065539 -0.129342296562601 -0.363795709493399 0.10973375358851
0.177672514710571 -0.0858188471060321 -0.693866294469426 -0.0858144544153447
0.106513815696734 -0.150530734459854 -0.462987729623836 0.213440420721657
-0.0311775466481436 -0.13814445593428 -0.102051063484794 0.0993326690667924
-0.0837560436110915 -0.0473481735454728 -0.0798338301940373 -0.0307469118134779
-0.0940189069624077 -0.0127393870339818 -0.244787759101467 0.00489222478087873
-0.100953303688389 0.0321571413218065 -0.315337247231163 0.226780392435853
-0.0877499272473338 0.0729552272791974 -0.214570562867741 0.384508244115892
-0.0696434631434548 0.0639468972808964 -0.126258047259563 0.404490173600411
-0.0781200042563765 0.055739032574553 -0.170693003211906 0.360107157937809
-0.105952521432035 0.0242482778100698 -0.2525219133815 0.236580363089006
-0.0932935154418486 -0.0301367239264471 -0.267470777203986 0.0433062266752006
-0.0545910802788826 -0.0584254967621212 -0.13391822080014 -0.0837086515515725
-0.0143268790316502 -0.0840971771841522 -0.0443288135845977 -0.0918180177256443
0.0755265315649936 -0.0961993029635175 -0.105142825817923 0.0647640706382735
0.159013522010636 -0.101163418827763 -0.433535534035602 0.118225836241519
0.0376055327010296 0.0709248522108322 0.483283041669487 0.107569412828589
0.0900643666318213 0.042676090850003 0.210686817655477 -0.0994726402509043
0.0661140366866584 -0.0633080149639889 -0.00269467517577825 0.0570474292786523
-0.047176171389614 -0.0984530160954937 0.0426315715818933 0.146840796778781
-0.0801295043249154 -0.019553535907657 0.239427695220196 0.131038317499224
-0.059739740098157 0.0362473091824142 0.368288082464197 -0.053535091305225
-0.0213945512045874 0.0772831552152172 0.348671725777838 -0.221504157663005
-0.0266221892166119 0.0942473716945093 0.302744538171899 -0.295759843518298
-0.0446452244518491 0.0941187783893219 0.332291883637313 -0.265672967066301
-0.0923801733321939 0.0431226694515104 0.358233466585817 -0.114566081766162
-0.0980050490065184 -0.0375497379271221 0.262521336723481 0.0578162117655747
-0.049307332644018 -0.122414036747749 0.110972713583383 0.0376368217361054
0.103751705605901 -0.0799489324918889 0.171952081598287 -0.0167343277214753
0.115499259616226 0.0655112592622255 0.447141684804552 0.0445655370564318
0.0346536484974359 0.104901340320353 0.640449460991338 0.387917578297794
0.229718826630563 0.130989672602543 0.455044249383598 0.0932698259471197
0.269800495530592 0.0126341647726524 0.198534303767402 -0.0867711525297079
0.144525737952427 -0.1870244127234 0.0199088972237209 0.0485818137326844
-0.105939902798822 -0.242570949717021 0.0365573711678571 0.122748591826684
-0.212748138938903 -0.0963546325014989 0.205776874436404 0.131202871668977
-0.215123944604158 0.0445016203114953 0.320406316743678 -0.0248757003867001
-0.155866270129226 0.166568400897445 0.307919036885466 -0.167999516704075
-0.143743159794193 0.200909704192759 0.270243094025877 -0.23396218271725
-0.175042080708731 0.199008537082529 0.28011287839958 -0.219198031870907
-0.281381347090924 0.0735579730813561 0.304276247679079 -0.0997143191334416
-0.270747311889347 -0.124305227414353 0.224400711627623 0.0325760711954712
-0.155498964627487 -0.323057574891062 0.106296294309435 -0.00152364543432116
0.212292911642501 -0.293167953559966 0.186612530122269 -0.0596098811323477
0.383146086291802 0.00607977291107818 0.414052875666401 0.0169028763544591
0.314683517349127 0.180217224323667 0.561552613372468 0.326698658977911
0.39978218528152 0.183742592194514 0.362264289531567 0.0403637004431366
0.443872526365531 -0.0234590622663026 0.142557928785463 -0.0749441203028825
0.22248179865452 -0.312649724650269 0.0349729919844428 0.0484653297238937
-0.16043050967199 -0.379755207481366 0.0401170815184547 0.0930155163320683
-0.333655879141509 -0.170640508205315 0.158565752174622 0.108230451550789
-0.352537558421471 0.0443548127468343 0.230768003176643 -0.00175470086969027
-0.273865161321234 0.230682514826712 0.219528003062558 -0.0929617915469933
-0.238388122912181 0.278120851336304 0.197890151170028 -0.135570330695951
-0.272668929649411 0.275442690852504 0.187673162266225 -0.135583821855155
-0.422189259051302 0.103045500928908 0.203125876416947 -0.0650434143320235
-0.410484914705481 -0.177405743673802 0.145429351465064 0.00605177494888703
-0.264334896028 -0.467053463144295 0.0775439501174 -0.0451465185458468
0.262539485556286 -0.478475549168919 0.174809926330999 -0.105819757669195
0.581299604056992 -0.0776007338314032 0.330553738282241 -0.0106129238662052
0.544778947412798 0.212241351823213 0.400424395588663 0.239034728655917
0.528358987227172 0.215808238938948 0.203467376035361 -0.0467063282772687
0.589731828492655 -0.0729578525768591 0.0315284658660046 -0.0635529211448848
0.28373836766285 -0.432589448843546 0.0302822395479012 0.0538071859627087
-0.211496232877484 -0.490922195751125 0.039374369811325 0.0559647601692646
-0.427340709850338 -0.225649996413043 0.0886194858426217 0.0656865711324045
-0.451708644938325 0.0415145996554316 0.101554093534051 0.0158893141706208
-0.356549812426331 0.266100851064343 0.0930902748796339 -0.00425311636568852
-0.296581937711452 0.313768487491309 0.0957742737455296 -0.0179126518808388
-0.323815526588994 0.307452257324477 0.0705438661803223 -0.0301123253629959
-0.494348782130745 0.118450012253428 0.072209594747288 -0.011857140694615
-0.488728348689698 -0.198152956119167 0.0350454215800908 -0.0119386949869248
-0.340215491850897 -0.527460300735056 0.0260817515051503 -0.0839435879905669
0.259702414964973 -0.585674431559562 0.136391340644884 -0.13847528886796
0.668517611097072 -0.152679040816542 0.210686320942951 -0.0220142881280497
0.671420568033632 0.203012102602371 0.18551116127949 0.143659326919995
0.586924579304668 0.213185757971264 -0.00830588788676018 -0.156453795886819
0.65630997689343 -0.116487811482299 -0.125697078122671 -0.0504125871357808
0.305596732232635 -0.49985287098482 0.00230589998704677 0.0571562077649188
-0.235620438687266 -0.53290861938553 0.0224353332692202 0.00919928032398321
-0.459214370290114 -0.240607244512659 -0.0074878972241167 0.0105547863121638
-0.482761564751413 0.0353773355565797 -0.0564818990460652 0.0323634433372454
-0.383614691613303 0.264127719394242 -0.0543037479413232 0.0889881489369032
-0.310294015074864 0.302690169092183 -0.0207960629286305 0.10211062436792
-0.327852458722108 0.289933959482341 -0.0532504275669959 0.079075652929323
-0.485583053756785 0.105759923893713 -0.0655540967638381 0.0479665514528679
-0.475954395734377 -0.193184543762276 -0.0835057760982262 -0.0219194827234318
-0.339829753228087 -0.496931828425103 -0.0319385469208566 -0.110304575290773
0.219310220723182 -0.570572187944667 0.0842565787837968 -0.152696473547879
0.638141822008772 -0.178376439636887 0.0788469683716722 -0.0156685816622199
0.684940798022192 0.16577472857664 -0.0445232610490645 0.0578898905724007
0.550836003622542 0.17396087672192 -0.241402543866239 -0.266764458559461
0.60332011601945 -0.135985158050715 -0.29565603978931 -0.0363698395585943
0.265991829099648 -0.466039038537125 -0.043348804151922 0.0534338897437027
-0.211632214514187 -0.465605171755601 -0.00728747246645077 -0.0375418023532881
-0.399813105607214 -0.21229754655085 -0.110497442507179 -0.0451132473523273
-0.424869670976819 0.0276096817661095 -0.213209725178306 0.0494258855640462
-0.346676343724747 0.222311022104593 -0.196064742278035 0.172458939498365
-0.276421260654099 0.24629217441143 -0.13461246203819 0.20700646767609
-0.283911407694975 0.226651298555434 -0.16608783267535 0.171740269008649
-0.402858786540125 0.0691260153302588 -0.188316848574529 0.0947590989724847
-0.378999462148736 -0.171524831525192 -0.181468427354851 -0.0329805118395344
-0.257442528875649 -0.390048871410138 -0.0739843534397899 -0.126088727158667
0.166501349771608 -0.442335283571761 0.0401362500635319 -0.147678838123287
0.506941137374837 -0.14895373437072 -0.0289174096199483 -0.00129948842951337
0.584490743313327 0.112707371063655 -0.245245610459252 -0.0118549926850216
0.418080867163679 0.0999158902149902 -0.451932366591129 -0.353327461475036
0.428721205660204 -0.126056469837256 -0.437624253717536 -0.023186852680659
0.166153832771147 -0.334002970605867 -0.0955589572448313 0.0467495706552538
-0.144506012193485 -0.297266550980276 -0.0402354194365743 -0.0657146798182826
-0.260758297309666 -0.141085532610941 -0.19094977132505 -0.0849892294577011
-0.288117751967706 0.0120208848595133 -0.332234498325086 0.0635297086590021
-0.25001987623846 0.141693831621441 -0.306758870139048 0.233523364638774
-0.199967476804944 0.149772749318867 -0.228382138064195 0.282603948391122
-0.203029681455616 0.128668371161479 -0.255059490511351 0.233608517147449
-0.268111659081576 0.0211223387642092 -0.279227247395366 0.114935287598611
-0.23030968114464 -0.129205934044421 -0.242284837855163 -0.0524862266115361
-0.135918720173747 -0.238218180221368 -0.0888480256210954 -0.135626765046428
0.102234538815691 -0.259469047570188 0.0132915402152036 -0.131451374113328
0.316536891792197 -0.0954583662756937 -0.0957358502158922 0.0110403860272391
0.404152963373052 0.0483200480845419 -0.384323187759683 -0.0611589754879188
0.20691027640887 0.00790602533089397 -0.601671682283231 -0.397992380806929
0.172621763313536 -0.0908102231331454 -0.524972269793076 -0.00578110910279496
0.0331663963764049 -0.14106247972548 -0.141639585460418 0.0490224464747339
-0.0538348853861493 -0.0772572505060686 -0.0616388614405654 -0.0613544154297842
-0.0784316867037563 -0.0494840025196064 -0.226555105166974 -0.0994139889841908
-0.104638921643902 -0.0100605490854142 -0.387280033416444 0.0724420384325495
-0.112698752187845 0.0341785758230145 -0.362475353890868 0.260491042503025
-0.0928086968201855 0.0301489797553461 -0.283674447678491 0.316158639458733
-0.0939737763427595 0.0186837350973561 -0.306783498901358 0.256242314697102
-0.108125480157129 -0.0195014565788689 -0.330808554817859 0.107950778992248
-0.0736211449864948 -0.065477791889455 -0.264047829092653 -0.0789277304168569
-0.0267056657014037 -0.0749099815817534 -0.0837722355153569 -0.138663216427754
0.0218791979862588 -0.0835610601389335 0.00020467167287148 -0.107017729064448
0.109758660881885 -0.0554449287259535 -0.125759591016633 0.0158546910441554
0.188812790695015 -0.0225815441470912 -0.449666739331732 -0.0895237212081093
0.0412445376976244 0.0688520561294802 0.485499684677547 0.080231001136273
0.0928842319857642 0.0374616066369884 0.202368075775323 -0.111087931900116
0.0624672216798881 -0.0664344192084251 0.00330249009860585 0.0569552682853898
-0.053813672881716 -0.0943392619961161 0.0523120511380057 0.142548500793606
-0.0813913006038437 -0.0148419482076609 0.244650716031787 0.11397704665317
-0.0578980824253632 0.0391942501256915 0.361350936398689 -0.0784626709940147
-0.0168636082043686 0.077833072441134 0.331053149173182 -0.243351378260716
-0.0200535529919844 0.0948023028435986 0.279665577144352 -0.312210254043808
-0.0366399709532994 0.0973935422141785 0.312007013902787 -0.284567079051736
-0.089455561417875 0.0494609256713703 0.349281166885223 -0.137099412860351
-0.101360955519701 -0.0319075834786108 0.265825673224313 0.0419650700362565
-0.0565421402083558 -0.118484913190096 0.111945263242971 0.0324182336935903
0.099347160130894 -0.0859077310039828 0.171719009101227 -0.0243083920793667
0.118973778581441 0.0591071304178551 0.447584719448809 0.0165832808431293
0.0397821654522349 0.102361697954503 0.651710070086816 0.347955600589281
0.232235656815228 0.118865953061683 0.456998598859954 0.0665496722791705
0.26875382199675 -0.0023822543401423 0.191202552604191 -0.0977750465630346
0.132732747547114 -0.19137508358409 0.0260064577843671 0.0466732860360828
-0.121164941137925 -0.231829109333376 0.0449098164597387 0.118076109629845
-0.217440015770808 -0.0830041931168009 0.212319332767268 0.115225960987145
-0.210953268119705 0.0582967541815562 0.31581734270236 -0.0468880832489412
-0.143498279170767 0.175326049285521 0.293420816082266 -0.187175389470657
-0.128944776069881 0.207875603684498 0.252541317082994 -0.248708862739738
-0.160075291627279 0.208911416583406 0.263601533462709 -0.235288616378814
-0.275022183434452 0.0921665013328247 0.296818118599576 -0.119652647452998
-0.279043034395491 -0.107755001144438 0.226683913136346 0.0185394450389432
-0.17423161871253 -0.309768238245441 0.106208554708994 -0.0070475655201187
0.194904029720075 -0.303857459040151 0.182471686222143 -0.068288509757433
0.38238973369034 -0.0149186981324016 0.412060870544164 -0.00881666750228115
0.320894859983109 0.163531284716263 0.573101737923551 0.291328889598523
0.402015229278402 0.162492528644354 0.362443129423643 0.0176858676956638
0.439650300003634 -0.048870916470075 0.136771172048101 -0.0835297395401043
0.202698967232974 -0.318805908946181 0.0406369756375272 0.0455238324525822
-0.182406390796863 -0.363492973848873 0.0468195534840648 0.0883151396150217
-0.341681842429245 -0.148334717854171 0.165834611188984 0.0937035081570685
-0.347400264292325 0.0673069049690543 0.228709721661133 -0.018647774174432
-0.25578630742179 0.248422617986739 0.211176930682831 -0.10679367625535
-0.218587618817113 0.289863977055616 0.187113519086377 -0.147369609868005
-0.251777496198785 0.290655843109387 0.176558920517964 -0.145584735588694
-0.413574484473063 0.130259804117097 0.198254221153271 -0.0792569130119034
-0.422668210799495 -0.152831441606748 0.146316661229775 -0.00327002747462223
-0.291329437420391 -0.444864155265136 0.0754287744720208 -0.0509223010609838
0.235287088777904 -0.490988797945238 0.165793846146901 -0.112964581373592
0.574089783072683 -0.110492030894225 0.328787385652354 -0.0307600814588364
0.548043615784969 0.182614014449533 0.411062648038819 0.214712050748911
0.531221647732707 0.189034063252097 0.201509814481205 -0.060962256746213
0.581313965464796 -0.106097199715372 0.0279784651940162 -0.0662375428759203
0.257349402912459 -0.440399087455589 0.0360363898239329 0.0506723391061492
-0.239233152627685 -0.472178109373059 0.0439539267455816 0.0520948646640542
-0.437683852044666 -0.195979796274158 0.0946953941539769 0.0544175456976574
-0.44589319136765 0.0717742319618696 0.10067271620831 0.0070044762192883
-0.335189868362894 0.287689820181312 0.092034781485354 -0.00992212415834277
-0.273046960207335 0.330035210920615 0.0936964200174973 -0.0255709589735731
-0.301541435147652 0.325676598896346 0.0672100877936783 -0.0341839534080325
-0.483326780315508 0.14896304852343 0.0715463000002275 -0.0181077225117891
-0.500297160372758 -0.166729905695747 0.0347698356668299 -0.0144500532378317
-0.370396351559509 -0.50147770099773 0.022677323662619 -0.0865761683404566
0.222940282146043 -0.594178512639166 0.125207063516053 -0.145027240006864
0.658547966915327 -0.189476466513599 0.20765037258495 -0.0352828859508511
0.676413170694697 0.165891322766873 0.193476941338065 0.134903397023534
0.590426501325654 0.183029307397815 -0.0151533374204999 -0.159133544702383
0.646797757694937 -0.153608507264605 -0.127341964356667 -0.0444710873433946
0.274384436164805 -0.509611834585985 0.00715552553976685 0.0553814871378424
-0.266359028274238 -0.511993821041838 0.0247587690888533 0.006121531971387
-0.469972200946984 -0.20904445223833 -0.00349756466016984 0.00375248430219499
-0.475757183623 0.0682403733663072 -0.0546647997103662 0.0341455590536463
-0.362110693745816 0.288513985820438 -0.0476077538595006 0.0917581125273417
-0.287301041067246 0.319866199347822 -0.01354962794541 0.100132095199728
-0.305150415853303 0.306439980311019 -0.0482196989756439 0.0821771491968912
-0.475495714524882 0.137703414162749 -0.0616144988813098 0.0497627378108505
-0.48774889161152 -0.1612622254782 -0.0842561904934119 -0.0171600267510188
-0.367068729170996 -0.47066254073841 -0.0369328950029599 -0.109352158028415
0.183758496774197 -0.576600192859336 0.0716048945957631 -0.156721859643214
0.625739899224959 -0.214196334967567 0.0776390707053892 -0.0204681672149979
0.685859385265588 0.129516673936601 -0.0381526056499569 0.0629856908530271
0.554232105297796 0.143293893061603 -0.251967852913493 -0.254719316234168
0.592849138890364 -0.170904698937362 -0.295471872242198 -0.0206662358927069
0.235637781470172 -0.47550819919019 -0.0393776857679003 0.0550715162057544
-0.239004997433727 -0.447447915905546 -0.00883084564699907 -0.0380207473375537
-0.410269550442028 -0.184502564622479 -0.109597261740124 -0.0446977709744446
-0.418993397790329 0.056967427566653 -0.208915462949369 0.0616539558979115
-0.327630962851894 0.243845056956595 -0.18316942675386 0.18417568145185
-0.257087891475398 0.261267074403554 -0.119291416532405 0.211698967531128
-0.266698294022473 0.241132818387042 -0.154181952418082 0.180948573125458
-0.394685917567683 0.0944269136217478 -0.180568939483266 0.104770655463486
-0.387261757011313 -0.145955569212119 -0.183008683750618 -0.0213852844502932
-0.278550202279147 -0.367533396778687 -0.0799401075372247 -0.122833665116819
0.13813639046358 -0.447232741213467 0.0270020048195588 -0.149944310798681
0.495672278323594 -0.177132436843736 -0.0289396839646779 0.000692234500756529
0.584445334981156 0.0808137859604701 -0.23951914096242 0.00551445379367837
0.417885037810202 0.0761225435360037 -0.466047822403659 -0.330171902544138
0.41920167653438 -0.150186162843161 -0.435527521503777 0.000344909523582339
0.144944961823699 -0.337871340359574 -0.0921648876074542 0.0516212023849413
-0.160390835248096 -0.285582896835553 -0.0428854456670598 -0.0634234738888813
-0.26717443902978 -0.123060918288463 -0.192853054000107 -0.0781351081343175
-0.284644000053888 0.0319244429836989 -0.325829588827032 0.0845452804777272
-0.237077309544679 0.157315317978104 -0.287682660441016 0.252196272985854
-0.188006751431677 0.160844531534344 -0.205547213473823 0.293130459429334
-0.192903088201606 0.138370419806862 -0.238210563871076 0.246862567361113
-0.26382409310425 0.0381239683538487 -0.269454293398494 0.131309555890009
-0.236696129732237 -0.112708935337692 -0.244586175674776 -0.0374544521364911
-0.148737037040877 -0.224717832180781 -0.0956874909798951 -0.131120031457006
0.08393943640953 -0.261142691124419 0.00200816389282363 -0.131905395000975
0.308426593225721 -0.114033324295452 -0.0945193393516834 0.0172743480908889
0.402318624432054 0.0260530677657618 -0.38004695438518 -0.0341854343091247
0.204185145160313 -0.00348598257658822 -0.61606799743286 -0.364523077470538
0.166160193379619 -0.100961864584364 -0.521357582640094 0.0223220378931732
0.0239476686743974 -0.140613399946495 -0.139324672412038 0.0573739458125871
-0.0571675069703456 -0.0737591233754513 -0.0647719503569161 -0.0581886548405017
-0.0804485166139644 -0.0440890484775031 -0.229923233970014 -0.0886854584434957
-0.10411084184682 -0.00198770165153601 -0.379937158299828 0.0970979108993318
-0.107651474539061 0.0417469715670873 -0.341235947834776 0.281957972293929
-0.0904578570902688 0.0354137482437783 -0.260069924055919 0.330255731178945
-0.0931270244668395 0.0230642237017572 -0.287448902326755 0.273408048113702
-0.10770650045158 -0.0133219931899519 -0.320703255896221 0.128806818252327
-0.0761881714196759 -0.059174333110377 -0.268667286371937 -0.0617955284330068
-0.0305674433591304 -0.0703317044713998 -0.0910997650350017 -0.134104029310295
0.0146315018792197 -0.0826060740619603 -0.00911822548649028 -0.107436242113814
0.105380849604179 -0.0624930724055951 -0.124206887780447 0.0240478940063294
0.185231961214119 -0.0332967507866363 -0.446986162495237 -0.0585165139872625
0.0426626207580662 0.0662654590536227 0.480331688131258 0.0590360165324529
0.0936495718375238 0.0325754218119089 0.193180304481168 -0.11778246877307
0.0597501310636602 -0.0681301163925107 0.00835589737580804 0.0554087658895351
-0.0580869837281575 -0.0900240132200587 0.0583208377453864 0.136761372864458
-0.081451484181108 -0.0115863971556805 0.244822628719687 0.101371030376222
-0.0561082057608893 0.0405009056286648 0.351429819016669 -0.0955791901054489
-0.0138352876469234 0.0770952352214156 0.312804879581013 -0.254745950711226
-0.0144060051345172 0.094011069225182 0.25936108863891 -0.318999436597244
-0.0303506870898972 0.0977604039611231 0.29231827290299 -0.293567885260626
-0.0862409965018499 0.0538999468193829 0.338150569309269 -0.152155789868923
-0.102790065745605 -0.0277283337299548 0.265245758890492 0.0295572183203251
-0.0605780713782759 -0.11475100931648 0.111218655793065 0.0283461648891411
0.0956458303421569 -0.0891063057768157 0.169792597617045 -0.029459985517046
0.118981318194312 0.0543853404806339 0.440651041177676 -0.00270028040803836
0.0423954353377847 0.0994513449681846 0.651299108419492 0.315727661248366
0.231160117802765 0.109773632608925 0.452146967477664 0.0464753804649361
0.264808582786846 -0.0129952246616704 0.183308845022337 -0.104855393399765
0.123831839559979 -0.191459517146774 0.0303283078342638 0.044563198585205
-0.129542282466229 -0.221186610271364 0.0497897331634444 0.112633740369033
-0.218009847116646 -0.0720019203913116 0.213747618095566 0.101602222867725
-0.205183820495416 0.0664894321715809 0.307743848957164 -0.0625571086544629
-0.13292697701427 0.179481785474535 0.27988780543046 -0.1978534999858
-0.116255676277587 0.210346544427662 0.235615175236746 -0.255659084751588
-0.145991598251093 0.212962129553188 0.247276683289952 -0.24165012288457
-0.267346836192687 0.10419021595062 0.287475901485187 -0.133143678955648
-0.282224911613746 -0.0947317126573047 0.226544294411499 0.00800116548590139
-0.184571427618639 -0.297332318968169 0.104133893397002 -0.0110235729614244
0.180797323387544 -0.307750195797534 0.177392964916473 -0.0723025081416254
0.376575395973553 -0.0294290235657143 0.405862145741109 -0.0267006588086023
0.320866777914404 0.149085709762289 0.572617672374844 0.265549575978705
0.398493992831585 0.147729790265295 0.358055237518887 0.00102613431099143
0.430883327756307 -0.0656072547064746 0.130966241172077 -0.0889943064649142
0.187844084727851 -0.318335713459413 0.0451912268022048 0.042306944809979
-0.194659427042918 -0.347023927452178 0.0508824524508804 0.0830959696912811
-0.343405450410235 -0.131103914249023 0.168398385813626 0.0805437915369155
-0.338898219895572 0.083447568826922 0.223051613355116 -0.0306468531476114
-0.239612760854423 0.256481869433095 0.202363868942907 -0.114840196429627
-0.200253783422145 0.295018901415763 0.176389586609226 -0.154068839569541
-0.232566685493928 0.296569729721129 0.166036801387796 -0.150155413292015
-0.400653011405976 0.148934589251703 0.192333564387431 -0.0891778174559752
-0.424846534330907 -0.132566940102322 0.145361709916197 -0.0101929574597239
-0.305341010793045 -0.42515877012994 0.0727784438760635 -0.0542243348673532
0.211235914449982 -0.492415579092211 0.159364343028886 -0.116695997854616
0.563280979054272 -0.130695449818488 0.323063185566578 -0.0444367699885461
0.54387170268667 0.161082789001324 0.41297308344573 0.197652365535202
0.526886472510968 0.16939095892736 0.196728244079145 -0.071559032557412
0.568850808500775 -0.126291662532055 0.0243928376618389 -0.0684223403423078
0.236218413166019 -0.439649401359162 0.0401663199933322 0.0475409456671976
-0.254558538695445 -0.450102917678478 0.046396609161332 0.0476049217064797
-0.439439652404816 -0.171363417346337 0.0970533916901146 0.0431323967475616
-0.435408079978402 0.0921891111345809 0.0981265980686377 0.0006604701237656
-0.314885239989333 0.299764957517628 0.0899870289696977 -0.0137809391675541
-0.252888144444651 0.336250100818348 0.0905723937969993 -0.0305005986196334
-0.281256991687444 0.332989617630446 0.0638691085507091 -0.03541813813121
-0.469156027804779 0.169283513481423 0.0699373621112788 -0.0234828506796799
-0.502259404381221 -0.144114219633895 0.0344043948423932 -0.0168800729178909
-0.384507580000125 -0.476422026249568 0.0193518228227975 -0.0882294116590018
0.194903171967141 -0.594827711542795 0.115795582099901 -0.146738077279629
0.643723197508424 -0.211610195025877 0.203282953095002 -0.0440875516766513
0.669751064416048 0.13990629096321 0.196995505214254 0.127696558149678
0.582964763994628 0.160763485256963 -0.0190837580271387 -0.159743975174628
0.630566276396518 -0.17732321408022 -0.127718137444923 -0.040823052785469
0.250580081561896 -0.507535353708795 0.0110296906618399 0.0536546781643189
-0.281600410020323 -0.488306113865094 0.0256730496604643 0.00392329550109566
-0.472965084477778 -0.185450920950438 -0.00141916610562665 -0.00339285961678929
-0.465116310142571 0.0919476348033626 -0.0535441374425785 0.0346300067545168
-0.339891403557329 0.301913209776101 -0.0423012595795425 0.0935245920057309
-0.267141566200125 0.326443309334707 -0.00893751896562759 0.0974261232924889
-0.287052945262037 0.315058687451045 -0.044401685526221 0.0835326196591651
-0.461999532077845 0.156968560309544 -0.0586090341134304 0.0496788908918976
-0.489887977409529 -0.138093784711966 -0.0837120855393014 -0.0138512337645812
-0.381210065665268 -0.444070851294629 -0.0396821958777288 -0.109098720435445
0.157801720530676 -0.575062957326429 0.0619497005184391 -0.156067303110765
0.608547933023615 -0.23500146434138 0.0756173976229406 -0.0243883142307793
0.676668066619154 0.102893756228813 -0.0317247089025904 0.0667551096553893
0.547272372049328 0.123633982661632 -0.256145446645167 -0.245204774859972
0.577695410357894 -0.192433442589797 -0.291934488258031 -0.0107804715186146
0.214550293059919 -0.473829709153728 -0.0361388566691652 0.0554363546929558
-0.251950969179079 -0.428573038605504 -0.00959798907469813 -0.0379212638654385
-0.412182434734113 -0.162503472371584 -0.108185479991433 -0.0464478363147404
-0.408718959655729 0.0770488572966494 -0.203692488642863 0.0691625712917837
-0.308230724712819 0.255813117864391 -0.170912893654834 0.190292493652409
-0.240239689409864 0.267954989638008 -0.107234499816417 0.211530071721812
-0.251916624642758 0.247287832307868 -0.14317036113086 0.185197323063753
-0.384276250197791 0.111192154497861 -0.173173324261473 0.110255281308556
-0.389116881855665 -0.126481697364924 -0.181874260233564 -0.0137222200207347
-0.289183793145308 -0.346338431542125 -0.0833801501917216 -0.120716944736316
0.116952987927048 -0.442821671965387 0.0170117828822347 -0.148722038802496
0.480717296819107 -0.194162829883373 -0.0282313013550497 0.00170073678937627
0.574708233748656 0.0577916367368637 -0.231047136133146 0.018915705678563
0.411673628480892 0.061484930149428 -0.469976526049993 -0.311624654759076
0.407209649160256 -0.165234743365936 -0.429209134069622 0.0155578938004092
0.12996835691515 -0.335872352110463 -0.0894499287358624 0.0547909761051384
-0.169090746044115 -0.273325733708032 -0.0444287988075758 -0.061476086252306
-0.268338511558485 -0.10869338593514 -0.191495670629972 -0.0742883418720561
-0.277329198134805 0.0456148340180261 -0.31771543456372 0.0984097985799232
-0.223363064229185 0.16625730582338 -0.269714523547592 0.262466932777499
-0.177466900494853 0.166391285757682 -0.18847955854274 0.295265351232294
-0.183918883010227 0.144323031184145 -0.222614738662739 0.254174047412882
-0.258143438777442 0.0486811523707825 -0.259656265876238 0.141470818005719
-0.237565645742258 -0.0994365950064722 -0.243429320386394 -0.0261099298543796
-0.15454679999024 -0.211434141436977 -0.0993952799689729 -0.127670756504672
0.0705027842006235 -0.258184445367756 -0.00680093825362363 -0.130829564666484
0.300007999791916 -0.124962664151291 -0.0920304832828117 0.0216730341580427
0.39422376666847 0.0107102706402427 -0.369803715975767 -0.0155568392952877
0.200196606795614 -0.011082132475855 -0.618506902958483 -0.338876998764097
0.16049929154712 -0.106019642955489 -0.512309282119328 0.0416059477741881
0.0175139958072554 -0.137869967849306 -0.136420267837464 0.0622020926535107
-0.0577733468333742 -0.0705259341475703 -0.0660585598971951 -0.0549099174808718
-0.0806018654734252 -0.0391081741815725 -0.229989135034898 -0.0805754512380758
-0.101299723507176 0.00319283992672461 -0.369626545490186 0.113830706752314
-0.102458783497466 0.0458091527516016 -0.32185293124062 0.293886537340411
-0.0874612827975933 0.0386741431799208 -0.238762684873886 0.334163971503675
-0.0913989687108124 0.0262552587956978 -0.270382554438217 0.280242594568936
-0.105776208561793 -0.00914041647580647 -0.310447377884176 0.141744060236874
-0.0762905471823305 -0.0538770748303888 -0.268605556814263 -0.0487734075026424
-0.0322728843657558 -0.065318204723261 -0.0948929354361986 -0.128854906747168
0.00919641851912361 -0.0800540922967291 -0.0164133608529319 -0.106585853276095
0.101035581811993 -0.066608278563403 -0.120872531312866 0.0296854807664704
0.180024915909798 -0.0403108324880363 -0.437207559689156 -0.0372868195835163
0.0430395422130063 0.0644807001077787 0.477513974554053 0.0451452567062544
0.0936451044335875 0.0299227051955386 0.187202357688673 -0.122360036233934
0.0577071693923959 -0.068946671180035 0.0126179277076216 0.0537203243854638
-0.0611657540044889 -0.0865914850153226 0.0619626665098819 0.132549065610147
-0.0818781349523465 -0.00944213892173678 0.24559378107932 0.0931098792031701
-0.0552782254163633 0.0410168694402792 0.343271792236306 -0.106517719773701
-0.0117365975891977 0.076702615680959 0.300237500910538 -0.263022620516435
-0.0109398089599609 0.0935234525128469 0.246172525775591 -0.321752047973833
-0.025563517316641 0.0973544287044237 0.279958409384987 -0.298359860398936
-0.0843065374695519 0.0567829964279253 0.330397905280838 -0.162847339578733
-0.104849518992448 -0.0245648695130404 0.266154088713344 0.0214827160630107
-0.0634520593347418 -0.112617964152621 0.110757875651624 0.0264735018024777
0.092617762557872 -0.0922586604506138 0.169491818164672 -0.0325455324881638
0.119670641787368 0.0512690576527076 0.436123747317504 -0.0168652831497192
0.0436321213881603 0.0973494900652415 0.647364381778858 0.296206445270872
0.228973485848018 0.104890413137677 0.448826491433829 0.0321020269711891
0.261812291389924 -0.0203504260263255 0.177513753533806 -0.110130977249201
0.118670755518999 -0.190824194739655 0.0345447624642666 0.0418780446263627
-0.134007663824497 -0.212673663264612 0.0533194623354307 0.108616696271008
-0.21893242416861 -0.0642628983741018 0.214701093162223 0.0921555694498976
-0.201902368101359 0.0725554822455976 0.301791051971083 -0.0727046981224505
-0.125425982051869 0.18186807578416 0.269638610842294 -0.204993908968669
-0.107848001413708 0.211365377380496 0.22374766719455 -0.259734391699712
-0.137136704557105 0.215414976054292 0.236547370183184 -0.245824225226256
-0.261432468639141 0.113014573223277 0.281467324633777 -0.143473900915857
-0.28526269137859 -0.085861817392739 0.226458725019231 0.000377806890658149
-0.191585315614317 -0.289124358361751 0.10363590134208 -0.0139025933032277
0.171797086151732 -0.310173612959058 0.175886869553919 -0.0749889031109202
0.374099134308411 -0.0386109228909158 0.401584485069754 -0.0390417405463001
0.319611823313489 0.141202548393294 0.570895077909315 0.24971360972408
0.394853704300809 0.139945049995595 0.354729600091322 -0.0111024371489891
0.425101088935456 -0.0762901447757557 0.125978776541121 -0.0931571388095492
0.179597227190634 -0.315941018392586 0.0493743265932722 0.0393826747626609
-0.202531979491489 -0.334285715095793 0.053773356436248 0.0796908011688566
-0.343232623033176 -0.117980897755959 0.169624423644107 0.0707121879385147
-0.333217545587505 0.0941982232396195 0.218311285957665 -0.0390625170625769
-0.227107654746034 0.261635671100353 0.196585376883206 -0.119688119326241
-0.187938408398545 0.297651035470861 0.168641202106643 -0.158759270382768
-0.220909878233321 0.301087571682984 0.159896772816601 -0.152836662761492
-0.39387402441226 0.160938976970032 0.187863176351763 -0.0973037928815813
-0.429093761552836 -0.118369052325675 0.145183840009771 -0.0160418877200831
-0.31544176630553 -0.411884095465148 0.0711314023834335 -0.0566538549091308
0.197221928106064 -0.493939472693195 0.155017919734841 -0.118389228930744
0.557013269295622 -0.144612106621785 0.318397616248254 -0.0536597356562958
0.540911946203524 0.147336084999385 0.412346788701449 0.186710601751771
0.521611921917383 0.158651568409842 0.19378146814554 -0.078958059285516
0.560089034014931 -0.14060775317398 0.0211490215923301 -0.0704887845017503
0.22430985663717 -0.437124938735962 0.0438297957124764 0.0449507207657558
-0.263676158437856 -0.435721886698336 0.0483648411278252 0.0441959341692193
-0.44068905748931 -0.155840239009829 0.0982317112802404 0.0330810542756723
-0.427747755885079 0.10645777820067 0.0954093480912525 -0.00387199841972271
-0.299894052033981 0.307367429512712 0.088874176047933 -0.0156173693462516
-0.23923035149002 0.340008369966945 0.0885332874493689 -0.0344920083841613
-0.267517826127778 0.337087164635366 0.0621673363824978 -0.0358036207776114
-0.461115979263562 0.18421783821172 0.0685649337451296 -0.0282521647075038
-0.505723775937778 -0.126953800252274 0.0341870200543865 -0.0194974046318983
-0.394088744583219 -0.458598643271805 0.0174157274511441 -0.0904596637992291
0.178537142105302 -0.594640762901062 0.108985890301519 -0.147546541089063
0.635326491008301 -0.226460325343306 0.200068087188947 -0.0506155597870708
0.664137787762112 0.123673860065348 0.200944501444066 0.123219773355893
0.578225602263349 0.149268252265211 -0.0217737423658238 -0.161522830719526
0.621932665890058 -0.194149808471963 -0.128974859793774 -0.0394662451816062
0.235709532280439 -0.505636699752971 0.0136167426759451 0.0527471620312218
-0.290594560445206 -0.473094889385636 0.0265610134138991 0.00170887785615235
-0.473811587239146 -0.16703867423086 -0.000574793960063812 -0.0106396906085622
-0.456413634818672 0.106038018967505 -0.0535794832906396 0.0350445295933478
-0.324611018303113 0.310023704476469 -0.0380248694873121 0.0948282226342084
-0.253328405555235 0.331955550303611 -0.00595644328985966 0.0949027638509872
-0.273478547567422 0.320070560331913 -0.0414423850504963 0.0852645409775066
-0.453834133239865 0.170453500154155 -0.0570838398599073 0.0490374892606739
-0.49028312514026 -0.12090628116729 -0.0836993879449061 -0.0127856439601801
-0.388968783553242 -0.425917199642814 -0.0423716372805056 -0.109846995909913
0.140931069280662 -0.571970428859572 0.0542758796504417 -0.155996813620917
0.599712698424384 -0.249601197495776 0.0742643873361331 -0.0265470683227142
0.671224953722942 0.0859120682033621 -0.0258770202922416 0.0688703167030361
0.541832653156834 0.113247639722222 -0.257956909398125 -0.241270091327217
0.568335888845946 -0.205475787449641 -0.290926283072588 -0.00506943406319577
0.201157631916239 -0.471165486014883 -0.0335936243249986 0.05561738655609
-0.260342291211176 -0.415613304232605 -0.00918572464543727 -0.0385810836595942
-0.41268980425546 -0.147534039683101 -0.107885020094227 -0.0495838074754545
-0.401069874046077 0.0917279375035555 -0.201555914394188 0.0746467731304171
-0.29365824918312 0.26417123980679 -0.161806248459448 0.195422782244529
-0.228280051811681 0.272508325148997 -0.0996430340193316 0.210231038435096
-0.241182442629784 0.252451534745473 -0.136481114126621 0.188356852154524
-0.377011554723564 0.121792322866855 -0.168840387878831 0.113300160611733
-0.390359610233687 -0.112609946475112 -0.181319838666401 -0.00835039889285571
-0.294896079930756 -0.330687241838827 -0.0860397843968368 -0.120123129216588
0.103559082586588 -0.440495163437448 0.0095502566805526 -0.14754043800185
0.473053668702431 -0.206278133319127 -0.0277532033877217 0.00247455090564381
0.567564141248544 0.0447158508278317 -0.22362182971287 0.0271097865628242
0.407328929280342 0.0531502871932248 -0.471640879917117 -0.299501290101822
0.400495647488812 -0.175168502501214 -0.424423296806208 0.0255263184943878
0.120676217100928 -0.333604359950593 -0.0878003883969085 0.0565339777384408
-0.174462613111771 -0.265395865358333 -0.0449177861448477 -0.0601135755257142
-0.269209737122279 -0.0983211447436407 -0.192307077443966 -0.0735262574107203
-0.271875859848597 0.055912707821037 -0.312755213060634 0.107348574616241
-0.213381990059213 0.17197698326935 -0.258035494583793 0.269116760088233
-0.169535357078107 0.169768022568256 -0.176164198464093 0.294843469961028
-0.178399113750487 0.147544321730829 -0.211935174236865 0.258972444225628
-0.253618597336581 0.0556229797281625 -0.252602564700486 0.147116056863237
-0.238087886177813 -0.0905905037283371 -0.242721675119408 -0.0186390009326201
-0.158223847767035 -0.201370923156692 -0.101974049760769 -0.126135464882496
0.0616467884277924 -0.255412062747069 -0.0140086713131512 -0.129099231357521
0.293626262877025 -0.131678735401437 -0.0897486614131469 0.0239480518570262
0.388686636783447 0.00061948163926818 -0.361448698603743 -0.00236908572185839
0.197510436666405 -0.0148322254177354 -0.618606861036254 -0.322957169192056
0.157080261620871 -0.109436915905557 -0.507371781672186 0.0536003854653235
0.0145612143281778 -0.134852380732603 -0.134835297296486 0.0655999592711299
-0.0580780498429699 -0.0684997964496416 -0.0661702322552045 -0.0526488229312788
-0.0808825065884861 -0.0358563118226833 -0.230239423083866 -0.0762503465130244
-0.0992593610779362 0.00695069797006171 -0.363776961907642 0.124295816914641
-0.0983057742149108 0.0480699703529619 -0.30709436141693 0.302177784864067
-0.0859570759811124 0.0409990448590868 -0.224624425187319 0.33512261081325
-0.0906407125980944 0.0285588729700639 -0.258003748072068 0.285591265595292
-0.105554320027781 -0.00615731620620609 -0.303026653188368 0.150116979681461
-0.0757043275171777 -0.0500432148663319 -0.268552378302995 -0.0401404570684673
-0.0322740626301662 -0.0615235117271957 -0.0981202298917886 -0.127276346085235
0.00549128330211327 -0.0776399282708333 -0.0221369533358643 -0.105201620443547
0.098022512478025 -0.069301716354231 -0.118124135889516 0.0335759386333164
0.177261370789029 -0.0440076811897673 -0.429392229476082 -0.0235881051152718
0.0428753518873299 0.0636157884425683 0.476138176303518 0.0326842763782057
0.0945029976929204 0.0269434193862049 0.182446246335811 -0.127489439354194
0.0557328068452371 -0.0705996489478811 0.0162189814445485 0.0522044501662413
-0.0642293376914616 -0.0838358910935308 0.0652502148635268 0.129818109862069
-0.0827058513807874 -0.00732262362164653 0.247108808101797 0.0860926307372294
-0.0553630519708219 0.0430459067263793 0.339191225067777 -0.118162233422337
-0.00987499290515842 0.0771762568468063 0.291578063510731 -0.272190873571946
-0.00787053087258111 0.0939590969781229 0.235969086621652 -0.327298367622534
-0.0216676270991224 0.0976842121012991 0.270530218118068 -0.305257468546519
-0.0825028997271841 0.0601463200035402 0.32592819085888 -0.17415172541196
-0.107383102822623 -0.0217114717346366 0.268204726837026 0.0139661082497951
-0.0671116863742849 -0.111574674089221 0.111726881417276 0.0249968446954098
0.091226531290067 -0.0951382135857482 0.171096030920076 -0.0356311470235889
0.121109787933612 0.0491516684455587 0.435615681116901 -0.0286463535353331
0.0445997969414559 0.0962409768007127 0.650032145490637 0.28236880032593
0.229711682325284 0.101456102545318 0.447390749869428 0.0203085697551882
0.261254445204384 -0.0264766321217485 0.173300920901777 -0.115410886774289
0.114563338939782 -0.191965368486158 0.0390705213460085 0.0391316017404615
-0.139854087980341 -0.20631269252401 0.0562589529564583 0.105320233721135
-0.220690902964912 -0.0574271938813189 0.217628292573568 0.0840364647052901
-0.200508331309547 0.0792836030560514 0.297612943002829 -0.0825062831862702
-0.11975215683024 0.185567990231305 0.262914918080702 -0.21318080502928
-0.101060866367338 0.214169236631039 0.21687710221202 -0.264909118998859
-0.129523785172698 0.219086829861795 0.229578600741151 -0.251095922803124
-0.259197028908892 0.122173973380776 0.277382923887264 -0.153641934568821
-0.289970050909716 -0.0778286728860866 0.228191948122843 -0.00665501606133648
-0.199162798191182 -0.28434632426269 0.103666765842308 -0.0166436948236143
0.164688778007585 -0.314949942628201 0.175884819718556 -0.0781445202910558
0.374528087502962 -0.0480763659198096 0.400379147776935 -0.0494721848049612
0.320773611146815 0.133776662278095 0.575323603504146 0.237410542392869
0.395147403394553 0.135715538742849 0.352986323492145 -0.0217349522441895
0.423183514501353 -0.0867762598425781 0.121325707560532 -0.0980505462578648
0.172889150157489 -0.317162572077711 0.0531171307618907 0.036279780552856
-0.210438320448057 -0.325731659883768 0.0558806481986642 0.0766548279083436
-0.347315636142283 -0.106599267788291 0.1711909111747 0.0610385539025597
-0.331235870595824 0.104557453492644 0.215499193725219 -0.0466728645634597
-0.218948779645041 0.268639525285521 0.193187033026836 -0.125049726446626
-0.177675016600624 0.303952772153983 0.163453234874755 -0.163250784067215
-0.211442593104938 0.306906067385173 0.155264394855239 -0.156380256969643
-0.389894589426847 0.174919155805068 0.185219594235334 -0.105552500692811
-0.435710831681284 -0.106304043216522 0.146171005679151 -0.0218386988521374
-0.327543517150344 -0.402137863200295 0.0701740973687856 -0.0600929732764572
0.185379274018587 -0.499365284908722 0.153075136724064 -0.121511689692722
0.555783587015528 -0.15885003158496 0.317815353471743 -0.0628174847014481
0.542259496063766 0.13572410239272 0.418108852582705 0.177682364043333
0.523045224345341 0.1502940810147 0.191704439752881 -0.087673432993616
0.555853923595637 -0.154228855535459 0.0172761422488702 -0.0726337623117217
0.214130236626048 -0.438070650136303 0.0475713246713182 0.0428268362215529
-0.273164577363887 -0.424533348851658 0.0508490974168572 0.0415007098962684
-0.445681787622842 -0.142527007705748 0.0991118710456194 0.0239257178636194
-0.424505833324252 0.12076612932807 0.0932556080289517 -0.00740990519438659
-0.288835141943018 0.315382730062808 0.0888903472724744 -0.0176905013269269
-0.228270523705155 0.345602836833347 0.0867275606939419 -0.0375835932066214
-0.258109738975749 0.34556733821476 0.0614080646011218 -0.0360024344824737
-0.456111476327196 0.199898555176145 0.0665644026655124 -0.0332693470257767
-0.511260003896278 -0.112629952604919 0.034044331834825 -0.0218882429869415
-0.406532157451706 -0.44528617067202 0.0150406751588547 -0.0937925105821357
0.16374803690931 -0.598374097453222 0.105194728519541 -0.149075332472947
0.631701263370834 -0.243891097465691 0.198355561604502 -0.0567747640365636
0.664018378714241 0.111528901860282 0.205647015252251 0.120536966204758
0.579497327428721 0.142745528516951 -0.0253532131188166 -0.165522239064283
0.618274173142175 -0.207123911555891 -0.132220794885517 -0.0384771300372482
0.227451580568965 -0.506347242095822 0.0170913593716861 0.0512363795004052
-0.302996183484657 -0.463013739600382 0.0277904115709862 -0.000128289753759457
-0.47794920694985 -0.152787774460473 -0.00158926150581245 -0.0181791464303054
-0.451992391419979 0.122216929218703 -0.054904214998467 0.035969262693812
-0.311379484701746 0.319915985797701 -0.0353028165614365 0.0965189126931664
-0.243119856707145 0.338052485055792 -0.00365699106257391 0.0932523260063444
-0.26380435345369 0.327248361080327 -0.0387965623136372 0.0875342444026427
-0.449169340226043 0.184128685323406 -0.0567374328834154 0.0485043933641284
-0.497381998462395 -0.107343340736985 -0.0839817911146241 -0.0119343942832245
-0.399808340717675 -0.412029116669215 -0.0456332049712944 -0.111928597729935
0.125521703505775 -0.575051396525011 0.0479370390671537 -0.156475291237186
0.595871352785686 -0.264154359672732 0.0733721532082406 -0.0294671049984513
0.669967505668352 0.0732152168872733 -0.0202530424684892 0.0709435187001767
0.540715593187241 0.105173208245632 -0.262788727683666 -0.239258462555218
0.565300054041044 -0.219167044474063 -0.293126831981842 -0.00019190007396428
0.192405828579567 -0.47306792334031 -0.0314301057809061 0.0562401254337024
-0.270295260325779 -0.405966694087585 -0.0089439213798228 -0.0394318025926402
-0.41648543886859 -0.134898197585283 -0.110115568082469 -0.0541612334990978
-0.397744573281892 0.104018821157673 -0.200810854474799 0.0812128833452223
-0.284174017450167 0.272009153324999 -0.155172252725526 0.200696686987694
-0.220448693623734 0.278503499975497 -0.0934563881949588 0.210640257632205
-0.23300626024388 0.25837268946066 -0.131116914863941 0.193034029429641
-0.374678796933566 0.133220780108384 -0.166405077457511 0.116480869325869
-0.394500924747708 -0.0988942085665202 -0.181914417656155 -0.00516565519985192
-0.301713948193243 -0.320317789971829 -0.0897137490152542 -0.121052525248581
0.0917071193779018 -0.441204540641375 0.00272899385322605 -0.147733430000794
0.468515823342073 -0.218722291139639 -0.0266765083051827 0.00284531209695904
0.564755010577496 0.0322380860742919 -0.217201704169999 0.0346824358886567
0.406967107025199 0.0472210409449371 -0.475906445225981 -0.294210012150634
0.397688895107857 -0.184021173376738 -0.426862160931014 0.034149991613145
0.114313740894727 -0.334643005426764 -0.0862013985879118 0.0592065766537602
-0.17917228201733 -0.260181367903158 -0.0453260105277412 -0.0595203534898196
-0.271237024603875 -0.0900915808669524 -0.194331708578646 -0.0738068943806469
-0.268924892896227 0.06463092216065 -0.310375823567159 0.117425223133446
-0.205569535485141 0.177192527017097 -0.247447191124305 0.278229588696936
-0.164644292978769 0.174532466608254 -0.168208114999447 0.297450514112386
-0.173972870536747 0.152649113954941 -0.203692563782025 0.26522337931539
-0.252508970100171 0.0628011705061738 -0.24853430642879 0.154278075969566
-0.239374775266215 -0.082332358943518 -0.244372268552442 -0.0129215538545362
-0.161733870161987 -0.193999495436962 -0.106036217095323 -0.126059089268698
0.0538845399121018 -0.254182268552352 -0.0199435668371804 -0.128557341925274
0.290266234060937 -0.139830057189881 -0.0882987230174141 0.0267585253825315
0.388190647165746 -0.00723404843290557 -0.355165663054169 0.00790484622876732
0.19682998158261 -0.0183805297129927 -0.623243574463894 -0.312646400661785
0.154823007754963 -0.113011470910583 -0.506657774690016 0.0631118716282546
0.0118535044323505 -0.133834285811352 -0.134849937812497 0.0697214962644957
-0.0585911198565763 -0.0678461507469815 -0.0662369349174679 -0.0512126352843426
-0.0814442828847703 -0.0335608570693944 -0.23275008444454 -0.0743654132802706
-0.098017417165338 0.0107263414316802 -0.35940116339927 0.136953415664943
-0.0962446198042533 0.050239976294668 -0.298384642274754 0.311233343506292
-0.0847968661725203 0.0432048069470908 -0.215167746016748 0.339513740345867
-0.0902410237135349 0.0311878654972204 -0.251141612807319 0.290924640732061
-0.10564217927005 -0.00343962865320959 -0.299362078983815 0.158795423730261
-0.0750836088625794 -0.0474603894062822 -0.271132938937983 -0.0317759227775133
-0.0328922831233096 -0.0584618995800371 -0.10163431241192 -0.126339355298871
0.00180762149198148 -0.075511122376641 -0.0275894572748409 -0.104766432343215
0.0964263216918361 -0.0727833708610661 -0.116187505341996 0.0371846002478909
0.17549585915204 -0.047620445711365 -0.424108081315605 -0.0109223062084488
0.0235503076688803 0.0744332099564965 0.464634682675762 0.118921865344204
0.0858374990137288 0.0462443480655284 0.199877609806934 -0.0908003918180443
0.0651790917087282 -0.0587688163037346 0.0104169369248962 0.0550863102437234
-0.0493546214393951 -0.091224450799722 0.0419007318263807 0.137095114024725
-0.0836634096359726 -0.0218702017280922 0.229471866496525 0.129193227399849
-0.0662942255154913 0.0320425633434529 0.356925093091751 -0.0568686501116867
-0.0254233749220318 0.0728427865213178 0.341600421288994 -0.213768785715601
-0.0256533228443653 0.0921842470902303 0.292616078794678 -0.273398547949747
-0.0413286806480536 0.0920563960105981 0.32358482772583 -0.247211280919337
-0.0935325987386512 0.0428866492331575 0.350660386120076 -0.107633021862919
-0.103227225213626 -0.043229141427564 0.259009568700854 0.0632420976505685
-0.0413288292231374 -0.12326419257934 0.103131985891024 0.0454002424944528
0.112092648230892 -0.0762672326995722 0.182315264324784 -0.0046348437602568
0.110639604025027 0.0707597753720272 0.442454086506828 0.0573079618472858
0.0227301194062252 0.103948568429501 0.595092061527428 0.424823635873126
0.195343606450083 0.148107642982814 0.442642748214788 0.102481472712339
0.255130467953661 0.0223865417677923 0.188789445175052 -0.0740280910549814
0.144613540309166 -0.163583181296526 0.0393393145512858 0.0484192575761616
-0.0983107813175764 -0.22029001373729 0.0400904399731328 0.109953892893219
-0.207333575999522 -0.0955538645214528 0.202606701014774 0.120464560138525
-0.213658456438234 0.041159649410795 0.310224179305127 -0.0324800603955841
-0.151068061697574 0.159561787157227 0.300403483791265 -0.161472354629915
-0.140447739927406 0.193818764918682 0.261995036243515 -0.216900834551792
-0.169591107739999 0.189715194388792 0.271459764367374 -0.20196313091814
-0.27802866221544 0.0706257747679581 0.29563606131173 -0.0986657606768182
-0.271611047824361 -0.134483854561007 0.217373858458035 0.0326617144609091
-0.134436018237132 -0.317372237916006 0.0988495757104486 -0.00412825950983619
0.232138470785918 -0.277529749378311 0.197255345020416 -0.0533643643347242
0.380720268927746 0.0281858055419915 0.416552614576212 0.0318730003532559
0.28608363627835 0.19956074188732 0.532326221278677 0.362787171035815
0.349245601731498 0.213154488830975 0.356643937620604 0.043999606648506
0.421568345410206 -0.00742594445393527 0.134976597003679 -0.0597122468405183
0.224565480307389 -0.27255029924018 0.0576286666080492 0.0507555448479558
-0.143058581731344 -0.345439882083339 0.0484168382416578 0.0803397174808485
-0.320641376866599 -0.165614134569689 0.163803293081926 0.0884713041829773
-0.344811217353508 0.0424458082684537 0.223851584703918 -0.014609094087897
-0.261682083941666 0.223363923644127 0.212760443936522 -0.0876560179068441
-0.233750881773982 0.268151612772619 0.19251190922167 -0.129103768585807
-0.266939785758022 0.259520728071029 0.179844982735914 -0.122746843301768
-0.415828476620672 0.0978268611414257 0.193300301619949 -0.0700130038808903
-0.408638335324862 -0.19147212315333 0.134378544589807 0.00118181125109854
-0.234154278300827 -0.456656843151208 0.0700035058015388 -0.0582359094292234
0.293259953062481 -0.454551866084812 0.181194826198811 -0.106492442301738
0.58246202034073 -0.0434866249208362 0.338824886034882 0.00316285045380268
0.50216734791957 0.249208892015671 0.390202540442844 0.269609397836563
0.471636761209482 0.251880605525623 0.210666947889695 -0.0502323715663668
0.563122046258774 -0.0511505115031525 0.0285944889146217 -0.0486767186725577
0.287631777490831 -0.381471371594444 0.0536011078380334 0.0586091912345575
-0.18543614547926 -0.450218943137366 0.0515140278698459 0.0436300321989393
-0.406333101529978 -0.217478843460294 0.101431644825042 0.0375168118688595
-0.437464682446087 0.0421315994435939 0.0965460314812731 -0.000253565597040915
-0.336849349834865 0.257977498535906 0.0881567129110122 -0.00153282208244301
-0.290972090968269 0.300165756464949 0.0928088757246657 -0.0216614734046137
-0.318664658904867 0.286729587187211 0.0641972892308268 -0.0236262971012703
-0.484492767343836 0.108612768703572 0.0624296539680958 -0.0223034805525935
-0.483143422475828 -0.211495374000682 0.0216428602865322 -0.021273563283921
-0.302915353013575 -0.514285768259712 0.0194358670834319 -0.104519572068902
0.29458357671846 -0.556578476194776 0.136639153891451 -0.146986888585299
0.673998635325782 -0.110944136889105 0.221657624781929 -0.0122730522938531
0.628042118416814 0.249722717204825 0.188874410324411 0.16592884101351
0.530788249165732 0.254714583463968 0.0109562878094567 -0.167263613419588
0.633348248719582 -0.0940536409854141 -0.123101185791619 -0.0389134555373001
0.313213506979473 -0.447542218723409 0.0233991579852466 0.0626749139403022
-0.206279026605101 -0.492401653673938 0.0386556538651347 -0.00201029653357233
-0.43385864273553 -0.234883233960041 0.0106438213357962 -0.0223496651950147
-0.462846444542257 0.0367428313255651 -0.058369232158058 0.0156834619250123
-0.359947404454117 0.257125031538685 -0.0572757345870004 0.0887604763212812
-0.304473082944781 0.289597792828028 -0.0209073412394693 0.0885954047866645
-0.321244047273349 0.26866574344588 -0.0576211558854087 0.0783586542609483
-0.472939112538479 0.0955260832549829 -0.0744637947370752 0.0334700656201555
-0.468313723822693 -0.204323291643768 -0.0966075994494921 -0.0333783243392373
-0.301901638496085 -0.478734732758922 -0.0367544203586555 -0.13441631778637
0.250246086101389 -0.539483084111665 0.0787005026127744 -0.165356201697515
0.641278354978244 -0.137617585880081 0.0902713174679417 -0.0108446523354933
0.640819914035621 0.21238549528478 -0.0289055276945445 0.067596467769325
0.50523026850214 0.207674225441345 -0.210031637382568 -0.284065940367847
0.586493045004806 -0.118983295016065 -0.288114142540951 -0.0313355760082276
0.274433651259319 -0.422720775278131 -0.0268794544453452 0.0578625125127468
-0.184294695832846 -0.433233214948761 0.00860666345707859 -0.0464436398008784
-0.377262652037765 -0.205909506535685 -0.091171308522658 -0.0772855784031064
-0.403737780790482 0.0282566017346971 -0.211163274053152 0.0349127190148847
-0.322431027973845 0.215916920563584 -0.19602000029651 0.169536959102475
-0.269508749092488 0.234593400309547 -0.131011338206237 0.18629819141145
-0.278555515163576 0.206160007326326 -0.167632017225505 0.164691868480533
-0.390503375412271 0.0601584724335679 -0.192655466831711 0.0791630186087779
-0.367104292247515 -0.174827874944946 -0.191352188383111 -0.0444683834213411
-0.225795006362818 -0.36732952869713 -0.0754912240384827 -0.149498557747615
0.184547978617305 -0.413132796655334 0.0305472448480174 -0.160636349966695
0.507040160921068 -0.117052469833333 -0.0191394481787472 0.00101475944967487
0.546354695884725 0.150115184052291 -0.220441646644073 -0.0106188015904251
0.3900134156472 0.124060118073105 -0.411496157805834 -0.37658012146263
0.420512028168444 -0.11548716227998 -0.424780675902453 -0.0268977543866402
0.173086684334825 -0.303875482210266 -0.0862530318928904 0.0478774940656553
-0.122080148815417 -0.279537311727908 -0.026449155086616 -0.0717896364792395
-0.242717168524189 -0.136906421912142 -0.173222184265411 -0.111675493147489
-0.270854376989054 0.0138218364755259 -0.327597839500684 0.0537084217431054
-0.229951242043671 0.137937852259743 -0.302001005932405 0.228409851560484
-0.195518404908489 0.141948707159244 -0.220269459372573 0.25716679764699
-0.199556589706325 0.114473919408871 -0.251462309721643 0.220799640779927
-0.257398667955467 0.0139642596421178 -0.277822939095119 0.100659015425599
-0.217695538215461 -0.127617821188844 -0.246388496871752 -0.0623073078242078
-0.116242590535903 -0.217165453760039 -0.0856356836367697 -0.153187741110295
0.105916234419522 -0.236828934442358 0.00248984679253082 -0.141007505946193
0.314371549464093 -0.0771091609121636 -0.0880770989470548 0.0118709911674314
0.381619920221923 0.0750417726951046 -0.355002802089219 -0.0664928483774145
0.201651838569795 0.0175786787213779 -0.554898132459624 -0.425446258345616
0.174578076176743 -0.0890424833208482 -0.508865366280437 -0.0208239895109979
0.037355489124605 -0.129457333537089 -0.141665515619024 0.0451085578456967
-0.0414849889510095 -0.0752622259239389 -0.05249595285629 -0.0649713258238456
-0.0689077843800035 -0.0474608548594853 -0.214639637678551 -0.11660616482151
-0.0932595084476754 -0.00810384526348261 -0.38027430141766 0.0678295971237264
-0.100434827952909 0.0331051809422533 -0.356893202444735 0.25180334277018
-0.0916153715356378 0.0269922160558121 -0.275083363504918 0.289116829377227
-0.0942421149127987 0.0114337894313583 -0.301977244033568 0.238628398735085
-0.101547977816974 -0.0229538916808067 -0.324340592198863 0.0969539590126184
-0.0625188380402976 -0.0604703190530336 -0.262865906690314 -0.0845839786472657
-0.0194154271728691 -0.0605770539888588 -0.0768658188285463 -0.148134674137855
0.0161539770465427 -0.0720945544046243 -0.0105805176697333 -0.112652700814196
0.108847975474072 -0.0510739830438645 -0.120414811931059 0.0155622442611802
0.183588003506114 -0.00998531607094332 -0.42301049081576 -0.0998222568470306
0.0240590324908841 0.0740785443200635 0.463058549988023 0.105997434614625
0.0858722714051407 0.043819856209841 0.194133969016507 -0.0965369073171276
0.0625070673871554 -0.0588275790238076 0.0141524474951678 0.0529374403678027
-0.0518839257901725 -0.0883973742000683 0.0446267023483768 0.134525283338516
-0.0847003278722886 -0.0186644208581671 0.231884285629388 0.121601183541876
-0.066484725506859 0.0341339817733406 0.352278161986023 -0.0692151339629618
-0.0234828259550573 0.0733197774428884 0.332280722657127 -0.223862283944285
-0.0220124389277194 0.0924388388585608 0.283630675206572 -0.279800453365705
-0.0377175470914927 0.0930999684114418 0.314627169164115 -0.255115547220714
-0.0924474780840911 0.046620609030651 0.345741831219653 -0.119673121288356
-0.105828381515443 -0.04053448518536 0.262114876222511 0.0550868672229651
-0.0457907077928735 -0.121969229188498 0.1047699140642 0.0435711977025399
0.109993115352217 -0.0799810837582714 0.184174803379515 -0.00857583894654358
0.111828748435138 0.0679668719392306 0.440804075968082 0.0452598185633578
0.0226568938326365 0.10278378031542 0.598519173364117 0.408123093841452
0.195604128420205 0.144995825890103 0.439488217601845 0.0892008276554091
0.25350472638686 0.0167691873021008 0.182949614252825 -0.080027639167383
0.139229774263594 -0.16380711164041 0.0433267177192166 0.0455183333695546
-0.104119027591919 -0.213268699256497 0.0432578213527066 0.106992481153168
-0.209434772443383 -0.0878242085376562 0.204881909167173 0.111234228883178
-0.212208041396989 0.0482878586047926 0.306936041631517 -0.0426329680104623
-0.145180201777621 0.163089465033014 0.293420056206332 -0.170618405261476
-0.134022236882677 0.196983114777034 0.254917908572813 -0.22399988765714
-0.162618047933322 0.19358992393189 0.263854571642679 -0.208322788031092
-0.274659837938599 0.0804207673476504 0.2910706582207 -0.110039612522827
-0.277566754475517 -0.125276547669872 0.219681262073467 0.0246740594248631
-0.144016988983569 -0.311728570173294 0.0983126273978608 -0.00727939952168362
0.224606854076038 -0.282224158658009 0.196381777298915 -0.0582358379627205
0.380777675834151 0.0178598631815355 0.41493525012615 0.0202957893306909
0.28541824565979 0.192220919632764 0.536978809061208 0.348456009645986
0.350679663327713 0.207024443817332 0.354048246002265 0.032446554635128
0.419310818873819 -0.0194403389789313 0.129492224563247 -0.0643026852117421
0.218268717232206 -0.273561631429275 0.0615719061081253 0.0470308702505634
-0.150889906736356 -0.336910600477436 0.0504925906347026 0.0771837204960182
-0.322924816810778 -0.154331583433618 0.164991396954369 0.0782993022439315
-0.342100555310549 0.0541768099004513 0.220694880249235 -0.0220185425578493
-0.252279780824825 0.229866160104658 0.209338502532879 -0.0935035619433376
-0.224621091066442 0.273010583587967 0.187553356775168 -0.133917006185174
-0.256748688861152 0.265772516832152 0.175530220279772 -0.126910786382691
-0.410994845086229 0.110960334616243 0.188904730233107 -0.0789173011401137
-0.416834331773694 -0.178133133265036 0.135216624105275 -0.00462883665125588
-0.246197560404946 -0.445426755612404 0.068473895913967 -0.0621102197438245
0.279427873413017 -0.460745233238028 0.17844960419202 -0.110218600394739
0.578688521669852 -0.0578276291158534 0.337435913109132 -0.0063479212026338
0.502377073659986 0.236104164663856 0.396375295969616 0.259930483913433
0.473249857440062 0.244312613088702 0.206716396100897 -0.0584445614713656
0.560032390472401 -0.0662244211271825 0.0239902017600403 -0.0499545961965276
0.27845812133796 -0.383552002008491 0.0578497549135581 0.0557481279605507
-0.194860372791966 -0.440662303993263 0.0536727623824461 0.0406693245656728
-0.410054204642616 -0.204112539144438 0.101192434094389 0.028049750740047
-0.432851821976564 0.0553658367101289 0.0945356125694761 -0.00313907622621611
-0.326170121673 0.265712847219051 0.0888861150132863 -0.00275934472227934
-0.280982310944014 0.307020466074248 0.091498810702701 -0.0253348428378032
-0.307970554459557 0.295471450109848 0.0644564838563899 -0.0246511899564616
-0.479528887691557 0.12468633970596 0.0595252510414272 -0.0274660917377808
-0.49007095158926 -0.196535401850687 0.0215549791478822 -0.0236134396875792
-0.316195350873266 -0.501172092554076 0.0165318923471215 -0.107463731405096
0.2777118239251 -0.56050992268102 0.13116052796543 -0.149271400679089
0.66847656924571 -0.127078869195204 0.21936649433918 -0.019589574701132
0.626908254058003 0.235493287947357 0.194521943670301 0.160289903967863
0.532359410035826 0.244736489720768 0.00651355087478916 -0.170444609124482
0.629252345192732 -0.110612877081898 -0.126826090082842 -0.0362035263599323
0.302919741204454 -0.45019577168263 0.0275018584769819 0.0611292581665372
-0.217026311631452 -0.482226743431455 0.0391994926283159 -0.00431588310496505
-0.438334188683276 -0.220104995190491 0.00861177741826585 -0.0302178491413883
-0.458717783808592 0.052308833929807 -0.0591475796845628 0.0176927188103106
-0.349302137961983 0.266457025629752 -0.0524853661836528 0.0914972871851134
-0.293935468974939 0.296467217740143 -0.0191435955256119 0.0870290999699014
-0.311265180793156 0.276943297187342 -0.0534402331919618 0.0801593671984746
-0.469483735836852 0.112080761303863 -0.0746239306022931 0.0329432537850973
-0.473967601092959 -0.188455367043165 -0.097748748090334 -0.0315102884663202
-0.314502082090855 -0.463999101413521 -0.0410667981839812 -0.136444067389681
0.234023929189405 -0.54186522349405 0.0721001911541274 -0.166250321887452
0.635118174032811 -0.154757046580254 0.0890872281981507 -0.014611330787891
0.63856579676198 0.197575895802887 -0.0222779849020035 0.0692603364388915
0.506040377683495 0.199654828568465 -0.215845940130081 -0.282189351350676
0.582168296596611 -0.133909175610157 -0.289523521476552 -0.0235448404303039
0.265390583252603 -0.426020233479842 -0.0228786805990535 0.0586871726605116
-0.193110475967131 -0.425804890046208 0.00823974126126358 -0.0484579871432021
-0.381292905995041 -0.192907338375974 -0.0943192432744094 -0.081397188776045
-0.399610471317661 0.0423456811749278 -0.210954889455435 0.0419921253474531
-0.31180878456601 0.224247161679447 -0.187242788891463 0.17648720990457
-0.259783291832229 0.241543914473915 -0.125393056692951 0.186987306571211
-0.270104753183952 0.213046742258853 -0.160746651562801 0.169161064837603
-0.387452639325941 0.0723384551900992 -0.190837220551449 0.0830830994554143
-0.372912845278798 -0.162991836276336 -0.193041352401474 -0.0389644449712831
-0.234665122160274 -0.356191937140595 -0.0801145207612121 -0.149840940916459
0.171271576766146 -0.414338479400235 0.0231721108433872 -0.160382906720827
0.500632623315216 -0.130321593923526 -0.0176119379758501 0.000861788406431182
0.54445385814256 0.137315562165017 -0.213891270910859 -0.00405651557910298
0.391071054007936 0.116404652026813 -0.417367211152683 -0.370219811382275
0.417129444042145 -0.126531708594821 -0.42445016846929 -0.0154935411085899
0.167046775149343 -0.30646001247245 -0.0832078938081397 0.0503090960187204
-0.128543489955551 -0.274377548777188 -0.0266669476670768 -0.0723610444939357
-0.244736331604631 -0.129119534561648 -0.177115357683334 -0.11207174040244
-0.267187662212612 0.0225424347303366 -0.324228338707204 0.0645731863924893
-0.222798766528414 0.14372359668145 -0.291336028430794 0.239628014982152
-0.189323278011853 0.147277191681121 -0.211963988196407 0.260102391565585
-0.194859212357174 0.119188977477082 -0.243086716659005 0.226736220122821
-0.256669895563603 0.0222119764709346 -0.274803543868611 0.108209162405666
-0.220199455866637 -0.119826747051614 -0.247964739153362 -0.0545314060695248
-0.120069052693186 -0.209198123537069 -0.0900695099757032 -0.152449042767138
0.0988996849648636 -0.236391948966407 -0.00440154390669439 -0.13987360791534
0.310169357018401 -0.0860027658697583 -0.085646458637515 0.0138924245291363
0.379178919456177 0.0639058176533447 -0.349249197486123 -0.0555169522632427
0.200549876798224 0.0136412003597428 -0.561566849132967 -0.412818494028147
0.172294452779285 -0.0942079546925415 -0.506320015391738 -0.00841730150402474
0.0352439199624808 -0.129963767189097 -0.140051183686286 0.0498910349767425
-0.042664349558832 -0.0747683274283103 -0.0531816557299922 -0.064550295758438
-0.0692098144737572 -0.0450348783312385 -0.217430693011162 -0.113776965404062
-0.0918684582627656 -0.00556317467273718 -0.375776469313808 0.0803001563850639
-0.0982324669372815 0.0356030747672017 -0.345914871666154 0.264118232734572
-0.0910141781896964 0.0298499162787689 -0.26571113886692 0.293576499314039
-0.0943222241916955 0.0143760118015907 -0.291698658097256 0.246791495917598
-0.102519201256687 -0.0197121764092326 -0.320049575028348 0.107372416167568
-0.0624529816782167 -0.0578162009258553 -0.265638937383105 -0.0751723332277638
-0.019670324478341 -0.0577048998917282 -0.0814837787076082 -0.146226559709202
0.0129596944254012 -0.0701726996309306 -0.0169676426439786 -0.111605355893497
0.10732145275362 -0.0542890128696172 -0.118000333874571 0.0189810466261961
0.182514281877042 -0.014248494675914 -0.417378199708803 -0.0860753915230273
0.0239788382450079 0.0738452090352302 0.461279841370931 0.0983881008313523
0.0853277233623626 0.0435632943658198 0.188867064026013 -0.0995297758051358
0.0607896124936633 -0.0575881265941804 0.0162862592995258 0.0512426156226159
-0.0536824021235835 -0.0853207763145374 0.0469396759824478 0.132591833435167
-0.085240924966616 -0.0167543073127236 0.233843831397875 0.116758070994765
-0.0671946932320171 0.0362129404736945 0.349374833114978 -0.0767333625477536
-0.0228642952067873 0.073726080018525 0.323967634952579 -0.230828511590028
-0.0200927554665031 0.0924641510837897 0.277236978105295 -0.283034180322726
-0.0357688477450141 0.0935509819242597 0.306935763609892 -0.258150629247346
-0.0913964130266621 0.0487632415911075 0.340873983963251 -0.127557287679502
-0.108500653292873 -0.0379489679510772 0.263905211769896 0.0491217151223305
-0.0491785183861587 -0.120757885499557 0.105544560354608 0.0420636916771552
0.108205668919232 -0.0827348373354143 0.185549468878746 -0.0109071070515015
0.111620465807824 0.0666897089803946 0.437653363945112 0.0378137054354218
0.021776320840824 0.102590459081917 0.596743005642311 0.398963863016098
0.194872448742634 0.143320432926018 0.437252052885141 0.0811870395202927
0.251696711695525 0.0131357094315489 0.177487631822113 -0.0822560743787786
0.136563465599446 -0.161758140811272 0.0461442608892012 0.0426814153162697
-0.106863086670982 -0.207940598676824 0.0444112719218566 0.104652023593106
-0.210123308620327 -0.0823342923122513 0.205201988461506 0.104858055827069
-0.211146569233017 0.0535002160811771 0.303126078297168 -0.0489557912940235
-0.140733167941267 0.165185400001392 0.288252387498188 -0.176215247473522
-0.128438119320522 0.198614611291305 0.250254675448667 -0.226982900666719
-0.157547872927222 0.19607866145924 0.260039036728179 -0.211824992202891
-0.272438821455341 0.0868757502821159 0.286143610835814 -0.117730891698621
-0.281934035495931 -0.119962314252236 0.221160718611466 0.0185907949518976
-0.150121926957994 -0.306290451400618 0.0987843580052637 -0.0097387504576566
0.219640718936638 -0.286209526656569 0.196536954375411 -0.0599083931604732
0.379561201377716 0.0134945718428337 0.411635523382518 0.0123143571486772
0.283048839723542 0.1889484071481 0.537221517436602 0.338291325349608
0.35010562743569 0.204122521332054 0.350813489228295 0.0257922867864185
0.416235910734836 -0.0258235805633065 0.124288479480266 -0.0660368843133901
0.21222103336514 -0.272179110563618 0.0651385762799718 0.0442397384406806
-0.155311854401621 -0.328691822717702 0.0516091251508855 0.0745356949464974
-0.323641966302256 -0.148010017929255 0.164330283574577 0.070172710526876
-0.339684548360203 0.0621611709310873 0.217525259915766 -0.0264614481942666
-0.245406390383049 0.233455666626934 0.207238495153731 -0.0973136154561309
-0.217755532096555 0.275870356659024 0.184683516489635 -0.13763282623878
-0.249229651052695 0.270310099560346 0.173466413168987 -0.129378535635764
-0.406899953931009 0.119922284901142 0.184622501967969 -0.085267488848111
-0.421423558966354 -0.168739981461198 0.135816647891251 -0.00859957109173738
-0.253910366411529 -0.438191078218333 0.0665693585714533 -0.0648332170646019
0.2716283507996 -0.462717043947128 0.176325011701196 -0.112712658750611
0.577539871713471 -0.0654314216494944 0.33479533999682 -0.0132059718388283
0.49695288821258 0.231144820247576 0.398419483893488 0.253040867778153
0.471969655635819 0.240961593654368 0.202306795931142 -0.0634334841694859
0.555447774210051 -0.0750149593965529 0.0194002173237303 -0.0502659575155115
0.272551606548247 -0.383499585143555 0.0621950557931522 0.0525557064344942
-0.200305521832577 -0.430359471018455 0.054366326025524 0.0377643238033443
-0.411115687827308 -0.194296454047831 0.09891716846177 0.0202306548956058
-0.430259845875438 0.0639497831329504 0.0925895937168535 -0.00454702774197532
-0.318192262255302 0.271237728404694 0.0896948916794211 -0.00385035349168991
-0.272119025524995 0.311739824082286 0.0902122898805761 -0.0277116931080138
-0.299232162492403 0.299057392902232 0.0644826250912335 -0.0255960730173997
-0.475318704593708 0.135994796966979 0.0561886451557427 -0.0312681334466028
-0.495218555864129 -0.186362477523407 0.0210730142388923 -0.0255404143717772
-0.324581650408091 -0.488906125944768 0.013281786442361 -0.110361287767326
0.267185509866265 -0.561852117637643 0.128080201777833 -0.150683050061815
0.665556254122127 -0.137476805251057 0.217993541392814 -0.0251248995325626
0.621589348689063 0.227164098519542 0.198795699034029 0.157401793772363
0.530630687144244 0.240728999465491 0.0016541062400037 -0.173106012365452
0.624990128623073 -0.12233485565166 -0.130492853287157 -0.0339286353361059
0.295886034040059 -0.450418349830857 0.0318998744262469 0.0589736594291867
-0.223000788786453 -0.473246776659024 0.0393880208196878 -0.00655490794339135
-0.439850004772662 -0.209135674165449 0.00545034037248146 -0.0370413537603912
-0.454948397311638 0.0624307443995169 -0.0594749894275495 0.0199000335705113
-0.340081171248089 0.272368318632231 -0.0483761035794279 0.0935149799776628
-0.286046382940897 0.302198348093369 -0.0180733683493493 0.0858869359965643
-0.301930951210191 0.280272320570726 -0.0510277845374837 0.0811500542792074
-0.465528092603415 0.122184267898568 -0.0763075426916597 0.032624113662681
-0.478673933283797 -0.177765927684681 -0.0980364594079172 -0.0308049146743151
-0.320733949574375 -0.451361741961651 -0.0442275318102264 -0.138649183162036
0.22365444512966 -0.541758906593102 0.0673923143175452 -0.165807971910714
0.632966019599442 -0.162300163075571 0.0893397038414747 -0.0175758201749605
0.631641240549203 0.19068132727766 -0.016184985852365 0.0698770135071547
0.505649535068528 0.194321149269503 -0.219959759369947 -0.28153970960225
0.5794059028594 -0.14380163520364 -0.29133498199063 -0.0193677977579999
0.258203377332733 -0.427527037486765 -0.0192241602525438 0.057711939717578
-0.198609794388838 -0.418488955907618 0.00799415105081078 -0.0498651222907587
-0.382139288893792 -0.184442843558838 -0.0982221189915181 -0.0863562679559043
-0.395759478104291 0.0494665966375369 -0.208997310447159 0.0478107399979005
-0.304158509618233 0.228226137738312 -0.179881166905996 0.181844051030598
-0.253661209942556 0.245274430224395 -0.12340497725297 0.186978461648466
-0.26400609014776 0.216370491986716 -0.155366350031216 0.171754794145851
-0.384913990121135 0.080799842228902 -0.190735474527138 0.0850253282149828
-0.375579397910728 -0.152636244714338 -0.192881801246748 -0.0357175207377956
-0.237986071510577 -0.346233711116214 -0.0831954083374826 -0.150758709948874
0.163389460216617 -0.412572672851101 0.0174578853232242 -0.159528276333809
0.497712634423745 -0.1377914087747 -0.0173722095146535 -0.000946925850855441
0.539105944219014 0.131112281427578 -0.207139409856214 0.00040630457648306
0.389668409427212 0.113753010021231 -0.420154853750871 -0.366909642702443
0.414020342732947 -0.135681387987303 -0.424073065146485 -0.011262427004098
0.163607109006373 -0.308168177917384 -0.0803531464817636 0.0509127855928292
-0.1321882978976 -0.271148480451551 -0.0268126102852102 -0.0732264187361914
-0.245817253368592 -0.12398800497831 -0.180460556774267 -0.113764859405722
-0.264609678451999 0.0266065907476515 -0.321389944668182 0.0722357287287223
-0.217655351296425 0.147024127970229 -0.282543775514262 0.244736236241035
-0.18509442224838 0.149982646401323 -0.207429921281381 0.261595936038872
-0.190919702439422 0.121392898769865 -0.236963793995092 0.230723892033386
-0.255015911525583 0.0280697478724372 -0.27161171787928 0.113469648733857
-0.221004369367312 -0.114619296790167 -0.248396969012783 -0.0497224303703058
-0.121253825354597 -0.203232186720789 -0.0937987866169889 -0.152798553783046
0.0931635651052266 -0.233578893986627 -0.0102342883108787 -0.138750980826446
0.307119098268719 -0.0900456719858166 -0.0836393998164881 0.0142171010055084
0.376874621778199 0.0606904301385798 -0.342507783128116 -0.0496297473119068
0.199640968038734 0.011626350238134 -0.562762430336772 -0.40693081418437
0.172006328664861 -0.0976954867436965 -0.505439207279021 -0.00161421898522492
0.0333532911998645 -0.130985017207131 -0.138312319264552 0.0520051408235103
-0.0433188105917834 -0.074746832931282 -0.0526823727030058 -0.0647567815002217
-0.069457043038813 -0.0443139183625722 -0.219991501376746 -0.112675820910474
-0.0905092661373124 -0.00446555437687291 -0.372171643315554 0.0890688666162823
-0.0961507672113598 0.0366071938644141 -0.335409506230288 0.270328043033083
-0.0895934446843271 0.0318236666666278 -0.259748945215753 0.294682114769199
-0.093631381103637 0.0154599480122158 -0.286039905001665 0.249584973480494
-0.10260642144636 -0.0173392017062921 -0.316151846093383 0.113631500478175
-0.0620267751239833 -0.0563040087990258 -0.266787992273701 -0.0686088892429508
-0.0190575238065092 -0.0552382818797696 -0.0839591933759184 -0.145147456978629
0.0109974729505199 -0.0679307266851721 -0.0212377736209455 -0.110359422154238
0.106278325481006 -0.056710350876948 -0.115182121331466 0.0201938908444748
0.181633382583694 -0.0169987173647773 -0.413021908588058 -0.0794927327501157
0.0231603575638632 0.0746995446120947 0.461675429056907 0.0983057722868199
0.0862182388714802 0.044844146566707 0.186317484388175 -0.101163781045499
0.061041913620468 -0.055820174146371 0.0183169954882093 0.0504145060659715
-0.0543498891544058 -0.0835837495680007 0.0470352466674248 0.132784040362926
-0.0862475123360326 -0.0157892088272906 0.236069047336071 0.115553669389888
-0.0682980739064275 0.0381822444763562 0.348541703406836 -0.0801795823469898
-0.0230799826442313 0.0744339468590349 0.322745413373047 -0.236545344684084
-0.0185916055401259 0.0936319871544696 0.277873333852505 -0.286632891919073
-0.0345699264426297 0.0952191971795571 0.306550635737494 -0.262301990456873
-0.0915878873623716 0.0505157587436602 0.340052004940555 -0.133485080596453
-0.111393495749533 -0.036934073481043 0.266737914845088 0.045579234635812
-0.0507162889306122 -0.120974626247302 0.106610400646567 0.0424102110575444
0.107643652806682 -0.0839021533043004 0.18915286943325 -0.0116209067859746
0.112896822970365 0.0674332901240792 0.438922954830569 0.0354163592841437
0.0196190229423297 0.103796711727581 0.597242951157312 0.398830250325781
0.194953101491836 0.146180382535763 0.438476822113189 0.0794485033161416
0.252090064453934 0.0127564758441327 0.175050053440134 -0.0837367313827349
0.137336958140981 -0.160165573682687 0.0489395997695644 0.0407908083881816
-0.107899469415186 -0.204997550090017 0.04489318878069 0.104364968473331
-0.21137900555132 -0.0801437243342939 0.206558305243138 0.101638091413795
-0.212193034824647 0.0571228382557804 0.302918711206931 -0.052657480939264
-0.140379195992545 0.167603748373607 0.287278186885361 -0.180138098183867
-0.126862641614251 0.201109391785226 0.249469606077299 -0.230981474733372
-0.15557266133789 0.199016687361586 0.258927941388603 -0.214938101907286
-0.272833751458508 0.0913648495916074 0.283545417778769 -0.123497575556309
-0.286993774457064 -0.117196390843868 0.223446922633091 0.0151415368089349
-0.153910750925473 -0.305910742329264 0.099094639611092 -0.0109674544421694
0.21920196187017 -0.288566399394918 0.199202613803272 -0.0610732983965987
0.380484214366963 0.0127458501200036 0.412358584887843 0.0103737468087158
0.281386292107009 0.1916808862381 0.540192208535483 0.338991281007412
0.350229334970585 0.20792583243875 0.349414768278408 0.0231836126031756
0.416304616373745 -0.0269315784535986 0.121442697066434 -0.0664234902182877
0.213957623231448 -0.270533634802425 0.0690384752042422 0.0417962972940159
-0.156978567360143 -0.325598255144989 0.0519653607794599 0.0734850174539578
-0.326630241363111 -0.143433353365012 0.163452346224775 0.0663507244421623
-0.342027811524563 0.0658086943210854 0.217955770461657 -0.0288466385980084
-0.244139500562145 0.236772802140685 0.208763570575703 -0.0991904401049401
-0.216286865613894 0.280134491321088 0.184062352048213 -0.140828719538572
-0.247110923897285 0.27418427626853 0.173984353311012 -0.131404989732411
-0.40837174859172 0.124341031276771 0.181951916677103 -0.0894052851120823
-0.428654897743067 -0.165520226321404 0.138036026170873 -0.0126887939435279
-0.258464494293372 -0.436378763989894 0.0660809225552182 -0.0679859709420449
0.270238100819155 -0.465591685330625 0.177857209621504 -0.113777756537267
0.580446944131953 -0.0682220939168113 0.336518256610451 -0.0154965337033283
0.496451126719116 0.234497044996662 0.401354801743541 0.253142766201163
0.4735123272466 0.246251611072819 0.200275019180141 -0.0660878070555828
0.556511759535829 -0.0783808920786466 0.0159210131678451 -0.0504041047485169
0.274514794535183 -0.382716098001018 0.0657684344248156 0.0502977597517839
-0.203416326379786 -0.42721516478024 0.0546983356140588 0.0372921621821532
-0.414975063085764 -0.191438895392644 0.0965011893370211 0.0145934990186927
-0.431269257021445 0.0689856164114965 0.0920332610778052 -0.00531262710702769
-0.316204651344093 0.275117405548278 0.0927055357886481 -0.00375188322540732
-0.27031391081188 0.315862722309425 0.0898165320633774 -0.0294823976903628
-0.296899154600928 0.304351617890765 0.065948611267954 -0.0259377462000775
-0.476564660984573 0.141181762828752 0.0531912162211838 -0.03393229417323
-0.503117680793443 -0.180488249238528 0.0222663935931201 -0.0282014992312811
-0.327940301619578 -0.484968040228131 0.0115977349595486 -0.113662906384963
0.266033216138741 -0.565188004851662 0.127478134122484 -0.15251111888293
0.669390529043185 -0.139756133060848 0.218196585097655 -0.0273032343255142
0.619686018467354 0.231063568902279 0.203501108002752 0.157623943314635
0.532752454534876 0.244361361031025 -0.000970387796294664 -0.176572262454899
0.626967038741158 -0.126774364078106 -0.134319894911779 -0.0331751081947277
0.29696029009106 -0.451270645394706 0.0354869843322374 0.0569699298928289
-0.22544675969571 -0.472423257326731 0.0395012811810005 -0.00763580665654245
-0.442562668772749 -0.207169549094904 0.00132311256273619 -0.0431548903796298
-0.455835614297868 0.0672127368929452 -0.0606552710619937 0.0211563893640568
-0.338199487180492 0.275199205683586 -0.0439428645172421 0.0960800417967207
-0.283059962241541 0.305972521751594 -0.0188925265289094 0.0857910264425876
-0.301274964706303 0.285535893125083 -0.0486477224239922 0.0824326854955047
-0.46593806755278 0.127298220584766 -0.079345983550945 0.0313508085431327
-0.484538007286007 -0.172666257683683 -0.0988750185229017 -0.0317578127705489
-0.324242580023572 -0.448614609673227 -0.0468624840990118 -0.142098442528058
0.223771029348727 -0.542256505904937 0.0647028225424365 -0.166967978427953
0.636068079835952 -0.164886157683124 0.0889356188239931 -0.0198232815119511
0.630881040120954 0.192512973013582 -0.0119593526058958 0.0697295182687868
0.50756054756305 0.199115179536482 -0.223300223805839 -0.285037916728705
0.580309395334469 -0.148838599766175 -0.294770278760177 -0.0177598269583131
0.260511690674073 -0.428722124246058 -0.0163606190891659 0.0558548993428998
-0.200878920058683 -0.418596437950419 0.00823886827507024 -0.0516431239682314
-0.384461221210665 -0.183689159921023 -0.102747748520298 -0.0915790276424075
-0.39756127256628 0.0524171163233482 -0.209804418445179 0.0506456797728492
-0.302214515901419 0.232038848882079 -0.174812606558687 0.186177296292952
-0.252651057776311 0.248611204292562 -0.123480868762484 0.188375839617851
-0.262478455311029 0.21915555243388 -0.154423540236807 0.173428251132723
-0.385615468004918 0.0838356348841036 -0.192877545664578 0.086621363218331
-0.379537776505409 -0.150338129742424 -0.194445205726097 -0.0348222689051683
-0.240425827627685 -0.343125134627052 -0.0866239540702086 -0.153606331504685
0.162531022783884 -0.412407921482747 0.0143254643974305 -0.159703236023841
0.499892166824934 -0.140602980821523 -0.0172794282797777 -0.00226304456449616
0.53867349525504 0.133122340469562 -0.202737238785094 0.000578910279329681
0.390041999081764 0.11680702568343 -0.423112007416702 -0.369399655839688
0.416755046883816 -0.138250173419358 -0.427939806574776 -0.00800007292596299
0.162260340490864 -0.310163444888171 -0.0794535780284157 0.0503072622345087
-0.133311636849438 -0.271966042194176 -0.0274233894167355 -0.0748036750442371
-0.247800428059943 -0.12311805742579 -0.185338303952267 -0.117161274190384
-0.264889453365419 0.0281927007368992 -0.322208548827819 0.0771278135913894
-0.215865770091395 0.1482145812023 -0.277052224376769 0.250551340481433
-0.183905425633071 0.152481338324177 -0.207153987273975 0.263684434824995
-0.190939778009582 0.123089859168275 -0.235262580579893 0.233901897711075
-0.256516705798984 0.0305527713019008 -0.273266184601738 0.116502430958932
-0.22288331048859 -0.11266899908216 -0.250971372287001 -0.0472519697067736
-0.121295132801385 -0.200749224319092 -0.0963704948067176 -0.154503030605323
0.0924433580958847 -0.232220846636767 -0.0135918646779241 -0.138504023902939
0.3086066219244 -0.0929947206700297 -0.0830036467925987 0.0132829600625022
0.375738535905502 0.0600468607994182 -0.338456210813424 -0.0481921433416845
0.199987342858115 0.0126124271349511 -0.565235635271246 -0.411391777337988
0.172669842470208 -0.10080292924913 -0.506403443060203 0.00144633660331158
0.0328259275366935 -0.132469356756224 -0.138676418464882 0.0527767711811474
-0.0441975356814223 -0.0761477221953875 -0.0528923682237211 -0.0666426746125482
-0.0698169234860245 -0.044786103330337 -0.223273911458351 -0.114067968081356
-0.09025310007321 -0.0051394581366467 -0.372247171747386 0.0934641519127268
-0.095800890790953 0.036752651735314 -0.331016421691876 0.276398319202757
-0.089552028910901 0.0324505370886829 -0.258069401284823 0.298948615891179
-0.0940592523981524 0.0160473473862258 -0.285299160455673 0.25442758355833
-0.102865105976111 -0.0162241028853992 -0.316149903502985 0.11782701023194
-0.0616254963324984 -0.0558563438053669 -0.269080301839179 -0.0651170699443388
-0.0177757701837443 -0.0542574213763882 -0.0864397858404951 -0.145968867604892
0.00983242547307092 -0.0659895954270567 -0.0250280226489237 -0.110153819918444
0.106050659035481 -0.0584030345763036 -0.114862204193835 0.0202397273682818
0.182887595667093 -0.0187735591695491 -0.408258076956449 -0.076362089234142
0.022682050281176 0.0767958147986566 0.471147130457866 0.0985454660716105
0.0890786982435674 0.0468225085786882 0.188354167483457 -0.103624555534928
0.0638244026833771 -0.0552577256088058 0.0206311839222752 0.0510250420328648
-0.0558181056421524 -0.0835974647326105 0.0489689800663294 0.136150007682088
-0.0885221680808036 -0.0140925439430992 0.243860208821915 0.115966672966106
-0.0706424721330997 0.0413966594923388 0.354365543371906 -0.0866990107708762
-0.0225097677582909 0.0779293186199766 0.325550957108019 -0.245083887326132
-0.0180068684879342 0.0961270563169434 0.283601926788986 -0.295595186762831
-0.0344461906901414 0.0981641942596766 0.312927943770353 -0.270391544352598
-0.0932152779879444 0.0527291276399497 0.346262281126921 -0.139980337403848
-0.11652213555074 -0.0360629402218773 0.275198969988028 0.0436381803773448
-0.0538772882759008 -0.123268657680773 0.110063607880391 0.0427394435865064
0.109850608777857 -0.0871946267074541 0.196561672342778 -0.0124351565334515
0.115041140451084 0.0694487046674762 0.448394105204876 0.0359711871617308
0.0186390437495561 0.10831953913003 0.608752115049052 0.407755856651592
0.198628772343904 0.151064101824167 0.444551328164983 0.0795474382059266
0.258213629471228 0.0131137117829197 0.175661933808145 -0.085567641324948
0.142092045253483 -0.161461773871761 0.0527280219768474 0.0395218809111484
-0.110136980029524 -0.206278014887814 0.0466308932888338 0.10639127222635
-0.217311492806567 -0.0798849757774161 0.210657008627446 0.100716293109563
-0.217924334189489 0.0614145708142062 0.308725165498272 -0.0574039438570472
-0.142102959702747 0.173591403256136 0.291700615151749 -0.186926962593774
-0.1278207964642 0.207293989862651 0.254404740673982 -0.239186074995338
-0.156436650517412 0.205775932993671 0.264101407636948 -0.222033377581488
-0.278777677951159 0.0962382223218884 0.28736447171988 -0.130739215664346
-0.297744918647512 -0.116772570208119 0.229560070128995 0.0115511249699488
-0.159834000502423 -0.310810340100483 0.101411470417309 -0.0128808556903819
0.224011586635163 -0.296687119925214 0.205406367170876 -0.0631367530397156
0.390269483067528 0.0130318577106283 0.421741676009455 0.00928372192368036
0.28462079422738 0.199706629194975 0.550861644618398 0.345956973348405
0.358342343030027 0.215969409909552 0.355592216335963 0.0224847638042411
0.425596767398859 -0.0285402944085224 0.119852447156878 -0.0682942603374176
0.22050821502088 -0.274399338041417 0.0731110427036257 0.0399330217373957
-0.160371983007752 -0.329824674943192 0.0537009934138411 0.0751884147396713
-0.334869841801979 -0.144827813092957 0.165846202869883 0.0639063161905908
-0.349211541550693 0.0709230998307747 0.22140005719676 -0.0310099333096195
-0.247195534472242 0.244927065127865 0.213627740228567 -0.103530072586572
-0.21827093037667 0.289118248645016 0.18664219409277 -0.146001023888008
-0.249936804055939 0.283223081462561 0.17865920373447 -0.136396633941329
-0.417630870496998 0.13385570748127 0.182451868416833 -0.0953815859518699
-0.44426576198333 -0.164482685022545 0.141817163748818 -0.0163863457053569
-0.267846243419509 -0.443117732488433 0.066518652381512 -0.071713772676103
0.277246657994649 -0.477717610050143 0.182133669250587 -0.116783643267258
0.595910579919144 -0.0710322316817287 0.344074813923853 -0.018576208397354
0.503182122075189 0.244809792417526 0.411442473373111 0.256794609661752
0.48470723957579 0.256028229366169 0.202022523967841 -0.068775126043127
0.567805419634743 -0.0824389441818176 0.0119538704199173 -0.050567637590249
0.281843465096216 -0.390235495920215 0.0704489742252099 0.0480046774239852
-0.208745284005065 -0.434521487007014 0.0561832971813177 0.0377503971608107
-0.42495959742657 -0.193237507314047 0.0960566337890169 0.0100367177566822
-0.441634199254822 0.0753910496279767 0.0934998331513076 -0.0056743779258426
-0.320446262998111 0.284308493812535 0.0971707144595905 -0.00378444893330732
-0.273957961068358 0.325651021329774 0.0907128029840613 -0.0316329612805846
-0.301637414556819 0.313365684582389 0.0683133215247939 -0.0273392535279769
-0.486573790749206 0.149466872582384 0.0502865366789471 -0.0370806471059253
-0.51956293834142 -0.180079365714564 0.0226790268255615 -0.0317237210957502
-0.338470884433826 -0.493874327037112 0.00942569908319271 -0.119435585029666
0.270911005140428 -0.578637420372712 0.129358430327765 -0.155882039228155
0.687876032394074 -0.14541320185563 0.221981489145426 -0.0300943652720253
0.629912605477938 0.241703737922953 0.210590907696331 0.159690626461863
0.546579320218235 0.255463482699182 -0.00408236800956773 -0.182192500067274
0.639136663275988 -0.130529270213106 -0.141575763077667 -0.0321306992201368
0.30587557646251 -0.460914674033079 0.0386570142411119 0.0550427999916818
-0.231188068634073 -0.481054519804256 0.0408253486866101 -0.00875373789785123
-0.454471509724656 -0.208570894724548 -0.00228718863118306 -0.0485731971555476
-0.466011972150704 0.0721161036555463 -0.0622907762390525 0.0227287265708987
-0.343432316336024 0.284854113593528 -0.039758702495051 0.0998603547896496
-0.286076397092531 0.316351800262253 -0.0199090928348595 0.0880119313202173
-0.305152819920509 0.293415562629571 -0.0486588904076707 0.0842909963030984
-0.477107458303642 0.135011535772194 -0.08463411437255 0.0316520681985714
-0.500744251594837 -0.171548003366043 -0.101056223875348 -0.0337394733737661
-0.331173668189321 -0.45439382340865 -0.0510757730025842 -0.147715531943492
0.226905051839437 -0.555658018815759 0.06458960888304 -0.170702196192348
0.652748026980059 -0.171626596580242 0.0899484058834433 -0.0227725183028359
0.641855595964888 0.200194602659373 -0.00808289088056365 0.0711289196593801
0.51878997466532 0.207344525888268 -0.231458681859534 -0.293281567705254
0.592243688064171 -0.154589930273934 -0.305147808565525 -0.0163598094053072
0.266349591407508 -0.438633253005824 -0.0151839851166646 0.0545127424165879
-0.205969326942075 -0.427015090369053 0.00760211970976291 -0.0536132054625944
-0.395950259029483 -0.185668202576181 -0.110502113988798 -0.0974785142707741
-0.405941589576626 0.0562507778923717 -0.214642089466742 0.0548024003096186
-0.307532130019426 0.239816613802004 -0.172673911880949 0.193277920415842
-0.25459222131782 0.257324187362885 -0.126021791490763 0.193497431875452
-0.266325506981483 0.225629419993898 -0.156070210648904 0.178874670024707
-0.395184301099455 0.0904406319831342 -0.199417680644731 0.089780116356795
-0.389703904099628 -0.149546502655083 -0.199305339354139 -0.0352970476441802
-0.244980824169019 -0.346693906153764 -0.0917175113652432 -0.159439157613312
0.164659963750968 -0.420370556032158 0.0110268522535126 -0.163610367043212
0.512732284398624 -0.145794824026921 -0.0179694787183963 -0.00411773290385773
0.547265757644712 0.138217338149247 -0.201724769226514 0.000583728792430927
0.399407820293917 0.122495079263709 -0.434956683233142 -0.381224235630898
0.425135797268012 -0.145204551558467 -0.439166590485115 -0.00595156727082461
0.165683793099577 -0.318834198814478 -0.0802063754844248 0.0498406264313454
-0.1378172627988 -0.278748563749368 -0.0283687855998097 -0.0776363688528352
-0.254419472874703 -0.126183487669105 -0.193787464946767 -0.12277882646893
-0.272027269234579 0.0295248257938888 -0.328432561042631 0.0819575210342697
-0.219854730511663 0.151825747317705 -0.275965601951931 0.260013759149454
-0.186378725495236 0.157307978679431 -0.21074880441883 0.272026684118364
-0.194319614775676 0.12679503285622 -0.239174649053185 0.240970599052602
-0.262618979024492 0.0337130775903211 -0.279721535178985 0.121478226415321
-0.228385874229363 -0.112544610746333 -0.256031093670126 -0.0461081050789503
-0.123541810571764 -0.202433764610062 -0.101184474178603 -0.159173266877474
0.0926629002344924 -0.235380860981561 -0.0174653971136316 -0.140734133508177
0.316013565764586 -0.0969680064736309 -0.0851650394510132 0.013007319423923
0.383217249215954 0.0628922764947749 -0.339815178704136 -0.0486958633233048
0.204665640318376 0.0141772026293694 -0.578832099837492 -0.423836235106429
0.175965523498388 -0.105160540605827 -0.52069965615357 0.00333172692902761
0.0325724914009785 -0.136383892843256 -0.142696958848868 0.0536554970956065
-0.0458040518116417 -0.0787606425299222 -0.0544686191608321 -0.0700095272762034
-0.0721153971322814 -0.0461664802919999 -0.231758956218633 -0.118358933336062
-0.0926454528616951 -0.00632956433014604 -0.379378326205195 0.0997182758221191
-0.0977974217669843 0.0372655990231493 -0.332621621384755 0.286313405171213
-0.0909927537422509 0.0337915000207899 -0.263286174059442 0.307776280126673
-0.096308651263047 0.0168426616808389 -0.289218469537702 0.261486475400376
-0.105665535385201 -0.015357650419175 -0.322732248884196 0.123939512117772
-0.0615034785893476 -0.0563792500327429 -0.275530182608648 -0.0630912473758805
-0.0163848201501646 -0.0545848326306161 -0.0902674190334828 -0.149392711200772
0.00923954643386067 -0.0657769201661536 -0.0289994262350251 -0.112121209717388
0.108619481240225 -0.0615687302911185 -0.116924078516719 0.0203944143496487
0.18674123574506 -0.0206986659694407 -0.414026381296913 -0.0767025470694942
0.0665121467481175 0.0516892119218373 0.45280412343733 -0.219379051909018
0.101422611455136 -0.015195498048741 0.0905493319289551 -0.203045975909259
0.0222049430518604 -0.0836967374176057 0.0495070791973638 0.0235678820601946
-0.0919748305672684 -0.0348033043104105 0.122878580146967 0.0806462478341169
-0.0807737449198652 0.0414118738069305 0.270236976921087 -0.0584007714213491
-0.0325883420409408 0.0781287705484498 0.230375921743847 -0.294175107791514
0.0281490137975166 0.0777464503026628 0.108978697863194 -0.410889641883233
0.0471030310920698 0.0890858592704251 0.0441373025481488 -0.422465492109971
0.035912350892171 0.100856803182792 0.0816247607302292 -0.424105557811488
-0.0436214213375113 0.103192435291807 0.194331265989902 -0.337845219003971
-0.120397423474822 0.0457633691368942 0.253029494536985 -0.141664082261323
-0.123692187572938 -0.0700720310412349 0.119015162599821 -0.0340406429639585
0.0387581895896203 -0.150028760771321 0.154240388956789 -0.137746671047063
0.148579307892602 -0.0205277950457271 0.389185002492206 -0.263371283387377
0.0967424303191936 0.0869815754830029 0.768134105380823 -0.0601915964493587
0.259316602449176 0.0125943824816823 0.419560783330459 -0.229165563938109
0.217610553986226 -0.141508411730062 0.0947031140434019 -0.185990989046145
0.0237069530104839 -0.217787592772246 0.0661484888815391 -0.0122461557463618
-0.207068050872663 -0.102020272759503 0.095418728261325 0.0573110723175589
-0.225015866309209 0.0658953315899848 0.230064369492172 -0.0482900299176329
-0.140167027553655 0.185672737477886 0.20807617946056 -0.238886152930758
-0.0078284854375554 0.228662619864003 0.119819331724356 -0.338266105075506
0.0282176285185456 0.251016540398728 0.0548412543202958 -0.358639556354798
0.00300133901494662 0.268659753815687 0.0720834518758829 -0.355242826673951
-0.169318679823912 0.259696593234869 0.15204687937536 -0.29294262882398
-0.324554085465186 0.0973837129049512 0.195830384620582 -0.137089679805095
-0.33214258428577 -0.160983511618836 0.0761705338748107 -0.0727902079534609
-0.00240456305655787 -0.405978813537422 0.127776560421543 -0.182313399339259
0.342590813040464 -0.251303619154189 0.351895291963524 -0.260377870882298
0.383433810201374 -0.0107951024786314 0.672138126115398 -0.065998023780443
0.43361623683449 -0.0245783835437184 0.313608968419194 -0.231678996247756
0.32815551750754 -0.273063717496338 0.0644863100411322 -0.14226167526612
0.0207557422058672 -0.357589048637839 0.0799604698760483 -0.0305965243856346
-0.320834018561801 -0.171792387062523 0.0752004856311175 0.0260734343448103
-0.360221390681233 0.0836238444910518 0.166089644858814 -0.04831781616954
-0.24090146298684 0.274879023209269 0.150680313009419 -0.159726087903209
-0.0493362876037806 0.351874671896836 0.11051158317873 -0.217668860012512
0.00649934830593029 0.375332910427665 0.0581863771444053 -0.240425888328505
-0.0249252743052058 0.392206222572073 0.0556013729567658 -0.230233527901444
-0.260112574033038 0.3807562543506 0.086672664653022 -0.196152852573787
-0.477682663608041 0.15355415397997 0.106640363109057 -0.101625413611249
-0.50711239229064 -0.20231782012609 0.00992948550217106 -0.0976653372634554
-0.0768963669169748 -0.597063978785755 0.0734177711912193 -0.208226238095668
0.460079229798568 -0.457590188264597 0.271316419153589 -0.22419687568298
0.596545843212049 -0.117988856244324 0.49070177631304 -0.0399750455114299
0.562144608596391 -0.0655635438257334 0.131378088488933 -0.21923434663971
0.412283791593551 -0.400926911562484 -0.0106773827545771 -0.0652314043828906
0.00179701404416016 -0.491423436748836 0.0781580172956379 -0.027062190925351
-0.421832252726664 -0.228475858792948 0.0480366923587588 -0.00701206303458971
-0.463217285437733 0.100437214213446 0.0725493938378552 -0.0465451008230477
-0.314121013946042 0.334054285192498 0.0603785094855341 -0.0561210322182527
-0.082414391892202 0.429829799155743 0.080932496557707 -0.0598591186580758
-0.016044054845265 0.441832798772553 0.0529416136815634 -0.0847707160378894
-0.0468771221750665 0.453027271651493 0.0352149522241995 -0.0717226649567577
-0.307803697573152 0.439723317209759 0.0148441942769334 -0.0640245021462696
-0.552453146474258 0.191114031953435 0.000181113721700509 -0.0362988924990852
-0.599289052594696 -0.200669215491347 -0.06749800345785 -0.10046617586991
-0.148403844765354 -0.67857784415753 0.00400146480625937 -0.203786155567731
0.487108996269369 -0.57943798178448 0.167785313700108 -0.151162918840779
0.698395616660698 -0.204032327743856 0.25660918016244 0.012912765475548
0.614275908775953 -0.10161122053289 -0.109660450474716 -0.186227989447286
0.441721432691118 -0.484011293675651 -0.123748884888435 0.0428533420726296
-0.0227239383856101 -0.565389654714051 0.0535894981086129 -0.00389430053198788
-0.468787603271488 -0.254204265096347 0.0028707188221214 -0.0360076482546546
-0.497843512838211 0.105074155077217 -0.0471342600128267 -0.0320268880853802
-0.336741482188588 0.347844153125673 -0.0477209204862791 0.0667926334743059
-0.0991817930587914 0.442773714419729 0.0361148405652458 0.11402613382293
-0.0339441258898101 0.442430659459 0.0389669552307934 0.0834006362261459
-0.0644946058271804 0.438491605407845 0.0110787329755702 0.0951940555863513
-0.309282777994245 0.420674377489262 -0.0521034706838676 0.0798277213459456
-0.530307819954308 0.185083576979151 -0.102307446894855 0.04171570617938
-0.569082291201952 -0.171316991423609 -0.136708309768972 -0.085269719747312
-0.171886708240247 -0.628531924717975 -0.0600418373883703 -0.172820002272103
0.438316490570506 -0.5757208087089 0.0652358489526877 -0.0590895957748329
0.679198260087009 -0.247852374288343 0.0178302473461164 0.0833618064079355
0.561581358845356 -0.126257170239582 -0.367765918832226 -0.132095642755997
0.38797276972595 -0.475382020707358 -0.248951417887355 0.159234787952629
-0.0427174610794505 -0.522657893070157 0.00839301880919282 0.032480858032989
-0.420029005641174 -0.227347439758376 -0.0501649572057148 -0.0523954073475353
-0.437164981528907 0.0881519145100241 -0.16449520797777 -0.00493014306204831
-0.297377601821594 0.297515809626586 -0.150175537387536 0.188063780033517
-0.098221647110748 0.383335075158542 -0.0132739632607284 0.275074879547582
-0.0448979435322151 0.373181791307779 0.0197749538544582 0.238137311294663
-0.0768694871733267 0.359356686603901 -0.0146927964689277 0.243083253855331
-0.27009012021949 0.331193591805023 -0.108974035044197 0.201476582542005
-0.42357718793902 0.131537181281359 -0.183788803240415 0.103292530527328
-0.426891974547336 -0.134996023889563 -0.178334881596206 -0.0687816433600513
-0.136322873737716 -0.47088731213459 -0.0986857010099085 -0.133422774882699
0.33636796528829 -0.460384589350183 -0.0120205476244664 0.0233266221303825
0.553587355216736 -0.240658210199795 -0.183836705223756 0.14997761896514
0.408858215405498 -0.130301712778302 -0.594151920832257 -0.0683724349631094
0.258378186660433 -0.365680182562719 -0.356545953833802 0.256512987004658
-0.0540956252145888 -0.361543883616402 -0.0462595384349555 0.0767422067751475
-0.276809702047856 -0.145167218957299 -0.0887589624001277 -0.0487363855229493
-0.285124748070867 0.0525393774400247 -0.245346485313206 0.0253773698164189
-0.203286084872261 0.193020372601046 -0.221809130418786 0.280339237439033
-0.0809114975221648 0.260019683164177 -0.0564448176652881 0.395235647026403
-0.052751389264849 0.247954437391865 -2.4235251107886E-05 0.356367995013973
-0.0803669913770608 0.232011394650538 -0.0419820189271777 0.348069761897663
-0.196180798127163 0.199582911159043 -0.15347930144267 0.279292702664071
-0.264967382164549 0.0560301094039589 -0.237635555486547 0.130305209510377
-0.231817653402963 -0.0919476039891604 -0.186008089374448 -0.0639308149848696
-0.0771399267652686 -0.263216084145494 -0.107870245975598 -0.0981026451459712
0.200074027932363 -0.289201282233681 -0.0569667197705083 0.0752416790292862
0.359903001280506 -0.199210557221446 -0.322775901374649 0.196153103578825
0.178156914081414 -0.106683771634418 -0.742739538500191 0.00105223301577334
0.0794240130785488 -0.187536828658744 -0.421506955705763 0.321888343478573
-0.0570646030098732 -0.129755118720901 -0.0906269721048205 0.129635185280415
-0.0848435960422112 -0.0368133856780162 -0.095251636477439 -0.0243989571442712
-0.0875549343413799 0.0069599593493703 -0.26869509577544 0.0504895171933219
-0.0793655749406941 0.05289418788748 -0.246904976269586 0.323155907098401
-0.05345477031432 0.0906138793198004 -0.0859713388534141 0.450799352167311
-0.0536407508515802 0.0864539075023948 -0.0201489401686431 0.418825795007921
-0.0704049914600541 0.0791887760861846 -0.0694426530899537 0.400484082280924
-0.0973552535384156 0.0575871050919984 -0.185878889962733 0.308668862165624
-0.0897175305522001 -0.00726543097144187 -0.264528192562058 0.127385207193071
-0.0485293206148796 -0.0351602460487051 -0.170699905000179 -0.0643102459011235
-0.0369821390509786 -0.0609264565714093 -0.0983098394647306 -0.069102372999427
0.0489792299522246 -0.122356622582703 -0.0795770636526093 0.096540211079029
0.137677189647114 -0.1435190588541 -0.394677279005099 0.214851610763337
0.0716700653624705 0.0525439771630285 0.461527303286011 -0.249205922269152
0.106756568742186 -0.0201717559153289 0.0837752680454645 -0.214558595469935
0.0217134771124143 -0.0895118114369989 0.0537777772346374 0.0199228349113565
-0.0965847869795825 -0.0324550423787005 0.131906768275322 0.0777576876338949
-0.0815421769429537 0.0475978936344406 0.280263460351898 -0.0764909128017817
-0.0285911521970304 0.084623794737809 0.224369748226715 -0.318435863795872
0.0343534883631109 0.0801621735039995 0.0910089171010982 -0.43290873951027
0.0548058973316045 0.0907776883055908 0.0231343941848293 -0.442765903948376
0.0440892331388329 0.103311806501935 0.0636776225269369 -0.447186216630488
-0.0402512121978952 0.110862479826702 0.18547772368271 -0.363186667530927
-0.12406482107472 0.0562682135124766 0.257159238368624 -0.162307806558413
-0.132564539520768 -0.0665362375414281 0.12375102053396 -0.0405325101939269
0.0330363410227956 -0.159133900272027 0.158251364621733 -0.153834410397271
0.155166578431844 -0.0267271546714137 0.39478570724258 -0.291405752213955
0.105739469278515 0.0889940172316909 0.799566007798456 -0.0923392695510731
0.272818981993704 0.00395525954525058 0.426618785919388 -0.257047836400344
0.221502433611105 -0.157119530199355 0.0886221501614783 -0.194595522377411
0.0186372119145195 -0.228950339374854 0.0692640551637261 -0.0190479914320418
-0.218911792834246 -0.096894180043426 0.103132785903569 0.0554897477794972
-0.231361726919442 0.0802018567933769 0.237135631399297 -0.0630207209217097
-0.135625387007886 0.202857200074886 0.204287365121146 -0.259167616949777
0.00435564792734527 0.239411420989531 0.10803336568395 -0.359599227191012
0.043393260019676 0.260708687627938 0.0390111041719022 -0.376971617550581
0.018434768483125 0.279712935212295 0.0577408428547774 -0.374935476262465
-0.163437621490146 0.281336742535657 0.140901456076533 -0.312512137652349
-0.335190834235307 0.121079717496823 0.196830599903565 -0.154632266290275
-0.353998355686419 -0.151343643145427 0.0741152239689328 -0.0792549936146787
-0.0201722020672792 -0.424462463526793 0.127887744556803 -0.198014023859967
0.348991722689848 -0.277848943126344 0.354819301748317 -0.286309480911258
0.402135639194954 -0.0222910429462603 0.698801218905124 -0.0967708860701749
0.454849255276032 -0.0428267119240587 0.315692840240665 -0.253592339171618
0.329281402456196 -0.298764236055779 0.0589226006866554 -0.146767270665126
0.00929794384721285 -0.375537342254405 0.0821816574897367 -0.0395871869783833
-0.338992632366073 -0.164849003461098 0.0811696065621468 0.0230908356045987
-0.3718799942063 0.107177615185534 0.168789214858876 -0.0586209394132455
-0.23738491193724 0.300540773602625 0.14925829887722 -0.173712790220822
-0.0316901191697218 0.369719904223643 0.105837723532286 -0.234121442526424
0.0268088854301561 0.39177496147736 0.0483781454314427 -0.252773357583727
-0.00395492057798156 0.410043719090575 0.0457732504602584 -0.244350603980175
-0.253305193312707 0.411748664526762 0.0774336338913142 -0.208082100603696
-0.492958032313143 0.187218382783251 0.104084523681529 -0.113630885557253
-0.537791057251783 -0.188321673728286 0.0024585285130424 -0.102418830560884
-0.106512905059102 -0.621532530935289 0.0679760740360318 -0.222101932280701
0.461631141480566 -0.499526345611192 0.271359686870741 -0.245569394242837
0.620842077463731 -0.141849173352248 0.509249967778083 -0.0649039833765413
0.588477725775562 -0.0905496240114763 0.125823447142398 -0.232393602301162
0.413179154851456 -0.438097676602582 -0.0150614487704618 -0.0620878511368867
-0.0164749276386587 -0.512951310914321 0.0808114414801504 -0.0358551123576655
-0.448074328596908 -0.221392436054229 0.0508416459785708 -0.0094779877740273
-0.480148861718015 0.12773173973898 0.0695909033329627 -0.0523908174326524
-0.312453323130658 0.367254221113653 0.0604198106447199 -0.060694170221699
-0.0625177436319622 0.452329250784051 0.0840700848744355 -0.0693073909222908
0.00721957942237844 0.461850652772746 0.050247304999702 -0.0906124137043289
-0.0256644066140541 0.473792702136938 0.0321037683156544 -0.0775301487487893
-0.299400805064865 0.477280742939464 0.00878423350814775 -0.0643032102686988
-0.567697927648915 0.229211134160512 -0.00395736013409051 -0.0401080691010043
-0.633539716366474 -0.180783922367363 -0.0793680181466053 -0.10176748434803
-0.185330721217219 -0.703674241846593 -0.0062991024890225 -0.213001414230326
0.486167081372513 -0.629966996500647 0.165051845222577 -0.165008357738674
0.726073850237518 -0.235033381551932 0.26899954825003 -0.000681031348854819
0.643535357239358 -0.130757396388811 -0.124122629356356 -0.187851461708621
0.439310758702936 -0.524781426854533 -0.127835136473891 0.0563278016470244
-0.0460721203845041 -0.589282850380845 0.0549902783407696 -0.00965841049093117
-0.500531083457627 -0.243754241229874 0.0023132673851317 -0.0372529462674398
-0.516918744276139 0.134482745302022 -0.0548480400308921 -0.0311760381958793
-0.336499806544525 0.381153102862539 -0.046014725610432 0.0730114750122277
-0.0808318390321749 0.467507806670185 0.0467382390324618 0.113464929595295
-0.0115989376133055 0.462577117617919 0.0436882132845454 0.0855591701898569
-0.0454462529957582 0.459515714311012 0.0162449011874694 0.09854549770304
-0.302177752424316 0.458167914996377 -0.0536354578235709 0.0898165132328041
-0.544989049573643 0.220543012961912 -0.106996748574009 0.0467107870291435
-0.599587205970062 -0.151378216507007 -0.150959035465995 -0.0825535177991635
-0.207370175128476 -0.648748385276452 -0.0721386841368855 -0.176502219604139
0.432691337693968 -0.626067421543683 0.0635310861648608 -0.0634012511794485
0.70060066097103 -0.280519332309157 0.0240124282019346 0.0820339402165663
0.586271546477199 -0.155225063221135 -0.392463241162119 -0.121984972775945
0.384685982124093 -0.515328343669154 -0.252720474150477 0.182686620662221
-0.0664304334905565 -0.544161555810837 0.00883975792584052 0.0314313913971356
-0.448937845002602 -0.21685373985801 -0.0544783697298539 -0.0518160701859505
-0.453964405218474 0.113132812452933 -0.177326035083471 0.00303867177107598
-0.297754054266931 0.327881448561999 -0.146384836458807 0.204959080932656
-0.0829022084478974 0.405884080103461 0.00366201430215974 0.283890690724917
-0.0284897111207451 0.391684425177012 0.0326216432837456 0.248846762141111
-0.0622688661048717 0.377741651343051 -0.00421661420986009 0.253718015623656
-0.265554192280597 0.361492231900483 -0.105625068019276 0.219053126623471
-0.435882797576949 0.158626498262459 -0.187671241490497 0.116265177267083
-0.447165120969525 -0.121717834080205 -0.193135206219798 -0.0638548643584812
-0.16315246568851 -0.483113865161804 -0.111315344754579 -0.132564881767196
0.331364825907833 -0.498576595501045 -0.0128009441200299 0.0255054548405303
0.56889139058645 -0.269465683810273 -0.182522733577803 0.159001356565855
0.424971098634998 -0.15246933739797 -0.625687308489365 -0.0453728515687304
0.254217718776616 -0.396338254144446 -0.361144505999274 0.287563656296501
-0.0724846994165486 -0.375710801865812 -0.0460194156100833 0.0819974713658328
-0.297361247539276 -0.13869819705535 -0.0957029368701379 -0.0464752741248247
-0.297301235367491 0.0693082290959687 -0.259855141794638 0.0387334136684892
-0.205538588642787 0.21248618412449 -0.216600898343776 0.304012794310408
-0.0719456406206827 0.273770786556677 -0.0368210096993577 0.410907209774645
-0.0432130683996665 0.26116677541772 0.0174213664771517 0.371776888937487
-0.0733066996693662 0.24553184258953 -0.0265725686064023 0.365436394010392
-0.195070584621046 0.218573740097344 -0.147649143193494 0.301608621885429
-0.27361934405177 0.0709035469626918 -0.241768676585676 0.147409212661332
-0.243754363377128 -0.0853431235283739 -0.199580975841943 -0.0582512467954803
-0.0911546735829254 -0.269170149249623 -0.119879714520172 -0.0948597455256783
0.195449963916107 -0.313507179834603 -0.0566765756564555 0.0817347373184205
0.366583534792093 -0.221425430120256 -0.325062998709017 0.214399991710838
0.183683726795563 -0.119404634198732 -0.777745433903503 0.0313934480330743
0.0736625594422698 -0.200131104192304 -0.425620536606338 0.356440590747822
-0.0663186356446825 -0.132141151062754 -0.0904682007305253 0.140925828115799
-0.0916315815447917 -0.0344532874608771 -0.102564193111928 -0.0208619611615628
-0.0926374754253945 0.011992487960337 -0.282087517661526 0.06555945080801
-0.0820440576091181 0.0590665486315329 -0.242189702010684 0.3494892724766
-0.052150679441923 0.0967921591160995 -0.0658842317191753 0.471606002056391
-0.0525663837121564 0.0922408380819257 0.000946141492598792 0.439250162767299
-0.0706370471624266 0.0861673370469748 -0.0530470008190953 0.420181865571845
-0.098876821667559 0.065134343866348 -0.178746227852837 0.332962289359299
-0.0938209616032389 -0.00432411212077914 -0.269324479461074 0.146617399832314
-0.0509016639798942 -0.0351619395827624 -0.182138583586459 -0.0589075606577067
-0.0403533285373155 -0.0601570714653592 -0.108002454691831 -0.0641654084581171
0.0439863804242963 -0.131495543262608 -0.0777487838735372 0.104634973537085
0.135970459036339 -0.155019065208825 -0.397863461420989 0.239272946379508
0.0774803860858584 0.0507359451150242 0.453913639501981 -0.285934673635058
0.11025802751822 -0.0280631259419699 0.0691578081680645 -0.222587307697854
0.0187652669484919 -0.0946103998270291 0.0576883576028275 0.0135974443963261
-0.0996897074641096 -0.0273097301495732 0.141617763505712 0.069229451268067
-0.0794667710748126 0.0539316974034307 0.281498251779125 -0.0990232479354386
-0.0211805985351549 0.0896742746937486 0.205915302960786 -0.341705881881664
0.0422002388201972 0.0795341250006524 0.0616506532548242 -0.447198175783872
0.0642429165803159 0.088417874136675 -0.00754138820226658 -0.455388414679906
0.0542004394896728 0.102059253139336 0.0316426639269318 -0.464226647039444
-0.0328155002154816 0.117365011535831 0.161991369454966 -0.384629675497625
-0.123275404092095 0.0689602470505155 0.250677949716487 -0.18543913469068
-0.140582130253028 -0.0584806569710404 0.123080735625857 -0.0493138194122318
0.0231194548189737 -0.166019203542204 0.153999557292163 -0.17255763550757
0.15848391501871 -0.0373063453260752 0.383084961798012 -0.325701798179071
0.116134918001324 0.0865177891121161 0.812614291756162 -0.142983123069609
0.282638338180019 -0.0123846284230601 0.418211181373851 -0.291846548784446
0.21754707553114 -0.175533871121309 0.0754873563121357 -0.201385198872232
0.00660946446131374 -0.237527123079721 0.0693564250677504 -0.028567240730442
-0.228920388191443 -0.0852279072423141 0.110366999710566 0.0485110039720156
-0.230283890927886 0.098976538561028 0.23707785229781 -0.0825138834146953
-0.123157084889319 0.218579256061408 0.190720471153525 -0.279747718537241
0.0229858786617358 0.244439270862776 0.0838453684461303 -0.376560465307367
0.0651898770031045 0.263156926202236 0.0115360812925865 -0.388252555106091
0.0413068875234683 0.283913524753051 0.0305185407479078 -0.388673105513255
-0.146777550906383 0.301329096980807 0.119571989446087 -0.32867740609344
-0.334569297816917 0.150820974989857 0.18880327810088 -0.174643879205894
-0.372543957930133 -0.130094166344484 0.0692558599149966 -0.0859585255807584
-0.0494685507078166 -0.436629202705364 0.119409359388544 -0.215301561653711
0.340157441934572 -0.307852865858663 0.341921262624246 -0.317088160352777
0.41446715645169 -0.0446332426375837 0.707485043804856 -0.14360309336609
0.467625181390322 -0.0721046739768085 0.305837396701186 -0.277564907567856
0.319314467261914 -0.328922555691081 0.0494907555669865 -0.149036046375655
-0.0112787062542662 -0.3873948725232 0.0809508924340758 -0.0504929994685053
-0.356755151162171 -0.146452294639939 0.086293104372613 0.0175500997693153
-0.373163771589038 0.136558926892725 0.166356259768634 -0.0735053119300314
-0.220243603875515 0.327462755839599 0.140545443987331 -0.187946397913104
-0.00436525832294463 0.380192082739635 0.0918436322589589 -0.249973985459076
0.0572633978921942 0.39867865921496 0.0307091063480129 -0.260662036102398
0.0273627809574114 0.418587901344721 0.0276598239059772 -0.253769831376696
-0.227693779444406 0.443026152071352 0.0619123857687328 -0.215698706330505
-0.492559292201603 0.230906960740559 0.0961666452392662 -0.12628574010143
-0.56373121696633 -0.154396860562156 -0.00776623492149166 -0.104662354707912
-0.151073024309977 -0.6317665135634 0.0544735290424001 -0.233135911979272
0.440681550131441 -0.54450428696544 0.261403541295814 -0.267991150338899
0.63447712995733 -0.179025723672505 0.516195845161668 -0.10120447855695
0.603675221307875 -0.130943098017719 0.112434601383543 -0.243314705025341
0.39251550497955 -0.476996289235031 -0.0192631473706388 -0.0567523013927178
-0.0476117852203006 -0.526492906768188 0.0789777626800149 -0.045736054011012
-0.473340874783456 -0.19521595146411 0.0537513149852854 -0.0135982297668865
-0.483897366442926 0.16700154672703 0.0642351010628597 -0.0595340491343841
-0.291642374172959 0.401223190145273 0.0585982643649902 -0.0659291997467408
-0.0293028739182748 0.465506157027574 0.0825740457388508 -0.0810248534869421
0.0423041746086012 0.472657345177462 0.0444175236990276 -0.0946008715830658
0.0101703240435039 0.48468379404131 0.0258818789605607 -0.0818453186217954
-0.272621653535898 0.513324247266092 0.00192058707158632 -0.0622354625864431
-0.567215657836621 0.278293279917017 -0.00953356953022411 -0.0428823132700952
-0.659422511651031 -0.140784483364808 -0.0930878550123439 -0.0970629155453311
-0.235762068740001 -0.711143770820816 -0.0217702248457866 -0.218070363949169
0.456463726894424 -0.679944516381311 0.156531030240782 -0.179197766246475
0.734524559406755 -0.281621605380522 0.274969210796053 -0.0211007010087639
0.655218686251384 -0.177399009953251 -0.140882695645089 -0.18132717715812
0.413862564559308 -0.569595599208501 -0.12561167816538 0.0725275158976491
-0.0834376630218047 -0.602625104981404 0.0547178502968393 -0.0167202688037211
-0.528487375559419 -0.214833157265825 0.001583514168491 -0.037726658112444
-0.522420152438504 0.175280942402284 -0.0630891655258061 -0.0278592166968355
-0.317084221875338 0.417841153436446 -0.0408297037415256 0.0785577676548441
-0.047004913055291 0.482955656060641 0.0591049082544279 0.107301000633758
0.0218730282028453 0.473876017479225 0.0508384657929107 0.0863973974212682
-0.0126592771266886 0.472167579810432 0.0217756594997451 0.100117372866889
-0.276655102690708 0.492890545202636 -0.0498828434924043 0.100225858489805
-0.543097033357989 0.267484728973822 -0.108529336680462 0.0546683959917741
-0.621230333215886 -0.113191130739337 -0.164655574104385 -0.0729046677133409
-0.255047142641023 -0.651914543687793 -0.0880118407280512 -0.173910313328364
0.401545189450187 -0.672178069470615 0.058813246341206 -0.0680467090021585
0.702771414223215 -0.326349301780138 0.0304909871531651 0.0783618966389335
0.595601039939862 -0.197046141991716 -0.410884874942613 -0.0964587376183683
0.35899716917907 -0.555956373284757 -0.243878157721695 0.209290654300955
-0.103510539632901 -0.554835951331587 0.00977946897785047 0.0300566582474395
-0.475823304247734 -0.191593315556393 -0.0586475672773954 -0.048910632697045
-0.458502329926608 0.1510592074273 -0.185732540977922 0.0164950056303698
-0.282028376669271 0.359867489153665 -0.134707159519035 0.221021855054063
-0.0544443658727999 0.420009597090557 0.0274084306161861 0.285020137931453
-0.00130041529521078 0.402409674875865 0.0509329768168833 0.253412201370935
-0.0366667629461081 0.389845613056916 0.013398462972399 0.260943490840829
-0.246142038123195 0.392293796496693 -0.0926091377992823 0.236665226561788
-0.435921591887685 0.193834852003947 -0.186048788680646 0.131306903220533
-0.465047133189017 -0.0937532745383085 -0.206045008905175 -0.0515866877097973
-0.197678291724883 -0.484880655088172 -0.12573189971783 -0.124046421088985
0.30243910952482 -0.535695535670118 -0.0116267134795913 0.0282733731190587
0.566274527431757 -0.308855062544663 -0.175248055677521 0.170056844668685
0.42855352268972 -0.183489818646299 -0.645542379702999 -0.0048486070636473
0.231053009081315 -0.425670543609713 -0.348227838105544 0.320558228000927
-0.0992129915642693 -0.380775239440824 -0.0436722179150094 0.0872941089576454
-0.315050615910416 -0.120874770512136 -0.101814929457434 -0.0406184969990571
-0.301162394751469 0.0934569667373886 -0.267704194107971 0.0586505922821549
-0.196514912691979 0.234374993953351 -0.199520217695744 0.327431518010528
-0.0537410163626505 0.285094021113249 -0.00419048831228884 0.418745609344526
-0.0255958526116044 0.269881261843097 0.0448986698312856 0.38046007570048
-0.058365158091277 0.255563831286164 -0.000981368228144588 0.376180844118174
-0.184602734637438 0.239425095916736 -0.128617056843414 0.322580787686898
-0.275072084835228 0.0912919302255005 -0.238148649057444 0.168818051892949
-0.252667560425552 -0.0712853571789381 -0.211323165616977 -0.0456070011831951
-0.110161559373711 -0.267851851662096 -0.131654164765285 -0.084104669285557
0.178052446511585 -0.335193959056661 -0.0522334378140353 0.0878416091659022
0.361313192578368 -0.247224306857982 -0.317304548078619 0.235554754904041
0.180908409155332 -0.135059345269977 -0.79842419708312 0.0823004221277352
0.0607893046833566 -0.211754935531032 -0.410145995511634 0.394932434511483
-0.0772655825079868 -0.130080596171429 -0.0843780318627709 0.151789113810021
-0.0971188030779081 -0.0273959215206302 -0.107192383299731 -0.0138258906294747
-0.0945745938067586 0.019722847635368 -0.287203105596116 0.0878980784741204
-0.0814905554093988 0.0669289904324054 -0.222719522192217 0.374617171123755
-0.0470125448463625 0.102228249771568 -0.0303320414342098 0.484722012854939
-0.0479254094729923 0.0979018595974678 0.0322594298559769 0.449664367157728
-0.0665666972927923 0.0930855182747612 -0.0221822357802467 0.434772307529614
-0.0967946695109262 0.0740712531604062 -0.157150904655248 0.355706243283506
-0.0961239416633431 0.000272852907186968 -0.264511715539206 0.170130662284363
-0.0531986088944896 -0.0332370410589246 -0.191584170963946 -0.047421404521644
-0.0445671557282875 -0.0569107887967696 -0.11646877758997 -0.0535693282787085
0.0343134990724151 -0.138932917931394 -0.0711062751699757 0.112780859727536
0.126862042838108 -0.168464462541938 -0.38770404056357 0.266448595880771
0.0814320829382235 0.0470749355805652 0.431908761973926 -0.315326974272827
0.109223741117187 -0.0361036119683384 0.0508685162356581 -0.222870388956192
0.0139322200013755 -0.0975590143542593 0.0581963152913922 0.0062881703723461
-0.100271166089134 -0.0215997974525855 0.146091300099173 0.0576561434227889
-0.0755203586899992 0.0589380144047469 0.273122519818562 -0.121138927987951
-0.0130861588624986 0.0914678804828108 0.179352867919264 -0.355954573280603
0.0490378884301467 0.0763613650755728 0.0274020115874192 -0.449129345479039
0.0718149672803165 0.0825962540032524 -0.0411781195863392 -0.453586606458461
0.063093577961199 0.0964705638187849 -0.00241055702229488 -0.465502278392314
-0.0234230236020685 0.1205506819259 0.131819709307834 -0.395624195820456
-0.117419880266852 0.0798787642960607 0.236011707090933 -0.204121434824943
-0.144537969202857 -0.0477716706606787 0.120099053417181 -0.0566362430563658
0.0116501654658966 -0.167899399590396 0.142712540768533 -0.18729620012515
0.156937940252841 -0.0476800680477486 0.357951570103406 -0.350468025053448
0.123778694142141 0.0802769479500516 0.800953793744278 -0.19398193973558
0.283871627428018 -0.030088162642674 0.39718298034422 -0.315708428255661
0.206187742636406 -0.190140610743856 0.0604559120547258 -0.201712293168345
-0.00725770467921339 -0.239528274689035 0.0659534195045672 -0.0370370513550302
-0.232504477185904 -0.069923834286092 0.11417251226655 0.0394219435095738
-0.222596175322173 0.115176510365849 0.229292945619079 -0.100970946938983
-0.104638353529978 0.227904987484918 0.169475049507038 -0.292745503489237
0.0420206574533659 0.241191635779343 0.0560874851816512 -0.38220446275439
0.0856424569637197 0.25600824580275 -0.0160408996255934 -0.387008369254642
0.063331828083988 0.278258563841917 0.000693530615912857 -0.39033622746933
-0.123810907346145 0.313260375922601 0.093643368799061 -0.334992087233498
-0.323412716543511 0.177586267573079 0.173418674348283 -0.189340405269813
-0.379881899354581 -0.103552470560623 0.0615638933104828 -0.0891787206074185
-0.079201370382288 -0.432638304650439 0.104748297903055 -0.225882048646707
0.319426294978642 -0.332442109933609 0.318970258405739 -0.338182719310271
0.415146774528302 -0.0689144861584512 0.695773480117916 -0.188692755066489
0.46486556861889 -0.102887893985638 0.284337628826395 -0.294936268198841
0.296131853373519 -0.351172486072985 0.0399616236150166 -0.146613523252231
-0.0341883260610881 -0.386520304461588 0.0756306345041241 -0.059995546183529
-0.36300482546407 -0.122229613394231 0.0887137730610951 0.0111102376389026
-0.362769062812738 0.164009912219992 0.158397507968829 -0.0868885533010127
-0.194909480350174 0.344415446545853 0.126312621792851 -0.197824058725586
0.0244777241661909 0.377751101809813 0.0736493468061532 -0.258304144573942
0.0879270772916747 0.392142717996422 0.011446962062718 -0.261549848392087
0.0583251272854092 0.412987119226447 0.00772712957210614 -0.254849195754766
-0.194800981499316 0.460137256984573 0.0437438584344645 -0.216083021486574
-0.474482978576295 0.267521883481773 0.0835511524641394 -0.135202730967886
-0.569397533527699 -0.114998684464202 -0.0179270457954198 -0.101862765325749
-0.192606304690793 -0.623539925494247 0.0386222263449231 -0.237749679690486
0.404449609261705 -0.574293104327114 0.238804545243556 -0.284022989646809
0.625315651930804 -0.215360519341966 0.508455819424469 -0.135146889196659
0.597290039494497 -0.173025028199772 0.0954913596472782 -0.246999335309331
0.359564633859429 -0.502535877853397 -0.0218698688660479 -0.049070262060409
-0.0805321790226777 -0.52479262583737 0.0737958891739724 -0.0549380273898719
-0.483766698277504 -0.16238316949662 0.0545745583324619 -0.0176621509081865
-0.47013872924869 0.202330901261877 0.0560625925925815 -0.0646149918233178
-0.26211803909739 0.423341749501867 0.0541470566477291 -0.070345856895241
0.00502968585722025 0.465983921043813 0.0774431054821251 -0.0916268484669504
0.0773491074916334 0.46555441656261 0.0376903136852294 -0.096475751523315
0.0439816380068954 0.480083324053823 0.0178671525377992 -0.0819335803614267
-0.234727228052301 0.534132599889561 -0.00370935881633254 -0.0579577054703333
-0.545956979258655 0.320436173041898 -0.0161552527213805 -0.0437193996992158
-0.664429181175936 -0.0946583934762954 -0.1040876797883 -0.089126419797951
-0.283433459663115 -0.694285389226403 -0.0372802447543028 -0.214718228717122
0.410035892163172 -0.711450116436877 0.142723129124331 -0.18724760437143
0.71920393495575 -0.325215140933398 0.271674405973339 -0.0410534168427023
0.647995615571438 -0.221102331874038 -0.152175031451312 -0.168697895287371
0.373801892382765 -0.598114987463996 -0.11742059095674 0.0856696874159252
-0.123064280169236 -0.598095744261109 0.0512767089972816 -0.022576456117393
-0.541746294465613 -0.178408078780632 0.00131696886669585 -0.0383167599892417
-0.508513098657863 0.214516336375936 -0.0684773989023973 -0.0235306832554216
-0.285596819303375 0.44275996223209 -0.034504509399629 0.0817300524211966
-0.0125823195646304 0.482186851512451 0.0680053742233832 0.0971474449665923
0.0577750448799364 0.471089101466564 0.0581866376661047 0.0833774245726365
0.0211286818078562 0.469112496413326 0.0274839191593413 0.0990853796729011
-0.238647135732386 0.513574895725141 -0.043072070580197 0.108609820782975
-0.524337235858193 0.308231612142077 -0.107872537028891 0.0612579770704734
-0.625873672943935 -0.0716354293086585 -0.174393141463504 -0.0593542852417122
-0.299324179723419 -0.633752326122344 -0.101181428515938 -0.164302596372173
0.354149325363869 -0.701199122956172 0.0528209707278995 -0.0701824313426312
0.686713701321571 -0.368297281925996 0.0339674653736753 0.0722930500255905
0.585709565567094 -0.238649258435409 -0.416411259556405 -0.0675051650353571
0.318864245369914 -0.581523108727003 -0.226013978283126 0.229086476659883
-0.139262677460899 -0.54930890857706 0.00945692984953501 0.0286070789816769
-0.48794325277404 -0.157305626202676 -0.0604667819007107 -0.0440031830961041
-0.446803361756302 0.185796356656347 -0.188548053607082 0.0303254410890225
-0.255732007358389 0.382155854386038 -0.117403516774095 0.230352088415949
-0.024229677129692 0.420671581628426 0.0495869130013221 0.27564213140184
0.0301636861859888 0.40052076610185 0.0702387239987068 0.249897651180962
-0.0085773058850373 0.389635608457159 0.0313129447976108 0.260228639568564
-0.216838384294129 0.409142648232517 -0.0752514955924549 0.246322669048965
-0.421720103411294 0.225222848649499 -0.178402097580063 0.143951125752956
-0.466224848992648 -0.0624157075561059 -0.213744626675597 -0.0359285665119692
-0.229190680454923 -0.469583484930486 -0.13548621552855 -0.110066413206615
0.265700027607211 -0.556271293051823 -0.00978526655332288 0.0296850250261174
0.54876471885304 -0.340261295181182 -0.163366280862145 0.177052699987255
0.418467481510141 -0.214456624085894 -0.645496244655813 0.0381026904467264
0.200565914522033 -0.441380731892835 -0.322142723598827 0.346135060026006
-0.124657207452869 -0.372675089251268 -0.0385998556229589 0.0905229333640035
-0.32319652536486 -0.0981718995784267 -0.103570554902858 -0.0325826616519488
-0.293341693722686 0.116091459671488 -0.267224096932933 0.0794900849197275
-0.179721661940237 0.249627631890342 -0.174971838162268 0.341662466389061
-0.0335551404363408 0.286282440657928 0.0274170343994452 0.412403118506284
-0.00674758042280148 0.270978743487393 0.0722633418438995 0.37738916200114
-0.0402258768331335 0.258336428907298 0.0258303984398028 0.377213499266073
-0.166701125698 0.252876918589034 -0.103284975268272 0.333889823027697
-0.268483222573728 0.110763415243456 -0.226986332241534 0.185328823624937
-0.25503596038161 -0.0547637512118081 -0.216509458680121 -0.0300188657957581
-0.126751922079093 -0.258793340445837 -0.138373291455077 -0.0689862745203788
0.153221311143174 -0.347589187267255 -0.0451535470693392 0.0910875178207151
0.34529582834523 -0.2679163998446 -0.299126130311518 0.250583297425261
0.172636377070042 -0.14822010270192 -0.791815437031809 0.134301747648885
0.0445821135993215 -0.215877745716801 -0.380071326246487 0.421433937931107
-0.0858200956278683 -0.122624011631622 -0.0745014674105668 0.159542045913106
-0.0988940629485421 -0.0195916971818122 -0.10873178403094 -0.00502401871883207
-0.0933690396375765 0.0271328928384573 -0.283115931724563 0.109801954763054
-0.0768078129349625 0.0737325560497269 -0.194418254816695 0.391130656001135
-0.0408727398009412 0.104450346118303 0.00414752407636856 0.481515803830467
-0.0417408324044935 0.101607122755354 0.0652075929825633 0.445186866328391
-0.0607594230773246 0.0979222182283051 0.00971460739282435 0.437604545425242
-0.0907713706627554 0.0811101741690949 -0.12973021414635 0.366744790886909
-0.0966722675656705 0.00617716355907411 -0.251828466313269 0.189752471075642
-0.0536838263389542 -0.0306769119018765 -0.196151601716617 -0.0342182592969753
-0.0473940899204231 -0.0522005344379307 -0.121299505206854 -0.0405420047914168
0.0230487248746078 -0.14173924436135 -0.0615085349440711 0.116191382716296
0.113407147705436 -0.175978828661972 -0.367944222640635 0.286921057689814
0.083432751080285 0.0426219829840111 0.4048991270916 -0.326786546124527
0.106864148114244 -0.0423065538258993 0.0365489635989335 -0.216619694161304
0.0100540572080674 -0.0991792660607926 0.0567354850870684 0.000398721699957743
-0.0998128000980427 -0.0167455656740249 0.145453342542668 0.0473348564351772
-0.0710098025838142 0.0612804565293125 0.260364508911405 -0.134930498198148
-0.0063194692034537 0.0903366488052735 0.155082567908993 -0.358858893577234
0.0540449999179113 0.0723339280534806 0.00165378399313552 -0.440817328813313
0.0761439971627274 0.075651030997477 -0.0650770741617816 -0.442518366451963
0.0682454223662885 0.0899947067165562 -0.0287501781500983 -0.456306082143269
-0.0155460408805772 0.119847059543441 0.106215750039239 -0.394133852236883
-0.109349355545089 0.0862289266724161 0.21928156588539 -0.213961605122125
-0.144358012572432 -0.0385709881290843 0.115823837059084 -0.0610820458972742
0.00280222677794111 -0.165408439214127 0.130974540116219 -0.195524042855903
0.153064594804005 -0.0543680716601192 0.331546303743431 -0.359516856613258
0.126784086126445 0.0738496472984004 0.775489793940603 -0.223617900238813
0.278837623020282 -0.0440237105294435 0.371372510095548 -0.325431545753302
0.192769945577906 -0.197414138081348 0.0485688697986851 -0.195310496372121
-0.0170767664038018 -0.236961876150795 0.0611860270862155 -0.0431149942719335
-0.230325849207571 -0.0575526443289085 0.113994291664615 0.0310360738114989
-0.212154726482503 0.124873881673036 0.217725837587323 -0.112205355690081
-0.0889474976527452 0.229020154496215 0.150101960176379 -0.296333247228652
0.055332291126316 0.232459220342287 0.0332873704310252 -0.378210192609369
0.0987578146949463 0.245175232459792 -0.0369061863442454 -0.377831134140469
0.0781867715161816 0.266406371145088 -0.021575194182767 -0.381212183663202
-0.102931610707784 0.314510812254401 0.0718192930225872 -0.331131542369165
-0.306257025622062 0.193057503241259 0.157448134280434 -0.196262338334015
-0.377231786953726 -0.081106489197614 0.0550452332056921 -0.0889206475676382
-0.099112379659205 -0.421168649517167 0.0911385001604398 -0.229935140988857
0.297490403641902 -0.341161501774132 0.294463652142056 -0.344489827644002
0.407580135095779 -0.0846228811456138 0.671679955396414 -0.215025268079549
0.454258502658733 -0.126093282503271 0.264125274253043 -0.300040735137023
0.270863611636287 -0.358318155966436 0.0330830989626556 -0.140029145926161
-0.0507231678394841 -0.380114654778219 0.0688640668127212 -0.0658855464324018
-0.360793743013378 -0.101707932122592 0.0887688314175354 0.00431965024248448
-0.345582316104276 0.180273795900024 0.147497826674261 -0.0942925274863765
-0.170853522026048 0.348474236973268 0.112263144441845 -0.201439421780355
0.0454324543575304 0.366657329019935 0.0569785402598405 -0.260148025539272
0.108455857264209 0.377457432210754 -0.00253971727715264 -0.25609872004673
0.0799572635754763 0.397548152427952 -0.00813437525679003 -0.248613369647483
-0.16495601304647 0.463159476639832 0.0303732022993708 -0.210968564413051
-0.450101082015595 0.291062809840208 0.0715635681518713 -0.137643883128693
-0.564413995810619 -0.0825069882548509 -0.0256888732279222 -0.0962799265264698
-0.221838061206351 -0.603817808657702 0.0252145516760459 -0.235877030379781
0.369547088469456 -0.586410395637742 0.219778669414543 -0.287477344611743
0.610393385101474 -0.238275908244222 0.490782317720717 -0.156150027649701
0.583217981950741 -0.19981720054427 0.0823793090044718 -0.244077761864515
0.32471347268526 -0.51018694171538 -0.0209313607386732 -0.0419583995462059
-0.102079060967617 -0.513142427668994 0.0664678382403392 -0.0597509333606298
-0.480489843698641 -0.134823371726103 0.0552084406823314 -0.021203600783024
-0.450503081606969 0.224091111568482 0.0480743142888614 -0.0672998714083141
-0.231062925201673 0.430725256912019 0.0490049490441063 -0.0719331736731788
0.0305694371343384 0.452963247010426 0.069514700059433 -0.0982386069059915
0.10148799577866 0.451399089610955 0.0328826006595544 -0.0952781157303631
0.0705849964275632 0.463562381358488 0.0114210444639038 -0.0792149692031442
-0.198777243762518 0.538151179312489 -0.00705311474468678 -0.0522727519495904
-0.518562517528186 0.345939560127244 -0.022124022438388 -0.0424155961627524
-0.654617451259826 -0.0601734189974818 -0.110463020332561 -0.0791683686753862
-0.314344696407847 -0.670363999423932 -0.0481069826698568 -0.206518104398418
0.366672969002855 -0.719555918293209 0.129423427644773 -0.187310299198845
0.696999459629067 -0.348295244083515 0.262885031042891 -0.0549784930387284
0.62739277701352 -0.249841713107165 -0.156709353397809 -0.155209421496292
0.334019360030116 -0.605194117521033 -0.106772156350492 0.0933884214467215
-0.147661948228897 -0.58307342256449 0.0463664345956439 -0.0259985908119951
-0.538959440589927 -0.148366950291791 0.00213209501209797 -0.0383853889022191
-0.487470359594791 0.23760042796552 -0.072873835275323 -0.0192052453749251
-0.254710410480736 0.452091467890058 -0.0291260416543765 0.0818976113337909
0.0148257451438138 0.471221714126324 0.0708486058632074 0.0858776010249605
0.083430951289028 0.456263065432589 0.0622944132030199 0.0793656405026785
0.0458946534142359 0.455527937188329 0.031670426666626 0.0981186929462824
-0.205899752066646 0.518371603596647 -0.0350504232704277 0.112632470466123
-0.497583303488508 0.331911903197251 -0.106025437454743 0.0653807529307647
-0.615785530489035 -0.0380247112938535 -0.17939105676675 -0.0461423423086225
-0.324043492635681 -0.607954730138363 -0.108144956957912 -0.151898389090752
0.3113609503818 -0.706091886762204 0.0486395616676731 -0.0686576808693473
0.660311076694402 -0.388683897667967 0.0357154872486793 0.0662693194965976
0.56645662495716 -0.263780001453439 -0.411468488684293 -0.044329624371564
0.282503980954482 -0.585220206405939 -0.206521045305243 0.237890311199787
-0.162758519670012 -0.532343872997048 0.00850433647981999 0.0272520202715014
-0.485712980697285 -0.128320928513219 -0.0591356069880059 -0.0403074346162308
-0.429101418878855 0.205789713935854 -0.187643227531725 0.0404362434662433
-0.229853114806824 0.390907749424094 -0.101512847214684 0.232016807207672
-0.0013360881733761 0.411130183474139 0.0633955642617457 0.26181779963523
0.0501076354062437 0.390810867937343 0.082809929304845 0.242130170419003
0.0110525752954472 0.37945547236454 0.0447666501273973 0.254887835029786
-0.19078967163 0.415796567776018 -0.058103351205669 0.249317604442225
-0.401196681483992 0.244806590221065 -0.16999046371664 0.150704234252136
-0.458345741344956 -0.0384359206645914 -0.215745797682133 -0.0208409347481247
-0.246992498685284 -0.448319402573193 -0.138908321168871 -0.095775921205854
0.231331150667295 -0.559779604024035 -0.00790713081991468 0.030685707497438
0.525296450676662 -0.356290770989913 -0.152419358675834 0.17710393620411
0.401468893557822 -0.231488009666249 -0.630420562172785 0.069091109936007
0.171765134333827 -0.4429180653286 -0.295094093552624 0.35453025291557
-0.139109033418334 -0.358946889674409 -0.0345949939858878 0.0913188596260827
-0.320891745411179 -0.0787225536903505 -0.101803125942141 -0.0258110745584387
-0.282349741201329 0.130912998364589 -0.261386191427938 0.0931842912107077
-0.162348855532015 0.257321439568125 -0.152345522661329 0.344205542855366
-0.0186669245195634 0.280985452994307 0.0486261812075142 0.397013887834406
0.00766217604655065 0.265140813670818 0.0917161870541899 0.36575479301767
-0.0262669374415092 0.254208403236126 0.0465122067464258 0.368777322490651
-0.149723493713964 0.257692444614141 -0.081324481444964 0.335254728286908
-0.257756823555047 0.122568915598648 -0.213528874412398 0.193486019247494
-0.250889708738643 -0.0413589382117472 -0.217371126713122 -0.0166396952955267
-0.135475526645676 -0.24582403850916 -0.138545001312306 -0.0548335369759159
0.130803219378426 -0.348178658364348 -0.0379568987263634 0.0909370902809604
0.326074013228069 -0.277520895233535 -0.28077265604814 0.255556478947799
0.162097364489023 -0.154668286691766 -0.770812907625047 0.167037741675499
0.0310324581484695 -0.214212753828771 -0.350897783045335 0.429977471824206
-0.0898067261738674 -0.115441682451128 -0.0654783268562688 0.16187783691248
-0.0971599506885592 -0.0125724284452356 -0.106705951021884 0.00156517309757465
-0.0896925663555999 0.0318668767364394 -0.274641210357511 0.124119657766282
-0.0720116091022994 0.0776272591424817 -0.169380385624364 0.393647416589489
-0.0357659978745323 0.103574284477698 0.0319300327820591 0.467721766557386
-0.0359945781248233 0.101210642564693 0.087407835443978 0.432644276705715
-0.055114992028457 0.0999276175918381 0.0340827052741395 0.428140079889539
-0.0844035737371102 0.0845528611216211 -0.104662732140308 0.367071225454142
-0.0949426868044585 0.0100277491743966 -0.236280275412973 0.200078915105367
-0.0534733790626655 -0.0282451142470266 -0.195383755721403 -0.0221749244526008
-0.0475660203248924 -0.0477968643465309 -0.120144120275928 -0.0284973618830721
0.0135912075335878 -0.140760991263676 -0.0525738592179497 0.115625696092487
0.101936380455157 -0.177558879693659 -0.344106409087048 0.294603066498606
0.0588572015457456 0.0762332764213801 0.498995768823619 -0.142428424325807
0.113256331061453 0.00737774151315403 0.115434667579899 -0.183115494752606
0.0512540732795377 -0.0869086372688086 0.0450978012520424 0.0189164949646007
-0.0813732550598076 -0.0578647912509017 0.111171477550387 0.105507364227554
-0.0914921680803061 0.0255159868699006 0.290896822662749 -0.0157381865491705
-0.0408688324495827 0.0795867852117874 0.284193044109736 -0.259086619134018
0.0216284893270412 0.0856486899264712 0.176740340278156 -0.395770052202723
0.0409739551622543 0.0962959232617845 0.114147355458776 -0.423713795039675
0.0268491896486957 0.104459843745798 0.149245294137181 -0.41969522574038
-0.061180474330126 0.101840418505724 0.247260179827416 -0.314381875563215
-0.132778172826891 0.0352630419426287 0.278933017786965 -0.105281190591129
-0.116595254662472 -0.0904845429632632 0.128558636492001 -0.0101288206236386
0.062287389514059 -0.156156447854232 0.198144449666287 -0.128624969661692
0.160300980594927 -0.00130674508414863 0.440511812266154 -0.189388518073103
0.103047617804377 0.108757317745917 0.786712210852946 0.11377160745573
0.277581459523456 0.0823373087142484 0.454558329164035 -0.173453923689594
0.254351619176676 -0.0936037864756029 0.110274282449037 -0.164097943290176
0.0842875541410358 -0.222043402137399 0.0564555838948958 -0.0180082263637086
-0.178670026931448 -0.147068826826725 0.0850936439989802 0.0852398494154849
-0.241988451464688 0.0242041656728037 0.243407838515905 -0.00439825736106771
-0.169804988985609 0.170443856056155 0.256073870428062 -0.200430593250551
-0.0408267765030717 0.228209467803973 0.181193075699403 -0.326275027233602
-0.00296156784557121 0.258489589462025 0.114410680356569 -0.354180089456314
-0.0316404733545329 0.267375358255971 0.123396406415775 -0.348602385544735
-0.212778479836735 0.245785862732183 0.18806035964469 -0.270329730012692
-0.352137867506013 0.0608049943697088 0.213488781620386 -0.114962820819036
-0.311660759845121 -0.217665585117407 0.0821955082864677 -0.0629267972683504
0.0618428493841778 -0.431200459423143 0.179580174215852 -0.178181391973079
0.396385041077414 -0.210966027141153 0.41554683382535 -0.186466162916608
0.419234295484704 0.0649547668039937 0.690293637188279 0.0956700198016238
0.475105770259247 0.0836597456753697 0.334677480878921 -0.209987497638294
0.391259260722576 -0.203342721263759 0.0668693040033983 -0.1254052465721
0.114106651502597 -0.364028479265572 0.0624447588482384 -0.0351564764836387
-0.274973205685495 -0.239699481528573 0.0689525776474943 0.0573545379558671
-0.382645580154507 0.0200837977212532 0.17356816420327 -0.00859665814365878
-0.289110732674715 0.243944809490698 0.187789497715124 -0.123003721792198
-0.102732114489673 0.343299585537085 0.157932938779376 -0.210220524838754
-0.047064104681279 0.38232246063758 0.0991934328740719 -0.230530371552999
-0.080292314021659 0.387129318347992 0.0816831472922221 -0.222909191116983
-0.32365636962046 0.357992275322194 0.100352013549181 -0.176631852005729
-0.520708085113781 0.0960845171027161 0.110696474942379 -0.0967951388881612
-0.481247062136123 -0.290427836987285 0.00864289468961101 -0.10462017618884
0.0154820237738832 -0.643650190646524 0.125502047680958 -0.211403447323594
0.54748216016412 -0.407422035808572 0.34024476861806 -0.163995668949713
0.66016408171969 -0.0026650420090958 0.505478884279348 0.0873098658848677
0.624926860787261 0.0717240950913933 0.137419914257317 -0.244272775440509
0.503831479318071 -0.315933201935446 -0.0278037791408439 -0.0623365619858278
0.122585379600955 -0.5043240846094 0.0487621251410631 -0.0269609150777146
-0.366139558089182 -0.318775555501491 0.0452165588681744 0.0271199163780461
-0.49271734118443 0.0169018020835255 0.0727717348878964 -0.017156799259159
-0.37754201833498 0.293328946534728 0.0801774279121094 -0.027301535806244
-0.149930033193076 0.41335395704171 0.107600725490412 -0.0593951576154758
-0.0812421505003819 0.447437794870677 0.067819507068687 -0.0725987220042266
-0.11316317030237 0.443604142307939 0.0321514691333269 -0.0623444223405236
-0.380141514592036 0.414394120053178 0.00322529922304499 -0.0469764808596917
-0.601577211949494 0.123866252440531 -0.0117503624033255 -0.0480919604253181
-0.571763795577861 -0.29985569046714 -0.0771961287851918 -0.123367997666846
-0.0470824169713404 -0.737626192285797 0.047059790653702 -0.214833087431874
0.593190040221311 -0.528109371790555 0.226709162794452 -0.110778477533139
0.777006977506751 -0.0708455828258852 0.263635665315429 0.093403876383022
0.688798659830124 0.0465901504566913 -0.120028196142964 -0.264170433531123
0.550779212904384 -0.397427884933123 -0.163714469539325 0.0244399946599523
0.110942844667209 -0.587178421123487 0.0109389611522855 -0.00129247440510001
-0.412120062852941 -0.352934141375432 0.00142349445174081 -0.00489590374150459
-0.530850953846314 0.0148295165832542 -0.056227218543169 -0.0203338969517992
-0.406327591924915 0.30182283312604 -0.0503518879237248 0.0817952419397094
-0.173431030901328 0.423285796248685 0.0357938115964267 0.107906253092345
-0.100347937155386 0.444661720340993 0.0267388603490154 0.0966580322288755
-0.132165532123224 0.42724244004048 -0.0187095142991367 0.10504579647265
-0.37846170916642 0.3952631356144 -0.0862605909090006 0.0914191574297515
-0.57731643189471 0.119272340859928 -0.128787519539717 0.0157102817959977
-0.542827160815339 -0.266610613017306 -0.15227933161676 -0.120185796704377
-0.0789421028688233 -0.684468429050378 -0.0291256309592427 -0.186751504983479
0.537842714888801 -0.534932025251456 0.107607888815038 -0.0373095597823395
0.756706303133496 -0.1202922105881 0.0118336594016907 0.111037528263169
0.637726729289588 0.00605172387212268 -0.394643869550928 -0.260271617620996
0.497782442196668 -0.40177910316996 -0.310777178889002 0.11595270234476
0.0756214356500425 -0.547380055351682 -0.0415279120370561 0.0347859828086071
-0.374685134260653 -0.31439985013067 -0.0523240632568774 -0.0329074721352449
-0.465111944421965 0.00871360225368332 -0.184993727611394 -0.014350913788023
-0.359666978471589 0.257818165190444 -0.177442765299991 0.186417913591378
-0.164840840640134 0.363759226001249 -0.0416442980542189 0.262661236748812
-0.105094600273419 0.371184749162796 -0.0186067855464074 0.250563890092521
-0.134629144801455 0.3472782877818 -0.0657316483310704 0.25062413441725
-0.32535632296662 0.308021539619284 -0.15801667064508 0.205253154821437
-0.455494283478281 0.0765546468806707 -0.217946643111029 0.0671820027981631
-0.402791038869144 -0.205754510720449 -0.193848478406088 -0.110646694855708
-0.0658288834289882 -0.505101644800311 -0.0811685212233031 -0.144247102904102
0.411905776897971 -0.427156484222761 0.0110222751394304 0.0285249090445707
0.613640275885872 -0.135847435054115 -0.201397122483378 0.128075043150227
0.472190688432839 -0.0364690193155464 -0.63120745033519 -0.230587758658617
0.339215533271196 -0.321440520203123 -0.429939506107665 0.191565413342
0.0249300269998648 -0.380506290859366 -0.0949438877927389 0.0763412670628704
-0.24931246131529 -0.201614079029569 -0.0923567460034079 -0.0454393357012784
-0.302387962008993 0.00162046284613318 -0.274237750952171 -0.00413325364946728
-0.246143049403894 0.164109027716856 -0.269933411098189 0.261740117880422
-0.128303062810797 0.241627470943016 -0.109603030679064 0.379179984117644
-0.0951778292213522 0.242815020684761 -0.0594268853337168 0.364992118866752
-0.120709559084342 0.220611109841692 -0.106571376492095 0.352147947925268
-0.228984124668796 0.18049645005945 -0.208655521004316 0.272583807458208
-0.279807457806535 0.0187765743683 -0.271504584954514 0.0893330717277511
-0.211484503856537 -0.130924469630311 -0.194949424950857 -0.104888559288598
-0.0364223873256428 -0.275937688515402 -0.099343390959142 -0.103080932195456
0.243712287705934 -0.270648349759357 -0.0500672970902909 0.069273559248694
0.39769448128789 -0.13375430431655 -0.347422169758904 0.137325402814671
0.216436755682461 -0.0699071442491391 -0.784059333074359 -0.174431694380687
0.117762086264513 -0.17786421221112 -0.498740185408985 0.244102715499828
-0.0318139601071362 -0.138880210732006 -0.133659929411458 0.128088891543676
-0.0796892996094524 -0.0503555634160166 -0.100916214005618 -0.0337713622333865
-0.0900742508990261 -0.00790105895896931 -0.300260030911869 0.00810214406554008
-0.0947620022748567 0.0396336877974305 -0.308736268093791 0.29141298703601
-0.0739625992893034 0.0782238817133391 -0.154908298128451 0.434667413667128
-0.0727803592992539 0.0784664601829189 -0.0902527255482063 0.424954604466796
-0.0869185078414862 0.0711777962300834 -0.137082394314031 0.398294907052715
-0.105527191985422 0.0468894409288923 -0.240154842441409 0.292363341513156
-0.0900634122444502 -0.0231300197382538 -0.291428233556641 0.0871237904858166
-0.0383057437832678 -0.0444877229274264 -0.168557690846836 -0.0987251505928908
-0.0274809780071031 -0.0592871911968665 -0.0960815599231996 -0.0689460710583958
0.0616939794398543 -0.123012661165615 -0.0829513524074865 0.0818401302359828
0.151575921387984 -0.122513547560111 -0.420275019883721 0.135256329822841
0.0610579562559488 0.0751395950066893 0.493254628185376 -0.151572092338277
0.114536094207849 0.00357280073740502 0.10915193072731 -0.181264049464962
0.0506323235621499 -0.0904023710672998 0.0448880792781792 0.0152876435768201
-0.0831950807823885 -0.0562942072231886 0.113383583722351 0.100666799769781
-0.0910204829687516 0.0282761370765707 0.289578689682236 -0.0256957463682965
-0.0376609736516767 0.0806567164432858 0.275202950036877 -0.268557315604597
0.0251284209195452 0.0844969489447809 0.162859731878179 -0.399968243066752
0.0447903450043336 0.0945046986829652 0.101619641462869 -0.425698430868966
0.0312091368120974 0.102362567371547 0.135142306778375 -0.425157837102992
-0.0577623971925184 0.104035012401138 0.237126560572377 -0.321528310742952
-0.131274094498186 0.0410306338546508 0.275625617531641 -0.115060871575696
-0.118898819806728 -0.0869300742370801 0.129434880146119 -0.0130210738072008
0.0586157512156209 -0.158732295274438 0.195706710148948 -0.137835860097032
0.161772344372513 -0.00444761274289665 0.434862807519171 -0.198708657757242
0.107625891181972 0.107143163225404 0.787821754725418 0.0987300248383118
0.280239761600544 0.0747727805635392 0.448047978702464 -0.179682614512595
0.251703469776368 -0.100776936854869 0.105810983079017 -0.161006765509526
0.0812337139290156 -0.225640658352699 0.0544082050436187 -0.0223174579269723
-0.181760100292956 -0.142739856383619 0.0875876087968664 0.0809844015083959
-0.241379186123483 0.0312014859426566 0.240953283530089 -0.0139067937752973
-0.162965166516683 0.176040269606134 0.24890780103504 -0.208495789903739
-0.032867187667043 0.228749652383286 0.169390098504739 -0.332463392937991
0.00576469900485524 0.25775894548773 0.10475323798435 -0.356833855625876
-0.0232649368116259 0.265818995498767 0.111627352070503 -0.351766927253623
-0.204760862721264 0.25407074116269 0.178092946623745 -0.27402202831601
-0.351110884462962 0.0727571580790603 0.208312998934063 -0.122968688765919
-0.316637601253016 -0.208688169348228 0.0794806811541671 -0.0635459949491856
0.0510650038684539 -0.435228541113841 0.176481522753395 -0.184887932318149
0.393362522848008 -0.221519750384108 0.408282975504131 -0.195155415109433
0.425663844262267 0.0573221675038797 0.69280474253675 0.0813125469950927
0.478892823171441 0.0719116146332195 0.329254979085828 -0.213037746478325
0.384452341939748 -0.212733896620327 0.0643062284287604 -0.121272411526274
0.10661794272803 -0.370116918994052 0.0590239203749971 -0.0383671991177332
-0.27920423957167 -0.23225466921856 0.0719086878997123 0.0538898325127186
-0.382056022737979 0.0299958271134175 0.169365551100951 -0.01609054490068
-0.281687573893191 0.253585401169049 0.183074928229756 -0.128878718565311
-0.0919076769768354 0.345012040108031 0.149913635056306 -0.217203463389273
-0.0336373628471623 0.383296137506661 0.0934704351553471 -0.233053213233529
-0.0680617632467363 0.388004191717772 0.0737332272223819 -0.223547097039115
-0.313261490475567 0.370421897267886 0.0936208430812898 -0.176497614613997
-0.518851415670707 0.113351360688352 0.105244196851703 -0.102125491582385
-0.486770523553333 -0.277813352363983 0.00403891766564041 -0.102778449049553
-0.000113468792361305 -0.647419647438819 0.120158431650656 -0.215167471889874
0.540239805149933 -0.420420995552223 0.334347618374062 -0.170262335259296
0.666328128551057 -0.0152956922372228 0.506154350222024 0.0768268772084178
0.62864709202048 0.0556504064148246 0.132349277682244 -0.243839520942807
0.494075524844896 -0.328858561038269 -0.0279249489938406 -0.05589782997079
0.112266602251693 -0.511110342956395 0.0450722529195008 -0.0300470394687979
-0.37280232455942 -0.308614639995951 0.0484965462145024 0.0246467047777134
-0.492423001105378 0.0328518487987819 0.067785328551042 -0.0219030359400618
-0.366612782516294 0.305785761749618 0.0792023431931235 -0.030873764617239
-0.139458010564771 0.416220411385495 0.103611689328326 -0.066238293815361
-0.0653425090693428 0.449066280178981 0.0675057726644548 -0.073376156312633
-0.101639675328338 0.444425020108633 0.0292979507523371 -0.0607639602248014
-0.367870650358012 0.427821927360092 0.000845673470845557 -0.0436405322644568
-0.599652808111543 0.143451544532032 -0.016964864871388 -0.0497873907520138
-0.578061828241095 -0.28600272453447 -0.0844459474157854 -0.118609086281913
-0.0650526768868832 -0.739561159617479 0.0414876928089507 -0.214191192549713
0.582747390846923 -0.545019975248799 0.223348179419126 -0.114376304531189
0.782805634945182 -0.0848968634771672 0.264383853533381 0.0866422747007454
0.693046745492253 0.0279642762653355 -0.125440050014191 -0.259139456029602
0.538583709238863 -0.410603990646764 -0.160926474967171 0.0321309429038457
0.0991624913737112 -0.593164246444415 0.00772088765621306 -0.00221186056873592
-0.422011200581689 -0.341949301035208 0.00454819417582587 -0.00531425224757465
-0.531044226483733 0.0313256308566301 -0.0618281967534462 -0.019764106426932
-0.396249684957257 0.316435991738299 -0.0486956818952291 0.082825832789028
-0.162136134127154 0.426711784150701 0.0381795469158866 0.101444486755137
-0.0857345187853779 0.445907070687267 0.031048076939051 0.0963093074466467
-0.121074835548465 0.428128569792913 -0.0161507277698259 0.108212236460394
-0.36709899854681 0.408551951971419 -0.0831159712248887 0.0975096020073782
-0.574000140520749 0.137358642453655 -0.132823614854904 0.0184149442047782
-0.547219836842632 -0.251609305069426 -0.160850638676744 -0.113294923033699
-0.0950268869760578 -0.683584038662842 -0.0341647680984143 -0.182164026467634
0.52607344519456 -0.550247162607578 0.106549097004671 -0.0382818577571949
0.758592271041477 -0.132767195487114 0.013875939242108 0.108616061738137
0.640661142177806 -0.0109424165171277 -0.400573923797822 -0.249507283915804
0.484628148697416 -0.414211562367396 -0.304735936597906 0.125394082584511
0.0648967035285282 -0.551290639511262 -0.042965335114754 0.0356775484998051
-0.381389280657737 -0.303638614872997 -0.0500772900361192 -0.0316615688578467
-0.464613242122786 0.0233615740982202 -0.1902936657693 -0.00991947387345588
-0.352111796841716 0.269563350449835 -0.172331200123836 0.191275113896282
-0.154568042551519 0.367864741180032 -0.0341800662022826 0.259131995982486
-0.0936150893975655 0.373517944227301 -0.00983293276842854 0.251074692535569
-0.125999085564081 0.348757582781838 -0.0586329336443363 0.254381371171098
-0.315173470178695 0.318866410893987 -0.151330477245772 0.213151822329894
-0.455605247119393 0.0905978907282056 -0.219743348781114 0.0732108226896678
-0.405916127798897 -0.195958445192075 -0.201221648319043 -0.102900669666115
-0.0778219081463061 -0.504585501376288 -0.0844087292339384 -0.137297002735261
0.400757122145041 -0.440391590942756 0.0127111801896703 0.0286684459330412
0.615259398750699 -0.147104055008456 -0.198814544612099 0.129906576935774
0.471207134305585 -0.0487088448986579 -0.637154948211379 -0.216384298184871
0.328948683095952 -0.330580091762641 -0.423928288447767 0.201911033838919
0.0174127222546347 -0.382720499295476 -0.0955052302047642 0.0798257307112005
-0.253848868878689 -0.193888265852805 -0.0910805016297685 -0.0427383865520114
-0.30255510228549 0.0102150868301526 -0.278575616067822 0.0041467275527604
-0.242135667704119 0.173120993769746 -0.262269535585632 0.270634190500537
-0.122527513855069 0.244093722851046 -0.0974133660544466 0.377999568646095
-0.0884026099010616 0.244823383996608 -0.0482531521820409 0.366265825839209
-0.115760502098567 0.22321351054339 -0.0951407066174198 0.356844663255625
-0.223212223991295 0.188498938180724 -0.199641100476071 0.280560446534284
-0.279762773379498 0.0272998816435568 -0.271208977142923 0.0975198038556143
-0.213773623864277 -0.126701641002735 -0.201162871294771 -0.0976995294705344
-0.0431362199526199 -0.274444914420298 -0.102099819011553 -0.0949194944918547
0.236168110882689 -0.277993334368398 -0.0465948129032195 0.0694478003404224
0.396016810377954 -0.140183845418322 -0.343874449501497 0.142004702726874
0.21508735861481 -0.0758826677689926 -0.788330819573737 -0.161067819982218
0.112491828181907 -0.18001008752379 -0.491515300629176 0.252898041940418
-0.0345395078278791 -0.137676063930837 -0.13131072016124 0.1330830307656
-0.0794834549678782 -0.0477899991009471 -0.100391852602517 -0.0303110831483039
-0.0902492534327709 -0.00585411881425728 -0.30312050046056 0.0172447411937212
-0.0937902269010568 0.0427971212925043 -0.300562532193844 0.301273596711255
-0.0728894600051219 0.0793795059992979 -0.141531930642026 0.435796573929068
-0.0711488266775992 0.0803822804140851 -0.0794523254566393 0.42583928714212
-0.0859059511171884 0.0742056056861728 -0.124605352969899 0.403632980995694
-0.104014332898404 0.0511938049577617 -0.229546414235347 0.299405496353026
-0.0904094980145364 -0.0217539632747512 -0.289278650339079 0.0963510966337962
-0.0386616186046837 -0.0446009408394087 -0.173166821378415 -0.0937536779006202
-0.0286658048576945 -0.0575038940957178 -0.0976738401332967 -0.0615053313903183
0.0567841253707696 -0.125753745321416 -0.0783739143542853 0.0821140376196891
0.147177425256033 -0.12603239341613 -0.414958425875212 0.142877333110799
0.0642125179962563 0.0747837297296106 0.491441643035466 -0.165966005664402
0.11674365591547 -0.000756278119717044 0.103002822847761 -0.181303076450085
0.0481634249232279 -0.0951869503336091 0.0457022331547539 0.0113906345224586
-0.08705433122634 -0.0538681071924486 0.117053889646197 0.0963674778130892
-0.0922750709982078 0.0329618183287977 0.29032544907107 -0.0403009482681999
-0.0332823251144777 0.0830553405560468 0.265475664686254 -0.283135201130955
0.0303040418801987 0.0838915475934911 0.147044688215217 -0.409064589598528
0.0499408788184992 0.0928208483957603 0.0849330179173972 -0.434268625310548
0.0365942135762024 0.101062652875477 0.117399142363806 -0.434335393935661
-0.053701658437037 0.108141673594514 0.224789570163581 -0.333571620003455
-0.131311887036908 0.048572912814043 0.273102377701976 -0.127882914506582
-0.123551874710535 -0.0823929459335114 0.131507032763314 -0.0176584259402549
0.0533022744386331 -0.163290950151233 0.192719698427251 -0.150272632418357
0.165198899330677 -0.00956804316063213 0.430537431081193 -0.214358382027371
0.114489173373478 0.104965340647379 0.801357917510912 0.0746199844849231
0.286078373496605 0.0653059494255752 0.446981098814984 -0.19361835099263
0.250635429429848 -0.110528487484787 0.101711624106728 -0.160866135448262
0.07437318732276 -0.234213294325404 0.0522808205078797 -0.0267498678647931
-0.18850710314024 -0.137487350451149 0.0920306560138555 0.0762056757257123
-0.243532563683756 0.0427773299164727 0.240216533170902 -0.0254780647364757
-0.156340679578907 0.184934461226999 0.24035905402564 -0.222174470757784
-0.0229870303241716 0.231362806334499 0.156375717383483 -0.342553330053724
0.0175435163114681 0.258418155632747 0.0918631209579232 -0.364371930788016
-0.0118451150481894 0.267545757547858 0.0969022355594354 -0.358571450426729
-0.195989221096151 0.266607345547515 0.167851273828091 -0.282296598790833
-0.352014594108471 0.0897824628705892 0.20355432011216 -0.133756379755084
-0.328066330427387 -0.198724301494655 0.0774564824370495 -0.0658979465824981
0.0360809078795242 -0.443068571975405 0.171312991534395 -0.196117892556476
0.3914112359771 -0.236305735721546 0.405766289061631 -0.210529823276365
0.437066154814694 0.0444587036346111 0.702757600344408 0.0610616899700712
0.487199487866733 0.0527063763016969 0.325223849481994 -0.223228393164578
0.379922006620559 -0.228545966385335 0.0617553086976017 -0.119069844557637
0.0942850539295649 -0.380943414919054 0.0555449423935424 -0.0429947241703206
-0.290367467975042 -0.224382555128115 0.0762641821685558 0.0494076378592021
-0.385170645853078 0.0481292793117737 0.166935605701752 -0.0246799187873593
-0.271929962046293 0.269886771284546 0.177241595805334 -0.139219170667346
-0.0791481768162771 0.351125582819799 0.140276807457093 -0.228075063774392
-0.0161856684868423 0.386575863805308 0.0856592611831864 -0.238791527710171
-0.052827543569689 0.39080043275629 0.0639506343604703 -0.226084318641192
-0.301145985447744 0.389209501321041 0.0862878941769068 -0.179645284520541
-0.519867208615595 0.13855100984173 0.0981034161292713 -0.108667288114761
-0.502728682892895 -0.260976196687862 -0.002514522789876 -0.101182990667643
-0.0245477586189312 -0.656173865845542 0.113759475612619 -0.222331867693796
0.53177528144219 -0.446537729339411 0.331168097553575 -0.180538512670628
0.680760920472844 -0.0363374675093938 0.514477150456338 0.0612244434117098
0.638991982627817 0.031710156825847 0.126203625206229 -0.247603753669312
0.485136239028596 -0.348817851185918 -0.0275668845492876 -0.0505865817740071
0.0949893598311188 -0.524114506904744 0.0411992989135188 -0.0324946341944032
-0.388198434810794 -0.297505675856672 0.0534165301614961 0.0208166987608702
-0.49603413188306 0.0533391457997302 0.0621000054673506 -0.0258211351566403
-0.356059185895645 0.326368922255319 0.0766355291962109 -0.0348551701377532
-0.123955723422995 0.426442652134792 0.0995416874023967 -0.0747677442104964
-0.0466789460935785 0.45331815928152 0.0664636861043941 -0.0771120577036873
-0.0842272781000104 0.449525406663474 0.0269401935456393 -0.0593217040048062
-0.353549891795949 0.450879295466769 -0.00129765599644888 -0.0409336404597558
-0.601479092345076 0.172564041386024 -0.0242228798440538 -0.050546416429781
-0.595115307193652 -0.267136559864766 -0.0930053372269316 -0.113427291202161
-0.0936692722959438 -0.74676000175452 0.034576279421791 -0.216087980262299
0.570860275444891 -0.574562658495843 0.221783193115652 -0.120902601680285
0.795430252037035 -0.111642978066391 0.269080947002053 0.0787987433816574
0.703166906559585 0.00107387188964759 -0.134038102820326 -0.254766847350294
0.528422060457359 -0.434252286892677 -0.159347062819231 0.0416784628439037
0.0787489146311584 -0.605453092852157 0.00460411802850902 -0.00284184208767724
-0.437596840211285 -0.330165937563012 0.00812672716354658 -0.00724417022048063
-0.535759699426236 0.0534839689420222 -0.0693286728301304 -0.018145017522392
-0.385868964286981 0.33790648263871 -0.0469668989165014 0.0856777531707062
-0.146161169732657 0.437496245226514 0.0407008045600821 0.0966523027893422
-0.068217735956129 0.451084481247764 0.036992396869445 0.0965820844749281
-0.105664290735548 0.435724876392516 -0.0113057498796372 0.113342217524564
-0.353238731946192 0.43015503344759 -0.0802686388724703 0.105788595323321
-0.576179879004991 0.164866948840385 -0.13857789568559 0.0237172705908687
-0.563585481285414 -0.234366223946994 -0.170604360719326 -0.10476833395813
-0.122494492598029 -0.688238319387437 -0.0412630554992823 -0.179440218359747
0.513207150609592 -0.576460551443578 0.106348735815693 -0.0415231041921961
0.770216857293209 -0.158797305479871 0.0160803701241076 0.107763363673197
0.648318365744954 -0.0359186976673053 -0.412220069193704 -0.238356567446406
0.472861305992612 -0.435258202873252 -0.301700608058335 0.139642451362619
0.0458113632810147 -0.562989660426791 -0.0454475303413814 0.0383204398225167
-0.394268596002767 -0.293404469570046 -0.0477519333064966 -0.0312399954851343
-0.47109848751396 0.0440382960844952 -0.198210106844456 -0.00153189964257993
-0.343410115736844 0.289788432428931 -0.167123471008482 0.201133631816072
-0.142957550236143 0.377275984333221 -0.0249552248824099 0.25828897491352
-0.0783670498193274 0.380892284073387 0.00197151318332075 0.25391604105183
-0.115037590067345 0.35587298166599 -0.0471951825228215 0.262454719810769
-0.306287575272857 0.337360120765974 -0.14320171719733 0.224016806000323
-0.456808010222358 0.112956941008322 -0.222964267278093 0.0828636665258907
-0.415693414956651 -0.182771111838418 -0.211140688592071 -0.0930622172954049
-0.0976845739492522 -0.507189078104794 -0.089825937575971 -0.130504223447242
0.388780050041325 -0.46216504920819 0.0146746516055705 0.0286854628893818
0.620683819018713 -0.168340296823149 -0.197368784345369 0.135885167730095
0.475001532183791 -0.0676364851039754 -0.650454427938656 -0.197883724018974
0.320271812088627 -0.345487206276714 -0.420549784096666 0.216942245782524
0.00504324047260505 -0.389225804277053 -0.0955087729597905 0.0853950914846502
-0.262451197919442 -0.186490103680626 -0.0903720807726187 -0.0401625724169876
-0.3065217547284 0.0230211439298376 -0.28570515353807 0.0164588620270415
-0.236583301249449 0.185571242472506 -0.254058058877265 0.284461857524772
-0.115238379752218 0.251895309165497 -0.0846149999348216 0.382013152484623
-0.0793712411676198 0.249574475189845 -0.0328483978234549 0.371854023899337
-0.109135009437651 0.229373554616139 -0.0798122956957704 0.366345053505498
-0.217023308422437 0.201276740920481 -0.189283183187866 0.293552575124485
-0.282086165701524 0.0389678362820354 -0.272324171414861 0.110561442439048
-0.220093582317949 -0.120414418495564 -0.210238647647954 -0.0887366418575232
-0.05303980357641 -0.275223007784558 -0.105524735716114 -0.0870136880735471
0.226338689307416 -0.291047713205484 -0.0425405320532182 0.0708133580698226
0.395017632689422 -0.15468927918993 -0.342207812789663 0.153321717106729
0.214539018076491 -0.0853591556340589 -0.803744010892587 -0.137805541040356
0.106071224261739 -0.185739427007957 -0.487830799245098 0.270857994800735
-0.0386371272876621 -0.137569937567945 -0.129292930598929 0.141053193700044
-0.0801132150965035 -0.0453526475612185 -0.101640362889016 -0.0261996174938421
-0.0911917296597186 -0.00303214199291363 -0.308209831348269 0.0306332892056865
-0.0932680260143471 0.0471374152967015 -0.291114538683538 0.317298630925067
-0.071686938238844 0.0830023205489105 -0.124686361645475 0.443110908996051
-0.0692018471240895 0.0836697491224265 -0.0616743876205523 0.432876976133064
-0.0846446337342848 0.078721220766852 -0.107037059846317 0.413533965285388
-0.100970946183108 0.0562461149375169 -0.218243719700509 0.312390646054632
-0.0925378064032201 -0.0182645972408634 -0.288507729132233 0.110914175557525
-0.0403732773605911 -0.0437784259425472 -0.181377049712283 -0.0868712600784167
-0.0311051744153663 -0.055636153982496 -0.0996134262635169 -0.0534920733201276
0.0502562994393191 -0.131053873382173 -0.0737221942410514 0.0838198544807678
0.143591459918893 -0.131579495289981 -0.41410140901452 0.15611475458179
0.0689899819332519 0.0719006726735283 0.482844748583765 -0.189376813197394
0.117075483945595 -0.00862868299247789 0.0937480638140684 -0.182580849964927
0.0426612814362763 -0.100136417192018 0.0460288403232732 0.00729191502691227
-0.0911167381204218 -0.0487695597409051 0.121798513197063 0.08917410136207
-0.0909529821317162 0.0396472895899753 0.285854121112666 -0.0588422116327386
-0.0276701019895671 0.0854401099219109 0.245640713430525 -0.299272854509827
0.0367476087309239 0.0810406307113669 0.121397156026612 -0.415623888772195
0.0560751625311348 0.0883025462053463 0.0601934063132095 -0.438805237777077
0.0432748621717162 0.0971697676302102 0.088899953380712 -0.43899463189628
-0.0468217219179735 0.111895095210976 0.203495392584206 -0.345669084023432
-0.127517992871555 0.0574635801869992 0.264910452245202 -0.145595119525308
-0.127310206328935 -0.0748161940797907 0.13235020735321 -0.025626076717215
0.0443128283146842 -0.16684806434249 0.183429722526833 -0.165877313408069
0.166685768119165 -0.0187882317035156 0.416040439713338 -0.235675918756856
0.122044984472888 0.0990922245371366 0.807365697393184 0.0335974361834143
0.289998423448718 0.0493491595917813 0.437824873451723 -0.213884218698927
0.24366718673238 -0.124253733357246 0.0944368959244118 -0.161223180234673
0.0610038649762823 -0.240039464215056 0.0495796551438848 -0.0309218140926833
-0.195500012489286 -0.12635376483045 0.0961627363249218 0.0691508619060999
-0.241113123738737 0.0590219562810153 0.235230718066851 -0.0413919766724835
-0.143542483965436 0.195243379679712 0.224936720721627 -0.236322850072502
-0.00859032537499399 0.231835988358195 0.133545630041932 -0.351762618944772
0.0338663399021583 0.256051135633871 0.0707363595292702 -0.369354204259352
0.00407809001136219 0.266308405321464 0.0737813775879743 -0.362134746181487
-0.179046008379196 0.280206289862451 0.149214531020484 -0.291127460441937
-0.34600072296601 0.113462869714293 0.192986283229796 -0.147503050911573
-0.339459081871412 -0.179979982606128 0.0742973069178466 -0.0689573900153477
0.0100414558953937 -0.447691276430017 0.160607214520185 -0.207928406086813
0.38166134680909 -0.259598018727109 0.392775513779296 -0.227749178837167
0.443618374558501 0.0207718837574223 0.706786022968872 0.0250330304881389
0.490546582340225 0.0252206207736977 0.315470671990182 -0.236969269004532
0.365665121223036 -0.247357506068027 0.0576073568771091 -0.116996258606002
0.0737515997684478 -0.388477140329798 0.0511227017022055 -0.0463437871614614
-0.301808518600719 -0.20776538988365 0.0806656885311654 0.0427488049398266
-0.382251527567031 0.0724453275647681 0.161251626232867 -0.0354295117656939
-0.253803436581907 0.28742038138279 0.167066497546157 -0.149590524894014
-0.0582453304971454 0.354713938780274 0.124134313146776 -0.236926384305162
0.0068558907949912 0.384761427146376 0.073128856866101 -0.243948139153122
-0.0303974857107375 0.391765540095705 0.050295080816647 -0.227039719865337
-0.275933482189707 0.409891674376101 0.0747576928116715 -0.182203763573094
-0.512196400559403 0.172973349704482 0.087514517153307 -0.115576971055289
-0.517520776701409 -0.232708909705549 -0.00899946971708107 -0.0989878375264145
-0.0636917290057863 -0.657089121056715 0.101274271702831 -0.229683241044212
0.511731652853473 -0.478026386575497 0.320901371486153 -0.196872899171452
0.683738891640473 -0.0734616534934394 0.518377894403439 0.0350365781267044
0.641964295654053 -0.0063167385995887 0.115538653594186 -0.251804577217683
0.464590931346513 -0.374610975917126 -0.0277234458605199 -0.0445453914220675
0.0659044806489804 -0.532008392007883 0.0371210004636641 -0.0346328773248064
-0.403691573487556 -0.27582153706523 0.0569082252970946 0.0149942229997207
-0.493491340958358 0.0840472729101099 0.0553181518720995 -0.0297570999920166
-0.335037936174923 0.349278982108844 0.0721426492270677 -0.0388521531012847
-0.0978375500286408 0.432443016278392 0.0921741687898277 -0.0832464137996941
-0.0189954461823995 0.453734067885898 0.0637660804099929 -0.0815556465226735
-0.0591370219290411 0.452172099434696 0.0239073766303126 -0.0578719921033871
-0.324287978043302 0.4736164821227 -0.00354856475475887 -0.0371663476268653
-0.591714392009141 0.211383176165395 -0.0320534489743222 -0.0494364581713895
-0.611783186501412 -0.234740043114357 -0.101860507460093 -0.104325297246108
-0.13749901923645 -0.742559704529881 0.0234952780447366 -0.217242124996709
0.539938889958682 -0.608580401850638 0.215059489607307 -0.131243104813924
0.79708416051974 -0.153538861564132 0.272787341375916 0.0640080474579912
0.70436311049942 -0.040796139528949 -0.145549492279556 -0.246446170923115
0.502882668107047 -0.461197508687675 -0.15460227563941 0.0534221248177775
0.0444897469604457 -0.61437227749399 0.00131204548522726 -0.00184335891103494
-0.455438959283875 -0.306640231684045 0.0117791868781887 -0.0107070790594685
-0.533459568345381 0.0876227237645706 -0.0755757860792221 -0.012939787556751
-0.363121748495928 0.363471364708477 -0.0433951531461848 0.0893211611107785
-0.121711672327203 0.446382159489031 0.0438284059163644 0.0906890088312263
-0.0408243843510549 0.452511174832709 0.0439340642161558 0.0933311030653737
-0.0822720492889487 0.440578098614696 -0.00335882110326271 0.116303877647008
-0.325802973885427 0.454142526732587 -0.0729957404606829 0.113545383437313
-0.567165028939781 0.20131852395378 -0.141910529722183 0.0324311159809304
-0.576602383166673 -0.201294195954193 -0.180251825599489 -0.0908710833276347
-0.162199473193526 -0.682011071985787 -0.0498287705359497 -0.173542221319312
0.480665040022674 -0.607587707529082 0.104848953379487 -0.0463848348283774
0.767793452820502 -0.1993881242723 0.0209820804540325 0.106356264456295
0.647600874509903 -0.073828984178928 -0.423494085642659 -0.215622444552691
0.448278686731842 -0.462170011473545 -0.292866645652664 0.156752639955504
0.0138578224668672 -0.568020999510638 -0.0463076549522086 0.042819587060472
-0.411086736276536 -0.271784636278955 -0.0458782985429109 -0.0307350229715361
-0.468822801978971 0.0725932365500642 -0.20279097058351 0.0113820221972719
-0.324618655500699 0.310663496612761 -0.156283116685735 0.21189152018268
-0.121436073333464 0.385346931608858 -0.0120992253669601 0.256523599316713
-0.0561609348870392 0.382038028544107 0.0180682013128784 0.25277449164528
-0.0961013748822053 0.362305582118955 -0.029572053766607 0.267398139598176
-0.283852202598969 0.359057659649223 -0.12821645111431 0.234738384584115
-0.450471913382438 0.141374093898 -0.222315565663261 0.0978351375911058
-0.426005718931256 -0.158857649775583 -0.219834893170104 -0.0769202283248661
-0.126792136226569 -0.502892373058408 -0.0955734494092219 -0.120552965423999
0.361400824959307 -0.485530379279294 0.0175587838729168 0.0274537230036758
0.615277065486414 -0.200830208357084 -0.190984072633856 0.144682550032146
0.471525338479635 -0.0950722739486733 -0.661943762423053 -0.165887668078409
0.301131058125062 -0.363360347390992 -0.409040233216979 0.238734629297668
-0.0164175251017873 -0.391154433952787 -0.0932715146345628 0.0928806004740663
-0.27192866065043 -0.172398904406121 -0.0902063954008065 -0.0359587767178181
-0.305451191448343 0.0423968771958143 -0.288752208007739 0.0349992141154473
-0.224732491945362 0.200582024310802 -0.237941436339882 0.300598371273745
-0.100962984548591 0.25891579413986 -0.0619301919781884 0.38371323098564
-0.0652451819199751 0.252776917645795 -0.0104040598443809 0.373000632538058
-0.0972792183536244 0.236140463845888 -0.0555536554432826 0.371373467166404
-0.20329011862197 0.21545402404087 -0.169478689241524 0.305779231670498
-0.280234157479538 0.0564707387197666 -0.26791927950061 0.12806361276917
-0.225743900486692 -0.107784122025675 -0.21759654088204 -0.0735568101216295
-0.0692980092108062 -0.270692436703101 -0.108379026190371 -0.0762236237870886
0.207782822629508 -0.304451044828135 -0.0372799231783343 0.0704304854475373
0.389932099913655 -0.174586214706292 -0.335170974406285 0.169183875572689
0.208566620045549 -0.0975559649165092 -0.815194582636798 -0.0990144239841725
0.0948668364981824 -0.191666381864305 -0.474572542282019 0.294946662051604
-0.0452569091445078 -0.135923586269031 -0.122579233846017 0.1504955381701
-0.0815085499391905 -0.0414652711711936 -0.101349891999588 -0.0210262503452927
-0.0919252560051658 0.00189005689092339 -0.308682792782063 0.0508061460192131
-0.0908094176058288 0.0527010152091184 -0.270864396180532 0.335666675079968
-0.0682590318129074 0.0872315587738204 -0.0989716470407047 0.447779733229743
-0.0647783149565795 0.0873516934790052 -0.0375964072469587 0.435678982288063
-0.0801355877935174 0.0844438606146003 -0.0808357940908661 0.418582819864121
-0.096643322784725 0.0624505504425679 -0.198122403179961 0.325699453283659
-0.0946354331630992 -0.0136927852038573 -0.282186218825939 0.129818715392291
-0.0425729245571718 -0.0415359814883229 -0.188447043137453 -0.0744809174469205
-0.033825899464884 -0.0530479432199949 -0.101396689076023 -0.0433593503780938
0.039593957378555 -0.134549136669094 -0.0678815071854917 0.0842911535833489
0.135188057525088 -0.13874658051254 -0.405076504719833 0.176103900974318
0.0718077351637536 0.0667550528317561 0.460957782995165 -0.20814289697892
0.114209097113037 -0.0156651890712037 0.0831440231830732 -0.178503015694648
0.0355252221472976 -0.101273788517486 0.0447136862931232 0.00303800582439053
-0.0922915799226756 -0.0413187445967517 0.122648585633376 0.0799696819766721
-0.0855931512206342 0.0443741641490021 0.272784036072839 -0.0757596708929728
-0.0208126047038681 0.0850112812372026 0.219362554353732 -0.305353438469591
0.0414897273251239 0.0754277587485906 0.0929959321528832 -0.408997853922069
0.0603854820763593 0.0816296274206836 0.0324815705733361 -0.429034732467611
0.0482817444389485 0.0899541604086728 0.0590069476650874 -0.429781409161262
-0.0396570873186872 0.112897649177172 0.176452338270656 -0.346741724704365
-0.120363315873 0.0648668022909548 0.248596304239834 -0.158859726015328
-0.128138888979119 -0.0656790884222863 0.128757074862538 -0.0326390391064021
0.0337530804896504 -0.165359289934593 0.16775362703197 -0.174969477060159
0.162858785494092 -0.0272111331869758 0.391904675718897 -0.24759907296896
0.12512491562297 0.0897687086290113 0.788117166806337 -0.00840976353268545
0.28544910126508 0.0320637273006737 0.415802156035402 -0.228693501729132
0.22947378143674 -0.133814032810887 0.0856721678332027 -0.156890628907843
0.0451790846691073 -0.238006139073891 0.0454619774642219 -0.0338656404908387
-0.197528316732833 -0.111050070687165 0.0975391527852466 0.0603327681566144
-0.230896776796269 0.0730117659374517 0.223014870776831 -0.0538772693254186
-0.126568234410236 0.198468875334573 0.203185542945201 -0.242734573577107
0.0056536532691391 0.224908083255748 0.107345245379831 -0.347946516726479
0.048289051715553 0.245012101792044 0.048587366276804 -0.362513332512709
0.01929158373329 0.256218129164213 0.0505397723643792 -0.353765466529899
-0.157027247829243 0.28363987231736 0.127313830658155 -0.289713326194358
-0.329827577945795 0.132287955177217 0.176516499971834 -0.156245752597464
-0.339817135140679 -0.155764030744051 0.069175166879677 -0.0709032948484299
-0.0156890321358743 -0.437035145260154 0.143990365024276 -0.213955447317867
0.358785438563944 -0.273762336065761 0.368988275016566 -0.240040463987422
0.436113790204703 -0.00395605727483753 0.690093922922772 -0.0103742727156885
0.479246946534365 -0.00362337323519718 0.297313353455529 -0.245781673076016
0.340567189596704 -0.260158240969203 0.05325932640865 -0.111862490133738
0.048729425522547 -0.383168625858492 0.0457037085977574 -0.0483366573859525
-0.304388693028136 -0.183742215693455 0.0824323651623188 0.0337765851317626
-0.367668344922866 0.0946429589728492 0.150931712838468 -0.0435743913367914
-0.2279693383394 0.2940219805311 0.151096470966233 -0.154483362193551
-0.035524810431238 0.348278076703098 0.104001217045095 -0.237701616650265
0.0310107436376107 0.371214869088727 0.0575956087925469 -0.242052897779168
-0.0073362666195185 0.381408362570786 0.0359332682369445 -0.221141538696087
-0.243133284166518 0.416728767219748 0.061896941093623 -0.178863193551324
-0.487896122375151 0.200556493468193 0.074412613533701 -0.118163584050673
-0.515451483371849 -0.196802105852198 -0.0150527601051619 -0.0934258451030394
-0.0993687868692326 -0.637079309933758 0.086561074873655 -0.230143326280375
0.472813493208508 -0.494501194869065 0.300612748620155 -0.205920801895398
0.666792444880022 -0.107665087741226 0.506497844110794 0.00849133189058052
0.624660633409876 -0.0425217803734235 0.102037520584186 -0.249102094524787
0.430515933058814 -0.389258428949283 -0.0260590198547025 -0.0371732880369565
0.0323857961151307 -0.52441184780528 0.0317688362791711 -0.0350478775620604
-0.405770815145279 -0.245010875909665 0.0585615453295444 0.00710681419678293
-0.474853534396279 0.11295604243081 0.0474231350972944 -0.0312094080947019
-0.303058807924563 0.360267046558872 0.0667224390646184 -0.0404364129348402
-0.0700853825437152 0.425746707244315 0.0823936725887282 -0.087706699369716
0.0101109055657518 0.440281963323711 0.0582035960831524 -0.0843212410377453
-0.0317554829832926 0.442589775741361 0.0211630677642198 -0.0551999626200258
-0.286447300826964 0.483650930435356 -0.00544742973020985 -0.0333840830566294
-0.563095382288304 0.243102635101509 -0.0387950995506964 -0.0456379552174116
-0.607484999447355 -0.191423257643413 -0.106753456772279 -0.0922056854407706
-0.176272675158822 -0.718201566107684 0.0114147856217354 -0.211378786183837
0.492992442171214 -0.624949768334318 0.203070631563698 -0.137358906524255
0.773525458045265 -0.194743695234874 0.268588435366754 0.0486619332679386
0.681754211648491 -0.079350595587768 -0.152005358382511 -0.230195675326524
0.462428330965393 -0.476795683064572 -0.145522548879305 0.0642979725376908
0.00712095893060016 -0.602278604236013 -0.00115322127068927 0.000260657475564743
-0.458627596507209 -0.272908574587514 0.0135165926016397 -0.0155090357382773
-0.513634919542105 0.118855111210891 -0.0787466599635148 -0.00664442336182062
-0.329935934131562 0.37634891413924 -0.0381941274405681 0.0910801277212324
-0.0915285754165666 0.440569530275445 0.0453889346430696 0.0833383285290054
-0.0125359844816617 0.44027998111787 0.0492520821256342 0.0866878088587272
-0.0561169991690561 0.431611980350563 0.00606392038138641 0.115428353681525
-0.288383931527133 0.463809020097728 -0.0634836718539169 0.117703459535384
-0.54013488705411 0.232948967924441 -0.14079380171728 0.0411399920545096
-0.570565562821465 -0.163833890864877 -0.182153038102969 -0.0742956135969984
-0.197389431198557 -0.656226715546297 -0.0562412619020378 -0.163583806954712
0.433846660354423 -0.620041991657161 0.10008549805681 -0.0506171768943457
0.740008079696648 -0.237559939687253 0.0257969678957383 0.102430481341419
0.623860675300462 -0.106783770133963 -0.422683212795804 -0.186529630142804
0.409142085445623 -0.474124031786698 -0.275897841490012 0.170988457395069
-0.0183444778643967 -0.557828298898721 -0.0454811932646682 0.0464291808905947
-0.414753281394666 -0.241488312131933 -0.0433190024730594 -0.0309685148381071
-0.451973063899208 0.100263487307536 -0.201423822269953 0.0258676121554552
-0.295240575960321 0.323214398410399 -0.139017710866902 0.217437281280472
-0.0958516604076747 0.382524582471681 0.00135882991594633 0.246471823061214
-0.0330415175146197 0.372910381924248 0.0321646335318887 0.243226604379585
-0.0741305194907413 0.357534414270586 -0.0106794492927877 0.262862560551255
-0.252540561113422 0.367036044789033 -0.109597525852482 0.238150033965505
-0.430357661152738 0.165162097294493 -0.213901484146728 0.10927043224314
-0.422109652958645 -0.131055406058801 -0.220985948245308 -0.0584452707383763
-0.152890293171948 -0.480891174951938 -0.0972010910623891 -0.108159168081942
0.324050790916591 -0.492501994057367 0.01930629982741 0.0240830026094889
0.591531723234668 -0.228799580902462 -0.179460841660908 0.150685066846492
0.453035543998585 -0.119706578212246 -0.654237612843924 -0.128441274020051
0.272111376923074 -0.369153809405993 -0.384399013874366 0.256249882410559
-0.0384961685363566 -0.381911529417438 -0.0871643443830655 0.0984903927953359
-0.273574290605249 -0.153624537582112 -0.0878427161160994 -0.0329863688979832
-0.295527908918164 0.0591762012435262 -0.282086373551966 0.0528595187656228
-0.206159783023256 0.208783899082979 -0.213389380781027 0.308662036724645
-0.08431867492893 0.257906123267791 -0.0403277763272303 0.37325812797453
-0.0495129329144538 0.248580887822838 0.0116128805260322 0.362510112744279
-0.0816191511466702 0.235157630253953 -0.0305993255605163 0.364402161752032
-0.183158382077616 0.221838700990763 -0.145847351247182 0.309134870860461
-0.269372316324622 0.0718308509093268 -0.254973237471165 0.142967926638697
-0.224984872601186 -0.0915645349481968 -0.217750352185508 -0.0562548384742328
-0.0818634358939437 -0.258832862822594 -0.106751389278623 -0.0639231087125483
0.183187441071347 -0.307850540569387 -0.0314100912809095 0.0680963490559757
0.370288396427264 -0.190412952184745 -0.317701765326638 0.181157949283281
0.197027032107568 -0.106373163464816 -0.800976093998139 -0.056041288039089
0.0808481390895599 -0.191022140650816 -0.447642202272511 0.311920835735158
-0.0511907111000903 -0.130205988514621 -0.111579179958842 0.155630990366806
-0.0807711721311293 -0.0368675105336232 -0.0989330818864169 -0.0156987616541452
-0.0898126720835718 0.00732128157371398 -0.299395349889259 0.0689137813770944
-0.0851109360652638 0.056121666076128 -0.244835855013066 0.342839917240153
-0.0621080830126107 0.0895961837619223 -0.0700959260917002 0.438904595781905
-0.0590071204249229 0.0881832051551892 -0.010897668104528 0.42578532769316
-0.0738833693595022 0.0874888796167577 -0.0527771898132792 0.410622301679345
-0.0887622051332671 0.0662705616818017 -0.171813165908429 0.328891536144477
-0.0928092547757592 -0.00825980741739164 -0.266336540982301 0.144656511850773
-0.0435642076701321 -0.0377677707934775 -0.189022877788783 -0.0599715049353291
-0.0352347403712595 -0.0484991569692501 -0.0979364422781829 -0.0329894707696016
0.0278272454338557 -0.132870125686864 -0.0602818715697564 0.0822616138905677
0.122833929348325 -0.142338886714604 -0.383972350015984 0.190936486607098
0.0814450726328188 0.0517970103366856 0.406898047254016 -0.256983897348604
0.106403166199639 -0.02951525460972 0.0560173221909467 -0.176082863415482
0.0217672209350358 -0.101075262869416 0.0405791516489049 -1.8253063605177E-05
-0.0909946758948124 -0.0280047302549977 0.130251726677122 0.0617890999311635
-0.0752668210327389 0.0536821676780922 0.251723856307415 -0.10878625442177
-0.0088597778015765 0.0813714634366515 0.172468154143044 -0.31912321691164
0.0467946243730762 0.0630452186798501 0.0413426309329352 -0.403031957595525
0.0669205395398072 0.0676206460020863 -0.0218002024557751 -0.408991761050043
0.0552068625907238 0.0784182214815901 0.00437212118644958 -0.411599016645017
-0.0245239722474536 0.112303780848562 0.122142714358015 -0.34794876651105
-0.107291069533616 0.0773158595443789 0.216444578025011 -0.177230088454553
-0.128921449583708 -0.0477104826899045 0.116023129063941 -0.0460742572029705
0.00718531272943125 -0.16050474627622 0.132564885470665 -0.194757894038161
0.143619120875041 -0.0483739577330423 0.344994397627171 -0.287328038637866
0.127759861629478 0.0567419648773555 0.757365099816841 -0.102751188864848
0.283470149570448 -0.0110680568810718 0.345254049173155 -0.265949889343879
0.202362560052246 -0.153221505685567 0.0576656047812439 -0.151609513093963
0.0131127209564897 -0.232398736645587 0.0347875965248931 -0.0282876828441667
-0.196627543387171 -0.0824588868761229 0.105028989932788 0.0492300157489495
-0.207620132338855 0.0970484591829328 0.212561652546106 -0.079025173683003
-0.0957662427910777 0.200915647788191 0.170381808781866 -0.256397100819583
0.0308394157737632 0.207723086427965 0.065524668995773 -0.346150626503073
0.0756342614718903 0.223585520336162 0.00152573471097612 -0.347320856967363
0.0486023337581958 0.238548156894546 0.00852060653548459 -0.334498632658177
-0.11123784862439 0.286650412538866 0.0843939118508348 -0.280475539873733
-0.294186260436577 0.168648894317582 0.147998846605306 -0.160153678200027
-0.336898707358028 -0.105861309693606 0.0484834559728792 -0.069606046118699
-0.0760396072361198 -0.407750395014322 0.0978523133466971 -0.231902073726192
0.294823562893724 -0.301900017693843 0.32606802027799 -0.291021715278359
0.405739522865549 -0.0697821679790644 0.671777325825651 -0.0935271998522648
0.46459538857725 -0.0702856775605693 0.215158139306243 -0.260382939166746
0.293739894040388 -0.284721295148873 0.029309403582088 -0.100183448381016
-0.000895728107169016 -0.369997752323281 0.0321903942094512 -0.0349166530990829
-0.30434426961132 -0.139954800845294 0.0896512580417528 0.0288494833569827
-0.334364232761084 0.134084164216168 0.148646454011904 -0.0560735542465752
-0.179597837252954 0.305060731841519 0.137393299811005 -0.164985470986675
0.0062904350812712 0.32854163924537 0.079543913653779 -0.237776520252775
0.0751798106195759 0.345015128936605 0.0257934516884791 -0.234815098182221
0.0387693489440398 0.359891007850904 0.0129811676199502 -0.206072423284967
-0.173624665651632 0.420607737789573 0.0382668215537129 -0.163931647666747
-0.433075479913617 0.254047001491138 0.0551471439986617 -0.106635120997853
-0.506172569829552 -0.121733934587688 -0.0380195464890917 -0.0754095295888852
-0.181006037638448 -0.584739704131299 0.0342754457475879 -0.241119504063428
0.374513021530084 -0.518218765315231 0.265713955394545 -0.263402407673085
0.606099232858705 -0.196121220392216 0.50597869409091 -0.0553760948310004
0.599121015796881 -0.129058879205209 0.0166653414269999 -0.235122327332606
0.362573324600138 -0.41669371070439 -0.0392170823231811 -0.0149659613570356
-0.0327022181270483 -0.502206492386578 0.0207777560870497 -0.0126400534930718
-0.407518306951158 -0.187096439612967 0.0659804694787565 0.00915816218271982
-0.433979751463193 0.164303161561349 0.0567782654225711 -0.0284900090786175
-0.241992512341504 0.37654689605072 0.0753104357915962 -0.0452421253836374
-0.0178625428492714 0.407127132634221 0.0793539650976967 -0.0904783049282192
0.0638361002916397 0.411991182693019 0.0464152348435804 -0.086167040144205
0.0237538546425807 0.421193371976487 0.0207648994318454 -0.0468387237283687
-0.206125737920497 0.487575875116245 -0.004861690446126 -0.0151107884824192
-0.497388780101463 0.30277964270584 -0.0436218096214686 -0.0211217192209768
-0.590667722117764 -0.104681541797245 -0.126606803844033 -0.0591459165601309
-0.262763947590393 -0.649707017474602 -0.0364202057493271 -0.213075145782349
0.378359497899164 -0.640751677575437 0.178282827333831 -0.193232172595283
0.692742229655423 -0.287437322124805 0.286708462560682 0.0104272296688119
0.649810286119076 -0.171391278611196 -0.227780579785675 -0.182608530373149
0.384273031093096 -0.502445900181066 -0.141186665495424 0.0980100986217095
-0.0667690104226489 -0.574098121401053 -0.00641723192175535 0.0297861784412746
-0.461289577690612 -0.207129240200297 0.0211516353737946 -0.00402782615176363
-0.470374517705161 0.173408820870696 -0.058333694224561 0.0136132584442277
-0.266087634490513 0.394104066175656 -0.00623643019365085 0.0940543281176124
-0.0345923755983564 0.42467526754042 0.0648566026193906 0.0778476272824733
0.0425170530628581 0.415389487304874 0.0593474493159422 0.0760917040221983
-0.000417017812267813 0.414784590412831 0.0269366875218177 0.116566907147024
-0.210313426416681 0.469423456075526 -0.0395816727207811 0.134797716714852
-0.475742868553125 0.288316611508781 -0.129326344608217 0.0737845596541217
-0.55208628103569 -0.0834785667875328 -0.196339881811599 -0.0318373696045389
-0.274669899397822 -0.585382081511814 -0.0935012371864519 -0.155472230881206
0.325367224282323 -0.629294672422404 0.0904977139933697 -0.0969181729856147
0.658900596951825 -0.319183040182766 0.0588939852409138 0.0896326549675983
0.588399453345066 -0.188146039665395 -0.475183855866549 -0.107834893959841
0.333323560424033 -0.491733826860387 -0.251586577216357 0.214872878051128
-0.0857116167017914 -0.528253952469197 -0.0408995547761031 0.0785837398130936
-0.417092672636649 -0.184228564338065 -0.0361364079357834 -0.0120193362267269
-0.415719321654977 0.14760978257499 -0.17319358353186 0.0603166883824418
-0.23968942790746 0.34095069924305 -0.0890857134888939 0.227476198598215
-0.0456511268215347 0.372268296996033 0.0415880142261424 0.239775402399975
0.0146046407313513 0.354521446449795 0.0629597503221798 0.226515832415756
-0.025519895081631 0.34649205528405 0.0281633117781338 0.255824395447286
-0.186592867079628 0.373427291500787 -0.0686625055361934 0.251960470841538
-0.380312078792805 0.21060478101157 -0.190612099772324 0.144707080627262
-0.407839415648829 -0.0683020362599312 -0.228520328175544 -0.0157137855182412
-0.20750992463281 -0.427416362354829 -0.118430228054159 -0.0949588936171149
0.23997209946643 -0.496348896348205 0.0218560110125918 -0.00944397574018459
0.52006861529601 -0.288647976235352 -0.135333840966828 0.160413970340349
0.41936749056687 -0.174025831763008 -0.67547506170768 -0.0245461299681153
0.2148873881909 -0.377429612229587 -0.342612326521211 0.304644211924872
-0.082221992055712 -0.357511452692357 -0.0725824730793451 0.125370809347686
-0.275054245540361 -0.116847511237311 -0.08200510311681 -0.0113601289330797
-0.272527025260879 0.0900643467039521 -0.25148501674338 0.0952565387028347
-0.169619061287554 0.222720094718333 -0.153568009543742 0.32236631466271
-0.0491373874532544 0.25373457502213 0.0142118251298563 0.364852046236113
-0.0171181355725485 0.240345143858567 0.0574009764152176 0.340635105931454
-0.0473964561196148 0.232316926641542 0.0197947763578484 0.351980291375328
-0.140001634178581 0.228814346666142 -0.0940883094206696 0.319687121487374
-0.240818640596098 0.102007782884187 -0.225371046043021 0.176268550425585
-0.218540112747155 -0.0564903371194988 -0.221332705043029 -0.0193733791053425
-0.111389743705663 -0.228454958602118 -0.114239213374252 -0.0486531375225887
0.131558243742546 -0.30679514097544 -0.0220089539102726 0.0487058099471953
0.320714901314698 -0.222665031269219 -0.270624233260794 0.207073668477654
0.170921460086168 -0.125707898826207 -0.786038763009176 0.055829000653273
0.0536163456005806 -0.18731862318382 -0.391413492882148 0.35676810706961
-0.0640843225353152 -0.117403866565685 -0.086006178764199 0.172500419327723
-0.0799063503355843 -0.0274125810726937 -0.0940258979547011 0.000978051571751262
-0.0844788489124637 0.0161458271305599 -0.273477890016751 0.109121861527205
-0.0738392455023285 0.0642431462290148 -0.186888474709183 0.358810232134338
-0.0481624210045265 0.0940091111996885 -0.0106390958708714 0.431125596812987
-0.0457965057281311 0.0907811391353234 0.0434546717144975 0.404397118301099
-0.0571952465201902 0.0913632967784363 0.00126455579085973 0.395564768577423
-0.0718647926709374 0.0703784530301826 -0.118118018020799 0.336354986739947
-0.0857733762629809 0.00337451293482983 -0.235504069099161 0.173867113771205
-0.0433431847634961 -0.0286200291170567 -0.189970578641541 -0.0313727108193267
-0.0388399105425481 -0.0378232626860954 -0.0957270553568724 -0.0164806009811773
0.00896301950860063 -0.125666561155605 -0.0500003606814728 0.0761589819140755
0.0962478900322415 -0.142497754138964 -0.339318187686198 0.225107360612977
0.0777891247095303 0.0491427513400337 0.394679658752654 -0.242003974376977
0.101673167548603 -0.0283024199226074 0.0572857751163289 -0.166673283576709
0.0205876410151488 -0.0975419190498169 0.0387219487371909 -0.00119128297099319
-0.0864509454861021 -0.0261655750124687 0.125043159550962 0.0596359667812548
-0.0719108218067514 0.0521684365358505 0.240476637347441 -0.103690215494304
-0.00824281138495657 0.07819087706369 0.165321912235712 -0.305004436350859
0.0446361673020873 0.0596113549096282 0.0407670369995725 -0.385890088005584
0.064196659813381 0.0643949229342259 -0.0185287562188527 -0.391547127847298
0.0518393129711888 0.0739637138442132 0.00687397090265983 -0.39270533157189
-0.0237423348055529 0.108613343460334 0.117495594487338 -0.331423046082006
-0.102084384864106 0.0752980065595848 0.206617764552352 -0.17119129429808
-0.123567793288901 -0.0457807024378421 0.111692266853433 -0.0451898862631712
0.00726732081287215 -0.154655280591898 0.126045521717349 -0.18804708571513
0.138834197318644 -0.0456413533615989 0.334203547923676 -0.269697496161354
0.122730999912987 0.0551096051190339 0.726244570439263 -0.0913191345485718
0.270852400635101 -0.00970621333262456 0.33637881111672 -0.250054873527481
0.194178643267973 -0.144455899735291 0.0601862699919133 -0.1421334946004
0.0133214781302628 -0.222463030813509 0.0328159220842505 -0.0283241161960951
-0.187209005710895 -0.0792313717575101 0.100634063168537 0.0459138377690042
-0.19895431265438 0.0931798035990937 0.201399474070599 -0.0750220229009115
-0.0908520745238611 0.192719479534122 0.162769933558484 -0.24405000960993
0.0292106251273269 0.198139249258137 0.0634715652663939 -0.330357938033191
0.0721660058515195 0.213176490255439 0.00246867626945581 -0.333342844271727
0.0446587797843277 0.227964366570737 0.0104958365577093 -0.319018050104224
-0.106969792399621 0.275719155651851 0.0817895529851228 -0.266692378093423
-0.282031843313242 0.162919793486346 0.138589953648445 -0.153767872559188
-0.323405923179222 -0.102127500789107 0.0471858514248904 -0.065822973381442
-0.0701912182709856 -0.392322069191338 0.0935155721215058 -0.224223796765795
0.286514469091231 -0.288098910269284 0.316731877462248 -0.275056085352453
0.390811403898775 -0.065253772722034 0.645356420527926 -0.0839775264081443
0.444924780296163 -0.0666365627163069 0.21104361874924 -0.248151361024521
0.283050671487731 -0.269704475010272 0.033817650276336 -0.0927182993399241
0.000196673672055922 -0.354019547492357 0.0306925434449143 -0.0334214813411978
-0.290681486278888 -0.135624774880856 0.0848805981388856 0.0246167469367627
-0.319095817259452 0.129153155454632 0.139947760015987 -0.0525987453963285
-0.172230242106882 0.290704540892647 0.131612026439033 -0.156700557465662
0.0056050578941026 0.314854857867181 0.0754633314435903 -0.227524989561689
0.0702649039380899 0.33014041184464 0.0257103371272954 -0.225195078405714
0.034683859012551 0.34353383935148 0.0153984362619942 -0.195856011318157
-0.165863627793433 0.404137557099812 0.0378789017820604 -0.154614299358206
-0.414513590582902 0.243842373469954 0.0482793081802056 -0.10117277475241
-0.485316489508114 -0.118599119014951 -0.0359745128308301 -0.0708552591944428
-0.170379789537415 -0.5614296050917 0.0346200251406589 -0.232633520427715
0.363751378853405 -0.495952254221396 0.257343751703529 -0.248806863742988
0.586229971078635 -0.185319992135201 0.487273613532377 -0.0492183034482108
0.57510814225877 -0.122239080395321 0.0207827324779129 -0.225412401756989
0.350265255896526 -0.396454964928969 -0.0323969140676776 -0.0116315639417884
-0.0308581160346543 -0.479900140672915 0.0194812269861718 -0.0110250877985486
-0.389712379083547 -0.180433721874383 0.0630718957317998 0.00543856174194543
-0.414095735019318 0.156951878676877 0.0512736774423373 -0.0244799922874659
-0.232738637729621 0.359906835175111 0.0724407319024993 -0.0419119932382013
-0.0178128969385772 0.390262080160348 0.0741505500647262 -0.0878802548197911
0.0586625961485606 0.393435816110121 0.0443451894343338 -0.0835530425682069
0.0200807093932421 0.402864072136843 0.0219504233692072 -0.0433200518251847
-0.196091177962718 0.468419118730477 -0.00305291134734327 -0.0122955314441029
-0.476564470582592 0.292459845540962 -0.045933009455012 -0.0187716166193457
-0.564088548151113 -0.104077943965993 -0.121863417688541 -0.0547252189266393
-0.24982638135456 -0.623225029146414 -0.032695009590041 -0.204258822720562
0.367249923141239 -0.614762694375928 0.173293529772727 -0.182945468551652
0.671076901848188 -0.272126156394057 0.275532475811638 0.0125444283833838
0.622844445586616 -0.158834801895807 -0.213909285697413 -0.177891954028928
0.369752135806214 -0.477509521771441 -0.131665018096347 0.0963654503948481
-0.0641368449591564 -0.550772584928535 -0.00602576095676215 0.0313668087412244
-0.440775567365657 -0.200560471650049 0.0206463718220156 -0.00802467379054947
-0.450489016617916 0.167014084597313 -0.0591780300882147 0.0154194788970657
-0.254140312489786 0.378060538526722 -0.00525898620794466 0.0912960231663232
-0.0352643898731964 0.408610272198677 0.0599761912973824 0.0729565697898335
0.0390656543669891 0.397264395636518 0.0558864701633688 0.0721334821546769
-0.00272980689792415 0.39696814502634 0.0277277267447421 0.112073192238909
-0.199066571490128 0.450652311669366 -0.0367313423919287 0.131010792727535
-0.456390517603737 0.279928188224582 -0.128365861194855 0.0733154951811989
-0.527998834466145 -0.0820136910460063 -0.188168866493342 -0.0279606696207222
-0.261548492956984 -0.562678307252192 -0.0857706706334191 -0.149276331394742
0.315680268412862 -0.603196485917546 0.0878664947628056 -0.0929158177150907
0.637473013902977 -0.303030874841892 0.0566760997319821 0.086622647864091
0.564933188970582 -0.175543559369121 -0.454043063469566 -0.107590129188704
0.322826034199611 -0.467633585810271 -0.239813062492985 0.206310964077431
-0.0804974491846565 -0.506239980076353 -0.0401785694582372 0.0785988468724216
-0.399435757901638 -0.178501831724628 -0.0349094564780101 -0.0157238730676461
-0.398058466398375 0.141645794183999 -0.168693835686939 0.060137683486594
-0.230626589142302 0.326272567005365 -0.0848646130724043 0.219480840249846
-0.044425147681761 0.356112031531903 0.0368794206481911 0.227578694586844
0.0121846583091098 0.339417157863912 0.0587621728310465 0.21631309682969
-0.0263513529940309 0.331865918631455 0.0273368409672005 0.245205648587728
-0.177964990012803 0.358288518023765 -0.0644345934611121 0.242898638851132
-0.364847573227271 0.20369770403488 -0.186193619140077 0.14179621913537
-0.388690385106414 -0.0695509040613177 -0.21935005810633 -0.012315190538045
-0.197788679323431 -0.409746304596326 -0.108996019863136 -0.0903111304667513
0.231402534772587 -0.475851013962556 0.0209315036365061 -0.0102708441291052
0.503061240630947 -0.27404449048935 -0.13033171311332 0.152459511260243
0.403194325856278 -0.162136550010248 -0.648155775122237 -0.0298569399364903
0.208763966822891 -0.36002633443264 -0.329451800144993 0.290904466262273
-0.0786650135259484 -0.345310531263215 -0.0708511766301675 0.123559668945213
-0.263155972725485 -0.113888425083983 -0.0787879809127289 -0.0142389061527227
-0.261395962563473 0.0864842298396765 -0.243838288460226 0.0934232462500983
-0.163008349409683 0.212665921361864 -0.145995954959651 0.30977280315369
-0.0478291899538894 0.244067962061544 0.0115538127941344 0.347972478635839
-0.0177424486392499 0.229825117058727 0.0534508351547089 0.325999423145596
-0.0463137812808247 0.222809685025309 0.0183125198969264 0.33739079597472
-0.133764220536337 0.218269860327267 -0.089453488543816 0.306068869002189
-0.230941980424503 0.0979540031088838 -0.217667751611679 0.171265380839636
-0.207764219904455 -0.055307809123272 -0.213358805395248 -0.0165375437279635
-0.105378936948917 -0.217324485948042 -0.105518346733384 -0.0454830275182581
0.12578201668009 -0.293655600341114 -0.0220827846655701 0.0439633592021192
0.309293063603711 -0.210243343276171 -0.260580258234773 0.195810497245613
0.164661765584612 -0.118165745582415 -0.758122016761343 0.0469153664709124
0.0520561523547285 -0.179007775481046 -0.378912063156149 0.341242347747295
-0.0613699545081828 -0.112907839377554 -0.0829669995285536 0.167374777747301
-0.0762214285593755 -0.0277034090012987 -0.0904623156999886 2.10407843991134E-05
-0.0812842827977919 0.0154233864819821 -0.262613902686949 0.106036125400483
-0.0712158634027596 0.0611040957120344 -0.178135034681065 0.344887316308593
-0.0466713803291665 0.0902762477149031 -0.0136456045992234 0.411431180435113
-0.0451690059058018 0.0872466113443563 0.0399958107664319 0.386539193568435
-0.0550786410253654 0.0883378982859349 -0.000255034246267582 0.378955265431391
-0.0682336398458794 0.0664637468939076 -0.112076160851771 0.321502608633813
-0.0825588149912833 0.00282853767218702 -0.225026189718717 0.167899435256643
-0.040395286892551 -0.0276611549130409 -0.182110524048718 -0.0292976175177742
-0.0366137175000215 -0.0353962990504587 -0.0885439910456803 -0.0146277725066294
0.00716046757672377 -0.119384440764908 -0.0490394332473356 0.0690423571944218
0.0926670621964863 -0.13527783746095 -0.326243430036608 0.213229185115765
0.0747397057522799 0.0507579239478525 0.399906696062094 -0.225808045971383
0.101192074089251 -0.0254605459440431 0.0640223419278661 -0.161170804122339
0.0228853535515347 -0.0965404602795124 0.0376165044730387 -0.00147047062970534
-0.084452435313992 -0.0283776394019228 0.122376257587372 0.062790858862776
-0.0725428174649849 0.0497147267762595 0.239258983275548 -0.0965486975722208
-0.00904710915138757 0.0766387687164937 0.17057995950116 -0.296536864251481
0.0424698405743961 0.0594451401834065 0.0519450018339221 -0.377717768150778
0.0616051580376678 0.0644348193474941 -0.00610493435586079 -0.387248070716102
0.0487741507294623 0.0734549533127992 0.0180244479962811 -0.384258795828686
-0.0260849348261415 0.107918925042446 0.124236153897262 -0.323100399046832
-0.102782092798834 0.0731525932564371 0.206889837574392 -0.163482487047063
-0.121161009388102 -0.0486455828441774 0.111681576245954 -0.0416222163349425
0.0116201384395733 -0.152584889196927 0.128117725577505 -0.183848034805418
0.139511559611053 -0.0412100568434681 0.338186911692257 -0.253388250614551
0.119774127040717 0.0575548986701329 0.720811258180081 -0.0661487958585734
0.26672998968478 -0.00143162331531038 0.342507386596187 -0.23740793216652
0.196366785474704 -0.136672525112149 0.0672905950581896 -0.136778479770329
0.0200085063190066 -0.219325725208196 0.0331141090295539 -0.0279624208879171
-0.181098656773813 -0.0834510279466202 0.0978648108884894 0.0464649118658261
-0.198316250269849 0.0876968779295604 0.198982111249292 -0.0676951377222003
-0.0933815010995322 0.187561930665852 0.166538999868751 -0.23635742412201
0.0233382500187973 0.196485964959284 0.0712398832020874 -0.322737585016408
0.0657739765699855 0.210803126641553 0.0124323826121449 -0.328786903358743
0.0360761260977842 0.224997022951697 0.0206508575232055 -0.312708861438489
-0.113369840864344 0.270815608686729 0.0880558036647129 -0.259097993827572
-0.28271956370848 0.155689663378362 0.137972308523009 -0.147797395011924
-0.316478153589318 -0.11022419428439 0.0485898412825415 -0.0638603158946024
-0.0586613702071064 -0.390764470451562 0.0982437973744244 -0.220408924943298
0.293255865131958 -0.277201938584878 0.322093234814527 -0.258012781482099
0.390092752524597 -0.0528072438022411 0.642599808962225 -0.0609324293819839
0.440326006384477 -0.0522160105451568 0.220186860092905 -0.238407344054307
0.28654999126515 -0.256104678294377 0.0411568576548344 -0.0880851606860388
0.0100106105654015 -0.349645361439623 0.0307116255412137 -0.0320914586390021
-0.280756547729984 -0.14115779514256 0.0831202981261403 0.0237388620445623
-0.317913819048618 0.119285203505086 0.137061081951517 -0.0470091852469604
-0.175980389154012 0.283758286612079 0.133960563733499 -0.150575110632453
-0.00335966795342523 0.310584847846009 0.079602281688613 -0.222229734148262
0.0617579494939367 0.325601755883445 0.0313359511659751 -0.222164960247881
0.0231004411340828 0.339322415171676 0.0223486497136898 -0.190814854820916
-0.174077653791152 0.394565476647104 0.0418469878392553 -0.149079497312613
-0.416780695661622 0.233330234790907 0.046598017508242 -0.0981007865356566
-0.475630772645379 -0.129782273820846 -0.0336323365456669 -0.0699282102158136
-0.153912172535038 -0.559192555398728 0.0415256541438676 -0.230077591092725
0.375054648166166 -0.48116513792131 0.264176332184403 -0.2352243277042
0.587565053374741 -0.165390683189353 0.484253491188102 -0.0316156043492495
0.568534486311064 -0.102210242913862 0.031101754005322 -0.222559799464269
0.356288544462291 -0.377678871625687 -0.0262205494820744 -0.00994127043010373
-0.0181678531914575 -0.473405147983304 0.0194969406085527 -0.0087736585813171
-0.377774890171321 -0.189285434711481 0.0614686183650895 0.00290893916734658
-0.412594156221527 0.145631140844385 0.048569908053602 -0.0217935917605519
-0.237416568157723 0.349435796015396 0.0734284316859607 -0.0382056392277191
-0.0281936323508377 0.384731908903117 0.0732377239800493 -0.0853344823266816
0.0484383838281558 0.388483067721771 0.0459876320476621 -0.0813384329446519
0.00564821705931778 0.396873127559929 0.0250844645651785 -0.0407716712106666
-0.205209394070382 0.45870779585084 -0.00177979908148723 -0.00989409578963076
-0.477436866096051 0.278367120498997 -0.0499900990117879 -0.0176375926824369
-0.554608212509274 -0.118272949562074 -0.118542107175969 -0.0546910266331861
-0.228768011680396 -0.61998932249125 -0.0246696490907139 -0.203477871593496
0.382141981701085 -0.599038727855618 0.178402336998367 -0.174729821083162
0.673140944809595 -0.25139647414991 0.273741959460222 0.0218075916445371
0.619966286360123 -0.138750588363386 -0.20359114940839 -0.183443451458399
0.380288138737493 -0.45880586854834 -0.127981374066139 0.0925508954736266
-0.0467043587383773 -0.54432324490363 -0.00709218559236789 0.0330693049358756
-0.429637658729113 -0.210651443230556 0.0201141053919362 -0.0107816358403231
-0.448723348936088 0.155477879321828 -0.0611513973789359 0.0164359903221869
-0.260175187892479 0.366361378112492 -0.00668827919126971 0.0911639114032036
-0.0461306549518393 0.402089103861737 0.0550527243129089 0.0721520397234188
0.0274231806334007 0.391620605787306 0.0530086965333654 0.0726095219490205
-0.0151718147412116 0.39125616317802 0.0259383237664522 0.112157877793556
-0.209614591128936 0.440654886542909 -0.0379868279431102 0.130430655868408
-0.456577519818087 0.265998632987844 -0.132707342478181 0.071093133657856
-0.516806888038551 -0.0943310983293224 -0.185200137051736 -0.0304477567949986
-0.242038793494546 -0.561652477134136 -0.0778254696686448 -0.150104838480994
0.32937551153069 -0.587230077653144 0.0899824860012766 -0.0898516749222191
0.63976552293216 -0.282170334908436 0.0543562928531192 0.0871701904800753
0.565203280337568 -0.156680926017794 -0.444270277378655 -0.121901810614302
0.332266297716239 -0.452069368654906 -0.239627082385924 0.197778395117826
-0.065286490558318 -0.502355827772637 -0.0417473618101325 0.0798308860687298
-0.38954313880762 -0.188349848376568 -0.0347379197174114 -0.0195818784680407
-0.395795977914091 0.13055079098899 -0.170482280920575 0.0580159582821363
-0.234997478378127 0.316783639674649 -0.0877611499511351 0.214732096511336
-0.0541225647813696 0.351298197342379 0.0283667670411199 0.223525959278839
0.00260602020807963 0.334603834092684 0.051992870197762 0.214713079546865
-0.0368394425274244 0.327608697144927 0.0218150329954506 0.243196019070758
-0.184635579365248 0.348245479852217 -0.0685326072178799 0.239931605496469
-0.365412018166146 0.193577510852583 -0.1900312642236 0.138201964807338
-0.380506126233386 -0.0782554663856292 -0.216628807865461 -0.0158060337057169
-0.18231624375664 -0.407458615361234 -0.101868745202274 -0.0926019413026575
0.241452823844057 -0.463733905906499 0.0208914707198733 -0.0109863957612352
0.50567758280395 -0.258025369821105 -0.132381867610506 0.147309441541624
0.403154592668703 -0.147251079717979 -0.641963106155997 -0.0508315830592073
0.216695258250903 -0.347915530076129 -0.333878661966557 0.278690727204071
-0.0681096399680178 -0.341345773866587 -0.0731051897587567 0.123328734561891
-0.256886725265744 -0.120285010972272 -0.0785658732749323 -0.0179339282519701
-0.260314185654018 0.0790237207424229 -0.244536453362143 0.0879599435598348
-0.167234967697379 0.205433568069257 -0.15221253489739 0.302741401057678
-0.0546924998618933 0.240134541148084 -0.000474007899072743 0.341258333006461
-0.0246523865315504 0.226206697933472 0.0420991880192169 0.323293139789374
-0.0524692794062109 0.219003923603112 0.00961663822778746 0.332777468449413
-0.137047262049387 0.211429699588307 -0.0951514913150834 0.301129442802679
-0.230609863527937 0.0914360470979813 -0.220448514386539 0.165321746627991
-0.20207975802688 -0.0601606066414767 -0.210351259251882 -0.0197569840843599
-0.0963727601727404 -0.216049006591389 -0.0993583150565627 -0.0480229342315351
0.131616454561251 -0.286480922639047 -0.0241376974304565 0.0402819511596303
0.312310654538923 -0.197765702081249 -0.2623145410697 0.185231796262558
0.166678113829571 -0.109553869116571 -0.75224159665794 0.0219843444095874
0.0564665420551127 -0.174346078858826 -0.38667291380845 0.324339408866874
-0.0577313115851208 -0.112837059168698 -0.086472948952088 0.1658451110775
-0.074502666596353 -0.0302622948101938 -0.0896360391552805 -0.00313305728350333
-0.0805163792148328 0.0129134506682242 -0.264015441804463 0.0995231567740974
-0.0732869822429137 0.0587301510053263 -0.185164360251179 0.335623657463781
-0.0489031741242572 0.0881663051629762 -0.0249150812168696 0.404217843589185
-0.0480933563369393 0.0855385777607342 0.0271036734120666 0.383921334845605
-0.0563467260768502 0.08603488035123 -0.0101119462244782 0.373310596851218
-0.0688045783001094 0.0623925855670732 -0.118407212797563 0.315273564376783
-0.0823468776640677 0.000505701868334457 -0.225044136784172 0.161622250152766
-0.0388269829199014 -0.0286640458957352 -0.179639149536221 -0.0317660728479317
-0.0343553851381253 -0.0341570238235744 -0.0839182969256387 -0.0160702351382831
0.00874538319231775 -0.116966136770987 -0.0522695203772647 0.064138338483421
0.0945543860762824 -0.129787991807263 -0.328158350708343 0.199270613903275
0.074234597209938 0.054432954036533 0.420500214926885 -0.219445154577491
0.104153404639788 -0.0234966954220697 0.0733805126225094 -0.161064967713416
0.0265451464054307 -0.0995227399690129 0.0384798261263132 -0.0018625699268699
-0.0852984170694979 -0.0317420972192723 0.124962886064496 0.0670004897223182
-0.075825871430528 0.0496980179694559 0.246747490831673 -0.0936142141605042
-0.0105080126819434 0.0788495524747399 0.182880686248088 -0.300212597629764
0.0423148627811389 0.0617713047216394 0.0642835744232925 -0.38516413965841
0.0618345814221402 0.0671686480702575 0.00388428985205534 -0.397772719307107
0.0468511040479731 0.0760512986439808 0.0310276012914995 -0.394208829136087
-0.029683741664697 0.111916650019904 0.136466367489661 -0.326853822859524
-0.107127460490057 0.0738921573303868 0.215501818746986 -0.163112029587151
-0.123314517856621 -0.053408386458848 0.116122248139079 -0.0402777321687209
0.0163079810557722 -0.157061052368686 0.135254271286462 -0.186734162090658
0.146215955255785 -0.038522610558643 0.357174600933854 -0.24633126179775
0.121892162221945 0.0631493512133466 0.74341198150603 -0.0436679759053317
0.272820158988722 0.00646545510292074 0.362297557988771 -0.23429552186234
0.205543356890601 -0.13317534593754 0.0773081837469627 -0.135697938328293
0.0264227630994553 -0.224424126342426 0.0346687519555598 -0.0282194684576458
-0.182363591553417 -0.090800816835429 0.0993930509971151 0.0488027144135627
-0.206222410632286 0.0851318858436864 0.204460545410051 -0.0643411481726611
-0.100090289196823 0.189632598214427 0.177701604625218 -0.237908757877253
0.0183339176635803 0.201932101409232 0.0823370726254183 -0.328728408849956
0.061760868907861 0.217352840470451 0.0228447773972993 -0.337726744771885
0.0298952805624649 0.231891939108418 0.0323774347910617 -0.318954973631599
-0.122799219929556 0.2766995023764 0.0973014432121407 -0.262255101893249
-0.29415719015001 0.154437053208512 0.141988507175031 -0.147449480562287
-0.321587431205896 -0.122251108864173 0.0513816518745096 -0.0641136617504622
-0.0493432850181648 -0.404494166905235 0.107664422784446 -0.224770597593024
0.310371644667044 -0.27664181092283 0.34294054004163 -0.252855285816416
0.403991650326438 -0.0427294539692812 0.663781823053303 -0.0412727737728255
0.451654364410401 -0.0409901761036399 0.236506079763845 -0.238971475556513
0.301850251399662 -0.252676866987789 0.0503935071407541 -0.0870862026313351
0.0200751202434163 -0.356237857000298 0.0331856067118597 -0.0317391870623528
-0.282920481565387 -0.153151025158922 0.0840502301166583 0.0239430112276379
-0.329198352120468 0.114024706244555 0.139662741597884 -0.0433052530433787
-0.186943510001589 0.285387708027927 0.141505925480872 -0.150351589473545
-0.0113579754798322 0.318884985884568 0.0868331987238286 -0.226575464979559
0.0537434474706959 0.334196809873931 0.0391544597050159 -0.227259773232497
0.0127850857955046 0.348310885930547 0.0305488615193423 -0.194117776618186
-0.189474520747715 0.403151114308494 0.0480623190992027 -0.149983289430239
-0.43300162529993 0.231805097829063 0.0461966193566014 -0.0975451259352456
-0.483408325991105 -0.147547706447792 -0.0326968283562909 -0.0711226915872956
-0.141489350583257 -0.580101015014771 0.0504552913627139 -0.236797227935518
0.402500244366918 -0.485750572580187 0.280606672523932 -0.232552882047841
0.61136843662127 -0.15396867647729 0.500860311227453 -0.015492839941488
0.585921016677527 -0.0878996154178775 0.0423435257022655 -0.228770990362535
0.377599308167343 -0.375830368186915 -0.0207870284614407 -0.00898829142692162
-0.00445188662788342 -0.48584144925045 0.0208114934369285 -0.00759732675055849
-0.381207217179164 -0.20512472249711 0.0623591370003394 0.00160292929271643
-0.427286051960307 0.139161403629178 0.0477420481795337 -0.0186809179725936
-0.251900881401846 0.354224269876908 0.076701848085034 -0.0373419093648788
-0.0386575563686571 0.394424460883484 0.0759809805813421 -0.0865242645908473
0.0377687734821441 0.399664985789095 0.049545014482847 -0.082402993165622
-0.00754485959905391 0.408650608758479 0.0291088061044364 -0.039948457403645
-0.222630294747288 0.466979300087093 -0.000459089241140031 -0.00782877981061649
-0.498071960208773 0.277502089697001 -0.0554756369844469 -0.0161871175902742
-0.563139376470235 -0.135482034982557 -0.12063598125799 -0.057832257772156
-0.218359274969948 -0.645831742912963 -0.0176507623820202 -0.210934764775136
0.410592067283131 -0.606765049082581 0.190675717934637 -0.173624601325313
0.702333818632678 -0.236635650850346 0.283258548881258 0.029741622407876
0.640426254437003 -0.124237462433459 -0.201657044749988 -0.195873529886012
0.404716586135293 -0.457684601466286 -0.129446884891149 0.0932821056709769
-0.0335991702208958 -0.55816100630917 -0.00701743331784338 0.0360892656491238
-0.432941013126102 -0.228245062055292 0.0198650085247724 -0.0145359353001865
-0.463999093517535 0.146827330892663 -0.0656069303253151 0.0181313547334503
-0.277632764810764 0.370489503842212 -0.00870581546876236 0.0941689680768067
-0.0568196399492136 0.412192317862765 0.0519363435890998 0.0738679295409034
0.0167282456758362 0.402011665063756 0.0523171851326041 0.0755244278059336
-0.0294364793496206 0.401116982201315 0.0258223176993452 0.117293646913969
-0.224134545305189 0.447349123129648 -0.0404752375097731 0.134828319043703
-0.476208383102936 0.264159338524791 -0.142460676129783 0.0734078522736357
-0.527748226608957 -0.112301099912546 -0.189859525257003 -0.0334097189459775
-0.230527649456455 -0.584204119460211 -0.0725263840881613 -0.157133282845995
0.355967355677086 -0.596266754866694 0.0963319766800514 -0.0903532179411059
0.667562491533972 -0.27058806763478 0.0555975017608431 0.0906756614056686
0.583671255422298 -0.142112663661927 -0.451929538714039 -0.13997654167442
0.356404315602425 -0.453088127098616 -0.248905381710488 0.197204125556662
-0.0540156733461719 -0.516592968334287 -0.0445304845376931 0.0840425882368585
-0.392949600040384 -0.204547867813747 -0.0360959636515432 -0.0242001386032192
-0.40963799995054 0.12457098651954 -0.178269073527008 0.0581644577008454
-0.250737105769753 0.319985989548356 -0.0948945979608988 0.219254382031409
-0.0646019564819969 0.359392423320004 0.0207222310884321 0.228577359071305
-0.00731869868689219 0.342997355762386 0.047010339150989 0.221484289145656
-0.0480169180796158 0.33610484946908 0.0170748261017736 0.250397178945901
-0.198891261380395 0.352089220458115 -0.0751521061561687 0.245762049300181
-0.380378718263848 0.191439076902282 -0.201480875609834 0.139936341821945
-0.387600865923902 -0.0917628522254734 -0.222294960685516 -0.0194512548692908
-0.174799039452673 -0.424046452475234 -0.098966780070257 -0.0982558063993699
0.259926136919464 -0.470823050119876 0.0222344207220898 -0.012088308738326
0.528557445186849 -0.249269807047295 -0.138929677627109 0.146199167055387
0.419642634033499 -0.137522298879159 -0.657599098789723 -0.0728003579208147
0.233069606118381 -0.350450127199655 -0.349867396630446 0.276052395022756
-0.0595787357986919 -0.352299645334728 -0.0780530445328769 0.128160265992123
-0.259934954130023 -0.131304780163291 -0.0806657209202714 -0.0223603170687271
-0.268956487232115 0.0749852968455145 -0.254528098835718 0.0868151789174866
-0.177633315314839 0.207506798910427 -0.163521362189893 0.308041783079227
-0.062497213941577 0.245792113104202 -0.0115646395236887 0.348166107439836
-0.032440402090438 0.231742536373913 0.0347299444029764 0.33336915712626
-0.0608346393560302 0.223959336205951 0.00115607167697649 0.342175825696216
-0.145961972112104 0.213047517357646 -0.103633157311901 0.306860647549866
-0.239581897917606 0.0886627096043059 -0.231559749956704 0.166492134763849
-0.203811737942623 -0.0681198616774201 -0.215934975166164 -0.024010962532353
-0.0920481524877029 -0.222365319828783 -0.0975573107199893 -0.0517001618583619
0.141749993331279 -0.290420996054144 -0.0267015609459015 0.0384139939559122
0.327521361065825 -0.193266717459201 -0.273943344340921 0.181825998859241
0.175444558963847 -0.106864505719733 -0.777419353247775 -0.00275680011060813
0.0633916623602043 -0.176983020010339 -0.409883366608464 0.321581570970235
-0.0560246180418421 -0.116414137224504 -0.0928585046485858 0.171112551015695
-0.0757221797381354 -0.0339819545803376 -0.0919595522038387 -0.00639435453479347
-0.0832023088411235 0.0114498454752326 -0.2731923263163 0.0963781084714042
-0.0783493066687289 0.0584525263716875 -0.198242187379841 0.340668633242116
-0.0535951701523845 0.089457699048073 -0.0380997534433624 0.411619817679936
-0.0524892792298203 0.0869373571895115 0.0186752245042355 0.394306254931087
-0.0603794882367286 0.0871724044684336 -0.0215198327695536 0.382717971379943
-0.0722420353365619 0.0609478132698176 -0.128288000783265 0.320028333449579
-0.0851900037157214 -0.00250766498032142 -0.234574951031014 0.161425362603925
-0.0376312906229812 -0.0310058686279978 -0.184561074647037 -0.0363952141729782
-0.0332776837239947 -0.0342475929130267 -0.0834206632562137 -0.0185005251542228
0.0103368447449005 -0.118981949975782 -0.0576419313834187 0.0621478494230576
0.0999468921731363 -0.12979786136507 -0.342993765001923 0.194168648549651
0.0774773007217433 0.0581783594113354 0.44957178639469 -0.231194915243102
0.110588628993768 -0.0241394414858433 0.0808361182094372 -0.169486182968033
0.0284471885238055 -0.106677148363003 0.0409016102655755 -0.00323571185847776
-0.0905936611178517 -0.0337189961673556 0.134200704848728 0.0704451814516443
-0.0812424363587686 0.0534460825163204 0.260954839057081 -0.0994536806545391
-0.00955916128687144 0.0824954223190781 0.193175268871143 -0.319424277833967
0.0456723917685122 0.0658507120007801 0.0704307769418386 -0.407371991143392
0.0657602744196138 0.0703055301571335 0.00638955315925304 -0.421340703958965
0.0492605858174578 0.0803952607075462 0.0346263578399608 -0.417683615987851
-0.0311096853416369 0.120659459585556 0.144936235820354 -0.345894506905904
-0.112787412737169 0.079664208149527 0.227314362842942 -0.172923626078065
-0.131594458307901 -0.0568181087424464 0.123323721908095 -0.0432838916476823
0.0176004491859705 -0.16801995233221 0.142465454490408 -0.199719573458429
0.156715249822524 -0.0407467312145453 0.383938401907523 -0.25779430668278
0.129376852099774 0.0675177224485969 0.791389265354802 -0.0432632758457044
0.287896680696053 0.00763198461777602 0.390795315961756 -0.247806132923767
0.218607556277086 -0.140182090867064 0.0874856517328646 -0.142592308421889
0.0290210528306249 -0.237978947871406 0.0367527792439422 -0.0307968875935715
-0.193113883232579 -0.0969230507749632 0.105431767843638 0.0500737367140372
-0.219014906620489 0.090844382949695 0.215556682000732 -0.068079367362941
-0.105919889924759 0.201371089398287 0.188626641470144 -0.252828068326186
0.020191989796541 0.21428165538837 0.0886679676172404 -0.348137498992763
0.0652478816472822 0.229934936944874 0.0254090233507971 -0.358161495001488
0.0294444230363575 0.245857886571323 0.0362008105339419 -0.337417807570835
-0.129936448183225 0.295653118464497 0.103852687765587 -0.276750551783196
-0.311429854990848 0.166397272294083 0.147891217943361 -0.154626622419146
-0.341479694918882 -0.130055146120401 0.0550287337755987 -0.0676936956423691
-0.0528868865325888 -0.429640682962324 0.115110133977119 -0.240560543321774
0.331505834767709 -0.294595860576251 0.36803604446477 -0.264908324388219
0.429834610553524 -0.0438839898654428 0.70821662925892 -0.040800668904199
0.478309622474493 -0.0405831087659962 0.255701234013158 -0.254129210709113
0.321456467281189 -0.266022797070296 0.0596533992078023 -0.0905444029188299
0.0220864047058372 -0.377314415314253 0.0361328425141839 -0.0340190178016264
-0.298060645516489 -0.162839031776124 0.0886778867973625 0.0223111532936396
-0.349963539533041 0.122525280129163 0.146418855417669 -0.0447169902140471
-0.198849922597941 0.303328320918947 0.150625804976571 -0.15933447700097
-0.0118541413822388 0.338625166226463 0.0917309406230834 -0.239550177224274
0.0562437578659241 0.354088982811562 0.0425671524905041 -0.241348410847629
0.0104271739337204 0.370747450506467 0.0353238518514293 -0.204888504937345
-0.201145194164062 0.431553095861135 0.0520878096990225 -0.15660024186207
-0.459520350417476 0.247382168316599 0.0442012592334226 -0.100123442285531
-0.514087678288655 -0.158083786694038 -0.0346363177622527 -0.0747249215016921
-0.150121964816408 -0.61747283518671 0.0551575509528097 -0.253061049440602
0.428939985637534 -0.517458871982972 0.302541976886722 -0.244529623240538
0.651058191702353 -0.162128013709485 0.535484672216994 -0.0152582415165649
0.622577361393154 -0.0914601342590701 0.0482996447777986 -0.244292054251936
0.403367190928883 -0.394739324991015 -0.0152940815856458 -0.00881340067291875
-0.00380819468964316 -0.514857384938513 0.0234069680048554 -0.00654040412569936
-0.402206462639284 -0.218627506003535 0.0658882530658363 -0.00146151672701692
-0.45201515561519 0.148304244744244 0.0489726449942059 -0.0177055011827678
-0.268110443260518 0.375857145540792 0.0823280736237279 -0.0393270307463848
-0.0407933212598282 0.41868127120465 0.0785724993731891 -0.0919460355428849
0.0396900987827938 0.422165450953763 0.0529340723418615 -0.0873075616280664
-0.00895133460855681 0.434014478443099 0.0332813879114272 -0.0409866099663025
-0.236069682154806 0.498646442332875 0.000878556570238483 -0.00537967205905385
-0.527452522165972 0.296640395673374 -0.0634046242237543 -0.0133652102977427
-0.597928817362496 -0.145307068877313 -0.128189727543234 -0.0589223005630591
-0.230445832829466 -0.686268035189797 -0.0162812121310476 -0.225873258445526
0.436712414568939 -0.644846081616473 0.205165103879893 -0.183246920625103
0.747856513756873 -0.25053023688741 0.303255771935745 0.0320220750720058
0.680001730220271 -0.129406491186621 -0.211217667246109 -0.209802533463743
0.430671235159512 -0.482416765513723 -0.132043109270583 0.0999346537148063
-0.0344291268617731 -0.591485551932206 -0.00603504943645847 0.0410388240229636
-0.458796427755491 -0.244031794409387 0.020541050542712 -0.0182031137309822
-0.492465165261706 0.157241206588836 -0.0707661414470173 0.0216993708426408
-0.294295088345354 0.393964986738649 -0.0075776716484902 0.100461151420081
-0.0593119237524304 0.438572542072636 0.0522691386248251 0.0768803396772698
0.016749109275373 0.42601582211008 0.0551588617632949 0.0807050955061471
-0.032190723869511 0.428375423995119 0.0296251833912176 0.12530170036235
-0.238529072369023 0.477646549172582 -0.0416541874381078 0.145808881606317
-0.504619103755501 0.282380923632845 -0.155673261433882 0.0817562321147567
-0.558768606828342 -0.11991488824279 -0.201753027509572 -0.0334351420105208
-0.243942990710278 -0.618969227672365 -0.0748727124123093 -0.168489561943334
0.378605117886104 -0.634153842311644 0.103932488347367 -0.0963913098330656
0.710158877119821 -0.285617694257997 0.0617841479717995 0.0953342201988144
0.620358795048974 -0.148747975865277 -0.478211281631589 -0.151641344743967
0.38023617124673 -0.478436915592687 -0.261560492004984 0.20938852284321
-0.0555751429177678 -0.547580944499731 -0.0459658706441041 0.0926291213504405
-0.417168392153705 -0.216062793803355 -0.0383436484191811 -0.0277083448290557
-0.434657723134857 0.133312110108621 -0.190409113516916 0.0645480231653402
-0.266731887150399 0.339993390454823 -0.0996630124353695 0.233549253526903
-0.0692678497772668 0.382345249554793 0.018786900456427 0.240525253276548
-0.00914808873864735 0.363029725117644 0.0496463380243273 0.23563612690976
-0.0516291838129815 0.357540533339877 0.019537985896535 0.267052700042767
-0.209865321778008 0.377014344745543 -0.0766130415822909 0.262308965016248
-0.402820677592621 0.204839703924869 -0.216459680999402 0.152519193802659
-0.409099069716487 -0.0975097470727127 -0.236473458992565 -0.0185554609114726
-0.183650231784349 -0.446970401792842 -0.101815503041403 -0.106163255705766
0.275570683898907 -0.501159246826656 0.0233263457903918 -0.0148698940270108
0.562619024878863 -0.263711929972802 -0.14618968679726 0.152830094012315
0.446938689209042 -0.144260066928875 -0.699599947519454 -0.0805429905062269
0.250281527607981 -0.370164854950319 -0.372014357126077 0.291856632386636
-0.0633257472929203 -0.373572364973232 -0.081481282148897 0.13898431940019
-0.275549688260056 -0.139467021017143 -0.085755259472899 -0.0249067608023303
-0.285395298298064 0.0799058153012929 -0.270770829739787 0.0948283746014087
-0.190559436835702 0.221736197944731 -0.171897360346006 0.3283417424596
-0.0672519102899407 0.261144264827376 -0.0147869201012077 0.367570416212846
-0.0360910196585872 0.245255566993797 0.0366915695304585 0.354029371644122
-0.0650575393345773 0.239095730593895 0.00255800787187134 0.363698255278797
-0.154640844684136 0.225923775805215 -0.107596231279302 0.326501393152378
-0.254469087495662 0.0952098860823943 -0.246575871656476 0.179395855802199
-0.214877432686449 -0.0732912161751528 -0.229879859189987 -0.0240347134286976
-0.0955362743631308 -0.234490025792113 -0.100064866795922 -0.0557590763056642
0.149354568922294 -0.308179926284987 -0.0293473647398161 0.0387882210846725
0.346842466360948 -0.204474044585979 -0.290298036929773 0.190282591634026
0.187892607155439 -0.111977641704552 -0.82806844655402 -0.00539012673664332
0.0679918474399951 -0.186870107693446 -0.43640549105987 0.340058986240123
-0.0590920176279293 -0.122832626014043 -0.0982035156275079 0.184489063378085
-0.0799075622385301 -0.0369801451829874 -0.0972938557518683 -0.00661730140697781
-0.0882629583088367 0.0123012367290316 -0.289836653551303 0.104200585027477
-0.0842342873413705 0.062591389079321 -0.210979450419457 0.363889346018777
-0.0583331911462651 0.0959672067472096 -0.0421252042596164 0.435755933968361
-0.0571154038407808 0.0932997658129977 0.0179733127278467 0.418518148576675
-0.0637957490268857 0.0928230839835343 -0.0225989150218568 0.406212951321238
-0.0765092076665901 0.0632539171724505 -0.135167657745953 0.339244624763924
-0.0916226947297112 -0.00220580724556387 -0.247546230760382 0.173063538305206
-0.0385644404729909 -0.0335545665317001 -0.195949106574583 -0.0370633574569149
-0.0340197166875113 -0.0344888511532122 -0.0855050157863369 -0.019580329785287
0.00923895573727833 -0.125519123864122 -0.062812767551945 0.0638144804853857
0.106263249697326 -0.135677235333449 -0.363365787859608 0.202497613845075
0.0920428107179703 0.0546630878405531 0.433736131579899 -0.328861468161687
0.115194003587741 -0.0412671393957797 0.0567892151937904 -0.189153267395158
0.012226880685424 -0.119477172996276 0.0440744277226917 -0.00535089875005722
-0.102389556138692 -0.0212293209335521 0.159755460955207 0.0490241531345111
-0.0770303122900467 0.0730097930998215 0.260682658970491 -0.158260224608568
0.0037736020225746 0.0905873303900713 0.148644693069038 -0.377887921369219
0.0594771125575891 0.0627864557560066 0.00210697500882807 -0.452887088453387
0.0833240857030391 0.0635821544499789 -0.0618288661100213 -0.445323647267035
0.0667884332973002 0.0757000848668747 -0.0305310916950447 -0.448669509683751
-0.00944012064328382 0.134374488436631 0.0974183836767476 -0.389191257743221
-0.102911548207334 0.105888178870649 0.214743166846737 -0.220595077080469
-0.148043509224936 -0.0387405020095454 0.125464891715986 -0.0649069409916107
-0.0107642488375213 -0.178598711025497 0.114203052742577 -0.235877114533239
0.154815408129071 -0.0660281627838051 0.364681756395115 -0.338161364044363
0.141314436697848 0.0462717031775061 0.840552765467782 -0.167589794224497
0.308856924921966 -0.0372982438288045 0.357111949436246 -0.317557789172296
0.212812353267234 -0.180500593413226 0.0683492679785056 -0.154866216964204
-0.00748083263865575 -0.257684954052602 0.03979173071712 -0.0265610791954462
-0.218398959686997 -0.0736472071797624 0.130371787094912 0.0350186463817604
-0.215382499327064 0.132930265151994 0.224903625043053 -0.1169458888145
-0.0793887948798032 0.23154274533967 0.16034033252722 -0.312220763622075
0.0544635256806311 0.223762506085979 0.0349563841890421 -0.395515119742414
0.107420420368428 0.231976422869698 -0.0312440525320534 -0.382113551199392
0.0724870309023072 0.253389083802374 -0.0136722950215518 -0.364681838721849
-0.0850259080117946 0.333624435540193 0.068096989862705 -0.306945759152179
-0.295979554800452 0.227587548759037 0.134700451645448 -0.18676896199182
-0.379079244433859 -0.0837763697141912 0.0521855376754886 -0.0758747702890651
-0.126653599306774 -0.441582102320089 0.0749487989263483 -0.270548381834808
0.298830914480116 -0.360037756390257 0.341195524760935 -0.347081994923476
0.436944710283483 -0.11743412370914 0.751110562996035 -0.152600385104461
0.506117057675971 -0.127318022295043 0.20287456987415 -0.285140622560672
0.303302431851745 -0.331855939717031 0.0474572840569959 -0.0882475234798597
-0.0371041029097195 -0.404347805114291 0.0435852121727782 -0.0208462076752624
-0.338326632395793 -0.128634760306123 0.112022209331078 0.0115073292589495
-0.348449968801596 0.184986557432872 0.162371898299321 -0.0818937772124859
-0.161493811405324 0.354211141172505 0.14049667591906 -0.212127613342492
0.0392016027741913 0.360803477426701 0.0588398431370717 -0.283185964670466
0.116353313270363 0.364174956565673 0.00466212690000406 -0.263043642248842
0.0723121336808903 0.38812661072285 0.00840322446366847 -0.223819888622434
-0.137344957728967 0.485423851794165 0.035342782479715 -0.17004510916556
-0.437687990291052 0.337163909751293 0.0356570063197795 -0.111053938567226
-0.562950648567211 -0.0878797794903369 -0.0419772284995651 -0.0649792701542858
-0.261360544707715 -0.622330732996179 0.00899674360373415 -0.270154884209938
0.363649698021477 -0.608161082372387 0.269169728442957 -0.317244908188552
0.649374420516864 -0.275386083827279 0.572391742145022 -0.102792745221845
0.652367473971969 -0.207925907656105 -0.0234751117156087 -0.225577270391571
0.369706303365474 -0.483257103703126 -0.0181597297381615 0.0188322807810306
-0.0848544462592742 -0.545224848672555 0.0413297264739414 0.0177806509526003
-0.456661711669628 -0.171389998941626 0.0886984728182221 -0.00732459540093361
-0.4532760588353 0.226993788124228 0.0701788936895041 -0.0363043483555336
-0.223812609760443 0.440952702432367 0.0917820805953302 -0.0757946300355394
0.019903263455596 0.450478524910048 0.0727195414843084 -0.123829796199366
0.107409243989998 0.439845039905971 0.0408743266862238 -0.102890188756028
0.0606212211644602 0.45889834688306 0.0336762334931897 -0.0498724513632309
-0.165292784384233 0.561074197157969 0.00736095764763238 -0.00181505452827998
-0.500367409589176 0.399451717093728 -0.0635205864361064 -0.000944080845408042
-0.64649797887314 -0.0627569965532523 -0.137407824321477 -0.0312391834854407
-0.35581516752104 -0.677881845592243 -0.0626505281518259 -0.228442103231344
0.353009434823165 -0.742213801361691 0.172426951212162 -0.237338244945382
0.736966938662004 -0.382249272054952 0.333963852936273 -0.0177822685391254
0.710226757422598 -0.262794307673252 -0.296908755801415 -0.136384482307682
0.38755687988666 -0.583115583838187 -0.123074181615358 0.15882921600509
-0.131117057711487 -0.62350658371579 0.022437125242304 0.078800353494659
-0.519850799066309 -0.189729938207444 0.0415995332915383 -0.0159749006169848
-0.493334940161812 0.239528289681702 -0.0472896075927912 0.0266997513563893
-0.250732712241652 0.464545181491926 0.0222077692460837 0.0870838461624804
0.00159574200311327 0.472647378293985 0.0757548401660716 0.0624123776930476
0.0837341754865656 0.446870930909125 0.0710199985101749 0.0726359481438408
0.0349160712345289 0.455189281730156 0.0563799705738264 0.127334744586511
-0.172460443754726 0.539093160486492 -0.0127187929312473 0.165075647616727
-0.480224315254926 0.380709030680968 -0.14480100280149 0.116580018369302
-0.600479560065904 -0.0432083675432123 -0.211819805279186 0.00773946043331611
-0.357729881978563 -0.605190642560217 -0.112700821410015 -0.158275274216548
0.292872825875856 -0.722373426106318 0.0786327447817503 -0.127612564384533
0.695255533698263 -0.411334890632993 0.0851260817736287 0.0870812494358751
0.644669323123289 -0.274918590117365 -0.568797548961524 -0.0286333647701065
0.3334234060245 -0.572884124900278 -0.242759939998351 0.296732247860167
-0.147471116360988 -0.574026206608892 -0.01047412650931 0.138027078245908
-0.472754514583721 -0.167823789898511 -0.0246416397353075 -0.0151313987328002
-0.437181545977123 0.203703862831231 -0.167354340135964 0.0961949534616672
-0.230478866155439 0.402677536524627 -0.053203523939834 0.247839594044562
-0.0161578622135984 0.414892048348283 0.0689389951436556 0.244825403035092
0.0443859552001184 0.384247763467747 0.0899287372116677 0.236818056523448
0.00133399064383555 0.384760408645625 0.0686055458593971 0.279724785745519
-0.160020505104079 0.427850475356887 -0.0316501342431372 0.29319934912893
-0.387688039768214 0.279682292846838 -0.199782212023323 0.200779141253858
-0.441045958426336 -0.0417384745305042 -0.249015953595054 0.0272972825848829
-0.264727393502803 -0.434559998639187 -0.128283898050539 -0.0890350408930627
0.207448044611619 -0.565906314622033 0.00947428401562671 -0.0264581820688357
0.544112041888554 -0.362875549162819 -0.127900238023822 0.181599557555823
0.462068127684033 -0.24072110303876 -0.783731716015017 0.0746223159203883
0.21038788064707 -0.439353434575768 -0.346733975700344 0.397370039468642
-0.126056868099022 -0.388384204318167 -0.0461860831570676 0.184180961756914
-0.311165618933279 -0.109075815584582 -0.0810609490398 -0.0057750778150833
-0.289383264680879 0.123712124562295 -0.25438587359193 0.146329259590041
-0.16697460892017 0.263144444718157 -0.117501231954593 0.366998832362511
-0.0336649478291279 0.286610904621918 0.0542875939522668 0.391532049718274
-0.00308817278157478 0.265651373312387 0.0959216532758682 0.364703947800393
-0.0320769542467747 0.261630245350802 0.0645670313953675 0.385637006175113
-0.127775684040863 0.258987708266563 -0.0558656071025875 0.364777153776798
-0.251772248329109 0.139213930023162 -0.228296735954872 0.234319938387248
-0.233731246419698 -0.0457980715778301 -0.245737010527267 0.0178609090165202
-0.137044734932207 -0.226961345541529 -0.115424225204848 -0.0394465548424363
0.104008493425885 -0.344266940389433 -0.0333264026995169 0.0410402052073955
0.329607938549948 -0.266403027567435 -0.277268195067144 0.244704496694609
0.188138278650459 -0.161171691394076 -0.89597148601363 0.16081080594172
0.0433315726803316 -0.215275934851118 -0.40874452727816 0.449945156149725
-0.0825958436139271 -0.121896344790299 -0.0642568065969773 0.221662686714426
-0.0894590437987855 -0.029686595719836 -0.0990658690670569 0.0129952937006473
-0.0918179655297349 0.021816897292654 -0.282055901684974 0.163567281528312
-0.0808121784042529 0.0787692007763199 -0.155824914777498 0.419177814763
-0.0493437099093499 0.110708740071584 0.0360191208592813 0.472508281589354
-0.0499809997134208 0.108102430903223 0.0860361469335073 0.435628773673777
-0.0541898421180378 0.108000276371651 0.0435318564023216 0.434589588717633
-0.0722867396923911 0.0757336047014043 -0.0840435989337444 0.381940894926686
-0.0974007919892465 0.0102331334610531 -0.232380975746843 0.225552988214476
-0.043854563856189 -0.0300205690724806 -0.21473562836668 -0.00489062889954825
-0.0390405706125984 -0.0295206986188045 -0.0918007699149893 -0.0062960568924287
-0.0114570857359758 -0.131386545174019 -0.0612061932093011 0.0757547816141815
0.0905410880312611 -0.155971926344252 -0.354896612448694 0.270522320084032
0.09842359488765 0.0490667329289719 0.41810418071754 -0.38050827470165
0.114191515873245 -0.052379759743011 0.0449276644325229 -0.199979573458535
0.000456069279618154 -0.124884303622156 0.0451286032560449 -0.0108546123065246
-0.107724307902468 -0.012230082695917 0.169771853781296 0.0340851762661996
-0.0725966643504046 0.0839281058334002 0.251862584351536 -0.188658634221819
0.0128421787291743 0.091133175648647 0.117211220025923 -0.404096185021564
0.067370894989516 0.0574328618879375 -0.0378430404314915 -0.467452528809606
0.091797718395469 0.0571356863930581 -0.102622439094726 -0.45444531127856
0.0745414505080249 0.0722883856774039 -0.0707352876564047 -0.45954339958747
0.00448915337461568 0.140775149721849 0.064041569583868 -0.408149672768197
-0.0946287685986366 0.119347393390761 0.199125290749594 -0.245606958028522
-0.156151719815727 -0.0253874898819405 0.123343095028378 -0.0788018116085907
-0.0284788137100556 -0.183919634461279 0.0936651289974726 -0.254608889062767
0.153876277092831 -0.0822802373898502 0.348883604596546 -0.378253258339678
0.149177679655685 0.0348813323658803 0.850638031397461 -0.247756375208651
0.312383492893543 -0.0664047656154347 0.34141675767324 -0.362083029044164
0.202419461510858 -0.204539131607645 0.0617637534001895 -0.166695484754594
-0.0311294969639261 -0.264658754138567 0.0386421722582376 -0.0318396864995684
-0.231157329315619 -0.056577154334523 0.136937038313434 0.0220118454533349
-0.209358126925715 0.158599384376556 0.219122780623245 -0.141029855467922
-0.0599486916316229 0.245365794582721 0.135169384752895 -0.337248148544159
0.0773380084660554 0.22492313345477 -0.000439929380193322 -0.410667201657812
0.13112323845494 0.227556268704824 -0.0653645183188241 -0.391842882730647
0.0971683104334652 0.254856266924179 -0.0451259211429246 -0.37451265678845
-0.0551830681448833 0.352626961127409 0.0430976076288029 -0.319284041492416
-0.282212768423652 0.263763021414483 0.118726061767606 -0.201494704417971
-0.397803257365682 -0.0521946412330674 0.046423199578972 -0.0825710205415026
-0.172198228011321 -0.443238897278838 0.0514317545693978 -0.287931143981321
0.27388657969998 -0.398474429223172 0.323469797095206 -0.387004259693322
0.439948438557899 -0.1609338477175 0.764279247106596 -0.22847977872475
0.507550007308961 -0.176245928878355 0.186400211175563 -0.315147121787659
0.282263721442038 -0.366814420769267 0.04779859195801 -0.0969341620447465
-0.0747280687789457 -0.411304791739008 0.0435621183259342 -0.025728509102432
-0.358611750184794 -0.101459625325793 0.115378650121864 -0.000509586731847984
-0.340816904350107 0.224086774936967 0.15860652100778 -0.097984863981913
-0.134000337752765 0.379600474090593 0.125124233380155 -0.231894407720197
0.0737933378688313 0.36650001330138 0.034039130666406 -0.295679146936193
0.152269212446724 0.362974269983035 -0.0168156113692895 -0.271299805049915
0.108683505884943 0.393547641853425 -0.0086680830810926 -0.231312320714945
-0.0954753783942774 0.513026032220943 0.0227246420425271 -0.175533727816919
-0.41723784932717 0.389369057538455 0.0237470538450224 -0.112225586330404
-0.585812963973843 -0.0389372759406931 -0.0486329784962047 -0.0620831233244657
-0.324163294665147 -0.615557831892038 -0.0158458136818916 -0.282749702946321
0.31694077915362 -0.660274197973699 0.252804532578653 -0.350970590153006
0.643756359564341 -0.342212620485381 0.583187788228918 -0.160836292584665
0.650561664062317 -0.275084689850748 -0.0415965774692393 -0.232384788996376
0.335767740475127 -0.528995712101942 -0.00971943695679416 0.0194340823926276
-0.135465704571176 -0.552191641476331 0.0462019820775592 0.0151126853122046
-0.483137488502256 -0.135663852103304 0.0901615848779558 -0.0184618663746945
-0.444750369640413 0.277281152775894 0.0686434297960697 -0.0420641350367887
-0.188014195525465 0.476909900400372 0.0884566696042957 -0.0866661655533723
0.0641541331465769 0.461379275354356 0.0619314464021051 -0.133085913453576
0.151010772224429 0.440282879841436 0.0339636246695266 -0.110087117120792
0.102274378683939 0.467744431487583 0.0337464057809639 -0.0544336115371734
-0.116675708756905 0.594992394884228 0.0108728660683286 0.000169014037468175
-0.478289972231251 0.46122556413136 -0.0684016428997679 0.0116956970652767
-0.671366225476751 -0.00598254921326767 -0.14376026853798 -0.018290932919253
-0.428276251386405 -0.664710536047615 -0.0848897548346755 -0.232246343199674
0.293268888727427 -0.797732617645205 0.158976770359806 -0.262483399864311
0.72385953866578 -0.460866342404716 0.344969005054421 -0.0521001832434872
0.70529639116019 -0.335548315984207 -0.314991870736478 -0.114971978503928
0.345882937805947 -0.634087637233048 -0.106955045099332 0.172996818100321
-0.189130042634053 -0.628161515254526 0.0336800974399906 0.0799990595676918
-0.550599440337298 -0.149756354437542 0.0405216738821526 -0.0225120813099486
-0.485777678930273 0.294148580395178 -0.0454455595293109 0.034752748757001
-0.212196716714147 0.504518426708731 0.0324917852874952 0.0880444569404622
0.0465418309387709 0.48633277597274 0.0809786027163956 0.0581028964783201
0.12493298477337 0.451193822569205 0.0806985820377679 0.0682963691096912
0.0770999061325808 0.467946601931694 0.0735719007554005 0.126133976257348
-0.125960118698367 0.570499835981024 0.0062266118460492 0.172742197160572
-0.457769360917287 0.437553693751948 -0.140548002583478 0.139934502809821
-0.620858646113235 0.0112394579890941 -0.217048160135584 0.029756400756986
-0.42195906581879 -0.587854832958486 -0.128336470722076 -0.155033775938119
0.231021643500146 -0.770194581864954 0.0713017616928866 -0.140540669521679
0.678231575982514 -0.48838368435552 0.097115955256821 0.0785609812959665
0.639545067363496 -0.342834742917559 -0.586703494901985 0.0217088880372047
0.290664444872495 -0.619474303345479 -0.218756427395759 0.327197725452033
-0.202015978587821 -0.574372579827978 0.00574844600582603 0.145822721241712
-0.501982589108321 -0.131645253125592 -0.0265922118113975 -0.014997040299695
-0.431272509208204 0.251030066346335 -0.162247376367913 0.116719852707589
-0.198570456964971 0.43770332341166 -0.0292237570076499 0.260989919728668
0.0223252549334616 0.429494352488578 0.0906803351316332 0.246804499986397
0.0792794529696394 0.391137955098963 0.114759368153541 0.235474346665414
0.0359946618318053 0.396863571735786 0.099063522902706 0.281010156153425
-0.123673049724891 0.454056578551698 -0.00235927581707083 0.30570201358685
-0.372501952167603 0.326083701516661 -0.187830033896862 0.231234608424932
-0.455875368066046 -0.00311702675014444 -0.252694758309341 0.0536251981421534
-0.310534636948014 -0.421882142181152 -0.138059127643128 -0.082473197602604
0.157590612000642 -0.600846427007471 0.00783019207606706 -0.0304899703710045
0.527334094178448 -0.423571551086962 -0.113754071872592 0.195359323039233
0.451861020632558 -0.290784667206238 -0.800164124673591 0.147625843502998
0.176925598392878 -0.470288728796078 -0.320063684484029 0.440146439041286
-0.164179530221342 -0.385329124754054 -0.0271997818559988 0.196854131284559
-0.330282251311265 -0.0846665494282807 -0.0835990438434408 0.000507258640389157
-0.2864613453166 0.1539386521585 -0.246739078602582 0.1769098871332
-0.148101644653649 0.289521901483838 -0.083781977449441 0.389912670546372
-0.00783675420350627 0.29994266091715 0.090090255477092 0.398081589170458
0.0191740858264934 0.274552778827095 0.131553662273346 0.366746456035006
-0.0087925380811291 0.272535297285265 0.103596742613326 0.390104521807601
-0.107377951484209 0.278854122204915 -0.0203023933091622 0.380898465588298
-0.245610683994841 0.168884376221799 -0.212521997319827 0.265421928381458
-0.243738282133274 -0.0263150740147324 -0.250957862372123 0.0433726047524584
-0.159549260037656 -0.218516800353789 -0.119693522318473 -0.0318803541080572
0.0734860030544262 -0.36253523310273 -0.0317959615278841 0.0430529822586548
0.315980903310648 -0.303743436362737 -0.261858756952869 0.273967234006544
0.180717228960538 -0.182567293584355 -0.907338948185055 0.245429247641317
0.0265970023610461 -0.224723712246993 -0.383144479513068 0.501083027726604
-0.0944862903480465 -0.116851972765058 -0.0434346210299856 0.236373084527508
-0.0954718884471411 -0.0231232522955854 -0.0992836343625168 0.0215201381875376
-0.0930043809834555 0.0304228669557339 -0.275292803084849 0.196094853593109
-0.0760194739150162 0.0902778379089573 -0.120365581641331 0.447920517421898
-0.041223117560303 0.120416670149257 0.0783465683233491 0.483100338133874
-0.0430927736015466 0.117256896221369 0.128478745886261 0.442816424352363
-0.0455121917952196 0.116107245844128 0.0844145526228852 0.444239697303136
-0.0683173749036275 0.0835926431309443 -0.0495890708474861 0.400396875393933
-0.0999736993526733 0.0210854324442963 -0.216672111538057 0.255546937734921
-0.0477450165914353 -0.0279719271184171 -0.22163433921395 0.0168458387478678
-0.040208620274731 -0.025107429347626 -0.0920620335311083 0.00101189446170559
-0.0257071462839244 -0.13217254002234 -0.0576651067941816 0.0809666447055848
0.0792570213496525 -0.167126304443529 -0.339484823299315 0.309429179892708
0.0997412905316215 0.0411281281329159 0.377565953964046 -0.409316803410467
0.107200679707521 -0.0602904658605462 0.0311096344146286 -0.200774004561295
-0.0112314471059825 -0.12365955684044 0.0424884546206264 -0.0156432708587756
-0.106310254814653 -0.00331690785433648 0.169323591861466 0.016532368760626
-0.0635354361848238 0.0896735497187682 0.228842414501064 -0.207096752110015
0.0196218061481623 0.0868908079608888 0.0786003456771182 -0.406586864813759
0.0709083564450253 0.0498987378105329 -0.0754004950047319 -0.456020524284676
0.0943544150968366 0.0473357142246444 -0.137639105543785 -0.437610674708686
0.0790624910277676 0.0650412784023702 -0.106671426696961 -0.443936884414208
0.0182479684787207 0.138474685813335 0.0286679218154092 -0.402709895959364
-0.0809377913405891 0.125185144690626 0.17310795277034 -0.256007090739535
-0.154821727943364 -0.0115573542558004 0.112988659997252 -0.0883059166813774
-0.0445991337333764 -0.176525646066436 0.0680599243468246 -0.257836329928496
0.144524513594316 -0.0935531665581832 0.312284210453719 -0.398317971114546
0.147927573787781 0.0208983927306903 0.812912977985391 -0.312740846689616
0.298322431663034 -0.0897629658896483 0.304053172729993 -0.385580748182846
0.180572163783634 -0.215993321420883 0.0516469720088285 -0.169848154900559
-0.0530482344331037 -0.256072332525304 0.0351710964436439 -0.0349970821770487
-0.229783854322454 -0.0365239740818957 0.135393194740882 0.00810168807040528
-0.191559285379722 0.17465312743779 0.200543684785342 -0.157339865475322
-0.0375620873879697 0.244959897837019 0.102141920641328 -0.342917665251124
0.0953437222470876 0.212095782381306 -0.0349983810625263 -0.402341476060095
0.146869243793541 0.210254781493766 -0.0949185123107703 -0.379454754648365
0.115767114468197 0.242147171768324 -0.0733631703282863 -0.362615080379287
-0.0215596630782434 0.350820987533321 0.0165653091933743 -0.314121922709087
-0.251630636910815 0.283279205147254 0.0980313725920137 -0.203844877534921
-0.393631434008692 -0.0185032094635332 0.0387192141263366 -0.0849765538789372
-0.20669729342284 -0.418192456560614 0.0246702950818604 -0.288443146278118
0.233800102620708 -0.412303701053265 0.287955603585324 -0.403344207803652
0.416845870365771 -0.194332562946737 0.729604898522164 -0.290663816667265
0.477494829791719 -0.214005850828721 0.157182092737049 -0.326651525459308
0.245018622993339 -0.380990684096727 0.0445243696425084 -0.101049696898847
-0.106405686015845 -0.394701129033939 0.041921981494253 -0.0295615625984374
-0.357582201273397 -0.0702666016447666 0.112666390225816 -0.0129705315288764
-0.31425690699131 0.249188187335834 0.14573369255174 -0.108086111478518
-0.0972962322943148 0.383590209118284 0.102506669623876 -0.238558813263869
0.104155815331477 0.351732809214137 0.00903829580749037 -0.291487368756635
0.178276309446055 0.34102323345327 -0.0377053707440572 -0.265309326697461
0.139491795395734 0.377421678853037 -0.0252000261764618 -0.225925518705377
-0.0479731288150522 0.512161825937683 0.0105047966080929 -0.171749844601526
-0.373039967421594 0.419958374047039 0.0118461539864132 -0.10615347214292
-0.576170214752783 0.0100710086470696 -0.0524584389497246 -0.0557400588474774
-0.370082020874311 -0.573226310754763 -0.039173436239784 -0.27805553973223
0.253936891213458 -0.671229091731211 0.221506436204531 -0.365210053055177
0.602184426203166 -0.387928411124197 0.558564384877875 -0.21030574764167
0.610584126775461 -0.321515007913995 -0.056884600867657 -0.226909780706153
0.283702353437554 -0.544075073063376 -0.00153133557794774 0.0169136702594143
-0.177599719813713 -0.525488198881172 0.0492460098585239 0.0112218385339958
-0.483941828112565 -0.0934479607112019 0.0860248120465331 -0.028362576512143
-0.411156161438365 0.310744672214123 0.0641059208135346 -0.0449290439978068
-0.143124415635922 0.484204942574124 0.080209587340831 -0.0922603027320346
0.101649818407388 0.445723469703937 0.0485381972686809 -0.134462866068234
0.183985401864084 0.417392385783105 0.0254635716026346 -0.111596145915233
0.140172426415196 0.450544403568605 0.031867508727598 -0.056720490749191
-0.06180501572049 0.591508547134304 0.0146667226307147 0.0013140661057078
-0.42451525587675 0.494523225077739 -0.0671835550519775 0.0241333500317351
-0.658192971249413 0.0495096546982943 -0.140956265653403 -0.00446406490500516
-0.474189461864909 -0.61260826158355 -0.101942000417216 -0.223179738861269
0.216564762193861 -0.803232179891926 0.137007019515239 -0.271824951115281
0.670682031294591 -0.510709990620006 0.33401178769121 -0.0833651368493402
0.658344539917296 -0.386086114666493 -0.314659192971543 -0.0884500215528216
0.285294881064932 -0.647919973265719 -0.0836625199561786 0.175498734277919
-0.236462869795845 -0.59672291259473 0.0435304622196332 0.0766124978090611
-0.550642252690961 -0.100328888202211 0.0375941871919895 -0.0278172639612283
-0.450074195297674 0.330815348121151 -0.0398594970189463 0.0400898951036948
-0.163757504417204 0.513429498262942 0.0416005564887683 0.084020498379313
0.0859755407184844 0.471001011505338 0.0828363821316035 0.0511295757889756
0.159006087838489 0.429683871491162 0.0852756621753127 0.0593451569802851
0.114492408309691 0.45116814942909 0.085946284774193 0.116742215381906
-0.0721600206482517 0.570679252854931 0.0249188117118099 0.169665247106904
-0.408621978624675 0.471280163625304 -0.126026841205216 0.156402481994316
-0.606330161057625 0.0608955213012377 -0.208915122164701 0.0494464238930471
-0.461556427025012 -0.536814875093376 -0.137848696157406 -0.143582440500198
0.1574807939728 -0.771686370877585 0.0590571916694092 -0.145889856526683
0.621496679531202 -0.531405814781145 0.102586546973804 0.0640521373735976
0.593202510137891 -0.388734681408768 -0.570491382182819 0.0690774577356632
0.234586421699419 -0.628441078598847 -0.182598790296083 0.337403256210305
-0.243058594950623 -0.543824695616146 0.0222644622948627 0.143637200627545
-0.501287406285966 -0.0872908812678557 -0.0275510897498544 -0.0146006502889034
-0.401099285654738 0.283364573635211 -0.146521270118101 0.130270379271922
-0.155714226227873 0.447186543282154 -0.00327966197975145 0.258536191061953
0.0587718042636606 0.418913933645765 0.108540079281337 0.234448570537588
0.108787111930655 0.376776371110676 0.13272888121954 0.22057229039111
0.0697234966259458 0.386121364865267 0.12304555053169 0.266479991958537
-0.0815668566044015 0.456251334375696 0.0279534418989796 0.299310371981581
-0.333639137735822 0.353943778330069 -0.162909761090121 0.248055465369974
-0.445645887611162 0.0340272864472858 -0.242409371940304 0.0762059372516141
-0.334820585769506 -0.384109618155473 -0.140805731114164 -0.0714993080150808
0.0998794931697446 -0.599183569492045 0.00524952946752915 -0.0337623187253208
0.479580630797511 -0.455972016994009 -0.0940837995585581 0.196684312349519
0.418540550445174 -0.32225641526197 -0.768606260518368 0.212196631196713
0.136249020455017 -0.473755261425638 -0.275302425423416 0.4579057380932
-0.189745894562049 -0.362828574811307 -0.0065378953170173 0.196726909878617
-0.330971890718079 -0.0557309635664731 -0.0809693811853029 0.00639001242596153
-0.267639486768201 0.175891300317191 -0.224407573540541 0.195635221529155
-0.119003054488647 0.298040661113993 -0.0457232077045659 0.389955313329709
0.0183402881535409 0.294935557522646 0.12003193243268 0.38253061167356
0.040622593069169 0.267654435868941 0.158901128663886 0.347659269646763
0.0137078129939533 0.268224658014461 0.135958825314428 0.37289472885077
-0.0815899250975774 0.282246730752174 0.0147356943617652 0.374072550956077
-0.224565210936553 0.189037910783741 -0.183494226127123 0.282239091000348
-0.240790780265171 -0.006771080448856 -0.241180269308067 0.066038645485954
-0.170923598437336 -0.1998831130096 -0.117763406273435 -0.0229383003642113
0.0384607957153827 -0.358133602044489 -0.0283717114317497 0.0415671829103002
0.283572512134426 -0.319949934159622 -0.232748852566236 0.286925262205145
0.161021822390852 -0.194178469331809 -0.867236721968878 0.31902429978473
0.00795927612299128 -0.222368308447791 -0.334289334879057 0.525592759491211
-0.100363513703546 -0.105687171728402 -0.0197522248202689 0.237161049003077
-0.0960386574545393 -0.0157373682628784 -0.0945043442250286 0.028882607472518
-0.0891409322014098 0.0371493904658483 -0.250756759854342 0.215487758145062
-0.0663137763316986 0.0971036699183239 -0.0764308276206966 0.449373993370967
-0.029963130646106 0.123154234128691 0.115305955614496 0.46727390423023
-0.0326485268827876 0.11968267770685 0.159361801064038 0.422263301935495
-0.0358655543088196 0.117199334171959 0.121073002832187 0.427258727926051
-0.0610148104722332 0.0876554061150056 -0.0120387657857555 0.395467086413644
-0.0963104662037866 0.030074229004303 -0.188286609730783 0.270562054599429
-0.049901121451839 -0.0235535517705319 -0.215399184050099 0.037044348293112
-0.0392470578558458 -0.0206171334951339 -0.0876207747029066 0.00733230886423586
-0.0377584404706453 -0.125337727068072 -0.0510726572231949 0.0820129129695815
0.0639668342975991 -0.167469779972705 -0.305853099704236 0.329792750124596
0.0966158854483267 0.036848099723514 0.341256538384244 -0.410287618933088
0.0990064587510709 -0.0606010739815471 0.0235976443875381 -0.194939827799729
-0.0171062060542417 -0.117961833401988 0.0391080428617964 -0.0176639107277167
-0.101982789455346 0.00206779301408743 0.162710338569533 0.00619641930627682
-0.0560811950397873 0.0892947336993683 0.205889402167877 -0.208077342349592
0.0219479734972003 0.0807038526252992 0.0529938402602425 -0.392828519714228
0.0693209739732372 0.0425848834754684 -0.0922754824572851 -0.433094596927659
0.0918529575103126 0.0400091384623244 -0.149715975794023 -0.413436351427056
0.0781266692584975 0.0591528066985942 -0.120178638241758 -0.41832653330444
0.0249571893855821 0.131607117214163 0.0109078002380095 -0.384888669210869
-0.0695876148712084 0.123117974843747 0.152501775540474 -0.251462419579244
-0.147997540355713 -0.00416518733717421 0.103231230235175 -0.0894747724287403
-0.0514135113542388 -0.165834121149919 0.050733163355307 -0.249766914888758
0.134720448172875 -0.0956822298020388 0.283988106178986 -0.392563041752207
0.141084400331728 0.0137384533818829 0.76288191411497 -0.333997005821257
0.278637260766655 -0.0975390095248324 0.272076599946111 -0.383632003079084
0.162109894323971 -0.212076520477261 0.0451925952016214 -0.16712313531434
-0.0621544213831759 -0.241722795748798 0.0320402689643316 -0.0356091726645942
-0.220909743055424 -0.0251211436368232 0.129450624109254 -0.000756950127500688
-0.17415817276727 0.177197414740068 0.182441097701978 -0.158569401765883
-0.0252416123594511 0.23532132477912 0.080094470504798 -0.332354089679835
0.0998813873143125 0.196527568849788 -0.0507559216601656 -0.384032552340583
0.148677253966391 0.193196474143585 -0.105767076491378 -0.359199047599353
0.121351320314552 0.22734760205706 -0.084224674344836 -0.344409415579514
-0.00337489747439132 0.336800514116025 0.00436459551599722 -0.299974764012592
-0.225228178505276 0.282452131592386 0.0828519402957244 -0.195196902735235
-0.376383479575423 -0.000642340296569302 0.0328744208373223 -0.0831523870048177
-0.216413720820957 -0.388616359487825 0.00964139679459162 -0.278074482210379
0.205487874146883 -0.402547676374332 0.261983828595563 -0.399713555971568
0.389745651433112 -0.203657702457697 0.684169567574605 -0.311472269676126
0.442472978089448 -0.224832588704233 0.137688639553808 -0.321751654994446
0.216914120819792 -0.373278178178302 0.0430134602663006 -0.10193850334807
-0.117352573649201 -0.371204676738675 0.0397130994387662 -0.0305369843390144
-0.343361538017367 -0.0535366430201911 0.106025843843976 -0.0201781736947152
-0.287364416282068 0.254263341344198 0.133363519946049 -0.108804775809
-0.07459562299651 0.371670834305869 0.0867236350247099 -0.232635755799681
0.115323523769986 0.329404793844064 -0.00550896051813415 -0.278796792735467
0.185271128465782 0.316888109446567 -0.0463041131438221 -0.253209161695398
0.149129534208756 0.355310700543552 -0.0306228904730995 -0.215333486795707
-0.0209224501768826 0.49293264858548 0.00547409142192936 -0.16317158986435
-0.334058387090104 0.418039537440941 0.00551372021626766 -0.0964734291816511
-0.550062442484505 0.0334182218393461 -0.0522920614137321 -0.0506916107495354
-0.377084081599672 -0.529576551642632 -0.0505853179186803 -0.265745031799559
0.212229970605159 -0.649842801926366 0.199094075550987 -0.35921068437373
0.558034113217993 -0.395010097519084 0.524135023659993 -0.228564584297669
0.562052784571392 -0.3318368339756 -0.0617550254401607 -0.216280234362566
0.247741959371781 -0.529457295365934 0.00503614765758807 0.0121088604658487
-0.190359381619846 -0.493047533492379 0.0495821057081491 0.00812343827795975
-0.463481129341139 -0.0688364919375779 0.080004243470969 -0.0335417580748794
-0.376662544265195 0.316448728695843 0.059514079606076 -0.044761431816878
-0.112858484144557 0.469503293566459 0.0738729843863018 -0.0923033297456616
0.117275558471072 0.420169982500724 0.0396254372118442 -0.130208977933911
0.192021374250761 0.390743078922333 0.0210010955543329 -0.1089677114686
0.153588622886614 0.425126453989843 0.0318287920196397 -0.0566736729487359
-0.0304065441675273 0.569039772899386 0.0179583184378248 0.00154122370920647
-0.381369663444588 0.492756032508741 -0.0636054303005283 0.0340325340892966
-0.625305111454375 0.0742464037656254 -0.134645634480465 0.00339806711270284
-0.476242264371843 -0.562508252003512 -0.106948339821335 -0.211251200577891
0.170374036714243 -0.77327142099301 0.120819740935135 -0.267041222183333
0.619554040085195 -0.514832484468138 0.314093889568091 -0.0996455445921661
0.60611605912667 -0.395657635129758 -0.300955490203826 -0.0732835505029457
0.243790101466525 -0.629034922210373 -0.0669621946338508 0.167597418246037
-0.248815996355132 -0.557864425381695 0.0479963033353082 0.0715433536725025
-0.529035447862137 -0.0735817213447127 0.0348501045532075 -0.0313473502371596
-0.413624816134914 0.338556088440966 -0.0347635195194863 0.041042363624967
-0.130444718310282 0.499223092650233 0.0464413433124019 0.0778439683500767
0.104897693339771 0.445681302947219 0.0808334581196246 0.0460657087271193
0.168941520261791 0.402704078037758 0.0853957737942595 0.0524734226018969
0.129116486737994 0.427290392209385 0.0911947771260015 0.106239474499021
-0.041986594873507 0.548085769616461 0.0354712597535655 0.161500889358489
-0.364452896653826 0.471231466365797 -0.112034182257047 0.162372070551003
-0.57433799368101 0.084994244292814 -0.196034368654758 0.0581445454318771
-0.459649284745616 -0.491436536384038 -0.136830854477274 -0.134467325401467
0.113505026793485 -0.738357149537168 0.0519644290802255 -0.146128697632914
0.570022018501629 -0.533890313134648 0.100342803242239 0.0520228905937449
0.544896799010754 -0.3956817380325 -0.536671271522291 0.0886237220744989
0.196370707141245 -0.609451793191967 -0.155412488869966 0.327062738171916
-0.253283231607766 -0.508700909654294 0.0308915757681695 0.136810585814935
-0.481332043854047 -0.0627425347257936 -0.0265195640793887 -0.015015281620249
-0.369765452645046 0.290553969820733 -0.13121419175367 0.132060453214831
-0.125741744183759 0.436837689636828 0.012204637582981 0.246926196350839
0.0755869156763578 0.397042117739546 0.112976661645923 0.220446294840333
0.119209820001385 0.355050497927053 0.136314998999782 0.204485222102034
0.0825955957757956 0.366061238051247 0.132281323345669 0.247584831800152
-0.0571558023054165 0.44091671352632 0.0436424676338566 0.284900110408553
-0.30083738439622 0.355538352008809 -0.142951173802581 0.250567852723446
-0.423810709197472 0.051212978581968 -0.227106473819262 0.085653200053012
-0.333944801528283 -0.351793514665927 -0.135518943959622 -0.0647811962444992
0.0675402856415055 -0.571469893735948 0.0034259249961036 -0.0361081424427904
0.439869635484629 -0.453137672147381 -0.0809585596847506 0.187905362267333
0.382559338346152 -0.325057737312412 -0.722153419384899 0.236012044139345
0.109294462567565 -0.458933926273018 -0.239826832389277 0.448468085010125
-0.195070371388266 -0.338317837819937 0.00657170552593642 0.189322635936189
-0.318429489900904 -0.039543221506767 -0.0761471503163396 0.00825343715117106
-0.248390833554035 0.181007993267283 -0.202261147872117 0.196303655518694
-0.098590874331404 0.292129187662336 -0.0215128328286328 0.374267930837191
0.0306313875254473 0.281943886237521 0.130707926128683 0.360885166230942
0.0500606187821982 0.255361389417564 0.166643350608132 0.325241788791949
0.0242339150190513 0.255665074665186 0.148240753666725 0.349619880581057
-0.0649688087766487 0.27343197403124 0.0340381421776876 0.35555955959699
-0.205120859788195 0.192741408689864 -0.160692591535762 0.281977097598169
-0.229567023442619 0.00404768007868486 -0.227006193189995 0.0755954902378354
-0.169160792017104 -0.182511134823474 -0.111121521405765 -0.0190553447154846
0.0191021654738048 -0.340365442447781 -0.0267214489485542 0.0374866965047015
0.258566125328334 -0.315324356466612 -0.209316840349434 0.281955374621235
0.145051969524341 -0.192076535821687 -0.812723507246219 0.34157732236686
-0.0010617490582524 -0.212845433015814 -0.294793564568185 0.516052958184417
-0.0985474209822702 -0.0965225896660504 -0.00524422526172764 0.22866672791581
-0.0928133800389081 -0.0114041600297772 -0.0873906543426682 0.0311236235967225
-0.0840999646165842 0.0393403173172609 -0.226907447568939 0.216641683429061
-0.0576964310451044 0.0970494758895303 -0.0494812522855544 0.434369177949426
-0.0232974908632131 0.120158795138011 0.129373681497186 0.442111751767755
-0.0262877237364503 0.117223852174511 0.171686002944236 0.398145224324078
-0.0296146919463657 0.11331332590087 0.136088630965268 0.402968277297788
-0.055328251808437 0.0859154388628025 0.00758701272895317 0.377840382267779
-0.0905175267772215 0.0348520719235101 -0.165850285444876 0.26829952914953
-0.0490330519208997 -0.0208580954730301 -0.20369913617886 0.0468584063722743
-0.0364686978811478 -0.0184467789237573 -0.0812121512622709 0.0103633559979989
-0.0435879755889818 -0.115159378946659 -0.0481169563819975 0.0779914809067341
0.0550623471456847 -0.160510466022914 -0.276890614597717 0.326974185723924
0.093777085985333 0.0364019010165615 0.326485489709133 -0.400886729801001
0.0962801649756933 -0.0572006263682619 0.024090954991795 -0.190243083823728
-0.0185562562508905 -0.11454549107056 0.0376305328603676 -0.0177923187992032
-0.0993013747457582 0.00224211875657379 0.157656462907981 0.00276658436798813
-0.0534363110486287 0.0885167078580289 0.195314001053884 -0.203694278929883
0.0211876638066667 0.0775056149842133 0.0447651805172731 -0.382339100558515
0.0676365958942532 0.0398726798114741 -0.0922566306060332 -0.420991398833654
0.0885088010516187 0.0374649041193478 -0.146007704593069 -0.40239100782976
0.0757010724181973 0.0569793821384709 -0.118140600268408 -0.40626246509194
0.0270339051738331 0.128277898963703 0.00904855472094017 -0.372781252463388
-0.0657497250132087 0.119800592357726 0.14559429329719 -0.243278601453526
-0.143052722588829 -0.00322690133068741 0.0989407816962334 -0.0882412912152892
-0.0507355623223773 -0.160030116593385 0.045572902690923 -0.242970813414846
0.130828973036785 -0.0943443432999995 0.276949809636646 -0.3801749912779
0.135732834207213 0.0133447236479497 0.738074010034665 -0.328032682290501
0.266548053025558 -0.093067899858042 0.261974972157528 -0.3757107574487
0.156698310769127 -0.204041134434839 0.0463175648792706 -0.165592171790842
-0.0610359066787477 -0.233829442277867 0.0315710732296651 -0.0355874760516778
-0.213816286315905 -0.0241203954693201 0.124536839974745 -0.00424273472597118
-0.16667731408432 0.174424670868886 0.173906706730655 -0.154953729517998
-0.0221241384147035 0.228433257666724 0.0740176511750648 -0.324011533603782
0.0978088823145727 0.188864851915343 -0.0513577262641531 -0.3722186623858
0.144503675463533 0.186248485726186 -0.103361490206206 -0.350460893401104
0.118596648511431 0.220986386715532 -0.0808935268945711 -0.333980603573374
0.000875186235200361 0.327410924667797 0.00482230859617037 -0.289641187070661
-0.215048370063038 0.275811212192477 0.0787159694075278 -0.186318341430875
-0.365203730119448 0.000604315851901086 0.0312284132007219 -0.0807617173884218
-0.209986245324419 -0.374763048771223 0.00580013483245425 -0.271570080217219
0.198218361227649 -0.39017192009021 0.255832813033311 -0.388205065104246
0.375388773242851 -0.198273795495329 0.661622680899152 -0.306581519873721
0.422605624467209 -0.216037290477375 0.132162447901243 -0.315559524217891
0.208239929265818 -0.358579823507376 0.0453948145749522 -0.103174750949657
-0.114069246239933 -0.357332344371112 0.0400888464607031 -0.0307793882161137
-0.332799900623741 -0.051166373674676 0.10135459426208 -0.0228838686430849
-0.274700252900421 0.250287144148054 0.127914761124596 -0.106539097099828
-0.0682666856380035 0.361366109839045 0.0822805821052822 -0.22671802142513
0.113571859322538 0.317700785972013 -0.00649588214980234 -0.271276745885327
0.179827149140994 0.305843845967573 -0.0450775296604612 -0.247406111981839
0.14706073580979 0.344371474056199 -0.0273810840515323 -0.210367425952626
-0.0152647457963297 0.478092077404701 0.00833341120702215 -0.157387994846325
-0.3190285403203 0.407924189222783 0.00501286125280728 -0.0867522988332957
-0.53273399641571 0.0347499020995791 -0.0511496150487766 -0.04865922880058
-0.36700205702347 -0.511579335081228 -0.0511893568048961 -0.260269870592869
0.202810914750878 -0.629805699154779 0.194637545574342 -0.352482917017641
0.540305024202929 -0.384753936813554 0.506474004566508 -0.228173299666757
0.53778821087466 -0.321298575060278 -0.0583907269418552 -0.212090022198941
0.235850011276836 -0.510377765000765 0.00996901241603318 0.00717826833670387
-0.183172203237508 -0.476208391439648 0.0501488324060625 0.00704216692772122
-0.449395742057589 -0.0662873687483116 0.0766401708371162 -0.0362725724795165
-0.362518119549712 0.311138069653712 0.0578309948693845 -0.0440834814121041
-0.103941631917888 0.457289346787339 0.0722758068583405 -0.0909346620722007
0.116563536221807 0.405034586053169 0.0375543687501607 -0.12635008838102
0.187423198848071 0.377777334992287 0.0206414273309185 -0.107263830604771
0.150604042259073 0.412204091742015 0.0342806634719291 -0.0566985011333165
-0.02469611309698 0.55382348993839 0.0212885905212852 0.00163474471271549
-0.362107983293567 0.482030137328091 -0.0599656082757499 0.0403249832619902
-0.605538871623779 0.0740842073096917 -0.130136820228875 0.00500219706603047
-0.462093843768791 -0.542022576251054 -0.104546743587806 -0.207530235696338
0.161388523131163 -0.748566392427765 0.117411954457312 -0.263046049561447
0.598885035556729 -0.50094605757822 0.302154535277001 -0.102489577097276
0.579482563749555 -0.384197200269381 -0.288367375231819 -0.0719129018382265
0.234220785391651 -0.609131229584271 -0.0594299987864404 0.158490892391214
-0.240402830646667 -0.539184060469475 0.0503731300396201 0.0689006715502616
-0.513579505661393 -0.0696131432551897 0.0328772108620724 -0.0334523989061027
-0.39798127439406 0.331145163897972 -0.0317997542043718 0.0391405870821997
-0.120159782054646 0.485993603992701 0.0483255941541295 0.0739086078333776
0.104732901350653 0.430578682871377 0.0781329099920364 0.0444209796006676
0.165663685706424 0.3908978357593 0.0831872321231471 0.0494250088637772
0.127295252926284 0.413341505072066 0.0920460871564667 0.101608328084021
-0.0363539974891551 0.533519756814643 0.0391948938196588 0.156466612809336
-0.346305418632031 0.4612727863084 -0.105991300812224 0.164894780640167
-0.557005922234411 0.0842062160942514 -0.18932407476803 0.0588930053020544
-0.445014806197086 -0.474352380389654 -0.132862986707839 -0.133140668255391
0.107143193412211 -0.712644792138739 0.049243567285018 -0.146430808310037
0.553375381593441 -0.517298855477053 0.0962231011245581 0.045334089419747
0.521617269119443 -0.383679217699267 -0.516121110659544 0.0856954364054406
0.186653253457153 -0.590727538949676 -0.144755772603222 0.314150760284943
-0.245025175154483 -0.491739637955996 0.0347685766239328 0.132350503770505
-0.467016916873671 -0.0595707385547186 -0.025412439273839 -0.0175182767216809
-0.356556070321154 0.285343736030387 -0.124318136141904 0.127547089535743
-0.116223793572865 0.42689824393678 0.0177315612558148 0.237983319162494
0.0759860198629959 0.384436798566842 0.110799529913384 0.213538618281652
0.116184703895903 0.345141846730026 0.133005810589871 0.19763548741226
0.0808283192580136 0.354109785914592 0.133323559672756 0.238228855968067
-0.0515473989105733 0.428272122302834 0.0479849121220793 0.275147286396811
-0.286214088647801 0.348605090453823 -0.134155984348862 0.249404210153313
-0.409782417147109 0.0505914870485468 -0.218734831055379 0.0865414073463528
-0.322820876970761 -0.338337022032785 -0.129689751642081 -0.0661226492083126
0.0604437357066766 -0.550300492432474 0.00153199078781199 -0.0395261640821374
0.425611173372919 -0.44133275609943 -0.0785846719503756 0.1788341941463
0.367102257278797 -0.314776356633095 -0.695268293695848 0.229028320243448
0.10417480164814 -0.444946494469426 -0.227882010387044 0.435122214960184
-0.187728662516183 -0.326692678106162 0.0106988196904618 0.183796664082287
-0.309561007863714 -0.0382866662109005 -0.0730950122727906 0.00610334970244808
-0.239131395562306 0.177272019546118 -0.192661033697635 0.191228226688553
-0.0918900192316314 0.285694340690805 -0.0146433029136894 0.362629392187788
0.0315774778111336 0.273693813398131 0.12826031097267 0.349673899779138
0.0480555788351764 0.248593912351084 0.162240090443912 0.315819836568379
0.0243173911453341 0.247883276316482 0.147374256931176 0.337485289746362
-0.0620349290970968 0.265641444654727 0.0379117874456235 0.343618355822081
-0.195418447144171 0.189793091829576 -0.151003775119512 0.278325421172806
-0.222994075365587 0.00383516299524514 -0.218713126939735 0.0769760349280808
-0.162300799703253 -0.176536141163122 -0.106106780881004 -0.0210504208180884
0.0154149425029997 -0.326417021286831 -0.0285586951163362 0.0334178183293144
0.250873533287572 -0.30510611453409 -0.200930472246198 0.271650779293622
0.139329405721853 -0.185777911255874 -0.784668637401606 0.333687702162515
-0.0021209126434354 -0.206786255364461 -0.283154145564245 0.503983024894118
-0.093988292631894 -0.0938119019512765 -0.00128994887902897 0.222645797663456
-0.0908252979622506 -0.0112714803970805 -0.0832693922331461 0.0290310689698634
-0.0815903712899617 0.0387010244254468 -0.21650821057084 0.210146242888486
-0.0544074256868483 0.0958557727065261 -0.0412502704395229 0.419697016638997
-0.0214627988556663 0.119004155241061 0.129237618258547 0.428780921047623
-0.0256323278253819 0.115590917494838 0.16693882390252 0.386109753187955
-0.0290549329007866 0.110103414633848 0.134336713719657 0.389828099943239
-0.0540833056321128 0.0831723156068792 0.0123214035032758 0.365024947164204
-0.0867023852057615 0.0358452885006257 -0.155768035688812 0.262764751666941
-0.0475419085445461 -0.019324736542999 -0.19664648514066 0.0490927602309742
-0.0337215495951921 -0.0183760968112006 -0.0766264229471286 0.00831120159013327
-0.0434588183909941 -0.108740373812048 -0.0494023892321124 0.0738547709125808
0.0546037833887277 -0.154969680573253 -0.265453630628745 0.316753724862676
0.0867504088578104 0.0508396259568706 0.369857598068129 -0.352616167680289
0.104872518082104 -0.04070253694568 0.0509754094725996 -0.183804082423808
-0.00304488052935313 -0.11612336162116 0.0468135814574309 -0.010761354867942
-0.097841814679091 -0.0129317391366139 0.158950283747001 0.0175325879872044
-0.0647558121095986 0.0796036552303023 0.218839653690592 -0.18002975300953
0.00616544891756198 0.0809585373850549 0.0922568444972192 -0.377847874993283
0.0588257004544185 0.0480893358312071 -0.0394131228637576 -0.436192571947099
0.0805456329203568 0.0484890631457824 -0.0821385087482202 -0.422057033004617
0.0608671089811021 0.0659873632990682 -0.0546001746000674 -0.424126206343878
0.00590283483938514 0.127786156383466 0.0689288845927269 -0.367974390515086
-0.0833949896151987 0.103429505434206 0.183852051645135 -0.217410493470482
-0.142253060994065 -0.0292781252137792 0.11353919700683 -0.0717376914697757
-0.0294898984142318 -0.167075287646097 0.0790028432242973 -0.232112535601736
0.140242413481819 -0.0764290452962191 0.335277420737389 -0.334673705621349
0.1282741518492 0.0253543189310553 0.792874018053163 -0.209704106319087
0.273170825049432 -0.0535993561027064 0.305459828659796 -0.321383902033536
0.185457222261378 -0.175653907515348 0.0753248073332869 -0.149599274402994
-0.0256358444054999 -0.239389203290699 0.0512548417158465 -0.0269428883123849
-0.205711973314432 -0.0578145687263128 0.132005891883253 0.00494599211910969
-0.188568907931594 0.145171592671567 0.195308597872736 -0.140338828173391
-0.0584882508712455 0.222983222157808 0.11108230782221 -0.322687822210455
0.0657319747942175 0.201679913763289 -0.004300145180871 -0.385767148592639
0.113052054939964 0.205385809573289 -0.046972951889993 -0.36469656259574
0.0784750077698605 0.232736586784072 -0.0249035377281123 -0.34626514536408
-0.0495660178832385 0.320388658033117 0.057380065947172 -0.285891382688339
-0.251715448197467 0.233388615304742 0.111923847771728 -0.167718659260468
-0.361413957583997 -0.059565941235909 0.047613312044865 -0.0731363104733075
-0.153600344912925 -0.403431850118938 0.0418260802716901 -0.264330855675707
0.253317475727061 -0.356014690714362 0.307708108305854 -0.346629554125172
0.399619029372432 -0.142186486344509 0.707126222284089 -0.203490980379048
0.441375720761801 -0.154383962147837 0.171601628358024 -0.262533183244776
0.25865132162074 -0.320638767981402 0.0717118637118967 -0.0814050768662635
-0.0574687464135952 -0.368607566970544 0.0679465026369768 -0.0190822411684679
-0.31755362108059 -0.103851846714216 0.116735257233652 -0.0184314704532763
-0.307972128748848 0.201528125651091 0.147687896318348 -0.10251077027104
-0.122656554711348 0.347273554203005 0.105614907188665 -0.230953631659157
0.0620575494879614 0.332819129225439 0.0274228070510122 -0.280669311053014
0.128673840508075 0.329899478666087 -0.0056463706981231 -0.252629412057296
0.0876097419475633 0.359721364202409 0.0108996825788906 -0.215764719593627
-0.0870121236154992 0.467568028232527 0.0442084591927616 -0.153541840124874
-0.3729866500157 0.349746485576068 0.0269626181260423 -0.0770381708942323
-0.532486796601408 -0.0535430178631246 -0.0362655206663017 -0.0512135537117802
-0.284920710948107 -0.558300909203646 -0.0173339494782272 -0.259434888464833
0.296699186548448 -0.588154622748135 0.233926265241998 -0.31965214063338
0.593130221469972 -0.298220757945957 0.534866441024731 -0.150030664955813
0.568244491740499 -0.244155129182008 -0.0277570228418265 -0.174067167758534
0.309574115386653 -0.467681229078684 0.0267205887413645 0.0299001509726578
-0.110387392905191 -0.495019960110355 0.0831022995367669 0.0209162084674611
-0.428768904006809 -0.13718637512678 0.0994676020028233 -0.037242439503704
-0.402270427208576 0.245418547752027 0.0740021096772475 -0.0552092432670758
-0.170623344445003 0.43658288532521 0.0765438733427429 -0.101627620404537
0.0529372033721163 0.42074080283936 0.0538981823834797 -0.131494139177264
0.124505637019727 0.403133730796058 0.0373099049539657 -0.102524144828863
0.0813317611278327 0.426858953627023 0.0502551171965689 -0.0527836117148561
-0.106492624151881 0.539673679373035 0.0350914770618238 0.00654655870357254
-0.426477793685792 0.415079412861595 -0.0557689277770974 0.0418793863429096
-0.608404503277889 -0.023605280624881 -0.121428614278904 -0.00981737188452971
-0.372547906345081 -0.602931682147593 -0.0774033700569834 -0.214394733381925
0.274494973615587 -0.707623616949753 0.138981271311194 -0.242259080434114
0.670829511490538 -0.399893471817807 0.308802986423369 -0.0571386591539964
0.619730296304825 -0.299230091603088 -0.271911270307919 -0.0602169254203281
0.320702490192386 -0.563978821722674 -0.0589395772384202 0.173897717493336
-0.155775320925771 -0.565584010554847 0.080642860110435 0.0818422504658073
-0.491522916743857 -0.151249254458715 0.0592885837104008 -0.0415506990172106
-0.44182358796127 0.259808837685851 -0.0231438693460047 0.0138571386803831
-0.190025745160286 0.460953281935529 0.0306933874785346 0.0579539340314998
0.0364443241600288 0.445842048185216 0.0727144565388441 0.0447162734565638
0.101464704526543 0.414267043495702 0.0741032005234702 0.062577631186373
0.0616199429788028 0.425664022172863 0.0828898159869626 0.1131632705476
-0.114812999207766 0.519569847392526 0.0298473686150157 0.162674527622415
-0.405963729959635 0.399674590475262 -0.120269446755772 0.158381935635036
-0.562195561368761 -0.0062714901100594 -0.189972189295171 0.0346171914061872
-0.365327478995844 -0.532118993952944 -0.114682774663764 -0.146260266382858
0.215078206322233 -0.681694094423391 0.0518750583502454 -0.136655412934478
0.630291922641675 -0.420051860494102 0.0781858889277376 0.0571482655465026
0.564977081902345 -0.307706110843152 -0.516627490371967 0.0639409915200039
0.272762659135525 -0.557225692861351 -0.16679123905925 0.317865135358606
-0.16663678140778 -0.52103732155977 0.0538738497148133 0.142227212519006
-0.448943504110445 -0.134762737833569 -0.00251565059490651 -0.0317812984869311
-0.393932525140158 0.220634534261649 -0.127382643684241 0.0907693562378045
-0.176670903230225 0.402772185417136 -0.0205090582446906 0.219435458325352
0.0160496485999695 0.396117863048268 0.0830210828492738 0.219127027972365
0.0609301275844256 0.362038851723361 0.100867031004094 0.217165322741366
0.0266741303503783 0.360537311925689 0.102026091273713 0.256393610070841
-0.112295794192752 0.413584794960047 0.0174405038990358 0.281724295863792
-0.32884140541169 0.300506757917969 -0.163079813388896 0.235888453916788
-0.411552897457199 -0.0145812678233347 -0.225654657274939 0.0572649835545575
-0.264198837356272 -0.380149804261356 -0.121458605593445 -0.0820853652881705
0.14528471266862 -0.525837988435347 -0.00927815552494155 -0.0388463939536603
0.493127393793261 -0.362060359091258 -0.116119715786668 0.163747404599542
0.404899435841084 -0.262159722699394 -0.712058480415046 0.171604023330934
0.168206118837494 -0.42578531413775 -0.271142061875941 0.420066718933897
-0.136692227528525 -0.351049909248854 0.0120236591433534 0.187885761839098
-0.297447607805972 -0.0888938040682584 -0.058822202562766 -0.0108525424501214
-0.264251308991431 0.133872401549513 -0.206298308086644 0.15028376556291
-0.13021174899191 0.267614018146884 -0.066346196481052 0.344921327943319
-0.00951824800832237 0.279757714368588 0.084093723248016 0.360781451981889
0.00915200089491378 0.257508962359573 0.111641488783709 0.338966629823398
-0.0122460151869432 0.247792677677888 0.0990599532318237 0.357672549668652
-0.0986126930853788 0.252783758206289 -0.00723012704012023 0.347991589748236
-0.216100848274668 0.159773983006141 -0.186649268942165 0.258921071229818
-0.219648619840559 -0.0290500215352917 -0.227296798964642 0.0477592245985384
-0.131210573889082 -0.196624915669117 -0.101899557022922 -0.0365802866074447
0.0659637040437272 -0.314069674744784 -0.0453179987929511 0.0286661059880452
0.300315671004306 -0.256940616513061 -0.250276489213178 0.238767088639041
0.164009628481557 -0.166174393058766 -0.816363769202397 0.244353005517607
0.0279088489244926 -0.207840846650562 -0.344052508840629 0.473164987745182
-0.0773467790313786 -0.107519265455227 -0.0209726684071184 0.221656646028274
-0.0879300289806872 -0.0267291116854228 -0.0808291756008328 0.0151182833222243
-0.0879312801607353 0.0233530166631243 -0.238463507877641 0.174087534535626
-0.065376335660077 0.0852581104253013 -0.0978239430244208 0.407715823009251
-0.0370287398981046 0.117134393370788 0.0733354270981071 0.443163266857022
-0.04236549846665 0.114233988597703 0.105385013541416 0.410256535613669
-0.0420531692420778 0.104964196639218 0.076444062924229 0.409700919369535
-0.0640571586439796 0.0749671106112381 -0.040987265129737 0.365918571298273
-0.0881032691253473 0.0262442118552593 -0.192166211058182 0.240208510433073
-0.0435877665429258 -0.0230333008297593 -0.20330629039586 0.0218400805564506
-0.0301827349254871 -0.0227428874713552 -0.0756786770420617 -0.00486683098281025
-0.0255257736808059 -0.110794959119475 -0.0670192883927874 0.0659641784944293
0.0837596869180731 -0.138546547661991 -0.31872281448249 0.275371592749667
0.0892444167582706 0.053261718464219 0.376239729744056 -0.366769648438874
0.10939152757281 -0.0416333681825738 0.0507955027777514 -0.19168070015054
-0.00504486544392807 -0.119932869987142 0.0487788186807515 -0.0133236455933503
-0.101277291324724 -0.0121975604867642 0.163502663888615 0.0136499192164814
-0.0650435080359731 0.084516100198211 0.220969577565108 -0.187870978873136
0.00636657801122424 0.0834290620331185 0.0864206357722917 -0.390806349793789
0.0608286613818037 0.0475603582385326 -0.0459189027776462 -0.451216143641082
0.0837912883424291 0.048332489869756 -0.0878297911370421 -0.439359534084683
0.0636885931470663 0.0681290439187604 -0.0581037351624527 -0.438413213762414
0.00954990437460154 0.132463810090163 0.0689354625048449 -0.3801996689897
-0.0842847905064802 0.107126201327045 0.187418255888961 -0.225371966592596
-0.147557326036856 -0.0291545395093745 0.114908308313739 -0.0758385318926774
-0.0309420117152579 -0.171190490289499 0.0779101143452246 -0.240408347842406
0.144591179464602 -0.0802285206389362 0.349221459165598 -0.347900691916251
0.131431196093758 0.0266989443622927 0.814087319861302 -0.223744118932556
0.278751650591438 -0.0540738892612517 0.310436652479674 -0.335558173167861
0.190905726607114 -0.180292382422694 0.07806440349611 -0.158538080405115
-0.0278696575910167 -0.24643514778941 0.0535658099023398 -0.0291003876769258
-0.212840712055961 -0.0583904488401315 0.134602229397759 0.00141925781393745
-0.192016278914 0.153644106596369 0.197353429498715 -0.145681470247552
-0.0580023225174468 0.232103022717105 0.108040059289209 -0.335274546703198
0.0694159804088458 0.206576092355454 -0.00908032701023475 -0.399067883360059
0.118354791072187 0.210077617655941 -0.050136480380749 -0.379303923538844
0.0832582653171846 0.240423556784411 -0.027139126784876 -0.35983616432157
-0.046316694829363 0.332362244096966 0.0588126409141181 -0.295528433785571
-0.256833186635185 0.244006701970771 0.114362152835549 -0.169539925655042
-0.373670852531293 -0.0595934772273823 0.0470435584131298 -0.0761462770528609
-0.158907538029093 -0.414100822594643 0.0397224883700467 -0.274948379672029
0.261055647571366 -0.369167927474969 0.319223412387284 -0.361474887739469
0.411894676145876 -0.148586420372046 0.72651946747803 -0.214149843312285
0.450729788813303 -0.156458164600387 0.175160830552783 -0.276384796632956
0.264391761213821 -0.329690965963611 0.07533998914902 -0.0892062112472743
-0.0608419215529128 -0.380203169822718 0.0714786958234421 -0.0207544771627585
-0.327966387667575 -0.105145754934026 0.118559447724095 -0.0233645931918108
-0.312969149329911 0.212200119087499 0.149522922351682 -0.108040888652611
-0.121782508057216 0.36143231899486 0.104764317828158 -0.241685869703585
0.0668698706795028 0.343183835388892 0.0249382832548563 -0.290649370809241
0.135526759880428 0.339273126337689 -0.0067290125069434 -0.263705765921919
0.0936114079016452 0.370900972088922 0.0123755747640351 -0.224957097968518
-0.0843231944238068 0.48349909771305 0.0473759963436555 -0.158402012365637
-0.380120557628738 0.364287632113126 0.0276002553905449 -0.0737502662567113
-0.551119339093428 -0.0524017825499759 -0.039425218264061 -0.0529148811867032
-0.294551550401782 -0.576136002799706 -0.0210076996921142 -0.272375957878086
0.304192785834501 -0.606113823748909 0.239842328086871 -0.335263032302316
0.611318790949441 -0.311289567776436 0.548658080291476 -0.163813997178006
0.580599773275596 -0.249256596160498 -0.0281583134346616 -0.183491099662152
0.314735371209812 -0.480854095379343 0.031015360273268 0.0252226836002872
-0.113747369214161 -0.510473488291763 0.0882701116014146 0.0207577912072785
-0.443429676978986 -0.140918749140657 0.100723308151061 -0.042902857292238
-0.411174154650808 0.260000972163564 0.0752120742633594 -0.0586340227319957
-0.169434692807564 0.454021838299019 0.0783496112102766 -0.108152194504061
0.0574640627093344 0.434951440586663 0.0532826516690924 -0.136307512523789
0.130177221580473 0.414617640025532 0.0383783991799963 -0.108177132823959
0.0864534411909171 0.440238123563632 0.0550162981338151 -0.0574250693447586
-0.102713061414685 0.560566730249219 0.0402763664609177 0.00653677734175862
-0.433462988000759 0.433427574004139 -0.0548098064980351 0.050961134912008
-0.629587943660762 -0.0224198759015958 -0.127333250490152 -0.00760878178703018
-0.38438801985712 -0.620591674526046 -0.0821635293661136 -0.226143770861099
0.280123276046537 -0.730495931661602 0.140208931976766 -0.256346986246164
0.691281686110409 -0.417786732272078 0.31509500678114 -0.0667521863199292
0.632522104460829 -0.306827788419936 -0.277280718374618 -0.0643714554701008
0.327620998641421 -0.58294288269449 -0.0572332785314228 0.17507182086843
-0.160409092118772 -0.583753177175162 0.0864743983237409 0.0846488798659636
-0.509037076540649 -0.153920698996166 0.0595855715135606 -0.0466678744762699
-0.45236274076985 0.273647698771584 -0.0236895865306263 0.0120097980270743
-0.188253321153394 0.47948948178945 0.0340044340313646 0.0561974004705886
0.0429636882029353 0.459749818691367 0.0746807639360232 0.0447393892767283
0.106260023402416 0.427816921765476 0.0779809134928235 0.0632338596310661
0.0656883722514228 0.439121612011854 0.0906136460160993 0.113814977021013
-0.111948498820626 0.539364870612701 0.035943010987659 0.167484582620046
-0.412120493788411 0.415765041413943 -0.119266332619042 0.172034575500061
-0.580184264358807 -0.00337885050065088 -0.196318502267104 0.0393917045535004
-0.377439079614378 -0.547499804464148 -0.120475048649401 -0.155710128942731
0.218205677092707 -0.700718821024325 0.0496693640409254 -0.146245869158764
0.64923333865612 -0.438360763218625 0.0776310010206793 0.0529698040110498
0.576209293584331 -0.315549299152773 -0.52809658810133 0.0637248317403436
0.277904496193112 -0.573298661258944 -0.167210218075903 0.324435996219279
-0.172476833285172 -0.537805527725769 0.0602460998053697 0.147677651585644
-0.465033633754861 -0.138281251406676 -0.00330698399810071 -0.0350889246614805
-0.405106308443001 0.232462101395021 -0.129753098606091 0.0919480821107141
-0.17556114935679 0.419482169392778 -0.0155526388824714 0.223189762749066
0.0209507956775957 0.409578702486616 0.087180451517528 0.225720465534528
0.0639483002961298 0.373778483501414 0.106198095976233 0.22452591205721
0.0294557274870401 0.3724256143486 0.110205923736428 0.262113922926653
-0.111896383418626 0.429046367090151 0.0236266295371295 0.290008120837722
-0.33383310491469 0.313554813920689 -0.162576522964712 0.251128789146905
-0.425331946376095 -0.0126188038108833 -0.232287690496752 0.0633958556138187
-0.271109425738099 -0.39003828867338 -0.124980455641829 -0.089315609862104
0.146261115288727 -0.540596602461971 -0.0140474733093515 -0.0442374478689212
0.507915892953118 -0.378154102162804 -0.119833278747071 0.165360762114643
0.414305609927046 -0.269003657182261 -0.729893627117511 0.178560009188015
0.170411100560559 -0.440609131523595 -0.274883422322025 0.435704890952746
-0.140133428888427 -0.36337431121934 0.0160712943867179 0.195634236437856
-0.308631479795335 -0.0906027331599022 -0.0604925068598763 -0.0128608685681057
-0.271674369767833 0.141162703411395 -0.210925339289288 0.153720423913791
-0.129958776062393 0.277853296794016 -0.0625842250802225 0.354165865105272
-0.00693145436368587 0.290308519917466 0.0892535876178211 0.371173674573315
0.0105736366546167 0.266754713117487 0.117228501520865 0.351967463551432
-0.0118050925616675 0.256726498336955 0.107353119494367 0.368319462478938
-0.100104309053396 0.263233442968406 -0.00144828390755043 0.359070632318002
-0.220003208638903 0.167862098622315 -0.187117760778189 0.274102402082135
-0.227299362314412 -0.0282516845241885 -0.233795219048039 0.0532681242078457
-0.134663227139402 -0.203378736578331 -0.105067084896341 -0.0413135542820826
0.0651873364068884 -0.321187255707894 -0.0508140962342873 0.0265449549798972
0.309018387719874 -0.266094017097723 -0.25611491900938 0.245433401869993
0.168185486680555 -0.17068910957776 -0.836543434422319 0.255046667196277
0.0263376002053616 -0.214651041955433 -0.350204432884759 0.491177070259815
-0.0790474283330999 -0.111378061279226 -0.0185162377919835 0.230698169081354
-0.0927279498538982 -0.0281429030495847 -0.0824343680235673 0.01532074842091
-0.0913309566989576 0.024962544988602 -0.243768551279178 0.179348815516419
-0.0648198773712984 0.0889099645359401 -0.0948889609605569 0.420086181597215
-0.0370507502642855 0.122773431336567 0.079170773141368 0.456679832195679
-0.0436883865466864 0.119882014816787 0.112261091015998 0.4268489134534
-0.044187914905493 0.109045578086426 0.0835732475005122 0.42277147862311
-0.0665248564911625 0.0782940716443832 -0.0358432373703658 0.377595401549643
-0.0893722229862729 0.0283959965311573 -0.192796374975454 0.252085753859096
-0.0447249350619053 -0.0231684327775869 -0.208896395259625 0.026803767455551
-0.0303515641297612 -0.0238120321814831 -0.0771213941797248 -0.00684790826283886
-0.0278524298891107 -0.111936105657612 -0.0730632564347653 0.067002430186993
0.087084296864408 -0.144598870427107 -0.324702596805492 0.285512768864944
0.0948704172513295 0.0530600835168893 0.369159449537369 -0.398151029623205
0.113733164561962 -0.0468120880467963 0.0433920403396419 -0.202253604864599
-0.0118408941283201 -0.12376577145478 0.0498615167242289 -0.0177587478153197
-0.105008313797239 -0.00794027346696487 0.168980791228919 0.0033836190709039
-0.0617028159067936 0.0918733298279755 0.218102814969137 -0.203965406806364
0.00949543304265485 0.0868479901580655 0.0660358585597881 -0.408776309246843
0.065085597550905 0.0450762003942688 -0.0707382764435656 -0.466998133217915
0.0901691095731466 0.0454468608206954 -0.110332163265259 -0.455524402498643
0.0700411687258057 0.0681282184701984 -0.0803468209998677 -0.453335382016619
0.0178666628609247 0.137518192056032 0.0541176053032632 -0.397366305848585
-0.0814373013477589 0.114275265131075 0.183209305083594 -0.242051379356509
-0.154421697168439 -0.0233698270015647 0.113652156545432 -0.084272068689924
-0.0383344049757333 -0.175514741625344 0.0664941824153244 -0.252821874135848
0.147910773992424 -0.0897726202741721 0.351245984043186 -0.376490132610528
0.136819161079368 0.0233562758797272 0.831449360828378 -0.266468282821097
0.285161600405566 -0.0640204302114854 0.303822673184282 -0.363470668222532
0.19166354170413 -0.193848036248824 0.073755042995598 -0.170330987117702
-0.0400160614767244 -0.25337837587747 0.0554575182974883 -0.0350654565417675
-0.223021719396057 -0.0506480801744333 0.137172086913029 -0.00828951199135959
-0.188970702718862 0.169680080384859 0.196012857397116 -0.160271203051164
-0.0485310269177525 0.244399394730364 0.0919725061414211 -0.352839779723627
0.0821358258425664 0.210175266500973 -0.0294918816311803 -0.415021692651271
0.132106880477889 0.212371549649531 -0.0700852945229944 -0.395791686321097
0.097965891274817 0.246861212609887 -0.0429776825476256 -0.374397321419763
-0.0300310380779609 0.347966077398838 0.0488664020250554 -0.308706569778497
-0.254447082846042 0.265305258069833 0.111300236267143 -0.17781726666751
-0.391575468994507 -0.0441976684191329 0.0438485298713217 -0.0813829634386804
-0.179790342106118 -0.422602468792432 0.0259934062712105 -0.290423325913388
0.256456669787216 -0.39331329400106 0.316887277642805 -0.392035562256082
0.419902730861468 -0.171941219730537 0.738703868818267 -0.258813006547175
0.457615328779863 -0.176645125655127 0.168469428828819 -0.296640738548826
0.260709089467398 -0.349897096143887 0.0750730799404335 -0.100263962688238
-0.0787461340728774 -0.390553018390802 0.075301131371126 -0.0261419864176023
-0.344398564656985 -0.0950451294594092 0.118822109000157 -0.0326781237305447
-0.311871492991723 0.237146058006467 0.147938716675331 -0.118993327461858
-0.107219647451542 0.382399240862285 0.0948371052728084 -0.25717113342934
0.085895742434141 0.352549177544107 0.0111421997607966 -0.303354454787607
0.155526050204535 0.345668884760395 -0.0186134121006973 -0.276237602045951
0.114654052987889 0.381971860428243 0.00508159840369367 -0.236612665903773
-0.0610452911394138 0.507424291324895 0.0447953699677041 -0.167112228619406
-0.376628887730928 0.395511255647454 0.0275636090741566 -0.0721604637609434
-0.574308108393737 -0.0266553750991856 -0.0448015236202736 -0.0526936816154108
-0.32783375687688 -0.585427444642139 -0.0370069268418142 -0.286479373402992
0.28984530305259 -0.641329378108041 0.234582737994958 -0.362193548457638
0.618306818841496 -0.349704186422389 0.553684437793057 -0.196869412655741
0.587019068940388 -0.275289174434008 -0.0366482920074167 -0.19404849547909
0.306285320713263 -0.509667584190933 0.0338960664743539 0.0198911543679819
-0.137322037447258 -0.52451549554901 0.095721348214642 0.0173098219985403
-0.466638980058457 -0.126054415630496 0.0997033690287188 -0.0519616592089999
-0.410366332401215 0.290038779741266 0.0727648383709764 -0.066173801338847
-0.151431805222109 0.478828064094082 0.0754309127899369 -0.118786678580807
0.0805616168572079 0.447000089136309 0.0476736958326223 -0.144498567245051
0.154555044151333 0.425190791483464 0.0352064544914399 -0.115603361068199
0.110992310803109 0.453952803415971 0.0566439135295967 -0.0651568438157809
-0.0778382753562908 0.586730730133194 0.0458270646912306 0.00448281003301064
-0.427910837579691 0.470067332259251 -0.0508825309793594 0.0622117502785552
-0.655115518828521 0.00519653350164033 -0.133191575934897 -0.00102524448307825
-0.423038065127828 -0.630122552421461 -0.0987597788042796 -0.237369729916074
0.25928157015782 -0.768923063490639 0.132081821084243 -0.276671624780159
0.696161630694013 -0.465397814785974 0.317734978846865 -0.0878467199617453
0.638371292943704 -0.337961207996 -0.287418250198793 -0.0601520460571006
0.312617264884558 -0.615207109028619 -0.0497354487354951 0.179120802930771
-0.188854430717059 -0.599660895003021 0.0974880316979476 0.0848121467424689
-0.535418043452709 -0.1385743440975 0.0574696275467227 -0.0542773258161172
-0.452149650564006 0.305460249861279 -0.0266401014751308 0.0108785023274009
-0.170123456740841 0.506749249613128 0.0387948141721345 0.0528774722096737
0.0653728528496784 0.475581131453228 0.0780411204951223 0.04314452996476
0.128764657079528 0.439390570966565 0.0840204915855012 0.0619265833715275
0.0869361019120884 0.453813871757644 0.102259124151998 0.111509575568574
-0.0883629791189696 0.567127673770106 0.0490819108316579 0.170519912477614
-0.406190183960666 0.453858623165577 -0.111600807111168 0.190693385713974
-0.601794979430028 0.0226329006934539 -0.202453619457142 0.0515325569729776
-0.41245793056376 -0.553084180726852 -0.135103433816609 -0.163239189187917
0.197187624398026 -0.733418283211845 0.0405656482716177 -0.158561357201658
0.652917902615877 -0.48540712063476 0.0781185623043572 0.0478056535659916
0.58145911355709 -0.3465517151266 -0.541261118660124 0.0846908262048122
0.263603476248475 -0.605419615142005 -0.157346841213558 0.341718181031512
-0.19993469122759 -0.552881881123648 0.0726069791762169 0.151688699608739
-0.490323603191813 -0.122386359618771 -0.00639388358693669 -0.0393218925193434
-0.407907700531385 0.260914114779086 -0.132180314327034 0.0984512212709815
-0.157499644400138 0.44146775156117 -0.00412364242660862 0.228300815836458
0.0422517202916411 0.424211281246787 0.100099837290101 0.228797149550876
0.0816040023243382 0.387172347720826 0.120339207345424 0.229433420635056
0.0460968366117781 0.386578868784461 0.129078449470279 0.264796639733261
-0.0952307879288 0.452769802791537 0.0416355811284777 0.298950074204746
-0.328868557259486 0.34304234520554 -0.151986821487035 0.273767645843916
-0.440382718570332 0.00792294896900734 -0.237666293399439 0.0784736801123867
-0.296201133289485 -0.396663276766078 -0.136133835122413 -0.0926782744421886
0.127595328874995 -0.56385009187073 -0.0219012593765931 -0.0492796115117937
0.509857292823297 -0.415472313643812 -0.119230564301535 0.172891019335236
0.417225707536326 -0.292689802452926 -0.745565962575927 0.209725328804188
0.156497972774011 -0.463638133636123 -0.264829447351503 0.461703181388706
-0.159281547112881 -0.372988333269702 0.0290682907920849 0.204578983121863
-0.326114428248163 -0.079816656624791 -0.0637206814848366 -0.0124130021882465
-0.275141659119253 0.159427757271074 -0.213055384897294 0.165895822673718
-0.118523090644386 0.29405167664658 -0.0449223711345465 0.365592764224897
0.00738759641645624 0.301794429740842 0.108804191913909 0.380836906794527
0.0222806163944961 0.277942889242634 0.137696276894004 0.361756368036093
-0.00202839301302385 0.26805314050091 0.13068665516826 0.375719917384399
-0.0906311764098832 0.278681224146142 0.0185260720687948 0.371856225343623
-0.218120391707005 0.185889903724894 -0.17678984619448 0.295947602197573
-0.236262326499309 -0.0185829742866456 -0.239002186296936 0.0692249812757127
-0.14777061680469 -0.205589016622457 -0.111672098352746 -0.0424219064404492
0.0528249300379244 -0.332761627275168 -0.0568970992844071 0.027614146377197
0.307608328538627 -0.292535603225354 -0.253734116573336 0.262959896133371
0.167763708804066 -0.182373016173293 -0.855139184874922 0.297636713683154
0.0172634476690111 -0.225184159565195 -0.339913089736356 0.525748435154018
-0.0851251585598444 -0.114021062220621 -0.0063027616510746 0.242982559863518
-0.0984574685693193 -0.0247912474852407 -0.0838660026474407 0.0182028514586963
-0.0943504866556218 0.0300046254740119 -0.245790516888185 0.194157429223875
-0.0620023956072429 0.0943317669251567 -0.0748840513440405 0.436236284740413
-0.0312744472757661 0.130634176512041 0.105097973089129 0.471252117750325
-0.0403056216297173 0.128613651962833 0.135601883322247 0.440175050091731
-0.041548890916817 0.115615308914683 0.107371863758457 0.435026659250746
-0.0663867039797587 0.0844286208153035 -0.0173268743128038 0.392636712197511
-0.0903781778435364 0.0349439184279564 -0.185045963472795 0.271768433668815
-0.0470549551571439 -0.0218189520204632 -0.214168532790469 0.0408918259817122
-0.0330172999348046 -0.0238131416980858 -0.0803971277100431 -0.00648768842041034
-0.0344148156151337 -0.112863015854271 -0.076505386877646 0.0726766751591684
0.0836406727572393 -0.15486240997192 -0.320841946442074 0.309285270074306
0.0999263437640112 0.0491824462664537 0.340506576535562 -0.425816000030496
0.11395137221745 -0.0544441310463442 0.0284039246248644 -0.207387949722122
-0.0207942753408905 -0.122100368058913 0.0487692880040139 -0.0244806052963928
-0.106372941616246 -0.000674117629531091 0.168931112367957 -0.0109822205301205
-0.0536575108096483 0.097837801271871 0.2031863494482 -0.220677970218414
0.0152188694869061 0.0884577049625011 0.0328176737162649 -0.414037865410511
0.0678159839644784 0.039709259365919 -0.107019446179507 -0.466305309328401
0.0941994789457059 0.0382160545373846 -0.144593024619351 -0.456331512854394
0.077013660790473 0.0646693994887039 -0.112131394108086 -0.452189603855311
0.0305682045453368 0.1368163218171 0.0262547056990592 -0.403913383301944
-0.0736299923787013 0.121214112202935 0.167008101278359 -0.255939412356028
-0.157850497681006 -0.0117706943772792 0.106220203618795 -0.0928875863097356
-0.0497760307596502 -0.173683794433989 0.0473437146672566 -0.259925021040469
0.143675755586348 -0.10140189191417 0.331198308192321 -0.404732022298066
0.139547762079119 0.0152736825400112 0.81477712906609 -0.326331099244616
0.282252876155116 -0.0803459775820907 0.278014234021365 -0.388298037512799
0.181262794561447 -0.206855537453722 0.0609312199291211 -0.178677664136974
-0.0569985015533138 -0.251284115227711 0.0535858770589675 -0.041537020905523
-0.227735835434832 -0.0357315073522223 0.134582990892866 -0.0202133222314385
-0.175438319505042 0.185461910748208 0.183387537485391 -0.175150348687362
-0.0297098645838074 0.251047417010401 0.0631766501098908 -0.36140243573641
0.0967427872188087 0.20457138564021 -0.0618228755438758 -0.416142917764164
0.148522590541151 0.204150176129899 -0.0985606016776158 -0.399348541672219
0.118083901795895 0.242460845607416 -0.0690315908040215 -0.376453238249272
-0.00197872668138175 0.353188250219437 0.0285798699768046 -0.315535941415374
-0.23700490284804 0.285803671959975 0.100165389342828 -0.184120404703493
-0.398416558209258 -0.0165112396429899 0.0356767638979463 -0.0842268235637954
-0.20852438430166 -0.414121470331547 0.00245644787636074 -0.297344871114056
0.233042410895659 -0.413604387044265 0.293272005272273 -0.418415182441958
0.410371929441194 -0.201679676766196 0.719468030271212 -0.312119274042708
0.447098641425476 -0.203921060597359 0.146694654448624 -0.312299577969484
0.239038341454175 -0.36909344232972 0.0681790075221689 -0.108772642919442
-0.104105906921645 -0.387055002147117 0.076321291776999 -0.0339856528581178
-0.353630191147228 -0.0714717172319083 0.114065849710975 -0.0438692562486151
-0.293788286400027 0.262176535604387 0.137375140324168 -0.13047672731578
-0.0769893311698489 0.392731668398661 0.0742098452688088 -0.266427914855651
0.111409716189641 0.346981906462159 -0.0127295267806693 -0.30730255077331
0.180288049755311 0.337070119519452 -0.0386035078324672 -0.281260756212972
0.14313403334044 0.377156549436234 -0.010826921472147 -0.242084388254737
-0.0215200332366301 0.518519541545003 0.0358780551544394 -0.172312568472029
-0.350842502923776 0.426472206717021 0.0260061984392185 -0.0691852384858079
-0.581164394979815 0.0125715688137614 -0.0503948361273624 -0.049272053783185
-0.368771565738191 -0.569046966708713 -0.0619862759803889 -0.290867081080813
0.251094499854903 -0.665048101327789 0.21175833573212 -0.385519662467001
0.597575340287008 -0.395801756821507 0.537397026040414 -0.239148664288908
0.569394595403446 -0.310674443946552 -0.0498363347807015 -0.19703507480319
0.275127981308658 -0.532049386089092 0.0352041049562348 0.0137740906793381
-0.171953585996437 -0.518683546312979 0.100866029791693 0.00923872113841177
-0.478286088774679 -0.0945930923923256 0.0931627540165364 -0.0624106040479336
-0.389462563026661 0.321403890897607 0.0646654899144967 -0.0719189644522074
-0.112797096975988 0.493475764407232 0.0650658527610742 -0.127588921234036
0.113326128653185 0.443829483619449 0.035540248306281 -0.149286643529443
0.183688759573592 0.418182893152083 0.0278188727520493 -0.122115592767403
0.144945683699115 0.45079253829027 0.0548631195114087 -0.0737908023968874
-0.0333140815499951 0.59981965064781 0.0498774422891385 -7.89399871408289E-05
-0.395918052251813 0.505203167932757 -0.0420312159979911 0.0720540776296302
-0.660231272899077 0.051849563525905 -0.135298312457039 0.0093755782016412
-0.468567854895698 -0.608037481514833 -0.121796866850808 -0.238187003092942
0.211008045578425 -0.789905447436434 0.109566666281205 -0.291466306678202
0.667623948876449 -0.51452601982163 0.306851335404977 -0.112163946655714
0.617989153947712 -0.37561234245101 -0.29174246087294 -0.0471968387764527
0.273244938072068 -0.639688223817445 -0.0373963107115215 0.180036978576757
-0.228742081063757 -0.593089362915349 0.108290242338053 0.0785570298810704
-0.548721367956948 -0.100795217950805 0.0517571838983047 -0.0615482960770863
-0.43200356225911 0.341315651142101 -0.0303186262104012 0.0113367693555279
-0.131143461068197 0.521508799131029 0.0422285616366644 0.0465355942397942
0.101366925968598 0.472790917402228 0.0801896864990558 0.037898143098581
0.158431115235333 0.435646316677149 0.0898694871930244 0.0553368936626246
0.119891647795236 0.45259737269533 0.112399527755072 0.101209611796314
-0.0450233920505802 0.578665645787725 0.0649215017053147 0.167094380589963
-0.374266785219499 0.485227759418561 -0.0928868656612587 0.205656431681777
-0.605148566590273 0.0654365952231408 -0.200874437691567 0.0688994993368328
-0.44890959119012 -0.531779842484114 -0.153297804958985 -0.161165450715472
0.151238529794985 -0.750571268712906 0.0235825922453391 -0.165331593790086
0.621075414956302 -0.533457358389102 0.0769619325595337 0.0392816718013131
0.562598083074781 -0.382546944621726 -0.536646412366683 0.115975083979797
0.222799858548741 -0.626341895491932 -0.134461106172625 0.351161137070523
-0.23657375613461 -0.547724671086328 0.0879485854180404 0.149616633261431
-0.504161554481728 -0.0873776205725015 -0.0106415089159254 -0.0415697780748802
-0.390228680493943 0.29299324519184 -0.130094356640155 0.106329555517338
-0.125294218552489 0.456580929195062 0.0122660296442071 0.225532373318485
0.0727998918220299 0.423596913000201 0.116350237363817 0.223829189624457
0.108395816769299 0.386388937036594 0.138359478743776 0.223559762501422
0.0722310660653986 0.387642504208757 0.150281364448168 0.255417004534762
-0.0614362815983136 0.464175272537813 0.0666503679119725 0.295943499824207
-0.304791760023696 0.370185051799476 -0.127872877509724 0.290714827708274
-0.442932265586826 0.0378683037974016 -0.234128940844709 0.098601656363818
-0.324617396016209 -0.378389882398007 -0.148150415301532 -0.0894716192466712
0.0918356841337607 -0.574872517820452 -0.0322601270228549 -0.0494942222750075
0.48142204783109 -0.451885645347818 -0.111259657978908 0.179053096096846
0.399820982320178 -0.319435185542251 -0.733837829404671 0.25671981177462
0.124478372087034 -0.476082829515207 -0.233123333327738 0.481066279439918
-0.184803250054798 -0.368024707177319 0.0482203354937912 0.205874744963416
-0.336037631608616 -0.0573710400389237 -0.0656672442391528 -0.00923826186448322
-0.266314341463942 0.181373393872391 -0.206166563532324 0.180177266839673
-0.0959680295088087 0.303355617175624 -0.0182530943987554 0.367571027231637
0.031054544960567 0.304587280744856 0.13686299767925 0.376422972234466
0.0409208662190653 0.281646754423697 0.166345749186333 0.358439579005826
0.0155674489570771 0.271300513354885 0.159399574220794 0.369078090860405
-0.0698622377354462 0.288660317767307 0.0471900862153279 0.372296770709418
-0.204412089325583 0.203456798281968 -0.151701223935451 0.314332501969799
-0.239029879868218 -0.00204805501674278 -0.23542202960473 0.088789502412699
-0.162496511143407 -0.198441193469241 -0.118250656860652 -0.0391492905839553
0.0302337352446179 -0.33653543912986 -0.0611063974407755 0.031494667026513
0.288090697467701 -0.316061658356608 -0.237213659836614 0.279786342740453
0.157074496434704 -0.194198821313289 -0.839522124291762 0.35345424829225
0.000672331690224023 -0.227935776698712 -0.305021761760281 0.55466988496772
-0.0934159869525817 -0.111925212874427 0.0143817835474741 0.247264069326956
-0.102213598899184 -0.0172298510984598 -0.0823813036181019 0.0233503007879622
-0.0938752014178342 0.0371927299716754 -0.2363578905921 0.21166968832389
-0.0547430780302951 0.0985021790099517 -0.0433118141315216 0.442377459336097
-0.0211119695678917 0.134355743206606 0.138534468350816 0.465885637452741
-0.0318373838075307 0.1346785331091 0.168302258987806 0.438255651300733
-0.0357604176501884 0.120161046767805 0.139392140467604 0.431683057344308
-0.0611871699079182 0.08971871666018 0.0137341043385204 0.396453983439725
-0.0867963996485193 0.0420527812766526 -0.162885531289162 0.288833690087191
-0.0484259323801286 -0.0180065099381666 -0.211786231615784 0.0588803437206115
-0.0354530195003868 -0.0222856098910176 -0.0825230508170145 -0.003111881284648
-0.0424126448758403 -0.1094351978659 -0.0771539041375045 0.0792067131148057
0.073069633104875 -0.16197494481569 -0.299496846178676 0.332237305722656
0.100766516722529 0.0434321848620735 0.301864933951965 -0.430860499133917
0.11036335387483 -0.0600747788046663 0.014225082848305 -0.202306769276935
-0.0269888328236622 -0.116008349894246 0.0447095275135312 -0.028720735444129
-0.103259853747322 0.00545179150492065 0.160484699778804 -0.0238397446954258
-0.0440601084748737 0.0978322134835943 0.181790432621982 -0.226925079865041
0.0207011200447861 0.0864465136987642 0.00116635519153838 -0.40132691539415
0.0664950475653975 0.0335377139370798 -0.134927581155554 -0.446687934425399
0.0939600994930575 0.0299746679929069 -0.171472573283328 -0.438855152988503
0.0802491062377353 0.0577665781197518 -0.137208923563569 -0.4329934058421
0.0394689941955753 0.131143416544052 0.00175313770537378 -0.393765508503986
-0.0635364825176836 0.123401670058411 0.144712128306213 -0.256871604278685
-0.153570048105133 -0.00138040078034348 0.0952206545069035 -0.0956701352583101
-0.0570074598400439 -0.166182739050679 0.0283390400308439 -0.254662228993937
0.134271854734227 -0.106866927014211 0.299714224852455 -0.413990951712372
0.135941517411187 0.00788567265793343 0.764922907914375 -0.361379680624303
0.269010327465765 -0.0899487987496507 0.242786603600505 -0.392713392767646
0.165905960345573 -0.209906866697023 0.0472514245330859 -0.177810527434157
-0.0687155475646191 -0.239758551571283 0.0501000882375819 -0.0459220853167881
-0.222630211256363 -0.0212101343467785 0.1262412720031 -0.0300050577096114
-0.156062560967068 0.190746214940056 0.163905565656124 -0.180751482830542
-0.011011240314313 0.246332166298524 0.0342376517871321 -0.352855744876098
0.105373614005843 0.191534550744723 -0.0886954856058779 -0.401009636100841
0.156414089967104 0.188013989337141 -0.122780637594518 -0.385635644957519
0.130743749623422 0.228520090223299 -0.0890428183176057 -0.363702989718138
0.022829583422126 0.343169881246555 0.00924353679417275 -0.308396996972396
-0.212254430050934 0.292663739084637 0.087719234681705 -0.181926038320632
-0.387081706354505 0.008880389503847 0.0278102117959557 -0.0835574058152465
-0.224804468194307 -0.390936685307701 -0.0202694802876862 -0.290243106404969
0.203094412404124 -0.414654198214954 0.26136412873687 -0.42654087009332
0.385038610674501 -0.218338530724639 0.672422340342688 -0.344971679313175
0.421086038936004 -0.216963918511186 0.12207277848276 -0.314198926223932
0.211873073197423 -0.369964307833284 0.0588938467348799 -0.112086761491266
-0.121974806634724 -0.369570614636665 0.0732778176172308 -0.0402680917205567
-0.346850775955088 -0.0479848386042415 0.104615765097452 -0.0512011146333468
-0.265140746401084 0.27301632222593 0.121602042385404 -0.134360875216942
-0.0483081095067404 0.386256265048874 0.0511447654655651 -0.263872752126625
0.128788604828819 0.328724776509267 -0.0332031079597773 -0.297011561759756
0.195353215609857 0.316778764626529 -0.0556405210835254 -0.27468549469209
0.162822818650856 0.358017352782188 -0.0240908420969165 -0.238007654722908
0.0145235237503723 0.505540189926796 0.0258692512157008 -0.170261629401192
-0.312130664897908 0.437370864487087 0.02406490450497 -0.0651633601873127
-0.5630380546112 0.0471205736713435 -0.05412801441291 -0.0429485866277287
-0.390081113971123 -0.534272607314921 -0.0839840490591574 -0.281314788025811
0.205843640284346 -0.659644867066464 0.178101739634915 -0.38818302398313
0.554762781836982 -0.417808937821655 0.498384937435619 -0.262378141167217
0.534966904596286 -0.328270132498997 -0.0614332398461298 -0.191905896256697
0.236877690019026 -0.527654929231917 0.0348285551016058 0.00732004039023388
-0.195465703303271 -0.494258841040656 0.101886129380368 0.000996516796896105
-0.469143186198551 -0.0623581201664126 0.0835085435587386 -0.0678567383475078
-0.355143074666938 0.336662166181109 0.0548652527308639 -0.0733020831974775
-0.076877951434771 0.484415540210931 0.0518937649671106 -0.129222796776338
0.136814186530496 0.421523386233855 0.0236756774432405 -0.14700113448751
0.20357932550086 0.395454224343437 0.019266483781382 -0.123077074250512
0.167248034516717 0.428854155101938 0.0491847688793181 -0.0781973290138584
0.00889204268693864 0.585451528427148 0.0509111359336682 -0.00515439472539897
-0.352002177238902 0.516072266539307 -0.0309027435903173 0.0769581105121359
-0.636158937364233 0.0913295438099827 -0.132125450455186 0.0192558900898962
-0.487734516968247 -0.56541136378709 -0.140477608043536 -0.227476789255251
0.160983222763733 -0.779550903712307 0.0840318374956747 -0.290169685995412
0.615212865880634 -0.539814511744964 0.282094010021028 -0.126576390298982
0.577686705539841 -0.394788206885174 -0.285811809997516 -0.0339989149296603
0.228013603842982 -0.633468084732151 -0.0252874084264316 0.173935402278399
-0.254525847941552 -0.562827018536008 0.115036870071441 0.0676499350152203
-0.537598840840011 -0.0643642132713835 0.0440581727543782 -0.0642988145862765
-0.396978614859482 0.357860677976624 -0.032337123394496 0.0138189921213204
-0.092190038768572 0.513627899003075 0.0417971898178688 0.0394732567090592
0.127892422499965 0.45193153865913 0.0790839664871663 0.0316374785719293
0.179738588452375 0.414440344588466 0.0912526455395604 0.0465839611862493
0.143245725926107 0.432581605319121 0.116814162259523 0.0883596275894858
-0.00443632254887253 0.565406742668399 0.075858846278451 0.156318841335285
-0.331368035524126 0.495752326666335 -0.0713821589463635 0.20929029765946
-0.582298420909036 0.100777538965415 -0.190965770558505 0.0809216481219147
-0.466453055714349 -0.494366705088377 -0.166207529765326 -0.150633377274391
0.102698964817686 -0.7360872997276 0.00618818532762159 -0.16200830821352
0.568281460614544 -0.552675992586832 0.0699751176454066 0.0329551224388583
0.523560683341623 -0.397996181968468 -0.512287319399742 0.137261300755903
0.177799225035525 -0.618871224196735 -0.108158596235454 0.34620643201896
-0.26209832883882 -0.517637830295145 0.100882664607573 0.13929327287488
-0.494344276754863 -0.0547056351366051 -0.0139366445206131 -0.040383955362195
-0.360276193105152 0.308294701367812 -0.123684170642561 0.111828027869326
-0.0905503302526228 0.447577127085381 0.0248496780590752 0.213954862380727
0.0982186695011484 0.406605521099165 0.125693617177281 0.209578807414568
0.128061412101087 0.370186348490474 0.148753993789761 0.20943666145418
0.0928020366794226 0.373154267564462 0.162529963753096 0.236638205471397
-0.0259515410743028 0.455437482856016 0.0855233082561286 0.281759361462044
-0.269523315164906 0.378138274146022 -0.0991689523745925 0.293068206045879
-0.42732064957708 0.0637254902402052 -0.2205223114887 0.111818058906041
-0.33673307233619 -0.352415411228228 -0.155704547622847 -0.0819156416672875
0.0543160394053674 -0.560185690769344 -0.0409026718982949 -0.0456862328657211
0.439786497715511 -0.468576677575467 -0.101763435138375 0.179417077572525
0.368884875519645 -0.329577901588346 -0.694537941704385 0.285935512665801
0.0923705450187644 -0.469560239640017 -0.195948918622214 0.479915462317382
-0.201221540306773 -0.349528814648623 0.0643160297583543 0.197455571130113
-0.329792257457263 -0.0339629485374117 -0.0642796788570558 -0.00585562071708532
-0.246869223799103 0.193122399284727 -0.19242468801274 0.187865876909896
-0.0729075641273153 0.298478039374982 0.00511110351066879 0.353808282239144
0.0501862555031207 0.29293904222277 0.155071670719502 0.35661434953159
0.0564165023515964 0.273018945417284 0.184681762523855 0.339724501429869
0.0302702569522853 0.263188164894886 0.178232782788092 0.34709780850396
-0.048356147242061 0.284776618853042 0.0720507389609261 0.356844637658366
-0.183219595883404 0.209947307121902 -0.122201477199675 0.316565765536396
-0.231155512570338 0.013178527276817 -0.221153309359264 0.103204902267969
-0.169914756991656 -0.18424795542241 -0.121930034144076 -0.033638311113446
0.0100766193066866 -0.326252096178084 -0.0636300370470432 0.0355455556609797
0.259967477448255 -0.323486331221661 -0.214330898326446 0.282749462397367
0.141411666937874 -0.195922769324181 -0.791889254784415 0.387037615480906
-0.014447374726253 -0.22060232958654 -0.260707499787418 0.55620892061561
-0.0977883802935835 -0.105150230853743 0.0333072835929948 0.241084404749002
-0.100825949744887 -0.00966159000422203 -0.0782078968380191 0.0265417485551427
-0.0890273919086896 0.0419933230592211 -0.218650498397803 0.219124972386109
-0.0469222467268736 0.0975087194034226 -0.0133535214927153 0.427785816682057
-0.0106684593355449 0.131966152876997 0.164290172304969 0.443656552290207
-0.0221232796188897 0.134761802797655 0.193313177876013 0.417756622477048
-0.0283830496978191 0.119592777440815 0.163304710502573 0.410839254469256
-0.0534780743050947 0.091221457402811 0.0396827108832562 0.382433599845998
-0.0801764714577607 0.0460385197177306 -0.135006769461133 0.290272734369921
-0.0473522200902481 -0.0145475336195 -0.200423169827266 0.0724942519598995
-0.036583860981291 -0.0193989505158397 -0.0822651715665513 2.48687779328996E-05
-0.047907027426737 -0.102185330480002 -0.0740881019149746 0.0833002400034736
0.0610547119940893 -0.16099601874917 -0.267219685994576 0.338016608664305
0.0895821797733287 0.0534324041268189 0.319738084093844 -0.361910229300691
0.112889054087251 -0.0422832886473464 0.037972635903513 -0.185665572849291
-0.00996075618083111 -0.110874838345102 0.049624318982474 -0.0280311738844759
-0.0971739097877278 -0.00870136615498404 0.149071607861474 -0.0113407572744135
-0.0527987102675464 0.0869268690252579 0.187574943840666 -0.197002089050433
0.0111662053322373 0.0885161627014228 0.0347697038630762 -0.37323585969458
0.0570528206926187 0.0404118723520622 -0.0864769902127114 -0.437254144789665
0.0855347066972868 0.0377975311644605 -0.114935408228215 -0.439982305048065
0.0690497436695908 0.066744396876391 -0.0842323815650787 -0.433542374745718
0.0232413803792991 0.130535970586078 0.0448312787493867 -0.380370952252464
-0.076865908581209 0.111120467526668 0.171099573238517 -0.234009222570417
-0.149219608470261 -0.0175696045324307 0.105326001131046 -0.0816246354020623
-0.0392365645523498 -0.163440730581204 0.0539883624363017 -0.237234084717852
0.136445706786012 -0.0875306376154384 0.330191969210601 -0.365456392760365
0.124222451715641 0.0231223341624028 0.774884985522692 -0.265738784984315
0.260657539090025 -0.0491363592489729 0.275031420580733 -0.327683061100163
0.181844637885692 -0.173882318635792 0.0753907989172493 -0.161727385451681
-0.0328941929210915 -0.231343522771565 0.0630591133514213 -0.0493712689128507
-0.20459777857076 -0.0493960817494596 0.119083851448543 -0.0252683475535247
-0.170755425628596 0.158564175562427 0.164021300663605 -0.160478503840106
-0.0381839441534806 0.234077259660402 0.054224034244353 -0.32564904809332
0.07690420415453 0.194513255926486 -0.0476634216952539 -0.390132273531829
0.126886748125881 0.19721323462085 -0.0734661780789226 -0.384078536061737
0.0968542067520542 0.234841755339007 -0.0440864403131645 -0.365225206635534
-0.0162675381090905 0.33086446104348 0.0484668152022184 -0.304110319107692
-0.237088480261766 0.256119388491589 0.117216404039217 -0.17042249118614
-0.374108590700034 -0.0346614885589428 0.0450155474338158 -0.0781922017447862
-0.176310378631265 -0.398086711876632 0.0126036756598587 -0.269333601225225
0.238146545121623 -0.375159410788409 0.289529106103932 -0.37020088029726
0.388199931228943 -0.169116386175177 0.679590642413793 -0.24471709251821
0.415288993525841 -0.148795419122444 0.16672742871878 -0.261907036930232
0.243987704467715 -0.314599435611239 0.0872347719469239 -0.102604701868585
-0.0663012833691984 -0.359070007153366 0.0913074915579952 -0.0469020394108794
-0.316530295227869 -0.0915511684617396 0.10281468409968 -0.0520342811753105
-0.285739873888374 0.219758653875855 0.118128851538696 -0.12746958075102
-0.0891452782206501 0.359301878931658 0.0557483040127913 -0.24128152059629
0.084578440693681 0.326810889224659 -0.0076444137090304 -0.288045841253389
0.15016964358595 0.325530941186219 -0.0201892877738773 -0.271083334230267
0.113765509102394 0.362349925590415 0.00588066665242978 -0.239974326967214
-0.042143402858005 0.484323319727539 0.0532942713916154 -0.175082004629691
-0.349738666941795 0.382060655396462 0.0504884042883173 -0.0680029962632766
-0.545425518930473 -0.0178552868949564 -0.0328236571154017 -0.0484478616290445
-0.317537204478275 -0.550122934618634 -0.0475594521083937 -0.263256652799966
0.267942554990972 -0.608161626221214 0.20662148370016 -0.329532774579688
0.572539887511935 -0.343634284854492 0.49919811179524 -0.17253257720173
0.532909731260456 -0.237161409528491 -0.00520419322769685 -0.163689493806114
0.284892610855402 -0.457389040013036 0.0604601153569991 0.00401955448465819
-0.11779819973538 -0.48442200331182 0.120334233004842 -0.0122042493460428
-0.429220744391626 -0.12181596094206 0.0872264911825009 -0.0739052680452659
-0.378472522861192 0.267345991303481 0.0480766559423598 -0.0817967763487799
-0.12955958354482 0.446770391350631 0.0396249295391422 -0.1162362055804
0.0826058041913287 0.41669389429113 0.0309548783432584 -0.141516971807687
0.149058924034361 0.403642506077508 0.0353303476834952 -0.117466454634271
0.109870832776318 0.430807815287558 0.0593663118698951 -0.0796882868040866
-0.0547131108704512 0.558368857099592 0.0608051099833568 -0.0159531459566862
-0.394319062868917 0.452594781272983 -0.0143268576870176 0.0608790758340947
-0.61871196997818 0.0147165505033634 -0.113300138611216 0.00217207031552194
-0.406351609765167 -0.591994830860095 -0.106434657728215 -0.215555644087003
0.236913989853142 -0.72606081380246 0.103509793345223 -0.238619590626675
0.645168481171766 -0.453839205537329 0.273474348144311 -0.0590503738640254
0.582383702230716 -0.293751733922945 -0.223397891522354 -0.0394808044881903
0.288095766112639 -0.556338181651619 -0.00795596594686326 0.150143929667507
-0.166857740513984 -0.558537295886479 0.129556815659085 0.0484146722121055
-0.493399635835069 -0.133894492790493 0.0508572382512921 -0.0772474525849078
-0.42152152431568 0.281823139864912 -0.041887390887723 -0.0120219713291585
-0.145873727705005 0.46786328921151 0.0123884018561204 0.0399550182089784
0.0714994501891451 0.443326794097365 0.0651517596094494 0.033169937629084
0.124403288555915 0.420926998567615 0.0858581267766201 0.0534800177026105
0.0860920722765637 0.430111675231922 0.105847546675105 0.0884320457567548
-0.0664491633130718 0.537254399035173 0.0674356332465921 0.141269682202141
-0.371452777065853 0.435401464024024 -0.0675066707347465 0.184224655344327
-0.56700293482449 0.0282117169713335 -0.178319749647257 0.0557909826931095
-0.394585715236541 -0.521377253949432 -0.140395469602689 -0.146764162891269
0.177615119654762 -0.691008622556908 0.0154022054519651 -0.123637657319281
0.603692719263816 -0.474336302031435 0.0515137582242558 0.0728602424150525
0.531143574447868 -0.305070698798019 -0.452322300092343 0.0933680757606255
0.240249681609943 -0.54918988427311 -0.104669536154798 0.302108524318767
-0.179063311420752 -0.516899680218054 0.106586263925287 0.114882508520098
-0.454353636468843 -0.11784043018659 -0.00547590726985753 -0.059567697121164
-0.381556910272503 0.240220792250053 -0.135449886797391 0.0719432855694562
-0.14000119314001 0.406410356897288 -0.0172944112581483 0.201546400290444
0.04948226925299 0.396504950898845 0.0921035408786955 0.20703719958362
0.0805514949707655 0.373154561680097 0.123287225044385 0.216155143625229
0.0447278743297141 0.366911803985835 0.13362851751477 0.237163883546105
-0.0748869267029132 0.428300553047858 0.0622864478065771 0.266064287564513
-0.298778768060667 0.328885565313888 -0.107778454852076 0.26411568703466
-0.413985713676834 0.0118694264032816 -0.214116894114932 0.0842152468089296
-0.285021165948524 -0.371340852462026 -0.1407212191604 -0.0839906836250339
0.113442381710396 -0.529283429332302 -0.0413277654465944 -0.0232032977433691
0.471787279599518 -0.405229629581348 -0.127033389292259 0.189973876457737
0.381766521174401 -0.260891337840425 -0.645022813573851 0.206965478860394
0.141207379234309 -0.422557301654905 -0.209094156281388 0.421057805986749
-0.144479150569928 -0.352637963438406 0.0587766321135133 0.173560725733141
-0.302915865782885 -0.0765660323483092 -0.0565444599989676 -0.0259460068144793
-0.259265765436264 0.146653914520936 -0.20416832675615 0.142504713798749
-0.105847663826189 0.266279139478248 -0.0432134294854841 0.329703366490718
0.0165119710728008 0.283170294255371 0.108025717264175 0.349374441083639
0.0234106852339183 0.271622210372047 0.14233640902355 0.345688619275844
-0.00149565552268118 0.253873817649289 0.135873813093356 0.349271771806888
-0.0768429152190483 0.264027773134161 0.0382453784820984 0.341657479402269
-0.194913507146762 0.178375695116123 -0.137660620439626 0.28665467080973
-0.218870930956911 -0.0137253058441251 -0.21874779410829 0.0777734963329804
-0.142908095227373 -0.192440848981442 -0.114365714489606 -0.0406644360030093
0.0452665650651033 -0.308978086472832 -0.0700420698668831 0.0437669472051314
0.285225931332847 -0.28470376748516 -0.242399465870484 0.269894421140176
0.15535101132023 -0.165044557146518 -0.759334604263573 0.282578731974874
0.0120056686617905 -0.205870852946734 -0.290577909731829 0.490217791875029
-0.0794369551869738 -0.111520924380487 0.013613596033336 0.222721596242121
-0.0933868306975819 -0.0228331866335751 -0.0732833588940057 0.0119300504649831
-0.0905839262559945 0.0265455487471997 -0.228171580658169 0.177507293011432
-0.0572498111169966 0.0803911140115242 -0.0601011087480131 0.397066421062865
-0.0223138495623713 0.123273132056676 0.108367717562311 0.434676420267035
-0.035431972714806 0.129291864994042 0.141925292383802 0.423224697689438
-0.0405265654995793 0.10958769020519 0.115210396363229 0.411870971691176
-0.0608932747031461 0.0785976383806927 0.00234655276726549 0.36867923282348
-0.0782664737240995 0.0331801224251246 -0.154713947114057 0.264781488427695
-0.0403150584073876 -0.0185142461511057 -0.198958487078911 0.0511233036320562
-0.0328305800804133 -0.0207650469022957 -0.0811194900947272 -0.00898749000578331
-0.0343595342654062 -0.10123870244912 -0.0813645227455707 0.0793117471144904
0.0788179547929328 -0.150639699839971 -0.293458262684225 0.306137467630986
0.0877683093741767 0.0543881850116526 0.314015974844043 -0.347532913486128
0.112772805088182 -0.0416567852452122 0.0396781926832409 -0.179539171947502
-0.00749516846752851 -0.108482976701214 0.0476502003643833 -0.0288397057848421
-0.0950245236253864 -0.00922662422563959 0.144114584420627 -0.0120296307913745
-0.0519140338208469 0.0849291102874015 0.182060337421549 -0.190712177754083
0.010870760414564 0.0873664153508157 0.033633742659313 -0.360301782304614
0.0541756543828787 0.0399614930128934 -0.0826091201067015 -0.427359814523926
0.0830131499386094 0.0367005762685335 -0.112105264890332 -0.433491293458837
0.0681544460204434 0.064749076924867 -0.0775963608226307 -0.424736763152407
0.0226573376861712 0.127964601624505 0.0473129712570936 -0.370277859127003
-0.0749789777617359 0.108856558403091 0.168249907223588 -0.225758924943431
-0.145318521377293 -0.0185953766911787 0.101335795023081 -0.0781969127570417
-0.034992802033351 -0.160264909978492 0.0545125205982252 -0.230910700901922
0.134710640781658 -0.0837472687305792 0.328198592817412 -0.355766441605949
0.12003598487314 0.0252416566151685 0.755319859334622 -0.247797613440394
0.254722142674706 -0.0425891264377308 0.267800969744181 -0.315052289643129
0.180378317820546 -0.167091414760486 0.0752426454229068 -0.156876472607681
-0.0275311978178125 -0.226133968083469 0.0621012741459745 -0.050054105489835
-0.198669189465329 -0.0504469611230931 0.114673404017299 -0.0248510171325807
-0.166374578919998 0.15304943236154 0.159134516198579 -0.154460487314513
-0.0372999932040556 0.228331353098474 0.0520061622679976 -0.315028390515661
0.0719900671068625 0.190755928391196 -0.0452366480382397 -0.381094181845765
0.121479782632636 0.193201008709511 -0.0705619385569959 -0.380199532038326
0.0940980998992662 0.230136134527131 -0.0399344467469965 -0.358976123344963
-0.016367512582098 0.323279134473979 0.0508887177995949 -0.296115782937869
-0.232816472001397 0.24940752464514 0.116898585582934 -0.163538679657355
-0.363930274104778 -0.0381032200073151 0.0423644420131896 -0.0745114339467344
-0.166357851503034 -0.391687332654217 0.0112163227566829 -0.263253514870589
0.237133891046438 -0.364563586925332 0.287563961750987 -0.358494204652793
0.378938169539325 -0.157990321610098 0.659385632176529 -0.228137729518431
0.40585762017474 -0.135324066910701 0.163091271740077 -0.25422910659024
0.241949937531541 -0.301688593161374 0.0865328336249527 -0.0995665782872287
-0.0590043784442871 -0.350802693297744 0.0916356826180817 -0.0473579999047553
-0.306434371870704 -0.0930443399628006 0.098997226870167 -0.0506983557092764
-0.276949750319578 0.211025559835728 0.113136299646797 -0.12129860036561
-0.0881278568005916 0.34854437756995 0.0524230154594854 -0.233670651309706
0.0777325723579157 0.319499209918185 -0.00675837909554245 -0.280775163980397
0.141677413153047 0.31965543090325 -0.0198392960276707 -0.268780713796923
0.107134655569109 0.355539534817008 0.00871737033040908 -0.237046371012809
-0.0413521035381001 0.471715113779822 0.0544078641471232 -0.171251794695004
-0.343386987461516 0.371758006569898 0.0533414988228892 -0.0633236613442176
-0.531426294656107 -0.0226797469037622 -0.033963136105888 -0.0465789710736801
-0.301727007796847 -0.545125906745023 -0.0508273601141447 -0.259013988354378
0.269590983591688 -0.591000702738586 0.201196277711929 -0.31825849574536
0.560573878026072 -0.325717168868565 0.481563365544495 -0.160114982511012
0.522979894126851 -0.21891572473324 -0.00471613957955503 -0.162823029111326
0.283074655107468 -0.439917576655122 0.0595625726497182 0.00272440885601746
-0.108291918023208 -0.475650022254657 0.120869281250158 -0.0131545030618282
-0.415495642052324 -0.123843365142868 0.0837348798418386 -0.0720467376292533
-0.370345995903941 0.257404612672911 0.0446074718938487 -0.0777450619177578
-0.128266458780115 0.432805964879222 0.036529529845548 -0.113830947334815
0.0749787035217336 0.406492501117142 0.0298988093187095 -0.137562109060598
0.141423622416024 0.398434098626171 0.0345866001382702 -0.117275810608562
0.102808011511056 0.422622367416196 0.0598375713598283 -0.0800743027796985
-0.0552096925153833 0.545241163040395 0.0615548824199242 -0.0169563788673273
-0.386775582761795 0.440434552384894 -0.00962360473682319 0.0612946379699863
-0.60277254182642 0.00783702603437057 -0.112466425851554 0.00302602098731129
-0.389840770676127 -0.586605911955673 -0.110542719768209 -0.213055824465127
0.242586981039799 -0.705433207062268 0.0991374192755946 -0.230825330242808
0.632464625017756 -0.4313811989039 0.26100375980694 -0.0526122993763147
0.570852769370733 -0.27428820872675 -0.218276872248733 -0.0453135342568567
0.288600477226991 -0.535756548915839 -0.0089975852873419 0.144179782354743
-0.155316455591403 -0.546891164900102 0.130579729122958 0.0462347368025073
-0.478899397115469 -0.134144183624458 0.0497777859380908 -0.0763873719754898
-0.410962506200602 0.269625037817252 -0.0439017811703372 -0.0100056114139344
-0.146441900456485 0.454283737596758 0.00949095170932865 0.0373616108126991
0.065292190653333 0.432883352837717 0.062316417695142 0.0327862366161342
0.11614688789026 0.413628627328997 0.0830565667791362 0.0515637253562686
0.0784927461115952 0.421138378346022 0.103813466623681 0.0846104988302997
-0.0649653920077354 0.523488208692182 0.0666888352105914 0.13700868892565
-0.364270808206584 0.422338828341981 -0.0615003827425046 0.180460875858926
-0.552797783254392 0.0230156924414816 -0.175402153411764 0.0552373901261313
-0.379719819749691 -0.514568655314645 -0.143706597432786 -0.145531783108872
0.183281743094185 -0.670779412446711 0.0113200288983968 -0.118823458668463
0.592495498580259 -0.452735880151489 0.0442287550237205 0.0729511552782508
0.523382845653538 -0.286946191729642 -0.442138595204345 0.0806786161498031
0.240617770741011 -0.529686917887733 -0.104985017522813 0.291919325550387
-0.168599792707118 -0.508341601743069 0.108434095811461 0.110904655783208
-0.44121013987988 -0.119771007591406 -0.00482562322242705 -0.0588296475646729
-0.373407712648639 0.231097361169309 -0.135238561405177 0.0704980604421213
-0.140130615804712 0.393309629154886 -0.020060387197777 0.192965315685499
0.0442935158134421 0.386886285992148 0.0870984728195867 0.203021966711294
0.0740811854631661 0.367753590471559 0.119118161723927 0.212168900217267
0.0389677404184855 0.360505249513974 0.129549894249547 0.231502182008712
-0.0746394628483594 0.418564070580071 0.0606802909399575 0.258098458208177
-0.291579273476892 0.319770865449345 -0.102082445223863 0.258041230251407
-0.40232477044162 0.00859062323214161 -0.209628756050132 0.0836198845474132
-0.274733200195206 -0.366343482256786 -0.143040336785855 -0.084752996396232
0.117482606816709 -0.512490071129334 -0.0453356370563151 -0.020274577275335
0.462043347487707 -0.387341245895867 -0.128085986083907 0.184058421420101
0.377037987539978 -0.24679788046982 -0.630834766743477 0.188489336756082
0.140897472265931 -0.406531895845568 -0.207244820982376 0.407293078756751
-0.138248105109581 -0.345372516794988 0.0610562497248365 0.168816800333442
-0.295263836845587 -0.0766433266431752 -0.0544784797481824 -0.0267079897381997
-0.253473457123624 0.140965788000661 -0.202636265168778 0.138332177227108
-0.106239115052513 0.257180130804566 -0.0458530985675211 0.317894452747268
0.0133578483342753 0.276302146623226 0.10124995878366 0.341502317206789
0.0206661646877363 0.268047391160738 0.137515822082993 0.339759003704987
-0.00461868256975999 0.2499582550568 0.13148765311384 0.341409721841602
-0.0757830648536439 0.257033005071675 0.0363695157189705 0.332314816209123
-0.189095673639162 0.172998690063864 -0.132143802391279 0.279395877682552
-0.212449645173915 -0.0146748817437522 -0.21376831303473 0.0756966975536859
-0.137605146364388 -0.189025636918833 -0.116574318617348 -0.0415649226094254
0.0474323946948313 -0.299774287674168 -0.0724445042753662 0.0449993341247089
0.278737498545169 -0.273232205303177 -0.238643461496522 0.259164211051859
0.154142748030364 -0.15815581710462 -0.742796681015878 0.262853333044214
0.0132325495874061 -0.199342490929963 -0.287483369023415 0.475344313256295
-0.0771483327725619 -0.110266306419558 0.014606313971107 0.217544158453846
-0.0902689934939566 -0.0223582469557523 -0.0709844508872772 0.0101821970024866
-0.0884753404521174 0.0250178711021208 -0.226536949156635 0.171719421316335
-0.0578108136318653 0.0767782030166711 -0.0616113712281501 0.383302191590827
-0.0222294690829582 0.119557148164769 0.101072999951827 0.424321814450893
-0.0355274689944917 0.128294505618241 0.135963405094548 0.417123301082513
-0.0415569360526606 0.10800368042673 0.108596509456536 0.403732623538732
-0.0605113256633257 0.0754714151629623 0.00127953649947352 0.358281490038584
-0.0748799032773936 0.0311457463167104 -0.149018821423579 0.256439750248448
-0.0380042307669068 -0.0181922801655455 -0.19359054042618 0.0509382467353934
-0.0328452240486466 -0.0195636661126732 -0.081315155009136 -0.00962118627072141
-0.0326482332202236 -0.0983529503967686 -0.0830538714683985 0.0792420823448086
0.0779403191296925 -0.146076715901568 -0.286294265539192 0.293477521035563
0.0878359484508452 0.057599421046626 0.322544568752216 -0.34147439575158
0.116672706420133 -0.0410644433309618 0.0442486795264717 -0.179940697297726
-0.00493233650591407 -0.110427473209016 0.0489448968033117 -0.0301265292210466
-0.096484671719866 -0.0112232603300665 0.14473650533016 -0.011239653563536
-0.053329335752435 0.084738527977226 0.185764823136466 -0.189270604393448
0.0101984047934772 0.0896255167182717 0.0379549536324377 -0.361521506799878
0.0527406192083544 0.0415995849760726 -0.0786200030080678 -0.433239002137883
0.0826762416284755 0.037288742149244 -0.107059954906208 -0.444803294811613
0.0693065814229901 0.0663103372236392 -0.0698589646052131 -0.433105125412942
0.022316197929713 0.129691371492193 0.0552148345591427 -0.372593229678951
-0.0776726000143432 0.109294575855384 0.174865060553998 -0.224246466661133
-0.147430710810792 -0.0217618615793299 0.102377091909139 -0.0765884003224092
-0.030661801643104 -0.164336831681699 0.0573223315077949 -0.232832660833191
0.138853485413056 -0.0816278603115744 0.341437254738341 -0.354250396813136
0.120295130141303 0.0301167027560634 0.765652196532373 -0.231569616798123
0.258950589161833 -0.0347741543161854 0.274898890132895 -0.310618642251646
0.187864136796357 -0.164957122447139 0.0792548383631614 -0.157474202734952
-0.0222574969326548 -0.22983955885001 0.0649378559617606 -0.0522345998303133
-0.199286900961717 -0.054755275689104 0.115901033737523 -0.0246434539928483
-0.170037753002396 0.15239274131921 0.161369115959042 -0.152298540291436
-0.0406159662974617 0.231122531749612 0.0557422122375825 -0.314966801635825
0.0672223718144616 0.194383331961396 -0.0401811833199279 -0.386598248517804
0.118208352301171 0.19767615799797 -0.0676736075568241 -0.390012930613926
0.0916265123495856 0.23500746540861 -0.0327683404114493 -0.365904621336558
-0.0202182745774084 0.327650232480378 0.0575484779842172 -0.298355692084867
-0.238750774062021 0.249234963595476 0.122246978471008 -0.161728224010184
-0.367901488053858 -0.0458205189417664 0.0419469937703192 -0.0734516117154847
-0.159192166234995 -0.402657373719625 0.0125530906578433 -0.267425283613612
0.249742264049932 -0.362823835644821 0.298640476695414 -0.356218047844665
0.384800731187562 -0.148129997958819 0.66554101118088 -0.212592345541614
0.413583641250831 -0.124698140135184 0.167877955675802 -0.253099918293416
0.252363895617626 -0.296865312928057 0.0912118955714874 -0.100123027109739
-0.0489611120948292 -0.356136592043448 0.0952922865776357 -0.0492452452794306
-0.306205124966906 -0.100254055092296 0.100559584836047 -0.0507775086153024
-0.283546007177783 0.209395367602369 0.11493283761269 -0.119454079023385
-0.0948614820179712 0.35202146433859 0.054821907396269 -0.233631649974173
0.071163035559825 0.325594280591449 -0.00281172707245178 -0.284524980055452
0.136971857042951 0.327854076155786 -0.0175347474169994 -0.275862590655621
0.102024770446839 0.362286836104491 0.014084526605404 -0.242464524988158
-0.047311638703206 0.476819623742397 0.0598227948857397 -0.172707126829672
-0.352364336206347 0.371677860709013 0.0577179868259878 -0.0621251276018504
-0.536636116812351 -0.0357943556766033 -0.0354246333979012 -0.0456637981741315
-0.29427098056904 -0.560689306062202 -0.0526496412512979 -0.263437647045476
0.288271244600372 -0.592401201717834 0.209000723413947 -0.316532522907744
0.570298254053861 -0.313634512825789 0.484429677378044 -0.148381463419455
0.533832670482092 -0.205919588815922 -0.0032582841283132 -0.16659550936572
0.297095855566127 -0.435572147110584 0.0621488572140902 0.00255134250988224
-0.0977358670373278 -0.483690242023768 0.126381951468354 -0.0137695153150694
-0.415463759801415 -0.133444566441322 0.0864602892435764 -0.0736260964701137
-0.379287619573032 0.25294959000286 0.0443188232659225 -0.0750004594574871
-0.13573088079119 0.435426749929835 0.0363074595995585 -0.114479552798652
0.0672669897523477 0.412992995966046 0.0316164100919215 -0.138751446398327
0.133687002150526 0.407301731949346 0.0354042254062248 -0.120340840513177
0.0956486719591358 0.430957562553812 0.0631216737333404 -0.0824864657323726
-0.0626424632219108 0.551998885186804 0.06439918728424 -0.0168628298554095
-0.398628325171688 0.440290633051335 -0.00689343657298061 0.0634851504095817
-0.610038076849452 -0.0054055322137013 -0.115247035536986 0.00372678111984788
-0.382719460425673 -0.604065323271513 -0.114579027200216 -0.218147098981797
0.262077041904792 -0.709016175501183 0.102782340106921 -0.22899898176689
0.646071797719541 -0.417679827581799 0.258918750772729 -0.0447492777105234
0.584180574944575 -0.259279854211987 -0.220801320514504 -0.0549007723757966
0.302949277425987 -0.530942646360458 -0.00998698750573602 0.144171491607425
-0.143754853034321 -0.557100316909362 0.136136302429175 0.0460525441312523
-0.481131412007707 -0.146437100688599 0.0528422139858654 -0.0776229904651449
-0.420493027422461 0.266068169382106 -0.0467036125049282 -0.00846664759089729
-0.155581319084563 0.456017796635607 0.00674521167485972 0.0365043324588136
0.0562501565919058 0.43930233702495 0.0608301167250633 0.0344946017780506
0.10793616812372 0.424717586917727 0.0823483265840434 0.053073613499973
0.0706693240361915 0.430133602415925 0.104552300039254 0.0860059762929175
-0.0730449592255531 0.529421383540113 0.0667131217310802 0.137992848393217
-0.37310091313745 0.421204990871337 -0.0613113345930789 0.182570315509724
-0.558845937865742 0.0118603384156438 -0.179741474292939 0.0552805974314576
-0.373936940483391 -0.53137838332315 -0.150426746359133 -0.150134186329992
0.202045862347564 -0.676204326114373 0.00954253376761489 -0.1159962742422
0.603885534167941 -0.441160462439066 0.039958271124144 0.0764107917358303
0.536663190973162 -0.274855109531645 -0.450123185519789 0.0667338015278978
0.255680171991636 -0.527474541210147 -0.111015954101101 0.292195619698905
-0.159744404993947 -0.520172608555282 0.113087562588001 0.112664224650644
-0.442953619669176 -0.129466238911249 -0.00281404373151633 -0.0609866316837841
-0.381690828997973 0.227075009623516 -0.14064742938894 0.070894621307957
-0.148083614635777 0.394059707857023 -0.025935582920772 0.192586934440497
0.0357499952257957 0.392761826482171 0.0830772495198704 0.206019577667025
0.0673123633017367 0.377602290942084 0.11688296837675 0.217461454015282
0.0313335465404305 0.366971892005532 0.12767490436112 0.235731076389245
-0.07995957705334 0.422479818517313 0.0581507316114077 0.261122208971246
-0.298278981341812 0.31862229921393 -0.103794532319723 0.259667726272741
-0.404785513309605 -0.00026903449830789 -0.213995442168275 0.0821421156934905
-0.270515258891644 -0.378690006784539 -0.150609724216947 -0.088163466868035
0.12965983093056 -0.516504952918482 -0.0499899546572531 -0.0176051224822898
0.471600135402892 -0.378450234510391 -0.134799741794601 0.183681085932449
0.388292024579559 -0.238603705643039 -0.643411603159859 0.171758367501917
0.151695726384706 -0.406107737021917 -0.216628795478779 0.406089107346205
-0.132534239432764 -0.353174047656176 0.0628321937514933 0.171521065596722
-0.295883071579714 -0.0835770013024132 -0.0536975233508712 -0.0286231934374334
-0.259127631057918 0.137901451247242 -0.20975940645951 0.138137301946661
-0.112736767622937 0.256696548240653 -0.054166159125626 0.317347124762619
0.00883746270245483 0.279953229786017 0.095213713486711 0.346842457685891
0.0152963439255892 0.275371907002296 0.134254817210635 0.348751459658727
-0.011456742779881 0.254332970025267 0.126745553517328 0.348062169614317
-0.0799106920790674 0.257923346806095 0.0327297866405629 0.334480936706462
-0.192069265942994 0.171503034095262 -0.134667495130524 0.28032135445133
-0.213281260449436 -0.0187752232350525 -0.216748332294092 0.0754678242679441
-0.135903361861683 -0.193152944339548 -0.122073040242131 -0.0437465791469221
0.0542630925192594 -0.301601281906604 -0.0778968596217476 0.0471519045906158
0.286500699386277 -0.269665414439829 -0.244498063784636 0.255966656848297
0.161500639595658 -0.155628041206856 -0.755739739319424 0.242081996522537
0.0165662021863361 -0.200250118984643 -0.298284620829752 0.474453713733816
-0.0765598653368035 -0.113555319213347 0.0138604329188415 0.221256206762935
-0.0906829586065273 -0.0244779407386516 -0.0709040495753941 0.00888949467107297
-0.0903140106628587 0.0234844297001823 -0.233425373224397 0.169396783156904
-0.0610778928889565 0.075351913022801 -0.0708760080839967 0.38468469312881
-0.0239364808756972 0.120425408182855 0.093860502186723 0.429722619327451
-0.0373150245912089 0.131695193679946 0.13255643054892 0.427889662644195
-0.0454875991701333 0.10986673120072 0.103779009905629 0.411299614944544
-0.0625415453714742 0.0749262833492211 -0.00292869284828104 0.360743463285247
-0.0747552571114579 0.0300597905128118 -0.152213114046078 0.256688173603042
-0.0366776198073298 -0.0186196948786913 -0.195542897379968 0.0500467313732262
-0.0337471560698299 -0.0186218195369782 -0.0850137305304445 -0.0108639210112566
-0.0311255971502716 -0.0993062357563869 -0.0881404413522039 0.0811430415440599
0.0812025256451103 -0.146448815431807 -0.291283719191243 0.287655813443706
